<?xml version="1.0" encoding="UTF-8" ?>
<testsuite errors="0" failures="1" hostname="travis-job-109db154-0320-4867-8d94-e7406366f557" name="ptolemy.configs.test.junit.JUnitTclTest" skipped="0" tests="9" time="1236.824" timestamp="2020-01-18T18:49:52">
  <properties>
    <property name="npm.executable" value="npm" />
    <property name="env.TRAVIS_ROOT" value="/" />
    <property name="ptII.mk.exists" value="true" />
    <property name="env.TRAVIS_APP_HOST" value="build.travis-ci.org" />
    <property name="env.rvm_bin_path" value="/home/travis/.rvm/bin" />
    <property name="java.home" value="/usr/local/lib/jvm/openjdk11" />
    <property name="env.TRAVIS_JOB_NUMBER" value="1472.12" />
    <property name="env.TRAVIS_HOME" value="/home/travis" />
    <property name="env.DISPLAY" value=":99.0" />
    <property name="env.TRAVIS_INIT" value="systemd" />
    <property name="env.SSH_TTY" value="/dev/pts/0" />
    <property name="java.net.preferIPv4Stack" value="true" />
    <property name="env.RUN_TESTS" value="true" />
    <property name="timeout.short" value="1000000" />
    <property name="junit.formatter" value="xml" />
    <property name="env.TRAVIS_SUDO" value="true" />
    <property name="env.TRAVIS_JOB_NAME" value="" />
    <property name="env.TRAVIS_STACK_NODE_ATTRIBUTES" value="/.node-attributes.yml" />
    <property name="env.LOGNAME" value="travis" />
    <property name="jsdoc.home" value="node_modules/@terraswarm/jsdoc" />
    <property name="debuglevel" value="source,lines,vars" />
    <property name="checkstyle.formatter" value="xml" />
    <property name="env._system_version" value="16.04" />
    <property name="bin.vergil.makeable" value="true" />
    <property name="sun.os.patch.level" value="unknown" />
    <property name="java.vendor.url" value="http://java.oracle.com/" />
    <property name="env.TRAVIS_BUILD_WEB_URL" value="https://travis-ci.org/icyphy/ptII/builds/638888340" />
    <property name="java.version" value="11.0.2" />
    <property name="env.TZ" value="UTC" />
    <property name="env.TRAVIS_PULL_REQUEST_SHA" value="" />
    <property name="env.PT_NO_NET" value="true" />
    <property name="env.TRAVIS_SECURE_ENV_VARS" value="true" />
    <property name="env._system_type" value="Linux" />
    <property name="java.vendor.url.bug" value="http://bugreport.java.com/bugreport/" />
    <property name="npmjs-org-is-up" value="true" />
    <property name="env.LANGUAGE" value="en_US.UTF-8" />
    <property name="env.SSH_CLIENT" value="10.16.0.58 54638 22" />
    <property name="env.GEM_HOME" value="/home/travis/.rvm/gems/ruby-2.5.3" />
    <property name="env.HAS_ANTARES_THREE_LITTLE_FRONZIES_BADGE" value="true" />
    <property name="java.version.date" value="2019-01-15" />
    <property name="env.PS4" value="+" />
    <property name="ant.project.invoked-targets" value="build,test.core5.xml" />
    <property name="env.TRAVIS_PULL_REQUEST_BRANCH" value="" />
    <property name="env.TRAVIS_REPO_SLUG" value="icyphy/ptII" />
    <property name="env.XDG_DATA_DIRS" value="/usr/local/share:/usr/share:/var/lib/snapd/desktop" />
    <property name="jdk.debug" value="release" />
    <property name="env.TRAVIS_APT_PROXY" value="http://build-cache.travisci.net" />
    <property name="env.TRAVIS_CPU_ARCH" value="amd64" />
    <property name="node.in.path" value="true" />
    <property name="user.name" value="travis" />
    <property name="java.maxmemory" value="1400m" />
    <property name="env.RUBY_VERSION" value="ruby-2.5.3" />
    <property name="env.LANG" value="en_US.UTF-8" />
    <property name="sun.io.unicode.encoding" value="UnicodeLittle" />
    <property name="sun.jnu.encoding" value="UTF-8" />
    <property name="java.runtime.name" value="OpenJDK Runtime Environment" />
    <property name="usefile" value="false" />
    <property name="return.code" value="0" />
    <property name="junit.single.formatter" value="plain" />
    <property name="env.DYLD_LIBRARY_PATH" value="/home/travis/pthla/certi-tools/lib:" />
    <property name="env.DEBIAN_FRONTEND" value="noninteractive" />
    <property name="env.SSH_CONNECTION" value="10.16.0.58 54638 10.20.0.201 22" />
    <property name="env.MYSQL_UNIX_PORT" value="/var/run/mysqld/mysqld.sock" />
    <property name="env.LC_ALL" value="en_US.UTF-8" />
    <property name="env.TRAVIS_ALLOW_FAILURE" value="false" />
    <property name="env.TRAVIS_JOB_WEB_URL" value="https://travis-ci.org/icyphy/ptII/jobs/638888352" />
    <property name="java.specification.name" value="Java Platform API Specification" />
    <property name="node.works" value="true" />
    <property name="user.timezone" value="" />
    <property name="path.separator" value=":" />
    <property name="env.TRAVIS_ENABLE_INFRA_DETECTION" value="true" />
    <property name="env.PYTHON_CFLAGS" value="-g -fstack-protector --param=ssp-buffer-size=4 -Wformat -Werror=format-security" />
    <property name="timeout.long" value="4000000" />
    <property name="env.CERTI_HOME" value="/home/travis/pthla/certi-tools" />
    <property name="ant.file.ptII" value="/home/travis/build/icyphy/ptII/build.xml" />
    <property name="javadoc.packagenames" value="com.*,diva.*,lbnl.*,org.hlacerti.*,org.json.*,org.ptolemy.*,org.terraswarm.*,ptolemy.*,ptserver.*" />
    <property name="file.encoding" value="UTF-8" />
    <property name="env.TRAVIS_PULL_REQUEST_SLUG" value="" />
    <property name="ant.project.default-target" value="build" />
    <property name="env.GIT_ASKPASS" value="echo" />
    <property name="env.HOME" value="/home/travis" />
    <property name="sun.java.command" value="org.apache.tools.ant.taskdefs.optional.junit.JUnitTestRunner ptolemy.configs.test.junit.JUnitTclTest skipNonTests=false filtertrace=true haltOnError=false haltOnFailure=false formatter=org.apache.tools.ant.taskdefs.optional.junit.OutErrSummaryJUnitResultFormatter showoutput=true outputtoformatters=true logfailedtests=true threadid=0 logtestlistenerevents=false formatter=org.apache.tools.ant.taskdefs.optional.junit.XMLJUnitResultFormatter,/home/travis/build/icyphy/ptII/reports/junit/TEST-ptolemy.configs.test.junit.JUnitTclTest.xml crashfile=/home/travis/build/icyphy/ptII/junitvmwatcher4265878698389021138.properties propsfile=/home/travis/build/icyphy/ptII/junit13086864512695306238.properties" />
    <property name="env.COMPOSER_NO_INTERACTION" value="1" />
    <property name="env.MANPATH" value="/home/travis/.nvm/versions/node/v7.10.1/share/man:/home/travis/.rvm/rubies/ruby-2.5.3/share/man:/usr/local/cmake-3.12.4/man:/usr/local/clang-7.0.0/share/man:/usr/local/man:/usr/local/share/man:/usr/share/man:/home/travis/.rvm/man" />
    <property name="env.TRAVIS_TIMER_ID" value="1a742d57" />
    <property name="ant.file" value="/home/travis/build/icyphy/ptII/build.xml" />
    <property name="env.TRAVIS_COMMIT_RANGE" value="fbd7ecc9139d...77d077f486ab" />
    <property name="env._system_name" value="Ubuntu" />
    <property name="ptII.classpath.optional.property" value="/home/travis/build/icyphy/ptII/lib/bsh-2.0b4.jar:/home/travis/build/icyphy/ptII/lib/ptCal.jar:/home/travis/build/icyphy/ptII/lib/java_cup.jar:/home/travis/build/icyphy/ptII/lib/saxon8.jar:/home/travis/build/icyphy/ptII/lib/saxon8-dom.jar:/home/travis/build/icyphy/ptII/lib/chic.jar:/home/travis/build/icyphy/ptII/lib/ptcolt.jar:/home/travis/build/icyphy/ptII/vendors/misc/itext/iText.jar:/home/travis/build/icyphy/ptII/lib/g4ltl.jar:/home/travis/build/icyphy/ptII/lib/StructuralCoder.jar:/home/travis/build/icyphy/ptII/lib/jcerti.jar:/home/travis/build/icyphy/ptII/lib/javax.mail.jar:/home/travis/build/icyphy/ptII/vendors/JMF-2.1.1e/lib/jmf.jar:/home/travis/build/icyphy/ptII/lib/jna-4.0.0-variadic.jar:/home/travis/build/icyphy/ptII/vendors/misc/joystick/Joystick.jar:/home/travis/build/icyphy/ptII/lib/ptjacl.jar:/home/travis/build/icyphy/ptII/lib/jsoup-1.8.2.jar:/home/travis/build/icyphy/ptII/lib/junit-4.8.2.jar:/home/travis/build/icyphy/ptII/lib/JUnitParams-0.4.0.jar:/home/travis/build/icyphy/ptII/ptolemy/actor/lib/excel/jxl.jar:/home/travis/build/icyphy/ptII/lib/jython.jar:/home/travis/build/icyphy/ptII/lib/kieler.jar:/home/travis/build/icyphy/ptII/vendors/opencv/share/OpenCV/java/opencv-341.jar:/home/travis/build/icyphy/ptII/lib/oscP5.jar:/home/travis/build/icyphy/ptII/lib/nrjavaserial-3.11.0.devel.jar:/home/travis/build/icyphy/ptII/vendors/j3d/lib/Linux/j3dcore.jar:/home/travis/build/icyphy/ptII/vendors/j3d/lib/Linux/j3dutils.jar:/home/travis/build/icyphy/ptII/vendors/j3d/lib/Linux/vecmath.jar:/home/travis/build/icyphy/ptII/vendors/jogl/lib/Linux/gluegen-rt-natives-linux-amd64.jar:/home/travis/build/icyphy/ptII/vendors/jogl/lib/Linux/gluegen-rt.jar:/home/travis/build/icyphy/ptII/vendors/jogl/lib/Linux/jogl-all-natives-linux-amd64.jar:/home/travis/build/icyphy/ptII/vendors/jogl/lib/Linux/jogl-all.jar:/home/travis/build/icyphy/ptII/ptolemy/distributed/jini/jar/jini-core.jar:/home/travis/build/icyphy/ptII/ptolemy/distributed/jini/jar/jini-ext.jar:/home/travis/build/icyphy/ptII/ptolemy/distributed/jini/jar/sun-util.jar:/home/travis/build/icyphy/ptII/lib/protobuf-java-2.4.1.jar:/home/travis/build/icyphy/ptII/lib/org.eclipse.paho.client.mqttv3.jar:/home/travis/build/icyphy/ptII/lib/mapss.jar:/home/travis/build/icyphy/ptII/ptolemy/actor/ptalon/antlr/antlr.jar:/home/travis/build/icyphy/ptII/lib/JRI.jar:/home/travis/build/icyphy/ptII/lib/commons-lang-2.6.jar:/home/travis/build/icyphy/ptII/lib/commons-logging-1.1.1.jar:/home/travis/build/icyphy/ptII/lib/sootclasses.jar:/home/travis/build/icyphy/ptII/ptolemy/actor/lib/database/mysql-connector-java-5.1.6-bin.jar:/home/travis/build/icyphy/ptII/vendors/misc/sphinx4/sphinx4-data-5prealpha.jar:/home/travis/build/icyphy/ptII/vendors/misc/sphinx4/sphinx4-core-5prealpha.jar:/home/travis/build/icyphy/ptII/lib/PDFRenderer.jar:/home/travis/build/icyphy/ptII/lib/svgSalamander.jar:/home/travis/build/icyphy/ptII/lib/rsyntaxtextarea-2.6.0-SNAPSHOT.jar:/home/travis/build/icyphy/ptII/lib/hazelcast-3.8.2.jar:/home/travis/build/icyphy/ptII/lib/jackson-annotations-2.9.0.jar:/home/travis/build/icyphy/ptII/lib/jackson-core-2.9.3.jar:/home/travis/build/icyphy/ptII/lib/jackson-databind-2.9.3.jar:/home/travis/build/icyphy/ptII/lib/netty-buffer-4.1.19.Final.jar:/home/travis/build/icyphy/ptII/lib/netty-codec-4.1.19.Final.jar:/home/travis/build/icyphy/ptII/lib/netty-codec-dns-4.1.19.Final.jar:/home/travis/build/icyphy/ptII/lib/netty-codec-http-4.1.19.Final.jar:/home/travis/build/icyphy/ptII/lib/netty-codec-http2-4.1.19.Final.jar:/home/travis/build/icyphy/ptII/lib/netty-common-4.1.19.Final.jar:/home/travis/build/icyphy/ptII/lib/netty-handler-4.1.19.Final.jar:/home/travis/build/icyphy/ptII/lib/netty-resolver-4.1.19.Final.jar:/home/travis/build/icyphy/ptII/lib/netty-resolver-dns-4.1.19.Final.jar:/home/travis/build/icyphy/ptII/lib/netty-transport-4.1.19.Final.jar:/home/travis/build/icyphy/ptII/lib/vertx-codegen-3.5.1.jar:/home/travis/build/icyphy/ptII/lib/vertx-core-3.5.2-SNAPSHOT.jar:/home/travis/build/icyphy/ptII/lib/vertx-hazelcast-3.5.1.jar:/home/travis/build/icyphy/ptII/lib/vertx-lang-js-3.5.1.jar:/home/travis/build/icyphy/ptII/lib/vertx-service-proxy-3.5.1.jar:/home/travis/build/icyphy/ptII/lib/vertx-web-3.5.1.jar:/home/travis/build/icyphy/ptII/lib/slf4j-api-1.7.13.jar:/home/travis/build/icyphy/ptII/lib/slf4j-simple-1.7.13.jar:/home/travis/build/icyphy/ptII/lib/webcam-capture-0.3.12.jar:/home/travis/build/icyphy/ptII/lib/bridj-0.7.0.jar:/home/travis/build/icyphy/ptII/lib/xbjlib-1.1.0.nrjavaserial.jar" />
    <property name="timeout" value="2400000" />
    <property name="test.batch" value="**/junit/*.java" />
    <property name="env._" value="/usr/bin/timeout" />
    <property name="java.io.tmpdir" value="/tmp" />
    <property name="user.language" value="en" />
    <property name="env.TRAVIS_INTERNAL_RUBY_REGEX" value="^ruby-(2\.[0-4]\.[0-9]|1\.9\.3)" />
    <property name="env.HISTCONTROL" value="ignoredups:ignorespace" />
    <property name="env.GOROOT" value="/home/travis/.gimme/versions/go1.11.1.linux.amd64" />
    <property name="line.separator" value="&#xa;" />
    <property name="target" value="11" />
    <property name="env.TRAVIS_BUILD_DIR" value="/home/travis/build/icyphy/ptII" />
    <property name="env.ANT_OPTS" value="-Xmx2048m" />
    <property name="ant.file.type" value="file" />
    <property name="ptolemy.ptII.batchMode" value="true" />
    <property name="env.HISTSIZE" value="1000" />
    <property name="env.MERB_ENV" value="test" />
    <property name="java.vm.info" value="mixed mode" />
    <property name="source" value="11" />
    <property name="java.vm.specification.name" value="Java Virtual Machine Specification" />
    <property name="env.TRAVIS_TEST_RESULT" value="0" />
    <property name="jsdoc.command" value="node_modules/@terraswarm/jsdoc/jsdoc.js" />
    <property name="npm.works" value="true" />
    <property name="cobertura.dir" value="/home/travis/build/icyphy/ptII/vendors/cobertura-2.0.3" />
    <property name="jsdoc.command.exists" value="true" />
    <property name="env.rvm_path" value="/home/travis/.rvm" />
    <property name="env.GEM_PATH" value="/home/travis/.rvm/gems/ruby-2.5.3:/home/travis/.rvm/gems/ruby-2.5.3@global" />
    <property name="env.LC_CTYPE" value="en_US.UTF-8" />
    <property name="env.TRAVIS_CMD" value="$PTII/bin/ptIITravisBuild.sh $SECONDS" />
    <property name="java.awt.printerjob" value="sun.print.PSPrinterJob" />
    <property name="env.TRAVIS_STACK_NAME" value="sardonyx" />
    <property name="env.TRAVIS_TIMER_START_TIME" value="1579373306816509528" />
    <property name="ant.version" value="Apache Ant(TM) version 1.10.1 compiled on February 2 2017" />
    <property name="ptII.reports" value="/home/travis/build/icyphy/ptII/reports" />
    <property name="env.TRAVIS_STACK_TIMESTAMP" value="2019-03-25 16:16:56 UTC" />
    <property name="ant.file.type.ptII" value="file" />
    <property name="env.RBENV_SHELL" value="bash" />
    <property name="os.name" value="Linux" />
    <property name="java.specification.vendor" value="Oracle Corporation" />
    <property name="env.rvm_version" value="1.29.7 (latest)" />
    <property name="env.TRAVIS_INFRA" value="unknown" />
    <property name="env.TERM" value="xterm" />
    <property name="java.vm.name" value="OpenJDK 64-Bit Server VM" />
    <property name="env.TRAVIS_BUILD_NUMBER" value="1472" />
    <property name="env.CI" value="true" />
    <property name="java.library.path" value="/home/travis/pthla/certi-tools/lib:/usr/lib/jni:/usr/local/share/OpenCV/java/:/usr/share/OpenCV/java::/usr/java/packages/lib:/usr/lib64:/lib64:/lib:/usr/lib" />
    <property name="env.rvm_prefix" value="/home/travis" />
    <property name="env.PATH" value="/home/travis/pthla/certi-tools/share/scripts:/home/travis/.rvm/gems/ruby-2.5.3/bin:/home/travis/.rvm/gems/ruby-2.5.3@global/bin:/home/travis/.rvm/rubies/ruby-2.5.3/bin:/home/travis/.rvm/bin:/home/travis/.nvm/versions/node/v7.10.1/bin:./node_modules/.bin:/home/travis/build/icyphy/ptII/bin:/home/travis/pthla/certi-tools/bin:/home/travis/bin:/home/travis/.local/bin:/usr/local/lib/jvm/openjdk11/bin:/opt/pyenv/shims:/home/travis/.phpenv/shims:/home/travis/perl5/perlbrew/bin:/home/travis/gopath/bin:/home/travis/.gimme/versions/go1.11.1.linux.amd64/bin:/usr/local/maven-3.6.0/bin:/usr/local/cmake-3.12.4/bin:/usr/local/clang-7.0.0/bin:/usr/local/sbin:/usr/local/bin:/usr/sbin:/usr/bin:/sbin:/bin:/snap/bin:/home/travis/.phpenv/bin:/opt/pyenv/bin:/home/travis/.yarn/bin" />
    <property name="env.TRAVIS_OS_NAME" value="linux" />
    <property name="ant.java.version" value="9" />
    <property name="basedir" value="/home/travis/build/icyphy/ptII" />
    <property name="java.class.version" value="55.0" />
    <property name="env.SHLVL" value="3" />
    <property name="env.LD_LIBRARY_PATH" value="/home/travis/pthla/certi-tools/lib:/usr/lib/jni:/usr/local/share/OpenCV/java/:/usr/share/OpenCV/java:" />
    <property name="env.RACK_ENV" value="test" />
    <property name="ant.home" value="/home/travis/build/icyphy/ptII/ant" />
    <property name="env.NVM_DIR" value="/home/travis/.nvm" />
    <property name="env.CERTI_FOM_PATH" value="/home/travis/pthla/certi-tools/share/federations" />
    <property name="env.TRAVIS_BUILD_ID" value="638888340" />
    <property name="env.PYENV_ROOT" value="/opt/pyenv" />
    <property name="env.TRAVIS_UID" value="2000" />
    <property name="prism.verbose" value="true" />
    <property name="env.NVM_BIN" value="/home/travis/.nvm/versions/node/v7.10.1/bin" />
    <property name="env.TRAVIS_COMMIT" value="77d077f486ab45a3763665c89e8928691116e623" />
    <property name="env._system_arch" value="x86_64" />
    <property name="node.executable" value="node" />
    <property name="sun.boot.library.path" value="/usr/local/lib/jvm/openjdk11/lib" />
    <property name="sun.management.compiler" value="HotSpot 64-Bit Tiered Compilers" />
    <property name="java.awt.graphicsenv" value="sun.awt.X11GraphicsEnvironment" />
    <property name="env.GOPATH" value="/home/travis/gopath" />
    <property name="ptolemy.ptII.dir" value="/home/travis/build/icyphy/ptII" />
    <property name="env.USER" value="travis" />
    <property name="env.HISTFILESIZE" value="2000" />
    <property name="timeout.longest" value="19000000" />
    <property name="env.PERLBREW_SHELLRC_VERSION" value="0.86" />
    <property name="env.TRAVIS_STACK_FEATURES" value="basic couchdb disabled-ipv6 docker docker-compose elasticsearch firefox go-toolchain google-chrome jdk memcached mongodb mysql nodejs_interpreter perl_interpreter perlbrew phantomjs postgresql python_interpreter redis ruby_interpreter sqlite xserver" />
    <property name="env.TRAVIS_PULL_REQUEST" value="false" />
    <property name="env.PYENV_SHELL" value="bash" />
    <property name="ant.project.name" value="ptII" />
    <property name="env.ANSI_RESET" value="\033[0m" />
    <property name="java.vm.specification.version" value="11" />
    <property name="env.TRAVIS_DIST" value="xenial" />
    <property name="env.CERTI_VERSION" value="4.0.0" />
    <property name="env.CERTI_HOST" value="localhost" />
    <property name="awt.toolkit" value="sun.awt.X11.XToolkit" />
    <property name="env.MY_RUBY_HOME" value="/home/travis/.rvm/rubies/ruby-2.5.3" />
    <property name="sun.cpu.isalist" value="" />
    <property name="env.TRAVIS_TMPDIR" value="/tmp/tmp.twZA8pvhjj" />
    <property name="java.vm.compressedOopsMode" value="Zero based" />
    <property name="os.version" value="4.15.0-1028-gcp" />
    <property name="user.home" value="/home/travis" />
    <property name="java.vm.vendor" value="Oracle Corporation" />
    <property name="env.TRAVIS_TAG" value="nightly" />
    <property name="env.ANSI_YELLOW" value="\033[33;1m" />
    <property name="env.TRAVIS_FILTERED" value="redirect_io" />
    <property name="env.ANSI_GREEN" value="\033[32;1m" />
    <property name="env.JAVA_HOME" value="/usr/local/lib/jvm/openjdk11" />
    <property name="javadoc.excludepackagenames" value="adm.cvs2svn.*,build.*,config.*,doc.coding.templates.*,jni.test.jni.meaningOfLife.*,jni.test.jni.testDeux.*,jni.test.jni.testTrois.*,org.terraswarm.accessor.accessors.web.node_modules.*,org.terraswarm.accessor.accessors.web.hosts.cordova.demo.*,org.terraswarm.accessor.accessors.web.hosts.cordova.plugins.*,org.terraswarm.accessor.accessors-svn.*,pt-modules.*,ptolemy.apps.agilent.*,ptolemy.apps.anytimecontrol.*,ptolemy.apps.apes.*,ptolemy.apps.charon.*,ptolemy.apps.crazyboard.*,ptolemy.apps.eclipse.*,ptolemy.apps.etherealSting.*,ptolemy.apps.fullscreen.*,ptolemy.apps.giotto.*,ptolemy.apps.ia.*,ptolemy.apps.interfaces.*,ptolemy.apps.jmf.*,ptolemy.apps.kurt.*,ptolemy.apps.kvm.*,ptolemy.apps.lego.*,ptolemy.apps.lejos.*,ptolemy.apps.midp.*,ptolemy.apps.mobileCoding.*,ptolemy.apps.pendulum.*,ptolemy.apps.rijndael.*,ptolemy.apps.robot.*,ptolemy.apps.security.*,ptolemy.apps.sobel.*,ptolemy.apps.soot.*,ptolemy.apps.throttle.*,ptolemy.apps.tini.*,ptolemy.apps.transmission.*,ptolemy.apps.vergil.*,ptolemy.apps.waba.*,ptolemy.apps.websensor.*,ptolemy.apps.webstart.*,ptolemy.apps.xsl.*,ptolemy.apps.zaurus.*,ptolemy.codegen.c.actor.lib.oldJavaFiles.*,ptolemy.codegen.dsp.lib.*,ptolemy.codegen.kernel.newInterfaces.*,ptolemy.codegen.lib.*,ptolemy.copernicus.kernel.fragment.*,ptolemy.copernicus.shallow.cg.*,ptolemy.domains.giotto.demo.Hierarchy.Hierarchy.*,ptolemy.domains.giotto.demo.Multimode.Multimode.*,ptolemy.domains.giotto.demo.Simple.Simple.*,ptolemy.domains.gr.lib.experimental.*,ptolemy.domains.gro.*,ptolemy.domains.pdf.*,ptolemy.domains.ptinyos.demo.Surge.output.*,ptolemy.moml.test.NoPackageActor.java*,ptolemy.plot.adm.*,ptolemy.plot.servlet.*,reports.*,signed.*,src.*,target.*,vendors.*,ptolemy.copernicus.applet.*,ptolemy.media.viewer.*,ptolemy.actor.corba.*,doc.doclets.*,ptolemy.apps.eclipse.awt.*,ptolemy.backtrack.*,ptolemy.backtrack.ast.*,ptolemy.cg.adapter.generic.program.procedural.c.mbed*,ptolemy.homer.*,ptolemy.actor.lib.jai.*,ptolemy.actor.lib.jjs.modules.audio.*,org.ptolemy.scala.*,diva.util.java2d.svg.*,ptolemy.domains.ptinyos.*,ptolemy.actor.lib.fmi.fmipp.*,,org.terraswarm.accessor.accessors.web.node_modules.*,org.terraswarm.accessor.accessors-svn,ptolemy.apps.*,ptolemy.actor.ptalon.demo.ptinyos.SendAndReceiveCnt.output,ptolemy.actor.ptalon.demo.ptinyos.SenseToLeds.output,ptolemy.domains.ptinyos.demo.CntToLedsAndRfm.output,ptolemy.domains.ptinyos.demo.RfmToLeds.output,ptolemy.domains.ptinyos.demo.SendAndReceiveCnt.output,ptolemy.domains.ptinyos.demo.SenseToLeds.output,ptolemy.actor.lib.jjs.modules.udpSocket.*" />
    <property name="env.PTII" value="/home/travis/build/icyphy/ptII" />
    <property name="env.XDG_SESSION_ID" value="2" />
    <property name="keystore" value="ptKeystore" />
    <property name="env.TRAVIS_COMMIT_MESSAGE" value="Checking whether there is an rtia process running using &apos;ps -ax |  grep rtia&apos;. As for&#xa;the moment, does not take into account all OS in the command." />
    <property name="junit.output.dir" value="/home/travis/build/icyphy/ptII/reports/junit" />
    <property name="npm.return.code" value="0" />
    <property name="user.dir" value="/home/travis/build/icyphy/ptII/ptolemy/configs/test" />
    <property name="env.TRAVIS_NODE_VERSION" value="7" />
    <property name="env.TRAVIS_EVENT_TYPE" value="push" />
    <property name="env.MAIL" value="/var/mail/travis" />
    <property name="env.PERLBREW_ROOT" value="/home/travis/perl5/perlbrew" />
    <property name="env.PWD" value="/home/travis/build/icyphy/ptII" />
    <property name="timeout.npm" value="45000" />
    <property name="env.TRAVIS_ARCH" value="amd64" />
    <property name="sun.cpu.endian" value="little" />
    <property name="env.PAGER" value="cat" />
    <property name="env.TRAVIS_BUILD_STAGE_NAME" value="Test" />
    <property name="env.PERLBREW_HOME" value="/home/travis/.perlbrew" />
    <property name="java.vm.version" value="11.0.2+9" />
    <property name="env.RAILS_ENV" value="test" />
    <property name="java.class.path" value="/home/travis/build/icyphy/ptII:/home/travis/build/icyphy/ptII/lib/bsh-2.0b4.jar:/home/travis/build/icyphy/ptII/lib/ptCal.jar:/home/travis/build/icyphy/ptII/lib/java_cup.jar:/home/travis/build/icyphy/ptII/lib/saxon8.jar:/home/travis/build/icyphy/ptII/lib/saxon8-dom.jar:/home/travis/build/icyphy/ptII/lib/chic.jar:/home/travis/build/icyphy/ptII/lib/ptcolt.jar:/home/travis/build/icyphy/ptII/vendors/misc/itext/iText.jar:/home/travis/build/icyphy/ptII/lib/g4ltl.jar:/home/travis/build/icyphy/ptII/lib/StructuralCoder.jar:/home/travis/build/icyphy/ptII/lib/jcerti.jar:/home/travis/build/icyphy/ptII/lib/javax.mail.jar:/home/travis/build/icyphy/ptII/vendors/JMF-2.1.1e/lib/jmf.jar:/home/travis/build/icyphy/ptII/lib/jna-4.0.0-variadic.jar:/home/travis/build/icyphy/ptII/vendors/misc/joystick/Joystick.jar:/home/travis/build/icyphy/ptII/lib/ptjacl.jar:/home/travis/build/icyphy/ptII/lib/jsoup-1.8.2.jar:/home/travis/build/icyphy/ptII/lib/junit-4.8.2.jar:/home/travis/build/icyphy/ptII/lib/JUnitParams-0.4.0.jar:/home/travis/build/icyphy/ptII/ptolemy/actor/lib/excel/jxl.jar:/home/travis/build/icyphy/ptII/lib/jython.jar:/home/travis/build/icyphy/ptII/lib/kieler.jar:/home/travis/build/icyphy/ptII/vendors/opencv/share/OpenCV/java/opencv-341.jar:/home/travis/build/icyphy/ptII/lib/oscP5.jar:/home/travis/build/icyphy/ptII/lib/nrjavaserial-3.11.0.devel.jar:/home/travis/build/icyphy/ptII/vendors/j3d/lib/Linux/j3dcore.jar:/home/travis/build/icyphy/ptII/vendors/j3d/lib/Linux/j3dutils.jar:/home/travis/build/icyphy/ptII/vendors/j3d/lib/Linux/vecmath.jar:/home/travis/build/icyphy/ptII/vendors/jogl/lib/Linux/gluegen-rt-natives-linux-amd64.jar:/home/travis/build/icyphy/ptII/vendors/jogl/lib/Linux/gluegen-rt.jar:/home/travis/build/icyphy/ptII/vendors/jogl/lib/Linux/jogl-all-natives-linux-amd64.jar:/home/travis/build/icyphy/ptII/vendors/jogl/lib/Linux/jogl-all.jar:/home/travis/build/icyphy/ptII/ptolemy/distributed/jini/jar/jini-core.jar:/home/travis/build/icyphy/ptII/ptolemy/distributed/jini/jar/jini-ext.jar:/home/travis/build/icyphy/ptII/ptolemy/distributed/jini/jar/sun-util.jar:/home/travis/build/icyphy/ptII/lib/protobuf-java-2.4.1.jar:/home/travis/build/icyphy/ptII/lib/org.eclipse.paho.client.mqttv3.jar:/home/travis/build/icyphy/ptII/lib/mapss.jar:/home/travis/build/icyphy/ptII/ptolemy/actor/ptalon/antlr/antlr.jar:/home/travis/build/icyphy/ptII/lib/JRI.jar:/home/travis/build/icyphy/ptII/lib/commons-lang-2.6.jar:/home/travis/build/icyphy/ptII/lib/commons-logging-1.1.1.jar:/home/travis/build/icyphy/ptII/lib/sootclasses.jar:/home/travis/build/icyphy/ptII/ptolemy/actor/lib/database/mysql-connector-java-5.1.6-bin.jar:/home/travis/build/icyphy/ptII/vendors/misc/sphinx4/sphinx4-data-5prealpha.jar:/home/travis/build/icyphy/ptII/vendors/misc/sphinx4/sphinx4-core-5prealpha.jar:/home/travis/build/icyphy/ptII/lib/PDFRenderer.jar:/home/travis/build/icyphy/ptII/lib/svgSalamander.jar:/home/travis/build/icyphy/ptII/lib/rsyntaxtextarea-2.6.0-SNAPSHOT.jar:/home/travis/build/icyphy/ptII/lib/hazelcast-3.8.2.jar:/home/travis/build/icyphy/ptII/lib/jackson-annotations-2.9.0.jar:/home/travis/build/icyphy/ptII/lib/jackson-core-2.9.3.jar:/home/travis/build/icyphy/ptII/lib/jackson-databind-2.9.3.jar:/home/travis/build/icyphy/ptII/lib/netty-buffer-4.1.19.Final.jar:/home/travis/build/icyphy/ptII/lib/netty-codec-4.1.19.Final.jar:/home/travis/build/icyphy/ptII/lib/netty-codec-dns-4.1.19.Final.jar:/home/travis/build/icyphy/ptII/lib/netty-codec-http-4.1.19.Final.jar:/home/travis/build/icyphy/ptII/lib/netty-codec-http2-4.1.19.Final.jar:/home/travis/build/icyphy/ptII/lib/netty-common-4.1.19.Final.jar:/home/travis/build/icyphy/ptII/lib/netty-handler-4.1.19.Final.jar:/home/travis/build/icyphy/ptII/lib/netty-resolver-4.1.19.Final.jar:/home/travis/build/icyphy/ptII/lib/netty-resolver-dns-4.1.19.Final.jar:/home/travis/build/icyphy/ptII/lib/netty-transport-4.1.19.Final.jar:/home/travis/build/icyphy/ptII/lib/vertx-codegen-3.5.1.jar:/home/travis/build/icyphy/ptII/lib/vertx-core-3.5.2-SNAPSHOT.jar:/home/travis/build/icyphy/ptII/lib/vertx-hazelcast-3.5.1.jar:/home/travis/build/icyphy/ptII/lib/vertx-lang-js-3.5.1.jar:/home/travis/build/icyphy/ptII/lib/vertx-service-proxy-3.5.1.jar:/home/travis/build/icyphy/ptII/lib/vertx-web-3.5.1.jar:/home/travis/build/icyphy/ptII/lib/slf4j-api-1.7.13.jar:/home/travis/build/icyphy/ptII/lib/slf4j-simple-1.7.13.jar:/home/travis/build/icyphy/ptII/lib/webcam-capture-0.3.12.jar:/home/travis/build/icyphy/ptII/lib/bridj-0.7.0.jar:/home/travis/build/icyphy/ptII/lib/xbjlib-1.1.0.nrjavaserial.jar:/home/travis/build/icyphy/ptII/ptolemy/moml/test:/home/travis/build/icyphy/ptII/ant/lib/ant-launcher.jar:/home/travis/build/icyphy/ptII/ant/lib/ant.jar:/home/travis/build/icyphy/ptII/ant/lib/ant-junit.jar:/home/travis/build/icyphy/ptII/ant/lib/ant-junit4.jar" />
    <property name="ant.library.dir" value="/home/travis/build/icyphy/ptII/ant/lib" />
    <property name="os.arch" value="amd64" />
    <property name="env.CONTINUOUS_INTEGRATION" value="true" />
    <property name="env.TRAVIS_LANGUAGE" value="node_js" />
    <property name="env.TRAVIS_STACK_LANGUAGES" value="__sardonyx__ c c++ clojure cplusplus cpp default generic go groovy java node_js php pure_java python ruby scala" />
    <property name="test.name" value="ptolemy.actor.lib.test.junit.JUnitTclTest" />
    <property name="env.APT_KEY_DONT_WARN_ON_DANGEROUS_USAGE" value="1" />
    <property name="sun.java.launcher" value="SUN_STANDARD" />
    <property name="env.PYTHON_CONFIGURE_OPTS" value="--enable-unicode=ucs4 --with-wide-unicode --enable-shared --enable-ipv6 --enable-loadable-sqlite-extensions --with-computed-gotos" />
    <property name="ant.core.lib" value="/home/travis/build/icyphy/ptII/ant/lib/ant.jar" />
    <property name="java.vm.specification.vendor" value="Oracle Corporation" />
    <property name="env.BCVTB_HOME" value="/home/travis/build/icyphy/ptII/lbnl" />
    <property name="file.separator" value="/" />
    <property name="spotbugs.home" value="/home/travis/build/icyphy/ptII/vendors/spotbugs-3.1.1" />
    <property name="java.runtime.version" value="11.0.2+9" />
    <property name="env.ANSI_CLEAR" value="\033[0K" />
    <property name="javafx.verbose" value="true" />
    <property name="env.HAS_JOSH_K_SEAL_OF_APPROVAL" value="true" />
    <property name="env.XDG_RUNTIME_DIR" value="/run/user/2000" />
    <property name="env.TRAVIS_OSX_IMAGE" value="" />
    <property name="env.TRAVIS_JOB_ID" value="638888352" />
    <property name="env.TRAVIS_BRANCH" value="master" />
    <property name="user.country" value="US" />
    <property name="env.CERTI_HOME_TRAVIS" value="/home/travis/pthla/certi-tools" />
    <property name="env.SHELL" value="/bin/bash" />
    <property name="java.maxmemory.large" value="3200m" />
    <property name="model" value="" />
    <property name="env.PT_TRAVIS_TEST_CORE5_XML" value="true" />
    <property name="env.CASHER_DIR" value="/home/travis/.casher" />
    <property name="env.NVM_CD_FLAGS" value="" />
    <property name="java.vendor.version" value="18.9" />
    <property name="jshint.executable" value="/home/travis/node_modules/jshint/bin/jshint" />
    <property name="env.JRUBY_OPTS" value=" --client -J-XX:+TieredCompilation -J-XX:TieredStopAtLevel=1 -J-Xss2m -Xcompile.invokedynamic=false" />
    <property name="java.vendor" value="Oracle Corporation" />
    <property name="env.TRAVIS_PRE_CHEF_BOOTSTRAP_TIME" value="2019-03-25T16:16:42" />
    <property name="env.TRAVIS_STACK_JOB_BOARD_REGISTER" value="/.job-board-register.yml" />
    <property name="env.ANSI_RED" value="\033[31;1m" />
    <property name="java.specification.version" value="11" />
    <property name="env.IRBRC" value="/home/travis/.rvm/rubies/ruby-2.5.3/.irbrc" />
    <property name="env.TRAVIS" value="true" />
    <property name="sun.arch.data.model" value="64" />
  </properties>
  <testcase classname="ptolemy.util.test.junit.TclTests" name="[0] /home/travis/build/icyphy/ptII/ptolemy/configs/test/allConfigs.tcl (RunTclFile)" time="840.076">
    <failure message="Number of failed tests is has increased. expected:&lt;0&gt; but was:&lt;2&gt;" type="junit.framework.AssertionFailedError">junit.framework.AssertionFailedError: Number of failed tests is has increased. expected:&lt;0&gt; but was:&lt;2&gt;
	at ptolemy.util.test.junit.TclTests.RunTclFile(TclTests.java:286)
	at java.base/jdk.internal.reflect.NativeMethodAccessorImpl.invoke0(Native Method)
	at java.base/jdk.internal.reflect.NativeMethodAccessorImpl.invoke(NativeMethodAccessorImpl.java:62)
	at java.base/jdk.internal.reflect.DelegatingMethodAccessorImpl.invoke(DelegatingMethodAccessorImpl.java:43)
	at junitparams.internal.InvokeParameterisedMethod.evaluate(InvokeParameterisedMethod.java:102)
	at junitparams.internal.ParameterisedTestMethodRunner.runMethodInvoker(ParameterisedTestMethodRunner.java:47)
	at junitparams.internal.ParameterisedTestMethodRunner.runTestMethod(ParameterisedTestMethodRunner.java:41)
	at junitparams.internal.ParameterisedTestClassRunner.runParameterisedTest(ParameterisedTestClassRunner.java:143)
	at junitparams.JUnitParamsRunner.runChild(JUnitParamsRunner.java:237)
	at junitparams.JUnitParamsRunner.runChild(JUnitParamsRunner.java:215)
</failure>
  </testcase>
  <testcase classname="ptolemy.util.test.junit.TclTests" name="[1] /home/travis/build/icyphy/ptII/ptolemy/configs/test/allDemos.tcl (RunTclFile)" time="0.002" />
  <testcase classname="ptolemy.util.test.junit.TclTests" name="[2] /home/travis/build/icyphy/ptII/ptolemy/configs/test/cloneTest.tcl (RunTclFile)" time="0.012" />
  <testcase classname="ptolemy.util.test.junit.TclTests" name="[3] /home/travis/build/icyphy/ptII/ptolemy/configs/test/configurationTools.tcl (RunTclFile)" time="0.001" />
  <testcase classname="ptolemy.util.test.junit.TclTests" name="[4] /home/travis/build/icyphy/ptII/ptolemy/configs/test/missingDemos.tcl (RunTclFile)" time="364.518" />
  <testcase classname="ptolemy.util.test.junit.TclTests" name="[5] /home/travis/build/icyphy/ptII/ptolemy/configs/test/validDemos.tcl (RunTclFile)" time="32.0" />
  <testcase classname="ptolemy.util.test.junit.AutoKnownFailedTests" name="[0] ThereAreNoKnowFailedTests (RunModel)" time="0.001" />
  <testcase classname="ptolemy.util.test.junit.AutoNameArchTests" name="[0] ThereAreNoAutoArchTests (RunModel)" time="0.0" />
  <testcase classname="ptolemy.util.test.junit.AutoTests" name="[0] ThereAreNoAutoTests (RunModel)" time="0.008" />
  <system-out><![CDATA[/home/travis/build/icyphy/ptII/ptolemy/configs/test/allConfigs.tcl
testDefs.tcl: setting time out to 9000 seconds at Sat Jan 18 18:49:52 UTC 2020
21 ms. Memory: 129024K Free: 112253K (87%)
Skipping jxta/configuration.xml, running vergil -jxta brings up a window
 Force everything to get expanded ptolemy/configs/full/configuration.xml
    (Skipping certain optional packages, jxta and viptos)
JSAccessor: PT_NO_NET environment variable is set, so git pull and ptdoc are not being run.
Retrieving library from file:/home/travis/build/icyphy/ptII/org/terraswarm/accessor/accessors/web/index.json
Retrieving library from file:/home/travis/build/icyphy/ptII/org/terraswarm/accessor/accessors/web/adapters/index.json
Retrieving library from file:/home/travis/build/icyphy/ptII/org/terraswarm/accessor/accessors/web/audio/index.json
Retrieving library from file:/home/travis/build/icyphy/ptII/org/terraswarm/accessor/accessors/web/cameras/index.json
No physical cameras found, using WebcamDummyDriver.
Retrieving library from file:/home/travis/build/icyphy/ptII/org/terraswarm/accessor/accessors/web/dashboard/index.json
Retrieving library from file:/home/travis/build/icyphy/ptII/org/terraswarm/accessor/accessors/web/devices/index.json
Retrieving library from file:/home/travis/build/icyphy/ptII/org/terraswarm/accessor/accessors/web/image/index.json
CharacterRecognition: The tesseract module was not present.  The CharacterRecognition accessor is not supported on this accessor host. (Thread[main,5,main])
CharacterRecognition: The tesseract module was not present.  The CharacterRecognition accessor is not supported on this accessor host. (Thread[main,5,main])
Retrieving library from file:/home/travis/build/icyphy/ptII/org/terraswarm/accessor/accessors/web/net/index.json
Retrieving library from file:/home/travis/build/icyphy/ptII/org/terraswarm/accessor/accessors/web/robotics/index.json
Retrieving library from file:/home/travis/build/icyphy/ptII/org/terraswarm/accessor/accessors/web/geodesy/index.json
Retrieving library from file:/home/travis/build/icyphy/ptII/org/terraswarm/accessor/accessors/web/services/index.json
Retrieving library from file:/home/travis/build/icyphy/ptII/org/terraswarm/accessor/accessors/web/signals/index.json
Retrieving library from file:/home/travis/build/icyphy/ptII/org/terraswarm/accessor/accessors/web/test/index.json
Retrieving library from file:/home/travis/build/icyphy/ptII/org/terraswarm/accessor/accessors/web/utilities/index.json
The Mutable accessor original file has no documentation, so we are not running jsdoc on https://accessors.org/utilities/Mutable.js
Loading accessor failed: AudioCapture.js


==== $PTII/ptolemy/configs/test/allConfigs.tcl: full/configuration.xml-1.1 Test to see if full/configuration.xml contains any bad XML
==== Contents of test case:

        # force everything to get expanded
        expr [string length [$configuration description]] > 0
    
==== Test generated error:
    while executing
ptolemy.kernel.util.InvalidStateException: Failed to populate Library
  in .configuration.actor library.MoreLibraries.Accessors.audio
Because:
Loading accessor failed: AudioCapture.js
  in .configuration.actor library.MoreLibraries.Accessors.audio
Because:
Error evaluating expression:
// Copyright (c) 2015-2017 The Regents of the University of California.
...
  in .configuration.actor library.MoreLibraries.Accessors.audio.AudioCapture.script
Because:
Failed to evaluate script.
  in .configuration.actor library.MoreLibraries.Accessors.audio.AudioCapture
Because:
Error: Error executing module audio line #undefined : ptolemy.actor.lib.jjs.modules.audio.AudioHelper
In file: /home/travis/build/icyphy/ptII/ptolemy/actor/lib/jjs/modules/audio/audio.js

java.lang.ClassNotFoundException: ptolemy.actor.lib.jjs.modules.audio.AudioHelper
	at java.base/jdk.internal.loader.BuiltinClassLoader.loadClass(BuiltinClassLoader.java:583)
	at java.base/jdk.internal.loader.ClassLoaders$AppClassLoader.loadClass(ClassLoaders.java:178)
	at java.base/java.lang.ClassLoader.loadClass(ClassLoader.java:521)
	at java.base/java.lang.Class.forName0(Native Method)
	at java.base/java.lang.Class.forName(Class.java:398)
	at jdk.scripting.nashorn/jdk.nashorn.internal.runtime.Context.findClass(Context.java:1180)
	at jdk.scripting.nashorn/jdk.nashorn.internal.objects.NativeJava.simpleType(NativeJava.java:546)
	at jdk.scripting.nashorn/jdk.nashorn.internal.objects.NativeJava.type(NativeJava.java:326)
	at jdk.scripting.nashorn/jdk.nashorn.internal.objects.NativeJava.type(NativeJava.java:318)
	at jdk.scripting.nashorn/jdk.nashorn.internal.objects.NativeJava.type(NativeJava.java:314)
	at jdk.scripting.nashorn.scripts/jdk.nashorn.internal.scripts.Script$Recompilation$2279$require.L:1(/home/travis/build/icyphy/ptII/ptolemy/actor/lib/jjs/external/require.js#409:30<eval>:48)
	at jdk.scripting.nashorn.scripts/jdk.nashorn.internal.scripts.Script$Recompilation$2189$require.L:45#_require(/home/travis/build/icyphy/ptII/ptolemy/actor/lib/jjs/external/require.js:429)
	at jdk.scripting.nashorn.scripts/jdk.nashorn.internal.scripts.Script$Recompilation$2193$21065A$require.L:45#_requireClosure#L:466(/home/travis/build/icyphy/ptII/ptolemy/actor/lib/jjs/external/require.js:467)
	at jdk.scripting.nashorn.scripts/jdk.nashorn.internal.scripts.Script$Recompilation$2267$1AAAAAAAAAAAAAA$\^function\_.L:1(<function>:97)
	at jdk.scripting.nashorn.scripts/jdk.nashorn.internal.scripts.Script$Recompilation$2266$17933AAAAAA$require$cu1$restOf.L:1#Accessor(/home/travis/build/icyphy/ptII/ptolemy/actor/lib/jjs/external/require.js#409:30<eval>:545)
	at jdk.scripting.nashorn.scripts/jdk.nashorn.internal.scripts.Script$Recompilation$2252$2801AAA$\^eval\_.evaluateCode(<eval>:96)
	at jdk.scripting.nashorn/jdk.nashorn.internal.runtime.ScriptFunctionData.invoke(ScriptFunctionData.java:661)
	at jdk.scripting.nashorn/jdk.nashorn.internal.runtime.ScriptFunction.invoke(ScriptFunction.java:513)
	at jdk.scripting.nashorn/jdk.nashorn.internal.runtime.ScriptRuntime.apply(ScriptRuntime.java:527)
	at jdk.scripting.nashorn/jdk.nashorn.api.scripting.ScriptObjectMirror.callMember(ScriptObjectMirror.java:202)
	at jdk.scripting.nashorn/jdk.nashorn.api.scripting.NashornScriptEngine.invokeImpl(NashornScriptEngine.java:393)
	at jdk.scripting.nashorn/jdk.nashorn.api.scripting.NashornScriptEngine.invokeFunction(NashornScriptEngine.java:197)
	at ptolemy.actor.lib.jjs.JavaScript._createEngineAndEvaluateSetup(JavaScript.java:2493)
	at ptolemy.actor.lib.jjs.JavaScript.attributeChanged(JavaScript.java:548)
	at org.terraswarm.accessor.JSAccessor.attributeChanged(JSAccessor.java:312)
	at ptolemy.data.expr.Variable._setTokenAndNotify(Variable.java:2271)
	at ptolemy.data.expr.Variable._evaluate(Variable.java:1873)
	at ptolemy.data.expr.Variable._propagate(Variable.java:1984)
	at ptolemy.data.expr.Variable.validate(Variable.java:1596)
	at ptolemy.moml.MoMLParser.endDocument(MoMLParser.java:867)
	at com.microstar.xml.XmlParser.doParse(XmlParser.java:162)
	at com.microstar.xml.XmlParser.parse(XmlParser.java:132)
	at ptolemy.moml.MoMLParser.parse(MoMLParser.java:1676)
	at ptolemy.moml.MoMLParser.parse(MoMLParser.java:1617)
	at ptolemy.moml.MoMLParser.parse(MoMLParser.java:1792)
	at org.terraswarm.accessor.AccessorLibrary.populate(AccessorLibrary.java:194)
	at ptolemy.moml.EntityLibrary.classDefinitionList(EntityLibrary.java:307)
	at ptolemy.kernel.CompositeEntity._description(CompositeEntity.java:2292)
	at ptolemy.kernel.CompositeEntity._description(CompositeEntity.java:2307)
	at ptolemy.kernel.CompositeEntity._description(CompositeEntity.java:2307)
	at ptolemy.kernel.CompositeEntity._description(CompositeEntity.java:2307)
	at ptolemy.kernel.CompositeEntity._description(CompositeEntity.java:2307)
	at ptolemy.kernel.util.NamedObj.description(NamedObj.java:731)
	at ptolemy.kernel.util.NamedObj.description(NamedObj.java:715)
	at java.base/jdk.internal.reflect.NativeMethodAccessorImpl.invoke0(Native Method)
	at java.base/jdk.internal.reflect.NativeMethodAccessorImpl.invoke(NativeMethodAccessorImpl.java:62)
	at java.base/jdk.internal.reflect.DelegatingMethodAccessorImpl.invoke(DelegatingMethodAccessorImpl.java:43)
	at java.base/java.lang.reflect.Method.invoke(Method.java:566)
	at tcl.lang.reflect.PkgInvoker.invokeMethod(PkgInvoker.java:129)
	at tcl.lang.JavaInvoke.call(JavaInvoke.java:253)
	at tcl.lang.JavaInvoke.callMethod(JavaInvoke.java:116)
	at tcl.lang.ReflectObject.cmdProc(ReflectObject.java:727)
	at tcl.lang.Parser.evalObjv(Parser.java:740)
	at tcl.lang.Parser.eval2(Parser.java:1138)
	at tcl.lang.Parser.evalTokens(Parser.java:930)
	at tcl.lang.Parser.eval2(Parser.java:1125)
	at tcl.lang.Parser.evalTokens(Parser.java:930)
	at tcl.lang.Parser.eval2(Parser.java:1125)
	at tcl.lang.Interp.eval(Interp.java:1782)
	at tcl.lang.Interp.eval(Interp.java:1841)
	at tcl.lang.UplevelCmd.cmdProc(UplevelCmd.java:93)
	at tcl.lang.AutoloadStub.cmdProc(Extension.java:144)
	at tcl.lang.Parser.evalObjv(Parser.java:740)
	at tcl.lang.Parser.eval2(Parser.java:1138)
	at tcl.lang.Interp.eval(Interp.java:1782)
	at tcl.lang.Interp.eval(Interp.java:1841)
	at tcl.lang.CatchCmd.cmdProc(CatchCmd.java:42)
	at tcl.lang.Parser.evalObjv(Parser.java:740)
	at tcl.lang.Parser.eval2(Parser.java:1138)
	at tcl.lang.Parser.evalTokens(Parser.java:930)
	at tcl.lang.Parser.eval2(Parser.java:1125)
	at tcl.lang.Procedure.cmdProc(Procedure.java:175)
	at tcl.lang.Parser.evalObjv(Parser.java:740)
	at tcl.lang.Parser.eval2(Parser.java:1138)
	at tcl.lang.Interp.eval(Interp.java:1782)
	at tcl.lang.Interp.eval(Interp.java:1841)
	at tcl.lang.ForeachCmd.cmdProc(ForeachCmd.java:116)
	at tcl.lang.AutoloadStub.cmdProc(Extension.java:144)
	at tcl.lang.Parser.evalObjv(Parser.java:740)
	at tcl.lang.Parser.eval2(Parser.java:1138)
	at tcl.lang.Interp.eval(Interp.java:1782)
	at tcl.lang.Interp.evalFile(Interp.java:1880)
	at java.base/jdk.internal.reflect.NativeMethodAccessorImpl.invoke0(Native Method)
	at java.base/jdk.internal.reflect.NativeMethodAccessorImpl.invoke(NativeMethodAccessorImpl.java:62)
	at java.base/jdk.internal.reflect.DelegatingMethodAccessorImpl.invoke(DelegatingMethodAccessorImpl.java:43)
	at java.base/java.lang.reflect.Method.invoke(Method.java:566)
	at ptolemy.util.test.junit.TclTests.RunTclFile(TclTests.java:233)
	at java.base/jdk.internal.reflect.NativeMethodAccessorImpl.invoke0(Native Method)
	at java.base/jdk.internal.reflect.NativeMethodAccessorImpl.invoke(NativeMethodAccessorImpl.java:62)
	at java.base/jdk.internal.reflect.DelegatingMethodAccessorImpl.invoke(DelegatingMethodAccessorImpl.java:43)
	at java.base/java.lang.reflect.Method.invoke(Method.java:566)
	at org.junit.runners.model.FrameworkMethod$1.runReflectiveCall(FrameworkMethod.java:44)
	at org.junit.internal.runners.model.ReflectiveCallable.run(ReflectiveCallable.java:15)
	at org.junit.runners.model.FrameworkMethod.invokeExplosively(FrameworkMethod.java:41)
	at junitparams.internal.InvokeParameterisedMethod.evaluate(InvokeParameterisedMethod.java:102)
	at junitparams.internal.ParameterisedTestMethodRunner.runMethodInvoker(ParameterisedTestMethodRunner.java:47)
	at junitparams.internal.ParameterisedTestMethodRunner.runTestMethod(ParameterisedTestMethodRunner.java:41)
	at junitparams.internal.ParameterisedTestClassRunner.runParameterisedTest(ParameterisedTestClassRunner.java:143)
	at junitparams.JUnitParamsRunner.runChild(JUnitParamsRunner.java:237)
	at junitparams.JUnitParamsRunner.runChild(JUnitParamsRunner.java:215)
	at org.junit.runners.ParentRunner$3.run(ParentRunner.java:193)
	at org.junit.runners.ParentRunner$1.schedule(ParentRunner.java:52)
	at org.junit.runners.ParentRunner.runChildren(ParentRunner.java:191)
	at org.junit.runners.ParentRunner.access$000(ParentRunner.java:42)
	at org.junit.runners.ParentRunner$2.evaluate(ParentRunner.java:184)
	at org.junit.internal.runners.statements.RunAfters.evaluate(RunAfters.java:31)
	at org.junit.runners.ParentRunner.run(ParentRunner.java:236)
	at org.junit.runners.Suite.runChild(Suite.java:128)
	at org.junit.runners.Suite.runChild(Suite.java:24)
	at org.junit.runners.ParentRunner$3.run(ParentRunner.java:193)
	at org.junit.runners.ParentRunner$1.schedule(ParentRunner.java:52)
	at org.junit.runners.ParentRunner.runChildren(ParentRunner.java:191)
	at org.junit.runners.ParentRunner.access$000(ParentRunner.java:42)
	at org.junit.runners.ParentRunner$2.evaluate(ParentRunner.java:184)
	at org.junit.runners.ParentRunner.run(ParentRunner.java:236)
	at junit.framework.JUnit4TestAdapter.run(JUnit4TestAdapter.java:39)
	at org.apache.tools.ant.taskdefs.optional.junit.JUnitTestRunner.run(JUnitTestRunner.java:535)
	at org.apache.tools.ant.taskdefs.optional.junit.JUnitTestRunner.launch(JUnitTestRunner.java:1182)
	at org.apache.tools.ant.taskdefs.optional.junit.JUnitTestRunner.main(JUnitTestRunner.java:1033)
 in /home/travis/build/icyphy/ptII/ptolemy/actor/lib/jjs/external/require.js at line number 454 at column number 12
  in .configuration.actor library.MoreLibraries.Accessors.audio.AudioCapture.script
Because:
Error evaluating expression:
// Copyright (c) 2015-2017 The Regents of the University of California.
...
  in .configuration.actor library.MoreLibraries.Accessors.audio.AudioCapture.script
Because:
Failed to evaluate script.
  in .configuration.actor library.MoreLibraries.Accessors.audio.AudioCapture
Because:
Error: Error executing module audio line #undefined : ptolemy.actor.lib.jjs.modules.audio.AudioHelper
In file: /home/travis/build/icyphy/ptII/ptolemy/actor/lib/jjs/modules/audio/audio.js

java.lang.ClassNotFoundException: ptolemy.actor.lib.jjs.modules.audio.AudioHelper
	at java.base/jdk.internal.loader.BuiltinClassLoader.loadClass(BuiltinClassLoader.java:583)
	at java.base/jdk.internal.loader.ClassLoaders$AppClassLoader.loadClass(ClassLoaders.java:178)
	at java.base/java.lang.ClassLoader.loadClass(ClassLoader.java:521)
	at java.base/java.lang.Class.forName0(Native Method)
	at java.base/java.lang.Class.forName(Class.java:398)
	at jdk.scripting.nashorn/jdk.nashorn.internal.runtime.Context.findClass(Context.java:1180)
	at jdk.scripting.nashorn/jdk.nashorn.internal.objects.NativeJava.simpleType(NativeJava.java:546)
	at jdk.scripting.nashorn/jdk.nashorn.internal.objects.NativeJava.type(NativeJava.java:326)
	at jdk.scripting.nashorn/jdk.nashorn.internal.objects.NativeJava.type(NativeJava.java:318)
	at jdk.scripting.nashorn/jdk.nashorn.internal.objects.NativeJava.type(NativeJava.java:314)
	at jdk.scripting.nashorn.scripts/jdk.nashorn.internal.scripts.Script$Recompilation$2279$require.L:1(/home/travis/build/icyphy/ptII/ptolemy/actor/lib/jjs/external/require.js#409:30<eval>:48)
	at jdk.scripting.nashorn.scripts/jdk.nashorn.internal.scripts.Script$Recompilation$2189$require.L:45#_require(/home/travis/build/icyphy/ptII/ptolemy/actor/lib/jjs/external/require.js:429)
	at jdk.scripting.nashorn.scripts/jdk.nashorn.internal.scripts.Script$Recompilation$2193$21065A$require.L:45#_requireClosure#L:466(/home/travis/build/icyphy/ptII/ptolemy/actor/lib/jjs/external/require.js:467)
	at jdk.scripting.nashorn.scripts/jdk.nashorn.internal.scripts.Script$Recompilation$2267$1AAAAAAAAAAAAAA$\^function\_.L:1(<function>:97)
	at jdk.scripting.nashorn.scripts/jdk.nashorn.internal.scripts.Script$Recompilation$2266$17933AAAAAA$require$cu1$restOf.L:1#Accessor(/home/travis/build/icyphy/ptII/ptolemy/actor/lib/jjs/external/require.js#409:30<eval>:545)
	at jdk.scripting.nashorn.scripts/jdk.nashorn.internal.scripts.Script$Recompilation$2252$2801AAA$\^eval\_.evaluateCode(<eval>:96)
	at jdk.scripting.nashorn/jdk.nashorn.internal.runtime.ScriptFunctionData.invoke(ScriptFunctionData.java:661)
	at jdk.scripting.nashorn/jdk.nashorn.internal.runtime.ScriptFunction.invoke(ScriptFunction.java:513)
	at jdk.scripting.nashorn/jdk.nashorn.internal.runtime.ScriptRuntime.apply(ScriptRuntime.java:527)
	at jdk.scripting.nashorn/jdk.nashorn.api.scripting.ScriptObjectMirror.callMember(ScriptObjectMirror.java:202)
	at jdk.scripting.nashorn/jdk.nashorn.api.scripting.NashornScriptEngine.invokeImpl(NashornScriptEngine.java:393)
	at jdk.scripting.nashorn/jdk.nashorn.api.scripting.NashornScriptEngine.invokeFunction(NashornScriptEngine.java:197)
	at ptolemy.actor.lib.jjs.JavaScript._createEngineAndEvaluateSetup(JavaScript.java:2493)
	at ptolemy.actor.lib.jjs.JavaScript.attributeChanged(JavaScript.java:548)
	at org.terraswarm.accessor.JSAccessor.attributeChanged(JSAccessor.java:312)
	at ptolemy.data.expr.Variable._setTokenAndNotify(Variable.java:2271)
	at ptolemy.data.expr.Variable._evaluate(Variable.java:1873)
	at ptolemy.data.expr.Variable._propagate(Variable.java:1984)
	at ptolemy.data.expr.Variable.validate(Variable.java:1596)
	at ptolemy.moml.MoMLParser.endDocument(MoMLParser.java:867)
	at com.microstar.xml.XmlParser.doParse(XmlParser.java:162)
	at com.microstar.xml.XmlParser.parse(XmlParser.java:132)
	at ptolemy.moml.MoMLParser.parse(MoMLParser.java:1676)
	at ptolemy.moml.MoMLParser.parse(MoMLParser.java:1617)
	at ptolemy.moml.MoMLParser.parse(MoMLParser.java:1792)
	at org.terraswarm.accessor.AccessorLibrary.populate(AccessorLibrary.java:194)
	at ptolemy.moml.EntityLibrary.classDefinitionList(EntityLibrary.java:307)
	at ptolemy.kernel.CompositeEntity._description(CompositeEntity.java:2292)
	at ptolemy.kernel.CompositeEntity._description(CompositeEntity.java:2307)
	at ptolemy.kernel.CompositeEntity._description(CompositeEntity.java:2307)
	at ptolemy.kernel.CompositeEntity._description(CompositeEntity.java:2307)
	at ptolemy.kernel.CompositeEntity._description(CompositeEntity.java:2307)
	at ptolemy.kernel.util.NamedObj.description(NamedObj.java:731)
	at ptolemy.kernel.util.NamedObj.description(NamedObj.java:715)
	at java.base/jdk.internal.reflect.NativeMethodAccessorImpl.invoke0(Native Method)
	at java.base/jdk.internal.reflect.NativeMethodAccessorImpl.invoke(NativeMethodAccessorImpl.java:62)
	at java.base/jdk.internal.reflect.DelegatingMethodAccessorImpl.invoke(DelegatingMethodAccessorImpl.java:43)
	at java.base/java.lang.reflect.Method.invoke(Method.java:566)
	at tcl.lang.reflect.PkgInvoker.invokeMethod(PkgInvoker.java:129)
	at tcl.lang.JavaInvoke.call(JavaInvoke.java:253)
	at tcl.lang.JavaInvoke.callMethod(JavaInvoke.java:116)
	at tcl.lang.ReflectObject.cmdProc(ReflectObject.java:727)
	at tcl.lang.Parser.evalObjv(Parser.java:740)
	at tcl.lang.Parser.eval2(Parser.java:1138)
	at tcl.lang.Parser.evalTokens(Parser.java:930)
	at tcl.lang.Parser.eval2(Parser.java:1125)
	at tcl.lang.Parser.evalTokens(Parser.java:930)
	at tcl.lang.Parser.eval2(Parser.java:1125)
	at tcl.lang.Interp.eval(Interp.java:1782)
	at tcl.lang.Interp.eval(Interp.java:1841)
	at tcl.lang.UplevelCmd.cmdProc(UplevelCmd.java:93)
	at tcl.lang.AutoloadStub.cmdProc(Extension.java:144)
	at tcl.lang.Parser.evalObjv(Parser.java:740)
	at tcl.lang.Parser.eval2(Parser.java:1138)
	at tcl.lang.Interp.eval(Interp.java:1782)
	at tcl.lang.Interp.eval(Interp.java:1841)
	at tcl.lang.CatchCmd.cmdProc(CatchCmd.java:42)
	at tcl.lang.Parser.evalObjv(Parser.java:740)
	at tcl.lang.Parser.eval2(Parser.java:1138)
	at tcl.lang.Parser.evalTokens(Parser.java:930)
	at tcl.lang.Parser.eval2(Parser.java:1125)
	at tcl.lang.Procedure.cmdProc(Procedure.java:175)
	at tcl.lang.Parser.evalObjv(Parser.java:740)
	at tcl.lang.Parser.eval2(Parser.java:1138)
	at tcl.lang.Interp.eval(Interp.java:1782)
	at tcl.lang.Interp.eval(Interp.java:1841)
	at tcl.lang.ForeachCmd.cmdProc(ForeachCmd.java:116)
	at tcl.lang.AutoloadStub.cmdProc(Extension.java:144)
	at tcl.lang.Parser.evalObjv(Parser.java:740)
	at tcl.lang.Parser.eval2(Parser.java:1138)
	at tcl.lang.Interp.eval(Interp.java:1782)
	at tcl.lang.Interp.evalFile(Interp.java:1880)
	at java.base/jdk.internal.reflect.NativeMethodAccessorImpl.invoke0(Native Method)
	at java.base/jdk.internal.reflect.NativeMethodAccessorImpl.invoke(NativeMethodAccessorImpl.java:62)
	at java.base/jdk.internal.reflect.DelegatingMethodAccessorImpl.invoke(DelegatingMethodAccessorImpl.java:43)
	at java.base/java.lang.reflect.Method.invoke(Method.java:566)
	at ptolemy.util.test.junit.TclTests.RunTclFile(TclTests.java:233)
	at java.base/jdk.internal.reflect.NativeMethodAccessorImpl.invoke0(Native Method)
	at java.base/jdk.internal.reflect.NativeMethodAccessorImpl.invoke(NativeMethodAccessorImpl.java:62)
	at java.base/jdk.internal.reflect.DelegatingMethodAccessorImpl.invoke(DelegatingMethodAccessorImpl.java:43)
	at java.base/java.lang.reflect.Method.invoke(Method.java:566)
	at org.junit.runners.model.FrameworkMethod$1.runReflectiveCall(FrameworkMethod.java:44)
	at org.junit.internal.runners.model.ReflectiveCallable.run(ReflectiveCallable.java:15)
	at org.junit.runners.model.FrameworkMethod.invokeExplosively(FrameworkMethod.java:41)
	at junitparams.internal.InvokeParameterisedMethod.evaluate(InvokeParameterisedMethod.java:102)
	at junitparams.internal.ParameterisedTestMethodRunner.runMethodInvoker(ParameterisedTestMethodRunner.java:47)
	at junitparams.internal.ParameterisedTestMethodRunner.runTestMethod(ParameterisedTestMethodRunner.java:41)
	at junitparams.internal.ParameterisedTestClassRunner.runParameterisedTest(ParameterisedTestClassRunner.java:143)
	at junitparams.JUnitParamsRunner.runChild(JUnitParamsRunner.java:237)
	at junitparams.JUnitParamsRunner.runChild(JUnitParamsRunner.java:215)
	at org.junit.runners.ParentRunner$3.run(ParentRunner.java:193)
	at org.junit.runners.ParentRunner$1.schedule(ParentRunner.java:52)
	at org.junit.runners.ParentRunner.runChildren(ParentRunner.java:191)
	at org.junit.runners.ParentRunner.access$000(ParentRunner.java:42)
	at org.junit.runners.ParentRunner$2.evaluate(ParentRunner.java:184)
	at org.junit.internal.runners.statements.RunAfters.evaluate(RunAfters.java:31)
	at org.junit.runners.ParentRunner.run(ParentRunner.java:236)
	at org.junit.runners.Suite.runChild(Suite.java:128)
	at org.junit.runners.Suite.runChild(Suite.java:24)
	at org.junit.runners.ParentRunner$3.run(ParentRunner.java:193)
	at org.junit.runners.ParentRunner$1.schedule(ParentRunner.java:52)
	at org.junit.runners.ParentRunner.runChildren(ParentRunner.java:191)
	at org.junit.runners.ParentRunner.access$000(ParentRunner.java:42)
	at org.junit.runners.ParentRunner$2.evaluate(ParentRunner.java:184)
	at org.junit.runners.ParentRunner.run(ParentRunner.java:236)
	at junit.framework.JUnit4TestAdapter.run(JUnit4TestAdapter.java:39)
	at org.apache.tools.ant.taskdefs.optional.junit.JUnitTestRunner.run(JUnitTestRunner.java:535)
	at org.apache.tools.ant.taskdefs.optional.junit.JUnitTestRunner.launch(JUnitTestRunner.java:1182)
	at org.apache.tools.ant.taskdefs.optional.junit.JUnitTestRunner.main(JUnitTestRunner.java:1033)
 in /home/travis/build/icyphy/ptII/ptolemy/actor/lib/jjs/external/require.js at line number 454 at column number 12
	at org.terraswarm.accessor.AccessorLibrary.populate(AccessorLibrary.java:307)
	at ptolemy.moml.EntityLibrary.classDefinitionList(EntityLibrary.java:307)
	at ptolemy.kernel.CompositeEntity._description(CompositeEntity.java:2292)
	at ptolemy.kernel.CompositeEntity._description(CompositeEntity.java:2307)
	at ptolemy.kernel.CompositeEntity._description(CompositeEntity.java:2307)
	at ptolemy.kernel.CompositeEntity._description(CompositeEntity.java:2307)
	at ptolemy.kernel.CompositeEntity._description(CompositeEntity.java:2307)
	at ptolemy.kernel.util.NamedObj.description(NamedObj.java:731)
	at ptolemy.kernel.util.NamedObj.description(NamedObj.java:715)
	at java.base/jdk.internal.reflect.NativeMethodAccessorImpl.invoke0(Native Method)
	at java.base/jdk.internal.reflect.NativeMethodAccessorImpl.invoke(NativeMethodAccessorImpl.java:62)
	at java.base/jdk.internal.reflect.DelegatingMethodAccessorImpl.invoke(DelegatingMethodAccessorImpl.java:43)
	at java.base/java.lang.reflect.Method.invoke(Method.java:566)
	at tcl.lang.reflect.PkgInvoker.invokeMethod(PkgInvoker.java:129)
	at tcl.lang.JavaInvoke.call(JavaInvoke.java:253)
	at tcl.lang.JavaInvoke.callMethod(JavaInvoke.java:116)
	at tcl.lang.ReflectObject.cmdProc(ReflectObject.java:727)
	at tcl.lang.Parser.evalObjv(Parser.java:740)
	at tcl.lang.Parser.eval2(Parser.java:1138)
	at tcl.lang.Parser.evalTokens(Parser.java:930)
	at tcl.lang.Parser.eval2(Parser.java:1125)
	at tcl.lang.Parser.evalTokens(Parser.java:930)
	at tcl.lang.Parser.eval2(Parser.java:1125)
	at tcl.lang.Interp.eval(Interp.java:1782)
	at tcl.lang.Interp.eval(Interp.java:1841)
	at tcl.lang.UplevelCmd.cmdProc(UplevelCmd.java:93)
	at tcl.lang.AutoloadStub.cmdProc(Extension.java:144)
	at tcl.lang.Parser.evalObjv(Parser.java:740)
	at tcl.lang.Parser.eval2(Parser.java:1138)
	at tcl.lang.Interp.eval(Interp.java:1782)
	at tcl.lang.Interp.eval(Interp.java:1841)
	at tcl.lang.CatchCmd.cmdProc(CatchCmd.java:42)
	at tcl.lang.Parser.evalObjv(Parser.java:740)
	at tcl.lang.Parser.eval2(Parser.java:1138)
	at tcl.lang.Parser.evalTokens(Parser.java:930)
	at tcl.lang.Parser.eval2(Parser.java:1125)
	at tcl.lang.Procedure.cmdProc(Procedure.java:175)
	at tcl.lang.Parser.evalObjv(Parser.java:740)
	at tcl.lang.Parser.eval2(Parser.java:1138)
	at tcl.lang.Interp.eval(Interp.java:1782)
	at tcl.lang.Interp.eval(Interp.java:1841)
	at tcl.lang.ForeachCmd.cmdProc(ForeachCmd.java:116)
	at tcl.lang.AutoloadStub.cmdProc(Extension.java:144)
	at tcl.lang.Parser.evalObjv(Parser.java:740)
	at tcl.lang.Parser.eval2(Parser.java:1138)
	at tcl.lang.Interp.eval(Interp.java:1782)
	at tcl.lang.Interp.evalFile(Interp.java:1880)
	at java.base/jdk.internal.reflect.NativeMethodAccessorImpl.invoke0(Native Method)
	at java.base/jdk.internal.reflect.NativeMethodAccessorImpl.invoke(NativeMethodAccessorImpl.java:62)
	at java.base/jdk.internal.reflect.DelegatingMethodAccessorImpl.invoke(DelegatingMethodAccessorImpl.java:43)
	at java.base/java.lang.reflect.Method.invoke(Method.java:566)
	at ptolemy.util.test.junit.TclTests.RunTclFile(TclTests.java:233)
	at java.base/jdk.internal.reflect.NativeMethodAccessorImpl.invoke0(Native Method)
	at java.base/jdk.internal.reflect.NativeMethodAccessorImpl.invoke(NativeMethodAccessorImpl.java:62)
	at java.base/jdk.internal.reflect.DelegatingMethodAccessorImpl.invoke(DelegatingMethodAccessorImpl.java:43)
	at java.base/java.lang.reflect.Method.invoke(Method.java:566)
	at org.junit.runners.model.FrameworkMethod$1.runReflectiveCall(FrameworkMethod.java:44)
	at org.junit.internal.runners.model.ReflectiveCallable.run(ReflectiveCallable.java:15)
	at org.junit.runners.model.FrameworkMethod.invokeExplosively(FrameworkMethod.java:41)
	at junitparams.internal.InvokeParameterisedMethod.evaluate(InvokeParameterisedMethod.java:102)
	at junitparams.internal.ParameterisedTestMethodRunner.runMethodInvoker(ParameterisedTestMethodRunner.java:47)
	at junitparams.internal.ParameterisedTestMethodRunner.runTestMethod(ParameterisedTestMethodRunner.java:41)
	at junitparams.internal.ParameterisedTestClassRunner.runParameterisedTest(ParameterisedTestClassRunner.java:143)
	at junitparams.JUnitParamsRunner.runChild(JUnitParamsRunner.java:237)
	at junitparams.JUnitParamsRunner.runChild(JUnitParamsRunner.java:215)
	at org.junit.runners.ParentRunner$3.run(ParentRunner.java:193)
	at org.junit.runners.ParentRunner$1.schedule(ParentRunner.java:52)
	at org.junit.runners.ParentRunner.runChildren(ParentRunner.java:191)
	at org.junit.runners.ParentRunner.access$000(ParentRunner.java:42)
	at org.junit.runners.ParentRunner$2.evaluate(ParentRunner.java:184)
	at org.junit.internal.runners.statements.RunAfters.evaluate(RunAfters.java:31)
	at org.junit.runners.ParentRunner.run(ParentRunner.java:236)
	at org.junit.runners.Suite.runChild(Suite.java:128)
	at org.junit.runners.Suite.runChild(Suite.java:24)
	at org.junit.runners.ParentRunner$3.run(ParentRunner.java:193)
	at org.junit.runners.ParentRunner$1.schedule(ParentRunner.java:52)
	at org.junit.runners.ParentRunner.runChildren(ParentRunner.java:191)
	at org.junit.runners.ParentRunner.access$000(ParentRunner.java:42)
	at org.junit.runners.ParentRunner$2.evaluate(ParentRunner.java:184)
	at org.junit.runners.ParentRunner.run(ParentRunner.java:236)
	at junit.framework.JUnit4TestAdapter.run(JUnit4TestAdapter.java:39)
	at org.apache.tools.ant.taskdefs.optional.junit.JUnitTestRunner.run(JUnitTestRunner.java:535)
	at org.apache.tools.ant.taskdefs.optional.junit.JUnitTestRunner.launch(JUnitTestRunner.java:1182)
	at org.apache.tools.ant.taskdefs.optional.junit.JUnitTestRunner.main(JUnitTestRunner.java:1033)
Caused by: ptolemy.kernel.util.InternalErrorException: Loading accessor failed: AudioCapture.js
  in .configuration.actor library.MoreLibraries.Accessors.audio
Because:
Error evaluating expression:
// Copyright (c) 2015-2017 The Regents of the University of California.
...
  in .configuration.actor library.MoreLibraries.Accessors.audio.AudioCapture.script
Because:
Failed to evaluate script.
  in .configuration.actor library.MoreLibraries.Accessors.audio.AudioCapture
Because:
Error: Error executing module audio line #undefined : ptolemy.actor.lib.jjs.modules.audio.AudioHelper
In file: /home/travis/build/icyphy/ptII/ptolemy/actor/lib/jjs/modules/audio/audio.js

java.lang.ClassNotFoundException: ptolemy.actor.lib.jjs.modules.audio.AudioHelper
	at java.base/jdk.internal.loader.BuiltinClassLoader.loadClass(BuiltinClassLoader.java:583)
	at java.base/jdk.internal.loader.ClassLoaders$AppClassLoader.loadClass(ClassLoaders.java:178)
	at java.base/java.lang.ClassLoader.loadClass(ClassLoader.java:521)
	at java.base/java.lang.Class.forName0(Native Method)
	at java.base/java.lang.Class.forName(Class.java:398)
	at jdk.scripting.nashorn/jdk.nashorn.internal.runtime.Context.findClass(Context.java:1180)
	at jdk.scripting.nashorn/jdk.nashorn.internal.objects.NativeJava.simpleType(NativeJava.java:546)
	at jdk.scripting.nashorn/jdk.nashorn.internal.objects.NativeJava.type(NativeJava.java:326)
	at jdk.scripting.nashorn/jdk.nashorn.internal.objects.NativeJava.type(NativeJava.java:318)
	at jdk.scripting.nashorn/jdk.nashorn.internal.objects.NativeJava.type(NativeJava.java:314)
	at jdk.scripting.nashorn.scripts/jdk.nashorn.internal.scripts.Script$Recompilation$2279$require.L:1(/home/travis/build/icyphy/ptII/ptolemy/actor/lib/jjs/external/require.js#409:30<eval>:48)
	at jdk.scripting.nashorn.scripts/jdk.nashorn.internal.scripts.Script$Recompilation$2189$require.L:45#_require(/home/travis/build/icyphy/ptII/ptolemy/actor/lib/jjs/external/require.js:429)
	at jdk.scripting.nashorn.scripts/jdk.nashorn.internal.scripts.Script$Recompilation$2193$21065A$require.L:45#_requireClosure#L:466(/home/travis/build/icyphy/ptII/ptolemy/actor/lib/jjs/external/require.js:467)
	at jdk.scripting.nashorn.scripts/jdk.nashorn.internal.scripts.Script$Recompilation$2267$1AAAAAAAAAAAAAA$\^function\_.L:1(<function>:97)
	at jdk.scripting.nashorn.scripts/jdk.nashorn.internal.scripts.Script$Recompilation$2266$17933AAAAAA$require$cu1$restOf.L:1#Accessor(/home/travis/build/icyphy/ptII/ptolemy/actor/lib/jjs/external/require.js#409:30<eval>:545)
	at jdk.scripting.nashorn.scripts/jdk.nashorn.internal.scripts.Script$Recompilation$2252$2801AAA$\^eval\_.evaluateCode(<eval>:96)
	at jdk.scripting.nashorn/jdk.nashorn.internal.runtime.ScriptFunctionData.invoke(ScriptFunctionData.java:661)
	at jdk.scripting.nashorn/jdk.nashorn.internal.runtime.ScriptFunction.invoke(ScriptFunction.java:513)
	at jdk.scripting.nashorn/jdk.nashorn.internal.runtime.ScriptRuntime.apply(ScriptRuntime.java:527)
	at jdk.scripting.nashorn/jdk.nashorn.api.scripting.ScriptObjectMirror.callMember(ScriptObjectMirror.java:202)
	at jdk.scripting.nashorn/jdk.nashorn.api.scripting.NashornScriptEngine.invokeImpl(NashornScriptEngine.java:393)
	at jdk.scripting.nashorn/jdk.nashorn.api.scripting.NashornScriptEngine.invokeFunction(NashornScriptEngine.java:197)
	at ptolemy.actor.lib.jjs.JavaScript._createEngineAndEvaluateSetup(JavaScript.java:2493)
	at ptolemy.actor.lib.jjs.JavaScript.attributeChanged(JavaScript.java:548)
	at org.terraswarm.accessor.JSAccessor.attributeChanged(JSAccessor.java:312)
	at ptolemy.data.expr.Variable._setTokenAndNotify(Variable.java:2271)
	at ptolemy.data.expr.Variable._evaluate(Variable.java:1873)
	at ptolemy.data.expr.Variable._propagate(Variable.java:1984)
	at ptolemy.data.expr.Variable.validate(Variable.java:1596)
	at ptolemy.moml.MoMLParser.endDocument(MoMLParser.java:867)
	at com.microstar.xml.XmlParser.doParse(XmlParser.java:162)
	at com.microstar.xml.XmlParser.parse(XmlParser.java:132)
	at ptolemy.moml.MoMLParser.parse(MoMLParser.java:1676)
	at ptolemy.moml.MoMLParser.parse(MoMLParser.java:1617)
	at ptolemy.moml.MoMLParser.parse(MoMLParser.java:1792)
	at org.terraswarm.accessor.AccessorLibrary.populate(AccessorLibrary.java:194)
	at ptolemy.moml.EntityLibrary.classDefinitionList(EntityLibrary.java:307)
	at ptolemy.kernel.CompositeEntity._description(CompositeEntity.java:2292)
	at ptolemy.kernel.CompositeEntity._description(CompositeEntity.java:2307)
	at ptolemy.kernel.CompositeEntity._description(CompositeEntity.java:2307)
	at ptolemy.kernel.CompositeEntity._description(CompositeEntity.java:2307)
	at ptolemy.kernel.CompositeEntity._description(CompositeEntity.java:2307)
	at ptolemy.kernel.util.NamedObj.description(NamedObj.java:731)
	at ptolemy.kernel.util.NamedObj.description(NamedObj.java:715)
	at java.base/jdk.internal.reflect.NativeMethodAccessorImpl.invoke0(Native Method)
	at java.base/jdk.internal.reflect.NativeMethodAccessorImpl.invoke(NativeMethodAccessorImpl.java:62)
	at java.base/jdk.internal.reflect.DelegatingMethodAccessorImpl.invoke(DelegatingMethodAccessorImpl.java:43)
	at java.base/java.lang.reflect.Method.invoke(Method.java:566)
	at tcl.lang.reflect.PkgInvoker.invokeMethod(PkgInvoker.java:129)
	at tcl.lang.JavaInvoke.call(JavaInvoke.java:253)
	at tcl.lang.JavaInvoke.callMethod(JavaInvoke.java:116)
	at tcl.lang.ReflectObject.cmdProc(ReflectObject.java:727)
	at tcl.lang.Parser.evalObjv(Parser.java:740)
	at tcl.lang.Parser.eval2(Parser.java:1138)
	at tcl.lang.Parser.evalTokens(Parser.java:930)
	at tcl.lang.Parser.eval2(Parser.java:1125)
	at tcl.lang.Parser.evalTokens(Parser.java:930)
	at tcl.lang.Parser.eval2(Parser.java:1125)
	at tcl.lang.Interp.eval(Interp.java:1782)
	at tcl.lang.Interp.eval(Interp.java:1841)
	at tcl.lang.UplevelCmd.cmdProc(UplevelCmd.java:93)
	at tcl.lang.AutoloadStub.cmdProc(Extension.java:144)
	at tcl.lang.Parser.evalObjv(Parser.java:740)
	at tcl.lang.Parser.eval2(Parser.java:1138)
	at tcl.lang.Interp.eval(Interp.java:1782)
	at tcl.lang.Interp.eval(Interp.java:1841)
	at tcl.lang.CatchCmd.cmdProc(CatchCmd.java:42)
	at tcl.lang.Parser.evalObjv(Parser.java:740)
	at tcl.lang.Parser.eval2(Parser.java:1138)
	at tcl.lang.Parser.evalTokens(Parser.java:930)
	at tcl.lang.Parser.eval2(Parser.java:1125)
	at tcl.lang.Procedure.cmdProc(Procedure.java:175)
	at tcl.lang.Parser.evalObjv(Parser.java:740)
	at tcl.lang.Parser.eval2(Parser.java:1138)
	at tcl.lang.Interp.eval(Interp.java:1782)
	at tcl.lang.Interp.eval(Interp.java:1841)
	at tcl.lang.ForeachCmd.cmdProc(ForeachCmd.java:116)
	at tcl.lang.AutoloadStub.cmdProc(Extension.java:144)
	at tcl.lang.Parser.evalObjv(Parser.java:740)
	at tcl.lang.Parser.eval2(Parser.java:1138)
	at tcl.lang.Interp.eval(Interp.java:1782)
	at tcl.lang.Interp.evalFile(Interp.java:1880)
	at java.base/jdk.internal.reflect.NativeMethodAccessorImpl.invoke0(Native Method)
	at java.base/jdk.internal.reflect.NativeMethodAccessorImpl.invoke(NativeMethodAccessorImpl.java:62)
	at java.base/jdk.internal.reflect.DelegatingMethodAccessorImpl.invoke(DelegatingMethodAccessorImpl.java:43)
	at java.base/java.lang.reflect.Method.invoke(Method.java:566)
	at ptolemy.util.test.junit.TclTests.RunTclFile(TclTests.java:233)
	at java.base/jdk.internal.reflect.NativeMethodAccessorImpl.invoke0(Native Method)
	at java.base/jdk.internal.reflect.NativeMethodAccessorImpl.invoke(NativeMethodAccessorImpl.java:62)
	at java.base/jdk.internal.reflect.DelegatingMethodAccessorImpl.invoke(DelegatingMethodAccessorImpl.java:43)
	at java.base/java.lang.reflect.Method.invoke(Method.java:566)
	at org.junit.runners.model.FrameworkMethod$1.runReflectiveCall(FrameworkMethod.java:44)
	at org.junit.internal.runners.model.ReflectiveCallable.run(ReflectiveCallable.java:15)
	at org.junit.runners.model.FrameworkMethod.invokeExplosively(FrameworkMethod.java:41)
	at junitparams.internal.InvokeParameterisedMethod.evaluate(InvokeParameterisedMethod.java:102)
	at junitparams.internal.ParameterisedTestMethodRunner.runMethodInvoker(ParameterisedTestMethodRunner.java:47)
	at junitparams.internal.ParameterisedTestMethodRunner.runTestMethod(ParameterisedTestMethodRunner.java:41)
	at junitparams.internal.ParameterisedTestClassRunner.runParameterisedTest(ParameterisedTestClassRunner.java:143)
	at junitparams.JUnitParamsRunner.runChild(JUnitParamsRunner.java:237)
	at junitparams.JUnitParamsRunner.runChild(JUnitParamsRunner.java:215)
	at org.junit.runners.ParentRunner$3.run(ParentRunner.java:193)
	at org.junit.runners.ParentRunner$1.schedule(ParentRunner.java:52)
	at org.junit.runners.ParentRunner.runChildren(ParentRunner.java:191)
	at org.junit.runners.ParentRunner.access$000(ParentRunner.java:42)
	at org.junit.runners.ParentRunner$2.evaluate(ParentRunner.java:184)
	at org.junit.internal.runners.statements.RunAfters.evaluate(RunAfters.java:31)
	at org.junit.runners.ParentRunner.run(ParentRunner.java:236)
	at org.junit.runners.Suite.runChild(Suite.java:128)
	at org.junit.runners.Suite.runChild(Suite.java:24)
	at org.junit.runners.ParentRunner$3.run(ParentRunner.java:193)
	at org.junit.runners.ParentRunner$1.schedule(ParentRunner.java:52)
	at org.junit.runners.ParentRunner.runChildren(ParentRunner.java:191)
	at org.junit.runners.ParentRunner.access$000(ParentRunner.java:42)
	at org.junit.runners.ParentRunner$2.evaluate(ParentRunner.java:184)
	at org.junit.runners.ParentRunner.run(ParentRunner.java:236)
	at junit.framework.JUnit4TestAdapter.run(JUnit4TestAdapter.java:39)
	at org.apache.tools.ant.taskdefs.optional.junit.JUnitTestRunner.run(JUnitTestRunner.java:535)
	at org.apache.tools.ant.taskdefs.optional.junit.JUnitTestRunner.launch(JUnitTestRunner.java:1182)
	at org.apache.tools.ant.taskdefs.optional.junit.JUnitTestRunner.main(JUnitTestRunner.java:1033)
 in /home/travis/build/icyphy/ptII/ptolemy/actor/lib/jjs/external/require.js at line number 454 at column number 12
  in .configuration.actor library.MoreLibraries.Accessors.audio.AudioCapture.script
Because:
Error evaluating expression:
// Copyright (c) 2015-2017 The Regents of the University of California.
...
  in .configuration.actor library.MoreLibraries.Accessors.audio.AudioCapture.script
Because:
Failed to evaluate script.
  in .configuration.actor library.MoreLibraries.Accessors.audio.AudioCapture
Because:
Error: Error executing module audio line #undefined : ptolemy.actor.lib.jjs.modules.audio.AudioHelper
In file: /home/travis/build/icyphy/ptII/ptolemy/actor/lib/jjs/modules/audio/audio.js

java.lang.ClassNotFoundException: ptolemy.actor.lib.jjs.modules.audio.AudioHelper
	at java.base/jdk.internal.loader.BuiltinClassLoader.loadClass(BuiltinClassLoader.java:583)
	at java.base/jdk.internal.loader.ClassLoaders$AppClassLoader.loadClass(ClassLoaders.java:178)
	at java.base/java.lang.ClassLoader.loadClass(ClassLoader.java:521)
	at java.base/java.lang.Class.forName0(Native Method)
	at java.base/java.lang.Class.forName(Class.java:398)
	at jdk.scripting.nashorn/jdk.nashorn.internal.runtime.Context.findClass(Context.java:1180)
	at jdk.scripting.nashorn/jdk.nashorn.internal.objects.NativeJava.simpleType(NativeJava.java:546)
	at jdk.scripting.nashorn/jdk.nashorn.internal.objects.NativeJava.type(NativeJava.java:326)
	at jdk.scripting.nashorn/jdk.nashorn.internal.objects.NativeJava.type(NativeJava.java:318)
	at jdk.scripting.nashorn/jdk.nashorn.internal.objects.NativeJava.type(NativeJava.java:314)
	at jdk.scripting.nashorn.scripts/jdk.nashorn.internal.scripts.Script$Recompilation$2279$require.L:1(/home/travis/build/icyphy/ptII/ptolemy/actor/lib/jjs/external/require.js#409:30<eval>:48)
	at jdk.scripting.nashorn.scripts/jdk.nashorn.internal.scripts.Script$Recompilation$2189$require.L:45#_require(/home/travis/build/icyphy/ptII/ptolemy/actor/lib/jjs/external/require.js:429)
	at jdk.scripting.nashorn.scripts/jdk.nashorn.internal.scripts.Script$Recompilation$2193$21065A$require.L:45#_requireClosure#L:466(/home/travis/build/icyphy/ptII/ptolemy/actor/lib/jjs/external/require.js:467)
	at jdk.scripting.nashorn.scripts/jdk.nashorn.internal.scripts.Script$Recompilation$2267$1AAAAAAAAAAAAAA$\^function\_.L:1(<function>:97)
	at jdk.scripting.nashorn.scripts/jdk.nashorn.internal.scripts.Script$Recompilation$2266$17933AAAAAA$require$cu1$restOf.L:1#Accessor(/home/travis/build/icyphy/ptII/ptolemy/actor/lib/jjs/external/require.js#409:30<eval>:545)
	at jdk.scripting.nashorn.scripts/jdk.nashorn.internal.scripts.Script$Recompilation$2252$2801AAA$\^eval\_.evaluateCode(<eval>:96)
	at jdk.scripting.nashorn/jdk.nashorn.internal.runtime.ScriptFunctionData.invoke(ScriptFunctionData.java:661)
	at jdk.scripting.nashorn/jdk.nashorn.internal.runtime.ScriptFunction.invoke(ScriptFunction.java:513)
	at jdk.scripting.nashorn/jdk.nashorn.internal.runtime.ScriptRuntime.apply(ScriptRuntime.java:527)
	at jdk.scripting.nashorn/jdk.nashorn.api.scripting.ScriptObjectMirror.callMember(ScriptObjectMirror.java:202)
	at jdk.scripting.nashorn/jdk.nashorn.api.scripting.NashornScriptEngine.invokeImpl(NashornScriptEngine.java:393)
	at jdk.scripting.nashorn/jdk.nashorn.api.scripting.NashornScriptEngine.invokeFunction(NashornScriptEngine.java:197)
	at ptolemy.actor.lib.jjs.JavaScript._createEngineAndEvaluateSetup(JavaScript.java:2493)
	at ptolemy.actor.lib.jjs.JavaScript.attributeChanged(JavaScript.java:548)
	at org.terraswarm.accessor.JSAccessor.attributeChanged(JSAccessor.java:312)
	at ptolemy.data.expr.Variable._setTokenAndNotify(Variable.java:2271)
	at ptolemy.data.expr.Variable._evaluate(Variable.java:1873)
	at ptolemy.data.expr.Variable._propagate(Variable.java:1984)
	at ptolemy.data.expr.Variable.validate(Variable.java:1596)
	at ptolemy.moml.MoMLParser.endDocument(MoMLParser.java:867)
	at com.microstar.xml.XmlParser.doParse(XmlParser.java:162)
	at com.microstar.xml.XmlParser.parse(XmlParser.java:132)
	at ptolemy.moml.MoMLParser.parse(MoMLParser.java:1676)
	at ptolemy.moml.MoMLParser.parse(MoMLParser.java:1617)
	at ptolemy.moml.MoMLParser.parse(MoMLParser.java:1792)
	at org.terraswarm.accessor.AccessorLibrary.populate(AccessorLibrary.java:194)
	at ptolemy.moml.EntityLibrary.classDefinitionList(EntityLibrary.java:307)
	at ptolemy.kernel.CompositeEntity._description(CompositeEntity.java:2292)
	at ptolemy.kernel.CompositeEntity._description(CompositeEntity.java:2307)
	at ptolemy.kernel.CompositeEntity._description(CompositeEntity.java:2307)
	at ptolemy.kernel.CompositeEntity._description(CompositeEntity.java:2307)
	at ptolemy.kernel.CompositeEntity._description(CompositeEntity.java:2307)
	at ptolemy.kernel.util.NamedObj.description(NamedObj.java:731)
	at ptolemy.kernel.util.NamedObj.description(NamedObj.java:715)
	at java.base/jdk.internal.reflect.NativeMethodAccessorImpl.invoke0(Native Method)
	at java.base/jdk.internal.reflect.NativeMethodAccessorImpl.invoke(NativeMethodAccessorImpl.java:62)
	at java.base/jdk.internal.reflect.DelegatingMethodAccessorImpl.invoke(DelegatingMethodAccessorImpl.java:43)
	at java.base/java.lang.reflect.Method.invoke(Method.java:566)
	at tcl.lang.reflect.PkgInvoker.invokeMethod(PkgInvoker.java:129)
	at tcl.lang.JavaInvoke.call(JavaInvoke.java:253)
	at tcl.lang.JavaInvoke.callMethod(JavaInvoke.java:116)
	at tcl.lang.ReflectObject.cmdProc(ReflectObject.java:727)
	at tcl.lang.Parser.evalObjv(Parser.java:740)
	at tcl.lang.Parser.eval2(Parser.java:1138)
	at tcl.lang.Parser.evalTokens(Parser.java:930)
	at tcl.lang.Parser.eval2(Parser.java:1125)
	at tcl.lang.Parser.evalTokens(Parser.java:930)
	at tcl.lang.Parser.eval2(Parser.java:1125)
	at tcl.lang.Interp.eval(Interp.java:1782)
	at tcl.lang.Interp.eval(Interp.java:1841)
	at tcl.lang.UplevelCmd.cmdProc(UplevelCmd.java:93)
	at tcl.lang.AutoloadStub.cmdProc(Extension.java:144)
	at tcl.lang.Parser.evalObjv(Parser.java:740)
	at tcl.lang.Parser.eval2(Parser.java:1138)
	at tcl.lang.Interp.eval(Interp.java:1782)
	at tcl.lang.Interp.eval(Interp.java:1841)
	at tcl.lang.CatchCmd.cmdProc(CatchCmd.java:42)
	at tcl.lang.Parser.evalObjv(Parser.java:740)
	at tcl.lang.Parser.eval2(Parser.java:1138)
	at tcl.lang.Parser.evalTokens(Parser.java:930)
	at tcl.lang.Parser.eval2(Parser.java:1125)
	at tcl.lang.Procedure.cmdProc(Procedure.java:175)
	at tcl.lang.Parser.evalObjv(Parser.java:740)
	at tcl.lang.Parser.eval2(Parser.java:1138)
	at tcl.lang.Interp.eval(Interp.java:1782)
	at tcl.lang.Interp.eval(Interp.java:1841)
	at tcl.lang.ForeachCmd.cmdProc(ForeachCmd.java:116)
	at tcl.lang.AutoloadStub.cmdProc(Extension.java:144)
	at tcl.lang.Parser.evalObjv(Parser.java:740)
	at tcl.lang.Parser.eval2(Parser.java:1138)
	at tcl.lang.Interp.eval(Interp.java:1782)
	at tcl.lang.Interp.evalFile(Interp.java:1880)
	at java.base/jdk.internal.reflect.NativeMethodAccessorImpl.invoke0(Native Method)
	at java.base/jdk.internal.reflect.NativeMethodAccessorImpl.invoke(NativeMethodAccessorImpl.java:62)
	at java.base/jdk.internal.reflect.DelegatingMethodAccessorImpl.invoke(DelegatingMethodAccessorImpl.java:43)
	at java.base/java.lang.reflect.Method.invoke(Method.java:566)
	at ptolemy.util.test.junit.TclTests.RunTclFile(TclTests.java:233)
	at java.base/jdk.internal.reflect.NativeMethodAccessorImpl.invoke0(Native Method)
	at java.base/jdk.internal.reflect.NativeMethodAccessorImpl.invoke(NativeMethodAccessorImpl.java:62)
	at java.base/jdk.internal.reflect.DelegatingMethodAccessorImpl.invoke(DelegatingMethodAccessorImpl.java:43)
	at java.base/java.lang.reflect.Method.invoke(Method.java:566)
	at org.junit.runners.model.FrameworkMethod$1.runReflectiveCall(FrameworkMethod.java:44)
	at org.junit.internal.runners.model.ReflectiveCallable.run(ReflectiveCallable.java:15)
	at org.junit.runners.model.FrameworkMethod.invokeExplosively(FrameworkMethod.java:41)
	at junitparams.internal.InvokeParameterisedMethod.evaluate(InvokeParameterisedMethod.java:102)
	at junitparams.internal.ParameterisedTestMethodRunner.runMethodInvoker(ParameterisedTestMethodRunner.java:47)
	at junitparams.internal.ParameterisedTestMethodRunner.runTestMethod(ParameterisedTestMethodRunner.java:41)
	at junitparams.internal.ParameterisedTestClassRunner.runParameterisedTest(ParameterisedTestClassRunner.java:143)
	at junitparams.JUnitParamsRunner.runChild(JUnitParamsRunner.java:237)
	at junitparams.JUnitParamsRunner.runChild(JUnitParamsRunner.java:215)
	at org.junit.runners.ParentRunner$3.run(ParentRunner.java:193)
	at org.junit.runners.ParentRunner$1.schedule(ParentRunner.java:52)
	at org.junit.runners.ParentRunner.runChildren(ParentRunner.java:191)
	at org.junit.runners.ParentRunner.access$000(ParentRunner.java:42)
	at org.junit.runners.ParentRunner$2.evaluate(ParentRunner.java:184)
	at org.junit.internal.runners.statements.RunAfters.evaluate(RunAfters.java:31)
	at org.junit.runners.ParentRunner.run(ParentRunner.java:236)
	at org.junit.runners.Suite.runChild(Suite.java:128)
	at org.junit.runners.Suite.runChild(Suite.java:24)
	at org.junit.runners.ParentRunner$3.run(ParentRunner.java:193)
	at org.junit.runners.ParentRunner$1.schedule(ParentRunner.java:52)
	at org.junit.runners.ParentRunner.runChildren(ParentRunner.java:191)
	at org.junit.runners.ParentRunner.access$000(ParentRunner.java:42)
	at org.junit.runners.ParentRunner$2.evaluate(ParentRunner.java:184)
	at org.junit.runners.ParentRunner.run(ParentRunner.java:236)
	at junit.framework.JUnit4TestAdapter.run(JUnit4TestAdapter.java:39)
	at org.apache.tools.ant.taskdefs.optional.junit.JUnitTestRunner.run(JUnitTestRunner.java:535)
	at org.apache.tools.ant.taskdefs.optional.junit.JUnitTestRunner.launch(JUnitTestRunner.java:1182)
	at org.apache.tools.ant.taskdefs.optional.junit.JUnitTestRunner.main(JUnitTestRunner.java:1033)
 in /home/travis/build/icyphy/ptII/ptolemy/actor/lib/jjs/external/require.js at line number 454 at column number 12
	at org.terraswarm.accessor.AccessorLibrary.populate(AccessorLibrary.java:224)
	... 83 more
Caused by: ptolemy.kernel.util.IllegalActionException: Error evaluating expression:
// Copyright (c) 2015-2017 The Regents of the University of California.
...
  in .configuration.actor library.MoreLibraries.Accessors.audio.AudioCapture.script
Because:
Failed to evaluate script.
  in .configuration.actor library.MoreLibraries.Accessors.audio.AudioCapture
Because:
Error: Error executing module audio line #undefined : ptolemy.actor.lib.jjs.modules.audio.AudioHelper
In file: /home/travis/build/icyphy/ptII/ptolemy/actor/lib/jjs/modules/audio/audio.js

java.lang.ClassNotFoundException: ptolemy.actor.lib.jjs.modules.audio.AudioHelper
	at java.base/jdk.internal.loader.BuiltinClassLoader.loadClass(BuiltinClassLoader.java:583)
	at java.base/jdk.internal.loader.ClassLoaders$AppClassLoader.loadClass(ClassLoaders.java:178)
	at java.base/java.lang.ClassLoader.loadClass(ClassLoader.java:521)
	at java.base/java.lang.Class.forName0(Native Method)
	at java.base/java.lang.Class.forName(Class.java:398)
	at jdk.scripting.nashorn/jdk.nashorn.internal.runtime.Context.findClass(Context.java:1180)
	at jdk.scripting.nashorn/jdk.nashorn.internal.objects.NativeJava.simpleType(NativeJava.java:546)
	at jdk.scripting.nashorn/jdk.nashorn.internal.objects.NativeJava.type(NativeJava.java:326)
	at jdk.scripting.nashorn/jdk.nashorn.internal.objects.NativeJava.type(NativeJava.java:318)
	at jdk.scripting.nashorn/jdk.nashorn.internal.objects.NativeJava.type(NativeJava.java:314)
	at jdk.scripting.nashorn.scripts/jdk.nashorn.internal.scripts.Script$Recompilation$2279$require.L:1(/home/travis/build/icyphy/ptII/ptolemy/actor/lib/jjs/external/require.js#409:30<eval>:48)
	at jdk.scripting.nashorn.scripts/jdk.nashorn.internal.scripts.Script$Recompilation$2189$require.L:45#_require(/home/travis/build/icyphy/ptII/ptolemy/actor/lib/jjs/external/require.js:429)
	at jdk.scripting.nashorn.scripts/jdk.nashorn.internal.scripts.Script$Recompilation$2193$21065A$require.L:45#_requireClosure#L:466(/home/travis/build/icyphy/ptII/ptolemy/actor/lib/jjs/external/require.js:467)
	at jdk.scripting.nashorn.scripts/jdk.nashorn.internal.scripts.Script$Recompilation$2267$1AAAAAAAAAAAAAA$\^function\_.L:1(<function>:97)
	at jdk.scripting.nashorn.scripts/jdk.nashorn.internal.scripts.Script$Recompilation$2266$17933AAAAAA$require$cu1$restOf.L:1#Accessor(/home/travis/build/icyphy/ptII/ptolemy/actor/lib/jjs/external/require.js#409:30<eval>:545)
	at jdk.scripting.nashorn.scripts/jdk.nashorn.internal.scripts.Script$Recompilation$2252$2801AAA$\^eval\_.evaluateCode(<eval>:96)
	at jdk.scripting.nashorn/jdk.nashorn.internal.runtime.ScriptFunctionData.invoke(ScriptFunctionData.java:661)
	at jdk.scripting.nashorn/jdk.nashorn.internal.runtime.ScriptFunction.invoke(ScriptFunction.java:513)
	at jdk.scripting.nashorn/jdk.nashorn.internal.runtime.ScriptRuntime.apply(ScriptRuntime.java:527)
	at jdk.scripting.nashorn/jdk.nashorn.api.scripting.ScriptObjectMirror.callMember(ScriptObjectMirror.java:202)
	at jdk.scripting.nashorn/jdk.nashorn.api.scripting.NashornScriptEngine.invokeImpl(NashornScriptEngine.java:393)
	at jdk.scripting.nashorn/jdk.nashorn.api.scripting.NashornScriptEngine.invokeFunction(NashornScriptEngine.java:197)
	at ptolemy.actor.lib.jjs.JavaScript._createEngineAndEvaluateSetup(JavaScript.java:2493)
	at ptolemy.actor.lib.jjs.JavaScript.attributeChanged(JavaScript.java:548)
	at org.terraswarm.accessor.JSAccessor.attributeChanged(JSAccessor.java:312)
	at ptolemy.data.expr.Variable._setTokenAndNotify(Variable.java:2271)
	at ptolemy.data.expr.Variable._evaluate(Variable.java:1873)
	at ptolemy.data.expr.Variable._propagate(Variable.java:1984)
	at ptolemy.data.expr.Variable.validate(Variable.java:1596)
	at ptolemy.moml.MoMLParser.endDocument(MoMLParser.java:867)
	at com.microstar.xml.XmlParser.doParse(XmlParser.java:162)
	at com.microstar.xml.XmlParser.parse(XmlParser.java:132)
	at ptolemy.moml.MoMLParser.parse(MoMLParser.java:1676)
	at ptolemy.moml.MoMLParser.parse(MoMLParser.java:1617)
	at ptolemy.moml.MoMLParser.parse(MoMLParser.java:1792)
	at org.terraswarm.accessor.AccessorLibrary.populate(AccessorLibrary.java:194)
	at ptolemy.moml.EntityLibrary.classDefinitionList(EntityLibrary.java:307)
	at ptolemy.kernel.CompositeEntity._description(CompositeEntity.java:2292)
	at ptolemy.kernel.CompositeEntity._description(CompositeEntity.java:2307)
	at ptolemy.kernel.CompositeEntity._description(CompositeEntity.java:2307)
	at ptolemy.kernel.CompositeEntity._description(CompositeEntity.java:2307)
	at ptolemy.kernel.CompositeEntity._description(CompositeEntity.java:2307)
	at ptolemy.kernel.util.NamedObj.description(NamedObj.java:731)
	at ptolemy.kernel.util.NamedObj.description(NamedObj.java:715)
	at java.base/jdk.internal.reflect.NativeMethodAccessorImpl.invoke0(Native Method)
	at java.base/jdk.internal.reflect.NativeMethodAccessorImpl.invoke(NativeMethodAccessorImpl.java:62)
	at java.base/jdk.internal.reflect.DelegatingMethodAccessorImpl.invoke(DelegatingMethodAccessorImpl.java:43)
	at java.base/java.lang.reflect.Method.invoke(Method.java:566)
	at tcl.lang.reflect.PkgInvoker.invokeMethod(PkgInvoker.java:129)
	at tcl.lang.JavaInvoke.call(JavaInvoke.java:253)
	at tcl.lang.JavaInvoke.callMethod(JavaInvoke.java:116)
	at tcl.lang.ReflectObject.cmdProc(ReflectObject.java:727)
	at tcl.lang.Parser.evalObjv(Parser.java:740)
	at tcl.lang.Parser.eval2(Parser.java:1138)
	at tcl.lang.Parser.evalTokens(Parser.java:930)
	at tcl.lang.Parser.eval2(Parser.java:1125)
	at tcl.lang.Parser.evalTokens(Parser.java:930)
	at tcl.lang.Parser.eval2(Parser.java:1125)
	at tcl.lang.Interp.eval(Interp.java:1782)
	at tcl.lang.Interp.eval(Interp.java:1841)
	at tcl.lang.UplevelCmd.cmdProc(UplevelCmd.java:93)
	at tcl.lang.AutoloadStub.cmdProc(Extension.java:144)
	at tcl.lang.Parser.evalObjv(Parser.java:740)
	at tcl.lang.Parser.eval2(Parser.java:1138)
	at tcl.lang.Interp.eval(Interp.java:1782)
	at tcl.lang.Interp.eval(Interp.java:1841)
	at tcl.lang.CatchCmd.cmdProc(CatchCmd.java:42)
	at tcl.lang.Parser.evalObjv(Parser.java:740)
	at tcl.lang.Parser.eval2(Parser.java:1138)
	at tcl.lang.Parser.evalTokens(Parser.java:930)
	at tcl.lang.Parser.eval2(Parser.java:1125)
	at tcl.lang.Procedure.cmdProc(Procedure.java:175)
	at tcl.lang.Parser.evalObjv(Parser.java:740)
	at tcl.lang.Parser.eval2(Parser.java:1138)
	at tcl.lang.Interp.eval(Interp.java:1782)
	at tcl.lang.Interp.eval(Interp.java:1841)
	at tcl.lang.ForeachCmd.cmdProc(ForeachCmd.java:116)
	at tcl.lang.AutoloadStub.cmdProc(Extension.java:144)
	at tcl.lang.Parser.evalObjv(Parser.java:740)
	at tcl.lang.Parser.eval2(Parser.java:1138)
	at tcl.lang.Interp.eval(Interp.java:1782)
	at tcl.lang.Interp.evalFile(Interp.java:1880)
	at java.base/jdk.internal.reflect.NativeMethodAccessorImpl.invoke0(Native Method)
	at java.base/jdk.internal.reflect.NativeMethodAccessorImpl.invoke(NativeMethodAccessorImpl.java:62)
	at java.base/jdk.internal.reflect.DelegatingMethodAccessorImpl.invoke(DelegatingMethodAccessorImpl.java:43)
	at java.base/java.lang.reflect.Method.invoke(Method.java:566)
	at ptolemy.util.test.junit.TclTests.RunTclFile(TclTests.java:233)
	at java.base/jdk.internal.reflect.NativeMethodAccessorImpl.invoke0(Native Method)
	at java.base/jdk.internal.reflect.NativeMethodAccessorImpl.invoke(NativeMethodAccessorImpl.java:62)
	at java.base/jdk.internal.reflect.DelegatingMethodAccessorImpl.invoke(DelegatingMethodAccessorImpl.java:43)
	at java.base/java.lang.reflect.Method.invoke(Method.java:566)
	at org.junit.runners.model.FrameworkMethod$1.runReflectiveCall(FrameworkMethod.java:44)
	at org.junit.internal.runners.model.ReflectiveCallable.run(ReflectiveCallable.java:15)
	at org.junit.runners.model.FrameworkMethod.invokeExplosively(FrameworkMethod.java:41)
	at junitparams.internal.InvokeParameterisedMethod.evaluate(InvokeParameterisedMethod.java:102)
	at junitparams.internal.ParameterisedTestMethodRunner.runMethodInvoker(ParameterisedTestMethodRunner.java:47)
	at junitparams.internal.ParameterisedTestMethodRunner.runTestMethod(ParameterisedTestMethodRunner.java:41)
	at junitparams.internal.ParameterisedTestClassRunner.runParameterisedTest(ParameterisedTestClassRunner.java:143)
	at junitparams.JUnitParamsRunner.runChild(JUnitParamsRunner.java:237)
	at junitparams.JUnitParamsRunner.runChild(JUnitParamsRunner.java:215)
	at org.junit.runners.ParentRunner$3.run(ParentRunner.java:193)
	at org.junit.runners.ParentRunner$1.schedule(ParentRunner.java:52)
	at org.junit.runners.ParentRunner.runChildren(ParentRunner.java:191)
	at org.junit.runners.ParentRunner.access$000(ParentRunner.java:42)
	at org.junit.runners.ParentRunner$2.evaluate(ParentRunner.java:184)
	at org.junit.internal.runners.statements.RunAfters.evaluate(RunAfters.java:31)
	at org.junit.runners.ParentRunner.run(ParentRunner.java:236)
	at org.junit.runners.Suite.runChild(Suite.java:128)
	at org.junit.runners.Suite.runChild(Suite.java:24)
	at org.junit.runners.ParentRunner$3.run(ParentRunner.java:193)
	at org.junit.runners.ParentRunner$1.schedule(ParentRunner.java:52)
	at org.junit.runners.ParentRunner.runChildren(ParentRunner.java:191)
	at org.junit.runners.ParentRunner.access$000(ParentRunner.java:42)
	at org.junit.runners.ParentRunner$2.evaluate(ParentRunner.java:184)
	at org.junit.runners.ParentRunner.run(ParentRunner.java:236)
	at junit.framework.JUnit4TestAdapter.run(JUnit4TestAdapter.java:39)
	at org.apache.tools.ant.taskdefs.optional.junit.JUnitTestRunner.run(JUnitTestRunner.java:535)
	at org.apache.tools.ant.taskdefs.optional.junit.JUnitTestRunner.launch(JUnitTestRunner.java:1182)
	at org.apache.tools.ant.taskdefs.optional.junit.JUnitTestRunner.main(JUnitTestRunner.java:1033)
 in /home/travis/build/icyphy/ptII/ptolemy/actor/lib/jjs/external/require.js at line number 454 at column number 12
  in .configuration.actor library.MoreLibraries.Accessors.audio.AudioCapture.script
Because:
Error evaluating expression:
// Copyright (c) 2015-2017 The Regents of the University of California.
...
  in .configuration.actor library.MoreLibraries.Accessors.audio.AudioCapture.script
Because:
Failed to evaluate script.
  in .configuration.actor library.MoreLibraries.Accessors.audio.AudioCapture
Because:
Error: Error executing module audio line #undefined : ptolemy.actor.lib.jjs.modules.audio.AudioHelper
In file: /home/travis/build/icyphy/ptII/ptolemy/actor/lib/jjs/modules/audio/audio.js

java.lang.ClassNotFoundException: ptolemy.actor.lib.jjs.modules.audio.AudioHelper
	at java.base/jdk.internal.loader.BuiltinClassLoader.loadClass(BuiltinClassLoader.java:583)
	at java.base/jdk.internal.loader.ClassLoaders$AppClassLoader.loadClass(ClassLoaders.java:178)
	at java.base/java.lang.ClassLoader.loadClass(ClassLoader.java:521)
	at java.base/java.lang.Class.forName0(Native Method)
	at java.base/java.lang.Class.forName(Class.java:398)
	at jdk.scripting.nashorn/jdk.nashorn.internal.runtime.Context.findClass(Context.java:1180)
	at jdk.scripting.nashorn/jdk.nashorn.internal.objects.NativeJava.simpleType(NativeJava.java:546)
	at jdk.scripting.nashorn/jdk.nashorn.internal.objects.NativeJava.type(NativeJava.java:326)
	at jdk.scripting.nashorn/jdk.nashorn.internal.objects.NativeJava.type(NativeJava.java:318)
	at jdk.scripting.nashorn/jdk.nashorn.internal.objects.NativeJava.type(NativeJava.java:314)
	at jdk.scripting.nashorn.scripts/jdk.nashorn.internal.scripts.Script$Recompilation$2279$require.L:1(/home/travis/build/icyphy/ptII/ptolemy/actor/lib/jjs/external/require.js#409:30<eval>:48)
	at jdk.scripting.nashorn.scripts/jdk.nashorn.internal.scripts.Script$Recompilation$2189$require.L:45#_require(/home/travis/build/icyphy/ptII/ptolemy/actor/lib/jjs/external/require.js:429)
	at jdk.scripting.nashorn.scripts/jdk.nashorn.internal.scripts.Script$Recompilation$2193$21065A$require.L:45#_requireClosure#L:466(/home/travis/build/icyphy/ptII/ptolemy/actor/lib/jjs/external/require.js:467)
	at jdk.scripting.nashorn.scripts/jdk.nashorn.internal.scripts.Script$Recompilation$2267$1AAAAAAAAAAAAAA$\^function\_.L:1(<function>:97)
	at jdk.scripting.nashorn.scripts/jdk.nashorn.internal.scripts.Script$Recompilation$2266$17933AAAAAA$require$cu1$restOf.L:1#Accessor(/home/travis/build/icyphy/ptII/ptolemy/actor/lib/jjs/external/require.js#409:30<eval>:545)
	at jdk.scripting.nashorn.scripts/jdk.nashorn.internal.scripts.Script$Recompilation$2252$2801AAA$\^eval\_.evaluateCode(<eval>:96)
	at jdk.scripting.nashorn/jdk.nashorn.internal.runtime.ScriptFunctionData.invoke(ScriptFunctionData.java:661)
	at jdk.scripting.nashorn/jdk.nashorn.internal.runtime.ScriptFunction.invoke(ScriptFunction.java:513)
	at jdk.scripting.nashorn/jdk.nashorn.internal.runtime.ScriptRuntime.apply(ScriptRuntime.java:527)
	at jdk.scripting.nashorn/jdk.nashorn.api.scripting.ScriptObjectMirror.callMember(ScriptObjectMirror.java:202)
	at jdk.scripting.nashorn/jdk.nashorn.api.scripting.NashornScriptEngine.invokeImpl(NashornScriptEngine.java:393)
	at jdk.scripting.nashorn/jdk.nashorn.api.scripting.NashornScriptEngine.invokeFunction(NashornScriptEngine.java:197)
	at ptolemy.actor.lib.jjs.JavaScript._createEngineAndEvaluateSetup(JavaScript.java:2493)
	at ptolemy.actor.lib.jjs.JavaScript.attributeChanged(JavaScript.java:548)
	at org.terraswarm.accessor.JSAccessor.attributeChanged(JSAccessor.java:312)
	at ptolemy.data.expr.Variable._setTokenAndNotify(Variable.java:2271)
	at ptolemy.data.expr.Variable._evaluate(Variable.java:1873)
	at ptolemy.data.expr.Variable._propagate(Variable.java:1984)
	at ptolemy.data.expr.Variable.validate(Variable.java:1596)
	at ptolemy.moml.MoMLParser.endDocument(MoMLParser.java:867)
	at com.microstar.xml.XmlParser.doParse(XmlParser.java:162)
	at com.microstar.xml.XmlParser.parse(XmlParser.java:132)
	at ptolemy.moml.MoMLParser.parse(MoMLParser.java:1676)
	at ptolemy.moml.MoMLParser.parse(MoMLParser.java:1617)
	at ptolemy.moml.MoMLParser.parse(MoMLParser.java:1792)
	at org.terraswarm.accessor.AccessorLibrary.populate(AccessorLibrary.java:194)
	at ptolemy.moml.EntityLibrary.classDefinitionList(EntityLibrary.java:307)
	at ptolemy.kernel.CompositeEntity._description(CompositeEntity.java:2292)
	at ptolemy.kernel.CompositeEntity._description(CompositeEntity.java:2307)
	at ptolemy.kernel.CompositeEntity._description(CompositeEntity.java:2307)
	at ptolemy.kernel.CompositeEntity._description(CompositeEntity.java:2307)
	at ptolemy.kernel.CompositeEntity._description(CompositeEntity.java:2307)
	at ptolemy.kernel.util.NamedObj.description(NamedObj.java:731)
	at ptolemy.kernel.util.NamedObj.description(NamedObj.java:715)
	at java.base/jdk.internal.reflect.NativeMethodAccessorImpl.invoke0(Native Method)
	at java.base/jdk.internal.reflect.NativeMethodAccessorImpl.invoke(NativeMethodAccessorImpl.java:62)
	at java.base/jdk.internal.reflect.DelegatingMethodAccessorImpl.invoke(DelegatingMethodAccessorImpl.java:43)
	at java.base/java.lang.reflect.Method.invoke(Method.java:566)
	at tcl.lang.reflect.PkgInvoker.invokeMethod(PkgInvoker.java:129)
	at tcl.lang.JavaInvoke.call(JavaInvoke.java:253)
	at tcl.lang.JavaInvoke.callMethod(JavaInvoke.java:116)
	at tcl.lang.ReflectObject.cmdProc(ReflectObject.java:727)
	at tcl.lang.Parser.evalObjv(Parser.java:740)
	at tcl.lang.Parser.eval2(Parser.java:1138)
	at tcl.lang.Parser.evalTokens(Parser.java:930)
	at tcl.lang.Parser.eval2(Parser.java:1125)
	at tcl.lang.Parser.evalTokens(Parser.java:930)
	at tcl.lang.Parser.eval2(Parser.java:1125)
	at tcl.lang.Interp.eval(Interp.java:1782)
	at tcl.lang.Interp.eval(Interp.java:1841)
	at tcl.lang.UplevelCmd.cmdProc(UplevelCmd.java:93)
	at tcl.lang.AutoloadStub.cmdProc(Extension.java:144)
	at tcl.lang.Parser.evalObjv(Parser.java:740)
	at tcl.lang.Parser.eval2(Parser.java:1138)
	at tcl.lang.Interp.eval(Interp.java:1782)
	at tcl.lang.Interp.eval(Interp.java:1841)
	at tcl.lang.CatchCmd.cmdProc(CatchCmd.java:42)
	at tcl.lang.Parser.evalObjv(Parser.java:740)
	at tcl.lang.Parser.eval2(Parser.java:1138)
	at tcl.lang.Parser.evalTokens(Parser.java:930)
	at tcl.lang.Parser.eval2(Parser.java:1125)
	at tcl.lang.Procedure.cmdProc(Procedure.java:175)
	at tcl.lang.Parser.evalObjv(Parser.java:740)
	at tcl.lang.Parser.eval2(Parser.java:1138)
	at tcl.lang.Interp.eval(Interp.java:1782)
	at tcl.lang.Interp.eval(Interp.java:1841)
	at tcl.lang.ForeachCmd.cmdProc(ForeachCmd.java:116)
	at tcl.lang.AutoloadStub.cmdProc(Extension.java:144)
	at tcl.lang.Parser.evalObjv(Parser.java:740)
	at tcl.lang.Parser.eval2(Parser.java:1138)
	at tcl.lang.Interp.eval(Interp.java:1782)
	at tcl.lang.Interp.evalFile(Interp.java:1880)
	at java.base/jdk.internal.reflect.NativeMethodAccessorImpl.invoke0(Native Method)
	at java.base/jdk.internal.reflect.NativeMethodAccessorImpl.invoke(NativeMethodAccessorImpl.java:62)
	at java.base/jdk.internal.reflect.DelegatingMethodAccessorImpl.invoke(DelegatingMethodAccessorImpl.java:43)
	at java.base/java.lang.reflect.Method.invoke(Method.java:566)
	at ptolemy.util.test.junit.TclTests.RunTclFile(TclTests.java:233)
	at java.base/jdk.internal.reflect.NativeMethodAccessorImpl.invoke0(Native Method)
	at java.base/jdk.internal.reflect.NativeMethodAccessorImpl.invoke(NativeMethodAccessorImpl.java:62)
	at java.base/jdk.internal.reflect.DelegatingMethodAccessorImpl.invoke(DelegatingMethodAccessorImpl.java:43)
	at java.base/java.lang.reflect.Method.invoke(Method.java:566)
	at org.junit.runners.model.FrameworkMethod$1.runReflectiveCall(FrameworkMethod.java:44)
	at org.junit.internal.runners.model.ReflectiveCallable.run(ReflectiveCallable.java:15)
	at org.junit.runners.model.FrameworkMethod.invokeExplosively(FrameworkMethod.java:41)
	at junitparams.internal.InvokeParameterisedMethod.evaluate(InvokeParameterisedMethod.java:102)
	at junitparams.internal.ParameterisedTestMethodRunner.runMethodInvoker(ParameterisedTestMethodRunner.java:47)
	at junitparams.internal.ParameterisedTestMethodRunner.runTestMethod(ParameterisedTestMethodRunner.java:41)
	at junitparams.internal.ParameterisedTestClassRunner.runParameterisedTest(ParameterisedTestClassRunner.java:143)
	at junitparams.JUnitParamsRunner.runChild(JUnitParamsRunner.java:237)
	at junitparams.JUnitParamsRunner.runChild(JUnitParamsRunner.java:215)
	at org.junit.runners.ParentRunner$3.run(ParentRunner.java:193)
	at org.junit.runners.ParentRunner$1.schedule(ParentRunner.java:52)
	at org.junit.runners.ParentRunner.runChildren(ParentRunner.java:191)
	at org.junit.runners.ParentRunner.access$000(ParentRunner.java:42)
	at org.junit.runners.ParentRunner$2.evaluate(ParentRunner.java:184)
	at org.junit.internal.runners.statements.RunAfters.evaluate(RunAfters.java:31)
	at org.junit.runners.ParentRunner.run(ParentRunner.java:236)
	at org.junit.runners.Suite.runChild(Suite.java:128)
	at org.junit.runners.Suite.runChild(Suite.java:24)
	at org.junit.runners.ParentRunner$3.run(ParentRunner.java:193)
	at org.junit.runners.ParentRunner$1.schedule(ParentRunner.java:52)
	at org.junit.runners.ParentRunner.runChildren(ParentRunner.java:191)
	at org.junit.runners.ParentRunner.access$000(ParentRunner.java:42)
	at org.junit.runners.ParentRunner$2.evaluate(ParentRunner.java:184)
	at org.junit.runners.ParentRunner.run(ParentRunner.java:236)
	at junit.framework.JUnit4TestAdapter.run(JUnit4TestAdapter.java:39)
	at org.apache.tools.ant.taskdefs.optional.junit.JUnitTestRunner.run(JUnitTestRunner.java:535)
	at org.apache.tools.ant.taskdefs.optional.junit.JUnitTestRunner.launch(JUnitTestRunner.java:1182)
	at org.apache.tools.ant.taskdefs.optional.junit.JUnitTestRunner.main(JUnitTestRunner.java:1033)
 in /home/travis/build/icyphy/ptII/ptolemy/actor/lib/jjs/external/require.js at line number 454 at column number 12
	at ptolemy.data.expr.Variable.validate(Variable.java:1619)
	at ptolemy.moml.MoMLParser.endDocument(MoMLParser.java:867)
	at com.microstar.xml.XmlParser.doParse(XmlParser.java:162)
	at com.microstar.xml.XmlParser.parse(XmlParser.java:132)
	at ptolemy.moml.MoMLParser.parse(MoMLParser.java:1676)
	at ptolemy.moml.MoMLParser.parse(MoMLParser.java:1617)
	at ptolemy.moml.MoMLParser.parse(MoMLParser.java:1792)
	at org.terraswarm.accessor.AccessorLibrary.populate(AccessorLibrary.java:194)
	... 83 more
Caused by: ptolemy.kernel.util.IllegalActionException: Error evaluating expression:
// Copyright (c) 2015-2017 The Regents of the University of California.
...
  in .configuration.actor library.MoreLibraries.Accessors.audio.AudioCapture.script
Because:
Failed to evaluate script.
  in .configuration.actor library.MoreLibraries.Accessors.audio.AudioCapture
Because:
Error: Error executing module audio line #undefined : ptolemy.actor.lib.jjs.modules.audio.AudioHelper
In file: /home/travis/build/icyphy/ptII/ptolemy/actor/lib/jjs/modules/audio/audio.js

java.lang.ClassNotFoundException: ptolemy.actor.lib.jjs.modules.audio.AudioHelper
	at java.base/jdk.internal.loader.BuiltinClassLoader.loadClass(BuiltinClassLoader.java:583)
	at java.base/jdk.internal.loader.ClassLoaders$AppClassLoader.loadClass(ClassLoaders.java:178)
	at java.base/java.lang.ClassLoader.loadClass(ClassLoader.java:521)
	at java.base/java.lang.Class.forName0(Native Method)
	at java.base/java.lang.Class.forName(Class.java:398)
	at jdk.scripting.nashorn/jdk.nashorn.internal.runtime.Context.findClass(Context.java:1180)
	at jdk.scripting.nashorn/jdk.nashorn.internal.objects.NativeJava.simpleType(NativeJava.java:546)
	at jdk.scripting.nashorn/jdk.nashorn.internal.objects.NativeJava.type(NativeJava.java:326)
	at jdk.scripting.nashorn/jdk.nashorn.internal.objects.NativeJava.type(NativeJava.java:318)
	at jdk.scripting.nashorn/jdk.nashorn.internal.objects.NativeJava.type(NativeJava.java:314)
	at jdk.scripting.nashorn.scripts/jdk.nashorn.internal.scripts.Script$Recompilation$2279$require.L:1(/home/travis/build/icyphy/ptII/ptolemy/actor/lib/jjs/external/require.js#409:30<eval>:48)
	at jdk.scripting.nashorn.scripts/jdk.nashorn.internal.scripts.Script$Recompilation$2189$require.L:45#_require(/home/travis/build/icyphy/ptII/ptolemy/actor/lib/jjs/external/require.js:429)
	at jdk.scripting.nashorn.scripts/jdk.nashorn.internal.scripts.Script$Recompilation$2193$21065A$require.L:45#_requireClosure#L:466(/home/travis/build/icyphy/ptII/ptolemy/actor/lib/jjs/external/require.js:467)
	at jdk.scripting.nashorn.scripts/jdk.nashorn.internal.scripts.Script$Recompilation$2267$1AAAAAAAAAAAAAA$\^function\_.L:1(<function>:97)
	at jdk.scripting.nashorn.scripts/jdk.nashorn.internal.scripts.Script$Recompilation$2266$17933AAAAAA$require$cu1$restOf.L:1#Accessor(/home/travis/build/icyphy/ptII/ptolemy/actor/lib/jjs/external/require.js#409:30<eval>:545)
	at jdk.scripting.nashorn.scripts/jdk.nashorn.internal.scripts.Script$Recompilation$2252$2801AAA$\^eval\_.evaluateCode(<eval>:96)
	at jdk.scripting.nashorn/jdk.nashorn.internal.runtime.ScriptFunctionData.invoke(ScriptFunctionData.java:661)
	at jdk.scripting.nashorn/jdk.nashorn.internal.runtime.ScriptFunction.invoke(ScriptFunction.java:513)
	at jdk.scripting.nashorn/jdk.nashorn.internal.runtime.ScriptRuntime.apply(ScriptRuntime.java:527)
	at jdk.scripting.nashorn/jdk.nashorn.api.scripting.ScriptObjectMirror.callMember(ScriptObjectMirror.java:202)
	at jdk.scripting.nashorn/jdk.nashorn.api.scripting.NashornScriptEngine.invokeImpl(NashornScriptEngine.java:393)
	at jdk.scripting.nashorn/jdk.nashorn.api.scripting.NashornScriptEngine.invokeFunction(NashornScriptEngine.java:197)
	at ptolemy.actor.lib.jjs.JavaScript._createEngineAndEvaluateSetup(JavaScript.java:2493)
	at ptolemy.actor.lib.jjs.JavaScript.attributeChanged(JavaScript.java:548)
	at org.terraswarm.accessor.JSAccessor.attributeChanged(JSAccessor.java:312)
	at ptolemy.data.expr.Variable._setTokenAndNotify(Variable.java:2271)
	at ptolemy.data.expr.Variable._evaluate(Variable.java:1873)
	at ptolemy.data.expr.Variable._propagate(Variable.java:1984)
	at ptolemy.data.expr.Variable.validate(Variable.java:1596)
	at ptolemy.moml.MoMLParser.endDocument(MoMLParser.java:867)
	at com.microstar.xml.XmlParser.doParse(XmlParser.java:162)
	at com.microstar.xml.XmlParser.parse(XmlParser.java:132)
	at ptolemy.moml.MoMLParser.parse(MoMLParser.java:1676)
	at ptolemy.moml.MoMLParser.parse(MoMLParser.java:1617)
	at ptolemy.moml.MoMLParser.parse(MoMLParser.java:1792)
	at org.terraswarm.accessor.AccessorLibrary.populate(AccessorLibrary.java:194)
	at ptolemy.moml.EntityLibrary.classDefinitionList(EntityLibrary.java:307)
	at ptolemy.kernel.CompositeEntity._description(CompositeEntity.java:2292)
	at ptolemy.kernel.CompositeEntity._description(CompositeEntity.java:2307)
	at ptolemy.kernel.CompositeEntity._description(CompositeEntity.java:2307)
	at ptolemy.kernel.CompositeEntity._description(CompositeEntity.java:2307)
	at ptolemy.kernel.CompositeEntity._description(CompositeEntity.java:2307)
	at ptolemy.kernel.util.NamedObj.description(NamedObj.java:731)
	at ptolemy.kernel.util.NamedObj.description(NamedObj.java:715)
	at java.base/jdk.internal.reflect.NativeMethodAccessorImpl.invoke0(Native Method)
	at java.base/jdk.internal.reflect.NativeMethodAccessorImpl.invoke(NativeMethodAccessorImpl.java:62)
	at java.base/jdk.internal.reflect.DelegatingMethodAccessorImpl.invoke(DelegatingMethodAccessorImpl.java:43)
	at java.base/java.lang.reflect.Method.invoke(Method.java:566)
	at tcl.lang.reflect.PkgInvoker.invokeMethod(PkgInvoker.java:129)
	at tcl.lang.JavaInvoke.call(JavaInvoke.java:253)
	at tcl.lang.JavaInvoke.callMethod(JavaInvoke.java:116)
	at tcl.lang.ReflectObject.cmdProc(ReflectObject.java:727)
	at tcl.lang.Parser.evalObjv(Parser.java:740)
	at tcl.lang.Parser.eval2(Parser.java:1138)
	at tcl.lang.Parser.evalTokens(Parser.java:930)
	at tcl.lang.Parser.eval2(Parser.java:1125)
	at tcl.lang.Parser.evalTokens(Parser.java:930)
	at tcl.lang.Parser.eval2(Parser.java:1125)
	at tcl.lang.Interp.eval(Interp.java:1782)
	at tcl.lang.Interp.eval(Interp.java:1841)
	at tcl.lang.UplevelCmd.cmdProc(UplevelCmd.java:93)
	at tcl.lang.AutoloadStub.cmdProc(Extension.java:144)
	at tcl.lang.Parser.evalObjv(Parser.java:740)
	at tcl.lang.Parser.eval2(Parser.java:1138)
	at tcl.lang.Interp.eval(Interp.java:1782)
	at tcl.lang.Interp.eval(Interp.java:1841)
	at tcl.lang.CatchCmd.cmdProc(CatchCmd.java:42)
	at tcl.lang.Parser.evalObjv(Parser.java:740)
	at tcl.lang.Parser.eval2(Parser.java:1138)
	at tcl.lang.Parser.evalTokens(Parser.java:930)
	at tcl.lang.Parser.eval2(Parser.java:1125)
	at tcl.lang.Procedure.cmdProc(Procedure.java:175)
	at tcl.lang.Parser.evalObjv(Parser.java:740)
	at tcl.lang.Parser.eval2(Parser.java:1138)
	at tcl.lang.Interp.eval(Interp.java:1782)
	at tcl.lang.Interp.eval(Interp.java:1841)
	at tcl.lang.ForeachCmd.cmdProc(ForeachCmd.java:116)
	at tcl.lang.AutoloadStub.cmdProc(Extension.java:144)
	at tcl.lang.Parser.evalObjv(Parser.java:740)
	at tcl.lang.Parser.eval2(Parser.java:1138)
	at tcl.lang.Interp.eval(Interp.java:1782)
	at tcl.lang.Interp.evalFile(Interp.java:1880)
	at java.base/jdk.internal.reflect.NativeMethodAccessorImpl.invoke0(Native Method)
	at java.base/jdk.internal.reflect.NativeMethodAccessorImpl.invoke(NativeMethodAccessorImpl.java:62)
	at java.base/jdk.internal.reflect.DelegatingMethodAccessorImpl.invoke(DelegatingMethodAccessorImpl.java:43)
	at java.base/java.lang.reflect.Method.invoke(Method.java:566)
	at ptolemy.util.test.junit.TclTests.RunTclFile(TclTests.java:233)
	at java.base/jdk.internal.reflect.NativeMethodAccessorImpl.invoke0(Native Method)
	at java.base/jdk.internal.reflect.NativeMethodAccessorImpl.invoke(NativeMethodAccessorImpl.java:62)
	at java.base/jdk.internal.reflect.DelegatingMethodAccessorImpl.invoke(DelegatingMethodAccessorImpl.java:43)
	at java.base/java.lang.reflect.Method.invoke(Method.java:566)
	at org.junit.runners.model.FrameworkMethod$1.runReflectiveCall(FrameworkMethod.java:44)
	at org.junit.internal.runners.model.ReflectiveCallable.run(ReflectiveCallable.java:15)
	at org.junit.runners.model.FrameworkMethod.invokeExplosively(FrameworkMethod.java:41)
	at junitparams.internal.InvokeParameterisedMethod.evaluate(InvokeParameterisedMethod.java:102)
	at junitparams.internal.ParameterisedTestMethodRunner.runMethodInvoker(ParameterisedTestMethodRunner.java:47)
	at junitparams.internal.ParameterisedTestMethodRunner.runTestMethod(ParameterisedTestMethodRunner.java:41)
	at junitparams.internal.ParameterisedTestClassRunner.runParameterisedTest(ParameterisedTestClassRunner.java:143)
	at junitparams.JUnitParamsRunner.runChild(JUnitParamsRunner.java:237)
	at junitparams.JUnitParamsRunner.runChild(JUnitParamsRunner.java:215)
	at org.junit.runners.ParentRunner$3.run(ParentRunner.java:193)
	at org.junit.runners.ParentRunner$1.schedule(ParentRunner.java:52)
	at org.junit.runners.ParentRunner.runChildren(ParentRunner.java:191)
	at org.junit.runners.ParentRunner.access$000(ParentRunner.java:42)
	at org.junit.runners.ParentRunner$2.evaluate(ParentRunner.java:184)
	at org.junit.internal.runners.statements.RunAfters.evaluate(RunAfters.java:31)
	at org.junit.runners.ParentRunner.run(ParentRunner.java:236)
	at org.junit.runners.Suite.runChild(Suite.java:128)
	at org.junit.runners.Suite.runChild(Suite.java:24)
	at org.junit.runners.ParentRunner$3.run(ParentRunner.java:193)
	at org.junit.runners.ParentRunner$1.schedule(ParentRunner.java:52)
	at org.junit.runners.ParentRunner.runChildren(ParentRunner.java:191)
	at org.junit.runners.ParentRunner.access$000(ParentRunner.java:42)
	at org.junit.runners.ParentRunner$2.evaluate(ParentRunner.java:184)
	at org.junit.runners.ParentRunner.run(ParentRunner.java:236)
	at junit.framework.JUnit4TestAdapter.run(JUnit4TestAdapter.java:39)
	at org.apache.tools.ant.taskdefs.optional.junit.JUnitTestRunner.run(JUnitTestRunner.java:535)
	at org.apache.tools.ant.taskdefs.optional.junit.JUnitTestRunner.launch(JUnitTestRunner.java:1182)
	at org.apache.tools.ant.taskdefs.optional.junit.JUnitTestRunner.main(JUnitTestRunner.java:1033)
 in /home/travis/build/icyphy/ptII/ptolemy/actor/lib/jjs/external/require.js at line number 454 at column number 12
	at ptolemy.data.expr.Variable._evaluate(Variable.java:1891)
	at ptolemy.data.expr.Variable._propagate(Variable.java:1984)
	at ptolemy.data.expr.Variable.validate(Variable.java:1596)
	... 90 more
Caused by: ptolemy.kernel.util.IllegalActionException: Failed to evaluate script.
  in .configuration.actor library.MoreLibraries.Accessors.audio.AudioCapture
Because:
Error: Error executing module audio line #undefined : ptolemy.actor.lib.jjs.modules.audio.AudioHelper
In file: /home/travis/build/icyphy/ptII/ptolemy/actor/lib/jjs/modules/audio/audio.js

java.lang.ClassNotFoundException: ptolemy.actor.lib.jjs.modules.audio.AudioHelper
	at java.base/jdk.internal.loader.BuiltinClassLoader.loadClass(BuiltinClassLoader.java:583)
	at java.base/jdk.internal.loader.ClassLoaders$AppClassLoader.loadClass(ClassLoaders.java:178)
	at java.base/java.lang.ClassLoader.loadClass(ClassLoader.java:521)
	at java.base/java.lang.Class.forName0(Native Method)
	at java.base/java.lang.Class.forName(Class.java:398)
	at jdk.scripting.nashorn/jdk.nashorn.internal.runtime.Context.findClass(Context.java:1180)
	at jdk.scripting.nashorn/jdk.nashorn.internal.objects.NativeJava.simpleType(NativeJava.java:546)
	at jdk.scripting.nashorn/jdk.nashorn.internal.objects.NativeJava.type(NativeJava.java:326)
	at jdk.scripting.nashorn/jdk.nashorn.internal.objects.NativeJava.type(NativeJava.java:318)
	at jdk.scripting.nashorn/jdk.nashorn.internal.objects.NativeJava.type(NativeJava.java:314)
	at jdk.scripting.nashorn.scripts/jdk.nashorn.internal.scripts.Script$Recompilation$2279$require.L:1(/home/travis/build/icyphy/ptII/ptolemy/actor/lib/jjs/external/require.js#409:30<eval>:48)
	at jdk.scripting.nashorn.scripts/jdk.nashorn.internal.scripts.Script$Recompilation$2189$require.L:45#_require(/home/travis/build/icyphy/ptII/ptolemy/actor/lib/jjs/external/require.js:429)
	at jdk.scripting.nashorn.scripts/jdk.nashorn.internal.scripts.Script$Recompilation$2193$21065A$require.L:45#_requireClosure#L:466(/home/travis/build/icyphy/ptII/ptolemy/actor/lib/jjs/external/require.js:467)
	at jdk.scripting.nashorn.scripts/jdk.nashorn.internal.scripts.Script$Recompilation$2267$1AAAAAAAAAAAAAA$\^function\_.L:1(<function>:97)
	at jdk.scripting.nashorn.scripts/jdk.nashorn.internal.scripts.Script$Recompilation$2266$17933AAAAAA$require$cu1$restOf.L:1#Accessor(/home/travis/build/icyphy/ptII/ptolemy/actor/lib/jjs/external/require.js#409:30<eval>:545)
	at jdk.scripting.nashorn.scripts/jdk.nashorn.internal.scripts.Script$Recompilation$2252$2801AAA$\^eval\_.evaluateCode(<eval>:96)
	at jdk.scripting.nashorn/jdk.nashorn.internal.runtime.ScriptFunctionData.invoke(ScriptFunctionData.java:661)
	at jdk.scripting.nashorn/jdk.nashorn.internal.runtime.ScriptFunction.invoke(ScriptFunction.java:513)
	at jdk.scripting.nashorn/jdk.nashorn.internal.runtime.ScriptRuntime.apply(ScriptRuntime.java:527)
	at jdk.scripting.nashorn/jdk.nashorn.api.scripting.ScriptObjectMirror.callMember(ScriptObjectMirror.java:202)
	at jdk.scripting.nashorn/jdk.nashorn.api.scripting.NashornScriptEngine.invokeImpl(NashornScriptEngine.java:393)
	at jdk.scripting.nashorn/jdk.nashorn.api.scripting.NashornScriptEngine.invokeFunction(NashornScriptEngine.java:197)
	at ptolemy.actor.lib.jjs.JavaScript._createEngineAndEvaluateSetup(JavaScript.java:2493)
	at ptolemy.actor.lib.jjs.JavaScript.attributeChanged(JavaScript.java:548)
	at org.terraswarm.accessor.JSAccessor.attributeChanged(JSAccessor.java:312)
	at ptolemy.data.expr.Variable._setTokenAndNotify(Variable.java:2271)
	at ptolemy.data.expr.Variable._evaluate(Variable.java:1873)
	at ptolemy.data.expr.Variable._propagate(Variable.java:1984)
	at ptolemy.data.expr.Variable.validate(Variable.java:1596)
	at ptolemy.moml.MoMLParser.endDocument(MoMLParser.java:867)
	at com.microstar.xml.XmlParser.doParse(XmlParser.java:162)
	at com.microstar.xml.XmlParser.parse(XmlParser.java:132)
	at ptolemy.moml.MoMLParser.parse(MoMLParser.java:1676)
	at ptolemy.moml.MoMLParser.parse(MoMLParser.java:1617)
	at ptolemy.moml.MoMLParser.parse(MoMLParser.java:1792)
	at org.terraswarm.accessor.AccessorLibrary.populate(AccessorLibrary.java:194)
	at ptolemy.moml.EntityLibrary.classDefinitionList(EntityLibrary.java:307)
	at ptolemy.kernel.CompositeEntity._description(CompositeEntity.java:2292)
	at ptolemy.kernel.CompositeEntity._description(CompositeEntity.java:2307)
	at ptolemy.kernel.CompositeEntity._description(CompositeEntity.java:2307)
	at ptolemy.kernel.CompositeEntity._description(CompositeEntity.java:2307)
	at ptolemy.kernel.CompositeEntity._description(CompositeEntity.java:2307)
	at ptolemy.kernel.util.NamedObj.description(NamedObj.java:731)
	at ptolemy.kernel.util.NamedObj.description(NamedObj.java:715)
	at java.base/jdk.internal.reflect.NativeMethodAccessorImpl.invoke0(Native Method)
	at java.base/jdk.internal.reflect.NativeMethodAccessorImpl.invoke(NativeMethodAccessorImpl.java:62)
	at java.base/jdk.internal.reflect.DelegatingMethodAccessorImpl.invoke(DelegatingMethodAccessorImpl.java:43)
	at java.base/java.lang.reflect.Method.invoke(Method.java:566)
	at tcl.lang.reflect.PkgInvoker.invokeMethod(PkgInvoker.java:129)
	at tcl.lang.JavaInvoke.call(JavaInvoke.java:253)
	at tcl.lang.JavaInvoke.callMethod(JavaInvoke.java:116)
	at tcl.lang.ReflectObject.cmdProc(ReflectObject.java:727)
	at tcl.lang.Parser.evalObjv(Parser.java:740)
	at tcl.lang.Parser.eval2(Parser.java:1138)
	at tcl.lang.Parser.evalTokens(Parser.java:930)
	at tcl.lang.Parser.eval2(Parser.java:1125)
	at tcl.lang.Parser.evalTokens(Parser.java:930)
	at tcl.lang.Parser.eval2(Parser.java:1125)
	at tcl.lang.Interp.eval(Interp.java:1782)
	at tcl.lang.Interp.eval(Interp.java:1841)
	at tcl.lang.UplevelCmd.cmdProc(UplevelCmd.java:93)
	at tcl.lang.AutoloadStub.cmdProc(Extension.java:144)
	at tcl.lang.Parser.evalObjv(Parser.java:740)
	at tcl.lang.Parser.eval2(Parser.java:1138)
	at tcl.lang.Interp.eval(Interp.java:1782)
	at tcl.lang.Interp.eval(Interp.java:1841)
	at tcl.lang.CatchCmd.cmdProc(CatchCmd.java:42)
	at tcl.lang.Parser.evalObjv(Parser.java:740)
	at tcl.lang.Parser.eval2(Parser.java:1138)
	at tcl.lang.Parser.evalTokens(Parser.java:930)
	at tcl.lang.Parser.eval2(Parser.java:1125)
	at tcl.lang.Procedure.cmdProc(Procedure.java:175)
	at tcl.lang.Parser.evalObjv(Parser.java:740)
	at tcl.lang.Parser.eval2(Parser.java:1138)
	at tcl.lang.Interp.eval(Interp.java:1782)
	at tcl.lang.Interp.eval(Interp.java:1841)
	at tcl.lang.ForeachCmd.cmdProc(ForeachCmd.java:116)
	at tcl.lang.AutoloadStub.cmdProc(Extension.java:144)
	at tcl.lang.Parser.evalObjv(Parser.java:740)
	at tcl.lang.Parser.eval2(Parser.java:1138)
	at tcl.lang.Interp.eval(Interp.java:1782)
	at tcl.lang.Interp.evalFile(Interp.java:1880)
	at java.base/jdk.internal.reflect.NativeMethodAccessorImpl.invoke0(Native Method)
	at java.base/jdk.internal.reflect.NativeMethodAccessorImpl.invoke(NativeMethodAccessorImpl.java:62)
	at java.base/jdk.internal.reflect.DelegatingMethodAccessorImpl.invoke(DelegatingMethodAccessorImpl.java:43)
	at java.base/java.lang.reflect.Method.invoke(Method.java:566)
	at ptolemy.util.test.junit.TclTests.RunTclFile(TclTests.java:233)
	at java.base/jdk.internal.reflect.NativeMethodAccessorImpl.invoke0(Native Method)
	at java.base/jdk.internal.reflect.NativeMethodAccessorImpl.invoke(NativeMethodAccessorImpl.java:62)
	at java.base/jdk.internal.reflect.DelegatingMethodAccessorImpl.invoke(DelegatingMethodAccessorImpl.java:43)
	at java.base/java.lang.reflect.Method.invoke(Method.java:566)
	at org.junit.runners.model.FrameworkMethod$1.runReflectiveCall(FrameworkMethod.java:44)
	at org.junit.internal.runners.model.ReflectiveCallable.run(ReflectiveCallable.java:15)
	at org.junit.runners.model.FrameworkMethod.invokeExplosively(FrameworkMethod.java:41)
	at junitparams.internal.InvokeParameterisedMethod.evaluate(InvokeParameterisedMethod.java:102)
	at junitparams.internal.ParameterisedTestMethodRunner.runMethodInvoker(ParameterisedTestMethodRunner.java:47)
	at junitparams.internal.ParameterisedTestMethodRunner.runTestMethod(ParameterisedTestMethodRunner.java:41)
	at junitparams.internal.ParameterisedTestClassRunner.runParameterisedTest(ParameterisedTestClassRunner.java:143)
	at junitparams.JUnitParamsRunner.runChild(JUnitParamsRunner.java:237)
	at junitparams.JUnitParamsRunner.runChild(JUnitParamsRunner.java:215)
	at org.junit.runners.ParentRunner$3.run(ParentRunner.java:193)
	at org.junit.runners.ParentRunner$1.schedule(ParentRunner.java:52)
	at org.junit.runners.ParentRunner.runChildren(ParentRunner.java:191)
	at org.junit.runners.ParentRunner.access$000(ParentRunner.java:42)
	at org.junit.runners.ParentRunner$2.evaluate(ParentRunner.java:184)
	at org.junit.internal.runners.statements.RunAfters.evaluate(RunAfters.java:31)
	at org.junit.runners.ParentRunner.run(ParentRunner.java:236)
	at org.junit.runners.Suite.runChild(Suite.java:128)
	at org.junit.runners.Suite.runChild(Suite.java:24)
	at org.junit.runners.ParentRunner$3.run(ParentRunner.java:193)
	at org.junit.runners.ParentRunner$1.schedule(ParentRunner.java:52)
	at org.junit.runners.ParentRunner.runChildren(ParentRunner.java:191)
	at org.junit.runners.ParentRunner.access$000(ParentRunner.java:42)
	at org.junit.runners.ParentRunner$2.evaluate(ParentRunner.java:184)
	at org.junit.runners.ParentRunner.run(ParentRunner.java:236)
	at junit.framework.JUnit4TestAdapter.run(JUnit4TestAdapter.java:39)
	at org.apache.tools.ant.taskdefs.optional.junit.JUnitTestRunner.run(JUnitTestRunner.java:535)
	at org.apache.tools.ant.taskdefs.optional.junit.JUnitTestRunner.launch(JUnitTestRunner.java:1182)
	at org.apache.tools.ant.taskdefs.optional.junit.JUnitTestRunner.main(JUnitTestRunner.java:1033)
 in /home/travis/build/icyphy/ptII/ptolemy/actor/lib/jjs/external/require.js at line number 454 at column number 12
	at ptolemy.actor.lib.jjs.JavaScript._createEngineAndEvaluateSetup(JavaScript.java:2497)
	at ptolemy.actor.lib.jjs.JavaScript.attributeChanged(JavaScript.java:548)
	at org.terraswarm.accessor.JSAccessor.attributeChanged(JSAccessor.java:312)
	at ptolemy.data.expr.Variable._setTokenAndNotify(Variable.java:2271)
	at ptolemy.data.expr.Variable._evaluate(Variable.java:1873)
	... 92 more
Caused by: javax.script.ScriptException: Error: Error executing module audio line #undefined : ptolemy.actor.lib.jjs.modules.audio.AudioHelper
In file: /home/travis/build/icyphy/ptII/ptolemy/actor/lib/jjs/modules/audio/audio.js

java.lang.ClassNotFoundException: ptolemy.actor.lib.jjs.modules.audio.AudioHelper
	at java.base/jdk.internal.loader.BuiltinClassLoader.loadClass(BuiltinClassLoader.java:583)
	at java.base/jdk.internal.loader.ClassLoaders$AppClassLoader.loadClass(ClassLoaders.java:178)
	at java.base/java.lang.ClassLoader.loadClass(ClassLoader.java:521)
	at java.base/java.lang.Class.forName0(Native Method)
	at java.base/java.lang.Class.forName(Class.java:398)
	at jdk.scripting.nashorn/jdk.nashorn.internal.runtime.Context.findClass(Context.java:1180)
	at jdk.scripting.nashorn/jdk.nashorn.internal.objects.NativeJava.simpleType(NativeJava.java:546)
	at jdk.scripting.nashorn/jdk.nashorn.internal.objects.NativeJava.type(NativeJava.java:326)
	at jdk.scripting.nashorn/jdk.nashorn.internal.objects.NativeJava.type(NativeJava.java:318)
	at jdk.scripting.nashorn/jdk.nashorn.internal.objects.NativeJava.type(NativeJava.java:314)
	at jdk.scripting.nashorn.scripts/jdk.nashorn.internal.scripts.Script$Recompilation$2279$require.L:1(/home/travis/build/icyphy/ptII/ptolemy/actor/lib/jjs/external/require.js#409:30<eval>:48)
	at jdk.scripting.nashorn.scripts/jdk.nashorn.internal.scripts.Script$Recompilation$2189$require.L:45#_require(/home/travis/build/icyphy/ptII/ptolemy/actor/lib/jjs/external/require.js:429)
	at jdk.scripting.nashorn.scripts/jdk.nashorn.internal.scripts.Script$Recompilation$2193$21065A$require.L:45#_requireClosure#L:466(/home/travis/build/icyphy/ptII/ptolemy/actor/lib/jjs/external/require.js:467)
	at jdk.scripting.nashorn.scripts/jdk.nashorn.internal.scripts.Script$Recompilation$2267$1AAAAAAAAAAAAAA$\^function\_.L:1(<function>:97)
	at jdk.scripting.nashorn.scripts/jdk.nashorn.internal.scripts.Script$Recompilation$2266$17933AAAAAA$require$cu1$restOf.L:1#Accessor(/home/travis/build/icyphy/ptII/ptolemy/actor/lib/jjs/external/require.js#409:30<eval>:545)
	at jdk.scripting.nashorn.scripts/jdk.nashorn.internal.scripts.Script$Recompilation$2252$2801AAA$\^eval\_.evaluateCode(<eval>:96)
	at jdk.scripting.nashorn/jdk.nashorn.internal.runtime.ScriptFunctionData.invoke(ScriptFunctionData.java:661)
	at jdk.scripting.nashorn/jdk.nashorn.internal.runtime.ScriptFunction.invoke(ScriptFunction.java:513)
	at jdk.scripting.nashorn/jdk.nashorn.internal.runtime.ScriptRuntime.apply(ScriptRuntime.java:527)
	at jdk.scripting.nashorn/jdk.nashorn.api.scripting.ScriptObjectMirror.callMember(ScriptObjectMirror.java:202)
	at jdk.scripting.nashorn/jdk.nashorn.api.scripting.NashornScriptEngine.invokeImpl(NashornScriptEngine.java:393)
	at jdk.scripting.nashorn/jdk.nashorn.api.scripting.NashornScriptEngine.invokeFunction(NashornScriptEngine.java:197)
	at ptolemy.actor.lib.jjs.JavaScript._createEngineAndEvaluateSetup(JavaScript.java:2493)
	at ptolemy.actor.lib.jjs.JavaScript.attributeChanged(JavaScript.java:548)
	at org.terraswarm.accessor.JSAccessor.attributeChanged(JSAccessor.java:312)
	at ptolemy.data.expr.Variable._setTokenAndNotify(Variable.java:2271)
	at ptolemy.data.expr.Variable._evaluate(Variable.java:1873)
	at ptolemy.data.expr.Variable._propagate(Variable.java:1984)
	at ptolemy.data.expr.Variable.validate(Variable.java:1596)
	at ptolemy.moml.MoMLParser.endDocument(MoMLParser.java:867)
	at com.microstar.xml.XmlParser.doParse(XmlParser.java:162)
	at com.microstar.xml.XmlParser.parse(XmlParser.java:132)
	at ptolemy.moml.MoMLParser.parse(MoMLParser.java:1676)
	at ptolemy.moml.MoMLParser.parse(MoMLParser.java:1617)
	at ptolemy.moml.MoMLParser.parse(MoMLParser.java:1792)
	at org.terraswarm.accessor.AccessorLibrary.populate(AccessorLibrary.java:194)
	at ptolemy.moml.EntityLibrary.classDefinitionList(EntityLibrary.java:307)
	at ptolemy.kernel.CompositeEntity._description(CompositeEntity.java:2292)
	at ptolemy.kernel.CompositeEntity._description(CompositeEntity.java:2307)
	at ptolemy.kernel.CompositeEntity._description(CompositeEntity.java:2307)
	at ptolemy.kernel.CompositeEntity._description(CompositeEntity.java:2307)
	at ptolemy.kernel.CompositeEntity._description(CompositeEntity.java:2307)
	at ptolemy.kernel.util.NamedObj.description(NamedObj.java:731)
	at ptolemy.kernel.util.NamedObj.description(NamedObj.java:715)
	at java.base/jdk.internal.reflect.NativeMethodAccessorImpl.invoke0(Native Method)
	at java.base/jdk.internal.reflect.NativeMethodAccessorImpl.invoke(NativeMethodAccessorImpl.java:62)
	at java.base/jdk.internal.reflect.DelegatingMethodAccessorImpl.invoke(DelegatingMethodAccessorImpl.java:43)
	at java.base/java.lang.reflect.Method.invoke(Method.java:566)
	at tcl.lang.reflect.PkgInvoker.invokeMethod(PkgInvoker.java:129)
	at tcl.lang.JavaInvoke.call(JavaInvoke.java:253)
	at tcl.lang.JavaInvoke.callMethod(JavaInvoke.java:116)
	at tcl.lang.ReflectObject.cmdProc(ReflectObject.java:727)
	at tcl.lang.Parser.evalObjv(Parser.java:740)
	at tcl.lang.Parser.eval2(Parser.java:1138)
	at tcl.lang.Parser.evalTokens(Parser.java:930)
	at tcl.lang.Parser.eval2(Parser.java:1125)
	at tcl.lang.Parser.evalTokens(Parser.java:930)
	at tcl.lang.Parser.eval2(Parser.java:1125)
	at tcl.lang.Interp.eval(Interp.java:1782)
	at tcl.lang.Interp.eval(Interp.java:1841)
	at tcl.lang.UplevelCmd.cmdProc(UplevelCmd.java:93)
	at tcl.lang.AutoloadStub.cmdProc(Extension.java:144)
	at tcl.lang.Parser.evalObjv(Parser.java:740)
	at tcl.lang.Parser.eval2(Parser.java:1138)
	at tcl.lang.Interp.eval(Interp.java:1782)
	at tcl.lang.Interp.eval(Interp.java:1841)
	at tcl.lang.CatchCmd.cmdProc(CatchCmd.java:42)
	at tcl.lang.Parser.evalObjv(Parser.java:740)
	at tcl.lang.Parser.eval2(Parser.java:1138)
	at tcl.lang.Parser.evalTokens(Parser.java:930)
	at tcl.lang.Parser.eval2(Parser.java:1125)
	at tcl.lang.Procedure.cmdProc(Procedure.java:175)
	at tcl.lang.Parser.evalObjv(Parser.java:740)
	at tcl.lang.Parser.eval2(Parser.java:1138)
	at tcl.lang.Interp.eval(Interp.java:1782)
	at tcl.lang.Interp.eval(Interp.java:1841)
	at tcl.lang.ForeachCmd.cmdProc(ForeachCmd.java:116)
	at tcl.lang.AutoloadStub.cmdProc(Extension.java:144)
	at tcl.lang.Parser.evalObjv(Parser.java:740)
	at tcl.lang.Parser.eval2(Parser.java:1138)
	at tcl.lang.Interp.eval(Interp.java:1782)
	at tcl.lang.Interp.evalFile(Interp.java:1880)
	at java.base/jdk.internal.reflect.NativeMethodAccessorImpl.invoke0(Native Method)
	at java.base/jdk.internal.reflect.NativeMethodAccessorImpl.invoke(NativeMethodAccessorImpl.java:62)
	at java.base/jdk.internal.reflect.DelegatingMethodAccessorImpl.invoke(DelegatingMethodAccessorImpl.java:43)
	at java.base/java.lang.reflect.Method.invoke(Method.java:566)
	at ptolemy.util.test.junit.TclTests.RunTclFile(TclTests.java:233)
	at java.base/jdk.internal.reflect.NativeMethodAccessorImpl.invoke0(Native Method)
	at java.base/jdk.internal.reflect.NativeMethodAccessorImpl.invoke(NativeMethodAccessorImpl.java:62)
	at java.base/jdk.internal.reflect.DelegatingMethodAccessorImpl.invoke(DelegatingMethodAccessorImpl.java:43)
	at java.base/java.lang.reflect.Method.invoke(Method.java:566)
	at org.junit.runners.model.FrameworkMethod$1.runReflectiveCall(FrameworkMethod.java:44)
	at org.junit.internal.runners.model.ReflectiveCallable.run(ReflectiveCallable.java:15)
	at org.junit.runners.model.FrameworkMethod.invokeExplosively(FrameworkMethod.java:41)
	at junitparams.internal.InvokeParameterisedMethod.evaluate(InvokeParameterisedMethod.java:102)
	at junitparams.internal.ParameterisedTestMethodRunner.runMethodInvoker(ParameterisedTestMethodRunner.java:47)
	at junitparams.internal.ParameterisedTestMethodRunner.runTestMethod(ParameterisedTestMethodRunner.java:41)
	at junitparams.internal.ParameterisedTestClassRunner.runParameterisedTest(ParameterisedTestClassRunner.java:143)
	at junitparams.JUnitParamsRunner.runChild(JUnitParamsRunner.java:237)
	at junitparams.JUnitParamsRunner.runChild(JUnitParamsRunner.java:215)
	at org.junit.runners.ParentRunner$3.run(ParentRunner.java:193)
	at org.junit.runners.ParentRunner$1.schedule(ParentRunner.java:52)
	at org.junit.runners.ParentRunner.runChildren(ParentRunner.java:191)
	at org.junit.runners.ParentRunner.access$000(ParentRunner.java:42)
	at org.junit.runners.ParentRunner$2.evaluate(ParentRunner.java:184)
	at org.junit.internal.runners.statements.RunAfters.evaluate(RunAfters.java:31)
	at org.junit.runners.ParentRunner.run(ParentRunner.java:236)
	at org.junit.runners.Suite.runChild(Suite.java:128)
	at org.junit.runners.Suite.runChild(Suite.java:24)
	at org.junit.runners.ParentRunner$3.run(ParentRunner.java:193)
	at org.junit.runners.ParentRunner$1.schedule(ParentRunner.java:52)
	at org.junit.runners.ParentRunner.runChildren(ParentRunner.java:191)
	at org.junit.runners.ParentRunner.access$000(ParentRunner.java:42)
	at org.junit.runners.ParentRunner$2.evaluate(ParentRunner.java:184)
	at org.junit.runners.ParentRunner.run(ParentRunner.java:236)
	at junit.framework.JUnit4TestAdapter.run(JUnit4TestAdapter.java:39)
	at org.apache.tools.ant.taskdefs.optional.junit.JUnitTestRunner.run(JUnitTestRunner.java:535)
	at org.apache.tools.ant.taskdefs.optional.junit.JUnitTestRunner.launch(JUnitTestRunner.java:1182)
	at org.apache.tools.ant.taskdefs.optional.junit.JUnitTestRunner.main(JUnitTestRunner.java:1033)
 in /home/travis/build/icyphy/ptII/ptolemy/actor/lib/jjs/external/require.js at line number 454 at column number 12
	at jdk.scripting.nashorn/jdk.nashorn.api.scripting.NashornScriptEngine.throwAsScriptException(NashornScriptEngine.java:477)
	at jdk.scripting.nashorn/jdk.nashorn.api.scripting.NashornScriptEngine.invokeImpl(NashornScriptEngine.java:399)
	at jdk.scripting.nashorn/jdk.nashorn.api.scripting.NashornScriptEngine.invokeFunction(NashornScriptEngine.java:197)
	at ptolemy.actor.lib.jjs.JavaScript._createEngineAndEvaluateSetup(JavaScript.java:2493)
	... 96 more
Caused by: /home/travis/build/icyphy/ptII/ptolemy/actor/lib/jjs/external/require.js:454:12 Error: Error executing module audio line #undefined : ptolemy.actor.lib.jjs.modules.audio.AudioHelper
In file: /home/travis/build/icyphy/ptII/ptolemy/actor/lib/jjs/modules/audio/audio.js

java.lang.ClassNotFoundException: ptolemy.actor.lib.jjs.modules.audio.AudioHelper
	at java.base/jdk.internal.loader.BuiltinClassLoader.loadClass(BuiltinClassLoader.java:583)
	at java.base/jdk.internal.loader.ClassLoaders$AppClassLoader.loadClass(ClassLoaders.java:178)
	at java.base/java.lang.ClassLoader.loadClass(ClassLoader.java:521)
	at java.base/java.lang.Class.forName0(Native Method)
	at java.base/java.lang.Class.forName(Class.java:398)
	at jdk.scripting.nashorn/jdk.nashorn.internal.runtime.Context.findClass(Context.java:1180)
	at jdk.scripting.nashorn/jdk.nashorn.internal.objects.NativeJava.simpleType(NativeJava.java:546)
	at jdk.scripting.nashorn/jdk.nashorn.internal.objects.NativeJava.type(NativeJava.java:326)
	at jdk.scripting.nashorn/jdk.nashorn.internal.objects.NativeJava.type(NativeJava.java:318)
	at jdk.scripting.nashorn/jdk.nashorn.internal.objects.NativeJava.type(NativeJava.java:314)
	at jdk.scripting.nashorn.scripts/jdk.nashorn.internal.scripts.Script$Recompilation$2279$require.L:1(/home/travis/build/icyphy/ptII/ptolemy/actor/lib/jjs/external/require.js#409:30<eval>:48)
	at jdk.scripting.nashorn.scripts/jdk.nashorn.internal.scripts.Script$Recompilation$2189$require.L:45#_require(/home/travis/build/icyphy/ptII/ptolemy/actor/lib/jjs/external/require.js:429)
	at jdk.scripting.nashorn.scripts/jdk.nashorn.internal.scripts.Script$Recompilation$2193$21065A$require.L:45#_requireClosure#L:466(/home/travis/build/icyphy/ptII/ptolemy/actor/lib/jjs/external/require.js:467)
	at jdk.scripting.nashorn.scripts/jdk.nashorn.internal.scripts.Script$Recompilation$2267$1AAAAAAAAAAAAAA$\^function\_.L:1(<function>:97)
	at jdk.scripting.nashorn.scripts/jdk.nashorn.internal.scripts.Script$Recompilation$2266$17933AAAAAA$require$cu1$restOf.L:1#Accessor(/home/travis/build/icyphy/ptII/ptolemy/actor/lib/jjs/external/require.js#409:30<eval>:545)
	at jdk.scripting.nashorn.scripts/jdk.nashorn.internal.scripts.Script$Recompilation$2252$2801AAA$\^eval\_.evaluateCode(<eval>:96)
	at jdk.scripting.nashorn/jdk.nashorn.internal.runtime.ScriptFunctionData.invoke(ScriptFunctionData.java:661)
	at jdk.scripting.nashorn/jdk.nashorn.internal.runtime.ScriptFunction.invoke(ScriptFunction.java:513)
	at jdk.scripting.nashorn/jdk.nashorn.internal.runtime.ScriptRuntime.apply(ScriptRuntime.java:527)
	at jdk.scripting.nashorn/jdk.nashorn.api.scripting.ScriptObjectMirror.callMember(ScriptObjectMirror.java:202)
	at jdk.scripting.nashorn/jdk.nashorn.api.scripting.NashornScriptEngine.invokeImpl(NashornScriptEngine.java:393)
	at jdk.scripting.nashorn/jdk.nashorn.api.scripting.NashornScriptEngine.invokeFunction(NashornScriptEngine.java:197)
	at ptolemy.actor.lib.jjs.JavaScript._createEngineAndEvaluateSetup(JavaScript.java:2493)
	at ptolemy.actor.lib.jjs.JavaScript.attributeChanged(JavaScript.java:548)
	at org.terraswarm.accessor.JSAccessor.attributeChanged(JSAccessor.java:312)
	at ptolemy.data.expr.Variable._setTokenAndNotify(Variable.java:2271)
	at ptolemy.data.expr.Variable._evaluate(Variable.java:1873)
	at ptolemy.data.expr.Variable._propagate(Variable.java:1984)
	at ptolemy.data.expr.Variable.validate(Variable.java:1596)
	at ptolemy.moml.MoMLParser.endDocument(MoMLParser.java:867)
	at com.microstar.xml.XmlParser.doParse(XmlParser.java:162)
	at com.microstar.xml.XmlParser.parse(XmlParser.java:132)
	at ptolemy.moml.MoMLParser.parse(MoMLParser.java:1676)
	at ptolemy.moml.MoMLParser.parse(MoMLParser.java:1617)
	at ptolemy.moml.MoMLParser.parse(MoMLParser.java:1792)
	at org.terraswarm.accessor.AccessorLibrary.populate(AccessorLibrary.java:194)
	at ptolemy.moml.EntityLibrary.classDefinitionList(EntityLibrary.java:307)
	at ptolemy.kernel.CompositeEntity._description(CompositeEntity.java:2292)
	at ptolemy.kernel.CompositeEntity._description(CompositeEntity.java:2307)
	at ptolemy.kernel.CompositeEntity._description(CompositeEntity.java:2307)
	at ptolemy.kernel.CompositeEntity._description(CompositeEntity.java:2307)
	at ptolemy.kernel.CompositeEntity._description(CompositeEntity.java:2307)
	at ptolemy.kernel.util.NamedObj.description(NamedObj.java:731)
	at ptolemy.kernel.util.NamedObj.description(NamedObj.java:715)
	at java.base/jdk.internal.reflect.NativeMethodAccessorImpl.invoke0(Native Method)
	at java.base/jdk.internal.reflect.NativeMethodAccessorImpl.invoke(NativeMethodAccessorImpl.java:62)
	at java.base/jdk.internal.reflect.DelegatingMethodAccessorImpl.invoke(DelegatingMethodAccessorImpl.java:43)
	at java.base/java.lang.reflect.Method.invoke(Method.java:566)
	at tcl.lang.reflect.PkgInvoker.invokeMethod(PkgInvoker.java:129)
	at tcl.lang.JavaInvoke.call(JavaInvoke.java:253)
	at tcl.lang.JavaInvoke.callMethod(JavaInvoke.java:116)
	at tcl.lang.ReflectObject.cmdProc(ReflectObject.java:727)
	at tcl.lang.Parser.evalObjv(Parser.java:740)
	at tcl.lang.Parser.eval2(Parser.java:1138)
	at tcl.lang.Parser.evalTokens(Parser.java:930)
	at tcl.lang.Parser.eval2(Parser.java:1125)
	at tcl.lang.Parser.evalTokens(Parser.java:930)
	at tcl.lang.Parser.eval2(Parser.java:1125)
	at tcl.lang.Interp.eval(Interp.java:1782)
	at tcl.lang.Interp.eval(Interp.java:1841)
	at tcl.lang.UplevelCmd.cmdProc(UplevelCmd.java:93)
	at tcl.lang.AutoloadStub.cmdProc(Extension.java:144)
	at tcl.lang.Parser.evalObjv(Parser.java:740)
	at tcl.lang.Parser.eval2(Parser.java:1138)
	at tcl.lang.Interp.eval(Interp.java:1782)
	at tcl.lang.Interp.eval(Interp.java:1841)
	at tcl.lang.CatchCmd.cmdProc(CatchCmd.java:42)
	at tcl.lang.Parser.evalObjv(Parser.java:740)
	at tcl.lang.Parser.eval2(Parser.java:1138)
	at tcl.lang.Parser.evalTokens(Parser.java:930)
	at tcl.lang.Parser.eval2(Parser.java:1125)
	at tcl.lang.Procedure.cmdProc(Procedure.java:175)
	at tcl.lang.Parser.evalObjv(Parser.java:740)
	at tcl.lang.Parser.eval2(Parser.java:1138)
	at tcl.lang.Interp.eval(Interp.java:1782)
	at tcl.lang.Interp.eval(Interp.java:1841)
	at tcl.lang.ForeachCmd.cmdProc(ForeachCmd.java:116)
	at tcl.lang.AutoloadStub.cmdProc(Extension.java:144)
	at tcl.lang.Parser.evalObjv(Parser.java:740)
	at tcl.lang.Parser.eval2(Parser.java:1138)
	at tcl.lang.Interp.eval(Interp.java:1782)
	at tcl.lang.Interp.evalFile(Interp.java:1880)
	at java.base/jdk.internal.reflect.NativeMethodAccessorImpl.invoke0(Native Method)
	at java.base/jdk.internal.reflect.NativeMethodAccessorImpl.invoke(NativeMethodAccessorImpl.java:62)
	at java.base/jdk.internal.reflect.DelegatingMethodAccessorImpl.invoke(DelegatingMethodAccessorImpl.java:43)
	at java.base/java.lang.reflect.Method.invoke(Method.java:566)
	at ptolemy.util.test.junit.TclTests.RunTclFile(TclTests.java:233)
	at java.base/jdk.internal.reflect.NativeMethodAccessorImpl.invoke0(Native Method)
	at java.base/jdk.internal.reflect.NativeMethodAccessorImpl.invoke(NativeMethodAccessorImpl.java:62)
	at java.base/jdk.internal.reflect.DelegatingMethodAccessorImpl.invoke(DelegatingMethodAccessorImpl.java:43)
	at java.base/java.lang.reflect.Method.invoke(Method.java:566)
	at org.junit.runners.model.FrameworkMethod$1.runReflectiveCall(FrameworkMethod.java:44)
	at org.junit.internal.runners.model.ReflectiveCallable.run(ReflectiveCallable.java:15)
	at org.junit.runners.model.FrameworkMethod.invokeExplosively(FrameworkMethod.java:41)
	at junitparams.internal.InvokeParameterisedMethod.evaluate(InvokeParameterisedMethod.java:102)
	at junitparams.internal.Parameterise . . .
    while executing
ptolemy.kernel.util.InvalidStateException: Failed to populate Library
  in .configuration.actor library.MoreLibraries.Accessors.audio
Because:
Loading accessor failed: AudioCapture.js
  in .configuration.actor library.MoreLibraries.Accessors.audio
Because:
Error evaluating expression:
// Copyright (c) 2015-2017 The Regents of the University of California.
...
  in .configuration.actor library.MoreLibraries.Accessors.audio.AudioCapture.script
Because:
Failed to evaluate script.
  in .configuration.actor library.MoreLibraries.Accessors.audio.AudioCapture
Because:
Error: Error executing module audio line #undefined : ptolemy.actor.lib.jjs.modules.audio.AudioHelper
In file: /home/travis/build/icyphy/ptII/ptolemy/actor/lib/jjs/modules/audio/audio.js

java.lang.ClassNotFoundException: ptolemy.actor.lib.jjs.modules.audio.AudioHelper
	at java.base/jdk.internal.loader.BuiltinClassLoader.loadClass(BuiltinClassLoader.java:583)
	at java.base/jdk.internal.loader.ClassLoaders$AppClassLoader.loadClass(ClassLoaders.java:178)
	at java.base/java.lang.ClassLoader.loadClass(ClassLoader.java:521)
	at java.base/java.lang.Class.forName0(Native Method)
	at java.base/java.lang.Class.forName(Class.java:398)
	at jdk.scripting.nashorn/jdk.nashorn.internal.runtime.Context.findClass(Context.java:1180)
	at jdk.scripting.nashorn/jdk.nashorn.internal.objects.NativeJava.simpleType(NativeJava.java:546)
	at jdk.scripting.nashorn/jdk.nashorn.internal.objects.NativeJava.type(NativeJava.java:326)
	at jdk.scripting.nashorn/jdk.nashorn.internal.objects.NativeJava.type(NativeJava.java:318)
	at jdk.scripting.nashorn/jdk.nashorn.internal.objects.NativeJava.type(NativeJava.java:314)
	at jdk.scripting.nashorn.scripts/jdk.nashorn.internal.scripts.Script$Recompilation$2279$require.L:1(/home/travis/build/icyphy/ptII/ptolemy/actor/lib/jjs/external/require.js#409:30<eval>:48)
	at jdk.scripting.nashorn.scripts/jdk.nashorn.internal.scripts.Script$Recompilation$2189$require.L:45#_require(/home/travis/build/icyphy/ptII/ptolemy/actor/lib/jjs/external/require.js:429)
	at jdk.scripting.nashorn.scripts/jdk.nashorn.internal.scripts.Script$Recompilation$2193$21065A$require.L:45#_requireClosure#L:466(/home/travis/build/icyphy/ptII/ptolemy/actor/lib/jjs/external/require.js:467)
	at jdk.scripting.nashorn.scripts/jdk.nashorn.internal.scripts.Script$Recompilation$2267$1AAAAAAAAAAAAAA$\^function\_.L:1(<function>:97)
	at jdk.scripting.nashorn.scripts/jdk.nashorn.internal.scripts.Script$Recompilation$2266$17933AAAAAA$require$cu1$restOf.L:1#Accessor(/home/travis/build/icyphy/ptII/ptolemy/actor/lib/jjs/external/require.js#409:30<eval>:545)
	at jdk.scripting.nashorn.scripts/jdk.nashorn.internal.scripts.Script$Recompilation$2252$2801AAA$\^eval\_.evaluateCode(<eval>:96)
	at jdk.scripting.nashorn/jdk.nashorn.internal.runtime.ScriptFunctionData.invoke(ScriptFunctionData.java:661)
	at jdk.scripting.nashorn/jdk.nashorn.internal.runtime.ScriptFunction.invoke(ScriptFunction.java:513)
	at jdk.scripting.nashorn/jdk.nashorn.internal.runtime.ScriptRuntime.apply(ScriptRuntime.java:527)
	at jdk.scripting.nashorn/jdk.nashorn.api.scripting.ScriptObjectMirror.callMember(ScriptObjectMirror.java:202)
	at jdk.scripting.nashorn/jdk.nashorn.api.scripting.NashornScriptEngine.invokeImpl(NashornScriptEngine.java:393)
	at jdk.scripting.nashorn/jdk.nashorn.api.scripting.NashornScriptEngine.invokeFunction(NashornScriptEngine.java:197)
	at ptolemy.actor.lib.jjs.JavaScript._createEngineAndEvaluateSetup(JavaScript.java:2493)
	at ptolemy.actor.lib.jjs.JavaScript.attributeChanged(JavaScript.java:548)
	at org.terraswarm.accessor.JSAccessor.attributeChanged(JSAccessor.java:312)
	at ptolemy.data.expr.Variable._setTokenAndNotify(Variable.java:2271)
	at ptolemy.data.expr.Variable._evaluate(Variable.java:1873)
	at ptolemy.data.expr.Variable._propagate(Variable.java:1984)
	at ptolemy.data.expr.Variable.validate(Variable.java:1596)
	at ptolemy.moml.MoMLParser.endDocument(MoMLParser.java:867)
	at com.microstar.xml.XmlParser.doParse(XmlParser.java:162)
	at com.microstar.xml.XmlParser.parse(XmlParser.java:132)
	at ptolemy.moml.MoMLParser.parse(MoMLParser.java:1676)
	at ptolemy.moml.MoMLParser.parse(MoMLParser.java:1617)
	at ptolemy.moml.MoMLParser.parse(MoMLParser.java:1792)
	at org.terraswarm.accessor.AccessorLibrary.populate(AccessorLibrary.java:194)
	at ptolemy.moml.EntityLibrary.classDefinitionList(EntityLibrary.java:307)
	at ptolemy.kernel.CompositeEntity._description(CompositeEntity.java:2292)
	at ptolemy.kernel.CompositeEntity._description(CompositeEntity.java:2307)
	at ptolemy.kernel.CompositeEntity._description(CompositeEntity.java:2307)
	at ptolemy.kernel.CompositeEntity._description(CompositeEntity.java:2307)
	at ptolemy.kernel.CompositeEntity._description(CompositeEntity.java:2307)
	at ptolemy.kernel.util.NamedObj.description(NamedObj.java:731)
	at ptolemy.kernel.util.NamedObj.description(NamedObj.java:715)
	at java.base/jdk.internal.reflect.NativeMethodAccessorImpl.invoke0(Native Method)
	at java.base/jdk.internal.reflect.NativeMethodAccessorImpl.invoke(NativeMethodAccessorImpl.java:62)
	at java.base/jdk.internal.reflect.DelegatingMethodAccessorImpl.invoke(DelegatingMethodAccessorImpl.java:43)
	at java.base/java.lang.reflect.Method.invoke(Method.java:566)
	at tcl.lang.reflect.PkgInvoker.invokeMethod(PkgInvoker.java:129)
	at tcl.lang.JavaInvoke.call(JavaInvoke.java:253)
	at tcl.lang.JavaInvoke.callMethod(JavaInvoke.java:116)
	at tcl.lang.ReflectObject.cmdProc(ReflectObject.java:727)
	at tcl.lang.Parser.evalObjv(Parser.java:740)
	at tcl.lang.Parser.eval2(Parser.java:1138)
	at tcl.lang.Parser.evalTokens(Parser.java:930)
	at tcl.lang.Parser.eval2(Parser.java:1125)
	at tcl.lang.Parser.evalTokens(Parser.java:930)
	at tcl.lang.Parser.eval2(Parser.java:1125)
	at tcl.lang.Interp.eval(Interp.java:1782)
	at tcl.lang.Interp.eval(Interp.java:1841)
	at tcl.lang.UplevelCmd.cmdProc(UplevelCmd.java:93)
	at tcl.lang.AutoloadStub.cmdProc(Extension.java:144)
	at tcl.lang.Parser.evalObjv(Parser.java:740)
	at tcl.lang.Parser.eval2(Parser.java:1138)
	at tcl.lang.Interp.eval(Interp.java:1782)
	at tcl.lang.Interp.eval(Interp.java:1841)
	at tcl.lang.CatchCmd.cmdProc(CatchCmd.java:42)
	at tcl.lang.Parser.evalObjv(Parser.java:740)
	at tcl.lang.Parser.eval2(Parser.java:1138)
	at tcl.lang.Parser.evalTokens(Parser.java:930)
	at tcl.lang.Parser.eval2(Parser.java:1125)
	at tcl.lang.Procedure.cmdProc(Procedure.java:175)
	at tcl.lang.Parser.evalObjv(Parser.java:740)
	at tcl.lang.Parser.eval2(Parser.java:1138)
	at tcl.lang.Interp.eval(Interp.java:1782)
	at tcl.lang.Interp.eval(Interp.java:1841)
	at tcl.lang.ForeachCmd.cmdProc(ForeachCmd.java:116)
	at tcl.lang.AutoloadStub.cmdProc(Extension.java:144)
	at tcl.lang.Parser.evalObjv(Parser.java:740)
	at tcl.lang.Parser.eval2(Parser.java:1138)
	at tcl.lang.Interp.eval(Interp.java:1782)
	at tcl.lang.Interp.evalFile(Interp.java:1880)
	at java.base/jdk.internal.reflect.NativeMethodAccessorImpl.invoke0(Native Method)
	at java.base/jdk.internal.reflect.NativeMethodAccessorImpl.invoke(NativeMethodAccessorImpl.java:62)
	at java.base/jdk.internal.reflect.DelegatingMethodAccessorImpl.invoke(DelegatingMethodAccessorImpl.java:43)
	at java.base/java.lang.reflect.Method.invoke(Method.java:566)
	at ptolemy.util.test.junit.TclTests.RunTclFile(TclTests.java:233)
	at java.base/jdk.internal.reflect.NativeMethodAccessorImpl.invoke0(Native Method)
	at java.base/jdk.internal.reflect.NativeMethodAccessorImpl.invoke(NativeMethodAccessorImpl.java:62)
	at java.base/jdk.internal.reflect.DelegatingMethodAccessorImpl.invoke(DelegatingMethodAccessorImpl.java:43)
	at java.base/java.lang.reflect.Method.invoke(Method.java:566)
	at org.junit.runners.model.FrameworkMethod$1.runReflectiveCall(FrameworkMethod.java:44)
	at org.junit.internal.runners.model.ReflectiveCallable.run(ReflectiveCallable.java:15)
	at org.junit.runners.model.FrameworkMethod.invokeExplosively(FrameworkMethod.java:41)
	at junitparams.internal.InvokeParameterisedMethod.evaluate(InvokeParameterisedMethod.java:102)
	at junitparams.internal.ParameterisedTestMethodRunner.runMethodInvoker(ParameterisedTestMethodRunner.java:47)
	at junitparams.internal.ParameterisedTestMethodRunner.runTestMethod(ParameterisedTestMethodRunner.java:41)
	at junitparams.internal.ParameterisedTestClassRunner.runParameterisedTest(ParameterisedTestClassRunner.java:143)
	at junitparams.JUnitParamsRunner.runChild(JUnitParamsRunner.java:237)
	at junitparams.JUnitParamsRunner.runChild(JUnitParamsRunner.java:215)
	at org.junit.runners.ParentRunner$3.run(ParentRunner.java:193)
	at org.junit.runners.ParentRunner$1.schedule(ParentRunner.java:52)
	at org.junit.runners.ParentRunner.runChildren(ParentRunner.java:191)
	at org.junit.runners.ParentRunner.access$000(ParentRunner.java:42)
	at org.junit.runners.ParentRunner$2.evaluate(ParentRunner.java:184)
	at org.junit.internal.runners.statements.RunAfters.evaluate(RunAfters.java:31)
	at org.junit.runners.ParentRunner.run(ParentRunner.java:236)
	at org.junit.runners.Suite.runChild(Suite.java:128)
	at org.junit.runners.Suite.runChild(Suite.java:24)
	at org.junit.runners.ParentRunner$3.run(ParentRunner.java:193)
	at org.junit.runners.ParentRunner$1.schedule(ParentRunner.java:52)
	at org.junit.runners.ParentRunner.runChildren(ParentRunner.java:191)
	at org.junit.runners.ParentRunner.access$000(ParentRunner.java:42)
	at org.junit.runners.ParentRunner$2.evaluate(ParentRunner.java:184)
	at org.junit.runners.ParentRunner.run(ParentRunner.java:236)
	at junit.framework.JUnit4TestAdapter.run(JUnit4TestAdapter.java:39)
	at org.apache.tools.ant.taskdefs.optional.junit.JUnitTestRunner.run(JUnitTestRunner.java:535)
	at org.apache.tools.ant.taskdefs.optional.junit.JUnitTestRunner.launch(JUnitTestRunner.java:1182)
	at org.apache.tools.ant.taskdefs.optional.junit.JUnitTestRunner.main(JUnitTestRunner.java:1033)
 in /home/travis/build/icyphy/ptII/ptolemy/actor/lib/jjs/external/require.js at line number 454 at column number 12
  in .configuration.actor library.MoreLibraries.Accessors.audio.AudioCapture.script
Because:
Error evaluating expression:
// Copyright (c) 2015-2017 The Regents of the University of California.
...
  in .configuration.actor library.MoreLibraries.Accessors.audio.AudioCapture.script
Because:
Failed to evaluate script.
  in .configuration.actor library.MoreLibraries.Accessors.audio.AudioCapture
Because:
Error: Error executing module audio line #undefined : ptolemy.actor.lib.jjs.modules.audio.AudioHelper
In file: /home/travis/build/icyphy/ptII/ptolemy/actor/lib/jjs/modules/audio/audio.js

java.lang.ClassNotFoundException: ptolemy.actor.lib.jjs.modules.audio.AudioHelper
	at java.base/jdk.internal.loader.BuiltinClassLoader.loadClass(BuiltinClassLoader.java:583)
	at java.base/jdk.internal.loader.ClassLoaders$AppClassLoader.loadClass(ClassLoaders.java:178)
	at java.base/java.lang.ClassLoader.loadClass(ClassLoader.java:521)
	at java.base/java.lang.Class.forName0(Native Method)
	at java.base/java.lang.Class.forName(Class.java:398)
	at jdk.scripting.nashorn/jdk.nashorn.internal.runtime.Context.findClass(Context.java:1180)
	at jdk.scripting.nashorn/jdk.nashorn.internal.objects.NativeJava.simpleType(NativeJava.java:546)
	at jdk.scripting.nashorn/jdk.nashorn.internal.objects.NativeJava.type(NativeJava.java:326)
	at jdk.scripting.nashorn/jdk.nashorn.internal.objects.NativeJava.type(NativeJava.java:318)
	at jdk.scripting.nashorn/jdk.nashorn.internal.objects.NativeJava.type(NativeJava.java:314)
	at jdk.scripting.nashorn.scripts/jdk.nashorn.internal.scripts.Script$Recompilation$2279$require.L:1(/home/travis/build/icyphy/ptII/ptolemy/actor/lib/jjs/external/require.js#409:30<eval>:48)
	at jdk.scripting.nashorn.scripts/jdk.nashorn.internal.scripts.Script$Recompilation$2189$require.L:45#_require(/home/travis/build/icyphy/ptII/ptolemy/actor/lib/jjs/external/require.js:429)
	at jdk.scripting.nashorn.scripts/jdk.nashorn.internal.scripts.Script$Recompilation$2193$21065A$require.L:45#_requireClosure#L:466(/home/travis/build/icyphy/ptII/ptolemy/actor/lib/jjs/external/require.js:467)
	at jdk.scripting.nashorn.scripts/jdk.nashorn.internal.scripts.Script$Recompilation$2267$1AAAAAAAAAAAAAA$\^function\_.L:1(<function>:97)
	at jdk.scripting.nashorn.scripts/jdk.nashorn.internal.scripts.Script$Recompilation$2266$17933AAAAAA$require$cu1$restOf.L:1#Accessor(/home/travis/build/icyphy/ptII/ptolemy/actor/lib/jjs/external/require.js#409:30<eval>:545)
	at jdk.scripting.nashorn.scripts/jdk.nashorn.internal.scripts.Script$Recompilation$2252$2801AAA$\^eval\_.evaluateCode(<eval>:96)
	at jdk.scripting.nashorn/jdk.nashorn.internal.runtime.ScriptFunctionData.invoke(ScriptFunctionData.java:661)
	at jdk.scripting.nashorn/jdk.nashorn.internal.runtime.ScriptFunction.invoke(ScriptFunction.java:513)
	at jdk.scripting.nashorn/jdk.nashorn.internal.runtime.ScriptRuntime.apply(ScriptRuntime.java:527)
	at jdk.scripting.nashorn/jdk.nashorn.api.scripting.ScriptObjectMirror.callMember(ScriptObjectMirror.java:202)
	at jdk.scripting.nashorn/jdk.nashorn.api.scripting.NashornScriptEngine.invokeImpl(NashornScriptEngine.java:393)
	at jdk.scripting.nashorn/jdk.nashorn.api.scripting.NashornScriptEngine.invokeFunction(NashornScriptEngine.java:197)
	at ptolemy.actor.lib.jjs.JavaScript._createEngineAndEvaluateSetup(JavaScript.java:2493)
	at ptolemy.actor.lib.jjs.JavaScript.attributeChanged(JavaScript.java:548)
	at org.terraswarm.accessor.JSAccessor.attributeChanged(JSAccessor.java:312)
	at ptolemy.data.expr.Variable._setTokenAndNotify(Variable.java:2271)
	at ptolemy.data.expr.Variable._evaluate(Variable.java:1873)
	at ptolemy.data.expr.Variable._propagate(Variable.java:1984)
	at ptolemy.data.expr.Variable.validate(Variable.java:1596)
	at ptolemy.moml.MoMLParser.endDocument(MoMLParser.java:867)
	at com.microstar.xml.XmlParser.doParse(XmlParser.java:162)
	at com.microstar.xml.XmlParser.parse(XmlParser.java:132)
	at ptolemy.moml.MoMLParser.parse(MoMLParser.java:1676)
	at ptolemy.moml.MoMLParser.parse(MoMLParser.java:1617)
	at ptolemy.moml.MoMLParser.parse(MoMLParser.java:1792)
	at org.terraswarm.accessor.AccessorLibrary.populate(AccessorLibrary.java:194)
	at ptolemy.moml.EntityLibrary.classDefinitionList(EntityLibrary.java:307)
	at ptolemy.kernel.CompositeEntity._description(CompositeEntity.java:2292)
	at ptolemy.kernel.CompositeEntity._description(CompositeEntity.java:2307)
	at ptolemy.kernel.CompositeEntity._description(CompositeEntity.java:2307)
	at ptolemy.kernel.CompositeEntity._description(CompositeEntity.java:2307)
	at ptolemy.kernel.CompositeEntity._description(CompositeEntity.java:2307)
	at ptolemy.kernel.util.NamedObj.description(NamedObj.java:731)
	at ptolemy.kernel.util.NamedObj.description(NamedObj.java:715)
	at java.base/jdk.internal.reflect.NativeMethodAccessorImpl.invoke0(Native Method)
	at java.base/jdk.internal.reflect.NativeMethodAccessorImpl.invoke(NativeMethodAccessorImpl.java:62)
	at java.base/jdk.internal.reflect.DelegatingMethodAccessorImpl.invoke(DelegatingMethodAccessorImpl.java:43)
	at java.base/java.lang.reflect.Method.invoke(Method.java:566)
	at tcl.lang.reflect.PkgInvoker.invokeMethod(PkgInvoker.java:129)
	at tcl.lang.JavaInvoke.call(JavaInvoke.java:253)
	at tcl.lang.JavaInvoke.callMethod(JavaInvoke.java:116)
	at tcl.lang.ReflectObject.cmdProc(ReflectObject.java:727)
	at tcl.lang.Parser.evalObjv(Parser.java:740)
	at tcl.lang.Parser.eval2(Parser.java:1138)
	at tcl.lang.Parser.evalTokens(Parser.java:930)
	at tcl.lang.Parser.eval2(Parser.java:1125)
	at tcl.lang.Parser.evalTokens(Parser.java:930)
	at tcl.lang.Parser.eval2(Parser.java:1125)
	at tcl.lang.Interp.eval(Interp.java:1782)
	at tcl.lang.Interp.eval(Interp.java:1841)
	at tcl.lang.UplevelCmd.cmdProc(UplevelCmd.java:93)
	at tcl.lang.AutoloadStub.cmdProc(Extension.java:144)
	at tcl.lang.Parser.evalObjv(Parser.java:740)
	at tcl.lang.Parser.eval2(Parser.java:1138)
	at tcl.lang.Interp.eval(Interp.java:1782)
	at tcl.lang.Interp.eval(Interp.java:1841)
	at tcl.lang.CatchCmd.cmdProc(CatchCmd.java:42)
	at tcl.lang.Parser.evalObjv(Parser.java:740)
	at tcl.lang.Parser.eval2(Parser.java:1138)
	at tcl.lang.Parser.evalTokens(Parser.java:930)
	at tcl.lang.Parser.eval2(Parser.java:1125)
	at tcl.lang.Procedure.cmdProc(Procedure.java:175)
	at tcl.lang.Parser.evalObjv(Parser.java:740)
	at tcl.lang.Parser.eval2(Parser.java:1138)
	at tcl.lang.Interp.eval(Interp.java:1782)
	at tcl.lang.Interp.eval(Interp.java:1841)
	at tcl.lang.ForeachCmd.cmdProc(ForeachCmd.java:116)
	at tcl.lang.AutoloadStub.cmdProc(Extension.java:144)
	at tcl.lang.Parser.evalObjv(Parser.java:740)
	at tcl.lang.Parser.eval2(Parser.java:1138)
	at tcl.lang.Interp.eval(Interp.java:1782)
	at tcl.lang.Interp.evalFile(Interp.java:1880)
	at java.base/jdk.internal.reflect.NativeMethodAccessorImpl.invoke0(Native Method)
	at java.base/jdk.internal.reflect.NativeMethodAccessorImpl.invoke(NativeMethodAccessorImpl.java:62)
	at java.base/jdk.internal.reflect.DelegatingMethodAccessorImpl.invoke(DelegatingMethodAccessorImpl.java:43)
	at java.base/java.lang.reflect.Method.invoke(Method.java:566)
	at ptolemy.util.test.junit.TclTests.RunTclFile(TclTests.java:233)
	at java.base/jdk.internal.reflect.NativeMethodAccessorImpl.invoke0(Native Method)
	at java.base/jdk.internal.reflect.NativeMethodAccessorImpl.invoke(NativeMethodAccessorImpl.java:62)
	at java.base/jdk.internal.reflect.DelegatingMethodAccessorImpl.invoke(DelegatingMethodAccessorImpl.java:43)
	at java.base/java.lang.reflect.Method.invoke(Method.java:566)
	at org.junit.runners.model.FrameworkMethod$1.runReflectiveCall(FrameworkMethod.java:44)
	at org.junit.internal.runners.model.ReflectiveCallable.run(ReflectiveCallable.java:15)
	at org.junit.runners.model.FrameworkMethod.invokeExplosively(FrameworkMethod.java:41)
	at junitparams.internal.InvokeParameterisedMethod.evaluate(InvokeParameterisedMethod.java:102)
	at junitparams.internal.ParameterisedTestMethodRunner.runMethodInvoker(ParameterisedTestMethodRunner.java:47)
	at junitparams.internal.ParameterisedTestMethodRunner.runTestMethod(ParameterisedTestMethodRunner.java:41)
	at junitparams.internal.ParameterisedTestClassRunner.runParameterisedTest(ParameterisedTestClassRunner.java:143)
	at junitparams.JUnitParamsRunner.runChild(JUnitParamsRunner.java:237)
	at junitparams.JUnitParamsRunner.runChild(JUnitParamsRunner.java:215)
	at org.junit.runners.ParentRunner$3.run(ParentRunner.java:193)
	at org.junit.runners.ParentRunner$1.schedule(ParentRunner.java:52)
	at org.junit.runners.ParentRunner.runChildren(ParentRunner.java:191)
	at org.junit.runners.ParentRunner.access$000(ParentRunner.java:42)
	at org.junit.runners.ParentRunner$2.evaluate(ParentRunner.java:184)
	at org.junit.internal.runners.statements.RunAfters.evaluate(RunAfters.java:31)
	at org.junit.runners.ParentRunner.run(ParentRunner.java:236)
	at org.junit.runners.Suite.runChild(Suite.java:128)
	at org.junit.runners.Suite.runChild(Suite.java:24)
	at org.junit.runners.ParentRunner$3.run(ParentRunner.java:193)
	at org.junit.runners.ParentRunner$1.schedule(ParentRunner.java:52)
	at org.junit.runners.ParentRunner.runChildren(ParentRunner.java:191)
	at org.junit.runners.ParentRunner.access$000(ParentRunner.java:42)
	at org.junit.runners.ParentRunner$2.evaluate(ParentRunner.java:184)
	at org.junit.runners.ParentRunner.run(ParentRunner.java:236)
	at junit.framework.JUnit4TestAdapter.run(JUnit4TestAdapter.java:39)
	at org.apache.tools.ant.taskdefs.optional.junit.JUnitTestRunner.run(JUnitTestRunner.java:535)
	at org.apache.tools.ant.taskdefs.optional.junit.JUnitTestRunner.launch(JUnitTestRunner.java:1182)
	at org.apache.tools.ant.taskdefs.optional.junit.JUnitTestRunner.main(JUnitTestRunner.java:1033)
 in /home/travis/build/icyphy/ptII/ptolemy/actor/lib/jjs/external/require.js at line number 454 at column number 12
    while executing
"$configuration description"
    invoked from within
"string length [$configuration description]"
    invoked from within
"expr [string length [$configuration description]] > 0"
    ("uplevel" body line 3)
    invoked from within
"uplevel $contents_of_test"
-------> Before clone
-------> after clone

Warning: In 'ptolemy.actor.lib.io.FileReader'
  The getName() method returns
   'fileOrURL' but the  field is named
   'fileOrURLPort'
   This is technically a violation  of the coding standard,
   but permissible because the name  ends in 'Port'
Skipping StateSpaceModel as this test iterates through the attributes and calls attributeChanged, which triggers a ConcurrentModificationException.  See org/ptolemy/ssm/test/SSMTest.java
Skipping StateSpaceModel as this test iterates through the attributes and calls attributeChanged, which triggers a ConcurrentModificationException.  See org/ptolemy/ssm/test/SSMTest.java
Skipping StateSpaceModel as this test iterates through the attributes and calls attributeChanged, which triggers a ConcurrentModificationException.  See org/ptolemy/ssm/test/SSMTest.java
Skipping drop test of tm.kernel.SchedulePlotter because it must be dropped into a container that has a TMDirector
-------> Before clone
-------> after clone
394132 ms. Memory: 1974272K Free: 349696K (18%)
The time is 18:56:26
Setting containers of atomic entities to null
395860 ms. Memory: 1974272K Free: 1258246K (64%)
 Force everything to get expanded ptolemy/configs/space/configuration.xml
    (Skipping certain optional packages, jxta and viptos)
-------> Before clone
-------> after clone
Warning: space/configuration.xml has no 'actor library.Directors'? (this is ok for dsp, viptos)
-------> Before clone
-------> after clone
396182 ms. Memory: 1974272K Free: 1193222K (60%)
The time is 18:56:28
Setting containers of atomic entities to null
397466 ms. Memory: 1974272K Free: 1273645K (65%)
 Force everything to get expanded ptolemy/configs/pn/configuration.xml
    (Skipping certain optional packages, jxta and viptos)
-------> Before clone
-------> after clone

Warning: In 'ptolemy.actor.lib.io.FileReader'
  The getName() method returns
   'fileOrURL' but the  field is named
   'fileOrURLPort'
   This is technically a violation  of the coding standard,
   but permissible because the name  ends in 'Port'
Warning: pn/configuration.xml has no 'actor library.Directors'? (this is ok for dsp, viptos)
-------> Before clone
-------> after clone
403356 ms. Memory: 1974272K Free: 1150251K (58%)
The time is 18:56:36
Setting containers of atomic entities to null
404579 ms. Memory: 1974272K Free: 1288310K (65%)
Skipping viptos/configuration.xml, PtinyOS is not typically installed.
 Force everything to get expanded ptolemy/configs/capecode/configuration.xml
    (Skipping certain optional packages, jxta and viptos)
Retrieving library from file:/home/travis/build/icyphy/ptII/org/terraswarm/accessor/accessors/web/index.json
Retrieving library from file:/home/travis/build/icyphy/ptII/org/terraswarm/accessor/accessors/web/adapters/index.json
Retrieving library from file:/home/travis/build/icyphy/ptII/org/terraswarm/accessor/accessors/web/audio/index.json
Retrieving library from file:/home/travis/build/icyphy/ptII/org/terraswarm/accessor/accessors/web/cameras/index.json
Retrieving library from file:/home/travis/build/icyphy/ptII/org/terraswarm/accessor/accessors/web/dashboard/index.json
Retrieving library from file:/home/travis/build/icyphy/ptII/org/terraswarm/accessor/accessors/web/devices/index.json
Retrieving library from file:/home/travis/build/icyphy/ptII/org/terraswarm/accessor/accessors/web/image/index.json
CharacterRecognition: The tesseract module was not present.  The CharacterRecognition accessor is not supported on this accessor host. (Thread[main,5,main])
CharacterRecognition: The tesseract module was not present.  The CharacterRecognition accessor is not supported on this accessor host. (Thread[main,5,main])
Retrieving library from file:/home/travis/build/icyphy/ptII/org/terraswarm/accessor/accessors/web/net/index.json
Retrieving library from file:/home/travis/build/icyphy/ptII/org/terraswarm/accessor/accessors/web/robotics/index.json
Retrieving library from file:/home/travis/build/icyphy/ptII/org/terraswarm/accessor/accessors/web/geodesy/index.json
Retrieving library from file:/home/travis/build/icyphy/ptII/org/terraswarm/accessor/accessors/web/services/index.json
Retrieving library from file:/home/travis/build/icyphy/ptII/org/terraswarm/accessor/accessors/web/signals/index.json
Retrieving library from file:/home/travis/build/icyphy/ptII/org/terraswarm/accessor/accessors/web/test/index.json
Retrieving library from file:/home/travis/build/icyphy/ptII/org/terraswarm/accessor/accessors/web/utilities/index.json
The Mutable accessor original file has no documentation, so we are not running jsdoc on https://accessors.org/utilities/Mutable.js
Loading accessor failed: AudioCapture.js


==== $PTII/ptolemy/configs/test/allConfigs.tcl: capecode/configuration.xml-1.1 Test to see if capecode/configuration.xml contains any bad XML
==== Contents of test case:

        # force everything to get expanded
        expr [string length [$configuration description]] > 0
    
==== Test generated error:
    while executing
ptolemy.kernel.util.InvalidStateException: Failed to populate Library
  in .configuration.actor library.Accessors.audio
Because:
Loading accessor failed: AudioCapture.js
  in .configuration.actor library.Accessors.audio
Because:
Error evaluating expression:
// Copyright (c) 2015-2017 The Regents of the University of California.
...
  in .configuration.actor library.Accessors.audio.AudioCapture.script
Because:
Failed to evaluate script.
  in .configuration.actor library.Accessors.audio.AudioCapture
Because:
Error: Error executing module audio line #undefined : ptolemy.actor.lib.jjs.modules.audio.AudioHelper
In file: /home/travis/build/icyphy/ptII/ptolemy/actor/lib/jjs/modules/audio/audio.js

java.lang.ClassNotFoundException: ptolemy.actor.lib.jjs.modules.audio.AudioHelper
	at java.base/jdk.internal.loader.BuiltinClassLoader.loadClass(BuiltinClassLoader.java:583)
	at java.base/jdk.internal.loader.ClassLoaders$AppClassLoader.loadClass(ClassLoaders.java:178)
	at java.base/java.lang.ClassLoader.loadClass(ClassLoader.java:521)
	at java.base/java.lang.Class.forName0(Native Method)
	at java.base/java.lang.Class.forName(Class.java:398)
	at jdk.scripting.nashorn/jdk.nashorn.internal.runtime.Context.findClass(Context.java:1180)
	at jdk.scripting.nashorn/jdk.nashorn.internal.objects.NativeJava.simpleType(NativeJava.java:546)
	at jdk.scripting.nashorn/jdk.nashorn.internal.objects.NativeJava.type(NativeJava.java:326)
	at jdk.scripting.nashorn/jdk.nashorn.internal.objects.NativeJava.type(NativeJava.java:318)
	at jdk.scripting.nashorn/jdk.nashorn.internal.objects.NativeJava.type(NativeJava.java:314)
	at jdk.scripting.nashorn.scripts/jdk.nashorn.internal.scripts.Script$Recompilation$83105$require.L:1(/home/travis/build/icyphy/ptII/ptolemy/actor/lib/jjs/external/require.js#409:30<eval>:48)
	at jdk.scripting.nashorn.scripts/jdk.nashorn.internal.scripts.Script$Recompilation$83015$require.L:45#_require(/home/travis/build/icyphy/ptII/ptolemy/actor/lib/jjs/external/require.js:429)
	at jdk.scripting.nashorn.scripts/jdk.nashorn.internal.scripts.Script$Recompilation$83019$21065A$require.L:45#_requireClosure#L:466(/home/travis/build/icyphy/ptII/ptolemy/actor/lib/jjs/external/require.js:467)
	at jdk.scripting.nashorn.scripts/jdk.nashorn.internal.scripts.Script$Recompilation$83093$1AAAAAAAAAAAAAA$\^function\_.L:1(<function>:97)
	at jdk.scripting.nashorn.scripts/jdk.nashorn.internal.scripts.Script$Recompilation$83092$17933AAAAAA$require$cu1$restOf.L:1#Accessor(/home/travis/build/icyphy/ptII/ptolemy/actor/lib/jjs/external/require.js#409:30<eval>:545)
	at jdk.scripting.nashorn.scripts/jdk.nashorn.internal.scripts.Script$Recompilation$83078$2801AAA$\^eval\_.evaluateCode(<eval>:96)
	at jdk.scripting.nashorn/jdk.nashorn.internal.runtime.ScriptFunctionData.invoke(ScriptFunctionData.java:661)
	at jdk.scripting.nashorn/jdk.nashorn.internal.runtime.ScriptFunction.invoke(ScriptFunction.java:513)
	at jdk.scripting.nashorn/jdk.nashorn.internal.runtime.ScriptRuntime.apply(ScriptRuntime.java:527)
	at jdk.scripting.nashorn/jdk.nashorn.api.scripting.ScriptObjectMirror.callMember(ScriptObjectMirror.java:202)
	at jdk.scripting.nashorn/jdk.nashorn.api.scripting.NashornScriptEngine.invokeImpl(NashornScriptEngine.java:393)
	at jdk.scripting.nashorn/jdk.nashorn.api.scripting.NashornScriptEngine.invokeFunction(NashornScriptEngine.java:197)
	at ptolemy.actor.lib.jjs.JavaScript._createEngineAndEvaluateSetup(JavaScript.java:2493)
	at ptolemy.actor.lib.jjs.JavaScript.attributeChanged(JavaScript.java:548)
	at org.terraswarm.accessor.JSAccessor.attributeChanged(JSAccessor.java:312)
	at ptolemy.data.expr.Variable._setTokenAndNotify(Variable.java:2271)
	at ptolemy.data.expr.Variable._evaluate(Variable.java:1873)
	at ptolemy.data.expr.Variable._propagate(Variable.java:1984)
	at ptolemy.data.expr.Variable.validate(Variable.java:1596)
	at ptolemy.moml.MoMLParser.endDocument(MoMLParser.java:867)
	at com.microstar.xml.XmlParser.doParse(XmlParser.java:162)
	at com.microstar.xml.XmlParser.parse(XmlParser.java:132)
	at ptolemy.moml.MoMLParser.parse(MoMLParser.java:1676)
	at ptolemy.moml.MoMLParser.parse(MoMLParser.java:1617)
	at ptolemy.moml.MoMLParser.parse(MoMLParser.java:1792)
	at org.terraswarm.accessor.AccessorLibrary.populate(AccessorLibrary.java:194)
	at ptolemy.moml.EntityLibrary.classDefinitionList(EntityLibrary.java:307)
	at ptolemy.kernel.CompositeEntity._description(CompositeEntity.java:2292)
	at ptolemy.kernel.CompositeEntity._description(CompositeEntity.java:2307)
	at ptolemy.kernel.CompositeEntity._description(CompositeEntity.java:2307)
	at ptolemy.kernel.CompositeEntity._description(CompositeEntity.java:2307)
	at ptolemy.kernel.util.NamedObj.description(NamedObj.java:731)
	at ptolemy.kernel.util.NamedObj.description(NamedObj.java:715)
	at java.base/jdk.internal.reflect.NativeMethodAccessorImpl.invoke0(Native Method)
	at java.base/jdk.internal.reflect.NativeMethodAccessorImpl.invoke(NativeMethodAccessorImpl.java:62)
	at java.base/jdk.internal.reflect.DelegatingMethodAccessorImpl.invoke(DelegatingMethodAccessorImpl.java:43)
	at java.base/java.lang.reflect.Method.invoke(Method.java:566)
	at tcl.lang.reflect.PkgInvoker.invokeMethod(PkgInvoker.java:129)
	at tcl.lang.JavaInvoke.call(JavaInvoke.java:253)
	at tcl.lang.JavaInvoke.callMethod(JavaInvoke.java:116)
	at tcl.lang.ReflectObject.cmdProc(ReflectObject.java:727)
	at tcl.lang.Parser.evalObjv(Parser.java:740)
	at tcl.lang.Parser.eval2(Parser.java:1138)
	at tcl.lang.Parser.evalTokens(Parser.java:930)
	at tcl.lang.Parser.eval2(Parser.java:1125)
	at tcl.lang.Parser.evalTokens(Parser.java:930)
	at tcl.lang.Parser.eval2(Parser.java:1125)
	at tcl.lang.Interp.eval(Interp.java:1782)
	at tcl.lang.Interp.eval(Interp.java:1841)
	at tcl.lang.UplevelCmd.cmdProc(UplevelCmd.java:93)
	at tcl.lang.Parser.evalObjv(Parser.java:740)
	at tcl.lang.Parser.eval2(Parser.java:1138)
	at tcl.lang.Interp.eval(Interp.java:1782)
	at tcl.lang.Interp.eval(Interp.java:1841)
	at tcl.lang.CatchCmd.cmdProc(CatchCmd.java:42)
	at tcl.lang.Parser.evalObjv(Parser.java:740)
	at tcl.lang.Parser.eval2(Parser.java:1138)
	at tcl.lang.Parser.evalTokens(Parser.java:930)
	at tcl.lang.Parser.eval2(Parser.java:1125)
	at tcl.lang.Procedure.cmdProc(Procedure.java:175)
	at tcl.lang.Parser.evalObjv(Parser.java:740)
	at tcl.lang.Parser.eval2(Parser.java:1138)
	at tcl.lang.Interp.eval(Interp.java:1782)
	at tcl.lang.Interp.eval(Interp.java:1841)
	at tcl.lang.ForeachCmd.cmdProc(ForeachCmd.java:116)
	at tcl.lang.AutoloadStub.cmdProc(Extension.java:144)
	at tcl.lang.Parser.evalObjv(Parser.java:740)
	at tcl.lang.Parser.eval2(Parser.java:1138)
	at tcl.lang.Interp.eval(Interp.java:1782)
	at tcl.lang.Interp.evalFile(Interp.java:1880)
	at java.base/jdk.internal.reflect.NativeMethodAccessorImpl.invoke0(Native Method)
	at java.base/jdk.internal.reflect.NativeMethodAccessorImpl.invoke(NativeMethodAccessorImpl.java:62)
	at java.base/jdk.internal.reflect.DelegatingMethodAccessorImpl.invoke(DelegatingMethodAccessorImpl.java:43)
	at java.base/java.lang.reflect.Method.invoke(Method.java:566)
	at ptolemy.util.test.junit.TclTests.RunTclFile(TclTests.java:233)
	at java.base/jdk.internal.reflect.NativeMethodAccessorImpl.invoke0(Native Method)
	at java.base/jdk.internal.reflect.NativeMethodAccessorImpl.invoke(NativeMethodAccessorImpl.java:62)
	at java.base/jdk.internal.reflect.DelegatingMethodAccessorImpl.invoke(DelegatingMethodAccessorImpl.java:43)
	at java.base/java.lang.reflect.Method.invoke(Method.java:566)
	at org.junit.runners.model.FrameworkMethod$1.runReflectiveCall(FrameworkMethod.java:44)
	at org.junit.internal.runners.model.ReflectiveCallable.run(ReflectiveCallable.java:15)
	at org.junit.runners.model.FrameworkMethod.invokeExplosively(FrameworkMethod.java:41)
	at junitparams.internal.InvokeParameterisedMethod.evaluate(InvokeParameterisedMethod.java:102)
	at junitparams.internal.ParameterisedTestMethodRunner.runMethodInvoker(ParameterisedTestMethodRunner.java:47)
	at junitparams.internal.ParameterisedTestMethodRunner.runTestMethod(ParameterisedTestMethodRunner.java:41)
	at junitparams.internal.ParameterisedTestClassRunner.runParameterisedTest(ParameterisedTestClassRunner.java:143)
	at junitparams.JUnitParamsRunner.runChild(JUnitParamsRunner.java:237)
	at junitparams.JUnitParamsRunner.runChild(JUnitParamsRunner.java:215)
	at org.junit.runners.ParentRunner$3.run(ParentRunner.java:193)
	at org.junit.runners.ParentRunner$1.schedule(ParentRunner.java:52)
	at org.junit.runners.ParentRunner.runChildren(ParentRunner.java:191)
	at org.junit.runners.ParentRunner.access$000(ParentRunner.java:42)
	at org.junit.runners.ParentRunner$2.evaluate(ParentRunner.java:184)
	at org.junit.internal.runners.statements.RunAfters.evaluate(RunAfters.java:31)
	at org.junit.runners.ParentRunner.run(ParentRunner.java:236)
	at org.junit.runners.Suite.runChild(Suite.java:128)
	at org.junit.runners.Suite.runChild(Suite.java:24)
	at org.junit.runners.ParentRunner$3.run(ParentRunner.java:193)
	at org.junit.runners.ParentRunner$1.schedule(ParentRunner.java:52)
	at org.junit.runners.ParentRunner.runChildren(ParentRunner.java:191)
	at org.junit.runners.ParentRunner.access$000(ParentRunner.java:42)
	at org.junit.runners.ParentRunner$2.evaluate(ParentRunner.java:184)
	at org.junit.runners.ParentRunner.run(ParentRunner.java:236)
	at junit.framework.JUnit4TestAdapter.run(JUnit4TestAdapter.java:39)
	at org.apache.tools.ant.taskdefs.optional.junit.JUnitTestRunner.run(JUnitTestRunner.java:535)
	at org.apache.tools.ant.taskdefs.optional.junit.JUnitTestRunner.launch(JUnitTestRunner.java:1182)
	at org.apache.tools.ant.taskdefs.optional.junit.JUnitTestRunner.main(JUnitTestRunner.java:1033)
 in /home/travis/build/icyphy/ptII/ptolemy/actor/lib/jjs/external/require.js at line number 454 at column number 12
  in .configuration.actor library.Accessors.audio.AudioCapture.script
Because:
Error evaluating expression:
// Copyright (c) 2015-2017 The Regents of the University of California.
...
  in .configuration.actor library.Accessors.audio.AudioCapture.script
Because:
Failed to evaluate script.
  in .configuration.actor library.Accessors.audio.AudioCapture
Because:
Error: Error executing module audio line #undefined : ptolemy.actor.lib.jjs.modules.audio.AudioHelper
In file: /home/travis/build/icyphy/ptII/ptolemy/actor/lib/jjs/modules/audio/audio.js

java.lang.ClassNotFoundException: ptolemy.actor.lib.jjs.modules.audio.AudioHelper
	at java.base/jdk.internal.loader.BuiltinClassLoader.loadClass(BuiltinClassLoader.java:583)
	at java.base/jdk.internal.loader.ClassLoaders$AppClassLoader.loadClass(ClassLoaders.java:178)
	at java.base/java.lang.ClassLoader.loadClass(ClassLoader.java:521)
	at java.base/java.lang.Class.forName0(Native Method)
	at java.base/java.lang.Class.forName(Class.java:398)
	at jdk.scripting.nashorn/jdk.nashorn.internal.runtime.Context.findClass(Context.java:1180)
	at jdk.scripting.nashorn/jdk.nashorn.internal.objects.NativeJava.simpleType(NativeJava.java:546)
	at jdk.scripting.nashorn/jdk.nashorn.internal.objects.NativeJava.type(NativeJava.java:326)
	at jdk.scripting.nashorn/jdk.nashorn.internal.objects.NativeJava.type(NativeJava.java:318)
	at jdk.scripting.nashorn/jdk.nashorn.internal.objects.NativeJava.type(NativeJava.java:314)
	at jdk.scripting.nashorn.scripts/jdk.nashorn.internal.scripts.Script$Recompilation$83105$require.L:1(/home/travis/build/icyphy/ptII/ptolemy/actor/lib/jjs/external/require.js#409:30<eval>:48)
	at jdk.scripting.nashorn.scripts/jdk.nashorn.internal.scripts.Script$Recompilation$83015$require.L:45#_require(/home/travis/build/icyphy/ptII/ptolemy/actor/lib/jjs/external/require.js:429)
	at jdk.scripting.nashorn.scripts/jdk.nashorn.internal.scripts.Script$Recompilation$83019$21065A$require.L:45#_requireClosure#L:466(/home/travis/build/icyphy/ptII/ptolemy/actor/lib/jjs/external/require.js:467)
	at jdk.scripting.nashorn.scripts/jdk.nashorn.internal.scripts.Script$Recompilation$83093$1AAAAAAAAAAAAAA$\^function\_.L:1(<function>:97)
	at jdk.scripting.nashorn.scripts/jdk.nashorn.internal.scripts.Script$Recompilation$83092$17933AAAAAA$require$cu1$restOf.L:1#Accessor(/home/travis/build/icyphy/ptII/ptolemy/actor/lib/jjs/external/require.js#409:30<eval>:545)
	at jdk.scripting.nashorn.scripts/jdk.nashorn.internal.scripts.Script$Recompilation$83078$2801AAA$\^eval\_.evaluateCode(<eval>:96)
	at jdk.scripting.nashorn/jdk.nashorn.internal.runtime.ScriptFunctionData.invoke(ScriptFunctionData.java:661)
	at jdk.scripting.nashorn/jdk.nashorn.internal.runtime.ScriptFunction.invoke(ScriptFunction.java:513)
	at jdk.scripting.nashorn/jdk.nashorn.internal.runtime.ScriptRuntime.apply(ScriptRuntime.java:527)
	at jdk.scripting.nashorn/jdk.nashorn.api.scripting.ScriptObjectMirror.callMember(ScriptObjectMirror.java:202)
	at jdk.scripting.nashorn/jdk.nashorn.api.scripting.NashornScriptEngine.invokeImpl(NashornScriptEngine.java:393)
	at jdk.scripting.nashorn/jdk.nashorn.api.scripting.NashornScriptEngine.invokeFunction(NashornScriptEngine.java:197)
	at ptolemy.actor.lib.jjs.JavaScript._createEngineAndEvaluateSetup(JavaScript.java:2493)
	at ptolemy.actor.lib.jjs.JavaScript.attributeChanged(JavaScript.java:548)
	at org.terraswarm.accessor.JSAccessor.attributeChanged(JSAccessor.java:312)
	at ptolemy.data.expr.Variable._setTokenAndNotify(Variable.java:2271)
	at ptolemy.data.expr.Variable._evaluate(Variable.java:1873)
	at ptolemy.data.expr.Variable._propagate(Variable.java:1984)
	at ptolemy.data.expr.Variable.validate(Variable.java:1596)
	at ptolemy.moml.MoMLParser.endDocument(MoMLParser.java:867)
	at com.microstar.xml.XmlParser.doParse(XmlParser.java:162)
	at com.microstar.xml.XmlParser.parse(XmlParser.java:132)
	at ptolemy.moml.MoMLParser.parse(MoMLParser.java:1676)
	at ptolemy.moml.MoMLParser.parse(MoMLParser.java:1617)
	at ptolemy.moml.MoMLParser.parse(MoMLParser.java:1792)
	at org.terraswarm.accessor.AccessorLibrary.populate(AccessorLibrary.java:194)
	at ptolemy.moml.EntityLibrary.classDefinitionList(EntityLibrary.java:307)
	at ptolemy.kernel.CompositeEntity._description(CompositeEntity.java:2292)
	at ptolemy.kernel.CompositeEntity._description(CompositeEntity.java:2307)
	at ptolemy.kernel.CompositeEntity._description(CompositeEntity.java:2307)
	at ptolemy.kernel.CompositeEntity._description(CompositeEntity.java:2307)
	at ptolemy.kernel.util.NamedObj.description(NamedObj.java:731)
	at ptolemy.kernel.util.NamedObj.description(NamedObj.java:715)
	at java.base/jdk.internal.reflect.NativeMethodAccessorImpl.invoke0(Native Method)
	at java.base/jdk.internal.reflect.NativeMethodAccessorImpl.invoke(NativeMethodAccessorImpl.java:62)
	at java.base/jdk.internal.reflect.DelegatingMethodAccessorImpl.invoke(DelegatingMethodAccessorImpl.java:43)
	at java.base/java.lang.reflect.Method.invoke(Method.java:566)
	at tcl.lang.reflect.PkgInvoker.invokeMethod(PkgInvoker.java:129)
	at tcl.lang.JavaInvoke.call(JavaInvoke.java:253)
	at tcl.lang.JavaInvoke.callMethod(JavaInvoke.java:116)
	at tcl.lang.ReflectObject.cmdProc(ReflectObject.java:727)
	at tcl.lang.Parser.evalObjv(Parser.java:740)
	at tcl.lang.Parser.eval2(Parser.java:1138)
	at tcl.lang.Parser.evalTokens(Parser.java:930)
	at tcl.lang.Parser.eval2(Parser.java:1125)
	at tcl.lang.Parser.evalTokens(Parser.java:930)
	at tcl.lang.Parser.eval2(Parser.java:1125)
	at tcl.lang.Interp.eval(Interp.java:1782)
	at tcl.lang.Interp.eval(Interp.java:1841)
	at tcl.lang.UplevelCmd.cmdProc(UplevelCmd.java:93)
	at tcl.lang.Parser.evalObjv(Parser.java:740)
	at tcl.lang.Parser.eval2(Parser.java:1138)
	at tcl.lang.Interp.eval(Interp.java:1782)
	at tcl.lang.Interp.eval(Interp.java:1841)
	at tcl.lang.CatchCmd.cmdProc(CatchCmd.java:42)
	at tcl.lang.Parser.evalObjv(Parser.java:740)
	at tcl.lang.Parser.eval2(Parser.java:1138)
	at tcl.lang.Parser.evalTokens(Parser.java:930)
	at tcl.lang.Parser.eval2(Parser.java:1125)
	at tcl.lang.Procedure.cmdProc(Procedure.java:175)
	at tcl.lang.Parser.evalObjv(Parser.java:740)
	at tcl.lang.Parser.eval2(Parser.java:1138)
	at tcl.lang.Interp.eval(Interp.java:1782)
	at tcl.lang.Interp.eval(Interp.java:1841)
	at tcl.lang.ForeachCmd.cmdProc(ForeachCmd.java:116)
	at tcl.lang.AutoloadStub.cmdProc(Extension.java:144)
	at tcl.lang.Parser.evalObjv(Parser.java:740)
	at tcl.lang.Parser.eval2(Parser.java:1138)
	at tcl.lang.Interp.eval(Interp.java:1782)
	at tcl.lang.Interp.evalFile(Interp.java:1880)
	at java.base/jdk.internal.reflect.NativeMethodAccessorImpl.invoke0(Native Method)
	at java.base/jdk.internal.reflect.NativeMethodAccessorImpl.invoke(NativeMethodAccessorImpl.java:62)
	at java.base/jdk.internal.reflect.DelegatingMethodAccessorImpl.invoke(DelegatingMethodAccessorImpl.java:43)
	at java.base/java.lang.reflect.Method.invoke(Method.java:566)
	at ptolemy.util.test.junit.TclTests.RunTclFile(TclTests.java:233)
	at java.base/jdk.internal.reflect.NativeMethodAccessorImpl.invoke0(Native Method)
	at java.base/jdk.internal.reflect.NativeMethodAccessorImpl.invoke(NativeMethodAccessorImpl.java:62)
	at java.base/jdk.internal.reflect.DelegatingMethodAccessorImpl.invoke(DelegatingMethodAccessorImpl.java:43)
	at java.base/java.lang.reflect.Method.invoke(Method.java:566)
	at org.junit.runners.model.FrameworkMethod$1.runReflectiveCall(FrameworkMethod.java:44)
	at org.junit.internal.runners.model.ReflectiveCallable.run(ReflectiveCallable.java:15)
	at org.junit.runners.model.FrameworkMethod.invokeExplosively(FrameworkMethod.java:41)
	at junitparams.internal.InvokeParameterisedMethod.evaluate(InvokeParameterisedMethod.java:102)
	at junitparams.internal.ParameterisedTestMethodRunner.runMethodInvoker(ParameterisedTestMethodRunner.java:47)
	at junitparams.internal.ParameterisedTestMethodRunner.runTestMethod(ParameterisedTestMethodRunner.java:41)
	at junitparams.internal.ParameterisedTestClassRunner.runParameterisedTest(ParameterisedTestClassRunner.java:143)
	at junitparams.JUnitParamsRunner.runChild(JUnitParamsRunner.java:237)
	at junitparams.JUnitParamsRunner.runChild(JUnitParamsRunner.java:215)
	at org.junit.runners.ParentRunner$3.run(ParentRunner.java:193)
	at org.junit.runners.ParentRunner$1.schedule(ParentRunner.java:52)
	at org.junit.runners.ParentRunner.runChildren(ParentRunner.java:191)
	at org.junit.runners.ParentRunner.access$000(ParentRunner.java:42)
	at org.junit.runners.ParentRunner$2.evaluate(ParentRunner.java:184)
	at org.junit.internal.runners.statements.RunAfters.evaluate(RunAfters.java:31)
	at org.junit.runners.ParentRunner.run(ParentRunner.java:236)
	at org.junit.runners.Suite.runChild(Suite.java:128)
	at org.junit.runners.Suite.runChild(Suite.java:24)
	at org.junit.runners.ParentRunner$3.run(ParentRunner.java:193)
	at org.junit.runners.ParentRunner$1.schedule(ParentRunner.java:52)
	at org.junit.runners.ParentRunner.runChildren(ParentRunner.java:191)
	at org.junit.runners.ParentRunner.access$000(ParentRunner.java:42)
	at org.junit.runners.ParentRunner$2.evaluate(ParentRunner.java:184)
	at org.junit.runners.ParentRunner.run(ParentRunner.java:236)
	at junit.framework.JUnit4TestAdapter.run(JUnit4TestAdapter.java:39)
	at org.apache.tools.ant.taskdefs.optional.junit.JUnitTestRunner.run(JUnitTestRunner.java:535)
	at org.apache.tools.ant.taskdefs.optional.junit.JUnitTestRunner.launch(JUnitTestRunner.java:1182)
	at org.apache.tools.ant.taskdefs.optional.junit.JUnitTestRunner.main(JUnitTestRunner.java:1033)
 in /home/travis/build/icyphy/ptII/ptolemy/actor/lib/jjs/external/require.js at line number 454 at column number 12
	at org.terraswarm.accessor.AccessorLibrary.populate(AccessorLibrary.java:307)
	at ptolemy.moml.EntityLibrary.classDefinitionList(EntityLibrary.java:307)
	at ptolemy.kernel.CompositeEntity._description(CompositeEntity.java:2292)
	at ptolemy.kernel.CompositeEntity._description(CompositeEntity.java:2307)
	at ptolemy.kernel.CompositeEntity._description(CompositeEntity.java:2307)
	at ptolemy.kernel.CompositeEntity._description(CompositeEntity.java:2307)
	at ptolemy.kernel.util.NamedObj.description(NamedObj.java:731)
	at ptolemy.kernel.util.NamedObj.description(NamedObj.java:715)
	at java.base/jdk.internal.reflect.NativeMethodAccessorImpl.invoke0(Native Method)
	at java.base/jdk.internal.reflect.NativeMethodAccessorImpl.invoke(NativeMethodAccessorImpl.java:62)
	at java.base/jdk.internal.reflect.DelegatingMethodAccessorImpl.invoke(DelegatingMethodAccessorImpl.java:43)
	at java.base/java.lang.reflect.Method.invoke(Method.java:566)
	at tcl.lang.reflect.PkgInvoker.invokeMethod(PkgInvoker.java:129)
	at tcl.lang.JavaInvoke.call(JavaInvoke.java:253)
	at tcl.lang.JavaInvoke.callMethod(JavaInvoke.java:116)
	at tcl.lang.ReflectObject.cmdProc(ReflectObject.java:727)
	at tcl.lang.Parser.evalObjv(Parser.java:740)
	at tcl.lang.Parser.eval2(Parser.java:1138)
	at tcl.lang.Parser.evalTokens(Parser.java:930)
	at tcl.lang.Parser.eval2(Parser.java:1125)
	at tcl.lang.Parser.evalTokens(Parser.java:930)
	at tcl.lang.Parser.eval2(Parser.java:1125)
	at tcl.lang.Interp.eval(Interp.java:1782)
	at tcl.lang.Interp.eval(Interp.java:1841)
	at tcl.lang.UplevelCmd.cmdProc(UplevelCmd.java:93)
	at tcl.lang.Parser.evalObjv(Parser.java:740)
	at tcl.lang.Parser.eval2(Parser.java:1138)
	at tcl.lang.Interp.eval(Interp.java:1782)
	at tcl.lang.Interp.eval(Interp.java:1841)
	at tcl.lang.CatchCmd.cmdProc(CatchCmd.java:42)
	at tcl.lang.Parser.evalObjv(Parser.java:740)
	at tcl.lang.Parser.eval2(Parser.java:1138)
	at tcl.lang.Parser.evalTokens(Parser.java:930)
	at tcl.lang.Parser.eval2(Parser.java:1125)
	at tcl.lang.Procedure.cmdProc(Procedure.java:175)
	at tcl.lang.Parser.evalObjv(Parser.java:740)
	at tcl.lang.Parser.eval2(Parser.java:1138)
	at tcl.lang.Interp.eval(Interp.java:1782)
	at tcl.lang.Interp.eval(Interp.java:1841)
	at tcl.lang.ForeachCmd.cmdProc(ForeachCmd.java:116)
	at tcl.lang.AutoloadStub.cmdProc(Extension.java:144)
	at tcl.lang.Parser.evalObjv(Parser.java:740)
	at tcl.lang.Parser.eval2(Parser.java:1138)
	at tcl.lang.Interp.eval(Interp.java:1782)
	at tcl.lang.Interp.evalFile(Interp.java:1880)
	at java.base/jdk.internal.reflect.NativeMethodAccessorImpl.invoke0(Native Method)
	at java.base/jdk.internal.reflect.NativeMethodAccessorImpl.invoke(NativeMethodAccessorImpl.java:62)
	at java.base/jdk.internal.reflect.DelegatingMethodAccessorImpl.invoke(DelegatingMethodAccessorImpl.java:43)
	at java.base/java.lang.reflect.Method.invoke(Method.java:566)
	at ptolemy.util.test.junit.TclTests.RunTclFile(TclTests.java:233)
	at java.base/jdk.internal.reflect.NativeMethodAccessorImpl.invoke0(Native Method)
	at java.base/jdk.internal.reflect.NativeMethodAccessorImpl.invoke(NativeMethodAccessorImpl.java:62)
	at java.base/jdk.internal.reflect.DelegatingMethodAccessorImpl.invoke(DelegatingMethodAccessorImpl.java:43)
	at java.base/java.lang.reflect.Method.invoke(Method.java:566)
	at org.junit.runners.model.FrameworkMethod$1.runReflectiveCall(FrameworkMethod.java:44)
	at org.junit.internal.runners.model.ReflectiveCallable.run(ReflectiveCallable.java:15)
	at org.junit.runners.model.FrameworkMethod.invokeExplosively(FrameworkMethod.java:41)
	at junitparams.internal.InvokeParameterisedMethod.evaluate(InvokeParameterisedMethod.java:102)
	at junitparams.internal.ParameterisedTestMethodRunner.runMethodInvoker(ParameterisedTestMethodRunner.java:47)
	at junitparams.internal.ParameterisedTestMethodRunner.runTestMethod(ParameterisedTestMethodRunner.java:41)
	at junitparams.internal.ParameterisedTestClassRunner.runParameterisedTest(ParameterisedTestClassRunner.java:143)
	at junitparams.JUnitParamsRunner.runChild(JUnitParamsRunner.java:237)
	at junitparams.JUnitParamsRunner.runChild(JUnitParamsRunner.java:215)
	at org.junit.runners.ParentRunner$3.run(ParentRunner.java:193)
	at org.junit.runners.ParentRunner$1.schedule(ParentRunner.java:52)
	at org.junit.runners.ParentRunner.runChildren(ParentRunner.java:191)
	at org.junit.runners.ParentRunner.access$000(ParentRunner.java:42)
	at org.junit.runners.ParentRunner$2.evaluate(ParentRunner.java:184)
	at org.junit.internal.runners.statements.RunAfters.evaluate(RunAfters.java:31)
	at org.junit.runners.ParentRunner.run(ParentRunner.java:236)
	at org.junit.runners.Suite.runChild(Suite.java:128)
	at org.junit.runners.Suite.runChild(Suite.java:24)
	at org.junit.runners.ParentRunner$3.run(ParentRunner.java:193)
	at org.junit.runners.ParentRunner$1.schedule(ParentRunner.java:52)
	at org.junit.runners.ParentRunner.runChildren(ParentRunner.java:191)
	at org.junit.runners.ParentRunner.access$000(ParentRunner.java:42)
	at org.junit.runners.ParentRunner$2.evaluate(ParentRunner.java:184)
	at org.junit.runners.ParentRunner.run(ParentRunner.java:236)
	at junit.framework.JUnit4TestAdapter.run(JUnit4TestAdapter.java:39)
	at org.apache.tools.ant.taskdefs.optional.junit.JUnitTestRunner.run(JUnitTestRunner.java:535)
	at org.apache.tools.ant.taskdefs.optional.junit.JUnitTestRunner.launch(JUnitTestRunner.java:1182)
	at org.apache.tools.ant.taskdefs.optional.junit.JUnitTestRunner.main(JUnitTestRunner.java:1033)
Caused by: ptolemy.kernel.util.InternalErrorException: Loading accessor failed: AudioCapture.js
  in .configuration.actor library.Accessors.audio
Because:
Error evaluating expression:
// Copyright (c) 2015-2017 The Regents of the University of California.
...
  in .configuration.actor library.Accessors.audio.AudioCapture.script
Because:
Failed to evaluate script.
  in .configuration.actor library.Accessors.audio.AudioCapture
Because:
Error: Error executing module audio line #undefined : ptolemy.actor.lib.jjs.modules.audio.AudioHelper
In file: /home/travis/build/icyphy/ptII/ptolemy/actor/lib/jjs/modules/audio/audio.js

java.lang.ClassNotFoundException: ptolemy.actor.lib.jjs.modules.audio.AudioHelper
	at java.base/jdk.internal.loader.BuiltinClassLoader.loadClass(BuiltinClassLoader.java:583)
	at java.base/jdk.internal.loader.ClassLoaders$AppClassLoader.loadClass(ClassLoaders.java:178)
	at java.base/java.lang.ClassLoader.loadClass(ClassLoader.java:521)
	at java.base/java.lang.Class.forName0(Native Method)
	at java.base/java.lang.Class.forName(Class.java:398)
	at jdk.scripting.nashorn/jdk.nashorn.internal.runtime.Context.findClass(Context.java:1180)
	at jdk.scripting.nashorn/jdk.nashorn.internal.objects.NativeJava.simpleType(NativeJava.java:546)
	at jdk.scripting.nashorn/jdk.nashorn.internal.objects.NativeJava.type(NativeJava.java:326)
	at jdk.scripting.nashorn/jdk.nashorn.internal.objects.NativeJava.type(NativeJava.java:318)
	at jdk.scripting.nashorn/jdk.nashorn.internal.objects.NativeJava.type(NativeJava.java:314)
	at jdk.scripting.nashorn.scripts/jdk.nashorn.internal.scripts.Script$Recompilation$83105$require.L:1(/home/travis/build/icyphy/ptII/ptolemy/actor/lib/jjs/external/require.js#409:30<eval>:48)
	at jdk.scripting.nashorn.scripts/jdk.nashorn.internal.scripts.Script$Recompilation$83015$require.L:45#_require(/home/travis/build/icyphy/ptII/ptolemy/actor/lib/jjs/external/require.js:429)
	at jdk.scripting.nashorn.scripts/jdk.nashorn.internal.scripts.Script$Recompilation$83019$21065A$require.L:45#_requireClosure#L:466(/home/travis/build/icyphy/ptII/ptolemy/actor/lib/jjs/external/require.js:467)
	at jdk.scripting.nashorn.scripts/jdk.nashorn.internal.scripts.Script$Recompilation$83093$1AAAAAAAAAAAAAA$\^function\_.L:1(<function>:97)
	at jdk.scripting.nashorn.scripts/jdk.nashorn.internal.scripts.Script$Recompilation$83092$17933AAAAAA$require$cu1$restOf.L:1#Accessor(/home/travis/build/icyphy/ptII/ptolemy/actor/lib/jjs/external/require.js#409:30<eval>:545)
	at jdk.scripting.nashorn.scripts/jdk.nashorn.internal.scripts.Script$Recompilation$83078$2801AAA$\^eval\_.evaluateCode(<eval>:96)
	at jdk.scripting.nashorn/jdk.nashorn.internal.runtime.ScriptFunctionData.invoke(ScriptFunctionData.java:661)
	at jdk.scripting.nashorn/jdk.nashorn.internal.runtime.ScriptFunction.invoke(ScriptFunction.java:513)
	at jdk.scripting.nashorn/jdk.nashorn.internal.runtime.ScriptRuntime.apply(ScriptRuntime.java:527)
	at jdk.scripting.nashorn/jdk.nashorn.api.scripting.ScriptObjectMirror.callMember(ScriptObjectMirror.java:202)
	at jdk.scripting.nashorn/jdk.nashorn.api.scripting.NashornScriptEngine.invokeImpl(NashornScriptEngine.java:393)
	at jdk.scripting.nashorn/jdk.nashorn.api.scripting.NashornScriptEngine.invokeFunction(NashornScriptEngine.java:197)
	at ptolemy.actor.lib.jjs.JavaScript._createEngineAndEvaluateSetup(JavaScript.java:2493)
	at ptolemy.actor.lib.jjs.JavaScript.attributeChanged(JavaScript.java:548)
	at org.terraswarm.accessor.JSAccessor.attributeChanged(JSAccessor.java:312)
	at ptolemy.data.expr.Variable._setTokenAndNotify(Variable.java:2271)
	at ptolemy.data.expr.Variable._evaluate(Variable.java:1873)
	at ptolemy.data.expr.Variable._propagate(Variable.java:1984)
	at ptolemy.data.expr.Variable.validate(Variable.java:1596)
	at ptolemy.moml.MoMLParser.endDocument(MoMLParser.java:867)
	at com.microstar.xml.XmlParser.doParse(XmlParser.java:162)
	at com.microstar.xml.XmlParser.parse(XmlParser.java:132)
	at ptolemy.moml.MoMLParser.parse(MoMLParser.java:1676)
	at ptolemy.moml.MoMLParser.parse(MoMLParser.java:1617)
	at ptolemy.moml.MoMLParser.parse(MoMLParser.java:1792)
	at org.terraswarm.accessor.AccessorLibrary.populate(AccessorLibrary.java:194)
	at ptolemy.moml.EntityLibrary.classDefinitionList(EntityLibrary.java:307)
	at ptolemy.kernel.CompositeEntity._description(CompositeEntity.java:2292)
	at ptolemy.kernel.CompositeEntity._description(CompositeEntity.java:2307)
	at ptolemy.kernel.CompositeEntity._description(CompositeEntity.java:2307)
	at ptolemy.kernel.CompositeEntity._description(CompositeEntity.java:2307)
	at ptolemy.kernel.util.NamedObj.description(NamedObj.java:731)
	at ptolemy.kernel.util.NamedObj.description(NamedObj.java:715)
	at java.base/jdk.internal.reflect.NativeMethodAccessorImpl.invoke0(Native Method)
	at java.base/jdk.internal.reflect.NativeMethodAccessorImpl.invoke(NativeMethodAccessorImpl.java:62)
	at java.base/jdk.internal.reflect.DelegatingMethodAccessorImpl.invoke(DelegatingMethodAccessorImpl.java:43)
	at java.base/java.lang.reflect.Method.invoke(Method.java:566)
	at tcl.lang.reflect.PkgInvoker.invokeMethod(PkgInvoker.java:129)
	at tcl.lang.JavaInvoke.call(JavaInvoke.java:253)
	at tcl.lang.JavaInvoke.callMethod(JavaInvoke.java:116)
	at tcl.lang.ReflectObject.cmdProc(ReflectObject.java:727)
	at tcl.lang.Parser.evalObjv(Parser.java:740)
	at tcl.lang.Parser.eval2(Parser.java:1138)
	at tcl.lang.Parser.evalTokens(Parser.java:930)
	at tcl.lang.Parser.eval2(Parser.java:1125)
	at tcl.lang.Parser.evalTokens(Parser.java:930)
	at tcl.lang.Parser.eval2(Parser.java:1125)
	at tcl.lang.Interp.eval(Interp.java:1782)
	at tcl.lang.Interp.eval(Interp.java:1841)
	at tcl.lang.UplevelCmd.cmdProc(UplevelCmd.java:93)
	at tcl.lang.Parser.evalObjv(Parser.java:740)
	at tcl.lang.Parser.eval2(Parser.java:1138)
	at tcl.lang.Interp.eval(Interp.java:1782)
	at tcl.lang.Interp.eval(Interp.java:1841)
	at tcl.lang.CatchCmd.cmdProc(CatchCmd.java:42)
	at tcl.lang.Parser.evalObjv(Parser.java:740)
	at tcl.lang.Parser.eval2(Parser.java:1138)
	at tcl.lang.Parser.evalTokens(Parser.java:930)
	at tcl.lang.Parser.eval2(Parser.java:1125)
	at tcl.lang.Procedure.cmdProc(Procedure.java:175)
	at tcl.lang.Parser.evalObjv(Parser.java:740)
	at tcl.lang.Parser.eval2(Parser.java:1138)
	at tcl.lang.Interp.eval(Interp.java:1782)
	at tcl.lang.Interp.eval(Interp.java:1841)
	at tcl.lang.ForeachCmd.cmdProc(ForeachCmd.java:116)
	at tcl.lang.AutoloadStub.cmdProc(Extension.java:144)
	at tcl.lang.Parser.evalObjv(Parser.java:740)
	at tcl.lang.Parser.eval2(Parser.java:1138)
	at tcl.lang.Interp.eval(Interp.java:1782)
	at tcl.lang.Interp.evalFile(Interp.java:1880)
	at java.base/jdk.internal.reflect.NativeMethodAccessorImpl.invoke0(Native Method)
	at java.base/jdk.internal.reflect.NativeMethodAccessorImpl.invoke(NativeMethodAccessorImpl.java:62)
	at java.base/jdk.internal.reflect.DelegatingMethodAccessorImpl.invoke(DelegatingMethodAccessorImpl.java:43)
	at java.base/java.lang.reflect.Method.invoke(Method.java:566)
	at ptolemy.util.test.junit.TclTests.RunTclFile(TclTests.java:233)
	at java.base/jdk.internal.reflect.NativeMethodAccessorImpl.invoke0(Native Method)
	at java.base/jdk.internal.reflect.NativeMethodAccessorImpl.invoke(NativeMethodAccessorImpl.java:62)
	at java.base/jdk.internal.reflect.DelegatingMethodAccessorImpl.invoke(DelegatingMethodAccessorImpl.java:43)
	at java.base/java.lang.reflect.Method.invoke(Method.java:566)
	at org.junit.runners.model.FrameworkMethod$1.runReflectiveCall(FrameworkMethod.java:44)
	at org.junit.internal.runners.model.ReflectiveCallable.run(ReflectiveCallable.java:15)
	at org.junit.runners.model.FrameworkMethod.invokeExplosively(FrameworkMethod.java:41)
	at junitparams.internal.InvokeParameterisedMethod.evaluate(InvokeParameterisedMethod.java:102)
	at junitparams.internal.ParameterisedTestMethodRunner.runMethodInvoker(ParameterisedTestMethodRunner.java:47)
	at junitparams.internal.ParameterisedTestMethodRunner.runTestMethod(ParameterisedTestMethodRunner.java:41)
	at junitparams.internal.ParameterisedTestClassRunner.runParameterisedTest(ParameterisedTestClassRunner.java:143)
	at junitparams.JUnitParamsRunner.runChild(JUnitParamsRunner.java:237)
	at junitparams.JUnitParamsRunner.runChild(JUnitParamsRunner.java:215)
	at org.junit.runners.ParentRunner$3.run(ParentRunner.java:193)
	at org.junit.runners.ParentRunner$1.schedule(ParentRunner.java:52)
	at org.junit.runners.ParentRunner.runChildren(ParentRunner.java:191)
	at org.junit.runners.ParentRunner.access$000(ParentRunner.java:42)
	at org.junit.runners.ParentRunner$2.evaluate(ParentRunner.java:184)
	at org.junit.internal.runners.statements.RunAfters.evaluate(RunAfters.java:31)
	at org.junit.runners.ParentRunner.run(ParentRunner.java:236)
	at org.junit.runners.Suite.runChild(Suite.java:128)
	at org.junit.runners.Suite.runChild(Suite.java:24)
	at org.junit.runners.ParentRunner$3.run(ParentRunner.java:193)
	at org.junit.runners.ParentRunner$1.schedule(ParentRunner.java:52)
	at org.junit.runners.ParentRunner.runChildren(ParentRunner.java:191)
	at org.junit.runners.ParentRunner.access$000(ParentRunner.java:42)
	at org.junit.runners.ParentRunner$2.evaluate(ParentRunner.java:184)
	at org.junit.runners.ParentRunner.run(ParentRunner.java:236)
	at junit.framework.JUnit4TestAdapter.run(JUnit4TestAdapter.java:39)
	at org.apache.tools.ant.taskdefs.optional.junit.JUnitTestRunner.run(JUnitTestRunner.java:535)
	at org.apache.tools.ant.taskdefs.optional.junit.JUnitTestRunner.launch(JUnitTestRunner.java:1182)
	at org.apache.tools.ant.taskdefs.optional.junit.JUnitTestRunner.main(JUnitTestRunner.java:1033)
 in /home/travis/build/icyphy/ptII/ptolemy/actor/lib/jjs/external/require.js at line number 454 at column number 12
  in .configuration.actor library.Accessors.audio.AudioCapture.script
Because:
Error evaluating expression:
// Copyright (c) 2015-2017 The Regents of the University of California.
...
  in .configuration.actor library.Accessors.audio.AudioCapture.script
Because:
Failed to evaluate script.
  in .configuration.actor library.Accessors.audio.AudioCapture
Because:
Error: Error executing module audio line #undefined : ptolemy.actor.lib.jjs.modules.audio.AudioHelper
In file: /home/travis/build/icyphy/ptII/ptolemy/actor/lib/jjs/modules/audio/audio.js

java.lang.ClassNotFoundException: ptolemy.actor.lib.jjs.modules.audio.AudioHelper
	at java.base/jdk.internal.loader.BuiltinClassLoader.loadClass(BuiltinClassLoader.java:583)
	at java.base/jdk.internal.loader.ClassLoaders$AppClassLoader.loadClass(ClassLoaders.java:178)
	at java.base/java.lang.ClassLoader.loadClass(ClassLoader.java:521)
	at java.base/java.lang.Class.forName0(Native Method)
	at java.base/java.lang.Class.forName(Class.java:398)
	at jdk.scripting.nashorn/jdk.nashorn.internal.runtime.Context.findClass(Context.java:1180)
	at jdk.scripting.nashorn/jdk.nashorn.internal.objects.NativeJava.simpleType(NativeJava.java:546)
	at jdk.scripting.nashorn/jdk.nashorn.internal.objects.NativeJava.type(NativeJava.java:326)
	at jdk.scripting.nashorn/jdk.nashorn.internal.objects.NativeJava.type(NativeJava.java:318)
	at jdk.scripting.nashorn/jdk.nashorn.internal.objects.NativeJava.type(NativeJava.java:314)
	at jdk.scripting.nashorn.scripts/jdk.nashorn.internal.scripts.Script$Recompilation$83105$require.L:1(/home/travis/build/icyphy/ptII/ptolemy/actor/lib/jjs/external/require.js#409:30<eval>:48)
	at jdk.scripting.nashorn.scripts/jdk.nashorn.internal.scripts.Script$Recompilation$83015$require.L:45#_require(/home/travis/build/icyphy/ptII/ptolemy/actor/lib/jjs/external/require.js:429)
	at jdk.scripting.nashorn.scripts/jdk.nashorn.internal.scripts.Script$Recompilation$83019$21065A$require.L:45#_requireClosure#L:466(/home/travis/build/icyphy/ptII/ptolemy/actor/lib/jjs/external/require.js:467)
	at jdk.scripting.nashorn.scripts/jdk.nashorn.internal.scripts.Script$Recompilation$83093$1AAAAAAAAAAAAAA$\^function\_.L:1(<function>:97)
	at jdk.scripting.nashorn.scripts/jdk.nashorn.internal.scripts.Script$Recompilation$83092$17933AAAAAA$require$cu1$restOf.L:1#Accessor(/home/travis/build/icyphy/ptII/ptolemy/actor/lib/jjs/external/require.js#409:30<eval>:545)
	at jdk.scripting.nashorn.scripts/jdk.nashorn.internal.scripts.Script$Recompilation$83078$2801AAA$\^eval\_.evaluateCode(<eval>:96)
	at jdk.scripting.nashorn/jdk.nashorn.internal.runtime.ScriptFunctionData.invoke(ScriptFunctionData.java:661)
	at jdk.scripting.nashorn/jdk.nashorn.internal.runtime.ScriptFunction.invoke(ScriptFunction.java:513)
	at jdk.scripting.nashorn/jdk.nashorn.internal.runtime.ScriptRuntime.apply(ScriptRuntime.java:527)
	at jdk.scripting.nashorn/jdk.nashorn.api.scripting.ScriptObjectMirror.callMember(ScriptObjectMirror.java:202)
	at jdk.scripting.nashorn/jdk.nashorn.api.scripting.NashornScriptEngine.invokeImpl(NashornScriptEngine.java:393)
	at jdk.scripting.nashorn/jdk.nashorn.api.scripting.NashornScriptEngine.invokeFunction(NashornScriptEngine.java:197)
	at ptolemy.actor.lib.jjs.JavaScript._createEngineAndEvaluateSetup(JavaScript.java:2493)
	at ptolemy.actor.lib.jjs.JavaScript.attributeChanged(JavaScript.java:548)
	at org.terraswarm.accessor.JSAccessor.attributeChanged(JSAccessor.java:312)
	at ptolemy.data.expr.Variable._setTokenAndNotify(Variable.java:2271)
	at ptolemy.data.expr.Variable._evaluate(Variable.java:1873)
	at ptolemy.data.expr.Variable._propagate(Variable.java:1984)
	at ptolemy.data.expr.Variable.validate(Variable.java:1596)
	at ptolemy.moml.MoMLParser.endDocument(MoMLParser.java:867)
	at com.microstar.xml.XmlParser.doParse(XmlParser.java:162)
	at com.microstar.xml.XmlParser.parse(XmlParser.java:132)
	at ptolemy.moml.MoMLParser.parse(MoMLParser.java:1676)
	at ptolemy.moml.MoMLParser.parse(MoMLParser.java:1617)
	at ptolemy.moml.MoMLParser.parse(MoMLParser.java:1792)
	at org.terraswarm.accessor.AccessorLibrary.populate(AccessorLibrary.java:194)
	at ptolemy.moml.EntityLibrary.classDefinitionList(EntityLibrary.java:307)
	at ptolemy.kernel.CompositeEntity._description(CompositeEntity.java:2292)
	at ptolemy.kernel.CompositeEntity._description(CompositeEntity.java:2307)
	at ptolemy.kernel.CompositeEntity._description(CompositeEntity.java:2307)
	at ptolemy.kernel.CompositeEntity._description(CompositeEntity.java:2307)
	at ptolemy.kernel.util.NamedObj.description(NamedObj.java:731)
	at ptolemy.kernel.util.NamedObj.description(NamedObj.java:715)
	at java.base/jdk.internal.reflect.NativeMethodAccessorImpl.invoke0(Native Method)
	at java.base/jdk.internal.reflect.NativeMethodAccessorImpl.invoke(NativeMethodAccessorImpl.java:62)
	at java.base/jdk.internal.reflect.DelegatingMethodAccessorImpl.invoke(DelegatingMethodAccessorImpl.java:43)
	at java.base/java.lang.reflect.Method.invoke(Method.java:566)
	at tcl.lang.reflect.PkgInvoker.invokeMethod(PkgInvoker.java:129)
	at tcl.lang.JavaInvoke.call(JavaInvoke.java:253)
	at tcl.lang.JavaInvoke.callMethod(JavaInvoke.java:116)
	at tcl.lang.ReflectObject.cmdProc(ReflectObject.java:727)
	at tcl.lang.Parser.evalObjv(Parser.java:740)
	at tcl.lang.Parser.eval2(Parser.java:1138)
	at tcl.lang.Parser.evalTokens(Parser.java:930)
	at tcl.lang.Parser.eval2(Parser.java:1125)
	at tcl.lang.Parser.evalTokens(Parser.java:930)
	at tcl.lang.Parser.eval2(Parser.java:1125)
	at tcl.lang.Interp.eval(Interp.java:1782)
	at tcl.lang.Interp.eval(Interp.java:1841)
	at tcl.lang.UplevelCmd.cmdProc(UplevelCmd.java:93)
	at tcl.lang.Parser.evalObjv(Parser.java:740)
	at tcl.lang.Parser.eval2(Parser.java:1138)
	at tcl.lang.Interp.eval(Interp.java:1782)
	at tcl.lang.Interp.eval(Interp.java:1841)
	at tcl.lang.CatchCmd.cmdProc(CatchCmd.java:42)
	at tcl.lang.Parser.evalObjv(Parser.java:740)
	at tcl.lang.Parser.eval2(Parser.java:1138)
	at tcl.lang.Parser.evalTokens(Parser.java:930)
	at tcl.lang.Parser.eval2(Parser.java:1125)
	at tcl.lang.Procedure.cmdProc(Procedure.java:175)
	at tcl.lang.Parser.evalObjv(Parser.java:740)
	at tcl.lang.Parser.eval2(Parser.java:1138)
	at tcl.lang.Interp.eval(Interp.java:1782)
	at tcl.lang.Interp.eval(Interp.java:1841)
	at tcl.lang.ForeachCmd.cmdProc(ForeachCmd.java:116)
	at tcl.lang.AutoloadStub.cmdProc(Extension.java:144)
	at tcl.lang.Parser.evalObjv(Parser.java:740)
	at tcl.lang.Parser.eval2(Parser.java:1138)
	at tcl.lang.Interp.eval(Interp.java:1782)
	at tcl.lang.Interp.evalFile(Interp.java:1880)
	at java.base/jdk.internal.reflect.NativeMethodAccessorImpl.invoke0(Native Method)
	at java.base/jdk.internal.reflect.NativeMethodAccessorImpl.invoke(NativeMethodAccessorImpl.java:62)
	at java.base/jdk.internal.reflect.DelegatingMethodAccessorImpl.invoke(DelegatingMethodAccessorImpl.java:43)
	at java.base/java.lang.reflect.Method.invoke(Method.java:566)
	at ptolemy.util.test.junit.TclTests.RunTclFile(TclTests.java:233)
	at java.base/jdk.internal.reflect.NativeMethodAccessorImpl.invoke0(Native Method)
	at java.base/jdk.internal.reflect.NativeMethodAccessorImpl.invoke(NativeMethodAccessorImpl.java:62)
	at java.base/jdk.internal.reflect.DelegatingMethodAccessorImpl.invoke(DelegatingMethodAccessorImpl.java:43)
	at java.base/java.lang.reflect.Method.invoke(Method.java:566)
	at org.junit.runners.model.FrameworkMethod$1.runReflectiveCall(FrameworkMethod.java:44)
	at org.junit.internal.runners.model.ReflectiveCallable.run(ReflectiveCallable.java:15)
	at org.junit.runners.model.FrameworkMethod.invokeExplosively(FrameworkMethod.java:41)
	at junitparams.internal.InvokeParameterisedMethod.evaluate(InvokeParameterisedMethod.java:102)
	at junitparams.internal.ParameterisedTestMethodRunner.runMethodInvoker(ParameterisedTestMethodRunner.java:47)
	at junitparams.internal.ParameterisedTestMethodRunner.runTestMethod(ParameterisedTestMethodRunner.java:41)
	at junitparams.internal.ParameterisedTestClassRunner.runParameterisedTest(ParameterisedTestClassRunner.java:143)
	at junitparams.JUnitParamsRunner.runChild(JUnitParamsRunner.java:237)
	at junitparams.JUnitParamsRunner.runChild(JUnitParamsRunner.java:215)
	at org.junit.runners.ParentRunner$3.run(ParentRunner.java:193)
	at org.junit.runners.ParentRunner$1.schedule(ParentRunner.java:52)
	at org.junit.runners.ParentRunner.runChildren(ParentRunner.java:191)
	at org.junit.runners.ParentRunner.access$000(ParentRunner.java:42)
	at org.junit.runners.ParentRunner$2.evaluate(ParentRunner.java:184)
	at org.junit.internal.runners.statements.RunAfters.evaluate(RunAfters.java:31)
	at org.junit.runners.ParentRunner.run(ParentRunner.java:236)
	at org.junit.runners.Suite.runChild(Suite.java:128)
	at org.junit.runners.Suite.runChild(Suite.java:24)
	at org.junit.runners.ParentRunner$3.run(ParentRunner.java:193)
	at org.junit.runners.ParentRunner$1.schedule(ParentRunner.java:52)
	at org.junit.runners.ParentRunner.runChildren(ParentRunner.java:191)
	at org.junit.runners.ParentRunner.access$000(ParentRunner.java:42)
	at org.junit.runners.ParentRunner$2.evaluate(ParentRunner.java:184)
	at org.junit.runners.ParentRunner.run(ParentRunner.java:236)
	at junit.framework.JUnit4TestAdapter.run(JUnit4TestAdapter.java:39)
	at org.apache.tools.ant.taskdefs.optional.junit.JUnitTestRunner.run(JUnitTestRunner.java:535)
	at org.apache.tools.ant.taskdefs.optional.junit.JUnitTestRunner.launch(JUnitTestRunner.java:1182)
	at org.apache.tools.ant.taskdefs.optional.junit.JUnitTestRunner.main(JUnitTestRunner.java:1033)
 in /home/travis/build/icyphy/ptII/ptolemy/actor/lib/jjs/external/require.js at line number 454 at column number 12
	at org.terraswarm.accessor.AccessorLibrary.populate(AccessorLibrary.java:224)
	... 81 more
Caused by: ptolemy.kernel.util.IllegalActionException: Error evaluating expression:
// Copyright (c) 2015-2017 The Regents of the University of California.
...
  in .configuration.actor library.Accessors.audio.AudioCapture.script
Because:
Failed to evaluate script.
  in .configuration.actor library.Accessors.audio.AudioCapture
Because:
Error: Error executing module audio line #undefined : ptolemy.actor.lib.jjs.modules.audio.AudioHelper
In file: /home/travis/build/icyphy/ptII/ptolemy/actor/lib/jjs/modules/audio/audio.js

java.lang.ClassNotFoundException: ptolemy.actor.lib.jjs.modules.audio.AudioHelper
	at java.base/jdk.internal.loader.BuiltinClassLoader.loadClass(BuiltinClassLoader.java:583)
	at java.base/jdk.internal.loader.ClassLoaders$AppClassLoader.loadClass(ClassLoaders.java:178)
	at java.base/java.lang.ClassLoader.loadClass(ClassLoader.java:521)
	at java.base/java.lang.Class.forName0(Native Method)
	at java.base/java.lang.Class.forName(Class.java:398)
	at jdk.scripting.nashorn/jdk.nashorn.internal.runtime.Context.findClass(Context.java:1180)
	at jdk.scripting.nashorn/jdk.nashorn.internal.objects.NativeJava.simpleType(NativeJava.java:546)
	at jdk.scripting.nashorn/jdk.nashorn.internal.objects.NativeJava.type(NativeJava.java:326)
	at jdk.scripting.nashorn/jdk.nashorn.internal.objects.NativeJava.type(NativeJava.java:318)
	at jdk.scripting.nashorn/jdk.nashorn.internal.objects.NativeJava.type(NativeJava.java:314)
	at jdk.scripting.nashorn.scripts/jdk.nashorn.internal.scripts.Script$Recompilation$83105$require.L:1(/home/travis/build/icyphy/ptII/ptolemy/actor/lib/jjs/external/require.js#409:30<eval>:48)
	at jdk.scripting.nashorn.scripts/jdk.nashorn.internal.scripts.Script$Recompilation$83015$require.L:45#_require(/home/travis/build/icyphy/ptII/ptolemy/actor/lib/jjs/external/require.js:429)
	at jdk.scripting.nashorn.scripts/jdk.nashorn.internal.scripts.Script$Recompilation$83019$21065A$require.L:45#_requireClosure#L:466(/home/travis/build/icyphy/ptII/ptolemy/actor/lib/jjs/external/require.js:467)
	at jdk.scripting.nashorn.scripts/jdk.nashorn.internal.scripts.Script$Recompilation$83093$1AAAAAAAAAAAAAA$\^function\_.L:1(<function>:97)
	at jdk.scripting.nashorn.scripts/jdk.nashorn.internal.scripts.Script$Recompilation$83092$17933AAAAAA$require$cu1$restOf.L:1#Accessor(/home/travis/build/icyphy/ptII/ptolemy/actor/lib/jjs/external/require.js#409:30<eval>:545)
	at jdk.scripting.nashorn.scripts/jdk.nashorn.internal.scripts.Script$Recompilation$83078$2801AAA$\^eval\_.evaluateCode(<eval>:96)
	at jdk.scripting.nashorn/jdk.nashorn.internal.runtime.ScriptFunctionData.invoke(ScriptFunctionData.java:661)
	at jdk.scripting.nashorn/jdk.nashorn.internal.runtime.ScriptFunction.invoke(ScriptFunction.java:513)
	at jdk.scripting.nashorn/jdk.nashorn.internal.runtime.ScriptRuntime.apply(ScriptRuntime.java:527)
	at jdk.scripting.nashorn/jdk.nashorn.api.scripting.ScriptObjectMirror.callMember(ScriptObjectMirror.java:202)
	at jdk.scripting.nashorn/jdk.nashorn.api.scripting.NashornScriptEngine.invokeImpl(NashornScriptEngine.java:393)
	at jdk.scripting.nashorn/jdk.nashorn.api.scripting.NashornScriptEngine.invokeFunction(NashornScriptEngine.java:197)
	at ptolemy.actor.lib.jjs.JavaScript._createEngineAndEvaluateSetup(JavaScript.java:2493)
	at ptolemy.actor.lib.jjs.JavaScript.attributeChanged(JavaScript.java:548)
	at org.terraswarm.accessor.JSAccessor.attributeChanged(JSAccessor.java:312)
	at ptolemy.data.expr.Variable._setTokenAndNotify(Variable.java:2271)
	at ptolemy.data.expr.Variable._evaluate(Variable.java:1873)
	at ptolemy.data.expr.Variable._propagate(Variable.java:1984)
	at ptolemy.data.expr.Variable.validate(Variable.java:1596)
	at ptolemy.moml.MoMLParser.endDocument(MoMLParser.java:867)
	at com.microstar.xml.XmlParser.doParse(XmlParser.java:162)
	at com.microstar.xml.XmlParser.parse(XmlParser.java:132)
	at ptolemy.moml.MoMLParser.parse(MoMLParser.java:1676)
	at ptolemy.moml.MoMLParser.parse(MoMLParser.java:1617)
	at ptolemy.moml.MoMLParser.parse(MoMLParser.java:1792)
	at org.terraswarm.accessor.AccessorLibrary.populate(AccessorLibrary.java:194)
	at ptolemy.moml.EntityLibrary.classDefinitionList(EntityLibrary.java:307)
	at ptolemy.kernel.CompositeEntity._description(CompositeEntity.java:2292)
	at ptolemy.kernel.CompositeEntity._description(CompositeEntity.java:2307)
	at ptolemy.kernel.CompositeEntity._description(CompositeEntity.java:2307)
	at ptolemy.kernel.CompositeEntity._description(CompositeEntity.java:2307)
	at ptolemy.kernel.util.NamedObj.description(NamedObj.java:731)
	at ptolemy.kernel.util.NamedObj.description(NamedObj.java:715)
	at java.base/jdk.internal.reflect.NativeMethodAccessorImpl.invoke0(Native Method)
	at java.base/jdk.internal.reflect.NativeMethodAccessorImpl.invoke(NativeMethodAccessorImpl.java:62)
	at java.base/jdk.internal.reflect.DelegatingMethodAccessorImpl.invoke(DelegatingMethodAccessorImpl.java:43)
	at java.base/java.lang.reflect.Method.invoke(Method.java:566)
	at tcl.lang.reflect.PkgInvoker.invokeMethod(PkgInvoker.java:129)
	at tcl.lang.JavaInvoke.call(JavaInvoke.java:253)
	at tcl.lang.JavaInvoke.callMethod(JavaInvoke.java:116)
	at tcl.lang.ReflectObject.cmdProc(ReflectObject.java:727)
	at tcl.lang.Parser.evalObjv(Parser.java:740)
	at tcl.lang.Parser.eval2(Parser.java:1138)
	at tcl.lang.Parser.evalTokens(Parser.java:930)
	at tcl.lang.Parser.eval2(Parser.java:1125)
	at tcl.lang.Parser.evalTokens(Parser.java:930)
	at tcl.lang.Parser.eval2(Parser.java:1125)
	at tcl.lang.Interp.eval(Interp.java:1782)
	at tcl.lang.Interp.eval(Interp.java:1841)
	at tcl.lang.UplevelCmd.cmdProc(UplevelCmd.java:93)
	at tcl.lang.Parser.evalObjv(Parser.java:740)
	at tcl.lang.Parser.eval2(Parser.java:1138)
	at tcl.lang.Interp.eval(Interp.java:1782)
	at tcl.lang.Interp.eval(Interp.java:1841)
	at tcl.lang.CatchCmd.cmdProc(CatchCmd.java:42)
	at tcl.lang.Parser.evalObjv(Parser.java:740)
	at tcl.lang.Parser.eval2(Parser.java:1138)
	at tcl.lang.Parser.evalTokens(Parser.java:930)
	at tcl.lang.Parser.eval2(Parser.java:1125)
	at tcl.lang.Procedure.cmdProc(Procedure.java:175)
	at tcl.lang.Parser.evalObjv(Parser.java:740)
	at tcl.lang.Parser.eval2(Parser.java:1138)
	at tcl.lang.Interp.eval(Interp.java:1782)
	at tcl.lang.Interp.eval(Interp.java:1841)
	at tcl.lang.ForeachCmd.cmdProc(ForeachCmd.java:116)
	at tcl.lang.AutoloadStub.cmdProc(Extension.java:144)
	at tcl.lang.Parser.evalObjv(Parser.java:740)
	at tcl.lang.Parser.eval2(Parser.java:1138)
	at tcl.lang.Interp.eval(Interp.java:1782)
	at tcl.lang.Interp.evalFile(Interp.java:1880)
	at java.base/jdk.internal.reflect.NativeMethodAccessorImpl.invoke0(Native Method)
	at java.base/jdk.internal.reflect.NativeMethodAccessorImpl.invoke(NativeMethodAccessorImpl.java:62)
	at java.base/jdk.internal.reflect.DelegatingMethodAccessorImpl.invoke(DelegatingMethodAccessorImpl.java:43)
	at java.base/java.lang.reflect.Method.invoke(Method.java:566)
	at ptolemy.util.test.junit.TclTests.RunTclFile(TclTests.java:233)
	at java.base/jdk.internal.reflect.NativeMethodAccessorImpl.invoke0(Native Method)
	at java.base/jdk.internal.reflect.NativeMethodAccessorImpl.invoke(NativeMethodAccessorImpl.java:62)
	at java.base/jdk.internal.reflect.DelegatingMethodAccessorImpl.invoke(DelegatingMethodAccessorImpl.java:43)
	at java.base/java.lang.reflect.Method.invoke(Method.java:566)
	at org.junit.runners.model.FrameworkMethod$1.runReflectiveCall(FrameworkMethod.java:44)
	at org.junit.internal.runners.model.ReflectiveCallable.run(ReflectiveCallable.java:15)
	at org.junit.runners.model.FrameworkMethod.invokeExplosively(FrameworkMethod.java:41)
	at junitparams.internal.InvokeParameterisedMethod.evaluate(InvokeParameterisedMethod.java:102)
	at junitparams.internal.ParameterisedTestMethodRunner.runMethodInvoker(ParameterisedTestMethodRunner.java:47)
	at junitparams.internal.ParameterisedTestMethodRunner.runTestMethod(ParameterisedTestMethodRunner.java:41)
	at junitparams.internal.ParameterisedTestClassRunner.runParameterisedTest(ParameterisedTestClassRunner.java:143)
	at junitparams.JUnitParamsRunner.runChild(JUnitParamsRunner.java:237)
	at junitparams.JUnitParamsRunner.runChild(JUnitParamsRunner.java:215)
	at org.junit.runners.ParentRunner$3.run(ParentRunner.java:193)
	at org.junit.runners.ParentRunner$1.schedule(ParentRunner.java:52)
	at org.junit.runners.ParentRunner.runChildren(ParentRunner.java:191)
	at org.junit.runners.ParentRunner.access$000(ParentRunner.java:42)
	at org.junit.runners.ParentRunner$2.evaluate(ParentRunner.java:184)
	at org.junit.internal.runners.statements.RunAfters.evaluate(RunAfters.java:31)
	at org.junit.runners.ParentRunner.run(ParentRunner.java:236)
	at org.junit.runners.Suite.runChild(Suite.java:128)
	at org.junit.runners.Suite.runChild(Suite.java:24)
	at org.junit.runners.ParentRunner$3.run(ParentRunner.java:193)
	at org.junit.runners.ParentRunner$1.schedule(ParentRunner.java:52)
	at org.junit.runners.ParentRunner.runChildren(ParentRunner.java:191)
	at org.junit.runners.ParentRunner.access$000(ParentRunner.java:42)
	at org.junit.runners.ParentRunner$2.evaluate(ParentRunner.java:184)
	at org.junit.runners.ParentRunner.run(ParentRunner.java:236)
	at junit.framework.JUnit4TestAdapter.run(JUnit4TestAdapter.java:39)
	at org.apache.tools.ant.taskdefs.optional.junit.JUnitTestRunner.run(JUnitTestRunner.java:535)
	at org.apache.tools.ant.taskdefs.optional.junit.JUnitTestRunner.launch(JUnitTestRunner.java:1182)
	at org.apache.tools.ant.taskdefs.optional.junit.JUnitTestRunner.main(JUnitTestRunner.java:1033)
 in /home/travis/build/icyphy/ptII/ptolemy/actor/lib/jjs/external/require.js at line number 454 at column number 12
  in .configuration.actor library.Accessors.audio.AudioCapture.script
Because:
Error evaluating expression:
// Copyright (c) 2015-2017 The Regents of the University of California.
...
  in .configuration.actor library.Accessors.audio.AudioCapture.script
Because:
Failed to evaluate script.
  in .configuration.actor library.Accessors.audio.AudioCapture
Because:
Error: Error executing module audio line #undefined : ptolemy.actor.lib.jjs.modules.audio.AudioHelper
In file: /home/travis/build/icyphy/ptII/ptolemy/actor/lib/jjs/modules/audio/audio.js

java.lang.ClassNotFoundException: ptolemy.actor.lib.jjs.modules.audio.AudioHelper
	at java.base/jdk.internal.loader.BuiltinClassLoader.loadClass(BuiltinClassLoader.java:583)
	at java.base/jdk.internal.loader.ClassLoaders$AppClassLoader.loadClass(ClassLoaders.java:178)
	at java.base/java.lang.ClassLoader.loadClass(ClassLoader.java:521)
	at java.base/java.lang.Class.forName0(Native Method)
	at java.base/java.lang.Class.forName(Class.java:398)
	at jdk.scripting.nashorn/jdk.nashorn.internal.runtime.Context.findClass(Context.java:1180)
	at jdk.scripting.nashorn/jdk.nashorn.internal.objects.NativeJava.simpleType(NativeJava.java:546)
	at jdk.scripting.nashorn/jdk.nashorn.internal.objects.NativeJava.type(NativeJava.java:326)
	at jdk.scripting.nashorn/jdk.nashorn.internal.objects.NativeJava.type(NativeJava.java:318)
	at jdk.scripting.nashorn/jdk.nashorn.internal.objects.NativeJava.type(NativeJava.java:314)
	at jdk.scripting.nashorn.scripts/jdk.nashorn.internal.scripts.Script$Recompilation$83105$require.L:1(/home/travis/build/icyphy/ptII/ptolemy/actor/lib/jjs/external/require.js#409:30<eval>:48)
	at jdk.scripting.nashorn.scripts/jdk.nashorn.internal.scripts.Script$Recompilation$83015$require.L:45#_require(/home/travis/build/icyphy/ptII/ptolemy/actor/lib/jjs/external/require.js:429)
	at jdk.scripting.nashorn.scripts/jdk.nashorn.internal.scripts.Script$Recompilation$83019$21065A$require.L:45#_requireClosure#L:466(/home/travis/build/icyphy/ptII/ptolemy/actor/lib/jjs/external/require.js:467)
	at jdk.scripting.nashorn.scripts/jdk.nashorn.internal.scripts.Script$Recompilation$83093$1AAAAAAAAAAAAAA$\^function\_.L:1(<function>:97)
	at jdk.scripting.nashorn.scripts/jdk.nashorn.internal.scripts.Script$Recompilation$83092$17933AAAAAA$require$cu1$restOf.L:1#Accessor(/home/travis/build/icyphy/ptII/ptolemy/actor/lib/jjs/external/require.js#409:30<eval>:545)
	at jdk.scripting.nashorn.scripts/jdk.nashorn.internal.scripts.Script$Recompilation$83078$2801AAA$\^eval\_.evaluateCode(<eval>:96)
	at jdk.scripting.nashorn/jdk.nashorn.internal.runtime.ScriptFunctionData.invoke(ScriptFunctionData.java:661)
	at jdk.scripting.nashorn/jdk.nashorn.internal.runtime.ScriptFunction.invoke(ScriptFunction.java:513)
	at jdk.scripting.nashorn/jdk.nashorn.internal.runtime.ScriptRuntime.apply(ScriptRuntime.java:527)
	at jdk.scripting.nashorn/jdk.nashorn.api.scripting.ScriptObjectMirror.callMember(ScriptObjectMirror.java:202)
	at jdk.scripting.nashorn/jdk.nashorn.api.scripting.NashornScriptEngine.invokeImpl(NashornScriptEngine.java:393)
	at jdk.scripting.nashorn/jdk.nashorn.api.scripting.NashornScriptEngine.invokeFunction(NashornScriptEngine.java:197)
	at ptolemy.actor.lib.jjs.JavaScript._createEngineAndEvaluateSetup(JavaScript.java:2493)
	at ptolemy.actor.lib.jjs.JavaScript.attributeChanged(JavaScript.java:548)
	at org.terraswarm.accessor.JSAccessor.attributeChanged(JSAccessor.java:312)
	at ptolemy.data.expr.Variable._setTokenAndNotify(Variable.java:2271)
	at ptolemy.data.expr.Variable._evaluate(Variable.java:1873)
	at ptolemy.data.expr.Variable._propagate(Variable.java:1984)
	at ptolemy.data.expr.Variable.validate(Variable.java:1596)
	at ptolemy.moml.MoMLParser.endDocument(MoMLParser.java:867)
	at com.microstar.xml.XmlParser.doParse(XmlParser.java:162)
	at com.microstar.xml.XmlParser.parse(XmlParser.java:132)
	at ptolemy.moml.MoMLParser.parse(MoMLParser.java:1676)
	at ptolemy.moml.MoMLParser.parse(MoMLParser.java:1617)
	at ptolemy.moml.MoMLParser.parse(MoMLParser.java:1792)
	at org.terraswarm.accessor.AccessorLibrary.populate(AccessorLibrary.java:194)
	at ptolemy.moml.EntityLibrary.classDefinitionList(EntityLibrary.java:307)
	at ptolemy.kernel.CompositeEntity._description(CompositeEntity.java:2292)
	at ptolemy.kernel.CompositeEntity._description(CompositeEntity.java:2307)
	at ptolemy.kernel.CompositeEntity._description(CompositeEntity.java:2307)
	at ptolemy.kernel.CompositeEntity._description(CompositeEntity.java:2307)
	at ptolemy.kernel.util.NamedObj.description(NamedObj.java:731)
	at ptolemy.kernel.util.NamedObj.description(NamedObj.java:715)
	at java.base/jdk.internal.reflect.NativeMethodAccessorImpl.invoke0(Native Method)
	at java.base/jdk.internal.reflect.NativeMethodAccessorImpl.invoke(NativeMethodAccessorImpl.java:62)
	at java.base/jdk.internal.reflect.DelegatingMethodAccessorImpl.invoke(DelegatingMethodAccessorImpl.java:43)
	at java.base/java.lang.reflect.Method.invoke(Method.java:566)
	at tcl.lang.reflect.PkgInvoker.invokeMethod(PkgInvoker.java:129)
	at tcl.lang.JavaInvoke.call(JavaInvoke.java:253)
	at tcl.lang.JavaInvoke.callMethod(JavaInvoke.java:116)
	at tcl.lang.ReflectObject.cmdProc(ReflectObject.java:727)
	at tcl.lang.Parser.evalObjv(Parser.java:740)
	at tcl.lang.Parser.eval2(Parser.java:1138)
	at tcl.lang.Parser.evalTokens(Parser.java:930)
	at tcl.lang.Parser.eval2(Parser.java:1125)
	at tcl.lang.Parser.evalTokens(Parser.java:930)
	at tcl.lang.Parser.eval2(Parser.java:1125)
	at tcl.lang.Interp.eval(Interp.java:1782)
	at tcl.lang.Interp.eval(Interp.java:1841)
	at tcl.lang.UplevelCmd.cmdProc(UplevelCmd.java:93)
	at tcl.lang.Parser.evalObjv(Parser.java:740)
	at tcl.lang.Parser.eval2(Parser.java:1138)
	at tcl.lang.Interp.eval(Interp.java:1782)
	at tcl.lang.Interp.eval(Interp.java:1841)
	at tcl.lang.CatchCmd.cmdProc(CatchCmd.java:42)
	at tcl.lang.Parser.evalObjv(Parser.java:740)
	at tcl.lang.Parser.eval2(Parser.java:1138)
	at tcl.lang.Parser.evalTokens(Parser.java:930)
	at tcl.lang.Parser.eval2(Parser.java:1125)
	at tcl.lang.Procedure.cmdProc(Procedure.java:175)
	at tcl.lang.Parser.evalObjv(Parser.java:740)
	at tcl.lang.Parser.eval2(Parser.java:1138)
	at tcl.lang.Interp.eval(Interp.java:1782)
	at tcl.lang.Interp.eval(Interp.java:1841)
	at tcl.lang.ForeachCmd.cmdProc(ForeachCmd.java:116)
	at tcl.lang.AutoloadStub.cmdProc(Extension.java:144)
	at tcl.lang.Parser.evalObjv(Parser.java:740)
	at tcl.lang.Parser.eval2(Parser.java:1138)
	at tcl.lang.Interp.eval(Interp.java:1782)
	at tcl.lang.Interp.evalFile(Interp.java:1880)
	at java.base/jdk.internal.reflect.NativeMethodAccessorImpl.invoke0(Native Method)
	at java.base/jdk.internal.reflect.NativeMethodAccessorImpl.invoke(NativeMethodAccessorImpl.java:62)
	at java.base/jdk.internal.reflect.DelegatingMethodAccessorImpl.invoke(DelegatingMethodAccessorImpl.java:43)
	at java.base/java.lang.reflect.Method.invoke(Method.java:566)
	at ptolemy.util.test.junit.TclTests.RunTclFile(TclTests.java:233)
	at java.base/jdk.internal.reflect.NativeMethodAccessorImpl.invoke0(Native Method)
	at java.base/jdk.internal.reflect.NativeMethodAccessorImpl.invoke(NativeMethodAccessorImpl.java:62)
	at java.base/jdk.internal.reflect.DelegatingMethodAccessorImpl.invoke(DelegatingMethodAccessorImpl.java:43)
	at java.base/java.lang.reflect.Method.invoke(Method.java:566)
	at org.junit.runners.model.FrameworkMethod$1.runReflectiveCall(FrameworkMethod.java:44)
	at org.junit.internal.runners.model.ReflectiveCallable.run(ReflectiveCallable.java:15)
	at org.junit.runners.model.FrameworkMethod.invokeExplosively(FrameworkMethod.java:41)
	at junitparams.internal.InvokeParameterisedMethod.evaluate(InvokeParameterisedMethod.java:102)
	at junitparams.internal.ParameterisedTestMethodRunner.runMethodInvoker(ParameterisedTestMethodRunner.java:47)
	at junitparams.internal.ParameterisedTestMethodRunner.runTestMethod(ParameterisedTestMethodRunner.java:41)
	at junitparams.internal.ParameterisedTestClassRunner.runParameterisedTest(ParameterisedTestClassRunner.java:143)
	at junitparams.JUnitParamsRunner.runChild(JUnitParamsRunner.java:237)
	at junitparams.JUnitParamsRunner.runChild(JUnitParamsRunner.java:215)
	at org.junit.runners.ParentRunner$3.run(ParentRunner.java:193)
	at org.junit.runners.ParentRunner$1.schedule(ParentRunner.java:52)
	at org.junit.runners.ParentRunner.runChildren(ParentRunner.java:191)
	at org.junit.runners.ParentRunner.access$000(ParentRunner.java:42)
	at org.junit.runners.ParentRunner$2.evaluate(ParentRunner.java:184)
	at org.junit.internal.runners.statements.RunAfters.evaluate(RunAfters.java:31)
	at org.junit.runners.ParentRunner.run(ParentRunner.java:236)
	at org.junit.runners.Suite.runChild(Suite.java:128)
	at org.junit.runners.Suite.runChild(Suite.java:24)
	at org.junit.runners.ParentRunner$3.run(ParentRunner.java:193)
	at org.junit.runners.ParentRunner$1.schedule(ParentRunner.java:52)
	at org.junit.runners.ParentRunner.runChildren(ParentRunner.java:191)
	at org.junit.runners.ParentRunner.access$000(ParentRunner.java:42)
	at org.junit.runners.ParentRunner$2.evaluate(ParentRunner.java:184)
	at org.junit.runners.ParentRunner.run(ParentRunner.java:236)
	at junit.framework.JUnit4TestAdapter.run(JUnit4TestAdapter.java:39)
	at org.apache.tools.ant.taskdefs.optional.junit.JUnitTestRunner.run(JUnitTestRunner.java:535)
	at org.apache.tools.ant.taskdefs.optional.junit.JUnitTestRunner.launch(JUnitTestRunner.java:1182)
	at org.apache.tools.ant.taskdefs.optional.junit.JUnitTestRunner.main(JUnitTestRunner.java:1033)
 in /home/travis/build/icyphy/ptII/ptolemy/actor/lib/jjs/external/require.js at line number 454 at column number 12
	at ptolemy.data.expr.Variable.validate(Variable.java:1619)
	at ptolemy.moml.MoMLParser.endDocument(MoMLParser.java:867)
	at com.microstar.xml.XmlParser.doParse(XmlParser.java:162)
	at com.microstar.xml.XmlParser.parse(XmlParser.java:132)
	at ptolemy.moml.MoMLParser.parse(MoMLParser.java:1676)
	at ptolemy.moml.MoMLParser.parse(MoMLParser.java:1617)
	at ptolemy.moml.MoMLParser.parse(MoMLParser.java:1792)
	at org.terraswarm.accessor.AccessorLibrary.populate(AccessorLibrary.java:194)
	... 81 more
Caused by: ptolemy.kernel.util.IllegalActionException: Error evaluating expression:
// Copyright (c) 2015-2017 The Regents of the University of California.
...
  in .configuration.actor library.Accessors.audio.AudioCapture.script
Because:
Failed to evaluate script.
  in .configuration.actor library.Accessors.audio.AudioCapture
Because:
Error: Error executing module audio line #undefined : ptolemy.actor.lib.jjs.modules.audio.AudioHelper
In file: /home/travis/build/icyphy/ptII/ptolemy/actor/lib/jjs/modules/audio/audio.js

java.lang.ClassNotFoundException: ptolemy.actor.lib.jjs.modules.audio.AudioHelper
	at java.base/jdk.internal.loader.BuiltinClassLoader.loadClass(BuiltinClassLoader.java:583)
	at java.base/jdk.internal.loader.ClassLoaders$AppClassLoader.loadClass(ClassLoaders.java:178)
	at java.base/java.lang.ClassLoader.loadClass(ClassLoader.java:521)
	at java.base/java.lang.Class.forName0(Native Method)
	at java.base/java.lang.Class.forName(Class.java:398)
	at jdk.scripting.nashorn/jdk.nashorn.internal.runtime.Context.findClass(Context.java:1180)
	at jdk.scripting.nashorn/jdk.nashorn.internal.objects.NativeJava.simpleType(NativeJava.java:546)
	at jdk.scripting.nashorn/jdk.nashorn.internal.objects.NativeJava.type(NativeJava.java:326)
	at jdk.scripting.nashorn/jdk.nashorn.internal.objects.NativeJava.type(NativeJava.java:318)
	at jdk.scripting.nashorn/jdk.nashorn.internal.objects.NativeJava.type(NativeJava.java:314)
	at jdk.scripting.nashorn.scripts/jdk.nashorn.internal.scripts.Script$Recompilation$83105$require.L:1(/home/travis/build/icyphy/ptII/ptolemy/actor/lib/jjs/external/require.js#409:30<eval>:48)
	at jdk.scripting.nashorn.scripts/jdk.nashorn.internal.scripts.Script$Recompilation$83015$require.L:45#_require(/home/travis/build/icyphy/ptII/ptolemy/actor/lib/jjs/external/require.js:429)
	at jdk.scripting.nashorn.scripts/jdk.nashorn.internal.scripts.Script$Recompilation$83019$21065A$require.L:45#_requireClosure#L:466(/home/travis/build/icyphy/ptII/ptolemy/actor/lib/jjs/external/require.js:467)
	at jdk.scripting.nashorn.scripts/jdk.nashorn.internal.scripts.Script$Recompilation$83093$1AAAAAAAAAAAAAA$\^function\_.L:1(<function>:97)
	at jdk.scripting.nashorn.scripts/jdk.nashorn.internal.scripts.Script$Recompilation$83092$17933AAAAAA$require$cu1$restOf.L:1#Accessor(/home/travis/build/icyphy/ptII/ptolemy/actor/lib/jjs/external/require.js#409:30<eval>:545)
	at jdk.scripting.nashorn.scripts/jdk.nashorn.internal.scripts.Script$Recompilation$83078$2801AAA$\^eval\_.evaluateCode(<eval>:96)
	at jdk.scripting.nashorn/jdk.nashorn.internal.runtime.ScriptFunctionData.invoke(ScriptFunctionData.java:661)
	at jdk.scripting.nashorn/jdk.nashorn.internal.runtime.ScriptFunction.invoke(ScriptFunction.java:513)
	at jdk.scripting.nashorn/jdk.nashorn.internal.runtime.ScriptRuntime.apply(ScriptRuntime.java:527)
	at jdk.scripting.nashorn/jdk.nashorn.api.scripting.ScriptObjectMirror.callMember(ScriptObjectMirror.java:202)
	at jdk.scripting.nashorn/jdk.nashorn.api.scripting.NashornScriptEngine.invokeImpl(NashornScriptEngine.java:393)
	at jdk.scripting.nashorn/jdk.nashorn.api.scripting.NashornScriptEngine.invokeFunction(NashornScriptEngine.java:197)
	at ptolemy.actor.lib.jjs.JavaScript._createEngineAndEvaluateSetup(JavaScript.java:2493)
	at ptolemy.actor.lib.jjs.JavaScript.attributeChanged(JavaScript.java:548)
	at org.terraswarm.accessor.JSAccessor.attributeChanged(JSAccessor.java:312)
	at ptolemy.data.expr.Variable._setTokenAndNotify(Variable.java:2271)
	at ptolemy.data.expr.Variable._evaluate(Variable.java:1873)
	at ptolemy.data.expr.Variable._propagate(Variable.java:1984)
	at ptolemy.data.expr.Variable.validate(Variable.java:1596)
	at ptolemy.moml.MoMLParser.endDocument(MoMLParser.java:867)
	at com.microstar.xml.XmlParser.doParse(XmlParser.java:162)
	at com.microstar.xml.XmlParser.parse(XmlParser.java:132)
	at ptolemy.moml.MoMLParser.parse(MoMLParser.java:1676)
	at ptolemy.moml.MoMLParser.parse(MoMLParser.java:1617)
	at ptolemy.moml.MoMLParser.parse(MoMLParser.java:1792)
	at org.terraswarm.accessor.AccessorLibrary.populate(AccessorLibrary.java:194)
	at ptolemy.moml.EntityLibrary.classDefinitionList(EntityLibrary.java:307)
	at ptolemy.kernel.CompositeEntity._description(CompositeEntity.java:2292)
	at ptolemy.kernel.CompositeEntity._description(CompositeEntity.java:2307)
	at ptolemy.kernel.CompositeEntity._description(CompositeEntity.java:2307)
	at ptolemy.kernel.CompositeEntity._description(CompositeEntity.java:2307)
	at ptolemy.kernel.util.NamedObj.description(NamedObj.java:731)
	at ptolemy.kernel.util.NamedObj.description(NamedObj.java:715)
	at java.base/jdk.internal.reflect.NativeMethodAccessorImpl.invoke0(Native Method)
	at java.base/jdk.internal.reflect.NativeMethodAccessorImpl.invoke(NativeMethodAccessorImpl.java:62)
	at java.base/jdk.internal.reflect.DelegatingMethodAccessorImpl.invoke(DelegatingMethodAccessorImpl.java:43)
	at java.base/java.lang.reflect.Method.invoke(Method.java:566)
	at tcl.lang.reflect.PkgInvoker.invokeMethod(PkgInvoker.java:129)
	at tcl.lang.JavaInvoke.call(JavaInvoke.java:253)
	at tcl.lang.JavaInvoke.callMethod(JavaInvoke.java:116)
	at tcl.lang.ReflectObject.cmdProc(ReflectObject.java:727)
	at tcl.lang.Parser.evalObjv(Parser.java:740)
	at tcl.lang.Parser.eval2(Parser.java:1138)
	at tcl.lang.Parser.evalTokens(Parser.java:930)
	at tcl.lang.Parser.eval2(Parser.java:1125)
	at tcl.lang.Parser.evalTokens(Parser.java:930)
	at tcl.lang.Parser.eval2(Parser.java:1125)
	at tcl.lang.Interp.eval(Interp.java:1782)
	at tcl.lang.Interp.eval(Interp.java:1841)
	at tcl.lang.UplevelCmd.cmdProc(UplevelCmd.java:93)
	at tcl.lang.Parser.evalObjv(Parser.java:740)
	at tcl.lang.Parser.eval2(Parser.java:1138)
	at tcl.lang.Interp.eval(Interp.java:1782)
	at tcl.lang.Interp.eval(Interp.java:1841)
	at tcl.lang.CatchCmd.cmdProc(CatchCmd.java:42)
	at tcl.lang.Parser.evalObjv(Parser.java:740)
	at tcl.lang.Parser.eval2(Parser.java:1138)
	at tcl.lang.Parser.evalTokens(Parser.java:930)
	at tcl.lang.Parser.eval2(Parser.java:1125)
	at tcl.lang.Procedure.cmdProc(Procedure.java:175)
	at tcl.lang.Parser.evalObjv(Parser.java:740)
	at tcl.lang.Parser.eval2(Parser.java:1138)
	at tcl.lang.Interp.eval(Interp.java:1782)
	at tcl.lang.Interp.eval(Interp.java:1841)
	at tcl.lang.ForeachCmd.cmdProc(ForeachCmd.java:116)
	at tcl.lang.AutoloadStub.cmdProc(Extension.java:144)
	at tcl.lang.Parser.evalObjv(Parser.java:740)
	at tcl.lang.Parser.eval2(Parser.java:1138)
	at tcl.lang.Interp.eval(Interp.java:1782)
	at tcl.lang.Interp.evalFile(Interp.java:1880)
	at java.base/jdk.internal.reflect.NativeMethodAccessorImpl.invoke0(Native Method)
	at java.base/jdk.internal.reflect.NativeMethodAccessorImpl.invoke(NativeMethodAccessorImpl.java:62)
	at java.base/jdk.internal.reflect.DelegatingMethodAccessorImpl.invoke(DelegatingMethodAccessorImpl.java:43)
	at java.base/java.lang.reflect.Method.invoke(Method.java:566)
	at ptolemy.util.test.junit.TclTests.RunTclFile(TclTests.java:233)
	at java.base/jdk.internal.reflect.NativeMethodAccessorImpl.invoke0(Native Method)
	at java.base/jdk.internal.reflect.NativeMethodAccessorImpl.invoke(NativeMethodAccessorImpl.java:62)
	at java.base/jdk.internal.reflect.DelegatingMethodAccessorImpl.invoke(DelegatingMethodAccessorImpl.java:43)
	at java.base/java.lang.reflect.Method.invoke(Method.java:566)
	at org.junit.runners.model.FrameworkMethod$1.runReflectiveCall(FrameworkMethod.java:44)
	at org.junit.internal.runners.model.ReflectiveCallable.run(ReflectiveCallable.java:15)
	at org.junit.runners.model.FrameworkMethod.invokeExplosively(FrameworkMethod.java:41)
	at junitparams.internal.InvokeParameterisedMethod.evaluate(InvokeParameterisedMethod.java:102)
	at junitparams.internal.ParameterisedTestMethodRunner.runMethodInvoker(ParameterisedTestMethodRunner.java:47)
	at junitparams.internal.ParameterisedTestMethodRunner.runTestMethod(ParameterisedTestMethodRunner.java:41)
	at junitparams.internal.ParameterisedTestClassRunner.runParameterisedTest(ParameterisedTestClassRunner.java:143)
	at junitparams.JUnitParamsRunner.runChild(JUnitParamsRunner.java:237)
	at junitparams.JUnitParamsRunner.runChild(JUnitParamsRunner.java:215)
	at org.junit.runners.ParentRunner$3.run(ParentRunner.java:193)
	at org.junit.runners.ParentRunner$1.schedule(ParentRunner.java:52)
	at org.junit.runners.ParentRunner.runChildren(ParentRunner.java:191)
	at org.junit.runners.ParentRunner.access$000(ParentRunner.java:42)
	at org.junit.runners.ParentRunner$2.evaluate(ParentRunner.java:184)
	at org.junit.internal.runners.statements.RunAfters.evaluate(RunAfters.java:31)
	at org.junit.runners.ParentRunner.run(ParentRunner.java:236)
	at org.junit.runners.Suite.runChild(Suite.java:128)
	at org.junit.runners.Suite.runChild(Suite.java:24)
	at org.junit.runners.ParentRunner$3.run(ParentRunner.java:193)
	at org.junit.runners.ParentRunner$1.schedule(ParentRunner.java:52)
	at org.junit.runners.ParentRunner.runChildren(ParentRunner.java:191)
	at org.junit.runners.ParentRunner.access$000(ParentRunner.java:42)
	at org.junit.runners.ParentRunner$2.evaluate(ParentRunner.java:184)
	at org.junit.runners.ParentRunner.run(ParentRunner.java:236)
	at junit.framework.JUnit4TestAdapter.run(JUnit4TestAdapter.java:39)
	at org.apache.tools.ant.taskdefs.optional.junit.JUnitTestRunner.run(JUnitTestRunner.java:535)
	at org.apache.tools.ant.taskdefs.optional.junit.JUnitTestRunner.launch(JUnitTestRunner.java:1182)
	at org.apache.tools.ant.taskdefs.optional.junit.JUnitTestRunner.main(JUnitTestRunner.java:1033)
 in /home/travis/build/icyphy/ptII/ptolemy/actor/lib/jjs/external/require.js at line number 454 at column number 12
	at ptolemy.data.expr.Variable._evaluate(Variable.java:1891)
	at ptolemy.data.expr.Variable._propagate(Variable.java:1984)
	at ptolemy.data.expr.Variable.validate(Variable.java:1596)
	... 88 more
Caused by: ptolemy.kernel.util.IllegalActionException: Failed to evaluate script.
  in .configuration.actor library.Accessors.audio.AudioCapture
Because:
Error: Error executing module audio line #undefined : ptolemy.actor.lib.jjs.modules.audio.AudioHelper
In file: /home/travis/build/icyphy/ptII/ptolemy/actor/lib/jjs/modules/audio/audio.js

java.lang.ClassNotFoundException: ptolemy.actor.lib.jjs.modules.audio.AudioHelper
	at java.base/jdk.internal.loader.BuiltinClassLoader.loadClass(BuiltinClassLoader.java:583)
	at java.base/jdk.internal.loader.ClassLoaders$AppClassLoader.loadClass(ClassLoaders.java:178)
	at java.base/java.lang.ClassLoader.loadClass(ClassLoader.java:521)
	at java.base/java.lang.Class.forName0(Native Method)
	at java.base/java.lang.Class.forName(Class.java:398)
	at jdk.scripting.nashorn/jdk.nashorn.internal.runtime.Context.findClass(Context.java:1180)
	at jdk.scripting.nashorn/jdk.nashorn.internal.objects.NativeJava.simpleType(NativeJava.java:546)
	at jdk.scripting.nashorn/jdk.nashorn.internal.objects.NativeJava.type(NativeJava.java:326)
	at jdk.scripting.nashorn/jdk.nashorn.internal.objects.NativeJava.type(NativeJava.java:318)
	at jdk.scripting.nashorn/jdk.nashorn.internal.objects.NativeJava.type(NativeJava.java:314)
	at jdk.scripting.nashorn.scripts/jdk.nashorn.internal.scripts.Script$Recompilation$83105$require.L:1(/home/travis/build/icyphy/ptII/ptolemy/actor/lib/jjs/external/require.js#409:30<eval>:48)
	at jdk.scripting.nashorn.scripts/jdk.nashorn.internal.scripts.Script$Recompilation$83015$require.L:45#_require(/home/travis/build/icyphy/ptII/ptolemy/actor/lib/jjs/external/require.js:429)
	at jdk.scripting.nashorn.scripts/jdk.nashorn.internal.scripts.Script$Recompilation$83019$21065A$require.L:45#_requireClosure#L:466(/home/travis/build/icyphy/ptII/ptolemy/actor/lib/jjs/external/require.js:467)
	at jdk.scripting.nashorn.scripts/jdk.nashorn.internal.scripts.Script$Recompilation$83093$1AAAAAAAAAAAAAA$\^function\_.L:1(<function>:97)
	at jdk.scripting.nashorn.scripts/jdk.nashorn.internal.scripts.Script$Recompilation$83092$17933AAAAAA$require$cu1$restOf.L:1#Accessor(/home/travis/build/icyphy/ptII/ptolemy/actor/lib/jjs/external/require.js#409:30<eval>:545)
	at jdk.scripting.nashorn.scripts/jdk.nashorn.internal.scripts.Script$Recompilation$83078$2801AAA$\^eval\_.evaluateCode(<eval>:96)
	at jdk.scripting.nashorn/jdk.nashorn.internal.runtime.ScriptFunctionData.invoke(ScriptFunctionData.java:661)
	at jdk.scripting.nashorn/jdk.nashorn.internal.runtime.ScriptFunction.invoke(ScriptFunction.java:513)
	at jdk.scripting.nashorn/jdk.nashorn.internal.runtime.ScriptRuntime.apply(ScriptRuntime.java:527)
	at jdk.scripting.nashorn/jdk.nashorn.api.scripting.ScriptObjectMirror.callMember(ScriptObjectMirror.java:202)
	at jdk.scripting.nashorn/jdk.nashorn.api.scripting.NashornScriptEngine.invokeImpl(NashornScriptEngine.java:393)
	at jdk.scripting.nashorn/jdk.nashorn.api.scripting.NashornScriptEngine.invokeFunction(NashornScriptEngine.java:197)
	at ptolemy.actor.lib.jjs.JavaScript._createEngineAndEvaluateSetup(JavaScript.java:2493)
	at ptolemy.actor.lib.jjs.JavaScript.attributeChanged(JavaScript.java:548)
	at org.terraswarm.accessor.JSAccessor.attributeChanged(JSAccessor.java:312)
	at ptolemy.data.expr.Variable._setTokenAndNotify(Variable.java:2271)
	at ptolemy.data.expr.Variable._evaluate(Variable.java:1873)
	at ptolemy.data.expr.Variable._propagate(Variable.java:1984)
	at ptolemy.data.expr.Variable.validate(Variable.java:1596)
	at ptolemy.moml.MoMLParser.endDocument(MoMLParser.java:867)
	at com.microstar.xml.XmlParser.doParse(XmlParser.java:162)
	at com.microstar.xml.XmlParser.parse(XmlParser.java:132)
	at ptolemy.moml.MoMLParser.parse(MoMLParser.java:1676)
	at ptolemy.moml.MoMLParser.parse(MoMLParser.java:1617)
	at ptolemy.moml.MoMLParser.parse(MoMLParser.java:1792)
	at org.terraswarm.accessor.AccessorLibrary.populate(AccessorLibrary.java:194)
	at ptolemy.moml.EntityLibrary.classDefinitionList(EntityLibrary.java:307)
	at ptolemy.kernel.CompositeEntity._description(CompositeEntity.java:2292)
	at ptolemy.kernel.CompositeEntity._description(CompositeEntity.java:2307)
	at ptolemy.kernel.CompositeEntity._description(CompositeEntity.java:2307)
	at ptolemy.kernel.CompositeEntity._description(CompositeEntity.java:2307)
	at ptolemy.kernel.util.NamedObj.description(NamedObj.java:731)
	at ptolemy.kernel.util.NamedObj.description(NamedObj.java:715)
	at java.base/jdk.internal.reflect.NativeMethodAccessorImpl.invoke0(Native Method)
	at java.base/jdk.internal.reflect.NativeMethodAccessorImpl.invoke(NativeMethodAccessorImpl.java:62)
	at java.base/jdk.internal.reflect.DelegatingMethodAccessorImpl.invoke(DelegatingMethodAccessorImpl.java:43)
	at java.base/java.lang.reflect.Method.invoke(Method.java:566)
	at tcl.lang.reflect.PkgInvoker.invokeMethod(PkgInvoker.java:129)
	at tcl.lang.JavaInvoke.call(JavaInvoke.java:253)
	at tcl.lang.JavaInvoke.callMethod(JavaInvoke.java:116)
	at tcl.lang.ReflectObject.cmdProc(ReflectObject.java:727)
	at tcl.lang.Parser.evalObjv(Parser.java:740)
	at tcl.lang.Parser.eval2(Parser.java:1138)
	at tcl.lang.Parser.evalTokens(Parser.java:930)
	at tcl.lang.Parser.eval2(Parser.java:1125)
	at tcl.lang.Parser.evalTokens(Parser.java:930)
	at tcl.lang.Parser.eval2(Parser.java:1125)
	at tcl.lang.Interp.eval(Interp.java:1782)
	at tcl.lang.Interp.eval(Interp.java:1841)
	at tcl.lang.UplevelCmd.cmdProc(UplevelCmd.java:93)
	at tcl.lang.Parser.evalObjv(Parser.java:740)
	at tcl.lang.Parser.eval2(Parser.java:1138)
	at tcl.lang.Interp.eval(Interp.java:1782)
	at tcl.lang.Interp.eval(Interp.java:1841)
	at tcl.lang.CatchCmd.cmdProc(CatchCmd.java:42)
	at tcl.lang.Parser.evalObjv(Parser.java:740)
	at tcl.lang.Parser.eval2(Parser.java:1138)
	at tcl.lang.Parser.evalTokens(Parser.java:930)
	at tcl.lang.Parser.eval2(Parser.java:1125)
	at tcl.lang.Procedure.cmdProc(Procedure.java:175)
	at tcl.lang.Parser.evalObjv(Parser.java:740)
	at tcl.lang.Parser.eval2(Parser.java:1138)
	at tcl.lang.Interp.eval(Interp.java:1782)
	at tcl.lang.Interp.eval(Interp.java:1841)
	at tcl.lang.ForeachCmd.cmdProc(ForeachCmd.java:116)
	at tcl.lang.AutoloadStub.cmdProc(Extension.java:144)
	at tcl.lang.Parser.evalObjv(Parser.java:740)
	at tcl.lang.Parser.eval2(Parser.java:1138)
	at tcl.lang.Interp.eval(Interp.java:1782)
	at tcl.lang.Interp.evalFile(Interp.java:1880)
	at java.base/jdk.internal.reflect.NativeMethodAccessorImpl.invoke0(Native Method)
	at java.base/jdk.internal.reflect.NativeMethodAccessorImpl.invoke(NativeMethodAccessorImpl.java:62)
	at java.base/jdk.internal.reflect.DelegatingMethodAccessorImpl.invoke(DelegatingMethodAccessorImpl.java:43)
	at java.base/java.lang.reflect.Method.invoke(Method.java:566)
	at ptolemy.util.test.junit.TclTests.RunTclFile(TclTests.java:233)
	at java.base/jdk.internal.reflect.NativeMethodAccessorImpl.invoke0(Native Method)
	at java.base/jdk.internal.reflect.NativeMethodAccessorImpl.invoke(NativeMethodAccessorImpl.java:62)
	at java.base/jdk.internal.reflect.DelegatingMethodAccessorImpl.invoke(DelegatingMethodAccessorImpl.java:43)
	at java.base/java.lang.reflect.Method.invoke(Method.java:566)
	at org.junit.runners.model.FrameworkMethod$1.runReflectiveCall(FrameworkMethod.java:44)
	at org.junit.internal.runners.model.ReflectiveCallable.run(ReflectiveCallable.java:15)
	at org.junit.runners.model.FrameworkMethod.invokeExplosively(FrameworkMethod.java:41)
	at junitparams.internal.InvokeParameterisedMethod.evaluate(InvokeParameterisedMethod.java:102)
	at junitparams.internal.ParameterisedTestMethodRunner.runMethodInvoker(ParameterisedTestMethodRunner.java:47)
	at junitparams.internal.ParameterisedTestMethodRunner.runTestMethod(ParameterisedTestMethodRunner.java:41)
	at junitparams.internal.ParameterisedTestClassRunner.runParameterisedTest(ParameterisedTestClassRunner.java:143)
	at junitparams.JUnitParamsRunner.runChild(JUnitParamsRunner.java:237)
	at junitparams.JUnitParamsRunner.runChild(JUnitParamsRunner.java:215)
	at org.junit.runners.ParentRunner$3.run(ParentRunner.java:193)
	at org.junit.runners.ParentRunner$1.schedule(ParentRunner.java:52)
	at org.junit.runners.ParentRunner.runChildren(ParentRunner.java:191)
	at org.junit.runners.ParentRunner.access$000(ParentRunner.java:42)
	at org.junit.runners.ParentRunner$2.evaluate(ParentRunner.java:184)
	at org.junit.internal.runners.statements.RunAfters.evaluate(RunAfters.java:31)
	at org.junit.runners.ParentRunner.run(ParentRunner.java:236)
	at org.junit.runners.Suite.runChild(Suite.java:128)
	at org.junit.runners.Suite.runChild(Suite.java:24)
	at org.junit.runners.ParentRunner$3.run(ParentRunner.java:193)
	at org.junit.runners.ParentRunner$1.schedule(ParentRunner.java:52)
	at org.junit.runners.ParentRunner.runChildren(ParentRunner.java:191)
	at org.junit.runners.ParentRunner.access$000(ParentRunner.java:42)
	at org.junit.runners.ParentRunner$2.evaluate(ParentRunner.java:184)
	at org.junit.runners.ParentRunner.run(ParentRunner.java:236)
	at junit.framework.JUnit4TestAdapter.run(JUnit4TestAdapter.java:39)
	at org.apache.tools.ant.taskdefs.optional.junit.JUnitTestRunner.run(JUnitTestRunner.java:535)
	at org.apache.tools.ant.taskdefs.optional.junit.JUnitTestRunner.launch(JUnitTestRunner.java:1182)
	at org.apache.tools.ant.taskdefs.optional.junit.JUnitTestRunner.main(JUnitTestRunner.java:1033)
 in /home/travis/build/icyphy/ptII/ptolemy/actor/lib/jjs/external/require.js at line number 454 at column number 12
	at ptolemy.actor.lib.jjs.JavaScript._createEngineAndEvaluateSetup(JavaScript.java:2497)
	at ptolemy.actor.lib.jjs.JavaScript.attributeChanged(JavaScript.java:548)
	at org.terraswarm.accessor.JSAccessor.attributeChanged(JSAccessor.java:312)
	at ptolemy.data.expr.Variable._setTokenAndNotify(Variable.java:2271)
	at ptolemy.data.expr.Variable._evaluate(Variable.java:1873)
	... 90 more
Caused by: javax.script.ScriptException: Error: Error executing module audio line #undefined : ptolemy.actor.lib.jjs.modules.audio.AudioHelper
In file: /home/travis/build/icyphy/ptII/ptolemy/actor/lib/jjs/modules/audio/audio.js

java.lang.ClassNotFoundException: ptolemy.actor.lib.jjs.modules.audio.AudioHelper
	at java.base/jdk.internal.loader.BuiltinClassLoader.loadClass(BuiltinClassLoader.java:583)
	at java.base/jdk.internal.loader.ClassLoaders$AppClassLoader.loadClass(ClassLoaders.java:178)
	at java.base/java.lang.ClassLoader.loadClass(ClassLoader.java:521)
	at java.base/java.lang.Class.forName0(Native Method)
	at java.base/java.lang.Class.forName(Class.java:398)
	at jdk.scripting.nashorn/jdk.nashorn.internal.runtime.Context.findClass(Context.java:1180)
	at jdk.scripting.nashorn/jdk.nashorn.internal.objects.NativeJava.simpleType(NativeJava.java:546)
	at jdk.scripting.nashorn/jdk.nashorn.internal.objects.NativeJava.type(NativeJava.java:326)
	at jdk.scripting.nashorn/jdk.nashorn.internal.objects.NativeJava.type(NativeJava.java:318)
	at jdk.scripting.nashorn/jdk.nashorn.internal.objects.NativeJava.type(NativeJava.java:314)
	at jdk.scripting.nashorn.scripts/jdk.nashorn.internal.scripts.Script$Recompilation$83105$require.L:1(/home/travis/build/icyphy/ptII/ptolemy/actor/lib/jjs/external/require.js#409:30<eval>:48)
	at jdk.scripting.nashorn.scripts/jdk.nashorn.internal.scripts.Script$Recompilation$83015$require.L:45#_require(/home/travis/build/icyphy/ptII/ptolemy/actor/lib/jjs/external/require.js:429)
	at jdk.scripting.nashorn.scripts/jdk.nashorn.internal.scripts.Script$Recompilation$83019$21065A$require.L:45#_requireClosure#L:466(/home/travis/build/icyphy/ptII/ptolemy/actor/lib/jjs/external/require.js:467)
	at jdk.scripting.nashorn.scripts/jdk.nashorn.internal.scripts.Script$Recompilation$83093$1AAAAAAAAAAAAAA$\^function\_.L:1(<function>:97)
	at jdk.scripting.nashorn.scripts/jdk.nashorn.internal.scripts.Script$Recompilation$83092$17933AAAAAA$require$cu1$restOf.L:1#Accessor(/home/travis/build/icyphy/ptII/ptolemy/actor/lib/jjs/external/require.js#409:30<eval>:545)
	at jdk.scripting.nashorn.scripts/jdk.nashorn.internal.scripts.Script$Recompilation$83078$2801AAA$\^eval\_.evaluateCode(<eval>:96)
	at jdk.scripting.nashorn/jdk.nashorn.internal.runtime.ScriptFunctionData.invoke(ScriptFunctionData.java:661)
	at jdk.scripting.nashorn/jdk.nashorn.internal.runtime.ScriptFunction.invoke(ScriptFunction.java:513)
	at jdk.scripting.nashorn/jdk.nashorn.internal.runtime.ScriptRuntime.apply(ScriptRuntime.java:527)
	at jdk.scripting.nashorn/jdk.nashorn.api.scripting.ScriptObjectMirror.callMember(ScriptObjectMirror.java:202)
	at jdk.scripting.nashorn/jdk.nashorn.api.scripting.NashornScriptEngine.invokeImpl(NashornScriptEngine.java:393)
	at jdk.scripting.nashorn/jdk.nashorn.api.scripting.NashornScriptEngine.invokeFunction(NashornScriptEngine.java:197)
	at ptolemy.actor.lib.jjs.JavaScript._createEngineAndEvaluateSetup(JavaScript.java:2493)
	at ptolemy.actor.lib.jjs.JavaScript.attributeChanged(JavaScript.java:548)
	at org.terraswarm.accessor.JSAccessor.attributeChanged(JSAccessor.java:312)
	at ptolemy.data.expr.Variable._setTokenAndNotify(Variable.java:2271)
	at ptolemy.data.expr.Variable._evaluate(Variable.java:1873)
	at ptolemy.data.expr.Variable._propagate(Variable.java:1984)
	at ptolemy.data.expr.Variable.validate(Variable.java:1596)
	at ptolemy.moml.MoMLParser.endDocument(MoMLParser.java:867)
	at com.microstar.xml.XmlParser.doParse(XmlParser.java:162)
	at com.microstar.xml.XmlParser.parse(XmlParser.java:132)
	at ptolemy.moml.MoMLParser.parse(MoMLParser.java:1676)
	at ptolemy.moml.MoMLParser.parse(MoMLParser.java:1617)
	at ptolemy.moml.MoMLParser.parse(MoMLParser.java:1792)
	at org.terraswarm.accessor.AccessorLibrary.populate(AccessorLibrary.java:194)
	at ptolemy.moml.EntityLibrary.classDefinitionList(EntityLibrary.java:307)
	at ptolemy.kernel.CompositeEntity._description(CompositeEntity.java:2292)
	at ptolemy.kernel.CompositeEntity._description(CompositeEntity.java:2307)
	at ptolemy.kernel.CompositeEntity._description(CompositeEntity.java:2307)
	at ptolemy.kernel.CompositeEntity._description(CompositeEntity.java:2307)
	at ptolemy.kernel.util.NamedObj.description(NamedObj.java:731)
	at ptolemy.kernel.util.NamedObj.description(NamedObj.java:715)
	at java.base/jdk.internal.reflect.NativeMethodAccessorImpl.invoke0(Native Method)
	at java.base/jdk.internal.reflect.NativeMethodAccessorImpl.invoke(NativeMethodAccessorImpl.java:62)
	at java.base/jdk.internal.reflect.DelegatingMethodAccessorImpl.invoke(DelegatingMethodAccessorImpl.java:43)
	at java.base/java.lang.reflect.Method.invoke(Method.java:566)
	at tcl.lang.reflect.PkgInvoker.invokeMethod(PkgInvoker.java:129)
	at tcl.lang.JavaInvoke.call(JavaInvoke.java:253)
	at tcl.lang.JavaInvoke.callMethod(JavaInvoke.java:116)
	at tcl.lang.ReflectObject.cmdProc(ReflectObject.java:727)
	at tcl.lang.Parser.evalObjv(Parser.java:740)
	at tcl.lang.Parser.eval2(Parser.java:1138)
	at tcl.lang.Parser.evalTokens(Parser.java:930)
	at tcl.lang.Parser.eval2(Parser.java:1125)
	at tcl.lang.Parser.evalTokens(Parser.java:930)
	at tcl.lang.Parser.eval2(Parser.java:1125)
	at tcl.lang.Interp.eval(Interp.java:1782)
	at tcl.lang.Interp.eval(Interp.java:1841)
	at tcl.lang.UplevelCmd.cmdProc(UplevelCmd.java:93)
	at tcl.lang.Parser.evalObjv(Parser.java:740)
	at tcl.lang.Parser.eval2(Parser.java:1138)
	at tcl.lang.Interp.eval(Interp.java:1782)
	at tcl.lang.Interp.eval(Interp.java:1841)
	at tcl.lang.CatchCmd.cmdProc(CatchCmd.java:42)
	at tcl.lang.Parser.evalObjv(Parser.java:740)
	at tcl.lang.Parser.eval2(Parser.java:1138)
	at tcl.lang.Parser.evalTokens(Parser.java:930)
	at tcl.lang.Parser.eval2(Parser.java:1125)
	at tcl.lang.Procedure.cmdProc(Procedure.java:175)
	at tcl.lang.Parser.evalObjv(Parser.java:740)
	at tcl.lang.Parser.eval2(Parser.java:1138)
	at tcl.lang.Interp.eval(Interp.java:1782)
	at tcl.lang.Interp.eval(Interp.java:1841)
	at tcl.lang.ForeachCmd.cmdProc(ForeachCmd.java:116)
	at tcl.lang.AutoloadStub.cmdProc(Extension.java:144)
	at tcl.lang.Parser.evalObjv(Parser.java:740)
	at tcl.lang.Parser.eval2(Parser.java:1138)
	at tcl.lang.Interp.eval(Interp.java:1782)
	at tcl.lang.Interp.evalFile(Interp.java:1880)
	at java.base/jdk.internal.reflect.NativeMethodAccessorImpl.invoke0(Native Method)
	at java.base/jdk.internal.reflect.NativeMethodAccessorImpl.invoke(NativeMethodAccessorImpl.java:62)
	at java.base/jdk.internal.reflect.DelegatingMethodAccessorImpl.invoke(DelegatingMethodAccessorImpl.java:43)
	at java.base/java.lang.reflect.Method.invoke(Method.java:566)
	at ptolemy.util.test.junit.TclTests.RunTclFile(TclTests.java:233)
	at java.base/jdk.internal.reflect.NativeMethodAccessorImpl.invoke0(Native Method)
	at java.base/jdk.internal.reflect.NativeMethodAccessorImpl.invoke(NativeMethodAccessorImpl.java:62)
	at java.base/jdk.internal.reflect.DelegatingMethodAccessorImpl.invoke(DelegatingMethodAccessorImpl.java:43)
	at java.base/java.lang.reflect.Method.invoke(Method.java:566)
	at org.junit.runners.model.FrameworkMethod$1.runReflectiveCall(FrameworkMethod.java:44)
	at org.junit.internal.runners.model.ReflectiveCallable.run(ReflectiveCallable.java:15)
	at org.junit.runners.model.FrameworkMethod.invokeExplosively(FrameworkMethod.java:41)
	at junitparams.internal.InvokeParameterisedMethod.evaluate(InvokeParameterisedMethod.java:102)
	at junitparams.internal.ParameterisedTestMethodRunner.runMethodInvoker(ParameterisedTestMethodRunner.java:47)
	at junitparams.internal.ParameterisedTestMethodRunner.runTestMethod(ParameterisedTestMethodRunner.java:41)
	at junitparams.internal.ParameterisedTestClassRunner.runParameterisedTest(ParameterisedTestClassRunner.java:143)
	at junitparams.JUnitParamsRunner.runChild(JUnitParamsRunner.java:237)
	at junitparams.JUnitParamsRunner.runChild(JUnitParamsRunner.java:215)
	at org.junit.runners.ParentRunner$3.run(ParentRunner.java:193)
	at org.junit.runners.ParentRunner$1.schedule(ParentRunner.java:52)
	at org.junit.runners.ParentRunner.runChildren(ParentRunner.java:191)
	at org.junit.runners.ParentRunner.access$000(ParentRunner.java:42)
	at org.junit.runners.ParentRunner$2.evaluate(ParentRunner.java:184)
	at org.junit.internal.runners.statements.RunAfters.evaluate(RunAfters.java:31)
	at org.junit.runners.ParentRunner.run(ParentRunner.java:236)
	at org.junit.runners.Suite.runChild(Suite.java:128)
	at org.junit.runners.Suite.runChild(Suite.java:24)
	at org.junit.runners.ParentRunner$3.run(ParentRunner.java:193)
	at org.junit.runners.ParentRunner$1.schedule(ParentRunner.java:52)
	at org.junit.runners.ParentRunner.runChildren(ParentRunner.java:191)
	at org.junit.runners.ParentRunner.access$000(ParentRunner.java:42)
	at org.junit.runners.ParentRunner$2.evaluate(ParentRunner.java:184)
	at org.junit.runners.ParentRunner.run(ParentRunner.java:236)
	at junit.framework.JUnit4TestAdapter.run(JUnit4TestAdapter.java:39)
	at org.apache.tools.ant.taskdefs.optional.junit.JUnitTestRunner.run(JUnitTestRunner.java:535)
	at org.apache.tools.ant.taskdefs.optional.junit.JUnitTestRunner.launch(JUnitTestRunner.java:1182)
	at org.apache.tools.ant.taskdefs.optional.junit.JUnitTestRunner.main(JUnitTestRunner.java:1033)
 in /home/travis/build/icyphy/ptII/ptolemy/actor/lib/jjs/external/require.js at line number 454 at column number 12
	at jdk.scripting.nashorn/jdk.nashorn.api.scripting.NashornScriptEngine.throwAsScriptException(NashornScriptEngine.java:477)
	at jdk.scripting.nashorn/jdk.nashorn.api.scripting.NashornScriptEngine.invokeImpl(NashornScriptEngine.java:399)
	at jdk.scripting.nashorn/jdk.nashorn.api.scripting.NashornScriptEngine.invokeFunction(NashornScriptEngine.java:197)
	at ptolemy.actor.lib.jjs.JavaScript._createEngineAndEvaluateSetup(JavaScript.java:2493)
	... 94 more
Caused by: /home/travis/build/icyphy/ptII/ptolemy/actor/lib/jjs/external/require.js:454:12 Error: Error executing module audio line #undefined : ptolemy.actor.lib.jjs.modules.audio.AudioHelper
In file: /home/travis/build/icyphy/ptII/ptolemy/actor/lib/jjs/modules/audio/audio.js

java.lang.ClassNotFoundException: ptolemy.actor.lib.jjs.modules.audio.AudioHelper
	at java.base/jdk.internal.loader.BuiltinClassLoader.loadClass(BuiltinClassLoader.java:583)
	at java.base/jdk.internal.loader.ClassLoaders$AppClassLoader.loadClass(ClassLoaders.java:178)
	at java.base/java.lang.ClassLoader.loadClass(ClassLoader.java:521)
	at java.base/java.lang.Class.forName0(Native Method)
	at java.base/java.lang.Class.forName(Class.java:398)
	at jdk.scripting.nashorn/jdk.nashorn.internal.runtime.Context.findClass(Context.java:1180)
	at jdk.scripting.nashorn/jdk.nashorn.internal.objects.NativeJava.simpleType(NativeJava.java:546)
	at jdk.scripting.nashorn/jdk.nashorn.internal.objects.NativeJava.type(NativeJava.java:326)
	at jdk.scripting.nashorn/jdk.nashorn.internal.objects.NativeJava.type(NativeJava.java:318)
	at jdk.scripting.nashorn/jdk.nashorn.internal.objects.NativeJava.type(NativeJava.java:314)
	at jdk.scripting.nashorn.scripts/jdk.nashorn.internal.scripts.Script$Recompilation$83105$require.L:1(/home/travis/build/icyphy/ptII/ptolemy/actor/lib/jjs/external/require.js#409:30<eval>:48)
	at jdk.scripting.nashorn.scripts/jdk.nashorn.internal.scripts.Script$Recompilation$83015$require.L:45#_require(/home/travis/build/icyphy/ptII/ptolemy/actor/lib/jjs/external/require.js:429)
	at jdk.scripting.nashorn.scripts/jdk.nashorn.internal.scripts.Script$Recompilation$83019$21065A$require.L:45#_requireClosure#L:466(/home/travis/build/icyphy/ptII/ptolemy/actor/lib/jjs/external/require.js:467)
	at jdk.scripting.nashorn.scripts/jdk.nashorn.internal.scripts.Script$Recompilation$83093$1AAAAAAAAAAAAAA$\^function\_.L:1(<function>:97)
	at jdk.scripting.nashorn.scripts/jdk.nashorn.internal.scripts.Script$Recompilation$83092$17933AAAAAA$require$cu1$restOf.L:1#Accessor(/home/travis/build/icyphy/ptII/ptolemy/actor/lib/jjs/external/require.js#409:30<eval>:545)
	at jdk.scripting.nashorn.scripts/jdk.nashorn.internal.scripts.Script$Recompilation$83078$2801AAA$\^eval\_.evaluateCode(<eval>:96)
	at jdk.scripting.nashorn/jdk.nashorn.internal.runtime.ScriptFunctionData.invoke(ScriptFunctionData.java:661)
	at jdk.scripting.nashorn/jdk.nashorn.internal.runtime.ScriptFunction.invoke(ScriptFunction.java:513)
	at jdk.scripting.nashorn/jdk.nashorn.internal.runtime.ScriptRuntime.apply(ScriptRuntime.java:527)
	at jdk.scripting.nashorn/jdk.nashorn.api.scripting.ScriptObjectMirror.callMember(ScriptObjectMirror.java:202)
	at jdk.scripting.nashorn/jdk.nashorn.api.scripting.NashornScriptEngine.invokeImpl(NashornScriptEngine.java:393)
	at jdk.scripting.nashorn/jdk.nashorn.api.scripting.NashornScriptEngine.invokeFunction(NashornScriptEngine.java:197)
	at ptolemy.actor.lib.jjs.JavaScript._createEngineAndEvaluateSetup(JavaScript.java:2493)
	at ptolemy.actor.lib.jjs.JavaScript.attributeChanged(JavaScript.java:548)
	at org.terraswarm.accessor.JSAccessor.attributeChanged(JSAccessor.java:312)
	at ptolemy.data.expr.Variable._setTokenAndNotify(Variable.java:2271)
	at ptolemy.data.expr.Variable._evaluate(Variable.java:1873)
	at ptolemy.data.expr.Variable._propagate(Variable.java:1984)
	at ptolemy.data.expr.Variable.validate(Variable.java:1596)
	at ptolemy.moml.MoMLParser.endDocument(MoMLParser.java:867)
	at com.microstar.xml.XmlParser.doParse(XmlParser.java:162)
	at com.microstar.xml.XmlParser.parse(XmlParser.java:132)
	at ptolemy.moml.MoMLParser.parse(MoMLParser.java:1676)
	at ptolemy.moml.MoMLParser.parse(MoMLParser.java:1617)
	at ptolemy.moml.MoMLParser.parse(MoMLParser.java:1792)
	at org.terraswarm.accessor.AccessorLibrary.populate(AccessorLibrary.java:194)
	at ptolemy.moml.EntityLibrary.classDefinitionList(EntityLibrary.java:307)
	at ptolemy.kernel.CompositeEntity._description(CompositeEntity.java:2292)
	at ptolemy.kernel.CompositeEntity._description(CompositeEntity.java:2307)
	at ptolemy.kernel.CompositeEntity._description(CompositeEntity.java:2307)
	at ptolemy.kernel.CompositeEntity._description(CompositeEntity.java:2307)
	at ptolemy.kernel.util.NamedObj.description(NamedObj.java:731)
	at ptolemy.kernel.util.NamedObj.description(NamedObj.java:715)
	at java.base/jdk.internal.reflect.NativeMethodAccessorImpl.invoke0(Native Method)
	at java.base/jdk.internal.reflect.NativeMethodAccessorImpl.invoke(NativeMethodAccessorImpl.java:62)
	at java.base/jdk.internal.reflect.DelegatingMethodAccessorImpl.invoke(DelegatingMethodAccessorImpl.java:43)
	at java.base/java.lang.reflect.Method.invoke(Method.java:566)
	at tcl.lang.reflect.PkgInvoker.invokeMethod(PkgInvoker.java:129)
	at tcl.lang.JavaInvoke.call(JavaInvoke.java:253)
	at tcl.lang.JavaInvoke.callMethod(JavaInvoke.java:116)
	at tcl.lang.ReflectObject.cmdProc(ReflectObject.java:727)
	at tcl.lang.Parser.evalObjv(Parser.java:740)
	at tcl.lang.Parser.eval2(Parser.java:1138)
	at tcl.lang.Parser.evalTokens(Parser.java:930)
	at tcl.lang.Parser.eval2(Parser.java:1125)
	at tcl.lang.Parser.evalTokens(Parser.java:930)
	at tcl.lang.Parser.eval2(Parser.java:1125)
	at tcl.lang.Interp.eval(Interp.java:1782)
	at tcl.lang.Interp.eval(Interp.java:1841)
	at tcl.lang.UplevelCmd.cmdProc(UplevelCmd.java:93)
	at tcl.lang.Parser.evalObjv(Parser.java:740)
	at tcl.lang.Parser.eval2(Parser.java:1138)
	at tcl.lang.Interp.eval(Interp.java:1782)
	at tcl.lang.Interp.eval(Interp.java:1841)
	at tcl.lang.CatchCmd.cmdProc(CatchCmd.java:42)
	at tcl.lang.Parser.evalObjv(Parser.java:740)
	at tcl.lang.Parser.eval2(Parser.java:1138)
	at tcl.lang.Parser.evalTokens(Parser.java:930)
	at tcl.lang.Parser.eval2(Parser.java:1125)
	at tcl.lang.Procedure.cmdProc(Procedure.java:175)
	at tcl.lang.Parser.evalObjv(Parser.java:740)
	at tcl.lang.Parser.eval2(Parser.java:1138)
	at tcl.lang.Interp.eval(Interp.java:1782)
	at tcl.lang.Interp.eval(Interp.java:1841)
	at tcl.lang.ForeachCmd.cmdProc(ForeachCmd.java:116)
	at tcl.lang.AutoloadStub.cmdProc(Extension.java:144)
	at tcl.lang.Parser.evalObjv(Parser.java:740)
	at tcl.lang.Parser.eval2(Parser.java:1138)
	at tcl.lang.Interp.eval(Interp.java:1782)
	at tcl.lang.Interp.evalFile(Interp.java:1880)
	at java.base/jdk.internal.reflect.NativeMethodAccessorImpl.invoke0(Native Method)
	at java.base/jdk.internal.reflect.NativeMethodAccessorImpl.invoke(NativeMethodAccessorImpl.java:62)
	at java.base/jdk.internal.reflect.DelegatingMethodAccessorImpl.invoke(DelegatingMethodAccessorImpl.java:43)
	at java.base/java.lang.reflect.Method.invoke(Method.java:566)
	at ptolemy.util.test.junit.TclTests.RunTclFile(TclTests.java:233)
	at java.base/jdk.internal.reflect.NativeMethodAccessorImpl.invoke0(Native Method)
	at java.base/jdk.internal.reflect.NativeMethodAccessorImpl.invoke(NativeMethodAccessorImpl.java:62)
	at java.base/jdk.internal.reflect.DelegatingMethodAccessorImpl.invoke(DelegatingMethodAccessorImpl.java:43)
	at java.base/java.lang.reflect.Method.invoke(Method.java:566)
	at org.junit.runners.model.FrameworkMethod$1.runReflectiveCall(FrameworkMethod.java:44)
	at org.junit.internal.runners.model.ReflectiveCallable.run(ReflectiveCallable.java:15)
	at org.junit.runners.model.FrameworkMethod.invokeExplosively(FrameworkMethod.java:41)
	at junitparams.internal.InvokeParameterisedMethod.evaluate(InvokeParameterisedMethod.java:102)
	at junitparams.internal.ParameterisedTestMethodRunner.runMethodInvoker(ParameterisedTestMethodRunner.java:47)
	at junitparams.internal.ParameterisedTestMethodRunner.runTestMethod(ParameterisedTestMethodRunner.java:41)
	at junitparams.internal.ParameterisedTestClassRunner.runParameterisedTest(ParameterisedTestClassRunner.java:143)
	at junitparams.JUnitParamsRunner.runChild(JUnitParamsRunner.java:237)
	at junitparams.JUnitParamsRunner.runChild(JUnitParamsRunner.java:215)
	at org.junit.runners.ParentRunner$3.run(ParentRunner.java:193)
	at org.junit.runners.ParentRunner$1.schedule(ParentRunner.java:52)
	at org.junit.runners.ParentRunner.runChildren(ParentRunner.java:191)
	at org.junit.runners.ParentRunner.access$000(ParentRunner.java:42)
	at org.junit.runners.ParentRunner$2.evaluate(ParentRunner.java:184)
	at org.junit.internal.runners.statements.RunAfters.evaluate(RunAfters.java:31)
	at org.junit.runners.ParentRunner.run(ParentRunner.java:236)
	at org.junit.runners.Suite.runChild(Suite.java:128)
	at org.junit.runners.Suite.runChild(Suite.java:24)
	at org.junit.runners.ParentRunner$3.run(ParentRunner.java:193)
	at org.junit.runners.ParentRunner$1.schedule(ParentRunner.java:52)
	at org.junit.runners.ParentRunner.runChildren(ParentRunner.java:191)
	at org.junit.runners.ParentRunner.access$000(ParentRunner.java:42)
	at org.junit.runners.ParentRunner$2.evaluate(ParentRunner.java:184)
	at org.junit.runners.ParentRunner.run(ParentRunner.java:236)
	at junit.framework.JUnit4TestAdapter.run(JUnit4TestAdapter.java:39)
	at org.apache.tools.ant.taskdefs.optional.junit.JUnitTestRunner.run(JUnitTestRunner.java:535)
	at org.apache.tools.ant.taskdefs.optional.junit.JUnitTestRunner . . .
    while executing
ptolemy.kernel.util.InvalidStateException: Failed to populate Library
  in .configuration.actor library.Accessors.audio
Because:
Loading accessor failed: AudioCapture.js
  in .configuration.actor library.Accessors.audio
Because:
Error evaluating expression:
// Copyright (c) 2015-2017 The Regents of the University of California.
...
  in .configuration.actor library.Accessors.audio.AudioCapture.script
Because:
Failed to evaluate script.
  in .configuration.actor library.Accessors.audio.AudioCapture
Because:
Error: Error executing module audio line #undefined : ptolemy.actor.lib.jjs.modules.audio.AudioHelper
In file: /home/travis/build/icyphy/ptII/ptolemy/actor/lib/jjs/modules/audio/audio.js

java.lang.ClassNotFoundException: ptolemy.actor.lib.jjs.modules.audio.AudioHelper
	at java.base/jdk.internal.loader.BuiltinClassLoader.loadClass(BuiltinClassLoader.java:583)
	at java.base/jdk.internal.loader.ClassLoaders$AppClassLoader.loadClass(ClassLoaders.java:178)
	at java.base/java.lang.ClassLoader.loadClass(ClassLoader.java:521)
	at java.base/java.lang.Class.forName0(Native Method)
	at java.base/java.lang.Class.forName(Class.java:398)
	at jdk.scripting.nashorn/jdk.nashorn.internal.runtime.Context.findClass(Context.java:1180)
	at jdk.scripting.nashorn/jdk.nashorn.internal.objects.NativeJava.simpleType(NativeJava.java:546)
	at jdk.scripting.nashorn/jdk.nashorn.internal.objects.NativeJava.type(NativeJava.java:326)
	at jdk.scripting.nashorn/jdk.nashorn.internal.objects.NativeJava.type(NativeJava.java:318)
	at jdk.scripting.nashorn/jdk.nashorn.internal.objects.NativeJava.type(NativeJava.java:314)
	at jdk.scripting.nashorn.scripts/jdk.nashorn.internal.scripts.Script$Recompilation$83105$require.L:1(/home/travis/build/icyphy/ptII/ptolemy/actor/lib/jjs/external/require.js#409:30<eval>:48)
	at jdk.scripting.nashorn.scripts/jdk.nashorn.internal.scripts.Script$Recompilation$83015$require.L:45#_require(/home/travis/build/icyphy/ptII/ptolemy/actor/lib/jjs/external/require.js:429)
	at jdk.scripting.nashorn.scripts/jdk.nashorn.internal.scripts.Script$Recompilation$83019$21065A$require.L:45#_requireClosure#L:466(/home/travis/build/icyphy/ptII/ptolemy/actor/lib/jjs/external/require.js:467)
	at jdk.scripting.nashorn.scripts/jdk.nashorn.internal.scripts.Script$Recompilation$83093$1AAAAAAAAAAAAAA$\^function\_.L:1(<function>:97)
	at jdk.scripting.nashorn.scripts/jdk.nashorn.internal.scripts.Script$Recompilation$83092$17933AAAAAA$require$cu1$restOf.L:1#Accessor(/home/travis/build/icyphy/ptII/ptolemy/actor/lib/jjs/external/require.js#409:30<eval>:545)
	at jdk.scripting.nashorn.scripts/jdk.nashorn.internal.scripts.Script$Recompilation$83078$2801AAA$\^eval\_.evaluateCode(<eval>:96)
	at jdk.scripting.nashorn/jdk.nashorn.internal.runtime.ScriptFunctionData.invoke(ScriptFunctionData.java:661)
	at jdk.scripting.nashorn/jdk.nashorn.internal.runtime.ScriptFunction.invoke(ScriptFunction.java:513)
	at jdk.scripting.nashorn/jdk.nashorn.internal.runtime.ScriptRuntime.apply(ScriptRuntime.java:527)
	at jdk.scripting.nashorn/jdk.nashorn.api.scripting.ScriptObjectMirror.callMember(ScriptObjectMirror.java:202)
	at jdk.scripting.nashorn/jdk.nashorn.api.scripting.NashornScriptEngine.invokeImpl(NashornScriptEngine.java:393)
	at jdk.scripting.nashorn/jdk.nashorn.api.scripting.NashornScriptEngine.invokeFunction(NashornScriptEngine.java:197)
	at ptolemy.actor.lib.jjs.JavaScript._createEngineAndEvaluateSetup(JavaScript.java:2493)
	at ptolemy.actor.lib.jjs.JavaScript.attributeChanged(JavaScript.java:548)
	at org.terraswarm.accessor.JSAccessor.attributeChanged(JSAccessor.java:312)
	at ptolemy.data.expr.Variable._setTokenAndNotify(Variable.java:2271)
	at ptolemy.data.expr.Variable._evaluate(Variable.java:1873)
	at ptolemy.data.expr.Variable._propagate(Variable.java:1984)
	at ptolemy.data.expr.Variable.validate(Variable.java:1596)
	at ptolemy.moml.MoMLParser.endDocument(MoMLParser.java:867)
	at com.microstar.xml.XmlParser.doParse(XmlParser.java:162)
	at com.microstar.xml.XmlParser.parse(XmlParser.java:132)
	at ptolemy.moml.MoMLParser.parse(MoMLParser.java:1676)
	at ptolemy.moml.MoMLParser.parse(MoMLParser.java:1617)
	at ptolemy.moml.MoMLParser.parse(MoMLParser.java:1792)
	at org.terraswarm.accessor.AccessorLibrary.populate(AccessorLibrary.java:194)
	at ptolemy.moml.EntityLibrary.classDefinitionList(EntityLibrary.java:307)
	at ptolemy.kernel.CompositeEntity._description(CompositeEntity.java:2292)
	at ptolemy.kernel.CompositeEntity._description(CompositeEntity.java:2307)
	at ptolemy.kernel.CompositeEntity._description(CompositeEntity.java:2307)
	at ptolemy.kernel.CompositeEntity._description(CompositeEntity.java:2307)
	at ptolemy.kernel.util.NamedObj.description(NamedObj.java:731)
	at ptolemy.kernel.util.NamedObj.description(NamedObj.java:715)
	at java.base/jdk.internal.reflect.NativeMethodAccessorImpl.invoke0(Native Method)
	at java.base/jdk.internal.reflect.NativeMethodAccessorImpl.invoke(NativeMethodAccessorImpl.java:62)
	at java.base/jdk.internal.reflect.DelegatingMethodAccessorImpl.invoke(DelegatingMethodAccessorImpl.java:43)
	at java.base/java.lang.reflect.Method.invoke(Method.java:566)
	at tcl.lang.reflect.PkgInvoker.invokeMethod(PkgInvoker.java:129)
	at tcl.lang.JavaInvoke.call(JavaInvoke.java:253)
	at tcl.lang.JavaInvoke.callMethod(JavaInvoke.java:116)
	at tcl.lang.ReflectObject.cmdProc(ReflectObject.java:727)
	at tcl.lang.Parser.evalObjv(Parser.java:740)
	at tcl.lang.Parser.eval2(Parser.java:1138)
	at tcl.lang.Parser.evalTokens(Parser.java:930)
	at tcl.lang.Parser.eval2(Parser.java:1125)
	at tcl.lang.Parser.evalTokens(Parser.java:930)
	at tcl.lang.Parser.eval2(Parser.java:1125)
	at tcl.lang.Interp.eval(Interp.java:1782)
	at tcl.lang.Interp.eval(Interp.java:1841)
	at tcl.lang.UplevelCmd.cmdProc(UplevelCmd.java:93)
	at tcl.lang.Parser.evalObjv(Parser.java:740)
	at tcl.lang.Parser.eval2(Parser.java:1138)
	at tcl.lang.Interp.eval(Interp.java:1782)
	at tcl.lang.Interp.eval(Interp.java:1841)
	at tcl.lang.CatchCmd.cmdProc(CatchCmd.java:42)
	at tcl.lang.Parser.evalObjv(Parser.java:740)
	at tcl.lang.Parser.eval2(Parser.java:1138)
	at tcl.lang.Parser.evalTokens(Parser.java:930)
	at tcl.lang.Parser.eval2(Parser.java:1125)
	at tcl.lang.Procedure.cmdProc(Procedure.java:175)
	at tcl.lang.Parser.evalObjv(Parser.java:740)
	at tcl.lang.Parser.eval2(Parser.java:1138)
	at tcl.lang.Interp.eval(Interp.java:1782)
	at tcl.lang.Interp.eval(Interp.java:1841)
	at tcl.lang.ForeachCmd.cmdProc(ForeachCmd.java:116)
	at tcl.lang.AutoloadStub.cmdProc(Extension.java:144)
	at tcl.lang.Parser.evalObjv(Parser.java:740)
	at tcl.lang.Parser.eval2(Parser.java:1138)
	at tcl.lang.Interp.eval(Interp.java:1782)
	at tcl.lang.Interp.evalFile(Interp.java:1880)
	at java.base/jdk.internal.reflect.NativeMethodAccessorImpl.invoke0(Native Method)
	at java.base/jdk.internal.reflect.NativeMethodAccessorImpl.invoke(NativeMethodAccessorImpl.java:62)
	at java.base/jdk.internal.reflect.DelegatingMethodAccessorImpl.invoke(DelegatingMethodAccessorImpl.java:43)
	at java.base/java.lang.reflect.Method.invoke(Method.java:566)
	at ptolemy.util.test.junit.TclTests.RunTclFile(TclTests.java:233)
	at java.base/jdk.internal.reflect.NativeMethodAccessorImpl.invoke0(Native Method)
	at java.base/jdk.internal.reflect.NativeMethodAccessorImpl.invoke(NativeMethodAccessorImpl.java:62)
	at java.base/jdk.internal.reflect.DelegatingMethodAccessorImpl.invoke(DelegatingMethodAccessorImpl.java:43)
	at java.base/java.lang.reflect.Method.invoke(Method.java:566)
	at org.junit.runners.model.FrameworkMethod$1.runReflectiveCall(FrameworkMethod.java:44)
	at org.junit.internal.runners.model.ReflectiveCallable.run(ReflectiveCallable.java:15)
	at org.junit.runners.model.FrameworkMethod.invokeExplosively(FrameworkMethod.java:41)
	at junitparams.internal.InvokeParameterisedMethod.evaluate(InvokeParameterisedMethod.java:102)
	at junitparams.internal.ParameterisedTestMethodRunner.runMethodInvoker(ParameterisedTestMethodRunner.java:47)
	at junitparams.internal.ParameterisedTestMethodRunner.runTestMethod(ParameterisedTestMethodRunner.java:41)
	at junitparams.internal.ParameterisedTestClassRunner.runParameterisedTest(ParameterisedTestClassRunner.java:143)
	at junitparams.JUnitParamsRunner.runChild(JUnitParamsRunner.java:237)
	at junitparams.JUnitParamsRunner.runChild(JUnitParamsRunner.java:215)
	at org.junit.runners.ParentRunner$3.run(ParentRunner.java:193)
	at org.junit.runners.ParentRunner$1.schedule(ParentRunner.java:52)
	at org.junit.runners.ParentRunner.runChildren(ParentRunner.java:191)
	at org.junit.runners.ParentRunner.access$000(ParentRunner.java:42)
	at org.junit.runners.ParentRunner$2.evaluate(ParentRunner.java:184)
	at org.junit.internal.runners.statements.RunAfters.evaluate(RunAfters.java:31)
	at org.junit.runners.ParentRunner.run(ParentRunner.java:236)
	at org.junit.runners.Suite.runChild(Suite.java:128)
	at org.junit.runners.Suite.runChild(Suite.java:24)
	at org.junit.runners.ParentRunner$3.run(ParentRunner.java:193)
	at org.junit.runners.ParentRunner$1.schedule(ParentRunner.java:52)
	at org.junit.runners.ParentRunner.runChildren(ParentRunner.java:191)
	at org.junit.runners.ParentRunner.access$000(ParentRunner.java:42)
	at org.junit.runners.ParentRunner$2.evaluate(ParentRunner.java:184)
	at org.junit.runners.ParentRunner.run(ParentRunner.java:236)
	at junit.framework.JUnit4TestAdapter.run(JUnit4TestAdapter.java:39)
	at org.apache.tools.ant.taskdefs.optional.junit.JUnitTestRunner.run(JUnitTestRunner.java:535)
	at org.apache.tools.ant.taskdefs.optional.junit.JUnitTestRunner.launch(JUnitTestRunner.java:1182)
	at org.apache.tools.ant.taskdefs.optional.junit.JUnitTestRunner.main(JUnitTestRunner.java:1033)
 in /home/travis/build/icyphy/ptII/ptolemy/actor/lib/jjs/external/require.js at line number 454 at column number 12
  in .configuration.actor library.Accessors.audio.AudioCapture.script
Because:
Error evaluating expression:
// Copyright (c) 2015-2017 The Regents of the University of California.
...
  in .configuration.actor library.Accessors.audio.AudioCapture.script
Because:
Failed to evaluate script.
  in .configuration.actor library.Accessors.audio.AudioCapture
Because:
Error: Error executing module audio line #undefined : ptolemy.actor.lib.jjs.modules.audio.AudioHelper
In file: /home/travis/build/icyphy/ptII/ptolemy/actor/lib/jjs/modules/audio/audio.js

java.lang.ClassNotFoundException: ptolemy.actor.lib.jjs.modules.audio.AudioHelper
	at java.base/jdk.internal.loader.BuiltinClassLoader.loadClass(BuiltinClassLoader.java:583)
	at java.base/jdk.internal.loader.ClassLoaders$AppClassLoader.loadClass(ClassLoaders.java:178)
	at java.base/java.lang.ClassLoader.loadClass(ClassLoader.java:521)
	at java.base/java.lang.Class.forName0(Native Method)
	at java.base/java.lang.Class.forName(Class.java:398)
	at jdk.scripting.nashorn/jdk.nashorn.internal.runtime.Context.findClass(Context.java:1180)
	at jdk.scripting.nashorn/jdk.nashorn.internal.objects.NativeJava.simpleType(NativeJava.java:546)
	at jdk.scripting.nashorn/jdk.nashorn.internal.objects.NativeJava.type(NativeJava.java:326)
	at jdk.scripting.nashorn/jdk.nashorn.internal.objects.NativeJava.type(NativeJava.java:318)
	at jdk.scripting.nashorn/jdk.nashorn.internal.objects.NativeJava.type(NativeJava.java:314)
	at jdk.scripting.nashorn.scripts/jdk.nashorn.internal.scripts.Script$Recompilation$83105$require.L:1(/home/travis/build/icyphy/ptII/ptolemy/actor/lib/jjs/external/require.js#409:30<eval>:48)
	at jdk.scripting.nashorn.scripts/jdk.nashorn.internal.scripts.Script$Recompilation$83015$require.L:45#_require(/home/travis/build/icyphy/ptII/ptolemy/actor/lib/jjs/external/require.js:429)
	at jdk.scripting.nashorn.scripts/jdk.nashorn.internal.scripts.Script$Recompilation$83019$21065A$require.L:45#_requireClosure#L:466(/home/travis/build/icyphy/ptII/ptolemy/actor/lib/jjs/external/require.js:467)
	at jdk.scripting.nashorn.scripts/jdk.nashorn.internal.scripts.Script$Recompilation$83093$1AAAAAAAAAAAAAA$\^function\_.L:1(<function>:97)
	at jdk.scripting.nashorn.scripts/jdk.nashorn.internal.scripts.Script$Recompilation$83092$17933AAAAAA$require$cu1$restOf.L:1#Accessor(/home/travis/build/icyphy/ptII/ptolemy/actor/lib/jjs/external/require.js#409:30<eval>:545)
	at jdk.scripting.nashorn.scripts/jdk.nashorn.internal.scripts.Script$Recompilation$83078$2801AAA$\^eval\_.evaluateCode(<eval>:96)
	at jdk.scripting.nashorn/jdk.nashorn.internal.runtime.ScriptFunctionData.invoke(ScriptFunctionData.java:661)
	at jdk.scripting.nashorn/jdk.nashorn.internal.runtime.ScriptFunction.invoke(ScriptFunction.java:513)
	at jdk.scripting.nashorn/jdk.nashorn.internal.runtime.ScriptRuntime.apply(ScriptRuntime.java:527)
	at jdk.scripting.nashorn/jdk.nashorn.api.scripting.ScriptObjectMirror.callMember(ScriptObjectMirror.java:202)
	at jdk.scripting.nashorn/jdk.nashorn.api.scripting.NashornScriptEngine.invokeImpl(NashornScriptEngine.java:393)
	at jdk.scripting.nashorn/jdk.nashorn.api.scripting.NashornScriptEngine.invokeFunction(NashornScriptEngine.java:197)
	at ptolemy.actor.lib.jjs.JavaScript._createEngineAndEvaluateSetup(JavaScript.java:2493)
	at ptolemy.actor.lib.jjs.JavaScript.attributeChanged(JavaScript.java:548)
	at org.terraswarm.accessor.JSAccessor.attributeChanged(JSAccessor.java:312)
	at ptolemy.data.expr.Variable._setTokenAndNotify(Variable.java:2271)
	at ptolemy.data.expr.Variable._evaluate(Variable.java:1873)
	at ptolemy.data.expr.Variable._propagate(Variable.java:1984)
	at ptolemy.data.expr.Variable.validate(Variable.java:1596)
	at ptolemy.moml.MoMLParser.endDocument(MoMLParser.java:867)
	at com.microstar.xml.XmlParser.doParse(XmlParser.java:162)
	at com.microstar.xml.XmlParser.parse(XmlParser.java:132)
	at ptolemy.moml.MoMLParser.parse(MoMLParser.java:1676)
	at ptolemy.moml.MoMLParser.parse(MoMLParser.java:1617)
	at ptolemy.moml.MoMLParser.parse(MoMLParser.java:1792)
	at org.terraswarm.accessor.AccessorLibrary.populate(AccessorLibrary.java:194)
	at ptolemy.moml.EntityLibrary.classDefinitionList(EntityLibrary.java:307)
	at ptolemy.kernel.CompositeEntity._description(CompositeEntity.java:2292)
	at ptolemy.kernel.CompositeEntity._description(CompositeEntity.java:2307)
	at ptolemy.kernel.CompositeEntity._description(CompositeEntity.java:2307)
	at ptolemy.kernel.CompositeEntity._description(CompositeEntity.java:2307)
	at ptolemy.kernel.util.NamedObj.description(NamedObj.java:731)
	at ptolemy.kernel.util.NamedObj.description(NamedObj.java:715)
	at java.base/jdk.internal.reflect.NativeMethodAccessorImpl.invoke0(Native Method)
	at java.base/jdk.internal.reflect.NativeMethodAccessorImpl.invoke(NativeMethodAccessorImpl.java:62)
	at java.base/jdk.internal.reflect.DelegatingMethodAccessorImpl.invoke(DelegatingMethodAccessorImpl.java:43)
	at java.base/java.lang.reflect.Method.invoke(Method.java:566)
	at tcl.lang.reflect.PkgInvoker.invokeMethod(PkgInvoker.java:129)
	at tcl.lang.JavaInvoke.call(JavaInvoke.java:253)
	at tcl.lang.JavaInvoke.callMethod(JavaInvoke.java:116)
	at tcl.lang.ReflectObject.cmdProc(ReflectObject.java:727)
	at tcl.lang.Parser.evalObjv(Parser.java:740)
	at tcl.lang.Parser.eval2(Parser.java:1138)
	at tcl.lang.Parser.evalTokens(Parser.java:930)
	at tcl.lang.Parser.eval2(Parser.java:1125)
	at tcl.lang.Parser.evalTokens(Parser.java:930)
	at tcl.lang.Parser.eval2(Parser.java:1125)
	at tcl.lang.Interp.eval(Interp.java:1782)
	at tcl.lang.Interp.eval(Interp.java:1841)
	at tcl.lang.UplevelCmd.cmdProc(UplevelCmd.java:93)
	at tcl.lang.Parser.evalObjv(Parser.java:740)
	at tcl.lang.Parser.eval2(Parser.java:1138)
	at tcl.lang.Interp.eval(Interp.java:1782)
	at tcl.lang.Interp.eval(Interp.java:1841)
	at tcl.lang.CatchCmd.cmdProc(CatchCmd.java:42)
	at tcl.lang.Parser.evalObjv(Parser.java:740)
	at tcl.lang.Parser.eval2(Parser.java:1138)
	at tcl.lang.Parser.evalTokens(Parser.java:930)
	at tcl.lang.Parser.eval2(Parser.java:1125)
	at tcl.lang.Procedure.cmdProc(Procedure.java:175)
	at tcl.lang.Parser.evalObjv(Parser.java:740)
	at tcl.lang.Parser.eval2(Parser.java:1138)
	at tcl.lang.Interp.eval(Interp.java:1782)
	at tcl.lang.Interp.eval(Interp.java:1841)
	at tcl.lang.ForeachCmd.cmdProc(ForeachCmd.java:116)
	at tcl.lang.AutoloadStub.cmdProc(Extension.java:144)
	at tcl.lang.Parser.evalObjv(Parser.java:740)
	at tcl.lang.Parser.eval2(Parser.java:1138)
	at tcl.lang.Interp.eval(Interp.java:1782)
	at tcl.lang.Interp.evalFile(Interp.java:1880)
	at java.base/jdk.internal.reflect.NativeMethodAccessorImpl.invoke0(Native Method)
	at java.base/jdk.internal.reflect.NativeMethodAccessorImpl.invoke(NativeMethodAccessorImpl.java:62)
	at java.base/jdk.internal.reflect.DelegatingMethodAccessorImpl.invoke(DelegatingMethodAccessorImpl.java:43)
	at java.base/java.lang.reflect.Method.invoke(Method.java:566)
	at ptolemy.util.test.junit.TclTests.RunTclFile(TclTests.java:233)
	at java.base/jdk.internal.reflect.NativeMethodAccessorImpl.invoke0(Native Method)
	at java.base/jdk.internal.reflect.NativeMethodAccessorImpl.invoke(NativeMethodAccessorImpl.java:62)
	at java.base/jdk.internal.reflect.DelegatingMethodAccessorImpl.invoke(DelegatingMethodAccessorImpl.java:43)
	at java.base/java.lang.reflect.Method.invoke(Method.java:566)
	at org.junit.runners.model.FrameworkMethod$1.runReflectiveCall(FrameworkMethod.java:44)
	at org.junit.internal.runners.model.ReflectiveCallable.run(ReflectiveCallable.java:15)
	at org.junit.runners.model.FrameworkMethod.invokeExplosively(FrameworkMethod.java:41)
	at junitparams.internal.InvokeParameterisedMethod.evaluate(InvokeParameterisedMethod.java:102)
	at junitparams.internal.ParameterisedTestMethodRunner.runMethodInvoker(ParameterisedTestMethodRunner.java:47)
	at junitparams.internal.ParameterisedTestMethodRunner.runTestMethod(ParameterisedTestMethodRunner.java:41)
	at junitparams.internal.ParameterisedTestClassRunner.runParameterisedTest(ParameterisedTestClassRunner.java:143)
	at junitparams.JUnitParamsRunner.runChild(JUnitParamsRunner.java:237)
	at junitparams.JUnitParamsRunner.runChild(JUnitParamsRunner.java:215)
	at org.junit.runners.ParentRunner$3.run(ParentRunner.java:193)
	at org.junit.runners.ParentRunner$1.schedule(ParentRunner.java:52)
	at org.junit.runners.ParentRunner.runChildren(ParentRunner.java:191)
	at org.junit.runners.ParentRunner.access$000(ParentRunner.java:42)
	at org.junit.runners.ParentRunner$2.evaluate(ParentRunner.java:184)
	at org.junit.internal.runners.statements.RunAfters.evaluate(RunAfters.java:31)
	at org.junit.runners.ParentRunner.run(ParentRunner.java:236)
	at org.junit.runners.Suite.runChild(Suite.java:128)
	at org.junit.runners.Suite.runChild(Suite.java:24)
	at org.junit.runners.ParentRunner$3.run(ParentRunner.java:193)
	at org.junit.runners.ParentRunner$1.schedule(ParentRunner.java:52)
	at org.junit.runners.ParentRunner.runChildren(ParentRunner.java:191)
	at org.junit.runners.ParentRunner.access$000(ParentRunner.java:42)
	at org.junit.runners.ParentRunner$2.evaluate(ParentRunner.java:184)
	at org.junit.runners.ParentRunner.run(ParentRunner.java:236)
	at junit.framework.JUnit4TestAdapter.run(JUnit4TestAdapter.java:39)
	at org.apache.tools.ant.taskdefs.optional.junit.JUnitTestRunner.run(JUnitTestRunner.java:535)
	at org.apache.tools.ant.taskdefs.optional.junit.JUnitTestRunner.launch(JUnitTestRunner.java:1182)
	at org.apache.tools.ant.taskdefs.optional.junit.JUnitTestRunner.main(JUnitTestRunner.java:1033)
 in /home/travis/build/icyphy/ptII/ptolemy/actor/lib/jjs/external/require.js at line number 454 at column number 12
    while executing
"$configuration description"
    invoked from within
"string length [$configuration description]"
    invoked from within
"expr [string length [$configuration description]] > 0"
    ("uplevel" body line 3)
    invoked from within
"uplevel $contents_of_test"
-------> Before clone
-------> after clone

Warning: In 'ptolemy.actor.lib.io.FileReader'
  The getName() method returns
   'fileOrURL' but the  field is named
   'fileOrURLPort'
   This is technically a violation  of the coding standard,
   but permissible because the name  ends in 'Port'
Skipping StateSpaceModel as this test iterates through the attributes and calls attributeChanged, which triggers a ConcurrentModificationException.  See org/ptolemy/ssm/test/SSMTest.java
Skipping StateSpaceModel as this test iterates through the attributes and calls attributeChanged, which triggers a ConcurrentModificationException.  See org/ptolemy/ssm/test/SSMTest.java
Skipping StateSpaceModel as this test iterates through the attributes and calls attributeChanged, which triggers a ConcurrentModificationException.  See org/ptolemy/ssm/test/SSMTest.java
Warning: capecode/configuration.xml has no 'actor library.Directors'? (this is ok for dsp, viptos)
-------> Before clone
-------> after clone
764782 ms. Memory: 2413568K Free: 381164K (16%)
The time is 19:02:37
Setting containers of atomic entities to null
767284 ms. Memory: 2413568K Free: 1135572K (47%)
 Force everything to get expanded ptolemy/configs/ptiny/configuration.xml
    (Skipping certain optional packages, jxta and viptos)
-------> Before clone
-------> after clone

Warning: In 'ptolemy.actor.lib.io.FileReader'
  The getName() method returns
   'fileOrURL' but the  field is named
   'fileOrURLPort'
   This is technically a violation  of the coding standard,
   but permissible because the name  ends in 'Port'
-------> Before clone
-------> after clone
775679 ms. Memory: 2413568K Free: 748295K (31%)
The time is 19:02:48
Setting containers of atomic entities to null
777892 ms. Memory: 2413568K Free: 1139028K (47%)
 Force everything to get expanded ptolemy/configs/fullViewer/configuration.xml
    (Skipping certain optional packages, jxta and viptos)
-------> Before clone
-------> after clone
Warning: fullViewer/configuration.xml has no 'actor library'?  (this is ok for ptinyViewer)
-------> Before clone
-------> after clone
777987 ms. Memory: 2413568K Free: 1102162K (46%)
The time is 19:02:50
Setting containers of atomic entities to null
780069 ms. Memory: 2413568K Free: 1139486K (47%)
 Force everything to get expanded ptolemy/configs/ptinyKepler/configuration.xml
    (Skipping certain optional packages, jxta and viptos)
-------> Before clone
-------> after clone

Warning: In 'ptolemy.actor.lib.io.FileReader'
  The getName() method returns
   'fileOrURL' but the  field is named
   'fileOrURLPort'
   This is technically a violation  of the coding standard,
   but permissible because the name  ends in 'Port'
-------> Before clone
-------> after clone
788098 ms. Memory: 2413568K Free: 785237K (33%)
The time is 19:03:00
Setting containers of atomic entities to null
790392 ms. Memory: 2413568K Free: 1100610K (46%)
 Force everything to get expanded ptolemy/configs/cyphysim/configuration.xml
    (Skipping certain optional packages, jxta and viptos)
-------> Before clone
-------> after clone

Warning: In 'ptolemy.actor.lib.io.FileReader'
  The getName() method returns
   'fileOrURL' but the  field is named
   'fileOrURLPort'
   This is technically a violation  of the coding standard,
   but permissible because the name  ends in 'Port'
Skipping StateSpaceModel as this test iterates through the attributes and calls attributeChanged, which triggers a ConcurrentModificationException.  See org/ptolemy/ssm/test/SSMTest.java
Skipping StateSpaceModel as this test iterates through the attributes and calls attributeChanged, which triggers a ConcurrentModificationException.  See org/ptolemy/ssm/test/SSMTest.java
Skipping StateSpaceModel as this test iterates through the attributes and calls attributeChanged, which triggers a ConcurrentModificationException.  See org/ptolemy/ssm/test/SSMTest.java
Warning: cyphysim/configuration.xml has no 'actor library.Directors'? (this is ok for dsp, viptos)
-------> Before clone
-------> after clone
799429 ms. Memory: 2759680K Free: 1188674K (43%)
The time is 19:03:12
Setting containers of atomic entities to null
801799 ms. Memory: 2759680K Free: 1389724K (50%)
 Force everything to get expanded ptolemy/configs/bcvtb/configuration.xml
    (Skipping certain optional packages, jxta and viptos)
-------> Before clone
-------> after clone

Warning: In 'ptolemy.actor.lib.io.FileReader'
  The getName() method returns
   'fileOrURL' but the  field is named
   'fileOrURLPort'
   This is technically a violation  of the coding standard,
   but permissible because the name  ends in 'Port'
-------> Before clone
-------> after clone
805481 ms. Memory: 2759680K Free: 1138844K (41%)
The time is 19:03:18
Setting containers of atomic entities to null
807808 ms. Memory: 2759680K Free: 1365253K (49%)
 Force everything to get expanded ptolemy/configs/visualsense/configuration.xml
    (Skipping certain optional packages, jxta and viptos)
-------> Before clone
-------> after clone

Warning: In 'ptolemy.actor.lib.io.FileReader'
  The getName() method returns
   'fileOrURL' but the  field is named
   'fileOrURLPort'
   This is technically a violation  of the coding standard,
   but permissible because the name  ends in 'Port'
-------> Before clone
-------> after clone
814087 ms. Memory: 2759680K Free: 996613K (36%)
The time is 19:03:26
Setting containers of atomic entities to null
816503 ms. Memory: 2759680K Free: 1324849K (48%)
 Force everything to get expanded ptolemy/configs/hyvisual/configuration.xml
    (Skipping certain optional packages, jxta and viptos)
-------> Before clone
-------> after clone
-------> Before clone
-------> after clone
819850 ms. Memory: 2966528K Free: 1433903K (48%)
The time is 19:03:32
Setting containers of atomic entities to null
822257 ms. Memory: 2966528K Free: 1511123K (51%)
 Force everything to get expanded ptolemy/configs/ptinyViewer/configuration.xml
    (Skipping certain optional packages, jxta and viptos)
-------> Before clone
-------> after clone
Warning: ptinyViewer/configuration.xml has no 'actor library'?  (this is ok for ptinyViewer)
-------> Before clone
-------> after clone
822275 ms. Memory: 2966528K Free: 1506001K (51%)
The time is 19:03:34
Setting containers of atomic entities to null
824601 ms. Memory: 2966528K Free: 1512638K (51%)
 Force everything to get expanded ptolemy/configs/dsp/configuration.xml
    (Skipping certain optional packages, jxta and viptos)
-------> Before clone
-------> after clone

Warning: In 'ptolemy.actor.lib.io.FileReader'
  The getName() method returns
   'fileOrURL' but the  field is named
   'fileOrURLPort'
   This is technically a violation  of the coding standard,
   but permissible because the name  ends in 'Port'
Warning: dsp/configuration.xml has no 'actor library.Directors'? (this is ok for dsp, viptos)
-------> Before clone
-------> after clone
826890 ms. Memory: 2966528K Free: 981692K (33%)
The time is 19:03:39
Setting containers of atomic entities to null
829315 ms. Memory: 2966528K Free: 1493506K (50%)
 Force everything to get expanded ptolemy/configs/ptserver/configuration.xml
    (Skipping certain optional packages, jxta and viptos)
-------> Before clone
-------> after clone

Warning: In 'ptolemy.actor.lib.io.FileReader'
  The getName() method returns
   'fileOrURL' but the  field is named
   'fileOrURLPort'
   This is technically a violation  of the coding standard,
   but permissible because the name  ends in 'Port'
-------> Before clone
-------> after clone
837394 ms. Memory: 2966528K Free: 820739K (28%)
The time is 19:03:50
Setting containers of atomic entities to null
839950 ms. Memory: 2966528K Free: 1453857K (49%)
allConfigs.tcl done!
/home/travis/build/icyphy/ptII/ptolemy/configs/test/allDemos.tcl
Skipping allDemos-1.0, use cd /home/travis/build/icyphy/ptII/ptolemy/configs/test/../../..; ant test.single -Dtest.name=ptolemy.vergil.basic.export.test.junit.ExportModelJUnitTest
/home/travis/build/icyphy/ptII/ptolemy/configs/test/cloneTest.tcl
Simple standalone clone test
The constraints of the master:
  1. (TypeConstant, arrayType(double,2)) <= (variable .Top.Map.origin: arrayType(double))
  2. (TypeConstant, double) <= (variable .Top.Map.resolution: double)
  3. (TypeConstant, {grid = arrayType(int,2), height = int, width = int}) <= (variable .Top.Map.map: {grid = arrayType(int), height = int, width = int})
  4. (port .Top.Map.map: unknown) <= (variable .Top.Map.map: {grid = arrayType(int), height = int, width = int})
  5. (variable .Top.Map.map: {grid = arrayType(int), height = int, width = int}) <= (port .Top.Map.map: unknown)
The constraints of the clone:
  1. (TypeConstant, arrayType(double,2)) <= (variable .Top.Map.origin: arrayType(double))
  2. (TypeConstant, double) <= (variable .Top.Map.resolution: double)
  3. (TypeConstant, {grid = arrayType(int,2), height = int, width = int}) <= (variable .Top.Map.map: {grid = arrayType(int), height = int, width = int})
  4. (port .Top.Map.map: unknown) <= (variable .Top.Map.map: {grid = arrayType(int), height = int, width = int})
  5. (variable .Top.Map.map: {grid = arrayType(int), height = int, width = int}) <= (port .Top.Map.map: unknown)
Congrats, the constraints are the same.
/home/travis/build/icyphy/ptII/ptolemy/configs/test/configurationTools.tcl
/home/travis/build/icyphy/ptII/ptolemy/configs/test/missingDemos.tcl
Updating /home/travis/build/icyphy/ptII/ptolemy/configs/test/../../../ptolemy/configs/doc/models.txt.  This could take a minute.
Done updating /home/travis/build/icyphy/ptII/ptolemy/configs/test/../../../ptolemy/configs/doc/models.txt
Stderr for 'make -C ../doc missingDemos' was
--start--

--end--
Stderr for '/home/travis/build/icyphy/ptII/ptolemy/configs/test/../../../ptolemy/configs/test/missingDemos' was
--start--

--end--
/home/travis/build/icyphy/ptII/ptolemy/configs/test/validDemos.tcl
Validating the xml in /auto/ xml files after removing the configure blocks
...................................................................................................................................................................................................................................................................................................................................................................................................................................................................................................................................................................................................................................................................................................................................................................................................................................................................................................................................................................................................................................................................................................................................................................................................................................................................................................................................................................................................................................................................................................................................................................................................................................................................................................................................................................................................................................................................................................................................................................................................................................................................................................................................................................................................................................................................................................................................................................................................................................................................................................................................................................................................................................................................................................................................................................................................................................................................................................................................................................................................................................Checked 2915 demos from configs/doc/models.txt
Validating the xml in demo xml files after removing the configure blocks
....................................................................................................................................................................................................................................................................................................................................................................................................................................................................................................................................................................................................................................................................................................................................................................................Checked 756 demos from configs/doc/models.txt
01/18/20 07:10:29
Failed: 2  Total Tests: 3759  ((Passed: 3757, Newly Passed: 0)  Known Failed: 0) /home/travis/build/icyphy/ptII/ptolemy/configs/test
No auto/knownFailedTests/*.xml tests in /home/travis/build/icyphy/ptII/ptolemy/configs/test
No auto/linux-amd64/*.xml tests in /home/travis/build/icyphy/ptII/ptolemy/configs/test
AutoTests.java: About to close Vertx.
AutoTests.java: Vertx closed.
No auto/*.xml tests in /home/travis/build/icyphy/ptII/ptolemy/configs/test
AutoTests.java: About to close Vertx.
AutoTests.java: Vertx closed.
]]></system-out>
  <system-err><![CDATA[Warning: Nashorn engine is planned to be removed from a future JDK release
Warning: Nashorn engine is planned to be removed from a future JDK release
Warning: Nashorn engine is planned to be removed from a future JDK release
Warning: Nashorn engine is planned to be removed from a future JDK release
Warning: Nashorn engine is planned to be removed from a future JDK release
Warning: Nashorn engine is planned to be removed from a future JDK release
Warning: Nashorn engine is planned to be removed from a future JDK release
Warning: Nashorn engine is planned to be removed from a future JDK release
Warning: Nashorn engine is planned to be removed from a future JDK release
Warning: Nashorn engine is planned to be removed from a future JDK release
Warning: Nashorn engine is planned to be removed from a future JDK release
Warning: Nashorn engine is planned to be removed from a future JDK release
Warning: Nashorn engine is planned to be removed from a future JDK release
Warning: Nashorn engine is planned to be removed from a future JDK release
Warning: Nashorn engine is planned to be removed from a future JDK release
Warning: Nashorn engine is planned to be removed from a future JDK release
Warning: Nashorn engine is planned to be removed from a future JDK release
Warning: Nashorn engine is planned to be removed from a future JDK release
[main] INFO com.github.sarxos.webcam.Webcam - WebcamDefaultDriver capture driver will be used
Warning: Nashorn engine is planned to be removed from a future JDK release
Warning: Nashorn engine is planned to be removed from a future JDK release
Warning: Nashorn engine is planned to be removed from a future JDK release
Warning: Nashorn engine is planned to be removed from a future JDK release
Warning: Nashorn engine is planned to be removed from a future JDK release
Warning: Nashorn engine is planned to be removed from a future JDK release
Warning: Nashorn engine is planned to be removed from a future JDK release
Warning: Nashorn engine is planned to be removed from a future JDK release
Warning: Nashorn engine is planned to be removed from a future JDK release
Warning: Nashorn engine is planned to be removed from a future JDK release
Warning: Nashorn engine is planned to be removed from a future JDK release
Warning: Nashorn engine is planned to be removed from a future JDK release
Warning: Nashorn engine is planned to be removed from a future JDK release
Warning: Nashorn engine is planned to be removed from a future JDK release
Warning: Nashorn engine is planned to be removed from a future JDK release
Warning: Nashorn engine is planned to be removed from a future JDK release
Warning: Nashorn engine is planned to be removed from a future JDK release
Warning: Nashorn engine is planned to be removed from a future JDK release
Warning: Nashorn engine is planned to be removed from a future JDK release
Warning: Nashorn engine is planned to be removed from a future JDK release
Warning: Nashorn engine is planned to be removed from a future JDK release
Warning: Nashorn engine is planned to be removed from a future JDK release
Warning: Nashorn engine is planned to be removed from a future JDK release
Warning: Nashorn engine is planned to be removed from a future JDK release
Warning: Nashorn engine is planned to be removed from a future JDK release
Warning: Nashorn engine is planned to be removed from a future JDK release
Warning: Nashorn engine is planned to be removed from a future JDK release
Warning: Nashorn engine is planned to be removed from a future JDK release
Warning: Nashorn engine is planned to be removed from a future JDK release
Warning: Nashorn engine is planned to be removed from a future JDK release
Warning: Nashorn engine is planned to be removed from a future JDK release
Warning: Nashorn engine is planned to be removed from a future JDK release
Warning: Nashorn engine is planned to be removed from a future JDK release
Warning: Nashorn engine is planned to be removed from a future JDK release
Warning: Nashorn engine is planned to be removed from a future JDK release
Warning: Nashorn engine is planned to be removed from a future JDK release
Warning: Nashorn engine is planned to be removed from a future JDK release
Warning: Nashorn engine is planned to be removed from a future JDK release
Warning: Nashorn engine is planned to be removed from a future JDK release
Warning: Nashorn engine is planned to be removed from a future JDK release
Warning: Nashorn engine is planned to be removed from a future JDK release
Warning: Nashorn engine is planned to be removed from a future JDK release
Warning: Nashorn engine is planned to be removed from a future JDK release
Warning: Nashorn engine is planned to be removed from a future JDK release
Warning: Nashorn engine is planned to be removed from a future JDK release
Warning: Nashorn engine is planned to be removed from a future JDK release
Warning: Nashorn engine is planned to be removed from a future JDK release
Warning: Nashorn engine is planned to be removed from a future JDK release
Warning: Nashorn engine is planned to be removed from a future JDK release
Warning: Nashorn engine is planned to be removed from a future JDK release
Warning: Nashorn engine is planned to be removed from a future JDK release
Warning: Nashorn engine is planned to be removed from a future JDK release
Warning: Nashorn engine is planned to be removed from a future JDK release
Warning: Nashorn engine is planned to be removed from a future JDK release
Warning: Nashorn engine is planned to be removed from a future JDK release
Warning: Nashorn engine is planned to be removed from a future JDK release
Warning: Nashorn engine is planned to be removed from a future JDK release
Warning: Nashorn engine is planned to be removed from a future JDK release
Warning: Nashorn engine is planned to be removed from a future JDK release
Warning: Nashorn engine is planned to be removed from a future JDK release
Warning: Nashorn engine is planned to be removed from a future JDK release
Warning: Nashorn engine is planned to be removed from a future JDK release
Warning: Nashorn engine is planned to be removed from a future JDK release
Warning: Nashorn engine is planned to be removed from a future JDK release
Warning: Nashorn engine is planned to be removed from a future JDK release
Warning: Nashorn engine is planned to be removed from a future JDK release
Warning: Nashorn engine is planned to be removed from a future JDK release
Warning: Nashorn engine is planned to be removed from a future JDK release
Warning: Nashorn engine is planned to be removed from a future JDK release
Warning: Nashorn engine is planned to be removed from a future JDK release
Warning: Nashorn engine is planned to be removed from a future JDK release
Warning: Nashorn engine is planned to be removed from a future JDK release
Warning: Nashorn engine is planned to be removed from a future JDK release
Warning: Nashorn engine is planned to be removed from a future JDK release
Warning: Nashorn engine is planned to be removed from a future JDK release
Warning: Nashorn engine is planned to be removed from a future JDK release
Warning: Nashorn engine is planned to be removed from a future JDK release
Warning: Nashorn engine is planned to be removed from a future JDK release
Warning: Nashorn engine is planned to be removed from a future JDK release
Warning: Nashorn engine is planned to be removed from a future JDK release
Warning: Nashorn engine is planned to be removed from a future JDK release
Warning: Nashorn engine is planned to be removed from a future JDK release
Warning: Nashorn engine is planned to be removed from a future JDK release
Warning: Nashorn engine is planned to be removed from a future JDK release
Warning: Nashorn engine is planned to be removed from a future JDK release
Warning: Nashorn engine is planned to be removed from a future JDK release
Warning: Nashorn engine is planned to be removed from a future JDK release
Warning: Nashorn engine is planned to be removed from a future JDK release
Warning: Nashorn engine is planned to be removed from a future JDK release
Warning: Nashorn engine is planned to be removed from a future JDK release
Warning: Nashorn engine is planned to be removed from a future JDK release
Warning: Nashorn engine is planned to be removed from a future JDK release
Warning: Nashorn engine is planned to be removed from a future JDK release
Warning: Nashorn engine is planned to be removed from a future JDK release
Warning: Nashorn engine is planned to be removed from a future JDK release
Warning: Nashorn engine is planned to be removed from a future JDK release
Warning: Nashorn engine is planned to be removed from a future JDK release
Warning: Nashorn engine is planned to be removed from a future JDK release
Warning: Nashorn engine is planned to be removed from a future JDK release
Warning: Nashorn engine is planned to be removed from a future JDK release
Warning: Nashorn engine is planned to be removed from a future JDK release
Warning: Nashorn engine is planned to be removed from a future JDK release
Warning: Nashorn engine is planned to be removed from a future JDK release
Warning: Nashorn engine is planned to be removed from a future JDK release
Warning: Nashorn engine is planned to be removed from a future JDK release
Warning: Nashorn engine is planned to be removed from a future JDK release
Warning: Nashorn engine is planned to be removed from a future JDK release
Warning: Nashorn engine is planned to be removed from a future JDK release
Warning: Nashorn engine is planned to be removed from a future JDK release
Warning: Nashorn engine is planned to be removed from a future JDK release
Warning: Nashorn engine is planned to be removed from a future JDK release
Warning: Nashorn engine is planned to be removed from a future JDK release
Warning: Nashorn engine is planned to be removed from a future JDK release
Warning: Nashorn engine is planned to be removed from a future JDK release
Warning: Nashorn engine is planned to be removed from a future JDK release
Warning: Nashorn engine is planned to be removed from a future JDK release
Warning: Nashorn engine is planned to be removed from a future JDK release
Warning: Nashorn engine is planned to be removed from a future JDK release
Warning: Nashorn engine is planned to be removed from a future JDK release
Warning: Nashorn engine is planned to be removed from a future JDK release
Warning: Nashorn engine is planned to be removed from a future JDK release
Warning: Nashorn engine is planned to be removed from a future JDK release
Warning: Nashorn engine is planned to be removed from a future JDK release
Warning: Nashorn engine is planned to be removed from a future JDK release
Warning: Nashorn engine is planned to be removed from a future JDK release
Warning: Nashorn engine is planned to be removed from a future JDK release
Warning: Nashorn engine is planned to be removed from a future JDK release
Warning: Nashorn engine is planned to be removed from a future JDK release
Warning: Nashorn engine is planned to be removed from a future JDK release
Warning: Nashorn engine is planned to be removed from a future JDK release
Warning: Nashorn engine is planned to be removed from a future JDK release
Warning: Nashorn engine is planned to be removed from a future JDK release
Warning: Nashorn engine is planned to be removed from a future JDK release
Warning: Nashorn engine is planned to be removed from a future JDK release
Warning: Nashorn engine is planned to be removed from a future JDK release
Warning: Nashorn engine is planned to be removed from a future JDK release
Warning: Nashorn engine is planned to be removed from a future JDK release
Warning: Nashorn engine is planned to be removed from a future JDK release
Warning: Nashorn engine is planned to be removed from a future JDK release
Warning: Nashorn engine is planned to be removed from a future JDK release
Warning: Nashorn engine is planned to be removed from a future JDK release
Warning: Nashorn engine is planned to be removed from a future JDK release
Warning: Nashorn engine is planned to be removed from a future JDK release
Warning: Nashorn engine is planned to be removed from a future JDK release
Warning: Nashorn engine is planned to be removed from a future JDK release
Warning: Nashorn engine is planned to be removed from a future JDK release
Warning: Nashorn engine is planned to be removed from a future JDK release
Warning: Nashorn engine is planned to be removed from a future JDK release
Warning: Nashorn engine is planned to be removed from a future JDK release
Warning: Nashorn engine is planned to be removed from a future JDK release
Warning: Nashorn engine is planned to be removed from a future JDK release
Warning: Nashorn engine is planned to be removed from a future JDK release
Warning: Nashorn engine is planned to be removed from a future JDK release
Warning: Nashorn engine is planned to be removed from a future JDK release
Warning: Nashorn engine is planned to be removed from a future JDK release
Warning: Nashorn engine is planned to be removed from a future JDK release
Warning: Nashorn engine is planned to be removed from a future JDK release
Warning: Nashorn engine is planned to be removed from a future JDK release
Warning: Nashorn engine is planned to be removed from a future JDK release
Warning: Nashorn engine is planned to be removed from a future JDK release
Warning: Nashorn engine is planned to be removed from a future JDK release
Warning: Nashorn engine is planned to be removed from a future JDK release
Warning: Nashorn engine is planned to be removed from a future JDK release
Warning: Nashorn engine is planned to be removed from a future JDK release
Warning: Nashorn engine is planned to be removed from a future JDK release
Warning: Nashorn engine is planned to be removed from a future JDK release
Warning: Nashorn engine is planned to be removed from a future JDK release
Warning: Nashorn engine is planned to be removed from a future JDK release
Warning: Nashorn engine is planned to be removed from a future JDK release
Warning: Nashorn engine is planned to be removed from a future JDK release
Warning: Nashorn engine is planned to be removed from a future JDK release
Warning: Nashorn engine is planned to be removed from a future JDK release
Warning: Nashorn engine is planned to be removed from a future JDK release
Warning: Nashorn engine is planned to be removed from a future JDK release
Warning: Nashorn engine is planned to be removed from a future JDK release
Warning: Nashorn engine is planned to be removed from a future JDK release
Warning: Nashorn engine is planned to be removed from a future JDK release
Warning: Nashorn engine is planned to be removed from a future JDK release
Warning: Nashorn engine is planned to be removed from a future JDK release
Warning: Nashorn engine is planned to be removed from a future JDK release
Warning: Nashorn engine is planned to be removed from a future JDK release
Warning: Nashorn engine is planned to be removed from a future JDK release
Warning: Nashorn engine is planned to be removed from a future JDK release
Warning: Nashorn engine is planned to be removed from a future JDK release
Warning: Nashorn engine is planned to be removed from a future JDK release
Warning: Nashorn engine is planned to be removed from a future JDK release
Warning: Nashorn engine is planned to be removed from a future JDK release
Warning: Nashorn engine is planned to be removed from a future JDK release
Warning: Nashorn engine is planned to be removed from a future JDK release
Warning: Nashorn engine is planned to be removed from a future JDK release
Warning: Nashorn engine is planned to be removed from a future JDK release
Warning: Nashorn engine is planned to be removed from a future JDK release
Warning: Nashorn engine is planned to be removed from a future JDK release
Warning: Nashorn engine is planned to be removed from a future JDK release
Warning: Nashorn engine is planned to be removed from a future JDK release
Warning: Nashorn engine is planned to be removed from a future JDK release
Warning: Nashorn engine is planned to be removed from a future JDK release
Warning: Nashorn engine is planned to be removed from a future JDK release
Warning: Nashorn engine is planned to be removed from a future JDK release
Warning: Nashorn engine is planned to be removed from a future JDK release
Warning: Nashorn engine is planned to be removed from a future JDK release
Warning: Nashorn engine is planned to be removed from a future JDK release
Warning: Nashorn engine is planned to be removed from a future JDK release
Warning: Nashorn engine is planned to be removed from a future JDK release
Warning: Nashorn engine is planned to be removed from a future JDK release
Warning: Nashorn engine is planned to be removed from a future JDK release
Warning: Nashorn engine is planned to be removed from a future JDK release
Warning: Nashorn engine is planned to be removed from a future JDK release
Warning: Nashorn engine is planned to be removed from a future JDK release
Warning: Nashorn engine is planned to be removed from a future JDK release
Warning: Nashorn engine is planned to be removed from a future JDK release
Warning: Nashorn engine is planned to be removed from a future JDK release
Warning: Nashorn engine is planned to be removed from a future JDK release
Warning: Nashorn engine is planned to be removed from a future JDK release
Warning: Nashorn engine is planned to be removed from a future JDK release
Warning: Nashorn engine is planned to be removed from a future JDK release
Warning: Nashorn engine is planned to be removed from a future JDK release
Warning: Nashorn engine is planned to be removed from a future JDK release
Warning: Nashorn engine is planned to be removed from a future JDK release
Warning: Nashorn engine is planned to be removed from a future JDK release
Warning: Nashorn engine is planned to be removed from a future JDK release
Warning: Nashorn engine is planned to be removed from a future JDK release
Warning: Nashorn engine is planned to be removed from a future JDK release
Warning: Nashorn engine is planned to be removed from a future JDK release
Warning: Nashorn engine is planned to be removed from a future JDK release
Warning: Nashorn engine is planned to be removed from a future JDK release
Warning: Nashorn engine is planned to be removed from a future JDK release
Warning: Nashorn engine is planned to be removed from a future JDK release
Warning: Nashorn engine is planned to be removed from a future JDK release
Warning: Nashorn engine is planned to be removed from a future JDK release
Warning: Nashorn engine is planned to be removed from a future JDK release
Warning: Nashorn engine is planned to be removed from a future JDK release
Warning: Nashorn engine is planned to be removed from a future JDK release
Warning: Nashorn engine is planned to be removed from a future JDK release
Warning: Nashorn engine is planned to be removed from a future JDK release
Warning: Nashorn engine is planned to be removed from a future JDK release
Warning: Nashorn engine is planned to be removed from a future JDK release
Warning: Nashorn engine is planned to be removed from a future JDK release
Warning: Nashorn engine is planned to be removed from a future JDK release
Warning: Nashorn engine is planned to be removed from a future JDK release
Warning: Nashorn engine is planned to be removed from a future JDK release
Warning: Nashorn engine is planned to be removed from a future JDK release
Warning: Nashorn engine is planned to be removed from a future JDK release
Warning: Nashorn engine is planned to be removed from a future JDK release
Warning: Nashorn engine is planned to be removed from a future JDK release
Warning: Nashorn engine is planned to be removed from a future JDK release
Warning: Nashorn engine is planned to be removed from a future JDK release
Warning: Nashorn engine is planned to be removed from a future JDK release
Warning: Nashorn engine is planned to be removed from a future JDK release
Warning: Nashorn engine is planned to be removed from a future JDK release
Warning: Nashorn engine is planned to be removed from a future JDK release
Warning: Nashorn engine is planned to be removed from a future JDK release
Warning: Nashorn engine is planned to be removed from a future JDK release
Warning: Nashorn engine is planned to be removed from a future JDK release
Warning: Nashorn engine is planned to be removed from a future JDK release
Warning: Nashorn engine is planned to be removed from a future JDK release
Warning: Nashorn engine is planned to be removed from a future JDK release
Warning: Nashorn engine is planned to be removed from a future JDK release
Warning: Nashorn engine is planned to be removed from a future JDK release
Warning: Nashorn engine is planned to be removed from a future JDK release
Warning: Nashorn engine is planned to be removed from a future JDK release
Warning: Nashorn engine is planned to be removed from a future JDK release
Warning: Nashorn engine is planned to be removed from a future JDK release
Warning: Nashorn engine is planned to be removed from a future JDK release
Warning: Nashorn engine is planned to be removed from a future JDK release
Warning: Nashorn engine is planned to be removed from a future JDK release
Warning: Nashorn engine is planned to be removed from a future JDK release
Warning: Nashorn engine is planned to be removed from a future JDK release
Warning: Nashorn engine is planned to be removed from a future JDK release
Warning: Nashorn engine is planned to be removed from a future JDK release
Warning: Nashorn engine is planned to be removed from a future JDK release
Warning: Nashorn engine is planned to be removed from a future JDK release
Warning: Nashorn engine is planned to be removed from a future JDK release
Warning: Nashorn engine is planned to be removed from a future JDK release
Warning: Nashorn engine is planned to be removed from a future JDK release
Warning: Nashorn engine is planned to be removed from a future JDK release
Warning: Nashorn engine is planned to be removed from a future JDK release
Warning: Nashorn engine is planned to be removed from a future JDK release
Warning: Nashorn engine is planned to be removed from a future JDK release
Warning: Nashorn engine is planned to be removed from a future JDK release
Warning: Nashorn engine is planned to be removed from a future JDK release
Warning: Nashorn engine is planned to be removed from a future JDK release
Warning: Nashorn engine is planned to be removed from a future JDK release
Warning: Nashorn engine is planned to be removed from a future JDK release
Warning: Nashorn engine is planned to be removed from a future JDK release
Warning: Nashorn engine is planned to be removed from a future JDK release
Warning: Nashorn engine is planned to be removed from a future JDK release
Warning: Nashorn engine is planned to be removed from a future JDK release
Warning: Nashorn engine is planned to be removed from a future JDK release
Warning: Nashorn engine is planned to be removed from a future JDK release
Warning: Nashorn engine is planned to be removed from a future JDK release
Warning: Nashorn engine is planned to be removed from a future JDK release
Warning: Nashorn engine is planned to be removed from a future JDK release
Warning: Nashorn engine is planned to be removed from a future JDK release
Warning: Nashorn engine is planned to be removed from a future JDK release
Warning: Nashorn engine is planned to be removed from a future JDK release
Warning: Nashorn engine is planned to be removed from a future JDK release
Warning: Nashorn engine is planned to be removed from a future JDK release
Warning: Nashorn engine is planned to be removed from a future JDK release
Warning: Nashorn engine is planned to be removed from a future JDK release
Warning: Nashorn engine is planned to be removed from a future JDK release
Loading accessor failed: AudioCapture.js
ptolemy.kernel.util.IllegalActionException: Error evaluating expression:
// Copyright (c) 2015-2017 The Regents of the University of California.
...
  in .configuration.actor library.MoreLibraries.Accessors.audio.AudioCapture.script
Because:
Failed to evaluate script.
  in .configuration.actor library.MoreLibraries.Accessors.audio.AudioCapture
Because:
Error: Error executing module audio line #undefined : ptolemy.actor.lib.jjs.modules.audio.AudioHelper
In file: /home/travis/build/icyphy/ptII/ptolemy/actor/lib/jjs/modules/audio/audio.js

java.lang.ClassNotFoundException: ptolemy.actor.lib.jjs.modules.audio.AudioHelper
	at java.base/jdk.internal.loader.BuiltinClassLoader.loadClass(BuiltinClassLoader.java:583)
	at java.base/jdk.internal.loader.ClassLoaders$AppClassLoader.loadClass(ClassLoaders.java:178)
	at java.base/java.lang.ClassLoader.loadClass(ClassLoader.java:521)
	at java.base/java.lang.Class.forName0(Native Method)
	at java.base/java.lang.Class.forName(Class.java:398)
	at jdk.scripting.nashorn/jdk.nashorn.internal.runtime.Context.findClass(Context.java:1180)
	at jdk.scripting.nashorn/jdk.nashorn.internal.objects.NativeJava.simpleType(NativeJava.java:546)
	at jdk.scripting.nashorn/jdk.nashorn.internal.objects.NativeJava.type(NativeJava.java:326)
	at jdk.scripting.nashorn/jdk.nashorn.internal.objects.NativeJava.type(NativeJava.java:318)
	at jdk.scripting.nashorn/jdk.nashorn.internal.objects.NativeJava.type(NativeJava.java:314)
	at jdk.scripting.nashorn.scripts/jdk.nashorn.internal.scripts.Script$Recompilation$2279$require.L:1(/home/travis/build/icyphy/ptII/ptolemy/actor/lib/jjs/external/require.js#409:30<eval>:48)
	at jdk.scripting.nashorn.scripts/jdk.nashorn.internal.scripts.Script$Recompilation$2189$require.L:45#_require(/home/travis/build/icyphy/ptII/ptolemy/actor/lib/jjs/external/require.js:429)
	at jdk.scripting.nashorn.scripts/jdk.nashorn.internal.scripts.Script$Recompilation$2193$21065A$require.L:45#_requireClosure#L:466(/home/travis/build/icyphy/ptII/ptolemy/actor/lib/jjs/external/require.js:467)
	at jdk.scripting.nashorn.scripts/jdk.nashorn.internal.scripts.Script$Recompilation$2267$1AAAAAAAAAAAAAA$\^function\_.L:1(<function>:97)
	at jdk.scripting.nashorn.scripts/jdk.nashorn.internal.scripts.Script$Recompilation$2266$17933AAAAAA$require$cu1$restOf.L:1#Accessor(/home/travis/build/icyphy/ptII/ptolemy/actor/lib/jjs/external/require.js#409:30<eval>:545)
	at jdk.scripting.nashorn.scripts/jdk.nashorn.internal.scripts.Script$Recompilation$2252$2801AAA$\^eval\_.evaluateCode(<eval>:96)
	at jdk.scripting.nashorn/jdk.nashorn.internal.runtime.ScriptFunctionData.invoke(ScriptFunctionData.java:661)
	at jdk.scripting.nashorn/jdk.nashorn.internal.runtime.ScriptFunction.invoke(ScriptFunction.java:513)
	at jdk.scripting.nashorn/jdk.nashorn.internal.runtime.ScriptRuntime.apply(ScriptRuntime.java:527)
	at jdk.scripting.nashorn/jdk.nashorn.api.scripting.ScriptObjectMirror.callMember(ScriptObjectMirror.java:202)
	at jdk.scripting.nashorn/jdk.nashorn.api.scripting.NashornScriptEngine.invokeImpl(NashornScriptEngine.java:393)
	at jdk.scripting.nashorn/jdk.nashorn.api.scripting.NashornScriptEngine.invokeFunction(NashornScriptEngine.java:197)
	at ptolemy.actor.lib.jjs.JavaScript._createEngineAndEvaluateSetup(JavaScript.java:2493)
	at ptolemy.actor.lib.jjs.JavaScript.attributeChanged(JavaScript.java:548)
	at org.terraswarm.accessor.JSAccessor.attributeChanged(JSAccessor.java:312)
	at ptolemy.data.expr.Variable._setTokenAndNotify(Variable.java:2271)
	at ptolemy.data.expr.Variable._evaluate(Variable.java:1873)
	at ptolemy.data.expr.Variable._propagate(Variable.java:1984)
	at ptolemy.data.expr.Variable.validate(Variable.java:1596)
	at ptolemy.moml.MoMLParser.endDocument(MoMLParser.java:867)
	at com.microstar.xml.XmlParser.doParse(XmlParser.java:162)
	at com.microstar.xml.XmlParser.parse(XmlParser.java:132)
	at ptolemy.moml.MoMLParser.parse(MoMLParser.java:1676)
	at ptolemy.moml.MoMLParser.parse(MoMLParser.java:1617)
	at ptolemy.moml.MoMLParser.parse(MoMLParser.java:1792)
	at org.terraswarm.accessor.AccessorLibrary.populate(AccessorLibrary.java:194)
	at ptolemy.moml.EntityLibrary.classDefinitionList(EntityLibrary.java:307)
	at ptolemy.kernel.CompositeEntity._description(CompositeEntity.java:2292)
	at ptolemy.kernel.CompositeEntity._description(CompositeEntity.java:2307)
	at ptolemy.kernel.CompositeEntity._description(CompositeEntity.java:2307)
	at ptolemy.kernel.CompositeEntity._description(CompositeEntity.java:2307)
	at ptolemy.kernel.CompositeEntity._description(CompositeEntity.java:2307)
	at ptolemy.kernel.util.NamedObj.description(NamedObj.java:731)
	at ptolemy.kernel.util.NamedObj.description(NamedObj.java:715)
	at java.base/jdk.internal.reflect.NativeMethodAccessorImpl.invoke0(Native Method)
	at java.base/jdk.internal.reflect.NativeMethodAccessorImpl.invoke(NativeMethodAccessorImpl.java:62)
	at java.base/jdk.internal.reflect.DelegatingMethodAccessorImpl.invoke(DelegatingMethodAccessorImpl.java:43)
	at java.base/java.lang.reflect.Method.invoke(Method.java:566)
	at tcl.lang.reflect.PkgInvoker.invokeMethod(PkgInvoker.java:129)
	at tcl.lang.JavaInvoke.call(JavaInvoke.java:253)
	at tcl.lang.JavaInvoke.callMethod(JavaInvoke.java:116)
	at tcl.lang.ReflectObject.cmdProc(ReflectObject.java:727)
	at tcl.lang.Parser.evalObjv(Parser.java:740)
	at tcl.lang.Parser.eval2(Parser.java:1138)
	at tcl.lang.Parser.evalTokens(Parser.java:930)
	at tcl.lang.Parser.eval2(Parser.java:1125)
	at tcl.lang.Parser.evalTokens(Parser.java:930)
	at tcl.lang.Parser.eval2(Parser.java:1125)
	at tcl.lang.Interp.eval(Interp.java:1782)
	at tcl.lang.Interp.eval(Interp.java:1841)
	at tcl.lang.UplevelCmd.cmdProc(UplevelCmd.java:93)
	at tcl.lang.AutoloadStub.cmdProc(Extension.java:144)
	at tcl.lang.Parser.evalObjv(Parser.java:740)
	at tcl.lang.Parser.eval2(Parser.java:1138)
	at tcl.lang.Interp.eval(Interp.java:1782)
	at tcl.lang.Interp.eval(Interp.java:1841)
	at tcl.lang.CatchCmd.cmdProc(CatchCmd.java:42)
	at tcl.lang.Parser.evalObjv(Parser.java:740)
	at tcl.lang.Parser.eval2(Parser.java:1138)
	at tcl.lang.Parser.evalTokens(Parser.java:930)
	at tcl.lang.Parser.eval2(Parser.java:1125)
	at tcl.lang.Procedure.cmdProc(Procedure.java:175)
	at tcl.lang.Parser.evalObjv(Parser.java:740)
	at tcl.lang.Parser.eval2(Parser.java:1138)
	at tcl.lang.Interp.eval(Interp.java:1782)
	at tcl.lang.Interp.eval(Interp.java:1841)
	at tcl.lang.ForeachCmd.cmdProc(ForeachCmd.java:116)
	at tcl.lang.AutoloadStub.cmdProc(Extension.java:144)
	at tcl.lang.Parser.evalObjv(Parser.java:740)
	at tcl.lang.Parser.eval2(Parser.java:1138)
	at tcl.lang.Interp.eval(Interp.java:1782)
	at tcl.lang.Interp.evalFile(Interp.java:1880)
	at java.base/jdk.internal.reflect.NativeMethodAccessorImpl.invoke0(Native Method)
	at java.base/jdk.internal.reflect.NativeMethodAccessorImpl.invoke(NativeMethodAccessorImpl.java:62)
	at java.base/jdk.internal.reflect.DelegatingMethodAccessorImpl.invoke(DelegatingMethodAccessorImpl.java:43)
	at java.base/java.lang.reflect.Method.invoke(Method.java:566)
	at ptolemy.util.test.junit.TclTests.RunTclFile(TclTests.java:233)
	at java.base/jdk.internal.reflect.NativeMethodAccessorImpl.invoke0(Native Method)
	at java.base/jdk.internal.reflect.NativeMethodAccessorImpl.invoke(NativeMethodAccessorImpl.java:62)
	at java.base/jdk.internal.reflect.DelegatingMethodAccessorImpl.invoke(DelegatingMethodAccessorImpl.java:43)
	at java.base/java.lang.reflect.Method.invoke(Method.java:566)
	at org.junit.runners.model.FrameworkMethod$1.runReflectiveCall(FrameworkMethod.java:44)
	at org.junit.internal.runners.model.ReflectiveCallable.run(ReflectiveCallable.java:15)
	at org.junit.runners.model.FrameworkMethod.invokeExplosively(FrameworkMethod.java:41)
	at junitparams.internal.InvokeParameterisedMethod.evaluate(InvokeParameterisedMethod.java:102)
	at junitparams.internal.ParameterisedTestMethodRunner.runMethodInvoker(ParameterisedTestMethodRunner.java:47)
	at junitparams.internal.ParameterisedTestMethodRunner.runTestMethod(ParameterisedTestMethodRunner.java:41)
	at junitparams.internal.ParameterisedTestClassRunner.runParameterisedTest(ParameterisedTestClassRunner.java:143)
	at junitparams.JUnitParamsRunner.runChild(JUnitParamsRunner.java:237)
	at junitparams.JUnitParamsRunner.runChild(JUnitParamsRunner.java:215)
	at org.junit.runners.ParentRunner$3.run(ParentRunner.java:193)
	at org.junit.runners.ParentRunner$1.schedule(ParentRunner.java:52)
	at org.junit.runners.ParentRunner.runChildren(ParentRunner.java:191)
	at org.junit.runners.ParentRunner.access$000(ParentRunner.java:42)
	at org.junit.runners.ParentRunner$2.evaluate(ParentRunner.java:184)
	at org.junit.internal.runners.statements.RunAfters.evaluate(RunAfters.java:31)
	at org.junit.runners.ParentRunner.run(ParentRunner.java:236)
	at org.junit.runners.Suite.runChild(Suite.java:128)
	at org.junit.runners.Suite.runChild(Suite.java:24)
	at org.junit.runners.ParentRunner$3.run(ParentRunner.java:193)
	at org.junit.runners.ParentRunner$1.schedule(ParentRunner.java:52)
	at org.junit.runners.ParentRunner.runChildren(ParentRunner.java:191)
	at org.junit.runners.ParentRunner.access$000(ParentRunner.java:42)
	at org.junit.runners.ParentRunner$2.evaluate(ParentRunner.java:184)
	at org.junit.runners.ParentRunner.run(ParentRunner.java:236)
	at junit.framework.JUnit4TestAdapter.run(JUnit4TestAdapter.java:39)
	at org.apache.tools.ant.taskdefs.optional.junit.JUnitTestRunner.run(JUnitTestRunner.java:535)
	at org.apache.tools.ant.taskdefs.optional.junit.JUnitTestRunner.launch(JUnitTestRunner.java:1182)
	at org.apache.tools.ant.taskdefs.optional.junit.JUnitTestRunner.main(JUnitTestRunner.java:1033)
 in /home/travis/build/icyphy/ptII/ptolemy/actor/lib/jjs/external/require.js at line number 454 at column number 12
  in .configuration.actor library.MoreLibraries.Accessors.audio.AudioCapture.script
Because:
Error evaluating expression:
// Copyright (c) 2015-2017 The Regents of the University of California.
...
  in .configuration.actor library.MoreLibraries.Accessors.audio.AudioCapture.script
Because:
Failed to evaluate script.
  in .configuration.actor library.MoreLibraries.Accessors.audio.AudioCapture
Because:
Error: Error executing module audio line #undefined : ptolemy.actor.lib.jjs.modules.audio.AudioHelper
In file: /home/travis/build/icyphy/ptII/ptolemy/actor/lib/jjs/modules/audio/audio.js

java.lang.ClassNotFoundException: ptolemy.actor.lib.jjs.modules.audio.AudioHelper
	at java.base/jdk.internal.loader.BuiltinClassLoader.loadClass(BuiltinClassLoader.java:583)
	at java.base/jdk.internal.loader.ClassLoaders$AppClassLoader.loadClass(ClassLoaders.java:178)
	at java.base/java.lang.ClassLoader.loadClass(ClassLoader.java:521)
	at java.base/java.lang.Class.forName0(Native Method)
	at java.base/java.lang.Class.forName(Class.java:398)
	at jdk.scripting.nashorn/jdk.nashorn.internal.runtime.Context.findClass(Context.java:1180)
	at jdk.scripting.nashorn/jdk.nashorn.internal.objects.NativeJava.simpleType(NativeJava.java:546)
	at jdk.scripting.nashorn/jdk.nashorn.internal.objects.NativeJava.type(NativeJava.java:326)
	at jdk.scripting.nashorn/jdk.nashorn.internal.objects.NativeJava.type(NativeJava.java:318)
	at jdk.scripting.nashorn/jdk.nashorn.internal.objects.NativeJava.type(NativeJava.java:314)
	at jdk.scripting.nashorn.scripts/jdk.nashorn.internal.scripts.Script$Recompilation$2279$require.L:1(/home/travis/build/icyphy/ptII/ptolemy/actor/lib/jjs/external/require.js#409:30<eval>:48)
	at jdk.scripting.nashorn.scripts/jdk.nashorn.internal.scripts.Script$Recompilation$2189$require.L:45#_require(/home/travis/build/icyphy/ptII/ptolemy/actor/lib/jjs/external/require.js:429)
	at jdk.scripting.nashorn.scripts/jdk.nashorn.internal.scripts.Script$Recompilation$2193$21065A$require.L:45#_requireClosure#L:466(/home/travis/build/icyphy/ptII/ptolemy/actor/lib/jjs/external/require.js:467)
	at jdk.scripting.nashorn.scripts/jdk.nashorn.internal.scripts.Script$Recompilation$2267$1AAAAAAAAAAAAAA$\^function\_.L:1(<function>:97)
	at jdk.scripting.nashorn.scripts/jdk.nashorn.internal.scripts.Script$Recompilation$2266$17933AAAAAA$require$cu1$restOf.L:1#Accessor(/home/travis/build/icyphy/ptII/ptolemy/actor/lib/jjs/external/require.js#409:30<eval>:545)
	at jdk.scripting.nashorn.scripts/jdk.nashorn.internal.scripts.Script$Recompilation$2252$2801AAA$\^eval\_.evaluateCode(<eval>:96)
	at jdk.scripting.nashorn/jdk.nashorn.internal.runtime.ScriptFunctionData.invoke(ScriptFunctionData.java:661)
	at jdk.scripting.nashorn/jdk.nashorn.internal.runtime.ScriptFunction.invoke(ScriptFunction.java:513)
	at jdk.scripting.nashorn/jdk.nashorn.internal.runtime.ScriptRuntime.apply(ScriptRuntime.java:527)
	at jdk.scripting.nashorn/jdk.nashorn.api.scripting.ScriptObjectMirror.callMember(ScriptObjectMirror.java:202)
	at jdk.scripting.nashorn/jdk.nashorn.api.scripting.NashornScriptEngine.invokeImpl(NashornScriptEngine.java:393)
	at jdk.scripting.nashorn/jdk.nashorn.api.scripting.NashornScriptEngine.invokeFunction(NashornScriptEngine.java:197)
	at ptolemy.actor.lib.jjs.JavaScript._createEngineAndEvaluateSetup(JavaScript.java:2493)
	at ptolemy.actor.lib.jjs.JavaScript.attributeChanged(JavaScript.java:548)
	at org.terraswarm.accessor.JSAccessor.attributeChanged(JSAccessor.java:312)
	at ptolemy.data.expr.Variable._setTokenAndNotify(Variable.java:2271)
	at ptolemy.data.expr.Variable._evaluate(Variable.java:1873)
	at ptolemy.data.expr.Variable._propagate(Variable.java:1984)
	at ptolemy.data.expr.Variable.validate(Variable.java:1596)
	at ptolemy.moml.MoMLParser.endDocument(MoMLParser.java:867)
	at com.microstar.xml.XmlParser.doParse(XmlParser.java:162)
	at com.microstar.xml.XmlParser.parse(XmlParser.java:132)
	at ptolemy.moml.MoMLParser.parse(MoMLParser.java:1676)
	at ptolemy.moml.MoMLParser.parse(MoMLParser.java:1617)
	at ptolemy.moml.MoMLParser.parse(MoMLParser.java:1792)
	at org.terraswarm.accessor.AccessorLibrary.populate(AccessorLibrary.java:194)
	at ptolemy.moml.EntityLibrary.classDefinitionList(EntityLibrary.java:307)
	at ptolemy.kernel.CompositeEntity._description(CompositeEntity.java:2292)
	at ptolemy.kernel.CompositeEntity._description(CompositeEntity.java:2307)
	at ptolemy.kernel.CompositeEntity._description(CompositeEntity.java:2307)
	at ptolemy.kernel.CompositeEntity._description(CompositeEntity.java:2307)
	at ptolemy.kernel.CompositeEntity._description(CompositeEntity.java:2307)
	at ptolemy.kernel.util.NamedObj.description(NamedObj.java:731)
	at ptolemy.kernel.util.NamedObj.description(NamedObj.java:715)
	at java.base/jdk.internal.reflect.NativeMethodAccessorImpl.invoke0(Native Method)
	at java.base/jdk.internal.reflect.NativeMethodAccessorImpl.invoke(NativeMethodAccessorImpl.java:62)
	at java.base/jdk.internal.reflect.DelegatingMethodAccessorImpl.invoke(DelegatingMethodAccessorImpl.java:43)
	at java.base/java.lang.reflect.Method.invoke(Method.java:566)
	at tcl.lang.reflect.PkgInvoker.invokeMethod(PkgInvoker.java:129)
	at tcl.lang.JavaInvoke.call(JavaInvoke.java:253)
	at tcl.lang.JavaInvoke.callMethod(JavaInvoke.java:116)
	at tcl.lang.ReflectObject.cmdProc(ReflectObject.java:727)
	at tcl.lang.Parser.evalObjv(Parser.java:740)
	at tcl.lang.Parser.eval2(Parser.java:1138)
	at tcl.lang.Parser.evalTokens(Parser.java:930)
	at tcl.lang.Parser.eval2(Parser.java:1125)
	at tcl.lang.Parser.evalTokens(Parser.java:930)
	at tcl.lang.Parser.eval2(Parser.java:1125)
	at tcl.lang.Interp.eval(Interp.java:1782)
	at tcl.lang.Interp.eval(Interp.java:1841)
	at tcl.lang.UplevelCmd.cmdProc(UplevelCmd.java:93)
	at tcl.lang.AutoloadStub.cmdProc(Extension.java:144)
	at tcl.lang.Parser.evalObjv(Parser.java:740)
	at tcl.lang.Parser.eval2(Parser.java:1138)
	at tcl.lang.Interp.eval(Interp.java:1782)
	at tcl.lang.Interp.eval(Interp.java:1841)
	at tcl.lang.CatchCmd.cmdProc(CatchCmd.java:42)
	at tcl.lang.Parser.evalObjv(Parser.java:740)
	at tcl.lang.Parser.eval2(Parser.java:1138)
	at tcl.lang.Parser.evalTokens(Parser.java:930)
	at tcl.lang.Parser.eval2(Parser.java:1125)
	at tcl.lang.Procedure.cmdProc(Procedure.java:175)
	at tcl.lang.Parser.evalObjv(Parser.java:740)
	at tcl.lang.Parser.eval2(Parser.java:1138)
	at tcl.lang.Interp.eval(Interp.java:1782)
	at tcl.lang.Interp.eval(Interp.java:1841)
	at tcl.lang.ForeachCmd.cmdProc(ForeachCmd.java:116)
	at tcl.lang.AutoloadStub.cmdProc(Extension.java:144)
	at tcl.lang.Parser.evalObjv(Parser.java:740)
	at tcl.lang.Parser.eval2(Parser.java:1138)
	at tcl.lang.Interp.eval(Interp.java:1782)
	at tcl.lang.Interp.evalFile(Interp.java:1880)
	at java.base/jdk.internal.reflect.NativeMethodAccessorImpl.invoke0(Native Method)
	at java.base/jdk.internal.reflect.NativeMethodAccessorImpl.invoke(NativeMethodAccessorImpl.java:62)
	at java.base/jdk.internal.reflect.DelegatingMethodAccessorImpl.invoke(DelegatingMethodAccessorImpl.java:43)
	at java.base/java.lang.reflect.Method.invoke(Method.java:566)
	at ptolemy.util.test.junit.TclTests.RunTclFile(TclTests.java:233)
	at java.base/jdk.internal.reflect.NativeMethodAccessorImpl.invoke0(Native Method)
	at java.base/jdk.internal.reflect.NativeMethodAccessorImpl.invoke(NativeMethodAccessorImpl.java:62)
	at java.base/jdk.internal.reflect.DelegatingMethodAccessorImpl.invoke(DelegatingMethodAccessorImpl.java:43)
	at java.base/java.lang.reflect.Method.invoke(Method.java:566)
	at org.junit.runners.model.FrameworkMethod$1.runReflectiveCall(FrameworkMethod.java:44)
	at org.junit.internal.runners.model.ReflectiveCallable.run(ReflectiveCallable.java:15)
	at org.junit.runners.model.FrameworkMethod.invokeExplosively(FrameworkMethod.java:41)
	at junitparams.internal.InvokeParameterisedMethod.evaluate(InvokeParameterisedMethod.java:102)
	at junitparams.internal.ParameterisedTestMethodRunner.runMethodInvoker(ParameterisedTestMethodRunner.java:47)
	at junitparams.internal.ParameterisedTestMethodRunner.runTestMethod(ParameterisedTestMethodRunner.java:41)
	at junitparams.internal.ParameterisedTestClassRunner.runParameterisedTest(ParameterisedTestClassRunner.java:143)
	at junitparams.JUnitParamsRunner.runChild(JUnitParamsRunner.java:237)
	at junitparams.JUnitParamsRunner.runChild(JUnitParamsRunner.java:215)
	at org.junit.runners.ParentRunner$3.run(ParentRunner.java:193)
	at org.junit.runners.ParentRunner$1.schedule(ParentRunner.java:52)
	at org.junit.runners.ParentRunner.runChildren(ParentRunner.java:191)
	at org.junit.runners.ParentRunner.access$000(ParentRunner.java:42)
	at org.junit.runners.ParentRunner$2.evaluate(ParentRunner.java:184)
	at org.junit.internal.runners.statements.RunAfters.evaluate(RunAfters.java:31)
	at org.junit.runners.ParentRunner.run(ParentRunner.java:236)
	at org.junit.runners.Suite.runChild(Suite.java:128)
	at org.junit.runners.Suite.runChild(Suite.java:24)
	at org.junit.runners.ParentRunner$3.run(ParentRunner.java:193)
	at org.junit.runners.ParentRunner$1.schedule(ParentRunner.java:52)
	at org.junit.runners.ParentRunner.runChildren(ParentRunner.java:191)
	at org.junit.runners.ParentRunner.access$000(ParentRunner.java:42)
	at org.junit.runners.ParentRunner$2.evaluate(ParentRunner.java:184)
	at org.junit.runners.ParentRunner.run(ParentRunner.java:236)
	at junit.framework.JUnit4TestAdapter.run(JUnit4TestAdapter.java:39)
	at org.apache.tools.ant.taskdefs.optional.junit.JUnitTestRunner.run(JUnitTestRunner.java:535)
	at org.apache.tools.ant.taskdefs.optional.junit.JUnitTestRunner.launch(JUnitTestRunner.java:1182)
	at org.apache.tools.ant.taskdefs.optional.junit.JUnitTestRunner.main(JUnitTestRunner.java:1033)
 in /home/travis/build/icyphy/ptII/ptolemy/actor/lib/jjs/external/require.js at line number 454 at column number 12
Failed to populate library.
ptolemy.kernel.util.InternalErrorException: Loading accessor failed: AudioCapture.js
  in .configuration.actor library.MoreLibraries.Accessors.audio
Because:
Error evaluating expression:
// Copyright (c) 2015-2017 The Regents of the University of California.
...
  in .configuration.actor library.MoreLibraries.Accessors.audio.AudioCapture.script
Because:
Failed to evaluate script.
  in .configuration.actor library.MoreLibraries.Accessors.audio.AudioCapture
Because:
Error: Error executing module audio line #undefined : ptolemy.actor.lib.jjs.modules.audio.AudioHelper
In file: /home/travis/build/icyphy/ptII/ptolemy/actor/lib/jjs/modules/audio/audio.js

java.lang.ClassNotFoundException: ptolemy.actor.lib.jjs.modules.audio.AudioHelper
	at java.base/jdk.internal.loader.BuiltinClassLoader.loadClass(BuiltinClassLoader.java:583)
	at java.base/jdk.internal.loader.ClassLoaders$AppClassLoader.loadClass(ClassLoaders.java:178)
	at java.base/java.lang.ClassLoader.loadClass(ClassLoader.java:521)
	at java.base/java.lang.Class.forName0(Native Method)
	at java.base/java.lang.Class.forName(Class.java:398)
	at jdk.scripting.nashorn/jdk.nashorn.internal.runtime.Context.findClass(Context.java:1180)
	at jdk.scripting.nashorn/jdk.nashorn.internal.objects.NativeJava.simpleType(NativeJava.java:546)
	at jdk.scripting.nashorn/jdk.nashorn.internal.objects.NativeJava.type(NativeJava.java:326)
	at jdk.scripting.nashorn/jdk.nashorn.internal.objects.NativeJava.type(NativeJava.java:318)
	at jdk.scripting.nashorn/jdk.nashorn.internal.objects.NativeJava.type(NativeJava.java:314)
	at jdk.scripting.nashorn.scripts/jdk.nashorn.internal.scripts.Script$Recompilation$2279$require.L:1(/home/travis/build/icyphy/ptII/ptolemy/actor/lib/jjs/external/require.js#409:30<eval>:48)
	at jdk.scripting.nashorn.scripts/jdk.nashorn.internal.scripts.Script$Recompilation$2189$require.L:45#_require(/home/travis/build/icyphy/ptII/ptolemy/actor/lib/jjs/external/require.js:429)
	at jdk.scripting.nashorn.scripts/jdk.nashorn.internal.scripts.Script$Recompilation$2193$21065A$require.L:45#_requireClosure#L:466(/home/travis/build/icyphy/ptII/ptolemy/actor/lib/jjs/external/require.js:467)
	at jdk.scripting.nashorn.scripts/jdk.nashorn.internal.scripts.Script$Recompilation$2267$1AAAAAAAAAAAAAA$\^function\_.L:1(<function>:97)
	at jdk.scripting.nashorn.scripts/jdk.nashorn.internal.scripts.Script$Recompilation$2266$17933AAAAAA$require$cu1$restOf.L:1#Accessor(/home/travis/build/icyphy/ptII/ptolemy/actor/lib/jjs/external/require.js#409:30<eval>:545)
	at jdk.scripting.nashorn.scripts/jdk.nashorn.internal.scripts.Script$Recompilation$2252$2801AAA$\^eval\_.evaluateCode(<eval>:96)
	at jdk.scripting.nashorn/jdk.nashorn.internal.runtime.ScriptFunctionData.invoke(ScriptFunctionData.java:661)
	at jdk.scripting.nashorn/jdk.nashorn.internal.runtime.ScriptFunction.invoke(ScriptFunction.java:513)
	at jdk.scripting.nashorn/jdk.nashorn.internal.runtime.ScriptRuntime.apply(ScriptRuntime.java:527)
	at jdk.scripting.nashorn/jdk.nashorn.api.scripting.ScriptObjectMirror.callMember(ScriptObjectMirror.java:202)
	at jdk.scripting.nashorn/jdk.nashorn.api.scripting.NashornScriptEngine.invokeImpl(NashornScriptEngine.java:393)
	at jdk.scripting.nashorn/jdk.nashorn.api.scripting.NashornScriptEngine.invokeFunction(NashornScriptEngine.java:197)
	at ptolemy.actor.lib.jjs.JavaScript._createEngineAndEvaluateSetup(JavaScript.java:2493)
	at ptolemy.actor.lib.jjs.JavaScript.attributeChanged(JavaScript.java:548)
	at org.terraswarm.accessor.JSAccessor.attributeChanged(JSAccessor.java:312)
	at ptolemy.data.expr.Variable._setTokenAndNotify(Variable.java:2271)
	at ptolemy.data.expr.Variable._evaluate(Variable.java:1873)
	at ptolemy.data.expr.Variable._propagate(Variable.java:1984)
	at ptolemy.data.expr.Variable.validate(Variable.java:1596)
	at ptolemy.moml.MoMLParser.endDocument(MoMLParser.java:867)
	at com.microstar.xml.XmlParser.doParse(XmlParser.java:162)
	at com.microstar.xml.XmlParser.parse(XmlParser.java:132)
	at ptolemy.moml.MoMLParser.parse(MoMLParser.java:1676)
	at ptolemy.moml.MoMLParser.parse(MoMLParser.java:1617)
	at ptolemy.moml.MoMLParser.parse(MoMLParser.java:1792)
	at org.terraswarm.accessor.AccessorLibrary.populate(AccessorLibrary.java:194)
	at ptolemy.moml.EntityLibrary.classDefinitionList(EntityLibrary.java:307)
	at ptolemy.kernel.CompositeEntity._description(CompositeEntity.java:2292)
	at ptolemy.kernel.CompositeEntity._description(CompositeEntity.java:2307)
	at ptolemy.kernel.CompositeEntity._description(CompositeEntity.java:2307)
	at ptolemy.kernel.CompositeEntity._description(CompositeEntity.java:2307)
	at ptolemy.kernel.CompositeEntity._description(CompositeEntity.java:2307)
	at ptolemy.kernel.util.NamedObj.description(NamedObj.java:731)
	at ptolemy.kernel.util.NamedObj.description(NamedObj.java:715)
	at java.base/jdk.internal.reflect.NativeMethodAccessorImpl.invoke0(Native Method)
	at java.base/jdk.internal.reflect.NativeMethodAccessorImpl.invoke(NativeMethodAccessorImpl.java:62)
	at java.base/jdk.internal.reflect.DelegatingMethodAccessorImpl.invoke(DelegatingMethodAccessorImpl.java:43)
	at java.base/java.lang.reflect.Method.invoke(Method.java:566)
	at tcl.lang.reflect.PkgInvoker.invokeMethod(PkgInvoker.java:129)
	at tcl.lang.JavaInvoke.call(JavaInvoke.java:253)
	at tcl.lang.JavaInvoke.callMethod(JavaInvoke.java:116)
	at tcl.lang.ReflectObject.cmdProc(ReflectObject.java:727)
	at tcl.lang.Parser.evalObjv(Parser.java:740)
	at tcl.lang.Parser.eval2(Parser.java:1138)
	at tcl.lang.Parser.evalTokens(Parser.java:930)
	at tcl.lang.Parser.eval2(Parser.java:1125)
	at tcl.lang.Parser.evalTokens(Parser.java:930)
	at tcl.lang.Parser.eval2(Parser.java:1125)
	at tcl.lang.Interp.eval(Interp.java:1782)
	at tcl.lang.Interp.eval(Interp.java:1841)
	at tcl.lang.UplevelCmd.cmdProc(UplevelCmd.java:93)
	at tcl.lang.AutoloadStub.cmdProc(Extension.java:144)
	at tcl.lang.Parser.evalObjv(Parser.java:740)
	at tcl.lang.Parser.eval2(Parser.java:1138)
	at tcl.lang.Interp.eval(Interp.java:1782)
	at tcl.lang.Interp.eval(Interp.java:1841)
	at tcl.lang.CatchCmd.cmdProc(CatchCmd.java:42)
	at tcl.lang.Parser.evalObjv(Parser.java:740)
	at tcl.lang.Parser.eval2(Parser.java:1138)
	at tcl.lang.Parser.evalTokens(Parser.java:930)
	at tcl.lang.Parser.eval2(Parser.java:1125)
	at tcl.lang.Procedure.cmdProc(Procedure.java:175)
	at tcl.lang.Parser.evalObjv(Parser.java:740)
	at tcl.lang.Parser.eval2(Parser.java:1138)
	at tcl.lang.Interp.eval(Interp.java:1782)
	at tcl.lang.Interp.eval(Interp.java:1841)
	at tcl.lang.ForeachCmd.cmdProc(ForeachCmd.java:116)
	at tcl.lang.AutoloadStub.cmdProc(Extension.java:144)
	at tcl.lang.Parser.evalObjv(Parser.java:740)
	at tcl.lang.Parser.eval2(Parser.java:1138)
	at tcl.lang.Interp.eval(Interp.java:1782)
	at tcl.lang.Interp.evalFile(Interp.java:1880)
	at java.base/jdk.internal.reflect.NativeMethodAccessorImpl.invoke0(Native Method)
	at java.base/jdk.internal.reflect.NativeMethodAccessorImpl.invoke(NativeMethodAccessorImpl.java:62)
	at java.base/jdk.internal.reflect.DelegatingMethodAccessorImpl.invoke(DelegatingMethodAccessorImpl.java:43)
	at java.base/java.lang.reflect.Method.invoke(Method.java:566)
	at ptolemy.util.test.junit.TclTests.RunTclFile(TclTests.java:233)
	at java.base/jdk.internal.reflect.NativeMethodAccessorImpl.invoke0(Native Method)
	at java.base/jdk.internal.reflect.NativeMethodAccessorImpl.invoke(NativeMethodAccessorImpl.java:62)
	at java.base/jdk.internal.reflect.DelegatingMethodAccessorImpl.invoke(DelegatingMethodAccessorImpl.java:43)
	at java.base/java.lang.reflect.Method.invoke(Method.java:566)
	at org.junit.runners.model.FrameworkMethod$1.runReflectiveCall(FrameworkMethod.java:44)
	at org.junit.internal.runners.model.ReflectiveCallable.run(ReflectiveCallable.java:15)
	at org.junit.runners.model.FrameworkMethod.invokeExplosively(FrameworkMethod.java:41)
	at junitparams.internal.InvokeParameterisedMethod.evaluate(InvokeParameterisedMethod.java:102)
	at junitparams.internal.ParameterisedTestMethodRunner.runMethodInvoker(ParameterisedTestMethodRunner.java:47)
	at junitparams.internal.ParameterisedTestMethodRunner.runTestMethod(ParameterisedTestMethodRunner.java:41)
	at junitparams.internal.ParameterisedTestClassRunner.runParameterisedTest(ParameterisedTestClassRunner.java:143)
	at junitparams.JUnitParamsRunner.runChild(JUnitParamsRunner.java:237)
	at junitparams.JUnitParamsRunner.runChild(JUnitParamsRunner.java:215)
	at org.junit.runners.ParentRunner$3.run(ParentRunner.java:193)
	at org.junit.runners.ParentRunner$1.schedule(ParentRunner.java:52)
	at org.junit.runners.ParentRunner.runChildren(ParentRunner.java:191)
	at org.junit.runners.ParentRunner.access$000(ParentRunner.java:42)
	at org.junit.runners.ParentRunner$2.evaluate(ParentRunner.java:184)
	at org.junit.internal.runners.statements.RunAfters.evaluate(RunAfters.java:31)
	at org.junit.runners.ParentRunner.run(ParentRunner.java:236)
	at org.junit.runners.Suite.runChild(Suite.java:128)
	at org.junit.runners.Suite.runChild(Suite.java:24)
	at org.junit.runners.ParentRunner$3.run(ParentRunner.java:193)
	at org.junit.runners.ParentRunner$1.schedule(ParentRunner.java:52)
	at org.junit.runners.ParentRunner.runChildren(ParentRunner.java:191)
	at org.junit.runners.ParentRunner.access$000(ParentRunner.java:42)
	at org.junit.runners.ParentRunner$2.evaluate(ParentRunner.java:184)
	at org.junit.runners.ParentRunner.run(ParentRunner.java:236)
	at junit.framework.JUnit4TestAdapter.run(JUnit4TestAdapter.java:39)
	at org.apache.tools.ant.taskdefs.optional.junit.JUnitTestRunner.run(JUnitTestRunner.java:535)
	at org.apache.tools.ant.taskdefs.optional.junit.JUnitTestRunner.launch(JUnitTestRunner.java:1182)
	at org.apache.tools.ant.taskdefs.optional.junit.JUnitTestRunner.main(JUnitTestRunner.java:1033)
 in /home/travis/build/icyphy/ptII/ptolemy/actor/lib/jjs/external/require.js at line number 454 at column number 12
  in .configuration.actor library.MoreLibraries.Accessors.audio.AudioCapture.script
Because:
Error evaluating expression:
// Copyright (c) 2015-2017 The Regents of the University of California.
...
  in .configuration.actor library.MoreLibraries.Accessors.audio.AudioCapture.script
Because:
Failed to evaluate script.
  in .configuration.actor library.MoreLibraries.Accessors.audio.AudioCapture
Because:
Error: Error executing module audio line #undefined : ptolemy.actor.lib.jjs.modules.audio.AudioHelper
In file: /home/travis/build/icyphy/ptII/ptolemy/actor/lib/jjs/modules/audio/audio.js

java.lang.ClassNotFoundException: ptolemy.actor.lib.jjs.modules.audio.AudioHelper
	at java.base/jdk.internal.loader.BuiltinClassLoader.loadClass(BuiltinClassLoader.java:583)
	at java.base/jdk.internal.loader.ClassLoaders$AppClassLoader.loadClass(ClassLoaders.java:178)
	at java.base/java.lang.ClassLoader.loadClass(ClassLoader.java:521)
	at java.base/java.lang.Class.forName0(Native Method)
	at java.base/java.lang.Class.forName(Class.java:398)
	at jdk.scripting.nashorn/jdk.nashorn.internal.runtime.Context.findClass(Context.java:1180)
	at jdk.scripting.nashorn/jdk.nashorn.internal.objects.NativeJava.simpleType(NativeJava.java:546)
	at jdk.scripting.nashorn/jdk.nashorn.internal.objects.NativeJava.type(NativeJava.java:326)
	at jdk.scripting.nashorn/jdk.nashorn.internal.objects.NativeJava.type(NativeJava.java:318)
	at jdk.scripting.nashorn/jdk.nashorn.internal.objects.NativeJava.type(NativeJava.java:314)
	at jdk.scripting.nashorn.scripts/jdk.nashorn.internal.scripts.Script$Recompilation$2279$require.L:1(/home/travis/build/icyphy/ptII/ptolemy/actor/lib/jjs/external/require.js#409:30<eval>:48)
	at jdk.scripting.nashorn.scripts/jdk.nashorn.internal.scripts.Script$Recompilation$2189$require.L:45#_require(/home/travis/build/icyphy/ptII/ptolemy/actor/lib/jjs/external/require.js:429)
	at jdk.scripting.nashorn.scripts/jdk.nashorn.internal.scripts.Script$Recompilation$2193$21065A$require.L:45#_requireClosure#L:466(/home/travis/build/icyphy/ptII/ptolemy/actor/lib/jjs/external/require.js:467)
	at jdk.scripting.nashorn.scripts/jdk.nashorn.internal.scripts.Script$Recompilation$2267$1AAAAAAAAAAAAAA$\^function\_.L:1(<function>:97)
	at jdk.scripting.nashorn.scripts/jdk.nashorn.internal.scripts.Script$Recompilation$2266$17933AAAAAA$require$cu1$restOf.L:1#Accessor(/home/travis/build/icyphy/ptII/ptolemy/actor/lib/jjs/external/require.js#409:30<eval>:545)
	at jdk.scripting.nashorn.scripts/jdk.nashorn.internal.scripts.Script$Recompilation$2252$2801AAA$\^eval\_.evaluateCode(<eval>:96)
	at jdk.scripting.nashorn/jdk.nashorn.internal.runtime.ScriptFunctionData.invoke(ScriptFunctionData.java:661)
	at jdk.scripting.nashorn/jdk.nashorn.internal.runtime.ScriptFunction.invoke(ScriptFunction.java:513)
	at jdk.scripting.nashorn/jdk.nashorn.internal.runtime.ScriptRuntime.apply(ScriptRuntime.java:527)
	at jdk.scripting.nashorn/jdk.nashorn.api.scripting.ScriptObjectMirror.callMember(ScriptObjectMirror.java:202)
	at jdk.scripting.nashorn/jdk.nashorn.api.scripting.NashornScriptEngine.invokeImpl(NashornScriptEngine.java:393)
	at jdk.scripting.nashorn/jdk.nashorn.api.scripting.NashornScriptEngine.invokeFunction(NashornScriptEngine.java:197)
	at ptolemy.actor.lib.jjs.JavaScript._createEngineAndEvaluateSetup(JavaScript.java:2493)
	at ptolemy.actor.lib.jjs.JavaScript.attributeChanged(JavaScript.java:548)
	at org.terraswarm.accessor.JSAccessor.attributeChanged(JSAccessor.java:312)
	at ptolemy.data.expr.Variable._setTokenAndNotify(Variable.java:2271)
	at ptolemy.data.expr.Variable._evaluate(Variable.java:1873)
	at ptolemy.data.expr.Variable._propagate(Variable.java:1984)
	at ptolemy.data.expr.Variable.validate(Variable.java:1596)
	at ptolemy.moml.MoMLParser.endDocument(MoMLParser.java:867)
	at com.microstar.xml.XmlParser.doParse(XmlParser.java:162)
	at com.microstar.xml.XmlParser.parse(XmlParser.java:132)
	at ptolemy.moml.MoMLParser.parse(MoMLParser.java:1676)
	at ptolemy.moml.MoMLParser.parse(MoMLParser.java:1617)
	at ptolemy.moml.MoMLParser.parse(MoMLParser.java:1792)
	at org.terraswarm.accessor.AccessorLibrary.populate(AccessorLibrary.java:194)
	at ptolemy.moml.EntityLibrary.classDefinitionList(EntityLibrary.java:307)
	at ptolemy.kernel.CompositeEntity._description(CompositeEntity.java:2292)
	at ptolemy.kernel.CompositeEntity._description(CompositeEntity.java:2307)
	at ptolemy.kernel.CompositeEntity._description(CompositeEntity.java:2307)
	at ptolemy.kernel.CompositeEntity._description(CompositeEntity.java:2307)
	at ptolemy.kernel.CompositeEntity._description(CompositeEntity.java:2307)
	at ptolemy.kernel.util.NamedObj.description(NamedObj.java:731)
	at ptolemy.kernel.util.NamedObj.description(NamedObj.java:715)
	at java.base/jdk.internal.reflect.NativeMethodAccessorImpl.invoke0(Native Method)
	at java.base/jdk.internal.reflect.NativeMethodAccessorImpl.invoke(NativeMethodAccessorImpl.java:62)
	at java.base/jdk.internal.reflect.DelegatingMethodAccessorImpl.invoke(DelegatingMethodAccessorImpl.java:43)
	at java.base/java.lang.reflect.Method.invoke(Method.java:566)
	at tcl.lang.reflect.PkgInvoker.invokeMethod(PkgInvoker.java:129)
	at tcl.lang.JavaInvoke.call(JavaInvoke.java:253)
	at tcl.lang.JavaInvoke.callMethod(JavaInvoke.java:116)
	at tcl.lang.ReflectObject.cmdProc(ReflectObject.java:727)
	at tcl.lang.Parser.evalObjv(Parser.java:740)
	at tcl.lang.Parser.eval2(Parser.java:1138)
	at tcl.lang.Parser.evalTokens(Parser.java:930)
	at tcl.lang.Parser.eval2(Parser.java:1125)
	at tcl.lang.Parser.evalTokens(Parser.java:930)
	at tcl.lang.Parser.eval2(Parser.java:1125)
	at tcl.lang.Interp.eval(Interp.java:1782)
	at tcl.lang.Interp.eval(Interp.java:1841)
	at tcl.lang.UplevelCmd.cmdProc(UplevelCmd.java:93)
	at tcl.lang.AutoloadStub.cmdProc(Extension.java:144)
	at tcl.lang.Parser.evalObjv(Parser.java:740)
	at tcl.lang.Parser.eval2(Parser.java:1138)
	at tcl.lang.Interp.eval(Interp.java:1782)
	at tcl.lang.Interp.eval(Interp.java:1841)
	at tcl.lang.CatchCmd.cmdProc(CatchCmd.java:42)
	at tcl.lang.Parser.evalObjv(Parser.java:740)
	at tcl.lang.Parser.eval2(Parser.java:1138)
	at tcl.lang.Parser.evalTokens(Parser.java:930)
	at tcl.lang.Parser.eval2(Parser.java:1125)
	at tcl.lang.Procedure.cmdProc(Procedure.java:175)
	at tcl.lang.Parser.evalObjv(Parser.java:740)
	at tcl.lang.Parser.eval2(Parser.java:1138)
	at tcl.lang.Interp.eval(Interp.java:1782)
	at tcl.lang.Interp.eval(Interp.java:1841)
	at tcl.lang.ForeachCmd.cmdProc(ForeachCmd.java:116)
	at tcl.lang.AutoloadStub.cmdProc(Extension.java:144)
	at tcl.lang.Parser.evalObjv(Parser.java:740)
	at tcl.lang.Parser.eval2(Parser.java:1138)
	at tcl.lang.Interp.eval(Interp.java:1782)
	at tcl.lang.Interp.evalFile(Interp.java:1880)
	at java.base/jdk.internal.reflect.NativeMethodAccessorImpl.invoke0(Native Method)
	at java.base/jdk.internal.reflect.NativeMethodAccessorImpl.invoke(NativeMethodAccessorImpl.java:62)
	at java.base/jdk.internal.reflect.DelegatingMethodAccessorImpl.invoke(DelegatingMethodAccessorImpl.java:43)
	at java.base/java.lang.reflect.Method.invoke(Method.java:566)
	at ptolemy.util.test.junit.TclTests.RunTclFile(TclTests.java:233)
	at java.base/jdk.internal.reflect.NativeMethodAccessorImpl.invoke0(Native Method)
	at java.base/jdk.internal.reflect.NativeMethodAccessorImpl.invoke(NativeMethodAccessorImpl.java:62)
	at java.base/jdk.internal.reflect.DelegatingMethodAccessorImpl.invoke(DelegatingMethodAccessorImpl.java:43)
	at java.base/java.lang.reflect.Method.invoke(Method.java:566)
	at org.junit.runners.model.FrameworkMethod$1.runReflectiveCall(FrameworkMethod.java:44)
	at org.junit.internal.runners.model.ReflectiveCallable.run(ReflectiveCallable.java:15)
	at org.junit.runners.model.FrameworkMethod.invokeExplosively(FrameworkMethod.java:41)
	at junitparams.internal.InvokeParameterisedMethod.evaluate(InvokeParameterisedMethod.java:102)
	at junitparams.internal.ParameterisedTestMethodRunner.runMethodInvoker(ParameterisedTestMethodRunner.java:47)
	at junitparams.internal.ParameterisedTestMethodRunner.runTestMethod(ParameterisedTestMethodRunner.java:41)
	at junitparams.internal.ParameterisedTestClassRunner.runParameterisedTest(ParameterisedTestClassRunner.java:143)
	at junitparams.JUnitParamsRunner.runChild(JUnitParamsRunner.java:237)
	at junitparams.JUnitParamsRunner.runChild(JUnitParamsRunner.java:215)
	at org.junit.runners.ParentRunner$3.run(ParentRunner.java:193)
	at org.junit.runners.ParentRunner$1.schedule(ParentRunner.java:52)
	at org.junit.runners.ParentRunner.runChildren(ParentRunner.java:191)
	at org.junit.runners.ParentRunner.access$000(ParentRunner.java:42)
	at org.junit.runners.ParentRunner$2.evaluate(ParentRunner.java:184)
	at org.junit.internal.runners.statements.RunAfters.evaluate(RunAfters.java:31)
	at org.junit.runners.ParentRunner.run(ParentRunner.java:236)
	at org.junit.runners.Suite.runChild(Suite.java:128)
	at org.junit.runners.Suite.runChild(Suite.java:24)
	at org.junit.runners.ParentRunner$3.run(ParentRunner.java:193)
	at org.junit.runners.ParentRunner$1.schedule(ParentRunner.java:52)
	at org.junit.runners.ParentRunner.runChildren(ParentRunner.java:191)
	at org.junit.runners.ParentRunner.access$000(ParentRunner.java:42)
	at org.junit.runners.ParentRunner$2.evaluate(ParentRunner.java:184)
	at org.junit.runners.ParentRunner.run(ParentRunner.java:236)
	at junit.framework.JUnit4TestAdapter.run(JUnit4TestAdapter.java:39)
	at org.apache.tools.ant.taskdefs.optional.junit.JUnitTestRunner.run(JUnitTestRunner.java:535)
	at org.apache.tools.ant.taskdefs.optional.junit.JUnitTestRunner.launch(JUnitTestRunner.java:1182)
	at org.apache.tools.ant.taskdefs.optional.junit.JUnitTestRunner.main(JUnitTestRunner.java:1033)
 in /home/travis/build/icyphy/ptII/ptolemy/actor/lib/jjs/external/require.js at line number 454 at column number 12
	at org.terraswarm.accessor.AccessorLibrary.populate(AccessorLibrary.java:224)
	at ptolemy.moml.EntityLibrary.classDefinitionList(EntityLibrary.java:307)
	at ptolemy.kernel.CompositeEntity._description(CompositeEntity.java:2292)
	at ptolemy.kernel.CompositeEntity._description(CompositeEntity.java:2307)
	at ptolemy.kernel.CompositeEntity._description(CompositeEntity.java:2307)
	at ptolemy.kernel.CompositeEntity._description(CompositeEntity.java:2307)
	at ptolemy.kernel.CompositeEntity._description(CompositeEntity.java:2307)
	at ptolemy.kernel.util.NamedObj.description(NamedObj.java:731)
	at ptolemy.kernel.util.NamedObj.description(NamedObj.java:715)
	at java.base/jdk.internal.reflect.NativeMethodAccessorImpl.invoke0(Native Method)
	at java.base/jdk.internal.reflect.NativeMethodAccessorImpl.invoke(NativeMethodAccessorImpl.java:62)
	at java.base/jdk.internal.reflect.DelegatingMethodAccessorImpl.invoke(DelegatingMethodAccessorImpl.java:43)
	at java.base/java.lang.reflect.Method.invoke(Method.java:566)
	at tcl.lang.reflect.PkgInvoker.invokeMethod(PkgInvoker.java:129)
	at tcl.lang.JavaInvoke.call(JavaInvoke.java:253)
	at tcl.lang.JavaInvoke.callMethod(JavaInvoke.java:116)
	at tcl.lang.ReflectObject.cmdProc(ReflectObject.java:727)
	at tcl.lang.Parser.evalObjv(Parser.java:740)
	at tcl.lang.Parser.eval2(Parser.java:1138)
	at tcl.lang.Parser.evalTokens(Parser.java:930)
	at tcl.lang.Parser.eval2(Parser.java:1125)
	at tcl.lang.Parser.evalTokens(Parser.java:930)
	at tcl.lang.Parser.eval2(Parser.java:1125)
	at tcl.lang.Interp.eval(Interp.java:1782)
	at tcl.lang.Interp.eval(Interp.java:1841)
	at tcl.lang.UplevelCmd.cmdProc(UplevelCmd.java:93)
	at tcl.lang.AutoloadStub.cmdProc(Extension.java:144)
	at tcl.lang.Parser.evalObjv(Parser.java:740)
	at tcl.lang.Parser.eval2(Parser.java:1138)
	at tcl.lang.Interp.eval(Interp.java:1782)
	at tcl.lang.Interp.eval(Interp.java:1841)
	at tcl.lang.CatchCmd.cmdProc(CatchCmd.java:42)
	at tcl.lang.Parser.evalObjv(Parser.java:740)
	at tcl.lang.Parser.eval2(Parser.java:1138)
	at tcl.lang.Parser.evalTokens(Parser.java:930)
	at tcl.lang.Parser.eval2(Parser.java:1125)
	at tcl.lang.Procedure.cmdProc(Procedure.java:175)
	at tcl.lang.Parser.evalObjv(Parser.java:740)
	at tcl.lang.Parser.eval2(Parser.java:1138)
	at tcl.lang.Interp.eval(Interp.java:1782)
	at tcl.lang.Interp.eval(Interp.java:1841)
	at tcl.lang.ForeachCmd.cmdProc(ForeachCmd.java:116)
	at tcl.lang.AutoloadStub.cmdProc(Extension.java:144)
	at tcl.lang.Parser.evalObjv(Parser.java:740)
	at tcl.lang.Parser.eval2(Parser.java:1138)
	at tcl.lang.Interp.eval(Interp.java:1782)
	at tcl.lang.Interp.evalFile(Interp.java:1880)
	at java.base/jdk.internal.reflect.NativeMethodAccessorImpl.invoke0(Native Method)
	at java.base/jdk.internal.reflect.NativeMethodAccessorImpl.invoke(NativeMethodAccessorImpl.java:62)
	at java.base/jdk.internal.reflect.DelegatingMethodAccessorImpl.invoke(DelegatingMethodAccessorImpl.java:43)
	at java.base/java.lang.reflect.Method.invoke(Method.java:566)
	at ptolemy.util.test.junit.TclTests.RunTclFile(TclTests.java:233)
	at java.base/jdk.internal.reflect.NativeMethodAccessorImpl.invoke0(Native Method)
	at java.base/jdk.internal.reflect.NativeMethodAccessorImpl.invoke(NativeMethodAccessorImpl.java:62)
	at java.base/jdk.internal.reflect.DelegatingMethodAccessorImpl.invoke(DelegatingMethodAccessorImpl.java:43)
	at java.base/java.lang.reflect.Method.invoke(Method.java:566)
	at org.junit.runners.model.FrameworkMethod$1.runReflectiveCall(FrameworkMethod.java:44)
	at org.junit.internal.runners.model.ReflectiveCallable.run(ReflectiveCallable.java:15)
	at org.junit.runners.model.FrameworkMethod.invokeExplosively(FrameworkMethod.java:41)
	at junitparams.internal.InvokeParameterisedMethod.evaluate(InvokeParameterisedMethod.java:102)
	at junitparams.internal.ParameterisedTestMethodRunner.runMethodInvoker(ParameterisedTestMethodRunner.java:47)
	at junitparams.internal.ParameterisedTestMethodRunner.runTestMethod(ParameterisedTestMethodRunner.java:41)
	at junitparams.internal.ParameterisedTestClassRunner.runParameterisedTest(ParameterisedTestClassRunner.java:143)
	at junitparams.JUnitParamsRunner.runChild(JUnitParamsRunner.java:237)
	at junitparams.JUnitParamsRunner.runChild(JUnitParamsRunner.java:215)
	at org.junit.runners.ParentRunner$3.run(ParentRunner.java:193)
	at org.junit.runners.ParentRunner$1.schedule(ParentRunner.java:52)
	at org.junit.runners.ParentRunner.runChildren(ParentRunner.java:191)
	at org.junit.runners.ParentRunner.access$000(ParentRunner.java:42)
	at org.junit.runners.ParentRunner$2.evaluate(ParentRunner.java:184)
	at org.junit.internal.runners.statements.RunAfters.evaluate(RunAfters.java:31)
	at org.junit.runners.ParentRunner.run(ParentRunner.java:236)
	at org.junit.runners.Suite.runChild(Suite.java:128)
	at org.junit.runners.Suite.runChild(Suite.java:24)
	at org.junit.runners.ParentRunner$3.run(ParentRunner.java:193)
	at org.junit.runners.ParentRunner$1.schedule(ParentRunner.java:52)
	at org.junit.runners.ParentRunner.runChildren(ParentRunner.java:191)
	at org.junit.runners.ParentRunner.access$000(ParentRunner.java:42)
	at org.junit.runners.ParentRunner$2.evaluate(ParentRunner.java:184)
	at org.junit.runners.ParentRunner.run(ParentRunner.java:236)
	at junit.framework.JUnit4TestAdapter.run(JUnit4TestAdapter.java:39)
	at org.apache.tools.ant.taskdefs.optional.junit.JUnitTestRunner.run(JUnitTestRunner.java:535)
	at org.apache.tools.ant.taskdefs.optional.junit.JUnitTestRunner.launch(JUnitTestRunner.java:1182)
	at org.apache.tools.ant.taskdefs.optional.junit.JUnitTestRunner.main(JUnitTestRunner.java:1033)
Caused by: ptolemy.kernel.util.IllegalActionException: Error evaluating expression:
// Copyright (c) 2015-2017 The Regents of the University of California.
...
  in .configuration.actor library.MoreLibraries.Accessors.audio.AudioCapture.script
Because:
Failed to evaluate script.
  in .configuration.actor library.MoreLibraries.Accessors.audio.AudioCapture
Because:
Error: Error executing module audio line #undefined : ptolemy.actor.lib.jjs.modules.audio.AudioHelper
In file: /home/travis/build/icyphy/ptII/ptolemy/actor/lib/jjs/modules/audio/audio.js

java.lang.ClassNotFoundException: ptolemy.actor.lib.jjs.modules.audio.AudioHelper
	at java.base/jdk.internal.loader.BuiltinClassLoader.loadClass(BuiltinClassLoader.java:583)
	at java.base/jdk.internal.loader.ClassLoaders$AppClassLoader.loadClass(ClassLoaders.java:178)
	at java.base/java.lang.ClassLoader.loadClass(ClassLoader.java:521)
	at java.base/java.lang.Class.forName0(Native Method)
	at java.base/java.lang.Class.forName(Class.java:398)
	at jdk.scripting.nashorn/jdk.nashorn.internal.runtime.Context.findClass(Context.java:1180)
	at jdk.scripting.nashorn/jdk.nashorn.internal.objects.NativeJava.simpleType(NativeJava.java:546)
	at jdk.scripting.nashorn/jdk.nashorn.internal.objects.NativeJava.type(NativeJava.java:326)
	at jdk.scripting.nashorn/jdk.nashorn.internal.objects.NativeJava.type(NativeJava.java:318)
	at jdk.scripting.nashorn/jdk.nashorn.internal.objects.NativeJava.type(NativeJava.java:314)
	at jdk.scripting.nashorn.scripts/jdk.nashorn.internal.scripts.Script$Recompilation$2279$require.L:1(/home/travis/build/icyphy/ptII/ptolemy/actor/lib/jjs/external/require.js#409:30<eval>:48)
	at jdk.scripting.nashorn.scripts/jdk.nashorn.internal.scripts.Script$Recompilation$2189$require.L:45#_require(/home/travis/build/icyphy/ptII/ptolemy/actor/lib/jjs/external/require.js:429)
	at jdk.scripting.nashorn.scripts/jdk.nashorn.internal.scripts.Script$Recompilation$2193$21065A$require.L:45#_requireClosure#L:466(/home/travis/build/icyphy/ptII/ptolemy/actor/lib/jjs/external/require.js:467)
	at jdk.scripting.nashorn.scripts/jdk.nashorn.internal.scripts.Script$Recompilation$2267$1AAAAAAAAAAAAAA$\^function\_.L:1(<function>:97)
	at jdk.scripting.nashorn.scripts/jdk.nashorn.internal.scripts.Script$Recompilation$2266$17933AAAAAA$require$cu1$restOf.L:1#Accessor(/home/travis/build/icyphy/ptII/ptolemy/actor/lib/jjs/external/require.js#409:30<eval>:545)
	at jdk.scripting.nashorn.scripts/jdk.nashorn.internal.scripts.Script$Recompilation$2252$2801AAA$\^eval\_.evaluateCode(<eval>:96)
	at jdk.scripting.nashorn/jdk.nashorn.internal.runtime.ScriptFunctionData.invoke(ScriptFunctionData.java:661)
	at jdk.scripting.nashorn/jdk.nashorn.internal.runtime.ScriptFunction.invoke(ScriptFunction.java:513)
	at jdk.scripting.nashorn/jdk.nashorn.internal.runtime.ScriptRuntime.apply(ScriptRuntime.java:527)
	at jdk.scripting.nashorn/jdk.nashorn.api.scripting.ScriptObjectMirror.callMember(ScriptObjectMirror.java:202)
	at jdk.scripting.nashorn/jdk.nashorn.api.scripting.NashornScriptEngine.invokeImpl(NashornScriptEngine.java:393)
	at jdk.scripting.nashorn/jdk.nashorn.api.scripting.NashornScriptEngine.invokeFunction(NashornScriptEngine.java:197)
	at ptolemy.actor.lib.jjs.JavaScript._createEngineAndEvaluateSetup(JavaScript.java:2493)
	at ptolemy.actor.lib.jjs.JavaScript.attributeChanged(JavaScript.java:548)
	at org.terraswarm.accessor.JSAccessor.attributeChanged(JSAccessor.java:312)
	at ptolemy.data.expr.Variable._setTokenAndNotify(Variable.java:2271)
	at ptolemy.data.expr.Variable._evaluate(Variable.java:1873)
	at ptolemy.data.expr.Variable._propagate(Variable.java:1984)
	at ptolemy.data.expr.Variable.validate(Variable.java:1596)
	at ptolemy.moml.MoMLParser.endDocument(MoMLParser.java:867)
	at com.microstar.xml.XmlParser.doParse(XmlParser.java:162)
	at com.microstar.xml.XmlParser.parse(XmlParser.java:132)
	at ptolemy.moml.MoMLParser.parse(MoMLParser.java:1676)
	at ptolemy.moml.MoMLParser.parse(MoMLParser.java:1617)
	at ptolemy.moml.MoMLParser.parse(MoMLParser.java:1792)
	at org.terraswarm.accessor.AccessorLibrary.populate(AccessorLibrary.java:194)
	at ptolemy.moml.EntityLibrary.classDefinitionList(EntityLibrary.java:307)
	at ptolemy.kernel.CompositeEntity._description(CompositeEntity.java:2292)
	at ptolemy.kernel.CompositeEntity._description(CompositeEntity.java:2307)
	at ptolemy.kernel.CompositeEntity._description(CompositeEntity.java:2307)
	at ptolemy.kernel.CompositeEntity._description(CompositeEntity.java:2307)
	at ptolemy.kernel.CompositeEntity._description(CompositeEntity.java:2307)
	at ptolemy.kernel.util.NamedObj.description(NamedObj.java:731)
	at ptolemy.kernel.util.NamedObj.description(NamedObj.java:715)
	at java.base/jdk.internal.reflect.NativeMethodAccessorImpl.invoke0(Native Method)
	at java.base/jdk.internal.reflect.NativeMethodAccessorImpl.invoke(NativeMethodAccessorImpl.java:62)
	at java.base/jdk.internal.reflect.DelegatingMethodAccessorImpl.invoke(DelegatingMethodAccessorImpl.java:43)
	at java.base/java.lang.reflect.Method.invoke(Method.java:566)
	at tcl.lang.reflect.PkgInvoker.invokeMethod(PkgInvoker.java:129)
	at tcl.lang.JavaInvoke.call(JavaInvoke.java:253)
	at tcl.lang.JavaInvoke.callMethod(JavaInvoke.java:116)
	at tcl.lang.ReflectObject.cmdProc(ReflectObject.java:727)
	at tcl.lang.Parser.evalObjv(Parser.java:740)
	at tcl.lang.Parser.eval2(Parser.java:1138)
	at tcl.lang.Parser.evalTokens(Parser.java:930)
	at tcl.lang.Parser.eval2(Parser.java:1125)
	at tcl.lang.Parser.evalTokens(Parser.java:930)
	at tcl.lang.Parser.eval2(Parser.java:1125)
	at tcl.lang.Interp.eval(Interp.java:1782)
	at tcl.lang.Interp.eval(Interp.java:1841)
	at tcl.lang.UplevelCmd.cmdProc(UplevelCmd.java:93)
	at tcl.lang.AutoloadStub.cmdProc(Extension.java:144)
	at tcl.lang.Parser.evalObjv(Parser.java:740)
	at tcl.lang.Parser.eval2(Parser.java:1138)
	at tcl.lang.Interp.eval(Interp.java:1782)
	at tcl.lang.Interp.eval(Interp.java:1841)
	at tcl.lang.CatchCmd.cmdProc(CatchCmd.java:42)
	at tcl.lang.Parser.evalObjv(Parser.java:740)
	at tcl.lang.Parser.eval2(Parser.java:1138)
	at tcl.lang.Parser.evalTokens(Parser.java:930)
	at tcl.lang.Parser.eval2(Parser.java:1125)
	at tcl.lang.Procedure.cmdProc(Procedure.java:175)
	at tcl.lang.Parser.evalObjv(Parser.java:740)
	at tcl.lang.Parser.eval2(Parser.java:1138)
	at tcl.lang.Interp.eval(Interp.java:1782)
	at tcl.lang.Interp.eval(Interp.java:1841)
	at tcl.lang.ForeachCmd.cmdProc(ForeachCmd.java:116)
	at tcl.lang.AutoloadStub.cmdProc(Extension.java:144)
	at tcl.lang.Parser.evalObjv(Parser.java:740)
	at tcl.lang.Parser.eval2(Parser.java:1138)
	at tcl.lang.Interp.eval(Interp.java:1782)
	at tcl.lang.Interp.evalFile(Interp.java:1880)
	at java.base/jdk.internal.reflect.NativeMethodAccessorImpl.invoke0(Native Method)
	at java.base/jdk.internal.reflect.NativeMethodAccessorImpl.invoke(NativeMethodAccessorImpl.java:62)
	at java.base/jdk.internal.reflect.DelegatingMethodAccessorImpl.invoke(DelegatingMethodAccessorImpl.java:43)
	at java.base/java.lang.reflect.Method.invoke(Method.java:566)
	at ptolemy.util.test.junit.TclTests.RunTclFile(TclTests.java:233)
	at java.base/jdk.internal.reflect.NativeMethodAccessorImpl.invoke0(Native Method)
	at java.base/jdk.internal.reflect.NativeMethodAccessorImpl.invoke(NativeMethodAccessorImpl.java:62)
	at java.base/jdk.internal.reflect.DelegatingMethodAccessorImpl.invoke(DelegatingMethodAccessorImpl.java:43)
	at java.base/java.lang.reflect.Method.invoke(Method.java:566)
	at org.junit.runners.model.FrameworkMethod$1.runReflectiveCall(FrameworkMethod.java:44)
	at org.junit.internal.runners.model.ReflectiveCallable.run(ReflectiveCallable.java:15)
	at org.junit.runners.model.FrameworkMethod.invokeExplosively(FrameworkMethod.java:41)
	at junitparams.internal.InvokeParameterisedMethod.evaluate(InvokeParameterisedMethod.java:102)
	at junitparams.internal.ParameterisedTestMethodRunner.runMethodInvoker(ParameterisedTestMethodRunner.java:47)
	at junitparams.internal.ParameterisedTestMethodRunner.runTestMethod(ParameterisedTestMethodRunner.java:41)
	at junitparams.internal.ParameterisedTestClassRunner.runParameterisedTest(ParameterisedTestClassRunner.java:143)
	at junitparams.JUnitParamsRunner.runChild(JUnitParamsRunner.java:237)
	at junitparams.JUnitParamsRunner.runChild(JUnitParamsRunner.java:215)
	at org.junit.runners.ParentRunner$3.run(ParentRunner.java:193)
	at org.junit.runners.ParentRunner$1.schedule(ParentRunner.java:52)
	at org.junit.runners.ParentRunner.runChildren(ParentRunner.java:191)
	at org.junit.runners.ParentRunner.access$000(ParentRunner.java:42)
	at org.junit.runners.ParentRunner$2.evaluate(ParentRunner.java:184)
	at org.junit.internal.runners.statements.RunAfters.evaluate(RunAfters.java:31)
	at org.junit.runners.ParentRunner.run(ParentRunner.java:236)
	at org.junit.runners.Suite.runChild(Suite.java:128)
	at org.junit.runners.Suite.runChild(Suite.java:24)
	at org.junit.runners.ParentRunner$3.run(ParentRunner.java:193)
	at org.junit.runners.ParentRunner$1.schedule(ParentRunner.java:52)
	at org.junit.runners.ParentRunner.runChildren(ParentRunner.java:191)
	at org.junit.runners.ParentRunner.access$000(ParentRunner.java:42)
	at org.junit.runners.ParentRunner$2.evaluate(ParentRunner.java:184)
	at org.junit.runners.ParentRunner.run(ParentRunner.java:236)
	at junit.framework.JUnit4TestAdapter.run(JUnit4TestAdapter.java:39)
	at org.apache.tools.ant.taskdefs.optional.junit.JUnitTestRunner.run(JUnitTestRunner.java:535)
	at org.apache.tools.ant.taskdefs.optional.junit.JUnitTestRunner.launch(JUnitTestRunner.java:1182)
	at org.apache.tools.ant.taskdefs.optional.junit.JUnitTestRunner.main(JUnitTestRunner.java:1033)
 in /home/travis/build/icyphy/ptII/ptolemy/actor/lib/jjs/external/require.js at line number 454 at column number 12
  in .configuration.actor library.MoreLibraries.Accessors.audio.AudioCapture.script
Because:
Error evaluating expression:
// Copyright (c) 2015-2017 The Regents of the University of California.
...
  in .configuration.actor library.MoreLibraries.Accessors.audio.AudioCapture.script
Because:
Failed to evaluate script.
  in .configuration.actor library.MoreLibraries.Accessors.audio.AudioCapture
Because:
Error: Error executing module audio line #undefined : ptolemy.actor.lib.jjs.modules.audio.AudioHelper
In file: /home/travis/build/icyphy/ptII/ptolemy/actor/lib/jjs/modules/audio/audio.js

java.lang.ClassNotFoundException: ptolemy.actor.lib.jjs.modules.audio.AudioHelper
	at java.base/jdk.internal.loader.BuiltinClassLoader.loadClass(BuiltinClassLoader.java:583)
	at java.base/jdk.internal.loader.ClassLoaders$AppClassLoader.loadClass(ClassLoaders.java:178)
	at java.base/java.lang.ClassLoader.loadClass(ClassLoader.java:521)
	at java.base/java.lang.Class.forName0(Native Method)
	at java.base/java.lang.Class.forName(Class.java:398)
	at jdk.scripting.nashorn/jdk.nashorn.internal.runtime.Context.findClass(Context.java:1180)
	at jdk.scripting.nashorn/jdk.nashorn.internal.objects.NativeJava.simpleType(NativeJava.java:546)
	at jdk.scripting.nashorn/jdk.nashorn.internal.objects.NativeJava.type(NativeJava.java:326)
	at jdk.scripting.nashorn/jdk.nashorn.internal.objects.NativeJava.type(NativeJava.java:318)
	at jdk.scripting.nashorn/jdk.nashorn.internal.objects.NativeJava.type(NativeJava.java:314)
	at jdk.scripting.nashorn.scripts/jdk.nashorn.internal.scripts.Script$Recompilation$2279$require.L:1(/home/travis/build/icyphy/ptII/ptolemy/actor/lib/jjs/external/require.js#409:30<eval>:48)
	at jdk.scripting.nashorn.scripts/jdk.nashorn.internal.scripts.Script$Recompilation$2189$require.L:45#_require(/home/travis/build/icyphy/ptII/ptolemy/actor/lib/jjs/external/require.js:429)
	at jdk.scripting.nashorn.scripts/jdk.nashorn.internal.scripts.Script$Recompilation$2193$21065A$require.L:45#_requireClosure#L:466(/home/travis/build/icyphy/ptII/ptolemy/actor/lib/jjs/external/require.js:467)
	at jdk.scripting.nashorn.scripts/jdk.nashorn.internal.scripts.Script$Recompilation$2267$1AAAAAAAAAAAAAA$\^function\_.L:1(<function>:97)
	at jdk.scripting.nashorn.scripts/jdk.nashorn.internal.scripts.Script$Recompilation$2266$17933AAAAAA$require$cu1$restOf.L:1#Accessor(/home/travis/build/icyphy/ptII/ptolemy/actor/lib/jjs/external/require.js#409:30<eval>:545)
	at jdk.scripting.nashorn.scripts/jdk.nashorn.internal.scripts.Script$Recompilation$2252$2801AAA$\^eval\_.evaluateCode(<eval>:96)
	at jdk.scripting.nashorn/jdk.nashorn.internal.runtime.ScriptFunctionData.invoke(ScriptFunctionData.java:661)
	at jdk.scripting.nashorn/jdk.nashorn.internal.runtime.ScriptFunction.invoke(ScriptFunction.java:513)
	at jdk.scripting.nashorn/jdk.nashorn.internal.runtime.ScriptRuntime.apply(ScriptRuntime.java:527)
	at jdk.scripting.nashorn/jdk.nashorn.api.scripting.ScriptObjectMirror.callMember(ScriptObjectMirror.java:202)
	at jdk.scripting.nashorn/jdk.nashorn.api.scripting.NashornScriptEngine.invokeImpl(NashornScriptEngine.java:393)
	at jdk.scripting.nashorn/jdk.nashorn.api.scripting.NashornScriptEngine.invokeFunction(NashornScriptEngine.java:197)
	at ptolemy.actor.lib.jjs.JavaScript._createEngineAndEvaluateSetup(JavaScript.java:2493)
	at ptolemy.actor.lib.jjs.JavaScript.attributeChanged(JavaScript.java:548)
	at org.terraswarm.accessor.JSAccessor.attributeChanged(JSAccessor.java:312)
	at ptolemy.data.expr.Variable._setTokenAndNotify(Variable.java:2271)
	at ptolemy.data.expr.Variable._evaluate(Variable.java:1873)
	at ptolemy.data.expr.Variable._propagate(Variable.java:1984)
	at ptolemy.data.expr.Variable.validate(Variable.java:1596)
	at ptolemy.moml.MoMLParser.endDocument(MoMLParser.java:867)
	at com.microstar.xml.XmlParser.doParse(XmlParser.java:162)
	at com.microstar.xml.XmlParser.parse(XmlParser.java:132)
	at ptolemy.moml.MoMLParser.parse(MoMLParser.java:1676)
	at ptolemy.moml.MoMLParser.parse(MoMLParser.java:1617)
	at ptolemy.moml.MoMLParser.parse(MoMLParser.java:1792)
	at org.terraswarm.accessor.AccessorLibrary.populate(AccessorLibrary.java:194)
	at ptolemy.moml.EntityLibrary.classDefinitionList(EntityLibrary.java:307)
	at ptolemy.kernel.CompositeEntity._description(CompositeEntity.java:2292)
	at ptolemy.kernel.CompositeEntity._description(CompositeEntity.java:2307)
	at ptolemy.kernel.CompositeEntity._description(CompositeEntity.java:2307)
	at ptolemy.kernel.CompositeEntity._description(CompositeEntity.java:2307)
	at ptolemy.kernel.CompositeEntity._description(CompositeEntity.java:2307)
	at ptolemy.kernel.util.NamedObj.description(NamedObj.java:731)
	at ptolemy.kernel.util.NamedObj.description(NamedObj.java:715)
	at java.base/jdk.internal.reflect.NativeMethodAccessorImpl.invoke0(Native Method)
	at java.base/jdk.internal.reflect.NativeMethodAccessorImpl.invoke(NativeMethodAccessorImpl.java:62)
	at java.base/jdk.internal.reflect.DelegatingMethodAccessorImpl.invoke(DelegatingMethodAccessorImpl.java:43)
	at java.base/java.lang.reflect.Method.invoke(Method.java:566)
	at tcl.lang.reflect.PkgInvoker.invokeMethod(PkgInvoker.java:129)
	at tcl.lang.JavaInvoke.call(JavaInvoke.java:253)
	at tcl.lang.JavaInvoke.callMethod(JavaInvoke.java:116)
	at tcl.lang.ReflectObject.cmdProc(ReflectObject.java:727)
	at tcl.lang.Parser.evalObjv(Parser.java:740)
	at tcl.lang.Parser.eval2(Parser.java:1138)
	at tcl.lang.Parser.evalTokens(Parser.java:930)
	at tcl.lang.Parser.eval2(Parser.java:1125)
	at tcl.lang.Parser.evalTokens(Parser.java:930)
	at tcl.lang.Parser.eval2(Parser.java:1125)
	at tcl.lang.Interp.eval(Interp.java:1782)
	at tcl.lang.Interp.eval(Interp.java:1841)
	at tcl.lang.UplevelCmd.cmdProc(UplevelCmd.java:93)
	at tcl.lang.AutoloadStub.cmdProc(Extension.java:144)
	at tcl.lang.Parser.evalObjv(Parser.java:740)
	at tcl.lang.Parser.eval2(Parser.java:1138)
	at tcl.lang.Interp.eval(Interp.java:1782)
	at tcl.lang.Interp.eval(Interp.java:1841)
	at tcl.lang.CatchCmd.cmdProc(CatchCmd.java:42)
	at tcl.lang.Parser.evalObjv(Parser.java:740)
	at tcl.lang.Parser.eval2(Parser.java:1138)
	at tcl.lang.Parser.evalTokens(Parser.java:930)
	at tcl.lang.Parser.eval2(Parser.java:1125)
	at tcl.lang.Procedure.cmdProc(Procedure.java:175)
	at tcl.lang.Parser.evalObjv(Parser.java:740)
	at tcl.lang.Parser.eval2(Parser.java:1138)
	at tcl.lang.Interp.eval(Interp.java:1782)
	at tcl.lang.Interp.eval(Interp.java:1841)
	at tcl.lang.ForeachCmd.cmdProc(ForeachCmd.java:116)
	at tcl.lang.AutoloadStub.cmdProc(Extension.java:144)
	at tcl.lang.Parser.evalObjv(Parser.java:740)
	at tcl.lang.Parser.eval2(Parser.java:1138)
	at tcl.lang.Interp.eval(Interp.java:1782)
	at tcl.lang.Interp.evalFile(Interp.java:1880)
	at java.base/jdk.internal.reflect.NativeMethodAccessorImpl.invoke0(Native Method)
	at java.base/jdk.internal.reflect.NativeMethodAccessorImpl.invoke(NativeMethodAccessorImpl.java:62)
	at java.base/jdk.internal.reflect.DelegatingMethodAccessorImpl.invoke(DelegatingMethodAccessorImpl.java:43)
	at java.base/java.lang.reflect.Method.invoke(Method.java:566)
	at ptolemy.util.test.junit.TclTests.RunTclFile(TclTests.java:233)
	at java.base/jdk.internal.reflect.NativeMethodAccessorImpl.invoke0(Native Method)
	at java.base/jdk.internal.reflect.NativeMethodAccessorImpl.invoke(NativeMethodAccessorImpl.java:62)
	at java.base/jdk.internal.reflect.DelegatingMethodAccessorImpl.invoke(DelegatingMethodAccessorImpl.java:43)
	at java.base/java.lang.reflect.Method.invoke(Method.java:566)
	at org.junit.runners.model.FrameworkMethod$1.runReflectiveCall(FrameworkMethod.java:44)
	at org.junit.internal.runners.model.ReflectiveCallable.run(ReflectiveCallable.java:15)
	at org.junit.runners.model.FrameworkMethod.invokeExplosively(FrameworkMethod.java:41)
	at junitparams.internal.InvokeParameterisedMethod.evaluate(InvokeParameterisedMethod.java:102)
	at junitparams.internal.ParameterisedTestMethodRunner.runMethodInvoker(ParameterisedTestMethodRunner.java:47)
	at junitparams.internal.ParameterisedTestMethodRunner.runTestMethod(ParameterisedTestMethodRunner.java:41)
	at junitparams.internal.ParameterisedTestClassRunner.runParameterisedTest(ParameterisedTestClassRunner.java:143)
	at junitparams.JUnitParamsRunner.runChild(JUnitParamsRunner.java:237)
	at junitparams.JUnitParamsRunner.runChild(JUnitParamsRunner.java:215)
	at org.junit.runners.ParentRunner$3.run(ParentRunner.java:193)
	at org.junit.runners.ParentRunner$1.schedule(ParentRunner.java:52)
	at org.junit.runners.ParentRunner.runChildren(ParentRunner.java:191)
	at org.junit.runners.ParentRunner.access$000(ParentRunner.java:42)
	at org.junit.runners.ParentRunner$2.evaluate(ParentRunner.java:184)
	at org.junit.internal.runners.statements.RunAfters.evaluate(RunAfters.java:31)
	at org.junit.runners.ParentRunner.run(ParentRunner.java:236)
	at org.junit.runners.Suite.runChild(Suite.java:128)
	at org.junit.runners.Suite.runChild(Suite.java:24)
	at org.junit.runners.ParentRunner$3.run(ParentRunner.java:193)
	at org.junit.runners.ParentRunner$1.schedule(ParentRunner.java:52)
	at org.junit.runners.ParentRunner.runChildren(ParentRunner.java:191)
	at org.junit.runners.ParentRunner.access$000(ParentRunner.java:42)
	at org.junit.runners.ParentRunner$2.evaluate(ParentRunner.java:184)
	at org.junit.runners.ParentRunner.run(ParentRunner.java:236)
	at junit.framework.JUnit4TestAdapter.run(JUnit4TestAdapter.java:39)
	at org.apache.tools.ant.taskdefs.optional.junit.JUnitTestRunner.run(JUnitTestRunner.java:535)
	at org.apache.tools.ant.taskdefs.optional.junit.JUnitTestRunner.launch(JUnitTestRunner.java:1182)
	at org.apache.tools.ant.taskdefs.optional.junit.JUnitTestRunner.main(JUnitTestRunner.java:1033)
 in /home/travis/build/icyphy/ptII/ptolemy/actor/lib/jjs/external/require.js at line number 454 at column number 12
	at ptolemy.data.expr.Variable.validate(Variable.java:1619)
	at ptolemy.moml.MoMLParser.endDocument(MoMLParser.java:867)
	at com.microstar.xml.XmlParser.doParse(XmlParser.java:162)
	at com.microstar.xml.XmlParser.parse(XmlParser.java:132)
	at ptolemy.moml.MoMLParser.parse(MoMLParser.java:1676)
	at ptolemy.moml.MoMLParser.parse(MoMLParser.java:1617)
	at ptolemy.moml.MoMLParser.parse(MoMLParser.java:1792)
	at org.terraswarm.accessor.AccessorLibrary.populate(AccessorLibrary.java:194)
	... 83 more
Caused by: ptolemy.kernel.util.IllegalActionException: Error evaluating expression:
// Copyright (c) 2015-2017 The Regents of the University of California.
...
  in .configuration.actor library.MoreLibraries.Accessors.audio.AudioCapture.script
Because:
Failed to evaluate script.
  in .configuration.actor library.MoreLibraries.Accessors.audio.AudioCapture
Because:
Error: Error executing module audio line #undefined : ptolemy.actor.lib.jjs.modules.audio.AudioHelper
In file: /home/travis/build/icyphy/ptII/ptolemy/actor/lib/jjs/modules/audio/audio.js

java.lang.ClassNotFoundException: ptolemy.actor.lib.jjs.modules.audio.AudioHelper
	at java.base/jdk.internal.loader.BuiltinClassLoader.loadClass(BuiltinClassLoader.java:583)
	at java.base/jdk.internal.loader.ClassLoaders$AppClassLoader.loadClass(ClassLoaders.java:178)
	at java.base/java.lang.ClassLoader.loadClass(ClassLoader.java:521)
	at java.base/java.lang.Class.forName0(Native Method)
	at java.base/java.lang.Class.forName(Class.java:398)
	at jdk.scripting.nashorn/jdk.nashorn.internal.runtime.Context.findClass(Context.java:1180)
	at jdk.scripting.nashorn/jdk.nashorn.internal.objects.NativeJava.simpleType(NativeJava.java:546)
	at jdk.scripting.nashorn/jdk.nashorn.internal.objects.NativeJava.type(NativeJava.java:326)
	at jdk.scripting.nashorn/jdk.nashorn.internal.objects.NativeJava.type(NativeJava.java:318)
	at jdk.scripting.nashorn/jdk.nashorn.internal.objects.NativeJava.type(NativeJava.java:314)
	at jdk.scripting.nashorn.scripts/jdk.nashorn.internal.scripts.Script$Recompilation$2279$require.L:1(/home/travis/build/icyphy/ptII/ptolemy/actor/lib/jjs/external/require.js#409:30<eval>:48)
	at jdk.scripting.nashorn.scripts/jdk.nashorn.internal.scripts.Script$Recompilation$2189$require.L:45#_require(/home/travis/build/icyphy/ptII/ptolemy/actor/lib/jjs/external/require.js:429)
	at jdk.scripting.nashorn.scripts/jdk.nashorn.internal.scripts.Script$Recompilation$2193$21065A$require.L:45#_requireClosure#L:466(/home/travis/build/icyphy/ptII/ptolemy/actor/lib/jjs/external/require.js:467)
	at jdk.scripting.nashorn.scripts/jdk.nashorn.internal.scripts.Script$Recompilation$2267$1AAAAAAAAAAAAAA$\^function\_.L:1(<function>:97)
	at jdk.scripting.nashorn.scripts/jdk.nashorn.internal.scripts.Script$Recompilation$2266$17933AAAAAA$require$cu1$restOf.L:1#Accessor(/home/travis/build/icyphy/ptII/ptolemy/actor/lib/jjs/external/require.js#409:30<eval>:545)
	at jdk.scripting.nashorn.scripts/jdk.nashorn.internal.scripts.Script$Recompilation$2252$2801AAA$\^eval\_.evaluateCode(<eval>:96)
	at jdk.scripting.nashorn/jdk.nashorn.internal.runtime.ScriptFunctionData.invoke(ScriptFunctionData.java:661)
	at jdk.scripting.nashorn/jdk.nashorn.internal.runtime.ScriptFunction.invoke(ScriptFunction.java:513)
	at jdk.scripting.nashorn/jdk.nashorn.internal.runtime.ScriptRuntime.apply(ScriptRuntime.java:527)
	at jdk.scripting.nashorn/jdk.nashorn.api.scripting.ScriptObjectMirror.callMember(ScriptObjectMirror.java:202)
	at jdk.scripting.nashorn/jdk.nashorn.api.scripting.NashornScriptEngine.invokeImpl(NashornScriptEngine.java:393)
	at jdk.scripting.nashorn/jdk.nashorn.api.scripting.NashornScriptEngine.invokeFunction(NashornScriptEngine.java:197)
	at ptolemy.actor.lib.jjs.JavaScript._createEngineAndEvaluateSetup(JavaScript.java:2493)
	at ptolemy.actor.lib.jjs.JavaScript.attributeChanged(JavaScript.java:548)
	at org.terraswarm.accessor.JSAccessor.attributeChanged(JSAccessor.java:312)
	at ptolemy.data.expr.Variable._setTokenAndNotify(Variable.java:2271)
	at ptolemy.data.expr.Variable._evaluate(Variable.java:1873)
	at ptolemy.data.expr.Variable._propagate(Variable.java:1984)
	at ptolemy.data.expr.Variable.validate(Variable.java:1596)
	at ptolemy.moml.MoMLParser.endDocument(MoMLParser.java:867)
	at com.microstar.xml.XmlParser.doParse(XmlParser.java:162)
	at com.microstar.xml.XmlParser.parse(XmlParser.java:132)
	at ptolemy.moml.MoMLParser.parse(MoMLParser.java:1676)
	at ptolemy.moml.MoMLParser.parse(MoMLParser.java:1617)
	at ptolemy.moml.MoMLParser.parse(MoMLParser.java:1792)
	at org.terraswarm.accessor.AccessorLibrary.populate(AccessorLibrary.java:194)
	at ptolemy.moml.EntityLibrary.classDefinitionList(EntityLibrary.java:307)
	at ptolemy.kernel.CompositeEntity._description(CompositeEntity.java:2292)
	at ptolemy.kernel.CompositeEntity._description(CompositeEntity.java:2307)
	at ptolemy.kernel.CompositeEntity._description(CompositeEntity.java:2307)
	at ptolemy.kernel.CompositeEntity._description(CompositeEntity.java:2307)
	at ptolemy.kernel.CompositeEntity._description(CompositeEntity.java:2307)
	at ptolemy.kernel.util.NamedObj.description(NamedObj.java:731)
	at ptolemy.kernel.util.NamedObj.description(NamedObj.java:715)
	at java.base/jdk.internal.reflect.NativeMethodAccessorImpl.invoke0(Native Method)
	at java.base/jdk.internal.reflect.NativeMethodAccessorImpl.invoke(NativeMethodAccessorImpl.java:62)
	at java.base/jdk.internal.reflect.DelegatingMethodAccessorImpl.invoke(DelegatingMethodAccessorImpl.java:43)
	at java.base/java.lang.reflect.Method.invoke(Method.java:566)
	at tcl.lang.reflect.PkgInvoker.invokeMethod(PkgInvoker.java:129)
	at tcl.lang.JavaInvoke.call(JavaInvoke.java:253)
	at tcl.lang.JavaInvoke.callMethod(JavaInvoke.java:116)
	at tcl.lang.ReflectObject.cmdProc(ReflectObject.java:727)
	at tcl.lang.Parser.evalObjv(Parser.java:740)
	at tcl.lang.Parser.eval2(Parser.java:1138)
	at tcl.lang.Parser.evalTokens(Parser.java:930)
	at tcl.lang.Parser.eval2(Parser.java:1125)
	at tcl.lang.Parser.evalTokens(Parser.java:930)
	at tcl.lang.Parser.eval2(Parser.java:1125)
	at tcl.lang.Interp.eval(Interp.java:1782)
	at tcl.lang.Interp.eval(Interp.java:1841)
	at tcl.lang.UplevelCmd.cmdProc(UplevelCmd.java:93)
	at tcl.lang.AutoloadStub.cmdProc(Extension.java:144)
	at tcl.lang.Parser.evalObjv(Parser.java:740)
	at tcl.lang.Parser.eval2(Parser.java:1138)
	at tcl.lang.Interp.eval(Interp.java:1782)
	at tcl.lang.Interp.eval(Interp.java:1841)
	at tcl.lang.CatchCmd.cmdProc(CatchCmd.java:42)
	at tcl.lang.Parser.evalObjv(Parser.java:740)
	at tcl.lang.Parser.eval2(Parser.java:1138)
	at tcl.lang.Parser.evalTokens(Parser.java:930)
	at tcl.lang.Parser.eval2(Parser.java:1125)
	at tcl.lang.Procedure.cmdProc(Procedure.java:175)
	at tcl.lang.Parser.evalObjv(Parser.java:740)
	at tcl.lang.Parser.eval2(Parser.java:1138)
	at tcl.lang.Interp.eval(Interp.java:1782)
	at tcl.lang.Interp.eval(Interp.java:1841)
	at tcl.lang.ForeachCmd.cmdProc(ForeachCmd.java:116)
	at tcl.lang.AutoloadStub.cmdProc(Extension.java:144)
	at tcl.lang.Parser.evalObjv(Parser.java:740)
	at tcl.lang.Parser.eval2(Parser.java:1138)
	at tcl.lang.Interp.eval(Interp.java:1782)
	at tcl.lang.Interp.evalFile(Interp.java:1880)
	at java.base/jdk.internal.reflect.NativeMethodAccessorImpl.invoke0(Native Method)
	at java.base/jdk.internal.reflect.NativeMethodAccessorImpl.invoke(NativeMethodAccessorImpl.java:62)
	at java.base/jdk.internal.reflect.DelegatingMethodAccessorImpl.invoke(DelegatingMethodAccessorImpl.java:43)
	at java.base/java.lang.reflect.Method.invoke(Method.java:566)
	at ptolemy.util.test.junit.TclTests.RunTclFile(TclTests.java:233)
	at java.base/jdk.internal.reflect.NativeMethodAccessorImpl.invoke0(Native Method)
	at java.base/jdk.internal.reflect.NativeMethodAccessorImpl.invoke(NativeMethodAccessorImpl.java:62)
	at java.base/jdk.internal.reflect.DelegatingMethodAccessorImpl.invoke(DelegatingMethodAccessorImpl.java:43)
	at java.base/java.lang.reflect.Method.invoke(Method.java:566)
	at org.junit.runners.model.FrameworkMethod$1.runReflectiveCall(FrameworkMethod.java:44)
	at org.junit.internal.runners.model.ReflectiveCallable.run(ReflectiveCallable.java:15)
	at org.junit.runners.model.FrameworkMethod.invokeExplosively(FrameworkMethod.java:41)
	at junitparams.internal.InvokeParameterisedMethod.evaluate(InvokeParameterisedMethod.java:102)
	at junitparams.internal.ParameterisedTestMethodRunner.runMethodInvoker(ParameterisedTestMethodRunner.java:47)
	at junitparams.internal.ParameterisedTestMethodRunner.runTestMethod(ParameterisedTestMethodRunner.java:41)
	at junitparams.internal.ParameterisedTestClassRunner.runParameterisedTest(ParameterisedTestClassRunner.java:143)
	at junitparams.JUnitParamsRunner.runChild(JUnitParamsRunner.java:237)
	at junitparams.JUnitParamsRunner.runChild(JUnitParamsRunner.java:215)
	at org.junit.runners.ParentRunner$3.run(ParentRunner.java:193)
	at org.junit.runners.ParentRunner$1.schedule(ParentRunner.java:52)
	at org.junit.runners.ParentRunner.runChildren(ParentRunner.java:191)
	at org.junit.runners.ParentRunner.access$000(ParentRunner.java:42)
	at org.junit.runners.ParentRunner$2.evaluate(ParentRunner.java:184)
	at org.junit.internal.runners.statements.RunAfters.evaluate(RunAfters.java:31)
	at org.junit.runners.ParentRunner.run(ParentRunner.java:236)
	at org.junit.runners.Suite.runChild(Suite.java:128)
	at org.junit.runners.Suite.runChild(Suite.java:24)
	at org.junit.runners.ParentRunner$3.run(ParentRunner.java:193)
	at org.junit.runners.ParentRunner$1.schedule(ParentRunner.java:52)
	at org.junit.runners.ParentRunner.runChildren(ParentRunner.java:191)
	at org.junit.runners.ParentRunner.access$000(ParentRunner.java:42)
	at org.junit.runners.ParentRunner$2.evaluate(ParentRunner.java:184)
	at org.junit.runners.ParentRunner.run(ParentRunner.java:236)
	at junit.framework.JUnit4TestAdapter.run(JUnit4TestAdapter.java:39)
	at org.apache.tools.ant.taskdefs.optional.junit.JUnitTestRunner.run(JUnitTestRunner.java:535)
	at org.apache.tools.ant.taskdefs.optional.junit.JUnitTestRunner.launch(JUnitTestRunner.java:1182)
	at org.apache.tools.ant.taskdefs.optional.junit.JUnitTestRunner.main(JUnitTestRunner.java:1033)
 in /home/travis/build/icyphy/ptII/ptolemy/actor/lib/jjs/external/require.js at line number 454 at column number 12
	at ptolemy.data.expr.Variable._evaluate(Variable.java:1891)
	at ptolemy.data.expr.Variable._propagate(Variable.java:1984)
	at ptolemy.data.expr.Variable.validate(Variable.java:1596)
	... 90 more
Caused by: ptolemy.kernel.util.IllegalActionException: Failed to evaluate script.
  in .configuration.actor library.MoreLibraries.Accessors.audio.AudioCapture
Because:
Error: Error executing module audio line #undefined : ptolemy.actor.lib.jjs.modules.audio.AudioHelper
In file: /home/travis/build/icyphy/ptII/ptolemy/actor/lib/jjs/modules/audio/audio.js

java.lang.ClassNotFoundException: ptolemy.actor.lib.jjs.modules.audio.AudioHelper
	at java.base/jdk.internal.loader.BuiltinClassLoader.loadClass(BuiltinClassLoader.java:583)
	at java.base/jdk.internal.loader.ClassLoaders$AppClassLoader.loadClass(ClassLoaders.java:178)
	at java.base/java.lang.ClassLoader.loadClass(ClassLoader.java:521)
	at java.base/java.lang.Class.forName0(Native Method)
	at java.base/java.lang.Class.forName(Class.java:398)
	at jdk.scripting.nashorn/jdk.nashorn.internal.runtime.Context.findClass(Context.java:1180)
	at jdk.scripting.nashorn/jdk.nashorn.internal.objects.NativeJava.simpleType(NativeJava.java:546)
	at jdk.scripting.nashorn/jdk.nashorn.internal.objects.NativeJava.type(NativeJava.java:326)
	at jdk.scripting.nashorn/jdk.nashorn.internal.objects.NativeJava.type(NativeJava.java:318)
	at jdk.scripting.nashorn/jdk.nashorn.internal.objects.NativeJava.type(NativeJava.java:314)
	at jdk.scripting.nashorn.scripts/jdk.nashorn.internal.scripts.Script$Recompilation$2279$require.L:1(/home/travis/build/icyphy/ptII/ptolemy/actor/lib/jjs/external/require.js#409:30<eval>:48)
	at jdk.scripting.nashorn.scripts/jdk.nashorn.internal.scripts.Script$Recompilation$2189$require.L:45#_require(/home/travis/build/icyphy/ptII/ptolemy/actor/lib/jjs/external/require.js:429)
	at jdk.scripting.nashorn.scripts/jdk.nashorn.internal.scripts.Script$Recompilation$2193$21065A$require.L:45#_requireClosure#L:466(/home/travis/build/icyphy/ptII/ptolemy/actor/lib/jjs/external/require.js:467)
	at jdk.scripting.nashorn.scripts/jdk.nashorn.internal.scripts.Script$Recompilation$2267$1AAAAAAAAAAAAAA$\^function\_.L:1(<function>:97)
	at jdk.scripting.nashorn.scripts/jdk.nashorn.internal.scripts.Script$Recompilation$2266$17933AAAAAA$require$cu1$restOf.L:1#Accessor(/home/travis/build/icyphy/ptII/ptolemy/actor/lib/jjs/external/require.js#409:30<eval>:545)
	at jdk.scripting.nashorn.scripts/jdk.nashorn.internal.scripts.Script$Recompilation$2252$2801AAA$\^eval\_.evaluateCode(<eval>:96)
	at jdk.scripting.nashorn/jdk.nashorn.internal.runtime.ScriptFunctionData.invoke(ScriptFunctionData.java:661)
	at jdk.scripting.nashorn/jdk.nashorn.internal.runtime.ScriptFunction.invoke(ScriptFunction.java:513)
	at jdk.scripting.nashorn/jdk.nashorn.internal.runtime.ScriptRuntime.apply(ScriptRuntime.java:527)
	at jdk.scripting.nashorn/jdk.nashorn.api.scripting.ScriptObjectMirror.callMember(ScriptObjectMirror.java:202)
	at jdk.scripting.nashorn/jdk.nashorn.api.scripting.NashornScriptEngine.invokeImpl(NashornScriptEngine.java:393)
	at jdk.scripting.nashorn/jdk.nashorn.api.scripting.NashornScriptEngine.invokeFunction(NashornScriptEngine.java:197)
	at ptolemy.actor.lib.jjs.JavaScript._createEngineAndEvaluateSetup(JavaScript.java:2493)
	at ptolemy.actor.lib.jjs.JavaScript.attributeChanged(JavaScript.java:548)
	at org.terraswarm.accessor.JSAccessor.attributeChanged(JSAccessor.java:312)
	at ptolemy.data.expr.Variable._setTokenAndNotify(Variable.java:2271)
	at ptolemy.data.expr.Variable._evaluate(Variable.java:1873)
	at ptolemy.data.expr.Variable._propagate(Variable.java:1984)
	at ptolemy.data.expr.Variable.validate(Variable.java:1596)
	at ptolemy.moml.MoMLParser.endDocument(MoMLParser.java:867)
	at com.microstar.xml.XmlParser.doParse(XmlParser.java:162)
	at com.microstar.xml.XmlParser.parse(XmlParser.java:132)
	at ptolemy.moml.MoMLParser.parse(MoMLParser.java:1676)
	at ptolemy.moml.MoMLParser.parse(MoMLParser.java:1617)
	at ptolemy.moml.MoMLParser.parse(MoMLParser.java:1792)
	at org.terraswarm.accessor.AccessorLibrary.populate(AccessorLibrary.java:194)
	at ptolemy.moml.EntityLibrary.classDefinitionList(EntityLibrary.java:307)
	at ptolemy.kernel.CompositeEntity._description(CompositeEntity.java:2292)
	at ptolemy.kernel.CompositeEntity._description(CompositeEntity.java:2307)
	at ptolemy.kernel.CompositeEntity._description(CompositeEntity.java:2307)
	at ptolemy.kernel.CompositeEntity._description(CompositeEntity.java:2307)
	at ptolemy.kernel.CompositeEntity._description(CompositeEntity.java:2307)
	at ptolemy.kernel.util.NamedObj.description(NamedObj.java:731)
	at ptolemy.kernel.util.NamedObj.description(NamedObj.java:715)
	at java.base/jdk.internal.reflect.NativeMethodAccessorImpl.invoke0(Native Method)
	at java.base/jdk.internal.reflect.NativeMethodAccessorImpl.invoke(NativeMethodAccessorImpl.java:62)
	at java.base/jdk.internal.reflect.DelegatingMethodAccessorImpl.invoke(DelegatingMethodAccessorImpl.java:43)
	at java.base/java.lang.reflect.Method.invoke(Method.java:566)
	at tcl.lang.reflect.PkgInvoker.invokeMethod(PkgInvoker.java:129)
	at tcl.lang.JavaInvoke.call(JavaInvoke.java:253)
	at tcl.lang.JavaInvoke.callMethod(JavaInvoke.java:116)
	at tcl.lang.ReflectObject.cmdProc(ReflectObject.java:727)
	at tcl.lang.Parser.evalObjv(Parser.java:740)
	at tcl.lang.Parser.eval2(Parser.java:1138)
	at tcl.lang.Parser.evalTokens(Parser.java:930)
	at tcl.lang.Parser.eval2(Parser.java:1125)
	at tcl.lang.Parser.evalTokens(Parser.java:930)
	at tcl.lang.Parser.eval2(Parser.java:1125)
	at tcl.lang.Interp.eval(Interp.java:1782)
	at tcl.lang.Interp.eval(Interp.java:1841)
	at tcl.lang.UplevelCmd.cmdProc(UplevelCmd.java:93)
	at tcl.lang.AutoloadStub.cmdProc(Extension.java:144)
	at tcl.lang.Parser.evalObjv(Parser.java:740)
	at tcl.lang.Parser.eval2(Parser.java:1138)
	at tcl.lang.Interp.eval(Interp.java:1782)
	at tcl.lang.Interp.eval(Interp.java:1841)
	at tcl.lang.CatchCmd.cmdProc(CatchCmd.java:42)
	at tcl.lang.Parser.evalObjv(Parser.java:740)
	at tcl.lang.Parser.eval2(Parser.java:1138)
	at tcl.lang.Parser.evalTokens(Parser.java:930)
	at tcl.lang.Parser.eval2(Parser.java:1125)
	at tcl.lang.Procedure.cmdProc(Procedure.java:175)
	at tcl.lang.Parser.evalObjv(Parser.java:740)
	at tcl.lang.Parser.eval2(Parser.java:1138)
	at tcl.lang.Interp.eval(Interp.java:1782)
	at tcl.lang.Interp.eval(Interp.java:1841)
	at tcl.lang.ForeachCmd.cmdProc(ForeachCmd.java:116)
	at tcl.lang.AutoloadStub.cmdProc(Extension.java:144)
	at tcl.lang.Parser.evalObjv(Parser.java:740)
	at tcl.lang.Parser.eval2(Parser.java:1138)
	at tcl.lang.Interp.eval(Interp.java:1782)
	at tcl.lang.Interp.evalFile(Interp.java:1880)
	at java.base/jdk.internal.reflect.NativeMethodAccessorImpl.invoke0(Native Method)
	at java.base/jdk.internal.reflect.NativeMethodAccessorImpl.invoke(NativeMethodAccessorImpl.java:62)
	at java.base/jdk.internal.reflect.DelegatingMethodAccessorImpl.invoke(DelegatingMethodAccessorImpl.java:43)
	at java.base/java.lang.reflect.Method.invoke(Method.java:566)
	at ptolemy.util.test.junit.TclTests.RunTclFile(TclTests.java:233)
	at java.base/jdk.internal.reflect.NativeMethodAccessorImpl.invoke0(Native Method)
	at java.base/jdk.internal.reflect.NativeMethodAccessorImpl.invoke(NativeMethodAccessorImpl.java:62)
	at java.base/jdk.internal.reflect.DelegatingMethodAccessorImpl.invoke(DelegatingMethodAccessorImpl.java:43)
	at java.base/java.lang.reflect.Method.invoke(Method.java:566)
	at org.junit.runners.model.FrameworkMethod$1.runReflectiveCall(FrameworkMethod.java:44)
	at org.junit.internal.runners.model.ReflectiveCallable.run(ReflectiveCallable.java:15)
	at org.junit.runners.model.FrameworkMethod.invokeExplosively(FrameworkMethod.java:41)
	at junitparams.internal.InvokeParameterisedMethod.evaluate(InvokeParameterisedMethod.java:102)
	at junitparams.internal.ParameterisedTestMethodRunner.runMethodInvoker(ParameterisedTestMethodRunner.java:47)
	at junitparams.internal.ParameterisedTestMethodRunner.runTestMethod(ParameterisedTestMethodRunner.java:41)
	at junitparams.internal.ParameterisedTestClassRunner.runParameterisedTest(ParameterisedTestClassRunner.java:143)
	at junitparams.JUnitParamsRunner.runChild(JUnitParamsRunner.java:237)
	at junitparams.JUnitParamsRunner.runChild(JUnitParamsRunner.java:215)
	at org.junit.runners.ParentRunner$3.run(ParentRunner.java:193)
	at org.junit.runners.ParentRunner$1.schedule(ParentRunner.java:52)
	at org.junit.runners.ParentRunner.runChildren(ParentRunner.java:191)
	at org.junit.runners.ParentRunner.access$000(ParentRunner.java:42)
	at org.junit.runners.ParentRunner$2.evaluate(ParentRunner.java:184)
	at org.junit.internal.runners.statements.RunAfters.evaluate(RunAfters.java:31)
	at org.junit.runners.ParentRunner.run(ParentRunner.java:236)
	at org.junit.runners.Suite.runChild(Suite.java:128)
	at org.junit.runners.Suite.runChild(Suite.java:24)
	at org.junit.runners.ParentRunner$3.run(ParentRunner.java:193)
	at org.junit.runners.ParentRunner$1.schedule(ParentRunner.java:52)
	at org.junit.runners.ParentRunner.runChildren(ParentRunner.java:191)
	at org.junit.runners.ParentRunner.access$000(ParentRunner.java:42)
	at org.junit.runners.ParentRunner$2.evaluate(ParentRunner.java:184)
	at org.junit.runners.ParentRunner.run(ParentRunner.java:236)
	at junit.framework.JUnit4TestAdapter.run(JUnit4TestAdapter.java:39)
	at org.apache.tools.ant.taskdefs.optional.junit.JUnitTestRunner.run(JUnitTestRunner.java:535)
	at org.apache.tools.ant.taskdefs.optional.junit.JUnitTestRunner.launch(JUnitTestRunner.java:1182)
	at org.apache.tools.ant.taskdefs.optional.junit.JUnitTestRunner.main(JUnitTestRunner.java:1033)
 in /home/travis/build/icyphy/ptII/ptolemy/actor/lib/jjs/external/require.js at line number 454 at column number 12
	at ptolemy.actor.lib.jjs.JavaScript._createEngineAndEvaluateSetup(JavaScript.java:2497)
	at ptolemy.actor.lib.jjs.JavaScript.attributeChanged(JavaScript.java:548)
	at org.terraswarm.accessor.JSAccessor.attributeChanged(JSAccessor.java:312)
	at ptolemy.data.expr.Variable._setTokenAndNotify(Variable.java:2271)
	at ptolemy.data.expr.Variable._evaluate(Variable.java:1873)
	... 92 more
Caused by: javax.script.ScriptException: Error: Error executing module audio line #undefined : ptolemy.actor.lib.jjs.modules.audio.AudioHelper
In file: /home/travis/build/icyphy/ptII/ptolemy/actor/lib/jjs/modules/audio/audio.js

java.lang.ClassNotFoundException: ptolemy.actor.lib.jjs.modules.audio.AudioHelper
	at java.base/jdk.internal.loader.BuiltinClassLoader.loadClass(BuiltinClassLoader.java:583)
	at java.base/jdk.internal.loader.ClassLoaders$AppClassLoader.loadClass(ClassLoaders.java:178)
	at java.base/java.lang.ClassLoader.loadClass(ClassLoader.java:521)
	at java.base/java.lang.Class.forName0(Native Method)
	at java.base/java.lang.Class.forName(Class.java:398)
	at jdk.scripting.nashorn/jdk.nashorn.internal.runtime.Context.findClass(Context.java:1180)
	at jdk.scripting.nashorn/jdk.nashorn.internal.objects.NativeJava.simpleType(NativeJava.java:546)
	at jdk.scripting.nashorn/jdk.nashorn.internal.objects.NativeJava.type(NativeJava.java:326)
	at jdk.scripting.nashorn/jdk.nashorn.internal.objects.NativeJava.type(NativeJava.java:318)
	at jdk.scripting.nashorn/jdk.nashorn.internal.objects.NativeJava.type(NativeJava.java:314)
	at jdk.scripting.nashorn.scripts/jdk.nashorn.internal.scripts.Script$Recompilation$2279$require.L:1(/home/travis/build/icyphy/ptII/ptolemy/actor/lib/jjs/external/require.js#409:30<eval>:48)
	at jdk.scripting.nashorn.scripts/jdk.nashorn.internal.scripts.Script$Recompilation$2189$require.L:45#_require(/home/travis/build/icyphy/ptII/ptolemy/actor/lib/jjs/external/require.js:429)
	at jdk.scripting.nashorn.scripts/jdk.nashorn.internal.scripts.Script$Recompilation$2193$21065A$require.L:45#_requireClosure#L:466(/home/travis/build/icyphy/ptII/ptolemy/actor/lib/jjs/external/require.js:467)
	at jdk.scripting.nashorn.scripts/jdk.nashorn.internal.scripts.Script$Recompilation$2267$1AAAAAAAAAAAAAA$\^function\_.L:1(<function>:97)
	at jdk.scripting.nashorn.scripts/jdk.nashorn.internal.scripts.Script$Recompilation$2266$17933AAAAAA$require$cu1$restOf.L:1#Accessor(/home/travis/build/icyphy/ptII/ptolemy/actor/lib/jjs/external/require.js#409:30<eval>:545)
	at jdk.scripting.nashorn.scripts/jdk.nashorn.internal.scripts.Script$Recompilation$2252$2801AAA$\^eval\_.evaluateCode(<eval>:96)
	at jdk.scripting.nashorn/jdk.nashorn.internal.runtime.ScriptFunctionData.invoke(ScriptFunctionData.java:661)
	at jdk.scripting.nashorn/jdk.nashorn.internal.runtime.ScriptFunction.invoke(ScriptFunction.java:513)
	at jdk.scripting.nashorn/jdk.nashorn.internal.runtime.ScriptRuntime.apply(ScriptRuntime.java:527)
	at jdk.scripting.nashorn/jdk.nashorn.api.scripting.ScriptObjectMirror.callMember(ScriptObjectMirror.java:202)
	at jdk.scripting.nashorn/jdk.nashorn.api.scripting.NashornScriptEngine.invokeImpl(NashornScriptEngine.java:393)
	at jdk.scripting.nashorn/jdk.nashorn.api.scripting.NashornScriptEngine.invokeFunction(NashornScriptEngine.java:197)
	at ptolemy.actor.lib.jjs.JavaScript._createEngineAndEvaluateSetup(JavaScript.java:2493)
	at ptolemy.actor.lib.jjs.JavaScript.attributeChanged(JavaScript.java:548)
	at org.terraswarm.accessor.JSAccessor.attributeChanged(JSAccessor.java:312)
	at ptolemy.data.expr.Variable._setTokenAndNotify(Variable.java:2271)
	at ptolemy.data.expr.Variable._evaluate(Variable.java:1873)
	at ptolemy.data.expr.Variable._propagate(Variable.java:1984)
	at ptolemy.data.expr.Variable.validate(Variable.java:1596)
	at ptolemy.moml.MoMLParser.endDocument(MoMLParser.java:867)
	at com.microstar.xml.XmlParser.doParse(XmlParser.java:162)
	at com.microstar.xml.XmlParser.parse(XmlParser.java:132)
	at ptolemy.moml.MoMLParser.parse(MoMLParser.java:1676)
	at ptolemy.moml.MoMLParser.parse(MoMLParser.java:1617)
	at ptolemy.moml.MoMLParser.parse(MoMLParser.java:1792)
	at org.terraswarm.accessor.AccessorLibrary.populate(AccessorLibrary.java:194)
	at ptolemy.moml.EntityLibrary.classDefinitionList(EntityLibrary.java:307)
	at ptolemy.kernel.CompositeEntity._description(CompositeEntity.java:2292)
	at ptolemy.kernel.CompositeEntity._description(CompositeEntity.java:2307)
	at ptolemy.kernel.CompositeEntity._description(CompositeEntity.java:2307)
	at ptolemy.kernel.CompositeEntity._description(CompositeEntity.java:2307)
	at ptolemy.kernel.CompositeEntity._description(CompositeEntity.java:2307)
	at ptolemy.kernel.util.NamedObj.description(NamedObj.java:731)
	at ptolemy.kernel.util.NamedObj.description(NamedObj.java:715)
	at java.base/jdk.internal.reflect.NativeMethodAccessorImpl.invoke0(Native Method)
	at java.base/jdk.internal.reflect.NativeMethodAccessorImpl.invoke(NativeMethodAccessorImpl.java:62)
	at java.base/jdk.internal.reflect.DelegatingMethodAccessorImpl.invoke(DelegatingMethodAccessorImpl.java:43)
	at java.base/java.lang.reflect.Method.invoke(Method.java:566)
	at tcl.lang.reflect.PkgInvoker.invokeMethod(PkgInvoker.java:129)
	at tcl.lang.JavaInvoke.call(JavaInvoke.java:253)
	at tcl.lang.JavaInvoke.callMethod(JavaInvoke.java:116)
	at tcl.lang.ReflectObject.cmdProc(ReflectObject.java:727)
	at tcl.lang.Parser.evalObjv(Parser.java:740)
	at tcl.lang.Parser.eval2(Parser.java:1138)
	at tcl.lang.Parser.evalTokens(Parser.java:930)
	at tcl.lang.Parser.eval2(Parser.java:1125)
	at tcl.lang.Parser.evalTokens(Parser.java:930)
	at tcl.lang.Parser.eval2(Parser.java:1125)
	at tcl.lang.Interp.eval(Interp.java:1782)
	at tcl.lang.Interp.eval(Interp.java:1841)
	at tcl.lang.UplevelCmd.cmdProc(UplevelCmd.java:93)
	at tcl.lang.AutoloadStub.cmdProc(Extension.java:144)
	at tcl.lang.Parser.evalObjv(Parser.java:740)
	at tcl.lang.Parser.eval2(Parser.java:1138)
	at tcl.lang.Interp.eval(Interp.java:1782)
	at tcl.lang.Interp.eval(Interp.java:1841)
	at tcl.lang.CatchCmd.cmdProc(CatchCmd.java:42)
	at tcl.lang.Parser.evalObjv(Parser.java:740)
	at tcl.lang.Parser.eval2(Parser.java:1138)
	at tcl.lang.Parser.evalTokens(Parser.java:930)
	at tcl.lang.Parser.eval2(Parser.java:1125)
	at tcl.lang.Procedure.cmdProc(Procedure.java:175)
	at tcl.lang.Parser.evalObjv(Parser.java:740)
	at tcl.lang.Parser.eval2(Parser.java:1138)
	at tcl.lang.Interp.eval(Interp.java:1782)
	at tcl.lang.Interp.eval(Interp.java:1841)
	at tcl.lang.ForeachCmd.cmdProc(ForeachCmd.java:116)
	at tcl.lang.AutoloadStub.cmdProc(Extension.java:144)
	at tcl.lang.Parser.evalObjv(Parser.java:740)
	at tcl.lang.Parser.eval2(Parser.java:1138)
	at tcl.lang.Interp.eval(Interp.java:1782)
	at tcl.lang.Interp.evalFile(Interp.java:1880)
	at java.base/jdk.internal.reflect.NativeMethodAccessorImpl.invoke0(Native Method)
	at java.base/jdk.internal.reflect.NativeMethodAccessorImpl.invoke(NativeMethodAccessorImpl.java:62)
	at java.base/jdk.internal.reflect.DelegatingMethodAccessorImpl.invoke(DelegatingMethodAccessorImpl.java:43)
	at java.base/java.lang.reflect.Method.invoke(Method.java:566)
	at ptolemy.util.test.junit.TclTests.RunTclFile(TclTests.java:233)
	at java.base/jdk.internal.reflect.NativeMethodAccessorImpl.invoke0(Native Method)
	at java.base/jdk.internal.reflect.NativeMethodAccessorImpl.invoke(NativeMethodAccessorImpl.java:62)
	at java.base/jdk.internal.reflect.DelegatingMethodAccessorImpl.invoke(DelegatingMethodAccessorImpl.java:43)
	at java.base/java.lang.reflect.Method.invoke(Method.java:566)
	at org.junit.runners.model.FrameworkMethod$1.runReflectiveCall(FrameworkMethod.java:44)
	at org.junit.internal.runners.model.ReflectiveCallable.run(ReflectiveCallable.java:15)
	at org.junit.runners.model.FrameworkMethod.invokeExplosively(FrameworkMethod.java:41)
	at junitparams.internal.InvokeParameterisedMethod.evaluate(InvokeParameterisedMethod.java:102)
	at junitparams.internal.ParameterisedTestMethodRunner.runMethodInvoker(ParameterisedTestMethodRunner.java:47)
	at junitparams.internal.ParameterisedTestMethodRunner.runTestMethod(ParameterisedTestMethodRunner.java:41)
	at junitparams.internal.ParameterisedTestClassRunner.runParameterisedTest(ParameterisedTestClassRunner.java:143)
	at junitparams.JUnitParamsRunner.runChild(JUnitParamsRunner.java:237)
	at junitparams.JUnitParamsRunner.runChild(JUnitParamsRunner.java:215)
	at org.junit.runners.ParentRunner$3.run(ParentRunner.java:193)
	at org.junit.runners.ParentRunner$1.schedule(ParentRunner.java:52)
	at org.junit.runners.ParentRunner.runChildren(ParentRunner.java:191)
	at org.junit.runners.ParentRunner.access$000(ParentRunner.java:42)
	at org.junit.runners.ParentRunner$2.evaluate(ParentRunner.java:184)
	at org.junit.internal.runners.statements.RunAfters.evaluate(RunAfters.java:31)
	at org.junit.runners.ParentRunner.run(ParentRunner.java:236)
	at org.junit.runners.Suite.runChild(Suite.java:128)
	at org.junit.runners.Suite.runChild(Suite.java:24)
	at org.junit.runners.ParentRunner$3.run(ParentRunner.java:193)
	at org.junit.runners.ParentRunner$1.schedule(ParentRunner.java:52)
	at org.junit.runners.ParentRunner.runChildren(ParentRunner.java:191)
	at org.junit.runners.ParentRunner.access$000(ParentRunner.java:42)
	at org.junit.runners.ParentRunner$2.evaluate(ParentRunner.java:184)
	at org.junit.runners.ParentRunner.run(ParentRunner.java:236)
	at junit.framework.JUnit4TestAdapter.run(JUnit4TestAdapter.java:39)
	at org.apache.tools.ant.taskdefs.optional.junit.JUnitTestRunner.run(JUnitTestRunner.java:535)
	at org.apache.tools.ant.taskdefs.optional.junit.JUnitTestRunner.launch(JUnitTestRunner.java:1182)
	at org.apache.tools.ant.taskdefs.optional.junit.JUnitTestRunner.main(JUnitTestRunner.java:1033)
 in /home/travis/build/icyphy/ptII/ptolemy/actor/lib/jjs/external/require.js at line number 454 at column number 12
	at jdk.scripting.nashorn/jdk.nashorn.api.scripting.NashornScriptEngine.throwAsScriptException(NashornScriptEngine.java:477)
	at jdk.scripting.nashorn/jdk.nashorn.api.scripting.NashornScriptEngine.invokeImpl(NashornScriptEngine.java:399)
	at jdk.scripting.nashorn/jdk.nashorn.api.scripting.NashornScriptEngine.invokeFunction(NashornScriptEngine.java:197)
	at ptolemy.actor.lib.jjs.JavaScript._createEngineAndEvaluateSetup(JavaScript.java:2493)
	... 96 more
Caused by: /home/travis/build/icyphy/ptII/ptolemy/actor/lib/jjs/external/require.js:454:12 Error: Error executing module audio line #undefined : ptolemy.actor.lib.jjs.modules.audio.AudioHelper
In file: /home/travis/build/icyphy/ptII/ptolemy/actor/lib/jjs/modules/audio/audio.js

java.lang.ClassNotFoundException: ptolemy.actor.lib.jjs.modules.audio.AudioHelper
	at java.base/jdk.internal.loader.BuiltinClassLoader.loadClass(BuiltinClassLoader.java:583)
	at java.base/jdk.internal.loader.ClassLoaders$AppClassLoader.loadClass(ClassLoaders.java:178)
	at java.base/java.lang.ClassLoader.loadClass(ClassLoader.java:521)
	at java.base/java.lang.Class.forName0(Native Method)
	at java.base/java.lang.Class.forName(Class.java:398)
	at jdk.scripting.nashorn/jdk.nashorn.internal.runtime.Context.findClass(Context.java:1180)
	at jdk.scripting.nashorn/jdk.nashorn.internal.objects.NativeJava.simpleType(NativeJava.java:546)
	at jdk.scripting.nashorn/jdk.nashorn.internal.objects.NativeJava.type(NativeJava.java:326)
	at jdk.scripting.nashorn/jdk.nashorn.internal.objects.NativeJava.type(NativeJava.java:318)
	at jdk.scripting.nashorn/jdk.nashorn.internal.objects.NativeJava.type(NativeJava.java:314)
	at jdk.scripting.nashorn.scripts/jdk.nashorn.internal.scripts.Script$Recompilation$2279$require.L:1(/home/travis/build/icyphy/ptII/ptolemy/actor/lib/jjs/external/require.js#409:30<eval>:48)
	at jdk.scripting.nashorn.scripts/jdk.nashorn.internal.scripts.Script$Recompilation$2189$require.L:45#_require(/home/travis/build/icyphy/ptII/ptolemy/actor/lib/jjs/external/require.js:429)
	at jdk.scripting.nashorn.scripts/jdk.nashorn.internal.scripts.Script$Recompilation$2193$21065A$require.L:45#_requireClosure#L:466(/home/travis/build/icyphy/ptII/ptolemy/actor/lib/jjs/external/require.js:467)
	at jdk.scripting.nashorn.scripts/jdk.nashorn.internal.scripts.Script$Recompilation$2267$1AAAAAAAAAAAAAA$\^function\_.L:1(<function>:97)
	at jdk.scripting.nashorn.scripts/jdk.nashorn.internal.scripts.Script$Recompilation$2266$17933AAAAAA$require$cu1$restOf.L:1#Accessor(/home/travis/build/icyphy/ptII/ptolemy/actor/lib/jjs/external/require.js#409:30<eval>:545)
	at jdk.scripting.nashorn.scripts/jdk.nashorn.internal.scripts.Script$Recompilation$2252$2801AAA$\^eval\_.evaluateCode(<eval>:96)
	at jdk.scripting.nashorn/jdk.nashorn.internal.runtime.ScriptFunctionData.invoke(ScriptFunctionData.java:661)
	at jdk.scripting.nashorn/jdk.nashorn.internal.runtime.ScriptFunction.invoke(ScriptFunction.java:513)
	at jdk.scripting.nashorn/jdk.nashorn.internal.runtime.ScriptRuntime.apply(ScriptRuntime.java:527)
	at jdk.scripting.nashorn/jdk.nashorn.api.scripting.ScriptObjectMirror.callMember(ScriptObjectMirror.java:202)
	at jdk.scripting.nashorn/jdk.nashorn.api.scripting.NashornScriptEngine.invokeImpl(NashornScriptEngine.java:393)
	at jdk.scripting.nashorn/jdk.nashorn.api.scripting.NashornScriptEngine.invokeFunction(NashornScriptEngine.java:197)
	at ptolemy.actor.lib.jjs.JavaScript._createEngineAndEvaluateSetup(JavaScript.java:2493)
	at ptolemy.actor.lib.jjs.JavaScript.attributeChanged(JavaScript.java:548)
	at org.terraswarm.accessor.JSAccessor.attributeChanged(JSAccessor.java:312)
	at ptolemy.data.expr.Variable._setTokenAndNotify(Variable.java:2271)
	at ptolemy.data.expr.Variable._evaluate(Variable.java:1873)
	at ptolemy.data.expr.Variable._propagate(Variable.java:1984)
	at ptolemy.data.expr.Variable.validate(Variable.java:1596)
	at ptolemy.moml.MoMLParser.endDocument(MoMLParser.java:867)
	at com.microstar.xml.XmlParser.doParse(XmlParser.java:162)
	at com.microstar.xml.XmlParser.parse(XmlParser.java:132)
	at ptolemy.moml.MoMLParser.parse(MoMLParser.java:1676)
	at ptolemy.moml.MoMLParser.parse(MoMLParser.java:1617)
	at ptolemy.moml.MoMLParser.parse(MoMLParser.java:1792)
	at org.terraswarm.accessor.AccessorLibrary.populate(AccessorLibrary.java:194)
	at ptolemy.moml.EntityLibrary.classDefinitionList(EntityLibrary.java:307)
	at ptolemy.kernel.CompositeEntity._description(CompositeEntity.java:2292)
	at ptolemy.kernel.CompositeEntity._description(CompositeEntity.java:2307)
	at ptolemy.kernel.CompositeEntity._description(CompositeEntity.java:2307)
	at ptolemy.kernel.CompositeEntity._description(CompositeEntity.java:2307)
	at ptolemy.kernel.CompositeEntity._description(CompositeEntity.java:2307)
	at ptolemy.kernel.util.NamedObj.description(NamedObj.java:731)
	at ptolemy.kernel.util.NamedObj.description(NamedObj.java:715)
	at java.base/jdk.internal.reflect.NativeMethodAccessorImpl.invoke0(Native Method)
	at java.base/jdk.internal.reflect.NativeMethodAccessorImpl.invoke(NativeMethodAccessorImpl.java:62)
	at java.base/jdk.internal.reflect.DelegatingMethodAccessorImpl.invoke(DelegatingMethodAccessorImpl.java:43)
	at java.base/java.lang.reflect.Method.invoke(Method.java:566)
	at tcl.lang.reflect.PkgInvoker.invokeMethod(PkgInvoker.java:129)
	at tcl.lang.JavaInvoke.call(JavaInvoke.java:253)
	at tcl.lang.JavaInvoke.callMethod(JavaInvoke.java:116)
	at tcl.lang.ReflectObject.cmdProc(ReflectObject.java:727)
	at tcl.lang.Parser.evalObjv(Parser.java:740)
	at tcl.lang.Parser.eval2(Parser.java:1138)
	at tcl.lang.Parser.evalTokens(Parser.java:930)
	at tcl.lang.Parser.eval2(Parser.java:1125)
	at tcl.lang.Parser.evalTokens(Parser.java:930)
	at tcl.lang.Parser.eval2(Parser.java:1125)
	at tcl.lang.Interp.eval(Interp.java:1782)
	at tcl.lang.Interp.eval(Interp.java:1841)
	at tcl.lang.UplevelCmd.cmdProc(UplevelCmd.java:93)
	at tcl.lang.AutoloadStub.cmdProc(Extension.java:144)
	at tcl.lang.Parser.evalObjv(Parser.java:740)
	at tcl.lang.Parser.eval2(Parser.java:1138)
	at tcl.lang.Interp.eval(Interp.java:1782)
	at tcl.lang.Interp.eval(Interp.java:1841)
	at tcl.lang.CatchCmd.cmdProc(CatchCmd.java:42)
	at tcl.lang.Parser.evalObjv(Parser.java:740)
	at tcl.lang.Parser.eval2(Parser.java:1138)
	at tcl.lang.Parser.evalTokens(Parser.java:930)
	at tcl.lang.Parser.eval2(Parser.java:1125)
	at tcl.lang.Procedure.cmdProc(Procedure.java:175)
	at tcl.lang.Parser.evalObjv(Parser.java:740)
	at tcl.lang.Parser.eval2(Parser.java:1138)
	at tcl.lang.Interp.eval(Interp.java:1782)
	at tcl.lang.Interp.eval(Interp.java:1841)
	at tcl.lang.ForeachCmd.cmdProc(ForeachCmd.java:116)
	at tcl.lang.AutoloadStub.cmdProc(Extension.java:144)
	at tcl.lang.Parser.evalObjv(Parser.java:740)
	at tcl.lang.Parser.eval2(Parser.java:1138)
	at tcl.lang.Interp.eval(Interp.java:1782)
	at tcl.lang.Interp.evalFile(Interp.java:1880)
	at java.base/jdk.internal.reflect.NativeMethodAccessorImpl.invoke0(Native Method)
	at java.base/jdk.internal.reflect.NativeMethodAccessorImpl.invoke(NativeMethodAccessorImpl.java:62)
	at java.base/jdk.internal.reflect.DelegatingMethodAccessorImpl.invoke(DelegatingMethodAccessorImpl.java:43)
	at java.base/java.lang.reflect.Method.invoke(Method.java:566)
	at ptolemy.util.test.junit.TclTests.RunTclFile(TclTests.java:233)
	at java.base/jdk.internal.reflect.NativeMethodAccessorImpl.invoke0(Native Method)
	at java.base/jdk.internal.reflect.NativeMethodAccessorImpl.invoke(NativeMethodAccessorImpl.java:62)
	at java.base/jdk.internal.reflect.DelegatingMethodAccessorImpl.invoke(DelegatingMethodAccessorImpl.java:43)
	at java.base/java.lang.reflect.Method.invoke(Method.java:566)
	at org.junit.runners.model.FrameworkMethod$1.runReflectiveCall(FrameworkMethod.java:44)
	at org.junit.internal.runners.model.ReflectiveCallable.run(ReflectiveCallable.java:15)
	at org.junit.runners.model.FrameworkMethod.invokeExplosively(FrameworkMethod.java:41)
	at junitparams.internal.InvokeParameterisedMethod.evaluate(InvokeParameterisedMethod.java:102)
	at junitparams.internal.ParameterisedTestMethodRunner.runMethodInvoker(ParameterisedTestMethodRunner.java:47)
	at junitparams.internal.ParameterisedTestMethodRunner.runTestMethod(ParameterisedTestMethodRunner.java:41)
	at junitparams.internal.ParameterisedTestClassRunner.runParameterisedTest(ParameterisedTestClassRunner.java:143)
	at junitparams.JUnitParamsRunner.runChild(JUnitParamsRunner.java:237)
	at junitparams.JUnitParamsRunner.runChild(JUnitParamsRunner.java:215)
	at org.junit.runners.ParentRunner$3.run(ParentRunner.java:193)
	at org.junit.runners.ParentRunner$1.schedule(ParentRunner.java:52)
	at org.junit.runners.ParentRunner.runChildren(ParentRunner.java:191)
	at org.junit.runners.ParentRunner.access$000(ParentRunner.java:42)
	at org.junit.runners.ParentRunner$2.evaluate(ParentRunner.java:184)
	at org.junit.internal.runners.statements.RunAfters.evaluate(RunAfters.java:31)
	at org.junit.runners.ParentRunner.run(ParentRunner.java:236)
	at org.junit.runners.Suite.runChild(Suite.java:128)
	at org.junit.runners.Suite.runChild(Suite.java:24)
	at org.junit.runners.ParentRunner$3.run(ParentRunner.java:193)
	at org.junit.runners.ParentRunner$1.schedule(ParentRunner.java:52)
	at org.junit.runners.ParentRunner.runChildren(ParentRunner.java:191)
	at org.junit.runners.ParentRunner.access$000(ParentRunner.java:42)
	at org.junit.runners.ParentRunner$2.evaluate(ParentRunner.java:184)
	at org.junit.runners.ParentRunner.run(ParentRunner.java:236)
	at junit.framework.JUnit4TestAdapter.run(JUnit4TestAdapter.java:39)
	at org.apache.tools.ant.taskdefs.optional.junit.JUnitTestRunner.run(JUnitTestRunner.java:535)
	at org.apache.tools.ant.taskdefs.optional.junit.JUnitTestRunner.launch(JUnitTestRunner.java:1182)
	at org.apache.tools.ant.taskdefs.optional.junit.JUnitTestRunner.main(JUnitTestRunner.java:1033)

	at jdk.scripting.nashorn/jdk.nashorn.internal.objects.NativeError.initException(NativeError.java:135)
	at jdk.scripting.nashorn/jdk.nashorn.internal.objects.NativeError.<init>(NativeError.java:101)
	at jdk.scripting.nashorn/jdk.nashorn.internal.objects.NativeError.<init>(NativeError.java:105)
	at jdk.scripting.nashorn/jdk.nashorn.internal.objects.NativeError.<init>(NativeError.java:109)
	at jdk.scripting.nashorn/jdk.nashorn.internal.objects.NativeError.constructor(NativeError.java:128)
	at jdk.scripting.nashorn.scripts/jdk.nashorn.internal.scripts.Script$Recompilation$2285$require$cu1$restOf.L:45#_require(/home/travis/build/icyphy/ptII/ptolemy/actor/lib/jjs/external/require.js:454)
	at jdk.scripting.nashorn.scripts/jdk.nashorn.internal.scripts.Script$Recompilation$2193$21065A$require.L:45#_requireClosure#L:466(/home/travis/build/icyphy/ptII/ptolemy/actor/lib/jjs/external/require.js:467)
	at jdk.scripting.nashorn.scripts/jdk.nashorn.internal.scripts.Script$Recompilation$2267$1AAAAAAAAAAAAAA$\^function\_.L:1(<function>:97)
	at jdk.scripting.nashorn.scripts/jdk.nashorn.internal.scripts.Script$Recompilation$2266$17933AAAAAA$require$cu1$restOf.L:1#Accessor(/home/travis/build/icyphy/ptII/ptolemy/actor/lib/jjs/external/require.js#409:30<eval>:545)
	at jdk.scripting.nashorn.scripts/jdk.nashorn.internal.scripts.Script$Recompilation$2252$2801AAA$\^eval\_.evaluateCode(<eval>:96)
	at jdk.scripting.nashorn/jdk.nashorn.internal.runtime.ScriptFunctionData.invoke(ScriptFunctionData.java:661)
	at jdk.scripting.nashorn/jdk.nashorn.internal.runtime.ScriptFunction.invoke(ScriptFunction.java:513)
	at jdk.scripting.nashorn/jdk.nashorn.internal.runtime.ScriptRuntime.apply(ScriptRuntime.java:527)
	at jdk.scripting.nashorn/jdk.nashorn.api.scripting.ScriptObjectMirror.callMember(ScriptObjectMirror.java:202)
	at jdk.scripting.nashorn/jdk.nashorn.api.scripting.NashornScriptEngine.invokeImpl(NashornScriptEngine.java:393)
	... 98 more
Caused by: ptolemy.kernel.util.IllegalActionException: Error evaluating expression:
// Copyright (c) 2015-2017 The Regents of the University of California.
...
  in .configuration.actor library.MoreLibraries.Accessors.audio.AudioCapture.script
Because:
Failed to evaluate script.
  in .configuration.actor library.MoreLibraries.Accessors.audio.AudioCapture
Because:
Error: Error executing module audio line #undefined : ptolemy.actor.lib.jjs.modules.audio.AudioHelper
In file: /home/travis/build/icyphy/ptII/ptolemy/actor/lib/jjs/modules/audio/audio.js

java.lang.ClassNotFoundException: ptolemy.actor.lib.jjs.modules.audio.AudioHelper
	at java.base/jdk.internal.loader.BuiltinClassLoader.loadClass(BuiltinClassLoader.java:583)
	at java.base/jdk.internal.loader.ClassLoaders$AppClassLoader.loadClass(ClassLoaders.java:178)
	at java.base/java.lang.ClassLoader.loadClass(ClassLoader.java:521)
	at java.base/java.lang.Class.forName0(Native Method)
	at java.base/java.lang.Class.forName(Class.java:398)
	at jdk.scripting.nashorn/jdk.nashorn.internal.runtime.Context.findClass(Context.java:1180)
	at jdk.scripting.nashorn/jdk.nashorn.internal.objects.NativeJava.simpleType(NativeJava.java:546)
	at jdk.scripting.nashorn/jdk.nashorn.internal.objects.NativeJava.type(NativeJava.java:326)
	at jdk.scripting.nashorn/jdk.nashorn.internal.objects.NativeJava.type(NativeJava.java:318)
	at jdk.scripting.nashorn/jdk.nashorn.internal.objects.NativeJava.type(NativeJava.java:314)
	at jdk.scripting.nashorn.scripts/jdk.nashorn.internal.scripts.Script$Recompilation$2279$require.L:1(/home/travis/build/icyphy/ptII/ptolemy/actor/lib/jjs/external/require.js#409:30<eval>:48)
	at jdk.scripting.nashorn.scripts/jdk.nashorn.internal.scripts.Script$Recompilation$2189$require.L:45#_require(/home/travis/build/icyphy/ptII/ptolemy/actor/lib/jjs/external/require.js:429)
	at jdk.scripting.nashorn.scripts/jdk.nashorn.internal.scripts.Script$Recompilation$2193$21065A$require.L:45#_requireClosure#L:466(/home/travis/build/icyphy/ptII/ptolemy/actor/lib/jjs/external/require.js:467)
	at jdk.scripting.nashorn.scripts/jdk.nashorn.internal.scripts.Script$Recompilation$2267$1AAAAAAAAAAAAAA$\^function\_.L:1(<function>:97)
	at jdk.scripting.nashorn.scripts/jdk.nashorn.internal.scripts.Script$Recompilation$2266$17933AAAAAA$require$cu1$restOf.L:1#Accessor(/home/travis/build/icyphy/ptII/ptolemy/actor/lib/jjs/external/require.js#409:30<eval>:545)
	at jdk.scripting.nashorn.scripts/jdk.nashorn.internal.scripts.Script$Recompilation$2252$2801AAA$\^eval\_.evaluateCode(<eval>:96)
	at jdk.scripting.nashorn/jdk.nashorn.internal.runtime.ScriptFunctionData.invoke(ScriptFunctionData.java:661)
	at jdk.scripting.nashorn/jdk.nashorn.internal.runtime.ScriptFunction.invoke(ScriptFunction.java:513)
	at jdk.scripting.nashorn/jdk.nashorn.internal.runtime.ScriptRuntime.apply(ScriptRuntime.java:527)
	at jdk.scripting.nashorn/jdk.nashorn.api.scripting.ScriptObjectMirror.callMember(ScriptObjectMirror.java:202)
	at jdk.scripting.nashorn/jdk.nashorn.api.scripting.NashornScriptEngine.invokeImpl(NashornScriptEngine.java:393)
	at jdk.scripting.nashorn/jdk.nashorn.api.scripting.NashornScriptEngine.invokeFunction(NashornScriptEngine.java:197)
	at ptolemy.actor.lib.jjs.JavaScript._createEngineAndEvaluateSetup(JavaScript.java:2493)
	at ptolemy.actor.lib.jjs.JavaScript.attributeChanged(JavaScript.java:548)
	at org.terraswarm.accessor.JSAccessor.attributeChanged(JSAccessor.java:312)
	at ptolemy.data.expr.Variable._setTokenAndNotify(Variable.java:2271)
	at ptolemy.data.expr.Variable._evaluate(Variable.java:1873)
	at ptolemy.data.expr.Variable._propagate(Variable.java:1984)
	at ptolemy.data.expr.Variable.validate(Variable.java:1596)
	at ptolemy.moml.MoMLParser.endDocument(MoMLParser.java:867)
	at com.microstar.xml.XmlParser.doParse(XmlParser.java:162)
	at com.microstar.xml.XmlParser.parse(XmlParser.java:132)
	at ptolemy.moml.MoMLParser.parse(MoMLParser.java:1676)
	at ptolemy.moml.MoMLParser.parse(MoMLParser.java:1617)
	at ptolemy.moml.MoMLParser.parse(MoMLParser.java:1792)
	at org.terraswarm.accessor.AccessorLibrary.populate(AccessorLibrary.java:194)
	at ptolemy.moml.EntityLibrary.classDefinitionList(EntityLibrary.java:307)
	at ptolemy.kernel.CompositeEntity._description(CompositeEntity.java:2292)
	at ptolemy.kernel.CompositeEntity._description(CompositeEntity.java:2307)
	at ptolemy.kernel.CompositeEntity._description(CompositeEntity.java:2307)
	at ptolemy.kernel.CompositeEntity._description(CompositeEntity.java:2307)
	at ptolemy.kernel.CompositeEntity._description(CompositeEntity.java:2307)
	at ptolemy.kernel.util.NamedObj.description(NamedObj.java:731)
	at ptolemy.kernel.util.NamedObj.description(NamedObj.java:715)
	at java.base/jdk.internal.reflect.NativeMethodAccessorImpl.invoke0(Native Method)
	at java.base/jdk.internal.reflect.NativeMethodAccessorImpl.invoke(NativeMethodAccessorImpl.java:62)
	at java.base/jdk.internal.reflect.DelegatingMethodAccessorImpl.invoke(DelegatingMethodAccessorImpl.java:43)
	at java.base/java.lang.reflect.Method.invoke(Method.java:566)
	at tcl.lang.reflect.PkgInvoker.invokeMethod(PkgInvoker.java:129)
	at tcl.lang.JavaInvoke.call(JavaInvoke.java:253)
	at tcl.lang.JavaInvoke.callMethod(JavaInvoke.java:116)
	at tcl.lang.ReflectObject.cmdProc(ReflectObject.java:727)
	at tcl.lang.Parser.evalObjv(Parser.java:740)
	at tcl.lang.Parser.eval2(Parser.java:1138)
	at tcl.lang.Parser.evalTokens(Parser.java:930)
	at tcl.lang.Parser.eval2(Parser.java:1125)
	at tcl.lang.Parser.evalTokens(Parser.java:930)
	at tcl.lang.Parser.eval2(Parser.java:1125)
	at tcl.lang.Interp.eval(Interp.java:1782)
	at tcl.lang.Interp.eval(Interp.java:1841)
	at tcl.lang.UplevelCmd.cmdProc(UplevelCmd.java:93)
	at tcl.lang.AutoloadStub.cmdProc(Extension.java:144)
	at tcl.lang.Parser.evalObjv(Parser.java:740)
	at tcl.lang.Parser.eval2(Parser.java:1138)
	at tcl.lang.Interp.eval(Interp.java:1782)
	at tcl.lang.Interp.eval(Interp.java:1841)
	at tcl.lang.CatchCmd.cmdProc(CatchCmd.java:42)
	at tcl.lang.Parser.evalObjv(Parser.java:740)
	at tcl.lang.Parser.eval2(Parser.java:1138)
	at tcl.lang.Parser.evalTokens(Parser.java:930)
	at tcl.lang.Parser.eval2(Parser.java:1125)
	at tcl.lang.Procedure.cmdProc(Procedure.java:175)
	at tcl.lang.Parser.evalObjv(Parser.java:740)
	at tcl.lang.Parser.eval2(Parser.java:1138)
	at tcl.lang.Interp.eval(Interp.java:1782)
	at tcl.lang.Interp.eval(Interp.java:1841)
	at tcl.lang.ForeachCmd.cmdProc(ForeachCmd.java:116)
	at tcl.lang.AutoloadStub.cmdProc(Extension.java:144)
	at tcl.lang.Parser.evalObjv(Parser.java:740)
	at tcl.lang.Parser.eval2(Parser.java:1138)
	at tcl.lang.Interp.eval(Interp.java:1782)
	at tcl.lang.Interp.evalFile(Interp.java:1880)
	at java.base/jdk.internal.reflect.NativeMethodAccessorImpl.invoke0(Native Method)
	at java.base/jdk.internal.reflect.NativeMethodAccessorImpl.invoke(NativeMethodAccessorImpl.java:62)
	at java.base/jdk.internal.reflect.DelegatingMethodAccessorImpl.invoke(DelegatingMethodAccessorImpl.java:43)
	at java.base/java.lang.reflect.Method.invoke(Method.java:566)
	at ptolemy.util.test.junit.TclTests.RunTclFile(TclTests.java:233)
	at java.base/jdk.internal.reflect.NativeMethodAccessorImpl.invoke0(Native Method)
	at java.base/jdk.internal.reflect.NativeMethodAccessorImpl.invoke(NativeMethodAccessorImpl.java:62)
	at java.base/jdk.internal.reflect.DelegatingMethodAccessorImpl.invoke(DelegatingMethodAccessorImpl.java:43)
	at java.base/java.lang.reflect.Method.invoke(Method.java:566)
	at org.junit.runners.model.FrameworkMethod$1.runReflectiveCall(FrameworkMethod.java:44)
	at org.junit.internal.runners.model.ReflectiveCallable.run(ReflectiveCallable.java:15)
	at org.junit.runners.model.FrameworkMethod.invokeExplosively(FrameworkMethod.java:41)
	at junitparams.internal.InvokeParameterisedMethod.evaluate(InvokeParameterisedMethod.java:102)
	at junitparams.internal.ParameterisedTestMethodRunner.runMethodInvoker(ParameterisedTestMethodRunner.java:47)
	at junitparams.internal.ParameterisedTestMethodRunner.runTestMethod(ParameterisedTestMethodRunner.java:41)
	at junitparams.internal.ParameterisedTestClassRunner.runParameterisedTest(ParameterisedTestClassRunner.java:143)
	at junitparams.JUnitParamsRunner.runChild(JUnitParamsRunner.java:237)
	at junitparams.JUnitParamsRunner.runChild(JUnitParamsRunner.java:215)
	at org.junit.runners.ParentRunner$3.run(ParentRunner.java:193)
	at org.junit.runners.ParentRunner$1.schedule(ParentRunner.java:52)
	at org.junit.runners.ParentRunner.runChildren(ParentRunner.java:191)
	at org.junit.runners.ParentRunner.access$000(ParentRunner.java:42)
	at org.junit.runners.ParentRunner$2.evaluate(ParentRunner.java:184)
	at org.junit.internal.runners.statements.RunAfters.evaluate(RunAfters.java:31)
	at org.junit.runners.ParentRunner.run(ParentRunner.java:236)
	at org.junit.runners.Suite.runChild(Suite.java:128)
	at org.junit.runners.Suite.runChild(Suite.java:24)
	at org.junit.runners.ParentRunner$3.run(ParentRunner.java:193)
	at org.junit.runners.ParentRunner$1.schedule(ParentRunner.java:52)
	at org.junit.runners.ParentRunner.runChildren(ParentRunner.java:191)
	at org.junit.runners.ParentRunner.access$000(ParentRunner.java:42)
	at org.junit.runners.ParentRunner$2.evaluate(ParentRunner.java:184)
	at org.junit.runners.ParentRunner.run(ParentRunner.java:236)
	at junit.framework.JUnit4TestAdapter.run(JUnit4TestAdapter.java:39)
	at org.apache.tools.ant.taskdefs.optional.junit.JUnitTestRunner.run(JUnitTestRunner.java:535)
	at org.apache.tools.ant.taskdefs.optional.junit.JUnitTestRunner.launch(JUnitTestRunner.java:1182)
	at org.apache.tools.ant.taskdefs.optional.junit.JUnitTestRunner.main(JUnitTestRunner.java:1033)
 in /home/travis/build/icyphy/ptII/ptolemy/actor/lib/jjs/external/require.js at line number 454 at column number 12
  in .configuration.actor library.MoreLibraries.Accessors.audio.AudioCapture.script
Because:
Error evaluating expression:
// Copyright (c) 2015-2017 The Regents of the University of California.
...
  in .configuration.actor library.MoreLibraries.Accessors.audio.AudioCapture.script
Because:
Failed to evaluate script.
  in .configuration.actor library.MoreLibraries.Accessors.audio.AudioCapture
Because:
Error: Error executing module audio line #undefined : ptolemy.actor.lib.jjs.modules.audio.AudioHelper
In file: /home/travis/build/icyphy/ptII/ptolemy/actor/lib/jjs/modules/audio/audio.js

java.lang.ClassNotFoundException: ptolemy.actor.lib.jjs.modules.audio.AudioHelper
	at java.base/jdk.internal.loader.BuiltinClassLoader.loadClass(BuiltinClassLoader.java:583)
	at java.base/jdk.internal.loader.ClassLoaders$AppClassLoader.loadClass(ClassLoaders.java:178)
	at java.base/java.lang.ClassLoader.loadClass(ClassLoader.java:521)
	at java.base/java.lang.Class.forName0(Native Method)
	at java.base/java.lang.Class.forName(Class.java:398)
	at jdk.scripting.nashorn/jdk.nashorn.internal.runtime.Context.findClass(Context.java:1180)
	at jdk.scripting.nashorn/jdk.nashorn.internal.objects.NativeJava.simpleType(NativeJava.java:546)
	at jdk.scripting.nashorn/jdk.nashorn.internal.objects.NativeJava.type(NativeJava.java:326)
	at jdk.scripting.nashorn/jdk.nashorn.internal.objects.NativeJava.type(NativeJava.java:318)
	at jdk.scripting.nashorn/jdk.nashorn.internal.objects.NativeJava.type(NativeJava.java:314)
	at jdk.scripting.nashorn.scripts/jdk.nashorn.internal.scripts.Script$Recompilation$2279$require.L:1(/home/travis/build/icyphy/ptII/ptolemy/actor/lib/jjs/external/require.js#409:30<eval>:48)
	at jdk.scripting.nashorn.scripts/jdk.nashorn.internal.scripts.Script$Recompilation$2189$require.L:45#_require(/home/travis/build/icyphy/ptII/ptolemy/actor/lib/jjs/external/require.js:429)
	at jdk.scripting.nashorn.scripts/jdk.nashorn.internal.scripts.Script$Recompilation$2193$21065A$require.L:45#_requireClosure#L:466(/home/travis/build/icyphy/ptII/ptolemy/actor/lib/jjs/external/require.js:467)
	at jdk.scripting.nashorn.scripts/jdk.nashorn.internal.scripts.Script$Recompilation$2267$1AAAAAAAAAAAAAA$\^function\_.L:1(<function>:97)
	at jdk.scripting.nashorn.scripts/jdk.nashorn.internal.scripts.Script$Recompilation$2266$17933AAAAAA$require$cu1$restOf.L:1#Accessor(/home/travis/build/icyphy/ptII/ptolemy/actor/lib/jjs/external/require.js#409:30<eval>:545)
	at jdk.scripting.nashorn.scripts/jdk.nashorn.internal.scripts.Script$Recompilation$2252$2801AAA$\^eval\_.evaluateCode(<eval>:96)
	at jdk.scripting.nashorn/jdk.nashorn.internal.runtime.ScriptFunctionData.invoke(ScriptFunctionData.java:661)
	at jdk.scripting.nashorn/jdk.nashorn.internal.runtime.ScriptFunction.invoke(ScriptFunction.java:513)
	at jdk.scripting.nashorn/jdk.nashorn.internal.runtime.ScriptRuntime.apply(ScriptRuntime.java:527)
	at jdk.scripting.nashorn/jdk.nashorn.api.scripting.ScriptObjectMirror.callMember(ScriptObjectMirror.java:202)
	at jdk.scripting.nashorn/jdk.nashorn.api.scripting.NashornScriptEngine.invokeImpl(NashornScriptEngine.java:393)
	at jdk.scripting.nashorn/jdk.nashorn.api.scripting.NashornScriptEngine.invokeFunction(NashornScriptEngine.java:197)
	at ptolemy.actor.lib.jjs.JavaScript._createEngineAndEvaluateSetup(JavaScript.java:2493)
	at ptolemy.actor.lib.jjs.JavaScript.attributeChanged(JavaScript.java:548)
	at org.terraswarm.accessor.JSAccessor.attributeChanged(JSAccessor.java:312)
	at ptolemy.data.expr.Variable._setTokenAndNotify(Variable.java:2271)
	at ptolemy.data.expr.Variable._evaluate(Variable.java:1873)
	at ptolemy.data.expr.Variable._propagate(Variable.java:1984)
	at ptolemy.data.expr.Variable.validate(Variable.java:1596)
	at ptolemy.moml.MoMLParser.endDocument(MoMLParser.java:867)
	at com.microstar.xml.XmlParser.doParse(XmlParser.java:162)
	at com.microstar.xml.XmlParser.parse(XmlParser.java:132)
	at ptolemy.moml.MoMLParser.parse(MoMLParser.java:1676)
	at ptolemy.moml.MoMLParser.parse(MoMLParser.java:1617)
	at ptolemy.moml.MoMLParser.parse(MoMLParser.java:1792)
	at org.terraswarm.accessor.AccessorLibrary.populate(AccessorLibrary.java:194)
	at ptolemy.moml.EntityLibrary.classDefinitionList(EntityLibrary.java:307)
	at ptolemy.kernel.CompositeEntity._description(CompositeEntity.java:2292)
	at ptolemy.kernel.CompositeEntity._description(CompositeEntity.java:2307)
	at ptolemy.kernel.CompositeEntity._description(CompositeEntity.java:2307)
	at ptolemy.kernel.CompositeEntity._description(CompositeEntity.java:2307)
	at ptolemy.kernel.CompositeEntity._description(CompositeEntity.java:2307)
	at ptolemy.kernel.util.NamedObj.description(NamedObj.java:731)
	at ptolemy.kernel.util.NamedObj.description(NamedObj.java:715)
	at java.base/jdk.internal.reflect.NativeMethodAccessorImpl.invoke0(Native Method)
	at java.base/jdk.internal.reflect.NativeMethodAccessorImpl.invoke(NativeMethodAccessorImpl.java:62)
	at java.base/jdk.internal.reflect.DelegatingMethodAccessorImpl.invoke(DelegatingMethodAccessorImpl.java:43)
	at java.base/java.lang.reflect.Method.invoke(Method.java:566)
	at tcl.lang.reflect.PkgInvoker.invokeMethod(PkgInvoker.java:129)
	at tcl.lang.JavaInvoke.call(JavaInvoke.java:253)
	at tcl.lang.JavaInvoke.callMethod(JavaInvoke.java:116)
	at tcl.lang.ReflectObject.cmdProc(ReflectObject.java:727)
	at tcl.lang.Parser.evalObjv(Parser.java:740)
	at tcl.lang.Parser.eval2(Parser.java:1138)
	at tcl.lang.Parser.evalTokens(Parser.java:930)
	at tcl.lang.Parser.eval2(Parser.java:1125)
	at tcl.lang.Parser.evalTokens(Parser.java:930)
	at tcl.lang.Parser.eval2(Parser.java:1125)
	at tcl.lang.Interp.eval(Interp.java:1782)
	at tcl.lang.Interp.eval(Interp.java:1841)
	at tcl.lang.UplevelCmd.cmdProc(UplevelCmd.java:93)
	at tcl.lang.AutoloadStub.cmdProc(Extension.java:144)
	at tcl.lang.Parser.evalObjv(Parser.java:740)
	at tcl.lang.Parser.eval2(Parser.java:1138)
	at tcl.lang.Interp.eval(Interp.java:1782)
	at tcl.lang.Interp.eval(Interp.java:1841)
	at tcl.lang.CatchCmd.cmdProc(CatchCmd.java:42)
	at tcl.lang.Parser.evalObjv(Parser.java:740)
	at tcl.lang.Parser.eval2(Parser.java:1138)
	at tcl.lang.Parser.evalTokens(Parser.java:930)
	at tcl.lang.Parser.eval2(Parser.java:1125)
	at tcl.lang.Procedure.cmdProc(Procedure.java:175)
	at tcl.lang.Parser.evalObjv(Parser.java:740)
	at tcl.lang.Parser.eval2(Parser.java:1138)
	at tcl.lang.Interp.eval(Interp.java:1782)
	at tcl.lang.Interp.eval(Interp.java:1841)
	at tcl.lang.ForeachCmd.cmdProc(ForeachCmd.java:116)
	at tcl.lang.AutoloadStub.cmdProc(Extension.java:144)
	at tcl.lang.Parser.evalObjv(Parser.java:740)
	at tcl.lang.Parser.eval2(Parser.java:1138)
	at tcl.lang.Interp.eval(Interp.java:1782)
	at tcl.lang.Interp.evalFile(Interp.java:1880)
	at java.base/jdk.internal.reflect.NativeMethodAccessorImpl.invoke0(Native Method)
	at java.base/jdk.internal.reflect.NativeMethodAccessorImpl.invoke(NativeMethodAccessorImpl.java:62)
	at java.base/jdk.internal.reflect.DelegatingMethodAccessorImpl.invoke(DelegatingMethodAccessorImpl.java:43)
	at java.base/java.lang.reflect.Method.invoke(Method.java:566)
	at ptolemy.util.test.junit.TclTests.RunTclFile(TclTests.java:233)
	at java.base/jdk.internal.reflect.NativeMethodAccessorImpl.invoke0(Native Method)
	at java.base/jdk.internal.reflect.NativeMethodAccessorImpl.invoke(NativeMethodAccessorImpl.java:62)
	at java.base/jdk.internal.reflect.DelegatingMethodAccessorImpl.invoke(DelegatingMethodAccessorImpl.java:43)
	at java.base/java.lang.reflect.Method.invoke(Method.java:566)
	at org.junit.runners.model.FrameworkMethod$1.runReflectiveCall(FrameworkMethod.java:44)
	at org.junit.internal.runners.model.ReflectiveCallable.run(ReflectiveCallable.java:15)
	at org.junit.runners.model.FrameworkMethod.invokeExplosively(FrameworkMethod.java:41)
	at junitparams.internal.InvokeParameterisedMethod.evaluate(InvokeParameterisedMethod.java:102)
	at junitparams.internal.ParameterisedTestMethodRunner.runMethodInvoker(ParameterisedTestMethodRunner.java:47)
	at junitparams.internal.ParameterisedTestMethodRunner.runTestMethod(ParameterisedTestMethodRunner.java:41)
	at junitparams.internal.ParameterisedTestClassRunner.runParameterisedTest(ParameterisedTestClassRunner.java:143)
	at junitparams.JUnitParamsRunner.runChild(JUnitParamsRunner.java:237)
	at junitparams.JUnitParamsRunner.runChild(JUnitParamsRunner.java:215)
	at org.junit.runners.ParentRunner$3.run(ParentRunner.java:193)
	at org.junit.runners.ParentRunner$1.schedule(ParentRunner.java:52)
	at org.junit.runners.ParentRunner.runChildren(ParentRunner.java:191)
	at org.junit.runners.ParentRunner.access$000(ParentRunner.java:42)
	at org.junit.runners.ParentRunner$2.evaluate(ParentRunner.java:184)
	at org.junit.internal.runners.statements.RunAfters.evaluate(RunAfters.java:31)
	at org.junit.runners.ParentRunner.run(ParentRunner.java:236)
	at org.junit.runners.Suite.runChild(Suite.java:128)
	at org.junit.runners.Suite.runChild(Suite.java:24)
	at org.junit.runners.ParentRunner$3.run(ParentRunner.java:193)
	at org.junit.runners.ParentRunner$1.schedule(ParentRunner.java:52)
	at org.junit.runners.ParentRunner.runChildren(ParentRunner.java:191)
	at org.junit.runners.ParentRunner.access$000(ParentRunner.java:42)
	at org.junit.runners.ParentRunner$2.evaluate(ParentRunner.java:184)
	at org.junit.runners.ParentRunner.run(ParentRunner.java:236)
	at junit.framework.JUnit4TestAdapter.run(JUnit4TestAdapter.java:39)
	at org.apache.tools.ant.taskdefs.optional.junit.JUnitTestRunner.run(JUnitTestRunner.java:535)
	at org.apache.tools.ant.taskdefs.optional.junit.JUnitTestRunner.launch(JUnitTestRunner.java:1182)
	at org.apache.tools.ant.taskdefs.optional.junit.JUnitTestRunner.main(JUnitTestRunner.java:1033)
 in /home/travis/build/icyphy/ptII/ptolemy/actor/lib/jjs/external/require.js at line number 454 at column number 12
	at ptolemy.data.expr.Variable.validate(Variable.java:1619)
	at ptolemy.moml.MoMLParser.endDocument(MoMLParser.java:867)
	at com.microstar.xml.XmlParser.doParse(XmlParser.java:162)
	at com.microstar.xml.XmlParser.parse(XmlParser.java:132)
	at ptolemy.moml.MoMLParser.parse(MoMLParser.java:1676)
	at ptolemy.moml.MoMLParser.parse(MoMLParser.java:1617)
	at ptolemy.moml.MoMLParser.parse(MoMLParser.java:1792)
	at org.terraswarm.accessor.AccessorLibrary.populate(AccessorLibrary.java:194)
	at ptolemy.moml.EntityLibrary.classDefinitionList(EntityLibrary.java:307)
	at ptolemy.kernel.CompositeEntity._description(CompositeEntity.java:2292)
	at ptolemy.kernel.CompositeEntity._description(CompositeEntity.java:2307)
	at ptolemy.kernel.CompositeEntity._description(CompositeEntity.java:2307)
	at ptolemy.kernel.CompositeEntity._description(CompositeEntity.java:2307)
	at ptolemy.kernel.CompositeEntity._description(CompositeEntity.java:2307)
	at ptolemy.kernel.util.NamedObj.description(NamedObj.java:731)
	at ptolemy.kernel.util.NamedObj.description(NamedObj.java:715)
	at java.base/jdk.internal.reflect.NativeMethodAccessorImpl.invoke0(Native Method)
	at java.base/jdk.internal.reflect.NativeMethodAccessorImpl.invoke(NativeMethodAccessorImpl.java:62)
	at java.base/jdk.internal.reflect.DelegatingMethodAccessorImpl.invoke(DelegatingMethodAccessorImpl.java:43)
	at java.base/java.lang.reflect.Method.invoke(Method.java:566)
	at tcl.lang.reflect.PkgInvoker.invokeMethod(PkgInvoker.java:129)
	at tcl.lang.JavaInvoke.call(JavaInvoke.java:253)
	at tcl.lang.JavaInvoke.callMethod(JavaInvoke.java:116)
	at tcl.lang.ReflectObject.cmdProc(ReflectObject.java:727)
	at tcl.lang.Parser.evalObjv(Parser.java:740)
	at tcl.lang.Parser.eval2(Parser.java:1138)
	at tcl.lang.Parser.evalTokens(Parser.java:930)
	at tcl.lang.Parser.eval2(Parser.java:1125)
	at tcl.lang.Parser.evalTokens(Parser.java:930)
	at tcl.lang.Parser.eval2(Parser.java:1125)
	at tcl.lang.Interp.eval(Interp.java:1782)
	at tcl.lang.Interp.eval(Interp.java:1841)
	at tcl.lang.UplevelCmd.cmdProc(UplevelCmd.java:93)
	at tcl.lang.AutoloadStub.cmdProc(Extension.java:144)
	at tcl.lang.Parser.evalObjv(Parser.java:740)
	at tcl.lang.Parser.eval2(Parser.java:1138)
	at tcl.lang.Interp.eval(Interp.java:1782)
	at tcl.lang.Interp.eval(Interp.java:1841)
	at tcl.lang.CatchCmd.cmdProc(CatchCmd.java:42)
	at tcl.lang.Parser.evalObjv(Parser.java:740)
	at tcl.lang.Parser.eval2(Parser.java:1138)
	at tcl.lang.Parser.evalTokens(Parser.java:930)
	at tcl.lang.Parser.eval2(Parser.java:1125)
	at tcl.lang.Procedure.cmdProc(Procedure.java:175)
	at tcl.lang.Parser.evalObjv(Parser.java:740)
	at tcl.lang.Parser.eval2(Parser.java:1138)
	at tcl.lang.Interp.eval(Interp.java:1782)
	at tcl.lang.Interp.eval(Interp.java:1841)
	at tcl.lang.ForeachCmd.cmdProc(ForeachCmd.java:116)
	at tcl.lang.AutoloadStub.cmdProc(Extension.java:144)
	at tcl.lang.Parser.evalObjv(Parser.java:740)
	at tcl.lang.Parser.eval2(Parser.java:1138)
	at tcl.lang.Interp.eval(Interp.java:1782)
	at tcl.lang.Interp.evalFile(Interp.java:1880)
	at java.base/jdk.internal.reflect.NativeMethodAccessorImpl.invoke0(Native Method)
	at java.base/jdk.internal.reflect.NativeMethodAccessorImpl.invoke(NativeMethodAccessorImpl.java:62)
	at java.base/jdk.internal.reflect.DelegatingMethodAccessorImpl.invoke(DelegatingMethodAccessorImpl.java:43)
	at java.base/java.lang.reflect.Method.invoke(Method.java:566)
	at ptolemy.util.test.junit.TclTests.RunTclFile(TclTests.java:233)
	at java.base/jdk.internal.reflect.NativeMethodAccessorImpl.invoke0(Native Method)
	at java.base/jdk.internal.reflect.NativeMethodAccessorImpl.invoke(NativeMethodAccessorImpl.java:62)
	at java.base/jdk.internal.reflect.DelegatingMethodAccessorImpl.invoke(DelegatingMethodAccessorImpl.java:43)
	at java.base/java.lang.reflect.Method.invoke(Method.java:566)
	at org.junit.runners.model.FrameworkMethod$1.runReflectiveCall(FrameworkMethod.java:44)
	at org.junit.internal.runners.model.ReflectiveCallable.run(ReflectiveCallable.java:15)
	at org.junit.runners.model.FrameworkMethod.invokeExplosively(FrameworkMethod.java:41)
	at junitparams.internal.InvokeParameterisedMethod.evaluate(InvokeParameterisedMethod.java:102)
	at junitparams.internal.ParameterisedTestMethodRunner.runMethodInvoker(ParameterisedTestMethodRunner.java:47)
	at junitparams.internal.ParameterisedTestMethodRunner.runTestMethod(ParameterisedTestMethodRunner.java:41)
	at junitparams.internal.ParameterisedTestClassRunner.runParameterisedTest(ParameterisedTestClassRunner.java:143)
	at junitparams.JUnitParamsRunner.runChild(JUnitParamsRunner.java:237)
	at junitparams.JUnitParamsRunner.runChild(JUnitParamsRunner.java:215)
	at org.junit.runners.ParentRunner$3.run(ParentRunner.java:193)
	at org.junit.runners.ParentRunner$1.schedule(ParentRunner.java:52)
	at org.junit.runners.ParentRunner.runChildren(ParentRunner.java:191)
	at org.junit.runners.ParentRunner.access$000(ParentRunner.java:42)
	at org.junit.runners.ParentRunner$2.evaluate(ParentRunner.java:184)
	at org.junit.internal.runners.statements.RunAfters.evaluate(RunAfters.java:31)
	at org.junit.runners.ParentRunner.run(ParentRunner.java:236)
	at org.junit.runners.Suite.runChild(Suite.java:128)
	at org.junit.runners.Suite.runChild(Suite.java:24)
	at org.junit.runners.ParentRunner$3.run(ParentRunner.java:193)
	at org.junit.runners.ParentRunner$1.schedule(ParentRunner.java:52)
	at org.junit.runners.ParentRunner.runChildren(ParentRunner.java:191)
	at org.junit.runners.ParentRunner.access$000(ParentRunner.java:42)
	at org.junit.runners.ParentRunner$2.evaluate(ParentRunner.java:184)
	at org.junit.runners.ParentRunner.run(ParentRunner.java:236)
	at junit.framework.JUnit4TestAdapter.run(JUnit4TestAdapter.java:39)
	at org.apache.tools.ant.taskdefs.optional.junit.JUnitTestRunner.run(JUnitTestRunner.java:535)
	at org.apache.tools.ant.taskdefs.optional.junit.JUnitTestRunner.launch(JUnitTestRunner.java:1182)
	at org.apache.tools.ant.taskdefs.optional.junit.JUnitTestRunner.main(JUnitTestRunner.java:1033)
Caused by: ptolemy.kernel.util.IllegalActionException: Error evaluating expression:
// Copyright (c) 2015-2017 The Regents of the University of California.
...
  in .configuration.actor library.MoreLibraries.Accessors.audio.AudioCapture.script
Because:
Failed to evaluate script.
  in .configuration.actor library.MoreLibraries.Accessors.audio.AudioCapture
Because:
Error: Error executing module audio line #undefined : ptolemy.actor.lib.jjs.modules.audio.AudioHelper
In file: /home/travis/build/icyphy/ptII/ptolemy/actor/lib/jjs/modules/audio/audio.js

java.lang.ClassNotFoundException: ptolemy.actor.lib.jjs.modules.audio.AudioHelper
	at java.base/jdk.internal.loader.BuiltinClassLoader.loadClass(BuiltinClassLoader.java:583)
	at java.base/jdk.internal.loader.ClassLoaders$AppClassLoader.loadClass(ClassLoaders.java:178)
	at java.base/java.lang.ClassLoader.loadClass(ClassLoader.java:521)
	at java.base/java.lang.Class.forName0(Native Method)
	at java.base/java.lang.Class.forName(Class.java:398)
	at jdk.scripting.nashorn/jdk.nashorn.internal.runtime.Context.findClass(Context.java:1180)
	at jdk.scripting.nashorn/jdk.nashorn.internal.objects.NativeJava.simpleType(NativeJava.java:546)
	at jdk.scripting.nashorn/jdk.nashorn.internal.objects.NativeJava.type(NativeJava.java:326)
	at jdk.scripting.nashorn/jdk.nashorn.internal.objects.NativeJava.type(NativeJava.java:318)
	at jdk.scripting.nashorn/jdk.nashorn.internal.objects.NativeJava.type(NativeJava.java:314)
	at jdk.scripting.nashorn.scripts/jdk.nashorn.internal.scripts.Script$Recompilation$2279$require.L:1(/home/travis/build/icyphy/ptII/ptolemy/actor/lib/jjs/external/require.js#409:30<eval>:48)
	at jdk.scripting.nashorn.scripts/jdk.nashorn.internal.scripts.Script$Recompilation$2189$require.L:45#_require(/home/travis/build/icyphy/ptII/ptolemy/actor/lib/jjs/external/require.js:429)
	at jdk.scripting.nashorn.scripts/jdk.nashorn.internal.scripts.Script$Recompilation$2193$21065A$require.L:45#_requireClosure#L:466(/home/travis/build/icyphy/ptII/ptolemy/actor/lib/jjs/external/require.js:467)
	at jdk.scripting.nashorn.scripts/jdk.nashorn.internal.scripts.Script$Recompilation$2267$1AAAAAAAAAAAAAA$\^function\_.L:1(<function>:97)
	at jdk.scripting.nashorn.scripts/jdk.nashorn.internal.scripts.Script$Recompilation$2266$17933AAAAAA$require$cu1$restOf.L:1#Accessor(/home/travis/build/icyphy/ptII/ptolemy/actor/lib/jjs/external/require.js#409:30<eval>:545)
	at jdk.scripting.nashorn.scripts/jdk.nashorn.internal.scripts.Script$Recompilation$2252$2801AAA$\^eval\_.evaluateCode(<eval>:96)
	at jdk.scripting.nashorn/jdk.nashorn.internal.runtime.ScriptFunctionData.invoke(ScriptFunctionData.java:661)
	at jdk.scripting.nashorn/jdk.nashorn.internal.runtime.ScriptFunction.invoke(ScriptFunction.java:513)
	at jdk.scripting.nashorn/jdk.nashorn.internal.runtime.ScriptRuntime.apply(ScriptRuntime.java:527)
	at jdk.scripting.nashorn/jdk.nashorn.api.scripting.ScriptObjectMirror.callMember(ScriptObjectMirror.java:202)
	at jdk.scripting.nashorn/jdk.nashorn.api.scripting.NashornScriptEngine.invokeImpl(NashornScriptEngine.java:393)
	at jdk.scripting.nashorn/jdk.nashorn.api.scripting.NashornScriptEngine.invokeFunction(NashornScriptEngine.java:197)
	at ptolemy.actor.lib.jjs.JavaScript._createEngineAndEvaluateSetup(JavaScript.java:2493)
	at ptolemy.actor.lib.jjs.JavaScript.attributeChanged(JavaScript.java:548)
	at org.terraswarm.accessor.JSAccessor.attributeChanged(JSAccessor.java:312)
	at ptolemy.data.expr.Variable._setTokenAndNotify(Variable.java:2271)
	at ptolemy.data.expr.Variable._evaluate(Variable.java:1873)
	at ptolemy.data.expr.Variable._propagate(Variable.java:1984)
	at ptolemy.data.expr.Variable.validate(Variable.java:1596)
	at ptolemy.moml.MoMLParser.endDocument(MoMLParser.java:867)
	at com.microstar.xml.XmlParser.doParse(XmlParser.java:162)
	at com.microstar.xml.XmlParser.parse(XmlParser.java:132)
	at ptolemy.moml.MoMLParser.parse(MoMLParser.java:1676)
	at ptolemy.moml.MoMLParser.parse(MoMLParser.java:1617)
	at ptolemy.moml.MoMLParser.parse(MoMLParser.java:1792)
	at org.terraswarm.accessor.AccessorLibrary.populate(AccessorLibrary.java:194)
	at ptolemy.moml.EntityLibrary.classDefinitionList(EntityLibrary.java:307)
	at ptolemy.kernel.CompositeEntity._description(CompositeEntity.java:2292)
	at ptolemy.kernel.CompositeEntity._description(CompositeEntity.java:2307)
	at ptolemy.kernel.CompositeEntity._description(CompositeEntity.java:2307)
	at ptolemy.kernel.CompositeEntity._description(CompositeEntity.java:2307)
	at ptolemy.kernel.CompositeEntity._description(CompositeEntity.java:2307)
	at ptolemy.kernel.util.NamedObj.description(NamedObj.java:731)
	at ptolemy.kernel.util.NamedObj.description(NamedObj.java:715)
	at java.base/jdk.internal.reflect.NativeMethodAccessorImpl.invoke0(Native Method)
	at java.base/jdk.internal.reflect.NativeMethodAccessorImpl.invoke(NativeMethodAccessorImpl.java:62)
	at java.base/jdk.internal.reflect.DelegatingMethodAccessorImpl.invoke(DelegatingMethodAccessorImpl.java:43)
	at java.base/java.lang.reflect.Method.invoke(Method.java:566)
	at tcl.lang.reflect.PkgInvoker.invokeMethod(PkgInvoker.java:129)
	at tcl.lang.JavaInvoke.call(JavaInvoke.java:253)
	at tcl.lang.JavaInvoke.callMethod(JavaInvoke.java:116)
	at tcl.lang.ReflectObject.cmdProc(ReflectObject.java:727)
	at tcl.lang.Parser.evalObjv(Parser.java:740)
	at tcl.lang.Parser.eval2(Parser.java:1138)
	at tcl.lang.Parser.evalTokens(Parser.java:930)
	at tcl.lang.Parser.eval2(Parser.java:1125)
	at tcl.lang.Parser.evalTokens(Parser.java:930)
	at tcl.lang.Parser.eval2(Parser.java:1125)
	at tcl.lang.Interp.eval(Interp.java:1782)
	at tcl.lang.Interp.eval(Interp.java:1841)
	at tcl.lang.UplevelCmd.cmdProc(UplevelCmd.java:93)
	at tcl.lang.AutoloadStub.cmdProc(Extension.java:144)
	at tcl.lang.Parser.evalObjv(Parser.java:740)
	at tcl.lang.Parser.eval2(Parser.java:1138)
	at tcl.lang.Interp.eval(Interp.java:1782)
	at tcl.lang.Interp.eval(Interp.java:1841)
	at tcl.lang.CatchCmd.cmdProc(CatchCmd.java:42)
	at tcl.lang.Parser.evalObjv(Parser.java:740)
	at tcl.lang.Parser.eval2(Parser.java:1138)
	at tcl.lang.Parser.evalTokens(Parser.java:930)
	at tcl.lang.Parser.eval2(Parser.java:1125)
	at tcl.lang.Procedure.cmdProc(Procedure.java:175)
	at tcl.lang.Parser.evalObjv(Parser.java:740)
	at tcl.lang.Parser.eval2(Parser.java:1138)
	at tcl.lang.Interp.eval(Interp.java:1782)
	at tcl.lang.Interp.eval(Interp.java:1841)
	at tcl.lang.ForeachCmd.cmdProc(ForeachCmd.java:116)
	at tcl.lang.AutoloadStub.cmdProc(Extension.java:144)
	at tcl.lang.Parser.evalObjv(Parser.java:740)
	at tcl.lang.Parser.eval2(Parser.java:1138)
	at tcl.lang.Interp.eval(Interp.java:1782)
	at tcl.lang.Interp.evalFile(Interp.java:1880)
	at java.base/jdk.internal.reflect.NativeMethodAccessorImpl.invoke0(Native Method)
	at java.base/jdk.internal.reflect.NativeMethodAccessorImpl.invoke(NativeMethodAccessorImpl.java:62)
	at java.base/jdk.internal.reflect.DelegatingMethodAccessorImpl.invoke(DelegatingMethodAccessorImpl.java:43)
	at java.base/java.lang.reflect.Method.invoke(Method.java:566)
	at ptolemy.util.test.junit.TclTests.RunTclFile(TclTests.java:233)
	at java.base/jdk.internal.reflect.NativeMethodAccessorImpl.invoke0(Native Method)
	at java.base/jdk.internal.reflect.NativeMethodAccessorImpl.invoke(NativeMethodAccessorImpl.java:62)
	at java.base/jdk.internal.reflect.DelegatingMethodAccessorImpl.invoke(DelegatingMethodAccessorImpl.java:43)
	at java.base/java.lang.reflect.Method.invoke(Method.java:566)
	at org.junit.runners.model.FrameworkMethod$1.runReflectiveCall(FrameworkMethod.java:44)
	at org.junit.internal.runners.model.ReflectiveCallable.run(ReflectiveCallable.java:15)
	at org.junit.runners.model.FrameworkMethod.invokeExplosively(FrameworkMethod.java:41)
	at junitparams.internal.InvokeParameterisedMethod.evaluate(InvokeParameterisedMethod.java:102)
	at junitparams.internal.ParameterisedTestMethodRunner.runMethodInvoker(ParameterisedTestMethodRunner.java:47)
	at junitparams.internal.ParameterisedTestMethodRunner.runTestMethod(ParameterisedTestMethodRunner.java:41)
	at junitparams.internal.ParameterisedTestClassRunner.runParameterisedTest(ParameterisedTestClassRunner.java:143)
	at junitparams.JUnitParamsRunner.runChild(JUnitParamsRunner.java:237)
	at junitparams.JUnitParamsRunner.runChild(JUnitParamsRunner.java:215)
	at org.junit.runners.ParentRunner$3.run(ParentRunner.java:193)
	at org.junit.runners.ParentRunner$1.schedule(ParentRunner.java:52)
	at org.junit.runners.ParentRunner.runChildren(ParentRunner.java:191)
	at org.junit.runners.ParentRunner.access$000(ParentRunner.java:42)
	at org.junit.runners.ParentRunner$2.evaluate(ParentRunner.java:184)
	at org.junit.internal.runners.statements.RunAfters.evaluate(RunAfters.java:31)
	at org.junit.runners.ParentRunner.run(ParentRunner.java:236)
	at org.junit.runners.Suite.runChild(Suite.java:128)
	at org.junit.runners.Suite.runChild(Suite.java:24)
	at org.junit.runners.ParentRunner$3.run(ParentRunner.java:193)
	at org.junit.runners.ParentRunner$1.schedule(ParentRunner.java:52)
	at org.junit.runners.ParentRunner.runChildren(ParentRunner.java:191)
	at org.junit.runners.ParentRunner.access$000(ParentRunner.java:42)
	at org.junit.runners.ParentRunner$2.evaluate(ParentRunner.java:184)
	at org.junit.runners.ParentRunner.run(ParentRunner.java:236)
	at junit.framework.JUnit4TestAdapter.run(JUnit4TestAdapter.java:39)
	at org.apache.tools.ant.taskdefs.optional.junit.JUnitTestRunner.run(JUnitTestRunner.java:535)
	at org.apache.tools.ant.taskdefs.optional.junit.JUnitTestRunner.launch(JUnitTestRunner.java:1182)
	at org.apache.tools.ant.taskdefs.optional.junit.JUnitTestRunner.main(JUnitTestRunner.java:1033)
 in /home/travis/build/icyphy/ptII/ptolemy/actor/lib/jjs/external/require.js at line number 454 at column number 12
	at ptolemy.data.expr.Variable._evaluate(Variable.java:1891)
	at ptolemy.data.expr.Variable._propagate(Variable.java:1984)
	at ptolemy.data.expr.Variable.validate(Variable.java:1596)
	... 90 more
Caused by: ptolemy.kernel.util.IllegalActionException: Failed to evaluate script.
  in .configuration.actor library.MoreLibraries.Accessors.audio.AudioCapture
Because:
Error: Error executing module audio line #undefined : ptolemy.actor.lib.jjs.modules.audio.AudioHelper
In file: /home/travis/build/icyphy/ptII/ptolemy/actor/lib/jjs/modules/audio/audio.js

java.lang.ClassNotFoundException: ptolemy.actor.lib.jjs.modules.audio.AudioHelper
	at java.base/jdk.internal.loader.BuiltinClassLoader.loadClass(BuiltinClassLoader.java:583)
	at java.base/jdk.internal.loader.ClassLoaders$AppClassLoader.loadClass(ClassLoaders.java:178)
	at java.base/java.lang.ClassLoader.loadClass(ClassLoader.java:521)
	at java.base/java.lang.Class.forName0(Native Method)
	at java.base/java.lang.Class.forName(Class.java:398)
	at jdk.scripting.nashorn/jdk.nashorn.internal.runtime.Context.findClass(Context.java:1180)
	at jdk.scripting.nashorn/jdk.nashorn.internal.objects.NativeJava.simpleType(NativeJava.java:546)
	at jdk.scripting.nashorn/jdk.nashorn.internal.objects.NativeJava.type(NativeJava.java:326)
	at jdk.scripting.nashorn/jdk.nashorn.internal.objects.NativeJava.type(NativeJava.java:318)
	at jdk.scripting.nashorn/jdk.nashorn.internal.objects.NativeJava.type(NativeJava.java:314)
	at jdk.scripting.nashorn.scripts/jdk.nashorn.internal.scripts.Script$Recompilation$2279$require.L:1(/home/travis/build/icyphy/ptII/ptolemy/actor/lib/jjs/external/require.js#409:30<eval>:48)
	at jdk.scripting.nashorn.scripts/jdk.nashorn.internal.scripts.Script$Recompilation$2189$require.L:45#_require(/home/travis/build/icyphy/ptII/ptolemy/actor/lib/jjs/external/require.js:429)
	at jdk.scripting.nashorn.scripts/jdk.nashorn.internal.scripts.Script$Recompilation$2193$21065A$require.L:45#_requireClosure#L:466(/home/travis/build/icyphy/ptII/ptolemy/actor/lib/jjs/external/require.js:467)
	at jdk.scripting.nashorn.scripts/jdk.nashorn.internal.scripts.Script$Recompilation$2267$1AAAAAAAAAAAAAA$\^function\_.L:1(<function>:97)
	at jdk.scripting.nashorn.scripts/jdk.nashorn.internal.scripts.Script$Recompilation$2266$17933AAAAAA$require$cu1$restOf.L:1#Accessor(/home/travis/build/icyphy/ptII/ptolemy/actor/lib/jjs/external/require.js#409:30<eval>:545)
	at jdk.scripting.nashorn.scripts/jdk.nashorn.internal.scripts.Script$Recompilation$2252$2801AAA$\^eval\_.evaluateCode(<eval>:96)
	at jdk.scripting.nashorn/jdk.nashorn.internal.runtime.ScriptFunctionData.invoke(ScriptFunctionData.java:661)
	at jdk.scripting.nashorn/jdk.nashorn.internal.runtime.ScriptFunction.invoke(ScriptFunction.java:513)
	at jdk.scripting.nashorn/jdk.nashorn.internal.runtime.ScriptRuntime.apply(ScriptRuntime.java:527)
	at jdk.scripting.nashorn/jdk.nashorn.api.scripting.ScriptObjectMirror.callMember(ScriptObjectMirror.java:202)
	at jdk.scripting.nashorn/jdk.nashorn.api.scripting.NashornScriptEngine.invokeImpl(NashornScriptEngine.java:393)
	at jdk.scripting.nashorn/jdk.nashorn.api.scripting.NashornScriptEngine.invokeFunction(NashornScriptEngine.java:197)
	at ptolemy.actor.lib.jjs.JavaScript._createEngineAndEvaluateSetup(JavaScript.java:2493)
	at ptolemy.actor.lib.jjs.JavaScript.attributeChanged(JavaScript.java:548)
	at org.terraswarm.accessor.JSAccessor.attributeChanged(JSAccessor.java:312)
	at ptolemy.data.expr.Variable._setTokenAndNotify(Variable.java:2271)
	at ptolemy.data.expr.Variable._evaluate(Variable.java:1873)
	at ptolemy.data.expr.Variable._propagate(Variable.java:1984)
	at ptolemy.data.expr.Variable.validate(Variable.java:1596)
	at ptolemy.moml.MoMLParser.endDocument(MoMLParser.java:867)
	at com.microstar.xml.XmlParser.doParse(XmlParser.java:162)
	at com.microstar.xml.XmlParser.parse(XmlParser.java:132)
	at ptolemy.moml.MoMLParser.parse(MoMLParser.java:1676)
	at ptolemy.moml.MoMLParser.parse(MoMLParser.java:1617)
	at ptolemy.moml.MoMLParser.parse(MoMLParser.java:1792)
	at org.terraswarm.accessor.AccessorLibrary.populate(AccessorLibrary.java:194)
	at ptolemy.moml.EntityLibrary.classDefinitionList(EntityLibrary.java:307)
	at ptolemy.kernel.CompositeEntity._description(CompositeEntity.java:2292)
	at ptolemy.kernel.CompositeEntity._description(CompositeEntity.java:2307)
	at ptolemy.kernel.CompositeEntity._description(CompositeEntity.java:2307)
	at ptolemy.kernel.CompositeEntity._description(CompositeEntity.java:2307)
	at ptolemy.kernel.CompositeEntity._description(CompositeEntity.java:2307)
	at ptolemy.kernel.util.NamedObj.description(NamedObj.java:731)
	at ptolemy.kernel.util.NamedObj.description(NamedObj.java:715)
	at java.base/jdk.internal.reflect.NativeMethodAccessorImpl.invoke0(Native Method)
	at java.base/jdk.internal.reflect.NativeMethodAccessorImpl.invoke(NativeMethodAccessorImpl.java:62)
	at java.base/jdk.internal.reflect.DelegatingMethodAccessorImpl.invoke(DelegatingMethodAccessorImpl.java:43)
	at java.base/java.lang.reflect.Method.invoke(Method.java:566)
	at tcl.lang.reflect.PkgInvoker.invokeMethod(PkgInvoker.java:129)
	at tcl.lang.JavaInvoke.call(JavaInvoke.java:253)
	at tcl.lang.JavaInvoke.callMethod(JavaInvoke.java:116)
	at tcl.lang.ReflectObject.cmdProc(ReflectObject.java:727)
	at tcl.lang.Parser.evalObjv(Parser.java:740)
	at tcl.lang.Parser.eval2(Parser.java:1138)
	at tcl.lang.Parser.evalTokens(Parser.java:930)
	at tcl.lang.Parser.eval2(Parser.java:1125)
	at tcl.lang.Parser.evalTokens(Parser.java:930)
	at tcl.lang.Parser.eval2(Parser.java:1125)
	at tcl.lang.Interp.eval(Interp.java:1782)
	at tcl.lang.Interp.eval(Interp.java:1841)
	at tcl.lang.UplevelCmd.cmdProc(UplevelCmd.java:93)
	at tcl.lang.AutoloadStub.cmdProc(Extension.java:144)
	at tcl.lang.Parser.evalObjv(Parser.java:740)
	at tcl.lang.Parser.eval2(Parser.java:1138)
	at tcl.lang.Interp.eval(Interp.java:1782)
	at tcl.lang.Interp.eval(Interp.java:1841)
	at tcl.lang.CatchCmd.cmdProc(CatchCmd.java:42)
	at tcl.lang.Parser.evalObjv(Parser.java:740)
	at tcl.lang.Parser.eval2(Parser.java:1138)
	at tcl.lang.Parser.evalTokens(Parser.java:930)
	at tcl.lang.Parser.eval2(Parser.java:1125)
	at tcl.lang.Procedure.cmdProc(Procedure.java:175)
	at tcl.lang.Parser.evalObjv(Parser.java:740)
	at tcl.lang.Parser.eval2(Parser.java:1138)
	at tcl.lang.Interp.eval(Interp.java:1782)
	at tcl.lang.Interp.eval(Interp.java:1841)
	at tcl.lang.ForeachCmd.cmdProc(ForeachCmd.java:116)
	at tcl.lang.AutoloadStub.cmdProc(Extension.java:144)
	at tcl.lang.Parser.evalObjv(Parser.java:740)
	at tcl.lang.Parser.eval2(Parser.java:1138)
	at tcl.lang.Interp.eval(Interp.java:1782)
	at tcl.lang.Interp.evalFile(Interp.java:1880)
	at java.base/jdk.internal.reflect.NativeMethodAccessorImpl.invoke0(Native Method)
	at java.base/jdk.internal.reflect.NativeMethodAccessorImpl.invoke(NativeMethodAccessorImpl.java:62)
	at java.base/jdk.internal.reflect.DelegatingMethodAccessorImpl.invoke(DelegatingMethodAccessorImpl.java:43)
	at java.base/java.lang.reflect.Method.invoke(Method.java:566)
	at ptolemy.util.test.junit.TclTests.RunTclFile(TclTests.java:233)
	at java.base/jdk.internal.reflect.NativeMethodAccessorImpl.invoke0(Native Method)
	at java.base/jdk.internal.reflect.NativeMethodAccessorImpl.invoke(NativeMethodAccessorImpl.java:62)
	at java.base/jdk.internal.reflect.DelegatingMethodAccessorImpl.invoke(DelegatingMethodAccessorImpl.java:43)
	at java.base/java.lang.reflect.Method.invoke(Method.java:566)
	at org.junit.runners.model.FrameworkMethod$1.runReflectiveCall(FrameworkMethod.java:44)
	at org.junit.internal.runners.model.ReflectiveCallable.run(ReflectiveCallable.java:15)
	at org.junit.runners.model.FrameworkMethod.invokeExplosively(FrameworkMethod.java:41)
	at junitparams.internal.InvokeParameterisedMethod.evaluate(InvokeParameterisedMethod.java:102)
	at junitparams.internal.ParameterisedTestMethodRunner.runMethodInvoker(ParameterisedTestMethodRunner.java:47)
	at junitparams.internal.ParameterisedTestMethodRunner.runTestMethod(ParameterisedTestMethodRunner.java:41)
	at junitparams.internal.ParameterisedTestClassRunner.runParameterisedTest(ParameterisedTestClassRunner.java:143)
	at junitparams.JUnitParamsRunner.runChild(JUnitParamsRunner.java:237)
	at junitparams.JUnitParamsRunner.runChild(JUnitParamsRunner.java:215)
	at org.junit.runners.ParentRunner$3.run(ParentRunner.java:193)
	at org.junit.runners.ParentRunner$1.schedule(ParentRunner.java:52)
	at org.junit.runners.ParentRunner.runChildren(ParentRunner.java:191)
	at org.junit.runners.ParentRunner.access$000(ParentRunner.java:42)
	at org.junit.runners.ParentRunner$2.evaluate(ParentRunner.java:184)
	at org.junit.internal.runners.statements.RunAfters.evaluate(RunAfters.java:31)
	at org.junit.runners.ParentRunner.run(ParentRunner.java:236)
	at org.junit.runners.Suite.runChild(Suite.java:128)
	at org.junit.runners.Suite.runChild(Suite.java:24)
	at org.junit.runners.ParentRunner$3.run(ParentRunner.java:193)
	at org.junit.runners.ParentRunner$1.schedule(ParentRunner.java:52)
	at org.junit.runners.ParentRunner.runChildren(ParentRunner.java:191)
	at org.junit.runners.ParentRunner.access$000(ParentRunner.java:42)
	at org.junit.runners.ParentRunner$2.evaluate(ParentRunner.java:184)
	at org.junit.runners.ParentRunner.run(ParentRunner.java:236)
	at junit.framework.JUnit4TestAdapter.run(JUnit4TestAdapter.java:39)
	at org.apache.tools.ant.taskdefs.optional.junit.JUnitTestRunner.run(JUnitTestRunner.java:535)
	at org.apache.tools.ant.taskdefs.optional.junit.JUnitTestRunner.launch(JUnitTestRunner.java:1182)
	at org.apache.tools.ant.taskdefs.optional.junit.JUnitTestRunner.main(JUnitTestRunner.java:1033)
 in /home/travis/build/icyphy/ptII/ptolemy/actor/lib/jjs/external/require.js at line number 454 at column number 12
	at ptolemy.actor.lib.jjs.JavaScript._createEngineAndEvaluateSetup(JavaScript.java:2497)
	at ptolemy.actor.lib.jjs.JavaScript.attributeChanged(JavaScript.java:548)
	at org.terraswarm.accessor.JSAccessor.attributeChanged(JSAccessor.java:312)
	at ptolemy.data.expr.Variable._setTokenAndNotify(Variable.java:2271)
	at ptolemy.data.expr.Variable._evaluate(Variable.java:1873)
	... 92 more
Caused by: javax.script.ScriptException: Error: Error executing module audio line #undefined : ptolemy.actor.lib.jjs.modules.audio.AudioHelper
In file: /home/travis/build/icyphy/ptII/ptolemy/actor/lib/jjs/modules/audio/audio.js

java.lang.ClassNotFoundException: ptolemy.actor.lib.jjs.modules.audio.AudioHelper
	at java.base/jdk.internal.loader.BuiltinClassLoader.loadClass(BuiltinClassLoader.java:583)
	at java.base/jdk.internal.loader.ClassLoaders$AppClassLoader.loadClass(ClassLoaders.java:178)
	at java.base/java.lang.ClassLoader.loadClass(ClassLoader.java:521)
	at java.base/java.lang.Class.forName0(Native Method)
	at java.base/java.lang.Class.forName(Class.java:398)
	at jdk.scripting.nashorn/jdk.nashorn.internal.runtime.Context.findClass(Context.java:1180)
	at jdk.scripting.nashorn/jdk.nashorn.internal.objects.NativeJava.simpleType(NativeJava.java:546)
	at jdk.scripting.nashorn/jdk.nashorn.internal.objects.NativeJava.type(NativeJava.java:326)
	at jdk.scripting.nashorn/jdk.nashorn.internal.objects.NativeJava.type(NativeJava.java:318)
	at jdk.scripting.nashorn/jdk.nashorn.internal.objects.NativeJava.type(NativeJava.java:314)
	at jdk.scripting.nashorn.scripts/jdk.nashorn.internal.scripts.Script$Recompilation$2279$require.L:1(/home/travis/build/icyphy/ptII/ptolemy/actor/lib/jjs/external/require.js#409:30<eval>:48)
	at jdk.scripting.nashorn.scripts/jdk.nashorn.internal.scripts.Script$Recompilation$2189$require.L:45#_require(/home/travis/build/icyphy/ptII/ptolemy/actor/lib/jjs/external/require.js:429)
	at jdk.scripting.nashorn.scripts/jdk.nashorn.internal.scripts.Script$Recompilation$2193$21065A$require.L:45#_requireClosure#L:466(/home/travis/build/icyphy/ptII/ptolemy/actor/lib/jjs/external/require.js:467)
	at jdk.scripting.nashorn.scripts/jdk.nashorn.internal.scripts.Script$Recompilation$2267$1AAAAAAAAAAAAAA$\^function\_.L:1(<function>:97)
	at jdk.scripting.nashorn.scripts/jdk.nashorn.internal.scripts.Script$Recompilation$2266$17933AAAAAA$require$cu1$restOf.L:1#Accessor(/home/travis/build/icyphy/ptII/ptolemy/actor/lib/jjs/external/require.js#409:30<eval>:545)
	at jdk.scripting.nashorn.scripts/jdk.nashorn.internal.scripts.Script$Recompilation$2252$2801AAA$\^eval\_.evaluateCode(<eval>:96)
	at jdk.scripting.nashorn/jdk.nashorn.internal.runtime.ScriptFunctionData.invoke(ScriptFunctionData.java:661)
	at jdk.scripting.nashorn/jdk.nashorn.internal.runtime.ScriptFunction.invoke(ScriptFunction.java:513)
	at jdk.scripting.nashorn/jdk.nashorn.internal.runtime.ScriptRuntime.apply(ScriptRuntime.java:527)
	at jdk.scripting.nashorn/jdk.nashorn.api.scripting.ScriptObjectMirror.callMember(ScriptObjectMirror.java:202)
	at jdk.scripting.nashorn/jdk.nashorn.api.scripting.NashornScriptEngine.invokeImpl(NashornScriptEngine.java:393)
	at jdk.scripting.nashorn/jdk.nashorn.api.scripting.NashornScriptEngine.invokeFunction(NashornScriptEngine.java:197)
	at ptolemy.actor.lib.jjs.JavaScript._createEngineAndEvaluateSetup(JavaScript.java:2493)
	at ptolemy.actor.lib.jjs.JavaScript.attributeChanged(JavaScript.java:548)
	at org.terraswarm.accessor.JSAccessor.attributeChanged(JSAccessor.java:312)
	at ptolemy.data.expr.Variable._setTokenAndNotify(Variable.java:2271)
	at ptolemy.data.expr.Variable._evaluate(Variable.java:1873)
	at ptolemy.data.expr.Variable._propagate(Variable.java:1984)
	at ptolemy.data.expr.Variable.validate(Variable.java:1596)
	at ptolemy.moml.MoMLParser.endDocument(MoMLParser.java:867)
	at com.microstar.xml.XmlParser.doParse(XmlParser.java:162)
	at com.microstar.xml.XmlParser.parse(XmlParser.java:132)
	at ptolemy.moml.MoMLParser.parse(MoMLParser.java:1676)
	at ptolemy.moml.MoMLParser.parse(MoMLParser.java:1617)
	at ptolemy.moml.MoMLParser.parse(MoMLParser.java:1792)
	at org.terraswarm.accessor.AccessorLibrary.populate(AccessorLibrary.java:194)
	at ptolemy.moml.EntityLibrary.classDefinitionList(EntityLibrary.java:307)
	at ptolemy.kernel.CompositeEntity._description(CompositeEntity.java:2292)
	at ptolemy.kernel.CompositeEntity._description(CompositeEntity.java:2307)
	at ptolemy.kernel.CompositeEntity._description(CompositeEntity.java:2307)
	at ptolemy.kernel.CompositeEntity._description(CompositeEntity.java:2307)
	at ptolemy.kernel.CompositeEntity._description(CompositeEntity.java:2307)
	at ptolemy.kernel.util.NamedObj.description(NamedObj.java:731)
	at ptolemy.kernel.util.NamedObj.description(NamedObj.java:715)
	at java.base/jdk.internal.reflect.NativeMethodAccessorImpl.invoke0(Native Method)
	at java.base/jdk.internal.reflect.NativeMethodAccessorImpl.invoke(NativeMethodAccessorImpl.java:62)
	at java.base/jdk.internal.reflect.DelegatingMethodAccessorImpl.invoke(DelegatingMethodAccessorImpl.java:43)
	at java.base/java.lang.reflect.Method.invoke(Method.java:566)
	at tcl.lang.reflect.PkgInvoker.invokeMethod(PkgInvoker.java:129)
	at tcl.lang.JavaInvoke.call(JavaInvoke.java:253)
	at tcl.lang.JavaInvoke.callMethod(JavaInvoke.java:116)
	at tcl.lang.ReflectObject.cmdProc(ReflectObject.java:727)
	at tcl.lang.Parser.evalObjv(Parser.java:740)
	at tcl.lang.Parser.eval2(Parser.java:1138)
	at tcl.lang.Parser.evalTokens(Parser.java:930)
	at tcl.lang.Parser.eval2(Parser.java:1125)
	at tcl.lang.Parser.evalTokens(Parser.java:930)
	at tcl.lang.Parser.eval2(Parser.java:1125)
	at tcl.lang.Interp.eval(Interp.java:1782)
	at tcl.lang.Interp.eval(Interp.java:1841)
	at tcl.lang.UplevelCmd.cmdProc(UplevelCmd.java:93)
	at tcl.lang.AutoloadStub.cmdProc(Extension.java:144)
	at tcl.lang.Parser.evalObjv(Parser.java:740)
	at tcl.lang.Parser.eval2(Parser.java:1138)
	at tcl.lang.Interp.eval(Interp.java:1782)
	at tcl.lang.Interp.eval(Interp.java:1841)
	at tcl.lang.CatchCmd.cmdProc(CatchCmd.java:42)
	at tcl.lang.Parser.evalObjv(Parser.java:740)
	at tcl.lang.Parser.eval2(Parser.java:1138)
	at tcl.lang.Parser.evalTokens(Parser.java:930)
	at tcl.lang.Parser.eval2(Parser.java:1125)
	at tcl.lang.Procedure.cmdProc(Procedure.java:175)
	at tcl.lang.Parser.evalObjv(Parser.java:740)
	at tcl.lang.Parser.eval2(Parser.java:1138)
	at tcl.lang.Interp.eval(Interp.java:1782)
	at tcl.lang.Interp.eval(Interp.java:1841)
	at tcl.lang.ForeachCmd.cmdProc(ForeachCmd.java:116)
	at tcl.lang.AutoloadStub.cmdProc(Extension.java:144)
	at tcl.lang.Parser.evalObjv(Parser.java:740)
	at tcl.lang.Parser.eval2(Parser.java:1138)
	at tcl.lang.Interp.eval(Interp.java:1782)
	at tcl.lang.Interp.evalFile(Interp.java:1880)
	at java.base/jdk.internal.reflect.NativeMethodAccessorImpl.invoke0(Native Method)
	at java.base/jdk.internal.reflect.NativeMethodAccessorImpl.invoke(NativeMethodAccessorImpl.java:62)
	at java.base/jdk.internal.reflect.DelegatingMethodAccessorImpl.invoke(DelegatingMethodAccessorImpl.java:43)
	at java.base/java.lang.reflect.Method.invoke(Method.java:566)
	at ptolemy.util.test.junit.TclTests.RunTclFile(TclTests.java:233)
	at java.base/jdk.internal.reflect.NativeMethodAccessorImpl.invoke0(Native Method)
	at java.base/jdk.internal.reflect.NativeMethodAccessorImpl.invoke(NativeMethodAccessorImpl.java:62)
	at java.base/jdk.internal.reflect.DelegatingMethodAccessorImpl.invoke(DelegatingMethodAccessorImpl.java:43)
	at java.base/java.lang.reflect.Method.invoke(Method.java:566)
	at org.junit.runners.model.FrameworkMethod$1.runReflectiveCall(FrameworkMethod.java:44)
	at org.junit.internal.runners.model.ReflectiveCallable.run(ReflectiveCallable.java:15)
	at org.junit.runners.model.FrameworkMethod.invokeExplosively(FrameworkMethod.java:41)
	at junitparams.internal.InvokeParameterisedMethod.evaluate(InvokeParameterisedMethod.java:102)
	at junitparams.internal.ParameterisedTestMethodRunner.runMethodInvoker(ParameterisedTestMethodRunner.java:47)
	at junitparams.internal.ParameterisedTestMethodRunner.runTestMethod(ParameterisedTestMethodRunner.java:41)
	at junitparams.internal.ParameterisedTestClassRunner.runParameterisedTest(ParameterisedTestClassRunner.java:143)
	at junitparams.JUnitParamsRunner.runChild(JUnitParamsRunner.java:237)
	at junitparams.JUnitParamsRunner.runChild(JUnitParamsRunner.java:215)
	at org.junit.runners.ParentRunner$3.run(ParentRunner.java:193)
	at org.junit.runners.ParentRunner$1.schedule(ParentRunner.java:52)
	at org.junit.runners.ParentRunner.runChildren(ParentRunner.java:191)
	at org.junit.runners.ParentRunner.access$000(ParentRunner.java:42)
	at org.junit.runners.ParentRunner$2.evaluate(ParentRunner.java:184)
	at org.junit.internal.runners.statements.RunAfters.evaluate(RunAfters.java:31)
	at org.junit.runners.ParentRunner.run(ParentRunner.java:236)
	at org.junit.runners.Suite.runChild(Suite.java:128)
	at org.junit.runners.Suite.runChild(Suite.java:24)
	at org.junit.runners.ParentRunner$3.run(ParentRunner.java:193)
	at org.junit.runners.ParentRunner$1.schedule(ParentRunner.java:52)
	at org.junit.runners.ParentRunner.runChildren(ParentRunner.java:191)
	at org.junit.runners.ParentRunner.access$000(ParentRunner.java:42)
	at org.junit.runners.ParentRunner$2.evaluate(ParentRunner.java:184)
	at org.junit.runners.ParentRunner.run(ParentRunner.java:236)
	at junit.framework.JUnit4TestAdapter.run(JUnit4TestAdapter.java:39)
	at org.apache.tools.ant.taskdefs.optional.junit.JUnitTestRunner.run(JUnitTestRunner.java:535)
	at org.apache.tools.ant.taskdefs.optional.junit.JUnitTestRunner.launch(JUnitTestRunner.java:1182)
	at org.apache.tools.ant.taskdefs.optional.junit.JUnitTestRunner.main(JUnitTestRunner.java:1033)
 in /home/travis/build/icyphy/ptII/ptolemy/actor/lib/jjs/external/require.js at line number 454 at column number 12
	at jdk.scripting.nashorn/jdk.nashorn.api.scripting.NashornScriptEngine.throwAsScriptException(NashornScriptEngine.java:477)
	at jdk.scripting.nashorn/jdk.nashorn.api.scripting.NashornScriptEngine.invokeImpl(NashornScriptEngine.java:399)
	at jdk.scripting.nashorn/jdk.nashorn.api.scripting.NashornScriptEngine.invokeFunction(NashornScriptEngine.java:197)
	at ptolemy.actor.lib.jjs.JavaScript._createEngineAndEvaluateSetup(JavaScript.java:2493)
	... 96 more
Caused by: /home/travis/build/icyphy/ptII/ptolemy/actor/lib/jjs/external/require.js:454:12 Error: Error executing module audio line #undefined : ptolemy.actor.lib.jjs.modules.audio.AudioHelper
In file: /home/travis/build/icyphy/ptII/ptolemy/actor/lib/jjs/modules/audio/audio.js

java.lang.ClassNotFoundException: ptolemy.actor.lib.jjs.modules.audio.AudioHelper
	at java.base/jdk.internal.loader.BuiltinClassLoader.loadClass(BuiltinClassLoader.java:583)
	at java.base/jdk.internal.loader.ClassLoaders$AppClassLoader.loadClass(ClassLoaders.java:178)
	at java.base/java.lang.ClassLoader.loadClass(ClassLoader.java:521)
	at java.base/java.lang.Class.forName0(Native Method)
	at java.base/java.lang.Class.forName(Class.java:398)
	at jdk.scripting.nashorn/jdk.nashorn.internal.runtime.Context.findClass(Context.java:1180)
	at jdk.scripting.nashorn/jdk.nashorn.internal.objects.NativeJava.simpleType(NativeJava.java:546)
	at jdk.scripting.nashorn/jdk.nashorn.internal.objects.NativeJava.type(NativeJava.java:326)
	at jdk.scripting.nashorn/jdk.nashorn.internal.objects.NativeJava.type(NativeJava.java:318)
	at jdk.scripting.nashorn/jdk.nashorn.internal.objects.NativeJava.type(NativeJava.java:314)
	at jdk.scripting.nashorn.scripts/jdk.nashorn.internal.scripts.Script$Recompilation$2279$require.L:1(/home/travis/build/icyphy/ptII/ptolemy/actor/lib/jjs/external/require.js#409:30<eval>:48)
	at jdk.scripting.nashorn.scripts/jdk.nashorn.internal.scripts.Script$Recompilation$2189$require.L:45#_require(/home/travis/build/icyphy/ptII/ptolemy/actor/lib/jjs/external/require.js:429)
	at jdk.scripting.nashorn.scripts/jdk.nashorn.internal.scripts.Script$Recompilation$2193$21065A$require.L:45#_requireClosure#L:466(/home/travis/build/icyphy/ptII/ptolemy/actor/lib/jjs/external/require.js:467)
	at jdk.scripting.nashorn.scripts/jdk.nashorn.internal.scripts.Script$Recompilation$2267$1AAAAAAAAAAAAAA$\^function\_.L:1(<function>:97)
	at jdk.scripting.nashorn.scripts/jdk.nashorn.internal.scripts.Script$Recompilation$2266$17933AAAAAA$require$cu1$restOf.L:1#Accessor(/home/travis/build/icyphy/ptII/ptolemy/actor/lib/jjs/external/require.js#409:30<eval>:545)
	at jdk.scripting.nashorn.scripts/jdk.nashorn.internal.scripts.Script$Recompilation$2252$2801AAA$\^eval\_.evaluateCode(<eval>:96)
	at jdk.scripting.nashorn/jdk.nashorn.internal.runtime.ScriptFunctionData.invoke(ScriptFunctionData.java:661)
	at jdk.scripting.nashorn/jdk.nashorn.internal.runtime.ScriptFunction.invoke(ScriptFunction.java:513)
	at jdk.scripting.nashorn/jdk.nashorn.internal.runtime.ScriptRuntime.apply(ScriptRuntime.java:527)
	at jdk.scripting.nashorn/jdk.nashorn.api.scripting.ScriptObjectMirror.callMember(ScriptObjectMirror.java:202)
	at jdk.scripting.nashorn/jdk.nashorn.api.scripting.NashornScriptEngine.invokeImpl(NashornScriptEngine.java:393)
	at jdk.scripting.nashorn/jdk.nashorn.api.scripting.NashornScriptEngine.invokeFunction(NashornScriptEngine.java:197)
	at ptolemy.actor.lib.jjs.JavaScript._createEngineAndEvaluateSetup(JavaScript.java:2493)
	at ptolemy.actor.lib.jjs.JavaScript.attributeChanged(JavaScript.java:548)
	at org.terraswarm.accessor.JSAccessor.attributeChanged(JSAccessor.java:312)
	at ptolemy.data.expr.Variable._setTokenAndNotify(Variable.java:2271)
	at ptolemy.data.expr.Variable._evaluate(Variable.java:1873)
	at ptolemy.data.expr.Variable._propagate(Variable.java:1984)
	at ptolemy.data.expr.Variable.validate(Variable.java:1596)
	at ptolemy.moml.MoMLParser.endDocument(MoMLParser.java:867)
	at com.microstar.xml.XmlParser.doParse(XmlParser.java:162)
	at com.microstar.xml.XmlParser.parse(XmlParser.java:132)
	at ptolemy.moml.MoMLParser.parse(MoMLParser.java:1676)
	at ptolemy.moml.MoMLParser.parse(MoMLParser.java:1617)
	at ptolemy.moml.MoMLParser.parse(MoMLParser.java:1792)
	at org.terraswarm.accessor.AccessorLibrary.populate(AccessorLibrary.java:194)
	at ptolemy.moml.EntityLibrary.classDefinitionList(EntityLibrary.java:307)
	at ptolemy.kernel.CompositeEntity._description(CompositeEntity.java:2292)
	at ptolemy.kernel.CompositeEntity._description(CompositeEntity.java:2307)
	at ptolemy.kernel.CompositeEntity._description(CompositeEntity.java:2307)
	at ptolemy.kernel.CompositeEntity._description(CompositeEntity.java:2307)
	at ptolemy.kernel.CompositeEntity._description(CompositeEntity.java:2307)
	at ptolemy.kernel.util.NamedObj.description(NamedObj.java:731)
	at ptolemy.kernel.util.NamedObj.description(NamedObj.java:715)
	at java.base/jdk.internal.reflect.NativeMethodAccessorImpl.invoke0(Native Method)
	at java.base/jdk.internal.reflect.NativeMethodAccessorImpl.invoke(NativeMethodAccessorImpl.java:62)
	at java.base/jdk.internal.reflect.DelegatingMethodAccessorImpl.invoke(DelegatingMethodAccessorImpl.java:43)
	at java.base/java.lang.reflect.Method.invoke(Method.java:566)
	at tcl.lang.reflect.PkgInvoker.invokeMethod(PkgInvoker.java:129)
	at tcl.lang.JavaInvoke.call(JavaInvoke.java:253)
	at tcl.lang.JavaInvoke.callMethod(JavaInvoke.java:116)
	at tcl.lang.ReflectObject.cmdProc(ReflectObject.java:727)
	at tcl.lang.Parser.evalObjv(Parser.java:740)
	at tcl.lang.Parser.eval2(Parser.java:1138)
	at tcl.lang.Parser.evalTokens(Parser.java:930)
	at tcl.lang.Parser.eval2(Parser.java:1125)
	at tcl.lang.Parser.evalTokens(Parser.java:930)
	at tcl.lang.Parser.eval2(Parser.java:1125)
	at tcl.lang.Interp.eval(Interp.java:1782)
	at tcl.lang.Interp.eval(Interp.java:1841)
	at tcl.lang.UplevelCmd.cmdProc(UplevelCmd.java:93)
	at tcl.lang.AutoloadStub.cmdProc(Extension.java:144)
	at tcl.lang.Parser.evalObjv(Parser.java:740)
	at tcl.lang.Parser.eval2(Parser.java:1138)
	at tcl.lang.Interp.eval(Interp.java:1782)
	at tcl.lang.Interp.eval(Interp.java:1841)
	at tcl.lang.CatchCmd.cmdProc(CatchCmd.java:42)
	at tcl.lang.Parser.evalObjv(Parser.java:740)
	at tcl.lang.Parser.eval2(Parser.java:1138)
	at tcl.lang.Parser.evalTokens(Parser.java:930)
	at tcl.lang.Parser.eval2(Parser.java:1125)
	at tcl.lang.Procedure.cmdProc(Procedure.java:175)
	at tcl.lang.Parser.evalObjv(Parser.java:740)
	at tcl.lang.Parser.eval2(Parser.java:1138)
	at tcl.lang.Interp.eval(Interp.java:1782)
	at tcl.lang.Interp.eval(Interp.java:1841)
	at tcl.lang.ForeachCmd.cmdProc(ForeachCmd.java:116)
	at tcl.lang.AutoloadStub.cmdProc(Extension.java:144)
	at tcl.lang.Parser.evalObjv(Parser.java:740)
	at tcl.lang.Parser.eval2(Parser.java:1138)
	at tcl.lang.Interp.eval(Interp.java:1782)
	at tcl.lang.Interp.evalFile(Interp.java:1880)
	at java.base/jdk.internal.reflect.NativeMethodAccessorImpl.invoke0(Native Method)
	at java.base/jdk.internal.reflect.NativeMethodAccessorImpl.invoke(NativeMethodAccessorImpl.java:62)
	at java.base/jdk.internal.reflect.DelegatingMethodAccessorImpl.invoke(DelegatingMethodAccessorImpl.java:43)
	at java.base/java.lang.reflect.Method.invoke(Method.java:566)
	at ptolemy.util.test.junit.TclTests.RunTclFile(TclTests.java:233)
	at java.base/jdk.internal.reflect.NativeMethodAccessorImpl.invoke0(Native Method)
	at java.base/jdk.internal.reflect.NativeMethodAccessorImpl.invoke(NativeMethodAccessorImpl.java:62)
	at java.base/jdk.internal.reflect.DelegatingMethodAccessorImpl.invoke(DelegatingMethodAccessorImpl.java:43)
	at java.base/java.lang.reflect.Method.invoke(Method.java:566)
	at org.junit.runners.model.FrameworkMethod$1.runReflectiveCall(FrameworkMethod.java:44)
	at org.junit.internal.runners.model.ReflectiveCallable.run(ReflectiveCallable.java:15)
	at org.junit.runners.model.FrameworkMethod.invokeExplosively(FrameworkMethod.java:41)
	at junitparams.internal.InvokeParameterisedMethod.evaluate(InvokeParameterisedMethod.java:102)
	at junitparams.internal.ParameterisedTestMethodRunner.runMethodInvoker(ParameterisedTestMethodRunner.java:47)
	at junitparams.internal.ParameterisedTestMethodRunner.runTestMethod(ParameterisedTestMethodRunner.java:41)
	at junitparams.internal.ParameterisedTestClassRunner.runParameterisedTest(ParameterisedTestClassRunner.java:143)
	at junitparams.JUnitParamsRunner.runChild(JUnitParamsRunner.java:237)
	at junitparams.JUnitParamsRunner.runChild(JUnitParamsRunner.java:215)
	at org.junit.runners.ParentRunner$3.run(ParentRunner.java:193)
	at org.junit.runners.ParentRunner$1.schedule(ParentRunner.java:52)
	at org.junit.runners.ParentRunner.runChildren(ParentRunner.java:191)
	at org.junit.runners.ParentRunner.access$000(ParentRunner.java:42)
	at org.junit.runners.ParentRunner$2.evaluate(ParentRunner.java:184)
	at org.junit.internal.runners.statements.RunAfters.evaluate(RunAfters.java:31)
	at org.junit.runners.ParentRunner.run(ParentRunner.java:236)
	at org.junit.runners.Suite.runChild(Suite.java:128)
	at org.junit.runners.Suite.runChild(Suite.java:24)
	at org.junit.runners.ParentRunner$3.run(ParentRunner.java:193)
	at org.junit.runners.ParentRunner$1.schedule(ParentRunner.java:52)
	at org.junit.runners.ParentRunner.runChildren(ParentRunner.java:191)
	at org.junit.runners.ParentRunner.access$000(ParentRunner.java:42)
	at org.junit.runners.ParentRunner$2.evaluate(ParentRunner.java:184)
	at org.junit.runners.ParentRunner.run(ParentRunner.java:236)
	at junit.framework.JUnit4TestAdapter.run(JUnit4TestAdapter.java:39)
	at org.apache.tools.ant.taskdefs.optional.junit.JUnitTestRunner.run(JUnitTestRunner.java:535)
	at org.apache.tools.ant.taskdefs.optional.junit.JUnitTestRunner.launch(JUnitTestRunner.java:1182)
	at org.apache.tools.ant.taskdefs.optional.junit.JUnitTestRunner.main(JUnitTestRunner.java:1033)

	at jdk.scripting.nashorn/jdk.nashorn.internal.objects.NativeError.initException(NativeError.java:135)
	at jdk.scripting.nashorn/jdk.nashorn.internal.objects.NativeError.<init>(NativeError.java:101)
	at jdk.scripting.nashorn/jdk.nashorn.internal.objects.NativeError.<init>(NativeError.java:105)
	at jdk.scripting.nashorn/jdk.nashorn.internal.objects.NativeError.<init>(NativeError.java:109)
	at jdk.scripting.nashorn/jdk.nashorn.internal.objects.NativeError.constructor(NativeError.java:128)
	at jdk.scripting.nashorn.scripts/jdk.nashorn.internal.scripts.Script$Recompilation$2285$require$cu1$restOf.L:45#_require(/home/travis/build/icyphy/ptII/ptolemy/actor/lib/jjs/external/require.js:454)
	at jdk.scripting.nashorn.scripts/jdk.nashorn.internal.scripts.Script$Recompilation$2193$21065A$require.L:45#_requireClosure#L:466(/home/travis/build/icyphy/ptII/ptolemy/actor/lib/jjs/external/require.js:467)
	at jdk.scripting.nashorn.scripts/jdk.nashorn.internal.scripts.Script$Recompilation$2267$1AAAAAAAAAAAAAA$\^function\_.L:1(<function>:97)
	at jdk.scripting.nashorn.scripts/jdk.nashorn.internal.scripts.Script$Recompilation$2266$17933AAAAAA$require$cu1$restOf.L:1#Accessor(/home/travis/build/icyphy/ptII/ptolemy/actor/lib/jjs/external/require.js#409:30<eval>:545)
	at jdk.scripting.nashorn.scripts/jdk.nashorn.internal.scripts.Script$Recompilation$2252$2801AAA$\^eval\_.evaluateCode(<eval>:96)
	at jdk.scripting.nashorn/jdk.nashorn.internal.runtime.ScriptFunctionData.invoke(ScriptFunctionData.java:661)
	at jdk.scripting.nashorn/jdk.nashorn.internal.runtime.ScriptFunction.invoke(ScriptFunction.java:513)
	at jdk.scripting.nashorn/jdk.nashorn.internal.runtime.ScriptRuntime.apply(ScriptRuntime.java:527)
	at jdk.scripting.nashorn/jdk.nashorn.api.scripting.ScriptObjectMirror.callMember(ScriptObjectMirror.java:202)
	at jdk.scripting.nashorn/jdk.nashorn.api.scripting.NashornScriptEngine.invokeImpl(NashornScriptEngine.java:393)
	... 98 more
Caused by: ptolemy.kernel.util.IllegalActionException: Error evaluating expression:
// Copyright (c) 2015-2017 The Regents of the University of California.
...
  in .configuration.actor library.MoreLibraries.Accessors.audio.AudioCapture.script
Because:
Failed to evaluate script.
  in .configuration.actor library.MoreLibraries.Accessors.audio.AudioCapture
Because:
Error: Error executing module audio line #undefined : ptolemy.actor.lib.jjs.modules.audio.AudioHelper
In file: /home/travis/build/icyphy/ptII/ptolemy/actor/lib/jjs/modules/audio/audio.js

java.lang.ClassNotFoundException: ptolemy.actor.lib.jjs.modules.audio.AudioHelper
	at java.base/jdk.internal.loader.BuiltinClassLoader.loadClass(BuiltinClassLoader.java:583)
	at java.base/jdk.internal.loader.ClassLoaders$AppClassLoader.loadClass(ClassLoaders.java:178)
	at java.base/java.lang.ClassLoader.loadClass(ClassLoader.java:521)
	at java.base/java.lang.Class.forName0(Native Method)
	at java.base/java.lang.Class.forName(Class.java:398)
	at jdk.scripting.nashorn/jdk.nashorn.internal.runtime.Context.findClass(Context.java:1180)
	at jdk.scripting.nashorn/jdk.nashorn.internal.objects.NativeJava.simpleType(NativeJava.java:546)
	at jdk.scripting.nashorn/jdk.nashorn.internal.objects.NativeJava.type(NativeJava.java:326)
	at jdk.scripting.nashorn/jdk.nashorn.internal.objects.NativeJava.type(NativeJava.java:318)
	at jdk.scripting.nashorn/jdk.nashorn.internal.objects.NativeJava.type(NativeJava.java:314)
	at jdk.scripting.nashorn.scripts/jdk.nashorn.internal.scripts.Script$Recompilation$2279$require.L:1(/home/travis/build/icyphy/ptII/ptolemy/actor/lib/jjs/external/require.js#409:30<eval>:48)
	at jdk.scripting.nashorn.scripts/jdk.nashorn.internal.scripts.Script$Recompilation$2189$require.L:45#_require(/home/travis/build/icyphy/ptII/ptolemy/actor/lib/jjs/external/require.js:429)
	at jdk.scripting.nashorn.scripts/jdk.nashorn.internal.scripts.Script$Recompilation$2193$21065A$require.L:45#_requireClosure#L:466(/home/travis/build/icyphy/ptII/ptolemy/actor/lib/jjs/external/require.js:467)
	at jdk.scripting.nashorn.scripts/jdk.nashorn.internal.scripts.Script$Recompilation$2267$1AAAAAAAAAAAAAA$\^function\_.L:1(<function>:97)
	at jdk.scripting.nashorn.scripts/jdk.nashorn.internal.scripts.Script$Recompilation$2266$17933AAAAAA$require$cu1$restOf.L:1#Accessor(/home/travis/build/icyphy/ptII/ptolemy/actor/lib/jjs/external/require.js#409:30<eval>:545)
	at jdk.scripting.nashorn.scripts/jdk.nashorn.internal.scripts.Script$Recompilation$2252$2801AAA$\^eval\_.evaluateCode(<eval>:96)
	at jdk.scripting.nashorn/jdk.nashorn.internal.runtime.ScriptFunctionData.invoke(ScriptFunctionData.java:661)
	at jdk.scripting.nashorn/jdk.nashorn.internal.runtime.ScriptFunction.invoke(ScriptFunction.java:513)
	at jdk.scripting.nashorn/jdk.nashorn.internal.runtime.ScriptRuntime.apply(ScriptRuntime.java:527)
	at jdk.scripting.nashorn/jdk.nashorn.api.scripting.ScriptObjectMirror.callMember(ScriptObjectMirror.java:202)
	at jdk.scripting.nashorn/jdk.nashorn.api.scripting.NashornScriptEngine.invokeImpl(NashornScriptEngine.java:393)
	at jdk.scripting.nashorn/jdk.nashorn.api.scripting.NashornScriptEngine.invokeFunction(NashornScriptEngine.java:197)
	at ptolemy.actor.lib.jjs.JavaScript._createEngineAndEvaluateSetup(JavaScript.java:2493)
	at ptolemy.actor.lib.jjs.JavaScript.attributeChanged(JavaScript.java:548)
	at org.terraswarm.accessor.JSAccessor.attributeChanged(JSAccessor.java:312)
	at ptolemy.data.expr.Variable._setTokenAndNotify(Variable.java:2271)
	at ptolemy.data.expr.Variable._evaluate(Variable.java:1873)
	at ptolemy.data.expr.Variable._propagate(Variable.java:1984)
	at ptolemy.data.expr.Variable.validate(Variable.java:1596)
	at ptolemy.moml.MoMLParser.endDocument(MoMLParser.java:867)
	at com.microstar.xml.XmlParser.doParse(XmlParser.java:162)
	at com.microstar.xml.XmlParser.parse(XmlParser.java:132)
	at ptolemy.moml.MoMLParser.parse(MoMLParser.java:1676)
	at ptolemy.moml.MoMLParser.parse(MoMLParser.java:1617)
	at ptolemy.moml.MoMLParser.parse(MoMLParser.java:1792)
	at org.terraswarm.accessor.AccessorLibrary.populate(AccessorLibrary.java:194)
	at ptolemy.moml.EntityLibrary.classDefinitionList(EntityLibrary.java:307)
	at ptolemy.kernel.CompositeEntity._description(CompositeEntity.java:2292)
	at ptolemy.kernel.CompositeEntity._description(CompositeEntity.java:2307)
	at ptolemy.kernel.CompositeEntity._description(CompositeEntity.java:2307)
	at ptolemy.kernel.CompositeEntity._description(CompositeEntity.java:2307)
	at ptolemy.kernel.CompositeEntity._description(CompositeEntity.java:2307)
	at ptolemy.kernel.util.NamedObj.description(NamedObj.java:731)
	at ptolemy.kernel.util.NamedObj.description(NamedObj.java:715)
	at java.base/jdk.internal.reflect.NativeMethodAccessorImpl.invoke0(Native Method)
	at java.base/jdk.internal.reflect.NativeMethodAccessorImpl.invoke(NativeMethodAccessorImpl.java:62)
	at java.base/jdk.internal.reflect.DelegatingMethodAccessorImpl.invoke(DelegatingMethodAccessorImpl.java:43)
	at java.base/java.lang.reflect.Method.invoke(Method.java:566)
	at tcl.lang.reflect.PkgInvoker.invokeMethod(PkgInvoker.java:129)
	at tcl.lang.JavaInvoke.call(JavaInvoke.java:253)
	at tcl.lang.JavaInvoke.callMethod(JavaInvoke.java:116)
	at tcl.lang.ReflectObject.cmdProc(ReflectObject.java:727)
	at tcl.lang.Parser.evalObjv(Parser.java:740)
	at tcl.lang.Parser.eval2(Parser.java:1138)
	at tcl.lang.Parser.evalTokens(Parser.java:930)
	at tcl.lang.Parser.eval2(Parser.java:1125)
	at tcl.lang.Parser.evalTokens(Parser.java:930)
	at tcl.lang.Parser.eval2(Parser.java:1125)
	at tcl.lang.Interp.eval(Interp.java:1782)
	at tcl.lang.Interp.eval(Interp.java:1841)
	at tcl.lang.UplevelCmd.cmdProc(UplevelCmd.java:93)
	at tcl.lang.AutoloadStub.cmdProc(Extension.java:144)
	at tcl.lang.Parser.evalObjv(Parser.java:740)
	at tcl.lang.Parser.eval2(Parser.java:1138)
	at tcl.lang.Interp.eval(Interp.java:1782)
	at tcl.lang.Interp.eval(Interp.java:1841)
	at tcl.lang.CatchCmd.cmdProc(CatchCmd.java:42)
	at tcl.lang.Parser.evalObjv(Parser.java:740)
	at tcl.lang.Parser.eval2(Parser.java:1138)
	at tcl.lang.Parser.evalTokens(Parser.java:930)
	at tcl.lang.Parser.eval2(Parser.java:1125)
	at tcl.lang.Procedure.cmdProc(Procedure.java:175)
	at tcl.lang.Parser.evalObjv(Parser.java:740)
	at tcl.lang.Parser.eval2(Parser.java:1138)
	at tcl.lang.Interp.eval(Interp.java:1782)
	at tcl.lang.Interp.eval(Interp.java:1841)
	at tcl.lang.ForeachCmd.cmdProc(ForeachCmd.java:116)
	at tcl.lang.AutoloadStub.cmdProc(Extension.java:144)
	at tcl.lang.Parser.evalObjv(Parser.java:740)
	at tcl.lang.Parser.eval2(Parser.java:1138)
	at tcl.lang.Interp.eval(Interp.java:1782)
	at tcl.lang.Interp.evalFile(Interp.java:1880)
	at java.base/jdk.internal.reflect.NativeMethodAccessorImpl.invoke0(Native Method)
	at java.base/jdk.internal.reflect.NativeMethodAccessorImpl.invoke(NativeMethodAccessorImpl.java:62)
	at java.base/jdk.internal.reflect.DelegatingMethodAccessorImpl.invoke(DelegatingMethodAccessorImpl.java:43)
	at java.base/java.lang.reflect.Method.invoke(Method.java:566)
	at ptolemy.util.test.junit.TclTests.RunTclFile(TclTests.java:233)
	at java.base/jdk.internal.reflect.NativeMethodAccessorImpl.invoke0(Native Method)
	at java.base/jdk.internal.reflect.NativeMethodAccessorImpl.invoke(NativeMethodAccessorImpl.java:62)
	at java.base/jdk.internal.reflect.DelegatingMethodAccessorImpl.invoke(DelegatingMethodAccessorImpl.java:43)
	at java.base/java.lang.reflect.Method.invoke(Method.java:566)
	at org.junit.runners.model.FrameworkMethod$1.runReflectiveCall(FrameworkMethod.java:44)
	at org.junit.internal.runners.model.ReflectiveCallable.run(ReflectiveCallable.java:15)
	at org.junit.runners.model.FrameworkMethod.invokeExplosively(FrameworkMethod.java:41)
	at junitparams.internal.InvokeParameterisedMethod.evaluate(InvokeParameterisedMethod.java:102)
	at junitparams.internal.ParameterisedTestMethodRunner.runMethodInvoker(ParameterisedTestMethodRunner.java:47)
	at junitparams.internal.ParameterisedTestMethodRunner.runTestMethod(ParameterisedTestMethodRunner.java:41)
	at junitparams.internal.ParameterisedTestClassRunner.runParameterisedTest(ParameterisedTestClassRunner.java:143)
	at junitparams.JUnitParamsRunner.runChild(JUnitParamsRunner.java:237)
	at junitparams.JUnitParamsRunner.runChild(JUnitParamsRunner.java:215)
	at org.junit.runners.ParentRunner$3.run(ParentRunner.java:193)
	at org.junit.runners.ParentRunner$1.schedule(ParentRunner.java:52)
	at org.junit.runners.ParentRunner.runChildren(ParentRunner.java:191)
	at org.junit.runners.ParentRunner.access$000(ParentRunner.java:42)
	at org.junit.runners.ParentRunner$2.evaluate(ParentRunner.java:184)
	at org.junit.internal.runners.statements.RunAfters.evaluate(RunAfters.java:31)
	at org.junit.runners.ParentRunner.run(ParentRunner.java:236)
	at org.junit.runners.Suite.runChild(Suite.java:128)
	at org.junit.runners.Suite.runChild(Suite.java:24)
	at org.junit.runners.ParentRunner$3.run(ParentRunner.java:193)
	at org.junit.runners.ParentRunner$1.schedule(ParentRunner.java:52)
	at org.junit.runners.ParentRunner.runChildren(ParentRunner.java:191)
	at org.junit.runners.ParentRunner.access$000(ParentRunner.java:42)
	at org.junit.runners.ParentRunner$2.evaluate(ParentRunner.java:184)
	at org.junit.runners.ParentRunner.run(ParentRunner.java:236)
	at junit.framework.JUnit4TestAdapter.run(JUnit4TestAdapter.java:39)
	at org.apache.tools.ant.taskdefs.optional.junit.JUnitTestRunner.run(JUnitTestRunner.java:535)
	at org.apache.tools.ant.taskdefs.optional.junit.JUnitTestRunner.launch(JUnitTestRunner.java:1182)
	at org.apache.tools.ant.taskdefs.optional.junit.JUnitTestRunner.main(JUnitTestRunner.java:1033)
 in /home/travis/build/icyphy/ptII/ptolemy/actor/lib/jjs/external/require.js at line number 454 at column number 12
	at ptolemy.data.expr.Variable._evaluate(Variable.java:1891)
	at ptolemy.data.expr.Variable._propagate(Variable.java:1984)
	at ptolemy.data.expr.Variable.validate(Variable.java:1596)
	at ptolemy.moml.MoMLParser.endDocument(MoMLParser.java:867)
	at com.microstar.xml.XmlParser.doParse(XmlParser.java:162)
	at com.microstar.xml.XmlParser.parse(XmlParser.java:132)
	at ptolemy.moml.MoMLParser.parse(MoMLParser.java:1676)
	at ptolemy.moml.MoMLParser.parse(MoMLParser.java:1617)
	at ptolemy.moml.MoMLParser.parse(MoMLParser.java:1792)
	at org.terraswarm.accessor.AccessorLibrary.populate(AccessorLibrary.java:194)
	at ptolemy.moml.EntityLibrary.classDefinitionList(EntityLibrary.java:307)
	at ptolemy.kernel.CompositeEntity._description(CompositeEntity.java:2292)
	at ptolemy.kernel.CompositeEntity._description(CompositeEntity.java:2307)
	at ptolemy.kernel.CompositeEntity._description(CompositeEntity.java:2307)
	at ptolemy.kernel.CompositeEntity._description(CompositeEntity.java:2307)
	at ptolemy.kernel.CompositeEntity._description(CompositeEntity.java:2307)
	at ptolemy.kernel.util.NamedObj.description(NamedObj.java:731)
	at ptolemy.kernel.util.NamedObj.description(NamedObj.java:715)
	at java.base/jdk.internal.reflect.NativeMethodAccessorImpl.invoke0(Native Method)
	at java.base/jdk.internal.reflect.NativeMethodAccessorImpl.invoke(NativeMethodAccessorImpl.java:62)
	at java.base/jdk.internal.reflect.DelegatingMethodAccessorImpl.invoke(DelegatingMethodAccessorImpl.java:43)
	at java.base/java.lang.reflect.Method.invoke(Method.java:566)
	at tcl.lang.reflect.PkgInvoker.invokeMethod(PkgInvoker.java:129)
	at tcl.lang.JavaInvoke.call(JavaInvoke.java:253)
	at tcl.lang.JavaInvoke.callMethod(JavaInvoke.java:116)
	at tcl.lang.ReflectObject.cmdProc(ReflectObject.java:727)
	at tcl.lang.Parser.evalObjv(Parser.java:740)
	at tcl.lang.Parser.eval2(Parser.java:1138)
	at tcl.lang.Parser.evalTokens(Parser.java:930)
	at tcl.lang.Parser.eval2(Parser.java:1125)
	at tcl.lang.Parser.evalTokens(Parser.java:930)
	at tcl.lang.Parser.eval2(Parser.java:1125)
	at tcl.lang.Interp.eval(Interp.java:1782)
	at tcl.lang.Interp.eval(Interp.java:1841)
	at tcl.lang.UplevelCmd.cmdProc(UplevelCmd.java:93)
	at tcl.lang.AutoloadStub.cmdProc(Extension.java:144)
	at tcl.lang.Parser.evalObjv(Parser.java:740)
	at tcl.lang.Parser.eval2(Parser.java:1138)
	at tcl.lang.Interp.eval(Interp.java:1782)
	at tcl.lang.Interp.eval(Interp.java:1841)
	at tcl.lang.CatchCmd.cmdProc(CatchCmd.java:42)
	at tcl.lang.Parser.evalObjv(Parser.java:740)
	at tcl.lang.Parser.eval2(Parser.java:1138)
	at tcl.lang.Parser.evalTokens(Parser.java:930)
	at tcl.lang.Parser.eval2(Parser.java:1125)
	at tcl.lang.Procedure.cmdProc(Procedure.java:175)
	at tcl.lang.Parser.evalObjv(Parser.java:740)
	at tcl.lang.Parser.eval2(Parser.java:1138)
	at tcl.lang.Interp.eval(Interp.java:1782)
	at tcl.lang.Interp.eval(Interp.java:1841)
	at tcl.lang.ForeachCmd.cmdProc(ForeachCmd.java:116)
	at tcl.lang.AutoloadStub.cmdProc(Extension.java:144)
	at tcl.lang.Parser.evalObjv(Parser.java:740)
	at tcl.lang.Parser.eval2(Parser.java:1138)
	at tcl.lang.Interp.eval(Interp.java:1782)
	at tcl.lang.Interp.evalFile(Interp.java:1880)
	at java.base/jdk.internal.reflect.NativeMethodAccessorImpl.invoke0(Native Method)
	at java.base/jdk.internal.reflect.NativeMethodAccessorImpl.invoke(NativeMethodAccessorImpl.java:62)
	at java.base/jdk.internal.reflect.DelegatingMethodAccessorImpl.invoke(DelegatingMethodAccessorImpl.java:43)
	at java.base/java.lang.reflect.Method.invoke(Method.java:566)
	at ptolemy.util.test.junit.TclTests.RunTclFile(TclTests.java:233)
	at java.base/jdk.internal.reflect.NativeMethodAccessorImpl.invoke0(Native Method)
	at java.base/jdk.internal.reflect.NativeMethodAccessorImpl.invoke(NativeMethodAccessorImpl.java:62)
	at java.base/jdk.internal.reflect.DelegatingMethodAccessorImpl.invoke(DelegatingMethodAccessorImpl.java:43)
	at java.base/java.lang.reflect.Method.invoke(Method.java:566)
	at org.junit.runners.model.FrameworkMethod$1.runReflectiveCall(FrameworkMethod.java:44)
	at org.junit.internal.runners.model.ReflectiveCallable.run(ReflectiveCallable.java:15)
	at org.junit.runners.model.FrameworkMethod.invokeExplosively(FrameworkMethod.java:41)
	at junitparams.internal.InvokeParameterisedMethod.evaluate(InvokeParameterisedMethod.java:102)
	at junitparams.internal.ParameterisedTestMethodRunner.runMethodInvoker(ParameterisedTestMethodRunner.java:47)
	at junitparams.internal.ParameterisedTestMethodRunner.runTestMethod(ParameterisedTestMethodRunner.java:41)
	at junitparams.internal.ParameterisedTestClassRunner.runParameterisedTest(ParameterisedTestClassRunner.java:143)
	at junitparams.JUnitParamsRunner.runChild(JUnitParamsRunner.java:237)
	at junitparams.JUnitParamsRunner.runChild(JUnitParamsRunner.java:215)
	at org.junit.runners.ParentRunner$3.run(ParentRunner.java:193)
	at org.junit.runners.ParentRunner$1.schedule(ParentRunner.java:52)
	at org.junit.runners.ParentRunner.runChildren(ParentRunner.java:191)
	at org.junit.runners.ParentRunner.access$000(ParentRunner.java:42)
	at org.junit.runners.ParentRunner$2.evaluate(ParentRunner.java:184)
	at org.junit.internal.runners.statements.RunAfters.evaluate(RunAfters.java:31)
	at org.junit.runners.ParentRunner.run(ParentRunner.java:236)
	at org.junit.runners.Suite.runChild(Suite.java:128)
	at org.junit.runners.Suite.runChild(Suite.java:24)
	at org.junit.runners.ParentRunner$3.run(ParentRunner.java:193)
	at org.junit.runners.ParentRunner$1.schedule(ParentRunner.java:52)
	at org.junit.runners.ParentRunner.runChildren(ParentRunner.java:191)
	at org.junit.runners.ParentRunner.access$000(ParentRunner.java:42)
	at org.junit.runners.ParentRunner$2.evaluate(ParentRunner.java:184)
	at org.junit.runners.ParentRunner.run(ParentRunner.java:236)
	at junit.framework.JUnit4TestAdapter.run(JUnit4TestAdapter.java:39)
	at org.apache.tools.ant.taskdefs.optional.junit.JUnitTestRunner.run(JUnitTestRunner.java:535)
	at org.apache.tools.ant.taskdefs.optional.junit.JUnitTestRunner.launch(JUnitTestRunner.java:1182)
	at org.apache.tools.ant.taskdefs.optional.junit.JUnitTestRunner.main(JUnitTestRunner.java:1033)
Caused by: ptolemy.kernel.util.IllegalActionException: Failed to evaluate script.
  in .configuration.actor library.MoreLibraries.Accessors.audio.AudioCapture
Because:
Error: Error executing module audio line #undefined : ptolemy.actor.lib.jjs.modules.audio.AudioHelper
In file: /home/travis/build/icyphy/ptII/ptolemy/actor/lib/jjs/modules/audio/audio.js

java.lang.ClassNotFoundException: ptolemy.actor.lib.jjs.modules.audio.AudioHelper
	at java.base/jdk.internal.loader.BuiltinClassLoader.loadClass(BuiltinClassLoader.java:583)
	at java.base/jdk.internal.loader.ClassLoaders$AppClassLoader.loadClass(ClassLoaders.java:178)
	at java.base/java.lang.ClassLoader.loadClass(ClassLoader.java:521)
	at java.base/java.lang.Class.forName0(Native Method)
	at java.base/java.lang.Class.forName(Class.java:398)
	at jdk.scripting.nashorn/jdk.nashorn.internal.runtime.Context.findClass(Context.java:1180)
	at jdk.scripting.nashorn/jdk.nashorn.internal.objects.NativeJava.simpleType(NativeJava.java:546)
	at jdk.scripting.nashorn/jdk.nashorn.internal.objects.NativeJava.type(NativeJava.java:326)
	at jdk.scripting.nashorn/jdk.nashorn.internal.objects.NativeJava.type(NativeJava.java:318)
	at jdk.scripting.nashorn/jdk.nashorn.internal.objects.NativeJava.type(NativeJava.java:314)
	at jdk.scripting.nashorn.scripts/jdk.nashorn.internal.scripts.Script$Recompilation$2279$require.L:1(/home/travis/build/icyphy/ptII/ptolemy/actor/lib/jjs/external/require.js#409:30<eval>:48)
	at jdk.scripting.nashorn.scripts/jdk.nashorn.internal.scripts.Script$Recompilation$2189$require.L:45#_require(/home/travis/build/icyphy/ptII/ptolemy/actor/lib/jjs/external/require.js:429)
	at jdk.scripting.nashorn.scripts/jdk.nashorn.internal.scripts.Script$Recompilation$2193$21065A$require.L:45#_requireClosure#L:466(/home/travis/build/icyphy/ptII/ptolemy/actor/lib/jjs/external/require.js:467)
	at jdk.scripting.nashorn.scripts/jdk.nashorn.internal.scripts.Script$Recompilation$2267$1AAAAAAAAAAAAAA$\^function\_.L:1(<function>:97)
	at jdk.scripting.nashorn.scripts/jdk.nashorn.internal.scripts.Script$Recompilation$2266$17933AAAAAA$require$cu1$restOf.L:1#Accessor(/home/travis/build/icyphy/ptII/ptolemy/actor/lib/jjs/external/require.js#409:30<eval>:545)
	at jdk.scripting.nashorn.scripts/jdk.nashorn.internal.scripts.Script$Recompilation$2252$2801AAA$\^eval\_.evaluateCode(<eval>:96)
	at jdk.scripting.nashorn/jdk.nashorn.internal.runtime.ScriptFunctionData.invoke(ScriptFunctionData.java:661)
	at jdk.scripting.nashorn/jdk.nashorn.internal.runtime.ScriptFunction.invoke(ScriptFunction.java:513)
	at jdk.scripting.nashorn/jdk.nashorn.internal.runtime.ScriptRuntime.apply(ScriptRuntime.java:527)
	at jdk.scripting.nashorn/jdk.nashorn.api.scripting.ScriptObjectMirror.callMember(ScriptObjectMirror.java:202)
	at jdk.scripting.nashorn/jdk.nashorn.api.scripting.NashornScriptEngine.invokeImpl(NashornScriptEngine.java:393)
	at jdk.scripting.nashorn/jdk.nashorn.api.scripting.NashornScriptEngine.invokeFunction(NashornScriptEngine.java:197)
	at ptolemy.actor.lib.jjs.JavaScript._createEngineAndEvaluateSetup(JavaScript.java:2493)
	at ptolemy.actor.lib.jjs.JavaScript.attributeChanged(JavaScript.java:548)
	at org.terraswarm.accessor.JSAccessor.attributeChanged(JSAccessor.java:312)
	at ptolemy.data.expr.Variable._setTokenAndNotify(Variable.java:2271)
	at ptolemy.data.expr.Variable._evaluate(Variable.java:1873)
	at ptolemy.data.expr.Variable._propagate(Variable.java:1984)
	at ptolemy.data.expr.Variable.validate(Variable.java:1596)
	at ptolemy.moml.MoMLParser.endDocument(MoMLParser.java:867)
	at com.microstar.xml.XmlParser.doParse(XmlParser.java:162)
	at com.microstar.xml.XmlParser.parse(XmlParser.java:132)
	at ptolemy.moml.MoMLParser.parse(MoMLParser.java:1676)
	at ptolemy.moml.MoMLParser.parse(MoMLParser.java:1617)
	at ptolemy.moml.MoMLParser.parse(MoMLParser.java:1792)
	at org.terraswarm.accessor.AccessorLibrary.populate(AccessorLibrary.java:194)
	at ptolemy.moml.EntityLibrary.classDefinitionList(EntityLibrary.java:307)
	at ptolemy.kernel.CompositeEntity._description(CompositeEntity.java:2292)
	at ptolemy.kernel.CompositeEntity._description(CompositeEntity.java:2307)
	at ptolemy.kernel.CompositeEntity._description(CompositeEntity.java:2307)
	at ptolemy.kernel.CompositeEntity._description(CompositeEntity.java:2307)
	at ptolemy.kernel.CompositeEntity._description(CompositeEntity.java:2307)
	at ptolemy.kernel.util.NamedObj.description(NamedObj.java:731)
	at ptolemy.kernel.util.NamedObj.description(NamedObj.java:715)
	at java.base/jdk.internal.reflect.NativeMethodAccessorImpl.invoke0(Native Method)
	at java.base/jdk.internal.reflect.NativeMethodAccessorImpl.invoke(NativeMethodAccessorImpl.java:62)
	at java.base/jdk.internal.reflect.DelegatingMethodAccessorImpl.invoke(DelegatingMethodAccessorImpl.java:43)
	at java.base/java.lang.reflect.Method.invoke(Method.java:566)
	at tcl.lang.reflect.PkgInvoker.invokeMethod(PkgInvoker.java:129)
	at tcl.lang.JavaInvoke.call(JavaInvoke.java:253)
	at tcl.lang.JavaInvoke.callMethod(JavaInvoke.java:116)
	at tcl.lang.ReflectObject.cmdProc(ReflectObject.java:727)
	at tcl.lang.Parser.evalObjv(Parser.java:740)
	at tcl.lang.Parser.eval2(Parser.java:1138)
	at tcl.lang.Parser.evalTokens(Parser.java:930)
	at tcl.lang.Parser.eval2(Parser.java:1125)
	at tcl.lang.Parser.evalTokens(Parser.java:930)
	at tcl.lang.Parser.eval2(Parser.java:1125)
	at tcl.lang.Interp.eval(Interp.java:1782)
	at tcl.lang.Interp.eval(Interp.java:1841)
	at tcl.lang.UplevelCmd.cmdProc(UplevelCmd.java:93)
	at tcl.lang.AutoloadStub.cmdProc(Extension.java:144)
	at tcl.lang.Parser.evalObjv(Parser.java:740)
	at tcl.lang.Parser.eval2(Parser.java:1138)
	at tcl.lang.Interp.eval(Interp.java:1782)
	at tcl.lang.Interp.eval(Interp.java:1841)
	at tcl.lang.CatchCmd.cmdProc(CatchCmd.java:42)
	at tcl.lang.Parser.evalObjv(Parser.java:740)
	at tcl.lang.Parser.eval2(Parser.java:1138)
	at tcl.lang.Parser.evalTokens(Parser.java:930)
	at tcl.lang.Parser.eval2(Parser.java:1125)
	at tcl.lang.Procedure.cmdProc(Procedure.java:175)
	at tcl.lang.Parser.evalObjv(Parser.java:740)
	at tcl.lang.Parser.eval2(Parser.java:1138)
	at tcl.lang.Interp.eval(Interp.java:1782)
	at tcl.lang.Interp.eval(Interp.java:1841)
	at tcl.lang.ForeachCmd.cmdProc(ForeachCmd.java:116)
	at tcl.lang.AutoloadStub.cmdProc(Extension.java:144)
	at tcl.lang.Parser.evalObjv(Parser.java:740)
	at tcl.lang.Parser.eval2(Parser.java:1138)
	at tcl.lang.Interp.eval(Interp.java:1782)
	at tcl.lang.Interp.evalFile(Interp.java:1880)
	at java.base/jdk.internal.reflect.NativeMethodAccessorImpl.invoke0(Native Method)
	at java.base/jdk.internal.reflect.NativeMethodAccessorImpl.invoke(NativeMethodAccessorImpl.java:62)
	at java.base/jdk.internal.reflect.DelegatingMethodAccessorImpl.invoke(DelegatingMethodAccessorImpl.java:43)
	at java.base/java.lang.reflect.Method.invoke(Method.java:566)
	at ptolemy.util.test.junit.TclTests.RunTclFile(TclTests.java:233)
	at java.base/jdk.internal.reflect.NativeMethodAccessorImpl.invoke0(Native Method)
	at java.base/jdk.internal.reflect.NativeMethodAccessorImpl.invoke(NativeMethodAccessorImpl.java:62)
	at java.base/jdk.internal.reflect.DelegatingMethodAccessorImpl.invoke(DelegatingMethodAccessorImpl.java:43)
	at java.base/java.lang.reflect.Method.invoke(Method.java:566)
	at org.junit.runners.model.FrameworkMethod$1.runReflectiveCall(FrameworkMethod.java:44)
	at org.junit.internal.runners.model.ReflectiveCallable.run(ReflectiveCallable.java:15)
	at org.junit.runners.model.FrameworkMethod.invokeExplosively(FrameworkMethod.java:41)
	at junitparams.internal.InvokeParameterisedMethod.evaluate(InvokeParameterisedMethod.java:102)
	at junitparams.internal.ParameterisedTestMethodRunner.runMethodInvoker(ParameterisedTestMethodRunner.java:47)
	at junitparams.internal.ParameterisedTestMethodRunner.runTestMethod(ParameterisedTestMethodRunner.java:41)
	at junitparams.internal.ParameterisedTestClassRunner.runParameterisedTest(ParameterisedTestClassRunner.java:143)
	at junitparams.JUnitParamsRunner.runChild(JUnitParamsRunner.java:237)
	at junitparams.JUnitParamsRunner.runChild(JUnitParamsRunner.java:215)
	at org.junit.runners.ParentRunner$3.run(ParentRunner.java:193)
	at org.junit.runners.ParentRunner$1.schedule(ParentRunner.java:52)
	at org.junit.runners.ParentRunner.runChildren(ParentRunner.java:191)
	at org.junit.runners.ParentRunner.access$000(ParentRunner.java:42)
	at org.junit.runners.ParentRunner$2.evaluate(ParentRunner.java:184)
	at org.junit.internal.runners.statements.RunAfters.evaluate(RunAfters.java:31)
	at org.junit.runners.ParentRunner.run(ParentRunner.java:236)
	at org.junit.runners.Suite.runChild(Suite.java:128)
	at org.junit.runners.Suite.runChild(Suite.java:24)
	at org.junit.runners.ParentRunner$3.run(ParentRunner.java:193)
	at org.junit.runners.ParentRunner$1.schedule(ParentRunner.java:52)
	at org.junit.runners.ParentRunner.runChildren(ParentRunner.java:191)
	at org.junit.runners.ParentRunner.access$000(ParentRunner.java:42)
	at org.junit.runners.ParentRunner$2.evaluate(ParentRunner.java:184)
	at org.junit.runners.ParentRunner.run(ParentRunner.java:236)
	at junit.framework.JUnit4TestAdapter.run(JUnit4TestAdapter.java:39)
	at org.apache.tools.ant.taskdefs.optional.junit.JUnitTestRunner.run(JUnitTestRunner.java:535)
	at org.apache.tools.ant.taskdefs.optional.junit.JUnitTestRunner.launch(JUnitTestRunner.java:1182)
	at org.apache.tools.ant.taskdefs.optional.junit.JUnitTestRunner.main(JUnitTestRunner.java:1033)
 in /home/travis/build/icyphy/ptII/ptolemy/actor/lib/jjs/external/require.js at line number 454 at column number 12
	at ptolemy.actor.lib.jjs.JavaScript._createEngineAndEvaluateSetup(JavaScript.java:2497)
	at ptolemy.actor.lib.jjs.JavaScript.attributeChanged(JavaScript.java:548)
	at org.terraswarm.accessor.JSAccessor.attributeChanged(JSAccessor.java:312)
	at ptolemy.data.expr.Variable._setTokenAndNotify(Variable.java:2271)
	at ptolemy.data.expr.Variable._evaluate(Variable.java:1873)
	... 92 more
Caused by: javax.script.ScriptException: Error: Error executing module audio line #undefined : ptolemy.actor.lib.jjs.modules.audio.AudioHelper
In file: /home/travis/build/icyphy/ptII/ptolemy/actor/lib/jjs/modules/audio/audio.js

java.lang.ClassNotFoundException: ptolemy.actor.lib.jjs.modules.audio.AudioHelper
	at java.base/jdk.internal.loader.BuiltinClassLoader.loadClass(BuiltinClassLoader.java:583)
	at java.base/jdk.internal.loader.ClassLoaders$AppClassLoader.loadClass(ClassLoaders.java:178)
	at java.base/java.lang.ClassLoader.loadClass(ClassLoader.java:521)
	at java.base/java.lang.Class.forName0(Native Method)
	at java.base/java.lang.Class.forName(Class.java:398)
	at jdk.scripting.nashorn/jdk.nashorn.internal.runtime.Context.findClass(Context.java:1180)
	at jdk.scripting.nashorn/jdk.nashorn.internal.objects.NativeJava.simpleType(NativeJava.java:546)
	at jdk.scripting.nashorn/jdk.nashorn.internal.objects.NativeJava.type(NativeJava.java:326)
	at jdk.scripting.nashorn/jdk.nashorn.internal.objects.NativeJava.type(NativeJava.java:318)
	at jdk.scripting.nashorn/jdk.nashorn.internal.objects.NativeJava.type(NativeJava.java:314)
	at jdk.scripting.nashorn.scripts/jdk.nashorn.internal.scripts.Script$Recompilation$2279$require.L:1(/home/travis/build/icyphy/ptII/ptolemy/actor/lib/jjs/external/require.js#409:30<eval>:48)
	at jdk.scripting.nashorn.scripts/jdk.nashorn.internal.scripts.Script$Recompilation$2189$require.L:45#_require(/home/travis/build/icyphy/ptII/ptolemy/actor/lib/jjs/external/require.js:429)
	at jdk.scripting.nashorn.scripts/jdk.nashorn.internal.scripts.Script$Recompilation$2193$21065A$require.L:45#_requireClosure#L:466(/home/travis/build/icyphy/ptII/ptolemy/actor/lib/jjs/external/require.js:467)
	at jdk.scripting.nashorn.scripts/jdk.nashorn.internal.scripts.Script$Recompilation$2267$1AAAAAAAAAAAAAA$\^function\_.L:1(<function>:97)
	at jdk.scripting.nashorn.scripts/jdk.nashorn.internal.scripts.Script$Recompilation$2266$17933AAAAAA$require$cu1$restOf.L:1#Accessor(/home/travis/build/icyphy/ptII/ptolemy/actor/lib/jjs/external/require.js#409:30<eval>:545)
	at jdk.scripting.nashorn.scripts/jdk.nashorn.internal.scripts.Script$Recompilation$2252$2801AAA$\^eval\_.evaluateCode(<eval>:96)
	at jdk.scripting.nashorn/jdk.nashorn.internal.runtime.ScriptFunctionData.invoke(ScriptFunctionData.java:661)
	at jdk.scripting.nashorn/jdk.nashorn.internal.runtime.ScriptFunction.invoke(ScriptFunction.java:513)
	at jdk.scripting.nashorn/jdk.nashorn.internal.runtime.ScriptRuntime.apply(ScriptRuntime.java:527)
	at jdk.scripting.nashorn/jdk.nashorn.api.scripting.ScriptObjectMirror.callMember(ScriptObjectMirror.java:202)
	at jdk.scripting.nashorn/jdk.nashorn.api.scripting.NashornScriptEngine.invokeImpl(NashornScriptEngine.java:393)
	at jdk.scripting.nashorn/jdk.nashorn.api.scripting.NashornScriptEngine.invokeFunction(NashornScriptEngine.java:197)
	at ptolemy.actor.lib.jjs.JavaScript._createEngineAndEvaluateSetup(JavaScript.java:2493)
	at ptolemy.actor.lib.jjs.JavaScript.attributeChanged(JavaScript.java:548)
	at org.terraswarm.accessor.JSAccessor.attributeChanged(JSAccessor.java:312)
	at ptolemy.data.expr.Variable._setTokenAndNotify(Variable.java:2271)
	at ptolemy.data.expr.Variable._evaluate(Variable.java:1873)
	at ptolemy.data.expr.Variable._propagate(Variable.java:1984)
	at ptolemy.data.expr.Variable.validate(Variable.java:1596)
	at ptolemy.moml.MoMLParser.endDocument(MoMLParser.java:867)
	at com.microstar.xml.XmlParser.doParse(XmlParser.java:162)
	at com.microstar.xml.XmlParser.parse(XmlParser.java:132)
	at ptolemy.moml.MoMLParser.parse(MoMLParser.java:1676)
	at ptolemy.moml.MoMLParser.parse(MoMLParser.java:1617)
	at ptolemy.moml.MoMLParser.parse(MoMLParser.java:1792)
	at org.terraswarm.accessor.AccessorLibrary.populate(AccessorLibrary.java:194)
	at ptolemy.moml.EntityLibrary.classDefinitionList(EntityLibrary.java:307)
	at ptolemy.kernel.CompositeEntity._description(CompositeEntity.java:2292)
	at ptolemy.kernel.CompositeEntity._description(CompositeEntity.java:2307)
	at ptolemy.kernel.CompositeEntity._description(CompositeEntity.java:2307)
	at ptolemy.kernel.CompositeEntity._description(CompositeEntity.java:2307)
	at ptolemy.kernel.CompositeEntity._description(CompositeEntity.java:2307)
	at ptolemy.kernel.util.NamedObj.description(NamedObj.java:731)
	at ptolemy.kernel.util.NamedObj.description(NamedObj.java:715)
	at java.base/jdk.internal.reflect.NativeMethodAccessorImpl.invoke0(Native Method)
	at java.base/jdk.internal.reflect.NativeMethodAccessorImpl.invoke(NativeMethodAccessorImpl.java:62)
	at java.base/jdk.internal.reflect.DelegatingMethodAccessorImpl.invoke(DelegatingMethodAccessorImpl.java:43)
	at java.base/java.lang.reflect.Method.invoke(Method.java:566)
	at tcl.lang.reflect.PkgInvoker.invokeMethod(PkgInvoker.java:129)
	at tcl.lang.JavaInvoke.call(JavaInvoke.java:253)
	at tcl.lang.JavaInvoke.callMethod(JavaInvoke.java:116)
	at tcl.lang.ReflectObject.cmdProc(ReflectObject.java:727)
	at tcl.lang.Parser.evalObjv(Parser.java:740)
	at tcl.lang.Parser.eval2(Parser.java:1138)
	at tcl.lang.Parser.evalTokens(Parser.java:930)
	at tcl.lang.Parser.eval2(Parser.java:1125)
	at tcl.lang.Parser.evalTokens(Parser.java:930)
	at tcl.lang.Parser.eval2(Parser.java:1125)
	at tcl.lang.Interp.eval(Interp.java:1782)
	at tcl.lang.Interp.eval(Interp.java:1841)
	at tcl.lang.UplevelCmd.cmdProc(UplevelCmd.java:93)
	at tcl.lang.AutoloadStub.cmdProc(Extension.java:144)
	at tcl.lang.Parser.evalObjv(Parser.java:740)
	at tcl.lang.Parser.eval2(Parser.java:1138)
	at tcl.lang.Interp.eval(Interp.java:1782)
	at tcl.lang.Interp.eval(Interp.java:1841)
	at tcl.lang.CatchCmd.cmdProc(CatchCmd.java:42)
	at tcl.lang.Parser.evalObjv(Parser.java:740)
	at tcl.lang.Parser.eval2(Parser.java:1138)
	at tcl.lang.Parser.evalTokens(Parser.java:930)
	at tcl.lang.Parser.eval2(Parser.java:1125)
	at tcl.lang.Procedure.cmdProc(Procedure.java:175)
	at tcl.lang.Parser.evalObjv(Parser.java:740)
	at tcl.lang.Parser.eval2(Parser.java:1138)
	at tcl.lang.Interp.eval(Interp.java:1782)
	at tcl.lang.Interp.eval(Interp.java:1841)
	at tcl.lang.ForeachCmd.cmdProc(ForeachCmd.java:116)
	at tcl.lang.AutoloadStub.cmdProc(Extension.java:144)
	at tcl.lang.Parser.evalObjv(Parser.java:740)
	at tcl.lang.Parser.eval2(Parser.java:1138)
	at tcl.lang.Interp.eval(Interp.java:1782)
	at tcl.lang.Interp.evalFile(Interp.java:1880)
	at java.base/jdk.internal.reflect.NativeMethodAccessorImpl.invoke0(Native Method)
	at java.base/jdk.internal.reflect.NativeMethodAccessorImpl.invoke(NativeMethodAccessorImpl.java:62)
	at java.base/jdk.internal.reflect.DelegatingMethodAccessorImpl.invoke(DelegatingMethodAccessorImpl.java:43)
	at java.base/java.lang.reflect.Method.invoke(Method.java:566)
	at ptolemy.util.test.junit.TclTests.RunTclFile(TclTests.java:233)
	at java.base/jdk.internal.reflect.NativeMethodAccessorImpl.invoke0(Native Method)
	at java.base/jdk.internal.reflect.NativeMethodAccessorImpl.invoke(NativeMethodAccessorImpl.java:62)
	at java.base/jdk.internal.reflect.DelegatingMethodAccessorImpl.invoke(DelegatingMethodAccessorImpl.java:43)
	at java.base/java.lang.reflect.Method.invoke(Method.java:566)
	at org.junit.runners.model.FrameworkMethod$1.runReflectiveCall(FrameworkMethod.java:44)
	at org.junit.internal.runners.model.ReflectiveCallable.run(ReflectiveCallable.java:15)
	at org.junit.runners.model.FrameworkMethod.invokeExplosively(FrameworkMethod.java:41)
	at junitparams.internal.InvokeParameterisedMethod.evaluate(InvokeParameterisedMethod.java:102)
	at junitparams.internal.ParameterisedTestMethodRunner.runMethodInvoker(ParameterisedTestMethodRunner.java:47)
	at junitparams.internal.ParameterisedTestMethodRunner.runTestMethod(ParameterisedTestMethodRunner.java:41)
	at junitparams.internal.ParameterisedTestClassRunner.runParameterisedTest(ParameterisedTestClassRunner.java:143)
	at junitparams.JUnitParamsRunner.runChild(JUnitParamsRunner.java:237)
	at junitparams.JUnitParamsRunner.runChild(JUnitParamsRunner.java:215)
	at org.junit.runners.ParentRunner$3.run(ParentRunner.java:193)
	at org.junit.runners.ParentRunner$1.schedule(ParentRunner.java:52)
	at org.junit.runners.ParentRunner.runChildren(ParentRunner.java:191)
	at org.junit.runners.ParentRunner.access$000(ParentRunner.java:42)
	at org.junit.runners.ParentRunner$2.evaluate(ParentRunner.java:184)
	at org.junit.internal.runners.statements.RunAfters.evaluate(RunAfters.java:31)
	at org.junit.runners.ParentRunner.run(ParentRunner.java:236)
	at org.junit.runners.Suite.runChild(Suite.java:128)
	at org.junit.runners.Suite.runChild(Suite.java:24)
	at org.junit.runners.ParentRunner$3.run(ParentRunner.java:193)
	at org.junit.runners.ParentRunner$1.schedule(ParentRunner.java:52)
	at org.junit.runners.ParentRunner.runChildren(ParentRunner.java:191)
	at org.junit.runners.ParentRunner.access$000(ParentRunner.java:42)
	at org.junit.runners.ParentRunner$2.evaluate(ParentRunner.java:184)
	at org.junit.runners.ParentRunner.run(ParentRunner.java:236)
	at junit.framework.JUnit4TestAdapter.run(JUnit4TestAdapter.java:39)
	at org.apache.tools.ant.taskdefs.optional.junit.JUnitTestRunner.run(JUnitTestRunner.java:535)
	at org.apache.tools.ant.taskdefs.optional.junit.JUnitTestRunner.launch(JUnitTestRunner.java:1182)
	at org.apache.tools.ant.taskdefs.optional.junit.JUnitTestRunner.main(JUnitTestRunner.java:1033)
 in /home/travis/build/icyphy/ptII/ptolemy/actor/lib/jjs/external/require.js at line number 454 at column number 12
	at jdk.scripting.nashorn/jdk.nashorn.api.scripting.NashornScriptEngine.throwAsScriptException(NashornScriptEngine.java:477)
	at jdk.scripting.nashorn/jdk.nashorn.api.scripting.NashornScriptEngine.invokeImpl(NashornScriptEngine.java:399)
	at jdk.scripting.nashorn/jdk.nashorn.api.scripting.NashornScriptEngine.invokeFunction(NashornScriptEngine.java:197)
	at ptolemy.actor.lib.jjs.JavaScript._createEngineAndEvaluateSetup(JavaScript.java:2493)
	... 96 more
Caused by: /home/travis/build/icyphy/ptII/ptolemy/actor/lib/jjs/external/require.js:454:12 Error: Error executing module audio line #undefined : ptolemy.actor.lib.jjs.modules.audio.AudioHelper
In file: /home/travis/build/icyphy/ptII/ptolemy/actor/lib/jjs/modules/audio/audio.js

java.lang.ClassNotFoundException: ptolemy.actor.lib.jjs.modules.audio.AudioHelper
	at java.base/jdk.internal.loader.BuiltinClassLoader.loadClass(BuiltinClassLoader.java:583)
	at java.base/jdk.internal.loader.ClassLoaders$AppClassLoader.loadClass(ClassLoaders.java:178)
	at java.base/java.lang.ClassLoader.loadClass(ClassLoader.java:521)
	at java.base/java.lang.Class.forName0(Native Method)
	at java.base/java.lang.Class.forName(Class.java:398)
	at jdk.scripting.nashorn/jdk.nashorn.internal.runtime.Context.findClass(Context.java:1180)
	at jdk.scripting.nashorn/jdk.nashorn.internal.objects.NativeJava.simpleType(NativeJava.java:546)
	at jdk.scripting.nashorn/jdk.nashorn.internal.objects.NativeJava.type(NativeJava.java:326)
	at jdk.scripting.nashorn/jdk.nashorn.internal.objects.NativeJava.type(NativeJava.java:318)
	at jdk.scripting.nashorn/jdk.nashorn.internal.objects.NativeJava.type(NativeJava.java:314)
	at jdk.scripting.nashorn.scripts/jdk.nashorn.internal.scripts.Script$Recompilation$2279$require.L:1(/home/travis/build/icyphy/ptII/ptolemy/actor/lib/jjs/external/require.js#409:30<eval>:48)
	at jdk.scripting.nashorn.scripts/jdk.nashorn.internal.scripts.Script$Recompilation$2189$require.L:45#_require(/home/travis/build/icyphy/ptII/ptolemy/actor/lib/jjs/external/require.js:429)
	at jdk.scripting.nashorn.scripts/jdk.nashorn.internal.scripts.Script$Recompilation$2193$21065A$require.L:45#_requireClosure#L:466(/home/travis/build/icyphy/ptII/ptolemy/actor/lib/jjs/external/require.js:467)
	at jdk.scripting.nashorn.scripts/jdk.nashorn.internal.scripts.Script$Recompilation$2267$1AAAAAAAAAAAAAA$\^function\_.L:1(<function>:97)
	at jdk.scripting.nashorn.scripts/jdk.nashorn.internal.scripts.Script$Recompilation$2266$17933AAAAAA$require$cu1$restOf.L:1#Accessor(/home/travis/build/icyphy/ptII/ptolemy/actor/lib/jjs/external/require.js#409:30<eval>:545)
	at jdk.scripting.nashorn.scripts/jdk.nashorn.internal.scripts.Script$Recompilation$2252$2801AAA$\^eval\_.evaluateCode(<eval>:96)
	at jdk.scripting.nashorn/jdk.nashorn.internal.runtime.ScriptFunctionData.invoke(ScriptFunctionData.java:661)
	at jdk.scripting.nashorn/jdk.nashorn.internal.runtime.ScriptFunction.invoke(ScriptFunction.java:513)
	at jdk.scripting.nashorn/jdk.nashorn.internal.runtime.ScriptRuntime.apply(ScriptRuntime.java:527)
	at jdk.scripting.nashorn/jdk.nashorn.api.scripting.ScriptObjectMirror.callMember(ScriptObjectMirror.java:202)
	at jdk.scripting.nashorn/jdk.nashorn.api.scripting.NashornScriptEngine.invokeImpl(NashornScriptEngine.java:393)
	at jdk.scripting.nashorn/jdk.nashorn.api.scripting.NashornScriptEngine.invokeFunction(NashornScriptEngine.java:197)
	at ptolemy.actor.lib.jjs.JavaScript._createEngineAndEvaluateSetup(JavaScript.java:2493)
	at ptolemy.actor.lib.jjs.JavaScript.attributeChanged(JavaScript.java:548)
	at org.terraswarm.accessor.JSAccessor.attributeChanged(JSAccessor.java:312)
	at ptolemy.data.expr.Variable._setTokenAndNotify(Variable.java:2271)
	at ptolemy.data.expr.Variable._evaluate(Variable.java:1873)
	at ptolemy.data.expr.Variable._propagate(Variable.java:1984)
	at ptolemy.data.expr.Variable.validate(Variable.java:1596)
	at ptolemy.moml.MoMLParser.endDocument(MoMLParser.java:867)
	at com.microstar.xml.XmlParser.doParse(XmlParser.java:162)
	at com.microstar.xml.XmlParser.parse(XmlParser.java:132)
	at ptolemy.moml.MoMLParser.parse(MoMLParser.java:1676)
	at ptolemy.moml.MoMLParser.parse(MoMLParser.java:1617)
	at ptolemy.moml.MoMLParser.parse(MoMLParser.java:1792)
	at org.terraswarm.accessor.AccessorLibrary.populate(AccessorLibrary.java:194)
	at ptolemy.moml.EntityLibrary.classDefinitionList(EntityLibrary.java:307)
	at ptolemy.kernel.CompositeEntity._description(CompositeEntity.java:2292)
	at ptolemy.kernel.CompositeEntity._description(CompositeEntity.java:2307)
	at ptolemy.kernel.CompositeEntity._description(CompositeEntity.java:2307)
	at ptolemy.kernel.CompositeEntity._description(CompositeEntity.java:2307)
	at ptolemy.kernel.CompositeEntity._description(CompositeEntity.java:2307)
	at ptolemy.kernel.util.NamedObj.description(NamedObj.java:731)
	at ptolemy.kernel.util.NamedObj.description(NamedObj.java:715)
	at java.base/jdk.internal.reflect.NativeMethodAccessorImpl.invoke0(Native Method)
	at java.base/jdk.internal.reflect.NativeMethodAccessorImpl.invoke(NativeMethodAccessorImpl.java:62)
	at java.base/jdk.internal.reflect.DelegatingMethodAccessorImpl.invoke(DelegatingMethodAccessorImpl.java:43)
	at java.base/java.lang.reflect.Method.invoke(Method.java:566)
	at tcl.lang.reflect.PkgInvoker.invokeMethod(PkgInvoker.java:129)
	at tcl.lang.JavaInvoke.call(JavaInvoke.java:253)
	at tcl.lang.JavaInvoke.callMethod(JavaInvoke.java:116)
	at tcl.lang.ReflectObject.cmdProc(ReflectObject.java:727)
	at tcl.lang.Parser.evalObjv(Parser.java:740)
	at tcl.lang.Parser.eval2(Parser.java:1138)
	at tcl.lang.Parser.evalTokens(Parser.java:930)
	at tcl.lang.Parser.eval2(Parser.java:1125)
	at tcl.lang.Parser.evalTokens(Parser.java:930)
	at tcl.lang.Parser.eval2(Parser.java:1125)
	at tcl.lang.Interp.eval(Interp.java:1782)
	at tcl.lang.Interp.eval(Interp.java:1841)
	at tcl.lang.UplevelCmd.cmdProc(UplevelCmd.java:93)
	at tcl.lang.AutoloadStub.cmdProc(Extension.java:144)
	at tcl.lang.Parser.evalObjv(Parser.java:740)
	at tcl.lang.Parser.eval2(Parser.java:1138)
	at tcl.lang.Interp.eval(Interp.java:1782)
	at tcl.lang.Interp.eval(Interp.java:1841)
	at tcl.lang.CatchCmd.cmdProc(CatchCmd.java:42)
	at tcl.lang.Parser.evalObjv(Parser.java:740)
	at tcl.lang.Parser.eval2(Parser.java:1138)
	at tcl.lang.Parser.evalTokens(Parser.java:930)
	at tcl.lang.Parser.eval2(Parser.java:1125)
	at tcl.lang.Procedure.cmdProc(Procedure.java:175)
	at tcl.lang.Parser.evalObjv(Parser.java:740)
	at tcl.lang.Parser.eval2(Parser.java:1138)
	at tcl.lang.Interp.eval(Interp.java:1782)
	at tcl.lang.Interp.eval(Interp.java:1841)
	at tcl.lang.ForeachCmd.cmdProc(ForeachCmd.java:116)
	at tcl.lang.AutoloadStub.cmdProc(Extension.java:144)
	at tcl.lang.Parser.evalObjv(Parser.java:740)
	at tcl.lang.Parser.eval2(Parser.java:1138)
	at tcl.lang.Interp.eval(Interp.java:1782)
	at tcl.lang.Interp.evalFile(Interp.java:1880)
	at java.base/jdk.internal.reflect.NativeMethodAccessorImpl.invoke0(Native Method)
	at java.base/jdk.internal.reflect.NativeMethodAccessorImpl.invoke(NativeMethodAccessorImpl.java:62)
	at java.base/jdk.internal.reflect.DelegatingMethodAccessorImpl.invoke(DelegatingMethodAccessorImpl.java:43)
	at java.base/java.lang.reflect.Method.invoke(Method.java:566)
	at ptolemy.util.test.junit.TclTests.RunTclFile(TclTests.java:233)
	at java.base/jdk.internal.reflect.NativeMethodAccessorImpl.invoke0(Native Method)
	at java.base/jdk.internal.reflect.NativeMethodAccessorImpl.invoke(NativeMethodAccessorImpl.java:62)
	at java.base/jdk.internal.reflect.DelegatingMethodAccessorImpl.invoke(DelegatingMethodAccessorImpl.java:43)
	at java.base/java.lang.reflect.Method.invoke(Method.java:566)
	at org.junit.runners.model.FrameworkMethod$1.runReflectiveCall(FrameworkMethod.java:44)
	at org.junit.internal.runners.model.ReflectiveCallable.run(ReflectiveCallable.java:15)
	at org.junit.runners.model.FrameworkMethod.invokeExplosively(FrameworkMethod.java:41)
	at junitparams.internal.InvokeParameterisedMethod.evaluate(InvokeParameterisedMethod.java:102)
	at junitparams.internal.ParameterisedTestMethodRunner.runMethodInvoker(ParameterisedTestMethodRunner.java:47)
	at junitparams.internal.ParameterisedTestMethodRunner.runTestMethod(ParameterisedTestMethodRunner.java:41)
	at junitparams.internal.ParameterisedTestClassRunner.runParameterisedTest(ParameterisedTestClassRunner.java:143)
	at junitparams.JUnitParamsRunner.runChild(JUnitParamsRunner.java:237)
	at junitparams.JUnitParamsRunner.runChild(JUnitParamsRunner.java:215)
	at org.junit.runners.ParentRunner$3.run(ParentRunner.java:193)
	at org.junit.runners.ParentRunner$1.schedule(ParentRunner.java:52)
	at org.junit.runners.ParentRunner.runChildren(ParentRunner.java:191)
	at org.junit.runners.ParentRunner.access$000(ParentRunner.java:42)
	at org.junit.runners.ParentRunner$2.evaluate(ParentRunner.java:184)
	at org.junit.internal.runners.statements.RunAfters.evaluate(RunAfters.java:31)
	at org.junit.runners.ParentRunner.run(ParentRunner.java:236)
	at org.junit.runners.Suite.runChild(Suite.java:128)
	at org.junit.runners.Suite.runChild(Suite.java:24)
	at org.junit.runners.ParentRunner$3.run(ParentRunner.java:193)
	at org.junit.runners.ParentRunner$1.schedule(ParentRunner.java:52)
	at org.junit.runners.ParentRunner.runChildren(ParentRunner.java:191)
	at org.junit.runners.ParentRunner.access$000(ParentRunner.java:42)
	at org.junit.runners.ParentRunner$2.evaluate(ParentRunner.java:184)
	at org.junit.runners.ParentRunner.run(ParentRunner.java:236)
	at junit.framework.JUnit4TestAdapter.run(JUnit4TestAdapter.java:39)
	at org.apache.tools.ant.taskdefs.optional.junit.JUnitTestRunner.run(JUnitTestRunner.java:535)
	at org.apache.tools.ant.taskdefs.optional.junit.JUnitTestRunner.launch(JUnitTestRunner.java:1182)
	at org.apache.tools.ant.taskdefs.optional.junit.JUnitTestRunner.main(JUnitTestRunner.java:1033)

	at jdk.scripting.nashorn/jdk.nashorn.internal.objects.NativeError.initException(NativeError.java:135)
	at jdk.scripting.nashorn/jdk.nashorn.internal.objects.NativeError.<init>(NativeError.java:101)
	at jdk.scripting.nashorn/jdk.nashorn.internal.objects.NativeError.<init>(NativeError.java:105)
	at jdk.scripting.nashorn/jdk.nashorn.internal.objects.NativeError.<init>(NativeError.java:109)
	at jdk.scripting.nashorn/jdk.nashorn.internal.objects.NativeError.constructor(NativeError.java:128)
	at jdk.scripting.nashorn.scripts/jdk.nashorn.internal.scripts.Script$Recompilation$2285$require$cu1$restOf.L:45#_require(/home/travis/build/icyphy/ptII/ptolemy/actor/lib/jjs/external/require.js:454)
	at jdk.scripting.nashorn.scripts/jdk.nashorn.internal.scripts.Script$Recompilation$2193$21065A$require.L:45#_requireClosure#L:466(/home/travis/build/icyphy/ptII/ptolemy/actor/lib/jjs/external/require.js:467)
	at jdk.scripting.nashorn.scripts/jdk.nashorn.internal.scripts.Script$Recompilation$2267$1AAAAAAAAAAAAAA$\^function\_.L:1(<function>:97)
	at jdk.scripting.nashorn.scripts/jdk.nashorn.internal.scripts.Script$Recompilation$2266$17933AAAAAA$require$cu1$restOf.L:1#Accessor(/home/travis/build/icyphy/ptII/ptolemy/actor/lib/jjs/external/require.js#409:30<eval>:545)
	at jdk.scripting.nashorn.scripts/jdk.nashorn.internal.scripts.Script$Recompilation$2252$2801AAA$\^eval\_.evaluateCode(<eval>:96)
	at jdk.scripting.nashorn/jdk.nashorn.internal.runtime.ScriptFunctionData.invoke(ScriptFunctionData.java:661)
	at jdk.scripting.nashorn/jdk.nashorn.internal.runtime.ScriptFunction.invoke(ScriptFunction.java:513)
	at jdk.scripting.nashorn/jdk.nashorn.internal.runtime.ScriptRuntime.apply(ScriptRuntime.java:527)
	at jdk.scripting.nashorn/jdk.nashorn.api.scripting.ScriptObjectMirror.callMember(ScriptObjectMirror.java:202)
	at jdk.scripting.nashorn/jdk.nashorn.api.scripting.NashornScriptEngine.invokeImpl(NashornScriptEngine.java:393)
	... 98 more
Caused by: ptolemy.kernel.util.IllegalActionException: Failed to evaluate script.
  in .configuration.actor library.MoreLibraries.Accessors.audio.AudioCapture
Because:
Error: Error executing module audio line #undefined : ptolemy.actor.lib.jjs.modules.audio.AudioHelper
In file: /home/travis/build/icyphy/ptII/ptolemy/actor/lib/jjs/modules/audio/audio.js

java.lang.ClassNotFoundException: ptolemy.actor.lib.jjs.modules.audio.AudioHelper
	at java.base/jdk.internal.loader.BuiltinClassLoader.loadClass(BuiltinClassLoader.java:583)
	at java.base/jdk.internal.loader.ClassLoaders$AppClassLoader.loadClass(ClassLoaders.java:178)
	at java.base/java.lang.ClassLoader.loadClass(ClassLoader.java:521)
	at java.base/java.lang.Class.forName0(Native Method)
	at java.base/java.lang.Class.forName(Class.java:398)
	at jdk.scripting.nashorn/jdk.nashorn.internal.runtime.Context.findClass(Context.java:1180)
	at jdk.scripting.nashorn/jdk.nashorn.internal.objects.NativeJava.simpleType(NativeJava.java:546)
	at jdk.scripting.nashorn/jdk.nashorn.internal.objects.NativeJava.type(NativeJava.java:326)
	at jdk.scripting.nashorn/jdk.nashorn.internal.objects.NativeJava.type(NativeJava.java:318)
	at jdk.scripting.nashorn/jdk.nashorn.internal.objects.NativeJava.type(NativeJava.java:314)
	at jdk.scripting.nashorn.scripts/jdk.nashorn.internal.scripts.Script$Recompilation$2279$require.L:1(/home/travis/build/icyphy/ptII/ptolemy/actor/lib/jjs/external/require.js#409:30<eval>:48)
	at jdk.scripting.nashorn.scripts/jdk.nashorn.internal.scripts.Script$Recompilation$2189$require.L:45#_require(/home/travis/build/icyphy/ptII/ptolemy/actor/lib/jjs/external/require.js:429)
	at jdk.scripting.nashorn.scripts/jdk.nashorn.internal.scripts.Script$Recompilation$2193$21065A$require.L:45#_requireClosure#L:466(/home/travis/build/icyphy/ptII/ptolemy/actor/lib/jjs/external/require.js:467)
	at jdk.scripting.nashorn.scripts/jdk.nashorn.internal.scripts.Script$Recompilation$2267$1AAAAAAAAAAAAAA$\^function\_.L:1(<function>:97)
	at jdk.scripting.nashorn.scripts/jdk.nashorn.internal.scripts.Script$Recompilation$2266$17933AAAAAA$require$cu1$restOf.L:1#Accessor(/home/travis/build/icyphy/ptII/ptolemy/actor/lib/jjs/external/require.js#409:30<eval>:545)
	at jdk.scripting.nashorn.scripts/jdk.nashorn.internal.scripts.Script$Recompilation$2252$2801AAA$\^eval\_.evaluateCode(<eval>:96)
	at jdk.scripting.nashorn/jdk.nashorn.internal.runtime.ScriptFunctionData.invoke(ScriptFunctionData.java:661)
	at jdk.scripting.nashorn/jdk.nashorn.internal.runtime.ScriptFunction.invoke(ScriptFunction.java:513)
	at jdk.scripting.nashorn/jdk.nashorn.internal.runtime.ScriptRuntime.apply(ScriptRuntime.java:527)
	at jdk.scripting.nashorn/jdk.nashorn.api.scripting.ScriptObjectMirror.callMember(ScriptObjectMirror.java:202)
	at jdk.scripting.nashorn/jdk.nashorn.api.scripting.NashornScriptEngine.invokeImpl(NashornScriptEngine.java:393)
	at jdk.scripting.nashorn/jdk.nashorn.api.scripting.NashornScriptEngine.invokeFunction(NashornScriptEngine.java:197)
	at ptolemy.actor.lib.jjs.JavaScript._createEngineAndEvaluateSetup(JavaScript.java:2493)
	at ptolemy.actor.lib.jjs.JavaScript.attributeChanged(JavaScript.java:548)
	at org.terraswarm.accessor.JSAccessor.attributeChanged(JSAccessor.java:312)
	at ptolemy.data.expr.Variable._setTokenAndNotify(Variable.java:2271)
	at ptolemy.data.expr.Variable._evaluate(Variable.java:1873)
	at ptolemy.data.expr.Variable._propagate(Variable.java:1984)
	at ptolemy.data.expr.Variable.validate(Variable.java:1596)
	at ptolemy.moml.MoMLParser.endDocument(MoMLParser.java:867)
	at com.microstar.xml.XmlParser.doParse(XmlParser.java:162)
	at com.microstar.xml.XmlParser.parse(XmlParser.java:132)
	at ptolemy.moml.MoMLParser.parse(MoMLParser.java:1676)
	at ptolemy.moml.MoMLParser.parse(MoMLParser.java:1617)
	at ptolemy.moml.MoMLParser.parse(MoMLParser.java:1792)
	at org.terraswarm.accessor.AccessorLibrary.populate(AccessorLibrary.java:194)
	at ptolemy.moml.EntityLibrary.classDefinitionList(EntityLibrary.java:307)
	at ptolemy.kernel.CompositeEntity._description(CompositeEntity.java:2292)
	at ptolemy.kernel.CompositeEntity._description(CompositeEntity.java:2307)
	at ptolemy.kernel.CompositeEntity._description(CompositeEntity.java:2307)
	at ptolemy.kernel.CompositeEntity._description(CompositeEntity.java:2307)
	at ptolemy.kernel.CompositeEntity._description(CompositeEntity.java:2307)
	at ptolemy.kernel.util.NamedObj.description(NamedObj.java:731)
	at ptolemy.kernel.util.NamedObj.description(NamedObj.java:715)
	at java.base/jdk.internal.reflect.NativeMethodAccessorImpl.invoke0(Native Method)
	at java.base/jdk.internal.reflect.NativeMethodAccessorImpl.invoke(NativeMethodAccessorImpl.java:62)
	at java.base/jdk.internal.reflect.DelegatingMethodAccessorImpl.invoke(DelegatingMethodAccessorImpl.java:43)
	at java.base/java.lang.reflect.Method.invoke(Method.java:566)
	at tcl.lang.reflect.PkgInvoker.invokeMethod(PkgInvoker.java:129)
	at tcl.lang.JavaInvoke.call(JavaInvoke.java:253)
	at tcl.lang.JavaInvoke.callMethod(JavaInvoke.java:116)
	at tcl.lang.ReflectObject.cmdProc(ReflectObject.java:727)
	at tcl.lang.Parser.evalObjv(Parser.java:740)
	at tcl.lang.Parser.eval2(Parser.java:1138)
	at tcl.lang.Parser.evalTokens(Parser.java:930)
	at tcl.lang.Parser.eval2(Parser.java:1125)
	at tcl.lang.Parser.evalTokens(Parser.java:930)
	at tcl.lang.Parser.eval2(Parser.java:1125)
	at tcl.lang.Interp.eval(Interp.java:1782)
	at tcl.lang.Interp.eval(Interp.java:1841)
	at tcl.lang.UplevelCmd.cmdProc(UplevelCmd.java:93)
	at tcl.lang.AutoloadStub.cmdProc(Extension.java:144)
	at tcl.lang.Parser.evalObjv(Parser.java:740)
	at tcl.lang.Parser.eval2(Parser.java:1138)
	at tcl.lang.Interp.eval(Interp.java:1782)
	at tcl.lang.Interp.eval(Interp.java:1841)
	at tcl.lang.CatchCmd.cmdProc(CatchCmd.java:42)
	at tcl.lang.Parser.evalObjv(Parser.java:740)
	at tcl.lang.Parser.eval2(Parser.java:1138)
	at tcl.lang.Parser.evalTokens(Parser.java:930)
	at tcl.lang.Parser.eval2(Parser.java:1125)
	at tcl.lang.Procedure.cmdProc(Procedure.java:175)
	at tcl.lang.Parser.evalObjv(Parser.java:740)
	at tcl.lang.Parser.eval2(Parser.java:1138)
	at tcl.lang.Interp.eval(Interp.java:1782)
	at tcl.lang.Interp.eval(Interp.java:1841)
	at tcl.lang.ForeachCmd.cmdProc(ForeachCmd.java:116)
	at tcl.lang.AutoloadStub.cmdProc(Extension.java:144)
	at tcl.lang.Parser.evalObjv(Parser.java:740)
	at tcl.lang.Parser.eval2(Parser.java:1138)
	at tcl.lang.Interp.eval(Interp.java:1782)
	at tcl.lang.Interp.evalFile(Interp.java:1880)
	at java.base/jdk.internal.reflect.NativeMethodAccessorImpl.invoke0(Native Method)
	at java.base/jdk.internal.reflect.NativeMethodAccessorImpl.invoke(NativeMethodAccessorImpl.java:62)
	at java.base/jdk.internal.reflect.DelegatingMethodAccessorImpl.invoke(DelegatingMethodAccessorImpl.java:43)
	at java.base/java.lang.reflect.Method.invoke(Method.java:566)
	at ptolemy.util.test.junit.TclTests.RunTclFile(TclTests.java:233)
	at java.base/jdk.internal.reflect.NativeMethodAccessorImpl.invoke0(Native Method)
	at java.base/jdk.internal.reflect.NativeMethodAccessorImpl.invoke(NativeMethodAccessorImpl.java:62)
	at java.base/jdk.internal.reflect.DelegatingMethodAccessorImpl.invoke(DelegatingMethodAccessorImpl.java:43)
	at java.base/java.lang.reflect.Method.invoke(Method.java:566)
	at org.junit.runners.model.FrameworkMethod$1.runReflectiveCall(FrameworkMethod.java:44)
	at org.junit.internal.runners.model.ReflectiveCallable.run(ReflectiveCallable.java:15)
	at org.junit.runners.model.FrameworkMethod.invokeExplosively(FrameworkMethod.java:41)
	at junitparams.internal.InvokeParameterisedMethod.evaluate(InvokeParameterisedMethod.java:102)
	at junitparams.internal.ParameterisedTestMethodRunner.runMethodInvoker(ParameterisedTestMethodRunner.java:47)
	at junitparams.internal.ParameterisedTestMethodRunner.runTestMethod(ParameterisedTestMethodRunner.java:41)
	at junitparams.internal.ParameterisedTestClassRunner.runParameterisedTest(ParameterisedTestClassRunner.java:143)
	at junitparams.JUnitParamsRunner.runChild(JUnitParamsRunner.java:237)
	at junitparams.JUnitParamsRunner.runChild(JUnitParamsRunner.java:215)
	at org.junit.runners.ParentRunner$3.run(ParentRunner.java:193)
	at org.junit.runners.ParentRunner$1.schedule(ParentRunner.java:52)
	at org.junit.runners.ParentRunner.runChildren(ParentRunner.java:191)
	at org.junit.runners.ParentRunner.access$000(ParentRunner.java:42)
	at org.junit.runners.ParentRunner$2.evaluate(ParentRunner.java:184)
	at org.junit.internal.runners.statements.RunAfters.evaluate(RunAfters.java:31)
	at org.junit.runners.ParentRunner.run(ParentRunner.java:236)
	at org.junit.runners.Suite.runChild(Suite.java:128)
	at org.junit.runners.Suite.runChild(Suite.java:24)
	at org.junit.runners.ParentRunner$3.run(ParentRunner.java:193)
	at org.junit.runners.ParentRunner$1.schedule(ParentRunner.java:52)
	at org.junit.runners.ParentRunner.runChildren(ParentRunner.java:191)
	at org.junit.runners.ParentRunner.access$000(ParentRunner.java:42)
	at org.junit.runners.ParentRunner$2.evaluate(ParentRunner.java:184)
	at org.junit.runners.ParentRunner.run(ParentRunner.java:236)
	at junit.framework.JUnit4TestAdapter.run(JUnit4TestAdapter.java:39)
	at org.apache.tools.ant.taskdefs.optional.junit.JUnitTestRunner.run(JUnitTestRunner.java:535)
	at org.apache.tools.ant.taskdefs.optional.junit.JUnitTestRunner.launch(JUnitTestRunner.java:1182)
	at org.apache.tools.ant.taskdefs.optional.junit.JUnitTestRunner.main(JUnitTestRunner.java:1033)
 in /home/travis/build/icyphy/ptII/ptolemy/actor/lib/jjs/external/require.js at line number 454 at column number 12
	at ptolemy.actor.lib.jjs.JavaScript._createEngineAndEvaluateSetup(JavaScript.java:2497)
	at ptolemy.actor.lib.jjs.JavaScript.attributeChanged(JavaScript.java:548)
	at org.terraswarm.accessor.JSAccessor.attributeChanged(JSAccessor.java:312)
	at ptolemy.data.expr.Variable._setTokenAndNotify(Variable.java:2271)
	at ptolemy.data.expr.Variable._evaluate(Variable.java:1873)
	at ptolemy.data.expr.Variable._propagate(Variable.java:1984)
	at ptolemy.data.expr.Variable.validate(Variable.java:1596)
	at ptolemy.moml.MoMLParser.endDocument(MoMLParser.java:867)
	at com.microstar.xml.XmlParser.doParse(XmlParser.java:162)
	at com.microstar.xml.XmlParser.parse(XmlParser.java:132)
	at ptolemy.moml.MoMLParser.parse(MoMLParser.java:1676)
	at ptolemy.moml.MoMLParser.parse(MoMLParser.java:1617)
	at ptolemy.moml.MoMLParser.parse(MoMLParser.java:1792)
	at org.terraswarm.accessor.AccessorLibrary.populate(AccessorLibrary.java:194)
	at ptolemy.moml.EntityLibrary.classDefinitionList(EntityLibrary.java:307)
	at ptolemy.kernel.CompositeEntity._description(CompositeEntity.java:2292)
	at ptolemy.kernel.CompositeEntity._description(CompositeEntity.java:2307)
	at ptolemy.kernel.CompositeEntity._description(CompositeEntity.java:2307)
	at ptolemy.kernel.CompositeEntity._description(CompositeEntity.java:2307)
	at ptolemy.kernel.CompositeEntity._description(CompositeEntity.java:2307)
	at ptolemy.kernel.util.NamedObj.description(NamedObj.java:731)
	at ptolemy.kernel.util.NamedObj.description(NamedObj.java:715)
	at java.base/jdk.internal.reflect.NativeMethodAccessorImpl.invoke0(Native Method)
	at java.base/jdk.internal.reflect.NativeMethodAccessorImpl.invoke(NativeMethodAccessorImpl.java:62)
	at java.base/jdk.internal.reflect.DelegatingMethodAccessorImpl.invoke(DelegatingMethodAccessorImpl.java:43)
	at java.base/java.lang.reflect.Method.invoke(Method.java:566)
	at tcl.lang.reflect.PkgInvoker.invokeMethod(PkgInvoker.java:129)
	at tcl.lang.JavaInvoke.call(JavaInvoke.java:253)
	at tcl.lang.JavaInvoke.callMethod(JavaInvoke.java:116)
	at tcl.lang.ReflectObject.cmdProc(ReflectObject.java:727)
	at tcl.lang.Parser.evalObjv(Parser.java:740)
	at tcl.lang.Parser.eval2(Parser.java:1138)
	at tcl.lang.Parser.evalTokens(Parser.java:930)
	at tcl.lang.Parser.eval2(Parser.java:1125)
	at tcl.lang.Parser.evalTokens(Parser.java:930)
	at tcl.lang.Parser.eval2(Parser.java:1125)
	at tcl.lang.Interp.eval(Interp.java:1782)
	at tcl.lang.Interp.eval(Interp.java:1841)
	at tcl.lang.UplevelCmd.cmdProc(UplevelCmd.java:93)
	at tcl.lang.AutoloadStub.cmdProc(Extension.java:144)
	at tcl.lang.Parser.evalObjv(Parser.java:740)
	at tcl.lang.Parser.eval2(Parser.java:1138)
	at tcl.lang.Interp.eval(Interp.java:1782)
	at tcl.lang.Interp.eval(Interp.java:1841)
	at tcl.lang.CatchCmd.cmdProc(CatchCmd.java:42)
	at tcl.lang.Parser.evalObjv(Parser.java:740)
	at tcl.lang.Parser.eval2(Parser.java:1138)
	at tcl.lang.Parser.evalTokens(Parser.java:930)
	at tcl.lang.Parser.eval2(Parser.java:1125)
	at tcl.lang.Procedure.cmdProc(Procedure.java:175)
	at tcl.lang.Parser.evalObjv(Parser.java:740)
	at tcl.lang.Parser.eval2(Parser.java:1138)
	at tcl.lang.Interp.eval(Interp.java:1782)
	at tcl.lang.Interp.eval(Interp.java:1841)
	at tcl.lang.ForeachCmd.cmdProc(ForeachCmd.java:116)
	at tcl.lang.AutoloadStub.cmdProc(Extension.java:144)
	at tcl.lang.Parser.evalObjv(Parser.java:740)
	at tcl.lang.Parser.eval2(Parser.java:1138)
	at tcl.lang.Interp.eval(Interp.java:1782)
	at tcl.lang.Interp.evalFile(Interp.java:1880)
	at java.base/jdk.internal.reflect.NativeMethodAccessorImpl.invoke0(Native Method)
	at java.base/jdk.internal.reflect.NativeMethodAccessorImpl.invoke(NativeMethodAccessorImpl.java:62)
	at java.base/jdk.internal.reflect.DelegatingMethodAccessorImpl.invoke(DelegatingMethodAccessorImpl.java:43)
	at java.base/java.lang.reflect.Method.invoke(Method.java:566)
	at ptolemy.util.test.junit.TclTests.RunTclFile(TclTests.java:233)
	at java.base/jdk.internal.reflect.NativeMethodAccessorImpl.invoke0(Native Method)
	at java.base/jdk.internal.reflect.NativeMethodAccessorImpl.invoke(NativeMethodAccessorImpl.java:62)
	at java.base/jdk.internal.reflect.DelegatingMethodAccessorImpl.invoke(DelegatingMethodAccessorImpl.java:43)
	at java.base/java.lang.reflect.Method.invoke(Method.java:566)
	at org.junit.runners.model.FrameworkMethod$1.runReflectiveCall(FrameworkMethod.java:44)
	at org.junit.internal.runners.model.ReflectiveCallable.run(ReflectiveCallable.java:15)
	at org.junit.runners.model.FrameworkMethod.invokeExplosively(FrameworkMethod.java:41)
	at junitparams.internal.InvokeParameterisedMethod.evaluate(InvokeParameterisedMethod.java:102)
	at junitparams.internal.ParameterisedTestMethodRunner.runMethodInvoker(ParameterisedTestMethodRunner.java:47)
	at junitparams.internal.ParameterisedTestMethodRunner.runTestMethod(ParameterisedTestMethodRunner.java:41)
	at junitparams.internal.ParameterisedTestClassRunner.runParameterisedTest(ParameterisedTestClassRunner.java:143)
	at junitparams.JUnitParamsRunner.runChild(JUnitParamsRunner.java:237)
	at junitparams.JUnitParamsRunner.runChild(JUnitParamsRunner.java:215)
	at org.junit.runners.ParentRunner$3.run(ParentRunner.java:193)
	at org.junit.runners.ParentRunner$1.schedule(ParentRunner.java:52)
	at org.junit.runners.ParentRunner.runChildren(ParentRunner.java:191)
	at org.junit.runners.ParentRunner.access$000(ParentRunner.java:42)
	at org.junit.runners.ParentRunner$2.evaluate(ParentRunner.java:184)
	at org.junit.internal.runners.statements.RunAfters.evaluate(RunAfters.java:31)
	at org.junit.runners.ParentRunner.run(ParentRunner.java:236)
	at org.junit.runners.Suite.runChild(Suite.java:128)
	at org.junit.runners.Suite.runChild(Suite.java:24)
	at org.junit.runners.ParentRunner$3.run(ParentRunner.java:193)
	at org.junit.runners.ParentRunner$1.schedule(ParentRunner.java:52)
	at org.junit.runners.ParentRunner.runChildren(ParentRunner.java:191)
	at org.junit.runners.ParentRunner.access$000(ParentRunner.java:42)
	at org.junit.runners.ParentRunner$2.evaluate(ParentRunner.java:184)
	at org.junit.runners.ParentRunner.run(ParentRunner.java:236)
	at junit.framework.JUnit4TestAdapter.run(JUnit4TestAdapter.java:39)
	at org.apache.tools.ant.taskdefs.optional.junit.JUnitTestRunner.run(JUnitTestRunner.java:535)
	at org.apache.tools.ant.taskdefs.optional.junit.JUnitTestRunner.launch(JUnitTestRunner.java:1182)
	at org.apache.tools.ant.taskdefs.optional.junit.JUnitTestRunner.main(JUnitTestRunner.java:1033)
Caused by: javax.script.ScriptException: Error: Error executing module audio line #undefined : ptolemy.actor.lib.jjs.modules.audio.AudioHelper
In file: /home/travis/build/icyphy/ptII/ptolemy/actor/lib/jjs/modules/audio/audio.js

java.lang.ClassNotFoundException: ptolemy.actor.lib.jjs.modules.audio.AudioHelper
	at java.base/jdk.internal.loader.BuiltinClassLoader.loadClass(BuiltinClassLoader.java:583)
	at java.base/jdk.internal.loader.ClassLoaders$AppClassLoader.loadClass(ClassLoaders.java:178)
	at java.base/java.lang.ClassLoader.loadClass(ClassLoader.java:521)
	at java.base/java.lang.Class.forName0(Native Method)
	at java.base/java.lang.Class.forName(Class.java:398)
	at jdk.scripting.nashorn/jdk.nashorn.internal.runtime.Context.findClass(Context.java:1180)
	at jdk.scripting.nashorn/jdk.nashorn.internal.objects.NativeJava.simpleType(NativeJava.java:546)
	at jdk.scripting.nashorn/jdk.nashorn.internal.objects.NativeJava.type(NativeJava.java:326)
	at jdk.scripting.nashorn/jdk.nashorn.internal.objects.NativeJava.type(NativeJava.java:318)
	at jdk.scripting.nashorn/jdk.nashorn.internal.objects.NativeJava.type(NativeJava.java:314)
	at jdk.scripting.nashorn.scripts/jdk.nashorn.internal.scripts.Script$Recompilation$2279$require.L:1(/home/travis/build/icyphy/ptII/ptolemy/actor/lib/jjs/external/require.js#409:30<eval>:48)
	at jdk.scripting.nashorn.scripts/jdk.nashorn.internal.scripts.Script$Recompilation$2189$require.L:45#_require(/home/travis/build/icyphy/ptII/ptolemy/actor/lib/jjs/external/require.js:429)
	at jdk.scripting.nashorn.scripts/jdk.nashorn.internal.scripts.Script$Recompilation$2193$21065A$require.L:45#_requireClosure#L:466(/home/travis/build/icyphy/ptII/ptolemy/actor/lib/jjs/external/require.js:467)
	at jdk.scripting.nashorn.scripts/jdk.nashorn.internal.scripts.Script$Recompilation$2267$1AAAAAAAAAAAAAA$\^function\_.L:1(<function>:97)
	at jdk.scripting.nashorn.scripts/jdk.nashorn.internal.scripts.Script$Recompilation$2266$17933AAAAAA$require$cu1$restOf.L:1#Accessor(/home/travis/build/icyphy/ptII/ptolemy/actor/lib/jjs/external/require.js#409:30<eval>:545)
	at jdk.scripting.nashorn.scripts/jdk.nashorn.internal.scripts.Script$Recompilation$2252$2801AAA$\^eval\_.evaluateCode(<eval>:96)
	at jdk.scripting.nashorn/jdk.nashorn.internal.runtime.ScriptFunctionData.invoke(ScriptFunctionData.java:661)
	at jdk.scripting.nashorn/jdk.nashorn.internal.runtime.ScriptFunction.invoke(ScriptFunction.java:513)
	at jdk.scripting.nashorn/jdk.nashorn.internal.runtime.ScriptRuntime.apply(ScriptRuntime.java:527)
	at jdk.scripting.nashorn/jdk.nashorn.api.scripting.ScriptObjectMirror.callMember(ScriptObjectMirror.java:202)
	at jdk.scripting.nashorn/jdk.nashorn.api.scripting.NashornScriptEngine.invokeImpl(NashornScriptEngine.java:393)
	at jdk.scripting.nashorn/jdk.nashorn.api.scripting.NashornScriptEngine.invokeFunction(NashornScriptEngine.java:197)
	at ptolemy.actor.lib.jjs.JavaScript._createEngineAndEvaluateSetup(JavaScript.java:2493)
	at ptolemy.actor.lib.jjs.JavaScript.attributeChanged(JavaScript.java:548)
	at org.terraswarm.accessor.JSAccessor.attributeChanged(JSAccessor.java:312)
	at ptolemy.data.expr.Variable._setTokenAndNotify(Variable.java:2271)
	at ptolemy.data.expr.Variable._evaluate(Variable.java:1873)
	at ptolemy.data.expr.Variable._propagate(Variable.java:1984)
	at ptolemy.data.expr.Variable.validate(Variable.java:1596)
	at ptolemy.moml.MoMLParser.endDocument(MoMLParser.java:867)
	at com.microstar.xml.XmlParser.doParse(XmlParser.java:162)
	at com.microstar.xml.XmlParser.parse(XmlParser.java:132)
	at ptolemy.moml.MoMLParser.parse(MoMLParser.java:1676)
	at ptolemy.moml.MoMLParser.parse(MoMLParser.java:1617)
	at ptolemy.moml.MoMLParser.parse(MoMLParser.java:1792)
	at org.terraswarm.accessor.AccessorLibrary.populate(AccessorLibrary.java:194)
	at ptolemy.moml.EntityLibrary.classDefinitionList(EntityLibrary.java:307)
	at ptolemy.kernel.CompositeEntity._description(CompositeEntity.java:2292)
	at ptolemy.kernel.CompositeEntity._description(CompositeEntity.java:2307)
	at ptolemy.kernel.CompositeEntity._description(CompositeEntity.java:2307)
	at ptolemy.kernel.CompositeEntity._description(CompositeEntity.java:2307)
	at ptolemy.kernel.CompositeEntity._description(CompositeEntity.java:2307)
	at ptolemy.kernel.util.NamedObj.description(NamedObj.java:731)
	at ptolemy.kernel.util.NamedObj.description(NamedObj.java:715)
	at java.base/jdk.internal.reflect.NativeMethodAccessorImpl.invoke0(Native Method)
	at java.base/jdk.internal.reflect.NativeMethodAccessorImpl.invoke(NativeMethodAccessorImpl.java:62)
	at java.base/jdk.internal.reflect.DelegatingMethodAccessorImpl.invoke(DelegatingMethodAccessorImpl.java:43)
	at java.base/java.lang.reflect.Method.invoke(Method.java:566)
	at tcl.lang.reflect.PkgInvoker.invokeMethod(PkgInvoker.java:129)
	at tcl.lang.JavaInvoke.call(JavaInvoke.java:253)
	at tcl.lang.JavaInvoke.callMethod(JavaInvoke.java:116)
	at tcl.lang.ReflectObject.cmdProc(ReflectObject.java:727)
	at tcl.lang.Parser.evalObjv(Parser.java:740)
	at tcl.lang.Parser.eval2(Parser.java:1138)
	at tcl.lang.Parser.evalTokens(Parser.java:930)
	at tcl.lang.Parser.eval2(Parser.java:1125)
	at tcl.lang.Parser.evalTokens(Parser.java:930)
	at tcl.lang.Parser.eval2(Parser.java:1125)
	at tcl.lang.Interp.eval(Interp.java:1782)
	at tcl.lang.Interp.eval(Interp.java:1841)
	at tcl.lang.UplevelCmd.cmdProc(UplevelCmd.java:93)
	at tcl.lang.AutoloadStub.cmdProc(Extension.java:144)
	at tcl.lang.Parser.evalObjv(Parser.java:740)
	at tcl.lang.Parser.eval2(Parser.java:1138)
	at tcl.lang.Interp.eval(Interp.java:1782)
	at tcl.lang.Interp.eval(Interp.java:1841)
	at tcl.lang.CatchCmd.cmdProc(CatchCmd.java:42)
	at tcl.lang.Parser.evalObjv(Parser.java:740)
	at tcl.lang.Parser.eval2(Parser.java:1138)
	at tcl.lang.Parser.evalTokens(Parser.java:930)
	at tcl.lang.Parser.eval2(Parser.java:1125)
	at tcl.lang.Procedure.cmdProc(Procedure.java:175)
	at tcl.lang.Parser.evalObjv(Parser.java:740)
	at tcl.lang.Parser.eval2(Parser.java:1138)
	at tcl.lang.Interp.eval(Interp.java:1782)
	at tcl.lang.Interp.eval(Interp.java:1841)
	at tcl.lang.ForeachCmd.cmdProc(ForeachCmd.java:116)
	at tcl.lang.AutoloadStub.cmdProc(Extension.java:144)
	at tcl.lang.Parser.evalObjv(Parser.java:740)
	at tcl.lang.Parser.eval2(Parser.java:1138)
	at tcl.lang.Interp.eval(Interp.java:1782)
	at tcl.lang.Interp.evalFile(Interp.java:1880)
	at java.base/jdk.internal.reflect.NativeMethodAccessorImpl.invoke0(Native Method)
	at java.base/jdk.internal.reflect.NativeMethodAccessorImpl.invoke(NativeMethodAccessorImpl.java:62)
	at java.base/jdk.internal.reflect.DelegatingMethodAccessorImpl.invoke(DelegatingMethodAccessorImpl.java:43)
	at java.base/java.lang.reflect.Method.invoke(Method.java:566)
	at ptolemy.util.test.junit.TclTests.RunTclFile(TclTests.java:233)
	at java.base/jdk.internal.reflect.NativeMethodAccessorImpl.invoke0(Native Method)
	at java.base/jdk.internal.reflect.NativeMethodAccessorImpl.invoke(NativeMethodAccessorImpl.java:62)
	at java.base/jdk.internal.reflect.DelegatingMethodAccessorImpl.invoke(DelegatingMethodAccessorImpl.java:43)
	at java.base/java.lang.reflect.Method.invoke(Method.java:566)
	at org.junit.runners.model.FrameworkMethod$1.runReflectiveCall(FrameworkMethod.java:44)
	at org.junit.internal.runners.model.ReflectiveCallable.run(ReflectiveCallable.java:15)
	at org.junit.runners.model.FrameworkMethod.invokeExplosively(FrameworkMethod.java:41)
	at junitparams.internal.InvokeParameterisedMethod.evaluate(InvokeParameterisedMethod.java:102)
	at junitparams.internal.ParameterisedTestMethodRunner.runMethodInvoker(ParameterisedTestMethodRunner.java:47)
	at junitparams.internal.ParameterisedTestMethodRunner.runTestMethod(ParameterisedTestMethodRunner.java:41)
	at junitparams.internal.ParameterisedTestClassRunner.runParameterisedTest(ParameterisedTestClassRunner.java:143)
	at junitparams.JUnitParamsRunner.runChild(JUnitParamsRunner.java:237)
	at junitparams.JUnitParamsRunner.runChild(JUnitParamsRunner.java:215)
	at org.junit.runners.ParentRunner$3.run(ParentRunner.java:193)
	at org.junit.runners.ParentRunner$1.schedule(ParentRunner.java:52)
	at org.junit.runners.ParentRunner.runChildren(ParentRunner.java:191)
	at org.junit.runners.ParentRunner.access$000(ParentRunner.java:42)
	at org.junit.runners.ParentRunner$2.evaluate(ParentRunner.java:184)
	at org.junit.internal.runners.statements.RunAfters.evaluate(RunAfters.java:31)
	at org.junit.runners.ParentRunner.run(ParentRunner.java:236)
	at org.junit.runners.Suite.runChild(Suite.java:128)
	at org.junit.runners.Suite.runChild(Suite.java:24)
	at org.junit.runners.ParentRunner$3.run(ParentRunner.java:193)
	at org.junit.runners.ParentRunner$1.schedule(ParentRunner.java:52)
	at org.junit.runners.ParentRunner.runChildren(ParentRunner.java:191)
	at org.junit.runners.ParentRunner.access$000(ParentRunner.java:42)
	at org.junit.runners.ParentRunner$2.evaluate(ParentRunner.java:184)
	at org.junit.runners.ParentRunner.run(ParentRunner.java:236)
	at junit.framework.JUnit4TestAdapter.run(JUnit4TestAdapter.java:39)
	at org.apache.tools.ant.taskdefs.optional.junit.JUnitTestRunner.run(JUnitTestRunner.java:535)
	at org.apache.tools.ant.taskdefs.optional.junit.JUnitTestRunner.launch(JUnitTestRunner.java:1182)
	at org.apache.tools.ant.taskdefs.optional.junit.JUnitTestRunner.main(JUnitTestRunner.java:1033)
 in /home/travis/build/icyphy/ptII/ptolemy/actor/lib/jjs/external/require.js at line number 454 at column number 12
	at jdk.scripting.nashorn/jdk.nashorn.api.scripting.NashornScriptEngine.throwAsScriptException(NashornScriptEngine.java:477)
	at jdk.scripting.nashorn/jdk.nashorn.api.scripting.NashornScriptEngine.invokeImpl(NashornScriptEngine.java:399)
	at jdk.scripting.nashorn/jdk.nashorn.api.scripting.NashornScriptEngine.invokeFunction(NashornScriptEngine.java:197)
	at ptolemy.actor.lib.jjs.JavaScript._createEngineAndEvaluateSetup(JavaScript.java:2493)
	... 96 more
Caused by: /home/travis/build/icyphy/ptII/ptolemy/actor/lib/jjs/external/require.js:454:12 Error: Error executing module audio line #undefined : ptolemy.actor.lib.jjs.modules.audio.AudioHelper
In file: /home/travis/build/icyphy/ptII/ptolemy/actor/lib/jjs/modules/audio/audio.js

java.lang.ClassNotFoundException: ptolemy.actor.lib.jjs.modules.audio.AudioHelper
	at java.base/jdk.internal.loader.BuiltinClassLoader.loadClass(BuiltinClassLoader.java:583)
	at java.base/jdk.internal.loader.ClassLoaders$AppClassLoader.loadClass(ClassLoaders.java:178)
	at java.base/java.lang.ClassLoader.loadClass(ClassLoader.java:521)
	at java.base/java.lang.Class.forName0(Native Method)
	at java.base/java.lang.Class.forName(Class.java:398)
	at jdk.scripting.nashorn/jdk.nashorn.internal.runtime.Context.findClass(Context.java:1180)
	at jdk.scripting.nashorn/jdk.nashorn.internal.objects.NativeJava.simpleType(NativeJava.java:546)
	at jdk.scripting.nashorn/jdk.nashorn.internal.objects.NativeJava.type(NativeJava.java:326)
	at jdk.scripting.nashorn/jdk.nashorn.internal.objects.NativeJava.type(NativeJava.java:318)
	at jdk.scripting.nashorn/jdk.nashorn.internal.objects.NativeJava.type(NativeJava.java:314)
	at jdk.scripting.nashorn.scripts/jdk.nashorn.internal.scripts.Script$Recompilation$2279$require.L:1(/home/travis/build/icyphy/ptII/ptolemy/actor/lib/jjs/external/require.js#409:30<eval>:48)
	at jdk.scripting.nashorn.scripts/jdk.nashorn.internal.scripts.Script$Recompilation$2189$require.L:45#_require(/home/travis/build/icyphy/ptII/ptolemy/actor/lib/jjs/external/require.js:429)
	at jdk.scripting.nashorn.scripts/jdk.nashorn.internal.scripts.Script$Recompilation$2193$21065A$require.L:45#_requireClosure#L:466(/home/travis/build/icyphy/ptII/ptolemy/actor/lib/jjs/external/require.js:467)
	at jdk.scripting.nashorn.scripts/jdk.nashorn.internal.scripts.Script$Recompilation$2267$1AAAAAAAAAAAAAA$\^function\_.L:1(<function>:97)
	at jdk.scripting.nashorn.scripts/jdk.nashorn.internal.scripts.Script$Recompilation$2266$17933AAAAAA$require$cu1$restOf.L:1#Accessor(/home/travis/build/icyphy/ptII/ptolemy/actor/lib/jjs/external/require.js#409:30<eval>:545)
	at jdk.scripting.nashorn.scripts/jdk.nashorn.internal.scripts.Script$Recompilation$2252$2801AAA$\^eval\_.evaluateCode(<eval>:96)
	at jdk.scripting.nashorn/jdk.nashorn.internal.runtime.ScriptFunctionData.invoke(ScriptFunctionData.java:661)
	at jdk.scripting.nashorn/jdk.nashorn.internal.runtime.ScriptFunction.invoke(ScriptFunction.java:513)
	at jdk.scripting.nashorn/jdk.nashorn.internal.runtime.ScriptRuntime.apply(ScriptRuntime.java:527)
	at jdk.scripting.nashorn/jdk.nashorn.api.scripting.ScriptObjectMirror.callMember(ScriptObjectMirror.java:202)
	at jdk.scripting.nashorn/jdk.nashorn.api.scripting.NashornScriptEngine.invokeImpl(NashornScriptEngine.java:393)
	at jdk.scripting.nashorn/jdk.nashorn.api.scripting.NashornScriptEngine.invokeFunction(NashornScriptEngine.java:197)
	at ptolemy.actor.lib.jjs.JavaScript._createEngineAndEvaluateSetup(JavaScript.java:2493)
	at ptolemy.actor.lib.jjs.JavaScript.attributeChanged(JavaScript.java:548)
	at org.terraswarm.accessor.JSAccessor.attributeChanged(JSAccessor.java:312)
	at ptolemy.data.expr.Variable._setTokenAndNotify(Variable.java:2271)
	at ptolemy.data.expr.Variable._evaluate(Variable.java:1873)
	at ptolemy.data.expr.Variable._propagate(Variable.java:1984)
	at ptolemy.data.expr.Variable.validate(Variable.java:1596)
	at ptolemy.moml.MoMLParser.endDocument(MoMLParser.java:867)
	at com.microstar.xml.XmlParser.doParse(XmlParser.java:162)
	at com.microstar.xml.XmlParser.parse(XmlParser.java:132)
	at ptolemy.moml.MoMLParser.parse(MoMLParser.java:1676)
	at ptolemy.moml.MoMLParser.parse(MoMLParser.java:1617)
	at ptolemy.moml.MoMLParser.parse(MoMLParser.java:1792)
	at org.terraswarm.accessor.AccessorLibrary.populate(AccessorLibrary.java:194)
	at ptolemy.moml.EntityLibrary.classDefinitionList(EntityLibrary.java:307)
	at ptolemy.kernel.CompositeEntity._description(CompositeEntity.java:2292)
	at ptolemy.kernel.CompositeEntity._description(CompositeEntity.java:2307)
	at ptolemy.kernel.CompositeEntity._description(CompositeEntity.java:2307)
	at ptolemy.kernel.CompositeEntity._description(CompositeEntity.java:2307)
	at ptolemy.kernel.CompositeEntity._description(CompositeEntity.java:2307)
	at ptolemy.kernel.util.NamedObj.description(NamedObj.java:731)
	at ptolemy.kernel.util.NamedObj.description(NamedObj.java:715)
	at java.base/jdk.internal.reflect.NativeMethodAccessorImpl.invoke0(Native Method)
	at java.base/jdk.internal.reflect.NativeMethodAccessorImpl.invoke(NativeMethodAccessorImpl.java:62)
	at java.base/jdk.internal.reflect.DelegatingMethodAccessorImpl.invoke(DelegatingMethodAccessorImpl.java:43)
	at java.base/java.lang.reflect.Method.invoke(Method.java:566)
	at tcl.lang.reflect.PkgInvoker.invokeMethod(PkgInvoker.java:129)
	at tcl.lang.JavaInvoke.call(JavaInvoke.java:253)
	at tcl.lang.JavaInvoke.callMethod(JavaInvoke.java:116)
	at tcl.lang.ReflectObject.cmdProc(ReflectObject.java:727)
	at tcl.lang.Parser.evalObjv(Parser.java:740)
	at tcl.lang.Parser.eval2(Parser.java:1138)
	at tcl.lang.Parser.evalTokens(Parser.java:930)
	at tcl.lang.Parser.eval2(Parser.java:1125)
	at tcl.lang.Parser.evalTokens(Parser.java:930)
	at tcl.lang.Parser.eval2(Parser.java:1125)
	at tcl.lang.Interp.eval(Interp.java:1782)
	at tcl.lang.Interp.eval(Interp.java:1841)
	at tcl.lang.UplevelCmd.cmdProc(UplevelCmd.java:93)
	at tcl.lang.AutoloadStub.cmdProc(Extension.java:144)
	at tcl.lang.Parser.evalObjv(Parser.java:740)
	at tcl.lang.Parser.eval2(Parser.java:1138)
	at tcl.lang.Interp.eval(Interp.java:1782)
	at tcl.lang.Interp.eval(Interp.java:1841)
	at tcl.lang.CatchCmd.cmdProc(CatchCmd.java:42)
	at tcl.lang.Parser.evalObjv(Parser.java:740)
	at tcl.lang.Parser.eval2(Parser.java:1138)
	at tcl.lang.Parser.evalTokens(Parser.java:930)
	at tcl.lang.Parser.eval2(Parser.java:1125)
	at tcl.lang.Procedure.cmdProc(Procedure.java:175)
	at tcl.lang.Parser.evalObjv(Parser.java:740)
	at tcl.lang.Parser.eval2(Parser.java:1138)
	at tcl.lang.Interp.eval(Interp.java:1782)
	at tcl.lang.Interp.eval(Interp.java:1841)
	at tcl.lang.ForeachCmd.cmdProc(ForeachCmd.java:116)
	at tcl.lang.AutoloadStub.cmdProc(Extension.java:144)
	at tcl.lang.Parser.evalObjv(Parser.java:740)
	at tcl.lang.Parser.eval2(Parser.java:1138)
	at tcl.lang.Interp.eval(Interp.java:1782)
	at tcl.lang.Interp.evalFile(Interp.java:1880)
	at java.base/jdk.internal.reflect.NativeMethodAccessorImpl.invoke0(Native Method)
	at java.base/jdk.internal.reflect.NativeMethodAccessorImpl.invoke(NativeMethodAccessorImpl.java:62)
	at java.base/jdk.internal.reflect.DelegatingMethodAccessorImpl.invoke(DelegatingMethodAccessorImpl.java:43)
	at java.base/java.lang.reflect.Method.invoke(Method.java:566)
	at ptolemy.util.test.junit.TclTests.RunTclFile(TclTests.java:233)
	at java.base/jdk.internal.reflect.NativeMethodAccessorImpl.invoke0(Native Method)
	at java.base/jdk.internal.reflect.NativeMethodAccessorImpl.invoke(NativeMethodAccessorImpl.java:62)
	at java.base/jdk.internal.reflect.DelegatingMethodAccessorImpl.invoke(DelegatingMethodAccessorImpl.java:43)
	at java.base/java.lang.reflect.Method.invoke(Method.java:566)
	at org.junit.runners.model.FrameworkMethod$1.runReflectiveCall(FrameworkMethod.java:44)
	at org.junit.internal.runners.model.ReflectiveCallable.run(ReflectiveCallable.java:15)
	at org.junit.runners.model.FrameworkMethod.invokeExplosively(FrameworkMethod.java:41)
	at junitparams.internal.InvokeParameterisedMethod.evaluate(InvokeParameterisedMethod.java:102)
	at junitparams.internal.ParameterisedTestMethodRunner.runMethodInvoker(ParameterisedTestMethodRunner.java:47)
	at junitparams.internal.ParameterisedTestMethodRunner.runTestMethod(ParameterisedTestMethodRunner.java:41)
	at junitparams.internal.ParameterisedTestClassRunner.runParameterisedTest(ParameterisedTestClassRunner.java:143)
	at junitparams.JUnitParamsRunner.runChild(JUnitParamsRunner.java:237)
	at junitparams.JUnitParamsRunner.runChild(JUnitParamsRunner.java:215)
	at org.junit.runners.ParentRunner$3.run(ParentRunner.java:193)
	at org.junit.runners.ParentRunner$1.schedule(ParentRunner.java:52)
	at org.junit.runners.ParentRunner.runChildren(ParentRunner.java:191)
	at org.junit.runners.ParentRunner.access$000(ParentRunner.java:42)
	at org.junit.runners.ParentRunner$2.evaluate(ParentRunner.java:184)
	at org.junit.internal.runners.statements.RunAfters.evaluate(RunAfters.java:31)
	at org.junit.runners.ParentRunner.run(ParentRunner.java:236)
	at org.junit.runners.Suite.runChild(Suite.java:128)
	at org.junit.runners.Suite.runChild(Suite.java:24)
	at org.junit.runners.ParentRunner$3.run(ParentRunner.java:193)
	at org.junit.runners.ParentRunner$1.schedule(ParentRunner.java:52)
	at org.junit.runners.ParentRunner.runChildren(ParentRunner.java:191)
	at org.junit.runners.ParentRunner.access$000(ParentRunner.java:42)
	at org.junit.runners.ParentRunner$2.evaluate(ParentRunner.java:184)
	at org.junit.runners.ParentRunner.run(ParentRunner.java:236)
	at junit.framework.JUnit4TestAdapter.run(JUnit4TestAdapter.java:39)
	at org.apache.tools.ant.taskdefs.optional.junit.JUnitTestRunner.run(JUnitTestRunner.java:535)
	at org.apache.tools.ant.taskdefs.optional.junit.JUnitTestRunner.launch(JUnitTestRunner.java:1182)
	at org.apache.tools.ant.taskdefs.optional.junit.JUnitTestRunner.main(JUnitTestRunner.java:1033)

	at jdk.scripting.nashorn/jdk.nashorn.internal.objects.NativeError.initException(NativeError.java:135)
	at jdk.scripting.nashorn/jdk.nashorn.internal.objects.NativeError.<init>(NativeError.java:101)
	at jdk.scripting.nashorn/jdk.nashorn.internal.objects.NativeError.<init>(NativeError.java:105)
	at jdk.scripting.nashorn/jdk.nashorn.internal.objects.NativeError.<init>(NativeError.java:109)
	at jdk.scripting.nashorn/jdk.nashorn.internal.objects.NativeError.constructor(NativeError.java:128)
	at jdk.scripting.nashorn.scripts/jdk.nashorn.internal.scripts.Script$Recompilation$2285$require$cu1$restOf.L:45#_require(/home/travis/build/icyphy/ptII/ptolemy/actor/lib/jjs/external/require.js:454)
	at jdk.scripting.nashorn.scripts/jdk.nashorn.internal.scripts.Script$Recompilation$2193$21065A$require.L:45#_requireClosure#L:466(/home/travis/build/icyphy/ptII/ptolemy/actor/lib/jjs/external/require.js:467)
	at jdk.scripting.nashorn.scripts/jdk.nashorn.internal.scripts.Script$Recompilation$2267$1AAAAAAAAAAAAAA$\^function\_.L:1(<function>:97)
	at jdk.scripting.nashorn.scripts/jdk.nashorn.internal.scripts.Script$Recompilation$2266$17933AAAAAA$require$cu1$restOf.L:1#Accessor(/home/travis/build/icyphy/ptII/ptolemy/actor/lib/jjs/external/require.js#409:30<eval>:545)
	at jdk.scripting.nashorn.scripts/jdk.nashorn.internal.scripts.Script$Recompilation$2252$2801AAA$\^eval\_.evaluateCode(<eval>:96)
	at jdk.scripting.nashorn/jdk.nashorn.internal.runtime.ScriptFunctionData.invoke(ScriptFunctionData.java:661)
	at jdk.scripting.nashorn/jdk.nashorn.internal.runtime.ScriptFunction.invoke(ScriptFunction.java:513)
	at jdk.scripting.nashorn/jdk.nashorn.internal.runtime.ScriptRuntime.apply(ScriptRuntime.java:527)
	at jdk.scripting.nashorn/jdk.nashorn.api.scripting.ScriptObjectMirror.callMember(ScriptObjectMirror.java:202)
	at jdk.scripting.nashorn/jdk.nashorn.api.scripting.NashornScriptEngine.invokeImpl(NashornScriptEngine.java:393)
	... 98 more
Caused by: javax.script.ScriptException: Error: Error executing module audio line #undefined : ptolemy.actor.lib.jjs.modules.audio.AudioHelper
In file: /home/travis/build/icyphy/ptII/ptolemy/actor/lib/jjs/modules/audio/audio.js

java.lang.ClassNotFoundException: ptolemy.actor.lib.jjs.modules.audio.AudioHelper
	at java.base/jdk.internal.loader.BuiltinClassLoader.loadClass(BuiltinClassLoader.java:583)
	at java.base/jdk.internal.loader.ClassLoaders$AppClassLoader.loadClass(ClassLoaders.java:178)
	at java.base/java.lang.ClassLoader.loadClass(ClassLoader.java:521)
	at java.base/java.lang.Class.forName0(Native Method)
	at java.base/java.lang.Class.forName(Class.java:398)
	at jdk.scripting.nashorn/jdk.nashorn.internal.runtime.Context.findClass(Context.java:1180)
	at jdk.scripting.nashorn/jdk.nashorn.internal.objects.NativeJava.simpleType(NativeJava.java:546)
	at jdk.scripting.nashorn/jdk.nashorn.internal.objects.NativeJava.type(NativeJava.java:326)
	at jdk.scripting.nashorn/jdk.nashorn.internal.objects.NativeJava.type(NativeJava.java:318)
	at jdk.scripting.nashorn/jdk.nashorn.internal.objects.NativeJava.type(NativeJava.java:314)
	at jdk.scripting.nashorn.scripts/jdk.nashorn.internal.scripts.Script$Recompilation$2279$require.L:1(/home/travis/build/icyphy/ptII/ptolemy/actor/lib/jjs/external/require.js#409:30<eval>:48)
	at jdk.scripting.nashorn.scripts/jdk.nashorn.internal.scripts.Script$Recompilation$2189$require.L:45#_require(/home/travis/build/icyphy/ptII/ptolemy/actor/lib/jjs/external/require.js:429)
	at jdk.scripting.nashorn.scripts/jdk.nashorn.internal.scripts.Script$Recompilation$2193$21065A$require.L:45#_requireClosure#L:466(/home/travis/build/icyphy/ptII/ptolemy/actor/lib/jjs/external/require.js:467)
	at jdk.scripting.nashorn.scripts/jdk.nashorn.internal.scripts.Script$Recompilation$2267$1AAAAAAAAAAAAAA$\^function\_.L:1(<function>:97)
	at jdk.scripting.nashorn.scripts/jdk.nashorn.internal.scripts.Script$Recompilation$2266$17933AAAAAA$require$cu1$restOf.L:1#Accessor(/home/travis/build/icyphy/ptII/ptolemy/actor/lib/jjs/external/require.js#409:30<eval>:545)
	at jdk.scripting.nashorn.scripts/jdk.nashorn.internal.scripts.Script$Recompilation$2252$2801AAA$\^eval\_.evaluateCode(<eval>:96)
	at jdk.scripting.nashorn/jdk.nashorn.internal.runtime.ScriptFunctionData.invoke(ScriptFunctionData.java:661)
	at jdk.scripting.nashorn/jdk.nashorn.internal.runtime.ScriptFunction.invoke(ScriptFunction.java:513)
	at jdk.scripting.nashorn/jdk.nashorn.internal.runtime.ScriptRuntime.apply(ScriptRuntime.java:527)
	at jdk.scripting.nashorn/jdk.nashorn.api.scripting.ScriptObjectMirror.callMember(ScriptObjectMirror.java:202)
	at jdk.scripting.nashorn/jdk.nashorn.api.scripting.NashornScriptEngine.invokeImpl(NashornScriptEngine.java:393)
	at jdk.scripting.nashorn/jdk.nashorn.api.scripting.NashornScriptEngine.invokeFunction(NashornScriptEngine.java:197)
	at ptolemy.actor.lib.jjs.JavaScript._createEngineAndEvaluateSetup(JavaScript.java:2493)
	at ptolemy.actor.lib.jjs.JavaScript.attributeChanged(JavaScript.java:548)
	at org.terraswarm.accessor.JSAccessor.attributeChanged(JSAccessor.java:312)
	at ptolemy.data.expr.Variable._setTokenAndNotify(Variable.java:2271)
	at ptolemy.data.expr.Variable._evaluate(Variable.java:1873)
	at ptolemy.data.expr.Variable._propagate(Variable.java:1984)
	at ptolemy.data.expr.Variable.validate(Variable.java:1596)
	at ptolemy.moml.MoMLParser.endDocument(MoMLParser.java:867)
	at com.microstar.xml.XmlParser.doParse(XmlParser.java:162)
	at com.microstar.xml.XmlParser.parse(XmlParser.java:132)
	at ptolemy.moml.MoMLParser.parse(MoMLParser.java:1676)
	at ptolemy.moml.MoMLParser.parse(MoMLParser.java:1617)
	at ptolemy.moml.MoMLParser.parse(MoMLParser.java:1792)
	at org.terraswarm.accessor.AccessorLibrary.populate(AccessorLibrary.java:194)
	at ptolemy.moml.EntityLibrary.classDefinitionList(EntityLibrary.java:307)
	at ptolemy.kernel.CompositeEntity._description(CompositeEntity.java:2292)
	at ptolemy.kernel.CompositeEntity._description(CompositeEntity.java:2307)
	at ptolemy.kernel.CompositeEntity._description(CompositeEntity.java:2307)
	at ptolemy.kernel.CompositeEntity._description(CompositeEntity.java:2307)
	at ptolemy.kernel.CompositeEntity._description(CompositeEntity.java:2307)
	at ptolemy.kernel.util.NamedObj.description(NamedObj.java:731)
	at ptolemy.kernel.util.NamedObj.description(NamedObj.java:715)
	at java.base/jdk.internal.reflect.NativeMethodAccessorImpl.invoke0(Native Method)
	at java.base/jdk.internal.reflect.NativeMethodAccessorImpl.invoke(NativeMethodAccessorImpl.java:62)
	at java.base/jdk.internal.reflect.DelegatingMethodAccessorImpl.invoke(DelegatingMethodAccessorImpl.java:43)
	at java.base/java.lang.reflect.Method.invoke(Method.java:566)
	at tcl.lang.reflect.PkgInvoker.invokeMethod(PkgInvoker.java:129)
	at tcl.lang.JavaInvoke.call(JavaInvoke.java:253)
	at tcl.lang.JavaInvoke.callMethod(JavaInvoke.java:116)
	at tcl.lang.ReflectObject.cmdProc(ReflectObject.java:727)
	at tcl.lang.Parser.evalObjv(Parser.java:740)
	at tcl.lang.Parser.eval2(Parser.java:1138)
	at tcl.lang.Parser.evalTokens(Parser.java:930)
	at tcl.lang.Parser.eval2(Parser.java:1125)
	at tcl.lang.Parser.evalTokens(Parser.java:930)
	at tcl.lang.Parser.eval2(Parser.java:1125)
	at tcl.lang.Interp.eval(Interp.java:1782)
	at tcl.lang.Interp.eval(Interp.java:1841)
	at tcl.lang.UplevelCmd.cmdProc(UplevelCmd.java:93)
	at tcl.lang.AutoloadStub.cmdProc(Extension.java:144)
	at tcl.lang.Parser.evalObjv(Parser.java:740)
	at tcl.lang.Parser.eval2(Parser.java:1138)
	at tcl.lang.Interp.eval(Interp.java:1782)
	at tcl.lang.Interp.eval(Interp.java:1841)
	at tcl.lang.CatchCmd.cmdProc(CatchCmd.java:42)
	at tcl.lang.Parser.evalObjv(Parser.java:740)
	at tcl.lang.Parser.eval2(Parser.java:1138)
	at tcl.lang.Parser.evalTokens(Parser.java:930)
	at tcl.lang.Parser.eval2(Parser.java:1125)
	at tcl.lang.Procedure.cmdProc(Procedure.java:175)
	at tcl.lang.Parser.evalObjv(Parser.java:740)
	at tcl.lang.Parser.eval2(Parser.java:1138)
	at tcl.lang.Interp.eval(Interp.java:1782)
	at tcl.lang.Interp.eval(Interp.java:1841)
	at tcl.lang.ForeachCmd.cmdProc(ForeachCmd.java:116)
	at tcl.lang.AutoloadStub.cmdProc(Extension.java:144)
	at tcl.lang.Parser.evalObjv(Parser.java:740)
	at tcl.lang.Parser.eval2(Parser.java:1138)
	at tcl.lang.Interp.eval(Interp.java:1782)
	at tcl.lang.Interp.evalFile(Interp.java:1880)
	at java.base/jdk.internal.reflect.NativeMethodAccessorImpl.invoke0(Native Method)
	at java.base/jdk.internal.reflect.NativeMethodAccessorImpl.invoke(NativeMethodAccessorImpl.java:62)
	at java.base/jdk.internal.reflect.DelegatingMethodAccessorImpl.invoke(DelegatingMethodAccessorImpl.java:43)
	at java.base/java.lang.reflect.Method.invoke(Method.java:566)
	at ptolemy.util.test.junit.TclTests.RunTclFile(TclTests.java:233)
	at java.base/jdk.internal.reflect.NativeMethodAccessorImpl.invoke0(Native Method)
	at java.base/jdk.internal.reflect.NativeMethodAccessorImpl.invoke(NativeMethodAccessorImpl.java:62)
	at java.base/jdk.internal.reflect.DelegatingMethodAccessorImpl.invoke(DelegatingMethodAccessorImpl.java:43)
	at java.base/java.lang.reflect.Method.invoke(Method.java:566)
	at org.junit.runners.model.FrameworkMethod$1.runReflectiveCall(FrameworkMethod.java:44)
	at org.junit.internal.runners.model.ReflectiveCallable.run(ReflectiveCallable.java:15)
	at org.junit.runners.model.FrameworkMethod.invokeExplosively(FrameworkMethod.java:41)
	at junitparams.internal.InvokeParameterisedMethod.evaluate(InvokeParameterisedMethod.java:102)
	at junitparams.internal.ParameterisedTestMethodRunner.runMethodInvoker(ParameterisedTestMethodRunner.java:47)
	at junitparams.internal.ParameterisedTestMethodRunner.runTestMethod(ParameterisedTestMethodRunner.java:41)
	at junitparams.internal.ParameterisedTestClassRunner.runParameterisedTest(ParameterisedTestClassRunner.java:143)
	at junitparams.JUnitParamsRunner.runChild(JUnitParamsRunner.java:237)
	at junitparams.JUnitParamsRunner.runChild(JUnitParamsRunner.java:215)
	at org.junit.runners.ParentRunner$3.run(ParentRunner.java:193)
	at org.junit.runners.ParentRunner$1.schedule(ParentRunner.java:52)
	at org.junit.runners.ParentRunner.runChildren(ParentRunner.java:191)
	at org.junit.runners.ParentRunner.access$000(ParentRunner.java:42)
	at org.junit.runners.ParentRunner$2.evaluate(ParentRunner.java:184)
	at org.junit.internal.runners.statements.RunAfters.evaluate(RunAfters.java:31)
	at org.junit.runners.ParentRunner.run(ParentRunner.java:236)
	at org.junit.runners.Suite.runChild(Suite.java:128)
	at org.junit.runners.Suite.runChild(Suite.java:24)
	at org.junit.runners.ParentRunner$3.run(ParentRunner.java:193)
	at org.junit.runners.ParentRunner$1.schedule(ParentRunner.java:52)
	at org.junit.runners.ParentRunner.runChildren(ParentRunner.java:191)
	at org.junit.runners.ParentRunner.access$000(ParentRunner.java:42)
	at org.junit.runners.ParentRunner$2.evaluate(ParentRunner.java:184)
	at org.junit.runners.ParentRunner.run(ParentRunner.java:236)
	at junit.framework.JUnit4TestAdapter.run(JUnit4TestAdapter.java:39)
	at org.apache.tools.ant.taskdefs.optional.junit.JUnitTestRunner.run(JUnitTestRunner.java:535)
	at org.apache.tools.ant.taskdefs.optional.junit.JUnitTestRunner.launch(JUnitTestRunner.java:1182)
	at org.apache.tools.ant.taskdefs.optional.junit.JUnitTestRunner.main(JUnitTestRunner.java:1033)
 in /home/travis/build/icyphy/ptII/ptolemy/actor/lib/jjs/external/require.js at line number 454 at column number 12
	at jdk.scripting.nashorn/jdk.nashorn.api.scripting.NashornScriptEngine.throwAsScriptException(NashornScriptEngine.java:477)
	at jdk.scripting.nashorn/jdk.nashorn.api.scripting.NashornScriptEngine.invokeImpl(NashornScriptEngine.java:399)
	at jdk.scripting.nashorn/jdk.nashorn.api.scripting.NashornScriptEngine.invokeFunction(NashornScriptEngine.java:197)
	at ptolemy.actor.lib.jjs.JavaScript._createEngineAndEvaluateSetup(JavaScript.java:2493)
	at ptolemy.actor.lib.jjs.JavaScript.attributeChanged(JavaScript.java:548)
	at org.terraswarm.accessor.JSAccessor.attributeChanged(JSAccessor.java:312)
	at ptolemy.data.expr.Variable._setTokenAndNotify(Variable.java:2271)
	at ptolemy.data.expr.Variable._evaluate(Variable.java:1873)
	at ptolemy.data.expr.Variable._propagate(Variable.java:1984)
	at ptolemy.data.expr.Variable.validate(Variable.java:1596)
	at ptolemy.moml.MoMLParser.endDocument(MoMLParser.java:867)
	at com.microstar.xml.XmlParser.doParse(XmlParser.java:162)
	at com.microstar.xml.XmlParser.parse(XmlParser.java:132)
	at ptolemy.moml.MoMLParser.parse(MoMLParser.java:1676)
	at ptolemy.moml.MoMLParser.parse(MoMLParser.java:1617)
	at ptolemy.moml.MoMLParser.parse(MoMLParser.java:1792)
	at org.terraswarm.accessor.AccessorLibrary.populate(AccessorLibrary.java:194)
	at ptolemy.moml.EntityLibrary.classDefinitionList(EntityLibrary.java:307)
	at ptolemy.kernel.CompositeEntity._description(CompositeEntity.java:2292)
	at ptolemy.kernel.CompositeEntity._description(CompositeEntity.java:2307)
	at ptolemy.kernel.CompositeEntity._description(CompositeEntity.java:2307)
	at ptolemy.kernel.CompositeEntity._description(CompositeEntity.java:2307)
	at ptolemy.kernel.CompositeEntity._description(CompositeEntity.java:2307)
	at ptolemy.kernel.util.NamedObj.description(NamedObj.java:731)
	at ptolemy.kernel.util.NamedObj.description(NamedObj.java:715)
	at java.base/jdk.internal.reflect.NativeMethodAccessorImpl.invoke0(Native Method)
	at java.base/jdk.internal.reflect.NativeMethodAccessorImpl.invoke(NativeMethodAccessorImpl.java:62)
	at java.base/jdk.internal.reflect.DelegatingMethodAccessorImpl.invoke(DelegatingMethodAccessorImpl.java:43)
	at java.base/java.lang.reflect.Method.invoke(Method.java:566)
	at tcl.lang.reflect.PkgInvoker.invokeMethod(PkgInvoker.java:129)
	at tcl.lang.JavaInvoke.call(JavaInvoke.java:253)
	at tcl.lang.JavaInvoke.callMethod(JavaInvoke.java:116)
	at tcl.lang.ReflectObject.cmdProc(ReflectObject.java:727)
	at tcl.lang.Parser.evalObjv(Parser.java:740)
	at tcl.lang.Parser.eval2(Parser.java:1138)
	at tcl.lang.Parser.evalTokens(Parser.java:930)
	at tcl.lang.Parser.eval2(Parser.java:1125)
	at tcl.lang.Parser.evalTokens(Parser.java:930)
	at tcl.lang.Parser.eval2(Parser.java:1125)
	at tcl.lang.Interp.eval(Interp.java:1782)
	at tcl.lang.Interp.eval(Interp.java:1841)
	at tcl.lang.UplevelCmd.cmdProc(UplevelCmd.java:93)
	at tcl.lang.AutoloadStub.cmdProc(Extension.java:144)
	at tcl.lang.Parser.evalObjv(Parser.java:740)
	at tcl.lang.Parser.eval2(Parser.java:1138)
	at tcl.lang.Interp.eval(Interp.java:1782)
	at tcl.lang.Interp.eval(Interp.java:1841)
	at tcl.lang.CatchCmd.cmdProc(CatchCmd.java:42)
	at tcl.lang.Parser.evalObjv(Parser.java:740)
	at tcl.lang.Parser.eval2(Parser.java:1138)
	at tcl.lang.Parser.evalTokens(Parser.java:930)
	at tcl.lang.Parser.eval2(Parser.java:1125)
	at tcl.lang.Procedure.cmdProc(Procedure.java:175)
	at tcl.lang.Parser.evalObjv(Parser.java:740)
	at tcl.lang.Parser.eval2(Parser.java:1138)
	at tcl.lang.Interp.eval(Interp.java:1782)
	at tcl.lang.Interp.eval(Interp.java:1841)
	at tcl.lang.ForeachCmd.cmdProc(ForeachCmd.java:116)
	at tcl.lang.AutoloadStub.cmdProc(Extension.java:144)
	at tcl.lang.Parser.evalObjv(Parser.java:740)
	at tcl.lang.Parser.eval2(Parser.java:1138)
	at tcl.lang.Interp.eval(Interp.java:1782)
	at tcl.lang.Interp.evalFile(Interp.java:1880)
	at java.base/jdk.internal.reflect.NativeMethodAccessorImpl.invoke0(Native Method)
	at java.base/jdk.internal.reflect.NativeMethodAccessorImpl.invoke(NativeMethodAccessorImpl.java:62)
	at java.base/jdk.internal.reflect.DelegatingMethodAccessorImpl.invoke(DelegatingMethodAccessorImpl.java:43)
	at java.base/java.lang.reflect.Method.invoke(Method.java:566)
	at ptolemy.util.test.junit.TclTests.RunTclFile(TclTests.java:233)
	at java.base/jdk.internal.reflect.NativeMethodAccessorImpl.invoke0(Native Method)
	at java.base/jdk.internal.reflect.NativeMethodAccessorImpl.invoke(NativeMethodAccessorImpl.java:62)
	at java.base/jdk.internal.reflect.DelegatingMethodAccessorImpl.invoke(DelegatingMethodAccessorImpl.java:43)
	at java.base/java.lang.reflect.Method.invoke(Method.java:566)
	at org.junit.runners.model.FrameworkMethod$1.runReflectiveCall(FrameworkMethod.java:44)
	at org.junit.internal.runners.model.ReflectiveCallable.run(ReflectiveCallable.java:15)
	at org.junit.runners.model.FrameworkMethod.invokeExplosively(FrameworkMethod.java:41)
	at junitparams.internal.InvokeParameterisedMethod.evaluate(InvokeParameterisedMethod.java:102)
	at junitparams.internal.ParameterisedTestMethodRunner.runMethodInvoker(ParameterisedTestMethodRunner.java:47)
	at junitparams.internal.ParameterisedTestMethodRunner.runTestMethod(ParameterisedTestMethodRunner.java:41)
	at junitparams.internal.ParameterisedTestClassRunner.runParameterisedTest(ParameterisedTestClassRunner.java:143)
	at junitparams.JUnitParamsRunner.runChild(JUnitParamsRunner.java:237)
	at junitparams.JUnitParamsRunner.runChild(JUnitParamsRunner.java:215)
	at org.junit.runners.ParentRunner$3.run(ParentRunner.java:193)
	at org.junit.runners.ParentRunner$1.schedule(ParentRunner.java:52)
	at org.junit.runners.ParentRunner.runChildren(ParentRunner.java:191)
	at org.junit.runners.ParentRunner.access$000(ParentRunner.java:42)
	at org.junit.runners.ParentRunner$2.evaluate(ParentRunner.java:184)
	at org.junit.internal.runners.statements.RunAfters.evaluate(RunAfters.java:31)
	at org.junit.runners.ParentRunner.run(ParentRunner.java:236)
	at org.junit.runners.Suite.runChild(Suite.java:128)
	at org.junit.runners.Suite.runChild(Suite.java:24)
	at org.junit.runners.ParentRunner$3.run(ParentRunner.java:193)
	at org.junit.runners.ParentRunner$1.schedule(ParentRunner.java:52)
	at org.junit.runners.ParentRunner.runChildren(ParentRunner.java:191)
	at org.junit.runners.ParentRunner.access$000(ParentRunner.java:42)
	at org.junit.runners.ParentRunner$2.evaluate(ParentRunner.java:184)
	at org.junit.runners.ParentRunner.run(ParentRunner.java:236)
	at junit.framework.JUnit4TestAdapter.run(JUnit4TestAdapter.java:39)
	at org.apache.tools.ant.taskdefs.optional.junit.JUnitTestRunner.run(JUnitTestRunner.java:535)
	at org.apache.tools.ant.taskdefs.optional.junit.JUnitTestRunner.launch(JUnitTestRunner.java:1182)
	at org.apache.tools.ant.taskdefs.optional.junit.JUnitTestRunner.main(JUnitTestRunner.java:1033)
Caused by: /home/travis/build/icyphy/ptII/ptolemy/actor/lib/jjs/external/require.js:454:12 Error: Error executing module audio line #undefined : ptolemy.actor.lib.jjs.modules.audio.AudioHelper
In file: /home/travis/build/icyphy/ptII/ptolemy/actor/lib/jjs/modules/audio/audio.js

java.lang.ClassNotFoundException: ptolemy.actor.lib.jjs.modules.audio.AudioHelper
	at java.base/jdk.internal.loader.BuiltinClassLoader.loadClass(BuiltinClassLoader.java:583)
	at java.base/jdk.internal.loader.ClassLoaders$AppClassLoader.loadClass(ClassLoaders.java:178)
	at java.base/java.lang.ClassLoader.loadClass(ClassLoader.java:521)
	at java.base/java.lang.Class.forName0(Native Method)
	at java.base/java.lang.Class.forName(Class.java:398)
	at jdk.scripting.nashorn/jdk.nashorn.internal.runtime.Context.findClass(Context.java:1180)
	at jdk.scripting.nashorn/jdk.nashorn.internal.objects.NativeJava.simpleType(NativeJava.java:546)
	at jdk.scripting.nashorn/jdk.nashorn.internal.objects.NativeJava.type(NativeJava.java:326)
	at jdk.scripting.nashorn/jdk.nashorn.internal.objects.NativeJava.type(NativeJava.java:318)
	at jdk.scripting.nashorn/jdk.nashorn.internal.objects.NativeJava.type(NativeJava.java:314)
	at jdk.scripting.nashorn.scripts/jdk.nashorn.internal.scripts.Script$Recompilation$2279$require.L:1(/home/travis/build/icyphy/ptII/ptolemy/actor/lib/jjs/external/require.js#409:30<eval>:48)
	at jdk.scripting.nashorn.scripts/jdk.nashorn.internal.scripts.Script$Recompilation$2189$require.L:45#_require(/home/travis/build/icyphy/ptII/ptolemy/actor/lib/jjs/external/require.js:429)
	at jdk.scripting.nashorn.scripts/jdk.nashorn.internal.scripts.Script$Recompilation$2193$21065A$require.L:45#_requireClosure#L:466(/home/travis/build/icyphy/ptII/ptolemy/actor/lib/jjs/external/require.js:467)
	at jdk.scripting.nashorn.scripts/jdk.nashorn.internal.scripts.Script$Recompilation$2267$1AAAAAAAAAAAAAA$\^function\_.L:1(<function>:97)
	at jdk.scripting.nashorn.scripts/jdk.nashorn.internal.scripts.Script$Recompilation$2266$17933AAAAAA$require$cu1$restOf.L:1#Accessor(/home/travis/build/icyphy/ptII/ptolemy/actor/lib/jjs/external/require.js#409:30<eval>:545)
	at jdk.scripting.nashorn.scripts/jdk.nashorn.internal.scripts.Script$Recompilation$2252$2801AAA$\^eval\_.evaluateCode(<eval>:96)
	at jdk.scripting.nashorn/jdk.nashorn.internal.runtime.ScriptFunctionData.invoke(ScriptFunctionData.java:661)
	at jdk.scripting.nashorn/jdk.nashorn.internal.runtime.ScriptFunction.invoke(ScriptFunction.java:513)
	at jdk.scripting.nashorn/jdk.nashorn.internal.runtime.ScriptRuntime.apply(ScriptRuntime.java:527)
	at jdk.scripting.nashorn/jdk.nashorn.api.scripting.ScriptObjectMirror.callMember(ScriptObjectMirror.java:202)
	at jdk.scripting.nashorn/jdk.nashorn.api.scripting.NashornScriptEngine.invokeImpl(NashornScriptEngine.java:393)
	at jdk.scripting.nashorn/jdk.nashorn.api.scripting.NashornScriptEngine.invokeFunction(NashornScriptEngine.java:197)
	at ptolemy.actor.lib.jjs.JavaScript._createEngineAndEvaluateSetup(JavaScript.java:2493)
	at ptolemy.actor.lib.jjs.JavaScript.attributeChanged(JavaScript.java:548)
	at org.terraswarm.accessor.JSAccessor.attributeChanged(JSAccessor.java:312)
	at ptolemy.data.expr.Variable._setTokenAndNotify(Variable.java:2271)
	at ptolemy.data.expr.Variable._evaluate(Variable.java:1873)
	at ptolemy.data.expr.Variable._propagate(Variable.java:1984)
	at ptolemy.data.expr.Variable.validate(Variable.java:1596)
	at ptolemy.moml.MoMLParser.endDocument(MoMLParser.java:867)
	at com.microstar.xml.XmlParser.doParse(XmlParser.java:162)
	at com.microstar.xml.XmlParser.parse(XmlParser.java:132)
	at ptolemy.moml.MoMLParser.parse(MoMLParser.java:1676)
	at ptolemy.moml.MoMLParser.parse(MoMLParser.java:1617)
	at ptolemy.moml.MoMLParser.parse(MoMLParser.java:1792)
	at org.terraswarm.accessor.AccessorLibrary.populate(AccessorLibrary.java:194)
	at ptolemy.moml.EntityLibrary.classDefinitionList(EntityLibrary.java:307)
	at ptolemy.kernel.CompositeEntity._description(CompositeEntity.java:2292)
	at ptolemy.kernel.CompositeEntity._description(CompositeEntity.java:2307)
	at ptolemy.kernel.CompositeEntity._description(CompositeEntity.java:2307)
	at ptolemy.kernel.CompositeEntity._description(CompositeEntity.java:2307)
	at ptolemy.kernel.CompositeEntity._description(CompositeEntity.java:2307)
	at ptolemy.kernel.util.NamedObj.description(NamedObj.java:731)
	at ptolemy.kernel.util.NamedObj.description(NamedObj.java:715)
	at java.base/jdk.internal.reflect.NativeMethodAccessorImpl.invoke0(Native Method)
	at java.base/jdk.internal.reflect.NativeMethodAccessorImpl.invoke(NativeMethodAccessorImpl.java:62)
	at java.base/jdk.internal.reflect.DelegatingMethodAccessorImpl.invoke(DelegatingMethodAccessorImpl.java:43)
	at java.base/java.lang.reflect.Method.invoke(Method.java:566)
	at tcl.lang.reflect.PkgInvoker.invokeMethod(PkgInvoker.java:129)
	at tcl.lang.JavaInvoke.call(JavaInvoke.java:253)
	at tcl.lang.JavaInvoke.callMethod(JavaInvoke.java:116)
	at tcl.lang.ReflectObject.cmdProc(ReflectObject.java:727)
	at tcl.lang.Parser.evalObjv(Parser.java:740)
	at tcl.lang.Parser.eval2(Parser.java:1138)
	at tcl.lang.Parser.evalTokens(Parser.java:930)
	at tcl.lang.Parser.eval2(Parser.java:1125)
	at tcl.lang.Parser.evalTokens(Parser.java:930)
	at tcl.lang.Parser.eval2(Parser.java:1125)
	at tcl.lang.Interp.eval(Interp.java:1782)
	at tcl.lang.Interp.eval(Interp.java:1841)
	at tcl.lang.UplevelCmd.cmdProc(UplevelCmd.java:93)
	at tcl.lang.AutoloadStub.cmdProc(Extension.java:144)
	at tcl.lang.Parser.evalObjv(Parser.java:740)
	at tcl.lang.Parser.eval2(Parser.java:1138)
	at tcl.lang.Interp.eval(Interp.java:1782)
	at tcl.lang.Interp.eval(Interp.java:1841)
	at tcl.lang.CatchCmd.cmdProc(CatchCmd.java:42)
	at tcl.lang.Parser.evalObjv(Parser.java:740)
	at tcl.lang.Parser.eval2(Parser.java:1138)
	at tcl.lang.Parser.evalTokens(Parser.java:930)
	at tcl.lang.Parser.eval2(Parser.java:1125)
	at tcl.lang.Procedure.cmdProc(Procedure.java:175)
	at tcl.lang.Parser.evalObjv(Parser.java:740)
	at tcl.lang.Parser.eval2(Parser.java:1138)
	at tcl.lang.Interp.eval(Interp.java:1782)
	at tcl.lang.Interp.eval(Interp.java:1841)
	at tcl.lang.ForeachCmd.cmdProc(ForeachCmd.java:116)
	at tcl.lang.AutoloadStub.cmdProc(Extension.java:144)
	at tcl.lang.Parser.evalObjv(Parser.java:740)
	at tcl.lang.Parser.eval2(Parser.java:1138)
	at tcl.lang.Interp.eval(Interp.java:1782)
	at tcl.lang.Interp.evalFile(Interp.java:1880)
	at java.base/jdk.internal.reflect.NativeMethodAccessorImpl.invoke0(Native Method)
	at java.base/jdk.internal.reflect.NativeMethodAccessorImpl.invoke(NativeMethodAccessorImpl.java:62)
	at java.base/jdk.internal.reflect.DelegatingMethodAccessorImpl.invoke(DelegatingMethodAccessorImpl.java:43)
	at java.base/java.lang.reflect.Method.invoke(Method.java:566)
	at ptolemy.util.test.junit.TclTests.RunTclFile(TclTests.java:233)
	at java.base/jdk.internal.reflect.NativeMethodAccessorImpl.invoke0(Native Method)
	at java.base/jdk.internal.reflect.NativeMethodAccessorImpl.invoke(NativeMethodAccessorImpl.java:62)
	at java.base/jdk.internal.reflect.DelegatingMethodAccessorImpl.invoke(DelegatingMethodAccessorImpl.java:43)
	at java.base/java.lang.reflect.Method.invoke(Method.java:566)
	at org.junit.runners.model.FrameworkMethod$1.runReflectiveCall(FrameworkMethod.java:44)
	at org.junit.internal.runners.model.ReflectiveCallable.run(ReflectiveCallable.java:15)
	at org.junit.runners.model.FrameworkMethod.invokeExplosively(FrameworkMethod.java:41)
	at junitparams.internal.InvokeParameterisedMethod.evaluate(InvokeParameterisedMethod.java:102)
	at junitparams.internal.ParameterisedTestMethodRunner.runMethodInvoker(ParameterisedTestMethodRunner.java:47)
	at junitparams.internal.ParameterisedTestMethodRunner.runTestMethod(ParameterisedTestMethodRunner.java:41)
	at junitparams.internal.ParameterisedTestClassRunner.runParameterisedTest(ParameterisedTestClassRunner.java:143)
	at junitparams.JUnitParamsRunner.runChild(JUnitParamsRunner.java:237)
	at junitparams.JUnitParamsRunner.runChild(JUnitParamsRunner.java:215)
	at org.junit.runners.ParentRunner$3.run(ParentRunner.java:193)
	at org.junit.runners.ParentRunner$1.schedule(ParentRunner.java:52)
	at org.junit.runners.ParentRunner.runChildren(ParentRunner.java:191)
	at org.junit.runners.ParentRunner.access$000(ParentRunner.java:42)
	at org.junit.runners.ParentRunner$2.evaluate(ParentRunner.java:184)
	at org.junit.internal.runners.statements.RunAfters.evaluate(RunAfters.java:31)
	at org.junit.runners.ParentRunner.run(ParentRunner.java:236)
	at org.junit.runners.Suite.runChild(Suite.java:128)
	at org.junit.runners.Suite.runChild(Suite.java:24)
	at org.junit.runners.ParentRunner$3.run(ParentRunner.java:193)
	at org.junit.runners.ParentRunner$1.schedule(ParentRunner.java:52)
	at org.junit.runners.ParentRunner.runChildren(ParentRunner.java:191)
	at org.junit.runners.ParentRunner.access$000(ParentRunner.java:42)
	at org.junit.runners.ParentRunner$2.evaluate(ParentRunner.java:184)
	at org.junit.runners.ParentRunner.run(ParentRunner.java:236)
	at junit.framework.JUnit4TestAdapter.run(JUnit4TestAdapter.java:39)
	at org.apache.tools.ant.taskdefs.optional.junit.JUnitTestRunner.run(JUnitTestRunner.java:535)
	at org.apache.tools.ant.taskdefs.optional.junit.JUnitTestRunner.launch(JUnitTestRunner.java:1182)
	at org.apache.tools.ant.taskdefs.optional.junit.JUnitTestRunner.main(JUnitTestRunner.java:1033)

	at jdk.scripting.nashorn/jdk.nashorn.internal.objects.NativeError.initException(NativeError.java:135)
	at jdk.scripting.nashorn/jdk.nashorn.internal.objects.NativeError.<init>(NativeError.java:101)
	at jdk.scripting.nashorn/jdk.nashorn.internal.objects.NativeError.<init>(NativeError.java:105)
	at jdk.scripting.nashorn/jdk.nashorn.internal.objects.NativeError.<init>(NativeError.java:109)
	at jdk.scripting.nashorn/jdk.nashorn.internal.objects.NativeError.constructor(NativeError.java:128)
	at jdk.scripting.nashorn.scripts/jdk.nashorn.internal.scripts.Script$Recompilation$2285$require$cu1$restOf.L:45#_require(/home/travis/build/icyphy/ptII/ptolemy/actor/lib/jjs/external/require.js:454)
	at jdk.scripting.nashorn.scripts/jdk.nashorn.internal.scripts.Script$Recompilation$2193$21065A$require.L:45#_requireClosure#L:466(/home/travis/build/icyphy/ptII/ptolemy/actor/lib/jjs/external/require.js:467)
	at jdk.scripting.nashorn.scripts/jdk.nashorn.internal.scripts.Script$Recompilation$2267$1AAAAAAAAAAAAAA$\^function\_.L:1(<function>:97)
	at jdk.scripting.nashorn.scripts/jdk.nashorn.internal.scripts.Script$Recompilation$2266$17933AAAAAA$require$cu1$restOf.L:1#Accessor(/home/travis/build/icyphy/ptII/ptolemy/actor/lib/jjs/external/require.js#409:30<eval>:545)
	at jdk.scripting.nashorn.scripts/jdk.nashorn.internal.scripts.Script$Recompilation$2252$2801AAA$\^eval\_.evaluateCode(<eval>:96)
	at jdk.scripting.nashorn/jdk.nashorn.internal.runtime.ScriptFunctionData.invoke(ScriptFunctionData.java:661)
	at jdk.scripting.nashorn/jdk.nashorn.internal.runtime.ScriptFunction.invoke(ScriptFunction.java:513)
	at jdk.scripting.nashorn/jdk.nashorn.internal.runtime.ScriptRuntime.apply(ScriptRuntime.java:527)
	at jdk.scripting.nashorn/jdk.nashorn.api.scripting.ScriptObjectMirror.callMember(ScriptObjectMirror.java:202)
	at jdk.scripting.nashorn/jdk.nashorn.api.scripting.NashornScriptEngine.invokeImpl(NashornScriptEngine.java:393)
	... 98 more
Warning: Nashorn engine is planned to be removed from a future JDK release
Warning: Nashorn engine is planned to be removed from a future JDK release
Warning: Nashorn engine is planned to be removed from a future JDK release
Warning: Nashorn engine is planned to be removed from a future JDK release
Warning: Nashorn engine is planned to be removed from a future JDK release
Warning: Nashorn engine is planned to be removed from a future JDK release
Warning: Nashorn engine is planned to be removed from a future JDK release
Warning: Nashorn engine is planned to be removed from a future JDK release
Warning: Nashorn engine is planned to be removed from a future JDK release
Warning: Nashorn engine is planned to be removed from a future JDK release
Warning: Nashorn engine is planned to be removed from a future JDK release
Warning: Nashorn engine is planned to be removed from a future JDK release
Warning: Nashorn engine is planned to be removed from a future JDK release
Warning: Nashorn engine is planned to be removed from a future JDK release
Warning: Nashorn engine is planned to be removed from a future JDK release
Warning: Nashorn engine is planned to be removed from a future JDK release
Warning: Nashorn engine is planned to be removed from a future JDK release
Warning: Nashorn engine is planned to be removed from a future JDK release
Warning: Nashorn engine is planned to be removed from a future JDK release
Warning: Nashorn engine is planned to be removed from a future JDK release
Warning: Nashorn engine is planned to be removed from a future JDK release
Warning: Nashorn engine is planned to be removed from a future JDK release
Warning: Nashorn engine is planned to be removed from a future JDK release
Warning: Nashorn engine is planned to be removed from a future JDK release
Warning: Nashorn engine is planned to be removed from a future JDK release
Warning: Nashorn engine is planned to be removed from a future JDK release
Warning: Nashorn engine is planned to be removed from a future JDK release
Warning: Nashorn engine is planned to be removed from a future JDK release
Warning: Nashorn engine is planned to be removed from a future JDK release
Warning: Nashorn engine is planned to be removed from a future JDK release
Warning: Nashorn engine is planned to be removed from a future JDK release
Warning: Nashorn engine is planned to be removed from a future JDK release
Warning: Nashorn engine is planned to be removed from a future JDK release
Warning: Nashorn engine is planned to be removed from a future JDK release
Warning: Nashorn engine is planned to be removed from a future JDK release
Warning: Nashorn engine is planned to be removed from a future JDK release
Warning: Nashorn engine is planned to be removed from a future JDK release
Warning: Nashorn engine is planned to be removed from a future JDK release
Warning: Nashorn engine is planned to be removed from a future JDK release
Warning: Nashorn engine is planned to be removed from a future JDK release
Warning: Nashorn engine is planned to be removed from a future JDK release
Warning: Nashorn engine is planned to be removed from a future JDK release
Warning: Nashorn engine is planned to be removed from a future JDK release
Warning: Nashorn engine is planned to be removed from a future JDK release
Warning: Nashorn engine is planned to be removed from a future JDK release
Warning: Nashorn engine is planned to be removed from a future JDK release
Warning: Nashorn engine is planned to be removed from a future JDK release
Warning: Nashorn engine is planned to be removed from a future JDK release
Warning: Nashorn engine is planned to be removed from a future JDK release
Warning: Nashorn engine is planned to be removed from a future JDK release
Warning: Nashorn engine is planned to be removed from a future JDK release
Warning: Nashorn engine is planned to be removed from a future JDK release
Warning: Nashorn engine is planned to be removed from a future JDK release
Warning: Nashorn engine is planned to be removed from a future JDK release
Warning: Nashorn engine is planned to be removed from a future JDK release
Warning: Nashorn engine is planned to be removed from a future JDK release
Warning: Nashorn engine is planned to be removed from a future JDK release
Warning: Nashorn engine is planned to be removed from a future JDK release
Warning: Nashorn engine is planned to be removed from a future JDK release
Warning: Nashorn engine is planned to be removed from a future JDK release
Warning: Nashorn engine is planned to be removed from a future JDK release
Warning: Nashorn engine is planned to be removed from a future JDK release
Warning: Nashorn engine is planned to be removed from a future JDK release
Warning: Nashorn engine is planned to be removed from a future JDK release
Warning: Nashorn engine is planned to be removed from a future JDK release
Warning: Nashorn engine is planned to be removed from a future JDK release
Warning: Nashorn engine is planned to be removed from a future JDK release
Warning: Nashorn engine is planned to be removed from a future JDK release
Warning: Nashorn engine is planned to be removed from a future JDK release
Warning: Nashorn engine is planned to be removed from a future JDK release
Warning: Nashorn engine is planned to be removed from a future JDK release
Warning: Nashorn engine is planned to be removed from a future JDK release
Warning: Nashorn engine is planned to be removed from a future JDK release
Warning: Nashorn engine is planned to be removed from a future JDK release
Warning: Nashorn engine is planned to be removed from a future JDK release
Warning: Nashorn engine is planned to be removed from a future JDK release
Warning: Nashorn engine is planned to be removed from a future JDK release
Warning: Nashorn engine is planned to be removed from a future JDK release
Warning: Nashorn engine is planned to be removed from a future JDK release
Warning: Nashorn engine is planned to be removed from a future JDK release
Warning: Nashorn engine is planned to be removed from a future JDK release
Warning: Nashorn engine is planned to be removed from a future JDK release
Warning: Nashorn engine is planned to be removed from a future JDK release
Warning: Nashorn engine is planned to be removed from a future JDK release
Warning: Nashorn engine is planned to be removed from a future JDK release
Warning: Nashorn engine is planned to be removed from a future JDK release
Warning: Nashorn engine is planned to be removed from a future JDK release
Warning: Nashorn engine is planned to be removed from a future JDK release
Warning: Nashorn engine is planned to be removed from a future JDK release
Warning: Nashorn engine is planned to be removed from a future JDK release
Warning: Nashorn engine is planned to be removed from a future JDK release
Warning: Nashorn engine is planned to be removed from a future JDK release
Warning: Nashorn engine is planned to be removed from a future JDK release
Warning: Nashorn engine is planned to be removed from a future JDK release
Warning: Nashorn engine is planned to be removed from a future JDK release
Warning: Nashorn engine is planned to be removed from a future JDK release
Warning: Nashorn engine is planned to be removed from a future JDK release
Warning: Nashorn engine is planned to be removed from a future JDK release
Warning: Nashorn engine is planned to be removed from a future JDK release
Warning: Nashorn engine is planned to be removed from a future JDK release
Warning: Nashorn engine is planned to be removed from a future JDK release
Warning: Nashorn engine is planned to be removed from a future JDK release
Warning: Nashorn engine is planned to be removed from a future JDK release
Warning: Nashorn engine is planned to be removed from a future JDK release
Warning: Nashorn engine is planned to be removed from a future JDK release
Warning: Nashorn engine is planned to be removed from a future JDK release
Warning: Nashorn engine is planned to be removed from a future JDK release
Warning: Nashorn engine is planned to be removed from a future JDK release
Warning: Nashorn engine is planned to be removed from a future JDK release
Warning: Nashorn engine is planned to be removed from a future JDK release
Warning: Nashorn engine is planned to be removed from a future JDK release
Warning: Nashorn engine is planned to be removed from a future JDK release
Warning: Nashorn engine is planned to be removed from a future JDK release
Warning: Nashorn engine is planned to be removed from a future JDK release
Warning: Nashorn engine is planned to be removed from a future JDK release
Warning: Nashorn engine is planned to be removed from a future JDK release
Warning: Nashorn engine is planned to be removed from a future JDK release
Warning: Nashorn engine is planned to be removed from a future JDK release
Warning: Nashorn engine is planned to be removed from a future JDK release
Warning: Nashorn engine is planned to be removed from a future JDK release
Warning: Nashorn engine is planned to be removed from a future JDK release
Warning: Nashorn engine is planned to be removed from a future JDK release
Warning: Nashorn engine is planned to be removed from a future JDK release
Warning: Nashorn engine is planned to be removed from a future JDK release
Warning: Nashorn engine is planned to be removed from a future JDK release
Warning: Nashorn engine is planned to be removed from a future JDK release
Warning: Nashorn engine is planned to be removed from a future JDK release
Warning: Nashorn engine is planned to be removed from a future JDK release
Warning: Nashorn engine is planned to be removed from a future JDK release
Warning: Nashorn engine is planned to be removed from a future JDK release
Warning: Nashorn engine is planned to be removed from a future JDK release
Warning: Nashorn engine is planned to be removed from a future JDK release
Warning: Nashorn engine is planned to be removed from a future JDK release
Warning: Nashorn engine is planned to be removed from a future JDK release
Warning: Nashorn engine is planned to be removed from a future JDK release
Warning: Nashorn engine is planned to be removed from a future JDK release
Warning: Nashorn engine is planned to be removed from a future JDK release
Warning: Nashorn engine is planned to be removed from a future JDK release
Warning: Nashorn engine is planned to be removed from a future JDK release
Warning: Nashorn engine is planned to be removed from a future JDK release
Warning: Nashorn engine is planned to be removed from a future JDK release
Warning: Nashorn engine is planned to be removed from a future JDK release
Warning: Nashorn engine is planned to be removed from a future JDK release
Warning: Nashorn engine is planned to be removed from a future JDK release
Warning: Nashorn engine is planned to be removed from a future JDK release
Warning: Nashorn engine is planned to be removed from a future JDK release
Warning: Nashorn engine is planned to be removed from a future JDK release
Warning: Nashorn engine is planned to be removed from a future JDK release
Warning: Nashorn engine is planned to be removed from a future JDK release
Warning: Nashorn engine is planned to be removed from a future JDK release
Warning: Nashorn engine is planned to be removed from a future JDK release
Warning: Nashorn engine is planned to be removed from a future JDK release
Warning: Nashorn engine is planned to be removed from a future JDK release
Warning: Nashorn engine is planned to be removed from a future JDK release
Warning: Nashorn engine is planned to be removed from a future JDK release
Warning: Nashorn engine is planned to be removed from a future JDK release
Warning: Nashorn engine is planned to be removed from a future JDK release
Warning: Nashorn engine is planned to be removed from a future JDK release
Warning: Nashorn engine is planned to be removed from a future JDK release
Warning: Nashorn engine is planned to be removed from a future JDK release
Warning: Nashorn engine is planned to be removed from a future JDK release
Warning: Nashorn engine is planned to be removed from a future JDK release
Warning: Nashorn engine is planned to be removed from a future JDK release
Warning: Nashorn engine is planned to be removed from a future JDK release
Warning: Nashorn engine is planned to be removed from a future JDK release
Warning: Nashorn engine is planned to be removed from a future JDK release
Warning: Nashorn engine is planned to be removed from a future JDK release
Warning: Nashorn engine is planned to be removed from a future JDK release
Warning: Nashorn engine is planned to be removed from a future JDK release
Warning: Nashorn engine is planned to be removed from a future JDK release
Warning: Nashorn engine is planned to be removed from a future JDK release
Warning: Nashorn engine is planned to be removed from a future JDK release
Warning: Nashorn engine is planned to be removed from a future JDK release
Warning: Nashorn engine is planned to be removed from a future JDK release
Warning: Nashorn engine is planned to be removed from a future JDK release
Warning: Nashorn engine is planned to be removed from a future JDK release
Warning: Nashorn engine is planned to be removed from a future JDK release
Warning: Nashorn engine is planned to be removed from a future JDK release
Warning: Nashorn engine is planned to be removed from a future JDK release
Warning: Nashorn engine is planned to be removed from a future JDK release
Warning: Nashorn engine is planned to be removed from a future JDK release
Warning: Nashorn engine is planned to be removed from a future JDK release
Warning: Nashorn engine is planned to be removed from a future JDK release
Warning: Nashorn engine is planned to be removed from a future JDK release
Warning: Nashorn engine is planned to be removed from a future JDK release
Warning: Nashorn engine is planned to be removed from a future JDK release
Warning: Nashorn engine is planned to be removed from a future JDK release
Warning: Nashorn engine is planned to be removed from a future JDK release
Warning: Nashorn engine is planned to be removed from a future JDK release
Warning: Nashorn engine is planned to be removed from a future JDK release
Warning: Nashorn engine is planned to be removed from a future JDK release
Warning: Nashorn engine is planned to be removed from a future JDK release
Warning: Nashorn engine is planned to be removed from a future JDK release
Warning: Nashorn engine is planned to be removed from a future JDK release
Warning: Nashorn engine is planned to be removed from a future JDK release
Warning: Nashorn engine is planned to be removed from a future JDK release
Warning: Nashorn engine is planned to be removed from a future JDK release
Warning: Nashorn engine is planned to be removed from a future JDK release
Warning: Nashorn engine is planned to be removed from a future JDK release
Warning: Nashorn engine is planned to be removed from a future JDK release
Warning: Nashorn engine is planned to be removed from a future JDK release
Warning: Nashorn engine is planned to be removed from a future JDK release
Warning: Nashorn engine is planned to be removed from a future JDK release
Warning: Nashorn engine is planned to be removed from a future JDK release
Warning: Nashorn engine is planned to be removed from a future JDK release
Warning: Nashorn engine is planned to be removed from a future JDK release
Warning: Nashorn engine is planned to be removed from a future JDK release
Warning: Nashorn engine is planned to be removed from a future JDK release
Warning: Nashorn engine is planned to be removed from a future JDK release
Warning: Nashorn engine is planned to be removed from a future JDK release
Warning: Nashorn engine is planned to be removed from a future JDK release
Warning: Nashorn engine is planned to be removed from a future JDK release
Warning: Nashorn engine is planned to be removed from a future JDK release
Warning: Nashorn engine is planned to be removed from a future JDK release
Warning: Nashorn engine is planned to be removed from a future JDK release
Warning: Nashorn engine is planned to be removed from a future JDK release
Warning: Nashorn engine is planned to be removed from a future JDK release
Warning: Nashorn engine is planned to be removed from a future JDK release
Warning: Nashorn engine is planned to be removed from a future JDK release
Warning: Nashorn engine is planned to be removed from a future JDK release
Warning: Nashorn engine is planned to be removed from a future JDK release
Warning: Nashorn engine is planned to be removed from a future JDK release
Warning: Nashorn engine is planned to be removed from a future JDK release
Warning: Nashorn engine is planned to be removed from a future JDK release
Warning: Nashorn engine is planned to be removed from a future JDK release
Warning: Nashorn engine is planned to be removed from a future JDK release
Warning: Nashorn engine is planned to be removed from a future JDK release
Warning: Nashorn engine is planned to be removed from a future JDK release
Warning: Nashorn engine is planned to be removed from a future JDK release
Warning: Nashorn engine is planned to be removed from a future JDK release
Warning: Nashorn engine is planned to be removed from a future JDK release
Warning: Nashorn engine is planned to be removed from a future JDK release
Warning: Nashorn engine is planned to be removed from a future JDK release
Warning: Nashorn engine is planned to be removed from a future JDK release
Warning: Nashorn engine is planned to be removed from a future JDK release
Warning: Nashorn engine is planned to be removed from a future JDK release
Warning: Nashorn engine is planned to be removed from a future JDK release
Warning: Nashorn engine is planned to be removed from a future JDK release
Warning: Nashorn engine is planned to be removed from a future JDK release
Warning: Nashorn engine is planned to be removed from a future JDK release
Warning: Nashorn engine is planned to be removed from a future JDK release
Warning: Nashorn engine is planned to be removed from a future JDK release
Warning: Nashorn engine is planned to be removed from a future JDK release
Warning: Nashorn engine is planned to be removed from a future JDK release
Warning: Nashorn engine is planned to be removed from a future JDK release
Warning: Nashorn engine is planned to be removed from a future JDK release
Warning: Nashorn engine is planned to be removed from a future JDK release
Warning: Nashorn engine is planned to be removed from a future JDK release
Warning: Nashorn engine is planned to be removed from a future JDK release
Warning: Nashorn engine is planned to be removed from a future JDK release
Warning: Nashorn engine is planned to be removed from a future JDK release
Warning: Nashorn engine is planned to be removed from a future JDK release
Warning: Nashorn engine is planned to be removed from a future JDK release
Warning: Nashorn engine is planned to be removed from a future JDK release
Warning: Nashorn engine is planned to be removed from a future JDK release
Warning: Nashorn engine is planned to be removed from a future JDK release
Warning: Nashorn engine is planned to be removed from a future JDK release
Warning: Nashorn engine is planned to be removed from a future JDK release
Warning: Nashorn engine is planned to be removed from a future JDK release
Warning: Nashorn engine is planned to be removed from a future JDK release
Warning: Nashorn engine is planned to be removed from a future JDK release
Warning: Nashorn engine is planned to be removed from a future JDK release
Warning: Nashorn engine is planned to be removed from a future JDK release
Warning: Nashorn engine is planned to be removed from a future JDK release
Warning: Nashorn engine is planned to be removed from a future JDK release
Warning: Nashorn engine is planned to be removed from a future JDK release
Warning: Nashorn engine is planned to be removed from a future JDK release
Warning: Nashorn engine is planned to be removed from a future JDK release
Warning: Nashorn engine is planned to be removed from a future JDK release
Warning: Nashorn engine is planned to be removed from a future JDK release
Warning: Nashorn engine is planned to be removed from a future JDK release
Warning: Nashorn engine is planned to be removed from a future JDK release
Warning: Nashorn engine is planned to be removed from a future JDK release
Warning: Nashorn engine is planned to be removed from a future JDK release
Warning: Nashorn engine is planned to be removed from a future JDK release
Warning: Nashorn engine is planned to be removed from a future JDK release
Warning: Nashorn engine is planned to be removed from a future JDK release
Warning: Nashorn engine is planned to be removed from a future JDK release
Warning: Nashorn engine is planned to be removed from a future JDK release
Warning: Nashorn engine is planned to be removed from a future JDK release
Warning: Nashorn engine is planned to be removed from a future JDK release
Warning: Nashorn engine is planned to be removed from a future JDK release
Warning: Nashorn engine is planned to be removed from a future JDK release
Warning: Nashorn engine is planned to be removed from a future JDK release
Warning: Nashorn engine is planned to be removed from a future JDK release
Warning: Nashorn engine is planned to be removed from a future JDK release
Warning: Nashorn engine is planned to be removed from a future JDK release
Warning: Nashorn engine is planned to be removed from a future JDK release
Warning: Nashorn engine is planned to be removed from a future JDK release
Warning: Nashorn engine is planned to be removed from a future JDK release
Warning: Nashorn engine is planned to be removed from a future JDK release
Warning: Nashorn engine is planned to be removed from a future JDK release
Warning: Nashorn engine is planned to be removed from a future JDK release
Warning: Nashorn engine is planned to be removed from a future JDK release
Warning: Nashorn engine is planned to be removed from a future JDK release
Warning: Nashorn engine is planned to be removed from a future JDK release
Warning: Nashorn engine is planned to be removed from a future JDK release
Warning: Nashorn engine is planned to be removed from a future JDK release
Warning: Nashorn engine is planned to be removed from a future JDK release
Warning: Nashorn engine is planned to be removed from a future JDK release
Warning: Nashorn engine is planned to be removed from a future JDK release
Warning: Nashorn engine is planned to be removed from a future JDK release
Warning: Nashorn engine is planned to be removed from a future JDK release
Warning: Nashorn engine is planned to be removed from a future JDK release
Warning: Nashorn engine is planned to be removed from a future JDK release
Warning: Nashorn engine is planned to be removed from a future JDK release
Warning: Nashorn engine is planned to be removed from a future JDK release
Warning: Nashorn engine is planned to be removed from a future JDK release
Warning: Nashorn engine is planned to be removed from a future JDK release
Warning: Nashorn engine is planned to be removed from a future JDK release
Warning: Nashorn engine is planned to be removed from a future JDK release
Warning: Nashorn engine is planned to be removed from a future JDK release
Warning: Nashorn engine is planned to be removed from a future JDK release
Warning: Nashorn engine is planned to be removed from a future JDK release
Warning: Nashorn engine is planned to be removed from a future JDK release
Warning: Nashorn engine is planned to be removed from a future JDK release
Warning: Nashorn engine is planned to be removed from a future JDK release
Warning: Nashorn engine is planned to be removed from a future JDK release
Warning: Nashorn engine is planned to be removed from a future JDK release
Warning: Nashorn engine is planned to be removed from a future JDK release
Warning: Nashorn engine is planned to be removed from a future JDK release
Warning: Nashorn engine is planned to be removed from a future JDK release
Warning: Nashorn engine is planned to be removed from a future JDK release
Warning: Nashorn engine is planned to be removed from a future JDK release
Warning: Nashorn engine is planned to be removed from a future JDK release
Warning: Nashorn engine is planned to be removed from a future JDK release
Warning: Nashorn engine is planned to be removed from a future JDK release
Warning: Nashorn engine is planned to be removed from a future JDK release
Warning: Nashorn engine is planned to be removed from a future JDK release
Warning: Nashorn engine is planned to be removed from a future JDK release
Warning: Nashorn engine is planned to be removed from a future JDK release
Warning: Nashorn engine is planned to be removed from a future JDK release
Warning: Nashorn engine is planned to be removed from a future JDK release
Warning: Nashorn engine is planned to be removed from a future JDK release
Warning: Nashorn engine is planned to be removed from a future JDK release
Warning: Nashorn engine is planned to be removed from a future JDK release
Warning: Nashorn engine is planned to be removed from a future JDK release
Warning: Nashorn engine is planned to be removed from a future JDK release
Warning: Nashorn engine is planned to be removed from a future JDK release
Warning: Nashorn engine is planned to be removed from a future JDK release
Warning: Nashorn engine is planned to be removed from a future JDK release
Warning: Nashorn engine is planned to be removed from a future JDK release
Warning: Nashorn engine is planned to be removed from a future JDK release
Warning: Nashorn engine is planned to be removed from a future JDK release
Warning: Nashorn engine is planned to be removed from a future JDK release
Warning: Nashorn engine is planned to be removed from a future JDK release
Warning: Nashorn engine is planned to be removed from a future JDK release
Warning: Nashorn engine is planned to be removed from a future JDK release
Warning: Nashorn engine is planned to be removed from a future JDK release
Warning: Nashorn engine is planned to be removed from a future JDK release
Warning: Nashorn engine is planned to be removed from a future JDK release
Warning: Nashorn engine is planned to be removed from a future JDK release
Warning: Nashorn engine is planned to be removed from a future JDK release
Warning: Nashorn engine is planned to be removed from a future JDK release
Warning: Nashorn engine is planned to be removed from a future JDK release
Warning: Nashorn engine is planned to be removed from a future JDK release
Warning: Nashorn engine is planned to be removed from a future JDK release
Warning: Nashorn engine is planned to be removed from a future JDK release
Warning: Nashorn engine is planned to be removed from a future JDK release
Warning: Nashorn engine is planned to be removed from a future JDK release
Warning: Nashorn engine is planned to be removed from a future JDK release
Warning: Nashorn engine is planned to be removed from a future JDK release
Warning: Nashorn engine is planned to be removed from a future JDK release
Warning: Nashorn engine is planned to be removed from a future JDK release
Warning: Nashorn engine is planned to be removed from a future JDK release
Warning: Nashorn engine is planned to be removed from a future JDK release
Warning: Nashorn engine is planned to be removed from a future JDK release
Warning: Nashorn engine is planned to be removed from a future JDK release
Warning: Nashorn engine is planned to be removed from a future JDK release
Warning: Nashorn engine is planned to be removed from a future JDK release
Warning: Nashorn engine is planned to be removed from a future JDK release
Warning: Nashorn engine is planned to be removed from a future JDK release
Warning: Nashorn engine is planned to be removed from a future JDK release
Warning: Nashorn engine is planned to be removed from a future JDK release
Warning: Nashorn engine is planned to be removed from a future JDK release
Warning: Nashorn engine is planned to be removed from a future JDK release
Warning: Nashorn engine is planned to be removed from a future JDK release
Warning: Nashorn engine is planned to be removed from a future JDK release
Warning: Nashorn engine is planned to be removed from a future JDK release
Warning: Nashorn engine is planned to be removed from a future JDK release
Warning: Nashorn engine is planned to be removed from a future JDK release
Warning: Nashorn engine is planned to be removed from a future JDK release
Warning: Nashorn engine is planned to be removed from a future JDK release
Warning: Nashorn engine is planned to be removed from a future JDK release
Warning: Nashorn engine is planned to be removed from a future JDK release
Warning: Nashorn engine is planned to be removed from a future JDK release
Warning: Nashorn engine is planned to be removed from a future JDK release
Warning: Nashorn engine is planned to be removed from a future JDK release
Warning: Nashorn engine is planned to be removed from a future JDK release
Warning: Nashorn engine is planned to be removed from a future JDK release
Warning: Nashorn engine is planned to be removed from a future JDK release
Warning: Nashorn engine is planned to be removed from a future JDK release
Warning: Nashorn engine is planned to be removed from a future JDK release
Warning: Nashorn engine is planned to be removed from a future JDK release
Warning: Nashorn engine is planned to be removed from a future JDK release
Warning: Nashorn engine is planned to be removed from a future JDK release
Warning: Nashorn engine is planned to be removed from a future JDK release
Warning: Nashorn engine is planned to be removed from a future JDK release
Warning: Nashorn engine is planned to be removed from a future JDK release
Warning: Nashorn engine is planned to be removed from a future JDK release
Warning: Nashorn engine is planned to be removed from a future JDK release
Warning: Nashorn engine is planned to be removed from a future JDK release
Warning: Nashorn engine is planned to be removed from a future JDK release
Warning: Nashorn engine is planned to be removed from a future JDK release
Warning: Nashorn engine is planned to be removed from a future JDK release
Warning: Nashorn engine is planned to be removed from a future JDK release
Warning: Nashorn engine is planned to be removed from a future JDK release
Warning: Nashorn engine is planned to be removed from a future JDK release
Warning: Nashorn engine is planned to be removed from a future JDK release
Warning: Nashorn engine is planned to be removed from a future JDK release
Warning: Nashorn engine is planned to be removed from a future JDK release
Warning: Nashorn engine is planned to be removed from a future JDK release
Warning: Nashorn engine is planned to be removed from a future JDK release
Warning: Nashorn engine is planned to be removed from a future JDK release
Warning: Nashorn engine is planned to be removed from a future JDK release
Warning: Nashorn engine is planned to be removed from a future JDK release
Warning: Nashorn engine is planned to be removed from a future JDK release
Warning: Nashorn engine is planned to be removed from a future JDK release
Warning: Nashorn engine is planned to be removed from a future JDK release
Warning: Nashorn engine is planned to be removed from a future JDK release
Warning: Nashorn engine is planned to be removed from a future JDK release
Warning: Nashorn engine is planned to be removed from a future JDK release
Warning: Nashorn engine is planned to be removed from a future JDK release
Warning: Nashorn engine is planned to be removed from a future JDK release
Warning: Nashorn engine is planned to be removed from a future JDK release
Warning: Nashorn engine is planned to be removed from a future JDK release
Warning: Nashorn engine is planned to be removed from a future JDK release
Warning: Nashorn engine is planned to be removed from a future JDK release
Warning: Nashorn engine is planned to be removed from a future JDK release
Warning: Nashorn engine is planned to be removed from a future JDK release
Warning: Nashorn engine is planned to be removed from a future JDK release
Warning: Nashorn engine is planned to be removed from a future JDK release
Warning: Nashorn engine is planned to be removed from a future JDK release
Warning: Nashorn engine is planned to be removed from a future JDK release
Warning: Nashorn engine is planned to be removed from a future JDK release
Warning: Nashorn engine is planned to be removed from a future JDK release
Warning: Nashorn engine is planned to be removed from a future JDK release
Warning: Nashorn engine is planned to be removed from a future JDK release
Warning: Nashorn engine is planned to be removed from a future JDK release
Warning: Nashorn engine is planned to be removed from a future JDK release
Warning: Nashorn engine is planned to be removed from a future JDK release
Warning: Nashorn engine is planned to be removed from a future JDK release
Warning: Nashorn engine is planned to be removed from a future JDK release
Warning: Nashorn engine is planned to be removed from a future JDK release
Warning: Nashorn engine is planned to be removed from a future JDK release
Warning: Nashorn engine is planned to be removed from a future JDK release
Warning: Nashorn engine is planned to be removed from a future JDK release
Warning: Nashorn engine is planned to be removed from a future JDK release
Warning: Nashorn engine is planned to be removed from a future JDK release
Warning: Nashorn engine is planned to be removed from a future JDK release
Warning: Nashorn engine is planned to be removed from a future JDK release
Warning: Nashorn engine is planned to be removed from a future JDK release
Warning: Nashorn engine is planned to be removed from a future JDK release
Warning: Nashorn engine is planned to be removed from a future JDK release
Warning: Nashorn engine is planned to be removed from a future JDK release
Warning: Nashorn engine is planned to be removed from a future JDK release
Warning: Nashorn engine is planned to be removed from a future JDK release
Warning: Nashorn engine is planned to be removed from a future JDK release
Warning: Nashorn engine is planned to be removed from a future JDK release
Warning: Nashorn engine is planned to be removed from a future JDK release
Warning: Nashorn engine is planned to be removed from a future JDK release
Warning: Nashorn engine is planned to be removed from a future JDK release
Warning: Nashorn engine is planned to be removed from a future JDK release
Warning: Nashorn engine is planned to be removed from a future JDK release
Warning: Nashorn engine is planned to be removed from a future JDK release
Warning: Nashorn engine is planned to be removed from a future JDK release
Warning: Nashorn engine is planned to be removed from a future JDK release
Warning: Nashorn engine is planned to be removed from a future JDK release
Warning: Nashorn engine is planned to be removed from a future JDK release
Warning: Nashorn engine is planned to be removed from a future JDK release
Warning: Nashorn engine is planned to be removed from a future JDK release
Warning: Nashorn engine is planned to be removed from a future JDK release
Warning: Nashorn engine is planned to be removed from a future JDK release
Warning: Nashorn engine is planned to be removed from a future JDK release
Warning: Nashorn engine is planned to be removed from a future JDK release
Warning: Nashorn engine is planned to be removed from a future JDK release
Warning: Nashorn engine is planned to be removed from a future JDK release
Warning: Nashorn engine is planned to be removed from a future JDK release
Warning: Nashorn engine is planned to be removed from a future JDK release
Warning: Nashorn engine is planned to be removed from a future JDK release
Warning: Nashorn engine is planned to be removed from a future JDK release
Warning: Nashorn engine is planned to be removed from a future JDK release
Warning: Nashorn engine is planned to be removed from a future JDK release
Warning: Nashorn engine is planned to be removed from a future JDK release
Warning: Nashorn engine is planned to be removed from a future JDK release
Warning: Nashorn engine is planned to be removed from a future JDK release
Warning: Nashorn engine is planned to be removed from a future JDK release
Warning: Nashorn engine is planned to be removed from a future JDK release
Warning: Nashorn engine is planned to be removed from a future JDK release
Warning: Nashorn engine is planned to be removed from a future JDK release
Warning: Nashorn engine is planned to be removed from a future JDK release
Warning: Nashorn engine is planned to be removed from a future JDK release
Warning: Nashorn engine is planned to be removed from a future JDK release
Warning: Nashorn engine is planned to be removed from a future JDK release
Warning: Nashorn engine is planned to be removed from a future JDK release
Warning: Nashorn engine is planned to be removed from a future JDK release
Warning: Nashorn engine is planned to be removed from a future JDK release
Warning: Nashorn engine is planned to be removed from a future JDK release
Warning: Nashorn engine is planned to be removed from a future JDK release
Warning: Nashorn engine is planned to be removed from a future JDK release
Warning: Nashorn engine is planned to be removed from a future JDK release
Warning: Nashorn engine is planned to be removed from a future JDK release
Warning: Nashorn engine is planned to be removed from a future JDK release
Warning: Nashorn engine is planned to be removed from a future JDK release
Warning: Nashorn engine is planned to be removed from a future JDK release
Warning: Nashorn engine is planned to be removed from a future JDK release
Warning: Nashorn engine is planned to be removed from a future JDK release
Warning: Nashorn engine is planned to be removed from a future JDK release
Warning: Nashorn engine is planned to be removed from a future JDK release
Warning: Nashorn engine is planned to be removed from a future JDK release
Warning: Nashorn engine is planned to be removed from a future JDK release
Warning: Nashorn engine is planned to be removed from a future JDK release
Warning: Nashorn engine is planned to be removed from a future JDK release
Warning: Nashorn engine is planned to be removed from a future JDK release
Warning: Nashorn engine is planned to be removed from a future JDK release
Warning: Nashorn engine is planned to be removed from a future JDK release
Warning: Nashorn engine is planned to be removed from a future JDK release
Warning: Nashorn engine is planned to be removed from a future JDK release
Warning: Nashorn engine is planned to be removed from a future JDK release
Warning: Nashorn engine is planned to be removed from a future JDK release
Warning: Nashorn engine is planned to be removed from a future JDK release
Warning: Nashorn engine is planned to be removed from a future JDK release
Warning: Nashorn engine is planned to be removed from a future JDK release
Warning: Nashorn engine is planned to be removed from a future JDK release
Warning: Nashorn engine is planned to be removed from a future JDK release
Warning: Nashorn engine is planned to be removed from a future JDK release
Warning: Nashorn engine is planned to be removed from a future JDK release
Warning: Nashorn engine is planned to be removed from a future JDK release
Warning: Nashorn engine is planned to be removed from a future JDK release
Warning: Nashorn engine is planned to be removed from a future JDK release
Warning: Nashorn engine is planned to be removed from a future JDK release
Warning: Nashorn engine is planned to be removed from a future JDK release
Warning: Nashorn engine is planned to be removed from a future JDK release
Warning: Nashorn engine is planned to be removed from a future JDK release
Warning: Nashorn engine is planned to be removed from a future JDK release
Warning: Nashorn engine is planned to be removed from a future JDK release
Warning: Nashorn engine is planned to be removed from a future JDK release
Warning: Nashorn engine is planned to be removed from a future JDK release
Warning: Nashorn engine is planned to be removed from a future JDK release
Warning: Nashorn engine is planned to be removed from a future JDK release
Warning: Nashorn engine is planned to be removed from a future JDK release
Warning: Nashorn engine is planned to be removed from a future JDK release
Warning: Nashorn engine is planned to be removed from a future JDK release
Warning: Nashorn engine is planned to be removed from a future JDK release
Warning: Nashorn engine is planned to be removed from a future JDK release
Warning: Nashorn engine is planned to be removed from a future JDK release
Warning: Nashorn engine is planned to be removed from a future JDK release
Warning: Nashorn engine is planned to be removed from a future JDK release
Warning: Nashorn engine is planned to be removed from a future JDK release
Warning: Nashorn engine is planned to be removed from a future JDK release
Warning: Nashorn engine is planned to be removed from a future JDK release
Warning: Nashorn engine is planned to be removed from a future JDK release
Warning: Nashorn engine is planned to be removed from a future JDK release
Warning: Nashorn engine is planned to be removed from a future JDK release
Warning: Nashorn engine is planned to be removed from a future JDK release
Warning: Nashorn engine is planned to be removed from a future JDK release
Warning: Nashorn engine is planned to be removed from a future JDK release
Warning: Nashorn engine is planned to be removed from a future JDK release
Warning: Nashorn engine is planned to be removed from a future JDK release
Warning: Nashorn engine is planned to be removed from a future JDK release
Warning: Nashorn engine is planned to be removed from a future JDK release
Warning: Nashorn engine is planned to be removed from a future JDK release
Warning: Nashorn engine is planned to be removed from a future JDK release
Warning: Nashorn engine is planned to be removed from a future JDK release
Warning: Nashorn engine is planned to be removed from a future JDK release
Warning: Nashorn engine is planned to be removed from a future JDK release
Warning: Nashorn engine is planned to be removed from a future JDK release
Warning: Nashorn engine is planned to be removed from a future JDK release
Warning: Nashorn engine is planned to be removed from a future JDK release
Warning: Nashorn engine is planned to be removed from a future JDK release
Warning: Nashorn engine is planned to be removed from a future JDK release
Warning: Nashorn engine is planned to be removed from a future JDK release
Warning: Nashorn engine is planned to be removed from a future JDK release
Warning: Nashorn engine is planned to be removed from a future JDK release
Warning: Nashorn engine is planned to be removed from a future JDK release
Warning: Nashorn engine is planned to be removed from a future JDK release
Warning: Nashorn engine is planned to be removed from a future JDK release
Warning: Nashorn engine is planned to be removed from a future JDK release
Warning: Nashorn engine is planned to be removed from a future JDK release
Warning: Nashorn engine is planned to be removed from a future JDK release
Warning: Nashorn engine is planned to be removed from a future JDK release
Warning: Nashorn engine is planned to be removed from a future JDK release
Warning: Nashorn engine is planned to be removed from a future JDK release
Warning: Nashorn engine is planned to be removed from a future JDK release
Warning: Nashorn engine is planned to be removed from a future JDK release
Warning: Nashorn engine is planned to be removed from a future JDK release
Warning: Nashorn engine is planned to be removed from a future JDK release
Warning: Nashorn engine is planned to be removed from a future JDK release
Warning: Nashorn engine is planned to be removed from a future JDK release
Warning: Nashorn engine is planned to be removed from a future JDK release
Warning: Nashorn engine is planned to be removed from a future JDK release
Warning: Nashorn engine is planned to be removed from a future JDK release
Warning: Nashorn engine is planned to be removed from a future JDK release
Warning: Nashorn engine is planned to be removed from a future JDK release
Warning: Nashorn engine is planned to be removed from a future JDK release
Warning: Nashorn engine is planned to be removed from a future JDK release
Warning: Nashorn engine is planned to be removed from a future JDK release
Warning: Nashorn engine is planned to be removed from a future JDK release
Warning: Nashorn engine is planned to be removed from a future JDK release
Warning: Nashorn engine is planned to be removed from a future JDK release
Warning: Nashorn engine is planned to be removed from a future JDK release
Warning: Nashorn engine is planned to be removed from a future JDK release
Warning: Nashorn engine is planned to be removed from a future JDK release
Warning: Nashorn engine is planned to be removed from a future JDK release
Warning: Nashorn engine is planned to be removed from a future JDK release
Warning: Nashorn engine is planned to be removed from a future JDK release
Warning: Nashorn engine is planned to be removed from a future JDK release
Warning: Nashorn engine is planned to be removed from a future JDK release
Warning: Nashorn engine is planned to be removed from a future JDK release
Warning: Nashorn engine is planned to be removed from a future JDK release
Warning: Nashorn engine is planned to be removed from a future JDK release
Warning: Nashorn engine is planned to be removed from a future JDK release
Warning: Nashorn engine is planned to be removed from a future JDK release
Warning: Nashorn engine is planned to be removed from a future JDK release
Warning: Nashorn engine is planned to be removed from a future JDK release
Warning: Nashorn engine is planned to be removed from a future JDK release
Warning: Nashorn engine is planned to be removed from a future JDK release
Warning: Nashorn engine is planned to be removed from a future JDK release
Warning: Nashorn engine is planned to be removed from a future JDK release
Warning: Nashorn engine is planned to be removed from a future JDK release
Warning: Nashorn engine is planned to be removed from a future JDK release
Warning: Nashorn engine is planned to be removed from a future JDK release
Warning: Nashorn engine is planned to be removed from a future JDK release
Warning: Nashorn engine is planned to be removed from a future JDK release
Warning: Nashorn engine is planned to be removed from a future JDK release
Warning: Nashorn engine is planned to be removed from a future JDK release
Warning: Nashorn engine is planned to be removed from a future JDK release
Warning: Nashorn engine is planned to be removed from a future JDK release
Warning: Nashorn engine is planned to be removed from a future JDK release
Warning: Nashorn engine is planned to be removed from a future JDK release
Warning: Nashorn engine is planned to be removed from a future JDK release
Warning: Nashorn engine is planned to be removed from a future JDK release
Warning: Nashorn engine is planned to be removed from a future JDK release
Warning: Nashorn engine is planned to be removed from a future JDK release
Warning: Nashorn engine is planned to be removed from a future JDK release
Warning: Nashorn engine is planned to be removed from a future JDK release
Warning: Nashorn engine is planned to be removed from a future JDK release
Warning: Nashorn engine is planned to be removed from a future JDK release
Warning: Nashorn engine is planned to be removed from a future JDK release
Warning: Nashorn engine is planned to be removed from a future JDK release
Warning: Nashorn engine is planned to be removed from a future JDK release
Warning: Nashorn engine is planned to be removed from a future JDK release
Warning: Nashorn engine is planned to be removed from a future JDK release
Warning: Nashorn engine is planned to be removed from a future JDK release
Warning: Nashorn engine is planned to be removed from a future JDK release
Warning: Nashorn engine is planned to be removed from a future JDK release
Warning: Nashorn engine is planned to be removed from a future JDK release
Warning: Nashorn engine is planned to be removed from a future JDK release
Warning: Nashorn engine is planned to be removed from a future JDK release
Warning: Nashorn engine is planned to be removed from a future JDK release
Warning: Nashorn engine is planned to be removed from a future JDK release
Warning: Nashorn engine is planned to be removed from a future JDK release
Warning: Nashorn engine is planned to be removed from a future JDK release
Warning: Nashorn engine is planned to be removed from a future JDK release
Warning: Nashorn engine is planned to be removed from a future JDK release
Warning: Nashorn engine is planned to be removed from a future JDK release
Warning: Nashorn engine is planned to be removed from a future JDK release
Warning: Nashorn engine is planned to be removed from a future JDK release
Warning: Nashorn engine is planned to be removed from a future JDK release
Warning: Nashorn engine is planned to be removed from a future JDK release
Warning: Nashorn engine is planned to be removed from a future JDK release
Warning: Nashorn engine is planned to be removed from a future JDK release
Warning: Nashorn engine is planned to be removed from a future JDK release
Warning: Nashorn engine is planned to be removed from a future JDK release
Warning: Nashorn engine is planned to be removed from a future JDK release
Warning: Nashorn engine is planned to be removed from a future JDK release
Warning: Nashorn engine is planned to be removed from a future JDK release
Warning: Nashorn engine is planned to be removed from a future JDK release
Warning: Nashorn engine is planned to be removed from a future JDK release
Warning: Nashorn engine is planned to be removed from a future JDK release
Warning: Nashorn engine is planned to be removed from a future JDK release
Warning: Nashorn engine is planned to be removed from a future JDK release
Warning: Nashorn engine is planned to be removed from a future JDK release
Warning: Nashorn engine is planned to be removed from a future JDK release
Warning: Nashorn engine is planned to be removed from a future JDK release
Warning: Nashorn engine is planned to be removed from a future JDK release
Warning: Nashorn engine is planned to be removed from a future JDK release
Warning: Nashorn engine is planned to be removed from a future JDK release
Warning: Nashorn engine is planned to be removed from a future JDK release
Warning: Nashorn engine is planned to be removed from a future JDK release
Warning: Nashorn engine is planned to be removed from a future JDK release
Warning: Nashorn engine is planned to be removed from a future JDK release
Warning: Nashorn engine is planned to be removed from a future JDK release
Warning: Nashorn engine is planned to be removed from a future JDK release
Warning: Nashorn engine is planned to be removed from a future JDK release
Warning: Nashorn engine is planned to be removed from a future JDK release
Warning: Nashorn engine is planned to be removed from a future JDK release
Warning: Nashorn engine is planned to be removed from a future JDK release
Warning: Nashorn engine is planned to be removed from a future JDK release
Warning: Nashorn engine is planned to be removed from a future JDK release
Warning: Nashorn engine is planned to be removed from a future JDK release
Warning: Nashorn engine is planned to be removed from a future JDK release
Warning: Nashorn engine is planned to be removed from a future JDK release
Warning: Nashorn engine is planned to be removed from a future JDK release
Warning: Nashorn engine is planned to be removed from a future JDK release
Warning: Nashorn engine is planned to be removed from a future JDK release
Warning: Nashorn engine is planned to be removed from a future JDK release
Warning: Nashorn engine is planned to be removed from a future JDK release
Warning: Nashorn engine is planned to be removed from a future JDK release
Warning: Nashorn engine is planned to be removed from a future JDK release
Warning: Nashorn engine is planned to be removed from a future JDK release
Warning: Nashorn engine is planned to be removed from a future JDK release
Warning: Nashorn engine is planned to be removed from a future JDK release
Warning: Nashorn engine is planned to be removed from a future JDK release
Warning: Nashorn engine is planned to be removed from a future JDK release
Warning: Nashorn engine is planned to be removed from a future JDK release
Warning: Nashorn engine is planned to be removed from a future JDK release
Warning: Nashorn engine is planned to be removed from a future JDK release
Warning: Nashorn engine is planned to be removed from a future JDK release
Warning: Nashorn engine is planned to be removed from a future JDK release
Warning: Nashorn engine is planned to be removed from a future JDK release
Warning: Nashorn engine is planned to be removed from a future JDK release
Warning: Nashorn engine is planned to be removed from a future JDK release
Warning: Nashorn engine is planned to be removed from a future JDK release
Warning: Nashorn engine is planned to be removed from a future JDK release
Warning: Nashorn engine is planned to be removed from a future JDK release
Warning: Nashorn engine is planned to be removed from a future JDK release
Warning: Nashorn engine is planned to be removed from a future JDK release
Warning: Nashorn engine is planned to be removed from a future JDK release
Warning: Nashorn engine is planned to be removed from a future JDK release
Warning: Nashorn engine is planned to be removed from a future JDK release
Warning: Nashorn engine is planned to be removed from a future JDK release
Warning: Nashorn engine is planned to be removed from a future JDK release
Warning: Nashorn engine is planned to be removed from a future JDK release
Warning: Nashorn engine is planned to be removed from a future JDK release
Warning: Nashorn engine is planned to be removed from a future JDK release
Warning: Nashorn engine is planned to be removed from a future JDK release
Warning: Nashorn engine is planned to be removed from a future JDK release
Warning: Nashorn engine is planned to be removed from a future JDK release
Warning: Nashorn engine is planned to be removed from a future JDK release
Warning: Nashorn engine is planned to be removed from a future JDK release
Warning: Nashorn engine is planned to be removed from a future JDK release
Warning: Nashorn engine is planned to be removed from a future JDK release
Warning: Nashorn engine is planned to be removed from a future JDK release
Warning: Nashorn engine is planned to be removed from a future JDK release
Warning: Nashorn engine is planned to be removed from a future JDK release
Warning: Nashorn engine is planned to be removed from a future JDK release
Warning: Nashorn engine is planned to be removed from a future JDK release
Warning: Nashorn engine is planned to be removed from a future JDK release
Warning: Nashorn engine is planned to be removed from a future JDK release
Warning: Nashorn engine is planned to be removed from a future JDK release
Warning: Nashorn engine is planned to be removed from a future JDK release
Warning: Nashorn engine is planned to be removed from a future JDK release
Warning: Nashorn engine is planned to be removed from a future JDK release
Warning: Nashorn engine is planned to be removed from a future JDK release
Warning: Nashorn engine is planned to be removed from a future JDK release
Warning: Nashorn engine is planned to be removed from a future JDK release
Warning: Nashorn engine is planned to be removed from a future JDK release
Warning: Nashorn engine is planned to be removed from a future JDK release
Warning: Nashorn engine is planned to be removed from a future JDK release
Warning: Nashorn engine is planned to be removed from a future JDK release
Warning: Nashorn engine is planned to be removed from a future JDK release
Warning: Nashorn engine is planned to be removed from a future JDK release
Warning: Nashorn engine is planned to be removed from a future JDK release
Warning: Nashorn engine is planned to be removed from a future JDK release
Loading accessor failed: AudioCapture.js
ptolemy.kernel.util.IllegalActionException: Error evaluating expression:
// Copyright (c) 2015-2017 The Regents of the University of California.
...
  in .configuration.actor library.Accessors.audio.AudioCapture.script
Because:
Failed to evaluate script.
  in .configuration.actor library.Accessors.audio.AudioCapture
Because:
Error: Error executing module audio line #undefined : ptolemy.actor.lib.jjs.modules.audio.AudioHelper
In file: /home/travis/build/icyphy/ptII/ptolemy/actor/lib/jjs/modules/audio/audio.js

java.lang.ClassNotFoundException: ptolemy.actor.lib.jjs.modules.audio.AudioHelper
	at java.base/jdk.internal.loader.BuiltinClassLoader.loadClass(BuiltinClassLoader.java:583)
	at java.base/jdk.internal.loader.ClassLoaders$AppClassLoader.loadClass(ClassLoaders.java:178)
	at java.base/java.lang.ClassLoader.loadClass(ClassLoader.java:521)
	at java.base/java.lang.Class.forName0(Native Method)
	at java.base/java.lang.Class.forName(Class.java:398)
	at jdk.scripting.nashorn/jdk.nashorn.internal.runtime.Context.findClass(Context.java:1180)
	at jdk.scripting.nashorn/jdk.nashorn.internal.objects.NativeJava.simpleType(NativeJava.java:546)
	at jdk.scripting.nashorn/jdk.nashorn.internal.objects.NativeJava.type(NativeJava.java:326)
	at jdk.scripting.nashorn/jdk.nashorn.internal.objects.NativeJava.type(NativeJava.java:318)
	at jdk.scripting.nashorn/jdk.nashorn.internal.objects.NativeJava.type(NativeJava.java:314)
	at jdk.scripting.nashorn.scripts/jdk.nashorn.internal.scripts.Script$Recompilation$83105$require.L:1(/home/travis/build/icyphy/ptII/ptolemy/actor/lib/jjs/external/require.js#409:30<eval>:48)
	at jdk.scripting.nashorn.scripts/jdk.nashorn.internal.scripts.Script$Recompilation$83015$require.L:45#_require(/home/travis/build/icyphy/ptII/ptolemy/actor/lib/jjs/external/require.js:429)
	at jdk.scripting.nashorn.scripts/jdk.nashorn.internal.scripts.Script$Recompilation$83019$21065A$require.L:45#_requireClosure#L:466(/home/travis/build/icyphy/ptII/ptolemy/actor/lib/jjs/external/require.js:467)
	at jdk.scripting.nashorn.scripts/jdk.nashorn.internal.scripts.Script$Recompilation$83093$1AAAAAAAAAAAAAA$\^function\_.L:1(<function>:97)
	at jdk.scripting.nashorn.scripts/jdk.nashorn.internal.scripts.Script$Recompilation$83092$17933AAAAAA$require$cu1$restOf.L:1#Accessor(/home/travis/build/icyphy/ptII/ptolemy/actor/lib/jjs/external/require.js#409:30<eval>:545)
	at jdk.scripting.nashorn.scripts/jdk.nashorn.internal.scripts.Script$Recompilation$83078$2801AAA$\^eval\_.evaluateCode(<eval>:96)
	at jdk.scripting.nashorn/jdk.nashorn.internal.runtime.ScriptFunctionData.invoke(ScriptFunctionData.java:661)
	at jdk.scripting.nashorn/jdk.nashorn.internal.runtime.ScriptFunction.invoke(ScriptFunction.java:513)
	at jdk.scripting.nashorn/jdk.nashorn.internal.runtime.ScriptRuntime.apply(ScriptRuntime.java:527)
	at jdk.scripting.nashorn/jdk.nashorn.api.scripting.ScriptObjectMirror.callMember(ScriptObjectMirror.java:202)
	at jdk.scripting.nashorn/jdk.nashorn.api.scripting.NashornScriptEngine.invokeImpl(NashornScriptEngine.java:393)
	at jdk.scripting.nashorn/jdk.nashorn.api.scripting.NashornScriptEngine.invokeFunction(NashornScriptEngine.java:197)
	at ptolemy.actor.lib.jjs.JavaScript._createEngineAndEvaluateSetup(JavaScript.java:2493)
	at ptolemy.actor.lib.jjs.JavaScript.attributeChanged(JavaScript.java:548)
	at org.terraswarm.accessor.JSAccessor.attributeChanged(JSAccessor.java:312)
	at ptolemy.data.expr.Variable._setTokenAndNotify(Variable.java:2271)
	at ptolemy.data.expr.Variable._evaluate(Variable.java:1873)
	at ptolemy.data.expr.Variable._propagate(Variable.java:1984)
	at ptolemy.data.expr.Variable.validate(Variable.java:1596)
	at ptolemy.moml.MoMLParser.endDocument(MoMLParser.java:867)
	at com.microstar.xml.XmlParser.doParse(XmlParser.java:162)
	at com.microstar.xml.XmlParser.parse(XmlParser.java:132)
	at ptolemy.moml.MoMLParser.parse(MoMLParser.java:1676)
	at ptolemy.moml.MoMLParser.parse(MoMLParser.java:1617)
	at ptolemy.moml.MoMLParser.parse(MoMLParser.java:1792)
	at org.terraswarm.accessor.AccessorLibrary.populate(AccessorLibrary.java:194)
	at ptolemy.moml.EntityLibrary.classDefinitionList(EntityLibrary.java:307)
	at ptolemy.kernel.CompositeEntity._description(CompositeEntity.java:2292)
	at ptolemy.kernel.CompositeEntity._description(CompositeEntity.java:2307)
	at ptolemy.kernel.CompositeEntity._description(CompositeEntity.java:2307)
	at ptolemy.kernel.CompositeEntity._description(CompositeEntity.java:2307)
	at ptolemy.kernel.util.NamedObj.description(NamedObj.java:731)
	at ptolemy.kernel.util.NamedObj.description(NamedObj.java:715)
	at java.base/jdk.internal.reflect.NativeMethodAccessorImpl.invoke0(Native Method)
	at java.base/jdk.internal.reflect.NativeMethodAccessorImpl.invoke(NativeMethodAccessorImpl.java:62)
	at java.base/jdk.internal.reflect.DelegatingMethodAccessorImpl.invoke(DelegatingMethodAccessorImpl.java:43)
	at java.base/java.lang.reflect.Method.invoke(Method.java:566)
	at tcl.lang.reflect.PkgInvoker.invokeMethod(PkgInvoker.java:129)
	at tcl.lang.JavaInvoke.call(JavaInvoke.java:253)
	at tcl.lang.JavaInvoke.callMethod(JavaInvoke.java:116)
	at tcl.lang.ReflectObject.cmdProc(ReflectObject.java:727)
	at tcl.lang.Parser.evalObjv(Parser.java:740)
	at tcl.lang.Parser.eval2(Parser.java:1138)
	at tcl.lang.Parser.evalTokens(Parser.java:930)
	at tcl.lang.Parser.eval2(Parser.java:1125)
	at tcl.lang.Parser.evalTokens(Parser.java:930)
	at tcl.lang.Parser.eval2(Parser.java:1125)
	at tcl.lang.Interp.eval(Interp.java:1782)
	at tcl.lang.Interp.eval(Interp.java:1841)
	at tcl.lang.UplevelCmd.cmdProc(UplevelCmd.java:93)
	at tcl.lang.Parser.evalObjv(Parser.java:740)
	at tcl.lang.Parser.eval2(Parser.java:1138)
	at tcl.lang.Interp.eval(Interp.java:1782)
	at tcl.lang.Interp.eval(Interp.java:1841)
	at tcl.lang.CatchCmd.cmdProc(CatchCmd.java:42)
	at tcl.lang.Parser.evalObjv(Parser.java:740)
	at tcl.lang.Parser.eval2(Parser.java:1138)
	at tcl.lang.Parser.evalTokens(Parser.java:930)
	at tcl.lang.Parser.eval2(Parser.java:1125)
	at tcl.lang.Procedure.cmdProc(Procedure.java:175)
	at tcl.lang.Parser.evalObjv(Parser.java:740)
	at tcl.lang.Parser.eval2(Parser.java:1138)
	at tcl.lang.Interp.eval(Interp.java:1782)
	at tcl.lang.Interp.eval(Interp.java:1841)
	at tcl.lang.ForeachCmd.cmdProc(ForeachCmd.java:116)
	at tcl.lang.AutoloadStub.cmdProc(Extension.java:144)
	at tcl.lang.Parser.evalObjv(Parser.java:740)
	at tcl.lang.Parser.eval2(Parser.java:1138)
	at tcl.lang.Interp.eval(Interp.java:1782)
	at tcl.lang.Interp.evalFile(Interp.java:1880)
	at java.base/jdk.internal.reflect.NativeMethodAccessorImpl.invoke0(Native Method)
	at java.base/jdk.internal.reflect.NativeMethodAccessorImpl.invoke(NativeMethodAccessorImpl.java:62)
	at java.base/jdk.internal.reflect.DelegatingMethodAccessorImpl.invoke(DelegatingMethodAccessorImpl.java:43)
	at java.base/java.lang.reflect.Method.invoke(Method.java:566)
	at ptolemy.util.test.junit.TclTests.RunTclFile(TclTests.java:233)
	at java.base/jdk.internal.reflect.NativeMethodAccessorImpl.invoke0(Native Method)
	at java.base/jdk.internal.reflect.NativeMethodAccessorImpl.invoke(NativeMethodAccessorImpl.java:62)
	at java.base/jdk.internal.reflect.DelegatingMethodAccessorImpl.invoke(DelegatingMethodAccessorImpl.java:43)
	at java.base/java.lang.reflect.Method.invoke(Method.java:566)
	at org.junit.runners.model.FrameworkMethod$1.runReflectiveCall(FrameworkMethod.java:44)
	at org.junit.internal.runners.model.ReflectiveCallable.run(ReflectiveCallable.java:15)
	at org.junit.runners.model.FrameworkMethod.invokeExplosively(FrameworkMethod.java:41)
	at junitparams.internal.InvokeParameterisedMethod.evaluate(InvokeParameterisedMethod.java:102)
	at junitparams.internal.ParameterisedTestMethodRunner.runMethodInvoker(ParameterisedTestMethodRunner.java:47)
	at junitparams.internal.ParameterisedTestMethodRunner.runTestMethod(ParameterisedTestMethodRunner.java:41)
	at junitparams.internal.ParameterisedTestClassRunner.runParameterisedTest(ParameterisedTestClassRunner.java:143)
	at junitparams.JUnitParamsRunner.runChild(JUnitParamsRunner.java:237)
	at junitparams.JUnitParamsRunner.runChild(JUnitParamsRunner.java:215)
	at org.junit.runners.ParentRunner$3.run(ParentRunner.java:193)
	at org.junit.runners.ParentRunner$1.schedule(ParentRunner.java:52)
	at org.junit.runners.ParentRunner.runChildren(ParentRunner.java:191)
	at org.junit.runners.ParentRunner.access$000(ParentRunner.java:42)
	at org.junit.runners.ParentRunner$2.evaluate(ParentRunner.java:184)
	at org.junit.internal.runners.statements.RunAfters.evaluate(RunAfters.java:31)
	at org.junit.runners.ParentRunner.run(ParentRunner.java:236)
	at org.junit.runners.Suite.runChild(Suite.java:128)
	at org.junit.runners.Suite.runChild(Suite.java:24)
	at org.junit.runners.ParentRunner$3.run(ParentRunner.java:193)
	at org.junit.runners.ParentRunner$1.schedule(ParentRunner.java:52)
	at org.junit.runners.ParentRunner.runChildren(ParentRunner.java:191)
	at org.junit.runners.ParentRunner.access$000(ParentRunner.java:42)
	at org.junit.runners.ParentRunner$2.evaluate(ParentRunner.java:184)
	at org.junit.runners.ParentRunner.run(ParentRunner.java:236)
	at junit.framework.JUnit4TestAdapter.run(JUnit4TestAdapter.java:39)
	at org.apache.tools.ant.taskdefs.optional.junit.JUnitTestRunner.run(JUnitTestRunner.java:535)
	at org.apache.tools.ant.taskdefs.optional.junit.JUnitTestRunner.launch(JUnitTestRunner.java:1182)
	at org.apache.tools.ant.taskdefs.optional.junit.JUnitTestRunner.main(JUnitTestRunner.java:1033)
 in /home/travis/build/icyphy/ptII/ptolemy/actor/lib/jjs/external/require.js at line number 454 at column number 12
  in .configuration.actor library.Accessors.audio.AudioCapture.script
Because:
Error evaluating expression:
// Copyright (c) 2015-2017 The Regents of the University of California.
...
  in .configuration.actor library.Accessors.audio.AudioCapture.script
Because:
Failed to evaluate script.
  in .configuration.actor library.Accessors.audio.AudioCapture
Because:
Error: Error executing module audio line #undefined : ptolemy.actor.lib.jjs.modules.audio.AudioHelper
In file: /home/travis/build/icyphy/ptII/ptolemy/actor/lib/jjs/modules/audio/audio.js

java.lang.ClassNotFoundException: ptolemy.actor.lib.jjs.modules.audio.AudioHelper
	at java.base/jdk.internal.loader.BuiltinClassLoader.loadClass(BuiltinClassLoader.java:583)
	at java.base/jdk.internal.loader.ClassLoaders$AppClassLoader.loadClass(ClassLoaders.java:178)
	at java.base/java.lang.ClassLoader.loadClass(ClassLoader.java:521)
	at java.base/java.lang.Class.forName0(Native Method)
	at java.base/java.lang.Class.forName(Class.java:398)
	at jdk.scripting.nashorn/jdk.nashorn.internal.runtime.Context.findClass(Context.java:1180)
	at jdk.scripting.nashorn/jdk.nashorn.internal.objects.NativeJava.simpleType(NativeJava.java:546)
	at jdk.scripting.nashorn/jdk.nashorn.internal.objects.NativeJava.type(NativeJava.java:326)
	at jdk.scripting.nashorn/jdk.nashorn.internal.objects.NativeJava.type(NativeJava.java:318)
	at jdk.scripting.nashorn/jdk.nashorn.internal.objects.NativeJava.type(NativeJava.java:314)
	at jdk.scripting.nashorn.scripts/jdk.nashorn.internal.scripts.Script$Recompilation$83105$require.L:1(/home/travis/build/icyphy/ptII/ptolemy/actor/lib/jjs/external/require.js#409:30<eval>:48)
	at jdk.scripting.nashorn.scripts/jdk.nashorn.internal.scripts.Script$Recompilation$83015$require.L:45#_require(/home/travis/build/icyphy/ptII/ptolemy/actor/lib/jjs/external/require.js:429)
	at jdk.scripting.nashorn.scripts/jdk.nashorn.internal.scripts.Script$Recompilation$83019$21065A$require.L:45#_requireClosure#L:466(/home/travis/build/icyphy/ptII/ptolemy/actor/lib/jjs/external/require.js:467)
	at jdk.scripting.nashorn.scripts/jdk.nashorn.internal.scripts.Script$Recompilation$83093$1AAAAAAAAAAAAAA$\^function\_.L:1(<function>:97)
	at jdk.scripting.nashorn.scripts/jdk.nashorn.internal.scripts.Script$Recompilation$83092$17933AAAAAA$require$cu1$restOf.L:1#Accessor(/home/travis/build/icyphy/ptII/ptolemy/actor/lib/jjs/external/require.js#409:30<eval>:545)
	at jdk.scripting.nashorn.scripts/jdk.nashorn.internal.scripts.Script$Recompilation$83078$2801AAA$\^eval\_.evaluateCode(<eval>:96)
	at jdk.scripting.nashorn/jdk.nashorn.internal.runtime.ScriptFunctionData.invoke(ScriptFunctionData.java:661)
	at jdk.scripting.nashorn/jdk.nashorn.internal.runtime.ScriptFunction.invoke(ScriptFunction.java:513)
	at jdk.scripting.nashorn/jdk.nashorn.internal.runtime.ScriptRuntime.apply(ScriptRuntime.java:527)
	at jdk.scripting.nashorn/jdk.nashorn.api.scripting.ScriptObjectMirror.callMember(ScriptObjectMirror.java:202)
	at jdk.scripting.nashorn/jdk.nashorn.api.scripting.NashornScriptEngine.invokeImpl(NashornScriptEngine.java:393)
	at jdk.scripting.nashorn/jdk.nashorn.api.scripting.NashornScriptEngine.invokeFunction(NashornScriptEngine.java:197)
	at ptolemy.actor.lib.jjs.JavaScript._createEngineAndEvaluateSetup(JavaScript.java:2493)
	at ptolemy.actor.lib.jjs.JavaScript.attributeChanged(JavaScript.java:548)
	at org.terraswarm.accessor.JSAccessor.attributeChanged(JSAccessor.java:312)
	at ptolemy.data.expr.Variable._setTokenAndNotify(Variable.java:2271)
	at ptolemy.data.expr.Variable._evaluate(Variable.java:1873)
	at ptolemy.data.expr.Variable._propagate(Variable.java:1984)
	at ptolemy.data.expr.Variable.validate(Variable.java:1596)
	at ptolemy.moml.MoMLParser.endDocument(MoMLParser.java:867)
	at com.microstar.xml.XmlParser.doParse(XmlParser.java:162)
	at com.microstar.xml.XmlParser.parse(XmlParser.java:132)
	at ptolemy.moml.MoMLParser.parse(MoMLParser.java:1676)
	at ptolemy.moml.MoMLParser.parse(MoMLParser.java:1617)
	at ptolemy.moml.MoMLParser.parse(MoMLParser.java:1792)
	at org.terraswarm.accessor.AccessorLibrary.populate(AccessorLibrary.java:194)
	at ptolemy.moml.EntityLibrary.classDefinitionList(EntityLibrary.java:307)
	at ptolemy.kernel.CompositeEntity._description(CompositeEntity.java:2292)
	at ptolemy.kernel.CompositeEntity._description(CompositeEntity.java:2307)
	at ptolemy.kernel.CompositeEntity._description(CompositeEntity.java:2307)
	at ptolemy.kernel.CompositeEntity._description(CompositeEntity.java:2307)
	at ptolemy.kernel.util.NamedObj.description(NamedObj.java:731)
	at ptolemy.kernel.util.NamedObj.description(NamedObj.java:715)
	at java.base/jdk.internal.reflect.NativeMethodAccessorImpl.invoke0(Native Method)
	at java.base/jdk.internal.reflect.NativeMethodAccessorImpl.invoke(NativeMethodAccessorImpl.java:62)
	at java.base/jdk.internal.reflect.DelegatingMethodAccessorImpl.invoke(DelegatingMethodAccessorImpl.java:43)
	at java.base/java.lang.reflect.Method.invoke(Method.java:566)
	at tcl.lang.reflect.PkgInvoker.invokeMethod(PkgInvoker.java:129)
	at tcl.lang.JavaInvoke.call(JavaInvoke.java:253)
	at tcl.lang.JavaInvoke.callMethod(JavaInvoke.java:116)
	at tcl.lang.ReflectObject.cmdProc(ReflectObject.java:727)
	at tcl.lang.Parser.evalObjv(Parser.java:740)
	at tcl.lang.Parser.eval2(Parser.java:1138)
	at tcl.lang.Parser.evalTokens(Parser.java:930)
	at tcl.lang.Parser.eval2(Parser.java:1125)
	at tcl.lang.Parser.evalTokens(Parser.java:930)
	at tcl.lang.Parser.eval2(Parser.java:1125)
	at tcl.lang.Interp.eval(Interp.java:1782)
	at tcl.lang.Interp.eval(Interp.java:1841)
	at tcl.lang.UplevelCmd.cmdProc(UplevelCmd.java:93)
	at tcl.lang.Parser.evalObjv(Parser.java:740)
	at tcl.lang.Parser.eval2(Parser.java:1138)
	at tcl.lang.Interp.eval(Interp.java:1782)
	at tcl.lang.Interp.eval(Interp.java:1841)
	at tcl.lang.CatchCmd.cmdProc(CatchCmd.java:42)
	at tcl.lang.Parser.evalObjv(Parser.java:740)
	at tcl.lang.Parser.eval2(Parser.java:1138)
	at tcl.lang.Parser.evalTokens(Parser.java:930)
	at tcl.lang.Parser.eval2(Parser.java:1125)
	at tcl.lang.Procedure.cmdProc(Procedure.java:175)
	at tcl.lang.Parser.evalObjv(Parser.java:740)
	at tcl.lang.Parser.eval2(Parser.java:1138)
	at tcl.lang.Interp.eval(Interp.java:1782)
	at tcl.lang.Interp.eval(Interp.java:1841)
	at tcl.lang.ForeachCmd.cmdProc(ForeachCmd.java:116)
	at tcl.lang.AutoloadStub.cmdProc(Extension.java:144)
	at tcl.lang.Parser.evalObjv(Parser.java:740)
	at tcl.lang.Parser.eval2(Parser.java:1138)
	at tcl.lang.Interp.eval(Interp.java:1782)
	at tcl.lang.Interp.evalFile(Interp.java:1880)
	at java.base/jdk.internal.reflect.NativeMethodAccessorImpl.invoke0(Native Method)
	at java.base/jdk.internal.reflect.NativeMethodAccessorImpl.invoke(NativeMethodAccessorImpl.java:62)
	at java.base/jdk.internal.reflect.DelegatingMethodAccessorImpl.invoke(DelegatingMethodAccessorImpl.java:43)
	at java.base/java.lang.reflect.Method.invoke(Method.java:566)
	at ptolemy.util.test.junit.TclTests.RunTclFile(TclTests.java:233)
	at java.base/jdk.internal.reflect.NativeMethodAccessorImpl.invoke0(Native Method)
	at java.base/jdk.internal.reflect.NativeMethodAccessorImpl.invoke(NativeMethodAccessorImpl.java:62)
	at java.base/jdk.internal.reflect.DelegatingMethodAccessorImpl.invoke(DelegatingMethodAccessorImpl.java:43)
	at java.base/java.lang.reflect.Method.invoke(Method.java:566)
	at org.junit.runners.model.FrameworkMethod$1.runReflectiveCall(FrameworkMethod.java:44)
	at org.junit.internal.runners.model.ReflectiveCallable.run(ReflectiveCallable.java:15)
	at org.junit.runners.model.FrameworkMethod.invokeExplosively(FrameworkMethod.java:41)
	at junitparams.internal.InvokeParameterisedMethod.evaluate(InvokeParameterisedMethod.java:102)
	at junitparams.internal.ParameterisedTestMethodRunner.runMethodInvoker(ParameterisedTestMethodRunner.java:47)
	at junitparams.internal.ParameterisedTestMethodRunner.runTestMethod(ParameterisedTestMethodRunner.java:41)
	at junitparams.internal.ParameterisedTestClassRunner.runParameterisedTest(ParameterisedTestClassRunner.java:143)
	at junitparams.JUnitParamsRunner.runChild(JUnitParamsRunner.java:237)
	at junitparams.JUnitParamsRunner.runChild(JUnitParamsRunner.java:215)
	at org.junit.runners.ParentRunner$3.run(ParentRunner.java:193)
	at org.junit.runners.ParentRunner$1.schedule(ParentRunner.java:52)
	at org.junit.runners.ParentRunner.runChildren(ParentRunner.java:191)
	at org.junit.runners.ParentRunner.access$000(ParentRunner.java:42)
	at org.junit.runners.ParentRunner$2.evaluate(ParentRunner.java:184)
	at org.junit.internal.runners.statements.RunAfters.evaluate(RunAfters.java:31)
	at org.junit.runners.ParentRunner.run(ParentRunner.java:236)
	at org.junit.runners.Suite.runChild(Suite.java:128)
	at org.junit.runners.Suite.runChild(Suite.java:24)
	at org.junit.runners.ParentRunner$3.run(ParentRunner.java:193)
	at org.junit.runners.ParentRunner$1.schedule(ParentRunner.java:52)
	at org.junit.runners.ParentRunner.runChildren(ParentRunner.java:191)
	at org.junit.runners.ParentRunner.access$000(ParentRunner.java:42)
	at org.junit.runners.ParentRunner$2.evaluate(ParentRunner.java:184)
	at org.junit.runners.ParentRunner.run(ParentRunner.java:236)
	at junit.framework.JUnit4TestAdapter.run(JUnit4TestAdapter.java:39)
	at org.apache.tools.ant.taskdefs.optional.junit.JUnitTestRunner.run(JUnitTestRunner.java:535)
	at org.apache.tools.ant.taskdefs.optional.junit.JUnitTestRunner.launch(JUnitTestRunner.java:1182)
	at org.apache.tools.ant.taskdefs.optional.junit.JUnitTestRunner.main(JUnitTestRunner.java:1033)
 in /home/travis/build/icyphy/ptII/ptolemy/actor/lib/jjs/external/require.js at line number 454 at column number 12
Failed to populate library.
ptolemy.kernel.util.InternalErrorException: Loading accessor failed: AudioCapture.js
  in .configuration.actor library.Accessors.audio
Because:
Error evaluating expression:
// Copyright (c) 2015-2017 The Regents of the University of California.
...
  in .configuration.actor library.Accessors.audio.AudioCapture.script
Because:
Failed to evaluate script.
  in .configuration.actor library.Accessors.audio.AudioCapture
Because:
Error: Error executing module audio line #undefined : ptolemy.actor.lib.jjs.modules.audio.AudioHelper
In file: /home/travis/build/icyphy/ptII/ptolemy/actor/lib/jjs/modules/audio/audio.js

java.lang.ClassNotFoundException: ptolemy.actor.lib.jjs.modules.audio.AudioHelper
	at java.base/jdk.internal.loader.BuiltinClassLoader.loadClass(BuiltinClassLoader.java:583)
	at java.base/jdk.internal.loader.ClassLoaders$AppClassLoader.loadClass(ClassLoaders.java:178)
	at java.base/java.lang.ClassLoader.loadClass(ClassLoader.java:521)
	at java.base/java.lang.Class.forName0(Native Method)
	at java.base/java.lang.Class.forName(Class.java:398)
	at jdk.scripting.nashorn/jdk.nashorn.internal.runtime.Context.findClass(Context.java:1180)
	at jdk.scripting.nashorn/jdk.nashorn.internal.objects.NativeJava.simpleType(NativeJava.java:546)
	at jdk.scripting.nashorn/jdk.nashorn.internal.objects.NativeJava.type(NativeJava.java:326)
	at jdk.scripting.nashorn/jdk.nashorn.internal.objects.NativeJava.type(NativeJava.java:318)
	at jdk.scripting.nashorn/jdk.nashorn.internal.objects.NativeJava.type(NativeJava.java:314)
	at jdk.scripting.nashorn.scripts/jdk.nashorn.internal.scripts.Script$Recompilation$83105$require.L:1(/home/travis/build/icyphy/ptII/ptolemy/actor/lib/jjs/external/require.js#409:30<eval>:48)
	at jdk.scripting.nashorn.scripts/jdk.nashorn.internal.scripts.Script$Recompilation$83015$require.L:45#_require(/home/travis/build/icyphy/ptII/ptolemy/actor/lib/jjs/external/require.js:429)
	at jdk.scripting.nashorn.scripts/jdk.nashorn.internal.scripts.Script$Recompilation$83019$21065A$require.L:45#_requireClosure#L:466(/home/travis/build/icyphy/ptII/ptolemy/actor/lib/jjs/external/require.js:467)
	at jdk.scripting.nashorn.scripts/jdk.nashorn.internal.scripts.Script$Recompilation$83093$1AAAAAAAAAAAAAA$\^function\_.L:1(<function>:97)
	at jdk.scripting.nashorn.scripts/jdk.nashorn.internal.scripts.Script$Recompilation$83092$17933AAAAAA$require$cu1$restOf.L:1#Accessor(/home/travis/build/icyphy/ptII/ptolemy/actor/lib/jjs/external/require.js#409:30<eval>:545)
	at jdk.scripting.nashorn.scripts/jdk.nashorn.internal.scripts.Script$Recompilation$83078$2801AAA$\^eval\_.evaluateCode(<eval>:96)
	at jdk.scripting.nashorn/jdk.nashorn.internal.runtime.ScriptFunctionData.invoke(ScriptFunctionData.java:661)
	at jdk.scripting.nashorn/jdk.nashorn.internal.runtime.ScriptFunction.invoke(ScriptFunction.java:513)
	at jdk.scripting.nashorn/jdk.nashorn.internal.runtime.ScriptRuntime.apply(ScriptRuntime.java:527)
	at jdk.scripting.nashorn/jdk.nashorn.api.scripting.ScriptObjectMirror.callMember(ScriptObjectMirror.java:202)
	at jdk.scripting.nashorn/jdk.nashorn.api.scripting.NashornScriptEngine.invokeImpl(NashornScriptEngine.java:393)
	at jdk.scripting.nashorn/jdk.nashorn.api.scripting.NashornScriptEngine.invokeFunction(NashornScriptEngine.java:197)
	at ptolemy.actor.lib.jjs.JavaScript._createEngineAndEvaluateSetup(JavaScript.java:2493)
	at ptolemy.actor.lib.jjs.JavaScript.attributeChanged(JavaScript.java:548)
	at org.terraswarm.accessor.JSAccessor.attributeChanged(JSAccessor.java:312)
	at ptolemy.data.expr.Variable._setTokenAndNotify(Variable.java:2271)
	at ptolemy.data.expr.Variable._evaluate(Variable.java:1873)
	at ptolemy.data.expr.Variable._propagate(Variable.java:1984)
	at ptolemy.data.expr.Variable.validate(Variable.java:1596)
	at ptolemy.moml.MoMLParser.endDocument(MoMLParser.java:867)
	at com.microstar.xml.XmlParser.doParse(XmlParser.java:162)
	at com.microstar.xml.XmlParser.parse(XmlParser.java:132)
	at ptolemy.moml.MoMLParser.parse(MoMLParser.java:1676)
	at ptolemy.moml.MoMLParser.parse(MoMLParser.java:1617)
	at ptolemy.moml.MoMLParser.parse(MoMLParser.java:1792)
	at org.terraswarm.accessor.AccessorLibrary.populate(AccessorLibrary.java:194)
	at ptolemy.moml.EntityLibrary.classDefinitionList(EntityLibrary.java:307)
	at ptolemy.kernel.CompositeEntity._description(CompositeEntity.java:2292)
	at ptolemy.kernel.CompositeEntity._description(CompositeEntity.java:2307)
	at ptolemy.kernel.CompositeEntity._description(CompositeEntity.java:2307)
	at ptolemy.kernel.CompositeEntity._description(CompositeEntity.java:2307)
	at ptolemy.kernel.util.NamedObj.description(NamedObj.java:731)
	at ptolemy.kernel.util.NamedObj.description(NamedObj.java:715)
	at java.base/jdk.internal.reflect.NativeMethodAccessorImpl.invoke0(Native Method)
	at java.base/jdk.internal.reflect.NativeMethodAccessorImpl.invoke(NativeMethodAccessorImpl.java:62)
	at java.base/jdk.internal.reflect.DelegatingMethodAccessorImpl.invoke(DelegatingMethodAccessorImpl.java:43)
	at java.base/java.lang.reflect.Method.invoke(Method.java:566)
	at tcl.lang.reflect.PkgInvoker.invokeMethod(PkgInvoker.java:129)
	at tcl.lang.JavaInvoke.call(JavaInvoke.java:253)
	at tcl.lang.JavaInvoke.callMethod(JavaInvoke.java:116)
	at tcl.lang.ReflectObject.cmdProc(ReflectObject.java:727)
	at tcl.lang.Parser.evalObjv(Parser.java:740)
	at tcl.lang.Parser.eval2(Parser.java:1138)
	at tcl.lang.Parser.evalTokens(Parser.java:930)
	at tcl.lang.Parser.eval2(Parser.java:1125)
	at tcl.lang.Parser.evalTokens(Parser.java:930)
	at tcl.lang.Parser.eval2(Parser.java:1125)
	at tcl.lang.Interp.eval(Interp.java:1782)
	at tcl.lang.Interp.eval(Interp.java:1841)
	at tcl.lang.UplevelCmd.cmdProc(UplevelCmd.java:93)
	at tcl.lang.Parser.evalObjv(Parser.java:740)
	at tcl.lang.Parser.eval2(Parser.java:1138)
	at tcl.lang.Interp.eval(Interp.java:1782)
	at tcl.lang.Interp.eval(Interp.java:1841)
	at tcl.lang.CatchCmd.cmdProc(CatchCmd.java:42)
	at tcl.lang.Parser.evalObjv(Parser.java:740)
	at tcl.lang.Parser.eval2(Parser.java:1138)
	at tcl.lang.Parser.evalTokens(Parser.java:930)
	at tcl.lang.Parser.eval2(Parser.java:1125)
	at tcl.lang.Procedure.cmdProc(Procedure.java:175)
	at tcl.lang.Parser.evalObjv(Parser.java:740)
	at tcl.lang.Parser.eval2(Parser.java:1138)
	at tcl.lang.Interp.eval(Interp.java:1782)
	at tcl.lang.Interp.eval(Interp.java:1841)
	at tcl.lang.ForeachCmd.cmdProc(ForeachCmd.java:116)
	at tcl.lang.AutoloadStub.cmdProc(Extension.java:144)
	at tcl.lang.Parser.evalObjv(Parser.java:740)
	at tcl.lang.Parser.eval2(Parser.java:1138)
	at tcl.lang.Interp.eval(Interp.java:1782)
	at tcl.lang.Interp.evalFile(Interp.java:1880)
	at java.base/jdk.internal.reflect.NativeMethodAccessorImpl.invoke0(Native Method)
	at java.base/jdk.internal.reflect.NativeMethodAccessorImpl.invoke(NativeMethodAccessorImpl.java:62)
	at java.base/jdk.internal.reflect.DelegatingMethodAccessorImpl.invoke(DelegatingMethodAccessorImpl.java:43)
	at java.base/java.lang.reflect.Method.invoke(Method.java:566)
	at ptolemy.util.test.junit.TclTests.RunTclFile(TclTests.java:233)
	at java.base/jdk.internal.reflect.NativeMethodAccessorImpl.invoke0(Native Method)
	at java.base/jdk.internal.reflect.NativeMethodAccessorImpl.invoke(NativeMethodAccessorImpl.java:62)
	at java.base/jdk.internal.reflect.DelegatingMethodAccessorImpl.invoke(DelegatingMethodAccessorImpl.java:43)
	at java.base/java.lang.reflect.Method.invoke(Method.java:566)
	at org.junit.runners.model.FrameworkMethod$1.runReflectiveCall(FrameworkMethod.java:44)
	at org.junit.internal.runners.model.ReflectiveCallable.run(ReflectiveCallable.java:15)
	at org.junit.runners.model.FrameworkMethod.invokeExplosively(FrameworkMethod.java:41)
	at junitparams.internal.InvokeParameterisedMethod.evaluate(InvokeParameterisedMethod.java:102)
	at junitparams.internal.ParameterisedTestMethodRunner.runMethodInvoker(ParameterisedTestMethodRunner.java:47)
	at junitparams.internal.ParameterisedTestMethodRunner.runTestMethod(ParameterisedTestMethodRunner.java:41)
	at junitparams.internal.ParameterisedTestClassRunner.runParameterisedTest(ParameterisedTestClassRunner.java:143)
	at junitparams.JUnitParamsRunner.runChild(JUnitParamsRunner.java:237)
	at junitparams.JUnitParamsRunner.runChild(JUnitParamsRunner.java:215)
	at org.junit.runners.ParentRunner$3.run(ParentRunner.java:193)
	at org.junit.runners.ParentRunner$1.schedule(ParentRunner.java:52)
	at org.junit.runners.ParentRunner.runChildren(ParentRunner.java:191)
	at org.junit.runners.ParentRunner.access$000(ParentRunner.java:42)
	at org.junit.runners.ParentRunner$2.evaluate(ParentRunner.java:184)
	at org.junit.internal.runners.statements.RunAfters.evaluate(RunAfters.java:31)
	at org.junit.runners.ParentRunner.run(ParentRunner.java:236)
	at org.junit.runners.Suite.runChild(Suite.java:128)
	at org.junit.runners.Suite.runChild(Suite.java:24)
	at org.junit.runners.ParentRunner$3.run(ParentRunner.java:193)
	at org.junit.runners.ParentRunner$1.schedule(ParentRunner.java:52)
	at org.junit.runners.ParentRunner.runChildren(ParentRunner.java:191)
	at org.junit.runners.ParentRunner.access$000(ParentRunner.java:42)
	at org.junit.runners.ParentRunner$2.evaluate(ParentRunner.java:184)
	at org.junit.runners.ParentRunner.run(ParentRunner.java:236)
	at junit.framework.JUnit4TestAdapter.run(JUnit4TestAdapter.java:39)
	at org.apache.tools.ant.taskdefs.optional.junit.JUnitTestRunner.run(JUnitTestRunner.java:535)
	at org.apache.tools.ant.taskdefs.optional.junit.JUnitTestRunner.launch(JUnitTestRunner.java:1182)
	at org.apache.tools.ant.taskdefs.optional.junit.JUnitTestRunner.main(JUnitTestRunner.java:1033)
 in /home/travis/build/icyphy/ptII/ptolemy/actor/lib/jjs/external/require.js at line number 454 at column number 12
  in .configuration.actor library.Accessors.audio.AudioCapture.script
Because:
Error evaluating expression:
// Copyright (c) 2015-2017 The Regents of the University of California.
...
  in .configuration.actor library.Accessors.audio.AudioCapture.script
Because:
Failed to evaluate script.
  in .configuration.actor library.Accessors.audio.AudioCapture
Because:
Error: Error executing module audio line #undefined : ptolemy.actor.lib.jjs.modules.audio.AudioHelper
In file: /home/travis/build/icyphy/ptII/ptolemy/actor/lib/jjs/modules/audio/audio.js

java.lang.ClassNotFoundException: ptolemy.actor.lib.jjs.modules.audio.AudioHelper
	at java.base/jdk.internal.loader.BuiltinClassLoader.loadClass(BuiltinClassLoader.java:583)
	at java.base/jdk.internal.loader.ClassLoaders$AppClassLoader.loadClass(ClassLoaders.java:178)
	at java.base/java.lang.ClassLoader.loadClass(ClassLoader.java:521)
	at java.base/java.lang.Class.forName0(Native Method)
	at java.base/java.lang.Class.forName(Class.java:398)
	at jdk.scripting.nashorn/jdk.nashorn.internal.runtime.Context.findClass(Context.java:1180)
	at jdk.scripting.nashorn/jdk.nashorn.internal.objects.NativeJava.simpleType(NativeJava.java:546)
	at jdk.scripting.nashorn/jdk.nashorn.internal.objects.NativeJava.type(NativeJava.java:326)
	at jdk.scripting.nashorn/jdk.nashorn.internal.objects.NativeJava.type(NativeJava.java:318)
	at jdk.scripting.nashorn/jdk.nashorn.internal.objects.NativeJava.type(NativeJava.java:314)
	at jdk.scripting.nashorn.scripts/jdk.nashorn.internal.scripts.Script$Recompilation$83105$require.L:1(/home/travis/build/icyphy/ptII/ptolemy/actor/lib/jjs/external/require.js#409:30<eval>:48)
	at jdk.scripting.nashorn.scripts/jdk.nashorn.internal.scripts.Script$Recompilation$83015$require.L:45#_require(/home/travis/build/icyphy/ptII/ptolemy/actor/lib/jjs/external/require.js:429)
	at jdk.scripting.nashorn.scripts/jdk.nashorn.internal.scripts.Script$Recompilation$83019$21065A$require.L:45#_requireClosure#L:466(/home/travis/build/icyphy/ptII/ptolemy/actor/lib/jjs/external/require.js:467)
	at jdk.scripting.nashorn.scripts/jdk.nashorn.internal.scripts.Script$Recompilation$83093$1AAAAAAAAAAAAAA$\^function\_.L:1(<function>:97)
	at jdk.scripting.nashorn.scripts/jdk.nashorn.internal.scripts.Script$Recompilation$83092$17933AAAAAA$require$cu1$restOf.L:1#Accessor(/home/travis/build/icyphy/ptII/ptolemy/actor/lib/jjs/external/require.js#409:30<eval>:545)
	at jdk.scripting.nashorn.scripts/jdk.nashorn.internal.scripts.Script$Recompilation$83078$2801AAA$\^eval\_.evaluateCode(<eval>:96)
	at jdk.scripting.nashorn/jdk.nashorn.internal.runtime.ScriptFunctionData.invoke(ScriptFunctionData.java:661)
	at jdk.scripting.nashorn/jdk.nashorn.internal.runtime.ScriptFunction.invoke(ScriptFunction.java:513)
	at jdk.scripting.nashorn/jdk.nashorn.internal.runtime.ScriptRuntime.apply(ScriptRuntime.java:527)
	at jdk.scripting.nashorn/jdk.nashorn.api.scripting.ScriptObjectMirror.callMember(ScriptObjectMirror.java:202)
	at jdk.scripting.nashorn/jdk.nashorn.api.scripting.NashornScriptEngine.invokeImpl(NashornScriptEngine.java:393)
	at jdk.scripting.nashorn/jdk.nashorn.api.scripting.NashornScriptEngine.invokeFunction(NashornScriptEngine.java:197)
	at ptolemy.actor.lib.jjs.JavaScript._createEngineAndEvaluateSetup(JavaScript.java:2493)
	at ptolemy.actor.lib.jjs.JavaScript.attributeChanged(JavaScript.java:548)
	at org.terraswarm.accessor.JSAccessor.attributeChanged(JSAccessor.java:312)
	at ptolemy.data.expr.Variable._setTokenAndNotify(Variable.java:2271)
	at ptolemy.data.expr.Variable._evaluate(Variable.java:1873)
	at ptolemy.data.expr.Variable._propagate(Variable.java:1984)
	at ptolemy.data.expr.Variable.validate(Variable.java:1596)
	at ptolemy.moml.MoMLParser.endDocument(MoMLParser.java:867)
	at com.microstar.xml.XmlParser.doParse(XmlParser.java:162)
	at com.microstar.xml.XmlParser.parse(XmlParser.java:132)
	at ptolemy.moml.MoMLParser.parse(MoMLParser.java:1676)
	at ptolemy.moml.MoMLParser.parse(MoMLParser.java:1617)
	at ptolemy.moml.MoMLParser.parse(MoMLParser.java:1792)
	at org.terraswarm.accessor.AccessorLibrary.populate(AccessorLibrary.java:194)
	at ptolemy.moml.EntityLibrary.classDefinitionList(EntityLibrary.java:307)
	at ptolemy.kernel.CompositeEntity._description(CompositeEntity.java:2292)
	at ptolemy.kernel.CompositeEntity._description(CompositeEntity.java:2307)
	at ptolemy.kernel.CompositeEntity._description(CompositeEntity.java:2307)
	at ptolemy.kernel.CompositeEntity._description(CompositeEntity.java:2307)
	at ptolemy.kernel.util.NamedObj.description(NamedObj.java:731)
	at ptolemy.kernel.util.NamedObj.description(NamedObj.java:715)
	at java.base/jdk.internal.reflect.NativeMethodAccessorImpl.invoke0(Native Method)
	at java.base/jdk.internal.reflect.NativeMethodAccessorImpl.invoke(NativeMethodAccessorImpl.java:62)
	at java.base/jdk.internal.reflect.DelegatingMethodAccessorImpl.invoke(DelegatingMethodAccessorImpl.java:43)
	at java.base/java.lang.reflect.Method.invoke(Method.java:566)
	at tcl.lang.reflect.PkgInvoker.invokeMethod(PkgInvoker.java:129)
	at tcl.lang.JavaInvoke.call(JavaInvoke.java:253)
	at tcl.lang.JavaInvoke.callMethod(JavaInvoke.java:116)
	at tcl.lang.ReflectObject.cmdProc(ReflectObject.java:727)
	at tcl.lang.Parser.evalObjv(Parser.java:740)
	at tcl.lang.Parser.eval2(Parser.java:1138)
	at tcl.lang.Parser.evalTokens(Parser.java:930)
	at tcl.lang.Parser.eval2(Parser.java:1125)
	at tcl.lang.Parser.evalTokens(Parser.java:930)
	at tcl.lang.Parser.eval2(Parser.java:1125)
	at tcl.lang.Interp.eval(Interp.java:1782)
	at tcl.lang.Interp.eval(Interp.java:1841)
	at tcl.lang.UplevelCmd.cmdProc(UplevelCmd.java:93)
	at tcl.lang.Parser.evalObjv(Parser.java:740)
	at tcl.lang.Parser.eval2(Parser.java:1138)
	at tcl.lang.Interp.eval(Interp.java:1782)
	at tcl.lang.Interp.eval(Interp.java:1841)
	at tcl.lang.CatchCmd.cmdProc(CatchCmd.java:42)
	at tcl.lang.Parser.evalObjv(Parser.java:740)
	at tcl.lang.Parser.eval2(Parser.java:1138)
	at tcl.lang.Parser.evalTokens(Parser.java:930)
	at tcl.lang.Parser.eval2(Parser.java:1125)
	at tcl.lang.Procedure.cmdProc(Procedure.java:175)
	at tcl.lang.Parser.evalObjv(Parser.java:740)
	at tcl.lang.Parser.eval2(Parser.java:1138)
	at tcl.lang.Interp.eval(Interp.java:1782)
	at tcl.lang.Interp.eval(Interp.java:1841)
	at tcl.lang.ForeachCmd.cmdProc(ForeachCmd.java:116)
	at tcl.lang.AutoloadStub.cmdProc(Extension.java:144)
	at tcl.lang.Parser.evalObjv(Parser.java:740)
	at tcl.lang.Parser.eval2(Parser.java:1138)
	at tcl.lang.Interp.eval(Interp.java:1782)
	at tcl.lang.Interp.evalFile(Interp.java:1880)
	at java.base/jdk.internal.reflect.NativeMethodAccessorImpl.invoke0(Native Method)
	at java.base/jdk.internal.reflect.NativeMethodAccessorImpl.invoke(NativeMethodAccessorImpl.java:62)
	at java.base/jdk.internal.reflect.DelegatingMethodAccessorImpl.invoke(DelegatingMethodAccessorImpl.java:43)
	at java.base/java.lang.reflect.Method.invoke(Method.java:566)
	at ptolemy.util.test.junit.TclTests.RunTclFile(TclTests.java:233)
	at java.base/jdk.internal.reflect.NativeMethodAccessorImpl.invoke0(Native Method)
	at java.base/jdk.internal.reflect.NativeMethodAccessorImpl.invoke(NativeMethodAccessorImpl.java:62)
	at java.base/jdk.internal.reflect.DelegatingMethodAccessorImpl.invoke(DelegatingMethodAccessorImpl.java:43)
	at java.base/java.lang.reflect.Method.invoke(Method.java:566)
	at org.junit.runners.model.FrameworkMethod$1.runReflectiveCall(FrameworkMethod.java:44)
	at org.junit.internal.runners.model.ReflectiveCallable.run(ReflectiveCallable.java:15)
	at org.junit.runners.model.FrameworkMethod.invokeExplosively(FrameworkMethod.java:41)
	at junitparams.internal.InvokeParameterisedMethod.evaluate(InvokeParameterisedMethod.java:102)
	at junitparams.internal.ParameterisedTestMethodRunner.runMethodInvoker(ParameterisedTestMethodRunner.java:47)
	at junitparams.internal.ParameterisedTestMethodRunner.runTestMethod(ParameterisedTestMethodRunner.java:41)
	at junitparams.internal.ParameterisedTestClassRunner.runParameterisedTest(ParameterisedTestClassRunner.java:143)
	at junitparams.JUnitParamsRunner.runChild(JUnitParamsRunner.java:237)
	at junitparams.JUnitParamsRunner.runChild(JUnitParamsRunner.java:215)
	at org.junit.runners.ParentRunner$3.run(ParentRunner.java:193)
	at org.junit.runners.ParentRunner$1.schedule(ParentRunner.java:52)
	at org.junit.runners.ParentRunner.runChildren(ParentRunner.java:191)
	at org.junit.runners.ParentRunner.access$000(ParentRunner.java:42)
	at org.junit.runners.ParentRunner$2.evaluate(ParentRunner.java:184)
	at org.junit.internal.runners.statements.RunAfters.evaluate(RunAfters.java:31)
	at org.junit.runners.ParentRunner.run(ParentRunner.java:236)
	at org.junit.runners.Suite.runChild(Suite.java:128)
	at org.junit.runners.Suite.runChild(Suite.java:24)
	at org.junit.runners.ParentRunner$3.run(ParentRunner.java:193)
	at org.junit.runners.ParentRunner$1.schedule(ParentRunner.java:52)
	at org.junit.runners.ParentRunner.runChildren(ParentRunner.java:191)
	at org.junit.runners.ParentRunner.access$000(ParentRunner.java:42)
	at org.junit.runners.ParentRunner$2.evaluate(ParentRunner.java:184)
	at org.junit.runners.ParentRunner.run(ParentRunner.java:236)
	at junit.framework.JUnit4TestAdapter.run(JUnit4TestAdapter.java:39)
	at org.apache.tools.ant.taskdefs.optional.junit.JUnitTestRunner.run(JUnitTestRunner.java:535)
	at org.apache.tools.ant.taskdefs.optional.junit.JUnitTestRunner.launch(JUnitTestRunner.java:1182)
	at org.apache.tools.ant.taskdefs.optional.junit.JUnitTestRunner.main(JUnitTestRunner.java:1033)
 in /home/travis/build/icyphy/ptII/ptolemy/actor/lib/jjs/external/require.js at line number 454 at column number 12
	at org.terraswarm.accessor.AccessorLibrary.populate(AccessorLibrary.java:224)
	at ptolemy.moml.EntityLibrary.classDefinitionList(EntityLibrary.java:307)
	at ptolemy.kernel.CompositeEntity._description(CompositeEntity.java:2292)
	at ptolemy.kernel.CompositeEntity._description(CompositeEntity.java:2307)
	at ptolemy.kernel.CompositeEntity._description(CompositeEntity.java:2307)
	at ptolemy.kernel.CompositeEntity._description(CompositeEntity.java:2307)
	at ptolemy.kernel.util.NamedObj.description(NamedObj.java:731)
	at ptolemy.kernel.util.NamedObj.description(NamedObj.java:715)
	at java.base/jdk.internal.reflect.NativeMethodAccessorImpl.invoke0(Native Method)
	at java.base/jdk.internal.reflect.NativeMethodAccessorImpl.invoke(NativeMethodAccessorImpl.java:62)
	at java.base/jdk.internal.reflect.DelegatingMethodAccessorImpl.invoke(DelegatingMethodAccessorImpl.java:43)
	at java.base/java.lang.reflect.Method.invoke(Method.java:566)
	at tcl.lang.reflect.PkgInvoker.invokeMethod(PkgInvoker.java:129)
	at tcl.lang.JavaInvoke.call(JavaInvoke.java:253)
	at tcl.lang.JavaInvoke.callMethod(JavaInvoke.java:116)
	at tcl.lang.ReflectObject.cmdProc(ReflectObject.java:727)
	at tcl.lang.Parser.evalObjv(Parser.java:740)
	at tcl.lang.Parser.eval2(Parser.java:1138)
	at tcl.lang.Parser.evalTokens(Parser.java:930)
	at tcl.lang.Parser.eval2(Parser.java:1125)
	at tcl.lang.Parser.evalTokens(Parser.java:930)
	at tcl.lang.Parser.eval2(Parser.java:1125)
	at tcl.lang.Interp.eval(Interp.java:1782)
	at tcl.lang.Interp.eval(Interp.java:1841)
	at tcl.lang.UplevelCmd.cmdProc(UplevelCmd.java:93)
	at tcl.lang.Parser.evalObjv(Parser.java:740)
	at tcl.lang.Parser.eval2(Parser.java:1138)
	at tcl.lang.Interp.eval(Interp.java:1782)
	at tcl.lang.Interp.eval(Interp.java:1841)
	at tcl.lang.CatchCmd.cmdProc(CatchCmd.java:42)
	at tcl.lang.Parser.evalObjv(Parser.java:740)
	at tcl.lang.Parser.eval2(Parser.java:1138)
	at tcl.lang.Parser.evalTokens(Parser.java:930)
	at tcl.lang.Parser.eval2(Parser.java:1125)
	at tcl.lang.Procedure.cmdProc(Procedure.java:175)
	at tcl.lang.Parser.evalObjv(Parser.java:740)
	at tcl.lang.Parser.eval2(Parser.java:1138)
	at tcl.lang.Interp.eval(Interp.java:1782)
	at tcl.lang.Interp.eval(Interp.java:1841)
	at tcl.lang.ForeachCmd.cmdProc(ForeachCmd.java:116)
	at tcl.lang.AutoloadStub.cmdProc(Extension.java:144)
	at tcl.lang.Parser.evalObjv(Parser.java:740)
	at tcl.lang.Parser.eval2(Parser.java:1138)
	at tcl.lang.Interp.eval(Interp.java:1782)
	at tcl.lang.Interp.evalFile(Interp.java:1880)
	at java.base/jdk.internal.reflect.NativeMethodAccessorImpl.invoke0(Native Method)
	at java.base/jdk.internal.reflect.NativeMethodAccessorImpl.invoke(NativeMethodAccessorImpl.java:62)
	at java.base/jdk.internal.reflect.DelegatingMethodAccessorImpl.invoke(DelegatingMethodAccessorImpl.java:43)
	at java.base/java.lang.reflect.Method.invoke(Method.java:566)
	at ptolemy.util.test.junit.TclTests.RunTclFile(TclTests.java:233)
	at java.base/jdk.internal.reflect.NativeMethodAccessorImpl.invoke0(Native Method)
	at java.base/jdk.internal.reflect.NativeMethodAccessorImpl.invoke(NativeMethodAccessorImpl.java:62)
	at java.base/jdk.internal.reflect.DelegatingMethodAccessorImpl.invoke(DelegatingMethodAccessorImpl.java:43)
	at java.base/java.lang.reflect.Method.invoke(Method.java:566)
	at org.junit.runners.model.FrameworkMethod$1.runReflectiveCall(FrameworkMethod.java:44)
	at org.junit.internal.runners.model.ReflectiveCallable.run(ReflectiveCallable.java:15)
	at org.junit.runners.model.FrameworkMethod.invokeExplosively(FrameworkMethod.java:41)
	at junitparams.internal.InvokeParameterisedMethod.evaluate(InvokeParameterisedMethod.java:102)
	at junitparams.internal.ParameterisedTestMethodRunner.runMethodInvoker(ParameterisedTestMethodRunner.java:47)
	at junitparams.internal.ParameterisedTestMethodRunner.runTestMethod(ParameterisedTestMethodRunner.java:41)
	at junitparams.internal.ParameterisedTestClassRunner.runParameterisedTest(ParameterisedTestClassRunner.java:143)
	at junitparams.JUnitParamsRunner.runChild(JUnitParamsRunner.java:237)
	at junitparams.JUnitParamsRunner.runChild(JUnitParamsRunner.java:215)
	at org.junit.runners.ParentRunner$3.run(ParentRunner.java:193)
	at org.junit.runners.ParentRunner$1.schedule(ParentRunner.java:52)
	at org.junit.runners.ParentRunner.runChildren(ParentRunner.java:191)
	at org.junit.runners.ParentRunner.access$000(ParentRunner.java:42)
	at org.junit.runners.ParentRunner$2.evaluate(ParentRunner.java:184)
	at org.junit.internal.runners.statements.RunAfters.evaluate(RunAfters.java:31)
	at org.junit.runners.ParentRunner.run(ParentRunner.java:236)
	at org.junit.runners.Suite.runChild(Suite.java:128)
	at org.junit.runners.Suite.runChild(Suite.java:24)
	at org.junit.runners.ParentRunner$3.run(ParentRunner.java:193)
	at org.junit.runners.ParentRunner$1.schedule(ParentRunner.java:52)
	at org.junit.runners.ParentRunner.runChildren(ParentRunner.java:191)
	at org.junit.runners.ParentRunner.access$000(ParentRunner.java:42)
	at org.junit.runners.ParentRunner$2.evaluate(ParentRunner.java:184)
	at org.junit.runners.ParentRunner.run(ParentRunner.java:236)
	at junit.framework.JUnit4TestAdapter.run(JUnit4TestAdapter.java:39)
	at org.apache.tools.ant.taskdefs.optional.junit.JUnitTestRunner.run(JUnitTestRunner.java:535)
	at org.apache.tools.ant.taskdefs.optional.junit.JUnitTestRunner.launch(JUnitTestRunner.java:1182)
	at org.apache.tools.ant.taskdefs.optional.junit.JUnitTestRunner.main(JUnitTestRunner.java:1033)
Caused by: ptolemy.kernel.util.IllegalActionException: Error evaluating expression:
// Copyright (c) 2015-2017 The Regents of the University of California.
...
  in .configuration.actor library.Accessors.audio.AudioCapture.script
Because:
Failed to evaluate script.
  in .configuration.actor library.Accessors.audio.AudioCapture
Because:
Error: Error executing module audio line #undefined : ptolemy.actor.lib.jjs.modules.audio.AudioHelper
In file: /home/travis/build/icyphy/ptII/ptolemy/actor/lib/jjs/modules/audio/audio.js

java.lang.ClassNotFoundException: ptolemy.actor.lib.jjs.modules.audio.AudioHelper
	at java.base/jdk.internal.loader.BuiltinClassLoader.loadClass(BuiltinClassLoader.java:583)
	at java.base/jdk.internal.loader.ClassLoaders$AppClassLoader.loadClass(ClassLoaders.java:178)
	at java.base/java.lang.ClassLoader.loadClass(ClassLoader.java:521)
	at java.base/java.lang.Class.forName0(Native Method)
	at java.base/java.lang.Class.forName(Class.java:398)
	at jdk.scripting.nashorn/jdk.nashorn.internal.runtime.Context.findClass(Context.java:1180)
	at jdk.scripting.nashorn/jdk.nashorn.internal.objects.NativeJava.simpleType(NativeJava.java:546)
	at jdk.scripting.nashorn/jdk.nashorn.internal.objects.NativeJava.type(NativeJava.java:326)
	at jdk.scripting.nashorn/jdk.nashorn.internal.objects.NativeJava.type(NativeJava.java:318)
	at jdk.scripting.nashorn/jdk.nashorn.internal.objects.NativeJava.type(NativeJava.java:314)
	at jdk.scripting.nashorn.scripts/jdk.nashorn.internal.scripts.Script$Recompilation$83105$require.L:1(/home/travis/build/icyphy/ptII/ptolemy/actor/lib/jjs/external/require.js#409:30<eval>:48)
	at jdk.scripting.nashorn.scripts/jdk.nashorn.internal.scripts.Script$Recompilation$83015$require.L:45#_require(/home/travis/build/icyphy/ptII/ptolemy/actor/lib/jjs/external/require.js:429)
	at jdk.scripting.nashorn.scripts/jdk.nashorn.internal.scripts.Script$Recompilation$83019$21065A$require.L:45#_requireClosure#L:466(/home/travis/build/icyphy/ptII/ptolemy/actor/lib/jjs/external/require.js:467)
	at jdk.scripting.nashorn.scripts/jdk.nashorn.internal.scripts.Script$Recompilation$83093$1AAAAAAAAAAAAAA$\^function\_.L:1(<function>:97)
	at jdk.scripting.nashorn.scripts/jdk.nashorn.internal.scripts.Script$Recompilation$83092$17933AAAAAA$require$cu1$restOf.L:1#Accessor(/home/travis/build/icyphy/ptII/ptolemy/actor/lib/jjs/external/require.js#409:30<eval>:545)
	at jdk.scripting.nashorn.scripts/jdk.nashorn.internal.scripts.Script$Recompilation$83078$2801AAA$\^eval\_.evaluateCode(<eval>:96)
	at jdk.scripting.nashorn/jdk.nashorn.internal.runtime.ScriptFunctionData.invoke(ScriptFunctionData.java:661)
	at jdk.scripting.nashorn/jdk.nashorn.internal.runtime.ScriptFunction.invoke(ScriptFunction.java:513)
	at jdk.scripting.nashorn/jdk.nashorn.internal.runtime.ScriptRuntime.apply(ScriptRuntime.java:527)
	at jdk.scripting.nashorn/jdk.nashorn.api.scripting.ScriptObjectMirror.callMember(ScriptObjectMirror.java:202)
	at jdk.scripting.nashorn/jdk.nashorn.api.scripting.NashornScriptEngine.invokeImpl(NashornScriptEngine.java:393)
	at jdk.scripting.nashorn/jdk.nashorn.api.scripting.NashornScriptEngine.invokeFunction(NashornScriptEngine.java:197)
	at ptolemy.actor.lib.jjs.JavaScript._createEngineAndEvaluateSetup(JavaScript.java:2493)
	at ptolemy.actor.lib.jjs.JavaScript.attributeChanged(JavaScript.java:548)
	at org.terraswarm.accessor.JSAccessor.attributeChanged(JSAccessor.java:312)
	at ptolemy.data.expr.Variable._setTokenAndNotify(Variable.java:2271)
	at ptolemy.data.expr.Variable._evaluate(Variable.java:1873)
	at ptolemy.data.expr.Variable._propagate(Variable.java:1984)
	at ptolemy.data.expr.Variable.validate(Variable.java:1596)
	at ptolemy.moml.MoMLParser.endDocument(MoMLParser.java:867)
	at com.microstar.xml.XmlParser.doParse(XmlParser.java:162)
	at com.microstar.xml.XmlParser.parse(XmlParser.java:132)
	at ptolemy.moml.MoMLParser.parse(MoMLParser.java:1676)
	at ptolemy.moml.MoMLParser.parse(MoMLParser.java:1617)
	at ptolemy.moml.MoMLParser.parse(MoMLParser.java:1792)
	at org.terraswarm.accessor.AccessorLibrary.populate(AccessorLibrary.java:194)
	at ptolemy.moml.EntityLibrary.classDefinitionList(EntityLibrary.java:307)
	at ptolemy.kernel.CompositeEntity._description(CompositeEntity.java:2292)
	at ptolemy.kernel.CompositeEntity._description(CompositeEntity.java:2307)
	at ptolemy.kernel.CompositeEntity._description(CompositeEntity.java:2307)
	at ptolemy.kernel.CompositeEntity._description(CompositeEntity.java:2307)
	at ptolemy.kernel.util.NamedObj.description(NamedObj.java:731)
	at ptolemy.kernel.util.NamedObj.description(NamedObj.java:715)
	at java.base/jdk.internal.reflect.NativeMethodAccessorImpl.invoke0(Native Method)
	at java.base/jdk.internal.reflect.NativeMethodAccessorImpl.invoke(NativeMethodAccessorImpl.java:62)
	at java.base/jdk.internal.reflect.DelegatingMethodAccessorImpl.invoke(DelegatingMethodAccessorImpl.java:43)
	at java.base/java.lang.reflect.Method.invoke(Method.java:566)
	at tcl.lang.reflect.PkgInvoker.invokeMethod(PkgInvoker.java:129)
	at tcl.lang.JavaInvoke.call(JavaInvoke.java:253)
	at tcl.lang.JavaInvoke.callMethod(JavaInvoke.java:116)
	at tcl.lang.ReflectObject.cmdProc(ReflectObject.java:727)
	at tcl.lang.Parser.evalObjv(Parser.java:740)
	at tcl.lang.Parser.eval2(Parser.java:1138)
	at tcl.lang.Parser.evalTokens(Parser.java:930)
	at tcl.lang.Parser.eval2(Parser.java:1125)
	at tcl.lang.Parser.evalTokens(Parser.java:930)
	at tcl.lang.Parser.eval2(Parser.java:1125)
	at tcl.lang.Interp.eval(Interp.java:1782)
	at tcl.lang.Interp.eval(Interp.java:1841)
	at tcl.lang.UplevelCmd.cmdProc(UplevelCmd.java:93)
	at tcl.lang.Parser.evalObjv(Parser.java:740)
	at tcl.lang.Parser.eval2(Parser.java:1138)
	at tcl.lang.Interp.eval(Interp.java:1782)
	at tcl.lang.Interp.eval(Interp.java:1841)
	at tcl.lang.CatchCmd.cmdProc(CatchCmd.java:42)
	at tcl.lang.Parser.evalObjv(Parser.java:740)
	at tcl.lang.Parser.eval2(Parser.java:1138)
	at tcl.lang.Parser.evalTokens(Parser.java:930)
	at tcl.lang.Parser.eval2(Parser.java:1125)
	at tcl.lang.Procedure.cmdProc(Procedure.java:175)
	at tcl.lang.Parser.evalObjv(Parser.java:740)
	at tcl.lang.Parser.eval2(Parser.java:1138)
	at tcl.lang.Interp.eval(Interp.java:1782)
	at tcl.lang.Interp.eval(Interp.java:1841)
	at tcl.lang.ForeachCmd.cmdProc(ForeachCmd.java:116)
	at tcl.lang.AutoloadStub.cmdProc(Extension.java:144)
	at tcl.lang.Parser.evalObjv(Parser.java:740)
	at tcl.lang.Parser.eval2(Parser.java:1138)
	at tcl.lang.Interp.eval(Interp.java:1782)
	at tcl.lang.Interp.evalFile(Interp.java:1880)
	at java.base/jdk.internal.reflect.NativeMethodAccessorImpl.invoke0(Native Method)
	at java.base/jdk.internal.reflect.NativeMethodAccessorImpl.invoke(NativeMethodAccessorImpl.java:62)
	at java.base/jdk.internal.reflect.DelegatingMethodAccessorImpl.invoke(DelegatingMethodAccessorImpl.java:43)
	at java.base/java.lang.reflect.Method.invoke(Method.java:566)
	at ptolemy.util.test.junit.TclTests.RunTclFile(TclTests.java:233)
	at java.base/jdk.internal.reflect.NativeMethodAccessorImpl.invoke0(Native Method)
	at java.base/jdk.internal.reflect.NativeMethodAccessorImpl.invoke(NativeMethodAccessorImpl.java:62)
	at java.base/jdk.internal.reflect.DelegatingMethodAccessorImpl.invoke(DelegatingMethodAccessorImpl.java:43)
	at java.base/java.lang.reflect.Method.invoke(Method.java:566)
	at org.junit.runners.model.FrameworkMethod$1.runReflectiveCall(FrameworkMethod.java:44)
	at org.junit.internal.runners.model.ReflectiveCallable.run(ReflectiveCallable.java:15)
	at org.junit.runners.model.FrameworkMethod.invokeExplosively(FrameworkMethod.java:41)
	at junitparams.internal.InvokeParameterisedMethod.evaluate(InvokeParameterisedMethod.java:102)
	at junitparams.internal.ParameterisedTestMethodRunner.runMethodInvoker(ParameterisedTestMethodRunner.java:47)
	at junitparams.internal.ParameterisedTestMethodRunner.runTestMethod(ParameterisedTestMethodRunner.java:41)
	at junitparams.internal.ParameterisedTestClassRunner.runParameterisedTest(ParameterisedTestClassRunner.java:143)
	at junitparams.JUnitParamsRunner.runChild(JUnitParamsRunner.java:237)
	at junitparams.JUnitParamsRunner.runChild(JUnitParamsRunner.java:215)
	at org.junit.runners.ParentRunner$3.run(ParentRunner.java:193)
	at org.junit.runners.ParentRunner$1.schedule(ParentRunner.java:52)
	at org.junit.runners.ParentRunner.runChildren(ParentRunner.java:191)
	at org.junit.runners.ParentRunner.access$000(ParentRunner.java:42)
	at org.junit.runners.ParentRunner$2.evaluate(ParentRunner.java:184)
	at org.junit.internal.runners.statements.RunAfters.evaluate(RunAfters.java:31)
	at org.junit.runners.ParentRunner.run(ParentRunner.java:236)
	at org.junit.runners.Suite.runChild(Suite.java:128)
	at org.junit.runners.Suite.runChild(Suite.java:24)
	at org.junit.runners.ParentRunner$3.run(ParentRunner.java:193)
	at org.junit.runners.ParentRunner$1.schedule(ParentRunner.java:52)
	at org.junit.runners.ParentRunner.runChildren(ParentRunner.java:191)
	at org.junit.runners.ParentRunner.access$000(ParentRunner.java:42)
	at org.junit.runners.ParentRunner$2.evaluate(ParentRunner.java:184)
	at org.junit.runners.ParentRunner.run(ParentRunner.java:236)
	at junit.framework.JUnit4TestAdapter.run(JUnit4TestAdapter.java:39)
	at org.apache.tools.ant.taskdefs.optional.junit.JUnitTestRunner.run(JUnitTestRunner.java:535)
	at org.apache.tools.ant.taskdefs.optional.junit.JUnitTestRunner.launch(JUnitTestRunner.java:1182)
	at org.apache.tools.ant.taskdefs.optional.junit.JUnitTestRunner.main(JUnitTestRunner.java:1033)
 in /home/travis/build/icyphy/ptII/ptolemy/actor/lib/jjs/external/require.js at line number 454 at column number 12
  in .configuration.actor library.Accessors.audio.AudioCapture.script
Because:
Error evaluating expression:
// Copyright (c) 2015-2017 The Regents of the University of California.
...
  in .configuration.actor library.Accessors.audio.AudioCapture.script
Because:
Failed to evaluate script.
  in .configuration.actor library.Accessors.audio.AudioCapture
Because:
Error: Error executing module audio line #undefined : ptolemy.actor.lib.jjs.modules.audio.AudioHelper
In file: /home/travis/build/icyphy/ptII/ptolemy/actor/lib/jjs/modules/audio/audio.js

java.lang.ClassNotFoundException: ptolemy.actor.lib.jjs.modules.audio.AudioHelper
	at java.base/jdk.internal.loader.BuiltinClassLoader.loadClass(BuiltinClassLoader.java:583)
	at java.base/jdk.internal.loader.ClassLoaders$AppClassLoader.loadClass(ClassLoaders.java:178)
	at java.base/java.lang.ClassLoader.loadClass(ClassLoader.java:521)
	at java.base/java.lang.Class.forName0(Native Method)
	at java.base/java.lang.Class.forName(Class.java:398)
	at jdk.scripting.nashorn/jdk.nashorn.internal.runtime.Context.findClass(Context.java:1180)
	at jdk.scripting.nashorn/jdk.nashorn.internal.objects.NativeJava.simpleType(NativeJava.java:546)
	at jdk.scripting.nashorn/jdk.nashorn.internal.objects.NativeJava.type(NativeJava.java:326)
	at jdk.scripting.nashorn/jdk.nashorn.internal.objects.NativeJava.type(NativeJava.java:318)
	at jdk.scripting.nashorn/jdk.nashorn.internal.objects.NativeJava.type(NativeJava.java:314)
	at jdk.scripting.nashorn.scripts/jdk.nashorn.internal.scripts.Script$Recompilation$83105$require.L:1(/home/travis/build/icyphy/ptII/ptolemy/actor/lib/jjs/external/require.js#409:30<eval>:48)
	at jdk.scripting.nashorn.scripts/jdk.nashorn.internal.scripts.Script$Recompilation$83015$require.L:45#_require(/home/travis/build/icyphy/ptII/ptolemy/actor/lib/jjs/external/require.js:429)
	at jdk.scripting.nashorn.scripts/jdk.nashorn.internal.scripts.Script$Recompilation$83019$21065A$require.L:45#_requireClosure#L:466(/home/travis/build/icyphy/ptII/ptolemy/actor/lib/jjs/external/require.js:467)
	at jdk.scripting.nashorn.scripts/jdk.nashorn.internal.scripts.Script$Recompilation$83093$1AAAAAAAAAAAAAA$\^function\_.L:1(<function>:97)
	at jdk.scripting.nashorn.scripts/jdk.nashorn.internal.scripts.Script$Recompilation$83092$17933AAAAAA$require$cu1$restOf.L:1#Accessor(/home/travis/build/icyphy/ptII/ptolemy/actor/lib/jjs/external/require.js#409:30<eval>:545)
	at jdk.scripting.nashorn.scripts/jdk.nashorn.internal.scripts.Script$Recompilation$83078$2801AAA$\^eval\_.evaluateCode(<eval>:96)
	at jdk.scripting.nashorn/jdk.nashorn.internal.runtime.ScriptFunctionData.invoke(ScriptFunctionData.java:661)
	at jdk.scripting.nashorn/jdk.nashorn.internal.runtime.ScriptFunction.invoke(ScriptFunction.java:513)
	at jdk.scripting.nashorn/jdk.nashorn.internal.runtime.ScriptRuntime.apply(ScriptRuntime.java:527)
	at jdk.scripting.nashorn/jdk.nashorn.api.scripting.ScriptObjectMirror.callMember(ScriptObjectMirror.java:202)
	at jdk.scripting.nashorn/jdk.nashorn.api.scripting.NashornScriptEngine.invokeImpl(NashornScriptEngine.java:393)
	at jdk.scripting.nashorn/jdk.nashorn.api.scripting.NashornScriptEngine.invokeFunction(NashornScriptEngine.java:197)
	at ptolemy.actor.lib.jjs.JavaScript._createEngineAndEvaluateSetup(JavaScript.java:2493)
	at ptolemy.actor.lib.jjs.JavaScript.attributeChanged(JavaScript.java:548)
	at org.terraswarm.accessor.JSAccessor.attributeChanged(JSAccessor.java:312)
	at ptolemy.data.expr.Variable._setTokenAndNotify(Variable.java:2271)
	at ptolemy.data.expr.Variable._evaluate(Variable.java:1873)
	at ptolemy.data.expr.Variable._propagate(Variable.java:1984)
	at ptolemy.data.expr.Variable.validate(Variable.java:1596)
	at ptolemy.moml.MoMLParser.endDocument(MoMLParser.java:867)
	at com.microstar.xml.XmlParser.doParse(XmlParser.java:162)
	at com.microstar.xml.XmlParser.parse(XmlParser.java:132)
	at ptolemy.moml.MoMLParser.parse(MoMLParser.java:1676)
	at ptolemy.moml.MoMLParser.parse(MoMLParser.java:1617)
	at ptolemy.moml.MoMLParser.parse(MoMLParser.java:1792)
	at org.terraswarm.accessor.AccessorLibrary.populate(AccessorLibrary.java:194)
	at ptolemy.moml.EntityLibrary.classDefinitionList(EntityLibrary.java:307)
	at ptolemy.kernel.CompositeEntity._description(CompositeEntity.java:2292)
	at ptolemy.kernel.CompositeEntity._description(CompositeEntity.java:2307)
	at ptolemy.kernel.CompositeEntity._description(CompositeEntity.java:2307)
	at ptolemy.kernel.CompositeEntity._description(CompositeEntity.java:2307)
	at ptolemy.kernel.util.NamedObj.description(NamedObj.java:731)
	at ptolemy.kernel.util.NamedObj.description(NamedObj.java:715)
	at java.base/jdk.internal.reflect.NativeMethodAccessorImpl.invoke0(Native Method)
	at java.base/jdk.internal.reflect.NativeMethodAccessorImpl.invoke(NativeMethodAccessorImpl.java:62)
	at java.base/jdk.internal.reflect.DelegatingMethodAccessorImpl.invoke(DelegatingMethodAccessorImpl.java:43)
	at java.base/java.lang.reflect.Method.invoke(Method.java:566)
	at tcl.lang.reflect.PkgInvoker.invokeMethod(PkgInvoker.java:129)
	at tcl.lang.JavaInvoke.call(JavaInvoke.java:253)
	at tcl.lang.JavaInvoke.callMethod(JavaInvoke.java:116)
	at tcl.lang.ReflectObject.cmdProc(ReflectObject.java:727)
	at tcl.lang.Parser.evalObjv(Parser.java:740)
	at tcl.lang.Parser.eval2(Parser.java:1138)
	at tcl.lang.Parser.evalTokens(Parser.java:930)
	at tcl.lang.Parser.eval2(Parser.java:1125)
	at tcl.lang.Parser.evalTokens(Parser.java:930)
	at tcl.lang.Parser.eval2(Parser.java:1125)
	at tcl.lang.Interp.eval(Interp.java:1782)
	at tcl.lang.Interp.eval(Interp.java:1841)
	at tcl.lang.UplevelCmd.cmdProc(UplevelCmd.java:93)
	at tcl.lang.Parser.evalObjv(Parser.java:740)
	at tcl.lang.Parser.eval2(Parser.java:1138)
	at tcl.lang.Interp.eval(Interp.java:1782)
	at tcl.lang.Interp.eval(Interp.java:1841)
	at tcl.lang.CatchCmd.cmdProc(CatchCmd.java:42)
	at tcl.lang.Parser.evalObjv(Parser.java:740)
	at tcl.lang.Parser.eval2(Parser.java:1138)
	at tcl.lang.Parser.evalTokens(Parser.java:930)
	at tcl.lang.Parser.eval2(Parser.java:1125)
	at tcl.lang.Procedure.cmdProc(Procedure.java:175)
	at tcl.lang.Parser.evalObjv(Parser.java:740)
	at tcl.lang.Parser.eval2(Parser.java:1138)
	at tcl.lang.Interp.eval(Interp.java:1782)
	at tcl.lang.Interp.eval(Interp.java:1841)
	at tcl.lang.ForeachCmd.cmdProc(ForeachCmd.java:116)
	at tcl.lang.AutoloadStub.cmdProc(Extension.java:144)
	at tcl.lang.Parser.evalObjv(Parser.java:740)
	at tcl.lang.Parser.eval2(Parser.java:1138)
	at tcl.lang.Interp.eval(Interp.java:1782)
	at tcl.lang.Interp.evalFile(Interp.java:1880)
	at java.base/jdk.internal.reflect.NativeMethodAccessorImpl.invoke0(Native Method)
	at java.base/jdk.internal.reflect.NativeMethodAccessorImpl.invoke(NativeMethodAccessorImpl.java:62)
	at java.base/jdk.internal.reflect.DelegatingMethodAccessorImpl.invoke(DelegatingMethodAccessorImpl.java:43)
	at java.base/java.lang.reflect.Method.invoke(Method.java:566)
	at ptolemy.util.test.junit.TclTests.RunTclFile(TclTests.java:233)
	at java.base/jdk.internal.reflect.NativeMethodAccessorImpl.invoke0(Native Method)
	at java.base/jdk.internal.reflect.NativeMethodAccessorImpl.invoke(NativeMethodAccessorImpl.java:62)
	at java.base/jdk.internal.reflect.DelegatingMethodAccessorImpl.invoke(DelegatingMethodAccessorImpl.java:43)
	at java.base/java.lang.reflect.Method.invoke(Method.java:566)
	at org.junit.runners.model.FrameworkMethod$1.runReflectiveCall(FrameworkMethod.java:44)
	at org.junit.internal.runners.model.ReflectiveCallable.run(ReflectiveCallable.java:15)
	at org.junit.runners.model.FrameworkMethod.invokeExplosively(FrameworkMethod.java:41)
	at junitparams.internal.InvokeParameterisedMethod.evaluate(InvokeParameterisedMethod.java:102)
	at junitparams.internal.ParameterisedTestMethodRunner.runMethodInvoker(ParameterisedTestMethodRunner.java:47)
	at junitparams.internal.ParameterisedTestMethodRunner.runTestMethod(ParameterisedTestMethodRunner.java:41)
	at junitparams.internal.ParameterisedTestClassRunner.runParameterisedTest(ParameterisedTestClassRunner.java:143)
	at junitparams.JUnitParamsRunner.runChild(JUnitParamsRunner.java:237)
	at junitparams.JUnitParamsRunner.runChild(JUnitParamsRunner.java:215)
	at org.junit.runners.ParentRunner$3.run(ParentRunner.java:193)
	at org.junit.runners.ParentRunner$1.schedule(ParentRunner.java:52)
	at org.junit.runners.ParentRunner.runChildren(ParentRunner.java:191)
	at org.junit.runners.ParentRunner.access$000(ParentRunner.java:42)
	at org.junit.runners.ParentRunner$2.evaluate(ParentRunner.java:184)
	at org.junit.internal.runners.statements.RunAfters.evaluate(RunAfters.java:31)
	at org.junit.runners.ParentRunner.run(ParentRunner.java:236)
	at org.junit.runners.Suite.runChild(Suite.java:128)
	at org.junit.runners.Suite.runChild(Suite.java:24)
	at org.junit.runners.ParentRunner$3.run(ParentRunner.java:193)
	at org.junit.runners.ParentRunner$1.schedule(ParentRunner.java:52)
	at org.junit.runners.ParentRunner.runChildren(ParentRunner.java:191)
	at org.junit.runners.ParentRunner.access$000(ParentRunner.java:42)
	at org.junit.runners.ParentRunner$2.evaluate(ParentRunner.java:184)
	at org.junit.runners.ParentRunner.run(ParentRunner.java:236)
	at junit.framework.JUnit4TestAdapter.run(JUnit4TestAdapter.java:39)
	at org.apache.tools.ant.taskdefs.optional.junit.JUnitTestRunner.run(JUnitTestRunner.java:535)
	at org.apache.tools.ant.taskdefs.optional.junit.JUnitTestRunner.launch(JUnitTestRunner.java:1182)
	at org.apache.tools.ant.taskdefs.optional.junit.JUnitTestRunner.main(JUnitTestRunner.java:1033)
 in /home/travis/build/icyphy/ptII/ptolemy/actor/lib/jjs/external/require.js at line number 454 at column number 12
	at ptolemy.data.expr.Variable.validate(Variable.java:1619)
	at ptolemy.moml.MoMLParser.endDocument(MoMLParser.java:867)
	at com.microstar.xml.XmlParser.doParse(XmlParser.java:162)
	at com.microstar.xml.XmlParser.parse(XmlParser.java:132)
	at ptolemy.moml.MoMLParser.parse(MoMLParser.java:1676)
	at ptolemy.moml.MoMLParser.parse(MoMLParser.java:1617)
	at ptolemy.moml.MoMLParser.parse(MoMLParser.java:1792)
	at org.terraswarm.accessor.AccessorLibrary.populate(AccessorLibrary.java:194)
	... 81 more
Caused by: ptolemy.kernel.util.IllegalActionException: Error evaluating expression:
// Copyright (c) 2015-2017 The Regents of the University of California.
...
  in .configuration.actor library.Accessors.audio.AudioCapture.script
Because:
Failed to evaluate script.
  in .configuration.actor library.Accessors.audio.AudioCapture
Because:
Error: Error executing module audio line #undefined : ptolemy.actor.lib.jjs.modules.audio.AudioHelper
In file: /home/travis/build/icyphy/ptII/ptolemy/actor/lib/jjs/modules/audio/audio.js

java.lang.ClassNotFoundException: ptolemy.actor.lib.jjs.modules.audio.AudioHelper
	at java.base/jdk.internal.loader.BuiltinClassLoader.loadClass(BuiltinClassLoader.java:583)
	at java.base/jdk.internal.loader.ClassLoaders$AppClassLoader.loadClass(ClassLoaders.java:178)
	at java.base/java.lang.ClassLoader.loadClass(ClassLoader.java:521)
	at java.base/java.lang.Class.forName0(Native Method)
	at java.base/java.lang.Class.forName(Class.java:398)
	at jdk.scripting.nashorn/jdk.nashorn.internal.runtime.Context.findClass(Context.java:1180)
	at jdk.scripting.nashorn/jdk.nashorn.internal.objects.NativeJava.simpleType(NativeJava.java:546)
	at jdk.scripting.nashorn/jdk.nashorn.internal.objects.NativeJava.type(NativeJava.java:326)
	at jdk.scripting.nashorn/jdk.nashorn.internal.objects.NativeJava.type(NativeJava.java:318)
	at jdk.scripting.nashorn/jdk.nashorn.internal.objects.NativeJava.type(NativeJava.java:314)
	at jdk.scripting.nashorn.scripts/jdk.nashorn.internal.scripts.Script$Recompilation$83105$require.L:1(/home/travis/build/icyphy/ptII/ptolemy/actor/lib/jjs/external/require.js#409:30<eval>:48)
	at jdk.scripting.nashorn.scripts/jdk.nashorn.internal.scripts.Script$Recompilation$83015$require.L:45#_require(/home/travis/build/icyphy/ptII/ptolemy/actor/lib/jjs/external/require.js:429)
	at jdk.scripting.nashorn.scripts/jdk.nashorn.internal.scripts.Script$Recompilation$83019$21065A$require.L:45#_requireClosure#L:466(/home/travis/build/icyphy/ptII/ptolemy/actor/lib/jjs/external/require.js:467)
	at jdk.scripting.nashorn.scripts/jdk.nashorn.internal.scripts.Script$Recompilation$83093$1AAAAAAAAAAAAAA$\^function\_.L:1(<function>:97)
	at jdk.scripting.nashorn.scripts/jdk.nashorn.internal.scripts.Script$Recompilation$83092$17933AAAAAA$require$cu1$restOf.L:1#Accessor(/home/travis/build/icyphy/ptII/ptolemy/actor/lib/jjs/external/require.js#409:30<eval>:545)
	at jdk.scripting.nashorn.scripts/jdk.nashorn.internal.scripts.Script$Recompilation$83078$2801AAA$\^eval\_.evaluateCode(<eval>:96)
	at jdk.scripting.nashorn/jdk.nashorn.internal.runtime.ScriptFunctionData.invoke(ScriptFunctionData.java:661)
	at jdk.scripting.nashorn/jdk.nashorn.internal.runtime.ScriptFunction.invoke(ScriptFunction.java:513)
	at jdk.scripting.nashorn/jdk.nashorn.internal.runtime.ScriptRuntime.apply(ScriptRuntime.java:527)
	at jdk.scripting.nashorn/jdk.nashorn.api.scripting.ScriptObjectMirror.callMember(ScriptObjectMirror.java:202)
	at jdk.scripting.nashorn/jdk.nashorn.api.scripting.NashornScriptEngine.invokeImpl(NashornScriptEngine.java:393)
	at jdk.scripting.nashorn/jdk.nashorn.api.scripting.NashornScriptEngine.invokeFunction(NashornScriptEngine.java:197)
	at ptolemy.actor.lib.jjs.JavaScript._createEngineAndEvaluateSetup(JavaScript.java:2493)
	at ptolemy.actor.lib.jjs.JavaScript.attributeChanged(JavaScript.java:548)
	at org.terraswarm.accessor.JSAccessor.attributeChanged(JSAccessor.java:312)
	at ptolemy.data.expr.Variable._setTokenAndNotify(Variable.java:2271)
	at ptolemy.data.expr.Variable._evaluate(Variable.java:1873)
	at ptolemy.data.expr.Variable._propagate(Variable.java:1984)
	at ptolemy.data.expr.Variable.validate(Variable.java:1596)
	at ptolemy.moml.MoMLParser.endDocument(MoMLParser.java:867)
	at com.microstar.xml.XmlParser.doParse(XmlParser.java:162)
	at com.microstar.xml.XmlParser.parse(XmlParser.java:132)
	at ptolemy.moml.MoMLParser.parse(MoMLParser.java:1676)
	at ptolemy.moml.MoMLParser.parse(MoMLParser.java:1617)
	at ptolemy.moml.MoMLParser.parse(MoMLParser.java:1792)
	at org.terraswarm.accessor.AccessorLibrary.populate(AccessorLibrary.java:194)
	at ptolemy.moml.EntityLibrary.classDefinitionList(EntityLibrary.java:307)
	at ptolemy.kernel.CompositeEntity._description(CompositeEntity.java:2292)
	at ptolemy.kernel.CompositeEntity._description(CompositeEntity.java:2307)
	at ptolemy.kernel.CompositeEntity._description(CompositeEntity.java:2307)
	at ptolemy.kernel.CompositeEntity._description(CompositeEntity.java:2307)
	at ptolemy.kernel.util.NamedObj.description(NamedObj.java:731)
	at ptolemy.kernel.util.NamedObj.description(NamedObj.java:715)
	at java.base/jdk.internal.reflect.NativeMethodAccessorImpl.invoke0(Native Method)
	at java.base/jdk.internal.reflect.NativeMethodAccessorImpl.invoke(NativeMethodAccessorImpl.java:62)
	at java.base/jdk.internal.reflect.DelegatingMethodAccessorImpl.invoke(DelegatingMethodAccessorImpl.java:43)
	at java.base/java.lang.reflect.Method.invoke(Method.java:566)
	at tcl.lang.reflect.PkgInvoker.invokeMethod(PkgInvoker.java:129)
	at tcl.lang.JavaInvoke.call(JavaInvoke.java:253)
	at tcl.lang.JavaInvoke.callMethod(JavaInvoke.java:116)
	at tcl.lang.ReflectObject.cmdProc(ReflectObject.java:727)
	at tcl.lang.Parser.evalObjv(Parser.java:740)
	at tcl.lang.Parser.eval2(Parser.java:1138)
	at tcl.lang.Parser.evalTokens(Parser.java:930)
	at tcl.lang.Parser.eval2(Parser.java:1125)
	at tcl.lang.Parser.evalTokens(Parser.java:930)
	at tcl.lang.Parser.eval2(Parser.java:1125)
	at tcl.lang.Interp.eval(Interp.java:1782)
	at tcl.lang.Interp.eval(Interp.java:1841)
	at tcl.lang.UplevelCmd.cmdProc(UplevelCmd.java:93)
	at tcl.lang.Parser.evalObjv(Parser.java:740)
	at tcl.lang.Parser.eval2(Parser.java:1138)
	at tcl.lang.Interp.eval(Interp.java:1782)
	at tcl.lang.Interp.eval(Interp.java:1841)
	at tcl.lang.CatchCmd.cmdProc(CatchCmd.java:42)
	at tcl.lang.Parser.evalObjv(Parser.java:740)
	at tcl.lang.Parser.eval2(Parser.java:1138)
	at tcl.lang.Parser.evalTokens(Parser.java:930)
	at tcl.lang.Parser.eval2(Parser.java:1125)
	at tcl.lang.Procedure.cmdProc(Procedure.java:175)
	at tcl.lang.Parser.evalObjv(Parser.java:740)
	at tcl.lang.Parser.eval2(Parser.java:1138)
	at tcl.lang.Interp.eval(Interp.java:1782)
	at tcl.lang.Interp.eval(Interp.java:1841)
	at tcl.lang.ForeachCmd.cmdProc(ForeachCmd.java:116)
	at tcl.lang.AutoloadStub.cmdProc(Extension.java:144)
	at tcl.lang.Parser.evalObjv(Parser.java:740)
	at tcl.lang.Parser.eval2(Parser.java:1138)
	at tcl.lang.Interp.eval(Interp.java:1782)
	at tcl.lang.Interp.evalFile(Interp.java:1880)
	at java.base/jdk.internal.reflect.NativeMethodAccessorImpl.invoke0(Native Method)
	at java.base/jdk.internal.reflect.NativeMethodAccessorImpl.invoke(NativeMethodAccessorImpl.java:62)
	at java.base/jdk.internal.reflect.DelegatingMethodAccessorImpl.invoke(DelegatingMethodAccessorImpl.java:43)
	at java.base/java.lang.reflect.Method.invoke(Method.java:566)
	at ptolemy.util.test.junit.TclTests.RunTclFile(TclTests.java:233)
	at java.base/jdk.internal.reflect.NativeMethodAccessorImpl.invoke0(Native Method)
	at java.base/jdk.internal.reflect.NativeMethodAccessorImpl.invoke(NativeMethodAccessorImpl.java:62)
	at java.base/jdk.internal.reflect.DelegatingMethodAccessorImpl.invoke(DelegatingMethodAccessorImpl.java:43)
	at java.base/java.lang.reflect.Method.invoke(Method.java:566)
	at org.junit.runners.model.FrameworkMethod$1.runReflectiveCall(FrameworkMethod.java:44)
	at org.junit.internal.runners.model.ReflectiveCallable.run(ReflectiveCallable.java:15)
	at org.junit.runners.model.FrameworkMethod.invokeExplosively(FrameworkMethod.java:41)
	at junitparams.internal.InvokeParameterisedMethod.evaluate(InvokeParameterisedMethod.java:102)
	at junitparams.internal.ParameterisedTestMethodRunner.runMethodInvoker(ParameterisedTestMethodRunner.java:47)
	at junitparams.internal.ParameterisedTestMethodRunner.runTestMethod(ParameterisedTestMethodRunner.java:41)
	at junitparams.internal.ParameterisedTestClassRunner.runParameterisedTest(ParameterisedTestClassRunner.java:143)
	at junitparams.JUnitParamsRunner.runChild(JUnitParamsRunner.java:237)
	at junitparams.JUnitParamsRunner.runChild(JUnitParamsRunner.java:215)
	at org.junit.runners.ParentRunner$3.run(ParentRunner.java:193)
	at org.junit.runners.ParentRunner$1.schedule(ParentRunner.java:52)
	at org.junit.runners.ParentRunner.runChildren(ParentRunner.java:191)
	at org.junit.runners.ParentRunner.access$000(ParentRunner.java:42)
	at org.junit.runners.ParentRunner$2.evaluate(ParentRunner.java:184)
	at org.junit.internal.runners.statements.RunAfters.evaluate(RunAfters.java:31)
	at org.junit.runners.ParentRunner.run(ParentRunner.java:236)
	at org.junit.runners.Suite.runChild(Suite.java:128)
	at org.junit.runners.Suite.runChild(Suite.java:24)
	at org.junit.runners.ParentRunner$3.run(ParentRunner.java:193)
	at org.junit.runners.ParentRunner$1.schedule(ParentRunner.java:52)
	at org.junit.runners.ParentRunner.runChildren(ParentRunner.java:191)
	at org.junit.runners.ParentRunner.access$000(ParentRunner.java:42)
	at org.junit.runners.ParentRunner$2.evaluate(ParentRunner.java:184)
	at org.junit.runners.ParentRunner.run(ParentRunner.java:236)
	at junit.framework.JUnit4TestAdapter.run(JUnit4TestAdapter.java:39)
	at org.apache.tools.ant.taskdefs.optional.junit.JUnitTestRunner.run(JUnitTestRunner.java:535)
	at org.apache.tools.ant.taskdefs.optional.junit.JUnitTestRunner.launch(JUnitTestRunner.java:1182)
	at org.apache.tools.ant.taskdefs.optional.junit.JUnitTestRunner.main(JUnitTestRunner.java:1033)
 in /home/travis/build/icyphy/ptII/ptolemy/actor/lib/jjs/external/require.js at line number 454 at column number 12
	at ptolemy.data.expr.Variable._evaluate(Variable.java:1891)
	at ptolemy.data.expr.Variable._propagate(Variable.java:1984)
	at ptolemy.data.expr.Variable.validate(Variable.java:1596)
	... 88 more
Caused by: ptolemy.kernel.util.IllegalActionException: Failed to evaluate script.
  in .configuration.actor library.Accessors.audio.AudioCapture
Because:
Error: Error executing module audio line #undefined : ptolemy.actor.lib.jjs.modules.audio.AudioHelper
In file: /home/travis/build/icyphy/ptII/ptolemy/actor/lib/jjs/modules/audio/audio.js

java.lang.ClassNotFoundException: ptolemy.actor.lib.jjs.modules.audio.AudioHelper
	at java.base/jdk.internal.loader.BuiltinClassLoader.loadClass(BuiltinClassLoader.java:583)
	at java.base/jdk.internal.loader.ClassLoaders$AppClassLoader.loadClass(ClassLoaders.java:178)
	at java.base/java.lang.ClassLoader.loadClass(ClassLoader.java:521)
	at java.base/java.lang.Class.forName0(Native Method)
	at java.base/java.lang.Class.forName(Class.java:398)
	at jdk.scripting.nashorn/jdk.nashorn.internal.runtime.Context.findClass(Context.java:1180)
	at jdk.scripting.nashorn/jdk.nashorn.internal.objects.NativeJava.simpleType(NativeJava.java:546)
	at jdk.scripting.nashorn/jdk.nashorn.internal.objects.NativeJava.type(NativeJava.java:326)
	at jdk.scripting.nashorn/jdk.nashorn.internal.objects.NativeJava.type(NativeJava.java:318)
	at jdk.scripting.nashorn/jdk.nashorn.internal.objects.NativeJava.type(NativeJava.java:314)
	at jdk.scripting.nashorn.scripts/jdk.nashorn.internal.scripts.Script$Recompilation$83105$require.L:1(/home/travis/build/icyphy/ptII/ptolemy/actor/lib/jjs/external/require.js#409:30<eval>:48)
	at jdk.scripting.nashorn.scripts/jdk.nashorn.internal.scripts.Script$Recompilation$83015$require.L:45#_require(/home/travis/build/icyphy/ptII/ptolemy/actor/lib/jjs/external/require.js:429)
	at jdk.scripting.nashorn.scripts/jdk.nashorn.internal.scripts.Script$Recompilation$83019$21065A$require.L:45#_requireClosure#L:466(/home/travis/build/icyphy/ptII/ptolemy/actor/lib/jjs/external/require.js:467)
	at jdk.scripting.nashorn.scripts/jdk.nashorn.internal.scripts.Script$Recompilation$83093$1AAAAAAAAAAAAAA$\^function\_.L:1(<function>:97)
	at jdk.scripting.nashorn.scripts/jdk.nashorn.internal.scripts.Script$Recompilation$83092$17933AAAAAA$require$cu1$restOf.L:1#Accessor(/home/travis/build/icyphy/ptII/ptolemy/actor/lib/jjs/external/require.js#409:30<eval>:545)
	at jdk.scripting.nashorn.scripts/jdk.nashorn.internal.scripts.Script$Recompilation$83078$2801AAA$\^eval\_.evaluateCode(<eval>:96)
	at jdk.scripting.nashorn/jdk.nashorn.internal.runtime.ScriptFunctionData.invoke(ScriptFunctionData.java:661)
	at jdk.scripting.nashorn/jdk.nashorn.internal.runtime.ScriptFunction.invoke(ScriptFunction.java:513)
	at jdk.scripting.nashorn/jdk.nashorn.internal.runtime.ScriptRuntime.apply(ScriptRuntime.java:527)
	at jdk.scripting.nashorn/jdk.nashorn.api.scripting.ScriptObjectMirror.callMember(ScriptObjectMirror.java:202)
	at jdk.scripting.nashorn/jdk.nashorn.api.scripting.NashornScriptEngine.invokeImpl(NashornScriptEngine.java:393)
	at jdk.scripting.nashorn/jdk.nashorn.api.scripting.NashornScriptEngine.invokeFunction(NashornScriptEngine.java:197)
	at ptolemy.actor.lib.jjs.JavaScript._createEngineAndEvaluateSetup(JavaScript.java:2493)
	at ptolemy.actor.lib.jjs.JavaScript.attributeChanged(JavaScript.java:548)
	at org.terraswarm.accessor.JSAccessor.attributeChanged(JSAccessor.java:312)
	at ptolemy.data.expr.Variable._setTokenAndNotify(Variable.java:2271)
	at ptolemy.data.expr.Variable._evaluate(Variable.java:1873)
	at ptolemy.data.expr.Variable._propagate(Variable.java:1984)
	at ptolemy.data.expr.Variable.validate(Variable.java:1596)
	at ptolemy.moml.MoMLParser.endDocument(MoMLParser.java:867)
	at com.microstar.xml.XmlParser.doParse(XmlParser.java:162)
	at com.microstar.xml.XmlParser.parse(XmlParser.java:132)
	at ptolemy.moml.MoMLParser.parse(MoMLParser.java:1676)
	at ptolemy.moml.MoMLParser.parse(MoMLParser.java:1617)
	at ptolemy.moml.MoMLParser.parse(MoMLParser.java:1792)
	at org.terraswarm.accessor.AccessorLibrary.populate(AccessorLibrary.java:194)
	at ptolemy.moml.EntityLibrary.classDefinitionList(EntityLibrary.java:307)
	at ptolemy.kernel.CompositeEntity._description(CompositeEntity.java:2292)
	at ptolemy.kernel.CompositeEntity._description(CompositeEntity.java:2307)
	at ptolemy.kernel.CompositeEntity._description(CompositeEntity.java:2307)
	at ptolemy.kernel.CompositeEntity._description(CompositeEntity.java:2307)
	at ptolemy.kernel.util.NamedObj.description(NamedObj.java:731)
	at ptolemy.kernel.util.NamedObj.description(NamedObj.java:715)
	at java.base/jdk.internal.reflect.NativeMethodAccessorImpl.invoke0(Native Method)
	at java.base/jdk.internal.reflect.NativeMethodAccessorImpl.invoke(NativeMethodAccessorImpl.java:62)
	at java.base/jdk.internal.reflect.DelegatingMethodAccessorImpl.invoke(DelegatingMethodAccessorImpl.java:43)
	at java.base/java.lang.reflect.Method.invoke(Method.java:566)
	at tcl.lang.reflect.PkgInvoker.invokeMethod(PkgInvoker.java:129)
	at tcl.lang.JavaInvoke.call(JavaInvoke.java:253)
	at tcl.lang.JavaInvoke.callMethod(JavaInvoke.java:116)
	at tcl.lang.ReflectObject.cmdProc(ReflectObject.java:727)
	at tcl.lang.Parser.evalObjv(Parser.java:740)
	at tcl.lang.Parser.eval2(Parser.java:1138)
	at tcl.lang.Parser.evalTokens(Parser.java:930)
	at tcl.lang.Parser.eval2(Parser.java:1125)
	at tcl.lang.Parser.evalTokens(Parser.java:930)
	at tcl.lang.Parser.eval2(Parser.java:1125)
	at tcl.lang.Interp.eval(Interp.java:1782)
	at tcl.lang.Interp.eval(Interp.java:1841)
	at tcl.lang.UplevelCmd.cmdProc(UplevelCmd.java:93)
	at tcl.lang.Parser.evalObjv(Parser.java:740)
	at tcl.lang.Parser.eval2(Parser.java:1138)
	at tcl.lang.Interp.eval(Interp.java:1782)
	at tcl.lang.Interp.eval(Interp.java:1841)
	at tcl.lang.CatchCmd.cmdProc(CatchCmd.java:42)
	at tcl.lang.Parser.evalObjv(Parser.java:740)
	at tcl.lang.Parser.eval2(Parser.java:1138)
	at tcl.lang.Parser.evalTokens(Parser.java:930)
	at tcl.lang.Parser.eval2(Parser.java:1125)
	at tcl.lang.Procedure.cmdProc(Procedure.java:175)
	at tcl.lang.Parser.evalObjv(Parser.java:740)
	at tcl.lang.Parser.eval2(Parser.java:1138)
	at tcl.lang.Interp.eval(Interp.java:1782)
	at tcl.lang.Interp.eval(Interp.java:1841)
	at tcl.lang.ForeachCmd.cmdProc(ForeachCmd.java:116)
	at tcl.lang.AutoloadStub.cmdProc(Extension.java:144)
	at tcl.lang.Parser.evalObjv(Parser.java:740)
	at tcl.lang.Parser.eval2(Parser.java:1138)
	at tcl.lang.Interp.eval(Interp.java:1782)
	at tcl.lang.Interp.evalFile(Interp.java:1880)
	at java.base/jdk.internal.reflect.NativeMethodAccessorImpl.invoke0(Native Method)
	at java.base/jdk.internal.reflect.NativeMethodAccessorImpl.invoke(NativeMethodAccessorImpl.java:62)
	at java.base/jdk.internal.reflect.DelegatingMethodAccessorImpl.invoke(DelegatingMethodAccessorImpl.java:43)
	at java.base/java.lang.reflect.Method.invoke(Method.java:566)
	at ptolemy.util.test.junit.TclTests.RunTclFile(TclTests.java:233)
	at java.base/jdk.internal.reflect.NativeMethodAccessorImpl.invoke0(Native Method)
	at java.base/jdk.internal.reflect.NativeMethodAccessorImpl.invoke(NativeMethodAccessorImpl.java:62)
	at java.base/jdk.internal.reflect.DelegatingMethodAccessorImpl.invoke(DelegatingMethodAccessorImpl.java:43)
	at java.base/java.lang.reflect.Method.invoke(Method.java:566)
	at org.junit.runners.model.FrameworkMethod$1.runReflectiveCall(FrameworkMethod.java:44)
	at org.junit.internal.runners.model.ReflectiveCallable.run(ReflectiveCallable.java:15)
	at org.junit.runners.model.FrameworkMethod.invokeExplosively(FrameworkMethod.java:41)
	at junitparams.internal.InvokeParameterisedMethod.evaluate(InvokeParameterisedMethod.java:102)
	at junitparams.internal.ParameterisedTestMethodRunner.runMethodInvoker(ParameterisedTestMethodRunner.java:47)
	at junitparams.internal.ParameterisedTestMethodRunner.runTestMethod(ParameterisedTestMethodRunner.java:41)
	at junitparams.internal.ParameterisedTestClassRunner.runParameterisedTest(ParameterisedTestClassRunner.java:143)
	at junitparams.JUnitParamsRunner.runChild(JUnitParamsRunner.java:237)
	at junitparams.JUnitParamsRunner.runChild(JUnitParamsRunner.java:215)
	at org.junit.runners.ParentRunner$3.run(ParentRunner.java:193)
	at org.junit.runners.ParentRunner$1.schedule(ParentRunner.java:52)
	at org.junit.runners.ParentRunner.runChildren(ParentRunner.java:191)
	at org.junit.runners.ParentRunner.access$000(ParentRunner.java:42)
	at org.junit.runners.ParentRunner$2.evaluate(ParentRunner.java:184)
	at org.junit.internal.runners.statements.RunAfters.evaluate(RunAfters.java:31)
	at org.junit.runners.ParentRunner.run(ParentRunner.java:236)
	at org.junit.runners.Suite.runChild(Suite.java:128)
	at org.junit.runners.Suite.runChild(Suite.java:24)
	at org.junit.runners.ParentRunner$3.run(ParentRunner.java:193)
	at org.junit.runners.ParentRunner$1.schedule(ParentRunner.java:52)
	at org.junit.runners.ParentRunner.runChildren(ParentRunner.java:191)
	at org.junit.runners.ParentRunner.access$000(ParentRunner.java:42)
	at org.junit.runners.ParentRunner$2.evaluate(ParentRunner.java:184)
	at org.junit.runners.ParentRunner.run(ParentRunner.java:236)
	at junit.framework.JUnit4TestAdapter.run(JUnit4TestAdapter.java:39)
	at org.apache.tools.ant.taskdefs.optional.junit.JUnitTestRunner.run(JUnitTestRunner.java:535)
	at org.apache.tools.ant.taskdefs.optional.junit.JUnitTestRunner.launch(JUnitTestRunner.java:1182)
	at org.apache.tools.ant.taskdefs.optional.junit.JUnitTestRunner.main(JUnitTestRunner.java:1033)
 in /home/travis/build/icyphy/ptII/ptolemy/actor/lib/jjs/external/require.js at line number 454 at column number 12
	at ptolemy.actor.lib.jjs.JavaScript._createEngineAndEvaluateSetup(JavaScript.java:2497)
	at ptolemy.actor.lib.jjs.JavaScript.attributeChanged(JavaScript.java:548)
	at org.terraswarm.accessor.JSAccessor.attributeChanged(JSAccessor.java:312)
	at ptolemy.data.expr.Variable._setTokenAndNotify(Variable.java:2271)
	at ptolemy.data.expr.Variable._evaluate(Variable.java:1873)
	... 90 more
Caused by: javax.script.ScriptException: Error: Error executing module audio line #undefined : ptolemy.actor.lib.jjs.modules.audio.AudioHelper
In file: /home/travis/build/icyphy/ptII/ptolemy/actor/lib/jjs/modules/audio/audio.js

java.lang.ClassNotFoundException: ptolemy.actor.lib.jjs.modules.audio.AudioHelper
	at java.base/jdk.internal.loader.BuiltinClassLoader.loadClass(BuiltinClassLoader.java:583)
	at java.base/jdk.internal.loader.ClassLoaders$AppClassLoader.loadClass(ClassLoaders.java:178)
	at java.base/java.lang.ClassLoader.loadClass(ClassLoader.java:521)
	at java.base/java.lang.Class.forName0(Native Method)
	at java.base/java.lang.Class.forName(Class.java:398)
	at jdk.scripting.nashorn/jdk.nashorn.internal.runtime.Context.findClass(Context.java:1180)
	at jdk.scripting.nashorn/jdk.nashorn.internal.objects.NativeJava.simpleType(NativeJava.java:546)
	at jdk.scripting.nashorn/jdk.nashorn.internal.objects.NativeJava.type(NativeJava.java:326)
	at jdk.scripting.nashorn/jdk.nashorn.internal.objects.NativeJava.type(NativeJava.java:318)
	at jdk.scripting.nashorn/jdk.nashorn.internal.objects.NativeJava.type(NativeJava.java:314)
	at jdk.scripting.nashorn.scripts/jdk.nashorn.internal.scripts.Script$Recompilation$83105$require.L:1(/home/travis/build/icyphy/ptII/ptolemy/actor/lib/jjs/external/require.js#409:30<eval>:48)
	at jdk.scripting.nashorn.scripts/jdk.nashorn.internal.scripts.Script$Recompilation$83015$require.L:45#_require(/home/travis/build/icyphy/ptII/ptolemy/actor/lib/jjs/external/require.js:429)
	at jdk.scripting.nashorn.scripts/jdk.nashorn.internal.scripts.Script$Recompilation$83019$21065A$require.L:45#_requireClosure#L:466(/home/travis/build/icyphy/ptII/ptolemy/actor/lib/jjs/external/require.js:467)
	at jdk.scripting.nashorn.scripts/jdk.nashorn.internal.scripts.Script$Recompilation$83093$1AAAAAAAAAAAAAA$\^function\_.L:1(<function>:97)
	at jdk.scripting.nashorn.scripts/jdk.nashorn.internal.scripts.Script$Recompilation$83092$17933AAAAAA$require$cu1$restOf.L:1#Accessor(/home/travis/build/icyphy/ptII/ptolemy/actor/lib/jjs/external/require.js#409:30<eval>:545)
	at jdk.scripting.nashorn.scripts/jdk.nashorn.internal.scripts.Script$Recompilation$83078$2801AAA$\^eval\_.evaluateCode(<eval>:96)
	at jdk.scripting.nashorn/jdk.nashorn.internal.runtime.ScriptFunctionData.invoke(ScriptFunctionData.java:661)
	at jdk.scripting.nashorn/jdk.nashorn.internal.runtime.ScriptFunction.invoke(ScriptFunction.java:513)
	at jdk.scripting.nashorn/jdk.nashorn.internal.runtime.ScriptRuntime.apply(ScriptRuntime.java:527)
	at jdk.scripting.nashorn/jdk.nashorn.api.scripting.ScriptObjectMirror.callMember(ScriptObjectMirror.java:202)
	at jdk.scripting.nashorn/jdk.nashorn.api.scripting.NashornScriptEngine.invokeImpl(NashornScriptEngine.java:393)
	at jdk.scripting.nashorn/jdk.nashorn.api.scripting.NashornScriptEngine.invokeFunction(NashornScriptEngine.java:197)
	at ptolemy.actor.lib.jjs.JavaScript._createEngineAndEvaluateSetup(JavaScript.java:2493)
	at ptolemy.actor.lib.jjs.JavaScript.attributeChanged(JavaScript.java:548)
	at org.terraswarm.accessor.JSAccessor.attributeChanged(JSAccessor.java:312)
	at ptolemy.data.expr.Variable._setTokenAndNotify(Variable.java:2271)
	at ptolemy.data.expr.Variable._evaluate(Variable.java:1873)
	at ptolemy.data.expr.Variable._propagate(Variable.java:1984)
	at ptolemy.data.expr.Variable.validate(Variable.java:1596)
	at ptolemy.moml.MoMLParser.endDocument(MoMLParser.java:867)
	at com.microstar.xml.XmlParser.doParse(XmlParser.java:162)
	at com.microstar.xml.XmlParser.parse(XmlParser.java:132)
	at ptolemy.moml.MoMLParser.parse(MoMLParser.java:1676)
	at ptolemy.moml.MoMLParser.parse(MoMLParser.java:1617)
	at ptolemy.moml.MoMLParser.parse(MoMLParser.java:1792)
	at org.terraswarm.accessor.AccessorLibrary.populate(AccessorLibrary.java:194)
	at ptolemy.moml.EntityLibrary.classDefinitionList(EntityLibrary.java:307)
	at ptolemy.kernel.CompositeEntity._description(CompositeEntity.java:2292)
	at ptolemy.kernel.CompositeEntity._description(CompositeEntity.java:2307)
	at ptolemy.kernel.CompositeEntity._description(CompositeEntity.java:2307)
	at ptolemy.kernel.CompositeEntity._description(CompositeEntity.java:2307)
	at ptolemy.kernel.util.NamedObj.description(NamedObj.java:731)
	at ptolemy.kernel.util.NamedObj.description(NamedObj.java:715)
	at java.base/jdk.internal.reflect.NativeMethodAccessorImpl.invoke0(Native Method)
	at java.base/jdk.internal.reflect.NativeMethodAccessorImpl.invoke(NativeMethodAccessorImpl.java:62)
	at java.base/jdk.internal.reflect.DelegatingMethodAccessorImpl.invoke(DelegatingMethodAccessorImpl.java:43)
	at java.base/java.lang.reflect.Method.invoke(Method.java:566)
	at tcl.lang.reflect.PkgInvoker.invokeMethod(PkgInvoker.java:129)
	at tcl.lang.JavaInvoke.call(JavaInvoke.java:253)
	at tcl.lang.JavaInvoke.callMethod(JavaInvoke.java:116)
	at tcl.lang.ReflectObject.cmdProc(ReflectObject.java:727)
	at tcl.lang.Parser.evalObjv(Parser.java:740)
	at tcl.lang.Parser.eval2(Parser.java:1138)
	at tcl.lang.Parser.evalTokens(Parser.java:930)
	at tcl.lang.Parser.eval2(Parser.java:1125)
	at tcl.lang.Parser.evalTokens(Parser.java:930)
	at tcl.lang.Parser.eval2(Parser.java:1125)
	at tcl.lang.Interp.eval(Interp.java:1782)
	at tcl.lang.Interp.eval(Interp.java:1841)
	at tcl.lang.UplevelCmd.cmdProc(UplevelCmd.java:93)
	at tcl.lang.Parser.evalObjv(Parser.java:740)
	at tcl.lang.Parser.eval2(Parser.java:1138)
	at tcl.lang.Interp.eval(Interp.java:1782)
	at tcl.lang.Interp.eval(Interp.java:1841)
	at tcl.lang.CatchCmd.cmdProc(CatchCmd.java:42)
	at tcl.lang.Parser.evalObjv(Parser.java:740)
	at tcl.lang.Parser.eval2(Parser.java:1138)
	at tcl.lang.Parser.evalTokens(Parser.java:930)
	at tcl.lang.Parser.eval2(Parser.java:1125)
	at tcl.lang.Procedure.cmdProc(Procedure.java:175)
	at tcl.lang.Parser.evalObjv(Parser.java:740)
	at tcl.lang.Parser.eval2(Parser.java:1138)
	at tcl.lang.Interp.eval(Interp.java:1782)
	at tcl.lang.Interp.eval(Interp.java:1841)
	at tcl.lang.ForeachCmd.cmdProc(ForeachCmd.java:116)
	at tcl.lang.AutoloadStub.cmdProc(Extension.java:144)
	at tcl.lang.Parser.evalObjv(Parser.java:740)
	at tcl.lang.Parser.eval2(Parser.java:1138)
	at tcl.lang.Interp.eval(Interp.java:1782)
	at tcl.lang.Interp.evalFile(Interp.java:1880)
	at java.base/jdk.internal.reflect.NativeMethodAccessorImpl.invoke0(Native Method)
	at java.base/jdk.internal.reflect.NativeMethodAccessorImpl.invoke(NativeMethodAccessorImpl.java:62)
	at java.base/jdk.internal.reflect.DelegatingMethodAccessorImpl.invoke(DelegatingMethodAccessorImpl.java:43)
	at java.base/java.lang.reflect.Method.invoke(Method.java:566)
	at ptolemy.util.test.junit.TclTests.RunTclFile(TclTests.java:233)
	at java.base/jdk.internal.reflect.NativeMethodAccessorImpl.invoke0(Native Method)
	at java.base/jdk.internal.reflect.NativeMethodAccessorImpl.invoke(NativeMethodAccessorImpl.java:62)
	at java.base/jdk.internal.reflect.DelegatingMethodAccessorImpl.invoke(DelegatingMethodAccessorImpl.java:43)
	at java.base/java.lang.reflect.Method.invoke(Method.java:566)
	at org.junit.runners.model.FrameworkMethod$1.runReflectiveCall(FrameworkMethod.java:44)
	at org.junit.internal.runners.model.ReflectiveCallable.run(ReflectiveCallable.java:15)
	at org.junit.runners.model.FrameworkMethod.invokeExplosively(FrameworkMethod.java:41)
	at junitparams.internal.InvokeParameterisedMethod.evaluate(InvokeParameterisedMethod.java:102)
	at junitparams.internal.ParameterisedTestMethodRunner.runMethodInvoker(ParameterisedTestMethodRunner.java:47)
	at junitparams.internal.ParameterisedTestMethodRunner.runTestMethod(ParameterisedTestMethodRunner.java:41)
	at junitparams.internal.ParameterisedTestClassRunner.runParameterisedTest(ParameterisedTestClassRunner.java:143)
	at junitparams.JUnitParamsRunner.runChild(JUnitParamsRunner.java:237)
	at junitparams.JUnitParamsRunner.runChild(JUnitParamsRunner.java:215)
	at org.junit.runners.ParentRunner$3.run(ParentRunner.java:193)
	at org.junit.runners.ParentRunner$1.schedule(ParentRunner.java:52)
	at org.junit.runners.ParentRunner.runChildren(ParentRunner.java:191)
	at org.junit.runners.ParentRunner.access$000(ParentRunner.java:42)
	at org.junit.runners.ParentRunner$2.evaluate(ParentRunner.java:184)
	at org.junit.internal.runners.statements.RunAfters.evaluate(RunAfters.java:31)
	at org.junit.runners.ParentRunner.run(ParentRunner.java:236)
	at org.junit.runners.Suite.runChild(Suite.java:128)
	at org.junit.runners.Suite.runChild(Suite.java:24)
	at org.junit.runners.ParentRunner$3.run(ParentRunner.java:193)
	at org.junit.runners.ParentRunner$1.schedule(ParentRunner.java:52)
	at org.junit.runners.ParentRunner.runChildren(ParentRunner.java:191)
	at org.junit.runners.ParentRunner.access$000(ParentRunner.java:42)
	at org.junit.runners.ParentRunner$2.evaluate(ParentRunner.java:184)
	at org.junit.runners.ParentRunner.run(ParentRunner.java:236)
	at junit.framework.JUnit4TestAdapter.run(JUnit4TestAdapter.java:39)
	at org.apache.tools.ant.taskdefs.optional.junit.JUnitTestRunner.run(JUnitTestRunner.java:535)
	at org.apache.tools.ant.taskdefs.optional.junit.JUnitTestRunner.launch(JUnitTestRunner.java:1182)
	at org.apache.tools.ant.taskdefs.optional.junit.JUnitTestRunner.main(JUnitTestRunner.java:1033)
 in /home/travis/build/icyphy/ptII/ptolemy/actor/lib/jjs/external/require.js at line number 454 at column number 12
	at jdk.scripting.nashorn/jdk.nashorn.api.scripting.NashornScriptEngine.throwAsScriptException(NashornScriptEngine.java:477)
	at jdk.scripting.nashorn/jdk.nashorn.api.scripting.NashornScriptEngine.invokeImpl(NashornScriptEngine.java:399)
	at jdk.scripting.nashorn/jdk.nashorn.api.scripting.NashornScriptEngine.invokeFunction(NashornScriptEngine.java:197)
	at ptolemy.actor.lib.jjs.JavaScript._createEngineAndEvaluateSetup(JavaScript.java:2493)
	... 94 more
Caused by: /home/travis/build/icyphy/ptII/ptolemy/actor/lib/jjs/external/require.js:454:12 Error: Error executing module audio line #undefined : ptolemy.actor.lib.jjs.modules.audio.AudioHelper
In file: /home/travis/build/icyphy/ptII/ptolemy/actor/lib/jjs/modules/audio/audio.js

java.lang.ClassNotFoundException: ptolemy.actor.lib.jjs.modules.audio.AudioHelper
	at java.base/jdk.internal.loader.BuiltinClassLoader.loadClass(BuiltinClassLoader.java:583)
	at java.base/jdk.internal.loader.ClassLoaders$AppClassLoader.loadClass(ClassLoaders.java:178)
	at java.base/java.lang.ClassLoader.loadClass(ClassLoader.java:521)
	at java.base/java.lang.Class.forName0(Native Method)
	at java.base/java.lang.Class.forName(Class.java:398)
	at jdk.scripting.nashorn/jdk.nashorn.internal.runtime.Context.findClass(Context.java:1180)
	at jdk.scripting.nashorn/jdk.nashorn.internal.objects.NativeJava.simpleType(NativeJava.java:546)
	at jdk.scripting.nashorn/jdk.nashorn.internal.objects.NativeJava.type(NativeJava.java:326)
	at jdk.scripting.nashorn/jdk.nashorn.internal.objects.NativeJava.type(NativeJava.java:318)
	at jdk.scripting.nashorn/jdk.nashorn.internal.objects.NativeJava.type(NativeJava.java:314)
	at jdk.scripting.nashorn.scripts/jdk.nashorn.internal.scripts.Script$Recompilation$83105$require.L:1(/home/travis/build/icyphy/ptII/ptolemy/actor/lib/jjs/external/require.js#409:30<eval>:48)
	at jdk.scripting.nashorn.scripts/jdk.nashorn.internal.scripts.Script$Recompilation$83015$require.L:45#_require(/home/travis/build/icyphy/ptII/ptolemy/actor/lib/jjs/external/require.js:429)
	at jdk.scripting.nashorn.scripts/jdk.nashorn.internal.scripts.Script$Recompilation$83019$21065A$require.L:45#_requireClosure#L:466(/home/travis/build/icyphy/ptII/ptolemy/actor/lib/jjs/external/require.js:467)
	at jdk.scripting.nashorn.scripts/jdk.nashorn.internal.scripts.Script$Recompilation$83093$1AAAAAAAAAAAAAA$\^function\_.L:1(<function>:97)
	at jdk.scripting.nashorn.scripts/jdk.nashorn.internal.scripts.Script$Recompilation$83092$17933AAAAAA$require$cu1$restOf.L:1#Accessor(/home/travis/build/icyphy/ptII/ptolemy/actor/lib/jjs/external/require.js#409:30<eval>:545)
	at jdk.scripting.nashorn.scripts/jdk.nashorn.internal.scripts.Script$Recompilation$83078$2801AAA$\^eval\_.evaluateCode(<eval>:96)
	at jdk.scripting.nashorn/jdk.nashorn.internal.runtime.ScriptFunctionData.invoke(ScriptFunctionData.java:661)
	at jdk.scripting.nashorn/jdk.nashorn.internal.runtime.ScriptFunction.invoke(ScriptFunction.java:513)
	at jdk.scripting.nashorn/jdk.nashorn.internal.runtime.ScriptRuntime.apply(ScriptRuntime.java:527)
	at jdk.scripting.nashorn/jdk.nashorn.api.scripting.ScriptObjectMirror.callMember(ScriptObjectMirror.java:202)
	at jdk.scripting.nashorn/jdk.nashorn.api.scripting.NashornScriptEngine.invokeImpl(NashornScriptEngine.java:393)
	at jdk.scripting.nashorn/jdk.nashorn.api.scripting.NashornScriptEngine.invokeFunction(NashornScriptEngine.java:197)
	at ptolemy.actor.lib.jjs.JavaScript._createEngineAndEvaluateSetup(JavaScript.java:2493)
	at ptolemy.actor.lib.jjs.JavaScript.attributeChanged(JavaScript.java:548)
	at org.terraswarm.accessor.JSAccessor.attributeChanged(JSAccessor.java:312)
	at ptolemy.data.expr.Variable._setTokenAndNotify(Variable.java:2271)
	at ptolemy.data.expr.Variable._evaluate(Variable.java:1873)
	at ptolemy.data.expr.Variable._propagate(Variable.java:1984)
	at ptolemy.data.expr.Variable.validate(Variable.java:1596)
	at ptolemy.moml.MoMLParser.endDocument(MoMLParser.java:867)
	at com.microstar.xml.XmlParser.doParse(XmlParser.java:162)
	at com.microstar.xml.XmlParser.parse(XmlParser.java:132)
	at ptolemy.moml.MoMLParser.parse(MoMLParser.java:1676)
	at ptolemy.moml.MoMLParser.parse(MoMLParser.java:1617)
	at ptolemy.moml.MoMLParser.parse(MoMLParser.java:1792)
	at org.terraswarm.accessor.AccessorLibrary.populate(AccessorLibrary.java:194)
	at ptolemy.moml.EntityLibrary.classDefinitionList(EntityLibrary.java:307)
	at ptolemy.kernel.CompositeEntity._description(CompositeEntity.java:2292)
	at ptolemy.kernel.CompositeEntity._description(CompositeEntity.java:2307)
	at ptolemy.kernel.CompositeEntity._description(CompositeEntity.java:2307)
	at ptolemy.kernel.CompositeEntity._description(CompositeEntity.java:2307)
	at ptolemy.kernel.util.NamedObj.description(NamedObj.java:731)
	at ptolemy.kernel.util.NamedObj.description(NamedObj.java:715)
	at java.base/jdk.internal.reflect.NativeMethodAccessorImpl.invoke0(Native Method)
	at java.base/jdk.internal.reflect.NativeMethodAccessorImpl.invoke(NativeMethodAccessorImpl.java:62)
	at java.base/jdk.internal.reflect.DelegatingMethodAccessorImpl.invoke(DelegatingMethodAccessorImpl.java:43)
	at java.base/java.lang.reflect.Method.invoke(Method.java:566)
	at tcl.lang.reflect.PkgInvoker.invokeMethod(PkgInvoker.java:129)
	at tcl.lang.JavaInvoke.call(JavaInvoke.java:253)
	at tcl.lang.JavaInvoke.callMethod(JavaInvoke.java:116)
	at tcl.lang.ReflectObject.cmdProc(ReflectObject.java:727)
	at tcl.lang.Parser.evalObjv(Parser.java:740)
	at tcl.lang.Parser.eval2(Parser.java:1138)
	at tcl.lang.Parser.evalTokens(Parser.java:930)
	at tcl.lang.Parser.eval2(Parser.java:1125)
	at tcl.lang.Parser.evalTokens(Parser.java:930)
	at tcl.lang.Parser.eval2(Parser.java:1125)
	at tcl.lang.Interp.eval(Interp.java:1782)
	at tcl.lang.Interp.eval(Interp.java:1841)
	at tcl.lang.UplevelCmd.cmdProc(UplevelCmd.java:93)
	at tcl.lang.Parser.evalObjv(Parser.java:740)
	at tcl.lang.Parser.eval2(Parser.java:1138)
	at tcl.lang.Interp.eval(Interp.java:1782)
	at tcl.lang.Interp.eval(Interp.java:1841)
	at tcl.lang.CatchCmd.cmdProc(CatchCmd.java:42)
	at tcl.lang.Parser.evalObjv(Parser.java:740)
	at tcl.lang.Parser.eval2(Parser.java:1138)
	at tcl.lang.Parser.evalTokens(Parser.java:930)
	at tcl.lang.Parser.eval2(Parser.java:1125)
	at tcl.lang.Procedure.cmdProc(Procedure.java:175)
	at tcl.lang.Parser.evalObjv(Parser.java:740)
	at tcl.lang.Parser.eval2(Parser.java:1138)
	at tcl.lang.Interp.eval(Interp.java:1782)
	at tcl.lang.Interp.eval(Interp.java:1841)
	at tcl.lang.ForeachCmd.cmdProc(ForeachCmd.java:116)
	at tcl.lang.AutoloadStub.cmdProc(Extension.java:144)
	at tcl.lang.Parser.evalObjv(Parser.java:740)
	at tcl.lang.Parser.eval2(Parser.java:1138)
	at tcl.lang.Interp.eval(Interp.java:1782)
	at tcl.lang.Interp.evalFile(Interp.java:1880)
	at java.base/jdk.internal.reflect.NativeMethodAccessorImpl.invoke0(Native Method)
	at java.base/jdk.internal.reflect.NativeMethodAccessorImpl.invoke(NativeMethodAccessorImpl.java:62)
	at java.base/jdk.internal.reflect.DelegatingMethodAccessorImpl.invoke(DelegatingMethodAccessorImpl.java:43)
	at java.base/java.lang.reflect.Method.invoke(Method.java:566)
	at ptolemy.util.test.junit.TclTests.RunTclFile(TclTests.java:233)
	at java.base/jdk.internal.reflect.NativeMethodAccessorImpl.invoke0(Native Method)
	at java.base/jdk.internal.reflect.NativeMethodAccessorImpl.invoke(NativeMethodAccessorImpl.java:62)
	at java.base/jdk.internal.reflect.DelegatingMethodAccessorImpl.invoke(DelegatingMethodAccessorImpl.java:43)
	at java.base/java.lang.reflect.Method.invoke(Method.java:566)
	at org.junit.runners.model.FrameworkMethod$1.runReflectiveCall(FrameworkMethod.java:44)
	at org.junit.internal.runners.model.ReflectiveCallable.run(ReflectiveCallable.java:15)
	at org.junit.runners.model.FrameworkMethod.invokeExplosively(FrameworkMethod.java:41)
	at junitparams.internal.InvokeParameterisedMethod.evaluate(InvokeParameterisedMethod.java:102)
	at junitparams.internal.ParameterisedTestMethodRunner.runMethodInvoker(ParameterisedTestMethodRunner.java:47)
	at junitparams.internal.ParameterisedTestMethodRunner.runTestMethod(ParameterisedTestMethodRunner.java:41)
	at junitparams.internal.ParameterisedTestClassRunner.runParameterisedTest(ParameterisedTestClassRunner.java:143)
	at junitparams.JUnitParamsRunner.runChild(JUnitParamsRunner.java:237)
	at junitparams.JUnitParamsRunner.runChild(JUnitParamsRunner.java:215)
	at org.junit.runners.ParentRunner$3.run(ParentRunner.java:193)
	at org.junit.runners.ParentRunner$1.schedule(ParentRunner.java:52)
	at org.junit.runners.ParentRunner.runChildren(ParentRunner.java:191)
	at org.junit.runners.ParentRunner.access$000(ParentRunner.java:42)
	at org.junit.runners.ParentRunner$2.evaluate(ParentRunner.java:184)
	at org.junit.internal.runners.statements.RunAfters.evaluate(RunAfters.java:31)
	at org.junit.runners.ParentRunner.run(ParentRunner.java:236)
	at org.junit.runners.Suite.runChild(Suite.java:128)
	at org.junit.runners.Suite.runChild(Suite.java:24)
	at org.junit.runners.ParentRunner$3.run(ParentRunner.java:193)
	at org.junit.runners.ParentRunner$1.schedule(ParentRunner.java:52)
	at org.junit.runners.ParentRunner.runChildren(ParentRunner.java:191)
	at org.junit.runners.ParentRunner.access$000(ParentRunner.java:42)
	at org.junit.runners.ParentRunner$2.evaluate(ParentRunner.java:184)
	at org.junit.runners.ParentRunner.run(ParentRunner.java:236)
	at junit.framework.JUnit4TestAdapter.run(JUnit4TestAdapter.java:39)
	at org.apache.tools.ant.taskdefs.optional.junit.JUnitTestRunner.run(JUnitTestRunner.java:535)
	at org.apache.tools.ant.taskdefs.optional.junit.JUnitTestRunner.launch(JUnitTestRunner.java:1182)
	at org.apache.tools.ant.taskdefs.optional.junit.JUnitTestRunner.main(JUnitTestRunner.java:1033)

	at jdk.scripting.nashorn/jdk.nashorn.internal.objects.NativeError.initException(NativeError.java:135)
	at jdk.scripting.nashorn/jdk.nashorn.internal.objects.NativeError.<init>(NativeError.java:101)
	at jdk.scripting.nashorn/jdk.nashorn.internal.objects.NativeError.<init>(NativeError.java:105)
	at jdk.scripting.nashorn/jdk.nashorn.internal.objects.NativeError.<init>(NativeError.java:109)
	at jdk.scripting.nashorn/jdk.nashorn.internal.objects.NativeError.constructor(NativeError.java:128)
	at jdk.scripting.nashorn.scripts/jdk.nashorn.internal.scripts.Script$Recompilation$83111$require$cu1$restOf.L:45#_require(/home/travis/build/icyphy/ptII/ptolemy/actor/lib/jjs/external/require.js:454)
	at jdk.scripting.nashorn.scripts/jdk.nashorn.internal.scripts.Script$Recompilation$83019$21065A$require.L:45#_requireClosure#L:466(/home/travis/build/icyphy/ptII/ptolemy/actor/lib/jjs/external/require.js:467)
	at jdk.scripting.nashorn.scripts/jdk.nashorn.internal.scripts.Script$Recompilation$83093$1AAAAAAAAAAAAAA$\^function\_.L:1(<function>:97)
	at jdk.scripting.nashorn.scripts/jdk.nashorn.internal.scripts.Script$Recompilation$83092$17933AAAAAA$require$cu1$restOf.L:1#Accessor(/home/travis/build/icyphy/ptII/ptolemy/actor/lib/jjs/external/require.js#409:30<eval>:545)
	at jdk.scripting.nashorn.scripts/jdk.nashorn.internal.scripts.Script$Recompilation$83078$2801AAA$\^eval\_.evaluateCode(<eval>:96)
	at jdk.scripting.nashorn/jdk.nashorn.internal.runtime.ScriptFunctionData.invoke(ScriptFunctionData.java:661)
	at jdk.scripting.nashorn/jdk.nashorn.internal.runtime.ScriptFunction.invoke(ScriptFunction.java:513)
	at jdk.scripting.nashorn/jdk.nashorn.internal.runtime.ScriptRuntime.apply(ScriptRuntime.java:527)
	at jdk.scripting.nashorn/jdk.nashorn.api.scripting.ScriptObjectMirror.callMember(ScriptObjectMirror.java:202)
	at jdk.scripting.nashorn/jdk.nashorn.api.scripting.NashornScriptEngine.invokeImpl(NashornScriptEngine.java:393)
	... 96 more
Caused by: ptolemy.kernel.util.IllegalActionException: Error evaluating expression:
// Copyright (c) 2015-2017 The Regents of the University of California.
...
  in .configuration.actor library.Accessors.audio.AudioCapture.script
Because:
Failed to evaluate script.
  in .configuration.actor library.Accessors.audio.AudioCapture
Because:
Error: Error executing module audio line #undefined : ptolemy.actor.lib.jjs.modules.audio.AudioHelper
In file: /home/travis/build/icyphy/ptII/ptolemy/actor/lib/jjs/modules/audio/audio.js

java.lang.ClassNotFoundException: ptolemy.actor.lib.jjs.modules.audio.AudioHelper
	at java.base/jdk.internal.loader.BuiltinClassLoader.loadClass(BuiltinClassLoader.java:583)
	at java.base/jdk.internal.loader.ClassLoaders$AppClassLoader.loadClass(ClassLoaders.java:178)
	at java.base/java.lang.ClassLoader.loadClass(ClassLoader.java:521)
	at java.base/java.lang.Class.forName0(Native Method)
	at java.base/java.lang.Class.forName(Class.java:398)
	at jdk.scripting.nashorn/jdk.nashorn.internal.runtime.Context.findClass(Context.java:1180)
	at jdk.scripting.nashorn/jdk.nashorn.internal.objects.NativeJava.simpleType(NativeJava.java:546)
	at jdk.scripting.nashorn/jdk.nashorn.internal.objects.NativeJava.type(NativeJava.java:326)
	at jdk.scripting.nashorn/jdk.nashorn.internal.objects.NativeJava.type(NativeJava.java:318)
	at jdk.scripting.nashorn/jdk.nashorn.internal.objects.NativeJava.type(NativeJava.java:314)
	at jdk.scripting.nashorn.scripts/jdk.nashorn.internal.scripts.Script$Recompilation$83105$require.L:1(/home/travis/build/icyphy/ptII/ptolemy/actor/lib/jjs/external/require.js#409:30<eval>:48)
	at jdk.scripting.nashorn.scripts/jdk.nashorn.internal.scripts.Script$Recompilation$83015$require.L:45#_require(/home/travis/build/icyphy/ptII/ptolemy/actor/lib/jjs/external/require.js:429)
	at jdk.scripting.nashorn.scripts/jdk.nashorn.internal.scripts.Script$Recompilation$83019$21065A$require.L:45#_requireClosure#L:466(/home/travis/build/icyphy/ptII/ptolemy/actor/lib/jjs/external/require.js:467)
	at jdk.scripting.nashorn.scripts/jdk.nashorn.internal.scripts.Script$Recompilation$83093$1AAAAAAAAAAAAAA$\^function\_.L:1(<function>:97)
	at jdk.scripting.nashorn.scripts/jdk.nashorn.internal.scripts.Script$Recompilation$83092$17933AAAAAA$require$cu1$restOf.L:1#Accessor(/home/travis/build/icyphy/ptII/ptolemy/actor/lib/jjs/external/require.js#409:30<eval>:545)
	at jdk.scripting.nashorn.scripts/jdk.nashorn.internal.scripts.Script$Recompilation$83078$2801AAA$\^eval\_.evaluateCode(<eval>:96)
	at jdk.scripting.nashorn/jdk.nashorn.internal.runtime.ScriptFunctionData.invoke(ScriptFunctionData.java:661)
	at jdk.scripting.nashorn/jdk.nashorn.internal.runtime.ScriptFunction.invoke(ScriptFunction.java:513)
	at jdk.scripting.nashorn/jdk.nashorn.internal.runtime.ScriptRuntime.apply(ScriptRuntime.java:527)
	at jdk.scripting.nashorn/jdk.nashorn.api.scripting.ScriptObjectMirror.callMember(ScriptObjectMirror.java:202)
	at jdk.scripting.nashorn/jdk.nashorn.api.scripting.NashornScriptEngine.invokeImpl(NashornScriptEngine.java:393)
	at jdk.scripting.nashorn/jdk.nashorn.api.scripting.NashornScriptEngine.invokeFunction(NashornScriptEngine.java:197)
	at ptolemy.actor.lib.jjs.JavaScript._createEngineAndEvaluateSetup(JavaScript.java:2493)
	at ptolemy.actor.lib.jjs.JavaScript.attributeChanged(JavaScript.java:548)
	at org.terraswarm.accessor.JSAccessor.attributeChanged(JSAccessor.java:312)
	at ptolemy.data.expr.Variable._setTokenAndNotify(Variable.java:2271)
	at ptolemy.data.expr.Variable._evaluate(Variable.java:1873)
	at ptolemy.data.expr.Variable._propagate(Variable.java:1984)
	at ptolemy.data.expr.Variable.validate(Variable.java:1596)
	at ptolemy.moml.MoMLParser.endDocument(MoMLParser.java:867)
	at com.microstar.xml.XmlParser.doParse(XmlParser.java:162)
	at com.microstar.xml.XmlParser.parse(XmlParser.java:132)
	at ptolemy.moml.MoMLParser.parse(MoMLParser.java:1676)
	at ptolemy.moml.MoMLParser.parse(MoMLParser.java:1617)
	at ptolemy.moml.MoMLParser.parse(MoMLParser.java:1792)
	at org.terraswarm.accessor.AccessorLibrary.populate(AccessorLibrary.java:194)
	at ptolemy.moml.EntityLibrary.classDefinitionList(EntityLibrary.java:307)
	at ptolemy.kernel.CompositeEntity._description(CompositeEntity.java:2292)
	at ptolemy.kernel.CompositeEntity._description(CompositeEntity.java:2307)
	at ptolemy.kernel.CompositeEntity._description(CompositeEntity.java:2307)
	at ptolemy.kernel.CompositeEntity._description(CompositeEntity.java:2307)
	at ptolemy.kernel.util.NamedObj.description(NamedObj.java:731)
	at ptolemy.kernel.util.NamedObj.description(NamedObj.java:715)
	at java.base/jdk.internal.reflect.NativeMethodAccessorImpl.invoke0(Native Method)
	at java.base/jdk.internal.reflect.NativeMethodAccessorImpl.invoke(NativeMethodAccessorImpl.java:62)
	at java.base/jdk.internal.reflect.DelegatingMethodAccessorImpl.invoke(DelegatingMethodAccessorImpl.java:43)
	at java.base/java.lang.reflect.Method.invoke(Method.java:566)
	at tcl.lang.reflect.PkgInvoker.invokeMethod(PkgInvoker.java:129)
	at tcl.lang.JavaInvoke.call(JavaInvoke.java:253)
	at tcl.lang.JavaInvoke.callMethod(JavaInvoke.java:116)
	at tcl.lang.ReflectObject.cmdProc(ReflectObject.java:727)
	at tcl.lang.Parser.evalObjv(Parser.java:740)
	at tcl.lang.Parser.eval2(Parser.java:1138)
	at tcl.lang.Parser.evalTokens(Parser.java:930)
	at tcl.lang.Parser.eval2(Parser.java:1125)
	at tcl.lang.Parser.evalTokens(Parser.java:930)
	at tcl.lang.Parser.eval2(Parser.java:1125)
	at tcl.lang.Interp.eval(Interp.java:1782)
	at tcl.lang.Interp.eval(Interp.java:1841)
	at tcl.lang.UplevelCmd.cmdProc(UplevelCmd.java:93)
	at tcl.lang.Parser.evalObjv(Parser.java:740)
	at tcl.lang.Parser.eval2(Parser.java:1138)
	at tcl.lang.Interp.eval(Interp.java:1782)
	at tcl.lang.Interp.eval(Interp.java:1841)
	at tcl.lang.CatchCmd.cmdProc(CatchCmd.java:42)
	at tcl.lang.Parser.evalObjv(Parser.java:740)
	at tcl.lang.Parser.eval2(Parser.java:1138)
	at tcl.lang.Parser.evalTokens(Parser.java:930)
	at tcl.lang.Parser.eval2(Parser.java:1125)
	at tcl.lang.Procedure.cmdProc(Procedure.java:175)
	at tcl.lang.Parser.evalObjv(Parser.java:740)
	at tcl.lang.Parser.eval2(Parser.java:1138)
	at tcl.lang.Interp.eval(Interp.java:1782)
	at tcl.lang.Interp.eval(Interp.java:1841)
	at tcl.lang.ForeachCmd.cmdProc(ForeachCmd.java:116)
	at tcl.lang.AutoloadStub.cmdProc(Extension.java:144)
	at tcl.lang.Parser.evalObjv(Parser.java:740)
	at tcl.lang.Parser.eval2(Parser.java:1138)
	at tcl.lang.Interp.eval(Interp.java:1782)
	at tcl.lang.Interp.evalFile(Interp.java:1880)
	at java.base/jdk.internal.reflect.NativeMethodAccessorImpl.invoke0(Native Method)
	at java.base/jdk.internal.reflect.NativeMethodAccessorImpl.invoke(NativeMethodAccessorImpl.java:62)
	at java.base/jdk.internal.reflect.DelegatingMethodAccessorImpl.invoke(DelegatingMethodAccessorImpl.java:43)
	at java.base/java.lang.reflect.Method.invoke(Method.java:566)
	at ptolemy.util.test.junit.TclTests.RunTclFile(TclTests.java:233)
	at java.base/jdk.internal.reflect.NativeMethodAccessorImpl.invoke0(Native Method)
	at java.base/jdk.internal.reflect.NativeMethodAccessorImpl.invoke(NativeMethodAccessorImpl.java:62)
	at java.base/jdk.internal.reflect.DelegatingMethodAccessorImpl.invoke(DelegatingMethodAccessorImpl.java:43)
	at java.base/java.lang.reflect.Method.invoke(Method.java:566)
	at org.junit.runners.model.FrameworkMethod$1.runReflectiveCall(FrameworkMethod.java:44)
	at org.junit.internal.runners.model.ReflectiveCallable.run(ReflectiveCallable.java:15)
	at org.junit.runners.model.FrameworkMethod.invokeExplosively(FrameworkMethod.java:41)
	at junitparams.internal.InvokeParameterisedMethod.evaluate(InvokeParameterisedMethod.java:102)
	at junitparams.internal.ParameterisedTestMethodRunner.runMethodInvoker(ParameterisedTestMethodRunner.java:47)
	at junitparams.internal.ParameterisedTestMethodRunner.runTestMethod(ParameterisedTestMethodRunner.java:41)
	at junitparams.internal.ParameterisedTestClassRunner.runParameterisedTest(ParameterisedTestClassRunner.java:143)
	at junitparams.JUnitParamsRunner.runChild(JUnitParamsRunner.java:237)
	at junitparams.JUnitParamsRunner.runChild(JUnitParamsRunner.java:215)
	at org.junit.runners.ParentRunner$3.run(ParentRunner.java:193)
	at org.junit.runners.ParentRunner$1.schedule(ParentRunner.java:52)
	at org.junit.runners.ParentRunner.runChildren(ParentRunner.java:191)
	at org.junit.runners.ParentRunner.access$000(ParentRunner.java:42)
	at org.junit.runners.ParentRunner$2.evaluate(ParentRunner.java:184)
	at org.junit.internal.runners.statements.RunAfters.evaluate(RunAfters.java:31)
	at org.junit.runners.ParentRunner.run(ParentRunner.java:236)
	at org.junit.runners.Suite.runChild(Suite.java:128)
	at org.junit.runners.Suite.runChild(Suite.java:24)
	at org.junit.runners.ParentRunner$3.run(ParentRunner.java:193)
	at org.junit.runners.ParentRunner$1.schedule(ParentRunner.java:52)
	at org.junit.runners.ParentRunner.runChildren(ParentRunner.java:191)
	at org.junit.runners.ParentRunner.access$000(ParentRunner.java:42)
	at org.junit.runners.ParentRunner$2.evaluate(ParentRunner.java:184)
	at org.junit.runners.ParentRunner.run(ParentRunner.java:236)
	at junit.framework.JUnit4TestAdapter.run(JUnit4TestAdapter.java:39)
	at org.apache.tools.ant.taskdefs.optional.junit.JUnitTestRunner.run(JUnitTestRunner.java:535)
	at org.apache.tools.ant.taskdefs.optional.junit.JUnitTestRunner.launch(JUnitTestRunner.java:1182)
	at org.apache.tools.ant.taskdefs.optional.junit.JUnitTestRunner.main(JUnitTestRunner.java:1033)
 in /home/travis/build/icyphy/ptII/ptolemy/actor/lib/jjs/external/require.js at line number 454 at column number 12
  in .configuration.actor library.Accessors.audio.AudioCapture.script
Because:
Error evaluating expression:
// Copyright (c) 2015-2017 The Regents of the University of California.
...
  in .configuration.actor library.Accessors.audio.AudioCapture.script
Because:
Failed to evaluate script.
  in .configuration.actor library.Accessors.audio.AudioCapture
Because:
Error: Error executing module audio line #undefined : ptolemy.actor.lib.jjs.modules.audio.AudioHelper
In file: /home/travis/build/icyphy/ptII/ptolemy/actor/lib/jjs/modules/audio/audio.js

java.lang.ClassNotFoundException: ptolemy.actor.lib.jjs.modules.audio.AudioHelper
	at java.base/jdk.internal.loader.BuiltinClassLoader.loadClass(BuiltinClassLoader.java:583)
	at java.base/jdk.internal.loader.ClassLoaders$AppClassLoader.loadClass(ClassLoaders.java:178)
	at java.base/java.lang.ClassLoader.loadClass(ClassLoader.java:521)
	at java.base/java.lang.Class.forName0(Native Method)
	at java.base/java.lang.Class.forName(Class.java:398)
	at jdk.scripting.nashorn/jdk.nashorn.internal.runtime.Context.findClass(Context.java:1180)
	at jdk.scripting.nashorn/jdk.nashorn.internal.objects.NativeJava.simpleType(NativeJava.java:546)
	at jdk.scripting.nashorn/jdk.nashorn.internal.objects.NativeJava.type(NativeJava.java:326)
	at jdk.scripting.nashorn/jdk.nashorn.internal.objects.NativeJava.type(NativeJava.java:318)
	at jdk.scripting.nashorn/jdk.nashorn.internal.objects.NativeJava.type(NativeJava.java:314)
	at jdk.scripting.nashorn.scripts/jdk.nashorn.internal.scripts.Script$Recompilation$83105$require.L:1(/home/travis/build/icyphy/ptII/ptolemy/actor/lib/jjs/external/require.js#409:30<eval>:48)
	at jdk.scripting.nashorn.scripts/jdk.nashorn.internal.scripts.Script$Recompilation$83015$require.L:45#_require(/home/travis/build/icyphy/ptII/ptolemy/actor/lib/jjs/external/require.js:429)
	at jdk.scripting.nashorn.scripts/jdk.nashorn.internal.scripts.Script$Recompilation$83019$21065A$require.L:45#_requireClosure#L:466(/home/travis/build/icyphy/ptII/ptolemy/actor/lib/jjs/external/require.js:467)
	at jdk.scripting.nashorn.scripts/jdk.nashorn.internal.scripts.Script$Recompilation$83093$1AAAAAAAAAAAAAA$\^function\_.L:1(<function>:97)
	at jdk.scripting.nashorn.scripts/jdk.nashorn.internal.scripts.Script$Recompilation$83092$17933AAAAAA$require$cu1$restOf.L:1#Accessor(/home/travis/build/icyphy/ptII/ptolemy/actor/lib/jjs/external/require.js#409:30<eval>:545)
	at jdk.scripting.nashorn.scripts/jdk.nashorn.internal.scripts.Script$Recompilation$83078$2801AAA$\^eval\_.evaluateCode(<eval>:96)
	at jdk.scripting.nashorn/jdk.nashorn.internal.runtime.ScriptFunctionData.invoke(ScriptFunctionData.java:661)
	at jdk.scripting.nashorn/jdk.nashorn.internal.runtime.ScriptFunction.invoke(ScriptFunction.java:513)
	at jdk.scripting.nashorn/jdk.nashorn.internal.runtime.ScriptRuntime.apply(ScriptRuntime.java:527)
	at jdk.scripting.nashorn/jdk.nashorn.api.scripting.ScriptObjectMirror.callMember(ScriptObjectMirror.java:202)
	at jdk.scripting.nashorn/jdk.nashorn.api.scripting.NashornScriptEngine.invokeImpl(NashornScriptEngine.java:393)
	at jdk.scripting.nashorn/jdk.nashorn.api.scripting.NashornScriptEngine.invokeFunction(NashornScriptEngine.java:197)
	at ptolemy.actor.lib.jjs.JavaScript._createEngineAndEvaluateSetup(JavaScript.java:2493)
	at ptolemy.actor.lib.jjs.JavaScript.attributeChanged(JavaScript.java:548)
	at org.terraswarm.accessor.JSAccessor.attributeChanged(JSAccessor.java:312)
	at ptolemy.data.expr.Variable._setTokenAndNotify(Variable.java:2271)
	at ptolemy.data.expr.Variable._evaluate(Variable.java:1873)
	at ptolemy.data.expr.Variable._propagate(Variable.java:1984)
	at ptolemy.data.expr.Variable.validate(Variable.java:1596)
	at ptolemy.moml.MoMLParser.endDocument(MoMLParser.java:867)
	at com.microstar.xml.XmlParser.doParse(XmlParser.java:162)
	at com.microstar.xml.XmlParser.parse(XmlParser.java:132)
	at ptolemy.moml.MoMLParser.parse(MoMLParser.java:1676)
	at ptolemy.moml.MoMLParser.parse(MoMLParser.java:1617)
	at ptolemy.moml.MoMLParser.parse(MoMLParser.java:1792)
	at org.terraswarm.accessor.AccessorLibrary.populate(AccessorLibrary.java:194)
	at ptolemy.moml.EntityLibrary.classDefinitionList(EntityLibrary.java:307)
	at ptolemy.kernel.CompositeEntity._description(CompositeEntity.java:2292)
	at ptolemy.kernel.CompositeEntity._description(CompositeEntity.java:2307)
	at ptolemy.kernel.CompositeEntity._description(CompositeEntity.java:2307)
	at ptolemy.kernel.CompositeEntity._description(CompositeEntity.java:2307)
	at ptolemy.kernel.util.NamedObj.description(NamedObj.java:731)
	at ptolemy.kernel.util.NamedObj.description(NamedObj.java:715)
	at java.base/jdk.internal.reflect.NativeMethodAccessorImpl.invoke0(Native Method)
	at java.base/jdk.internal.reflect.NativeMethodAccessorImpl.invoke(NativeMethodAccessorImpl.java:62)
	at java.base/jdk.internal.reflect.DelegatingMethodAccessorImpl.invoke(DelegatingMethodAccessorImpl.java:43)
	at java.base/java.lang.reflect.Method.invoke(Method.java:566)
	at tcl.lang.reflect.PkgInvoker.invokeMethod(PkgInvoker.java:129)
	at tcl.lang.JavaInvoke.call(JavaInvoke.java:253)
	at tcl.lang.JavaInvoke.callMethod(JavaInvoke.java:116)
	at tcl.lang.ReflectObject.cmdProc(ReflectObject.java:727)
	at tcl.lang.Parser.evalObjv(Parser.java:740)
	at tcl.lang.Parser.eval2(Parser.java:1138)
	at tcl.lang.Parser.evalTokens(Parser.java:930)
	at tcl.lang.Parser.eval2(Parser.java:1125)
	at tcl.lang.Parser.evalTokens(Parser.java:930)
	at tcl.lang.Parser.eval2(Parser.java:1125)
	at tcl.lang.Interp.eval(Interp.java:1782)
	at tcl.lang.Interp.eval(Interp.java:1841)
	at tcl.lang.UplevelCmd.cmdProc(UplevelCmd.java:93)
	at tcl.lang.Parser.evalObjv(Parser.java:740)
	at tcl.lang.Parser.eval2(Parser.java:1138)
	at tcl.lang.Interp.eval(Interp.java:1782)
	at tcl.lang.Interp.eval(Interp.java:1841)
	at tcl.lang.CatchCmd.cmdProc(CatchCmd.java:42)
	at tcl.lang.Parser.evalObjv(Parser.java:740)
	at tcl.lang.Parser.eval2(Parser.java:1138)
	at tcl.lang.Parser.evalTokens(Parser.java:930)
	at tcl.lang.Parser.eval2(Parser.java:1125)
	at tcl.lang.Procedure.cmdProc(Procedure.java:175)
	at tcl.lang.Parser.evalObjv(Parser.java:740)
	at tcl.lang.Parser.eval2(Parser.java:1138)
	at tcl.lang.Interp.eval(Interp.java:1782)
	at tcl.lang.Interp.eval(Interp.java:1841)
	at tcl.lang.ForeachCmd.cmdProc(ForeachCmd.java:116)
	at tcl.lang.AutoloadStub.cmdProc(Extension.java:144)
	at tcl.lang.Parser.evalObjv(Parser.java:740)
	at tcl.lang.Parser.eval2(Parser.java:1138)
	at tcl.lang.Interp.eval(Interp.java:1782)
	at tcl.lang.Interp.evalFile(Interp.java:1880)
	at java.base/jdk.internal.reflect.NativeMethodAccessorImpl.invoke0(Native Method)
	at java.base/jdk.internal.reflect.NativeMethodAccessorImpl.invoke(NativeMethodAccessorImpl.java:62)
	at java.base/jdk.internal.reflect.DelegatingMethodAccessorImpl.invoke(DelegatingMethodAccessorImpl.java:43)
	at java.base/java.lang.reflect.Method.invoke(Method.java:566)
	at ptolemy.util.test.junit.TclTests.RunTclFile(TclTests.java:233)
	at java.base/jdk.internal.reflect.NativeMethodAccessorImpl.invoke0(Native Method)
	at java.base/jdk.internal.reflect.NativeMethodAccessorImpl.invoke(NativeMethodAccessorImpl.java:62)
	at java.base/jdk.internal.reflect.DelegatingMethodAccessorImpl.invoke(DelegatingMethodAccessorImpl.java:43)
	at java.base/java.lang.reflect.Method.invoke(Method.java:566)
	at org.junit.runners.model.FrameworkMethod$1.runReflectiveCall(FrameworkMethod.java:44)
	at org.junit.internal.runners.model.ReflectiveCallable.run(ReflectiveCallable.java:15)
	at org.junit.runners.model.FrameworkMethod.invokeExplosively(FrameworkMethod.java:41)
	at junitparams.internal.InvokeParameterisedMethod.evaluate(InvokeParameterisedMethod.java:102)
	at junitparams.internal.ParameterisedTestMethodRunner.runMethodInvoker(ParameterisedTestMethodRunner.java:47)
	at junitparams.internal.ParameterisedTestMethodRunner.runTestMethod(ParameterisedTestMethodRunner.java:41)
	at junitparams.internal.ParameterisedTestClassRunner.runParameterisedTest(ParameterisedTestClassRunner.java:143)
	at junitparams.JUnitParamsRunner.runChild(JUnitParamsRunner.java:237)
	at junitparams.JUnitParamsRunner.runChild(JUnitParamsRunner.java:215)
	at org.junit.runners.ParentRunner$3.run(ParentRunner.java:193)
	at org.junit.runners.ParentRunner$1.schedule(ParentRunner.java:52)
	at org.junit.runners.ParentRunner.runChildren(ParentRunner.java:191)
	at org.junit.runners.ParentRunner.access$000(ParentRunner.java:42)
	at org.junit.runners.ParentRunner$2.evaluate(ParentRunner.java:184)
	at org.junit.internal.runners.statements.RunAfters.evaluate(RunAfters.java:31)
	at org.junit.runners.ParentRunner.run(ParentRunner.java:236)
	at org.junit.runners.Suite.runChild(Suite.java:128)
	at org.junit.runners.Suite.runChild(Suite.java:24)
	at org.junit.runners.ParentRunner$3.run(ParentRunner.java:193)
	at org.junit.runners.ParentRunner$1.schedule(ParentRunner.java:52)
	at org.junit.runners.ParentRunner.runChildren(ParentRunner.java:191)
	at org.junit.runners.ParentRunner.access$000(ParentRunner.java:42)
	at org.junit.runners.ParentRunner$2.evaluate(ParentRunner.java:184)
	at org.junit.runners.ParentRunner.run(ParentRunner.java:236)
	at junit.framework.JUnit4TestAdapter.run(JUnit4TestAdapter.java:39)
	at org.apache.tools.ant.taskdefs.optional.junit.JUnitTestRunner.run(JUnitTestRunner.java:535)
	at org.apache.tools.ant.taskdefs.optional.junit.JUnitTestRunner.launch(JUnitTestRunner.java:1182)
	at org.apache.tools.ant.taskdefs.optional.junit.JUnitTestRunner.main(JUnitTestRunner.java:1033)
 in /home/travis/build/icyphy/ptII/ptolemy/actor/lib/jjs/external/require.js at line number 454 at column number 12
	at ptolemy.data.expr.Variable.validate(Variable.java:1619)
	at ptolemy.moml.MoMLParser.endDocument(MoMLParser.java:867)
	at com.microstar.xml.XmlParser.doParse(XmlParser.java:162)
	at com.microstar.xml.XmlParser.parse(XmlParser.java:132)
	at ptolemy.moml.MoMLParser.parse(MoMLParser.java:1676)
	at ptolemy.moml.MoMLParser.parse(MoMLParser.java:1617)
	at ptolemy.moml.MoMLParser.parse(MoMLParser.java:1792)
	at org.terraswarm.accessor.AccessorLibrary.populate(AccessorLibrary.java:194)
	at ptolemy.moml.EntityLibrary.classDefinitionList(EntityLibrary.java:307)
	at ptolemy.kernel.CompositeEntity._description(CompositeEntity.java:2292)
	at ptolemy.kernel.CompositeEntity._description(CompositeEntity.java:2307)
	at ptolemy.kernel.CompositeEntity._description(CompositeEntity.java:2307)
	at ptolemy.kernel.CompositeEntity._description(CompositeEntity.java:2307)
	at ptolemy.kernel.util.NamedObj.description(NamedObj.java:731)
	at ptolemy.kernel.util.NamedObj.description(NamedObj.java:715)
	at java.base/jdk.internal.reflect.NativeMethodAccessorImpl.invoke0(Native Method)
	at java.base/jdk.internal.reflect.NativeMethodAccessorImpl.invoke(NativeMethodAccessorImpl.java:62)
	at java.base/jdk.internal.reflect.DelegatingMethodAccessorImpl.invoke(DelegatingMethodAccessorImpl.java:43)
	at java.base/java.lang.reflect.Method.invoke(Method.java:566)
	at tcl.lang.reflect.PkgInvoker.invokeMethod(PkgInvoker.java:129)
	at tcl.lang.JavaInvoke.call(JavaInvoke.java:253)
	at tcl.lang.JavaInvoke.callMethod(JavaInvoke.java:116)
	at tcl.lang.ReflectObject.cmdProc(ReflectObject.java:727)
	at tcl.lang.Parser.evalObjv(Parser.java:740)
	at tcl.lang.Parser.eval2(Parser.java:1138)
	at tcl.lang.Parser.evalTokens(Parser.java:930)
	at tcl.lang.Parser.eval2(Parser.java:1125)
	at tcl.lang.Parser.evalTokens(Parser.java:930)
	at tcl.lang.Parser.eval2(Parser.java:1125)
	at tcl.lang.Interp.eval(Interp.java:1782)
	at tcl.lang.Interp.eval(Interp.java:1841)
	at tcl.lang.UplevelCmd.cmdProc(UplevelCmd.java:93)
	at tcl.lang.Parser.evalObjv(Parser.java:740)
	at tcl.lang.Parser.eval2(Parser.java:1138)
	at tcl.lang.Interp.eval(Interp.java:1782)
	at tcl.lang.Interp.eval(Interp.java:1841)
	at tcl.lang.CatchCmd.cmdProc(CatchCmd.java:42)
	at tcl.lang.Parser.evalObjv(Parser.java:740)
	at tcl.lang.Parser.eval2(Parser.java:1138)
	at tcl.lang.Parser.evalTokens(Parser.java:930)
	at tcl.lang.Parser.eval2(Parser.java:1125)
	at tcl.lang.Procedure.cmdProc(Procedure.java:175)
	at tcl.lang.Parser.evalObjv(Parser.java:740)
	at tcl.lang.Parser.eval2(Parser.java:1138)
	at tcl.lang.Interp.eval(Interp.java:1782)
	at tcl.lang.Interp.eval(Interp.java:1841)
	at tcl.lang.ForeachCmd.cmdProc(ForeachCmd.java:116)
	at tcl.lang.AutoloadStub.cmdProc(Extension.java:144)
	at tcl.lang.Parser.evalObjv(Parser.java:740)
	at tcl.lang.Parser.eval2(Parser.java:1138)
	at tcl.lang.Interp.eval(Interp.java:1782)
	at tcl.lang.Interp.evalFile(Interp.java:1880)
	at java.base/jdk.internal.reflect.NativeMethodAccessorImpl.invoke0(Native Method)
	at java.base/jdk.internal.reflect.NativeMethodAccessorImpl.invoke(NativeMethodAccessorImpl.java:62)
	at java.base/jdk.internal.reflect.DelegatingMethodAccessorImpl.invoke(DelegatingMethodAccessorImpl.java:43)
	at java.base/java.lang.reflect.Method.invoke(Method.java:566)
	at ptolemy.util.test.junit.TclTests.RunTclFile(TclTests.java:233)
	at java.base/jdk.internal.reflect.NativeMethodAccessorImpl.invoke0(Native Method)
	at java.base/jdk.internal.reflect.NativeMethodAccessorImpl.invoke(NativeMethodAccessorImpl.java:62)
	at java.base/jdk.internal.reflect.DelegatingMethodAccessorImpl.invoke(DelegatingMethodAccessorImpl.java:43)
	at java.base/java.lang.reflect.Method.invoke(Method.java:566)
	at org.junit.runners.model.FrameworkMethod$1.runReflectiveCall(FrameworkMethod.java:44)
	at org.junit.internal.runners.model.ReflectiveCallable.run(ReflectiveCallable.java:15)
	at org.junit.runners.model.FrameworkMethod.invokeExplosively(FrameworkMethod.java:41)
	at junitparams.internal.InvokeParameterisedMethod.evaluate(InvokeParameterisedMethod.java:102)
	at junitparams.internal.ParameterisedTestMethodRunner.runMethodInvoker(ParameterisedTestMethodRunner.java:47)
	at junitparams.internal.ParameterisedTestMethodRunner.runTestMethod(ParameterisedTestMethodRunner.java:41)
	at junitparams.internal.ParameterisedTestClassRunner.runParameterisedTest(ParameterisedTestClassRunner.java:143)
	at junitparams.JUnitParamsRunner.runChild(JUnitParamsRunner.java:237)
	at junitparams.JUnitParamsRunner.runChild(JUnitParamsRunner.java:215)
	at org.junit.runners.ParentRunner$3.run(ParentRunner.java:193)
	at org.junit.runners.ParentRunner$1.schedule(ParentRunner.java:52)
	at org.junit.runners.ParentRunner.runChildren(ParentRunner.java:191)
	at org.junit.runners.ParentRunner.access$000(ParentRunner.java:42)
	at org.junit.runners.ParentRunner$2.evaluate(ParentRunner.java:184)
	at org.junit.internal.runners.statements.RunAfters.evaluate(RunAfters.java:31)
	at org.junit.runners.ParentRunner.run(ParentRunner.java:236)
	at org.junit.runners.Suite.runChild(Suite.java:128)
	at org.junit.runners.Suite.runChild(Suite.java:24)
	at org.junit.runners.ParentRunner$3.run(ParentRunner.java:193)
	at org.junit.runners.ParentRunner$1.schedule(ParentRunner.java:52)
	at org.junit.runners.ParentRunner.runChildren(ParentRunner.java:191)
	at org.junit.runners.ParentRunner.access$000(ParentRunner.java:42)
	at org.junit.runners.ParentRunner$2.evaluate(ParentRunner.java:184)
	at org.junit.runners.ParentRunner.run(ParentRunner.java:236)
	at junit.framework.JUnit4TestAdapter.run(JUnit4TestAdapter.java:39)
	at org.apache.tools.ant.taskdefs.optional.junit.JUnitTestRunner.run(JUnitTestRunner.java:535)
	at org.apache.tools.ant.taskdefs.optional.junit.JUnitTestRunner.launch(JUnitTestRunner.java:1182)
	at org.apache.tools.ant.taskdefs.optional.junit.JUnitTestRunner.main(JUnitTestRunner.java:1033)
Caused by: ptolemy.kernel.util.IllegalActionException: Error evaluating expression:
// Copyright (c) 2015-2017 The Regents of the University of California.
...
  in .configuration.actor library.Accessors.audio.AudioCapture.script
Because:
Failed to evaluate script.
  in .configuration.actor library.Accessors.audio.AudioCapture
Because:
Error: Error executing module audio line #undefined : ptolemy.actor.lib.jjs.modules.audio.AudioHelper
In file: /home/travis/build/icyphy/ptII/ptolemy/actor/lib/jjs/modules/audio/audio.js

java.lang.ClassNotFoundException: ptolemy.actor.lib.jjs.modules.audio.AudioHelper
	at java.base/jdk.internal.loader.BuiltinClassLoader.loadClass(BuiltinClassLoader.java:583)
	at java.base/jdk.internal.loader.ClassLoaders$AppClassLoader.loadClass(ClassLoaders.java:178)
	at java.base/java.lang.ClassLoader.loadClass(ClassLoader.java:521)
	at java.base/java.lang.Class.forName0(Native Method)
	at java.base/java.lang.Class.forName(Class.java:398)
	at jdk.scripting.nashorn/jdk.nashorn.internal.runtime.Context.findClass(Context.java:1180)
	at jdk.scripting.nashorn/jdk.nashorn.internal.objects.NativeJava.simpleType(NativeJava.java:546)
	at jdk.scripting.nashorn/jdk.nashorn.internal.objects.NativeJava.type(NativeJava.java:326)
	at jdk.scripting.nashorn/jdk.nashorn.internal.objects.NativeJava.type(NativeJava.java:318)
	at jdk.scripting.nashorn/jdk.nashorn.internal.objects.NativeJava.type(NativeJava.java:314)
	at jdk.scripting.nashorn.scripts/jdk.nashorn.internal.scripts.Script$Recompilation$83105$require.L:1(/home/travis/build/icyphy/ptII/ptolemy/actor/lib/jjs/external/require.js#409:30<eval>:48)
	at jdk.scripting.nashorn.scripts/jdk.nashorn.internal.scripts.Script$Recompilation$83015$require.L:45#_require(/home/travis/build/icyphy/ptII/ptolemy/actor/lib/jjs/external/require.js:429)
	at jdk.scripting.nashorn.scripts/jdk.nashorn.internal.scripts.Script$Recompilation$83019$21065A$require.L:45#_requireClosure#L:466(/home/travis/build/icyphy/ptII/ptolemy/actor/lib/jjs/external/require.js:467)
	at jdk.scripting.nashorn.scripts/jdk.nashorn.internal.scripts.Script$Recompilation$83093$1AAAAAAAAAAAAAA$\^function\_.L:1(<function>:97)
	at jdk.scripting.nashorn.scripts/jdk.nashorn.internal.scripts.Script$Recompilation$83092$17933AAAAAA$require$cu1$restOf.L:1#Accessor(/home/travis/build/icyphy/ptII/ptolemy/actor/lib/jjs/external/require.js#409:30<eval>:545)
	at jdk.scripting.nashorn.scripts/jdk.nashorn.internal.scripts.Script$Recompilation$83078$2801AAA$\^eval\_.evaluateCode(<eval>:96)
	at jdk.scripting.nashorn/jdk.nashorn.internal.runtime.ScriptFunctionData.invoke(ScriptFunctionData.java:661)
	at jdk.scripting.nashorn/jdk.nashorn.internal.runtime.ScriptFunction.invoke(ScriptFunction.java:513)
	at jdk.scripting.nashorn/jdk.nashorn.internal.runtime.ScriptRuntime.apply(ScriptRuntime.java:527)
	at jdk.scripting.nashorn/jdk.nashorn.api.scripting.ScriptObjectMirror.callMember(ScriptObjectMirror.java:202)
	at jdk.scripting.nashorn/jdk.nashorn.api.scripting.NashornScriptEngine.invokeImpl(NashornScriptEngine.java:393)
	at jdk.scripting.nashorn/jdk.nashorn.api.scripting.NashornScriptEngine.invokeFunction(NashornScriptEngine.java:197)
	at ptolemy.actor.lib.jjs.JavaScript._createEngineAndEvaluateSetup(JavaScript.java:2493)
	at ptolemy.actor.lib.jjs.JavaScript.attributeChanged(JavaScript.java:548)
	at org.terraswarm.accessor.JSAccessor.attributeChanged(JSAccessor.java:312)
	at ptolemy.data.expr.Variable._setTokenAndNotify(Variable.java:2271)
	at ptolemy.data.expr.Variable._evaluate(Variable.java:1873)
	at ptolemy.data.expr.Variable._propagate(Variable.java:1984)
	at ptolemy.data.expr.Variable.validate(Variable.java:1596)
	at ptolemy.moml.MoMLParser.endDocument(MoMLParser.java:867)
	at com.microstar.xml.XmlParser.doParse(XmlParser.java:162)
	at com.microstar.xml.XmlParser.parse(XmlParser.java:132)
	at ptolemy.moml.MoMLParser.parse(MoMLParser.java:1676)
	at ptolemy.moml.MoMLParser.parse(MoMLParser.java:1617)
	at ptolemy.moml.MoMLParser.parse(MoMLParser.java:1792)
	at org.terraswarm.accessor.AccessorLibrary.populate(AccessorLibrary.java:194)
	at ptolemy.moml.EntityLibrary.classDefinitionList(EntityLibrary.java:307)
	at ptolemy.kernel.CompositeEntity._description(CompositeEntity.java:2292)
	at ptolemy.kernel.CompositeEntity._description(CompositeEntity.java:2307)
	at ptolemy.kernel.CompositeEntity._description(CompositeEntity.java:2307)
	at ptolemy.kernel.CompositeEntity._description(CompositeEntity.java:2307)
	at ptolemy.kernel.util.NamedObj.description(NamedObj.java:731)
	at ptolemy.kernel.util.NamedObj.description(NamedObj.java:715)
	at java.base/jdk.internal.reflect.NativeMethodAccessorImpl.invoke0(Native Method)
	at java.base/jdk.internal.reflect.NativeMethodAccessorImpl.invoke(NativeMethodAccessorImpl.java:62)
	at java.base/jdk.internal.reflect.DelegatingMethodAccessorImpl.invoke(DelegatingMethodAccessorImpl.java:43)
	at java.base/java.lang.reflect.Method.invoke(Method.java:566)
	at tcl.lang.reflect.PkgInvoker.invokeMethod(PkgInvoker.java:129)
	at tcl.lang.JavaInvoke.call(JavaInvoke.java:253)
	at tcl.lang.JavaInvoke.callMethod(JavaInvoke.java:116)
	at tcl.lang.ReflectObject.cmdProc(ReflectObject.java:727)
	at tcl.lang.Parser.evalObjv(Parser.java:740)
	at tcl.lang.Parser.eval2(Parser.java:1138)
	at tcl.lang.Parser.evalTokens(Parser.java:930)
	at tcl.lang.Parser.eval2(Parser.java:1125)
	at tcl.lang.Parser.evalTokens(Parser.java:930)
	at tcl.lang.Parser.eval2(Parser.java:1125)
	at tcl.lang.Interp.eval(Interp.java:1782)
	at tcl.lang.Interp.eval(Interp.java:1841)
	at tcl.lang.UplevelCmd.cmdProc(UplevelCmd.java:93)
	at tcl.lang.Parser.evalObjv(Parser.java:740)
	at tcl.lang.Parser.eval2(Parser.java:1138)
	at tcl.lang.Interp.eval(Interp.java:1782)
	at tcl.lang.Interp.eval(Interp.java:1841)
	at tcl.lang.CatchCmd.cmdProc(CatchCmd.java:42)
	at tcl.lang.Parser.evalObjv(Parser.java:740)
	at tcl.lang.Parser.eval2(Parser.java:1138)
	at tcl.lang.Parser.evalTokens(Parser.java:930)
	at tcl.lang.Parser.eval2(Parser.java:1125)
	at tcl.lang.Procedure.cmdProc(Procedure.java:175)
	at tcl.lang.Parser.evalObjv(Parser.java:740)
	at tcl.lang.Parser.eval2(Parser.java:1138)
	at tcl.lang.Interp.eval(Interp.java:1782)
	at tcl.lang.Interp.eval(Interp.java:1841)
	at tcl.lang.ForeachCmd.cmdProc(ForeachCmd.java:116)
	at tcl.lang.AutoloadStub.cmdProc(Extension.java:144)
	at tcl.lang.Parser.evalObjv(Parser.java:740)
	at tcl.lang.Parser.eval2(Parser.java:1138)
	at tcl.lang.Interp.eval(Interp.java:1782)
	at tcl.lang.Interp.evalFile(Interp.java:1880)
	at java.base/jdk.internal.reflect.NativeMethodAccessorImpl.invoke0(Native Method)
	at java.base/jdk.internal.reflect.NativeMethodAccessorImpl.invoke(NativeMethodAccessorImpl.java:62)
	at java.base/jdk.internal.reflect.DelegatingMethodAccessorImpl.invoke(DelegatingMethodAccessorImpl.java:43)
	at java.base/java.lang.reflect.Method.invoke(Method.java:566)
	at ptolemy.util.test.junit.TclTests.RunTclFile(TclTests.java:233)
	at java.base/jdk.internal.reflect.NativeMethodAccessorImpl.invoke0(Native Method)
	at java.base/jdk.internal.reflect.NativeMethodAccessorImpl.invoke(NativeMethodAccessorImpl.java:62)
	at java.base/jdk.internal.reflect.DelegatingMethodAccessorImpl.invoke(DelegatingMethodAccessorImpl.java:43)
	at java.base/java.lang.reflect.Method.invoke(Method.java:566)
	at org.junit.runners.model.FrameworkMethod$1.runReflectiveCall(FrameworkMethod.java:44)
	at org.junit.internal.runners.model.ReflectiveCallable.run(ReflectiveCallable.java:15)
	at org.junit.runners.model.FrameworkMethod.invokeExplosively(FrameworkMethod.java:41)
	at junitparams.internal.InvokeParameterisedMethod.evaluate(InvokeParameterisedMethod.java:102)
	at junitparams.internal.ParameterisedTestMethodRunner.runMethodInvoker(ParameterisedTestMethodRunner.java:47)
	at junitparams.internal.ParameterisedTestMethodRunner.runTestMethod(ParameterisedTestMethodRunner.java:41)
	at junitparams.internal.ParameterisedTestClassRunner.runParameterisedTest(ParameterisedTestClassRunner.java:143)
	at junitparams.JUnitParamsRunner.runChild(JUnitParamsRunner.java:237)
	at junitparams.JUnitParamsRunner.runChild(JUnitParamsRunner.java:215)
	at org.junit.runners.ParentRunner$3.run(ParentRunner.java:193)
	at org.junit.runners.ParentRunner$1.schedule(ParentRunner.java:52)
	at org.junit.runners.ParentRunner.runChildren(ParentRunner.java:191)
	at org.junit.runners.ParentRunner.access$000(ParentRunner.java:42)
	at org.junit.runners.ParentRunner$2.evaluate(ParentRunner.java:184)
	at org.junit.internal.runners.statements.RunAfters.evaluate(RunAfters.java:31)
	at org.junit.runners.ParentRunner.run(ParentRunner.java:236)
	at org.junit.runners.Suite.runChild(Suite.java:128)
	at org.junit.runners.Suite.runChild(Suite.java:24)
	at org.junit.runners.ParentRunner$3.run(ParentRunner.java:193)
	at org.junit.runners.ParentRunner$1.schedule(ParentRunner.java:52)
	at org.junit.runners.ParentRunner.runChildren(ParentRunner.java:191)
	at org.junit.runners.ParentRunner.access$000(ParentRunner.java:42)
	at org.junit.runners.ParentRunner$2.evaluate(ParentRunner.java:184)
	at org.junit.runners.ParentRunner.run(ParentRunner.java:236)
	at junit.framework.JUnit4TestAdapter.run(JUnit4TestAdapter.java:39)
	at org.apache.tools.ant.taskdefs.optional.junit.JUnitTestRunner.run(JUnitTestRunner.java:535)
	at org.apache.tools.ant.taskdefs.optional.junit.JUnitTestRunner.launch(JUnitTestRunner.java:1182)
	at org.apache.tools.ant.taskdefs.optional.junit.JUnitTestRunner.main(JUnitTestRunner.java:1033)
 in /home/travis/build/icyphy/ptII/ptolemy/actor/lib/jjs/external/require.js at line number 454 at column number 12
	at ptolemy.data.expr.Variable._evaluate(Variable.java:1891)
	at ptolemy.data.expr.Variable._propagate(Variable.java:1984)
	at ptolemy.data.expr.Variable.validate(Variable.java:1596)
	... 88 more
Caused by: ptolemy.kernel.util.IllegalActionException: Failed to evaluate script.
  in .configuration.actor library.Accessors.audio.AudioCapture
Because:
Error: Error executing module audio line #undefined : ptolemy.actor.lib.jjs.modules.audio.AudioHelper
In file: /home/travis/build/icyphy/ptII/ptolemy/actor/lib/jjs/modules/audio/audio.js

java.lang.ClassNotFoundException: ptolemy.actor.lib.jjs.modules.audio.AudioHelper
	at java.base/jdk.internal.loader.BuiltinClassLoader.loadClass(BuiltinClassLoader.java:583)
	at java.base/jdk.internal.loader.ClassLoaders$AppClassLoader.loadClass(ClassLoaders.java:178)
	at java.base/java.lang.ClassLoader.loadClass(ClassLoader.java:521)
	at java.base/java.lang.Class.forName0(Native Method)
	at java.base/java.lang.Class.forName(Class.java:398)
	at jdk.scripting.nashorn/jdk.nashorn.internal.runtime.Context.findClass(Context.java:1180)
	at jdk.scripting.nashorn/jdk.nashorn.internal.objects.NativeJava.simpleType(NativeJava.java:546)
	at jdk.scripting.nashorn/jdk.nashorn.internal.objects.NativeJava.type(NativeJava.java:326)
	at jdk.scripting.nashorn/jdk.nashorn.internal.objects.NativeJava.type(NativeJava.java:318)
	at jdk.scripting.nashorn/jdk.nashorn.internal.objects.NativeJava.type(NativeJava.java:314)
	at jdk.scripting.nashorn.scripts/jdk.nashorn.internal.scripts.Script$Recompilation$83105$require.L:1(/home/travis/build/icyphy/ptII/ptolemy/actor/lib/jjs/external/require.js#409:30<eval>:48)
	at jdk.scripting.nashorn.scripts/jdk.nashorn.internal.scripts.Script$Recompilation$83015$require.L:45#_require(/home/travis/build/icyphy/ptII/ptolemy/actor/lib/jjs/external/require.js:429)
	at jdk.scripting.nashorn.scripts/jdk.nashorn.internal.scripts.Script$Recompilation$83019$21065A$require.L:45#_requireClosure#L:466(/home/travis/build/icyphy/ptII/ptolemy/actor/lib/jjs/external/require.js:467)
	at jdk.scripting.nashorn.scripts/jdk.nashorn.internal.scripts.Script$Recompilation$83093$1AAAAAAAAAAAAAA$\^function\_.L:1(<function>:97)
	at jdk.scripting.nashorn.scripts/jdk.nashorn.internal.scripts.Script$Recompilation$83092$17933AAAAAA$require$cu1$restOf.L:1#Accessor(/home/travis/build/icyphy/ptII/ptolemy/actor/lib/jjs/external/require.js#409:30<eval>:545)
	at jdk.scripting.nashorn.scripts/jdk.nashorn.internal.scripts.Script$Recompilation$83078$2801AAA$\^eval\_.evaluateCode(<eval>:96)
	at jdk.scripting.nashorn/jdk.nashorn.internal.runtime.ScriptFunctionData.invoke(ScriptFunctionData.java:661)
	at jdk.scripting.nashorn/jdk.nashorn.internal.runtime.ScriptFunction.invoke(ScriptFunction.java:513)
	at jdk.scripting.nashorn/jdk.nashorn.internal.runtime.ScriptRuntime.apply(ScriptRuntime.java:527)
	at jdk.scripting.nashorn/jdk.nashorn.api.scripting.ScriptObjectMirror.callMember(ScriptObjectMirror.java:202)
	at jdk.scripting.nashorn/jdk.nashorn.api.scripting.NashornScriptEngine.invokeImpl(NashornScriptEngine.java:393)
	at jdk.scripting.nashorn/jdk.nashorn.api.scripting.NashornScriptEngine.invokeFunction(NashornScriptEngine.java:197)
	at ptolemy.actor.lib.jjs.JavaScript._createEngineAndEvaluateSetup(JavaScript.java:2493)
	at ptolemy.actor.lib.jjs.JavaScript.attributeChanged(JavaScript.java:548)
	at org.terraswarm.accessor.JSAccessor.attributeChanged(JSAccessor.java:312)
	at ptolemy.data.expr.Variable._setTokenAndNotify(Variable.java:2271)
	at ptolemy.data.expr.Variable._evaluate(Variable.java:1873)
	at ptolemy.data.expr.Variable._propagate(Variable.java:1984)
	at ptolemy.data.expr.Variable.validate(Variable.java:1596)
	at ptolemy.moml.MoMLParser.endDocument(MoMLParser.java:867)
	at com.microstar.xml.XmlParser.doParse(XmlParser.java:162)
	at com.microstar.xml.XmlParser.parse(XmlParser.java:132)
	at ptolemy.moml.MoMLParser.parse(MoMLParser.java:1676)
	at ptolemy.moml.MoMLParser.parse(MoMLParser.java:1617)
	at ptolemy.moml.MoMLParser.parse(MoMLParser.java:1792)
	at org.terraswarm.accessor.AccessorLibrary.populate(AccessorLibrary.java:194)
	at ptolemy.moml.EntityLibrary.classDefinitionList(EntityLibrary.java:307)
	at ptolemy.kernel.CompositeEntity._description(CompositeEntity.java:2292)
	at ptolemy.kernel.CompositeEntity._description(CompositeEntity.java:2307)
	at ptolemy.kernel.CompositeEntity._description(CompositeEntity.java:2307)
	at ptolemy.kernel.CompositeEntity._description(CompositeEntity.java:2307)
	at ptolemy.kernel.util.NamedObj.description(NamedObj.java:731)
	at ptolemy.kernel.util.NamedObj.description(NamedObj.java:715)
	at java.base/jdk.internal.reflect.NativeMethodAccessorImpl.invoke0(Native Method)
	at java.base/jdk.internal.reflect.NativeMethodAccessorImpl.invoke(NativeMethodAccessorImpl.java:62)
	at java.base/jdk.internal.reflect.DelegatingMethodAccessorImpl.invoke(DelegatingMethodAccessorImpl.java:43)
	at java.base/java.lang.reflect.Method.invoke(Method.java:566)
	at tcl.lang.reflect.PkgInvoker.invokeMethod(PkgInvoker.java:129)
	at tcl.lang.JavaInvoke.call(JavaInvoke.java:253)
	at tcl.lang.JavaInvoke.callMethod(JavaInvoke.java:116)
	at tcl.lang.ReflectObject.cmdProc(ReflectObject.java:727)
	at tcl.lang.Parser.evalObjv(Parser.java:740)
	at tcl.lang.Parser.eval2(Parser.java:1138)
	at tcl.lang.Parser.evalTokens(Parser.java:930)
	at tcl.lang.Parser.eval2(Parser.java:1125)
	at tcl.lang.Parser.evalTokens(Parser.java:930)
	at tcl.lang.Parser.eval2(Parser.java:1125)
	at tcl.lang.Interp.eval(Interp.java:1782)
	at tcl.lang.Interp.eval(Interp.java:1841)
	at tcl.lang.UplevelCmd.cmdProc(UplevelCmd.java:93)
	at tcl.lang.Parser.evalObjv(Parser.java:740)
	at tcl.lang.Parser.eval2(Parser.java:1138)
	at tcl.lang.Interp.eval(Interp.java:1782)
	at tcl.lang.Interp.eval(Interp.java:1841)
	at tcl.lang.CatchCmd.cmdProc(CatchCmd.java:42)
	at tcl.lang.Parser.evalObjv(Parser.java:740)
	at tcl.lang.Parser.eval2(Parser.java:1138)
	at tcl.lang.Parser.evalTokens(Parser.java:930)
	at tcl.lang.Parser.eval2(Parser.java:1125)
	at tcl.lang.Procedure.cmdProc(Procedure.java:175)
	at tcl.lang.Parser.evalObjv(Parser.java:740)
	at tcl.lang.Parser.eval2(Parser.java:1138)
	at tcl.lang.Interp.eval(Interp.java:1782)
	at tcl.lang.Interp.eval(Interp.java:1841)
	at tcl.lang.ForeachCmd.cmdProc(ForeachCmd.java:116)
	at tcl.lang.AutoloadStub.cmdProc(Extension.java:144)
	at tcl.lang.Parser.evalObjv(Parser.java:740)
	at tcl.lang.Parser.eval2(Parser.java:1138)
	at tcl.lang.Interp.eval(Interp.java:1782)
	at tcl.lang.Interp.evalFile(Interp.java:1880)
	at java.base/jdk.internal.reflect.NativeMethodAccessorImpl.invoke0(Native Method)
	at java.base/jdk.internal.reflect.NativeMethodAccessorImpl.invoke(NativeMethodAccessorImpl.java:62)
	at java.base/jdk.internal.reflect.DelegatingMethodAccessorImpl.invoke(DelegatingMethodAccessorImpl.java:43)
	at java.base/java.lang.reflect.Method.invoke(Method.java:566)
	at ptolemy.util.test.junit.TclTests.RunTclFile(TclTests.java:233)
	at java.base/jdk.internal.reflect.NativeMethodAccessorImpl.invoke0(Native Method)
	at java.base/jdk.internal.reflect.NativeMethodAccessorImpl.invoke(NativeMethodAccessorImpl.java:62)
	at java.base/jdk.internal.reflect.DelegatingMethodAccessorImpl.invoke(DelegatingMethodAccessorImpl.java:43)
	at java.base/java.lang.reflect.Method.invoke(Method.java:566)
	at org.junit.runners.model.FrameworkMethod$1.runReflectiveCall(FrameworkMethod.java:44)
	at org.junit.internal.runners.model.ReflectiveCallable.run(ReflectiveCallable.java:15)
	at org.junit.runners.model.FrameworkMethod.invokeExplosively(FrameworkMethod.java:41)
	at junitparams.internal.InvokeParameterisedMethod.evaluate(InvokeParameterisedMethod.java:102)
	at junitparams.internal.ParameterisedTestMethodRunner.runMethodInvoker(ParameterisedTestMethodRunner.java:47)
	at junitparams.internal.ParameterisedTestMethodRunner.runTestMethod(ParameterisedTestMethodRunner.java:41)
	at junitparams.internal.ParameterisedTestClassRunner.runParameterisedTest(ParameterisedTestClassRunner.java:143)
	at junitparams.JUnitParamsRunner.runChild(JUnitParamsRunner.java:237)
	at junitparams.JUnitParamsRunner.runChild(JUnitParamsRunner.java:215)
	at org.junit.runners.ParentRunner$3.run(ParentRunner.java:193)
	at org.junit.runners.ParentRunner$1.schedule(ParentRunner.java:52)
	at org.junit.runners.ParentRunner.runChildren(ParentRunner.java:191)
	at org.junit.runners.ParentRunner.access$000(ParentRunner.java:42)
	at org.junit.runners.ParentRunner$2.evaluate(ParentRunner.java:184)
	at org.junit.internal.runners.statements.RunAfters.evaluate(RunAfters.java:31)
	at org.junit.runners.ParentRunner.run(ParentRunner.java:236)
	at org.junit.runners.Suite.runChild(Suite.java:128)
	at org.junit.runners.Suite.runChild(Suite.java:24)
	at org.junit.runners.ParentRunner$3.run(ParentRunner.java:193)
	at org.junit.runners.ParentRunner$1.schedule(ParentRunner.java:52)
	at org.junit.runners.ParentRunner.runChildren(ParentRunner.java:191)
	at org.junit.runners.ParentRunner.access$000(ParentRunner.java:42)
	at org.junit.runners.ParentRunner$2.evaluate(ParentRunner.java:184)
	at org.junit.runners.ParentRunner.run(ParentRunner.java:236)
	at junit.framework.JUnit4TestAdapter.run(JUnit4TestAdapter.java:39)
	at org.apache.tools.ant.taskdefs.optional.junit.JUnitTestRunner.run(JUnitTestRunner.java:535)
	at org.apache.tools.ant.taskdefs.optional.junit.JUnitTestRunner.launch(JUnitTestRunner.java:1182)
	at org.apache.tools.ant.taskdefs.optional.junit.JUnitTestRunner.main(JUnitTestRunner.java:1033)
 in /home/travis/build/icyphy/ptII/ptolemy/actor/lib/jjs/external/require.js at line number 454 at column number 12
	at ptolemy.actor.lib.jjs.JavaScript._createEngineAndEvaluateSetup(JavaScript.java:2497)
	at ptolemy.actor.lib.jjs.JavaScript.attributeChanged(JavaScript.java:548)
	at org.terraswarm.accessor.JSAccessor.attributeChanged(JSAccessor.java:312)
	at ptolemy.data.expr.Variable._setTokenAndNotify(Variable.java:2271)
	at ptolemy.data.expr.Variable._evaluate(Variable.java:1873)
	... 90 more
Caused by: javax.script.ScriptException: Error: Error executing module audio line #undefined : ptolemy.actor.lib.jjs.modules.audio.AudioHelper
In file: /home/travis/build/icyphy/ptII/ptolemy/actor/lib/jjs/modules/audio/audio.js

java.lang.ClassNotFoundException: ptolemy.actor.lib.jjs.modules.audio.AudioHelper
	at java.base/jdk.internal.loader.BuiltinClassLoader.loadClass(BuiltinClassLoader.java:583)
	at java.base/jdk.internal.loader.ClassLoaders$AppClassLoader.loadClass(ClassLoaders.java:178)
	at java.base/java.lang.ClassLoader.loadClass(ClassLoader.java:521)
	at java.base/java.lang.Class.forName0(Native Method)
	at java.base/java.lang.Class.forName(Class.java:398)
	at jdk.scripting.nashorn/jdk.nashorn.internal.runtime.Context.findClass(Context.java:1180)
	at jdk.scripting.nashorn/jdk.nashorn.internal.objects.NativeJava.simpleType(NativeJava.java:546)
	at jdk.scripting.nashorn/jdk.nashorn.internal.objects.NativeJava.type(NativeJava.java:326)
	at jdk.scripting.nashorn/jdk.nashorn.internal.objects.NativeJava.type(NativeJava.java:318)
	at jdk.scripting.nashorn/jdk.nashorn.internal.objects.NativeJava.type(NativeJava.java:314)
	at jdk.scripting.nashorn.scripts/jdk.nashorn.internal.scripts.Script$Recompilation$83105$require.L:1(/home/travis/build/icyphy/ptII/ptolemy/actor/lib/jjs/external/require.js#409:30<eval>:48)
	at jdk.scripting.nashorn.scripts/jdk.nashorn.internal.scripts.Script$Recompilation$83015$require.L:45#_require(/home/travis/build/icyphy/ptII/ptolemy/actor/lib/jjs/external/require.js:429)
	at jdk.scripting.nashorn.scripts/jdk.nashorn.internal.scripts.Script$Recompilation$83019$21065A$require.L:45#_requireClosure#L:466(/home/travis/build/icyphy/ptII/ptolemy/actor/lib/jjs/external/require.js:467)
	at jdk.scripting.nashorn.scripts/jdk.nashorn.internal.scripts.Script$Recompilation$83093$1AAAAAAAAAAAAAA$\^function\_.L:1(<function>:97)
	at jdk.scripting.nashorn.scripts/jdk.nashorn.internal.scripts.Script$Recompilation$83092$17933AAAAAA$require$cu1$restOf.L:1#Accessor(/home/travis/build/icyphy/ptII/ptolemy/actor/lib/jjs/external/require.js#409:30<eval>:545)
	at jdk.scripting.nashorn.scripts/jdk.nashorn.internal.scripts.Script$Recompilation$83078$2801AAA$\^eval\_.evaluateCode(<eval>:96)
	at jdk.scripting.nashorn/jdk.nashorn.internal.runtime.ScriptFunctionData.invoke(ScriptFunctionData.java:661)
	at jdk.scripting.nashorn/jdk.nashorn.internal.runtime.ScriptFunction.invoke(ScriptFunction.java:513)
	at jdk.scripting.nashorn/jdk.nashorn.internal.runtime.ScriptRuntime.apply(ScriptRuntime.java:527)
	at jdk.scripting.nashorn/jdk.nashorn.api.scripting.ScriptObjectMirror.callMember(ScriptObjectMirror.java:202)
	at jdk.scripting.nashorn/jdk.nashorn.api.scripting.NashornScriptEngine.invokeImpl(NashornScriptEngine.java:393)
	at jdk.scripting.nashorn/jdk.nashorn.api.scripting.NashornScriptEngine.invokeFunction(NashornScriptEngine.java:197)
	at ptolemy.actor.lib.jjs.JavaScript._createEngineAndEvaluateSetup(JavaScript.java:2493)
	at ptolemy.actor.lib.jjs.JavaScript.attributeChanged(JavaScript.java:548)
	at org.terraswarm.accessor.JSAccessor.attributeChanged(JSAccessor.java:312)
	at ptolemy.data.expr.Variable._setTokenAndNotify(Variable.java:2271)
	at ptolemy.data.expr.Variable._evaluate(Variable.java:1873)
	at ptolemy.data.expr.Variable._propagate(Variable.java:1984)
	at ptolemy.data.expr.Variable.validate(Variable.java:1596)
	at ptolemy.moml.MoMLParser.endDocument(MoMLParser.java:867)
	at com.microstar.xml.XmlParser.doParse(XmlParser.java:162)
	at com.microstar.xml.XmlParser.parse(XmlParser.java:132)
	at ptolemy.moml.MoMLParser.parse(MoMLParser.java:1676)
	at ptolemy.moml.MoMLParser.parse(MoMLParser.java:1617)
	at ptolemy.moml.MoMLParser.parse(MoMLParser.java:1792)
	at org.terraswarm.accessor.AccessorLibrary.populate(AccessorLibrary.java:194)
	at ptolemy.moml.EntityLibrary.classDefinitionList(EntityLibrary.java:307)
	at ptolemy.kernel.CompositeEntity._description(CompositeEntity.java:2292)
	at ptolemy.kernel.CompositeEntity._description(CompositeEntity.java:2307)
	at ptolemy.kernel.CompositeEntity._description(CompositeEntity.java:2307)
	at ptolemy.kernel.CompositeEntity._description(CompositeEntity.java:2307)
	at ptolemy.kernel.util.NamedObj.description(NamedObj.java:731)
	at ptolemy.kernel.util.NamedObj.description(NamedObj.java:715)
	at java.base/jdk.internal.reflect.NativeMethodAccessorImpl.invoke0(Native Method)
	at java.base/jdk.internal.reflect.NativeMethodAccessorImpl.invoke(NativeMethodAccessorImpl.java:62)
	at java.base/jdk.internal.reflect.DelegatingMethodAccessorImpl.invoke(DelegatingMethodAccessorImpl.java:43)
	at java.base/java.lang.reflect.Method.invoke(Method.java:566)
	at tcl.lang.reflect.PkgInvoker.invokeMethod(PkgInvoker.java:129)
	at tcl.lang.JavaInvoke.call(JavaInvoke.java:253)
	at tcl.lang.JavaInvoke.callMethod(JavaInvoke.java:116)
	at tcl.lang.ReflectObject.cmdProc(ReflectObject.java:727)
	at tcl.lang.Parser.evalObjv(Parser.java:740)
	at tcl.lang.Parser.eval2(Parser.java:1138)
	at tcl.lang.Parser.evalTokens(Parser.java:930)
	at tcl.lang.Parser.eval2(Parser.java:1125)
	at tcl.lang.Parser.evalTokens(Parser.java:930)
	at tcl.lang.Parser.eval2(Parser.java:1125)
	at tcl.lang.Interp.eval(Interp.java:1782)
	at tcl.lang.Interp.eval(Interp.java:1841)
	at tcl.lang.UplevelCmd.cmdProc(UplevelCmd.java:93)
	at tcl.lang.Parser.evalObjv(Parser.java:740)
	at tcl.lang.Parser.eval2(Parser.java:1138)
	at tcl.lang.Interp.eval(Interp.java:1782)
	at tcl.lang.Interp.eval(Interp.java:1841)
	at tcl.lang.CatchCmd.cmdProc(CatchCmd.java:42)
	at tcl.lang.Parser.evalObjv(Parser.java:740)
	at tcl.lang.Parser.eval2(Parser.java:1138)
	at tcl.lang.Parser.evalTokens(Parser.java:930)
	at tcl.lang.Parser.eval2(Parser.java:1125)
	at tcl.lang.Procedure.cmdProc(Procedure.java:175)
	at tcl.lang.Parser.evalObjv(Parser.java:740)
	at tcl.lang.Parser.eval2(Parser.java:1138)
	at tcl.lang.Interp.eval(Interp.java:1782)
	at tcl.lang.Interp.eval(Interp.java:1841)
	at tcl.lang.ForeachCmd.cmdProc(ForeachCmd.java:116)
	at tcl.lang.AutoloadStub.cmdProc(Extension.java:144)
	at tcl.lang.Parser.evalObjv(Parser.java:740)
	at tcl.lang.Parser.eval2(Parser.java:1138)
	at tcl.lang.Interp.eval(Interp.java:1782)
	at tcl.lang.Interp.evalFile(Interp.java:1880)
	at java.base/jdk.internal.reflect.NativeMethodAccessorImpl.invoke0(Native Method)
	at java.base/jdk.internal.reflect.NativeMethodAccessorImpl.invoke(NativeMethodAccessorImpl.java:62)
	at java.base/jdk.internal.reflect.DelegatingMethodAccessorImpl.invoke(DelegatingMethodAccessorImpl.java:43)
	at java.base/java.lang.reflect.Method.invoke(Method.java:566)
	at ptolemy.util.test.junit.TclTests.RunTclFile(TclTests.java:233)
	at java.base/jdk.internal.reflect.NativeMethodAccessorImpl.invoke0(Native Method)
	at java.base/jdk.internal.reflect.NativeMethodAccessorImpl.invoke(NativeMethodAccessorImpl.java:62)
	at java.base/jdk.internal.reflect.DelegatingMethodAccessorImpl.invoke(DelegatingMethodAccessorImpl.java:43)
	at java.base/java.lang.reflect.Method.invoke(Method.java:566)
	at org.junit.runners.model.FrameworkMethod$1.runReflectiveCall(FrameworkMethod.java:44)
	at org.junit.internal.runners.model.ReflectiveCallable.run(ReflectiveCallable.java:15)
	at org.junit.runners.model.FrameworkMethod.invokeExplosively(FrameworkMethod.java:41)
	at junitparams.internal.InvokeParameterisedMethod.evaluate(InvokeParameterisedMethod.java:102)
	at junitparams.internal.ParameterisedTestMethodRunner.runMethodInvoker(ParameterisedTestMethodRunner.java:47)
	at junitparams.internal.ParameterisedTestMethodRunner.runTestMethod(ParameterisedTestMethodRunner.java:41)
	at junitparams.internal.ParameterisedTestClassRunner.runParameterisedTest(ParameterisedTestClassRunner.java:143)
	at junitparams.JUnitParamsRunner.runChild(JUnitParamsRunner.java:237)
	at junitparams.JUnitParamsRunner.runChild(JUnitParamsRunner.java:215)
	at org.junit.runners.ParentRunner$3.run(ParentRunner.java:193)
	at org.junit.runners.ParentRunner$1.schedule(ParentRunner.java:52)
	at org.junit.runners.ParentRunner.runChildren(ParentRunner.java:191)
	at org.junit.runners.ParentRunner.access$000(ParentRunner.java:42)
	at org.junit.runners.ParentRunner$2.evaluate(ParentRunner.java:184)
	at org.junit.internal.runners.statements.RunAfters.evaluate(RunAfters.java:31)
	at org.junit.runners.ParentRunner.run(ParentRunner.java:236)
	at org.junit.runners.Suite.runChild(Suite.java:128)
	at org.junit.runners.Suite.runChild(Suite.java:24)
	at org.junit.runners.ParentRunner$3.run(ParentRunner.java:193)
	at org.junit.runners.ParentRunner$1.schedule(ParentRunner.java:52)
	at org.junit.runners.ParentRunner.runChildren(ParentRunner.java:191)
	at org.junit.runners.ParentRunner.access$000(ParentRunner.java:42)
	at org.junit.runners.ParentRunner$2.evaluate(ParentRunner.java:184)
	at org.junit.runners.ParentRunner.run(ParentRunner.java:236)
	at junit.framework.JUnit4TestAdapter.run(JUnit4TestAdapter.java:39)
	at org.apache.tools.ant.taskdefs.optional.junit.JUnitTestRunner.run(JUnitTestRunner.java:535)
	at org.apache.tools.ant.taskdefs.optional.junit.JUnitTestRunner.launch(JUnitTestRunner.java:1182)
	at org.apache.tools.ant.taskdefs.optional.junit.JUnitTestRunner.main(JUnitTestRunner.java:1033)
 in /home/travis/build/icyphy/ptII/ptolemy/actor/lib/jjs/external/require.js at line number 454 at column number 12
	at jdk.scripting.nashorn/jdk.nashorn.api.scripting.NashornScriptEngine.throwAsScriptException(NashornScriptEngine.java:477)
	at jdk.scripting.nashorn/jdk.nashorn.api.scripting.NashornScriptEngine.invokeImpl(NashornScriptEngine.java:399)
	at jdk.scripting.nashorn/jdk.nashorn.api.scripting.NashornScriptEngine.invokeFunction(NashornScriptEngine.java:197)
	at ptolemy.actor.lib.jjs.JavaScript._createEngineAndEvaluateSetup(JavaScript.java:2493)
	... 94 more
Caused by: /home/travis/build/icyphy/ptII/ptolemy/actor/lib/jjs/external/require.js:454:12 Error: Error executing module audio line #undefined : ptolemy.actor.lib.jjs.modules.audio.AudioHelper
In file: /home/travis/build/icyphy/ptII/ptolemy/actor/lib/jjs/modules/audio/audio.js

java.lang.ClassNotFoundException: ptolemy.actor.lib.jjs.modules.audio.AudioHelper
	at java.base/jdk.internal.loader.BuiltinClassLoader.loadClass(BuiltinClassLoader.java:583)
	at java.base/jdk.internal.loader.ClassLoaders$AppClassLoader.loadClass(ClassLoaders.java:178)
	at java.base/java.lang.ClassLoader.loadClass(ClassLoader.java:521)
	at java.base/java.lang.Class.forName0(Native Method)
	at java.base/java.lang.Class.forName(Class.java:398)
	at jdk.scripting.nashorn/jdk.nashorn.internal.runtime.Context.findClass(Context.java:1180)
	at jdk.scripting.nashorn/jdk.nashorn.internal.objects.NativeJava.simpleType(NativeJava.java:546)
	at jdk.scripting.nashorn/jdk.nashorn.internal.objects.NativeJava.type(NativeJava.java:326)
	at jdk.scripting.nashorn/jdk.nashorn.internal.objects.NativeJava.type(NativeJava.java:318)
	at jdk.scripting.nashorn/jdk.nashorn.internal.objects.NativeJava.type(NativeJava.java:314)
	at jdk.scripting.nashorn.scripts/jdk.nashorn.internal.scripts.Script$Recompilation$83105$require.L:1(/home/travis/build/icyphy/ptII/ptolemy/actor/lib/jjs/external/require.js#409:30<eval>:48)
	at jdk.scripting.nashorn.scripts/jdk.nashorn.internal.scripts.Script$Recompilation$83015$require.L:45#_require(/home/travis/build/icyphy/ptII/ptolemy/actor/lib/jjs/external/require.js:429)
	at jdk.scripting.nashorn.scripts/jdk.nashorn.internal.scripts.Script$Recompilation$83019$21065A$require.L:45#_requireClosure#L:466(/home/travis/build/icyphy/ptII/ptolemy/actor/lib/jjs/external/require.js:467)
	at jdk.scripting.nashorn.scripts/jdk.nashorn.internal.scripts.Script$Recompilation$83093$1AAAAAAAAAAAAAA$\^function\_.L:1(<function>:97)
	at jdk.scripting.nashorn.scripts/jdk.nashorn.internal.scripts.Script$Recompilation$83092$17933AAAAAA$require$cu1$restOf.L:1#Accessor(/home/travis/build/icyphy/ptII/ptolemy/actor/lib/jjs/external/require.js#409:30<eval>:545)
	at jdk.scripting.nashorn.scripts/jdk.nashorn.internal.scripts.Script$Recompilation$83078$2801AAA$\^eval\_.evaluateCode(<eval>:96)
	at jdk.scripting.nashorn/jdk.nashorn.internal.runtime.ScriptFunctionData.invoke(ScriptFunctionData.java:661)
	at jdk.scripting.nashorn/jdk.nashorn.internal.runtime.ScriptFunction.invoke(ScriptFunction.java:513)
	at jdk.scripting.nashorn/jdk.nashorn.internal.runtime.ScriptRuntime.apply(ScriptRuntime.java:527)
	at jdk.scripting.nashorn/jdk.nashorn.api.scripting.ScriptObjectMirror.callMember(ScriptObjectMirror.java:202)
	at jdk.scripting.nashorn/jdk.nashorn.api.scripting.NashornScriptEngine.invokeImpl(NashornScriptEngine.java:393)
	at jdk.scripting.nashorn/jdk.nashorn.api.scripting.NashornScriptEngine.invokeFunction(NashornScriptEngine.java:197)
	at ptolemy.actor.lib.jjs.JavaScript._createEngineAndEvaluateSetup(JavaScript.java:2493)
	at ptolemy.actor.lib.jjs.JavaScript.attributeChanged(JavaScript.java:548)
	at org.terraswarm.accessor.JSAccessor.attributeChanged(JSAccessor.java:312)
	at ptolemy.data.expr.Variable._setTokenAndNotify(Variable.java:2271)
	at ptolemy.data.expr.Variable._evaluate(Variable.java:1873)
	at ptolemy.data.expr.Variable._propagate(Variable.java:1984)
	at ptolemy.data.expr.Variable.validate(Variable.java:1596)
	at ptolemy.moml.MoMLParser.endDocument(MoMLParser.java:867)
	at com.microstar.xml.XmlParser.doParse(XmlParser.java:162)
	at com.microstar.xml.XmlParser.parse(XmlParser.java:132)
	at ptolemy.moml.MoMLParser.parse(MoMLParser.java:1676)
	at ptolemy.moml.MoMLParser.parse(MoMLParser.java:1617)
	at ptolemy.moml.MoMLParser.parse(MoMLParser.java:1792)
	at org.terraswarm.accessor.AccessorLibrary.populate(AccessorLibrary.java:194)
	at ptolemy.moml.EntityLibrary.classDefinitionList(EntityLibrary.java:307)
	at ptolemy.kernel.CompositeEntity._description(CompositeEntity.java:2292)
	at ptolemy.kernel.CompositeEntity._description(CompositeEntity.java:2307)
	at ptolemy.kernel.CompositeEntity._description(CompositeEntity.java:2307)
	at ptolemy.kernel.CompositeEntity._description(CompositeEntity.java:2307)
	at ptolemy.kernel.util.NamedObj.description(NamedObj.java:731)
	at ptolemy.kernel.util.NamedObj.description(NamedObj.java:715)
	at java.base/jdk.internal.reflect.NativeMethodAccessorImpl.invoke0(Native Method)
	at java.base/jdk.internal.reflect.NativeMethodAccessorImpl.invoke(NativeMethodAccessorImpl.java:62)
	at java.base/jdk.internal.reflect.DelegatingMethodAccessorImpl.invoke(DelegatingMethodAccessorImpl.java:43)
	at java.base/java.lang.reflect.Method.invoke(Method.java:566)
	at tcl.lang.reflect.PkgInvoker.invokeMethod(PkgInvoker.java:129)
	at tcl.lang.JavaInvoke.call(JavaInvoke.java:253)
	at tcl.lang.JavaInvoke.callMethod(JavaInvoke.java:116)
	at tcl.lang.ReflectObject.cmdProc(ReflectObject.java:727)
	at tcl.lang.Parser.evalObjv(Parser.java:740)
	at tcl.lang.Parser.eval2(Parser.java:1138)
	at tcl.lang.Parser.evalTokens(Parser.java:930)
	at tcl.lang.Parser.eval2(Parser.java:1125)
	at tcl.lang.Parser.evalTokens(Parser.java:930)
	at tcl.lang.Parser.eval2(Parser.java:1125)
	at tcl.lang.Interp.eval(Interp.java:1782)
	at tcl.lang.Interp.eval(Interp.java:1841)
	at tcl.lang.UplevelCmd.cmdProc(UplevelCmd.java:93)
	at tcl.lang.Parser.evalObjv(Parser.java:740)
	at tcl.lang.Parser.eval2(Parser.java:1138)
	at tcl.lang.Interp.eval(Interp.java:1782)
	at tcl.lang.Interp.eval(Interp.java:1841)
	at tcl.lang.CatchCmd.cmdProc(CatchCmd.java:42)
	at tcl.lang.Parser.evalObjv(Parser.java:740)
	at tcl.lang.Parser.eval2(Parser.java:1138)
	at tcl.lang.Parser.evalTokens(Parser.java:930)
	at tcl.lang.Parser.eval2(Parser.java:1125)
	at tcl.lang.Procedure.cmdProc(Procedure.java:175)
	at tcl.lang.Parser.evalObjv(Parser.java:740)
	at tcl.lang.Parser.eval2(Parser.java:1138)
	at tcl.lang.Interp.eval(Interp.java:1782)
	at tcl.lang.Interp.eval(Interp.java:1841)
	at tcl.lang.ForeachCmd.cmdProc(ForeachCmd.java:116)
	at tcl.lang.AutoloadStub.cmdProc(Extension.java:144)
	at tcl.lang.Parser.evalObjv(Parser.java:740)
	at tcl.lang.Parser.eval2(Parser.java:1138)
	at tcl.lang.Interp.eval(Interp.java:1782)
	at tcl.lang.Interp.evalFile(Interp.java:1880)
	at java.base/jdk.internal.reflect.NativeMethodAccessorImpl.invoke0(Native Method)
	at java.base/jdk.internal.reflect.NativeMethodAccessorImpl.invoke(NativeMethodAccessorImpl.java:62)
	at java.base/jdk.internal.reflect.DelegatingMethodAccessorImpl.invoke(DelegatingMethodAccessorImpl.java:43)
	at java.base/java.lang.reflect.Method.invoke(Method.java:566)
	at ptolemy.util.test.junit.TclTests.RunTclFile(TclTests.java:233)
	at java.base/jdk.internal.reflect.NativeMethodAccessorImpl.invoke0(Native Method)
	at java.base/jdk.internal.reflect.NativeMethodAccessorImpl.invoke(NativeMethodAccessorImpl.java:62)
	at java.base/jdk.internal.reflect.DelegatingMethodAccessorImpl.invoke(DelegatingMethodAccessorImpl.java:43)
	at java.base/java.lang.reflect.Method.invoke(Method.java:566)
	at org.junit.runners.model.FrameworkMethod$1.runReflectiveCall(FrameworkMethod.java:44)
	at org.junit.internal.runners.model.ReflectiveCallable.run(ReflectiveCallable.java:15)
	at org.junit.runners.model.FrameworkMethod.invokeExplosively(FrameworkMethod.java:41)
	at junitparams.internal.InvokeParameterisedMethod.evaluate(InvokeParameterisedMethod.java:102)
	at junitparams.internal.ParameterisedTestMethodRunner.runMethodInvoker(ParameterisedTestMethodRunner.java:47)
	at junitparams.internal.ParameterisedTestMethodRunner.runTestMethod(ParameterisedTestMethodRunner.java:41)
	at junitparams.internal.ParameterisedTestClassRunner.runParameterisedTest(ParameterisedTestClassRunner.java:143)
	at junitparams.JUnitParamsRunner.runChild(JUnitParamsRunner.java:237)
	at junitparams.JUnitParamsRunner.runChild(JUnitParamsRunner.java:215)
	at org.junit.runners.ParentRunner$3.run(ParentRunner.java:193)
	at org.junit.runners.ParentRunner$1.schedule(ParentRunner.java:52)
	at org.junit.runners.ParentRunner.runChildren(ParentRunner.java:191)
	at org.junit.runners.ParentRunner.access$000(ParentRunner.java:42)
	at org.junit.runners.ParentRunner$2.evaluate(ParentRunner.java:184)
	at org.junit.internal.runners.statements.RunAfters.evaluate(RunAfters.java:31)
	at org.junit.runners.ParentRunner.run(ParentRunner.java:236)
	at org.junit.runners.Suite.runChild(Suite.java:128)
	at org.junit.runners.Suite.runChild(Suite.java:24)
	at org.junit.runners.ParentRunner$3.run(ParentRunner.java:193)
	at org.junit.runners.ParentRunner$1.schedule(ParentRunner.java:52)
	at org.junit.runners.ParentRunner.runChildren(ParentRunner.java:191)
	at org.junit.runners.ParentRunner.access$000(ParentRunner.java:42)
	at org.junit.runners.ParentRunner$2.evaluate(ParentRunner.java:184)
	at org.junit.runners.ParentRunner.run(ParentRunner.java:236)
	at junit.framework.JUnit4TestAdapter.run(JUnit4TestAdapter.java:39)
	at org.apache.tools.ant.taskdefs.optional.junit.JUnitTestRunner.run(JUnitTestRunner.java:535)
	at org.apache.tools.ant.taskdefs.optional.junit.JUnitTestRunner.launch(JUnitTestRunner.java:1182)
	at org.apache.tools.ant.taskdefs.optional.junit.JUnitTestRunner.main(JUnitTestRunner.java:1033)

	at jdk.scripting.nashorn/jdk.nashorn.internal.objects.NativeError.initException(NativeError.java:135)
	at jdk.scripting.nashorn/jdk.nashorn.internal.objects.NativeError.<init>(NativeError.java:101)
	at jdk.scripting.nashorn/jdk.nashorn.internal.objects.NativeError.<init>(NativeError.java:105)
	at jdk.scripting.nashorn/jdk.nashorn.internal.objects.NativeError.<init>(NativeError.java:109)
	at jdk.scripting.nashorn/jdk.nashorn.internal.objects.NativeError.constructor(NativeError.java:128)
	at jdk.scripting.nashorn.scripts/jdk.nashorn.internal.scripts.Script$Recompilation$83111$require$cu1$restOf.L:45#_require(/home/travis/build/icyphy/ptII/ptolemy/actor/lib/jjs/external/require.js:454)
	at jdk.scripting.nashorn.scripts/jdk.nashorn.internal.scripts.Script$Recompilation$83019$21065A$require.L:45#_requireClosure#L:466(/home/travis/build/icyphy/ptII/ptolemy/actor/lib/jjs/external/require.js:467)
	at jdk.scripting.nashorn.scripts/jdk.nashorn.internal.scripts.Script$Recompilation$83093$1AAAAAAAAAAAAAA$\^function\_.L:1(<function>:97)
	at jdk.scripting.nashorn.scripts/jdk.nashorn.internal.scripts.Script$Recompilation$83092$17933AAAAAA$require$cu1$restOf.L:1#Accessor(/home/travis/build/icyphy/ptII/ptolemy/actor/lib/jjs/external/require.js#409:30<eval>:545)
	at jdk.scripting.nashorn.scripts/jdk.nashorn.internal.scripts.Script$Recompilation$83078$2801AAA$\^eval\_.evaluateCode(<eval>:96)
	at jdk.scripting.nashorn/jdk.nashorn.internal.runtime.ScriptFunctionData.invoke(ScriptFunctionData.java:661)
	at jdk.scripting.nashorn/jdk.nashorn.internal.runtime.ScriptFunction.invoke(ScriptFunction.java:513)
	at jdk.scripting.nashorn/jdk.nashorn.internal.runtime.ScriptRuntime.apply(ScriptRuntime.java:527)
	at jdk.scripting.nashorn/jdk.nashorn.api.scripting.ScriptObjectMirror.callMember(ScriptObjectMirror.java:202)
	at jdk.scripting.nashorn/jdk.nashorn.api.scripting.NashornScriptEngine.invokeImpl(NashornScriptEngine.java:393)
	... 96 more
Caused by: ptolemy.kernel.util.IllegalActionException: Error evaluating expression:
// Copyright (c) 2015-2017 The Regents of the University of California.
...
  in .configuration.actor library.Accessors.audio.AudioCapture.script
Because:
Failed to evaluate script.
  in .configuration.actor library.Accessors.audio.AudioCapture
Because:
Error: Error executing module audio line #undefined : ptolemy.actor.lib.jjs.modules.audio.AudioHelper
In file: /home/travis/build/icyphy/ptII/ptolemy/actor/lib/jjs/modules/audio/audio.js

java.lang.ClassNotFoundException: ptolemy.actor.lib.jjs.modules.audio.AudioHelper
	at java.base/jdk.internal.loader.BuiltinClassLoader.loadClass(BuiltinClassLoader.java:583)
	at java.base/jdk.internal.loader.ClassLoaders$AppClassLoader.loadClass(ClassLoaders.java:178)
	at java.base/java.lang.ClassLoader.loadClass(ClassLoader.java:521)
	at java.base/java.lang.Class.forName0(Native Method)
	at java.base/java.lang.Class.forName(Class.java:398)
	at jdk.scripting.nashorn/jdk.nashorn.internal.runtime.Context.findClass(Context.java:1180)
	at jdk.scripting.nashorn/jdk.nashorn.internal.objects.NativeJava.simpleType(NativeJava.java:546)
	at jdk.scripting.nashorn/jdk.nashorn.internal.objects.NativeJava.type(NativeJava.java:326)
	at jdk.scripting.nashorn/jdk.nashorn.internal.objects.NativeJava.type(NativeJava.java:318)
	at jdk.scripting.nashorn/jdk.nashorn.internal.objects.NativeJava.type(NativeJava.java:314)
	at jdk.scripting.nashorn.scripts/jdk.nashorn.internal.scripts.Script$Recompilation$83105$require.L:1(/home/travis/build/icyphy/ptII/ptolemy/actor/lib/jjs/external/require.js#409:30<eval>:48)
	at jdk.scripting.nashorn.scripts/jdk.nashorn.internal.scripts.Script$Recompilation$83015$require.L:45#_require(/home/travis/build/icyphy/ptII/ptolemy/actor/lib/jjs/external/require.js:429)
	at jdk.scripting.nashorn.scripts/jdk.nashorn.internal.scripts.Script$Recompilation$83019$21065A$require.L:45#_requireClosure#L:466(/home/travis/build/icyphy/ptII/ptolemy/actor/lib/jjs/external/require.js:467)
	at jdk.scripting.nashorn.scripts/jdk.nashorn.internal.scripts.Script$Recompilation$83093$1AAAAAAAAAAAAAA$\^function\_.L:1(<function>:97)
	at jdk.scripting.nashorn.scripts/jdk.nashorn.internal.scripts.Script$Recompilation$83092$17933AAAAAA$require$cu1$restOf.L:1#Accessor(/home/travis/build/icyphy/ptII/ptolemy/actor/lib/jjs/external/require.js#409:30<eval>:545)
	at jdk.scripting.nashorn.scripts/jdk.nashorn.internal.scripts.Script$Recompilation$83078$2801AAA$\^eval\_.evaluateCode(<eval>:96)
	at jdk.scripting.nashorn/jdk.nashorn.internal.runtime.ScriptFunctionData.invoke(ScriptFunctionData.java:661)
	at jdk.scripting.nashorn/jdk.nashorn.internal.runtime.ScriptFunction.invoke(ScriptFunction.java:513)
	at jdk.scripting.nashorn/jdk.nashorn.internal.runtime.ScriptRuntime.apply(ScriptRuntime.java:527)
	at jdk.scripting.nashorn/jdk.nashorn.api.scripting.ScriptObjectMirror.callMember(ScriptObjectMirror.java:202)
	at jdk.scripting.nashorn/jdk.nashorn.api.scripting.NashornScriptEngine.invokeImpl(NashornScriptEngine.java:393)
	at jdk.scripting.nashorn/jdk.nashorn.api.scripting.NashornScriptEngine.invokeFunction(NashornScriptEngine.java:197)
	at ptolemy.actor.lib.jjs.JavaScript._createEngineAndEvaluateSetup(JavaScript.java:2493)
	at ptolemy.actor.lib.jjs.JavaScript.attributeChanged(JavaScript.java:548)
	at org.terraswarm.accessor.JSAccessor.attributeChanged(JSAccessor.java:312)
	at ptolemy.data.expr.Variable._setTokenAndNotify(Variable.java:2271)
	at ptolemy.data.expr.Variable._evaluate(Variable.java:1873)
	at ptolemy.data.expr.Variable._propagate(Variable.java:1984)
	at ptolemy.data.expr.Variable.validate(Variable.java:1596)
	at ptolemy.moml.MoMLParser.endDocument(MoMLParser.java:867)
	at com.microstar.xml.XmlParser.doParse(XmlParser.java:162)
	at com.microstar.xml.XmlParser.parse(XmlParser.java:132)
	at ptolemy.moml.MoMLParser.parse(MoMLParser.java:1676)
	at ptolemy.moml.MoMLParser.parse(MoMLParser.java:1617)
	at ptolemy.moml.MoMLParser.parse(MoMLParser.java:1792)
	at org.terraswarm.accessor.AccessorLibrary.populate(AccessorLibrary.java:194)
	at ptolemy.moml.EntityLibrary.classDefinitionList(EntityLibrary.java:307)
	at ptolemy.kernel.CompositeEntity._description(CompositeEntity.java:2292)
	at ptolemy.kernel.CompositeEntity._description(CompositeEntity.java:2307)
	at ptolemy.kernel.CompositeEntity._description(CompositeEntity.java:2307)
	at ptolemy.kernel.CompositeEntity._description(CompositeEntity.java:2307)
	at ptolemy.kernel.util.NamedObj.description(NamedObj.java:731)
	at ptolemy.kernel.util.NamedObj.description(NamedObj.java:715)
	at java.base/jdk.internal.reflect.NativeMethodAccessorImpl.invoke0(Native Method)
	at java.base/jdk.internal.reflect.NativeMethodAccessorImpl.invoke(NativeMethodAccessorImpl.java:62)
	at java.base/jdk.internal.reflect.DelegatingMethodAccessorImpl.invoke(DelegatingMethodAccessorImpl.java:43)
	at java.base/java.lang.reflect.Method.invoke(Method.java:566)
	at tcl.lang.reflect.PkgInvoker.invokeMethod(PkgInvoker.java:129)
	at tcl.lang.JavaInvoke.call(JavaInvoke.java:253)
	at tcl.lang.JavaInvoke.callMethod(JavaInvoke.java:116)
	at tcl.lang.ReflectObject.cmdProc(ReflectObject.java:727)
	at tcl.lang.Parser.evalObjv(Parser.java:740)
	at tcl.lang.Parser.eval2(Parser.java:1138)
	at tcl.lang.Parser.evalTokens(Parser.java:930)
	at tcl.lang.Parser.eval2(Parser.java:1125)
	at tcl.lang.Parser.evalTokens(Parser.java:930)
	at tcl.lang.Parser.eval2(Parser.java:1125)
	at tcl.lang.Interp.eval(Interp.java:1782)
	at tcl.lang.Interp.eval(Interp.java:1841)
	at tcl.lang.UplevelCmd.cmdProc(UplevelCmd.java:93)
	at tcl.lang.Parser.evalObjv(Parser.java:740)
	at tcl.lang.Parser.eval2(Parser.java:1138)
	at tcl.lang.Interp.eval(Interp.java:1782)
	at tcl.lang.Interp.eval(Interp.java:1841)
	at tcl.lang.CatchCmd.cmdProc(CatchCmd.java:42)
	at tcl.lang.Parser.evalObjv(Parser.java:740)
	at tcl.lang.Parser.eval2(Parser.java:1138)
	at tcl.lang.Parser.evalTokens(Parser.java:930)
	at tcl.lang.Parser.eval2(Parser.java:1125)
	at tcl.lang.Procedure.cmdProc(Procedure.java:175)
	at tcl.lang.Parser.evalObjv(Parser.java:740)
	at tcl.lang.Parser.eval2(Parser.java:1138)
	at tcl.lang.Interp.eval(Interp.java:1782)
	at tcl.lang.Interp.eval(Interp.java:1841)
	at tcl.lang.ForeachCmd.cmdProc(ForeachCmd.java:116)
	at tcl.lang.AutoloadStub.cmdProc(Extension.java:144)
	at tcl.lang.Parser.evalObjv(Parser.java:740)
	at tcl.lang.Parser.eval2(Parser.java:1138)
	at tcl.lang.Interp.eval(Interp.java:1782)
	at tcl.lang.Interp.evalFile(Interp.java:1880)
	at java.base/jdk.internal.reflect.NativeMethodAccessorImpl.invoke0(Native Method)
	at java.base/jdk.internal.reflect.NativeMethodAccessorImpl.invoke(NativeMethodAccessorImpl.java:62)
	at java.base/jdk.internal.reflect.DelegatingMethodAccessorImpl.invoke(DelegatingMethodAccessorImpl.java:43)
	at java.base/java.lang.reflect.Method.invoke(Method.java:566)
	at ptolemy.util.test.junit.TclTests.RunTclFile(TclTests.java:233)
	at java.base/jdk.internal.reflect.NativeMethodAccessorImpl.invoke0(Native Method)
	at java.base/jdk.internal.reflect.NativeMethodAccessorImpl.invoke(NativeMethodAccessorImpl.java:62)
	at java.base/jdk.internal.reflect.DelegatingMethodAccessorImpl.invoke(DelegatingMethodAccessorImpl.java:43)
	at java.base/java.lang.reflect.Method.invoke(Method.java:566)
	at org.junit.runners.model.FrameworkMethod$1.runReflectiveCall(FrameworkMethod.java:44)
	at org.junit.internal.runners.model.ReflectiveCallable.run(ReflectiveCallable.java:15)
	at org.junit.runners.model.FrameworkMethod.invokeExplosively(FrameworkMethod.java:41)
	at junitparams.internal.InvokeParameterisedMethod.evaluate(InvokeParameterisedMethod.java:102)
	at junitparams.internal.ParameterisedTestMethodRunner.runMethodInvoker(ParameterisedTestMethodRunner.java:47)
	at junitparams.internal.ParameterisedTestMethodRunner.runTestMethod(ParameterisedTestMethodRunner.java:41)
	at junitparams.internal.ParameterisedTestClassRunner.runParameterisedTest(ParameterisedTestClassRunner.java:143)
	at junitparams.JUnitParamsRunner.runChild(JUnitParamsRunner.java:237)
	at junitparams.JUnitParamsRunner.runChild(JUnitParamsRunner.java:215)
	at org.junit.runners.ParentRunner$3.run(ParentRunner.java:193)
	at org.junit.runners.ParentRunner$1.schedule(ParentRunner.java:52)
	at org.junit.runners.ParentRunner.runChildren(ParentRunner.java:191)
	at org.junit.runners.ParentRunner.access$000(ParentRunner.java:42)
	at org.junit.runners.ParentRunner$2.evaluate(ParentRunner.java:184)
	at org.junit.internal.runners.statements.RunAfters.evaluate(RunAfters.java:31)
	at org.junit.runners.ParentRunner.run(ParentRunner.java:236)
	at org.junit.runners.Suite.runChild(Suite.java:128)
	at org.junit.runners.Suite.runChild(Suite.java:24)
	at org.junit.runners.ParentRunner$3.run(ParentRunner.java:193)
	at org.junit.runners.ParentRunner$1.schedule(ParentRunner.java:52)
	at org.junit.runners.ParentRunner.runChildren(ParentRunner.java:191)
	at org.junit.runners.ParentRunner.access$000(ParentRunner.java:42)
	at org.junit.runners.ParentRunner$2.evaluate(ParentRunner.java:184)
	at org.junit.runners.ParentRunner.run(ParentRunner.java:236)
	at junit.framework.JUnit4TestAdapter.run(JUnit4TestAdapter.java:39)
	at org.apache.tools.ant.taskdefs.optional.junit.JUnitTestRunner.run(JUnitTestRunner.java:535)
	at org.apache.tools.ant.taskdefs.optional.junit.JUnitTestRunner.launch(JUnitTestRunner.java:1182)
	at org.apache.tools.ant.taskdefs.optional.junit.JUnitTestRunner.main(JUnitTestRunner.java:1033)
 in /home/travis/build/icyphy/ptII/ptolemy/actor/lib/jjs/external/require.js at line number 454 at column number 12
	at ptolemy.data.expr.Variable._evaluate(Variable.java:1891)
	at ptolemy.data.expr.Variable._propagate(Variable.java:1984)
	at ptolemy.data.expr.Variable.validate(Variable.java:1596)
	at ptolemy.moml.MoMLParser.endDocument(MoMLParser.java:867)
	at com.microstar.xml.XmlParser.doParse(XmlParser.java:162)
	at com.microstar.xml.XmlParser.parse(XmlParser.java:132)
	at ptolemy.moml.MoMLParser.parse(MoMLParser.java:1676)
	at ptolemy.moml.MoMLParser.parse(MoMLParser.java:1617)
	at ptolemy.moml.MoMLParser.parse(MoMLParser.java:1792)
	at org.terraswarm.accessor.AccessorLibrary.populate(AccessorLibrary.java:194)
	at ptolemy.moml.EntityLibrary.classDefinitionList(EntityLibrary.java:307)
	at ptolemy.kernel.CompositeEntity._description(CompositeEntity.java:2292)
	at ptolemy.kernel.CompositeEntity._description(CompositeEntity.java:2307)
	at ptolemy.kernel.CompositeEntity._description(CompositeEntity.java:2307)
	at ptolemy.kernel.CompositeEntity._description(CompositeEntity.java:2307)
	at ptolemy.kernel.util.NamedObj.description(NamedObj.java:731)
	at ptolemy.kernel.util.NamedObj.description(NamedObj.java:715)
	at java.base/jdk.internal.reflect.NativeMethodAccessorImpl.invoke0(Native Method)
	at java.base/jdk.internal.reflect.NativeMethodAccessorImpl.invoke(NativeMethodAccessorImpl.java:62)
	at java.base/jdk.internal.reflect.DelegatingMethodAccessorImpl.invoke(DelegatingMethodAccessorImpl.java:43)
	at java.base/java.lang.reflect.Method.invoke(Method.java:566)
	at tcl.lang.reflect.PkgInvoker.invokeMethod(PkgInvoker.java:129)
	at tcl.lang.JavaInvoke.call(JavaInvoke.java:253)
	at tcl.lang.JavaInvoke.callMethod(JavaInvoke.java:116)
	at tcl.lang.ReflectObject.cmdProc(ReflectObject.java:727)
	at tcl.lang.Parser.evalObjv(Parser.java:740)
	at tcl.lang.Parser.eval2(Parser.java:1138)
	at tcl.lang.Parser.evalTokens(Parser.java:930)
	at tcl.lang.Parser.eval2(Parser.java:1125)
	at tcl.lang.Parser.evalTokens(Parser.java:930)
	at tcl.lang.Parser.eval2(Parser.java:1125)
	at tcl.lang.Interp.eval(Interp.java:1782)
	at tcl.lang.Interp.eval(Interp.java:1841)
	at tcl.lang.UplevelCmd.cmdProc(UplevelCmd.java:93)
	at tcl.lang.Parser.evalObjv(Parser.java:740)
	at tcl.lang.Parser.eval2(Parser.java:1138)
	at tcl.lang.Interp.eval(Interp.java:1782)
	at tcl.lang.Interp.eval(Interp.java:1841)
	at tcl.lang.CatchCmd.cmdProc(CatchCmd.java:42)
	at tcl.lang.Parser.evalObjv(Parser.java:740)
	at tcl.lang.Parser.eval2(Parser.java:1138)
	at tcl.lang.Parser.evalTokens(Parser.java:930)
	at tcl.lang.Parser.eval2(Parser.java:1125)
	at tcl.lang.Procedure.cmdProc(Procedure.java:175)
	at tcl.lang.Parser.evalObjv(Parser.java:740)
	at tcl.lang.Parser.eval2(Parser.java:1138)
	at tcl.lang.Interp.eval(Interp.java:1782)
	at tcl.lang.Interp.eval(Interp.java:1841)
	at tcl.lang.ForeachCmd.cmdProc(ForeachCmd.java:116)
	at tcl.lang.AutoloadStub.cmdProc(Extension.java:144)
	at tcl.lang.Parser.evalObjv(Parser.java:740)
	at tcl.lang.Parser.eval2(Parser.java:1138)
	at tcl.lang.Interp.eval(Interp.java:1782)
	at tcl.lang.Interp.evalFile(Interp.java:1880)
	at java.base/jdk.internal.reflect.NativeMethodAccessorImpl.invoke0(Native Method)
	at java.base/jdk.internal.reflect.NativeMethodAccessorImpl.invoke(NativeMethodAccessorImpl.java:62)
	at java.base/jdk.internal.reflect.DelegatingMethodAccessorImpl.invoke(DelegatingMethodAccessorImpl.java:43)
	at java.base/java.lang.reflect.Method.invoke(Method.java:566)
	at ptolemy.util.test.junit.TclTests.RunTclFile(TclTests.java:233)
	at java.base/jdk.internal.reflect.NativeMethodAccessorImpl.invoke0(Native Method)
	at java.base/jdk.internal.reflect.NativeMethodAccessorImpl.invoke(NativeMethodAccessorImpl.java:62)
	at java.base/jdk.internal.reflect.DelegatingMethodAccessorImpl.invoke(DelegatingMethodAccessorImpl.java:43)
	at java.base/java.lang.reflect.Method.invoke(Method.java:566)
	at org.junit.runners.model.FrameworkMethod$1.runReflectiveCall(FrameworkMethod.java:44)
	at org.junit.internal.runners.model.ReflectiveCallable.run(ReflectiveCallable.java:15)
	at org.junit.runners.model.FrameworkMethod.invokeExplosively(FrameworkMethod.java:41)
	at junitparams.internal.InvokeParameterisedMethod.evaluate(InvokeParameterisedMethod.java:102)
	at junitparams.internal.ParameterisedTestMethodRunner.runMethodInvoker(ParameterisedTestMethodRunner.java:47)
	at junitparams.internal.ParameterisedTestMethodRunner.runTestMethod(ParameterisedTestMethodRunner.java:41)
	at junitparams.internal.ParameterisedTestClassRunner.runParameterisedTest(ParameterisedTestClassRunner.java:143)
	at junitparams.JUnitParamsRunner.runChild(JUnitParamsRunner.java:237)
	at junitparams.JUnitParamsRunner.runChild(JUnitParamsRunner.java:215)
	at org.junit.runners.ParentRunner$3.run(ParentRunner.java:193)
	at org.junit.runners.ParentRunner$1.schedule(ParentRunner.java:52)
	at org.junit.runners.ParentRunner.runChildren(ParentRunner.java:191)
	at org.junit.runners.ParentRunner.access$000(ParentRunner.java:42)
	at org.junit.runners.ParentRunner$2.evaluate(ParentRunner.java:184)
	at org.junit.internal.runners.statements.RunAfters.evaluate(RunAfters.java:31)
	at org.junit.runners.ParentRunner.run(ParentRunner.java:236)
	at org.junit.runners.Suite.runChild(Suite.java:128)
	at org.junit.runners.Suite.runChild(Suite.java:24)
	at org.junit.runners.ParentRunner$3.run(ParentRunner.java:193)
	at org.junit.runners.ParentRunner$1.schedule(ParentRunner.java:52)
	at org.junit.runners.ParentRunner.runChildren(ParentRunner.java:191)
	at org.junit.runners.ParentRunner.access$000(ParentRunner.java:42)
	at org.junit.runners.ParentRunner$2.evaluate(ParentRunner.java:184)
	at org.junit.runners.ParentRunner.run(ParentRunner.java:236)
	at junit.framework.JUnit4TestAdapter.run(JUnit4TestAdapter.java:39)
	at org.apache.tools.ant.taskdefs.optional.junit.JUnitTestRunner.run(JUnitTestRunner.java:535)
	at org.apache.tools.ant.taskdefs.optional.junit.JUnitTestRunner.launch(JUnitTestRunner.java:1182)
	at org.apache.tools.ant.taskdefs.optional.junit.JUnitTestRunner.main(JUnitTestRunner.java:1033)
Caused by: ptolemy.kernel.util.IllegalActionException: Failed to evaluate script.
  in .configuration.actor library.Accessors.audio.AudioCapture
Because:
Error: Error executing module audio line #undefined : ptolemy.actor.lib.jjs.modules.audio.AudioHelper
In file: /home/travis/build/icyphy/ptII/ptolemy/actor/lib/jjs/modules/audio/audio.js

java.lang.ClassNotFoundException: ptolemy.actor.lib.jjs.modules.audio.AudioHelper
	at java.base/jdk.internal.loader.BuiltinClassLoader.loadClass(BuiltinClassLoader.java:583)
	at java.base/jdk.internal.loader.ClassLoaders$AppClassLoader.loadClass(ClassLoaders.java:178)
	at java.base/java.lang.ClassLoader.loadClass(ClassLoader.java:521)
	at java.base/java.lang.Class.forName0(Native Method)
	at java.base/java.lang.Class.forName(Class.java:398)
	at jdk.scripting.nashorn/jdk.nashorn.internal.runtime.Context.findClass(Context.java:1180)
	at jdk.scripting.nashorn/jdk.nashorn.internal.objects.NativeJava.simpleType(NativeJava.java:546)
	at jdk.scripting.nashorn/jdk.nashorn.internal.objects.NativeJava.type(NativeJava.java:326)
	at jdk.scripting.nashorn/jdk.nashorn.internal.objects.NativeJava.type(NativeJava.java:318)
	at jdk.scripting.nashorn/jdk.nashorn.internal.objects.NativeJava.type(NativeJava.java:314)
	at jdk.scripting.nashorn.scripts/jdk.nashorn.internal.scripts.Script$Recompilation$83105$require.L:1(/home/travis/build/icyphy/ptII/ptolemy/actor/lib/jjs/external/require.js#409:30<eval>:48)
	at jdk.scripting.nashorn.scripts/jdk.nashorn.internal.scripts.Script$Recompilation$83015$require.L:45#_require(/home/travis/build/icyphy/ptII/ptolemy/actor/lib/jjs/external/require.js:429)
	at jdk.scripting.nashorn.scripts/jdk.nashorn.internal.scripts.Script$Recompilation$83019$21065A$require.L:45#_requireClosure#L:466(/home/travis/build/icyphy/ptII/ptolemy/actor/lib/jjs/external/require.js:467)
	at jdk.scripting.nashorn.scripts/jdk.nashorn.internal.scripts.Script$Recompilation$83093$1AAAAAAAAAAAAAA$\^function\_.L:1(<function>:97)
	at jdk.scripting.nashorn.scripts/jdk.nashorn.internal.scripts.Script$Recompilation$83092$17933AAAAAA$require$cu1$restOf.L:1#Accessor(/home/travis/build/icyphy/ptII/ptolemy/actor/lib/jjs/external/require.js#409:30<eval>:545)
	at jdk.scripting.nashorn.scripts/jdk.nashorn.internal.scripts.Script$Recompilation$83078$2801AAA$\^eval\_.evaluateCode(<eval>:96)
	at jdk.scripting.nashorn/jdk.nashorn.internal.runtime.ScriptFunctionData.invoke(ScriptFunctionData.java:661)
	at jdk.scripting.nashorn/jdk.nashorn.internal.runtime.ScriptFunction.invoke(ScriptFunction.java:513)
	at jdk.scripting.nashorn/jdk.nashorn.internal.runtime.ScriptRuntime.apply(ScriptRuntime.java:527)
	at jdk.scripting.nashorn/jdk.nashorn.api.scripting.ScriptObjectMirror.callMember(ScriptObjectMirror.java:202)
	at jdk.scripting.nashorn/jdk.nashorn.api.scripting.NashornScriptEngine.invokeImpl(NashornScriptEngine.java:393)
	at jdk.scripting.nashorn/jdk.nashorn.api.scripting.NashornScriptEngine.invokeFunction(NashornScriptEngine.java:197)
	at ptolemy.actor.lib.jjs.JavaScript._createEngineAndEvaluateSetup(JavaScript.java:2493)
	at ptolemy.actor.lib.jjs.JavaScript.attributeChanged(JavaScript.java:548)
	at org.terraswarm.accessor.JSAccessor.attributeChanged(JSAccessor.java:312)
	at ptolemy.data.expr.Variable._setTokenAndNotify(Variable.java:2271)
	at ptolemy.data.expr.Variable._evaluate(Variable.java:1873)
	at ptolemy.data.expr.Variable._propagate(Variable.java:1984)
	at ptolemy.data.expr.Variable.validate(Variable.java:1596)
	at ptolemy.moml.MoMLParser.endDocument(MoMLParser.java:867)
	at com.microstar.xml.XmlParser.doParse(XmlParser.java:162)
	at com.microstar.xml.XmlParser.parse(XmlParser.java:132)
	at ptolemy.moml.MoMLParser.parse(MoMLParser.java:1676)
	at ptolemy.moml.MoMLParser.parse(MoMLParser.java:1617)
	at ptolemy.moml.MoMLParser.parse(MoMLParser.java:1792)
	at org.terraswarm.accessor.AccessorLibrary.populate(AccessorLibrary.java:194)
	at ptolemy.moml.EntityLibrary.classDefinitionList(EntityLibrary.java:307)
	at ptolemy.kernel.CompositeEntity._description(CompositeEntity.java:2292)
	at ptolemy.kernel.CompositeEntity._description(CompositeEntity.java:2307)
	at ptolemy.kernel.CompositeEntity._description(CompositeEntity.java:2307)
	at ptolemy.kernel.CompositeEntity._description(CompositeEntity.java:2307)
	at ptolemy.kernel.util.NamedObj.description(NamedObj.java:731)
	at ptolemy.kernel.util.NamedObj.description(NamedObj.java:715)
	at java.base/jdk.internal.reflect.NativeMethodAccessorImpl.invoke0(Native Method)
	at java.base/jdk.internal.reflect.NativeMethodAccessorImpl.invoke(NativeMethodAccessorImpl.java:62)
	at java.base/jdk.internal.reflect.DelegatingMethodAccessorImpl.invoke(DelegatingMethodAccessorImpl.java:43)
	at java.base/java.lang.reflect.Method.invoke(Method.java:566)
	at tcl.lang.reflect.PkgInvoker.invokeMethod(PkgInvoker.java:129)
	at tcl.lang.JavaInvoke.call(JavaInvoke.java:253)
	at tcl.lang.JavaInvoke.callMethod(JavaInvoke.java:116)
	at tcl.lang.ReflectObject.cmdProc(ReflectObject.java:727)
	at tcl.lang.Parser.evalObjv(Parser.java:740)
	at tcl.lang.Parser.eval2(Parser.java:1138)
	at tcl.lang.Parser.evalTokens(Parser.java:930)
	at tcl.lang.Parser.eval2(Parser.java:1125)
	at tcl.lang.Parser.evalTokens(Parser.java:930)
	at tcl.lang.Parser.eval2(Parser.java:1125)
	at tcl.lang.Interp.eval(Interp.java:1782)
	at tcl.lang.Interp.eval(Interp.java:1841)
	at tcl.lang.UplevelCmd.cmdProc(UplevelCmd.java:93)
	at tcl.lang.Parser.evalObjv(Parser.java:740)
	at tcl.lang.Parser.eval2(Parser.java:1138)
	at tcl.lang.Interp.eval(Interp.java:1782)
	at tcl.lang.Interp.eval(Interp.java:1841)
	at tcl.lang.CatchCmd.cmdProc(CatchCmd.java:42)
	at tcl.lang.Parser.evalObjv(Parser.java:740)
	at tcl.lang.Parser.eval2(Parser.java:1138)
	at tcl.lang.Parser.evalTokens(Parser.java:930)
	at tcl.lang.Parser.eval2(Parser.java:1125)
	at tcl.lang.Procedure.cmdProc(Procedure.java:175)
	at tcl.lang.Parser.evalObjv(Parser.java:740)
	at tcl.lang.Parser.eval2(Parser.java:1138)
	at tcl.lang.Interp.eval(Interp.java:1782)
	at tcl.lang.Interp.eval(Interp.java:1841)
	at tcl.lang.ForeachCmd.cmdProc(ForeachCmd.java:116)
	at tcl.lang.AutoloadStub.cmdProc(Extension.java:144)
	at tcl.lang.Parser.evalObjv(Parser.java:740)
	at tcl.lang.Parser.eval2(Parser.java:1138)
	at tcl.lang.Interp.eval(Interp.java:1782)
	at tcl.lang.Interp.evalFile(Interp.java:1880)
	at java.base/jdk.internal.reflect.NativeMethodAccessorImpl.invoke0(Native Method)
	at java.base/jdk.internal.reflect.NativeMethodAccessorImpl.invoke(NativeMethodAccessorImpl.java:62)
	at java.base/jdk.internal.reflect.DelegatingMethodAccessorImpl.invoke(DelegatingMethodAccessorImpl.java:43)
	at java.base/java.lang.reflect.Method.invoke(Method.java:566)
	at ptolemy.util.test.junit.TclTests.RunTclFile(TclTests.java:233)
	at java.base/jdk.internal.reflect.NativeMethodAccessorImpl.invoke0(Native Method)
	at java.base/jdk.internal.reflect.NativeMethodAccessorImpl.invoke(NativeMethodAccessorImpl.java:62)
	at java.base/jdk.internal.reflect.DelegatingMethodAccessorImpl.invoke(DelegatingMethodAccessorImpl.java:43)
	at java.base/java.lang.reflect.Method.invoke(Method.java:566)
	at org.junit.runners.model.FrameworkMethod$1.runReflectiveCall(FrameworkMethod.java:44)
	at org.junit.internal.runners.model.ReflectiveCallable.run(ReflectiveCallable.java:15)
	at org.junit.runners.model.FrameworkMethod.invokeExplosively(FrameworkMethod.java:41)
	at junitparams.internal.InvokeParameterisedMethod.evaluate(InvokeParameterisedMethod.java:102)
	at junitparams.internal.ParameterisedTestMethodRunner.runMethodInvoker(ParameterisedTestMethodRunner.java:47)
	at junitparams.internal.ParameterisedTestMethodRunner.runTestMethod(ParameterisedTestMethodRunner.java:41)
	at junitparams.internal.ParameterisedTestClassRunner.runParameterisedTest(ParameterisedTestClassRunner.java:143)
	at junitparams.JUnitParamsRunner.runChild(JUnitParamsRunner.java:237)
	at junitparams.JUnitParamsRunner.runChild(JUnitParamsRunner.java:215)
	at org.junit.runners.ParentRunner$3.run(ParentRunner.java:193)
	at org.junit.runners.ParentRunner$1.schedule(ParentRunner.java:52)
	at org.junit.runners.ParentRunner.runChildren(ParentRunner.java:191)
	at org.junit.runners.ParentRunner.access$000(ParentRunner.java:42)
	at org.junit.runners.ParentRunner$2.evaluate(ParentRunner.java:184)
	at org.junit.internal.runners.statements.RunAfters.evaluate(RunAfters.java:31)
	at org.junit.runners.ParentRunner.run(ParentRunner.java:236)
	at org.junit.runners.Suite.runChild(Suite.java:128)
	at org.junit.runners.Suite.runChild(Suite.java:24)
	at org.junit.runners.ParentRunner$3.run(ParentRunner.java:193)
	at org.junit.runners.ParentRunner$1.schedule(ParentRunner.java:52)
	at org.junit.runners.ParentRunner.runChildren(ParentRunner.java:191)
	at org.junit.runners.ParentRunner.access$000(ParentRunner.java:42)
	at org.junit.runners.ParentRunner$2.evaluate(ParentRunner.java:184)
	at org.junit.runners.ParentRunner.run(ParentRunner.java:236)
	at junit.framework.JUnit4TestAdapter.run(JUnit4TestAdapter.java:39)
	at org.apache.tools.ant.taskdefs.optional.junit.JUnitTestRunner.run(JUnitTestRunner.java:535)
	at org.apache.tools.ant.taskdefs.optional.junit.JUnitTestRunner.launch(JUnitTestRunner.java:1182)
	at org.apache.tools.ant.taskdefs.optional.junit.JUnitTestRunner.main(JUnitTestRunner.java:1033)
 in /home/travis/build/icyphy/ptII/ptolemy/actor/lib/jjs/external/require.js at line number 454 at column number 12
	at ptolemy.actor.lib.jjs.JavaScript._createEngineAndEvaluateSetup(JavaScript.java:2497)
	at ptolemy.actor.lib.jjs.JavaScript.attributeChanged(JavaScript.java:548)
	at org.terraswarm.accessor.JSAccessor.attributeChanged(JSAccessor.java:312)
	at ptolemy.data.expr.Variable._setTokenAndNotify(Variable.java:2271)
	at ptolemy.data.expr.Variable._evaluate(Variable.java:1873)
	... 90 more
Caused by: javax.script.ScriptException: Error: Error executing module audio line #undefined : ptolemy.actor.lib.jjs.modules.audio.AudioHelper
In file: /home/travis/build/icyphy/ptII/ptolemy/actor/lib/jjs/modules/audio/audio.js

java.lang.ClassNotFoundException: ptolemy.actor.lib.jjs.modules.audio.AudioHelper
	at java.base/jdk.internal.loader.BuiltinClassLoader.loadClass(BuiltinClassLoader.java:583)
	at java.base/jdk.internal.loader.ClassLoaders$AppClassLoader.loadClass(ClassLoaders.java:178)
	at java.base/java.lang.ClassLoader.loadClass(ClassLoader.java:521)
	at java.base/java.lang.Class.forName0(Native Method)
	at java.base/java.lang.Class.forName(Class.java:398)
	at jdk.scripting.nashorn/jdk.nashorn.internal.runtime.Context.findClass(Context.java:1180)
	at jdk.scripting.nashorn/jdk.nashorn.internal.objects.NativeJava.simpleType(NativeJava.java:546)
	at jdk.scripting.nashorn/jdk.nashorn.internal.objects.NativeJava.type(NativeJava.java:326)
	at jdk.scripting.nashorn/jdk.nashorn.internal.objects.NativeJava.type(NativeJava.java:318)
	at jdk.scripting.nashorn/jdk.nashorn.internal.objects.NativeJava.type(NativeJava.java:314)
	at jdk.scripting.nashorn.scripts/jdk.nashorn.internal.scripts.Script$Recompilation$83105$require.L:1(/home/travis/build/icyphy/ptII/ptolemy/actor/lib/jjs/external/require.js#409:30<eval>:48)
	at jdk.scripting.nashorn.scripts/jdk.nashorn.internal.scripts.Script$Recompilation$83015$require.L:45#_require(/home/travis/build/icyphy/ptII/ptolemy/actor/lib/jjs/external/require.js:429)
	at jdk.scripting.nashorn.scripts/jdk.nashorn.internal.scripts.Script$Recompilation$83019$21065A$require.L:45#_requireClosure#L:466(/home/travis/build/icyphy/ptII/ptolemy/actor/lib/jjs/external/require.js:467)
	at jdk.scripting.nashorn.scripts/jdk.nashorn.internal.scripts.Script$Recompilation$83093$1AAAAAAAAAAAAAA$\^function\_.L:1(<function>:97)
	at jdk.scripting.nashorn.scripts/jdk.nashorn.internal.scripts.Script$Recompilation$83092$17933AAAAAA$require$cu1$restOf.L:1#Accessor(/home/travis/build/icyphy/ptII/ptolemy/actor/lib/jjs/external/require.js#409:30<eval>:545)
	at jdk.scripting.nashorn.scripts/jdk.nashorn.internal.scripts.Script$Recompilation$83078$2801AAA$\^eval\_.evaluateCode(<eval>:96)
	at jdk.scripting.nashorn/jdk.nashorn.internal.runtime.ScriptFunctionData.invoke(ScriptFunctionData.java:661)
	at jdk.scripting.nashorn/jdk.nashorn.internal.runtime.ScriptFunction.invoke(ScriptFunction.java:513)
	at jdk.scripting.nashorn/jdk.nashorn.internal.runtime.ScriptRuntime.apply(ScriptRuntime.java:527)
	at jdk.scripting.nashorn/jdk.nashorn.api.scripting.ScriptObjectMirror.callMember(ScriptObjectMirror.java:202)
	at jdk.scripting.nashorn/jdk.nashorn.api.scripting.NashornScriptEngine.invokeImpl(NashornScriptEngine.java:393)
	at jdk.scripting.nashorn/jdk.nashorn.api.scripting.NashornScriptEngine.invokeFunction(NashornScriptEngine.java:197)
	at ptolemy.actor.lib.jjs.JavaScript._createEngineAndEvaluateSetup(JavaScript.java:2493)
	at ptolemy.actor.lib.jjs.JavaScript.attributeChanged(JavaScript.java:548)
	at org.terraswarm.accessor.JSAccessor.attributeChanged(JSAccessor.java:312)
	at ptolemy.data.expr.Variable._setTokenAndNotify(Variable.java:2271)
	at ptolemy.data.expr.Variable._evaluate(Variable.java:1873)
	at ptolemy.data.expr.Variable._propagate(Variable.java:1984)
	at ptolemy.data.expr.Variable.validate(Variable.java:1596)
	at ptolemy.moml.MoMLParser.endDocument(MoMLParser.java:867)
	at com.microstar.xml.XmlParser.doParse(XmlParser.java:162)
	at com.microstar.xml.XmlParser.parse(XmlParser.java:132)
	at ptolemy.moml.MoMLParser.parse(MoMLParser.java:1676)
	at ptolemy.moml.MoMLParser.parse(MoMLParser.java:1617)
	at ptolemy.moml.MoMLParser.parse(MoMLParser.java:1792)
	at org.terraswarm.accessor.AccessorLibrary.populate(AccessorLibrary.java:194)
	at ptolemy.moml.EntityLibrary.classDefinitionList(EntityLibrary.java:307)
	at ptolemy.kernel.CompositeEntity._description(CompositeEntity.java:2292)
	at ptolemy.kernel.CompositeEntity._description(CompositeEntity.java:2307)
	at ptolemy.kernel.CompositeEntity._description(CompositeEntity.java:2307)
	at ptolemy.kernel.CompositeEntity._description(CompositeEntity.java:2307)
	at ptolemy.kernel.util.NamedObj.description(NamedObj.java:731)
	at ptolemy.kernel.util.NamedObj.description(NamedObj.java:715)
	at java.base/jdk.internal.reflect.NativeMethodAccessorImpl.invoke0(Native Method)
	at java.base/jdk.internal.reflect.NativeMethodAccessorImpl.invoke(NativeMethodAccessorImpl.java:62)
	at java.base/jdk.internal.reflect.DelegatingMethodAccessorImpl.invoke(DelegatingMethodAccessorImpl.java:43)
	at java.base/java.lang.reflect.Method.invoke(Method.java:566)
	at tcl.lang.reflect.PkgInvoker.invokeMethod(PkgInvoker.java:129)
	at tcl.lang.JavaInvoke.call(JavaInvoke.java:253)
	at tcl.lang.JavaInvoke.callMethod(JavaInvoke.java:116)
	at tcl.lang.ReflectObject.cmdProc(ReflectObject.java:727)
	at tcl.lang.Parser.evalObjv(Parser.java:740)
	at tcl.lang.Parser.eval2(Parser.java:1138)
	at tcl.lang.Parser.evalTokens(Parser.java:930)
	at tcl.lang.Parser.eval2(Parser.java:1125)
	at tcl.lang.Parser.evalTokens(Parser.java:930)
	at tcl.lang.Parser.eval2(Parser.java:1125)
	at tcl.lang.Interp.eval(Interp.java:1782)
	at tcl.lang.Interp.eval(Interp.java:1841)
	at tcl.lang.UplevelCmd.cmdProc(UplevelCmd.java:93)
	at tcl.lang.Parser.evalObjv(Parser.java:740)
	at tcl.lang.Parser.eval2(Parser.java:1138)
	at tcl.lang.Interp.eval(Interp.java:1782)
	at tcl.lang.Interp.eval(Interp.java:1841)
	at tcl.lang.CatchCmd.cmdProc(CatchCmd.java:42)
	at tcl.lang.Parser.evalObjv(Parser.java:740)
	at tcl.lang.Parser.eval2(Parser.java:1138)
	at tcl.lang.Parser.evalTokens(Parser.java:930)
	at tcl.lang.Parser.eval2(Parser.java:1125)
	at tcl.lang.Procedure.cmdProc(Procedure.java:175)
	at tcl.lang.Parser.evalObjv(Parser.java:740)
	at tcl.lang.Parser.eval2(Parser.java:1138)
	at tcl.lang.Interp.eval(Interp.java:1782)
	at tcl.lang.Interp.eval(Interp.java:1841)
	at tcl.lang.ForeachCmd.cmdProc(ForeachCmd.java:116)
	at tcl.lang.AutoloadStub.cmdProc(Extension.java:144)
	at tcl.lang.Parser.evalObjv(Parser.java:740)
	at tcl.lang.Parser.eval2(Parser.java:1138)
	at tcl.lang.Interp.eval(Interp.java:1782)
	at tcl.lang.Interp.evalFile(Interp.java:1880)
	at java.base/jdk.internal.reflect.NativeMethodAccessorImpl.invoke0(Native Method)
	at java.base/jdk.internal.reflect.NativeMethodAccessorImpl.invoke(NativeMethodAccessorImpl.java:62)
	at java.base/jdk.internal.reflect.DelegatingMethodAccessorImpl.invoke(DelegatingMethodAccessorImpl.java:43)
	at java.base/java.lang.reflect.Method.invoke(Method.java:566)
	at ptolemy.util.test.junit.TclTests.RunTclFile(TclTests.java:233)
	at java.base/jdk.internal.reflect.NativeMethodAccessorImpl.invoke0(Native Method)
	at java.base/jdk.internal.reflect.NativeMethodAccessorImpl.invoke(NativeMethodAccessorImpl.java:62)
	at java.base/jdk.internal.reflect.DelegatingMethodAccessorImpl.invoke(DelegatingMethodAccessorImpl.java:43)
	at java.base/java.lang.reflect.Method.invoke(Method.java:566)
	at org.junit.runners.model.FrameworkMethod$1.runReflectiveCall(FrameworkMethod.java:44)
	at org.junit.internal.runners.model.ReflectiveCallable.run(ReflectiveCallable.java:15)
	at org.junit.runners.model.FrameworkMethod.invokeExplosively(FrameworkMethod.java:41)
	at junitparams.internal.InvokeParameterisedMethod.evaluate(InvokeParameterisedMethod.java:102)
	at junitparams.internal.ParameterisedTestMethodRunner.runMethodInvoker(ParameterisedTestMethodRunner.java:47)
	at junitparams.internal.ParameterisedTestMethodRunner.runTestMethod(ParameterisedTestMethodRunner.java:41)
	at junitparams.internal.ParameterisedTestClassRunner.runParameterisedTest(ParameterisedTestClassRunner.java:143)
	at junitparams.JUnitParamsRunner.runChild(JUnitParamsRunner.java:237)
	at junitparams.JUnitParamsRunner.runChild(JUnitParamsRunner.java:215)
	at org.junit.runners.ParentRunner$3.run(ParentRunner.java:193)
	at org.junit.runners.ParentRunner$1.schedule(ParentRunner.java:52)
	at org.junit.runners.ParentRunner.runChildren(ParentRunner.java:191)
	at org.junit.runners.ParentRunner.access$000(ParentRunner.java:42)
	at org.junit.runners.ParentRunner$2.evaluate(ParentRunner.java:184)
	at org.junit.internal.runners.statements.RunAfters.evaluate(RunAfters.java:31)
	at org.junit.runners.ParentRunner.run(ParentRunner.java:236)
	at org.junit.runners.Suite.runChild(Suite.java:128)
	at org.junit.runners.Suite.runChild(Suite.java:24)
	at org.junit.runners.ParentRunner$3.run(ParentRunner.java:193)
	at org.junit.runners.ParentRunner$1.schedule(ParentRunner.java:52)
	at org.junit.runners.ParentRunner.runChildren(ParentRunner.java:191)
	at org.junit.runners.ParentRunner.access$000(ParentRunner.java:42)
	at org.junit.runners.ParentRunner$2.evaluate(ParentRunner.java:184)
	at org.junit.runners.ParentRunner.run(ParentRunner.java:236)
	at junit.framework.JUnit4TestAdapter.run(JUnit4TestAdapter.java:39)
	at org.apache.tools.ant.taskdefs.optional.junit.JUnitTestRunner.run(JUnitTestRunner.java:535)
	at org.apache.tools.ant.taskdefs.optional.junit.JUnitTestRunner.launch(JUnitTestRunner.java:1182)
	at org.apache.tools.ant.taskdefs.optional.junit.JUnitTestRunner.main(JUnitTestRunner.java:1033)
 in /home/travis/build/icyphy/ptII/ptolemy/actor/lib/jjs/external/require.js at line number 454 at column number 12
	at jdk.scripting.nashorn/jdk.nashorn.api.scripting.NashornScriptEngine.throwAsScriptException(NashornScriptEngine.java:477)
	at jdk.scripting.nashorn/jdk.nashorn.api.scripting.NashornScriptEngine.invokeImpl(NashornScriptEngine.java:399)
	at jdk.scripting.nashorn/jdk.nashorn.api.scripting.NashornScriptEngine.invokeFunction(NashornScriptEngine.java:197)
	at ptolemy.actor.lib.jjs.JavaScript._createEngineAndEvaluateSetup(JavaScript.java:2493)
	... 94 more
Caused by: /home/travis/build/icyphy/ptII/ptolemy/actor/lib/jjs/external/require.js:454:12 Error: Error executing module audio line #undefined : ptolemy.actor.lib.jjs.modules.audio.AudioHelper
In file: /home/travis/build/icyphy/ptII/ptolemy/actor/lib/jjs/modules/audio/audio.js

java.lang.ClassNotFoundException: ptolemy.actor.lib.jjs.modules.audio.AudioHelper
	at java.base/jdk.internal.loader.BuiltinClassLoader.loadClass(BuiltinClassLoader.java:583)
	at java.base/jdk.internal.loader.ClassLoaders$AppClassLoader.loadClass(ClassLoaders.java:178)
	at java.base/java.lang.ClassLoader.loadClass(ClassLoader.java:521)
	at java.base/java.lang.Class.forName0(Native Method)
	at java.base/java.lang.Class.forName(Class.java:398)
	at jdk.scripting.nashorn/jdk.nashorn.internal.runtime.Context.findClass(Context.java:1180)
	at jdk.scripting.nashorn/jdk.nashorn.internal.objects.NativeJava.simpleType(NativeJava.java:546)
	at jdk.scripting.nashorn/jdk.nashorn.internal.objects.NativeJava.type(NativeJava.java:326)
	at jdk.scripting.nashorn/jdk.nashorn.internal.objects.NativeJava.type(NativeJava.java:318)
	at jdk.scripting.nashorn/jdk.nashorn.internal.objects.NativeJava.type(NativeJava.java:314)
	at jdk.scripting.nashorn.scripts/jdk.nashorn.internal.scripts.Script$Recompilation$83105$require.L:1(/home/travis/build/icyphy/ptII/ptolemy/actor/lib/jjs/external/require.js#409:30<eval>:48)
	at jdk.scripting.nashorn.scripts/jdk.nashorn.internal.scripts.Script$Recompilation$83015$require.L:45#_require(/home/travis/build/icyphy/ptII/ptolemy/actor/lib/jjs/external/require.js:429)
	at jdk.scripting.nashorn.scripts/jdk.nashorn.internal.scripts.Script$Recompilation$83019$21065A$require.L:45#_requireClosure#L:466(/home/travis/build/icyphy/ptII/ptolemy/actor/lib/jjs/external/require.js:467)
	at jdk.scripting.nashorn.scripts/jdk.nashorn.internal.scripts.Script$Recompilation$83093$1AAAAAAAAAAAAAA$\^function\_.L:1(<function>:97)
	at jdk.scripting.nashorn.scripts/jdk.nashorn.internal.scripts.Script$Recompilation$83092$17933AAAAAA$require$cu1$restOf.L:1#Accessor(/home/travis/build/icyphy/ptII/ptolemy/actor/lib/jjs/external/require.js#409:30<eval>:545)
	at jdk.scripting.nashorn.scripts/jdk.nashorn.internal.scripts.Script$Recompilation$83078$2801AAA$\^eval\_.evaluateCode(<eval>:96)
	at jdk.scripting.nashorn/jdk.nashorn.internal.runtime.ScriptFunctionData.invoke(ScriptFunctionData.java:661)
	at jdk.scripting.nashorn/jdk.nashorn.internal.runtime.ScriptFunction.invoke(ScriptFunction.java:513)
	at jdk.scripting.nashorn/jdk.nashorn.internal.runtime.ScriptRuntime.apply(ScriptRuntime.java:527)
	at jdk.scripting.nashorn/jdk.nashorn.api.scripting.ScriptObjectMirror.callMember(ScriptObjectMirror.java:202)
	at jdk.scripting.nashorn/jdk.nashorn.api.scripting.NashornScriptEngine.invokeImpl(NashornScriptEngine.java:393)
	at jdk.scripting.nashorn/jdk.nashorn.api.scripting.NashornScriptEngine.invokeFunction(NashornScriptEngine.java:197)
	at ptolemy.actor.lib.jjs.JavaScript._createEngineAndEvaluateSetup(JavaScript.java:2493)
	at ptolemy.actor.lib.jjs.JavaScript.attributeChanged(JavaScript.java:548)
	at org.terraswarm.accessor.JSAccessor.attributeChanged(JSAccessor.java:312)
	at ptolemy.data.expr.Variable._setTokenAndNotify(Variable.java:2271)
	at ptolemy.data.expr.Variable._evaluate(Variable.java:1873)
	at ptolemy.data.expr.Variable._propagate(Variable.java:1984)
	at ptolemy.data.expr.Variable.validate(Variable.java:1596)
	at ptolemy.moml.MoMLParser.endDocument(MoMLParser.java:867)
	at com.microstar.xml.XmlParser.doParse(XmlParser.java:162)
	at com.microstar.xml.XmlParser.parse(XmlParser.java:132)
	at ptolemy.moml.MoMLParser.parse(MoMLParser.java:1676)
	at ptolemy.moml.MoMLParser.parse(MoMLParser.java:1617)
	at ptolemy.moml.MoMLParser.parse(MoMLParser.java:1792)
	at org.terraswarm.accessor.AccessorLibrary.populate(AccessorLibrary.java:194)
	at ptolemy.moml.EntityLibrary.classDefinitionList(EntityLibrary.java:307)
	at ptolemy.kernel.CompositeEntity._description(CompositeEntity.java:2292)
	at ptolemy.kernel.CompositeEntity._description(CompositeEntity.java:2307)
	at ptolemy.kernel.CompositeEntity._description(CompositeEntity.java:2307)
	at ptolemy.kernel.CompositeEntity._description(CompositeEntity.java:2307)
	at ptolemy.kernel.util.NamedObj.description(NamedObj.java:731)
	at ptolemy.kernel.util.NamedObj.description(NamedObj.java:715)
	at java.base/jdk.internal.reflect.NativeMethodAccessorImpl.invoke0(Native Method)
	at java.base/jdk.internal.reflect.NativeMethodAccessorImpl.invoke(NativeMethodAccessorImpl.java:62)
	at java.base/jdk.internal.reflect.DelegatingMethodAccessorImpl.invoke(DelegatingMethodAccessorImpl.java:43)
	at java.base/java.lang.reflect.Method.invoke(Method.java:566)
	at tcl.lang.reflect.PkgInvoker.invokeMethod(PkgInvoker.java:129)
	at tcl.lang.JavaInvoke.call(JavaInvoke.java:253)
	at tcl.lang.JavaInvoke.callMethod(JavaInvoke.java:116)
	at tcl.lang.ReflectObject.cmdProc(ReflectObject.java:727)
	at tcl.lang.Parser.evalObjv(Parser.java:740)
	at tcl.lang.Parser.eval2(Parser.java:1138)
	at tcl.lang.Parser.evalTokens(Parser.java:930)
	at tcl.lang.Parser.eval2(Parser.java:1125)
	at tcl.lang.Parser.evalTokens(Parser.java:930)
	at tcl.lang.Parser.eval2(Parser.java:1125)
	at tcl.lang.Interp.eval(Interp.java:1782)
	at tcl.lang.Interp.eval(Interp.java:1841)
	at tcl.lang.UplevelCmd.cmdProc(UplevelCmd.java:93)
	at tcl.lang.Parser.evalObjv(Parser.java:740)
	at tcl.lang.Parser.eval2(Parser.java:1138)
	at tcl.lang.Interp.eval(Interp.java:1782)
	at tcl.lang.Interp.eval(Interp.java:1841)
	at tcl.lang.CatchCmd.cmdProc(CatchCmd.java:42)
	at tcl.lang.Parser.evalObjv(Parser.java:740)
	at tcl.lang.Parser.eval2(Parser.java:1138)
	at tcl.lang.Parser.evalTokens(Parser.java:930)
	at tcl.lang.Parser.eval2(Parser.java:1125)
	at tcl.lang.Procedure.cmdProc(Procedure.java:175)
	at tcl.lang.Parser.evalObjv(Parser.java:740)
	at tcl.lang.Parser.eval2(Parser.java:1138)
	at tcl.lang.Interp.eval(Interp.java:1782)
	at tcl.lang.Interp.eval(Interp.java:1841)
	at tcl.lang.ForeachCmd.cmdProc(ForeachCmd.java:116)
	at tcl.lang.AutoloadStub.cmdProc(Extension.java:144)
	at tcl.lang.Parser.evalObjv(Parser.java:740)
	at tcl.lang.Parser.eval2(Parser.java:1138)
	at tcl.lang.Interp.eval(Interp.java:1782)
	at tcl.lang.Interp.evalFile(Interp.java:1880)
	at java.base/jdk.internal.reflect.NativeMethodAccessorImpl.invoke0(Native Method)
	at java.base/jdk.internal.reflect.NativeMethodAccessorImpl.invoke(NativeMethodAccessorImpl.java:62)
	at java.base/jdk.internal.reflect.DelegatingMethodAccessorImpl.invoke(DelegatingMethodAccessorImpl.java:43)
	at java.base/java.lang.reflect.Method.invoke(Method.java:566)
	at ptolemy.util.test.junit.TclTests.RunTclFile(TclTests.java:233)
	at java.base/jdk.internal.reflect.NativeMethodAccessorImpl.invoke0(Native Method)
	at java.base/jdk.internal.reflect.NativeMethodAccessorImpl.invoke(NativeMethodAccessorImpl.java:62)
	at java.base/jdk.internal.reflect.DelegatingMethodAccessorImpl.invoke(DelegatingMethodAccessorImpl.java:43)
	at java.base/java.lang.reflect.Method.invoke(Method.java:566)
	at org.junit.runners.model.FrameworkMethod$1.runReflectiveCall(FrameworkMethod.java:44)
	at org.junit.internal.runners.model.ReflectiveCallable.run(ReflectiveCallable.java:15)
	at org.junit.runners.model.FrameworkMethod.invokeExplosively(FrameworkMethod.java:41)
	at junitparams.internal.InvokeParameterisedMethod.evaluate(InvokeParameterisedMethod.java:102)
	at junitparams.internal.ParameterisedTestMethodRunner.runMethodInvoker(ParameterisedTestMethodRunner.java:47)
	at junitparams.internal.ParameterisedTestMethodRunner.runTestMethod(ParameterisedTestMethodRunner.java:41)
	at junitparams.internal.ParameterisedTestClassRunner.runParameterisedTest(ParameterisedTestClassRunner.java:143)
	at junitparams.JUnitParamsRunner.runChild(JUnitParamsRunner.java:237)
	at junitparams.JUnitParamsRunner.runChild(JUnitParamsRunner.java:215)
	at org.junit.runners.ParentRunner$3.run(ParentRunner.java:193)
	at org.junit.runners.ParentRunner$1.schedule(ParentRunner.java:52)
	at org.junit.runners.ParentRunner.runChildren(ParentRunner.java:191)
	at org.junit.runners.ParentRunner.access$000(ParentRunner.java:42)
	at org.junit.runners.ParentRunner$2.evaluate(ParentRunner.java:184)
	at org.junit.internal.runners.statements.RunAfters.evaluate(RunAfters.java:31)
	at org.junit.runners.ParentRunner.run(ParentRunner.java:236)
	at org.junit.runners.Suite.runChild(Suite.java:128)
	at org.junit.runners.Suite.runChild(Suite.java:24)
	at org.junit.runners.ParentRunner$3.run(ParentRunner.java:193)
	at org.junit.runners.ParentRunner$1.schedule(ParentRunner.java:52)
	at org.junit.runners.ParentRunner.runChildren(ParentRunner.java:191)
	at org.junit.runners.ParentRunner.access$000(ParentRunner.java:42)
	at org.junit.runners.ParentRunner$2.evaluate(ParentRunner.java:184)
	at org.junit.runners.ParentRunner.run(ParentRunner.java:236)
	at junit.framework.JUnit4TestAdapter.run(JUnit4TestAdapter.java:39)
	at org.apache.tools.ant.taskdefs.optional.junit.JUnitTestRunner.run(JUnitTestRunner.java:535)
	at org.apache.tools.ant.taskdefs.optional.junit.JUnitTestRunner.launch(JUnitTestRunner.java:1182)
	at org.apache.tools.ant.taskdefs.optional.junit.JUnitTestRunner.main(JUnitTestRunner.java:1033)

	at jdk.scripting.nashorn/jdk.nashorn.internal.objects.NativeError.initException(NativeError.java:135)
	at jdk.scripting.nashorn/jdk.nashorn.internal.objects.NativeError.<init>(NativeError.java:101)
	at jdk.scripting.nashorn/jdk.nashorn.internal.objects.NativeError.<init>(NativeError.java:105)
	at jdk.scripting.nashorn/jdk.nashorn.internal.objects.NativeError.<init>(NativeError.java:109)
	at jdk.scripting.nashorn/jdk.nashorn.internal.objects.NativeError.constructor(NativeError.java:128)
	at jdk.scripting.nashorn.scripts/jdk.nashorn.internal.scripts.Script$Recompilation$83111$require$cu1$restOf.L:45#_require(/home/travis/build/icyphy/ptII/ptolemy/actor/lib/jjs/external/require.js:454)
	at jdk.scripting.nashorn.scripts/jdk.nashorn.internal.scripts.Script$Recompilation$83019$21065A$require.L:45#_requireClosure#L:466(/home/travis/build/icyphy/ptII/ptolemy/actor/lib/jjs/external/require.js:467)
	at jdk.scripting.nashorn.scripts/jdk.nashorn.internal.scripts.Script$Recompilation$83093$1AAAAAAAAAAAAAA$\^function\_.L:1(<function>:97)
	at jdk.scripting.nashorn.scripts/jdk.nashorn.internal.scripts.Script$Recompilation$83092$17933AAAAAA$require$cu1$restOf.L:1#Accessor(/home/travis/build/icyphy/ptII/ptolemy/actor/lib/jjs/external/require.js#409:30<eval>:545)
	at jdk.scripting.nashorn.scripts/jdk.nashorn.internal.scripts.Script$Recompilation$83078$2801AAA$\^eval\_.evaluateCode(<eval>:96)
	at jdk.scripting.nashorn/jdk.nashorn.internal.runtime.ScriptFunctionData.invoke(ScriptFunctionData.java:661)
	at jdk.scripting.nashorn/jdk.nashorn.internal.runtime.ScriptFunction.invoke(ScriptFunction.java:513)
	at jdk.scripting.nashorn/jdk.nashorn.internal.runtime.ScriptRuntime.apply(ScriptRuntime.java:527)
	at jdk.scripting.nashorn/jdk.nashorn.api.scripting.ScriptObjectMirror.callMember(ScriptObjectMirror.java:202)
	at jdk.scripting.nashorn/jdk.nashorn.api.scripting.NashornScriptEngine.invokeImpl(NashornScriptEngine.java:393)
	... 96 more
Caused by: ptolemy.kernel.util.IllegalActionException: Failed to evaluate script.
  in .configuration.actor library.Accessors.audio.AudioCapture
Because:
Error: Error executing module audio line #undefined : ptolemy.actor.lib.jjs.modules.audio.AudioHelper
In file: /home/travis/build/icyphy/ptII/ptolemy/actor/lib/jjs/modules/audio/audio.js

java.lang.ClassNotFoundException: ptolemy.actor.lib.jjs.modules.audio.AudioHelper
	at java.base/jdk.internal.loader.BuiltinClassLoader.loadClass(BuiltinClassLoader.java:583)
	at java.base/jdk.internal.loader.ClassLoaders$AppClassLoader.loadClass(ClassLoaders.java:178)
	at java.base/java.lang.ClassLoader.loadClass(ClassLoader.java:521)
	at java.base/java.lang.Class.forName0(Native Method)
	at java.base/java.lang.Class.forName(Class.java:398)
	at jdk.scripting.nashorn/jdk.nashorn.internal.runtime.Context.findClass(Context.java:1180)
	at jdk.scripting.nashorn/jdk.nashorn.internal.objects.NativeJava.simpleType(NativeJava.java:546)
	at jdk.scripting.nashorn/jdk.nashorn.internal.objects.NativeJava.type(NativeJava.java:326)
	at jdk.scripting.nashorn/jdk.nashorn.internal.objects.NativeJava.type(NativeJava.java:318)
	at jdk.scripting.nashorn/jdk.nashorn.internal.objects.NativeJava.type(NativeJava.java:314)
	at jdk.scripting.nashorn.scripts/jdk.nashorn.internal.scripts.Script$Recompilation$83105$require.L:1(/home/travis/build/icyphy/ptII/ptolemy/actor/lib/jjs/external/require.js#409:30<eval>:48)
	at jdk.scripting.nashorn.scripts/jdk.nashorn.internal.scripts.Script$Recompilation$83015$require.L:45#_require(/home/travis/build/icyphy/ptII/ptolemy/actor/lib/jjs/external/require.js:429)
	at jdk.scripting.nashorn.scripts/jdk.nashorn.internal.scripts.Script$Recompilation$83019$21065A$require.L:45#_requireClosure#L:466(/home/travis/build/icyphy/ptII/ptolemy/actor/lib/jjs/external/require.js:467)
	at jdk.scripting.nashorn.scripts/jdk.nashorn.internal.scripts.Script$Recompilation$83093$1AAAAAAAAAAAAAA$\^function\_.L:1(<function>:97)
	at jdk.scripting.nashorn.scripts/jdk.nashorn.internal.scripts.Script$Recompilation$83092$17933AAAAAA$require$cu1$restOf.L:1#Accessor(/home/travis/build/icyphy/ptII/ptolemy/actor/lib/jjs/external/require.js#409:30<eval>:545)
	at jdk.scripting.nashorn.scripts/jdk.nashorn.internal.scripts.Script$Recompilation$83078$2801AAA$\^eval\_.evaluateCode(<eval>:96)
	at jdk.scripting.nashorn/jdk.nashorn.internal.runtime.ScriptFunctionData.invoke(ScriptFunctionData.java:661)
	at jdk.scripting.nashorn/jdk.nashorn.internal.runtime.ScriptFunction.invoke(ScriptFunction.java:513)
	at jdk.scripting.nashorn/jdk.nashorn.internal.runtime.ScriptRuntime.apply(ScriptRuntime.java:527)
	at jdk.scripting.nashorn/jdk.nashorn.api.scripting.ScriptObjectMirror.callMember(ScriptObjectMirror.java:202)
	at jdk.scripting.nashorn/jdk.nashorn.api.scripting.NashornScriptEngine.invokeImpl(NashornScriptEngine.java:393)
	at jdk.scripting.nashorn/jdk.nashorn.api.scripting.NashornScriptEngine.invokeFunction(NashornScriptEngine.java:197)
	at ptolemy.actor.lib.jjs.JavaScript._createEngineAndEvaluateSetup(JavaScript.java:2493)
	at ptolemy.actor.lib.jjs.JavaScript.attributeChanged(JavaScript.java:548)
	at org.terraswarm.accessor.JSAccessor.attributeChanged(JSAccessor.java:312)
	at ptolemy.data.expr.Variable._setTokenAndNotify(Variable.java:2271)
	at ptolemy.data.expr.Variable._evaluate(Variable.java:1873)
	at ptolemy.data.expr.Variable._propagate(Variable.java:1984)
	at ptolemy.data.expr.Variable.validate(Variable.java:1596)
	at ptolemy.moml.MoMLParser.endDocument(MoMLParser.java:867)
	at com.microstar.xml.XmlParser.doParse(XmlParser.java:162)
	at com.microstar.xml.XmlParser.parse(XmlParser.java:132)
	at ptolemy.moml.MoMLParser.parse(MoMLParser.java:1676)
	at ptolemy.moml.MoMLParser.parse(MoMLParser.java:1617)
	at ptolemy.moml.MoMLParser.parse(MoMLParser.java:1792)
	at org.terraswarm.accessor.AccessorLibrary.populate(AccessorLibrary.java:194)
	at ptolemy.moml.EntityLibrary.classDefinitionList(EntityLibrary.java:307)
	at ptolemy.kernel.CompositeEntity._description(CompositeEntity.java:2292)
	at ptolemy.kernel.CompositeEntity._description(CompositeEntity.java:2307)
	at ptolemy.kernel.CompositeEntity._description(CompositeEntity.java:2307)
	at ptolemy.kernel.CompositeEntity._description(CompositeEntity.java:2307)
	at ptolemy.kernel.util.NamedObj.description(NamedObj.java:731)
	at ptolemy.kernel.util.NamedObj.description(NamedObj.java:715)
	at java.base/jdk.internal.reflect.NativeMethodAccessorImpl.invoke0(Native Method)
	at java.base/jdk.internal.reflect.NativeMethodAccessorImpl.invoke(NativeMethodAccessorImpl.java:62)
	at java.base/jdk.internal.reflect.DelegatingMethodAccessorImpl.invoke(DelegatingMethodAccessorImpl.java:43)
	at java.base/java.lang.reflect.Method.invoke(Method.java:566)
	at tcl.lang.reflect.PkgInvoker.invokeMethod(PkgInvoker.java:129)
	at tcl.lang.JavaInvoke.call(JavaInvoke.java:253)
	at tcl.lang.JavaInvoke.callMethod(JavaInvoke.java:116)
	at tcl.lang.ReflectObject.cmdProc(ReflectObject.java:727)
	at tcl.lang.Parser.evalObjv(Parser.java:740)
	at tcl.lang.Parser.eval2(Parser.java:1138)
	at tcl.lang.Parser.evalTokens(Parser.java:930)
	at tcl.lang.Parser.eval2(Parser.java:1125)
	at tcl.lang.Parser.evalTokens(Parser.java:930)
	at tcl.lang.Parser.eval2(Parser.java:1125)
	at tcl.lang.Interp.eval(Interp.java:1782)
	at tcl.lang.Interp.eval(Interp.java:1841)
	at tcl.lang.UplevelCmd.cmdProc(UplevelCmd.java:93)
	at tcl.lang.Parser.evalObjv(Parser.java:740)
	at tcl.lang.Parser.eval2(Parser.java:1138)
	at tcl.lang.Interp.eval(Interp.java:1782)
	at tcl.lang.Interp.eval(Interp.java:1841)
	at tcl.lang.CatchCmd.cmdProc(CatchCmd.java:42)
	at tcl.lang.Parser.evalObjv(Parser.java:740)
	at tcl.lang.Parser.eval2(Parser.java:1138)
	at tcl.lang.Parser.evalTokens(Parser.java:930)
	at tcl.lang.Parser.eval2(Parser.java:1125)
	at tcl.lang.Procedure.cmdProc(Procedure.java:175)
	at tcl.lang.Parser.evalObjv(Parser.java:740)
	at tcl.lang.Parser.eval2(Parser.java:1138)
	at tcl.lang.Interp.eval(Interp.java:1782)
	at tcl.lang.Interp.eval(Interp.java:1841)
	at tcl.lang.ForeachCmd.cmdProc(ForeachCmd.java:116)
	at tcl.lang.AutoloadStub.cmdProc(Extension.java:144)
	at tcl.lang.Parser.evalObjv(Parser.java:740)
	at tcl.lang.Parser.eval2(Parser.java:1138)
	at tcl.lang.Interp.eval(Interp.java:1782)
	at tcl.lang.Interp.evalFile(Interp.java:1880)
	at java.base/jdk.internal.reflect.NativeMethodAccessorImpl.invoke0(Native Method)
	at java.base/jdk.internal.reflect.NativeMethodAccessorImpl.invoke(NativeMethodAccessorImpl.java:62)
	at java.base/jdk.internal.reflect.DelegatingMethodAccessorImpl.invoke(DelegatingMethodAccessorImpl.java:43)
	at java.base/java.lang.reflect.Method.invoke(Method.java:566)
	at ptolemy.util.test.junit.TclTests.RunTclFile(TclTests.java:233)
	at java.base/jdk.internal.reflect.NativeMethodAccessorImpl.invoke0(Native Method)
	at java.base/jdk.internal.reflect.NativeMethodAccessorImpl.invoke(NativeMethodAccessorImpl.java:62)
	at java.base/jdk.internal.reflect.DelegatingMethodAccessorImpl.invoke(DelegatingMethodAccessorImpl.java:43)
	at java.base/java.lang.reflect.Method.invoke(Method.java:566)
	at org.junit.runners.model.FrameworkMethod$1.runReflectiveCall(FrameworkMethod.java:44)
	at org.junit.internal.runners.model.ReflectiveCallable.run(ReflectiveCallable.java:15)
	at org.junit.runners.model.FrameworkMethod.invokeExplosively(FrameworkMethod.java:41)
	at junitparams.internal.InvokeParameterisedMethod.evaluate(InvokeParameterisedMethod.java:102)
	at junitparams.internal.ParameterisedTestMethodRunner.runMethodInvoker(ParameterisedTestMethodRunner.java:47)
	at junitparams.internal.ParameterisedTestMethodRunner.runTestMethod(ParameterisedTestMethodRunner.java:41)
	at junitparams.internal.ParameterisedTestClassRunner.runParameterisedTest(ParameterisedTestClassRunner.java:143)
	at junitparams.JUnitParamsRunner.runChild(JUnitParamsRunner.java:237)
	at junitparams.JUnitParamsRunner.runChild(JUnitParamsRunner.java:215)
	at org.junit.runners.ParentRunner$3.run(ParentRunner.java:193)
	at org.junit.runners.ParentRunner$1.schedule(ParentRunner.java:52)
	at org.junit.runners.ParentRunner.runChildren(ParentRunner.java:191)
	at org.junit.runners.ParentRunner.access$000(ParentRunner.java:42)
	at org.junit.runners.ParentRunner$2.evaluate(ParentRunner.java:184)
	at org.junit.internal.runners.statements.RunAfters.evaluate(RunAfters.java:31)
	at org.junit.runners.ParentRunner.run(ParentRunner.java:236)
	at org.junit.runners.Suite.runChild(Suite.java:128)
	at org.junit.runners.Suite.runChild(Suite.java:24)
	at org.junit.runners.ParentRunner$3.run(ParentRunner.java:193)
	at org.junit.runners.ParentRunner$1.schedule(ParentRunner.java:52)
	at org.junit.runners.ParentRunner.runChildren(ParentRunner.java:191)
	at org.junit.runners.ParentRunner.access$000(ParentRunner.java:42)
	at org.junit.runners.ParentRunner$2.evaluate(ParentRunner.java:184)
	at org.junit.runners.ParentRunner.run(ParentRunner.java:236)
	at junit.framework.JUnit4TestAdapter.run(JUnit4TestAdapter.java:39)
	at org.apache.tools.ant.taskdefs.optional.junit.JUnitTestRunner.run(JUnitTestRunner.java:535)
	at org.apache.tools.ant.taskdefs.optional.junit.JUnitTestRunner.launch(JUnitTestRunner.java:1182)
	at org.apache.tools.ant.taskdefs.optional.junit.JUnitTestRunner.main(JUnitTestRunner.java:1033)
 in /home/travis/build/icyphy/ptII/ptolemy/actor/lib/jjs/external/require.js at line number 454 at column number 12
	at ptolemy.actor.lib.jjs.JavaScript._createEngineAndEvaluateSetup(JavaScript.java:2497)
	at ptolemy.actor.lib.jjs.JavaScript.attributeChanged(JavaScript.java:548)
	at org.terraswarm.accessor.JSAccessor.attributeChanged(JSAccessor.java:312)
	at ptolemy.data.expr.Variable._setTokenAndNotify(Variable.java:2271)
	at ptolemy.data.expr.Variable._evaluate(Variable.java:1873)
	at ptolemy.data.expr.Variable._propagate(Variable.java:1984)
	at ptolemy.data.expr.Variable.validate(Variable.java:1596)
	at ptolemy.moml.MoMLParser.endDocument(MoMLParser.java:867)
	at com.microstar.xml.XmlParser.doParse(XmlParser.java:162)
	at com.microstar.xml.XmlParser.parse(XmlParser.java:132)
	at ptolemy.moml.MoMLParser.parse(MoMLParser.java:1676)
	at ptolemy.moml.MoMLParser.parse(MoMLParser.java:1617)
	at ptolemy.moml.MoMLParser.parse(MoMLParser.java:1792)
	at org.terraswarm.accessor.AccessorLibrary.populate(AccessorLibrary.java:194)
	at ptolemy.moml.EntityLibrary.classDefinitionList(EntityLibrary.java:307)
	at ptolemy.kernel.CompositeEntity._description(CompositeEntity.java:2292)
	at ptolemy.kernel.CompositeEntity._description(CompositeEntity.java:2307)
	at ptolemy.kernel.CompositeEntity._description(CompositeEntity.java:2307)
	at ptolemy.kernel.CompositeEntity._description(CompositeEntity.java:2307)
	at ptolemy.kernel.util.NamedObj.description(NamedObj.java:731)
	at ptolemy.kernel.util.NamedObj.description(NamedObj.java:715)
	at java.base/jdk.internal.reflect.NativeMethodAccessorImpl.invoke0(Native Method)
	at java.base/jdk.internal.reflect.NativeMethodAccessorImpl.invoke(NativeMethodAccessorImpl.java:62)
	at java.base/jdk.internal.reflect.DelegatingMethodAccessorImpl.invoke(DelegatingMethodAccessorImpl.java:43)
	at java.base/java.lang.reflect.Method.invoke(Method.java:566)
	at tcl.lang.reflect.PkgInvoker.invokeMethod(PkgInvoker.java:129)
	at tcl.lang.JavaInvoke.call(JavaInvoke.java:253)
	at tcl.lang.JavaInvoke.callMethod(JavaInvoke.java:116)
	at tcl.lang.ReflectObject.cmdProc(ReflectObject.java:727)
	at tcl.lang.Parser.evalObjv(Parser.java:740)
	at tcl.lang.Parser.eval2(Parser.java:1138)
	at tcl.lang.Parser.evalTokens(Parser.java:930)
	at tcl.lang.Parser.eval2(Parser.java:1125)
	at tcl.lang.Parser.evalTokens(Parser.java:930)
	at tcl.lang.Parser.eval2(Parser.java:1125)
	at tcl.lang.Interp.eval(Interp.java:1782)
	at tcl.lang.Interp.eval(Interp.java:1841)
	at tcl.lang.UplevelCmd.cmdProc(UplevelCmd.java:93)
	at tcl.lang.Parser.evalObjv(Parser.java:740)
	at tcl.lang.Parser.eval2(Parser.java:1138)
	at tcl.lang.Interp.eval(Interp.java:1782)
	at tcl.lang.Interp.eval(Interp.java:1841)
	at tcl.lang.CatchCmd.cmdProc(CatchCmd.java:42)
	at tcl.lang.Parser.evalObjv(Parser.java:740)
	at tcl.lang.Parser.eval2(Parser.java:1138)
	at tcl.lang.Parser.evalTokens(Parser.java:930)
	at tcl.lang.Parser.eval2(Parser.java:1125)
	at tcl.lang.Procedure.cmdProc(Procedure.java:175)
	at tcl.lang.Parser.evalObjv(Parser.java:740)
	at tcl.lang.Parser.eval2(Parser.java:1138)
	at tcl.lang.Interp.eval(Interp.java:1782)
	at tcl.lang.Interp.eval(Interp.java:1841)
	at tcl.lang.ForeachCmd.cmdProc(ForeachCmd.java:116)
	at tcl.lang.AutoloadStub.cmdProc(Extension.java:144)
	at tcl.lang.Parser.evalObjv(Parser.java:740)
	at tcl.lang.Parser.eval2(Parser.java:1138)
	at tcl.lang.Interp.eval(Interp.java:1782)
	at tcl.lang.Interp.evalFile(Interp.java:1880)
	at java.base/jdk.internal.reflect.NativeMethodAccessorImpl.invoke0(Native Method)
	at java.base/jdk.internal.reflect.NativeMethodAccessorImpl.invoke(NativeMethodAccessorImpl.java:62)
	at java.base/jdk.internal.reflect.DelegatingMethodAccessorImpl.invoke(DelegatingMethodAccessorImpl.java:43)
	at java.base/java.lang.reflect.Method.invoke(Method.java:566)
	at ptolemy.util.test.junit.TclTests.RunTclFile(TclTests.java:233)
	at java.base/jdk.internal.reflect.NativeMethodAccessorImpl.invoke0(Native Method)
	at java.base/jdk.internal.reflect.NativeMethodAccessorImpl.invoke(NativeMethodAccessorImpl.java:62)
	at java.base/jdk.internal.reflect.DelegatingMethodAccessorImpl.invoke(DelegatingMethodAccessorImpl.java:43)
	at java.base/java.lang.reflect.Method.invoke(Method.java:566)
	at org.junit.runners.model.FrameworkMethod$1.runReflectiveCall(FrameworkMethod.java:44)
	at org.junit.internal.runners.model.ReflectiveCallable.run(ReflectiveCallable.java:15)
	at org.junit.runners.model.FrameworkMethod.invokeExplosively(FrameworkMethod.java:41)
	at junitparams.internal.InvokeParameterisedMethod.evaluate(InvokeParameterisedMethod.java:102)
	at junitparams.internal.ParameterisedTestMethodRunner.runMethodInvoker(ParameterisedTestMethodRunner.java:47)
	at junitparams.internal.ParameterisedTestMethodRunner.runTestMethod(ParameterisedTestMethodRunner.java:41)
	at junitparams.internal.ParameterisedTestClassRunner.runParameterisedTest(ParameterisedTestClassRunner.java:143)
	at junitparams.JUnitParamsRunner.runChild(JUnitParamsRunner.java:237)
	at junitparams.JUnitParamsRunner.runChild(JUnitParamsRunner.java:215)
	at org.junit.runners.ParentRunner$3.run(ParentRunner.java:193)
	at org.junit.runners.ParentRunner$1.schedule(ParentRunner.java:52)
	at org.junit.runners.ParentRunner.runChildren(ParentRunner.java:191)
	at org.junit.runners.ParentRunner.access$000(ParentRunner.java:42)
	at org.junit.runners.ParentRunner$2.evaluate(ParentRunner.java:184)
	at org.junit.internal.runners.statements.RunAfters.evaluate(RunAfters.java:31)
	at org.junit.runners.ParentRunner.run(ParentRunner.java:236)
	at org.junit.runners.Suite.runChild(Suite.java:128)
	at org.junit.runners.Suite.runChild(Suite.java:24)
	at org.junit.runners.ParentRunner$3.run(ParentRunner.java:193)
	at org.junit.runners.ParentRunner$1.schedule(ParentRunner.java:52)
	at org.junit.runners.ParentRunner.runChildren(ParentRunner.java:191)
	at org.junit.runners.ParentRunner.access$000(ParentRunner.java:42)
	at org.junit.runners.ParentRunner$2.evaluate(ParentRunner.java:184)
	at org.junit.runners.ParentRunner.run(ParentRunner.java:236)
	at junit.framework.JUnit4TestAdapter.run(JUnit4TestAdapter.java:39)
	at org.apache.tools.ant.taskdefs.optional.junit.JUnitTestRunner.run(JUnitTestRunner.java:535)
	at org.apache.tools.ant.taskdefs.optional.junit.JUnitTestRunner.launch(JUnitTestRunner.java:1182)
	at org.apache.tools.ant.taskdefs.optional.junit.JUnitTestRunner.main(JUnitTestRunner.java:1033)
Caused by: javax.script.ScriptException: Error: Error executing module audio line #undefined : ptolemy.actor.lib.jjs.modules.audio.AudioHelper
In file: /home/travis/build/icyphy/ptII/ptolemy/actor/lib/jjs/modules/audio/audio.js

java.lang.ClassNotFoundException: ptolemy.actor.lib.jjs.modules.audio.AudioHelper
	at java.base/jdk.internal.loader.BuiltinClassLoader.loadClass(BuiltinClassLoader.java:583)
	at java.base/jdk.internal.loader.ClassLoaders$AppClassLoader.loadClass(ClassLoaders.java:178)
	at java.base/java.lang.ClassLoader.loadClass(ClassLoader.java:521)
	at java.base/java.lang.Class.forName0(Native Method)
	at java.base/java.lang.Class.forName(Class.java:398)
	at jdk.scripting.nashorn/jdk.nashorn.internal.runtime.Context.findClass(Context.java:1180)
	at jdk.scripting.nashorn/jdk.nashorn.internal.objects.NativeJava.simpleType(NativeJava.java:546)
	at jdk.scripting.nashorn/jdk.nashorn.internal.objects.NativeJava.type(NativeJava.java:326)
	at jdk.scripting.nashorn/jdk.nashorn.internal.objects.NativeJava.type(NativeJava.java:318)
	at jdk.scripting.nashorn/jdk.nashorn.internal.objects.NativeJava.type(NativeJava.java:314)
	at jdk.scripting.nashorn.scripts/jdk.nashorn.internal.scripts.Script$Recompilation$83105$require.L:1(/home/travis/build/icyphy/ptII/ptolemy/actor/lib/jjs/external/require.js#409:30<eval>:48)
	at jdk.scripting.nashorn.scripts/jdk.nashorn.internal.scripts.Script$Recompilation$83015$require.L:45#_require(/home/travis/build/icyphy/ptII/ptolemy/actor/lib/jjs/external/require.js:429)
	at jdk.scripting.nashorn.scripts/jdk.nashorn.internal.scripts.Script$Recompilation$83019$21065A$require.L:45#_requireClosure#L:466(/home/travis/build/icyphy/ptII/ptolemy/actor/lib/jjs/external/require.js:467)
	at jdk.scripting.nashorn.scripts/jdk.nashorn.internal.scripts.Script$Recompilation$83093$1AAAAAAAAAAAAAA$\^function\_.L:1(<function>:97)
	at jdk.scripting.nashorn.scripts/jdk.nashorn.internal.scripts.Script$Recompilation$83092$17933AAAAAA$require$cu1$restOf.L:1#Accessor(/home/travis/build/icyphy/ptII/ptolemy/actor/lib/jjs/external/require.js#409:30<eval>:545)
	at jdk.scripting.nashorn.scripts/jdk.nashorn.internal.scripts.Script$Recompilation$83078$2801AAA$\^eval\_.evaluateCode(<eval>:96)
	at jdk.scripting.nashorn/jdk.nashorn.internal.runtime.ScriptFunctionData.invoke(ScriptFunctionData.java:661)
	at jdk.scripting.nashorn/jdk.nashorn.internal.runtime.ScriptFunction.invoke(ScriptFunction.java:513)
	at jdk.scripting.nashorn/jdk.nashorn.internal.runtime.ScriptRuntime.apply(ScriptRuntime.java:527)
	at jdk.scripting.nashorn/jdk.nashorn.api.scripting.ScriptObjectMirror.callMember(ScriptObjectMirror.java:202)
	at jdk.scripting.nashorn/jdk.nashorn.api.scripting.NashornScriptEngine.invokeImpl(NashornScriptEngine.java:393)
	at jdk.scripting.nashorn/jdk.nashorn.api.scripting.NashornScriptEngine.invokeFunction(NashornScriptEngine.java:197)
	at ptolemy.actor.lib.jjs.JavaScript._createEngineAndEvaluateSetup(JavaScript.java:2493)
	at ptolemy.actor.lib.jjs.JavaScript.attributeChanged(JavaScript.java:548)
	at org.terraswarm.accessor.JSAccessor.attributeChanged(JSAccessor.java:312)
	at ptolemy.data.expr.Variable._setTokenAndNotify(Variable.java:2271)
	at ptolemy.data.expr.Variable._evaluate(Variable.java:1873)
	at ptolemy.data.expr.Variable._propagate(Variable.java:1984)
	at ptolemy.data.expr.Variable.validate(Variable.java:1596)
	at ptolemy.moml.MoMLParser.endDocument(MoMLParser.java:867)
	at com.microstar.xml.XmlParser.doParse(XmlParser.java:162)
	at com.microstar.xml.XmlParser.parse(XmlParser.java:132)
	at ptolemy.moml.MoMLParser.parse(MoMLParser.java:1676)
	at ptolemy.moml.MoMLParser.parse(MoMLParser.java:1617)
	at ptolemy.moml.MoMLParser.parse(MoMLParser.java:1792)
	at org.terraswarm.accessor.AccessorLibrary.populate(AccessorLibrary.java:194)
	at ptolemy.moml.EntityLibrary.classDefinitionList(EntityLibrary.java:307)
	at ptolemy.kernel.CompositeEntity._description(CompositeEntity.java:2292)
	at ptolemy.kernel.CompositeEntity._description(CompositeEntity.java:2307)
	at ptolemy.kernel.CompositeEntity._description(CompositeEntity.java:2307)
	at ptolemy.kernel.CompositeEntity._description(CompositeEntity.java:2307)
	at ptolemy.kernel.util.NamedObj.description(NamedObj.java:731)
	at ptolemy.kernel.util.NamedObj.description(NamedObj.java:715)
	at java.base/jdk.internal.reflect.NativeMethodAccessorImpl.invoke0(Native Method)
	at java.base/jdk.internal.reflect.NativeMethodAccessorImpl.invoke(NativeMethodAccessorImpl.java:62)
	at java.base/jdk.internal.reflect.DelegatingMethodAccessorImpl.invoke(DelegatingMethodAccessorImpl.java:43)
	at java.base/java.lang.reflect.Method.invoke(Method.java:566)
	at tcl.lang.reflect.PkgInvoker.invokeMethod(PkgInvoker.java:129)
	at tcl.lang.JavaInvoke.call(JavaInvoke.java:253)
	at tcl.lang.JavaInvoke.callMethod(JavaInvoke.java:116)
	at tcl.lang.ReflectObject.cmdProc(ReflectObject.java:727)
	at tcl.lang.Parser.evalObjv(Parser.java:740)
	at tcl.lang.Parser.eval2(Parser.java:1138)
	at tcl.lang.Parser.evalTokens(Parser.java:930)
	at tcl.lang.Parser.eval2(Parser.java:1125)
	at tcl.lang.Parser.evalTokens(Parser.java:930)
	at tcl.lang.Parser.eval2(Parser.java:1125)
	at tcl.lang.Interp.eval(Interp.java:1782)
	at tcl.lang.Interp.eval(Interp.java:1841)
	at tcl.lang.UplevelCmd.cmdProc(UplevelCmd.java:93)
	at tcl.lang.Parser.evalObjv(Parser.java:740)
	at tcl.lang.Parser.eval2(Parser.java:1138)
	at tcl.lang.Interp.eval(Interp.java:1782)
	at tcl.lang.Interp.eval(Interp.java:1841)
	at tcl.lang.CatchCmd.cmdProc(CatchCmd.java:42)
	at tcl.lang.Parser.evalObjv(Parser.java:740)
	at tcl.lang.Parser.eval2(Parser.java:1138)
	at tcl.lang.Parser.evalTokens(Parser.java:930)
	at tcl.lang.Parser.eval2(Parser.java:1125)
	at tcl.lang.Procedure.cmdProc(Procedure.java:175)
	at tcl.lang.Parser.evalObjv(Parser.java:740)
	at tcl.lang.Parser.eval2(Parser.java:1138)
	at tcl.lang.Interp.eval(Interp.java:1782)
	at tcl.lang.Interp.eval(Interp.java:1841)
	at tcl.lang.ForeachCmd.cmdProc(ForeachCmd.java:116)
	at tcl.lang.AutoloadStub.cmdProc(Extension.java:144)
	at tcl.lang.Parser.evalObjv(Parser.java:740)
	at tcl.lang.Parser.eval2(Parser.java:1138)
	at tcl.lang.Interp.eval(Interp.java:1782)
	at tcl.lang.Interp.evalFile(Interp.java:1880)
	at java.base/jdk.internal.reflect.NativeMethodAccessorImpl.invoke0(Native Method)
	at java.base/jdk.internal.reflect.NativeMethodAccessorImpl.invoke(NativeMethodAccessorImpl.java:62)
	at java.base/jdk.internal.reflect.DelegatingMethodAccessorImpl.invoke(DelegatingMethodAccessorImpl.java:43)
	at java.base/java.lang.reflect.Method.invoke(Method.java:566)
	at ptolemy.util.test.junit.TclTests.RunTclFile(TclTests.java:233)
	at java.base/jdk.internal.reflect.NativeMethodAccessorImpl.invoke0(Native Method)
	at java.base/jdk.internal.reflect.NativeMethodAccessorImpl.invoke(NativeMethodAccessorImpl.java:62)
	at java.base/jdk.internal.reflect.DelegatingMethodAccessorImpl.invoke(DelegatingMethodAccessorImpl.java:43)
	at java.base/java.lang.reflect.Method.invoke(Method.java:566)
	at org.junit.runners.model.FrameworkMethod$1.runReflectiveCall(FrameworkMethod.java:44)
	at org.junit.internal.runners.model.ReflectiveCallable.run(ReflectiveCallable.java:15)
	at org.junit.runners.model.FrameworkMethod.invokeExplosively(FrameworkMethod.java:41)
	at junitparams.internal.InvokeParameterisedMethod.evaluate(InvokeParameterisedMethod.java:102)
	at junitparams.internal.ParameterisedTestMethodRunner.runMethodInvoker(ParameterisedTestMethodRunner.java:47)
	at junitparams.internal.ParameterisedTestMethodRunner.runTestMethod(ParameterisedTestMethodRunner.java:41)
	at junitparams.internal.ParameterisedTestClassRunner.runParameterisedTest(ParameterisedTestClassRunner.java:143)
	at junitparams.JUnitParamsRunner.runChild(JUnitParamsRunner.java:237)
	at junitparams.JUnitParamsRunner.runChild(JUnitParamsRunner.java:215)
	at org.junit.runners.ParentRunner$3.run(ParentRunner.java:193)
	at org.junit.runners.ParentRunner$1.schedule(ParentRunner.java:52)
	at org.junit.runners.ParentRunner.runChildren(ParentRunner.java:191)
	at org.junit.runners.ParentRunner.access$000(ParentRunner.java:42)
	at org.junit.runners.ParentRunner$2.evaluate(ParentRunner.java:184)
	at org.junit.internal.runners.statements.RunAfters.evaluate(RunAfters.java:31)
	at org.junit.runners.ParentRunner.run(ParentRunner.java:236)
	at org.junit.runners.Suite.runChild(Suite.java:128)
	at org.junit.runners.Suite.runChild(Suite.java:24)
	at org.junit.runners.ParentRunner$3.run(ParentRunner.java:193)
	at org.junit.runners.ParentRunner$1.schedule(ParentRunner.java:52)
	at org.junit.runners.ParentRunner.runChildren(ParentRunner.java:191)
	at org.junit.runners.ParentRunner.access$000(ParentRunner.java:42)
	at org.junit.runners.ParentRunner$2.evaluate(ParentRunner.java:184)
	at org.junit.runners.ParentRunner.run(ParentRunner.java:236)
	at junit.framework.JUnit4TestAdapter.run(JUnit4TestAdapter.java:39)
	at org.apache.tools.ant.taskdefs.optional.junit.JUnitTestRunner.run(JUnitTestRunner.java:535)
	at org.apache.tools.ant.taskdefs.optional.junit.JUnitTestRunner.launch(JUnitTestRunner.java:1182)
	at org.apache.tools.ant.taskdefs.optional.junit.JUnitTestRunner.main(JUnitTestRunner.java:1033)
 in /home/travis/build/icyphy/ptII/ptolemy/actor/lib/jjs/external/require.js at line number 454 at column number 12
	at jdk.scripting.nashorn/jdk.nashorn.api.scripting.NashornScriptEngine.throwAsScriptException(NashornScriptEngine.java:477)
	at jdk.scripting.nashorn/jdk.nashorn.api.scripting.NashornScriptEngine.invokeImpl(NashornScriptEngine.java:399)
	at jdk.scripting.nashorn/jdk.nashorn.api.scripting.NashornScriptEngine.invokeFunction(NashornScriptEngine.java:197)
	at ptolemy.actor.lib.jjs.JavaScript._createEngineAndEvaluateSetup(JavaScript.java:2493)
	... 94 more
Caused by: /home/travis/build/icyphy/ptII/ptolemy/actor/lib/jjs/external/require.js:454:12 Error: Error executing module audio line #undefined : ptolemy.actor.lib.jjs.modules.audio.AudioHelper
In file: /home/travis/build/icyphy/ptII/ptolemy/actor/lib/jjs/modules/audio/audio.js

java.lang.ClassNotFoundException: ptolemy.actor.lib.jjs.modules.audio.AudioHelper
	at java.base/jdk.internal.loader.BuiltinClassLoader.loadClass(BuiltinClassLoader.java:583)
	at java.base/jdk.internal.loader.ClassLoaders$AppClassLoader.loadClass(ClassLoaders.java:178)
	at java.base/java.lang.ClassLoader.loadClass(ClassLoader.java:521)
	at java.base/java.lang.Class.forName0(Native Method)
	at java.base/java.lang.Class.forName(Class.java:398)
	at jdk.scripting.nashorn/jdk.nashorn.internal.runtime.Context.findClass(Context.java:1180)
	at jdk.scripting.nashorn/jdk.nashorn.internal.objects.NativeJava.simpleType(NativeJava.java:546)
	at jdk.scripting.nashorn/jdk.nashorn.internal.objects.NativeJava.type(NativeJava.java:326)
	at jdk.scripting.nashorn/jdk.nashorn.internal.objects.NativeJava.type(NativeJava.java:318)
	at jdk.scripting.nashorn/jdk.nashorn.internal.objects.NativeJava.type(NativeJava.java:314)
	at jdk.scripting.nashorn.scripts/jdk.nashorn.internal.scripts.Script$Recompilation$83105$require.L:1(/home/travis/build/icyphy/ptII/ptolemy/actor/lib/jjs/external/require.js#409:30<eval>:48)
	at jdk.scripting.nashorn.scripts/jdk.nashorn.internal.scripts.Script$Recompilation$83015$require.L:45#_require(/home/travis/build/icyphy/ptII/ptolemy/actor/lib/jjs/external/require.js:429)
	at jdk.scripting.nashorn.scripts/jdk.nashorn.internal.scripts.Script$Recompilation$83019$21065A$require.L:45#_requireClosure#L:466(/home/travis/build/icyphy/ptII/ptolemy/actor/lib/jjs/external/require.js:467)
	at jdk.scripting.nashorn.scripts/jdk.nashorn.internal.scripts.Script$Recompilation$83093$1AAAAAAAAAAAAAA$\^function\_.L:1(<function>:97)
	at jdk.scripting.nashorn.scripts/jdk.nashorn.internal.scripts.Script$Recompilation$83092$17933AAAAAA$require$cu1$restOf.L:1#Accessor(/home/travis/build/icyphy/ptII/ptolemy/actor/lib/jjs/external/require.js#409:30<eval>:545)
	at jdk.scripting.nashorn.scripts/jdk.nashorn.internal.scripts.Script$Recompilation$83078$2801AAA$\^eval\_.evaluateCode(<eval>:96)
	at jdk.scripting.nashorn/jdk.nashorn.internal.runtime.ScriptFunctionData.invoke(ScriptFunctionData.java:661)
	at jdk.scripting.nashorn/jdk.nashorn.internal.runtime.ScriptFunction.invoke(ScriptFunction.java:513)
	at jdk.scripting.nashorn/jdk.nashorn.internal.runtime.ScriptRuntime.apply(ScriptRuntime.java:527)
	at jdk.scripting.nashorn/jdk.nashorn.api.scripting.ScriptObjectMirror.callMember(ScriptObjectMirror.java:202)
	at jdk.scripting.nashorn/jdk.nashorn.api.scripting.NashornScriptEngine.invokeImpl(NashornScriptEngine.java:393)
	at jdk.scripting.nashorn/jdk.nashorn.api.scripting.NashornScriptEngine.invokeFunction(NashornScriptEngine.java:197)
	at ptolemy.actor.lib.jjs.JavaScript._createEngineAndEvaluateSetup(JavaScript.java:2493)
	at ptolemy.actor.lib.jjs.JavaScript.attributeChanged(JavaScript.java:548)
	at org.terraswarm.accessor.JSAccessor.attributeChanged(JSAccessor.java:312)
	at ptolemy.data.expr.Variable._setTokenAndNotify(Variable.java:2271)
	at ptolemy.data.expr.Variable._evaluate(Variable.java:1873)
	at ptolemy.data.expr.Variable._propagate(Variable.java:1984)
	at ptolemy.data.expr.Variable.validate(Variable.java:1596)
	at ptolemy.moml.MoMLParser.endDocument(MoMLParser.java:867)
	at com.microstar.xml.XmlParser.doParse(XmlParser.java:162)
	at com.microstar.xml.XmlParser.parse(XmlParser.java:132)
	at ptolemy.moml.MoMLParser.parse(MoMLParser.java:1676)
	at ptolemy.moml.MoMLParser.parse(MoMLParser.java:1617)
	at ptolemy.moml.MoMLParser.parse(MoMLParser.java:1792)
	at org.terraswarm.accessor.AccessorLibrary.populate(AccessorLibrary.java:194)
	at ptolemy.moml.EntityLibrary.classDefinitionList(EntityLibrary.java:307)
	at ptolemy.kernel.CompositeEntity._description(CompositeEntity.java:2292)
	at ptolemy.kernel.CompositeEntity._description(CompositeEntity.java:2307)
	at ptolemy.kernel.CompositeEntity._description(CompositeEntity.java:2307)
	at ptolemy.kernel.CompositeEntity._description(CompositeEntity.java:2307)
	at ptolemy.kernel.util.NamedObj.description(NamedObj.java:731)
	at ptolemy.kernel.util.NamedObj.description(NamedObj.java:715)
	at java.base/jdk.internal.reflect.NativeMethodAccessorImpl.invoke0(Native Method)
	at java.base/jdk.internal.reflect.NativeMethodAccessorImpl.invoke(NativeMethodAccessorImpl.java:62)
	at java.base/jdk.internal.reflect.DelegatingMethodAccessorImpl.invoke(DelegatingMethodAccessorImpl.java:43)
	at java.base/java.lang.reflect.Method.invoke(Method.java:566)
	at tcl.lang.reflect.PkgInvoker.invokeMethod(PkgInvoker.java:129)
	at tcl.lang.JavaInvoke.call(JavaInvoke.java:253)
	at tcl.lang.JavaInvoke.callMethod(JavaInvoke.java:116)
	at tcl.lang.ReflectObject.cmdProc(ReflectObject.java:727)
	at tcl.lang.Parser.evalObjv(Parser.java:740)
	at tcl.lang.Parser.eval2(Parser.java:1138)
	at tcl.lang.Parser.evalTokens(Parser.java:930)
	at tcl.lang.Parser.eval2(Parser.java:1125)
	at tcl.lang.Parser.evalTokens(Parser.java:930)
	at tcl.lang.Parser.eval2(Parser.java:1125)
	at tcl.lang.Interp.eval(Interp.java:1782)
	at tcl.lang.Interp.eval(Interp.java:1841)
	at tcl.lang.UplevelCmd.cmdProc(UplevelCmd.java:93)
	at tcl.lang.Parser.evalObjv(Parser.java:740)
	at tcl.lang.Parser.eval2(Parser.java:1138)
	at tcl.lang.Interp.eval(Interp.java:1782)
	at tcl.lang.Interp.eval(Interp.java:1841)
	at tcl.lang.CatchCmd.cmdProc(CatchCmd.java:42)
	at tcl.lang.Parser.evalObjv(Parser.java:740)
	at tcl.lang.Parser.eval2(Parser.java:1138)
	at tcl.lang.Parser.evalTokens(Parser.java:930)
	at tcl.lang.Parser.eval2(Parser.java:1125)
	at tcl.lang.Procedure.cmdProc(Procedure.java:175)
	at tcl.lang.Parser.evalObjv(Parser.java:740)
	at tcl.lang.Parser.eval2(Parser.java:1138)
	at tcl.lang.Interp.eval(Interp.java:1782)
	at tcl.lang.Interp.eval(Interp.java:1841)
	at tcl.lang.ForeachCmd.cmdProc(ForeachCmd.java:116)
	at tcl.lang.AutoloadStub.cmdProc(Extension.java:144)
	at tcl.lang.Parser.evalObjv(Parser.java:740)
	at tcl.lang.Parser.eval2(Parser.java:1138)
	at tcl.lang.Interp.eval(Interp.java:1782)
	at tcl.lang.Interp.evalFile(Interp.java:1880)
	at java.base/jdk.internal.reflect.NativeMethodAccessorImpl.invoke0(Native Method)
	at java.base/jdk.internal.reflect.NativeMethodAccessorImpl.invoke(NativeMethodAccessorImpl.java:62)
	at java.base/jdk.internal.reflect.DelegatingMethodAccessorImpl.invoke(DelegatingMethodAccessorImpl.java:43)
	at java.base/java.lang.reflect.Method.invoke(Method.java:566)
	at ptolemy.util.test.junit.TclTests.RunTclFile(TclTests.java:233)
	at java.base/jdk.internal.reflect.NativeMethodAccessorImpl.invoke0(Native Method)
	at java.base/jdk.internal.reflect.NativeMethodAccessorImpl.invoke(NativeMethodAccessorImpl.java:62)
	at java.base/jdk.internal.reflect.DelegatingMethodAccessorImpl.invoke(DelegatingMethodAccessorImpl.java:43)
	at java.base/java.lang.reflect.Method.invoke(Method.java:566)
	at org.junit.runners.model.FrameworkMethod$1.runReflectiveCall(FrameworkMethod.java:44)
	at org.junit.internal.runners.model.ReflectiveCallable.run(ReflectiveCallable.java:15)
	at org.junit.runners.model.FrameworkMethod.invokeExplosively(FrameworkMethod.java:41)
	at junitparams.internal.InvokeParameterisedMethod.evaluate(InvokeParameterisedMethod.java:102)
	at junitparams.internal.ParameterisedTestMethodRunner.runMethodInvoker(ParameterisedTestMethodRunner.java:47)
	at junitparams.internal.ParameterisedTestMethodRunner.runTestMethod(ParameterisedTestMethodRunner.java:41)
	at junitparams.internal.ParameterisedTestClassRunner.runParameterisedTest(ParameterisedTestClassRunner.java:143)
	at junitparams.JUnitParamsRunner.runChild(JUnitParamsRunner.java:237)
	at junitparams.JUnitParamsRunner.runChild(JUnitParamsRunner.java:215)
	at org.junit.runners.ParentRunner$3.run(ParentRunner.java:193)
	at org.junit.runners.ParentRunner$1.schedule(ParentRunner.java:52)
	at org.junit.runners.ParentRunner.runChildren(ParentRunner.java:191)
	at org.junit.runners.ParentRunner.access$000(ParentRunner.java:42)
	at org.junit.runners.ParentRunner$2.evaluate(ParentRunner.java:184)
	at org.junit.internal.runners.statements.RunAfters.evaluate(RunAfters.java:31)
	at org.junit.runners.ParentRunner.run(ParentRunner.java:236)
	at org.junit.runners.Suite.runChild(Suite.java:128)
	at org.junit.runners.Suite.runChild(Suite.java:24)
	at org.junit.runners.ParentRunner$3.run(ParentRunner.java:193)
	at org.junit.runners.ParentRunner$1.schedule(ParentRunner.java:52)
	at org.junit.runners.ParentRunner.runChildren(ParentRunner.java:191)
	at org.junit.runners.ParentRunner.access$000(ParentRunner.java:42)
	at org.junit.runners.ParentRunner$2.evaluate(ParentRunner.java:184)
	at org.junit.runners.ParentRunner.run(ParentRunner.java:236)
	at junit.framework.JUnit4TestAdapter.run(JUnit4TestAdapter.java:39)
	at org.apache.tools.ant.taskdefs.optional.junit.JUnitTestRunner.run(JUnitTestRunner.java:535)
	at org.apache.tools.ant.taskdefs.optional.junit.JUnitTestRunner.launch(JUnitTestRunner.java:1182)
	at org.apache.tools.ant.taskdefs.optional.junit.JUnitTestRunner.main(JUnitTestRunner.java:1033)

	at jdk.scripting.nashorn/jdk.nashorn.internal.objects.NativeError.initException(NativeError.java:135)
	at jdk.scripting.nashorn/jdk.nashorn.internal.objects.NativeError.<init>(NativeError.java:101)
	at jdk.scripting.nashorn/jdk.nashorn.internal.objects.NativeError.<init>(NativeError.java:105)
	at jdk.scripting.nashorn/jdk.nashorn.internal.objects.NativeError.<init>(NativeError.java:109)
	at jdk.scripting.nashorn/jdk.nashorn.internal.objects.NativeError.constructor(NativeError.java:128)
	at jdk.scripting.nashorn.scripts/jdk.nashorn.internal.scripts.Script$Recompilation$83111$require$cu1$restOf.L:45#_require(/home/travis/build/icyphy/ptII/ptolemy/actor/lib/jjs/external/require.js:454)
	at jdk.scripting.nashorn.scripts/jdk.nashorn.internal.scripts.Script$Recompilation$83019$21065A$require.L:45#_requireClosure#L:466(/home/travis/build/icyphy/ptII/ptolemy/actor/lib/jjs/external/require.js:467)
	at jdk.scripting.nashorn.scripts/jdk.nashorn.internal.scripts.Script$Recompilation$83093$1AAAAAAAAAAAAAA$\^function\_.L:1(<function>:97)
	at jdk.scripting.nashorn.scripts/jdk.nashorn.internal.scripts.Script$Recompilation$83092$17933AAAAAA$require$cu1$restOf.L:1#Accessor(/home/travis/build/icyphy/ptII/ptolemy/actor/lib/jjs/external/require.js#409:30<eval>:545)
	at jdk.scripting.nashorn.scripts/jdk.nashorn.internal.scripts.Script$Recompilation$83078$2801AAA$\^eval\_.evaluateCode(<eval>:96)
	at jdk.scripting.nashorn/jdk.nashorn.internal.runtime.ScriptFunctionData.invoke(ScriptFunctionData.java:661)
	at jdk.scripting.nashorn/jdk.nashorn.internal.runtime.ScriptFunction.invoke(ScriptFunction.java:513)
	at jdk.scripting.nashorn/jdk.nashorn.internal.runtime.ScriptRuntime.apply(ScriptRuntime.java:527)
	at jdk.scripting.nashorn/jdk.nashorn.api.scripting.ScriptObjectMirror.callMember(ScriptObjectMirror.java:202)
	at jdk.scripting.nashorn/jdk.nashorn.api.scripting.NashornScriptEngine.invokeImpl(NashornScriptEngine.java:393)
	... 96 more
Caused by: javax.script.ScriptException: Error: Error executing module audio line #undefined : ptolemy.actor.lib.jjs.modules.audio.AudioHelper
In file: /home/travis/build/icyphy/ptII/ptolemy/actor/lib/jjs/modules/audio/audio.js

java.lang.ClassNotFoundException: ptolemy.actor.lib.jjs.modules.audio.AudioHelper
	at java.base/jdk.internal.loader.BuiltinClassLoader.loadClass(BuiltinClassLoader.java:583)
	at java.base/jdk.internal.loader.ClassLoaders$AppClassLoader.loadClass(ClassLoaders.java:178)
	at java.base/java.lang.ClassLoader.loadClass(ClassLoader.java:521)
	at java.base/java.lang.Class.forName0(Native Method)
	at java.base/java.lang.Class.forName(Class.java:398)
	at jdk.scripting.nashorn/jdk.nashorn.internal.runtime.Context.findClass(Context.java:1180)
	at jdk.scripting.nashorn/jdk.nashorn.internal.objects.NativeJava.simpleType(NativeJava.java:546)
	at jdk.scripting.nashorn/jdk.nashorn.internal.objects.NativeJava.type(NativeJava.java:326)
	at jdk.scripting.nashorn/jdk.nashorn.internal.objects.NativeJava.type(NativeJava.java:318)
	at jdk.scripting.nashorn/jdk.nashorn.internal.objects.NativeJava.type(NativeJava.java:314)
	at jdk.scripting.nashorn.scripts/jdk.nashorn.internal.scripts.Script$Recompilation$83105$require.L:1(/home/travis/build/icyphy/ptII/ptolemy/actor/lib/jjs/external/require.js#409:30<eval>:48)
	at jdk.scripting.nashorn.scripts/jdk.nashorn.internal.scripts.Script$Recompilation$83015$require.L:45#_require(/home/travis/build/icyphy/ptII/ptolemy/actor/lib/jjs/external/require.js:429)
	at jdk.scripting.nashorn.scripts/jdk.nashorn.internal.scripts.Script$Recompilation$83019$21065A$require.L:45#_requireClosure#L:466(/home/travis/build/icyphy/ptII/ptolemy/actor/lib/jjs/external/require.js:467)
	at jdk.scripting.nashorn.scripts/jdk.nashorn.internal.scripts.Script$Recompilation$83093$1AAAAAAAAAAAAAA$\^function\_.L:1(<function>:97)
	at jdk.scripting.nashorn.scripts/jdk.nashorn.internal.scripts.Script$Recompilation$83092$17933AAAAAA$require$cu1$restOf.L:1#Accessor(/home/travis/build/icyphy/ptII/ptolemy/actor/lib/jjs/external/require.js#409:30<eval>:545)
	at jdk.scripting.nashorn.scripts/jdk.nashorn.internal.scripts.Script$Recompilation$83078$2801AAA$\^eval\_.evaluateCode(<eval>:96)
	at jdk.scripting.nashorn/jdk.nashorn.internal.runtime.ScriptFunctionData.invoke(ScriptFunctionData.java:661)
	at jdk.scripting.nashorn/jdk.nashorn.internal.runtime.ScriptFunction.invoke(ScriptFunction.java:513)
	at jdk.scripting.nashorn/jdk.nashorn.internal.runtime.ScriptRuntime.apply(ScriptRuntime.java:527)
	at jdk.scripting.nashorn/jdk.nashorn.api.scripting.ScriptObjectMirror.callMember(ScriptObjectMirror.java:202)
	at jdk.scripting.nashorn/jdk.nashorn.api.scripting.NashornScriptEngine.invokeImpl(NashornScriptEngine.java:393)
	at jdk.scripting.nashorn/jdk.nashorn.api.scripting.NashornScriptEngine.invokeFunction(NashornScriptEngine.java:197)
	at ptolemy.actor.lib.jjs.JavaScript._createEngineAndEvaluateSetup(JavaScript.java:2493)
	at ptolemy.actor.lib.jjs.JavaScript.attributeChanged(JavaScript.java:548)
	at org.terraswarm.accessor.JSAccessor.attributeChanged(JSAccessor.java:312)
	at ptolemy.data.expr.Variable._setTokenAndNotify(Variable.java:2271)
	at ptolemy.data.expr.Variable._evaluate(Variable.java:1873)
	at ptolemy.data.expr.Variable._propagate(Variable.java:1984)
	at ptolemy.data.expr.Variable.validate(Variable.java:1596)
	at ptolemy.moml.MoMLParser.endDocument(MoMLParser.java:867)
	at com.microstar.xml.XmlParser.doParse(XmlParser.java:162)
	at com.microstar.xml.XmlParser.parse(XmlParser.java:132)
	at ptolemy.moml.MoMLParser.parse(MoMLParser.java:1676)
	at ptolemy.moml.MoMLParser.parse(MoMLParser.java:1617)
	at ptolemy.moml.MoMLParser.parse(MoMLParser.java:1792)
	at org.terraswarm.accessor.AccessorLibrary.populate(AccessorLibrary.java:194)
	at ptolemy.moml.EntityLibrary.classDefinitionList(EntityLibrary.java:307)
	at ptolemy.kernel.CompositeEntity._description(CompositeEntity.java:2292)
	at ptolemy.kernel.CompositeEntity._description(CompositeEntity.java:2307)
	at ptolemy.kernel.CompositeEntity._description(CompositeEntity.java:2307)
	at ptolemy.kernel.CompositeEntity._description(CompositeEntity.java:2307)
	at ptolemy.kernel.util.NamedObj.description(NamedObj.java:731)
	at ptolemy.kernel.util.NamedObj.description(NamedObj.java:715)
	at java.base/jdk.internal.reflect.NativeMethodAccessorImpl.invoke0(Native Method)
	at java.base/jdk.internal.reflect.NativeMethodAccessorImpl.invoke(NativeMethodAccessorImpl.java:62)
	at java.base/jdk.internal.reflect.DelegatingMethodAccessorImpl.invoke(DelegatingMethodAccessorImpl.java:43)
	at java.base/java.lang.reflect.Method.invoke(Method.java:566)
	at tcl.lang.reflect.PkgInvoker.invokeMethod(PkgInvoker.java:129)
	at tcl.lang.JavaInvoke.call(JavaInvoke.java:253)
	at tcl.lang.JavaInvoke.callMethod(JavaInvoke.java:116)
	at tcl.lang.ReflectObject.cmdProc(ReflectObject.java:727)
	at tcl.lang.Parser.evalObjv(Parser.java:740)
	at tcl.lang.Parser.eval2(Parser.java:1138)
	at tcl.lang.Parser.evalTokens(Parser.java:930)
	at tcl.lang.Parser.eval2(Parser.java:1125)
	at tcl.lang.Parser.evalTokens(Parser.java:930)
	at tcl.lang.Parser.eval2(Parser.java:1125)
	at tcl.lang.Interp.eval(Interp.java:1782)
	at tcl.lang.Interp.eval(Interp.java:1841)
	at tcl.lang.UplevelCmd.cmdProc(UplevelCmd.java:93)
	at tcl.lang.Parser.evalObjv(Parser.java:740)
	at tcl.lang.Parser.eval2(Parser.java:1138)
	at tcl.lang.Interp.eval(Interp.java:1782)
	at tcl.lang.Interp.eval(Interp.java:1841)
	at tcl.lang.CatchCmd.cmdProc(CatchCmd.java:42)
	at tcl.lang.Parser.evalObjv(Parser.java:740)
	at tcl.lang.Parser.eval2(Parser.java:1138)
	at tcl.lang.Parser.evalTokens(Parser.java:930)
	at tcl.lang.Parser.eval2(Parser.java:1125)
	at tcl.lang.Procedure.cmdProc(Procedure.java:175)
	at tcl.lang.Parser.evalObjv(Parser.java:740)
	at tcl.lang.Parser.eval2(Parser.java:1138)
	at tcl.lang.Interp.eval(Interp.java:1782)
	at tcl.lang.Interp.eval(Interp.java:1841)
	at tcl.lang.ForeachCmd.cmdProc(ForeachCmd.java:116)
	at tcl.lang.AutoloadStub.cmdProc(Extension.java:144)
	at tcl.lang.Parser.evalObjv(Parser.java:740)
	at tcl.lang.Parser.eval2(Parser.java:1138)
	at tcl.lang.Interp.eval(Interp.java:1782)
	at tcl.lang.Interp.evalFile(Interp.java:1880)
	at java.base/jdk.internal.reflect.NativeMethodAccessorImpl.invoke0(Native Method)
	at java.base/jdk.internal.reflect.NativeMethodAccessorImpl.invoke(NativeMethodAccessorImpl.java:62)
	at java.base/jdk.internal.reflect.DelegatingMethodAccessorImpl.invoke(DelegatingMethodAccessorImpl.java:43)
	at java.base/java.lang.reflect.Method.invoke(Method.java:566)
	at ptolemy.util.test.junit.TclTests.RunTclFile(TclTests.java:233)
	at java.base/jdk.internal.reflect.NativeMethodAccessorImpl.invoke0(Native Method)
	at java.base/jdk.internal.reflect.NativeMethodAccessorImpl.invoke(NativeMethodAccessorImpl.java:62)
	at java.base/jdk.internal.reflect.DelegatingMethodAccessorImpl.invoke(DelegatingMethodAccessorImpl.java:43)
	at java.base/java.lang.reflect.Method.invoke(Method.java:566)
	at org.junit.runners.model.FrameworkMethod$1.runReflectiveCall(FrameworkMethod.java:44)
	at org.junit.internal.runners.model.ReflectiveCallable.run(ReflectiveCallable.java:15)
	at org.junit.runners.model.FrameworkMethod.invokeExplosively(FrameworkMethod.java:41)
	at junitparams.internal.InvokeParameterisedMethod.evaluate(InvokeParameterisedMethod.java:102)
	at junitparams.internal.ParameterisedTestMethodRunner.runMethodInvoker(ParameterisedTestMethodRunner.java:47)
	at junitparams.internal.ParameterisedTestMethodRunner.runTestMethod(ParameterisedTestMethodRunner.java:41)
	at junitparams.internal.ParameterisedTestClassRunner.runParameterisedTest(ParameterisedTestClassRunner.java:143)
	at junitparams.JUnitParamsRunner.runChild(JUnitParamsRunner.java:237)
	at junitparams.JUnitParamsRunner.runChild(JUnitParamsRunner.java:215)
	at org.junit.runners.ParentRunner$3.run(ParentRunner.java:193)
	at org.junit.runners.ParentRunner$1.schedule(ParentRunner.java:52)
	at org.junit.runners.ParentRunner.runChildren(ParentRunner.java:191)
	at org.junit.runners.ParentRunner.access$000(ParentRunner.java:42)
	at org.junit.runners.ParentRunner$2.evaluate(ParentRunner.java:184)
	at org.junit.internal.runners.statements.RunAfters.evaluate(RunAfters.java:31)
	at org.junit.runners.ParentRunner.run(ParentRunner.java:236)
	at org.junit.runners.Suite.runChild(Suite.java:128)
	at org.junit.runners.Suite.runChild(Suite.java:24)
	at org.junit.runners.ParentRunner$3.run(ParentRunner.java:193)
	at org.junit.runners.ParentRunner$1.schedule(ParentRunner.java:52)
	at org.junit.runners.ParentRunner.runChildren(ParentRunner.java:191)
	at org.junit.runners.ParentRunner.access$000(ParentRunner.java:42)
	at org.junit.runners.ParentRunner$2.evaluate(ParentRunner.java:184)
	at org.junit.runners.ParentRunner.run(ParentRunner.java:236)
	at junit.framework.JUnit4TestAdapter.run(JUnit4TestAdapter.java:39)
	at org.apache.tools.ant.taskdefs.optional.junit.JUnitTestRunner.run(JUnitTestRunner.java:535)
	at org.apache.tools.ant.taskdefs.optional.junit.JUnitTestRunner.launch(JUnitTestRunner.java:1182)
	at org.apache.tools.ant.taskdefs.optional.junit.JUnitTestRunner.main(JUnitTestRunner.java:1033)
 in /home/travis/build/icyphy/ptII/ptolemy/actor/lib/jjs/external/require.js at line number 454 at column number 12
	at jdk.scripting.nashorn/jdk.nashorn.api.scripting.NashornScriptEngine.throwAsScriptException(NashornScriptEngine.java:477)
	at jdk.scripting.nashorn/jdk.nashorn.api.scripting.NashornScriptEngine.invokeImpl(NashornScriptEngine.java:399)
	at jdk.scripting.nashorn/jdk.nashorn.api.scripting.NashornScriptEngine.invokeFunction(NashornScriptEngine.java:197)
	at ptolemy.actor.lib.jjs.JavaScript._createEngineAndEvaluateSetup(JavaScript.java:2493)
	at ptolemy.actor.lib.jjs.JavaScript.attributeChanged(JavaScript.java:548)
	at org.terraswarm.accessor.JSAccessor.attributeChanged(JSAccessor.java:312)
	at ptolemy.data.expr.Variable._setTokenAndNotify(Variable.java:2271)
	at ptolemy.data.expr.Variable._evaluate(Variable.java:1873)
	at ptolemy.data.expr.Variable._propagate(Variable.java:1984)
	at ptolemy.data.expr.Variable.validate(Variable.java:1596)
	at ptolemy.moml.MoMLParser.endDocument(MoMLParser.java:867)
	at com.microstar.xml.XmlParser.doParse(XmlParser.java:162)
	at com.microstar.xml.XmlParser.parse(XmlParser.java:132)
	at ptolemy.moml.MoMLParser.parse(MoMLParser.java:1676)
	at ptolemy.moml.MoMLParser.parse(MoMLParser.java:1617)
	at ptolemy.moml.MoMLParser.parse(MoMLParser.java:1792)
	at org.terraswarm.accessor.AccessorLibrary.populate(AccessorLibrary.java:194)
	at ptolemy.moml.EntityLibrary.classDefinitionList(EntityLibrary.java:307)
	at ptolemy.kernel.CompositeEntity._description(CompositeEntity.java:2292)
	at ptolemy.kernel.CompositeEntity._description(CompositeEntity.java:2307)
	at ptolemy.kernel.CompositeEntity._description(CompositeEntity.java:2307)
	at ptolemy.kernel.CompositeEntity._description(CompositeEntity.java:2307)
	at ptolemy.kernel.util.NamedObj.description(NamedObj.java:731)
	at ptolemy.kernel.util.NamedObj.description(NamedObj.java:715)
	at java.base/jdk.internal.reflect.NativeMethodAccessorImpl.invoke0(Native Method)
	at java.base/jdk.internal.reflect.NativeMethodAccessorImpl.invoke(NativeMethodAccessorImpl.java:62)
	at java.base/jdk.internal.reflect.DelegatingMethodAccessorImpl.invoke(DelegatingMethodAccessorImpl.java:43)
	at java.base/java.lang.reflect.Method.invoke(Method.java:566)
	at tcl.lang.reflect.PkgInvoker.invokeMethod(PkgInvoker.java:129)
	at tcl.lang.JavaInvoke.call(JavaInvoke.java:253)
	at tcl.lang.JavaInvoke.callMethod(JavaInvoke.java:116)
	at tcl.lang.ReflectObject.cmdProc(ReflectObject.java:727)
	at tcl.lang.Parser.evalObjv(Parser.java:740)
	at tcl.lang.Parser.eval2(Parser.java:1138)
	at tcl.lang.Parser.evalTokens(Parser.java:930)
	at tcl.lang.Parser.eval2(Parser.java:1125)
	at tcl.lang.Parser.evalTokens(Parser.java:930)
	at tcl.lang.Parser.eval2(Parser.java:1125)
	at tcl.lang.Interp.eval(Interp.java:1782)
	at tcl.lang.Interp.eval(Interp.java:1841)
	at tcl.lang.UplevelCmd.cmdProc(UplevelCmd.java:93)
	at tcl.lang.Parser.evalObjv(Parser.java:740)
	at tcl.lang.Parser.eval2(Parser.java:1138)
	at tcl.lang.Interp.eval(Interp.java:1782)
	at tcl.lang.Interp.eval(Interp.java:1841)
	at tcl.lang.CatchCmd.cmdProc(CatchCmd.java:42)
	at tcl.lang.Parser.evalObjv(Parser.java:740)
	at tcl.lang.Parser.eval2(Parser.java:1138)
	at tcl.lang.Parser.evalTokens(Parser.java:930)
	at tcl.lang.Parser.eval2(Parser.java:1125)
	at tcl.lang.Procedure.cmdProc(Procedure.java:175)
	at tcl.lang.Parser.evalObjv(Parser.java:740)
	at tcl.lang.Parser.eval2(Parser.java:1138)
	at tcl.lang.Interp.eval(Interp.java:1782)
	at tcl.lang.Interp.eval(Interp.java:1841)
	at tcl.lang.ForeachCmd.cmdProc(ForeachCmd.java:116)
	at tcl.lang.AutoloadStub.cmdProc(Extension.java:144)
	at tcl.lang.Parser.evalObjv(Parser.java:740)
	at tcl.lang.Parser.eval2(Parser.java:1138)
	at tcl.lang.Interp.eval(Interp.java:1782)
	at tcl.lang.Interp.evalFile(Interp.java:1880)
	at java.base/jdk.internal.reflect.NativeMethodAccessorImpl.invoke0(Native Method)
	at java.base/jdk.internal.reflect.NativeMethodAccessorImpl.invoke(NativeMethodAccessorImpl.java:62)
	at java.base/jdk.internal.reflect.DelegatingMethodAccessorImpl.invoke(DelegatingMethodAccessorImpl.java:43)
	at java.base/java.lang.reflect.Method.invoke(Method.java:566)
	at ptolemy.util.test.junit.TclTests.RunTclFile(TclTests.java:233)
	at java.base/jdk.internal.reflect.NativeMethodAccessorImpl.invoke0(Native Method)
	at java.base/jdk.internal.reflect.NativeMethodAccessorImpl.invoke(NativeMethodAccessorImpl.java:62)
	at java.base/jdk.internal.reflect.DelegatingMethodAccessorImpl.invoke(DelegatingMethodAccessorImpl.java:43)
	at java.base/java.lang.reflect.Method.invoke(Method.java:566)
	at org.junit.runners.model.FrameworkMethod$1.runReflectiveCall(FrameworkMethod.java:44)
	at org.junit.internal.runners.model.ReflectiveCallable.run(ReflectiveCallable.java:15)
	at org.junit.runners.model.FrameworkMethod.invokeExplosively(FrameworkMethod.java:41)
	at junitparams.internal.InvokeParameterisedMethod.evaluate(InvokeParameterisedMethod.java:102)
	at junitparams.internal.ParameterisedTestMethodRunner.runMethodInvoker(ParameterisedTestMethodRunner.java:47)
	at junitparams.internal.ParameterisedTestMethodRunner.runTestMethod(ParameterisedTestMethodRunner.java:41)
	at junitparams.internal.ParameterisedTestClassRunner.runParameterisedTest(ParameterisedTestClassRunner.java:143)
	at junitparams.JUnitParamsRunner.runChild(JUnitParamsRunner.java:237)
	at junitparams.JUnitParamsRunner.runChild(JUnitParamsRunner.java:215)
	at org.junit.runners.ParentRunner$3.run(ParentRunner.java:193)
	at org.junit.runners.ParentRunner$1.schedule(ParentRunner.java:52)
	at org.junit.runners.ParentRunner.runChildren(ParentRunner.java:191)
	at org.junit.runners.ParentRunner.access$000(ParentRunner.java:42)
	at org.junit.runners.ParentRunner$2.evaluate(ParentRunner.java:184)
	at org.junit.internal.runners.statements.RunAfters.evaluate(RunAfters.java:31)
	at org.junit.runners.ParentRunner.run(ParentRunner.java:236)
	at org.junit.runners.Suite.runChild(Suite.java:128)
	at org.junit.runners.Suite.runChild(Suite.java:24)
	at org.junit.runners.ParentRunner$3.run(ParentRunner.java:193)
	at org.junit.runners.ParentRunner$1.schedule(ParentRunner.java:52)
	at org.junit.runners.ParentRunner.runChildren(ParentRunner.java:191)
	at org.junit.runners.ParentRunner.access$000(ParentRunner.java:42)
	at org.junit.runners.ParentRunner$2.evaluate(ParentRunner.java:184)
	at org.junit.runners.ParentRunner.run(ParentRunner.java:236)
	at junit.framework.JUnit4TestAdapter.run(JUnit4TestAdapter.java:39)
	at org.apache.tools.ant.taskdefs.optional.junit.JUnitTestRunner.run(JUnitTestRunner.java:535)
	at org.apache.tools.ant.taskdefs.optional.junit.JUnitTestRunner.launch(JUnitTestRunner.java:1182)
	at org.apache.tools.ant.taskdefs.optional.junit.JUnitTestRunner.main(JUnitTestRunner.java:1033)
Caused by: /home/travis/build/icyphy/ptII/ptolemy/actor/lib/jjs/external/require.js:454:12 Error: Error executing module audio line #undefined : ptolemy.actor.lib.jjs.modules.audio.AudioHelper
In file: /home/travis/build/icyphy/ptII/ptolemy/actor/lib/jjs/modules/audio/audio.js

java.lang.ClassNotFoundException: ptolemy.actor.lib.jjs.modules.audio.AudioHelper
	at java.base/jdk.internal.loader.BuiltinClassLoader.loadClass(BuiltinClassLoader.java:583)
	at java.base/jdk.internal.loader.ClassLoaders$AppClassLoader.loadClass(ClassLoaders.java:178)
	at java.base/java.lang.ClassLoader.loadClass(ClassLoader.java:521)
	at java.base/java.lang.Class.forName0(Native Method)
	at java.base/java.lang.Class.forName(Class.java:398)
	at jdk.scripting.nashorn/jdk.nashorn.internal.runtime.Context.findClass(Context.java:1180)
	at jdk.scripting.nashorn/jdk.nashorn.internal.objects.NativeJava.simpleType(NativeJava.java:546)
	at jdk.scripting.nashorn/jdk.nashorn.internal.objects.NativeJava.type(NativeJava.java:326)
	at jdk.scripting.nashorn/jdk.nashorn.internal.objects.NativeJava.type(NativeJava.java:318)
	at jdk.scripting.nashorn/jdk.nashorn.internal.objects.NativeJava.type(NativeJava.java:314)
	at jdk.scripting.nashorn.scripts/jdk.nashorn.internal.scripts.Script$Recompilation$83105$require.L:1(/home/travis/build/icyphy/ptII/ptolemy/actor/lib/jjs/external/require.js#409:30<eval>:48)
	at jdk.scripting.nashorn.scripts/jdk.nashorn.internal.scripts.Script$Recompilation$83015$require.L:45#_require(/home/travis/build/icyphy/ptII/ptolemy/actor/lib/jjs/external/require.js:429)
	at jdk.scripting.nashorn.scripts/jdk.nashorn.internal.scripts.Script$Recompilation$83019$21065A$require.L:45#_requireClosure#L:466(/home/travis/build/icyphy/ptII/ptolemy/actor/lib/jjs/external/require.js:467)
	at jdk.scripting.nashorn.scripts/jdk.nashorn.internal.scripts.Script$Recompilation$83093$1AAAAAAAAAAAAAA$\^function\_.L:1(<function>:97)
	at jdk.scripting.nashorn.scripts/jdk.nashorn.internal.scripts.Script$Recompilation$83092$17933AAAAAA$require$cu1$restOf.L:1#Accessor(/home/travis/build/icyphy/ptII/ptolemy/actor/lib/jjs/external/require.js#409:30<eval>:545)
	at jdk.scripting.nashorn.scripts/jdk.nashorn.internal.scripts.Script$Recompilation$83078$2801AAA$\^eval\_.evaluateCode(<eval>:96)
	at jdk.scripting.nashorn/jdk.nashorn.internal.runtime.ScriptFunctionData.invoke(ScriptFunctionData.java:661)
	at jdk.scripting.nashorn/jdk.nashorn.internal.runtime.ScriptFunction.invoke(ScriptFunction.java:513)
	at jdk.scripting.nashorn/jdk.nashorn.internal.runtime.ScriptRuntime.apply(ScriptRuntime.java:527)
	at jdk.scripting.nashorn/jdk.nashorn.api.scripting.ScriptObjectMirror.callMember(ScriptObjectMirror.java:202)
	at jdk.scripting.nashorn/jdk.nashorn.api.scripting.NashornScriptEngine.invokeImpl(NashornScriptEngine.java:393)
	at jdk.scripting.nashorn/jdk.nashorn.api.scripting.NashornScriptEngine.invokeFunction(NashornScriptEngine.java:197)
	at ptolemy.actor.lib.jjs.JavaScript._createEngineAndEvaluateSetup(JavaScript.java:2493)
	at ptolemy.actor.lib.jjs.JavaScript.attributeChanged(JavaScript.java:548)
	at org.terraswarm.accessor.JSAccessor.attributeChanged(JSAccessor.java:312)
	at ptolemy.data.expr.Variable._setTokenAndNotify(Variable.java:2271)
	at ptolemy.data.expr.Variable._evaluate(Variable.java:1873)
	at ptolemy.data.expr.Variable._propagate(Variable.java:1984)
	at ptolemy.data.expr.Variable.validate(Variable.java:1596)
	at ptolemy.moml.MoMLParser.endDocument(MoMLParser.java:867)
	at com.microstar.xml.XmlParser.doParse(XmlParser.java:162)
	at com.microstar.xml.XmlParser.parse(XmlParser.java:132)
	at ptolemy.moml.MoMLParser.parse(MoMLParser.java:1676)
	at ptolemy.moml.MoMLParser.parse(MoMLParser.java:1617)
	at ptolemy.moml.MoMLParser.parse(MoMLParser.java:1792)
	at org.terraswarm.accessor.AccessorLibrary.populate(AccessorLibrary.java:194)
	at ptolemy.moml.EntityLibrary.classDefinitionList(EntityLibrary.java:307)
	at ptolemy.kernel.CompositeEntity._description(CompositeEntity.java:2292)
	at ptolemy.kernel.CompositeEntity._description(CompositeEntity.java:2307)
	at ptolemy.kernel.CompositeEntity._description(CompositeEntity.java:2307)
	at ptolemy.kernel.CompositeEntity._description(CompositeEntity.java:2307)
	at ptolemy.kernel.util.NamedObj.description(NamedObj.java:731)
	at ptolemy.kernel.util.NamedObj.description(NamedObj.java:715)
	at java.base/jdk.internal.reflect.NativeMethodAccessorImpl.invoke0(Native Method)
	at java.base/jdk.internal.reflect.NativeMethodAccessorImpl.invoke(NativeMethodAccessorImpl.java:62)
	at java.base/jdk.internal.reflect.DelegatingMethodAccessorImpl.invoke(DelegatingMethodAccessorImpl.java:43)
	at java.base/java.lang.reflect.Method.invoke(Method.java:566)
	at tcl.lang.reflect.PkgInvoker.invokeMethod(PkgInvoker.java:129)
	at tcl.lang.JavaInvoke.call(JavaInvoke.java:253)
	at tcl.lang.JavaInvoke.callMethod(JavaInvoke.java:116)
	at tcl.lang.ReflectObject.cmdProc(ReflectObject.java:727)
	at tcl.lang.Parser.evalObjv(Parser.java:740)
	at tcl.lang.Parser.eval2(Parser.java:1138)
	at tcl.lang.Parser.evalTokens(Parser.java:930)
	at tcl.lang.Parser.eval2(Parser.java:1125)
	at tcl.lang.Parser.evalTokens(Parser.java:930)
	at tcl.lang.Parser.eval2(Parser.java:1125)
	at tcl.lang.Interp.eval(Interp.java:1782)
	at tcl.lang.Interp.eval(Interp.java:1841)
	at tcl.lang.UplevelCmd.cmdProc(UplevelCmd.java:93)
	at tcl.lang.Parser.evalObjv(Parser.java:740)
	at tcl.lang.Parser.eval2(Parser.java:1138)
	at tcl.lang.Interp.eval(Interp.java:1782)
	at tcl.lang.Interp.eval(Interp.java:1841)
	at tcl.lang.CatchCmd.cmdProc(CatchCmd.java:42)
	at tcl.lang.Parser.evalObjv(Parser.java:740)
	at tcl.lang.Parser.eval2(Parser.java:1138)
	at tcl.lang.Parser.evalTokens(Parser.java:930)
	at tcl.lang.Parser.eval2(Parser.java:1125)
	at tcl.lang.Procedure.cmdProc(Procedure.java:175)
	at tcl.lang.Parser.evalObjv(Parser.java:740)
	at tcl.lang.Parser.eval2(Parser.java:1138)
	at tcl.lang.Interp.eval(Interp.java:1782)
	at tcl.lang.Interp.eval(Interp.java:1841)
	at tcl.lang.ForeachCmd.cmdProc(ForeachCmd.java:116)
	at tcl.lang.AutoloadStub.cmdProc(Extension.java:144)
	at tcl.lang.Parser.evalObjv(Parser.java:740)
	at tcl.lang.Parser.eval2(Parser.java:1138)
	at tcl.lang.Interp.eval(Interp.java:1782)
	at tcl.lang.Interp.evalFile(Interp.java:1880)
	at java.base/jdk.internal.reflect.NativeMethodAccessorImpl.invoke0(Native Method)
	at java.base/jdk.internal.reflect.NativeMethodAccessorImpl.invoke(NativeMethodAccessorImpl.java:62)
	at java.base/jdk.internal.reflect.DelegatingMethodAccessorImpl.invoke(DelegatingMethodAccessorImpl.java:43)
	at java.base/java.lang.reflect.Method.invoke(Method.java:566)
	at ptolemy.util.test.junit.TclTests.RunTclFile(TclTests.java:233)
	at java.base/jdk.internal.reflect.NativeMethodAccessorImpl.invoke0(Native Method)
	at java.base/jdk.internal.reflect.NativeMethodAccessorImpl.invoke(NativeMethodAccessorImpl.java:62)
	at java.base/jdk.internal.reflect.DelegatingMethodAccessorImpl.invoke(DelegatingMethodAccessorImpl.java:43)
	at java.base/java.lang.reflect.Method.invoke(Method.java:566)
	at org.junit.runners.model.FrameworkMethod$1.runReflectiveCall(FrameworkMethod.java:44)
	at org.junit.internal.runners.model.ReflectiveCallable.run(ReflectiveCallable.java:15)
	at org.junit.runners.model.FrameworkMethod.invokeExplosively(FrameworkMethod.java:41)
	at junitparams.internal.InvokeParameterisedMethod.evaluate(InvokeParameterisedMethod.java:102)
	at junitparams.internal.ParameterisedTestMethodRunner.runMethodInvoker(ParameterisedTestMethodRunner.java:47)
	at junitparams.internal.ParameterisedTestMethodRunner.runTestMethod(ParameterisedTestMethodRunner.java:41)
	at junitparams.internal.ParameterisedTestClassRunner.runParameterisedTest(ParameterisedTestClassRunner.java:143)
	at junitparams.JUnitParamsRunner.runChild(JUnitParamsRunner.java:237)
	at junitparams.JUnitParamsRunner.runChild(JUnitParamsRunner.java:215)
	at org.junit.runners.ParentRunner$3.run(ParentRunner.java:193)
	at org.junit.runners.ParentRunner$1.schedule(ParentRunner.java:52)
	at org.junit.runners.ParentRunner.runChildren(ParentRunner.java:191)
	at org.junit.runners.ParentRunner.access$000(ParentRunner.java:42)
	at org.junit.runners.ParentRunner$2.evaluate(ParentRunner.java:184)
	at org.junit.internal.runners.statements.RunAfters.evaluate(RunAfters.java:31)
	at org.junit.runners.ParentRunner.run(ParentRunner.java:236)
	at org.junit.runners.Suite.runChild(Suite.java:128)
	at org.junit.runners.Suite.runChild(Suite.java:24)
	at org.junit.runners.ParentRunner$3.run(ParentRunner.java:193)
	at org.junit.runners.ParentRunner$1.schedule(ParentRunner.java:52)
	at org.junit.runners.ParentRunner.runChildren(ParentRunner.java:191)
	at org.junit.runners.ParentRunner.access$000(ParentRunner.java:42)
	at org.junit.runners.ParentRunner$2.evaluate(ParentRunner.java:184)
	at org.junit.runners.ParentRunner.run(ParentRunner.java:236)
	at junit.framework.JUnit4TestAdapter.run(JUnit4TestAdapter.java:39)
	at org.apache.tools.ant.taskdefs.optional.junit.JUnitTestRunner.run(JUnitTestRunner.java:535)
	at org.apache.tools.ant.taskdefs.optional.junit.JUnitTestRunner.launch(JUnitTestRunner.java:1182)
	at org.apache.tools.ant.taskdefs.optional.junit.JUnitTestRunner.main(JUnitTestRunner.java:1033)

	at jdk.scripting.nashorn/jdk.nashorn.internal.objects.NativeError.initException(NativeError.java:135)
	at jdk.scripting.nashorn/jdk.nashorn.internal.objects.NativeError.<init>(NativeError.java:101)
	at jdk.scripting.nashorn/jdk.nashorn.internal.objects.NativeError.<init>(NativeError.java:105)
	at jdk.scripting.nashorn/jdk.nashorn.internal.objects.NativeError.<init>(NativeError.java:109)
	at jdk.scripting.nashorn/jdk.nashorn.internal.objects.NativeError.constructor(NativeError.java:128)
	at jdk.scripting.nashorn.scripts/jdk.nashorn.internal.scripts.Script$Recompilation$83111$require$cu1$restOf.L:45#_require(/home/travis/build/icyphy/ptII/ptolemy/actor/lib/jjs/external/require.js:454)
	at jdk.scripting.nashorn.scripts/jdk.nashorn.internal.scripts.Script$Recompilation$83019$21065A$require.L:45#_requireClosure#L:466(/home/travis/build/icyphy/ptII/ptolemy/actor/lib/jjs/external/require.js:467)
	at jdk.scripting.nashorn.scripts/jdk.nashorn.internal.scripts.Script$Recompilation$83093$1AAAAAAAAAAAAAA$\^function\_.L:1(<function>:97)
	at jdk.scripting.nashorn.scripts/jdk.nashorn.internal.scripts.Script$Recompilation$83092$17933AAAAAA$require$cu1$restOf.L:1#Accessor(/home/travis/build/icyphy/ptII/ptolemy/actor/lib/jjs/external/require.js#409:30<eval>:545)
	at jdk.scripting.nashorn.scripts/jdk.nashorn.internal.scripts.Script$Recompilation$83078$2801AAA$\^eval\_.evaluateCode(<eval>:96)
	at jdk.scripting.nashorn/jdk.nashorn.internal.runtime.ScriptFunctionData.invoke(ScriptFunctionData.java:661)
	at jdk.scripting.nashorn/jdk.nashorn.internal.runtime.ScriptFunction.invoke(ScriptFunction.java:513)
	at jdk.scripting.nashorn/jdk.nashorn.internal.runtime.ScriptRuntime.apply(ScriptRuntime.java:527)
	at jdk.scripting.nashorn/jdk.nashorn.api.scripting.ScriptObjectMirror.callMember(ScriptObjectMirror.java:202)
	at jdk.scripting.nashorn/jdk.nashorn.api.scripting.NashornScriptEngine.invokeImpl(NashornScriptEngine.java:393)
	... 96 more
Warning: Nashorn engine is planned to be removed from a future JDK release
Warning: Nashorn engine is planned to be removed from a future JDK release
Warning: Nashorn engine is planned to be removed from a future JDK release
Warning: Nashorn engine is planned to be removed from a future JDK release
Warning: Nashorn engine is planned to be removed from a future JDK release
Warning: Nashorn engine is planned to be removed from a future JDK release
Warning: Nashorn engine is planned to be removed from a future JDK release
Warning: Nashorn engine is planned to be removed from a future JDK release
Warning: Nashorn engine is planned to be removed from a future JDK release
Warning: Nashorn engine is planned to be removed from a future JDK release
Warning: Nashorn engine is planned to be removed from a future JDK release
Warning: Nashorn engine is planned to be removed from a future JDK release
Warning: Nashorn engine is planned to be removed from a future JDK release
Warning: Nashorn engine is planned to be removed from a future JDK release
Warning: Nashorn engine is planned to be removed from a future JDK release
Warning: Nashorn engine is planned to be removed from a future JDK release
Warning: Nashorn engine is planned to be removed from a future JDK release
Warning: Nashorn engine is planned to be removed from a future JDK release
Warning: Nashorn engine is planned to be removed from a future JDK release
Warning: Nashorn engine is planned to be removed from a future JDK release
Warning: Nashorn engine is planned to be removed from a future JDK release
Warning: Nashorn engine is planned to be removed from a future JDK release
Warning: Nashorn engine is planned to be removed from a future JDK release
Warning: Nashorn engine is planned to be removed from a future JDK release
Warning: Nashorn engine is planned to be removed from a future JDK release
Warning: Nashorn engine is planned to be removed from a future JDK release
Warning: Nashorn engine is planned to be removed from a future JDK release
Warning: Nashorn engine is planned to be removed from a future JDK release
Warning: Nashorn engine is planned to be removed from a future JDK release
Warning: Nashorn engine is planned to be removed from a future JDK release
Warning: Nashorn engine is planned to be removed from a future JDK release
Warning: Nashorn engine is planned to be removed from a future JDK release
Warning: Nashorn engine is planned to be removed from a future JDK release
Warning: Nashorn engine is planned to be removed from a future JDK release
Warning: Nashorn engine is planned to be removed from a future JDK release
Warning: Nashorn engine is planned to be removed from a future JDK release
Warning: Nashorn engine is planned to be removed from a future JDK release
Warning: Nashorn engine is planned to be removed from a future JDK release
Warning: Nashorn engine is planned to be removed from a future JDK release
Warning: Nashorn engine is planned to be removed from a future JDK release
Warning: Nashorn engine is planned to be removed from a future JDK release
Warning: Nashorn engine is planned to be removed from a future JDK release
Warning: Nashorn engine is planned to be removed from a future JDK release
Warning: Nashorn engine is planned to be removed from a future JDK release
Warning: Nashorn engine is planned to be removed from a future JDK release
Warning: Nashorn engine is planned to be removed from a future JDK release
Warning: Nashorn engine is planned to be removed from a future JDK release
Warning: Nashorn engine is planned to be removed from a future JDK release
Warning: Nashorn engine is planned to be removed from a future JDK release
Warning: Nashorn engine is planned to be removed from a future JDK release
Warning: Nashorn engine is planned to be removed from a future JDK release
Warning: Nashorn engine is planned to be removed from a future JDK release
Warning: Nashorn engine is planned to be removed from a future JDK release
Warning: Nashorn engine is planned to be removed from a future JDK release
Warning: Nashorn engine is planned to be removed from a future JDK release
Warning: Nashorn engine is planned to be removed from a future JDK release
Warning: Nashorn engine is planned to be removed from a future JDK release
Warning: Nashorn engine is planned to be removed from a future JDK release
Warning: Nashorn engine is planned to be removed from a future JDK release
Warning: Nashorn engine is planned to be removed from a future JDK release
Warning: Nashorn engine is planned to be removed from a future JDK release
Warning: Nashorn engine is planned to be removed from a future JDK release
Warning: Nashorn engine is planned to be removed from a future JDK release
Warning: Nashorn engine is planned to be removed from a future JDK release
Warning: Nashorn engine is planned to be removed from a future JDK release
Warning: Nashorn engine is planned to be removed from a future JDK release
Warning: Nashorn engine is planned to be removed from a future JDK release
Warning: Nashorn engine is planned to be removed from a future JDK release
Warning: Nashorn engine is planned to be removed from a future JDK release
Warning: Nashorn engine is planned to be removed from a future JDK release
Warning: Nashorn engine is planned to be removed from a future JDK release
Warning: Nashorn engine is planned to be removed from a future JDK release
Warning: Nashorn engine is planned to be removed from a future JDK release
Warning: Nashorn engine is planned to be removed from a future JDK release
Warning: Nashorn engine is planned to be removed from a future JDK release
Warning: Nashorn engine is planned to be removed from a future JDK release
Warning: Nashorn engine is planned to be removed from a future JDK release
Warning: Nashorn engine is planned to be removed from a future JDK release
Warning: Nashorn engine is planned to be removed from a future JDK release
Warning: Nashorn engine is planned to be removed from a future JDK release
Warning: Nashorn engine is planned to be removed from a future JDK release
Warning: Nashorn engine is planned to be removed from a future JDK release
Warning: Nashorn engine is planned to be removed from a future JDK release
Warning: Nashorn engine is planned to be removed from a future JDK release
Warning: Nashorn engine is planned to be removed from a future JDK release
Warning: Nashorn engine is planned to be removed from a future JDK release
Warning: Nashorn engine is planned to be removed from a future JDK release
Warning: Nashorn engine is planned to be removed from a future JDK release
Warning: Nashorn engine is planned to be removed from a future JDK release
Warning: Nashorn engine is planned to be removed from a future JDK release
Warning: Nashorn engine is planned to be removed from a future JDK release
Warning: Nashorn engine is planned to be removed from a future JDK release
Warning: Nashorn engine is planned to be removed from a future JDK release
Warning: Nashorn engine is planned to be removed from a future JDK release
Warning: Nashorn engine is planned to be removed from a future JDK release
Warning: Nashorn engine is planned to be removed from a future JDK release
Warning: Nashorn engine is planned to be removed from a future JDK release
Warning: Nashorn engine is planned to be removed from a future JDK release
Warning: Nashorn engine is planned to be removed from a future JDK release
Warning: Nashorn engine is planned to be removed from a future JDK release
Warning: Nashorn engine is planned to be removed from a future JDK release
Warning: Nashorn engine is planned to be removed from a future JDK release
Warning: Nashorn engine is planned to be removed from a future JDK release
Warning: Nashorn engine is planned to be removed from a future JDK release
Warning: Nashorn engine is planned to be removed from a future JDK release
Warning: Nashorn engine is planned to be removed from a future JDK release
Warning: Nashorn engine is planned to be removed from a future JDK release
Warning: Nashorn engine is planned to be removed from a future JDK release
Warning: Nashorn engine is planned to be removed from a future JDK release
Warning: Nashorn engine is planned to be removed from a future JDK release
Warning: Nashorn engine is planned to be removed from a future JDK release
Warning: Nashorn engine is planned to be removed from a future JDK release
Warning: Nashorn engine is planned to be removed from a future JDK release
Warning: Nashorn engine is planned to be removed from a future JDK release
Warning: Nashorn engine is planned to be removed from a future JDK release
Warning: Nashorn engine is planned to be removed from a future JDK release
Warning: Nashorn engine is planned to be removed from a future JDK release
Warning: Nashorn engine is planned to be removed from a future JDK release
Warning: Nashorn engine is planned to be removed from a future JDK release
Warning: Nashorn engine is planned to be removed from a future JDK release
Warning: Nashorn engine is planned to be removed from a future JDK release
Warning: Nashorn engine is planned to be removed from a future JDK release
Warning: Nashorn engine is planned to be removed from a future JDK release
Warning: Nashorn engine is planned to be removed from a future JDK release
Warning: Nashorn engine is planned to be removed from a future JDK release
Warning: Nashorn engine is planned to be removed from a future JDK release
Warning: Nashorn engine is planned to be removed from a future JDK release
Warning: Nashorn engine is planned to be removed from a future JDK release
Warning: Nashorn engine is planned to be removed from a future JDK release
Warning: Nashorn engine is planned to be removed from a future JDK release
Warning: Nashorn engine is planned to be removed from a future JDK release
Warning: Nashorn engine is planned to be removed from a future JDK release
Warning: Nashorn engine is planned to be removed from a future JDK release
Warning: Nashorn engine is planned to be removed from a future JDK release
Warning: Nashorn engine is planned to be removed from a future JDK release
Warning: Nashorn engine is planned to be removed from a future JDK release
Warning: Nashorn engine is planned to be removed from a future JDK release
Warning: Nashorn engine is planned to be removed from a future JDK release
Warning: Nashorn engine is planned to be removed from a future JDK release
Warning: Nashorn engine is planned to be removed from a future JDK release
Warning: Nashorn engine is planned to be removed from a future JDK release
Warning: Nashorn engine is planned to be removed from a future JDK release
Warning: Nashorn engine is planned to be removed from a future JDK release
Warning: Nashorn engine is planned to be removed from a future JDK release
Warning: Nashorn engine is planned to be removed from a future JDK release
Warning: Nashorn engine is planned to be removed from a future JDK release
Warning: Nashorn engine is planned to be removed from a future JDK release
Warning: Nashorn engine is planned to be removed from a future JDK release
Warning: Nashorn engine is planned to be removed from a future JDK release
Warning: Nashorn engine is planned to be removed from a future JDK release
Warning: Nashorn engine is planned to be removed from a future JDK release
Warning: Nashorn engine is planned to be removed from a future JDK release
Warning: Nashorn engine is planned to be removed from a future JDK release
Warning: Nashorn engine is planned to be removed from a future JDK release
Warning: Nashorn engine is planned to be removed from a future JDK release
Warning: Nashorn engine is planned to be removed from a future JDK release
Warning: Nashorn engine is planned to be removed from a future JDK release
Warning: Nashorn engine is planned to be removed from a future JDK release
Warning: Nashorn engine is planned to be removed from a future JDK release
Warning: Nashorn engine is planned to be removed from a future JDK release
Warning: Nashorn engine is planned to be removed from a future JDK release
Warning: Nashorn engine is planned to be removed from a future JDK release
Warning: Nashorn engine is planned to be removed from a future JDK release
Warning: Nashorn engine is planned to be removed from a future JDK release
Warning: Nashorn engine is planned to be removed from a future JDK release
Warning: Nashorn engine is planned to be removed from a future JDK release
Warning: Nashorn engine is planned to be removed from a future JDK release
Warning: Nashorn engine is planned to be removed from a future JDK release
Warning: Nashorn engine is planned to be removed from a future JDK release
Warning: Nashorn engine is planned to be removed from a future JDK release
Warning: Nashorn engine is planned to be removed from a future JDK release
Warning: Nashorn engine is planned to be removed from a future JDK release
Warning: Nashorn engine is planned to be removed from a future JDK release
Warning: Nashorn engine is planned to be removed from a future JDK release
Warning: Nashorn engine is planned to be removed from a future JDK release
Warning: Nashorn engine is planned to be removed from a future JDK release
Warning: Nashorn engine is planned to be removed from a future JDK release
Warning: Nashorn engine is planned to be removed from a future JDK release
Warning: Nashorn engine is planned to be removed from a future JDK release
Warning: Nashorn engine is planned to be removed from a future JDK release
Warning: Nashorn engine is planned to be removed from a future JDK release
Warning: Nashorn engine is planned to be removed from a future JDK release
Warning: Nashorn engine is planned to be removed from a future JDK release
Warning: Nashorn engine is planned to be removed from a future JDK release
Warning: Nashorn engine is planned to be removed from a future JDK release
Warning: Nashorn engine is planned to be removed from a future JDK release
Warning: Nashorn engine is planned to be removed from a future JDK release
Warning: Nashorn engine is planned to be removed from a future JDK release
Warning: Nashorn engine is planned to be removed from a future JDK release
Warning: Nashorn engine is planned to be removed from a future JDK release
Warning: Nashorn engine is planned to be removed from a future JDK release
Warning: Nashorn engine is planned to be removed from a future JDK release
Warning: Nashorn engine is planned to be removed from a future JDK release
Warning: Nashorn engine is planned to be removed from a future JDK release
Warning: Nashorn engine is planned to be removed from a future JDK release
Warning: Nashorn engine is planned to be removed from a future JDK release
Warning: Nashorn engine is planned to be removed from a future JDK release
Warning: Nashorn engine is planned to be removed from a future JDK release
Warning: Nashorn engine is planned to be removed from a future JDK release
Warning: Nashorn engine is planned to be removed from a future JDK release
Warning: Nashorn engine is planned to be removed from a future JDK release
Warning: Nashorn engine is planned to be removed from a future JDK release
Warning: Nashorn engine is planned to be removed from a future JDK release
Warning: Nashorn engine is planned to be removed from a future JDK release
Warning: Nashorn engine is planned to be removed from a future JDK release
Warning: Nashorn engine is planned to be removed from a future JDK release
Warning: Nashorn engine is planned to be removed from a future JDK release
Warning: Nashorn engine is planned to be removed from a future JDK release
Warning: Nashorn engine is planned to be removed from a future JDK release
Warning: Nashorn engine is planned to be removed from a future JDK release
Warning: Nashorn engine is planned to be removed from a future JDK release
Warning: Nashorn engine is planned to be removed from a future JDK release
Warning: Nashorn engine is planned to be removed from a future JDK release
Warning: Nashorn engine is planned to be removed from a future JDK release
Warning: Nashorn engine is planned to be removed from a future JDK release
Warning: Nashorn engine is planned to be removed from a future JDK release
Warning: Nashorn engine is planned to be removed from a future JDK release
Warning: Nashorn engine is planned to be removed from a future JDK release
Warning: Nashorn engine is planned to be removed from a future JDK release
Warning: Nashorn engine is planned to be removed from a future JDK release
Warning: Nashorn engine is planned to be removed from a future JDK release
Warning: Nashorn engine is planned to be removed from a future JDK release
Warning: Nashorn engine is planned to be removed from a future JDK release
Warning: Nashorn engine is planned to be removed from a future JDK release
Warning: Nashorn engine is planned to be removed from a future JDK release
Warning: Nashorn engine is planned to be removed from a future JDK release
Warning: Nashorn engine is planned to be removed from a future JDK release
Warning: Nashorn engine is planned to be removed from a future JDK release
Warning: Nashorn engine is planned to be removed from a future JDK release
Warning: Nashorn engine is planned to be removed from a future JDK release
Warning: Nashorn engine is planned to be removed from a future JDK release
Warning: Nashorn engine is planned to be removed from a future JDK release
Warning: Nashorn engine is planned to be removed from a future JDK release
Warning: Nashorn engine is planned to be removed from a future JDK release
Warning: Nashorn engine is planned to be removed from a future JDK release
Warning: Nashorn engine is planned to be removed from a future JDK release
Warning: Nashorn engine is planned to be removed from a future JDK release
Warning: Nashorn engine is planned to be removed from a future JDK release
Warning: Nashorn engine is planned to be removed from a future JDK release
Warning: Nashorn engine is planned to be removed from a future JDK release
Warning: Nashorn engine is planned to be removed from a future JDK release
Warning: Nashorn engine is planned to be removed from a future JDK release
Warning: Nashorn engine is planned to be removed from a future JDK release
Warning: Nashorn engine is planned to be removed from a future JDK release
Warning: Nashorn engine is planned to be removed from a future JDK release
Warning: Nashorn engine is planned to be removed from a future JDK release
Warning: Nashorn engine is planned to be removed from a future JDK release
Warning: Nashorn engine is planned to be removed from a future JDK release
Warning: Nashorn engine is planned to be removed from a future JDK release
Warning: Nashorn engine is planned to be removed from a future JDK release
Warning: Nashorn engine is planned to be removed from a future JDK release
Warning: Nashorn engine is planned to be removed from a future JDK release
Warning: Nashorn engine is planned to be removed from a future JDK release
Warning: Nashorn engine is planned to be removed from a future JDK release
Warning: Nashorn engine is planned to be removed from a future JDK release
Warning: Nashorn engine is planned to be removed from a future JDK release
Warning: Nashorn engine is planned to be removed from a future JDK release
Warning: Nashorn engine is planned to be removed from a future JDK release
Warning: Nashorn engine is planned to be removed from a future JDK release
Warning: Nashorn engine is planned to be removed from a future JDK release
Warning: Nashorn engine is planned to be removed from a future JDK release
Warning: Nashorn engine is planned to be removed from a future JDK release
Warning: Nashorn engine is planned to be removed from a future JDK release
Warning: Nashorn engine is planned to be removed from a future JDK release
Warning: Nashorn engine is planned to be removed from a future JDK release
Warning: Nashorn engine is planned to be removed from a future JDK release
Warning: Nashorn engine is planned to be removed from a future JDK release
Warning: Nashorn engine is planned to be removed from a future JDK release
Warning: Nashorn engine is planned to be removed from a future JDK release
Warning: Nashorn engine is planned to be removed from a future JDK release
Warning: Nashorn engine is planned to be removed from a future JDK release
Warning: Nashorn engine is planned to be removed from a future JDK release
Warning: Nashorn engine is planned to be removed from a future JDK release
Warning: Nashorn engine is planned to be removed from a future JDK release
Warning: Nashorn engine is planned to be removed from a future JDK release
Warning: Nashorn engine is planned to be removed from a future JDK release
Warning: Nashorn engine is planned to be removed from a future JDK release
Warning: Nashorn engine is planned to be removed from a future JDK release
Warning: Nashorn engine is planned to be removed from a future JDK release
Warning: Nashorn engine is planned to be removed from a future JDK release
Warning: Nashorn engine is planned to be removed from a future JDK release
Warning: Nashorn engine is planned to be removed from a future JDK release
Warning: Nashorn engine is planned to be removed from a future JDK release
Warning: Nashorn engine is planned to be removed from a future JDK release
Warning: Nashorn engine is planned to be removed from a future JDK release
Warning: Nashorn engine is planned to be removed from a future JDK release
Warning: Nashorn engine is planned to be removed from a future JDK release
Warning: Nashorn engine is planned to be removed from a future JDK release
Warning: Nashorn engine is planned to be removed from a future JDK release
Warning: Nashorn engine is planned to be removed from a future JDK release
Warning: Nashorn engine is planned to be removed from a future JDK release
Warning: Nashorn engine is planned to be removed from a future JDK release
Warning: Nashorn engine is planned to be removed from a future JDK release
Warning: Nashorn engine is planned to be removed from a future JDK release
Warning: Nashorn engine is planned to be removed from a future JDK release
Warning: Nashorn engine is planned to be removed from a future JDK release
Warning: Nashorn engine is planned to be removed from a future JDK release
Warning: Nashorn engine is planned to be removed from a future JDK release
Warning: Nashorn engine is planned to be removed from a future JDK release
Warning: Nashorn engine is planned to be removed from a future JDK release
Warning: Nashorn engine is planned to be removed from a future JDK release
Warning: Nashorn engine is planned to be removed from a future JDK release
Warning: Nashorn engine is planned to be removed from a future JDK release
Warning: Nashorn engine is planned to be removed from a future JDK release
Warning: Nashorn engine is planned to be removed from a future JDK release
Warning: Nashorn engine is planned to be removed from a future JDK release
Warning: Nashorn engine is planned to be removed from a future JDK release
Warning: Nashorn engine is planned to be removed from a future JDK release
Warning: Nashorn engine is planned to be removed from a future JDK release
Warning: Nashorn engine is planned to be removed from a future JDK release
Warning: Nashorn engine is planned to be removed from a future JDK release
Warning: Nashorn engine is planned to be removed from a future JDK release
Warning: Nashorn engine is planned to be removed from a future JDK release
Warning: Nashorn engine is planned to be removed from a future JDK release
Warning: Nashorn engine is planned to be removed from a future JDK release
Warning: Nashorn engine is planned to be removed from a future JDK release
Warning: Nashorn engine is planned to be removed from a future JDK release
Warning: Nashorn engine is planned to be removed from a future JDK release
Warning: Nashorn engine is planned to be removed from a future JDK release
Warning: Nashorn engine is planned to be removed from a future JDK release
Warning: Nashorn engine is planned to be removed from a future JDK release
Warning: Nashorn engine is planned to be removed from a future JDK release
Warning: Nashorn engine is planned to be removed from a future JDK release
Warning: Nashorn engine is planned to be removed from a future JDK release
Warning: Nashorn engine is planned to be removed from a future JDK release
Warning: Nashorn engine is planned to be removed from a future JDK release
Warning: Nashorn engine is planned to be removed from a future JDK release
Warning: Nashorn engine is planned to be removed from a future JDK release
Warning: Nashorn engine is planned to be removed from a future JDK release
Warning: Nashorn engine is planned to be removed from a future JDK release
Warning: Nashorn engine is planned to be removed from a future JDK release
Warning: Nashorn engine is planned to be removed from a future JDK release
Warning: Nashorn engine is planned to be removed from a future JDK release
Warning: Nashorn engine is planned to be removed from a future JDK release
Warning: Nashorn engine is planned to be removed from a future JDK release
Warning: Nashorn engine is planned to be removed from a future JDK release
Warning: Nashorn engine is planned to be removed from a future JDK release
Warning: Nashorn engine is planned to be removed from a future JDK release
Warning: Nashorn engine is planned to be removed from a future JDK release
Warning: Nashorn engine is planned to be removed from a future JDK release
Warning: Nashorn engine is planned to be removed from a future JDK release
Warning: Nashorn engine is planned to be removed from a future JDK release
Warning: Nashorn engine is planned to be removed from a future JDK release
Warning: Nashorn engine is planned to be removed from a future JDK release
Warning: Nashorn engine is planned to be removed from a future JDK release
Warning: Nashorn engine is planned to be removed from a future JDK release
Warning: Nashorn engine is planned to be removed from a future JDK release
Warning: Nashorn engine is planned to be removed from a future JDK release
Warning: Nashorn engine is planned to be removed from a future JDK release
Warning: Nashorn engine is planned to be removed from a future JDK release
Warning: Nashorn engine is planned to be removed from a future JDK release
Warning: Nashorn engine is planned to be removed from a future JDK release
Warning: Nashorn engine is planned to be removed from a future JDK release
Warning: Nashorn engine is planned to be removed from a future JDK release
Warning: Nashorn engine is planned to be removed from a future JDK release
Warning: Nashorn engine is planned to be removed from a future JDK release
Warning: Nashorn engine is planned to be removed from a future JDK release
Warning: Nashorn engine is planned to be removed from a future JDK release
Warning: Nashorn engine is planned to be removed from a future JDK release
Warning: Nashorn engine is planned to be removed from a future JDK release
Warning: Nashorn engine is planned to be removed from a future JDK release
Warning: Nashorn engine is planned to be removed from a future JDK release
Warning: Nashorn engine is planned to be removed from a future JDK release
Warning: Nashorn engine is planned to be removed from a future JDK release
Warning: Nashorn engine is planned to be removed from a future JDK release
Warning: Nashorn engine is planned to be removed from a future JDK release
Warning: Nashorn engine is planned to be removed from a future JDK release
Warning: Nashorn engine is planned to be removed from a future JDK release
Warning: Nashorn engine is planned to be removed from a future JDK release
Warning: Nashorn engine is planned to be removed from a future JDK release
Warning: Nashorn engine is planned to be removed from a future JDK release
Warning: Nashorn engine is planned to be removed from a future JDK release
Warning: Nashorn engine is planned to be removed from a future JDK release
Warning: Nashorn engine is planned to be removed from a future JDK release
Warning: Nashorn engine is planned to be removed from a future JDK release
Warning: Nashorn engine is planned to be removed from a future JDK release
Warning: Nashorn engine is planned to be removed from a future JDK release
Warning: Nashorn engine is planned to be removed from a future JDK release
Warning: Nashorn engine is planned to be removed from a future JDK release
Warning: Nashorn engine is planned to be removed from a future JDK release
Warning: Nashorn engine is planned to be removed from a future JDK release
Warning: Nashorn engine is planned to be removed from a future JDK release
Warning: Nashorn engine is planned to be removed from a future JDK release
Warning: Nashorn engine is planned to be removed from a future JDK release
Warning: Nashorn engine is planned to be removed from a future JDK release
Warning: Nashorn engine is planned to be removed from a future JDK release
Warning: Nashorn engine is planned to be removed from a future JDK release
Warning: Nashorn engine is planned to be removed from a future JDK release
Warning: Nashorn engine is planned to be removed from a future JDK release
Warning: Nashorn engine is planned to be removed from a future JDK release
Warning: Nashorn engine is planned to be removed from a future JDK release
Warning: Nashorn engine is planned to be removed from a future JDK release
Warning: Nashorn engine is planned to be removed from a future JDK release
Warning: Nashorn engine is planned to be removed from a future JDK release
Warning: Nashorn engine is planned to be removed from a future JDK release
Warning: Nashorn engine is planned to be removed from a future JDK release
Warning: Nashorn engine is planned to be removed from a future JDK release
Warning: Nashorn engine is planned to be removed from a future JDK release
Warning: Nashorn engine is planned to be removed from a future JDK release
Warning: Nashorn engine is planned to be removed from a future JDK release
Warning: Nashorn engine is planned to be removed from a future JDK release
Warning: Nashorn engine is planned to be removed from a future JDK release
Warning: Nashorn engine is planned to be removed from a future JDK release
Warning: Nashorn engine is planned to be removed from a future JDK release
Warning: Nashorn engine is planned to be removed from a future JDK release
Warning: Nashorn engine is planned to be removed from a future JDK release
Warning: Nashorn engine is planned to be removed from a future JDK release
Warning: Nashorn engine is planned to be removed from a future JDK release
Warning: Nashorn engine is planned to be removed from a future JDK release
Warning: Nashorn engine is planned to be removed from a future JDK release
Warning: Nashorn engine is planned to be removed from a future JDK release
Warning: Nashorn engine is planned to be removed from a future JDK release
Warning: Nashorn engine is planned to be removed from a future JDK release
Warning: Nashorn engine is planned to be removed from a future JDK release
Warning: Nashorn engine is planned to be removed from a future JDK release
Warning: Nashorn engine is planned to be removed from a future JDK release
Warning: Nashorn engine is planned to be removed from a future JDK release
Warning: Nashorn engine is planned to be removed from a future JDK release
Warning: Nashorn engine is planned to be removed from a future JDK release
Warning: Nashorn engine is planned to be removed from a future JDK release
Warning: Nashorn engine is planned to be removed from a future JDK release
Warning: Nashorn engine is planned to be removed from a future JDK release
Warning: Nashorn engine is planned to be removed from a future JDK release
Warning: Nashorn engine is planned to be removed from a future JDK release
Warning: Nashorn engine is planned to be removed from a future JDK release
Warning: Nashorn engine is planned to be removed from a future JDK release
Warning: Nashorn engine is planned to be removed from a future JDK release
Warning: Nashorn engine is planned to be removed from a future JDK release
Warning: Nashorn engine is planned to be removed from a future JDK release
Warning: Nashorn engine is planned to be removed from a future JDK release
Warning: Nashorn engine is planned to be removed from a future JDK release
Warning: Nashorn engine is planned to be removed from a future JDK release
Warning: Nashorn engine is planned to be removed from a future JDK release
Warning: Nashorn engine is planned to be removed from a future JDK release
Warning: Nashorn engine is planned to be removed from a future JDK release
Warning: Nashorn engine is planned to be removed from a future JDK release
Warning: Nashorn engine is planned to be removed from a future JDK release
Warning: Nashorn engine is planned to be removed from a future JDK release
Warning: Nashorn engine is planned to be removed from a future JDK release
Warning: Nashorn engine is planned to be removed from a future JDK release
Warning: Nashorn engine is planned to be removed from a future JDK release
Warning: Nashorn engine is planned to be removed from a future JDK release
Warning: Nashorn engine is planned to be removed from a future JDK release
Warning: Nashorn engine is planned to be removed from a future JDK release
Warning: Nashorn engine is planned to be removed from a future JDK release
Warning: Nashorn engine is planned to be removed from a future JDK release
Warning: Nashorn engine is planned to be removed from a future JDK release
Warning: Nashorn engine is planned to be removed from a future JDK release
Warning: Nashorn engine is planned to be removed from a future JDK release
Warning: Nashorn engine is planned to be removed from a future JDK release
Warning: Nashorn engine is planned to be removed from a future JDK release
Warning: Nashorn engine is planned to be removed from a future JDK release
Warning: Nashorn engine is planned to be removed from a future JDK release
Warning: Nashorn engine is planned to be removed from a future JDK release
Warning: Nashorn engine is planned to be removed from a future JDK release
Warning: Nashorn engine is planned to be removed from a future JDK release
]]></system-err>
</testsuite>
