<?xml version="1.0" encoding="UTF-8" ?>
<testsuite errors="0" failures="0" hostname="travis-job-2536e4b8-15c9-43cc-82f1-d5a7b672f6e1" name="ptolemy.actor.lib.test.junit.JUnitTclTest" skipped="0" tests="517" time="58.755" timestamp="2019-01-21T03:16:13">
  <properties>
    <property name="npm.executable" value="npm" />
    <property name="file.encoding.pkg" value="sun.io" />
    <property name="env.TRAVIS_ROOT" value="/" />
    <property name="ptII.mk.exists" value="true" />
    <property name="env.TRAVIS_APP_HOST" value="build.travis-ci.org" />
    <property name="env.rvm_bin_path" value="/home/travis/.rvm/bin" />
    <property name="java.home" value="/usr/lib/jvm/java-8-oracle/jre" />
    <property name="env.TRAVIS_JOB_NUMBER" value="954.8" />
    <property name="env.TRAVIS_HOME" value="/home/travis" />
    <property name="env.DISPLAY" value=":99.0" />
    <property name="java.net.preferIPv4Stack" value="true" />
    <property name="env.TRAVIS_INIT" value="upstart" />
    <property name="env.SSH_TTY" value="/dev/pts/0" />
    <property name="env.RUN_TESTS" value="false" />
    <property name="timeout.short" value="1000000" />
    <property name="env.TRAVIS_JOB_NAME" value="" />
    <property name="env.TRAVIS_STACK_NODE_ATTRIBUTES" value="/.node-attributes.yml" />
    <property name="junit.formatter" value="xml" />
    <property name="java.endorsed.dirs" value="/usr/lib/jvm/java-8-oracle/jre/lib/endorsed" />
    <property name="env.TRAVIS_SUDO" value="true" />
    <property name="env.LOGNAME" value="travis" />
    <property name="env.PT_TRAVIS_TEST_CORE1_XML" value="true" />
    <property name="jsdoc.home" value="node_modules/@terraswarm/jsdoc" />
    <property name="debuglevel" value="source,lines,vars" />
    <property name="checkstyle.formatter" value="xml" />
    <property name="bin.vergil.makeable" value="true" />
    <property name="env._system_version" value="14.04" />
    <property name="sun.os.patch.level" value="unknown" />
    <property name="java.vendor.url" value="http://java.oracle.com/" />
    <property name="env.TRAVIS_BUILD_WEB_URL" value="https://travis-ci.org/icyphy/ptII/builds/482229341" />
    <property name="java.version" value="1.8.0_151" />
    <property name="env.TZ" value="UTC" />
    <property name="env.PT_NO_NET" value="true" />
    <property name="env.TRAVIS_PULL_REQUEST_SHA" value="" />
    <property name="env.TRAVIS_SECURE_ENV_VARS" value="true" />
    <property name="env._system_type" value="Linux" />
    <property name="java.vendor.url.bug" value="http://bugreport.sun.com/bugreport/" />
    <property name="env.SSH_CLIENT" value="10.10.19.220 60672 22" />
    <property name="npmjs-org-is-up" value="true" />
    <property name="env.GEM_HOME" value="/home/travis/.rvm/gems/ruby-2.4.1" />
    <property name="env.HAS_ANTARES_THREE_LITTLE_FRONZIES_BADGE" value="true" />
    <property name="env.PS4" value="+" />
    <property name="ant.project.invoked-targets" value="build,test.core1.xml" />
    <property name="env.TRAVIS_PULL_REQUEST_BRANCH" value="" />
    <property name="env.TRAVIS_REPO_SLUG" value="icyphy/ptII" />
    <property name="env.TRAVIS_APT_PROXY" value="http://build-cache.travisci.net" />
    <property name="node.in.path" value="true" />
    <property name="java.maxmemory" value="1400m" />
    <property name="env.RUBY_VERSION" value="ruby-2.4.1" />
    <property name="user.name" value="travis" />
    <property name="env.LANG" value="en_US.UTF-8" />
    <property name="sun.io.unicode.encoding" value="UnicodeLittle" />
    <property name="sun.jnu.encoding" value="UTF-8" />
    <property name="java.runtime.name" value="Java(TM) SE Runtime Environment" />
    <property name="usefile" value="false" />
    <property name="return.code" value="0" />
    <property name="junit.single.formatter" value="plain" />
    <property name="env.DYLD_LIBRARY_PATH" value="/home/travis/pthla/certi-tools/lib:" />
    <property name="env.DEBIAN_FRONTEND" value="noninteractive" />
    <property name="env.SSH_CONNECTION" value="10.10.19.220 60672 10.20.0.124 22" />
    <property name="env.MYSQL_UNIX_PORT" value="/var/run/mysqld/mysqld.sock" />
    <property name="env.TRAVIS_ALLOW_FAILURE" value="false" />
    <property name="env.LC_ALL" value="en_US.UTF-8" />
    <property name="env.TRAVIS_JOB_WEB_URL" value="https://travis-ci.org/icyphy/ptII/jobs/482229351" />
    <property name="java.specification.name" value="Java Platform API Specification" />
    <property name="node.works" value="true" />
    <property name="user.timezone" value="" />
    <property name="path.separator" value=":" />
    <property name="env.TRAVIS_ENABLE_INFRA_DETECTION" value="true" />
    <property name="env.PYTHON_CFLAGS" value="-g -fstack-protector --param=ssp-buffer-size=4 -Wformat -Werror=format-security" />
    <property name="timeout.long" value="4000000" />
    <property name="env.CERTI_HOME" value="/home/travis/pthla/certi-tools" />
    <property name="file.encoding" value="UTF-8" />
    <property name="ant.file.ptII" value="/home/travis/build/icyphy/ptII/build.xml" />
    <property name="javadoc.packagenames" value="com.*,diva.*,lbnl.*,org.hlacerti.*,org.json.*,org.ptolemy.*,org.terraswarm.*,ptolemy.*,ptserver.*" />
    <property name="env.TRAVIS_PULL_REQUEST_SLUG" value="" />
    <property name="ant.project.default-target" value="build" />
    <property name="env.GIT_ASKPASS" value="echo" />
    <property name="env.HOME" value="/home/travis" />
    <property name="sun.java.command" value="org.apache.tools.ant.taskdefs.optional.junit.JUnitTestRunner ptolemy.actor.lib.test.junit.JUnitTclTest skipNonTests=false filtertrace=true haltOnError=false haltOnFailure=false formatter=org.apache.tools.ant.taskdefs.optional.junit.OutErrSummaryJUnitResultFormatter showoutput=true outputtoformatters=true logfailedtests=true threadid=0 logtestlistenerevents=false formatter=org.apache.tools.ant.taskdefs.optional.junit.XMLJUnitResultFormatter,/home/travis/build/icyphy/ptII/reports/junit/TEST-ptolemy.actor.lib.test.junit.JUnitTclTest.xml crashfile=/home/travis/build/icyphy/ptII/junitvmwatcher4210122246262073136.properties propsfile=/home/travis/build/icyphy/ptII/junit8701713313160525780.properties" />
    <property name="env.MANPATH" value="/home/travis/.nvm/versions/node/v7.10.1/share/man:/home/travis/.kiex/elixirs/elixir-1.4.5/man:/home/travis/.rvm/rubies/ruby-2.4.1/share/man:/usr/local/man:/usr/local/cmake-3.9.2/man:/usr/local/clang-5.0.0/share/man:/usr/local/share/man:/usr/share/man:/home/travis/.rvm/man" />
    <property name="env.COMPOSER_NO_INTERACTION" value="1" />
    <property name="env.JDK_SWITCHER_DEFAULT" value="oraclejdk8" />
    <property name="env.TRAVIS_TIMER_ID" value="00c684e4" />
    <property name="ant.file" value="/home/travis/build/icyphy/ptII/build.xml" />
    <property name="env.TRAVIS_COMMIT_RANGE" value="76e3b4bc79fa7f7844d113ab53c7a8526991847f...20579158079a0d7baaa0fb168b12aab691a76d00" />
    <property name="env._system_name" value="Ubuntu" />
    <property name="timeout" value="2400000" />
    <property name="ptII.classpath.optional.property" value="/home/travis/build/icyphy/ptII/lib/bsh-2.0b4.jar:/home/travis/build/icyphy/ptII/lib/ptCal.jar:/home/travis/build/icyphy/ptII/lib/java_cup.jar:/home/travis/build/icyphy/ptII/lib/saxon8.jar:/home/travis/build/icyphy/ptII/lib/saxon8-dom.jar:/home/travis/build/icyphy/ptII/lib/chic.jar:/home/travis/build/icyphy/ptII/lib/ptcolt.jar:/usr/lib/jvm/java-8-oracle/lib/tools.jar:/usr/lib/eclipse/plugins/org.eclipse.jdt.core_3.8.2.dist.jar:/usr/lib/eclipse/plugins/org.eclipse.core.runtime_3.8.0.dist.jar:/usr/lib/eclipse/plugins/org.eclipse.osgi_3.8.1.dist.jar:/usr/lib/eclipse/plugins/org.eclipse.core.resources_3.8.1.dist.jar:/usr/lib/eclipse/plugins/org.eclipse.equinox.common_3.6.100.dist.jar:/usr/lib/eclipse/plugins/org.eclipse.core.jobs_3.5.200.dist.jar:/usr/lib/eclipse/plugins/org.eclipse.core.contenttype_3.4.200.dist.jar:/usr/lib/eclipse/plugins/org.eclipse.equinox.preferences_3.5.0.dist.jar:/usr/lib/eclipse/plugins/org.eclipse.text_3.5.200.dist.jar:/usr/lib/eclipse/plugins/org.eclipse.ui.workbench_3.8.1.dist.jar:/usr/lib/eclipse/plugins/org.eclipse.jface_3.8.0.dist.jar:/usr/lib/eclipse/plugins/org.eclipse.swt_3.8.2.jar:/usr/lib/eclipse/plugins/org.eclipse.jface.text_3.8.1.dist.jar:/usr/lib/eclipse/plugins/org.eclipse.ui.workbench.texteditor_3.8.0.dist.jar:/usr/lib/eclipse/plugins/org.eclipse.ui.editors_3.8.0.dist.jar:/usr/lib/eclipse/plugins/org.eclipse.core.commands_3.6.1.dist.jar:/usr/lib/eclipse/plugins/org.eclipse.equinox.registry_3.5.200.dist.jar:/usr/lib/eclipse/plugins/org.eclipse.ui.console_3.5.100.dist.jar:/usr/lib/eclipse/plugins/org.eclipse.ui.forms_3.5.200.dist.jar:/usr/lib/eclipse/plugins/org.eclipse.ui.ide_3.8.1.dist.jar:/home/travis/build/icyphy/ptII/vendors/oracle/dbxml.jar:/home/travis/build/icyphy/ptII/vendors/oracle/db.jar:/home/travis/build/icyphy/ptII/vendors/misc/itext/iText.jar:/home/travis/build/icyphy/ptII/lib/g4ltl.jar:/home/travis/build/icyphy/ptII/lib/StructuralCoder.jar:/home/travis/build/icyphy/ptII/lib/org-openide-util.jar:/home/travis/build/icyphy/ptII/lib/org-openide-util-lookup.jar:/home/travis/build/icyphy/ptII/lib/org-netbeans-api-visual.jar:/home/travis/build/icyphy/ptII/vendors/jai-1_1_2_01/lib/jai_core.jar:/home/travis/build/icyphy/ptII/vendors/jai-1_1_2_01/lib/jai_codec.jar:/home/travis/build/icyphy/ptII/lib/jcerti.jar:/home/travis/build/icyphy/ptII/lib/smack.jar:/home/travis/build/icyphy/ptII/lib/smackx.jar:/home/travis/build/icyphy/ptII/lib/jetty-all-8.1.5-v20120716.jar:/home/travis/build/icyphy/ptII/lib/javax.servlet-api-3.0.1.jar:/home/travis/build/icyphy/ptII/lib/javax.mail.jar:/home/travis/build/icyphy/ptII/vendors/JMF-2.1.1e/lib/jmf.jar:/home/travis/build/icyphy/ptII/lib/jna-4.0.0-variadic.jar:/home/travis/build/icyphy/ptII/vendors/misc/joystick/Joystick.jar:/home/travis/build/icyphy/ptII/lib/ptjacl.jar:/home/travis/build/icyphy/ptII/lib/jsoup-1.8.2.jar:/home/travis/build/icyphy/ptII/lib/junit-4.8.2.jar:/home/travis/build/icyphy/ptII/lib/JUnitParams-0.4.0.jar:/home/travis/build/icyphy/ptII/ptolemy/actor/lib/excel/jxl.jar:/home/travis/build/icyphy/ptII/lib/jython.jar:/home/travis/build/icyphy/ptII/lib/kieler.jar:/home/travis/build/icyphy/ptII/vendors/opencv/share/OpenCV/java/opencv-341.jar:/home/travis/build/icyphy/ptII/lib/oscP5.jar:/home/travis/build/icyphy/ptII/lib/nrjavaserial-3.11.0.devel.jar:/home/travis/build/icyphy/ptII/vendors/j3d/lib/j3dcore.jar:/home/travis/build/icyphy/ptII/vendors/j3d/lib/j3dutils.jar:/home/travis/build/icyphy/ptII/vendors/j3d/lib/vecmath.jar:/home/travis/build/icyphy/ptII/ptolemy/distributed/jini/jar/jini-core.jar:/home/travis/build/icyphy/ptII/ptolemy/distributed/jini/jar/jini-ext.jar:/home/travis/build/icyphy/ptII/ptolemy/distributed/jini/jar/sun-util.jar:/home/travis/build/icyphy/ptII/lib/protobuf-java-2.4.1.jar:/home/travis/build/icyphy/ptII/lib/org.eclipse.paho.client.mqttv3.jar:/home/travis/build/icyphy/ptII/ptserver/lib/hessian-4.0.7.jar:/home/travis/build/icyphy/ptII/ptserver/lib/wmqtt.jar:/home/travis/build/icyphy/ptII/lib/mapss.jar:/home/travis/build/icyphy/ptII/ptolemy/actor/ptalon/antlr/antlr.jar:/home/travis/build/icyphy/ptII/lib/JRI.jar:/home/travis/build/icyphy/ptII/lib/commons-lang-2.6.jar:/home/travis/build/icyphy/ptII/lib/commons-logging-1.1.1.jar:/home/travis/build/icyphy/ptII/lib/sootclasses.jar:/home/travis/build/icyphy/ptII/ptolemy/actor/lib/database/mysql-connector-java-5.1.6-bin.jar:/home/travis/build/icyphy/ptII/vendors/misc/sphinx4/sphinx4-data-5prealpha.jar:/home/travis/build/icyphy/ptII/vendors/misc/sphinx4/sphinx4-core-5prealpha.jar:/home/travis/build/icyphy/ptII/lib/PDFRenderer.jar:/home/travis/build/icyphy/ptII/lib/svgSalamander.jar:/home/travis/build/icyphy/ptII/lib/rsyntaxtextarea-2.6.0-SNAPSHOT.jar:/home/travis/build/icyphy/ptII/lib/hazelcast-3.8.2.jar:/home/travis/build/icyphy/ptII/lib/jackson-annotations-2.9.0.jar:/home/travis/build/icyphy/ptII/lib/jackson-core-2.9.3.jar:/home/travis/build/icyphy/ptII/lib/jackson-databind-2.9.3.jar:/home/travis/build/icyphy/ptII/lib/netty-buffer-4.1.19.Final.jar:/home/travis/build/icyphy/ptII/lib/netty-codec-4.1.19.Final.jar:/home/travis/build/icyphy/ptII/lib/netty-codec-dns-4.1.19.Final.jar:/home/travis/build/icyphy/ptII/lib/netty-codec-http-4.1.19.Final.jar:/home/travis/build/icyphy/ptII/lib/netty-codec-http2-4.1.19.Final.jar:/home/travis/build/icyphy/ptII/lib/netty-common-4.1.19.Final.jar:/home/travis/build/icyphy/ptII/lib/netty-handler-4.1.19.Final.jar:/home/travis/build/icyphy/ptII/lib/netty-resolver-4.1.19.Final.jar:/home/travis/build/icyphy/ptII/lib/netty-resolver-dns-4.1.19.Final.jar:/home/travis/build/icyphy/ptII/lib/netty-transport-4.1.19.Final.jar:/home/travis/build/icyphy/ptII/lib/vertx-codegen-3.5.1.jar:/home/travis/build/icyphy/ptII/lib/vertx-core-3.5.2-SNAPSHOT.jar:/home/travis/build/icyphy/ptII/lib/vertx-hazelcast-3.5.1.jar:/home/travis/build/icyphy/ptII/lib/vertx-lang-js-3.5.1.jar:/home/travis/build/icyphy/ptII/lib/vertx-service-proxy-3.5.1.jar:/home/travis/build/icyphy/ptII/lib/vertx-web-3.5.1.jar:/home/travis/build/icyphy/ptII/lib/slf4j-api-1.7.13.jar:/home/travis/build/icyphy/ptII/lib/slf4j-simple-1.7.13.jar:/home/travis/build/icyphy/ptII/lib/webcam-capture-0.3.12.jar:/home/travis/build/icyphy/ptII/lib/bridj-0.7.0.jar:/home/travis/build/icyphy/ptII/lib/xbjlib-1.1.0.nrjavaserial.jar" />
    <property name="test.batch" value="**/junit/*.java" />
    <property name="env._" value="/usr/bin/timeout" />
    <property name="java.io.tmpdir" value="/tmp" />
    <property name="env.TRAVIS_INTERNAL_RUBY_REGEX" value="^ruby-(2\.[0-4]\.[0-9]|1\.9\.3)" />
    <property name="user.language" value="en" />
    <property name="env.HISTCONTROL" value="ignoredups:ignorespace" />
    <property name="env.GOROOT" value="/home/travis/.gimme/versions/go1.7.4.linux.amd64" />
    <property name="line.separator" value="&#xa;" />
    <property name="target" value="1.8" />
    <property name="env.TRAVIS_BUILD_DIR" value="/home/travis/build/icyphy/ptII" />
    <property name="env.ANT_OPTS" value="-Xmx2048m" />
    <property name="ant.file.type" value="file" />
    <property name="ptolemy.ptII.batchMode" value="true" />
    <property name="env.HISTSIZE" value="1000" />
    <property name="env.MERB_ENV" value="test" />
    <property name="java.vm.info" value="mixed mode" />
    <property name="source" value="1.8" />
    <property name="java.vm.specification.name" value="Java Virtual Machine Specification" />
    <property name="env.TRAVIS_TEST_RESULT" value="0" />
    <property name="jsdoc.command" value="node_modules/@terraswarm/jsdoc/jsdoc.js" />
    <property name="npm.works" value="true" />
    <property name="cobertura.dir" value="/home/travis/build/icyphy/ptII/vendors/cobertura-2.0.3" />
    <property name="env.rvm_path" value="/home/travis/.rvm" />
    <property name="env.GEM_PATH" value="/home/travis/.rvm/gems/ruby-2.4.1:/home/travis/.rvm/gems/ruby-2.4.1@global" />
    <property name="env.LC_CTYPE" value="en_US.UTF-8" />
    <property name="java.awt.printerjob" value="sun.print.PSPrinterJob" />
    <property name="env.TRAVIS_CMD" value="$PTII/bin/ptIITravisBuild.sh $SECONDS" />
    <property name="env.TRAVIS_STACK_NAME" value="garnet" />
    <property name="env.TRAVIS_TIMER_START_TIME" value="1548040208486006465" />
    <property name="ant.version" value="Apache Ant(TM) version 1.10.1 compiled on February 2 2017" />
    <property name="ptII.reports" value="/home/travis/build/icyphy/ptII/reports" />
    <property name="env.TRAVIS_STACK_TIMESTAMP" value="2017-12-05 19:33:09 UTC" />
    <property name="ant.file.type.ptII" value="file" />
    <property name="env.RBENV_SHELL" value="bash" />
    <property name="os.name" value="Linux" />
    <property name="java.specification.vendor" value="Oracle Corporation" />
    <property name="env.rvm_version" value="1.29.3 (latest)" />
    <property name="env.TRAVIS_INFRA" value="gce" />
    <property name="env.TERM" value="xterm" />
    <property name="java.vm.name" value="Java HotSpot(TM) 64-Bit Server VM" />
    <property name="env.TRAVIS_BUILD_NUMBER" value="954" />
    <property name="env.CI" value="true" />
    <property name="java.library.path" value="/home/travis/pthla/certi-tools/lib:/usr/lib/jni:/usr/local/share/OpenCV/java/:/usr/share/OpenCV/java::/usr/java/packages/lib/amd64:/usr/lib64:/lib64:/lib:/usr/lib" />
    <property name="env.rvm_prefix" value="/home/travis" />
    <property name="env.PATH" value="/home/travis/pthla/certi-tools/share/scripts:/home/travis/.rvm/gems/ruby-2.4.1/bin:/home/travis/.rvm/gems/ruby-2.4.1@global/bin:/home/travis/.rvm/rubies/ruby-2.4.1/bin:/home/travis/.rvm/bin:/home/travis/.nvm/versions/node/v7.10.1/bin:./node_modules/.bin:/home/travis/build/icyphy/ptII/bin:/home/travis/pthla/certi-tools/bin:/home/travis/bin:/home/travis/.local/bin:/opt/pyenv/shims:/home/travis/.phpenv/shims:/home/travis/perl5/perlbrew/bin:/home/travis/.kiex/elixirs/elixir-1.4.5/bin:/home/travis/.kiex/bin:/home/travis/gopath/bin:/home/travis/.gimme/versions/go1.7.4.linux.amd64/bin:/usr/local/phantomjs/bin:/usr/local/phantomjs:/usr/local/neo4j-3.2.7/bin:/usr/local/maven-3.5.2/bin:/usr/local/cmake-3.9.2/bin:/usr/local/clang-5.0.0/bin:/usr/local/sbin:/usr/local/bin:/usr/sbin:/usr/bin:/sbin:/bin:/home/travis/.phpenv/bin:/opt/pyenv/bin:/home/travis/.yarn/bin" />
    <property name="env.TRAVIS_OS_NAME" value="linux" />
    <property name="ant.java.version" value="1.8" />
    <property name="basedir" value="/home/travis/build/icyphy/ptII" />
    <property name="java.class.version" value="52.0" />
    <property name="env.SHLVL" value="3" />
    <property name="env.LD_LIBRARY_PATH" value="/home/travis/pthla/certi-tools/lib:/usr/lib/jni:/usr/local/share/OpenCV/java/:/usr/share/OpenCV/java:" />
    <property name="env.RACK_ENV" value="test" />
    <property name="ant.home" value="/home/travis/build/icyphy/ptII/ant" />
    <property name="env.PERLBREW_BASHRC_VERSION" value="0.80" />
    <property name="env.NVM_DIR" value="/home/travis/.nvm" />
    <property name="env.TRAVIS_BUILD_ID" value="482229341" />
    <property name="env.CERTI_FOM_PATH" value="/home/travis/pthla/certi-tools/share/federations" />
    <property name="env.PYENV_ROOT" value="/opt/pyenv" />
    <property name="env.TRAVIS_UID" value="2000" />
    <property name="env.rvm_pretty_print_flag" value="auto" />
    <property name="env.NVM_BIN" value="/home/travis/.nvm/versions/node/v7.10.1/bin" />
    <property name="env.TRAVIS_COMMIT" value="20579158079a0d7baaa0fb168b12aab691a76d00" />
    <property name="env._system_arch" value="x86_64" />
    <property name="node.executable" value="node" />
    <property name="sun.boot.library.path" value="/usr/lib/jvm/java-8-oracle/jre/lib/amd64" />
    <property name="sun.management.compiler" value="HotSpot 64-Bit Tiered Compilers" />
    <property name="env.GOPATH" value="/home/travis/gopath" />
    <property name="java.awt.graphicsenv" value="sun.awt.X11GraphicsEnvironment" />
    <property name="ptolemy.ptII.dir" value="/home/travis/build/icyphy/ptII" />
    <property name="env.USER" value="travis" />
    <property name="env.HISTFILESIZE" value="2000" />
    <property name="timeout.longest" value="19000000" />
    <property name="env.TRAVIS_STACK_FEATURES" value="basic cassandra chromium couchdb disabled-ipv6 docker docker-compose elasticsearch firefox go-toolchain google-chrome jdk memcached mongodb mysql neo4j nodejs_interpreter perl_interpreter perlbrew phantomjs postgresql python_interpreter rabbitmq redis riak ruby_interpreter sqlite xserver" />
    <property name="env.TRAVIS_PULL_REQUEST" value="false" />
    <property name="env.PYENV_SHELL" value="bash" />
    <property name="ant.project.name" value="ptII" />
    <property name="java.vm.specification.version" value="1.8" />
    <property name="env.ANSI_RESET" value="\033[0m" />
    <property name="env.TRAVIS_DIST" value="trusty" />
    <property name="env.CERTI_VERSION" value="4.0.0" />
    <property name="env.NLSPATH" value="/usr/dt/lib/nls/msg/%L/%N.cat" />
    <property name="awt.toolkit" value="sun.awt.X11.XToolkit" />
    <property name="env.CERTI_HOST" value="localhost" />
    <property name="env.MY_RUBY_HOME" value="/home/travis/.rvm/rubies/ruby-2.4.1" />
    <property name="sun.cpu.isalist" value="" />
    <property name="env.TRAVIS_TMPDIR" value="/tmp/tmp.XOy65ETHX3" />
    <property name="java.ext.dirs" value="/usr/lib/jvm/java-8-oracle/jre/lib/ext:/usr/java/packages/lib/ext" />
    <property name="os.version" value="4.4.0-101-generic" />
    <property name="user.home" value="/home/travis" />
    <property name="env.MIX_ARCHIVES" value="/home/travis/.kiex/mix/elixir-1.4.5" />
    <property name="java.vm.vendor" value="Oracle Corporation" />
    <property name="env.TRAVIS_TAG" value="nightly" />
    <property name="env.ANSI_YELLOW" value="\033[33;1m" />
    <property name="env.TRAVIS_FILTERED" value="redirect_io" />
    <property name="env.ANSI_GREEN" value="\033[32;1m" />
    <property name="env.JAVA_HOME" value="/usr/lib/jvm/java-8-oracle" />
    <property name="env.PTII" value="/home/travis/build/icyphy/ptII" />
    <property name="javadoc.excludepackagenames" value="adm.cvs2svn.*,build.*,config.*,doc.coding.templates.*,jni.test.jni.meaningOfLife.*,jni.test.jni.testDeux.*,jni.test.jni.testTrois.*,org.terraswarm.accessor.accessors.web.node_modules.*,org.terraswarm.accessor.accessors.web.hosts.cordova.demo.*,org.terraswarm.accessor.accessors.web.hosts.cordova.plugins.*,org.terraswarm.accessor.accessors-svn.*,pt-modules.*,ptolemy.apps.agilent.*,ptolemy.apps.anytimecontrol.*,ptolemy.apps.apes.*,ptolemy.apps.charon.*,ptolemy.apps.crazyboard.*,ptolemy.apps.eclipse.*,ptolemy.apps.etherealSting.*,ptolemy.apps.fullscreen.*,ptolemy.apps.giotto.*,ptolemy.apps.ia.*,ptolemy.apps.interfaces.*,ptolemy.apps.jmf.*,ptolemy.apps.kurt.*,ptolemy.apps.kvm.*,ptolemy.apps.lego.*,ptolemy.apps.lejos.*,ptolemy.apps.midp.*,ptolemy.apps.mobileCoding.*,ptolemy.apps.pendulum.*,ptolemy.apps.rijndael.*,ptolemy.apps.robot.*,ptolemy.apps.security.*,ptolemy.apps.sobel.*,ptolemy.apps.soot.*,ptolemy.apps.throttle.*,ptolemy.apps.tini.*,ptolemy.apps.transmission.*,ptolemy.apps.vergil.*,ptolemy.apps.waba.*,ptolemy.apps.websensor.*,ptolemy.apps.webstart.*,ptolemy.apps.xsl.*,ptolemy.apps.zaurus.*,ptolemy.backtrack.eclipse.plugin.*,ptolemy.backtrack.test.*,ptolemy.codegen.c.actor.lib.oldJavaFiles.*,ptolemy.codegen.dsp.lib.*,ptolemy.codegen.kernel.newInterfaces.*,ptolemy.codegen.lib.*,ptolemy.copernicus.kernel.fragment.*,ptolemy.copernicus.shallow.cg.*,ptolemy.domains.giotto.demo.Hierarchy.Hierarchy.*,ptolemy.domains.giotto.demo.Multimode.Multimode.*,ptolemy.domains.giotto.demo.Simple.Simple.*,ptolemy.domains.gr.lib.experimental.*,ptolemy.domains.gro.*,ptolemy.domains.pdf.*,ptolemy.domains.ptinyos.demo.Surge.output.*,ptolemy.moml.test.NoPackageActor.java*,ptolemy.plot.adm.*,ptolemy.plot.servlet.*,reports.*,signed.*,src.*,target.*,vendors.*,ptolemy.cg.adapter.generic.program.procedural.c.mbed*,ptolemy.actor.lib.fmi.fmus.omc*,ptolemy.domains.openmodelica*,ptdb.kernel.bl.save.test.*,ptdb.kernel.bl.load.test.*,ptdb.kernel.bl.search.test.*,ptdb.kernel.bl.migration.test.*,ptdb.kernel.database.test.*,ptdb.test.*,ptdb.gui.test.*,org.ptolemy.scala.*,diva.util.java2d.svg.*,ptolemy.domains.ptinyos.*,ptolemy.actor.lib.fmi.fmipp.*,,org.terraswarm.accessor.accessors.web.node_modules.*,org.terraswarm.accessor.accessors-svn,ptolemy.apps.*,ptolemy.actor.ptalon.demo.ptinyos.SendAndReceiveCnt.output,ptolemy.actor.ptalon.demo.ptinyos.SenseToLeds.output,ptolemy.domains.ptinyos.demo.CntToLedsAndRfm.output,ptolemy.domains.ptinyos.demo.RfmToLeds.output,ptolemy.domains.ptinyos.demo.SendAndReceiveCnt.output,ptolemy.domains.ptinyos.demo.SenseToLeds.output,ptolemy.actor.lib.jjs.modules.udpSocket.*" />
    <property name="env.TRAVIS_COMMIT_MESSAGE" value="Removed ptango from places where it is clearly not needed." />
    <property name="keystore" value="ptKeystore" />
    <property name="env.XDG_SESSION_ID" value="2" />
    <property name="junit.output.dir" value="/home/travis/build/icyphy/ptII/reports/junit" />
    <property name="npm.return.code" value="0" />
    <property name="user.dir" value="/home/travis/build/icyphy/ptII/ptolemy/actor/lib/test" />
    <property name="env.TRAVIS_NODE_VERSION" value="7" />
    <property name="env.XFILESEARCHPATH" value="/usr/dt/app-defaults/%L/Dt" />
    <property name="env.TRAVIS_EVENT_TYPE" value="cron" />
    <property name="env.MAIL" value="/var/mail/travis" />
    <property name="env.PWD" value="/home/travis/build/icyphy/ptII" />
    <property name="env.PERLBREW_ROOT" value="/home/travis/perl5/perlbrew" />
    <property name="timeout.npm" value="45000" />
    <property name="env.TRAVIS_ARCH" value="amd64" />
    <property name="env.PAGER" value="cat" />
    <property name="sun.cpu.endian" value="little" />
    <property name="env.TRAVIS_BUILD_STAGE_NAME" value="Test" />
    <property name="env.PERLBREW_HOME" value="/home/travis/.perlbrew" />
    <property name="env.RAILS_ENV" value="test" />
    <property name="java.vm.version" value="25.151-b12" />
    <property name="java.class.path" value="/home/travis/.ptolemyII:/home/travis/.ptolemyII/*:/home/travis/build/icyphy/ptII:/home/travis/build/icyphy/ptII/lib/bsh-2.0b4.jar:/home/travis/build/icyphy/ptII/lib/ptCal.jar:/home/travis/build/icyphy/ptII/lib/java_cup.jar:/home/travis/build/icyphy/ptII/lib/saxon8.jar:/home/travis/build/icyphy/ptII/lib/saxon8-dom.jar:/home/travis/build/icyphy/ptII/lib/chic.jar:/home/travis/build/icyphy/ptII/lib/ptcolt.jar:/usr/lib/jvm/java-8-oracle/lib/tools.jar:/usr/lib/eclipse/plugins/org.eclipse.jdt.core_3.8.2.dist.jar:/usr/lib/eclipse/plugins/org.eclipse.core.runtime_3.8.0.dist.jar:/usr/lib/eclipse/plugins/org.eclipse.osgi_3.8.1.dist.jar:/usr/lib/eclipse/plugins/org.eclipse.core.resources_3.8.1.dist.jar:/usr/lib/eclipse/plugins/org.eclipse.equinox.common_3.6.100.dist.jar:/usr/lib/eclipse/plugins/org.eclipse.core.jobs_3.5.200.dist.jar:/usr/lib/eclipse/plugins/org.eclipse.core.contenttype_3.4.200.dist.jar:/usr/lib/eclipse/plugins/org.eclipse.equinox.preferences_3.5.0.dist.jar:/usr/lib/eclipse/plugins/org.eclipse.text_3.5.200.dist.jar:/usr/lib/eclipse/plugins/org.eclipse.ui.workbench_3.8.1.dist.jar:/usr/lib/eclipse/plugins/org.eclipse.jface_3.8.0.dist.jar:/usr/lib/eclipse/plugins/org.eclipse.swt_3.8.2.jar:/usr/lib/eclipse/plugins/org.eclipse.jface.text_3.8.1.dist.jar:/usr/lib/eclipse/plugins/org.eclipse.ui.workbench.texteditor_3.8.0.dist.jar:/usr/lib/eclipse/plugins/org.eclipse.ui.editors_3.8.0.dist.jar:/usr/lib/eclipse/plugins/org.eclipse.core.commands_3.6.1.dist.jar:/usr/lib/eclipse/plugins/org.eclipse.equinox.registry_3.5.200.dist.jar:/usr/lib/eclipse/plugins/org.eclipse.ui.console_3.5.100.dist.jar:/usr/lib/eclipse/plugins/org.eclipse.ui.forms_3.5.200.dist.jar:/usr/lib/eclipse/plugins/org.eclipse.ui.ide_3.8.1.dist.jar:/home/travis/build/icyphy/ptII/vendors/oracle/dbxml.jar:/home/travis/build/icyphy/ptII/vendors/oracle/db.jar:/home/travis/build/icyphy/ptII/vendors/misc/itext/iText.jar:/home/travis/build/icyphy/ptII/lib/g4ltl.jar:/home/travis/build/icyphy/ptII/lib/StructuralCoder.jar:/home/travis/build/icyphy/ptII/lib/org-openide-util.jar:/home/travis/build/icyphy/ptII/lib/org-openide-util-lookup.jar:/home/travis/build/icyphy/ptII/lib/org-netbeans-api-visual.jar:/home/travis/build/icyphy/ptII/vendors/jai-1_1_2_01/lib/jai_core.jar:/home/travis/build/icyphy/ptII/vendors/jai-1_1_2_01/lib/jai_codec.jar:/home/travis/build/icyphy/ptII/lib/jcerti.jar:/home/travis/build/icyphy/ptII/lib/smack.jar:/home/travis/build/icyphy/ptII/lib/smackx.jar:/home/travis/build/icyphy/ptII/lib/jetty-all-8.1.5-v20120716.jar:/home/travis/build/icyphy/ptII/lib/javax.servlet-api-3.0.1.jar:/home/travis/build/icyphy/ptII/lib/javax.mail.jar:/home/travis/build/icyphy/ptII/vendors/JMF-2.1.1e/lib/jmf.jar:/home/travis/build/icyphy/ptII/lib/jna-4.0.0-variadic.jar:/home/travis/build/icyphy/ptII/vendors/misc/joystick/Joystick.jar:/home/travis/build/icyphy/ptII/lib/ptjacl.jar:/home/travis/build/icyphy/ptII/lib/jsoup-1.8.2.jar:/home/travis/build/icyphy/ptII/lib/junit-4.8.2.jar:/home/travis/build/icyphy/ptII/lib/JUnitParams-0.4.0.jar:/home/travis/build/icyphy/ptII/ptolemy/actor/lib/excel/jxl.jar:/home/travis/build/icyphy/ptII/lib/jython.jar:/home/travis/build/icyphy/ptII/lib/kieler.jar:/home/travis/build/icyphy/ptII/vendors/opencv/share/OpenCV/java/opencv-341.jar:/home/travis/build/icyphy/ptII/lib/oscP5.jar:/home/travis/build/icyphy/ptII/lib/nrjavaserial-3.11.0.devel.jar:/home/travis/build/icyphy/ptII/vendors/j3d/lib/j3dcore.jar:/home/travis/build/icyphy/ptII/vendors/j3d/lib/j3dutils.jar:/home/travis/build/icyphy/ptII/vendors/j3d/lib/vecmath.jar:/home/travis/build/icyphy/ptII/ptolemy/distributed/jini/jar/jini-core.jar:/home/travis/build/icyphy/ptII/ptolemy/distributed/jini/jar/jini-ext.jar:/home/travis/build/icyphy/ptII/ptolemy/distributed/jini/jar/sun-util.jar:/home/travis/build/icyphy/ptII/lib/protobuf-java-2.4.1.jar:/home/travis/build/icyphy/ptII/lib/org.eclipse.paho.client.mqttv3.jar:/home/travis/build/icyphy/ptII/ptserver/lib/hessian-4.0.7.jar:/home/travis/build/icyphy/ptII/ptserver/lib/wmqtt.jar:/home/travis/build/icyphy/ptII/lib/mapss.jar:/home/travis/build/icyphy/ptII/ptolemy/actor/ptalon/antlr/antlr.jar:/home/travis/build/icyphy/ptII/lib/JRI.jar:/home/travis/build/icyphy/ptII/lib/commons-lang-2.6.jar:/home/travis/build/icyphy/ptII/lib/commons-logging-1.1.1.jar:/home/travis/build/icyphy/ptII/lib/sootclasses.jar:/home/travis/build/icyphy/ptII/ptolemy/actor/lib/database/mysql-connector-java-5.1.6-bin.jar:/home/travis/build/icyphy/ptII/vendors/misc/sphinx4/sphinx4-data-5prealpha.jar:/home/travis/build/icyphy/ptII/vendors/misc/sphinx4/sphinx4-core-5prealpha.jar:/home/travis/build/icyphy/ptII/lib/PDFRenderer.jar:/home/travis/build/icyphy/ptII/lib/svgSalamander.jar:/home/travis/build/icyphy/ptII/lib/rsyntaxtextarea-2.6.0-SNAPSHOT.jar:/home/travis/build/icyphy/ptII/lib/hazelcast-3.8.2.jar:/home/travis/build/icyphy/ptII/lib/jackson-annotations-2.9.0.jar:/home/travis/build/icyphy/ptII/lib/jackson-core-2.9.3.jar:/home/travis/build/icyphy/ptII/lib/jackson-databind-2.9.3.jar:/home/travis/build/icyphy/ptII/lib/netty-buffer-4.1.19.Final.jar:/home/travis/build/icyphy/ptII/lib/netty-codec-4.1.19.Final.jar:/home/travis/build/icyphy/ptII/lib/netty-codec-dns-4.1.19.Final.jar:/home/travis/build/icyphy/ptII/lib/netty-codec-http-4.1.19.Final.jar:/home/travis/build/icyphy/ptII/lib/netty-codec-http2-4.1.19.Final.jar:/home/travis/build/icyphy/ptII/lib/netty-common-4.1.19.Final.jar:/home/travis/build/icyphy/ptII/lib/netty-handler-4.1.19.Final.jar:/home/travis/build/icyphy/ptII/lib/netty-resolver-4.1.19.Final.jar:/home/travis/build/icyphy/ptII/lib/netty-resolver-dns-4.1.19.Final.jar:/home/travis/build/icyphy/ptII/lib/netty-transport-4.1.19.Final.jar:/home/travis/build/icyphy/ptII/lib/vertx-codegen-3.5.1.jar:/home/travis/build/icyphy/ptII/lib/vertx-core-3.5.2-SNAPSHOT.jar:/home/travis/build/icyphy/ptII/lib/vertx-hazelcast-3.5.1.jar:/home/travis/build/icyphy/ptII/lib/vertx-lang-js-3.5.1.jar:/home/travis/build/icyphy/ptII/lib/vertx-service-proxy-3.5.1.jar:/home/travis/build/icyphy/ptII/lib/vertx-web-3.5.1.jar:/home/travis/build/icyphy/ptII/lib/slf4j-api-1.7.13.jar:/home/travis/build/icyphy/ptII/lib/slf4j-simple-1.7.13.jar:/home/travis/build/icyphy/ptII/lib/webcam-capture-0.3.12.jar:/home/travis/build/icyphy/ptII/lib/bridj-0.7.0.jar:/home/travis/build/icyphy/ptII/lib/xbjlib-1.1.0.nrjavaserial.jar:/home/travis/build/icyphy/ptII/ptolemy/moml/test:/home/travis/build/icyphy/ptII/ant/lib/ant-launcher.jar:/home/travis/build/icyphy/ptII/ant/lib/ant.jar:/home/travis/build/icyphy/ptII/ant/lib/ant-junit.jar:/home/travis/build/icyphy/ptII/ant/lib/ant-junit4.jar" />
    <property name="ant.library.dir" value="/home/travis/build/icyphy/ptII/ant/lib" />
    <property name="os.arch" value="amd64" />
    <property name="env.TRAVIS_LANGUAGE" value="node_js" />
    <property name="env.CONTINUOUS_INTEGRATION" value="true" />
    <property name="env.TRAVIS_STACK_LANGUAGES" value="__garnet__ c c++ clojure cplusplus cpp default go groovy java node_js php pure_java python ruby scala" />
    <property name="test.name" value="ptolemy.actor.lib.test.junit.JUnitTclTest" />
    <property name="sun.java.launcher" value="SUN_STANDARD" />
    <property name="env.PYTHON_CONFIGURE_OPTS" value="--enable-unicode=ucs4 --with-wide-unicode --enable-shared --enable-ipv6 --enable-loadable-sqlite-extensions --with-computed-gotos" />
    <property name="ant.core.lib" value="/home/travis/build/icyphy/ptII/ant/lib/ant.jar" />
    <property name="java.vm.specification.vendor" value="Oracle Corporation" />
    <property name="env.BCVTB_HOME" value="/home/travis/build/icyphy/ptII/lbnl" />
    <property name="file.separator" value="/" />
    <property name="spotbugs.home" value="/home/travis/build/icyphy/ptII/vendors/spotbugs-3.1.1" />
    <property name="java.runtime.version" value="1.8.0_151-b12" />
    <property name="sun.boot.class.path" value="/usr/lib/jvm/java-8-oracle/jre/lib/resources.jar:/usr/lib/jvm/java-8-oracle/jre/lib/rt.jar:/usr/lib/jvm/java-8-oracle/jre/lib/sunrsasign.jar:/usr/lib/jvm/java-8-oracle/jre/lib/jsse.jar:/usr/lib/jvm/java-8-oracle/jre/lib/jce.jar:/usr/lib/jvm/java-8-oracle/jre/lib/charsets.jar:/usr/lib/jvm/java-8-oracle/jre/lib/jfr.jar:/usr/lib/jvm/java-8-oracle/jre/classes" />
    <property name="env.ANSI_CLEAR" value="\033[0K" />
    <property name="env.HAS_JOSH_K_SEAL_OF_APPROVAL" value="true" />
    <property name="env.XDG_RUNTIME_DIR" value="/run/user/2000" />
    <property name="env.TRAVIS_OSX_IMAGE" value="" />
    <property name="env.TRAVIS_BRANCH" value="master" />
    <property name="env.TRAVIS_JOB_ID" value="482229351" />
    <property name="user.country" value="US" />
    <property name="env.CERTI_HOME_TRAVIS" value="/home/travis/pthla/certi-tools" />
    <property name="env.SHELL" value="/bin/bash" />
    <property name="java.maxmemory.large" value="5000m" />
    <property name="model" value="" />
    <property name="env.CASHER_DIR" value="/home/travis/.casher" />
    <property name="env.NVM_CD_FLAGS" value="" />
    <property name="jshint.executable" value="/home/travis/node_modules/jshint/bin/jshint" />
    <property name="java.vendor" value="Oracle Corporation" />
    <property name="env.JRUBY_OPTS" value=" --client -J-XX:+TieredCompilation -J-XX:TieredStopAtLevel=1 -J-Xss2m -Xcompile.invokedynamic=false" />
    <property name="env.TRAVIS_PRE_CHEF_BOOTSTRAP_TIME" value="2017-12-05T19:32:55" />
    <property name="env.TRAVIS_STACK_JOB_BOARD_REGISTER" value="/.job-board-register.yml" />
    <property name="env.ELIXIR_VERSION" value="1.4.5" />
    <property name="env.ANSI_RED" value="\033[31;1m" />
    <property name="java.specification.version" value="1.8" />
    <property name="env.TRAVIS" value="true" />
    <property name="env.IRBRC" value="/home/travis/.rvm/rubies/ruby-2.4.1/.irbrc" />
    <property name="sun.arch.data.model" value="64" />
  </properties>
  <testcase classname="ptolemy.util.test.junit.TclTests" name="[0] /home/travis/build/icyphy/ptII/ptolemy/actor/lib/test/AbsoluteValue.tcl (RunTclFile)" time="0.434" />
  <testcase classname="ptolemy.util.test.junit.TclTests" name="[1] /home/travis/build/icyphy/ptII/ptolemy/actor/lib/test/AddSubtract.tcl (RunTclFile)" time="0.09" />
  <testcase classname="ptolemy.util.test.junit.TclTests" name="[2] /home/travis/build/icyphy/ptII/ptolemy/actor/lib/test/Average.tcl (RunTclFile)" time="0.028" />
  <testcase classname="ptolemy.util.test.junit.TclTests" name="[3] /home/travis/build/icyphy/ptII/ptolemy/actor/lib/test/Bernoulli.tcl (RunTclFile)" time="0.027" />
  <testcase classname="ptolemy.util.test.junit.TclTests" name="[4] /home/travis/build/icyphy/ptII/ptolemy/actor/lib/test/Clock.tcl (RunTclFile)" time="0.088" />
  <testcase classname="ptolemy.util.test.junit.TclTests" name="[5] /home/travis/build/icyphy/ptII/ptolemy/actor/lib/test/Commutator.tcl (RunTclFile)" time="0.114" />
  <testcase classname="ptolemy.util.test.junit.TclTests" name="[6] /home/travis/build/icyphy/ptII/ptolemy/actor/lib/test/Const.tcl (RunTclFile)" time="0.149" />
  <testcase classname="ptolemy.util.test.junit.TclTests" name="[7] /home/travis/build/icyphy/ptII/ptolemy/actor/lib/test/CurrentTime.tcl (RunTclFile)" time="0.019" />
  <testcase classname="ptolemy.util.test.junit.TclTests" name="[8] /home/travis/build/icyphy/ptII/ptolemy/actor/lib/test/DB.tcl (RunTclFile)" time="0.03" />
  <testcase classname="ptolemy.util.test.junit.TclTests" name="[9] /home/travis/build/icyphy/ptII/ptolemy/actor/lib/test/DiscreteRandomSource.tcl (RunTclFile)" time="0.053" />
  <testcase classname="ptolemy.util.test.junit.TclTests" name="[10] /home/travis/build/icyphy/ptII/ptolemy/actor/lib/test/Distributor.tcl (RunTclFile)" time="0.066" />
  <testcase classname="ptolemy.util.test.junit.TclTests" name="[11] /home/travis/build/icyphy/ptII/ptolemy/actor/lib/test/Exit.tcl (RunTclFile)" time="0.054" />
  <testcase classname="ptolemy.util.test.junit.TclTests" name="[12] /home/travis/build/icyphy/ptII/ptolemy/actor/lib/test/Expression.tcl (RunTclFile)" time="0.109" />
  <testcase classname="ptolemy.util.test.junit.TclTests" name="[13] /home/travis/build/icyphy/ptII/ptolemy/actor/lib/test/Gaussian.tcl (RunTclFile)" time="0.921" />
  <testcase classname="ptolemy.util.test.junit.TclTests" name="[14] /home/travis/build/icyphy/ptII/ptolemy/actor/lib/test/IIR.tcl (RunTclFile)" time="0.031" />
  <testcase classname="ptolemy.util.test.junit.TclTests" name="[15] /home/travis/build/icyphy/ptII/ptolemy/actor/lib/test/Interpolator.tcl (RunTclFile)" time="0.069" />
  <testcase classname="ptolemy.util.test.junit.TclTests" name="[16] /home/travis/build/icyphy/ptII/ptolemy/actor/lib/test/MathFunction.tcl (RunTclFile)" time="0.04" />
  <testcase classname="ptolemy.util.test.junit.TclTests" name="[17] /home/travis/build/icyphy/ptII/ptolemy/actor/lib/test/Maximum.tcl (RunTclFile)" time="0.022" />
  <testcase classname="ptolemy.util.test.junit.TclTests" name="[18] /home/travis/build/icyphy/ptII/ptolemy/actor/lib/test/Minimum.tcl (RunTclFile)" time="0.019" />
  <testcase classname="ptolemy.util.test.junit.TclTests" name="[19] /home/travis/build/icyphy/ptII/ptolemy/actor/lib/test/MultiplyDivide.tcl (RunTclFile)" time="0.025" />
  <testcase classname="ptolemy.util.test.junit.TclTests" name="[20] /home/travis/build/icyphy/ptII/ptolemy/actor/lib/test/OrderedMerge.tcl (RunTclFile)" time="0.101" />
  <testcase classname="ptolemy.util.test.junit.TclTests" name="[21] /home/travis/build/icyphy/ptII/ptolemy/actor/lib/test/Publisher.tcl (RunTclFile)" time="0.675" />
  <testcase classname="ptolemy.util.test.junit.TclTests" name="[22] /home/travis/build/icyphy/ptII/ptolemy/actor/lib/test/Pulse.tcl (RunTclFile)" time="0.028" />
  <testcase classname="ptolemy.util.test.junit.TclTests" name="[23] /home/travis/build/icyphy/ptII/ptolemy/actor/lib/test/Ramp.tcl (RunTclFile)" time="1.817" />
  <testcase classname="ptolemy.util.test.junit.TclTests" name="[24] /home/travis/build/icyphy/ptII/ptolemy/actor/lib/test/RampContinuous.tcl (RunTclFile)" time="0.017" />
  <testcase classname="ptolemy.util.test.junit.TclTests" name="[25] /home/travis/build/icyphy/ptII/ptolemy/actor/lib/test/RecordAssembler.tcl (RunTclFile)" time="0.014" />
  <testcase classname="ptolemy.util.test.junit.TclTests" name="[26] /home/travis/build/icyphy/ptII/ptolemy/actor/lib/test/RecordDisassembler.tcl (RunTclFile)" time="0.016" />
  <testcase classname="ptolemy.util.test.junit.TclTests" name="[27] /home/travis/build/icyphy/ptII/ptolemy/actor/lib/test/Scale.tcl (RunTclFile)" time="0.016" />
  <testcase classname="ptolemy.util.test.junit.TclTests" name="[28] /home/travis/build/icyphy/ptII/ptolemy/actor/lib/test/SequentialClock.tcl (RunTclFile)" time="0.01" />
  <testcase classname="ptolemy.util.test.junit.TclTests" name="[29] /home/travis/build/icyphy/ptII/ptolemy/actor/lib/test/SetVariable.tcl (RunTclFile)" time="0.013" />
  <testcase classname="ptolemy.util.test.junit.TclTests" name="[30] /home/travis/build/icyphy/ptII/ptolemy/actor/lib/test/Sinewave.tcl (RunTclFile)" time="0.025" />
  <testcase classname="ptolemy.util.test.junit.TclTests" name="[31] /home/travis/build/icyphy/ptII/ptolemy/actor/lib/test/SubscriptionAggregator.tcl (RunTclFile)" time="1.776" />
  <testcase classname="ptolemy.util.test.junit.TclTests" name="[32] /home/travis/build/icyphy/ptII/ptolemy/actor/lib/test/Test.tcl (RunTclFile)" time="0.064" />
  <testcase classname="ptolemy.util.test.junit.TclTests" name="[33] /home/travis/build/icyphy/ptII/ptolemy/actor/lib/test/TestExceptionHandler.tcl (RunTclFile)" time="0.012" />
  <testcase classname="ptolemy.util.test.junit.TclTests" name="[34] /home/travis/build/icyphy/ptII/ptolemy/actor/lib/test/UnionDisassembler.tcl (RunTclFile)" time="0.066" />
  <testcase classname="ptolemy.util.test.junit.TclTests" name="[35] /home/travis/build/icyphy/ptII/ptolemy/actor/lib/test/VariableClock.tcl (RunTclFile)" time="0.032" />
  <testcase classname="ptolemy.util.test.junit.AutoKnownFailedTests" name="[0] /home/travis/build/icyphy/ptII/ptolemy/actor/lib/test/auto/knownFailedTests/PublisherPortToplevelSubscriber.xml (RunModel)" time="0.035" />
  <testcase classname="ptolemy.util.test.junit.AutoKnownFailedTests" name="[1] /home/travis/build/icyphy/ptII/ptolemy/actor/lib/test/auto/knownFailedTests/PublisherSubscriberPortToplevel.xml (RunModel)" time="0.081" />
  <testcase classname="ptolemy.util.test.junit.AutoKnownFailedTests" name="[2] /home/travis/build/icyphy/ptII/ptolemy/actor/lib/test/auto/knownFailedTests/PublisherSubscriptionAggregatorPort.xml (RunModel)" time="0.019" />
  <testcase classname="ptolemy.util.test.junit.AutoKnownFailedTests" name="[3] /home/travis/build/icyphy/ptII/ptolemy/actor/lib/test/auto/knownFailedTests/sizedarray3.xml (RunModel)" time="0.027" />
  <testcase classname="ptolemy.util.test.junit.AutoNameArchTests" name="[0] ThereAreNoAutoArchTests (RunModel)" time="0.004" />
  <testcase classname="ptolemy.util.test.junit.AutoTests" name="[0] /home/travis/build/icyphy/ptII/ptolemy/actor/lib/test/auto/AbsoluteValue.xml (RunModel)" time="0.11" />
  <testcase classname="ptolemy.util.test.junit.AutoTests" name="[1] /home/travis/build/icyphy/ptII/ptolemy/actor/lib/test/auto/AbsoluteValue2.xml (RunModel)" time="0.053" />
  <testcase classname="ptolemy.util.test.junit.AutoTests" name="[2] /home/travis/build/icyphy/ptII/ptolemy/actor/lib/test/auto/Accumulator.xml (RunModel)" time="0.027" />
  <testcase classname="ptolemy.util.test.junit.AutoTests" name="[3] /home/travis/build/icyphy/ptII/ptolemy/actor/lib/test/auto/Accumulator2.xml (RunModel)" time="0.018" />
  <testcase classname="ptolemy.util.test.junit.AutoTests" name="[4] /home/travis/build/icyphy/ptII/ptolemy/actor/lib/test/auto/Accumulator3.xml (RunModel)" time="0.039" />
  <testcase classname="ptolemy.util.test.junit.AutoTests" name="[5] /home/travis/build/icyphy/ptII/ptolemy/actor/lib/test/auto/ArrayAppend.xml (RunModel)" time="0.059" />
  <testcase classname="ptolemy.util.test.junit.AutoTests" name="[6] /home/travis/build/icyphy/ptII/ptolemy/actor/lib/test/auto/ArrayAppend2.xml (RunModel)" time="0.303" />
  <testcase classname="ptolemy.util.test.junit.AutoTests" name="[7] /home/travis/build/icyphy/ptII/ptolemy/actor/lib/test/auto/ArrayAppend3.xml (RunModel)" time="0.029" />
  <testcase classname="ptolemy.util.test.junit.AutoTests" name="[8] /home/travis/build/icyphy/ptII/ptolemy/actor/lib/test/auto/ArrayAppend4.xml (RunModel)" time="0.026" />
  <testcase classname="ptolemy.util.test.junit.AutoTests" name="[9] /home/travis/build/icyphy/ptII/ptolemy/actor/lib/test/auto/ArrayAppend5.xml (RunModel)" time="0.024" />
  <testcase classname="ptolemy.util.test.junit.AutoTests" name="[10] /home/travis/build/icyphy/ptII/ptolemy/actor/lib/test/auto/ArrayAppend6.xml (RunModel)" time="0.021" />
  <testcase classname="ptolemy.util.test.junit.AutoTests" name="[11] /home/travis/build/icyphy/ptII/ptolemy/actor/lib/test/auto/ArrayAppendPerformanceTest.xml (RunModel)" time="0.043" />
  <testcase classname="ptolemy.util.test.junit.AutoTests" name="[12] /home/travis/build/icyphy/ptII/ptolemy/actor/lib/test/auto/ArrayAppendWithEmptyInput.xml (RunModel)" time="0.052" />
  <testcase classname="ptolemy.util.test.junit.AutoTests" name="[13] /home/travis/build/icyphy/ptII/ptolemy/actor/lib/test/auto/ArrayAverage.xml (RunModel)" time="0.06" />
  <testcase classname="ptolemy.util.test.junit.AutoTests" name="[14] /home/travis/build/icyphy/ptII/ptolemy/actor/lib/test/auto/ArrayContains.xml (RunModel)" time="0.041" />
  <testcase classname="ptolemy.util.test.junit.AutoTests" name="[15] /home/travis/build/icyphy/ptII/ptolemy/actor/lib/test/auto/ArrayElement.xml (RunModel)" time="0.027" />
  <testcase classname="ptolemy.util.test.junit.AutoTests" name="[16] /home/travis/build/icyphy/ptII/ptolemy/actor/lib/test/auto/ArrayElementAsMatrix.xml (RunModel)" time="0.048" />
  <testcase classname="ptolemy.util.test.junit.AutoTests" name="[17] /home/travis/build/icyphy/ptII/ptolemy/actor/lib/test/auto/ArrayElementI.xml (RunModel)" time="0.017" />
  <testcase classname="ptolemy.util.test.junit.AutoTests" name="[18] /home/travis/build/icyphy/ptII/ptolemy/actor/lib/test/auto/ArrayExtract.xml (RunModel)" time="0.031" />
  <testcase classname="ptolemy.util.test.junit.AutoTests" name="[19] /home/travis/build/icyphy/ptII/ptolemy/actor/lib/test/auto/ArrayExtract2.xml (RunModel)" time="0.026" />
  <testcase classname="ptolemy.util.test.junit.AutoTests" name="[20] /home/travis/build/icyphy/ptII/ptolemy/actor/lib/test/auto/ArrayLength.xml (RunModel)" time="0.022" />
  <testcase classname="ptolemy.util.test.junit.AutoTests" name="[21] /home/travis/build/icyphy/ptII/ptolemy/actor/lib/test/auto/ArrayLevelCrossing.xml (RunModel)" time="0.029" />
  <testcase classname="ptolemy.util.test.junit.AutoTests" name="[22] /home/travis/build/icyphy/ptII/ptolemy/actor/lib/test/auto/ArrayLevelCrossing2.xml (RunModel)" time="0.025" />
  <testcase classname="ptolemy.util.test.junit.AutoTests" name="[23] /home/travis/build/icyphy/ptII/ptolemy/actor/lib/test/auto/ArrayPeakSearch.xml (RunModel)" time="0.101" />
  <testcase classname="ptolemy.util.test.junit.AutoTests" name="[24] /home/travis/build/icyphy/ptII/ptolemy/actor/lib/test/auto/ArrayPeakSearch2.xml (RunModel)" time="0.042" />
  <testcase classname="ptolemy.util.test.junit.AutoTests" name="[25] /home/travis/build/icyphy/ptII/ptolemy/actor/lib/test/auto/ArrayPeakSearch3.xml (RunModel)" time="0.027" />
  <testcase classname="ptolemy.util.test.junit.AutoTests" name="[26] /home/travis/build/icyphy/ptII/ptolemy/actor/lib/test/auto/ArrayRemoveElement.xml (RunModel)" time="0.028" />
  <testcase classname="ptolemy.util.test.junit.AutoTests" name="[27] /home/travis/build/icyphy/ptII/ptolemy/actor/lib/test/auto/ArraySort.xml (RunModel)" time="0.034" />
  <testcase classname="ptolemy.util.test.junit.AutoTests" name="[28] /home/travis/build/icyphy/ptII/ptolemy/actor/lib/test/auto/ArraySum.xml (RunModel)" time="0.02" />
  <testcase classname="ptolemy.util.test.junit.AutoTests" name="[29] /home/travis/build/icyphy/ptII/ptolemy/actor/lib/test/auto/ArrayToElements.xml (RunModel)" time="0.018" />
  <testcase classname="ptolemy.util.test.junit.AutoTests" name="[30] /home/travis/build/icyphy/ptII/ptolemy/actor/lib/test/auto/ArrayToMatrix.xml (RunModel)" time="0.042" />
  <testcase classname="ptolemy.util.test.junit.AutoTests" name="[31] /home/travis/build/icyphy/ptII/ptolemy/actor/lib/test/auto/ArrayUpdate1.xml (RunModel)" time="0.015" />
  <testcase classname="ptolemy.util.test.junit.AutoTests" name="[32] /home/travis/build/icyphy/ptII/ptolemy/actor/lib/test/auto/ArrayUpdate2.xml (RunModel)" time="0.028" />
  <testcase classname="ptolemy.util.test.junit.AutoTests" name="[33] /home/travis/build/icyphy/ptII/ptolemy/actor/lib/test/auto/ArrayUpdate3.xml (RunModel)" time="0.015" />
  <testcase classname="ptolemy.util.test.junit.AutoTests" name="[34] /home/travis/build/icyphy/ptII/ptolemy/actor/lib/test/auto/Assert1.xml (RunModel)" time="0.025" />
  <testcase classname="ptolemy.util.test.junit.AutoTests" name="[35] /home/travis/build/icyphy/ptII/ptolemy/actor/lib/test/auto/Assert2.xml (RunModel)" time="0.014" />
  <testcase classname="ptolemy.util.test.junit.AutoTests" name="[36] /home/travis/build/icyphy/ptII/ptolemy/actor/lib/test/auto/BooleanMultiplexor.xml (RunModel)" time="0.012" />
  <testcase classname="ptolemy.util.test.junit.AutoTests" name="[37] /home/travis/build/icyphy/ptII/ptolemy/actor/lib/test/auto/BooleanMultiplexor2.xml (RunModel)" time="0.014" />
  <testcase classname="ptolemy.util.test.junit.AutoTests" name="[38] /home/travis/build/icyphy/ptII/ptolemy/actor/lib/test/auto/BooleanMultiplexor3.xml (RunModel)" time="0.01" />
  <testcase classname="ptolemy.util.test.junit.AutoTests" name="[39] /home/travis/build/icyphy/ptII/ptolemy/actor/lib/test/auto/BooleanSelect.xml (RunModel)" time="0.015" />
  <testcase classname="ptolemy.util.test.junit.AutoTests" name="[40] /home/travis/build/icyphy/ptII/ptolemy/actor/lib/test/auto/BooleanSelect2.xml (RunModel)" time="0.012" />
  <testcase classname="ptolemy.util.test.junit.AutoTests" name="[41] /home/travis/build/icyphy/ptII/ptolemy/actor/lib/test/auto/BooleanSwitch.xml (RunModel)" time="0.013" />
  <testcase classname="ptolemy.util.test.junit.AutoTests" name="[42] /home/travis/build/icyphy/ptII/ptolemy/actor/lib/test/auto/BooleanSwitch2.xml (RunModel)" time="0.01" />
  <testcase classname="ptolemy.util.test.junit.AutoTests" name="[43] /home/travis/build/icyphy/ptII/ptolemy/actor/lib/test/auto/BooleanSwitchCloningBugWithClassRelationGroup.xml (RunModel)" time="0.019" />
  <testcase classname="ptolemy.util.test.junit.AutoTests" name="[44] /home/travis/build/icyphy/ptII/ptolemy/actor/lib/test/auto/BusActors.xml (RunModel)" time="0.028" />
  <testcase classname="ptolemy.util.test.junit.AutoTests" name="[45] /home/travis/build/icyphy/ptII/ptolemy/actor/lib/test/auto/ClassWrapper.xml (RunModel)" time="0.009" />
  <testcase classname="ptolemy.util.test.junit.AutoTests" name="[46] /home/travis/build/icyphy/ptII/ptolemy/actor/lib/test/auto/Clock.xml (RunModel)" time="0.007" />
  <testcase classname="ptolemy.util.test.junit.AutoTests" name="[47] /home/travis/build/icyphy/ptII/ptolemy/actor/lib/test/auto/Clock10.xml (RunModel)" time="0.014" />
  <testcase classname="ptolemy.util.test.junit.AutoTests" name="[48] /home/travis/build/icyphy/ptII/ptolemy/actor/lib/test/auto/Clock11.xml (RunModel)" time="0.012" />
  <testcase classname="ptolemy.util.test.junit.AutoTests" name="[49] /home/travis/build/icyphy/ptII/ptolemy/actor/lib/test/auto/Clock12.xml (RunModel)" time="0.012" />
  <testcase classname="ptolemy.util.test.junit.AutoTests" name="[50] /home/travis/build/icyphy/ptII/ptolemy/actor/lib/test/auto/Clock13.xml (RunModel)" time="0.017" />
  <testcase classname="ptolemy.util.test.junit.AutoTests" name="[51] /home/travis/build/icyphy/ptII/ptolemy/actor/lib/test/auto/Clock14.xml (RunModel)" time="0.017" />
  <testcase classname="ptolemy.util.test.junit.AutoTests" name="[52] /home/travis/build/icyphy/ptII/ptolemy/actor/lib/test/auto/Clock15.xml (RunModel)" time="0.017" />
  <testcase classname="ptolemy.util.test.junit.AutoTests" name="[53] /home/travis/build/icyphy/ptII/ptolemy/actor/lib/test/auto/Clock16.xml (RunModel)" time="0.075" />
  <testcase classname="ptolemy.util.test.junit.AutoTests" name="[54] /home/travis/build/icyphy/ptII/ptolemy/actor/lib/test/auto/Clock17.xml (RunModel)" time="0.079" />
  <testcase classname="ptolemy.util.test.junit.AutoTests" name="[55] /home/travis/build/icyphy/ptII/ptolemy/actor/lib/test/auto/Clock18.xml (RunModel)" time="0.054" />
  <testcase classname="ptolemy.util.test.junit.AutoTests" name="[56] /home/travis/build/icyphy/ptII/ptolemy/actor/lib/test/auto/Clock19.xml (RunModel)" time="0.044" />
  <testcase classname="ptolemy.util.test.junit.AutoTests" name="[57] /home/travis/build/icyphy/ptII/ptolemy/actor/lib/test/auto/Clock2.xml (RunModel)" time="0.015" />
  <testcase classname="ptolemy.util.test.junit.AutoTests" name="[58] /home/travis/build/icyphy/ptII/ptolemy/actor/lib/test/auto/Clock20.xml (RunModel)" time="0.019" />
  <testcase classname="ptolemy.util.test.junit.AutoTests" name="[59] /home/travis/build/icyphy/ptII/ptolemy/actor/lib/test/auto/Clock21.xml (RunModel)" time="0.014" />
  <testcase classname="ptolemy.util.test.junit.AutoTests" name="[60] /home/travis/build/icyphy/ptII/ptolemy/actor/lib/test/auto/Clock22.xml (RunModel)" time="0.018" />
  <testcase classname="ptolemy.util.test.junit.AutoTests" name="[61] /home/travis/build/icyphy/ptII/ptolemy/actor/lib/test/auto/Clock23.xml (RunModel)" time="0.013" />
  <testcase classname="ptolemy.util.test.junit.AutoTests" name="[62] /home/travis/build/icyphy/ptII/ptolemy/actor/lib/test/auto/Clock24.xml (RunModel)" time="0.015" />
  <testcase classname="ptolemy.util.test.junit.AutoTests" name="[63] /home/travis/build/icyphy/ptII/ptolemy/actor/lib/test/auto/Clock4.xml (RunModel)" time="0.04" />
  <testcase classname="ptolemy.util.test.junit.AutoTests" name="[64] /home/travis/build/icyphy/ptII/ptolemy/actor/lib/test/auto/Clock5.xml (RunModel)" time="0.011" />
  <testcase classname="ptolemy.util.test.junit.AutoTests" name="[65] /home/travis/build/icyphy/ptII/ptolemy/actor/lib/test/auto/Clock6.xml (RunModel)" time="0.011" />
  <testcase classname="ptolemy.util.test.junit.AutoTests" name="[66] /home/travis/build/icyphy/ptII/ptolemy/actor/lib/test/auto/Clock7.xml (RunModel)" time="0.009" />
  <testcase classname="ptolemy.util.test.junit.AutoTests" name="[67] /home/travis/build/icyphy/ptII/ptolemy/actor/lib/test/auto/Clock8.xml (RunModel)" time="0.013" />
  <testcase classname="ptolemy.util.test.junit.AutoTests" name="[68] /home/travis/build/icyphy/ptII/ptolemy/actor/lib/test/auto/Clock9.xml (RunModel)" time="0.013" />
  <testcase classname="ptolemy.util.test.junit.AutoTests" name="[69] /home/travis/build/icyphy/ptII/ptolemy/actor/lib/test/auto/CommDistDiscard.xml (RunModel)" time="0.016" />
  <testcase classname="ptolemy.util.test.junit.AutoTests" name="[70] /home/travis/build/icyphy/ptII/ptolemy/actor/lib/test/auto/Commutator.xml (RunModel)" time="0.012" />
  <testcase classname="ptolemy.util.test.junit.AutoTests" name="[71] /home/travis/build/icyphy/ptII/ptolemy/actor/lib/test/auto/Commutator2.xml (RunModel)" time="0.009" />
  <testcase classname="ptolemy.util.test.junit.AutoTests" name="[72] /home/travis/build/icyphy/ptII/ptolemy/actor/lib/test/auto/Commutator3.xml (RunModel)" time="0.009" />
  <testcase classname="ptolemy.util.test.junit.AutoTests" name="[73] /home/travis/build/icyphy/ptII/ptolemy/actor/lib/test/auto/Compare.xml (RunModel)" time="0.015" />
  <testcase classname="ptolemy.util.test.junit.AutoTests" name="[74] /home/travis/build/icyphy/ptII/ptolemy/actor/lib/test/auto/CompareDE.xml (RunModel)" time="0.017" />
  <testcase classname="ptolemy.util.test.junit.AutoTests" name="[75] /home/travis/build/icyphy/ptII/ptolemy/actor/lib/test/auto/ComplexDivide.xml (RunModel)" time="0.007" />
  <testcase classname="ptolemy.util.test.junit.AutoTests" name="[76] /home/travis/build/icyphy/ptII/ptolemy/actor/lib/test/auto/ComputeHistogram.xml (RunModel)" time="0.074" />
  <testcase classname="ptolemy.util.test.junit.AutoTests" name="[77] /home/travis/build/icyphy/ptII/ptolemy/actor/lib/test/auto/ConfigurationSelect.xml (RunModel)" time="0.013" />
  <testcase classname="ptolemy.util.test.junit.AutoTests" name="[78] /home/travis/build/icyphy/ptII/ptolemy/actor/lib/test/auto/ConfigurationSelect2.xml (RunModel)" time="0.01" />
  <testcase classname="ptolemy.util.test.junit.AutoTests" name="[79] /home/travis/build/icyphy/ptII/ptolemy/actor/lib/test/auto/ConfigurationSwitch.xml (RunModel)" time="0.027" />
  <testcase classname="ptolemy.util.test.junit.AutoTests" name="[80] /home/travis/build/icyphy/ptII/ptolemy/actor/lib/test/auto/ConfigurationSwitch2.xml (RunModel)" time="0.011" />
  <testcase classname="ptolemy.util.test.junit.AutoTests" name="[81] /home/travis/build/icyphy/ptII/ptolemy/actor/lib/test/auto/ConfigurationSwitchCloningBugWithClassRelationGroup.xml (RunModel)" time="0.015" />
  <testcase classname="ptolemy.util.test.junit.AutoTests" name="[82] /home/travis/build/icyphy/ptII/ptolemy/actor/lib/test/auto/ConfigurationSwitchSelectSDF.xml (RunModel)" time="0.012" />
  <testcase classname="ptolemy.util.test.junit.AutoTests" name="[83] /home/travis/build/icyphy/ptII/ptolemy/actor/lib/test/auto/ConfigurationSwitchSelectSDF2.xml (RunModel)" time="0.011" />
  <testcase classname="ptolemy.util.test.junit.AutoTests" name="[84] /home/travis/build/icyphy/ptII/ptolemy/actor/lib/test/auto/Const.xml (RunModel)" time="0.005" />
  <testcase classname="ptolemy.util.test.junit.AutoTests" name="[85] /home/travis/build/icyphy/ptII/ptolemy/actor/lib/test/auto/Const2.xml (RunModel)" time="0.008" />
  <testcase classname="ptolemy.util.test.junit.AutoTests" name="[86] /home/travis/build/icyphy/ptII/ptolemy/actor/lib/test/auto/Const3.xml (RunModel)" time="0.006" />
  <testcase classname="ptolemy.util.test.junit.AutoTests" name="[87] /home/travis/build/icyphy/ptII/ptolemy/actor/lib/test/auto/ConstantPublisherPort1.xml (RunModel)" time="0.019" />
  <testcase classname="ptolemy.util.test.junit.AutoTests" name="[88] /home/travis/build/icyphy/ptII/ptolemy/actor/lib/test/auto/ConstantPublisherPort2.xml (RunModel)" time="0.026" />
  <testcase classname="ptolemy.util.test.junit.AutoTests" name="[89] /home/travis/build/icyphy/ptII/ptolemy/actor/lib/test/auto/ConstantPublisherPort3.xml (RunModel)" time="0.021" />
  <testcase classname="ptolemy.util.test.junit.AutoTests" name="[90] /home/travis/build/icyphy/ptII/ptolemy/actor/lib/test/auto/ConstantPublisherPort4.xml (RunModel)" time="0.017" />
  <testcase classname="ptolemy.util.test.junit.AutoTests" name="[91] /home/travis/build/icyphy/ptII/ptolemy/actor/lib/test/auto/ConstantPublisherPort5.xml (RunModel)" time="0.038" />
  <testcase classname="ptolemy.util.test.junit.AutoTests" name="[92] /home/travis/build/icyphy/ptII/ptolemy/actor/lib/test/auto/ConstantPublisherPort6.xml (RunModel)" time="0.039" />
  <testcase classname="ptolemy.util.test.junit.AutoTests" name="[93] /home/travis/build/icyphy/ptII/ptolemy/actor/lib/test/auto/ConstantPublisherPort7.xml (RunModel)" time="0.022" />
  <testcase classname="ptolemy.util.test.junit.AutoTests" name="[94] /home/travis/build/icyphy/ptII/ptolemy/actor/lib/test/auto/ConstraintMonitor1.xml (RunModel)" time="0.031" />
  <testcase classname="ptolemy.util.test.junit.AutoTests" name="[95] /home/travis/build/icyphy/ptII/ptolemy/actor/lib/test/auto/ConstraintMonitor2.xml (RunModel)" time="0.009" />
  <testcase classname="ptolemy.util.test.junit.AutoTests" name="[96] /home/travis/build/icyphy/ptII/ptolemy/actor/lib/test/auto/ConstraintMonitor3.xml (RunModel)" time="0.014" />
  <testcase classname="ptolemy.util.test.junit.AutoTests" name="[97] /home/travis/build/icyphy/ptII/ptolemy/actor/lib/test/auto/ConstraintMonitor4.xml (RunModel)" time="0.016" />
  <testcase classname="ptolemy.util.test.junit.AutoTests" name="[98] /home/travis/build/icyphy/ptII/ptolemy/actor/lib/test/auto/ConstraintMonitor5.xml (RunModel)" time="0.012" />
  <testcase classname="ptolemy.util.test.junit.AutoTests" name="[99] /home/travis/build/icyphy/ptII/ptolemy/actor/lib/test/auto/ConstraintMonitor6.xml (RunModel)" time="0.025" />
  <testcase classname="ptolemy.util.test.junit.AutoTests" name="[100] /home/travis/build/icyphy/ptII/ptolemy/actor/lib/test/auto/ConstraintMonitor7.xml (RunModel)" time="0.015" />
  <testcase classname="ptolemy.util.test.junit.AutoTests" name="[101] /home/travis/build/icyphy/ptII/ptolemy/actor/lib/test/auto/ConstraintMonitor8.xml (RunModel)" time="0.021" />
  <testcase classname="ptolemy.util.test.junit.AutoTests" name="[102] /home/travis/build/icyphy/ptII/ptolemy/actor/lib/test/auto/Counter.xml (RunModel)" time="0.012" />
  <testcase classname="ptolemy.util.test.junit.AutoTests" name="[103] /home/travis/build/icyphy/ptII/ptolemy/actor/lib/test/auto/CurrentTimeSDF.xml (RunModel)" time="0.008" />
  <testcase classname="ptolemy.util.test.junit.AutoTests" name="[104] /home/travis/build/icyphy/ptII/ptolemy/actor/lib/test/auto/DB.xml (RunModel)" time="0.015" />
  <testcase classname="ptolemy.util.test.junit.AutoTests" name="[105] /home/travis/build/icyphy/ptII/ptolemy/actor/lib/test/auto/DBDE.xml (RunModel)" time="0.017" />
  <testcase classname="ptolemy.util.test.junit.AutoTests" name="[106] /home/travis/build/icyphy/ptII/ptolemy/actor/lib/test/auto/DateConstructor.xml (RunModel)" time="0.065" />
  <testcase classname="ptolemy.util.test.junit.AutoTests" name="[107] /home/travis/build/icyphy/ptII/ptolemy/actor/lib/test/auto/DelayTime.xml (RunModel)" time="0.018" />
  <testcase classname="ptolemy.util.test.junit.AutoTests" name="[108] /home/travis/build/icyphy/ptII/ptolemy/actor/lib/test/auto/Dictionary1.xml (RunModel)" time="0.017" />
  <testcase classname="ptolemy.util.test.junit.AutoTests" name="[109] /home/travis/build/icyphy/ptII/ptolemy/actor/lib/test/auto/Dictionary2.xml (RunModel)" time="0.014" />
  <testcase classname="ptolemy.util.test.junit.AutoTests" name="[110] /home/travis/build/icyphy/ptII/ptolemy/actor/lib/test/auto/Dictionary3.xml (RunModel)" time="0.012" />
  <testcase classname="ptolemy.util.test.junit.AutoTests" name="[111] /home/travis/build/icyphy/ptII/ptolemy/actor/lib/test/auto/Dictionary4.xml (RunModel)" time="0.022" />
  <testcase classname="ptolemy.util.test.junit.AutoTests" name="[112] /home/travis/build/icyphy/ptII/ptolemy/actor/lib/test/auto/Differential.xml (RunModel)" time="0.013" />
  <testcase classname="ptolemy.util.test.junit.AutoTests" name="[113] /home/travis/build/icyphy/ptII/ptolemy/actor/lib/test/auto/Director.xml (RunModel)" time="0.01" />
  <testcase classname="ptolemy.util.test.junit.AutoTests" name="[114] /home/travis/build/icyphy/ptII/ptolemy/actor/lib/test/auto/DiscreteClock.xml (RunModel)" time="0.014" />
  <testcase classname="ptolemy.util.test.junit.AutoTests" name="[115] /home/travis/build/icyphy/ptII/ptolemy/actor/lib/test/auto/DiscreteClock10.xml (RunModel)" time="0.014" />
  <testcase classname="ptolemy.util.test.junit.AutoTests" name="[116] /home/travis/build/icyphy/ptII/ptolemy/actor/lib/test/auto/DiscreteClock11.xml (RunModel)" time="0.013" />
  <testcase classname="ptolemy.util.test.junit.AutoTests" name="[117] /home/travis/build/icyphy/ptII/ptolemy/actor/lib/test/auto/DiscreteClock12.xml (RunModel)" time="0.012" />
  <testcase classname="ptolemy.util.test.junit.AutoTests" name="[118] /home/travis/build/icyphy/ptII/ptolemy/actor/lib/test/auto/DiscreteClock13.xml (RunModel)" time="0.027" />
  <testcase classname="ptolemy.util.test.junit.AutoTests" name="[119] /home/travis/build/icyphy/ptII/ptolemy/actor/lib/test/auto/DiscreteClock14.xml (RunModel)" time="0.014" />
  <testcase classname="ptolemy.util.test.junit.AutoTests" name="[120] /home/travis/build/icyphy/ptII/ptolemy/actor/lib/test/auto/DiscreteClock15.xml (RunModel)" time="0.01" />
  <testcase classname="ptolemy.util.test.junit.AutoTests" name="[121] /home/travis/build/icyphy/ptII/ptolemy/actor/lib/test/auto/DiscreteClock16.xml (RunModel)" time="0.035" />
  <testcase classname="ptolemy.util.test.junit.AutoTests" name="[122] /home/travis/build/icyphy/ptII/ptolemy/actor/lib/test/auto/DiscreteClock17.xml (RunModel)" time="0.038" />
  <testcase classname="ptolemy.util.test.junit.AutoTests" name="[123] /home/travis/build/icyphy/ptII/ptolemy/actor/lib/test/auto/DiscreteClock18.xml (RunModel)" time="0.038" />
  <testcase classname="ptolemy.util.test.junit.AutoTests" name="[124] /home/travis/build/icyphy/ptII/ptolemy/actor/lib/test/auto/DiscreteClock19.xml (RunModel)" time="0.457" />
  <testcase classname="ptolemy.util.test.junit.AutoTests" name="[125] /home/travis/build/icyphy/ptII/ptolemy/actor/lib/test/auto/DiscreteClock2.xml (RunModel)" time="0.008" />
  <testcase classname="ptolemy.util.test.junit.AutoTests" name="[126] /home/travis/build/icyphy/ptII/ptolemy/actor/lib/test/auto/DiscreteClock20.xml (RunModel)" time="0.018" />
  <testcase classname="ptolemy.util.test.junit.AutoTests" name="[127] /home/travis/build/icyphy/ptII/ptolemy/actor/lib/test/auto/DiscreteClock21.xml (RunModel)" time="0.015" />
  <testcase classname="ptolemy.util.test.junit.AutoTests" name="[128] /home/travis/build/icyphy/ptII/ptolemy/actor/lib/test/auto/DiscreteClock22.xml (RunModel)" time="0.014" />
  <testcase classname="ptolemy.util.test.junit.AutoTests" name="[129] /home/travis/build/icyphy/ptII/ptolemy/actor/lib/test/auto/DiscreteClock23.xml (RunModel)" time="0.014" />
  <testcase classname="ptolemy.util.test.junit.AutoTests" name="[130] /home/travis/build/icyphy/ptII/ptolemy/actor/lib/test/auto/DiscreteClock24.xml (RunModel)" time="0.015" />
  <testcase classname="ptolemy.util.test.junit.AutoTests" name="[131] /home/travis/build/icyphy/ptII/ptolemy/actor/lib/test/auto/DiscreteClock4.xml (RunModel)" time="0.009" />
  <testcase classname="ptolemy.util.test.junit.AutoTests" name="[132] /home/travis/build/icyphy/ptII/ptolemy/actor/lib/test/auto/DiscreteClock5.xml (RunModel)" time="0.009" />
  <testcase classname="ptolemy.util.test.junit.AutoTests" name="[133] /home/travis/build/icyphy/ptII/ptolemy/actor/lib/test/auto/DiscreteClock6.xml (RunModel)" time="0.007" />
  <testcase classname="ptolemy.util.test.junit.AutoTests" name="[134] /home/travis/build/icyphy/ptII/ptolemy/actor/lib/test/auto/DiscreteClock7.xml (RunModel)" time="0.013" />
  <testcase classname="ptolemy.util.test.junit.AutoTests" name="[135] /home/travis/build/icyphy/ptII/ptolemy/actor/lib/test/auto/DiscreteClock8.xml (RunModel)" time="0.014" />
  <testcase classname="ptolemy.util.test.junit.AutoTests" name="[136] /home/travis/build/icyphy/ptII/ptolemy/actor/lib/test/auto/DiscreteClock9.xml (RunModel)" time="0.014" />
  <testcase classname="ptolemy.util.test.junit.AutoTests" name="[137] /home/travis/build/icyphy/ptII/ptolemy/actor/lib/test/auto/DisplayArray.xml (RunModel)" time="0.007" />
  <testcase classname="ptolemy.util.test.junit.AutoTests" name="[138] /home/travis/build/icyphy/ptII/ptolemy/actor/lib/test/auto/Distributor.xml (RunModel)" time="0.008" />
  <testcase classname="ptolemy.util.test.junit.AutoTests" name="[139] /home/travis/build/icyphy/ptII/ptolemy/actor/lib/test/auto/Distributor2.xml (RunModel)" time="0.008" />
  <testcase classname="ptolemy.util.test.junit.AutoTests" name="[140] /home/travis/build/icyphy/ptII/ptolemy/actor/lib/test/auto/DownSample.xml (RunModel)" time="0.009" />
  <testcase classname="ptolemy.util.test.junit.AutoTests" name="[141] /home/travis/build/icyphy/ptII/ptolemy/actor/lib/test/auto/ElectronicUnitBase1.xml (RunModel)" time="0.054" />
  <testcase classname="ptolemy.util.test.junit.AutoTests" name="[142] /home/travis/build/icyphy/ptII/ptolemy/actor/lib/test/auto/ElementsToArray.xml (RunModel)" time="0.009" />
  <testcase classname="ptolemy.util.test.junit.AutoTests" name="[143] /home/travis/build/icyphy/ptII/ptolemy/actor/lib/test/auto/Equals.xml (RunModel)" time="0.01" />
  <testcase classname="ptolemy.util.test.junit.AutoTests" name="[144] /home/travis/build/icyphy/ptII/ptolemy/actor/lib/test/auto/Exec.xml (RunModel)" time="0.019" />
  <testcase classname="ptolemy.util.test.junit.AutoTests" name="[145] /home/travis/build/icyphy/ptII/ptolemy/actor/lib/test/auto/ExecEnvironment.xml (RunModel)" time="0.043" />
  <testcase classname="ptolemy.util.test.junit.AutoTests" name="[146] /home/travis/build/icyphy/ptII/ptolemy/actor/lib/test/auto/ExecNonZeroReturnOutput.xml (RunModel)" time="0.134" />
  <testcase classname="ptolemy.util.test.junit.AutoTests" name="[147] /home/travis/build/icyphy/ptII/ptolemy/actor/lib/test/auto/ExecRunDemos.xml (RunModel)" time="9.16" />
  <testcase classname="ptolemy.util.test.junit.AutoTests" name="[148] /home/travis/build/icyphy/ptII/ptolemy/actor/lib/test/auto/ExecStop.xml (RunModel)" time="5.021" />
  <testcase classname="ptolemy.util.test.junit.AutoTests" name="[149] /home/travis/build/icyphy/ptII/ptolemy/actor/lib/test/auto/ExecutionTimeSDF.xml (RunModel)" time="6.031" />
  <testcase classname="ptolemy.util.test.junit.AutoTests" name="[150] /home/travis/build/icyphy/ptII/ptolemy/actor/lib/test/auto/Expression1.xml (RunModel)" time="0.016" />
  <testcase classname="ptolemy.util.test.junit.AutoTests" name="[151] /home/travis/build/icyphy/ptII/ptolemy/actor/lib/test/auto/Expression10.xml (RunModel)" time="0.02" />
  <testcase classname="ptolemy.util.test.junit.AutoTests" name="[152] /home/travis/build/icyphy/ptII/ptolemy/actor/lib/test/auto/Expression11.xml (RunModel)" time="0.013" />
  <testcase classname="ptolemy.util.test.junit.AutoTests" name="[153] /home/travis/build/icyphy/ptII/ptolemy/actor/lib/test/auto/Expression12.xml (RunModel)" time="0.016" />
  <testcase classname="ptolemy.util.test.junit.AutoTests" name="[154] /home/travis/build/icyphy/ptII/ptolemy/actor/lib/test/auto/Expression13.xml (RunModel)" time="0.019" />
  <testcase classname="ptolemy.util.test.junit.AutoTests" name="[155] /home/travis/build/icyphy/ptII/ptolemy/actor/lib/test/auto/Expression14.xml (RunModel)" time="0.021" />
  <testcase classname="ptolemy.util.test.junit.AutoTests" name="[156] /home/travis/build/icyphy/ptII/ptolemy/actor/lib/test/auto/Expression15.xml (RunModel)" time="0.009" />
  <testcase classname="ptolemy.util.test.junit.AutoTests" name="[157] /home/travis/build/icyphy/ptII/ptolemy/actor/lib/test/auto/Expression16.xml (RunModel)" time="0.013" />
  <testcase classname="ptolemy.util.test.junit.AutoTests" name="[158] /home/travis/build/icyphy/ptII/ptolemy/actor/lib/test/auto/Expression17.xml (RunModel)" time="0.012" />
  <testcase classname="ptolemy.util.test.junit.AutoTests" name="[159] /home/travis/build/icyphy/ptII/ptolemy/actor/lib/test/auto/Expression18.xml (RunModel)" time="0.015" />
  <testcase classname="ptolemy.util.test.junit.AutoTests" name="[160] /home/travis/build/icyphy/ptII/ptolemy/actor/lib/test/auto/Expression2.xml (RunModel)" time="0.026" />
  <testcase classname="ptolemy.util.test.junit.AutoTests" name="[161] /home/travis/build/icyphy/ptII/ptolemy/actor/lib/test/auto/Expression3.xml (RunModel)" time="0.014" />
  <testcase classname="ptolemy.util.test.junit.AutoTests" name="[162] /home/travis/build/icyphy/ptII/ptolemy/actor/lib/test/auto/Expression4.xml (RunModel)" time="0.018" />
  <testcase classname="ptolemy.util.test.junit.AutoTests" name="[163] /home/travis/build/icyphy/ptII/ptolemy/actor/lib/test/auto/Expression5.xml (RunModel)" time="0.015" />
  <testcase classname="ptolemy.util.test.junit.AutoTests" name="[164] /home/travis/build/icyphy/ptII/ptolemy/actor/lib/test/auto/Expression6.xml (RunModel)" time="0.011" />
  <testcase classname="ptolemy.util.test.junit.AutoTests" name="[165] /home/travis/build/icyphy/ptII/ptolemy/actor/lib/test/auto/Expression7.xml (RunModel)" time="0.014" />
  <testcase classname="ptolemy.util.test.junit.AutoTests" name="[166] /home/travis/build/icyphy/ptII/ptolemy/actor/lib/test/auto/Expression8.xml (RunModel)" time="0.023" />
  <testcase classname="ptolemy.util.test.junit.AutoTests" name="[167] /home/travis/build/icyphy/ptII/ptolemy/actor/lib/test/auto/Expression9.xml (RunModel)" time="0.009" />
  <testcase classname="ptolemy.util.test.junit.AutoTests" name="[168] /home/travis/build/icyphy/ptII/ptolemy/actor/lib/test/auto/ExpressionConcatenateArrayType.xml (RunModel)" time="0.025" />
  <testcase classname="ptolemy.util.test.junit.AutoTests" name="[169] /home/travis/build/icyphy/ptII/ptolemy/actor/lib/test/auto/ExpressionConcatenateArrayType2.xml (RunModel)" time="0.02" />
  <testcase classname="ptolemy.util.test.junit.AutoTests" name="[170] /home/travis/build/icyphy/ptII/ptolemy/actor/lib/test/auto/ExpressionFix.xml (RunModel)" time="0.04" />
  <testcase classname="ptolemy.util.test.junit.AutoTests" name="[171] /home/travis/build/icyphy/ptII/ptolemy/actor/lib/test/auto/ExpressionFix2.xml (RunModel)" time="0.012" />
  <testcase classname="ptolemy.util.test.junit.AutoTests" name="[172] /home/travis/build/icyphy/ptII/ptolemy/actor/lib/test/auto/ExpressionFix3.xml (RunModel)" time="0.013" />
  <testcase classname="ptolemy.util.test.junit.AutoTests" name="[173] /home/travis/build/icyphy/ptII/ptolemy/actor/lib/test/auto/FileWriter1.xml (RunModel)" time="0.008" />
  <testcase classname="ptolemy.util.test.junit.AutoTests" name="[174] /home/travis/build/icyphy/ptII/ptolemy/actor/lib/test/auto/FileWriter2.xml (RunModel)" time="0.014" />
  <testcase classname="ptolemy.util.test.junit.AutoTests" name="[175] /home/travis/build/icyphy/ptII/ptolemy/actor/lib/test/auto/FileWriter3.xml (RunModel)" time="0.01" />
  <testcase classname="ptolemy.util.test.junit.AutoTests" name="[176] /home/travis/build/icyphy/ptII/ptolemy/actor/lib/test/auto/Gaussian.xml (RunModel)" time="0.009" />
  <testcase classname="ptolemy.util.test.junit.AutoTests" name="[177] /home/travis/build/icyphy/ptII/ptolemy/actor/lib/test/auto/Gaussian1.xml (RunModel)" time="0.021" />
  <testcase classname="ptolemy.util.test.junit.AutoTests" name="[178] /home/travis/build/icyphy/ptII/ptolemy/actor/lib/test/auto/Gaussian2.xml (RunModel)" time="0.021" />
  <testcase classname="ptolemy.util.test.junit.AutoTests" name="[179] /home/travis/build/icyphy/ptII/ptolemy/actor/lib/test/auto/GradientAdaptiveLattice.xml (RunModel)" time="0.014" />
  <testcase classname="ptolemy.util.test.junit.AutoTests" name="[180] /home/travis/build/icyphy/ptII/ptolemy/actor/lib/test/auto/IIR.xml (RunModel)" time="0.009" />
  <testcase classname="ptolemy.util.test.junit.AutoTests" name="[181] /home/travis/build/icyphy/ptII/ptolemy/actor/lib/test/auto/InputOutputTransparentPorts.xml (RunModel)" time="0.017" />
  <testcase classname="ptolemy.util.test.junit.AutoTests" name="[182] /home/travis/build/icyphy/ptII/ptolemy/actor/lib/test/auto/Interpolator.xml (RunModel)" time="0.012" />
  <testcase classname="ptolemy.util.test.junit.AutoTests" name="[183] /home/travis/build/icyphy/ptII/ptolemy/actor/lib/test/auto/InterpolatorFiringLimitDE.xml (RunModel)" time="0.012" />
  <testcase classname="ptolemy.util.test.junit.AutoTests" name="[184] /home/travis/build/icyphy/ptII/ptolemy/actor/lib/test/auto/Lattice.xml (RunModel)" time="0.007" />
  <testcase classname="ptolemy.util.test.junit.AutoTests" name="[185] /home/travis/build/icyphy/ptII/ptolemy/actor/lib/test/auto/LazyAOCTestLazy.xml (RunModel)" time="0.024" />
  <testcase classname="ptolemy.util.test.junit.AutoTests" name="[186] /home/travis/build/icyphy/ptII/ptolemy/actor/lib/test/auto/LazyAOCTestNonLazy.xml (RunModel)" time="0.055" />
  <testcase classname="ptolemy.util.test.junit.AutoTests" name="[187] /home/travis/build/icyphy/ptII/ptolemy/actor/lib/test/auto/LazyInnerClass.xml (RunModel)" time="0.047" />
  <testcase classname="ptolemy.util.test.junit.AutoTests" name="[188] /home/travis/build/icyphy/ptII/ptolemy/actor/lib/test/auto/LazyPubSub.xml (RunModel)" time="0.061" />
  <testcase classname="ptolemy.util.test.junit.AutoTests" name="[189] /home/travis/build/icyphy/ptII/ptolemy/actor/lib/test/auto/LazyPubSub2.xml (RunModel)" time="0.057" />
  <testcase classname="ptolemy.util.test.junit.AutoTests" name="[190] /home/travis/build/icyphy/ptII/ptolemy/actor/lib/test/auto/LazyPubSub3.xml (RunModel)" time="0.022" />
  <testcase classname="ptolemy.util.test.junit.AutoTests" name="[191] /home/travis/build/icyphy/ptII/ptolemy/actor/lib/test/auto/LazySubClassModel.xml (RunModel)" time="0.019" />
  <testcase classname="ptolemy.util.test.junit.AutoTests" name="[192] /home/travis/build/icyphy/ptII/ptolemy/actor/lib/test/auto/LevelCrossTest1.xml (RunModel)" time="0.01" />
  <testcase classname="ptolemy.util.test.junit.AutoTests" name="[193] /home/travis/build/icyphy/ptII/ptolemy/actor/lib/test/auto/LevelCrossTest10.xml (RunModel)" time="0.015" />
  <testcase classname="ptolemy.util.test.junit.AutoTests" name="[194] /home/travis/build/icyphy/ptII/ptolemy/actor/lib/test/auto/LevelCrossTest11.xml (RunModel)" time="0.012" />
  <testcase classname="ptolemy.util.test.junit.AutoTests" name="[195] /home/travis/build/icyphy/ptII/ptolemy/actor/lib/test/auto/LevelCrossTest12.xml (RunModel)" time="0.016" />
  <testcase classname="ptolemy.util.test.junit.AutoTests" name="[196] /home/travis/build/icyphy/ptII/ptolemy/actor/lib/test/auto/LevelCrossTest13.xml (RunModel)" time="0.013" />
  <testcase classname="ptolemy.util.test.junit.AutoTests" name="[197] /home/travis/build/icyphy/ptII/ptolemy/actor/lib/test/auto/LevelCrossTest2.xml (RunModel)" time="0.011" />
  <testcase classname="ptolemy.util.test.junit.AutoTests" name="[198] /home/travis/build/icyphy/ptII/ptolemy/actor/lib/test/auto/LevelCrossTest3.xml (RunModel)" time="0.013" />
  <testcase classname="ptolemy.util.test.junit.AutoTests" name="[199] /home/travis/build/icyphy/ptII/ptolemy/actor/lib/test/auto/LevelCrossTest4.xml (RunModel)" time="0.011" />
  <testcase classname="ptolemy.util.test.junit.AutoTests" name="[200] /home/travis/build/icyphy/ptII/ptolemy/actor/lib/test/auto/LevelCrossTest5.xml (RunModel)" time="0.014" />
  <testcase classname="ptolemy.util.test.junit.AutoTests" name="[201] /home/travis/build/icyphy/ptII/ptolemy/actor/lib/test/auto/LevelCrossTest6.xml (RunModel)" time="0.013" />
  <testcase classname="ptolemy.util.test.junit.AutoTests" name="[202] /home/travis/build/icyphy/ptII/ptolemy/actor/lib/test/auto/LevelCrossTest7.xml (RunModel)" time="0.014" />
  <testcase classname="ptolemy.util.test.junit.AutoTests" name="[203] /home/travis/build/icyphy/ptII/ptolemy/actor/lib/test/auto/LevelCrossTest8.xml (RunModel)" time="0.012" />
  <testcase classname="ptolemy.util.test.junit.AutoTests" name="[204] /home/travis/build/icyphy/ptII/ptolemy/actor/lib/test/auto/LevelCrossTest9.xml (RunModel)" time="0.013" />
  <testcase classname="ptolemy.util.test.junit.AutoTests" name="[205] /home/travis/build/icyphy/ptII/ptolemy/actor/lib/test/auto/LevinsonDurbin.xml (RunModel)" time="0.009" />
  <testcase classname="ptolemy.util.test.junit.AutoTests" name="[206] /home/travis/build/icyphy/ptII/ptolemy/actor/lib/test/auto/LevinsonDurbin2.xml (RunModel)" time="0.008" />
  <testcase classname="ptolemy.util.test.junit.AutoTests" name="[207] /home/travis/build/icyphy/ptII/ptolemy/actor/lib/test/auto/LevinsonDurbin3.xml (RunModel)" time="0.009" />
  <testcase classname="ptolemy.util.test.junit.AutoTests" name="[208] /home/travis/build/icyphy/ptII/ptolemy/actor/lib/test/auto/Limiter.xml (RunModel)" time="0.024" />
  <testcase classname="ptolemy.util.test.junit.AutoTests" name="[209] /home/travis/build/icyphy/ptII/ptolemy/actor/lib/test/auto/LinearDifferenceEquationSystem.xml (RunModel)" time="0.02" />
  <testcase classname="ptolemy.util.test.junit.AutoTests" name="[210] /home/travis/build/icyphy/ptII/ptolemy/actor/lib/test/auto/LookupTable.xml (RunModel)" time="0.01" />
  <testcase classname="ptolemy.util.test.junit.AutoTests" name="[211] /home/travis/build/icyphy/ptII/ptolemy/actor/lib/test/auto/MathFunction.xml (RunModel)" time="0.019" />
  <testcase classname="ptolemy.util.test.junit.AutoTests" name="[212] /home/travis/build/icyphy/ptII/ptolemy/actor/lib/test/auto/MathFunction2.xml (RunModel)" time="0.016" />
  <testcase classname="ptolemy.util.test.junit.AutoTests" name="[213] /home/travis/build/icyphy/ptII/ptolemy/actor/lib/test/auto/MathFunction3.xml (RunModel)" time="0.018" />
  <testcase classname="ptolemy.util.test.junit.AutoTests" name="[214] /home/travis/build/icyphy/ptII/ptolemy/actor/lib/test/auto/MatrixCropBoolean.xml (RunModel)" time="0.01" />
  <testcase classname="ptolemy.util.test.junit.AutoTests" name="[215] /home/travis/build/icyphy/ptII/ptolemy/actor/lib/test/auto/MatrixCropComplex.xml (RunModel)" time="0.011" />
  <testcase classname="ptolemy.util.test.junit.AutoTests" name="[216] /home/travis/build/icyphy/ptII/ptolemy/actor/lib/test/auto/MatrixCropDouble.xml (RunModel)" time="0.011" />
  <testcase classname="ptolemy.util.test.junit.AutoTests" name="[217] /home/travis/build/icyphy/ptII/ptolemy/actor/lib/test/auto/MatrixCropFix.xml (RunModel)" time="0.01" />
  <testcase classname="ptolemy.util.test.junit.AutoTests" name="[218] /home/travis/build/icyphy/ptII/ptolemy/actor/lib/test/auto/MatrixCropInt.xml (RunModel)" time="0.01" />
  <testcase classname="ptolemy.util.test.junit.AutoTests" name="[219] /home/travis/build/icyphy/ptII/ptolemy/actor/lib/test/auto/MatrixCropLong.xml (RunModel)" time="0.009" />
  <testcase classname="ptolemy.util.test.junit.AutoTests" name="[220] /home/travis/build/icyphy/ptII/ptolemy/actor/lib/test/auto/MatrixToArray.xml (RunModel)" time="0.042" />
  <testcase classname="ptolemy.util.test.junit.AutoTests" name="[221] /home/travis/build/icyphy/ptII/ptolemy/actor/lib/test/auto/MaxIndex.xml (RunModel)" time="0.017" />
  <testcase classname="ptolemy.util.test.junit.AutoTests" name="[222] /home/travis/build/icyphy/ptII/ptolemy/actor/lib/test/auto/Maximum.xml (RunModel)" time="0.018" />
  <testcase classname="ptolemy.util.test.junit.AutoTests" name="[223] /home/travis/build/icyphy/ptII/ptolemy/actor/lib/test/auto/MaximumComplex.xml (RunModel)" time="0.022" />
  <testcase classname="ptolemy.util.test.junit.AutoTests" name="[224] /home/travis/build/icyphy/ptII/ptolemy/actor/lib/test/auto/MethodCallTest.xml (RunModel)" time="0.056" />
  <testcase classname="ptolemy.util.test.junit.AutoTests" name="[225] /home/travis/build/icyphy/ptII/ptolemy/actor/lib/test/auto/Minimum.xml (RunModel)" time="0.05" />
  <testcase classname="ptolemy.util.test.junit.AutoTests" name="[226] /home/travis/build/icyphy/ptII/ptolemy/actor/lib/test/auto/MinimumComplex.xml (RunModel)" time="0.042" />
  <testcase classname="ptolemy.util.test.junit.AutoTests" name="[227] /home/travis/build/icyphy/ptII/ptolemy/actor/lib/test/auto/MinimumMultiports.xml (RunModel)" time="0.046" />
  <testcase classname="ptolemy.util.test.junit.AutoTests" name="[228] /home/travis/build/icyphy/ptII/ptolemy/actor/lib/test/auto/ModifyDate.xml (RunModel)" time="0.038" />
  <testcase classname="ptolemy.util.test.junit.AutoTests" name="[229] /home/travis/build/icyphy/ptII/ptolemy/actor/lib/test/auto/ModifyDate2.xml (RunModel)" time="0.03" />
  <testcase classname="ptolemy.util.test.junit.AutoTests" name="[230] /home/travis/build/icyphy/ptII/ptolemy/actor/lib/test/auto/MovingAverage.xml (RunModel)" time="0.013" />
  <testcase classname="ptolemy.util.test.junit.AutoTests" name="[231] /home/travis/build/icyphy/ptII/ptolemy/actor/lib/test/auto/MovingMaximum.xml (RunModel)" time="0.011" />
  <testcase classname="ptolemy.util.test.junit.AutoTests" name="[232] /home/travis/build/icyphy/ptII/ptolemy/actor/lib/test/auto/MultipleLinksToSameRelation.xml (RunModel)" time="0.015" />
  <testcase classname="ptolemy.util.test.junit.AutoTests" name="[233] /home/travis/build/icyphy/ptII/ptolemy/actor/lib/test/auto/MultipleLinksToSameRelationDE.xml (RunModel)" time="0.008" />
  <testcase classname="ptolemy.util.test.junit.AutoTests" name="[234] /home/travis/build/icyphy/ptII/ptolemy/actor/lib/test/auto/Multiplexor.xml (RunModel)" time="0.012" />
  <testcase classname="ptolemy.util.test.junit.AutoTests" name="[235] /home/travis/build/icyphy/ptII/ptolemy/actor/lib/test/auto/Multiplexor1.xml (RunModel)" time="0.011" />
  <testcase classname="ptolemy.util.test.junit.AutoTests" name="[236] /home/travis/build/icyphy/ptII/ptolemy/actor/lib/test/auto/Multiplexor2.xml (RunModel)" time="0.013" />
  <testcase classname="ptolemy.util.test.junit.AutoTests" name="[237] /home/travis/build/icyphy/ptII/ptolemy/actor/lib/test/auto/Multiplexor3.xml (RunModel)" time="0.009" />
  <testcase classname="ptolemy.util.test.junit.AutoTests" name="[238] /home/travis/build/icyphy/ptII/ptolemy/actor/lib/test/auto/MultiplexorDE.xml (RunModel)" time="0.016" />
  <testcase classname="ptolemy.util.test.junit.AutoTests" name="[239] /home/travis/build/icyphy/ptII/ptolemy/actor/lib/test/auto/MultiportBroadcastTest.xml (RunModel)" time="0.06" />
  <testcase classname="ptolemy.util.test.junit.AutoTests" name="[240] /home/travis/build/icyphy/ptII/ptolemy/actor/lib/test/auto/MultiportOutHangDuringGetWidth.xml (RunModel)" time="0.035" />
  <testcase classname="ptolemy.util.test.junit.AutoTests" name="[241] /home/travis/build/icyphy/ptII/ptolemy/actor/lib/test/auto/NilToken.xml (RunModel)" time="0.007" />
  <testcase classname="ptolemy.util.test.junit.AutoTests" name="[242] /home/travis/build/icyphy/ptII/ptolemy/actor/lib/test/auto/NilTokenNonStrictTest.xml (RunModel)" time="0.011" />
  <testcase classname="ptolemy.util.test.junit.AutoTests" name="[243] /home/travis/build/icyphy/ptII/ptolemy/actor/lib/test/auto/NilTokenRecord.xml (RunModel)" time="0.019" />
  <testcase classname="ptolemy.util.test.junit.AutoTests" name="[244] /home/travis/build/icyphy/ptII/ptolemy/actor/lib/test/auto/NilTokenTypeTest.xml (RunModel)" time="0.025" />
  <testcase classname="ptolemy.util.test.junit.AutoTests" name="[245] /home/travis/build/icyphy/ptII/ptolemy/actor/lib/test/auto/ObjectToken1.xml (RunModel)" time="0.008" />
  <testcase classname="ptolemy.util.test.junit.AutoTests" name="[246] /home/travis/build/icyphy/ptII/ptolemy/actor/lib/test/auto/OrderedMerge.xml (RunModel)" time="0.012" />
  <testcase classname="ptolemy.util.test.junit.AutoTests" name="[247] /home/travis/build/icyphy/ptII/ptolemy/actor/lib/test/auto/OrderedRecordDisassembler.xml (RunModel)" time="0.013" />
  <testcase classname="ptolemy.util.test.junit.AutoTests" name="[248] /home/travis/build/icyphy/ptII/ptolemy/actor/lib/test/auto/OrderedRecordDisassembler2.xml (RunModel)" time="0.018" />
  <testcase classname="ptolemy.util.test.junit.AutoTests" name="[249] /home/travis/build/icyphy/ptII/ptolemy/actor/lib/test/auto/OrderedRecordUpdater.xml (RunModel)" time="0.009" />
  <testcase classname="ptolemy.util.test.junit.AutoTests" name="[250] /home/travis/build/icyphy/ptII/ptolemy/actor/lib/test/auto/OrderedRecordUpdater2.xml (RunModel)" time="0.01" />
  <testcase classname="ptolemy.util.test.junit.AutoTests" name="[251] /home/travis/build/icyphy/ptII/ptolemy/actor/lib/test/auto/PhaseUnwrap.xml (RunModel)" time="0.011" />
  <testcase classname="ptolemy.util.test.junit.AutoTests" name="[252] /home/travis/build/icyphy/ptII/ptolemy/actor/lib/test/auto/PoissonClock.xml (RunModel)" time="0.009" />
  <testcase classname="ptolemy.util.test.junit.AutoTests" name="[253] /home/travis/build/icyphy/ptII/ptolemy/actor/lib/test/auto/PoissonClock2.xml (RunModel)" time="0.008" />
  <testcase classname="ptolemy.util.test.junit.AutoTests" name="[254] /home/travis/build/icyphy/ptII/ptolemy/actor/lib/test/auto/PoissonClock3.xml (RunModel)" time="0.009" />
  <testcase classname="ptolemy.util.test.junit.AutoTests" name="[255] /home/travis/build/icyphy/ptII/ptolemy/actor/lib/test/auto/PubSubWithInitialTokens.xml (RunModel)" time="0.014" />
  <testcase classname="ptolemy.util.test.junit.AutoTests" name="[256] /home/travis/build/icyphy/ptII/ptolemy/actor/lib/test/auto/PubSubWithInitialTokens2.xml (RunModel)" time="0.012" />
  <testcase classname="ptolemy.util.test.junit.AutoTests" name="[257] /home/travis/build/icyphy/ptII/ptolemy/actor/lib/test/auto/PublisherClassNoParameter.xml (RunModel)" time="0.023" />
  <testcase classname="ptolemy.util.test.junit.AutoTests" name="[258] /home/travis/build/icyphy/ptII/ptolemy/actor/lib/test/auto/PublisherClassParameter.xml (RunModel)" time="0.021" />
  <testcase classname="ptolemy.util.test.junit.AutoTests" name="[259] /home/travis/build/icyphy/ptII/ptolemy/actor/lib/test/auto/PublisherNonStrictTest.xml (RunModel)" time="0.015" />
  <testcase classname="ptolemy.util.test.junit.AutoTests" name="[260] /home/travis/build/icyphy/ptII/ptolemy/actor/lib/test/auto/PublisherPort1.xml (RunModel)" time="0.01" />
  <testcase classname="ptolemy.util.test.junit.AutoTests" name="[261] /home/travis/build/icyphy/ptII/ptolemy/actor/lib/test/auto/PublisherPort2.xml (RunModel)" time="0.01" />
  <testcase classname="ptolemy.util.test.junit.AutoTests" name="[262] /home/travis/build/icyphy/ptII/ptolemy/actor/lib/test/auto/PublisherPort3.xml (RunModel)" time="0.015" />
  <testcase classname="ptolemy.util.test.junit.AutoTests" name="[263] /home/travis/build/icyphy/ptII/ptolemy/actor/lib/test/auto/PublisherPort4.xml (RunModel)" time="0.011" />
  <testcase classname="ptolemy.util.test.junit.AutoTests" name="[264] /home/travis/build/icyphy/ptII/ptolemy/actor/lib/test/auto/PublisherPort5.xml (RunModel)" time="0.015" />
  <testcase classname="ptolemy.util.test.junit.AutoTests" name="[265] /home/travis/build/icyphy/ptII/ptolemy/actor/lib/test/auto/PublisherPort5LookAlike.xml (RunModel)" time="0.015" />
  <testcase classname="ptolemy.util.test.junit.AutoTests" name="[266] /home/travis/build/icyphy/ptII/ptolemy/actor/lib/test/auto/PublisherPort6.xml (RunModel)" time="0.012" />
  <testcase classname="ptolemy.util.test.junit.AutoTests" name="[267] /home/travis/build/icyphy/ptII/ptolemy/actor/lib/test/auto/PublisherPort7.xml (RunModel)" time="0.015" />
  <testcase classname="ptolemy.util.test.junit.AutoTests" name="[268] /home/travis/build/icyphy/ptII/ptolemy/actor/lib/test/auto/PublisherPort8.xml (RunModel)" time="0.016" />
  <testcase classname="ptolemy.util.test.junit.AutoTests" name="[269] /home/travis/build/icyphy/ptII/ptolemy/actor/lib/test/auto/PublisherPortSubscriberChannelVariablesAOC2.xml (RunModel)" time="0.032" />
  <testcase classname="ptolemy.util.test.junit.AutoTests" name="[270] /home/travis/build/icyphy/ptII/ptolemy/actor/lib/test/auto/PublisherPortSubscriberOpaqueWidthInference.xml (RunModel)" time="0.015" />
  <testcase classname="ptolemy.util.test.junit.AutoTests" name="[271] /home/travis/build/icyphy/ptII/ptolemy/actor/lib/test/auto/PublisherPortSubscriberPortAdjacent.xml (RunModel)" time="0.017" />
  <testcase classname="ptolemy.util.test.junit.AutoTests" name="[272] /home/travis/build/icyphy/ptII/ptolemy/actor/lib/test/auto/PublisherPortSubscriberPortExpression.xml (RunModel)" time="0.016" />
  <testcase classname="ptolemy.util.test.junit.AutoTests" name="[273] /home/travis/build/icyphy/ptII/ptolemy/actor/lib/test/auto/PublisherPortSubscriberPortOpaqueD3Reverse.xml (RunModel)" time="0.021" />
  <testcase classname="ptolemy.util.test.junit.AutoTests" name="[274] /home/travis/build/icyphy/ptII/ptolemy/actor/lib/test/auto/PublisherPortSubscriberPortOpaqueWidthInference.xml (RunModel)" time="0.016" />
  <testcase classname="ptolemy.util.test.junit.AutoTests" name="[275] /home/travis/build/icyphy/ptII/ptolemy/actor/lib/test/auto/PublisherPortToplevelSubscriberPortAOC.xml (RunModel)" time="0.011" />
  <testcase classname="ptolemy.util.test.junit.AutoTests" name="[276] /home/travis/build/icyphy/ptII/ptolemy/actor/lib/test/auto/PublisherSubscriber.xml (RunModel)" time="0.014" />
  <testcase classname="ptolemy.util.test.junit.AutoTests" name="[277] /home/travis/build/icyphy/ptII/ptolemy/actor/lib/test/auto/PublisherSubscriber10.xml (RunModel)" time="0.019" />
  <testcase classname="ptolemy.util.test.junit.AutoTests" name="[278] /home/travis/build/icyphy/ptII/ptolemy/actor/lib/test/auto/PublisherSubscriber10InitialOutputs.xml (RunModel)" time="0.018" />
  <testcase classname="ptolemy.util.test.junit.AutoTests" name="[279] /home/travis/build/icyphy/ptII/ptolemy/actor/lib/test/auto/PublisherSubscriber11.xml (RunModel)" time="0.025" />
  <testcase classname="ptolemy.util.test.junit.AutoTests" name="[280] /home/travis/build/icyphy/ptII/ptolemy/actor/lib/test/auto/PublisherSubscriber12.xml (RunModel)" time="0.034" />
  <testcase classname="ptolemy.util.test.junit.AutoTests" name="[281] /home/travis/build/icyphy/ptII/ptolemy/actor/lib/test/auto/PublisherSubscriber13.xml (RunModel)" time="0.011" />
  <testcase classname="ptolemy.util.test.junit.AutoTests" name="[282] /home/travis/build/icyphy/ptII/ptolemy/actor/lib/test/auto/PublisherSubscriber14.xml (RunModel)" time="0.021" />
  <testcase classname="ptolemy.util.test.junit.AutoTests" name="[283] /home/travis/build/icyphy/ptII/ptolemy/actor/lib/test/auto/PublisherSubscriber2.xml (RunModel)" time="0.009" />
  <testcase classname="ptolemy.util.test.junit.AutoTests" name="[284] /home/travis/build/icyphy/ptII/ptolemy/actor/lib/test/auto/PublisherSubscriber3.xml (RunModel)" time="0.01" />
  <testcase classname="ptolemy.util.test.junit.AutoTests" name="[285] /home/travis/build/icyphy/ptII/ptolemy/actor/lib/test/auto/PublisherSubscriber4.xml (RunModel)" time="0.01" />
  <testcase classname="ptolemy.util.test.junit.AutoTests" name="[286] /home/travis/build/icyphy/ptII/ptolemy/actor/lib/test/auto/PublisherSubscriber5.xml (RunModel)" time="0.013" />
  <testcase classname="ptolemy.util.test.junit.AutoTests" name="[287] /home/travis/build/icyphy/ptII/ptolemy/actor/lib/test/auto/PublisherSubscriber6.xml (RunModel)" time="0.013" />
  <testcase classname="ptolemy.util.test.junit.AutoTests" name="[288] /home/travis/build/icyphy/ptII/ptolemy/actor/lib/test/auto/PublisherSubscriber7.xml (RunModel)" time="0.014" />
  <testcase classname="ptolemy.util.test.junit.AutoTests" name="[289] /home/travis/build/icyphy/ptII/ptolemy/actor/lib/test/auto/PublisherSubscriber8.xml (RunModel)" time="0.025" />
  <testcase classname="ptolemy.util.test.junit.AutoTests" name="[290] /home/travis/build/icyphy/ptII/ptolemy/actor/lib/test/auto/PublisherSubscriber9.xml (RunModel)" time="0.016" />
  <testcase classname="ptolemy.util.test.junit.AutoTests" name="[291] /home/travis/build/icyphy/ptII/ptolemy/actor/lib/test/auto/PublisherSubscriberAdjacent.xml (RunModel)" time="0.018" />
  <testcase classname="ptolemy.util.test.junit.AutoTests" name="[292] /home/travis/build/icyphy/ptII/ptolemy/actor/lib/test/auto/PublisherSubscriberChannelVariablesAOC2.xml (RunModel)" time="0.028" />
  <testcase classname="ptolemy.util.test.junit.AutoTests" name="[293] /home/travis/build/icyphy/ptII/ptolemy/actor/lib/test/auto/PublisherSubscriberD3.xml (RunModel)" time="0.015" />
  <testcase classname="ptolemy.util.test.junit.AutoTests" name="[294] /home/travis/build/icyphy/ptII/ptolemy/actor/lib/test/auto/PublisherSubscriberD3Reverse.xml (RunModel)" time="0.011" />
  <testcase classname="ptolemy.util.test.junit.AutoTests" name="[295] /home/travis/build/icyphy/ptII/ptolemy/actor/lib/test/auto/PublisherSubscriberExpression.xml (RunModel)" time="0.017" />
  <testcase classname="ptolemy.util.test.junit.AutoTests" name="[296] /home/travis/build/icyphy/ptII/ptolemy/actor/lib/test/auto/PublisherSubscriberOpaque.xml (RunModel)" time="0.014" />
  <testcase classname="ptolemy.util.test.junit.AutoTests" name="[297] /home/travis/build/icyphy/ptII/ptolemy/actor/lib/test/auto/PublisherSubscriberOpaqueD3.xml (RunModel)" time="0.021" />
  <testcase classname="ptolemy.util.test.junit.AutoTests" name="[298] /home/travis/build/icyphy/ptII/ptolemy/actor/lib/test/auto/PublisherSubscriberOpaqueD3Reverse.xml (RunModel)" time="0.018" />
  <testcase classname="ptolemy.util.test.junit.AutoTests" name="[299] /home/travis/build/icyphy/ptII/ptolemy/actor/lib/test/auto/PublisherSubscriberOpaqueWidthInference.xml (RunModel)" time="0.015" />
  <testcase classname="ptolemy.util.test.junit.AutoTests" name="[300] /home/travis/build/icyphy/ptII/ptolemy/actor/lib/test/auto/PublisherTestSubscriber.xml (RunModel)" time="0.014" />
  <testcase classname="ptolemy.util.test.junit.AutoTests" name="[301] /home/travis/build/icyphy/ptII/ptolemy/actor/lib/test/auto/PublisherToplevelSubscriberPortAOC.xml (RunModel)" time="0.011" />
  <testcase classname="ptolemy.util.test.junit.AutoTests" name="[302] /home/travis/build/icyphy/ptII/ptolemy/actor/lib/test/auto/PulseFiringLimitDE.xml (RunModel)" time="0.012" />
  <testcase classname="ptolemy.util.test.junit.AutoTests" name="[303] /home/travis/build/icyphy/ptII/ptolemy/actor/lib/test/auto/Ramp1.xml (RunModel)" time="0.007" />
  <testcase classname="ptolemy.util.test.junit.AutoTests" name="[304] /home/travis/build/icyphy/ptII/ptolemy/actor/lib/test/auto/RampFiringLimitDE.xml (RunModel)" time="0.01" />
  <testcase classname="ptolemy.util.test.junit.AutoTests" name="[305] /home/travis/build/icyphy/ptII/ptolemy/actor/lib/test/auto/RampFiringLimitSDF.xml (RunModel)" time="0.009" />
  <testcase classname="ptolemy.util.test.junit.AutoTests" name="[306] /home/travis/build/icyphy/ptII/ptolemy/actor/lib/test/auto/RandomInteger.xml (RunModel)" time="0.007" />
  <testcase classname="ptolemy.util.test.junit.AutoTests" name="[307] /home/travis/build/icyphy/ptII/ptolemy/actor/lib/test/auto/ReadFile1.xml (RunModel)" time="0.008" />
  <testcase classname="ptolemy.util.test.junit.AutoTests" name="[308] /home/travis/build/icyphy/ptII/ptolemy/actor/lib/test/auto/ReadFile2.xml (RunModel)" time="0.007" />
  <testcase classname="ptolemy.util.test.junit.AutoTests" name="[309] /home/travis/build/icyphy/ptII/ptolemy/actor/lib/test/auto/Reader.xml (RunModel)" time="0.009" />
  <testcase classname="ptolemy.util.test.junit.AutoTests" name="[310] /home/travis/build/icyphy/ptII/ptolemy/actor/lib/test/auto/RecordAssemblerDisplayNameTest.xml (RunModel)" time="3.005" />
  <testcase classname="ptolemy.util.test.junit.AutoTests" name="[311] /home/travis/build/icyphy/ptII/ptolemy/actor/lib/test/auto/RecordAssemblerTypeError.xml (RunModel)" time="0.034" />
  <testcase classname="ptolemy.util.test.junit.AutoTests" name="[312] /home/travis/build/icyphy/ptII/ptolemy/actor/lib/test/auto/RecordDisassember.xml (RunModel)" time="0.014" />
  <testcase classname="ptolemy.util.test.junit.AutoTests" name="[313] /home/travis/build/icyphy/ptII/ptolemy/actor/lib/test/auto/RecordDisassemberDisplayNameTest.xml (RunModel)" time="0.019" />
  <testcase classname="ptolemy.util.test.junit.AutoTests" name="[314] /home/travis/build/icyphy/ptII/ptolemy/actor/lib/test/auto/RecordDisassembler.xml (RunModel)" time="0.012" />
  <testcase classname="ptolemy.util.test.junit.AutoTests" name="[315] /home/travis/build/icyphy/ptII/ptolemy/actor/lib/test/auto/RecordDisassembler2.xml (RunModel)" time="0.01" />
  <testcase classname="ptolemy.util.test.junit.AutoTests" name="[316] /home/travis/build/icyphy/ptII/ptolemy/actor/lib/test/auto/RecordUpdater.xml (RunModel)" time="0.009" />
  <testcase classname="ptolemy.util.test.junit.AutoTests" name="[317] /home/travis/build/icyphy/ptII/ptolemy/actor/lib/test/auto/RecordUpdater2.xml (RunModel)" time="0.009" />
  <testcase classname="ptolemy.util.test.junit.AutoTests" name="[318] /home/travis/build/icyphy/ptII/ptolemy/actor/lib/test/auto/RecursiveLattice.xml (RunModel)" time="0.01" />
  <testcase classname="ptolemy.util.test.junit.AutoTests" name="[319] /home/travis/build/icyphy/ptII/ptolemy/actor/lib/test/auto/Router.xml (RunModel)" time="3.024" />
  <testcase classname="ptolemy.util.test.junit.AutoTests" name="[320] /home/travis/build/icyphy/ptII/ptolemy/actor/lib/test/auto/Router2.xml (RunModel)" time="3.022" />
  <testcase classname="ptolemy.util.test.junit.AutoTests" name="[321] /home/travis/build/icyphy/ptII/ptolemy/actor/lib/test/auto/RunningMaximum.xml (RunModel)" time="0.011" />
  <testcase classname="ptolemy.util.test.junit.AutoTests" name="[322] /home/travis/build/icyphy/ptII/ptolemy/actor/lib/test/auto/RunningMinimum.xml (RunModel)" time="0.013" />
  <testcase classname="ptolemy.util.test.junit.AutoTests" name="[323] /home/travis/build/icyphy/ptII/ptolemy/actor/lib/test/auto/Scale.xml (RunModel)" time="0.007" />
  <testcase classname="ptolemy.util.test.junit.AutoTests" name="[324] /home/travis/build/icyphy/ptII/ptolemy/actor/lib/test/auto/Scale2.xml (RunModel)" time="0.01" />
  <testcase classname="ptolemy.util.test.junit.AutoTests" name="[325] /home/travis/build/icyphy/ptII/ptolemy/actor/lib/test/auto/Scale3.xml (RunModel)" time="0.013" />
  <testcase classname="ptolemy.util.test.junit.AutoTests" name="[326] /home/travis/build/icyphy/ptII/ptolemy/actor/lib/test/auto/ScaleArray.xml (RunModel)" time="0.007" />
  <testcase classname="ptolemy.util.test.junit.AutoTests" name="[327] /home/travis/build/icyphy/ptII/ptolemy/actor/lib/test/auto/ScaleArray2.xml (RunModel)" time="0.014" />
  <testcase classname="ptolemy.util.test.junit.AutoTests" name="[328] /home/travis/build/icyphy/ptII/ptolemy/actor/lib/test/auto/ScaleMatrix.xml (RunModel)" time="0.157" />
  <testcase classname="ptolemy.util.test.junit.AutoTests" name="[329] /home/travis/build/icyphy/ptII/ptolemy/actor/lib/test/auto/Select.xml (RunModel)" time="0.015" />
  <testcase classname="ptolemy.util.test.junit.AutoTests" name="[330] /home/travis/build/icyphy/ptII/ptolemy/actor/lib/test/auto/Select2.xml (RunModel)" time="0.009" />
  <testcase classname="ptolemy.util.test.junit.AutoTests" name="[331] /home/travis/build/icyphy/ptII/ptolemy/actor/lib/test/auto/SequenceToArray2.xml (RunModel)" time="0.117" />
  <testcase classname="ptolemy.util.test.junit.AutoTests" name="[332] /home/travis/build/icyphy/ptII/ptolemy/actor/lib/test/auto/SequentialClock.xml (RunModel)" time="0.009" />
  <testcase classname="ptolemy.util.test.junit.AutoTests" name="[333] /home/travis/build/icyphy/ptII/ptolemy/actor/lib/test/auto/SetVariable.xml (RunModel)" time="0.01" />
  <testcase classname="ptolemy.util.test.junit.AutoTests" name="[334] /home/travis/build/icyphy/ptII/ptolemy/actor/lib/test/auto/SetVariable2.xml (RunModel)" time="0.01" />
  <testcase classname="ptolemy.util.test.junit.AutoTests" name="[335] /home/travis/build/icyphy/ptII/ptolemy/actor/lib/test/auto/SetVariable3.xml (RunModel)" time="0.015" />
  <testcase classname="ptolemy.util.test.junit.AutoTests" name="[336] /home/travis/build/icyphy/ptII/ptolemy/actor/lib/test/auto/SetVariable4.xml (RunModel)" time="0.03" />
  <testcase classname="ptolemy.util.test.junit.AutoTests" name="[337] /home/travis/build/icyphy/ptII/ptolemy/actor/lib/test/auto/SetVariable5.xml (RunModel)" time="0.024" />
  <testcase classname="ptolemy.util.test.junit.AutoTests" name="[338] /home/travis/build/icyphy/ptII/ptolemy/actor/lib/test/auto/Sinewave.xml (RunModel)" time="0.026" />
  <testcase classname="ptolemy.util.test.junit.AutoTests" name="[339] /home/travis/build/icyphy/ptII/ptolemy/actor/lib/test/auto/Sinewave2.xml (RunModel)" time="0.017" />
  <testcase classname="ptolemy.util.test.junit.AutoTests" name="[340] /home/travis/build/icyphy/ptII/ptolemy/actor/lib/test/auto/Sinewave3.xml (RunModel)" time="0.023" />
  <testcase classname="ptolemy.util.test.junit.AutoTests" name="[341] /home/travis/build/icyphy/ptII/ptolemy/actor/lib/test/auto/SingleEvent.xml (RunModel)" time="0.007" />
  <testcase classname="ptolemy.util.test.junit.AutoTests" name="[342] /home/travis/build/icyphy/ptII/ptolemy/actor/lib/test/auto/Sleep.xml (RunModel)" time="6.012" />
  <testcase classname="ptolemy.util.test.junit.AutoTests" name="[343] /home/travis/build/icyphy/ptII/ptolemy/actor/lib/test/auto/SleepMultipleFire.xml (RunModel)" time="1.018" />
  <testcase classname="ptolemy.util.test.junit.AutoTests" name="[344] /home/travis/build/icyphy/ptII/ptolemy/actor/lib/test/auto/StopDE.xml (RunModel)" time="0.013" />
  <testcase classname="ptolemy.util.test.junit.AutoTests" name="[345] /home/travis/build/icyphy/ptII/ptolemy/actor/lib/test/auto/StopSDF.xml (RunModel)" time="0.013" />
  <testcase classname="ptolemy.util.test.junit.AutoTests" name="[346] /home/travis/build/icyphy/ptII/ptolemy/actor/lib/test/auto/StringConstant.xml (RunModel)" time="0.009" />
  <testcase classname="ptolemy.util.test.junit.AutoTests" name="[347] /home/travis/build/icyphy/ptII/ptolemy/actor/lib/test/auto/SubscriberPortInitialValues1.xml (RunModel)" time="0.017" />
  <testcase classname="ptolemy.util.test.junit.AutoTests" name="[348] /home/travis/build/icyphy/ptII/ptolemy/actor/lib/test/auto/SubscriberPortInitialValues13.xml (RunModel)" time="0.023" />
  <testcase classname="ptolemy.util.test.junit.AutoTests" name="[349] /home/travis/build/icyphy/ptII/ptolemy/actor/lib/test/auto/SubscriberPortInitialValues14.xml (RunModel)" time="0.015" />
  <testcase classname="ptolemy.util.test.junit.AutoTests" name="[350] /home/travis/build/icyphy/ptII/ptolemy/actor/lib/test/auto/SubscriberPortInitialValues2.xml (RunModel)" time="0.015" />
  <testcase classname="ptolemy.util.test.junit.AutoTests" name="[351] /home/travis/build/icyphy/ptII/ptolemy/actor/lib/test/auto/SubscriberPortInitialValues3.xml (RunModel)" time="0.02" />
  <testcase classname="ptolemy.util.test.junit.AutoTests" name="[352] /home/travis/build/icyphy/ptII/ptolemy/actor/lib/test/auto/SubscriptionAggregator.xml (RunModel)" time="0.012" />
  <testcase classname="ptolemy.util.test.junit.AutoTests" name="[353] /home/travis/build/icyphy/ptII/ptolemy/actor/lib/test/auto/SubscriptionAggregator2.xml (RunModel)" time="0.012" />
  <testcase classname="ptolemy.util.test.junit.AutoTests" name="[354] /home/travis/build/icyphy/ptII/ptolemy/actor/lib/test/auto/SubscriptionAggregator3.xml (RunModel)" time="0.015" />
  <testcase classname="ptolemy.util.test.junit.AutoTests" name="[355] /home/travis/build/icyphy/ptII/ptolemy/actor/lib/test/auto/SubscriptionAggregatorMultiply.xml (RunModel)" time="0.015" />
  <testcase classname="ptolemy.util.test.junit.AutoTests" name="[356] /home/travis/build/icyphy/ptII/ptolemy/actor/lib/test/auto/SubscriptionAggregatorPortMultiply1.xml (RunModel)" time="0.015" />
  <testcase classname="ptolemy.util.test.junit.AutoTests" name="[357] /home/travis/build/icyphy/ptII/ptolemy/actor/lib/test/auto/Switch.xml (RunModel)" time="0.014" />
  <testcase classname="ptolemy.util.test.junit.AutoTests" name="[358] /home/travis/build/icyphy/ptII/ptolemy/actor/lib/test/auto/Switch2.xml (RunModel)" time="0.016" />
  <testcase classname="ptolemy.util.test.junit.AutoTests" name="[359] /home/travis/build/icyphy/ptII/ptolemy/actor/lib/test/auto/SwitchDE.xml (RunModel)" time="0.013" />
  <testcase classname="ptolemy.util.test.junit.AutoTests" name="[360] /home/travis/build/icyphy/ptII/ptolemy/actor/lib/test/auto/SynchronizerDE.xml (RunModel)" time="0.018" />
  <testcase classname="ptolemy.util.test.junit.AutoTests" name="[361] /home/travis/build/icyphy/ptII/ptolemy/actor/lib/test/auto/Test.xml (RunModel)" time="0.009" />
  <testcase classname="ptolemy.util.test.junit.AutoTests" name="[362] /home/travis/build/icyphy/ptII/ptolemy/actor/lib/test/auto/TestExceptionAttribute1.xml (RunModel)" time="0.006" />
  <testcase classname="ptolemy.util.test.junit.AutoTests" name="[363] /home/travis/build/icyphy/ptII/ptolemy/actor/lib/test/auto/TestExceptionAttribute2.xml (RunModel)" time="0.006" />
  <testcase classname="ptolemy.util.test.junit.AutoTests" name="[364] /home/travis/build/icyphy/ptII/ptolemy/actor/lib/test/auto/TestExceptionAttribute3.xml (RunModel)" time="0.006" />
  <testcase classname="ptolemy.util.test.junit.AutoTests" name="[365] /home/travis/build/icyphy/ptII/ptolemy/actor/lib/test/auto/TestExceptionAttribute4.xml (RunModel)" time="0.007" />
  <testcase classname="ptolemy.util.test.junit.AutoTests" name="[366] /home/travis/build/icyphy/ptII/ptolemy/actor/lib/test/auto/TestExceptionHandler1.xml (RunModel)" time="0.014" />
  <testcase classname="ptolemy.util.test.junit.AutoTests" name="[367] /home/travis/build/icyphy/ptII/ptolemy/actor/lib/test/auto/TestExceptionHandler2.xml (RunModel)" time="0.006" />
  <testcase classname="ptolemy.util.test.junit.AutoTests" name="[368] /home/travis/build/icyphy/ptII/ptolemy/actor/lib/test/auto/TestExceptionHandler3.xml (RunModel)" time="0.009" />
  <testcase classname="ptolemy.util.test.junit.AutoTests" name="[369] /home/travis/build/icyphy/ptII/ptolemy/actor/lib/test/auto/TestExceptionHandler4.xml (RunModel)" time="0.007" />
  <testcase classname="ptolemy.util.test.junit.AutoTests" name="[370] /home/travis/build/icyphy/ptII/ptolemy/actor/lib/test/auto/TestRequireCorrectOrder.xml (RunModel)" time="0.01" />
  <testcase classname="ptolemy.util.test.junit.AutoTests" name="[371] /home/travis/build/icyphy/ptII/ptolemy/actor/lib/test/auto/TestSimple.xml (RunModel)" time="0.007" />
  <testcase classname="ptolemy.util.test.junit.AutoTests" name="[372] /home/travis/build/icyphy/ptII/ptolemy/actor/lib/test/auto/ThrowModelError.xml (RunModel)" time="0.011" />
  <testcase classname="ptolemy.util.test.junit.AutoTests" name="[373] /home/travis/build/icyphy/ptII/ptolemy/actor/lib/test/auto/TimeDelayMicrosteps.xml (RunModel)" time="0.013" />
  <testcase classname="ptolemy.util.test.junit.AutoTests" name="[374] /home/travis/build/icyphy/ptII/ptolemy/actor/lib/test/auto/TimeDelayMicrosteps2.xml (RunModel)" time="0.013" />
  <testcase classname="ptolemy.util.test.junit.AutoTests" name="[375] /home/travis/build/icyphy/ptII/ptolemy/actor/lib/test/auto/TimeDelayMicrosteps3.xml (RunModel)" time="0.012" />
  <testcase classname="ptolemy.util.test.junit.AutoTests" name="[376] /home/travis/build/icyphy/ptII/ptolemy/actor/lib/test/auto/TimeDelayVariableMicrosteps.xml (RunModel)" time="0.012" />
  <testcase classname="ptolemy.util.test.junit.AutoTests" name="[377] /home/travis/build/icyphy/ptII/ptolemy/actor/lib/test/auto/TimeGap.xml (RunModel)" time="0.012" />
  <testcase classname="ptolemy.util.test.junit.AutoTests" name="[378] /home/travis/build/icyphy/ptII/ptolemy/actor/lib/test/auto/TimeGap2.xml (RunModel)" time="0.01" />
  <testcase classname="ptolemy.util.test.junit.AutoTests" name="[379] /home/travis/build/icyphy/ptII/ptolemy/actor/lib/test/auto/TimedSinewave.xml (RunModel)" time="0.038" />
  <testcase classname="ptolemy.util.test.junit.AutoTests" name="[380] /home/travis/build/icyphy/ptII/ptolemy/actor/lib/test/auto/TimedSinewavePhase.xml (RunModel)" time="0.041" />
  <testcase classname="ptolemy.util.test.junit.AutoTests" name="[381] /home/travis/build/icyphy/ptII/ptolemy/actor/lib/test/auto/Timer.xml (RunModel)" time="0.011" />
  <testcase classname="ptolemy.util.test.junit.AutoTests" name="[382] /home/travis/build/icyphy/ptII/ptolemy/actor/lib/test/auto/TriangularDistTestModel.xml (RunModel)" time="0.022" />
  <testcase classname="ptolemy.util.test.junit.AutoTests" name="[383] /home/travis/build/icyphy/ptII/ptolemy/actor/lib/test/auto/TrigFunction.xml (RunModel)" time="0.012" />
  <testcase classname="ptolemy.util.test.junit.AutoTests" name="[384] /home/travis/build/icyphy/ptII/ptolemy/actor/lib/test/auto/TrigFunctionDE.xml (RunModel)" time="0.011" />
  <testcase classname="ptolemy.util.test.junit.AutoTests" name="[385] /home/travis/build/icyphy/ptII/ptolemy/actor/lib/test/auto/TrigFunctionInverse.xml (RunModel)" time="0.009" />
  <testcase classname="ptolemy.util.test.junit.AutoTests" name="[386] /home/travis/build/icyphy/ptII/ptolemy/actor/lib/test/auto/TrigFunctionTan.xml (RunModel)" time="0.006" />
  <testcase classname="ptolemy.util.test.junit.AutoTests" name="[387] /home/travis/build/icyphy/ptII/ptolemy/actor/lib/test/auto/TriggeredClock.xml (RunModel)" time="0.009" />
  <testcase classname="ptolemy.util.test.junit.AutoTests" name="[388] /home/travis/build/icyphy/ptII/ptolemy/actor/lib/test/auto/URLDirectoryReader.xml (RunModel)" time="0.1" />
  <testcase classname="ptolemy.util.test.junit.AutoTests" name="[389] /home/travis/build/icyphy/ptII/ptolemy/actor/lib/test/auto/URLDirectoryReader3.xml (RunModel)" time="1.276" />
  <testcase classname="ptolemy.util.test.junit.AutoTests" name="[390] /home/travis/build/icyphy/ptII/ptolemy/actor/lib/test/auto/UnaryMathFunction.xml (RunModel)" time="0.035" />
  <testcase classname="ptolemy.util.test.junit.AutoTests" name="[391] /home/travis/build/icyphy/ptII/ptolemy/actor/lib/test/auto/Uniform.xml (RunModel)" time="0.032" />
  <testcase classname="ptolemy.util.test.junit.AutoTests" name="[392] /home/travis/build/icyphy/ptII/ptolemy/actor/lib/test/auto/UnionDisassemblerTest.xml (RunModel)" time="0.031" />
  <testcase classname="ptolemy.util.test.junit.AutoTests" name="[393] /home/travis/build/icyphy/ptII/ptolemy/actor/lib/test/auto/UtilityFunctions.xml (RunModel)" time="0.036" />
  <testcase classname="ptolemy.util.test.junit.AutoTests" name="[394] /home/travis/build/icyphy/ptII/ptolemy/actor/lib/test/auto/VariableSleep.xml (RunModel)" time="0.544" />
  <testcase classname="ptolemy.util.test.junit.AutoTests" name="[395] /home/travis/build/icyphy/ptII/ptolemy/actor/lib/test/auto/VectorAssemblerDisassemblerCT.xml (RunModel)" time="0.113" />
  <testcase classname="ptolemy.util.test.junit.AutoTests" name="[396] /home/travis/build/icyphy/ptII/ptolemy/actor/lib/test/auto/VectorAssemblerDisassemblerDE.xml (RunModel)" time="0.014" />
  <testcase classname="ptolemy.util.test.junit.AutoTests" name="[397] /home/travis/build/icyphy/ptII/ptolemy/actor/lib/test/auto/VectorAssemblerDisassemblerSDF.xml (RunModel)" time="0.013" />
  <testcase classname="ptolemy.util.test.junit.AutoTests" name="[398] /home/travis/build/icyphy/ptII/ptolemy/actor/lib/test/auto/WallClockTime.xml (RunModel)" time="1.016" />
  <testcase classname="ptolemy.util.test.junit.AutoTests" name="[399] /home/travis/build/icyphy/ptII/ptolemy/actor/lib/test/auto/WidthTestWithSubscriberPublisher.xml (RunModel)" time="0.04" />
  <testcase classname="ptolemy.util.test.junit.AutoTests" name="[400] /home/travis/build/icyphy/ptII/ptolemy/actor/lib/test/auto/WidthTestWithSubscriberPublisher2.xml (RunModel)" time="0.014" />
  <testcase classname="ptolemy.util.test.junit.AutoTests" name="[401] /home/travis/build/icyphy/ptII/ptolemy/actor/lib/test/auto/WidthTestWithSubscriberPublisher3.xml (RunModel)" time="0.022" />
  <testcase classname="ptolemy.util.test.junit.AutoTests" name="[402] /home/travis/build/icyphy/ptII/ptolemy/actor/lib/test/auto/Writer.xml (RunModel)" time="0.008" />
  <testcase classname="ptolemy.util.test.junit.AutoTests" name="[403] /home/travis/build/icyphy/ptII/ptolemy/actor/lib/test/auto/array.xml (RunModel)" time="0.013" />
  <testcase classname="ptolemy.util.test.junit.AutoTests" name="[404] /home/travis/build/icyphy/ptII/ptolemy/actor/lib/test/auto/array2.xml (RunModel)" time="0.016" />
  <testcase classname="ptolemy.util.test.junit.AutoTests" name="[405] /home/travis/build/icyphy/ptII/ptolemy/actor/lib/test/auto/arrayType.xml (RunModel)" time="0.011" />
  <testcase classname="ptolemy.util.test.junit.AutoTests" name="[406] /home/travis/build/icyphy/ptII/ptolemy/actor/lib/test/auto/arrayType10.xml (RunModel)" time="0.009" />
  <testcase classname="ptolemy.util.test.junit.AutoTests" name="[407] /home/travis/build/icyphy/ptII/ptolemy/actor/lib/test/auto/arrayType11.xml (RunModel)" time="0.009" />
  <testcase classname="ptolemy.util.test.junit.AutoTests" name="[408] /home/travis/build/icyphy/ptII/ptolemy/actor/lib/test/auto/arrayType12.xml (RunModel)" time="0.01" />
  <testcase classname="ptolemy.util.test.junit.AutoTests" name="[409] /home/travis/build/icyphy/ptII/ptolemy/actor/lib/test/auto/arrayType13.xml (RunModel)" time="0.009" />
  <testcase classname="ptolemy.util.test.junit.AutoTests" name="[410] /home/travis/build/icyphy/ptII/ptolemy/actor/lib/test/auto/arrayType14.xml (RunModel)" time="0.009" />
  <testcase classname="ptolemy.util.test.junit.AutoTests" name="[411] /home/travis/build/icyphy/ptII/ptolemy/actor/lib/test/auto/arrayType15.xml (RunModel)" time="0.01" />
  <testcase classname="ptolemy.util.test.junit.AutoTests" name="[412] /home/travis/build/icyphy/ptII/ptolemy/actor/lib/test/auto/arrayType16.xml (RunModel)" time="0.009" />
  <testcase classname="ptolemy.util.test.junit.AutoTests" name="[413] /home/travis/build/icyphy/ptII/ptolemy/actor/lib/test/auto/arrayType17.xml (RunModel)" time="0.01" />
  <testcase classname="ptolemy.util.test.junit.AutoTests" name="[414] /home/travis/build/icyphy/ptII/ptolemy/actor/lib/test/auto/arrayType18.xml (RunModel)" time="0.008" />
  <testcase classname="ptolemy.util.test.junit.AutoTests" name="[415] /home/travis/build/icyphy/ptII/ptolemy/actor/lib/test/auto/arrayType19.xml (RunModel)" time="0.009" />
  <testcase classname="ptolemy.util.test.junit.AutoTests" name="[416] /home/travis/build/icyphy/ptII/ptolemy/actor/lib/test/auto/arrayType2.xml (RunModel)" time="0.013" />
  <testcase classname="ptolemy.util.test.junit.AutoTests" name="[417] /home/travis/build/icyphy/ptII/ptolemy/actor/lib/test/auto/arrayType20.xml (RunModel)" time="0.009" />
  <testcase classname="ptolemy.util.test.junit.AutoTests" name="[418] /home/travis/build/icyphy/ptII/ptolemy/actor/lib/test/auto/arrayType21.xml (RunModel)" time="0.009" />
  <testcase classname="ptolemy.util.test.junit.AutoTests" name="[419] /home/travis/build/icyphy/ptII/ptolemy/actor/lib/test/auto/arrayType22.xml (RunModel)" time="0.009" />
  <testcase classname="ptolemy.util.test.junit.AutoTests" name="[420] /home/travis/build/icyphy/ptII/ptolemy/actor/lib/test/auto/arrayType23.xml (RunModel)" time="0.009" />
  <testcase classname="ptolemy.util.test.junit.AutoTests" name="[421] /home/travis/build/icyphy/ptII/ptolemy/actor/lib/test/auto/arrayType24.xml (RunModel)" time="0.013" />
  <testcase classname="ptolemy.util.test.junit.AutoTests" name="[422] /home/travis/build/icyphy/ptII/ptolemy/actor/lib/test/auto/arrayType25.xml (RunModel)" time="0.014" />
  <testcase classname="ptolemy.util.test.junit.AutoTests" name="[423] /home/travis/build/icyphy/ptII/ptolemy/actor/lib/test/auto/arrayType26.xml (RunModel)" time="0.009" />
  <testcase classname="ptolemy.util.test.junit.AutoTests" name="[424] /home/travis/build/icyphy/ptII/ptolemy/actor/lib/test/auto/arrayType27.xml (RunModel)" time="0.01" />
  <testcase classname="ptolemy.util.test.junit.AutoTests" name="[425] /home/travis/build/icyphy/ptII/ptolemy/actor/lib/test/auto/arrayType28.xml (RunModel)" time="0.01" />
  <testcase classname="ptolemy.util.test.junit.AutoTests" name="[426] /home/travis/build/icyphy/ptII/ptolemy/actor/lib/test/auto/arrayType3.xml (RunModel)" time="0.01" />
  <testcase classname="ptolemy.util.test.junit.AutoTests" name="[427] /home/travis/build/icyphy/ptII/ptolemy/actor/lib/test/auto/arrayType4.xml (RunModel)" time="0.01" />
  <testcase classname="ptolemy.util.test.junit.AutoTests" name="[428] /home/travis/build/icyphy/ptII/ptolemy/actor/lib/test/auto/arrayType5.xml (RunModel)" time="0.01" />
  <testcase classname="ptolemy.util.test.junit.AutoTests" name="[429] /home/travis/build/icyphy/ptII/ptolemy/actor/lib/test/auto/arrayType6.xml (RunModel)" time="0.008" />
  <testcase classname="ptolemy.util.test.junit.AutoTests" name="[430] /home/travis/build/icyphy/ptII/ptolemy/actor/lib/test/auto/arrayType7.xml (RunModel)" time="0.009" />
  <testcase classname="ptolemy.util.test.junit.AutoTests" name="[431] /home/travis/build/icyphy/ptII/ptolemy/actor/lib/test/auto/arrayType8.xml (RunModel)" time="0.01" />
  <testcase classname="ptolemy.util.test.junit.AutoTests" name="[432] /home/travis/build/icyphy/ptII/ptolemy/actor/lib/test/auto/arrayType9.xml (RunModel)" time="0.008" />
  <testcase classname="ptolemy.util.test.junit.AutoTests" name="[433] /home/travis/build/icyphy/ptII/ptolemy/actor/lib/test/auto/cast.xml (RunModel)" time="0.017" />
  <testcase classname="ptolemy.util.test.junit.AutoTests" name="[434] /home/travis/build/icyphy/ptII/ptolemy/actor/lib/test/auto/compositeMultiPort.xml (RunModel)" time="0.023" />
  <testcase classname="ptolemy.util.test.junit.AutoTests" name="[435] /home/travis/build/icyphy/ptII/ptolemy/actor/lib/test/auto/expressionCastInference.xml (RunModel)" time="0.008" />
  <testcase classname="ptolemy.util.test.junit.AutoTests" name="[436] /home/travis/build/icyphy/ptII/ptolemy/actor/lib/test/auto/expressionCastInference2.xml (RunModel)" time="0.008" />
  <testcase classname="ptolemy.util.test.junit.AutoTests" name="[437] /home/travis/build/icyphy/ptII/ptolemy/actor/lib/test/auto/expressionInference.xml (RunModel)" time="0.011" />
  <testcase classname="ptolemy.util.test.junit.AutoTests" name="[438] /home/travis/build/icyphy/ptII/ptolemy/actor/lib/test/auto/expression_bug.xml (RunModel)" time="0.008" />
  <testcase classname="ptolemy.util.test.junit.AutoTests" name="[439] /home/travis/build/icyphy/ptII/ptolemy/actor/lib/test/auto/factorial.xml (RunModel)" time="0.057" />
  <testcase classname="ptolemy.util.test.junit.AutoTests" name="[440] /home/travis/build/icyphy/ptII/ptolemy/actor/lib/test/auto/filterTest1.xml (RunModel)" time="0.013" />
  <testcase classname="ptolemy.util.test.junit.AutoTests" name="[441] /home/travis/build/icyphy/ptII/ptolemy/actor/lib/test/auto/funcApplyInConst.xml (RunModel)" time="0.006" />
  <testcase classname="ptolemy.util.test.junit.AutoTests" name="[442] /home/travis/build/icyphy/ptII/ptolemy/actor/lib/test/auto/funcApplyInExpr.xml (RunModel)" time="0.006" />
  <testcase classname="ptolemy.util.test.junit.AutoTests" name="[443] /home/travis/build/icyphy/ptII/ptolemy/actor/lib/test/auto/function.xml (RunModel)" time="0.009" />
  <testcase classname="ptolemy.util.test.junit.AutoTests" name="[444] /home/travis/build/icyphy/ptII/ptolemy/actor/lib/test/auto/function2.xml (RunModel)" time="0.01" />
  <testcase classname="ptolemy.util.test.junit.AutoTests" name="[445] /home/travis/build/icyphy/ptII/ptolemy/actor/lib/test/auto/function3.xml (RunModel)" time="0.007" />
  <testcase classname="ptolemy.util.test.junit.AutoTests" name="[446] /home/travis/build/icyphy/ptII/ptolemy/actor/lib/test/auto/functionClosureTest1.xml (RunModel)" time="0.011" />
  <testcase classname="ptolemy.util.test.junit.AutoTests" name="[447] /home/travis/build/icyphy/ptII/ptolemy/actor/lib/test/auto/functionClosureTest2.xml (RunModel)" time="0.007" />
  <testcase classname="ptolemy.util.test.junit.AutoTests" name="[448] /home/travis/build/icyphy/ptII/ptolemy/actor/lib/test/auto/functionClosureTest3.xml (RunModel)" time="0.01" />
  <testcase classname="ptolemy.util.test.junit.AutoTests" name="[449] /home/travis/build/icyphy/ptII/ptolemy/actor/lib/test/auto/functionClosureTest4.xml (RunModel)" time="0.033" />
  <testcase classname="ptolemy.util.test.junit.AutoTests" name="[450] /home/travis/build/icyphy/ptII/ptolemy/actor/lib/test/auto/functionClosureTest5.xml (RunModel)" time="0.013" />
  <testcase classname="ptolemy.util.test.junit.AutoTests" name="[451] /home/travis/build/icyphy/ptII/ptolemy/actor/lib/test/auto/functionClosureTest6.xml (RunModel)" time="0.008" />
  <testcase classname="ptolemy.util.test.junit.AutoTests" name="[452] /home/travis/build/icyphy/ptII/ptolemy/actor/lib/test/auto/functionsOnArcs.xml (RunModel)" time="0.009" />
  <testcase classname="ptolemy.util.test.junit.AutoTests" name="[453] /home/travis/build/icyphy/ptII/ptolemy/actor/lib/test/auto/functionsOnArcsHOF.xml (RunModel)" time="0.012" />
  <testcase classname="ptolemy.util.test.junit.AutoTests" name="[454] /home/travis/build/icyphy/ptII/ptolemy/actor/lib/test/auto/logic.xml (RunModel)" time="0.017" />
  <testcase classname="ptolemy.util.test.junit.AutoTests" name="[455] /home/travis/build/icyphy/ptII/ptolemy/actor/lib/test/auto/matrixType.xml (RunModel)" time="0.01" />
  <testcase classname="ptolemy.util.test.junit.AutoTests" name="[456] /home/travis/build/icyphy/ptII/ptolemy/actor/lib/test/auto/matrixType10.xml (RunModel)" time="0.009" />
  <testcase classname="ptolemy.util.test.junit.AutoTests" name="[457] /home/travis/build/icyphy/ptII/ptolemy/actor/lib/test/auto/matrixType11.xml (RunModel)" time="0.009" />
  <testcase classname="ptolemy.util.test.junit.AutoTests" name="[458] /home/travis/build/icyphy/ptII/ptolemy/actor/lib/test/auto/matrixType12.xml (RunModel)" time="0.01" />
  <testcase classname="ptolemy.util.test.junit.AutoTests" name="[459] /home/travis/build/icyphy/ptII/ptolemy/actor/lib/test/auto/matrixType13.xml (RunModel)" time="0.008" />
  <testcase classname="ptolemy.util.test.junit.AutoTests" name="[460] /home/travis/build/icyphy/ptII/ptolemy/actor/lib/test/auto/matrixType14.xml (RunModel)" time="0.009" />
  <testcase classname="ptolemy.util.test.junit.AutoTests" name="[461] /home/travis/build/icyphy/ptII/ptolemy/actor/lib/test/auto/matrixType2.xml (RunModel)" time="0.009" />
  <testcase classname="ptolemy.util.test.junit.AutoTests" name="[462] /home/travis/build/icyphy/ptII/ptolemy/actor/lib/test/auto/matrixType3.xml (RunModel)" time="0.008" />
  <testcase classname="ptolemy.util.test.junit.AutoTests" name="[463] /home/travis/build/icyphy/ptII/ptolemy/actor/lib/test/auto/matrixType4.xml (RunModel)" time="0.008" />
  <testcase classname="ptolemy.util.test.junit.AutoTests" name="[464] /home/travis/build/icyphy/ptII/ptolemy/actor/lib/test/auto/matrixType5.xml (RunModel)" time="0.009" />
  <testcase classname="ptolemy.util.test.junit.AutoTests" name="[465] /home/travis/build/icyphy/ptII/ptolemy/actor/lib/test/auto/matrixType6.xml (RunModel)" time="0.008" />
  <testcase classname="ptolemy.util.test.junit.AutoTests" name="[466] /home/travis/build/icyphy/ptII/ptolemy/actor/lib/test/auto/matrixType7.xml (RunModel)" time="0.009" />
  <testcase classname="ptolemy.util.test.junit.AutoTests" name="[467] /home/travis/build/icyphy/ptII/ptolemy/actor/lib/test/auto/matrixType8.xml (RunModel)" time="0.01" />
  <testcase classname="ptolemy.util.test.junit.AutoTests" name="[468] /home/travis/build/icyphy/ptII/ptolemy/actor/lib/test/auto/matrixType9.xml (RunModel)" time="0.008" />
  <testcase classname="ptolemy.util.test.junit.AutoTests" name="[469] /home/travis/build/icyphy/ptII/ptolemy/actor/lib/test/auto/paraFunctest.xml (RunModel)" time="0.007" />
  <testcase classname="ptolemy.util.test.junit.AutoTests" name="[470] /home/travis/build/icyphy/ptII/ptolemy/actor/lib/test/auto/paraFunctest2.xml (RunModel)" time="0.007" />
  <testcase classname="ptolemy.util.test.junit.AutoTests" name="[471] /home/travis/build/icyphy/ptII/ptolemy/actor/lib/test/auto/parameterPassing.xml (RunModel)" time="0.009" />
  <testcase classname="ptolemy.util.test.junit.AutoTests" name="[472] /home/travis/build/icyphy/ptII/ptolemy/actor/lib/test/auto/record.xml (RunModel)" time="0.01" />
  <testcase classname="ptolemy.util.test.junit.AutoTests" name="[473] /home/travis/build/icyphy/ptII/ptolemy/actor/lib/test/auto/sizedarray1.xml (RunModel)" time="0.009" />
  <testcase classname="ptolemy.util.test.junit.AutoTests" name="[474] /home/travis/build/icyphy/ptII/ptolemy/actor/lib/test/auto/sizedarray2.xml (RunModel)" time="0.01" />
  <testcase classname="ptolemy.util.test.junit.AutoTests" name="[475] /home/travis/build/icyphy/ptII/ptolemy/actor/lib/test/auto/twoPublishers.xml (RunModel)" time="0.019" />
  <system-out><![CDATA[/home/travis/build/icyphy/ptII/ptolemy/actor/lib/test/AbsoluteValue.tcl
testDefs.tcl: setting time out to 9000 seconds at Mon Jan 21 03:16:13 UTC 2019
71 ms. Memory: 116224K Free: 106245K (91%)
4 ms. Memory: 116224K Free: 105650K (91%)
4 ms. Memory: 116224K Free: 104452K (90%)
4 ms. Memory: 116224K Free: 103849K (89%)
/home/travis/build/icyphy/ptII/ptolemy/actor/lib/test/AddSubtract.tcl
23 ms. Memory: 116224K Free: 102032K (88%)
6 ms. Memory: 116224K Free: 100843K (87%)
4 ms. Memory: 116224K Free: 100232K (86%)
12 ms. Memory: 116224K Free: 99629K (86%)
6 ms. Memory: 116224K Free: 99010K (85%)
3 ms. Memory: 116224K Free: 97804K (84%)
/home/travis/build/icyphy/ptII/ptolemy/actor/lib/test/Average.tcl
6 ms. Memory: 116224K Free: 96606K (83%)
5 ms. Memory: 116224K Free: 94805K (82%)
/home/travis/build/icyphy/ptII/ptolemy/actor/lib/test/Bernoulli.tcl
8 ms. Memory: 116224K Free: 93575K (81%)
6 ms. Memory: 116224K Free: 92972K (80%)
/home/travis/build/icyphy/ptII/ptolemy/actor/lib/test/Clock.tcl
preinitializing
resolving types
initializing
executing number 1
wrapping up
idle
10 ms. Memory: 116224K Free: 90553K (78%)
Completed execution with 5 iterations
preinitializing
resolving types
initializing
executing number 1
wrapping up
idle
3 ms. Memory: 116224K Free: 89934K (77%)
Completed execution with 5 iterations
preinitializing
resolving types
initializing
executing number 1
wrapping up
idle
4 ms. Memory: 116224K Free: 89331K (77%)
Completed execution with 5 iterations
/home/travis/build/icyphy/ptII/ptolemy/actor/lib/test/Commutator.tcl
6 ms. Memory: 116224K Free: 87514K (75%)
11 ms. Memory: 116224K Free: 86308K (74%)
8 ms. Memory: 116224K Free: 81497K (70%)
/home/travis/build/icyphy/ptII/ptolemy/actor/lib/test/Const.tcl
3 ms. Memory: 146944K Free: 139853K (95%)
15 ms. Memory: 146944K Free: 138650K (94%)
7 ms. Memory: 146944K Free: 138650K (94%)
2 ms. Memory: 146944K Free: 137446K (94%)
3 ms. Memory: 146944K Free: 137446K (94%)
18 ms. Memory: 146944K Free: 135039K (92%)
4 ms. Memory: 146944K Free: 133820K (91%)
15 ms. Memory: 146944K Free: 133820K (91%)
/home/travis/build/icyphy/ptII/ptolemy/actor/lib/test/CurrentTime.tcl
preinitializing
resolving types
initializing
executing number 1
wrapping up
idle
7 ms. Memory: 146944K Free: 131397K (89%)
Completed execution with 11 iterations
/home/travis/build/icyphy/ptII/ptolemy/actor/lib/test/DB.tcl
3 ms. Memory: 146944K Free: 130193K (89%)
6 ms. Memory: 146944K Free: 128990K (88%)
1 ms. Memory: 146944K Free: 127761K (87%)
/home/travis/build/icyphy/ptII/ptolemy/actor/lib/test/DiscreteRandomSource.tcl
preinitializing
resolving types
initializing
executing number 1
wrapping up
idle
10 ms. Memory: 146944K Free: 126557K (86%)
Completed execution with 4 iterations
preinitializing
resolving types
initializing
executing number 1
wrapping up
idle
2 ms. Memory: 146944K Free: 125354K (85%)
Completed execution with 4 iterations
preinitializing
resolving types
initializing
executing number 1
wrapping up
idle
2 ms. Memory: 146944K Free: 125354K (85%)
Completed execution with 4 iterations
preinitializing
resolving types
initializing
executing number 1
wrapping up
idle
11 ms. Memory: 146944K Free: 124150K (84%)
Completed execution with 4 iterations
preinitializing
resolving types
initializing
executing number 1
wrapping up
idle
4 ms. Memory: 146944K Free: 124150K (84%)
Completed execution with 4 iterations
/home/travis/build/icyphy/ptII/ptolemy/actor/lib/test/Distributor.tcl
11 ms. Memory: 146944K Free: 122947K (84%)
14 ms. Memory: 146944K Free: 121744K (83%)
StreamChangeRequest.changeExecuted(): <deleteEntity name="rec2"/> succeeded
StreamChangeRequest.changeExecuted(): <deleteRelation name="r2"/> succeeded
StreamChangeRequest.changeExecuted(): Record firings per iteration succeeded
5 ms. Memory: 146944K Free: 119337K (81%)
/home/travis/build/icyphy/ptII/ptolemy/actor/lib/test/Exit.tcl
Exit.tcl: this will print a message about Manager.exitAfterWrapup, which can be ignored.
4 ms. Memory: 146944K Free: 116315K (79%)
/home/travis/build/icyphy/ptII/ptolemy/actor/lib/test/Expression.tcl
4 ms. Memory: 146944K Free: 112680K (77%)
14 ms. Memory: 146944K Free: 112680K (77%)
3 ms. Memory: 146944K Free: 111476K (76%)
preinitializing
resolving types
initializing
executing number 1
wrapping up
idle
5 ms. Memory: 146944K Free: 110273K (75%)
Completed execution with 6 iterations
4 ms. Memory: 146944K Free: 109069K (74%)
2 ms. Memory: 146944K Free: 107866K (73%)
4 ms. Memory: 146944K Free: 106662K (73%)
4 ms. Memory: 146944K Free: 105459K (72%)
4 ms. Memory: 146944K Free: 104256K (71%)
/home/travis/build/icyphy/ptII/ptolemy/actor/lib/test/Gaussian.tcl
10 ms. Memory: 146944K Free: 103052K (70%)
sleeping 1 seconds: ...........................................................................................................................................................................................................................................................................................................................................................................................................................................................................................................................................................................................................................................................................................................................................................................................................................................................................................................................................................................................................................................................................................................................................................................................................................................................................................................................................................................................................................................................................................................................................................................................................................................................................................................................................................................................................................................................................................................................................................................................................................................................................................................................................................................................................................................................................................................................................................................................................................................................................................................................................................................................................................................................................................................................................................................................................................................................................................................................................................................................................................................................................................................................................................................................................................................................................................................................................................................................................................................................................................................................................................................................................................................................................................................................................................................................................................................................................................................................................................................................................................................................................................................................................................................................................................................................................................................................................................................................................................................................................................................................................................................................................................................................................................................................................................................................................................................................................................................................................................................................................................................................................................................................................................................................................................................................................................................................................................................................................................................................................................................................................................................................................................................................................................................................................................................................................................................................................................................................................................................................................................................................................................................................................................................................................................................................................................................................................................................................................................................................................................................................................................................................................................................................................................................................................................................................................................................................................................................................................................................................................................................................................................................................................................................................................................................................................................................................................................................................................................................................................................................................................................................................................................................................................................................................................................................................................................................................................................................................................................................................................................................................................................................................................................................................................................................................................................................................................................................................................................................................................................................................................................................................................................................................................................................................................................................................................................................................................................................................................................................................................................................................................................................................................................................................................................................................................................................................................................................................................................................................................................................................................................................................................................................................................................................................................................................................................................................................................................................................................................................................................................................................................................................................................................................................................................................................................................................................................................................................................................................................................................................................................................................................................................................................................................................................................................................................................................................................................................................................................................................................................................................................................................................................................................................................................................................................................................................................................................................................................................................................................................................................................................................................................................................................................................................................................................................................................................................................................................................................................................................................................................................................................................................................................................................................................................................................................................................................................................................................................................................................................................................................................................................................................................................................................................................................................................................................................................................................................................................................................................................................................................................................................................................................................................................................................................................................................................................................................................................................................................................................................................................................................................................................................................................................................................................................................................................................................................................................................................................................................................................................................................................................................................................................................................................................................................................................................................................................................................................................................................................................................................................................................................................................................................................................................................................................................................................................................................................................................................................................................................................................................................................................................................................................................................................................................................................................................................................................................................................................................................................................................................................................................................................................................................................................................................................................................................................................................................................................................................................................................................................................................................................................................................................................................................................................................................................................................................................................................................................................................................................................................................................................................................................................................................................................................................................................................................................................................................................................................................................................................................................................................................................................................................................................................................................................................................................................................................................................................................................................................................................................................................................................................................................................................................................................................................................................................................................................................................................................................................................................................................................................................................................................................................................................................................................................................................................................................................................................................................................................................................................................................................................................................................................................................................................................................................................................................................................................................................................................................................................................................................................................................................................................................................................................................................................................................................................................................................................................................................................................................................................................................................................................................................................................................................................................................................................................................................................................................................................................................................................................................................................................................................................................................................................................................................................................................................................................................................................................................................................................................................................................................................................................................................................................................................................................................................................................................................................................................................................................................................................................................................................................................................................................................................................................................................................................................................................................................................................................................................................................................................................................................................................................................................................................................................................................................................................................................................................................................................................................................................................................................................................................................................................................................................................................................................................................................................................................................................................................................................................................................................................................................................................................................................................................................................................................................................................................................................................................................................................................................................................................................................................................................................................................................................................................................................................................................................................................................................................................................................................................................................................................................................................................................................................................................................................................................................................................................................................................................................................................................................................................................................................................................................................................................................................................................................................................................................................................................................................................................................................................................................................................................................................................................................................................................................................................................................................................................................................................................................................................................................................................................................................................................................................................................................................................................................................................................................................................................................................................................................................................................................................................................................................................................................................................................................................................................................................................................................................................................................................................................................................................................................................................................................................................................................................................................................................................................................................................................................................................................................................................................................................................................................................................................................................................................................................................................................................................................................................................................................................................................................................................................................................................................................................................................................................................................................................................................................................................................................................................................................................................................................................................................................................................................................................................................................................................................................................................................................................................................................................................................................................................................................................................................................................................................................................................................................................................................................................................................................................................................................................................................................................................................................................................................................................................................................................................................................................................................................................................................................................................................................................................................................................................................................................................................................................................................................................................................................................................................................................................................................................................................................................................................................................................................................................................................................................................................................................................................................................................................................................................................................................................................................................................................................................................................................................................................................................................................................................................................................................................................................................................................................................................................................................................................................................................................................................................................................................................................................................................................................................................................................................................................................................................................................................................................................................................................................................................................................................................................................................................................................................................................................................................................................................................................................................................................................................................................................................................................................................................................................................................................................................................................................................................................................................................................................................................................................................................................................................................................................................................................................................................................................................................................................................................................................................................................................................................................................................................................................................................................................................................................................................................................................................................................................................................................................................................................................................................................................................................................................................................................................................................................................................................................................................................................................................................................................................................................................................................................................................................................................................................................................................................................................................................................................................................................................................................................................................................................................................................................................................................................................................................................................................................................................................................................................................................................................................................................................................................................................................................................................................................................................................................................................................................................................................................................................................................................................................................................................................................................................................................................................................................................................................................................................................................................................................................................................................................................................................................................................................................................................................................................................................................................................................................................................................................................................................................................................................................................................................................................................................................................................................................................................................................................................................................................................................................................................................................................................................................................................................................................................................................................................................................................................................................................................................................................................................................................................................................................................................................................................................................................................................................................................................................................................................................................................................................................................................................................................................................................................................................................................................................................................................................................................................................................................................................................................................................................................................................................................................................................................................................................................................................................................................................................................................................................................................................................................................................................................................................................................................................................................................................................................................................................................................................................................................................................................................................................................................................................................................................................................................................................................................................................................................................................................................................................................................................................................................................................................................................................................................................................................................................................................................................................................................................................................................................................................................................................................................................................................................................................................................................................................................................................................................................................................................................................................................................................................................................................................................................................................................................................................................................................................................................................................................................................................................................................................................................................................................................................................................................................................................................................................................................................................................................................................................................................................................................................................................................................................................................................................................................................................................................................................................................................................................................................................................................................................................................................................................................................................................................................................................................................................................................................................................................................................................................................................................................................................................................................................................................................................................................................................................................................................................................................................................................................................................................................................................................................................................................................................................................................................................................................................................................................................................................................................................................................................................................................................................................................................................................................................................................................................................................................................................................................................................................................................................................................................................................................................................................................................................................................................................................................................................................................................................................................................................................................................................................................................................................................................................................................................................................................................................................................................................................................................................................................................................................................................................................................................................................................................................................................................................................................................................................................................................................................................................................................................................................................................................................................................................................................................................................................................................................................................................................................................................................................................................................................................................................................................................................................................................................................................................................................................................................................................................................................................................................................................................................................................................................................................................................................................................................................................................................................................................................................................................................................................................................................................................................................................................................................................................................................................................................................................................................................................................................................................................................................................................................................................................................................................................................................................................................................................................................................................................................................................................................................................................................................................................................................................................................................................................................................................................................................................................................................................................................................................................................................................................................................................................................................................................................................................................................................................................................................................................................................................................................................................................................................................................................................................................................................................................................................................................................................................................................................................................................................................................................................................................................................................................................................................................................................................................................................................................................................................................................................................................................................................................................................................................................................................................................................................................................................................................................................................................................................................................................................................................................................................................................................................................................................................................................................................................................................................................................................................................................................................................................................................................................................................................................................................................................................................................................................................................................................................................................................................................................................................................................................................................................................................................................................................................................................................................................................................................................................................................................................................................................................................................................................................................................................................................................................................................................................................................................................................................................................................................................................................................................................................................................................................................................................................................................................................................................................................................................................................................................................................................................................................................................................................................................................................................................................................................................................................................................................................................................................................................................................................................................................................................................................................................................................................................................................................................................................................................................................................................................................................................................................................................................................................................................................................................................................................................................................................................................................................................................................................................................................................................................................................................................................................................................................................................................................................................................................................................................................................................................................................................................................................................................................................................................................................................................................................................................................................................................................................................................................................................................................................................................................................................................................................................................................................................................................................................................................................................................................................................................................................................................................................................................................................................................................................................................................................................................................................................................................................................................................................................................................................................................................................................................................................................................................................................................................................................................................................................................................................................................................................................................................................................................................................................................................................................................................................................................................................................................................................................................................................................................................................................................................................................................................................................................................................................................................................................................................................................................................................................................................................................................................................................................................................................................................................................................................................................................................................................................................................................................................................................................................................................................................................................................................................................................................................................................................................................................................................................................................................................................................................................................................................................................................................................................................................................................................................................................................................................................................................................................................................................................................................................................................................................................................................................................................................................................................................................................................................................................................................................................................................................................................................................................................................................................................................................................................................................................2 ms. Memory: 208384K Free: 164622K (79%)
3 ms. Memory: 208384K Free: 164622K (79%)
1 ms. Memory: 208384K Free: 162206K (78%)
3 ms. Memory: 208384K Free: 161686K (78%)
6 ms. Memory: 208384K Free: 161686K (78%)
/home/travis/build/icyphy/ptII/ptolemy/actor/lib/test/IIR.tcl
/home/travis/build/icyphy/ptII/ptolemy/actor/lib/test/Interpolator.tcl
7 ms. Memory: 208384K Free: 156854K (75%)
1 ms. Memory: 208384K Free: 156854K (75%)
2 ms. Memory: 208384K Free: 156854K (75%)
1 ms. Memory: 208384K Free: 154438K (74%)
2 ms. Memory: 208384K Free: 154438K (74%)
2 ms. Memory: 208384K Free: 154438K (74%)
2 ms. Memory: 208384K Free: 152022K (73%)
2 ms. Memory: 208384K Free: 152022K (73%)
1 ms. Memory: 208384K Free: 152022K (73%)
2 ms. Memory: 208384K Free: 149605K (72%)
/home/travis/build/icyphy/ptII/ptolemy/actor/lib/test/MathFunction.tcl
4 ms. Memory: 208384K Free: 147189K (71%)
2 ms. Memory: 208384K Free: 147189K (71%)
2 ms. Memory: 208384K Free: 144773K (69%)
2 ms. Memory: 208384K Free: 144773K (69%)
3 ms. Memory: 208384K Free: 144773K (69%)
4 ms. Memory: 208384K Free: 142352K (68%)
/home/travis/build/icyphy/ptII/ptolemy/actor/lib/test/Maximum.tcl
3 ms. Memory: 208384K Free: 139936K (67%)
2 ms. Memory: 208384K Free: 139936K (67%)
2 ms. Memory: 208384K Free: 137520K (66%)
2 ms. Memory: 208384K Free: 137520K (66%)
/home/travis/build/icyphy/ptII/ptolemy/actor/lib/test/Minimum.tcl
3 ms. Memory: 208384K Free: 135103K (65%)
1 ms. Memory: 208384K Free: 135103K (65%)
2 ms. Memory: 208384K Free: 135103K (65%)
2 ms. Memory: 208384K Free: 135103K (65%)
/home/travis/build/icyphy/ptII/ptolemy/actor/lib/test/MultiplyDivide.tcl
4 ms. Memory: 208384K Free: 132687K (64%)
5 ms. Memory: 208384K Free: 130271K (63%)
3 ms. Memory: 208384K Free: 130271K (63%)
2 ms. Memory: 208384K Free: 130271K (63%)
2 ms. Memory: 208384K Free: 130271K (63%)
/home/travis/build/icyphy/ptII/ptolemy/actor/lib/test/OrderedMerge.tcl
Connections changed on port: inputA
Connections changed on port: inputB
Connections changed on port: output
Connections changed on port: output
Connections changed on port: output
Connections changed on port: input
.top. Preinitializing ...
Invoking preinitialize():  .top.OrderedMerge
Called preinitialize()
Invoking preinitialize():  .top.Ramp
Called preinitialize()
Invoking preinitialize():  .top.Ramp2
Called preinitialize()
Invoking preinitialize():  .top.Test
Called preinitialize()
Connections changed on port: inputA
Connections changed on port: output
Connections changed on port: inputB
Connections changed on port: output
Connections changed on port: output
Connections changed on port: input
.top. Finished preinitialize().
Called initialize().
Invoking initialize():  .top.OrderedMerge
Initializing actor: .top.OrderedMerge
Adding a thread: .top.OrderedMerge
Invoking initialize():  .top.Ramp
Initializing actor: .top.Ramp
Adding a thread: .top.Ramp
Invoking initialize():  .top.Ramp2
Initializing actor: .top.Ramp2
Adding a thread: .top.Ramp2
Invoking initialize():  .top.Test
Initializing actor: .top.Test
Adding a thread: .top.Test
-- Starting thread.
Called initialize()
Called prefire()
Called fire()
-- Starting thread.
Called initialize()
Called prefire()
Called fire()
Called postfire()
Called prefire()
Called fire()
-- Starting thread.
Called initialize()
Called prefire()
Called fire()
Called postfire()
Called prefire()
Called fire()
Called fire().
Checking for deadlock:
There are 3 Blocked actors, 0 Stopped actors, and 4 active threads.
Waiting for actors to stop.
-- Starting thread.
Called initialize()
Called prefire()
Called fire()
Checking for deadlock:
There are 2 Blocked actors, 0 Stopped actors, and 4 active threads.
Waiting for actors to stop.
Called postfire()
Called prefire()
Called fire()
Checking for deadlock:
There are 3 Blocked actors, 0 Stopped actors, and 4 active threads.
Waiting for actors to stop.
Read input token from inputA with value 0.0
Next port to read input from is inputB
Called postfire()
Called prefire()
Called fire()
Checking for deadlock:
There are 2 Blocked actors, 0 Stopped actors, and 4 active threads.
Waiting for actors to stop.
Called postfire()
Called prefire()
Called fire()
Checking for deadlock:
There are 3 Blocked actors, 0 Stopped actors, and 4 active threads.
Waiting for actors to stop.
Read input token from inputB with value 0.0
Checking for deadlock:
There are 2 Blocked actors, 0 Stopped actors, and 4 active threads.
Waiting for actors to stop.
-- Read input: 0.0, which is expected to match: 0.0
Called prefire()
Called fire()
Checking for deadlock:
There are 3 Blocked actors, 0 Stopped actors, and 4 active threads.
Waiting for actors to stop.
Sent output token with value 0.0
Next port to read input from is inputA
Called postfire()
Called prefire()
Called fire()
Called postfire()
Called prefire()
Called fire()
Checking for deadlock:
There are 3 Blocked actors, 0 Stopped actors, and 4 active threads.
Waiting for actors to stop.
Read input token from inputA with value 1.0
-- Read input: 0.0, which is expected to match: 0.0
Called prefire()
Called fire()
Checking for deadlock:
There are 3 Blocked actors, 0 Stopped actors, and 4 active threads.
Waiting for actors to stop.
Sent output token with value 0.0
Next port to read input from is inputB
Called postfire()
Called prefire()
Called fire()
Checking for deadlock:
There are 2 Blocked actors, 0 Stopped actors, and 4 active threads.
Waiting for actors to stop.
Called postfire()
Called prefire()
Called fire()
Checking for deadlock:
There are 3 Blocked actors, 0 Stopped actors, and 4 active threads.
Waiting for actors to stop.
Read input token from inputB with value 1.5
Checking for deadlock:
There are 2 Blocked actors, 0 Stopped actors, and 4 active threads.
Waiting for actors to stop.
-- Read input: 1.0, which is expected to match: 1.0
Called prefire()
Called fire()
Checking for deadlock:
There are 3 Blocked actors, 0 Stopped actors, and 4 active threads.
Waiting for actors to stop.
Sent output token with value 1.0
Next port to read input from is inputA
Called postfire()
Called prefire()
Called fire()
Called postfire()
Called prefire()
Called fire()
Checking for deadlock:
There are 3 Blocked actors, 0 Stopped actors, and 4 active threads.
Waiting for actors to stop.
Read input token from inputA with value 2.0
-- Read input: 1.5, which is expected to match: 1.5
Called prefire()
Called fire()
Checking for deadlock:
There are 3 Blocked actors, 0 Stopped actors, and 4 active threads.
Waiting for actors to stop.
Sent output token with value 1.5
Next port to read input from is inputB
Called postfire()
Called prefire()
Called fire()
Checking for deadlock:
There are 2 Blocked actors, 0 Stopped actors, and 4 active threads.
Waiting for actors to stop.
Called postfire()
Called prefire()
Called fire()
Checking for deadlock:
There are 3 Blocked actors, 0 Stopped actors, and 4 active threads.
Waiting for actors to stop.
Read input token from inputB with value 3.0
Checking for deadlock:
There are 2 Blocked actors, 0 Stopped actors, and 4 active threads.
Waiting for actors to stop.
-- Read input: 2.0, which is expected to match: 2.0
Called prefire()
Called fire()
Checking for deadlock:
There are 3 Blocked actors, 0 Stopped actors, and 4 active threads.
Waiting for actors to stop.
Sent output token with value 2.0
Next port to read input from is inputA
Called postfire()
Called prefire()
Called fire()
Called postfire()
Called prefire()
Called fire()
Checking for deadlock:
There are 3 Blocked actors, 0 Stopped actors, and 4 active threads.
Waiting for actors to stop.
Read input token from inputA with value 3.0
-- Read input: 3.0, which is expected to match: 3.0
Called prefire()
Called fire()
Checking for deadlock:
There are 3 Blocked actors, 0 Stopped actors, and 4 active threads.
Waiting for actors to stop.
Sent output token with value 3.0
Next port to read input from is inputB
Called postfire()
Called prefire()
Called fire()
Checking for deadlock:
There are 2 Blocked actors, 0 Stopped actors, and 4 active threads.
Waiting for actors to stop.
Called postfire()
Called prefire()
Called fire()
Checking for deadlock:
There are 3 Blocked actors, 0 Stopped actors, and 4 active threads.
Waiting for actors to stop.
Read input token from inputB with value 4.5
Checking for deadlock:
There are 2 Blocked actors, 0 Stopped actors, and 4 active threads.
Waiting for actors to stop.
-- Read input: 3.0, which is expected to match: 3.0
Called prefire()
Called fire()
Checking for deadlock:
There are 3 Blocked actors, 0 Stopped actors, and 4 active threads.
Waiting for actors to stop.
Sent output token with value 3.0
Next port to read input from is inputA
Called postfire()
Called prefire()
Called fire()
Called postfire()
Called prefire()
Called fire()
Checking for deadlock:
There are 3 Blocked actors, 0 Stopped actors, and 4 active threads.
Waiting for actors to stop.
Read input token from inputA with value 4.0
-- Read input: 4.0, which is expected to match: 4.0
Called prefire()
Called fire()
Past the end of training data. Read and discard all inputs.
Checking for deadlock:
There are 3 Blocked actors, 0 Stopped actors, and 4 active threads.
Waiting for actors to stop.
Sent output token with value 4.0
Next port to read input from is inputA
Called postfire()
Called prefire()
Called fire()
Called postfire()
Called prefire()
Called fire()
Checking for deadlock:
There are 3 Blocked actors, 0 Stopped actors, and 4 active threads.
Waiting for actors to stop.
Read input token from inputA with value 5.0
Called prefire()
Called fire()
Past the end of training data. Read and discard all inputs.
Checking for deadlock:
There are 3 Blocked actors, 0 Stopped actors, and 4 active threads.
Waiting for actors to stop.
Sent output token with value 4.5
Next port to read input from is inputB
Called postfire()
Called prefire()
Called fire()
Checking for deadlock:
There are 2 Blocked actors, 0 Stopped actors, and 4 active threads.
Waiting for actors to stop.
Called postfire()
Called prefire()
Called fire()
Checking for deadlock:
There are 3 Blocked actors, 0 Stopped actors, and 4 active threads.
Waiting for actors to stop.
Read input token from inputB with value 6.0
Checking for deadlock:
There are 2 Blocked actors, 0 Stopped actors, and 4 active threads.
Waiting for actors to stop.
Called prefire()
Called fire()
Past the end of training data. Read and discard all inputs.
Checking for deadlock:
There are 3 Blocked actors, 0 Stopped actors, and 4 active threads.
Waiting for actors to stop.
Sent output token with value 5.0
Next port to read input from is inputA
Called postfire()
Called prefire()
Called fire()
Called postfire()
Called prefire()
Called fire()
Checking for deadlock:
There are 3 Blocked actors, 0 Stopped actors, and 4 active threads.
Waiting for actors to stop.
Read input token from inputA with value 6.0
Called prefire()
Called fire()
Past the end of training data. Read and discard all inputs.
Checking for deadlock:
There are 3 Blocked actors, 0 Stopped actors, and 4 active threads.
Waiting for actors to stop.
Sent output token with value 6.0
Next port to read input from is inputB
Called postfire()
Called prefire()
Called fire()
Checking for deadlock:
There are 2 Blocked actors, 0 Stopped actors, and 4 active threads.
Waiting for actors to stop.
Called postfire()
Called prefire()
Called fire()
Checking for deadlock:
There are 3 Blocked actors, 0 Stopped actors, and 4 active threads.
Waiting for actors to stop.
Read input token from inputB with value 7.5
Checking for deadlock:
There are 2 Blocked actors, 0 Stopped actors, and 4 active threads.
Waiting for actors to stop.
Called prefire()
Called fire()
Past the end of training data. Read and discard all inputs.
Checking for deadlock:
There are 3 Blocked actors, 0 Stopped actors, and 4 active threads.
Waiting for actors to stop.
Sent output token with value 6.0
Next port to read input from is inputA
Called postfire()
Called prefire()
Called fire()
Called postfire()
Called prefire()
Called fire()
Checking for deadlock:
There are 3 Blocked actors, 0 Stopped actors, and 4 active threads.
Waiting for actors to stop.
Read input token from inputA with value 7.0
Called prefire()
Called fire()
Past the end of training data. Read and discard all inputs.
Checking for deadlock:
There are 3 Blocked actors, 0 Stopped actors, and 4 active threads.
Waiting for actors to stop.
Sent output token with value 7.0
Next port to read input from is inputA
Called postfire()
Called prefire()
Called fire()
-- Thread wrapup() called.
Called wrapup()
Thread .top.Ramp is exiting.
-- Thread stopped.
Checking for deadlock:
There are 2 Blocked actors, 0 Stopped actors, and 3 active threads.
Waiting for actors to stop.
Read input token from inputA with value 8.0
Called prefire()
Called fire()
Past the end of training data. Read and discard all inputs.
Checking for deadlock:
There are 2 Blocked actors, 0 Stopped actors, and 3 active threads.
Waiting for actors to stop.
Sent output token with value 7.5
Next port to read input from is inputB
Called postfire()
Called prefire()
Called fire()
Checking for deadlock:
There are 1 Blocked actors, 0 Stopped actors, and 3 active threads.
Waiting for actors to stop.
Called postfire()
Called prefire()
Called fire()
Checking for deadlock:
There are 2 Blocked actors, 0 Stopped actors, and 3 active threads.
Waiting for actors to stop.
Read input token from inputB with value 9.0
Checking for deadlock:
There are 1 Blocked actors, 0 Stopped actors, and 3 active threads.
Waiting for actors to stop.
Called prefire()
Called fire()
Past the end of training data. Read and discard all inputs.
Checking for deadlock:
There are 2 Blocked actors, 0 Stopped actors, and 3 active threads.
Waiting for actors to stop.
Sent output token with value 8.0
Next port to read input from is inputA
Called postfire()
Called prefire()
Called fire()
Read input token from inputA with value 9.0
Checking for deadlock:
There are 1 Blocked actors, 0 Stopped actors, and 3 active threads.
Waiting for actors to stop.
Called prefire()
Called fire()
Past the end of training data. Read and discard all inputs.
Checking for deadlock:
There are 2 Blocked actors, 0 Stopped actors, and 3 active threads.
Waiting for actors to stop.
Sent output token with value 9.0
Next port to read input from is inputB
Called postfire()
Called prefire()
Called fire()
Checking for deadlock:
There are 1 Blocked actors, 0 Stopped actors, and 3 active threads.
Waiting for actors to stop.
Called postfire()
Called prefire()
Called fire()
Checking for deadlock:
There are 2 Blocked actors, 0 Stopped actors, and 3 active threads.
Waiting for actors to stop.
Read input token from inputB with value 10.5
Checking for deadlock:
There are 1 Blocked actors, 0 Stopped actors, and 3 active threads.
Waiting for actors to stop.
Called prefire()
Called fire()
Past the end of training data. Read and discard all inputs.
Checking for deadlock:
There are 2 Blocked actors, 0 Stopped actors, and 3 active threads.
Waiting for actors to stop.
Sent output token with value 9.0
Next port to read input from is inputA
Called postfire()
Called prefire()
Called fire()
Checking for deadlock:
There are 3 Blocked actors, 0 Stopped actors, and 3 active threads.
Actors have stopped.
Checking for deadlock:
There are 3 Blocked actors, 0 Stopped actors, and 3 active threads.
Deadlock detected.
Resolving Deadlock
Checking for deadlock:
There are 3 Blocked actors, 0 Stopped actors, and 3 active threads.
Artificial Deadlock - increasing queue capacity.
increasing the capacity of receiver ptolemy.actor.TypedIOPort {.top.OrderedMerge.inputB} to 2
Director: Called postfire().
Called postfire().
_stopRequested = false
_stopFireRequested = false
Returning from postfire(): true
Called fire().
Checking for deadlock:
There are 2 Blocked actors, 0 Stopped actors, and 3 active threads.
Waiting for actors to stop.
-- Thread wrapup() called.
Called wrapup()
Thread .top.Ramp2 is exiting.
-- Thread stopped.
Checking for deadlock:
There are 2 Blocked actors, 0 Stopped actors, and 2 active threads.
Actors have stopped.
Checking for deadlock:
There are 2 Blocked actors, 0 Stopped actors, and 2 active threads.
Deadlock detected.
Resolving Deadlock
Checking for deadlock:
There are 2 Blocked actors, 0 Stopped actors, and 2 active threads.
Deadlock detected: no processes blocked on write, but some are blocked on read.
Called postfire().
_stopRequested = false
_stopFireRequested = false
Returning from postfire(): false
Finished deactivating branches.
Called wrapup().
-- Thread wrapup() called.
Called wrapup()
Thread .top.Test is exiting.
-- Thread stopped.
-- Blocked Receiver call threw TerminateProcessException.
-- Thread wrapup() called.
Called wrapup()
Thread .top.OrderedMerge is exiting.
28 ms. Memory: 208384K Free: 122940K (59%)
.top. Preinitializing ...
Invoking preinitialize():  .top.OrderedMerge
Called preinitialize()
Invoking preinitialize():  .top.Ramp
Called preinitialize()
Invoking preinitialize():  .top.Ramp2
Called preinitialize()
Invoking preinitialize():  .top.Test
Called preinitialize()
.top. Finished preinitialize().
Called initialize().
Invoking initialize():  .top.OrderedMerge
Initializing actor: .top.OrderedMerge
Adding a thread: .top.OrderedMerge
Invoking initialize():  .top.Ramp
Initializing actor: .top.Ramp
Adding a thread: .top.Ramp
Invoking initialize():  .top.Ramp2
Initializing actor: .top.Ramp2
Adding a thread: .top.Ramp2
Invoking initialize():  .top.Test
Initializing actor: .top.Test
Adding a thread: .top.Test
-- Thread stopped.
-- Blocked Receiver call threw TerminateProcessException.
-- Starting thread.
Called initialize()
Called prefire()
Called fire()
-- Starting thread.
Called initialize()
Called prefire()
Called fire()
Called postfire()
Called prefire()
Called fire()
-- Starting thread.
Called initialize()
Called prefire()
Called fire()
Called postfire()
Called prefire()
Called fire()
Called fire().
Checking for deadlock:
-- Starting thread.
There are 3 Blocked actors, 0 Stopped actors, and 4 active threads.
Waiting for actors to stop.
Called initialize()
Called prefire()
Called fire()
Checking for deadlock:
There are 2 Blocked actors, 0 Stopped actors, and 4 active threads.
Waiting for actors to stop.
Read input token from inputA with value 0.0
Next port to read input from is inputB
Called postfire()
Called prefire()
Called postfire()
Called fire()
Called prefire()
Called fire()
Read input token from inputB with value 0.0
Called postfire()
Called prefire()
Called fire()
Sent output token with value 0.0
Checking for deadlock:
There are 2 Blocked actors, 0 Stopped actors, and 4 active threads.
Next port to read input from is inputA
Waiting for actors to stop.
Called postfire()
Called prefire()
Called fire()
Read input token from inputA with value 1.0
Sent output token with value 0.0
Next port to read input from is inputB
Called postfire()
Called prefire()
Called fire()
Read input token from inputB with value 1.5
-- Read input: 0.0, which is expected to match: 0.0
Called prefire()
Called fire()
-- Read input: 0.0, which is expected to match: 0.0
Called prefire()
Called fire()
Called postfire()
Called prefire()
Called fire()
Sent output token with value 1.0
Next port to read input from is inputA
Called postfire()
Called prefire()
Called fire()
Read input token from inputA with value 2.0
Checking for deadlock:
There are 1 Blocked actors, 0 Stopped actors, and 4 active threads.
Waiting for actors to stop.
Called postfire()
Called prefire()
Called fire()
Called postfire()
Called prefire()
Called fire()
-- Read input: 1.0, which is expected to match: 1.0
Called prefire()
Called fire()
Checking for deadlock:
There are 3 Blocked actors, 0 Stopped actors, and 4 active threads.
Waiting for actors to stop.
Sent output token with value 1.5
Next port to read input from is inputB
Called postfire()
Called prefire()
Called fire()
Read input token from inputB with value 3.0
Called postfire()
Called prefire()
Called fire()
Checking for deadlock:
There are 3 Blocked actors, 0 Stopped actors, and 4 active threads.
Waiting for actors to stop.
Sent output token with value 2.0
-- Read input: 1.5, which is expected to match: 1.5
Called prefire()
Called fire()
Next port to read input from is inputA
Called postfire()
Called prefire()
Called fire()
-- Read input: 2.0, which is expected to match: 2.0
Read input token from inputA with value 3.0
Called prefire()
Called fire()
Sent output token with value 3.0
-- Read input: 3.0, which is expected to match: 3.0
Next port to read input from is inputB
Called postfire()
Called prefire()
Called prefire()
Called fire()
Called fire()
Read input token from inputB with value 4.5
Sent output token with value 3.0
Next port to read input from is inputA
Called postfire()
Called prefire()
Called fire()
Checking for deadlock:
There are 1 Blocked actors, 0 Stopped actors, and 4 active threads.
Waiting for actors to stop.
Called postfire()
Called postfire()
Called prefire()
Called prefire()
Called fire()
Called fire()
-- Read input: 3.0, which is expected to match: 3.0
Called prefire()
Called fire()
Checking for deadlock:
There are 3 Blocked actors, 0 Stopped actors, and 4 active threads.
Waiting for actors to stop.
Read input token from inputA with value 4.0
Sent output token with value 4.0
Next port to read input from is inputA
Called postfire()
Called prefire()
Called fire()
Called postfire()
Called prefire()
Called fire()
Checking for deadlock:
There are 2 Blocked actors, 0 Stopped actors, and 4 active threads.
Waiting for actors to stop.
-- Read input: 4.0, which is expected to match: 4.0
Called prefire()
Called fire()
Past the end of training data. Read and discard all inputs.
Checking for deadlock:
There are 2 Blocked actors, 0 Stopped actors, and 4 active threads.
Read input token from inputA with value 5.0
Waiting for actors to stop.
Sent output token with value 4.5
Next port to read input from is inputB
Called postfire()
Called prefire()
Called fire()
Read input token from inputB with value 6.0
Checking for deadlock:
There are 1 Blocked actors, 0 Stopped actors, and 4 active threads.
Waiting for actors to stop.
Called postfire()
Called prefire()
Called fire()
Called prefire()
Called fire()
Past the end of training data. Read and discard all inputs.
Checking for deadlock:
There are 2 Blocked actors, 0 Stopped actors, and 4 active threads.
Waiting for actors to stop.
Sent output token with value 5.0
Next port to read input from is inputA
Called postfire()
Called prefire()
Called fire()
Called postfire()
Called prefire()
Called fire()
Checking for deadlock:
There are 1 Blocked actors, 0 Stopped actors, and 4 active threads.
Waiting for actors to stop.
Read input token from inputA with value 6.0
Called prefire()
Called fire()
Past the end of training data. Read and discard all inputs.
Called prefire()
Called fire()
Sent output token with value 6.0
Past the end of training data. Read and discard all inputs.
Next port to read input from is inputB
Checking for deadlock:
Called postfire()
There are 2 Blocked actors, 0 Stopped actors, and 4 active threads.
Called prefire()
Waiting for actors to stop.
Called fire()
Read input token from inputB with value 7.5
Sent output token with value 6.0
Next port to read input from is inputA
Called postfire()
Called prefire()
Called fire()
Checking for deadlock:
There are 1 Blocked actors, 0 Stopped actors, and 4 active threads.
Waiting for actors to stop.
Called postfire()
Called prefire()
Called fire()
Called prefire()
Called fire()
Past the end of training data. Read and discard all inputs.
Checking for deadlock:
There are 3 Blocked actors, 0 Stopped actors, and 4 active threads.
Waiting for actors to stop.
Called postfire()
Called prefire()
Called fire()
Checking for deadlock:
There are 2 Blocked actors, 0 Stopped actors, and 4 active threads.
Waiting for actors to stop.
Read input token from inputA with value 7.0
Sent output token with value 7.0
Next port to read input from is inputA
Called postfire()
Called prefire()
Called fire()
Called postfire()
Called prefire()
Called prefire()
Called fire()
Called fire()
Past the end of training data. Read and discard all inputs.
Checking for deadlock:
There are 3 Blocked actors, 0 Stopped actors, and 4 active threads.
Waiting for actors to stop.
Read input token from inputA with value 8.0
Sent output token with value 7.5
Next port to read input from is inputB
Called postfire()
Called prefire()
Called fire()
Read input token from inputB with value 9.0
Checking for deadlock:
There are 1 Blocked actors, 0 Stopped actors, and 4 active threads.
Waiting for actors to stop.
-- Thread wrapup() called.
Called wrapup()
Called prefire()
Called fire()
Past the end of training data. Read and discard all inputs.
Thread .top.Ramp is exiting.
-- Thread stopped.
Called postfire()
Called prefire()
Called fire()
Checking for deadlock:
There are 2 Blocked actors, 0 Stopped actors, and 3 active threads.
Waiting for actors to stop.
Called prefire()
Called fire()
Sent output token with value 8.0
Past the end of training data. Read and discard all inputs.
Checking for deadlock:
There are 2 Blocked actors, 0 Stopped actors, and 3 active threads.
Next port to read input from is inputA
Waiting for actors to stop.
Called postfire()
Called prefire()
Called fire()
Read input token from inputA with value 9.0
Checking for deadlock:
Sent output token with value 9.0
There are 1 Blocked actors, 0 Stopped actors, and 3 active threads.
Waiting for actors to stop.
Next port to read input from is inputB
Called prefire()
Called postfire()
Called fire()
Called prefire()
Past the end of training data. Read and discard all inputs.
Called fire()
Checking for deadlock:
There are 1 Blocked actors, 0 Stopped actors, and 3 active threads.
Waiting for actors to stop.
Read input token from inputB with value 10.5
Sent output token with value 9.0
Called postfire()
Called prefire()
Called fire()
Next port to read input from is inputA
Called postfire()
Called prefire()
Called fire()
Checking for deadlock:
There are 1 Blocked actors, 0 Stopped actors, and 3 active threads.
Waiting for actors to stop.
Called prefire()
Called fire()
Checking for deadlock:
Past the end of training data. Read and discard all inputs.
There are 2 Blocked actors, 0 Stopped actors, and 3 active threads.
Waiting for actors to stop.
Checking for deadlock:
There are 3 Blocked actors, 0 Stopped actors, and 3 active threads.
Actors have stopped.
Checking for deadlock:
There are 3 Blocked actors, 0 Stopped actors, and 3 active threads.
Deadlock detected.
Resolving Deadlock
Checking for deadlock:
There are 3 Blocked actors, 0 Stopped actors, and 3 active threads.
Artificial Deadlock - increasing queue capacity.
increasing the capacity of receiver ptolemy.actor.TypedIOPort {.top.OrderedMerge.inputB} to 2
Director: Called postfire().
Called postfire().
_stopRequested = false
_stopFireRequested = false
Returning from postfire(): true
Called fire().
Checking for deadlock:
There are 2 Blocked actors, 0 Stopped actors, and 3 active threads.
Waiting for actors to stop.
-- Thread wrapup() called.
Called wrapup()
Thread .top.Ramp2 is exiting.
-- Thread stopped.
Checking for deadlock:
There are 2 Blocked actors, 0 Stopped actors, and 2 active threads.
Actors have stopped.
Checking for deadlock:
There are 2 Blocked actors, 0 Stopped actors, and 2 active threads.
Deadlock detected.
Resolving Deadlock
Checking for deadlock:
There are 2 Blocked actors, 0 Stopped actors, and 2 active threads.
Deadlock detected: no processes blocked on write, but some are blocked on read.
Called postfire().
_stopRequested = false
_stopFireRequested = false
Returning from postfire(): false
Finished deactivating branches.
Called wrapup().
-- Thread wrapup() called.
Called wrapup()
-- Thread wrapup() called.
Called wrapup()
Thread .top.OrderedMerge is exiting.
Thread .top.Test is exiting.
-- Thread stopped.
-- Blocked Receiver call threw TerminateProcessException.
54 ms. Memory: 208384K Free: 115608K (55%)
/home/travis/build/icyphy/ptII/ptolemy/actor/lib/test/Publisher.tcl
-- Thread stopped.
-- Blocked Receiver call threw TerminateProcessException.
15 ms. Memory: 208384K Free: 110776K (53%)
4 ms. Memory: 208384K Free: 103527K (50%)
3 ms. Memory: 208384K Free: 101111K (49%)
3 ms. Memory: 208384K Free: 98695K (47%)
2 ms. Memory: 208384K Free: 98695K (47%)
3 ms. Memory: 208384K Free: 98695K (47%)
2 ms. Memory: 208384K Free: 96279K (46%)
3 ms. Memory: 208384K Free: 96279K (46%)
1 ms. Memory: 208384K Free: 86614K (42%)
8 ms. Memory: 208384K Free: 81782K (39%)
4 ms. Memory: 208384K Free: 81782K (39%)
1 ms. Memory: 208384K Free: 80401K (39%)
6 ms. Memory: 330752K Free: 314033K (95%)
13 ms. Memory: 330752K Free: 304577K (92%)
11 ms. Memory: 330752K Free: 290394K (88%)
/home/travis/build/icyphy/ptII/ptolemy/actor/lib/test/Pulse.tcl
2 ms. Memory: 330752K Free: 247842K (75%)
1 ms. Memory: 330752K Free: 247842K (75%)
2 ms. Memory: 330752K Free: 247842K (75%)
1 ms. Memory: 330752K Free: 247842K (75%)
1 ms. Memory: 330752K Free: 247842K (75%)
2 ms. Memory: 330752K Free: 247842K (75%)
2 ms. Memory: 330752K Free: 243114K (74%)
1 ms. Memory: 330752K Free: 243114K (74%)
1 ms. Memory: 330752K Free: 243114K (74%)
/home/travis/build/icyphy/ptII/ptolemy/actor/lib/test/Ramp.tcl
2 ms. Memory: 330752K Free: 243114K (74%)
2 ms. Memory: 330752K Free: 243114K (74%)
1 ms. Memory: 330752K Free: 238386K (72%)
2 ms. Memory: 330752K Free: 238386K (72%)
3 ms. Memory: 330752K Free: 238386K (72%)
4 ms. Memory: 330752K Free: 238386K (72%)
4 ms. Memory: 330752K Free: 238386K (72%)
5 actors
5000 microseconds per iteration to create
5 ms. Memory: 330752K Free: 233650K (71%)
3 ms. Memory: 330752K Free: 233650K (71%)
1 ms. Memory: 330752K Free: 233650K (71%)
2 ms. Memory: 330752K Free: 233650K (71%)
50 actors
24000 microseconds per iteration to create
24 ms. Memory: 330752K Free: 214722K (65%)
5 ms. Memory: 330752K Free: 214722K (65%)
4 ms. Memory: 330752K Free: 214722K (65%)
4 ms. Memory: 330752K Free: 214722K (65%)
500 actors
1273000 microseconds per iteration to create
294 ms. Memory: 331776K Free: 290721K (88%)
46 ms. Memory: 331776K Free: 281160K (85%)
42 ms. Memory: 331776K Free: 276380K (83%)
46 ms. Memory: 331776K Free: 271599K (82%)
/home/travis/build/icyphy/ptII/ptolemy/actor/lib/test/RampContinuous.tcl
6 ms. Memory: 331776K Free: 271599K (82%)
/home/travis/build/icyphy/ptII/ptolemy/actor/lib/test/RecordAssembler.tcl
4 ms. Memory: 331776K Free: 271599K (82%)
3 ms. Memory: 331776K Free: 266818K (80%)
/home/travis/build/icyphy/ptII/ptolemy/actor/lib/test/RecordDisassembler.tcl
3 ms. Memory: 331776K Free: 266818K (80%)
3 ms. Memory: 331776K Free: 266818K (80%)
3 ms. Memory: 331776K Free: 266818K (80%)
/home/travis/build/icyphy/ptII/ptolemy/actor/lib/test/Scale.tcl
2 ms. Memory: 331776K Free: 262038K (79%)
1 ms. Memory: 331776K Free: 262038K (79%)
1 ms. Memory: 331776K Free: 262038K (79%)
2 ms. Memory: 331776K Free: 262038K (79%)
2 ms. Memory: 331776K Free: 257257K (78%)
/home/travis/build/icyphy/ptII/ptolemy/actor/lib/test/SequentialClock.tcl
preinitializing
resolving types
initializing
executing number 1
wrapping up
idle
2 ms. Memory: 331776K Free: 257257K (78%)
Completed execution with 5 iterations
preinitializing
resolving types
initializing
executing number 1
wrapping up
idle
1 ms. Memory: 331776K Free: 257257K (78%)
Completed execution with 5 iterations
preinitializing
resolving types
initializing
executing number 1
wrapping up
idle
1 ms. Memory: 331776K Free: 257257K (78%)
Completed execution with 5 iterations
/home/travis/build/icyphy/ptII/ptolemy/actor/lib/test/SetVariable.tcl
4 ms. Memory: 331776K Free: 257257K (78%)
/home/travis/build/icyphy/ptII/ptolemy/actor/lib/test/Sinewave.tcl
/home/travis/build/icyphy/ptII/ptolemy/actor/lib/test/SubscriptionAggregator.tcl
4 ms. Memory: 331776K Free: 242883K (73%)
2 ms. Memory: 331776K Free: 242883K (73%)
1 ms. Memory: 331776K Free: 238087K (72%)
1 ms. Memory: 331776K Free: 238087K (72%)
1 ms. Memory: 331776K Free: 238087K (72%)
3 ms. Memory: 331776K Free: 233306K (70%)
...............................................................879 ms. Memory: 574976K Free: 113692K (20%)
/home/travis/build/icyphy/ptII/ptolemy/actor/lib/test/Test.tcl
 The next command will produce a warning about training mode,
   which may be ignored.
3 ms. Memory: 574976K Free: 113692K (20%)
2 ms. Memory: 574976K Free: 113692K (20%)
2 ms. Memory: 574976K Free: 113692K (20%)
1 ms. Memory: 574976K Free: 113692K (20%)
2 ms. Memory: 574976K Free: 113692K (20%)
2 ms. Memory: 574976K Free: 113692K (20%)
3 ms. Memory: 574976K Free: 113692K (20%)
 The next command will produce a warning about training mode,
   which may be ignored.
3 ms. Memory: 574976K Free: 104124K (18%)
 The next command will produce a warning about training mode,
   which may be ignored.
3 ms. Memory: 574976K Free: 104124K (18%)
1 ms. Memory: 574976K Free: 104124K (18%)
1 ms. Memory: 574976K Free: 104124K (18%)
1 ms. Memory: 574976K Free: 104124K (18%)
1 ms. Memory: 574976K Free: 104124K (18%)
3 ms. Memory: 574976K Free: 104124K (18%)
/home/travis/build/icyphy/ptII/ptolemy/actor/lib/test/TestExceptionHandler.tcl
 The next command will produce a warning about training mode,
   which may be ignored.
3 ms. Memory: 574976K Free: 94564K (16%)
1 ms. Memory: 574976K Free: 94564K (16%)
1 ms. Memory: 574976K Free: 94564K (16%)
/home/travis/build/icyphy/ptII/ptolemy/actor/lib/test/UnionDisassembler.tcl
23 ms. Memory: 574976K Free: 85012K (15%)
/home/travis/build/icyphy/ptII/ptolemy/actor/lib/test/VariableClock.tcl
preinitializing
resolving types
initializing
executing number 1
wrapping up
idle
10 ms. Memory: 574976K Free: 85012K (15%)
Completed execution with 11 iterations
preinitializing
resolving types
initializing
executing number 1
wrapping up
idle
11 ms. Memory: 574976K Free: 85012K (15%)
Completed execution with 10 iterations
01/21/19 03:16:20
Failed: 0  Total Tests: 234  ((Passed: 234, Newly Passed: 0)  Known Failed: 0) /home/travis/build/icyphy/ptII/ptolemy/actor/lib/test
----------------- testing (KnownFailure) /home/travis/build/icyphy/ptII/ptolemy/actor/lib/test/auto/knownFailedTests/PublisherPortToplevelSubscriber.xml
1 ms. Memory: 574976K Free: 75305K (13%)
Known Failure: java.lang.reflect.InvocationTargetException
----------------- testing (KnownFailure) /home/travis/build/icyphy/ptII/ptolemy/actor/lib/test/auto/knownFailedTests/PublisherSubscriberPortToplevel.xml
1 ms. Memory: 579072K Free: 532570K (92%)
Known Failure: java.lang.reflect.InvocationTargetException
----------------- testing (KnownFailure) /home/travis/build/icyphy/ptII/ptolemy/actor/lib/test/auto/knownFailedTests/PublisherSubscriptionAggregatorPort.xml
1 ms. Memory: 579072K Free: 503735K (87%)
Known Failure: java.lang.reflect.InvocationTargetException
----------------- testing (KnownFailure) /home/travis/build/icyphy/ptII/ptolemy/actor/lib/test/auto/knownFailedTests/sizedarray3.xml
4 ms. Memory: 579072K Free: 484320K (84%)
Known Failure: java.lang.reflect.InvocationTargetException
No auto/linux-amd64/*.xml tests in /home/travis/build/icyphy/ptII/ptolemy/actor/lib/test
AutoTests.java: About to close Vertx.
AutoTests.java: Vertx closed.

===========================================================================================
----------------- testing Mon Jan 21 03:16:21 UTC 2019 /home/travis/build/icyphy/ptII/ptolemy/actor/lib/test/auto/AbsoluteValue.xml
----------------- Instantiating /home/travis/build/icyphy/ptII/ptolemy/actor/lib/test/auto/AbsoluteValue.xml
7 ms. Memory: 579072K Free: 406869K (70%)
----------------- Invoking toplevel() on ptolemy.moml.MoMLSimpleApplication@33799eaa
----------------- Done invoking toplevel() on ptolemy.moml.MoMLSimpleApplication@33799eaa
reloadAllAccessors: .AbsoluteValue

===========================================================================================
----------------- testing Mon Jan 21 03:16:21 UTC 2019 /home/travis/build/icyphy/ptII/ptolemy/actor/lib/test/auto/AbsoluteValue2.xml
----------------- Instantiating /home/travis/build/icyphy/ptII/ptolemy/actor/lib/test/auto/AbsoluteValue2.xml
8 ms. Memory: 579072K Free: 382880K (66%)
----------------- Invoking toplevel() on ptolemy.moml.MoMLSimpleApplication@66699940
----------------- Done invoking toplevel() on ptolemy.moml.MoMLSimpleApplication@66699940
reloadAllAccessors: .AbsoluteValue2

===========================================================================================
----------------- testing Mon Jan 21 03:16:21 UTC 2019 /home/travis/build/icyphy/ptII/ptolemy/actor/lib/test/auto/Accumulator.xml
----------------- Instantiating /home/travis/build/icyphy/ptII/ptolemy/actor/lib/test/auto/Accumulator.xml
6 ms. Memory: 579072K Free: 373172K (64%)
----------------- Invoking toplevel() on ptolemy.moml.MoMLSimpleApplication@87a093e
----------------- Done invoking toplevel() on ptolemy.moml.MoMLSimpleApplication@87a093e
reloadAllAccessors: .Accumulator

===========================================================================================
----------------- testing Mon Jan 21 03:16:21 UTC 2019 /home/travis/build/icyphy/ptII/ptolemy/actor/lib/test/auto/Accumulator2.xml
----------------- Instantiating /home/travis/build/icyphy/ptII/ptolemy/actor/lib/test/auto/Accumulator2.xml
2 ms. Memory: 579072K Free: 363465K (63%)
----------------- Invoking toplevel() on ptolemy.moml.MoMLSimpleApplication@2aa2276a
----------------- Done invoking toplevel() on ptolemy.moml.MoMLSimpleApplication@2aa2276a
reloadAllAccessors: .Accumulator2

===========================================================================================
----------------- testing Mon Jan 21 03:16:21 UTC 2019 /home/travis/build/icyphy/ptII/ptolemy/actor/lib/test/auto/Accumulator3.xml
----------------- Instantiating /home/travis/build/icyphy/ptII/ptolemy/actor/lib/test/auto/Accumulator3.xml
2 ms. Memory: 579072K Free: 353757K (61%)
----------------- Invoking toplevel() on ptolemy.moml.MoMLSimpleApplication@4d3e357b
----------------- Done invoking toplevel() on ptolemy.moml.MoMLSimpleApplication@4d3e357b
reloadAllAccessors: .Accumulator3

===========================================================================================
----------------- testing Mon Jan 21 03:16:21 UTC 2019 /home/travis/build/icyphy/ptII/ptolemy/actor/lib/test/auto/ArrayAppend.xml
----------------- Instantiating /home/travis/build/icyphy/ptII/ptolemy/actor/lib/test/auto/ArrayAppend.xml
7 ms. Memory: 579072K Free: 344050K (59%)
----------------- Invoking toplevel() on ptolemy.moml.MoMLSimpleApplication@42069142
----------------- Done invoking toplevel() on ptolemy.moml.MoMLSimpleApplication@42069142
reloadAllAccessors: .ArrayAppend

===========================================================================================
----------------- testing Mon Jan 21 03:16:21 UTC 2019 /home/travis/build/icyphy/ptII/ptolemy/actor/lib/test/auto/ArrayAppend2.xml
----------------- Instantiating /home/travis/build/icyphy/ptII/ptolemy/actor/lib/test/auto/ArrayAppend2.xml
268 ms. Memory: 579072K Free: 271531K (47%)
----------------- Invoking toplevel() on ptolemy.moml.MoMLSimpleApplication@1de4c04d
----------------- Done invoking toplevel() on ptolemy.moml.MoMLSimpleApplication@1de4c04d
reloadAllAccessors: .ArrayAppend2

===========================================================================================
----------------- testing Mon Jan 21 03:16:22 UTC 2019 /home/travis/build/icyphy/ptII/ptolemy/actor/lib/test/auto/ArrayAppend3.xml
----------------- Instantiating /home/travis/build/icyphy/ptII/ptolemy/actor/lib/test/auto/ArrayAppend3.xml
7 ms. Memory: 579072K Free: 261823K (45%)
----------------- Invoking toplevel() on ptolemy.moml.MoMLSimpleApplication@3a6ef74c
----------------- Done invoking toplevel() on ptolemy.moml.MoMLSimpleApplication@3a6ef74c
reloadAllAccessors: .ArrayAppend3

===========================================================================================
----------------- testing Mon Jan 21 03:16:22 UTC 2019 /home/travis/build/icyphy/ptII/ptolemy/actor/lib/test/auto/ArrayAppend4.xml
----------------- Instantiating /home/travis/build/icyphy/ptII/ptolemy/actor/lib/test/auto/ArrayAppend4.xml
16 ms. Memory: 579072K Free: 252116K (44%)
----------------- Invoking toplevel() on ptolemy.moml.MoMLSimpleApplication@59415eee
----------------- Done invoking toplevel() on ptolemy.moml.MoMLSimpleApplication@59415eee
reloadAllAccessors: .ArrayAppend4

===========================================================================================
----------------- testing Mon Jan 21 03:16:22 UTC 2019 /home/travis/build/icyphy/ptII/ptolemy/actor/lib/test/auto/ArrayAppend5.xml
----------------- Instantiating /home/travis/build/icyphy/ptII/ptolemy/actor/lib/test/auto/ArrayAppend5.xml
2 ms. Memory: 579072K Free: 242408K (42%)
----------------- Invoking toplevel() on ptolemy.moml.MoMLSimpleApplication@264c86e4
----------------- Done invoking toplevel() on ptolemy.moml.MoMLSimpleApplication@264c86e4
reloadAllAccessors: .ArrayAppend5

===========================================================================================
----------------- testing Mon Jan 21 03:16:22 UTC 2019 /home/travis/build/icyphy/ptII/ptolemy/actor/lib/test/auto/ArrayAppend6.xml
----------------- Instantiating /home/travis/build/icyphy/ptII/ptolemy/actor/lib/test/auto/ArrayAppend6.xml
2 ms. Memory: 579072K Free: 223281K (39%)
----------------- Invoking toplevel() on ptolemy.moml.MoMLSimpleApplication@54909be2
----------------- Done invoking toplevel() on ptolemy.moml.MoMLSimpleApplication@54909be2
reloadAllAccessors: .ArrayAppend6

===========================================================================================
----------------- testing Mon Jan 21 03:16:22 UTC 2019 /home/travis/build/icyphy/ptII/ptolemy/actor/lib/test/auto/ArrayAppendPerformanceTest.xml
----------------- Instantiating /home/travis/build/icyphy/ptII/ptolemy/actor/lib/test/auto/ArrayAppendPerformanceTest.xml
20 ms. Memory: 579072K Free: 208704K (36%)
----------------- Invoking toplevel() on ptolemy.moml.MoMLSimpleApplication@5c97bc08
----------------- Done invoking toplevel() on ptolemy.moml.MoMLSimpleApplication@5c97bc08
reloadAllAccessors: .ArrayAppendPerformanceTest

===========================================================================================
----------------- testing Mon Jan 21 03:16:22 UTC 2019 /home/travis/build/icyphy/ptII/ptolemy/actor/lib/test/auto/ArrayAppendWithEmptyInput.xml
----------------- Instantiating /home/travis/build/icyphy/ptII/ptolemy/actor/lib/test/auto/ArrayAppendWithEmptyInput.xml
21 ms. Memory: 579072K Free: 194142K (34%)
----------------- Invoking toplevel() on ptolemy.moml.MoMLSimpleApplication@3eda5dc1
----------------- Done invoking toplevel() on ptolemy.moml.MoMLSimpleApplication@3eda5dc1
reloadAllAccessors: .ArrayAppendWithEmptyInput

===========================================================================================
----------------- testing Mon Jan 21 03:16:22 UTC 2019 /home/travis/build/icyphy/ptII/ptolemy/actor/lib/test/auto/ArrayAverage.xml
----------------- Instantiating /home/travis/build/icyphy/ptII/ptolemy/actor/lib/test/auto/ArrayAverage.xml
4 ms. Memory: 579072K Free: 179581K (31%)
----------------- Invoking toplevel() on ptolemy.moml.MoMLSimpleApplication@3b03d40d
----------------- Done invoking toplevel() on ptolemy.moml.MoMLSimpleApplication@3b03d40d
reloadAllAccessors: .ArrayAverage

===========================================================================================
----------------- testing Mon Jan 21 03:16:22 UTC 2019 /home/travis/build/icyphy/ptII/ptolemy/actor/lib/test/auto/ArrayContains.xml
----------------- Instantiating /home/travis/build/icyphy/ptII/ptolemy/actor/lib/test/auto/ArrayContains.xml
9 ms. Memory: 579072K Free: 160454K (28%)
----------------- Invoking toplevel() on ptolemy.moml.MoMLSimpleApplication@81f4acc
----------------- Done invoking toplevel() on ptolemy.moml.MoMLSimpleApplication@81f4acc
reloadAllAccessors: .ArrayContains

===========================================================================================
----------------- testing Mon Jan 21 03:16:22 UTC 2019 /home/travis/build/icyphy/ptII/ptolemy/actor/lib/test/auto/ArrayElement.xml
----------------- Instantiating /home/travis/build/icyphy/ptII/ptolemy/actor/lib/test/auto/ArrayElement.xml
8 ms. Memory: 579072K Free: 150746K (26%)
----------------- Invoking toplevel() on ptolemy.moml.MoMLSimpleApplication@7cd29c4
----------------- Done invoking toplevel() on ptolemy.moml.MoMLSimpleApplication@7cd29c4
reloadAllAccessors: .ArrayElement

===========================================================================================
----------------- testing Mon Jan 21 03:16:22 UTC 2019 /home/travis/build/icyphy/ptII/ptolemy/actor/lib/test/auto/ArrayElementAsMatrix.xml
----------------- Instantiating /home/travis/build/icyphy/ptII/ptolemy/actor/lib/test/auto/ArrayElementAsMatrix.xml
17 ms. Memory: 579072K Free: 136169K (24%)
----------------- Invoking toplevel() on ptolemy.moml.MoMLSimpleApplication@64eff257
----------------- Done invoking toplevel() on ptolemy.moml.MoMLSimpleApplication@64eff257
reloadAllAccessors: .ArrayElementAsMatrix

===========================================================================================
----------------- testing Mon Jan 21 03:16:22 UTC 2019 /home/travis/build/icyphy/ptII/ptolemy/actor/lib/test/auto/ArrayElementI.xml
----------------- Instantiating /home/travis/build/icyphy/ptII/ptolemy/actor/lib/test/auto/ArrayElementI.xml
3 ms. Memory: 579072K Free: 126461K (22%)
----------------- Invoking toplevel() on ptolemy.moml.MoMLSimpleApplication@29ef2535
----------------- Done invoking toplevel() on ptolemy.moml.MoMLSimpleApplication@29ef2535
reloadAllAccessors: .ArrayElementI

===========================================================================================
----------------- testing Mon Jan 21 03:16:22 UTC 2019 /home/travis/build/icyphy/ptII/ptolemy/actor/lib/test/auto/ArrayExtract.xml
----------------- Instantiating /home/travis/build/icyphy/ptII/ptolemy/actor/lib/test/auto/ArrayExtract.xml
3 ms. Memory: 579072K Free: 116754K (20%)
----------------- Invoking toplevel() on ptolemy.moml.MoMLSimpleApplication@1d29746e
----------------- Done invoking toplevel() on ptolemy.moml.MoMLSimpleApplication@1d29746e
reloadAllAccessors: .ArrayExtract

===========================================================================================
----------------- testing Mon Jan 21 03:16:22 UTC 2019 /home/travis/build/icyphy/ptII/ptolemy/actor/lib/test/auto/ArrayExtract2.xml
----------------- Instantiating /home/travis/build/icyphy/ptII/ptolemy/actor/lib/test/auto/ArrayExtract2.xml
2 ms. Memory: 579072K Free: 97627K (17%)
----------------- Invoking toplevel() on ptolemy.moml.MoMLSimpleApplication@25123d4
----------------- Done invoking toplevel() on ptolemy.moml.MoMLSimpleApplication@25123d4
reloadAllAccessors: .ArrayExtract2

===========================================================================================
----------------- testing Mon Jan 21 03:16:22 UTC 2019 /home/travis/build/icyphy/ptII/ptolemy/actor/lib/test/auto/ArrayLength.xml
----------------- Instantiating /home/travis/build/icyphy/ptII/ptolemy/actor/lib/test/auto/ArrayLength.xml
3 ms. Memory: 579072K Free: 87919K (15%)
----------------- Invoking toplevel() on ptolemy.moml.MoMLSimpleApplication@75ced66e
----------------- Done invoking toplevel() on ptolemy.moml.MoMLSimpleApplication@75ced66e
reloadAllAccessors: .ArrayLength

===========================================================================================
----------------- testing Mon Jan 21 03:16:22 UTC 2019 /home/travis/build/icyphy/ptII/ptolemy/actor/lib/test/auto/ArrayLevelCrossing.xml
----------------- Instantiating /home/travis/build/icyphy/ptII/ptolemy/actor/lib/test/auto/ArrayLevelCrossing.xml
3 ms. Memory: 579072K Free: 73342K (13%)
----------------- Invoking toplevel() on ptolemy.moml.MoMLSimpleApplication@2feeea84
----------------- Done invoking toplevel() on ptolemy.moml.MoMLSimpleApplication@2feeea84
reloadAllAccessors: .ArrayLevelCrossing

===========================================================================================
----------------- testing Mon Jan 21 03:16:22 UTC 2019 /home/travis/build/icyphy/ptII/ptolemy/actor/lib/test/auto/ArrayLevelCrossing2.xml
----------------- Instantiating /home/travis/build/icyphy/ptII/ptolemy/actor/lib/test/auto/ArrayLevelCrossing2.xml
3 ms. Memory: 579072K Free: 58772K (10%)
----------------- Invoking toplevel() on ptolemy.moml.MoMLSimpleApplication@257b7ba1
----------------- Done invoking toplevel() on ptolemy.moml.MoMLSimpleApplication@257b7ba1
reloadAllAccessors: .ArrayLevelCrossing2

===========================================================================================
----------------- testing Mon Jan 21 03:16:22 UTC 2019 /home/travis/build/icyphy/ptII/ptolemy/actor/lib/test/auto/ArrayPeakSearch.xml
----------------- Instantiating /home/travis/build/icyphy/ptII/ptolemy/actor/lib/test/auto/ArrayPeakSearch.xml
6 ms. Memory: 875520K Free: 811908K (93%)
----------------- Invoking toplevel() on ptolemy.moml.MoMLSimpleApplication@71ad556
----------------- Done invoking toplevel() on ptolemy.moml.MoMLSimpleApplication@71ad556
reloadAllAccessors: .ArrayPeakSearch

===========================================================================================
----------------- testing Mon Jan 21 03:16:22 UTC 2019 /home/travis/build/icyphy/ptII/ptolemy/actor/lib/test/auto/ArrayPeakSearch2.xml
----------------- Instantiating /home/travis/build/icyphy/ptII/ptolemy/actor/lib/test/auto/ArrayPeakSearch2.xml
4 ms. Memory: 875520K Free: 777919K (89%)
----------------- Invoking toplevel() on ptolemy.moml.MoMLSimpleApplication@7308c0e5
----------------- Done invoking toplevel() on ptolemy.moml.MoMLSimpleApplication@7308c0e5
reloadAllAccessors: .ArrayPeakSearch2

===========================================================================================
----------------- testing Mon Jan 21 03:16:22 UTC 2019 /home/travis/build/icyphy/ptII/ptolemy/actor/lib/test/auto/ArrayPeakSearch3.xml
----------------- Instantiating /home/travis/build/icyphy/ptII/ptolemy/actor/lib/test/auto/ArrayPeakSearch3.xml
4 ms. Memory: 875520K Free: 762385K (87%)
----------------- Invoking toplevel() on ptolemy.moml.MoMLSimpleApplication@57daa83
----------------- Done invoking toplevel() on ptolemy.moml.MoMLSimpleApplication@57daa83
reloadAllAccessors: .ArrayPeakSearch3

===========================================================================================
----------------- testing Mon Jan 21 03:16:22 UTC 2019 /home/travis/build/icyphy/ptII/ptolemy/actor/lib/test/auto/ArrayRemoveElement.xml
----------------- Instantiating /home/travis/build/icyphy/ptII/ptolemy/actor/lib/test/auto/ArrayRemoveElement.xml
6 ms. Memory: 875520K Free: 746851K (85%)
----------------- Invoking toplevel() on ptolemy.moml.MoMLSimpleApplication@2978339d
----------------- Done invoking toplevel() on ptolemy.moml.MoMLSimpleApplication@2978339d
reloadAllAccessors: .ArrayRemoveElement

===========================================================================================
----------------- testing Mon Jan 21 03:16:22 UTC 2019 /home/travis/build/icyphy/ptII/ptolemy/actor/lib/test/auto/ArraySort.xml
----------------- Instantiating /home/travis/build/icyphy/ptII/ptolemy/actor/lib/test/auto/ArraySort.xml
10 ms. Memory: 875520K Free: 731317K (84%)
----------------- Invoking toplevel() on ptolemy.moml.MoMLSimpleApplication@417b2b56
----------------- Done invoking toplevel() on ptolemy.moml.MoMLSimpleApplication@417b2b56
reloadAllAccessors: .ArraySort

===========================================================================================
----------------- testing Mon Jan 21 03:16:22 UTC 2019 /home/travis/build/icyphy/ptII/ptolemy/actor/lib/test/auto/ArraySum.xml
----------------- Instantiating /home/travis/build/icyphy/ptII/ptolemy/actor/lib/test/auto/ArraySum.xml
2 ms. Memory: 875520K Free: 705095K (81%)
----------------- Invoking toplevel() on ptolemy.moml.MoMLSimpleApplication@536c52fd
----------------- Done invoking toplevel() on ptolemy.moml.MoMLSimpleApplication@536c52fd
reloadAllAccessors: .ArraySum

===========================================================================================
----------------- testing Mon Jan 21 03:16:22 UTC 2019 /home/travis/build/icyphy/ptII/ptolemy/actor/lib/test/auto/ArrayToElements.xml
----------------- Instantiating /home/travis/build/icyphy/ptII/ptolemy/actor/lib/test/auto/ArrayToElements.xml
3 ms. Memory: 875520K Free: 689560K (79%)
----------------- Invoking toplevel() on ptolemy.moml.MoMLSimpleApplication@2679eb9e
----------------- Done invoking toplevel() on ptolemy.moml.MoMLSimpleApplication@2679eb9e
reloadAllAccessors: .ArrayToElements

===========================================================================================
----------------- testing Mon Jan 21 03:16:22 UTC 2019 /home/travis/build/icyphy/ptII/ptolemy/actor/lib/test/auto/ArrayToMatrix.xml
----------------- Instantiating /home/travis/build/icyphy/ptII/ptolemy/actor/lib/test/auto/ArrayToMatrix.xml
5 ms. Memory: 875520K Free: 666243K (76%)
----------------- Invoking toplevel() on ptolemy.moml.MoMLSimpleApplication@13573df4
----------------- Done invoking toplevel() on ptolemy.moml.MoMLSimpleApplication@13573df4
reloadAllAccessors: .ArrayToMatrix

===========================================================================================
----------------- testing Mon Jan 21 03:16:23 UTC 2019 /home/travis/build/icyphy/ptII/ptolemy/actor/lib/test/auto/ArrayUpdate1.xml
----------------- Instantiating /home/travis/build/icyphy/ptII/ptolemy/actor/lib/test/auto/ArrayUpdate1.xml
2 ms. Memory: 875520K Free: 650709K (74%)
----------------- Invoking toplevel() on ptolemy.moml.MoMLSimpleApplication@50dae753
----------------- Done invoking toplevel() on ptolemy.moml.MoMLSimpleApplication@50dae753
reloadAllAccessors: .ArrayUpdate1

===========================================================================================
----------------- testing Mon Jan 21 03:16:23 UTC 2019 /home/travis/build/icyphy/ptII/ptolemy/actor/lib/test/auto/ArrayUpdate2.xml
----------------- Instantiating /home/travis/build/icyphy/ptII/ptolemy/actor/lib/test/auto/ArrayUpdate2.xml
2 ms. Memory: 875520K Free: 635175K (73%)
----------------- Invoking toplevel() on ptolemy.moml.MoMLSimpleApplication@45a6e94f
----------------- Done invoking toplevel() on ptolemy.moml.MoMLSimpleApplication@45a6e94f
reloadAllAccessors: .ArrayUpdate2

===========================================================================================
----------------- testing Mon Jan 21 03:16:23 UTC 2019 /home/travis/build/icyphy/ptII/ptolemy/actor/lib/test/auto/ArrayUpdate3.xml
----------------- Instantiating /home/travis/build/icyphy/ptII/ptolemy/actor/lib/test/auto/ArrayUpdate3.xml
2 ms. Memory: 875520K Free: 608953K (70%)
----------------- Invoking toplevel() on ptolemy.moml.MoMLSimpleApplication@1ddae2a2
----------------- Done invoking toplevel() on ptolemy.moml.MoMLSimpleApplication@1ddae2a2
reloadAllAccessors: .ArrayUpdate3

===========================================================================================
----------------- testing Mon Jan 21 03:16:23 UTC 2019 /home/travis/build/icyphy/ptII/ptolemy/actor/lib/test/auto/Assert1.xml
----------------- Instantiating /home/travis/build/icyphy/ptII/ptolemy/actor/lib/test/auto/Assert1.xml
2 ms. Memory: 875520K Free: 593419K (68%)
----------------- Invoking toplevel() on ptolemy.moml.MoMLSimpleApplication@10ba9c8b
----------------- Done invoking toplevel() on ptolemy.moml.MoMLSimpleApplication@10ba9c8b
reloadAllAccessors: .Assert1

===========================================================================================
----------------- testing Mon Jan 21 03:16:23 UTC 2019 /home/travis/build/icyphy/ptII/ptolemy/actor/lib/test/auto/Assert2.xml
----------------- Instantiating /home/travis/build/icyphy/ptII/ptolemy/actor/lib/test/auto/Assert2.xml
6 ms. Memory: 875520K Free: 577885K (66%)
----------------- Invoking toplevel() on ptolemy.moml.MoMLSimpleApplication@32eed644
----------------- Done invoking toplevel() on ptolemy.moml.MoMLSimpleApplication@32eed644
reloadAllAccessors: .Assert2

===========================================================================================
----------------- testing Mon Jan 21 03:16:23 UTC 2019 /home/travis/build/icyphy/ptII/ptolemy/actor/lib/test/auto/BooleanMultiplexor.xml
----------------- Instantiating /home/travis/build/icyphy/ptII/ptolemy/actor/lib/test/auto/BooleanMultiplexor.xml
2 ms. Memory: 875520K Free: 562350K (64%)
----------------- Invoking toplevel() on ptolemy.moml.MoMLSimpleApplication@5e2c1dd
----------------- Done invoking toplevel() on ptolemy.moml.MoMLSimpleApplication@5e2c1dd
reloadAllAccessors: .BooleanMultiplexor

===========================================================================================
----------------- testing Mon Jan 21 03:16:23 UTC 2019 /home/travis/build/icyphy/ptII/ptolemy/actor/lib/test/auto/BooleanMultiplexor2.xml
----------------- Instantiating /home/travis/build/icyphy/ptII/ptolemy/actor/lib/test/auto/BooleanMultiplexor2.xml
3 ms. Memory: 875520K Free: 546816K (62%)
----------------- Invoking toplevel() on ptolemy.moml.MoMLSimpleApplication@1ad9aab8
----------------- Done invoking toplevel() on ptolemy.moml.MoMLSimpleApplication@1ad9aab8
reloadAllAccessors: .BooleanMultiplexor2

===========================================================================================
----------------- testing Mon Jan 21 03:16:23 UTC 2019 /home/travis/build/icyphy/ptII/ptolemy/actor/lib/test/auto/BooleanMultiplexor3.xml
----------------- Instantiating /home/travis/build/icyphy/ptII/ptolemy/actor/lib/test/auto/BooleanMultiplexor3.xml
1 ms. Memory: 875520K Free: 520594K (59%)
----------------- Invoking toplevel() on ptolemy.moml.MoMLSimpleApplication@5d0aa822
----------------- Done invoking toplevel() on ptolemy.moml.MoMLSimpleApplication@5d0aa822
reloadAllAccessors: .BooleanMultiplexor3

===========================================================================================
----------------- testing Mon Jan 21 03:16:23 UTC 2019 /home/travis/build/icyphy/ptII/ptolemy/actor/lib/test/auto/BooleanSelect.xml
----------------- Instantiating /home/travis/build/icyphy/ptII/ptolemy/actor/lib/test/auto/BooleanSelect.xml
2 ms. Memory: 875520K Free: 505060K (58%)
----------------- Invoking toplevel() on ptolemy.moml.MoMLSimpleApplication@5acf46b9
----------------- Done invoking toplevel() on ptolemy.moml.MoMLSimpleApplication@5acf46b9
reloadAllAccessors: .BooleanSelect

===========================================================================================
----------------- testing Mon Jan 21 03:16:23 UTC 2019 /home/travis/build/icyphy/ptII/ptolemy/actor/lib/test/auto/BooleanSelect2.xml
----------------- Instantiating /home/travis/build/icyphy/ptII/ptolemy/actor/lib/test/auto/BooleanSelect2.xml
1 ms. Memory: 875520K Free: 489526K (56%)
----------------- Invoking toplevel() on ptolemy.moml.MoMLSimpleApplication@554632e2
----------------- Done invoking toplevel() on ptolemy.moml.MoMLSimpleApplication@554632e2
reloadAllAccessors: .BooleanSelect2

===========================================================================================
----------------- testing Mon Jan 21 03:16:23 UTC 2019 /home/travis/build/icyphy/ptII/ptolemy/actor/lib/test/auto/BooleanSwitch.xml
----------------- Instantiating /home/travis/build/icyphy/ptII/ptolemy/actor/lib/test/auto/BooleanSwitch.xml
2 ms. Memory: 875520K Free: 473992K (54%)
----------------- Invoking toplevel() on ptolemy.moml.MoMLSimpleApplication@11fc4098
----------------- Done invoking toplevel() on ptolemy.moml.MoMLSimpleApplication@11fc4098
reloadAllAccessors: .BooleanSwitch

===========================================================================================
----------------- testing Mon Jan 21 03:16:23 UTC 2019 /home/travis/build/icyphy/ptII/ptolemy/actor/lib/test/auto/BooleanSwitch2.xml
----------------- Instantiating /home/travis/build/icyphy/ptII/ptolemy/actor/lib/test/auto/BooleanSwitch2.xml
1 ms. Memory: 875520K Free: 458458K (52%)
----------------- Invoking toplevel() on ptolemy.moml.MoMLSimpleApplication@6d76a130
----------------- Done invoking toplevel() on ptolemy.moml.MoMLSimpleApplication@6d76a130
reloadAllAccessors: .BooleanSwitch2

===========================================================================================
----------------- testing Mon Jan 21 03:16:23 UTC 2019 /home/travis/build/icyphy/ptII/ptolemy/actor/lib/test/auto/BooleanSwitchCloningBugWithClassRelationGroup.xml
----------------- Instantiating /home/travis/build/icyphy/ptII/ptolemy/actor/lib/test/auto/BooleanSwitchCloningBugWithClassRelationGroup.xml
2 ms. Memory: 875520K Free: 432236K (49%)
----------------- Invoking toplevel() on ptolemy.moml.MoMLSimpleApplication@17dbf4d5
----------------- Done invoking toplevel() on ptolemy.moml.MoMLSimpleApplication@17dbf4d5
reloadAllAccessors: .BooleanSwitchCloningBugWithClassRelationGroup

===========================================================================================
----------------- testing Mon Jan 21 03:16:23 UTC 2019 /home/travis/build/icyphy/ptII/ptolemy/actor/lib/test/auto/BusActors.xml
----------------- Instantiating /home/travis/build/icyphy/ptII/ptolemy/actor/lib/test/auto/BusActors.xml
8 ms. Memory: 875520K Free: 416702K (48%)
----------------- Invoking toplevel() on ptolemy.moml.MoMLSimpleApplication@71952439
----------------- Done invoking toplevel() on ptolemy.moml.MoMLSimpleApplication@71952439
reloadAllAccessors: .BusActors

===========================================================================================
----------------- testing Mon Jan 21 03:16:23 UTC 2019 /home/travis/build/icyphy/ptII/ptolemy/actor/lib/test/auto/ClassWrapper.xml
----------------- Instantiating /home/travis/build/icyphy/ptII/ptolemy/actor/lib/test/auto/ClassWrapper.xml
2 ms. Memory: 875520K Free: 401168K (46%)
----------------- Invoking toplevel() on ptolemy.moml.MoMLSimpleApplication@7c28ff93
----------------- Done invoking toplevel() on ptolemy.moml.MoMLSimpleApplication@7c28ff93
reloadAllAccessors: .ClassWrapper

===========================================================================================
----------------- testing Mon Jan 21 03:16:23 UTC 2019 /home/travis/build/icyphy/ptII/ptolemy/actor/lib/test/auto/Clock.xml
----------------- Instantiating /home/travis/build/icyphy/ptII/ptolemy/actor/lib/test/auto/Clock.xml
1 ms. Memory: 875520K Free: 385633K (44%)
----------------- Invoking toplevel() on ptolemy.moml.MoMLSimpleApplication@128881bb
----------------- Done invoking toplevel() on ptolemy.moml.MoMLSimpleApplication@128881bb
reloadAllAccessors: .Clock

===========================================================================================
----------------- testing Mon Jan 21 03:16:23 UTC 2019 /home/travis/build/icyphy/ptII/ptolemy/actor/lib/test/auto/Clock10.xml
----------------- Instantiating /home/travis/build/icyphy/ptII/ptolemy/actor/lib/test/auto/Clock10.xml
2 ms. Memory: 875520K Free: 370099K (42%)
----------------- Invoking toplevel() on ptolemy.moml.MoMLSimpleApplication@61d8258c
----------------- Done invoking toplevel() on ptolemy.moml.MoMLSimpleApplication@61d8258c
reloadAllAccessors: .Clock10

===========================================================================================
----------------- testing Mon Jan 21 03:16:23 UTC 2019 /home/travis/build/icyphy/ptII/ptolemy/actor/lib/test/auto/Clock11.xml
----------------- Instantiating /home/travis/build/icyphy/ptII/ptolemy/actor/lib/test/auto/Clock11.xml
3 ms. Memory: 875520K Free: 343877K (39%)
----------------- Invoking toplevel() on ptolemy.moml.MoMLSimpleApplication@1c1ea31f
----------------- Done invoking toplevel() on ptolemy.moml.MoMLSimpleApplication@1c1ea31f
reloadAllAccessors: .Clock11

===========================================================================================
----------------- testing Mon Jan 21 03:16:23 UTC 2019 /home/travis/build/icyphy/ptII/ptolemy/actor/lib/test/auto/Clock12.xml
----------------- Instantiating /home/travis/build/icyphy/ptII/ptolemy/actor/lib/test/auto/Clock12.xml
2 ms. Memory: 875520K Free: 328343K (38%)
----------------- Invoking toplevel() on ptolemy.moml.MoMLSimpleApplication@320f67cf
----------------- Done invoking toplevel() on ptolemy.moml.MoMLSimpleApplication@320f67cf
reloadAllAccessors: .Clock12

===========================================================================================
----------------- testing Mon Jan 21 03:16:23 UTC 2019 /home/travis/build/icyphy/ptII/ptolemy/actor/lib/test/auto/Clock13.xml
----------------- Instantiating /home/travis/build/icyphy/ptII/ptolemy/actor/lib/test/auto/Clock13.xml
7 ms. Memory: 875520K Free: 312809K (36%)
----------------- Invoking toplevel() on ptolemy.moml.MoMLSimpleApplication@21266323
----------------- Done invoking toplevel() on ptolemy.moml.MoMLSimpleApplication@21266323
reloadAllAccessors: .Clock13

===========================================================================================
----------------- testing Mon Jan 21 03:16:23 UTC 2019 /home/travis/build/icyphy/ptII/ptolemy/actor/lib/test/auto/Clock14.xml
----------------- Instantiating /home/travis/build/icyphy/ptII/ptolemy/actor/lib/test/auto/Clock14.xml
7 ms. Memory: 875520K Free: 297275K (34%)
----------------- Invoking toplevel() on ptolemy.moml.MoMLSimpleApplication@169dd946
----------------- Done invoking toplevel() on ptolemy.moml.MoMLSimpleApplication@169dd946
reloadAllAccessors: .Clock14

===========================================================================================
----------------- testing Mon Jan 21 03:16:23 UTC 2019 /home/travis/build/icyphy/ptII/ptolemy/actor/lib/test/auto/Clock15.xml
----------------- Instantiating /home/travis/build/icyphy/ptII/ptolemy/actor/lib/test/auto/Clock15.xml
6 ms. Memory: 875520K Free: 271053K (31%)
----------------- Invoking toplevel() on ptolemy.moml.MoMLSimpleApplication@4c22da58
----------------- Done invoking toplevel() on ptolemy.moml.MoMLSimpleApplication@4c22da58
reloadAllAccessors: .Clock15

===========================================================================================
----------------- testing Mon Jan 21 03:16:23 UTC 2019 /home/travis/build/icyphy/ptII/ptolemy/actor/lib/test/auto/Clock16.xml
----------------- Instantiating /home/travis/build/icyphy/ptII/ptolemy/actor/lib/test/auto/Clock16.xml
20 ms. Memory: 875520K Free: 247744K (28%)
----------------- Invoking toplevel() on ptolemy.moml.MoMLSimpleApplication@49c1cb63
----------------- Done invoking toplevel() on ptolemy.moml.MoMLSimpleApplication@49c1cb63
reloadAllAccessors: .Clock16

===========================================================================================
----------------- testing Mon Jan 21 03:16:23 UTC 2019 /home/travis/build/icyphy/ptII/ptolemy/actor/lib/test/auto/Clock17.xml
----------------- Instantiating /home/travis/build/icyphy/ptII/ptolemy/actor/lib/test/auto/Clock17.xml
27 ms. Memory: 875520K Free: 224426K (26%)
----------------- Invoking toplevel() on ptolemy.moml.MoMLSimpleApplication@55f415be
----------------- Done invoking toplevel() on ptolemy.moml.MoMLSimpleApplication@55f415be
reloadAllAccessors: .Clock17

===========================================================================================
----------------- testing Mon Jan 21 03:16:23 UTC 2019 /home/travis/build/icyphy/ptII/ptolemy/actor/lib/test/auto/Clock18.xml
----------------- Instantiating /home/travis/build/icyphy/ptII/ptolemy/actor/lib/test/auto/Clock18.xml
21 ms. Memory: 875520K Free: 193342K (22%)
----------------- Invoking toplevel() on ptolemy.moml.MoMLSimpleApplication@72ba2883
----------------- Done invoking toplevel() on ptolemy.moml.MoMLSimpleApplication@72ba2883
reloadAllAccessors: .Clock18

===========================================================================================
----------------- testing Mon Jan 21 03:16:23 UTC 2019 /home/travis/build/icyphy/ptII/ptolemy/actor/lib/test/auto/Clock19.xml
----------------- Instantiating /home/travis/build/icyphy/ptII/ptolemy/actor/lib/test/auto/Clock19.xml
20 ms. Memory: 875520K Free: 170041K (19%)
----------------- Invoking toplevel() on ptolemy.moml.MoMLSimpleApplication@33a838dc
----------------- Done invoking toplevel() on ptolemy.moml.MoMLSimpleApplication@33a838dc
reloadAllAccessors: .Clock19

===========================================================================================
----------------- testing Mon Jan 21 03:16:23 UTC 2019 /home/travis/build/icyphy/ptII/ptolemy/actor/lib/test/auto/Clock2.xml
----------------- Instantiating /home/travis/build/icyphy/ptII/ptolemy/actor/lib/test/auto/Clock2.xml
2 ms. Memory: 875520K Free: 143819K (16%)
----------------- Invoking toplevel() on ptolemy.moml.MoMLSimpleApplication@186508a9
----------------- Done invoking toplevel() on ptolemy.moml.MoMLSimpleApplication@186508a9
reloadAllAccessors: .Clock2

===========================================================================================
----------------- testing Mon Jan 21 03:16:23 UTC 2019 /home/travis/build/icyphy/ptII/ptolemy/actor/lib/test/auto/Clock20.xml
----------------- Instantiating /home/travis/build/icyphy/ptII/ptolemy/actor/lib/test/auto/Clock20.xml
3 ms. Memory: 875520K Free: 128285K (15%)
----------------- Invoking toplevel() on ptolemy.moml.MoMLSimpleApplication@59753f8f
----------------- Done invoking toplevel() on ptolemy.moml.MoMLSimpleApplication@59753f8f
reloadAllAccessors: .Clock20

===========================================================================================
----------------- testing Mon Jan 21 03:16:23 UTC 2019 /home/travis/build/icyphy/ptII/ptolemy/actor/lib/test/auto/Clock21.xml
----------------- Instantiating /home/travis/build/icyphy/ptII/ptolemy/actor/lib/test/auto/Clock21.xml
3 ms. Memory: 875520K Free: 112751K (13%)
----------------- Invoking toplevel() on ptolemy.moml.MoMLSimpleApplication@7bd1e4b4
----------------- Done invoking toplevel() on ptolemy.moml.MoMLSimpleApplication@7bd1e4b4
reloadAllAccessors: .Clock21

===========================================================================================
----------------- testing Mon Jan 21 03:16:23 UTC 2019 /home/travis/build/icyphy/ptII/ptolemy/actor/lib/test/auto/Clock22.xml
----------------- Instantiating /home/travis/build/icyphy/ptII/ptolemy/actor/lib/test/auto/Clock22.xml
4 ms. Memory: 875520K Free: 97216K (11%)
----------------- Invoking toplevel() on ptolemy.moml.MoMLSimpleApplication@10c7493d
----------------- Done invoking toplevel() on ptolemy.moml.MoMLSimpleApplication@10c7493d
reloadAllAccessors: .Clock22

===========================================================================================
----------------- testing Mon Jan 21 03:16:23 UTC 2019 /home/travis/build/icyphy/ptII/ptolemy/actor/lib/test/auto/Clock23.xml
----------------- Instantiating /home/travis/build/icyphy/ptII/ptolemy/actor/lib/test/auto/Clock23.xml
3 ms. Memory: 875520K Free: 81682K (9%)
----------------- Invoking toplevel() on ptolemy.moml.MoMLSimpleApplication@89a4ce8
----------------- Done invoking toplevel() on ptolemy.moml.MoMLSimpleApplication@89a4ce8
reloadAllAccessors: .Clock23

===========================================================================================
----------------- testing Mon Jan 21 03:16:23 UTC 2019 /home/travis/build/icyphy/ptII/ptolemy/actor/lib/test/auto/Clock24.xml
----------------- Instantiating /home/travis/build/icyphy/ptII/ptolemy/actor/lib/test/auto/Clock24.xml
2 ms. Memory: 875520K Free: 58887K (7%)
----------------- Invoking toplevel() on ptolemy.moml.MoMLSimpleApplication@2ad6532f
----------------- Done invoking toplevel() on ptolemy.moml.MoMLSimpleApplication@2ad6532f
reloadAllAccessors: .Clock24

===========================================================================================
----------------- testing Mon Jan 21 03:16:23 UTC 2019 /home/travis/build/icyphy/ptII/ptolemy/actor/lib/test/auto/Clock4.xml
----------------- Instantiating /home/travis/build/icyphy/ptII/ptolemy/actor/lib/test/auto/Clock4.xml
5 ms. Memory: 876032K Free: 824676K (94%)
----------------- Invoking toplevel() on ptolemy.moml.MoMLSimpleApplication@234ff7e9
----------------- Done invoking toplevel() on ptolemy.moml.MoMLSimpleApplication@234ff7e9
reloadAllAccessors: .Clock4

===========================================================================================
----------------- testing Mon Jan 21 03:16:23 UTC 2019 /home/travis/build/icyphy/ptII/ptolemy/actor/lib/test/auto/Clock5.xml
----------------- Instantiating /home/travis/build/icyphy/ptII/ptolemy/actor/lib/test/auto/Clock5.xml
1 ms. Memory: 876032K Free: 806765K (92%)
----------------- Invoking toplevel() on ptolemy.moml.MoMLSimpleApplication@43e9323d
----------------- Done invoking toplevel() on ptolemy.moml.MoMLSimpleApplication@43e9323d
reloadAllAccessors: .Clock5

===========================================================================================
----------------- testing Mon Jan 21 03:16:23 UTC 2019 /home/travis/build/icyphy/ptII/ptolemy/actor/lib/test/auto/Clock6.xml
----------------- Instantiating /home/travis/build/icyphy/ptII/ptolemy/actor/lib/test/auto/Clock6.xml
1 ms. Memory: 876032K Free: 796409K (91%)
----------------- Invoking toplevel() on ptolemy.moml.MoMLSimpleApplication@2221e971
----------------- Done invoking toplevel() on ptolemy.moml.MoMLSimpleApplication@2221e971
reloadAllAccessors: .Clock6

===========================================================================================
----------------- testing Mon Jan 21 03:16:23 UTC 2019 /home/travis/build/icyphy/ptII/ptolemy/actor/lib/test/auto/Clock7.xml
----------------- Instantiating /home/travis/build/icyphy/ptII/ptolemy/actor/lib/test/auto/Clock7.xml
1 ms. Memory: 876032K Free: 786053K (90%)
----------------- Invoking toplevel() on ptolemy.moml.MoMLSimpleApplication@4b51fc1d
----------------- Done invoking toplevel() on ptolemy.moml.MoMLSimpleApplication@4b51fc1d
reloadAllAccessors: .Clock7

===========================================================================================
----------------- testing Mon Jan 21 03:16:23 UTC 2019 /home/travis/build/icyphy/ptII/ptolemy/actor/lib/test/auto/Clock8.xml
----------------- Instantiating /home/travis/build/icyphy/ptII/ptolemy/actor/lib/test/auto/Clock8.xml
4 ms. Memory: 876032K Free: 768142K (88%)
----------------- Invoking toplevel() on ptolemy.moml.MoMLSimpleApplication@69d881cb
----------------- Done invoking toplevel() on ptolemy.moml.MoMLSimpleApplication@69d881cb
reloadAllAccessors: .Clock8

===========================================================================================
----------------- testing Mon Jan 21 03:16:24 UTC 2019 /home/travis/build/icyphy/ptII/ptolemy/actor/lib/test/auto/Clock9.xml
----------------- Instantiating /home/travis/build/icyphy/ptII/ptolemy/actor/lib/test/auto/Clock9.xml
3 ms. Memory: 876032K Free: 757785K (87%)
----------------- Invoking toplevel() on ptolemy.moml.MoMLSimpleApplication@40f560bf
----------------- Done invoking toplevel() on ptolemy.moml.MoMLSimpleApplication@40f560bf
reloadAllAccessors: .Clock9

===========================================================================================
----------------- testing Mon Jan 21 03:16:24 UTC 2019 /home/travis/build/icyphy/ptII/ptolemy/actor/lib/test/auto/CommDistDiscard.xml
----------------- Instantiating /home/travis/build/icyphy/ptII/ptolemy/actor/lib/test/auto/CommDistDiscard.xml
2 ms. Memory: 876032K Free: 747181K (85%)
----------------- Invoking toplevel() on ptolemy.moml.MoMLSimpleApplication@27c76ac5
----------------- Done invoking toplevel() on ptolemy.moml.MoMLSimpleApplication@27c76ac5
reloadAllAccessors: .CommDistDiscard

===========================================================================================
----------------- testing Mon Jan 21 03:16:24 UTC 2019 /home/travis/build/icyphy/ptII/ptolemy/actor/lib/test/auto/Commutator.xml
----------------- Instantiating /home/travis/build/icyphy/ptII/ptolemy/actor/lib/test/auto/Commutator.xml
2 ms. Memory: 876032K Free: 729270K (83%)
----------------- Invoking toplevel() on ptolemy.moml.MoMLSimpleApplication@373e2b64
----------------- Done invoking toplevel() on ptolemy.moml.MoMLSimpleApplication@373e2b64
reloadAllAccessors: .Commutator

===========================================================================================
----------------- testing Mon Jan 21 03:16:24 UTC 2019 /home/travis/build/icyphy/ptII/ptolemy/actor/lib/test/auto/Commutator2.xml
----------------- Instantiating /home/travis/build/icyphy/ptII/ptolemy/actor/lib/test/auto/Commutator2.xml
1 ms. Memory: 876032K Free: 718914K (82%)
----------------- Invoking toplevel() on ptolemy.moml.MoMLSimpleApplication@38f3b295
----------------- Done invoking toplevel() on ptolemy.moml.MoMLSimpleApplication@38f3b295
reloadAllAccessors: .Commutator2

===========================================================================================
----------------- testing Mon Jan 21 03:16:24 UTC 2019 /home/travis/build/icyphy/ptII/ptolemy/actor/lib/test/auto/Commutator3.xml
----------------- Instantiating /home/travis/build/icyphy/ptII/ptolemy/actor/lib/test/auto/Commutator3.xml
1 ms. Memory: 876032K Free: 708558K (81%)
----------------- Invoking toplevel() on ptolemy.moml.MoMLSimpleApplication@4d4b42dc
----------------- Done invoking toplevel() on ptolemy.moml.MoMLSimpleApplication@4d4b42dc
reloadAllAccessors: .Commutator3

===========================================================================================
----------------- testing Mon Jan 21 03:16:24 UTC 2019 /home/travis/build/icyphy/ptII/ptolemy/actor/lib/test/auto/Compare.xml
----------------- Instantiating /home/travis/build/icyphy/ptII/ptolemy/actor/lib/test/auto/Compare.xml
2 ms. Memory: 876032K Free: 698202K (80%)
----------------- Invoking toplevel() on ptolemy.moml.MoMLSimpleApplication@4a20097d
----------------- Done invoking toplevel() on ptolemy.moml.MoMLSimpleApplication@4a20097d
reloadAllAccessors: .Compare

===========================================================================================
----------------- testing Mon Jan 21 03:16:24 UTC 2019 /home/travis/build/icyphy/ptII/ptolemy/actor/lib/test/auto/CompareDE.xml
----------------- Instantiating /home/travis/build/icyphy/ptII/ptolemy/actor/lib/test/auto/CompareDE.xml
5 ms. Memory: 876032K Free: 680291K (78%)
----------------- Invoking toplevel() on ptolemy.moml.MoMLSimpleApplication@10cec094
----------------- Done invoking toplevel() on ptolemy.moml.MoMLSimpleApplication@10cec094
reloadAllAccessors: .CompareDE

===========================================================================================
----------------- testing Mon Jan 21 03:16:24 UTC 2019 /home/travis/build/icyphy/ptII/ptolemy/actor/lib/test/auto/ComplexDivide.xml
----------------- Instantiating /home/travis/build/icyphy/ptII/ptolemy/actor/lib/test/auto/ComplexDivide.xml
1 ms. Memory: 876032K Free: 669935K (76%)
----------------- Invoking toplevel() on ptolemy.moml.MoMLSimpleApplication@6b4d123b
----------------- Done invoking toplevel() on ptolemy.moml.MoMLSimpleApplication@6b4d123b
reloadAllAccessors: .ComplexDivide

===========================================================================================
----------------- testing Mon Jan 21 03:16:24 UTC 2019 /home/travis/build/icyphy/ptII/ptolemy/actor/lib/test/auto/ComputeHistogram.xml
----------------- Instantiating /home/travis/build/icyphy/ptII/ptolemy/actor/lib/test/auto/ComputeHistogram.xml
38 ms. Memory: 876032K Free: 654401K (75%)
----------------- Invoking toplevel() on ptolemy.moml.MoMLSimpleApplication@6e7eb7d2
----------------- Done invoking toplevel() on ptolemy.moml.MoMLSimpleApplication@6e7eb7d2
reloadAllAccessors: .ComputeHistogram

===========================================================================================
----------------- testing Mon Jan 21 03:16:24 UTC 2019 /home/travis/build/icyphy/ptII/ptolemy/actor/lib/test/auto/ConfigurationSelect.xml
----------------- Instantiating /home/travis/build/icyphy/ptII/ptolemy/actor/lib/test/auto/ConfigurationSelect.xml
2 ms. Memory: 876032K Free: 636490K (73%)
----------------- Invoking toplevel() on ptolemy.moml.MoMLSimpleApplication@7def36f4
----------------- Done invoking toplevel() on ptolemy.moml.MoMLSimpleApplication@7def36f4
reloadAllAccessors: .ConfigurationSelect

===========================================================================================
----------------- testing Mon Jan 21 03:16:24 UTC 2019 /home/travis/build/icyphy/ptII/ptolemy/actor/lib/test/auto/ConfigurationSelect2.xml
----------------- Instantiating /home/travis/build/icyphy/ptII/ptolemy/actor/lib/test/auto/ConfigurationSelect2.xml
1 ms. Memory: 876032K Free: 626133K (71%)
----------------- Invoking toplevel() on ptolemy.moml.MoMLSimpleApplication@66dab39c
----------------- Done invoking toplevel() on ptolemy.moml.MoMLSimpleApplication@66dab39c
reloadAllAccessors: .ConfigurationSelect2

===========================================================================================
----------------- testing Mon Jan 21 03:16:24 UTC 2019 /home/travis/build/icyphy/ptII/ptolemy/actor/lib/test/auto/ConfigurationSwitch.xml
----------------- Instantiating /home/travis/build/icyphy/ptII/ptolemy/actor/lib/test/auto/ConfigurationSwitch.xml
2 ms. Memory: 876032K Free: 615777K (70%)
----------------- Invoking toplevel() on ptolemy.moml.MoMLSimpleApplication@4b8ae920
----------------- Done invoking toplevel() on ptolemy.moml.MoMLSimpleApplication@4b8ae920
reloadAllAccessors: .ConfigurationSwitch

===========================================================================================
----------------- testing Mon Jan 21 03:16:24 UTC 2019 /home/travis/build/icyphy/ptII/ptolemy/actor/lib/test/auto/ConfigurationSwitch2.xml
----------------- Instantiating /home/travis/build/icyphy/ptII/ptolemy/actor/lib/test/auto/ConfigurationSwitch2.xml
2 ms. Memory: 876032K Free: 597866K (68%)
----------------- Invoking toplevel() on ptolemy.moml.MoMLSimpleApplication@543cf979
----------------- Done invoking toplevel() on ptolemy.moml.MoMLSimpleApplication@543cf979
reloadAllAccessors: .ConfigurationSwitch2

===========================================================================================
----------------- testing Mon Jan 21 03:16:24 UTC 2019 /home/travis/build/icyphy/ptII/ptolemy/actor/lib/test/auto/ConfigurationSwitchCloningBugWithClassRelationGroup.xml
----------------- Instantiating /home/travis/build/icyphy/ptII/ptolemy/actor/lib/test/auto/ConfigurationSwitchCloningBugWithClassRelationGroup.xml
1 ms. Memory: 876032K Free: 587510K (67%)
----------------- Invoking toplevel() on ptolemy.moml.MoMLSimpleApplication@643f7339
----------------- Done invoking toplevel() on ptolemy.moml.MoMLSimpleApplication@643f7339
reloadAllAccessors: .ConfigurationSwitchCloningBugWithClassRelationGroup

===========================================================================================
----------------- testing Mon Jan 21 03:16:24 UTC 2019 /home/travis/build/icyphy/ptII/ptolemy/actor/lib/test/auto/ConfigurationSwitchSelectSDF.xml
----------------- Instantiating /home/travis/build/icyphy/ptII/ptolemy/actor/lib/test/auto/ConfigurationSwitchSelectSDF.xml
2 ms. Memory: 876032K Free: 577154K (66%)
----------------- Invoking toplevel() on ptolemy.moml.MoMLSimpleApplication@4f83fcc5
----------------- Done invoking toplevel() on ptolemy.moml.MoMLSimpleApplication@4f83fcc5
reloadAllAccessors: .ConfigurationSwitchSelectSDF

===========================================================================================
----------------- testing Mon Jan 21 03:16:24 UTC 2019 /home/travis/build/icyphy/ptII/ptolemy/actor/lib/test/auto/ConfigurationSwitchSelectSDF2.xml
----------------- Instantiating /home/travis/build/icyphy/ptII/ptolemy/actor/lib/test/auto/ConfigurationSwitchSelectSDF2.xml
2 ms. Memory: 876032K Free: 559243K (64%)
----------------- Invoking toplevel() on ptolemy.moml.MoMLSimpleApplication@7c44473a
----------------- Done invoking toplevel() on ptolemy.moml.MoMLSimpleApplication@7c44473a
reloadAllAccessors: .ConfigurationSwitchSelectSDF2

===========================================================================================
----------------- testing Mon Jan 21 03:16:24 UTC 2019 /home/travis/build/icyphy/ptII/ptolemy/actor/lib/test/auto/Const.xml
----------------- Instantiating /home/travis/build/icyphy/ptII/ptolemy/actor/lib/test/auto/Const.xml
1 ms. Memory: 876032K Free: 548887K (63%)
----------------- Invoking toplevel() on ptolemy.moml.MoMLSimpleApplication@20d44e5
----------------- Done invoking toplevel() on ptolemy.moml.MoMLSimpleApplication@20d44e5
reloadAllAccessors: .Const

===========================================================================================
----------------- testing Mon Jan 21 03:16:24 UTC 2019 /home/travis/build/icyphy/ptII/ptolemy/actor/lib/test/auto/Const2.xml
----------------- Instantiating /home/travis/build/icyphy/ptII/ptolemy/actor/lib/test/auto/Const2.xml
1 ms. Memory: 876032K Free: 538531K (61%)
----------------- Invoking toplevel() on ptolemy.moml.MoMLSimpleApplication@707137b1
----------------- Done invoking toplevel() on ptolemy.moml.MoMLSimpleApplication@707137b1
reloadAllAccessors: .Const2

===========================================================================================
----------------- testing Mon Jan 21 03:16:24 UTC 2019 /home/travis/build/icyphy/ptII/ptolemy/actor/lib/test/auto/Const3.xml
----------------- Instantiating /home/travis/build/icyphy/ptII/ptolemy/actor/lib/test/auto/Const3.xml
0 ms. Memory: 876032K Free: 528175K (60%)
----------------- Invoking toplevel() on ptolemy.moml.MoMLSimpleApplication@31b4ec79
----------------- Done invoking toplevel() on ptolemy.moml.MoMLSimpleApplication@31b4ec79
reloadAllAccessors: .Const3

===========================================================================================
----------------- testing Mon Jan 21 03:16:24 UTC 2019 /home/travis/build/icyphy/ptII/ptolemy/actor/lib/test/auto/ConstantPublisherPort1.xml
----------------- Instantiating /home/travis/build/icyphy/ptII/ptolemy/actor/lib/test/auto/ConstantPublisherPort1.xml
5 ms. Memory: 876032K Free: 505069K (58%)
----------------- Invoking toplevel() on ptolemy.moml.MoMLSimpleApplication@594a6a0b
----------------- Done invoking toplevel() on ptolemy.moml.MoMLSimpleApplication@594a6a0b
reloadAllAccessors: .ConstantPublisherPort1

===========================================================================================
----------------- testing Mon Jan 21 03:16:24 UTC 2019 /home/travis/build/icyphy/ptII/ptolemy/actor/lib/test/auto/ConstantPublisherPort2.xml
----------------- Instantiating /home/travis/build/icyphy/ptII/ptolemy/actor/lib/test/auto/ConstantPublisherPort2.xml
11 ms. Memory: 876032K Free: 494713K (56%)
----------------- Invoking toplevel() on ptolemy.moml.MoMLSimpleApplication@5e207b
----------------- Done invoking toplevel() on ptolemy.moml.MoMLSimpleApplication@5e207b
reloadAllAccessors: .ConstantPublisherPort2

===========================================================================================
----------------- testing Mon Jan 21 03:16:24 UTC 2019 /home/travis/build/icyphy/ptII/ptolemy/actor/lib/test/auto/ConstantPublisherPort3.xml
----------------- Instantiating /home/travis/build/icyphy/ptII/ptolemy/actor/lib/test/auto/ConstantPublisherPort3.xml
6 ms. Memory: 876032K Free: 473993K (54%)
----------------- Invoking toplevel() on ptolemy.moml.MoMLSimpleApplication@4360ae23
----------------- Done invoking toplevel() on ptolemy.moml.MoMLSimpleApplication@4360ae23
reloadAllAccessors: .ConstantPublisherPort3

===========================================================================================
----------------- testing Mon Jan 21 03:16:24 UTC 2019 /home/travis/build/icyphy/ptII/ptolemy/actor/lib/test/auto/ConstantPublisherPort4.xml
----------------- Instantiating /home/travis/build/icyphy/ptII/ptolemy/actor/lib/test/auto/ConstantPublisherPort4.xml
4 ms. Memory: 876032K Free: 456082K (52%)
----------------- Invoking toplevel() on ptolemy.moml.MoMLSimpleApplication@17750e44
----------------- Done invoking toplevel() on ptolemy.moml.MoMLSimpleApplication@17750e44
reloadAllAccessors: .ConstantPublisherPort4

===========================================================================================
----------------- testing Mon Jan 21 03:16:24 UTC 2019 /home/travis/build/icyphy/ptII/ptolemy/actor/lib/test/auto/ConstantPublisherPort5.xml
----------------- Instantiating /home/travis/build/icyphy/ptII/ptolemy/actor/lib/test/auto/ConstantPublisherPort5.xml
22 ms. Memory: 876032K Free: 430176K (49%)
----------------- Invoking toplevel() on ptolemy.moml.MoMLSimpleApplication@5b79daa1
----------------- Done invoking toplevel() on ptolemy.moml.MoMLSimpleApplication@5b79daa1
reloadAllAccessors: .ConstantPublisherPort5

===========================================================================================
----------------- testing Mon Jan 21 03:16:24 UTC 2019 /home/travis/build/icyphy/ptII/ptolemy/actor/lib/test/auto/ConstantPublisherPort6.xml
----------------- Instantiating /home/travis/build/icyphy/ptII/ptolemy/actor/lib/test/auto/ConstantPublisherPort6.xml
23 ms. Memory: 876032K Free: 404285K (46%)
----------------- Invoking toplevel() on ptolemy.moml.MoMLSimpleApplication@34da2922
----------------- Done invoking toplevel() on ptolemy.moml.MoMLSimpleApplication@34da2922
reloadAllAccessors: .ConstantPublisherPort6

===========================================================================================
----------------- testing Mon Jan 21 03:16:24 UTC 2019 /home/travis/build/icyphy/ptII/ptolemy/actor/lib/test/auto/ConstantPublisherPort7.xml
----------------- Instantiating /home/travis/build/icyphy/ptII/ptolemy/actor/lib/test/auto/ConstantPublisherPort7.xml
9 ms. Memory: 876032K Free: 370840K (42%)
----------------- Invoking toplevel() on ptolemy.moml.MoMLSimpleApplication@3a068922
----------------- Done invoking toplevel() on ptolemy.moml.MoMLSimpleApplication@3a068922
reloadAllAccessors: .ConstantPublisherPort7

===========================================================================================
----------------- testing Mon Jan 21 03:16:24 UTC 2019 /home/travis/build/icyphy/ptII/ptolemy/actor/lib/test/auto/ConstraintMonitor1.xml
----------------- Instantiating /home/travis/build/icyphy/ptII/ptolemy/actor/lib/test/auto/ConstraintMonitor1.xml
2 ms. Memory: 876032K Free: 360484K (41%)
----------------- Invoking toplevel() on ptolemy.moml.MoMLSimpleApplication@72b475be
----------------- Done invoking toplevel() on ptolemy.moml.MoMLSimpleApplication@72b475be
reloadAllAccessors: .ConstraintMonitor1

===========================================================================================
----------------- testing Mon Jan 21 03:16:24 UTC 2019 /home/travis/build/icyphy/ptII/ptolemy/actor/lib/test/auto/ConstraintMonitor2.xml
----------------- Instantiating /home/travis/build/icyphy/ptII/ptolemy/actor/lib/test/auto/ConstraintMonitor2.xml
1 ms. Memory: 876032K Free: 350128K (40%)
----------------- Invoking toplevel() on ptolemy.moml.MoMLSimpleApplication@40507bd
----------------- Done invoking toplevel() on ptolemy.moml.MoMLSimpleApplication@40507bd
reloadAllAccessors: .ConstraintMonitor2

===========================================================================================
----------------- testing Mon Jan 21 03:16:24 UTC 2019 /home/travis/build/icyphy/ptII/ptolemy/actor/lib/test/auto/ConstraintMonitor3.xml
----------------- Instantiating /home/travis/build/icyphy/ptII/ptolemy/actor/lib/test/auto/ConstraintMonitor3.xml
5 ms. Memory: 876032K Free: 339772K (39%)
----------------- Invoking toplevel() on ptolemy.moml.MoMLSimpleApplication@58ec8a76
----------------- Done invoking toplevel() on ptolemy.moml.MoMLSimpleApplication@58ec8a76
reloadAllAccessors: .ConstraintMonitor3

===========================================================================================
----------------- testing Mon Jan 21 03:16:24 UTC 2019 /home/travis/build/icyphy/ptII/ptolemy/actor/lib/test/auto/ConstraintMonitor4.xml
----------------- Instantiating /home/travis/build/icyphy/ptII/ptolemy/actor/lib/test/auto/ConstraintMonitor4.xml
1 ms. Memory: 876032K Free: 321861K (37%)
----------------- Invoking toplevel() on ptolemy.moml.MoMLSimpleApplication@684b53ab
----------------- Done invoking toplevel() on ptolemy.moml.MoMLSimpleApplication@684b53ab
reloadAllAccessors: .ConstraintMonitor4

===========================================================================================
----------------- testing Mon Jan 21 03:16:24 UTC 2019 /home/travis/build/icyphy/ptII/ptolemy/actor/lib/test/auto/ConstraintMonitor5.xml
----------------- Instantiating /home/travis/build/icyphy/ptII/ptolemy/actor/lib/test/auto/ConstraintMonitor5.xml
2 ms. Memory: 876032K Free: 311505K (36%)
----------------- Invoking toplevel() on ptolemy.moml.MoMLSimpleApplication@5c4c03bf
----------------- Done invoking toplevel() on ptolemy.moml.MoMLSimpleApplication@5c4c03bf
reloadAllAccessors: .ConstraintMonitor5

===========================================================================================
----------------- testing Mon Jan 21 03:16:24 UTC 2019 /home/travis/build/icyphy/ptII/ptolemy/actor/lib/test/auto/ConstraintMonitor6.xml
----------------- Instantiating /home/travis/build/icyphy/ptII/ptolemy/actor/lib/test/auto/ConstraintMonitor6.xml
7 ms. Memory: 876032K Free: 301149K (34%)
----------------- Invoking toplevel() on ptolemy.moml.MoMLSimpleApplication@13bfe76d
----------------- Done invoking toplevel() on ptolemy.moml.MoMLSimpleApplication@13bfe76d
reloadAllAccessors: .ConstraintMonitor6

===========================================================================================
----------------- testing Mon Jan 21 03:16:24 UTC 2019 /home/travis/build/icyphy/ptII/ptolemy/actor/lib/test/auto/ConstraintMonitor7.xml
----------------- Instantiating /home/travis/build/icyphy/ptII/ptolemy/actor/lib/test/auto/ConstraintMonitor7.xml
2 ms. Memory: 876032K Free: 283238K (32%)
----------------- Invoking toplevel() on ptolemy.moml.MoMLSimpleApplication@e29579f
----------------- Done invoking toplevel() on ptolemy.moml.MoMLSimpleApplication@e29579f
reloadAllAccessors: .ConstraintMonitor7

===========================================================================================
----------------- testing Mon Jan 21 03:16:24 UTC 2019 /home/travis/build/icyphy/ptII/ptolemy/actor/lib/test/auto/ConstraintMonitor8.xml
----------------- Instantiating /home/travis/build/icyphy/ptII/ptolemy/actor/lib/test/auto/ConstraintMonitor8.xml
8 ms. Memory: 876032K Free: 272881K (31%)
----------------- Invoking toplevel() on ptolemy.moml.MoMLSimpleApplication@58fdb8cd
----------------- Done invoking toplevel() on ptolemy.moml.MoMLSimpleApplication@58fdb8cd
reloadAllAccessors: .ConstraintMonitor8

===========================================================================================
----------------- testing Mon Jan 21 03:16:24 UTC 2019 /home/travis/build/icyphy/ptII/ptolemy/actor/lib/test/auto/Counter.xml
----------------- Instantiating /home/travis/build/icyphy/ptII/ptolemy/actor/lib/test/auto/Counter.xml
3 ms. Memory: 876032K Free: 262525K (30%)
----------------- Invoking toplevel() on ptolemy.moml.MoMLSimpleApplication@2df33b6c
----------------- Done invoking toplevel() on ptolemy.moml.MoMLSimpleApplication@2df33b6c
reloadAllAccessors: .Counter

===========================================================================================
----------------- testing Mon Jan 21 03:16:24 UTC 2019 /home/travis/build/icyphy/ptII/ptolemy/actor/lib/test/auto/CurrentTimeSDF.xml
----------------- Instantiating /home/travis/build/icyphy/ptII/ptolemy/actor/lib/test/auto/CurrentTimeSDF.xml
1 ms. Memory: 876032K Free: 244614K (28%)
----------------- Invoking toplevel() on ptolemy.moml.MoMLSimpleApplication@3f903d8e
----------------- Done invoking toplevel() on ptolemy.moml.MoMLSimpleApplication@3f903d8e
reloadAllAccessors: .CurrentTimeSDF

===========================================================================================
----------------- testing Mon Jan 21 03:16:24 UTC 2019 /home/travis/build/icyphy/ptII/ptolemy/actor/lib/test/auto/DB.xml
----------------- Instantiating /home/travis/build/icyphy/ptII/ptolemy/actor/lib/test/auto/DB.xml
3 ms. Memory: 876032K Free: 234258K (27%)
----------------- Invoking toplevel() on ptolemy.moml.MoMLSimpleApplication@43ad32d9
----------------- Done invoking toplevel() on ptolemy.moml.MoMLSimpleApplication@43ad32d9
reloadAllAccessors: .DB

===========================================================================================
----------------- testing Mon Jan 21 03:16:24 UTC 2019 /home/travis/build/icyphy/ptII/ptolemy/actor/lib/test/auto/DBDE.xml
----------------- Instantiating /home/travis/build/icyphy/ptII/ptolemy/actor/lib/test/auto/DBDE.xml
3 ms. Memory: 876032K Free: 223902K (26%)
----------------- Invoking toplevel() on ptolemy.moml.MoMLSimpleApplication@12477b43
----------------- Done invoking toplevel() on ptolemy.moml.MoMLSimpleApplication@12477b43
reloadAllAccessors: .DBDE

===========================================================================================
----------------- testing Mon Jan 21 03:16:24 UTC 2019 /home/travis/build/icyphy/ptII/ptolemy/actor/lib/test/auto/DateConstructor.xml
----------------- Instantiating /home/travis/build/icyphy/ptII/ptolemy/actor/lib/test/auto/DateConstructor.xml
13 ms. Memory: 876032K Free: 195619K (22%)
----------------- Invoking toplevel() on ptolemy.moml.MoMLSimpleApplication@ca4c2fd
----------------- Done invoking toplevel() on ptolemy.moml.MoMLSimpleApplication@ca4c2fd
reloadAllAccessors: .DateConstructor

===========================================================================================
----------------- testing Mon Jan 21 03:16:24 UTC 2019 /home/travis/build/icyphy/ptII/ptolemy/actor/lib/test/auto/DelayTime.xml
----------------- Instantiating /home/travis/build/icyphy/ptII/ptolemy/actor/lib/test/auto/DelayTime.xml
5 ms. Memory: 876032K Free: 185263K (21%)
----------------- Invoking toplevel() on ptolemy.moml.MoMLSimpleApplication@1631adda
----------------- Done invoking toplevel() on ptolemy.moml.MoMLSimpleApplication@1631adda
reloadAllAccessors: .DelayTime

===========================================================================================
----------------- testing Mon Jan 21 03:16:24 UTC 2019 /home/travis/build/icyphy/ptII/ptolemy/actor/lib/test/auto/Dictionary1.xml
----------------- Instantiating /home/travis/build/icyphy/ptII/ptolemy/actor/lib/test/auto/Dictionary1.xml
3 ms. Memory: 876032K Free: 174907K (20%)
----------------- Invoking toplevel() on ptolemy.moml.MoMLSimpleApplication@236d7cb
----------------- Done invoking toplevel() on ptolemy.moml.MoMLSimpleApplication@236d7cb
reloadAllAccessors: .Dictionary1

===========================================================================================
----------------- testing Mon Jan 21 03:16:25 UTC 2019 /home/travis/build/icyphy/ptII/ptolemy/actor/lib/test/auto/Dictionary2.xml
----------------- Instantiating /home/travis/build/icyphy/ptII/ptolemy/actor/lib/test/auto/Dictionary2.xml
3 ms. Memory: 876032K Free: 164551K (19%)
----------------- Invoking toplevel() on ptolemy.moml.MoMLSimpleApplication@50156616
----------------- Done invoking toplevel() on ptolemy.moml.MoMLSimpleApplication@50156616
reloadAllAccessors: .Dictionary2

===========================================================================================
----------------- testing Mon Jan 21 03:16:25 UTC 2019 /home/travis/build/icyphy/ptII/ptolemy/actor/lib/test/auto/Dictionary3.xml
----------------- Instantiating /home/travis/build/icyphy/ptII/ptolemy/actor/lib/test/auto/Dictionary3.xml
2 ms. Memory: 876032K Free: 146639K (17%)
----------------- Invoking toplevel() on ptolemy.moml.MoMLSimpleApplication@6d3f5bfb
----------------- Done invoking toplevel() on ptolemy.moml.MoMLSimpleApplication@6d3f5bfb
reloadAllAccessors: .Dictionary3

===========================================================================================
----------------- testing Mon Jan 21 03:16:25 UTC 2019 /home/travis/build/icyphy/ptII/ptolemy/actor/lib/test/auto/Dictionary4.xml
----------------- Instantiating /home/travis/build/icyphy/ptII/ptolemy/actor/lib/test/auto/Dictionary4.xml
3 ms. Memory: 876032K Free: 136283K (16%)
----------------- Invoking toplevel() on ptolemy.moml.MoMLSimpleApplication@7495992b
----------------- Done invoking toplevel() on ptolemy.moml.MoMLSimpleApplication@7495992b
reloadAllAccessors: .Dictionary4

===========================================================================================
----------------- testing Mon Jan 21 03:16:25 UTC 2019 /home/travis/build/icyphy/ptII/ptolemy/actor/lib/test/auto/Differential.xml
----------------- Instantiating /home/travis/build/icyphy/ptII/ptolemy/actor/lib/test/auto/Differential.xml
3 ms. Memory: 876032K Free: 125927K (14%)
----------------- Invoking toplevel() on ptolemy.moml.MoMLSimpleApplication@310ba96c
----------------- Done invoking toplevel() on ptolemy.moml.MoMLSimpleApplication@310ba96c
reloadAllAccessors: .Differential

===========================================================================================
----------------- testing Mon Jan 21 03:16:25 UTC 2019 /home/travis/build/icyphy/ptII/ptolemy/actor/lib/test/auto/Director.xml
----------------- Instantiating /home/travis/build/icyphy/ptII/ptolemy/actor/lib/test/auto/Director.xml
2 ms. Memory: 876032K Free: 108016K (12%)
----------------- Invoking toplevel() on ptolemy.moml.MoMLSimpleApplication@4c809f6c
----------------- Done invoking toplevel() on ptolemy.moml.MoMLSimpleApplication@4c809f6c
reloadAllAccessors: .Director

===========================================================================================
----------------- testing Mon Jan 21 03:16:25 UTC 2019 /home/travis/build/icyphy/ptII/ptolemy/actor/lib/test/auto/DiscreteClock.xml
----------------- Instantiating /home/travis/build/icyphy/ptII/ptolemy/actor/lib/test/auto/DiscreteClock.xml
6 ms. Memory: 876032K Free: 97660K (11%)
----------------- Invoking toplevel() on ptolemy.moml.MoMLSimpleApplication@3ea0a47a
----------------- Done invoking toplevel() on ptolemy.moml.MoMLSimpleApplication@3ea0a47a
reloadAllAccessors: .DiscreteClock

===========================================================================================
----------------- testing Mon Jan 21 03:16:25 UTC 2019 /home/travis/build/icyphy/ptII/ptolemy/actor/lib/test/auto/DiscreteClock10.xml
----------------- Instantiating /home/travis/build/icyphy/ptII/ptolemy/actor/lib/test/auto/DiscreteClock10.xml
5 ms. Memory: 876032K Free: 87304K (10%)
----------------- Invoking toplevel() on ptolemy.moml.MoMLSimpleApplication@3a7b4a4d
----------------- Done invoking toplevel() on ptolemy.moml.MoMLSimpleApplication@3a7b4a4d
reloadAllAccessors: .DiscreteClock10

===========================================================================================
----------------- testing Mon Jan 21 03:16:25 UTC 2019 /home/travis/build/icyphy/ptII/ptolemy/actor/lib/test/auto/DiscreteClock11.xml
----------------- Instantiating /home/travis/build/icyphy/ptII/ptolemy/actor/lib/test/auto/DiscreteClock11.xml
2 ms. Memory: 876032K Free: 69392K (8%)
----------------- Invoking toplevel() on ptolemy.moml.MoMLSimpleApplication@139e12a3
----------------- Done invoking toplevel() on ptolemy.moml.MoMLSimpleApplication@139e12a3
reloadAllAccessors: .DiscreteClock11

===========================================================================================
----------------- testing Mon Jan 21 03:16:25 UTC 2019 /home/travis/build/icyphy/ptII/ptolemy/actor/lib/test/auto/DiscreteClock12.xml
----------------- Instantiating /home/travis/build/icyphy/ptII/ptolemy/actor/lib/test/auto/DiscreteClock12.xml
2 ms. Memory: 876032K Free: 60917K (7%)
----------------- Invoking toplevel() on ptolemy.moml.MoMLSimpleApplication@9f1fe14
----------------- Done invoking toplevel() on ptolemy.moml.MoMLSimpleApplication@9f1fe14
reloadAllAccessors: .DiscreteClock12

===========================================================================================
----------------- testing Mon Jan 21 03:16:25 UTC 2019 /home/travis/build/icyphy/ptII/ptolemy/actor/lib/test/auto/DiscreteClock13.xml
----------------- Instantiating /home/travis/build/icyphy/ptII/ptolemy/actor/lib/test/auto/DiscreteClock13.xml
6 ms. Memory: 1342976K Free: 1274734K (95%)
----------------- Invoking toplevel() on ptolemy.moml.MoMLSimpleApplication@684a4fb3
----------------- Done invoking toplevel() on ptolemy.moml.MoMLSimpleApplication@684a4fb3
reloadAllAccessors: .DiscreteClock13

===========================================================================================
----------------- testing Mon Jan 21 03:16:25 UTC 2019 /home/travis/build/icyphy/ptII/ptolemy/actor/lib/test/auto/DiscreteClock14.xml
----------------- Instantiating /home/travis/build/icyphy/ptII/ptolemy/actor/lib/test/auto/DiscreteClock14.xml
6 ms. Memory: 1342976K Free: 1240616K (92%)
----------------- Invoking toplevel() on ptolemy.moml.MoMLSimpleApplication@2af0f61a
----------------- Done invoking toplevel() on ptolemy.moml.MoMLSimpleApplication@2af0f61a
reloadAllAccessors: .DiscreteClock14

===========================================================================================
----------------- testing Mon Jan 21 03:16:25 UTC 2019 /home/travis/build/icyphy/ptII/ptolemy/actor/lib/test/auto/DiscreteClock15.xml
----------------- Instantiating /home/travis/build/icyphy/ptII/ptolemy/actor/lib/test/auto/DiscreteClock15.xml
1 ms. Memory: 1342976K Free: 1215753K (91%)
----------------- Invoking toplevel() on ptolemy.moml.MoMLSimpleApplication@7441b155
----------------- Done invoking toplevel() on ptolemy.moml.MoMLSimpleApplication@7441b155
reloadAllAccessors: .DiscreteClock15

===========================================================================================
----------------- testing Mon Jan 21 03:16:25 UTC 2019 /home/travis/build/icyphy/ptII/ptolemy/actor/lib/test/auto/DiscreteClock16.xml
----------------- Instantiating /home/travis/build/icyphy/ptII/ptolemy/actor/lib/test/auto/DiscreteClock16.xml
9 ms. Memory: 1342976K Free: 1190890K (89%)
----------------- Invoking toplevel() on ptolemy.moml.MoMLSimpleApplication@3e6d8ca5
----------------- Done invoking toplevel() on ptolemy.moml.MoMLSimpleApplication@3e6d8ca5
reloadAllAccessors: .DiscreteClock16

===========================================================================================
----------------- testing Mon Jan 21 03:16:25 UTC 2019 /home/travis/build/icyphy/ptII/ptolemy/actor/lib/test/auto/DiscreteClock17.xml
----------------- Instantiating /home/travis/build/icyphy/ptII/ptolemy/actor/lib/test/auto/DiscreteClock17.xml
18 ms. Memory: 1342976K Free: 1156772K (86%)
----------------- Invoking toplevel() on ptolemy.moml.MoMLSimpleApplication@2a3ca6b0
----------------- Done invoking toplevel() on ptolemy.moml.MoMLSimpleApplication@2a3ca6b0
reloadAllAccessors: .DiscreteClock17

===========================================================================================
----------------- testing Mon Jan 21 03:16:25 UTC 2019 /home/travis/build/icyphy/ptII/ptolemy/actor/lib/test/auto/DiscreteClock18.xml
----------------- Instantiating /home/travis/build/icyphy/ptII/ptolemy/actor/lib/test/auto/DiscreteClock18.xml
19 ms. Memory: 1342976K Free: 1131909K (84%)
----------------- Invoking toplevel() on ptolemy.moml.MoMLSimpleApplication@2b5ffaab
----------------- Done invoking toplevel() on ptolemy.moml.MoMLSimpleApplication@2b5ffaab
reloadAllAccessors: .DiscreteClock18

===========================================================================================
----------------- testing Mon Jan 21 03:16:25 UTC 2019 /home/travis/build/icyphy/ptII/ptolemy/actor/lib/test/auto/DiscreteClock19.xml
----------------- Instantiating /home/travis/build/icyphy/ptII/ptolemy/actor/lib/test/auto/DiscreteClock19.xml
11 ms. Memory: 1359360K Free: 1301399K (96%)
----------------- Invoking toplevel() on ptolemy.moml.MoMLSimpleApplication@1fe04dc5
----------------- Done invoking toplevel() on ptolemy.moml.MoMLSimpleApplication@1fe04dc5
reloadAllAccessors: .DiscreteClock19

===========================================================================================
----------------- testing Mon Jan 21 03:16:25 UTC 2019 /home/travis/build/icyphy/ptII/ptolemy/actor/lib/test/auto/DiscreteClock2.xml
----------------- Instantiating /home/travis/build/icyphy/ptII/ptolemy/actor/lib/test/auto/DiscreteClock2.xml
1 ms. Memory: 1359360K Free: 1275569K (94%)
----------------- Invoking toplevel() on ptolemy.moml.MoMLSimpleApplication@25a45817
----------------- Done invoking toplevel() on ptolemy.moml.MoMLSimpleApplication@25a45817
reloadAllAccessors: .DiscreteClock2

===========================================================================================
----------------- testing Mon Jan 21 03:16:25 UTC 2019 /home/travis/build/icyphy/ptII/ptolemy/actor/lib/test/auto/DiscreteClock20.xml
----------------- Instantiating /home/travis/build/icyphy/ptII/ptolemy/actor/lib/test/auto/DiscreteClock20.xml
2 ms. Memory: 1359360K Free: 1258994K (93%)
----------------- Invoking toplevel() on ptolemy.moml.MoMLSimpleApplication@510cbdf
----------------- Done invoking toplevel() on ptolemy.moml.MoMLSimpleApplication@510cbdf
reloadAllAccessors: .DiscreteClock20

===========================================================================================
----------------- testing Mon Jan 21 03:16:25 UTC 2019 /home/travis/build/icyphy/ptII/ptolemy/actor/lib/test/auto/DiscreteClock21.xml
----------------- Instantiating /home/travis/build/icyphy/ptII/ptolemy/actor/lib/test/auto/DiscreteClock21.xml
2 ms. Memory: 1359360K Free: 1242419K (91%)
----------------- Invoking toplevel() on ptolemy.moml.MoMLSimpleApplication@ad7034f
----------------- Done invoking toplevel() on ptolemy.moml.MoMLSimpleApplication@ad7034f
reloadAllAccessors: .DiscreteClock21

===========================================================================================
----------------- testing Mon Jan 21 03:16:25 UTC 2019 /home/travis/build/icyphy/ptII/ptolemy/actor/lib/test/auto/DiscreteClock22.xml
----------------- Instantiating /home/travis/build/icyphy/ptII/ptolemy/actor/lib/test/auto/DiscreteClock22.xml
2 ms. Memory: 1359360K Free: 1216588K (89%)
----------------- Invoking toplevel() on ptolemy.moml.MoMLSimpleApplication@3d899f89
----------------- Done invoking toplevel() on ptolemy.moml.MoMLSimpleApplication@3d899f89
reloadAllAccessors: .DiscreteClock22

===========================================================================================
----------------- testing Mon Jan 21 03:16:25 UTC 2019 /home/travis/build/icyphy/ptII/ptolemy/actor/lib/test/auto/DiscreteClock23.xml
----------------- Instantiating /home/travis/build/icyphy/ptII/ptolemy/actor/lib/test/auto/DiscreteClock23.xml
6 ms. Memory: 1359360K Free: 1199755K (88%)
----------------- Invoking toplevel() on ptolemy.moml.MoMLSimpleApplication@6ced5a25
----------------- Done invoking toplevel() on ptolemy.moml.MoMLSimpleApplication@6ced5a25
reloadAllAccessors: .DiscreteClock23

===========================================================================================
----------------- testing Mon Jan 21 03:16:25 UTC 2019 /home/travis/build/icyphy/ptII/ptolemy/actor/lib/test/auto/DiscreteClock24.xml
----------------- Instantiating /home/travis/build/icyphy/ptII/ptolemy/actor/lib/test/auto/DiscreteClock24.xml
5 ms. Memory: 1359360K Free: 1183180K (87%)
----------------- Invoking toplevel() on ptolemy.moml.MoMLSimpleApplication@2dec40b3
----------------- Done invoking toplevel() on ptolemy.moml.MoMLSimpleApplication@2dec40b3
reloadAllAccessors: .DiscreteClock24

===========================================================================================
----------------- testing Mon Jan 21 03:16:25 UTC 2019 /home/travis/build/icyphy/ptII/ptolemy/actor/lib/test/auto/DiscreteClock4.xml
----------------- Instantiating /home/travis/build/icyphy/ptII/ptolemy/actor/lib/test/auto/DiscreteClock4.xml
1 ms. Memory: 1359360K Free: 1166605K (86%)
----------------- Invoking toplevel() on ptolemy.moml.MoMLSimpleApplication@620aaf99
----------------- Done invoking toplevel() on ptolemy.moml.MoMLSimpleApplication@620aaf99
reloadAllAccessors: .DiscreteClock4

===========================================================================================
----------------- testing Mon Jan 21 03:16:25 UTC 2019 /home/travis/build/icyphy/ptII/ptolemy/actor/lib/test/auto/DiscreteClock5.xml
----------------- Instantiating /home/travis/build/icyphy/ptII/ptolemy/actor/lib/test/auto/DiscreteClock5.xml
2 ms. Memory: 1359360K Free: 1140774K (84%)
----------------- Invoking toplevel() on ptolemy.moml.MoMLSimpleApplication@390e4de1
----------------- Done invoking toplevel() on ptolemy.moml.MoMLSimpleApplication@390e4de1
reloadAllAccessors: .DiscreteClock5

===========================================================================================
----------------- testing Mon Jan 21 03:16:25 UTC 2019 /home/travis/build/icyphy/ptII/ptolemy/actor/lib/test/auto/DiscreteClock6.xml
----------------- Instantiating /home/travis/build/icyphy/ptII/ptolemy/actor/lib/test/auto/DiscreteClock6.xml
1 ms. Memory: 1359360K Free: 1124199K (83%)
----------------- Invoking toplevel() on ptolemy.moml.MoMLSimpleApplication@3e5ff268
----------------- Done invoking toplevel() on ptolemy.moml.MoMLSimpleApplication@3e5ff268
reloadAllAccessors: .DiscreteClock6

===========================================================================================
----------------- testing Mon Jan 21 03:16:26 UTC 2019 /home/travis/build/icyphy/ptII/ptolemy/actor/lib/test/auto/DiscreteClock7.xml
----------------- Instantiating /home/travis/build/icyphy/ptII/ptolemy/actor/lib/test/auto/DiscreteClock7.xml
1 ms. Memory: 1359360K Free: 1107624K (81%)
----------------- Invoking toplevel() on ptolemy.moml.MoMLSimpleApplication@650de235
----------------- Done invoking toplevel() on ptolemy.moml.MoMLSimpleApplication@650de235
reloadAllAccessors: .DiscreteClock7

===========================================================================================
----------------- testing Mon Jan 21 03:16:26 UTC 2019 /home/travis/build/icyphy/ptII/ptolemy/actor/lib/test/auto/DiscreteClock8.xml
----------------- Instantiating /home/travis/build/icyphy/ptII/ptolemy/actor/lib/test/auto/DiscreteClock8.xml
5 ms. Memory: 1359360K Free: 1091049K (80%)
----------------- Invoking toplevel() on ptolemy.moml.MoMLSimpleApplication@6dd2ed44
----------------- Done invoking toplevel() on ptolemy.moml.MoMLSimpleApplication@6dd2ed44
reloadAllAccessors: .DiscreteClock8

===========================================================================================
----------------- testing Mon Jan 21 03:16:26 UTC 2019 /home/travis/build/icyphy/ptII/ptolemy/actor/lib/test/auto/DiscreteClock9.xml
----------------- Instantiating /home/travis/build/icyphy/ptII/ptolemy/actor/lib/test/auto/DiscreteClock9.xml
6 ms. Memory: 1359360K Free: 1065218K (78%)
----------------- Invoking toplevel() on ptolemy.moml.MoMLSimpleApplication@70ccb9b5
----------------- Done invoking toplevel() on ptolemy.moml.MoMLSimpleApplication@70ccb9b5
reloadAllAccessors: .DiscreteClock9

===========================================================================================
----------------- testing Mon Jan 21 03:16:26 UTC 2019 /home/travis/build/icyphy/ptII/ptolemy/actor/lib/test/auto/DisplayArray.xml
----------------- Instantiating /home/travis/build/icyphy/ptII/ptolemy/actor/lib/test/auto/DisplayArray.xml
1 ms. Memory: 1359360K Free: 1048643K (77%)
----------------- Invoking toplevel() on ptolemy.moml.MoMLSimpleApplication@58d0ad8c
----------------- Done invoking toplevel() on ptolemy.moml.MoMLSimpleApplication@58d0ad8c
reloadAllAccessors: .DisplayArray

===========================================================================================
----------------- testing Mon Jan 21 03:16:26 UTC 2019 /home/travis/build/icyphy/ptII/ptolemy/actor/lib/test/auto/Distributor.xml
----------------- Instantiating /home/travis/build/icyphy/ptII/ptolemy/actor/lib/test/auto/Distributor.xml
1 ms. Memory: 1359360K Free: 1032068K (76%)
----------------- Invoking toplevel() on ptolemy.moml.MoMLSimpleApplication@67f96ad8
----------------- Done invoking toplevel() on ptolemy.moml.MoMLSimpleApplication@67f96ad8
reloadAllAccessors: .Distributor

===========================================================================================
----------------- testing Mon Jan 21 03:16:26 UTC 2019 /home/travis/build/icyphy/ptII/ptolemy/actor/lib/test/auto/Distributor2.xml
----------------- Instantiating /home/travis/build/icyphy/ptII/ptolemy/actor/lib/test/auto/Distributor2.xml
1 ms. Memory: 1359360K Free: 1015493K (75%)
----------------- Invoking toplevel() on ptolemy.moml.MoMLSimpleApplication@777abef5
----------------- Done invoking toplevel() on ptolemy.moml.MoMLSimpleApplication@777abef5
reloadAllAccessors: .Distributor2

===========================================================================================
----------------- testing Mon Jan 21 03:16:26 UTC 2019 /home/travis/build/icyphy/ptII/ptolemy/actor/lib/test/auto/DownSample.xml
----------------- Instantiating /home/travis/build/icyphy/ptII/ptolemy/actor/lib/test/auto/DownSample.xml
1 ms. Memory: 1359360K Free: 989662K (73%)
----------------- Invoking toplevel() on ptolemy.moml.MoMLSimpleApplication@24d052b6
----------------- Done invoking toplevel() on ptolemy.moml.MoMLSimpleApplication@24d052b6
reloadAllAccessors: .DownSample

===========================================================================================
----------------- testing Mon Jan 21 03:16:26 UTC 2019 /home/travis/build/icyphy/ptII/ptolemy/actor/lib/test/auto/ElectronicUnitBase1.xml
----------------- Instantiating /home/travis/build/icyphy/ptII/ptolemy/actor/lib/test/auto/ElectronicUnitBase1.xml
18 ms. Memory: 1359360K Free: 964791K (71%)
----------------- Invoking toplevel() on ptolemy.moml.MoMLSimpleApplication@224b315d
----------------- Done invoking toplevel() on ptolemy.moml.MoMLSimpleApplication@224b315d
reloadAllAccessors: .ElectronicUnitBase1

===========================================================================================
----------------- testing Mon Jan 21 03:16:26 UTC 2019 /home/travis/build/icyphy/ptII/ptolemy/actor/lib/test/auto/ElementsToArray.xml
----------------- Instantiating /home/travis/build/icyphy/ptII/ptolemy/actor/lib/test/auto/ElementsToArray.xml
2 ms. Memory: 1359360K Free: 948216K (70%)
----------------- Invoking toplevel() on ptolemy.moml.MoMLSimpleApplication@1a7be97
----------------- Done invoking toplevel() on ptolemy.moml.MoMLSimpleApplication@1a7be97
reloadAllAccessors: .ElementsToArray

===========================================================================================
----------------- testing Mon Jan 21 03:16:26 UTC 2019 /home/travis/build/icyphy/ptII/ptolemy/actor/lib/test/auto/Equals.xml
----------------- Instantiating /home/travis/build/icyphy/ptII/ptolemy/actor/lib/test/auto/Equals.xml
2 ms. Memory: 1359360K Free: 931641K (69%)
----------------- Invoking toplevel() on ptolemy.moml.MoMLSimpleApplication@1e23b7f4
----------------- Done invoking toplevel() on ptolemy.moml.MoMLSimpleApplication@1e23b7f4
reloadAllAccessors: .Equals

===========================================================================================
----------------- testing Mon Jan 21 03:16:26 UTC 2019 /home/travis/build/icyphy/ptII/ptolemy/actor/lib/test/auto/Exec.xml
----------------- Instantiating /home/travis/build/icyphy/ptII/ptolemy/actor/lib/test/auto/Exec.xml
11 ms. Memory: 1359360K Free: 893379K (66%)
----------------- Invoking toplevel() on ptolemy.moml.MoMLSimpleApplication@132bdf53
----------------- Done invoking toplevel() on ptolemy.moml.MoMLSimpleApplication@132bdf53
reloadAllAccessors: .Exec

===========================================================================================
----------------- testing Mon Jan 21 03:16:26 UTC 2019 /home/travis/build/icyphy/ptII/ptolemy/actor/lib/test/auto/ExecEnvironment.xml
----------------- Instantiating /home/travis/build/icyphy/ptII/ptolemy/actor/lib/test/auto/ExecEnvironment.xml
32 ms. Memory: 1359360K Free: 868516K (64%)
----------------- Invoking toplevel() on ptolemy.moml.MoMLSimpleApplication@562799f5
----------------- Done invoking toplevel() on ptolemy.moml.MoMLSimpleApplication@562799f5
reloadAllAccessors: .ExecEnvironment

===========================================================================================
----------------- testing Mon Jan 21 03:16:26 UTC 2019 /home/travis/build/icyphy/ptII/ptolemy/actor/lib/test/auto/ExecNonZeroReturnOutput.xml
----------------- Instantiating /home/travis/build/icyphy/ptII/ptolemy/actor/lib/test/auto/ExecNonZeroReturnOutput.xml
116 ms. Memory: 1359360K Free: 744202K (55%)
----------------- Invoking toplevel() on ptolemy.moml.MoMLSimpleApplication@1b48ab13
----------------- Done invoking toplevel() on ptolemy.moml.MoMLSimpleApplication@1b48ab13
reloadAllAccessors: .ExecNonZeroReturnOutput

===========================================================================================
----------------- testing Mon Jan 21 03:16:26 UTC 2019 /home/travis/build/icyphy/ptII/ptolemy/actor/lib/test/auto/ExecRunDemos.xml
----------------- Instantiating /home/travis/build/icyphy/ptII/ptolemy/actor/lib/test/auto/ExecRunDemos.xml
Finished: 45 ms. Memory: 116224K Free: 100088K (86%)

Finished: 29 ms. Memory: 116224K Free: 96382K (83%)

Finished: 72 ms. Memory: 116224K Free: 96901K (83%)

Finished: 39 ms. Memory: 116224K Free: 98252K (85%)

Finished: 37 ms. Memory: 116224K Free: 99497K (86%)

9125 ms. Memory: 1359360K Free: 636446K (47%)
----------------- Invoking toplevel() on ptolemy.moml.MoMLSimpleApplication@75c9b483
----------------- Done invoking toplevel() on ptolemy.moml.MoMLSimpleApplication@75c9b483
reloadAllAccessors: .ExecRunDemos

===========================================================================================
----------------- testing Mon Jan 21 03:16:35 UTC 2019 /home/travis/build/icyphy/ptII/ptolemy/actor/lib/test/auto/ExecStop.xml
----------------- Instantiating /home/travis/build/icyphy/ptII/ptolemy/actor/lib/test/auto/ExecStop.xml
5009 ms. Memory: 1359360K Free: 403425K (30%)
----------------- Invoking toplevel() on ptolemy.moml.MoMLSimpleApplication@1ce42cd
----------------- Done invoking toplevel() on ptolemy.moml.MoMLSimpleApplication@1ce42cd
reloadAllAccessors: .ExecStop

===========================================================================================
----------------- testing Mon Jan 21 03:16:40 UTC 2019 /home/travis/build/icyphy/ptII/ptolemy/actor/lib/test/auto/ExecutionTimeSDF.xml
----------------- Instantiating /home/travis/build/icyphy/ptII/ptolemy/actor/lib/test/auto/ExecutionTimeSDF.xml
Fired ExecutionTime: 1738800000
Fired ExecutionTime: 933600000
Fired ExecutionTime: -1689767296
6004 ms. Memory: 1359360K Free: 378546K (28%)
----------------- Invoking toplevel() on ptolemy.moml.MoMLSimpleApplication@19955676
----------------- Done invoking toplevel() on ptolemy.moml.MoMLSimpleApplication@19955676
reloadAllAccessors: .ExecutionTimeSDF

===========================================================================================
----------------- testing Mon Jan 21 03:16:46 UTC 2019 /home/travis/build/icyphy/ptII/ptolemy/actor/lib/test/auto/Expression1.xml
----------------- Instantiating /home/travis/build/icyphy/ptII/ptolemy/actor/lib/test/auto/Expression1.xml
2 ms. Memory: 1359360K Free: 361971K (27%)
----------------- Invoking toplevel() on ptolemy.moml.MoMLSimpleApplication@68913a39
----------------- Done invoking toplevel() on ptolemy.moml.MoMLSimpleApplication@68913a39
reloadAllAccessors: .Expression1

===========================================================================================
----------------- testing Mon Jan 21 03:16:46 UTC 2019 /home/travis/build/icyphy/ptII/ptolemy/actor/lib/test/auto/Expression10.xml
----------------- Instantiating /home/travis/build/icyphy/ptII/ptolemy/actor/lib/test/auto/Expression10.xml
9 ms. Memory: 1359360K Free: 345395K (25%)
----------------- Invoking toplevel() on ptolemy.moml.MoMLSimpleApplication@5d83d7ff
----------------- Done invoking toplevel() on ptolemy.moml.MoMLSimpleApplication@5d83d7ff
reloadAllAccessors: .Expression10

===========================================================================================
----------------- testing Mon Jan 21 03:16:46 UTC 2019 /home/travis/build/icyphy/ptII/ptolemy/actor/lib/test/auto/Expression11.xml
----------------- Instantiating /home/travis/build/icyphy/ptII/ptolemy/actor/lib/test/auto/Expression11.xml
5 ms. Memory: 1359360K Free: 319565K (24%)
----------------- Invoking toplevel() on ptolemy.moml.MoMLSimpleApplication@69937d4a
----------------- Done invoking toplevel() on ptolemy.moml.MoMLSimpleApplication@69937d4a
reloadAllAccessors: .Expression11

===========================================================================================
----------------- testing Mon Jan 21 03:16:46 UTC 2019 /home/travis/build/icyphy/ptII/ptolemy/actor/lib/test/auto/Expression12.xml
----------------- Instantiating /home/travis/build/icyphy/ptII/ptolemy/actor/lib/test/auto/Expression12.xml
6 ms. Memory: 1359360K Free: 302990K (22%)
----------------- Invoking toplevel() on ptolemy.moml.MoMLSimpleApplication@54bdc257
----------------- Done invoking toplevel() on ptolemy.moml.MoMLSimpleApplication@54bdc257
reloadAllAccessors: .Expression12

===========================================================================================
----------------- testing Mon Jan 21 03:16:46 UTC 2019 /home/travis/build/icyphy/ptII/ptolemy/actor/lib/test/auto/Expression13.xml
----------------- Instantiating /home/travis/build/icyphy/ptII/ptolemy/actor/lib/test/auto/Expression13.xml
4 ms. Memory: 1359360K Free: 286415K (21%)
----------------- Invoking toplevel() on ptolemy.moml.MoMLSimpleApplication@1a46033d
----------------- Done invoking toplevel() on ptolemy.moml.MoMLSimpleApplication@1a46033d
reloadAllAccessors: .Expression13

===========================================================================================
----------------- testing Mon Jan 21 03:16:46 UTC 2019 /home/travis/build/icyphy/ptII/ptolemy/actor/lib/test/auto/Expression14.xml
----------------- Instantiating /home/travis/build/icyphy/ptII/ptolemy/actor/lib/test/auto/Expression14.xml
8 ms. Memory: 1359360K Free: 269839K (20%)
----------------- Invoking toplevel() on ptolemy.moml.MoMLSimpleApplication@18212629
----------------- Done invoking toplevel() on ptolemy.moml.MoMLSimpleApplication@18212629
reloadAllAccessors: .Expression14

===========================================================================================
----------------- testing Mon Jan 21 03:16:46 UTC 2019 /home/travis/build/icyphy/ptII/ptolemy/actor/lib/test/auto/Expression15.xml
----------------- Instantiating /home/travis/build/icyphy/ptII/ptolemy/actor/lib/test/auto/Expression15.xml
2 ms. Memory: 1359360K Free: 244009K (18%)
----------------- Invoking toplevel() on ptolemy.moml.MoMLSimpleApplication@68e0126a
----------------- Done invoking toplevel() on ptolemy.moml.MoMLSimpleApplication@68e0126a
reloadAllAccessors: .Expression15

===========================================================================================
----------------- testing Mon Jan 21 03:16:46 UTC 2019 /home/travis/build/icyphy/ptII/ptolemy/actor/lib/test/auto/Expression16.xml
----------------- Instantiating /home/travis/build/icyphy/ptII/ptolemy/actor/lib/test/auto/Expression16.xml
3 ms. Memory: 1359360K Free: 227434K (17%)
----------------- Invoking toplevel() on ptolemy.moml.MoMLSimpleApplication@51843907
----------------- Done invoking toplevel() on ptolemy.moml.MoMLSimpleApplication@51843907
reloadAllAccessors: .Expression16

===========================================================================================
----------------- testing Mon Jan 21 03:16:46 UTC 2019 /home/travis/build/icyphy/ptII/ptolemy/actor/lib/test/auto/Expression17.xml
----------------- Instantiating /home/travis/build/icyphy/ptII/ptolemy/actor/lib/test/auto/Expression17.xml
4 ms. Memory: 1359360K Free: 210858K (16%)
----------------- Invoking toplevel() on ptolemy.moml.MoMLSimpleApplication@33556d03
----------------- Done invoking toplevel() on ptolemy.moml.MoMLSimpleApplication@33556d03
reloadAllAccessors: .Expression17

===========================================================================================
----------------- testing Mon Jan 21 03:16:46 UTC 2019 /home/travis/build/icyphy/ptII/ptolemy/actor/lib/test/auto/Expression18.xml
----------------- Instantiating /home/travis/build/icyphy/ptII/ptolemy/actor/lib/test/auto/Expression18.xml
4 ms. Memory: 1359360K Free: 194283K (14%)
----------------- Invoking toplevel() on ptolemy.moml.MoMLSimpleApplication@6fc8e5a3
----------------- Done invoking toplevel() on ptolemy.moml.MoMLSimpleApplication@6fc8e5a3
reloadAllAccessors: .Expression18

===========================================================================================
----------------- testing Mon Jan 21 03:16:46 UTC 2019 /home/travis/build/icyphy/ptII/ptolemy/actor/lib/test/auto/Expression2.xml
----------------- Instantiating /home/travis/build/icyphy/ptII/ptolemy/actor/lib/test/auto/Expression2.xml
3 ms. Memory: 1359360K Free: 168453K (12%)
----------------- Invoking toplevel() on ptolemy.moml.MoMLSimpleApplication@4a19148f
----------------- Done invoking toplevel() on ptolemy.moml.MoMLSimpleApplication@4a19148f
reloadAllAccessors: .Expression2

===========================================================================================
----------------- testing Mon Jan 21 03:16:46 UTC 2019 /home/travis/build/icyphy/ptII/ptolemy/actor/lib/test/auto/Expression3.xml
----------------- Instantiating /home/travis/build/icyphy/ptII/ptolemy/actor/lib/test/auto/Expression3.xml
5 ms. Memory: 1359360K Free: 151878K (11%)
----------------- Invoking toplevel() on ptolemy.moml.MoMLSimpleApplication@1e6f38be
----------------- Done invoking toplevel() on ptolemy.moml.MoMLSimpleApplication@1e6f38be
reloadAllAccessors: .Expression3

===========================================================================================
----------------- testing Mon Jan 21 03:16:46 UTC 2019 /home/travis/build/icyphy/ptII/ptolemy/actor/lib/test/auto/Expression4.xml
----------------- Instantiating /home/travis/build/icyphy/ptII/ptolemy/actor/lib/test/auto/Expression4.xml
4 ms. Memory: 1359360K Free: 135302K (10%)
----------------- Invoking toplevel() on ptolemy.moml.MoMLSimpleApplication@630f7d0
----------------- Done invoking toplevel() on ptolemy.moml.MoMLSimpleApplication@630f7d0
reloadAllAccessors: .Expression4

===========================================================================================
----------------- testing Mon Jan 21 03:16:46 UTC 2019 /home/travis/build/icyphy/ptII/ptolemy/actor/lib/test/auto/Expression5.xml
----------------- Instantiating /home/travis/build/icyphy/ptII/ptolemy/actor/lib/test/auto/Expression5.xml
6 ms. Memory: 1359360K Free: 118727K (9%)
----------------- Invoking toplevel() on ptolemy.moml.MoMLSimpleApplication@7aa547be
----------------- Done invoking toplevel() on ptolemy.moml.MoMLSimpleApplication@7aa547be
reloadAllAccessors: .Expression5

===========================================================================================
----------------- testing Mon Jan 21 03:16:46 UTC 2019 /home/travis/build/icyphy/ptII/ptolemy/actor/lib/test/auto/Expression6.xml
----------------- Instantiating /home/travis/build/icyphy/ptII/ptolemy/actor/lib/test/auto/Expression6.xml
2 ms. Memory: 1359360K Free: 92897K (7%)
----------------- Invoking toplevel() on ptolemy.moml.MoMLSimpleApplication@504fe14f
----------------- Done invoking toplevel() on ptolemy.moml.MoMLSimpleApplication@504fe14f
reloadAllAccessors: .Expression6

===========================================================================================
----------------- testing Mon Jan 21 03:16:46 UTC 2019 /home/travis/build/icyphy/ptII/ptolemy/actor/lib/test/auto/Expression7.xml
----------------- Instantiating /home/travis/build/icyphy/ptII/ptolemy/actor/lib/test/auto/Expression7.xml
2 ms. Memory: 1359360K Free: 78982K (6%)
----------------- Invoking toplevel() on ptolemy.moml.MoMLSimpleApplication@feeb3f5
----------------- Done invoking toplevel() on ptolemy.moml.MoMLSimpleApplication@feeb3f5
reloadAllAccessors: .Expression7

===========================================================================================
----------------- testing Mon Jan 21 03:16:46 UTC 2019 /home/travis/build/icyphy/ptII/ptolemy/actor/lib/test/auto/Expression8.xml
----------------- Instantiating /home/travis/build/icyphy/ptII/ptolemy/actor/lib/test/auto/Expression8.xml
7 ms. Memory: 1580544K Free: 1522747K (96%)
----------------- Invoking toplevel() on ptolemy.moml.MoMLSimpleApplication@5c880fa2
----------------- Done invoking toplevel() on ptolemy.moml.MoMLSimpleApplication@5c880fa2
reloadAllAccessors: .Expression8

===========================================================================================
----------------- testing Mon Jan 21 03:16:47 UTC 2019 /home/travis/build/icyphy/ptII/ptolemy/actor/lib/test/auto/Expression9.xml
----------------- Instantiating /home/travis/build/icyphy/ptII/ptolemy/actor/lib/test/auto/Expression9.xml
1 ms. Memory: 1580544K Free: 1495038K (95%)
----------------- Invoking toplevel() on ptolemy.moml.MoMLSimpleApplication@41b9fd65
----------------- Done invoking toplevel() on ptolemy.moml.MoMLSimpleApplication@41b9fd65
reloadAllAccessors: .Expression9

===========================================================================================
----------------- testing Mon Jan 21 03:16:47 UTC 2019 /home/travis/build/icyphy/ptII/ptolemy/actor/lib/test/auto/ExpressionConcatenateArrayType.xml
----------------- Instantiating /home/travis/build/icyphy/ptII/ptolemy/actor/lib/test/auto/ExpressionConcatenateArrayType.xml
3 ms. Memory: 1580544K Free: 1475275K (93%)
----------------- Invoking toplevel() on ptolemy.moml.MoMLSimpleApplication@75a30e5a
----------------- Done invoking toplevel() on ptolemy.moml.MoMLSimpleApplication@75a30e5a
reloadAllAccessors: .ExpressionConcatenateArrayType

===========================================================================================
----------------- testing Mon Jan 21 03:16:47 UTC 2019 /home/travis/build/icyphy/ptII/ptolemy/actor/lib/test/auto/ExpressionConcatenateArrayType2.xml
----------------- Instantiating /home/travis/build/icyphy/ptII/ptolemy/actor/lib/test/auto/ExpressionConcatenateArrayType2.xml
2 ms. Memory: 1580544K Free: 1455512K (92%)
----------------- Invoking toplevel() on ptolemy.moml.MoMLSimpleApplication@6008f1c7
----------------- Done invoking toplevel() on ptolemy.moml.MoMLSimpleApplication@6008f1c7
reloadAllAccessors: .ExpressionConcatenateArrayType2

===========================================================================================
----------------- testing Mon Jan 21 03:16:47 UTC 2019 /home/travis/build/icyphy/ptII/ptolemy/actor/lib/test/auto/ExpressionFix.xml
----------------- Instantiating /home/travis/build/icyphy/ptII/ptolemy/actor/lib/test/auto/ExpressionFix.xml
14 ms. Memory: 1580544K Free: 1427603K (90%)
----------------- Invoking toplevel() on ptolemy.moml.MoMLSimpleApplication@2d241bb0
----------------- Done invoking toplevel() on ptolemy.moml.MoMLSimpleApplication@2d241bb0
reloadAllAccessors: .ExpressionFix

===========================================================================================
----------------- testing Mon Jan 21 03:16:47 UTC 2019 /home/travis/build/icyphy/ptII/ptolemy/actor/lib/test/auto/ExpressionFix2.xml
----------------- Instantiating /home/travis/build/icyphy/ptII/ptolemy/actor/lib/test/auto/ExpressionFix2.xml
3 ms. Memory: 1580544K Free: 1407840K (89%)
----------------- Invoking toplevel() on ptolemy.moml.MoMLSimpleApplication@12b19049
----------------- Done invoking toplevel() on ptolemy.moml.MoMLSimpleApplication@12b19049
reloadAllAccessors: .ExpressionFix2

===========================================================================================
----------------- testing Mon Jan 21 03:16:47 UTC 2019 /home/travis/build/icyphy/ptII/ptolemy/actor/lib/test/auto/ExpressionFix3.xml
----------------- Instantiating /home/travis/build/icyphy/ptII/ptolemy/actor/lib/test/auto/ExpressionFix3.xml
3 ms. Memory: 1580544K Free: 1388077K (88%)
----------------- Invoking toplevel() on ptolemy.moml.MoMLSimpleApplication@2569752b
----------------- Done invoking toplevel() on ptolemy.moml.MoMLSimpleApplication@2569752b
reloadAllAccessors: .ExpressionFix3

===========================================================================================
----------------- testing Mon Jan 21 03:16:47 UTC 2019 /home/travis/build/icyphy/ptII/ptolemy/actor/lib/test/auto/FileWriter1.xml
----------------- Instantiating /home/travis/build/icyphy/ptII/ptolemy/actor/lib/test/auto/FileWriter1.xml
2 ms. Memory: 1580544K Free: 1360368K (86%)
----------------- Invoking toplevel() on ptolemy.moml.MoMLSimpleApplication@6ae9bee
----------------- Done invoking toplevel() on ptolemy.moml.MoMLSimpleApplication@6ae9bee
reloadAllAccessors: .FileWriter1

===========================================================================================
----------------- testing Mon Jan 21 03:16:47 UTC 2019 /home/travis/build/icyphy/ptII/ptolemy/actor/lib/test/auto/FileWriter2.xml
----------------- Instantiating /home/travis/build/icyphy/ptII/ptolemy/actor/lib/test/auto/FileWriter2.xml
5 ms. Memory: 1580544K Free: 1340605K (85%)
----------------- Invoking toplevel() on ptolemy.moml.MoMLSimpleApplication@1680508d
----------------- Done invoking toplevel() on ptolemy.moml.MoMLSimpleApplication@1680508d
reloadAllAccessors: .FileWriter2

===========================================================================================
----------------- testing Mon Jan 21 03:16:47 UTC 2019 /home/travis/build/icyphy/ptII/ptolemy/actor/lib/test/auto/FileWriter3.xml
----------------- Instantiating /home/travis/build/icyphy/ptII/ptolemy/actor/lib/test/auto/FileWriter3.xml
2 ms. Memory: 1580544K Free: 1320841K (84%)
----------------- Invoking toplevel() on ptolemy.moml.MoMLSimpleApplication@11d60e9
----------------- Done invoking toplevel() on ptolemy.moml.MoMLSimpleApplication@11d60e9
reloadAllAccessors: .FileWriter3

===========================================================================================
----------------- testing Mon Jan 21 03:16:47 UTC 2019 /home/travis/build/icyphy/ptII/ptolemy/actor/lib/test/auto/Gaussian.xml
----------------- Instantiating /home/travis/build/icyphy/ptII/ptolemy/actor/lib/test/auto/Gaussian.xml
2 ms. Memory: 1580544K Free: 1301078K (82%)
----------------- Invoking toplevel() on ptolemy.moml.MoMLSimpleApplication@60141bd0
----------------- Done invoking toplevel() on ptolemy.moml.MoMLSimpleApplication@60141bd0
reloadAllAccessors: .Gaussian

===========================================================================================
----------------- testing Mon Jan 21 03:16:47 UTC 2019 /home/travis/build/icyphy/ptII/ptolemy/actor/lib/test/auto/Gaussian1.xml
----------------- Instantiating /home/travis/build/icyphy/ptII/ptolemy/actor/lib/test/auto/Gaussian1.xml
4 ms. Memory: 1580544K Free: 1273369K (81%)
----------------- Invoking toplevel() on ptolemy.moml.MoMLSimpleApplication@7405f980
----------------- Done invoking toplevel() on ptolemy.moml.MoMLSimpleApplication@7405f980
reloadAllAccessors: .Gaussian1

===========================================================================================
----------------- testing Mon Jan 21 03:16:47 UTC 2019 /home/travis/build/icyphy/ptII/ptolemy/actor/lib/test/auto/Gaussian2.xml
----------------- Instantiating /home/travis/build/icyphy/ptII/ptolemy/actor/lib/test/auto/Gaussian2.xml
3 ms. Memory: 1580544K Free: 1253606K (79%)
----------------- Invoking toplevel() on ptolemy.moml.MoMLSimpleApplication@1e524314
----------------- Done invoking toplevel() on ptolemy.moml.MoMLSimpleApplication@1e524314
reloadAllAccessors: .Gaussian2

===========================================================================================
----------------- testing Mon Jan 21 03:16:47 UTC 2019 /home/travis/build/icyphy/ptII/ptolemy/actor/lib/test/auto/GradientAdaptiveLattice.xml
----------------- Instantiating /home/travis/build/icyphy/ptII/ptolemy/actor/lib/test/auto/GradientAdaptiveLattice.xml
3 ms. Memory: 1580544K Free: 1233843K (78%)
----------------- Invoking toplevel() on ptolemy.moml.MoMLSimpleApplication@18f48a30
----------------- Done invoking toplevel() on ptolemy.moml.MoMLSimpleApplication@18f48a30
reloadAllAccessors: .GradientAdaptiveLattice

===========================================================================================
----------------- testing Mon Jan 21 03:16:47 UTC 2019 /home/travis/build/icyphy/ptII/ptolemy/actor/lib/test/auto/IIR.xml
----------------- Instantiating /home/travis/build/icyphy/ptII/ptolemy/actor/lib/test/auto/IIR.xml
1 ms. Memory: 1580544K Free: 1206134K (76%)
----------------- Invoking toplevel() on ptolemy.moml.MoMLSimpleApplication@440a9ac6
----------------- Done invoking toplevel() on ptolemy.moml.MoMLSimpleApplication@440a9ac6
reloadAllAccessors: .IIR

===========================================================================================
----------------- testing Mon Jan 21 03:16:47 UTC 2019 /home/travis/build/icyphy/ptII/ptolemy/actor/lib/test/auto/InputOutputTransparentPorts.xml
----------------- Instantiating /home/travis/build/icyphy/ptII/ptolemy/actor/lib/test/auto/InputOutputTransparentPorts.xml
1 ms. Memory: 1580544K Free: 1186371K (75%)
----------------- Invoking toplevel() on ptolemy.moml.MoMLSimpleApplication@78933f94
----------------- Done invoking toplevel() on ptolemy.moml.MoMLSimpleApplication@78933f94
reloadAllAccessors: .InputOutputTransparentPorts

===========================================================================================
----------------- testing Mon Jan 21 03:16:47 UTC 2019 /home/travis/build/icyphy/ptII/ptolemy/actor/lib/test/auto/Interpolator.xml
----------------- Instantiating /home/travis/build/icyphy/ptII/ptolemy/actor/lib/test/auto/Interpolator.xml
4 ms. Memory: 1580544K Free: 1166608K (74%)
----------------- Invoking toplevel() on ptolemy.moml.MoMLSimpleApplication@2436386c
----------------- Done invoking toplevel() on ptolemy.moml.MoMLSimpleApplication@2436386c
reloadAllAccessors: .Interpolator

===========================================================================================
----------------- testing Mon Jan 21 03:16:47 UTC 2019 /home/travis/build/icyphy/ptII/ptolemy/actor/lib/test/auto/InterpolatorFiringLimitDE.xml
----------------- Instantiating /home/travis/build/icyphy/ptII/ptolemy/actor/lib/test/auto/InterpolatorFiringLimitDE.xml
2 ms. Memory: 1580544K Free: 1146844K (73%)
----------------- Invoking toplevel() on ptolemy.moml.MoMLSimpleApplication@286dbd88
----------------- Done invoking toplevel() on ptolemy.moml.MoMLSimpleApplication@286dbd88
reloadAllAccessors: .InterpolatorFiringLimitDE

===========================================================================================
----------------- testing Mon Jan 21 03:16:47 UTC 2019 /home/travis/build/icyphy/ptII/ptolemy/actor/lib/test/auto/Lattice.xml
----------------- Instantiating /home/travis/build/icyphy/ptII/ptolemy/actor/lib/test/auto/Lattice.xml
1 ms. Memory: 1580544K Free: 1119136K (71%)
----------------- Invoking toplevel() on ptolemy.moml.MoMLSimpleApplication@6f412d3b
----------------- Done invoking toplevel() on ptolemy.moml.MoMLSimpleApplication@6f412d3b
reloadAllAccessors: .Lattice

===========================================================================================
----------------- testing Mon Jan 21 03:16:47 UTC 2019 /home/travis/build/icyphy/ptII/ptolemy/actor/lib/test/auto/LazyAOCTestLazy.xml
----------------- Instantiating /home/travis/build/icyphy/ptII/ptolemy/actor/lib/test/auto/LazyAOCTestLazy.xml
11 ms. Memory: 1580544K Free: 1099372K (70%)
----------------- Invoking toplevel() on ptolemy.moml.MoMLSimpleApplication@52d4be86
----------------- Done invoking toplevel() on ptolemy.moml.MoMLSimpleApplication@52d4be86
reloadAllAccessors: .LazyAOCTestLazy

===========================================================================================
----------------- testing Mon Jan 21 03:16:47 UTC 2019 /home/travis/build/icyphy/ptII/ptolemy/actor/lib/test/auto/LazyAOCTestNonLazy.xml
----------------- Instantiating /home/travis/build/icyphy/ptII/ptolemy/actor/lib/test/auto/LazyAOCTestNonLazy.xml
9 ms. Memory: 1580544K Free: 1079609K (68%)
----------------- Invoking toplevel() on ptolemy.moml.MoMLSimpleApplication@31bee854
----------------- Done invoking toplevel() on ptolemy.moml.MoMLSimpleApplication@31bee854
reloadAllAccessors: .LazyAOCTestNonLazy

===========================================================================================
----------------- testing Mon Jan 21 03:16:47 UTC 2019 /home/travis/build/icyphy/ptII/ptolemy/actor/lib/test/auto/LazyInnerClass.xml
----------------- Instantiating /home/travis/build/icyphy/ptII/ptolemy/actor/lib/test/auto/LazyInnerClass.xml
17 ms. Memory: 1580544K Free: 1051900K (67%)
----------------- Invoking toplevel() on ptolemy.moml.MoMLSimpleApplication@5b35b3b9
----------------- Done invoking toplevel() on ptolemy.moml.MoMLSimpleApplication@5b35b3b9
reloadAllAccessors: .LazyInnerClass

===========================================================================================
----------------- testing Mon Jan 21 03:16:47 UTC 2019 /home/travis/build/icyphy/ptII/ptolemy/actor/lib/test/auto/LazyPubSub.xml
----------------- Instantiating /home/travis/build/icyphy/ptII/ptolemy/actor/lib/test/auto/LazyPubSub.xml
22 ms. Memory: 1580544K Free: 1032137K (65%)
----------------- Invoking toplevel() on ptolemy.moml.MoMLSimpleApplication@5de09114
----------------- Done invoking toplevel() on ptolemy.moml.MoMLSimpleApplication@5de09114
reloadAllAccessors: .LazyPubSub

===========================================================================================
----------------- testing Mon Jan 21 03:16:47 UTC 2019 /home/travis/build/icyphy/ptII/ptolemy/actor/lib/test/auto/LazyPubSub2.xml
----------------- Instantiating /home/travis/build/icyphy/ptII/ptolemy/actor/lib/test/auto/LazyPubSub2.xml
15 ms. Memory: 1580544K Free: 1012374K (64%)
----------------- Invoking toplevel() on ptolemy.moml.MoMLSimpleApplication@422827f5
----------------- Done invoking toplevel() on ptolemy.moml.MoMLSimpleApplication@422827f5
reloadAllAccessors: .LazyPubSub2

===========================================================================================
----------------- testing Mon Jan 21 03:16:47 UTC 2019 /home/travis/build/icyphy/ptII/ptolemy/actor/lib/test/auto/LazyPubSub3.xml
----------------- Instantiating /home/travis/build/icyphy/ptII/ptolemy/actor/lib/test/auto/LazyPubSub3.xml
10 ms. Memory: 1580544K Free: 992611K (63%)
----------------- Invoking toplevel() on ptolemy.moml.MoMLSimpleApplication@146177cd
----------------- Done invoking toplevel() on ptolemy.moml.MoMLSimpleApplication@146177cd
reloadAllAccessors: .LazyPubSub3

===========================================================================================
----------------- testing Mon Jan 21 03:16:47 UTC 2019 /home/travis/build/icyphy/ptII/ptolemy/actor/lib/test/auto/LazySubClassModel.xml
----------------- Instantiating /home/travis/build/icyphy/ptII/ptolemy/actor/lib/test/auto/LazySubClassModel.xml
2 ms. Memory: 1580544K Free: 964902K (61%)
----------------- Invoking toplevel() on ptolemy.moml.MoMLSimpleApplication@63345af3
----------------- Done invoking toplevel() on ptolemy.moml.MoMLSimpleApplication@63345af3
reloadAllAccessors: .LazySubClassModel

===========================================================================================
----------------- testing Mon Jan 21 03:16:47 UTC 2019 /home/travis/build/icyphy/ptII/ptolemy/actor/lib/test/auto/LevelCrossTest1.xml
----------------- Instantiating /home/travis/build/icyphy/ptII/ptolemy/actor/lib/test/auto/LevelCrossTest1.xml
1 ms. Memory: 1580544K Free: 945138K (60%)
----------------- Invoking toplevel() on ptolemy.moml.MoMLSimpleApplication@901e534
----------------- Done invoking toplevel() on ptolemy.moml.MoMLSimpleApplication@901e534
reloadAllAccessors: .broken

===========================================================================================
----------------- testing Mon Jan 21 03:16:47 UTC 2019 /home/travis/build/icyphy/ptII/ptolemy/actor/lib/test/auto/LevelCrossTest10.xml
----------------- Instantiating /home/travis/build/icyphy/ptII/ptolemy/actor/lib/test/auto/LevelCrossTest10.xml
1 ms. Memory: 1580544K Free: 925375K (59%)
----------------- Invoking toplevel() on ptolemy.moml.MoMLSimpleApplication@1f71ca6c
----------------- Done invoking toplevel() on ptolemy.moml.MoMLSimpleApplication@1f71ca6c
reloadAllAccessors: .LevelCrossTest10

===========================================================================================
----------------- testing Mon Jan 21 03:16:47 UTC 2019 /home/travis/build/icyphy/ptII/ptolemy/actor/lib/test/auto/LevelCrossTest11.xml
----------------- Instantiating /home/travis/build/icyphy/ptII/ptolemy/actor/lib/test/auto/LevelCrossTest11.xml
1 ms. Memory: 1580544K Free: 897666K (57%)
----------------- Invoking toplevel() on ptolemy.moml.MoMLSimpleApplication@6da88db
----------------- Done invoking toplevel() on ptolemy.moml.MoMLSimpleApplication@6da88db
reloadAllAccessors: .LevelCrossTest11

===========================================================================================
----------------- testing Mon Jan 21 03:16:47 UTC 2019 /home/travis/build/icyphy/ptII/ptolemy/actor/lib/test/auto/LevelCrossTest12.xml
----------------- Instantiating /home/travis/build/icyphy/ptII/ptolemy/actor/lib/test/auto/LevelCrossTest12.xml
1 ms. Memory: 1580544K Free: 877903K (56%)
----------------- Invoking toplevel() on ptolemy.moml.MoMLSimpleApplication@34b48dd3
----------------- Done invoking toplevel() on ptolemy.moml.MoMLSimpleApplication@34b48dd3
reloadAllAccessors: .LevelCrossTest12

===========================================================================================
----------------- testing Mon Jan 21 03:16:47 UTC 2019 /home/travis/build/icyphy/ptII/ptolemy/actor/lib/test/auto/LevelCrossTest13.xml
----------------- Instantiating /home/travis/build/icyphy/ptII/ptolemy/actor/lib/test/auto/LevelCrossTest13.xml
1 ms. Memory: 1580544K Free: 858140K (54%)
----------------- Invoking toplevel() on ptolemy.moml.MoMLSimpleApplication@6313da23
----------------- Done invoking toplevel() on ptolemy.moml.MoMLSimpleApplication@6313da23
reloadAllAccessors: .LevelCrossTest13

===========================================================================================
----------------- testing Mon Jan 21 03:16:47 UTC 2019 /home/travis/build/icyphy/ptII/ptolemy/actor/lib/test/auto/LevelCrossTest2.xml
----------------- Instantiating /home/travis/build/icyphy/ptII/ptolemy/actor/lib/test/auto/LevelCrossTest2.xml
1 ms. Memory: 1580544K Free: 838377K (53%)
----------------- Invoking toplevel() on ptolemy.moml.MoMLSimpleApplication@36eeb661
----------------- Done invoking toplevel() on ptolemy.moml.MoMLSimpleApplication@36eeb661
reloadAllAccessors: .broken

===========================================================================================
----------------- testing Mon Jan 21 03:16:47 UTC 2019 /home/travis/build/icyphy/ptII/ptolemy/actor/lib/test/auto/LevelCrossTest3.xml
----------------- Instantiating /home/travis/build/icyphy/ptII/ptolemy/actor/lib/test/auto/LevelCrossTest3.xml
1 ms. Memory: 1580544K Free: 810668K (51%)
----------------- Invoking toplevel() on ptolemy.moml.MoMLSimpleApplication@4ba12111
----------------- Done invoking toplevel() on ptolemy.moml.MoMLSimpleApplication@4ba12111
reloadAllAccessors: .LevelCrossTest3

===========================================================================================
----------------- testing Mon Jan 21 03:16:47 UTC 2019 /home/travis/build/icyphy/ptII/ptolemy/actor/lib/test/auto/LevelCrossTest4.xml
----------------- Instantiating /home/travis/build/icyphy/ptII/ptolemy/actor/lib/test/auto/LevelCrossTest4.xml
2 ms. Memory: 1580544K Free: 790905K (50%)
----------------- Invoking toplevel() on ptolemy.moml.MoMLSimpleApplication@6a3d26b6
----------------- Done invoking toplevel() on ptolemy.moml.MoMLSimpleApplication@6a3d26b6
reloadAllAccessors: .broken

===========================================================================================
----------------- testing Mon Jan 21 03:16:47 UTC 2019 /home/travis/build/icyphy/ptII/ptolemy/actor/lib/test/auto/LevelCrossTest5.xml
----------------- Instantiating /home/travis/build/icyphy/ptII/ptolemy/actor/lib/test/auto/LevelCrossTest5.xml
2 ms. Memory: 1580544K Free: 771142K (49%)
----------------- Invoking toplevel() on ptolemy.moml.MoMLSimpleApplication@555016b
----------------- Done invoking toplevel() on ptolemy.moml.MoMLSimpleApplication@555016b
reloadAllAccessors: .LevelCrossTest5

===========================================================================================
----------------- testing Mon Jan 21 03:16:47 UTC 2019 /home/travis/build/icyphy/ptII/ptolemy/actor/lib/test/auto/LevelCrossTest6.xml
----------------- Instantiating /home/travis/build/icyphy/ptII/ptolemy/actor/lib/test/auto/LevelCrossTest6.xml
1 ms. Memory: 1580544K Free: 743433K (47%)
----------------- Invoking toplevel() on ptolemy.moml.MoMLSimpleApplication@5060c5d
----------------- Done invoking toplevel() on ptolemy.moml.MoMLSimpleApplication@5060c5d
reloadAllAccessors: .LevelCrossTest6

===========================================================================================
----------------- testing Mon Jan 21 03:16:47 UTC 2019 /home/travis/build/icyphy/ptII/ptolemy/actor/lib/test/auto/LevelCrossTest7.xml
----------------- Instantiating /home/travis/build/icyphy/ptII/ptolemy/actor/lib/test/auto/LevelCrossTest7.xml
1 ms. Memory: 1580544K Free: 723670K (46%)
----------------- Invoking toplevel() on ptolemy.moml.MoMLSimpleApplication@34a773d2
----------------- Done invoking toplevel() on ptolemy.moml.MoMLSimpleApplication@34a773d2
reloadAllAccessors: .LevelCrossTest7

===========================================================================================
----------------- testing Mon Jan 21 03:16:47 UTC 2019 /home/travis/build/icyphy/ptII/ptolemy/actor/lib/test/auto/LevelCrossTest8.xml
----------------- Instantiating /home/travis/build/icyphy/ptII/ptolemy/actor/lib/test/auto/LevelCrossTest8.xml
1 ms. Memory: 1580544K Free: 703906K (45%)
----------------- Invoking toplevel() on ptolemy.moml.MoMLSimpleApplication@64a9cf1
----------------- Done invoking toplevel() on ptolemy.moml.MoMLSimpleApplication@64a9cf1
reloadAllAccessors: .LevelCrossTest8

===========================================================================================
----------------- testing Mon Jan 21 03:16:47 UTC 2019 /home/travis/build/icyphy/ptII/ptolemy/actor/lib/test/auto/LevelCrossTest9.xml
----------------- Instantiating /home/travis/build/icyphy/ptII/ptolemy/actor/lib/test/auto/LevelCrossTest9.xml
1 ms. Memory: 1580544K Free: 684143K (43%)
----------------- Invoking toplevel() on ptolemy.moml.MoMLSimpleApplication@180ef28d
----------------- Done invoking toplevel() on ptolemy.moml.MoMLSimpleApplication@180ef28d
reloadAllAccessors: .LevelCrossTest9

===========================================================================================
----------------- testing Mon Jan 21 03:16:47 UTC 2019 /home/travis/build/icyphy/ptII/ptolemy/actor/lib/test/auto/LevinsonDurbin.xml
----------------- Instantiating /home/travis/build/icyphy/ptII/ptolemy/actor/lib/test/auto/LevinsonDurbin.xml
1 ms. Memory: 1580544K Free: 656435K (42%)
----------------- Invoking toplevel() on ptolemy.moml.MoMLSimpleApplication@6648f3e8
----------------- Done invoking toplevel() on ptolemy.moml.MoMLSimpleApplication@6648f3e8
reloadAllAccessors: .LevinsonDurbin

===========================================================================================
----------------- testing Mon Jan 21 03:16:47 UTC 2019 /home/travis/build/icyphy/ptII/ptolemy/actor/lib/test/auto/LevinsonDurbin2.xml
----------------- Instantiating /home/travis/build/icyphy/ptII/ptolemy/actor/lib/test/auto/LevinsonDurbin2.xml
1 ms. Memory: 1580544K Free: 636671K (40%)
----------------- Invoking toplevel() on ptolemy.moml.MoMLSimpleApplication@5055508
----------------- Done invoking toplevel() on ptolemy.moml.MoMLSimpleApplication@5055508
reloadAllAccessors: .LevinsonDurbin2

===========================================================================================
----------------- testing Mon Jan 21 03:16:47 UTC 2019 /home/travis/build/icyphy/ptII/ptolemy/actor/lib/test/auto/LevinsonDurbin3.xml
----------------- Instantiating /home/travis/build/icyphy/ptII/ptolemy/actor/lib/test/auto/LevinsonDurbin3.xml
2 ms. Memory: 1580544K Free: 616908K (39%)
----------------- Invoking toplevel() on ptolemy.moml.MoMLSimpleApplication@1cba37b1
----------------- Done invoking toplevel() on ptolemy.moml.MoMLSimpleApplication@1cba37b1
reloadAllAccessors: .LevinsonDurbin3

===========================================================================================
----------------- testing Mon Jan 21 03:16:47 UTC 2019 /home/travis/build/icyphy/ptII/ptolemy/actor/lib/test/auto/Limiter.xml
----------------- Instantiating /home/travis/build/icyphy/ptII/ptolemy/actor/lib/test/auto/Limiter.xml
3 ms. Memory: 1580544K Free: 589199K (37%)
----------------- Invoking toplevel() on ptolemy.moml.MoMLSimpleApplication@59cc5da1
----------------- Done invoking toplevel() on ptolemy.moml.MoMLSimpleApplication@59cc5da1
reloadAllAccessors: .Limiter

===========================================================================================
----------------- testing Mon Jan 21 03:16:47 UTC 2019 /home/travis/build/icyphy/ptII/ptolemy/actor/lib/test/auto/LinearDifferenceEquationSystem.xml
----------------- Instantiating /home/travis/build/icyphy/ptII/ptolemy/actor/lib/test/auto/LinearDifferenceEquationSystem.xml
2 ms. Memory: 1580544K Free: 569436K (36%)
----------------- Invoking toplevel() on ptolemy.moml.MoMLSimpleApplication@179e59a1
----------------- Done invoking toplevel() on ptolemy.moml.MoMLSimpleApplication@179e59a1
reloadAllAccessors: .LinearDifferenceEquationSystem

===========================================================================================
----------------- testing Mon Jan 21 03:16:48 UTC 2019 /home/travis/build/icyphy/ptII/ptolemy/actor/lib/test/auto/LookupTable.xml
----------------- Instantiating /home/travis/build/icyphy/ptII/ptolemy/actor/lib/test/auto/LookupTable.xml
2 ms. Memory: 1580544K Free: 549673K (35%)
----------------- Invoking toplevel() on ptolemy.moml.MoMLSimpleApplication@13776759
----------------- Done invoking toplevel() on ptolemy.moml.MoMLSimpleApplication@13776759
reloadAllAccessors: .LookupTable

===========================================================================================
----------------- testing Mon Jan 21 03:16:48 UTC 2019 /home/travis/build/icyphy/ptII/ptolemy/actor/lib/test/auto/MathFunction.xml
----------------- Instantiating /home/travis/build/icyphy/ptII/ptolemy/actor/lib/test/auto/MathFunction.xml
2 ms. Memory: 1580544K Free: 521964K (33%)
----------------- Invoking toplevel() on ptolemy.moml.MoMLSimpleApplication@4980bcc3
----------------- Done invoking toplevel() on ptolemy.moml.MoMLSimpleApplication@4980bcc3
reloadAllAccessors: .MathFunction

===========================================================================================
----------------- testing Mon Jan 21 03:16:48 UTC 2019 /home/travis/build/icyphy/ptII/ptolemy/actor/lib/test/auto/MathFunction2.xml
----------------- Instantiating /home/travis/build/icyphy/ptII/ptolemy/actor/lib/test/auto/MathFunction2.xml
2 ms. Memory: 1580544K Free: 502201K (32%)
----------------- Invoking toplevel() on ptolemy.moml.MoMLSimpleApplication@5cd94875
----------------- Done invoking toplevel() on ptolemy.moml.MoMLSimpleApplication@5cd94875
reloadAllAccessors: .MathFunction2

===========================================================================================
----------------- testing Mon Jan 21 03:16:48 UTC 2019 /home/travis/build/icyphy/ptII/ptolemy/actor/lib/test/auto/MathFunction3.xml
----------------- Instantiating /home/travis/build/icyphy/ptII/ptolemy/actor/lib/test/auto/MathFunction3.xml
3 ms. Memory: 1580544K Free: 482438K (31%)
----------------- Invoking toplevel() on ptolemy.moml.MoMLSimpleApplication@2d8b0bb4
----------------- Done invoking toplevel() on ptolemy.moml.MoMLSimpleApplication@2d8b0bb4
reloadAllAccessors: .MathFunction3

===========================================================================================
----------------- testing Mon Jan 21 03:16:48 UTC 2019 /home/travis/build/icyphy/ptII/ptolemy/actor/lib/test/auto/MatrixCropBoolean.xml
----------------- Instantiating /home/travis/build/icyphy/ptII/ptolemy/actor/lib/test/auto/MatrixCropBoolean.xml
2 ms. Memory: 1580544K Free: 462674K (29%)
----------------- Invoking toplevel() on ptolemy.moml.MoMLSimpleApplication@10a354ef
----------------- Done invoking toplevel() on ptolemy.moml.MoMLSimpleApplication@10a354ef
reloadAllAccessors: .MatrixCropBoolean

===========================================================================================
----------------- testing Mon Jan 21 03:16:48 UTC 2019 /home/travis/build/icyphy/ptII/ptolemy/actor/lib/test/auto/MatrixCropComplex.xml
----------------- Instantiating /home/travis/build/icyphy/ptII/ptolemy/actor/lib/test/auto/MatrixCropComplex.xml
2 ms. Memory: 1580544K Free: 434966K (28%)
----------------- Invoking toplevel() on ptolemy.moml.MoMLSimpleApplication@18a683fc
----------------- Done invoking toplevel() on ptolemy.moml.MoMLSimpleApplication@18a683fc
reloadAllAccessors: .MatrixCropComplex

===========================================================================================
----------------- testing Mon Jan 21 03:16:48 UTC 2019 /home/travis/build/icyphy/ptII/ptolemy/actor/lib/test/auto/MatrixCropDouble.xml
----------------- Instantiating /home/travis/build/icyphy/ptII/ptolemy/actor/lib/test/auto/MatrixCropDouble.xml
2 ms. Memory: 1580544K Free: 415202K (26%)
----------------- Invoking toplevel() on ptolemy.moml.MoMLSimpleApplication@612c774f
----------------- Done invoking toplevel() on ptolemy.moml.MoMLSimpleApplication@612c774f
reloadAllAccessors: .MatrixCropDouble

===========================================================================================
----------------- testing Mon Jan 21 03:16:48 UTC 2019 /home/travis/build/icyphy/ptII/ptolemy/actor/lib/test/auto/MatrixCropFix.xml
----------------- Instantiating /home/travis/build/icyphy/ptII/ptolemy/actor/lib/test/auto/MatrixCropFix.xml
2 ms. Memory: 1580544K Free: 395439K (25%)
----------------- Invoking toplevel() on ptolemy.moml.MoMLSimpleApplication@13a2b697
----------------- Done invoking toplevel() on ptolemy.moml.MoMLSimpleApplication@13a2b697
reloadAllAccessors: .MatrixCropFix

===========================================================================================
----------------- testing Mon Jan 21 03:16:48 UTC 2019 /home/travis/build/icyphy/ptII/ptolemy/actor/lib/test/auto/MatrixCropInt.xml
----------------- Instantiating /home/travis/build/icyphy/ptII/ptolemy/actor/lib/test/auto/MatrixCropInt.xml
2 ms. Memory: 1580544K Free: 367731K (23%)
----------------- Invoking toplevel() on ptolemy.moml.MoMLSimpleApplication@1df241b3
----------------- Done invoking toplevel() on ptolemy.moml.MoMLSimpleApplication@1df241b3
reloadAllAccessors: .MatrixCropInt

===========================================================================================
----------------- testing Mon Jan 21 03:16:48 UTC 2019 /home/travis/build/icyphy/ptII/ptolemy/actor/lib/test/auto/MatrixCropLong.xml
----------------- Instantiating /home/travis/build/icyphy/ptII/ptolemy/actor/lib/test/auto/MatrixCropLong.xml
2 ms. Memory: 1580544K Free: 347967K (22%)
----------------- Invoking toplevel() on ptolemy.moml.MoMLSimpleApplication@3eec8c6f
----------------- Done invoking toplevel() on ptolemy.moml.MoMLSimpleApplication@3eec8c6f
reloadAllAccessors: .MatrixCropLong

===========================================================================================
----------------- testing Mon Jan 21 03:16:48 UTC 2019 /home/travis/build/icyphy/ptII/ptolemy/actor/lib/test/auto/MatrixToArray.xml
----------------- Instantiating /home/travis/build/icyphy/ptII/ptolemy/actor/lib/test/auto/MatrixToArray.xml
5 ms. Memory: 1580544K Free: 318307K (20%)
----------------- Invoking toplevel() on ptolemy.moml.MoMLSimpleApplication@5f1fda3a
----------------- Done invoking toplevel() on ptolemy.moml.MoMLSimpleApplication@5f1fda3a
reloadAllAccessors: .MatrixToArray

===========================================================================================
----------------- testing Mon Jan 21 03:16:48 UTC 2019 /home/travis/build/icyphy/ptII/ptolemy/actor/lib/test/auto/MaxIndex.xml
----------------- Instantiating /home/travis/build/icyphy/ptII/ptolemy/actor/lib/test/auto/MaxIndex.xml
2 ms. Memory: 1580544K Free: 298543K (19%)
----------------- Invoking toplevel() on ptolemy.moml.MoMLSimpleApplication@65836264
----------------- Done invoking toplevel() on ptolemy.moml.MoMLSimpleApplication@65836264
reloadAllAccessors: .MaxIndex

===========================================================================================
----------------- testing Mon Jan 21 03:16:48 UTC 2019 /home/travis/build/icyphy/ptII/ptolemy/actor/lib/test/auto/Maximum.xml
----------------- Instantiating /home/travis/build/icyphy/ptII/ptolemy/actor/lib/test/auto/Maximum.xml
6 ms. Memory: 1580544K Free: 270835K (17%)
----------------- Invoking toplevel() on ptolemy.moml.MoMLSimpleApplication@66b4a01e
----------------- Done invoking toplevel() on ptolemy.moml.MoMLSimpleApplication@66b4a01e
reloadAllAccessors: .Maximum

===========================================================================================
----------------- testing Mon Jan 21 03:16:48 UTC 2019 /home/travis/build/icyphy/ptII/ptolemy/actor/lib/test/auto/MaximumComplex.xml
----------------- Instantiating /home/travis/build/icyphy/ptII/ptolemy/actor/lib/test/auto/MaximumComplex.xml
8 ms. Memory: 1580544K Free: 251072K (16%)
----------------- Invoking toplevel() on ptolemy.moml.MoMLSimpleApplication@62ff4e11
----------------- Done invoking toplevel() on ptolemy.moml.MoMLSimpleApplication@62ff4e11
reloadAllAccessors: .MaximumComplex

===========================================================================================
----------------- testing Mon Jan 21 03:16:48 UTC 2019 /home/travis/build/icyphy/ptII/ptolemy/actor/lib/test/auto/MethodCallTest.xml
----------------- Instantiating /home/travis/build/icyphy/ptII/ptolemy/actor/lib/test/auto/MethodCallTest.xml
6 ms. Memory: 1580544K Free: 231308K (15%)
----------------- Invoking toplevel() on ptolemy.moml.MoMLSimpleApplication@257ac0bb
----------------- Done invoking toplevel() on ptolemy.moml.MoMLSimpleApplication@257ac0bb
reloadAllAccessors: .MethodCallTest

===========================================================================================
----------------- testing Mon Jan 21 03:16:48 UTC 2019 /home/travis/build/icyphy/ptII/ptolemy/actor/lib/test/auto/Minimum.xml
----------------- Instantiating /home/travis/build/icyphy/ptII/ptolemy/actor/lib/test/auto/Minimum.xml
11 ms. Memory: 1580544K Free: 203599K (13%)
----------------- Invoking toplevel() on ptolemy.moml.MoMLSimpleApplication@421e4947
----------------- Done invoking toplevel() on ptolemy.moml.MoMLSimpleApplication@421e4947
reloadAllAccessors: .Minimum

===========================================================================================
----------------- testing Mon Jan 21 03:16:48 UTC 2019 /home/travis/build/icyphy/ptII/ptolemy/actor/lib/test/auto/MinimumComplex.xml
----------------- Instantiating /home/travis/build/icyphy/ptII/ptolemy/actor/lib/test/auto/MinimumComplex.xml
6 ms. Memory: 1580544K Free: 183836K (12%)
----------------- Invoking toplevel() on ptolemy.moml.MoMLSimpleApplication@6f9eb425
----------------- Done invoking toplevel() on ptolemy.moml.MoMLSimpleApplication@6f9eb425
reloadAllAccessors: .MinimumComplex

===========================================================================================
----------------- testing Mon Jan 21 03:16:48 UTC 2019 /home/travis/build/icyphy/ptII/ptolemy/actor/lib/test/auto/MinimumMultiports.xml
----------------- Instantiating /home/travis/build/icyphy/ptII/ptolemy/actor/lib/test/auto/MinimumMultiports.xml
4 ms. Memory: 1580544K Free: 164073K (10%)
----------------- Invoking toplevel() on ptolemy.moml.MoMLSimpleApplication@2d5ccb80
----------------- Done invoking toplevel() on ptolemy.moml.MoMLSimpleApplication@2d5ccb80
reloadAllAccessors: .MinimumMultiports

===========================================================================================
----------------- testing Mon Jan 21 03:16:48 UTC 2019 /home/travis/build/icyphy/ptII/ptolemy/actor/lib/test/auto/ModifyDate.xml
----------------- Instantiating /home/travis/build/icyphy/ptII/ptolemy/actor/lib/test/auto/ModifyDate.xml
5 ms. Memory: 1580544K Free: 126467K (8%)
----------------- Invoking toplevel() on ptolemy.moml.MoMLSimpleApplication@3dc9485f
----------------- Done invoking toplevel() on ptolemy.moml.MoMLSimpleApplication@3dc9485f
reloadAllAccessors: .ModifyDate

===========================================================================================
----------------- testing Mon Jan 21 03:16:48 UTC 2019 /home/travis/build/icyphy/ptII/ptolemy/actor/lib/test/auto/ModifyDate2.xml
----------------- Instantiating /home/travis/build/icyphy/ptII/ptolemy/actor/lib/test/auto/ModifyDate2.xml
3 ms. Memory: 1580544K Free: 106704K (7%)
----------------- Invoking toplevel() on ptolemy.moml.MoMLSimpleApplication@f3d1831
----------------- Done invoking toplevel() on ptolemy.moml.MoMLSimpleApplication@f3d1831
reloadAllAccessors: .ModifyDate2

===========================================================================================
----------------- testing Mon Jan 21 03:16:48 UTC 2019 /home/travis/build/icyphy/ptII/ptolemy/actor/lib/test/auto/MovingAverage.xml
----------------- Instantiating /home/travis/build/icyphy/ptII/ptolemy/actor/lib/test/auto/MovingAverage.xml
2 ms. Memory: 1580544K Free: 86940K (6%)
----------------- Invoking toplevel() on ptolemy.moml.MoMLSimpleApplication@62971a88
----------------- Done invoking toplevel() on ptolemy.moml.MoMLSimpleApplication@62971a88
reloadAllAccessors: .MovingAverage

===========================================================================================
----------------- testing Mon Jan 21 03:16:48 UTC 2019 /home/travis/build/icyphy/ptII/ptolemy/actor/lib/test/auto/MovingMaximum.xml
----------------- Instantiating /home/travis/build/icyphy/ptII/ptolemy/actor/lib/test/auto/MovingMaximum.xml
2 ms. Memory: 1580544K Free: 67177K (4%)
----------------- Invoking toplevel() on ptolemy.moml.MoMLSimpleApplication@177afad5
----------------- Done invoking toplevel() on ptolemy.moml.MoMLSimpleApplication@177afad5
reloadAllAccessors: .MovingMaximum

===========================================================================================
----------------- testing Mon Jan 21 03:16:48 UTC 2019 /home/travis/build/icyphy/ptII/ptolemy/actor/lib/test/auto/MultipleLinksToSameRelation.xml
----------------- Instantiating /home/travis/build/icyphy/ptII/ptolemy/actor/lib/test/auto/MultipleLinksToSameRelation.xml
4 ms. Memory: 1766912K Free: 1711931K (97%)
----------------- Invoking toplevel() on ptolemy.moml.MoMLSimpleApplication@2a35eeff
----------------- Done invoking toplevel() on ptolemy.moml.MoMLSimpleApplication@2a35eeff
reloadAllAccessors: .MultipleLinksToSameRelation

===========================================================================================
----------------- testing Mon Jan 21 03:16:48 UTC 2019 /home/travis/build/icyphy/ptII/ptolemy/actor/lib/test/auto/MultipleLinksToSameRelationDE.xml
----------------- Instantiating /home/travis/build/icyphy/ptII/ptolemy/actor/lib/test/auto/MultipleLinksToSameRelationDE.xml
2 ms. Memory: 1766912K Free: 1682958K (95%)
----------------- Invoking toplevel() on ptolemy.moml.MoMLSimpleApplication@16592b9e
----------------- Done invoking toplevel() on ptolemy.moml.MoMLSimpleApplication@16592b9e
reloadAllAccessors: .MultipleLinksToSameRelationDE

===========================================================================================
----------------- testing Mon Jan 21 03:16:48 UTC 2019 /home/travis/build/icyphy/ptII/ptolemy/actor/lib/test/auto/Multiplexor.xml
----------------- Instantiating /home/travis/build/icyphy/ptII/ptolemy/actor/lib/test/auto/Multiplexor.xml
2 ms. Memory: 1766912K Free: 1660949K (94%)
----------------- Invoking toplevel() on ptolemy.moml.MoMLSimpleApplication@323ba9f3
----------------- Done invoking toplevel() on ptolemy.moml.MoMLSimpleApplication@323ba9f3
reloadAllAccessors: .Multiplexor

===========================================================================================
----------------- testing Mon Jan 21 03:16:48 UTC 2019 /home/travis/build/icyphy/ptII/ptolemy/actor/lib/test/auto/Multiplexor1.xml
----------------- Instantiating /home/travis/build/icyphy/ptII/ptolemy/actor/lib/test/auto/Multiplexor1.xml
1 ms. Memory: 1766912K Free: 1631975K (92%)
----------------- Invoking toplevel() on ptolemy.moml.MoMLSimpleApplication@1f1e3dde
----------------- Done invoking toplevel() on ptolemy.moml.MoMLSimpleApplication@1f1e3dde
reloadAllAccessors: .Multiplexor1

===========================================================================================
----------------- testing Mon Jan 21 03:16:48 UTC 2019 /home/travis/build/icyphy/ptII/ptolemy/actor/lib/test/auto/Multiplexor2.xml
----------------- Instantiating /home/travis/build/icyphy/ptII/ptolemy/actor/lib/test/auto/Multiplexor2.xml
2 ms. Memory: 1766912K Free: 1609966K (91%)
----------------- Invoking toplevel() on ptolemy.moml.MoMLSimpleApplication@7cce322e
----------------- Done invoking toplevel() on ptolemy.moml.MoMLSimpleApplication@7cce322e
reloadAllAccessors: .Multiplexor2

===========================================================================================
----------------- testing Mon Jan 21 03:16:48 UTC 2019 /home/travis/build/icyphy/ptII/ptolemy/actor/lib/test/auto/Multiplexor3.xml
----------------- Instantiating /home/travis/build/icyphy/ptII/ptolemy/actor/lib/test/auto/Multiplexor3.xml
1 ms. Memory: 1766912K Free: 1587812K (90%)
----------------- Invoking toplevel() on ptolemy.moml.MoMLSimpleApplication@78d39a9b
----------------- Done invoking toplevel() on ptolemy.moml.MoMLSimpleApplication@78d39a9b
reloadAllAccessors: .Multiplexor3

===========================================================================================
----------------- testing Mon Jan 21 03:16:48 UTC 2019 /home/travis/build/icyphy/ptII/ptolemy/actor/lib/test/auto/MultiplexorDE.xml
----------------- Instantiating /home/travis/build/icyphy/ptII/ptolemy/actor/lib/test/auto/MultiplexorDE.xml
2 ms. Memory: 1766912K Free: 1558839K (88%)
----------------- Invoking toplevel() on ptolemy.moml.MoMLSimpleApplication@2273e676
----------------- Done invoking toplevel() on ptolemy.moml.MoMLSimpleApplication@2273e676
reloadAllAccessors: .MultiplexorDE

===========================================================================================
----------------- testing Mon Jan 21 03:16:48 UTC 2019 /home/travis/build/icyphy/ptII/ptolemy/actor/lib/test/auto/MultiportBroadcastTest.xml
----------------- Instantiating /home/travis/build/icyphy/ptII/ptolemy/actor/lib/test/auto/MultiportBroadcastTest.xml
50 ms. Memory: 1766912K Free: 1536830K (87%)
----------------- Invoking toplevel() on ptolemy.moml.MoMLSimpleApplication@59ceb04d
----------------- Done invoking toplevel() on ptolemy.moml.MoMLSimpleApplication@59ceb04d
reloadAllAccessors: .MultiportBroadcastTest

===========================================================================================
----------------- testing Mon Jan 21 03:16:48 UTC 2019 /home/travis/build/icyphy/ptII/ptolemy/actor/lib/test/auto/MultiportOutHangDuringGetWidth.xml
----------------- Instantiating /home/travis/build/icyphy/ptII/ptolemy/actor/lib/test/auto/MultiportOutHangDuringGetWidth.xml
5 ms. Memory: 1766912K Free: 1514821K (86%)
----------------- Invoking toplevel() on ptolemy.moml.MoMLSimpleApplication@2ece54c
----------------- Done invoking toplevel() on ptolemy.moml.MoMLSimpleApplication@2ece54c
reloadAllAccessors: .MultiportOutHangDuringGetWidth

===========================================================================================
----------------- testing Mon Jan 21 03:16:48 UTC 2019 /home/travis/build/icyphy/ptII/ptolemy/actor/lib/test/auto/NilToken.xml
----------------- Instantiating /home/travis/build/icyphy/ptII/ptolemy/actor/lib/test/auto/NilToken.xml
1 ms. Memory: 1766912K Free: 1485847K (84%)
----------------- Invoking toplevel() on ptolemy.moml.MoMLSimpleApplication@1063431e
----------------- Done invoking toplevel() on ptolemy.moml.MoMLSimpleApplication@1063431e
reloadAllAccessors: .NilToken

===========================================================================================
----------------- testing Mon Jan 21 03:16:48 UTC 2019 /home/travis/build/icyphy/ptII/ptolemy/actor/lib/test/auto/NilTokenNonStrictTest.xml
----------------- Instantiating /home/travis/build/icyphy/ptII/ptolemy/actor/lib/test/auto/NilTokenNonStrictTest.xml
1 ms. Memory: 1766912K Free: 1463838K (83%)
----------------- Invoking toplevel() on ptolemy.moml.MoMLSimpleApplication@5f3a8929
----------------- Done invoking toplevel() on ptolemy.moml.MoMLSimpleApplication@5f3a8929
reloadAllAccessors: .NilTokenNonStrictTest

===========================================================================================
----------------- testing Mon Jan 21 03:16:48 UTC 2019 /home/travis/build/icyphy/ptII/ptolemy/actor/lib/test/auto/NilTokenRecord.xml
----------------- Instantiating /home/travis/build/icyphy/ptII/ptolemy/actor/lib/test/auto/NilTokenRecord.xml
4 ms. Memory: 1766912K Free: 1441829K (82%)
----------------- Invoking toplevel() on ptolemy.moml.MoMLSimpleApplication@24d7c9a5
----------------- Done invoking toplevel() on ptolemy.moml.MoMLSimpleApplication@24d7c9a5
reloadAllAccessors: .NilTokenRecord

===========================================================================================
----------------- testing Mon Jan 21 03:16:48 UTC 2019 /home/travis/build/icyphy/ptII/ptolemy/actor/lib/test/auto/NilTokenTypeTest.xml
----------------- Instantiating /home/travis/build/icyphy/ptII/ptolemy/actor/lib/test/auto/NilTokenTypeTest.xml
3 ms. Memory: 1766912K Free: 1412856K (80%)
----------------- Invoking toplevel() on ptolemy.moml.MoMLSimpleApplication@2fdcbdc4
----------------- Done invoking toplevel() on ptolemy.moml.MoMLSimpleApplication@2fdcbdc4
reloadAllAccessors: .NilTokenTypeTest

===========================================================================================
----------------- testing Mon Jan 21 03:16:48 UTC 2019 /home/travis/build/icyphy/ptII/ptolemy/actor/lib/test/auto/ObjectToken1.xml
----------------- Instantiating /home/travis/build/icyphy/ptII/ptolemy/actor/lib/test/auto/ObjectToken1.xml
1 ms. Memory: 1766912K Free: 1390846K (79%)
----------------- Invoking toplevel() on ptolemy.moml.MoMLSimpleApplication@1e327ad
----------------- Done invoking toplevel() on ptolemy.moml.MoMLSimpleApplication@1e327ad
reloadAllAccessors: .ObjectToken1

===========================================================================================
----------------- testing Mon Jan 21 03:16:48 UTC 2019 /home/travis/build/icyphy/ptII/ptolemy/actor/lib/test/auto/OrderedMerge.xml
----------------- Instantiating /home/travis/build/icyphy/ptII/ptolemy/actor/lib/test/auto/OrderedMerge.xml
5 ms. Memory: 1766912K Free: 1324819K (75%)
----------------- Invoking toplevel() on ptolemy.moml.MoMLSimpleApplication@9cab89e
----------------- Done invoking toplevel() on ptolemy.moml.MoMLSimpleApplication@9cab89e
reloadAllAccessors: .OrderedMerge

===========================================================================================
----------------- testing Mon Jan 21 03:16:48 UTC 2019 /home/travis/build/icyphy/ptII/ptolemy/actor/lib/test/auto/OrderedRecordDisassembler.xml
----------------- Instantiating /home/travis/build/icyphy/ptII/ptolemy/actor/lib/test/auto/OrderedRecordDisassembler.xml
3 ms. Memory: 1766912K Free: 1295845K (73%)
----------------- Invoking toplevel() on ptolemy.moml.MoMLSimpleApplication@7d9b035a
----------------- Done invoking toplevel() on ptolemy.moml.MoMLSimpleApplication@7d9b035a
reloadAllAccessors: .OrderedRecordDisassembler

===========================================================================================
----------------- testing Mon Jan 21 03:16:48 UTC 2019 /home/travis/build/icyphy/ptII/ptolemy/actor/lib/test/auto/OrderedRecordDisassembler2.xml
----------------- Instantiating /home/travis/build/icyphy/ptII/ptolemy/actor/lib/test/auto/OrderedRecordDisassembler2.xml
3 ms. Memory: 1766912K Free: 1273836K (72%)
----------------- Invoking toplevel() on ptolemy.moml.MoMLSimpleApplication@6c4ec1a0
----------------- Done invoking toplevel() on ptolemy.moml.MoMLSimpleApplication@6c4ec1a0
reloadAllAccessors: .OrderedRecordDisassembler2

===========================================================================================
----------------- testing Mon Jan 21 03:16:48 UTC 2019 /home/travis/build/icyphy/ptII/ptolemy/actor/lib/test/auto/OrderedRecordUpdater.xml
----------------- Instantiating /home/travis/build/icyphy/ptII/ptolemy/actor/lib/test/auto/OrderedRecordUpdater.xml
1 ms. Memory: 1766912K Free: 1251827K (71%)
----------------- Invoking toplevel() on ptolemy.moml.MoMLSimpleApplication@71973357
----------------- Done invoking toplevel() on ptolemy.moml.MoMLSimpleApplication@71973357
reloadAllAccessors: .RecordUpdater

===========================================================================================
----------------- testing Mon Jan 21 03:16:49 UTC 2019 /home/travis/build/icyphy/ptII/ptolemy/actor/lib/test/auto/OrderedRecordUpdater2.xml
----------------- Instantiating /home/travis/build/icyphy/ptII/ptolemy/actor/lib/test/auto/OrderedRecordUpdater2.xml
2 ms. Memory: 1766912K Free: 1222853K (69%)
----------------- Invoking toplevel() on ptolemy.moml.MoMLSimpleApplication@478479e3
----------------- Done invoking toplevel() on ptolemy.moml.MoMLSimpleApplication@478479e3
reloadAllAccessors: .RecordUpdater2

===========================================================================================
----------------- testing Mon Jan 21 03:16:49 UTC 2019 /home/travis/build/icyphy/ptII/ptolemy/actor/lib/test/auto/PhaseUnwrap.xml
----------------- Instantiating /home/travis/build/icyphy/ptII/ptolemy/actor/lib/test/auto/PhaseUnwrap.xml
1 ms. Memory: 1766912K Free: 1200844K (68%)
----------------- Invoking toplevel() on ptolemy.moml.MoMLSimpleApplication@316ce5b6
----------------- Done invoking toplevel() on ptolemy.moml.MoMLSimpleApplication@316ce5b6
reloadAllAccessors: .PhaseUnwrap

===========================================================================================
----------------- testing Mon Jan 21 03:16:49 UTC 2019 /home/travis/build/icyphy/ptII/ptolemy/actor/lib/test/auto/PoissonClock.xml
----------------- Instantiating /home/travis/build/icyphy/ptII/ptolemy/actor/lib/test/auto/PoissonClock.xml
1 ms. Memory: 1766912K Free: 1178835K (67%)
----------------- Invoking toplevel() on ptolemy.moml.MoMLSimpleApplication@246d07a4
----------------- Done invoking toplevel() on ptolemy.moml.MoMLSimpleApplication@246d07a4
reloadAllAccessors: .PoissonClock

===========================================================================================
----------------- testing Mon Jan 21 03:16:49 UTC 2019 /home/travis/build/icyphy/ptII/ptolemy/actor/lib/test/auto/PoissonClock2.xml
----------------- Instantiating /home/travis/build/icyphy/ptII/ptolemy/actor/lib/test/auto/PoissonClock2.xml
1 ms. Memory: 1766912K Free: 1149861K (65%)
----------------- Invoking toplevel() on ptolemy.moml.MoMLSimpleApplication@5ca85cd4
----------------- Done invoking toplevel() on ptolemy.moml.MoMLSimpleApplication@5ca85cd4
reloadAllAccessors: .PoissonClock2

===========================================================================================
----------------- testing Mon Jan 21 03:16:49 UTC 2019 /home/travis/build/icyphy/ptII/ptolemy/actor/lib/test/auto/PoissonClock3.xml
----------------- Instantiating /home/travis/build/icyphy/ptII/ptolemy/actor/lib/test/auto/PoissonClock3.xml
1 ms. Memory: 1766912K Free: 1127852K (64%)
----------------- Invoking toplevel() on ptolemy.moml.MoMLSimpleApplication@544c2194
----------------- Done invoking toplevel() on ptolemy.moml.MoMLSimpleApplication@544c2194
reloadAllAccessors: .PoissonClock3

===========================================================================================
----------------- testing Mon Jan 21 03:16:49 UTC 2019 /home/travis/build/icyphy/ptII/ptolemy/actor/lib/test/auto/PubSubWithInitialTokens.xml
----------------- Instantiating /home/travis/build/icyphy/ptII/ptolemy/actor/lib/test/auto/PubSubWithInitialTokens.xml
2 ms. Memory: 1766912K Free: 1105843K (63%)
----------------- Invoking toplevel() on ptolemy.moml.MoMLSimpleApplication@23650bd8
----------------- Done invoking toplevel() on ptolemy.moml.MoMLSimpleApplication@23650bd8
reloadAllAccessors: .PubSubWithInitialTokens

===========================================================================================
----------------- testing Mon Jan 21 03:16:49 UTC 2019 /home/travis/build/icyphy/ptII/ptolemy/actor/lib/test/auto/PubSubWithInitialTokens2.xml
----------------- Instantiating /home/travis/build/icyphy/ptII/ptolemy/actor/lib/test/auto/PubSubWithInitialTokens2.xml
2 ms. Memory: 1766912K Free: 1076870K (61%)
----------------- Invoking toplevel() on ptolemy.moml.MoMLSimpleApplication@24c7352d
----------------- Done invoking toplevel() on ptolemy.moml.MoMLSimpleApplication@24c7352d
reloadAllAccessors: .PubSubWithInitialTokens2

===========================================================================================
----------------- testing Mon Jan 21 03:16:49 UTC 2019 /home/travis/build/icyphy/ptII/ptolemy/actor/lib/test/auto/PublisherClassNoParameter.xml
----------------- Instantiating /home/travis/build/icyphy/ptII/ptolemy/actor/lib/test/auto/PublisherClassNoParameter.xml
2 ms. Memory: 1766912K Free: 1054860K (60%)
----------------- Invoking toplevel() on ptolemy.moml.MoMLSimpleApplication@6202cec3
----------------- Done invoking toplevel() on ptolemy.moml.MoMLSimpleApplication@6202cec3
reloadAllAccessors: .PublisherClassNoParameter

===========================================================================================
----------------- testing Mon Jan 21 03:16:49 UTC 2019 /home/travis/build/icyphy/ptII/ptolemy/actor/lib/test/auto/PublisherClassParameter.xml
----------------- Instantiating /home/travis/build/icyphy/ptII/ptolemy/actor/lib/test/auto/PublisherClassParameter.xml
2 ms. Memory: 1766912K Free: 1032851K (58%)
----------------- Invoking toplevel() on ptolemy.moml.MoMLSimpleApplication@3e541469
----------------- Done invoking toplevel() on ptolemy.moml.MoMLSimpleApplication@3e541469
reloadAllAccessors: .PublisherClassParameter

===========================================================================================
----------------- testing Mon Jan 21 03:16:49 UTC 2019 /home/travis/build/icyphy/ptII/ptolemy/actor/lib/test/auto/PublisherNonStrictTest.xml
----------------- Instantiating /home/travis/build/icyphy/ptII/ptolemy/actor/lib/test/auto/PublisherNonStrictTest.xml
2 ms. Memory: 1766912K Free: 1003878K (57%)
----------------- Invoking toplevel() on ptolemy.moml.MoMLSimpleApplication@4a8d4b0
----------------- Done invoking toplevel() on ptolemy.moml.MoMLSimpleApplication@4a8d4b0
reloadAllAccessors: .PublisherNonStrictTest

===========================================================================================
----------------- testing Mon Jan 21 03:16:49 UTC 2019 /home/travis/build/icyphy/ptII/ptolemy/actor/lib/test/auto/PublisherPort1.xml
----------------- Instantiating /home/travis/build/icyphy/ptII/ptolemy/actor/lib/test/auto/PublisherPort1.xml
2 ms. Memory: 1766912K Free: 981868K (56%)
----------------- Invoking toplevel() on ptolemy.moml.MoMLSimpleApplication@49b679f0
----------------- Done invoking toplevel() on ptolemy.moml.MoMLSimpleApplication@49b679f0
reloadAllAccessors: .PublisherPort1

===========================================================================================
----------------- testing Mon Jan 21 03:16:49 UTC 2019 /home/travis/build/icyphy/ptII/ptolemy/actor/lib/test/auto/PublisherPort2.xml
----------------- Instantiating /home/travis/build/icyphy/ptII/ptolemy/actor/lib/test/auto/PublisherPort2.xml
2 ms. Memory: 1766912K Free: 959859K (54%)
----------------- Invoking toplevel() on ptolemy.moml.MoMLSimpleApplication@20de921f
----------------- Done invoking toplevel() on ptolemy.moml.MoMLSimpleApplication@20de921f
reloadAllAccessors: .PublisherPort2

===========================================================================================
----------------- testing Mon Jan 21 03:16:49 UTC 2019 /home/travis/build/icyphy/ptII/ptolemy/actor/lib/test/auto/PublisherPort3.xml
----------------- Instantiating /home/travis/build/icyphy/ptII/ptolemy/actor/lib/test/auto/PublisherPort3.xml
3 ms. Memory: 1766912K Free: 930886K (53%)
----------------- Invoking toplevel() on ptolemy.moml.MoMLSimpleApplication@236f5f15
----------------- Done invoking toplevel() on ptolemy.moml.MoMLSimpleApplication@236f5f15
reloadAllAccessors: .PublisherPort3

===========================================================================================
----------------- testing Mon Jan 21 03:16:49 UTC 2019 /home/travis/build/icyphy/ptII/ptolemy/actor/lib/test/auto/PublisherPort4.xml
----------------- Instantiating /home/travis/build/icyphy/ptII/ptolemy/actor/lib/test/auto/PublisherPort4.xml
2 ms. Memory: 1766912K Free: 908877K (51%)
----------------- Invoking toplevel() on ptolemy.moml.MoMLSimpleApplication@28c3a003
----------------- Done invoking toplevel() on ptolemy.moml.MoMLSimpleApplication@28c3a003
reloadAllAccessors: .PublisherPort4

===========================================================================================
----------------- testing Mon Jan 21 03:16:49 UTC 2019 /home/travis/build/icyphy/ptII/ptolemy/actor/lib/test/auto/PublisherPort5.xml
----------------- Instantiating /home/travis/build/icyphy/ptII/ptolemy/actor/lib/test/auto/PublisherPort5.xml
3 ms. Memory: 1766912K Free: 886868K (50%)
----------------- Invoking toplevel() on ptolemy.moml.MoMLSimpleApplication@66bba2ed
----------------- Done invoking toplevel() on ptolemy.moml.MoMLSimpleApplication@66bba2ed
reloadAllAccessors: .PublisherPort5

===========================================================================================
----------------- testing Mon Jan 21 03:16:49 UTC 2019 /home/travis/build/icyphy/ptII/ptolemy/actor/lib/test/auto/PublisherPort5LookAlike.xml
----------------- Instantiating /home/travis/build/icyphy/ptII/ptolemy/actor/lib/test/auto/PublisherPort5LookAlike.xml
3 ms. Memory: 1766912K Free: 857894K (49%)
----------------- Invoking toplevel() on ptolemy.moml.MoMLSimpleApplication@1859bcf5
----------------- Done invoking toplevel() on ptolemy.moml.MoMLSimpleApplication@1859bcf5
reloadAllAccessors: .PublisherPort5LookAlike

===========================================================================================
----------------- testing Mon Jan 21 03:16:49 UTC 2019 /home/travis/build/icyphy/ptII/ptolemy/actor/lib/test/auto/PublisherPort6.xml
----------------- Instantiating /home/travis/build/icyphy/ptII/ptolemy/actor/lib/test/auto/PublisherPort6.xml
2 ms. Memory: 1766912K Free: 835885K (47%)
----------------- Invoking toplevel() on ptolemy.moml.MoMLSimpleApplication@56e3d565
----------------- Done invoking toplevel() on ptolemy.moml.MoMLSimpleApplication@56e3d565
reloadAllAccessors: .PublisherPort6

===========================================================================================
----------------- testing Mon Jan 21 03:16:49 UTC 2019 /home/travis/build/icyphy/ptII/ptolemy/actor/lib/test/auto/PublisherPort7.xml
----------------- Instantiating /home/travis/build/icyphy/ptII/ptolemy/actor/lib/test/auto/PublisherPort7.xml
3 ms. Memory: 1766912K Free: 813875K (46%)
----------------- Invoking toplevel() on ptolemy.moml.MoMLSimpleApplication@7bdabd5b
----------------- Done invoking toplevel() on ptolemy.moml.MoMLSimpleApplication@7bdabd5b
reloadAllAccessors: .PublisherPort7

===========================================================================================
----------------- testing Mon Jan 21 03:16:49 UTC 2019 /home/travis/build/icyphy/ptII/ptolemy/actor/lib/test/auto/PublisherPort8.xml
----------------- Instantiating /home/travis/build/icyphy/ptII/ptolemy/actor/lib/test/auto/PublisherPort8.xml
4 ms. Memory: 1766912K Free: 784902K (44%)
----------------- Invoking toplevel() on ptolemy.moml.MoMLSimpleApplication@5df34cdd
----------------- Done invoking toplevel() on ptolemy.moml.MoMLSimpleApplication@5df34cdd
reloadAllAccessors: .PublisherPort8

===========================================================================================
----------------- testing Mon Jan 21 03:16:49 UTC 2019 /home/travis/build/icyphy/ptII/ptolemy/actor/lib/test/auto/PublisherPortSubscriberChannelVariablesAOC2.xml
----------------- Instantiating /home/travis/build/icyphy/ptII/ptolemy/actor/lib/test/auto/PublisherPortSubscriberChannelVariablesAOC2.xml
4 ms. Memory: 1766912K Free: 751872K (43%)
----------------- Invoking toplevel() on ptolemy.moml.MoMLSimpleApplication@3cdf69d
----------------- Done invoking toplevel() on ptolemy.moml.MoMLSimpleApplication@3cdf69d
reloadAllAccessors: .PublisherPortSubscriberChannelVariablesAOC2

===========================================================================================
----------------- testing Mon Jan 21 03:16:49 UTC 2019 /home/travis/build/icyphy/ptII/ptolemy/actor/lib/test/auto/PublisherPortSubscriberOpaqueWidthInference.xml
----------------- Instantiating /home/travis/build/icyphy/ptII/ptolemy/actor/lib/test/auto/PublisherPortSubscriberOpaqueWidthInference.xml
3 ms. Memory: 1766912K Free: 729863K (41%)
----------------- Invoking toplevel() on ptolemy.moml.MoMLSimpleApplication@2b11d2e1
----------------- Done invoking toplevel() on ptolemy.moml.MoMLSimpleApplication@2b11d2e1
reloadAllAccessors: .PublisherPortSubscriberOpaqueWidthInference

===========================================================================================
----------------- testing Mon Jan 21 03:16:49 UTC 2019 /home/travis/build/icyphy/ptII/ptolemy/actor/lib/test/auto/PublisherPortSubscriberPortAdjacent.xml
----------------- Instantiating /home/travis/build/icyphy/ptII/ptolemy/actor/lib/test/auto/PublisherPortSubscriberPortAdjacent.xml
2 ms. Memory: 1766912K Free: 700889K (40%)
----------------- Invoking toplevel() on ptolemy.moml.MoMLSimpleApplication@3bc45e6f
----------------- Done invoking toplevel() on ptolemy.moml.MoMLSimpleApplication@3bc45e6f
reloadAllAccessors: .PublisherPortSubscriberPortAdjacent

===========================================================================================
----------------- testing Mon Jan 21 03:16:49 UTC 2019 /home/travis/build/icyphy/ptII/ptolemy/actor/lib/test/auto/PublisherPortSubscriberPortExpression.xml
----------------- Instantiating /home/travis/build/icyphy/ptII/ptolemy/actor/lib/test/auto/PublisherPortSubscriberPortExpression.xml
3 ms. Memory: 1766912K Free: 678880K (38%)
----------------- Invoking toplevel() on ptolemy.moml.MoMLSimpleApplication@73151601
----------------- Done invoking toplevel() on ptolemy.moml.MoMLSimpleApplication@73151601
reloadAllAccessors: .PublisherPortSubscriberPortExpression

===========================================================================================
----------------- testing Mon Jan 21 03:16:49 UTC 2019 /home/travis/build/icyphy/ptII/ptolemy/actor/lib/test/auto/PublisherPortSubscriberPortOpaqueD3Reverse.xml
----------------- Instantiating /home/travis/build/icyphy/ptII/ptolemy/actor/lib/test/auto/PublisherPortSubscriberPortOpaqueD3Reverse.xml
6 ms. Memory: 1766912K Free: 649907K (37%)
----------------- Invoking toplevel() on ptolemy.moml.MoMLSimpleApplication@656735bb
----------------- Done invoking toplevel() on ptolemy.moml.MoMLSimpleApplication@656735bb
reloadAllAccessors: .PublisherPortSubscriberPortOpaqueD3Reverse

===========================================================================================
----------------- testing Mon Jan 21 03:16:49 UTC 2019 /home/travis/build/icyphy/ptII/ptolemy/actor/lib/test/auto/PublisherPortSubscriberPortOpaqueWidthInference.xml
----------------- Instantiating /home/travis/build/icyphy/ptII/ptolemy/actor/lib/test/auto/PublisherPortSubscriberPortOpaqueWidthInference.xml
3 ms. Memory: 1766912K Free: 627898K (36%)
----------------- Invoking toplevel() on ptolemy.moml.MoMLSimpleApplication@8cab5a0
----------------- Done invoking toplevel() on ptolemy.moml.MoMLSimpleApplication@8cab5a0
reloadAllAccessors: .PublisherPortSubscriberPortOpaqueWidthInference

===========================================================================================
----------------- testing Mon Jan 21 03:16:49 UTC 2019 /home/travis/build/icyphy/ptII/ptolemy/actor/lib/test/auto/PublisherPortToplevelSubscriberPortAOC.xml
----------------- Instantiating /home/travis/build/icyphy/ptII/ptolemy/actor/lib/test/auto/PublisherPortToplevelSubscriberPortAOC.xml
.PublisherPortToplevelSubscriberPortAOC.TestExceptionAttribute: initialize() was not invoked, but wrapup() was.  This is unusual, but not always a problem.  For example, exporting JNLP will do this.
0 ms. Memory: 1766912K Free: 605888K (34%)
----------------- Invoking toplevel() on ptolemy.moml.MoMLSimpleApplication@4a911e59
----------------- Done invoking toplevel() on ptolemy.moml.MoMLSimpleApplication@4a911e59
reloadAllAccessors: .PublisherPortToplevelSubscriberPortAOC

===========================================================================================
----------------- testing Mon Jan 21 03:16:49 UTC 2019 /home/travis/build/icyphy/ptII/ptolemy/actor/lib/test/auto/PublisherSubscriber.xml
----------------- Instantiating /home/travis/build/icyphy/ptII/ptolemy/actor/lib/test/auto/PublisherSubscriber.xml
2 ms. Memory: 1766912K Free: 576915K (33%)
----------------- Invoking toplevel() on ptolemy.moml.MoMLSimpleApplication@492b2f33
----------------- Done invoking toplevel() on ptolemy.moml.MoMLSimpleApplication@492b2f33
reloadAllAccessors: .PublisherSubscriber

===========================================================================================
----------------- testing Mon Jan 21 03:16:49 UTC 2019 /home/travis/build/icyphy/ptII/ptolemy/actor/lib/test/auto/PublisherSubscriber10.xml
----------------- Instantiating /home/travis/build/icyphy/ptII/ptolemy/actor/lib/test/auto/PublisherSubscriber10.xml
4 ms. Memory: 1766912K Free: 554906K (31%)
----------------- Invoking toplevel() on ptolemy.moml.MoMLSimpleApplication@50ad3b32
----------------- Done invoking toplevel() on ptolemy.moml.MoMLSimpleApplication@50ad3b32
reloadAllAccessors: .PublisherSubscriber10

===========================================================================================
----------------- testing Mon Jan 21 03:16:49 UTC 2019 /home/travis/build/icyphy/ptII/ptolemy/actor/lib/test/auto/PublisherSubscriber10InitialOutputs.xml
----------------- Instantiating /home/travis/build/icyphy/ptII/ptolemy/actor/lib/test/auto/PublisherSubscriber10InitialOutputs.xml
5 ms. Memory: 1766912K Free: 532897K (30%)
----------------- Invoking toplevel() on ptolemy.moml.MoMLSimpleApplication@1655900a
----------------- Done invoking toplevel() on ptolemy.moml.MoMLSimpleApplication@1655900a
reloadAllAccessors: .PublisherSubscriber10InitialOutputs

===========================================================================================
----------------- testing Mon Jan 21 03:16:49 UTC 2019 /home/travis/build/icyphy/ptII/ptolemy/actor/lib/test/auto/PublisherSubscriber11.xml
----------------- Instantiating /home/travis/build/icyphy/ptII/ptolemy/actor/lib/test/auto/PublisherSubscriber11.xml
6 ms. Memory: 1766912K Free: 503923K (29%)
----------------- Invoking toplevel() on ptolemy.moml.MoMLSimpleApplication@5104d086
----------------- Done invoking toplevel() on ptolemy.moml.MoMLSimpleApplication@5104d086
reloadAllAccessors: .PublisherSubscriber11

===========================================================================================
----------------- testing Mon Jan 21 03:16:49 UTC 2019 /home/travis/build/icyphy/ptII/ptolemy/actor/lib/test/auto/PublisherSubscriber12.xml
----------------- Instantiating /home/travis/build/icyphy/ptII/ptolemy/actor/lib/test/auto/PublisherSubscriber12.xml
5 ms. Memory: 1766912K Free: 481914K (27%)
----------------- Invoking toplevel() on ptolemy.moml.MoMLSimpleApplication@3545f60f
----------------- Done invoking toplevel() on ptolemy.moml.MoMLSimpleApplication@3545f60f
reloadAllAccessors: .PublisherSubscriber12

===========================================================================================
----------------- testing Mon Jan 21 03:16:49 UTC 2019 /home/travis/build/icyphy/ptII/ptolemy/actor/lib/test/auto/PublisherSubscriber13.xml
----------------- Instantiating /home/travis/build/icyphy/ptII/ptolemy/actor/lib/test/auto/PublisherSubscriber13.xml
3 ms. Memory: 1766912K Free: 459905K (26%)
----------------- Invoking toplevel() on ptolemy.moml.MoMLSimpleApplication@5f297d02
----------------- Done invoking toplevel() on ptolemy.moml.MoMLSimpleApplication@5f297d02
reloadAllAccessors: .PublisherSubscriber13

===========================================================================================
----------------- testing Mon Jan 21 03:16:49 UTC 2019 /home/travis/build/icyphy/ptII/ptolemy/actor/lib/test/auto/PublisherSubscriber14.xml
----------------- Instantiating /home/travis/build/icyphy/ptII/ptolemy/actor/lib/test/auto/PublisherSubscriber14.xml
3 ms. Memory: 1766912K Free: 430931K (24%)
----------------- Invoking toplevel() on ptolemy.moml.MoMLSimpleApplication@1d6584f9
----------------- Done invoking toplevel() on ptolemy.moml.MoMLSimpleApplication@1d6584f9
reloadAllAccessors: .PublisherSubscriber14

===========================================================================================
----------------- testing Mon Jan 21 03:16:49 UTC 2019 /home/travis/build/icyphy/ptII/ptolemy/actor/lib/test/auto/PublisherSubscriber2.xml
----------------- Instantiating /home/travis/build/icyphy/ptII/ptolemy/actor/lib/test/auto/PublisherSubscriber2.xml
2 ms. Memory: 1766912K Free: 408922K (23%)
----------------- Invoking toplevel() on ptolemy.moml.MoMLSimpleApplication@32bd3e16
----------------- Done invoking toplevel() on ptolemy.moml.MoMLSimpleApplication@32bd3e16
reloadAllAccessors: .PublisherSubscriber2

===========================================================================================
----------------- testing Mon Jan 21 03:16:49 UTC 2019 /home/travis/build/icyphy/ptII/ptolemy/actor/lib/test/auto/PublisherSubscriber3.xml
----------------- Instantiating /home/travis/build/icyphy/ptII/ptolemy/actor/lib/test/auto/PublisherSubscriber3.xml
1 ms. Memory: 1766912K Free: 386913K (22%)
----------------- Invoking toplevel() on ptolemy.moml.MoMLSimpleApplication@6ef06890
----------------- Done invoking toplevel() on ptolemy.moml.MoMLSimpleApplication@6ef06890
reloadAllAccessors: .PublisherSubscriber3

===========================================================================================
----------------- testing Mon Jan 21 03:16:49 UTC 2019 /home/travis/build/icyphy/ptII/ptolemy/actor/lib/test/auto/PublisherSubscriber4.xml
----------------- Instantiating /home/travis/build/icyphy/ptII/ptolemy/actor/lib/test/auto/PublisherSubscriber4.xml
2 ms. Memory: 1766912K Free: 357940K (20%)
----------------- Invoking toplevel() on ptolemy.moml.MoMLSimpleApplication@5bab63fe
----------------- Done invoking toplevel() on ptolemy.moml.MoMLSimpleApplication@5bab63fe
reloadAllAccessors: .PublisherSubscriber4

===========================================================================================
----------------- testing Mon Jan 21 03:16:49 UTC 2019 /home/travis/build/icyphy/ptII/ptolemy/actor/lib/test/auto/PublisherSubscriber5.xml
----------------- Instantiating /home/travis/build/icyphy/ptII/ptolemy/actor/lib/test/auto/PublisherSubscriber5.xml
2 ms. Memory: 1766912K Free: 335930K (19%)
----------------- Invoking toplevel() on ptolemy.moml.MoMLSimpleApplication@533b8b7d
----------------- Done invoking toplevel() on ptolemy.moml.MoMLSimpleApplication@533b8b7d
reloadAllAccessors: .PublisherSubscriber5

===========================================================================================
----------------- testing Mon Jan 21 03:16:49 UTC 2019 /home/travis/build/icyphy/ptII/ptolemy/actor/lib/test/auto/PublisherSubscriber6.xml
----------------- Instantiating /home/travis/build/icyphy/ptII/ptolemy/actor/lib/test/auto/PublisherSubscriber6.xml
3 ms. Memory: 1766912K Free: 313921K (18%)
----------------- Invoking toplevel() on ptolemy.moml.MoMLSimpleApplication@2b4eaf91
----------------- Done invoking toplevel() on ptolemy.moml.MoMLSimpleApplication@2b4eaf91
reloadAllAccessors: .PublisherSubscriber6

===========================================================================================
----------------- testing Mon Jan 21 03:16:49 UTC 2019 /home/travis/build/icyphy/ptII/ptolemy/actor/lib/test/auto/PublisherSubscriber7.xml
----------------- Instantiating /home/travis/build/icyphy/ptII/ptolemy/actor/lib/test/auto/PublisherSubscriber7.xml
2 ms. Memory: 1766912K Free: 284948K (16%)
----------------- Invoking toplevel() on ptolemy.moml.MoMLSimpleApplication@6409585
----------------- Done invoking toplevel() on ptolemy.moml.MoMLSimpleApplication@6409585
reloadAllAccessors: .PublisherSubscriber7

===========================================================================================
----------------- testing Mon Jan 21 03:16:49 UTC 2019 /home/travis/build/icyphy/ptII/ptolemy/actor/lib/test/auto/PublisherSubscriber8.xml
----------------- Instantiating /home/travis/build/icyphy/ptII/ptolemy/actor/lib/test/auto/PublisherSubscriber8.xml
12 ms. Memory: 1766912K Free: 152892K (9%)
----------------- Invoking toplevel() on ptolemy.moml.MoMLSimpleApplication@58ff9d5e
----------------- Done invoking toplevel() on ptolemy.moml.MoMLSimpleApplication@58ff9d5e
reloadAllAccessors: .PublisherSubscriber8

===========================================================================================
----------------- testing Mon Jan 21 03:16:49 UTC 2019 /home/travis/build/icyphy/ptII/ptolemy/actor/lib/test/auto/PublisherSubscriber9.xml
----------------- Instantiating /home/travis/build/icyphy/ptII/ptolemy/actor/lib/test/auto/PublisherSubscriber9.xml
3 ms. Memory: 1766912K Free: 130883K (7%)
----------------- Invoking toplevel() on ptolemy.moml.MoMLSimpleApplication@4a01bb8c
----------------- Done invoking toplevel() on ptolemy.moml.MoMLSimpleApplication@4a01bb8c
reloadAllAccessors: .PublisherSubscriber9

===========================================================================================
----------------- testing Mon Jan 21 03:16:49 UTC 2019 /home/travis/build/icyphy/ptII/ptolemy/actor/lib/test/auto/PublisherSubscriberAdjacent.xml
----------------- Instantiating /home/travis/build/icyphy/ptII/ptolemy/actor/lib/test/auto/PublisherSubscriberAdjacent.xml
2 ms. Memory: 1766912K Free: 101909K (6%)
----------------- Invoking toplevel() on ptolemy.moml.MoMLSimpleApplication@3cde552d
----------------- Done invoking toplevel() on ptolemy.moml.MoMLSimpleApplication@3cde552d
reloadAllAccessors: .PublisherSubscriberAdjacent

===========================================================================================
----------------- testing Mon Jan 21 03:16:49 UTC 2019 /home/travis/build/icyphy/ptII/ptolemy/actor/lib/test/auto/PublisherSubscriberChannelVariablesAOC2.xml
----------------- Instantiating /home/travis/build/icyphy/ptII/ptolemy/actor/lib/test/auto/PublisherSubscriberChannelVariablesAOC2.xml
3 ms. Memory: 1766912K Free: 77750K (4%)
----------------- Invoking toplevel() on ptolemy.moml.MoMLSimpleApplication@4cad9c11
----------------- Done invoking toplevel() on ptolemy.moml.MoMLSimpleApplication@4cad9c11
reloadAllAccessors: .PublisherSubscriberChannelVariablesAOC2

===========================================================================================
----------------- testing Mon Jan 21 03:16:49 UTC 2019 /home/travis/build/icyphy/ptII/ptolemy/actor/lib/test/auto/PublisherSubscriberD3.xml
----------------- Instantiating /home/travis/build/icyphy/ptII/ptolemy/actor/lib/test/auto/PublisherSubscriberD3.xml
2 ms. Memory: 1783296K Free: 1727883K (97%)
----------------- Invoking toplevel() on ptolemy.moml.MoMLSimpleApplication@43d28826
----------------- Done invoking toplevel() on ptolemy.moml.MoMLSimpleApplication@43d28826
reloadAllAccessors: .PublisherSubscriberD3

===========================================================================================
----------------- testing Mon Jan 21 03:16:49 UTC 2019 /home/travis/build/icyphy/ptII/ptolemy/actor/lib/test/auto/PublisherSubscriberD3Reverse.xml
----------------- Instantiating /home/travis/build/icyphy/ptII/ptolemy/actor/lib/test/auto/PublisherSubscriberD3Reverse.xml
1 ms. Memory: 1783296K Free: 1700054K (95%)
----------------- Invoking toplevel() on ptolemy.moml.MoMLSimpleApplication@5eb02d19
----------------- Done invoking toplevel() on ptolemy.moml.MoMLSimpleApplication@5eb02d19
reloadAllAccessors: .PublisherSubscriberD3Reverse

===========================================================================================
----------------- testing Mon Jan 21 03:16:49 UTC 2019 /home/travis/build/icyphy/ptII/ptolemy/actor/lib/test/auto/PublisherSubscriberExpression.xml
----------------- Instantiating /home/travis/build/icyphy/ptII/ptolemy/actor/lib/test/auto/PublisherSubscriberExpression.xml
3 ms. Memory: 1783296K Free: 1677799K (94%)
----------------- Invoking toplevel() on ptolemy.moml.MoMLSimpleApplication@419ace09
----------------- Done invoking toplevel() on ptolemy.moml.MoMLSimpleApplication@419ace09
reloadAllAccessors: .PublisherSubscriberExpression

===========================================================================================
----------------- testing Mon Jan 21 03:16:49 UTC 2019 /home/travis/build/icyphy/ptII/ptolemy/actor/lib/test/auto/PublisherSubscriberOpaque.xml
----------------- Instantiating /home/travis/build/icyphy/ptII/ptolemy/actor/lib/test/auto/PublisherSubscriberOpaque.xml
3 ms. Memory: 1783296K Free: 1649970K (93%)
----------------- Invoking toplevel() on ptolemy.moml.MoMLSimpleApplication@14dc5b43
----------------- Done invoking toplevel() on ptolemy.moml.MoMLSimpleApplication@14dc5b43
reloadAllAccessors: .PublisherSubscriberOpaque

===========================================================================================
----------------- testing Mon Jan 21 03:16:49 UTC 2019 /home/travis/build/icyphy/ptII/ptolemy/actor/lib/test/auto/PublisherSubscriberOpaqueD3.xml
----------------- Instantiating /home/travis/build/icyphy/ptII/ptolemy/actor/lib/test/auto/PublisherSubscriberOpaqueD3.xml
5 ms. Memory: 1783296K Free: 1627715K (91%)
----------------- Invoking toplevel() on ptolemy.moml.MoMLSimpleApplication@70f9937
----------------- Done invoking toplevel() on ptolemy.moml.MoMLSimpleApplication@70f9937
reloadAllAccessors: .PublisherSubscriberOpaqueD3

===========================================================================================
----------------- testing Mon Jan 21 03:16:50 UTC 2019 /home/travis/build/icyphy/ptII/ptolemy/actor/lib/test/auto/PublisherSubscriberOpaqueD3Reverse.xml
----------------- Instantiating /home/travis/build/icyphy/ptII/ptolemy/actor/lib/test/auto/PublisherSubscriberOpaqueD3Reverse.xml
4 ms. Memory: 1783296K Free: 1599790K (90%)
----------------- Invoking toplevel() on ptolemy.moml.MoMLSimpleApplication@724aa139
----------------- Done invoking toplevel() on ptolemy.moml.MoMLSimpleApplication@724aa139
reloadAllAccessors: .PublisherSubscriberOpaqueD3Reverse

===========================================================================================
----------------- testing Mon Jan 21 03:16:50 UTC 2019 /home/travis/build/icyphy/ptII/ptolemy/actor/lib/test/auto/PublisherSubscriberOpaqueWidthInference.xml
----------------- Instantiating /home/travis/build/icyphy/ptII/ptolemy/actor/lib/test/auto/PublisherSubscriberOpaqueWidthInference.xml
3 ms. Memory: 1783296K Free: 1577535K (88%)
----------------- Invoking toplevel() on ptolemy.moml.MoMLSimpleApplication@134df5c7
----------------- Done invoking toplevel() on ptolemy.moml.MoMLSimpleApplication@134df5c7
reloadAllAccessors: .PublisherSubscriberOpaqueWidthInference

===========================================================================================
----------------- testing Mon Jan 21 03:16:50 UTC 2019 /home/travis/build/icyphy/ptII/ptolemy/actor/lib/test/auto/PublisherTestSubscriber.xml
----------------- Instantiating /home/travis/build/icyphy/ptII/ptolemy/actor/lib/test/auto/PublisherTestSubscriber.xml
3 ms. Memory: 1783296K Free: 1555280K (87%)
----------------- Invoking toplevel() on ptolemy.moml.MoMLSimpleApplication@406f0aa2
----------------- Done invoking toplevel() on ptolemy.moml.MoMLSimpleApplication@406f0aa2
reloadAllAccessors: .PublisherTestSubscriber

===========================================================================================
----------------- testing Mon Jan 21 03:16:50 UTC 2019 /home/travis/build/icyphy/ptII/ptolemy/actor/lib/test/auto/PublisherToplevelSubscriberPortAOC.xml
----------------- Instantiating /home/travis/build/icyphy/ptII/ptolemy/actor/lib/test/auto/PublisherToplevelSubscriberPortAOC.xml
1 ms. Memory: 1783296K Free: 1527451K (86%)
----------------- Invoking toplevel() on ptolemy.moml.MoMLSimpleApplication@608d5708
----------------- Done invoking toplevel() on ptolemy.moml.MoMLSimpleApplication@608d5708
reloadAllAccessors: .PublisherToplevelSubscriberPortAOC

===========================================================================================
----------------- testing Mon Jan 21 03:16:50 UTC 2019 /home/travis/build/icyphy/ptII/ptolemy/actor/lib/test/auto/PulseFiringLimitDE.xml
----------------- Instantiating /home/travis/build/icyphy/ptII/ptolemy/actor/lib/test/auto/PulseFiringLimitDE.xml
2 ms. Memory: 1783296K Free: 1505196K (84%)
----------------- Invoking toplevel() on ptolemy.moml.MoMLSimpleApplication@3a4fd01f
----------------- Done invoking toplevel() on ptolemy.moml.MoMLSimpleApplication@3a4fd01f
reloadAllAccessors: .PulseFiringLimitDE

===========================================================================================
----------------- testing Mon Jan 21 03:16:50 UTC 2019 /home/travis/build/icyphy/ptII/ptolemy/actor/lib/test/auto/Ramp1.xml
----------------- Instantiating /home/travis/build/icyphy/ptII/ptolemy/actor/lib/test/auto/Ramp1.xml
1 ms. Memory: 1783296K Free: 1477366K (83%)
----------------- Invoking toplevel() on ptolemy.moml.MoMLSimpleApplication@7a5639cb
----------------- Done invoking toplevel() on ptolemy.moml.MoMLSimpleApplication@7a5639cb
reloadAllAccessors: .Ramp1

===========================================================================================
----------------- testing Mon Jan 21 03:16:50 UTC 2019 /home/travis/build/icyphy/ptII/ptolemy/actor/lib/test/auto/RampFiringLimitDE.xml
----------------- Instantiating /home/travis/build/icyphy/ptII/ptolemy/actor/lib/test/auto/RampFiringLimitDE.xml
2 ms. Memory: 1783296K Free: 1455112K (82%)
----------------- Invoking toplevel() on ptolemy.moml.MoMLSimpleApplication@493d51c1
----------------- Done invoking toplevel() on ptolemy.moml.MoMLSimpleApplication@493d51c1
reloadAllAccessors: .RampFiringLimitDE

===========================================================================================
----------------- testing Mon Jan 21 03:16:50 UTC 2019 /home/travis/build/icyphy/ptII/ptolemy/actor/lib/test/auto/RampFiringLimitSDF.xml
----------------- Instantiating /home/travis/build/icyphy/ptII/ptolemy/actor/lib/test/auto/RampFiringLimitSDF.xml
2 ms. Memory: 1783296K Free: 1427282K (80%)
----------------- Invoking toplevel() on ptolemy.moml.MoMLSimpleApplication@5ea0a53
----------------- Done invoking toplevel() on ptolemy.moml.MoMLSimpleApplication@5ea0a53
reloadAllAccessors: .RampFiringLimitSDF

===========================================================================================
----------------- testing Mon Jan 21 03:16:50 UTC 2019 /home/travis/build/icyphy/ptII/ptolemy/actor/lib/test/auto/RandomInteger.xml
----------------- Instantiating /home/travis/build/icyphy/ptII/ptolemy/actor/lib/test/auto/RandomInteger.xml
1 ms. Memory: 1783296K Free: 1405027K (79%)
----------------- Invoking toplevel() on ptolemy.moml.MoMLSimpleApplication@759817fe
----------------- Done invoking toplevel() on ptolemy.moml.MoMLSimpleApplication@759817fe
reloadAllAccessors: .RandomInteger

===========================================================================================
----------------- testing Mon Jan 21 03:16:50 UTC 2019 /home/travis/build/icyphy/ptII/ptolemy/actor/lib/test/auto/ReadFile1.xml
----------------- Instantiating /home/travis/build/icyphy/ptII/ptolemy/actor/lib/test/auto/ReadFile1.xml
1 ms. Memory: 1783296K Free: 1377198K (77%)
----------------- Invoking toplevel() on ptolemy.moml.MoMLSimpleApplication@107bd820
----------------- Done invoking toplevel() on ptolemy.moml.MoMLSimpleApplication@107bd820
reloadAllAccessors: .ReadFile1

===========================================================================================
----------------- testing Mon Jan 21 03:16:50 UTC 2019 /home/travis/build/icyphy/ptII/ptolemy/actor/lib/test/auto/ReadFile2.xml
----------------- Instantiating /home/travis/build/icyphy/ptII/ptolemy/actor/lib/test/auto/ReadFile2.xml
1 ms. Memory: 1783296K Free: 1354943K (76%)
----------------- Invoking toplevel() on ptolemy.moml.MoMLSimpleApplication@2a740de2
----------------- Done invoking toplevel() on ptolemy.moml.MoMLSimpleApplication@2a740de2
reloadAllAccessors: .ReadFile2

===========================================================================================
----------------- testing Mon Jan 21 03:16:50 UTC 2019 /home/travis/build/icyphy/ptII/ptolemy/actor/lib/test/auto/Reader.xml
----------------- Instantiating /home/travis/build/icyphy/ptII/ptolemy/actor/lib/test/auto/Reader.xml
actor.lib.Reader is obsolete, use actor.lib.io.ExpressionReader instead
2 ms. Memory: 1783296K Free: 1332688K (75%)
----------------- Invoking toplevel() on ptolemy.moml.MoMLSimpleApplication@4de1cb92
----------------- Done invoking toplevel() on ptolemy.moml.MoMLSimpleApplication@4de1cb92
reloadAllAccessors: .Reader

===========================================================================================
----------------- testing Mon Jan 21 03:16:50 UTC 2019 /home/travis/build/icyphy/ptII/ptolemy/actor/lib/test/auto/RecordAssemblerDisplayNameTest.xml
----------------- Instantiating /home/travis/build/icyphy/ptII/ptolemy/actor/lib/test/auto/RecordAssemblerDisplayNameTest.xml
2995 ms. Memory: 1784320K Free: 1709508K (96%)
----------------- Invoking toplevel() on ptolemy.moml.MoMLSimpleApplication@59345144
----------------- Done invoking toplevel() on ptolemy.moml.MoMLSimpleApplication@59345144
reloadAllAccessors: .RecordAssemblerDisplayNameTest

===========================================================================================
----------------- testing Mon Jan 21 03:16:53 UTC 2019 /home/travis/build/icyphy/ptII/ptolemy/actor/lib/test/auto/RecordAssemblerTypeError.xml
----------------- Instantiating /home/travis/build/icyphy/ptII/ptolemy/actor/lib/test/auto/RecordAssemblerTypeError.xml
10 ms. Memory: 1784320K Free: 1677690K (94%)
----------------- Invoking toplevel() on ptolemy.moml.MoMLSimpleApplication@265a2f2f
----------------- Done invoking toplevel() on ptolemy.moml.MoMLSimpleApplication@265a2f2f
reloadAllAccessors: .RecordAssemblerTypeError

===========================================================================================
----------------- testing Mon Jan 21 03:16:53 UTC 2019 /home/travis/build/icyphy/ptII/ptolemy/actor/lib/test/auto/RecordDisassember.xml
----------------- Instantiating /home/travis/build/icyphy/ptII/ptolemy/actor/lib/test/auto/RecordDisassember.xml
5 ms. Memory: 1784320K Free: 1651498K (93%)
----------------- Invoking toplevel() on ptolemy.moml.MoMLSimpleApplication@2906134f
----------------- Done invoking toplevel() on ptolemy.moml.MoMLSimpleApplication@2906134f
reloadAllAccessors: .RecordDisassember

===========================================================================================
----------------- testing Mon Jan 21 03:16:53 UTC 2019 /home/travis/build/icyphy/ptII/ptolemy/actor/lib/test/auto/RecordDisassemberDisplayNameTest.xml
----------------- Instantiating /home/travis/build/icyphy/ptII/ptolemy/actor/lib/test/auto/RecordDisassemberDisplayNameTest.xml
4 ms. Memory: 1784320K Free: 1629243K (91%)
----------------- Invoking toplevel() on ptolemy.moml.MoMLSimpleApplication@1a7ec55f
----------------- Done invoking toplevel() on ptolemy.moml.MoMLSimpleApplication@1a7ec55f
reloadAllAccessors: .RecordDisassemberDisplayNameTest

===========================================================================================
----------------- testing Mon Jan 21 03:16:53 UTC 2019 /home/travis/build/icyphy/ptII/ptolemy/actor/lib/test/auto/RecordDisassembler.xml
----------------- Instantiating /home/travis/build/icyphy/ptII/ptolemy/actor/lib/test/auto/RecordDisassembler.xml
2 ms. Memory: 1784320K Free: 1603051K (90%)
----------------- Invoking toplevel() on ptolemy.moml.MoMLSimpleApplication@241400f
----------------- Done invoking toplevel() on ptolemy.moml.MoMLSimpleApplication@241400f
reloadAllAccessors: .RecordDisassembler

===========================================================================================
----------------- testing Mon Jan 21 03:16:53 UTC 2019 /home/travis/build/icyphy/ptII/ptolemy/actor/lib/test/auto/RecordDisassembler2.xml
----------------- Instantiating /home/travis/build/icyphy/ptII/ptolemy/actor/lib/test/auto/RecordDisassembler2.xml
2 ms. Memory: 1784320K Free: 1576859K (88%)
----------------- Invoking toplevel() on ptolemy.moml.MoMLSimpleApplication@5bf0725b
----------------- Done invoking toplevel() on ptolemy.moml.MoMLSimpleApplication@5bf0725b
reloadAllAccessors: .RecordDisassembler2

===========================================================================================
----------------- testing Mon Jan 21 03:16:53 UTC 2019 /home/travis/build/icyphy/ptII/ptolemy/actor/lib/test/auto/RecordUpdater.xml
----------------- Instantiating /home/travis/build/icyphy/ptII/ptolemy/actor/lib/test/auto/RecordUpdater.xml
2 ms. Memory: 1784320K Free: 1554604K (87%)
----------------- Invoking toplevel() on ptolemy.moml.MoMLSimpleApplication@7f51d27d
----------------- Done invoking toplevel() on ptolemy.moml.MoMLSimpleApplication@7f51d27d
reloadAllAccessors: .RecordUpdater

===========================================================================================
----------------- testing Mon Jan 21 03:16:53 UTC 2019 /home/travis/build/icyphy/ptII/ptolemy/actor/lib/test/auto/RecordUpdater2.xml
----------------- Instantiating /home/travis/build/icyphy/ptII/ptolemy/actor/lib/test/auto/RecordUpdater2.xml
2 ms. Memory: 1784320K Free: 1528412K (86%)
----------------- Invoking toplevel() on ptolemy.moml.MoMLSimpleApplication@439a23d5
----------------- Done invoking toplevel() on ptolemy.moml.MoMLSimpleApplication@439a23d5
reloadAllAccessors: .RecordUpdater2

===========================================================================================
----------------- testing Mon Jan 21 03:16:53 UTC 2019 /home/travis/build/icyphy/ptII/ptolemy/actor/lib/test/auto/RecursiveLattice.xml
----------------- Instantiating /home/travis/build/icyphy/ptII/ptolemy/actor/lib/test/auto/RecursiveLattice.xml
2 ms. Memory: 1784320K Free: 1506157K (84%)
----------------- Invoking toplevel() on ptolemy.moml.MoMLSimpleApplication@77117b41
----------------- Done invoking toplevel() on ptolemy.moml.MoMLSimpleApplication@77117b41
reloadAllAccessors: .RecursiveLattice

===========================================================================================
----------------- testing Mon Jan 21 03:16:53 UTC 2019 /home/travis/build/icyphy/ptII/ptolemy/actor/lib/test/auto/Router.xml
----------------- Instantiating /home/travis/build/icyphy/ptII/ptolemy/actor/lib/test/auto/Router.xml
3004 ms. Memory: 1784320K Free: 1479965K (83%)
----------------- Invoking toplevel() on ptolemy.moml.MoMLSimpleApplication@1e484c41
----------------- Done invoking toplevel() on ptolemy.moml.MoMLSimpleApplication@1e484c41
reloadAllAccessors: .Router

===========================================================================================
----------------- testing Mon Jan 21 03:16:56 UTC 2019 /home/travis/build/icyphy/ptII/ptolemy/actor/lib/test/auto/Router2.xml
----------------- Instantiating /home/travis/build/icyphy/ptII/ptolemy/actor/lib/test/auto/Router2.xml
3002 ms. Memory: 1784320K Free: 1453773K (81%)
----------------- Invoking toplevel() on ptolemy.moml.MoMLSimpleApplication@161b562a
----------------- Done invoking toplevel() on ptolemy.moml.MoMLSimpleApplication@161b562a
reloadAllAccessors: .Router2

===========================================================================================
----------------- testing Mon Jan 21 03:16:59 UTC 2019 /home/travis/build/icyphy/ptII/ptolemy/actor/lib/test/auto/RunningMaximum.xml
----------------- Instantiating /home/travis/build/icyphy/ptII/ptolemy/actor/lib/test/auto/RunningMaximum.xml
2 ms. Memory: 1784320K Free: 1431518K (80%)
----------------- Invoking toplevel() on ptolemy.moml.MoMLSimpleApplication@1b29c397
----------------- Done invoking toplevel() on ptolemy.moml.MoMLSimpleApplication@1b29c397
reloadAllAccessors: .RunningMaximum

===========================================================================================
----------------- testing Mon Jan 21 03:16:59 UTC 2019 /home/travis/build/icyphy/ptII/ptolemy/actor/lib/test/auto/RunningMinimum.xml
----------------- Instantiating /home/travis/build/icyphy/ptII/ptolemy/actor/lib/test/auto/RunningMinimum.xml
3 ms. Memory: 1784320K Free: 1405326K (79%)
----------------- Invoking toplevel() on ptolemy.moml.MoMLSimpleApplication@4ebe4ee9
----------------- Done invoking toplevel() on ptolemy.moml.MoMLSimpleApplication@4ebe4ee9
reloadAllAccessors: .RunningMinimum

===========================================================================================
----------------- testing Mon Jan 21 03:16:59 UTC 2019 /home/travis/build/icyphy/ptII/ptolemy/actor/lib/test/auto/Scale.xml
----------------- Instantiating /home/travis/build/icyphy/ptII/ptolemy/actor/lib/test/auto/Scale.xml
1 ms. Memory: 1784320K Free: 1383071K (78%)
----------------- Invoking toplevel() on ptolemy.moml.MoMLSimpleApplication@67e09871
----------------- Done invoking toplevel() on ptolemy.moml.MoMLSimpleApplication@67e09871
reloadAllAccessors: .Scale

===========================================================================================
----------------- testing Mon Jan 21 03:16:59 UTC 2019 /home/travis/build/icyphy/ptII/ptolemy/actor/lib/test/auto/Scale2.xml
----------------- Instantiating /home/travis/build/icyphy/ptII/ptolemy/actor/lib/test/auto/Scale2.xml
1 ms. Memory: 1784320K Free: 1356879K (76%)
----------------- Invoking toplevel() on ptolemy.moml.MoMLSimpleApplication@634acb62
----------------- Done invoking toplevel() on ptolemy.moml.MoMLSimpleApplication@634acb62
reloadAllAccessors: .Scale2

===========================================================================================
----------------- testing Mon Jan 21 03:16:59 UTC 2019 /home/travis/build/icyphy/ptII/ptolemy/actor/lib/test/auto/Scale3.xml
----------------- Instantiating /home/travis/build/icyphy/ptII/ptolemy/actor/lib/test/auto/Scale3.xml
2 ms. Memory: 1784320K Free: 1330687K (75%)
----------------- Invoking toplevel() on ptolemy.moml.MoMLSimpleApplication@75e072a6
----------------- Done invoking toplevel() on ptolemy.moml.MoMLSimpleApplication@75e072a6
reloadAllAccessors: .Scale3

===========================================================================================
----------------- testing Mon Jan 21 03:16:59 UTC 2019 /home/travis/build/icyphy/ptII/ptolemy/actor/lib/test/auto/ScaleArray.xml
----------------- Instantiating /home/travis/build/icyphy/ptII/ptolemy/actor/lib/test/auto/ScaleArray.xml
1 ms. Memory: 1784320K Free: 1308432K (73%)
----------------- Invoking toplevel() on ptolemy.moml.MoMLSimpleApplication@999e5d1
----------------- Done invoking toplevel() on ptolemy.moml.MoMLSimpleApplication@999e5d1
reloadAllAccessors: .ScaleArray

===========================================================================================
----------------- testing Mon Jan 21 03:16:59 UTC 2019 /home/travis/build/icyphy/ptII/ptolemy/actor/lib/test/auto/ScaleArray2.xml
----------------- Instantiating /home/travis/build/icyphy/ptII/ptolemy/actor/lib/test/auto/ScaleArray2.xml
1 ms. Memory: 1784320K Free: 1282240K (72%)
----------------- Invoking toplevel() on ptolemy.moml.MoMLSimpleApplication@690ff9b8
----------------- Done invoking toplevel() on ptolemy.moml.MoMLSimpleApplication@690ff9b8
reloadAllAccessors: .ScaleArray2

===========================================================================================
----------------- testing Mon Jan 21 03:16:59 UTC 2019 /home/travis/build/icyphy/ptII/ptolemy/actor/lib/test/auto/ScaleMatrix.xml
----------------- Instantiating /home/travis/build/icyphy/ptII/ptolemy/actor/lib/test/auto/ScaleMatrix.xml
149 ms. Memory: 1784320K Free: 1256048K (70%)
----------------- Invoking toplevel() on ptolemy.moml.MoMLSimpleApplication@31e1d94b
----------------- Done invoking toplevel() on ptolemy.moml.MoMLSimpleApplication@31e1d94b
reloadAllAccessors: .ScaleMatrix

===========================================================================================
----------------- testing Mon Jan 21 03:16:59 UTC 2019 /home/travis/build/icyphy/ptII/ptolemy/actor/lib/test/auto/Select.xml
----------------- Instantiating /home/travis/build/icyphy/ptII/ptolemy/actor/lib/test/auto/Select.xml
3 ms. Memory: 1784320K Free: 1233793K (69%)
----------------- Invoking toplevel() on ptolemy.moml.MoMLSimpleApplication@764670aa
----------------- Done invoking toplevel() on ptolemy.moml.MoMLSimpleApplication@764670aa
reloadAllAccessors: .Select

===========================================================================================
----------------- testing Mon Jan 21 03:16:59 UTC 2019 /home/travis/build/icyphy/ptII/ptolemy/actor/lib/test/auto/Select2.xml
----------------- Instantiating /home/travis/build/icyphy/ptII/ptolemy/actor/lib/test/auto/Select2.xml
1 ms. Memory: 1784320K Free: 1207601K (68%)
----------------- Invoking toplevel() on ptolemy.moml.MoMLSimpleApplication@6d2218a7
----------------- Done invoking toplevel() on ptolemy.moml.MoMLSimpleApplication@6d2218a7
reloadAllAccessors: .Select2

===========================================================================================
----------------- testing Mon Jan 21 03:16:59 UTC 2019 /home/travis/build/icyphy/ptII/ptolemy/actor/lib/test/auto/SequenceToArray2.xml
----------------- Instantiating /home/travis/build/icyphy/ptII/ptolemy/actor/lib/test/auto/SequenceToArray2.xml
82 ms. Memory: 1784320K Free: 1074055K (60%)
----------------- Invoking toplevel() on ptolemy.moml.MoMLSimpleApplication@11c386dc
----------------- Done invoking toplevel() on ptolemy.moml.MoMLSimpleApplication@11c386dc
reloadAllAccessors: .SequenceToArray2

===========================================================================================
----------------- testing Mon Jan 21 03:16:59 UTC 2019 /home/travis/build/icyphy/ptII/ptolemy/actor/lib/test/auto/SequentialClock.xml
----------------- Instantiating /home/travis/build/icyphy/ptII/ptolemy/actor/lib/test/auto/SequentialClock.xml
1 ms. Memory: 1784320K Free: 1047863K (59%)
----------------- Invoking toplevel() on ptolemy.moml.MoMLSimpleApplication@3ef3b1af
----------------- Done invoking toplevel() on ptolemy.moml.MoMLSimpleApplication@3ef3b1af
reloadAllAccessors: .SequentialClock

===========================================================================================
----------------- testing Mon Jan 21 03:16:59 UTC 2019 /home/travis/build/icyphy/ptII/ptolemy/actor/lib/test/auto/SetVariable.xml
----------------- Instantiating /home/travis/build/icyphy/ptII/ptolemy/actor/lib/test/auto/SetVariable.xml
2 ms. Memory: 1784320K Free: 1021671K (57%)
----------------- Invoking toplevel() on ptolemy.moml.MoMLSimpleApplication@188a89ad
----------------- Done invoking toplevel() on ptolemy.moml.MoMLSimpleApplication@188a89ad
reloadAllAccessors: .SetVariable

===========================================================================================
----------------- testing Mon Jan 21 03:16:59 UTC 2019 /home/travis/build/icyphy/ptII/ptolemy/actor/lib/test/auto/SetVariable2.xml
----------------- Instantiating /home/travis/build/icyphy/ptII/ptolemy/actor/lib/test/auto/SetVariable2.xml
2 ms. Memory: 1784320K Free: 999416K (56%)
----------------- Invoking toplevel() on ptolemy.moml.MoMLSimpleApplication@1745dd08
----------------- Done invoking toplevel() on ptolemy.moml.MoMLSimpleApplication@1745dd08
reloadAllAccessors: .SetVariable2

===========================================================================================
----------------- testing Mon Jan 21 03:16:59 UTC 2019 /home/travis/build/icyphy/ptII/ptolemy/actor/lib/test/auto/SetVariable3.xml
----------------- Instantiating /home/travis/build/icyphy/ptII/ptolemy/actor/lib/test/auto/SetVariable3.xml
5 ms. Memory: 1784320K Free: 973224K (55%)
----------------- Invoking toplevel() on ptolemy.moml.MoMLSimpleApplication@7bbf710f
----------------- Done invoking toplevel() on ptolemy.moml.MoMLSimpleApplication@7bbf710f
reloadAllAccessors: .SetVariable3

===========================================================================================
----------------- testing Mon Jan 21 03:16:59 UTC 2019 /home/travis/build/icyphy/ptII/ptolemy/actor/lib/test/auto/SetVariable4.xml
----------------- Instantiating /home/travis/build/icyphy/ptII/ptolemy/actor/lib/test/auto/SetVariable4.xml
15 ms. Memory: 1784320K Free: 873076K (49%)
----------------- Invoking toplevel() on ptolemy.moml.MoMLSimpleApplication@6bad553a
----------------- Done invoking toplevel() on ptolemy.moml.MoMLSimpleApplication@6bad553a
reloadAllAccessors: .SetVariable4

===========================================================================================
----------------- testing Mon Jan 21 03:16:59 UTC 2019 /home/travis/build/icyphy/ptII/ptolemy/actor/lib/test/auto/SetVariable5.xml
----------------- Instantiating /home/travis/build/icyphy/ptII/ptolemy/actor/lib/test/auto/SetVariable5.xml
8 ms. Memory: 1784320K Free: 846884K (47%)
----------------- Invoking toplevel() on ptolemy.moml.MoMLSimpleApplication@3d48e14d
----------------- Done invoking toplevel() on ptolemy.moml.MoMLSimpleApplication@3d48e14d
reloadAllAccessors: .SetVariable5

===========================================================================================
----------------- testing Mon Jan 21 03:16:59 UTC 2019 /home/travis/build/icyphy/ptII/ptolemy/actor/lib/test/auto/Sinewave.xml
----------------- Instantiating /home/travis/build/icyphy/ptII/ptolemy/actor/lib/test/auto/Sinewave.xml
4 ms. Memory: 1784320K Free: 820692K (46%)
----------------- Invoking toplevel() on ptolemy.moml.MoMLSimpleApplication@13bf4d02
----------------- Done invoking toplevel() on ptolemy.moml.MoMLSimpleApplication@13bf4d02
reloadAllAccessors: .Sinewave

===========================================================================================
----------------- testing Mon Jan 21 03:16:59 UTC 2019 /home/travis/build/icyphy/ptII/ptolemy/actor/lib/test/auto/Sinewave2.xml
----------------- Instantiating /home/travis/build/icyphy/ptII/ptolemy/actor/lib/test/auto/Sinewave2.xml
6 ms. Memory: 1784320K Free: 798437K (45%)
----------------- Invoking toplevel() on ptolemy.moml.MoMLSimpleApplication@2d7cb96
----------------- Done invoking toplevel() on ptolemy.moml.MoMLSimpleApplication@2d7cb96
reloadAllAccessors: .Sinewave2

===========================================================================================
----------------- testing Mon Jan 21 03:17:00 UTC 2019 /home/travis/build/icyphy/ptII/ptolemy/actor/lib/test/auto/Sinewave3.xml
----------------- Instantiating /home/travis/build/icyphy/ptII/ptolemy/actor/lib/test/auto/Sinewave3.xml
6 ms. Memory: 1784320K Free: 772245K (43%)
----------------- Invoking toplevel() on ptolemy.moml.MoMLSimpleApplication@4201b7c7
----------------- Done invoking toplevel() on ptolemy.moml.MoMLSimpleApplication@4201b7c7
reloadAllAccessors: .Sinewave3

===========================================================================================
----------------- testing Mon Jan 21 03:17:00 UTC 2019 /home/travis/build/icyphy/ptII/ptolemy/actor/lib/test/auto/SingleEvent.xml
----------------- Instantiating /home/travis/build/icyphy/ptII/ptolemy/actor/lib/test/auto/SingleEvent.xml
1 ms. Memory: 1784320K Free: 746052K (42%)
----------------- Invoking toplevel() on ptolemy.moml.MoMLSimpleApplication@7bbfd88e
----------------- Done invoking toplevel() on ptolemy.moml.MoMLSimpleApplication@7bbfd88e
reloadAllAccessors: .SingleEvent

===========================================================================================
----------------- testing Mon Jan 21 03:17:00 UTC 2019 /home/travis/build/icyphy/ptII/ptolemy/actor/lib/test/auto/Sleep.xml
----------------- Instantiating /home/travis/build/icyphy/ptII/ptolemy/actor/lib/test/auto/Sleep.xml
6003 ms. Memory: 1784320K Free: 723797K (41%)
----------------- Invoking toplevel() on ptolemy.moml.MoMLSimpleApplication@579087d4
----------------- Done invoking toplevel() on ptolemy.moml.MoMLSimpleApplication@579087d4
reloadAllAccessors: .Sleep

===========================================================================================
----------------- testing Mon Jan 21 03:17:06 UTC 2019 /home/travis/build/icyphy/ptII/ptolemy/actor/lib/test/auto/SleepMultipleFire.xml
----------------- Instantiating /home/travis/build/icyphy/ptII/ptolemy/actor/lib/test/auto/SleepMultipleFire.xml
1004 ms. Memory: 1784320K Free: 697605K (39%)
----------------- Invoking toplevel() on ptolemy.moml.MoMLSimpleApplication@565c43a6
----------------- Done invoking toplevel() on ptolemy.moml.MoMLSimpleApplication@565c43a6
reloadAllAccessors: .SleepMultipleFire

===========================================================================================
----------------- testing Mon Jan 21 03:17:07 UTC 2019 /home/travis/build/icyphy/ptII/ptolemy/actor/lib/test/auto/StopDE.xml
----------------- Instantiating /home/travis/build/icyphy/ptII/ptolemy/actor/lib/test/auto/StopDE.xml
3 ms. Memory: 1784320K Free: 675351K (38%)
----------------- Invoking toplevel() on ptolemy.moml.MoMLSimpleApplication@30210feb
----------------- Done invoking toplevel() on ptolemy.moml.MoMLSimpleApplication@30210feb
reloadAllAccessors: .StopDE

===========================================================================================
----------------- testing Mon Jan 21 03:17:07 UTC 2019 /home/travis/build/icyphy/ptII/ptolemy/actor/lib/test/auto/StopSDF.xml
----------------- Instantiating /home/travis/build/icyphy/ptII/ptolemy/actor/lib/test/auto/StopSDF.xml
3 ms. Memory: 1784320K Free: 649159K (36%)
----------------- Invoking toplevel() on ptolemy.moml.MoMLSimpleApplication@5b74936d
----------------- Done invoking toplevel() on ptolemy.moml.MoMLSimpleApplication@5b74936d
reloadAllAccessors: .StopSDF

===========================================================================================
----------------- testing Mon Jan 21 03:17:07 UTC 2019 /home/travis/build/icyphy/ptII/ptolemy/actor/lib/test/auto/StringConstant.xml
----------------- Instantiating /home/travis/build/icyphy/ptII/ptolemy/actor/lib/test/auto/StringConstant.xml
1 ms. Memory: 1784320K Free: 622966K (35%)
----------------- Invoking toplevel() on ptolemy.moml.MoMLSimpleApplication@3c83de1e
----------------- Done invoking toplevel() on ptolemy.moml.MoMLSimpleApplication@3c83de1e
reloadAllAccessors: .StringConstant

===========================================================================================
----------------- testing Mon Jan 21 03:17:07 UTC 2019 /home/travis/build/icyphy/ptII/ptolemy/actor/lib/test/auto/SubscriberPortInitialValues1.xml
----------------- Instantiating /home/travis/build/icyphy/ptII/ptolemy/actor/lib/test/auto/SubscriberPortInitialValues1.xml
5 ms. Memory: 1784320K Free: 600711K (34%)
----------------- Invoking toplevel() on ptolemy.moml.MoMLSimpleApplication@7974c885
----------------- Done invoking toplevel() on ptolemy.moml.MoMLSimpleApplication@7974c885
reloadAllAccessors: .SubscriberPortInitialValues1

===========================================================================================
----------------- testing Mon Jan 21 03:17:07 UTC 2019 /home/travis/build/icyphy/ptII/ptolemy/actor/lib/test/auto/SubscriberPortInitialValues13.xml
----------------- Instantiating /home/travis/build/icyphy/ptII/ptolemy/actor/lib/test/auto/SubscriberPortInitialValues13.xml
4 ms. Memory: 1784320K Free: 574519K (32%)
----------------- Invoking toplevel() on ptolemy.moml.MoMLSimpleApplication@38ed8d0a
----------------- Done invoking toplevel() on ptolemy.moml.MoMLSimpleApplication@38ed8d0a
reloadAllAccessors: .SubscriberPortInitialValues13

===========================================================================================
----------------- testing Mon Jan 21 03:17:07 UTC 2019 /home/travis/build/icyphy/ptII/ptolemy/actor/lib/test/auto/SubscriberPortInitialValues14.xml
----------------- Instantiating /home/travis/build/icyphy/ptII/ptolemy/actor/lib/test/auto/SubscriberPortInitialValues14.xml
3 ms. Memory: 1784320K Free: 548327K (31%)
----------------- Invoking toplevel() on ptolemy.moml.MoMLSimpleApplication@5a4616c2
----------------- Done invoking toplevel() on ptolemy.moml.MoMLSimpleApplication@5a4616c2
reloadAllAccessors: .SubscriberPortInitialValues14

===========================================================================================
----------------- testing Mon Jan 21 03:17:07 UTC 2019 /home/travis/build/icyphy/ptII/ptolemy/actor/lib/test/auto/SubscriberPortInitialValues2.xml
----------------- Instantiating /home/travis/build/icyphy/ptII/ptolemy/actor/lib/test/auto/SubscriberPortInitialValues2.xml
4 ms. Memory: 1784320K Free: 526072K (29%)
----------------- Invoking toplevel() on ptolemy.moml.MoMLSimpleApplication@389863ac
----------------- Done invoking toplevel() on ptolemy.moml.MoMLSimpleApplication@389863ac
reloadAllAccessors: .SubscriberPortInitialValues2

===========================================================================================
----------------- testing Mon Jan 21 03:17:07 UTC 2019 /home/travis/build/icyphy/ptII/ptolemy/actor/lib/test/auto/SubscriberPortInitialValues3.xml
----------------- Instantiating /home/travis/build/icyphy/ptII/ptolemy/actor/lib/test/auto/SubscriberPortInitialValues3.xml
3 ms. Memory: 1784320K Free: 499880K (28%)
----------------- Invoking toplevel() on ptolemy.moml.MoMLSimpleApplication@1e666a6d
----------------- Done invoking toplevel() on ptolemy.moml.MoMLSimpleApplication@1e666a6d
reloadAllAccessors: .SubscriberPortInitialValues3

===========================================================================================
----------------- testing Mon Jan 21 03:17:07 UTC 2019 /home/travis/build/icyphy/ptII/ptolemy/actor/lib/test/auto/SubscriptionAggregator.xml
----------------- Instantiating /home/travis/build/icyphy/ptII/ptolemy/actor/lib/test/auto/SubscriptionAggregator.xml
2 ms. Memory: 1784320K Free: 477625K (27%)
----------------- Invoking toplevel() on ptolemy.moml.MoMLSimpleApplication@25010b79
----------------- Done invoking toplevel() on ptolemy.moml.MoMLSimpleApplication@25010b79
reloadAllAccessors: .SubscriptionAggregator

===========================================================================================
----------------- testing Mon Jan 21 03:17:07 UTC 2019 /home/travis/build/icyphy/ptII/ptolemy/actor/lib/test/auto/SubscriptionAggregator2.xml
----------------- Instantiating /home/travis/build/icyphy/ptII/ptolemy/actor/lib/test/auto/SubscriptionAggregator2.xml
2 ms. Memory: 1784320K Free: 451433K (25%)
----------------- Invoking toplevel() on ptolemy.moml.MoMLSimpleApplication@65b212e6
----------------- Done invoking toplevel() on ptolemy.moml.MoMLSimpleApplication@65b212e6
reloadAllAccessors: .SubscriptionAggregator2

===========================================================================================
----------------- testing Mon Jan 21 03:17:07 UTC 2019 /home/travis/build/icyphy/ptII/ptolemy/actor/lib/test/auto/SubscriptionAggregator3.xml
----------------- Instantiating /home/travis/build/icyphy/ptII/ptolemy/actor/lib/test/auto/SubscriptionAggregator3.xml
2 ms. Memory: 1784320K Free: 425241K (24%)
----------------- Invoking toplevel() on ptolemy.moml.MoMLSimpleApplication@7c8108ce
----------------- Done invoking toplevel() on ptolemy.moml.MoMLSimpleApplication@7c8108ce
reloadAllAccessors: .SubscriptionAggregator3

===========================================================================================
----------------- testing Mon Jan 21 03:17:07 UTC 2019 /home/travis/build/icyphy/ptII/ptolemy/actor/lib/test/auto/SubscriptionAggregatorMultiply.xml
----------------- Instantiating /home/travis/build/icyphy/ptII/ptolemy/actor/lib/test/auto/SubscriptionAggregatorMultiply.xml
3 ms. Memory: 1784320K Free: 402986K (23%)
----------------- Invoking toplevel() on ptolemy.moml.MoMLSimpleApplication@14f521a5
----------------- Done invoking toplevel() on ptolemy.moml.MoMLSimpleApplication@14f521a5
reloadAllAccessors: .SubscriptionAggregatorMultiply

===========================================================================================
----------------- testing Mon Jan 21 03:17:07 UTC 2019 /home/travis/build/icyphy/ptII/ptolemy/actor/lib/test/auto/SubscriptionAggregatorPortMultiply1.xml
----------------- Instantiating /home/travis/build/icyphy/ptII/ptolemy/actor/lib/test/auto/SubscriptionAggregatorPortMultiply1.xml
3 ms. Memory: 1784320K Free: 376794K (21%)
----------------- Invoking toplevel() on ptolemy.moml.MoMLSimpleApplication@6309e5d2
----------------- Done invoking toplevel() on ptolemy.moml.MoMLSimpleApplication@6309e5d2
reloadAllAccessors: .SubscriptionAggregatorPortMultiply1

===========================================================================================
----------------- testing Mon Jan 21 03:17:07 UTC 2019 /home/travis/build/icyphy/ptII/ptolemy/actor/lib/test/auto/Switch.xml
----------------- Instantiating /home/travis/build/icyphy/ptII/ptolemy/actor/lib/test/auto/Switch.xml
4 ms. Memory: 1784320K Free: 283837K (16%)
----------------- Invoking toplevel() on ptolemy.moml.MoMLSimpleApplication@6e330997
----------------- Done invoking toplevel() on ptolemy.moml.MoMLSimpleApplication@6e330997
reloadAllAccessors: .Switch

===========================================================================================
----------------- testing Mon Jan 21 03:17:07 UTC 2019 /home/travis/build/icyphy/ptII/ptolemy/actor/lib/test/auto/Switch2.xml
----------------- Instantiating /home/travis/build/icyphy/ptII/ptolemy/actor/lib/test/auto/Switch2.xml
6 ms. Memory: 1784320K Free: 261582K (15%)
----------------- Invoking toplevel() on ptolemy.moml.MoMLSimpleApplication@49f68c95
----------------- Done invoking toplevel() on ptolemy.moml.MoMLSimpleApplication@49f68c95
reloadAllAccessors: .Switch2

===========================================================================================
----------------- testing Mon Jan 21 03:17:07 UTC 2019 /home/travis/build/icyphy/ptII/ptolemy/actor/lib/test/auto/SwitchDE.xml
----------------- Instantiating /home/travis/build/icyphy/ptII/ptolemy/actor/lib/test/auto/SwitchDE.xml
1 ms. Memory: 1784320K Free: 235390K (13%)
----------------- Invoking toplevel() on ptolemy.moml.MoMLSimpleApplication@20a8dee0
----------------- Done invoking toplevel() on ptolemy.moml.MoMLSimpleApplication@20a8dee0
reloadAllAccessors: .SwitchDE

===========================================================================================
----------------- testing Mon Jan 21 03:17:07 UTC 2019 /home/travis/build/icyphy/ptII/ptolemy/actor/lib/test/auto/SynchronizerDE.xml
----------------- Instantiating /home/travis/build/icyphy/ptII/ptolemy/actor/lib/test/auto/SynchronizerDE.xml
3 ms. Memory: 1784320K Free: 213135K (12%)
----------------- Invoking toplevel() on ptolemy.moml.MoMLSimpleApplication@66ba14a0
----------------- Done invoking toplevel() on ptolemy.moml.MoMLSimpleApplication@66ba14a0
reloadAllAccessors: .SynchronizerDE

===========================================================================================
----------------- testing Mon Jan 21 03:17:07 UTC 2019 /home/travis/build/icyphy/ptII/ptolemy/actor/lib/test/auto/Test.xml
----------------- Instantiating /home/travis/build/icyphy/ptII/ptolemy/actor/lib/test/auto/Test.xml
2 ms. Memory: 1784320K Free: 186943K (10%)
----------------- Invoking toplevel() on ptolemy.moml.MoMLSimpleApplication@2ea88287
----------------- Done invoking toplevel() on ptolemy.moml.MoMLSimpleApplication@2ea88287
reloadAllAccessors: .Test

===========================================================================================
----------------- testing Mon Jan 21 03:17:07 UTC 2019 /home/travis/build/icyphy/ptII/ptolemy/actor/lib/test/auto/TestExceptionAttribute1.xml
----------------- Instantiating /home/travis/build/icyphy/ptII/ptolemy/actor/lib/test/auto/TestExceptionAttribute1.xml
1 ms. Memory: 1784320K Free: 160751K (9%)
----------------- Invoking toplevel() on ptolemy.moml.MoMLSimpleApplication@70bffc01
----------------- Done invoking toplevel() on ptolemy.moml.MoMLSimpleApplication@70bffc01
reloadAllAccessors: .TestExceptionAttribute1

===========================================================================================
----------------- testing Mon Jan 21 03:17:07 UTC 2019 /home/travis/build/icyphy/ptII/ptolemy/actor/lib/test/auto/TestExceptionAttribute2.xml
----------------- Instantiating /home/travis/build/icyphy/ptII/ptolemy/actor/lib/test/auto/TestExceptionAttribute2.xml
1 ms. Memory: 1784320K Free: 138496K (8%)
----------------- Invoking toplevel() on ptolemy.moml.MoMLSimpleApplication@2c49e218
----------------- Done invoking toplevel() on ptolemy.moml.MoMLSimpleApplication@2c49e218
reloadAllAccessors: .TestExceptionAttribute2

===========================================================================================
----------------- testing Mon Jan 21 03:17:07 UTC 2019 /home/travis/build/icyphy/ptII/ptolemy/actor/lib/test/auto/TestExceptionAttribute3.xml
----------------- Instantiating /home/travis/build/icyphy/ptII/ptolemy/actor/lib/test/auto/TestExceptionAttribute3.xml
.TestExceptionAttribute3.TestExceptionAttribute: initialize() was not invoked, but wrapup() was.  This is unusual, but not always a problem.  For example, exporting JNLP will do this.
0 ms. Memory: 1784320K Free: 112304K (6%)
----------------- Invoking toplevel() on ptolemy.moml.MoMLSimpleApplication@6b119047
----------------- Done invoking toplevel() on ptolemy.moml.MoMLSimpleApplication@6b119047
reloadAllAccessors: .TestExceptionAttribute3

===========================================================================================
----------------- testing Mon Jan 21 03:17:07 UTC 2019 /home/travis/build/icyphy/ptII/ptolemy/actor/lib/test/auto/TestExceptionAttribute4.xml
----------------- Instantiating /home/travis/build/icyphy/ptII/ptolemy/actor/lib/test/auto/TestExceptionAttribute4.xml
.TestExceptionAttribute4.TestExceptionAttribute: initialize() was not invoked, but wrapup() was.  This is unusual, but not always a problem.  For example, exporting JNLP will do this.
.TestExceptionAttribute4.TestExceptionAttribute2: initialize() was not invoked, but wrapup() was.  This is unusual, but not always a problem.  For example, exporting JNLP will do this.
0 ms. Memory: 1784320K Free: 86112K (5%)
----------------- Invoking toplevel() on ptolemy.moml.MoMLSimpleApplication@13b9513b
----------------- Done invoking toplevel() on ptolemy.moml.MoMLSimpleApplication@13b9513b
reloadAllAccessors: .TestExceptionAttribute4

===========================================================================================
----------------- testing Mon Jan 21 03:17:07 UTC 2019 /home/travis/build/icyphy/ptII/ptolemy/actor/lib/test/auto/TestExceptionHandler1.xml
----------------- Instantiating /home/travis/build/icyphy/ptII/ptolemy/actor/lib/test/auto/TestExceptionHandler1.xml
9 ms. Memory: 1783296K Free: 1737814K (97%)
----------------- Invoking toplevel() on ptolemy.moml.MoMLSimpleApplication@4503c8fc
----------------- Done invoking toplevel() on ptolemy.moml.MoMLSimpleApplication@4503c8fc
reloadAllAccessors: .TestExceptionHandler1

===========================================================================================
----------------- testing Mon Jan 21 03:17:07 UTC 2019 /home/travis/build/icyphy/ptII/ptolemy/actor/lib/test/auto/TestExceptionHandler2.xml
----------------- Instantiating /home/travis/build/icyphy/ptII/ptolemy/actor/lib/test/auto/TestExceptionHandler2.xml
1 ms. Memory: 1783296K Free: 1712019K (96%)
----------------- Invoking toplevel() on ptolemy.moml.MoMLSimpleApplication@30be10f0
----------------- Done invoking toplevel() on ptolemy.moml.MoMLSimpleApplication@30be10f0
reloadAllAccessors: .TestExceptionHandler2

===========================================================================================
----------------- testing Mon Jan 21 03:17:07 UTC 2019 /home/travis/build/icyphy/ptII/ptolemy/actor/lib/test/auto/TestExceptionHandler3.xml
----------------- Instantiating /home/travis/build/icyphy/ptII/ptolemy/actor/lib/test/auto/TestExceptionHandler3.xml
0 ms. Memory: 1783296K Free: 1691795K (95%)
----------------- Invoking toplevel() on ptolemy.moml.MoMLSimpleApplication@3ee52b8b
----------------- Done invoking toplevel() on ptolemy.moml.MoMLSimpleApplication@3ee52b8b
reloadAllAccessors: .TestExceptionHandler3

===========================================================================================
----------------- testing Mon Jan 21 03:17:07 UTC 2019 /home/travis/build/icyphy/ptII/ptolemy/actor/lib/test/auto/TestExceptionHandler4.xml
----------------- Instantiating /home/travis/build/icyphy/ptII/ptolemy/actor/lib/test/auto/TestExceptionHandler4.xml
0 ms. Memory: 1783296K Free: 1671571K (94%)
----------------- Invoking toplevel() on ptolemy.moml.MoMLSimpleApplication@17475803
----------------- Done invoking toplevel() on ptolemy.moml.MoMLSimpleApplication@17475803
reloadAllAccessors: .TestExceptionHandler4

===========================================================================================
----------------- testing Mon Jan 21 03:17:07 UTC 2019 /home/travis/build/icyphy/ptII/ptolemy/actor/lib/test/auto/TestRequireCorrectOrder.xml
----------------- Instantiating /home/travis/build/icyphy/ptII/ptolemy/actor/lib/test/auto/TestRequireCorrectOrder.xml
2 ms. Memory: 1783296K Free: 1654860K (93%)
----------------- Invoking toplevel() on ptolemy.moml.MoMLSimpleApplication@30932ddc
----------------- Done invoking toplevel() on ptolemy.moml.MoMLSimpleApplication@30932ddc
reloadAllAccessors: .TestRequireCorrectOrder

===========================================================================================
----------------- testing Mon Jan 21 03:17:07 UTC 2019 /home/travis/build/icyphy/ptII/ptolemy/actor/lib/test/auto/TestSimple.xml
----------------- Instantiating /home/travis/build/icyphy/ptII/ptolemy/actor/lib/test/auto/TestSimple.xml
1 ms. Memory: 1783296K Free: 1634636K (92%)
----------------- Invoking toplevel() on ptolemy.moml.MoMLSimpleApplication@a67d1f6
----------------- Done invoking toplevel() on ptolemy.moml.MoMLSimpleApplication@a67d1f6
reloadAllAccessors: .TestSimple

===========================================================================================
----------------- testing Mon Jan 21 03:17:07 UTC 2019 /home/travis/build/icyphy/ptII/ptolemy/actor/lib/test/auto/ThrowModelError.xml
----------------- Instantiating /home/travis/build/icyphy/ptII/ptolemy/actor/lib/test/auto/ThrowModelError.xml
1 ms. Memory: 1783296K Free: 1614412K (91%)
----------------- Invoking toplevel() on ptolemy.moml.MoMLSimpleApplication@57dc51ca
----------------- Done invoking toplevel() on ptolemy.moml.MoMLSimpleApplication@57dc51ca
reloadAllAccessors: .ThrowModelError

===========================================================================================
----------------- testing Mon Jan 21 03:17:07 UTC 2019 /home/travis/build/icyphy/ptII/ptolemy/actor/lib/test/auto/TimeDelayMicrosteps.xml
----------------- Instantiating /home/travis/build/icyphy/ptII/ptolemy/actor/lib/test/auto/TimeDelayMicrosteps.xml
2 ms. Memory: 1783296K Free: 1597700K (90%)
----------------- Invoking toplevel() on ptolemy.moml.MoMLSimpleApplication@27915a19
----------------- Done invoking toplevel() on ptolemy.moml.MoMLSimpleApplication@27915a19
reloadAllAccessors: .TimeDelayMicrosteps

===========================================================================================
----------------- testing Mon Jan 21 03:17:07 UTC 2019 /home/travis/build/icyphy/ptII/ptolemy/actor/lib/test/auto/TimeDelayMicrosteps2.xml
----------------- Instantiating /home/travis/build/icyphy/ptII/ptolemy/actor/lib/test/auto/TimeDelayMicrosteps2.xml
3 ms. Memory: 1783296K Free: 1577476K (88%)
----------------- Invoking toplevel() on ptolemy.moml.MoMLSimpleApplication@298b8fe
----------------- Done invoking toplevel() on ptolemy.moml.MoMLSimpleApplication@298b8fe
reloadAllAccessors: .TimeDelayMicrosteps2

===========================================================================================
----------------- testing Mon Jan 21 03:17:07 UTC 2019 /home/travis/build/icyphy/ptII/ptolemy/actor/lib/test/auto/TimeDelayMicrosteps3.xml
----------------- Instantiating /home/travis/build/icyphy/ptII/ptolemy/actor/lib/test/auto/TimeDelayMicrosteps3.xml
2 ms. Memory: 1783296K Free: 1557252K (87%)
----------------- Invoking toplevel() on ptolemy.moml.MoMLSimpleApplication@64afee39
----------------- Done invoking toplevel() on ptolemy.moml.MoMLSimpleApplication@64afee39
reloadAllAccessors: .TimeDelayMicrosteps3

===========================================================================================
----------------- testing Mon Jan 21 03:17:07 UTC 2019 /home/travis/build/icyphy/ptII/ptolemy/actor/lib/test/auto/TimeDelayVariableMicrosteps.xml
----------------- Instantiating /home/travis/build/icyphy/ptII/ptolemy/actor/lib/test/auto/TimeDelayVariableMicrosteps.xml
2 ms. Memory: 1783296K Free: 1537028K (86%)
----------------- Invoking toplevel() on ptolemy.moml.MoMLSimpleApplication@2e8a9732
----------------- Done invoking toplevel() on ptolemy.moml.MoMLSimpleApplication@2e8a9732
reloadAllAccessors: .TimeDelayVariableMicrosteps

===========================================================================================
----------------- testing Mon Jan 21 03:17:07 UTC 2019 /home/travis/build/icyphy/ptII/ptolemy/actor/lib/test/auto/TimeGap.xml
----------------- Instantiating /home/travis/build/icyphy/ptII/ptolemy/actor/lib/test/auto/TimeGap.xml
2 ms. Memory: 1783296K Free: 1520317K (85%)
----------------- Invoking toplevel() on ptolemy.moml.MoMLSimpleApplication@4904aa0e
----------------- Done invoking toplevel() on ptolemy.moml.MoMLSimpleApplication@4904aa0e
reloadAllAccessors: .TimeGap

===========================================================================================
----------------- testing Mon Jan 21 03:17:07 UTC 2019 /home/travis/build/icyphy/ptII/ptolemy/actor/lib/test/auto/TimeGap2.xml
----------------- Instantiating /home/travis/build/icyphy/ptII/ptolemy/actor/lib/test/auto/TimeGap2.xml
2 ms. Memory: 1783296K Free: 1500093K (84%)
----------------- Invoking toplevel() on ptolemy.moml.MoMLSimpleApplication@7f69fc48
----------------- Done invoking toplevel() on ptolemy.moml.MoMLSimpleApplication@7f69fc48
reloadAllAccessors: .TimeGap2

===========================================================================================
----------------- testing Mon Jan 21 03:17:07 UTC 2019 /home/travis/build/icyphy/ptII/ptolemy/actor/lib/test/auto/TimedSinewave.xml
----------------- Instantiating /home/travis/build/icyphy/ptII/ptolemy/actor/lib/test/auto/TimedSinewave.xml
11 ms. Memory: 1783296K Free: 1471513K (83%)
----------------- Invoking toplevel() on ptolemy.moml.MoMLSimpleApplication@23b3b097
----------------- Done invoking toplevel() on ptolemy.moml.MoMLSimpleApplication@23b3b097
reloadAllAccessors: .TimedSinewave

===========================================================================================
----------------- testing Mon Jan 21 03:17:07 UTC 2019 /home/travis/build/icyphy/ptII/ptolemy/actor/lib/test/auto/TimedSinewavePhase.xml
----------------- Instantiating /home/travis/build/icyphy/ptII/ptolemy/actor/lib/test/auto/TimedSinewavePhase.xml
10 ms. Memory: 1783296K Free: 1454801K (82%)
----------------- Invoking toplevel() on ptolemy.moml.MoMLSimpleApplication@3d1bb84a
----------------- Done invoking toplevel() on ptolemy.moml.MoMLSimpleApplication@3d1bb84a
reloadAllAccessors: .TimedSinewavePhase

===========================================================================================
----------------- testing Mon Jan 21 03:17:07 UTC 2019 /home/travis/build/icyphy/ptII/ptolemy/actor/lib/test/auto/Timer.xml
----------------- Instantiating /home/travis/build/icyphy/ptII/ptolemy/actor/lib/test/auto/Timer.xml
1 ms. Memory: 1783296K Free: 1434577K (80%)
----------------- Invoking toplevel() on ptolemy.moml.MoMLSimpleApplication@601fbc38
----------------- Done invoking toplevel() on ptolemy.moml.MoMLSimpleApplication@601fbc38
reloadAllAccessors: .Timer

===========================================================================================
----------------- testing Mon Jan 21 03:17:07 UTC 2019 /home/travis/build/icyphy/ptII/ptolemy/actor/lib/test/auto/TriangularDistTestModel.xml
----------------- Instantiating /home/travis/build/icyphy/ptII/ptolemy/actor/lib/test/auto/TriangularDistTestModel.xml
2 ms. Memory: 1783296K Free: 1414313K (79%)
----------------- Invoking toplevel() on ptolemy.moml.MoMLSimpleApplication@7ce8dbde
----------------- Done invoking toplevel() on ptolemy.moml.MoMLSimpleApplication@7ce8dbde
reloadAllAccessors: .TriangularDistTestModel

===========================================================================================
----------------- testing Mon Jan 21 03:17:07 UTC 2019 /home/travis/build/icyphy/ptII/ptolemy/actor/lib/test/auto/TrigFunction.xml
----------------- Instantiating /home/travis/build/icyphy/ptII/ptolemy/actor/lib/test/auto/TrigFunction.xml
1 ms. Memory: 1783296K Free: 1394089K (78%)
----------------- Invoking toplevel() on ptolemy.moml.MoMLSimpleApplication@1f5d51b1
----------------- Done invoking toplevel() on ptolemy.moml.MoMLSimpleApplication@1f5d51b1
reloadAllAccessors: .TrigFunction

===========================================================================================
----------------- testing Mon Jan 21 03:17:07 UTC 2019 /home/travis/build/icyphy/ptII/ptolemy/actor/lib/test/auto/TrigFunctionDE.xml
----------------- Instantiating /home/travis/build/icyphy/ptII/ptolemy/actor/lib/test/auto/TrigFunctionDE.xml
2 ms. Memory: 1783296K Free: 1377377K (77%)
----------------- Invoking toplevel() on ptolemy.moml.MoMLSimpleApplication@3be2e2c0
----------------- Done invoking toplevel() on ptolemy.moml.MoMLSimpleApplication@3be2e2c0
reloadAllAccessors: .TrigFunctionDE

===========================================================================================
----------------- testing Mon Jan 21 03:17:07 UTC 2019 /home/travis/build/icyphy/ptII/ptolemy/actor/lib/test/auto/TrigFunctionInverse.xml
----------------- Instantiating /home/travis/build/icyphy/ptII/ptolemy/actor/lib/test/auto/TrigFunctionInverse.xml
1 ms. Memory: 1783296K Free: 1357153K (76%)
----------------- Invoking toplevel() on ptolemy.moml.MoMLSimpleApplication@59c84f2c
----------------- Done invoking toplevel() on ptolemy.moml.MoMLSimpleApplication@59c84f2c
reloadAllAccessors: .TrigFunctionInverse

===========================================================================================
----------------- testing Mon Jan 21 03:17:07 UTC 2019 /home/travis/build/icyphy/ptII/ptolemy/actor/lib/test/auto/TrigFunctionTan.xml
----------------- Instantiating /home/travis/build/icyphy/ptII/ptolemy/actor/lib/test/auto/TrigFunctionTan.xml
1 ms. Memory: 1783296K Free: 1336929K (75%)
----------------- Invoking toplevel() on ptolemy.moml.MoMLSimpleApplication@229b5d16
----------------- Done invoking toplevel() on ptolemy.moml.MoMLSimpleApplication@229b5d16
reloadAllAccessors: .TrigFunctionTan

===========================================================================================
----------------- testing Mon Jan 21 03:17:07 UTC 2019 /home/travis/build/icyphy/ptII/ptolemy/actor/lib/test/auto/TriggeredClock.xml
----------------- Instantiating /home/travis/build/icyphy/ptII/ptolemy/actor/lib/test/auto/TriggeredClock.xml
1 ms. Memory: 1783296K Free: 1320217K (74%)
----------------- Invoking toplevel() on ptolemy.moml.MoMLSimpleApplication@27de9fae
----------------- Done invoking toplevel() on ptolemy.moml.MoMLSimpleApplication@27de9fae
reloadAllAccessors: .TriggeredClock

===========================================================================================
----------------- testing Mon Jan 21 03:17:07 UTC 2019 /home/travis/build/icyphy/ptII/ptolemy/actor/lib/test/auto/URLDirectoryReader.xml
----------------- Instantiating /home/travis/build/icyphy/ptII/ptolemy/actor/lib/test/auto/URLDirectoryReader.xml
32 ms. Memory: 1783296K Free: 1299993K (73%)
----------------- Invoking toplevel() on ptolemy.moml.MoMLSimpleApplication@3ed9bbc4
----------------- Done invoking toplevel() on ptolemy.moml.MoMLSimpleApplication@3ed9bbc4
reloadAllAccessors: .URLDirectoryReader

===========================================================================================
----------------- testing Mon Jan 21 03:17:07 UTC 2019 /home/travis/build/icyphy/ptII/ptolemy/actor/lib/test/auto/URLDirectoryReader3.xml
----------------- Instantiating /home/travis/build/icyphy/ptII/ptolemy/actor/lib/test/auto/URLDirectoryReader3.xml
1052 ms. Memory: 1783296K Free: 1237990K (69%)
----------------- Invoking toplevel() on ptolemy.moml.MoMLSimpleApplication@509a81db
----------------- Done invoking toplevel() on ptolemy.moml.MoMLSimpleApplication@509a81db
reloadAllAccessors: .URLDirectoryReader3

===========================================================================================
----------------- testing Mon Jan 21 03:17:09 UTC 2019 /home/travis/build/icyphy/ptII/ptolemy/actor/lib/test/auto/UnaryMathFunction.xml
----------------- Instantiating /home/travis/build/icyphy/ptII/ptolemy/actor/lib/test/auto/UnaryMathFunction.xml
3 ms. Memory: 1783296K Free: 1217766K (68%)
----------------- Invoking toplevel() on ptolemy.moml.MoMLSimpleApplication@355db633
----------------- Done invoking toplevel() on ptolemy.moml.MoMLSimpleApplication@355db633
reloadAllAccessors: .UnaryMathFunction

===========================================================================================
----------------- testing Mon Jan 21 03:17:09 UTC 2019 /home/travis/build/icyphy/ptII/ptolemy/actor/lib/test/auto/Uniform.xml
----------------- Instantiating /home/travis/build/icyphy/ptII/ptolemy/actor/lib/test/auto/Uniform.xml
5 ms. Memory: 1783296K Free: 1201054K (67%)
----------------- Invoking toplevel() on ptolemy.moml.MoMLSimpleApplication@6aabe98b
----------------- Done invoking toplevel() on ptolemy.moml.MoMLSimpleApplication@6aabe98b
reloadAllAccessors: .Uniform

===========================================================================================
----------------- testing Mon Jan 21 03:17:09 UTC 2019 /home/travis/build/icyphy/ptII/ptolemy/actor/lib/test/auto/UnionDisassemblerTest.xml
----------------- Instantiating /home/travis/build/icyphy/ptII/ptolemy/actor/lib/test/auto/UnionDisassemblerTest.xml
15 ms. Memory: 1783296K Free: 1180830K (66%)
----------------- Invoking toplevel() on ptolemy.moml.MoMLSimpleApplication@5ef893fd
----------------- Done invoking toplevel() on ptolemy.moml.MoMLSimpleApplication@5ef893fd
reloadAllAccessors: .UnionDisassemblerTest

===========================================================================================
----------------- testing Mon Jan 21 03:17:09 UTC 2019 /home/travis/build/icyphy/ptII/ptolemy/actor/lib/test/auto/UtilityFunctions.xml
----------------- Instantiating /home/travis/build/icyphy/ptII/ptolemy/actor/lib/test/auto/UtilityFunctions.xml
9 ms. Memory: 1783296K Free: 1160606K (65%)
----------------- Invoking toplevel() on ptolemy.moml.MoMLSimpleApplication@6c203c9c
----------------- Done invoking toplevel() on ptolemy.moml.MoMLSimpleApplication@6c203c9c
reloadAllAccessors: .UtilityFunctions

===========================================================================================
----------------- testing Mon Jan 21 03:17:09 UTC 2019 /home/travis/build/icyphy/ptII/ptolemy/actor/lib/test/auto/VariableSleep.xml
----------------- Instantiating /home/travis/build/icyphy/ptII/ptolemy/actor/lib/test/auto/VariableSleep.xml
514 ms. Memory: 1783296K Free: 1143894K (64%)
----------------- Invoking toplevel() on ptolemy.moml.MoMLSimpleApplication@629ed641
----------------- Done invoking toplevel() on ptolemy.moml.MoMLSimpleApplication@629ed641
reloadAllAccessors: .VariableSleep

===========================================================================================
----------------- testing Mon Jan 21 03:17:10 UTC 2019 /home/travis/build/icyphy/ptII/ptolemy/actor/lib/test/auto/VectorAssemblerDisassemblerCT.xml
----------------- Instantiating /home/travis/build/icyphy/ptII/ptolemy/actor/lib/test/auto/VectorAssemblerDisassemblerCT.xml
66 ms. Memory: 1783296K Free: 1106943K (62%)
----------------- Invoking toplevel() on ptolemy.moml.MoMLSimpleApplication@4a29fd50
----------------- Done invoking toplevel() on ptolemy.moml.MoMLSimpleApplication@4a29fd50
reloadAllAccessors: .VectorAssemblerDisassemblerCT

===========================================================================================
----------------- testing Mon Jan 21 03:17:10 UTC 2019 /home/travis/build/icyphy/ptII/ptolemy/actor/lib/test/auto/VectorAssemblerDisassemblerDE.xml
----------------- Instantiating /home/travis/build/icyphy/ptII/ptolemy/actor/lib/test/auto/VectorAssemblerDisassemblerDE.xml
2 ms. Memory: 1783296K Free: 1086718K (61%)
----------------- Invoking toplevel() on ptolemy.moml.MoMLSimpleApplication@65b50615
----------------- Done invoking toplevel() on ptolemy.moml.MoMLSimpleApplication@65b50615
reloadAllAccessors: .VectorAssemblerDisassemblerDE

===========================================================================================
----------------- testing Mon Jan 21 03:17:10 UTC 2019 /home/travis/build/icyphy/ptII/ptolemy/actor/lib/test/auto/VectorAssemblerDisassemblerSDF.xml
----------------- Instantiating /home/travis/build/icyphy/ptII/ptolemy/actor/lib/test/auto/VectorAssemblerDisassemblerSDF.xml
2 ms. Memory: 1783296K Free: 1066494K (60%)
----------------- Invoking toplevel() on ptolemy.moml.MoMLSimpleApplication@3dc4fd5f
----------------- Done invoking toplevel() on ptolemy.moml.MoMLSimpleApplication@3dc4fd5f
reloadAllAccessors: .VectorAssemblerDisassemblerSDF

===========================================================================================
----------------- testing Mon Jan 21 03:17:10 UTC 2019 /home/travis/build/icyphy/ptII/ptolemy/actor/lib/test/auto/WallClockTime.xml
----------------- Instantiating /home/travis/build/icyphy/ptII/ptolemy/actor/lib/test/auto/WallClockTime.xml
1004 ms. Memory: 1783296K Free: 1049783K (59%)
----------------- Invoking toplevel() on ptolemy.moml.MoMLSimpleApplication@7ea98c05
----------------- Done invoking toplevel() on ptolemy.moml.MoMLSimpleApplication@7ea98c05
reloadAllAccessors: .WallClockTime

===========================================================================================
----------------- testing Mon Jan 21 03:17:11 UTC 2019 /home/travis/build/icyphy/ptII/ptolemy/actor/lib/test/auto/WidthTestWithSubscriberPublisher.xml
----------------- Instantiating /home/travis/build/icyphy/ptII/ptolemy/actor/lib/test/auto/WidthTestWithSubscriberPublisher.xml
6 ms. Memory: 1783296K Free: 1021187K (57%)
----------------- Invoking toplevel() on ptolemy.moml.MoMLSimpleApplication@4c3ab180
----------------- Done invoking toplevel() on ptolemy.moml.MoMLSimpleApplication@4c3ab180
reloadAllAccessors: .WidthTestWithSubscriberPublisher

===========================================================================================
----------------- testing Mon Jan 21 03:17:11 UTC 2019 /home/travis/build/icyphy/ptII/ptolemy/actor/lib/test/auto/WidthTestWithSubscriberPublisher2.xml
----------------- Instantiating /home/travis/build/icyphy/ptII/ptolemy/actor/lib/test/auto/WidthTestWithSubscriberPublisher2.xml
2 ms. Memory: 1783296K Free: 1000963K (56%)
----------------- Invoking toplevel() on ptolemy.moml.MoMLSimpleApplication@9f58602
----------------- Done invoking toplevel() on ptolemy.moml.MoMLSimpleApplication@9f58602
reloadAllAccessors: .WidthTestWithSubscriberPublisher2

===========================================================================================
----------------- testing Mon Jan 21 03:17:11 UTC 2019 /home/travis/build/icyphy/ptII/ptolemy/actor/lib/test/auto/WidthTestWithSubscriberPublisher3.xml
----------------- Instantiating /home/travis/build/icyphy/ptII/ptolemy/actor/lib/test/auto/WidthTestWithSubscriberPublisher3.xml
2 ms. Memory: 1783296K Free: 984251K (55%)
----------------- Invoking toplevel() on ptolemy.moml.MoMLSimpleApplication@67127e70
----------------- Done invoking toplevel() on ptolemy.moml.MoMLSimpleApplication@67127e70
reloadAllAccessors: .WidthTestWithSubscriberPublisher3

===========================================================================================
----------------- testing Mon Jan 21 03:17:11 UTC 2019 /home/travis/build/icyphy/ptII/ptolemy/actor/lib/test/auto/Writer.xml
----------------- Instantiating /home/travis/build/icyphy/ptII/ptolemy/actor/lib/test/auto/Writer.xml
0
1
2
3
4
2 ms. Memory: 1783296K Free: 964027K (54%)
----------------- Invoking toplevel() on ptolemy.moml.MoMLSimpleApplication@231db608
----------------- Done invoking toplevel() on ptolemy.moml.MoMLSimpleApplication@231db608
reloadAllAccessors: .Writer

===========================================================================================
----------------- testing Mon Jan 21 03:17:11 UTC 2019 /home/travis/build/icyphy/ptII/ptolemy/actor/lib/test/auto/array.xml
----------------- Instantiating /home/travis/build/icyphy/ptII/ptolemy/actor/lib/test/auto/array.xml
2 ms. Memory: 1783296K Free: 943803K (53%)
----------------- Invoking toplevel() on ptolemy.moml.MoMLSimpleApplication@3e6f30dc
----------------- Done invoking toplevel() on ptolemy.moml.MoMLSimpleApplication@3e6f30dc
reloadAllAccessors: .array

===========================================================================================
----------------- testing Mon Jan 21 03:17:11 UTC 2019 /home/travis/build/icyphy/ptII/ptolemy/actor/lib/test/auto/array2.xml
----------------- Instantiating /home/travis/build/icyphy/ptII/ptolemy/actor/lib/test/auto/array2.xml
5 ms. Memory: 1783296K Free: 923579K (52%)
----------------- Invoking toplevel() on ptolemy.moml.MoMLSimpleApplication@8d6f890
----------------- Done invoking toplevel() on ptolemy.moml.MoMLSimpleApplication@8d6f890
reloadAllAccessors: .array2

===========================================================================================
----------------- testing Mon Jan 21 03:17:11 UTC 2019 /home/travis/build/icyphy/ptII/ptolemy/actor/lib/test/auto/arrayType.xml
----------------- Instantiating /home/travis/build/icyphy/ptII/ptolemy/actor/lib/test/auto/arrayType.xml
1 ms. Memory: 1783296K Free: 906867K (51%)
----------------- Invoking toplevel() on ptolemy.moml.MoMLSimpleApplication@7426648e
----------------- Done invoking toplevel() on ptolemy.moml.MoMLSimpleApplication@7426648e
reloadAllAccessors: .arrayType

===========================================================================================
----------------- testing Mon Jan 21 03:17:11 UTC 2019 /home/travis/build/icyphy/ptII/ptolemy/actor/lib/test/auto/arrayType10.xml
----------------- Instantiating /home/travis/build/icyphy/ptII/ptolemy/actor/lib/test/auto/arrayType10.xml
1 ms. Memory: 1783296K Free: 886643K (50%)
----------------- Invoking toplevel() on ptolemy.moml.MoMLSimpleApplication@6d045df2
----------------- Done invoking toplevel() on ptolemy.moml.MoMLSimpleApplication@6d045df2
reloadAllAccessors: .arrayType10

===========================================================================================
----------------- testing Mon Jan 21 03:17:11 UTC 2019 /home/travis/build/icyphy/ptII/ptolemy/actor/lib/test/auto/arrayType11.xml
----------------- Instantiating /home/travis/build/icyphy/ptII/ptolemy/actor/lib/test/auto/arrayType11.xml
1 ms. Memory: 1783296K Free: 866419K (49%)
----------------- Invoking toplevel() on ptolemy.moml.MoMLSimpleApplication@39233b3b
----------------- Done invoking toplevel() on ptolemy.moml.MoMLSimpleApplication@39233b3b
reloadAllAccessors: .arrayType11

===========================================================================================
----------------- testing Mon Jan 21 03:17:11 UTC 2019 /home/travis/build/icyphy/ptII/ptolemy/actor/lib/test/auto/arrayType12.xml
----------------- Instantiating /home/travis/build/icyphy/ptII/ptolemy/actor/lib/test/auto/arrayType12.xml
1 ms. Memory: 1783296K Free: 846195K (47%)
----------------- Invoking toplevel() on ptolemy.moml.MoMLSimpleApplication@39291c11
----------------- Done invoking toplevel() on ptolemy.moml.MoMLSimpleApplication@39291c11
reloadAllAccessors: .arrayType12

===========================================================================================
----------------- testing Mon Jan 21 03:17:11 UTC 2019 /home/travis/build/icyphy/ptII/ptolemy/actor/lib/test/auto/arrayType13.xml
----------------- Instantiating /home/travis/build/icyphy/ptII/ptolemy/actor/lib/test/auto/arrayType13.xml
1 ms. Memory: 1783296K Free: 829484K (47%)
----------------- Invoking toplevel() on ptolemy.moml.MoMLSimpleApplication@311efd92
----------------- Done invoking toplevel() on ptolemy.moml.MoMLSimpleApplication@311efd92
reloadAllAccessors: .arrayType13

===========================================================================================
----------------- testing Mon Jan 21 03:17:11 UTC 2019 /home/travis/build/icyphy/ptII/ptolemy/actor/lib/test/auto/arrayType14.xml
----------------- Instantiating /home/travis/build/icyphy/ptII/ptolemy/actor/lib/test/auto/arrayType14.xml
1 ms. Memory: 1783296K Free: 809260K (45%)
----------------- Invoking toplevel() on ptolemy.moml.MoMLSimpleApplication@4730ba10
----------------- Done invoking toplevel() on ptolemy.moml.MoMLSimpleApplication@4730ba10
reloadAllAccessors: .arrayType14

===========================================================================================
----------------- testing Mon Jan 21 03:17:11 UTC 2019 /home/travis/build/icyphy/ptII/ptolemy/actor/lib/test/auto/arrayType15.xml
----------------- Instantiating /home/travis/build/icyphy/ptII/ptolemy/actor/lib/test/auto/arrayType15.xml
2 ms. Memory: 1783296K Free: 789036K (44%)
----------------- Invoking toplevel() on ptolemy.moml.MoMLSimpleApplication@f6ce21c
----------------- Done invoking toplevel() on ptolemy.moml.MoMLSimpleApplication@f6ce21c
reloadAllAccessors: .arrayType15

===========================================================================================
----------------- testing Mon Jan 21 03:17:11 UTC 2019 /home/travis/build/icyphy/ptII/ptolemy/actor/lib/test/auto/arrayType16.xml
----------------- Instantiating /home/travis/build/icyphy/ptII/ptolemy/actor/lib/test/auto/arrayType16.xml
2 ms. Memory: 1783296K Free: 772324K (43%)
----------------- Invoking toplevel() on ptolemy.moml.MoMLSimpleApplication@516429ac
----------------- Done invoking toplevel() on ptolemy.moml.MoMLSimpleApplication@516429ac
reloadAllAccessors: .arrayType16

===========================================================================================
----------------- testing Mon Jan 21 03:17:11 UTC 2019 /home/travis/build/icyphy/ptII/ptolemy/actor/lib/test/auto/arrayType17.xml
----------------- Instantiating /home/travis/build/icyphy/ptII/ptolemy/actor/lib/test/auto/arrayType17.xml
3 ms. Memory: 1783296K Free: 752100K (42%)
----------------- Invoking toplevel() on ptolemy.moml.MoMLSimpleApplication@2f8ba437
----------------- Done invoking toplevel() on ptolemy.moml.MoMLSimpleApplication@2f8ba437
reloadAllAccessors: .arrayType17

===========================================================================================
----------------- testing Mon Jan 21 03:17:11 UTC 2019 /home/travis/build/icyphy/ptII/ptolemy/actor/lib/test/auto/arrayType18.xml
----------------- Instantiating /home/travis/build/icyphy/ptII/ptolemy/actor/lib/test/auto/arrayType18.xml
1 ms. Memory: 1783296K Free: 731876K (41%)
----------------- Invoking toplevel() on ptolemy.moml.MoMLSimpleApplication@7cf1bf77
----------------- Done invoking toplevel() on ptolemy.moml.MoMLSimpleApplication@7cf1bf77
reloadAllAccessors: .arrayType18

===========================================================================================
----------------- testing Mon Jan 21 03:17:11 UTC 2019 /home/travis/build/icyphy/ptII/ptolemy/actor/lib/test/auto/arrayType19.xml
----------------- Instantiating /home/travis/build/icyphy/ptII/ptolemy/actor/lib/test/auto/arrayType19.xml
1 ms. Memory: 1783296K Free: 711652K (40%)
----------------- Invoking toplevel() on ptolemy.moml.MoMLSimpleApplication@27c96773
----------------- Done invoking toplevel() on ptolemy.moml.MoMLSimpleApplication@27c96773
reloadAllAccessors: .arrayType19

===========================================================================================
----------------- testing Mon Jan 21 03:17:11 UTC 2019 /home/travis/build/icyphy/ptII/ptolemy/actor/lib/test/auto/arrayType2.xml
----------------- Instantiating /home/travis/build/icyphy/ptII/ptolemy/actor/lib/test/auto/arrayType2.xml
1 ms. Memory: 1783296K Free: 694941K (39%)
----------------- Invoking toplevel() on ptolemy.moml.MoMLSimpleApplication@1bc92bc6
----------------- Done invoking toplevel() on ptolemy.moml.MoMLSimpleApplication@1bc92bc6
reloadAllAccessors: .arrayType2

===========================================================================================
----------------- testing Mon Jan 21 03:17:11 UTC 2019 /home/travis/build/icyphy/ptII/ptolemy/actor/lib/test/auto/arrayType20.xml
----------------- Instantiating /home/travis/build/icyphy/ptII/ptolemy/actor/lib/test/auto/arrayType20.xml
1 ms. Memory: 1783296K Free: 674717K (38%)
----------------- Invoking toplevel() on ptolemy.moml.MoMLSimpleApplication@b20ee8d
----------------- Done invoking toplevel() on ptolemy.moml.MoMLSimpleApplication@b20ee8d
reloadAllAccessors: .arrayType20

===========================================================================================
----------------- testing Mon Jan 21 03:17:11 UTC 2019 /home/travis/build/icyphy/ptII/ptolemy/actor/lib/test/auto/arrayType21.xml
----------------- Instantiating /home/travis/build/icyphy/ptII/ptolemy/actor/lib/test/auto/arrayType21.xml
2 ms. Memory: 1783296K Free: 654493K (37%)
----------------- Invoking toplevel() on ptolemy.moml.MoMLSimpleApplication@760b112a
----------------- Done invoking toplevel() on ptolemy.moml.MoMLSimpleApplication@760b112a
reloadAllAccessors: .arrayType21

===========================================================================================
----------------- testing Mon Jan 21 03:17:11 UTC 2019 /home/travis/build/icyphy/ptII/ptolemy/actor/lib/test/auto/arrayType22.xml
----------------- Instantiating /home/travis/build/icyphy/ptII/ptolemy/actor/lib/test/auto/arrayType22.xml
1 ms. Memory: 1783296K Free: 637781K (36%)
----------------- Invoking toplevel() on ptolemy.moml.MoMLSimpleApplication@e211346
----------------- Done invoking toplevel() on ptolemy.moml.MoMLSimpleApplication@e211346
reloadAllAccessors: .arrayType22

===========================================================================================
----------------- testing Mon Jan 21 03:17:11 UTC 2019 /home/travis/build/icyphy/ptII/ptolemy/actor/lib/test/auto/arrayType23.xml
----------------- Instantiating /home/travis/build/icyphy/ptII/ptolemy/actor/lib/test/auto/arrayType23.xml
3 ms. Memory: 1783296K Free: 617557K (35%)
----------------- Invoking toplevel() on ptolemy.moml.MoMLSimpleApplication@59ba6150
----------------- Done invoking toplevel() on ptolemy.moml.MoMLSimpleApplication@59ba6150
reloadAllAccessors: .arrayType23

===========================================================================================
----------------- testing Mon Jan 21 03:17:11 UTC 2019 /home/travis/build/icyphy/ptII/ptolemy/actor/lib/test/auto/arrayType24.xml
----------------- Instantiating /home/travis/build/icyphy/ptII/ptolemy/actor/lib/test/auto/arrayType24.xml
3 ms. Memory: 1783296K Free: 597333K (33%)
----------------- Invoking toplevel() on ptolemy.moml.MoMLSimpleApplication@535ed853
----------------- Done invoking toplevel() on ptolemy.moml.MoMLSimpleApplication@535ed853
reloadAllAccessors: .arrayType24

===========================================================================================
----------------- testing Mon Jan 21 03:17:11 UTC 2019 /home/travis/build/icyphy/ptII/ptolemy/actor/lib/test/auto/arrayType25.xml
----------------- Instantiating /home/travis/build/icyphy/ptII/ptolemy/actor/lib/test/auto/arrayType25.xml
4 ms. Memory: 1783296K Free: 577109K (32%)
----------------- Invoking toplevel() on ptolemy.moml.MoMLSimpleApplication@570783b6
----------------- Done invoking toplevel() on ptolemy.moml.MoMLSimpleApplication@570783b6
reloadAllAccessors: .arrayType25

===========================================================================================
----------------- testing Mon Jan 21 03:17:11 UTC 2019 /home/travis/build/icyphy/ptII/ptolemy/actor/lib/test/auto/arrayType26.xml
----------------- Instantiating /home/travis/build/icyphy/ptII/ptolemy/actor/lib/test/auto/arrayType26.xml
2 ms. Memory: 1783296K Free: 560397K (31%)
----------------- Invoking toplevel() on ptolemy.moml.MoMLSimpleApplication@5a44be93
----------------- Done invoking toplevel() on ptolemy.moml.MoMLSimpleApplication@5a44be93
reloadAllAccessors: .arrayType26

===========================================================================================
----------------- testing Mon Jan 21 03:17:11 UTC 2019 /home/travis/build/icyphy/ptII/ptolemy/actor/lib/test/auto/arrayType27.xml
----------------- Instantiating /home/travis/build/icyphy/ptII/ptolemy/actor/lib/test/auto/arrayType27.xml
2 ms. Memory: 1783296K Free: 540173K (30%)
----------------- Invoking toplevel() on ptolemy.moml.MoMLSimpleApplication@2800e818
----------------- Done invoking toplevel() on ptolemy.moml.MoMLSimpleApplication@2800e818
reloadAllAccessors: .arrayType27

===========================================================================================
----------------- testing Mon Jan 21 03:17:11 UTC 2019 /home/travis/build/icyphy/ptII/ptolemy/actor/lib/test/auto/arrayType28.xml
----------------- Instantiating /home/travis/build/icyphy/ptII/ptolemy/actor/lib/test/auto/arrayType28.xml
2 ms. Memory: 1783296K Free: 519949K (29%)
----------------- Invoking toplevel() on ptolemy.moml.MoMLSimpleApplication@7f467cec
----------------- Done invoking toplevel() on ptolemy.moml.MoMLSimpleApplication@7f467cec
reloadAllAccessors: .arrayType28

===========================================================================================
----------------- testing Mon Jan 21 03:17:11 UTC 2019 /home/travis/build/icyphy/ptII/ptolemy/actor/lib/test/auto/arrayType3.xml
----------------- Instantiating /home/travis/build/icyphy/ptII/ptolemy/actor/lib/test/auto/arrayType3.xml
1 ms. Memory: 1783296K Free: 499725K (28%)
----------------- Invoking toplevel() on ptolemy.moml.MoMLSimpleApplication@3569e6c9
----------------- Done invoking toplevel() on ptolemy.moml.MoMLSimpleApplication@3569e6c9
reloadAllAccessors: .arrayType3

===========================================================================================
----------------- testing Mon Jan 21 03:17:11 UTC 2019 /home/travis/build/icyphy/ptII/ptolemy/actor/lib/test/auto/arrayType4.xml
----------------- Instantiating /home/travis/build/icyphy/ptII/ptolemy/actor/lib/test/auto/arrayType4.xml
2 ms. Memory: 1783296K Free: 483014K (27%)
----------------- Invoking toplevel() on ptolemy.moml.MoMLSimpleApplication@3c007d3b
----------------- Done invoking toplevel() on ptolemy.moml.MoMLSimpleApplication@3c007d3b
reloadAllAccessors: .arrayType4

===========================================================================================
----------------- testing Mon Jan 21 03:17:11 UTC 2019 /home/travis/build/icyphy/ptII/ptolemy/actor/lib/test/auto/arrayType5.xml
----------------- Instantiating /home/travis/build/icyphy/ptII/ptolemy/actor/lib/test/auto/arrayType5.xml
2 ms. Memory: 1783296K Free: 462790K (26%)
----------------- Invoking toplevel() on ptolemy.moml.MoMLSimpleApplication@36e4748e
----------------- Done invoking toplevel() on ptolemy.moml.MoMLSimpleApplication@36e4748e
reloadAllAccessors: .arrayType5

===========================================================================================
----------------- testing Mon Jan 21 03:17:11 UTC 2019 /home/travis/build/icyphy/ptII/ptolemy/actor/lib/test/auto/arrayType6.xml
----------------- Instantiating /home/travis/build/icyphy/ptII/ptolemy/actor/lib/test/auto/arrayType6.xml
1 ms. Memory: 1783296K Free: 442566K (25%)
----------------- Invoking toplevel() on ptolemy.moml.MoMLSimpleApplication@67cfa975
----------------- Done invoking toplevel() on ptolemy.moml.MoMLSimpleApplication@67cfa975
reloadAllAccessors: .arrayType6

===========================================================================================
----------------- testing Mon Jan 21 03:17:11 UTC 2019 /home/travis/build/icyphy/ptII/ptolemy/actor/lib/test/auto/arrayType7.xml
----------------- Instantiating /home/travis/build/icyphy/ptII/ptolemy/actor/lib/test/auto/arrayType7.xml
1 ms. Memory: 1783296K Free: 425854K (24%)
----------------- Invoking toplevel() on ptolemy.moml.MoMLSimpleApplication@7d609a4
----------------- Done invoking toplevel() on ptolemy.moml.MoMLSimpleApplication@7d609a4
reloadAllAccessors: .arrayType7

===========================================================================================
----------------- testing Mon Jan 21 03:17:11 UTC 2019 /home/travis/build/icyphy/ptII/ptolemy/actor/lib/test/auto/arrayType8.xml
----------------- Instantiating /home/travis/build/icyphy/ptII/ptolemy/actor/lib/test/auto/arrayType8.xml
2 ms. Memory: 1783296K Free: 405630K (23%)
----------------- Invoking toplevel() on ptolemy.moml.MoMLSimpleApplication@91f178e
----------------- Done invoking toplevel() on ptolemy.moml.MoMLSimpleApplication@91f178e
reloadAllAccessors: .arrayType8

===========================================================================================
----------------- testing Mon Jan 21 03:17:11 UTC 2019 /home/travis/build/icyphy/ptII/ptolemy/actor/lib/test/auto/arrayType9.xml
----------------- Instantiating /home/travis/build/icyphy/ptII/ptolemy/actor/lib/test/auto/arrayType9.xml
2 ms. Memory: 1783296K Free: 385406K (22%)
----------------- Invoking toplevel() on ptolemy.moml.MoMLSimpleApplication@68820da7
----------------- Done invoking toplevel() on ptolemy.moml.MoMLSimpleApplication@68820da7
reloadAllAccessors: .arrayType9

===========================================================================================
----------------- testing Mon Jan 21 03:17:11 UTC 2019 /home/travis/build/icyphy/ptII/ptolemy/actor/lib/test/auto/cast.xml
----------------- Instantiating /home/travis/build/icyphy/ptII/ptolemy/actor/lib/test/auto/cast.xml
6 ms. Memory: 1783296K Free: 365182K (20%)
----------------- Invoking toplevel() on ptolemy.moml.MoMLSimpleApplication@42c359e1
----------------- Done invoking toplevel() on ptolemy.moml.MoMLSimpleApplication@42c359e1
reloadAllAccessors: .cast

===========================================================================================
----------------- testing Mon Jan 21 03:17:11 UTC 2019 /home/travis/build/icyphy/ptII/ptolemy/actor/lib/test/auto/compositeMultiPort.xml
----------------- Instantiating /home/travis/build/icyphy/ptII/ptolemy/actor/lib/test/auto/compositeMultiPort.xml
3 ms. Memory: 1783296K Free: 348470K (20%)
----------------- Invoking toplevel() on ptolemy.moml.MoMLSimpleApplication@47e89db1
----------------- Done invoking toplevel() on ptolemy.moml.MoMLSimpleApplication@47e89db1
reloadAllAccessors: .compositeMultiPort

===========================================================================================
----------------- testing Mon Jan 21 03:17:11 UTC 2019 /home/travis/build/icyphy/ptII/ptolemy/actor/lib/test/auto/expressionCastInference.xml
----------------- Instantiating /home/travis/build/icyphy/ptII/ptolemy/actor/lib/test/auto/expressionCastInference.xml
2 ms. Memory: 1783296K Free: 328246K (18%)
----------------- Invoking toplevel() on ptolemy.moml.MoMLSimpleApplication@5e6f71a4
----------------- Done invoking toplevel() on ptolemy.moml.MoMLSimpleApplication@5e6f71a4
reloadAllAccessors: .expressionCastInference

===========================================================================================
----------------- testing Mon Jan 21 03:17:11 UTC 2019 /home/travis/build/icyphy/ptII/ptolemy/actor/lib/test/auto/expressionCastInference2.xml
----------------- Instantiating /home/travis/build/icyphy/ptII/ptolemy/actor/lib/test/auto/expressionCastInference2.xml
2 ms. Memory: 1783296K Free: 308023K (17%)
----------------- Invoking toplevel() on ptolemy.moml.MoMLSimpleApplication@698412d8
----------------- Done invoking toplevel() on ptolemy.moml.MoMLSimpleApplication@698412d8
reloadAllAccessors: .expressionCastInference2

===========================================================================================
----------------- testing Mon Jan 21 03:17:11 UTC 2019 /home/travis/build/icyphy/ptII/ptolemy/actor/lib/test/auto/expressionInference.xml
----------------- Instantiating /home/travis/build/icyphy/ptII/ptolemy/actor/lib/test/auto/expressionInference.xml
2 ms. Memory: 1783296K Free: 287799K (16%)
----------------- Invoking toplevel() on ptolemy.moml.MoMLSimpleApplication@2d3a725a
----------------- Done invoking toplevel() on ptolemy.moml.MoMLSimpleApplication@2d3a725a
reloadAllAccessors: .expressionInference

===========================================================================================
----------------- testing Mon Jan 21 03:17:11 UTC 2019 /home/travis/build/icyphy/ptII/ptolemy/actor/lib/test/auto/expression_bug.xml
----------------- Instantiating /home/travis/build/icyphy/ptII/ptolemy/actor/lib/test/auto/expression_bug.xml
1 ms. Memory: 1783296K Free: 271087K (15%)
----------------- Invoking toplevel() on ptolemy.moml.MoMLSimpleApplication@7f679ca2
----------------- Done invoking toplevel() on ptolemy.moml.MoMLSimpleApplication@7f679ca2
reloadAllAccessors: .expression_bug

===========================================================================================
----------------- testing Mon Jan 21 03:17:11 UTC 2019 /home/travis/build/icyphy/ptII/ptolemy/actor/lib/test/auto/factorial.xml
----------------- Instantiating /home/travis/build/icyphy/ptII/ptolemy/actor/lib/test/auto/factorial.xml
42 ms. Memory: 1783296K Free: 250863K (14%)
----------------- Invoking toplevel() on ptolemy.moml.MoMLSimpleApplication@7e5f4a1e
----------------- Done invoking toplevel() on ptolemy.moml.MoMLSimpleApplication@7e5f4a1e
reloadAllAccessors: .factorial

===========================================================================================
----------------- testing Mon Jan 21 03:17:11 UTC 2019 /home/travis/build/icyphy/ptII/ptolemy/actor/lib/test/auto/filterTest1.xml
----------------- Instantiating /home/travis/build/icyphy/ptII/ptolemy/actor/lib/test/auto/filterTest1.xml
3 ms. Memory: 1783296K Free: 230639K (13%)
----------------- Invoking toplevel() on ptolemy.moml.MoMLSimpleApplication@6002cad1
----------------- Done invoking toplevel() on ptolemy.moml.MoMLSimpleApplication@6002cad1
reloadAllAccessors: .filterTest1

===========================================================================================
----------------- testing Mon Jan 21 03:17:11 UTC 2019 /home/travis/build/icyphy/ptII/ptolemy/actor/lib/test/auto/funcApplyInConst.xml
----------------- Instantiating /home/travis/build/icyphy/ptII/ptolemy/actor/lib/test/auto/funcApplyInConst.xml
1 ms. Memory: 1783296K Free: 210415K (12%)
----------------- Invoking toplevel() on ptolemy.moml.MoMLSimpleApplication@4984c657
----------------- Done invoking toplevel() on ptolemy.moml.MoMLSimpleApplication@4984c657
reloadAllAccessors: .funcApplyInConst

===========================================================================================
----------------- testing Mon Jan 21 03:17:11 UTC 2019 /home/travis/build/icyphy/ptII/ptolemy/actor/lib/test/auto/funcApplyInExpr.xml
----------------- Instantiating /home/travis/build/icyphy/ptII/ptolemy/actor/lib/test/auto/funcApplyInExpr.xml
1 ms. Memory: 1783296K Free: 193703K (11%)
----------------- Invoking toplevel() on ptolemy.moml.MoMLSimpleApplication@543635f6
----------------- Done invoking toplevel() on ptolemy.moml.MoMLSimpleApplication@543635f6
reloadAllAccessors: .funcApplyInExpr

===========================================================================================
----------------- testing Mon Jan 21 03:17:11 UTC 2019 /home/travis/build/icyphy/ptII/ptolemy/actor/lib/test/auto/function.xml
----------------- Instantiating /home/travis/build/icyphy/ptII/ptolemy/actor/lib/test/auto/function.xml
1 ms. Memory: 1783296K Free: 173479K (10%)
----------------- Invoking toplevel() on ptolemy.moml.MoMLSimpleApplication@31226eb6
----------------- Done invoking toplevel() on ptolemy.moml.MoMLSimpleApplication@31226eb6
reloadAllAccessors: .function

===========================================================================================
----------------- testing Mon Jan 21 03:17:11 UTC 2019 /home/travis/build/icyphy/ptII/ptolemy/actor/lib/test/auto/function2.xml
----------------- Instantiating /home/travis/build/icyphy/ptII/ptolemy/actor/lib/test/auto/function2.xml
2 ms. Memory: 1783296K Free: 153255K (9%)
----------------- Invoking toplevel() on ptolemy.moml.MoMLSimpleApplication@67abd192
----------------- Done invoking toplevel() on ptolemy.moml.MoMLSimpleApplication@67abd192
reloadAllAccessors: .function2

===========================================================================================
----------------- testing Mon Jan 21 03:17:11 UTC 2019 /home/travis/build/icyphy/ptII/ptolemy/actor/lib/test/auto/function3.xml
----------------- Instantiating /home/travis/build/icyphy/ptII/ptolemy/actor/lib/test/auto/function3.xml
1 ms. Memory: 1783296K Free: 136543K (8%)
----------------- Invoking toplevel() on ptolemy.moml.MoMLSimpleApplication@5843a15c
----------------- Done invoking toplevel() on ptolemy.moml.MoMLSimpleApplication@5843a15c
reloadAllAccessors: .function3

===========================================================================================
----------------- testing Mon Jan 21 03:17:11 UTC 2019 /home/travis/build/icyphy/ptII/ptolemy/actor/lib/test/auto/functionClosureTest1.xml
----------------- Instantiating /home/travis/build/icyphy/ptII/ptolemy/actor/lib/test/auto/functionClosureTest1.xml
1 ms. Memory: 1783296K Free: 116319K (7%)
----------------- Invoking toplevel() on ptolemy.moml.MoMLSimpleApplication@fb74bf3
----------------- Done invoking toplevel() on ptolemy.moml.MoMLSimpleApplication@fb74bf3
reloadAllAccessors: .functionClosureTest1

===========================================================================================
----------------- testing Mon Jan 21 03:17:12 UTC 2019 /home/travis/build/icyphy/ptII/ptolemy/actor/lib/test/auto/functionClosureTest2.xml
----------------- Instantiating /home/travis/build/icyphy/ptII/ptolemy/actor/lib/test/auto/functionClosureTest2.xml
1 ms. Memory: 1783296K Free: 96095K (5%)
----------------- Invoking toplevel() on ptolemy.moml.MoMLSimpleApplication@1f347182
----------------- Done invoking toplevel() on ptolemy.moml.MoMLSimpleApplication@1f347182
reloadAllAccessors: .functionClosureTest2

===========================================================================================
----------------- testing Mon Jan 21 03:17:12 UTC 2019 /home/travis/build/icyphy/ptII/ptolemy/actor/lib/test/auto/functionClosureTest3.xml
----------------- Instantiating /home/travis/build/icyphy/ptII/ptolemy/actor/lib/test/auto/functionClosureTest3.xml
2 ms. Memory: 1783296K Free: 75871K (4%)
----------------- Invoking toplevel() on ptolemy.moml.MoMLSimpleApplication@4b95cbab
----------------- Done invoking toplevel() on ptolemy.moml.MoMLSimpleApplication@4b95cbab
reloadAllAccessors: .functionClosureTest3

===========================================================================================
----------------- testing Mon Jan 21 03:17:12 UTC 2019 /home/travis/build/icyphy/ptII/ptolemy/actor/lib/test/auto/functionClosureTest4.xml
----------------- Instantiating /home/travis/build/icyphy/ptII/ptolemy/actor/lib/test/auto/functionClosureTest4.xml
6 ms. Memory: 1784832K Free: 1717102K (96%)
----------------- Invoking toplevel() on ptolemy.moml.MoMLSimpleApplication@5fb7ffba
----------------- Done invoking toplevel() on ptolemy.moml.MoMLSimpleApplication@5fb7ffba
reloadAllAccessors: .functionClosureTest4

===========================================================================================
----------------- testing Mon Jan 21 03:17:12 UTC 2019 /home/travis/build/icyphy/ptII/ptolemy/actor/lib/test/auto/functionClosureTest5.xml
----------------- Instantiating /home/travis/build/icyphy/ptII/ptolemy/actor/lib/test/auto/functionClosureTest5.xml
3 ms. Memory: 1784832K Free: 1696637K (95%)
----------------- Invoking toplevel() on ptolemy.moml.MoMLSimpleApplication@495e3fa0
----------------- Done invoking toplevel() on ptolemy.moml.MoMLSimpleApplication@495e3fa0
reloadAllAccessors: .functionClosureTest5

===========================================================================================
----------------- testing Mon Jan 21 03:17:12 UTC 2019 /home/travis/build/icyphy/ptII/ptolemy/actor/lib/test/auto/functionClosureTest6.xml
----------------- Instantiating /home/travis/build/icyphy/ptII/ptolemy/actor/lib/test/auto/functionClosureTest6.xml
1 ms. Memory: 1784832K Free: 1676171K (94%)
----------------- Invoking toplevel() on ptolemy.moml.MoMLSimpleApplication@697d5969
----------------- Done invoking toplevel() on ptolemy.moml.MoMLSimpleApplication@697d5969
reloadAllAccessors: .functionClosureTest6

===========================================================================================
----------------- testing Mon Jan 21 03:17:12 UTC 2019 /home/travis/build/icyphy/ptII/ptolemy/actor/lib/test/auto/functionsOnArcs.xml
----------------- Instantiating /home/travis/build/icyphy/ptII/ptolemy/actor/lib/test/auto/functionsOnArcs.xml
2 ms. Memory: 1784832K Free: 1655705K (93%)
----------------- Invoking toplevel() on ptolemy.moml.MoMLSimpleApplication@5ba331e8
----------------- Done invoking toplevel() on ptolemy.moml.MoMLSimpleApplication@5ba331e8
reloadAllAccessors: .functionsOnArcs

===========================================================================================
----------------- testing Mon Jan 21 03:17:12 UTC 2019 /home/travis/build/icyphy/ptII/ptolemy/actor/lib/test/auto/functionsOnArcsHOF.xml
----------------- Instantiating /home/travis/build/icyphy/ptII/ptolemy/actor/lib/test/auto/functionsOnArcsHOF.xml
2 ms. Memory: 1784832K Free: 1638994K (92%)
----------------- Invoking toplevel() on ptolemy.moml.MoMLSimpleApplication@15e47d3b
----------------- Done invoking toplevel() on ptolemy.moml.MoMLSimpleApplication@15e47d3b
reloadAllAccessors: .functionsOnArcsHOF

===========================================================================================
----------------- testing Mon Jan 21 03:17:12 UTC 2019 /home/travis/build/icyphy/ptII/ptolemy/actor/lib/test/auto/logic.xml
----------------- Instantiating /home/travis/build/icyphy/ptII/ptolemy/actor/lib/test/auto/logic.xml
2 ms. Memory: 1784832K Free: 1618528K (91%)
----------------- Invoking toplevel() on ptolemy.moml.MoMLSimpleApplication@1b78ffb2
----------------- Done invoking toplevel() on ptolemy.moml.MoMLSimpleApplication@1b78ffb2
reloadAllAccessors: .logic

===========================================================================================
----------------- testing Mon Jan 21 03:17:12 UTC 2019 /home/travis/build/icyphy/ptII/ptolemy/actor/lib/test/auto/matrixType.xml
----------------- Instantiating /home/travis/build/icyphy/ptII/ptolemy/actor/lib/test/auto/matrixType.xml
1 ms. Memory: 1784832K Free: 1598063K (90%)
----------------- Invoking toplevel() on ptolemy.moml.MoMLSimpleApplication@6fe97813
----------------- Done invoking toplevel() on ptolemy.moml.MoMLSimpleApplication@6fe97813
reloadAllAccessors: .matrixType

===========================================================================================
----------------- testing Mon Jan 21 03:17:12 UTC 2019 /home/travis/build/icyphy/ptII/ptolemy/actor/lib/test/auto/matrixType10.xml
----------------- Instantiating /home/travis/build/icyphy/ptII/ptolemy/actor/lib/test/auto/matrixType10.xml
1 ms. Memory: 1784832K Free: 1581351K (89%)
----------------- Invoking toplevel() on ptolemy.moml.MoMLSimpleApplication@395db308
----------------- Done invoking toplevel() on ptolemy.moml.MoMLSimpleApplication@395db308
reloadAllAccessors: .matrixType10

===========================================================================================
----------------- testing Mon Jan 21 03:17:12 UTC 2019 /home/travis/build/icyphy/ptII/ptolemy/actor/lib/test/auto/matrixType11.xml
----------------- Instantiating /home/travis/build/icyphy/ptII/ptolemy/actor/lib/test/auto/matrixType11.xml
1 ms. Memory: 1784832K Free: 1560885K (87%)
----------------- Invoking toplevel() on ptolemy.moml.MoMLSimpleApplication@789ca54d
----------------- Done invoking toplevel() on ptolemy.moml.MoMLSimpleApplication@789ca54d
reloadAllAccessors: .matrixType11

===========================================================================================
----------------- testing Mon Jan 21 03:17:12 UTC 2019 /home/travis/build/icyphy/ptII/ptolemy/actor/lib/test/auto/matrixType12.xml
----------------- Instantiating /home/travis/build/icyphy/ptII/ptolemy/actor/lib/test/auto/matrixType12.xml
2 ms. Memory: 1784832K Free: 1540394K (86%)
----------------- Invoking toplevel() on ptolemy.moml.MoMLSimpleApplication@3ca10926
----------------- Done invoking toplevel() on ptolemy.moml.MoMLSimpleApplication@3ca10926
reloadAllAccessors: .matrixType12

===========================================================================================
----------------- testing Mon Jan 21 03:17:12 UTC 2019 /home/travis/build/icyphy/ptII/ptolemy/actor/lib/test/auto/matrixType13.xml
----------------- Instantiating /home/travis/build/icyphy/ptII/ptolemy/actor/lib/test/auto/matrixType13.xml
2 ms. Memory: 1784832K Free: 1523682K (85%)
----------------- Invoking toplevel() on ptolemy.moml.MoMLSimpleApplication@743ae91d
----------------- Done invoking toplevel() on ptolemy.moml.MoMLSimpleApplication@743ae91d
reloadAllAccessors: .matrixType13

===========================================================================================
----------------- testing Mon Jan 21 03:17:12 UTC 2019 /home/travis/build/icyphy/ptII/ptolemy/actor/lib/test/auto/matrixType14.xml
----------------- Instantiating /home/travis/build/icyphy/ptII/ptolemy/actor/lib/test/auto/matrixType14.xml
1 ms. Memory: 1784832K Free: 1503216K (84%)
----------------- Invoking toplevel() on ptolemy.moml.MoMLSimpleApplication@111538ce
----------------- Done invoking toplevel() on ptolemy.moml.MoMLSimpleApplication@111538ce
reloadAllAccessors: .matrixType14

===========================================================================================
----------------- testing Mon Jan 21 03:17:12 UTC 2019 /home/travis/build/icyphy/ptII/ptolemy/actor/lib/test/auto/matrixType2.xml
----------------- Instantiating /home/travis/build/icyphy/ptII/ptolemy/actor/lib/test/auto/matrixType2.xml
1 ms. Memory: 1784832K Free: 1482751K (83%)
----------------- Invoking toplevel() on ptolemy.moml.MoMLSimpleApplication@1cb4e85d
----------------- Done invoking toplevel() on ptolemy.moml.MoMLSimpleApplication@1cb4e85d
reloadAllAccessors: .matrixType2

===========================================================================================
----------------- testing Mon Jan 21 03:17:12 UTC 2019 /home/travis/build/icyphy/ptII/ptolemy/actor/lib/test/auto/matrixType3.xml
----------------- Instantiating /home/travis/build/icyphy/ptII/ptolemy/actor/lib/test/auto/matrixType3.xml
1 ms. Memory: 1784832K Free: 1462285K (82%)
----------------- Invoking toplevel() on ptolemy.moml.MoMLSimpleApplication@55466319
----------------- Done invoking toplevel() on ptolemy.moml.MoMLSimpleApplication@55466319
reloadAllAccessors: .matrixType3

===========================================================================================
----------------- testing Mon Jan 21 03:17:12 UTC 2019 /home/travis/build/icyphy/ptII/ptolemy/actor/lib/test/auto/matrixType4.xml
----------------- Instantiating /home/travis/build/icyphy/ptII/ptolemy/actor/lib/test/auto/matrixType4.xml
1 ms. Memory: 1784832K Free: 1445573K (81%)
----------------- Invoking toplevel() on ptolemy.moml.MoMLSimpleApplication@3dbb7642
----------------- Done invoking toplevel() on ptolemy.moml.MoMLSimpleApplication@3dbb7642
reloadAllAccessors: .matrixType4

===========================================================================================
----------------- testing Mon Jan 21 03:17:12 UTC 2019 /home/travis/build/icyphy/ptII/ptolemy/actor/lib/test/auto/matrixType5.xml
----------------- Instantiating /home/travis/build/icyphy/ptII/ptolemy/actor/lib/test/auto/matrixType5.xml
1 ms. Memory: 1784832K Free: 1425108K (80%)
----------------- Invoking toplevel() on ptolemy.moml.MoMLSimpleApplication@5bef27
----------------- Done invoking toplevel() on ptolemy.moml.MoMLSimpleApplication@5bef27
reloadAllAccessors: .matrixType5

===========================================================================================
----------------- testing Mon Jan 21 03:17:12 UTC 2019 /home/travis/build/icyphy/ptII/ptolemy/actor/lib/test/auto/matrixType6.xml
----------------- Instantiating /home/travis/build/icyphy/ptII/ptolemy/actor/lib/test/auto/matrixType6.xml
1 ms. Memory: 1784832K Free: 1404642K (79%)
----------------- Invoking toplevel() on ptolemy.moml.MoMLSimpleApplication@6078ae04
----------------- Done invoking toplevel() on ptolemy.moml.MoMLSimpleApplication@6078ae04
reloadAllAccessors: .matrixType6

===========================================================================================
----------------- testing Mon Jan 21 03:17:12 UTC 2019 /home/travis/build/icyphy/ptII/ptolemy/actor/lib/test/auto/matrixType7.xml
----------------- Instantiating /home/travis/build/icyphy/ptII/ptolemy/actor/lib/test/auto/matrixType7.xml
2 ms. Memory: 1784832K Free: 1387931K (78%)
----------------- Invoking toplevel() on ptolemy.moml.MoMLSimpleApplication@5232f33
----------------- Done invoking toplevel() on ptolemy.moml.MoMLSimpleApplication@5232f33
reloadAllAccessors: .matrixType7

===========================================================================================
----------------- testing Mon Jan 21 03:17:12 UTC 2019 /home/travis/build/icyphy/ptII/ptolemy/actor/lib/test/auto/matrixType8.xml
----------------- Instantiating /home/travis/build/icyphy/ptII/ptolemy/actor/lib/test/auto/matrixType8.xml
1 ms. Memory: 1784832K Free: 1367465K (77%)
----------------- Invoking toplevel() on ptolemy.moml.MoMLSimpleApplication@140e1d27
----------------- Done invoking toplevel() on ptolemy.moml.MoMLSimpleApplication@140e1d27
reloadAllAccessors: .matrixType8

===========================================================================================
----------------- testing Mon Jan 21 03:17:12 UTC 2019 /home/travis/build/icyphy/ptII/ptolemy/actor/lib/test/auto/matrixType9.xml
----------------- Instantiating /home/travis/build/icyphy/ptII/ptolemy/actor/lib/test/auto/matrixType9.xml
1 ms. Memory: 1784832K Free: 1346999K (75%)
----------------- Invoking toplevel() on ptolemy.moml.MoMLSimpleApplication@1360dc20
----------------- Done invoking toplevel() on ptolemy.moml.MoMLSimpleApplication@1360dc20
reloadAllAccessors: .matrixType9

===========================================================================================
----------------- testing Mon Jan 21 03:17:12 UTC 2019 /home/travis/build/icyphy/ptII/ptolemy/actor/lib/test/auto/paraFunctest.xml
----------------- Instantiating /home/travis/build/icyphy/ptII/ptolemy/actor/lib/test/auto/paraFunctest.xml
1 ms. Memory: 1784832K Free: 1330288K (75%)
----------------- Invoking toplevel() on ptolemy.moml.MoMLSimpleApplication@2343ce0e
----------------- Done invoking toplevel() on ptolemy.moml.MoMLSimpleApplication@2343ce0e
reloadAllAccessors: .paraFunctest

===========================================================================================
----------------- testing Mon Jan 21 03:17:12 UTC 2019 /home/travis/build/icyphy/ptII/ptolemy/actor/lib/test/auto/paraFunctest2.xml
----------------- Instantiating /home/travis/build/icyphy/ptII/ptolemy/actor/lib/test/auto/paraFunctest2.xml
1 ms. Memory: 1784832K Free: 1309822K (73%)
----------------- Invoking toplevel() on ptolemy.moml.MoMLSimpleApplication@26249e4
----------------- Done invoking toplevel() on ptolemy.moml.MoMLSimpleApplication@26249e4
reloadAllAccessors: .paraFunctest2

===========================================================================================
----------------- testing Mon Jan 21 03:17:12 UTC 2019 /home/travis/build/icyphy/ptII/ptolemy/actor/lib/test/auto/parameterPassing.xml
----------------- Instantiating /home/travis/build/icyphy/ptII/ptolemy/actor/lib/test/auto/parameterPassing.xml
1 ms. Memory: 1784832K Free: 1289356K (72%)
----------------- Invoking toplevel() on ptolemy.moml.MoMLSimpleApplication@5c863026
----------------- Done invoking toplevel() on ptolemy.moml.MoMLSimpleApplication@5c863026
reloadAllAccessors: .parameterPassing

===========================================================================================
----------------- testing Mon Jan 21 03:17:12 UTC 2019 /home/travis/build/icyphy/ptII/ptolemy/actor/lib/test/auto/record.xml
----------------- Instantiating /home/travis/build/icyphy/ptII/ptolemy/actor/lib/test/auto/record.xml
2 ms. Memory: 1784832K Free: 1272645K (71%)
----------------- Invoking toplevel() on ptolemy.moml.MoMLSimpleApplication@6640b75d
----------------- Done invoking toplevel() on ptolemy.moml.MoMLSimpleApplication@6640b75d
reloadAllAccessors: .record

===========================================================================================
----------------- testing Mon Jan 21 03:17:12 UTC 2019 /home/travis/build/icyphy/ptII/ptolemy/actor/lib/test/auto/sizedarray1.xml
----------------- Instantiating /home/travis/build/icyphy/ptII/ptolemy/actor/lib/test/auto/sizedarray1.xml
1 ms. Memory: 1784832K Free: 1252179K (70%)
----------------- Invoking toplevel() on ptolemy.moml.MoMLSimpleApplication@4b405dc
----------------- Done invoking toplevel() on ptolemy.moml.MoMLSimpleApplication@4b405dc
reloadAllAccessors: .sizedarray1

===========================================================================================
----------------- testing Mon Jan 21 03:17:12 UTC 2019 /home/travis/build/icyphy/ptII/ptolemy/actor/lib/test/auto/sizedarray2.xml
----------------- Instantiating /home/travis/build/icyphy/ptII/ptolemy/actor/lib/test/auto/sizedarray2.xml
1 ms. Memory: 1784832K Free: 1231714K (69%)
----------------- Invoking toplevel() on ptolemy.moml.MoMLSimpleApplication@2ca72195
----------------- Done invoking toplevel() on ptolemy.moml.MoMLSimpleApplication@2ca72195
reloadAllAccessors: .sizedarray2

===========================================================================================
----------------- testing Mon Jan 21 03:17:12 UTC 2019 /home/travis/build/icyphy/ptII/ptolemy/actor/lib/test/auto/twoPublishers.xml
----------------- Instantiating /home/travis/build/icyphy/ptII/ptolemy/actor/lib/test/auto/twoPublishers.xml
2 ms. Memory: 1784832K Free: 1202885K (67%)
----------------- Invoking toplevel() on ptolemy.moml.MoMLSimpleApplication@3934a655
----------------- Done invoking toplevel() on ptolemy.moml.MoMLSimpleApplication@3934a655
reloadAllAccessors: .twoPublishers
AutoTests.java: About to close Vertx.
AutoTests.java: Vertx closed.
]]></system-out>
  <system-err><![CDATA[java.lang.RuntimeException: Execution failed
	at ptolemy.moml.MoMLSimpleApplication$UnloadThread.run(MoMLSimpleApplication.java:402)
Caused by: java.lang.RuntimeException: Normally, we would exit here because Manager.exitAfterWrapup() was called.  However, because the ptolemy.ptII.exitAfterWrapup property is set, we throw this exception instead.
	at ptolemy.util.StringUtilities.exit(StringUtilities.java:363)
	at ptolemy.actor.Manager.wrapup(Manager.java:1531)
	at ptolemy.actor.Manager.execute(Manager.java:407)
	at ptolemy.actor.Manager.run(Manager.java:1263)
	at ptolemy.actor.Manager$PtolemyRunThread.run(Manager.java:1915)
Warning: '.top.test' is in training mode, set the trainingMode parameter to false before checking in
Warning: '.top.test' is in training mode, set the trainingMode parameter to false before checking in
Warning: '.top.test' is in training mode, set the trainingMode parameter to false before checking in
Warning: '.BooleanSwitch_RegressionTest_WrongTrainingValues.Test' is in training mode, set the trainingMode parameter to false before checking in
Warning: '.BooleanSwitch_RegressionTest_WrongTrainingValues.Test2' is in training mode, set the trainingMode parameter to false before checking in
Warning: '.BooleanSwitch_RegressionTest_WrongTrainingValues.Test2' The test produced 0 tokens.
Warning: '.top.testExceptionHandler' is in training mode, set the trainingMode parameter to false before checking in
java.lang.RuntimeException: Execution failed
	at ptolemy.moml.MoMLSimpleApplication$UnloadThread.run(MoMLSimpleApplication.java:402)
Caused by: ptolemy.kernel.util.IllegalActionException: PublisherPorts cannot be used at the top level, use a Publisher actor instead.
  in .PublisherPortToplevelSubscriber.PublisherPort
	at ptolemy.actor.PublisherPort.preinitialize(PublisherPort.java:403)
	at ptolemy.actor.CompositeActor.preinitialize(CompositeActor.java:1769)
	at ptolemy.actor.Manager.preinitializeAndResolveTypes(Manager.java:1040)
	at ptolemy.actor.Manager.initialize(Manager.java:710)
	at ptolemy.actor.Manager.execute(Manager.java:356)
	at ptolemy.actor.Manager.run(Manager.java:1263)
	at ptolemy.actor.Manager$PtolemyRunThread.run(Manager.java:1915)
java.lang.reflect.InvocationTargetException
	at sun.reflect.NativeConstructorAccessorImpl.newInstance0(Native Method)
	at sun.reflect.NativeConstructorAccessorImpl.newInstance(NativeConstructorAccessorImpl.java:62)
	at sun.reflect.DelegatingConstructorAccessorImpl.newInstance(DelegatingConstructorAccessorImpl.java:45)
	at java.lang.reflect.Constructor.newInstance(Constructor.java:423)
	at ptolemy.util.test.junit.AutoKnownFailedTests.RunModel(AutoKnownFailedTests.java:105)
	at sun.reflect.NativeMethodAccessorImpl.invoke0(Native Method)
	at sun.reflect.NativeMethodAccessorImpl.invoke(NativeMethodAccessorImpl.java:62)
	at sun.reflect.DelegatingMethodAccessorImpl.invoke(DelegatingMethodAccessorImpl.java:43)
	at java.lang.reflect.Method.invoke(Method.java:498)
	at org.junit.runners.model.FrameworkMethod$1.runReflectiveCall(FrameworkMethod.java:44)
	at org.junit.internal.runners.model.ReflectiveCallable.run(ReflectiveCallable.java:15)
	at org.junit.runners.model.FrameworkMethod.invokeExplosively(FrameworkMethod.java:41)
	at junitparams.internal.InvokeParameterisedMethod.evaluate(InvokeParameterisedMethod.java:102)
	at org.junit.internal.runners.statements.FailOnTimeout$1.run(FailOnTimeout.java:28)
Caused by: ptolemy.kernel.util.IllegalActionException: PublisherPorts cannot be used at the top level, use a Publisher actor instead.
  in .PublisherPortToplevelSubscriber.PublisherPort
	at ptolemy.actor.PublisherPort.preinitialize(PublisherPort.java:403)
	at ptolemy.actor.CompositeActor.preinitialize(CompositeActor.java:1769)
	at ptolemy.actor.Manager.preinitializeAndResolveTypes(Manager.java:1040)
	at ptolemy.actor.Manager.initialize(Manager.java:710)
	at ptolemy.actor.Manager.execute(Manager.java:356)
	at ptolemy.actor.Manager.run(Manager.java:1263)
	at ptolemy.actor.Manager$PtolemyRunThread.run(Manager.java:1915)
java.lang.RuntimeException: Execution failed
	at ptolemy.moml.MoMLSimpleApplication$UnloadThread.run(MoMLSimpleApplication.java:402)
Caused by: ptolemy.kernel.util.IllegalActionException: SubscriberPorts cannot be used at the top level, use a Subscriber actor instead.
  in .PublisherSubscriberPortToplevel.SubscriberPort
	at ptolemy.actor.SubscriberPort.preinitialize(SubscriberPort.java:328)
	at ptolemy.actor.CompositeActor.preinitialize(CompositeActor.java:1769)
	at ptolemy.actor.Manager.preinitializeAndResolveTypes(Manager.java:1040)
	at ptolemy.actor.Manager.initialize(Manager.java:710)
	at ptolemy.actor.Manager.execute(Manager.java:356)
	at ptolemy.actor.Manager.run(Manager.java:1263)
	at ptolemy.actor.Manager$PtolemyRunThread.run(Manager.java:1915)
java.lang.reflect.InvocationTargetException
	at sun.reflect.NativeConstructorAccessorImpl.newInstance0(Native Method)
	at sun.reflect.NativeConstructorAccessorImpl.newInstance(NativeConstructorAccessorImpl.java:62)
	at sun.reflect.DelegatingConstructorAccessorImpl.newInstance(DelegatingConstructorAccessorImpl.java:45)
	at java.lang.reflect.Constructor.newInstance(Constructor.java:423)
	at ptolemy.util.test.junit.AutoKnownFailedTests.RunModel(AutoKnownFailedTests.java:105)
	at sun.reflect.NativeMethodAccessorImpl.invoke0(Native Method)
	at sun.reflect.NativeMethodAccessorImpl.invoke(NativeMethodAccessorImpl.java:62)
	at sun.reflect.DelegatingMethodAccessorImpl.invoke(DelegatingMethodAccessorImpl.java:43)
	at java.lang.reflect.Method.invoke(Method.java:498)
	at org.junit.runners.model.FrameworkMethod$1.runReflectiveCall(FrameworkMethod.java:44)
	at org.junit.internal.runners.model.ReflectiveCallable.run(ReflectiveCallable.java:15)
	at org.junit.runners.model.FrameworkMethod.invokeExplosively(FrameworkMethod.java:41)
	at junitparams.internal.InvokeParameterisedMethod.evaluate(InvokeParameterisedMethod.java:102)
	at org.junit.internal.runners.statements.FailOnTimeout$1.run(FailOnTimeout.java:28)
Caused by: ptolemy.kernel.util.IllegalActionException: SubscriberPorts cannot be used at the top level, use a Subscriber actor instead.
  in .PublisherSubscriberPortToplevel.SubscriberPort
	at ptolemy.actor.SubscriberPort.preinitialize(SubscriberPort.java:328)
	at ptolemy.actor.CompositeActor.preinitialize(CompositeActor.java:1769)
	at ptolemy.actor.Manager.preinitializeAndResolveTypes(Manager.java:1040)
	at ptolemy.actor.Manager.initialize(Manager.java:710)
	at ptolemy.actor.Manager.execute(Manager.java:356)
	at ptolemy.actor.Manager.run(Manager.java:1263)
	at ptolemy.actor.Manager$PtolemyRunThread.run(Manager.java:1915)
java.lang.RuntimeException: Execution failed
	at ptolemy.moml.MoMLSimpleApplication$UnloadThread.run(MoMLSimpleApplication.java:402)
Caused by: ptolemy.kernel.util.IllegalActionException: SubscriptionAggregatorPorts cannot be used at the top level, use a SubscriptionAggregator actor instead.
  in .PublisherSubscriptionAggregatorPort.SubscriptionAggregatorPort
	at ptolemy.actor.SubscriptionAggregatorPort.preinitialize(SubscriptionAggregatorPort.java:353)
	at ptolemy.actor.CompositeActor.preinitialize(CompositeActor.java:1769)
	at ptolemy.actor.Manager.preinitializeAndResolveTypes(Manager.java:1040)
	at ptolemy.actor.Manager.initialize(Manager.java:710)
	at ptolemy.actor.Manager.execute(Manager.java:356)
	at ptolemy.actor.Manager.run(Manager.java:1263)
	at ptolemy.actor.Manager$PtolemyRunThread.run(Manager.java:1915)
java.lang.reflect.InvocationTargetException
	at sun.reflect.NativeConstructorAccessorImpl.newInstance0(Native Method)
	at sun.reflect.NativeConstructorAccessorImpl.newInstance(NativeConstructorAccessorImpl.java:62)
	at sun.reflect.DelegatingConstructorAccessorImpl.newInstance(DelegatingConstructorAccessorImpl.java:45)
	at java.lang.reflect.Constructor.newInstance(Constructor.java:423)
	at ptolemy.util.test.junit.AutoKnownFailedTests.RunModel(AutoKnownFailedTests.java:105)
	at sun.reflect.NativeMethodAccessorImpl.invoke0(Native Method)
	at sun.reflect.NativeMethodAccessorImpl.invoke(NativeMethodAccessorImpl.java:62)
	at sun.reflect.DelegatingMethodAccessorImpl.invoke(DelegatingMethodAccessorImpl.java:43)
	at java.lang.reflect.Method.invoke(Method.java:498)
	at org.junit.runners.model.FrameworkMethod$1.runReflectiveCall(FrameworkMethod.java:44)
	at org.junit.internal.runners.model.ReflectiveCallable.run(ReflectiveCallable.java:15)
	at org.junit.runners.model.FrameworkMethod.invokeExplosively(FrameworkMethod.java:41)
	at junitparams.internal.InvokeParameterisedMethod.evaluate(InvokeParameterisedMethod.java:102)
	at org.junit.internal.runners.statements.FailOnTimeout$1.run(FailOnTimeout.java:28)
Caused by: ptolemy.kernel.util.IllegalActionException: SubscriptionAggregatorPorts cannot be used at the top level, use a SubscriptionAggregator actor instead.
  in .PublisherSubscriptionAggregatorPort.SubscriptionAggregatorPort
	at ptolemy.actor.SubscriptionAggregatorPort.preinitialize(SubscriptionAggregatorPort.java:353)
	at ptolemy.actor.CompositeActor.preinitialize(CompositeActor.java:1769)
	at ptolemy.actor.Manager.preinitializeAndResolveTypes(Manager.java:1040)
	at ptolemy.actor.Manager.initialize(Manager.java:710)
	at ptolemy.actor.Manager.execute(Manager.java:356)
	at ptolemy.actor.Manager.run(Manager.java:1263)
	at ptolemy.actor.Manager$PtolemyRunThread.run(Manager.java:1915)
java.lang.RuntimeException: Execution failed
	at ptolemy.moml.MoMLSimpleApplication$UnloadThread.run(MoMLSimpleApplication.java:402)
Caused by: ptolemy.kernel.util.IllegalActionException: TypeTest actor has no training data.
  in .sizedarray3.TypeTest
	at ptolemy.actor.lib.TypeTest.initialize(TypeTest.java:250)
	at ptolemy.actor.Director.initialize(Director.java:938)
	at ptolemy.actor.Director.initialize(Director.java:907)
	at ptolemy.actor.sched.StaticSchedulingDirector.initialize(StaticSchedulingDirector.java:159)
	at ptolemy.domains.sdf.kernel.SDFDirector.initialize(SDFDirector.java:544)
	at ptolemy.actor.CompositeActor.initialize(CompositeActor.java:935)
	at ptolemy.actor.Manager.initialize(Manager.java:724)
	at ptolemy.actor.Manager.execute(Manager.java:356)
	at ptolemy.actor.Manager.run(Manager.java:1263)
	at ptolemy.actor.Manager$PtolemyRunThread.run(Manager.java:1915)
java.lang.reflect.InvocationTargetException
	at sun.reflect.NativeConstructorAccessorImpl.newInstance0(Native Method)
	at sun.reflect.NativeConstructorAccessorImpl.newInstance(NativeConstructorAccessorImpl.java:62)
	at sun.reflect.DelegatingConstructorAccessorImpl.newInstance(DelegatingConstructorAccessorImpl.java:45)
	at java.lang.reflect.Constructor.newInstance(Constructor.java:423)
	at ptolemy.util.test.junit.AutoKnownFailedTests.RunModel(AutoKnownFailedTests.java:105)
	at sun.reflect.NativeMethodAccessorImpl.invoke0(Native Method)
	at sun.reflect.NativeMethodAccessorImpl.invoke(NativeMethodAccessorImpl.java:62)
	at sun.reflect.DelegatingMethodAccessorImpl.invoke(DelegatingMethodAccessorImpl.java:43)
	at java.lang.reflect.Method.invoke(Method.java:498)
	at org.junit.runners.model.FrameworkMethod$1.runReflectiveCall(FrameworkMethod.java:44)
	at org.junit.internal.runners.model.ReflectiveCallable.run(ReflectiveCallable.java:15)
	at org.junit.runners.model.FrameworkMethod.invokeExplosively(FrameworkMethod.java:41)
	at junitparams.internal.InvokeParameterisedMethod.evaluate(InvokeParameterisedMethod.java:102)
	at org.junit.internal.runners.statements.FailOnTimeout$1.run(FailOnTimeout.java:28)
Caused by: ptolemy.kernel.util.IllegalActionException: TypeTest actor has no training data.
  in .sizedarray3.TypeTest
	at ptolemy.actor.lib.TypeTest.initialize(TypeTest.java:250)
	at ptolemy.actor.Director.initialize(Director.java:938)
	at ptolemy.actor.Director.initialize(Director.java:907)
	at ptolemy.actor.sched.StaticSchedulingDirector.initialize(StaticSchedulingDirector.java:159)
	at ptolemy.domains.sdf.kernel.SDFDirector.initialize(SDFDirector.java:544)
	at ptolemy.actor.CompositeActor.initialize(CompositeActor.java:935)
	at ptolemy.actor.Manager.initialize(Manager.java:724)
	at ptolemy.actor.Manager.execute(Manager.java:356)
	at ptolemy.actor.Manager.run(Manager.java:1263)
	at ptolemy.actor.Manager$PtolemyRunThread.run(Manager.java:1915)
]]></system-err>
</testsuite>
