<?xml version="1.0" encoding="UTF-8" ?>
<testsuite errors="0" failures="0" hostname="travis-job-6841c373-521a-4530-ab07-6b0068db0b8b" name="ptolemy.configs.test.constraints.test.junit.JUnitTclTest" skipped="0" tests="4" time="1123.701" timestamp="2020-03-04T09:01:17">
  <properties>
    <property name="npm.executable" value="npm" />
    <property name="env.TRAVIS_ROOT" value="/" />
    <property name="ptII.mk.exists" value="true" />
    <property name="env.TRAVIS_APP_HOST" value="build.travis-ci.org" />
    <property name="env.rvm_bin_path" value="/home/travis/.rvm/bin" />
    <property name="java.home" value="/usr/local/lib/jvm/openjdk11" />
    <property name="env.TRAVIS_JOB_NUMBER" value="1545.13" />
    <property name="env.TRAVIS_HOME" value="/home/travis" />
    <property name="env.DISPLAY" value=":99.0" />
    <property name="env.TRAVIS_INIT" value="systemd" />
    <property name="env.SSH_TTY" value="/dev/pts/0" />
    <property name="java.net.preferIPv4Stack" value="true" />
    <property name="env.RUN_TESTS" value="true" />
    <property name="timeout.short" value="1000000" />
    <property name="junit.formatter" value="xml" />
    <property name="env.TRAVIS_SUDO" value="true" />
    <property name="env.TRAVIS_JOB_NAME" value="" />
    <property name="env.TRAVIS_STACK_NODE_ATTRIBUTES" value="/.node-attributes.yml" />
    <property name="env.LOGNAME" value="travis" />
    <property name="jsdoc.home" value="node_modules/@terraswarm/jsdoc" />
    <property name="debuglevel" value="source,lines,vars" />
    <property name="checkstyle.formatter" value="xml" />
    <property name="env._system_version" value="16.04" />
    <property name="bin.vergil.makeable" value="true" />
    <property name="sun.os.patch.level" value="unknown" />
    <property name="java.vendor.url" value="http://java.oracle.com/" />
    <property name="env.TRAVIS_BUILD_WEB_URL" value="https://travis-ci.org/icyphy/ptII/builds/658096721" />
    <property name="java.version" value="11.0.2" />
    <property name="env.TZ" value="UTC" />
    <property name="env.TRAVIS_PULL_REQUEST_SHA" value="" />
    <property name="env.PT_NO_NET" value="true" />
    <property name="env.TRAVIS_SECURE_ENV_VARS" value="true" />
    <property name="env._system_type" value="Linux" />
    <property name="java.vendor.url.bug" value="http://bugreport.java.com/bugreport/" />
    <property name="npmjs-org-is-up" value="true" />
    <property name="env.LANGUAGE" value="en_US.UTF-8" />
    <property name="env.SSH_CLIENT" value="10.44.0.81 58284 22" />
    <property name="env.GEM_HOME" value="/home/travis/.rvm/gems/ruby-2.5.3" />
    <property name="env.HAS_ANTARES_THREE_LITTLE_FRONZIES_BADGE" value="true" />
    <property name="java.version.date" value="2019-01-15" />
    <property name="env.PS4" value="+" />
    <property name="ant.project.invoked-targets" value="build,test.core6.xml" />
    <property name="env.TRAVIS_PULL_REQUEST_BRANCH" value="" />
    <property name="env.TRAVIS_REPO_SLUG" value="icyphy/ptII" />
    <property name="env.XDG_DATA_DIRS" value="/usr/local/share:/usr/share:/var/lib/snapd/desktop" />
    <property name="jdk.debug" value="release" />
    <property name="env.TRAVIS_APT_PROXY" value="http://build-cache.travisci.net" />
    <property name="env.TRAVIS_CPU_ARCH" value="amd64" />
    <property name="node.in.path" value="true" />
    <property name="user.name" value="travis" />
    <property name="java.maxmemory" value="1400m" />
    <property name="env.RUBY_VERSION" value="ruby-2.5.3" />
    <property name="env.LANG" value="en_US.UTF-8" />
    <property name="sun.io.unicode.encoding" value="UnicodeLittle" />
    <property name="sun.jnu.encoding" value="UTF-8" />
    <property name="java.runtime.name" value="OpenJDK Runtime Environment" />
    <property name="usefile" value="false" />
    <property name="return.code" value="0" />
    <property name="junit.single.formatter" value="plain" />
    <property name="env.DYLD_LIBRARY_PATH" value="/home/travis/pthla/certi-tools/lib:" />
    <property name="env.DEBIAN_FRONTEND" value="noninteractive" />
    <property name="env.SSH_CONNECTION" value="10.44.0.81 58284 10.20.1.13 22" />
    <property name="env.MYSQL_UNIX_PORT" value="/var/run/mysqld/mysqld.sock" />
    <property name="env.LC_ALL" value="en_US.UTF-8" />
    <property name="env.TRAVIS_ALLOW_FAILURE" value="false" />
    <property name="env.TRAVIS_JOB_WEB_URL" value="https://travis-ci.org/icyphy/ptII/jobs/658096734" />
    <property name="java.specification.name" value="Java Platform API Specification" />
    <property name="node.works" value="true" />
    <property name="user.timezone" value="" />
    <property name="path.separator" value=":" />
    <property name="env.TRAVIS_ENABLE_INFRA_DETECTION" value="true" />
    <property name="env.PYTHON_CFLAGS" value="-g -fstack-protector --param=ssp-buffer-size=4 -Wformat -Werror=format-security" />
    <property name="timeout.long" value="4000000" />
    <property name="env.CERTI_HOME" value="/home/travis/pthla/certi-tools" />
    <property name="ant.file.ptII" value="/home/travis/build/icyphy/ptII/build.xml" />
    <property name="javadoc.packagenames" value="com.*,diva.*,lbnl.*,org.hlacerti.*,org.json.*,org.ptolemy.*,org.terraswarm.*,ptolemy.*,ptserver.*" />
    <property name="file.encoding" value="UTF-8" />
    <property name="env.TRAVIS_PULL_REQUEST_SLUG" value="" />
    <property name="ant.project.default-target" value="build" />
    <property name="env.GIT_ASKPASS" value="echo" />
    <property name="env.HOME" value="/home/travis" />
    <property name="sun.java.command" value="org.apache.tools.ant.taskdefs.optional.junit.JUnitTestRunner ptolemy.configs.test.constraints.test.junit.JUnitTclTest skipNonTests=false filtertrace=true haltOnError=false haltOnFailure=false formatter=org.apache.tools.ant.taskdefs.optional.junit.OutErrSummaryJUnitResultFormatter showoutput=true outputtoformatters=true logfailedtests=true threadid=0 logtestlistenerevents=false formatter=org.apache.tools.ant.taskdefs.optional.junit.XMLJUnitResultFormatter,/home/travis/build/icyphy/ptII/reports/junit/TEST-ptolemy.configs.test.constraints.test.junit.JUnitTclTest.xml crashfile=/home/travis/build/icyphy/ptII/junitvmwatcher12317267465138438423.properties propsfile=/home/travis/build/icyphy/ptII/junit9846933552577060060.properties" />
    <property name="env.COMPOSER_NO_INTERACTION" value="1" />
    <property name="env.MANPATH" value="/home/travis/.nvm/versions/node/v7.10.1/share/man:/home/travis/.rvm/rubies/ruby-2.5.3/share/man:/usr/local/cmake-3.12.4/man:/usr/local/clang-7.0.0/share/man:/usr/local/man:/usr/local/share/man:/usr/share/man:/home/travis/.rvm/man" />
    <property name="env.TRAVIS_TIMER_ID" value="02a5a5b2" />
    <property name="ant.file" value="/home/travis/build/icyphy/ptII/build.xml" />
    <property name="env.TRAVIS_COMMIT_RANGE" value="7f4bc8822d21...870dd923782c" />
    <property name="env._system_name" value="Ubuntu" />
    <property name="ptII.classpath.optional.property" value="/home/travis/build/icyphy/ptII/lib/bsh-2.0b4.jar:/home/travis/build/icyphy/ptII/lib/ptCal.jar:/home/travis/build/icyphy/ptII/lib/java_cup.jar:/home/travis/build/icyphy/ptII/lib/saxon8.jar:/home/travis/build/icyphy/ptII/lib/saxon8-dom.jar:/home/travis/build/icyphy/ptII/lib/chic.jar:/home/travis/build/icyphy/ptII/lib/ptcolt.jar:/home/travis/build/icyphy/ptII/vendors/misc/itext/iText.jar:/home/travis/build/icyphy/ptII/lib/g4ltl.jar:/home/travis/build/icyphy/ptII/lib/StructuralCoder.jar:/home/travis/build/icyphy/ptII/lib/jcerti.jar:/home/travis/build/icyphy/ptII/lib/javax.mail.jar:/home/travis/build/icyphy/ptII/vendors/JMF-2.1.1e/lib/jmf.jar:/home/travis/build/icyphy/ptII/lib/jna-4.0.0-variadic.jar:/home/travis/build/icyphy/ptII/vendors/misc/joystick/Joystick.jar:/home/travis/build/icyphy/ptII/lib/ptjacl.jar:/home/travis/build/icyphy/ptII/lib/jsoup-1.8.2.jar:/home/travis/build/icyphy/ptII/lib/junit-4.8.2.jar:/home/travis/build/icyphy/ptII/lib/JUnitParams-0.4.0.jar:/home/travis/build/icyphy/ptII/ptolemy/actor/lib/excel/jxl.jar:/home/travis/build/icyphy/ptII/lib/jython.jar:/home/travis/build/icyphy/ptII/lib/kieler.jar:/home/travis/build/icyphy/ptII/vendors/opencv/share/OpenCV/java/opencv-341.jar:/home/travis/build/icyphy/ptII/lib/oscP5.jar:/home/travis/build/icyphy/ptII/lib/nrjavaserial-3.11.0.devel.jar:/home/travis/build/icyphy/ptII/vendors/j3d/lib/Linux/j3dcore.jar:/home/travis/build/icyphy/ptII/vendors/j3d/lib/Linux/j3dutils.jar:/home/travis/build/icyphy/ptII/vendors/j3d/lib/Linux/vecmath.jar:/home/travis/build/icyphy/ptII/vendors/jogl/lib/Linux/gluegen-rt-natives-linux-amd64.jar:/home/travis/build/icyphy/ptII/vendors/jogl/lib/Linux/gluegen-rt.jar:/home/travis/build/icyphy/ptII/vendors/jogl/lib/Linux/jogl-all-natives-linux-amd64.jar:/home/travis/build/icyphy/ptII/vendors/jogl/lib/Linux/jogl-all.jar:/home/travis/build/icyphy/ptII/ptolemy/distributed/jini/jar/jini-core.jar:/home/travis/build/icyphy/ptII/ptolemy/distributed/jini/jar/jini-ext.jar:/home/travis/build/icyphy/ptII/ptolemy/distributed/jini/jar/sun-util.jar:/home/travis/build/icyphy/ptII/lib/protobuf-java-2.4.1.jar:/home/travis/build/icyphy/ptII/lib/org.eclipse.paho.client.mqttv3.jar:/home/travis/build/icyphy/ptII/lib/mapss.jar:/home/travis/build/icyphy/ptII/ptolemy/actor/ptalon/antlr/antlr.jar:/home/travis/build/icyphy/ptII/lib/JRI.jar:/home/travis/build/icyphy/ptII/lib/commons-lang-2.6.jar:/home/travis/build/icyphy/ptII/lib/commons-logging-1.1.1.jar:/home/travis/build/icyphy/ptII/lib/sootclasses.jar:/home/travis/build/icyphy/ptII/ptolemy/actor/lib/database/mysql-connector-java-5.1.6-bin.jar:/home/travis/build/icyphy/ptII/vendors/misc/sphinx4/sphinx4-data-5prealpha.jar:/home/travis/build/icyphy/ptII/vendors/misc/sphinx4/sphinx4-core-5prealpha.jar:/home/travis/build/icyphy/ptII/lib/PDFRenderer.jar:/home/travis/build/icyphy/ptII/lib/svgSalamander.jar:/home/travis/build/icyphy/ptII/lib/rsyntaxtextarea-2.6.0-SNAPSHOT.jar:/home/travis/build/icyphy/ptII/lib/hazelcast-3.8.2.jar:/home/travis/build/icyphy/ptII/lib/jackson-annotations-2.9.0.jar:/home/travis/build/icyphy/ptII/lib/jackson-core-2.9.3.jar:/home/travis/build/icyphy/ptII/lib/jackson-databind-2.9.3.jar:/home/travis/build/icyphy/ptII/lib/netty-buffer-4.1.19.Final.jar:/home/travis/build/icyphy/ptII/lib/netty-codec-4.1.19.Final.jar:/home/travis/build/icyphy/ptII/lib/netty-codec-dns-4.1.19.Final.jar:/home/travis/build/icyphy/ptII/lib/netty-codec-http-4.1.19.Final.jar:/home/travis/build/icyphy/ptII/lib/netty-codec-http2-4.1.19.Final.jar:/home/travis/build/icyphy/ptII/lib/netty-common-4.1.19.Final.jar:/home/travis/build/icyphy/ptII/lib/netty-handler-4.1.19.Final.jar:/home/travis/build/icyphy/ptII/lib/netty-resolver-4.1.19.Final.jar:/home/travis/build/icyphy/ptII/lib/netty-resolver-dns-4.1.19.Final.jar:/home/travis/build/icyphy/ptII/lib/netty-transport-4.1.19.Final.jar:/home/travis/build/icyphy/ptII/lib/vertx-codegen-3.5.1.jar:/home/travis/build/icyphy/ptII/lib/vertx-core-3.5.2-SNAPSHOT.jar:/home/travis/build/icyphy/ptII/lib/vertx-hazelcast-3.5.1.jar:/home/travis/build/icyphy/ptII/lib/vertx-lang-js-3.5.1.jar:/home/travis/build/icyphy/ptII/lib/vertx-service-proxy-3.5.1.jar:/home/travis/build/icyphy/ptII/lib/vertx-web-3.5.1.jar:/home/travis/build/icyphy/ptII/lib/slf4j-api-1.7.13.jar:/home/travis/build/icyphy/ptII/lib/slf4j-simple-1.7.13.jar:/home/travis/build/icyphy/ptII/lib/webcam-capture-0.3.12.jar:/home/travis/build/icyphy/ptII/lib/bridj-0.7.0.jar:/home/travis/build/icyphy/ptII/lib/xbjlib-1.1.0.nrjavaserial.jar" />
    <property name="timeout" value="2400000" />
    <property name="test.batch" value="**/junit/*.java" />
    <property name="env._" value="/usr/bin/timeout" />
    <property name="java.io.tmpdir" value="/tmp" />
    <property name="user.language" value="en" />
    <property name="env.TRAVIS_INTERNAL_RUBY_REGEX" value="^ruby-(2\.[0-4]\.[0-9]|1\.9\.3)" />
    <property name="env.HISTCONTROL" value="ignoredups:ignorespace" />
    <property name="env.GOROOT" value="/home/travis/.gimme/versions/go1.11.1.linux.amd64" />
    <property name="line.separator" value="&#xa;" />
    <property name="target" value="11" />
    <property name="env.TRAVIS_BUILD_DIR" value="/home/travis/build/icyphy/ptII" />
    <property name="env.ANT_OPTS" value="-Xmx2048m" />
    <property name="ant.file.type" value="file" />
    <property name="ptolemy.ptII.batchMode" value="true" />
    <property name="env.HISTSIZE" value="1000" />
    <property name="env.MERB_ENV" value="test" />
    <property name="java.vm.info" value="mixed mode" />
    <property name="source" value="11" />
    <property name="java.vm.specification.name" value="Java Virtual Machine Specification" />
    <property name="env.TRAVIS_TEST_RESULT" value="0" />
    <property name="jsdoc.command" value="node_modules/@terraswarm/jsdoc/jsdoc.js" />
    <property name="npm.works" value="true" />
    <property name="cobertura.dir" value="/home/travis/build/icyphy/ptII/vendors/cobertura-2.0.3" />
    <property name="jsdoc.command.exists" value="true" />
    <property name="env.rvm_path" value="/home/travis/.rvm" />
    <property name="env.GEM_PATH" value="/home/travis/.rvm/gems/ruby-2.5.3:/home/travis/.rvm/gems/ruby-2.5.3@global" />
    <property name="env.LC_CTYPE" value="en_US.UTF-8" />
    <property name="env.TRAVIS_CMD" value="$PTII/bin/ptIITravisBuild.sh $SECONDS" />
    <property name="java.awt.printerjob" value="sun.print.PSPrinterJob" />
    <property name="env.TRAVIS_STACK_NAME" value="sardonyx" />
    <property name="env.TRAVIS_TIMER_START_TIME" value="1583312384402739913" />
    <property name="ant.version" value="Apache Ant(TM) version 1.10.1 compiled on February 2 2017" />
    <property name="ptII.reports" value="/home/travis/build/icyphy/ptII/reports" />
    <property name="env.TRAVIS_STACK_TIMESTAMP" value="2019-03-25 16:16:56 UTC" />
    <property name="ant.file.type.ptII" value="file" />
    <property name="env.RBENV_SHELL" value="bash" />
    <property name="os.name" value="Linux" />
    <property name="java.specification.vendor" value="Oracle Corporation" />
    <property name="env.rvm_version" value="1.29.7 (latest)" />
    <property name="env.TRAVIS_INFRA" value="unknown" />
    <property name="env.TERM" value="xterm" />
    <property name="java.vm.name" value="OpenJDK 64-Bit Server VM" />
    <property name="env.TRAVIS_BUILD_NUMBER" value="1545" />
    <property name="env.CI" value="true" />
    <property name="java.library.path" value="/home/travis/pthla/certi-tools/lib:/usr/lib/jni:/usr/local/share/OpenCV/java/:/usr/share/OpenCV/java::/usr/java/packages/lib:/usr/lib64:/lib64:/lib:/usr/lib" />
    <property name="jdk.module.path" value="/home/travis/build/icyphy/ptII/vendors/javafx/javafx-sdk-11.0.2/lib:" />
    <property name="env.rvm_prefix" value="/home/travis" />
    <property name="env.PATH" value="/home/travis/pthla/certi-tools/share/scripts:/home/travis/.rvm/gems/ruby-2.5.3/bin:/home/travis/.rvm/gems/ruby-2.5.3@global/bin:/home/travis/.rvm/rubies/ruby-2.5.3/bin:/home/travis/.rvm/bin:/home/travis/.nvm/versions/node/v7.10.1/bin:./node_modules/.bin:/home/travis/build/icyphy/ptII/bin:/home/travis/pthla/certi-tools/bin:/home/travis/bin:/home/travis/.local/bin:/usr/local/lib/jvm/openjdk11/bin:/opt/pyenv/shims:/home/travis/.phpenv/shims:/home/travis/perl5/perlbrew/bin:/home/travis/gopath/bin:/home/travis/.gimme/versions/go1.11.1.linux.amd64/bin:/usr/local/maven-3.6.0/bin:/usr/local/cmake-3.12.4/bin:/usr/local/clang-7.0.0/bin:/usr/local/sbin:/usr/local/bin:/usr/sbin:/usr/bin:/sbin:/bin:/snap/bin:/home/travis/.phpenv/bin:/opt/pyenv/bin:/home/travis/.yarn/bin" />
    <property name="env.TRAVIS_OS_NAME" value="linux" />
    <property name="ant.java.version" value="9" />
    <property name="basedir" value="/home/travis/build/icyphy/ptII" />
    <property name="java.class.version" value="55.0" />
    <property name="env.SHLVL" value="3" />
    <property name="env.LD_LIBRARY_PATH" value="/home/travis/pthla/certi-tools/lib:/usr/lib/jni:/usr/local/share/OpenCV/java/:/usr/share/OpenCV/java:" />
    <property name="env.RACK_ENV" value="test" />
    <property name="ant.home" value="/home/travis/build/icyphy/ptII/ant" />
    <property name="env.NVM_DIR" value="/home/travis/.nvm" />
    <property name="env.CERTI_FOM_PATH" value="/home/travis/pthla/certi-tools/share/federations" />
    <property name="env.TRAVIS_BUILD_ID" value="658096721" />
    <property name="env.PYENV_ROOT" value="/opt/pyenv" />
    <property name="env.TRAVIS_UID" value="2000" />
    <property name="prism.verbose" value="true" />
    <property name="env.NVM_BIN" value="/home/travis/.nvm/versions/node/v7.10.1/bin" />
    <property name="env.TRAVIS_COMMIT" value="870dd923782c40107170003f8e2e8044373cb49d" />
    <property name="env._system_arch" value="x86_64" />
    <property name="node.executable" value="node" />
    <property name="sun.boot.library.path" value="/usr/local/lib/jvm/openjdk11/lib" />
    <property name="sun.management.compiler" value="HotSpot 64-Bit Tiered Compilers" />
    <property name="java.awt.graphicsenv" value="sun.awt.X11GraphicsEnvironment" />
    <property name="env.GOPATH" value="/home/travis/gopath" />
    <property name="ptolemy.ptII.dir" value="/home/travis/build/icyphy/ptII" />
    <property name="env.USER" value="travis" />
    <property name="env.HISTFILESIZE" value="2000" />
    <property name="env.PT_TRAVIS_TEST_CORE6_XML" value="true" />
    <property name="timeout.longest" value="19000000" />
    <property name="env.PERLBREW_SHELLRC_VERSION" value="0.86" />
    <property name="env.TRAVIS_STACK_FEATURES" value="basic couchdb disabled-ipv6 docker docker-compose elasticsearch firefox go-toolchain google-chrome jdk memcached mongodb mysql nodejs_interpreter perl_interpreter perlbrew phantomjs postgresql python_interpreter redis ruby_interpreter sqlite xserver" />
    <property name="env.TRAVIS_PULL_REQUEST" value="false" />
    <property name="env.PYENV_SHELL" value="bash" />
    <property name="ant.project.name" value="ptII" />
    <property name="env.ANSI_RESET" value="\033[0m" />
    <property name="java.vm.specification.version" value="11" />
    <property name="env.TRAVIS_DIST" value="xenial" />
    <property name="env.CERTI_VERSION" value="4.0.0" />
    <property name="env.CERTI_HOST" value="localhost" />
    <property name="awt.toolkit" value="sun.awt.X11.XToolkit" />
    <property name="env.MY_RUBY_HOME" value="/home/travis/.rvm/rubies/ruby-2.5.3" />
    <property name="sun.cpu.isalist" value="" />
    <property name="env.TRAVIS_TMPDIR" value="/tmp/tmp.pVdTvrbffa" />
    <property name="java.vm.compressedOopsMode" value="Zero based" />
    <property name="os.version" value="4.15.0-1028-gcp" />
    <property name="user.home" value="/home/travis" />
    <property name="java.vm.vendor" value="Oracle Corporation" />
    <property name="env.TRAVIS_TAG" value="nightly" />
    <property name="env.ANSI_YELLOW" value="\033[33;1m" />
    <property name="env.TRAVIS_FILTERED" value="redirect_io" />
    <property name="env.ANSI_GREEN" value="\033[32;1m" />
    <property name="env.JAVA_HOME" value="/usr/local/lib/jvm/openjdk11" />
    <property name="javadoc.excludepackagenames" value="adm.cvs2svn.*,build.*,config.*,doc.coding.templates.*,jni.test.jni.meaningOfLife.*,jni.test.jni.testDeux.*,jni.test.jni.testTrois.*,org.terraswarm.accessor.accessors.web.node_modules.*,org.terraswarm.accessor.accessors.web.hosts.cordova.demo.*,org.terraswarm.accessor.accessors.web.hosts.cordova.plugins.*,org.terraswarm.accessor.accessors-svn.*,pt-modules.*,ptolemy.apps.agilent.*,ptolemy.apps.anytimecontrol.*,ptolemy.apps.apes.*,ptolemy.apps.charon.*,ptolemy.apps.crazyboard.*,ptolemy.apps.eclipse.*,ptolemy.apps.etherealSting.*,ptolemy.apps.fullscreen.*,ptolemy.apps.giotto.*,ptolemy.apps.ia.*,ptolemy.apps.interfaces.*,ptolemy.apps.jmf.*,ptolemy.apps.kurt.*,ptolemy.apps.kvm.*,ptolemy.apps.lego.*,ptolemy.apps.lejos.*,ptolemy.apps.midp.*,ptolemy.apps.mobileCoding.*,ptolemy.apps.pendulum.*,ptolemy.apps.rijndael.*,ptolemy.apps.robot.*,ptolemy.apps.security.*,ptolemy.apps.sobel.*,ptolemy.apps.soot.*,ptolemy.apps.throttle.*,ptolemy.apps.tini.*,ptolemy.apps.transmission.*,ptolemy.apps.vergil.*,ptolemy.apps.waba.*,ptolemy.apps.websensor.*,ptolemy.apps.webstart.*,ptolemy.apps.xsl.*,ptolemy.apps.zaurus.*,ptolemy.codegen.c.actor.lib.oldJavaFiles.*,ptolemy.codegen.dsp.lib.*,ptolemy.codegen.kernel.newInterfaces.*,ptolemy.codegen.lib.*,ptolemy.copernicus.kernel.fragment.*,ptolemy.copernicus.shallow.cg.*,ptolemy.domains.giotto.demo.Hierarchy.Hierarchy.*,ptolemy.domains.giotto.demo.Multimode.Multimode.*,ptolemy.domains.giotto.demo.Simple.Simple.*,ptolemy.domains.gr.lib.experimental.*,ptolemy.domains.gro.*,ptolemy.domains.pdf.*,ptolemy.domains.ptinyos.demo.Surge.output.*,ptolemy.moml.test.NoPackageActor.java*,ptolemy.plot.adm.*,ptolemy.plot.servlet.*,reports.*,signed.*,src.*,target.*,vendors.*,ptolemy.copernicus.applet.*,ptolemy.media.viewer.*,ptolemy.actor.corba.*,doc.doclets.*,ptolemy.apps.eclipse.awt.*,ptolemy.backtrack.*,ptolemy.backtrack.ast.*,ptolemy.cg.adapter.generic.program.procedural.c.mbed*,ptolemy.homer.*,ptolemy.actor.lib.jai.*,org.ptolemy.scala.*,diva.util.java2d.svg.*,ptolemy.domains.ptinyos.*,ptolemy.actor.lib.fmi.fmipp.*,,org.terraswarm.accessor.accessors.web.node_modules.*,org.terraswarm.accessor.accessors-svn,ptolemy.apps.*,ptolemy.actor.ptalon.demo.ptinyos.SendAndReceiveCnt.output,ptolemy.actor.ptalon.demo.ptinyos.SenseToLeds.output,ptolemy.domains.ptinyos.demo.CntToLedsAndRfm.output,ptolemy.domains.ptinyos.demo.RfmToLeds.output,ptolemy.domains.ptinyos.demo.SendAndReceiveCnt.output,ptolemy.domains.ptinyos.demo.SenseToLeds.output,ptolemy.actor.lib.jjs.modules.udpSocket.*" />
    <property name="env.PTII" value="/home/travis/build/icyphy/ptII" />
    <property name="env.XDG_SESSION_ID" value="2" />
    <property name="keystore" value="ptKeystore" />
    <property name="env.TRAVIS_COMMIT_MESSAGE" value="Replacing old actors by new ones in the library MoreLibraries.Co-Simulation.HLA." />
    <property name="junit.output.dir" value="/home/travis/build/icyphy/ptII/reports/junit" />
    <property name="npm.return.code" value="0" />
    <property name="user.dir" value="/home/travis/build/icyphy/ptII/ptolemy/configs/test/constraints/test" />
    <property name="env.TRAVIS_NODE_VERSION" value="7" />
    <property name="env.TRAVIS_EVENT_TYPE" value="push" />
    <property name="env.MAIL" value="/var/mail/travis" />
    <property name="env.PERLBREW_ROOT" value="/home/travis/perl5/perlbrew" />
    <property name="env.PWD" value="/home/travis/build/icyphy/ptII" />
    <property name="timeout.npm" value="45000" />
    <property name="env.TRAVIS_ARCH" value="amd64" />
    <property name="sun.cpu.endian" value="little" />
    <property name="env.PAGER" value="cat" />
    <property name="env.TRAVIS_BUILD_STAGE_NAME" value="Test" />
    <property name="env.PERLBREW_HOME" value="/home/travis/.perlbrew" />
    <property name="java.vm.version" value="11.0.2+9" />
    <property name="env.RAILS_ENV" value="test" />
    <property name="java.class.path" value="/home/travis/build/icyphy/ptII:/home/travis/build/icyphy/ptII/lib/bsh-2.0b4.jar:/home/travis/build/icyphy/ptII/lib/ptCal.jar:/home/travis/build/icyphy/ptII/lib/java_cup.jar:/home/travis/build/icyphy/ptII/lib/saxon8.jar:/home/travis/build/icyphy/ptII/lib/saxon8-dom.jar:/home/travis/build/icyphy/ptII/lib/chic.jar:/home/travis/build/icyphy/ptII/lib/ptcolt.jar:/home/travis/build/icyphy/ptII/vendors/misc/itext/iText.jar:/home/travis/build/icyphy/ptII/lib/g4ltl.jar:/home/travis/build/icyphy/ptII/lib/StructuralCoder.jar:/home/travis/build/icyphy/ptII/lib/jcerti.jar:/home/travis/build/icyphy/ptII/lib/javax.mail.jar:/home/travis/build/icyphy/ptII/vendors/JMF-2.1.1e/lib/jmf.jar:/home/travis/build/icyphy/ptII/lib/jna-4.0.0-variadic.jar:/home/travis/build/icyphy/ptII/vendors/misc/joystick/Joystick.jar:/home/travis/build/icyphy/ptII/lib/ptjacl.jar:/home/travis/build/icyphy/ptII/lib/jsoup-1.8.2.jar:/home/travis/build/icyphy/ptII/lib/junit-4.8.2.jar:/home/travis/build/icyphy/ptII/lib/JUnitParams-0.4.0.jar:/home/travis/build/icyphy/ptII/ptolemy/actor/lib/excel/jxl.jar:/home/travis/build/icyphy/ptII/lib/jython.jar:/home/travis/build/icyphy/ptII/lib/kieler.jar:/home/travis/build/icyphy/ptII/vendors/opencv/share/OpenCV/java/opencv-341.jar:/home/travis/build/icyphy/ptII/lib/oscP5.jar:/home/travis/build/icyphy/ptII/lib/nrjavaserial-3.11.0.devel.jar:/home/travis/build/icyphy/ptII/vendors/j3d/lib/Linux/j3dcore.jar:/home/travis/build/icyphy/ptII/vendors/j3d/lib/Linux/j3dutils.jar:/home/travis/build/icyphy/ptII/vendors/j3d/lib/Linux/vecmath.jar:/home/travis/build/icyphy/ptII/vendors/jogl/lib/Linux/gluegen-rt-natives-linux-amd64.jar:/home/travis/build/icyphy/ptII/vendors/jogl/lib/Linux/gluegen-rt.jar:/home/travis/build/icyphy/ptII/vendors/jogl/lib/Linux/jogl-all-natives-linux-amd64.jar:/home/travis/build/icyphy/ptII/vendors/jogl/lib/Linux/jogl-all.jar:/home/travis/build/icyphy/ptII/ptolemy/distributed/jini/jar/jini-core.jar:/home/travis/build/icyphy/ptII/ptolemy/distributed/jini/jar/jini-ext.jar:/home/travis/build/icyphy/ptII/ptolemy/distributed/jini/jar/sun-util.jar:/home/travis/build/icyphy/ptII/lib/protobuf-java-2.4.1.jar:/home/travis/build/icyphy/ptII/lib/org.eclipse.paho.client.mqttv3.jar:/home/travis/build/icyphy/ptII/lib/mapss.jar:/home/travis/build/icyphy/ptII/ptolemy/actor/ptalon/antlr/antlr.jar:/home/travis/build/icyphy/ptII/lib/JRI.jar:/home/travis/build/icyphy/ptII/lib/commons-lang-2.6.jar:/home/travis/build/icyphy/ptII/lib/commons-logging-1.1.1.jar:/home/travis/build/icyphy/ptII/lib/sootclasses.jar:/home/travis/build/icyphy/ptII/ptolemy/actor/lib/database/mysql-connector-java-5.1.6-bin.jar:/home/travis/build/icyphy/ptII/vendors/misc/sphinx4/sphinx4-data-5prealpha.jar:/home/travis/build/icyphy/ptII/vendors/misc/sphinx4/sphinx4-core-5prealpha.jar:/home/travis/build/icyphy/ptII/lib/PDFRenderer.jar:/home/travis/build/icyphy/ptII/lib/svgSalamander.jar:/home/travis/build/icyphy/ptII/lib/rsyntaxtextarea-2.6.0-SNAPSHOT.jar:/home/travis/build/icyphy/ptII/lib/hazelcast-3.8.2.jar:/home/travis/build/icyphy/ptII/lib/jackson-annotations-2.9.0.jar:/home/travis/build/icyphy/ptII/lib/jackson-core-2.9.3.jar:/home/travis/build/icyphy/ptII/lib/jackson-databind-2.9.3.jar:/home/travis/build/icyphy/ptII/lib/netty-buffer-4.1.19.Final.jar:/home/travis/build/icyphy/ptII/lib/netty-codec-4.1.19.Final.jar:/home/travis/build/icyphy/ptII/lib/netty-codec-dns-4.1.19.Final.jar:/home/travis/build/icyphy/ptII/lib/netty-codec-http-4.1.19.Final.jar:/home/travis/build/icyphy/ptII/lib/netty-codec-http2-4.1.19.Final.jar:/home/travis/build/icyphy/ptII/lib/netty-common-4.1.19.Final.jar:/home/travis/build/icyphy/ptII/lib/netty-handler-4.1.19.Final.jar:/home/travis/build/icyphy/ptII/lib/netty-resolver-4.1.19.Final.jar:/home/travis/build/icyphy/ptII/lib/netty-resolver-dns-4.1.19.Final.jar:/home/travis/build/icyphy/ptII/lib/netty-transport-4.1.19.Final.jar:/home/travis/build/icyphy/ptII/lib/vertx-codegen-3.5.1.jar:/home/travis/build/icyphy/ptII/lib/vertx-core-3.5.2-SNAPSHOT.jar:/home/travis/build/icyphy/ptII/lib/vertx-hazelcast-3.5.1.jar:/home/travis/build/icyphy/ptII/lib/vertx-lang-js-3.5.1.jar:/home/travis/build/icyphy/ptII/lib/vertx-service-proxy-3.5.1.jar:/home/travis/build/icyphy/ptII/lib/vertx-web-3.5.1.jar:/home/travis/build/icyphy/ptII/lib/slf4j-api-1.7.13.jar:/home/travis/build/icyphy/ptII/lib/slf4j-simple-1.7.13.jar:/home/travis/build/icyphy/ptII/lib/webcam-capture-0.3.12.jar:/home/travis/build/icyphy/ptII/lib/bridj-0.7.0.jar:/home/travis/build/icyphy/ptII/lib/xbjlib-1.1.0.nrjavaserial.jar:/home/travis/build/icyphy/ptII/ptolemy/moml/test:/home/travis/build/icyphy/ptII/ant/lib/ant-launcher.jar:/home/travis/build/icyphy/ptII/ant/lib/ant.jar:/home/travis/build/icyphy/ptII/ant/lib/ant-junit.jar:/home/travis/build/icyphy/ptII/ant/lib/ant-junit4.jar" />
    <property name="ant.library.dir" value="/home/travis/build/icyphy/ptII/ant/lib" />
    <property name="os.arch" value="amd64" />
    <property name="env.CONTINUOUS_INTEGRATION" value="true" />
    <property name="env.TRAVIS_LANGUAGE" value="node_js" />
    <property name="env.TRAVIS_STACK_LANGUAGES" value="__sardonyx__ c c++ clojure cplusplus cpp default generic go groovy java node_js php pure_java python ruby scala" />
    <property name="test.name" value="ptolemy.actor.lib.test.junit.JUnitTclTest" />
    <property name="env.APT_KEY_DONT_WARN_ON_DANGEROUS_USAGE" value="1" />
    <property name="sun.java.launcher" value="SUN_STANDARD" />
    <property name="env.PYTHON_CONFIGURE_OPTS" value="--enable-unicode=ucs4 --with-wide-unicode --enable-shared --enable-ipv6 --enable-loadable-sqlite-extensions --with-computed-gotos" />
    <property name="ant.core.lib" value="/home/travis/build/icyphy/ptII/ant/lib/ant.jar" />
    <property name="java.vm.specification.vendor" value="Oracle Corporation" />
    <property name="env.BCVTB_HOME" value="/home/travis/build/icyphy/ptII/lbnl" />
    <property name="file.separator" value="/" />
    <property name="spotbugs.home" value="/home/travis/build/icyphy/ptII/vendors/spotbugs-3.1.1" />
    <property name="java.runtime.version" value="11.0.2+9" />
    <property name="env.ANSI_CLEAR" value="\033[0K" />
    <property name="javafx.verbose" value="true" />
    <property name="env.HAS_JOSH_K_SEAL_OF_APPROVAL" value="true" />
    <property name="env.XDG_RUNTIME_DIR" value="/run/user/2000" />
    <property name="env.TRAVIS_OSX_IMAGE" value="" />
    <property name="env.TRAVIS_JOB_ID" value="658096734" />
    <property name="env.TRAVIS_BRANCH" value="master" />
    <property name="user.country" value="US" />
    <property name="env.CERTI_HOME_TRAVIS" value="/home/travis/pthla/certi-tools" />
    <property name="env.SHELL" value="/bin/bash" />
    <property name="java.maxmemory.large" value="3200m" />
    <property name="model" value="" />
    <property name="env.CASHER_DIR" value="/home/travis/.casher" />
    <property name="env.NVM_CD_FLAGS" value="" />
    <property name="java.vendor.version" value="18.9" />
    <property name="jshint.executable" value="/home/travis/node_modules/jshint/bin/jshint" />
    <property name="env.JRUBY_OPTS" value=" --client -J-XX:+TieredCompilation -J-XX:TieredStopAtLevel=1 -J-Xss2m -Xcompile.invokedynamic=false" />
    <property name="java.vendor" value="Oracle Corporation" />
    <property name="env.TRAVIS_PRE_CHEF_BOOTSTRAP_TIME" value="2019-03-25T16:16:42" />
    <property name="env.TRAVIS_STACK_JOB_BOARD_REGISTER" value="/.job-board-register.yml" />
    <property name="env.ANSI_RED" value="\033[31;1m" />
    <property name="java.specification.version" value="11" />
    <property name="env.IRBRC" value="/home/travis/.rvm/rubies/ruby-2.5.3/.irbrc" />
    <property name="env.TRAVIS" value="true" />
    <property name="sun.arch.data.model" value="64" />
  </properties>
  <testcase classname="ptolemy.util.test.junit.TclTests" name="[0] /home/travis/build/icyphy/ptII/ptolemy/configs/test/constraints/test/checkFullConstraints.tcl (RunTclFile)" time="1123.504" />
  <testcase classname="ptolemy.util.test.junit.AutoKnownFailedTests" name="[0] ThereAreNoKnowFailedTests (RunModel)" time="0.01" />
  <testcase classname="ptolemy.util.test.junit.AutoNameArchTests" name="[0] ThereAreNoAutoArchTests (RunModel)" time="0.007" />
  <testcase classname="ptolemy.util.test.junit.AutoTests" name="[0] ThereAreNoAutoTests (RunModel)" time="0.007" />
  <system-out><![CDATA[/home/travis/build/icyphy/ptII/ptolemy/configs/test/constraints/test/checkFullConstraints.tcl
testDefs.tcl: setting time out to 9000 seconds at Wed Mar 04 09:01:18 UTC 2020
FIXME FIXME FIXME FIXME FIXME FIXME
ptolemy/configs/test/checkFullConstraints.tcl: FIXME: Invoking Configuration.check() 
results in a memory leak that consumes
more than 4gig of memory and causes problems under Travis.
so, we check the constraints only of the full configuration.
FIXME FIXME FIXME FIXME FIXME FIXME
 Force everything to get expanded ptolemy/configs/configurationFile
    (Skipping certain optional packages, jxta and viptos)
JSAccessor: PT_NO_NET environment variable is set, so git pull and ptdoc are not being run.
Retrieving library from file:/home/travis/build/icyphy/ptII/org/terraswarm/accessor/accessors/web/index.json
Retrieving library from file:/home/travis/build/icyphy/ptII/org/terraswarm/accessor/accessors/web/adapters/index.json
Retrieving library from file:/home/travis/build/icyphy/ptII/org/terraswarm/accessor/accessors/web/audio/index.json
Prism pipeline init order: es2 sw 
Using Double Precision Marlin Rasterizer
Using dirty region optimizations
Not using texture mask for primitives
Not forcing power of 2 sizes for textures
Using hardware CLAMP_TO_ZERO mode
Opting in for HiDPI pixel scaling
Prism pipeline name = com.sun.prism.es2.ES2Pipeline
Loading ES2 native library ... prism_es2
	succeeded.
GLFactory using com.sun.prism.es2.X11GLFactory
(X) Got class = class com.sun.prism.es2.ES2Pipeline
Prism pipeline name = com.sun.prism.sw.SWPipeline
(X) Got class = class com.sun.prism.sw.SWPipeline
Initialized prism pipeline: com.sun.prism.sw.SWPipeline
Retrieving library from file:/home/travis/build/icyphy/ptII/org/terraswarm/accessor/accessors/web/cameras/index.json
No physical cameras found, using WebcamDummyDriver.
Retrieving library from file:/home/travis/build/icyphy/ptII/org/terraswarm/accessor/accessors/web/dashboard/index.json
Retrieving library from file:/home/travis/build/icyphy/ptII/org/terraswarm/accessor/accessors/web/devices/index.json
Retrieving library from file:/home/travis/build/icyphy/ptII/org/terraswarm/accessor/accessors/web/image/index.json
CharacterRecognition: The tesseract module was not present.  The CharacterRecognition accessor is not supported on this accessor host. (Thread[main,5,main])
CharacterRecognition: The tesseract module was not present.  The CharacterRecognition accessor is not supported on this accessor host. (Thread[main,5,main])
Retrieving library from file:/home/travis/build/icyphy/ptII/org/terraswarm/accessor/accessors/web/net/index.json
Retrieving library from file:/home/travis/build/icyphy/ptII/org/terraswarm/accessor/accessors/web/robotics/index.json
Retrieving library from file:/home/travis/build/icyphy/ptII/org/terraswarm/accessor/accessors/web/geodesy/index.json
Retrieving library from file:/home/travis/build/icyphy/ptII/org/terraswarm/accessor/accessors/web/services/index.json
Retrieving library from file:/home/travis/build/icyphy/ptII/org/terraswarm/accessor/accessors/web/signals/index.json
Retrieving library from file:/home/travis/build/icyphy/ptII/org/terraswarm/accessor/accessors/web/test/index.json
Retrieving library from file:/home/travis/build/icyphy/ptII/org/terraswarm/accessor/accessors/web/utilities/index.json
The Mutable accessor original file has no documentation, so we are not running jsdoc on https://accessors.org/utilities/Mutable.js
HLA version is 1.3.
HLA version is 1.3.
Retrieving library from file:/home/travis/build/icyphy/ptII/org/terraswarm/accessor/accessors/web/index.json
Retrieving library from file:/home/travis/build/icyphy/ptII/org/terraswarm/accessor/accessors/web/adapters/index.json
Retrieving library from file:/home/travis/build/icyphy/ptII/org/terraswarm/accessor/accessors/web/audio/index.json
Retrieving library from file:/home/travis/build/icyphy/ptII/org/terraswarm/accessor/accessors/web/cameras/index.json
Retrieving library from file:/home/travis/build/icyphy/ptII/org/terraswarm/accessor/accessors/web/dashboard/index.json
Retrieving library from file:/home/travis/build/icyphy/ptII/org/terraswarm/accessor/accessors/web/devices/index.json
Retrieving library from file:/home/travis/build/icyphy/ptII/org/terraswarm/accessor/accessors/web/image/index.json
CharacterRecognition: The tesseract module was not present.  The CharacterRecognition accessor is not supported on this accessor host. (Thread[main,5,main])
CharacterRecognition: The tesseract module was not present.  The CharacterRecognition accessor is not supported on this accessor host. (Thread[main,5,main])
Retrieving library from file:/home/travis/build/icyphy/ptII/org/terraswarm/accessor/accessors/web/net/index.json
Retrieving library from file:/home/travis/build/icyphy/ptII/org/terraswarm/accessor/accessors/web/robotics/index.json
Retrieving library from file:/home/travis/build/icyphy/ptII/org/terraswarm/accessor/accessors/web/geodesy/index.json
Retrieving library from file:/home/travis/build/icyphy/ptII/org/terraswarm/accessor/accessors/web/services/index.json
Retrieving library from file:/home/travis/build/icyphy/ptII/org/terraswarm/accessor/accessors/web/signals/index.json
Retrieving library from file:/home/travis/build/icyphy/ptII/org/terraswarm/accessor/accessors/web/test/index.json
Retrieving library from file:/home/travis/build/icyphy/ptII/org/terraswarm/accessor/accessors/web/utilities/index.json
The Mutable accessor original file has no documentation, so we are not running jsdoc on https://accessors.org/utilities/Mutable.js
HLA version is 1.3.
HLA version is 1.3.
HLA version is 1.3.
Retrieving library from file:/home/travis/build/icyphy/ptII/org/terraswarm/accessor/accessors/web/index.json
Retrieving library from file:/home/travis/build/icyphy/ptII/org/terraswarm/accessor/accessors/web/adapters/index.json
Retrieving library from file:/home/travis/build/icyphy/ptII/org/terraswarm/accessor/accessors/web/audio/index.json
Retrieving library from file:/home/travis/build/icyphy/ptII/org/terraswarm/accessor/accessors/web/cameras/index.json
Retrieving library from file:/home/travis/build/icyphy/ptII/org/terraswarm/accessor/accessors/web/dashboard/index.json
Retrieving library from file:/home/travis/build/icyphy/ptII/org/terraswarm/accessor/accessors/web/devices/index.json
Retrieving library from file:/home/travis/build/icyphy/ptII/org/terraswarm/accessor/accessors/web/image/index.json
CharacterRecognition: The tesseract module was not present.  The CharacterRecognition accessor is not supported on this accessor host. (Thread[main,5,main])
CharacterRecognition: The tesseract module was not present.  The CharacterRecognition accessor is not supported on this accessor host. (Thread[main,5,main])
Retrieving library from file:/home/travis/build/icyphy/ptII/org/terraswarm/accessor/accessors/web/net/index.json
Retrieving library from file:/home/travis/build/icyphy/ptII/org/terraswarm/accessor/accessors/web/robotics/index.json
Retrieving library from file:/home/travis/build/icyphy/ptII/org/terraswarm/accessor/accessors/web/geodesy/index.json
Retrieving library from file:/home/travis/build/icyphy/ptII/org/terraswarm/accessor/accessors/web/services/index.json
Retrieving library from file:/home/travis/build/icyphy/ptII/org/terraswarm/accessor/accessors/web/signals/index.json
Retrieving library from file:/home/travis/build/icyphy/ptII/org/terraswarm/accessor/accessors/web/test/index.json
Retrieving library from file:/home/travis/build/icyphy/ptII/org/terraswarm/accessor/accessors/web/utilities/index.json
The Mutable accessor original file has no documentation, so we are not running jsdoc on https://accessors.org/utilities/Mutable.js
HLA version is 1.3.
HLA version is 1.3.
Configuration.check: entity: ptolemy.actor.lib.Assert {.configuration.actor library.Utilities.Analysis.Assert} 0 ms. Memory: 2598912K Free: 307418K (12%)
#Configuration.check: entity: ptolemy.actor.lib.jjs.JavaScript {.configuration.actor library.Utilities.JavaScript.JavaScript} 62 ms. Memory: 2598912K Free: 291027K (11%)
#Configuration.check: entity: ptolemy.vergil.basic.export.html.jsoup.HTMLPageAssembler {.configuration.actor library.Utilities.WebExport.HTMLPageAssembler} 1572 ms. Memory: 2598912K Free: 439229K (17%)
#Configuration.check: entity: ptolemy.actor.lib.Const {.configuration.actor library.Actors.Sources.GenericSources.Const} 1594 ms. Memory: 2598912K Free: 427455K (16%)
#Configuration.check: entity: ptolemy.actor.lib.StringConst {.configuration.actor library.Actors.Sources.GenericSources.StringConst} 1680 ms. Memory: 2598912K Free: 366510K (14%)
#Configuration.check: entity: ptolemy.actor.lib.Subscriber {.configuration.actor library.Actors.Sources.GenericSources.Subscriber} 1680 ms. Memory: 2598912K Free: 366510K (14%)
#Configuration.check: entity: ptolemy.actor.lib.SubscriptionAggregator {.configuration.actor library.Actors.Sources.GenericSources.SubscriptionAggregator} 1682 ms. Memory: 2598912K Free: 366015K (14%)
#Configuration.check: entity: ptolemy.actor.lib.CurrentDate {.configuration.actor library.Actors.Sources.TimedSources.CurrentDate} 1684 ms. Memory: 2598912K Free: 365501K (14%)
#Configuration.check: entity: ptolemy.actor.lib.CurrentTime {.configuration.actor library.Actors.Sources.TimedSources.CurrentTime} 1715 ms. Memory: 2598912K Free: 346817K (13%)
#Configuration.check: entity: ptolemy.actor.lib.CurrentMicrostep {.configuration.actor library.Actors.Sources.TimedSources.CurrentMicrostep} 1715 ms. Memory: 2598912K Free: 346817K (13%)
#Configuration.check: entity: ptolemy.actor.lib.DiscreteClock {.configuration.actor library.Actors.Sources.TimedSources.DiscreteClock} 1716 ms. Memory: 2598912K Free: 346817K (13%)
#Configuration.check: entity: ptolemy.actor.lib.PoissonClock {.configuration.actor library.Actors.Sources.TimedSources.PoissonClock} 1717 ms. Memory: 2598912K Free: 346559K (13%)
#Configuration.check: entity: ptolemy.actor.lib.gui.InteractiveDialog {.configuration.actor library.Actors.Sources.SequenceSources.InteractiveDialog} 1718 ms. Memory: 2598912K Free: 346559K (13%)
#Configuration.check: entity: ptolemy.actor.lib.gui.InteractiveShell {.configuration.actor library.Actors.Sources.SequenceSources.InteractiveShell} 1756 ms. Memory: 2598912K Free: 326079K (13%)
#Configuration.check: entity: ptolemy.actor.lib.Interpolator {.configuration.actor library.Actors.Sources.SequenceSources.Interpolator} 1757 ms. Memory: 2598912K Free: 326079K (13%)
#Configuration.check: entity: ptolemy.actor.lib.Pulse {.configuration.actor library.Actors.Sources.SequenceSources.Pulse} 1759 ms. Memory: 2598912K Free: 325565K (13%)
#Configuration.check: entity: ptolemy.actor.lib.Ramp {.configuration.actor library.Actors.Sources.SequenceSources.Ramp} 1762 ms. Memory: 2598912K Free: 325030K (13%)
#Configuration.check: entity: ptolemy.actor.lib.Sequence {.configuration.actor library.Actors.Sources.SequenceSources.Sequence} 1764 ms. Memory: 2598912K Free: 325030K (13%)
#Configuration.check: entity: ptolemy.actor.lib.gui.SketchedSource {.configuration.actor library.Actors.Sources.SequenceSources.SketchedSource} 1764 ms. Memory: 2598912K Free: 324518K (12%)
#Configuration.check: entity: ptolemy.actor.lib.gui.ArrayPlotterXY {.configuration.actor library.Actors.Sinks.GenericSinks.ArrayPlotterXY} 1766 ms. Memory: 2598912K Free: 324518K (12%)
#Configuration.check: entity: ptolemy.actor.lib.Discard {.configuration.actor library.Actors.Sinks.GenericSinks.Discard} 1783 ms. Memory: 2598912K Free: 319404K (12%)
#Configuration.check: entity: ptolemy.actor.lib.gui.Display {.configuration.actor library.Actors.Sinks.GenericSinks.Display} 1783 ms. Memory: 2598912K Free: 318911K (12%)
#Configuration.check: entity: ptolemy.actor.lib.gui.MonitorValue {.configuration.actor library.Actors.Sinks.GenericSinks.MonitorValue} 1784 ms. Memory: 2598912K Free: 318911K (12%)
#Configuration.check: entity: ptolemy.actor.lib.Publisher {.configuration.actor library.Actors.Sinks.GenericSinks.Publisher} 1784 ms. Memory: 2598912K Free: 318761K (12%)
#Configuration.check: entity: ptolemy.actor.lib.Recorder {.configuration.actor library.Actors.Sinks.GenericSinks.Recorder} 1785 ms. Memory: 2598912K Free: 318249K (12%)
#Configuration.check: entity: ptolemy.actor.lib.SetVariable {.configuration.actor library.Actors.Sinks.GenericSinks.SetVariable} 1786 ms. Memory: 2598912K Free: 318249K (12%)
#Configuration.check: entity: ptolemy.actor.lib.gui.XYPlotter {.configuration.actor library.Actors.Sinks.GenericSinks.XYPlotter} 1788 ms. Memory: 2598912K Free: 318249K (12%)
#Configuration.check: entity: ptolemy.actor.lib.gui.XYScope {.configuration.actor library.Actors.Sinks.GenericSinks.XYScope} 1788 ms. Memory: 2598912K Free: 317887K (12%)
#Configuration.check: entity: ptolemy.actor.lib.gui.TimedDisplay {.configuration.actor library.Actors.Sinks.TimedSinks.TimedDisplay} 1789 ms. Memory: 2598912K Free: 317887K (12%)
#Configuration.check: entity: ptolemy.actor.lib.gui.TimedMonitorValue {.configuration.actor library.Actors.Sinks.TimedSinks.TimedMonitorValue} 1794 ms. Memory: 2598912K Free: 316863K (12%)
#Configuration.check: entity: ptolemy.actor.lib.gui.TimedPlotter {.configuration.actor library.Actors.Sinks.TimedSinks.TimedPlotter} 1795 ms. Memory: 2598912K Free: 316783K (12%)
#Configuration.check: entity: ptolemy.actor.lib.gui.TimedScope {.configuration.actor library.Actors.Sinks.TimedSinks.TimedScope} 1796 ms. Memory: 2598912K Free: 316783K (12%)
#Configuration.check: entity: ptolemy.actor.lib.gui.ArrayPlotter {.configuration.actor library.Actors.Sinks.SequenceSinks.ArrayPlotter} 1796 ms. Memory: 2598912K Free: 316783K (12%)
#Configuration.check: entity: ptolemy.actor.lib.gui.BarGraph {.configuration.actor library.Actors.Sinks.SequenceSinks.BarGraph} 1802 ms. Memory: 2598912K Free: 315839K (12%)
#Configuration.check: entity: ptolemy.actor.lib.gui.HistogramPlotter {.configuration.actor library.Actors.Sinks.SequenceSinks.HistogramPlotter} 1802 ms. Memory: 2598912K Free: 315839K (12%)
#Configuration.check: entity: ptolemy.actor.lib.gui.SequencePlotter {.configuration.actor library.Actors.Sinks.SequenceSinks.SequencePlotter} 1802 ms. Memory: 2598912K Free: 315839K (12%)
#Configuration.check: entity: ptolemy.actor.lib.gui.SequenceScope {.configuration.actor library.Actors.Sinks.SequenceSinks.SequenceScope} 1803 ms. Memory: 2598912K Free: 315839K (12%)
#Configuration.check: entity: ptolemy.actor.lib.ArrayAccumulate {.configuration.actor library.Actors.Array.ArrayAccumulate} 1803 ms. Memory: 2598912K Free: 315839K (12%)
#Configuration.check: entity: ptolemy.actor.lib.ArrayAppend {.configuration.actor library.Actors.Array.ArrayAppend} 1992 ms. Memory: 2598912K Free: 415955K (16%)
#Configuration.check: entity: ptolemy.actor.lib.ArrayAverage {.configuration.actor library.Actors.Array.ArrayAverage} 1992 ms. Memory: 2598912K Free: 415441K (16%)
#Configuration.check: entity: ptolemy.actor.lib.ArrayContains {.configuration.actor library.Actors.Array.ArrayContains} 1993 ms. Memory: 2598912K Free: 414931K (16%)
#Configuration.check: entity: ptolemy.actor.lib.ArrayElement {.configuration.actor library.Actors.Array.ArrayElement} 1994 ms. Memory: 2598912K Free: 414931K (16%)
#Configuration.check: entity: ptolemy.actor.lib.ArrayElementAsMatrix {.configuration.actor library.Actors.Array.ArrayElementAsMatrix} 1995 ms. Memory: 2598912K Free: 414417K (16%)
#Configuration.check: entity: ptolemy.actor.lib.ArrayExtract {.configuration.actor library.Actors.Array.ArrayExtract} 1997 ms. Memory: 2598912K Free: 414417K (16%)
#Configuration.check: entity: ptolemy.actor.lib.ArrayLength {.configuration.actor library.Actors.Array.ArrayLength} 1999 ms. Memory: 2598912K Free: 413393K (16%)
#Configuration.check: entity: ptolemy.actor.lib.ArrayLevelCrossing {.configuration.actor library.Actors.Array.ArrayLevelCrossing} 1999 ms. Memory: 2598912K Free: 413393K (16%)
#Configuration.check: entity: ptolemy.actor.lib.ArrayMaximum {.configuration.actor library.Actors.Array.ArrayMaximum} 2001 ms. Memory: 2598912K Free: 412883K (16%)
#Configuration.check: entity: ptolemy.actor.lib.ArrayMinimum {.configuration.actor library.Actors.Array.ArrayMinimum} 2002 ms. Memory: 2598912K Free: 412883K (16%)
#Configuration.check: entity: ptolemy.actor.lib.ArrayPeakSearch {.configuration.actor library.Actors.Array.ArrayPeakSearch} 2002 ms. Memory: 2598912K Free: 412369K (16%)
#Configuration.check: entity: ptolemy.actor.lib.ArrayRemoveElement {.configuration.actor library.Actors.Array.ArrayRemoveElement} 2003 ms. Memory: 2598912K Free: 411859K (16%)
#Configuration.check: entity: ptolemy.actor.lib.ArraySort {.configuration.actor library.Actors.Array.ArraySort} 2004 ms. Memory: 2598912K Free: 411859K (16%)
#Configuration.check: entity: ptolemy.actor.lib.ArraySum {.configuration.actor library.Actors.Array.ArraySum} 2005 ms. Memory: 2598912K Free: 411345K (16%)
#Configuration.check: entity: ptolemy.actor.lib.ArrayToElements {.configuration.actor library.Actors.Array.ArrayToElements} 2006 ms. Memory: 2598912K Free: 411345K (16%)
#Configuration.check: entity: ptolemy.domains.sdf.lib.ArrayToSequence {.configuration.actor library.Actors.Array.ArrayToSequence} 2006 ms. Memory: 2598912K Free: 411345K (16%)
#Configuration.check: entity: ptolemy.actor.lib.ArrayUpdate {.configuration.actor library.Actors.Array.ArrayUpdate} 2008 ms. Memory: 2598912K Free: 410290K (16%)
#Configuration.check: entity: ptolemy.actor.lib.ElementsToArray {.configuration.actor library.Actors.Array.ElementsToArray} 2009 ms. Memory: 2598912K Free: 410290K (16%)
#Configuration.check: entity: ptolemy.domains.sdf.lib.SequenceToArray {.configuration.actor library.Actors.Array.SequenceToArray} 2009 ms. Memory: 2598912K Free: 409811K (16%)
#Configuration.check: entity: ptolemy.actor.lib.conversions.AnythingToDouble {.configuration.actor library.Actors.Conversions.AnythingToDouble} 2015 ms. Memory: 2598912K Free: 409282K (16%)
#Configuration.check: entity: ptolemy.actor.lib.conversions.BooleanToAnything {.configuration.actor library.Actors.Conversions.BooleanToAnything} 2022 ms. Memory: 2598912K Free: 406739K (16%)
#Configuration.check: entity: ptolemy.domains.sdf.lib.BitsToInt {.configuration.actor library.Actors.Conversions.BitsToInt} 2023 ms. Memory: 2598912K Free: 406225K (16%)
#Configuration.check: entity: ptolemy.actor.lib.conversions.CartesianToComplex {.configuration.actor library.Actors.Conversions.CartesianToComplex} 2024 ms. Memory: 2598912K Free: 406225K (16%)
#Configuration.check: entity: ptolemy.actor.lib.conversions.CartesianToPolar {.configuration.actor library.Actors.Conversions.CartesianToPolar} 2024 ms. Memory: 2598912K Free: 406225K (16%)
#Configuration.check: entity: ptolemy.actor.lib.conversions.ComplexToCartesian {.configuration.actor library.Actors.Conversions.ComplexToCartesian} 2024 ms. Memory: 2598912K Free: 406225K (16%)
#Configuration.check: entity: ptolemy.actor.lib.conversions.ComplexToPolar {.configuration.actor library.Actors.Conversions.ComplexToPolar} 2024 ms. Memory: 2598912K Free: 406225K (16%)
#Configuration.check: entity: ptolemy.actor.lib.conversions.DateToString {.configuration.actor library.Actors.Conversions.DateToString} 2024 ms. Memory: 2598912K Free: 406225K (16%)
#Configuration.check: entity: ptolemy.actor.lib.conversions.DoubleToFix {.configuration.actor library.Actors.Conversions.DoubleToFix} 2025 ms. Memory: 2598912K Free: 405715K (16%)
#Configuration.check: entity: ptolemy.actor.lib.conversions.ExpressionToToken {.configuration.actor library.Actors.Conversions.ExpressionToToken} 2025 ms. Memory: 2598912K Free: 405715K (16%)
#Configuration.check: entity: ptolemy.actor.lib.conversions.FixToDouble {.configuration.actor library.Actors.Conversions.FixToDouble} 2025 ms. Memory: 2598912K Free: 405715K (16%)
#Configuration.check: entity: ptolemy.actor.lib.conversions.FixToFix {.configuration.actor library.Actors.Conversions.FixToFix} 2025 ms. Memory: 2598912K Free: 405715K (16%)
#Configuration.check: entity: ptolemy.actor.lib.conversions.ImageToString {.configuration.actor library.Actors.Conversions.ImageToString} 2026 ms. Memory: 2598912K Free: 405715K (16%)
#Configuration.check: entity: ptolemy.actor.lib.conversions.IntArrayToString {.configuration.actor library.Actors.Conversions.IntArrayToString} 2026 ms. Memory: 2598912K Free: 405715K (16%)
#Configuration.check: entity: ptolemy.domains.sdf.lib.IntToBits {.configuration.actor library.Actors.Conversions.IntToBits} 2026 ms. Memory: 2598912K Free: 405715K (16%)
#Configuration.check: entity: ptolemy.actor.lib.conversions.InUnitsOf {.configuration.actor library.Actors.Conversions.InUnitsOf} 2027 ms. Memory: 2598912K Free: 405201K (16%)
#Configuration.check: entity: ptolemy.actor.lib.conversions.json.JSONToToken {.configuration.actor library.Actors.Conversions.JSON.JSONToToken} 2027 ms. Memory: 2598912K Free: 405201K (16%)
#Configuration.check: entity: ptolemy.actor.lib.conversions.json.TokenToJSON {.configuration.actor library.Actors.Conversions.JSON.TokenToJSON} 2028 ms. Memory: 2598912K Free: 405201K (16%)
#Configuration.check: entity: ptolemy.actor.lib.conversions.LongToDouble {.configuration.actor library.Actors.Conversions.LongToDouble} 2028 ms. Memory: 2598912K Free: 405201K (16%)
#Configuration.check: entity: ptolemy.actor.lib.conversions.PolarToCartesian {.configuration.actor library.Actors.Conversions.PolarToCartesian} 2028 ms. Memory: 2598912K Free: 405201K (16%)
#Configuration.check: entity: ptolemy.actor.lib.conversions.PolarToComplex {.configuration.actor library.Actors.Conversions.PolarToComplex} 2028 ms. Memory: 2598912K Free: 405201K (16%)
#Configuration.check: entity: ptolemy.actor.lib.conversions.Round {.configuration.actor library.Actors.Conversions.Round} 2028 ms. Memory: 2598912K Free: 405201K (16%)
#Configuration.check: entity: ptolemy.actor.lib.conversions.SmoothToDouble {.configuration.actor library.Actors.Conversions.SmoothToDouble} 2029 ms. Memory: 2598912K Free: 405201K (16%)
#Configuration.check: entity: ptolemy.actor.lib.conversions.StringToBoolean {.configuration.actor library.Actors.Conversions.StringToBoolean} 2029 ms. Memory: 2598912K Free: 405201K (16%)
#Configuration.check: entity: ptolemy.actor.lib.conversions.StringToDouble {.configuration.actor library.Actors.Conversions.StringToDouble} 2029 ms. Memory: 2598912K Free: 404691K (16%)
#Configuration.check: entity: ptolemy.actor.lib.conversions.StringToInt {.configuration.actor library.Actors.Conversions.StringToInt} 2029 ms. Memory: 2598912K Free: 404691K (16%)
#Configuration.check: entity: ptolemy.actor.lib.conversions.StringToIntArray {.configuration.actor library.Actors.Conversions.StringToIntArray} 2029 ms. Memory: 2598912K Free: 404691K (16%)
#Configuration.check: entity: ptolemy.actor.lib.conversions.StringToUnsignedByteArray {.configuration.actor library.Actors.Conversions.StringToUnsignedByteArray} 2029 ms. Memory: 2598912K Free: 404691K (16%)
#Configuration.check: entity: ptolemy.actor.lib.conversions.StringToXML {.configuration.actor library.Actors.Conversions.StringToXML} 2029 ms. Memory: 2598912K Free: 404691K (16%)
#Configuration.check: entity: ptolemy.actor.lib.conversions.TokenToExpression {.configuration.actor library.Actors.Conversions.TokenToExpression} 2030 ms. Memory: 2598912K Free: 404691K (16%)
#Configuration.check: entity: ptolemy.actor.lib.conversions.UnsignedByteArrayToString {.configuration.actor library.Actors.Conversions.UnsignedByteArrayToString} 2030 ms. Memory: 2598912K Free: 404691K (16%)
#Configuration.check: entity: ptolemy.actor.lib.BusAssembler {.configuration.actor library.Actors.FlowControl.Aggregators.BusAssembler} 2030 ms. Memory: 2598912K Free: 404691K (16%)
#Configuration.check: entity: ptolemy.actor.lib.BusDisassembler {.configuration.actor library.Actors.FlowControl.Aggregators.BusDisassembler} 2084 ms. Memory: 2598912K Free: 370370K (14%)
#Configuration.check: entity: ptolemy.actor.lib.Commutator {.configuration.actor library.Actors.FlowControl.Aggregators.Commutator} 2084 ms. Memory: 2598912K Free: 370370K (14%)
#Configuration.check: entity: ptolemy.actor.lib.Distributor {.configuration.actor library.Actors.FlowControl.Aggregators.Distributor} 2085 ms. Memory: 2598912K Free: 369875K (14%)
#Configuration.check: entity: ptolemy.actor.lib.Multiplexor {.configuration.actor library.Actors.FlowControl.Aggregators.Multiplexor} 2086 ms. Memory: 2598912K Free: 369361K (14%)
#Configuration.check: entity: ptolemy.actor.lib.OrderedRecordAssembler {.configuration.actor library.Actors.FlowControl.Aggregators.OrderedRecordAssembler} 2087 ms. Memory: 2598912K Free: 369361K (14%)
#Configuration.check: entity: ptolemy.actor.lib.RecordAssembler {.configuration.actor library.Actors.FlowControl.Aggregators.RecordAssembler} 2088 ms. Memory: 2598912K Free: 369361K (14%)
#Configuration.check: entity: ptolemy.actor.lib.RecordDisassembler {.configuration.actor library.Actors.FlowControl.Aggregators.RecordDisassembler} 2088 ms. Memory: 2598912K Free: 369361K (14%)
#Configuration.check: entity: ptolemy.actor.lib.RecordUpdater {.configuration.actor library.Actors.FlowControl.Aggregators.RecordUpdater} 2089 ms. Memory: 2598912K Free: 369361K (14%)
#Configuration.check: entity: ptolemy.actor.lib.Sampler {.configuration.actor library.Actors.FlowControl.Aggregators.Sampler} 2089 ms. Memory: 2598912K Free: 369361K (14%)
#Configuration.check: entity: ptolemy.actor.lib.Select {.configuration.actor library.Actors.FlowControl.Aggregators.Select} 2090 ms. Memory: 2598912K Free: 368851K (14%)
#Configuration.check: entity: ptolemy.actor.lib.SingleTokenCommutator {.configuration.actor library.Actors.FlowControl.Aggregators.SingleTokenCommutator} 2091 ms. Memory: 2598912K Free: 368337K (14%)
#Configuration.check: entity: ptolemy.actor.lib.Switch {.configuration.actor library.Actors.FlowControl.Aggregators.Switch} 2091 ms. Memory: 2598912K Free: 368337K (14%)
#Configuration.check: entity: ptolemy.actor.lib.Synchronizer {.configuration.actor library.Actors.FlowControl.Aggregators.Synchronizer} 2092 ms. Memory: 2598912K Free: 367827K (14%)
#Configuration.check: entity: ptolemy.actor.lib.UnionDisassembler {.configuration.actor library.Actors.FlowControl.Aggregators.UnionDisassembler} 2093 ms. Memory: 2598912K Free: 367827K (14%)
#Configuration.check: entity: ptolemy.actor.lib.UnionMerge {.configuration.actor library.Actors.FlowControl.Aggregators.UnionMerge} 2093 ms. Memory: 2598912K Free: 367827K (14%)
#Configuration.check: entity: ptolemy.actor.lib.VectorAssembler {.configuration.actor library.Actors.FlowControl.Aggregators.VectorAssembler} 2094 ms. Memory: 2598912K Free: 367827K (14%)
#Configuration.check: entity: ptolemy.actor.lib.VectorDisassembler {.configuration.actor library.Actors.FlowControl.Aggregators.VectorDisassembler} 2094 ms. Memory: 2598912K Free: 367827K (14%)
#Configuration.check: entity: ptolemy.actor.lib.BooleanMultiplexor {.configuration.actor library.Actors.FlowControl.BooleanFlowControl.BooleanMultiplexor} 2094 ms. Memory: 2598912K Free: 367827K (14%)
#Configuration.check: entity: ptolemy.actor.lib.BooleanSelect {.configuration.actor library.Actors.FlowControl.BooleanFlowControl.BooleanSelect} 2159 ms. Memory: 2598912K Free: 333506K (13%)
#Configuration.check: entity: ptolemy.actor.lib.BooleanSwitch {.configuration.actor library.Actors.FlowControl.BooleanFlowControl.BooleanSwitch} 2161 ms. Memory: 2598912K Free: 333011K (13%)
#Configuration.check: entity: ptolemy.actor.lib.ConfigurationSelect {.configuration.actor library.Actors.FlowControl.BooleanFlowControl.ConfigurationSelect} 2162 ms. Memory: 2598912K Free: 332497K (13%)
#Configuration.check: entity: ptolemy.actor.lib.ConfigurationSwitch {.configuration.actor library.Actors.FlowControl.BooleanFlowControl.ConfigurationSwitch} 2163 ms. Memory: 2598912K Free: 332497K (13%)
#Configuration.check: entity: ptolemy.domains.sdf.lib.CountTrues {.configuration.actor library.Actors.FlowControl.BooleanFlowControl.CountTrues} 2165 ms. Memory: 2598912K Free: 331987K (13%)
#Configuration.check: entity: ptolemy.domains.sdf.lib.Chop {.configuration.actor library.Actors.FlowControl.SequenceControl.Chop} 2165 ms. Memory: 2598912K Free: 331458K (13%)
#Configuration.check: entity: ptolemy.actor.lib.Default {.configuration.actor library.Actors.FlowControl.SequenceControl.Default} 2215 ms. Memory: 2598912K Free: 303315K (12%)
#Configuration.check: entity: ptolemy.domains.sdf.lib.Repeat {.configuration.actor library.Actors.FlowControl.SequenceControl.Repeat} 2217 ms. Memory: 2598912K Free: 302801K (12%)
#Configuration.check: entity: ptolemy.domains.sdf.lib.SampleDelay {.configuration.actor library.Actors.FlowControl.SequenceControl.SampleDelay} 2220 ms. Memory: 2598912K Free: 301762K (12%)
#Configuration.check: entity: ptolemy.actor.lib.Sequencer {.configuration.actor library.Actors.FlowControl.SequenceControl.Sequencer} 2221 ms. Memory: 2598912K Free: 301267K (12%)
#Configuration.check: entity: ptolemy.actor.lib.Exit {.configuration.actor library.Actors.FlowControl.ExecutionControl.Exit} 2222 ms. Memory: 2598912K Free: 301267K (12%)
#Configuration.check: entity: ptolemy.actor.lib.Stop {.configuration.actor library.Actors.FlowControl.ExecutionControl.Stop} 2224 ms. Memory: 2598912K Free: 300243K (12%)
#Configuration.check: entity: ptolemy.actor.lib.Pause {.configuration.actor library.Actors.FlowControl.ExecutionControl.Pause} 2224 ms. Memory: 2598912K Free: 300243K (12%)
#Configuration.check: entity: ptolemy.actor.lib.ThrowException {.configuration.actor library.Actors.FlowControl.ExecutionControl.ThrowException} 2225 ms. Memory: 2598912K Free: 300243K (12%)
#Configuration.check: entity: ptolemy.actor.lib.ThrowModelError {.configuration.actor library.Actors.FlowControl.ExecutionControl.ThrowModelError} 2225 ms. Memory: 2598912K Free: 300243K (12%)
#Configuration.check: entity: ptolemy.actor.lib.Dictionary {.configuration.actor library.Actors.DataStores.Dictionary} 2225 ms. Memory: 2598912K Free: 300243K (12%)
#Configuration.check: entity: ptolemy.actor.lib.hoc.ApplyFunction {.configuration.actor library.Actors.HigherOrderActors.ApplyFunction} 2248 ms. Memory: 2598912K Free: 289458K (11%)
#Configuration.check: entity: ptolemy.vergil.actor.lib.ModelDisplay {.configuration.actor library.Actors.HigherOrderActors.ModelDisplay} 2250 ms. Memory: 2598912K Free: 288977K (11%)
#Configuration.check: entity: ptolemy.actor.lib.hoc.ModelReference {.configuration.actor library.Actors.HigherOrderActors.ModelReference} 2250 ms. Memory: 2598912K Free: 288465K (11%)
#Configuration.check: entity: ptolemy.vergil.actor.lib.VisualModelReference {.configuration.actor library.Actors.HigherOrderActors.VisualModelReference} 2253 ms. Memory: 2598912K Free: 287955K (11%)
#Configuration.check: entity: ptolemy.actor.lib.gui.ArrowKeySensor {.configuration.actor library.Actors.IO.ArrowKeySensor} 2255 ms. Memory: 2598912K Free: 287420K (11%)
#Configuration.check: entity: ptolemy.actor.lib.io.CSVReader {.configuration.actor library.Actors.IO.CSVReader} 2323 ms. Memory: 2598912K Free: 458735K (18%)
#Configuration.check: entity: ptolemy.actor.lib.io.CSVWriter {.configuration.actor library.Actors.IO.CSVWriter} 2324 ms. Memory: 2598912K Free: 458735K (18%)
#Configuration.check: entity: ptolemy.actor.lib.net.DatagramReader {.configuration.actor library.Actors.IO.DatagramReader} 2325 ms. Memory: 2598912K Free: 458735K (18%)
#Configuration.check: entity: ptolemy.actor.lib.net.DatagramWriter {.configuration.actor library.Actors.IO.DatagramWriter} 2329 ms. Memory: 2598912K Free: 458240K (18%)
#Configuration.check: entity: ptolemy.actor.lib.io.DirectoryListing {.configuration.actor library.Actors.IO.DirectoryListing} 2329 ms. Memory: 2598912K Free: 458240K (18%)
#Configuration.check: entity: ptolemy.actor.lib.io.FileReader {.configuration.actor library.Actors.IO.FileReader} 2332 ms. Memory: 2598912K Free: 457726K (18%)
#Configuration.check: entity: ptolemy.actor.lib.net.IPAddress {.configuration.actor library.Actors.IO.IPAddress} 2332 ms. Memory: 2598912K Free: 457726K (18%)
#Configuration.check: entity: ptolemy.actor.lib.FileWriter {.configuration.actor library.Actors.IO.FileWriter} 2332 ms. Memory: 2598912K Free: 457726K (18%)
#Configuration.check: entity: ptolemy.actor.lib.io.LineReader {.configuration.actor library.Actors.IO.LineReader} 2333 ms. Memory: 2598912K Free: 457726K (18%)
#Configuration.check: entity: ptolemy.actor.lib.io.LineWriter {.configuration.actor library.Actors.IO.LineWriter} 2333 ms. Memory: 2598912K Free: 457726K (18%)
#Configuration.check: entity: ptolemy.actor.lib.logic.Comparator {.configuration.actor library.Actors.Logic.Comparator} 2334 ms. Memory: 2598912K Free: 457216K (18%)
#Configuration.check: entity: ptolemy.actor.lib.logic.Equals {.configuration.actor library.Actors.Logic.Equals} 2363 ms. Memory: 2598912K Free: 443390K (17%)
#Configuration.check: entity: ptolemy.actor.lib.logic.IsPresent {.configuration.actor library.Actors.Logic.IsPresent} 2364 ms. Memory: 2598912K Free: 443390K (17%)
#Configuration.check: entity: ptolemy.actor.lib.logic.LogicalNot {.configuration.actor library.Actors.Logic.LogicalNot} 2364 ms. Memory: 2598912K Free: 443390K (17%)
#Configuration.check: entity: ptolemy.actor.lib.logic.LogicGate {.configuration.actor library.Actors.Logic.LogicGate} 2364 ms. Memory: 2598912K Free: 443390K (17%)
#Configuration.check: entity: ptolemy.actor.lib.logic.TrueGate {.configuration.actor library.Actors.Logic.TrueGate} 2366 ms. Memory: 2598912K Free: 442880K (17%)
#Configuration.check: entity: ptolemy.actor.lib.AbsoluteValue {.configuration.actor library.Actors.Math.AbsoluteValue} 2367 ms. Memory: 2598912K Free: 442880K (17%)
#Configuration.check: entity: ptolemy.actor.lib.AddSubtract {.configuration.actor library.Actors.Math.AddSubtract} 2514 ms. Memory: 2598912K Free: 351213K (14%)
#Configuration.check: entity: ptolemy.actor.lib.Accumulator {.configuration.actor library.Actors.Math.Accumulator} 2514 ms. Memory: 2598912K Free: 351213K (14%)
#Configuration.check: entity: ptolemy.actor.lib.Average {.configuration.actor library.Actors.Math.Average} 2514 ms. Memory: 2598912K Free: 351213K (14%)
#Configuration.check: entity: ptolemy.actor.lib.Counter {.configuration.actor library.Actors.Math.Counter} 2515 ms. Memory: 2598912K Free: 350720K (13%)
#Configuration.check: entity: ptolemy.actor.lib.Differential {.configuration.actor library.Actors.Math.Differential} 2516 ms. Memory: 2598912K Free: 350206K (13%)
#Configuration.check: entity: ptolemy.domains.sdf.lib.DotProduct {.configuration.actor library.Actors.Math.DotProduct} 2517 ms. Memory: 2598912K Free: 349696K (13%)
#Configuration.check: entity: ptolemy.actor.lib.Expression {.configuration.actor library.Actors.Math.Expression} 2518 ms. Memory: 2598912K Free: 349165K (13%)
#Configuration.check: entity: ptolemy.actor.lib.Limiter {.configuration.actor library.Actors.Math.Limiter} 2519 ms. Memory: 2598912K Free: 348672K (13%)
#Configuration.check: entity: ptolemy.actor.lib.LookupTable {.configuration.actor library.Actors.Math.LookupTable} 2520 ms. Memory: 2598912K Free: 348158K (13%)
#Configuration.check: entity: ptolemy.actor.lib.Maximum {.configuration.actor library.Actors.Math.Maximum} 2521 ms. Memory: 2598912K Free: 347648K (13%)
#Configuration.check: entity: ptolemy.actor.lib.Minimum {.configuration.actor library.Actors.Math.Minimum} 2521 ms. Memory: 2598912K Free: 347648K (13%)
#Configuration.check: entity: ptolemy.actor.lib.MovingAverage {.configuration.actor library.Actors.Math.MovingAverage} 2522 ms. Memory: 2598912K Free: 347648K (13%)
#Configuration.check: entity: ptolemy.actor.lib.MultiplyDivide {.configuration.actor library.Actors.Math.MultiplyDivide} 2523 ms. Memory: 2598912K Free: 346624K (13%)
#Configuration.check: entity: ptolemy.actor.lib.Quantizer {.configuration.actor library.Actors.Math.Quantizer} 2523 ms. Memory: 2598912K Free: 346624K (13%)
#Configuration.check: entity: ptolemy.actor.lib.Remainder {.configuration.actor library.Actors.Math.Remainder} 2524 ms. Memory: 2598912K Free: 346110K (13%)
#Configuration.check: entity: ptolemy.actor.lib.RunningMaximum {.configuration.actor library.Actors.Math.RunningMaximum} 2525 ms. Memory: 2598912K Free: 346110K (13%)
#Configuration.check: entity: ptolemy.actor.lib.RunningMinimum {.configuration.actor library.Actors.Math.RunningMinimum} 2525 ms. Memory: 2598912K Free: 345600K (13%)
#Configuration.check: entity: ptolemy.actor.lib.Scale {.configuration.actor library.Actors.Math.Scale} 2526 ms. Memory: 2598912K Free: 345600K (13%)
#Configuration.check: entity: ptolemy.actor.lib.TrigFunction {.configuration.actor library.Actors.Math.TrigFunction} 2526 ms. Memory: 2598912K Free: 345086K (13%)
#Configuration.check: entity: ptolemy.actor.lib.UnaryMathFunction {.configuration.actor library.Actors.Math.UnaryMathFunction} 2526 ms. Memory: 2598912K Free: 345086K (13%)
#Configuration.check: entity: ptolemy.actor.lib.ArrayToMatrix {.configuration.actor library.Actors.Matrix.ArrayToMatrix} 2527 ms. Memory: 2598912K Free: 345086K (13%)
#Configuration.check: entity: ptolemy.domains.sdf.lib.MatrixJoin {.configuration.actor library.Actors.Matrix.MatrixJoin} 2549 ms. Memory: 2598912K Free: 327168K (13%)
#Configuration.check: entity: ptolemy.domains.sdf.lib.MatrixSplit {.configuration.actor library.Actors.Matrix.MatrixSplit} 2551 ms. Memory: 2598912K Free: 326144K (13%)
#Configuration.check: entity: ptolemy.actor.lib.MatrixToArray {.configuration.actor library.Actors.Matrix.MatrixToArray} 2553 ms. Memory: 2598912K Free: 325120K (13%)
#Configuration.check: entity: ptolemy.domains.sdf.lib.MatrixToSequence {.configuration.actor library.Actors.Matrix.MatrixToSequence} 2554 ms. Memory: 2598912K Free: 325120K (13%)
#Configuration.check: entity: ptolemy.actor.lib.gui.MatrixViewer {.configuration.actor library.Actors.Matrix.MatrixViewer} 2554 ms. Memory: 2598912K Free: 325120K (13%)
#Configuration.check: entity: ptolemy.domains.sdf.lib.SequenceToMatrix {.configuration.actor library.Actors.Matrix.SequenceToMatrix} 2555 ms. Memory: 2598912K Free: 325120K (13%)
#Configuration.check: entity: ptolemy.actor.lib.SubMatrix {.configuration.actor library.Actors.Matrix.SubMatrix} 2555 ms. Memory: 2598912K Free: 324606K (12%)
#Configuration.check: entity: ptolemy.actor.lib.Bernoulli {.configuration.actor library.Actors.Random.Bernoulli} 2556 ms. Memory: 2598912K Free: 324606K (12%)
#Configuration.check: entity: ptolemy.actor.lib.DiscreteRandomSource {.configuration.actor library.Actors.Random.DiscreteRandomSource} 2669 ms. Memory: 2598912K Free: 284160K (11%)
#Configuration.check: entity: ptolemy.actor.lib.Gaussian {.configuration.actor library.Actors.Random.Gaussian} 2670 ms. Memory: 2598912K Free: 284160K (11%)
#Configuration.check: entity: ptolemy.actor.lib.RandomInteger {.configuration.actor library.Actors.Random.RandomInteger} 2672 ms. Memory: 2598912K Free: 283646K (11%)
#Configuration.check: entity: ptolemy.actor.lib.Rician {.configuration.actor library.Actors.Random.Rician} 2673 ms. Memory: 2598912K Free: 283646K (11%)
#Configuration.check: entity: ptolemy.actor.lib.Triangular {.configuration.actor library.Actors.Random.Triangular} 2673 ms. Memory: 2598912K Free: 283136K (11%)
#Configuration.check: entity: ptolemy.actor.lib.Uniform {.configuration.actor library.Actors.Random.Uniform} 2676 ms. Memory: 2598912K Free: 282622K (11%)
#Configuration.check: entity: ptolemy.actor.lib.colt.ColtBeta {.configuration.actor library.Actors.Random.Colt.ColtBeta} 2678 ms. Memory: 2598912K Free: 281598K (11%)
#Configuration.check: entity: ptolemy.actor.lib.colt.ColtBinomial {.configuration.actor library.Actors.Random.Colt.ColtBinomial} 2863 ms. Memory: 2598912K Free: 433899K (17%)
#Configuration.check: entity: ptolemy.actor.lib.colt.ColtBinomialSelector {.configuration.actor library.Actors.Random.Colt.ColtBinomialSelector} 2877 ms. Memory: 2598912K Free: 433403K (17%)
#Configuration.check: entity: ptolemy.actor.lib.colt.ColtBreitWigner {.configuration.actor library.Actors.Random.Colt.ColtBreitWigner} 2878 ms. Memory: 2598912K Free: 432889K (17%)
#Configuration.check: entity: ptolemy.actor.lib.colt.ColtChiSquare {.configuration.actor library.Actors.Random.Colt.ColtChiSquare} 2902 ms. Memory: 2598912K Free: 432712K (17%)
#Configuration.check: entity: ptolemy.actor.lib.colt.ColtExponential {.configuration.actor library.Actors.Random.Colt.ColtExponential} 2904 ms. Memory: 2598912K Free: 432712K (17%)
#Configuration.check: entity: ptolemy.actor.lib.colt.ColtExponentialPower {.configuration.actor library.Actors.Random.Colt.ColtExponentialPower} 2905 ms. Memory: 2598912K Free: 432379K (17%)
#Configuration.check: entity: ptolemy.actor.lib.colt.ColtGamma {.configuration.actor library.Actors.Random.Colt.ColtGamma} 2916 ms. Memory: 2598912K Free: 431865K (17%)
#Configuration.check: entity: ptolemy.actor.lib.colt.ColtHyperGeometric {.configuration.actor library.Actors.Random.Colt.ColtHyperGeometric} 2918 ms. Memory: 2598912K Free: 431865K (17%)
#Configuration.check: entity: ptolemy.actor.lib.colt.ColtLogarithmic {.configuration.actor library.Actors.Random.Colt.ColtLogarithmic} 2919 ms. Memory: 2598912K Free: 431850K (17%)
#Configuration.check: entity: ptolemy.actor.lib.colt.ColtNegativeBinomial {.configuration.actor library.Actors.Random.Colt.ColtNegativeBinomial} 2920 ms. Memory: 2598912K Free: 431355K (17%)
#Configuration.check: entity: ptolemy.actor.lib.colt.ColtNormal {.configuration.actor library.Actors.Random.Colt.ColtNormal} 2922 ms. Memory: 2598912K Free: 431355K (17%)
#Configuration.check: entity: ptolemy.actor.lib.colt.ColtPoisson {.configuration.actor library.Actors.Random.Colt.ColtPoisson} 2924 ms. Memory: 2598912K Free: 430841K (17%)
#Configuration.check: entity: ptolemy.actor.lib.colt.ColtPoissonSlow {.configuration.actor library.Actors.Random.Colt.ColtPoissonSlow} 2925 ms. Memory: 2598912K Free: 430841K (17%)
#Configuration.check: entity: ptolemy.actor.lib.colt.ColtStudentT {.configuration.actor library.Actors.Random.Colt.ColtStudentT} 2926 ms. Memory: 2598912K Free: 430331K (17%)
#Configuration.check: entity: ptolemy.actor.lib.colt.ColtVonMises {.configuration.actor library.Actors.Random.Colt.ColtVonMises} 2927 ms. Memory: 2598912K Free: 430331K (17%)
#Configuration.check: entity: ptolemy.actor.lib.colt.ColtZeta {.configuration.actor library.Actors.Random.Colt.ColtZeta} 2928 ms. Memory: 2598912K Free: 430331K (17%)
#Configuration.check: entity: ptolemy.actor.lib.DelayStart {.configuration.actor library.Actors.RealTime.DelayStart} 2936 ms. Memory: 2598912K Free: 429817K (17%)
#Configuration.check: entity: ptolemy.actor.lib.ExecutionTime {.configuration.actor library.Actors.RealTime.ExecutionTime} 2951 ms. Memory: 2598912K Free: 425707K (16%)
#Configuration.check: entity: ptolemy.actor.lib.gui.RealTimePlotter {.configuration.actor library.Actors.RealTime.RealTimePlotter} 2951 ms. Memory: 2598912K Free: 425707K (16%)
#Configuration.check: entity: ptolemy.actor.lib.Sleep {.configuration.actor library.Actors.RealTime.Sleep} 2954 ms. Memory: 2598912K Free: 425707K (16%)
#Configuration.check: entity: ptolemy.actor.lib.VariableSleep {.configuration.actor library.Actors.RealTime.VariableSleep} 2955 ms. Memory: 2598912K Free: 425707K (16%)
#Configuration.check: entity: ptolemy.actor.lib.WallClockTime {.configuration.actor library.Actors.RealTime.WallClockTime} 2955 ms. Memory: 2598912K Free: 425707K (16%)
#Configuration.check: entity: ptolemy.actor.lib.javasound.AudioCapture {.configuration.actor library.Actors.SignalProcessing.Audio.AudioCapture} 2955 ms. Memory: 2598912K Free: 425707K (16%)
#Configuration.check: entity: ptolemy.actor.lib.javasound.AudioReader {.configuration.actor library.Actors.SignalProcessing.Audio.AudioReader} 3011 ms. Memory: 2598912K Free: 413418K (16%)
#Configuration.check: entity: ptolemy.actor.lib.javasound.AudioPlayer {.configuration.actor library.Actors.SignalProcessing.Audio.AudioPlayer} 3013 ms. Memory: 2598912K Free: 413418K (16%)
#Configuration.check: entity: ptolemy.actor.lib.javasound.AudioWriter {.configuration.actor library.Actors.SignalProcessing.Audio.AudioWriter} 3014 ms. Memory: 2598912K Free: 412923K (16%)
#Configuration.check: entity: ptolemy.actor.lib.javasound.ClipPlayer {.configuration.actor library.Actors.SignalProcessing.Audio.ClipPlayer} 3015 ms. Memory: 2598912K Free: 412923K (16%)
#Configuration.check: entity: ptolemy.actor.lib.comm.ConvolutionalCoder {.configuration.actor library.Actors.SignalProcessing.communications.ConvolutionalCoder} 3016 ms. Memory: 2598912K Free: 412923K (16%)
#Configuration.check: entity: ptolemy.actor.lib.comm.DeScrambler {.configuration.actor library.Actors.SignalProcessing.communications.DeScrambler} 3055 ms. Memory: 2598912K Free: 395515K (15%)
#Configuration.check: entity: ptolemy.actor.lib.comm.HadamardCode {.configuration.actor library.Actors.SignalProcessing.communications.HadamardCode} 3055 ms. Memory: 2598912K Free: 395515K (15%)
#Configuration.check: entity: ptolemy.actor.lib.comm.HammingCoder {.configuration.actor library.Actors.SignalProcessing.communications.HammingCoder} 3056 ms. Memory: 2598912K Free: 395001K (15%)
#Configuration.check: entity: ptolemy.actor.lib.comm.HammingDecoder {.configuration.actor library.Actors.SignalProcessing.communications.HammingDecoder} 3056 ms. Memory: 2598912K Free: 395001K (15%)
#Configuration.check: entity: ptolemy.actor.lib.comm.HuffmanCoder {.configuration.actor library.Actors.SignalProcessing.communications.HuffmanCoder} 3057 ms. Memory: 2598912K Free: 395001K (15%)
#Configuration.check: entity: ptolemy.actor.lib.comm.HuffmanDecoder {.configuration.actor library.Actors.SignalProcessing.communications.HuffmanDecoder} 3057 ms. Memory: 2598912K Free: 395001K (15%)
#Configuration.check: entity: ptolemy.actor.lib.comm.LempelZivCoder {.configuration.actor library.Actors.SignalProcessing.communications.LempelZivCoder} 3058 ms. Memory: 2598912K Free: 395001K (15%)
#Configuration.check: entity: ptolemy.actor.lib.comm.LempelZivDecoder {.configuration.actor library.Actors.SignalProcessing.communications.LempelZIvDecoder} 3058 ms. Memory: 2598912K Free: 395001K (15%)
#Configuration.check: entity: ptolemy.domains.sdf.lib.LineCoder {.configuration.actor library.Actors.SignalProcessing.communications.LineCoder} 3058 ms. Memory: 2598912K Free: 395001K (15%)
#Configuration.check: entity: ptolemy.domains.sdf.lib.LMSAdaptive {.configuration.actor library.Actors.SignalProcessing.communications.LMSAdaptive} 3059 ms. Memory: 2598912K Free: 394491K (15%)
#Configuration.check: entity: ptolemy.domains.sdf.lib.RaisedCosine {.configuration.actor library.Actors.SignalProcessing.communications.RaisedCosine} 3063 ms. Memory: 2598912K Free: 393467K (15%)
#Configuration.check: entity: ptolemy.actor.lib.comm.Scrambler {.configuration.actor library.Actors.SignalProcessing.communications.Scrambler} 3064 ms. Memory: 2598912K Free: 392939K (15%)
#Configuration.check: entity: ptolemy.actor.lib.comm.Slicer {.configuration.actor library.Actors.SignalProcessing.communications.Slicer} 3064 ms. Memory: 2598912K Free: 392939K (15%)
#Configuration.check: entity: ptolemy.actor.lib.comm.TrellisDecoder {.configuration.actor library.Actors.SignalProcessing.communications.TrellisDecoder} 3065 ms. Memory: 2598912K Free: 392939K (15%)
#Configuration.check: entity: ptolemy.actor.lib.comm.ViterbiDecoder {.configuration.actor library.Actors.SignalProcessing.communications.ViterbiDecoder} 3065 ms. Memory: 2598912K Free: 392443K (15%)
#Configuration.check: entity: ptolemy.domains.sdf.lib.DelayLine {.configuration.actor library.Actors.SignalProcessing.Filtering.DelayLine} 3066 ms. Memory: 2598912K Free: 392443K (15%)
#Configuration.check: entity: ptolemy.domains.sdf.lib.DownSample {.configuration.actor library.Actors.SignalProcessing.Filtering.DownSample} 3186 ms. Memory: 2598912K Free: 323835K (12%)
#Configuration.check: entity: ptolemy.domains.sdf.lib.FIR {.configuration.actor library.Actors.SignalProcessing.Filtering.FIR} 3187 ms. Memory: 2598912K Free: 323307K (12%)
#Configuration.check: entity: ptolemy.actor.lib.GradientAdaptiveLattice {.configuration.actor library.Actors.SignalProcessing.Filtering.GradientAdaptiveLattice} 3190 ms. Memory: 2598912K Free: 322297K (12%)
#Configuration.check: entity: ptolemy.actor.lib.IIR {.configuration.actor library.Actors.SignalProcessing.Filtering.IIR} 3191 ms. Memory: 2598912K Free: 322297K (12%)
#Configuration.check: entity: ptolemy.actor.lib.Lattice {.configuration.actor library.Actors.SignalProcessing.Filtering.Lattice} 3192 ms. Memory: 2598912K Free: 321787K (12%)
#Configuration.check: entity: ptolemy.actor.lib.LinearDifferenceEquationSystem {.configuration.actor library.Actors.SignalProcessing.Filtering.LinearDifferenceEquationSystem} 3193 ms. Memory: 2598912K Free: 321787K (12%)
#Configuration.check: entity: ptolemy.domains.sdf.lib.LMSAdaptive {.configuration.actor library.Actors.SignalProcessing.Filtering.LMSAdaptive} 3193 ms. Memory: 2598912K Free: 321787K (12%)
#Configuration.check: entity: ptolemy.actor.lib.RecursiveLattice {.configuration.actor library.Actors.SignalProcessing.Filtering.RecursiveLattice} 3197 ms. Memory: 2598912K Free: 320235K (12%)
#Configuration.check: entity: ptolemy.domains.sdf.lib.UpSample {.configuration.actor library.Actors.SignalProcessing.Filtering.UpSample} 3197 ms. Memory: 2598912K Free: 320235K (12%)
#Configuration.check: entity: ptolemy.domains.sdf.lib.VariableFIR {.configuration.actor library.Actors.SignalProcessing.Filtering.VariableFIR} 3198 ms. Memory: 2598912K Free: 319739K (12%)
#Configuration.check: entity: ptolemy.domains.sdf.lib.VariableLattice {.configuration.actor library.Actors.SignalProcessing.Filtering.VariableLattice} 3202 ms. Memory: 2598912K Free: 318187K (12%)
#Configuration.check: entity: ptolemy.domains.sdf.lib.VariableRecursiveLattice {.configuration.actor library.Actors.SignalProcessing.Filtering.VariableRecursiveLattice} 3202 ms. Memory: 2598912K Free: 318187K (12%)
#Configuration.check: entity: ptolemy.actor.lib.DB {.configuration.actor library.Actors.SignalProcessing.Spectrum.DB} 3203 ms. Memory: 2598912K Free: 317691K (12%)
#Configuration.check: entity: ptolemy.domains.sdf.lib.FFT {.configuration.actor library.Actors.SignalProcessing.Spectrum.FFT} 3406 ms. Memory: 2598912K Free: 389883K (15%)
#Configuration.check: entity: ptolemy.domains.sdf.lib.IFFT {.configuration.actor library.Actors.SignalProcessing.Spectrum.IFFT} 3408 ms. Memory: 2598912K Free: 388859K (15%)
#Configuration.check: entity: ptolemy.actor.lib.LevinsonDurbin {.configuration.actor library.Actors.SignalProcessing.Spectrum.LevinsonDurbin} 3410 ms. Memory: 2598912K Free: 388345K (15%)
#Configuration.check: entity: ptolemy.actor.lib.PhaseUnwrap {.configuration.actor library.Actors.SignalProcessing.Spectrum.PhaseUnwrap} 3410 ms. Memory: 2598912K Free: 388345K (15%)
#Configuration.check: entity: ptolemy.domains.sdf.lib.Autocorrelation {.configuration.actor library.Actors.SignalProcessing.Statistical.Autocorrelation} 3410 ms. Memory: 2598912K Free: 388345K (15%)
#Configuration.check: entity: ptolemy.actor.lib.ComputeHistogram {.configuration.actor library.Actors.SignalProcessing.Statistical.ComputeHistogram} 3434 ms. Memory: 2598912K Free: 373499K (14%)
#Configuration.check: entity: ptolemy.actor.lib.IIR {.configuration.actor library.Actors.SignalProcessing.Statistical.PowerEstimate.IIR} 3436 ms. Memory: 2598912K Free: 372985K (14%)
#Configuration.check: entity: ptolemy.actor.lib.DB {.configuration.actor library.Actors.SignalProcessing.Statistical.PowerEstimate.DB} 3438 ms. Memory: 2598912K Free: 372475K (14%)
#Configuration.check: entity: ptolemy.actor.lib.Scale {.configuration.actor library.Actors.SignalProcessing.Statistical.PowerEstimate.Scale} 3439 ms. Memory: 2598912K Free: 372475K (14%)
#Configuration.check: entity: ptolemy.actor.lib.MathFunction {.configuration.actor library.Actors.SignalProcessing.Statistical.PowerEstimate.MathFunction} 3439 ms. Memory: 2598912K Free: 372475K (14%)
#Configuration.check: entity: ptolemy.actor.lib.string.StringCompare {.configuration.actor library.Actors.String.StringCompare} 3439 ms. Memory: 2598912K Free: 372475K (14%)
#Configuration.check: entity: ptolemy.actor.lib.string.StringFunction {.configuration.actor library.Actors.String.StringFunction} 3478 ms. Memory: 2598912K Free: 344299K (13%)
#Configuration.check: entity: ptolemy.actor.lib.string.StringIndexOf {.configuration.actor library.Actors.String.StringIndexOf} 3479 ms. Memory: 2598912K Free: 344299K (13%)
#Configuration.check: entity: ptolemy.actor.lib.string.StringLength {.configuration.actor library.Actors.String.StringLength} 3480 ms. Memory: 2598912K Free: 344299K (13%)
#Configuration.check: entity: ptolemy.actor.lib.string.StringMatches {.configuration.actor library.Actors.String.StringMatches} 3480 ms. Memory: 2598912K Free: 343803K (13%)
#Configuration.check: entity: ptolemy.actor.lib.string.StringReplace {.configuration.actor library.Actors.String.StringReplace} 3481 ms. Memory: 2598912K Free: 343289K (13%)
#Configuration.check: entity: ptolemy.actor.lib.string.StringSplit {.configuration.actor library.Actors.String.StringSplit} 3483 ms. Memory: 2598912K Free: 343289K (13%)
#Configuration.check: entity: ptolemy.actor.lib.string.StringSubstring {.configuration.actor library.Actors.String.StringSubstring} 3484 ms. Memory: 2598912K Free: 342779K (13%)
#Configuration.check: entity: ptolemy.actor.lib.DiscreteClock {.configuration.actor library.Actors.DomainSpecific.Continuous.Signal Generators.ContinuousClock.DiscreteClock} 3485 ms. Memory: 2598912K Free: 342779K (13%)
#Configuration.check: entity: ptolemy.domains.continuous.lib.ZeroOrderHold {.configuration.actor library.Actors.DomainSpecific.Continuous.Signal Generators.ContinuousClock.ZeroOrderHold} 3715 ms. Memory: 2598912K Free: 411336K (16%)
#Configuration.check: entity: ptolemy.actor.lib.DiscreteClock {.configuration.actor library.Actors.DomainSpecific.Continuous.Signal Generators.DiscreteClock} 3716 ms. Memory: 2598912K Free: 410808K (16%)
#Configuration.check: entity: ptolemy.actor.lib.SingleEvent {.configuration.actor library.Actors.DomainSpecific.Continuous.Signal Generators.SingleEvent} 3717 ms. Memory: 2598912K Free: 410808K (16%)
#Configuration.check: entity: ptolemy.domains.continuous.lib.Waveform {.configuration.actor library.Actors.DomainSpecific.Continuous.Signal Generators.Waveform} 3718 ms. Memory: 2598912K Free: 410363K (16%)
#Configuration.check: entity: ptolemy.domains.continuous.lib.LevelCrossingDetector {.configuration.actor library.Actors.DomainSpecific.Continuous.Continuous to Discrete.LevelCrossingDetector} 3719 ms. Memory: 2598912K Free: 410363K (16%)
#Configuration.check: entity: ptolemy.domains.continuous.lib.PeriodicSampler {.configuration.actor library.Actors.DomainSpecific.Continuous.Continuous to Discrete.PeriodicSampler} 3720 ms. Memory: 2598912K Free: 409849K (16%)
#Configuration.check: entity: ptolemy.actor.lib.Sampler {.configuration.actor library.Actors.DomainSpecific.Continuous.Continuous to Discrete.Sampler} 3720 ms. Memory: 2598912K Free: 409849K (16%)
#Configuration.check: entity: ptolemy.domains.continuous.lib.ZeroOrderHold {.configuration.actor library.Actors.DomainSpecific.Continuous.Discrete to Continuous.ZeroOrderHold} 3720 ms. Memory: 2598912K Free: 409849K (16%)
#Configuration.check: entity: ptolemy.actor.lib.Scale {.configuration.actor library.Actors.DomainSpecific.Continuous.Dynamics.DCMotor.Scale} 3720 ms. Memory: 2598912K Free: 409849K (16%)
#Configuration.check: entity: ptolemy.actor.lib.AddSubtract {.configuration.actor library.Actors.DomainSpecific.Continuous.Dynamics.DCMotor.AddSubtract} 3721 ms. Memory: 2598912K Free: 409339K (16%)
#Configuration.check: entity: ptolemy.actor.lib.Scale {.configuration.actor library.Actors.DomainSpecific.Continuous.Dynamics.DCMotor.Scale2} 3721 ms. Memory: 2598912K Free: 409339K (16%)
#Configuration.check: entity: ptolemy.actor.lib.AddSubtract {.configuration.actor library.Actors.DomainSpecific.Continuous.Dynamics.DCMotor.AddSubtract2} 3721 ms. Memory: 2598912K Free: 409339K (16%)
#Configuration.check: entity: ptolemy.domains.continuous.lib.Integrator {.configuration.actor library.Actors.DomainSpecific.Continuous.Dynamics.DCMotor.Integrator} 3721 ms. Memory: 2598912K Free: 409339K (16%)
#Configuration.check: entity: ptolemy.actor.lib.Scale {.configuration.actor library.Actors.DomainSpecific.Continuous.Dynamics.DCMotor.Scale3} 3722 ms. Memory: 2598912K Free: 409339K (16%)
#Configuration.check: entity: ptolemy.actor.lib.Scale {.configuration.actor library.Actors.DomainSpecific.Continuous.Dynamics.DCMotor.Scale4} 3723 ms. Memory: 2598912K Free: 409339K (16%)
#Configuration.check: entity: ptolemy.actor.lib.Scale {.configuration.actor library.Actors.DomainSpecific.Continuous.Dynamics.DCMotor.Scale5} 3723 ms. Memory: 2598912K Free: 408825K (16%)
#Configuration.check: entity: ptolemy.domains.continuous.lib.Integrator {.configuration.actor library.Actors.DomainSpecific.Continuous.Dynamics.DCMotor.Integrator2} 3723 ms. Memory: 2598912K Free: 408825K (16%)
#Configuration.check: entity: ptolemy.actor.lib.Default {.configuration.actor library.Actors.DomainSpecific.Continuous.Dynamics.DCMotor.Default} 3724 ms. Memory: 2598912K Free: 408814K (16%)
#Configuration.check: entity: ptolemy.actor.lib.Const {.configuration.actor library.Actors.DomainSpecific.Continuous.Dynamics.DCMotor.Const} 3725 ms. Memory: 2598912K Free: 408315K (16%)
#Configuration.check: entity: ptolemy.domains.continuous.lib.Derivative {.configuration.actor library.Actors.DomainSpecific.Continuous.Dynamics.Derivative} 3725 ms. Memory: 2598912K Free: 408315K (16%)
#Configuration.check: entity: ptolemy.domains.continuous.lib.Integrator {.configuration.actor library.Actors.DomainSpecific.Continuous.Dynamics.Integrator} 3725 ms. Memory: 2598912K Free: 408315K (16%)
#Configuration.check: entity: ptolemy.domains.continuous.lib.BandlimitedNoise {.configuration.actor library.Actors.DomainSpecific.Continuous.Random.BandlimitedNoise} 3726 ms. Memory: 2598912K Free: 408315K (16%)
#Configuration.check: entity: ptolemy.domains.continuous.lib.Noise {.configuration.actor library.Actors.DomainSpecific.Continuous.Random.Noise} 3728 ms. Memory: 2598912K Free: 407291K (16%)
#Configuration.check: entity: ptolemy.actor.lib.MicrostepDelay {.configuration.actor library.Actors.DomainSpecific.Continuous.Miscellaneous.MicrostepDelay} 3730 ms. Memory: 2598912K Free: 406267K (16%)
#Configuration.check: entity: ptolemy.actor.lib.ResettableTimer {.configuration.actor library.Actors.DomainSpecific.Continuous.Miscellaneous.ResettableTimer} 3731 ms. Memory: 2598912K Free: 406267K (16%)
#Configuration.check: entity: ptolemy.domains.continuous.lib.ContinuousMerge {.configuration.actor library.Actors.DomainSpecific.Continuous.Miscellaneous.ContinuousMerge} 3732 ms. Memory: 2598912K Free: 406267K (16%)
#Configuration.check: entity: ptolemy.domains.ddf.lib.DDFSingleTokenCommutator {.configuration.actor library.Actors.DomainSpecific.DynamicDataFlow.DDFSingleTokenCommutator} 3732 ms. Memory: 2598912K Free: 405753K (16%)
#Configuration.check: entity: ptolemy.actor.lib.CurrentDate {.configuration.actor library.Actors.DomainSpecific.DiscreteEvent.Date.CurrentDate} 3734 ms. Memory: 2598912K Free: 405753K (16%)
#Configuration.check: entity: ptolemy.actor.lib.DateElements {.configuration.actor library.Actors.DomainSpecific.DiscreteEvent.Date.DateElements} 3987 ms. Memory: 2598912K Free: 438356K (17%)
#Configuration.check: entity: ptolemy.actor.lib.DateConstructor {.configuration.actor library.Actors.DomainSpecific.DiscreteEvent.Date.DateConstructor} 3989 ms. Memory: 2598912K Free: 437332K (17%)
#Configuration.check: entity: ptolemy.domains.de.lib.DateToEvent {.configuration.actor library.Actors.DomainSpecific.DiscreteEvent.Date.DateToEvent} 3993 ms. Memory: 2598912K Free: 436308K (17%)
#Configuration.check: entity: ptolemy.domains.de.lib.DateToModelTime {.configuration.actor library.Actors.DomainSpecific.DiscreteEvent.Date.DateToModelTime} 3995 ms. Memory: 2598912K Free: 435284K (17%)
#Configuration.check: entity: ptolemy.domains.de.lib.EventToDate {.configuration.actor library.Actors.DomainSpecific.DiscreteEvent.Date.EventToDate} 3998 ms. Memory: 2598912K Free: 434770K (17%)
#Configuration.check: entity: ptolemy.actor.lib.ModifyDate {.configuration.actor library.Actors.DomainSpecific.DiscreteEvent.Date.ModifyDate} 4000 ms. Memory: 2598912K Free: 433746K (17%)
#Configuration.check: entity: ptolemy.actor.lib.conversions.StringToDate {.configuration.actor library.Actors.DomainSpecific.DiscreteEvent.Date.StringToDate} 4003 ms. Memory: 2598912K Free: 432722K (17%)
#Configuration.check: entity: ptolemy.domains.de.lib.AverageOverTime {.configuration.actor library.Actors.DomainSpecific.DiscreteEvent.AverageOverTime} 4003 ms. Memory: 2598912K Free: 432722K (17%)
#Configuration.check: entity: ptolemy.domains.de.lib.Derivative {.configuration.actor library.Actors.DomainSpecific.DiscreteEvent.Derivative} 4003 ms. Memory: 2598912K Free: 432722K (17%)
#Configuration.check: entity: ptolemy.actor.lib.gui.EventButton {.configuration.actor library.Actors.DomainSpecific.DiscreteEvent.EventButton} 4004 ms. Memory: 2598912K Free: 432722K (17%)
#Configuration.check: entity: ptolemy.domains.de.lib.EventFilter {.configuration.actor library.Actors.DomainSpecific.DiscreteEvent.EventFilter} 4006 ms. Memory: 2598912K Free: 432212K (17%)
#Configuration.check: entity: ptolemy.domains.de.lib.Inhibit {.configuration.actor library.Actors.DomainSpecific.DiscreteEvent.Inhibit} 4006 ms. Memory: 2598912K Free: 432212K (17%)
#Configuration.check: entity: ptolemy.domains.de.lib.Integrator {.configuration.actor library.Actors.DomainSpecific.DiscreteEvent.Integrator} 4006 ms. Memory: 2598912K Free: 432212K (17%)
#Configuration.check: entity: ptolemy.domains.de.lib.Merge {.configuration.actor library.Actors.DomainSpecific.DiscreteEvent.Merge} 4007 ms. Memory: 2598912K Free: 431698K (17%)
#Configuration.check: entity: ptolemy.actor.lib.MicrostepDelay {.configuration.actor library.Actors.DomainSpecific.DiscreteEvent.MicrostepDelay} 4007 ms. Memory: 2598912K Free: 431698K (17%)
#Configuration.check: entity: ptolemy.domains.de.lib.MostRecent {.configuration.actor library.Actors.DomainSpecific.DiscreteEvent.MostRecent} 4008 ms. Memory: 2598912K Free: 431698K (17%)
#Configuration.check: entity: ptolemy.domains.de.lib.PID {.configuration.actor library.Actors.DomainSpecific.DiscreteEvent.PID} 4008 ms. Memory: 2598912K Free: 431698K (17%)
#Configuration.check: entity: ptolemy.domains.de.lib.Previous {.configuration.actor library.Actors.DomainSpecific.DiscreteEvent.Previous} 4008 ms. Memory: 2598912K Free: 431698K (17%)
#Configuration.check: entity: ptolemy.domains.de.lib.Queue {.configuration.actor library.Actors.DomainSpecific.DiscreteEvent.Queue} 4009 ms. Memory: 2598912K Free: 431698K (17%)
#Configuration.check: entity: ptolemy.domains.de.lib.Register {.configuration.actor library.Actors.DomainSpecific.DiscreteEvent.Register} 4010 ms. Memory: 2598912K Free: 431188K (17%)
#Configuration.check: entity: ptolemy.actor.lib.ResettableTimer {.configuration.actor library.Actors.DomainSpecific.DiscreteEvent.ResettableTimer} 4010 ms. Memory: 2598912K Free: 431188K (17%)
#Configuration.check: entity: ptolemy.domains.de.lib.Server {.configuration.actor library.Actors.DomainSpecific.DiscreteEvent.Server} 4011 ms. Memory: 2598912K Free: 430664K (17%)
#Configuration.check: entity: ptolemy.domains.de.lib.SharedQueue {.configuration.actor library.Actors.DomainSpecific.DiscreteEvent.SharedQueue} 4013 ms. Memory: 2598912K Free: 430164K (17%)
#Configuration.check: entity: ptolemy.actor.lib.SingleEvent {.configuration.actor library.Actors.DomainSpecific.DiscreteEvent.SingleEvent} 4014 ms. Memory: 2598912K Free: 429650K (17%)
#Configuration.check: entity: ptolemy.domains.de.lib.TimeCompare {.configuration.actor library.Actors.DomainSpecific.DiscreteEvent.TimeCompare} 4015 ms. Memory: 2598912K Free: 429650K (17%)
#Configuration.check: entity: ptolemy.actor.lib.TimeDelay {.configuration.actor library.Actors.DomainSpecific.DiscreteEvent.TimeDelay} 4015 ms. Memory: 2598912K Free: 429650K (17%)
#Configuration.check: entity: ptolemy.domains.de.lib.TimeGap {.configuration.actor library.Actors.DomainSpecific.DiscreteEvent.TimeGap} 4016 ms. Memory: 2598912K Free: 429140K (17%)
#Configuration.check: entity: ptolemy.domains.de.lib.WaitingTime {.configuration.actor library.Actors.DomainSpecific.DiscreteEvent.WaitingTime} 4017 ms. Memory: 2598912K Free: 429140K (17%)
#Configuration.check: entity: ptolemy.actor.lib.OrderedMerge {.configuration.actor library.Actors.DomainSpecific.ProcessNetworks.OrderedMerge} 4022 ms. Memory: 2598912K Free: 428116K (16%)
#Configuration.check: entity: ptolemy.actor.lib.Sequencer {.configuration.actor library.Actors.DomainSpecific.ProcessNetworks.Sequencer} 4045 ms. Memory: 2598912K Free: 416324K (16%)
#Configuration.check: entity: ptolemy.domains.pn.lib.Starver {.configuration.actor library.Actors.DomainSpecific.ProcessNetworks.Starver} 4046 ms. Memory: 2598912K Free: 416324K (16%)
#Configuration.check: entity: ptolemy.actor.lib.Stop {.configuration.actor library.Actors.DomainSpecific.ProcessNetworks.Stop} 4047 ms. Memory: 2598912K Free: 415828K (16%)
#Configuration.check: entity: ptolemy.actor.lib.Synchronizer {.configuration.actor library.Actors.DomainSpecific.ProcessNetworks.Synchronizer} 4047 ms. Memory: 2598912K Free: 415828K (16%)
#Configuration.check: entity: ptolemy.domains.rendezvous.lib.Barrier {.configuration.actor library.Actors.DomainSpecific.Rendezvous.Barrier} 4047 ms. Memory: 2598912K Free: 415828K (16%)
#Configuration.check: entity: ptolemy.domains.rendezvous.lib.Buffer {.configuration.actor library.Actors.DomainSpecific.Rendezvous.Buffer} 4078 ms. Memory: 2598912K Free: 398420K (15%)
#Configuration.check: entity: ptolemy.domains.rendezvous.lib.Merge {.configuration.actor library.Actors.DomainSpecific.Rendezvous.Merge} 4079 ms. Memory: 2598912K Free: 398420K (15%)
#Configuration.check: entity: ptolemy.domains.rendezvous.lib.ResourcePool {.configuration.actor library.Actors.DomainSpecific.Rendezvous.ResourcePool} 4079 ms. Memory: 2598912K Free: 398420K (15%)
#Configuration.check: entity: ptolemy.domains.sr.lib.Absent {.configuration.actor library.Actors.DomainSpecific.SynchronousReactive.Absent} 4080 ms. Memory: 2598912K Free: 397906K (15%)
#Configuration.check: entity: ptolemy.domains.sr.lib.Current {.configuration.actor library.Actors.DomainSpecific.SynchronousReactive.Current} 4198 ms. Memory: 2598912K Free: 327764K (13%)
#Configuration.check: entity: ptolemy.actor.lib.Default {.configuration.actor library.Actors.DomainSpecific.SynchronousReactive.Default} 4199 ms. Memory: 2598912K Free: 327764K (13%)
#Configuration.check: entity: ptolemy.domains.sr.lib.InstantaneousDialogGenerator {.configuration.actor library.Actors.DomainSpecific.SynchronousReactive.InstantaneousDialogGenerator} 4200 ms. Memory: 2598912K Free: 327250K (13%)
#Configuration.check: entity: ptolemy.actor.lib.logic.IsPresent {.configuration.actor library.Actors.DomainSpecific.SynchronousReactive.IsPresent} 4201 ms. Memory: 2598912K Free: 327250K (13%)
#Configuration.check: entity: ptolemy.domains.sr.lib.NonStrictDelay {.configuration.actor library.Actors.DomainSpecific.SynchronousReactive.NonStrictDelay} 4201 ms. Memory: 2598912K Free: 327250K (13%)
#Configuration.check: entity: ptolemy.domains.sr.lib.gui.NonStrictDisplay {.configuration.actor library.Actors.DomainSpecific.SynchronousReactive.NonStrictDisplay} 4201 ms. Memory: 2598912K Free: 327250K (13%)
#Configuration.check: entity: ptolemy.domains.sr.lib.BinaryNonStrictLogicGate {.configuration.actor library.Actors.DomainSpecific.SynchronousReactive.BinaryNonStrictLogicGate} 4201 ms. Memory: 2598912K Free: 327250K (13%)
#Configuration.check: entity: ptolemy.domains.sr.lib.NonStrictLogicGate {.configuration.actor library.Actors.DomainSpecific.SynchronousReactive.NonStrictLogicGate} 4203 ms. Memory: 2598912K Free: 326740K (13%)
#Configuration.check: entity: ptolemy.domains.sr.lib.NonStrictAndGate {.configuration.actor library.Actors.DomainSpecific.SynchronousReactive.NonStrictAndGate} 4205 ms. Memory: 2598912K Free: 325716K (13%)
#Configuration.check: entity: ptolemy.domains.sr.lib.NonStrictOrGate {.configuration.actor library.Actors.DomainSpecific.SynchronousReactive.NonStrictOrGate} 4207 ms. Memory: 2598912K Free: 325202K (13%)
#Configuration.check: entity: ptolemy.domains.sr.lib.NonStrictXorGate {.configuration.actor library.Actors.DomainSpecific.SynchronousReactive.NonStrictXorGate} 4209 ms. Memory: 2598912K Free: 324690K (12%)
#Configuration.check: entity: ptolemy.domains.sr.lib.NonStrictThreeBitAdder {.configuration.actor library.Actors.DomainSpecific.SynchronousReactive.NonStrictThreeBitAdder} 4210 ms. Memory: 2598912K Free: 323668K (12%)
#Configuration.check: entity: ptolemy.domains.sr.lib.Pre {.configuration.actor library.Actors.DomainSpecific.SynchronousReactive.Pre} 4210 ms. Memory: 2598912K Free: 323668K (12%)
#Configuration.check: entity: ptolemy.domains.sr.lib.SingleTokenDistributor {.configuration.actor library.Actors.DomainSpecific.SynchronousReactive.SingleTokenDistributor} 4210 ms. Memory: 2598912K Free: 323668K (12%)
#Configuration.check: entity: ptolemy.domains.sr.lib.When {.configuration.actor library.Actors.DomainSpecific.SynchronousReactive.When} 4211 ms. Memory: 2598912K Free: 323668K (12%)
#Configuration.check: entity: ptolemy.actor.lib.logic.TrueGate {.configuration.actor library.Actors.DomainSpecific.SynchronousReactive.TrueGate} 4211 ms. Memory: 2598912K Free: 323154K (12%)
#Configuration.check: entity: org.terraswarm.accessor.JSAccessor {.configuration.actor library.MoreLibraries.Accessors.adapters.Adapter} 4211 ms. Memory: 2598912K Free: 323154K (12%)
#Retrieving library from file:/home/travis/build/icyphy/ptII/org/terraswarm/accessor/accessors/web/index.json
Retrieving library from file:/home/travis/build/icyphy/ptII/org/terraswarm/accessor/accessors/web/adapters/index.json
Configuration.check: entity: org.terraswarm.accessor.JSAccessor {.configuration.actor library.MoreLibraries.Accessors.adapters.CelsiusToFahrenheit} 13039 ms. Memory: 2598912K Free: 336400K (13%)
#Configuration.check: entity: org.terraswarm.accessor.JSAccessor {.configuration.actor library.MoreLibraries.Accessors.adapters.Identity} 13042 ms. Memory: 2598912K Free: 334873K (13%)
#Configuration.check: entity: org.terraswarm.accessor.JSAccessor {.configuration.actor library.MoreLibraries.Accessors.adapters.KelvinToFahrenheit} 13044 ms. Memory: 2598912K Free: 333849K (13%)
#Configuration.check: entity: org.terraswarm.accessor.JSAccessor {.configuration.actor library.MoreLibraries.Accessors.audio.AudioCapture} 13046 ms. Memory: 2598912K Free: 332825K (13%)
#Retrieving library from file:/home/travis/build/icyphy/ptII/org/terraswarm/accessor/accessors/web/audio/index.json
Configuration.check: entity: org.terraswarm.accessor.JSAccessor {.configuration.actor library.MoreLibraries.Accessors.audio.AudioPlayer} 20151 ms. Memory: 2598912K Free: 259582K (10%)
#Configuration.check: entity: org.terraswarm.accessor.JSAccessor {.configuration.actor library.MoreLibraries.Accessors.audio.ClipPlayer} 20154 ms. Memory: 2598912K Free: 258558K (10%)
#Configuration.check: entity: org.terraswarm.accessor.JSAccessor {.configuration.actor library.MoreLibraries.Accessors.cameras.Camera} 20157 ms. Memory: 2598912K Free: 257024K (10%)
#Retrieving library from file:/home/travis/build/icyphy/ptII/org/terraswarm/accessor/accessors/web/cameras/index.json
Configuration.check: entity: org.terraswarm.accessor.JSAccessor {.configuration.actor library.MoreLibraries.Accessors.cameras.Foscam} 25117 ms. Memory: 2598912K Free: 217583K (8%)
#Configuration.check: entity: org.terraswarm.accessor.JSAccessor {.configuration.actor library.MoreLibraries.Accessors.dashboard.GraphComponent} 25121 ms. Memory: 2598912K Free: 215550K (8%)
#Retrieving library from file:/home/travis/build/icyphy/ptII/org/terraswarm/accessor/accessors/web/dashboard/index.json
Configuration.check: entity: org.terraswarm.accessor.JSAccessor {.configuration.actor library.MoreLibraries.Accessors.dashboard.OdometerComponent} 46462 ms. Memory: 2598912K Free: 435200K (17%)
#Configuration.check: entity: org.terraswarm.accessor.JSAccessor {.configuration.actor library.MoreLibraries.Accessors.dashboard.ParkingComponent} 46465 ms. Memory: 2598912K Free: 433673K (17%)
#Configuration.check: entity: org.terraswarm.accessor.JSAccessor {.configuration.actor library.MoreLibraries.Accessors.dashboard.RestaurantComponent} 46467 ms. Memory: 2598912K Free: 432649K (17%)
#Configuration.check: entity: org.terraswarm.accessor.JSAccessor {.configuration.actor library.MoreLibraries.Accessors.dashboard.RoutingWebSocketServer} 46468 ms. Memory: 2598912K Free: 431625K (17%)
#Configuration.check: entity: org.terraswarm.accessor.JSAccessor {.configuration.actor library.MoreLibraries.Accessors.dashboard.SpeedometerComponent} 46470 ms. Memory: 2598912K Free: 430601K (17%)
#Configuration.check: entity: org.terraswarm.accessor.JSAccessor {.configuration.actor library.MoreLibraries.Accessors.dashboard.UIComponent} 46472 ms. Memory: 2598912K Free: 429577K (17%)
#Configuration.check: entity: org.terraswarm.accessor.JSAccessor {.configuration.actor library.MoreLibraries.Accessors.dashboard.VideoComponent} 46474 ms. Memory: 2598912K Free: 428553K (16%)
#Configuration.check: entity: org.terraswarm.accessor.JSAccessor {.configuration.actor library.MoreLibraries.Accessors.devices.AdsB} 46531 ms. Memory: 2598912K Free: 734208K (28%)
#Retrieving library from file:/home/travis/build/icyphy/ptII/org/terraswarm/accessor/accessors/web/devices/index.json
Configuration.check: entity: org.terraswarm.accessor.JSAccessor {.configuration.actor library.MoreLibraries.Accessors.devices.Hue} 61695 ms. Memory: 2598912K Free: 322046K (12%)
#Configuration.check: entity: org.terraswarm.accessor.JSAccessor {.configuration.actor library.MoreLibraries.Accessors.devices.Moto360SensorListener} 61698 ms. Memory: 2598912K Free: 320512K (12%)
#Configuration.check: entity: org.terraswarm.accessor.JSAccessor {.configuration.actor library.MoreLibraries.Accessors.devices.DrDose} 61700 ms. Memory: 2598912K Free: 318974K (12%)
#Configuration.check: entity: org.terraswarm.accessor.JSAccessor {.configuration.actor library.MoreLibraries.Accessors.devices.PhSensor} 61706 ms. Memory: 2598912K Free: 317440K (12%)
#Configuration.check: entity: org.terraswarm.accessor.JSAccessor {.configuration.actor library.MoreLibraries.Accessors.devices.EcSensor} 61710 ms. Memory: 2598912K Free: 315902K (12%)
#Configuration.check: entity: org.terraswarm.accessor.JSAccessor {.configuration.actor library.MoreLibraries.Accessors.devices.Lifx} 61715 ms. Memory: 2598912K Free: 314368K (12%)
#Configuration.check: entity: org.terraswarm.accessor.JSAccessor {.configuration.actor library.MoreLibraries.Accessors.image.AprilTags} 61719 ms. Memory: 2598912K Free: 313344K (12%)
#Retrieving library from file:/home/travis/build/icyphy/ptII/org/terraswarm/accessor/accessors/web/image/index.json
CharacterRecognition: The tesseract module was not present.  The CharacterRecognition accessor is not supported on this accessor host. (Thread[main,5,main])
CharacterRecognition: The tesseract module was not present.  The CharacterRecognition accessor is not supported on this accessor host. (Thread[main,5,main])
Configuration.check: entity: org.terraswarm.accessor.JSAccessor {.configuration.actor library.MoreLibraries.Accessors.image.CharacterRecognition} 77504 ms. Memory: 2598912K Free: 337408K (13%)
#Configuration.check: entity: org.terraswarm.accessor.JSAccessor {.configuration.actor library.MoreLibraries.Accessors.image.ComputerVision} 77507 ms. Memory: 2598912K Free: 336384K (13%)
#Configuration.check: entity: org.terraswarm.accessor.JSAccessor {.configuration.actor library.MoreLibraries.Accessors.image.FaceDetector} 77509 ms. Memory: 2598912K Free: 335360K (13%)
#Configuration.check: entity: org.terraswarm.accessor.JSAccessor {.configuration.actor library.MoreLibraries.Accessors.image.ImageAnnotate} 77511 ms. Memory: 2598912K Free: 334336K (13%)
#Configuration.check: entity: org.terraswarm.accessor.JSAccessor {.configuration.actor library.MoreLibraries.Accessors.image.ImageDisplay} 77514 ms. Memory: 2598912K Free: 332798K (13%)
#Configuration.check: entity: org.terraswarm.accessor.JSAccessor {.configuration.actor library.MoreLibraries.Accessors.image.ImageFilter} 77516 ms. Memory: 2598912K Free: 331264K (13%)
#Configuration.check: entity: org.terraswarm.accessor.JSAccessor {.configuration.actor library.MoreLibraries.Accessors.image.MotionDetector} 77518 ms. Memory: 2598912K Free: 330240K (13%)
#Configuration.check: entity: org.terraswarm.accessor.JSAccessor {.configuration.actor library.MoreLibraries.Accessors.net.Discovery} 77521 ms. Memory: 2598912K Free: 328192K (13%)
#Retrieving library from file:/home/travis/build/icyphy/ptII/org/terraswarm/accessor/accessors/web/net/index.json
Configuration.check: entity: org.terraswarm.accessor.JSAccessor {.configuration.actor library.MoreLibraries.Accessors.net.IPAddress} 126323 ms. Memory: 2598912K Free: 558080K (21%)
#Configuration.check: entity: org.terraswarm.accessor.JSAccessor {.configuration.actor library.MoreLibraries.Accessors.net.KeyValueStore} 126326 ms. Memory: 2598912K Free: 557549K (21%)
#Configuration.check: entity: org.terraswarm.accessor.JSAccessor {.configuration.actor library.MoreLibraries.Accessors.net.MQTTPublisher} 126330 ms. Memory: 2598912K Free: 556032K (21%)
#Configuration.check: entity: org.terraswarm.accessor.JSAccessor {.configuration.actor library.MoreLibraries.Accessors.net.MQTTSubscriber} 126333 ms. Memory: 2598912K Free: 555008K (21%)
#Configuration.check: entity: org.terraswarm.accessor.JSAccessor {.configuration.actor library.MoreLibraries.Accessors.net.REST} 126335 ms. Memory: 2598912K Free: 553984K (21%)
#Configuration.check: entity: org.terraswarm.accessor.JSAccessor {.configuration.actor library.MoreLibraries.Accessors.net.SecureCommClient} 126338 ms. Memory: 2598912K Free: 552431K (21%)
#Configuration.check: entity: org.terraswarm.accessor.JSAccessor {.configuration.actor library.MoreLibraries.Accessors.net.SecureCommServer} 126341 ms. Memory: 2598912K Free: 550391K (21%)
#Configuration.check: entity: org.terraswarm.accessor.JSAccessor {.configuration.actor library.MoreLibraries.Accessors.net.SecurePublisher} 126344 ms. Memory: 2598912K Free: 548350K (21%)
#Configuration.check: entity: org.terraswarm.accessor.JSAccessor {.configuration.actor library.MoreLibraries.Accessors.net.SecureSubscriber} 126350 ms. Memory: 2598912K Free: 546816K (21%)
#Configuration.check: entity: org.terraswarm.accessor.JSAccessor {.configuration.actor library.MoreLibraries.Accessors.net.SerialPort} 126355 ms. Memory: 2598912K Free: 545278K (21%)
#Configuration.check: entity: org.terraswarm.accessor.JSAccessor {.configuration.actor library.MoreLibraries.Accessors.net.TCPSocketClient} 126357 ms. Memory: 2598912K Free: 544254K (21%)
#Configuration.check: entity: org.terraswarm.accessor.JSAccessor {.configuration.actor library.MoreLibraries.Accessors.net.TCPSocketServer} 126361 ms. Memory: 2598912K Free: 542720K (21%)
#Configuration.check: entity: org.terraswarm.accessor.JSAccessor {.configuration.actor library.MoreLibraries.Accessors.net.UDPSocketListener} 126365 ms. Memory: 2598912K Free: 541696K (21%)
#Configuration.check: entity: org.terraswarm.accessor.JSAccessor {.configuration.actor library.MoreLibraries.Accessors.net.UDPSocketSender} 126368 ms. Memory: 2598912K Free: 540158K (21%)
#Configuration.check: entity: org.terraswarm.accessor.JSAccessor {.configuration.actor library.MoreLibraries.Accessors.net.VertxPublish} 126370 ms. Memory: 2598912K Free: 539134K (21%)
#Configuration.check: entity: org.terraswarm.accessor.JSAccessor {.configuration.actor library.MoreLibraries.Accessors.net.VertxSubscribe} 126373 ms. Memory: 2598912K Free: 538110K (21%)
#Configuration.check: entity: org.terraswarm.accessor.JSAccessor {.configuration.actor library.MoreLibraries.Accessors.net.WebServer} 126376 ms. Memory: 2598912K Free: 537071K (21%)
#Configuration.check: entity: org.terraswarm.accessor.JSAccessor {.configuration.actor library.MoreLibraries.Accessors.net.WebSocketClient} 126378 ms. Memory: 2598912K Free: 536047K (21%)
#Configuration.check: entity: org.terraswarm.accessor.JSAccessor {.configuration.actor library.MoreLibraries.Accessors.net.WebSocketServer} 126381 ms. Memory: 2598912K Free: 534528K (21%)
#Configuration.check: entity: org.terraswarm.accessor.JSAccessor {.configuration.actor library.MoreLibraries.Accessors.net.XBee} 126384 ms. Memory: 2598912K Free: 533504K (21%)
#Configuration.check: entity: org.terraswarm.accessor.JSAccessor {.configuration.actor library.MoreLibraries.Accessors.robotics.RosNavigationPose} 126385 ms. Memory: 2598912K Free: 532480K (20%)
#Retrieving library from file:/home/travis/build/icyphy/ptII/org/terraswarm/accessor/accessors/web/robotics/index.json
Configuration.check: entity: org.terraswarm.accessor.JSAccessor {.configuration.actor library.MoreLibraries.Accessors.robotics.RosPublisher} 142021 ms. Memory: 2598912K Free: 314366K (12%)
#Configuration.check: entity: org.terraswarm.accessor.JSAccessor {.configuration.actor library.MoreLibraries.Accessors.robotics.RosSubscriber} 142025 ms. Memory: 2598912K Free: 312832K (12%)
#Configuration.check: entity: org.terraswarm.accessor.JSAccessor {.configuration.actor library.MoreLibraries.Accessors.robotics.LocationRosPublisher} 142028 ms. Memory: 2598912K Free: 311294K (12%)
#Configuration.check: entity: org.terraswarm.accessor.JSAccessor {.configuration.actor library.MoreLibraries.Accessors.robotics.Scarab} 142032 ms. Memory: 2598912K Free: 309760K (12%)
#Configuration.check: entity: org.terraswarm.accessor.JSAccessor {.configuration.actor library.MoreLibraries.Accessors.robotics.DroneLocation} 142034 ms. Memory: 2598912K Free: 308736K (12%)
#Configuration.check: entity: org.terraswarm.accessor.JSAccessor {.configuration.actor library.MoreLibraries.Accessors.robotics.Global2LatLonAlt} 142037 ms. Memory: 2598912K Free: 307710K (12%)
#Configuration.check: entity: org.terraswarm.accessor.JSAccessor {.configuration.actor library.MoreLibraries.Accessors.geodesy.Lla2Ecef} 142039 ms. Memory: 2598912K Free: 306174K (12%)
#Retrieving library from file:/home/travis/build/icyphy/ptII/org/terraswarm/accessor/accessors/web/geodesy/index.json
Configuration.check: entity: org.terraswarm.accessor.JSAccessor {.configuration.actor library.MoreLibraries.Accessors.geodesy.LlaDist} 148492 ms. Memory: 2598912K Free: 309231K (12%)
#Configuration.check: entity: org.terraswarm.accessor.JSAccessor {.configuration.actor library.MoreLibraries.Accessors.geodesy.EuclideanDist} 148500 ms. Memory: 2598912K Free: 307712K (12%)
#Configuration.check: entity: org.terraswarm.accessor.JSAccessor {.configuration.actor library.MoreLibraries.Accessors.services.FINDLocation} 148502 ms. Memory: 2598912K Free: 306174K (12%)
#Retrieving library from file:/home/travis/build/icyphy/ptII/org/terraswarm/accessor/accessors/web/services/index.json
Configuration.check: entity: org.terraswarm.accessor.JSAccessor {.configuration.actor library.MoreLibraries.Accessors.services.FINDTracker} 191304 ms. Memory: 2598912K Free: 326142K (13%)
#Configuration.check: entity: org.terraswarm.accessor.JSAccessor {.configuration.actor library.MoreLibraries.Accessors.services.GeoCoder} 191308 ms. Memory: 2598912K Free: 324094K (12%)
#Configuration.check: entity: org.terraswarm.accessor.JSAccessor {.configuration.actor library.MoreLibraries.Accessors.services.GeoLocation} 191311 ms. Memory: 2598912K Free: 322560K (12%)
#Configuration.check: entity: org.terraswarm.accessor.JSAccessor {.configuration.actor library.MoreLibraries.Accessors.services.Heartbeat} 191313 ms. Memory: 2598912K Free: 321536K (12%)
#Configuration.check: entity: org.terraswarm.accessor.JSAccessor {.configuration.actor library.MoreLibraries.Accessors.services.HostCompatibility} 191315 ms. Memory: 2598912K Free: 320512K (12%)
#Configuration.check: entity: org.terraswarm.accessor.JSAccessor {.configuration.actor library.MoreLibraries.Accessors.services.NaturalLanguage} 191319 ms. Memory: 2598912K Free: 318974K (12%)
#Configuration.check: entity: org.terraswarm.accessor.JSAccessor {.configuration.actor library.MoreLibraries.Accessors.services.RedPinLocation} 191321 ms. Memory: 2598912K Free: 317943K (12%)
#Configuration.check: entity: org.terraswarm.accessor.JSAccessor {.configuration.actor library.MoreLibraries.Accessors.services.ReverseGeoCoder} 191325 ms. Memory: 2598912K Free: 316416K (12%)
#Configuration.check: entity: org.terraswarm.accessor.JSAccessor {.configuration.actor library.MoreLibraries.Accessors.services.SemanticRepositoryUpdate} 191329 ms. Memory: 2598912K Free: 314863K (12%)
#Configuration.check: entity: org.terraswarm.accessor.JSAccessor {.configuration.actor library.MoreLibraries.Accessors.services.SemanticRepositoryQuery} 191333 ms. Memory: 2598912K Free: 313344K (12%)
#Configuration.check: entity: org.terraswarm.accessor.JSAccessor {.configuration.actor library.MoreLibraries.Accessors.services.SemanticYelpSearch} 191336 ms. Memory: 2598912K Free: 311791K (12%)
#Configuration.check: entity: org.terraswarm.accessor.JSAccessor {.configuration.actor library.MoreLibraries.Accessors.services.SpeechRecognition} 191340 ms. Memory: 2598912K Free: 309758K (12%)
#Configuration.check: entity: org.terraswarm.accessor.JSAccessor {.configuration.actor library.MoreLibraries.Accessors.services.Weather} 191342 ms. Memory: 2598912K Free: 308734K (12%)
#Configuration.check: entity: org.terraswarm.accessor.JSAccessor {.configuration.actor library.MoreLibraries.Accessors.services.WiFiScan} 191347 ms. Memory: 2598912K Free: 306679K (12%)
#Configuration.check: entity: org.terraswarm.accessor.JSAccessor {.configuration.actor library.MoreLibraries.Accessors.services.YelpSearch} 191350 ms. Memory: 2598912K Free: 305647K (12%)
#Configuration.check: entity: org.terraswarm.accessor.JSAccessor {.configuration.actor library.MoreLibraries.Accessors.signals.FFT} 191352 ms. Memory: 2598912K Free: 303614K (12%)
#Retrieving library from file:/home/travis/build/icyphy/ptII/org/terraswarm/accessor/accessors/web/signals/index.json
Configuration.check: entity: org.terraswarm.accessor.JSAccessor {.configuration.actor library.MoreLibraries.Accessors.test.MochaTest} 193256 ms. Memory: 2598912K Free: 302080K (12%)
#Retrieving library from file:/home/travis/build/icyphy/ptII/org/terraswarm/accessor/accessors/web/test/index.json
Configuration.check: entity: org.terraswarm.accessor.JSAccessor {.configuration.actor library.MoreLibraries.Accessors.test.TestAccessor} 231337 ms. Memory: 2598912K Free: 295027K (11%)
#Configuration.check: entity: org.terraswarm.accessor.JSAccessor {.configuration.actor library.MoreLibraries.Accessors.test.TestAdder} 231340 ms. Memory: 2598912K Free: 292979K (11%)
#Configuration.check: entity: org.terraswarm.accessor.JSAccessor {.configuration.actor library.MoreLibraries.Accessors.test.TestBaseC} 231343 ms. Memory: 2598912K Free: 291955K (11%)
#Configuration.check: entity: org.terraswarm.accessor.JSAccessor {.configuration.actor library.MoreLibraries.Accessors.test.TestComposite} 231344 ms. Memory: 2598912K Free: 291445K (11%)
#Configuration.check: entity: org.terraswarm.accessor.JSAccessor {.configuration.actor library.MoreLibraries.Accessors.test.TestCompositeSpontaneous} 231346 ms. Memory: 2598912K Free: 290421K (11%)
#Configuration.check: entity: org.terraswarm.accessor.JSAccessor {.configuration.actor library.MoreLibraries.Accessors.test.TestDerivedAgainA} 231349 ms. Memory: 2598912K Free: 289397K (11%)
#Configuration.check: entity: org.terraswarm.accessor.JSAccessor {.configuration.actor library.MoreLibraries.Accessors.test.TestDerivedC} 231351 ms. Memory: 2598912K Free: 288373K (11%)
#Configuration.check: entity: org.terraswarm.accessor.JSAccessor {.configuration.actor library.MoreLibraries.Accessors.test.TestFunctions} 231354 ms. Memory: 2598912K Free: 287349K (11%)
#Configuration.check: entity: org.terraswarm.accessor.JSAccessor {.configuration.actor library.MoreLibraries.Accessors.test.TestGain} 231356 ms. Memory: 2598912K Free: 286325K (11%)
#Configuration.check: entity: org.terraswarm.accessor.JSAccessor {.configuration.actor library.MoreLibraries.Accessors.test.TestImplement} 231359 ms. Memory: 2598912K Free: 285301K (11%)
#Configuration.check: entity: org.terraswarm.accessor.JSAccessor {.configuration.actor library.MoreLibraries.Accessors.test.TestInheritance} 231362 ms. Memory: 2598912K Free: 284277K (11%)
#Configuration.check: entity: org.terraswarm.accessor.JSAccessor {.configuration.actor library.MoreLibraries.Accessors.test.TestRequire} 231365 ms. Memory: 2598912K Free: 282739K (11%)
#Configuration.check: entity: org.terraswarm.accessor.JSAccessor {.configuration.actor library.MoreLibraries.Accessors.test.TestSpontaneous} 231368 ms. Memory: 2598912K Free: 281709K (11%)
#Configuration.check: entity: org.terraswarm.accessor.JSAccessor {.configuration.actor library.MoreLibraries.Accessors.test.TestSpontaneousOnce} 231371 ms. Memory: 2598912K Free: 280691K (11%)
#Configuration.check: entity: org.terraswarm.accessor.JSAccessor {.configuration.actor library.MoreLibraries.Accessors.test.TrainableTest} 231373 ms. Memory: 2598912K Free: 279667K (11%)
#Configuration.check: entity: org.terraswarm.accessor.JSAccessor {.configuration.actor library.MoreLibraries.Accessors.utilities.Clock} 231376 ms. Memory: 2598912K Free: 278643K (11%)
#Retrieving library from file:/home/travis/build/icyphy/ptII/org/terraswarm/accessor/accessors/web/utilities/index.json
The Mutable accessor original file has no documentation, so we are not running jsdoc on https://accessors.org/utilities/Mutable.js
Configuration.check: entity: org.terraswarm.accessor.JSAccessor {.configuration.actor library.MoreLibraries.Accessors.utilities.Cron} 259549 ms. Memory: 2598912K Free: 324224K (12%)
#Configuration.check: entity: org.terraswarm.accessor.JSAccessor {.configuration.actor library.MoreLibraries.Accessors.utilities.Exec} 259556 ms. Memory: 2598912K Free: 321137K (12%)
#Configuration.check: entity: org.terraswarm.accessor.JSAccessor {.configuration.actor library.MoreLibraries.Accessors.utilities.GetAccessor} 259559 ms. Memory: 2598912K Free: 320128K (12%)
#Configuration.check: entity: org.terraswarm.accessor.JSAccessor {.configuration.actor library.MoreLibraries.Accessors.utilities.GetResource} 259561 ms. Memory: 2598912K Free: 318594K (12%)
#Configuration.check: entity: org.terraswarm.accessor.JSAccessor {.configuration.actor library.MoreLibraries.Accessors.utilities.HostName} 259563 ms. Memory: 2598912K Free: 317570K (12%)
#Configuration.check: entity: org.terraswarm.accessor.JSAccessor {.configuration.actor library.MoreLibraries.Accessors.utilities.LocalStorage} 259565 ms. Memory: 2598912K Free: 316546K (12%)
#Configuration.check: entity: org.terraswarm.accessor.JSAccessor {.configuration.actor library.MoreLibraries.Accessors.utilities.Mutable} 259567 ms. Memory: 2598912K Free: 315008K (12%)
#Configuration.check: entity: org.terraswarm.accessor.JSAccessor {.configuration.actor library.MoreLibraries.Accessors.utilities.MutableBase} 259569 ms. Memory: 2598912K Free: 313984K (12%)
#Configuration.check: entity: org.terraswarm.accessor.JSAccessor {.configuration.actor library.MoreLibraries.Accessors.utilities.Stop} 259571 ms. Memory: 2598912K Free: 312960K (12%)
#Configuration.check: entity: org.terraswarm.accessor.JSAccessor {.configuration.actor library.MoreLibraries.Accessors.utilities.TextDisplay} 259573 ms. Memory: 2598912K Free: 312450K (12%)
#Configuration.check: entity: org.terraswarm.accessor.JSAccessor {.configuration.actor library.MoreLibraries.Accessors.utilities.UserInterface} 259576 ms. Memory: 2598912K Free: 311426K (12%)
#Configuration.check: entity: ptolemy.domains.de.lib.aspect.AFDXESs {.configuration.actor library.MoreLibraries.Aspects.AFDX_ESs} 259578 ms. Memory: 2598912K Free: 309888K (12%)
#Configuration.check: entity: ptolemy.domains.de.lib.aspect.AFDXSwitch {.configuration.actor library.MoreLibraries.Aspects.AFDX_SW} 259761 ms. Memory: 2598912K Free: 327277K (13%)
#Configuration.check: entity: ptolemy.domains.de.lib.aspect.Bus {.configuration.actor library.MoreLibraries.Aspects.Bus} 259763 ms. Memory: 2598912K Free: 326767K (13%)
#Configuration.check: entity: ptolemy.domains.de.lib.aspect.BasicSwitch {.configuration.actor library.MoreLibraries.Aspects.BasicSwitch} 259765 ms. Memory: 2598912K Free: 326767K (13%)
#Configuration.check: entity: ptolemy.actor.lib.aspect.CanBus {.configuration.actor library.MoreLibraries.Aspects.CanBus} 259767 ms. Memory: 2598912K Free: 326253K (13%)
#Configuration.check: entity: ptolemy.actor.gui.CommunicationAspectMonitor {.configuration.actor library.MoreLibraries.Aspects.CommunicationAspectMonitor} 259768 ms. Memory: 2598912K Free: 325743K (13%)
#Configuration.check: entity: ptolemy.domains.de.lib.aspect.CrossbarSwitch {.configuration.actor library.MoreLibraries.Aspects.CrossbarSwitch} 259768 ms. Memory: 2598912K Free: 325743K (13%)
#Configuration.check: entity: ptolemy.actor.lib.aspect.DynamicCoreAssignmentScheduler {.configuration.actor library.MoreLibraries.Aspects.DynamicCoreAssignmentScheduler} 259770 ms. Memory: 2598912K Free: 325229K (13%)
#Configuration.check: entity: ptolemy.actor.lib.aspect.EDFScheduler {.configuration.actor library.MoreLibraries.Aspects.EDFScheduler} 259772 ms. Memory: 2598912K Free: 324719K (12%)
#Configuration.check: entity: ptolemy.actor.lib.aspect.FixedPriorityScheduler {.configuration.actor library.MoreLibraries.Aspects.FixedPriorityScheduler} 259773 ms. Memory: 2598912K Free: 324205K (12%)
#Configuration.check: entity: ptolemy.domains.de.lib.aspect.TTESwitch {.configuration.actor library.MoreLibraries.Aspects.TTESwitch} 259773 ms. Memory: 2598912K Free: 324205K (12%)
#Configuration.check: entity: lbnl.actor.lib.Simulator {.configuration.actor library.MoreLibraries.Co-Simulation.Simulator.Simulator} 259775 ms. Memory: 2598912K Free: 323695K (12%)
#Configuration.check: entity: lbnl.actor.lib.SystemCommand {.configuration.actor library.MoreLibraries.Co-Simulation.Simulator.SystemCommand} 259781 ms. Memory: 2598912K Free: 322126K (12%)
#Configuration.check: entity: org.hlacerti.lib.HlaAttributeUpdater {.configuration.actor library.MoreLibraries.Co-Simulation.HLA.HlaAttributeUpdater} 259781 ms. Memory: 2598912K Free: 322126K (12%)
#HLA version is 1.3.
HLA version is 1.3.
HLA version is 1.3.
Configuration.check: entity: org.hlacerti.lib.HlaAttributeReflector {.configuration.actor library.MoreLibraries.Co-Simulation.HLA.HlaAttributeReflector} 259830 ms. Memory: 2598912K Free: 296047K (11%)
#Configuration.check: entity: ptolemy.actor.lib.database.DatabaseManager {.configuration.actor library.MoreLibraries.DatabaseActors.DatabaseManager} 259831 ms. Memory: 2598912K Free: 295533K (11%)
#Configuration.check: entity: ptolemy.actor.lib.database.DatabaseQuery {.configuration.actor library.MoreLibraries.DatabaseActors.DatabaseQuery} 259843 ms. Memory: 2598912K Free: 290398K (11%)
#Configuration.check: entity: ptolemy.actor.lib.database.DatabaseSelect {.configuration.actor library.MoreLibraries.DatabaseActors.DatabaseSelect} 259844 ms. Memory: 2598912K Free: 290212K (11%)
#Configuration.check: entity: ptolemy.actor.lib.database.DatabaseInsert {.configuration.actor library.MoreLibraries.DatabaseActors.DatabaseInsert} 259845 ms. Memory: 2598912K Free: 289903K (11%)
#Configuration.check: entity: ptolemy.actor.lib.database.SQLStatement {.configuration.actor library.MoreLibraries.DatabaseActors.SQLStatement} 259845 ms. Memory: 2598912K Free: 289903K (11%)
#Configuration.check: entity: ptolemy.actor.lib.database.ArrayOfRecordsRecorder {.configuration.actor library.MoreLibraries.DatabaseActors.ArrayOfRecordsRecorder} 259845 ms. Memory: 2598912K Free: 289903K (11%)
#Configuration.check: entity: ptolemy.actor.lib.PoissonClock {.configuration.actor library.MoreLibraries.DesignPatterns.DiscreteEvent.DESourceSink.PoissonClock} 259846 ms. Memory: 2598912K Free: 289374K (11%)
#Configuration.check: entity: ptolemy.actor.lib.Ramp {.configuration.actor library.MoreLibraries.DesignPatterns.DiscreteEvent.DESourceSink.Ramp} 259853 ms. Memory: 2598912K Free: 287341K (11%)
#Configuration.check: entity: ptolemy.actor.lib.gui.TimedPlotter {.configuration.actor library.MoreLibraries.DesignPatterns.DiscreteEvent.DESourceSink.TimedPlotter} 259853 ms. Memory: 2598912K Free: 287341K (11%)
#Configuration.check: entity: ptolemy.domains.sdf.lib.SampleDelay {.configuration.actor library.MoreLibraries.DesignPatterns.DynamicDataFlow.DDFRepeatForCount.SampleDelay} 259853 ms. Memory: 2598912K Free: 287341K (11%)
#Configuration.check: entity: ptolemy.actor.lib.Const {.configuration.actor library.MoreLibraries.DesignPatterns.DynamicDataFlow.DDFRepeatForCount.Const} 260050 ms. Memory: 2598912K Free: 327090K (13%)
#Configuration.check: entity: ptolemy.actor.lib.Ramp {.configuration.actor library.MoreLibraries.DesignPatterns.DynamicDataFlow.DDFRepeatForCount.Ramp} 260051 ms. Memory: 2598912K Free: 326580K (13%)
#Configuration.check: entity: ptolemy.actor.lib.Expression {.configuration.actor library.MoreLibraries.DesignPatterns.DynamicDataFlow.DDFRepeatForCount.Expression} 260052 ms. Memory: 2598912K Free: 326580K (13%)
#Configuration.check: entity: ptolemy.actor.lib.BooleanSwitch {.configuration.actor library.MoreLibraries.DesignPatterns.DynamicDataFlow.DDFRepeatForCount.Switch} 260053 ms. Memory: 2598912K Free: 326580K (13%)
#Configuration.check: entity: ptolemy.domains.ddf.lib.DDFBooleanSelect {.configuration.actor library.MoreLibraries.DesignPatterns.DynamicDataFlow.DDFRepeatForCount.Select} 260053 ms. Memory: 2598912K Free: 326580K (13%)
#Configuration.check: entity: ptolemy.actor.lib.Const {.configuration.actor library.MoreLibraries.DesignPatterns.DynamicDataFlow.DDFRepeatForCount.Source} 260054 ms. Memory: 2598912K Free: 326066K (13%)
#Configuration.check: entity: ptolemy.actor.lib.gui.Display {.configuration.actor library.MoreLibraries.DesignPatterns.DynamicDataFlow.DDFRepeatForCount.Sink} 260054 ms. Memory: 2598912K Free: 326066K (13%)
#Configuration.check: entity: ptolemy.actor.lib.Counter {.configuration.actor library.MoreLibraries.DesignPatterns.DynamicDataFlow.DDFRepeatForCount.RepeatedAction.Counter} 260054 ms. Memory: 2598912K Free: 326066K (13%)
#Configuration.check: entity: ptolemy.domains.rendezvous.lib.Barrier {.configuration.actor library.MoreLibraries.DesignPatterns.Rendezvous.RendezvousSynchrony.Barrier} 260055 ms. Memory: 2598912K Free: 326066K (13%)
#Configuration.check: entity: ptolemy.domains.ca.lib.gui.CAViewer {.configuration.actor library.MoreLibraries.ExperimentalDomains.CellularAutomata.CA Viewer} 260359 ms. Memory: 2598912K Free: 313825K (12%)
#Configuration.check: entity: ptolemy.domains.dde.lib.DDESink {.configuration.actor library.MoreLibraries.ExperimentalDomains.DDE.dde.DDESink} 260386 ms. Memory: 2598912K Free: 299475K (12%)
#Configuration.check: entity: ptolemy.domains.dde.lib.DoubleFork {.configuration.actor library.MoreLibraries.ExperimentalDomains.DDE.dde.DoubleFork} 260389 ms. Memory: 2598912K Free: 298451K (11%)
#Configuration.check: entity: ptolemy.domains.dde.lib.Wire {.configuration.actor library.MoreLibraries.ExperimentalDomains.DDE.dde.Wire} 260389 ms. Memory: 2598912K Free: 298451K (11%)
#Configuration.check: entity: ptolemy.domains.gr.lib.Box3D {.configuration.actor library.MoreLibraries.ExperimentalDomains.Graphics.Graphics.Box3D} 260389 ms. Memory: 2598912K Free: 298451K (11%)
#Configuration.check: entity: ptolemy.domains.gr.lib.CircularSweep3D {.configuration.actor library.MoreLibraries.ExperimentalDomains.Graphics.Graphics.CircularSweep3D} 260451 ms. Memory: 2598912K Free: 267731K (10%)
#Configuration.check: entity: ptolemy.domains.gr.lib.Cone3D {.configuration.actor library.MoreLibraries.ExperimentalDomains.Graphics.Graphics.Cone3D} 260453 ms. Memory: 2598912K Free: 267731K (10%)
#Configuration.check: entity: ptolemy.domains.gr.lib.Cylinder3D {.configuration.actor library.MoreLibraries.ExperimentalDomains.Graphics.Graphics.Cylinder3D} 260453 ms. Memory: 2598912K Free: 267235K (10%)
#Configuration.check: entity: ptolemy.domains.gr.lib.PolyCylinder3D {.configuration.actor library.MoreLibraries.ExperimentalDomains.Graphics.Graphics.PolyCylinder3D} 260454 ms. Memory: 2598912K Free: 266721K (10%)
#Configuration.check: entity: ptolemy.domains.gr.lib.Sphere3D {.configuration.actor library.MoreLibraries.ExperimentalDomains.Graphics.Graphics.Sphere3D} 260455 ms. Memory: 2598912K Free: 266721K (10%)
#Configuration.check: entity: ptolemy.domains.gr.lib.TextString3D {.configuration.actor library.MoreLibraries.ExperimentalDomains.Graphics.Graphics.TextString3D} 260456 ms. Memory: 2598912K Free: 266211K (10%)
#Configuration.check: entity: ptolemy.domains.gr.lib.Torus3D {.configuration.actor library.MoreLibraries.ExperimentalDomains.Graphics.Graphics.Torus3D} 260457 ms. Memory: 2598912K Free: 266211K (10%)
#Configuration.check: entity: ptolemy.domains.gr.lib.Rotate3D {.configuration.actor library.MoreLibraries.ExperimentalDomains.Graphics.Graphics.Rotate3D} 260457 ms. Memory: 2598912K Free: 265697K (10%)
#Configuration.check: entity: ptolemy.domains.gr.lib.Scale3D {.configuration.actor library.MoreLibraries.ExperimentalDomains.Graphics.Graphics.Scale3D} 260458 ms. Memory: 2598912K Free: 265697K (10%)
#Configuration.check: entity: ptolemy.domains.gr.lib.Translate3D {.configuration.actor library.MoreLibraries.ExperimentalDomains.Graphics.Graphics.Translate3D} 260458 ms. Memory: 2598912K Free: 265697K (10%)
#Configuration.check: entity: ptolemy.domains.gr.lib.Translate2D {.configuration.actor library.MoreLibraries.ExperimentalDomains.Graphics.Graphics.Translate2D} 260458 ms. Memory: 2598912K Free: 265697K (10%)
#Configuration.check: entity: ptolemy.domains.gr.lib.KeyInput3D {.configuration.actor library.MoreLibraries.ExperimentalDomains.Graphics.Graphics.KeyInput3D} 260460 ms. Memory: 2598912K Free: 265697K (10%)
#Configuration.check: entity: ptolemy.domains.gr.lib.MouseInput3D {.configuration.actor library.MoreLibraries.ExperimentalDomains.Graphics.Graphics.MouseInput3D} 260461 ms. Memory: 2598912K Free: 265697K (10%)
#Configuration.check: entity: ptolemy.domains.gr.lib.Rotate3D {.configuration.actor library.MoreLibraries.ExperimentalDomains.Graphics.Graphics.ThreeAxisRotator3D.Rotate3D} 260461 ms. Memory: 2598912K Free: 265187K (10%)
#Configuration.check: entity: ptolemy.domains.gr.lib.Rotate3D {.configuration.actor library.MoreLibraries.ExperimentalDomains.Graphics.Graphics.ThreeAxisRotator3D.Rotate3D2} 260461 ms. Memory: 2598912K Free: 265187K (10%)
#Configuration.check: entity: ptolemy.domains.gr.lib.Rotate3D {.configuration.actor library.MoreLibraries.ExperimentalDomains.Graphics.Graphics.ThreeAxisRotator3D.Rotate3D3} 260462 ms. Memory: 2598912K Free: 265187K (10%)
#Configuration.check: entity: ptolemy.domains.gr.lib.ViewScreen2D {.configuration.actor library.MoreLibraries.ExperimentalDomains.Graphics.Graphics.ViewScreen2D} 260462 ms. Memory: 2598912K Free: 265187K (10%)
#Configuration.check: entity: ptolemy.domains.gr.lib.ViewScreen3D {.configuration.actor library.MoreLibraries.ExperimentalDomains.Graphics.Graphics.ViewScreen3D} 260465 ms. Memory: 2598912K Free: 264673K (10%)
#Configuration.check: entity: ptolemy.domains.gr.lib.MovableViewScreen3D {.configuration.actor library.MoreLibraries.ExperimentalDomains.Graphics.Graphics.MovableViewScreen3D} 260468 ms. Memory: 2598912K Free: 264673K (10%)
#Configuration.check: entity: ptolemy.domains.petrinet.kernel.Place {.configuration.actor library.MoreLibraries.ExperimentalDomains.PetriNet.Place} 260469 ms. Memory: 2598912K Free: 264673K (10%)
#Configuration.check: entity: ptolemy.domains.pthales.lib.PthalesGenericActor {.configuration.actor library.MoreLibraries.ExperimentalDomains.Pthales.PthalesGenericActor} 260470 ms. Memory: 2598912K Free: 264163K (10%)
#Configuration.check: entity: ptolemy.domains.pthales.lib.PthalesAddHeaderActor {.configuration.actor library.MoreLibraries.ExperimentalDomains.Pthales.PthalesAddHeaderActor} 260471 ms. Memory: 2598912K Free: 263649K (10%)
#Configuration.check: entity: ptolemy.domains.pthales.lib.PthalesRemoveHeaderActor {.configuration.actor library.MoreLibraries.ExperimentalDomains.Pthales.PthalesRemoveHeaderActor} 260472 ms. Memory: 2598912K Free: 263649K (10%)
#Configuration.check: entity: ptolemy.actor.lib.Exec {.configuration.actor library.MoreLibraries.Esoteric.Exec} 260472 ms. Memory: 2598912K Free: 263649K (10%)
#Configuration.check: entity: ptolemy.caltrop.actors.CalInterpreter {.configuration.actor library.MoreLibraries.Esoteric.CalInterpreter} 260523 ms. Memory: 2598912K Free: 260577K (10%)
#Configuration.check: entity: ptolemy.actor.lib.OrderedMerge {.configuration.actor library.MoreLibraries.Esoteric.OrderedMerge} 260523 ms. Memory: 2598912K Free: 260577K (10%)
#Configuration.check: entity: ptolemy.actor.lib.RemoveNilTokens {.configuration.actor library.MoreLibraries.Esoteric.RemoveNilTokens} 260524 ms. Memory: 2598912K Free: 260577K (10%)
#Configuration.check: entity: ptolemy.actor.lib.gem5.Gem5Wrapper {.configuration.actor library.MoreLibraries.Gem5.Gem5Wrapper} 260524 ms. Memory: 2598912K Free: 260577K (10%)
#Configuration.check: entity: ptolemy.actor.gt.ModelCombine {.configuration.actor library.MoreLibraries.GraphTransformation.ModelCombine} 260542 ms. Memory: 2598912K Free: 259043K (10%)
#Configuration.check: entity: ptolemy.actor.gt.ModelExecutor {.configuration.actor library.MoreLibraries.GraphTransformation.ModelExecutor} 260700 ms. Memory: 2598912K Free: 310243K (12%)
#Configuration.check: entity: ptolemy.actor.gt.ModelGenerator {.configuration.actor library.MoreLibraries.GraphTransformation.ModelGenerator} 260700 ms. Memory: 2598912K Free: 310243K (12%)
#Configuration.check: entity: ptolemy.actor.gt.ModelView {.configuration.actor library.MoreLibraries.GraphTransformation.ModelView} 260702 ms. Memory: 2598912K Free: 309729K (12%)
#Configuration.check: entity: ptolemy.actor.gt.MoMLGenerator {.configuration.actor library.MoreLibraries.GraphTransformation.MoMLGenerator} 260705 ms. Memory: 2598912K Free: 308705K (12%)
#Configuration.check: entity: ptolemy.domains.gr.lib.Box3D {.configuration.actor library.MoreLibraries.Graphics.Graphics.Box3D} 260706 ms. Memory: 2598912K Free: 308705K (12%)
#Configuration.check: entity: ptolemy.domains.gr.lib.CircularSweep3D {.configuration.actor library.MoreLibraries.Graphics.Graphics.CircularSweep3D} 260780 ms. Memory: 2598912K Free: 278979K (11%)
#Configuration.check: entity: ptolemy.domains.gr.lib.Cone3D {.configuration.actor library.MoreLibraries.Graphics.Graphics.Cone3D} 260781 ms. Memory: 2598912K Free: 278499K (11%)
#Configuration.check: entity: ptolemy.domains.gr.lib.Cylinder3D {.configuration.actor library.MoreLibraries.Graphics.Graphics.Cylinder3D} 260782 ms. Memory: 2598912K Free: 278499K (11%)
#Configuration.check: entity: ptolemy.domains.gr.lib.PolyCylinder3D {.configuration.actor library.MoreLibraries.Graphics.Graphics.PolyCylinder3D} 260783 ms. Memory: 2598912K Free: 277985K (11%)
#Configuration.check: entity: ptolemy.domains.gr.lib.Sphere3D {.configuration.actor library.MoreLibraries.Graphics.Graphics.Sphere3D} 260783 ms. Memory: 2598912K Free: 277985K (11%)
#Configuration.check: entity: ptolemy.domains.gr.lib.TextString3D {.configuration.actor library.MoreLibraries.Graphics.Graphics.TextString3D} 260784 ms. Memory: 2598912K Free: 277475K (11%)
#Configuration.check: entity: ptolemy.domains.gr.lib.Torus3D {.configuration.actor library.MoreLibraries.Graphics.Graphics.Torus3D} 260785 ms. Memory: 2598912K Free: 277475K (11%)
#Configuration.check: entity: ptolemy.domains.gr.lib.Rotate3D {.configuration.actor library.MoreLibraries.Graphics.Graphics.Rotate3D} 260785 ms. Memory: 2598912K Free: 276961K (11%)
#Configuration.check: entity: ptolemy.domains.gr.lib.Scale3D {.configuration.actor library.MoreLibraries.Graphics.Graphics.Scale3D} 260786 ms. Memory: 2598912K Free: 276961K (11%)
#Configuration.check: entity: ptolemy.domains.gr.lib.Translate3D {.configuration.actor library.MoreLibraries.Graphics.Graphics.Translate3D} 260786 ms. Memory: 2598912K Free: 276961K (11%)
#Configuration.check: entity: ptolemy.domains.gr.lib.Translate2D {.configuration.actor library.MoreLibraries.Graphics.Graphics.Translate2D} 260786 ms. Memory: 2598912K Free: 276961K (11%)
#Configuration.check: entity: ptolemy.domains.gr.lib.KeyInput3D {.configuration.actor library.MoreLibraries.Graphics.Graphics.KeyInput3D} 260787 ms. Memory: 2598912K Free: 276961K (11%)
#Configuration.check: entity: ptolemy.domains.gr.lib.MouseInput3D {.configuration.actor library.MoreLibraries.Graphics.Graphics.MouseInput3D} 260787 ms. Memory: 2598912K Free: 276961K (11%)
#Configuration.check: entity: ptolemy.domains.gr.lib.Rotate3D {.configuration.actor library.MoreLibraries.Graphics.Graphics.ThreeAxisRotator3D.Rotate3D} 260787 ms. Memory: 2598912K Free: 276961K (11%)
#Configuration.check: entity: ptolemy.domains.gr.lib.Rotate3D {.configuration.actor library.MoreLibraries.Graphics.Graphics.ThreeAxisRotator3D.Rotate3D2} 260787 ms. Memory: 2598912K Free: 276451K (11%)
#Configuration.check: entity: ptolemy.domains.gr.lib.Rotate3D {.configuration.actor library.MoreLibraries.Graphics.Graphics.ThreeAxisRotator3D.Rotate3D3} 260788 ms. Memory: 2598912K Free: 276451K (11%)
#Configuration.check: entity: ptolemy.domains.gr.lib.ViewScreen2D {.configuration.actor library.MoreLibraries.Graphics.Graphics.ViewScreen2D} 260788 ms. Memory: 2598912K Free: 276451K (11%)
#Configuration.check: entity: ptolemy.domains.gr.lib.ViewScreen3D {.configuration.actor library.MoreLibraries.Graphics.Graphics.ViewScreen3D} 260788 ms. Memory: 2598912K Free: 276451K (11%)
#Configuration.check: entity: ptolemy.domains.gr.lib.MovableViewScreen3D {.configuration.actor library.MoreLibraries.Graphics.Graphics.MovableViewScreen3D} 260789 ms. Memory: 2598912K Free: 275937K (11%)
#Configuration.check: entity: ptolemy.actor.lib.image.ImageDisplay {.configuration.actor library.MoreLibraries.ImageProcessing.Generic.ImageDisplay} 260789 ms. Memory: 2598912K Free: 275937K (11%)
#Configuration.check: entity: ptolemy.actor.lib.image.ImageReader {.configuration.actor library.MoreLibraries.ImageProcessing.Generic.ImageReader} 260801 ms. Memory: 2598912K Free: 270817K (10%)
#Configuration.check: entity: ptolemy.actor.lib.image.ImageRotate {.configuration.actor library.MoreLibraries.ImageProcessing.Generic.ImageRotate} 260801 ms. Memory: 2598912K Free: 270817K (10%)
#Configuration.check: entity: ptolemy.actor.lib.image.ImageToString {.configuration.actor library.MoreLibraries.ImageProcessing.Generic.ImageToString} 260802 ms. Memory: 2598912K Free: 270817K (10%)
#Configuration.check: entity: ptolemy.actor.lib.image.URLToImage {.configuration.actor library.MoreLibraries.ImageProcessing.Generic.URLToImage} 260807 ms. Memory: 2598912K Free: 270817K (10%)
#Configuration.check: entity: ptolemy.domains.sdf.lib.vq.HTVQEncode {.configuration.actor library.MoreLibraries.ImageProcessing.VectorQuantization.HTVQEncode} 260807 ms. Memory: 2598912K Free: 270817K (10%)
#Configuration.check: entity: ptolemy.domains.sdf.lib.vq.ImageContrast {.configuration.actor library.MoreLibraries.ImageProcessing.VectorQuantization.ImageContrast} 260811 ms. Memory: 2598912K Free: 266211K (10%)
#Configuration.check: entity: ptolemy.domains.sdf.lib.vq.ImageDisplay {.configuration.actor library.MoreLibraries.ImageProcessing.VectorQuantization.ImageDisplay} 260811 ms. Memory: 2598912K Free: 266211K (10%)
#Configuration.check: entity: ptolemy.domains.sdf.lib.vq.ImagePartition {.configuration.actor library.MoreLibraries.ImageProcessing.VectorQuantization.ImagePartition} 260811 ms. Memory: 2598912K Free: 266211K (10%)
#Configuration.check: entity: ptolemy.domains.sdf.lib.vq.ImageSequence {.configuration.actor library.MoreLibraries.ImageProcessing.VectorQuantization.ImageSequence} 260812 ms. Memory: 2598912K Free: 266211K (10%)
#Configuration.check: entity: ptolemy.domains.sdf.lib.vq.ImageUnpartition {.configuration.actor library.MoreLibraries.ImageProcessing.VectorQuantization.ImageUnpartition} 260812 ms. Memory: 2598912K Free: 265697K (10%)
#Configuration.check: entity: ptolemy.domains.sdf.lib.vq.PSNR {.configuration.actor library.MoreLibraries.ImageProcessing.VectorQuantization.PSNR} 260812 ms. Memory: 2598912K Free: 265697K (10%)
#Configuration.check: entity: ptolemy.domains.sdf.lib.vq.VQDecode {.configuration.actor library.MoreLibraries.ImageProcessing.VectorQuantization.VQDecode} 260812 ms. Memory: 2598912K Free: 265697K (10%)
#Configuration.check: entity: ptolemy.vergil.actor.lib.LEDMatrix {.configuration.actor library.MoreLibraries.InteractiveIcons.LEDMatrix} 260813 ms. Memory: 2598912K Free: 265697K (10%)
#Configuration.check: entity: ptolemy.vergil.actor.lib.MonitorImage {.configuration.actor library.MoreLibraries.InteractiveIcons.MonitorImage} 260997 ms. Memory: 2598912K Free: 286675K (11%)
#Configuration.check: entity: ptolemy.actor.lib.conversions.json.JSONToToken {.configuration.actor library.MoreLibraries.JSON.JSONToToken} 260997 ms. Memory: 2598912K Free: 286675K (11%)
#Configuration.check: entity: ptolemy.actor.lib.conversions.json.TokenToJSON {.configuration.actor library.MoreLibraries.JSON.TokenToJSON} 260998 ms. Memory: 2598912K Free: 286675K (11%)
#Configuration.check: entity: org.ptolemy.machineLearning.clustering.KMeans {.configuration.actor library.MoreLibraries.MachineLearning.Clustering.KMeans} 260998 ms. Memory: 2598912K Free: 286675K (11%)
#Configuration.check: entity: org.ptolemy.machineLearning.hmm.HMMGaussianEstimator {.configuration.actor library.MoreLibraries.MachineLearning.HMM.HMMGaussianEstimator} 261017 ms. Memory: 2598912K Free: 277473K (11%)
#Configuration.check: entity: org.ptolemy.machineLearning.hmm.HMMExponentialEstimator {.configuration.actor library.MoreLibraries.MachineLearning.HMM.HMMExponentialEstimator} 261241 ms. Memory: 2598912K Free: 301990K (12%)
#Configuration.check: entity: org.ptolemy.machineLearning.hmm.HMMMultinomialEstimator {.configuration.actor library.MoreLibraries.MachineLearning.HMM.HMMMultinomialEstimator} 261244 ms. Memory: 2598912K Free: 301480K (12%)
#Configuration.check: entity: org.ptolemy.machineLearning.hmm.HMMGaussianClassifier {.configuration.actor library.MoreLibraries.MachineLearning.HMM.HMMGaussianClassifier} 261248 ms. Memory: 2598912K Free: 300456K (12%)
#Configuration.check: entity: org.ptolemy.machineLearning.hmm.HMMExponentialClassifier {.configuration.actor library.MoreLibraries.MachineLearning.HMM.HMMExponentialClassifier} 261252 ms. Memory: 2598912K Free: 299432K (12%)
#Configuration.check: entity: org.ptolemy.machineLearning.hmm.HMMMultinomialClassifier {.configuration.actor library.MoreLibraries.MachineLearning.HMM.HMMMultinomialClassifier} 261255 ms. Memory: 2598912K Free: 298408K (11%)
#Configuration.check: entity: org.ptolemy.machineLearning.hsmm.HSMMMultinomialEstimator {.configuration.actor library.MoreLibraries.MachineLearning.HSMM.HSMMMultinomialEstimator} 261259 ms. Memory: 2598912K Free: 297384K (11%)
#Configuration.check: entity: org.ptolemy.machineLearning.hsmm.HSMMTimeAwareMultinomialEstimator {.configuration.actor library.MoreLibraries.MachineLearning.HSMM.HSMMTimeAwareMultinomialEstimator} 261599 ms. Memory: 2598912K Free: 294352K (11%)
#Configuration.check: entity: org.ptolemy.machineLearning.hsmm.HSMMGaussianEstimator {.configuration.actor library.MoreLibraries.MachineLearning.HSMM.HSMMGaussianEstimator} 261604 ms. Memory: 2598912K Free: 292818K (11%)
#Configuration.check: entity: org.ptolemy.machineLearning.hsmm.HSMMGeneratorGaussianEmissions {.configuration.actor library.MoreLibraries.MachineLearning.HSMM.HSMMGeneratorGaussianEmissions} 261610 ms. Memory: 2598912K Free: 290770K (11%)
#Configuration.check: entity: org.ptolemy.machineLearning.hsmm.HSMMGeneratorMultinomialEmissions {.configuration.actor library.MoreLibraries.MachineLearning.HSMM.HSMMGeneratorMultinomialEmissions} 261612 ms. Memory: 2598912K Free: 290770K (11%)
#Configuration.check: entity: org.ptolemy.machineLearning.hsmm.HSMMTimeAwareGenerator {.configuration.actor library.MoreLibraries.MachineLearning.HSMM.HSMMTimeAwareGenerator} 261613 ms. Memory: 2598912K Free: 290256K (11%)
#Configuration.check: entity: org.ptolemy.ssm.GaussianMeasurementModel {.configuration.actor library.MoreLibraries.MachineLearning.StateSpaceModel.GaussianMeasurementModel} 261620 ms. Memory: 2598912K Free: 288208K (11%)
#Configuration.check: entity: org.ptolemy.ssm.Map {.configuration.actor library.MoreLibraries.MachineLearning.StateSpaceModel.Map} 261911 ms. Memory: 2598912K Free: 281545K (11%)
#Configuration.check: entity: org.ptolemy.ssm.StateSpaceModel {.configuration.actor library.MoreLibraries.MachineLearning.StateSpaceModel.StateSpaceModel} 261913 ms. Memory: 2598912K Free: 281042K (11%)
#Configuration.check: entity: ptolemy.actor.lib.mail.SendMail {.configuration.actor library.MoreLibraries.Mail.SendMail} 261915 ms. Memory: 2598912K Free: 280528K (11%)
#Configuration.check: entity: ptolemy.actor.lib.mbed.Accelerometer {.configuration.actor library.MoreLibraries.Mbed.Accelerometer} 261918 ms. Memory: 2598912K Free: 278994K (11%)
#Configuration.check: entity: ptolemy.actor.lib.mbed.CC3000Control {.configuration.actor library.MoreLibraries.Mbed.CC3000Control} 261998 ms. Memory: 2598912K Free: 239568K (9%)
#Configuration.check: entity: ptolemy.actor.lib.mbed.CC3000Module {.configuration.actor library.MoreLibraries.Mbed.CC3000Module} 262000 ms. Memory: 2598912K Free: 239568K (9%)
#Configuration.check: entity: ptolemy.actor.lib.mbed.GestureRecognition {.configuration.actor library.MoreLibraries.Mbed.GestureRecognition} 262001 ms. Memory: 2598912K Free: 239058K (9%)
#Configuration.check: entity: ptolemy.actor.lib.mbed.GPIOWriter {.configuration.actor library.MoreLibraries.Mbed.GPIOWriter} 262001 ms. Memory: 2598912K Free: 239058K (9%)
#Configuration.check: entity: ptolemy.actor.lib.mbed.HSBtoRGB {.configuration.actor library.MoreLibraries.Mbed.HSBtoRGB} 262002 ms. Memory: 2598912K Free: 239058K (9%)
#Configuration.check: entity: ptolemy.actor.lib.mbed.LEDCubeUpdate {.configuration.actor library.MoreLibraries.Mbed.LEDCubeUpdate} 262003 ms. Memory: 2598912K Free: 238544K (9%)
#Configuration.check: entity: ptolemy.actor.lib.mbed.NeoPixelLEDStrip {.configuration.actor library.MoreLibraries.Mbed.NeoPixelLEDStrip} 262004 ms. Memory: 2598912K Free: 238544K (9%)
#Configuration.check: entity: ptolemy.actor.lib.mbed.PacketToSensorData {.configuration.actor library.MoreLibraries.Mbed.PacketToSensorData} 262005 ms. Memory: 2598912K Free: 238012K (9%)
#Configuration.check: entity: ptolemy.actor.lib.mbed.SensorDataCalibration {.configuration.actor library.MoreLibraries.Mbed.SensorDataCalibration} 262006 ms. Memory: 2598912K Free: 237500K (9%)
#Configuration.check: entity: org.ptolemy.osc.OscReceiver {.configuration.actor library.MoreLibraries.OpenSoundControl.OscReceiver} 262007 ms. Memory: 2598912K Free: 237500K (9%)
#Configuration.check: entity: org.ptolemy.osc.OscSender {.configuration.actor library.MoreLibraries.OpenSoundControl.OscSender} 262022 ms. Memory: 2598912K Free: 231369K (9%)
#Configuration.check: entity: ptolemy.domains.petrinet.kernel.Place {.configuration.actor library.MoreLibraries.PetriNet.Place} 262023 ms. Memory: 2598912K Free: 230866K (9%)
#Configuration.check: entity: ptolemy.domains.ontologies.lib.UnitsConverter {.configuration.actor library.MoreLibraries.Ontologies.UnitsConverter} 262024 ms. Memory: 2598912K Free: 230866K (9%)
#Configuration.check: entity: ptolemy.actor.lib.python.PythonScript {.configuration.actor library.MoreLibraries.Python.PythonActor} 262026 ms. Memory: 2598912K Free: 230866K (9%)
#Configuration.check: entity: ptolemy.actor.lib.python.PythonScript {.configuration.actor library.MoreLibraries.Python.PythonScript} 262037 ms. Memory: 2598912K Free: 228818K (9%)
#Configuration.check: entity: ptolemy.actor.lib.Clock {.configuration.actor library.MoreLibraries.QuantizedState.PeriodicSampler.DiscreteClock} 262038 ms. Memory: 2598912K Free: 228818K (9%)
#Configuration.check: entity: ptolemy.actor.lib.Sampler {.configuration.actor library.MoreLibraries.QuantizedState.PeriodicSampler.Sampler} 262074 ms. Memory: 2598912K Free: 209362K (8%)
#Configuration.check: entity: ptolemy.domains.qss.kernel.QSSIntegrator {.configuration.actor library.MoreLibraries.QuantizedState.QSSIntegrator} 262074 ms. Memory: 2598912K Free: 209362K (8%)
#Configuration.check: entity: ptolemy.domains.qss.lib.SmoothSignal {.configuration.actor library.MoreLibraries.QuantizedState.SmoothSignal} 262077 ms. Memory: 2598912K Free: 208848K (8%)
#Configuration.check: entity: ptolemy.actor.lib.conversions.SmoothToDouble {.configuration.actor library.MoreLibraries.QuantizedState.SmoothToDouble} 262077 ms. Memory: 2598912K Free: 208848K (8%)
#Configuration.check: entity: ptolemy.domains.qss.lib.SmoothZeroCrossingDetector {.configuration.actor library.MoreLibraries.QuantizedState.SmoothZeroCrossingDetector} 262078 ms. Memory: 2598912K Free: 208848K (8%)
#Configuration.check: entity: ptolemy.actor.lib.r.RExpression {.configuration.actor library.MoreLibraries.R.RExpression} 262079 ms. Memory: 2598912K Free: 208338K (8%)
#Configuration.check: entity: ptolemy.actor.lib.r.RExpression2 {.configuration.actor library.MoreLibraries.R.RExpression2} 262082 ms. Memory: 2598912K Free: 206800K (8%)
#Configuration.check: entity: ptolemy.actor.lib.GetCausalityInterface {.configuration.actor library.MoreLibraries.RegressionTest.GetCausalityInterface} 262085 ms. Memory: 2598912K Free: 206800K (8%)
#Configuration.check: entity: ptolemy.actor.lib.CurrentMicrostep {.configuration.actor library.MoreLibraries.RegressionTest.CurrentMicrostep} 262087 ms. Memory: 2598912K Free: 205266K (8%)
#Configuration.check: entity: ptolemy.actor.lib.NonStrictTest {.configuration.actor library.MoreLibraries.RegressionTest.NonStrictTest} 262088 ms. Memory: 2598912K Free: 205266K (8%)
#Configuration.check: entity: ptolemy.actor.lib.Test {.configuration.actor library.MoreLibraries.RegressionTest.Test} 262088 ms. Memory: 2598912K Free: 205266K (8%)
#Configuration.check: entity: ptolemy.domains.de.lib.TestActorPortDepth {.configuration.actor library.MoreLibraries.RegressionTest.TestActorPortDepth} 262088 ms. Memory: 2598912K Free: 205266K (8%)
#Configuration.check: entity: ptolemy.actor.lib.TypeTest {.configuration.actor library.MoreLibraries.RegressionTest.TypeTest} 262088 ms. Memory: 2598912K Free: 205266K (8%)
#Configuration.check: entity: ptolemy.actor.lib.security.KeyWriter {.configuration.actor library.MoreLibraries.Security.KeyWriter} 262089 ms. Memory: 2598912K Free: 205266K (8%)
#Configuration.check: entity: ptolemy.actor.lib.security.PublicKeyReader {.configuration.actor library.MoreLibraries.Security.PublicKeyReader} 262148 ms. Memory: 2598912K Free: 315810K (12%)
#Configuration.check: entity: ptolemy.actor.lib.security.PrivateKeyReader {.configuration.actor library.MoreLibraries.Security.PrivateKeyReader} 262149 ms. Memory: 2598912K Free: 315315K (12%)
#Configuration.check: entity: ptolemy.actor.lib.security.SecretKey {.configuration.actor library.MoreLibraries.Security.SecretKey} 262150 ms. Memory: 2598912K Free: 315315K (12%)
#Configuration.check: entity: ptolemy.actor.lib.security.SecretKeyReader {.configuration.actor library.MoreLibraries.Security.SecretKeyReader} 262150 ms. Memory: 2598912K Free: 315315K (12%)
#Configuration.check: entity: ptolemy.actor.lib.security.SignatureSigner {.configuration.actor library.MoreLibraries.Security.SignatureSigner} 262152 ms. Memory: 2598912K Free: 315315K (12%)
#Configuration.check: entity: ptolemy.actor.lib.security.SignatureVerifier {.configuration.actor library.MoreLibraries.Security.SignatureVerifier} 262153 ms. Memory: 2598912K Free: 314801K (12%)
#Configuration.check: entity: ptolemy.actor.lib.security.SymmetricDecryption {.configuration.actor library.MoreLibraries.Security.SymmetricDecryption} 262154 ms. Memory: 2598912K Free: 314801K (12%)
#Configuration.check: entity: ptolemy.actor.lib.security.SymmetricEncryption {.configuration.actor library.MoreLibraries.Security.SymmetricEncryption} 262155 ms. Memory: 2598912K Free: 314801K (12%)
#Configuration.check: entity: ptolemy.actor.lib.security.SymmetricCrypto {.configuration.actor library.MoreLibraries.Security.SymmetricCrypto} 262155 ms. Memory: 2598912K Free: 314801K (12%)
#Configuration.check: entity: ptolemy.domains.wireless.lib.CollisionDetector {.configuration.actor library.MoreLibraries.Wireless.WirelessActors.CollisionDetector} 262157 ms. Memory: 2598912K Free: 314785K (12%)
#Configuration.check: entity: ptolemy.domains.wireless.lib.GetProperties {.configuration.actor library.MoreLibraries.Wireless.WirelessActors.GetProperties} 262178 ms. Memory: 2598912K Free: 304051K (12%)
#Configuration.check: entity: ptolemy.domains.wireless.lib.GraphicalLocator {.configuration.actor library.MoreLibraries.Wireless.WirelessActors.GraphicalLocator} 262178 ms. Memory: 2598912K Free: 304051K (12%)
#Configuration.check: entity: ptolemy.domains.wireless.lib.Locator {.configuration.actor library.MoreLibraries.Wireless.WirelessActors.Locator} 262180 ms. Memory: 2598912K Free: 303027K (12%)
#Configuration.check: entity: ptolemy.domains.wireless.lib.NodeRandomizer {.configuration.actor library.MoreLibraries.Wireless.WirelessActors.NodeRandomizer} 262182 ms. Memory: 2598912K Free: 303027K (12%)
#Configuration.check: entity: ptolemy.domains.wireless.lib.TerrainProperty {.configuration.actor library.MoreLibraries.Wireless.WirelessActors.TerrainProperty} 262182 ms. Memory: 2598912K Free: 302513K (12%)
#Configuration.check: entity: ptolemy.domains.wireless.lib.LinkVisualizer {.configuration.actor library.MoreLibraries.Wireless.WirelessActors.LinkVisualizer} 262183 ms. Memory: 2598912K Free: 302513K (12%)
#Configuration.check: entity: ptolemy.domains.wireless.lib.Triangulator {.configuration.actor library.MoreLibraries.Wireless.WirelessActors.Triangulator} 262184 ms. Memory: 2598912K Free: 302513K (12%)
#Configuration.check: entity: ptolemy.domains.wireless.lib.WiredToWireless {.configuration.actor library.MoreLibraries.Wireless.WirelessActors.WiredToWireless} 262185 ms. Memory: 2598912K Free: 302003K (12%)
#Configuration.check: entity: ptolemy.domains.wireless.lib.WirelessToWired {.configuration.actor library.MoreLibraries.Wireless.WirelessActors.WirelessToWired} 262185 ms. Memory: 2598912K Free: 302003K (12%)
#Configuration.check: entity: ptolemy.domains.wireless.kernel.AtomicWirelessChannel {.configuration.actor library.MoreLibraries.Wireless.WirelessChannels.AtomicWirelessChannel} 262185 ms. Memory: 2598912K Free: 302003K (12%)
#Configuration.check: entity: ptolemy.domains.wireless.lib.DelayChannel {.configuration.actor library.MoreLibraries.Wireless.WirelessChannels.DelayChannel} 262191 ms. Memory: 2598912K Free: 299955K (12%)
#Configuration.check: entity: ptolemy.domains.wireless.lib.LimitedRangeChannel {.configuration.actor library.MoreLibraries.Wireless.WirelessChannels.LimitedRangeChannel} 262191 ms. Memory: 2598912K Free: 299955K (12%)
#Configuration.check: entity: ptolemy.domains.wireless.lib.ErasureChannel {.configuration.actor library.MoreLibraries.Wireless.WirelessChannels.ErasureChannel} 262192 ms. Memory: 2598912K Free: 299955K (12%)
#Configuration.check: entity: ptolemy.domains.wireless.lib.PowerLossChannel {.configuration.actor library.MoreLibraries.Wireless.WirelessChannels.PowerLossChannel} 262192 ms. Memory: 2598912K Free: 299955K (12%)
#Configuration.check: entity: ptolemy.actor.lib.conversions.StringToXML {.configuration.actor library.MoreLibraries.XML.StringToXML} 262192 ms. Memory: 2598912K Free: 299441K (12%)
#Configuration.check: entity: ptolemy.actor.lib.xslt.XSLTransformer {.configuration.actor library.MoreLibraries.XML.XSLTransformer} 262194 ms. Memory: 2598912K Free: 299441K (12%)
#Configuration.check: entity: ptolemy.actor.lib.xslt.XMLInclusion {.configuration.actor library.MoreLibraries.XML.XMLInclusion} 262195 ms. Memory: 2598912K Free: 299441K (12%)
#Configuration.check: entity: ptolemy.actor.gt.controller.InitModel {.configuration.effigyFactory.Model Transformation.blank._Controller.InitModel} 262195 ms. Memory: 2598912K Free: 298931K (12%)
#Configuration.check: entity: ptolemy.actor.lib.CurrentTime {.configuration.actor library.Actors.Sources.TimedSources.TriggeredSinewave.CurrentTime} 262195 ms. Memory: 2598912K Free: 298931K (12%)
#Configuration.check: entity: ptolemy.actor.lib.Scale {.configuration.actor library.Actors.Sources.TimedSources.TriggeredSinewave.Frequency} 262195 ms. Memory: 2598912K Free: 298931K (12%)
#Configuration.check: entity: ptolemy.actor.lib.TrigFunction {.configuration.actor library.Actors.Sources.TimedSources.TriggeredSinewave.Sin} 262196 ms. Memory: 2598912K Free: 298931K (12%)
#Configuration.check: entity: ptolemy.actor.lib.Const {.configuration.actor library.Actors.Sources.TimedSources.TriggeredSinewave.Phase} 262196 ms. Memory: 2598912K Free: 298931K (12%)
#Configuration.check: entity: ptolemy.actor.lib.AddSubtract {.configuration.actor library.Actors.Sources.TimedSources.TriggeredSinewave.Add} 262196 ms. Memory: 2598912K Free: 298931K (12%)
#Configuration.check: entity: ptolemy.actor.lib.Scale {.configuration.actor library.Actors.Sources.TimedSources.TriggeredSinewave.Magnitude} 262196 ms. Memory: 2598912K Free: 298931K (12%)
#Configuration.check: entity: ptolemy.actor.lib.Ramp {.configuration.actor library.Actors.Sources.SequenceSources.Sinewave.Ramp} 262196 ms. Memory: 2598912K Free: 298931K (12%)
#Configuration.check: entity: ptolemy.actor.lib.TrigFunction {.configuration.actor library.Actors.Sources.SequenceSources.Sinewave.TrigFunction} 262197 ms. Memory: 2598912K Free: 298417K (11%)
#Configuration.check: entity: ptolemy.actor.lib.Const {.configuration.actor library.Actors.Sources.SequenceSources.Sinewave.Const} 262197 ms. Memory: 2598912K Free: 298417K (11%)
#Configuration.check: entity: ptolemy.actor.lib.AddSubtract {.configuration.actor library.Actors.Sources.SequenceSources.Sinewave.AddSubtract} 262197 ms. Memory: 2598912K Free: 298417K (11%)
#Configuration.check: entity: ptolemy.actor.lib.Pulse {.configuration.actor library.Actors.SignalProcessing.Spectrum.MaximumEntropySpectrum.Pulse} 262198 ms. Memory: 2598912K Free: 298417K (11%)
#Configuration.check: entity: ptolemy.actor.lib.MultiplyDivide {.configuration.actor library.Actors.SignalProcessing.Spectrum.MaximumEntropySpectrum.MultiplyDivide} 262199 ms. Memory: 2598912K Free: 297907K (11%)
#Configuration.check: entity: ptolemy.domains.sdf.lib.Autocorrelation {.configuration.actor library.Actors.SignalProcessing.Spectrum.MaximumEntropySpectrum.Autocorrelation} 262200 ms. Memory: 2598912K Free: 297907K (11%)
#Configuration.check: entity: ptolemy.actor.lib.LevinsonDurbin {.configuration.actor library.Actors.SignalProcessing.Spectrum.MaximumEntropySpectrum.LevinsonDurbin} 262200 ms. Memory: 2598912K Free: 297393K (11%)
#Configuration.check: entity: ptolemy.actor.lib.ArrayAppend {.configuration.actor library.Actors.SignalProcessing.Spectrum.MaximumEntropySpectrum.ArrayAppend} 262201 ms. Memory: 2598912K Free: 297393K (11%)
#Configuration.check: entity: ptolemy.domains.sdf.lib.ArrayToSequence {.configuration.actor library.Actors.SignalProcessing.Spectrum.MaximumEntropySpectrum.ArrayToSequence} 262201 ms. Memory: 2598912K Free: 296883K (11%)
#Configuration.check: entity: ptolemy.domains.sdf.lib.FFT {.configuration.actor library.Actors.SignalProcessing.Spectrum.MaximumEntropySpectrum.FFT} 262203 ms. Memory: 2598912K Free: 296369K (11%)
#Configuration.check: entity: ptolemy.actor.lib.AbsoluteValue {.configuration.actor library.Actors.SignalProcessing.Spectrum.MaximumEntropySpectrum.AbsoluteValue} 262205 ms. Memory: 2598912K Free: 295330K (11%)
#Configuration.check: entity: ptolemy.actor.lib.MultiplyDivide {.configuration.actor library.Actors.SignalProcessing.Spectrum.MaximumEntropySpectrum.MultiplyDivide2} 262206 ms. Memory: 2598912K Free: 295330K (11%)
#Configuration.check: entity: ptolemy.actor.lib.DB {.configuration.actor library.Actors.SignalProcessing.Spectrum.MaximumEntropySpectrum.DB} 262206 ms. Memory: 2598912K Free: 295330K (11%)
#Configuration.check: entity: ptolemy.actor.lib.ArrayElement {.configuration.actor library.Actors.SignalProcessing.Spectrum.MaximumEntropySpectrum.ArrayElement} 262207 ms. Memory: 2598912K Free: 294835K (11%)
#Configuration.check: entity: ptolemy.domains.sdf.lib.Repeat {.configuration.actor library.Actors.SignalProcessing.Spectrum.MaximumEntropySpectrum.Repeat} 262208 ms. Memory: 2598912K Free: 294835K (11%)
#Configuration.check: entity: ptolemy.domains.sdf.lib.Chop {.configuration.actor library.Actors.SignalProcessing.Spectrum.MaximumEntropySpectrum.Chop} 262211 ms. Memory: 2598912K Free: 293282K (11%)
#Configuration.check: entity: ptolemy.actor.lib.MathFunction {.configuration.actor library.Actors.SignalProcessing.Spectrum.MaximumEntropySpectrum.MathFunction} 262212 ms. Memory: 2598912K Free: 292787K (11%)
#Configuration.check: entity: ptolemy.actor.lib.Const {.configuration.actor library.Actors.SignalProcessing.Spectrum.MaximumEntropySpectrum.Const} 262213 ms. Memory: 2598912K Free: 292787K (11%)
#Configuration.check: entity: ptolemy.actor.lib.MultiplyDivide {.configuration.actor library.Actors.SignalProcessing.Spectrum.SmoothedPeriodogram.Multiply} 262213 ms. Memory: 2598912K Free: 292787K (11%)
#Configuration.check: entity: ptolemy.domains.sdf.lib.FFT {.configuration.actor library.Actors.SignalProcessing.Spectrum.SmoothedPeriodogram.FFT} 262213 ms. Memory: 2598912K Free: 292787K (11%)
#Configuration.check: entity: ptolemy.actor.lib.DB {.configuration.actor library.Actors.SignalProcessing.Spectrum.SmoothedPeriodogram.DB} 262215 ms. Memory: 2598912K Free: 291763K (11%)
#Configuration.check: entity: ptolemy.actor.lib.AbsoluteValue {.configuration.actor library.Actors.SignalProcessing.Spectrum.SmoothedPeriodogram.AbsoluteValue0} 262215 ms. Memory: 2598912K Free: 291763K (11%)
#Configuration.check: entity: ptolemy.domains.sdf.lib.Autocorrelation {.configuration.actor library.Actors.SignalProcessing.Spectrum.SmoothedPeriodogram.Autocorrelation} 262216 ms. Memory: 2598912K Free: 291249K (11%)
#Configuration.check: entity: ptolemy.domains.sdf.lib.Chop {.configuration.actor library.Actors.SignalProcessing.Spectrum.SmoothedPeriodogram.Chop} 262217 ms. Memory: 2598912K Free: 290739K (11%)
#Configuration.check: entity: ptolemy.domains.sdf.lib.ArrayToSequence {.configuration.actor library.Actors.SignalProcessing.Spectrum.SmoothedPeriodogram.ArrayToSequence} 262218 ms. Memory: 2598912K Free: 290218K (11%)
#Configuration.check: entity: ptolemy.actor.lib.Sequence {.configuration.actor library.Actors.SignalProcessing.Spectrum.SmoothedPeriodogram.Sequence} 262220 ms. Memory: 2598912K Free: 289715K (11%)
#Configuration.check: entity: ptolemy.actor.lib.MultiplyDivide {.configuration.actor library.Actors.SignalProcessing.Spectrum.Spectrum.Multiply} 262221 ms. Memory: 2598912K Free: 289201K (11%)
#Configuration.check: entity: ptolemy.domains.sdf.lib.FFT {.configuration.actor library.Actors.SignalProcessing.Spectrum.Spectrum.FFT} 262221 ms. Memory: 2598912K Free: 289201K (11%)
#Configuration.check: entity: ptolemy.actor.lib.DB {.configuration.actor library.Actors.SignalProcessing.Spectrum.Spectrum.DB} 262223 ms. Memory: 2598912K Free: 288691K (11%)
#Configuration.check: entity: ptolemy.actor.lib.AbsoluteValue {.configuration.actor library.Actors.SignalProcessing.Spectrum.Spectrum.AbsoluteValue0} 262223 ms. Memory: 2598912K Free: 288177K (11%)
#Configuration.check: entity: ptolemy.actor.lib.Scale {.configuration.actor library.Actors.SignalProcessing.Spectrum.Spectrum.Scale} 262224 ms. Memory: 2598912K Free: 288177K (11%)
#Configuration.check: entity: ptolemy.actor.lib.Sequence {.configuration.actor library.Actors.SignalProcessing.Spectrum.Spectrum.Sequence} 262224 ms. Memory: 2598912K Free: 288177K (11%)
#Configuration.check: entity: ptolemy.actor.lib.CurrentTime {.configuration.actor library.Actors.DomainSpecific.Continuous.Signal Generators.ContinuousSinewave.CurrentTime} 262225 ms. Memory: 2598912K Free: 288177K (11%)
#Configuration.check: entity: ptolemy.actor.lib.Scale {.configuration.actor library.Actors.DomainSpecific.Continuous.Signal Generators.ContinuousSinewave.Frequency} 262225 ms. Memory: 2598912K Free: 288177K (11%)
#Configuration.check: entity: ptolemy.actor.lib.TrigFunction {.configuration.actor library.Actors.DomainSpecific.Continuous.Signal Generators.ContinuousSinewave.Sin} 262225 ms. Memory: 2598912K Free: 287667K (11%)
#Configuration.check: entity: ptolemy.actor.lib.Const {.configuration.actor library.Actors.DomainSpecific.Continuous.Signal Generators.ContinuousSinewave.Phase} 262226 ms. Memory: 2598912K Free: 287667K (11%)
#Configuration.check: entity: ptolemy.actor.lib.AddSubtract {.configuration.actor library.Actors.DomainSpecific.Continuous.Signal Generators.ContinuousSinewave.Add} 262226 ms. Memory: 2598912K Free: 287667K (11%)
#Configuration.check: entity: ptolemy.actor.lib.Scale {.configuration.actor library.Actors.DomainSpecific.Continuous.Signal Generators.ContinuousSinewave.Magnitude} 262226 ms. Memory: 2598912K Free: 287667K (11%)
#Configuration.check: entity: ptolemy.domains.continuous.lib.ZeroOrderHold {.configuration.actor library.Actors.DomainSpecific.Continuous.Signal Generators.PWM.ZeroOrderHold} 262226 ms. Memory: 2598912K Free: 287667K (11%)
#Configuration.check: entity: ptolemy.domains.modal.kernel.State {.configuration.actor library.Actors.DomainSpecific.Continuous.Signal Generators.PWM.Controller._Controller.on} 262226 ms. Memory: 2598912K Free: 287667K (11%)
#Configuration.check: entity: ptolemy.domains.modal.kernel.State {.configuration.actor library.Actors.DomainSpecific.Continuous.Signal Generators.PWM.Controller._Controller.off} 262226 ms. Memory: 2598912K Free: 287667K (11%)
#Configuration.check: entity: ptolemy.domains.modal.kernel.State {.configuration.actor library.Actors.DomainSpecific.Continuous.Signal Generators.PWM.Controller._Controller.start} 262226 ms. Memory: 2598912K Free: 287667K (11%)
#Configuration.check: entity: ptolemy.actor.lib.gui.SequencePlotter {.configuration.actor library.Actors.DomainSpecific.Continuous.Random.ContinuousSpectrum.Frequency Domain Display} 262226 ms. Memory: 2598912K Free: 287667K (11%)
#Configuration.check: entity: ptolemy.actor.lib.MultiplyDivide {.configuration.actor library.Actors.DomainSpecific.Continuous.Random.ContinuousSpectrum.Periodogram.Multiply} 262227 ms. Memory: 2598912K Free: 287153K (11%)
#Configuration.check: entity: ptolemy.actor.lib.Pulse {.configuration.actor library.Actors.DomainSpecific.Continuous.Random.ContinuousSpectrum.Periodogram.Waveform} 262227 ms. Memory: 2598912K Free: 287153K (11%)
#Configuration.check: entity: ptolemy.domains.sdf.lib.FFT {.configuration.actor library.Actors.DomainSpecific.Continuous.Random.ContinuousSpectrum.Periodogram.FFT} 262229 ms. Memory: 2598912K Free: 286643K (11%)
#Configuration.check: entity: ptolemy.actor.lib.DB {.configuration.actor library.Actors.DomainSpecific.Continuous.Random.ContinuousSpectrum.Periodogram.DB} 262231 ms. Memory: 2598912K Free: 285619K (11%)
#Configuration.check: entity: ptolemy.actor.lib.AbsoluteValue {.configuration.actor library.Actors.DomainSpecific.Continuous.Random.ContinuousSpectrum.Periodogram.AbsoluteValue0} 262232 ms. Memory: 2598912K Free: 285619K (11%)
#Configuration.check: entity: ptolemy.actor.lib.Scale {.configuration.actor library.Actors.DomainSpecific.Continuous.Random.ContinuousSpectrum.Periodogram.Scale} 262232 ms. Memory: 2598912K Free: 285619K (11%)
#Configuration.check: entity: ptolemy.actor.lib.aspect.CommunicationRequestPort {.configuration.actor library.MoreLibraries.Aspects.CompositeCommunicationAspect.CommunicationRequestPort} 262233 ms. Memory: 2598912K Free: 285105K (11%)
#Configuration.check: entity: ptolemy.actor.lib.aspect.CommunicationResponsePort {.configuration.actor library.MoreLibraries.Aspects.CompositeCommunicationAspect.CommunicationResponsePort} 262234 ms. Memory: 2598912K Free: 285105K (11%)
#Configuration.check: entity: ptolemy.actor.lib.aspect.ExecutionRequestPort {.configuration.actor library.MoreLibraries.Aspects.CompositeExecutionAspect.ExecutionRequestPort} 262235 ms. Memory: 2598912K Free: 284595K (11%)
#Configuration.check: entity: ptolemy.actor.lib.aspect.ExecutionResponsePort {.configuration.actor library.MoreLibraries.Aspects.CompositeExecutionAspect.ExecutionResponsePort} 262236 ms. Memory: 2598912K Free: 284595K (11%)
#Configuration.check: entity: ptolemy.actor.gt.controller.InitModelWithContainer {.configuration.actor library.MoreLibraries.GraphTransformation.ModelUpdater._Controller.InitModelWithContainer} 262237 ms. Memory: 2598912K Free: 284081K (11%)
#Configuration.check: entity: ptolemy.actor.gt.controller.InitModel {.configuration.actor library.MoreLibraries.GraphTransformation.TransformationController._Controller.InitModel} 262237 ms. Memory: 2598912K Free: 284081K (11%)
#Configuration.check: entity: ptolemy.actor.gt.controller.InputModel {.configuration.actor library.MoreLibraries.GraphTransformation.TransformationController._Controller.InputModel} 262237 ms. Memory: 2598912K Free: 284081K (11%)
#Configuration.check: entity: ptolemy.actor.gt.controller.OutputModel {.configuration.actor library.MoreLibraries.GraphTransformation.TransformationController._Controller.OutputModel} 262237 ms. Memory: 2598912K Free: 284081K (11%)
#Configuration.check: entity: ptolemy.actor.lib.Expression {.configuration.actor library.MoreLibraries.MachineLearning.ParticleFilter.CollaborativeRangeParticleFilter.x_update} 262237 ms. Memory: 2598912K Free: 284081K (11%)
#Configuration.check: entity: ptolemy.actor.lib.Expression {.configuration.actor library.MoreLibraries.MachineLearning.ParticleFilter.CollaborativeRangeParticleFilter.y_update} 262361 ms. Memory: 2598912K Free: 224674K (9%)
#Configuration.check: entity: ptolemy.actor.lib.Expression {.configuration.actor library.MoreLibraries.MachineLearning.ParticleFilter.CollaborativeRangeParticleFilter.range0_m_equation} 262361 ms. Memory: 2598912K Free: 224179K (9%)
#Configuration.check: entity: ptolemy.actor.lib.Expression {.configuration.actor library.MoreLibraries.MachineLearning.ParticleFilter.CollaborativeRangeParticleFilter.range0_m_covariance} 262363 ms. Memory: 2598912K Free: 224179K (9%)
#Configuration.check: entity: ptolemy.actor.lib.SetVariable {.configuration.actor library.MoreLibraries.MachineLearning.ParticleFilter.CollaborativeRangeParticleFilter.setrange0_m} 262363 ms. Memory: 2598912K Free: 224179K (9%)
#Configuration.check: entity: ptolemy.actor.lib.Expression {.configuration.actor library.MoreLibraries.MachineLearning.ParticleFilter.CollaborativeRangeParticleFilter.range1_m_equation} 262364 ms. Memory: 2598912K Free: 224179K (9%)
#Configuration.check: entity: ptolemy.actor.lib.Expression {.configuration.actor library.MoreLibraries.MachineLearning.ParticleFilter.CollaborativeRangeParticleFilter.range1_m_covariance} 262365 ms. Memory: 2598912K Free: 223665K (9%)
#Configuration.check: entity: ptolemy.actor.lib.SetVariable {.configuration.actor library.MoreLibraries.MachineLearning.ParticleFilter.CollaborativeRangeParticleFilter.setrange1_m} 262365 ms. Memory: 2598912K Free: 223665K (9%)
#Configuration.check: entity: ptolemy.actor.lib.Expression {.configuration.actor library.MoreLibraries.MachineLearning.ParticleFilter.CollaborativeRangeParticleFilter.range2_m_equation} 262365 ms. Memory: 2598912K Free: 223665K (9%)
#Configuration.check: entity: ptolemy.actor.lib.Expression {.configuration.actor library.MoreLibraries.MachineLearning.ParticleFilter.CollaborativeRangeParticleFilter.range2_m_covariance} 262367 ms. Memory: 2598912K Free: 223155K (9%)
#Configuration.check: entity: ptolemy.actor.lib.SetVariable {.configuration.actor library.MoreLibraries.MachineLearning.ParticleFilter.CollaborativeRangeParticleFilter.setrange2_m} 262367 ms. Memory: 2598912K Free: 223155K (9%)
#Configuration.check: entity: ptolemy.actor.lib.Expression {.configuration.actor library.MoreLibraries.MachineLearning.ParticleFilter.CollaborativeRangeParticleFilter.range3_m_equation} 262368 ms. Memory: 2598912K Free: 223155K (9%)
#Configuration.check: entity: ptolemy.actor.lib.Expression {.configuration.actor library.MoreLibraries.MachineLearning.ParticleFilter.CollaborativeRangeParticleFilter.range3_m_covariance} 262369 ms. Memory: 2598912K Free: 222641K (9%)
#Configuration.check: entity: ptolemy.actor.lib.SetVariable {.configuration.actor library.MoreLibraries.MachineLearning.ParticleFilter.CollaborativeRangeParticleFilter.setrange3_m} 262370 ms. Memory: 2598912K Free: 222641K (9%)
#Configuration.check: entity: ptolemy.actor.lib.AddSubtract {.configuration.actor library.MoreLibraries.Optimization.TrajectoryOptimizer.OptimizerComposite.AddSubtract} 262370 ms. Memory: 2598912K Free: 222641K (9%)
#Configuration.check: entity: ptolemy.actor.lib.Expression {.configuration.actor library.MoreLibraries.Optimization.TrajectoryOptimizer.OptimizerComposite.Constraints} 262370 ms. Memory: 2598912K Free: 222641K (9%)
#Configuration.check: entity: ptolemy.actor.lib.Expression {.configuration.actor library.MoreLibraries.Optimization.TrajectoryOptimizer.OptimizerComposite.CostFunction} 262371 ms. Memory: 2598912K Free: 222131K (9%)
#---- Second call to Configuration.check
HLA version is 1.3.
HLA version is 1.3.
HLA version is 1.3.
HLA version is 1.3.
HLA version is 1.3.
HLA version is 1.3.
Configuration.check: entity: ptolemy.actor.lib.Assert {.configuration.actor library.Utilities.Analysis.Assert} 0 ms. Memory: 2810880K Free: 242686K (9%)
#Configuration.check: entity: ptolemy.actor.lib.jjs.JavaScript {.configuration.actor library.Utilities.JavaScript.JavaScript} 2 ms. Memory: 2810880K Free: 242176K (9%)
#Configuration.check: entity: ptolemy.vergil.basic.export.html.jsoup.HTMLPageAssembler {.configuration.actor library.Utilities.WebExport.HTMLPageAssembler} 5 ms. Memory: 2810880K Free: 241152K (9%)
#Configuration.check: entity: ptolemy.actor.lib.Const {.configuration.actor library.Actors.Sources.GenericSources.Const} 6 ms. Memory: 2810880K Free: 240623K (9%)
#Configuration.check: entity: ptolemy.actor.lib.StringConst {.configuration.actor library.Actors.Sources.GenericSources.StringConst} 7 ms. Memory: 2810880K Free: 240623K (9%)
#Configuration.check: entity: ptolemy.actor.lib.Subscriber {.configuration.actor library.Actors.Sources.GenericSources.Subscriber} 7 ms. Memory: 2810880K Free: 240623K (9%)
#Configuration.check: entity: ptolemy.actor.lib.SubscriptionAggregator {.configuration.actor library.Actors.Sources.GenericSources.SubscriptionAggregator} 8 ms. Memory: 2810880K Free: 240128K (9%)
#Configuration.check: entity: ptolemy.actor.lib.CurrentDate {.configuration.actor library.Actors.Sources.TimedSources.CurrentDate} 9 ms. Memory: 2810880K Free: 239583K (9%)
#Configuration.check: entity: ptolemy.actor.lib.CurrentTime {.configuration.actor library.Actors.Sources.TimedSources.CurrentTime} 11 ms. Memory: 2810880K Free: 238590K (8%)
#Configuration.check: entity: ptolemy.actor.lib.CurrentMicrostep {.configuration.actor library.Actors.Sources.TimedSources.CurrentMicrostep} 12 ms. Memory: 2810880K Free: 238590K (8%)
#Configuration.check: entity: ptolemy.actor.lib.DiscreteClock {.configuration.actor library.Actors.Sources.TimedSources.DiscreteClock} 12 ms. Memory: 2810880K Free: 238080K (8%)
#Configuration.check: entity: ptolemy.actor.lib.PoissonClock {.configuration.actor library.Actors.Sources.TimedSources.PoissonClock} 13 ms. Memory: 2810880K Free: 237551K (8%)
#Configuration.check: entity: ptolemy.actor.lib.gui.InteractiveDialog {.configuration.actor library.Actors.Sources.SequenceSources.InteractiveDialog} 14 ms. Memory: 2810880K Free: 237056K (8%)
#Configuration.check: entity: ptolemy.actor.lib.gui.InteractiveShell {.configuration.actor library.Actors.Sources.SequenceSources.InteractiveShell} 14 ms. Memory: 2810880K Free: 237056K (8%)
#Configuration.check: entity: ptolemy.actor.lib.Interpolator {.configuration.actor library.Actors.Sources.SequenceSources.Interpolator} 14 ms. Memory: 2810880K Free: 237056K (8%)
#Configuration.check: entity: ptolemy.actor.lib.Pulse {.configuration.actor library.Actors.Sources.SequenceSources.Pulse} 16 ms. Memory: 2810880K Free: 236538K (8%)
#Configuration.check: entity: ptolemy.actor.lib.Ramp {.configuration.actor library.Actors.Sources.SequenceSources.Ramp} 17 ms. Memory: 2810880K Free: 236032K (8%)
#Configuration.check: entity: ptolemy.actor.lib.Sequence {.configuration.actor library.Actors.Sources.SequenceSources.Sequence} 18 ms. Memory: 2810880K Free: 235518K (8%)
#Configuration.check: entity: ptolemy.actor.lib.gui.SketchedSource {.configuration.actor library.Actors.Sources.SequenceSources.SketchedSource} 18 ms. Memory: 2810880K Free: 235518K (8%)
#Configuration.check: entity: ptolemy.actor.lib.gui.ArrayPlotterXY {.configuration.actor library.Actors.Sinks.GenericSinks.ArrayPlotterXY} 19 ms. Memory: 2810880K Free: 235008K (8%)
#Configuration.check: entity: ptolemy.actor.lib.Discard {.configuration.actor library.Actors.Sinks.GenericSinks.Discard} 19 ms. Memory: 2810880K Free: 235008K (8%)
#Configuration.check: entity: ptolemy.actor.lib.gui.Display {.configuration.actor library.Actors.Sinks.GenericSinks.Display} 20 ms. Memory: 2810880K Free: 234494K (8%)
#Configuration.check: entity: ptolemy.actor.lib.gui.MonitorValue {.configuration.actor library.Actors.Sinks.GenericSinks.MonitorValue} 20 ms. Memory: 2810880K Free: 234494K (8%)
#Configuration.check: entity: ptolemy.actor.lib.Publisher {.configuration.actor library.Actors.Sinks.GenericSinks.Publisher} 21 ms. Memory: 2810880K Free: 234347K (8%)
#Configuration.check: entity: ptolemy.actor.lib.Recorder {.configuration.actor library.Actors.Sinks.GenericSinks.Recorder} 22 ms. Memory: 2810880K Free: 233455K (8%)
#Configuration.check: entity: ptolemy.actor.lib.SetVariable {.configuration.actor library.Actors.Sinks.GenericSinks.SetVariable} 22 ms. Memory: 2810880K Free: 233455K (8%)
#Configuration.check: entity: ptolemy.actor.lib.gui.XYPlotter {.configuration.actor library.Actors.Sinks.GenericSinks.XYPlotter} 22 ms. Memory: 2810880K Free: 233455K (8%)
#Configuration.check: entity: ptolemy.actor.lib.gui.XYScope {.configuration.actor library.Actors.Sinks.GenericSinks.XYScope} 22 ms. Memory: 2810880K Free: 233455K (8%)
#Configuration.check: entity: ptolemy.actor.lib.gui.TimedDisplay {.configuration.actor library.Actors.Sinks.TimedSinks.TimedDisplay} 23 ms. Memory: 2810880K Free: 233455K (8%)
#Configuration.check: entity: ptolemy.actor.lib.gui.TimedMonitorValue {.configuration.actor library.Actors.Sinks.TimedSinks.TimedMonitorValue} 23 ms. Memory: 2810880K Free: 232960K (8%)
#Configuration.check: entity: ptolemy.actor.lib.gui.TimedPlotter {.configuration.actor library.Actors.Sinks.TimedSinks.TimedPlotter} 23 ms. Memory: 2810880K Free: 232958K (8%)
#Configuration.check: entity: ptolemy.actor.lib.gui.TimedScope {.configuration.actor library.Actors.Sinks.TimedSinks.TimedScope} 24 ms. Memory: 2810880K Free: 232811K (8%)
#Configuration.check: entity: ptolemy.actor.lib.gui.ArrayPlotter {.configuration.actor library.Actors.Sinks.SequenceSinks.ArrayPlotter} 24 ms. Memory: 2810880K Free: 232299K (8%)
#Configuration.check: entity: ptolemy.actor.lib.gui.BarGraph {.configuration.actor library.Actors.Sinks.SequenceSinks.BarGraph} 24 ms. Memory: 2810880K Free: 232299K (8%)
#Configuration.check: entity: ptolemy.actor.lib.gui.HistogramPlotter {.configuration.actor library.Actors.Sinks.SequenceSinks.HistogramPlotter} 25 ms. Memory: 2810880K Free: 232299K (8%)
#Configuration.check: entity: ptolemy.actor.lib.gui.SequencePlotter {.configuration.actor library.Actors.Sinks.SequenceSinks.SequencePlotter} 25 ms. Memory: 2810880K Free: 231936K (8%)
#Configuration.check: entity: ptolemy.actor.lib.gui.SequenceScope {.configuration.actor library.Actors.Sinks.SequenceSinks.SequenceScope} 25 ms. Memory: 2810880K Free: 231936K (8%)
#Configuration.check: entity: ptolemy.actor.lib.ArrayAccumulate {.configuration.actor library.Actors.Array.ArrayAccumulate} 25 ms. Memory: 2810880K Free: 231936K (8%)
#Configuration.check: entity: ptolemy.actor.lib.ArrayAppend {.configuration.actor library.Actors.Array.ArrayAppend} 26 ms. Memory: 2810880K Free: 231422K (8%)
#Configuration.check: entity: ptolemy.actor.lib.ArrayAverage {.configuration.actor library.Actors.Array.ArrayAverage} 26 ms. Memory: 2810880K Free: 231422K (8%)
#Configuration.check: entity: ptolemy.actor.lib.ArrayContains {.configuration.actor library.Actors.Array.ArrayContains} 27 ms. Memory: 2810880K Free: 230912K (8%)
#Configuration.check: entity: ptolemy.actor.lib.ArrayElement {.configuration.actor library.Actors.Array.ArrayElement} 28 ms. Memory: 2810880K Free: 230910K (8%)
#Configuration.check: entity: ptolemy.actor.lib.ArrayElementAsMatrix {.configuration.actor library.Actors.Array.ArrayElementAsMatrix} 29 ms. Memory: 2810880K Free: 230398K (8%)
#Configuration.check: entity: ptolemy.actor.lib.ArrayExtract {.configuration.actor library.Actors.Array.ArrayExtract} 30 ms. Memory: 2810880K Free: 229888K (8%)
#Configuration.check: entity: ptolemy.actor.lib.ArrayLength {.configuration.actor library.Actors.Array.ArrayLength} 31 ms. Memory: 2810880K Free: 228864K (8%)
#Configuration.check: entity: ptolemy.actor.lib.ArrayLevelCrossing {.configuration.actor library.Actors.Array.ArrayLevelCrossing} 32 ms. Memory: 2810880K Free: 228862K (8%)
#Configuration.check: entity: ptolemy.actor.lib.ArrayMaximum {.configuration.actor library.Actors.Array.ArrayMaximum} 33 ms. Memory: 2810880K Free: 228350K (8%)
#Configuration.check: entity: ptolemy.actor.lib.ArrayMinimum {.configuration.actor library.Actors.Array.ArrayMinimum} 34 ms. Memory: 2810880K Free: 227840K (8%)
#Configuration.check: entity: ptolemy.actor.lib.ArrayPeakSearch {.configuration.actor library.Actors.Array.ArrayPeakSearch} 34 ms. Memory: 2810880K Free: 227840K (8%)
#Configuration.check: entity: ptolemy.actor.lib.ArrayRemoveElement {.configuration.actor library.Actors.Array.ArrayRemoveElement} 36 ms. Memory: 2810880K Free: 226816K (8%)
#Configuration.check: entity: ptolemy.actor.lib.ArraySort {.configuration.actor library.Actors.Array.ArraySort} 37 ms. Memory: 2810880K Free: 226814K (8%)
#Configuration.check: entity: ptolemy.actor.lib.ArraySum {.configuration.actor library.Actors.Array.ArraySum} 37 ms. Memory: 2810880K Free: 226302K (8%)
#Configuration.check: entity: ptolemy.actor.lib.ArrayToElements {.configuration.actor library.Actors.Array.ArrayToElements} 38 ms. Memory: 2810880K Free: 225792K (8%)
#Configuration.check: entity: ptolemy.domains.sdf.lib.ArrayToSequence {.configuration.actor library.Actors.Array.ArrayToSequence} 38 ms. Memory: 2810880K Free: 225792K (8%)
#Configuration.check: entity: ptolemy.actor.lib.ArrayUpdate {.configuration.actor library.Actors.Array.ArrayUpdate} 40 ms. Memory: 2810880K Free: 225278K (8%)
#Configuration.check: entity: ptolemy.actor.lib.ElementsToArray {.configuration.actor library.Actors.Array.ElementsToArray} 41 ms. Memory: 2810880K Free: 224768K (8%)
#Configuration.check: entity: ptolemy.domains.sdf.lib.SequenceToArray {.configuration.actor library.Actors.Array.SequenceToArray} 41 ms. Memory: 2810880K Free: 224768K (8%)
#Configuration.check: entity: ptolemy.actor.lib.conversions.AnythingToDouble {.configuration.actor library.Actors.Conversions.AnythingToDouble} 43 ms. Memory: 2810880K Free: 223744K (8%)
#Configuration.check: entity: ptolemy.actor.lib.conversions.BooleanToAnything {.configuration.actor library.Actors.Conversions.BooleanToAnything} 43 ms. Memory: 2810880K Free: 223744K (8%)
#Configuration.check: entity: ptolemy.domains.sdf.lib.BitsToInt {.configuration.actor library.Actors.Conversions.BitsToInt} 43 ms. Memory: 2810880K Free: 223744K (8%)
#Configuration.check: entity: ptolemy.actor.lib.conversions.CartesianToComplex {.configuration.actor library.Actors.Conversions.CartesianToComplex} 43 ms. Memory: 2810880K Free: 223744K (8%)
#Configuration.check: entity: ptolemy.actor.lib.conversions.CartesianToPolar {.configuration.actor library.Actors.Conversions.CartesianToPolar} 43 ms. Memory: 2810880K Free: 223744K (8%)
#Configuration.check: entity: ptolemy.actor.lib.conversions.ComplexToCartesian {.configuration.actor library.Actors.Conversions.ComplexToCartesian} 43 ms. Memory: 2810880K Free: 223744K (8%)
#Configuration.check: entity: ptolemy.actor.lib.conversions.ComplexToPolar {.configuration.actor library.Actors.Conversions.ComplexToPolar} 43 ms. Memory: 2810880K Free: 223230K (8%)
#Configuration.check: entity: ptolemy.actor.lib.conversions.DateToString {.configuration.actor library.Actors.Conversions.DateToString} 44 ms. Memory: 2810880K Free: 223230K (8%)
#Configuration.check: entity: ptolemy.actor.lib.conversions.DoubleToFix {.configuration.actor library.Actors.Conversions.DoubleToFix} 44 ms. Memory: 2810880K Free: 223230K (8%)
#Configuration.check: entity: ptolemy.actor.lib.conversions.ExpressionToToken {.configuration.actor library.Actors.Conversions.ExpressionToToken} 44 ms. Memory: 2810880K Free: 223230K (8%)
#Configuration.check: entity: ptolemy.actor.lib.conversions.FixToDouble {.configuration.actor library.Actors.Conversions.FixToDouble} 44 ms. Memory: 2810880K Free: 223230K (8%)
#Configuration.check: entity: ptolemy.actor.lib.conversions.FixToFix {.configuration.actor library.Actors.Conversions.FixToFix} 44 ms. Memory: 2810880K Free: 223230K (8%)
#Configuration.check: entity: ptolemy.actor.lib.conversions.ImageToString {.configuration.actor library.Actors.Conversions.ImageToString} 44 ms. Memory: 2810880K Free: 223230K (8%)
#Configuration.check: entity: ptolemy.actor.lib.conversions.IntArrayToString {.configuration.actor library.Actors.Conversions.IntArrayToString} 44 ms. Memory: 2810880K Free: 223230K (8%)
#Configuration.check: entity: ptolemy.domains.sdf.lib.IntToBits {.configuration.actor library.Actors.Conversions.IntToBits} 44 ms. Memory: 2810880K Free: 223230K (8%)
#Configuration.check: entity: ptolemy.actor.lib.conversions.InUnitsOf {.configuration.actor library.Actors.Conversions.InUnitsOf} 45 ms. Memory: 2810880K Free: 222720K (8%)
#Configuration.check: entity: ptolemy.actor.lib.conversions.json.JSONToToken {.configuration.actor library.Actors.Conversions.JSON.JSONToToken} 45 ms. Memory: 2810880K Free: 222720K (8%)
#Configuration.check: entity: ptolemy.actor.lib.conversions.json.TokenToJSON {.configuration.actor library.Actors.Conversions.JSON.TokenToJSON} 45 ms. Memory: 2810880K Free: 222720K (8%)
#Configuration.check: entity: ptolemy.actor.lib.conversions.LongToDouble {.configuration.actor library.Actors.Conversions.LongToDouble} 45 ms. Memory: 2810880K Free: 222720K (8%)
#Configuration.check: entity: ptolemy.actor.lib.conversions.PolarToCartesian {.configuration.actor library.Actors.Conversions.PolarToCartesian} 45 ms. Memory: 2810880K Free: 222720K (8%)
#Configuration.check: entity: ptolemy.actor.lib.conversions.PolarToComplex {.configuration.actor library.Actors.Conversions.PolarToComplex} 45 ms. Memory: 2810880K Free: 222720K (8%)
#Configuration.check: entity: ptolemy.actor.lib.conversions.Round {.configuration.actor library.Actors.Conversions.Round} 45 ms. Memory: 2810880K Free: 222720K (8%)
#Configuration.check: entity: ptolemy.actor.lib.conversions.SmoothToDouble {.configuration.actor library.Actors.Conversions.SmoothToDouble} 45 ms. Memory: 2810880K Free: 222206K (8%)
#Configuration.check: entity: ptolemy.actor.lib.conversions.StringToBoolean {.configuration.actor library.Actors.Conversions.StringToBoolean} 45 ms. Memory: 2810880K Free: 222206K (8%)
#Configuration.check: entity: ptolemy.actor.lib.conversions.StringToDouble {.configuration.actor library.Actors.Conversions.StringToDouble} 45 ms. Memory: 2810880K Free: 222206K (8%)
#Configuration.check: entity: ptolemy.actor.lib.conversions.StringToInt {.configuration.actor library.Actors.Conversions.StringToInt} 45 ms. Memory: 2810880K Free: 222206K (8%)
#Configuration.check: entity: ptolemy.actor.lib.conversions.StringToIntArray {.configuration.actor library.Actors.Conversions.StringToIntArray} 45 ms. Memory: 2810880K Free: 222206K (8%)
#Configuration.check: entity: ptolemy.actor.lib.conversions.StringToUnsignedByteArray {.configuration.actor library.Actors.Conversions.StringToUnsignedByteArray} 46 ms. Memory: 2810880K Free: 222206K (8%)
#Configuration.check: entity: ptolemy.actor.lib.conversions.StringToXML {.configuration.actor library.Actors.Conversions.StringToXML} 46 ms. Memory: 2810880K Free: 222206K (8%)
#Configuration.check: entity: ptolemy.actor.lib.conversions.TokenToExpression {.configuration.actor library.Actors.Conversions.TokenToExpression} 46 ms. Memory: 2810880K Free: 222206K (8%)
#Configuration.check: entity: ptolemy.actor.lib.conversions.UnsignedByteArrayToString {.configuration.actor library.Actors.Conversions.UnsignedByteArrayToString} 46 ms. Memory: 2810880K Free: 222206K (8%)
#Configuration.check: entity: ptolemy.actor.lib.BusAssembler {.configuration.actor library.Actors.FlowControl.Aggregators.BusAssembler} 46 ms. Memory: 2810880K Free: 222206K (8%)
#Configuration.check: entity: ptolemy.actor.lib.BusDisassembler {.configuration.actor library.Actors.FlowControl.Aggregators.BusDisassembler} 46 ms. Memory: 2810880K Free: 222206K (8%)
#Configuration.check: entity: ptolemy.actor.lib.Commutator {.configuration.actor library.Actors.FlowControl.Aggregators.Commutator} 46 ms. Memory: 2810880K Free: 222206K (8%)
#Configuration.check: entity: ptolemy.actor.lib.Distributor {.configuration.actor library.Actors.FlowControl.Aggregators.Distributor} 47 ms. Memory: 2810880K Free: 221696K (8%)
#Configuration.check: entity: ptolemy.actor.lib.Multiplexor {.configuration.actor library.Actors.FlowControl.Aggregators.Multiplexor} 48 ms. Memory: 2810880K Free: 221182K (8%)
#Configuration.check: entity: ptolemy.actor.lib.OrderedRecordAssembler {.configuration.actor library.Actors.FlowControl.Aggregators.OrderedRecordAssembler} 49 ms. Memory: 2810880K Free: 220672K (8%)
#Configuration.check: entity: ptolemy.actor.lib.RecordAssembler {.configuration.actor library.Actors.FlowControl.Aggregators.RecordAssembler} 59 ms. Memory: 2810880K Free: 220672K (8%)
#Configuration.check: entity: ptolemy.actor.lib.RecordDisassembler {.configuration.actor library.Actors.FlowControl.Aggregators.RecordDisassembler} 60 ms. Memory: 2810880K Free: 220672K (8%)
#Configuration.check: entity: ptolemy.actor.lib.RecordUpdater {.configuration.actor library.Actors.FlowControl.Aggregators.RecordUpdater} 60 ms. Memory: 2810880K Free: 220672K (8%)
#Configuration.check: entity: ptolemy.actor.lib.Sampler {.configuration.actor library.Actors.FlowControl.Aggregators.Sampler} 60 ms. Memory: 2810880K Free: 220672K (8%)
#Configuration.check: entity: ptolemy.actor.lib.Select {.configuration.actor library.Actors.FlowControl.Aggregators.Select} 60 ms. Memory: 2810880K Free: 220672K (8%)
#Configuration.check: entity: ptolemy.actor.lib.SingleTokenCommutator {.configuration.actor library.Actors.FlowControl.Aggregators.SingleTokenCommutator} 62 ms. Memory: 2810880K Free: 220158K (8%)
#Configuration.check: entity: ptolemy.actor.lib.Switch {.configuration.actor library.Actors.FlowControl.Aggregators.Switch} 62 ms. Memory: 2810880K Free: 220158K (8%)
#Configuration.check: entity: ptolemy.actor.lib.Synchronizer {.configuration.actor library.Actors.FlowControl.Aggregators.Synchronizer} 63 ms. Memory: 2810880K Free: 219648K (8%)
#Configuration.check: entity: ptolemy.actor.lib.UnionDisassembler {.configuration.actor library.Actors.FlowControl.Aggregators.UnionDisassembler} 63 ms. Memory: 2810880K Free: 219648K (8%)
#Configuration.check: entity: ptolemy.actor.lib.UnionMerge {.configuration.actor library.Actors.FlowControl.Aggregators.UnionMerge} 63 ms. Memory: 2810880K Free: 219134K (8%)
#Configuration.check: entity: ptolemy.actor.lib.VectorAssembler {.configuration.actor library.Actors.FlowControl.Aggregators.VectorAssembler} 64 ms. Memory: 2810880K Free: 219134K (8%)
#Configuration.check: entity: ptolemy.actor.lib.VectorDisassembler {.configuration.actor library.Actors.FlowControl.Aggregators.VectorDisassembler} 64 ms. Memory: 2810880K Free: 219134K (8%)
#Configuration.check: entity: ptolemy.actor.lib.BooleanMultiplexor {.configuration.actor library.Actors.FlowControl.BooleanFlowControl.BooleanMultiplexor} 64 ms. Memory: 2810880K Free: 219134K (8%)
#Configuration.check: entity: ptolemy.actor.lib.BooleanSelect {.configuration.actor library.Actors.FlowControl.BooleanFlowControl.BooleanSelect} 65 ms. Memory: 2810880K Free: 218624K (8%)
#Configuration.check: entity: ptolemy.actor.lib.BooleanSwitch {.configuration.actor library.Actors.FlowControl.BooleanFlowControl.BooleanSwitch} 67 ms. Memory: 2810880K Free: 218110K (8%)
#Configuration.check: entity: ptolemy.actor.lib.ConfigurationSelect {.configuration.actor library.Actors.FlowControl.BooleanFlowControl.ConfigurationSelect} 68 ms. Memory: 2810880K Free: 217600K (8%)
#Configuration.check: entity: ptolemy.actor.lib.ConfigurationSwitch {.configuration.actor library.Actors.FlowControl.BooleanFlowControl.ConfigurationSwitch} 69 ms. Memory: 2810880K Free: 217600K (8%)
#Configuration.check: entity: ptolemy.domains.sdf.lib.CountTrues {.configuration.actor library.Actors.FlowControl.BooleanFlowControl.CountTrues} 70 ms. Memory: 2810880K Free: 217086K (8%)
#Configuration.check: entity: ptolemy.domains.sdf.lib.Chop {.configuration.actor library.Actors.FlowControl.SequenceControl.Chop} 70 ms. Memory: 2810880K Free: 216576K (8%)
#Configuration.check: entity: ptolemy.actor.lib.Default {.configuration.actor library.Actors.FlowControl.SequenceControl.Default} 80 ms. Memory: 2810880K Free: 216062K (8%)
#Configuration.check: entity: ptolemy.domains.sdf.lib.Repeat {.configuration.actor library.Actors.FlowControl.SequenceControl.Repeat} 81 ms. Memory: 2810880K Free: 215552K (8%)
#Configuration.check: entity: ptolemy.domains.sdf.lib.SampleDelay {.configuration.actor library.Actors.FlowControl.SequenceControl.SampleDelay} 84 ms. Memory: 2810880K Free: 214528K (8%)
#Configuration.check: entity: ptolemy.actor.lib.Sequencer {.configuration.actor library.Actors.FlowControl.SequenceControl.Sequencer} 85 ms. Memory: 2810880K Free: 214007K (8%)
#Configuration.check: entity: ptolemy.actor.lib.Exit {.configuration.actor library.Actors.FlowControl.ExecutionControl.Exit} 85 ms. Memory: 2810880K Free: 214007K (8%)
#Configuration.check: entity: ptolemy.actor.lib.Stop {.configuration.actor library.Actors.FlowControl.ExecutionControl.Stop} 86 ms. Memory: 2810880K Free: 214007K (8%)
#Configuration.check: entity: ptolemy.actor.lib.Pause {.configuration.actor library.Actors.FlowControl.ExecutionControl.Pause} 86 ms. Memory: 2810880K Free: 214007K (8%)
#Configuration.check: entity: ptolemy.actor.lib.ThrowException {.configuration.actor library.Actors.FlowControl.ExecutionControl.ThrowException} 86 ms. Memory: 2810880K Free: 214007K (8%)
#Configuration.check: entity: ptolemy.actor.lib.ThrowModelError {.configuration.actor library.Actors.FlowControl.ExecutionControl.ThrowModelError} 86 ms. Memory: 2810880K Free: 213975K (8%)
#Configuration.check: entity: ptolemy.actor.lib.Dictionary {.configuration.actor library.Actors.DataStores.Dictionary} 86 ms. Memory: 2810880K Free: 213504K (8%)
#Configuration.check: entity: ptolemy.actor.lib.hoc.ApplyFunction {.configuration.actor library.Actors.HigherOrderActors.ApplyFunction} 89 ms. Memory: 2810880K Free: 212480K (8%)
#Configuration.check: entity: ptolemy.vergil.actor.lib.ModelDisplay {.configuration.actor library.Actors.HigherOrderActors.ModelDisplay} 90 ms. Memory: 2810880K Free: 211966K (8%)
#Configuration.check: entity: ptolemy.actor.lib.hoc.ModelReference {.configuration.actor library.Actors.HigherOrderActors.ModelReference} 107 ms. Memory: 2810880K Free: 211966K (8%)
#Configuration.check: entity: ptolemy.vergil.actor.lib.VisualModelReference {.configuration.actor library.Actors.HigherOrderActors.VisualModelReference} 109 ms. Memory: 2810880K Free: 210942K (8%)
#Configuration.check: entity: ptolemy.actor.lib.gui.ArrowKeySensor {.configuration.actor library.Actors.IO.ArrowKeySensor} 113 ms. Memory: 2810880K Free: 209918K (7%)
#Configuration.check: entity: ptolemy.actor.lib.io.CSVReader {.configuration.actor library.Actors.IO.CSVReader} 114 ms. Memory: 2810880K Free: 209918K (7%)
#Configuration.check: entity: ptolemy.actor.lib.io.CSVWriter {.configuration.actor library.Actors.IO.CSVWriter} 115 ms. Memory: 2810880K Free: 209408K (7%)
#Configuration.check: entity: ptolemy.actor.lib.net.DatagramReader {.configuration.actor library.Actors.IO.DatagramReader} 115 ms. Memory: 2810880K Free: 209408K (7%)
#Configuration.check: entity: ptolemy.actor.lib.net.DatagramWriter {.configuration.actor library.Actors.IO.DatagramWriter} 116 ms. Memory: 2810880K Free: 208894K (7%)
#Configuration.check: entity: ptolemy.actor.lib.io.DirectoryListing {.configuration.actor library.Actors.IO.DirectoryListing} 123 ms. Memory: 2810880K Free: 208384K (7%)
#Configuration.check: entity: ptolemy.actor.lib.io.FileReader {.configuration.actor library.Actors.IO.FileReader} 124 ms. Memory: 2810880K Free: 207870K (7%)
#Configuration.check: entity: ptolemy.actor.lib.net.IPAddress {.configuration.actor library.Actors.IO.IPAddress} 125 ms. Memory: 2810880K Free: 207870K (7%)
#Configuration.check: entity: ptolemy.actor.lib.FileWriter {.configuration.actor library.Actors.IO.FileWriter} 125 ms. Memory: 2810880K Free: 207870K (7%)
#Configuration.check: entity: ptolemy.actor.lib.io.LineReader {.configuration.actor library.Actors.IO.LineReader} 125 ms. Memory: 2810880K Free: 207870K (7%)
#Configuration.check: entity: ptolemy.actor.lib.io.LineWriter {.configuration.actor library.Actors.IO.LineWriter} 126 ms. Memory: 2810880K Free: 207360K (7%)
#Configuration.check: entity: ptolemy.actor.lib.logic.Comparator {.configuration.actor library.Actors.Logic.Comparator} 126 ms. Memory: 2810880K Free: 207360K (7%)
#Configuration.check: entity: ptolemy.actor.lib.logic.Equals {.configuration.actor library.Actors.Logic.Equals} 126 ms. Memory: 2810880K Free: 207360K (7%)
#Configuration.check: entity: ptolemy.actor.lib.logic.IsPresent {.configuration.actor library.Actors.Logic.IsPresent} 126 ms. Memory: 2810880K Free: 207360K (7%)
#Configuration.check: entity: ptolemy.actor.lib.logic.LogicalNot {.configuration.actor library.Actors.Logic.LogicalNot} 126 ms. Memory: 2810880K Free: 207360K (7%)
#Configuration.check: entity: ptolemy.actor.lib.logic.LogicGate {.configuration.actor library.Actors.Logic.LogicGate} 127 ms. Memory: 2810880K Free: 206842K (7%)
#Configuration.check: entity: ptolemy.actor.lib.logic.TrueGate {.configuration.actor library.Actors.Logic.TrueGate} 128 ms. Memory: 2810880K Free: 206334K (7%)
#Configuration.check: entity: ptolemy.actor.lib.AbsoluteValue {.configuration.actor library.Actors.Math.AbsoluteValue} 128 ms. Memory: 2810880K Free: 206334K (7%)
#Configuration.check: entity: ptolemy.actor.lib.AddSubtract {.configuration.actor library.Actors.Math.AddSubtract} 129 ms. Memory: 2810880K Free: 206334K (7%)
#Configuration.check: entity: ptolemy.actor.lib.Accumulator {.configuration.actor library.Actors.Math.Accumulator} 133 ms. Memory: 2810880K Free: 206334K (7%)
#Configuration.check: entity: ptolemy.actor.lib.Average {.configuration.actor library.Actors.Math.Average} 134 ms. Memory: 2810880K Free: 205822K (7%)
#Configuration.check: entity: ptolemy.actor.lib.Counter {.configuration.actor library.Actors.Math.Counter} 136 ms. Memory: 2810880K Free: 205312K (7%)
#Configuration.check: entity: ptolemy.actor.lib.Differential {.configuration.actor library.Actors.Math.Differential} 136 ms. Memory: 2810880K Free: 205312K (7%)
#Configuration.check: entity: ptolemy.domains.sdf.lib.DotProduct {.configuration.actor library.Actors.Math.DotProduct} 137 ms. Memory: 2810880K Free: 204798K (7%)
#Configuration.check: entity: ptolemy.actor.lib.Expression {.configuration.actor library.Actors.Math.Expression} 139 ms. Memory: 2810880K Free: 203774K (7%)
#Configuration.check: entity: ptolemy.actor.lib.Limiter {.configuration.actor library.Actors.Math.Limiter} 140 ms. Memory: 2810880K Free: 203264K (7%)
#Configuration.check: entity: ptolemy.actor.lib.LookupTable {.configuration.actor library.Actors.Math.LookupTable} 141 ms. Memory: 2810880K Free: 202735K (7%)
#Configuration.check: entity: ptolemy.actor.lib.Maximum {.configuration.actor library.Actors.Math.Maximum} 143 ms. Memory: 2810880K Free: 202240K (7%)
#Configuration.check: entity: ptolemy.actor.lib.Minimum {.configuration.actor library.Actors.Math.Minimum} 143 ms. Memory: 2810880K Free: 202238K (7%)
#Configuration.check: entity: ptolemy.actor.lib.MovingAverage {.configuration.actor library.Actors.Math.MovingAverage} 143 ms. Memory: 2810880K Free: 202238K (7%)
#Configuration.check: entity: ptolemy.actor.lib.MultiplyDivide {.configuration.actor library.Actors.Math.MultiplyDivide} 145 ms. Memory: 2810880K Free: 201216K (7%)
#Configuration.check: entity: ptolemy.actor.lib.Quantizer {.configuration.actor library.Actors.Math.Quantizer} 145 ms. Memory: 2810880K Free: 201216K (7%)
#Configuration.check: entity: ptolemy.actor.lib.Remainder {.configuration.actor library.Actors.Math.Remainder} 146 ms. Memory: 2810880K Free: 200702K (7%)
#Configuration.check: entity: ptolemy.actor.lib.RunningMaximum {.configuration.actor library.Actors.Math.RunningMaximum} 147 ms. Memory: 2810880K Free: 200698K (7%)
#Configuration.check: entity: ptolemy.actor.lib.RunningMinimum {.configuration.actor library.Actors.Math.RunningMinimum} 148 ms. Memory: 2810880K Free: 200192K (7%)
#Configuration.check: entity: ptolemy.actor.lib.Scale {.configuration.actor library.Actors.Math.Scale} 149 ms. Memory: 2810880K Free: 199678K (7%)
#Configuration.check: entity: ptolemy.actor.lib.TrigFunction {.configuration.actor library.Actors.Math.TrigFunction} 149 ms. Memory: 2810880K Free: 199678K (7%)
#Configuration.check: entity: ptolemy.actor.lib.UnaryMathFunction {.configuration.actor library.Actors.Math.UnaryMathFunction} 149 ms. Memory: 2810880K Free: 199678K (7%)
#Configuration.check: entity: ptolemy.actor.lib.ArrayToMatrix {.configuration.actor library.Actors.Matrix.ArrayToMatrix} 150 ms. Memory: 2810880K Free: 199678K (7%)
#Configuration.check: entity: ptolemy.domains.sdf.lib.MatrixJoin {.configuration.actor library.Actors.Matrix.MatrixJoin} 150 ms. Memory: 2810880K Free: 199168K (7%)
#Configuration.check: entity: ptolemy.domains.sdf.lib.MatrixSplit {.configuration.actor library.Actors.Matrix.MatrixSplit} 151 ms. Memory: 2810880K Free: 198654K (7%)
#Configuration.check: entity: ptolemy.actor.lib.MatrixToArray {.configuration.actor library.Actors.Matrix.MatrixToArray} 153 ms. Memory: 2810880K Free: 197615K (7%)
#Configuration.check: entity: ptolemy.domains.sdf.lib.MatrixToSequence {.configuration.actor library.Actors.Matrix.MatrixToSequence} 154 ms. Memory: 2810880K Free: 197615K (7%)
#Configuration.check: entity: ptolemy.actor.lib.gui.MatrixViewer {.configuration.actor library.Actors.Matrix.MatrixViewer} 154 ms. Memory: 2810880K Free: 197120K (7%)
#Configuration.check: entity: ptolemy.domains.sdf.lib.SequenceToMatrix {.configuration.actor library.Actors.Matrix.SequenceToMatrix} 154 ms. Memory: 2810880K Free: 197120K (7%)
#Configuration.check: entity: ptolemy.actor.lib.SubMatrix {.configuration.actor library.Actors.Matrix.SubMatrix} 155 ms. Memory: 2810880K Free: 196606K (7%)
#Configuration.check: entity: ptolemy.actor.lib.Bernoulli {.configuration.actor library.Actors.Random.Bernoulli} 156 ms. Memory: 2810880K Free: 196606K (7%)
#Configuration.check: entity: ptolemy.actor.lib.DiscreteRandomSource {.configuration.actor library.Actors.Random.DiscreteRandomSource} 157 ms. Memory: 2810880K Free: 196096K (7%)
#Configuration.check: entity: ptolemy.actor.lib.Gaussian {.configuration.actor library.Actors.Random.Gaussian} 158 ms. Memory: 2810880K Free: 195567K (7%)
#Configuration.check: entity: ptolemy.actor.lib.RandomInteger {.configuration.actor library.Actors.Random.RandomInteger} 160 ms. Memory: 2810880K Free: 195072K (7%)
#Configuration.check: entity: ptolemy.actor.lib.Rician {.configuration.actor library.Actors.Random.Rician} 161 ms. Memory: 2810880K Free: 194558K (7%)
#Configuration.check: entity: ptolemy.actor.lib.Triangular {.configuration.actor library.Actors.Random.Triangular} 161 ms. Memory: 2810880K Free: 194558K (7%)
#Configuration.check: entity: ptolemy.actor.lib.Uniform {.configuration.actor library.Actors.Random.Uniform} 164 ms. Memory: 2810880K Free: 193534K (7%)
#Configuration.check: entity: ptolemy.actor.lib.colt.ColtBeta {.configuration.actor library.Actors.Random.Colt.ColtBeta} 166 ms. Memory: 2810880K Free: 192503K (7%)
#Configuration.check: entity: ptolemy.actor.lib.colt.ColtBinomial {.configuration.actor library.Actors.Random.Colt.ColtBinomial} 167 ms. Memory: 2810880K Free: 192000K (7%)
#Configuration.check: entity: ptolemy.actor.lib.colt.ColtBinomialSelector {.configuration.actor library.Actors.Random.Colt.ColtBinomialSelector} 168 ms. Memory: 2810880K Free: 192000K (7%)
#Configuration.check: entity: ptolemy.actor.lib.colt.ColtBreitWigner {.configuration.actor library.Actors.Random.Colt.ColtBreitWigner} 168 ms. Memory: 2810880K Free: 191482K (7%)
#Configuration.check: entity: ptolemy.actor.lib.colt.ColtChiSquare {.configuration.actor library.Actors.Random.Colt.ColtChiSquare} 169 ms. Memory: 2810880K Free: 190976K (7%)
#Configuration.check: entity: ptolemy.actor.lib.colt.ColtExponential {.configuration.actor library.Actors.Random.Colt.ColtExponential} 170 ms. Memory: 2810880K Free: 190976K (7%)
#Configuration.check: entity: ptolemy.actor.lib.colt.ColtExponentialPower {.configuration.actor library.Actors.Random.Colt.ColtExponentialPower} 171 ms. Memory: 2810880K Free: 190462K (7%)
#Configuration.check: entity: ptolemy.actor.lib.colt.ColtGamma {.configuration.actor library.Actors.Random.Colt.ColtGamma} 172 ms. Memory: 2810880K Free: 189952K (7%)
#Configuration.check: entity: ptolemy.actor.lib.colt.ColtHyperGeometric {.configuration.actor library.Actors.Random.Colt.ColtHyperGeometric} 173 ms. Memory: 2810880K Free: 189952K (7%)
#Configuration.check: entity: ptolemy.actor.lib.colt.ColtLogarithmic {.configuration.actor library.Actors.Random.Colt.ColtLogarithmic} 174 ms. Memory: 2810880K Free: 189438K (7%)
#Configuration.check: entity: ptolemy.actor.lib.colt.ColtNegativeBinomial {.configuration.actor library.Actors.Random.Colt.ColtNegativeBinomial} 174 ms. Memory: 2810880K Free: 188928K (7%)
#Configuration.check: entity: ptolemy.actor.lib.colt.ColtNormal {.configuration.actor library.Actors.Random.Colt.ColtNormal} 186 ms. Memory: 2810880K Free: 188383K (7%)
#Configuration.check: entity: ptolemy.actor.lib.colt.ColtPoisson {.configuration.actor library.Actors.Random.Colt.ColtPoisson} 187 ms. Memory: 2810880K Free: 188383K (7%)
#Configuration.check: entity: ptolemy.actor.lib.colt.ColtPoissonSlow {.configuration.actor library.Actors.Random.Colt.ColtPoissonSlow} 187 ms. Memory: 2810880K Free: 187904K (7%)
#Configuration.check: entity: ptolemy.actor.lib.colt.ColtStudentT {.configuration.actor library.Actors.Random.Colt.ColtStudentT} 188 ms. Memory: 2810880K Free: 187390K (7%)
#Configuration.check: entity: ptolemy.actor.lib.colt.ColtVonMises {.configuration.actor library.Actors.Random.Colt.ColtVonMises} 189 ms. Memory: 2810880K Free: 187390K (7%)
#Configuration.check: entity: ptolemy.actor.lib.colt.ColtZeta {.configuration.actor library.Actors.Random.Colt.ColtZeta} 190 ms. Memory: 2810880K Free: 186880K (7%)
#Configuration.check: entity: ptolemy.actor.lib.DelayStart {.configuration.actor library.Actors.RealTime.DelayStart} 220 ms. Memory: 2810880K Free: 312315K (11%)
#Configuration.check: entity: ptolemy.actor.lib.ExecutionTime {.configuration.actor library.Actors.RealTime.ExecutionTime} 220 ms. Memory: 2810880K Free: 312315K (11%)
#Configuration.check: entity: ptolemy.actor.lib.gui.RealTimePlotter {.configuration.actor library.Actors.RealTime.RealTimePlotter} 220 ms. Memory: 2810880K Free: 312315K (11%)
#Configuration.check: entity: ptolemy.actor.lib.Sleep {.configuration.actor library.Actors.RealTime.Sleep} 221 ms. Memory: 2810880K Free: 311808K (11%)
#Configuration.check: entity: ptolemy.actor.lib.VariableSleep {.configuration.actor library.Actors.RealTime.VariableSleep} 221 ms. Memory: 2810880K Free: 311808K (11%)
#Configuration.check: entity: ptolemy.actor.lib.WallClockTime {.configuration.actor library.Actors.RealTime.WallClockTime} 221 ms. Memory: 2810880K Free: 311808K (11%)
#Configuration.check: entity: ptolemy.actor.lib.javasound.AudioCapture {.configuration.actor library.Actors.SignalProcessing.Audio.AudioCapture} 221 ms. Memory: 2810880K Free: 311808K (11%)
#Configuration.check: entity: ptolemy.actor.lib.javasound.AudioReader {.configuration.actor library.Actors.SignalProcessing.Audio.AudioReader} 223 ms. Memory: 2810880K Free: 311294K (11%)
#Configuration.check: entity: ptolemy.actor.lib.javasound.AudioPlayer {.configuration.actor library.Actors.SignalProcessing.Audio.AudioPlayer} 223 ms. Memory: 2810880K Free: 310784K (11%)
#Configuration.check: entity: ptolemy.actor.lib.javasound.AudioWriter {.configuration.actor library.Actors.SignalProcessing.Audio.AudioWriter} 224 ms. Memory: 2810880K Free: 310237K (11%)
#Configuration.check: entity: ptolemy.actor.lib.javasound.ClipPlayer {.configuration.actor library.Actors.SignalProcessing.Audio.ClipPlayer} 224 ms. Memory: 2810880K Free: 310237K (11%)
#Configuration.check: entity: ptolemy.actor.lib.comm.ConvolutionalCoder {.configuration.actor library.Actors.SignalProcessing.communications.ConvolutionalCoder} 225 ms. Memory: 2810880K Free: 310237K (11%)
#Configuration.check: entity: ptolemy.actor.lib.comm.DeScrambler {.configuration.actor library.Actors.SignalProcessing.communications.DeScrambler} 226 ms. Memory: 2810880K Free: 309760K (11%)
#Configuration.check: entity: ptolemy.actor.lib.comm.HadamardCode {.configuration.actor library.Actors.SignalProcessing.communications.HadamardCode} 226 ms. Memory: 2810880K Free: 309760K (11%)
#Configuration.check: entity: ptolemy.actor.lib.comm.HammingCoder {.configuration.actor library.Actors.SignalProcessing.communications.HammingCoder} 226 ms. Memory: 2810880K Free: 309231K (11%)
#Configuration.check: entity: ptolemy.actor.lib.comm.HammingDecoder {.configuration.actor library.Actors.SignalProcessing.communications.HammingDecoder} 235 ms. Memory: 2810880K Free: 309231K (11%)
#Configuration.check: entity: ptolemy.actor.lib.comm.HuffmanCoder {.configuration.actor library.Actors.SignalProcessing.communications.HuffmanCoder} 235 ms. Memory: 2810880K Free: 309231K (11%)
#Configuration.check: entity: ptolemy.actor.lib.comm.HuffmanDecoder {.configuration.actor library.Actors.SignalProcessing.communications.HuffmanDecoder} 235 ms. Memory: 2810880K Free: 308736K (11%)
#Configuration.check: entity: ptolemy.actor.lib.comm.LempelZivCoder {.configuration.actor library.Actors.SignalProcessing.communications.LempelZivCoder} 236 ms. Memory: 2810880K Free: 308736K (11%)
#Configuration.check: entity: ptolemy.actor.lib.comm.LempelZivDecoder {.configuration.actor library.Actors.SignalProcessing.communications.LempelZIvDecoder} 236 ms. Memory: 2810880K Free: 308736K (11%)
#Configuration.check: entity: ptolemy.domains.sdf.lib.LineCoder {.configuration.actor library.Actors.SignalProcessing.communications.LineCoder} 236 ms. Memory: 2810880K Free: 308736K (11%)
#Configuration.check: entity: ptolemy.domains.sdf.lib.LMSAdaptive {.configuration.actor library.Actors.SignalProcessing.communications.LMSAdaptive} 250 ms. Memory: 2810880K Free: 308222K (11%)
#Configuration.check: entity: ptolemy.domains.sdf.lib.RaisedCosine {.configuration.actor library.Actors.SignalProcessing.communications.RaisedCosine} 254 ms. Memory: 2810880K Free: 306688K (11%)
#Configuration.check: entity: ptolemy.actor.lib.comm.Scrambler {.configuration.actor library.Actors.SignalProcessing.communications.Scrambler} 259 ms. Memory: 2810880K Free: 306688K (11%)
#Configuration.check: entity: ptolemy.actor.lib.comm.Slicer {.configuration.actor library.Actors.SignalProcessing.communications.Slicer} 260 ms. Memory: 2810880K Free: 306174K (11%)
#Configuration.check: entity: ptolemy.actor.lib.comm.TrellisDecoder {.configuration.actor library.Actors.SignalProcessing.communications.TrellisDecoder} 260 ms. Memory: 2810880K Free: 306174K (11%)
#Configuration.check: entity: ptolemy.actor.lib.comm.ViterbiDecoder {.configuration.actor library.Actors.SignalProcessing.communications.ViterbiDecoder} 261 ms. Memory: 2810880K Free: 305664K (11%)
#Configuration.check: entity: ptolemy.domains.sdf.lib.DelayLine {.configuration.actor library.Actors.SignalProcessing.Filtering.DelayLine} 261 ms. Memory: 2810880K Free: 305135K (11%)
#Configuration.check: entity: ptolemy.domains.sdf.lib.DownSample {.configuration.actor library.Actors.SignalProcessing.Filtering.DownSample} 263 ms. Memory: 2810880K Free: 304119K (11%)
#Configuration.check: entity: ptolemy.domains.sdf.lib.FIR {.configuration.actor library.Actors.SignalProcessing.Filtering.FIR} 264 ms. Memory: 2810880K Free: 303616K (11%)
#Configuration.check: entity: ptolemy.actor.lib.GradientAdaptiveLattice {.configuration.actor library.Actors.SignalProcessing.Filtering.GradientAdaptiveLattice} 268 ms. Memory: 2810880K Free: 302592K (11%)
#Configuration.check: entity: ptolemy.actor.lib.IIR {.configuration.actor library.Actors.SignalProcessing.Filtering.IIR} 269 ms. Memory: 2810880K Free: 302592K (11%)
#Configuration.check: entity: ptolemy.actor.lib.Lattice {.configuration.actor library.Actors.SignalProcessing.Filtering.Lattice} 270 ms. Memory: 2810880K Free: 301568K (11%)
#Configuration.check: entity: ptolemy.actor.lib.LinearDifferenceEquationSystem {.configuration.actor library.Actors.SignalProcessing.Filtering.LinearDifferenceEquationSystem} 270 ms. Memory: 2810880K Free: 301568K (11%)
#Configuration.check: entity: ptolemy.domains.sdf.lib.LMSAdaptive {.configuration.actor library.Actors.SignalProcessing.Filtering.LMSAdaptive} 278 ms. Memory: 2810880K Free: 301054K (11%)
#Configuration.check: entity: ptolemy.actor.lib.RecursiveLattice {.configuration.actor library.Actors.SignalProcessing.Filtering.RecursiveLattice} 291 ms. Memory: 2810880K Free: 299520K (11%)
#Configuration.check: entity: ptolemy.domains.sdf.lib.UpSample {.configuration.actor library.Actors.SignalProcessing.Filtering.UpSample} 291 ms. Memory: 2810880K Free: 299520K (11%)
#Configuration.check: entity: ptolemy.domains.sdf.lib.VariableFIR {.configuration.actor library.Actors.SignalProcessing.Filtering.VariableFIR} 292 ms. Memory: 2810880K Free: 299006K (11%)
#Configuration.check: entity: ptolemy.domains.sdf.lib.VariableLattice {.configuration.actor library.Actors.SignalProcessing.Filtering.VariableLattice} 295 ms. Memory: 2810880K Free: 297472K (11%)
#Configuration.check: entity: ptolemy.domains.sdf.lib.VariableRecursiveLattice {.configuration.actor library.Actors.SignalProcessing.Filtering.VariableRecursiveLattice} 296 ms. Memory: 2810880K Free: 297472K (11%)
#Configuration.check: entity: ptolemy.actor.lib.DB {.configuration.actor library.Actors.SignalProcessing.Spectrum.DB} 296 ms. Memory: 2810880K Free: 296958K (11%)
#Configuration.check: entity: ptolemy.domains.sdf.lib.FFT {.configuration.actor library.Actors.SignalProcessing.Spectrum.FFT} 296 ms. Memory: 2810880K Free: 296952K (11%)
#Configuration.check: entity: ptolemy.domains.sdf.lib.IFFT {.configuration.actor library.Actors.SignalProcessing.Spectrum.IFFT} 299 ms. Memory: 2810880K Free: 296448K (11%)
#Configuration.check: entity: ptolemy.actor.lib.LevinsonDurbin {.configuration.actor library.Actors.SignalProcessing.Spectrum.LevinsonDurbin} 301 ms. Memory: 2810880K Free: 295424K (11%)
#Configuration.check: entity: ptolemy.actor.lib.PhaseUnwrap {.configuration.actor library.Actors.SignalProcessing.Spectrum.PhaseUnwrap} 301 ms. Memory: 2810880K Free: 295424K (11%)
#Configuration.check: entity: ptolemy.domains.sdf.lib.Autocorrelation {.configuration.actor library.Actors.SignalProcessing.Statistical.Autocorrelation} 301 ms. Memory: 2810880K Free: 295424K (11%)
#Configuration.check: entity: ptolemy.actor.lib.ComputeHistogram {.configuration.actor library.Actors.SignalProcessing.Statistical.ComputeHistogram} 307 ms. Memory: 2810880K Free: 295424K (11%)
#Configuration.check: entity: ptolemy.actor.lib.IIR {.configuration.actor library.Actors.SignalProcessing.Statistical.PowerEstimate.IIR} 309 ms. Memory: 2810880K Free: 294400K (10%)
#Configuration.check: entity: ptolemy.actor.lib.DB {.configuration.actor library.Actors.SignalProcessing.Statistical.PowerEstimate.DB} 310 ms. Memory: 2810880K Free: 293886K (10%)
#Configuration.check: entity: ptolemy.actor.lib.Scale {.configuration.actor library.Actors.SignalProcessing.Statistical.PowerEstimate.Scale} 311 ms. Memory: 2810880K Free: 293880K (10%)
#Configuration.check: entity: ptolemy.actor.lib.MathFunction {.configuration.actor library.Actors.SignalProcessing.Statistical.PowerEstimate.MathFunction} 311 ms. Memory: 2810880K Free: 293376K (10%)
#Configuration.check: entity: ptolemy.actor.lib.string.StringCompare {.configuration.actor library.Actors.String.StringCompare} 312 ms. Memory: 2810880K Free: 293376K (10%)
#Configuration.check: entity: ptolemy.actor.lib.string.StringFunction {.configuration.actor library.Actors.String.StringFunction} 312 ms. Memory: 2810880K Free: 293376K (10%)
#Configuration.check: entity: ptolemy.actor.lib.string.StringIndexOf {.configuration.actor library.Actors.String.StringIndexOf} 312 ms. Memory: 2810880K Free: 292831K (10%)
#Configuration.check: entity: ptolemy.actor.lib.string.StringLength {.configuration.actor library.Actors.String.StringLength} 313 ms. Memory: 2810880K Free: 292831K (10%)
#Configuration.check: entity: ptolemy.actor.lib.string.StringMatches {.configuration.actor library.Actors.String.StringMatches} 315 ms. Memory: 2810880K Free: 292352K (10%)
#Configuration.check: entity: ptolemy.actor.lib.string.StringReplace {.configuration.actor library.Actors.String.StringReplace} 316 ms. Memory: 2810880K Free: 291838K (10%)
#Configuration.check: entity: ptolemy.actor.lib.string.StringSplit {.configuration.actor library.Actors.String.StringSplit} 317 ms. Memory: 2810880K Free: 291328K (10%)
#Configuration.check: entity: ptolemy.actor.lib.string.StringSubstring {.configuration.actor library.Actors.String.StringSubstring} 318 ms. Memory: 2810880K Free: 290814K (10%)
#Configuration.check: entity: ptolemy.actor.lib.DiscreteClock {.configuration.actor library.Actors.DomainSpecific.Continuous.Signal Generators.ContinuousClock.DiscreteClock} 319 ms. Memory: 2810880K Free: 290304K (10%)
#Configuration.check: entity: ptolemy.domains.continuous.lib.ZeroOrderHold {.configuration.actor library.Actors.DomainSpecific.Continuous.Signal Generators.ContinuousClock.ZeroOrderHold} 321 ms. Memory: 2810880K Free: 289280K (10%)
#Configuration.check: entity: ptolemy.actor.lib.DiscreteClock {.configuration.actor library.Actors.DomainSpecific.Continuous.Signal Generators.DiscreteClock} 321 ms. Memory: 2810880K Free: 289280K (10%)
#Configuration.check: entity: ptolemy.actor.lib.SingleEvent {.configuration.actor library.Actors.DomainSpecific.Continuous.Signal Generators.SingleEvent} 322 ms. Memory: 2810880K Free: 288751K (10%)
#Configuration.check: entity: ptolemy.domains.continuous.lib.Waveform {.configuration.actor library.Actors.DomainSpecific.Continuous.Signal Generators.Waveform} 323 ms. Memory: 2810880K Free: 288256K (10%)
#Configuration.check: entity: ptolemy.domains.continuous.lib.LevelCrossingDetector {.configuration.actor library.Actors.DomainSpecific.Continuous.Continuous to Discrete.LevelCrossingDetector} 324 ms. Memory: 2810880K Free: 287727K (10%)
#Configuration.check: entity: ptolemy.domains.continuous.lib.PeriodicSampler {.configuration.actor library.Actors.DomainSpecific.Continuous.Continuous to Discrete.PeriodicSampler} 325 ms. Memory: 2810880K Free: 287232K (10%)
#Configuration.check: entity: ptolemy.actor.lib.Sampler {.configuration.actor library.Actors.DomainSpecific.Continuous.Continuous to Discrete.Sampler} 325 ms. Memory: 2810880K Free: 287232K (10%)
#Configuration.check: entity: ptolemy.domains.continuous.lib.ZeroOrderHold {.configuration.actor library.Actors.DomainSpecific.Continuous.Discrete to Continuous.ZeroOrderHold} 325 ms. Memory: 2810880K Free: 287232K (10%)
#Configuration.check: entity: ptolemy.actor.lib.Scale {.configuration.actor library.Actors.DomainSpecific.Continuous.Dynamics.DCMotor.Scale} 326 ms. Memory: 2810880K Free: 287232K (10%)
#Configuration.check: entity: ptolemy.actor.lib.AddSubtract {.configuration.actor library.Actors.DomainSpecific.Continuous.Dynamics.DCMotor.AddSubtract} 326 ms. Memory: 2810880K Free: 286687K (10%)
#Configuration.check: entity: ptolemy.actor.lib.Scale {.configuration.actor library.Actors.DomainSpecific.Continuous.Dynamics.DCMotor.Scale2} 326 ms. Memory: 2810880K Free: 286687K (10%)
#Configuration.check: entity: ptolemy.actor.lib.AddSubtract {.configuration.actor library.Actors.DomainSpecific.Continuous.Dynamics.DCMotor.AddSubtract2} 327 ms. Memory: 2810880K Free: 286687K (10%)
#Configuration.check: entity: ptolemy.domains.continuous.lib.Integrator {.configuration.actor library.Actors.DomainSpecific.Continuous.Dynamics.DCMotor.Integrator} 327 ms. Memory: 2810880K Free: 286208K (10%)
#Configuration.check: entity: ptolemy.actor.lib.Scale {.configuration.actor library.Actors.DomainSpecific.Continuous.Dynamics.DCMotor.Scale3} 327 ms. Memory: 2810880K Free: 286208K (10%)
#Configuration.check: entity: ptolemy.actor.lib.Scale {.configuration.actor library.Actors.DomainSpecific.Continuous.Dynamics.DCMotor.Scale4} 328 ms. Memory: 2810880K Free: 286208K (10%)
#Configuration.check: entity: ptolemy.actor.lib.Scale {.configuration.actor library.Actors.DomainSpecific.Continuous.Dynamics.DCMotor.Scale5} 328 ms. Memory: 2810880K Free: 285694K (10%)
#Configuration.check: entity: ptolemy.domains.continuous.lib.Integrator {.configuration.actor library.Actors.DomainSpecific.Continuous.Dynamics.DCMotor.Integrator2} 329 ms. Memory: 2810880K Free: 285694K (10%)
#Configuration.check: entity: ptolemy.actor.lib.Default {.configuration.actor library.Actors.DomainSpecific.Continuous.Dynamics.DCMotor.Default} 329 ms. Memory: 2810880K Free: 285184K (10%)
#Configuration.check: entity: ptolemy.actor.lib.Const {.configuration.actor library.Actors.DomainSpecific.Continuous.Dynamics.DCMotor.Const} 330 ms. Memory: 2810880K Free: 285182K (10%)
#Configuration.check: entity: ptolemy.domains.continuous.lib.Derivative {.configuration.actor library.Actors.DomainSpecific.Continuous.Dynamics.Derivative} 331 ms. Memory: 2810880K Free: 284670K (10%)
#Configuration.check: entity: ptolemy.domains.continuous.lib.Integrator {.configuration.actor library.Actors.DomainSpecific.Continuous.Dynamics.Integrator} 331 ms. Memory: 2810880K Free: 284670K (10%)
#Configuration.check: entity: ptolemy.domains.continuous.lib.BandlimitedNoise {.configuration.actor library.Actors.DomainSpecific.Continuous.Random.BandlimitedNoise} 331 ms. Memory: 2810880K Free: 284670K (10%)
#Configuration.check: entity: ptolemy.domains.continuous.lib.Noise {.configuration.actor library.Actors.DomainSpecific.Continuous.Random.Noise} 334 ms. Memory: 2810880K Free: 283646K (10%)
#Configuration.check: entity: ptolemy.actor.lib.MicrostepDelay {.configuration.actor library.Actors.DomainSpecific.Continuous.Miscellaneous.MicrostepDelay} 336 ms. Memory: 2810880K Free: 282622K (10%)
#Configuration.check: entity: ptolemy.actor.lib.ResettableTimer {.configuration.actor library.Actors.DomainSpecific.Continuous.Miscellaneous.ResettableTimer} 336 ms. Memory: 2810880K Free: 282622K (10%)
#Configuration.check: entity: ptolemy.domains.continuous.lib.ContinuousMerge {.configuration.actor library.Actors.DomainSpecific.Continuous.Miscellaneous.ContinuousMerge} 337 ms. Memory: 2810880K Free: 282112K (10%)
#Configuration.check: entity: ptolemy.domains.ddf.lib.DDFSingleTokenCommutator {.configuration.actor library.Actors.DomainSpecific.DynamicDataFlow.DDFSingleTokenCommutator} 337 ms. Memory: 2810880K Free: 282112K (10%)
#Configuration.check: entity: ptolemy.actor.lib.CurrentDate {.configuration.actor library.Actors.DomainSpecific.DiscreteEvent.Date.CurrentDate} 337 ms. Memory: 2810880K Free: 282112K (10%)
#Configuration.check: entity: ptolemy.actor.lib.DateElements {.configuration.actor library.Actors.DomainSpecific.DiscreteEvent.Date.DateElements} 339 ms. Memory: 2810880K Free: 281088K (10%)
#Configuration.check: entity: ptolemy.actor.lib.DateConstructor {.configuration.actor library.Actors.DomainSpecific.DiscreteEvent.Date.DateConstructor} 341 ms. Memory: 2810880K Free: 280574K (10%)
#Configuration.check: entity: ptolemy.domains.de.lib.DateToEvent {.configuration.actor library.Actors.DomainSpecific.DiscreteEvent.Date.DateToEvent} 344 ms. Memory: 2810880K Free: 279040K (10%)
#Configuration.check: entity: ptolemy.domains.de.lib.DateToModelTime {.configuration.actor library.Actors.DomainSpecific.DiscreteEvent.Date.DateToModelTime} 346 ms. Memory: 2810880K Free: 278520K (10%)
#Configuration.check: entity: ptolemy.domains.de.lib.EventToDate {.configuration.actor library.Actors.DomainSpecific.DiscreteEvent.Date.EventToDate} 348 ms. Memory: 2810880K Free: 277502K (10%)
#Configuration.check: entity: ptolemy.actor.lib.ModifyDate {.configuration.actor library.Actors.DomainSpecific.DiscreteEvent.Date.ModifyDate} 351 ms. Memory: 2810880K Free: 276478K (10%)
#Configuration.check: entity: ptolemy.actor.lib.conversions.StringToDate {.configuration.actor library.Actors.DomainSpecific.DiscreteEvent.Date.StringToDate} 353 ms. Memory: 2810880K Free: 275454K (10%)
#Configuration.check: entity: ptolemy.domains.de.lib.AverageOverTime {.configuration.actor library.Actors.DomainSpecific.DiscreteEvent.AverageOverTime} 353 ms. Memory: 2810880K Free: 275454K (10%)
#Configuration.check: entity: ptolemy.domains.de.lib.Derivative {.configuration.actor library.Actors.DomainSpecific.DiscreteEvent.Derivative} 353 ms. Memory: 2810880K Free: 275454K (10%)
#Configuration.check: entity: ptolemy.actor.lib.gui.EventButton {.configuration.actor library.Actors.DomainSpecific.DiscreteEvent.EventButton} 354 ms. Memory: 2810880K Free: 275454K (10%)
#Configuration.check: entity: ptolemy.domains.de.lib.EventFilter {.configuration.actor library.Actors.DomainSpecific.DiscreteEvent.EventFilter} 355 ms. Memory: 2810880K Free: 274944K (10%)
#Configuration.check: entity: ptolemy.domains.de.lib.Inhibit {.configuration.actor library.Actors.DomainSpecific.DiscreteEvent.Inhibit} 355 ms. Memory: 2810880K Free: 274944K (10%)
#Configuration.check: entity: ptolemy.domains.de.lib.Integrator {.configuration.actor library.Actors.DomainSpecific.DiscreteEvent.Integrator} 355 ms. Memory: 2810880K Free: 274944K (10%)
#Configuration.check: entity: ptolemy.domains.de.lib.Merge {.configuration.actor library.Actors.DomainSpecific.DiscreteEvent.Merge} 356 ms. Memory: 2810880K Free: 274430K (10%)
#Configuration.check: entity: ptolemy.actor.lib.MicrostepDelay {.configuration.actor library.Actors.DomainSpecific.DiscreteEvent.MicrostepDelay} 356 ms. Memory: 2810880K Free: 274430K (10%)
#Configuration.check: entity: ptolemy.domains.de.lib.MostRecent {.configuration.actor library.Actors.DomainSpecific.DiscreteEvent.MostRecent} 356 ms. Memory: 2810880K Free: 274430K (10%)
#Configuration.check: entity: ptolemy.domains.de.lib.PID {.configuration.actor library.Actors.DomainSpecific.DiscreteEvent.PID} 356 ms. Memory: 2810880K Free: 274430K (10%)
#Configuration.check: entity: ptolemy.domains.de.lib.Previous {.configuration.actor library.Actors.DomainSpecific.DiscreteEvent.Previous} 357 ms. Memory: 2810880K Free: 273920K (10%)
#Configuration.check: entity: ptolemy.domains.de.lib.Queue {.configuration.actor library.Actors.DomainSpecific.DiscreteEvent.Queue} 357 ms. Memory: 2810880K Free: 273920K (10%)
#Configuration.check: entity: ptolemy.domains.de.lib.Register {.configuration.actor library.Actors.DomainSpecific.DiscreteEvent.Register} 358 ms. Memory: 2810880K Free: 273406K (10%)
#Configuration.check: entity: ptolemy.actor.lib.ResettableTimer {.configuration.actor library.Actors.DomainSpecific.DiscreteEvent.ResettableTimer} 358 ms. Memory: 2810880K Free: 273406K (10%)
#Configuration.check: entity: ptolemy.domains.de.lib.Server {.configuration.actor library.Actors.DomainSpecific.DiscreteEvent.Server} 359 ms. Memory: 2810880K Free: 272896K (10%)
#Configuration.check: entity: ptolemy.domains.de.lib.SharedQueue {.configuration.actor library.Actors.DomainSpecific.DiscreteEvent.SharedQueue} 361 ms. Memory: 2810880K Free: 272382K (10%)
#Configuration.check: entity: ptolemy.actor.lib.SingleEvent {.configuration.actor library.Actors.DomainSpecific.DiscreteEvent.SingleEvent} 362 ms. Memory: 2810880K Free: 271872K (10%)
#Configuration.check: entity: ptolemy.domains.de.lib.TimeCompare {.configuration.actor library.Actors.DomainSpecific.DiscreteEvent.TimeCompare} 363 ms. Memory: 2810880K Free: 271872K (10%)
#Configuration.check: entity: ptolemy.actor.lib.TimeDelay {.configuration.actor library.Actors.DomainSpecific.DiscreteEvent.TimeDelay} 363 ms. Memory: 2810880K Free: 271358K (10%)
#Configuration.check: entity: ptolemy.domains.de.lib.TimeGap {.configuration.actor library.Actors.DomainSpecific.DiscreteEvent.TimeGap} 364 ms. Memory: 2810880K Free: 271358K (10%)
#Configuration.check: entity: ptolemy.domains.de.lib.WaitingTime {.configuration.actor library.Actors.DomainSpecific.DiscreteEvent.WaitingTime} 365 ms. Memory: 2810880K Free: 270848K (10%)
#Configuration.check: entity: ptolemy.actor.lib.OrderedMerge {.configuration.actor library.Actors.DomainSpecific.ProcessNetworks.OrderedMerge} 367 ms. Memory: 2810880K Free: 270334K (10%)
#Configuration.check: entity: ptolemy.actor.lib.Sequencer {.configuration.actor library.Actors.DomainSpecific.ProcessNetworks.Sequencer} 367 ms. Memory: 2810880K Free: 270334K (10%)
#Configuration.check: entity: ptolemy.domains.pn.lib.Starver {.configuration.actor library.Actors.DomainSpecific.ProcessNetworks.Starver} 368 ms. Memory: 2810880K Free: 269824K (10%)
#Configuration.check: entity: ptolemy.actor.lib.Stop {.configuration.actor library.Actors.DomainSpecific.ProcessNetworks.Stop} 369 ms. Memory: 2810880K Free: 269304K (10%)
#Configuration.check: entity: ptolemy.actor.lib.Synchronizer {.configuration.actor library.Actors.DomainSpecific.ProcessNetworks.Synchronizer} 369 ms. Memory: 2810880K Free: 269304K (10%)
#Configuration.check: entity: ptolemy.domains.rendezvous.lib.Barrier {.configuration.actor library.Actors.DomainSpecific.Rendezvous.Barrier} 369 ms. Memory: 2810880K Free: 269304K (10%)
#Configuration.check: entity: ptolemy.domains.rendezvous.lib.Buffer {.configuration.actor library.Actors.DomainSpecific.Rendezvous.Buffer} 371 ms. Memory: 2810880K Free: 268800K (10%)
#Configuration.check: entity: ptolemy.domains.rendezvous.lib.Merge {.configuration.actor library.Actors.DomainSpecific.Rendezvous.Merge} 371 ms. Memory: 2810880K Free: 268286K (10%)
#Configuration.check: entity: ptolemy.domains.rendezvous.lib.ResourcePool {.configuration.actor library.Actors.DomainSpecific.Rendezvous.ResourcePool} 371 ms. Memory: 2810880K Free: 268286K (10%)
#Configuration.check: entity: ptolemy.domains.sr.lib.Absent {.configuration.actor library.Actors.DomainSpecific.SynchronousReactive.Absent} 372 ms. Memory: 2810880K Free: 267776K (10%)
#Configuration.check: entity: ptolemy.domains.sr.lib.Current {.configuration.actor library.Actors.DomainSpecific.SynchronousReactive.Current} 372 ms. Memory: 2810880K Free: 267776K (10%)
#Configuration.check: entity: ptolemy.actor.lib.Default {.configuration.actor library.Actors.DomainSpecific.SynchronousReactive.Default} 373 ms. Memory: 2810880K Free: 267776K (10%)
#Configuration.check: entity: ptolemy.domains.sr.lib.InstantaneousDialogGenerator {.configuration.actor library.Actors.DomainSpecific.SynchronousReactive.InstantaneousDialogGenerator} 374 ms. Memory: 2810880K Free: 267262K (10%)
#Configuration.check: entity: ptolemy.actor.lib.logic.IsPresent {.configuration.actor library.Actors.DomainSpecific.SynchronousReactive.IsPresent} 374 ms. Memory: 2810880K Free: 267262K (10%)
#Configuration.check: entity: ptolemy.domains.sr.lib.NonStrictDelay {.configuration.actor library.Actors.DomainSpecific.SynchronousReactive.NonStrictDelay} 374 ms. Memory: 2810880K Free: 267262K (10%)
#Configuration.check: entity: ptolemy.domains.sr.lib.gui.NonStrictDisplay {.configuration.actor library.Actors.DomainSpecific.SynchronousReactive.NonStrictDisplay} 374 ms. Memory: 2810880K Free: 267262K (10%)
#Configuration.check: entity: ptolemy.domains.sr.lib.BinaryNonStrictLogicGate {.configuration.actor library.Actors.DomainSpecific.SynchronousReactive.BinaryNonStrictLogicGate} 397 ms. Memory: 2810880K Free: 267262K (10%)
#Configuration.check: entity: ptolemy.domains.sr.lib.NonStrictLogicGate {.configuration.actor library.Actors.DomainSpecific.SynchronousReactive.NonStrictLogicGate} 399 ms. Memory: 2810880K Free: 266232K (9%)
#Configuration.check: entity: ptolemy.domains.sr.lib.NonStrictAndGate {.configuration.actor library.Actors.DomainSpecific.SynchronousReactive.NonStrictAndGate} 411 ms. Memory: 2810880K Free: 265728K (9%)
#Configuration.check: entity: ptolemy.domains.sr.lib.NonStrictOrGate {.configuration.actor library.Actors.DomainSpecific.SynchronousReactive.NonStrictOrGate} 413 ms. Memory: 2810880K Free: 264704K (9%)
#Configuration.check: entity: ptolemy.domains.sr.lib.NonStrictXorGate {.configuration.actor library.Actors.DomainSpecific.SynchronousReactive.NonStrictXorGate} 428 ms. Memory: 2810880K Free: 264190K (9%)
#Configuration.check: entity: ptolemy.domains.sr.lib.NonStrictThreeBitAdder {.configuration.actor library.Actors.DomainSpecific.SynchronousReactive.NonStrictThreeBitAdder} 429 ms. Memory: 2810880K Free: 263680K (9%)
#Configuration.check: entity: ptolemy.domains.sr.lib.Pre {.configuration.actor library.Actors.DomainSpecific.SynchronousReactive.Pre} 430 ms. Memory: 2810880K Free: 263680K (9%)
#Configuration.check: entity: ptolemy.domains.sr.lib.SingleTokenDistributor {.configuration.actor library.Actors.DomainSpecific.SynchronousReactive.SingleTokenDistributor} 430 ms. Memory: 2810880K Free: 263160K (9%)
#Configuration.check: entity: ptolemy.domains.sr.lib.When {.configuration.actor library.Actors.DomainSpecific.SynchronousReactive.When} 430 ms. Memory: 2810880K Free: 263160K (9%)
#Configuration.check: entity: ptolemy.actor.lib.logic.TrueGate {.configuration.actor library.Actors.DomainSpecific.SynchronousReactive.TrueGate} 431 ms. Memory: 2810880K Free: 263160K (9%)
#Configuration.check: entity: org.terraswarm.accessor.JSAccessor {.configuration.actor library.MoreLibraries.Accessors.adapters.Adapter} 431 ms. Memory: 2810880K Free: 263160K (9%)
#Configuration.check: entity: org.terraswarm.accessor.JSAccessor {.configuration.actor library.MoreLibraries.Accessors.adapters.CelsiusToFahrenheit} 1357 ms. Memory: 2810880K Free: 267024K (9%)
#Configuration.check: entity: org.terraswarm.accessor.JSAccessor {.configuration.actor library.MoreLibraries.Accessors.adapters.Identity} 2318 ms. Memory: 2831360K Free: 287875K (10%)
#Configuration.check: entity: org.terraswarm.accessor.JSAccessor {.configuration.actor library.MoreLibraries.Accessors.adapters.KelvinToFahrenheit} 3319 ms. Memory: 2831360K Free: 284189K (10%)
#Configuration.check: entity: org.terraswarm.accessor.JSAccessor {.configuration.actor library.MoreLibraries.Accessors.audio.AudioCapture} 4162 ms. Memory: 2831360K Free: 277650K (10%)
#Configuration.check: entity: org.terraswarm.accessor.JSAccessor {.configuration.actor library.MoreLibraries.Accessors.audio.AudioPlayer} 5081 ms. Memory: 2831360K Free: 380669K (13%)
#Configuration.check: entity: org.terraswarm.accessor.JSAccessor {.configuration.actor library.MoreLibraries.Accessors.audio.ClipPlayer} 5868 ms. Memory: 2831360K Free: 364544K (13%)
#Configuration.check: entity: org.terraswarm.accessor.JSAccessor {.configuration.actor library.MoreLibraries.Accessors.cameras.Camera} 6606 ms. Memory: 2831360K Free: 354304K (13%)
#Configuration.check: entity: org.terraswarm.accessor.JSAccessor {.configuration.actor library.MoreLibraries.Accessors.cameras.Foscam} 7676 ms. Memory: 2831360K Free: 336896K (12%)
#Configuration.check: entity: org.terraswarm.accessor.JSAccessor {.configuration.actor library.MoreLibraries.Accessors.dashboard.GraphComponent} 8901 ms. Memory: 2831360K Free: 310280K (11%)
#Configuration.check: entity: org.terraswarm.accessor.JSAccessor {.configuration.actor library.MoreLibraries.Accessors.dashboard.OdometerComponent} 10006 ms. Memory: 2831360K Free: 303113K (11%)
#Configuration.check: entity: org.terraswarm.accessor.JSAccessor {.configuration.actor library.MoreLibraries.Accessors.dashboard.ParkingComponent} 11080 ms. Memory: 2831360K Free: 296526K (10%)
#Configuration.check: entity: org.terraswarm.accessor.JSAccessor {.configuration.actor library.MoreLibraries.Accessors.dashboard.RestaurantComponent} 12164 ms. Memory: 2831360K Free: 287857K (10%)
#Configuration.check: entity: org.terraswarm.accessor.JSAccessor {.configuration.actor library.MoreLibraries.Accessors.dashboard.RoutingWebSocketServer} 13405 ms. Memory: 2831360K Free: 287776K (10%)
#Configuration.check: entity: org.terraswarm.accessor.JSAccessor {.configuration.actor library.MoreLibraries.Accessors.dashboard.SpeedometerComponent} 14708 ms. Memory: 2831360K Free: 383488K (14%)
#Configuration.check: entity: org.terraswarm.accessor.JSAccessor {.configuration.actor library.MoreLibraries.Accessors.dashboard.UIComponent} 15850 ms. Memory: 2831360K Free: 375355K (13%)
#Configuration.check: entity: org.terraswarm.accessor.JSAccessor {.configuration.actor library.MoreLibraries.Accessors.dashboard.VideoComponent} 16788 ms. Memory: 2831360K Free: 248893K (9%)
#Configuration.check: entity: org.terraswarm.accessor.JSAccessor {.configuration.actor library.MoreLibraries.Accessors.devices.AdsB} 17742 ms. Memory: 2831360K Free: 440373K (16%)
#Configuration.check: entity: org.terraswarm.accessor.JSAccessor {.configuration.actor library.MoreLibraries.Accessors.devices.Hue} 18706 ms. Memory: 2831360K Free: 415744K (15%)
#Configuration.check: entity: org.terraswarm.accessor.JSAccessor {.configuration.actor library.MoreLibraries.Accessors.devices.Moto360SensorListener} 19493 ms. Memory: 2831360K Free: 404480K (14%)
#Configuration.check: entity: org.terraswarm.accessor.JSAccessor {.configuration.actor library.MoreLibraries.Accessors.devices.DrDose} 20326 ms. Memory: 2831360K Free: 380416K (13%)
#Configuration.check: entity: org.terraswarm.accessor.JSAccessor {.configuration.actor library.MoreLibraries.Accessors.devices.PhSensor} 21197 ms. Memory: 2831360K Free: 349184K (12%)
#Configuration.check: entity: org.terraswarm.accessor.JSAccessor {.configuration.actor library.MoreLibraries.Accessors.devices.EcSensor} 22247 ms. Memory: 2831360K Free: 318464K (11%)
#Configuration.check: entity: org.terraswarm.accessor.JSAccessor {.configuration.actor library.MoreLibraries.Accessors.devices.Lifx} 23097 ms. Memory: 2831360K Free: 288275K (10%)
#Configuration.check: entity: org.terraswarm.accessor.JSAccessor {.configuration.actor library.MoreLibraries.Accessors.image.AprilTags} 23953 ms. Memory: 2831360K Free: 391678K (14%)
#Configuration.check: entity: org.terraswarm.accessor.JSAccessor {.configuration.actor library.MoreLibraries.Accessors.image.CharacterRecognition} 24688 ms. Memory: 2831360K Free: 384554K (14%)
#CharacterRecognition: The tesseract module was not present.  The CharacterRecognition accessor is not supported on this accessor host. (Thread[main,5,main])
Configuration.check: entity: org.terraswarm.accessor.JSAccessor {.configuration.actor library.MoreLibraries.Accessors.image.ComputerVision} 25403 ms. Memory: 2831360K Free: 382490K (14%)
#Configuration.check: entity: org.terraswarm.accessor.JSAccessor {.configuration.actor library.MoreLibraries.Accessors.image.FaceDetector} 26200 ms. Memory: 2831360K Free: 368765K (13%)
#Configuration.check: entity: org.terraswarm.accessor.JSAccessor {.configuration.actor library.MoreLibraries.Accessors.image.ImageAnnotate} 27071 ms. Memory: 2831360K Free: 356968K (13%)
#Configuration.check: entity: org.terraswarm.accessor.JSAccessor {.configuration.actor library.MoreLibraries.Accessors.image.ImageDisplay} 27825 ms. Memory: 2831360K Free: 349770K (12%)
#Configuration.check: entity: org.terraswarm.accessor.JSAccessor {.configuration.actor library.MoreLibraries.Accessors.image.ImageFilter} 28600 ms. Memory: 2831360K Free: 339525K (12%)
#Configuration.check: entity: org.terraswarm.accessor.JSAccessor {.configuration.actor library.MoreLibraries.Accessors.image.MotionDetector} 29379 ms. Memory: 2831360K Free: 332933K (12%)
#Configuration.check: entity: org.terraswarm.accessor.JSAccessor {.configuration.actor library.MoreLibraries.Accessors.net.Discovery} 30229 ms. Memory: 2831360K Free: 325774K (12%)
#Configuration.check: entity: org.terraswarm.accessor.JSAccessor {.configuration.actor library.MoreLibraries.Accessors.net.IPAddress} 31424 ms. Memory: 2831360K Free: 317062K (11%)
#Configuration.check: entity: org.terraswarm.accessor.JSAccessor {.configuration.actor library.MoreLibraries.Accessors.net.KeyValueStore} 32550 ms. Memory: 2831360K Free: 310913K (11%)
#Configuration.check: entity: org.terraswarm.accessor.JSAccessor {.configuration.actor library.MoreLibraries.Accessors.net.MQTTPublisher} 33693 ms. Memory: 2831360K Free: 296575K (10%)
#Configuration.check: entity: org.terraswarm.accessor.JSAccessor {.configuration.actor library.MoreLibraries.Accessors.net.MQTTSubscriber} 34930 ms. Memory: 2831360K Free: 286208K (10%)
#Configuration.check: entity: org.terraswarm.accessor.JSAccessor {.configuration.actor library.MoreLibraries.Accessors.net.REST} 36256 ms. Memory: 2831360K Free: 273918K (10%)
#Configuration.check: entity: org.terraswarm.accessor.JSAccessor {.configuration.actor library.MoreLibraries.Accessors.net.SecureCommClient} 37343 ms. Memory: 2831360K Free: 255105K (9%)
#Configuration.check: entity: org.terraswarm.accessor.JSAccessor {.configuration.actor library.MoreLibraries.Accessors.net.SecureCommServer} 38687 ms. Memory: 2831360K Free: 215702K (8%)
#Configuration.check: entity: org.terraswarm.accessor.JSAccessor {.configuration.actor library.MoreLibraries.Accessors.net.SecurePublisher} 39893 ms. Memory: 2831360K Free: 306309K (11%)
#Configuration.check: entity: org.terraswarm.accessor.JSAccessor {.configuration.actor library.MoreLibraries.Accessors.net.SecureSubscriber} 40837 ms. Memory: 2831360K Free: 273509K (10%)
#Configuration.check: entity: org.terraswarm.accessor.JSAccessor {.configuration.actor library.MoreLibraries.Accessors.net.SerialPort} 41850 ms. Memory: 2831360K Free: 302590K (11%)
#Configuration.check: entity: org.terraswarm.accessor.JSAccessor {.configuration.actor library.MoreLibraries.Accessors.net.TCPSocketClient} 42766 ms. Memory: 2831360K Free: 299008K (11%)
#Configuration.check: entity: org.terraswarm.accessor.JSAccessor {.configuration.actor library.MoreLibraries.Accessors.net.TCPSocketServer} 43562 ms. Memory: 2831360K Free: 278014K (10%)
#Configuration.check: entity: org.terraswarm.accessor.JSAccessor {.configuration.actor library.MoreLibraries.Accessors.net.UDPSocketListener} 44333 ms. Memory: 2831360K Free: 258560K (9%)
#Configuration.check: entity: org.terraswarm.accessor.JSAccessor {.configuration.actor library.MoreLibraries.Accessors.net.UDPSocketSender} 45081 ms. Memory: 2831360K Free: 240126K (8%)
#Configuration.check: entity: org.terraswarm.accessor.JSAccessor {.configuration.actor library.MoreLibraries.Accessors.net.VertxPublish} 45837 ms. Memory: 2831360K Free: 222208K (8%)
#Configuration.check: entity: org.terraswarm.accessor.JSAccessor {.configuration.actor library.MoreLibraries.Accessors.net.VertxSubscribe} 46632 ms. Memory: 2831360K Free: 335351K (12%)
#Configuration.check: entity: org.terraswarm.accessor.JSAccessor {.configuration.actor library.MoreLibraries.Accessors.net.WebServer} 47834 ms. Memory: 2831360K Free: 323638K (11%)
#Configuration.check: entity: org.terraswarm.accessor.JSAccessor {.configuration.actor library.MoreLibraries.Accessors.net.WebSocketClient} 48976 ms. Memory: 2831360K Free: 309248K (11%)
#Configuration.check: entity: org.terraswarm.accessor.JSAccessor {.configuration.actor library.MoreLibraries.Accessors.net.WebSocketServer} 50137 ms. Memory: 2831360K Free: 287742K (10%)
#Configuration.check: entity: org.terraswarm.accessor.JSAccessor {.configuration.actor library.MoreLibraries.Accessors.net.XBee} 51467 ms. Memory: 2831360K Free: 265207K (9%)
#Configuration.check: entity: org.terraswarm.accessor.JSAccessor {.configuration.actor library.MoreLibraries.Accessors.robotics.RosNavigationPose} 52833 ms. Memory: 2831360K Free: 248830K (9%)
#Configuration.check: entity: org.terraswarm.accessor.JSAccessor {.configuration.actor library.MoreLibraries.Accessors.robotics.RosPublisher} 54127 ms. Memory: 2831360K Free: 208952K (7%)
#Configuration.check: entity: org.terraswarm.accessor.JSAccessor {.configuration.actor library.MoreLibraries.Accessors.robotics.RosSubscriber} 55285 ms. Memory: 2831360K Free: 181293K (6%)
#Configuration.check: entity: org.terraswarm.accessor.JSAccessor {.configuration.actor library.MoreLibraries.Accessors.robotics.LocationRosPublisher} 56451 ms. Memory: 2831360K Free: 277058K (10%)
#Configuration.check: entity: org.terraswarm.accessor.JSAccessor {.configuration.actor library.MoreLibraries.Accessors.robotics.Scarab} 57377 ms. Memory: 2831360K Free: 249402K (9%)
#Configuration.check: entity: org.terraswarm.accessor.JSAccessor {.configuration.actor library.MoreLibraries.Accessors.robotics.DroneLocation} 58267 ms. Memory: 2831360K Free: 278527K (10%)
#Configuration.check: entity: org.terraswarm.accessor.JSAccessor {.configuration.actor library.MoreLibraries.Accessors.robotics.Global2LatLonAlt} 59274 ms. Memory: 2831360K Free: 238078K (8%)
#Configuration.check: entity: org.terraswarm.accessor.JSAccessor {.configuration.actor library.MoreLibraries.Accessors.geodesy.Lla2Ecef} 59903 ms. Memory: 2831360K Free: 241150K (9%)
#Configuration.check: entity: org.terraswarm.accessor.JSAccessor {.configuration.actor library.MoreLibraries.Accessors.geodesy.LlaDist} 60730 ms. Memory: 2831360K Free: 243710K (9%)
#Configuration.check: entity: org.terraswarm.accessor.JSAccessor {.configuration.actor library.MoreLibraries.Accessors.geodesy.EuclideanDist} 61867 ms. Memory: 2831360K Free: 225790K (8%)
#Configuration.check: entity: org.terraswarm.accessor.JSAccessor {.configuration.actor library.MoreLibraries.Accessors.services.FINDLocation} 62858 ms. Memory: 2831360K Free: 227387K (8%)
#Configuration.check: entity: org.terraswarm.accessor.JSAccessor {.configuration.actor library.MoreLibraries.Accessors.services.FINDTracker} 64307 ms. Memory: 2831360K Free: 196575K (7%)
#Configuration.check: entity: org.terraswarm.accessor.JSAccessor {.configuration.actor library.MoreLibraries.Accessors.services.GeoCoder} 65726 ms. Memory: 2831360K Free: 165436K (6%)
#Configuration.check: entity: org.terraswarm.accessor.JSAccessor {.configuration.actor library.MoreLibraries.Accessors.services.GeoLocation} 67226 ms. Memory: 2831360K Free: 253950K (9%)
#Configuration.check: entity: org.terraswarm.accessor.JSAccessor {.configuration.actor library.MoreLibraries.Accessors.services.Heartbeat} 68317 ms. Memory: 2831360K Free: 240712K (9%)
#Configuration.check: entity: org.terraswarm.accessor.JSAccessor {.configuration.actor library.MoreLibraries.Accessors.services.HostCompatibility} 69472 ms. Memory: 2831360K Free: 226814K (8%)
#Configuration.check: entity: org.terraswarm.accessor.JSAccessor {.configuration.actor library.MoreLibraries.Accessors.services.NaturalLanguage} 70670 ms. Memory: 2831360K Free: 189536K (7%)
#Configuration.check: entity: org.terraswarm.accessor.JSAccessor {.configuration.actor library.MoreLibraries.Accessors.services.RedPinLocation} 71567 ms. Memory: 2831360K Free: 154682K (5%)
#Configuration.check: entity: org.terraswarm.accessor.JSAccessor {.configuration.actor library.MoreLibraries.Accessors.services.ReverseGeoCoder} 72608 ms. Memory: 2831360K Free: 173593K (6%)
#Configuration.check: entity: org.terraswarm.accessor.JSAccessor {.configuration.actor library.MoreLibraries.Accessors.services.SemanticRepositoryUpdate} 73562 ms. Memory: 2831360K Free: 268288K (9%)
#Configuration.check: entity: org.terraswarm.accessor.JSAccessor {.configuration.actor library.MoreLibraries.Accessors.services.SemanticRepositoryQuery} 74399 ms. Memory: 2831360K Free: 234494K (8%)
#Configuration.check: entity: org.terraswarm.accessor.JSAccessor {.configuration.actor library.MoreLibraries.Accessors.services.SemanticYelpSearch} 75480 ms. Memory: 2831360K Free: 201728K (7%)
#Configuration.check: entity: org.terraswarm.accessor.JSAccessor {.configuration.actor library.MoreLibraries.Accessors.services.SpeechRecognition} 78318 ms. Memory: 2831360K Free: 148503K (5%)
#Configuration.check: entity: org.terraswarm.accessor.JSAccessor {.configuration.actor library.MoreLibraries.Accessors.services.Weather} 79554 ms. Memory: 2831360K Free: 132124K (5%)
#Configuration.check: entity: org.terraswarm.accessor.JSAccessor {.configuration.actor library.MoreLibraries.Accessors.services.WiFiScan} 81194 ms. Memory: 2831360K Free: 217611K (8%)
#Configuration.check: entity: org.terraswarm.accessor.JSAccessor {.configuration.actor library.MoreLibraries.Accessors.services.YelpSearch} 82392 ms. Memory: 2831360K Free: 208384K (7%)
#Configuration.check: entity: org.terraswarm.accessor.JSAccessor {.configuration.actor library.MoreLibraries.Accessors.signals.FFT} 83680 ms. Memory: 2831360K Free: 177685K (6%)
#Configuration.check: entity: org.terraswarm.accessor.JSAccessor {.configuration.actor library.MoreLibraries.Accessors.test.MochaTest} 84694 ms. Memory: 2831360K Free: 171875K (6%)
#Configuration.check: entity: org.terraswarm.accessor.JSAccessor {.configuration.actor library.MoreLibraries.Accessors.test.TestAccessor} 86424 ms. Memory: 2831360K Free: 187392K (7%)
#Configuration.check: entity: org.terraswarm.accessor.JSAccessor {.configuration.actor library.MoreLibraries.Accessors.test.TestAdder} 87347 ms. Memory: 2833408K Free: 232310K (8%)
#Configuration.check: entity: org.terraswarm.accessor.JSAccessor {.configuration.actor library.MoreLibraries.Accessors.test.TestBaseC} 88065 ms. Memory: 2833408K Free: 232958K (8%)
#Configuration.check: entity: org.terraswarm.accessor.JSAccessor {.configuration.actor library.MoreLibraries.Accessors.test.TestComposite} 88741 ms. Memory: 2833408K Free: 235008K (8%)
#Configuration.check: entity: org.terraswarm.accessor.JSAccessor {.configuration.actor library.MoreLibraries.Accessors.test.TestCompositeSpontaneous} 89713 ms. Memory: 2833408K Free: 219136K (8%)
#Configuration.check: entity: org.terraswarm.accessor.JSAccessor {.configuration.actor library.MoreLibraries.Accessors.test.TestDerivedAgainA} 90929 ms. Memory: 2833408K Free: 205310K (7%)
#Configuration.check: entity: org.terraswarm.accessor.JSAccessor {.configuration.actor library.MoreLibraries.Accessors.test.TestDerivedC} 92108 ms. Memory: 2833408K Free: 199190K (7%)
#Configuration.check: entity: org.terraswarm.accessor.JSAccessor {.configuration.actor library.MoreLibraries.Accessors.test.TestFunctions} 93247 ms. Memory: 2833408K Free: 194693K (7%)
#Configuration.check: entity: org.terraswarm.accessor.JSAccessor {.configuration.actor library.MoreLibraries.Accessors.test.TestGain} 94255 ms. Memory: 2833408K Free: 199680K (7%)
#Configuration.check: entity: org.terraswarm.accessor.JSAccessor {.configuration.actor library.MoreLibraries.Accessors.test.TestImplement} 95586 ms. Memory: 2833408K Free: 200222K (7%)
#Configuration.check: entity: org.terraswarm.accessor.JSAccessor {.configuration.actor library.MoreLibraries.Accessors.test.TestInheritance} 96796 ms. Memory: 2833408K Free: 193091K (7%)
#Configuration.check: entity: org.terraswarm.accessor.JSAccessor {.configuration.actor library.MoreLibraries.Accessors.test.TestRequire} 97974 ms. Memory: 2833408K Free: 185856K (7%)
#Configuration.check: entity: org.terraswarm.accessor.JSAccessor {.configuration.actor library.MoreLibraries.Accessors.test.TestSpontaneous} 99111 ms. Memory: 2833408K Free: 177662K (6%)
#Configuration.check: entity: org.terraswarm.accessor.JSAccessor {.configuration.actor library.MoreLibraries.Accessors.test.TestSpontaneousOnce} 100124 ms. Memory: 2833408K Free: 178943K (6%)
#Configuration.check: entity: org.terraswarm.accessor.JSAccessor {.configuration.actor library.MoreLibraries.Accessors.test.TrainableTest} 100863 ms. Memory: 2833408K Free: 180811K (6%)
#Configuration.check: entity: org.terraswarm.accessor.JSAccessor {.configuration.actor library.MoreLibraries.Accessors.utilities.Clock} 101795 ms. Memory: 2854912K Free: 242221K (8%)
#Configuration.check: entity: org.terraswarm.accessor.JSAccessor {.configuration.actor library.MoreLibraries.Accessors.utilities.Cron} 102529 ms. Memory: 2854912K Free: 245248K (9%)
#Configuration.check: entity: org.terraswarm.accessor.JSAccessor {.configuration.actor library.MoreLibraries.Accessors.utilities.Exec} 103306 ms. Memory: 2854912K Free: 119296K (4%)
#Configuration.check: entity: org.terraswarm.accessor.JSAccessor {.configuration.actor library.MoreLibraries.Accessors.utilities.GetAccessor} 104095 ms. Memory: 2854912K Free: 119808K (4%)
#Configuration.check: entity: org.terraswarm.accessor.JSAccessor {.configuration.actor library.MoreLibraries.Accessors.utilities.GetResource} 105380 ms. Memory: 2854912K Free: 108032K (4%)
#Configuration.check: entity: org.terraswarm.accessor.JSAccessor {.configuration.actor library.MoreLibraries.Accessors.utilities.HostName} 106537 ms. Memory: 2854912K Free: 107518K (4%)
#Configuration.check: entity: org.terraswarm.accessor.JSAccessor {.configuration.actor library.MoreLibraries.Accessors.utilities.LocalStorage} 107663 ms. Memory: 2854912K Free: 112146K (4%)
#Configuration.check: entity: org.terraswarm.accessor.JSAccessor {.configuration.actor library.MoreLibraries.Accessors.utilities.Mutable} 109013 ms. Memory: 2854912K Free: 100352K (4%)
#Configuration.check: entity: org.terraswarm.accessor.JSAccessor {.configuration.actor library.MoreLibraries.Accessors.utilities.MutableBase} 110478 ms. Memory: 2854912K Free: 97816K (3%)
#Configuration.check: entity: org.terraswarm.accessor.JSAccessor {.configuration.actor library.MoreLibraries.Accessors.utilities.Stop} 111584 ms. Memory: 2854912K Free: 99947K (4%)
#Configuration.check: entity: org.terraswarm.accessor.JSAccessor {.configuration.actor library.MoreLibraries.Accessors.utilities.TextDisplay} 112613 ms. Memory: 2854912K Free: 103564K (4%)
#Configuration.check: entity: org.terraswarm.accessor.JSAccessor {.configuration.actor library.MoreLibraries.Accessors.utilities.UserInterface} 113738 ms. Memory: 2854912K Free: 90698K (3%)
#Configuration.check: entity: ptolemy.domains.de.lib.aspect.AFDXESs {.configuration.actor library.MoreLibraries.Aspects.AFDX_ESs} 114870 ms. Memory: 2854912K Free: 75886K (3%)
#Configuration.check: entity: ptolemy.domains.de.lib.aspect.AFDXSwitch {.configuration.actor library.MoreLibraries.Aspects.AFDX_SW} 114871 ms. Memory: 2854912K Free: 75372K (3%)
#Configuration.check: entity: ptolemy.domains.de.lib.aspect.Bus {.configuration.actor library.MoreLibraries.Aspects.Bus} 114873 ms. Memory: 2854912K Free: 74348K (3%)
#Configuration.check: entity: ptolemy.domains.de.lib.aspect.BasicSwitch {.configuration.actor library.MoreLibraries.Aspects.BasicSwitch} 114874 ms. Memory: 2854912K Free: 73838K (3%)
#Configuration.check: entity: ptolemy.actor.lib.aspect.CanBus {.configuration.actor library.MoreLibraries.Aspects.CanBus} 114875 ms. Memory: 2854912K Free: 73324K (3%)
#Configuration.check: entity: ptolemy.actor.gui.CommunicationAspectMonitor {.configuration.actor library.MoreLibraries.Aspects.CommunicationAspectMonitor} 114876 ms. Memory: 2854912K Free: 72814K (3%)
#Configuration.check: entity: ptolemy.domains.de.lib.aspect.CrossbarSwitch {.configuration.actor library.MoreLibraries.Aspects.CrossbarSwitch} 114876 ms. Memory: 2854912K Free: 72300K (3%)
#Configuration.check: entity: ptolemy.actor.lib.aspect.DynamicCoreAssignmentScheduler {.configuration.actor library.MoreLibraries.Aspects.DynamicCoreAssignmentScheduler} 114878 ms. Memory: 2854912K Free: 71790K (3%)
#Configuration.check: entity: ptolemy.actor.lib.aspect.EDFScheduler {.configuration.actor library.MoreLibraries.Aspects.EDFScheduler} 114879 ms. Memory: 2854912K Free: 70766K (2%)
#Configuration.check: entity: ptolemy.actor.lib.aspect.FixedPriorityScheduler {.configuration.actor library.MoreLibraries.Aspects.FixedPriorityScheduler} 114879 ms. Memory: 2854912K Free: 70766K (2%)
#Configuration.check: entity: ptolemy.domains.de.lib.aspect.TTESwitch {.configuration.actor library.MoreLibraries.Aspects.TTESwitch} 114880 ms. Memory: 2854912K Free: 70245K (2%)
#Configuration.check: entity: lbnl.actor.lib.Simulator {.configuration.actor library.MoreLibraries.Co-Simulation.Simulator.Simulator} 114881 ms. Memory: 2854912K Free: 69742K (2%)
#Configuration.check: entity: lbnl.actor.lib.SystemCommand {.configuration.actor library.MoreLibraries.Co-Simulation.Simulator.SystemCommand} 114882 ms. Memory: 2854912K Free: 69213K (2%)
#Configuration.check: entity: org.hlacerti.lib.HlaAttributeUpdater {.configuration.actor library.MoreLibraries.Co-Simulation.HLA.HlaAttributeUpdater} 114882 ms. Memory: 2854912K Free: 69213K (2%)
#Configuration.check: entity: org.hlacerti.lib.HlaAttributeReflector {.configuration.actor library.MoreLibraries.Co-Simulation.HLA.HlaAttributeReflector} 114883 ms. Memory: 2854912K Free: 68718K (2%)
#Configuration.check: entity: ptolemy.actor.lib.database.DatabaseManager {.configuration.actor library.MoreLibraries.DatabaseActors.DatabaseManager} 114883 ms. Memory: 2854912K Free: 68204K (2%)
#Configuration.check: entity: ptolemy.actor.lib.database.DatabaseQuery {.configuration.actor library.MoreLibraries.DatabaseActors.DatabaseQuery} 114884 ms. Memory: 2854912K Free: 67694K (2%)
#Configuration.check: entity: ptolemy.actor.lib.database.DatabaseSelect {.configuration.actor library.MoreLibraries.DatabaseActors.DatabaseSelect} 114884 ms. Memory: 2854912K Free: 67694K (2%)
#Configuration.check: entity: ptolemy.actor.lib.database.DatabaseInsert {.configuration.actor library.MoreLibraries.DatabaseActors.DatabaseInsert} 114885 ms. Memory: 2854912K Free: 67165K (2%)
#Configuration.check: entity: ptolemy.actor.lib.database.SQLStatement {.configuration.actor library.MoreLibraries.DatabaseActors.SQLStatement} 114885 ms. Memory: 2854912K Free: 67165K (2%)
#Configuration.check: entity: ptolemy.actor.lib.database.ArrayOfRecordsRecorder {.configuration.actor library.MoreLibraries.DatabaseActors.ArrayOfRecordsRecorder} 114886 ms. Memory: 2854912K Free: 66670K (2%)
#Configuration.check: entity: ptolemy.actor.lib.PoissonClock {.configuration.actor library.MoreLibraries.DesignPatterns.DiscreteEvent.DESourceSink.PoissonClock} 114886 ms. Memory: 2854912K Free: 66670K (2%)
#Configuration.check: entity: ptolemy.actor.lib.Ramp {.configuration.actor library.MoreLibraries.DesignPatterns.DiscreteEvent.DESourceSink.Ramp} 114887 ms. Memory: 2854912K Free: 66156K (2%)
#Configuration.check: entity: ptolemy.actor.lib.gui.TimedPlotter {.configuration.actor library.MoreLibraries.DesignPatterns.DiscreteEvent.DESourceSink.TimedPlotter} 114887 ms. Memory: 2854912K Free: 65646K (2%)
#Configuration.check: entity: ptolemy.domains.sdf.lib.SampleDelay {.configuration.actor library.MoreLibraries.DesignPatterns.DynamicDataFlow.DDFRepeatForCount.SampleDelay} 114887 ms. Memory: 2854912K Free: 65646K (2%)
#Configuration.check: entity: ptolemy.actor.lib.Const {.configuration.actor library.MoreLibraries.DesignPatterns.DynamicDataFlow.DDFRepeatForCount.Const} 114888 ms. Memory: 2854912K Free: 65132K (2%)
#Configuration.check: entity: ptolemy.actor.lib.Ramp {.configuration.actor library.MoreLibraries.DesignPatterns.DynamicDataFlow.DDFRepeatForCount.Ramp} 114888 ms. Memory: 2854912K Free: 65132K (2%)
#Configuration.check: entity: ptolemy.actor.lib.Expression {.configuration.actor library.MoreLibraries.DesignPatterns.DynamicDataFlow.DDFRepeatForCount.Expression} 114889 ms. Memory: 2854912K Free: 64622K (2%)
#Configuration.check: entity: ptolemy.actor.lib.BooleanSwitch {.configuration.actor library.MoreLibraries.DesignPatterns.DynamicDataFlow.DDFRepeatForCount.Switch} 114889 ms. Memory: 2854912K Free: 64622K (2%)
#Configuration.check: entity: ptolemy.domains.ddf.lib.DDFBooleanSelect {.configuration.actor library.MoreLibraries.DesignPatterns.DynamicDataFlow.DDFRepeatForCount.Select} 114889 ms. Memory: 2854912K Free: 64622K (2%)
#Configuration.check: entity: ptolemy.actor.lib.Const {.configuration.actor library.MoreLibraries.DesignPatterns.DynamicDataFlow.DDFRepeatForCount.Source} 114889 ms. Memory: 2854912K Free: 64622K (2%)
#Configuration.check: entity: ptolemy.actor.lib.gui.Display {.configuration.actor library.MoreLibraries.DesignPatterns.DynamicDataFlow.DDFRepeatForCount.Sink} 114889 ms. Memory: 2854912K Free: 64622K (2%)
#Configuration.check: entity: ptolemy.actor.lib.Counter {.configuration.actor library.MoreLibraries.DesignPatterns.DynamicDataFlow.DDFRepeatForCount.RepeatedAction.Counter} 114890 ms. Memory: 2854912K Free: 64108K (2%)
#Configuration.check: entity: ptolemy.domains.rendezvous.lib.Barrier {.configuration.actor library.MoreLibraries.DesignPatterns.Rendezvous.RendezvousSynchrony.Barrier} 114890 ms. Memory: 2854912K Free: 63598K (2%)
#Configuration.check: entity: ptolemy.domains.ca.lib.gui.CAViewer {.configuration.actor library.MoreLibraries.ExperimentalDomains.CellularAutomata.CA Viewer} 114892 ms. Memory: 2854912K Free: 63084K (2%)
#Configuration.check: entity: ptolemy.domains.dde.lib.DDESink {.configuration.actor library.MoreLibraries.ExperimentalDomains.DDE.dde.DDESink} 114893 ms. Memory: 2854912K Free: 62574K (2%)
#Configuration.check: entity: ptolemy.domains.dde.lib.DoubleFork {.configuration.actor library.MoreLibraries.ExperimentalDomains.DDE.dde.DoubleFork} 114893 ms. Memory: 2854912K Free: 62574K (2%)
#Configuration.check: entity: ptolemy.domains.dde.lib.Wire {.configuration.actor library.MoreLibraries.ExperimentalDomains.DDE.dde.Wire} 114893 ms. Memory: 2854912K Free: 62574K (2%)
#Configuration.check: entity: ptolemy.domains.gr.lib.Box3D {.configuration.actor library.MoreLibraries.ExperimentalDomains.Graphics.Graphics.Box3D} 114893 ms. Memory: 2854912K Free: 62574K (2%)
#Configuration.check: entity: ptolemy.domains.gr.lib.CircularSweep3D {.configuration.actor library.MoreLibraries.ExperimentalDomains.Graphics.Graphics.CircularSweep3D} 114894 ms. Memory: 2854912K Free: 61550K (2%)
#Configuration.check: entity: ptolemy.domains.gr.lib.Cone3D {.configuration.actor library.MoreLibraries.ExperimentalDomains.Graphics.Graphics.Cone3D} 114895 ms. Memory: 2854912K Free: 60526K (2%)
#Configuration.check: entity: ptolemy.domains.gr.lib.Cylinder3D {.configuration.actor library.MoreLibraries.ExperimentalDomains.Graphics.Graphics.Cylinder3D} 114897 ms. Memory: 2854912K Free: 59502K (2%)
#Configuration.check: entity: ptolemy.domains.gr.lib.PolyCylinder3D {.configuration.actor library.MoreLibraries.ExperimentalDomains.Graphics.Graphics.PolyCylinder3D} 114932 ms. Memory: 2854912K Free: 185419K (6%)
#Configuration.check: entity: ptolemy.domains.gr.lib.Sphere3D {.configuration.actor library.MoreLibraries.ExperimentalDomains.Graphics.Graphics.Sphere3D} 114933 ms. Memory: 2854912K Free: 184371K (6%)
#Configuration.check: entity: ptolemy.domains.gr.lib.TextString3D {.configuration.actor library.MoreLibraries.ExperimentalDomains.Graphics.Graphics.TextString3D} 114935 ms. Memory: 2854912K Free: 183363K (6%)
#Configuration.check: entity: ptolemy.domains.gr.lib.Torus3D {.configuration.actor library.MoreLibraries.ExperimentalDomains.Graphics.Graphics.Torus3D} 114938 ms. Memory: 2854912K Free: 182339K (6%)
#Configuration.check: entity: ptolemy.domains.gr.lib.Rotate3D {.configuration.actor library.MoreLibraries.ExperimentalDomains.Graphics.Graphics.Rotate3D} 114938 ms. Memory: 2854912K Free: 181299K (6%)
#Configuration.check: entity: ptolemy.domains.gr.lib.Scale3D {.configuration.actor library.MoreLibraries.ExperimentalDomains.Graphics.Graphics.Scale3D} 114939 ms. Memory: 2854912K Free: 181299K (6%)
#Configuration.check: entity: ptolemy.domains.gr.lib.Translate3D {.configuration.actor library.MoreLibraries.ExperimentalDomains.Graphics.Graphics.Translate3D} 114939 ms. Memory: 2854912K Free: 181299K (6%)
#Configuration.check: entity: ptolemy.domains.gr.lib.Translate2D {.configuration.actor library.MoreLibraries.ExperimentalDomains.Graphics.Graphics.Translate2D} 114939 ms. Memory: 2854912K Free: 181299K (6%)
#Configuration.check: entity: ptolemy.domains.gr.lib.KeyInput3D {.configuration.actor library.MoreLibraries.ExperimentalDomains.Graphics.Graphics.KeyInput3D} 114939 ms. Memory: 2854912K Free: 181299K (6%)
#Configuration.check: entity: ptolemy.domains.gr.lib.MouseInput3D {.configuration.actor library.MoreLibraries.ExperimentalDomains.Graphics.Graphics.MouseInput3D} 114939 ms. Memory: 2854912K Free: 181299K (6%)
#Configuration.check: entity: ptolemy.domains.gr.lib.Rotate3D {.configuration.actor library.MoreLibraries.ExperimentalDomains.Graphics.Graphics.ThreeAxisRotator3D.Rotate3D} 114939 ms. Memory: 2854912K Free: 180820K (6%)
#Configuration.check: entity: ptolemy.domains.gr.lib.Rotate3D {.configuration.actor library.MoreLibraries.ExperimentalDomains.Graphics.Graphics.ThreeAxisRotator3D.Rotate3D2} 114939 ms. Memory: 2854912K Free: 180820K (6%)
#Configuration.check: entity: ptolemy.domains.gr.lib.Rotate3D {.configuration.actor library.MoreLibraries.ExperimentalDomains.Graphics.Graphics.ThreeAxisRotator3D.Rotate3D3} 114940 ms. Memory: 2854912K Free: 180820K (6%)
#Configuration.check: entity: ptolemy.domains.gr.lib.ViewScreen2D {.configuration.actor library.MoreLibraries.ExperimentalDomains.Graphics.Graphics.ViewScreen2D} 114940 ms. Memory: 2854912K Free: 180306K (6%)
#Configuration.check: entity: ptolemy.domains.gr.lib.ViewScreen3D {.configuration.actor library.MoreLibraries.ExperimentalDomains.Graphics.Graphics.ViewScreen3D} 114940 ms. Memory: 2854912K Free: 180306K (6%)
#Configuration.check: entity: ptolemy.domains.gr.lib.MovableViewScreen3D {.configuration.actor library.MoreLibraries.ExperimentalDomains.Graphics.Graphics.MovableViewScreen3D} 114940 ms. Memory: 2854912K Free: 180306K (6%)
#Configuration.check: entity: ptolemy.domains.petrinet.kernel.Place {.configuration.actor library.MoreLibraries.ExperimentalDomains.PetriNet.Place} 114941 ms. Memory: 2854912K Free: 179796K (6%)
#Configuration.check: entity: ptolemy.domains.pthales.lib.PthalesGenericActor {.configuration.actor library.MoreLibraries.ExperimentalDomains.Pthales.PthalesGenericActor} 114941 ms. Memory: 2854912K Free: 179796K (6%)
#Configuration.check: entity: ptolemy.domains.pthales.lib.PthalesAddHeaderActor {.configuration.actor library.MoreLibraries.ExperimentalDomains.Pthales.PthalesAddHeaderActor} 114941 ms. Memory: 2854912K Free: 179796K (6%)
#Configuration.check: entity: ptolemy.domains.pthales.lib.PthalesRemoveHeaderActor {.configuration.actor library.MoreLibraries.ExperimentalDomains.Pthales.PthalesRemoveHeaderActor} 114941 ms. Memory: 2854912K Free: 179282K (6%)
#Configuration.check: entity: ptolemy.actor.lib.Exec {.configuration.actor library.MoreLibraries.Esoteric.Exec} 114941 ms. Memory: 2854912K Free: 179282K (6%)
#Configuration.check: entity: ptolemy.caltrop.actors.CalInterpreter {.configuration.actor library.MoreLibraries.Esoteric.CalInterpreter} 114942 ms. Memory: 2854912K Free: 179282K (6%)
#Configuration.check: entity: ptolemy.actor.lib.OrderedMerge {.configuration.actor library.MoreLibraries.Esoteric.OrderedMerge} 114942 ms. Memory: 2854912K Free: 178772K (6%)
#Configuration.check: entity: ptolemy.actor.lib.RemoveNilTokens {.configuration.actor library.MoreLibraries.Esoteric.RemoveNilTokens} 114942 ms. Memory: 2854912K Free: 178772K (6%)
#Configuration.check: entity: ptolemy.actor.lib.gem5.Gem5Wrapper {.configuration.actor library.MoreLibraries.Gem5.Gem5Wrapper} 114942 ms. Memory: 2854912K Free: 178772K (6%)
#Configuration.check: entity: ptolemy.actor.gt.ModelCombine {.configuration.actor library.MoreLibraries.GraphTransformation.ModelCombine} 114943 ms. Memory: 2854912K Free: 178772K (6%)
#Configuration.check: entity: ptolemy.actor.gt.ModelExecutor {.configuration.actor library.MoreLibraries.GraphTransformation.ModelExecutor} 114943 ms. Memory: 2854912K Free: 178258K (6%)
#Configuration.check: entity: ptolemy.actor.gt.ModelGenerator {.configuration.actor library.MoreLibraries.GraphTransformation.ModelGenerator} 114943 ms. Memory: 2854912K Free: 178258K (6%)
#Configuration.check: entity: ptolemy.actor.gt.ModelView {.configuration.actor library.MoreLibraries.GraphTransformation.ModelView} 114944 ms. Memory: 2854912K Free: 177748K (6%)
#Configuration.check: entity: ptolemy.actor.gt.MoMLGenerator {.configuration.actor library.MoreLibraries.GraphTransformation.MoMLGenerator} 114946 ms. Memory: 2854912K Free: 177234K (6%)
#Configuration.check: entity: ptolemy.domains.gr.lib.Box3D {.configuration.actor library.MoreLibraries.Graphics.Graphics.Box3D} 114946 ms. Memory: 2854912K Free: 176724K (6%)
#Configuration.check: entity: ptolemy.domains.gr.lib.CircularSweep3D {.configuration.actor library.MoreLibraries.Graphics.Graphics.CircularSweep3D} 114947 ms. Memory: 2854912K Free: 175700K (6%)
#Configuration.check: entity: ptolemy.domains.gr.lib.Cone3D {.configuration.actor library.MoreLibraries.Graphics.Graphics.Cone3D} 114949 ms. Memory: 2854912K Free: 174676K (6%)
#Configuration.check: entity: ptolemy.domains.gr.lib.Cylinder3D {.configuration.actor library.MoreLibraries.Graphics.Graphics.Cylinder3D} 114950 ms. Memory: 2854912K Free: 173652K (6%)
#Configuration.check: entity: ptolemy.domains.gr.lib.PolyCylinder3D {.configuration.actor library.MoreLibraries.Graphics.Graphics.PolyCylinder3D} 114952 ms. Memory: 2854912K Free: 172114K (6%)
#Configuration.check: entity: ptolemy.domains.gr.lib.Sphere3D {.configuration.actor library.MoreLibraries.Graphics.Graphics.Sphere3D} 114953 ms. Memory: 2854912K Free: 171604K (6%)
#Configuration.check: entity: ptolemy.domains.gr.lib.TextString3D {.configuration.actor library.MoreLibraries.Graphics.Graphics.TextString3D} 114954 ms. Memory: 2854912K Free: 170580K (6%)
#Configuration.check: entity: ptolemy.domains.gr.lib.Torus3D {.configuration.actor library.MoreLibraries.Graphics.Graphics.Torus3D} 114955 ms. Memory: 2854912K Free: 169042K (6%)
#Configuration.check: entity: ptolemy.domains.gr.lib.Rotate3D {.configuration.actor library.MoreLibraries.Graphics.Graphics.Rotate3D} 114956 ms. Memory: 2854912K Free: 168532K (6%)
#Configuration.check: entity: ptolemy.domains.gr.lib.Scale3D {.configuration.actor library.MoreLibraries.Graphics.Graphics.Scale3D} 114956 ms. Memory: 2854912K Free: 168532K (6%)
#Configuration.check: entity: ptolemy.domains.gr.lib.Translate3D {.configuration.actor library.MoreLibraries.Graphics.Graphics.Translate3D} 114957 ms. Memory: 2854912K Free: 168532K (6%)
#Configuration.check: entity: ptolemy.domains.gr.lib.Translate2D {.configuration.actor library.MoreLibraries.Graphics.Graphics.Translate2D} 114957 ms. Memory: 2854912K Free: 168018K (6%)
#Configuration.check: entity: ptolemy.domains.gr.lib.KeyInput3D {.configuration.actor library.MoreLibraries.Graphics.Graphics.KeyInput3D} 114957 ms. Memory: 2854912K Free: 168018K (6%)
#Configuration.check: entity: ptolemy.domains.gr.lib.MouseInput3D {.configuration.actor library.MoreLibraries.Graphics.Graphics.MouseInput3D} 114957 ms. Memory: 2854912K Free: 168018K (6%)
#Configuration.check: entity: ptolemy.domains.gr.lib.Rotate3D {.configuration.actor library.MoreLibraries.Graphics.Graphics.ThreeAxisRotator3D.Rotate3D} 114957 ms. Memory: 2854912K Free: 168018K (6%)
#Configuration.check: entity: ptolemy.domains.gr.lib.Rotate3D {.configuration.actor library.MoreLibraries.Graphics.Graphics.ThreeAxisRotator3D.Rotate3D2} 114957 ms. Memory: 2854912K Free: 168018K (6%)
#Configuration.check: entity: ptolemy.domains.gr.lib.Rotate3D {.configuration.actor library.MoreLibraries.Graphics.Graphics.ThreeAxisRotator3D.Rotate3D3} 114957 ms. Memory: 2854912K Free: 168018K (6%)
#Configuration.check: entity: ptolemy.domains.gr.lib.ViewScreen2D {.configuration.actor library.MoreLibraries.Graphics.Graphics.ViewScreen2D} 114958 ms. Memory: 2854912K Free: 167508K (6%)
#Configuration.check: entity: ptolemy.domains.gr.lib.ViewScreen3D {.configuration.actor library.MoreLibraries.Graphics.Graphics.ViewScreen3D} 114958 ms. Memory: 2854912K Free: 167508K (6%)
#Configuration.check: entity: ptolemy.domains.gr.lib.MovableViewScreen3D {.configuration.actor library.MoreLibraries.Graphics.Graphics.MovableViewScreen3D} 114958 ms. Memory: 2854912K Free: 166994K (6%)
#Configuration.check: entity: ptolemy.actor.lib.image.ImageDisplay {.configuration.actor library.MoreLibraries.ImageProcessing.Generic.ImageDisplay} 114959 ms. Memory: 2854912K Free: 166994K (6%)
#Configuration.check: entity: ptolemy.actor.lib.image.ImageReader {.configuration.actor library.MoreLibraries.ImageProcessing.Generic.ImageReader} 114959 ms. Memory: 2854912K Free: 166484K (6%)
#Configuration.check: entity: ptolemy.actor.lib.image.ImageRotate {.configuration.actor library.MoreLibraries.ImageProcessing.Generic.ImageRotate} 114959 ms. Memory: 2854912K Free: 166484K (6%)
#Configuration.check: entity: ptolemy.actor.lib.image.ImageToString {.configuration.actor library.MoreLibraries.ImageProcessing.Generic.ImageToString} 114960 ms. Memory: 2854912K Free: 166484K (6%)
#Configuration.check: entity: ptolemy.actor.lib.image.URLToImage {.configuration.actor library.MoreLibraries.ImageProcessing.Generic.URLToImage} 114960 ms. Memory: 2854912K Free: 166484K (6%)
#Configuration.check: entity: ptolemy.domains.sdf.lib.vq.HTVQEncode {.configuration.actor library.MoreLibraries.ImageProcessing.VectorQuantization.HTVQEncode} 114960 ms. Memory: 2854912K Free: 166484K (6%)
#Configuration.check: entity: ptolemy.domains.sdf.lib.vq.ImageContrast {.configuration.actor library.MoreLibraries.ImageProcessing.VectorQuantization.ImageContrast} 114960 ms. Memory: 2854912K Free: 164947K (6%)
#Configuration.check: entity: ptolemy.domains.sdf.lib.vq.ImageDisplay {.configuration.actor library.MoreLibraries.ImageProcessing.VectorQuantization.ImageDisplay} 114960 ms. Memory: 2854912K Free: 164947K (6%)
#Configuration.check: entity: ptolemy.domains.sdf.lib.vq.ImagePartition {.configuration.actor library.MoreLibraries.ImageProcessing.VectorQuantization.ImagePartition} 114960 ms. Memory: 2854912K Free: 164691K (6%)
#Configuration.check: entity: ptolemy.domains.sdf.lib.vq.ImageSequence {.configuration.actor library.MoreLibraries.ImageProcessing.VectorQuantization.ImageSequence} 114961 ms. Memory: 2854912K Free: 164691K (6%)
#Configuration.check: entity: ptolemy.domains.sdf.lib.vq.ImageUnpartition {.configuration.actor library.MoreLibraries.ImageProcessing.VectorQuantization.ImageUnpartition} 114961 ms. Memory: 2854912K Free: 164691K (6%)
#Configuration.check: entity: ptolemy.domains.sdf.lib.vq.PSNR {.configuration.actor library.MoreLibraries.ImageProcessing.VectorQuantization.PSNR} 114961 ms. Memory: 2854912K Free: 164436K (6%)
#Configuration.check: entity: ptolemy.domains.sdf.lib.vq.VQDecode {.configuration.actor library.MoreLibraries.ImageProcessing.VectorQuantization.VQDecode} 114961 ms. Memory: 2854912K Free: 164436K (6%)
#Configuration.check: entity: ptolemy.vergil.actor.lib.LEDMatrix {.configuration.actor library.MoreLibraries.InteractiveIcons.LEDMatrix} 114961 ms. Memory: 2854912K Free: 163907K (6%)
#Configuration.check: entity: ptolemy.vergil.actor.lib.MonitorImage {.configuration.actor library.MoreLibraries.InteractiveIcons.MonitorImage} 114976 ms. Memory: 2854912K Free: 159826K (6%)
#Configuration.check: entity: ptolemy.actor.lib.conversions.json.JSONToToken {.configuration.actor library.MoreLibraries.JSON.JSONToToken} 114976 ms. Memory: 2854912K Free: 159316K (6%)
#Configuration.check: entity: ptolemy.actor.lib.conversions.json.TokenToJSON {.configuration.actor library.MoreLibraries.JSON.TokenToJSON} 114976 ms. Memory: 2854912K Free: 159316K (6%)
#Configuration.check: entity: org.ptolemy.machineLearning.clustering.KMeans {.configuration.actor library.MoreLibraries.MachineLearning.Clustering.KMeans} 114977 ms. Memory: 2854912K Free: 159316K (6%)
#Configuration.check: entity: org.ptolemy.machineLearning.hmm.HMMGaussianEstimator {.configuration.actor library.MoreLibraries.MachineLearning.HMM.HMMGaussianEstimator} 114978 ms. Memory: 2854912K Free: 158771K (6%)
#Configuration.check: entity: org.ptolemy.machineLearning.hmm.HMMExponentialEstimator {.configuration.actor library.MoreLibraries.MachineLearning.HMM.HMMExponentialEstimator} 114981 ms. Memory: 2854912K Free: 157771K (6%)
#Configuration.check: entity: org.ptolemy.machineLearning.hmm.HMMMultinomialEstimator {.configuration.actor library.MoreLibraries.MachineLearning.HMM.HMMMultinomialEstimator} 114983 ms. Memory: 2854912K Free: 156754K (5%)
#Configuration.check: entity: org.ptolemy.machineLearning.hmm.HMMGaussianClassifier {.configuration.actor library.MoreLibraries.MachineLearning.HMM.HMMGaussianClassifier} 114986 ms. Memory: 2854912K Free: 155220K (5%)
#Configuration.check: entity: org.ptolemy.machineLearning.hmm.HMMExponentialClassifier {.configuration.actor library.MoreLibraries.MachineLearning.HMM.HMMExponentialClassifier} 114989 ms. Memory: 2854912K Free: 153667K (5%)
#Configuration.check: entity: org.ptolemy.machineLearning.hmm.HMMMultinomialClassifier {.configuration.actor library.MoreLibraries.MachineLearning.HMM.HMMMultinomialClassifier} 114992 ms. Memory: 2854912K Free: 152658K (5%)
#Configuration.check: entity: org.ptolemy.machineLearning.hsmm.HSMMMultinomialEstimator {.configuration.actor library.MoreLibraries.MachineLearning.HSMM.HSMMMultinomialEstimator} 114995 ms. Memory: 2854912K Free: 151634K (5%)
#Configuration.check: entity: org.ptolemy.machineLearning.hsmm.HSMMTimeAwareMultinomialEstimator {.configuration.actor library.MoreLibraries.MachineLearning.HSMM.HSMMTimeAwareMultinomialEstimator} 114998 ms. Memory: 2854912K Free: 149586K (5%)
#Configuration.check: entity: org.ptolemy.machineLearning.hsmm.HSMMGaussianEstimator {.configuration.actor library.MoreLibraries.MachineLearning.HSMM.HSMMGaussianEstimator} 115002 ms. Memory: 2854912K Free: 147028K (5%)
#Configuration.check: entity: org.ptolemy.machineLearning.hsmm.HSMMGeneratorGaussianEmissions {.configuration.actor library.MoreLibraries.MachineLearning.HSMM.HSMMGeneratorGaussianEmissions} 115006 ms. Memory: 2854912K Free: 144980K (5%)
#Configuration.check: entity: org.ptolemy.machineLearning.hsmm.HSMMGeneratorMultinomialEmissions {.configuration.actor library.MoreLibraries.MachineLearning.HSMM.HSMMGeneratorMultinomialEmissions} 115007 ms. Memory: 2854912K Free: 143956K (5%)
#Configuration.check: entity: org.ptolemy.machineLearning.hsmm.HSMMTimeAwareGenerator {.configuration.actor library.MoreLibraries.MachineLearning.HSMM.HSMMTimeAwareGenerator} 115008 ms. Memory: 2854912K Free: 143427K (5%)
#Configuration.check: entity: org.ptolemy.ssm.GaussianMeasurementModel {.configuration.actor library.MoreLibraries.MachineLearning.StateSpaceModel.GaussianMeasurementModel} 115012 ms. Memory: 2854912K Free: 140884K (5%)
#Configuration.check: entity: org.ptolemy.ssm.Map {.configuration.actor library.MoreLibraries.MachineLearning.StateSpaceModel.Map} 115013 ms. Memory: 2854912K Free: 140370K (5%)
#Configuration.check: entity: org.ptolemy.ssm.StateSpaceModel {.configuration.actor library.MoreLibraries.MachineLearning.StateSpaceModel.StateSpaceModel} 115014 ms. Memory: 2854912K Free: 139860K (5%)
#Configuration.check: entity: ptolemy.actor.lib.mail.SendMail {.configuration.actor library.MoreLibraries.Mail.SendMail} 115015 ms. Memory: 2854912K Free: 138836K (5%)
#Configuration.check: entity: ptolemy.actor.lib.mbed.Accelerometer {.configuration.actor library.MoreLibraries.Mbed.Accelerometer} 115016 ms. Memory: 2854912K Free: 138322K (5%)
#Configuration.check: entity: ptolemy.actor.lib.mbed.CC3000Control {.configuration.actor library.MoreLibraries.Mbed.CC3000Control} 115017 ms. Memory: 2854912K Free: 137812K (5%)
#Configuration.check: entity: ptolemy.actor.lib.mbed.CC3000Module {.configuration.actor library.MoreLibraries.Mbed.CC3000Module} 115017 ms. Memory: 2854912K Free: 137812K (5%)
#Configuration.check: entity: ptolemy.actor.lib.mbed.GestureRecognition {.configuration.actor library.MoreLibraries.Mbed.GestureRecognition} 115018 ms. Memory: 2854912K Free: 137298K (5%)
#Configuration.check: entity: ptolemy.actor.lib.mbed.GPIOWriter {.configuration.actor library.MoreLibraries.Mbed.GPIOWriter} 115018 ms. Memory: 2854912K Free: 137298K (5%)
#Configuration.check: entity: ptolemy.actor.lib.mbed.HSBtoRGB {.configuration.actor library.MoreLibraries.Mbed.HSBtoRGB} 115019 ms. Memory: 2854912K Free: 137298K (5%)
#Configuration.check: entity: ptolemy.actor.lib.mbed.LEDCubeUpdate {.configuration.actor library.MoreLibraries.Mbed.LEDCubeUpdate} 115019 ms. Memory: 2854912K Free: 136788K (5%)
#Configuration.check: entity: ptolemy.actor.lib.mbed.NeoPixelLEDStrip {.configuration.actor library.MoreLibraries.Mbed.NeoPixelLEDStrip} 115020 ms. Memory: 2854912K Free: 136788K (5%)
#Configuration.check: entity: ptolemy.actor.lib.mbed.PacketToSensorData {.configuration.actor library.MoreLibraries.Mbed.PacketToSensorData} 115021 ms. Memory: 2854912K Free: 136274K (5%)
#Configuration.check: entity: ptolemy.actor.lib.mbed.SensorDataCalibration {.configuration.actor library.MoreLibraries.Mbed.SensorDataCalibration} 115021 ms. Memory: 2854912K Free: 135764K (5%)
#Configuration.check: entity: org.ptolemy.osc.OscReceiver {.configuration.actor library.MoreLibraries.OpenSoundControl.OscReceiver} 115021 ms. Memory: 2854912K Free: 135764K (5%)
#Configuration.check: entity: org.ptolemy.osc.OscSender {.configuration.actor library.MoreLibraries.OpenSoundControl.OscSender} 115022 ms. Memory: 2854912K Free: 135250K (5%)
#Configuration.check: entity: ptolemy.domains.petrinet.kernel.Place {.configuration.actor library.MoreLibraries.PetriNet.Place} 115022 ms. Memory: 2854912K Free: 134740K (5%)
#Configuration.check: entity: ptolemy.domains.ontologies.lib.UnitsConverter {.configuration.actor library.MoreLibraries.Ontologies.UnitsConverter} 115023 ms. Memory: 2854912K Free: 134740K (5%)
#Configuration.check: entity: ptolemy.actor.lib.python.PythonScript {.configuration.actor library.MoreLibraries.Python.PythonActor} 115023 ms. Memory: 2854912K Free: 134740K (5%)
#Configuration.check: entity: ptolemy.actor.lib.python.PythonScript {.configuration.actor library.MoreLibraries.Python.PythonScript} 115023 ms. Memory: 2854912K Free: 134740K (5%)
#Configuration.check: entity: ptolemy.actor.lib.Clock {.configuration.actor library.MoreLibraries.QuantizedState.PeriodicSampler.DiscreteClock} 115023 ms. Memory: 2854912K Free: 134740K (5%)
#Configuration.check: entity: ptolemy.actor.lib.Sampler {.configuration.actor library.MoreLibraries.QuantizedState.PeriodicSampler.Sampler} 115024 ms. Memory: 2854912K Free: 134195K (5%)
#Configuration.check: entity: ptolemy.domains.qss.kernel.QSSIntegrator {.configuration.actor library.MoreLibraries.QuantizedState.QSSIntegrator} 115024 ms. Memory: 2854912K Free: 134195K (5%)
#Configuration.check: entity: ptolemy.domains.qss.lib.SmoothSignal {.configuration.actor library.MoreLibraries.QuantizedState.SmoothSignal} 115024 ms. Memory: 2854912K Free: 133716K (5%)
#Configuration.check: entity: ptolemy.actor.lib.conversions.SmoothToDouble {.configuration.actor library.MoreLibraries.QuantizedState.SmoothToDouble} 115025 ms. Memory: 2854912K Free: 133202K (5%)
#Configuration.check: entity: ptolemy.domains.qss.lib.SmoothZeroCrossingDetector {.configuration.actor library.MoreLibraries.QuantizedState.SmoothZeroCrossingDetector} 115025 ms. Memory: 2854912K Free: 133202K (5%)
#Configuration.check: entity: ptolemy.actor.lib.r.RExpression {.configuration.actor library.MoreLibraries.R.RExpression} 115025 ms. Memory: 2854912K Free: 133202K (5%)
#Configuration.check: entity: ptolemy.actor.lib.r.RExpression2 {.configuration.actor library.MoreLibraries.R.RExpression2} 115025 ms. Memory: 2854912K Free: 132692K (5%)
#Configuration.check: entity: ptolemy.actor.lib.GetCausalityInterface {.configuration.actor library.MoreLibraries.RegressionTest.GetCausalityInterface} 115026 ms. Memory: 2854912K Free: 132178K (5%)
#Configuration.check: entity: ptolemy.actor.lib.CurrentMicrostep {.configuration.actor library.MoreLibraries.RegressionTest.CurrentMicrostep} 115026 ms. Memory: 2854912K Free: 132178K (5%)
#Configuration.check: entity: ptolemy.actor.lib.NonStrictTest {.configuration.actor library.MoreLibraries.RegressionTest.NonStrictTest} 115026 ms. Memory: 2854912K Free: 132178K (5%)
#Configuration.check: entity: ptolemy.actor.lib.Test {.configuration.actor library.MoreLibraries.RegressionTest.Test} 115026 ms. Memory: 2854912K Free: 131668K (5%)
#Configuration.check: entity: ptolemy.domains.de.lib.TestActorPortDepth {.configuration.actor library.MoreLibraries.RegressionTest.TestActorPortDepth} 115027 ms. Memory: 2854912K Free: 131668K (5%)
#Configuration.check: entity: ptolemy.actor.lib.TypeTest {.configuration.actor library.MoreLibraries.RegressionTest.TypeTest} 115027 ms. Memory: 2854912K Free: 131668K (5%)
#Configuration.check: entity: ptolemy.actor.lib.security.KeyWriter {.configuration.actor library.MoreLibraries.Security.KeyWriter} 115027 ms. Memory: 2854912K Free: 131154K (5%)
#Configuration.check: entity: ptolemy.actor.lib.security.PublicKeyReader {.configuration.actor library.MoreLibraries.Security.PublicKeyReader} 115027 ms. Memory: 2854912K Free: 130644K (5%)
#Configuration.check: entity: ptolemy.actor.lib.security.PrivateKeyReader {.configuration.actor library.MoreLibraries.Security.PrivateKeyReader} 115028 ms. Memory: 2854912K Free: 130130K (5%)
#Configuration.check: entity: ptolemy.actor.lib.security.SecretKey {.configuration.actor library.MoreLibraries.Security.SecretKey} 115029 ms. Memory: 2854912K Free: 129620K (5%)
#Configuration.check: entity: ptolemy.actor.lib.security.SecretKeyReader {.configuration.actor library.MoreLibraries.Security.SecretKeyReader} 115029 ms. Memory: 2854912K Free: 129106K (5%)
#Configuration.check: entity: ptolemy.actor.lib.security.SignatureSigner {.configuration.actor library.MoreLibraries.Security.SignatureSigner} 115030 ms. Memory: 2854912K Free: 128596K (5%)
#Configuration.check: entity: ptolemy.actor.lib.security.SignatureVerifier {.configuration.actor library.MoreLibraries.Security.SignatureVerifier} 115030 ms. Memory: 2854912K Free: 128596K (5%)
#Configuration.check: entity: ptolemy.actor.lib.security.SymmetricDecryption {.configuration.actor library.MoreLibraries.Security.SymmetricDecryption} 115030 ms. Memory: 2854912K Free: 128051K (4%)
#Configuration.check: entity: ptolemy.actor.lib.security.SymmetricEncryption {.configuration.actor library.MoreLibraries.Security.SymmetricEncryption} 115030 ms. Memory: 2854912K Free: 128051K (4%)
#Configuration.check: entity: ptolemy.actor.lib.security.SymmetricCrypto {.configuration.actor library.MoreLibraries.Security.SymmetricCrypto} 115030 ms. Memory: 2854912K Free: 128051K (4%)
#Configuration.check: entity: ptolemy.domains.wireless.lib.CollisionDetector {.configuration.actor library.MoreLibraries.Wireless.WirelessActors.CollisionDetector} 115031 ms. Memory: 2854912K Free: 127058K (4%)
#Configuration.check: entity: ptolemy.domains.wireless.lib.GetProperties {.configuration.actor library.MoreLibraries.Wireless.WirelessActors.GetProperties} 115032 ms. Memory: 2854912K Free: 127058K (4%)
#Configuration.check: entity: ptolemy.domains.wireless.lib.GraphicalLocator {.configuration.actor library.MoreLibraries.Wireless.WirelessActors.GraphicalLocator} 115032 ms. Memory: 2854912K Free: 127058K (4%)
#Configuration.check: entity: ptolemy.domains.wireless.lib.Locator {.configuration.actor library.MoreLibraries.Wireless.WirelessActors.Locator} 115032 ms. Memory: 2854912K Free: 126548K (4%)
#Configuration.check: entity: ptolemy.domains.wireless.lib.NodeRandomizer {.configuration.actor library.MoreLibraries.Wireless.WirelessActors.NodeRandomizer} 115033 ms. Memory: 2854912K Free: 126003K (4%)
#Configuration.check: entity: ptolemy.domains.wireless.lib.TerrainProperty {.configuration.actor library.MoreLibraries.Wireless.WirelessActors.TerrainProperty} 115033 ms. Memory: 2854912K Free: 126003K (4%)
#Configuration.check: entity: ptolemy.domains.wireless.lib.LinkVisualizer {.configuration.actor library.MoreLibraries.Wireless.WirelessActors.LinkVisualizer} 115034 ms. Memory: 2854912K Free: 125524K (4%)
#Configuration.check: entity: ptolemy.domains.wireless.lib.Triangulator {.configuration.actor library.MoreLibraries.Wireless.WirelessActors.Triangulator} 115034 ms. Memory: 2854912K Free: 125010K (4%)
#Configuration.check: entity: ptolemy.domains.wireless.lib.WiredToWireless {.configuration.actor library.MoreLibraries.Wireless.WirelessActors.WiredToWireless} 115035 ms. Memory: 2854912K Free: 125010K (4%)
#Configuration.check: entity: ptolemy.domains.wireless.lib.WirelessToWired {.configuration.actor library.MoreLibraries.Wireless.WirelessActors.WirelessToWired} 115035 ms. Memory: 2854912K Free: 124500K (4%)
#Configuration.check: entity: ptolemy.domains.wireless.kernel.AtomicWirelessChannel {.configuration.actor library.MoreLibraries.Wireless.WirelessChannels.AtomicWirelessChannel} 115035 ms. Memory: 2854912K Free: 124500K (4%)
#Configuration.check: entity: ptolemy.domains.wireless.lib.DelayChannel {.configuration.actor library.MoreLibraries.Wireless.WirelessChannels.DelayChannel} 115035 ms. Memory: 2854912K Free: 124500K (4%)
#Configuration.check: entity: ptolemy.domains.wireless.lib.LimitedRangeChannel {.configuration.actor library.MoreLibraries.Wireless.WirelessChannels.LimitedRangeChannel} 115036 ms. Memory: 2854912K Free: 123971K (4%)
#Configuration.check: entity: ptolemy.domains.wireless.lib.ErasureChannel {.configuration.actor library.MoreLibraries.Wireless.WirelessChannels.ErasureChannel} 115036 ms. Memory: 2854912K Free: 123971K (4%)
#Configuration.check: entity: ptolemy.domains.wireless.lib.PowerLossChannel {.configuration.actor library.MoreLibraries.Wireless.WirelessChannels.PowerLossChannel} 115037 ms. Memory: 2854912K Free: 123476K (4%)
#Configuration.check: entity: ptolemy.actor.lib.conversions.StringToXML {.configuration.actor library.MoreLibraries.XML.StringToXML} 115037 ms. Memory: 2854912K Free: 122962K (4%)
#Configuration.check: entity: ptolemy.actor.lib.xslt.XSLTransformer {.configuration.actor library.MoreLibraries.XML.XSLTransformer} 115037 ms. Memory: 2854912K Free: 122962K (4%)
#Configuration.check: entity: ptolemy.actor.lib.xslt.XMLInclusion {.configuration.actor library.MoreLibraries.XML.XMLInclusion} 115038 ms. Memory: 2854912K Free: 122962K (4%)
#Configuration.check: entity: ptolemy.actor.gt.controller.InitModel {.configuration.effigyFactory.Model Transformation.blank._Controller.InitModel} 115038 ms. Memory: 2854912K Free: 122962K (4%)
#Configuration.check: entity: ptolemy.actor.lib.CurrentTime {.configuration.actor library.Actors.Sources.TimedSources.TriggeredSinewave.CurrentTime} 115038 ms. Memory: 2854912K Free: 122962K (4%)
#Configuration.check: entity: ptolemy.actor.lib.Scale {.configuration.actor library.Actors.Sources.TimedSources.TriggeredSinewave.Frequency} 115039 ms. Memory: 2854912K Free: 122452K (4%)
#Configuration.check: entity: ptolemy.actor.lib.TrigFunction {.configuration.actor library.Actors.Sources.TimedSources.TriggeredSinewave.Sin} 115039 ms. Memory: 2854912K Free: 122452K (4%)
#Configuration.check: entity: ptolemy.actor.lib.Const {.configuration.actor library.Actors.Sources.TimedSources.TriggeredSinewave.Phase} 115039 ms. Memory: 2854912K Free: 121923K (4%)
#Configuration.check: entity: ptolemy.actor.lib.AddSubtract {.configuration.actor library.Actors.Sources.TimedSources.TriggeredSinewave.Add} 115040 ms. Memory: 2854912K Free: 121923K (4%)
#Configuration.check: entity: ptolemy.actor.lib.Scale {.configuration.actor library.Actors.Sources.TimedSources.TriggeredSinewave.Magnitude} 115040 ms. Memory: 2854912K Free: 121923K (4%)
#Configuration.check: entity: ptolemy.actor.lib.Ramp {.configuration.actor library.Actors.Sources.SequenceSources.Sinewave.Ramp} 115040 ms. Memory: 2854912K Free: 121428K (4%)
#Configuration.check: entity: ptolemy.actor.lib.TrigFunction {.configuration.actor library.Actors.Sources.SequenceSources.Sinewave.TrigFunction} 115041 ms. Memory: 2854912K Free: 121428K (4%)
#Configuration.check: entity: ptolemy.actor.lib.Const {.configuration.actor library.Actors.Sources.SequenceSources.Sinewave.Const} 115041 ms. Memory: 2854912K Free: 120899K (4%)
#Configuration.check: entity: ptolemy.actor.lib.AddSubtract {.configuration.actor library.Actors.Sources.SequenceSources.Sinewave.AddSubtract} 115042 ms. Memory: 2854912K Free: 120899K (4%)
#Configuration.check: entity: ptolemy.actor.lib.Pulse {.configuration.actor library.Actors.SignalProcessing.Spectrum.MaximumEntropySpectrum.Pulse} 115042 ms. Memory: 2854912K Free: 120899K (4%)
#Configuration.check: entity: ptolemy.actor.lib.MultiplyDivide {.configuration.actor library.Actors.SignalProcessing.Spectrum.MaximumEntropySpectrum.MultiplyDivide} 115044 ms. Memory: 2854912K Free: 119890K (4%)
#Configuration.check: entity: ptolemy.domains.sdf.lib.Autocorrelation {.configuration.actor library.Actors.SignalProcessing.Spectrum.MaximumEntropySpectrum.Autocorrelation} 115044 ms. Memory: 2854912K Free: 119890K (4%)
#Configuration.check: entity: ptolemy.actor.lib.LevinsonDurbin {.configuration.actor library.Actors.SignalProcessing.Spectrum.MaximumEntropySpectrum.LevinsonDurbin} 115045 ms. Memory: 2854912K Free: 119380K (4%)
#Configuration.check: entity: ptolemy.actor.lib.ArrayAppend {.configuration.actor library.Actors.SignalProcessing.Spectrum.MaximumEntropySpectrum.ArrayAppend} 115045 ms. Memory: 2854912K Free: 119380K (4%)
#Configuration.check: entity: ptolemy.domains.sdf.lib.ArrayToSequence {.configuration.actor library.Actors.SignalProcessing.Spectrum.MaximumEntropySpectrum.ArrayToSequence} 115046 ms. Memory: 2854912K Free: 118866K (4%)
#Configuration.check: entity: ptolemy.domains.sdf.lib.FFT {.configuration.actor library.Actors.SignalProcessing.Spectrum.MaximumEntropySpectrum.FFT} 115048 ms. Memory: 2854912K Free: 118356K (4%)
#Configuration.check: entity: ptolemy.actor.lib.AbsoluteValue {.configuration.actor library.Actors.SignalProcessing.Spectrum.MaximumEntropySpectrum.AbsoluteValue} 115050 ms. Memory: 2854912K Free: 117332K (4%)
#Configuration.check: entity: ptolemy.actor.lib.MultiplyDivide {.configuration.actor library.Actors.SignalProcessing.Spectrum.MaximumEntropySpectrum.MultiplyDivide2} 115050 ms. Memory: 2854912K Free: 117332K (4%)
#Configuration.check: entity: ptolemy.actor.lib.DB {.configuration.actor library.Actors.SignalProcessing.Spectrum.MaximumEntropySpectrum.DB} 115050 ms. Memory: 2854912K Free: 117332K (4%)
#Configuration.check: entity: ptolemy.actor.lib.ArrayElement {.configuration.actor library.Actors.SignalProcessing.Spectrum.MaximumEntropySpectrum.ArrayElement} 115051 ms. Memory: 2854912K Free: 116803K (4%)
#Configuration.check: entity: ptolemy.domains.sdf.lib.Repeat {.configuration.actor library.Actors.SignalProcessing.Spectrum.MaximumEntropySpectrum.Repeat} 115052 ms. Memory: 2854912K Free: 116803K (4%)
#Configuration.check: entity: ptolemy.domains.sdf.lib.Chop {.configuration.actor library.Actors.SignalProcessing.Spectrum.MaximumEntropySpectrum.Chop} 115055 ms. Memory: 2854912K Free: 115284K (4%)
#Configuration.check: entity: ptolemy.actor.lib.MathFunction {.configuration.actor library.Actors.SignalProcessing.Spectrum.MaximumEntropySpectrum.MathFunction} 115057 ms. Memory: 2854912K Free: 114755K (4%)
#Configuration.check: entity: ptolemy.actor.lib.Const {.configuration.actor library.Actors.SignalProcessing.Spectrum.MaximumEntropySpectrum.Const} 115057 ms. Memory: 2854912K Free: 114755K (4%)
#Configuration.check: entity: ptolemy.actor.lib.MultiplyDivide {.configuration.actor library.Actors.SignalProcessing.Spectrum.SmoothedPeriodogram.Multiply} 115057 ms. Memory: 2854912K Free: 114260K (4%)
#Configuration.check: entity: ptolemy.domains.sdf.lib.FFT {.configuration.actor library.Actors.SignalProcessing.Spectrum.SmoothedPeriodogram.FFT} 115057 ms. Memory: 2854912K Free: 114260K (4%)
#Configuration.check: entity: ptolemy.actor.lib.DB {.configuration.actor library.Actors.SignalProcessing.Spectrum.SmoothedPeriodogram.DB} 115059 ms. Memory: 2854912K Free: 113236K (4%)
#Configuration.check: entity: ptolemy.actor.lib.AbsoluteValue {.configuration.actor library.Actors.SignalProcessing.Spectrum.SmoothedPeriodogram.AbsoluteValue0} 115060 ms. Memory: 2854912K Free: 113236K (4%)
#Configuration.check: entity: ptolemy.domains.sdf.lib.Autocorrelation {.configuration.actor library.Actors.SignalProcessing.Spectrum.SmoothedPeriodogram.Autocorrelation} 115060 ms. Memory: 2854912K Free: 113236K (4%)
#Configuration.check: entity: ptolemy.domains.sdf.lib.Chop {.configuration.actor library.Actors.SignalProcessing.Spectrum.SmoothedPeriodogram.Chop} 115061 ms. Memory: 2854912K Free: 112212K (4%)
#Configuration.check: entity: ptolemy.domains.sdf.lib.ArrayToSequence {.configuration.actor library.Actors.SignalProcessing.Spectrum.SmoothedPeriodogram.ArrayToSequence} 115063 ms. Memory: 2854912K Free: 111683K (4%)
#Configuration.check: entity: ptolemy.actor.lib.Sequence {.configuration.actor library.Actors.SignalProcessing.Spectrum.SmoothedPeriodogram.Sequence} 115065 ms. Memory: 2854912K Free: 110643K (4%)
#Configuration.check: entity: ptolemy.actor.lib.MultiplyDivide {.configuration.actor library.Actors.SignalProcessing.Spectrum.Spectrum.Multiply} 115065 ms. Memory: 2854912K Free: 110643K (4%)
#Configuration.check: entity: ptolemy.domains.sdf.lib.FFT {.configuration.actor library.Actors.SignalProcessing.Spectrum.Spectrum.FFT} 115066 ms. Memory: 2854912K Free: 110643K (4%)
#Configuration.check: entity: ptolemy.actor.lib.DB {.configuration.actor library.Actors.SignalProcessing.Spectrum.Spectrum.DB} 115067 ms. Memory: 2854912K Free: 109635K (4%)
#Configuration.check: entity: ptolemy.actor.lib.AbsoluteValue {.configuration.actor library.Actors.SignalProcessing.Spectrum.Spectrum.AbsoluteValue0} 115068 ms. Memory: 2854912K Free: 109635K (4%)
#Configuration.check: entity: ptolemy.actor.lib.Scale {.configuration.actor library.Actors.SignalProcessing.Spectrum.Spectrum.Scale} 115068 ms. Memory: 2854912K Free: 109140K (4%)
#Configuration.check: entity: ptolemy.actor.lib.Sequence {.configuration.actor library.Actors.SignalProcessing.Spectrum.Spectrum.Sequence} 115069 ms. Memory: 2854912K Free: 109140K (4%)
#Configuration.check: entity: ptolemy.actor.lib.CurrentTime {.configuration.actor library.Actors.DomainSpecific.Continuous.Signal Generators.ContinuousSinewave.CurrentTime} 115070 ms. Memory: 2854912K Free: 108619K (4%)
#Configuration.check: entity: ptolemy.actor.lib.Scale {.configuration.actor library.Actors.DomainSpecific.Continuous.Signal Generators.ContinuousSinewave.Frequency} 115070 ms. Memory: 2854912K Free: 108619K (4%)
#Configuration.check: entity: ptolemy.actor.lib.TrigFunction {.configuration.actor library.Actors.DomainSpecific.Continuous.Signal Generators.ContinuousSinewave.Sin} 115071 ms. Memory: 2854912K Free: 108116K (4%)
#Configuration.check: entity: ptolemy.actor.lib.Const {.configuration.actor library.Actors.DomainSpecific.Continuous.Signal Generators.ContinuousSinewave.Phase} 115071 ms. Memory: 2854912K Free: 108116K (4%)
#Configuration.check: entity: ptolemy.actor.lib.AddSubtract {.configuration.actor library.Actors.DomainSpecific.Continuous.Signal Generators.ContinuousSinewave.Add} 115071 ms. Memory: 2854912K Free: 108116K (4%)
#Configuration.check: entity: ptolemy.actor.lib.Scale {.configuration.actor library.Actors.DomainSpecific.Continuous.Signal Generators.ContinuousSinewave.Magnitude} 115072 ms. Memory: 2854912K Free: 107602K (4%)
#Configuration.check: entity: ptolemy.domains.continuous.lib.ZeroOrderHold {.configuration.actor library.Actors.DomainSpecific.Continuous.Signal Generators.PWM.ZeroOrderHold} 115072 ms. Memory: 2854912K Free: 107602K (4%)
#Configuration.check: entity: ptolemy.domains.modal.kernel.State {.configuration.actor library.Actors.DomainSpecific.Continuous.Signal Generators.PWM.Controller._Controller.on} 115072 ms. Memory: 2854912K Free: 107602K (4%)
#Configuration.check: entity: ptolemy.domains.modal.kernel.State {.configuration.actor library.Actors.DomainSpecific.Continuous.Signal Generators.PWM.Controller._Controller.off} 115072 ms. Memory: 2854912K Free: 107602K (4%)
#Configuration.check: entity: ptolemy.domains.modal.kernel.State {.configuration.actor library.Actors.DomainSpecific.Continuous.Signal Generators.PWM.Controller._Controller.start} 115072 ms. Memory: 2854912K Free: 107602K (4%)
#Configuration.check: entity: ptolemy.actor.lib.gui.SequencePlotter {.configuration.actor library.Actors.DomainSpecific.Continuous.Random.ContinuousSpectrum.Frequency Domain Display} 115072 ms. Memory: 2854912K Free: 107602K (4%)
#Configuration.check: entity: ptolemy.actor.lib.MultiplyDivide {.configuration.actor library.Actors.DomainSpecific.Continuous.Random.ContinuousSpectrum.Periodogram.Multiply} 115073 ms. Memory: 2854912K Free: 107092K (4%)
#Configuration.check: entity: ptolemy.actor.lib.Pulse {.configuration.actor library.Actors.DomainSpecific.Continuous.Random.ContinuousSpectrum.Periodogram.Waveform} 115073 ms. Memory: 2854912K Free: 107092K (4%)
#Configuration.check: entity: ptolemy.domains.sdf.lib.FFT {.configuration.actor library.Actors.DomainSpecific.Continuous.Random.ContinuousSpectrum.Periodogram.FFT} 115075 ms. Memory: 2854912K Free: 106068K (4%)
#Configuration.check: entity: ptolemy.actor.lib.DB {.configuration.actor library.Actors.DomainSpecific.Continuous.Random.ContinuousSpectrum.Periodogram.DB} 115077 ms. Memory: 2854912K Free: 105044K (4%)
#Configuration.check: entity: ptolemy.actor.lib.AbsoluteValue {.configuration.actor library.Actors.DomainSpecific.Continuous.Random.ContinuousSpectrum.Periodogram.AbsoluteValue0} 115078 ms. Memory: 2854912K Free: 105044K (4%)
#Configuration.check: entity: ptolemy.actor.lib.Scale {.configuration.actor library.Actors.DomainSpecific.Continuous.Random.ContinuousSpectrum.Periodogram.Scale} 115078 ms. Memory: 2854912K Free: 104530K (4%)
#Configuration.check: entity: ptolemy.actor.lib.aspect.CommunicationRequestPort {.configuration.actor library.MoreLibraries.Aspects.CompositeCommunicationAspect.CommunicationRequestPort} 115079 ms. Memory: 2854912K Free: 104530K (4%)
#Configuration.check: entity: ptolemy.actor.lib.aspect.CommunicationResponsePort {.configuration.actor library.MoreLibraries.Aspects.CompositeCommunicationAspect.CommunicationResponsePort} 115080 ms. Memory: 2854912K Free: 104020K (4%)
#Configuration.check: entity: ptolemy.actor.lib.aspect.ExecutionRequestPort {.configuration.actor library.MoreLibraries.Aspects.CompositeExecutionAspect.ExecutionRequestPort} 115081 ms. Memory: 2854912K Free: 104020K (4%)
#Configuration.check: entity: ptolemy.actor.lib.aspect.ExecutionResponsePort {.configuration.actor library.MoreLibraries.Aspects.CompositeExecutionAspect.ExecutionResponsePort} 115082 ms. Memory: 2854912K Free: 103506K (4%)
#Configuration.check: entity: ptolemy.actor.gt.controller.InitModelWithContainer {.configuration.actor library.MoreLibraries.GraphTransformation.ModelUpdater._Controller.InitModelWithContainer} 115083 ms. Memory: 2854912K Free: 102996K (4%)
#Configuration.check: entity: ptolemy.actor.gt.controller.InitModel {.configuration.actor library.MoreLibraries.GraphTransformation.TransformationController._Controller.InitModel} 115083 ms. Memory: 2854912K Free: 102996K (4%)
#Configuration.check: entity: ptolemy.actor.gt.controller.InputModel {.configuration.actor library.MoreLibraries.GraphTransformation.TransformationController._Controller.InputModel} 115083 ms. Memory: 2854912K Free: 102996K (4%)
#Configuration.check: entity: ptolemy.actor.gt.controller.OutputModel {.configuration.actor library.MoreLibraries.GraphTransformation.TransformationController._Controller.OutputModel} 115083 ms. Memory: 2854912K Free: 102996K (4%)
#Configuration.check: entity: ptolemy.actor.lib.Expression {.configuration.actor library.MoreLibraries.MachineLearning.ParticleFilter.CollaborativeRangeParticleFilter.x_update} 115083 ms. Memory: 2854912K Free: 102996K (4%)
#Configuration.check: entity: ptolemy.actor.lib.Expression {.configuration.actor library.MoreLibraries.MachineLearning.ParticleFilter.CollaborativeRangeParticleFilter.y_update} 115083 ms. Memory: 2854912K Free: 102996K (4%)
#Configuration.check: entity: ptolemy.actor.lib.Expression {.configuration.actor library.MoreLibraries.MachineLearning.ParticleFilter.CollaborativeRangeParticleFilter.range0_m_equation} 115084 ms. Memory: 2854912K Free: 102996K (4%)
#Configuration.check: entity: ptolemy.actor.lib.Expression {.configuration.actor library.MoreLibraries.MachineLearning.ParticleFilter.CollaborativeRangeParticleFilter.range0_m_covariance} 115085 ms. Memory: 2854912K Free: 102482K (4%)
#Configuration.check: entity: ptolemy.actor.lib.SetVariable {.configuration.actor library.MoreLibraries.MachineLearning.ParticleFilter.CollaborativeRangeParticleFilter.setrange0_m} 115085 ms. Memory: 2854912K Free: 102482K (4%)
#Configuration.check: entity: ptolemy.actor.lib.Expression {.configuration.actor library.MoreLibraries.MachineLearning.ParticleFilter.CollaborativeRangeParticleFilter.range1_m_equation} 115085 ms. Memory: 2854912K Free: 102482K (4%)
#Configuration.check: entity: ptolemy.actor.lib.Expression {.configuration.actor library.MoreLibraries.MachineLearning.ParticleFilter.CollaborativeRangeParticleFilter.range1_m_covariance} 115086 ms. Memory: 2854912K Free: 101972K (4%)
#Configuration.check: entity: ptolemy.actor.lib.SetVariable {.configuration.actor library.MoreLibraries.MachineLearning.ParticleFilter.CollaborativeRangeParticleFilter.setrange1_m} 115086 ms. Memory: 2854912K Free: 101972K (4%)
#Configuration.check: entity: ptolemy.actor.lib.Expression {.configuration.actor library.MoreLibraries.MachineLearning.ParticleFilter.CollaborativeRangeParticleFilter.range2_m_equation} 115087 ms. Memory: 2854912K Free: 101972K (4%)
#Configuration.check: entity: ptolemy.actor.lib.Expression {.configuration.actor library.MoreLibraries.MachineLearning.ParticleFilter.CollaborativeRangeParticleFilter.range2_m_covariance} 115088 ms. Memory: 2854912K Free: 101451K (4%)
#Configuration.check: entity: ptolemy.actor.lib.SetVariable {.configuration.actor library.MoreLibraries.MachineLearning.ParticleFilter.CollaborativeRangeParticleFilter.setrange2_m} 115088 ms. Memory: 2854912K Free: 101451K (4%)
#Configuration.check: entity: ptolemy.actor.lib.Expression {.configuration.actor library.MoreLibraries.MachineLearning.ParticleFilter.CollaborativeRangeParticleFilter.range3_m_equation} 115088 ms. Memory: 2854912K Free: 101451K (4%)
#Configuration.check: entity: ptolemy.actor.lib.Expression {.configuration.actor library.MoreLibraries.MachineLearning.ParticleFilter.CollaborativeRangeParticleFilter.range3_m_covariance} 115089 ms. Memory: 2854912K Free: 100948K (4%)
#Configuration.check: entity: ptolemy.actor.lib.SetVariable {.configuration.actor library.MoreLibraries.MachineLearning.ParticleFilter.CollaborativeRangeParticleFilter.setrange3_m} 115089 ms. Memory: 2854912K Free: 100948K (4%)
#Configuration.check: entity: ptolemy.actor.lib.AddSubtract {.configuration.actor library.MoreLibraries.Optimization.TrajectoryOptimizer.OptimizerComposite.AddSubtract} 115090 ms. Memory: 2854912K Free: 100948K (4%)
#Configuration.check: entity: ptolemy.actor.lib.Expression {.configuration.actor library.MoreLibraries.Optimization.TrajectoryOptimizer.OptimizerComposite.Constraints} 115090 ms. Memory: 2854912K Free: 100948K (4%)
#Configuration.check: entity: ptolemy.actor.lib.Expression {.configuration.actor library.MoreLibraries.Optimization.TrajectoryOptimizer.OptimizerComposite.CostFunction} 115090 ms. Memory: 2854912K Free: 100434K (4%)
#1583313601354 ms. Memory: 2854912K Free: 99924K (4%)
Setting containers of atomic entities to null
checkFullConstraints.tcl done!
03/04/20 09:20:01
Failed: 0  Total Tests: 1  ((Passed: 1, Newly Passed: 0)  Known Failed: 0) /home/travis/build/icyphy/ptII/ptolemy/configs/test/constraints/test
No auto/knownFailedTests/*.xml tests in /home/travis/build/icyphy/ptII/ptolemy/configs/test/constraints/test
No auto/linux-amd64/*.xml tests in /home/travis/build/icyphy/ptII/ptolemy/configs/test/constraints/test
AutoTests.java: About to close Vertx.
AutoTests.java: Vertx closed.
No auto/*.xml tests in /home/travis/build/icyphy/ptII/ptolemy/configs/test/constraints/test
AutoTests.java: About to close Vertx.
AutoTests.java: Vertx closed.
]]></system-out>
  <system-err><![CDATA[Warning: Nashorn engine is planned to be removed from a future JDK release
Warning: Nashorn engine is planned to be removed from a future JDK release
Warning: Nashorn engine is planned to be removed from a future JDK release
Warning: Nashorn engine is planned to be removed from a future JDK release
Warning: Nashorn engine is planned to be removed from a future JDK release
Warning: Nashorn engine is planned to be removed from a future JDK release
Warning: Nashorn engine is planned to be removed from a future JDK release
Warning: Nashorn engine is planned to be removed from a future JDK release
Warning: Nashorn engine is planned to be removed from a future JDK release
Warning: Nashorn engine is planned to be removed from a future JDK release
Warning: Nashorn engine is planned to be removed from a future JDK release
Warning: Nashorn engine is planned to be removed from a future JDK release
Warning: Nashorn engine is planned to be removed from a future JDK release
Warning: Nashorn engine is planned to be removed from a future JDK release
Warning: Nashorn engine is planned to be removed from a future JDK release
Warning: Nashorn engine is planned to be removed from a future JDK release
Loaded /home/travis/build/icyphy/ptII/vendors/javafx/javafx-sdk-11.0.2/lib/./libprism_es2.so from relative path
Failed Graphics Hardware Qualifier check.
System GPU doesn't meet the es2 pipe requirement
GraphicsPipeline.createPipeline: error initializing pipeline com.sun.prism.es2.ES2Pipeline
*** Fallback to Prism SW pipeline
Loaded /home/travis/build/icyphy/ptII/vendors/javafx/javafx-sdk-11.0.2/lib/./libprism_sw.so from relative path
JavaFX: using com.sun.javafx.tk.quantum.QuantumToolkit
Loaded /home/travis/build/icyphy/ptII/vendors/javafx/javafx-sdk-11.0.2/lib/./libglass.so from relative path
Loaded /home/travis/build/icyphy/ptII/vendors/javafx/javafx-sdk-11.0.2/lib/./libglassgtk3.so from relative path
 vsync: true vpipe: false
Warning: Nashorn engine is planned to be removed from a future JDK release
Warning: Nashorn engine is planned to be removed from a future JDK release
Warning: Nashorn engine is planned to be removed from a future JDK release
Warning: Nashorn engine is planned to be removed from a future JDK release
Warning: Nashorn engine is planned to be removed from a future JDK release
Warning: Nashorn engine is planned to be removed from a future JDK release
Warning: Nashorn engine is planned to be removed from a future JDK release
Warning: Nashorn engine is planned to be removed from a future JDK release
Warning: Nashorn engine is planned to be removed from a future JDK release
[main] INFO com.github.sarxos.webcam.Webcam - WebcamDefaultDriver capture driver will be used
Warning: Nashorn engine is planned to be removed from a future JDK release
Warning: Nashorn engine is planned to be removed from a future JDK release
Warning: Nashorn engine is planned to be removed from a future JDK release
Warning: Nashorn engine is planned to be removed from a future JDK release
Warning: Nashorn engine is planned to be removed from a future JDK release
Warning: Nashorn engine is planned to be removed from a future JDK release
Warning: Nashorn engine is planned to be removed from a future JDK release
Warning: Nashorn engine is planned to be removed from a future JDK release
Warning: Nashorn engine is planned to be removed from a future JDK release
Warning: Nashorn engine is planned to be removed from a future JDK release
Warning: Nashorn engine is planned to be removed from a future JDK release
Warning: Nashorn engine is planned to be removed from a future JDK release
Warning: Nashorn engine is planned to be removed from a future JDK release
Warning: Nashorn engine is planned to be removed from a future JDK release
Warning: Nashorn engine is planned to be removed from a future JDK release
Warning: Nashorn engine is planned to be removed from a future JDK release
Warning: Nashorn engine is planned to be removed from a future JDK release
Warning: Nashorn engine is planned to be removed from a future JDK release
Warning: Nashorn engine is planned to be removed from a future JDK release
Warning: Nashorn engine is planned to be removed from a future JDK release
Warning: Nashorn engine is planned to be removed from a future JDK release
Warning: Nashorn engine is planned to be removed from a future JDK release
Warning: Nashorn engine is planned to be removed from a future JDK release
Warning: Nashorn engine is planned to be removed from a future JDK release
Warning: Nashorn engine is planned to be removed from a future JDK release
Warning: Nashorn engine is planned to be removed from a future JDK release
Warning: Nashorn engine is planned to be removed from a future JDK release
Warning: Nashorn engine is planned to be removed from a future JDK release
Warning: Nashorn engine is planned to be removed from a future JDK release
Warning: Nashorn engine is planned to be removed from a future JDK release
Warning: Nashorn engine is planned to be removed from a future JDK release
Warning: Nashorn engine is planned to be removed from a future JDK release
Warning: Nashorn engine is planned to be removed from a future JDK release
Warning: Nashorn engine is planned to be removed from a future JDK release
Warning: Nashorn engine is planned to be removed from a future JDK release
Warning: Nashorn engine is planned to be removed from a future JDK release
Warning: Nashorn engine is planned to be removed from a future JDK release
Warning: Nashorn engine is planned to be removed from a future JDK release
Warning: Nashorn engine is planned to be removed from a future JDK release
Warning: Nashorn engine is planned to be removed from a future JDK release
Warning: Nashorn engine is planned to be removed from a future JDK release
Warning: Nashorn engine is planned to be removed from a future JDK release
Warning: Nashorn engine is planned to be removed from a future JDK release
Warning: Nashorn engine is planned to be removed from a future JDK release
Warning: Nashorn engine is planned to be removed from a future JDK release
Warning: Nashorn engine is planned to be removed from a future JDK release
Warning: Nashorn engine is planned to be removed from a future JDK release
Warning: Nashorn engine is planned to be removed from a future JDK release
Warning: Nashorn engine is planned to be removed from a future JDK release
Warning: Nashorn engine is planned to be removed from a future JDK release
Warning: Nashorn engine is planned to be removed from a future JDK release
Warning: Nashorn engine is planned to be removed from a future JDK release
Warning: Nashorn engine is planned to be removed from a future JDK release
Warning: Nashorn engine is planned to be removed from a future JDK release
Warning: Nashorn engine is planned to be removed from a future JDK release
Warning: Nashorn engine is planned to be removed from a future JDK release
Warning: Nashorn engine is planned to be removed from a future JDK release
Warning: Nashorn engine is planned to be removed from a future JDK release
Warning: Nashorn engine is planned to be removed from a future JDK release
Warning: Nashorn engine is planned to be removed from a future JDK release
Warning: Nashorn engine is planned to be removed from a future JDK release
Warning: Nashorn engine is planned to be removed from a future JDK release
Warning: Nashorn engine is planned to be removed from a future JDK release
Warning: Nashorn engine is planned to be removed from a future JDK release
Warning: Nashorn engine is planned to be removed from a future JDK release
Warning: Nashorn engine is planned to be removed from a future JDK release
Warning: Nashorn engine is planned to be removed from a future JDK release
Warning: Nashorn engine is planned to be removed from a future JDK release
Warning: Nashorn engine is planned to be removed from a future JDK release
Warning: Nashorn engine is planned to be removed from a future JDK release
Warning: Nashorn engine is planned to be removed from a future JDK release
Warning: Nashorn engine is planned to be removed from a future JDK release
Warning: Nashorn engine is planned to be removed from a future JDK release
Warning: Nashorn engine is planned to be removed from a future JDK release
Warning: Nashorn engine is planned to be removed from a future JDK release
Warning: Nashorn engine is planned to be removed from a future JDK release
Warning: Nashorn engine is planned to be removed from a future JDK release
Warning: Nashorn engine is planned to be removed from a future JDK release
Warning: Nashorn engine is planned to be removed from a future JDK release
Warning: Nashorn engine is planned to be removed from a future JDK release
Warning: Nashorn engine is planned to be removed from a future JDK release
Warning: Nashorn engine is planned to be removed from a future JDK release
Warning: Nashorn engine is planned to be removed from a future JDK release
Warning: Nashorn engine is planned to be removed from a future JDK release
Warning: Nashorn engine is planned to be removed from a future JDK release
Warning: Nashorn engine is planned to be removed from a future JDK release
Warning: Nashorn engine is planned to be removed from a future JDK release
Warning: Nashorn engine is planned to be removed from a future JDK release
Warning: Nashorn engine is planned to be removed from a future JDK release
Warning: Nashorn engine is planned to be removed from a future JDK release
Warning: Nashorn engine is planned to be removed from a future JDK release
Warning: Nashorn engine is planned to be removed from a future JDK release
Warning: Nashorn engine is planned to be removed from a future JDK release
Warning: Nashorn engine is planned to be removed from a future JDK release
Warning: Nashorn engine is planned to be removed from a future JDK release
Warning: Nashorn engine is planned to be removed from a future JDK release
Warning: Nashorn engine is planned to be removed from a future JDK release
Warning: Nashorn engine is planned to be removed from a future JDK release
Warning: Nashorn engine is planned to be removed from a future JDK release
Warning: Nashorn engine is planned to be removed from a future JDK release
Warning: Nashorn engine is planned to be removed from a future JDK release
Warning: Nashorn engine is planned to be removed from a future JDK release
Warning: Nashorn engine is planned to be removed from a future JDK release
Warning: Nashorn engine is planned to be removed from a future JDK release
Warning: Nashorn engine is planned to be removed from a future JDK release
Warning: Nashorn engine is planned to be removed from a future JDK release
Warning: Nashorn engine is planned to be removed from a future JDK release
Warning: Nashorn engine is planned to be removed from a future JDK release
Warning: Nashorn engine is planned to be removed from a future JDK release
Warning: Nashorn engine is planned to be removed from a future JDK release
Warning: Nashorn engine is planned to be removed from a future JDK release
Warning: Nashorn engine is planned to be removed from a future JDK release
Warning: Nashorn engine is planned to be removed from a future JDK release
Warning: Nashorn engine is planned to be removed from a future JDK release
Warning: Nashorn engine is planned to be removed from a future JDK release
Warning: Nashorn engine is planned to be removed from a future JDK release
Warning: Nashorn engine is planned to be removed from a future JDK release
Warning: Nashorn engine is planned to be removed from a future JDK release
Warning: Nashorn engine is planned to be removed from a future JDK release
Warning: Nashorn engine is planned to be removed from a future JDK release
Warning: Nashorn engine is planned to be removed from a future JDK release
Warning: Nashorn engine is planned to be removed from a future JDK release
Warning: Nashorn engine is planned to be removed from a future JDK release
Warning: Nashorn engine is planned to be removed from a future JDK release
Warning: Nashorn engine is planned to be removed from a future JDK release
Warning: Nashorn engine is planned to be removed from a future JDK release
Warning: Nashorn engine is planned to be removed from a future JDK release
Warning: Nashorn engine is planned to be removed from a future JDK release
Warning: Nashorn engine is planned to be removed from a future JDK release
Warning: Nashorn engine is planned to be removed from a future JDK release
Warning: Nashorn engine is planned to be removed from a future JDK release
Warning: Nashorn engine is planned to be removed from a future JDK release
Warning: Nashorn engine is planned to be removed from a future JDK release
Warning: Nashorn engine is planned to be removed from a future JDK release
Warning: Nashorn engine is planned to be removed from a future JDK release
Warning: Nashorn engine is planned to be removed from a future JDK release
Warning: Nashorn engine is planned to be removed from a future JDK release
Warning: Nashorn engine is planned to be removed from a future JDK release
Warning: Nashorn engine is planned to be removed from a future JDK release
Warning: Nashorn engine is planned to be removed from a future JDK release
Warning: Nashorn engine is planned to be removed from a future JDK release
Warning: Nashorn engine is planned to be removed from a future JDK release
Warning: Nashorn engine is planned to be removed from a future JDK release
Warning: Nashorn engine is planned to be removed from a future JDK release
Warning: Nashorn engine is planned to be removed from a future JDK release
Warning: Nashorn engine is planned to be removed from a future JDK release
Warning: Nashorn engine is planned to be removed from a future JDK release
Warning: Nashorn engine is planned to be removed from a future JDK release
Warning: Nashorn engine is planned to be removed from a future JDK release
Warning: Nashorn engine is planned to be removed from a future JDK release
Warning: Nashorn engine is planned to be removed from a future JDK release
Warning: Nashorn engine is planned to be removed from a future JDK release
Warning: Nashorn engine is planned to be removed from a future JDK release
Warning: Nashorn engine is planned to be removed from a future JDK release
Warning: Nashorn engine is planned to be removed from a future JDK release
Warning: Nashorn engine is planned to be removed from a future JDK release
Warning: Nashorn engine is planned to be removed from a future JDK release
Warning: Nashorn engine is planned to be removed from a future JDK release
Warning: Nashorn engine is planned to be removed from a future JDK release
Warning: Nashorn engine is planned to be removed from a future JDK release
Warning: Nashorn engine is planned to be removed from a future JDK release
Warning: Nashorn engine is planned to be removed from a future JDK release
Warning: Nashorn engine is planned to be removed from a future JDK release
Warning: Nashorn engine is planned to be removed from a future JDK release
Warning: Nashorn engine is planned to be removed from a future JDK release
Warning: Nashorn engine is planned to be removed from a future JDK release
Warning: Nashorn engine is planned to be removed from a future JDK release
Warning: Nashorn engine is planned to be removed from a future JDK release
Warning: Nashorn engine is planned to be removed from a future JDK release
Warning: Nashorn engine is planned to be removed from a future JDK release
Warning: Nashorn engine is planned to be removed from a future JDK release
Warning: Nashorn engine is planned to be removed from a future JDK release
Warning: Nashorn engine is planned to be removed from a future JDK release
Warning: Nashorn engine is planned to be removed from a future JDK release
Warning: Nashorn engine is planned to be removed from a future JDK release
Warning: Nashorn engine is planned to be removed from a future JDK release
Warning: Nashorn engine is planned to be removed from a future JDK release
Warning: Nashorn engine is planned to be removed from a future JDK release
Warning: Nashorn engine is planned to be removed from a future JDK release
Warning: Nashorn engine is planned to be removed from a future JDK release
Warning: Nashorn engine is planned to be removed from a future JDK release
Warning: Nashorn engine is planned to be removed from a future JDK release
Warning: Nashorn engine is planned to be removed from a future JDK release
Warning: Nashorn engine is planned to be removed from a future JDK release
Warning: Nashorn engine is planned to be removed from a future JDK release
Warning: Nashorn engine is planned to be removed from a future JDK release
Warning: Nashorn engine is planned to be removed from a future JDK release
Warning: Nashorn engine is planned to be removed from a future JDK release
Warning: Nashorn engine is planned to be removed from a future JDK release
Warning: Nashorn engine is planned to be removed from a future JDK release
Warning: Nashorn engine is planned to be removed from a future JDK release
Warning: Nashorn engine is planned to be removed from a future JDK release
Warning: Nashorn engine is planned to be removed from a future JDK release
Warning: Nashorn engine is planned to be removed from a future JDK release
Warning: Nashorn engine is planned to be removed from a future JDK release
Warning: Nashorn engine is planned to be removed from a future JDK release
Warning: Nashorn engine is planned to be removed from a future JDK release
Warning: Nashorn engine is planned to be removed from a future JDK release
Warning: Nashorn engine is planned to be removed from a future JDK release
Warning: Nashorn engine is planned to be removed from a future JDK release
Warning: Nashorn engine is planned to be removed from a future JDK release
Warning: Nashorn engine is planned to be removed from a future JDK release
Warning: Nashorn engine is planned to be removed from a future JDK release
Warning: Nashorn engine is planned to be removed from a future JDK release
Warning: Nashorn engine is planned to be removed from a future JDK release
Warning: Nashorn engine is planned to be removed from a future JDK release
Warning: Nashorn engine is planned to be removed from a future JDK release
Warning: Nashorn engine is planned to be removed from a future JDK release
Warning: Nashorn engine is planned to be removed from a future JDK release
Warning: Nashorn engine is planned to be removed from a future JDK release
Warning: Nashorn engine is planned to be removed from a future JDK release
Warning: Nashorn engine is planned to be removed from a future JDK release
Warning: Nashorn engine is planned to be removed from a future JDK release
Warning: Nashorn engine is planned to be removed from a future JDK release
Warning: Nashorn engine is planned to be removed from a future JDK release
Warning: Nashorn engine is planned to be removed from a future JDK release
Warning: Nashorn engine is planned to be removed from a future JDK release
Warning: Nashorn engine is planned to be removed from a future JDK release
Warning: Nashorn engine is planned to be removed from a future JDK release
Warning: Nashorn engine is planned to be removed from a future JDK release
Warning: Nashorn engine is planned to be removed from a future JDK release
Warning: Nashorn engine is planned to be removed from a future JDK release
Warning: Nashorn engine is planned to be removed from a future JDK release
Warning: Nashorn engine is planned to be removed from a future JDK release
Warning: Nashorn engine is planned to be removed from a future JDK release
Warning: Nashorn engine is planned to be removed from a future JDK release
Warning: Nashorn engine is planned to be removed from a future JDK release
Warning: Nashorn engine is planned to be removed from a future JDK release
Warning: Nashorn engine is planned to be removed from a future JDK release
Warning: Nashorn engine is planned to be removed from a future JDK release
Warning: Nashorn engine is planned to be removed from a future JDK release
Warning: Nashorn engine is planned to be removed from a future JDK release
Warning: Nashorn engine is planned to be removed from a future JDK release
Warning: Nashorn engine is planned to be removed from a future JDK release
Warning: Nashorn engine is planned to be removed from a future JDK release
Warning: Nashorn engine is planned to be removed from a future JDK release
Warning: Nashorn engine is planned to be removed from a future JDK release
Warning: Nashorn engine is planned to be removed from a future JDK release
Warning: Nashorn engine is planned to be removed from a future JDK release
Warning: Nashorn engine is planned to be removed from a future JDK release
Warning: Nashorn engine is planned to be removed from a future JDK release
Warning: Nashorn engine is planned to be removed from a future JDK release
Warning: Nashorn engine is planned to be removed from a future JDK release
Warning: Nashorn engine is planned to be removed from a future JDK release
Warning: Nashorn engine is planned to be removed from a future JDK release
Warning: Nashorn engine is planned to be removed from a future JDK release
Warning: Nashorn engine is planned to be removed from a future JDK release
Warning: Nashorn engine is planned to be removed from a future JDK release
Warning: Nashorn engine is planned to be removed from a future JDK release
Warning: Nashorn engine is planned to be removed from a future JDK release
Warning: Nashorn engine is planned to be removed from a future JDK release
Warning: Nashorn engine is planned to be removed from a future JDK release
Warning: Nashorn engine is planned to be removed from a future JDK release
Warning: Nashorn engine is planned to be removed from a future JDK release
Warning: Nashorn engine is planned to be removed from a future JDK release
Warning: Nashorn engine is planned to be removed from a future JDK release
Warning: Nashorn engine is planned to be removed from a future JDK release
Warning: Nashorn engine is planned to be removed from a future JDK release
Warning: Nashorn engine is planned to be removed from a future JDK release
Warning: Nashorn engine is planned to be removed from a future JDK release
Warning: Nashorn engine is planned to be removed from a future JDK release
Warning: Nashorn engine is planned to be removed from a future JDK release
Warning: Nashorn engine is planned to be removed from a future JDK release
Warning: Nashorn engine is planned to be removed from a future JDK release
Warning: Nashorn engine is planned to be removed from a future JDK release
Warning: Nashorn engine is planned to be removed from a future JDK release
Warning: Nashorn engine is planned to be removed from a future JDK release
Warning: Nashorn engine is planned to be removed from a future JDK release
Warning: Nashorn engine is planned to be removed from a future JDK release
Warning: Nashorn engine is planned to be removed from a future JDK release
Warning: Nashorn engine is planned to be removed from a future JDK release
Warning: Nashorn engine is planned to be removed from a future JDK release
Warning: Nashorn engine is planned to be removed from a future JDK release
Warning: Nashorn engine is planned to be removed from a future JDK release
Warning: Nashorn engine is planned to be removed from a future JDK release
Warning: Nashorn engine is planned to be removed from a future JDK release
Warning: Nashorn engine is planned to be removed from a future JDK release
Warning: Nashorn engine is planned to be removed from a future JDK release
Warning: Nashorn engine is planned to be removed from a future JDK release
Warning: Nashorn engine is planned to be removed from a future JDK release
Warning: Nashorn engine is planned to be removed from a future JDK release
Warning: Nashorn engine is planned to be removed from a future JDK release
Warning: Nashorn engine is planned to be removed from a future JDK release
Warning: Nashorn engine is planned to be removed from a future JDK release
Warning: Nashorn engine is planned to be removed from a future JDK release
Warning: Nashorn engine is planned to be removed from a future JDK release
Warning: Nashorn engine is planned to be removed from a future JDK release
Warning: Nashorn engine is planned to be removed from a future JDK release
Warning: Nashorn engine is planned to be removed from a future JDK release
Warning: Nashorn engine is planned to be removed from a future JDK release
Warning: Nashorn engine is planned to be removed from a future JDK release
Warning: Nashorn engine is planned to be removed from a future JDK release
Warning: Nashorn engine is planned to be removed from a future JDK release
Warning: Nashorn engine is planned to be removed from a future JDK release
Warning: Nashorn engine is planned to be removed from a future JDK release
Warning: Nashorn engine is planned to be removed from a future JDK release
Warning: Nashorn engine is planned to be removed from a future JDK release
Warning: Nashorn engine is planned to be removed from a future JDK release
Warning: Nashorn engine is planned to be removed from a future JDK release
Warning: Nashorn engine is planned to be removed from a future JDK release
Warning: Nashorn engine is planned to be removed from a future JDK release
Warning: Nashorn engine is planned to be removed from a future JDK release
Warning: Nashorn engine is planned to be removed from a future JDK release
Warning: Nashorn engine is planned to be removed from a future JDK release
Warning: Nashorn engine is planned to be removed from a future JDK release
Warning: Nashorn engine is planned to be removed from a future JDK release
Warning: Nashorn engine is planned to be removed from a future JDK release
Warning: Nashorn engine is planned to be removed from a future JDK release
Warning: Nashorn engine is planned to be removed from a future JDK release
Warning: Nashorn engine is planned to be removed from a future JDK release
Warning: Nashorn engine is planned to be removed from a future JDK release
Warning: Nashorn engine is planned to be removed from a future JDK release
Warning: Nashorn engine is planned to be removed from a future JDK release
Warning: Nashorn engine is planned to be removed from a future JDK release
Warning: Nashorn engine is planned to be removed from a future JDK release
Warning: Nashorn engine is planned to be removed from a future JDK release
Warning: Nashorn engine is planned to be removed from a future JDK release
Warning: Nashorn engine is planned to be removed from a future JDK release
Warning: Nashorn engine is planned to be removed from a future JDK release
Warning: Nashorn engine is planned to be removed from a future JDK release
Warning: Nashorn engine is planned to be removed from a future JDK release
Warning: Nashorn engine is planned to be removed from a future JDK release
Warning: Nashorn engine is planned to be removed from a future JDK release
Warning: Nashorn engine is planned to be removed from a future JDK release
Warning: Nashorn engine is planned to be removed from a future JDK release
Warning: Nashorn engine is planned to be removed from a future JDK release
Warning: Nashorn engine is planned to be removed from a future JDK release
Warning: Nashorn engine is planned to be removed from a future JDK release
Warning: Nashorn engine is planned to be removed from a future JDK release
Warning: Nashorn engine is planned to be removed from a future JDK release
Warning: Nashorn engine is planned to be removed from a future JDK release
Warning: Nashorn engine is planned to be removed from a future JDK release
Warning: Nashorn engine is planned to be removed from a future JDK release
Warning: Nashorn engine is planned to be removed from a future JDK release
Warning: Nashorn engine is planned to be removed from a future JDK release
Warning: Nashorn engine is planned to be removed from a future JDK release
Warning: Nashorn engine is planned to be removed from a future JDK release
Warning: Nashorn engine is planned to be removed from a future JDK release
Warning: Nashorn engine is planned to be removed from a future JDK release
Warning: Nashorn engine is planned to be removed from a future JDK release
Warning: Nashorn engine is planned to be removed from a future JDK release
Warning: Nashorn engine is planned to be removed from a future JDK release
Warning: Nashorn engine is planned to be removed from a future JDK release
Warning: Nashorn engine is planned to be removed from a future JDK release
Warning: Nashorn engine is planned to be removed from a future JDK release
Warning: Nashorn engine is planned to be removed from a future JDK release
Warning: Nashorn engine is planned to be removed from a future JDK release
Warning: Nashorn engine is planned to be removed from a future JDK release
Warning: Nashorn engine is planned to be removed from a future JDK release
Warning: Nashorn engine is planned to be removed from a future JDK release
Warning: Nashorn engine is planned to be removed from a future JDK release
Warning: Nashorn engine is planned to be removed from a future JDK release
Warning: Nashorn engine is planned to be removed from a future JDK release
Warning: Nashorn engine is planned to be removed from a future JDK release
Warning: Nashorn engine is planned to be removed from a future JDK release
Warning: Nashorn engine is planned to be removed from a future JDK release
Warning: Nashorn engine is planned to be removed from a future JDK release
Warning: Nashorn engine is planned to be removed from a future JDK release
Warning: Nashorn engine is planned to be removed from a future JDK release
Warning: Nashorn engine is planned to be removed from a future JDK release
Warning: Nashorn engine is planned to be removed from a future JDK release
Warning: Nashorn engine is planned to be removed from a future JDK release
Warning: Nashorn engine is planned to be removed from a future JDK release
Warning: Nashorn engine is planned to be removed from a future JDK release
Warning: Nashorn engine is planned to be removed from a future JDK release
Warning: Nashorn engine is planned to be removed from a future JDK release
Warning: Nashorn engine is planned to be removed from a future JDK release
Warning: Nashorn engine is planned to be removed from a future JDK release
Warning: Nashorn engine is planned to be removed from a future JDK release
Warning: Nashorn engine is planned to be removed from a future JDK release
Warning: Nashorn engine is planned to be removed from a future JDK release
Warning: Nashorn engine is planned to be removed from a future JDK release
Warning: Nashorn engine is planned to be removed from a future JDK release
Warning: Nashorn engine is planned to be removed from a future JDK release
Warning: Nashorn engine is planned to be removed from a future JDK release
Warning: Nashorn engine is planned to be removed from a future JDK release
Warning: Nashorn engine is planned to be removed from a future JDK release
Warning: Nashorn engine is planned to be removed from a future JDK release
Warning: Nashorn engine is planned to be removed from a future JDK release
Warning: Nashorn engine is planned to be removed from a future JDK release
Warning: Nashorn engine is planned to be removed from a future JDK release
Warning: Nashorn engine is planned to be removed from a future JDK release
Warning: Nashorn engine is planned to be removed from a future JDK release
Warning: Nashorn engine is planned to be removed from a future JDK release
Warning: Nashorn engine is planned to be removed from a future JDK release
Warning: Nashorn engine is planned to be removed from a future JDK release
Warning: Nashorn engine is planned to be removed from a future JDK release
Warning: Nashorn engine is planned to be removed from a future JDK release
Warning: Nashorn engine is planned to be removed from a future JDK release
Warning: Nashorn engine is planned to be removed from a future JDK release
Warning: Nashorn engine is planned to be removed from a future JDK release
Warning: Nashorn engine is planned to be removed from a future JDK release
Warning: Nashorn engine is planned to be removed from a future JDK release
Warning: Nashorn engine is planned to be removed from a future JDK release
Warning: Nashorn engine is planned to be removed from a future JDK release
Warning: Nashorn engine is planned to be removed from a future JDK release
Warning: Nashorn engine is planned to be removed from a future JDK release
Warning: Nashorn engine is planned to be removed from a future JDK release
Warning: Nashorn engine is planned to be removed from a future JDK release
Warning: Nashorn engine is planned to be removed from a future JDK release
Warning: Nashorn engine is planned to be removed from a future JDK release
Warning: Nashorn engine is planned to be removed from a future JDK release
Warning: Nashorn engine is planned to be removed from a future JDK release
Warning: Nashorn engine is planned to be removed from a future JDK release
Warning: Nashorn engine is planned to be removed from a future JDK release
Warning: Nashorn engine is planned to be removed from a future JDK release
Warning: Nashorn engine is planned to be removed from a future JDK release
Warning: Nashorn engine is planned to be removed from a future JDK release
Warning: Nashorn engine is planned to be removed from a future JDK release
Warning: Nashorn engine is planned to be removed from a future JDK release
Warning: Nashorn engine is planned to be removed from a future JDK release
Warning: Nashorn engine is planned to be removed from a future JDK release
Warning: Nashorn engine is planned to be removed from a future JDK release
Warning: Nashorn engine is planned to be removed from a future JDK release
Warning: Nashorn engine is planned to be removed from a future JDK release
Warning: Nashorn engine is planned to be removed from a future JDK release
Warning: Nashorn engine is planned to be removed from a future JDK release
Warning: Nashorn engine is planned to be removed from a future JDK release
Warning: Nashorn engine is planned to be removed from a future JDK release
Warning: Nashorn engine is planned to be removed from a future JDK release
Warning: Nashorn engine is planned to be removed from a future JDK release
Warning: Nashorn engine is planned to be removed from a future JDK release
Warning: Nashorn engine is planned to be removed from a future JDK release
Warning: Nashorn engine is planned to be removed from a future JDK release
Warning: Nashorn engine is planned to be removed from a future JDK release
Warning: Nashorn engine is planned to be removed from a future JDK release
Warning: Nashorn engine is planned to be removed from a future JDK release
Warning: Nashorn engine is planned to be removed from a future JDK release
Warning: Nashorn engine is planned to be removed from a future JDK release
Warning: Nashorn engine is planned to be removed from a future JDK release
Warning: Nashorn engine is planned to be removed from a future JDK release
Warning: Nashorn engine is planned to be removed from a future JDK release
Warning: Nashorn engine is planned to be removed from a future JDK release
Warning: Nashorn engine is planned to be removed from a future JDK release
Warning: Nashorn engine is planned to be removed from a future JDK release
Warning: Nashorn engine is planned to be removed from a future JDK release
Warning: Nashorn engine is planned to be removed from a future JDK release
Warning: Nashorn engine is planned to be removed from a future JDK release
Warning: Nashorn engine is planned to be removed from a future JDK release
Warning: Nashorn engine is planned to be removed from a future JDK release
Warning: Nashorn engine is planned to be removed from a future JDK release
Warning: Nashorn engine is planned to be removed from a future JDK release
Warning: Nashorn engine is planned to be removed from a future JDK release
Warning: Nashorn engine is planned to be removed from a future JDK release
Warning: Nashorn engine is planned to be removed from a future JDK release
Warning: Nashorn engine is planned to be removed from a future JDK release
Warning: Nashorn engine is planned to be removed from a future JDK release
Warning: Nashorn engine is planned to be removed from a future JDK release
Warning: Nashorn engine is planned to be removed from a future JDK release
Warning: Nashorn engine is planned to be removed from a future JDK release
Warning: Nashorn engine is planned to be removed from a future JDK release
Warning: Nashorn engine is planned to be removed from a future JDK release
Warning: Nashorn engine is planned to be removed from a future JDK release
Warning: Nashorn engine is planned to be removed from a future JDK release
Warning: Nashorn engine is planned to be removed from a future JDK release
Warning: Nashorn engine is planned to be removed from a future JDK release
Warning: Nashorn engine is planned to be removed from a future JDK release
Warning: Nashorn engine is planned to be removed from a future JDK release
Warning: Nashorn engine is planned to be removed from a future JDK release
Warning: Nashorn engine is planned to be removed from a future JDK release
Warning: Nashorn engine is planned to be removed from a future JDK release
Warning: Nashorn engine is planned to be removed from a future JDK release
Warning: Nashorn engine is planned to be removed from a future JDK release
Warning: Nashorn engine is planned to be removed from a future JDK release
Warning: Nashorn engine is planned to be removed from a future JDK release
Warning: Nashorn engine is planned to be removed from a future JDK release
Warning: Nashorn engine is planned to be removed from a future JDK release
Warning: Nashorn engine is planned to be removed from a future JDK release
Warning: Nashorn engine is planned to be removed from a future JDK release
Warning: Nashorn engine is planned to be removed from a future JDK release
Warning: Nashorn engine is planned to be removed from a future JDK release
Warning: Nashorn engine is planned to be removed from a future JDK release
Warning: Nashorn engine is planned to be removed from a future JDK release
Warning: Nashorn engine is planned to be removed from a future JDK release
Warning: Nashorn engine is planned to be removed from a future JDK release
Warning: Nashorn engine is planned to be removed from a future JDK release
Warning: Nashorn engine is planned to be removed from a future JDK release
Warning: Nashorn engine is planned to be removed from a future JDK release
Warning: Nashorn engine is planned to be removed from a future JDK release
Warning: Nashorn engine is planned to be removed from a future JDK release
Warning: Nashorn engine is planned to be removed from a future JDK release
Warning: Nashorn engine is planned to be removed from a future JDK release
Warning: Nashorn engine is planned to be removed from a future JDK release
Warning: Nashorn engine is planned to be removed from a future JDK release
Warning: Nashorn engine is planned to be removed from a future JDK release
Warning: Nashorn engine is planned to be removed from a future JDK release
Warning: Nashorn engine is planned to be removed from a future JDK release
Warning: Nashorn engine is planned to be removed from a future JDK release
Warning: Nashorn engine is planned to be removed from a future JDK release
Warning: Nashorn engine is planned to be removed from a future JDK release
Warning: Nashorn engine is planned to be removed from a future JDK release
Warning: Nashorn engine is planned to be removed from a future JDK release
Warning: Nashorn engine is planned to be removed from a future JDK release
Warning: Nashorn engine is planned to be removed from a future JDK release
Warning: Nashorn engine is planned to be removed from a future JDK release
Warning: Nashorn engine is planned to be removed from a future JDK release
Warning: Nashorn engine is planned to be removed from a future JDK release
Warning: Nashorn engine is planned to be removed from a future JDK release
Warning: Nashorn engine is planned to be removed from a future JDK release
Warning: Nashorn engine is planned to be removed from a future JDK release
Warning: Nashorn engine is planned to be removed from a future JDK release
Warning: Nashorn engine is planned to be removed from a future JDK release
Warning: Nashorn engine is planned to be removed from a future JDK release
Warning: Nashorn engine is planned to be removed from a future JDK release
Warning: Nashorn engine is planned to be removed from a future JDK release
Warning: Nashorn engine is planned to be removed from a future JDK release
Warning: Nashorn engine is planned to be removed from a future JDK release
Warning: Nashorn engine is planned to be removed from a future JDK release
Warning: Nashorn engine is planned to be removed from a future JDK release
Warning: Nashorn engine is planned to be removed from a future JDK release
Warning: Nashorn engine is planned to be removed from a future JDK release
Warning: Nashorn engine is planned to be removed from a future JDK release
Warning: Nashorn engine is planned to be removed from a future JDK release
Warning: Nashorn engine is planned to be removed from a future JDK release
Warning: Nashorn engine is planned to be removed from a future JDK release
Warning: Nashorn engine is planned to be removed from a future JDK release
Warning: Nashorn engine is planned to be removed from a future JDK release
Warning: Nashorn engine is planned to be removed from a future JDK release
Warning: Nashorn engine is planned to be removed from a future JDK release
Warning: Nashorn engine is planned to be removed from a future JDK release
Warning: Nashorn engine is planned to be removed from a future JDK release
Warning: Nashorn engine is planned to be removed from a future JDK release
Warning: Nashorn engine is planned to be removed from a future JDK release
Warning: Nashorn engine is planned to be removed from a future JDK release
Warning: Nashorn engine is planned to be removed from a future JDK release
Warning: Nashorn engine is planned to be removed from a future JDK release
Warning: Nashorn engine is planned to be removed from a future JDK release
Warning: Nashorn engine is planned to be removed from a future JDK release
Warning: Nashorn engine is planned to be removed from a future JDK release
Warning: Nashorn engine is planned to be removed from a future JDK release
Warning: Nashorn engine is planned to be removed from a future JDK release
Warning: Nashorn engine is planned to be removed from a future JDK release
Warning: Nashorn engine is planned to be removed from a future JDK release
Warning: Nashorn engine is planned to be removed from a future JDK release
Warning: Nashorn engine is planned to be removed from a future JDK release
Warning: Nashorn engine is planned to be removed from a future JDK release
Warning: Nashorn engine is planned to be removed from a future JDK release
Warning: Nashorn engine is planned to be removed from a future JDK release
Warning: Nashorn engine is planned to be removed from a future JDK release
Warning: Nashorn engine is planned to be removed from a future JDK release
Warning: Nashorn engine is planned to be removed from a future JDK release
Warning: Nashorn engine is planned to be removed from a future JDK release
Warning: Nashorn engine is planned to be removed from a future JDK release
Warning: Nashorn engine is planned to be removed from a future JDK release
Warning: Nashorn engine is planned to be removed from a future JDK release
Warning: Nashorn engine is planned to be removed from a future JDK release
Warning: Nashorn engine is planned to be removed from a future JDK release
Warning: Nashorn engine is planned to be removed from a future JDK release
Warning: Nashorn engine is planned to be removed from a future JDK release
Warning: Nashorn engine is planned to be removed from a future JDK release
Warning: Nashorn engine is planned to be removed from a future JDK release
Warning: Nashorn engine is planned to be removed from a future JDK release
Warning: Nashorn engine is planned to be removed from a future JDK release
Warning: Nashorn engine is planned to be removed from a future JDK release
Warning: Nashorn engine is planned to be removed from a future JDK release
Warning: Nashorn engine is planned to be removed from a future JDK release
Warning: Nashorn engine is planned to be removed from a future JDK release
Warning: Nashorn engine is planned to be removed from a future JDK release
Warning: Nashorn engine is planned to be removed from a future JDK release
Warning: Nashorn engine is planned to be removed from a future JDK release
Warning: Nashorn engine is planned to be removed from a future JDK release
Warning: Nashorn engine is planned to be removed from a future JDK release
Warning: Nashorn engine is planned to be removed from a future JDK release
Warning: Nashorn engine is planned to be removed from a future JDK release
Warning: Nashorn engine is planned to be removed from a future JDK release
Warning: Nashorn engine is planned to be removed from a future JDK release
Warning: Nashorn engine is planned to be removed from a future JDK release
Warning: Nashorn engine is planned to be removed from a future JDK release
Warning: Nashorn engine is planned to be removed from a future JDK release
Warning: Nashorn engine is planned to be removed from a future JDK release
Warning: Nashorn engine is planned to be removed from a future JDK release
Warning: Nashorn engine is planned to be removed from a future JDK release
Warning: Nashorn engine is planned to be removed from a future JDK release
Warning: Nashorn engine is planned to be removed from a future JDK release
Warning: Nashorn engine is planned to be removed from a future JDK release
Warning: Nashorn engine is planned to be removed from a future JDK release
Warning: Nashorn engine is planned to be removed from a future JDK release
Warning: Nashorn engine is planned to be removed from a future JDK release
Warning: Nashorn engine is planned to be removed from a future JDK release
Warning: Nashorn engine is planned to be removed from a future JDK release
Warning: Nashorn engine is planned to be removed from a future JDK release
Warning: Nashorn engine is planned to be removed from a future JDK release
Warning: Nashorn engine is planned to be removed from a future JDK release
Warning: Nashorn engine is planned to be removed from a future JDK release
Warning: Nashorn engine is planned to be removed from a future JDK release
Warning: Nashorn engine is planned to be removed from a future JDK release
Warning: Nashorn engine is planned to be removed from a future JDK release
Warning: Nashorn engine is planned to be removed from a future JDK release
Warning: Nashorn engine is planned to be removed from a future JDK release
Warning: Nashorn engine is planned to be removed from a future JDK release
Warning: Nashorn engine is planned to be removed from a future JDK release
Warning: Nashorn engine is planned to be removed from a future JDK release
Warning: Nashorn engine is planned to be removed from a future JDK release
Warning: Nashorn engine is planned to be removed from a future JDK release
Warning: Nashorn engine is planned to be removed from a future JDK release
Warning: Nashorn engine is planned to be removed from a future JDK release
Warning: Nashorn engine is planned to be removed from a future JDK release
Warning: Nashorn engine is planned to be removed from a future JDK release
Warning: Nashorn engine is planned to be removed from a future JDK release
Warning: Nashorn engine is planned to be removed from a future JDK release
Warning: Nashorn engine is planned to be removed from a future JDK release
Warning: Nashorn engine is planned to be removed from a future JDK release
Warning: Nashorn engine is planned to be removed from a future JDK release
Warning: Nashorn engine is planned to be removed from a future JDK release
Warning: Nashorn engine is planned to be removed from a future JDK release
Warning: Nashorn engine is planned to be removed from a future JDK release
Warning: Nashorn engine is planned to be removed from a future JDK release
Warning: Nashorn engine is planned to be removed from a future JDK release
Warning: Nashorn engine is planned to be removed from a future JDK release
Warning: Nashorn engine is planned to be removed from a future JDK release
Warning: Nashorn engine is planned to be removed from a future JDK release
Warning: Nashorn engine is planned to be removed from a future JDK release
Warning: Nashorn engine is planned to be removed from a future JDK release
Warning: Nashorn engine is planned to be removed from a future JDK release
Warning: Nashorn engine is planned to be removed from a future JDK release
Warning: Nashorn engine is planned to be removed from a future JDK release
Warning: Nashorn engine is planned to be removed from a future JDK release
Warning: Nashorn engine is planned to be removed from a future JDK release
Warning: Nashorn engine is planned to be removed from a future JDK release
Warning: Nashorn engine is planned to be removed from a future JDK release
Warning: Nashorn engine is planned to be removed from a future JDK release
Warning: Nashorn engine is planned to be removed from a future JDK release
Warning: Nashorn engine is planned to be removed from a future JDK release
Warning: Nashorn engine is planned to be removed from a future JDK release
Warning: Nashorn engine is planned to be removed from a future JDK release
Warning: Nashorn engine is planned to be removed from a future JDK release
Warning: Nashorn engine is planned to be removed from a future JDK release
Warning: Nashorn engine is planned to be removed from a future JDK release
Warning: Nashorn engine is planned to be removed from a future JDK release
Warning: Nashorn engine is planned to be removed from a future JDK release
Warning: Nashorn engine is planned to be removed from a future JDK release
Warning: Nashorn engine is planned to be removed from a future JDK release
Warning: Nashorn engine is planned to be removed from a future JDK release
Warning: Nashorn engine is planned to be removed from a future JDK release
Warning: Nashorn engine is planned to be removed from a future JDK release
Warning: Nashorn engine is planned to be removed from a future JDK release
Warning: Nashorn engine is planned to be removed from a future JDK release
Warning: Nashorn engine is planned to be removed from a future JDK release
Warning: Nashorn engine is planned to be removed from a future JDK release
Warning: Nashorn engine is planned to be removed from a future JDK release
Warning: Nashorn engine is planned to be removed from a future JDK release
Warning: Nashorn engine is planned to be removed from a future JDK release
Warning: Nashorn engine is planned to be removed from a future JDK release
Warning: Nashorn engine is planned to be removed from a future JDK release
Warning: Nashorn engine is planned to be removed from a future JDK release
Warning: Nashorn engine is planned to be removed from a future JDK release
Warning: Nashorn engine is planned to be removed from a future JDK release
Warning: Nashorn engine is planned to be removed from a future JDK release
Warning: Nashorn engine is planned to be removed from a future JDK release
Warning: Nashorn engine is planned to be removed from a future JDK release
Warning: Nashorn engine is planned to be removed from a future JDK release
Warning: Nashorn engine is planned to be removed from a future JDK release
Warning: Nashorn engine is planned to be removed from a future JDK release
Warning: Nashorn engine is planned to be removed from a future JDK release
Warning: Nashorn engine is planned to be removed from a future JDK release
Warning: Nashorn engine is planned to be removed from a future JDK release
Warning: Nashorn engine is planned to be removed from a future JDK release
Warning: Nashorn engine is planned to be removed from a future JDK release
Warning: Nashorn engine is planned to be removed from a future JDK release
Warning: Nashorn engine is planned to be removed from a future JDK release
Warning: Nashorn engine is planned to be removed from a future JDK release
Warning: Nashorn engine is planned to be removed from a future JDK release
Warning: Nashorn engine is planned to be removed from a future JDK release
Warning: Nashorn engine is planned to be removed from a future JDK release
Warning: Nashorn engine is planned to be removed from a future JDK release
Warning: Nashorn engine is planned to be removed from a future JDK release
Warning: Nashorn engine is planned to be removed from a future JDK release
Warning: Nashorn engine is planned to be removed from a future JDK release
Warning: Nashorn engine is planned to be removed from a future JDK release
Warning: Nashorn engine is planned to be removed from a future JDK release
Warning: Nashorn engine is planned to be removed from a future JDK release
Warning: Nashorn engine is planned to be removed from a future JDK release
Warning: Nashorn engine is planned to be removed from a future JDK release
Warning: Nashorn engine is planned to be removed from a future JDK release
Warning: Nashorn engine is planned to be removed from a future JDK release
Warning: Nashorn engine is planned to be removed from a future JDK release
Warning: Nashorn engine is planned to be removed from a future JDK release
Warning: Nashorn engine is planned to be removed from a future JDK release
Warning: Nashorn engine is planned to be removed from a future JDK release
Warning: Nashorn engine is planned to be removed from a future JDK release
Warning: Nashorn engine is planned to be removed from a future JDK release
Warning: Nashorn engine is planned to be removed from a future JDK release
Warning: Nashorn engine is planned to be removed from a future JDK release
Warning: Nashorn engine is planned to be removed from a future JDK release
Warning: Nashorn engine is planned to be removed from a future JDK release
Warning: Nashorn engine is planned to be removed from a future JDK release
Warning: Nashorn engine is planned to be removed from a future JDK release
Warning: Nashorn engine is planned to be removed from a future JDK release
Warning: Nashorn engine is planned to be removed from a future JDK release
Warning: Nashorn engine is planned to be removed from a future JDK release
Warning: Nashorn engine is planned to be removed from a future JDK release
Warning: Nashorn engine is planned to be removed from a future JDK release
Warning: Nashorn engine is planned to be removed from a future JDK release
Warning: Nashorn engine is planned to be removed from a future JDK release
Warning: Nashorn engine is planned to be removed from a future JDK release
Warning: Nashorn engine is planned to be removed from a future JDK release
Warning: Nashorn engine is planned to be removed from a future JDK release
Warning: Nashorn engine is planned to be removed from a future JDK release
Warning: Nashorn engine is planned to be removed from a future JDK release
Warning: Nashorn engine is planned to be removed from a future JDK release
Warning: Nashorn engine is planned to be removed from a future JDK release
Warning: Nashorn engine is planned to be removed from a future JDK release
Warning: Nashorn engine is planned to be removed from a future JDK release
Warning: Nashorn engine is planned to be removed from a future JDK release
Warning: Nashorn engine is planned to be removed from a future JDK release
Warning: Nashorn engine is planned to be removed from a future JDK release
Warning: Nashorn engine is planned to be removed from a future JDK release
Warning: Nashorn engine is planned to be removed from a future JDK release
Warning: Nashorn engine is planned to be removed from a future JDK release
Warning: Nashorn engine is planned to be removed from a future JDK release
Warning: Nashorn engine is planned to be removed from a future JDK release
Warning: Nashorn engine is planned to be removed from a future JDK release
Warning: Nashorn engine is planned to be removed from a future JDK release
Warning: Nashorn engine is planned to be removed from a future JDK release
Warning: Nashorn engine is planned to be removed from a future JDK release
Warning: Nashorn engine is planned to be removed from a future JDK release
Warning: Nashorn engine is planned to be removed from a future JDK release
Warning: Nashorn engine is planned to be removed from a future JDK release
Warning: Nashorn engine is planned to be removed from a future JDK release
Warning: Nashorn engine is planned to be removed from a future JDK release
Warning: Nashorn engine is planned to be removed from a future JDK release
Warning: Nashorn engine is planned to be removed from a future JDK release
Warning: Nashorn engine is planned to be removed from a future JDK release
Warning: Nashorn engine is planned to be removed from a future JDK release
Warning: Nashorn engine is planned to be removed from a future JDK release
Warning: Nashorn engine is planned to be removed from a future JDK release
Warning: Nashorn engine is planned to be removed from a future JDK release
Warning: Nashorn engine is planned to be removed from a future JDK release
Warning: Nashorn engine is planned to be removed from a future JDK release
Warning: Nashorn engine is planned to be removed from a future JDK release
Warning: Nashorn engine is planned to be removed from a future JDK release
Warning: Nashorn engine is planned to be removed from a future JDK release
Warning: Nashorn engine is planned to be removed from a future JDK release
Warning: Nashorn engine is planned to be removed from a future JDK release
Warning: Nashorn engine is planned to be removed from a future JDK release
Warning: Nashorn engine is planned to be removed from a future JDK release
Warning: Nashorn engine is planned to be removed from a future JDK release
Warning: Nashorn engine is planned to be removed from a future JDK release
Warning: Nashorn engine is planned to be removed from a future JDK release
Warning: Nashorn engine is planned to be removed from a future JDK release
Warning: Nashorn engine is planned to be removed from a future JDK release
Warning: Nashorn engine is planned to be removed from a future JDK release
Warning: Nashorn engine is planned to be removed from a future JDK release
Warning: Nashorn engine is planned to be removed from a future JDK release
Warning: Nashorn engine is planned to be removed from a future JDK release
Warning: Nashorn engine is planned to be removed from a future JDK release
Warning: Nashorn engine is planned to be removed from a future JDK release
Warning: Nashorn engine is planned to be removed from a future JDK release
Warning: Nashorn engine is planned to be removed from a future JDK release
Warning: Nashorn engine is planned to be removed from a future JDK release
Warning: Nashorn engine is planned to be removed from a future JDK release
Warning: Nashorn engine is planned to be removed from a future JDK release
Warning: Nashorn engine is planned to be removed from a future JDK release
Warning: Nashorn engine is planned to be removed from a future JDK release
Warning: Nashorn engine is planned to be removed from a future JDK release
Warning: Nashorn engine is planned to be removed from a future JDK release
Warning: Nashorn engine is planned to be removed from a future JDK release
Warning: Nashorn engine is planned to be removed from a future JDK release
Warning: Nashorn engine is planned to be removed from a future JDK release
Warning: Nashorn engine is planned to be removed from a future JDK release
Warning: Nashorn engine is planned to be removed from a future JDK release
Warning: Nashorn engine is planned to be removed from a future JDK release
Warning: Nashorn engine is planned to be removed from a future JDK release
Warning: Nashorn engine is planned to be removed from a future JDK release
Warning: Nashorn engine is planned to be removed from a future JDK release
Warning: Nashorn engine is planned to be removed from a future JDK release
Warning: Nashorn engine is planned to be removed from a future JDK release
Warning: Nashorn engine is planned to be removed from a future JDK release
Warning: Nashorn engine is planned to be removed from a future JDK release
Warning: Nashorn engine is planned to be removed from a future JDK release
Warning: Nashorn engine is planned to be removed from a future JDK release
Warning: Nashorn engine is planned to be removed from a future JDK release
Warning: Nashorn engine is planned to be removed from a future JDK release
Warning: Nashorn engine is planned to be removed from a future JDK release
Warning: Nashorn engine is planned to be removed from a future JDK release
Warning: Nashorn engine is planned to be removed from a future JDK release
Warning: Nashorn engine is planned to be removed from a future JDK release
Warning: Nashorn engine is planned to be removed from a future JDK release
Warning: Nashorn engine is planned to be removed from a future JDK release
Warning: Nashorn engine is planned to be removed from a future JDK release
Warning: Nashorn engine is planned to be removed from a future JDK release
Warning: Nashorn engine is planned to be removed from a future JDK release
Warning: Nashorn engine is planned to be removed from a future JDK release
Warning: Nashorn engine is planned to be removed from a future JDK release
Warning: Nashorn engine is planned to be removed from a future JDK release
Warning: Nashorn engine is planned to be removed from a future JDK release
Warning: Nashorn engine is planned to be removed from a future JDK release
Warning: Nashorn engine is planned to be removed from a future JDK release
Warning: Nashorn engine is planned to be removed from a future JDK release
Warning: Nashorn engine is planned to be removed from a future JDK release
Warning: Nashorn engine is planned to be removed from a future JDK release
Warning: Nashorn engine is planned to be removed from a future JDK release
Warning: Nashorn engine is planned to be removed from a future JDK release
Warning: Nashorn engine is planned to be removed from a future JDK release
Warning: Nashorn engine is planned to be removed from a future JDK release
Warning: Nashorn engine is planned to be removed from a future JDK release
Warning: Nashorn engine is planned to be removed from a future JDK release
Warning: Nashorn engine is planned to be removed from a future JDK release
Warning: Nashorn engine is planned to be removed from a future JDK release
Warning: Nashorn engine is planned to be removed from a future JDK release
Warning: Nashorn engine is planned to be removed from a future JDK release
Warning: Nashorn engine is planned to be removed from a future JDK release
Warning: Nashorn engine is planned to be removed from a future JDK release
Warning: Nashorn engine is planned to be removed from a future JDK release
Warning: Nashorn engine is planned to be removed from a future JDK release
Warning: Nashorn engine is planned to be removed from a future JDK release
Warning: Nashorn engine is planned to be removed from a future JDK release
Warning: Nashorn engine is planned to be removed from a future JDK release
Warning: Nashorn engine is planned to be removed from a future JDK release
Warning: Nashorn engine is planned to be removed from a future JDK release
Warning: Nashorn engine is planned to be removed from a future JDK release
Warning: Nashorn engine is planned to be removed from a future JDK release
Warning: Nashorn engine is planned to be removed from a future JDK release
Warning: Nashorn engine is planned to be removed from a future JDK release
Warning: Nashorn engine is planned to be removed from a future JDK release
Warning: Nashorn engine is planned to be removed from a future JDK release
Warning: Nashorn engine is planned to be removed from a future JDK release
Warning: Nashorn engine is planned to be removed from a future JDK release
Warning: Nashorn engine is planned to be removed from a future JDK release
Warning: Nashorn engine is planned to be removed from a future JDK release
Warning: Nashorn engine is planned to be removed from a future JDK release
Warning: Nashorn engine is planned to be removed from a future JDK release
Warning: Nashorn engine is planned to be removed from a future JDK release
Warning: Nashorn engine is planned to be removed from a future JDK release
Warning: Nashorn engine is planned to be removed from a future JDK release
Warning: Nashorn engine is planned to be removed from a future JDK release
Warning: Nashorn engine is planned to be removed from a future JDK release
Warning: Nashorn engine is planned to be removed from a future JDK release
Warning: Nashorn engine is planned to be removed from a future JDK release
Warning: Nashorn engine is planned to be removed from a future JDK release
Warning: Nashorn engine is planned to be removed from a future JDK release
Warning: Nashorn engine is planned to be removed from a future JDK release
Warning: Nashorn engine is planned to be removed from a future JDK release
Warning: Nashorn engine is planned to be removed from a future JDK release
Warning: Nashorn engine is planned to be removed from a future JDK release
Warning: Nashorn engine is planned to be removed from a future JDK release
Warning: Nashorn engine is planned to be removed from a future JDK release
Warning: Nashorn engine is planned to be removed from a future JDK release
Warning: Nashorn engine is planned to be removed from a future JDK release
Warning: Nashorn engine is planned to be removed from a future JDK release
Warning: Nashorn engine is planned to be removed from a future JDK release
Warning: Nashorn engine is planned to be removed from a future JDK release
Warning: Nashorn engine is planned to be removed from a future JDK release
Warning: Nashorn engine is planned to be removed from a future JDK release
Warning: Nashorn engine is planned to be removed from a future JDK release
Warning: Nashorn engine is planned to be removed from a future JDK release
Warning: Nashorn engine is planned to be removed from a future JDK release
Warning: Nashorn engine is planned to be removed from a future JDK release
Warning: Nashorn engine is planned to be removed from a future JDK release
Warning: Nashorn engine is planned to be removed from a future JDK release
Warning: Nashorn engine is planned to be removed from a future JDK release
Warning: Nashorn engine is planned to be removed from a future JDK release
Warning: Nashorn engine is planned to be removed from a future JDK release
Warning: Nashorn engine is planned to be removed from a future JDK release
Warning: Nashorn engine is planned to be removed from a future JDK release
Warning: Nashorn engine is planned to be removed from a future JDK release
Warning: Nashorn engine is planned to be removed from a future JDK release
Warning: Nashorn engine is planned to be removed from a future JDK release
Warning: Nashorn engine is planned to be removed from a future JDK release
Warning: Nashorn engine is planned to be removed from a future JDK release
Warning: Nashorn engine is planned to be removed from a future JDK release
Warning: Nashorn engine is planned to be removed from a future JDK release
Warning: Nashorn engine is planned to be removed from a future JDK release
Warning: Nashorn engine is planned to be removed from a future JDK release
Warning: Nashorn engine is planned to be removed from a future JDK release
Warning: Nashorn engine is planned to be removed from a future JDK release
Warning: Nashorn engine is planned to be removed from a future JDK release
Warning: Nashorn engine is planned to be removed from a future JDK release
Warning: Nashorn engine is planned to be removed from a future JDK release
Warning: Nashorn engine is planned to be removed from a future JDK release
Warning: Nashorn engine is planned to be removed from a future JDK release
Warning: Nashorn engine is planned to be removed from a future JDK release
Warning: Nashorn engine is planned to be removed from a future JDK release
Warning: Nashorn engine is planned to be removed from a future JDK release
Warning: Nashorn engine is planned to be removed from a future JDK release
Warning: Nashorn engine is planned to be removed from a future JDK release
Warning: Nashorn engine is planned to be removed from a future JDK release
Warning: Nashorn engine is planned to be removed from a future JDK release
Warning: Nashorn engine is planned to be removed from a future JDK release
Warning: Nashorn engine is planned to be removed from a future JDK release
Warning: Nashorn engine is planned to be removed from a future JDK release
Warning: Nashorn engine is planned to be removed from a future JDK release
Warning: Nashorn engine is planned to be removed from a future JDK release
Warning: Nashorn engine is planned to be removed from a future JDK release
Warning: Nashorn engine is planned to be removed from a future JDK release
Warning: Nashorn engine is planned to be removed from a future JDK release
Warning: Nashorn engine is planned to be removed from a future JDK release
Warning: Nashorn engine is planned to be removed from a future JDK release
Warning: Nashorn engine is planned to be removed from a future JDK release
Warning: Nashorn engine is planned to be removed from a future JDK release
Warning: Nashorn engine is planned to be removed from a future JDK release
Warning: Nashorn engine is planned to be removed from a future JDK release
Warning: Nashorn engine is planned to be removed from a future JDK release
Warning: Nashorn engine is planned to be removed from a future JDK release
Warning: Nashorn engine is planned to be removed from a future JDK release
Warning: Nashorn engine is planned to be removed from a future JDK release
Warning: Nashorn engine is planned to be removed from a future JDK release
Warning: Nashorn engine is planned to be removed from a future JDK release
Warning: Nashorn engine is planned to be removed from a future JDK release
Warning: Nashorn engine is planned to be removed from a future JDK release
Warning: Nashorn engine is planned to be removed from a future JDK release
Warning: Nashorn engine is planned to be removed from a future JDK release
Warning: Nashorn engine is planned to be removed from a future JDK release
Warning: Nashorn engine is planned to be removed from a future JDK release
Warning: Nashorn engine is planned to be removed from a future JDK release
Warning: Nashorn engine is planned to be removed from a future JDK release
Warning: Nashorn engine is planned to be removed from a future JDK release
Warning: Nashorn engine is planned to be removed from a future JDK release
Warning: Nashorn engine is planned to be removed from a future JDK release
Warning: Nashorn engine is planned to be removed from a future JDK release
Warning: Nashorn engine is planned to be removed from a future JDK release
Warning: Nashorn engine is planned to be removed from a future JDK release
Warning: Nashorn engine is planned to be removed from a future JDK release
Warning: Nashorn engine is planned to be removed from a future JDK release
Warning: Nashorn engine is planned to be removed from a future JDK release
Warning: Nashorn engine is planned to be removed from a future JDK release
Warning: Nashorn engine is planned to be removed from a future JDK release
Warning: Nashorn engine is planned to be removed from a future JDK release
Warning: Nashorn engine is planned to be removed from a future JDK release
Warning: Nashorn engine is planned to be removed from a future JDK release
Warning: Nashorn engine is planned to be removed from a future JDK release
Warning: Nashorn engine is planned to be removed from a future JDK release
Warning: Nashorn engine is planned to be removed from a future JDK release
Warning: Nashorn engine is planned to be removed from a future JDK release
Warning: Nashorn engine is planned to be removed from a future JDK release
Warning: Nashorn engine is planned to be removed from a future JDK release
Warning: Nashorn engine is planned to be removed from a future JDK release
Warning: Nashorn engine is planned to be removed from a future JDK release
Warning: Nashorn engine is planned to be removed from a future JDK release
Warning: Nashorn engine is planned to be removed from a future JDK release
Warning: Nashorn engine is planned to be removed from a future JDK release
Warning: Nashorn engine is planned to be removed from a future JDK release
Warning: Nashorn engine is planned to be removed from a future JDK release
Warning: Nashorn engine is planned to be removed from a future JDK release
Warning: Nashorn engine is planned to be removed from a future JDK release
Warning: Nashorn engine is planned to be removed from a future JDK release
Warning: Nashorn engine is planned to be removed from a future JDK release
Warning: Nashorn engine is planned to be removed from a future JDK release
Warning: Nashorn engine is planned to be removed from a future JDK release
Warning: Nashorn engine is planned to be removed from a future JDK release
Warning: Nashorn engine is planned to be removed from a future JDK release
Warning: Nashorn engine is planned to be removed from a future JDK release
Warning: Nashorn engine is planned to be removed from a future JDK release
Warning: Nashorn engine is planned to be removed from a future JDK release
Warning: Nashorn engine is planned to be removed from a future JDK release
Warning: Nashorn engine is planned to be removed from a future JDK release
Warning: Nashorn engine is planned to be removed from a future JDK release
Warning: Nashorn engine is planned to be removed from a future JDK release
Warning: Nashorn engine is planned to be removed from a future JDK release
Warning: Nashorn engine is planned to be removed from a future JDK release
Warning: Nashorn engine is planned to be removed from a future JDK release
Warning: Nashorn engine is planned to be removed from a future JDK release
Warning: Nashorn engine is planned to be removed from a future JDK release
Warning: Nashorn engine is planned to be removed from a future JDK release
Warning: Nashorn engine is planned to be removed from a future JDK release
Warning: Nashorn engine is planned to be removed from a future JDK release
Warning: Nashorn engine is planned to be removed from a future JDK release
Warning: Nashorn engine is planned to be removed from a future JDK release
Warning: Nashorn engine is planned to be removed from a future JDK release
Warning: Nashorn engine is planned to be removed from a future JDK release
Warning: Nashorn engine is planned to be removed from a future JDK release
Warning: Nashorn engine is planned to be removed from a future JDK release
Warning: Nashorn engine is planned to be removed from a future JDK release
Warning: Nashorn engine is planned to be removed from a future JDK release
Warning: Nashorn engine is planned to be removed from a future JDK release
Warning: Nashorn engine is planned to be removed from a future JDK release
Warning: Nashorn engine is planned to be removed from a future JDK release
Warning: Nashorn engine is planned to be removed from a future JDK release
Warning: Nashorn engine is planned to be removed from a future JDK release
Warning: Nashorn engine is planned to be removed from a future JDK release
Warning: Nashorn engine is planned to be removed from a future JDK release
Warning: Nashorn engine is planned to be removed from a future JDK release
Warning: Nashorn engine is planned to be removed from a future JDK release
Warning: Nashorn engine is planned to be removed from a future JDK release
Warning: Nashorn engine is planned to be removed from a future JDK release
Warning: Nashorn engine is planned to be removed from a future JDK release
Warning: Nashorn engine is planned to be removed from a future JDK release
Warning: Nashorn engine is planned to be removed from a future JDK release
Warning: Nashorn engine is planned to be removed from a future JDK release
Warning: Nashorn engine is planned to be removed from a future JDK release
Warning: Nashorn engine is planned to be removed from a future JDK release
Warning: Nashorn engine is planned to be removed from a future JDK release
Warning: Nashorn engine is planned to be removed from a future JDK release
Warning: Nashorn engine is planned to be removed from a future JDK release
Warning: Nashorn engine is planned to be removed from a future JDK release
Warning: Nashorn engine is planned to be removed from a future JDK release
Warning: Nashorn engine is planned to be removed from a future JDK release
Warning: Nashorn engine is planned to be removed from a future JDK release
Warning: Nashorn engine is planned to be removed from a future JDK release
Warning: Nashorn engine is planned to be removed from a future JDK release
Warning: Nashorn engine is planned to be removed from a future JDK release
Warning: Nashorn engine is planned to be removed from a future JDK release
Warning: Nashorn engine is planned to be removed from a future JDK release
Warning: Nashorn engine is planned to be removed from a future JDK release
Warning: Nashorn engine is planned to be removed from a future JDK release
Warning: Nashorn engine is planned to be removed from a future JDK release
Warning: Nashorn engine is planned to be removed from a future JDK release
Warning: Nashorn engine is planned to be removed from a future JDK release
Warning: Nashorn engine is planned to be removed from a future JDK release
Warning: Nashorn engine is planned to be removed from a future JDK release
Warning: Nashorn engine is planned to be removed from a future JDK release
Warning: Nashorn engine is planned to be removed from a future JDK release
Warning: Nashorn engine is planned to be removed from a future JDK release
Warning: Nashorn engine is planned to be removed from a future JDK release
Warning: Nashorn engine is planned to be removed from a future JDK release
Warning: Nashorn engine is planned to be removed from a future JDK release
Warning: Nashorn engine is planned to be removed from a future JDK release
Warning: Nashorn engine is planned to be removed from a future JDK release
Warning: Nashorn engine is planned to be removed from a future JDK release
Warning: Nashorn engine is planned to be removed from a future JDK release
Warning: Nashorn engine is planned to be removed from a future JDK release
Warning: Nashorn engine is planned to be removed from a future JDK release
Warning: Nashorn engine is planned to be removed from a future JDK release
Warning: Nashorn engine is planned to be removed from a future JDK release
Warning: Nashorn engine is planned to be removed from a future JDK release
Warning: Nashorn engine is planned to be removed from a future JDK release
Warning: Nashorn engine is planned to be removed from a future JDK release
Warning: Nashorn engine is planned to be removed from a future JDK release
Warning: Nashorn engine is planned to be removed from a future JDK release
Warning: Nashorn engine is planned to be removed from a future JDK release
Warning: Nashorn engine is planned to be removed from a future JDK release
Warning: Nashorn engine is planned to be removed from a future JDK release
Warning: Nashorn engine is planned to be removed from a future JDK release
Warning: Nashorn engine is planned to be removed from a future JDK release
Warning: Nashorn engine is planned to be removed from a future JDK release
Warning: Nashorn engine is planned to be removed from a future JDK release
Warning: Nashorn engine is planned to be removed from a future JDK release
Warning: Nashorn engine is planned to be removed from a future JDK release
Warning: Nashorn engine is planned to be removed from a future JDK release
Warning: Nashorn engine is planned to be removed from a future JDK release
Warning: Nashorn engine is planned to be removed from a future JDK release
Warning: Nashorn engine is planned to be removed from a future JDK release
Warning: Nashorn engine is planned to be removed from a future JDK release
Warning: Nashorn engine is planned to be removed from a future JDK release
Warning: Nashorn engine is planned to be removed from a future JDK release
Warning: Nashorn engine is planned to be removed from a future JDK release
Warning: Nashorn engine is planned to be removed from a future JDK release
Warning: Nashorn engine is planned to be removed from a future JDK release
Warning: Nashorn engine is planned to be removed from a future JDK release
Warning: Nashorn engine is planned to be removed from a future JDK release
Warning: Nashorn engine is planned to be removed from a future JDK release
Warning: Nashorn engine is planned to be removed from a future JDK release
Warning: Nashorn engine is planned to be removed from a future JDK release
Warning: Nashorn engine is planned to be removed from a future JDK release
Warning: Nashorn engine is planned to be removed from a future JDK release
Warning: Nashorn engine is planned to be removed from a future JDK release
Warning: Nashorn engine is planned to be removed from a future JDK release
Warning: Nashorn engine is planned to be removed from a future JDK release
Warning: Nashorn engine is planned to be removed from a future JDK release
Warning: Nashorn engine is planned to be removed from a future JDK release
Warning: Nashorn engine is planned to be removed from a future JDK release
Warning: Nashorn engine is planned to be removed from a future JDK release
Warning: Nashorn engine is planned to be removed from a future JDK release
Warning: Nashorn engine is planned to be removed from a future JDK release
Warning: Nashorn engine is planned to be removed from a future JDK release
Warning: Nashorn engine is planned to be removed from a future JDK release
Warning: Nashorn engine is planned to be removed from a future JDK release
Warning: Nashorn engine is planned to be removed from a future JDK release
Warning: Nashorn engine is planned to be removed from a future JDK release
Warning: Nashorn engine is planned to be removed from a future JDK release
Warning: Nashorn engine is planned to be removed from a future JDK release
Warning: Nashorn engine is planned to be removed from a future JDK release
Warning: Nashorn engine is planned to be removed from a future JDK release
Warning: Nashorn engine is planned to be removed from a future JDK release
Warning: Nashorn engine is planned to be removed from a future JDK release
Warning: Nashorn engine is planned to be removed from a future JDK release
Warning: Nashorn engine is planned to be removed from a future JDK release
Warning: Nashorn engine is planned to be removed from a future JDK release
Warning: Nashorn engine is planned to be removed from a future JDK release
Warning: Nashorn engine is planned to be removed from a future JDK release
Warning: Nashorn engine is planned to be removed from a future JDK release
Warning: Nashorn engine is planned to be removed from a future JDK release
Warning: Nashorn engine is planned to be removed from a future JDK release
Warning: Nashorn engine is planned to be removed from a future JDK release
Warning: Nashorn engine is planned to be removed from a future JDK release
Warning: Nashorn engine is planned to be removed from a future JDK release
Warning: Nashorn engine is planned to be removed from a future JDK release
Warning: Nashorn engine is planned to be removed from a future JDK release
Warning: Nashorn engine is planned to be removed from a future JDK release
Warning: Nashorn engine is planned to be removed from a future JDK release
Warning: Nashorn engine is planned to be removed from a future JDK release
Warning: Nashorn engine is planned to be removed from a future JDK release
Warning: Nashorn engine is planned to be removed from a future JDK release
Warning: Nashorn engine is planned to be removed from a future JDK release
Warning: Nashorn engine is planned to be removed from a future JDK release
Warning: Nashorn engine is planned to be removed from a future JDK release
Warning: Nashorn engine is planned to be removed from a future JDK release
Warning: Nashorn engine is planned to be removed from a future JDK release
Warning: Nashorn engine is planned to be removed from a future JDK release
Warning: Nashorn engine is planned to be removed from a future JDK release
Warning: Nashorn engine is planned to be removed from a future JDK release
Warning: Nashorn engine is planned to be removed from a future JDK release
Warning: Nashorn engine is planned to be removed from a future JDK release
Warning: Nashorn engine is planned to be removed from a future JDK release
Warning: Nashorn engine is planned to be removed from a future JDK release
Warning: Nashorn engine is planned to be removed from a future JDK release
Warning: Nashorn engine is planned to be removed from a future JDK release
Warning: Nashorn engine is planned to be removed from a future JDK release
Warning: Nashorn engine is planned to be removed from a future JDK release
Warning: Nashorn engine is planned to be removed from a future JDK release
Warning: Nashorn engine is planned to be removed from a future JDK release
Warning: Nashorn engine is planned to be removed from a future JDK release
Warning: Nashorn engine is planned to be removed from a future JDK release
Warning: Nashorn engine is planned to be removed from a future JDK release
Warning: Nashorn engine is planned to be removed from a future JDK release
Warning: Nashorn engine is planned to be removed from a future JDK release
Warning: Nashorn engine is planned to be removed from a future JDK release
Warning: Nashorn engine is planned to be removed from a future JDK release
Warning: Nashorn engine is planned to be removed from a future JDK release
Warning: Nashorn engine is planned to be removed from a future JDK release
Warning: Nashorn engine is planned to be removed from a future JDK release
Warning: Nashorn engine is planned to be removed from a future JDK release
Warning: Nashorn engine is planned to be removed from a future JDK release
Warning: Nashorn engine is planned to be removed from a future JDK release
Warning: Nashorn engine is planned to be removed from a future JDK release
Warning: Nashorn engine is planned to be removed from a future JDK release
Warning: Nashorn engine is planned to be removed from a future JDK release
Warning: Nashorn engine is planned to be removed from a future JDK release
Warning: Nashorn engine is planned to be removed from a future JDK release
Warning: Nashorn engine is planned to be removed from a future JDK release
Warning: Nashorn engine is planned to be removed from a future JDK release
Warning: Nashorn engine is planned to be removed from a future JDK release
Warning: Nashorn engine is planned to be removed from a future JDK release
Warning: Nashorn engine is planned to be removed from a future JDK release
Warning: Nashorn engine is planned to be removed from a future JDK release
Warning: Nashorn engine is planned to be removed from a future JDK release
Warning: Nashorn engine is planned to be removed from a future JDK release
Warning: Nashorn engine is planned to be removed from a future JDK release
Warning: Nashorn engine is planned to be removed from a future JDK release
Warning: Nashorn engine is planned to be removed from a future JDK release
Warning: Nashorn engine is planned to be removed from a future JDK release
Warning: Nashorn engine is planned to be removed from a future JDK release
Warning: Nashorn engine is planned to be removed from a future JDK release
Warning: Nashorn engine is planned to be removed from a future JDK release
Warning: Nashorn engine is planned to be removed from a future JDK release
Warning: Nashorn engine is planned to be removed from a future JDK release
Warning: Nashorn engine is planned to be removed from a future JDK release
Warning: Nashorn engine is planned to be removed from a future JDK release
Warning: Nashorn engine is planned to be removed from a future JDK release
Warning: Nashorn engine is planned to be removed from a future JDK release
Warning: Nashorn engine is planned to be removed from a future JDK release
Warning: Nashorn engine is planned to be removed from a future JDK release
Warning: Nashorn engine is planned to be removed from a future JDK release
Warning: Nashorn engine is planned to be removed from a future JDK release
Warning: Nashorn engine is planned to be removed from a future JDK release
Warning: Nashorn engine is planned to be removed from a future JDK release
Warning: Nashorn engine is planned to be removed from a future JDK release
Warning: Nashorn engine is planned to be removed from a future JDK release
Warning: Nashorn engine is planned to be removed from a future JDK release
Warning: Nashorn engine is planned to be removed from a future JDK release
Warning: Nashorn engine is planned to be removed from a future JDK release
Warning: Nashorn engine is planned to be removed from a future JDK release
Warning: Nashorn engine is planned to be removed from a future JDK release
Warning: Nashorn engine is planned to be removed from a future JDK release
Warning: Nashorn engine is planned to be removed from a future JDK release
Warning: Nashorn engine is planned to be removed from a future JDK release
Warning: Nashorn engine is planned to be removed from a future JDK release
Warning: Nashorn engine is planned to be removed from a future JDK release
Warning: Nashorn engine is planned to be removed from a future JDK release
Warning: Nashorn engine is planned to be removed from a future JDK release
Warning: Nashorn engine is planned to be removed from a future JDK release
Warning: Nashorn engine is planned to be removed from a future JDK release
Warning: Nashorn engine is planned to be removed from a future JDK release
Warning: Nashorn engine is planned to be removed from a future JDK release
Warning: Nashorn engine is planned to be removed from a future JDK release
Warning: Nashorn engine is planned to be removed from a future JDK release
Warning: Nashorn engine is planned to be removed from a future JDK release
Warning: Nashorn engine is planned to be removed from a future JDK release
Warning: Nashorn engine is planned to be removed from a future JDK release
Warning: Nashorn engine is planned to be removed from a future JDK release
Warning: Nashorn engine is planned to be removed from a future JDK release
Warning: Nashorn engine is planned to be removed from a future JDK release
Warning: Nashorn engine is planned to be removed from a future JDK release
Warning: Nashorn engine is planned to be removed from a future JDK release
Warning: Nashorn engine is planned to be removed from a future JDK release
Warning: Nashorn engine is planned to be removed from a future JDK release
Warning: Nashorn engine is planned to be removed from a future JDK release
Warning: Nashorn engine is planned to be removed from a future JDK release
Warning: Nashorn engine is planned to be removed from a future JDK release
Warning: Nashorn engine is planned to be removed from a future JDK release
Warning: Nashorn engine is planned to be removed from a future JDK release
Warning: Nashorn engine is planned to be removed from a future JDK release
Warning: Nashorn engine is planned to be removed from a future JDK release
Warning: Nashorn engine is planned to be removed from a future JDK release
Warning: Nashorn engine is planned to be removed from a future JDK release
Warning: Nashorn engine is planned to be removed from a future JDK release
Warning: Nashorn engine is planned to be removed from a future JDK release
Warning: Nashorn engine is planned to be removed from a future JDK release
Warning: Nashorn engine is planned to be removed from a future JDK release
Warning: Nashorn engine is planned to be removed from a future JDK release
Warning: Nashorn engine is planned to be removed from a future JDK release
Warning: Nashorn engine is planned to be removed from a future JDK release
Warning: Nashorn engine is planned to be removed from a future JDK release
Warning: Nashorn engine is planned to be removed from a future JDK release
Warning: Nashorn engine is planned to be removed from a future JDK release
Warning: Nashorn engine is planned to be removed from a future JDK release
Warning: Nashorn engine is planned to be removed from a future JDK release
Warning: Nashorn engine is planned to be removed from a future JDK release
Warning: Nashorn engine is planned to be removed from a future JDK release
Warning: Nashorn engine is planned to be removed from a future JDK release
Warning: Nashorn engine is planned to be removed from a future JDK release
Warning: Nashorn engine is planned to be removed from a future JDK release
Warning: Nashorn engine is planned to be removed from a future JDK release
Warning: Nashorn engine is planned to be removed from a future JDK release
Warning: Nashorn engine is planned to be removed from a future JDK release
Warning: Nashorn engine is planned to be removed from a future JDK release
Warning: Nashorn engine is planned to be removed from a future JDK release
Warning: Nashorn engine is planned to be removed from a future JDK release
Warning: Nashorn engine is planned to be removed from a future JDK release
Warning: Nashorn engine is planned to be removed from a future JDK release
Warning: Nashorn engine is planned to be removed from a future JDK release
Warning: Nashorn engine is planned to be removed from a future JDK release
Warning: Nashorn engine is planned to be removed from a future JDK release
Warning: Nashorn engine is planned to be removed from a future JDK release
Warning: Nashorn engine is planned to be removed from a future JDK release
Warning: Nashorn engine is planned to be removed from a future JDK release
Warning: Nashorn engine is planned to be removed from a future JDK release
Warning: Nashorn engine is planned to be removed from a future JDK release
Warning: Nashorn engine is planned to be removed from a future JDK release
Warning: Nashorn engine is planned to be removed from a future JDK release
Warning: Nashorn engine is planned to be removed from a future JDK release
Warning: Nashorn engine is planned to be removed from a future JDK release
Warning: Nashorn engine is planned to be removed from a future JDK release
Warning: Nashorn engine is planned to be removed from a future JDK release
Warning: Nashorn engine is planned to be removed from a future JDK release
Warning: Nashorn engine is planned to be removed from a future JDK release
Warning: Nashorn engine is planned to be removed from a future JDK release
Warning: Nashorn engine is planned to be removed from a future JDK release
Warning: Nashorn engine is planned to be removed from a future JDK release
Warning: Nashorn engine is planned to be removed from a future JDK release
Warning: Nashorn engine is planned to be removed from a future JDK release
Warning: Nashorn engine is planned to be removed from a future JDK release
Warning: Nashorn engine is planned to be removed from a future JDK release
Warning: Nashorn engine is planned to be removed from a future JDK release
Warning: Nashorn engine is planned to be removed from a future JDK release
Warning: Nashorn engine is planned to be removed from a future JDK release
Warning: Nashorn engine is planned to be removed from a future JDK release
Warning: Nashorn engine is planned to be removed from a future JDK release
Warning: Nashorn engine is planned to be removed from a future JDK release
Warning: Nashorn engine is planned to be removed from a future JDK release
Warning: Nashorn engine is planned to be removed from a future JDK release
Warning: Nashorn engine is planned to be removed from a future JDK release
Warning: Nashorn engine is planned to be removed from a future JDK release
Warning: Nashorn engine is planned to be removed from a future JDK release
Warning: Nashorn engine is planned to be removed from a future JDK release
Warning: Nashorn engine is planned to be removed from a future JDK release
Warning: Nashorn engine is planned to be removed from a future JDK release
Warning: Nashorn engine is planned to be removed from a future JDK release
Warning: Nashorn engine is planned to be removed from a future JDK release
Warning: Nashorn engine is planned to be removed from a future JDK release
Warning: Nashorn engine is planned to be removed from a future JDK release
Warning: Nashorn engine is planned to be removed from a future JDK release
Warning: Nashorn engine is planned to be removed from a future JDK release
Warning: Nashorn engine is planned to be removed from a future JDK release
Warning: Nashorn engine is planned to be removed from a future JDK release
Warning: Nashorn engine is planned to be removed from a future JDK release
Warning: Nashorn engine is planned to be removed from a future JDK release
Warning: Nashorn engine is planned to be removed from a future JDK release
Warning: Nashorn engine is planned to be removed from a future JDK release
Warning: Nashorn engine is planned to be removed from a future JDK release
Warning: Nashorn engine is planned to be removed from a future JDK release
Warning: Nashorn engine is planned to be removed from a future JDK release
Warning: Nashorn engine is planned to be removed from a future JDK release
Warning: Nashorn engine is planned to be removed from a future JDK release
Warning: Nashorn engine is planned to be removed from a future JDK release
Warning: Nashorn engine is planned to be removed from a future JDK release
Warning: Nashorn engine is planned to be removed from a future JDK release
Warning: Nashorn engine is planned to be removed from a future JDK release
Warning: Nashorn engine is planned to be removed from a future JDK release
Warning: Nashorn engine is planned to be removed from a future JDK release
Warning: Nashorn engine is planned to be removed from a future JDK release
Warning: Nashorn engine is planned to be removed from a future JDK release
Warning: Nashorn engine is planned to be removed from a future JDK release
Warning: Nashorn engine is planned to be removed from a future JDK release
Warning: Nashorn engine is planned to be removed from a future JDK release
Warning: Nashorn engine is planned to be removed from a future JDK release
Warning: Nashorn engine is planned to be removed from a future JDK release
Warning: Nashorn engine is planned to be removed from a future JDK release
Warning: Nashorn engine is planned to be removed from a future JDK release
Warning: Nashorn engine is planned to be removed from a future JDK release
Warning: Nashorn engine is planned to be removed from a future JDK release
Warning: Nashorn engine is planned to be removed from a future JDK release
Warning: Nashorn engine is planned to be removed from a future JDK release
Warning: Nashorn engine is planned to be removed from a future JDK release
Warning: Nashorn engine is planned to be removed from a future JDK release
Warning: Nashorn engine is planned to be removed from a future JDK release
Warning: Nashorn engine is planned to be removed from a future JDK release
Warning: Nashorn engine is planned to be removed from a future JDK release
Warning: Nashorn engine is planned to be removed from a future JDK release
Warning: Nashorn engine is planned to be removed from a future JDK release
Warning: Nashorn engine is planned to be removed from a future JDK release
Warning: Nashorn engine is planned to be removed from a future JDK release
Warning: Nashorn engine is planned to be removed from a future JDK release
Warning: Nashorn engine is planned to be removed from a future JDK release
Warning: Nashorn engine is planned to be removed from a future JDK release
Warning: Nashorn engine is planned to be removed from a future JDK release
Warning: Nashorn engine is planned to be removed from a future JDK release
Warning: Nashorn engine is planned to be removed from a future JDK release
Warning: Nashorn engine is planned to be removed from a future JDK release
Warning: Nashorn engine is planned to be removed from a future JDK release
Warning: Nashorn engine is planned to be removed from a future JDK release
Warning: Nashorn engine is planned to be removed from a future JDK release
Warning: Nashorn engine is planned to be removed from a future JDK release
Warning: Nashorn engine is planned to be removed from a future JDK release
Warning: Nashorn engine is planned to be removed from a future JDK release
Warning: Nashorn engine is planned to be removed from a future JDK release
Warning: Nashorn engine is planned to be removed from a future JDK release
Warning: Nashorn engine is planned to be removed from a future JDK release
Warning: Nashorn engine is planned to be removed from a future JDK release
Warning: Nashorn engine is planned to be removed from a future JDK release
Warning: Nashorn engine is planned to be removed from a future JDK release
Warning: Nashorn engine is planned to be removed from a future JDK release
Warning: Nashorn engine is planned to be removed from a future JDK release
Warning: Nashorn engine is planned to be removed from a future JDK release
Warning: Nashorn engine is planned to be removed from a future JDK release
Warning: Nashorn engine is planned to be removed from a future JDK release
Warning: Nashorn engine is planned to be removed from a future JDK release
Warning: Nashorn engine is planned to be removed from a future JDK release
Warning: Nashorn engine is planned to be removed from a future JDK release
Warning: Nashorn engine is planned to be removed from a future JDK release
Warning: Nashorn engine is planned to be removed from a future JDK release
Warning: Nashorn engine is planned to be removed from a future JDK release
Warning: Nashorn engine is planned to be removed from a future JDK release
Warning: Nashorn engine is planned to be removed from a future JDK release
Warning: Nashorn engine is planned to be removed from a future JDK release
Warning: Nashorn engine is planned to be removed from a future JDK release
Warning: Nashorn engine is planned to be removed from a future JDK release
Warning: Nashorn engine is planned to be removed from a future JDK release
Warning: Nashorn engine is planned to be removed from a future JDK release
Warning: Nashorn engine is planned to be removed from a future JDK release
Warning: Nashorn engine is planned to be removed from a future JDK release
Warning: Nashorn engine is planned to be removed from a future JDK release
Warning: Nashorn engine is planned to be removed from a future JDK release
Warning: Nashorn engine is planned to be removed from a future JDK release
Warning: Nashorn engine is planned to be removed from a future JDK release
Warning: Nashorn engine is planned to be removed from a future JDK release
Warning: Nashorn engine is planned to be removed from a future JDK release
Warning: Nashorn engine is planned to be removed from a future JDK release
Warning: Nashorn engine is planned to be removed from a future JDK release
Warning: Nashorn engine is planned to be removed from a future JDK release
Warning: Nashorn engine is planned to be removed from a future JDK release
Warning: Nashorn engine is planned to be removed from a future JDK release
Warning: Nashorn engine is planned to be removed from a future JDK release
Warning: Nashorn engine is planned to be removed from a future JDK release
Warning: Nashorn engine is planned to be removed from a future JDK release
Warning: Nashorn engine is planned to be removed from a future JDK release
Warning: Nashorn engine is planned to be removed from a future JDK release
Warning: Nashorn engine is planned to be removed from a future JDK release
Warning: Nashorn engine is planned to be removed from a future JDK release
Warning: Nashorn engine is planned to be removed from a future JDK release
Warning: Nashorn engine is planned to be removed from a future JDK release
Warning: Nashorn engine is planned to be removed from a future JDK release
Warning: Nashorn engine is planned to be removed from a future JDK release
Warning: Nashorn engine is planned to be removed from a future JDK release
Warning: Nashorn engine is planned to be removed from a future JDK release
Warning: Nashorn engine is planned to be removed from a future JDK release
Warning: Nashorn engine is planned to be removed from a future JDK release
Warning: Nashorn engine is planned to be removed from a future JDK release
Warning: Nashorn engine is planned to be removed from a future JDK release
Warning: Nashorn engine is planned to be removed from a future JDK release
Warning: Nashorn engine is planned to be removed from a future JDK release
Warning: Nashorn engine is planned to be removed from a future JDK release
Warning: Nashorn engine is planned to be removed from a future JDK release
Warning: Nashorn engine is planned to be removed from a future JDK release
Warning: Nashorn engine is planned to be removed from a future JDK release
Warning: Nashorn engine is planned to be removed from a future JDK release
Warning: Nashorn engine is planned to be removed from a future JDK release
Warning: Nashorn engine is planned to be removed from a future JDK release
Warning: Nashorn engine is planned to be removed from a future JDK release
Warning: Nashorn engine is planned to be removed from a future JDK release
Warning: Nashorn engine is planned to be removed from a future JDK release
Warning: Nashorn engine is planned to be removed from a future JDK release
Warning: Nashorn engine is planned to be removed from a future JDK release
Warning: Nashorn engine is planned to be removed from a future JDK release
Warning: Nashorn engine is planned to be removed from a future JDK release
Warning: Nashorn engine is planned to be removed from a future JDK release
Warning: Nashorn engine is planned to be removed from a future JDK release
Warning: Nashorn engine is planned to be removed from a future JDK release
Warning: Nashorn engine is planned to be removed from a future JDK release
Warning: Nashorn engine is planned to be removed from a future JDK release
Warning: Nashorn engine is planned to be removed from a future JDK release
Warning: Nashorn engine is planned to be removed from a future JDK release
Warning: Nashorn engine is planned to be removed from a future JDK release
Warning: Nashorn engine is planned to be removed from a future JDK release
Warning: Nashorn engine is planned to be removed from a future JDK release
Warning: Nashorn engine is planned to be removed from a future JDK release
Warning: Nashorn engine is planned to be removed from a future JDK release
Warning: Nashorn engine is planned to be removed from a future JDK release
Warning: Nashorn engine is planned to be removed from a future JDK release
Warning: Nashorn engine is planned to be removed from a future JDK release
Warning: Nashorn engine is planned to be removed from a future JDK release
Warning: Nashorn engine is planned to be removed from a future JDK release
Warning: Nashorn engine is planned to be removed from a future JDK release
Warning: Nashorn engine is planned to be removed from a future JDK release
Warning: Nashorn engine is planned to be removed from a future JDK release
Warning: Nashorn engine is planned to be removed from a future JDK release
Warning: Nashorn engine is planned to be removed from a future JDK release
Warning: Nashorn engine is planned to be removed from a future JDK release
Warning: Nashorn engine is planned to be removed from a future JDK release
Warning: Nashorn engine is planned to be removed from a future JDK release
Warning: Nashorn engine is planned to be removed from a future JDK release
Warning: Nashorn engine is planned to be removed from a future JDK release
Warning: Nashorn engine is planned to be removed from a future JDK release
Warning: Nashorn engine is planned to be removed from a future JDK release
Warning: Nashorn engine is planned to be removed from a future JDK release
Warning: Nashorn engine is planned to be removed from a future JDK release
Warning: Nashorn engine is planned to be removed from a future JDK release
Warning: Nashorn engine is planned to be removed from a future JDK release
Warning: Nashorn engine is planned to be removed from a future JDK release
Warning: Nashorn engine is planned to be removed from a future JDK release
Warning: Nashorn engine is planned to be removed from a future JDK release
Warning: Nashorn engine is planned to be removed from a future JDK release
Warning: Nashorn engine is planned to be removed from a future JDK release
Warning: Nashorn engine is planned to be removed from a future JDK release
Warning: Nashorn engine is planned to be removed from a future JDK release
Warning: Nashorn engine is planned to be removed from a future JDK release
Warning: Nashorn engine is planned to be removed from a future JDK release
Warning: Nashorn engine is planned to be removed from a future JDK release
Warning: Nashorn engine is planned to be removed from a future JDK release
Warning: Nashorn engine is planned to be removed from a future JDK release
Warning: Nashorn engine is planned to be removed from a future JDK release
Warning: Nashorn engine is planned to be removed from a future JDK release
Warning: Nashorn engine is planned to be removed from a future JDK release
Warning: Nashorn engine is planned to be removed from a future JDK release
Warning: Nashorn engine is planned to be removed from a future JDK release
Warning: Nashorn engine is planned to be removed from a future JDK release
Warning: Nashorn engine is planned to be removed from a future JDK release
Warning: Nashorn engine is planned to be removed from a future JDK release
Warning: Nashorn engine is planned to be removed from a future JDK release
Warning: Nashorn engine is planned to be removed from a future JDK release
Warning: Nashorn engine is planned to be removed from a future JDK release
Warning: Nashorn engine is planned to be removed from a future JDK release
Warning: Nashorn engine is planned to be removed from a future JDK release
Warning: Nashorn engine is planned to be removed from a future JDK release
Warning: Nashorn engine is planned to be removed from a future JDK release
Warning: Nashorn engine is planned to be removed from a future JDK release
Warning: Nashorn engine is planned to be removed from a future JDK release
Warning: Nashorn engine is planned to be removed from a future JDK release
Warning: Nashorn engine is planned to be removed from a future JDK release
Warning: Nashorn engine is planned to be removed from a future JDK release
Warning: Nashorn engine is planned to be removed from a future JDK release
Warning: Nashorn engine is planned to be removed from a future JDK release
Warning: Nashorn engine is planned to be removed from a future JDK release
Warning: Nashorn engine is planned to be removed from a future JDK release
Warning: Nashorn engine is planned to be removed from a future JDK release
Warning: Nashorn engine is planned to be removed from a future JDK release
Warning: Nashorn engine is planned to be removed from a future JDK release
Warning: Nashorn engine is planned to be removed from a future JDK release
Warning: Nashorn engine is planned to be removed from a future JDK release
Warning: Nashorn engine is planned to be removed from a future JDK release
Warning: Nashorn engine is planned to be removed from a future JDK release
Warning: Nashorn engine is planned to be removed from a future JDK release
Warning: Nashorn engine is planned to be removed from a future JDK release
Warning: Nashorn engine is planned to be removed from a future JDK release
Warning: Nashorn engine is planned to be removed from a future JDK release
Warning: Nashorn engine is planned to be removed from a future JDK release
Warning: Nashorn engine is planned to be removed from a future JDK release
Warning: Nashorn engine is planned to be removed from a future JDK release
Warning: Nashorn engine is planned to be removed from a future JDK release
Warning: Nashorn engine is planned to be removed from a future JDK release
Warning: Nashorn engine is planned to be removed from a future JDK release
Warning: Nashorn engine is planned to be removed from a future JDK release
Warning: Nashorn engine is planned to be removed from a future JDK release
Warning: Nashorn engine is planned to be removed from a future JDK release
Warning: Nashorn engine is planned to be removed from a future JDK release
Warning: Nashorn engine is planned to be removed from a future JDK release
Warning: Nashorn engine is planned to be removed from a future JDK release
Warning: Nashorn engine is planned to be removed from a future JDK release
Warning: Nashorn engine is planned to be removed from a future JDK release
Warning: Nashorn engine is planned to be removed from a future JDK release
Warning: Nashorn engine is planned to be removed from a future JDK release
Warning: Nashorn engine is planned to be removed from a future JDK release
Warning: Nashorn engine is planned to be removed from a future JDK release
Warning: Nashorn engine is planned to be removed from a future JDK release
Warning: Nashorn engine is planned to be removed from a future JDK release
Warning: Nashorn engine is planned to be removed from a future JDK release
Warning: Nashorn engine is planned to be removed from a future JDK release
Warning: Nashorn engine is planned to be removed from a future JDK release
Warning: Nashorn engine is planned to be removed from a future JDK release
Warning: Nashorn engine is planned to be removed from a future JDK release
Warning: Nashorn engine is planned to be removed from a future JDK release
Warning: Nashorn engine is planned to be removed from a future JDK release
Warning: Nashorn engine is planned to be removed from a future JDK release
Warning: Nashorn engine is planned to be removed from a future JDK release
Warning: Nashorn engine is planned to be removed from a future JDK release
Warning: Nashorn engine is planned to be removed from a future JDK release
Warning: Nashorn engine is planned to be removed from a future JDK release
Warning: Nashorn engine is planned to be removed from a future JDK release
Warning: Nashorn engine is planned to be removed from a future JDK release
Warning: Nashorn engine is planned to be removed from a future JDK release
Warning: Nashorn engine is planned to be removed from a future JDK release
Warning: Nashorn engine is planned to be removed from a future JDK release
Warning: Nashorn engine is planned to be removed from a future JDK release
Warning: Nashorn engine is planned to be removed from a future JDK release
Warning: Nashorn engine is planned to be removed from a future JDK release
Warning: Nashorn engine is planned to be removed from a future JDK release
Warning: Nashorn engine is planned to be removed from a future JDK release
Warning: Nashorn engine is planned to be removed from a future JDK release
Warning: Nashorn engine is planned to be removed from a future JDK release
Warning: Nashorn engine is planned to be removed from a future JDK release
Warning: Nashorn engine is planned to be removed from a future JDK release
Warning: Nashorn engine is planned to be removed from a future JDK release
Warning: Nashorn engine is planned to be removed from a future JDK release
Warning: Nashorn engine is planned to be removed from a future JDK release
Warning: Nashorn engine is planned to be removed from a future JDK release
Warning: Nashorn engine is planned to be removed from a future JDK release
Warning: Nashorn engine is planned to be removed from a future JDK release
Warning: Nashorn engine is planned to be removed from a future JDK release
Warning: Nashorn engine is planned to be removed from a future JDK release
Warning: Nashorn engine is planned to be removed from a future JDK release
Warning: Nashorn engine is planned to be removed from a future JDK release
Warning: Nashorn engine is planned to be removed from a future JDK release
Warning: Nashorn engine is planned to be removed from a future JDK release
Warning: Nashorn engine is planned to be removed from a future JDK release
Warning: Nashorn engine is planned to be removed from a future JDK release
Warning: Nashorn engine is planned to be removed from a future JDK release
Warning: Nashorn engine is planned to be removed from a future JDK release
Warning: Nashorn engine is planned to be removed from a future JDK release
Warning: Nashorn engine is planned to be removed from a future JDK release
Warning: Nashorn engine is planned to be removed from a future JDK release
Warning: Nashorn engine is planned to be removed from a future JDK release
Warning: Nashorn engine is planned to be removed from a future JDK release
Warning: Nashorn engine is planned to be removed from a future JDK release
Warning: Nashorn engine is planned to be removed from a future JDK release
Warning: Nashorn engine is planned to be removed from a future JDK release
Warning: Nashorn engine is planned to be removed from a future JDK release
Warning: Nashorn engine is planned to be removed from a future JDK release
Warning: Nashorn engine is planned to be removed from a future JDK release
Warning: Nashorn engine is planned to be removed from a future JDK release
Warning: Nashorn engine is planned to be removed from a future JDK release
Warning: Nashorn engine is planned to be removed from a future JDK release
Warning: Nashorn engine is planned to be removed from a future JDK release
Warning: Nashorn engine is planned to be removed from a future JDK release
Warning: Nashorn engine is planned to be removed from a future JDK release
Warning: Nashorn engine is planned to be removed from a future JDK release
Warning: Nashorn engine is planned to be removed from a future JDK release
Warning: Nashorn engine is planned to be removed from a future JDK release
Warning: Nashorn engine is planned to be removed from a future JDK release
Warning: Nashorn engine is planned to be removed from a future JDK release
Warning: Nashorn engine is planned to be removed from a future JDK release
Warning: Nashorn engine is planned to be removed from a future JDK release
Warning: Nashorn engine is planned to be removed from a future JDK release
Warning: Nashorn engine is planned to be removed from a future JDK release
Warning: Nashorn engine is planned to be removed from a future JDK release
Warning: Nashorn engine is planned to be removed from a future JDK release
Warning: Nashorn engine is planned to be removed from a future JDK release
Warning: Nashorn engine is planned to be removed from a future JDK release
Warning: Nashorn engine is planned to be removed from a future JDK release
Warning: Nashorn engine is planned to be removed from a future JDK release
Warning: Nashorn engine is planned to be removed from a future JDK release
Warning: Nashorn engine is planned to be removed from a future JDK release
Warning: Nashorn engine is planned to be removed from a future JDK release
Warning: Nashorn engine is planned to be removed from a future JDK release
Warning: Nashorn engine is planned to be removed from a future JDK release
Warning: Nashorn engine is planned to be removed from a future JDK release
Warning: Nashorn engine is planned to be removed from a future JDK release
Warning: Nashorn engine is planned to be removed from a future JDK release
Warning: Nashorn engine is planned to be removed from a future JDK release
Warning: Nashorn engine is planned to be removed from a future JDK release
Warning: Nashorn engine is planned to be removed from a future JDK release
Warning: Nashorn engine is planned to be removed from a future JDK release
Warning: Nashorn engine is planned to be removed from a future JDK release
Warning: Nashorn engine is planned to be removed from a future JDK release
Warning: Nashorn engine is planned to be removed from a future JDK release
Warning: Nashorn engine is planned to be removed from a future JDK release
Warning: Nashorn engine is planned to be removed from a future JDK release
Warning: Nashorn engine is planned to be removed from a future JDK release
Warning: Nashorn engine is planned to be removed from a future JDK release
Warning: Nashorn engine is planned to be removed from a future JDK release
Warning: Nashorn engine is planned to be removed from a future JDK release
Warning: Nashorn engine is planned to be removed from a future JDK release
Warning: Nashorn engine is planned to be removed from a future JDK release
Warning: Nashorn engine is planned to be removed from a future JDK release
Warning: Nashorn engine is planned to be removed from a future JDK release
Warning: Nashorn engine is planned to be removed from a future JDK release
Warning: Nashorn engine is planned to be removed from a future JDK release
Warning: Nashorn engine is planned to be removed from a future JDK release
Warning: Nashorn engine is planned to be removed from a future JDK release
Warning: Nashorn engine is planned to be removed from a future JDK release
Warning: Nashorn engine is planned to be removed from a future JDK release
Warning: Nashorn engine is planned to be removed from a future JDK release
Warning: Nashorn engine is planned to be removed from a future JDK release
Warning: Nashorn engine is planned to be removed from a future JDK release
Warning: Nashorn engine is planned to be removed from a future JDK release
Warning: Nashorn engine is planned to be removed from a future JDK release
Warning: Nashorn engine is planned to be removed from a future JDK release
Warning: Nashorn engine is planned to be removed from a future JDK release
Warning: Nashorn engine is planned to be removed from a future JDK release
Warning: Nashorn engine is planned to be removed from a future JDK release
Warning: Nashorn engine is planned to be removed from a future JDK release
Warning: Nashorn engine is planned to be removed from a future JDK release
Warning: Nashorn engine is planned to be removed from a future JDK release
Warning: Nashorn engine is planned to be removed from a future JDK release
Warning: Nashorn engine is planned to be removed from a future JDK release
Warning: Nashorn engine is planned to be removed from a future JDK release
Warning: Nashorn engine is planned to be removed from a future JDK release
Warning: Nashorn engine is planned to be removed from a future JDK release
Warning: Nashorn engine is planned to be removed from a future JDK release
Warning: Nashorn engine is planned to be removed from a future JDK release
Warning: Nashorn engine is planned to be removed from a future JDK release
Warning: Nashorn engine is planned to be removed from a future JDK release
Warning: Nashorn engine is planned to be removed from a future JDK release
Warning: Nashorn engine is planned to be removed from a future JDK release
Warning: Nashorn engine is planned to be removed from a future JDK release
Warning: Nashorn engine is planned to be removed from a future JDK release
Warning: Nashorn engine is planned to be removed from a future JDK release
Warning: Nashorn engine is planned to be removed from a future JDK release
Warning: Nashorn engine is planned to be removed from a future JDK release
Warning: Nashorn engine is planned to be removed from a future JDK release
Warning: Nashorn engine is planned to be removed from a future JDK release
Warning: Nashorn engine is planned to be removed from a future JDK release
Warning: Nashorn engine is planned to be removed from a future JDK release
Warning: Nashorn engine is planned to be removed from a future JDK release
Warning: Nashorn engine is planned to be removed from a future JDK release
Warning: Nashorn engine is planned to be removed from a future JDK release
Warning: Nashorn engine is planned to be removed from a future JDK release
Warning: Nashorn engine is planned to be removed from a future JDK release
Warning: Nashorn engine is planned to be removed from a future JDK release
Warning: Nashorn engine is planned to be removed from a future JDK release
Warning: Nashorn engine is planned to be removed from a future JDK release
Warning: Nashorn engine is planned to be removed from a future JDK release
Warning: Nashorn engine is planned to be removed from a future JDK release
Warning: Nashorn engine is planned to be removed from a future JDK release
Warning: Nashorn engine is planned to be removed from a future JDK release
Warning: Nashorn engine is planned to be removed from a future JDK release
Warning: Nashorn engine is planned to be removed from a future JDK release
Warning: Nashorn engine is planned to be removed from a future JDK release
Warning: Nashorn engine is planned to be removed from a future JDK release
Warning: Nashorn engine is planned to be removed from a future JDK release
Warning: Nashorn engine is planned to be removed from a future JDK release
Warning: Nashorn engine is planned to be removed from a future JDK release
Warning: Nashorn engine is planned to be removed from a future JDK release
Warning: Nashorn engine is planned to be removed from a future JDK release
Warning: Nashorn engine is planned to be removed from a future JDK release
Warning: Nashorn engine is planned to be removed from a future JDK release
Warning: Nashorn engine is planned to be removed from a future JDK release
Warning: Nashorn engine is planned to be removed from a future JDK release
Warning: Nashorn engine is planned to be removed from a future JDK release
Warning: Nashorn engine is planned to be removed from a future JDK release
Warning: Nashorn engine is planned to be removed from a future JDK release
Warning: Nashorn engine is planned to be removed from a future JDK release
Warning: Nashorn engine is planned to be removed from a future JDK release
Warning: Nashorn engine is planned to be removed from a future JDK release
Warning: Nashorn engine is planned to be removed from a future JDK release
Warning: Nashorn engine is planned to be removed from a future JDK release
Warning: Nashorn engine is planned to be removed from a future JDK release
Warning: Nashorn engine is planned to be removed from a future JDK release
Warning: Nashorn engine is planned to be removed from a future JDK release
Warning: Nashorn engine is planned to be removed from a future JDK release
Warning: Nashorn engine is planned to be removed from a future JDK release
Warning: Nashorn engine is planned to be removed from a future JDK release
Warning: Nashorn engine is planned to be removed from a future JDK release
Warning: Nashorn engine is planned to be removed from a future JDK release
Warning: Nashorn engine is planned to be removed from a future JDK release
Warning: Nashorn engine is planned to be removed from a future JDK release
Warning: Nashorn engine is planned to be removed from a future JDK release
Warning: Nashorn engine is planned to be removed from a future JDK release
Warning: Nashorn engine is planned to be removed from a future JDK release
Warning: Nashorn engine is planned to be removed from a future JDK release
Warning: Nashorn engine is planned to be removed from a future JDK release
Warning: Nashorn engine is planned to be removed from a future JDK release
Warning: Nashorn engine is planned to be removed from a future JDK release
Warning: Nashorn engine is planned to be removed from a future JDK release
Warning: Nashorn engine is planned to be removed from a future JDK release
Warning: Nashorn engine is planned to be removed from a future JDK release
Warning: Nashorn engine is planned to be removed from a future JDK release
Warning: Nashorn engine is planned to be removed from a future JDK release
Warning: Nashorn engine is planned to be removed from a future JDK release
Warning: Nashorn engine is planned to be removed from a future JDK release
Warning: Nashorn engine is planned to be removed from a future JDK release
Warning: Nashorn engine is planned to be removed from a future JDK release
Warning: Nashorn engine is planned to be removed from a future JDK release
Warning: Nashorn engine is planned to be removed from a future JDK release
Warning: Nashorn engine is planned to be removed from a future JDK release
Warning: Nashorn engine is planned to be removed from a future JDK release
Warning: Nashorn engine is planned to be removed from a future JDK release
Warning: Nashorn engine is planned to be removed from a future JDK release
Warning: Nashorn engine is planned to be removed from a future JDK release
Warning: Nashorn engine is planned to be removed from a future JDK release
Warning: Nashorn engine is planned to be removed from a future JDK release
Warning: Nashorn engine is planned to be removed from a future JDK release
Warning: Nashorn engine is planned to be removed from a future JDK release
Warning: Nashorn engine is planned to be removed from a future JDK release
Warning: Nashorn engine is planned to be removed from a future JDK release
Warning: Nashorn engine is planned to be removed from a future JDK release
Warning: Nashorn engine is planned to be removed from a future JDK release
Warning: Nashorn engine is planned to be removed from a future JDK release
Warning: Nashorn engine is planned to be removed from a future JDK release
Warning: Nashorn engine is planned to be removed from a future JDK release
Warning: Nashorn engine is planned to be removed from a future JDK release
Warning: Nashorn engine is planned to be removed from a future JDK release
Warning: Nashorn engine is planned to be removed from a future JDK release
Warning: Nashorn engine is planned to be removed from a future JDK release
Warning: Nashorn engine is planned to be removed from a future JDK release
Warning: Nashorn engine is planned to be removed from a future JDK release
Warning: Nashorn engine is planned to be removed from a future JDK release
Warning: Nashorn engine is planned to be removed from a future JDK release
Warning: Nashorn engine is planned to be removed from a future JDK release
Warning: Nashorn engine is planned to be removed from a future JDK release
Warning: Nashorn engine is planned to be removed from a future JDK release
Warning: Nashorn engine is planned to be removed from a future JDK release
Warning: Nashorn engine is planned to be removed from a future JDK release
Warning: Nashorn engine is planned to be removed from a future JDK release
Warning: Nashorn engine is planned to be removed from a future JDK release
Warning: Nashorn engine is planned to be removed from a future JDK release
Warning: Nashorn engine is planned to be removed from a future JDK release
Warning: Nashorn engine is planned to be removed from a future JDK release
Warning: Nashorn engine is planned to be removed from a future JDK release
Warning: Nashorn engine is planned to be removed from a future JDK release
Warning: Nashorn engine is planned to be removed from a future JDK release
Warning: Nashorn engine is planned to be removed from a future JDK release
Warning: Nashorn engine is planned to be removed from a future JDK release
Warning: Nashorn engine is planned to be removed from a future JDK release
Warning: Nashorn engine is planned to be removed from a future JDK release
Warning: Nashorn engine is planned to be removed from a future JDK release
Warning: Nashorn engine is planned to be removed from a future JDK release
Warning: Nashorn engine is planned to be removed from a future JDK release
Warning: Nashorn engine is planned to be removed from a future JDK release
Warning: Nashorn engine is planned to be removed from a future JDK release
Warning: Nashorn engine is planned to be removed from a future JDK release
Warning: Nashorn engine is planned to be removed from a future JDK release
Warning: Nashorn engine is planned to be removed from a future JDK release
Warning: Nashorn engine is planned to be removed from a future JDK release
Warning: Nashorn engine is planned to be removed from a future JDK release
Warning: Nashorn engine is planned to be removed from a future JDK release
Warning: Nashorn engine is planned to be removed from a future JDK release
Warning: Nashorn engine is planned to be removed from a future JDK release
Warning: Nashorn engine is planned to be removed from a future JDK release
Warning: Nashorn engine is planned to be removed from a future JDK release
Warning: Nashorn engine is planned to be removed from a future JDK release
Warning: Nashorn engine is planned to be removed from a future JDK release
Warning: Nashorn engine is planned to be removed from a future JDK release
Warning: Nashorn engine is planned to be removed from a future JDK release
Warning: Nashorn engine is planned to be removed from a future JDK release
Warning: Nashorn engine is planned to be removed from a future JDK release
Warning: Nashorn engine is planned to be removed from a future JDK release
Warning: Nashorn engine is planned to be removed from a future JDK release
Warning: Nashorn engine is planned to be removed from a future JDK release
Warning: Nashorn engine is planned to be removed from a future JDK release
Warning: Nashorn engine is planned to be removed from a future JDK release
Warning: Nashorn engine is planned to be removed from a future JDK release
Warning: Nashorn engine is planned to be removed from a future JDK release
Warning: Nashorn engine is planned to be removed from a future JDK release
Warning: Nashorn engine is planned to be removed from a future JDK release
Warning: Nashorn engine is planned to be removed from a future JDK release
Warning: Nashorn engine is planned to be removed from a future JDK release
Warning: Nashorn engine is planned to be removed from a future JDK release
Warning: Nashorn engine is planned to be removed from a future JDK release
Warning: Nashorn engine is planned to be removed from a future JDK release
Warning: Nashorn engine is planned to be removed from a future JDK release
Warning: Nashorn engine is planned to be removed from a future JDK release
Warning: Nashorn engine is planned to be removed from a future JDK release
Warning: Nashorn engine is planned to be removed from a future JDK release
Warning: Nashorn engine is planned to be removed from a future JDK release
Warning: Nashorn engine is planned to be removed from a future JDK release
Warning: Nashorn engine is planned to be removed from a future JDK release
Warning: Nashorn engine is planned to be removed from a future JDK release
Warning: Nashorn engine is planned to be removed from a future JDK release
Warning: Nashorn engine is planned to be removed from a future JDK release
Warning: Nashorn engine is planned to be removed from a future JDK release
Warning: Nashorn engine is planned to be removed from a future JDK release
Warning: Nashorn engine is planned to be removed from a future JDK release
Warning: Nashorn engine is planned to be removed from a future JDK release
Warning: Nashorn engine is planned to be removed from a future JDK release
Warning: Nashorn engine is planned to be removed from a future JDK release
Warning: Nashorn engine is planned to be removed from a future JDK release
Warning: Nashorn engine is planned to be removed from a future JDK release
Warning: Nashorn engine is planned to be removed from a future JDK release
Warning: Nashorn engine is planned to be removed from a future JDK release
Warning: Nashorn engine is planned to be removed from a future JDK release
Warning: Nashorn engine is planned to be removed from a future JDK release
Warning: Nashorn engine is planned to be removed from a future JDK release
Warning: Nashorn engine is planned to be removed from a future JDK release
Warning: Nashorn engine is planned to be removed from a future JDK release
Warning: Nashorn engine is planned to be removed from a future JDK release
Warning: Nashorn engine is planned to be removed from a future JDK release
Warning: Nashorn engine is planned to be removed from a future JDK release
Warning: Nashorn engine is planned to be removed from a future JDK release
Warning: Nashorn engine is planned to be removed from a future JDK release
Warning: Nashorn engine is planned to be removed from a future JDK release
Warning: Nashorn engine is planned to be removed from a future JDK release
Warning: Nashorn engine is planned to be removed from a future JDK release
Warning: Nashorn engine is planned to be removed from a future JDK release
Warning: Nashorn engine is planned to be removed from a future JDK release
Warning: Nashorn engine is planned to be removed from a future JDK release
Warning: Nashorn engine is planned to be removed from a future JDK release
Warning: Nashorn engine is planned to be removed from a future JDK release
Warning: Nashorn engine is planned to be removed from a future JDK release
Warning: Nashorn engine is planned to be removed from a future JDK release
Warning: Nashorn engine is planned to be removed from a future JDK release
Warning: Nashorn engine is planned to be removed from a future JDK release
Warning: Nashorn engine is planned to be removed from a future JDK release
Warning: Nashorn engine is planned to be removed from a future JDK release
Warning: Nashorn engine is planned to be removed from a future JDK release
Warning: Nashorn engine is planned to be removed from a future JDK release
Warning: Nashorn engine is planned to be removed from a future JDK release
Warning: Nashorn engine is planned to be removed from a future JDK release
Warning: Nashorn engine is planned to be removed from a future JDK release
Warning: Nashorn engine is planned to be removed from a future JDK release
Warning: Nashorn engine is planned to be removed from a future JDK release
Warning: Nashorn engine is planned to be removed from a future JDK release
Warning: Nashorn engine is planned to be removed from a future JDK release
Warning: Nashorn engine is planned to be removed from a future JDK release
Warning: Nashorn engine is planned to be removed from a future JDK release
Warning: Nashorn engine is planned to be removed from a future JDK release
Warning: Nashorn engine is planned to be removed from a future JDK release
Warning: Nashorn engine is planned to be removed from a future JDK release
Warning: Nashorn engine is planned to be removed from a future JDK release
Warning: Nashorn engine is planned to be removed from a future JDK release
Warning: Nashorn engine is planned to be removed from a future JDK release
Warning: Nashorn engine is planned to be removed from a future JDK release
Warning: Nashorn engine is planned to be removed from a future JDK release
Warning: Nashorn engine is planned to be removed from a future JDK release
Warning: Nashorn engine is planned to be removed from a future JDK release
Warning: Nashorn engine is planned to be removed from a future JDK release
Warning: Nashorn engine is planned to be removed from a future JDK release
Warning: Nashorn engine is planned to be removed from a future JDK release
Warning: Nashorn engine is planned to be removed from a future JDK release
Warning: Nashorn engine is planned to be removed from a future JDK release
Warning: Nashorn engine is planned to be removed from a future JDK release
Warning: Nashorn engine is planned to be removed from a future JDK release
Warning: Nashorn engine is planned to be removed from a future JDK release
Warning: Nashorn engine is planned to be removed from a future JDK release
Warning: Nashorn engine is planned to be removed from a future JDK release
Warning: Nashorn engine is planned to be removed from a future JDK release
Warning: Nashorn engine is planned to be removed from a future JDK release
Warning: Nashorn engine is planned to be removed from a future JDK release
Warning: Nashorn engine is planned to be removed from a future JDK release
Warning: Nashorn engine is planned to be removed from a future JDK release
Warning: Nashorn engine is planned to be removed from a future JDK release
Warning: Nashorn engine is planned to be removed from a future JDK release
Warning: Nashorn engine is planned to be removed from a future JDK release
Warning: Nashorn engine is planned to be removed from a future JDK release
Warning: Nashorn engine is planned to be removed from a future JDK release
Warning: Nashorn engine is planned to be removed from a future JDK release
Warning: Nashorn engine is planned to be removed from a future JDK release
Warning: Nashorn engine is planned to be removed from a future JDK release
Warning: Nashorn engine is planned to be removed from a future JDK release
Warning: Nashorn engine is planned to be removed from a future JDK release
Warning: Nashorn engine is planned to be removed from a future JDK release
Warning: Nashorn engine is planned to be removed from a future JDK release
Warning: Nashorn engine is planned to be removed from a future JDK release
Warning: Nashorn engine is planned to be removed from a future JDK release
Warning: Nashorn engine is planned to be removed from a future JDK release
Warning: Nashorn engine is planned to be removed from a future JDK release
Warning: Nashorn engine is planned to be removed from a future JDK release
Warning: Nashorn engine is planned to be removed from a future JDK release
Warning: Nashorn engine is planned to be removed from a future JDK release
Warning: Nashorn engine is planned to be removed from a future JDK release
Warning: Nashorn engine is planned to be removed from a future JDK release
Warning: Nashorn engine is planned to be removed from a future JDK release
Warning: Nashorn engine is planned to be removed from a future JDK release
Warning: Nashorn engine is planned to be removed from a future JDK release
Warning: Nashorn engine is planned to be removed from a future JDK release
Warning: Nashorn engine is planned to be removed from a future JDK release
Warning: Nashorn engine is planned to be removed from a future JDK release
Warning: Nashorn engine is planned to be removed from a future JDK release
Warning: Nashorn engine is planned to be removed from a future JDK release
Warning: Nashorn engine is planned to be removed from a future JDK release
Warning: Nashorn engine is planned to be removed from a future JDK release
Warning: Nashorn engine is planned to be removed from a future JDK release
Warning: Nashorn engine is planned to be removed from a future JDK release
Warning: Nashorn engine is planned to be removed from a future JDK release
Warning: Nashorn engine is planned to be removed from a future JDK release
Warning: Nashorn engine is planned to be removed from a future JDK release
Warning: Nashorn engine is planned to be removed from a future JDK release
Warning: Nashorn engine is planned to be removed from a future JDK release
Warning: Nashorn engine is planned to be removed from a future JDK release
Warning: Nashorn engine is planned to be removed from a future JDK release
Warning: Nashorn engine is planned to be removed from a future JDK release
Warning: Nashorn engine is planned to be removed from a future JDK release
Warning: Nashorn engine is planned to be removed from a future JDK release
Warning: Nashorn engine is planned to be removed from a future JDK release
Warning: Nashorn engine is planned to be removed from a future JDK release
Warning: Nashorn engine is planned to be removed from a future JDK release
Warning: Nashorn engine is planned to be removed from a future JDK release
Warning: Nashorn engine is planned to be removed from a future JDK release
Warning: Nashorn engine is planned to be removed from a future JDK release
Warning: Nashorn engine is planned to be removed from a future JDK release
Warning: Nashorn engine is planned to be removed from a future JDK release
Warning: Nashorn engine is planned to be removed from a future JDK release
Warning: Nashorn engine is planned to be removed from a future JDK release
Warning: Nashorn engine is planned to be removed from a future JDK release
Warning: Nashorn engine is planned to be removed from a future JDK release
Warning: Nashorn engine is planned to be removed from a future JDK release
Warning: Nashorn engine is planned to be removed from a future JDK release
Warning: Nashorn engine is planned to be removed from a future JDK release
Warning: Nashorn engine is planned to be removed from a future JDK release
Warning: Nashorn engine is planned to be removed from a future JDK release
Warning: Nashorn engine is planned to be removed from a future JDK release
Warning: Nashorn engine is planned to be removed from a future JDK release
Warning: Nashorn engine is planned to be removed from a future JDK release
Warning: Nashorn engine is planned to be removed from a future JDK release
Warning: Nashorn engine is planned to be removed from a future JDK release
Warning: Nashorn engine is planned to be removed from a future JDK release
Warning: Nashorn engine is planned to be removed from a future JDK release
Warning: Nashorn engine is planned to be removed from a future JDK release
Warning: Nashorn engine is planned to be removed from a future JDK release
Warning: Nashorn engine is planned to be removed from a future JDK release
Warning: Nashorn engine is planned to be removed from a future JDK release
Warning: Nashorn engine is planned to be removed from a future JDK release
Warning: Nashorn engine is planned to be removed from a future JDK release
Warning: Nashorn engine is planned to be removed from a future JDK release
Warning: Nashorn engine is planned to be removed from a future JDK release
Warning: Nashorn engine is planned to be removed from a future JDK release
Warning: Nashorn engine is planned to be removed from a future JDK release
Warning: Nashorn engine is planned to be removed from a future JDK release
Warning: Nashorn engine is planned to be removed from a future JDK release
Warning: Nashorn engine is planned to be removed from a future JDK release
Warning: Nashorn engine is planned to be removed from a future JDK release
Warning: Nashorn engine is planned to be removed from a future JDK release
Warning: Nashorn engine is planned to be removed from a future JDK release
Warning: Nashorn engine is planned to be removed from a future JDK release
Warning: Nashorn engine is planned to be removed from a future JDK release
Warning: Nashorn engine is planned to be removed from a future JDK release
Warning: Nashorn engine is planned to be removed from a future JDK release
Warning: Nashorn engine is planned to be removed from a future JDK release
Warning: Nashorn engine is planned to be removed from a future JDK release
Warning: Nashorn engine is planned to be removed from a future JDK release
Warning: Nashorn engine is planned to be removed from a future JDK release
Warning: Nashorn engine is planned to be removed from a future JDK release
Warning: Nashorn engine is planned to be removed from a future JDK release
Warning: Nashorn engine is planned to be removed from a future JDK release
Warning: Nashorn engine is planned to be removed from a future JDK release
Warning: Nashorn engine is planned to be removed from a future JDK release
Warning: Nashorn engine is planned to be removed from a future JDK release
Warning: Nashorn engine is planned to be removed from a future JDK release
Warning: Nashorn engine is planned to be removed from a future JDK release
Warning: Nashorn engine is planned to be removed from a future JDK release
Warning: Nashorn engine is planned to be removed from a future JDK release
Warning: Nashorn engine is planned to be removed from a future JDK release
Warning: Nashorn engine is planned to be removed from a future JDK release
Warning: Nashorn engine is planned to be removed from a future JDK release
Warning: Nashorn engine is planned to be removed from a future JDK release
Warning: Nashorn engine is planned to be removed from a future JDK release
Warning: Nashorn engine is planned to be removed from a future JDK release
Warning: Nashorn engine is planned to be removed from a future JDK release
Warning: Nashorn engine is planned to be removed from a future JDK release
Warning: Nashorn engine is planned to be removed from a future JDK release
Warning: Nashorn engine is planned to be removed from a future JDK release
Warning: Nashorn engine is planned to be removed from a future JDK release
Warning: Nashorn engine is planned to be removed from a future JDK release
Warning: Nashorn engine is planned to be removed from a future JDK release
Warning: Nashorn engine is planned to be removed from a future JDK release
Warning: Nashorn engine is planned to be removed from a future JDK release
Warning: Nashorn engine is planned to be removed from a future JDK release
Warning: Nashorn engine is planned to be removed from a future JDK release
Warning: Nashorn engine is planned to be removed from a future JDK release
Warning: Nashorn engine is planned to be removed from a future JDK release
Warning: Nashorn engine is planned to be removed from a future JDK release
Warning: Nashorn engine is planned to be removed from a future JDK release
Warning: Nashorn engine is planned to be removed from a future JDK release
Warning: Nashorn engine is planned to be removed from a future JDK release
Warning: Nashorn engine is planned to be removed from a future JDK release
Warning: Nashorn engine is planned to be removed from a future JDK release
Warning: Nashorn engine is planned to be removed from a future JDK release
Warning: Nashorn engine is planned to be removed from a future JDK release
Warning: Nashorn engine is planned to be removed from a future JDK release
Warning: Nashorn engine is planned to be removed from a future JDK release
Warning: Nashorn engine is planned to be removed from a future JDK release
Warning: Nashorn engine is planned to be removed from a future JDK release
Warning: Nashorn engine is planned to be removed from a future JDK release
Warning: Nashorn engine is planned to be removed from a future JDK release
Warning: Nashorn engine is planned to be removed from a future JDK release
Warning: Nashorn engine is planned to be removed from a future JDK release
Warning: Nashorn engine is planned to be removed from a future JDK release
Warning: Nashorn engine is planned to be removed from a future JDK release
Warning: Nashorn engine is planned to be removed from a future JDK release
Warning: Nashorn engine is planned to be removed from a future JDK release
Warning: Nashorn engine is planned to be removed from a future JDK release
Warning: Nashorn engine is planned to be removed from a future JDK release
Warning: Nashorn engine is planned to be removed from a future JDK release
Warning: Nashorn engine is planned to be removed from a future JDK release
Warning: Nashorn engine is planned to be removed from a future JDK release
Warning: Nashorn engine is planned to be removed from a future JDK release
Warning: Nashorn engine is planned to be removed from a future JDK release
Warning: Nashorn engine is planned to be removed from a future JDK release
Warning: Nashorn engine is planned to be removed from a future JDK release
Warning: Nashorn engine is planned to be removed from a future JDK release
Warning: Nashorn engine is planned to be removed from a future JDK release
Warning: Nashorn engine is planned to be removed from a future JDK release
Warning: Nashorn engine is planned to be removed from a future JDK release
Warning: Nashorn engine is planned to be removed from a future JDK release
Warning: Nashorn engine is planned to be removed from a future JDK release
Warning: Nashorn engine is planned to be removed from a future JDK release
Warning: Nashorn engine is planned to be removed from a future JDK release
Warning: Nashorn engine is planned to be removed from a future JDK release
Warning: Nashorn engine is planned to be removed from a future JDK release
Warning: Nashorn engine is planned to be removed from a future JDK release
Warning: Nashorn engine is planned to be removed from a future JDK release
Warning: Nashorn engine is planned to be removed from a future JDK release
Warning: Nashorn engine is planned to be removed from a future JDK release
Warning: Nashorn engine is planned to be removed from a future JDK release
Warning: Nashorn engine is planned to be removed from a future JDK release
Warning: Nashorn engine is planned to be removed from a future JDK release
Warning: Nashorn engine is planned to be removed from a future JDK release
Warning: Nashorn engine is planned to be removed from a future JDK release
Warning: Nashorn engine is planned to be removed from a future JDK release
Warning: Nashorn engine is planned to be removed from a future JDK release
Warning: Nashorn engine is planned to be removed from a future JDK release
Warning: Nashorn engine is planned to be removed from a future JDK release
Warning: Nashorn engine is planned to be removed from a future JDK release
Warning: Nashorn engine is planned to be removed from a future JDK release
Warning: Nashorn engine is planned to be removed from a future JDK release
Warning: Nashorn engine is planned to be removed from a future JDK release
Warning: Nashorn engine is planned to be removed from a future JDK release
Warning: Nashorn engine is planned to be removed from a future JDK release
Warning: Nashorn engine is planned to be removed from a future JDK release
Warning: Nashorn engine is planned to be removed from a future JDK release
Warning: Nashorn engine is planned to be removed from a future JDK release
Warning: Nashorn engine is planned to be removed from a future JDK release
Warning: Nashorn engine is planned to be removed from a future JDK release
Warning: Nashorn engine is planned to be removed from a future JDK release
Warning: Nashorn engine is planned to be removed from a future JDK release
Warning: Nashorn engine is planned to be removed from a future JDK release
Warning: Nashorn engine is planned to be removed from a future JDK release
Warning: Nashorn engine is planned to be removed from a future JDK release
Warning: Nashorn engine is planned to be removed from a future JDK release
Warning: Nashorn engine is planned to be removed from a future JDK release
Warning: Nashorn engine is planned to be removed from a future JDK release
Warning: Nashorn engine is planned to be removed from a future JDK release
Warning: Nashorn engine is planned to be removed from a future JDK release
Warning: Nashorn engine is planned to be removed from a future JDK release
Warning: Nashorn engine is planned to be removed from a future JDK release
Warning: Nashorn engine is planned to be removed from a future JDK release
Warning: Nashorn engine is planned to be removed from a future JDK release
Warning: Nashorn engine is planned to be removed from a future JDK release
Warning: Nashorn engine is planned to be removed from a future JDK release
Warning: Nashorn engine is planned to be removed from a future JDK release
Warning: Nashorn engine is planned to be removed from a future JDK release
Warning: Nashorn engine is planned to be removed from a future JDK release
Warning: Nashorn engine is planned to be removed from a future JDK release
Warning: Nashorn engine is planned to be removed from a future JDK release
Warning: Nashorn engine is planned to be removed from a future JDK release
Warning: Nashorn engine is planned to be removed from a future JDK release
Warning: Nashorn engine is planned to be removed from a future JDK release
Warning: Nashorn engine is planned to be removed from a future JDK release
Warning: Nashorn engine is planned to be removed from a future JDK release
Warning: Nashorn engine is planned to be removed from a future JDK release
Warning: Nashorn engine is planned to be removed from a future JDK release
Warning: Nashorn engine is planned to be removed from a future JDK release
Warning: Nashorn engine is planned to be removed from a future JDK release
Warning: Nashorn engine is planned to be removed from a future JDK release
Warning: Nashorn engine is planned to be removed from a future JDK release
Warning: Nashorn engine is planned to be removed from a future JDK release
Warning: Nashorn engine is planned to be removed from a future JDK release
Warning: Nashorn engine is planned to be removed from a future JDK release
Warning: Nashorn engine is planned to be removed from a future JDK release
Warning: Nashorn engine is planned to be removed from a future JDK release
Warning: Nashorn engine is planned to be removed from a future JDK release
Warning: Nashorn engine is planned to be removed from a future JDK release
Warning: Nashorn engine is planned to be removed from a future JDK release
Warning: Nashorn engine is planned to be removed from a future JDK release
Warning: Nashorn engine is planned to be removed from a future JDK release
Warning: Nashorn engine is planned to be removed from a future JDK release
Warning: Nashorn engine is planned to be removed from a future JDK release
Warning: Nashorn engine is planned to be removed from a future JDK release
Warning: Nashorn engine is planned to be removed from a future JDK release
Warning: Nashorn engine is planned to be removed from a future JDK release
Warning: Nashorn engine is planned to be removed from a future JDK release
Warning: Nashorn engine is planned to be removed from a future JDK release
Warning: Nashorn engine is planned to be removed from a future JDK release
Warning: Nashorn engine is planned to be removed from a future JDK release
Warning: Nashorn engine is planned to be removed from a future JDK release
Warning: Nashorn engine is planned to be removed from a future JDK release
Warning: Nashorn engine is planned to be removed from a future JDK release
Warning: Nashorn engine is planned to be removed from a future JDK release
Warning: Nashorn engine is planned to be removed from a future JDK release
Warning: Nashorn engine is planned to be removed from a future JDK release
Warning: Nashorn engine is planned to be removed from a future JDK release
Warning: Nashorn engine is planned to be removed from a future JDK release
Warning: Nashorn engine is planned to be removed from a future JDK release
Warning: Nashorn engine is planned to be removed from a future JDK release
Warning: Nashorn engine is planned to be removed from a future JDK release
Warning: Nashorn engine is planned to be removed from a future JDK release
Warning: Nashorn engine is planned to be removed from a future JDK release
Warning: Nashorn engine is planned to be removed from a future JDK release
Warning: Nashorn engine is planned to be removed from a future JDK release
Warning: Nashorn engine is planned to be removed from a future JDK release
Warning: Nashorn engine is planned to be removed from a future JDK release
Warning: Nashorn engine is planned to be removed from a future JDK release
Warning: Nashorn engine is planned to be removed from a future JDK release
Warning: Nashorn engine is planned to be removed from a future JDK release
Warning: Nashorn engine is planned to be removed from a future JDK release
Warning: Nashorn engine is planned to be removed from a future JDK release
Warning: Nashorn engine is planned to be removed from a future JDK release
Warning: Nashorn engine is planned to be removed from a future JDK release
Warning: Nashorn engine is planned to be removed from a future JDK release
Warning: Nashorn engine is planned to be removed from a future JDK release
Warning: Nashorn engine is planned to be removed from a future JDK release
Warning: Nashorn engine is planned to be removed from a future JDK release
Warning: Nashorn engine is planned to be removed from a future JDK release
Warning: Nashorn engine is planned to be removed from a future JDK release
Warning: Nashorn engine is planned to be removed from a future JDK release
Warning: Nashorn engine is planned to be removed from a future JDK release
Warning: Nashorn engine is planned to be removed from a future JDK release
Warning: Nashorn engine is planned to be removed from a future JDK release
Warning: Nashorn engine is planned to be removed from a future JDK release
Warning: Nashorn engine is planned to be removed from a future JDK release
Warning: Nashorn engine is planned to be removed from a future JDK release
Warning: Nashorn engine is planned to be removed from a future JDK release
Warning: Nashorn engine is planned to be removed from a future JDK release
Warning: Nashorn engine is planned to be removed from a future JDK release
Warning: Nashorn engine is planned to be removed from a future JDK release
Warning: Nashorn engine is planned to be removed from a future JDK release
Warning: Nashorn engine is planned to be removed from a future JDK release
Warning: Nashorn engine is planned to be removed from a future JDK release
Warning: Nashorn engine is planned to be removed from a future JDK release
Warning: Nashorn engine is planned to be removed from a future JDK release
Warning: Nashorn engine is planned to be removed from a future JDK release
Warning: Nashorn engine is planned to be removed from a future JDK release
Warning: Nashorn engine is planned to be removed from a future JDK release
Warning: Nashorn engine is planned to be removed from a future JDK release
Warning: Nashorn engine is planned to be removed from a future JDK release
Warning: Nashorn engine is planned to be removed from a future JDK release
Warning: Nashorn engine is planned to be removed from a future JDK release
Warning: Nashorn engine is planned to be removed from a future JDK release
Warning: Nashorn engine is planned to be removed from a future JDK release
Warning: Nashorn engine is planned to be removed from a future JDK release
Warning: Nashorn engine is planned to be removed from a future JDK release
Warning: Nashorn engine is planned to be removed from a future JDK release
Warning: Nashorn engine is planned to be removed from a future JDK release
Warning: Nashorn engine is planned to be removed from a future JDK release
Warning: Nashorn engine is planned to be removed from a future JDK release
Warning: Nashorn engine is planned to be removed from a future JDK release
Warning: Nashorn engine is planned to be removed from a future JDK release
Warning: Nashorn engine is planned to be removed from a future JDK release
Warning: Nashorn engine is planned to be removed from a future JDK release
Warning: Nashorn engine is planned to be removed from a future JDK release
Warning: Nashorn engine is planned to be removed from a future JDK release
Warning: Nashorn engine is planned to be removed from a future JDK release
Warning: Nashorn engine is planned to be removed from a future JDK release
Warning: Nashorn engine is planned to be removed from a future JDK release
Warning: Nashorn engine is planned to be removed from a future JDK release
Warning: Nashorn engine is planned to be removed from a future JDK release
Warning: Nashorn engine is planned to be removed from a future JDK release
Warning: Nashorn engine is planned to be removed from a future JDK release
Warning: Nashorn engine is planned to be removed from a future JDK release
Warning: Nashorn engine is planned to be removed from a future JDK release
Warning: Nashorn engine is planned to be removed from a future JDK release
Warning: Nashorn engine is planned to be removed from a future JDK release
Warning: Nashorn engine is planned to be removed from a future JDK release
Warning: Nashorn engine is planned to be removed from a future JDK release
Warning: Nashorn engine is planned to be removed from a future JDK release
Warning: Nashorn engine is planned to be removed from a future JDK release
Warning: Nashorn engine is planned to be removed from a future JDK release
Warning: Nashorn engine is planned to be removed from a future JDK release
Warning: Nashorn engine is planned to be removed from a future JDK release
Warning: Nashorn engine is planned to be removed from a future JDK release
Warning: Nashorn engine is planned to be removed from a future JDK release
Warning: Nashorn engine is planned to be removed from a future JDK release
Warning: Nashorn engine is planned to be removed from a future JDK release
Warning: Nashorn engine is planned to be removed from a future JDK release
Warning: Nashorn engine is planned to be removed from a future JDK release
Warning: Nashorn engine is planned to be removed from a future JDK release
Warning: Nashorn engine is planned to be removed from a future JDK release
Warning: Nashorn engine is planned to be removed from a future JDK release
Warning: Nashorn engine is planned to be removed from a future JDK release
Warning: Nashorn engine is planned to be removed from a future JDK release
Warning: Nashorn engine is planned to be removed from a future JDK release
Warning: Nashorn engine is planned to be removed from a future JDK release
Warning: Nashorn engine is planned to be removed from a future JDK release
Warning: Nashorn engine is planned to be removed from a future JDK release
Warning: Nashorn engine is planned to be removed from a future JDK release
Warning: Nashorn engine is planned to be removed from a future JDK release
Warning: Nashorn engine is planned to be removed from a future JDK release
Warning: Nashorn engine is planned to be removed from a future JDK release
Warning: Nashorn engine is planned to be removed from a future JDK release
Warning: Nashorn engine is planned to be removed from a future JDK release
Warning: Nashorn engine is planned to be removed from a future JDK release
Warning: Nashorn engine is planned to be removed from a future JDK release
Warning: Nashorn engine is planned to be removed from a future JDK release
Warning: Nashorn engine is planned to be removed from a future JDK release
Warning: Nashorn engine is planned to be removed from a future JDK release
Warning: Nashorn engine is planned to be removed from a future JDK release
Warning: Nashorn engine is planned to be removed from a future JDK release
Warning: Nashorn engine is planned to be removed from a future JDK release
Warning: Nashorn engine is planned to be removed from a future JDK release
Warning: Nashorn engine is planned to be removed from a future JDK release
Warning: Nashorn engine is planned to be removed from a future JDK release
Warning: Nashorn engine is planned to be removed from a future JDK release
Warning: Nashorn engine is planned to be removed from a future JDK release
Warning: Nashorn engine is planned to be removed from a future JDK release
Warning: Nashorn engine is planned to be removed from a future JDK release
Warning: Nashorn engine is planned to be removed from a future JDK release
Warning: Nashorn engine is planned to be removed from a future JDK release
Warning: Nashorn engine is planned to be removed from a future JDK release
Warning: Nashorn engine is planned to be removed from a future JDK release
Warning: Nashorn engine is planned to be removed from a future JDK release
Warning: Nashorn engine is planned to be removed from a future JDK release
Warning: Nashorn engine is planned to be removed from a future JDK release
Warning: Nashorn engine is planned to be removed from a future JDK release
Warning: Nashorn engine is planned to be removed from a future JDK release
Warning: Nashorn engine is planned to be removed from a future JDK release
Warning: Nashorn engine is planned to be removed from a future JDK release
Warning: Nashorn engine is planned to be removed from a future JDK release
Warning: Nashorn engine is planned to be removed from a future JDK release
Warning: Nashorn engine is planned to be removed from a future JDK release
Warning: Nashorn engine is planned to be removed from a future JDK release
Warning: Nashorn engine is planned to be removed from a future JDK release
Warning: Nashorn engine is planned to be removed from a future JDK release
Warning: Nashorn engine is planned to be removed from a future JDK release
Warning: Nashorn engine is planned to be removed from a future JDK release
Warning: Nashorn engine is planned to be removed from a future JDK release
Warning: Nashorn engine is planned to be removed from a future JDK release
Warning: Nashorn engine is planned to be removed from a future JDK release
Warning: Nashorn engine is planned to be removed from a future JDK release
Warning: Nashorn engine is planned to be removed from a future JDK release
Warning: Nashorn engine is planned to be removed from a future JDK release
Warning: Nashorn engine is planned to be removed from a future JDK release
Warning: Nashorn engine is planned to be removed from a future JDK release
Warning: Nashorn engine is planned to be removed from a future JDK release
Warning: Nashorn engine is planned to be removed from a future JDK release
Warning: Nashorn engine is planned to be removed from a future JDK release
Warning: Nashorn engine is planned to be removed from a future JDK release
Warning: Nashorn engine is planned to be removed from a future JDK release
Warning: Nashorn engine is planned to be removed from a future JDK release
Warning: Nashorn engine is planned to be removed from a future JDK release
Warning: Nashorn engine is planned to be removed from a future JDK release
Warning: Nashorn engine is planned to be removed from a future JDK release
Warning: Nashorn engine is planned to be removed from a future JDK release
Warning: Nashorn engine is planned to be removed from a future JDK release
Warning: Nashorn engine is planned to be removed from a future JDK release
Warning: Nashorn engine is planned to be removed from a future JDK release
Warning: Nashorn engine is planned to be removed from a future JDK release
Warning: Nashorn engine is planned to be removed from a future JDK release
Warning: Nashorn engine is planned to be removed from a future JDK release
Warning: Nashorn engine is planned to be removed from a future JDK release
Warning: Nashorn engine is planned to be removed from a future JDK release
Warning: Nashorn engine is planned to be removed from a future JDK release
Warning: Nashorn engine is planned to be removed from a future JDK release
Warning: Nashorn engine is planned to be removed from a future JDK release
Warning: Nashorn engine is planned to be removed from a future JDK release
Warning: Nashorn engine is planned to be removed from a future JDK release
Warning: Nashorn engine is planned to be removed from a future JDK release
Warning: Nashorn engine is planned to be removed from a future JDK release
Warning: Nashorn engine is planned to be removed from a future JDK release
Warning: Nashorn engine is planned to be removed from a future JDK release
Warning: Nashorn engine is planned to be removed from a future JDK release
Warning: Nashorn engine is planned to be removed from a future JDK release
Warning: Nashorn engine is planned to be removed from a future JDK release
Warning: Nashorn engine is planned to be removed from a future JDK release
Warning: Nashorn engine is planned to be removed from a future JDK release
Warning: Nashorn engine is planned to be removed from a future JDK release
Warning: Nashorn engine is planned to be removed from a future JDK release
Warning: Nashorn engine is planned to be removed from a future JDK release
Warning: Nashorn engine is planned to be removed from a future JDK release
Warning: Nashorn engine is planned to be removed from a future JDK release
Warning: Nashorn engine is planned to be removed from a future JDK release
Warning: Nashorn engine is planned to be removed from a future JDK release
Warning: Nashorn engine is planned to be removed from a future JDK release
Warning: Nashorn engine is planned to be removed from a future JDK release
Warning: Nashorn engine is planned to be removed from a future JDK release
Warning: Nashorn engine is planned to be removed from a future JDK release
Warning: Nashorn engine is planned to be removed from a future JDK release
Warning: Nashorn engine is planned to be removed from a future JDK release
Warning: Nashorn engine is planned to be removed from a future JDK release
Warning: Nashorn engine is planned to be removed from a future JDK release
Warning: Nashorn engine is planned to be removed from a future JDK release
Warning: Nashorn engine is planned to be removed from a future JDK release
]]></system-err>
</testsuite>
