<?xml version="1.0" encoding="UTF-8" ?>
<testsuite errors="0" failures="0" hostname="travis-job-f9f047d9-6429-4925-b327-f0e530e1bb06" name="ptolemy.actor.lib.test.junit.JUnitTclTest" skipped="0" tests="517" time="59.455" timestamp="2021-07-06T02:07:37">
  <properties>
    <property name="npm.executable" value="npm" />
    <property name="env.TRAVIS_ROOT" value="/" />
    <property name="ptII.mk.exists" value="true" />
    <property name="env.TRAVIS_APP_HOST" value="build.travis-ci.com" />
    <property name="env.rvm_bin_path" value="/home/travis/.rvm/bin" />
    <property name="java.home" value="/usr/local/lib/jvm/openjdk11" />
    <property name="env.TRAVIS_JOB_NUMBER" value="1822.8" />
    <property name="env.TRAVIS_HOME" value="/home/travis" />
    <property name="env.DISPLAY" value=":99.0" />
    <property name="env.TRAVIS_INIT" value="systemd" />
    <property name="env.SSH_TTY" value="/dev/pts/0" />
    <property name="java.net.preferIPv4Stack" value="true" />
    <property name="env.RUN_TESTS" value="true" />
    <property name="timeout.short" value="1000000" />
    <property name="junit.formatter" value="xml" />
    <property name="env.TRAVIS_SUDO" value="true" />
    <property name="env.TRAVIS_JOB_NAME" value="" />
    <property name="env.TRAVIS_STACK_NODE_ATTRIBUTES" value="/.node-attributes.yml" />
    <property name="env.LOGNAME" value="travis" />
    <property name="env.PT_TRAVIS_TEST_CORE1_XML" value="true" />
    <property name="jsdoc.home" value="node_modules/@terraswarm/jsdoc" />
    <property name="debuglevel" value="source,lines,vars" />
    <property name="checkstyle.formatter" value="xml" />
    <property name="bin.vergil.makeable" value="true" />
    <property name="sun.os.patch.level" value="unknown" />
    <property name="java.vendor.url" value="http://java.oracle.com/" />
    <property name="env.TRAVIS_BUILD_WEB_URL" value="https://app.travis-ci.com/icyphy/ptII/builds/231864432" />
    <property name="java.version" value="11.0.2" />
    <property name="env.TZ" value="UTC" />
    <property name="env.TRAVIS_PULL_REQUEST_SHA" value="" />
    <property name="env.PT_NO_NET" value="true" />
    <property name="env.TRAVIS_SECURE_ENV_VARS" value="true" />
    <property name="java.vendor.url.bug" value="http://bugreport.java.com/bugreport/" />
    <property name="npmjs-org-is-up" value="true" />
    <property name="env.LANGUAGE" value="en_US.UTF-8" />
    <property name="env.SSH_CLIENT" value="10.16.1.15 46556 22" />
    <property name="env.GEM_HOME" value="/home/travis/.rvm/gems/ruby-2.5.3" />
    <property name="env.HAS_ANTARES_THREE_LITTLE_FRONZIES_BADGE" value="true" />
    <property name="java.version.date" value="2019-01-15" />
    <property name="env.PS4" value="+" />
    <property name="ant.project.invoked-targets" value="build,test.core1.xml" />
    <property name="env.TRAVIS_PULL_REQUEST_BRANCH" value="" />
    <property name="env.TRAVIS_REPO_SLUG" value="icyphy/ptII" />
    <property name="env.XDG_DATA_DIRS" value="/usr/local/share:/usr/share:/var/lib/snapd/desktop" />
    <property name="jdk.debug" value="release" />
    <property name="env.TRAVIS_APT_PROXY" value="http://build-cache.travisci.net" />
    <property name="env.TRAVIS_CPU_ARCH" value="amd64" />
    <property name="node.in.path" value="true" />
    <property name="user.name" value="travis" />
    <property name="java.maxmemory" value="1400m" />
    <property name="env.RUBY_VERSION" value="ruby-2.5.3" />
    <property name="env.LANG" value="en_US.UTF-8" />
    <property name="sun.io.unicode.encoding" value="UnicodeLittle" />
    <property name="sun.jnu.encoding" value="UTF-8" />
    <property name="java.runtime.name" value="OpenJDK Runtime Environment" />
    <property name="usefile" value="false" />
    <property name="return.code" value="0" />
    <property name="junit.single.formatter" value="plain" />
    <property name="env.DYLD_LIBRARY_PATH" value="/home/travis/pthla/certi-tools/lib:" />
    <property name="env.DEBIAN_FRONTEND" value="noninteractive" />
    <property name="env.SSH_CONNECTION" value="10.16.1.15 46556 10.30.0.113 22" />
    <property name="env.MYSQL_UNIX_PORT" value="/var/run/mysqld/mysqld.sock" />
    <property name="env.LC_ALL" value="en_US.UTF-8" />
    <property name="env.TRAVIS_ALLOW_FAILURE" value="" />
    <property name="env.TRAVIS_JOB_WEB_URL" value="https://app.travis-ci.com/icyphy/ptII/jobs/521932361" />
    <property name="java.specification.name" value="Java Platform API Specification" />
    <property name="node.works" value="true" />
    <property name="user.timezone" value="" />
    <property name="path.separator" value=":" />
    <property name="env.TRAVIS_ENABLE_INFRA_DETECTION" value="true" />
    <property name="env.PYTHON_CFLAGS" value="-g -fstack-protector --param=ssp-buffer-size=4 -Wformat -Werror=format-security" />
    <property name="timeout.long" value="4000000" />
    <property name="env.CERTI_HOME" value="/home/travis/pthla/certi-tools" />
    <property name="ant.file.ptII" value="/home/travis/build/icyphy/ptII/build.xml" />
    <property name="javadoc.packagenames" value="com.*,diva.*,lbnl.*,org.hlacerti.*,org.json.*,org.ptolemy.*,org.terraswarm.*,ptolemy.*,ptserver.*" />
    <property name="file.encoding" value="UTF-8" />
    <property name="env.TRAVIS_PULL_REQUEST_SLUG" value="" />
    <property name="ant.project.default-target" value="build" />
    <property name="env.GIT_ASKPASS" value="echo" />
    <property name="env.HOME" value="/home/travis" />
    <property name="sun.java.command" value="org.apache.tools.ant.taskdefs.optional.junit.JUnitTestRunner ptolemy.actor.lib.test.junit.JUnitTclTest skipNonTests=false filtertrace=true haltOnError=false haltOnFailure=false formatter=org.apache.tools.ant.taskdefs.optional.junit.OutErrSummaryJUnitResultFormatter showoutput=true outputtoformatters=true logfailedtests=true threadid=0 logtestlistenerevents=false formatter=org.apache.tools.ant.taskdefs.optional.junit.XMLJUnitResultFormatter,/home/travis/build/icyphy/ptII/reports/junit/TEST-ptolemy.actor.lib.test.junit.JUnitTclTest.xml crashfile=/home/travis/build/icyphy/ptII/junitvmwatcher16537387965230978806.properties propsfile=/home/travis/build/icyphy/ptII/junit7975295940515558237.properties" />
    <property name="env.COMPOSER_NO_INTERACTION" value="1" />
    <property name="env.MANPATH" value="/home/travis/.nvm/versions/node/v7.10.1/share/man:/home/travis/.rvm/rubies/ruby-2.5.3/share/man:/usr/local/cmake-3.12.4/man:/usr/local/clang-7.0.0/share/man:/usr/local/man:/usr/local/share/man:/usr/share/man:/home/travis/.rvm/man" />
    <property name="env.TRAVIS_TIMER_ID" value="0be58cdc" />
    <property name="ant.file" value="/home/travis/build/icyphy/ptII/build.xml" />
    <property name="env.TRAVIS_COMMIT_RANGE" value="83431a304096fee9edc417817234d00218a32f20...9d9fa68bf2e72a8403e149fd3a2f9b407b525d94" />
    <property name="ptII.classpath.optional.property" value="/home/travis/build/icyphy/ptII/lib/bsh-2.0b4.jar:/home/travis/build/icyphy/ptII/lib/ptCal.jar:/home/travis/build/icyphy/ptII/lib/java_cup.jar:/home/travis/build/icyphy/ptII/lib/saxon8.jar:/home/travis/build/icyphy/ptII/lib/saxon8-dom.jar:/home/travis/build/icyphy/ptII/lib/chic.jar:/home/travis/build/icyphy/ptII/lib/ptcolt.jar:/home/travis/build/icyphy/ptII/vendors/misc/itext/iText.jar:/home/travis/build/icyphy/ptII/lib/g4ltl.jar:/home/travis/build/icyphy/ptII/lib/StructuralCoder.jar:/home/travis/build/icyphy/ptII/lib/jcerti.jar:/home/travis/build/icyphy/ptII/lib/javax.mail.jar:/home/travis/build/icyphy/ptII/vendors/JMF-2.1.1e/lib/jmf.jar:/home/travis/build/icyphy/ptII/lib/jna-4.0.0-variadic.jar:/home/travis/build/icyphy/ptII/vendors/misc/joystick/Joystick.jar:/home/travis/build/icyphy/ptII/lib/ptjacl.jar:/home/travis/build/icyphy/ptII/lib/jsoup-1.8.2.jar:/home/travis/build/icyphy/ptII/lib/junit-4.8.2.jar:/home/travis/build/icyphy/ptII/lib/JUnitParams-0.4.0.jar:/home/travis/build/icyphy/ptII/ptolemy/actor/lib/excel/jxl.jar:/home/travis/build/icyphy/ptII/lib/jython.jar:/home/travis/build/icyphy/ptII/lib/kieler.jar:/home/travis/build/icyphy/ptII/vendors/opencv/share/OpenCV/java/opencv-341.jar:/home/travis/build/icyphy/ptII/lib/oscP5.jar:/home/travis/build/icyphy/ptII/lib/nrjavaserial-3.11.0.devel.jar:/home/travis/build/icyphy/ptII/vendors/j3d/lib/Linux/j3dcore.jar:/home/travis/build/icyphy/ptII/vendors/j3d/lib/Linux/j3dutils.jar:/home/travis/build/icyphy/ptII/vendors/j3d/lib/Linux/vecmath.jar:/home/travis/build/icyphy/ptII/vendors/jogl/lib/Linux/gluegen-rt-natives-linux-amd64.jar:/home/travis/build/icyphy/ptII/vendors/jogl/lib/Linux/gluegen-rt.jar:/home/travis/build/icyphy/ptII/vendors/jogl/lib/Linux/jogl-all-natives-linux-amd64.jar:/home/travis/build/icyphy/ptII/vendors/jogl/lib/Linux/jogl-all.jar:/home/travis/build/icyphy/ptII/ptolemy/distributed/jini/jar/jini-core.jar:/home/travis/build/icyphy/ptII/ptolemy/distributed/jini/jar/jini-ext.jar:/home/travis/build/icyphy/ptII/ptolemy/distributed/jini/jar/sun-util.jar:/home/travis/build/icyphy/ptII/lib/protobuf-java-2.4.1.jar:/home/travis/build/icyphy/ptII/lib/org.eclipse.paho.client.mqttv3.jar:/home/travis/build/icyphy/ptII/lib/mapss.jar:/home/travis/build/icyphy/ptII/ptolemy/actor/ptalon/antlr/antlr.jar:/home/travis/build/icyphy/ptII/lib/JRI.jar:/home/travis/build/icyphy/ptII/lib/commons-lang-2.6.jar:/home/travis/build/icyphy/ptII/lib/commons-logging-1.1.1.jar:/home/travis/build/icyphy/ptII/lib/sootclasses.jar:/home/travis/build/icyphy/ptII/ptolemy/actor/lib/database/mysql-connector-java-5.1.6-bin.jar:/home/travis/build/icyphy/ptII/vendors/misc/sphinx4/sphinx4-data-5prealpha.jar:/home/travis/build/icyphy/ptII/vendors/misc/sphinx4/sphinx4-core-5prealpha.jar:/home/travis/build/icyphy/ptII/lib/PDFRenderer.jar:/home/travis/build/icyphy/ptII/lib/svgSalamander.jar:/home/travis/build/icyphy/ptII/lib/rsyntaxtextarea-2.6.0-SNAPSHOT.jar:/home/travis/build/icyphy/ptII/lib/hazelcast-3.8.2.jar:/home/travis/build/icyphy/ptII/lib/jackson-annotations-2.9.0.jar:/home/travis/build/icyphy/ptII/lib/jackson-core-2.9.3.jar:/home/travis/build/icyphy/ptII/lib/jackson-databind-2.9.3.jar:/home/travis/build/icyphy/ptII/lib/netty-buffer-4.1.19.Final.jar:/home/travis/build/icyphy/ptII/lib/netty-codec-4.1.19.Final.jar:/home/travis/build/icyphy/ptII/lib/netty-codec-dns-4.1.19.Final.jar:/home/travis/build/icyphy/ptII/lib/netty-codec-http-4.1.19.Final.jar:/home/travis/build/icyphy/ptII/lib/netty-codec-http2-4.1.19.Final.jar:/home/travis/build/icyphy/ptII/lib/netty-common-4.1.19.Final.jar:/home/travis/build/icyphy/ptII/lib/netty-handler-4.1.19.Final.jar:/home/travis/build/icyphy/ptII/lib/netty-resolver-4.1.19.Final.jar:/home/travis/build/icyphy/ptII/lib/netty-resolver-dns-4.1.19.Final.jar:/home/travis/build/icyphy/ptII/lib/netty-transport-4.1.19.Final.jar:/home/travis/build/icyphy/ptII/lib/vertx-codegen-3.5.1.jar:/home/travis/build/icyphy/ptII/lib/vertx-core-3.5.2-SNAPSHOT.jar:/home/travis/build/icyphy/ptII/lib/vertx-hazelcast-3.5.1.jar:/home/travis/build/icyphy/ptII/lib/vertx-lang-js-3.5.1.jar:/home/travis/build/icyphy/ptII/lib/vertx-service-proxy-3.5.1.jar:/home/travis/build/icyphy/ptII/lib/vertx-web-3.5.1.jar:/home/travis/build/icyphy/ptII/lib/slf4j-api-1.7.13.jar:/home/travis/build/icyphy/ptII/lib/slf4j-simple-1.7.13.jar:/home/travis/build/icyphy/ptII/lib/webcam-capture-0.3.12.jar:/home/travis/build/icyphy/ptII/lib/bridj-0.7.0.jar:/home/travis/build/icyphy/ptII/lib/xbjlib-1.1.0.nrjavaserial.jar" />
    <property name="timeout" value="2400000" />
    <property name="test.batch" value="**/junit/*.java" />
    <property name="env._" value="/usr/bin/timeout" />
    <property name="java.io.tmpdir" value="/tmp" />
    <property name="user.language" value="en" />
    <property name="env.TRAVIS_INTERNAL_RUBY_REGEX" value="^ruby-(2\.[0-4]\.[0-9]|1\.9\.3)" />
    <property name="env.HISTCONTROL" value="ignoredups:ignorespace" />
    <property name="env.GOROOT" value="/home/travis/.gimme/versions/go1.11.1.linux.amd64" />
    <property name="line.separator" value="&#xa;" />
    <property name="target" value="11" />
    <property name="env.TRAVIS_BUILD_DIR" value="/home/travis/build/icyphy/ptII" />
    <property name="env.ANT_OPTS" value="-Xmx2048m" />
    <property name="ant.file.type" value="file" />
    <property name="ptolemy.ptII.batchMode" value="true" />
    <property name="env.HISTSIZE" value="1000" />
    <property name="env.MERB_ENV" value="test" />
    <property name="java.vm.info" value="mixed mode" />
    <property name="source" value="11" />
    <property name="java.vm.specification.name" value="Java Virtual Machine Specification" />
    <property name="env.TRAVIS_TEST_RESULT" value="0" />
    <property name="jsdoc.command" value="node_modules/@terraswarm/jsdoc/jsdoc.js" />
    <property name="npm.works" value="true" />
    <property name="cobertura.dir" value="/home/travis/build/icyphy/ptII/vendors/cobertura-2.0.3" />
    <property name="jsdoc.command.exists" value="true" />
    <property name="env.rvm_path" value="/home/travis/.rvm" />
    <property name="env.GEM_PATH" value="/home/travis/.rvm/gems/ruby-2.5.3:/home/travis/.rvm/gems/ruby-2.5.3@global" />
    <property name="env.LC_CTYPE" value="en_US.UTF-8" />
    <property name="env.TRAVIS_CMD" value="$PTII/bin/ptIITravisBuild.sh $SECONDS" />
    <property name="java.awt.printerjob" value="sun.print.PSPrinterJob" />
    <property name="env.TRAVIS_STACK_NAME" value="sardonyx" />
    <property name="env.TRAVIS_TIMER_START_TIME" value="1625536690928625303" />
    <property name="ant.version" value="Apache Ant(TM) version 1.10.1 compiled on February 2 2017" />
    <property name="ptII.reports" value="/home/travis/build/icyphy/ptII/reports" />
    <property name="env.TRAVIS_STACK_TIMESTAMP" value="2020-06-24 13:13:18 UTC" />
    <property name="ant.file.type.ptII" value="file" />
    <property name="env.RBENV_SHELL" value="bash" />
    <property name="os.name" value="Linux" />
    <property name="java.specification.vendor" value="Oracle Corporation" />
    <property name="env.rvm_version" value="1.29.10 (latest)" />
    <property name="env.TRAVIS_INFRA" value="unknown" />
    <property name="env.TERM" value="xterm" />
    <property name="java.vm.name" value="OpenJDK 64-Bit Server VM" />
    <property name="env.TRAVIS_BUILD_NUMBER" value="1822" />
    <property name="env.CI" value="true" />
    <property name="java.library.path" value="/home/travis/pthla/certi-tools/lib:/usr/lib/jni:/usr/local/share/OpenCV/java/:/usr/share/OpenCV/java::/usr/java/packages/lib:/usr/lib64:/lib64:/lib:/usr/lib" />
    <property name="jdk.module.path" value="/home/travis/build/icyphy/ptII/vendors/javafx/javafx-sdk-11.0.2/lib:" />
    <property name="env.rvm_prefix" value="/home/travis" />
    <property name="env.PATH" value="/home/travis/pthla/certi-tools/share/scripts:/home/travis/.rvm/gems/ruby-2.5.3/bin:/home/travis/.rvm/gems/ruby-2.5.3@global/bin:/home/travis/.rvm/rubies/ruby-2.5.3/bin:/home/travis/.rvm/bin:./node_modules/.bin:/home/travis/build/icyphy/ptII/bin:/home/travis/pthla/certi-tools/bin:/home/travis/bin:/home/travis/.local/bin:/usr/local/lib/jvm/openjdk11/bin:/opt/pyenv/shims:/home/travis/.phpenv/shims:/home/travis/perl5/perlbrew/bin:/home/travis/.nvm/versions/node/v7.10.1/bin:/home/travis/gopath/bin:/home/travis/.gimme/versions/go1.11.1.linux.amd64/bin:/usr/local/maven-3.6.3/bin:/usr/local/cmake-3.12.4/bin:/usr/local/clang-7.0.0/bin:/usr/local/sbin:/usr/local/bin:/usr/sbin:/usr/bin:/sbin:/bin:/snap/bin:/home/travis/.phpenv/bin:/opt/pyenv/bin:/home/travis/.yarn/bin" />
    <property name="env.TRAVIS_OS_NAME" value="linux" />
    <property name="ant.java.version" value="9" />
    <property name="basedir" value="/home/travis/build/icyphy/ptII" />
    <property name="java.class.version" value="55.0" />
    <property name="env.SHLVL" value="3" />
    <property name="env.LD_LIBRARY_PATH" value="/home/travis/pthla/certi-tools/lib:/usr/lib/jni:/usr/local/share/OpenCV/java/:/usr/share/OpenCV/java:" />
    <property name="env.RACK_ENV" value="test" />
    <property name="ant.home" value="/home/travis/build/icyphy/ptII/ant" />
    <property name="env.NVM_DIR" value="/home/travis/.nvm" />
    <property name="env.CERTI_FOM_PATH" value="/home/travis/pthla/certi-tools/share/federations" />
    <property name="env.TRAVIS_BUILD_ID" value="231864432" />
    <property name="env.PYENV_ROOT" value="/opt/pyenv" />
    <property name="env.TRAVIS_UID" value="2000" />
    <property name="prism.verbose" value="true" />
    <property name="env.NVM_BIN" value="/home/travis/.nvm/versions/node/v7.10.1/bin" />
    <property name="env.TRAVIS_COMMIT" value="9d9fa68bf2e72a8403e149fd3a2f9b407b525d94" />
    <property name="node.executable" value="node" />
    <property name="sun.boot.library.path" value="/usr/local/lib/jvm/openjdk11/lib" />
    <property name="sun.management.compiler" value="HotSpot 64-Bit Tiered Compilers" />
    <property name="java.awt.graphicsenv" value="sun.awt.X11GraphicsEnvironment" />
    <property name="env.GOPATH" value="/home/travis/gopath" />
    <property name="ptolemy.ptII.dir" value="/home/travis/build/icyphy/ptII" />
    <property name="env.USER" value="travis" />
    <property name="env.HISTFILESIZE" value="2000" />
    <property name="env.NVM_INC" value="/home/travis/.nvm/versions/node/v7.10.1/include/node" />
    <property name="timeout.longest" value="19000000" />
    <property name="env.PERLBREW_SHELLRC_VERSION" value="0.88" />
    <property name="env.TRAVIS_STACK_FEATURES" value="basic couchdb disabled-ipv6 docker docker-compose elasticsearch firefox go-toolchain google-chrome jdk memcached mongodb mysql nodejs_interpreter perl_interpreter perlbrew phantomjs postgresql python_interpreter redis ruby_interpreter sqlite xserver" />
    <property name="env.TRAVIS_PULL_REQUEST" value="false" />
    <property name="env.PYENV_SHELL" value="bash" />
    <property name="ant.project.name" value="ptII" />
    <property name="env.ANSI_RESET" value="\033[0m" />
    <property name="java.vm.specification.version" value="11" />
    <property name="env.TRAVIS_DIST" value="xenial" />
    <property name="env.CERTI_VERSION" value="4.0.0" />
    <property name="env.CERTI_HOST" value="localhost" />
    <property name="awt.toolkit" value="sun.awt.X11.XToolkit" />
    <property name="env.MY_RUBY_HOME" value="/home/travis/.rvm/rubies/ruby-2.5.3" />
    <property name="sun.cpu.isalist" value="" />
    <property name="env.TRAVIS_TMPDIR" value="/tmp/tmp.iSfAEZ1kdt" />
    <property name="java.vm.compressedOopsMode" value="Zero based" />
    <property name="os.version" value="4.15.0-1077-gcp" />
    <property name="user.home" value="/home/travis" />
    <property name="java.vm.vendor" value="Oracle Corporation" />
    <property name="env.TRAVIS_TAG" value="nightly" />
    <property name="env.ANSI_YELLOW" value="\033[33;1m" />
    <property name="env.TRAVIS_FILTERED" value="redirect_io" />
    <property name="env.ANSI_GREEN" value="\033[32;1m" />
    <property name="env.JAVA_HOME" value="/usr/local/lib/jvm/openjdk11" />
    <property name="javadoc.excludepackagenames" value="adm.cvs2svn.*,build.*,config.*,doc.coding.templates.*,jni.test.jni.meaningOfLife.*,jni.test.jni.testDeux.*,jni.test.jni.testTrois.*,org.terraswarm.accessor.accessors.web.node_modules.*,org.terraswarm.accessor.accessors.web.hosts.cordova.demo.*,org.terraswarm.accessor.accessors.web.hosts.cordova.plugins.*,org.terraswarm.accessor.accessors-svn.*,pt-modules.*,ptolemy.apps.agilent.*,ptolemy.apps.anytimecontrol.*,ptolemy.apps.apes.*,ptolemy.apps.charon.*,ptolemy.apps.crazyboard.*,ptolemy.apps.eclipse.*,ptolemy.apps.etherealSting.*,ptolemy.apps.fullscreen.*,ptolemy.apps.giotto.*,ptolemy.apps.ia.*,ptolemy.apps.interfaces.*,ptolemy.apps.jmf.*,ptolemy.apps.kurt.*,ptolemy.apps.kvm.*,ptolemy.apps.lego.*,ptolemy.apps.lejos.*,ptolemy.apps.midp.*,ptolemy.apps.mobileCoding.*,ptolemy.apps.pendulum.*,ptolemy.apps.rijndael.*,ptolemy.apps.robot.*,ptolemy.apps.security.*,ptolemy.apps.sobel.*,ptolemy.apps.soot.*,ptolemy.apps.throttle.*,ptolemy.apps.tini.*,ptolemy.apps.transmission.*,ptolemy.apps.vergil.*,ptolemy.apps.waba.*,ptolemy.apps.websensor.*,ptolemy.apps.webstart.*,ptolemy.apps.xsl.*,ptolemy.apps.zaurus.*,ptolemy.codegen.c.actor.lib.oldJavaFiles.*,ptolemy.codegen.dsp.lib.*,ptolemy.codegen.kernel.newInterfaces.*,ptolemy.codegen.lib.*,ptolemy.copernicus.kernel.fragment.*,ptolemy.copernicus.shallow.cg.*,ptolemy.domains.giotto.demo.Hierarchy.Hierarchy.*,ptolemy.domains.giotto.demo.Multimode.Multimode.*,ptolemy.domains.giotto.demo.Simple.Simple.*,ptolemy.domains.gr.lib.experimental.*,ptolemy.domains.gro.*,ptolemy.domains.pdf.*,ptolemy.domains.ptinyos.demo.Surge.output.*,ptolemy.moml.test.NoPackageActor.java*,ptolemy.plot.adm.*,ptolemy.plot.servlet.*,reports.*,signed.*,src.*,target.*,vendors.*,ptolemy.copernicus.applet.*,ptolemy.media.viewer.*,ptolemy.actor.corba.*,doc.doclets.*,ptolemy.apps.eclipse.awt.*,ptolemy.backtrack.*,ptolemy.backtrack.ast.*,ptolemy.cg.adapter.generic.program.procedural.c.mbed*,ptolemy.homer.*,ptolemy.actor.lib.jai.*,org.ptolemy.scala.*,diva.util.java2d.svg.*,ptolemy.domains.ptinyos.*,ptolemy.actor.lib.fmi.fmipp.*,,org.terraswarm.accessor.accessors.web.node_modules.*,org.terraswarm.accessor.accessors-svn,ptolemy.apps.*,ptolemy.actor.ptalon.demo.ptinyos.SendAndReceiveCnt.output,ptolemy.actor.ptalon.demo.ptinyos.SenseToLeds.output,ptolemy.domains.ptinyos.demo.CntToLedsAndRfm.output,ptolemy.domains.ptinyos.demo.RfmToLeds.output,ptolemy.domains.ptinyos.demo.SendAndReceiveCnt.output,ptolemy.domains.ptinyos.demo.SenseToLeds.output,ptolemy.actor.lib.jjs.modules.udpSocket.*" />
    <property name="env.PTII" value="/home/travis/build/icyphy/ptII" />
    <property name="env.XDG_SESSION_ID" value="2" />
    <property name="keystore" value="ptKeystore" />
    <property name="env.TRAVIS_COMMIT_MESSAGE" value="Revert &quot;Merge pull request #336 from icyphy/dependabot/maven/junit-junit-4.13.1&quot;&#xa;&#xa;This reverts commit 83431a304096fee9edc417817234d00218a32f20, reversing&#xa;changes made to 8f4ad28aa53cc81362f26fdbf8d406fb619899a6." />
    <property name="junit.output.dir" value="/home/travis/build/icyphy/ptII/reports/junit" />
    <property name="npm.return.code" value="0" />
    <property name="user.dir" value="/home/travis/build/icyphy/ptII/ptolemy/actor/lib/test" />
    <property name="env.TRAVIS_NODE_VERSION" value="7" />
    <property name="env.TRAVIS_EVENT_TYPE" value="cron" />
    <property name="env.MAIL" value="/var/mail/travis" />
    <property name="env.PERLBREW_ROOT" value="/home/travis/perl5/perlbrew" />
    <property name="env.PWD" value="/home/travis/build/icyphy/ptII" />
    <property name="timeout.npm" value="45000" />
    <property name="env.TRAVIS_ARCH" value="amd64" />
    <property name="sun.cpu.endian" value="little" />
    <property name="env.PAGER" value="cat" />
    <property name="env.TRAVIS_BUILD_STAGE_NAME" value="test" />
    <property name="env.PERLBREW_HOME" value="/home/travis/.perlbrew" />
    <property name="java.vm.version" value="11.0.2+9" />
    <property name="env.RAILS_ENV" value="test" />
    <property name="java.class.path" value="/home/travis/.ptolemyII:/home/travis/.ptolemyII/*:/home/travis/build/icyphy/ptII:/home/travis/build/icyphy/ptII/lib/bsh-2.0b4.jar:/home/travis/build/icyphy/ptII/lib/ptCal.jar:/home/travis/build/icyphy/ptII/lib/java_cup.jar:/home/travis/build/icyphy/ptII/lib/saxon8.jar:/home/travis/build/icyphy/ptII/lib/saxon8-dom.jar:/home/travis/build/icyphy/ptII/lib/chic.jar:/home/travis/build/icyphy/ptII/lib/ptcolt.jar:/home/travis/build/icyphy/ptII/vendors/misc/itext/iText.jar:/home/travis/build/icyphy/ptII/lib/g4ltl.jar:/home/travis/build/icyphy/ptII/lib/StructuralCoder.jar:/home/travis/build/icyphy/ptII/lib/jcerti.jar:/home/travis/build/icyphy/ptII/lib/javax.mail.jar:/home/travis/build/icyphy/ptII/vendors/JMF-2.1.1e/lib/jmf.jar:/home/travis/build/icyphy/ptII/lib/jna-4.0.0-variadic.jar:/home/travis/build/icyphy/ptII/vendors/misc/joystick/Joystick.jar:/home/travis/build/icyphy/ptII/lib/ptjacl.jar:/home/travis/build/icyphy/ptII/lib/jsoup-1.8.2.jar:/home/travis/build/icyphy/ptII/lib/junit-4.8.2.jar:/home/travis/build/icyphy/ptII/lib/JUnitParams-0.4.0.jar:/home/travis/build/icyphy/ptII/ptolemy/actor/lib/excel/jxl.jar:/home/travis/build/icyphy/ptII/lib/jython.jar:/home/travis/build/icyphy/ptII/lib/kieler.jar:/home/travis/build/icyphy/ptII/vendors/opencv/share/OpenCV/java/opencv-341.jar:/home/travis/build/icyphy/ptII/lib/oscP5.jar:/home/travis/build/icyphy/ptII/lib/nrjavaserial-3.11.0.devel.jar:/home/travis/build/icyphy/ptII/vendors/j3d/lib/Linux/j3dcore.jar:/home/travis/build/icyphy/ptII/vendors/j3d/lib/Linux/j3dutils.jar:/home/travis/build/icyphy/ptII/vendors/j3d/lib/Linux/vecmath.jar:/home/travis/build/icyphy/ptII/vendors/jogl/lib/Linux/gluegen-rt-natives-linux-amd64.jar:/home/travis/build/icyphy/ptII/vendors/jogl/lib/Linux/gluegen-rt.jar:/home/travis/build/icyphy/ptII/vendors/jogl/lib/Linux/jogl-all-natives-linux-amd64.jar:/home/travis/build/icyphy/ptII/vendors/jogl/lib/Linux/jogl-all.jar:/home/travis/build/icyphy/ptII/ptolemy/distributed/jini/jar/jini-core.jar:/home/travis/build/icyphy/ptII/ptolemy/distributed/jini/jar/jini-ext.jar:/home/travis/build/icyphy/ptII/ptolemy/distributed/jini/jar/sun-util.jar:/home/travis/build/icyphy/ptII/lib/protobuf-java-2.4.1.jar:/home/travis/build/icyphy/ptII/lib/org.eclipse.paho.client.mqttv3.jar:/home/travis/build/icyphy/ptII/lib/mapss.jar:/home/travis/build/icyphy/ptII/ptolemy/actor/ptalon/antlr/antlr.jar:/home/travis/build/icyphy/ptII/lib/JRI.jar:/home/travis/build/icyphy/ptII/lib/commons-lang-2.6.jar:/home/travis/build/icyphy/ptII/lib/commons-logging-1.1.1.jar:/home/travis/build/icyphy/ptII/lib/sootclasses.jar:/home/travis/build/icyphy/ptII/ptolemy/actor/lib/database/mysql-connector-java-5.1.6-bin.jar:/home/travis/build/icyphy/ptII/vendors/misc/sphinx4/sphinx4-data-5prealpha.jar:/home/travis/build/icyphy/ptII/vendors/misc/sphinx4/sphinx4-core-5prealpha.jar:/home/travis/build/icyphy/ptII/lib/PDFRenderer.jar:/home/travis/build/icyphy/ptII/lib/svgSalamander.jar:/home/travis/build/icyphy/ptII/lib/rsyntaxtextarea-2.6.0-SNAPSHOT.jar:/home/travis/build/icyphy/ptII/lib/hazelcast-3.8.2.jar:/home/travis/build/icyphy/ptII/lib/jackson-annotations-2.9.0.jar:/home/travis/build/icyphy/ptII/lib/jackson-core-2.9.3.jar:/home/travis/build/icyphy/ptII/lib/jackson-databind-2.9.3.jar:/home/travis/build/icyphy/ptII/lib/netty-buffer-4.1.19.Final.jar:/home/travis/build/icyphy/ptII/lib/netty-codec-4.1.19.Final.jar:/home/travis/build/icyphy/ptII/lib/netty-codec-dns-4.1.19.Final.jar:/home/travis/build/icyphy/ptII/lib/netty-codec-http-4.1.19.Final.jar:/home/travis/build/icyphy/ptII/lib/netty-codec-http2-4.1.19.Final.jar:/home/travis/build/icyphy/ptII/lib/netty-common-4.1.19.Final.jar:/home/travis/build/icyphy/ptII/lib/netty-handler-4.1.19.Final.jar:/home/travis/build/icyphy/ptII/lib/netty-resolver-4.1.19.Final.jar:/home/travis/build/icyphy/ptII/lib/netty-resolver-dns-4.1.19.Final.jar:/home/travis/build/icyphy/ptII/lib/netty-transport-4.1.19.Final.jar:/home/travis/build/icyphy/ptII/lib/vertx-codegen-3.5.1.jar:/home/travis/build/icyphy/ptII/lib/vertx-core-3.5.2-SNAPSHOT.jar:/home/travis/build/icyphy/ptII/lib/vertx-hazelcast-3.5.1.jar:/home/travis/build/icyphy/ptII/lib/vertx-lang-js-3.5.1.jar:/home/travis/build/icyphy/ptII/lib/vertx-service-proxy-3.5.1.jar:/home/travis/build/icyphy/ptII/lib/vertx-web-3.5.1.jar:/home/travis/build/icyphy/ptII/lib/slf4j-api-1.7.13.jar:/home/travis/build/icyphy/ptII/lib/slf4j-simple-1.7.13.jar:/home/travis/build/icyphy/ptII/lib/webcam-capture-0.3.12.jar:/home/travis/build/icyphy/ptII/lib/bridj-0.7.0.jar:/home/travis/build/icyphy/ptII/lib/xbjlib-1.1.0.nrjavaserial.jar:/home/travis/build/icyphy/ptII/ptolemy/moml/test:/home/travis/build/icyphy/ptII/ant/lib/ant-launcher.jar:/home/travis/build/icyphy/ptII/ant/lib/ant.jar:/home/travis/build/icyphy/ptII/ant/lib/ant-junit.jar:/home/travis/build/icyphy/ptII/ant/lib/ant-junit4.jar" />
    <property name="ant.library.dir" value="/home/travis/build/icyphy/ptII/ant/lib" />
    <property name="os.arch" value="amd64" />
    <property name="env.CONTINUOUS_INTEGRATION" value="true" />
    <property name="env.TRAVIS_LANGUAGE" value="node_js" />
    <property name="env.TRAVIS_STACK_LANGUAGES" value="__sardonyx__ c c++ clojure cplusplus cpp default generic go groovy java node_js php pure_java python ruby scala" />
    <property name="test.name" value="ptolemy.actor.lib.test.junit.JUnitTclTest" />
    <property name="env.APT_KEY_DONT_WARN_ON_DANGEROUS_USAGE" value="1" />
    <property name="sun.java.launcher" value="SUN_STANDARD" />
    <property name="env.PYTHON_CONFIGURE_OPTS" value="--enable-unicode=ucs4 --with-wide-unicode --enable-shared --enable-ipv6 --enable-loadable-sqlite-extensions --with-computed-gotos" />
    <property name="ant.core.lib" value="/home/travis/build/icyphy/ptII/ant/lib/ant.jar" />
    <property name="java.vm.specification.vendor" value="Oracle Corporation" />
    <property name="env.BCVTB_HOME" value="/home/travis/build/icyphy/ptII/lbnl" />
    <property name="file.separator" value="/" />
    <property name="spotbugs.home" value="/home/travis/build/icyphy/ptII/vendors/spotbugs-3.1.1" />
    <property name="java.runtime.version" value="11.0.2+9" />
    <property name="env.ANSI_CLEAR" value="\033[0K" />
    <property name="javafx.verbose" value="true" />
    <property name="env.HAS_JOSH_K_SEAL_OF_APPROVAL" value="true" />
    <property name="env.XDG_RUNTIME_DIR" value="/run/user/2000" />
    <property name="env.TRAVIS_OSX_IMAGE" value="" />
    <property name="env.TRAVIS_JOB_ID" value="521932361" />
    <property name="env.TRAVIS_BRANCH" value="master" />
    <property name="user.country" value="US" />
    <property name="env.CERTI_HOME_TRAVIS" value="/home/travis/pthla/certi-tools" />
    <property name="env.SHELL" value="/bin/bash" />
    <property name="java.maxmemory.large" value="3200m" />
    <property name="model" value="" />
    <property name="env.CASHER_DIR" value="/home/travis/.casher" />
    <property name="env.NVM_CD_FLAGS" value="" />
    <property name="java.vendor.version" value="18.9" />
    <property name="jshint.executable" value="/home/travis/node_modules/jshint/bin/jshint" />
    <property name="env.JRUBY_OPTS" value=" --client -J-XX:+TieredCompilation -J-XX:TieredStopAtLevel=1 -J-Xss2m -Xcompile.invokedynamic=false" />
    <property name="java.vendor" value="Oracle Corporation" />
    <property name="env.TRAVIS_PRE_CHEF_BOOTSTRAP_TIME" value="2020-06-24T13:13:03" />
    <property name="env.TRAVIS_STACK_JOB_BOARD_REGISTER" value="/.job-board-register.yml" />
    <property name="env.ANSI_RED" value="\033[31;1m" />
    <property name="java.specification.version" value="11" />
    <property name="env.IRBRC" value="/home/travis/.rvm/rubies/ruby-2.5.3/.irbrc" />
    <property name="env.TRAVIS" value="true" />
    <property name="sun.arch.data.model" value="64" />
  </properties>
  <testcase classname="ptolemy.util.test.junit.TclTests" name="[0] /home/travis/build/icyphy/ptII/ptolemy/actor/lib/test/AbsoluteValue.tcl (RunTclFile)" time="0.59" />
  <testcase classname="ptolemy.util.test.junit.TclTests" name="[1] /home/travis/build/icyphy/ptII/ptolemy/actor/lib/test/AddSubtract.tcl (RunTclFile)" time="0.201" />
  <testcase classname="ptolemy.util.test.junit.TclTests" name="[2] /home/travis/build/icyphy/ptII/ptolemy/actor/lib/test/Average.tcl (RunTclFile)" time="0.069" />
  <testcase classname="ptolemy.util.test.junit.TclTests" name="[3] /home/travis/build/icyphy/ptII/ptolemy/actor/lib/test/Bernoulli.tcl (RunTclFile)" time="0.037" />
  <testcase classname="ptolemy.util.test.junit.TclTests" name="[4] /home/travis/build/icyphy/ptII/ptolemy/actor/lib/test/Clock.tcl (RunTclFile)" time="0.105" />
  <testcase classname="ptolemy.util.test.junit.TclTests" name="[5] /home/travis/build/icyphy/ptII/ptolemy/actor/lib/test/Commutator.tcl (RunTclFile)" time="0.127" />
  <testcase classname="ptolemy.util.test.junit.TclTests" name="[6] /home/travis/build/icyphy/ptII/ptolemy/actor/lib/test/Const.tcl (RunTclFile)" time="0.127" />
  <testcase classname="ptolemy.util.test.junit.TclTests" name="[7] /home/travis/build/icyphy/ptII/ptolemy/actor/lib/test/CurrentTime.tcl (RunTclFile)" time="0.021" />
  <testcase classname="ptolemy.util.test.junit.TclTests" name="[8] /home/travis/build/icyphy/ptII/ptolemy/actor/lib/test/DB.tcl (RunTclFile)" time="0.019" />
  <testcase classname="ptolemy.util.test.junit.TclTests" name="[9] /home/travis/build/icyphy/ptII/ptolemy/actor/lib/test/DiscreteRandomSource.tcl (RunTclFile)" time="0.023" />
  <testcase classname="ptolemy.util.test.junit.TclTests" name="[10] /home/travis/build/icyphy/ptII/ptolemy/actor/lib/test/Distributor.tcl (RunTclFile)" time="0.074" />
  <testcase classname="ptolemy.util.test.junit.TclTests" name="[11] /home/travis/build/icyphy/ptII/ptolemy/actor/lib/test/Exit.tcl (RunTclFile)" time="0.104" />
  <testcase classname="ptolemy.util.test.junit.TclTests" name="[12] /home/travis/build/icyphy/ptII/ptolemy/actor/lib/test/Expression.tcl (RunTclFile)" time="0.13" />
  <testcase classname="ptolemy.util.test.junit.TclTests" name="[13] /home/travis/build/icyphy/ptII/ptolemy/actor/lib/test/Gaussian.tcl (RunTclFile)" time="0.296" />
  <testcase classname="ptolemy.util.test.junit.TclTests" name="[14] /home/travis/build/icyphy/ptII/ptolemy/actor/lib/test/IIR.tcl (RunTclFile)" time="0.038" />
  <testcase classname="ptolemy.util.test.junit.TclTests" name="[15] /home/travis/build/icyphy/ptII/ptolemy/actor/lib/test/Interpolator.tcl (RunTclFile)" time="0.065" />
  <testcase classname="ptolemy.util.test.junit.TclTests" name="[16] /home/travis/build/icyphy/ptII/ptolemy/actor/lib/test/MathFunction.tcl (RunTclFile)" time="0.057" />
  <testcase classname="ptolemy.util.test.junit.TclTests" name="[17] /home/travis/build/icyphy/ptII/ptolemy/actor/lib/test/Maximum.tcl (RunTclFile)" time="0.035" />
  <testcase classname="ptolemy.util.test.junit.TclTests" name="[18] /home/travis/build/icyphy/ptII/ptolemy/actor/lib/test/Minimum.tcl (RunTclFile)" time="0.027" />
  <testcase classname="ptolemy.util.test.junit.TclTests" name="[19] /home/travis/build/icyphy/ptII/ptolemy/actor/lib/test/MultiplyDivide.tcl (RunTclFile)" time="0.034" />
  <testcase classname="ptolemy.util.test.junit.TclTests" name="[20] /home/travis/build/icyphy/ptII/ptolemy/actor/lib/test/OrderedMerge.tcl (RunTclFile)" time="0.143" />
  <testcase classname="ptolemy.util.test.junit.TclTests" name="[21] /home/travis/build/icyphy/ptII/ptolemy/actor/lib/test/Publisher.tcl (RunTclFile)" time="0.8" />
  <testcase classname="ptolemy.util.test.junit.TclTests" name="[22] /home/travis/build/icyphy/ptII/ptolemy/actor/lib/test/Pulse.tcl (RunTclFile)" time="0.051" />
  <testcase classname="ptolemy.util.test.junit.TclTests" name="[23] /home/travis/build/icyphy/ptII/ptolemy/actor/lib/test/Ramp.tcl (RunTclFile)" time="1.843" />
  <testcase classname="ptolemy.util.test.junit.TclTests" name="[24] /home/travis/build/icyphy/ptII/ptolemy/actor/lib/test/RampContinuous.tcl (RunTclFile)" time="0.015" />
  <testcase classname="ptolemy.util.test.junit.TclTests" name="[25] /home/travis/build/icyphy/ptII/ptolemy/actor/lib/test/RecordAssembler.tcl (RunTclFile)" time="0.013" />
  <testcase classname="ptolemy.util.test.junit.TclTests" name="[26] /home/travis/build/icyphy/ptII/ptolemy/actor/lib/test/RecordDisassembler.tcl (RunTclFile)" time="0.018" />
  <testcase classname="ptolemy.util.test.junit.TclTests" name="[27] /home/travis/build/icyphy/ptII/ptolemy/actor/lib/test/Scale.tcl (RunTclFile)" time="0.015" />
  <testcase classname="ptolemy.util.test.junit.TclTests" name="[28] /home/travis/build/icyphy/ptII/ptolemy/actor/lib/test/SequentialClock.tcl (RunTclFile)" time="0.01" />
  <testcase classname="ptolemy.util.test.junit.TclTests" name="[29] /home/travis/build/icyphy/ptII/ptolemy/actor/lib/test/SetVariable.tcl (RunTclFile)" time="0.008" />
  <testcase classname="ptolemy.util.test.junit.TclTests" name="[30] /home/travis/build/icyphy/ptII/ptolemy/actor/lib/test/Sinewave.tcl (RunTclFile)" time="0.025" />
  <testcase classname="ptolemy.util.test.junit.TclTests" name="[31] /home/travis/build/icyphy/ptII/ptolemy/actor/lib/test/SubscriptionAggregator.tcl (RunTclFile)" time="2.078" />
  <testcase classname="ptolemy.util.test.junit.TclTests" name="[32] /home/travis/build/icyphy/ptII/ptolemy/actor/lib/test/Test.tcl (RunTclFile)" time="0.097" />
  <testcase classname="ptolemy.util.test.junit.TclTests" name="[33] /home/travis/build/icyphy/ptII/ptolemy/actor/lib/test/TestExceptionHandler.tcl (RunTclFile)" time="0.01" />
  <testcase classname="ptolemy.util.test.junit.TclTests" name="[34] /home/travis/build/icyphy/ptII/ptolemy/actor/lib/test/UnionDisassembler.tcl (RunTclFile)" time="0.062" />
  <testcase classname="ptolemy.util.test.junit.TclTests" name="[35] /home/travis/build/icyphy/ptII/ptolemy/actor/lib/test/VariableClock.tcl (RunTclFile)" time="0.021" />
  <testcase classname="ptolemy.util.test.junit.AutoKnownFailedTests" name="[0] /home/travis/build/icyphy/ptII/ptolemy/actor/lib/test/auto/knownFailedTests/PublisherPortToplevelSubscriber.xml (RunModel)" time="0.028" />
  <testcase classname="ptolemy.util.test.junit.AutoKnownFailedTests" name="[1] /home/travis/build/icyphy/ptII/ptolemy/actor/lib/test/auto/knownFailedTests/PublisherSubscriberPortToplevel.xml (RunModel)" time="0.027" />
  <testcase classname="ptolemy.util.test.junit.AutoKnownFailedTests" name="[2] /home/travis/build/icyphy/ptII/ptolemy/actor/lib/test/auto/knownFailedTests/PublisherSubscriptionAggregatorPort.xml (RunModel)" time="0.015" />
  <testcase classname="ptolemy.util.test.junit.AutoKnownFailedTests" name="[3] /home/travis/build/icyphy/ptII/ptolemy/actor/lib/test/auto/knownFailedTests/sizedarray3.xml (RunModel)" time="0.024" />
  <testcase classname="ptolemy.util.test.junit.AutoNameArchTests" name="[0] ThereAreNoAutoArchTests (RunModel)" time="0.003" />
  <testcase classname="ptolemy.util.test.junit.AutoTests" name="[0] /home/travis/build/icyphy/ptII/ptolemy/actor/lib/test/auto/AbsoluteValue.xml (RunModel)" time="0.089" />
  <testcase classname="ptolemy.util.test.junit.AutoTests" name="[1] /home/travis/build/icyphy/ptII/ptolemy/actor/lib/test/auto/AbsoluteValue2.xml (RunModel)" time="0.033" />
  <testcase classname="ptolemy.util.test.junit.AutoTests" name="[2] /home/travis/build/icyphy/ptII/ptolemy/actor/lib/test/auto/Accumulator.xml (RunModel)" time="0.03" />
  <testcase classname="ptolemy.util.test.junit.AutoTests" name="[3] /home/travis/build/icyphy/ptII/ptolemy/actor/lib/test/auto/Accumulator2.xml (RunModel)" time="0.014" />
  <testcase classname="ptolemy.util.test.junit.AutoTests" name="[4] /home/travis/build/icyphy/ptII/ptolemy/actor/lib/test/auto/Accumulator3.xml (RunModel)" time="0.028" />
  <testcase classname="ptolemy.util.test.junit.AutoTests" name="[5] /home/travis/build/icyphy/ptII/ptolemy/actor/lib/test/auto/ArrayAppend.xml (RunModel)" time="0.057" />
  <testcase classname="ptolemy.util.test.junit.AutoTests" name="[6] /home/travis/build/icyphy/ptII/ptolemy/actor/lib/test/auto/ArrayAppend2.xml (RunModel)" time="0.356" />
  <testcase classname="ptolemy.util.test.junit.AutoTests" name="[7] /home/travis/build/icyphy/ptII/ptolemy/actor/lib/test/auto/ArrayAppend3.xml (RunModel)" time="0.021" />
  <testcase classname="ptolemy.util.test.junit.AutoTests" name="[8] /home/travis/build/icyphy/ptII/ptolemy/actor/lib/test/auto/ArrayAppend4.xml (RunModel)" time="0.016" />
  <testcase classname="ptolemy.util.test.junit.AutoTests" name="[9] /home/travis/build/icyphy/ptII/ptolemy/actor/lib/test/auto/ArrayAppend5.xml (RunModel)" time="0.084" />
  <testcase classname="ptolemy.util.test.junit.AutoTests" name="[10] /home/travis/build/icyphy/ptII/ptolemy/actor/lib/test/auto/ArrayAppend6.xml (RunModel)" time="0.024" />
  <testcase classname="ptolemy.util.test.junit.AutoTests" name="[11] /home/travis/build/icyphy/ptII/ptolemy/actor/lib/test/auto/ArrayAppendPerformanceTest.xml (RunModel)" time="0.048" />
  <testcase classname="ptolemy.util.test.junit.AutoTests" name="[12] /home/travis/build/icyphy/ptII/ptolemy/actor/lib/test/auto/ArrayAppendWithEmptyInput.xml (RunModel)" time="0.036" />
  <testcase classname="ptolemy.util.test.junit.AutoTests" name="[13] /home/travis/build/icyphy/ptII/ptolemy/actor/lib/test/auto/ArrayAverage.xml (RunModel)" time="0.028" />
  <testcase classname="ptolemy.util.test.junit.AutoTests" name="[14] /home/travis/build/icyphy/ptII/ptolemy/actor/lib/test/auto/ArrayContains.xml (RunModel)" time="0.015" />
  <testcase classname="ptolemy.util.test.junit.AutoTests" name="[15] /home/travis/build/icyphy/ptII/ptolemy/actor/lib/test/auto/ArrayElement.xml (RunModel)" time="0.023" />
  <testcase classname="ptolemy.util.test.junit.AutoTests" name="[16] /home/travis/build/icyphy/ptII/ptolemy/actor/lib/test/auto/ArrayElementAsMatrix.xml (RunModel)" time="0.037" />
  <testcase classname="ptolemy.util.test.junit.AutoTests" name="[17] /home/travis/build/icyphy/ptII/ptolemy/actor/lib/test/auto/ArrayElementI.xml (RunModel)" time="0.022" />
  <testcase classname="ptolemy.util.test.junit.AutoTests" name="[18] /home/travis/build/icyphy/ptII/ptolemy/actor/lib/test/auto/ArrayExtract.xml (RunModel)" time="0.051" />
  <testcase classname="ptolemy.util.test.junit.AutoTests" name="[19] /home/travis/build/icyphy/ptII/ptolemy/actor/lib/test/auto/ArrayExtract2.xml (RunModel)" time="0.015" />
  <testcase classname="ptolemy.util.test.junit.AutoTests" name="[20] /home/travis/build/icyphy/ptII/ptolemy/actor/lib/test/auto/ArrayLength.xml (RunModel)" time="0.02" />
  <testcase classname="ptolemy.util.test.junit.AutoTests" name="[21] /home/travis/build/icyphy/ptII/ptolemy/actor/lib/test/auto/ArrayLevelCrossing.xml (RunModel)" time="0.028" />
  <testcase classname="ptolemy.util.test.junit.AutoTests" name="[22] /home/travis/build/icyphy/ptII/ptolemy/actor/lib/test/auto/ArrayLevelCrossing2.xml (RunModel)" time="0.025" />
  <testcase classname="ptolemy.util.test.junit.AutoTests" name="[23] /home/travis/build/icyphy/ptII/ptolemy/actor/lib/test/auto/ArrayPeakSearch.xml (RunModel)" time="0.04" />
  <testcase classname="ptolemy.util.test.junit.AutoTests" name="[24] /home/travis/build/icyphy/ptII/ptolemy/actor/lib/test/auto/ArrayPeakSearch2.xml (RunModel)" time="0.036" />
  <testcase classname="ptolemy.util.test.junit.AutoTests" name="[25] /home/travis/build/icyphy/ptII/ptolemy/actor/lib/test/auto/ArrayPeakSearch3.xml (RunModel)" time="0.028" />
  <testcase classname="ptolemy.util.test.junit.AutoTests" name="[26] /home/travis/build/icyphy/ptII/ptolemy/actor/lib/test/auto/ArrayRemoveElement.xml (RunModel)" time="0.026" />
  <testcase classname="ptolemy.util.test.junit.AutoTests" name="[27] /home/travis/build/icyphy/ptII/ptolemy/actor/lib/test/auto/ArraySort.xml (RunModel)" time="0.026" />
  <testcase classname="ptolemy.util.test.junit.AutoTests" name="[28] /home/travis/build/icyphy/ptII/ptolemy/actor/lib/test/auto/ArraySum.xml (RunModel)" time="0.015" />
  <testcase classname="ptolemy.util.test.junit.AutoTests" name="[29] /home/travis/build/icyphy/ptII/ptolemy/actor/lib/test/auto/ArrayToElements.xml (RunModel)" time="0.016" />
  <testcase classname="ptolemy.util.test.junit.AutoTests" name="[30] /home/travis/build/icyphy/ptII/ptolemy/actor/lib/test/auto/ArrayToMatrix.xml (RunModel)" time="0.049" />
  <testcase classname="ptolemy.util.test.junit.AutoTests" name="[31] /home/travis/build/icyphy/ptII/ptolemy/actor/lib/test/auto/ArrayUpdate1.xml (RunModel)" time="0.02" />
  <testcase classname="ptolemy.util.test.junit.AutoTests" name="[32] /home/travis/build/icyphy/ptII/ptolemy/actor/lib/test/auto/ArrayUpdate2.xml (RunModel)" time="0.019" />
  <testcase classname="ptolemy.util.test.junit.AutoTests" name="[33] /home/travis/build/icyphy/ptII/ptolemy/actor/lib/test/auto/ArrayUpdate3.xml (RunModel)" time="0.014" />
  <testcase classname="ptolemy.util.test.junit.AutoTests" name="[34] /home/travis/build/icyphy/ptII/ptolemy/actor/lib/test/auto/Assert1.xml (RunModel)" time="0.02" />
  <testcase classname="ptolemy.util.test.junit.AutoTests" name="[35] /home/travis/build/icyphy/ptII/ptolemy/actor/lib/test/auto/Assert2.xml (RunModel)" time="0.008" />
  <testcase classname="ptolemy.util.test.junit.AutoTests" name="[36] /home/travis/build/icyphy/ptII/ptolemy/actor/lib/test/auto/BooleanMultiplexor.xml (RunModel)" time="0.016" />
  <testcase classname="ptolemy.util.test.junit.AutoTests" name="[37] /home/travis/build/icyphy/ptII/ptolemy/actor/lib/test/auto/BooleanMultiplexor2.xml (RunModel)" time="0.022" />
  <testcase classname="ptolemy.util.test.junit.AutoTests" name="[38] /home/travis/build/icyphy/ptII/ptolemy/actor/lib/test/auto/BooleanMultiplexor3.xml (RunModel)" time="0.018" />
  <testcase classname="ptolemy.util.test.junit.AutoTests" name="[39] /home/travis/build/icyphy/ptII/ptolemy/actor/lib/test/auto/BooleanSelect.xml (RunModel)" time="0.02" />
  <testcase classname="ptolemy.util.test.junit.AutoTests" name="[40] /home/travis/build/icyphy/ptII/ptolemy/actor/lib/test/auto/BooleanSelect2.xml (RunModel)" time="0.012" />
  <testcase classname="ptolemy.util.test.junit.AutoTests" name="[41] /home/travis/build/icyphy/ptII/ptolemy/actor/lib/test/auto/BooleanSwitch.xml (RunModel)" time="0.025" />
  <testcase classname="ptolemy.util.test.junit.AutoTests" name="[42] /home/travis/build/icyphy/ptII/ptolemy/actor/lib/test/auto/BooleanSwitch2.xml (RunModel)" time="0.015" />
  <testcase classname="ptolemy.util.test.junit.AutoTests" name="[43] /home/travis/build/icyphy/ptII/ptolemy/actor/lib/test/auto/BooleanSwitchCloningBugWithClassRelationGroup.xml (RunModel)" time="0.03" />
  <testcase classname="ptolemy.util.test.junit.AutoTests" name="[44] /home/travis/build/icyphy/ptII/ptolemy/actor/lib/test/auto/BusActors.xml (RunModel)" time="0.03" />
  <testcase classname="ptolemy.util.test.junit.AutoTests" name="[45] /home/travis/build/icyphy/ptII/ptolemy/actor/lib/test/auto/ClassWrapper.xml (RunModel)" time="0.018" />
  <testcase classname="ptolemy.util.test.junit.AutoTests" name="[46] /home/travis/build/icyphy/ptII/ptolemy/actor/lib/test/auto/Clock.xml (RunModel)" time="0.008" />
  <testcase classname="ptolemy.util.test.junit.AutoTests" name="[47] /home/travis/build/icyphy/ptII/ptolemy/actor/lib/test/auto/Clock10.xml (RunModel)" time="0.031" />
  <testcase classname="ptolemy.util.test.junit.AutoTests" name="[48] /home/travis/build/icyphy/ptII/ptolemy/actor/lib/test/auto/Clock11.xml (RunModel)" time="0.024" />
  <testcase classname="ptolemy.util.test.junit.AutoTests" name="[49] /home/travis/build/icyphy/ptII/ptolemy/actor/lib/test/auto/Clock12.xml (RunModel)" time="0.019" />
  <testcase classname="ptolemy.util.test.junit.AutoTests" name="[50] /home/travis/build/icyphy/ptII/ptolemy/actor/lib/test/auto/Clock13.xml (RunModel)" time="0.017" />
  <testcase classname="ptolemy.util.test.junit.AutoTests" name="[51] /home/travis/build/icyphy/ptII/ptolemy/actor/lib/test/auto/Clock14.xml (RunModel)" time="0.015" />
  <testcase classname="ptolemy.util.test.junit.AutoTests" name="[52] /home/travis/build/icyphy/ptII/ptolemy/actor/lib/test/auto/Clock15.xml (RunModel)" time="0.012" />
  <testcase classname="ptolemy.util.test.junit.AutoTests" name="[53] /home/travis/build/icyphy/ptII/ptolemy/actor/lib/test/auto/Clock16.xml (RunModel)" time="0.09" />
  <testcase classname="ptolemy.util.test.junit.AutoTests" name="[54] /home/travis/build/icyphy/ptII/ptolemy/actor/lib/test/auto/Clock17.xml (RunModel)" time="0.036" />
  <testcase classname="ptolemy.util.test.junit.AutoTests" name="[55] /home/travis/build/icyphy/ptII/ptolemy/actor/lib/test/auto/Clock18.xml (RunModel)" time="0.056" />
  <testcase classname="ptolemy.util.test.junit.AutoTests" name="[56] /home/travis/build/icyphy/ptII/ptolemy/actor/lib/test/auto/Clock19.xml (RunModel)" time="0.03" />
  <testcase classname="ptolemy.util.test.junit.AutoTests" name="[57] /home/travis/build/icyphy/ptII/ptolemy/actor/lib/test/auto/Clock2.xml (RunModel)" time="0.01" />
  <testcase classname="ptolemy.util.test.junit.AutoTests" name="[58] /home/travis/build/icyphy/ptII/ptolemy/actor/lib/test/auto/Clock20.xml (RunModel)" time="0.013" />
  <testcase classname="ptolemy.util.test.junit.AutoTests" name="[59] /home/travis/build/icyphy/ptII/ptolemy/actor/lib/test/auto/Clock21.xml (RunModel)" time="0.011" />
  <testcase classname="ptolemy.util.test.junit.AutoTests" name="[60] /home/travis/build/icyphy/ptII/ptolemy/actor/lib/test/auto/Clock22.xml (RunModel)" time="0.011" />
  <testcase classname="ptolemy.util.test.junit.AutoTests" name="[61] /home/travis/build/icyphy/ptII/ptolemy/actor/lib/test/auto/Clock23.xml (RunModel)" time="0.011" />
  <testcase classname="ptolemy.util.test.junit.AutoTests" name="[62] /home/travis/build/icyphy/ptII/ptolemy/actor/lib/test/auto/Clock24.xml (RunModel)" time="0.011" />
  <testcase classname="ptolemy.util.test.junit.AutoTests" name="[63] /home/travis/build/icyphy/ptII/ptolemy/actor/lib/test/auto/Clock4.xml (RunModel)" time="0.008" />
  <testcase classname="ptolemy.util.test.junit.AutoTests" name="[64] /home/travis/build/icyphy/ptII/ptolemy/actor/lib/test/auto/Clock5.xml (RunModel)" time="0.008" />
  <testcase classname="ptolemy.util.test.junit.AutoTests" name="[65] /home/travis/build/icyphy/ptII/ptolemy/actor/lib/test/auto/Clock6.xml (RunModel)" time="0.011" />
  <testcase classname="ptolemy.util.test.junit.AutoTests" name="[66] /home/travis/build/icyphy/ptII/ptolemy/actor/lib/test/auto/Clock7.xml (RunModel)" time="0.007" />
  <testcase classname="ptolemy.util.test.junit.AutoTests" name="[67] /home/travis/build/icyphy/ptII/ptolemy/actor/lib/test/auto/Clock8.xml (RunModel)" time="0.01" />
  <testcase classname="ptolemy.util.test.junit.AutoTests" name="[68] /home/travis/build/icyphy/ptII/ptolemy/actor/lib/test/auto/Clock9.xml (RunModel)" time="0.009" />
  <testcase classname="ptolemy.util.test.junit.AutoTests" name="[69] /home/travis/build/icyphy/ptII/ptolemy/actor/lib/test/auto/CommDistDiscard.xml (RunModel)" time="0.015" />
  <testcase classname="ptolemy.util.test.junit.AutoTests" name="[70] /home/travis/build/icyphy/ptII/ptolemy/actor/lib/test/auto/Commutator.xml (RunModel)" time="0.009" />
  <testcase classname="ptolemy.util.test.junit.AutoTests" name="[71] /home/travis/build/icyphy/ptII/ptolemy/actor/lib/test/auto/Commutator2.xml (RunModel)" time="0.008" />
  <testcase classname="ptolemy.util.test.junit.AutoTests" name="[72] /home/travis/build/icyphy/ptII/ptolemy/actor/lib/test/auto/Commutator3.xml (RunModel)" time="0.007" />
  <testcase classname="ptolemy.util.test.junit.AutoTests" name="[73] /home/travis/build/icyphy/ptII/ptolemy/actor/lib/test/auto/Compare.xml (RunModel)" time="0.014" />
  <testcase classname="ptolemy.util.test.junit.AutoTests" name="[74] /home/travis/build/icyphy/ptII/ptolemy/actor/lib/test/auto/CompareDE.xml (RunModel)" time="0.014" />
  <testcase classname="ptolemy.util.test.junit.AutoTests" name="[75] /home/travis/build/icyphy/ptII/ptolemy/actor/lib/test/auto/ComplexDivide.xml (RunModel)" time="0.008" />
  <testcase classname="ptolemy.util.test.junit.AutoTests" name="[76] /home/travis/build/icyphy/ptII/ptolemy/actor/lib/test/auto/ComputeHistogram.xml (RunModel)" time="0.043" />
  <testcase classname="ptolemy.util.test.junit.AutoTests" name="[77] /home/travis/build/icyphy/ptII/ptolemy/actor/lib/test/auto/ConfigurationSelect.xml (RunModel)" time="0.016" />
  <testcase classname="ptolemy.util.test.junit.AutoTests" name="[78] /home/travis/build/icyphy/ptII/ptolemy/actor/lib/test/auto/ConfigurationSelect2.xml (RunModel)" time="0.014" />
  <testcase classname="ptolemy.util.test.junit.AutoTests" name="[79] /home/travis/build/icyphy/ptII/ptolemy/actor/lib/test/auto/ConfigurationSwitch.xml (RunModel)" time="0.023" />
  <testcase classname="ptolemy.util.test.junit.AutoTests" name="[80] /home/travis/build/icyphy/ptII/ptolemy/actor/lib/test/auto/ConfigurationSwitch2.xml (RunModel)" time="0.014" />
  <testcase classname="ptolemy.util.test.junit.AutoTests" name="[81] /home/travis/build/icyphy/ptII/ptolemy/actor/lib/test/auto/ConfigurationSwitchCloningBugWithClassRelationGroup.xml (RunModel)" time="0.014" />
  <testcase classname="ptolemy.util.test.junit.AutoTests" name="[82] /home/travis/build/icyphy/ptII/ptolemy/actor/lib/test/auto/ConfigurationSwitchSelectSDF.xml (RunModel)" time="0.016" />
  <testcase classname="ptolemy.util.test.junit.AutoTests" name="[83] /home/travis/build/icyphy/ptII/ptolemy/actor/lib/test/auto/ConfigurationSwitchSelectSDF2.xml (RunModel)" time="0.009" />
  <testcase classname="ptolemy.util.test.junit.AutoTests" name="[84] /home/travis/build/icyphy/ptII/ptolemy/actor/lib/test/auto/Const.xml (RunModel)" time="0.005" />
  <testcase classname="ptolemy.util.test.junit.AutoTests" name="[85] /home/travis/build/icyphy/ptII/ptolemy/actor/lib/test/auto/Const2.xml (RunModel)" time="0.006" />
  <testcase classname="ptolemy.util.test.junit.AutoTests" name="[86] /home/travis/build/icyphy/ptII/ptolemy/actor/lib/test/auto/Const3.xml (RunModel)" time="0.003" />
  <testcase classname="ptolemy.util.test.junit.AutoTests" name="[87] /home/travis/build/icyphy/ptII/ptolemy/actor/lib/test/auto/ConstantPublisherPort1.xml (RunModel)" time="0.015" />
  <testcase classname="ptolemy.util.test.junit.AutoTests" name="[88] /home/travis/build/icyphy/ptII/ptolemy/actor/lib/test/auto/ConstantPublisherPort2.xml (RunModel)" time="0.018" />
  <testcase classname="ptolemy.util.test.junit.AutoTests" name="[89] /home/travis/build/icyphy/ptII/ptolemy/actor/lib/test/auto/ConstantPublisherPort3.xml (RunModel)" time="0.016" />
  <testcase classname="ptolemy.util.test.junit.AutoTests" name="[90] /home/travis/build/icyphy/ptII/ptolemy/actor/lib/test/auto/ConstantPublisherPort4.xml (RunModel)" time="0.013" />
  <testcase classname="ptolemy.util.test.junit.AutoTests" name="[91] /home/travis/build/icyphy/ptII/ptolemy/actor/lib/test/auto/ConstantPublisherPort5.xml (RunModel)" time="0.039" />
  <testcase classname="ptolemy.util.test.junit.AutoTests" name="[92] /home/travis/build/icyphy/ptII/ptolemy/actor/lib/test/auto/ConstantPublisherPort6.xml (RunModel)" time="0.03" />
  <testcase classname="ptolemy.util.test.junit.AutoTests" name="[93] /home/travis/build/icyphy/ptII/ptolemy/actor/lib/test/auto/ConstantPublisherPort7.xml (RunModel)" time="0.028" />
  <testcase classname="ptolemy.util.test.junit.AutoTests" name="[94] /home/travis/build/icyphy/ptII/ptolemy/actor/lib/test/auto/ConstraintMonitor1.xml (RunModel)" time="0.045" />
  <testcase classname="ptolemy.util.test.junit.AutoTests" name="[95] /home/travis/build/icyphy/ptII/ptolemy/actor/lib/test/auto/ConstraintMonitor2.xml (RunModel)" time="0.015" />
  <testcase classname="ptolemy.util.test.junit.AutoTests" name="[96] /home/travis/build/icyphy/ptII/ptolemy/actor/lib/test/auto/ConstraintMonitor3.xml (RunModel)" time="0.008" />
  <testcase classname="ptolemy.util.test.junit.AutoTests" name="[97] /home/travis/build/icyphy/ptII/ptolemy/actor/lib/test/auto/ConstraintMonitor4.xml (RunModel)" time="0.011" />
  <testcase classname="ptolemy.util.test.junit.AutoTests" name="[98] /home/travis/build/icyphy/ptII/ptolemy/actor/lib/test/auto/ConstraintMonitor5.xml (RunModel)" time="0.008" />
  <testcase classname="ptolemy.util.test.junit.AutoTests" name="[99] /home/travis/build/icyphy/ptII/ptolemy/actor/lib/test/auto/ConstraintMonitor6.xml (RunModel)" time="0.01" />
  <testcase classname="ptolemy.util.test.junit.AutoTests" name="[100] /home/travis/build/icyphy/ptII/ptolemy/actor/lib/test/auto/ConstraintMonitor7.xml (RunModel)" time="0.024" />
  <testcase classname="ptolemy.util.test.junit.AutoTests" name="[101] /home/travis/build/icyphy/ptII/ptolemy/actor/lib/test/auto/ConstraintMonitor8.xml (RunModel)" time="0.014" />
  <testcase classname="ptolemy.util.test.junit.AutoTests" name="[102] /home/travis/build/icyphy/ptII/ptolemy/actor/lib/test/auto/Counter.xml (RunModel)" time="0.013" />
  <testcase classname="ptolemy.util.test.junit.AutoTests" name="[103] /home/travis/build/icyphy/ptII/ptolemy/actor/lib/test/auto/CurrentTimeSDF.xml (RunModel)" time="0.009" />
  <testcase classname="ptolemy.util.test.junit.AutoTests" name="[104] /home/travis/build/icyphy/ptII/ptolemy/actor/lib/test/auto/DB.xml (RunModel)" time="0.014" />
  <testcase classname="ptolemy.util.test.junit.AutoTests" name="[105] /home/travis/build/icyphy/ptII/ptolemy/actor/lib/test/auto/DBDE.xml (RunModel)" time="0.012" />
  <testcase classname="ptolemy.util.test.junit.AutoTests" name="[106] /home/travis/build/icyphy/ptII/ptolemy/actor/lib/test/auto/DateConstructor.xml (RunModel)" time="0.083" />
  <testcase classname="ptolemy.util.test.junit.AutoTests" name="[107] /home/travis/build/icyphy/ptII/ptolemy/actor/lib/test/auto/DelayTime.xml (RunModel)" time="0.012" />
  <testcase classname="ptolemy.util.test.junit.AutoTests" name="[108] /home/travis/build/icyphy/ptII/ptolemy/actor/lib/test/auto/Dictionary1.xml (RunModel)" time="0.016" />
  <testcase classname="ptolemy.util.test.junit.AutoTests" name="[109] /home/travis/build/icyphy/ptII/ptolemy/actor/lib/test/auto/Dictionary2.xml (RunModel)" time="0.012" />
  <testcase classname="ptolemy.util.test.junit.AutoTests" name="[110] /home/travis/build/icyphy/ptII/ptolemy/actor/lib/test/auto/Dictionary3.xml (RunModel)" time="0.013" />
  <testcase classname="ptolemy.util.test.junit.AutoTests" name="[111] /home/travis/build/icyphy/ptII/ptolemy/actor/lib/test/auto/Dictionary4.xml (RunModel)" time="0.016" />
  <testcase classname="ptolemy.util.test.junit.AutoTests" name="[112] /home/travis/build/icyphy/ptII/ptolemy/actor/lib/test/auto/Differential.xml (RunModel)" time="0.011" />
  <testcase classname="ptolemy.util.test.junit.AutoTests" name="[113] /home/travis/build/icyphy/ptII/ptolemy/actor/lib/test/auto/Director.xml (RunModel)" time="0.009" />
  <testcase classname="ptolemy.util.test.junit.AutoTests" name="[114] /home/travis/build/icyphy/ptII/ptolemy/actor/lib/test/auto/DiscreteClock.xml (RunModel)" time="0.006" />
  <testcase classname="ptolemy.util.test.junit.AutoTests" name="[115] /home/travis/build/icyphy/ptII/ptolemy/actor/lib/test/auto/DiscreteClock10.xml (RunModel)" time="0.009" />
  <testcase classname="ptolemy.util.test.junit.AutoTests" name="[116] /home/travis/build/icyphy/ptII/ptolemy/actor/lib/test/auto/DiscreteClock11.xml (RunModel)" time="0.01" />
  <testcase classname="ptolemy.util.test.junit.AutoTests" name="[117] /home/travis/build/icyphy/ptII/ptolemy/actor/lib/test/auto/DiscreteClock12.xml (RunModel)" time="0.011" />
  <testcase classname="ptolemy.util.test.junit.AutoTests" name="[118] /home/travis/build/icyphy/ptII/ptolemy/actor/lib/test/auto/DiscreteClock13.xml (RunModel)" time="0.011" />
  <testcase classname="ptolemy.util.test.junit.AutoTests" name="[119] /home/travis/build/icyphy/ptII/ptolemy/actor/lib/test/auto/DiscreteClock14.xml (RunModel)" time="0.009" />
  <testcase classname="ptolemy.util.test.junit.AutoTests" name="[120] /home/travis/build/icyphy/ptII/ptolemy/actor/lib/test/auto/DiscreteClock15.xml (RunModel)" time="0.008" />
  <testcase classname="ptolemy.util.test.junit.AutoTests" name="[121] /home/travis/build/icyphy/ptII/ptolemy/actor/lib/test/auto/DiscreteClock16.xml (RunModel)" time="0.033" />
  <testcase classname="ptolemy.util.test.junit.AutoTests" name="[122] /home/travis/build/icyphy/ptII/ptolemy/actor/lib/test/auto/DiscreteClock17.xml (RunModel)" time="0.035" />
  <testcase classname="ptolemy.util.test.junit.AutoTests" name="[123] /home/travis/build/icyphy/ptII/ptolemy/actor/lib/test/auto/DiscreteClock18.xml (RunModel)" time="0.028" />
  <testcase classname="ptolemy.util.test.junit.AutoTests" name="[124] /home/travis/build/icyphy/ptII/ptolemy/actor/lib/test/auto/DiscreteClock19.xml (RunModel)" time="0.033" />
  <testcase classname="ptolemy.util.test.junit.AutoTests" name="[125] /home/travis/build/icyphy/ptII/ptolemy/actor/lib/test/auto/DiscreteClock2.xml (RunModel)" time="0.008" />
  <testcase classname="ptolemy.util.test.junit.AutoTests" name="[126] /home/travis/build/icyphy/ptII/ptolemy/actor/lib/test/auto/DiscreteClock20.xml (RunModel)" time="0.016" />
  <testcase classname="ptolemy.util.test.junit.AutoTests" name="[127] /home/travis/build/icyphy/ptII/ptolemy/actor/lib/test/auto/DiscreteClock21.xml (RunModel)" time="0.02" />
  <testcase classname="ptolemy.util.test.junit.AutoTests" name="[128] /home/travis/build/icyphy/ptII/ptolemy/actor/lib/test/auto/DiscreteClock22.xml (RunModel)" time="0.01" />
  <testcase classname="ptolemy.util.test.junit.AutoTests" name="[129] /home/travis/build/icyphy/ptII/ptolemy/actor/lib/test/auto/DiscreteClock23.xml (RunModel)" time="0.018" />
  <testcase classname="ptolemy.util.test.junit.AutoTests" name="[130] /home/travis/build/icyphy/ptII/ptolemy/actor/lib/test/auto/DiscreteClock24.xml (RunModel)" time="0.014" />
  <testcase classname="ptolemy.util.test.junit.AutoTests" name="[131] /home/travis/build/icyphy/ptII/ptolemy/actor/lib/test/auto/DiscreteClock4.xml (RunModel)" time="0.011" />
  <testcase classname="ptolemy.util.test.junit.AutoTests" name="[132] /home/travis/build/icyphy/ptII/ptolemy/actor/lib/test/auto/DiscreteClock5.xml (RunModel)" time="0.009" />
  <testcase classname="ptolemy.util.test.junit.AutoTests" name="[133] /home/travis/build/icyphy/ptII/ptolemy/actor/lib/test/auto/DiscreteClock6.xml (RunModel)" time="0.008" />
  <testcase classname="ptolemy.util.test.junit.AutoTests" name="[134] /home/travis/build/icyphy/ptII/ptolemy/actor/lib/test/auto/DiscreteClock7.xml (RunModel)" time="0.01" />
  <testcase classname="ptolemy.util.test.junit.AutoTests" name="[135] /home/travis/build/icyphy/ptII/ptolemy/actor/lib/test/auto/DiscreteClock8.xml (RunModel)" time="0.021" />
  <testcase classname="ptolemy.util.test.junit.AutoTests" name="[136] /home/travis/build/icyphy/ptII/ptolemy/actor/lib/test/auto/DiscreteClock9.xml (RunModel)" time="0.011" />
  <testcase classname="ptolemy.util.test.junit.AutoTests" name="[137] /home/travis/build/icyphy/ptII/ptolemy/actor/lib/test/auto/DisplayArray.xml (RunModel)" time="0.013" />
  <testcase classname="ptolemy.util.test.junit.AutoTests" name="[138] /home/travis/build/icyphy/ptII/ptolemy/actor/lib/test/auto/Distributor.xml (RunModel)" time="0.009" />
  <testcase classname="ptolemy.util.test.junit.AutoTests" name="[139] /home/travis/build/icyphy/ptII/ptolemy/actor/lib/test/auto/Distributor2.xml (RunModel)" time="0.008" />
  <testcase classname="ptolemy.util.test.junit.AutoTests" name="[140] /home/travis/build/icyphy/ptII/ptolemy/actor/lib/test/auto/DownSample.xml (RunModel)" time="0.01" />
  <testcase classname="ptolemy.util.test.junit.AutoTests" name="[141] /home/travis/build/icyphy/ptII/ptolemy/actor/lib/test/auto/ElectronicUnitBase1.xml (RunModel)" time="0.053" />
  <testcase classname="ptolemy.util.test.junit.AutoTests" name="[142] /home/travis/build/icyphy/ptII/ptolemy/actor/lib/test/auto/ElementsToArray.xml (RunModel)" time="0.01" />
  <testcase classname="ptolemy.util.test.junit.AutoTests" name="[143] /home/travis/build/icyphy/ptII/ptolemy/actor/lib/test/auto/Equals.xml (RunModel)" time="0.012" />
  <testcase classname="ptolemy.util.test.junit.AutoTests" name="[144] /home/travis/build/icyphy/ptII/ptolemy/actor/lib/test/auto/Exec.xml (RunModel)" time="0.022" />
  <testcase classname="ptolemy.util.test.junit.AutoTests" name="[145] /home/travis/build/icyphy/ptII/ptolemy/actor/lib/test/auto/ExecEnvironment.xml (RunModel)" time="0.046" />
  <testcase classname="ptolemy.util.test.junit.AutoTests" name="[146] /home/travis/build/icyphy/ptII/ptolemy/actor/lib/test/auto/ExecNonZeroReturnOutput.xml (RunModel)" time="0.184" />
  <testcase classname="ptolemy.util.test.junit.AutoTests" name="[147] /home/travis/build/icyphy/ptII/ptolemy/actor/lib/test/auto/ExecRunDemos.xml (RunModel)" time="10.139" />
  <testcase classname="ptolemy.util.test.junit.AutoTests" name="[148] /home/travis/build/icyphy/ptII/ptolemy/actor/lib/test/auto/ExecStop.xml (RunModel)" time="5.033" />
  <testcase classname="ptolemy.util.test.junit.AutoTests" name="[149] /home/travis/build/icyphy/ptII/ptolemy/actor/lib/test/auto/ExecutionTimeSDF.xml (RunModel)" time="6.034" />
  <testcase classname="ptolemy.util.test.junit.AutoTests" name="[150] /home/travis/build/icyphy/ptII/ptolemy/actor/lib/test/auto/Expression1.xml (RunModel)" time="0.014" />
  <testcase classname="ptolemy.util.test.junit.AutoTests" name="[151] /home/travis/build/icyphy/ptII/ptolemy/actor/lib/test/auto/Expression10.xml (RunModel)" time="0.017" />
  <testcase classname="ptolemy.util.test.junit.AutoTests" name="[152] /home/travis/build/icyphy/ptII/ptolemy/actor/lib/test/auto/Expression11.xml (RunModel)" time="0.009" />
  <testcase classname="ptolemy.util.test.junit.AutoTests" name="[153] /home/travis/build/icyphy/ptII/ptolemy/actor/lib/test/auto/Expression12.xml (RunModel)" time="0.011" />
  <testcase classname="ptolemy.util.test.junit.AutoTests" name="[154] /home/travis/build/icyphy/ptII/ptolemy/actor/lib/test/auto/Expression13.xml (RunModel)" time="0.008" />
  <testcase classname="ptolemy.util.test.junit.AutoTests" name="[155] /home/travis/build/icyphy/ptII/ptolemy/actor/lib/test/auto/Expression14.xml (RunModel)" time="0.012" />
  <testcase classname="ptolemy.util.test.junit.AutoTests" name="[156] /home/travis/build/icyphy/ptII/ptolemy/actor/lib/test/auto/Expression15.xml (RunModel)" time="0.005" />
  <testcase classname="ptolemy.util.test.junit.AutoTests" name="[157] /home/travis/build/icyphy/ptII/ptolemy/actor/lib/test/auto/Expression16.xml (RunModel)" time="0.011" />
  <testcase classname="ptolemy.util.test.junit.AutoTests" name="[158] /home/travis/build/icyphy/ptII/ptolemy/actor/lib/test/auto/Expression17.xml (RunModel)" time="0.016" />
  <testcase classname="ptolemy.util.test.junit.AutoTests" name="[159] /home/travis/build/icyphy/ptII/ptolemy/actor/lib/test/auto/Expression18.xml (RunModel)" time="0.011" />
  <testcase classname="ptolemy.util.test.junit.AutoTests" name="[160] /home/travis/build/icyphy/ptII/ptolemy/actor/lib/test/auto/Expression2.xml (RunModel)" time="0.01" />
  <testcase classname="ptolemy.util.test.junit.AutoTests" name="[161] /home/travis/build/icyphy/ptII/ptolemy/actor/lib/test/auto/Expression3.xml (RunModel)" time="0.011" />
  <testcase classname="ptolemy.util.test.junit.AutoTests" name="[162] /home/travis/build/icyphy/ptII/ptolemy/actor/lib/test/auto/Expression4.xml (RunModel)" time="0.016" />
  <testcase classname="ptolemy.util.test.junit.AutoTests" name="[163] /home/travis/build/icyphy/ptII/ptolemy/actor/lib/test/auto/Expression5.xml (RunModel)" time="0.009" />
  <testcase classname="ptolemy.util.test.junit.AutoTests" name="[164] /home/travis/build/icyphy/ptII/ptolemy/actor/lib/test/auto/Expression6.xml (RunModel)" time="0.007" />
  <testcase classname="ptolemy.util.test.junit.AutoTests" name="[165] /home/travis/build/icyphy/ptII/ptolemy/actor/lib/test/auto/Expression7.xml (RunModel)" time="0.015" />
  <testcase classname="ptolemy.util.test.junit.AutoTests" name="[166] /home/travis/build/icyphy/ptII/ptolemy/actor/lib/test/auto/Expression8.xml (RunModel)" time="0.011" />
  <testcase classname="ptolemy.util.test.junit.AutoTests" name="[167] /home/travis/build/icyphy/ptII/ptolemy/actor/lib/test/auto/Expression9.xml (RunModel)" time="0.008" />
  <testcase classname="ptolemy.util.test.junit.AutoTests" name="[168] /home/travis/build/icyphy/ptII/ptolemy/actor/lib/test/auto/ExpressionConcatenateArrayType.xml (RunModel)" time="0.025" />
  <testcase classname="ptolemy.util.test.junit.AutoTests" name="[169] /home/travis/build/icyphy/ptII/ptolemy/actor/lib/test/auto/ExpressionConcatenateArrayType2.xml (RunModel)" time="0.019" />
  <testcase classname="ptolemy.util.test.junit.AutoTests" name="[170] /home/travis/build/icyphy/ptII/ptolemy/actor/lib/test/auto/ExpressionFix.xml (RunModel)" time="0.038" />
  <testcase classname="ptolemy.util.test.junit.AutoTests" name="[171] /home/travis/build/icyphy/ptII/ptolemy/actor/lib/test/auto/ExpressionFix2.xml (RunModel)" time="0.01" />
  <testcase classname="ptolemy.util.test.junit.AutoTests" name="[172] /home/travis/build/icyphy/ptII/ptolemy/actor/lib/test/auto/ExpressionFix3.xml (RunModel)" time="0.01" />
  <testcase classname="ptolemy.util.test.junit.AutoTests" name="[173] /home/travis/build/icyphy/ptII/ptolemy/actor/lib/test/auto/FileWriter1.xml (RunModel)" time="0.007" />
  <testcase classname="ptolemy.util.test.junit.AutoTests" name="[174] /home/travis/build/icyphy/ptII/ptolemy/actor/lib/test/auto/FileWriter2.xml (RunModel)" time="0.009" />
  <testcase classname="ptolemy.util.test.junit.AutoTests" name="[175] /home/travis/build/icyphy/ptII/ptolemy/actor/lib/test/auto/FileWriter3.xml (RunModel)" time="0.009" />
  <testcase classname="ptolemy.util.test.junit.AutoTests" name="[176] /home/travis/build/icyphy/ptII/ptolemy/actor/lib/test/auto/Gaussian.xml (RunModel)" time="0.013" />
  <testcase classname="ptolemy.util.test.junit.AutoTests" name="[177] /home/travis/build/icyphy/ptII/ptolemy/actor/lib/test/auto/Gaussian1.xml (RunModel)" time="0.012" />
  <testcase classname="ptolemy.util.test.junit.AutoTests" name="[178] /home/travis/build/icyphy/ptII/ptolemy/actor/lib/test/auto/Gaussian2.xml (RunModel)" time="0.018" />
  <testcase classname="ptolemy.util.test.junit.AutoTests" name="[179] /home/travis/build/icyphy/ptII/ptolemy/actor/lib/test/auto/GradientAdaptiveLattice.xml (RunModel)" time="0.015" />
  <testcase classname="ptolemy.util.test.junit.AutoTests" name="[180] /home/travis/build/icyphy/ptII/ptolemy/actor/lib/test/auto/IIR.xml (RunModel)" time="0.008" />
  <testcase classname="ptolemy.util.test.junit.AutoTests" name="[181] /home/travis/build/icyphy/ptII/ptolemy/actor/lib/test/auto/InputOutputTransparentPorts.xml (RunModel)" time="0.014" />
  <testcase classname="ptolemy.util.test.junit.AutoTests" name="[182] /home/travis/build/icyphy/ptII/ptolemy/actor/lib/test/auto/Interpolator.xml (RunModel)" time="0.01" />
  <testcase classname="ptolemy.util.test.junit.AutoTests" name="[183] /home/travis/build/icyphy/ptII/ptolemy/actor/lib/test/auto/InterpolatorFiringLimitDE.xml (RunModel)" time="0.012" />
  <testcase classname="ptolemy.util.test.junit.AutoTests" name="[184] /home/travis/build/icyphy/ptII/ptolemy/actor/lib/test/auto/Lattice.xml (RunModel)" time="0.006" />
  <testcase classname="ptolemy.util.test.junit.AutoTests" name="[185] /home/travis/build/icyphy/ptII/ptolemy/actor/lib/test/auto/LazyAOCTestLazy.xml (RunModel)" time="0.023" />
  <testcase classname="ptolemy.util.test.junit.AutoTests" name="[186] /home/travis/build/icyphy/ptII/ptolemy/actor/lib/test/auto/LazyAOCTestNonLazy.xml (RunModel)" time="0.011" />
  <testcase classname="ptolemy.util.test.junit.AutoTests" name="[187] /home/travis/build/icyphy/ptII/ptolemy/actor/lib/test/auto/LazyInnerClass.xml (RunModel)" time="0.022" />
  <testcase classname="ptolemy.util.test.junit.AutoTests" name="[188] /home/travis/build/icyphy/ptII/ptolemy/actor/lib/test/auto/LazyPubSub.xml (RunModel)" time="0.05" />
  <testcase classname="ptolemy.util.test.junit.AutoTests" name="[189] /home/travis/build/icyphy/ptII/ptolemy/actor/lib/test/auto/LazyPubSub2.xml (RunModel)" time="0.029" />
  <testcase classname="ptolemy.util.test.junit.AutoTests" name="[190] /home/travis/build/icyphy/ptII/ptolemy/actor/lib/test/auto/LazyPubSub3.xml (RunModel)" time="0.046" />
  <testcase classname="ptolemy.util.test.junit.AutoTests" name="[191] /home/travis/build/icyphy/ptII/ptolemy/actor/lib/test/auto/LazySubClassModel.xml (RunModel)" time="0.028" />
  <testcase classname="ptolemy.util.test.junit.AutoTests" name="[192] /home/travis/build/icyphy/ptII/ptolemy/actor/lib/test/auto/LevelCrossTest1.xml (RunModel)" time="0.008" />
  <testcase classname="ptolemy.util.test.junit.AutoTests" name="[193] /home/travis/build/icyphy/ptII/ptolemy/actor/lib/test/auto/LevelCrossTest10.xml (RunModel)" time="0.013" />
  <testcase classname="ptolemy.util.test.junit.AutoTests" name="[194] /home/travis/build/icyphy/ptII/ptolemy/actor/lib/test/auto/LevelCrossTest11.xml (RunModel)" time="0.015" />
  <testcase classname="ptolemy.util.test.junit.AutoTests" name="[195] /home/travis/build/icyphy/ptII/ptolemy/actor/lib/test/auto/LevelCrossTest12.xml (RunModel)" time="0.017" />
  <testcase classname="ptolemy.util.test.junit.AutoTests" name="[196] /home/travis/build/icyphy/ptII/ptolemy/actor/lib/test/auto/LevelCrossTest13.xml (RunModel)" time="0.014" />
  <testcase classname="ptolemy.util.test.junit.AutoTests" name="[197] /home/travis/build/icyphy/ptII/ptolemy/actor/lib/test/auto/LevelCrossTest2.xml (RunModel)" time="0.01" />
  <testcase classname="ptolemy.util.test.junit.AutoTests" name="[198] /home/travis/build/icyphy/ptII/ptolemy/actor/lib/test/auto/LevelCrossTest3.xml (RunModel)" time="0.022" />
  <testcase classname="ptolemy.util.test.junit.AutoTests" name="[199] /home/travis/build/icyphy/ptII/ptolemy/actor/lib/test/auto/LevelCrossTest4.xml (RunModel)" time="0.011" />
  <testcase classname="ptolemy.util.test.junit.AutoTests" name="[200] /home/travis/build/icyphy/ptII/ptolemy/actor/lib/test/auto/LevelCrossTest5.xml (RunModel)" time="0.013" />
  <testcase classname="ptolemy.util.test.junit.AutoTests" name="[201] /home/travis/build/icyphy/ptII/ptolemy/actor/lib/test/auto/LevelCrossTest6.xml (RunModel)" time="0.013" />
  <testcase classname="ptolemy.util.test.junit.AutoTests" name="[202] /home/travis/build/icyphy/ptII/ptolemy/actor/lib/test/auto/LevelCrossTest7.xml (RunModel)" time="0.019" />
  <testcase classname="ptolemy.util.test.junit.AutoTests" name="[203] /home/travis/build/icyphy/ptII/ptolemy/actor/lib/test/auto/LevelCrossTest8.xml (RunModel)" time="0.013" />
  <testcase classname="ptolemy.util.test.junit.AutoTests" name="[204] /home/travis/build/icyphy/ptII/ptolemy/actor/lib/test/auto/LevelCrossTest9.xml (RunModel)" time="0.014" />
  <testcase classname="ptolemy.util.test.junit.AutoTests" name="[205] /home/travis/build/icyphy/ptII/ptolemy/actor/lib/test/auto/LevinsonDurbin.xml (RunModel)" time="0.018" />
  <testcase classname="ptolemy.util.test.junit.AutoTests" name="[206] /home/travis/build/icyphy/ptII/ptolemy/actor/lib/test/auto/LevinsonDurbin2.xml (RunModel)" time="0.017" />
  <testcase classname="ptolemy.util.test.junit.AutoTests" name="[207] /home/travis/build/icyphy/ptII/ptolemy/actor/lib/test/auto/LevinsonDurbin3.xml (RunModel)" time="0.009" />
  <testcase classname="ptolemy.util.test.junit.AutoTests" name="[208] /home/travis/build/icyphy/ptII/ptolemy/actor/lib/test/auto/Limiter.xml (RunModel)" time="0.041" />
  <testcase classname="ptolemy.util.test.junit.AutoTests" name="[209] /home/travis/build/icyphy/ptII/ptolemy/actor/lib/test/auto/LinearDifferenceEquationSystem.xml (RunModel)" time="0.021" />
  <testcase classname="ptolemy.util.test.junit.AutoTests" name="[210] /home/travis/build/icyphy/ptII/ptolemy/actor/lib/test/auto/LookupTable.xml (RunModel)" time="0.01" />
  <testcase classname="ptolemy.util.test.junit.AutoTests" name="[211] /home/travis/build/icyphy/ptII/ptolemy/actor/lib/test/auto/MathFunction.xml (RunModel)" time="0.021" />
  <testcase classname="ptolemy.util.test.junit.AutoTests" name="[212] /home/travis/build/icyphy/ptII/ptolemy/actor/lib/test/auto/MathFunction2.xml (RunModel)" time="0.013" />
  <testcase classname="ptolemy.util.test.junit.AutoTests" name="[213] /home/travis/build/icyphy/ptII/ptolemy/actor/lib/test/auto/MathFunction3.xml (RunModel)" time="0.02" />
  <testcase classname="ptolemy.util.test.junit.AutoTests" name="[214] /home/travis/build/icyphy/ptII/ptolemy/actor/lib/test/auto/MatrixCropBoolean.xml (RunModel)" time="0.014" />
  <testcase classname="ptolemy.util.test.junit.AutoTests" name="[215] /home/travis/build/icyphy/ptII/ptolemy/actor/lib/test/auto/MatrixCropComplex.xml (RunModel)" time="0.014" />
  <testcase classname="ptolemy.util.test.junit.AutoTests" name="[216] /home/travis/build/icyphy/ptII/ptolemy/actor/lib/test/auto/MatrixCropDouble.xml (RunModel)" time="0.009" />
  <testcase classname="ptolemy.util.test.junit.AutoTests" name="[217] /home/travis/build/icyphy/ptII/ptolemy/actor/lib/test/auto/MatrixCropFix.xml (RunModel)" time="0.013" />
  <testcase classname="ptolemy.util.test.junit.AutoTests" name="[218] /home/travis/build/icyphy/ptII/ptolemy/actor/lib/test/auto/MatrixCropInt.xml (RunModel)" time="0.009" />
  <testcase classname="ptolemy.util.test.junit.AutoTests" name="[219] /home/travis/build/icyphy/ptII/ptolemy/actor/lib/test/auto/MatrixCropLong.xml (RunModel)" time="0.008" />
  <testcase classname="ptolemy.util.test.junit.AutoTests" name="[220] /home/travis/build/icyphy/ptII/ptolemy/actor/lib/test/auto/MatrixToArray.xml (RunModel)" time="0.052" />
  <testcase classname="ptolemy.util.test.junit.AutoTests" name="[221] /home/travis/build/icyphy/ptII/ptolemy/actor/lib/test/auto/MaxIndex.xml (RunModel)" time="0.012" />
  <testcase classname="ptolemy.util.test.junit.AutoTests" name="[222] /home/travis/build/icyphy/ptII/ptolemy/actor/lib/test/auto/Maximum.xml (RunModel)" time="0.011" />
  <testcase classname="ptolemy.util.test.junit.AutoTests" name="[223] /home/travis/build/icyphy/ptII/ptolemy/actor/lib/test/auto/MaximumComplex.xml (RunModel)" time="0.014" />
  <testcase classname="ptolemy.util.test.junit.AutoTests" name="[224] /home/travis/build/icyphy/ptII/ptolemy/actor/lib/test/auto/MethodCallTest.xml (RunModel)" time="0.024" />
  <testcase classname="ptolemy.util.test.junit.AutoTests" name="[225] /home/travis/build/icyphy/ptII/ptolemy/actor/lib/test/auto/Minimum.xml (RunModel)" time="0.014" />
  <testcase classname="ptolemy.util.test.junit.AutoTests" name="[226] /home/travis/build/icyphy/ptII/ptolemy/actor/lib/test/auto/MinimumComplex.xml (RunModel)" time="0.025" />
  <testcase classname="ptolemy.util.test.junit.AutoTests" name="[227] /home/travis/build/icyphy/ptII/ptolemy/actor/lib/test/auto/MinimumMultiports.xml (RunModel)" time="0.015" />
  <testcase classname="ptolemy.util.test.junit.AutoTests" name="[228] /home/travis/build/icyphy/ptII/ptolemy/actor/lib/test/auto/ModifyDate.xml (RunModel)" time="0.04" />
  <testcase classname="ptolemy.util.test.junit.AutoTests" name="[229] /home/travis/build/icyphy/ptII/ptolemy/actor/lib/test/auto/ModifyDate2.xml (RunModel)" time="0.027" />
  <testcase classname="ptolemy.util.test.junit.AutoTests" name="[230] /home/travis/build/icyphy/ptII/ptolemy/actor/lib/test/auto/MovingAverage.xml (RunModel)" time="0.014" />
  <testcase classname="ptolemy.util.test.junit.AutoTests" name="[231] /home/travis/build/icyphy/ptII/ptolemy/actor/lib/test/auto/MovingMaximum.xml (RunModel)" time="0.011" />
  <testcase classname="ptolemy.util.test.junit.AutoTests" name="[232] /home/travis/build/icyphy/ptII/ptolemy/actor/lib/test/auto/MultipleLinksToSameRelation.xml (RunModel)" time="0.008" />
  <testcase classname="ptolemy.util.test.junit.AutoTests" name="[233] /home/travis/build/icyphy/ptII/ptolemy/actor/lib/test/auto/MultipleLinksToSameRelationDE.xml (RunModel)" time="0.017" />
  <testcase classname="ptolemy.util.test.junit.AutoTests" name="[234] /home/travis/build/icyphy/ptII/ptolemy/actor/lib/test/auto/Multiplexor.xml (RunModel)" time="0.013" />
  <testcase classname="ptolemy.util.test.junit.AutoTests" name="[235] /home/travis/build/icyphy/ptII/ptolemy/actor/lib/test/auto/Multiplexor1.xml (RunModel)" time="0.012" />
  <testcase classname="ptolemy.util.test.junit.AutoTests" name="[236] /home/travis/build/icyphy/ptII/ptolemy/actor/lib/test/auto/Multiplexor2.xml (RunModel)" time="0.013" />
  <testcase classname="ptolemy.util.test.junit.AutoTests" name="[237] /home/travis/build/icyphy/ptII/ptolemy/actor/lib/test/auto/Multiplexor3.xml (RunModel)" time="0.008" />
  <testcase classname="ptolemy.util.test.junit.AutoTests" name="[238] /home/travis/build/icyphy/ptII/ptolemy/actor/lib/test/auto/MultiplexorDE.xml (RunModel)" time="0.015" />
  <testcase classname="ptolemy.util.test.junit.AutoTests" name="[239] /home/travis/build/icyphy/ptII/ptolemy/actor/lib/test/auto/MultiportBroadcastTest.xml (RunModel)" time="0.067" />
  <testcase classname="ptolemy.util.test.junit.AutoTests" name="[240] /home/travis/build/icyphy/ptII/ptolemy/actor/lib/test/auto/MultiportOutHangDuringGetWidth.xml (RunModel)" time="0.033" />
  <testcase classname="ptolemy.util.test.junit.AutoTests" name="[241] /home/travis/build/icyphy/ptII/ptolemy/actor/lib/test/auto/NilToken.xml (RunModel)" time="0.013" />
  <testcase classname="ptolemy.util.test.junit.AutoTests" name="[242] /home/travis/build/icyphy/ptII/ptolemy/actor/lib/test/auto/NilTokenNonStrictTest.xml (RunModel)" time="0.009" />
  <testcase classname="ptolemy.util.test.junit.AutoTests" name="[243] /home/travis/build/icyphy/ptII/ptolemy/actor/lib/test/auto/NilTokenRecord.xml (RunModel)" time="0.024" />
  <testcase classname="ptolemy.util.test.junit.AutoTests" name="[244] /home/travis/build/icyphy/ptII/ptolemy/actor/lib/test/auto/NilTokenTypeTest.xml (RunModel)" time="0.027" />
  <testcase classname="ptolemy.util.test.junit.AutoTests" name="[245] /home/travis/build/icyphy/ptII/ptolemy/actor/lib/test/auto/ObjectToken1.xml (RunModel)" time="0.007" />
  <testcase classname="ptolemy.util.test.junit.AutoTests" name="[246] /home/travis/build/icyphy/ptII/ptolemy/actor/lib/test/auto/OrderedMerge.xml (RunModel)" time="0.018" />
  <testcase classname="ptolemy.util.test.junit.AutoTests" name="[247] /home/travis/build/icyphy/ptII/ptolemy/actor/lib/test/auto/OrderedRecordDisassembler.xml (RunModel)" time="0.016" />
  <testcase classname="ptolemy.util.test.junit.AutoTests" name="[248] /home/travis/build/icyphy/ptII/ptolemy/actor/lib/test/auto/OrderedRecordDisassembler2.xml (RunModel)" time="0.017" />
  <testcase classname="ptolemy.util.test.junit.AutoTests" name="[249] /home/travis/build/icyphy/ptII/ptolemy/actor/lib/test/auto/OrderedRecordUpdater.xml (RunModel)" time="0.011" />
  <testcase classname="ptolemy.util.test.junit.AutoTests" name="[250] /home/travis/build/icyphy/ptII/ptolemy/actor/lib/test/auto/OrderedRecordUpdater2.xml (RunModel)" time="0.016" />
  <testcase classname="ptolemy.util.test.junit.AutoTests" name="[251] /home/travis/build/icyphy/ptII/ptolemy/actor/lib/test/auto/PhaseUnwrap.xml (RunModel)" time="0.012" />
  <testcase classname="ptolemy.util.test.junit.AutoTests" name="[252] /home/travis/build/icyphy/ptII/ptolemy/actor/lib/test/auto/PoissonClock.xml (RunModel)" time="0.008" />
  <testcase classname="ptolemy.util.test.junit.AutoTests" name="[253] /home/travis/build/icyphy/ptII/ptolemy/actor/lib/test/auto/PoissonClock2.xml (RunModel)" time="0.006" />
  <testcase classname="ptolemy.util.test.junit.AutoTests" name="[254] /home/travis/build/icyphy/ptII/ptolemy/actor/lib/test/auto/PoissonClock3.xml (RunModel)" time="0.02" />
  <testcase classname="ptolemy.util.test.junit.AutoTests" name="[255] /home/travis/build/icyphy/ptII/ptolemy/actor/lib/test/auto/PubSubWithInitialTokens.xml (RunModel)" time="0.013" />
  <testcase classname="ptolemy.util.test.junit.AutoTests" name="[256] /home/travis/build/icyphy/ptII/ptolemy/actor/lib/test/auto/PubSubWithInitialTokens2.xml (RunModel)" time="0.009" />
  <testcase classname="ptolemy.util.test.junit.AutoTests" name="[257] /home/travis/build/icyphy/ptII/ptolemy/actor/lib/test/auto/PublisherClassNoParameter.xml (RunModel)" time="0.021" />
  <testcase classname="ptolemy.util.test.junit.AutoTests" name="[258] /home/travis/build/icyphy/ptII/ptolemy/actor/lib/test/auto/PublisherClassParameter.xml (RunModel)" time="0.018" />
  <testcase classname="ptolemy.util.test.junit.AutoTests" name="[259] /home/travis/build/icyphy/ptII/ptolemy/actor/lib/test/auto/PublisherNonStrictTest.xml (RunModel)" time="0.013" />
  <testcase classname="ptolemy.util.test.junit.AutoTests" name="[260] /home/travis/build/icyphy/ptII/ptolemy/actor/lib/test/auto/PublisherPort1.xml (RunModel)" time="0.015" />
  <testcase classname="ptolemy.util.test.junit.AutoTests" name="[261] /home/travis/build/icyphy/ptII/ptolemy/actor/lib/test/auto/PublisherPort2.xml (RunModel)" time="0.011" />
  <testcase classname="ptolemy.util.test.junit.AutoTests" name="[262] /home/travis/build/icyphy/ptII/ptolemy/actor/lib/test/auto/PublisherPort3.xml (RunModel)" time="0.01" />
  <testcase classname="ptolemy.util.test.junit.AutoTests" name="[263] /home/travis/build/icyphy/ptII/ptolemy/actor/lib/test/auto/PublisherPort4.xml (RunModel)" time="0.01" />
  <testcase classname="ptolemy.util.test.junit.AutoTests" name="[264] /home/travis/build/icyphy/ptII/ptolemy/actor/lib/test/auto/PublisherPort5.xml (RunModel)" time="0.013" />
  <testcase classname="ptolemy.util.test.junit.AutoTests" name="[265] /home/travis/build/icyphy/ptII/ptolemy/actor/lib/test/auto/PublisherPort5LookAlike.xml (RunModel)" time="0.016" />
  <testcase classname="ptolemy.util.test.junit.AutoTests" name="[266] /home/travis/build/icyphy/ptII/ptolemy/actor/lib/test/auto/PublisherPort6.xml (RunModel)" time="0.01" />
  <testcase classname="ptolemy.util.test.junit.AutoTests" name="[267] /home/travis/build/icyphy/ptII/ptolemy/actor/lib/test/auto/PublisherPort7.xml (RunModel)" time="0.012" />
  <testcase classname="ptolemy.util.test.junit.AutoTests" name="[268] /home/travis/build/icyphy/ptII/ptolemy/actor/lib/test/auto/PublisherPort8.xml (RunModel)" time="0.014" />
  <testcase classname="ptolemy.util.test.junit.AutoTests" name="[269] /home/travis/build/icyphy/ptII/ptolemy/actor/lib/test/auto/PublisherPortSubscriberChannelVariablesAOC2.xml (RunModel)" time="0.031" />
  <testcase classname="ptolemy.util.test.junit.AutoTests" name="[270] /home/travis/build/icyphy/ptII/ptolemy/actor/lib/test/auto/PublisherPortSubscriberOpaqueWidthInference.xml (RunModel)" time="0.015" />
  <testcase classname="ptolemy.util.test.junit.AutoTests" name="[271] /home/travis/build/icyphy/ptII/ptolemy/actor/lib/test/auto/PublisherPortSubscriberPortAdjacent.xml (RunModel)" time="0.016" />
  <testcase classname="ptolemy.util.test.junit.AutoTests" name="[272] /home/travis/build/icyphy/ptII/ptolemy/actor/lib/test/auto/PublisherPortSubscriberPortExpression.xml (RunModel)" time="0.014" />
  <testcase classname="ptolemy.util.test.junit.AutoTests" name="[273] /home/travis/build/icyphy/ptII/ptolemy/actor/lib/test/auto/PublisherPortSubscriberPortOpaqueD3Reverse.xml (RunModel)" time="0.017" />
  <testcase classname="ptolemy.util.test.junit.AutoTests" name="[274] /home/travis/build/icyphy/ptII/ptolemy/actor/lib/test/auto/PublisherPortSubscriberPortOpaqueWidthInference.xml (RunModel)" time="0.014" />
  <testcase classname="ptolemy.util.test.junit.AutoTests" name="[275] /home/travis/build/icyphy/ptII/ptolemy/actor/lib/test/auto/PublisherPortToplevelSubscriberPortAOC.xml (RunModel)" time="0.008" />
  <testcase classname="ptolemy.util.test.junit.AutoTests" name="[276] /home/travis/build/icyphy/ptII/ptolemy/actor/lib/test/auto/PublisherSubscriber.xml (RunModel)" time="0.01" />
  <testcase classname="ptolemy.util.test.junit.AutoTests" name="[277] /home/travis/build/icyphy/ptII/ptolemy/actor/lib/test/auto/PublisherSubscriber10.xml (RunModel)" time="0.017" />
  <testcase classname="ptolemy.util.test.junit.AutoTests" name="[278] /home/travis/build/icyphy/ptII/ptolemy/actor/lib/test/auto/PublisherSubscriber10InitialOutputs.xml (RunModel)" time="0.04" />
  <testcase classname="ptolemy.util.test.junit.AutoTests" name="[279] /home/travis/build/icyphy/ptII/ptolemy/actor/lib/test/auto/PublisherSubscriber11.xml (RunModel)" time="0.011" />
  <testcase classname="ptolemy.util.test.junit.AutoTests" name="[280] /home/travis/build/icyphy/ptII/ptolemy/actor/lib/test/auto/PublisherSubscriber12.xml (RunModel)" time="0.012" />
  <testcase classname="ptolemy.util.test.junit.AutoTests" name="[281] /home/travis/build/icyphy/ptII/ptolemy/actor/lib/test/auto/PublisherSubscriber13.xml (RunModel)" time="0.007" />
  <testcase classname="ptolemy.util.test.junit.AutoTests" name="[282] /home/travis/build/icyphy/ptII/ptolemy/actor/lib/test/auto/PublisherSubscriber14.xml (RunModel)" time="0.017" />
  <testcase classname="ptolemy.util.test.junit.AutoTests" name="[283] /home/travis/build/icyphy/ptII/ptolemy/actor/lib/test/auto/PublisherSubscriber2.xml (RunModel)" time="0.008" />
  <testcase classname="ptolemy.util.test.junit.AutoTests" name="[284] /home/travis/build/icyphy/ptII/ptolemy/actor/lib/test/auto/PublisherSubscriber3.xml (RunModel)" time="0.007" />
  <testcase classname="ptolemy.util.test.junit.AutoTests" name="[285] /home/travis/build/icyphy/ptII/ptolemy/actor/lib/test/auto/PublisherSubscriber4.xml (RunModel)" time="0.007" />
  <testcase classname="ptolemy.util.test.junit.AutoTests" name="[286] /home/travis/build/icyphy/ptII/ptolemy/actor/lib/test/auto/PublisherSubscriber5.xml (RunModel)" time="0.009" />
  <testcase classname="ptolemy.util.test.junit.AutoTests" name="[287] /home/travis/build/icyphy/ptII/ptolemy/actor/lib/test/auto/PublisherSubscriber6.xml (RunModel)" time="0.012" />
  <testcase classname="ptolemy.util.test.junit.AutoTests" name="[288] /home/travis/build/icyphy/ptII/ptolemy/actor/lib/test/auto/PublisherSubscriber7.xml (RunModel)" time="0.019" />
  <testcase classname="ptolemy.util.test.junit.AutoTests" name="[289] /home/travis/build/icyphy/ptII/ptolemy/actor/lib/test/auto/PublisherSubscriber8.xml (RunModel)" time="0.026" />
  <testcase classname="ptolemy.util.test.junit.AutoTests" name="[290] /home/travis/build/icyphy/ptII/ptolemy/actor/lib/test/auto/PublisherSubscriber9.xml (RunModel)" time="0.016" />
  <testcase classname="ptolemy.util.test.junit.AutoTests" name="[291] /home/travis/build/icyphy/ptII/ptolemy/actor/lib/test/auto/PublisherSubscriberAdjacent.xml (RunModel)" time="0.013" />
  <testcase classname="ptolemy.util.test.junit.AutoTests" name="[292] /home/travis/build/icyphy/ptII/ptolemy/actor/lib/test/auto/PublisherSubscriberChannelVariablesAOC2.xml (RunModel)" time="0.026" />
  <testcase classname="ptolemy.util.test.junit.AutoTests" name="[293] /home/travis/build/icyphy/ptII/ptolemy/actor/lib/test/auto/PublisherSubscriberD3.xml (RunModel)" time="0.012" />
  <testcase classname="ptolemy.util.test.junit.AutoTests" name="[294] /home/travis/build/icyphy/ptII/ptolemy/actor/lib/test/auto/PublisherSubscriberD3Reverse.xml (RunModel)" time="0.009" />
  <testcase classname="ptolemy.util.test.junit.AutoTests" name="[295] /home/travis/build/icyphy/ptII/ptolemy/actor/lib/test/auto/PublisherSubscriberExpression.xml (RunModel)" time="0.013" />
  <testcase classname="ptolemy.util.test.junit.AutoTests" name="[296] /home/travis/build/icyphy/ptII/ptolemy/actor/lib/test/auto/PublisherSubscriberOpaque.xml (RunModel)" time="0.012" />
  <testcase classname="ptolemy.util.test.junit.AutoTests" name="[297] /home/travis/build/icyphy/ptII/ptolemy/actor/lib/test/auto/PublisherSubscriberOpaqueD3.xml (RunModel)" time="0.018" />
  <testcase classname="ptolemy.util.test.junit.AutoTests" name="[298] /home/travis/build/icyphy/ptII/ptolemy/actor/lib/test/auto/PublisherSubscriberOpaqueD3Reverse.xml (RunModel)" time="0.019" />
  <testcase classname="ptolemy.util.test.junit.AutoTests" name="[299] /home/travis/build/icyphy/ptII/ptolemy/actor/lib/test/auto/PublisherSubscriberOpaqueWidthInference.xml (RunModel)" time="0.014" />
  <testcase classname="ptolemy.util.test.junit.AutoTests" name="[300] /home/travis/build/icyphy/ptII/ptolemy/actor/lib/test/auto/PublisherTestSubscriber.xml (RunModel)" time="0.012" />
  <testcase classname="ptolemy.util.test.junit.AutoTests" name="[301] /home/travis/build/icyphy/ptII/ptolemy/actor/lib/test/auto/PublisherToplevelSubscriberPortAOC.xml (RunModel)" time="0.009" />
  <testcase classname="ptolemy.util.test.junit.AutoTests" name="[302] /home/travis/build/icyphy/ptII/ptolemy/actor/lib/test/auto/PulseFiringLimitDE.xml (RunModel)" time="0.012" />
  <testcase classname="ptolemy.util.test.junit.AutoTests" name="[303] /home/travis/build/icyphy/ptII/ptolemy/actor/lib/test/auto/Ramp1.xml (RunModel)" time="0.006" />
  <testcase classname="ptolemy.util.test.junit.AutoTests" name="[304] /home/travis/build/icyphy/ptII/ptolemy/actor/lib/test/auto/RampFiringLimitDE.xml (RunModel)" time="0.009" />
  <testcase classname="ptolemy.util.test.junit.AutoTests" name="[305] /home/travis/build/icyphy/ptII/ptolemy/actor/lib/test/auto/RampFiringLimitSDF.xml (RunModel)" time="0.008" />
  <testcase classname="ptolemy.util.test.junit.AutoTests" name="[306] /home/travis/build/icyphy/ptII/ptolemy/actor/lib/test/auto/RandomInteger.xml (RunModel)" time="0.006" />
  <testcase classname="ptolemy.util.test.junit.AutoTests" name="[307] /home/travis/build/icyphy/ptII/ptolemy/actor/lib/test/auto/ReadFile1.xml (RunModel)" time="0.006" />
  <testcase classname="ptolemy.util.test.junit.AutoTests" name="[308] /home/travis/build/icyphy/ptII/ptolemy/actor/lib/test/auto/ReadFile2.xml (RunModel)" time="0.006" />
  <testcase classname="ptolemy.util.test.junit.AutoTests" name="[309] /home/travis/build/icyphy/ptII/ptolemy/actor/lib/test/auto/Reader.xml (RunModel)" time="0.008" />
  <testcase classname="ptolemy.util.test.junit.AutoTests" name="[310] /home/travis/build/icyphy/ptII/ptolemy/actor/lib/test/auto/RecordAssemblerDisplayNameTest.xml (RunModel)" time="3.335" />
  <testcase classname="ptolemy.util.test.junit.AutoTests" name="[311] /home/travis/build/icyphy/ptII/ptolemy/actor/lib/test/auto/RecordAssemblerTypeError.xml (RunModel)" time="0.035" />
  <testcase classname="ptolemy.util.test.junit.AutoTests" name="[312] /home/travis/build/icyphy/ptII/ptolemy/actor/lib/test/auto/RecordDisassember.xml (RunModel)" time="0.012" />
  <testcase classname="ptolemy.util.test.junit.AutoTests" name="[313] /home/travis/build/icyphy/ptII/ptolemy/actor/lib/test/auto/RecordDisassemberDisplayNameTest.xml (RunModel)" time="0.026" />
  <testcase classname="ptolemy.util.test.junit.AutoTests" name="[314] /home/travis/build/icyphy/ptII/ptolemy/actor/lib/test/auto/RecordDisassembler.xml (RunModel)" time="0.014" />
  <testcase classname="ptolemy.util.test.junit.AutoTests" name="[315] /home/travis/build/icyphy/ptII/ptolemy/actor/lib/test/auto/RecordDisassembler2.xml (RunModel)" time="0.012" />
  <testcase classname="ptolemy.util.test.junit.AutoTests" name="[316] /home/travis/build/icyphy/ptII/ptolemy/actor/lib/test/auto/RecordUpdater.xml (RunModel)" time="0.011" />
  <testcase classname="ptolemy.util.test.junit.AutoTests" name="[317] /home/travis/build/icyphy/ptII/ptolemy/actor/lib/test/auto/RecordUpdater2.xml (RunModel)" time="0.007" />
  <testcase classname="ptolemy.util.test.junit.AutoTests" name="[318] /home/travis/build/icyphy/ptII/ptolemy/actor/lib/test/auto/RecursiveLattice.xml (RunModel)" time="0.009" />
  <testcase classname="ptolemy.util.test.junit.AutoTests" name="[319] /home/travis/build/icyphy/ptII/ptolemy/actor/lib/test/auto/Router.xml (RunModel)" time="3.021" />
  <testcase classname="ptolemy.util.test.junit.AutoTests" name="[320] /home/travis/build/icyphy/ptII/ptolemy/actor/lib/test/auto/Router2.xml (RunModel)" time="3.029" />
  <testcase classname="ptolemy.util.test.junit.AutoTests" name="[321] /home/travis/build/icyphy/ptII/ptolemy/actor/lib/test/auto/RunningMaximum.xml (RunModel)" time="0.015" />
  <testcase classname="ptolemy.util.test.junit.AutoTests" name="[322] /home/travis/build/icyphy/ptII/ptolemy/actor/lib/test/auto/RunningMinimum.xml (RunModel)" time="0.018" />
  <testcase classname="ptolemy.util.test.junit.AutoTests" name="[323] /home/travis/build/icyphy/ptII/ptolemy/actor/lib/test/auto/Scale.xml (RunModel)" time="0.006" />
  <testcase classname="ptolemy.util.test.junit.AutoTests" name="[324] /home/travis/build/icyphy/ptII/ptolemy/actor/lib/test/auto/Scale2.xml (RunModel)" time="0.007" />
  <testcase classname="ptolemy.util.test.junit.AutoTests" name="[325] /home/travis/build/icyphy/ptII/ptolemy/actor/lib/test/auto/Scale3.xml (RunModel)" time="0.018" />
  <testcase classname="ptolemy.util.test.junit.AutoTests" name="[326] /home/travis/build/icyphy/ptII/ptolemy/actor/lib/test/auto/ScaleArray.xml (RunModel)" time="0.006" />
  <testcase classname="ptolemy.util.test.junit.AutoTests" name="[327] /home/travis/build/icyphy/ptII/ptolemy/actor/lib/test/auto/ScaleArray2.xml (RunModel)" time="0.006" />
  <testcase classname="ptolemy.util.test.junit.AutoTests" name="[328] /home/travis/build/icyphy/ptII/ptolemy/actor/lib/test/auto/ScaleMatrix.xml (RunModel)" time="0.148" />
  <testcase classname="ptolemy.util.test.junit.AutoTests" name="[329] /home/travis/build/icyphy/ptII/ptolemy/actor/lib/test/auto/Select.xml (RunModel)" time="0.014" />
  <testcase classname="ptolemy.util.test.junit.AutoTests" name="[330] /home/travis/build/icyphy/ptII/ptolemy/actor/lib/test/auto/Select2.xml (RunModel)" time="0.006" />
  <testcase classname="ptolemy.util.test.junit.AutoTests" name="[331] /home/travis/build/icyphy/ptII/ptolemy/actor/lib/test/auto/SequenceToArray2.xml (RunModel)" time="0.115" />
  <testcase classname="ptolemy.util.test.junit.AutoTests" name="[332] /home/travis/build/icyphy/ptII/ptolemy/actor/lib/test/auto/SequentialClock.xml (RunModel)" time="0.009" />
  <testcase classname="ptolemy.util.test.junit.AutoTests" name="[333] /home/travis/build/icyphy/ptII/ptolemy/actor/lib/test/auto/SetVariable.xml (RunModel)" time="0.009" />
  <testcase classname="ptolemy.util.test.junit.AutoTests" name="[334] /home/travis/build/icyphy/ptII/ptolemy/actor/lib/test/auto/SetVariable2.xml (RunModel)" time="0.008" />
  <testcase classname="ptolemy.util.test.junit.AutoTests" name="[335] /home/travis/build/icyphy/ptII/ptolemy/actor/lib/test/auto/SetVariable3.xml (RunModel)" time="0.014" />
  <testcase classname="ptolemy.util.test.junit.AutoTests" name="[336] /home/travis/build/icyphy/ptII/ptolemy/actor/lib/test/auto/SetVariable4.xml (RunModel)" time="0.048" />
  <testcase classname="ptolemy.util.test.junit.AutoTests" name="[337] /home/travis/build/icyphy/ptII/ptolemy/actor/lib/test/auto/SetVariable5.xml (RunModel)" time="0.031" />
  <testcase classname="ptolemy.util.test.junit.AutoTests" name="[338] /home/travis/build/icyphy/ptII/ptolemy/actor/lib/test/auto/Sinewave.xml (RunModel)" time="0.02" />
  <testcase classname="ptolemy.util.test.junit.AutoTests" name="[339] /home/travis/build/icyphy/ptII/ptolemy/actor/lib/test/auto/Sinewave2.xml (RunModel)" time="0.013" />
  <testcase classname="ptolemy.util.test.junit.AutoTests" name="[340] /home/travis/build/icyphy/ptII/ptolemy/actor/lib/test/auto/Sinewave3.xml (RunModel)" time="0.018" />
  <testcase classname="ptolemy.util.test.junit.AutoTests" name="[341] /home/travis/build/icyphy/ptII/ptolemy/actor/lib/test/auto/SingleEvent.xml (RunModel)" time="0.006" />
  <testcase classname="ptolemy.util.test.junit.AutoTests" name="[342] /home/travis/build/icyphy/ptII/ptolemy/actor/lib/test/auto/Sleep.xml (RunModel)" time="6.016" />
  <testcase classname="ptolemy.util.test.junit.AutoTests" name="[343] /home/travis/build/icyphy/ptII/ptolemy/actor/lib/test/auto/SleepMultipleFire.xml (RunModel)" time="1.015" />
  <testcase classname="ptolemy.util.test.junit.AutoTests" name="[344] /home/travis/build/icyphy/ptII/ptolemy/actor/lib/test/auto/StopDE.xml (RunModel)" time="0.026" />
  <testcase classname="ptolemy.util.test.junit.AutoTests" name="[345] /home/travis/build/icyphy/ptII/ptolemy/actor/lib/test/auto/StopSDF.xml (RunModel)" time="0.011" />
  <testcase classname="ptolemy.util.test.junit.AutoTests" name="[346] /home/travis/build/icyphy/ptII/ptolemy/actor/lib/test/auto/StringConstant.xml (RunModel)" time="0.012" />
  <testcase classname="ptolemy.util.test.junit.AutoTests" name="[347] /home/travis/build/icyphy/ptII/ptolemy/actor/lib/test/auto/SubscriberPortInitialValues1.xml (RunModel)" time="0.019" />
  <testcase classname="ptolemy.util.test.junit.AutoTests" name="[348] /home/travis/build/icyphy/ptII/ptolemy/actor/lib/test/auto/SubscriberPortInitialValues13.xml (RunModel)" time="0.025" />
  <testcase classname="ptolemy.util.test.junit.AutoTests" name="[349] /home/travis/build/icyphy/ptII/ptolemy/actor/lib/test/auto/SubscriberPortInitialValues14.xml (RunModel)" time="0.013" />
  <testcase classname="ptolemy.util.test.junit.AutoTests" name="[350] /home/travis/build/icyphy/ptII/ptolemy/actor/lib/test/auto/SubscriberPortInitialValues2.xml (RunModel)" time="0.013" />
  <testcase classname="ptolemy.util.test.junit.AutoTests" name="[351] /home/travis/build/icyphy/ptII/ptolemy/actor/lib/test/auto/SubscriberPortInitialValues3.xml (RunModel)" time="0.02" />
  <testcase classname="ptolemy.util.test.junit.AutoTests" name="[352] /home/travis/build/icyphy/ptII/ptolemy/actor/lib/test/auto/SubscriptionAggregator.xml (RunModel)" time="0.009" />
  <testcase classname="ptolemy.util.test.junit.AutoTests" name="[353] /home/travis/build/icyphy/ptII/ptolemy/actor/lib/test/auto/SubscriptionAggregator2.xml (RunModel)" time="0.01" />
  <testcase classname="ptolemy.util.test.junit.AutoTests" name="[354] /home/travis/build/icyphy/ptII/ptolemy/actor/lib/test/auto/SubscriptionAggregator3.xml (RunModel)" time="0.013" />
  <testcase classname="ptolemy.util.test.junit.AutoTests" name="[355] /home/travis/build/icyphy/ptII/ptolemy/actor/lib/test/auto/SubscriptionAggregatorMultiply.xml (RunModel)" time="0.021" />
  <testcase classname="ptolemy.util.test.junit.AutoTests" name="[356] /home/travis/build/icyphy/ptII/ptolemy/actor/lib/test/auto/SubscriptionAggregatorPortMultiply1.xml (RunModel)" time="0.012" />
  <testcase classname="ptolemy.util.test.junit.AutoTests" name="[357] /home/travis/build/icyphy/ptII/ptolemy/actor/lib/test/auto/Switch.xml (RunModel)" time="0.013" />
  <testcase classname="ptolemy.util.test.junit.AutoTests" name="[358] /home/travis/build/icyphy/ptII/ptolemy/actor/lib/test/auto/Switch2.xml (RunModel)" time="0.01" />
  <testcase classname="ptolemy.util.test.junit.AutoTests" name="[359] /home/travis/build/icyphy/ptII/ptolemy/actor/lib/test/auto/SwitchDE.xml (RunModel)" time="0.01" />
  <testcase classname="ptolemy.util.test.junit.AutoTests" name="[360] /home/travis/build/icyphy/ptII/ptolemy/actor/lib/test/auto/SynchronizerDE.xml (RunModel)" time="0.017" />
  <testcase classname="ptolemy.util.test.junit.AutoTests" name="[361] /home/travis/build/icyphy/ptII/ptolemy/actor/lib/test/auto/Test.xml (RunModel)" time="0.007" />
  <testcase classname="ptolemy.util.test.junit.AutoTests" name="[362] /home/travis/build/icyphy/ptII/ptolemy/actor/lib/test/auto/TestExceptionAttribute1.xml (RunModel)" time="0.006" />
  <testcase classname="ptolemy.util.test.junit.AutoTests" name="[363] /home/travis/build/icyphy/ptII/ptolemy/actor/lib/test/auto/TestExceptionAttribute2.xml (RunModel)" time="0.006" />
  <testcase classname="ptolemy.util.test.junit.AutoTests" name="[364] /home/travis/build/icyphy/ptII/ptolemy/actor/lib/test/auto/TestExceptionAttribute3.xml (RunModel)" time="0.009" />
  <testcase classname="ptolemy.util.test.junit.AutoTests" name="[365] /home/travis/build/icyphy/ptII/ptolemy/actor/lib/test/auto/TestExceptionAttribute4.xml (RunModel)" time="0.006" />
  <testcase classname="ptolemy.util.test.junit.AutoTests" name="[366] /home/travis/build/icyphy/ptII/ptolemy/actor/lib/test/auto/TestExceptionHandler1.xml (RunModel)" time="0.007" />
  <testcase classname="ptolemy.util.test.junit.AutoTests" name="[367] /home/travis/build/icyphy/ptII/ptolemy/actor/lib/test/auto/TestExceptionHandler2.xml (RunModel)" time="0.009" />
  <testcase classname="ptolemy.util.test.junit.AutoTests" name="[368] /home/travis/build/icyphy/ptII/ptolemy/actor/lib/test/auto/TestExceptionHandler3.xml (RunModel)" time="0.005" />
  <testcase classname="ptolemy.util.test.junit.AutoTests" name="[369] /home/travis/build/icyphy/ptII/ptolemy/actor/lib/test/auto/TestExceptionHandler4.xml (RunModel)" time="0.005" />
  <testcase classname="ptolemy.util.test.junit.AutoTests" name="[370] /home/travis/build/icyphy/ptII/ptolemy/actor/lib/test/auto/TestRequireCorrectOrder.xml (RunModel)" time="0.014" />
  <testcase classname="ptolemy.util.test.junit.AutoTests" name="[371] /home/travis/build/icyphy/ptII/ptolemy/actor/lib/test/auto/TestSimple.xml (RunModel)" time="0.01" />
  <testcase classname="ptolemy.util.test.junit.AutoTests" name="[372] /home/travis/build/icyphy/ptII/ptolemy/actor/lib/test/auto/ThrowModelError.xml (RunModel)" time="0.008" />
  <testcase classname="ptolemy.util.test.junit.AutoTests" name="[373] /home/travis/build/icyphy/ptII/ptolemy/actor/lib/test/auto/TimeDelayMicrosteps.xml (RunModel)" time="0.012" />
  <testcase classname="ptolemy.util.test.junit.AutoTests" name="[374] /home/travis/build/icyphy/ptII/ptolemy/actor/lib/test/auto/TimeDelayMicrosteps2.xml (RunModel)" time="0.014" />
  <testcase classname="ptolemy.util.test.junit.AutoTests" name="[375] /home/travis/build/icyphy/ptII/ptolemy/actor/lib/test/auto/TimeDelayMicrosteps3.xml (RunModel)" time="0.01" />
  <testcase classname="ptolemy.util.test.junit.AutoTests" name="[376] /home/travis/build/icyphy/ptII/ptolemy/actor/lib/test/auto/TimeDelayVariableMicrosteps.xml (RunModel)" time="0.01" />
  <testcase classname="ptolemy.util.test.junit.AutoTests" name="[377] /home/travis/build/icyphy/ptII/ptolemy/actor/lib/test/auto/TimeGap.xml (RunModel)" time="0.011" />
  <testcase classname="ptolemy.util.test.junit.AutoTests" name="[378] /home/travis/build/icyphy/ptII/ptolemy/actor/lib/test/auto/TimeGap2.xml (RunModel)" time="0.01" />
  <testcase classname="ptolemy.util.test.junit.AutoTests" name="[379] /home/travis/build/icyphy/ptII/ptolemy/actor/lib/test/auto/TimedSinewave.xml (RunModel)" time="0.054" />
  <testcase classname="ptolemy.util.test.junit.AutoTests" name="[380] /home/travis/build/icyphy/ptII/ptolemy/actor/lib/test/auto/TimedSinewavePhase.xml (RunModel)" time="0.02" />
  <testcase classname="ptolemy.util.test.junit.AutoTests" name="[381] /home/travis/build/icyphy/ptII/ptolemy/actor/lib/test/auto/Timer.xml (RunModel)" time="0.011" />
  <testcase classname="ptolemy.util.test.junit.AutoTests" name="[382] /home/travis/build/icyphy/ptII/ptolemy/actor/lib/test/auto/TriangularDistTestModel.xml (RunModel)" time="0.018" />
  <testcase classname="ptolemy.util.test.junit.AutoTests" name="[383] /home/travis/build/icyphy/ptII/ptolemy/actor/lib/test/auto/TrigFunction.xml (RunModel)" time="0.009" />
  <testcase classname="ptolemy.util.test.junit.AutoTests" name="[384] /home/travis/build/icyphy/ptII/ptolemy/actor/lib/test/auto/TrigFunctionDE.xml (RunModel)" time="0.011" />
  <testcase classname="ptolemy.util.test.junit.AutoTests" name="[385] /home/travis/build/icyphy/ptII/ptolemy/actor/lib/test/auto/TrigFunctionInverse.xml (RunModel)" time="0.01" />
  <testcase classname="ptolemy.util.test.junit.AutoTests" name="[386] /home/travis/build/icyphy/ptII/ptolemy/actor/lib/test/auto/TrigFunctionTan.xml (RunModel)" time="0.008" />
  <testcase classname="ptolemy.util.test.junit.AutoTests" name="[387] /home/travis/build/icyphy/ptII/ptolemy/actor/lib/test/auto/TriggeredClock.xml (RunModel)" time="0.008" />
  <testcase classname="ptolemy.util.test.junit.AutoTests" name="[388] /home/travis/build/icyphy/ptII/ptolemy/actor/lib/test/auto/URLDirectoryReader.xml (RunModel)" time="0.11" />
  <testcase classname="ptolemy.util.test.junit.AutoTests" name="[389] /home/travis/build/icyphy/ptII/ptolemy/actor/lib/test/auto/URLDirectoryReader3.xml (RunModel)" time="1.882" />
  <testcase classname="ptolemy.util.test.junit.AutoTests" name="[390] /home/travis/build/icyphy/ptII/ptolemy/actor/lib/test/auto/UnaryMathFunction.xml (RunModel)" time="0.028" />
  <testcase classname="ptolemy.util.test.junit.AutoTests" name="[391] /home/travis/build/icyphy/ptII/ptolemy/actor/lib/test/auto/Uniform.xml (RunModel)" time="0.014" />
  <testcase classname="ptolemy.util.test.junit.AutoTests" name="[392] /home/travis/build/icyphy/ptII/ptolemy/actor/lib/test/auto/UnionDisassemblerTest.xml (RunModel)" time="0.019" />
  <testcase classname="ptolemy.util.test.junit.AutoTests" name="[393] /home/travis/build/icyphy/ptII/ptolemy/actor/lib/test/auto/UtilityFunctions.xml (RunModel)" time="0.006" />
  <testcase classname="ptolemy.util.test.junit.AutoTests" name="[394] /home/travis/build/icyphy/ptII/ptolemy/actor/lib/test/auto/VariableSleep.xml (RunModel)" time="0.511" />
  <testcase classname="ptolemy.util.test.junit.AutoTests" name="[395] /home/travis/build/icyphy/ptII/ptolemy/actor/lib/test/auto/VectorAssemblerDisassemblerCT.xml (RunModel)" time="0.117" />
  <testcase classname="ptolemy.util.test.junit.AutoTests" name="[396] /home/travis/build/icyphy/ptII/ptolemy/actor/lib/test/auto/VectorAssemblerDisassemblerDE.xml (RunModel)" time="0.018" />
  <testcase classname="ptolemy.util.test.junit.AutoTests" name="[397] /home/travis/build/icyphy/ptII/ptolemy/actor/lib/test/auto/VectorAssemblerDisassemblerSDF.xml (RunModel)" time="0.014" />
  <testcase classname="ptolemy.util.test.junit.AutoTests" name="[398] /home/travis/build/icyphy/ptII/ptolemy/actor/lib/test/auto/WallClockTime.xml (RunModel)" time="1.011" />
  <testcase classname="ptolemy.util.test.junit.AutoTests" name="[399] /home/travis/build/icyphy/ptII/ptolemy/actor/lib/test/auto/WidthTestWithSubscriberPublisher.xml (RunModel)" time="0.034" />
  <testcase classname="ptolemy.util.test.junit.AutoTests" name="[400] /home/travis/build/icyphy/ptII/ptolemy/actor/lib/test/auto/WidthTestWithSubscriberPublisher2.xml (RunModel)" time="0.011" />
  <testcase classname="ptolemy.util.test.junit.AutoTests" name="[401] /home/travis/build/icyphy/ptII/ptolemy/actor/lib/test/auto/WidthTestWithSubscriberPublisher3.xml (RunModel)" time="0.009" />
  <testcase classname="ptolemy.util.test.junit.AutoTests" name="[402] /home/travis/build/icyphy/ptII/ptolemy/actor/lib/test/auto/Writer.xml (RunModel)" time="0.005" />
  <testcase classname="ptolemy.util.test.junit.AutoTests" name="[403] /home/travis/build/icyphy/ptII/ptolemy/actor/lib/test/auto/array.xml (RunModel)" time="0.021" />
  <testcase classname="ptolemy.util.test.junit.AutoTests" name="[404] /home/travis/build/icyphy/ptII/ptolemy/actor/lib/test/auto/array2.xml (RunModel)" time="0.009" />
  <testcase classname="ptolemy.util.test.junit.AutoTests" name="[405] /home/travis/build/icyphy/ptII/ptolemy/actor/lib/test/auto/arrayType.xml (RunModel)" time="0.008" />
  <testcase classname="ptolemy.util.test.junit.AutoTests" name="[406] /home/travis/build/icyphy/ptII/ptolemy/actor/lib/test/auto/arrayType10.xml (RunModel)" time="0.006" />
  <testcase classname="ptolemy.util.test.junit.AutoTests" name="[407] /home/travis/build/icyphy/ptII/ptolemy/actor/lib/test/auto/arrayType11.xml (RunModel)" time="0.006" />
  <testcase classname="ptolemy.util.test.junit.AutoTests" name="[408] /home/travis/build/icyphy/ptII/ptolemy/actor/lib/test/auto/arrayType12.xml (RunModel)" time="0.007" />
  <testcase classname="ptolemy.util.test.junit.AutoTests" name="[409] /home/travis/build/icyphy/ptII/ptolemy/actor/lib/test/auto/arrayType13.xml (RunModel)" time="0.007" />
  <testcase classname="ptolemy.util.test.junit.AutoTests" name="[410] /home/travis/build/icyphy/ptII/ptolemy/actor/lib/test/auto/arrayType14.xml (RunModel)" time="0.007" />
  <testcase classname="ptolemy.util.test.junit.AutoTests" name="[411] /home/travis/build/icyphy/ptII/ptolemy/actor/lib/test/auto/arrayType15.xml (RunModel)" time="0.008" />
  <testcase classname="ptolemy.util.test.junit.AutoTests" name="[412] /home/travis/build/icyphy/ptII/ptolemy/actor/lib/test/auto/arrayType16.xml (RunModel)" time="0.008" />
  <testcase classname="ptolemy.util.test.junit.AutoTests" name="[413] /home/travis/build/icyphy/ptII/ptolemy/actor/lib/test/auto/arrayType17.xml (RunModel)" time="0.006" />
  <testcase classname="ptolemy.util.test.junit.AutoTests" name="[414] /home/travis/build/icyphy/ptII/ptolemy/actor/lib/test/auto/arrayType18.xml (RunModel)" time="0.006" />
  <testcase classname="ptolemy.util.test.junit.AutoTests" name="[415] /home/travis/build/icyphy/ptII/ptolemy/actor/lib/test/auto/arrayType19.xml (RunModel)" time="0.006" />
  <testcase classname="ptolemy.util.test.junit.AutoTests" name="[416] /home/travis/build/icyphy/ptII/ptolemy/actor/lib/test/auto/arrayType2.xml (RunModel)" time="0.007" />
  <testcase classname="ptolemy.util.test.junit.AutoTests" name="[417] /home/travis/build/icyphy/ptII/ptolemy/actor/lib/test/auto/arrayType20.xml (RunModel)" time="0.006" />
  <testcase classname="ptolemy.util.test.junit.AutoTests" name="[418] /home/travis/build/icyphy/ptII/ptolemy/actor/lib/test/auto/arrayType21.xml (RunModel)" time="0.006" />
  <testcase classname="ptolemy.util.test.junit.AutoTests" name="[419] /home/travis/build/icyphy/ptII/ptolemy/actor/lib/test/auto/arrayType22.xml (RunModel)" time="0.006" />
  <testcase classname="ptolemy.util.test.junit.AutoTests" name="[420] /home/travis/build/icyphy/ptII/ptolemy/actor/lib/test/auto/arrayType23.xml (RunModel)" time="0.006" />
  <testcase classname="ptolemy.util.test.junit.AutoTests" name="[421] /home/travis/build/icyphy/ptII/ptolemy/actor/lib/test/auto/arrayType24.xml (RunModel)" time="0.007" />
  <testcase classname="ptolemy.util.test.junit.AutoTests" name="[422] /home/travis/build/icyphy/ptII/ptolemy/actor/lib/test/auto/arrayType25.xml (RunModel)" time="0.007" />
  <testcase classname="ptolemy.util.test.junit.AutoTests" name="[423] /home/travis/build/icyphy/ptII/ptolemy/actor/lib/test/auto/arrayType26.xml (RunModel)" time="0.007" />
  <testcase classname="ptolemy.util.test.junit.AutoTests" name="[424] /home/travis/build/icyphy/ptII/ptolemy/actor/lib/test/auto/arrayType27.xml (RunModel)" time="0.007" />
  <testcase classname="ptolemy.util.test.junit.AutoTests" name="[425] /home/travis/build/icyphy/ptII/ptolemy/actor/lib/test/auto/arrayType28.xml (RunModel)" time="0.007" />
  <testcase classname="ptolemy.util.test.junit.AutoTests" name="[426] /home/travis/build/icyphy/ptII/ptolemy/actor/lib/test/auto/arrayType3.xml (RunModel)" time="0.006" />
  <testcase classname="ptolemy.util.test.junit.AutoTests" name="[427] /home/travis/build/icyphy/ptII/ptolemy/actor/lib/test/auto/arrayType4.xml (RunModel)" time="0.006" />
  <testcase classname="ptolemy.util.test.junit.AutoTests" name="[428] /home/travis/build/icyphy/ptII/ptolemy/actor/lib/test/auto/arrayType5.xml (RunModel)" time="0.006" />
  <testcase classname="ptolemy.util.test.junit.AutoTests" name="[429] /home/travis/build/icyphy/ptII/ptolemy/actor/lib/test/auto/arrayType6.xml (RunModel)" time="0.005" />
  <testcase classname="ptolemy.util.test.junit.AutoTests" name="[430] /home/travis/build/icyphy/ptII/ptolemy/actor/lib/test/auto/arrayType7.xml (RunModel)" time="0.011" />
  <testcase classname="ptolemy.util.test.junit.AutoTests" name="[431] /home/travis/build/icyphy/ptII/ptolemy/actor/lib/test/auto/arrayType8.xml (RunModel)" time="0.015" />
  <testcase classname="ptolemy.util.test.junit.AutoTests" name="[432] /home/travis/build/icyphy/ptII/ptolemy/actor/lib/test/auto/arrayType9.xml (RunModel)" time="0.007" />
  <testcase classname="ptolemy.util.test.junit.AutoTests" name="[433] /home/travis/build/icyphy/ptII/ptolemy/actor/lib/test/auto/cast.xml (RunModel)" time="0.006" />
  <testcase classname="ptolemy.util.test.junit.AutoTests" name="[434] /home/travis/build/icyphy/ptII/ptolemy/actor/lib/test/auto/compositeMultiPort.xml (RunModel)" time="0.028" />
  <testcase classname="ptolemy.util.test.junit.AutoTests" name="[435] /home/travis/build/icyphy/ptII/ptolemy/actor/lib/test/auto/expressionCastInference.xml (RunModel)" time="0.026" />
  <testcase classname="ptolemy.util.test.junit.AutoTests" name="[436] /home/travis/build/icyphy/ptII/ptolemy/actor/lib/test/auto/expressionCastInference2.xml (RunModel)" time="0.018" />
  <testcase classname="ptolemy.util.test.junit.AutoTests" name="[437] /home/travis/build/icyphy/ptII/ptolemy/actor/lib/test/auto/expressionInference.xml (RunModel)" time="0.006" />
  <testcase classname="ptolemy.util.test.junit.AutoTests" name="[438] /home/travis/build/icyphy/ptII/ptolemy/actor/lib/test/auto/expression_bug.xml (RunModel)" time="0.006" />
  <testcase classname="ptolemy.util.test.junit.AutoTests" name="[439] /home/travis/build/icyphy/ptII/ptolemy/actor/lib/test/auto/factorial.xml (RunModel)" time="0.056" />
  <testcase classname="ptolemy.util.test.junit.AutoTests" name="[440] /home/travis/build/icyphy/ptII/ptolemy/actor/lib/test/auto/filterTest1.xml (RunModel)" time="0.013" />
  <testcase classname="ptolemy.util.test.junit.AutoTests" name="[441] /home/travis/build/icyphy/ptII/ptolemy/actor/lib/test/auto/funcApplyInConst.xml (RunModel)" time="0.051" />
  <testcase classname="ptolemy.util.test.junit.AutoTests" name="[442] /home/travis/build/icyphy/ptII/ptolemy/actor/lib/test/auto/funcApplyInExpr.xml (RunModel)" time="0.024" />
  <testcase classname="ptolemy.util.test.junit.AutoTests" name="[443] /home/travis/build/icyphy/ptII/ptolemy/actor/lib/test/auto/function.xml (RunModel)" time="0.036" />
  <testcase classname="ptolemy.util.test.junit.AutoTests" name="[444] /home/travis/build/icyphy/ptII/ptolemy/actor/lib/test/auto/function2.xml (RunModel)" time="0.016" />
  <testcase classname="ptolemy.util.test.junit.AutoTests" name="[445] /home/travis/build/icyphy/ptII/ptolemy/actor/lib/test/auto/function3.xml (RunModel)" time="0.005" />
  <testcase classname="ptolemy.util.test.junit.AutoTests" name="[446] /home/travis/build/icyphy/ptII/ptolemy/actor/lib/test/auto/functionClosureTest1.xml (RunModel)" time="0.007" />
  <testcase classname="ptolemy.util.test.junit.AutoTests" name="[447] /home/travis/build/icyphy/ptII/ptolemy/actor/lib/test/auto/functionClosureTest2.xml (RunModel)" time="0.005" />
  <testcase classname="ptolemy.util.test.junit.AutoTests" name="[448] /home/travis/build/icyphy/ptII/ptolemy/actor/lib/test/auto/functionClosureTest3.xml (RunModel)" time="0.01" />
  <testcase classname="ptolemy.util.test.junit.AutoTests" name="[449] /home/travis/build/icyphy/ptII/ptolemy/actor/lib/test/auto/functionClosureTest4.xml (RunModel)" time="0.015" />
  <testcase classname="ptolemy.util.test.junit.AutoTests" name="[450] /home/travis/build/icyphy/ptII/ptolemy/actor/lib/test/auto/functionClosureTest5.xml (RunModel)" time="0.009" />
  <testcase classname="ptolemy.util.test.junit.AutoTests" name="[451] /home/travis/build/icyphy/ptII/ptolemy/actor/lib/test/auto/functionClosureTest6.xml (RunModel)" time="0.006" />
  <testcase classname="ptolemy.util.test.junit.AutoTests" name="[452] /home/travis/build/icyphy/ptII/ptolemy/actor/lib/test/auto/functionsOnArcs.xml (RunModel)" time="0.009" />
  <testcase classname="ptolemy.util.test.junit.AutoTests" name="[453] /home/travis/build/icyphy/ptII/ptolemy/actor/lib/test/auto/functionsOnArcsHOF.xml (RunModel)" time="0.012" />
  <testcase classname="ptolemy.util.test.junit.AutoTests" name="[454] /home/travis/build/icyphy/ptII/ptolemy/actor/lib/test/auto/logic.xml (RunModel)" time="0.014" />
  <testcase classname="ptolemy.util.test.junit.AutoTests" name="[455] /home/travis/build/icyphy/ptII/ptolemy/actor/lib/test/auto/matrixType.xml (RunModel)" time="0.008" />
  <testcase classname="ptolemy.util.test.junit.AutoTests" name="[456] /home/travis/build/icyphy/ptII/ptolemy/actor/lib/test/auto/matrixType10.xml (RunModel)" time="0.008" />
  <testcase classname="ptolemy.util.test.junit.AutoTests" name="[457] /home/travis/build/icyphy/ptII/ptolemy/actor/lib/test/auto/matrixType11.xml (RunModel)" time="0.006" />
  <testcase classname="ptolemy.util.test.junit.AutoTests" name="[458] /home/travis/build/icyphy/ptII/ptolemy/actor/lib/test/auto/matrixType12.xml (RunModel)" time="0.009" />
  <testcase classname="ptolemy.util.test.junit.AutoTests" name="[459] /home/travis/build/icyphy/ptII/ptolemy/actor/lib/test/auto/matrixType13.xml (RunModel)" time="0.007" />
  <testcase classname="ptolemy.util.test.junit.AutoTests" name="[460] /home/travis/build/icyphy/ptII/ptolemy/actor/lib/test/auto/matrixType14.xml (RunModel)" time="0.008" />
  <testcase classname="ptolemy.util.test.junit.AutoTests" name="[461] /home/travis/build/icyphy/ptII/ptolemy/actor/lib/test/auto/matrixType2.xml (RunModel)" time="0.008" />
  <testcase classname="ptolemy.util.test.junit.AutoTests" name="[462] /home/travis/build/icyphy/ptII/ptolemy/actor/lib/test/auto/matrixType3.xml (RunModel)" time="0.009" />
  <testcase classname="ptolemy.util.test.junit.AutoTests" name="[463] /home/travis/build/icyphy/ptII/ptolemy/actor/lib/test/auto/matrixType4.xml (RunModel)" time="0.006" />
  <testcase classname="ptolemy.util.test.junit.AutoTests" name="[464] /home/travis/build/icyphy/ptII/ptolemy/actor/lib/test/auto/matrixType5.xml (RunModel)" time="0.006" />
  <testcase classname="ptolemy.util.test.junit.AutoTests" name="[465] /home/travis/build/icyphy/ptII/ptolemy/actor/lib/test/auto/matrixType6.xml (RunModel)" time="0.005" />
  <testcase classname="ptolemy.util.test.junit.AutoTests" name="[466] /home/travis/build/icyphy/ptII/ptolemy/actor/lib/test/auto/matrixType7.xml (RunModel)" time="0.006" />
  <testcase classname="ptolemy.util.test.junit.AutoTests" name="[467] /home/travis/build/icyphy/ptII/ptolemy/actor/lib/test/auto/matrixType8.xml (RunModel)" time="0.007" />
  <testcase classname="ptolemy.util.test.junit.AutoTests" name="[468] /home/travis/build/icyphy/ptII/ptolemy/actor/lib/test/auto/matrixType9.xml (RunModel)" time="0.006" />
  <testcase classname="ptolemy.util.test.junit.AutoTests" name="[469] /home/travis/build/icyphy/ptII/ptolemy/actor/lib/test/auto/paraFunctest.xml (RunModel)" time="0.006" />
  <testcase classname="ptolemy.util.test.junit.AutoTests" name="[470] /home/travis/build/icyphy/ptII/ptolemy/actor/lib/test/auto/paraFunctest2.xml (RunModel)" time="0.01" />
  <testcase classname="ptolemy.util.test.junit.AutoTests" name="[471] /home/travis/build/icyphy/ptII/ptolemy/actor/lib/test/auto/parameterPassing.xml (RunModel)" time="0.007" />
  <testcase classname="ptolemy.util.test.junit.AutoTests" name="[472] /home/travis/build/icyphy/ptII/ptolemy/actor/lib/test/auto/record.xml (RunModel)" time="0.007" />
  <testcase classname="ptolemy.util.test.junit.AutoTests" name="[473] /home/travis/build/icyphy/ptII/ptolemy/actor/lib/test/auto/sizedarray1.xml (RunModel)" time="0.007" />
  <testcase classname="ptolemy.util.test.junit.AutoTests" name="[474] /home/travis/build/icyphy/ptII/ptolemy/actor/lib/test/auto/sizedarray2.xml (RunModel)" time="0.007" />
  <testcase classname="ptolemy.util.test.junit.AutoTests" name="[475] /home/travis/build/icyphy/ptII/ptolemy/actor/lib/test/auto/twoPublishers.xml (RunModel)" time="0.021" />
  <system-out><![CDATA[/home/travis/build/icyphy/ptII/ptolemy/actor/lib/test/AbsoluteValue.tcl
testDefs.tcl: setting time out to 9000 seconds at Tue Jul 06 02:07:38 UTC 2021
108 ms. Memory: 129024K Free: 93128K (72%)
9 ms. Memory: 129024K Free: 91080K (71%)
5 ms. Memory: 129024K Free: 90559K (70%)
11 ms. Memory: 129024K Free: 89527K (69%)
/home/travis/build/icyphy/ptII/ptolemy/actor/lib/test/AddSubtract.tcl
19 ms. Memory: 129024K Free: 87494K (68%)
18 ms. Memory: 129024K Free: 86984K (67%)
5 ms. Memory: 129024K Free: 85960K (67%)
16 ms. Memory: 129024K Free: 85439K (66%)
85 ms. Memory: 129024K Free: 82374K (64%)
11 ms. Memory: 129024K Free: 81350K (63%)
/home/travis/build/icyphy/ptII/ptolemy/actor/lib/test/Average.tcl
13 ms. Memory: 129024K Free: 79816K (62%)
6 ms. Memory: 129024K Free: 78792K (61%)
/home/travis/build/icyphy/ptII/ptolemy/actor/lib/test/Bernoulli.tcl
4 ms. Memory: 129024K Free: 77239K (60%)
8 ms. Memory: 129024K Free: 76744K (59%)
/home/travis/build/icyphy/ptII/ptolemy/actor/lib/test/Clock.tcl
preinitializing
resolving types
initializing
executing number 1
wrapping up
idle
35 ms. Memory: 129024K Free: 74182K (57%)
Completed execution with 5 iterations
preinitializing
resolving types
initializing
executing number 1
wrapping up
idle
7 ms. Memory: 129024K Free: 73127K (57%)
Completed execution with 5 iterations
preinitializing
resolving types
initializing
executing number 1
wrapping up
idle
3 ms. Memory: 129024K Free: 72648K (56%)
Completed execution with 5 iterations
/home/travis/build/icyphy/ptII/ptolemy/actor/lib/test/Commutator.tcl
15 ms. Memory: 129024K Free: 70600K (55%)
6 ms. Memory: 129024K Free: 69576K (54%)
20 ms. Memory: 129024K Free: 63911K (50%)
/home/travis/build/icyphy/ptII/ptolemy/actor/lib/test/Const.tcl
10 ms. Memory: 129024K Free: 62408K (48%)
3 ms. Memory: 129024K Free: 61879K (48%)
5 ms. Memory: 129024K Free: 61384K (48%)
2 ms. Memory: 129024K Free: 60863K (47%)
5 ms. Memory: 129024K Free: 60360K (47%)
15 ms. Memory: 129024K Free: 58822K (46%)
6 ms. Memory: 129024K Free: 57288K (44%)
3 ms. Memory: 129024K Free: 56767K (44%)
/home/travis/build/icyphy/ptII/ptolemy/actor/lib/test/CurrentTime.tcl
preinitializing
resolving types
initializing
executing number 1
wrapping up
idle
7 ms. Memory: 129024K Free: 54711K (42%)
Completed execution with 11 iterations
/home/travis/build/icyphy/ptII/ptolemy/actor/lib/test/DB.tcl
3 ms. Memory: 129024K Free: 53192K (41%)
2 ms. Memory: 129024K Free: 52678K (41%)
2 ms. Memory: 129024K Free: 52168K (40%)
/home/travis/build/icyphy/ptII/ptolemy/actor/lib/test/DiscreteRandomSource.tcl
preinitializing
resolving types
initializing
executing number 1
wrapping up
idle
4 ms. Memory: 129024K Free: 50615K (39%)
Completed execution with 4 iterations
preinitializing
resolving types
initializing
executing number 1
wrapping up
idle
2 ms. Memory: 129024K Free: 50120K (39%)
Completed execution with 4 iterations
preinitializing
resolving types
initializing
executing number 1
wrapping up
idle
3 ms. Memory: 129024K Free: 49606K (38%)
Completed execution with 4 iterations
preinitializing
resolving types
initializing
executing number 1
wrapping up
idle
3 ms. Memory: 129024K Free: 49096K (38%)
Completed execution with 4 iterations
preinitializing
resolving types
initializing
executing number 1
wrapping up
idle
4 ms. Memory: 129024K Free: 48582K (38%)
Completed execution with 4 iterations
/home/travis/build/icyphy/ptII/ptolemy/actor/lib/test/Distributor.tcl
31 ms. Memory: 129024K Free: 113449K (88%)
6 ms. Memory: 129024K Free: 112448K (87%)
StreamChangeRequest.changeExecuted(): <deleteEntity name="rec2"/> succeeded
StreamChangeRequest.changeExecuted(): <deleteRelation name="r2"/> succeeded
StreamChangeRequest.changeExecuted(): Record firings per iteration succeeded
10 ms. Memory: 129024K Free: 110422K (86%)
/home/travis/build/icyphy/ptII/ptolemy/actor/lib/test/Exit.tcl
Exit.tcl: this will print a message about Manager.exitAfterWrapup, which can be ignored.
15 ms. Memory: 129024K Free: 107412K (83%)
/home/travis/build/icyphy/ptII/ptolemy/actor/lib/test/Expression.tcl
22 ms. Memory: 129024K Free: 103732K (80%)
8 ms. Memory: 129024K Free: 103209K (80%)
20 ms. Memory: 129024K Free: 112992K (88%)
preinitializing
resolving types
initializing
executing number 1
wrapping up
idle
5 ms. Memory: 129024K Free: 111905K (87%)
Completed execution with 6 iterations
3 ms. Memory: 129024K Free: 110918K (86%)
4 ms. Memory: 129024K Free: 109904K (85%)
8 ms. Memory: 129024K Free: 108910K (84%)
2 ms. Memory: 129024K Free: 107832K (84%)
7 ms. Memory: 129024K Free: 106289K (82%)
/home/travis/build/icyphy/ptII/ptolemy/actor/lib/test/Gaussian.tcl
7 ms. Memory: 129024K Free: 104761K (81%)
sleeping 1 seconds: ................................................................................................................................................................................................................................................................................................................................................................................................................................................................................................................................................................................................................................................................................................................................................................................................................................................................................................................................................................................................................................................................................................................................................................................................................................................................................................................................................................................................................................................................................................................................................................................................................................................................................................................................................................................................................................................................................................................................................................................................................................................................................................................................................................................................................................................................................................................................................................................................................................................................................................................................................................................................................................................................................................................................................................................................................................................................................................................................................................................................................................................................................................................................................................................................................................................................................................................................................................................................................................................................................................................................................................................................................................................................................................................................................................................................................................................................................................................................................................................................................................................................................................................................................................................................................................................................................................................................................................................................................................................................................................................................................................................................................................................................................................................................................................................................................................................................................................................................................................................................................................................................................................................................................................................................................................................................................................................................................................................................................................................................................................................................................................................................................................................................................................................................................................................................................................................................................................................................................................................................................................................................................................................................................................................................................................................................................................................................................................................................................................................................................................................................................................................................................................................................................................................................................................................................................................................................................................................................................................................................................................................................................................................................................................................................................................................................................................................................................................................................................................................................................................................................................................................................................................................................................................................................................................................................................................................................................................................................................................................................................................................................................................................................................................................................................................................................................................................................................................................................................................................................................................................................................................................................................................................................................................................................................................................................................................................................................................................................................................................................................................................................................................................................................................................................................................................................................................................................................................................................................................................................................................................................................................................................................................................................................................................................................................................................................................................................................................................................................................................................................................................................................................................................................................................................................................................................................................................................................................................................................................................................................................................................................................3 ms. Memory: 129024K Free: 87011K (67%)
3 ms. Memory: 129024K Free: 86501K (67%)
2 ms. Memory: 129024K Free: 85957K (67%)
2 ms. Memory: 129024K Free: 84963K (66%)
7 ms. Memory: 129024K Free: 84453K (65%)
/home/travis/build/icyphy/ptII/ptolemy/actor/lib/test/IIR.tcl
/home/travis/build/icyphy/ptII/ptolemy/actor/lib/test/Interpolator.tcl
4 ms. Memory: 129024K Free: 80861K (63%)
2 ms. Memory: 129024K Free: 80357K (62%)
2 ms. Memory: 129024K Free: 79843K (62%)
3 ms. Memory: 129024K Free: 78819K (61%)
1 ms. Memory: 129024K Free: 78309K (61%)
2 ms. Memory: 129024K Free: 77285K (60%)
2 ms. Memory: 129024K Free: 76261K (59%)
6 ms. Memory: 129024K Free: 113435K (88%)
2 ms. Memory: 129024K Free: 112411K (87%)
2 ms. Memory: 129024K Free: 111369K (86%)
/home/travis/build/icyphy/ptII/ptolemy/actor/lib/test/MathFunction.tcl
3 ms. Memory: 129024K Free: 109353K (85%)
8 ms. Memory: 129024K Free: 108315K (84%)
3 ms. Memory: 129024K Free: 107299K (83%)
3 ms. Memory: 129024K Free: 106267K (82%)
5 ms. Memory: 129024K Free: 105257K (82%)
6 ms. Memory: 129024K Free: 103209K (80%)
/home/travis/build/icyphy/ptII/ptolemy/actor/lib/test/Maximum.tcl
4 ms. Memory: 129024K Free: 101131K (78%)
4 ms. Memory: 129024K Free: 100651K (78%)
5 ms. Memory: 129024K Free: 100107K (78%)
4 ms. Memory: 129024K Free: 99113K (77%)
/home/travis/build/icyphy/ptII/ptolemy/actor/lib/test/Minimum.tcl
5 ms. Memory: 129024K Free: 97579K (76%)
3 ms. Memory: 129024K Free: 97051K (75%)
2 ms. Memory: 129024K Free: 96555K (75%)
3 ms. Memory: 129024K Free: 95531K (74%)
/home/travis/build/icyphy/ptII/ptolemy/actor/lib/test/MultiplyDivide.tcl
7 ms. Memory: 129024K Free: 93483K (72%)
7 ms. Memory: 129024K Free: 92939K (72%)
2 ms. Memory: 129024K Free: 92443K (72%)
2 ms. Memory: 129024K Free: 91435K (71%)
5 ms. Memory: 129024K Free: 90891K (70%)
/home/travis/build/icyphy/ptII/ptolemy/actor/lib/test/OrderedMerge.tcl
Connections changed on port: inputA
Connections changed on port: inputB
Connections changed on port: output
Connections changed on port: output
Connections changed on port: output
Connections changed on port: input
.top. Preinitializing ...
Invoking preinitialize():  .top.OrderedMerge
Called preinitialize()
Invoking preinitialize():  .top.Ramp
Called preinitialize()
Invoking preinitialize():  .top.Ramp2
Called preinitialize()
Invoking preinitialize():  .top.Test
Called preinitialize()
Connections changed on port: inputA
Connections changed on port: output
Connections changed on port: output
Connections changed on port: input
Connections changed on port: inputB
Connections changed on port: output
.top. Finished preinitialize().
Called initialize().
Invoking initialize():  .top.OrderedMerge
Initializing actor: .top.OrderedMerge
Adding a thread: .top.OrderedMerge
Invoking initialize():  .top.Ramp
Initializing actor: .top.Ramp
Adding a thread: .top.Ramp
Invoking initialize():  .top.Ramp2
Initializing actor: .top.Ramp2
Adding a thread: .top.Ramp2
Invoking initialize():  .top.Test
Initializing actor: .top.Test
Adding a thread: .top.Test
Called fire().
Checking for deadlock:
-- Starting thread.
Called initialize()
Called prefire()
Called fire()
-- Starting thread.
Called initialize()
Called prefire()
Called fire()
-- Starting thread.
Called initialize()
Called prefire()
Called fire()
-- Starting thread.
Called initialize()
Called prefire()
Called fire()
There are 0 Blocked actors, 0 Stopped actors, and 4 active threads.
Waiting for actors to stop.
Called postfire()
Called prefire()
Called fire()
Called postfire()
Called prefire()
Called fire()
Read input token from inputA with value 0.0
Next port to read input from is inputB
Called postfire()
Called prefire()
Called fire()
Read input token from inputB with value 0.0
Sent output token with value 0.0
Next port to read input from is inputA
Called postfire()
Called prefire()
Called fire()
Checking for deadlock:
There are 1 Blocked actors, 0 Stopped actors, and 4 active threads.
Waiting for actors to stop.
Called postfire()
Called prefire()
Called fire()
Called postfire()
Called prefire()
Called fire()
-- Read input: 0.0, which is expected to match: 0.0
Called prefire()
Called fire()
Checking for deadlock:
There are 3 Blocked actors, 0 Stopped actors, and 4 active threads.
Waiting for actors to stop.
Called postfire()
Called prefire()
Called fire()
Read input token from inputA with value 1.0
Sent output token with value 0.0
Next port to read input from is inputB
Called postfire()
Called prefire()
Called fire()
Read input token from inputB with value 1.5
Checking for deadlock:
There are 2 Blocked actors, 0 Stopped actors, and 4 active threads.
Waiting for actors to stop.
Called postfire()
Called prefire()
Called fire()
-- Read input: 0.0, which is expected to match: 0.0
Called prefire()
Called fire()
Checking for deadlock:
There are 3 Blocked actors, 0 Stopped actors, and 4 active threads.
Waiting for actors to stop.
-- Read input: 1.0, which is expected to match: 1.0
Called prefire()
Called fire()
Sent output token with value 1.0
Next port to read input from is inputA
Called postfire()
Called prefire()
Called fire()
Read input token from inputA with value 2.0
Sent output token with value 1.5
Next port to read input from is inputB
Called postfire()
Called prefire()
Called fire()
Read input token from inputB with value 3.0
Checking for deadlock:
There are 1 Blocked actors, 0 Stopped actors, and 4 active threads.
Waiting for actors to stop.
Called postfire()
Called prefire()
Called fire()
Called postfire()
Called prefire()
Called fire()
-- Read input: 1.5, which is expected to match: 1.5
Called prefire()
Called fire()
Checking for deadlock:
There are 3 Blocked actors, 0 Stopped actors, and 4 active threads.
Waiting for actors to stop.
-- Read input: 2.0, which is expected to match: 2.0
Called prefire()
Called fire()
Sent output token with value 2.0
Next port to read input from is inputA
Called postfire()
Called prefire()
Called fire()
Checking for deadlock:
There are 2 Blocked actors, 0 Stopped actors, and 4 active threads.
Waiting for actors to stop.
Called postfire()
Called prefire()
Called fire()
Read input token from inputA with value 3.0
Sent output token with value 3.0
Next port to read input from is inputB
Called postfire()
Called prefire()
Called fire()
Read input token from inputB with value 4.5
Checking for deadlock:
There are 2 Blocked actors, 0 Stopped actors, and 4 active threads.
Waiting for actors to stop.
-- Read input: 3.0, which is expected to match: 3.0
Called prefire()
Called fire()
Called postfire()
Called prefire()
Called fire()
Checking for deadlock:
There are 3 Blocked actors, 0 Stopped actors, and 4 active threads.
Waiting for actors to stop.
Checking for deadlock:
There are 2 Blocked actors, 0 Stopped actors, and 4 active threads.
Waiting for actors to stop.
-- Read input: 3.0, which is expected to match: 3.0
Called prefire()
Called fire()
Checking for deadlock:
There are 3 Blocked actors, 0 Stopped actors, and 4 active threads.
Waiting for actors to stop.
Sent output token with value 3.0
Next port to read input from is inputA
Called postfire()
Called prefire()
Called fire()
Checking for deadlock:
There are 2 Blocked actors, 0 Stopped actors, and 4 active threads.
Waiting for actors to stop.
Called postfire()
Called prefire()
Called fire()
Checking for deadlock:
There are 3 Blocked actors, 0 Stopped actors, and 4 active threads.
Waiting for actors to stop.
Read input token from inputA with value 4.0
Checking for deadlock:
There are 2 Blocked actors, 0 Stopped actors, and 4 active threads.
Waiting for actors to stop.
-- Read input: 4.0, which is expected to match: 4.0
Called prefire()
Called fire()
Past the end of training data. Read and discard all inputs.
Checking for deadlock:
There are 3 Blocked actors, 0 Stopped actors, and 4 active threads.
Waiting for actors to stop.
Sent output token with value 4.0
Next port to read input from is inputA
Called postfire()
Called prefire()
Called fire()
Checking for deadlock:
There are 2 Blocked actors, 0 Stopped actors, and 4 active threads.
Waiting for actors to stop.
Called postfire()
Called prefire()
Called fire()
Checking for deadlock:
There are 3 Blocked actors, 0 Stopped actors, and 4 active threads.
Waiting for actors to stop.
Read input token from inputA with value 5.0
Checking for deadlock:
There are 2 Blocked actors, 0 Stopped actors, and 4 active threads.
Waiting for actors to stop.
Called prefire()
Called fire()
Past the end of training data. Read and discard all inputs.
Checking for deadlock:
There are 3 Blocked actors, 0 Stopped actors, and 4 active threads.
Waiting for actors to stop.
Sent output token with value 4.5
Next port to read input from is inputB
Called postfire()
Called prefire()
Called fire()
Called postfire()
Called prefire()
Called fire()
Checking for deadlock:
Read input token from inputB with value 6.0
There are 3 Blocked actors, 0 Stopped actors, and 4 active threads.
Waiting for actors to stop.
Called prefire()
Called fire()
Past the end of training data. Read and discard all inputs.
Checking for deadlock:
There are 3 Blocked actors, 0 Stopped actors, and 4 active threads.
Waiting for actors to stop.
Sent output token with value 5.0
Next port to read input from is inputA
Called postfire()
Called prefire()
Called fire()
Checking for deadlock:
There are 2 Blocked actors, 0 Stopped actors, and 4 active threads.
Waiting for actors to stop.
Called postfire()
Called prefire()
Called fire()
Checking for deadlock:
There are 3 Blocked actors, 0 Stopped actors, and 4 active threads.
Waiting for actors to stop.
Read input token from inputA with value 6.0
Checking for deadlock:
There are 2 Blocked actors, 0 Stopped actors, and 4 active threads.
Waiting for actors to stop.
Called prefire()
Called fire()
Past the end of training data. Read and discard all inputs.
Checking for deadlock:
There are 3 Blocked actors, 0 Stopped actors, and 4 active threads.
Waiting for actors to stop.
Sent output token with value 6.0
Next port to read input from is inputB
Called postfire()
Called prefire()
Called fire()
Called postfire()
Called prefire()
Called fire()
Checking for deadlock:
There are 3 Blocked actors, 0 Stopped actors, and 4 active threads.
Waiting for actors to stop.
Read input token from inputB with value 7.5
Called prefire()
Called fire()
Past the end of training data. Read and discard all inputs.
Checking for deadlock:
There are 3 Blocked actors, 0 Stopped actors, and 4 active threads.
Waiting for actors to stop.
Sent output token with value 6.0
Next port to read input from is inputA
Called postfire()
Called prefire()
Called fire()
Checking for deadlock:
There are 2 Blocked actors, 0 Stopped actors, and 4 active threads.
Waiting for actors to stop.
Called postfire()
Called prefire()
Called fire()
Checking for deadlock:
There are 3 Blocked actors, 0 Stopped actors, and 4 active threads.
Waiting for actors to stop.
Read input token from inputA with value 7.0
Checking for deadlock:
There are 2 Blocked actors, 0 Stopped actors, and 4 active threads.
Waiting for actors to stop.
Called prefire()
Called fire()
Past the end of training data. Read and discard all inputs.
Checking for deadlock:
There are 3 Blocked actors, 0 Stopped actors, and 4 active threads.
Waiting for actors to stop.
Sent output token with value 7.0
Next port to read input from is inputA
Called postfire()
Called prefire()
Called fire()
Checking for deadlock:
There are 2 Blocked actors, 0 Stopped actors, and 4 active threads.
Waiting for actors to stop.
-- Thread wrapup() called.
Called wrapup()
Thread .top.Ramp is exiting.
-- Thread stopped.
Checking for deadlock:
There are 2 Blocked actors, 0 Stopped actors, and 3 active threads.
Waiting for actors to stop.
Read input token from inputA with value 8.0
Called prefire()
Called fire()
Past the end of training data. Read and discard all inputs.
Checking for deadlock:
There are 2 Blocked actors, 0 Stopped actors, and 3 active threads.
Waiting for actors to stop.
Sent output token with value 7.5
Next port to read input from is inputB
Called postfire()
Called prefire()
Called fire()
Checking for deadlock:
There are 1 Blocked actors, 0 Stopped actors, and 3 active threads.
Waiting for actors to stop.
Called postfire()
Called prefire()
Called fire()
Checking for deadlock:
There are 2 Blocked actors, 0 Stopped actors, and 3 active threads.
Waiting for actors to stop.
Read input token from inputB with value 9.0
Checking for deadlock:
There are 1 Blocked actors, 0 Stopped actors, and 3 active threads.
Waiting for actors to stop.
Called prefire()
Called fire()
Past the end of training data. Read and discard all inputs.
Checking for deadlock:
There are 2 Blocked actors, 0 Stopped actors, and 3 active threads.
Waiting for actors to stop.
Sent output token with value 8.0
Next port to read input from is inputA
Called postfire()
Called prefire()
Called fire()
Read input token from inputA with value 9.0
Called prefire()
Called fire()
Past the end of training data. Read and discard all inputs.
Checking for deadlock:
There are 2 Blocked actors, 0 Stopped actors, and 3 active threads.
Waiting for actors to stop.
Sent output token with value 9.0
Next port to read input from is inputB
Called postfire()
Called prefire()
Called fire()
Called postfire()
Called prefire()
Called fire()
Checking for deadlock:
There are 2 Blocked actors, 0 Stopped actors, and 3 active threads.
Waiting for actors to stop.
Read input token from inputB with value 10.5
Called prefire()
Called fire()
Past the end of training data. Read and discard all inputs.
Checking for deadlock:
There are 2 Blocked actors, 0 Stopped actors, and 3 active threads.
Waiting for actors to stop.
Sent output token with value 9.0
Next port to read input from is inputA
Called postfire()
Called prefire()
Called fire()
Checking for deadlock:
There are 3 Blocked actors, 0 Stopped actors, and 3 active threads.
Actors have stopped.
Checking for deadlock:
There are 3 Blocked actors, 0 Stopped actors, and 3 active threads.
Deadlock detected.
Resolving Deadlock
Checking for deadlock:
There are 3 Blocked actors, 0 Stopped actors, and 3 active threads.
Artificial Deadlock - increasing queue capacity.
increasing the capacity of receiver ptolemy.actor.TypedIOPort {.top.OrderedMerge.inputB} to 2
Director: Called postfire().
Called postfire().
_stopRequested = false
_stopFireRequested = false
Returning from postfire(): true
Called fire().
Checking for deadlock:
There are 2 Blocked actors, 0 Stopped actors, and 3 active threads.
Waiting for actors to stop.
-- Thread wrapup() called.
Called wrapup()
Thread .top.Ramp2 is exiting.
-- Thread stopped.
Checking for deadlock:
There are 2 Blocked actors, 0 Stopped actors, and 2 active threads.
Actors have stopped.
Checking for deadlock:
There are 2 Blocked actors, 0 Stopped actors, and 2 active threads.
Deadlock detected.
Resolving Deadlock
Checking for deadlock:
There are 2 Blocked actors, 0 Stopped actors, and 2 active threads.
Deadlock detected: no processes blocked on write, but some are blocked on read.
Called postfire().
_stopRequested = false
_stopFireRequested = false
Returning from postfire(): false
Finished deactivating branches.
Called wrapup().
-- Thread wrapup() called.
Called wrapup()
Thread .top.Test is exiting.
-- Thread stopped.
-- Blocked Receiver call threw TerminateProcessException.
-- Thread wrapup() called.
Called wrapup()
Thread .top.OrderedMerge is exiting.
-- Thread stopped.
-- Blocked Receiver call threw TerminateProcessException.
68 ms. Memory: 129024K Free: 85801K (67%)
.top. Preinitializing ...
Invoking preinitialize():  .top.OrderedMerge
Called preinitialize()
Invoking preinitialize():  .top.Ramp
Called preinitialize()
Invoking preinitialize():  .top.Ramp2
Called preinitialize()
Invoking preinitialize():  .top.Test
Called preinitialize()
.top. Finished preinitialize().
Called initialize().
Invoking initialize():  .top.OrderedMerge
Initializing actor: .top.OrderedMerge
Adding a thread: .top.OrderedMerge
Invoking initialize():  .top.Ramp
Initializing actor: .top.Ramp
Adding a thread: .top.Ramp
Invoking initialize():  .top.Ramp2
Initializing actor: .top.Ramp2
Adding a thread: .top.Ramp2
Invoking initialize():  .top.Test
Initializing actor: .top.Test
Adding a thread: .top.Test
-- Starting thread.
Called initialize()
Called prefire()
Called fire()
-- Starting thread.
Called initialize()
Called prefire()
Called fire()
Called postfire()
Called prefire()
Called fire()
-- Starting thread.
Called initialize()
Called prefire()
Called fire()
Called postfire()
Called prefire()
Called fire()
Called fire().
Checking for deadlock:
There are 3 Blocked actors, 0 Stopped actors, and 4 active threads.
Waiting for actors to stop.
-- Starting thread.
Called initialize()
Called prefire()
Called fire()
Checking for deadlock:
There are 2 Blocked actors, 0 Stopped actors, and 4 active threads.
Waiting for actors to stop.
Called postfire()
Called prefire()
Called fire()
Checking for deadlock:
There are 3 Blocked actors, 0 Stopped actors, and 4 active threads.
Waiting for actors to stop.
Read input token from inputA with value 0.0
Next port to read input from is inputB
Called postfire()
Called prefire()
Called fire()
Called postfire()
Called prefire()
Called fire()
Checking for deadlock:
There are 3 Blocked actors, 0 Stopped actors, and 4 active threads.
Waiting for actors to stop.
Read input token from inputB with value 0.0
Checking for deadlock:
There are 2 Blocked actors, 0 Stopped actors, and 4 active threads.
Waiting for actors to stop.
-- Read input: 0.0, which is expected to match: 0.0
Called prefire()
Called fire()
Checking for deadlock:
There are 3 Blocked actors, 0 Stopped actors, and 4 active threads.
Waiting for actors to stop.
Sent output token with value 0.0
Next port to read input from is inputA
Called postfire()
Called prefire()
Called fire()
Checking for deadlock:
There are 2 Blocked actors, 0 Stopped actors, and 4 active threads.
Waiting for actors to stop.
Called postfire()
Called prefire()
Called fire()
Checking for deadlock:
There are 3 Blocked actors, 0 Stopped actors, and 4 active threads.
Waiting for actors to stop.
Read input token from inputA with value 1.0
Checking for deadlock:
There are 2 Blocked actors, 0 Stopped actors, and 4 active threads.
Waiting for actors to stop.
-- Read input: 0.0, which is expected to match: 0.0
Called prefire()
Called fire()
Checking for deadlock:
There are 3 Blocked actors, 0 Stopped actors, and 4 active threads.
Waiting for actors to stop.
Sent output token with value 0.0
Next port to read input from is inputB
Called postfire()
Called prefire()
Called fire()
Called postfire()
Called prefire()
Called fire()
Checking for deadlock:
There are 3 Blocked actors, 0 Stopped actors, and 4 active threads.
Waiting for actors to stop.
Read input token from inputB with value 1.5
-- Read input: 1.0, which is expected to match: 1.0
Called prefire()
Called fire()
Checking for deadlock:
There are 3 Blocked actors, 0 Stopped actors, and 4 active threads.
Waiting for actors to stop.
Sent output token with value 1.0
Next port to read input from is inputA
Called postfire()
Called prefire()
Called fire()
Checking for deadlock:
There are 2 Blocked actors, 0 Stopped actors, and 4 active threads.
Waiting for actors to stop.
Called postfire()
Called prefire()
Called fire()
Checking for deadlock:
There are 3 Blocked actors, 0 Stopped actors, and 4 active threads.
Waiting for actors to stop.
Read input token from inputA with value 2.0
Checking for deadlock:
There are 2 Blocked actors, 0 Stopped actors, and 4 active threads.
Waiting for actors to stop.
-- Read input: 1.5, which is expected to match: 1.5
Called prefire()
Called fire()
Checking for deadlock:
There are 3 Blocked actors, 0 Stopped actors, and 4 active threads.
Waiting for actors to stop.
Sent output token with value 1.5
Next port to read input from is inputB
Called postfire()
Called prefire()
Called fire()
Checking for deadlock:
There are 2 Blocked actors, 0 Stopped actors, and 4 active threads.
Waiting for actors to stop.
Called postfire()
Called prefire()
Called fire()
Checking for deadlock:
There are 3 Blocked actors, 0 Stopped actors, and 4 active threads.
Waiting for actors to stop.
Read input token from inputB with value 3.0
Checking for deadlock:
There are 2 Blocked actors, 0 Stopped actors, and 4 active threads.
Waiting for actors to stop.
-- Read input: 2.0, which is expected to match: 2.0
Called prefire()
Called fire()
Checking for deadlock:
There are 3 Blocked actors, 0 Stopped actors, and 4 active threads.
Waiting for actors to stop.
Sent output token with value 2.0
Next port to read input from is inputA
Called postfire()
Called prefire()
Called fire()
Checking for deadlock:
There are 2 Blocked actors, 0 Stopped actors, and 4 active threads.
Waiting for actors to stop.
Called postfire()
Called prefire()
Called fire()
Checking for deadlock:
There are 3 Blocked actors, 0 Stopped actors, and 4 active threads.
Waiting for actors to stop.
Read input token from inputA with value 3.0
Checking for deadlock:
There are 2 Blocked actors, 0 Stopped actors, and 4 active threads.
Waiting for actors to stop.
-- Read input: 3.0, which is expected to match: 3.0
Called prefire()
Called fire()
Checking for deadlock:
There are 3 Blocked actors, 0 Stopped actors, and 4 active threads.
Waiting for actors to stop.
Sent output token with value 3.0
Next port to read input from is inputB
Called postfire()
Called prefire()
Called fire()
Called postfire()
Called prefire()
Called fire()
Checking for deadlock:
There are 3 Blocked actors, 0 Stopped actors, and 4 active threads.
Waiting for actors to stop.
Read input token from inputB with value 4.5
-- Read input: 3.0, which is expected to match: 3.0
Called prefire()
Called fire()
Checking for deadlock:
There are 3 Blocked actors, 0 Stopped actors, and 4 active threads.
Waiting for actors to stop.
Sent output token with value 3.0
Next port to read input from is inputA
Called postfire()
Called prefire()
Called fire()
Checking for deadlock:
There are 2 Blocked actors, 0 Stopped actors, and 4 active threads.
Waiting for actors to stop.
Called postfire()
Called prefire()
Called fire()
Checking for deadlock:
There are 3 Blocked actors, 0 Stopped actors, and 4 active threads.
Waiting for actors to stop.
Read input token from inputA with value 4.0
Checking for deadlock:
There are 2 Blocked actors, 0 Stopped actors, and 4 active threads.
Waiting for actors to stop.
-- Read input: 4.0, which is expected to match: 4.0
Called prefire()
Called fire()
Past the end of training data. Read and discard all inputs.
Checking for deadlock:
There are 3 Blocked actors, 0 Stopped actors, and 4 active threads.
Waiting for actors to stop.
Sent output token with value 4.0
Next port to read input from is inputA
Called postfire()
Called prefire()
Called fire()
Checking for deadlock:
There are 2 Blocked actors, 0 Stopped actors, and 4 active threads.
Waiting for actors to stop.
Called postfire()
Called prefire()
Called fire()
Checking for deadlock:
There are 3 Blocked actors, 0 Stopped actors, and 4 active threads.
Waiting for actors to stop.
Read input token from inputA with value 5.0
Checking for deadlock:
There are 2 Blocked actors, 0 Stopped actors, and 4 active threads.
Waiting for actors to stop.
Called prefire()
Called fire()
Past the end of training data. Read and discard all inputs.
Checking for deadlock:
There are 3 Blocked actors, 0 Stopped actors, and 4 active threads.
Waiting for actors to stop.
Sent output token with value 4.5
Next port to read input from is inputB
Called postfire()
Called prefire()
Called fire()
Called postfire()
Called prefire()
Called fire()
Checking for deadlock:
There are 3 Blocked actors, 0 Stopped actors, and 4 active threads.
Waiting for actors to stop.
Read input token from inputB with value 6.0
Called prefire()
Called fire()
Past the end of training data. Read and discard all inputs.
Checking for deadlock:
There are 3 Blocked actors, 0 Stopped actors, and 4 active threads.
Waiting for actors to stop.
Sent output token with value 5.0
Next port to read input from is inputA
Called postfire()
Called prefire()
Called fire()
Checking for deadlock:
There are 2 Blocked actors, 0 Stopped actors, and 4 active threads.
Waiting for actors to stop.
Called postfire()
Called prefire()
Called fire()
Checking for deadlock:
There are 3 Blocked actors, 0 Stopped actors, and 4 active threads.
Waiting for actors to stop.
Read input token from inputA with value 6.0
Checking for deadlock:
There are 2 Blocked actors, 0 Stopped actors, and 4 active threads.
Waiting for actors to stop.
Called prefire()
Called fire()
Past the end of training data. Read and discard all inputs.
Checking for deadlock:
There are 3 Blocked actors, 0 Stopped actors, and 4 active threads.
Waiting for actors to stop.
Sent output token with value 6.0
Next port to read input from is inputB
Called postfire()
Called prefire()
Called fire()
Checking for deadlock:
There are 2 Blocked actors, 0 Stopped actors, and 4 active threads.
Waiting for actors to stop.
Called postfire()
Called prefire()
Called fire()
Checking for deadlock:
There are 3 Blocked actors, 0 Stopped actors, and 4 active threads.
Waiting for actors to stop.
Read input token from inputB with value 7.5
Checking for deadlock:
There are 2 Blocked actors, 0 Stopped actors, and 4 active threads.
Waiting for actors to stop.
Called prefire()
Called fire()
Past the end of training data. Read and discard all inputs.
Checking for deadlock:
There are 3 Blocked actors, 0 Stopped actors, and 4 active threads.
Waiting for actors to stop.
Sent output token with value 6.0
Next port to read input from is inputA
Called postfire()
Called prefire()
Called fire()
Called postfire()
Called prefire()
Called fire()
Checking for deadlock:
There are 3 Blocked actors, 0 Stopped actors, and 4 active threads.
Waiting for actors to stop.
Read input token from inputA with value 7.0
Called prefire()
Called fire()
Past the end of training data. Read and discard all inputs.
Checking for deadlock:
There are 3 Blocked actors, 0 Stopped actors, and 4 active threads.
Waiting for actors to stop.
Sent output token with value 7.0
Next port to read input from is inputA
Called postfire()
Called prefire()
Called fire()
-- Thread wrapup() called.
Called wrapup()
Thread .top.Ramp is exiting.
-- Thread stopped.
Checking for deadlock:
There are 2 Blocked actors, 0 Stopped actors, and 3 active threads.
Waiting for actors to stop.
Read input token from inputA with value 8.0
Checking for deadlock:
There are 1 Blocked actors, 0 Stopped actors, and 3 active threads.
Waiting for actors to stop.
Called prefire()
Called fire()
Past the end of training data. Read and discard all inputs.
Checking for deadlock:
There are 2 Blocked actors, 0 Stopped actors, and 3 active threads.
Waiting for actors to stop.
Sent output token with value 7.5
Next port to read input from is inputB
Called postfire()
Called prefire()
Called fire()
Checking for deadlock:
There are 1 Blocked actors, 0 Stopped actors, and 3 active threads.
Waiting for actors to stop.
Called postfire()
Called prefire()
Called fire()
Checking for deadlock:
There are 2 Blocked actors, 0 Stopped actors, and 3 active threads.
Waiting for actors to stop.
Read input token from inputB with value 9.0
Checking for deadlock:
There are 1 Blocked actors, 0 Stopped actors, and 3 active threads.
Waiting for actors to stop.
Called prefire()
Called fire()
Past the end of training data. Read and discard all inputs.
Checking for deadlock:
There are 2 Blocked actors, 0 Stopped actors, and 3 active threads.
Waiting for actors to stop.
Sent output token with value 8.0
Next port to read input from is inputA
Called postfire()
Called prefire()
Called fire()
Read input token from inputA with value 9.0
Called prefire()
Called fire()
Past the end of training data. Read and discard all inputs.
Checking for deadlock:
There are 2 Blocked actors, 0 Stopped actors, and 3 active threads.
Waiting for actors to stop.
Sent output token with value 9.0
Next port to read input from is inputB
Called postfire()
Called prefire()
Called fire()
Called postfire()
Called prefire()
Called fire()
Checking for deadlock:
There are 2 Blocked actors, 0 Stopped actors, and 3 active threads.
Waiting for actors to stop.
Read input token from inputB with value 10.5
Called prefire()
Called fire()
Past the end of training data. Read and discard all inputs.
Checking for deadlock:
There are 2 Blocked actors, 0 Stopped actors, and 3 active threads.
Waiting for actors to stop.
Sent output token with value 9.0
Next port to read input from is inputA
Called postfire()
Called prefire()
Called fire()
Checking for deadlock:
There are 3 Blocked actors, 0 Stopped actors, and 3 active threads.
Actors have stopped.
Checking for deadlock:
There are 3 Blocked actors, 0 Stopped actors, and 3 active threads.
Deadlock detected.
Resolving Deadlock
Checking for deadlock:
There are 3 Blocked actors, 0 Stopped actors, and 3 active threads.
Artificial Deadlock - increasing queue capacity.
increasing the capacity of receiver ptolemy.actor.TypedIOPort {.top.OrderedMerge.inputB} to 2
Director: Called postfire().
Called postfire().
_stopRequested = false
_stopFireRequested = false
Returning from postfire(): true
Called fire().
Checking for deadlock:
There are 2 Blocked actors, 0 Stopped actors, and 3 active threads.
Waiting for actors to stop.
-- Thread wrapup() called.
Called wrapup()
Thread .top.Ramp2 is exiting.
-- Thread stopped.
Checking for deadlock:
There are 2 Blocked actors, 0 Stopped actors, and 2 active threads.
Actors have stopped.
Checking for deadlock:
There are 2 Blocked actors, 0 Stopped actors, and 2 active threads.
Deadlock detected.
Resolving Deadlock
Checking for deadlock:
There are 2 Blocked actors, 0 Stopped actors, and 2 active threads.
Deadlock detected: no processes blocked on write, but some are blocked on read.
Called postfire().
_stopRequested = false
_stopFireRequested = false
Returning from postfire(): false
Finished deactivating branches.
Called wrapup().
-- Thread wrapup() called.
Called wrapup()
-- Thread wrapup() called.
Called wrapup()
Thread .top.Test is exiting.
-- Thread stopped.
-- Blocked Receiver call threw TerminateProcessException.
Thread .top.OrderedMerge is exiting.
54 ms. Memory: 129024K Free: 83261K (65%)
/home/travis/build/icyphy/ptII/ptolemy/actor/lib/test/Publisher.tcl
-- Thread stopped.
-- Blocked Receiver call threw TerminateProcessException.
15 ms. Memory: 129024K Free: 77099K (60%)
29 ms. Memory: 129024K Free: 107302K (83%)
3 ms. Memory: 129024K Free: 103726K (80%)
4 ms. Memory: 129024K Free: 102702K (80%)
3 ms. Memory: 129024K Free: 102174K (79%)
3 ms. Memory: 129024K Free: 101164K (78%)
2 ms. Memory: 129024K Free: 100654K (78%)
3 ms. Memory: 129024K Free: 99630K (77%)
18 ms. Memory: 129024K Free: 89390K (69%)
8 ms. Memory: 129024K Free: 85790K (66%)
3 ms. Memory: 129024K Free: 85294K (66%)
3 ms. Memory: 129024K Free: 82726K (64%)
14 ms. Memory: 129024K Free: 75054K (58%)
5 ms. Memory: 129024K Free: 65838K (51%)
15 ms. Memory: 158720K Free: 137855K (87%)
/home/travis/build/icyphy/ptII/ptolemy/actor/lib/test/Pulse.tcl
3 ms. Memory: 158720K Free: 100463K (63%)
8 ms. Memory: 158720K Free: 99967K (63%)
1 ms. Memory: 158720K Free: 99453K (63%)
1 ms. Memory: 158720K Free: 98943K (62%)
1 ms. Memory: 158720K Free: 98429K (62%)
7 ms. Memory: 158720K Free: 97405K (61%)
5 ms. Memory: 158720K Free: 96375K (61%)
3 ms. Memory: 158720K Free: 95351K (60%)
3 ms. Memory: 158720K Free: 94847K (60%)
/home/travis/build/icyphy/ptII/ptolemy/actor/lib/test/Ramp.tcl
5 ms. Memory: 158720K Free: 92799K (58%)
3 ms. Memory: 158720K Free: 92285K (58%)
2 ms. Memory: 158720K Free: 91261K (57%)
1 ms. Memory: 158720K Free: 90751K (57%)
4 ms. Memory: 158720K Free: 89727K (57%)
6 ms. Memory: 158720K Free: 88703K (56%)
4 ms. Memory: 158720K Free: 88183K (56%)
5 actors
4000 microseconds per iteration to create
9 ms. Memory: 158720K Free: 85103K (54%)
1 ms. Memory: 158720K Free: 84607K (53%)
3 ms. Memory: 158720K Free: 84087K (53%)
1 ms. Memory: 158720K Free: 83583K (53%)
50 actors
46000 microseconds per iteration to create
38 ms. Memory: 158720K Free: 134243K (85%)
4 ms. Memory: 158720K Free: 133219K (84%)
4 ms. Memory: 158720K Free: 132181K (83%)
4 ms. Memory: 158720K Free: 131157K (83%)
500 actors
1380000 microseconds per iteration to create
201 ms. Memory: 158720K Free: 112823K (71%)
29 ms. Memory: 158720K Free: 107703K (68%)
31 ms. Memory: 158720K Free: 102583K (65%)
30 ms. Memory: 158720K Free: 97463K (61%)
/home/travis/build/icyphy/ptII/ptolemy/actor/lib/test/RampContinuous.tcl
6 ms. Memory: 158720K Free: 95925K (60%)
/home/travis/build/icyphy/ptII/ptolemy/actor/lib/test/RecordAssembler.tcl
5 ms. Memory: 158720K Free: 94391K (59%)
2 ms. Memory: 158720K Free: 93367K (59%)
/home/travis/build/icyphy/ptII/ptolemy/actor/lib/test/RecordDisassembler.tcl
6 ms. Memory: 158720K Free: 91319K (58%)
2 ms. Memory: 158720K Free: 90790K (57%)
3 ms. Memory: 158720K Free: 89781K (57%)
/home/travis/build/icyphy/ptII/ptolemy/actor/lib/test/Scale.tcl
2 ms. Memory: 158720K Free: 87718K (55%)
1 ms. Memory: 158720K Free: 87223K (55%)
1 ms. Memory: 158720K Free: 86199K (54%)
2 ms. Memory: 158720K Free: 85175K (54%)
2 ms. Memory: 158720K Free: 84646K (53%)
/home/travis/build/icyphy/ptII/ptolemy/actor/lib/test/SequentialClock.tcl
preinitializing
resolving types
initializing
executing number 1
wrapping up
idle
2 ms. Memory: 158720K Free: 83127K (52%)
Completed execution with 5 iterations
preinitializing
resolving types
initializing
executing number 1
wrapping up
idle
2 ms. Memory: 158720K Free: 82582K (52%)
Completed execution with 5 iterations
preinitializing
resolving types
initializing
executing number 1
wrapping up
idle
1 ms. Memory: 158720K Free: 82103K (52%)
Completed execution with 5 iterations
/home/travis/build/icyphy/ptII/ptolemy/actor/lib/test/SetVariable.tcl
3 ms. Memory: 158720K Free: 80565K (51%)
/home/travis/build/icyphy/ptII/ptolemy/actor/lib/test/Sinewave.tcl
/home/travis/build/icyphy/ptII/ptolemy/actor/lib/test/SubscriptionAggregator.tcl
3 ms. Memory: 158720K Free: 68791K (43%)
2 ms. Memory: 158720K Free: 68277K (43%)
1 ms. Memory: 158720K Free: 67767K (43%)
0 ms. Memory: 158720K Free: 67253K (42%)
2 ms. Memory: 158720K Free: 63671K (40%)
12 ms. Memory: 158720K Free: 61623K (39%)
...............................................................941 ms. Memory: 272384K Free: 138730K (51%)
/home/travis/build/icyphy/ptII/ptolemy/actor/lib/test/Test.tcl
 The next command will produce a warning about training mode,
   which may be ignored.
4 ms. Memory: 272384K Free: 137196K (50%)
3 ms. Memory: 272384K Free: 136172K (50%)
1 ms. Memory: 272384K Free: 135652K (50%)
1 ms. Memory: 272384K Free: 135148K (50%)
2 ms. Memory: 272384K Free: 134124K (49%)
2 ms. Memory: 272384K Free: 133100K (49%)
2 ms. Memory: 272384K Free: 132076K (48%)
 The next command will produce a warning about training mode,
   which may be ignored.
8 ms. Memory: 272384K Free: 129514K (48%)
 The next command will produce a warning about training mode,
   which may be ignored.
2 ms. Memory: 272384K Free: 128460K (47%)
1 ms. Memory: 272384K Free: 127980K (47%)
1 ms. Memory: 272384K Free: 127452K (47%)
2 ms. Memory: 272384K Free: 126956K (47%)
6 ms. Memory: 272384K Free: 125932K (46%)
4 ms. Memory: 272384K Free: 121836K (45%)
/home/travis/build/icyphy/ptII/ptolemy/actor/lib/test/TestExceptionHandler.tcl
 The next command will produce a warning about training mode,
   which may be ignored.
2 ms. Memory: 272384K Free: 120812K (44%)
1 ms. Memory: 272384K Free: 120298K (44%)
1 ms. Memory: 272384K Free: 119788K (44%)
/home/travis/build/icyphy/ptII/ptolemy/actor/lib/test/UnionDisassembler.tcl
23 ms. Memory: 272384K Free: 112620K (41%)
/home/travis/build/icyphy/ptII/ptolemy/actor/lib/test/VariableClock.tcl
preinitializing
resolving types
initializing
executing number 1
wrapping up
idle
4 ms. Memory: 272384K Free: 110572K (41%)
Completed execution with 11 iterations
preinitializing
resolving types
initializing
executing number 1
wrapping up
idle
4 ms. Memory: 272384K Free: 109020K (40%)
Completed execution with 10 iterations
07/06/21 02:07:45
Failed: 0  Total Tests: 233  ((Passed: 233, Newly Passed: 0)  Known Failed: 0) /home/travis/build/icyphy/ptII/ptolemy/actor/lib/test
----------------- testing (KnownFailure) /home/travis/build/icyphy/ptII/ptolemy/actor/lib/test/auto/knownFailedTests/PublisherPortToplevelSubscriber.xml
1 ms. Memory: 272384K Free: 105962K (39%)
Known Failure: java.lang.reflect.InvocationTargetException
----------------- testing (KnownFailure) /home/travis/build/icyphy/ptII/ptolemy/actor/lib/test/auto/knownFailedTests/PublisherSubscriberPortToplevel.xml
8 ms. Memory: 272384K Free: 101356K (37%)
Known Failure: java.lang.reflect.InvocationTargetException
----------------- testing (KnownFailure) /home/travis/build/icyphy/ptII/ptolemy/actor/lib/test/auto/knownFailedTests/PublisherSubscriptionAggregatorPort.xml
1 ms. Memory: 272384K Free: 97260K (36%)
Known Failure: java.lang.reflect.InvocationTargetException
----------------- testing (KnownFailure) /home/travis/build/icyphy/ptII/ptolemy/actor/lib/test/auto/knownFailedTests/sizedarray3.xml
4 ms. Memory: 272384K Free: 92650K (34%)
Known Failure: java.lang.reflect.InvocationTargetException
No auto/linux-amd64/*.xml tests in /home/travis/build/icyphy/ptII/ptolemy/actor/lib/test
AutoTests.java: About to close Vertx.
AutoTests.java: Vertx closed.

===========================================================================================
----------------- testing Tue Jul 06 02:07:45 UTC 2021 /home/travis/build/icyphy/ptII/ptolemy/actor/lib/test/auto/AbsoluteValue.xml
----------------- Instantiating /home/travis/build/icyphy/ptII/ptolemy/actor/lib/test/auto/AbsoluteValue.xml
6 ms. Memory: 272384K Free: 207340K (76%)
----------------- Invoking toplevel() on ptolemy.moml.MoMLSimpleApplication@68fd5cf3
----------------- Done invoking toplevel() on ptolemy.moml.MoMLSimpleApplication@68fd5cf3
reloadAllAccessors: .AbsoluteValue

===========================================================================================
----------------- testing Tue Jul 06 02:07:46 UTC 2021 /home/travis/build/icyphy/ptII/ptolemy/actor/lib/test/auto/AbsoluteValue2.xml
----------------- Instantiating /home/travis/build/icyphy/ptII/ptolemy/actor/lib/test/auto/AbsoluteValue2.xml
7 ms. Memory: 272384K Free: 200682K (74%)
----------------- Invoking toplevel() on ptolemy.moml.MoMLSimpleApplication@6b576e5c
----------------- Done invoking toplevel() on ptolemy.moml.MoMLSimpleApplication@6b576e5c
reloadAllAccessors: .AbsoluteValue2

===========================================================================================
----------------- testing Tue Jul 06 02:07:46 UTC 2021 /home/travis/build/icyphy/ptII/ptolemy/actor/lib/test/auto/Accumulator.xml
----------------- Instantiating /home/travis/build/icyphy/ptII/ptolemy/actor/lib/test/auto/Accumulator.xml
4 ms. Memory: 272384K Free: 194028K (71%)
----------------- Invoking toplevel() on ptolemy.moml.MoMLSimpleApplication@6beb4854
----------------- Done invoking toplevel() on ptolemy.moml.MoMLSimpleApplication@6beb4854
reloadAllAccessors: .Accumulator

===========================================================================================
----------------- testing Tue Jul 06 02:07:46 UTC 2021 /home/travis/build/icyphy/ptII/ptolemy/actor/lib/test/auto/Accumulator2.xml
----------------- Instantiating /home/travis/build/icyphy/ptII/ptolemy/actor/lib/test/auto/Accumulator2.xml
2 ms. Memory: 272384K Free: 188908K (69%)
----------------- Invoking toplevel() on ptolemy.moml.MoMLSimpleApplication@266cae8d
----------------- Done invoking toplevel() on ptolemy.moml.MoMLSimpleApplication@266cae8d
reloadAllAccessors: .Accumulator2

===========================================================================================
----------------- testing Tue Jul 06 02:07:46 UTC 2021 /home/travis/build/icyphy/ptII/ptolemy/actor/lib/test/auto/Accumulator3.xml
----------------- Instantiating /home/travis/build/icyphy/ptII/ptolemy/actor/lib/test/auto/Accumulator3.xml
2 ms. Memory: 272384K Free: 184298K (68%)
----------------- Invoking toplevel() on ptolemy.moml.MoMLSimpleApplication@4148dc72
----------------- Done invoking toplevel() on ptolemy.moml.MoMLSimpleApplication@4148dc72
reloadAllAccessors: .Accumulator3

===========================================================================================
----------------- testing Tue Jul 06 02:07:46 UTC 2021 /home/travis/build/icyphy/ptII/ptolemy/actor/lib/test/auto/ArrayAppend.xml
----------------- Instantiating /home/travis/build/icyphy/ptII/ptolemy/actor/lib/test/auto/ArrayAppend.xml
4 ms. Memory: 272384K Free: 178668K (66%)
----------------- Invoking toplevel() on ptolemy.moml.MoMLSimpleApplication@1c358c21
----------------- Done invoking toplevel() on ptolemy.moml.MoMLSimpleApplication@1c358c21
reloadAllAccessors: .ArrayAppend

===========================================================================================
----------------- testing Tue Jul 06 02:07:46 UTC 2021 /home/travis/build/icyphy/ptII/ptolemy/actor/lib/test/auto/ArrayAppend2.xml
----------------- Instantiating /home/travis/build/icyphy/ptII/ptolemy/actor/lib/test/auto/ArrayAppend2.xml
334 ms. Memory: 272384K Free: 96234K (35%)
----------------- Invoking toplevel() on ptolemy.moml.MoMLSimpleApplication@3f87efaf
----------------- Done invoking toplevel() on ptolemy.moml.MoMLSimpleApplication@3f87efaf
reloadAllAccessors: .ArrayAppend2

===========================================================================================
----------------- testing Tue Jul 06 02:07:46 UTC 2021 /home/travis/build/icyphy/ptII/ptolemy/actor/lib/test/auto/ArrayAppend3.xml
----------------- Instantiating /home/travis/build/icyphy/ptII/ptolemy/actor/lib/test/auto/ArrayAppend3.xml
2 ms. Memory: 272384K Free: 90604K (33%)
----------------- Invoking toplevel() on ptolemy.moml.MoMLSimpleApplication@25e025f0
----------------- Done invoking toplevel() on ptolemy.moml.MoMLSimpleApplication@25e025f0
reloadAllAccessors: .ArrayAppend3

===========================================================================================
----------------- testing Tue Jul 06 02:07:46 UTC 2021 /home/travis/build/icyphy/ptII/ptolemy/actor/lib/test/auto/ArrayAppend4.xml
----------------- Instantiating /home/travis/build/icyphy/ptII/ptolemy/actor/lib/test/auto/ArrayAppend4.xml
2 ms. Memory: 272384K Free: 85484K (31%)
----------------- Invoking toplevel() on ptolemy.moml.MoMLSimpleApplication@26d3d1e5
----------------- Done invoking toplevel() on ptolemy.moml.MoMLSimpleApplication@26d3d1e5
reloadAllAccessors: .ArrayAppend4

===========================================================================================
----------------- testing Tue Jul 06 02:07:46 UTC 2021 /home/travis/build/icyphy/ptII/ptolemy/actor/lib/test/auto/ArrayAppend5.xml
----------------- Instantiating /home/travis/build/icyphy/ptII/ptolemy/actor/lib/test/auto/ArrayAppend5.xml
6 ms. Memory: 272384K Free: 223744K (82%)
----------------- Invoking toplevel() on ptolemy.moml.MoMLSimpleApplication@5b67bf5b
----------------- Done invoking toplevel() on ptolemy.moml.MoMLSimpleApplication@5b67bf5b
reloadAllAccessors: .ArrayAppend5

===========================================================================================
----------------- testing Tue Jul 06 02:07:46 UTC 2021 /home/travis/build/icyphy/ptII/ptolemy/actor/lib/test/auto/ArrayAppend6.xml
----------------- Instantiating /home/travis/build/icyphy/ptII/ptolemy/actor/lib/test/auto/ArrayAppend6.xml
4 ms. Memory: 272384K Free: 218110K (80%)
----------------- Invoking toplevel() on ptolemy.moml.MoMLSimpleApplication@1a2f57ee
----------------- Done invoking toplevel() on ptolemy.moml.MoMLSimpleApplication@1a2f57ee
reloadAllAccessors: .ArrayAppend6

===========================================================================================
----------------- testing Tue Jul 06 02:07:46 UTC 2021 /home/travis/build/icyphy/ptII/ptolemy/actor/lib/test/auto/ArrayAppendPerformanceTest.xml
----------------- Instantiating /home/travis/build/icyphy/ptII/ptolemy/actor/lib/test/auto/ArrayAppendPerformanceTest.xml
28 ms. Memory: 272384K Free: 207360K (76%)
----------------- Invoking toplevel() on ptolemy.moml.MoMLSimpleApplication@58dad4a1
----------------- Done invoking toplevel() on ptolemy.moml.MoMLSimpleApplication@58dad4a1
reloadAllAccessors: .ArrayAppendPerformanceTest

===========================================================================================
----------------- testing Tue Jul 06 02:07:46 UTC 2021 /home/travis/build/icyphy/ptII/ptolemy/actor/lib/test/auto/ArrayAppendWithEmptyInput.xml
----------------- Instantiating /home/travis/build/icyphy/ptII/ptolemy/actor/lib/test/auto/ArrayAppendWithEmptyInput.xml
11 ms. Memory: 272384K Free: 199168K (73%)
----------------- Invoking toplevel() on ptolemy.moml.MoMLSimpleApplication@390911a5
----------------- Done invoking toplevel() on ptolemy.moml.MoMLSimpleApplication@390911a5
reloadAllAccessors: .ArrayAppendWithEmptyInput

===========================================================================================
----------------- testing Tue Jul 06 02:07:46 UTC 2021 /home/travis/build/icyphy/ptII/ptolemy/actor/lib/test/auto/ArrayAverage.xml
----------------- Instantiating /home/travis/build/icyphy/ptII/ptolemy/actor/lib/test/auto/ArrayAverage.xml
5 ms. Memory: 272384K Free: 191486K (70%)
----------------- Invoking toplevel() on ptolemy.moml.MoMLSimpleApplication@62ccf66c
----------------- Done invoking toplevel() on ptolemy.moml.MoMLSimpleApplication@62ccf66c
reloadAllAccessors: .ArrayAverage

===========================================================================================
----------------- testing Tue Jul 06 02:07:46 UTC 2021 /home/travis/build/icyphy/ptII/ptolemy/actor/lib/test/auto/ArrayContains.xml
----------------- Instantiating /home/travis/build/icyphy/ptII/ptolemy/actor/lib/test/auto/ArrayContains.xml
3 ms. Memory: 272384K Free: 185342K (68%)
----------------- Invoking toplevel() on ptolemy.moml.MoMLSimpleApplication@37709366
----------------- Done invoking toplevel() on ptolemy.moml.MoMLSimpleApplication@37709366
reloadAllAccessors: .ArrayContains

===========================================================================================
----------------- testing Tue Jul 06 02:07:46 UTC 2021 /home/travis/build/icyphy/ptII/ptolemy/actor/lib/test/auto/ArrayElement.xml
----------------- Instantiating /home/travis/build/icyphy/ptII/ptolemy/actor/lib/test/auto/ArrayElement.xml
3 ms. Memory: 272384K Free: 179712K (66%)
----------------- Invoking toplevel() on ptolemy.moml.MoMLSimpleApplication@6a800d8c
----------------- Done invoking toplevel() on ptolemy.moml.MoMLSimpleApplication@6a800d8c
reloadAllAccessors: .ArrayElement

===========================================================================================
----------------- testing Tue Jul 06 02:07:46 UTC 2021 /home/travis/build/icyphy/ptII/ptolemy/actor/lib/test/auto/ArrayElementAsMatrix.xml
----------------- Instantiating /home/travis/build/icyphy/ptII/ptolemy/actor/lib/test/auto/ArrayElementAsMatrix.xml
11 ms. Memory: 272384K Free: 169472K (62%)
----------------- Invoking toplevel() on ptolemy.moml.MoMLSimpleApplication@3b42809d
----------------- Done invoking toplevel() on ptolemy.moml.MoMLSimpleApplication@3b42809d
reloadAllAccessors: .ArrayElementAsMatrix

===========================================================================================
----------------- testing Tue Jul 06 02:07:47 UTC 2021 /home/travis/build/icyphy/ptII/ptolemy/actor/lib/test/auto/ArrayElementI.xml
----------------- Instantiating /home/travis/build/icyphy/ptII/ptolemy/actor/lib/test/auto/ArrayElementI.xml
3 ms. Memory: 272384K Free: 164862K (61%)
----------------- Invoking toplevel() on ptolemy.moml.MoMLSimpleApplication@3b9d711d
----------------- Done invoking toplevel() on ptolemy.moml.MoMLSimpleApplication@3b9d711d
reloadAllAccessors: .ArrayElementI

===========================================================================================
----------------- testing Tue Jul 06 02:07:47 UTC 2021 /home/travis/build/icyphy/ptII/ptolemy/actor/lib/test/auto/ArrayExtract.xml
----------------- Instantiating /home/travis/build/icyphy/ptII/ptolemy/actor/lib/test/auto/ArrayExtract.xml
5 ms. Memory: 272384K Free: 156670K (58%)
----------------- Invoking toplevel() on ptolemy.moml.MoMLSimpleApplication@3b28828f
----------------- Done invoking toplevel() on ptolemy.moml.MoMLSimpleApplication@3b28828f
reloadAllAccessors: .ArrayExtract

===========================================================================================
----------------- testing Tue Jul 06 02:07:47 UTC 2021 /home/travis/build/icyphy/ptII/ptolemy/actor/lib/test/auto/ArrayExtract2.xml
----------------- Instantiating /home/travis/build/icyphy/ptII/ptolemy/actor/lib/test/auto/ArrayExtract2.xml
2 ms. Memory: 272384K Free: 151040K (55%)
----------------- Invoking toplevel() on ptolemy.moml.MoMLSimpleApplication@4530ef4
----------------- Done invoking toplevel() on ptolemy.moml.MoMLSimpleApplication@4530ef4
reloadAllAccessors: .ArrayExtract2

===========================================================================================
----------------- testing Tue Jul 06 02:07:47 UTC 2021 /home/travis/build/icyphy/ptII/ptolemy/actor/lib/test/auto/ArrayLength.xml
----------------- Instantiating /home/travis/build/icyphy/ptII/ptolemy/actor/lib/test/auto/ArrayLength.xml
1 ms. Memory: 272384K Free: 147454K (54%)
----------------- Invoking toplevel() on ptolemy.moml.MoMLSimpleApplication@1daa2d85
----------------- Done invoking toplevel() on ptolemy.moml.MoMLSimpleApplication@1daa2d85
reloadAllAccessors: .ArrayLength

===========================================================================================
----------------- testing Tue Jul 06 02:07:47 UTC 2021 /home/travis/build/icyphy/ptII/ptolemy/actor/lib/test/auto/ArrayLevelCrossing.xml
----------------- Instantiating /home/travis/build/icyphy/ptII/ptolemy/actor/lib/test/auto/ArrayLevelCrossing.xml
4 ms. Memory: 272384K Free: 139262K (51%)
----------------- Invoking toplevel() on ptolemy.moml.MoMLSimpleApplication@26849dca
----------------- Done invoking toplevel() on ptolemy.moml.MoMLSimpleApplication@26849dca
reloadAllAccessors: .ArrayLevelCrossing

===========================================================================================
----------------- testing Tue Jul 06 02:07:47 UTC 2021 /home/travis/build/icyphy/ptII/ptolemy/actor/lib/test/auto/ArrayLevelCrossing2.xml
----------------- Instantiating /home/travis/build/icyphy/ptII/ptolemy/actor/lib/test/auto/ArrayLevelCrossing2.xml
3 ms. Memory: 272384K Free: 132608K (49%)
----------------- Invoking toplevel() on ptolemy.moml.MoMLSimpleApplication@3ee00097
----------------- Done invoking toplevel() on ptolemy.moml.MoMLSimpleApplication@3ee00097
reloadAllAccessors: .ArrayLevelCrossing2

===========================================================================================
----------------- testing Tue Jul 06 02:07:47 UTC 2021 /home/travis/build/icyphy/ptII/ptolemy/actor/lib/test/auto/ArrayPeakSearch.xml
----------------- Instantiating /home/travis/build/icyphy/ptII/ptolemy/actor/lib/test/auto/ArrayPeakSearch.xml
6 ms. Memory: 272384K Free: 123392K (45%)
----------------- Invoking toplevel() on ptolemy.moml.MoMLSimpleApplication@47198967
----------------- Done invoking toplevel() on ptolemy.moml.MoMLSimpleApplication@47198967
reloadAllAccessors: .ArrayPeakSearch

===========================================================================================
----------------- testing Tue Jul 06 02:07:47 UTC 2021 /home/travis/build/icyphy/ptII/ptolemy/actor/lib/test/auto/ArrayPeakSearch2.xml
----------------- Instantiating /home/travis/build/icyphy/ptII/ptolemy/actor/lib/test/auto/ArrayPeakSearch2.xml
5 ms. Memory: 272384K Free: 113152K (42%)
----------------- Invoking toplevel() on ptolemy.moml.MoMLSimpleApplication@2afa44fc
----------------- Done invoking toplevel() on ptolemy.moml.MoMLSimpleApplication@2afa44fc
reloadAllAccessors: .ArrayPeakSearch2

===========================================================================================
----------------- testing Tue Jul 06 02:07:47 UTC 2021 /home/travis/build/icyphy/ptII/ptolemy/actor/lib/test/auto/ArrayPeakSearch3.xml
----------------- Instantiating /home/travis/build/icyphy/ptII/ptolemy/actor/lib/test/auto/ArrayPeakSearch3.xml
3 ms. Memory: 272384K Free: 103936K (38%)
----------------- Invoking toplevel() on ptolemy.moml.MoMLSimpleApplication@5624323d
----------------- Done invoking toplevel() on ptolemy.moml.MoMLSimpleApplication@5624323d
reloadAllAccessors: .ArrayPeakSearch3

===========================================================================================
----------------- testing Tue Jul 06 02:07:47 UTC 2021 /home/travis/build/icyphy/ptII/ptolemy/actor/lib/test/auto/ArrayRemoveElement.xml
----------------- Instantiating /home/travis/build/icyphy/ptII/ptolemy/actor/lib/test/auto/ArrayRemoveElement.xml
3 ms. Memory: 272384K Free: 96254K (35%)
----------------- Invoking toplevel() on ptolemy.moml.MoMLSimpleApplication@4c3304b6
----------------- Done invoking toplevel() on ptolemy.moml.MoMLSimpleApplication@4c3304b6
reloadAllAccessors: .ArrayRemoveElement

===========================================================================================
----------------- testing Tue Jul 06 02:07:47 UTC 2021 /home/travis/build/icyphy/ptII/ptolemy/actor/lib/test/auto/ArraySort.xml
----------------- Instantiating /home/travis/build/icyphy/ptII/ptolemy/actor/lib/test/auto/ArraySort.xml
5 ms. Memory: 272384K Free: 87038K (32%)
----------------- Invoking toplevel() on ptolemy.moml.MoMLSimpleApplication@52a56d
----------------- Done invoking toplevel() on ptolemy.moml.MoMLSimpleApplication@52a56d
reloadAllAccessors: .ArraySort

===========================================================================================
----------------- testing Tue Jul 06 02:07:47 UTC 2021 /home/travis/build/icyphy/ptII/ptolemy/actor/lib/test/auto/ArraySum.xml
----------------- Instantiating /home/travis/build/icyphy/ptII/ptolemy/actor/lib/test/auto/ArraySum.xml
4 ms. Memory: 272384K Free: 81918K (30%)
----------------- Invoking toplevel() on ptolemy.moml.MoMLSimpleApplication@4b04215f
----------------- Done invoking toplevel() on ptolemy.moml.MoMLSimpleApplication@4b04215f
reloadAllAccessors: .ArraySum

===========================================================================================
----------------- testing Tue Jul 06 02:07:47 UTC 2021 /home/travis/build/icyphy/ptII/ptolemy/actor/lib/test/auto/ArrayToElements.xml
----------------- Instantiating /home/travis/build/icyphy/ptII/ptolemy/actor/lib/test/auto/ArrayToElements.xml
6 ms. Memory: 272384K Free: 76288K (28%)
----------------- Invoking toplevel() on ptolemy.moml.MoMLSimpleApplication@39423389
----------------- Done invoking toplevel() on ptolemy.moml.MoMLSimpleApplication@39423389
reloadAllAccessors: .ArrayToElements

===========================================================================================
----------------- testing Tue Jul 06 02:07:47 UTC 2021 /home/travis/build/icyphy/ptII/ptolemy/actor/lib/test/auto/ArrayToMatrix.xml
----------------- Instantiating /home/travis/build/icyphy/ptII/ptolemy/actor/lib/test/auto/ArrayToMatrix.xml
10 ms. Memory: 272384K Free: 216685K (80%)
----------------- Invoking toplevel() on ptolemy.moml.MoMLSimpleApplication@64857bbc
----------------- Done invoking toplevel() on ptolemy.moml.MoMLSimpleApplication@64857bbc
reloadAllAccessors: .ArrayToMatrix

===========================================================================================
----------------- testing Tue Jul 06 02:07:47 UTC 2021 /home/travis/build/icyphy/ptII/ptolemy/actor/lib/test/auto/ArrayUpdate1.xml
----------------- Instantiating /home/travis/build/icyphy/ptII/ptolemy/actor/lib/test/auto/ArrayUpdate1.xml
2 ms. Memory: 272384K Free: 211565K (78%)
----------------- Invoking toplevel() on ptolemy.moml.MoMLSimpleApplication@f618397
----------------- Done invoking toplevel() on ptolemy.moml.MoMLSimpleApplication@f618397
reloadAllAccessors: .ArrayUpdate1

===========================================================================================
----------------- testing Tue Jul 06 02:07:47 UTC 2021 /home/travis/build/icyphy/ptII/ptolemy/actor/lib/test/auto/ArrayUpdate2.xml
----------------- Instantiating /home/travis/build/icyphy/ptII/ptolemy/actor/lib/test/auto/ArrayUpdate2.xml
9 ms. Memory: 272384K Free: 205421K (75%)
----------------- Invoking toplevel() on ptolemy.moml.MoMLSimpleApplication@d1d7b89
----------------- Done invoking toplevel() on ptolemy.moml.MoMLSimpleApplication@d1d7b89
reloadAllAccessors: .ArrayUpdate2

===========================================================================================
----------------- testing Tue Jul 06 02:07:47 UTC 2021 /home/travis/build/icyphy/ptII/ptolemy/actor/lib/test/auto/ArrayUpdate3.xml
----------------- Instantiating /home/travis/build/icyphy/ptII/ptolemy/actor/lib/test/auto/ArrayUpdate3.xml
1 ms. Memory: 272384K Free: 200301K (74%)
----------------- Invoking toplevel() on ptolemy.moml.MoMLSimpleApplication@76ab5456
----------------- Done invoking toplevel() on ptolemy.moml.MoMLSimpleApplication@76ab5456
reloadAllAccessors: .ArrayUpdate3

===========================================================================================
----------------- testing Tue Jul 06 02:07:47 UTC 2021 /home/travis/build/icyphy/ptII/ptolemy/actor/lib/test/auto/Assert1.xml
----------------- Instantiating /home/travis/build/icyphy/ptII/ptolemy/actor/lib/test/auto/Assert1.xml
4 ms. Memory: 272384K Free: 196205K (72%)
----------------- Invoking toplevel() on ptolemy.moml.MoMLSimpleApplication@788c5887
----------------- Done invoking toplevel() on ptolemy.moml.MoMLSimpleApplication@788c5887
reloadAllAccessors: .Assert1

===========================================================================================
----------------- testing Tue Jul 06 02:07:47 UTC 2021 /home/travis/build/icyphy/ptII/ptolemy/actor/lib/test/auto/Assert2.xml
----------------- Instantiating /home/travis/build/icyphy/ptII/ptolemy/actor/lib/test/auto/Assert2.xml
1 ms. Memory: 272384K Free: 191085K (70%)
----------------- Invoking toplevel() on ptolemy.moml.MoMLSimpleApplication@2159eb8a
----------------- Done invoking toplevel() on ptolemy.moml.MoMLSimpleApplication@2159eb8a
reloadAllAccessors: .Assert2

===========================================================================================
----------------- testing Tue Jul 06 02:07:47 UTC 2021 /home/travis/build/icyphy/ptII/ptolemy/actor/lib/test/auto/BooleanMultiplexor.xml
----------------- Instantiating /home/travis/build/icyphy/ptII/ptolemy/actor/lib/test/auto/BooleanMultiplexor.xml
2 ms. Memory: 272384K Free: 185951K (68%)
----------------- Invoking toplevel() on ptolemy.moml.MoMLSimpleApplication@72f2dbf1
----------------- Done invoking toplevel() on ptolemy.moml.MoMLSimpleApplication@72f2dbf1
reloadAllAccessors: .BooleanMultiplexor

===========================================================================================
----------------- testing Tue Jul 06 02:07:47 UTC 2021 /home/travis/build/icyphy/ptII/ptolemy/actor/lib/test/auto/BooleanMultiplexor2.xml
----------------- Instantiating /home/travis/build/icyphy/ptII/ptolemy/actor/lib/test/auto/BooleanMultiplexor2.xml
8 ms. Memory: 272384K Free: 179311K (66%)
----------------- Invoking toplevel() on ptolemy.moml.MoMLSimpleApplication@4134c28d
----------------- Done invoking toplevel() on ptolemy.moml.MoMLSimpleApplication@4134c28d
reloadAllAccessors: .BooleanMultiplexor2

===========================================================================================
----------------- testing Tue Jul 06 02:07:47 UTC 2021 /home/travis/build/icyphy/ptII/ptolemy/actor/lib/test/auto/BooleanMultiplexor3.xml
----------------- Instantiating /home/travis/build/icyphy/ptII/ptolemy/actor/lib/test/auto/BooleanMultiplexor3.xml
4 ms. Memory: 272384K Free: 175215K (64%)
----------------- Invoking toplevel() on ptolemy.moml.MoMLSimpleApplication@70b8c199
----------------- Done invoking toplevel() on ptolemy.moml.MoMLSimpleApplication@70b8c199
reloadAllAccessors: .BooleanMultiplexor3

===========================================================================================
----------------- testing Tue Jul 06 02:07:47 UTC 2021 /home/travis/build/icyphy/ptII/ptolemy/actor/lib/test/auto/BooleanSelect.xml
----------------- Instantiating /home/travis/build/icyphy/ptII/ptolemy/actor/lib/test/auto/BooleanSelect.xml
7 ms. Memory: 272384K Free: 169567K (62%)
----------------- Invoking toplevel() on ptolemy.moml.MoMLSimpleApplication@63c1f9cf
----------------- Done invoking toplevel() on ptolemy.moml.MoMLSimpleApplication@63c1f9cf
reloadAllAccessors: .BooleanSelect

===========================================================================================
----------------- testing Tue Jul 06 02:07:47 UTC 2021 /home/travis/build/icyphy/ptII/ptolemy/actor/lib/test/auto/BooleanSelect2.xml
----------------- Instantiating /home/travis/build/icyphy/ptII/ptolemy/actor/lib/test/auto/BooleanSelect2.xml
1 ms. Memory: 272384K Free: 164975K (61%)
----------------- Invoking toplevel() on ptolemy.moml.MoMLSimpleApplication@28d8d079
----------------- Done invoking toplevel() on ptolemy.moml.MoMLSimpleApplication@28d8d079
reloadAllAccessors: .BooleanSelect2

===========================================================================================
----------------- testing Tue Jul 06 02:07:47 UTC 2021 /home/travis/build/icyphy/ptII/ptolemy/actor/lib/test/auto/BooleanSwitch.xml
----------------- Instantiating /home/travis/build/icyphy/ptII/ptolemy/actor/lib/test/auto/BooleanSwitch.xml
10 ms. Memory: 272384K Free: 159341K (58%)
----------------- Invoking toplevel() on ptolemy.moml.MoMLSimpleApplication@4148a76c
----------------- Done invoking toplevel() on ptolemy.moml.MoMLSimpleApplication@4148a76c
reloadAllAccessors: .BooleanSwitch

===========================================================================================
----------------- testing Tue Jul 06 02:07:47 UTC 2021 /home/travis/build/icyphy/ptII/ptolemy/actor/lib/test/auto/BooleanSwitch2.xml
----------------- Instantiating /home/travis/build/icyphy/ptII/ptolemy/actor/lib/test/auto/BooleanSwitch2.xml
2 ms. Memory: 272384K Free: 154735K (57%)
----------------- Invoking toplevel() on ptolemy.moml.MoMLSimpleApplication@2f576dda
----------------- Done invoking toplevel() on ptolemy.moml.MoMLSimpleApplication@2f576dda
reloadAllAccessors: .BooleanSwitch2

===========================================================================================
----------------- testing Tue Jul 06 02:07:47 UTC 2021 /home/travis/build/icyphy/ptII/ptolemy/actor/lib/test/auto/BooleanSwitchCloningBugWithClassRelationGroup.xml
----------------- Instantiating /home/travis/build/icyphy/ptII/ptolemy/actor/lib/test/auto/BooleanSwitchCloningBugWithClassRelationGroup.xml
5 ms. Memory: 272384K Free: 148591K (55%)
----------------- Invoking toplevel() on ptolemy.moml.MoMLSimpleApplication@32fc62b2
----------------- Done invoking toplevel() on ptolemy.moml.MoMLSimpleApplication@32fc62b2
reloadAllAccessors: .BooleanSwitchCloningBugWithClassRelationGroup

===========================================================================================
----------------- testing Tue Jul 06 02:07:47 UTC 2021 /home/travis/build/icyphy/ptII/ptolemy/actor/lib/test/auto/BusActors.xml
----------------- Instantiating /home/travis/build/icyphy/ptII/ptolemy/actor/lib/test/auto/BusActors.xml
6 ms. Memory: 272384K Free: 140909K (52%)
----------------- Invoking toplevel() on ptolemy.moml.MoMLSimpleApplication@27bd6f8f
----------------- Done invoking toplevel() on ptolemy.moml.MoMLSimpleApplication@27bd6f8f
reloadAllAccessors: .BusActors

===========================================================================================
----------------- testing Tue Jul 06 02:07:47 UTC 2021 /home/travis/build/icyphy/ptII/ptolemy/actor/lib/test/auto/ClassWrapper.xml
----------------- Instantiating /home/travis/build/icyphy/ptII/ptolemy/actor/lib/test/auto/ClassWrapper.xml
3 ms. Memory: 272384K Free: 136813K (50%)
----------------- Invoking toplevel() on ptolemy.moml.MoMLSimpleApplication@16177447
----------------- Done invoking toplevel() on ptolemy.moml.MoMLSimpleApplication@16177447
reloadAllAccessors: .ClassWrapper

===========================================================================================
----------------- testing Tue Jul 06 02:07:47 UTC 2021 /home/travis/build/icyphy/ptII/ptolemy/actor/lib/test/auto/Clock.xml
----------------- Instantiating /home/travis/build/icyphy/ptII/ptolemy/actor/lib/test/auto/Clock.xml
2 ms. Memory: 272384K Free: 132717K (49%)
----------------- Invoking toplevel() on ptolemy.moml.MoMLSimpleApplication@7f0e3c1
----------------- Done invoking toplevel() on ptolemy.moml.MoMLSimpleApplication@7f0e3c1
reloadAllAccessors: .Clock

===========================================================================================
----------------- testing Tue Jul 06 02:07:47 UTC 2021 /home/travis/build/icyphy/ptII/ptolemy/actor/lib/test/auto/Clock10.xml
----------------- Instantiating /home/travis/build/icyphy/ptII/ptolemy/actor/lib/test/auto/Clock10.xml
3 ms. Memory: 272384K Free: 127087K (47%)
----------------- Invoking toplevel() on ptolemy.moml.MoMLSimpleApplication@767b9821
----------------- Done invoking toplevel() on ptolemy.moml.MoMLSimpleApplication@767b9821
reloadAllAccessors: .Clock10

===========================================================================================
----------------- testing Tue Jul 06 02:07:47 UTC 2021 /home/travis/build/icyphy/ptII/ptolemy/actor/lib/test/auto/Clock11.xml
----------------- Instantiating /home/travis/build/icyphy/ptII/ptolemy/actor/lib/test/auto/Clock11.xml
7 ms. Memory: 272384K Free: 120941K (44%)
----------------- Invoking toplevel() on ptolemy.moml.MoMLSimpleApplication@46ac74b5
----------------- Done invoking toplevel() on ptolemy.moml.MoMLSimpleApplication@46ac74b5
reloadAllAccessors: .Clock11

===========================================================================================
----------------- testing Tue Jul 06 02:07:47 UTC 2021 /home/travis/build/icyphy/ptII/ptolemy/actor/lib/test/auto/Clock12.xml
----------------- Instantiating /home/travis/build/icyphy/ptII/ptolemy/actor/lib/test/auto/Clock12.xml
4 ms. Memory: 272384K Free: 115309K (42%)
----------------- Invoking toplevel() on ptolemy.moml.MoMLSimpleApplication@51b8e97d
----------------- Done invoking toplevel() on ptolemy.moml.MoMLSimpleApplication@51b8e97d
reloadAllAccessors: .Clock12

===========================================================================================
----------------- testing Tue Jul 06 02:07:47 UTC 2021 /home/travis/build/icyphy/ptII/ptolemy/actor/lib/test/auto/Clock13.xml
----------------- Instantiating /home/travis/build/icyphy/ptII/ptolemy/actor/lib/test/auto/Clock13.xml
6 ms. Memory: 272384K Free: 109135K (40%)
----------------- Invoking toplevel() on ptolemy.moml.MoMLSimpleApplication@caf48e8
----------------- Done invoking toplevel() on ptolemy.moml.MoMLSimpleApplication@caf48e8
reloadAllAccessors: .Clock13

===========================================================================================
----------------- testing Tue Jul 06 02:07:47 UTC 2021 /home/travis/build/icyphy/ptII/ptolemy/actor/lib/test/auto/Clock14.xml
----------------- Instantiating /home/travis/build/icyphy/ptII/ptolemy/actor/lib/test/auto/Clock14.xml
4 ms. Memory: 272384K Free: 103535K (38%)
----------------- Invoking toplevel() on ptolemy.moml.MoMLSimpleApplication@12fd3dd1
----------------- Done invoking toplevel() on ptolemy.moml.MoMLSimpleApplication@12fd3dd1
reloadAllAccessors: .Clock14

===========================================================================================
----------------- testing Tue Jul 06 02:07:48 UTC 2021 /home/travis/build/icyphy/ptII/ptolemy/actor/lib/test/auto/Clock15.xml
----------------- Instantiating /home/travis/build/icyphy/ptII/ptolemy/actor/lib/test/auto/Clock15.xml
4 ms. Memory: 272384K Free: 97391K (36%)
----------------- Invoking toplevel() on ptolemy.moml.MoMLSimpleApplication@30210662
----------------- Done invoking toplevel() on ptolemy.moml.MoMLSimpleApplication@30210662
reloadAllAccessors: .Clock15

===========================================================================================
----------------- testing Tue Jul 06 02:07:48 UTC 2021 /home/travis/build/icyphy/ptII/ptolemy/actor/lib/test/auto/Clock16.xml
----------------- Instantiating /home/travis/build/icyphy/ptII/ptolemy/actor/lib/test/auto/Clock16.xml
32 ms. Memory: 272384K Free: 82535K (30%)
----------------- Invoking toplevel() on ptolemy.moml.MoMLSimpleApplication@7252b22b
----------------- Done invoking toplevel() on ptolemy.moml.MoMLSimpleApplication@7252b22b
reloadAllAccessors: .Clock16

===========================================================================================
----------------- testing Tue Jul 06 02:07:48 UTC 2021 /home/travis/build/icyphy/ptII/ptolemy/actor/lib/test/auto/Clock17.xml
----------------- Instantiating /home/travis/build/icyphy/ptII/ptolemy/actor/lib/test/auto/Clock17.xml
13 ms. Memory: 272384K Free: 68719K (25%)
----------------- Invoking toplevel() on ptolemy.moml.MoMLSimpleApplication@7fd55b5c
----------------- Done invoking toplevel() on ptolemy.moml.MoMLSimpleApplication@7fd55b5c
reloadAllAccessors: .Clock17

===========================================================================================
----------------- testing Tue Jul 06 02:07:48 UTC 2021 /home/travis/build/icyphy/ptII/ptolemy/actor/lib/test/auto/Clock18.xml
----------------- Instantiating /home/travis/build/icyphy/ptII/ptolemy/actor/lib/test/auto/Clock18.xml
24 ms. Memory: 272384K Free: 215550K (79%)
----------------- Invoking toplevel() on ptolemy.moml.MoMLSimpleApplication@645ec57c
----------------- Done invoking toplevel() on ptolemy.moml.MoMLSimpleApplication@645ec57c
reloadAllAccessors: .Clock18

===========================================================================================
----------------- testing Tue Jul 06 02:07:48 UTC 2021 /home/travis/build/icyphy/ptII/ptolemy/actor/lib/test/auto/Clock19.xml
----------------- Instantiating /home/travis/build/icyphy/ptII/ptolemy/actor/lib/test/auto/Clock19.xml
8 ms. Memory: 272384K Free: 202238K (74%)
----------------- Invoking toplevel() on ptolemy.moml.MoMLSimpleApplication@5d697c84
----------------- Done invoking toplevel() on ptolemy.moml.MoMLSimpleApplication@5d697c84
reloadAllAccessors: .Clock19

===========================================================================================
----------------- testing Tue Jul 06 02:07:48 UTC 2021 /home/travis/build/icyphy/ptII/ptolemy/actor/lib/test/auto/Clock2.xml
----------------- Instantiating /home/travis/build/icyphy/ptII/ptolemy/actor/lib/test/auto/Clock2.xml
5 ms. Memory: 272384K Free: 197632K (73%)
----------------- Invoking toplevel() on ptolemy.moml.MoMLSimpleApplication@2c2d7712
----------------- Done invoking toplevel() on ptolemy.moml.MoMLSimpleApplication@2c2d7712
reloadAllAccessors: .Clock2

===========================================================================================
----------------- testing Tue Jul 06 02:07:48 UTC 2021 /home/travis/build/icyphy/ptII/ptolemy/actor/lib/test/auto/Clock20.xml
----------------- Instantiating /home/travis/build/icyphy/ptII/ptolemy/actor/lib/test/auto/Clock20.xml
4 ms. Memory: 272384K Free: 192512K (71%)
----------------- Invoking toplevel() on ptolemy.moml.MoMLSimpleApplication@c98a5c1
----------------- Done invoking toplevel() on ptolemy.moml.MoMLSimpleApplication@c98a5c1
reloadAllAccessors: .Clock20

===========================================================================================
----------------- testing Tue Jul 06 02:07:48 UTC 2021 /home/travis/build/icyphy/ptII/ptolemy/actor/lib/test/auto/Clock21.xml
----------------- Instantiating /home/travis/build/icyphy/ptII/ptolemy/actor/lib/test/auto/Clock21.xml
4 ms. Memory: 272384K Free: 186878K (69%)
----------------- Invoking toplevel() on ptolemy.moml.MoMLSimpleApplication@284ce57b
----------------- Done invoking toplevel() on ptolemy.moml.MoMLSimpleApplication@284ce57b
reloadAllAccessors: .Clock21

===========================================================================================
----------------- testing Tue Jul 06 02:07:48 UTC 2021 /home/travis/build/icyphy/ptII/ptolemy/actor/lib/test/auto/Clock22.xml
----------------- Instantiating /home/travis/build/icyphy/ptII/ptolemy/actor/lib/test/auto/Clock22.xml
2 ms. Memory: 272384K Free: 181758K (67%)
----------------- Invoking toplevel() on ptolemy.moml.MoMLSimpleApplication@2b5b3ac7
----------------- Done invoking toplevel() on ptolemy.moml.MoMLSimpleApplication@2b5b3ac7
reloadAllAccessors: .Clock22

===========================================================================================
----------------- testing Tue Jul 06 02:07:48 UTC 2021 /home/travis/build/icyphy/ptII/ptolemy/actor/lib/test/auto/Clock23.xml
----------------- Instantiating /home/travis/build/icyphy/ptII/ptolemy/actor/lib/test/auto/Clock23.xml
1 ms. Memory: 272384K Free: 176128K (65%)
----------------- Invoking toplevel() on ptolemy.moml.MoMLSimpleApplication@9e3a792
----------------- Done invoking toplevel() on ptolemy.moml.MoMLSimpleApplication@9e3a792
reloadAllAccessors: .Clock23

===========================================================================================
----------------- testing Tue Jul 06 02:07:48 UTC 2021 /home/travis/build/icyphy/ptII/ptolemy/actor/lib/test/auto/Clock24.xml
----------------- Instantiating /home/travis/build/icyphy/ptII/ptolemy/actor/lib/test/auto/Clock24.xml
2 ms. Memory: 272384K Free: 171008K (63%)
----------------- Invoking toplevel() on ptolemy.moml.MoMLSimpleApplication@121651b9
----------------- Done invoking toplevel() on ptolemy.moml.MoMLSimpleApplication@121651b9
reloadAllAccessors: .Clock24

===========================================================================================
----------------- testing Tue Jul 06 02:07:48 UTC 2021 /home/travis/build/icyphy/ptII/ptolemy/actor/lib/test/auto/Clock4.xml
----------------- Instantiating /home/travis/build/icyphy/ptII/ptolemy/actor/lib/test/auto/Clock4.xml
1 ms. Memory: 272384K Free: 165888K (61%)
----------------- Invoking toplevel() on ptolemy.moml.MoMLSimpleApplication@76059767
----------------- Done invoking toplevel() on ptolemy.moml.MoMLSimpleApplication@76059767
reloadAllAccessors: .Clock4

===========================================================================================
----------------- testing Tue Jul 06 02:07:48 UTC 2021 /home/travis/build/icyphy/ptII/ptolemy/actor/lib/test/auto/Clock5.xml
----------------- Instantiating /home/travis/build/icyphy/ptII/ptolemy/actor/lib/test/auto/Clock5.xml
2 ms. Memory: 272384K Free: 160247K (59%)
----------------- Invoking toplevel() on ptolemy.moml.MoMLSimpleApplication@5125475a
----------------- Done invoking toplevel() on ptolemy.moml.MoMLSimpleApplication@5125475a
reloadAllAccessors: .Clock5

===========================================================================================
----------------- testing Tue Jul 06 02:07:48 UTC 2021 /home/travis/build/icyphy/ptII/ptolemy/actor/lib/test/auto/Clock6.xml
----------------- Instantiating /home/travis/build/icyphy/ptII/ptolemy/actor/lib/test/auto/Clock6.xml
1 ms. Memory: 272384K Free: 156158K (57%)
----------------- Invoking toplevel() on ptolemy.moml.MoMLSimpleApplication@3a088657
----------------- Done invoking toplevel() on ptolemy.moml.MoMLSimpleApplication@3a088657
reloadAllAccessors: .Clock6

===========================================================================================
----------------- testing Tue Jul 06 02:07:48 UTC 2021 /home/travis/build/icyphy/ptII/ptolemy/actor/lib/test/auto/Clock7.xml
----------------- Instantiating /home/travis/build/icyphy/ptII/ptolemy/actor/lib/test/auto/Clock7.xml
1 ms. Memory: 272384K Free: 151038K (55%)
----------------- Invoking toplevel() on ptolemy.moml.MoMLSimpleApplication@3bd66fa7
----------------- Done invoking toplevel() on ptolemy.moml.MoMLSimpleApplication@3bd66fa7
reloadAllAccessors: .Clock7

===========================================================================================
----------------- testing Tue Jul 06 02:07:48 UTC 2021 /home/travis/build/icyphy/ptII/ptolemy/actor/lib/test/auto/Clock8.xml
----------------- Instantiating /home/travis/build/icyphy/ptII/ptolemy/actor/lib/test/auto/Clock8.xml
4 ms. Memory: 272384K Free: 145887K (54%)
----------------- Invoking toplevel() on ptolemy.moml.MoMLSimpleApplication@711b64db
----------------- Done invoking toplevel() on ptolemy.moml.MoMLSimpleApplication@711b64db
reloadAllAccessors: .Clock8

===========================================================================================
----------------- testing Tue Jul 06 02:07:48 UTC 2021 /home/travis/build/icyphy/ptII/ptolemy/actor/lib/test/auto/Clock9.xml
----------------- Instantiating /home/travis/build/icyphy/ptII/ptolemy/actor/lib/test/auto/Clock9.xml
3 ms. Memory: 272384K Free: 140288K (52%)
----------------- Invoking toplevel() on ptolemy.moml.MoMLSimpleApplication@8e165e5
----------------- Done invoking toplevel() on ptolemy.moml.MoMLSimpleApplication@8e165e5
reloadAllAccessors: .Clock9

===========================================================================================
----------------- testing Tue Jul 06 02:07:48 UTC 2021 /home/travis/build/icyphy/ptII/ptolemy/actor/lib/test/auto/CommDistDiscard.xml
----------------- Instantiating /home/travis/build/icyphy/ptII/ptolemy/actor/lib/test/auto/CommDistDiscard.xml
2 ms. Memory: 272384K Free: 134654K (49%)
----------------- Invoking toplevel() on ptolemy.moml.MoMLSimpleApplication@6c9cde9b
----------------- Done invoking toplevel() on ptolemy.moml.MoMLSimpleApplication@6c9cde9b
reloadAllAccessors: .CommDistDiscard

===========================================================================================
----------------- testing Tue Jul 06 02:07:48 UTC 2021 /home/travis/build/icyphy/ptII/ptolemy/actor/lib/test/auto/Commutator.xml
----------------- Instantiating /home/travis/build/icyphy/ptII/ptolemy/actor/lib/test/auto/Commutator.xml
1 ms. Memory: 272384K Free: 130558K (48%)
----------------- Invoking toplevel() on ptolemy.moml.MoMLSimpleApplication@4425f19b
----------------- Done invoking toplevel() on ptolemy.moml.MoMLSimpleApplication@4425f19b
reloadAllAccessors: .Commutator

===========================================================================================
----------------- testing Tue Jul 06 02:07:48 UTC 2021 /home/travis/build/icyphy/ptII/ptolemy/actor/lib/test/auto/Commutator2.xml
----------------- Instantiating /home/travis/build/icyphy/ptII/ptolemy/actor/lib/test/auto/Commutator2.xml
1 ms. Memory: 272384K Free: 125952K (46%)
----------------- Invoking toplevel() on ptolemy.moml.MoMLSimpleApplication@30f338c3
----------------- Done invoking toplevel() on ptolemy.moml.MoMLSimpleApplication@30f338c3
reloadAllAccessors: .Commutator2

===========================================================================================
----------------- testing Tue Jul 06 02:07:48 UTC 2021 /home/travis/build/icyphy/ptII/ptolemy/actor/lib/test/auto/Commutator3.xml
----------------- Instantiating /home/travis/build/icyphy/ptII/ptolemy/actor/lib/test/auto/Commutator3.xml
2 ms. Memory: 272384K Free: 121856K (45%)
----------------- Invoking toplevel() on ptolemy.moml.MoMLSimpleApplication@11b16caa
----------------- Done invoking toplevel() on ptolemy.moml.MoMLSimpleApplication@11b16caa
reloadAllAccessors: .Commutator3

===========================================================================================
----------------- testing Tue Jul 06 02:07:48 UTC 2021 /home/travis/build/icyphy/ptII/ptolemy/actor/lib/test/auto/Compare.xml
----------------- Instantiating /home/travis/build/icyphy/ptII/ptolemy/actor/lib/test/auto/Compare.xml
1 ms. Memory: 272384K Free: 115198K (42%)
----------------- Invoking toplevel() on ptolemy.moml.MoMLSimpleApplication@3b1f019
----------------- Done invoking toplevel() on ptolemy.moml.MoMLSimpleApplication@3b1f019
reloadAllAccessors: .Compare

===========================================================================================
----------------- testing Tue Jul 06 02:07:48 UTC 2021 /home/travis/build/icyphy/ptII/ptolemy/actor/lib/test/auto/CompareDE.xml
----------------- Instantiating /home/travis/build/icyphy/ptII/ptolemy/actor/lib/test/auto/CompareDE.xml
2 ms. Memory: 272384K Free: 108015K (40%)
----------------- Invoking toplevel() on ptolemy.moml.MoMLSimpleApplication@71b13408
----------------- Done invoking toplevel() on ptolemy.moml.MoMLSimpleApplication@71b13408
reloadAllAccessors: .CompareDE

===========================================================================================
----------------- testing Tue Jul 06 02:07:48 UTC 2021 /home/travis/build/icyphy/ptII/ptolemy/actor/lib/test/auto/ComplexDivide.xml
----------------- Instantiating /home/travis/build/icyphy/ptII/ptolemy/actor/lib/test/auto/ComplexDivide.xml
1 ms. Memory: 272384K Free: 104448K (38%)
----------------- Invoking toplevel() on ptolemy.moml.MoMLSimpleApplication@1d251b34
----------------- Done invoking toplevel() on ptolemy.moml.MoMLSimpleApplication@1d251b34
reloadAllAccessors: .ComplexDivide

===========================================================================================
----------------- testing Tue Jul 06 02:07:48 UTC 2021 /home/travis/build/icyphy/ptII/ptolemy/actor/lib/test/auto/ComputeHistogram.xml
----------------- Instantiating /home/travis/build/icyphy/ptII/ptolemy/actor/lib/test/auto/ComputeHistogram.xml
19 ms. Memory: 272384K Free: 91646K (34%)
----------------- Invoking toplevel() on ptolemy.moml.MoMLSimpleApplication@4ae766e0
----------------- Done invoking toplevel() on ptolemy.moml.MoMLSimpleApplication@4ae766e0
reloadAllAccessors: .ComputeHistogram

===========================================================================================
----------------- testing Tue Jul 06 02:07:48 UTC 2021 /home/travis/build/icyphy/ptII/ptolemy/actor/lib/test/auto/ConfigurationSelect.xml
----------------- Instantiating /home/travis/build/icyphy/ptII/ptolemy/actor/lib/test/auto/ConfigurationSelect.xml
2 ms. Memory: 272384K Free: 86016K (32%)
----------------- Invoking toplevel() on ptolemy.moml.MoMLSimpleApplication@1f4395fd
----------------- Done invoking toplevel() on ptolemy.moml.MoMLSimpleApplication@1f4395fd
reloadAllAccessors: .ConfigurationSelect

===========================================================================================
----------------- testing Tue Jul 06 02:07:48 UTC 2021 /home/travis/build/icyphy/ptII/ptolemy/actor/lib/test/auto/ConfigurationSelect2.xml
----------------- Instantiating /home/travis/build/icyphy/ptII/ptolemy/actor/lib/test/auto/ConfigurationSelect2.xml
2 ms. Memory: 272384K Free: 81920K (30%)
----------------- Invoking toplevel() on ptolemy.moml.MoMLSimpleApplication@7f08620d
----------------- Done invoking toplevel() on ptolemy.moml.MoMLSimpleApplication@7f08620d
reloadAllAccessors: .ConfigurationSelect2

===========================================================================================
----------------- testing Tue Jul 06 02:07:48 UTC 2021 /home/travis/build/icyphy/ptII/ptolemy/actor/lib/test/auto/ConfigurationSwitch.xml
----------------- Instantiating /home/travis/build/icyphy/ptII/ptolemy/actor/lib/test/auto/ConfigurationSwitch.xml
1 ms. Memory: 272384K Free: 76286K (28%)
----------------- Invoking toplevel() on ptolemy.moml.MoMLSimpleApplication@4e0302a6
----------------- Done invoking toplevel() on ptolemy.moml.MoMLSimpleApplication@4e0302a6
reloadAllAccessors: .ConfigurationSwitch

===========================================================================================
----------------- testing Tue Jul 06 02:07:48 UTC 2021 /home/travis/build/icyphy/ptII/ptolemy/actor/lib/test/auto/ConfigurationSwitch2.xml
----------------- Instantiating /home/travis/build/icyphy/ptII/ptolemy/actor/lib/test/auto/ConfigurationSwitch2.xml
1 ms. Memory: 272384K Free: 71166K (26%)
----------------- Invoking toplevel() on ptolemy.moml.MoMLSimpleApplication@3b74aab
----------------- Done invoking toplevel() on ptolemy.moml.MoMLSimpleApplication@3b74aab
reloadAllAccessors: .ConfigurationSwitch2

===========================================================================================
----------------- testing Tue Jul 06 02:07:48 UTC 2021 /home/travis/build/icyphy/ptII/ptolemy/actor/lib/test/auto/ConfigurationSwitchCloningBugWithClassRelationGroup.xml
----------------- Instantiating /home/travis/build/icyphy/ptII/ptolemy/actor/lib/test/auto/ConfigurationSwitchCloningBugWithClassRelationGroup.xml
1 ms. Memory: 272384K Free: 63998K (23%)
----------------- Invoking toplevel() on ptolemy.moml.MoMLSimpleApplication@73445d19
----------------- Done invoking toplevel() on ptolemy.moml.MoMLSimpleApplication@73445d19
reloadAllAccessors: .ConfigurationSwitchCloningBugWithClassRelationGroup

===========================================================================================
----------------- testing Tue Jul 06 02:07:48 UTC 2021 /home/travis/build/icyphy/ptII/ptolemy/actor/lib/test/auto/ConfigurationSwitchSelectSDF.xml
----------------- Instantiating /home/travis/build/icyphy/ptII/ptolemy/actor/lib/test/auto/ConfigurationSwitchSelectSDF.xml
2 ms. Memory: 272384K Free: 219295K (81%)
----------------- Invoking toplevel() on ptolemy.moml.MoMLSimpleApplication@4d3c2abf
----------------- Done invoking toplevel() on ptolemy.moml.MoMLSimpleApplication@4d3c2abf
reloadAllAccessors: .ConfigurationSwitchSelectSDF

===========================================================================================
----------------- testing Tue Jul 06 02:07:48 UTC 2021 /home/travis/build/icyphy/ptII/ptolemy/actor/lib/test/auto/ConfigurationSwitchSelectSDF2.xml
----------------- Instantiating /home/travis/build/icyphy/ptII/ptolemy/actor/lib/test/auto/ConfigurationSwitchSelectSDF2.xml
2 ms. Memory: 272384K Free: 213661K (78%)
----------------- Invoking toplevel() on ptolemy.moml.MoMLSimpleApplication@1e6ec667
----------------- Done invoking toplevel() on ptolemy.moml.MoMLSimpleApplication@1e6ec667
reloadAllAccessors: .ConfigurationSwitchSelectSDF2

===========================================================================================
----------------- testing Tue Jul 06 02:07:48 UTC 2021 /home/travis/build/icyphy/ptII/ptolemy/actor/lib/test/auto/Const.xml
----------------- Instantiating /home/travis/build/icyphy/ptII/ptolemy/actor/lib/test/auto/Const.xml
1 ms. Memory: 272384K Free: 210079K (77%)
----------------- Invoking toplevel() on ptolemy.moml.MoMLSimpleApplication@3334ee3c
----------------- Done invoking toplevel() on ptolemy.moml.MoMLSimpleApplication@3334ee3c
reloadAllAccessors: .Const

===========================================================================================
----------------- testing Tue Jul 06 02:07:48 UTC 2021 /home/travis/build/icyphy/ptII/ptolemy/actor/lib/test/auto/Const2.xml
----------------- Instantiating /home/travis/build/icyphy/ptII/ptolemy/actor/lib/test/auto/Const2.xml
1 ms. Memory: 272384K Free: 205983K (76%)
----------------- Invoking toplevel() on ptolemy.moml.MoMLSimpleApplication@1bfdc949
----------------- Done invoking toplevel() on ptolemy.moml.MoMLSimpleApplication@1bfdc949
reloadAllAccessors: .Const2

===========================================================================================
----------------- testing Tue Jul 06 02:07:48 UTC 2021 /home/travis/build/icyphy/ptII/ptolemy/actor/lib/test/auto/Const3.xml
----------------- Instantiating /home/travis/build/icyphy/ptII/ptolemy/actor/lib/test/auto/Const3.xml
1 ms. Memory: 272384K Free: 203421K (75%)
----------------- Invoking toplevel() on ptolemy.moml.MoMLSimpleApplication@2932fe5e
----------------- Done invoking toplevel() on ptolemy.moml.MoMLSimpleApplication@2932fe5e
reloadAllAccessors: .Const3

===========================================================================================
----------------- testing Tue Jul 06 02:07:48 UTC 2021 /home/travis/build/icyphy/ptII/ptolemy/actor/lib/test/auto/ConstantPublisherPort1.xml
----------------- Instantiating /home/travis/build/icyphy/ptII/ptolemy/actor/lib/test/auto/ConstantPublisherPort1.xml
6 ms. Memory: 272384K Free: 194205K (71%)
----------------- Invoking toplevel() on ptolemy.moml.MoMLSimpleApplication@234d207e
----------------- Done invoking toplevel() on ptolemy.moml.MoMLSimpleApplication@234d207e
reloadAllAccessors: .ConstantPublisherPort1

===========================================================================================
----------------- testing Tue Jul 06 02:07:48 UTC 2021 /home/travis/build/icyphy/ptII/ptolemy/actor/lib/test/auto/ConstantPublisherPort2.xml
----------------- Instantiating /home/travis/build/icyphy/ptII/ptolemy/actor/lib/test/auto/ConstantPublisherPort2.xml
9 ms. Memory: 272384K Free: 186527K (68%)
----------------- Invoking toplevel() on ptolemy.moml.MoMLSimpleApplication@2676dc
----------------- Done invoking toplevel() on ptolemy.moml.MoMLSimpleApplication@2676dc
reloadAllAccessors: .ConstantPublisherPort2

===========================================================================================
----------------- testing Tue Jul 06 02:07:48 UTC 2021 /home/travis/build/icyphy/ptII/ptolemy/actor/lib/test/auto/ConstantPublisherPort3.xml
----------------- Instantiating /home/travis/build/icyphy/ptII/ptolemy/actor/lib/test/auto/ConstantPublisherPort3.xml
5 ms. Memory: 272384K Free: 179359K (66%)
----------------- Invoking toplevel() on ptolemy.moml.MoMLSimpleApplication@11bbe69d
----------------- Done invoking toplevel() on ptolemy.moml.MoMLSimpleApplication@11bbe69d
reloadAllAccessors: .ConstantPublisherPort3

===========================================================================================
----------------- testing Tue Jul 06 02:07:48 UTC 2021 /home/travis/build/icyphy/ptII/ptolemy/actor/lib/test/auto/ConstantPublisherPort4.xml
----------------- Instantiating /home/travis/build/icyphy/ptII/ptolemy/actor/lib/test/auto/ConstantPublisherPort4.xml
2 ms. Memory: 272384K Free: 172191K (63%)
----------------- Invoking toplevel() on ptolemy.moml.MoMLSimpleApplication@639ae756
----------------- Done invoking toplevel() on ptolemy.moml.MoMLSimpleApplication@639ae756
reloadAllAccessors: .ConstantPublisherPort4

===========================================================================================
----------------- testing Tue Jul 06 02:07:48 UTC 2021 /home/travis/build/icyphy/ptII/ptolemy/actor/lib/test/auto/ConstantPublisherPort5.xml
----------------- Instantiating /home/travis/build/icyphy/ptII/ptolemy/actor/lib/test/auto/ConstantPublisherPort5.xml
23 ms. Memory: 272384K Free: 162975K (60%)
----------------- Invoking toplevel() on ptolemy.moml.MoMLSimpleApplication@4977b782
----------------- Done invoking toplevel() on ptolemy.moml.MoMLSimpleApplication@4977b782
reloadAllAccessors: .ConstantPublisherPort5

===========================================================================================
----------------- testing Tue Jul 06 02:07:48 UTC 2021 /home/travis/build/icyphy/ptII/ptolemy/actor/lib/test/auto/ConstantPublisherPort6.xml
----------------- Instantiating /home/travis/build/icyphy/ptII/ptolemy/actor/lib/test/auto/ConstantPublisherPort6.xml
18 ms. Memory: 272384K Free: 153245K (56%)
----------------- Invoking toplevel() on ptolemy.moml.MoMLSimpleApplication@563cf9ae
----------------- Done invoking toplevel() on ptolemy.moml.MoMLSimpleApplication@563cf9ae
reloadAllAccessors: .ConstantPublisherPort6

===========================================================================================
----------------- testing Tue Jul 06 02:07:48 UTC 2021 /home/travis/build/icyphy/ptII/ptolemy/actor/lib/test/auto/ConstantPublisherPort7.xml
----------------- Instantiating /home/travis/build/icyphy/ptII/ptolemy/actor/lib/test/auto/ConstantPublisherPort7.xml
16 ms. Memory: 272384K Free: 144029K (53%)
----------------- Invoking toplevel() on ptolemy.moml.MoMLSimpleApplication@7cb87a52
----------------- Done invoking toplevel() on ptolemy.moml.MoMLSimpleApplication@7cb87a52
reloadAllAccessors: .ConstantPublisherPort7

===========================================================================================
----------------- testing Tue Jul 06 02:07:48 UTC 2021 /home/travis/build/icyphy/ptII/ptolemy/actor/lib/test/auto/ConstraintMonitor1.xml
----------------- Instantiating /home/travis/build/icyphy/ptII/ptolemy/actor/lib/test/auto/ConstraintMonitor1.xml
5 ms. Memory: 272384K Free: 139423K (51%)
----------------- Invoking toplevel() on ptolemy.moml.MoMLSimpleApplication@249abe80
----------------- Done invoking toplevel() on ptolemy.moml.MoMLSimpleApplication@249abe80
reloadAllAccessors: .ConstraintMonitor1

===========================================================================================
----------------- testing Tue Jul 06 02:07:48 UTC 2021 /home/travis/build/icyphy/ptII/ptolemy/actor/lib/test/auto/ConstraintMonitor2.xml
----------------- Instantiating /home/travis/build/icyphy/ptII/ptolemy/actor/lib/test/auto/ConstraintMonitor2.xml
4 ms. Memory: 272384K Free: 134813K (49%)
----------------- Invoking toplevel() on ptolemy.moml.MoMLSimpleApplication@1f05e0c2
----------------- Done invoking toplevel() on ptolemy.moml.MoMLSimpleApplication@1f05e0c2
reloadAllAccessors: .ConstraintMonitor2

===========================================================================================
----------------- testing Tue Jul 06 02:07:48 UTC 2021 /home/travis/build/icyphy/ptII/ptolemy/actor/lib/test/auto/ConstraintMonitor3.xml
----------------- Instantiating /home/travis/build/icyphy/ptII/ptolemy/actor/lib/test/auto/ConstraintMonitor3.xml
1 ms. Memory: 272384K Free: 130207K (48%)
----------------- Invoking toplevel() on ptolemy.moml.MoMLSimpleApplication@154220d7
----------------- Done invoking toplevel() on ptolemy.moml.MoMLSimpleApplication@154220d7
reloadAllAccessors: .ConstraintMonitor3

===========================================================================================
----------------- testing Tue Jul 06 02:07:49 UTC 2021 /home/travis/build/icyphy/ptII/ptolemy/actor/lib/test/auto/ConstraintMonitor4.xml
----------------- Instantiating /home/travis/build/icyphy/ptII/ptolemy/actor/lib/test/auto/ConstraintMonitor4.xml
4 ms. Memory: 272384K Free: 125597K (46%)
----------------- Invoking toplevel() on ptolemy.moml.MoMLSimpleApplication@71d283f7
----------------- Done invoking toplevel() on ptolemy.moml.MoMLSimpleApplication@71d283f7
reloadAllAccessors: .ConstraintMonitor4

===========================================================================================
----------------- testing Tue Jul 06 02:07:49 UTC 2021 /home/travis/build/icyphy/ptII/ptolemy/actor/lib/test/auto/ConstraintMonitor5.xml
----------------- Instantiating /home/travis/build/icyphy/ptII/ptolemy/actor/lib/test/auto/ConstraintMonitor5.xml
1 ms. Memory: 272384K Free: 119967K (44%)
----------------- Invoking toplevel() on ptolemy.moml.MoMLSimpleApplication@5b3f11e6
----------------- Done invoking toplevel() on ptolemy.moml.MoMLSimpleApplication@5b3f11e6
reloadAllAccessors: .ConstraintMonitor5

===========================================================================================
----------------- testing Tue Jul 06 02:07:49 UTC 2021 /home/travis/build/icyphy/ptII/ptolemy/actor/lib/test/auto/ConstraintMonitor6.xml
----------------- Instantiating /home/travis/build/icyphy/ptII/ptolemy/actor/lib/test/auto/ConstraintMonitor6.xml
2 ms. Memory: 272384K Free: 114319K (42%)
----------------- Invoking toplevel() on ptolemy.moml.MoMLSimpleApplication@2668380a
----------------- Done invoking toplevel() on ptolemy.moml.MoMLSimpleApplication@2668380a
reloadAllAccessors: .ConstraintMonitor6

===========================================================================================
----------------- testing Tue Jul 06 02:07:49 UTC 2021 /home/travis/build/icyphy/ptII/ptolemy/actor/lib/test/auto/ConstraintMonitor7.xml
----------------- Instantiating /home/travis/build/icyphy/ptII/ptolemy/actor/lib/test/auto/ConstraintMonitor7.xml
5 ms. Memory: 272384K Free: 107679K (40%)
----------------- Invoking toplevel() on ptolemy.moml.MoMLSimpleApplication@129cfdc7
----------------- Done invoking toplevel() on ptolemy.moml.MoMLSimpleApplication@129cfdc7
reloadAllAccessors: .ConstraintMonitor7

===========================================================================================
----------------- testing Tue Jul 06 02:07:49 UTC 2021 /home/travis/build/icyphy/ptII/ptolemy/actor/lib/test/auto/ConstraintMonitor8.xml
----------------- Instantiating /home/travis/build/icyphy/ptII/ptolemy/actor/lib/test/auto/ConstraintMonitor8.xml
5 ms. Memory: 272384K Free: 99997K (37%)
----------------- Invoking toplevel() on ptolemy.moml.MoMLSimpleApplication@7b41fdff
----------------- Done invoking toplevel() on ptolemy.moml.MoMLSimpleApplication@7b41fdff
reloadAllAccessors: .ConstraintMonitor8

===========================================================================================
----------------- testing Tue Jul 06 02:07:49 UTC 2021 /home/travis/build/icyphy/ptII/ptolemy/actor/lib/test/auto/Counter.xml
----------------- Instantiating /home/travis/build/icyphy/ptII/ptolemy/actor/lib/test/auto/Counter.xml
2 ms. Memory: 272384K Free: 95391K (35%)
----------------- Invoking toplevel() on ptolemy.moml.MoMLSimpleApplication@36d9b281
----------------- Done invoking toplevel() on ptolemy.moml.MoMLSimpleApplication@36d9b281
reloadAllAccessors: .Counter

===========================================================================================
----------------- testing Tue Jul 06 02:07:49 UTC 2021 /home/travis/build/icyphy/ptII/ptolemy/actor/lib/test/auto/CurrentTimeSDF.xml
----------------- Instantiating /home/travis/build/icyphy/ptII/ptolemy/actor/lib/test/auto/CurrentTimeSDF.xml
2 ms. Memory: 272384K Free: 91295K (34%)
----------------- Invoking toplevel() on ptolemy.moml.MoMLSimpleApplication@5622fc34
----------------- Done invoking toplevel() on ptolemy.moml.MoMLSimpleApplication@5622fc34
reloadAllAccessors: .CurrentTimeSDF

===========================================================================================
----------------- testing Tue Jul 06 02:07:49 UTC 2021 /home/travis/build/icyphy/ptII/ptolemy/actor/lib/test/auto/DB.xml
----------------- Instantiating /home/travis/build/icyphy/ptII/ptolemy/actor/lib/test/auto/DB.xml
2 ms. Memory: 272384K Free: 86175K (32%)
----------------- Invoking toplevel() on ptolemy.moml.MoMLSimpleApplication@51e3f96b
----------------- Done invoking toplevel() on ptolemy.moml.MoMLSimpleApplication@51e3f96b
reloadAllAccessors: .DB

===========================================================================================
----------------- testing Tue Jul 06 02:07:49 UTC 2021 /home/travis/build/icyphy/ptII/ptolemy/actor/lib/test/auto/DBDE.xml
----------------- Instantiating /home/travis/build/icyphy/ptII/ptolemy/actor/lib/test/auto/DBDE.xml
2 ms. Memory: 272384K Free: 80511K (30%)
----------------- Invoking toplevel() on ptolemy.moml.MoMLSimpleApplication@74632959
----------------- Done invoking toplevel() on ptolemy.moml.MoMLSimpleApplication@74632959
reloadAllAccessors: .DBDE

===========================================================================================
----------------- testing Tue Jul 06 02:07:49 UTC 2021 /home/travis/build/icyphy/ptII/ptolemy/actor/lib/test/auto/DateConstructor.xml
----------------- Instantiating /home/travis/build/icyphy/ptII/ptolemy/actor/lib/test/auto/DateConstructor.xml
40 ms. Memory: 272384K Free: 223280K (82%)
----------------- Invoking toplevel() on ptolemy.moml.MoMLSimpleApplication@3897b63d
----------------- Done invoking toplevel() on ptolemy.moml.MoMLSimpleApplication@3897b63d
reloadAllAccessors: .DateConstructor

===========================================================================================
----------------- testing Tue Jul 06 02:07:49 UTC 2021 /home/travis/build/icyphy/ptII/ptolemy/actor/lib/test/auto/DelayTime.xml
----------------- Instantiating /home/travis/build/icyphy/ptII/ptolemy/actor/lib/test/auto/DelayTime.xml
3 ms. Memory: 272384K Free: 217789K (80%)
----------------- Invoking toplevel() on ptolemy.moml.MoMLSimpleApplication@75ff6e3
----------------- Done invoking toplevel() on ptolemy.moml.MoMLSimpleApplication@75ff6e3
reloadAllAccessors: .DelayTime

===========================================================================================
----------------- testing Tue Jul 06 02:07:49 UTC 2021 /home/travis/build/icyphy/ptII/ptolemy/actor/lib/test/auto/Dictionary1.xml
----------------- Instantiating /home/travis/build/icyphy/ptII/ptolemy/actor/lib/test/auto/Dictionary1.xml
2 ms. Memory: 272384K Free: 212155K (78%)
----------------- Invoking toplevel() on ptolemy.moml.MoMLSimpleApplication@250b28d4
----------------- Done invoking toplevel() on ptolemy.moml.MoMLSimpleApplication@250b28d4
reloadAllAccessors: .Dictionary1

===========================================================================================
----------------- testing Tue Jul 06 02:07:49 UTC 2021 /home/travis/build/icyphy/ptII/ptolemy/actor/lib/test/auto/Dictionary2.xml
----------------- Instantiating /home/travis/build/icyphy/ptII/ptolemy/actor/lib/test/auto/Dictionary2.xml
1 ms. Memory: 272384K Free: 206525K (76%)
----------------- Invoking toplevel() on ptolemy.moml.MoMLSimpleApplication@312bff79
----------------- Done invoking toplevel() on ptolemy.moml.MoMLSimpleApplication@312bff79
reloadAllAccessors: .Dictionary2

===========================================================================================
----------------- testing Tue Jul 06 02:07:49 UTC 2021 /home/travis/build/icyphy/ptII/ptolemy/actor/lib/test/auto/Dictionary3.xml
----------------- Instantiating /home/travis/build/icyphy/ptII/ptolemy/actor/lib/test/auto/Dictionary3.xml
1 ms. Memory: 272384K Free: 201405K (74%)
----------------- Invoking toplevel() on ptolemy.moml.MoMLSimpleApplication@f985b1c
----------------- Done invoking toplevel() on ptolemy.moml.MoMLSimpleApplication@f985b1c
reloadAllAccessors: .Dictionary3

===========================================================================================
----------------- testing Tue Jul 06 02:07:49 UTC 2021 /home/travis/build/icyphy/ptII/ptolemy/actor/lib/test/auto/Dictionary4.xml
----------------- Instantiating /home/travis/build/icyphy/ptII/ptolemy/actor/lib/test/auto/Dictionary4.xml
4 ms. Memory: 272384K Free: 194237K (71%)
----------------- Invoking toplevel() on ptolemy.moml.MoMLSimpleApplication@707caa2a
----------------- Done invoking toplevel() on ptolemy.moml.MoMLSimpleApplication@707caa2a
reloadAllAccessors: .Dictionary4

===========================================================================================
----------------- testing Tue Jul 06 02:07:49 UTC 2021 /home/travis/build/icyphy/ptII/ptolemy/actor/lib/test/auto/Differential.xml
----------------- Instantiating /home/travis/build/icyphy/ptII/ptolemy/actor/lib/test/auto/Differential.xml
2 ms. Memory: 272384K Free: 189627K (70%)
----------------- Invoking toplevel() on ptolemy.moml.MoMLSimpleApplication@40913b
----------------- Done invoking toplevel() on ptolemy.moml.MoMLSimpleApplication@40913b
reloadAllAccessors: .Differential

===========================================================================================
----------------- testing Tue Jul 06 02:07:49 UTC 2021 /home/travis/build/icyphy/ptII/ptolemy/actor/lib/test/auto/Director.xml
----------------- Instantiating /home/travis/build/icyphy/ptII/ptolemy/actor/lib/test/auto/Director.xml
3 ms. Memory: 272384K Free: 186555K (68%)
----------------- Invoking toplevel() on ptolemy.moml.MoMLSimpleApplication@71fadcae
----------------- Done invoking toplevel() on ptolemy.moml.MoMLSimpleApplication@71fadcae
reloadAllAccessors: .Director

===========================================================================================
----------------- testing Tue Jul 06 02:07:49 UTC 2021 /home/travis/build/icyphy/ptII/ptolemy/actor/lib/test/auto/DiscreteClock.xml
----------------- Instantiating /home/travis/build/icyphy/ptII/ptolemy/actor/lib/test/auto/DiscreteClock.xml
1 ms. Memory: 272384K Free: 182459K (67%)
----------------- Invoking toplevel() on ptolemy.moml.MoMLSimpleApplication@55003d45
----------------- Done invoking toplevel() on ptolemy.moml.MoMLSimpleApplication@55003d45
reloadAllAccessors: .DiscreteClock

===========================================================================================
----------------- testing Tue Jul 06 02:07:49 UTC 2021 /home/travis/build/icyphy/ptII/ptolemy/actor/lib/test/auto/DiscreteClock10.xml
----------------- Instantiating /home/travis/build/icyphy/ptII/ptolemy/actor/lib/test/auto/DiscreteClock10.xml
2 ms. Memory: 272384K Free: 176315K (65%)
----------------- Invoking toplevel() on ptolemy.moml.MoMLSimpleApplication@6ae99d3b
----------------- Done invoking toplevel() on ptolemy.moml.MoMLSimpleApplication@6ae99d3b
reloadAllAccessors: .DiscreteClock10

===========================================================================================
----------------- testing Tue Jul 06 02:07:49 UTC 2021 /home/travis/build/icyphy/ptII/ptolemy/actor/lib/test/auto/DiscreteClock11.xml
----------------- Instantiating /home/travis/build/icyphy/ptII/ptolemy/actor/lib/test/auto/DiscreteClock11.xml
1 ms. Memory: 272384K Free: 170171K (62%)
----------------- Invoking toplevel() on ptolemy.moml.MoMLSimpleApplication@5643276f
----------------- Done invoking toplevel() on ptolemy.moml.MoMLSimpleApplication@5643276f
reloadAllAccessors: .DiscreteClock11

===========================================================================================
----------------- testing Tue Jul 06 02:07:49 UTC 2021 /home/travis/build/icyphy/ptII/ptolemy/actor/lib/test/auto/DiscreteClock12.xml
----------------- Instantiating /home/travis/build/icyphy/ptII/ptolemy/actor/lib/test/auto/DiscreteClock12.xml
2 ms. Memory: 272384K Free: 164541K (60%)
----------------- Invoking toplevel() on ptolemy.moml.MoMLSimpleApplication@2868e16e
----------------- Done invoking toplevel() on ptolemy.moml.MoMLSimpleApplication@2868e16e
reloadAllAccessors: .DiscreteClock12

===========================================================================================
----------------- testing Tue Jul 06 02:07:49 UTC 2021 /home/travis/build/icyphy/ptII/ptolemy/actor/lib/test/auto/DiscreteClock13.xml
----------------- Instantiating /home/travis/build/icyphy/ptII/ptolemy/actor/lib/test/auto/DiscreteClock13.xml
3 ms. Memory: 272384K Free: 158397K (58%)
----------------- Invoking toplevel() on ptolemy.moml.MoMLSimpleApplication@148d6ac3
----------------- Done invoking toplevel() on ptolemy.moml.MoMLSimpleApplication@148d6ac3
reloadAllAccessors: .DiscreteClock13

===========================================================================================
----------------- testing Tue Jul 06 02:07:49 UTC 2021 /home/travis/build/icyphy/ptII/ptolemy/actor/lib/test/auto/DiscreteClock14.xml
----------------- Instantiating /home/travis/build/icyphy/ptII/ptolemy/actor/lib/test/auto/DiscreteClock14.xml
1 ms. Memory: 272384K Free: 152253K (56%)
----------------- Invoking toplevel() on ptolemy.moml.MoMLSimpleApplication@415ac9a8
----------------- Done invoking toplevel() on ptolemy.moml.MoMLSimpleApplication@415ac9a8
reloadAllAccessors: .DiscreteClock14

===========================================================================================
----------------- testing Tue Jul 06 02:07:49 UTC 2021 /home/travis/build/icyphy/ptII/ptolemy/actor/lib/test/auto/DiscreteClock15.xml
----------------- Instantiating /home/travis/build/icyphy/ptII/ptolemy/actor/lib/test/auto/DiscreteClock15.xml
2 ms. Memory: 272384K Free: 146605K (54%)
----------------- Invoking toplevel() on ptolemy.moml.MoMLSimpleApplication@4169942a
----------------- Done invoking toplevel() on ptolemy.moml.MoMLSimpleApplication@4169942a
reloadAllAccessors: .DiscreteClock15

===========================================================================================
----------------- testing Tue Jul 06 02:07:49 UTC 2021 /home/travis/build/icyphy/ptII/ptolemy/actor/lib/test/auto/DiscreteClock16.xml
----------------- Instantiating /home/travis/build/icyphy/ptII/ptolemy/actor/lib/test/auto/DiscreteClock16.xml
12 ms. Memory: 272384K Free: 132797K (49%)
----------------- Invoking toplevel() on ptolemy.moml.MoMLSimpleApplication@53c11499
----------------- Done invoking toplevel() on ptolemy.moml.MoMLSimpleApplication@53c11499
reloadAllAccessors: .DiscreteClock16

===========================================================================================
----------------- testing Tue Jul 06 02:07:49 UTC 2021 /home/travis/build/icyphy/ptII/ptolemy/actor/lib/test/auto/DiscreteClock17.xml
----------------- Instantiating /home/travis/build/icyphy/ptII/ptolemy/actor/lib/test/auto/DiscreteClock17.xml
17 ms. Memory: 272384K Free: 117933K (43%)
----------------- Invoking toplevel() on ptolemy.moml.MoMLSimpleApplication@51e06a9b
----------------- Done invoking toplevel() on ptolemy.moml.MoMLSimpleApplication@51e06a9b
reloadAllAccessors: .DiscreteClock17

===========================================================================================
----------------- testing Tue Jul 06 02:07:49 UTC 2021 /home/travis/build/icyphy/ptII/ptolemy/actor/lib/test/auto/DiscreteClock18.xml
----------------- Instantiating /home/travis/build/icyphy/ptII/ptolemy/actor/lib/test/auto/DiscreteClock18.xml
11 ms. Memory: 272384K Free: 104635K (38%)
----------------- Invoking toplevel() on ptolemy.moml.MoMLSimpleApplication@537ae2dd
----------------- Done invoking toplevel() on ptolemy.moml.MoMLSimpleApplication@537ae2dd
reloadAllAccessors: .DiscreteClock18

===========================================================================================
----------------- testing Tue Jul 06 02:07:49 UTC 2021 /home/travis/build/icyphy/ptII/ptolemy/actor/lib/test/auto/DiscreteClock19.xml
----------------- Instantiating /home/travis/build/icyphy/ptII/ptolemy/actor/lib/test/auto/DiscreteClock19.xml
10 ms. Memory: 272384K Free: 90813K (33%)
----------------- Invoking toplevel() on ptolemy.moml.MoMLSimpleApplication@2a7692b7
----------------- Done invoking toplevel() on ptolemy.moml.MoMLSimpleApplication@2a7692b7
reloadAllAccessors: .DiscreteClock19

===========================================================================================
----------------- testing Tue Jul 06 02:07:49 UTC 2021 /home/travis/build/icyphy/ptII/ptolemy/actor/lib/test/auto/DiscreteClock2.xml
----------------- Instantiating /home/travis/build/icyphy/ptII/ptolemy/actor/lib/test/auto/DiscreteClock2.xml
1 ms. Memory: 272384K Free: 86189K (32%)
----------------- Invoking toplevel() on ptolemy.moml.MoMLSimpleApplication@56b39c3b
----------------- Done invoking toplevel() on ptolemy.moml.MoMLSimpleApplication@56b39c3b
reloadAllAccessors: .DiscreteClock2

===========================================================================================
----------------- testing Tue Jul 06 02:07:49 UTC 2021 /home/travis/build/icyphy/ptII/ptolemy/actor/lib/test/auto/DiscreteClock20.xml
----------------- Instantiating /home/travis/build/icyphy/ptII/ptolemy/actor/lib/test/auto/DiscreteClock20.xml
3 ms. Memory: 272384K Free: 80573K (30%)
----------------- Invoking toplevel() on ptolemy.moml.MoMLSimpleApplication@665e30e9
----------------- Done invoking toplevel() on ptolemy.moml.MoMLSimpleApplication@665e30e9
reloadAllAccessors: .DiscreteClock20

===========================================================================================
----------------- testing Tue Jul 06 02:07:49 UTC 2021 /home/travis/build/icyphy/ptII/ptolemy/actor/lib/test/auto/DiscreteClock21.xml
----------------- Instantiating /home/travis/build/icyphy/ptII/ptolemy/actor/lib/test/auto/DiscreteClock21.xml
2 ms. Memory: 272384K Free: 74939K (28%)
----------------- Invoking toplevel() on ptolemy.moml.MoMLSimpleApplication@719eab14
----------------- Done invoking toplevel() on ptolemy.moml.MoMLSimpleApplication@719eab14
reloadAllAccessors: .DiscreteClock21

===========================================================================================
----------------- testing Tue Jul 06 02:07:49 UTC 2021 /home/travis/build/icyphy/ptII/ptolemy/actor/lib/test/auto/DiscreteClock22.xml
----------------- Instantiating /home/travis/build/icyphy/ptII/ptolemy/actor/lib/test/auto/DiscreteClock22.xml
2 ms. Memory: 272384K Free: 69309K (25%)
----------------- Invoking toplevel() on ptolemy.moml.MoMLSimpleApplication@664c4633
----------------- Done invoking toplevel() on ptolemy.moml.MoMLSimpleApplication@664c4633
reloadAllAccessors: .DiscreteClock22

===========================================================================================
----------------- testing Tue Jul 06 02:07:49 UTC 2021 /home/travis/build/icyphy/ptII/ptolemy/actor/lib/test/auto/DiscreteClock23.xml
----------------- Instantiating /home/travis/build/icyphy/ptII/ptolemy/actor/lib/test/auto/DiscreteClock23.xml
6 ms. Memory: 272384K Free: 64189K (24%)
----------------- Invoking toplevel() on ptolemy.moml.MoMLSimpleApplication@41091b42
----------------- Done invoking toplevel() on ptolemy.moml.MoMLSimpleApplication@41091b42
reloadAllAccessors: .DiscreteClock23

===========================================================================================
----------------- testing Tue Jul 06 02:07:49 UTC 2021 /home/travis/build/icyphy/ptII/ptolemy/actor/lib/test/auto/DiscreteClock24.xml
----------------- Instantiating /home/travis/build/icyphy/ptII/ptolemy/actor/lib/test/auto/DiscreteClock24.xml
2 ms. Memory: 454656K Free: 400976K (88%)
----------------- Invoking toplevel() on ptolemy.moml.MoMLSimpleApplication@6ab76048
----------------- Done invoking toplevel() on ptolemy.moml.MoMLSimpleApplication@6ab76048
reloadAllAccessors: .DiscreteClock24

===========================================================================================
----------------- testing Tue Jul 06 02:07:49 UTC 2021 /home/travis/build/icyphy/ptII/ptolemy/actor/lib/test/auto/DiscreteClock4.xml
----------------- Instantiating /home/travis/build/icyphy/ptII/ptolemy/actor/lib/test/auto/DiscreteClock4.xml
4 ms. Memory: 454656K Free: 395346K (87%)
----------------- Invoking toplevel() on ptolemy.moml.MoMLSimpleApplication@7613265b
----------------- Done invoking toplevel() on ptolemy.moml.MoMLSimpleApplication@7613265b
reloadAllAccessors: .DiscreteClock4

===========================================================================================
----------------- testing Tue Jul 06 02:07:49 UTC 2021 /home/travis/build/icyphy/ptII/ptolemy/actor/lib/test/auto/DiscreteClock5.xml
----------------- Instantiating /home/travis/build/icyphy/ptII/ptolemy/actor/lib/test/auto/DiscreteClock5.xml
1 ms. Memory: 454656K Free: 389706K (86%)
----------------- Invoking toplevel() on ptolemy.moml.MoMLSimpleApplication@6e90904
----------------- Done invoking toplevel() on ptolemy.moml.MoMLSimpleApplication@6e90904
reloadAllAccessors: .DiscreteClock5

===========================================================================================
----------------- testing Tue Jul 06 02:07:49 UTC 2021 /home/travis/build/icyphy/ptII/ptolemy/actor/lib/test/auto/DiscreteClock6.xml
----------------- Instantiating /home/travis/build/icyphy/ptII/ptolemy/actor/lib/test/auto/DiscreteClock6.xml
1 ms. Memory: 454656K Free: 385616K (85%)
----------------- Invoking toplevel() on ptolemy.moml.MoMLSimpleApplication@7af8dfbf
----------------- Done invoking toplevel() on ptolemy.moml.MoMLSimpleApplication@7af8dfbf
reloadAllAccessors: .DiscreteClock6

===========================================================================================
----------------- testing Tue Jul 06 02:07:49 UTC 2021 /home/travis/build/icyphy/ptII/ptolemy/actor/lib/test/auto/DiscreteClock7.xml
----------------- Instantiating /home/travis/build/icyphy/ptII/ptolemy/actor/lib/test/auto/DiscreteClock7.xml
1 ms. Memory: 454656K Free: 380496K (84%)
----------------- Invoking toplevel() on ptolemy.moml.MoMLSimpleApplication@36818c5e
----------------- Done invoking toplevel() on ptolemy.moml.MoMLSimpleApplication@36818c5e
reloadAllAccessors: .DiscreteClock7

===========================================================================================
----------------- testing Tue Jul 06 02:07:49 UTC 2021 /home/travis/build/icyphy/ptII/ptolemy/actor/lib/test/auto/DiscreteClock8.xml
----------------- Instantiating /home/travis/build/icyphy/ptII/ptolemy/actor/lib/test/auto/DiscreteClock8.xml
1 ms. Memory: 454656K Free: 374866K (82%)
----------------- Invoking toplevel() on ptolemy.moml.MoMLSimpleApplication@28234932
----------------- Done invoking toplevel() on ptolemy.moml.MoMLSimpleApplication@28234932
reloadAllAccessors: .DiscreteClock8

===========================================================================================
----------------- testing Tue Jul 06 02:07:49 UTC 2021 /home/travis/build/icyphy/ptII/ptolemy/actor/lib/test/auto/DiscreteClock9.xml
----------------- Instantiating /home/travis/build/icyphy/ptII/ptolemy/actor/lib/test/auto/DiscreteClock9.xml
2 ms. Memory: 454656K Free: 368722K (81%)
----------------- Invoking toplevel() on ptolemy.moml.MoMLSimpleApplication@26c98da9
----------------- Done invoking toplevel() on ptolemy.moml.MoMLSimpleApplication@26c98da9
reloadAllAccessors: .DiscreteClock9

===========================================================================================
----------------- testing Tue Jul 06 02:07:49 UTC 2021 /home/travis/build/icyphy/ptII/ptolemy/actor/lib/test/auto/DisplayArray.xml
----------------- Instantiating /home/travis/build/icyphy/ptII/ptolemy/actor/lib/test/auto/DisplayArray.xml
2 ms. Memory: 454656K Free: 365136K (80%)
----------------- Invoking toplevel() on ptolemy.moml.MoMLSimpleApplication@2f4109cc
----------------- Done invoking toplevel() on ptolemy.moml.MoMLSimpleApplication@2f4109cc
reloadAllAccessors: .DisplayArray

===========================================================================================
----------------- testing Tue Jul 06 02:07:49 UTC 2021 /home/travis/build/icyphy/ptII/ptolemy/actor/lib/test/auto/Distributor.xml
----------------- Instantiating /home/travis/build/icyphy/ptII/ptolemy/actor/lib/test/auto/Distributor.xml
1 ms. Memory: 454656K Free: 361040K (79%)
----------------- Invoking toplevel() on ptolemy.moml.MoMLSimpleApplication@29f7b812
----------------- Done invoking toplevel() on ptolemy.moml.MoMLSimpleApplication@29f7b812
reloadAllAccessors: .Distributor

===========================================================================================
----------------- testing Tue Jul 06 02:07:49 UTC 2021 /home/travis/build/icyphy/ptII/ptolemy/actor/lib/test/auto/Distributor2.xml
----------------- Instantiating /home/travis/build/icyphy/ptII/ptolemy/actor/lib/test/auto/Distributor2.xml
1 ms. Memory: 454656K Free: 355920K (78%)
----------------- Invoking toplevel() on ptolemy.moml.MoMLSimpleApplication@1a515532
----------------- Done invoking toplevel() on ptolemy.moml.MoMLSimpleApplication@1a515532
reloadAllAccessors: .Distributor2

===========================================================================================
----------------- testing Tue Jul 06 02:07:49 UTC 2021 /home/travis/build/icyphy/ptII/ptolemy/actor/lib/test/auto/DownSample.xml
----------------- Instantiating /home/travis/build/icyphy/ptII/ptolemy/actor/lib/test/auto/DownSample.xml
1 ms. Memory: 454656K Free: 351314K (77%)
----------------- Invoking toplevel() on ptolemy.moml.MoMLSimpleApplication@72b7ca4f
----------------- Done invoking toplevel() on ptolemy.moml.MoMLSimpleApplication@72b7ca4f
reloadAllAccessors: .DownSample

===========================================================================================
----------------- testing Tue Jul 06 02:07:49 UTC 2021 /home/travis/build/icyphy/ptII/ptolemy/actor/lib/test/auto/ElectronicUnitBase1.xml
----------------- Instantiating /home/travis/build/icyphy/ptII/ptolemy/actor/lib/test/auto/ElectronicUnitBase1.xml
13 ms. Memory: 454656K Free: 335440K (74%)
----------------- Invoking toplevel() on ptolemy.moml.MoMLSimpleApplication@3559da60
----------------- Done invoking toplevel() on ptolemy.moml.MoMLSimpleApplication@3559da60
reloadAllAccessors: .ElectronicUnitBase1

===========================================================================================
----------------- testing Tue Jul 06 02:07:49 UTC 2021 /home/travis/build/icyphy/ptII/ptolemy/actor/lib/test/auto/ElementsToArray.xml
----------------- Instantiating /home/travis/build/icyphy/ptII/ptolemy/actor/lib/test/auto/ElementsToArray.xml
3 ms. Memory: 454656K Free: 330320K (73%)
----------------- Invoking toplevel() on ptolemy.moml.MoMLSimpleApplication@57231401
----------------- Done invoking toplevel() on ptolemy.moml.MoMLSimpleApplication@57231401
reloadAllAccessors: .ElementsToArray

===========================================================================================
----------------- testing Tue Jul 06 02:07:49 UTC 2021 /home/travis/build/icyphy/ptII/ptolemy/actor/lib/test/auto/Equals.xml
----------------- Instantiating /home/travis/build/icyphy/ptII/ptolemy/actor/lib/test/auto/Equals.xml
2 ms. Memory: 454656K Free: 326224K (72%)
----------------- Invoking toplevel() on ptolemy.moml.MoMLSimpleApplication@38e345d1
----------------- Done invoking toplevel() on ptolemy.moml.MoMLSimpleApplication@38e345d1
reloadAllAccessors: .Equals

===========================================================================================
----------------- testing Tue Jul 06 02:07:49 UTC 2021 /home/travis/build/icyphy/ptII/ptolemy/actor/lib/test/auto/Exec.xml
----------------- Instantiating /home/travis/build/icyphy/ptII/ptolemy/actor/lib/test/auto/Exec.xml
13 ms. Memory: 454656K Free: 320080K (70%)
----------------- Invoking toplevel() on ptolemy.moml.MoMLSimpleApplication@2f98f937
----------------- Done invoking toplevel() on ptolemy.moml.MoMLSimpleApplication@2f98f937
reloadAllAccessors: .Exec

===========================================================================================
----------------- testing Tue Jul 06 02:07:50 UTC 2021 /home/travis/build/icyphy/ptII/ptolemy/actor/lib/test/auto/ExecEnvironment.xml
----------------- Instantiating /home/travis/build/icyphy/ptII/ptolemy/actor/lib/test/auto/ExecEnvironment.xml
33 ms. Memory: 454656K Free: 314448K (69%)
----------------- Invoking toplevel() on ptolemy.moml.MoMLSimpleApplication@1044743
----------------- Done invoking toplevel() on ptolemy.moml.MoMLSimpleApplication@1044743
reloadAllAccessors: .ExecEnvironment

===========================================================================================
----------------- testing Tue Jul 06 02:07:50 UTC 2021 /home/travis/build/icyphy/ptII/ptolemy/actor/lib/test/auto/ExecNonZeroReturnOutput.xml
----------------- Instantiating /home/travis/build/icyphy/ptII/ptolemy/actor/lib/test/auto/ExecNonZeroReturnOutput.xml
161 ms. Memory: 454656K Free: 302672K (67%)
----------------- Invoking toplevel() on ptolemy.moml.MoMLSimpleApplication@2f3f1ca7
----------------- Done invoking toplevel() on ptolemy.moml.MoMLSimpleApplication@2f3f1ca7
reloadAllAccessors: .ExecNonZeroReturnOutput

===========================================================================================
----------------- testing Tue Jul 06 02:07:50 UTC 2021 /home/travis/build/icyphy/ptII/ptolemy/actor/lib/test/auto/ExecRunDemos.xml
----------------- Instantiating /home/travis/build/icyphy/ptII/ptolemy/actor/lib/test/auto/ExecRunDemos.xml
Finished: 51 ms. Memory: 129024K Free: 112300K (87%)

Finished: 74 ms. Memory: 129024K Free: 109476K (85%)

Finished: 103 ms. Memory: 129024K Free: 109510K (85%)

Finished: 77 ms. Memory: 129024K Free: 111024K (86%)

Finished: 55 ms. Memory: 129024K Free: 111910K (87%)

10098 ms. Memory: 454656K Free: 281680K (62%)
----------------- Invoking toplevel() on ptolemy.moml.MoMLSimpleApplication@4dcb8dce
----------------- Done invoking toplevel() on ptolemy.moml.MoMLSimpleApplication@4dcb8dce
reloadAllAccessors: .ExecRunDemos

===========================================================================================
----------------- testing Tue Jul 06 02:08:00 UTC 2021 /home/travis/build/icyphy/ptII/ptolemy/actor/lib/test/auto/ExecStop.xml
----------------- Instantiating /home/travis/build/icyphy/ptII/ptolemy/actor/lib/test/auto/ExecStop.xml
5017 ms. Memory: 454656K Free: 152658K (34%)
----------------- Invoking toplevel() on ptolemy.moml.MoMLSimpleApplication@5c8fa077
----------------- Done invoking toplevel() on ptolemy.moml.MoMLSimpleApplication@5c8fa077
reloadAllAccessors: .ExecStop

===========================================================================================
----------------- testing Tue Jul 06 02:08:05 UTC 2021 /home/travis/build/icyphy/ptII/ptolemy/actor/lib/test/auto/ExecutionTimeSDF.xml
----------------- Instantiating /home/travis/build/icyphy/ptII/ptolemy/actor/lib/test/auto/ExecutionTimeSDF.xml
Fired ExecutionTime: -529767296
Fired ExecutionTime: 1354000000
Fired ExecutionTime: 1349200000
6004 ms. Memory: 454656K Free: 140370K (31%)
----------------- Invoking toplevel() on ptolemy.moml.MoMLSimpleApplication@2af99f81
----------------- Done invoking toplevel() on ptolemy.moml.MoMLSimpleApplication@2af99f81
reloadAllAccessors: .ExecutionTimeSDF

===========================================================================================
----------------- testing Tue Jul 06 02:08:11 UTC 2021 /home/travis/build/icyphy/ptII/ptolemy/actor/lib/test/auto/Expression1.xml
----------------- Instantiating /home/travis/build/icyphy/ptII/ptolemy/actor/lib/test/auto/Expression1.xml
1 ms. Memory: 454656K Free: 137298K (30%)
----------------- Invoking toplevel() on ptolemy.moml.MoMLSimpleApplication@1f4009e0
----------------- Done invoking toplevel() on ptolemy.moml.MoMLSimpleApplication@1f4009e0
reloadAllAccessors: .Expression1

===========================================================================================
----------------- testing Tue Jul 06 02:08:11 UTC 2021 /home/travis/build/icyphy/ptII/ptolemy/actor/lib/test/auto/Expression10.xml
----------------- Instantiating /home/travis/build/icyphy/ptII/ptolemy/actor/lib/test/auto/Expression10.xml
5 ms. Memory: 454656K Free: 401589K (88%)
----------------- Invoking toplevel() on ptolemy.moml.MoMLSimpleApplication@4a94fa64
----------------- Done invoking toplevel() on ptolemy.moml.MoMLSimpleApplication@4a94fa64
reloadAllAccessors: .Expression10

===========================================================================================
----------------- testing Tue Jul 06 02:08:11 UTC 2021 /home/travis/build/icyphy/ptII/ptolemy/actor/lib/test/auto/Expression11.xml
----------------- Instantiating /home/travis/build/icyphy/ptII/ptolemy/actor/lib/test/auto/Expression11.xml
2 ms. Memory: 454656K Free: 396983K (87%)
----------------- Invoking toplevel() on ptolemy.moml.MoMLSimpleApplication@6c443470
----------------- Done invoking toplevel() on ptolemy.moml.MoMLSimpleApplication@6c443470
reloadAllAccessors: .Expression11

===========================================================================================
----------------- testing Tue Jul 06 02:08:11 UTC 2021 /home/travis/build/icyphy/ptII/ptolemy/actor/lib/test/auto/Expression12.xml
----------------- Instantiating /home/travis/build/icyphy/ptII/ptolemy/actor/lib/test/auto/Expression12.xml
2 ms. Memory: 454656K Free: 391863K (86%)
----------------- Invoking toplevel() on ptolemy.moml.MoMLSimpleApplication@517c6cde
----------------- Done invoking toplevel() on ptolemy.moml.MoMLSimpleApplication@517c6cde
reloadAllAccessors: .Expression12

===========================================================================================
----------------- testing Tue Jul 06 02:08:11 UTC 2021 /home/travis/build/icyphy/ptII/ptolemy/actor/lib/test/auto/Expression13.xml
----------------- Instantiating /home/travis/build/icyphy/ptII/ptolemy/actor/lib/test/auto/Expression13.xml
2 ms. Memory: 454656K Free: 386743K (85%)
----------------- Invoking toplevel() on ptolemy.moml.MoMLSimpleApplication@233d5e99
----------------- Done invoking toplevel() on ptolemy.moml.MoMLSimpleApplication@233d5e99
reloadAllAccessors: .Expression13

===========================================================================================
----------------- testing Tue Jul 06 02:08:11 UTC 2021 /home/travis/build/icyphy/ptII/ptolemy/actor/lib/test/auto/Expression14.xml
----------------- Instantiating /home/travis/build/icyphy/ptII/ptolemy/actor/lib/test/auto/Expression14.xml
3 ms. Memory: 454656K Free: 381109K (84%)
----------------- Invoking toplevel() on ptolemy.moml.MoMLSimpleApplication@4570ffc8
----------------- Done invoking toplevel() on ptolemy.moml.MoMLSimpleApplication@4570ffc8
reloadAllAccessors: .Expression14

===========================================================================================
----------------- testing Tue Jul 06 02:08:11 UTC 2021 /home/travis/build/icyphy/ptII/ptolemy/actor/lib/test/auto/Expression15.xml
----------------- Instantiating /home/travis/build/icyphy/ptII/ptolemy/actor/lib/test/auto/Expression15.xml
1 ms. Memory: 454656K Free: 377013K (83%)
----------------- Invoking toplevel() on ptolemy.moml.MoMLSimpleApplication@2ae660d6
----------------- Done invoking toplevel() on ptolemy.moml.MoMLSimpleApplication@2ae660d6
reloadAllAccessors: .Expression15

===========================================================================================
----------------- testing Tue Jul 06 02:08:11 UTC 2021 /home/travis/build/icyphy/ptII/ptolemy/actor/lib/test/auto/Expression16.xml
----------------- Instantiating /home/travis/build/icyphy/ptII/ptolemy/actor/lib/test/auto/Expression16.xml
2 ms. Memory: 454656K Free: 372407K (82%)
----------------- Invoking toplevel() on ptolemy.moml.MoMLSimpleApplication@168ab119
----------------- Done invoking toplevel() on ptolemy.moml.MoMLSimpleApplication@168ab119
reloadAllAccessors: .Expression16

===========================================================================================
----------------- testing Tue Jul 06 02:08:11 UTC 2021 /home/travis/build/icyphy/ptII/ptolemy/actor/lib/test/auto/Expression17.xml
----------------- Instantiating /home/travis/build/icyphy/ptII/ptolemy/actor/lib/test/auto/Expression17.xml
3 ms. Memory: 454656K Free: 366773K (81%)
----------------- Invoking toplevel() on ptolemy.moml.MoMLSimpleApplication@6ebb5b0a
----------------- Done invoking toplevel() on ptolemy.moml.MoMLSimpleApplication@6ebb5b0a
reloadAllAccessors: .Expression17

===========================================================================================
----------------- testing Tue Jul 06 02:08:11 UTC 2021 /home/travis/build/icyphy/ptII/ptolemy/actor/lib/test/auto/Expression18.xml
----------------- Instantiating /home/travis/build/icyphy/ptII/ptolemy/actor/lib/test/auto/Expression18.xml
1 ms. Memory: 454656K Free: 362165K (80%)
----------------- Invoking toplevel() on ptolemy.moml.MoMLSimpleApplication@2d3a26f2
----------------- Done invoking toplevel() on ptolemy.moml.MoMLSimpleApplication@2d3a26f2
reloadAllAccessors: .Expression18

===========================================================================================
----------------- testing Tue Jul 06 02:08:11 UTC 2021 /home/travis/build/icyphy/ptII/ptolemy/actor/lib/test/auto/Expression2.xml
----------------- Instantiating /home/travis/build/icyphy/ptII/ptolemy/actor/lib/test/auto/Expression2.xml
2 ms. Memory: 454656K Free: 357047K (79%)
----------------- Invoking toplevel() on ptolemy.moml.MoMLSimpleApplication@79b18eae
----------------- Done invoking toplevel() on ptolemy.moml.MoMLSimpleApplication@79b18eae
reloadAllAccessors: .Expression2

===========================================================================================
----------------- testing Tue Jul 06 02:08:11 UTC 2021 /home/travis/build/icyphy/ptII/ptolemy/actor/lib/test/auto/Expression3.xml
----------------- Instantiating /home/travis/build/icyphy/ptII/ptolemy/actor/lib/test/auto/Expression3.xml
5 ms. Memory: 454656K Free: 352437K (78%)
----------------- Invoking toplevel() on ptolemy.moml.MoMLSimpleApplication@1858d1c5
----------------- Done invoking toplevel() on ptolemy.moml.MoMLSimpleApplication@1858d1c5
reloadAllAccessors: .Expression3

===========================================================================================
----------------- testing Tue Jul 06 02:08:11 UTC 2021 /home/travis/build/icyphy/ptII/ptolemy/actor/lib/test/auto/Expression4.xml
----------------- Instantiating /home/travis/build/icyphy/ptII/ptolemy/actor/lib/test/auto/Expression4.xml
5 ms. Memory: 454656K Free: 344759K (76%)
----------------- Invoking toplevel() on ptolemy.moml.MoMLSimpleApplication@1a5fe743
----------------- Done invoking toplevel() on ptolemy.moml.MoMLSimpleApplication@1a5fe743
reloadAllAccessors: .Expression4

===========================================================================================
----------------- testing Tue Jul 06 02:08:11 UTC 2021 /home/travis/build/icyphy/ptII/ptolemy/actor/lib/test/auto/Expression5.xml
----------------- Instantiating /home/travis/build/icyphy/ptII/ptolemy/actor/lib/test/auto/Expression5.xml
3 ms. Memory: 454656K Free: 340149K (75%)
----------------- Invoking toplevel() on ptolemy.moml.MoMLSimpleApplication@549a615c
----------------- Done invoking toplevel() on ptolemy.moml.MoMLSimpleApplication@549a615c
reloadAllAccessors: .Expression5

===========================================================================================
----------------- testing Tue Jul 06 02:08:11 UTC 2021 /home/travis/build/icyphy/ptII/ptolemy/actor/lib/test/auto/Expression6.xml
----------------- Instantiating /home/travis/build/icyphy/ptII/ptolemy/actor/lib/test/auto/Expression6.xml
1 ms. Memory: 454656K Free: 335543K (74%)
----------------- Invoking toplevel() on ptolemy.moml.MoMLSimpleApplication@7063952e
----------------- Done invoking toplevel() on ptolemy.moml.MoMLSimpleApplication@7063952e
reloadAllAccessors: .Expression6

===========================================================================================
----------------- testing Tue Jul 06 02:08:11 UTC 2021 /home/travis/build/icyphy/ptII/ptolemy/actor/lib/test/auto/Expression7.xml
----------------- Instantiating /home/travis/build/icyphy/ptII/ptolemy/actor/lib/test/auto/Expression7.xml
8 ms. Memory: 454656K Free: 330421K (73%)
----------------- Invoking toplevel() on ptolemy.moml.MoMLSimpleApplication@51b68afc
----------------- Done invoking toplevel() on ptolemy.moml.MoMLSimpleApplication@51b68afc
reloadAllAccessors: .Expression7

===========================================================================================
----------------- testing Tue Jul 06 02:08:11 UTC 2021 /home/travis/build/icyphy/ptII/ptolemy/actor/lib/test/auto/Expression8.xml
----------------- Instantiating /home/travis/build/icyphy/ptII/ptolemy/actor/lib/test/auto/Expression8.xml
7 ms. Memory: 454656K Free: 325813K (72%)
----------------- Invoking toplevel() on ptolemy.moml.MoMLSimpleApplication@59a1eb60
----------------- Done invoking toplevel() on ptolemy.moml.MoMLSimpleApplication@59a1eb60
reloadAllAccessors: .Expression8

===========================================================================================
----------------- testing Tue Jul 06 02:08:11 UTC 2021 /home/travis/build/icyphy/ptII/ptolemy/actor/lib/test/auto/Expression9.xml
----------------- Instantiating /home/travis/build/icyphy/ptII/ptolemy/actor/lib/test/auto/Expression9.xml
1 ms. Memory: 454656K Free: 321717K (71%)
----------------- Invoking toplevel() on ptolemy.moml.MoMLSimpleApplication@6a99cba8
----------------- Done invoking toplevel() on ptolemy.moml.MoMLSimpleApplication@6a99cba8
reloadAllAccessors: .Expression9

===========================================================================================
----------------- testing Tue Jul 06 02:08:11 UTC 2021 /home/travis/build/icyphy/ptII/ptolemy/actor/lib/test/auto/ExpressionConcatenateArrayType.xml
----------------- Instantiating /home/travis/build/icyphy/ptII/ptolemy/actor/lib/test/auto/ExpressionConcatenateArrayType.xml
4 ms. Memory: 454656K Free: 315573K (69%)
----------------- Invoking toplevel() on ptolemy.moml.MoMLSimpleApplication@48ba6da
----------------- Done invoking toplevel() on ptolemy.moml.MoMLSimpleApplication@48ba6da
reloadAllAccessors: .ExpressionConcatenateArrayType

===========================================================================================
----------------- testing Tue Jul 06 02:08:11 UTC 2021 /home/travis/build/icyphy/ptII/ptolemy/actor/lib/test/auto/ExpressionConcatenateArrayType2.xml
----------------- Instantiating /home/travis/build/icyphy/ptII/ptolemy/actor/lib/test/auto/ExpressionConcatenateArrayType2.xml
2 ms. Memory: 454656K Free: 309429K (68%)
----------------- Invoking toplevel() on ptolemy.moml.MoMLSimpleApplication@61590ec8
----------------- Done invoking toplevel() on ptolemy.moml.MoMLSimpleApplication@61590ec8
reloadAllAccessors: .ExpressionConcatenateArrayType2

===========================================================================================
----------------- testing Tue Jul 06 02:08:11 UTC 2021 /home/travis/build/icyphy/ptII/ptolemy/actor/lib/test/auto/ExpressionFix.xml
----------------- Instantiating /home/travis/build/icyphy/ptII/ptolemy/actor/lib/test/auto/ExpressionFix.xml
14 ms. Memory: 454656K Free: 302775K (67%)
----------------- Invoking toplevel() on ptolemy.moml.MoMLSimpleApplication@4050f26c
----------------- Done invoking toplevel() on ptolemy.moml.MoMLSimpleApplication@4050f26c
reloadAllAccessors: .ExpressionFix

===========================================================================================
----------------- testing Tue Jul 06 02:08:11 UTC 2021 /home/travis/build/icyphy/ptII/ptolemy/actor/lib/test/auto/ExpressionFix2.xml
----------------- Instantiating /home/travis/build/icyphy/ptII/ptolemy/actor/lib/test/auto/ExpressionFix2.xml
4 ms. Memory: 454656K Free: 299189K (66%)
----------------- Invoking toplevel() on ptolemy.moml.MoMLSimpleApplication@43a11e42
----------------- Done invoking toplevel() on ptolemy.moml.MoMLSimpleApplication@43a11e42
reloadAllAccessors: .ExpressionFix2

===========================================================================================
----------------- testing Tue Jul 06 02:08:11 UTC 2021 /home/travis/build/icyphy/ptII/ptolemy/actor/lib/test/auto/ExpressionFix3.xml
----------------- Instantiating /home/travis/build/icyphy/ptII/ptolemy/actor/lib/test/auto/ExpressionFix3.xml
2 ms. Memory: 454656K Free: 294583K (65%)
----------------- Invoking toplevel() on ptolemy.moml.MoMLSimpleApplication@6524665f
----------------- Done invoking toplevel() on ptolemy.moml.MoMLSimpleApplication@6524665f
reloadAllAccessors: .ExpressionFix3

===========================================================================================
----------------- testing Tue Jul 06 02:08:11 UTC 2021 /home/travis/build/icyphy/ptII/ptolemy/actor/lib/test/auto/FileWriter1.xml
----------------- Instantiating /home/travis/build/icyphy/ptII/ptolemy/actor/lib/test/auto/FileWriter1.xml
2 ms. Memory: 454656K Free: 290997K (64%)
----------------- Invoking toplevel() on ptolemy.moml.MoMLSimpleApplication@156d73f7
----------------- Done invoking toplevel() on ptolemy.moml.MoMLSimpleApplication@156d73f7
reloadAllAccessors: .FileWriter1

===========================================================================================
----------------- testing Tue Jul 06 02:08:11 UTC 2021 /home/travis/build/icyphy/ptII/ptolemy/actor/lib/test/auto/FileWriter2.xml
----------------- Instantiating /home/travis/build/icyphy/ptII/ptolemy/actor/lib/test/auto/FileWriter2.xml
2 ms. Memory: 454656K Free: 286391K (63%)
----------------- Invoking toplevel() on ptolemy.moml.MoMLSimpleApplication@6f5e85c0
----------------- Done invoking toplevel() on ptolemy.moml.MoMLSimpleApplication@6f5e85c0
reloadAllAccessors: .FileWriter2

===========================================================================================
----------------- testing Tue Jul 06 02:08:11 UTC 2021 /home/travis/build/icyphy/ptII/ptolemy/actor/lib/test/auto/FileWriter3.xml
----------------- Instantiating /home/travis/build/icyphy/ptII/ptolemy/actor/lib/test/auto/FileWriter3.xml
1 ms. Memory: 454656K Free: 282295K (62%)
----------------- Invoking toplevel() on ptolemy.moml.MoMLSimpleApplication@b545cc4
----------------- Done invoking toplevel() on ptolemy.moml.MoMLSimpleApplication@b545cc4
reloadAllAccessors: .FileWriter3

===========================================================================================
----------------- testing Tue Jul 06 02:08:11 UTC 2021 /home/travis/build/icyphy/ptII/ptolemy/actor/lib/test/auto/Gaussian.xml
----------------- Instantiating /home/travis/build/icyphy/ptII/ptolemy/actor/lib/test/auto/Gaussian.xml
1 ms. Memory: 454656K Free: 278199K (61%)
----------------- Invoking toplevel() on ptolemy.moml.MoMLSimpleApplication@1a72c195
----------------- Done invoking toplevel() on ptolemy.moml.MoMLSimpleApplication@1a72c195
reloadAllAccessors: .Gaussian

===========================================================================================
----------------- testing Tue Jul 06 02:08:11 UTC 2021 /home/travis/build/icyphy/ptII/ptolemy/actor/lib/test/auto/Gaussian1.xml
----------------- Instantiating /home/travis/build/icyphy/ptII/ptolemy/actor/lib/test/auto/Gaussian1.xml
2 ms. Memory: 454656K Free: 272535K (60%)
----------------- Invoking toplevel() on ptolemy.moml.MoMLSimpleApplication@2d8cbfab
----------------- Done invoking toplevel() on ptolemy.moml.MoMLSimpleApplication@2d8cbfab
reloadAllAccessors: .Gaussian1

===========================================================================================
----------------- testing Tue Jul 06 02:08:11 UTC 2021 /home/travis/build/icyphy/ptII/ptolemy/actor/lib/test/auto/Gaussian2.xml
----------------- Instantiating /home/travis/build/icyphy/ptII/ptolemy/actor/lib/test/auto/Gaussian2.xml
7 ms. Memory: 454656K Free: 266935K (59%)
----------------- Invoking toplevel() on ptolemy.moml.MoMLSimpleApplication@1e5940f
----------------- Done invoking toplevel() on ptolemy.moml.MoMLSimpleApplication@1e5940f
reloadAllAccessors: .Gaussian2

===========================================================================================
----------------- testing Tue Jul 06 02:08:11 UTC 2021 /home/travis/build/icyphy/ptII/ptolemy/actor/lib/test/auto/GradientAdaptiveLattice.xml
----------------- Instantiating /home/travis/build/icyphy/ptII/ptolemy/actor/lib/test/auto/GradientAdaptiveLattice.xml
3 ms. Memory: 454656K Free: 262325K (58%)
----------------- Invoking toplevel() on ptolemy.moml.MoMLSimpleApplication@7a5cd887
----------------- Done invoking toplevel() on ptolemy.moml.MoMLSimpleApplication@7a5cd887
reloadAllAccessors: .GradientAdaptiveLattice

===========================================================================================
----------------- testing Tue Jul 06 02:08:11 UTC 2021 /home/travis/build/icyphy/ptII/ptolemy/actor/lib/test/auto/IIR.xml
----------------- Instantiating /home/travis/build/icyphy/ptII/ptolemy/actor/lib/test/auto/IIR.xml
1 ms. Memory: 454656K Free: 257719K (57%)
----------------- Invoking toplevel() on ptolemy.moml.MoMLSimpleApplication@3a2489ef
----------------- Done invoking toplevel() on ptolemy.moml.MoMLSimpleApplication@3a2489ef
reloadAllAccessors: .IIR

===========================================================================================
----------------- testing Tue Jul 06 02:08:11 UTC 2021 /home/travis/build/icyphy/ptII/ptolemy/actor/lib/test/auto/InputOutputTransparentPorts.xml
----------------- Instantiating /home/travis/build/icyphy/ptII/ptolemy/actor/lib/test/auto/InputOutputTransparentPorts.xml
1 ms. Memory: 454656K Free: 250037K (55%)
----------------- Invoking toplevel() on ptolemy.moml.MoMLSimpleApplication@7d027fe
----------------- Done invoking toplevel() on ptolemy.moml.MoMLSimpleApplication@7d027fe
reloadAllAccessors: .InputOutputTransparentPorts

===========================================================================================
----------------- testing Tue Jul 06 02:08:12 UTC 2021 /home/travis/build/icyphy/ptII/ptolemy/actor/lib/test/auto/Interpolator.xml
----------------- Instantiating /home/travis/build/icyphy/ptII/ptolemy/actor/lib/test/auto/Interpolator.xml
3 ms. Memory: 454656K Free: 245941K (54%)
----------------- Invoking toplevel() on ptolemy.moml.MoMLSimpleApplication@54493e24
----------------- Done invoking toplevel() on ptolemy.moml.MoMLSimpleApplication@54493e24
reloadAllAccessors: .Interpolator

===========================================================================================
----------------- testing Tue Jul 06 02:08:12 UTC 2021 /home/travis/build/icyphy/ptII/ptolemy/actor/lib/test/auto/InterpolatorFiringLimitDE.xml
----------------- Instantiating /home/travis/build/icyphy/ptII/ptolemy/actor/lib/test/auto/InterpolatorFiringLimitDE.xml
2 ms. Memory: 454656K Free: 239797K (53%)
----------------- Invoking toplevel() on ptolemy.moml.MoMLSimpleApplication@337859a0
----------------- Done invoking toplevel() on ptolemy.moml.MoMLSimpleApplication@337859a0
reloadAllAccessors: .InterpolatorFiringLimitDE

===========================================================================================
----------------- testing Tue Jul 06 02:08:12 UTC 2021 /home/travis/build/icyphy/ptII/ptolemy/actor/lib/test/auto/Lattice.xml
----------------- Instantiating /home/travis/build/icyphy/ptII/ptolemy/actor/lib/test/auto/Lattice.xml
1 ms. Memory: 454656K Free: 236215K (52%)
----------------- Invoking toplevel() on ptolemy.moml.MoMLSimpleApplication@76ddca6c
----------------- Done invoking toplevel() on ptolemy.moml.MoMLSimpleApplication@76ddca6c
reloadAllAccessors: .Lattice

===========================================================================================
----------------- testing Tue Jul 06 02:08:12 UTC 2021 /home/travis/build/icyphy/ptII/ptolemy/actor/lib/test/auto/LazyAOCTestLazy.xml
----------------- Instantiating /home/travis/build/icyphy/ptII/ptolemy/actor/lib/test/auto/LazyAOCTestLazy.xml
13 ms. Memory: 454656K Free: 230071K (51%)
----------------- Invoking toplevel() on ptolemy.moml.MoMLSimpleApplication@7bd411a
----------------- Done invoking toplevel() on ptolemy.moml.MoMLSimpleApplication@7bd411a
reloadAllAccessors: .LazyAOCTestLazy

===========================================================================================
----------------- testing Tue Jul 06 02:08:12 UTC 2021 /home/travis/build/icyphy/ptII/ptolemy/actor/lib/test/auto/LazyAOCTestNonLazy.xml
----------------- Instantiating /home/travis/build/icyphy/ptII/ptolemy/actor/lib/test/auto/LazyAOCTestNonLazy.xml
2 ms. Memory: 454656K Free: 223927K (49%)
----------------- Invoking toplevel() on ptolemy.moml.MoMLSimpleApplication@2e3762dd
----------------- Done invoking toplevel() on ptolemy.moml.MoMLSimpleApplication@2e3762dd
reloadAllAccessors: .LazyAOCTestNonLazy

===========================================================================================
----------------- testing Tue Jul 06 02:08:12 UTC 2021 /home/travis/build/icyphy/ptII/ptolemy/actor/lib/test/auto/LazyInnerClass.xml
----------------- Instantiating /home/travis/build/icyphy/ptII/ptolemy/actor/lib/test/auto/LazyInnerClass.xml
9 ms. Memory: 454656K Free: 215735K (47%)
----------------- Invoking toplevel() on ptolemy.moml.MoMLSimpleApplication@69d8d999
----------------- Done invoking toplevel() on ptolemy.moml.MoMLSimpleApplication@69d8d999
reloadAllAccessors: .LazyInnerClass

===========================================================================================
----------------- testing Tue Jul 06 02:08:12 UTC 2021 /home/travis/build/icyphy/ptII/ptolemy/actor/lib/test/auto/LazyPubSub.xml
----------------- Instantiating /home/travis/build/icyphy/ptII/ptolemy/actor/lib/test/auto/LazyPubSub.xml
21 ms. Memory: 454656K Free: 205495K (45%)
----------------- Invoking toplevel() on ptolemy.moml.MoMLSimpleApplication@70f6a7c1
----------------- Done invoking toplevel() on ptolemy.moml.MoMLSimpleApplication@70f6a7c1
reloadAllAccessors: .LazyPubSub

===========================================================================================
----------------- testing Tue Jul 06 02:08:12 UTC 2021 /home/travis/build/icyphy/ptII/ptolemy/actor/lib/test/auto/LazyPubSub2.xml
----------------- Instantiating /home/travis/build/icyphy/ptII/ptolemy/actor/lib/test/auto/LazyPubSub2.xml
10 ms. Memory: 454656K Free: 195765K (43%)
----------------- Invoking toplevel() on ptolemy.moml.MoMLSimpleApplication@6814fdb3
----------------- Done invoking toplevel() on ptolemy.moml.MoMLSimpleApplication@6814fdb3
reloadAllAccessors: .LazyPubSub2

===========================================================================================
----------------- testing Tue Jul 06 02:08:12 UTC 2021 /home/travis/build/icyphy/ptII/ptolemy/actor/lib/test/auto/LazyPubSub3.xml
----------------- Instantiating /home/travis/build/icyphy/ptII/ptolemy/actor/lib/test/auto/LazyPubSub3.xml
16 ms. Memory: 454656K Free: 186039K (41%)
----------------- Invoking toplevel() on ptolemy.moml.MoMLSimpleApplication@1e3cc604
----------------- Done invoking toplevel() on ptolemy.moml.MoMLSimpleApplication@1e3cc604
reloadAllAccessors: .LazyPubSub3

===========================================================================================
----------------- testing Tue Jul 06 02:08:12 UTC 2021 /home/travis/build/icyphy/ptII/ptolemy/actor/lib/test/auto/LazySubClassModel.xml
----------------- Instantiating /home/travis/build/icyphy/ptII/ptolemy/actor/lib/test/auto/LazySubClassModel.xml
2 ms. Memory: 454656K Free: 176823K (39%)
----------------- Invoking toplevel() on ptolemy.moml.MoMLSimpleApplication@29f81426
----------------- Done invoking toplevel() on ptolemy.moml.MoMLSimpleApplication@29f81426
reloadAllAccessors: .LazySubClassModel

===========================================================================================
----------------- testing Tue Jul 06 02:08:12 UTC 2021 /home/travis/build/icyphy/ptII/ptolemy/actor/lib/test/auto/LevelCrossTest1.xml
----------------- Instantiating /home/travis/build/icyphy/ptII/ptolemy/actor/lib/test/auto/LevelCrossTest1.xml
1 ms. Memory: 454656K Free: 171703K (38%)
----------------- Invoking toplevel() on ptolemy.moml.MoMLSimpleApplication@30bdd1e4
----------------- Done invoking toplevel() on ptolemy.moml.MoMLSimpleApplication@30bdd1e4
reloadAllAccessors: .broken

===========================================================================================
----------------- testing Tue Jul 06 02:08:12 UTC 2021 /home/travis/build/icyphy/ptII/ptolemy/actor/lib/test/auto/LevelCrossTest10.xml
----------------- Instantiating /home/travis/build/icyphy/ptII/ptolemy/actor/lib/test/auto/LevelCrossTest10.xml
0 ms. Memory: 454656K Free: 164535K (36%)
----------------- Invoking toplevel() on ptolemy.moml.MoMLSimpleApplication@708d04e5
----------------- Done invoking toplevel() on ptolemy.moml.MoMLSimpleApplication@708d04e5
reloadAllAccessors: .LevelCrossTest10

===========================================================================================
----------------- testing Tue Jul 06 02:08:12 UTC 2021 /home/travis/build/icyphy/ptII/ptolemy/actor/lib/test/auto/LevelCrossTest11.xml
----------------- Instantiating /home/travis/build/icyphy/ptII/ptolemy/actor/lib/test/auto/LevelCrossTest11.xml
3 ms. Memory: 454656K Free: 157877K (35%)
----------------- Invoking toplevel() on ptolemy.moml.MoMLSimpleApplication@7d523c19
----------------- Done invoking toplevel() on ptolemy.moml.MoMLSimpleApplication@7d523c19
reloadAllAccessors: .LevelCrossTest11

===========================================================================================
----------------- testing Tue Jul 06 02:08:12 UTC 2021 /home/travis/build/icyphy/ptII/ptolemy/actor/lib/test/auto/LevelCrossTest12.xml
----------------- Instantiating /home/travis/build/icyphy/ptII/ptolemy/actor/lib/test/auto/LevelCrossTest12.xml
2 ms. Memory: 454656K Free: 151223K (33%)
----------------- Invoking toplevel() on ptolemy.moml.MoMLSimpleApplication@608059fc
----------------- Done invoking toplevel() on ptolemy.moml.MoMLSimpleApplication@608059fc
reloadAllAccessors: .LevelCrossTest12

===========================================================================================
----------------- testing Tue Jul 06 02:08:12 UTC 2021 /home/travis/build/icyphy/ptII/ptolemy/actor/lib/test/auto/LevelCrossTest13.xml
----------------- Instantiating /home/travis/build/icyphy/ptII/ptolemy/actor/lib/test/auto/LevelCrossTest13.xml
1 ms. Memory: 454656K Free: 144055K (32%)
----------------- Invoking toplevel() on ptolemy.moml.MoMLSimpleApplication@12574fb6
----------------- Done invoking toplevel() on ptolemy.moml.MoMLSimpleApplication@12574fb6
reloadAllAccessors: .LevelCrossTest13

===========================================================================================
----------------- testing Tue Jul 06 02:08:12 UTC 2021 /home/travis/build/icyphy/ptII/ptolemy/actor/lib/test/auto/LevelCrossTest2.xml
----------------- Instantiating /home/travis/build/icyphy/ptII/ptolemy/actor/lib/test/auto/LevelCrossTest2.xml
1 ms. Memory: 454656K Free: 138421K (30%)
----------------- Invoking toplevel() on ptolemy.moml.MoMLSimpleApplication@69f401a2
----------------- Done invoking toplevel() on ptolemy.moml.MoMLSimpleApplication@69f401a2
reloadAllAccessors: .broken

===========================================================================================
----------------- testing Tue Jul 06 02:08:12 UTC 2021 /home/travis/build/icyphy/ptII/ptolemy/actor/lib/test/auto/LevelCrossTest3.xml
----------------- Instantiating /home/travis/build/icyphy/ptII/ptolemy/actor/lib/test/auto/LevelCrossTest3.xml
1 ms. Memory: 454656K Free: 400577K (88%)
----------------- Invoking toplevel() on ptolemy.moml.MoMLSimpleApplication@3596123d
----------------- Done invoking toplevel() on ptolemy.moml.MoMLSimpleApplication@3596123d
reloadAllAccessors: .LevelCrossTest3

===========================================================================================
----------------- testing Tue Jul 06 02:08:12 UTC 2021 /home/travis/build/icyphy/ptII/ptolemy/actor/lib/test/auto/LevelCrossTest4.xml
----------------- Instantiating /home/travis/build/icyphy/ptII/ptolemy/actor/lib/test/auto/LevelCrossTest4.xml
2 ms. Memory: 454656K Free: 395457K (87%)
----------------- Invoking toplevel() on ptolemy.moml.MoMLSimpleApplication@2d8bbf2
----------------- Done invoking toplevel() on ptolemy.moml.MoMLSimpleApplication@2d8bbf2
reloadAllAccessors: .broken

===========================================================================================
----------------- testing Tue Jul 06 02:08:12 UTC 2021 /home/travis/build/icyphy/ptII/ptolemy/actor/lib/test/auto/LevelCrossTest5.xml
----------------- Instantiating /home/travis/build/icyphy/ptII/ptolemy/actor/lib/test/auto/LevelCrossTest5.xml
1 ms. Memory: 454656K Free: 389313K (86%)
----------------- Invoking toplevel() on ptolemy.moml.MoMLSimpleApplication@74f21c8a
----------------- Done invoking toplevel() on ptolemy.moml.MoMLSimpleApplication@74f21c8a
reloadAllAccessors: .LevelCrossTest5

===========================================================================================
----------------- testing Tue Jul 06 02:08:12 UTC 2021 /home/travis/build/icyphy/ptII/ptolemy/actor/lib/test/auto/LevelCrossTest6.xml
----------------- Instantiating /home/travis/build/icyphy/ptII/ptolemy/actor/lib/test/auto/LevelCrossTest6.xml
2 ms. Memory: 454656K Free: 382655K (84%)
----------------- Invoking toplevel() on ptolemy.moml.MoMLSimpleApplication@4d2cb3ec
----------------- Done invoking toplevel() on ptolemy.moml.MoMLSimpleApplication@4d2cb3ec
reloadAllAccessors: .LevelCrossTest6

===========================================================================================
----------------- testing Tue Jul 06 02:08:12 UTC 2021 /home/travis/build/icyphy/ptII/ptolemy/actor/lib/test/auto/LevelCrossTest7.xml
----------------- Instantiating /home/travis/build/icyphy/ptII/ptolemy/actor/lib/test/auto/LevelCrossTest7.xml
1 ms. Memory: 454656K Free: 375487K (83%)
----------------- Invoking toplevel() on ptolemy.moml.MoMLSimpleApplication@f321711
----------------- Done invoking toplevel() on ptolemy.moml.MoMLSimpleApplication@f321711
reloadAllAccessors: .LevelCrossTest7

===========================================================================================
----------------- testing Tue Jul 06 02:08:12 UTC 2021 /home/travis/build/icyphy/ptII/ptolemy/actor/lib/test/auto/LevelCrossTest8.xml
----------------- Instantiating /home/travis/build/icyphy/ptII/ptolemy/actor/lib/test/auto/LevelCrossTest8.xml
2 ms. Memory: 454656K Free: 368319K (81%)
----------------- Invoking toplevel() on ptolemy.moml.MoMLSimpleApplication@64dc29b2
----------------- Done invoking toplevel() on ptolemy.moml.MoMLSimpleApplication@64dc29b2
reloadAllAccessors: .LevelCrossTest8

===========================================================================================
----------------- testing Tue Jul 06 02:08:12 UTC 2021 /home/travis/build/icyphy/ptII/ptolemy/actor/lib/test/auto/LevelCrossTest9.xml
----------------- Instantiating /home/travis/build/icyphy/ptII/ptolemy/actor/lib/test/auto/LevelCrossTest9.xml
1 ms. Memory: 454656K Free: 361151K (79%)
----------------- Invoking toplevel() on ptolemy.moml.MoMLSimpleApplication@5144dcff
----------------- Done invoking toplevel() on ptolemy.moml.MoMLSimpleApplication@5144dcff
reloadAllAccessors: .LevelCrossTest9

===========================================================================================
----------------- testing Tue Jul 06 02:08:12 UTC 2021 /home/travis/build/icyphy/ptII/ptolemy/actor/lib/test/auto/LevinsonDurbin.xml
----------------- Instantiating /home/travis/build/icyphy/ptII/ptolemy/actor/lib/test/auto/LevinsonDurbin.xml
10 ms. Memory: 454656K Free: 357569K (79%)
----------------- Invoking toplevel() on ptolemy.moml.MoMLSimpleApplication@415c91b2
----------------- Done invoking toplevel() on ptolemy.moml.MoMLSimpleApplication@415c91b2
reloadAllAccessors: .LevinsonDurbin

===========================================================================================
----------------- testing Tue Jul 06 02:08:12 UTC 2021 /home/travis/build/icyphy/ptII/ptolemy/actor/lib/test/auto/LevinsonDurbin2.xml
----------------- Instantiating /home/travis/build/icyphy/ptII/ptolemy/actor/lib/test/auto/LevinsonDurbin2.xml
1 ms. Memory: 454656K Free: 353473K (78%)
----------------- Invoking toplevel() on ptolemy.moml.MoMLSimpleApplication@48973e3e
----------------- Done invoking toplevel() on ptolemy.moml.MoMLSimpleApplication@48973e3e
reloadAllAccessors: .LevinsonDurbin2

===========================================================================================
----------------- testing Tue Jul 06 02:08:12 UTC 2021 /home/travis/build/icyphy/ptII/ptolemy/actor/lib/test/auto/LevinsonDurbin3.xml
----------------- Instantiating /home/travis/build/icyphy/ptII/ptolemy/actor/lib/test/auto/LevinsonDurbin3.xml
2 ms. Memory: 454656K Free: 349377K (77%)
----------------- Invoking toplevel() on ptolemy.moml.MoMLSimpleApplication@789b2448
----------------- Done invoking toplevel() on ptolemy.moml.MoMLSimpleApplication@789b2448
reloadAllAccessors: .LevinsonDurbin3

===========================================================================================
----------------- testing Tue Jul 06 02:08:12 UTC 2021 /home/travis/build/icyphy/ptII/ptolemy/actor/lib/test/auto/Limiter.xml
----------------- Instantiating /home/travis/build/icyphy/ptII/ptolemy/actor/lib/test/auto/Limiter.xml
4 ms. Memory: 454656K Free: 340641K (75%)
----------------- Invoking toplevel() on ptolemy.moml.MoMLSimpleApplication@7f56e1b1
----------------- Done invoking toplevel() on ptolemy.moml.MoMLSimpleApplication@7f56e1b1
reloadAllAccessors: .Limiter

===========================================================================================
----------------- testing Tue Jul 06 02:08:12 UTC 2021 /home/travis/build/icyphy/ptII/ptolemy/actor/lib/test/auto/LinearDifferenceEquationSystem.xml
----------------- Instantiating /home/travis/build/icyphy/ptII/ptolemy/actor/lib/test/auto/LinearDifferenceEquationSystem.xml
4 ms. Memory: 454656K Free: 333503K (73%)
----------------- Invoking toplevel() on ptolemy.moml.MoMLSimpleApplication@bdfde38
----------------- Done invoking toplevel() on ptolemy.moml.MoMLSimpleApplication@bdfde38
reloadAllAccessors: .LinearDifferenceEquationSystem

===========================================================================================
----------------- testing Tue Jul 06 02:08:12 UTC 2021 /home/travis/build/icyphy/ptII/ptolemy/actor/lib/test/auto/LookupTable.xml
----------------- Instantiating /home/travis/build/icyphy/ptII/ptolemy/actor/lib/test/auto/LookupTable.xml
2 ms. Memory: 454656K Free: 328897K (72%)
----------------- Invoking toplevel() on ptolemy.moml.MoMLSimpleApplication@a698396
----------------- Done invoking toplevel() on ptolemy.moml.MoMLSimpleApplication@a698396
reloadAllAccessors: .LookupTable

===========================================================================================
----------------- testing Tue Jul 06 02:08:12 UTC 2021 /home/travis/build/icyphy/ptII/ptolemy/actor/lib/test/auto/MathFunction.xml
----------------- Instantiating /home/travis/build/icyphy/ptII/ptolemy/actor/lib/test/auto/MathFunction.xml
2 ms. Memory: 454656K Free: 320705K (71%)
----------------- Invoking toplevel() on ptolemy.moml.MoMLSimpleApplication@4553196
----------------- Done invoking toplevel() on ptolemy.moml.MoMLSimpleApplication@4553196
reloadAllAccessors: .MathFunction

===========================================================================================
----------------- testing Tue Jul 06 02:08:12 UTC 2021 /home/travis/build/icyphy/ptII/ptolemy/actor/lib/test/auto/MathFunction2.xml
----------------- Instantiating /home/travis/build/icyphy/ptII/ptolemy/actor/lib/test/auto/MathFunction2.xml
4 ms. Memory: 454656K Free: 317119K (70%)
----------------- Invoking toplevel() on ptolemy.moml.MoMLSimpleApplication@29298f1f
----------------- Done invoking toplevel() on ptolemy.moml.MoMLSimpleApplication@29298f1f
reloadAllAccessors: .MathFunction2

===========================================================================================
----------------- testing Tue Jul 06 02:08:12 UTC 2021 /home/travis/build/icyphy/ptII/ptolemy/actor/lib/test/auto/MathFunction3.xml
----------------- Instantiating /home/travis/build/icyphy/ptII/ptolemy/actor/lib/test/auto/MathFunction3.xml
2 ms. Memory: 454656K Free: 309951K (68%)
----------------- Invoking toplevel() on ptolemy.moml.MoMLSimpleApplication@7a9835a3
----------------- Done invoking toplevel() on ptolemy.moml.MoMLSimpleApplication@7a9835a3
reloadAllAccessors: .MathFunction3

===========================================================================================
----------------- testing Tue Jul 06 02:08:12 UTC 2021 /home/travis/build/icyphy/ptII/ptolemy/actor/lib/test/auto/MatrixCropBoolean.xml
----------------- Instantiating /home/travis/build/icyphy/ptII/ptolemy/actor/lib/test/auto/MatrixCropBoolean.xml
2 ms. Memory: 454656K Free: 304825K (67%)
----------------- Invoking toplevel() on ptolemy.moml.MoMLSimpleApplication@2a51506f
----------------- Done invoking toplevel() on ptolemy.moml.MoMLSimpleApplication@2a51506f
reloadAllAccessors: .MatrixCropBoolean

===========================================================================================
----------------- testing Tue Jul 06 02:08:12 UTC 2021 /home/travis/build/icyphy/ptII/ptolemy/actor/lib/test/auto/MatrixCropComplex.xml
----------------- Instantiating /home/travis/build/icyphy/ptII/ptolemy/actor/lib/test/auto/MatrixCropComplex.xml
6 ms. Memory: 454656K Free: 299681K (66%)
----------------- Invoking toplevel() on ptolemy.moml.MoMLSimpleApplication@58d6a115
----------------- Done invoking toplevel() on ptolemy.moml.MoMLSimpleApplication@58d6a115
reloadAllAccessors: .MatrixCropComplex

===========================================================================================
----------------- testing Tue Jul 06 02:08:12 UTC 2021 /home/travis/build/icyphy/ptII/ptolemy/actor/lib/test/auto/MatrixCropDouble.xml
----------------- Instantiating /home/travis/build/icyphy/ptII/ptolemy/actor/lib/test/auto/MatrixCropDouble.xml
2 ms. Memory: 454656K Free: 295105K (65%)
----------------- Invoking toplevel() on ptolemy.moml.MoMLSimpleApplication@519be309
----------------- Done invoking toplevel() on ptolemy.moml.MoMLSimpleApplication@519be309
reloadAllAccessors: .MatrixCropDouble

===========================================================================================
----------------- testing Tue Jul 06 02:08:12 UTC 2021 /home/travis/build/icyphy/ptII/ptolemy/actor/lib/test/auto/MatrixCropFix.xml
----------------- Instantiating /home/travis/build/icyphy/ptII/ptolemy/actor/lib/test/auto/MatrixCropFix.xml
2 ms. Memory: 454656K Free: 289985K (64%)
----------------- Invoking toplevel() on ptolemy.moml.MoMLSimpleApplication@67aaabd6
----------------- Done invoking toplevel() on ptolemy.moml.MoMLSimpleApplication@67aaabd6
reloadAllAccessors: .MatrixCropFix

===========================================================================================
----------------- testing Tue Jul 06 02:08:12 UTC 2021 /home/travis/build/icyphy/ptII/ptolemy/actor/lib/test/auto/MatrixCropInt.xml
----------------- Instantiating /home/travis/build/icyphy/ptII/ptolemy/actor/lib/test/auto/MatrixCropInt.xml
2 ms. Memory: 454656K Free: 285345K (63%)
----------------- Invoking toplevel() on ptolemy.moml.MoMLSimpleApplication@334c0374
----------------- Done invoking toplevel() on ptolemy.moml.MoMLSimpleApplication@334c0374
reloadAllAccessors: .MatrixCropInt

===========================================================================================
----------------- testing Tue Jul 06 02:08:12 UTC 2021 /home/travis/build/icyphy/ptII/ptolemy/actor/lib/test/auto/MatrixCropLong.xml
----------------- Instantiating /home/travis/build/icyphy/ptII/ptolemy/actor/lib/test/auto/MatrixCropLong.xml
2 ms. Memory: 454656K Free: 279745K (62%)
----------------- Invoking toplevel() on ptolemy.moml.MoMLSimpleApplication@31091294
----------------- Done invoking toplevel() on ptolemy.moml.MoMLSimpleApplication@31091294
reloadAllAccessors: .MatrixCropLong

===========================================================================================
----------------- testing Tue Jul 06 02:08:12 UTC 2021 /home/travis/build/icyphy/ptII/ptolemy/actor/lib/test/auto/MatrixToArray.xml
----------------- Instantiating /home/travis/build/icyphy/ptII/ptolemy/actor/lib/test/auto/MatrixToArray.xml
6 ms. Memory: 454656K Free: 265409K (58%)
----------------- Invoking toplevel() on ptolemy.moml.MoMLSimpleApplication@521c34ab
----------------- Done invoking toplevel() on ptolemy.moml.MoMLSimpleApplication@521c34ab
reloadAllAccessors: .MatrixToArray

===========================================================================================
----------------- testing Tue Jul 06 02:08:12 UTC 2021 /home/travis/build/icyphy/ptII/ptolemy/actor/lib/test/auto/MaxIndex.xml
----------------- Instantiating /home/travis/build/icyphy/ptII/ptolemy/actor/lib/test/auto/MaxIndex.xml
2 ms. Memory: 454656K Free: 259775K (57%)
----------------- Invoking toplevel() on ptolemy.moml.MoMLSimpleApplication@261fad36
----------------- Done invoking toplevel() on ptolemy.moml.MoMLSimpleApplication@261fad36
reloadAllAccessors: .MaxIndex

===========================================================================================
----------------- testing Tue Jul 06 02:08:12 UTC 2021 /home/travis/build/icyphy/ptII/ptolemy/actor/lib/test/auto/Maximum.xml
----------------- Instantiating /home/travis/build/icyphy/ptII/ptolemy/actor/lib/test/auto/Maximum.xml
2 ms. Memory: 454656K Free: 253121K (56%)
----------------- Invoking toplevel() on ptolemy.moml.MoMLSimpleApplication@634724c5
----------------- Done invoking toplevel() on ptolemy.moml.MoMLSimpleApplication@634724c5
reloadAllAccessors: .Maximum

===========================================================================================
----------------- testing Tue Jul 06 02:08:12 UTC 2021 /home/travis/build/icyphy/ptII/ptolemy/actor/lib/test/auto/MaximumComplex.xml
----------------- Instantiating /home/travis/build/icyphy/ptII/ptolemy/actor/lib/test/auto/MaximumComplex.xml
5 ms. Memory: 454656K Free: 246977K (54%)
----------------- Invoking toplevel() on ptolemy.moml.MoMLSimpleApplication@68ec3b5b
----------------- Done invoking toplevel() on ptolemy.moml.MoMLSimpleApplication@68ec3b5b
reloadAllAccessors: .MaximumComplex

===========================================================================================
----------------- testing Tue Jul 06 02:08:12 UTC 2021 /home/travis/build/icyphy/ptII/ptolemy/actor/lib/test/auto/MethodCallTest.xml
----------------- Instantiating /home/travis/build/icyphy/ptII/ptolemy/actor/lib/test/auto/MethodCallTest.xml
2 ms. Memory: 454656K Free: 240833K (53%)
----------------- Invoking toplevel() on ptolemy.moml.MoMLSimpleApplication@545cd7ce
----------------- Done invoking toplevel() on ptolemy.moml.MoMLSimpleApplication@545cd7ce
reloadAllAccessors: .MethodCallTest

===========================================================================================
----------------- testing Tue Jul 06 02:08:12 UTC 2021 /home/travis/build/icyphy/ptII/ptolemy/actor/lib/test/auto/Minimum.xml
----------------- Instantiating /home/travis/build/icyphy/ptII/ptolemy/actor/lib/test/auto/Minimum.xml
3 ms. Memory: 454656K Free: 234175K (52%)
----------------- Invoking toplevel() on ptolemy.moml.MoMLSimpleApplication@23da69b4
----------------- Done invoking toplevel() on ptolemy.moml.MoMLSimpleApplication@23da69b4
reloadAllAccessors: .Minimum

===========================================================================================
----------------- testing Tue Jul 06 02:08:12 UTC 2021 /home/travis/build/icyphy/ptII/ptolemy/actor/lib/test/auto/MinimumComplex.xml
----------------- Instantiating /home/travis/build/icyphy/ptII/ptolemy/actor/lib/test/auto/MinimumComplex.xml
4 ms. Memory: 454656K Free: 228017K (50%)
----------------- Invoking toplevel() on ptolemy.moml.MoMLSimpleApplication@5c3dcdaa
----------------- Done invoking toplevel() on ptolemy.moml.MoMLSimpleApplication@5c3dcdaa
reloadAllAccessors: .MinimumComplex

===========================================================================================
----------------- testing Tue Jul 06 02:08:12 UTC 2021 /home/travis/build/icyphy/ptII/ptolemy/actor/lib/test/auto/MinimumMultiports.xml
----------------- Instantiating /home/travis/build/icyphy/ptII/ptolemy/actor/lib/test/auto/MinimumMultiports.xml
4 ms. Memory: 454656K Free: 219329K (48%)
----------------- Invoking toplevel() on ptolemy.moml.MoMLSimpleApplication@3f257962
----------------- Done invoking toplevel() on ptolemy.moml.MoMLSimpleApplication@3f257962
reloadAllAccessors: .MinimumMultiports

===========================================================================================
----------------- testing Tue Jul 06 02:08:13 UTC 2021 /home/travis/build/icyphy/ptII/ptolemy/actor/lib/test/auto/ModifyDate.xml
----------------- Instantiating /home/travis/build/icyphy/ptII/ptolemy/actor/lib/test/auto/ModifyDate.xml
8 ms. Memory: 454656K Free: 206527K (45%)
----------------- Invoking toplevel() on ptolemy.moml.MoMLSimpleApplication@cd37a91
----------------- Done invoking toplevel() on ptolemy.moml.MoMLSimpleApplication@cd37a91
reloadAllAccessors: .ModifyDate

===========================================================================================
----------------- testing Tue Jul 06 02:08:13 UTC 2021 /home/travis/build/icyphy/ptII/ptolemy/actor/lib/test/auto/ModifyDate2.xml
----------------- Instantiating /home/travis/build/icyphy/ptII/ptolemy/actor/lib/test/auto/ModifyDate2.xml
6 ms. Memory: 454656K Free: 197825K (44%)
----------------- Invoking toplevel() on ptolemy.moml.MoMLSimpleApplication@71b54ab3
----------------- Done invoking toplevel() on ptolemy.moml.MoMLSimpleApplication@71b54ab3
reloadAllAccessors: .ModifyDate2

===========================================================================================
----------------- testing Tue Jul 06 02:08:13 UTC 2021 /home/travis/build/icyphy/ptII/ptolemy/actor/lib/test/auto/MovingAverage.xml
----------------- Instantiating /home/travis/build/icyphy/ptII/ptolemy/actor/lib/test/auto/MovingAverage.xml
1 ms. Memory: 454656K Free: 192705K (42%)
----------------- Invoking toplevel() on ptolemy.moml.MoMLSimpleApplication@5467cdd0
----------------- Done invoking toplevel() on ptolemy.moml.MoMLSimpleApplication@5467cdd0
reloadAllAccessors: .MovingAverage

===========================================================================================
----------------- testing Tue Jul 06 02:08:13 UTC 2021 /home/travis/build/icyphy/ptII/ptolemy/actor/lib/test/auto/MovingMaximum.xml
----------------- Instantiating /home/travis/build/icyphy/ptII/ptolemy/actor/lib/test/auto/MovingMaximum.xml
2 ms. Memory: 454656K Free: 188095K (41%)
----------------- Invoking toplevel() on ptolemy.moml.MoMLSimpleApplication@2566e220
----------------- Done invoking toplevel() on ptolemy.moml.MoMLSimpleApplication@2566e220
reloadAllAccessors: .MovingMaximum

===========================================================================================
----------------- testing Tue Jul 06 02:08:13 UTC 2021 /home/travis/build/icyphy/ptII/ptolemy/actor/lib/test/auto/MultipleLinksToSameRelation.xml
----------------- Instantiating /home/travis/build/icyphy/ptII/ptolemy/actor/lib/test/auto/MultipleLinksToSameRelation.xml
2 ms. Memory: 454656K Free: 183999K (40%)
----------------- Invoking toplevel() on ptolemy.moml.MoMLSimpleApplication@3bfd132f
----------------- Done invoking toplevel() on ptolemy.moml.MoMLSimpleApplication@3bfd132f
reloadAllAccessors: .MultipleLinksToSameRelation

===========================================================================================
----------------- testing Tue Jul 06 02:08:13 UTC 2021 /home/travis/build/icyphy/ptII/ptolemy/actor/lib/test/auto/MultipleLinksToSameRelationDE.xml
----------------- Instantiating /home/travis/build/icyphy/ptII/ptolemy/actor/lib/test/auto/MultipleLinksToSameRelationDE.xml
10 ms. Memory: 454656K Free: 179889K (40%)
----------------- Invoking toplevel() on ptolemy.moml.MoMLSimpleApplication@6ed55817
----------------- Done invoking toplevel() on ptolemy.moml.MoMLSimpleApplication@6ed55817
reloadAllAccessors: .MultipleLinksToSameRelationDE

===========================================================================================
----------------- testing Tue Jul 06 02:08:13 UTC 2021 /home/travis/build/icyphy/ptII/ptolemy/actor/lib/test/auto/Multiplexor.xml
----------------- Instantiating /home/travis/build/icyphy/ptII/ptolemy/actor/lib/test/auto/Multiplexor.xml
2 ms. Memory: 454656K Free: 174273K (38%)
----------------- Invoking toplevel() on ptolemy.moml.MoMLSimpleApplication@7576741a
----------------- Done invoking toplevel() on ptolemy.moml.MoMLSimpleApplication@7576741a
reloadAllAccessors: .Multiplexor

===========================================================================================
----------------- testing Tue Jul 06 02:08:13 UTC 2021 /home/travis/build/icyphy/ptII/ptolemy/actor/lib/test/auto/Multiplexor1.xml
----------------- Instantiating /home/travis/build/icyphy/ptII/ptolemy/actor/lib/test/auto/Multiplexor1.xml
3 ms. Memory: 454656K Free: 168129K (37%)
----------------- Invoking toplevel() on ptolemy.moml.MoMLSimpleApplication@27546cf6
----------------- Done invoking toplevel() on ptolemy.moml.MoMLSimpleApplication@27546cf6
reloadAllAccessors: .Multiplexor1

===========================================================================================
----------------- testing Tue Jul 06 02:08:13 UTC 2021 /home/travis/build/icyphy/ptII/ptolemy/actor/lib/test/auto/Multiplexor2.xml
----------------- Instantiating /home/travis/build/icyphy/ptII/ptolemy/actor/lib/test/auto/Multiplexor2.xml
3 ms. Memory: 454656K Free: 161471K (36%)
----------------- Invoking toplevel() on ptolemy.moml.MoMLSimpleApplication@605e21c3
----------------- Done invoking toplevel() on ptolemy.moml.MoMLSimpleApplication@605e21c3
reloadAllAccessors: .Multiplexor2

===========================================================================================
----------------- testing Tue Jul 06 02:08:13 UTC 2021 /home/travis/build/icyphy/ptII/ptolemy/actor/lib/test/auto/Multiplexor3.xml
----------------- Instantiating /home/travis/build/icyphy/ptII/ptolemy/actor/lib/test/auto/Multiplexor3.xml
2 ms. Memory: 454656K Free: 157889K (35%)
----------------- Invoking toplevel() on ptolemy.moml.MoMLSimpleApplication@3b8715af
----------------- Done invoking toplevel() on ptolemy.moml.MoMLSimpleApplication@3b8715af
reloadAllAccessors: .Multiplexor3

===========================================================================================
----------------- testing Tue Jul 06 02:08:13 UTC 2021 /home/travis/build/icyphy/ptII/ptolemy/actor/lib/test/auto/MultiplexorDE.xml
----------------- Instantiating /home/travis/build/icyphy/ptII/ptolemy/actor/lib/test/auto/MultiplexorDE.xml
2 ms. Memory: 454656K Free: 150193K (33%)
----------------- Invoking toplevel() on ptolemy.moml.MoMLSimpleApplication@87ad828
----------------- Done invoking toplevel() on ptolemy.moml.MoMLSimpleApplication@87ad828
reloadAllAccessors: .MultiplexorDE

===========================================================================================
----------------- testing Tue Jul 06 02:08:13 UTC 2021 /home/travis/build/icyphy/ptII/ptolemy/actor/lib/test/auto/MultiportBroadcastTest.xml
----------------- Instantiating /home/travis/build/icyphy/ptII/ptolemy/actor/lib/test/auto/MultiportBroadcastTest.xml
61 ms. Memory: 454656K Free: 144063K (32%)
----------------- Invoking toplevel() on ptolemy.moml.MoMLSimpleApplication@bf3c06c
----------------- Done invoking toplevel() on ptolemy.moml.MoMLSimpleApplication@bf3c06c
reloadAllAccessors: .MultiportBroadcastTest

===========================================================================================
----------------- testing Tue Jul 06 02:08:13 UTC 2021 /home/travis/build/icyphy/ptII/ptolemy/actor/lib/test/auto/MultiportOutHangDuringGetWidth.xml
----------------- Instantiating /home/travis/build/icyphy/ptII/ptolemy/actor/lib/test/auto/MultiportOutHangDuringGetWidth.xml
5 ms. Memory: 454656K Free: 400663K (88%)
----------------- Invoking toplevel() on ptolemy.moml.MoMLSimpleApplication@5d141a3e
----------------- Done invoking toplevel() on ptolemy.moml.MoMLSimpleApplication@5d141a3e
reloadAllAccessors: .MultiportOutHangDuringGetWidth

===========================================================================================
----------------- testing Tue Jul 06 02:08:13 UTC 2021 /home/travis/build/icyphy/ptII/ptolemy/actor/lib/test/auto/NilToken.xml
----------------- Instantiating /home/travis/build/icyphy/ptII/ptolemy/actor/lib/test/auto/NilToken.xml
1 ms. Memory: 454656K Free: 396581K (87%)
----------------- Invoking toplevel() on ptolemy.moml.MoMLSimpleApplication@4815f449
----------------- Done invoking toplevel() on ptolemy.moml.MoMLSimpleApplication@4815f449
reloadAllAccessors: .NilToken

===========================================================================================
----------------- testing Tue Jul 06 02:08:13 UTC 2021 /home/travis/build/icyphy/ptII/ptolemy/actor/lib/test/auto/NilTokenNonStrictTest.xml
----------------- Instantiating /home/travis/build/icyphy/ptII/ptolemy/actor/lib/test/auto/NilTokenNonStrictTest.xml
1 ms. Memory: 454656K Free: 391461K (86%)
----------------- Invoking toplevel() on ptolemy.moml.MoMLSimpleApplication@76a16123
----------------- Done invoking toplevel() on ptolemy.moml.MoMLSimpleApplication@76a16123
reloadAllAccessors: .NilTokenNonStrictTest

===========================================================================================
----------------- testing Tue Jul 06 02:08:13 UTC 2021 /home/travis/build/icyphy/ptII/ptolemy/actor/lib/test/auto/NilTokenRecord.xml
----------------- Instantiating /home/travis/build/icyphy/ptII/ptolemy/actor/lib/test/auto/NilTokenRecord.xml
9 ms. Memory: 454656K Free: 384807K (85%)
----------------- Invoking toplevel() on ptolemy.moml.MoMLSimpleApplication@779ac64d
----------------- Done invoking toplevel() on ptolemy.moml.MoMLSimpleApplication@779ac64d
reloadAllAccessors: .NilTokenRecord

===========================================================================================
----------------- testing Tue Jul 06 02:08:13 UTC 2021 /home/travis/build/icyphy/ptII/ptolemy/actor/lib/test/auto/NilTokenTypeTest.xml
----------------- Instantiating /home/travis/build/icyphy/ptII/ptolemy/actor/lib/test/auto/NilTokenTypeTest.xml
7 ms. Memory: 454656K Free: 375077K (82%)
----------------- Invoking toplevel() on ptolemy.moml.MoMLSimpleApplication@5d65005c
----------------- Done invoking toplevel() on ptolemy.moml.MoMLSimpleApplication@5d65005c
reloadAllAccessors: .NilTokenTypeTest

===========================================================================================
----------------- testing Tue Jul 06 02:08:13 UTC 2021 /home/travis/build/icyphy/ptII/ptolemy/actor/lib/test/auto/ObjectToken1.xml
----------------- Instantiating /home/travis/build/icyphy/ptII/ptolemy/actor/lib/test/auto/ObjectToken1.xml
2 ms. Memory: 454656K Free: 370981K (82%)
----------------- Invoking toplevel() on ptolemy.moml.MoMLSimpleApplication@436c2452
----------------- Done invoking toplevel() on ptolemy.moml.MoMLSimpleApplication@436c2452
reloadAllAccessors: .ObjectToken1

===========================================================================================
----------------- testing Tue Jul 06 02:08:13 UTC 2021 /home/travis/build/icyphy/ptII/ptolemy/actor/lib/test/auto/OrderedMerge.xml
----------------- Instantiating /home/travis/build/icyphy/ptII/ptolemy/actor/lib/test/auto/OrderedMerge.xml
12 ms. Memory: 454656K Free: 365861K (80%)
----------------- Invoking toplevel() on ptolemy.moml.MoMLSimpleApplication@51420418
----------------- Done invoking toplevel() on ptolemy.moml.MoMLSimpleApplication@51420418
reloadAllAccessors: .OrderedMerge

===========================================================================================
----------------- testing Tue Jul 06 02:08:13 UTC 2021 /home/travis/build/icyphy/ptII/ptolemy/actor/lib/test/auto/OrderedRecordDisassembler.xml
----------------- Instantiating /home/travis/build/icyphy/ptII/ptolemy/actor/lib/test/auto/OrderedRecordDisassembler.xml
3 ms. Memory: 454656K Free: 360711K (79%)
----------------- Invoking toplevel() on ptolemy.moml.MoMLSimpleApplication@7740dd46
----------------- Done invoking toplevel() on ptolemy.moml.MoMLSimpleApplication@7740dd46
reloadAllAccessors: .OrderedRecordDisassembler

===========================================================================================
----------------- testing Tue Jul 06 02:08:13 UTC 2021 /home/travis/build/icyphy/ptII/ptolemy/actor/lib/test/auto/OrderedRecordDisassembler2.xml
----------------- Instantiating /home/travis/build/icyphy/ptII/ptolemy/actor/lib/test/auto/OrderedRecordDisassembler2.xml
4 ms. Memory: 454656K Free: 353063K (78%)
----------------- Invoking toplevel() on ptolemy.moml.MoMLSimpleApplication@31582db9
----------------- Done invoking toplevel() on ptolemy.moml.MoMLSimpleApplication@31582db9
reloadAllAccessors: .OrderedRecordDisassembler2

===========================================================================================
----------------- testing Tue Jul 06 02:08:13 UTC 2021 /home/travis/build/icyphy/ptII/ptolemy/actor/lib/test/auto/OrderedRecordUpdater.xml
----------------- Instantiating /home/travis/build/icyphy/ptII/ptolemy/actor/lib/test/auto/OrderedRecordUpdater.xml
2 ms. Memory: 454656K Free: 348453K (77%)
----------------- Invoking toplevel() on ptolemy.moml.MoMLSimpleApplication@7deb7190
----------------- Done invoking toplevel() on ptolemy.moml.MoMLSimpleApplication@7deb7190
reloadAllAccessors: .RecordUpdater

===========================================================================================
----------------- testing Tue Jul 06 02:08:13 UTC 2021 /home/travis/build/icyphy/ptII/ptolemy/actor/lib/test/auto/OrderedRecordUpdater2.xml
----------------- Instantiating /home/travis/build/icyphy/ptII/ptolemy/actor/lib/test/auto/OrderedRecordUpdater2.xml
3 ms. Memory: 454656K Free: 343333K (76%)
----------------- Invoking toplevel() on ptolemy.moml.MoMLSimpleApplication@4bb1ffae
----------------- Done invoking toplevel() on ptolemy.moml.MoMLSimpleApplication@4bb1ffae
reloadAllAccessors: .RecordUpdater2

===========================================================================================
----------------- testing Tue Jul 06 02:08:13 UTC 2021 /home/travis/build/icyphy/ptII/ptolemy/actor/lib/test/auto/PhaseUnwrap.xml
----------------- Instantiating /home/travis/build/icyphy/ptII/ptolemy/actor/lib/test/auto/PhaseUnwrap.xml
1 ms. Memory: 454656K Free: 338727K (75%)
----------------- Invoking toplevel() on ptolemy.moml.MoMLSimpleApplication@6520b0d3
----------------- Done invoking toplevel() on ptolemy.moml.MoMLSimpleApplication@6520b0d3
reloadAllAccessors: .PhaseUnwrap

===========================================================================================
----------------- testing Tue Jul 06 02:08:13 UTC 2021 /home/travis/build/icyphy/ptII/ptolemy/actor/lib/test/auto/PoissonClock.xml
----------------- Instantiating /home/travis/build/icyphy/ptII/ptolemy/actor/lib/test/auto/PoissonClock.xml
1 ms. Memory: 454656K Free: 335141K (74%)
----------------- Invoking toplevel() on ptolemy.moml.MoMLSimpleApplication@5ccd5211
----------------- Done invoking toplevel() on ptolemy.moml.MoMLSimpleApplication@5ccd5211
reloadAllAccessors: .PoissonClock

===========================================================================================
----------------- testing Tue Jul 06 02:08:13 UTC 2021 /home/travis/build/icyphy/ptII/ptolemy/actor/lib/test/auto/PoissonClock2.xml
----------------- Instantiating /home/travis/build/icyphy/ptII/ptolemy/actor/lib/test/auto/PoissonClock2.xml
1 ms. Memory: 454656K Free: 330535K (73%)
----------------- Invoking toplevel() on ptolemy.moml.MoMLSimpleApplication@5e140c4d
----------------- Done invoking toplevel() on ptolemy.moml.MoMLSimpleApplication@5e140c4d
reloadAllAccessors: .PoissonClock2

===========================================================================================
----------------- testing Tue Jul 06 02:08:13 UTC 2021 /home/travis/build/icyphy/ptII/ptolemy/actor/lib/test/auto/PoissonClock3.xml
----------------- Instantiating /home/travis/build/icyphy/ptII/ptolemy/actor/lib/test/auto/PoissonClock3.xml
2 ms. Memory: 454656K Free: 325925K (72%)
----------------- Invoking toplevel() on ptolemy.moml.MoMLSimpleApplication@5668259f
----------------- Done invoking toplevel() on ptolemy.moml.MoMLSimpleApplication@5668259f
reloadAllAccessors: .PoissonClock3

===========================================================================================
----------------- testing Tue Jul 06 02:08:13 UTC 2021 /home/travis/build/icyphy/ptII/ptolemy/actor/lib/test/auto/PubSubWithInitialTokens.xml
----------------- Instantiating /home/travis/build/icyphy/ptII/ptolemy/actor/lib/test/auto/PubSubWithInitialTokens.xml
2 ms. Memory: 454656K Free: 320295K (70%)
----------------- Invoking toplevel() on ptolemy.moml.MoMLSimpleApplication@715e1f65
----------------- Done invoking toplevel() on ptolemy.moml.MoMLSimpleApplication@715e1f65
reloadAllAccessors: .PubSubWithInitialTokens

===========================================================================================
----------------- testing Tue Jul 06 02:08:13 UTC 2021 /home/travis/build/icyphy/ptII/ptolemy/actor/lib/test/auto/PubSubWithInitialTokens2.xml
----------------- Instantiating /home/travis/build/icyphy/ptII/ptolemy/actor/lib/test/auto/PubSubWithInitialTokens2.xml
2 ms. Memory: 454656K Free: 314151K (69%)
----------------- Invoking toplevel() on ptolemy.moml.MoMLSimpleApplication@1b2a4ae3
----------------- Done invoking toplevel() on ptolemy.moml.MoMLSimpleApplication@1b2a4ae3
reloadAllAccessors: .PubSubWithInitialTokens2

===========================================================================================
----------------- testing Tue Jul 06 02:08:13 UTC 2021 /home/travis/build/icyphy/ptII/ptolemy/actor/lib/test/auto/PublisherClassNoParameter.xml
----------------- Instantiating /home/travis/build/icyphy/ptII/ptolemy/actor/lib/test/auto/PublisherClassNoParameter.xml
2 ms. Memory: 454656K Free: 304407K (67%)
----------------- Invoking toplevel() on ptolemy.moml.MoMLSimpleApplication@6278cf15
----------------- Done invoking toplevel() on ptolemy.moml.MoMLSimpleApplication@6278cf15
reloadAllAccessors: .PublisherClassNoParameter

===========================================================================================
----------------- testing Tue Jul 06 02:08:13 UTC 2021 /home/travis/build/icyphy/ptII/ptolemy/actor/lib/test/auto/PublisherClassParameter.xml
----------------- Instantiating /home/travis/build/icyphy/ptII/ptolemy/actor/lib/test/auto/PublisherClassParameter.xml
2 ms. Memory: 454656K Free: 294167K (65%)
----------------- Invoking toplevel() on ptolemy.moml.MoMLSimpleApplication@2b9bdfc
----------------- Done invoking toplevel() on ptolemy.moml.MoMLSimpleApplication@2b9bdfc
reloadAllAccessors: .PublisherClassParameter

===========================================================================================
----------------- testing Tue Jul 06 02:08:13 UTC 2021 /home/travis/build/icyphy/ptII/ptolemy/actor/lib/test/auto/PublisherNonStrictTest.xml
----------------- Instantiating /home/travis/build/icyphy/ptII/ptolemy/actor/lib/test/auto/PublisherNonStrictTest.xml
2 ms. Memory: 454656K Free: 286503K (63%)
----------------- Invoking toplevel() on ptolemy.moml.MoMLSimpleApplication@44e07316
----------------- Done invoking toplevel() on ptolemy.moml.MoMLSimpleApplication@44e07316
reloadAllAccessors: .PublisherNonStrictTest

===========================================================================================
----------------- testing Tue Jul 06 02:08:13 UTC 2021 /home/travis/build/icyphy/ptII/ptolemy/actor/lib/test/auto/PublisherPort1.xml
----------------- Instantiating /home/travis/build/icyphy/ptII/ptolemy/actor/lib/test/auto/PublisherPort1.xml
9 ms. Memory: 454656K Free: 280839K (62%)
----------------- Invoking toplevel() on ptolemy.moml.MoMLSimpleApplication@74ccd111
----------------- Done invoking toplevel() on ptolemy.moml.MoMLSimpleApplication@74ccd111
reloadAllAccessors: .PublisherPort1

===========================================================================================
----------------- testing Tue Jul 06 02:08:13 UTC 2021 /home/travis/build/icyphy/ptII/ptolemy/actor/lib/test/auto/PublisherPort2.xml
----------------- Instantiating /home/travis/build/icyphy/ptII/ptolemy/actor/lib/test/auto/PublisherPort2.xml
1 ms. Memory: 454656K Free: 275749K (61%)
----------------- Invoking toplevel() on ptolemy.moml.MoMLSimpleApplication@3bd34e
----------------- Done invoking toplevel() on ptolemy.moml.MoMLSimpleApplication@3bd34e
reloadAllAccessors: .PublisherPort2

===========================================================================================
----------------- testing Tue Jul 06 02:08:13 UTC 2021 /home/travis/build/icyphy/ptII/ptolemy/actor/lib/test/auto/PublisherPort3.xml
----------------- Instantiating /home/travis/build/icyphy/ptII/ptolemy/actor/lib/test/auto/PublisherPort3.xml
2 ms. Memory: 454656K Free: 269095K (59%)
----------------- Invoking toplevel() on ptolemy.moml.MoMLSimpleApplication@644dd056
----------------- Done invoking toplevel() on ptolemy.moml.MoMLSimpleApplication@644dd056
reloadAllAccessors: .PublisherPort3

===========================================================================================
----------------- testing Tue Jul 06 02:08:13 UTC 2021 /home/travis/build/icyphy/ptII/ptolemy/actor/lib/test/auto/PublisherPort4.xml
----------------- Instantiating /home/travis/build/icyphy/ptII/ptolemy/actor/lib/test/auto/PublisherPort4.xml
2 ms. Memory: 454656K Free: 263455K (58%)
----------------- Invoking toplevel() on ptolemy.moml.MoMLSimpleApplication@3909bdcf
----------------- Done invoking toplevel() on ptolemy.moml.MoMLSimpleApplication@3909bdcf
reloadAllAccessors: .PublisherPort4

===========================================================================================
----------------- testing Tue Jul 06 02:08:13 UTC 2021 /home/travis/build/icyphy/ptII/ptolemy/actor/lib/test/auto/PublisherPort5.xml
----------------- Instantiating /home/travis/build/icyphy/ptII/ptolemy/actor/lib/test/auto/PublisherPort5.xml
3 ms. Memory: 454656K Free: 255783K (56%)
----------------- Invoking toplevel() on ptolemy.moml.MoMLSimpleApplication@1b199c92
----------------- Done invoking toplevel() on ptolemy.moml.MoMLSimpleApplication@1b199c92
reloadAllAccessors: .PublisherPort5

===========================================================================================
----------------- testing Tue Jul 06 02:08:13 UTC 2021 /home/travis/build/icyphy/ptII/ptolemy/actor/lib/test/auto/PublisherPort5LookAlike.xml
----------------- Instantiating /home/travis/build/icyphy/ptII/ptolemy/actor/lib/test/auto/PublisherPort5LookAlike.xml
7 ms. Memory: 454656K Free: 248095K (55%)
----------------- Invoking toplevel() on ptolemy.moml.MoMLSimpleApplication@2d9481d0
----------------- Done invoking toplevel() on ptolemy.moml.MoMLSimpleApplication@2d9481d0
reloadAllAccessors: .PublisherPort5LookAlike

===========================================================================================
----------------- testing Tue Jul 06 02:08:13 UTC 2021 /home/travis/build/icyphy/ptII/ptolemy/actor/lib/test/auto/PublisherPort6.xml
----------------- Instantiating /home/travis/build/icyphy/ptII/ptolemy/actor/lib/test/auto/PublisherPort6.xml
2 ms. Memory: 454656K Free: 241447K (53%)
----------------- Invoking toplevel() on ptolemy.moml.MoMLSimpleApplication@7ebfa82e
----------------- Done invoking toplevel() on ptolemy.moml.MoMLSimpleApplication@7ebfa82e
reloadAllAccessors: .PublisherPort6

===========================================================================================
----------------- testing Tue Jul 06 02:08:13 UTC 2021 /home/travis/build/icyphy/ptII/ptolemy/actor/lib/test/auto/PublisherPort7.xml
----------------- Instantiating /home/travis/build/icyphy/ptII/ptolemy/actor/lib/test/auto/PublisherPort7.xml
3 ms. Memory: 454656K Free: 234279K (52%)
----------------- Invoking toplevel() on ptolemy.moml.MoMLSimpleApplication@61ef3586
----------------- Done invoking toplevel() on ptolemy.moml.MoMLSimpleApplication@61ef3586
reloadAllAccessors: .PublisherPort7

===========================================================================================
----------------- testing Tue Jul 06 02:08:13 UTC 2021 /home/travis/build/icyphy/ptII/ptolemy/actor/lib/test/auto/PublisherPort8.xml
----------------- Instantiating /home/travis/build/icyphy/ptII/ptolemy/actor/lib/test/auto/PublisherPort8.xml
3 ms. Memory: 454656K Free: 225573K (50%)
----------------- Invoking toplevel() on ptolemy.moml.MoMLSimpleApplication@b7664bd
----------------- Done invoking toplevel() on ptolemy.moml.MoMLSimpleApplication@b7664bd
reloadAllAccessors: .PublisherPort8

===========================================================================================
----------------- testing Tue Jul 06 02:08:13 UTC 2021 /home/travis/build/icyphy/ptII/ptolemy/actor/lib/test/auto/PublisherPortSubscriberChannelVariablesAOC2.xml
----------------- Instantiating /home/travis/build/icyphy/ptII/ptolemy/actor/lib/test/auto/PublisherPortSubscriberChannelVariablesAOC2.xml
3 ms. Memory: 454656K Free: 207655K (46%)
----------------- Invoking toplevel() on ptolemy.moml.MoMLSimpleApplication@418e5a93
----------------- Done invoking toplevel() on ptolemy.moml.MoMLSimpleApplication@418e5a93
reloadAllAccessors: .PublisherPortSubscriberChannelVariablesAOC2

===========================================================================================
----------------- testing Tue Jul 06 02:08:13 UTC 2021 /home/travis/build/icyphy/ptII/ptolemy/actor/lib/test/auto/PublisherPortSubscriberOpaqueWidthInference.xml
----------------- Instantiating /home/travis/build/icyphy/ptII/ptolemy/actor/lib/test/auto/PublisherPortSubscriberOpaqueWidthInference.xml
3 ms. Memory: 454656K Free: 199959K (44%)
----------------- Invoking toplevel() on ptolemy.moml.MoMLSimpleApplication@60385675
----------------- Done invoking toplevel() on ptolemy.moml.MoMLSimpleApplication@60385675
reloadAllAccessors: .PublisherPortSubscriberOpaqueWidthInference

===========================================================================================
----------------- testing Tue Jul 06 02:08:13 UTC 2021 /home/travis/build/icyphy/ptII/ptolemy/actor/lib/test/auto/PublisherPortSubscriberPortAdjacent.xml
----------------- Instantiating /home/travis/build/icyphy/ptII/ptolemy/actor/lib/test/auto/PublisherPortSubscriberPortAdjacent.xml
2 ms. Memory: 454656K Free: 191781K (42%)
----------------- Invoking toplevel() on ptolemy.moml.MoMLSimpleApplication@13d3ad5f
----------------- Done invoking toplevel() on ptolemy.moml.MoMLSimpleApplication@13d3ad5f
reloadAllAccessors: .PublisherPortSubscriberPortAdjacent

===========================================================================================
----------------- testing Tue Jul 06 02:08:13 UTC 2021 /home/travis/build/icyphy/ptII/ptolemy/actor/lib/test/auto/PublisherPortSubscriberPortExpression.xml
----------------- Instantiating /home/travis/build/icyphy/ptII/ptolemy/actor/lib/test/auto/PublisherPortSubscriberPortExpression.xml
3 ms. Memory: 454656K Free: 184103K (40%)
----------------- Invoking toplevel() on ptolemy.moml.MoMLSimpleApplication@3745a29b
----------------- Done invoking toplevel() on ptolemy.moml.MoMLSimpleApplication@3745a29b
reloadAllAccessors: .PublisherPortSubscriberPortExpression

===========================================================================================
----------------- testing Tue Jul 06 02:08:13 UTC 2021 /home/travis/build/icyphy/ptII/ptolemy/actor/lib/test/auto/PublisherPortSubscriberPortOpaqueD3Reverse.xml
----------------- Instantiating /home/travis/build/icyphy/ptII/ptolemy/actor/lib/test/auto/PublisherPortSubscriberPortOpaqueD3Reverse.xml
7 ms. Memory: 454656K Free: 173863K (38%)
----------------- Invoking toplevel() on ptolemy.moml.MoMLSimpleApplication@76f6b8cb
----------------- Done invoking toplevel() on ptolemy.moml.MoMLSimpleApplication@76f6b8cb
reloadAllAccessors: .PublisherPortSubscriberPortOpaqueD3Reverse

===========================================================================================
----------------- testing Tue Jul 06 02:08:13 UTC 2021 /home/travis/build/icyphy/ptII/ptolemy/actor/lib/test/auto/PublisherPortSubscriberPortOpaqueWidthInference.xml
----------------- Instantiating /home/travis/build/icyphy/ptII/ptolemy/actor/lib/test/auto/PublisherPortSubscriberPortOpaqueWidthInference.xml
3 ms. Memory: 454656K Free: 166167K (37%)
----------------- Invoking toplevel() on ptolemy.moml.MoMLSimpleApplication@74ae5bf8
----------------- Done invoking toplevel() on ptolemy.moml.MoMLSimpleApplication@74ae5bf8
reloadAllAccessors: .PublisherPortSubscriberPortOpaqueWidthInference

===========================================================================================
----------------- testing Tue Jul 06 02:08:13 UTC 2021 /home/travis/build/icyphy/ptII/ptolemy/actor/lib/test/auto/PublisherPortToplevelSubscriberPortAOC.xml
----------------- Instantiating /home/travis/build/icyphy/ptII/ptolemy/actor/lib/test/auto/PublisherPortToplevelSubscriberPortAOC.xml
.PublisherPortToplevelSubscriberPortAOC.TestExceptionAttribute: initialize() was not invoked, but wrapup() was.  This is unusual, but not always a problem.  For example, exporting JNLP will do this.
1 ms. Memory: 454656K Free: 160551K (35%)
----------------- Invoking toplevel() on ptolemy.moml.MoMLSimpleApplication@6f0d4c7e
----------------- Done invoking toplevel() on ptolemy.moml.MoMLSimpleApplication@6f0d4c7e
reloadAllAccessors: .PublisherPortToplevelSubscriberPortAOC

===========================================================================================
----------------- testing Tue Jul 06 02:08:13 UTC 2021 /home/travis/build/icyphy/ptII/ptolemy/actor/lib/test/auto/PublisherSubscriber.xml
----------------- Instantiating /home/travis/build/icyphy/ptII/ptolemy/actor/lib/test/auto/PublisherSubscriber.xml
2 ms. Memory: 454656K Free: 153863K (34%)
----------------- Invoking toplevel() on ptolemy.moml.MoMLSimpleApplication@3084786
----------------- Done invoking toplevel() on ptolemy.moml.MoMLSimpleApplication@3084786
reloadAllAccessors: .PublisherSubscriber

===========================================================================================
----------------- testing Tue Jul 06 02:08:13 UTC 2021 /home/travis/build/icyphy/ptII/ptolemy/actor/lib/test/auto/PublisherSubscriber10.xml
----------------- Instantiating /home/travis/build/icyphy/ptII/ptolemy/actor/lib/test/auto/PublisherSubscriber10.xml
4 ms. Memory: 454656K Free: 144167K (32%)
----------------- Invoking toplevel() on ptolemy.moml.MoMLSimpleApplication@799312b4
----------------- Done invoking toplevel() on ptolemy.moml.MoMLSimpleApplication@799312b4
reloadAllAccessors: .PublisherSubscriber10

===========================================================================================
----------------- testing Tue Jul 06 02:08:13 UTC 2021 /home/travis/build/icyphy/ptII/ptolemy/actor/lib/test/auto/PublisherSubscriber10InitialOutputs.xml
----------------- Instantiating /home/travis/build/icyphy/ptII/ptolemy/actor/lib/test/auto/PublisherSubscriber10InitialOutputs.xml
17 ms. Memory: 454656K Free: 403456K (89%)
----------------- Invoking toplevel() on ptolemy.moml.MoMLSimpleApplication@5024fac2
----------------- Done invoking toplevel() on ptolemy.moml.MoMLSimpleApplication@5024fac2
reloadAllAccessors: .PublisherSubscriber10InitialOutputs

===========================================================================================
----------------- testing Tue Jul 06 02:08:14 UTC 2021 /home/travis/build/icyphy/ptII/ptolemy/actor/lib/test/auto/PublisherSubscriber11.xml
----------------- Instantiating /home/travis/build/icyphy/ptII/ptolemy/actor/lib/test/auto/PublisherSubscriber11.xml
2 ms. Memory: 454656K Free: 396767K (87%)
----------------- Invoking toplevel() on ptolemy.moml.MoMLSimpleApplication@3081fa85
----------------- Done invoking toplevel() on ptolemy.moml.MoMLSimpleApplication@3081fa85
reloadAllAccessors: .PublisherSubscriber11

===========================================================================================
----------------- testing Tue Jul 06 02:08:14 UTC 2021 /home/travis/build/icyphy/ptII/ptolemy/actor/lib/test/auto/PublisherSubscriber12.xml
----------------- Instantiating /home/travis/build/icyphy/ptII/ptolemy/actor/lib/test/auto/PublisherSubscriber12.xml
4 ms. Memory: 454656K Free: 390144K (86%)
----------------- Invoking toplevel() on ptolemy.moml.MoMLSimpleApplication@21c1e520
----------------- Done invoking toplevel() on ptolemy.moml.MoMLSimpleApplication@21c1e520
reloadAllAccessors: .PublisherSubscriber12

===========================================================================================
----------------- testing Tue Jul 06 02:08:14 UTC 2021 /home/travis/build/icyphy/ptII/ptolemy/actor/lib/test/auto/PublisherSubscriber13.xml
----------------- Instantiating /home/travis/build/icyphy/ptII/ptolemy/actor/lib/test/auto/PublisherSubscriber13.xml
2 ms. Memory: 454656K Free: 384495K (85%)
----------------- Invoking toplevel() on ptolemy.moml.MoMLSimpleApplication@30686ff0
----------------- Done invoking toplevel() on ptolemy.moml.MoMLSimpleApplication@30686ff0
reloadAllAccessors: .PublisherSubscriber13

===========================================================================================
----------------- testing Tue Jul 06 02:08:14 UTC 2021 /home/travis/build/icyphy/ptII/ptolemy/actor/lib/test/auto/PublisherSubscriber14.xml
----------------- Instantiating /home/travis/build/icyphy/ptII/ptolemy/actor/lib/test/auto/PublisherSubscriber14.xml
2 ms. Memory: 454656K Free: 375808K (83%)
----------------- Invoking toplevel() on ptolemy.moml.MoMLSimpleApplication@31a2bd61
----------------- Done invoking toplevel() on ptolemy.moml.MoMLSimpleApplication@31a2bd61
reloadAllAccessors: .PublisherSubscriber14

===========================================================================================
----------------- testing Tue Jul 06 02:08:14 UTC 2021 /home/travis/build/icyphy/ptII/ptolemy/actor/lib/test/auto/PublisherSubscriber2.xml
----------------- Instantiating /home/travis/build/icyphy/ptII/ptolemy/actor/lib/test/auto/PublisherSubscriber2.xml
2 ms. Memory: 454656K Free: 370143K (81%)
----------------- Invoking toplevel() on ptolemy.moml.MoMLSimpleApplication@2398791b
----------------- Done invoking toplevel() on ptolemy.moml.MoMLSimpleApplication@2398791b
reloadAllAccessors: .PublisherSubscriber2

===========================================================================================
----------------- testing Tue Jul 06 02:08:14 UTC 2021 /home/travis/build/icyphy/ptII/ptolemy/actor/lib/test/auto/PublisherSubscriber3.xml
----------------- Instantiating /home/travis/build/icyphy/ptII/ptolemy/actor/lib/test/auto/PublisherSubscriber3.xml
2 ms. Memory: 454656K Free: 364544K (80%)
----------------- Invoking toplevel() on ptolemy.moml.MoMLSimpleApplication@549d22f1
----------------- Done invoking toplevel() on ptolemy.moml.MoMLSimpleApplication@549d22f1
reloadAllAccessors: .PublisherSubscriber3

===========================================================================================
----------------- testing Tue Jul 06 02:08:14 UTC 2021 /home/travis/build/icyphy/ptII/ptolemy/actor/lib/test/auto/PublisherSubscriber4.xml
----------------- Instantiating /home/travis/build/icyphy/ptII/ptolemy/actor/lib/test/auto/PublisherSubscriber4.xml
1 ms. Memory: 454656K Free: 359424K (79%)
----------------- Invoking toplevel() on ptolemy.moml.MoMLSimpleApplication@25784b20
----------------- Done invoking toplevel() on ptolemy.moml.MoMLSimpleApplication@25784b20
reloadAllAccessors: .PublisherSubscriber4

===========================================================================================
----------------- testing Tue Jul 06 02:08:14 UTC 2021 /home/travis/build/icyphy/ptII/ptolemy/actor/lib/test/auto/PublisherSubscriber5.xml
----------------- Instantiating /home/travis/build/icyphy/ptII/ptolemy/actor/lib/test/auto/PublisherSubscriber5.xml
2 ms. Memory: 454656K Free: 352751K (78%)
----------------- Invoking toplevel() on ptolemy.moml.MoMLSimpleApplication@19901f25
----------------- Done invoking toplevel() on ptolemy.moml.MoMLSimpleApplication@19901f25
reloadAllAccessors: .PublisherSubscriber5

===========================================================================================
----------------- testing Tue Jul 06 02:08:14 UTC 2021 /home/travis/build/icyphy/ptII/ptolemy/actor/lib/test/auto/PublisherSubscriber6.xml
----------------- Instantiating /home/travis/build/icyphy/ptII/ptolemy/actor/lib/test/auto/PublisherSubscriber6.xml
4 ms. Memory: 454656K Free: 346112K (76%)
----------------- Invoking toplevel() on ptolemy.moml.MoMLSimpleApplication@c340d8d
----------------- Done invoking toplevel() on ptolemy.moml.MoMLSimpleApplication@c340d8d
reloadAllAccessors: .PublisherSubscriber6

===========================================================================================
----------------- testing Tue Jul 06 02:08:14 UTC 2021 /home/travis/build/icyphy/ptII/ptolemy/actor/lib/test/auto/PublisherSubscriber7.xml
----------------- Instantiating /home/travis/build/icyphy/ptII/ptolemy/actor/lib/test/auto/PublisherSubscriber7.xml
6 ms. Memory: 454656K Free: 339454K (75%)
----------------- Invoking toplevel() on ptolemy.moml.MoMLSimpleApplication@67d00ae9
----------------- Done invoking toplevel() on ptolemy.moml.MoMLSimpleApplication@67d00ae9
reloadAllAccessors: .PublisherSubscriber7

===========================================================================================
----------------- testing Tue Jul 06 02:08:14 UTC 2021 /home/travis/build/icyphy/ptII/ptolemy/actor/lib/test/auto/PublisherSubscriber8.xml
----------------- Instantiating /home/travis/build/icyphy/ptII/ptolemy/actor/lib/test/auto/PublisherSubscriber8.xml
15 ms. Memory: 454656K Free: 327680K (72%)
----------------- Invoking toplevel() on ptolemy.moml.MoMLSimpleApplication@75bc6de
----------------- Done invoking toplevel() on ptolemy.moml.MoMLSimpleApplication@75bc6de
reloadAllAccessors: .PublisherSubscriber8

===========================================================================================
----------------- testing Tue Jul 06 02:08:14 UTC 2021 /home/travis/build/icyphy/ptII/ptolemy/actor/lib/test/auto/PublisherSubscriber9.xml
----------------- Instantiating /home/travis/build/icyphy/ptII/ptolemy/actor/lib/test/auto/PublisherSubscriber9.xml
2 ms. Memory: 454656K Free: 320512K (70%)
----------------- Invoking toplevel() on ptolemy.moml.MoMLSimpleApplication@7bbf218e
----------------- Done invoking toplevel() on ptolemy.moml.MoMLSimpleApplication@7bbf218e
reloadAllAccessors: .PublisherSubscriber9

===========================================================================================
----------------- testing Tue Jul 06 02:08:14 UTC 2021 /home/travis/build/icyphy/ptII/ptolemy/actor/lib/test/auto/PublisherSubscriberAdjacent.xml
----------------- Instantiating /home/travis/build/icyphy/ptII/ptolemy/actor/lib/test/auto/PublisherSubscriberAdjacent.xml
2 ms. Memory: 454656K Free: 312320K (69%)
----------------- Invoking toplevel() on ptolemy.moml.MoMLSimpleApplication@161217e7
----------------- Done invoking toplevel() on ptolemy.moml.MoMLSimpleApplication@161217e7
reloadAllAccessors: .PublisherSubscriberAdjacent

===========================================================================================
----------------- testing Tue Jul 06 02:08:14 UTC 2021 /home/travis/build/icyphy/ptII/ptolemy/actor/lib/test/auto/PublisherSubscriberChannelVariablesAOC2.xml
----------------- Instantiating /home/travis/build/icyphy/ptII/ptolemy/actor/lib/test/auto/PublisherSubscriberChannelVariablesAOC2.xml
2 ms. Memory: 454656K Free: 297984K (66%)
----------------- Invoking toplevel() on ptolemy.moml.MoMLSimpleApplication@68576f63
----------------- Done invoking toplevel() on ptolemy.moml.MoMLSimpleApplication@68576f63
reloadAllAccessors: .PublisherSubscriberChannelVariablesAOC2

===========================================================================================
----------------- testing Tue Jul 06 02:08:14 UTC 2021 /home/travis/build/icyphy/ptII/ptolemy/actor/lib/test/auto/PublisherSubscriberD3.xml
----------------- Instantiating /home/travis/build/icyphy/ptII/ptolemy/actor/lib/test/auto/PublisherSubscriberD3.xml
1 ms. Memory: 454656K Free: 290816K (64%)
----------------- Invoking toplevel() on ptolemy.moml.MoMLSimpleApplication@76723c1
----------------- Done invoking toplevel() on ptolemy.moml.MoMLSimpleApplication@76723c1
reloadAllAccessors: .PublisherSubscriberD3

===========================================================================================
----------------- testing Tue Jul 06 02:08:14 UTC 2021 /home/travis/build/icyphy/ptII/ptolemy/actor/lib/test/auto/PublisherSubscriberD3Reverse.xml
----------------- Instantiating /home/travis/build/icyphy/ptII/ptolemy/actor/lib/test/auto/PublisherSubscriberD3Reverse.xml
1 ms. Memory: 454656K Free: 284672K (63%)
----------------- Invoking toplevel() on ptolemy.moml.MoMLSimpleApplication@3ad7823
----------------- Done invoking toplevel() on ptolemy.moml.MoMLSimpleApplication@3ad7823
reloadAllAccessors: .PublisherSubscriberD3Reverse

===========================================================================================
----------------- testing Tue Jul 06 02:08:14 UTC 2021 /home/travis/build/icyphy/ptII/ptolemy/actor/lib/test/auto/PublisherSubscriberExpression.xml
----------------- Instantiating /home/travis/build/icyphy/ptII/ptolemy/actor/lib/test/auto/PublisherSubscriberExpression.xml
3 ms. Memory: 454656K Free: 276480K (61%)
----------------- Invoking toplevel() on ptolemy.moml.MoMLSimpleApplication@788155a6
----------------- Done invoking toplevel() on ptolemy.moml.MoMLSimpleApplication@788155a6
reloadAllAccessors: .PublisherSubscriberExpression

===========================================================================================
----------------- testing Tue Jul 06 02:08:14 UTC 2021 /home/travis/build/icyphy/ptII/ptolemy/actor/lib/test/auto/PublisherSubscriberOpaque.xml
----------------- Instantiating /home/travis/build/icyphy/ptII/ptolemy/actor/lib/test/auto/PublisherSubscriberOpaque.xml
3 ms. Memory: 454656K Free: 268288K (59%)
----------------- Invoking toplevel() on ptolemy.moml.MoMLSimpleApplication@6f4f5d80
----------------- Done invoking toplevel() on ptolemy.moml.MoMLSimpleApplication@6f4f5d80
reloadAllAccessors: .PublisherSubscriberOpaque

===========================================================================================
----------------- testing Tue Jul 06 02:08:14 UTC 2021 /home/travis/build/icyphy/ptII/ptolemy/actor/lib/test/auto/PublisherSubscriberOpaqueD3.xml
----------------- Instantiating /home/travis/build/icyphy/ptII/ptolemy/actor/lib/test/auto/PublisherSubscriberOpaqueD3.xml
4 ms. Memory: 454656K Free: 257024K (57%)
----------------- Invoking toplevel() on ptolemy.moml.MoMLSimpleApplication@5aa6dab0
----------------- Done invoking toplevel() on ptolemy.moml.MoMLSimpleApplication@5aa6dab0
reloadAllAccessors: .PublisherSubscriberOpaqueD3

===========================================================================================
----------------- testing Tue Jul 06 02:08:14 UTC 2021 /home/travis/build/icyphy/ptII/ptolemy/actor/lib/test/auto/PublisherSubscriberOpaqueD3Reverse.xml
----------------- Instantiating /home/travis/build/icyphy/ptII/ptolemy/actor/lib/test/auto/PublisherSubscriberOpaqueD3Reverse.xml
7 ms. Memory: 454656K Free: 246270K (54%)
----------------- Invoking toplevel() on ptolemy.moml.MoMLSimpleApplication@1232bf9d
----------------- Done invoking toplevel() on ptolemy.moml.MoMLSimpleApplication@1232bf9d
reloadAllAccessors: .PublisherSubscriberOpaqueD3Reverse

===========================================================================================
----------------- testing Tue Jul 06 02:08:14 UTC 2021 /home/travis/build/icyphy/ptII/ptolemy/actor/lib/test/auto/PublisherSubscriberOpaqueWidthInference.xml
----------------- Instantiating /home/travis/build/icyphy/ptII/ptolemy/actor/lib/test/auto/PublisherSubscriberOpaqueWidthInference.xml
3 ms. Memory: 454656K Free: 238063K (52%)
----------------- Invoking toplevel() on ptolemy.moml.MoMLSimpleApplication@73386100
----------------- Done invoking toplevel() on ptolemy.moml.MoMLSimpleApplication@73386100
reloadAllAccessors: .PublisherSubscriberOpaqueWidthInference

===========================================================================================
----------------- testing Tue Jul 06 02:08:14 UTC 2021 /home/travis/build/icyphy/ptII/ptolemy/actor/lib/test/auto/PublisherTestSubscriber.xml
----------------- Instantiating /home/travis/build/icyphy/ptII/ptolemy/actor/lib/test/auto/PublisherTestSubscriber.xml
2 ms. Memory: 454656K Free: 230400K (51%)
----------------- Invoking toplevel() on ptolemy.moml.MoMLSimpleApplication@30061eca
----------------- Done invoking toplevel() on ptolemy.moml.MoMLSimpleApplication@30061eca
reloadAllAccessors: .PublisherTestSubscriber

===========================================================================================
----------------- testing Tue Jul 06 02:08:14 UTC 2021 /home/travis/build/icyphy/ptII/ptolemy/actor/lib/test/auto/PublisherToplevelSubscriberPortAOC.xml
----------------- Instantiating /home/travis/build/icyphy/ptII/ptolemy/actor/lib/test/auto/PublisherToplevelSubscriberPortAOC.xml
2 ms. Memory: 454656K Free: 223735K (49%)
----------------- Invoking toplevel() on ptolemy.moml.MoMLSimpleApplication@416d7132
----------------- Done invoking toplevel() on ptolemy.moml.MoMLSimpleApplication@416d7132
reloadAllAccessors: .PublisherToplevelSubscriberPortAOC

===========================================================================================
----------------- testing Tue Jul 06 02:08:14 UTC 2021 /home/travis/build/icyphy/ptII/ptolemy/actor/lib/test/auto/PulseFiringLimitDE.xml
----------------- Instantiating /home/travis/build/icyphy/ptII/ptolemy/actor/lib/test/auto/PulseFiringLimitDE.xml
1 ms. Memory: 454656K Free: 217598K (48%)
----------------- Invoking toplevel() on ptolemy.moml.MoMLSimpleApplication@1e6ab956
----------------- Done invoking toplevel() on ptolemy.moml.MoMLSimpleApplication@1e6ab956
reloadAllAccessors: .PulseFiringLimitDE

===========================================================================================
----------------- testing Tue Jul 06 02:08:14 UTC 2021 /home/travis/build/icyphy/ptII/ptolemy/actor/lib/test/auto/Ramp1.xml
----------------- Instantiating /home/travis/build/icyphy/ptII/ptolemy/actor/lib/test/auto/Ramp1.xml
1 ms. Memory: 454656K Free: 213495K (47%)
----------------- Invoking toplevel() on ptolemy.moml.MoMLSimpleApplication@cb3ffdf
----------------- Done invoking toplevel() on ptolemy.moml.MoMLSimpleApplication@cb3ffdf
reloadAllAccessors: .Ramp1

===========================================================================================
----------------- testing Tue Jul 06 02:08:14 UTC 2021 /home/travis/build/icyphy/ptII/ptolemy/actor/lib/test/auto/RampFiringLimitDE.xml
----------------- Instantiating /home/travis/build/icyphy/ptII/ptolemy/actor/lib/test/auto/RampFiringLimitDE.xml
3 ms. Memory: 454656K Free: 207343K (46%)
----------------- Invoking toplevel() on ptolemy.moml.MoMLSimpleApplication@4e631283
----------------- Done invoking toplevel() on ptolemy.moml.MoMLSimpleApplication@4e631283
reloadAllAccessors: .RampFiringLimitDE

===========================================================================================
----------------- testing Tue Jul 06 02:08:14 UTC 2021 /home/travis/build/icyphy/ptII/ptolemy/actor/lib/test/auto/RampFiringLimitSDF.xml
----------------- Instantiating /home/travis/build/icyphy/ptII/ptolemy/actor/lib/test/auto/RampFiringLimitSDF.xml
2 ms. Memory: 454656K Free: 202223K (44%)
----------------- Invoking toplevel() on ptolemy.moml.MoMLSimpleApplication@c5128a9
----------------- Done invoking toplevel() on ptolemy.moml.MoMLSimpleApplication@c5128a9
reloadAllAccessors: .RampFiringLimitSDF

===========================================================================================
----------------- testing Tue Jul 06 02:08:14 UTC 2021 /home/travis/build/icyphy/ptII/ptolemy/actor/lib/test/auto/RandomInteger.xml
----------------- Instantiating /home/travis/build/icyphy/ptII/ptolemy/actor/lib/test/auto/RandomInteger.xml
1 ms. Memory: 454656K Free: 198142K (44%)
----------------- Invoking toplevel() on ptolemy.moml.MoMLSimpleApplication@4a638577
----------------- Done invoking toplevel() on ptolemy.moml.MoMLSimpleApplication@4a638577
reloadAllAccessors: .RandomInteger

===========================================================================================
----------------- testing Tue Jul 06 02:08:14 UTC 2021 /home/travis/build/icyphy/ptII/ptolemy/actor/lib/test/auto/ReadFile1.xml
----------------- Instantiating /home/travis/build/icyphy/ptII/ptolemy/actor/lib/test/auto/ReadFile1.xml
1 ms. Memory: 454656K Free: 193536K (43%)
----------------- Invoking toplevel() on ptolemy.moml.MoMLSimpleApplication@1647c1fa
----------------- Done invoking toplevel() on ptolemy.moml.MoMLSimpleApplication@1647c1fa
reloadAllAccessors: .ReadFile1

===========================================================================================
----------------- testing Tue Jul 06 02:08:14 UTC 2021 /home/travis/build/icyphy/ptII/ptolemy/actor/lib/test/auto/ReadFile2.xml
----------------- Instantiating /home/travis/build/icyphy/ptII/ptolemy/actor/lib/test/auto/ReadFile2.xml
0 ms. Memory: 454656K Free: 189440K (42%)
----------------- Invoking toplevel() on ptolemy.moml.MoMLSimpleApplication@7f2fe02b
----------------- Done invoking toplevel() on ptolemy.moml.MoMLSimpleApplication@7f2fe02b
reloadAllAccessors: .ReadFile2

===========================================================================================
----------------- testing Tue Jul 06 02:08:14 UTC 2021 /home/travis/build/icyphy/ptII/ptolemy/actor/lib/test/auto/Reader.xml
----------------- Instantiating /home/travis/build/icyphy/ptII/ptolemy/actor/lib/test/auto/Reader.xml
actor.lib.Reader is obsolete, use actor.lib.io.ExpressionReader instead
1 ms. Memory: 454656K Free: 185344K (41%)
----------------- Invoking toplevel() on ptolemy.moml.MoMLSimpleApplication@5c2c8834
----------------- Done invoking toplevel() on ptolemy.moml.MoMLSimpleApplication@5c2c8834
reloadAllAccessors: .Reader

===========================================================================================
----------------- testing Tue Jul 06 02:08:14 UTC 2021 /home/travis/build/icyphy/ptII/ptolemy/actor/lib/test/auto/RecordAssemblerDisplayNameTest.xml
----------------- Instantiating /home/travis/build/icyphy/ptII/ptolemy/actor/lib/test/auto/RecordAssemblerDisplayNameTest.xml
3325 ms. Memory: 454656K Free: 319227K (70%)
----------------- Invoking toplevel() on ptolemy.moml.MoMLSimpleApplication@73492909
----------------- Done invoking toplevel() on ptolemy.moml.MoMLSimpleApplication@73492909
reloadAllAccessors: .RecordAssemblerDisplayNameTest

===========================================================================================
----------------- testing Tue Jul 06 02:08:17 UTC 2021 /home/travis/build/icyphy/ptII/ptolemy/actor/lib/test/auto/RecordAssemblerTypeError.xml
----------------- Instantiating /home/travis/build/icyphy/ptII/ptolemy/actor/lib/test/auto/RecordAssemblerTypeError.xml
15 ms. Memory: 454656K Free: 309497K (68%)
----------------- Invoking toplevel() on ptolemy.moml.MoMLSimpleApplication@5be6c62a
----------------- Done invoking toplevel() on ptolemy.moml.MoMLSimpleApplication@5be6c62a
reloadAllAccessors: .RecordAssemblerTypeError

===========================================================================================
----------------- testing Tue Jul 06 02:08:17 UTC 2021 /home/travis/build/icyphy/ptII/ptolemy/actor/lib/test/auto/RecordDisassember.xml
----------------- Instantiating /home/travis/build/icyphy/ptII/ptolemy/actor/lib/test/auto/RecordDisassember.xml
5 ms. Memory: 454656K Free: 304891K (67%)
----------------- Invoking toplevel() on ptolemy.moml.MoMLSimpleApplication@448e1225
----------------- Done invoking toplevel() on ptolemy.moml.MoMLSimpleApplication@448e1225
reloadAllAccessors: .RecordDisassember

===========================================================================================
----------------- testing Tue Jul 06 02:08:17 UTC 2021 /home/travis/build/icyphy/ptII/ptolemy/actor/lib/test/auto/RecordDisassemberDisplayNameTest.xml
----------------- Instantiating /home/travis/build/icyphy/ptII/ptolemy/actor/lib/test/auto/RecordDisassemberDisplayNameTest.xml
14 ms. Memory: 454656K Free: 297209K (65%)
----------------- Invoking toplevel() on ptolemy.moml.MoMLSimpleApplication@18111334
----------------- Done invoking toplevel() on ptolemy.moml.MoMLSimpleApplication@18111334
reloadAllAccessors: .RecordDisassemberDisplayNameTest

===========================================================================================
----------------- testing Tue Jul 06 02:08:17 UTC 2021 /home/travis/build/icyphy/ptII/ptolemy/actor/lib/test/auto/RecordDisassembler.xml
----------------- Instantiating /home/travis/build/icyphy/ptII/ptolemy/actor/lib/test/auto/RecordDisassembler.xml
4 ms. Memory: 454656K Free: 292059K (64%)
----------------- Invoking toplevel() on ptolemy.moml.MoMLSimpleApplication@2077255c
----------------- Done invoking toplevel() on ptolemy.moml.MoMLSimpleApplication@2077255c
reloadAllAccessors: .RecordDisassembler

===========================================================================================
----------------- testing Tue Jul 06 02:08:17 UTC 2021 /home/travis/build/icyphy/ptII/ptolemy/actor/lib/test/auto/RecordDisassembler2.xml
----------------- Instantiating /home/travis/build/icyphy/ptII/ptolemy/actor/lib/test/auto/RecordDisassembler2.xml
5 ms. Memory: 454656K Free: 286955K (63%)
----------------- Invoking toplevel() on ptolemy.moml.MoMLSimpleApplication@4ccd195c
----------------- Done invoking toplevel() on ptolemy.moml.MoMLSimpleApplication@4ccd195c
reloadAllAccessors: .RecordDisassembler2

===========================================================================================
----------------- testing Tue Jul 06 02:08:17 UTC 2021 /home/travis/build/icyphy/ptII/ptolemy/actor/lib/test/auto/RecordUpdater.xml
----------------- Instantiating /home/travis/build/icyphy/ptII/ptolemy/actor/lib/test/auto/RecordUpdater.xml
2 ms. Memory: 454656K Free: 281849K (62%)
----------------- Invoking toplevel() on ptolemy.moml.MoMLSimpleApplication@41575618
----------------- Done invoking toplevel() on ptolemy.moml.MoMLSimpleApplication@41575618
reloadAllAccessors: .RecordUpdater

===========================================================================================
----------------- testing Tue Jul 06 02:08:17 UTC 2021 /home/travis/build/icyphy/ptII/ptolemy/actor/lib/test/auto/RecordUpdater2.xml
----------------- Instantiating /home/travis/build/icyphy/ptII/ptolemy/actor/lib/test/auto/RecordUpdater2.xml
2 ms. Memory: 454656K Free: 276729K (61%)
----------------- Invoking toplevel() on ptolemy.moml.MoMLSimpleApplication@52334de5
----------------- Done invoking toplevel() on ptolemy.moml.MoMLSimpleApplication@52334de5
reloadAllAccessors: .RecordUpdater2

===========================================================================================
----------------- testing Tue Jul 06 02:08:17 UTC 2021 /home/travis/build/icyphy/ptII/ptolemy/actor/lib/test/auto/RecursiveLattice.xml
----------------- Instantiating /home/travis/build/icyphy/ptII/ptolemy/actor/lib/test/auto/RecursiveLattice.xml
3 ms. Memory: 454656K Free: 272633K (60%)
----------------- Invoking toplevel() on ptolemy.moml.MoMLSimpleApplication@2c79eb6
----------------- Done invoking toplevel() on ptolemy.moml.MoMLSimpleApplication@2c79eb6
reloadAllAccessors: .RecursiveLattice

===========================================================================================
----------------- testing Tue Jul 06 02:08:18 UTC 2021 /home/travis/build/icyphy/ptII/ptolemy/actor/lib/test/auto/Router.xml
----------------- Instantiating /home/travis/build/icyphy/ptII/ptolemy/actor/lib/test/auto/Router.xml
3004 ms. Memory: 454656K Free: 261883K (58%)
----------------- Invoking toplevel() on ptolemy.moml.MoMLSimpleApplication@7b8b1d62
----------------- Done invoking toplevel() on ptolemy.moml.MoMLSimpleApplication@7b8b1d62
reloadAllAccessors: .Router

===========================================================================================
----------------- testing Tue Jul 06 02:08:21 UTC 2021 /home/travis/build/icyphy/ptII/ptolemy/actor/lib/test/auto/Router2.xml
----------------- Instantiating /home/travis/build/icyphy/ptII/ptolemy/actor/lib/test/auto/Router2.xml
3004 ms. Memory: 454656K Free: 250619K (55%)
----------------- Invoking toplevel() on ptolemy.moml.MoMLSimpleApplication@da88943
----------------- Done invoking toplevel() on ptolemy.moml.MoMLSimpleApplication@da88943
reloadAllAccessors: .Router2

===========================================================================================
----------------- testing Tue Jul 06 02:08:24 UTC 2021 /home/travis/build/icyphy/ptII/ptolemy/actor/lib/test/auto/RunningMaximum.xml
----------------- Instantiating /home/travis/build/icyphy/ptII/ptolemy/actor/lib/test/auto/RunningMaximum.xml
2 ms. Memory: 454656K Free: 246009K (54%)
----------------- Invoking toplevel() on ptolemy.moml.MoMLSimpleApplication@422fa9f0
----------------- Done invoking toplevel() on ptolemy.moml.MoMLSimpleApplication@422fa9f0
reloadAllAccessors: .RunningMaximum

===========================================================================================
----------------- testing Tue Jul 06 02:08:24 UTC 2021 /home/travis/build/icyphy/ptII/ptolemy/actor/lib/test/auto/RunningMinimum.xml
----------------- Instantiating /home/travis/build/icyphy/ptII/ptolemy/actor/lib/test/auto/RunningMinimum.xml
7 ms. Memory: 454656K Free: 241403K (53%)
----------------- Invoking toplevel() on ptolemy.moml.MoMLSimpleApplication@7530104a
----------------- Done invoking toplevel() on ptolemy.moml.MoMLSimpleApplication@7530104a
reloadAllAccessors: .RunningMinimum

===========================================================================================
----------------- testing Tue Jul 06 02:08:24 UTC 2021 /home/travis/build/icyphy/ptII/ptolemy/actor/lib/test/auto/Scale.xml
----------------- Instantiating /home/travis/build/icyphy/ptII/ptolemy/actor/lib/test/auto/Scale.xml
2 ms. Memory: 454656K Free: 236793K (52%)
----------------- Invoking toplevel() on ptolemy.moml.MoMLSimpleApplication@33ba7584
----------------- Done invoking toplevel() on ptolemy.moml.MoMLSimpleApplication@33ba7584
reloadAllAccessors: .Scale

===========================================================================================
----------------- testing Tue Jul 06 02:08:24 UTC 2021 /home/travis/build/icyphy/ptII/ptolemy/actor/lib/test/auto/Scale2.xml
----------------- Instantiating /home/travis/build/icyphy/ptII/ptolemy/actor/lib/test/auto/Scale2.xml
1 ms. Memory: 454656K Free: 232187K (51%)
----------------- Invoking toplevel() on ptolemy.moml.MoMLSimpleApplication@292356dd
----------------- Done invoking toplevel() on ptolemy.moml.MoMLSimpleApplication@292356dd
reloadAllAccessors: .Scale2

===========================================================================================
----------------- testing Tue Jul 06 02:08:24 UTC 2021 /home/travis/build/icyphy/ptII/ptolemy/actor/lib/test/auto/Scale3.xml
----------------- Instantiating /home/travis/build/icyphy/ptII/ptolemy/actor/lib/test/auto/Scale3.xml
10 ms. Memory: 454656K Free: 226043K (50%)
----------------- Invoking toplevel() on ptolemy.moml.MoMLSimpleApplication@2a555b4c
----------------- Done invoking toplevel() on ptolemy.moml.MoMLSimpleApplication@2a555b4c
reloadAllAccessors: .Scale3

===========================================================================================
----------------- testing Tue Jul 06 02:08:24 UTC 2021 /home/travis/build/icyphy/ptII/ptolemy/actor/lib/test/auto/ScaleArray.xml
----------------- Instantiating /home/travis/build/icyphy/ptII/ptolemy/actor/lib/test/auto/ScaleArray.xml
1 ms. Memory: 454656K Free: 221433K (49%)
----------------- Invoking toplevel() on ptolemy.moml.MoMLSimpleApplication@72f3423
----------------- Done invoking toplevel() on ptolemy.moml.MoMLSimpleApplication@72f3423
reloadAllAccessors: .ScaleArray

===========================================================================================
----------------- testing Tue Jul 06 02:08:24 UTC 2021 /home/travis/build/icyphy/ptII/ptolemy/actor/lib/test/auto/ScaleArray2.xml
----------------- Instantiating /home/travis/build/icyphy/ptII/ptolemy/actor/lib/test/auto/ScaleArray2.xml
1 ms. Memory: 454656K Free: 216313K (48%)
----------------- Invoking toplevel() on ptolemy.moml.MoMLSimpleApplication@34e99173
----------------- Done invoking toplevel() on ptolemy.moml.MoMLSimpleApplication@34e99173
reloadAllAccessors: .ScaleArray2

===========================================================================================
----------------- testing Tue Jul 06 02:08:24 UTC 2021 /home/travis/build/icyphy/ptII/ptolemy/actor/lib/test/auto/ScaleMatrix.xml
----------------- Instantiating /home/travis/build/icyphy/ptII/ptolemy/actor/lib/test/auto/ScaleMatrix.xml
143 ms. Memory: 454656K Free: 200953K (44%)
----------------- Invoking toplevel() on ptolemy.moml.MoMLSimpleApplication@5a1026e7
----------------- Done invoking toplevel() on ptolemy.moml.MoMLSimpleApplication@5a1026e7
reloadAllAccessors: .ScaleMatrix

===========================================================================================
----------------- testing Tue Jul 06 02:08:24 UTC 2021 /home/travis/build/icyphy/ptII/ptolemy/actor/lib/test/auto/Select.xml
----------------- Instantiating /home/travis/build/icyphy/ptII/ptolemy/actor/lib/test/auto/Select.xml
2 ms. Memory: 454656K Free: 194795K (43%)
----------------- Invoking toplevel() on ptolemy.moml.MoMLSimpleApplication@111e7b7e
----------------- Done invoking toplevel() on ptolemy.moml.MoMLSimpleApplication@111e7b7e
reloadAllAccessors: .Select

===========================================================================================
----------------- testing Tue Jul 06 02:08:24 UTC 2021 /home/travis/build/icyphy/ptII/ptolemy/actor/lib/test/auto/Select2.xml
----------------- Instantiating /home/travis/build/icyphy/ptII/ptolemy/actor/lib/test/auto/Select2.xml
1 ms. Memory: 454656K Free: 190203K (42%)
----------------- Invoking toplevel() on ptolemy.moml.MoMLSimpleApplication@14e713cf
----------------- Done invoking toplevel() on ptolemy.moml.MoMLSimpleApplication@14e713cf
reloadAllAccessors: .Select2

===========================================================================================
----------------- testing Tue Jul 06 02:08:24 UTC 2021 /home/travis/build/icyphy/ptII/ptolemy/actor/lib/test/auto/SequenceToArray2.xml
----------------- Instantiating /home/travis/build/icyphy/ptII/ptolemy/actor/lib/test/auto/SequenceToArray2.xml
87 ms. Memory: 454656K Free: 165627K (36%)
----------------- Invoking toplevel() on ptolemy.moml.MoMLSimpleApplication@5945f121
----------------- Done invoking toplevel() on ptolemy.moml.MoMLSimpleApplication@5945f121
reloadAllAccessors: .SequenceToArray2

===========================================================================================
----------------- testing Tue Jul 06 02:08:24 UTC 2021 /home/travis/build/icyphy/ptII/ptolemy/actor/lib/test/auto/SequentialClock.xml
----------------- Instantiating /home/travis/build/icyphy/ptII/ptolemy/actor/lib/test/auto/SequentialClock.xml
2 ms. Memory: 454656K Free: 161531K (36%)
----------------- Invoking toplevel() on ptolemy.moml.MoMLSimpleApplication@4dbd89e8
----------------- Done invoking toplevel() on ptolemy.moml.MoMLSimpleApplication@4dbd89e8
reloadAllAccessors: .SequentialClock

===========================================================================================
----------------- testing Tue Jul 06 02:08:24 UTC 2021 /home/travis/build/icyphy/ptII/ptolemy/actor/lib/test/auto/SetVariable.xml
----------------- Instantiating /home/travis/build/icyphy/ptII/ptolemy/actor/lib/test/auto/SetVariable.xml
3 ms. Memory: 454656K Free: 156921K (35%)
----------------- Invoking toplevel() on ptolemy.moml.MoMLSimpleApplication@1d53fe2a
----------------- Done invoking toplevel() on ptolemy.moml.MoMLSimpleApplication@1d53fe2a
reloadAllAccessors: .SetVariable

===========================================================================================
----------------- testing Tue Jul 06 02:08:24 UTC 2021 /home/travis/build/icyphy/ptII/ptolemy/actor/lib/test/auto/SetVariable2.xml
----------------- Instantiating /home/travis/build/icyphy/ptII/ptolemy/actor/lib/test/auto/SetVariable2.xml
3 ms. Memory: 454656K Free: 151801K (33%)
----------------- Invoking toplevel() on ptolemy.moml.MoMLSimpleApplication@7bd81897
----------------- Done invoking toplevel() on ptolemy.moml.MoMLSimpleApplication@7bd81897
reloadAllAccessors: .SetVariable2

===========================================================================================
----------------- testing Tue Jul 06 02:08:24 UTC 2021 /home/travis/build/icyphy/ptII/ptolemy/actor/lib/test/auto/SetVariable3.xml
----------------- Instantiating /home/travis/build/icyphy/ptII/ptolemy/actor/lib/test/auto/SetVariable3.xml
6 ms. Memory: 454656K Free: 146681K (32%)
----------------- Invoking toplevel() on ptolemy.moml.MoMLSimpleApplication@2a08a2b2
----------------- Done invoking toplevel() on ptolemy.moml.MoMLSimpleApplication@2a08a2b2
reloadAllAccessors: .SetVariable3

===========================================================================================
----------------- testing Tue Jul 06 02:08:24 UTC 2021 /home/travis/build/icyphy/ptII/ptolemy/actor/lib/test/auto/SetVariable4.xml
----------------- Instantiating /home/travis/build/icyphy/ptII/ptolemy/actor/lib/test/auto/SetVariable4.xml
39 ms. Memory: 454656K Free: 404852K (89%)
----------------- Invoking toplevel() on ptolemy.moml.MoMLSimpleApplication@2bcc4b98
----------------- Done invoking toplevel() on ptolemy.moml.MoMLSimpleApplication@2bcc4b98
reloadAllAccessors: .SetVariable4

===========================================================================================
----------------- testing Tue Jul 06 02:08:24 UTC 2021 /home/travis/build/icyphy/ptII/ptolemy/actor/lib/test/auto/SetVariable5.xml
----------------- Instantiating /home/travis/build/icyphy/ptII/ptolemy/actor/lib/test/auto/SetVariable5.xml
16 ms. Memory: 454656K Free: 394881K (87%)
----------------- Invoking toplevel() on ptolemy.moml.MoMLSimpleApplication@1a64c143
----------------- Done invoking toplevel() on ptolemy.moml.MoMLSimpleApplication@1a64c143
reloadAllAccessors: .SetVariable5

===========================================================================================
----------------- testing Tue Jul 06 02:08:24 UTC 2021 /home/travis/build/icyphy/ptII/ptolemy/actor/lib/test/auto/Sinewave.xml
----------------- Instantiating /home/travis/build/icyphy/ptII/ptolemy/actor/lib/test/auto/Sinewave.xml
3 ms. Memory: 454656K Free: 384641K (85%)
----------------- Invoking toplevel() on ptolemy.moml.MoMLSimpleApplication@67b8cd22
----------------- Done invoking toplevel() on ptolemy.moml.MoMLSimpleApplication@67b8cd22
reloadAllAccessors: .Sinewave

===========================================================================================
----------------- testing Tue Jul 06 02:08:24 UTC 2021 /home/travis/build/icyphy/ptII/ptolemy/actor/lib/test/auto/Sinewave2.xml
----------------- Instantiating /home/travis/build/icyphy/ptII/ptolemy/actor/lib/test/auto/Sinewave2.xml
5 ms. Memory: 454656K Free: 376449K (83%)
----------------- Invoking toplevel() on ptolemy.moml.MoMLSimpleApplication@543cb89d
----------------- Done invoking toplevel() on ptolemy.moml.MoMLSimpleApplication@543cb89d
reloadAllAccessors: .Sinewave2

===========================================================================================
----------------- testing Tue Jul 06 02:08:24 UTC 2021 /home/travis/build/icyphy/ptII/ptolemy/actor/lib/test/auto/Sinewave3.xml
----------------- Instantiating /home/travis/build/icyphy/ptII/ptolemy/actor/lib/test/auto/Sinewave3.xml
9 ms. Memory: 454656K Free: 368257K (81%)
----------------- Invoking toplevel() on ptolemy.moml.MoMLSimpleApplication@26bee103
----------------- Done invoking toplevel() on ptolemy.moml.MoMLSimpleApplication@26bee103
reloadAllAccessors: .Sinewave3

===========================================================================================
----------------- testing Tue Jul 06 02:08:24 UTC 2021 /home/travis/build/icyphy/ptII/ptolemy/actor/lib/test/auto/SingleEvent.xml
----------------- Instantiating /home/travis/build/icyphy/ptII/ptolemy/actor/lib/test/auto/SingleEvent.xml
0 ms. Memory: 454656K Free: 364161K (80%)
----------------- Invoking toplevel() on ptolemy.moml.MoMLSimpleApplication@79685045
----------------- Done invoking toplevel() on ptolemy.moml.MoMLSimpleApplication@79685045
reloadAllAccessors: .SingleEvent

===========================================================================================
----------------- testing Tue Jul 06 02:08:24 UTC 2021 /home/travis/build/icyphy/ptII/ptolemy/actor/lib/test/auto/Sleep.xml
----------------- Instantiating /home/travis/build/icyphy/ptII/ptolemy/actor/lib/test/auto/Sleep.xml
6003 ms. Memory: 454656K Free: 358513K (79%)
----------------- Invoking toplevel() on ptolemy.moml.MoMLSimpleApplication@6feab008
----------------- Done invoking toplevel() on ptolemy.moml.MoMLSimpleApplication@6feab008
reloadAllAccessors: .Sleep

===========================================================================================
----------------- testing Tue Jul 06 02:08:30 UTC 2021 /home/travis/build/icyphy/ptII/ptolemy/actor/lib/test/auto/SleepMultipleFire.xml
----------------- Instantiating /home/travis/build/icyphy/ptII/ptolemy/actor/lib/test/auto/SleepMultipleFire.xml
1005 ms. Memory: 454656K Free: 352897K (78%)
----------------- Invoking toplevel() on ptolemy.moml.MoMLSimpleApplication@4aa0ae48
----------------- Done invoking toplevel() on ptolemy.moml.MoMLSimpleApplication@4aa0ae48
reloadAllAccessors: .SleepMultipleFire

===========================================================================================
----------------- testing Tue Jul 06 02:08:31 UTC 2021 /home/travis/build/icyphy/ptII/ptolemy/actor/lib/test/auto/StopDE.xml
----------------- Instantiating /home/travis/build/icyphy/ptII/ptolemy/actor/lib/test/auto/StopDE.xml
2 ms. Memory: 454656K Free: 347263K (76%)
----------------- Invoking toplevel() on ptolemy.moml.MoMLSimpleApplication@2448b3be
----------------- Done invoking toplevel() on ptolemy.moml.MoMLSimpleApplication@2448b3be
reloadAllAccessors: .StopDE

===========================================================================================
----------------- testing Tue Jul 06 02:08:31 UTC 2021 /home/travis/build/icyphy/ptII/ptolemy/actor/lib/test/auto/StopSDF.xml
----------------- Instantiating /home/travis/build/icyphy/ptII/ptolemy/actor/lib/test/auto/StopSDF.xml
3 ms. Memory: 454656K Free: 342143K (75%)
----------------- Invoking toplevel() on ptolemy.moml.MoMLSimpleApplication@47f2282c
----------------- Done invoking toplevel() on ptolemy.moml.MoMLSimpleApplication@47f2282c
reloadAllAccessors: .StopSDF

===========================================================================================
----------------- testing Tue Jul 06 02:08:31 UTC 2021 /home/travis/build/icyphy/ptII/ptolemy/actor/lib/test/auto/StringConstant.xml
----------------- Instantiating /home/travis/build/icyphy/ptII/ptolemy/actor/lib/test/auto/StringConstant.xml
8 ms. Memory: 454656K Free: 337537K (74%)
----------------- Invoking toplevel() on ptolemy.moml.MoMLSimpleApplication@68621f08
----------------- Done invoking toplevel() on ptolemy.moml.MoMLSimpleApplication@68621f08
reloadAllAccessors: .StringConstant

===========================================================================================
----------------- testing Tue Jul 06 02:08:31 UTC 2021 /home/travis/build/icyphy/ptII/ptolemy/actor/lib/test/auto/SubscriberPortInitialValues1.xml
----------------- Instantiating /home/travis/build/icyphy/ptII/ptolemy/actor/lib/test/auto/SubscriberPortInitialValues1.xml
8 ms. Memory: 454656K Free: 328321K (72%)
----------------- Invoking toplevel() on ptolemy.moml.MoMLSimpleApplication@d4c995b
----------------- Done invoking toplevel() on ptolemy.moml.MoMLSimpleApplication@d4c995b
reloadAllAccessors: .SubscriberPortInitialValues1

===========================================================================================
----------------- testing Tue Jul 06 02:08:31 UTC 2021 /home/travis/build/icyphy/ptII/ptolemy/actor/lib/test/auto/SubscriberPortInitialValues13.xml
----------------- Instantiating /home/travis/build/icyphy/ptII/ptolemy/actor/lib/test/auto/SubscriberPortInitialValues13.xml
5 ms. Memory: 454656K Free: 315519K (69%)
----------------- Invoking toplevel() on ptolemy.moml.MoMLSimpleApplication@4131d0ac
----------------- Done invoking toplevel() on ptolemy.moml.MoMLSimpleApplication@4131d0ac
reloadAllAccessors: .SubscriberPortInitialValues13

===========================================================================================
----------------- testing Tue Jul 06 02:08:31 UTC 2021 /home/travis/build/icyphy/ptII/ptolemy/actor/lib/test/auto/SubscriberPortInitialValues14.xml
----------------- Instantiating /home/travis/build/icyphy/ptII/ptolemy/actor/lib/test/auto/SubscriberPortInitialValues14.xml
4 ms. Memory: 454656K Free: 307841K (68%)
----------------- Invoking toplevel() on ptolemy.moml.MoMLSimpleApplication@73c5dec9
----------------- Done invoking toplevel() on ptolemy.moml.MoMLSimpleApplication@73c5dec9
reloadAllAccessors: .SubscriberPortInitialValues14

===========================================================================================
----------------- testing Tue Jul 06 02:08:31 UTC 2021 /home/travis/build/icyphy/ptII/ptolemy/actor/lib/test/auto/SubscriberPortInitialValues2.xml
----------------- Instantiating /home/travis/build/icyphy/ptII/ptolemy/actor/lib/test/auto/SubscriberPortInitialValues2.xml
3 ms. Memory: 454656K Free: 300159K (66%)
----------------- Invoking toplevel() on ptolemy.moml.MoMLSimpleApplication@343067b8
----------------- Done invoking toplevel() on ptolemy.moml.MoMLSimpleApplication@343067b8
reloadAllAccessors: .SubscriberPortInitialValues2

===========================================================================================
----------------- testing Tue Jul 06 02:08:31 UTC 2021 /home/travis/build/icyphy/ptII/ptolemy/actor/lib/test/auto/SubscriberPortInitialValues3.xml
----------------- Instantiating /home/travis/build/icyphy/ptII/ptolemy/actor/lib/test/auto/SubscriberPortInitialValues3.xml
5 ms. Memory: 454656K Free: 288895K (64%)
----------------- Invoking toplevel() on ptolemy.moml.MoMLSimpleApplication@3a7186f9
----------------- Done invoking toplevel() on ptolemy.moml.MoMLSimpleApplication@3a7186f9
reloadAllAccessors: .SubscriberPortInitialValues3

===========================================================================================
----------------- testing Tue Jul 06 02:08:31 UTC 2021 /home/travis/build/icyphy/ptII/ptolemy/actor/lib/test/auto/SubscriptionAggregator.xml
----------------- Instantiating /home/travis/build/icyphy/ptII/ptolemy/actor/lib/test/auto/SubscriptionAggregator.xml
2 ms. Memory: 454656K Free: 282241K (62%)
----------------- Invoking toplevel() on ptolemy.moml.MoMLSimpleApplication@1f2ecb64
----------------- Done invoking toplevel() on ptolemy.moml.MoMLSimpleApplication@1f2ecb64
reloadAllAccessors: .SubscriptionAggregator

===========================================================================================
----------------- testing Tue Jul 06 02:08:31 UTC 2021 /home/travis/build/icyphy/ptII/ptolemy/actor/lib/test/auto/SubscriptionAggregator2.xml
----------------- Instantiating /home/travis/build/icyphy/ptII/ptolemy/actor/lib/test/auto/SubscriptionAggregator2.xml
2 ms. Memory: 454656K Free: 275577K (61%)
----------------- Invoking toplevel() on ptolemy.moml.MoMLSimpleApplication@695c18d4
----------------- Done invoking toplevel() on ptolemy.moml.MoMLSimpleApplication@695c18d4
reloadAllAccessors: .SubscriptionAggregator2

===========================================================================================
----------------- testing Tue Jul 06 02:08:31 UTC 2021 /home/travis/build/icyphy/ptII/ptolemy/actor/lib/test/auto/SubscriptionAggregator3.xml
----------------- Instantiating /home/travis/build/icyphy/ptII/ptolemy/actor/lib/test/auto/SubscriptionAggregator3.xml
3 ms. Memory: 454656K Free: 266881K (59%)
----------------- Invoking toplevel() on ptolemy.moml.MoMLSimpleApplication@1fa8e7f4
----------------- Done invoking toplevel() on ptolemy.moml.MoMLSimpleApplication@1fa8e7f4
reloadAllAccessors: .SubscriptionAggregator3

===========================================================================================
----------------- testing Tue Jul 06 02:08:31 UTC 2021 /home/travis/build/icyphy/ptII/ptolemy/actor/lib/test/auto/SubscriptionAggregatorMultiply.xml
----------------- Instantiating /home/travis/build/icyphy/ptII/ptolemy/actor/lib/test/auto/SubscriptionAggregatorMultiply.xml
12 ms. Memory: 454656K Free: 258689K (57%)
----------------- Invoking toplevel() on ptolemy.moml.MoMLSimpleApplication@4af90461
----------------- Done invoking toplevel() on ptolemy.moml.MoMLSimpleApplication@4af90461
reloadAllAccessors: .SubscriptionAggregatorMultiply

===========================================================================================
----------------- testing Tue Jul 06 02:08:31 UTC 2021 /home/travis/build/icyphy/ptII/ptolemy/actor/lib/test/auto/SubscriptionAggregatorPortMultiply1.xml
----------------- Instantiating /home/travis/build/icyphy/ptII/ptolemy/actor/lib/test/auto/SubscriptionAggregatorPortMultiply1.xml
3 ms. Memory: 454656K Free: 251007K (55%)
----------------- Invoking toplevel() on ptolemy.moml.MoMLSimpleApplication@2713e932
----------------- Done invoking toplevel() on ptolemy.moml.MoMLSimpleApplication@2713e932
reloadAllAccessors: .SubscriptionAggregatorPortMultiply1

===========================================================================================
----------------- testing Tue Jul 06 02:08:31 UTC 2021 /home/travis/build/icyphy/ptII/ptolemy/actor/lib/test/auto/Switch.xml
----------------- Instantiating /home/travis/build/icyphy/ptII/ptolemy/actor/lib/test/auto/Switch.xml
5 ms. Memory: 454656K Free: 242815K (53%)
----------------- Invoking toplevel() on ptolemy.moml.MoMLSimpleApplication@3a5bd31b
----------------- Done invoking toplevel() on ptolemy.moml.MoMLSimpleApplication@3a5bd31b
reloadAllAccessors: .Switch

===========================================================================================
----------------- testing Tue Jul 06 02:08:31 UTC 2021 /home/travis/build/icyphy/ptII/ptolemy/actor/lib/test/auto/Switch2.xml
----------------- Instantiating /home/travis/build/icyphy/ptII/ptolemy/actor/lib/test/auto/Switch2.xml
1 ms. Memory: 454656K Free: 238209K (52%)
----------------- Invoking toplevel() on ptolemy.moml.MoMLSimpleApplication@169a983b
----------------- Done invoking toplevel() on ptolemy.moml.MoMLSimpleApplication@169a983b
reloadAllAccessors: .Switch2

===========================================================================================
----------------- testing Tue Jul 06 02:08:31 UTC 2021 /home/travis/build/icyphy/ptII/ptolemy/actor/lib/test/auto/SwitchDE.xml
----------------- Instantiating /home/travis/build/icyphy/ptII/ptolemy/actor/lib/test/auto/SwitchDE.xml
2 ms. Memory: 454656K Free: 232065K (51%)
----------------- Invoking toplevel() on ptolemy.moml.MoMLSimpleApplication@6c242212
----------------- Done invoking toplevel() on ptolemy.moml.MoMLSimpleApplication@6c242212
reloadAllAccessors: .SwitchDE

===========================================================================================
----------------- testing Tue Jul 06 02:08:32 UTC 2021 /home/travis/build/icyphy/ptII/ptolemy/actor/lib/test/auto/SynchronizerDE.xml
----------------- Instantiating /home/travis/build/icyphy/ptII/ptolemy/actor/lib/test/auto/SynchronizerDE.xml
6 ms. Memory: 454656K Free: 223873K (49%)
----------------- Invoking toplevel() on ptolemy.moml.MoMLSimpleApplication@36274ba
----------------- Done invoking toplevel() on ptolemy.moml.MoMLSimpleApplication@36274ba
reloadAllAccessors: .SynchronizerDE

===========================================================================================
----------------- testing Tue Jul 06 02:08:32 UTC 2021 /home/travis/build/icyphy/ptII/ptolemy/actor/lib/test/auto/Test.xml
----------------- Instantiating /home/travis/build/icyphy/ptII/ptolemy/actor/lib/test/auto/Test.xml
2 ms. Memory: 454656K Free: 218753K (48%)
----------------- Invoking toplevel() on ptolemy.moml.MoMLSimpleApplication@3d290c3
----------------- Done invoking toplevel() on ptolemy.moml.MoMLSimpleApplication@3d290c3
reloadAllAccessors: .Test

===========================================================================================
----------------- testing Tue Jul 06 02:08:32 UTC 2021 /home/travis/build/icyphy/ptII/ptolemy/actor/lib/test/auto/TestExceptionAttribute1.xml
----------------- Instantiating /home/travis/build/icyphy/ptII/ptolemy/actor/lib/test/auto/TestExceptionAttribute1.xml
1 ms. Memory: 454656K Free: 215167K (47%)
----------------- Invoking toplevel() on ptolemy.moml.MoMLSimpleApplication@124cc9aa
----------------- Done invoking toplevel() on ptolemy.moml.MoMLSimpleApplication@124cc9aa
reloadAllAccessors: .TestExceptionAttribute1

===========================================================================================
----------------- testing Tue Jul 06 02:08:32 UTC 2021 /home/travis/build/icyphy/ptII/ptolemy/actor/lib/test/auto/TestExceptionAttribute2.xml
----------------- Instantiating /home/travis/build/icyphy/ptII/ptolemy/actor/lib/test/auto/TestExceptionAttribute2.xml
1 ms. Memory: 454656K Free: 211585K (47%)
----------------- Invoking toplevel() on ptolemy.moml.MoMLSimpleApplication@4e7b75e5
----------------- Done invoking toplevel() on ptolemy.moml.MoMLSimpleApplication@4e7b75e5
reloadAllAccessors: .TestExceptionAttribute2

===========================================================================================
----------------- testing Tue Jul 06 02:08:32 UTC 2021 /home/travis/build/icyphy/ptII/ptolemy/actor/lib/test/auto/TestExceptionAttribute3.xml
----------------- Instantiating /home/travis/build/icyphy/ptII/ptolemy/actor/lib/test/auto/TestExceptionAttribute3.xml
.TestExceptionAttribute3.TestExceptionAttribute: initialize() was not invoked, but wrapup() was.  This is unusual, but not always a problem.  For example, exporting JNLP will do this.
0 ms. Memory: 454656K Free: 207999K (46%)
----------------- Invoking toplevel() on ptolemy.moml.MoMLSimpleApplication@5c01e570
----------------- Done invoking toplevel() on ptolemy.moml.MoMLSimpleApplication@5c01e570
reloadAllAccessors: .TestExceptionAttribute3

===========================================================================================
----------------- testing Tue Jul 06 02:08:32 UTC 2021 /home/travis/build/icyphy/ptII/ptolemy/actor/lib/test/auto/TestExceptionAttribute4.xml
----------------- Instantiating /home/travis/build/icyphy/ptII/ptolemy/actor/lib/test/auto/TestExceptionAttribute4.xml
.TestExceptionAttribute4.TestExceptionAttribute: initialize() was not invoked, but wrapup() was.  This is unusual, but not always a problem.  For example, exporting JNLP will do this.
.TestExceptionAttribute4.TestExceptionAttribute2: initialize() was not invoked, but wrapup() was.  This is unusual, but not always a problem.  For example, exporting JNLP will do this.
1 ms. Memory: 454656K Free: 203393K (45%)
----------------- Invoking toplevel() on ptolemy.moml.MoMLSimpleApplication@66888e93
----------------- Done invoking toplevel() on ptolemy.moml.MoMLSimpleApplication@66888e93
reloadAllAccessors: .TestExceptionAttribute4

===========================================================================================
----------------- testing Tue Jul 06 02:08:32 UTC 2021 /home/travis/build/icyphy/ptII/ptolemy/actor/lib/test/auto/TestExceptionHandler1.xml
----------------- Instantiating /home/travis/build/icyphy/ptII/ptolemy/actor/lib/test/auto/TestExceptionHandler1.xml
0 ms. Memory: 454656K Free: 199807K (44%)
----------------- Invoking toplevel() on ptolemy.moml.MoMLSimpleApplication@64b3f549
----------------- Done invoking toplevel() on ptolemy.moml.MoMLSimpleApplication@64b3f549
reloadAllAccessors: .TestExceptionHandler1

===========================================================================================
----------------- testing Tue Jul 06 02:08:32 UTC 2021 /home/travis/build/icyphy/ptII/ptolemy/actor/lib/test/auto/TestExceptionHandler2.xml
----------------- Instantiating /home/travis/build/icyphy/ptII/ptolemy/actor/lib/test/auto/TestExceptionHandler2.xml
1 ms. Memory: 454656K Free: 196225K (43%)
----------------- Invoking toplevel() on ptolemy.moml.MoMLSimpleApplication@672f6174
----------------- Done invoking toplevel() on ptolemy.moml.MoMLSimpleApplication@672f6174
reloadAllAccessors: .TestExceptionHandler2

===========================================================================================
----------------- testing Tue Jul 06 02:08:32 UTC 2021 /home/travis/build/icyphy/ptII/ptolemy/actor/lib/test/auto/TestExceptionHandler3.xml
----------------- Instantiating /home/travis/build/icyphy/ptII/ptolemy/actor/lib/test/auto/TestExceptionHandler3.xml
1 ms. Memory: 454656K Free: 192639K (42%)
----------------- Invoking toplevel() on ptolemy.moml.MoMLSimpleApplication@78ed3baa
----------------- Done invoking toplevel() on ptolemy.moml.MoMLSimpleApplication@78ed3baa
reloadAllAccessors: .TestExceptionHandler3

===========================================================================================
----------------- testing Tue Jul 06 02:08:32 UTC 2021 /home/travis/build/icyphy/ptII/ptolemy/actor/lib/test/auto/TestExceptionHandler4.xml
----------------- Instantiating /home/travis/build/icyphy/ptII/ptolemy/actor/lib/test/auto/TestExceptionHandler4.xml
0 ms. Memory: 454656K Free: 188543K (41%)
----------------- Invoking toplevel() on ptolemy.moml.MoMLSimpleApplication@1b16bfc3
----------------- Done invoking toplevel() on ptolemy.moml.MoMLSimpleApplication@1b16bfc3
reloadAllAccessors: .TestExceptionHandler4

===========================================================================================
----------------- testing Tue Jul 06 02:08:32 UTC 2021 /home/travis/build/icyphy/ptII/ptolemy/actor/lib/test/auto/TestRequireCorrectOrder.xml
----------------- Instantiating /home/travis/build/icyphy/ptII/ptolemy/actor/lib/test/auto/TestRequireCorrectOrder.xml
9 ms. Memory: 454656K Free: 183409K (40%)
----------------- Invoking toplevel() on ptolemy.moml.MoMLSimpleApplication@7304b6c
----------------- Done invoking toplevel() on ptolemy.moml.MoMLSimpleApplication@7304b6c
reloadAllAccessors: .TestRequireCorrectOrder

===========================================================================================
----------------- testing Tue Jul 06 02:08:32 UTC 2021 /home/travis/build/icyphy/ptII/ptolemy/actor/lib/test/auto/TestSimple.xml
----------------- Instantiating /home/travis/build/icyphy/ptII/ptolemy/actor/lib/test/auto/TestSimple.xml
1 ms. Memory: 454656K Free: 178817K (39%)
----------------- Invoking toplevel() on ptolemy.moml.MoMLSimpleApplication@54ca627c
----------------- Done invoking toplevel() on ptolemy.moml.MoMLSimpleApplication@54ca627c
reloadAllAccessors: .TestSimple

===========================================================================================
----------------- testing Tue Jul 06 02:08:32 UTC 2021 /home/travis/build/icyphy/ptII/ptolemy/actor/lib/test/auto/ThrowModelError.xml
----------------- Instantiating /home/travis/build/icyphy/ptII/ptolemy/actor/lib/test/auto/ThrowModelError.xml
1 ms. Memory: 454656K Free: 174207K (38%)
----------------- Invoking toplevel() on ptolemy.moml.MoMLSimpleApplication@2d2218e6
----------------- Done invoking toplevel() on ptolemy.moml.MoMLSimpleApplication@2d2218e6
reloadAllAccessors: .ThrowModelError

===========================================================================================
----------------- testing Tue Jul 06 02:08:32 UTC 2021 /home/travis/build/icyphy/ptII/ptolemy/actor/lib/test/auto/TimeDelayMicrosteps.xml
----------------- Instantiating /home/travis/build/icyphy/ptII/ptolemy/actor/lib/test/auto/TimeDelayMicrosteps.xml
2 ms. Memory: 454656K Free: 167553K (37%)
----------------- Invoking toplevel() on ptolemy.moml.MoMLSimpleApplication@62635105
----------------- Done invoking toplevel() on ptolemy.moml.MoMLSimpleApplication@62635105
reloadAllAccessors: .TimeDelayMicrosteps

===========================================================================================
----------------- testing Tue Jul 06 02:08:32 UTC 2021 /home/travis/build/icyphy/ptII/ptolemy/actor/lib/test/auto/TimeDelayMicrosteps2.xml
----------------- Instantiating /home/travis/build/icyphy/ptII/ptolemy/actor/lib/test/auto/TimeDelayMicrosteps2.xml
3 ms. Memory: 454656K Free: 160385K (35%)
----------------- Invoking toplevel() on ptolemy.moml.MoMLSimpleApplication@5550ee96
----------------- Done invoking toplevel() on ptolemy.moml.MoMLSimpleApplication@5550ee96
reloadAllAccessors: .TimeDelayMicrosteps2

===========================================================================================
----------------- testing Tue Jul 06 02:08:32 UTC 2021 /home/travis/build/icyphy/ptII/ptolemy/actor/lib/test/auto/TimeDelayMicrosteps3.xml
----------------- Instantiating /home/travis/build/icyphy/ptII/ptolemy/actor/lib/test/auto/TimeDelayMicrosteps3.xml
2 ms. Memory: 454656K Free: 153697K (34%)
----------------- Invoking toplevel() on ptolemy.moml.MoMLSimpleApplication@35d3dc0c
----------------- Done invoking toplevel() on ptolemy.moml.MoMLSimpleApplication@35d3dc0c
reloadAllAccessors: .TimeDelayMicrosteps3

===========================================================================================
----------------- testing Tue Jul 06 02:08:32 UTC 2021 /home/travis/build/icyphy/ptII/ptolemy/actor/lib/test/auto/TimeDelayVariableMicrosteps.xml
----------------- Instantiating /home/travis/build/icyphy/ptII/ptolemy/actor/lib/test/auto/TimeDelayVariableMicrosteps.xml
2 ms. Memory: 454656K Free: 146559K (32%)
----------------- Invoking toplevel() on ptolemy.moml.MoMLSimpleApplication@5b1a1c49
----------------- Done invoking toplevel() on ptolemy.moml.MoMLSimpleApplication@5b1a1c49
reloadAllAccessors: .TimeDelayVariableMicrosteps

===========================================================================================
----------------- testing Tue Jul 06 02:08:32 UTC 2021 /home/travis/build/icyphy/ptII/ptolemy/actor/lib/test/auto/TimeGap.xml
----------------- Instantiating /home/travis/build/icyphy/ptII/ptolemy/actor/lib/test/auto/TimeGap.xml
3 ms. Memory: 454656K Free: 141409K (31%)
----------------- Invoking toplevel() on ptolemy.moml.MoMLSimpleApplication@15b75809
----------------- Done invoking toplevel() on ptolemy.moml.MoMLSimpleApplication@15b75809
reloadAllAccessors: .TimeGap

===========================================================================================
----------------- testing Tue Jul 06 02:08:32 UTC 2021 /home/travis/build/icyphy/ptII/ptolemy/actor/lib/test/auto/TimeGap2.xml
----------------- Instantiating /home/travis/build/icyphy/ptII/ptolemy/actor/lib/test/auto/TimeGap2.xml
1 ms. Memory: 454656K Free: 135809K (30%)
----------------- Invoking toplevel() on ptolemy.moml.MoMLSimpleApplication@1f7a80a6
----------------- Done invoking toplevel() on ptolemy.moml.MoMLSimpleApplication@1f7a80a6
reloadAllAccessors: .TimeGap2

===========================================================================================
----------------- testing Tue Jul 06 02:08:32 UTC 2021 /home/travis/build/icyphy/ptII/ptolemy/actor/lib/test/auto/TimedSinewave.xml
----------------- Instantiating /home/travis/build/icyphy/ptII/ptolemy/actor/lib/test/auto/TimedSinewave.xml
24 ms. Memory: 454656K Free: 390393K (86%)
----------------- Invoking toplevel() on ptolemy.moml.MoMLSimpleApplication@79cd56ff
----------------- Done invoking toplevel() on ptolemy.moml.MoMLSimpleApplication@79cd56ff
reloadAllAccessors: .TimedSinewave

===========================================================================================
----------------- testing Tue Jul 06 02:08:32 UTC 2021 /home/travis/build/icyphy/ptII/ptolemy/actor/lib/test/auto/TimedSinewavePhase.xml
----------------- Instantiating /home/travis/build/icyphy/ptII/ptolemy/actor/lib/test/auto/TimedSinewavePhase.xml
7 ms. Memory: 454656K Free: 380663K (84%)
----------------- Invoking toplevel() on ptolemy.moml.MoMLSimpleApplication@1f145dc4
----------------- Done invoking toplevel() on ptolemy.moml.MoMLSimpleApplication@1f145dc4
reloadAllAccessors: .TimedSinewavePhase

===========================================================================================
----------------- testing Tue Jul 06 02:08:32 UTC 2021 /home/travis/build/icyphy/ptII/ptolemy/actor/lib/test/auto/Timer.xml
----------------- Instantiating /home/travis/build/icyphy/ptII/ptolemy/actor/lib/test/auto/Timer.xml
2 ms. Memory: 454656K Free: 375033K (82%)
----------------- Invoking toplevel() on ptolemy.moml.MoMLSimpleApplication@56080dd2
----------------- Done invoking toplevel() on ptolemy.moml.MoMLSimpleApplication@56080dd2
reloadAllAccessors: .Timer

===========================================================================================
----------------- testing Tue Jul 06 02:08:32 UTC 2021 /home/travis/build/icyphy/ptII/ptolemy/actor/lib/test/auto/TriangularDistTestModel.xml
----------------- Instantiating /home/travis/build/icyphy/ptII/ptolemy/actor/lib/test/auto/TriangularDistTestModel.xml
2 ms. Memory: 454656K Free: 369369K (81%)
----------------- Invoking toplevel() on ptolemy.moml.MoMLSimpleApplication@64739436
----------------- Done invoking toplevel() on ptolemy.moml.MoMLSimpleApplication@64739436
reloadAllAccessors: .TriangularDistTestModel

===========================================================================================
----------------- testing Tue Jul 06 02:08:32 UTC 2021 /home/travis/build/icyphy/ptII/ptolemy/actor/lib/test/auto/TrigFunction.xml
----------------- Instantiating /home/travis/build/icyphy/ptII/ptolemy/actor/lib/test/auto/TrigFunction.xml
2 ms. Memory: 454656K Free: 364279K (80%)
----------------- Invoking toplevel() on ptolemy.moml.MoMLSimpleApplication@332c013e
----------------- Done invoking toplevel() on ptolemy.moml.MoMLSimpleApplication@332c013e
reloadAllAccessors: .TrigFunction

===========================================================================================
----------------- testing Tue Jul 06 02:08:32 UTC 2021 /home/travis/build/icyphy/ptII/ptolemy/actor/lib/test/auto/TrigFunctionDE.xml
----------------- Instantiating /home/travis/build/icyphy/ptII/ptolemy/actor/lib/test/auto/TrigFunctionDE.xml
2 ms. Memory: 454656K Free: 358649K (79%)
----------------- Invoking toplevel() on ptolemy.moml.MoMLSimpleApplication@76eb1331
----------------- Done invoking toplevel() on ptolemy.moml.MoMLSimpleApplication@76eb1331
reloadAllAccessors: .TrigFunctionDE

===========================================================================================
----------------- testing Tue Jul 06 02:08:32 UTC 2021 /home/travis/build/icyphy/ptII/ptolemy/actor/lib/test/auto/TrigFunctionInverse.xml
----------------- Instantiating /home/travis/build/icyphy/ptII/ptolemy/actor/lib/test/auto/TrigFunctionInverse.xml
2 ms. Memory: 454656K Free: 353529K (78%)
----------------- Invoking toplevel() on ptolemy.moml.MoMLSimpleApplication@d9471aa
----------------- Done invoking toplevel() on ptolemy.moml.MoMLSimpleApplication@d9471aa
reloadAllAccessors: .TrigFunctionInverse

===========================================================================================
----------------- testing Tue Jul 06 02:08:32 UTC 2021 /home/travis/build/icyphy/ptII/ptolemy/actor/lib/test/auto/TrigFunctionTan.xml
----------------- Instantiating /home/travis/build/icyphy/ptII/ptolemy/actor/lib/test/auto/TrigFunctionTan.xml
2 ms. Memory: 454656K Free: 349433K (77%)
----------------- Invoking toplevel() on ptolemy.moml.MoMLSimpleApplication@1e63f467
----------------- Done invoking toplevel() on ptolemy.moml.MoMLSimpleApplication@1e63f467
reloadAllAccessors: .TrigFunctionTan

===========================================================================================
----------------- testing Tue Jul 06 02:08:32 UTC 2021 /home/travis/build/icyphy/ptII/ptolemy/actor/lib/test/auto/TriggeredClock.xml
----------------- Instantiating /home/travis/build/icyphy/ptII/ptolemy/actor/lib/test/auto/TriggeredClock.xml
1 ms. Memory: 454656K Free: 344807K (76%)
----------------- Invoking toplevel() on ptolemy.moml.MoMLSimpleApplication@4c5cb8fe
----------------- Done invoking toplevel() on ptolemy.moml.MoMLSimpleApplication@4c5cb8fe
reloadAllAccessors: .TriggeredClock

===========================================================================================
----------------- testing Tue Jul 06 02:08:32 UTC 2021 /home/travis/build/icyphy/ptII/ptolemy/actor/lib/test/auto/URLDirectoryReader.xml
----------------- Instantiating /home/travis/build/icyphy/ptII/ptolemy/actor/lib/test/auto/URLDirectoryReader.xml
27 ms. Memory: 454656K Free: 335097K (74%)
----------------- Invoking toplevel() on ptolemy.moml.MoMLSimpleApplication@702a9db2
----------------- Done invoking toplevel() on ptolemy.moml.MoMLSimpleApplication@702a9db2
reloadAllAccessors: .URLDirectoryReader

===========================================================================================
----------------- testing Tue Jul 06 02:08:32 UTC 2021 /home/travis/build/icyphy/ptII/ptolemy/actor/lib/test/auto/URLDirectoryReader3.xml
----------------- Instantiating /home/travis/build/icyphy/ptII/ptolemy/actor/lib/test/auto/URLDirectoryReader3.xml
1470 ms. Memory: 454656K Free: 396560K (87%)
----------------- Invoking toplevel() on ptolemy.moml.MoMLSimpleApplication@1acc8004
----------------- Done invoking toplevel() on ptolemy.moml.MoMLSimpleApplication@1acc8004
reloadAllAccessors: .URLDirectoryReader3

===========================================================================================
----------------- testing Tue Jul 06 02:08:34 UTC 2021 /home/travis/build/icyphy/ptII/ptolemy/actor/lib/test/auto/UnaryMathFunction.xml
----------------- Instantiating /home/travis/build/icyphy/ptII/ptolemy/actor/lib/test/auto/UnaryMathFunction.xml
3 ms. Memory: 454656K Free: 388366K (85%)
----------------- Invoking toplevel() on ptolemy.moml.MoMLSimpleApplication@62231e0b
----------------- Done invoking toplevel() on ptolemy.moml.MoMLSimpleApplication@62231e0b
reloadAllAccessors: .UnaryMathFunction

===========================================================================================
----------------- testing Tue Jul 06 02:08:34 UTC 2021 /home/travis/build/icyphy/ptII/ptolemy/actor/lib/test/auto/Uniform.xml
----------------- Instantiating /home/travis/build/icyphy/ptII/ptolemy/actor/lib/test/auto/Uniform.xml
2 ms. Memory: 454656K Free: 383760K (84%)
----------------- Invoking toplevel() on ptolemy.moml.MoMLSimpleApplication@6ab751e2
----------------- Done invoking toplevel() on ptolemy.moml.MoMLSimpleApplication@6ab751e2
reloadAllAccessors: .Uniform

===========================================================================================
----------------- testing Tue Jul 06 02:08:34 UTC 2021 /home/travis/build/icyphy/ptII/ptolemy/actor/lib/test/auto/UnionDisassemblerTest.xml
----------------- Instantiating /home/travis/build/icyphy/ptII/ptolemy/actor/lib/test/auto/UnionDisassemblerTest.xml
18 ms. Memory: 454656K Free: 380168K (84%)
----------------- Invoking toplevel() on ptolemy.moml.MoMLSimpleApplication@7e0ce7b9
----------------- Done invoking toplevel() on ptolemy.moml.MoMLSimpleApplication@7e0ce7b9
reloadAllAccessors: .UnionDisassemblerTest

===========================================================================================
----------------- testing Tue Jul 06 02:08:34 UTC 2021 /home/travis/build/icyphy/ptII/ptolemy/actor/lib/test/auto/UtilityFunctions.xml
----------------- Instantiating /home/travis/build/icyphy/ptII/ptolemy/actor/lib/test/auto/UtilityFunctions.xml
1 ms. Memory: 454656K Free: 376592K (83%)
----------------- Invoking toplevel() on ptolemy.moml.MoMLSimpleApplication@4e349b99
----------------- Done invoking toplevel() on ptolemy.moml.MoMLSimpleApplication@4e349b99
reloadAllAccessors: .UtilityFunctions

===========================================================================================
----------------- testing Tue Jul 06 02:08:34 UTC 2021 /home/travis/build/icyphy/ptII/ptolemy/actor/lib/test/auto/VariableSleep.xml
----------------- Instantiating /home/travis/build/icyphy/ptII/ptolemy/actor/lib/test/auto/VariableSleep.xml
502 ms. Memory: 454656K Free: 371472K (82%)
----------------- Invoking toplevel() on ptolemy.moml.MoMLSimpleApplication@339c5b1e
----------------- Done invoking toplevel() on ptolemy.moml.MoMLSimpleApplication@339c5b1e
reloadAllAccessors: .VariableSleep

===========================================================================================
----------------- testing Tue Jul 06 02:08:35 UTC 2021 /home/travis/build/icyphy/ptII/ptolemy/actor/lib/test/auto/VectorAssemblerDisassemblerCT.xml
----------------- Instantiating /home/travis/build/icyphy/ptII/ptolemy/actor/lib/test/auto/VectorAssemblerDisassemblerCT.xml
70 ms. Memory: 454656K Free: 350992K (77%)
----------------- Invoking toplevel() on ptolemy.moml.MoMLSimpleApplication@268388d6
----------------- Done invoking toplevel() on ptolemy.moml.MoMLSimpleApplication@268388d6
reloadAllAccessors: .VectorAssemblerDisassemblerCT

===========================================================================================
----------------- testing Tue Jul 06 02:08:35 UTC 2021 /home/travis/build/icyphy/ptII/ptolemy/actor/lib/test/auto/VectorAssemblerDisassemblerDE.xml
----------------- Instantiating /home/travis/build/icyphy/ptII/ptolemy/actor/lib/test/auto/VectorAssemblerDisassemblerDE.xml
4 ms. Memory: 454656K Free: 343310K (76%)
----------------- Invoking toplevel() on ptolemy.moml.MoMLSimpleApplication@237f0a85
----------------- Done invoking toplevel() on ptolemy.moml.MoMLSimpleApplication@237f0a85
reloadAllAccessors: .VectorAssemblerDisassemblerDE

===========================================================================================
----------------- testing Tue Jul 06 02:08:35 UTC 2021 /home/travis/build/icyphy/ptII/ptolemy/actor/lib/test/auto/VectorAssemblerDisassemblerSDF.xml
----------------- Instantiating /home/travis/build/icyphy/ptII/ptolemy/actor/lib/test/auto/VectorAssemblerDisassemblerSDF.xml
3 ms. Memory: 454656K Free: 336656K (74%)
----------------- Invoking toplevel() on ptolemy.moml.MoMLSimpleApplication@6edd6603
----------------- Done invoking toplevel() on ptolemy.moml.MoMLSimpleApplication@6edd6603
reloadAllAccessors: .VectorAssemblerDisassemblerSDF

===========================================================================================
----------------- testing Tue Jul 06 02:08:35 UTC 2021 /home/travis/build/icyphy/ptII/ptolemy/actor/lib/test/auto/WallClockTime.xml
----------------- Instantiating /home/travis/build/icyphy/ptII/ptolemy/actor/lib/test/auto/WallClockTime.xml
1003 ms. Memory: 454656K Free: 331536K (73%)
----------------- Invoking toplevel() on ptolemy.moml.MoMLSimpleApplication@2d88a183
----------------- Done invoking toplevel() on ptolemy.moml.MoMLSimpleApplication@2d88a183
reloadAllAccessors: .WallClockTime

===========================================================================================
----------------- testing Tue Jul 06 02:08:36 UTC 2021 /home/travis/build/icyphy/ptII/ptolemy/actor/lib/test/auto/WidthTestWithSubscriberPublisher.xml
----------------- Instantiating /home/travis/build/icyphy/ptII/ptolemy/actor/lib/test/auto/WidthTestWithSubscriberPublisher.xml
6 ms. Memory: 454656K Free: 313614K (69%)
----------------- Invoking toplevel() on ptolemy.moml.MoMLSimpleApplication@d37f54f
----------------- Done invoking toplevel() on ptolemy.moml.MoMLSimpleApplication@d37f54f
reloadAllAccessors: .WidthTestWithSubscriberPublisher

===========================================================================================
----------------- testing Tue Jul 06 02:08:36 UTC 2021 /home/travis/build/icyphy/ptII/ptolemy/actor/lib/test/auto/WidthTestWithSubscriberPublisher2.xml
----------------- Instantiating /home/travis/build/icyphy/ptII/ptolemy/actor/lib/test/auto/WidthTestWithSubscriberPublisher2.xml
2 ms. Memory: 454656K Free: 305936K (67%)
----------------- Invoking toplevel() on ptolemy.moml.MoMLSimpleApplication@46760681
----------------- Done invoking toplevel() on ptolemy.moml.MoMLSimpleApplication@46760681
reloadAllAccessors: .WidthTestWithSubscriberPublisher2

===========================================================================================
----------------- testing Tue Jul 06 02:08:36 UTC 2021 /home/travis/build/icyphy/ptII/ptolemy/actor/lib/test/auto/WidthTestWithSubscriberPublisher3.xml
----------------- Instantiating /home/travis/build/icyphy/ptII/ptolemy/actor/lib/test/auto/WidthTestWithSubscriberPublisher3.xml
2 ms. Memory: 454656K Free: 300302K (66%)
----------------- Invoking toplevel() on ptolemy.moml.MoMLSimpleApplication@5ac03b87
----------------- Done invoking toplevel() on ptolemy.moml.MoMLSimpleApplication@5ac03b87
reloadAllAccessors: .WidthTestWithSubscriberPublisher3

===========================================================================================
----------------- testing Tue Jul 06 02:08:36 UTC 2021 /home/travis/build/icyphy/ptII/ptolemy/actor/lib/test/auto/Writer.xml
----------------- Instantiating /home/travis/build/icyphy/ptII/ptolemy/actor/lib/test/auto/Writer.xml
0
1
2
3
4
1 ms. Memory: 454656K Free: 295696K (65%)
----------------- Invoking toplevel() on ptolemy.moml.MoMLSimpleApplication@73f18a3c
----------------- Done invoking toplevel() on ptolemy.moml.MoMLSimpleApplication@73f18a3c
reloadAllAccessors: .Writer

===========================================================================================
----------------- testing Tue Jul 06 02:08:36 UTC 2021 /home/travis/build/icyphy/ptII/ptolemy/actor/lib/test/auto/array.xml
----------------- Instantiating /home/travis/build/icyphy/ptII/ptolemy/actor/lib/test/auto/array.xml
2 ms. Memory: 454656K Free: 291086K (64%)
----------------- Invoking toplevel() on ptolemy.moml.MoMLSimpleApplication@23a292ee
----------------- Done invoking toplevel() on ptolemy.moml.MoMLSimpleApplication@23a292ee
reloadAllAccessors: .array

===========================================================================================
----------------- testing Tue Jul 06 02:08:36 UTC 2021 /home/travis/build/icyphy/ptII/ptolemy/actor/lib/test/auto/array2.xml
----------------- Instantiating /home/travis/build/icyphy/ptII/ptolemy/actor/lib/test/auto/array2.xml
4 ms. Memory: 454656K Free: 286480K (63%)
----------------- Invoking toplevel() on ptolemy.moml.MoMLSimpleApplication@365dcd5
----------------- Done invoking toplevel() on ptolemy.moml.MoMLSimpleApplication@365dcd5
reloadAllAccessors: .array2

===========================================================================================
----------------- testing Tue Jul 06 02:08:36 UTC 2021 /home/travis/build/icyphy/ptII/ptolemy/actor/lib/test/auto/arrayType.xml
----------------- Instantiating /home/travis/build/icyphy/ptII/ptolemy/actor/lib/test/auto/arrayType.xml
2 ms. Memory: 454656K Free: 281360K (62%)
----------------- Invoking toplevel() on ptolemy.moml.MoMLSimpleApplication@1d150149
----------------- Done invoking toplevel() on ptolemy.moml.MoMLSimpleApplication@1d150149
reloadAllAccessors: .arrayType

===========================================================================================
----------------- testing Tue Jul 06 02:08:36 UTC 2021 /home/travis/build/icyphy/ptII/ptolemy/actor/lib/test/auto/arrayType10.xml
----------------- Instantiating /home/travis/build/icyphy/ptII/ptolemy/actor/lib/test/auto/arrayType10.xml
1 ms. Memory: 454656K Free: 276750K (61%)
----------------- Invoking toplevel() on ptolemy.moml.MoMLSimpleApplication@4e4c6105
----------------- Done invoking toplevel() on ptolemy.moml.MoMLSimpleApplication@4e4c6105
reloadAllAccessors: .arrayType10

===========================================================================================
----------------- testing Tue Jul 06 02:08:36 UTC 2021 /home/travis/build/icyphy/ptII/ptolemy/actor/lib/test/auto/arrayType11.xml
----------------- Instantiating /home/travis/build/icyphy/ptII/ptolemy/actor/lib/test/auto/arrayType11.xml
1 ms. Memory: 454656K Free: 271630K (60%)
----------------- Invoking toplevel() on ptolemy.moml.MoMLSimpleApplication@6f9d5c78
----------------- Done invoking toplevel() on ptolemy.moml.MoMLSimpleApplication@6f9d5c78
reloadAllAccessors: .arrayType11

===========================================================================================
----------------- testing Tue Jul 06 02:08:36 UTC 2021 /home/travis/build/icyphy/ptII/ptolemy/actor/lib/test/auto/arrayType12.xml
----------------- Instantiating /home/travis/build/icyphy/ptII/ptolemy/actor/lib/test/auto/arrayType12.xml
1 ms. Memory: 454656K Free: 267024K (59%)
----------------- Invoking toplevel() on ptolemy.moml.MoMLSimpleApplication@23e1936f
----------------- Done invoking toplevel() on ptolemy.moml.MoMLSimpleApplication@23e1936f
reloadAllAccessors: .arrayType12

===========================================================================================
----------------- testing Tue Jul 06 02:08:36 UTC 2021 /home/travis/build/icyphy/ptII/ptolemy/actor/lib/test/auto/arrayType13.xml
----------------- Instantiating /home/travis/build/icyphy/ptII/ptolemy/actor/lib/test/auto/arrayType13.xml
1 ms. Memory: 454656K Free: 261904K (58%)
----------------- Invoking toplevel() on ptolemy.moml.MoMLSimpleApplication@69e493a6
----------------- Done invoking toplevel() on ptolemy.moml.MoMLSimpleApplication@69e493a6
reloadAllAccessors: .arrayType13

===========================================================================================
----------------- testing Tue Jul 06 02:08:36 UTC 2021 /home/travis/build/icyphy/ptII/ptolemy/actor/lib/test/auto/arrayType14.xml
----------------- Instantiating /home/travis/build/icyphy/ptII/ptolemy/actor/lib/test/auto/arrayType14.xml
2 ms. Memory: 454656K Free: 256784K (56%)
----------------- Invoking toplevel() on ptolemy.moml.MoMLSimpleApplication@29b1befd
----------------- Done invoking toplevel() on ptolemy.moml.MoMLSimpleApplication@29b1befd
reloadAllAccessors: .arrayType14

===========================================================================================
----------------- testing Tue Jul 06 02:08:36 UTC 2021 /home/travis/build/icyphy/ptII/ptolemy/actor/lib/test/auto/arrayType15.xml
----------------- Instantiating /home/travis/build/icyphy/ptII/ptolemy/actor/lib/test/auto/arrayType15.xml
2 ms. Memory: 454656K Free: 251664K (55%)
----------------- Invoking toplevel() on ptolemy.moml.MoMLSimpleApplication@5d13a4f0
----------------- Done invoking toplevel() on ptolemy.moml.MoMLSimpleApplication@5d13a4f0
reloadAllAccessors: .arrayType15

===========================================================================================
----------------- testing Tue Jul 06 02:08:36 UTC 2021 /home/travis/build/icyphy/ptII/ptolemy/actor/lib/test/auto/arrayType16.xml
----------------- Instantiating /home/travis/build/icyphy/ptII/ptolemy/actor/lib/test/auto/arrayType16.xml
2 ms. Memory: 454656K Free: 246030K (54%)
----------------- Invoking toplevel() on ptolemy.moml.MoMLSimpleApplication@24dcc74c
----------------- Done invoking toplevel() on ptolemy.moml.MoMLSimpleApplication@24dcc74c
reloadAllAccessors: .arrayType16

===========================================================================================
----------------- testing Tue Jul 06 02:08:36 UTC 2021 /home/travis/build/icyphy/ptII/ptolemy/actor/lib/test/auto/arrayType17.xml
----------------- Instantiating /home/travis/build/icyphy/ptII/ptolemy/actor/lib/test/auto/arrayType17.xml
1 ms. Memory: 454656K Free: 240896K (53%)
----------------- Invoking toplevel() on ptolemy.moml.MoMLSimpleApplication@3d0531c6
----------------- Done invoking toplevel() on ptolemy.moml.MoMLSimpleApplication@3d0531c6
reloadAllAccessors: .arrayType17

===========================================================================================
----------------- testing Tue Jul 06 02:08:36 UTC 2021 /home/travis/build/icyphy/ptII/ptolemy/actor/lib/test/auto/arrayType18.xml
----------------- Instantiating /home/travis/build/icyphy/ptII/ptolemy/actor/lib/test/auto/arrayType18.xml
1 ms. Memory: 454656K Free: 236304K (52%)
----------------- Invoking toplevel() on ptolemy.moml.MoMLSimpleApplication@5ce316cf
----------------- Done invoking toplevel() on ptolemy.moml.MoMLSimpleApplication@5ce316cf
reloadAllAccessors: .arrayType18

===========================================================================================
----------------- testing Tue Jul 06 02:08:36 UTC 2021 /home/travis/build/icyphy/ptII/ptolemy/actor/lib/test/auto/arrayType19.xml
----------------- Instantiating /home/travis/build/icyphy/ptII/ptolemy/actor/lib/test/auto/arrayType19.xml
1 ms. Memory: 454656K Free: 231694K (51%)
----------------- Invoking toplevel() on ptolemy.moml.MoMLSimpleApplication@50a1f05
----------------- Done invoking toplevel() on ptolemy.moml.MoMLSimpleApplication@50a1f05
reloadAllAccessors: .arrayType19

===========================================================================================
----------------- testing Tue Jul 06 02:08:36 UTC 2021 /home/travis/build/icyphy/ptII/ptolemy/actor/lib/test/auto/arrayType2.xml
----------------- Instantiating /home/travis/build/icyphy/ptII/ptolemy/actor/lib/test/auto/arrayType2.xml
1 ms. Memory: 454656K Free: 226574K (50%)
----------------- Invoking toplevel() on ptolemy.moml.MoMLSimpleApplication@5f559678
----------------- Done invoking toplevel() on ptolemy.moml.MoMLSimpleApplication@5f559678
reloadAllAccessors: .arrayType2

===========================================================================================
----------------- testing Tue Jul 06 02:08:36 UTC 2021 /home/travis/build/icyphy/ptII/ptolemy/actor/lib/test/auto/arrayType20.xml
----------------- Instantiating /home/travis/build/icyphy/ptII/ptolemy/actor/lib/test/auto/arrayType20.xml
1 ms. Memory: 454656K Free: 221454K (49%)
----------------- Invoking toplevel() on ptolemy.moml.MoMLSimpleApplication@55165df0
----------------- Done invoking toplevel() on ptolemy.moml.MoMLSimpleApplication@55165df0
reloadAllAccessors: .arrayType20

===========================================================================================
----------------- testing Tue Jul 06 02:08:36 UTC 2021 /home/travis/build/icyphy/ptII/ptolemy/actor/lib/test/auto/arrayType21.xml
----------------- Instantiating /home/travis/build/icyphy/ptII/ptolemy/actor/lib/test/auto/arrayType21.xml
1 ms. Memory: 454656K Free: 216848K (48%)
----------------- Invoking toplevel() on ptolemy.moml.MoMLSimpleApplication@2b758e04
----------------- Done invoking toplevel() on ptolemy.moml.MoMLSimpleApplication@2b758e04
reloadAllAccessors: .arrayType21

===========================================================================================
----------------- testing Tue Jul 06 02:08:36 UTC 2021 /home/travis/build/icyphy/ptII/ptolemy/actor/lib/test/auto/arrayType22.xml
----------------- Instantiating /home/travis/build/icyphy/ptII/ptolemy/actor/lib/test/auto/arrayType22.xml
1 ms. Memory: 454656K Free: 212238K (47%)
----------------- Invoking toplevel() on ptolemy.moml.MoMLSimpleApplication@26956213
----------------- Done invoking toplevel() on ptolemy.moml.MoMLSimpleApplication@26956213
reloadAllAccessors: .arrayType22

===========================================================================================
----------------- testing Tue Jul 06 02:08:36 UTC 2021 /home/travis/build/icyphy/ptII/ptolemy/actor/lib/test/auto/arrayType23.xml
----------------- Instantiating /home/travis/build/icyphy/ptII/ptolemy/actor/lib/test/auto/arrayType23.xml
2 ms. Memory: 454656K Free: 207632K (46%)
----------------- Invoking toplevel() on ptolemy.moml.MoMLSimpleApplication@306b0448
----------------- Done invoking toplevel() on ptolemy.moml.MoMLSimpleApplication@306b0448
reloadAllAccessors: .arrayType23

===========================================================================================
----------------- testing Tue Jul 06 02:08:36 UTC 2021 /home/travis/build/icyphy/ptII/ptolemy/actor/lib/test/auto/arrayType24.xml
----------------- Instantiating /home/travis/build/icyphy/ptII/ptolemy/actor/lib/test/auto/arrayType24.xml
1 ms. Memory: 454656K Free: 202512K (45%)
----------------- Invoking toplevel() on ptolemy.moml.MoMLSimpleApplication@62e41ef4
----------------- Done invoking toplevel() on ptolemy.moml.MoMLSimpleApplication@62e41ef4
reloadAllAccessors: .arrayType24

===========================================================================================
----------------- testing Tue Jul 06 02:08:36 UTC 2021 /home/travis/build/icyphy/ptII/ptolemy/actor/lib/test/auto/arrayType25.xml
----------------- Instantiating /home/travis/build/icyphy/ptII/ptolemy/actor/lib/test/auto/arrayType25.xml
1 ms. Memory: 454656K Free: 197392K (43%)
----------------- Invoking toplevel() on ptolemy.moml.MoMLSimpleApplication@58060266
----------------- Done invoking toplevel() on ptolemy.moml.MoMLSimpleApplication@58060266
reloadAllAccessors: .arrayType25

===========================================================================================
----------------- testing Tue Jul 06 02:08:36 UTC 2021 /home/travis/build/icyphy/ptII/ptolemy/actor/lib/test/auto/arrayType26.xml
----------------- Instantiating /home/travis/build/icyphy/ptII/ptolemy/actor/lib/test/auto/arrayType26.xml
1 ms. Memory: 454656K Free: 192272K (42%)
----------------- Invoking toplevel() on ptolemy.moml.MoMLSimpleApplication@77387d87
----------------- Done invoking toplevel() on ptolemy.moml.MoMLSimpleApplication@77387d87
reloadAllAccessors: .arrayType26

===========================================================================================
----------------- testing Tue Jul 06 02:08:36 UTC 2021 /home/travis/build/icyphy/ptII/ptolemy/actor/lib/test/auto/arrayType27.xml
----------------- Instantiating /home/travis/build/icyphy/ptII/ptolemy/actor/lib/test/auto/arrayType27.xml
1 ms. Memory: 454656K Free: 187152K (41%)
----------------- Invoking toplevel() on ptolemy.moml.MoMLSimpleApplication@2956d36f
----------------- Done invoking toplevel() on ptolemy.moml.MoMLSimpleApplication@2956d36f
reloadAllAccessors: .arrayType27

===========================================================================================
----------------- testing Tue Jul 06 02:08:36 UTC 2021 /home/travis/build/icyphy/ptII/ptolemy/actor/lib/test/auto/arrayType28.xml
----------------- Instantiating /home/travis/build/icyphy/ptII/ptolemy/actor/lib/test/auto/arrayType28.xml
1 ms. Memory: 454656K Free: 181518K (40%)
----------------- Invoking toplevel() on ptolemy.moml.MoMLSimpleApplication@5b0c0b8f
----------------- Done invoking toplevel() on ptolemy.moml.MoMLSimpleApplication@5b0c0b8f
reloadAllAccessors: .arrayType28

===========================================================================================
----------------- testing Tue Jul 06 02:08:36 UTC 2021 /home/travis/build/icyphy/ptII/ptolemy/actor/lib/test/auto/arrayType3.xml
----------------- Instantiating /home/travis/build/icyphy/ptII/ptolemy/actor/lib/test/auto/arrayType3.xml
1 ms. Memory: 454656K Free: 176398K (39%)
----------------- Invoking toplevel() on ptolemy.moml.MoMLSimpleApplication@1aa6a61b
----------------- Done invoking toplevel() on ptolemy.moml.MoMLSimpleApplication@1aa6a61b
reloadAllAccessors: .arrayType3

===========================================================================================
----------------- testing Tue Jul 06 02:08:36 UTC 2021 /home/travis/build/icyphy/ptII/ptolemy/actor/lib/test/auto/arrayType4.xml
----------------- Instantiating /home/travis/build/icyphy/ptII/ptolemy/actor/lib/test/auto/arrayType4.xml
1 ms. Memory: 454656K Free: 171278K (38%)
----------------- Invoking toplevel() on ptolemy.moml.MoMLSimpleApplication@387a59ba
----------------- Done invoking toplevel() on ptolemy.moml.MoMLSimpleApplication@387a59ba
reloadAllAccessors: .arrayType4

===========================================================================================
----------------- testing Tue Jul 06 02:08:36 UTC 2021 /home/travis/build/icyphy/ptII/ptolemy/actor/lib/test/auto/arrayType5.xml
----------------- Instantiating /home/travis/build/icyphy/ptII/ptolemy/actor/lib/test/auto/arrayType5.xml
1 ms. Memory: 454656K Free: 166158K (37%)
----------------- Invoking toplevel() on ptolemy.moml.MoMLSimpleApplication@3f293464
----------------- Done invoking toplevel() on ptolemy.moml.MoMLSimpleApplication@3f293464
reloadAllAccessors: .arrayType5

===========================================================================================
----------------- testing Tue Jul 06 02:08:36 UTC 2021 /home/travis/build/icyphy/ptII/ptolemy/actor/lib/test/auto/arrayType6.xml
----------------- Instantiating /home/travis/build/icyphy/ptII/ptolemy/actor/lib/test/auto/arrayType6.xml
1 ms. Memory: 454656K Free: 161038K (35%)
----------------- Invoking toplevel() on ptolemy.moml.MoMLSimpleApplication@7cc936d3
----------------- Done invoking toplevel() on ptolemy.moml.MoMLSimpleApplication@7cc936d3
reloadAllAccessors: .arrayType6

===========================================================================================
----------------- testing Tue Jul 06 02:08:36 UTC 2021 /home/travis/build/icyphy/ptII/ptolemy/actor/lib/test/auto/arrayType7.xml
----------------- Instantiating /home/travis/build/icyphy/ptII/ptolemy/actor/lib/test/auto/arrayType7.xml
7 ms. Memory: 454656K Free: 156432K (34%)
----------------- Invoking toplevel() on ptolemy.moml.MoMLSimpleApplication@33bc10ac
----------------- Done invoking toplevel() on ptolemy.moml.MoMLSimpleApplication@33bc10ac
reloadAllAccessors: .arrayType7

===========================================================================================
----------------- testing Tue Jul 06 02:08:36 UTC 2021 /home/travis/build/icyphy/ptII/ptolemy/actor/lib/test/auto/arrayType8.xml
----------------- Instantiating /home/travis/build/icyphy/ptII/ptolemy/actor/lib/test/auto/arrayType8.xml
1 ms. Memory: 454656K Free: 151822K (33%)
----------------- Invoking toplevel() on ptolemy.moml.MoMLSimpleApplication@57286eea
----------------- Done invoking toplevel() on ptolemy.moml.MoMLSimpleApplication@57286eea
reloadAllAccessors: .arrayType8

===========================================================================================
----------------- testing Tue Jul 06 02:08:36 UTC 2021 /home/travis/build/icyphy/ptII/ptolemy/actor/lib/test/auto/arrayType9.xml
----------------- Instantiating /home/travis/build/icyphy/ptII/ptolemy/actor/lib/test/auto/arrayType9.xml
1 ms. Memory: 454656K Free: 147216K (32%)
----------------- Invoking toplevel() on ptolemy.moml.MoMLSimpleApplication@7dc542c3
----------------- Done invoking toplevel() on ptolemy.moml.MoMLSimpleApplication@7dc542c3
reloadAllAccessors: .arrayType9

===========================================================================================
----------------- testing Tue Jul 06 02:08:36 UTC 2021 /home/travis/build/icyphy/ptII/ptolemy/actor/lib/test/auto/cast.xml
----------------- Instantiating /home/travis/build/icyphy/ptII/ptolemy/actor/lib/test/auto/cast.xml
1 ms. Memory: 454656K Free: 142096K (31%)
----------------- Invoking toplevel() on ptolemy.moml.MoMLSimpleApplication@1aa1de63
----------------- Done invoking toplevel() on ptolemy.moml.MoMLSimpleApplication@1aa1de63
reloadAllAccessors: .cast

===========================================================================================
----------------- testing Tue Jul 06 02:08:36 UTC 2021 /home/travis/build/icyphy/ptII/ptolemy/actor/lib/test/auto/compositeMultiPort.xml
----------------- Instantiating /home/travis/build/icyphy/ptII/ptolemy/actor/lib/test/auto/compositeMultiPort.xml
17 ms. Memory: 454656K Free: 400418K (88%)
----------------- Invoking toplevel() on ptolemy.moml.MoMLSimpleApplication@510004b8
----------------- Done invoking toplevel() on ptolemy.moml.MoMLSimpleApplication@510004b8
reloadAllAccessors: .compositeMultiPort

===========================================================================================
----------------- testing Tue Jul 06 02:08:36 UTC 2021 /home/travis/build/icyphy/ptII/ptolemy/actor/lib/test/auto/expressionCastInference.xml
----------------- Instantiating /home/travis/build/icyphy/ptII/ptolemy/actor/lib/test/auto/expressionCastInference.xml
4 ms. Memory: 454656K Free: 395298K (87%)
----------------- Invoking toplevel() on ptolemy.moml.MoMLSimpleApplication@4335da4
----------------- Done invoking toplevel() on ptolemy.moml.MoMLSimpleApplication@4335da4
reloadAllAccessors: .expressionCastInference

===========================================================================================
----------------- testing Tue Jul 06 02:08:36 UTC 2021 /home/travis/build/icyphy/ptII/ptolemy/actor/lib/test/auto/expressionCastInference2.xml
----------------- Instantiating /home/travis/build/icyphy/ptII/ptolemy/actor/lib/test/auto/expressionCastInference2.xml
2 ms. Memory: 454656K Free: 390178K (86%)
----------------- Invoking toplevel() on ptolemy.moml.MoMLSimpleApplication@2b928f8b
----------------- Done invoking toplevel() on ptolemy.moml.MoMLSimpleApplication@2b928f8b
reloadAllAccessors: .expressionCastInference2

===========================================================================================
----------------- testing Tue Jul 06 02:08:36 UTC 2021 /home/travis/build/icyphy/ptII/ptolemy/actor/lib/test/auto/expressionInference.xml
----------------- Instantiating /home/travis/build/icyphy/ptII/ptolemy/actor/lib/test/auto/expressionInference.xml
1 ms. Memory: 454656K Free: 386082K (85%)
----------------- Invoking toplevel() on ptolemy.moml.MoMLSimpleApplication@37506925
----------------- Done invoking toplevel() on ptolemy.moml.MoMLSimpleApplication@37506925
reloadAllAccessors: .expressionInference

===========================================================================================
----------------- testing Tue Jul 06 02:08:36 UTC 2021 /home/travis/build/icyphy/ptII/ptolemy/actor/lib/test/auto/expression_bug.xml
----------------- Instantiating /home/travis/build/icyphy/ptII/ptolemy/actor/lib/test/auto/expression_bug.xml
1 ms. Memory: 454656K Free: 381472K (84%)
----------------- Invoking toplevel() on ptolemy.moml.MoMLSimpleApplication@69605ed8
----------------- Done invoking toplevel() on ptolemy.moml.MoMLSimpleApplication@69605ed8
reloadAllAccessors: .expression_bug

===========================================================================================
----------------- testing Tue Jul 06 02:08:36 UTC 2021 /home/travis/build/icyphy/ptII/ptolemy/actor/lib/test/auto/factorial.xml
----------------- Instantiating /home/travis/build/icyphy/ptII/ptolemy/actor/lib/test/auto/factorial.xml
42 ms. Memory: 454656K Free: 373280K (82%)
----------------- Invoking toplevel() on ptolemy.moml.MoMLSimpleApplication@3e8565db
----------------- Done invoking toplevel() on ptolemy.moml.MoMLSimpleApplication@3e8565db
reloadAllAccessors: .factorial

===========================================================================================
----------------- testing Tue Jul 06 02:08:36 UTC 2021 /home/travis/build/icyphy/ptII/ptolemy/actor/lib/test/auto/filterTest1.xml
----------------- Instantiating /home/travis/build/icyphy/ptII/ptolemy/actor/lib/test/auto/filterTest1.xml
3 ms. Memory: 454656K Free: 367122K (81%)
----------------- Invoking toplevel() on ptolemy.moml.MoMLSimpleApplication@5e5ec31f
----------------- Done invoking toplevel() on ptolemy.moml.MoMLSimpleApplication@5e5ec31f
reloadAllAccessors: .filterTest1

===========================================================================================
----------------- testing Tue Jul 06 02:08:36 UTC 2021 /home/travis/build/icyphy/ptII/ptolemy/actor/lib/test/auto/funcApplyInConst.xml
----------------- Instantiating /home/travis/build/icyphy/ptII/ptolemy/actor/lib/test/auto/funcApplyInConst.xml
1 ms. Memory: 454656K Free: 363554K (80%)
----------------- Invoking toplevel() on ptolemy.moml.MoMLSimpleApplication@3d5c9da9
----------------- Done invoking toplevel() on ptolemy.moml.MoMLSimpleApplication@3d5c9da9
reloadAllAccessors: .funcApplyInConst

===========================================================================================
----------------- testing Tue Jul 06 02:08:36 UTC 2021 /home/travis/build/icyphy/ptII/ptolemy/actor/lib/test/auto/funcApplyInExpr.xml
----------------- Instantiating /home/travis/build/icyphy/ptII/ptolemy/actor/lib/test/auto/funcApplyInExpr.xml
1 ms. Memory: 454656K Free: 359968K (79%)
----------------- Invoking toplevel() on ptolemy.moml.MoMLSimpleApplication@50d80bb7
----------------- Done invoking toplevel() on ptolemy.moml.MoMLSimpleApplication@50d80bb7
reloadAllAccessors: .funcApplyInExpr

===========================================================================================
----------------- testing Tue Jul 06 02:08:36 UTC 2021 /home/travis/build/icyphy/ptII/ptolemy/actor/lib/test/auto/function.xml
----------------- Instantiating /home/travis/build/icyphy/ptII/ptolemy/actor/lib/test/auto/function.xml
1 ms. Memory: 454656K Free: 354848K (78%)
----------------- Invoking toplevel() on ptolemy.moml.MoMLSimpleApplication@5a5d1c05
----------------- Done invoking toplevel() on ptolemy.moml.MoMLSimpleApplication@5a5d1c05
reloadAllAccessors: .function

===========================================================================================
----------------- testing Tue Jul 06 02:08:36 UTC 2021 /home/travis/build/icyphy/ptII/ptolemy/actor/lib/test/auto/function2.xml
----------------- Instantiating /home/travis/build/icyphy/ptII/ptolemy/actor/lib/test/auto/function2.xml
1 ms. Memory: 454656K Free: 350242K (77%)
----------------- Invoking toplevel() on ptolemy.moml.MoMLSimpleApplication@7fd7aef9
----------------- Done invoking toplevel() on ptolemy.moml.MoMLSimpleApplication@7fd7aef9
reloadAllAccessors: .function2

===========================================================================================
----------------- testing Tue Jul 06 02:08:36 UTC 2021 /home/travis/build/icyphy/ptII/ptolemy/actor/lib/test/auto/function3.xml
----------------- Instantiating /home/travis/build/icyphy/ptII/ptolemy/actor/lib/test/auto/function3.xml
0 ms. Memory: 454656K Free: 346656K (76%)
----------------- Invoking toplevel() on ptolemy.moml.MoMLSimpleApplication@4253854
----------------- Done invoking toplevel() on ptolemy.moml.MoMLSimpleApplication@4253854
reloadAllAccessors: .function3

===========================================================================================
----------------- testing Tue Jul 06 02:08:36 UTC 2021 /home/travis/build/icyphy/ptII/ptolemy/actor/lib/test/auto/functionClosureTest1.xml
----------------- Instantiating /home/travis/build/icyphy/ptII/ptolemy/actor/lib/test/auto/functionClosureTest1.xml
1 ms. Memory: 454656K Free: 340512K (75%)
----------------- Invoking toplevel() on ptolemy.moml.MoMLSimpleApplication@1dc475f8
----------------- Done invoking toplevel() on ptolemy.moml.MoMLSimpleApplication@1dc475f8
reloadAllAccessors: .functionClosureTest1

===========================================================================================
----------------- testing Tue Jul 06 02:08:36 UTC 2021 /home/travis/build/icyphy/ptII/ptolemy/actor/lib/test/auto/functionClosureTest2.xml
----------------- Instantiating /home/travis/build/icyphy/ptII/ptolemy/actor/lib/test/auto/functionClosureTest2.xml
1 ms. Memory: 454656K Free: 336930K (74%)
----------------- Invoking toplevel() on ptolemy.moml.MoMLSimpleApplication@8d154ab
----------------- Done invoking toplevel() on ptolemy.moml.MoMLSimpleApplication@8d154ab
reloadAllAccessors: .functionClosureTest2

===========================================================================================
----------------- testing Tue Jul 06 02:08:36 UTC 2021 /home/travis/build/icyphy/ptII/ptolemy/actor/lib/test/auto/functionClosureTest3.xml
----------------- Instantiating /home/travis/build/icyphy/ptII/ptolemy/actor/lib/test/auto/functionClosureTest3.xml
2 ms. Memory: 454656K Free: 331810K (73%)
----------------- Invoking toplevel() on ptolemy.moml.MoMLSimpleApplication@e0cd322
----------------- Done invoking toplevel() on ptolemy.moml.MoMLSimpleApplication@e0cd322
reloadAllAccessors: .functionClosureTest3

===========================================================================================
----------------- testing Tue Jul 06 02:08:36 UTC 2021 /home/travis/build/icyphy/ptII/ptolemy/actor/lib/test/auto/functionClosureTest4.xml
----------------- Instantiating /home/travis/build/icyphy/ptII/ptolemy/actor/lib/test/auto/functionClosureTest4.xml
4 ms. Memory: 454656K Free: 325666K (72%)
----------------- Invoking toplevel() on ptolemy.moml.MoMLSimpleApplication@4c19a21b
----------------- Done invoking toplevel() on ptolemy.moml.MoMLSimpleApplication@4c19a21b
reloadAllAccessors: .functionClosureTest4

===========================================================================================
----------------- testing Tue Jul 06 02:08:37 UTC 2021 /home/travis/build/icyphy/ptII/ptolemy/actor/lib/test/auto/functionClosureTest5.xml
----------------- Instantiating /home/travis/build/icyphy/ptII/ptolemy/actor/lib/test/auto/functionClosureTest5.xml
3 ms. Memory: 454656K Free: 320018K (70%)
----------------- Invoking toplevel() on ptolemy.moml.MoMLSimpleApplication@240c9a57
----------------- Done invoking toplevel() on ptolemy.moml.MoMLSimpleApplication@240c9a57
reloadAllAccessors: .functionClosureTest5

===========================================================================================
----------------- testing Tue Jul 06 02:08:37 UTC 2021 /home/travis/build/icyphy/ptII/ptolemy/actor/lib/test/auto/functionClosureTest6.xml
----------------- Instantiating /home/travis/build/icyphy/ptII/ptolemy/actor/lib/test/auto/functionClosureTest6.xml
1 ms. Memory: 454656K Free: 315426K (69%)
----------------- Invoking toplevel() on ptolemy.moml.MoMLSimpleApplication@5059278e
----------------- Done invoking toplevel() on ptolemy.moml.MoMLSimpleApplication@5059278e
reloadAllAccessors: .functionClosureTest6

===========================================================================================
----------------- testing Tue Jul 06 02:08:37 UTC 2021 /home/travis/build/icyphy/ptII/ptolemy/actor/lib/test/auto/functionsOnArcs.xml
----------------- Instantiating /home/travis/build/icyphy/ptII/ptolemy/actor/lib/test/auto/functionsOnArcs.xml
4 ms. Memory: 454656K Free: 310306K (68%)
----------------- Invoking toplevel() on ptolemy.moml.MoMLSimpleApplication@14d1103b
----------------- Done invoking toplevel() on ptolemy.moml.MoMLSimpleApplication@14d1103b
reloadAllAccessors: .functionsOnArcs

===========================================================================================
----------------- testing Tue Jul 06 02:08:37 UTC 2021 /home/travis/build/icyphy/ptII/ptolemy/actor/lib/test/auto/functionsOnArcsHOF.xml
----------------- Instantiating /home/travis/build/icyphy/ptII/ptolemy/actor/lib/test/auto/functionsOnArcsHOF.xml
5 ms. Memory: 454656K Free: 304162K (67%)
----------------- Invoking toplevel() on ptolemy.moml.MoMLSimpleApplication@360c4420
----------------- Done invoking toplevel() on ptolemy.moml.MoMLSimpleApplication@360c4420
reloadAllAccessors: .functionsOnArcsHOF

===========================================================================================
----------------- testing Tue Jul 06 02:08:37 UTC 2021 /home/travis/build/icyphy/ptII/ptolemy/actor/lib/test/auto/logic.xml
----------------- Instantiating /home/travis/build/icyphy/ptII/ptolemy/actor/lib/test/auto/logic.xml
1 ms. Memory: 454656K Free: 296994K (65%)
----------------- Invoking toplevel() on ptolemy.moml.MoMLSimpleApplication@5ed338e9
----------------- Done invoking toplevel() on ptolemy.moml.MoMLSimpleApplication@5ed338e9
reloadAllAccessors: .logic

===========================================================================================
----------------- testing Tue Jul 06 02:08:37 UTC 2021 /home/travis/build/icyphy/ptII/ptolemy/actor/lib/test/auto/matrixType.xml
----------------- Instantiating /home/travis/build/icyphy/ptII/ptolemy/actor/lib/test/auto/matrixType.xml
2 ms. Memory: 454656K Free: 292384K (64%)
----------------- Invoking toplevel() on ptolemy.moml.MoMLSimpleApplication@72376bb9
----------------- Done invoking toplevel() on ptolemy.moml.MoMLSimpleApplication@72376bb9
reloadAllAccessors: .matrixType

===========================================================================================
----------------- testing Tue Jul 06 02:08:37 UTC 2021 /home/travis/build/icyphy/ptII/ptolemy/actor/lib/test/auto/matrixType10.xml
----------------- Instantiating /home/travis/build/icyphy/ptII/ptolemy/actor/lib/test/auto/matrixType10.xml
2 ms. Memory: 454656K Free: 287264K (63%)
----------------- Invoking toplevel() on ptolemy.moml.MoMLSimpleApplication@1869f901
----------------- Done invoking toplevel() on ptolemy.moml.MoMLSimpleApplication@1869f901
reloadAllAccessors: .matrixType10

===========================================================================================
----------------- testing Tue Jul 06 02:08:37 UTC 2021 /home/travis/build/icyphy/ptII/ptolemy/actor/lib/test/auto/matrixType11.xml
----------------- Instantiating /home/travis/build/icyphy/ptII/ptolemy/actor/lib/test/auto/matrixType11.xml
1 ms. Memory: 454656K Free: 282658K (62%)
----------------- Invoking toplevel() on ptolemy.moml.MoMLSimpleApplication@250de93c
----------------- Done invoking toplevel() on ptolemy.moml.MoMLSimpleApplication@250de93c
reloadAllAccessors: .matrixType11

===========================================================================================
----------------- testing Tue Jul 06 02:08:37 UTC 2021 /home/travis/build/icyphy/ptII/ptolemy/actor/lib/test/auto/matrixType12.xml
----------------- Instantiating /home/travis/build/icyphy/ptII/ptolemy/actor/lib/test/auto/matrixType12.xml
1 ms. Memory: 454656K Free: 278048K (61%)
----------------- Invoking toplevel() on ptolemy.moml.MoMLSimpleApplication@2fd0af85
----------------- Done invoking toplevel() on ptolemy.moml.MoMLSimpleApplication@2fd0af85
reloadAllAccessors: .matrixType12

===========================================================================================
----------------- testing Tue Jul 06 02:08:37 UTC 2021 /home/travis/build/icyphy/ptII/ptolemy/actor/lib/test/auto/matrixType13.xml
----------------- Instantiating /home/travis/build/icyphy/ptII/ptolemy/actor/lib/test/auto/matrixType13.xml
1 ms. Memory: 454656K Free: 272928K (60%)
----------------- Invoking toplevel() on ptolemy.moml.MoMLSimpleApplication@516b83e3
----------------- Done invoking toplevel() on ptolemy.moml.MoMLSimpleApplication@516b83e3
reloadAllAccessors: .matrixType13

===========================================================================================
----------------- testing Tue Jul 06 02:08:37 UTC 2021 /home/travis/build/icyphy/ptII/ptolemy/actor/lib/test/auto/matrixType14.xml
----------------- Instantiating /home/travis/build/icyphy/ptII/ptolemy/actor/lib/test/auto/matrixType14.xml
1 ms. Memory: 454656K Free: 267808K (59%)
----------------- Invoking toplevel() on ptolemy.moml.MoMLSimpleApplication@6996b160
----------------- Done invoking toplevel() on ptolemy.moml.MoMLSimpleApplication@6996b160
reloadAllAccessors: .matrixType14

===========================================================================================
----------------- testing Tue Jul 06 02:08:37 UTC 2021 /home/travis/build/icyphy/ptII/ptolemy/actor/lib/test/auto/matrixType2.xml
----------------- Instantiating /home/travis/build/icyphy/ptII/ptolemy/actor/lib/test/auto/matrixType2.xml
1 ms. Memory: 454656K Free: 262688K (58%)
----------------- Invoking toplevel() on ptolemy.moml.MoMLSimpleApplication@3cd79c2
----------------- Done invoking toplevel() on ptolemy.moml.MoMLSimpleApplication@3cd79c2
reloadAllAccessors: .matrixType2

===========================================================================================
----------------- testing Tue Jul 06 02:08:37 UTC 2021 /home/travis/build/icyphy/ptII/ptolemy/actor/lib/test/auto/matrixType3.xml
----------------- Instantiating /home/travis/build/icyphy/ptII/ptolemy/actor/lib/test/auto/matrixType3.xml
3 ms. Memory: 454656K Free: 257568K (57%)
----------------- Invoking toplevel() on ptolemy.moml.MoMLSimpleApplication@6641d647
----------------- Done invoking toplevel() on ptolemy.moml.MoMLSimpleApplication@6641d647
reloadAllAccessors: .matrixType3

===========================================================================================
----------------- testing Tue Jul 06 02:08:37 UTC 2021 /home/travis/build/icyphy/ptII/ptolemy/actor/lib/test/auto/matrixType4.xml
----------------- Instantiating /home/travis/build/icyphy/ptII/ptolemy/actor/lib/test/auto/matrixType4.xml
1 ms. Memory: 454656K Free: 252962K (56%)
----------------- Invoking toplevel() on ptolemy.moml.MoMLSimpleApplication@9dfd45a
----------------- Done invoking toplevel() on ptolemy.moml.MoMLSimpleApplication@9dfd45a
reloadAllAccessors: .matrixType4

===========================================================================================
----------------- testing Tue Jul 06 02:08:37 UTC 2021 /home/travis/build/icyphy/ptII/ptolemy/actor/lib/test/auto/matrixType5.xml
----------------- Instantiating /home/travis/build/icyphy/ptII/ptolemy/actor/lib/test/auto/matrixType5.xml
1 ms. Memory: 454656K Free: 248352K (55%)
----------------- Invoking toplevel() on ptolemy.moml.MoMLSimpleApplication@253d6879
----------------- Done invoking toplevel() on ptolemy.moml.MoMLSimpleApplication@253d6879
reloadAllAccessors: .matrixType5

===========================================================================================
----------------- testing Tue Jul 06 02:08:37 UTC 2021 /home/travis/build/icyphy/ptII/ptolemy/actor/lib/test/auto/matrixType6.xml
----------------- Instantiating /home/travis/build/icyphy/ptII/ptolemy/actor/lib/test/auto/matrixType6.xml
1 ms. Memory: 454656K Free: 243232K (53%)
----------------- Invoking toplevel() on ptolemy.moml.MoMLSimpleApplication@61afdec8
----------------- Done invoking toplevel() on ptolemy.moml.MoMLSimpleApplication@61afdec8
reloadAllAccessors: .matrixType6

===========================================================================================
----------------- testing Tue Jul 06 02:08:37 UTC 2021 /home/travis/build/icyphy/ptII/ptolemy/actor/lib/test/auto/matrixType7.xml
----------------- Instantiating /home/travis/build/icyphy/ptII/ptolemy/actor/lib/test/auto/matrixType7.xml
1 ms. Memory: 454656K Free: 238626K (52%)
----------------- Invoking toplevel() on ptolemy.moml.MoMLSimpleApplication@8393d69
----------------- Done invoking toplevel() on ptolemy.moml.MoMLSimpleApplication@8393d69
reloadAllAccessors: .matrixType7

===========================================================================================
----------------- testing Tue Jul 06 02:08:37 UTC 2021 /home/travis/build/icyphy/ptII/ptolemy/actor/lib/test/auto/matrixType8.xml
----------------- Instantiating /home/travis/build/icyphy/ptII/ptolemy/actor/lib/test/auto/matrixType8.xml
1 ms. Memory: 454656K Free: 233506K (51%)
----------------- Invoking toplevel() on ptolemy.moml.MoMLSimpleApplication@6f76e514
----------------- Done invoking toplevel() on ptolemy.moml.MoMLSimpleApplication@6f76e514
reloadAllAccessors: .matrixType8

===========================================================================================
----------------- testing Tue Jul 06 02:08:37 UTC 2021 /home/travis/build/icyphy/ptII/ptolemy/actor/lib/test/auto/matrixType9.xml
----------------- Instantiating /home/travis/build/icyphy/ptII/ptolemy/actor/lib/test/auto/matrixType9.xml
1 ms. Memory: 454656K Free: 228896K (50%)
----------------- Invoking toplevel() on ptolemy.moml.MoMLSimpleApplication@2dc4f63b
----------------- Done invoking toplevel() on ptolemy.moml.MoMLSimpleApplication@2dc4f63b
reloadAllAccessors: .matrixType9

===========================================================================================
----------------- testing Tue Jul 06 02:08:37 UTC 2021 /home/travis/build/icyphy/ptII/ptolemy/actor/lib/test/auto/paraFunctest.xml
----------------- Instantiating /home/travis/build/icyphy/ptII/ptolemy/actor/lib/test/auto/paraFunctest.xml
1 ms. Memory: 454656K Free: 224800K (49%)
----------------- Invoking toplevel() on ptolemy.moml.MoMLSimpleApplication@39e17cf8
----------------- Done invoking toplevel() on ptolemy.moml.MoMLSimpleApplication@39e17cf8
reloadAllAccessors: .paraFunctest

===========================================================================================
----------------- testing Tue Jul 06 02:08:37 UTC 2021 /home/travis/build/icyphy/ptII/ptolemy/actor/lib/test/auto/paraFunctest2.xml
----------------- Instantiating /home/travis/build/icyphy/ptII/ptolemy/actor/lib/test/auto/paraFunctest2.xml
1 ms. Memory: 454656K Free: 219680K (48%)
----------------- Invoking toplevel() on ptolemy.moml.MoMLSimpleApplication@ef6e8f0
----------------- Done invoking toplevel() on ptolemy.moml.MoMLSimpleApplication@ef6e8f0
reloadAllAccessors: .paraFunctest2

===========================================================================================
----------------- testing Tue Jul 06 02:08:37 UTC 2021 /home/travis/build/icyphy/ptII/ptolemy/actor/lib/test/auto/parameterPassing.xml
----------------- Instantiating /home/travis/build/icyphy/ptII/ptolemy/actor/lib/test/auto/parameterPassing.xml
1 ms. Memory: 454656K Free: 215584K (47%)
----------------- Invoking toplevel() on ptolemy.moml.MoMLSimpleApplication@7ee60298
----------------- Done invoking toplevel() on ptolemy.moml.MoMLSimpleApplication@7ee60298
reloadAllAccessors: .parameterPassing

===========================================================================================
----------------- testing Tue Jul 06 02:08:37 UTC 2021 /home/travis/build/icyphy/ptII/ptolemy/actor/lib/test/auto/record.xml
----------------- Instantiating /home/travis/build/icyphy/ptII/ptolemy/actor/lib/test/auto/record.xml
2 ms. Memory: 454656K Free: 210978K (46%)
----------------- Invoking toplevel() on ptolemy.moml.MoMLSimpleApplication@646fdf16
----------------- Done invoking toplevel() on ptolemy.moml.MoMLSimpleApplication@646fdf16
reloadAllAccessors: .record

===========================================================================================
----------------- testing Tue Jul 06 02:08:37 UTC 2021 /home/travis/build/icyphy/ptII/ptolemy/actor/lib/test/auto/sizedarray1.xml
----------------- Instantiating /home/travis/build/icyphy/ptII/ptolemy/actor/lib/test/auto/sizedarray1.xml
1 ms. Memory: 454656K Free: 205344K (45%)
----------------- Invoking toplevel() on ptolemy.moml.MoMLSimpleApplication@5e97457c
----------------- Done invoking toplevel() on ptolemy.moml.MoMLSimpleApplication@5e97457c
reloadAllAccessors: .sizedarray1

===========================================================================================
----------------- testing Tue Jul 06 02:08:37 UTC 2021 /home/travis/build/icyphy/ptII/ptolemy/actor/lib/test/auto/sizedarray2.xml
----------------- Instantiating /home/travis/build/icyphy/ptII/ptolemy/actor/lib/test/auto/sizedarray2.xml
2 ms. Memory: 454656K Free: 200224K (44%)
----------------- Invoking toplevel() on ptolemy.moml.MoMLSimpleApplication@7422ca37
----------------- Done invoking toplevel() on ptolemy.moml.MoMLSimpleApplication@7422ca37
reloadAllAccessors: .sizedarray2

===========================================================================================
----------------- testing Tue Jul 06 02:08:37 UTC 2021 /home/travis/build/icyphy/ptII/ptolemy/actor/lib/test/auto/twoPublishers.xml
----------------- Instantiating /home/travis/build/icyphy/ptII/ptolemy/actor/lib/test/auto/twoPublishers.xml
5 ms. Memory: 454656K Free: 189474K (42%)
----------------- Invoking toplevel() on ptolemy.moml.MoMLSimpleApplication@4911cdd7
----------------- Done invoking toplevel() on ptolemy.moml.MoMLSimpleApplication@4911cdd7
reloadAllAccessors: .twoPublishers
AutoTests.java: About to close Vertx.
AutoTests.java: Vertx closed.
]]></system-out>
  <system-err><![CDATA[java.lang.RuntimeException: Execution failed
	at ptolemy.moml.MoMLSimpleApplication$UnloadThread.run(MoMLSimpleApplication.java:402)
Caused by: java.lang.RuntimeException: StringUtilities.exit() was called. Normally, we would exit here because Manager.exitAfterWrapup() was called.  However, because the ptolemy.ptII.exitAfterWrapup property is set, we throw this exception instead.
	at ptolemy.util.StringUtilities.exit(StringUtilities.java:365)
	at ptolemy.actor.Manager.wrapup(Manager.java:1549)
	at ptolemy.actor.Manager.execute(Manager.java:407)
	at ptolemy.actor.Manager.run(Manager.java:1263)
	at ptolemy.actor.Manager$PtolemyRunThread.run(Manager.java:1933)
Warning: '.top.test' is in training mode, set the trainingMode parameter to false before checking in
Warning: '.top.test' is in training mode, set the trainingMode parameter to false before checking in
Warning: '.top.test' is in training mode, set the trainingMode parameter to false before checking in
Warning: '.BooleanSwitch_RegressionTest_WrongTrainingValues.Test' is in training mode, set the trainingMode parameter to false before checking in
Warning: '.BooleanSwitch_RegressionTest_WrongTrainingValues.Test2' is in training mode, set the trainingMode parameter to false before checking in
Warning: '.BooleanSwitch_RegressionTest_WrongTrainingValues.Test2' The test produced 0 tokens.
Warning: '.top.testExceptionHandler' is in training mode, set the trainingMode parameter to false before checking in
java.lang.RuntimeException: Execution failed
	at ptolemy.moml.MoMLSimpleApplication$UnloadThread.run(MoMLSimpleApplication.java:402)
Caused by: ptolemy.kernel.util.IllegalActionException: PublisherPorts cannot be used at the top level, use a Publisher actor instead.
  in .PublisherPortToplevelSubscriber.PublisherPort
	at ptolemy.actor.PublisherPort.preinitialize(PublisherPort.java:403)
	at ptolemy.actor.CompositeActor.preinitialize(CompositeActor.java:1769)
	at ptolemy.actor.Manager.preinitializeAndResolveTypes(Manager.java:1040)
	at ptolemy.actor.Manager.initialize(Manager.java:710)
	at ptolemy.actor.Manager.execute(Manager.java:356)
	at ptolemy.actor.Manager.run(Manager.java:1263)
	at ptolemy.actor.Manager$PtolemyRunThread.run(Manager.java:1933)
java.lang.reflect.InvocationTargetException
	at java.base/jdk.internal.reflect.NativeConstructorAccessorImpl.newInstance0(Native Method)
	at java.base/jdk.internal.reflect.NativeConstructorAccessorImpl.newInstance(NativeConstructorAccessorImpl.java:62)
	at java.base/jdk.internal.reflect.DelegatingConstructorAccessorImpl.newInstance(DelegatingConstructorAccessorImpl.java:45)
	at java.base/java.lang.reflect.Constructor.newInstance(Constructor.java:490)
	at ptolemy.util.test.junit.AutoKnownFailedTests.RunModel(AutoKnownFailedTests.java:105)
	at java.base/jdk.internal.reflect.NativeMethodAccessorImpl.invoke0(Native Method)
	at java.base/jdk.internal.reflect.NativeMethodAccessorImpl.invoke(NativeMethodAccessorImpl.java:62)
	at java.base/jdk.internal.reflect.DelegatingMethodAccessorImpl.invoke(DelegatingMethodAccessorImpl.java:43)
	at java.base/java.lang.reflect.Method.invoke(Method.java:566)
	at org.junit.runners.model.FrameworkMethod$1.runReflectiveCall(FrameworkMethod.java:44)
	at org.junit.internal.runners.model.ReflectiveCallable.run(ReflectiveCallable.java:15)
	at org.junit.runners.model.FrameworkMethod.invokeExplosively(FrameworkMethod.java:41)
	at junitparams.internal.InvokeParameterisedMethod.evaluate(InvokeParameterisedMethod.java:102)
	at org.junit.internal.runners.statements.FailOnTimeout$1.run(FailOnTimeout.java:28)
Caused by: ptolemy.kernel.util.IllegalActionException: PublisherPorts cannot be used at the top level, use a Publisher actor instead.
  in .PublisherPortToplevelSubscriber.PublisherPort
	at ptolemy.actor.PublisherPort.preinitialize(PublisherPort.java:403)
	at ptolemy.actor.CompositeActor.preinitialize(CompositeActor.java:1769)
	at ptolemy.actor.Manager.preinitializeAndResolveTypes(Manager.java:1040)
	at ptolemy.actor.Manager.initialize(Manager.java:710)
	at ptolemy.actor.Manager.execute(Manager.java:356)
	at ptolemy.actor.Manager.run(Manager.java:1263)
	at ptolemy.actor.Manager$PtolemyRunThread.run(Manager.java:1933)
java.lang.RuntimeException: Execution failed
	at ptolemy.moml.MoMLSimpleApplication$UnloadThread.run(MoMLSimpleApplication.java:402)
Caused by: ptolemy.kernel.util.IllegalActionException: SubscriberPorts cannot be used at the top level, use a Subscriber actor instead.
  in .PublisherSubscriberPortToplevel.SubscriberPort
	at ptolemy.actor.SubscriberPort.preinitialize(SubscriberPort.java:328)
	at ptolemy.actor.CompositeActor.preinitialize(CompositeActor.java:1769)
	at ptolemy.actor.Manager.preinitializeAndResolveTypes(Manager.java:1040)
	at ptolemy.actor.Manager.initialize(Manager.java:710)
	at ptolemy.actor.Manager.execute(Manager.java:356)
	at ptolemy.actor.Manager.run(Manager.java:1263)
	at ptolemy.actor.Manager$PtolemyRunThread.run(Manager.java:1933)
java.lang.reflect.InvocationTargetException
	at java.base/jdk.internal.reflect.NativeConstructorAccessorImpl.newInstance0(Native Method)
	at java.base/jdk.internal.reflect.NativeConstructorAccessorImpl.newInstance(NativeConstructorAccessorImpl.java:62)
	at java.base/jdk.internal.reflect.DelegatingConstructorAccessorImpl.newInstance(DelegatingConstructorAccessorImpl.java:45)
	at java.base/java.lang.reflect.Constructor.newInstance(Constructor.java:490)
	at ptolemy.util.test.junit.AutoKnownFailedTests.RunModel(AutoKnownFailedTests.java:105)
	at java.base/jdk.internal.reflect.NativeMethodAccessorImpl.invoke0(Native Method)
	at java.base/jdk.internal.reflect.NativeMethodAccessorImpl.invoke(NativeMethodAccessorImpl.java:62)
	at java.base/jdk.internal.reflect.DelegatingMethodAccessorImpl.invoke(DelegatingMethodAccessorImpl.java:43)
	at java.base/java.lang.reflect.Method.invoke(Method.java:566)
	at org.junit.runners.model.FrameworkMethod$1.runReflectiveCall(FrameworkMethod.java:44)
	at org.junit.internal.runners.model.ReflectiveCallable.run(ReflectiveCallable.java:15)
	at org.junit.runners.model.FrameworkMethod.invokeExplosively(FrameworkMethod.java:41)
	at junitparams.internal.InvokeParameterisedMethod.evaluate(InvokeParameterisedMethod.java:102)
	at org.junit.internal.runners.statements.FailOnTimeout$1.run(FailOnTimeout.java:28)
Caused by: ptolemy.kernel.util.IllegalActionException: SubscriberPorts cannot be used at the top level, use a Subscriber actor instead.
  in .PublisherSubscriberPortToplevel.SubscriberPort
	at ptolemy.actor.SubscriberPort.preinitialize(SubscriberPort.java:328)
	at ptolemy.actor.CompositeActor.preinitialize(CompositeActor.java:1769)
	at ptolemy.actor.Manager.preinitializeAndResolveTypes(Manager.java:1040)
	at ptolemy.actor.Manager.initialize(Manager.java:710)
	at ptolemy.actor.Manager.execute(Manager.java:356)
	at ptolemy.actor.Manager.run(Manager.java:1263)
	at ptolemy.actor.Manager$PtolemyRunThread.run(Manager.java:1933)
java.lang.RuntimeException: Execution failed
	at ptolemy.moml.MoMLSimpleApplication$UnloadThread.run(MoMLSimpleApplication.java:402)
Caused by: ptolemy.kernel.util.IllegalActionException: SubscriptionAggregatorPorts cannot be used at the top level, use a SubscriptionAggregator actor instead.
  in .PublisherSubscriptionAggregatorPort.SubscriptionAggregatorPort
	at ptolemy.actor.SubscriptionAggregatorPort.preinitialize(SubscriptionAggregatorPort.java:353)
	at ptolemy.actor.CompositeActor.preinitialize(CompositeActor.java:1769)
	at ptolemy.actor.Manager.preinitializeAndResolveTypes(Manager.java:1040)
	at ptolemy.actor.Manager.initialize(Manager.java:710)
	at ptolemy.actor.Manager.execute(Manager.java:356)
	at ptolemy.actor.Manager.run(Manager.java:1263)
	at ptolemy.actor.Manager$PtolemyRunThread.run(Manager.java:1933)
java.lang.reflect.InvocationTargetException
	at java.base/jdk.internal.reflect.NativeConstructorAccessorImpl.newInstance0(Native Method)
	at java.base/jdk.internal.reflect.NativeConstructorAccessorImpl.newInstance(NativeConstructorAccessorImpl.java:62)
	at java.base/jdk.internal.reflect.DelegatingConstructorAccessorImpl.newInstance(DelegatingConstructorAccessorImpl.java:45)
	at java.base/java.lang.reflect.Constructor.newInstance(Constructor.java:490)
	at ptolemy.util.test.junit.AutoKnownFailedTests.RunModel(AutoKnownFailedTests.java:105)
	at java.base/jdk.internal.reflect.NativeMethodAccessorImpl.invoke0(Native Method)
	at java.base/jdk.internal.reflect.NativeMethodAccessorImpl.invoke(NativeMethodAccessorImpl.java:62)
	at java.base/jdk.internal.reflect.DelegatingMethodAccessorImpl.invoke(DelegatingMethodAccessorImpl.java:43)
	at java.base/java.lang.reflect.Method.invoke(Method.java:566)
	at org.junit.runners.model.FrameworkMethod$1.runReflectiveCall(FrameworkMethod.java:44)
	at org.junit.internal.runners.model.ReflectiveCallable.run(ReflectiveCallable.java:15)
	at org.junit.runners.model.FrameworkMethod.invokeExplosively(FrameworkMethod.java:41)
	at junitparams.internal.InvokeParameterisedMethod.evaluate(InvokeParameterisedMethod.java:102)
	at org.junit.internal.runners.statements.FailOnTimeout$1.run(FailOnTimeout.java:28)
Caused by: ptolemy.kernel.util.IllegalActionException: SubscriptionAggregatorPorts cannot be used at the top level, use a SubscriptionAggregator actor instead.
  in .PublisherSubscriptionAggregatorPort.SubscriptionAggregatorPort
	at ptolemy.actor.SubscriptionAggregatorPort.preinitialize(SubscriptionAggregatorPort.java:353)
	at ptolemy.actor.CompositeActor.preinitialize(CompositeActor.java:1769)
	at ptolemy.actor.Manager.preinitializeAndResolveTypes(Manager.java:1040)
	at ptolemy.actor.Manager.initialize(Manager.java:710)
	at ptolemy.actor.Manager.execute(Manager.java:356)
	at ptolemy.actor.Manager.run(Manager.java:1263)
	at ptolemy.actor.Manager$PtolemyRunThread.run(Manager.java:1933)
java.lang.RuntimeException: Execution failed
	at ptolemy.moml.MoMLSimpleApplication$UnloadThread.run(MoMLSimpleApplication.java:402)
Caused by: ptolemy.kernel.util.IllegalActionException: TypeTest actor has no training data.
  in .sizedarray3.TypeTest
	at ptolemy.actor.lib.TypeTest.initialize(TypeTest.java:250)
	at ptolemy.actor.Director.initialize(Director.java:938)
	at ptolemy.actor.Director.initialize(Director.java:907)
	at ptolemy.actor.sched.StaticSchedulingDirector.initialize(StaticSchedulingDirector.java:159)
	at ptolemy.domains.sdf.kernel.SDFDirector.initialize(SDFDirector.java:544)
	at ptolemy.actor.CompositeActor.initialize(CompositeActor.java:935)
	at ptolemy.actor.Manager.initialize(Manager.java:724)
	at ptolemy.actor.Manager.execute(Manager.java:356)
	at ptolemy.actor.Manager.run(Manager.java:1263)
	at ptolemy.actor.Manager$PtolemyRunThread.run(Manager.java:1933)
java.lang.reflect.InvocationTargetException
	at java.base/jdk.internal.reflect.NativeConstructorAccessorImpl.newInstance0(Native Method)
	at java.base/jdk.internal.reflect.NativeConstructorAccessorImpl.newInstance(NativeConstructorAccessorImpl.java:62)
	at java.base/jdk.internal.reflect.DelegatingConstructorAccessorImpl.newInstance(DelegatingConstructorAccessorImpl.java:45)
	at java.base/java.lang.reflect.Constructor.newInstance(Constructor.java:490)
	at ptolemy.util.test.junit.AutoKnownFailedTests.RunModel(AutoKnownFailedTests.java:105)
	at java.base/jdk.internal.reflect.NativeMethodAccessorImpl.invoke0(Native Method)
	at java.base/jdk.internal.reflect.NativeMethodAccessorImpl.invoke(NativeMethodAccessorImpl.java:62)
	at java.base/jdk.internal.reflect.DelegatingMethodAccessorImpl.invoke(DelegatingMethodAccessorImpl.java:43)
	at java.base/java.lang.reflect.Method.invoke(Method.java:566)
	at org.junit.runners.model.FrameworkMethod$1.runReflectiveCall(FrameworkMethod.java:44)
	at org.junit.internal.runners.model.ReflectiveCallable.run(ReflectiveCallable.java:15)
	at org.junit.runners.model.FrameworkMethod.invokeExplosively(FrameworkMethod.java:41)
	at junitparams.internal.InvokeParameterisedMethod.evaluate(InvokeParameterisedMethod.java:102)
	at org.junit.internal.runners.statements.FailOnTimeout$1.run(FailOnTimeout.java:28)
Caused by: ptolemy.kernel.util.IllegalActionException: TypeTest actor has no training data.
  in .sizedarray3.TypeTest
	at ptolemy.actor.lib.TypeTest.initialize(TypeTest.java:250)
	at ptolemy.actor.Director.initialize(Director.java:938)
	at ptolemy.actor.Director.initialize(Director.java:907)
	at ptolemy.actor.sched.StaticSchedulingDirector.initialize(StaticSchedulingDirector.java:159)
	at ptolemy.domains.sdf.kernel.SDFDirector.initialize(SDFDirector.java:544)
	at ptolemy.actor.CompositeActor.initialize(CompositeActor.java:935)
	at ptolemy.actor.Manager.initialize(Manager.java:724)
	at ptolemy.actor.Manager.execute(Manager.java:356)
	at ptolemy.actor.Manager.run(Manager.java:1263)
	at ptolemy.actor.Manager$PtolemyRunThread.run(Manager.java:1933)
]]></system-err>
</testsuite>
