<?xml version="1.0" encoding="UTF-8" ?>
<testsuite errors="0" failures="0" hostname="travis-job-a1438c73-7004-4bf7-93fa-5a30872779bd" name="ptolemy.actor.lib.test.junit.JUnitTclTest" skipped="0" tests="517" time="58.537" timestamp="2019-03-25T22:38:08">
  <properties>
    <property name="npm.executable" value="npm" />
    <property name="file.encoding.pkg" value="sun.io" />
    <property name="env.TRAVIS_ROOT" value="/" />
    <property name="ptII.mk.exists" value="true" />
    <property name="env.TRAVIS_APP_HOST" value="build.travis-ci.org" />
    <property name="env.rvm_bin_path" value="/home/travis/.rvm/bin" />
    <property name="java.home" value="/usr/lib/jvm/java-8-oracle/jre" />
    <property name="env.TRAVIS_JOB_NUMBER" value="1061.8" />
    <property name="env.TRAVIS_HOME" value="/home/travis" />
    <property name="env.DISPLAY" value=":99.0" />
    <property name="java.net.preferIPv4Stack" value="true" />
    <property name="env.TRAVIS_INIT" value="upstart" />
    <property name="env.SSH_TTY" value="/dev/pts/0" />
    <property name="env.RUN_TESTS" value="true" />
    <property name="timeout.short" value="1000000" />
    <property name="env.TRAVIS_JOB_NAME" value="" />
    <property name="env.TRAVIS_STACK_NODE_ATTRIBUTES" value="/.node-attributes.yml" />
    <property name="junit.formatter" value="xml" />
    <property name="java.endorsed.dirs" value="/usr/lib/jvm/java-8-oracle/jre/lib/endorsed" />
    <property name="env.TRAVIS_SUDO" value="true" />
    <property name="env.LOGNAME" value="travis" />
    <property name="env.PT_TRAVIS_TEST_CORE1_XML" value="true" />
    <property name="jsdoc.home" value="node_modules/@terraswarm/jsdoc" />
    <property name="debuglevel" value="source,lines,vars" />
    <property name="checkstyle.formatter" value="xml" />
    <property name="bin.vergil.makeable" value="true" />
    <property name="env._system_version" value="14.04" />
    <property name="sun.os.patch.level" value="unknown" />
    <property name="java.vendor.url" value="http://java.oracle.com/" />
    <property name="env.TRAVIS_BUILD_WEB_URL" value="https://travis-ci.org/icyphy/ptII/builds/511210813" />
    <property name="java.version" value="1.8.0_151" />
    <property name="env.TZ" value="UTC" />
    <property name="env.PT_NO_NET" value="true" />
    <property name="env.TRAVIS_PULL_REQUEST_SHA" value="" />
    <property name="env.TRAVIS_SECURE_ENV_VARS" value="true" />
    <property name="env._system_type" value="Linux" />
    <property name="java.vendor.url.bug" value="http://bugreport.sun.com/bugreport/" />
    <property name="env.SSH_CLIENT" value="10.10.4.67 34168 22" />
    <property name="npmjs-org-is-up" value="true" />
    <property name="env.GEM_HOME" value="/home/travis/.rvm/gems/ruby-2.4.1" />
    <property name="env.HAS_ANTARES_THREE_LITTLE_FRONZIES_BADGE" value="true" />
    <property name="env.PS4" value="+" />
    <property name="ant.project.invoked-targets" value="build,test.core1.xml" />
    <property name="env.TRAVIS_PULL_REQUEST_BRANCH" value="" />
    <property name="env.TRAVIS_REPO_SLUG" value="icyphy/ptII" />
    <property name="env.TRAVIS_APT_PROXY" value="http://build-cache.travisci.net" />
    <property name="node.in.path" value="true" />
    <property name="java.maxmemory" value="1400m" />
    <property name="env.RUBY_VERSION" value="ruby-2.4.1" />
    <property name="user.name" value="travis" />
    <property name="env.LANG" value="en_US.UTF-8" />
    <property name="sun.io.unicode.encoding" value="UnicodeLittle" />
    <property name="sun.jnu.encoding" value="UTF-8" />
    <property name="java.runtime.name" value="Java(TM) SE Runtime Environment" />
    <property name="usefile" value="false" />
    <property name="return.code" value="0" />
    <property name="junit.single.formatter" value="plain" />
    <property name="env.DYLD_LIBRARY_PATH" value="/home/travis/pthla/certi-tools/lib:" />
    <property name="env.DEBIAN_FRONTEND" value="noninteractive" />
    <property name="env.SSH_CONNECTION" value="10.10.4.67 34168 10.20.7.103 22" />
    <property name="env.MYSQL_UNIX_PORT" value="/var/run/mysqld/mysqld.sock" />
    <property name="env.TRAVIS_ALLOW_FAILURE" value="false" />
    <property name="env.LC_ALL" value="en_US.UTF-8" />
    <property name="env.TRAVIS_JOB_WEB_URL" value="https://travis-ci.org/icyphy/ptII/jobs/511210823" />
    <property name="java.specification.name" value="Java Platform API Specification" />
    <property name="node.works" value="true" />
    <property name="user.timezone" value="" />
    <property name="path.separator" value=":" />
    <property name="env.TRAVIS_ENABLE_INFRA_DETECTION" value="true" />
    <property name="env.PYTHON_CFLAGS" value="-g -fstack-protector --param=ssp-buffer-size=4 -Wformat -Werror=format-security" />
    <property name="timeout.long" value="4000000" />
    <property name="env.CERTI_HOME" value="/home/travis/pthla/certi-tools" />
    <property name="file.encoding" value="UTF-8" />
    <property name="ant.file.ptII" value="/home/travis/build/icyphy/ptII/build.xml" />
    <property name="javadoc.packagenames" value="com.*,diva.*,lbnl.*,org.hlacerti.*,org.json.*,org.ptolemy.*,org.terraswarm.*,ptolemy.*,ptserver.*" />
    <property name="env.TRAVIS_PULL_REQUEST_SLUG" value="" />
    <property name="ant.project.default-target" value="build" />
    <property name="env.GIT_ASKPASS" value="echo" />
    <property name="env.HOME" value="/home/travis" />
    <property name="sun.java.command" value="org.apache.tools.ant.taskdefs.optional.junit.JUnitTestRunner ptolemy.actor.lib.test.junit.JUnitTclTest skipNonTests=false filtertrace=true haltOnError=false haltOnFailure=false formatter=org.apache.tools.ant.taskdefs.optional.junit.OutErrSummaryJUnitResultFormatter showoutput=true outputtoformatters=true logfailedtests=true threadid=0 logtestlistenerevents=false formatter=org.apache.tools.ant.taskdefs.optional.junit.XMLJUnitResultFormatter,/home/travis/build/icyphy/ptII/reports/junit/TEST-ptolemy.actor.lib.test.junit.JUnitTclTest.xml crashfile=/home/travis/build/icyphy/ptII/junitvmwatcher5387405136300182020.properties propsfile=/home/travis/build/icyphy/ptII/junit8574356150593794743.properties" />
    <property name="env.MANPATH" value="/home/travis/.nvm/versions/node/v7.10.1/share/man:/home/travis/.kiex/elixirs/elixir-1.4.5/man:/home/travis/.rvm/rubies/ruby-2.4.1/share/man:/usr/local/man:/usr/local/cmake-3.9.2/man:/usr/local/clang-5.0.0/share/man:/usr/local/share/man:/usr/share/man:/home/travis/.rvm/man" />
    <property name="env.COMPOSER_NO_INTERACTION" value="1" />
    <property name="env.JDK_SWITCHER_DEFAULT" value="oraclejdk8" />
    <property name="env.TRAVIS_TIMER_ID" value="00defb34" />
    <property name="ant.file" value="/home/travis/build/icyphy/ptII/build.xml" />
    <property name="env.TRAVIS_COMMIT_RANGE" value="0782bd3425e6...957937ed47d2" />
    <property name="env._system_name" value="Ubuntu" />
    <property name="timeout" value="2400000" />
    <property name="ptII.classpath.optional.property" value="/home/travis/build/icyphy/ptII/lib/bsh-2.0b4.jar:/home/travis/build/icyphy/ptII/lib/ptCal.jar:/home/travis/build/icyphy/ptII/lib/java_cup.jar:/home/travis/build/icyphy/ptII/lib/saxon8.jar:/home/travis/build/icyphy/ptII/lib/saxon8-dom.jar:/home/travis/build/icyphy/ptII/lib/chic.jar:/home/travis/build/icyphy/ptII/lib/ptcolt.jar:/usr/lib/jvm/java-8-oracle/lib/tools.jar:/home/travis/build/icyphy/ptII/vendors/misc/itext/iText.jar:/home/travis/build/icyphy/ptII/lib/g4ltl.jar:/home/travis/build/icyphy/ptII/lib/StructuralCoder.jar:/home/travis/build/icyphy/ptII/vendors/jai-1_1_2_01/lib/jai_core.jar:/home/travis/build/icyphy/ptII/vendors/jai-1_1_2_01/lib/jai_codec.jar:/home/travis/build/icyphy/ptII/lib/jcerti.jar:/home/travis/build/icyphy/ptII/lib/javax.mail.jar:/home/travis/build/icyphy/ptII/vendors/JMF-2.1.1e/lib/jmf.jar:/home/travis/build/icyphy/ptII/lib/jna-4.0.0-variadic.jar:/home/travis/build/icyphy/ptII/vendors/misc/joystick/Joystick.jar:/home/travis/build/icyphy/ptII/lib/ptjacl.jar:/home/travis/build/icyphy/ptII/lib/jsoup-1.8.2.jar:/home/travis/build/icyphy/ptII/lib/junit-4.8.2.jar:/home/travis/build/icyphy/ptII/lib/JUnitParams-0.4.0.jar:/home/travis/build/icyphy/ptII/ptolemy/actor/lib/excel/jxl.jar:/home/travis/build/icyphy/ptII/lib/jython.jar:/home/travis/build/icyphy/ptII/lib/kieler.jar:/home/travis/build/icyphy/ptII/vendors/opencv/share/OpenCV/java/opencv-341.jar:/home/travis/build/icyphy/ptII/lib/oscP5.jar:/home/travis/build/icyphy/ptII/lib/nrjavaserial-3.11.0.devel.jar:/home/travis/build/icyphy/ptII/vendors/j3d/lib/j3dcore.jar:/home/travis/build/icyphy/ptII/vendors/j3d/lib/j3dutils.jar:/home/travis/build/icyphy/ptII/vendors/j3d/lib/vecmath.jar:/home/travis/build/icyphy/ptII/ptolemy/distributed/jini/jar/jini-core.jar:/home/travis/build/icyphy/ptII/ptolemy/distributed/jini/jar/jini-ext.jar:/home/travis/build/icyphy/ptII/ptolemy/distributed/jini/jar/sun-util.jar:/home/travis/build/icyphy/ptII/lib/protobuf-java-2.4.1.jar:/home/travis/build/icyphy/ptII/lib/org.eclipse.paho.client.mqttv3.jar:/home/travis/build/icyphy/ptII/lib/mapss.jar:/home/travis/build/icyphy/ptII/ptolemy/actor/ptalon/antlr/antlr.jar:/home/travis/build/icyphy/ptII/lib/JRI.jar:/home/travis/build/icyphy/ptII/lib/commons-lang-2.6.jar:/home/travis/build/icyphy/ptII/lib/commons-logging-1.1.1.jar:/home/travis/build/icyphy/ptII/lib/sootclasses.jar:/home/travis/build/icyphy/ptII/ptolemy/actor/lib/database/mysql-connector-java-5.1.6-bin.jar:/home/travis/build/icyphy/ptII/vendors/misc/sphinx4/sphinx4-data-5prealpha.jar:/home/travis/build/icyphy/ptII/vendors/misc/sphinx4/sphinx4-core-5prealpha.jar:/home/travis/build/icyphy/ptII/lib/PDFRenderer.jar:/home/travis/build/icyphy/ptII/lib/svgSalamander.jar:/home/travis/build/icyphy/ptII/lib/rsyntaxtextarea-2.6.0-SNAPSHOT.jar:/home/travis/build/icyphy/ptII/lib/hazelcast-3.8.2.jar:/home/travis/build/icyphy/ptII/lib/jackson-annotations-2.9.0.jar:/home/travis/build/icyphy/ptII/lib/jackson-core-2.9.3.jar:/home/travis/build/icyphy/ptII/lib/jackson-databind-2.9.3.jar:/home/travis/build/icyphy/ptII/lib/netty-buffer-4.1.19.Final.jar:/home/travis/build/icyphy/ptII/lib/netty-codec-4.1.19.Final.jar:/home/travis/build/icyphy/ptII/lib/netty-codec-dns-4.1.19.Final.jar:/home/travis/build/icyphy/ptII/lib/netty-codec-http-4.1.19.Final.jar:/home/travis/build/icyphy/ptII/lib/netty-codec-http2-4.1.19.Final.jar:/home/travis/build/icyphy/ptII/lib/netty-common-4.1.19.Final.jar:/home/travis/build/icyphy/ptII/lib/netty-handler-4.1.19.Final.jar:/home/travis/build/icyphy/ptII/lib/netty-resolver-4.1.19.Final.jar:/home/travis/build/icyphy/ptII/lib/netty-resolver-dns-4.1.19.Final.jar:/home/travis/build/icyphy/ptII/lib/netty-transport-4.1.19.Final.jar:/home/travis/build/icyphy/ptII/lib/vertx-codegen-3.5.1.jar:/home/travis/build/icyphy/ptII/lib/vertx-core-3.5.2-SNAPSHOT.jar:/home/travis/build/icyphy/ptII/lib/vertx-hazelcast-3.5.1.jar:/home/travis/build/icyphy/ptII/lib/vertx-lang-js-3.5.1.jar:/home/travis/build/icyphy/ptII/lib/vertx-service-proxy-3.5.1.jar:/home/travis/build/icyphy/ptII/lib/vertx-web-3.5.1.jar:/home/travis/build/icyphy/ptII/lib/slf4j-api-1.7.13.jar:/home/travis/build/icyphy/ptII/lib/slf4j-simple-1.7.13.jar:/home/travis/build/icyphy/ptII/lib/webcam-capture-0.3.12.jar:/home/travis/build/icyphy/ptII/lib/bridj-0.7.0.jar:/home/travis/build/icyphy/ptII/lib/xbjlib-1.1.0.nrjavaserial.jar" />
    <property name="test.batch" value="**/junit/*.java" />
    <property name="env._" value="/usr/bin/timeout" />
    <property name="java.io.tmpdir" value="/tmp" />
    <property name="env.TRAVIS_INTERNAL_RUBY_REGEX" value="^ruby-(2\.[0-4]\.[0-9]|1\.9\.3)" />
    <property name="user.language" value="en" />
    <property name="env.HISTCONTROL" value="ignoredups:ignorespace" />
    <property name="env.GOROOT" value="/home/travis/.gimme/versions/go1.7.4.linux.amd64" />
    <property name="line.separator" value="&#xa;" />
    <property name="target" value="1.8" />
    <property name="env.TRAVIS_BUILD_DIR" value="/home/travis/build/icyphy/ptII" />
    <property name="env.ANT_OPTS" value="-Xmx2048m" />
    <property name="ant.file.type" value="file" />
    <property name="ptolemy.ptII.batchMode" value="true" />
    <property name="env.HISTSIZE" value="1000" />
    <property name="env.MERB_ENV" value="test" />
    <property name="java.vm.info" value="mixed mode" />
    <property name="source" value="1.8" />
    <property name="java.vm.specification.name" value="Java Virtual Machine Specification" />
    <property name="env.TRAVIS_TEST_RESULT" value="0" />
    <property name="jsdoc.command" value="node_modules/@terraswarm/jsdoc/jsdoc.js" />
    <property name="npm.works" value="true" />
    <property name="cobertura.dir" value="/home/travis/build/icyphy/ptII/vendors/cobertura-2.0.3" />
    <property name="env.rvm_path" value="/home/travis/.rvm" />
    <property name="env.GEM_PATH" value="/home/travis/.rvm/gems/ruby-2.4.1:/home/travis/.rvm/gems/ruby-2.4.1@global" />
    <property name="env.LC_CTYPE" value="en_US.UTF-8" />
    <property name="java.awt.printerjob" value="sun.print.PSPrinterJob" />
    <property name="env.TRAVIS_CMD" value="$PTII/bin/ptIITravisBuild.sh $SECONDS" />
    <property name="env.TRAVIS_STACK_NAME" value="garnet" />
    <property name="env.TRAVIS_TIMER_START_TIME" value="1553553126185242163" />
    <property name="ant.version" value="Apache Ant(TM) version 1.10.1 compiled on February 2 2017" />
    <property name="ptII.reports" value="/home/travis/build/icyphy/ptII/reports" />
    <property name="env.TRAVIS_STACK_TIMESTAMP" value="2017-12-05 19:33:09 UTC" />
    <property name="ant.file.type.ptII" value="file" />
    <property name="env.RBENV_SHELL" value="bash" />
    <property name="os.name" value="Linux" />
    <property name="java.specification.vendor" value="Oracle Corporation" />
    <property name="env.rvm_version" value="1.29.3 (latest)" />
    <property name="env.TRAVIS_INFRA" value="gce" />
    <property name="env.TERM" value="xterm" />
    <property name="java.vm.name" value="Java HotSpot(TM) 64-Bit Server VM" />
    <property name="env.TRAVIS_BUILD_NUMBER" value="1061" />
    <property name="env.CI" value="true" />
    <property name="java.library.path" value="/home/travis/pthla/certi-tools/lib:/usr/lib/jni:/usr/local/share/OpenCV/java/:/usr/share/OpenCV/java::/usr/java/packages/lib/amd64:/usr/lib64:/lib64:/lib:/usr/lib" />
    <property name="env.rvm_prefix" value="/home/travis" />
    <property name="env.PATH" value="/home/travis/pthla/certi-tools/share/scripts:/home/travis/.rvm/gems/ruby-2.4.1/bin:/home/travis/.rvm/gems/ruby-2.4.1@global/bin:/home/travis/.rvm/rubies/ruby-2.4.1/bin:/home/travis/.rvm/bin:/home/travis/.nvm/versions/node/v7.10.1/bin:./node_modules/.bin:/home/travis/build/icyphy/ptII/bin:/home/travis/pthla/certi-tools/bin:/home/travis/bin:/home/travis/.local/bin:/opt/pyenv/shims:/home/travis/.phpenv/shims:/home/travis/perl5/perlbrew/bin:/home/travis/.kiex/elixirs/elixir-1.4.5/bin:/home/travis/.kiex/bin:/home/travis/gopath/bin:/home/travis/.gimme/versions/go1.7.4.linux.amd64/bin:/usr/local/phantomjs/bin:/usr/local/phantomjs:/usr/local/neo4j-3.2.7/bin:/usr/local/maven-3.5.2/bin:/usr/local/cmake-3.9.2/bin:/usr/local/clang-5.0.0/bin:/usr/local/sbin:/usr/local/bin:/usr/sbin:/usr/bin:/sbin:/bin:/home/travis/.phpenv/bin:/opt/pyenv/bin:/home/travis/.yarn/bin" />
    <property name="env.TRAVIS_OS_NAME" value="linux" />
    <property name="ant.java.version" value="1.8" />
    <property name="basedir" value="/home/travis/build/icyphy/ptII" />
    <property name="java.class.version" value="52.0" />
    <property name="env.SHLVL" value="3" />
    <property name="env.LD_LIBRARY_PATH" value="/home/travis/pthla/certi-tools/lib:/usr/lib/jni:/usr/local/share/OpenCV/java/:/usr/share/OpenCV/java:" />
    <property name="env.RACK_ENV" value="test" />
    <property name="ant.home" value="/home/travis/build/icyphy/ptII/ant" />
    <property name="env.PERLBREW_BASHRC_VERSION" value="0.80" />
    <property name="env.NVM_DIR" value="/home/travis/.nvm" />
    <property name="env.TRAVIS_BUILD_ID" value="511210813" />
    <property name="env.CERTI_FOM_PATH" value="/home/travis/pthla/certi-tools/share/federations" />
    <property name="env.PYENV_ROOT" value="/opt/pyenv" />
    <property name="env.TRAVIS_UID" value="2000" />
    <property name="env.rvm_pretty_print_flag" value="auto" />
    <property name="env.NVM_BIN" value="/home/travis/.nvm/versions/node/v7.10.1/bin" />
    <property name="env.TRAVIS_COMMIT" value="957937ed47d2203b072c1ffe922bf40d236472ed" />
    <property name="env._system_arch" value="x86_64" />
    <property name="node.executable" value="node" />
    <property name="sun.boot.library.path" value="/usr/lib/jvm/java-8-oracle/jre/lib/amd64" />
    <property name="sun.management.compiler" value="HotSpot 64-Bit Tiered Compilers" />
    <property name="env.GOPATH" value="/home/travis/gopath" />
    <property name="java.awt.graphicsenv" value="sun.awt.X11GraphicsEnvironment" />
    <property name="ptolemy.ptII.dir" value="/home/travis/build/icyphy/ptII" />
    <property name="env.USER" value="travis" />
    <property name="env.HISTFILESIZE" value="2000" />
    <property name="timeout.longest" value="19000000" />
    <property name="env.TRAVIS_STACK_FEATURES" value="basic cassandra chromium couchdb disabled-ipv6 docker docker-compose elasticsearch firefox go-toolchain google-chrome jdk memcached mongodb mysql neo4j nodejs_interpreter perl_interpreter perlbrew phantomjs postgresql python_interpreter rabbitmq redis riak ruby_interpreter sqlite xserver" />
    <property name="env.TRAVIS_PULL_REQUEST" value="false" />
    <property name="env.PYENV_SHELL" value="bash" />
    <property name="ant.project.name" value="ptII" />
    <property name="java.vm.specification.version" value="1.8" />
    <property name="env.ANSI_RESET" value="\033[0m" />
    <property name="env.TRAVIS_DIST" value="trusty" />
    <property name="env.CERTI_VERSION" value="4.0.0" />
    <property name="env.NLSPATH" value="/usr/dt/lib/nls/msg/%L/%N.cat" />
    <property name="awt.toolkit" value="sun.awt.X11.XToolkit" />
    <property name="env.CERTI_HOST" value="localhost" />
    <property name="env.MY_RUBY_HOME" value="/home/travis/.rvm/rubies/ruby-2.4.1" />
    <property name="sun.cpu.isalist" value="" />
    <property name="env.TRAVIS_TMPDIR" value="/tmp/tmp.xisXsTsguo" />
    <property name="java.ext.dirs" value="/usr/lib/jvm/java-8-oracle/jre/lib/ext:/usr/java/packages/lib/ext" />
    <property name="os.version" value="4.4.0-101-generic" />
    <property name="user.home" value="/home/travis" />
    <property name="env.MIX_ARCHIVES" value="/home/travis/.kiex/mix/elixir-1.4.5" />
    <property name="java.vm.vendor" value="Oracle Corporation" />
    <property name="env.TRAVIS_TAG" value="nightly" />
    <property name="env.ANSI_YELLOW" value="\033[33;1m" />
    <property name="env.TRAVIS_FILTERED" value="redirect_io" />
    <property name="env.ANSI_GREEN" value="\033[32;1m" />
    <property name="env.JAVA_HOME" value="/usr/lib/jvm/java-8-oracle" />
    <property name="env.PTII" value="/home/travis/build/icyphy/ptII" />
    <property name="javadoc.excludepackagenames" value="adm.cvs2svn.*,build.*,config.*,doc.coding.templates.*,jni.test.jni.meaningOfLife.*,jni.test.jni.testDeux.*,jni.test.jni.testTrois.*,org.terraswarm.accessor.accessors.web.node_modules.*,org.terraswarm.accessor.accessors.web.hosts.cordova.demo.*,org.terraswarm.accessor.accessors.web.hosts.cordova.plugins.*,org.terraswarm.accessor.accessors-svn.*,pt-modules.*,ptolemy.apps.agilent.*,ptolemy.apps.anytimecontrol.*,ptolemy.apps.apes.*,ptolemy.apps.charon.*,ptolemy.apps.crazyboard.*,ptolemy.apps.eclipse.*,ptolemy.apps.etherealSting.*,ptolemy.apps.fullscreen.*,ptolemy.apps.giotto.*,ptolemy.apps.ia.*,ptolemy.apps.interfaces.*,ptolemy.apps.jmf.*,ptolemy.apps.kurt.*,ptolemy.apps.kvm.*,ptolemy.apps.lego.*,ptolemy.apps.lejos.*,ptolemy.apps.midp.*,ptolemy.apps.mobileCoding.*,ptolemy.apps.pendulum.*,ptolemy.apps.rijndael.*,ptolemy.apps.robot.*,ptolemy.apps.security.*,ptolemy.apps.sobel.*,ptolemy.apps.soot.*,ptolemy.apps.throttle.*,ptolemy.apps.tini.*,ptolemy.apps.transmission.*,ptolemy.apps.vergil.*,ptolemy.apps.waba.*,ptolemy.apps.websensor.*,ptolemy.apps.webstart.*,ptolemy.apps.xsl.*,ptolemy.apps.zaurus.*,ptolemy.codegen.c.actor.lib.oldJavaFiles.*,ptolemy.codegen.dsp.lib.*,ptolemy.codegen.kernel.newInterfaces.*,ptolemy.codegen.lib.*,ptolemy.copernicus.kernel.fragment.*,ptolemy.copernicus.shallow.cg.*,ptolemy.domains.giotto.demo.Hierarchy.Hierarchy.*,ptolemy.domains.giotto.demo.Multimode.Multimode.*,ptolemy.domains.giotto.demo.Simple.Simple.*,ptolemy.domains.gr.lib.experimental.*,ptolemy.domains.gro.*,ptolemy.domains.pdf.*,ptolemy.domains.ptinyos.demo.Surge.output.*,ptolemy.moml.test.NoPackageActor.java*,ptolemy.plot.adm.*,ptolemy.plot.servlet.*,reports.*,signed.*,src.*,target.*,vendors.*,ptolemy.apps.eclipse.awt.*,ptolemy.backtrack.*,ptolemy.backtrack.ast.*,ptolemy.cg.adapter.generic.program.procedural.c.mbed*,ptolemy.homer.*,org.ptolemy.scala.*,diva.util.java2d.svg.*,ptolemy.domains.ptinyos.*,ptolemy.actor.lib.fmi.fmipp.*,,org.terraswarm.accessor.accessors.web.node_modules.*,org.terraswarm.accessor.accessors-svn,ptolemy.apps.*,ptolemy.actor.ptalon.demo.ptinyos.SendAndReceiveCnt.output,ptolemy.actor.ptalon.demo.ptinyos.SenseToLeds.output,ptolemy.domains.ptinyos.demo.CntToLedsAndRfm.output,ptolemy.domains.ptinyos.demo.RfmToLeds.output,ptolemy.domains.ptinyos.demo.SendAndReceiveCnt.output,ptolemy.domains.ptinyos.demo.SenseToLeds.output,ptolemy.actor.lib.jjs.modules.udpSocket.*" />
    <property name="env.TRAVIS_COMMIT_MESSAGE" value="Updated SemanticYelpSensor demo to get API key from keystore" />
    <property name="keystore" value="ptKeystore" />
    <property name="env.XDG_SESSION_ID" value="2" />
    <property name="junit.output.dir" value="/home/travis/build/icyphy/ptII/reports/junit" />
    <property name="npm.return.code" value="0" />
    <property name="user.dir" value="/home/travis/build/icyphy/ptII/ptolemy/actor/lib/test" />
    <property name="env.TRAVIS_NODE_VERSION" value="7" />
    <property name="env.XFILESEARCHPATH" value="/usr/dt/app-defaults/%L/Dt" />
    <property name="env.TRAVIS_EVENT_TYPE" value="push" />
    <property name="env.MAIL" value="/var/mail/travis" />
    <property name="env.PWD" value="/home/travis/build/icyphy/ptII" />
    <property name="env.PERLBREW_ROOT" value="/home/travis/perl5/perlbrew" />
    <property name="timeout.npm" value="45000" />
    <property name="env.TRAVIS_ARCH" value="amd64" />
    <property name="env.PAGER" value="cat" />
    <property name="sun.cpu.endian" value="little" />
    <property name="env.TRAVIS_BUILD_STAGE_NAME" value="Test" />
    <property name="env.PERLBREW_HOME" value="/home/travis/.perlbrew" />
    <property name="env.RAILS_ENV" value="test" />
    <property name="java.vm.version" value="25.151-b12" />
    <property name="java.class.path" value="/home/travis/.ptolemyII:/home/travis/.ptolemyII/*:/home/travis/build/icyphy/ptII:/home/travis/build/icyphy/ptII/lib/bsh-2.0b4.jar:/home/travis/build/icyphy/ptII/lib/ptCal.jar:/home/travis/build/icyphy/ptII/lib/java_cup.jar:/home/travis/build/icyphy/ptII/lib/saxon8.jar:/home/travis/build/icyphy/ptII/lib/saxon8-dom.jar:/home/travis/build/icyphy/ptII/lib/chic.jar:/home/travis/build/icyphy/ptII/lib/ptcolt.jar:/usr/lib/jvm/java-8-oracle/lib/tools.jar:/home/travis/build/icyphy/ptII/vendors/misc/itext/iText.jar:/home/travis/build/icyphy/ptII/lib/g4ltl.jar:/home/travis/build/icyphy/ptII/lib/StructuralCoder.jar:/home/travis/build/icyphy/ptII/vendors/jai-1_1_2_01/lib/jai_core.jar:/home/travis/build/icyphy/ptII/vendors/jai-1_1_2_01/lib/jai_codec.jar:/home/travis/build/icyphy/ptII/lib/jcerti.jar:/home/travis/build/icyphy/ptII/lib/javax.mail.jar:/home/travis/build/icyphy/ptII/vendors/JMF-2.1.1e/lib/jmf.jar:/home/travis/build/icyphy/ptII/lib/jna-4.0.0-variadic.jar:/home/travis/build/icyphy/ptII/vendors/misc/joystick/Joystick.jar:/home/travis/build/icyphy/ptII/lib/ptjacl.jar:/home/travis/build/icyphy/ptII/lib/jsoup-1.8.2.jar:/home/travis/build/icyphy/ptII/lib/junit-4.8.2.jar:/home/travis/build/icyphy/ptII/lib/JUnitParams-0.4.0.jar:/home/travis/build/icyphy/ptII/ptolemy/actor/lib/excel/jxl.jar:/home/travis/build/icyphy/ptII/lib/jython.jar:/home/travis/build/icyphy/ptII/lib/kieler.jar:/home/travis/build/icyphy/ptII/vendors/opencv/share/OpenCV/java/opencv-341.jar:/home/travis/build/icyphy/ptII/lib/oscP5.jar:/home/travis/build/icyphy/ptII/lib/nrjavaserial-3.11.0.devel.jar:/home/travis/build/icyphy/ptII/vendors/j3d/lib/j3dcore.jar:/home/travis/build/icyphy/ptII/vendors/j3d/lib/j3dutils.jar:/home/travis/build/icyphy/ptII/vendors/j3d/lib/vecmath.jar:/home/travis/build/icyphy/ptII/ptolemy/distributed/jini/jar/jini-core.jar:/home/travis/build/icyphy/ptII/ptolemy/distributed/jini/jar/jini-ext.jar:/home/travis/build/icyphy/ptII/ptolemy/distributed/jini/jar/sun-util.jar:/home/travis/build/icyphy/ptII/lib/protobuf-java-2.4.1.jar:/home/travis/build/icyphy/ptII/lib/org.eclipse.paho.client.mqttv3.jar:/home/travis/build/icyphy/ptII/lib/mapss.jar:/home/travis/build/icyphy/ptII/ptolemy/actor/ptalon/antlr/antlr.jar:/home/travis/build/icyphy/ptII/lib/JRI.jar:/home/travis/build/icyphy/ptII/lib/commons-lang-2.6.jar:/home/travis/build/icyphy/ptII/lib/commons-logging-1.1.1.jar:/home/travis/build/icyphy/ptII/lib/sootclasses.jar:/home/travis/build/icyphy/ptII/ptolemy/actor/lib/database/mysql-connector-java-5.1.6-bin.jar:/home/travis/build/icyphy/ptII/vendors/misc/sphinx4/sphinx4-data-5prealpha.jar:/home/travis/build/icyphy/ptII/vendors/misc/sphinx4/sphinx4-core-5prealpha.jar:/home/travis/build/icyphy/ptII/lib/PDFRenderer.jar:/home/travis/build/icyphy/ptII/lib/svgSalamander.jar:/home/travis/build/icyphy/ptII/lib/rsyntaxtextarea-2.6.0-SNAPSHOT.jar:/home/travis/build/icyphy/ptII/lib/hazelcast-3.8.2.jar:/home/travis/build/icyphy/ptII/lib/jackson-annotations-2.9.0.jar:/home/travis/build/icyphy/ptII/lib/jackson-core-2.9.3.jar:/home/travis/build/icyphy/ptII/lib/jackson-databind-2.9.3.jar:/home/travis/build/icyphy/ptII/lib/netty-buffer-4.1.19.Final.jar:/home/travis/build/icyphy/ptII/lib/netty-codec-4.1.19.Final.jar:/home/travis/build/icyphy/ptII/lib/netty-codec-dns-4.1.19.Final.jar:/home/travis/build/icyphy/ptII/lib/netty-codec-http-4.1.19.Final.jar:/home/travis/build/icyphy/ptII/lib/netty-codec-http2-4.1.19.Final.jar:/home/travis/build/icyphy/ptII/lib/netty-common-4.1.19.Final.jar:/home/travis/build/icyphy/ptII/lib/netty-handler-4.1.19.Final.jar:/home/travis/build/icyphy/ptII/lib/netty-resolver-4.1.19.Final.jar:/home/travis/build/icyphy/ptII/lib/netty-resolver-dns-4.1.19.Final.jar:/home/travis/build/icyphy/ptII/lib/netty-transport-4.1.19.Final.jar:/home/travis/build/icyphy/ptII/lib/vertx-codegen-3.5.1.jar:/home/travis/build/icyphy/ptII/lib/vertx-core-3.5.2-SNAPSHOT.jar:/home/travis/build/icyphy/ptII/lib/vertx-hazelcast-3.5.1.jar:/home/travis/build/icyphy/ptII/lib/vertx-lang-js-3.5.1.jar:/home/travis/build/icyphy/ptII/lib/vertx-service-proxy-3.5.1.jar:/home/travis/build/icyphy/ptII/lib/vertx-web-3.5.1.jar:/home/travis/build/icyphy/ptII/lib/slf4j-api-1.7.13.jar:/home/travis/build/icyphy/ptII/lib/slf4j-simple-1.7.13.jar:/home/travis/build/icyphy/ptII/lib/webcam-capture-0.3.12.jar:/home/travis/build/icyphy/ptII/lib/bridj-0.7.0.jar:/home/travis/build/icyphy/ptII/lib/xbjlib-1.1.0.nrjavaserial.jar:/home/travis/build/icyphy/ptII/ptolemy/moml/test:/home/travis/build/icyphy/ptII/ant/lib/ant-launcher.jar:/home/travis/build/icyphy/ptII/ant/lib/ant.jar:/home/travis/build/icyphy/ptII/ant/lib/ant-junit.jar:/home/travis/build/icyphy/ptII/ant/lib/ant-junit4.jar" />
    <property name="ant.library.dir" value="/home/travis/build/icyphy/ptII/ant/lib" />
    <property name="os.arch" value="amd64" />
    <property name="env.TRAVIS_LANGUAGE" value="node_js" />
    <property name="env.CONTINUOUS_INTEGRATION" value="true" />
    <property name="env.TRAVIS_STACK_LANGUAGES" value="__garnet__ c c++ clojure cplusplus cpp default go groovy java node_js php pure_java python ruby scala" />
    <property name="test.name" value="ptolemy.actor.lib.test.junit.JUnitTclTest" />
    <property name="sun.java.launcher" value="SUN_STANDARD" />
    <property name="env.PYTHON_CONFIGURE_OPTS" value="--enable-unicode=ucs4 --with-wide-unicode --enable-shared --enable-ipv6 --enable-loadable-sqlite-extensions --with-computed-gotos" />
    <property name="ant.core.lib" value="/home/travis/build/icyphy/ptII/ant/lib/ant.jar" />
    <property name="java.vm.specification.vendor" value="Oracle Corporation" />
    <property name="env.BCVTB_HOME" value="/home/travis/build/icyphy/ptII/lbnl" />
    <property name="file.separator" value="/" />
    <property name="spotbugs.home" value="/home/travis/build/icyphy/ptII/vendors/spotbugs-3.1.1" />
    <property name="java.runtime.version" value="1.8.0_151-b12" />
    <property name="sun.boot.class.path" value="/usr/lib/jvm/java-8-oracle/jre/lib/resources.jar:/usr/lib/jvm/java-8-oracle/jre/lib/rt.jar:/usr/lib/jvm/java-8-oracle/jre/lib/sunrsasign.jar:/usr/lib/jvm/java-8-oracle/jre/lib/jsse.jar:/usr/lib/jvm/java-8-oracle/jre/lib/jce.jar:/usr/lib/jvm/java-8-oracle/jre/lib/charsets.jar:/usr/lib/jvm/java-8-oracle/jre/lib/jfr.jar:/usr/lib/jvm/java-8-oracle/jre/classes" />
    <property name="env.ANSI_CLEAR" value="\033[0K" />
    <property name="env.HAS_JOSH_K_SEAL_OF_APPROVAL" value="true" />
    <property name="env.XDG_RUNTIME_DIR" value="/run/user/2000" />
    <property name="env.TRAVIS_OSX_IMAGE" value="" />
    <property name="env.TRAVIS_BRANCH" value="master" />
    <property name="env.TRAVIS_JOB_ID" value="511210823" />
    <property name="user.country" value="US" />
    <property name="env.CERTI_HOME_TRAVIS" value="/home/travis/pthla/certi-tools" />
    <property name="env.SHELL" value="/bin/bash" />
    <property name="java.maxmemory.large" value="5000m" />
    <property name="model" value="" />
    <property name="env.CASHER_DIR" value="/home/travis/.casher" />
    <property name="env.NVM_CD_FLAGS" value="" />
    <property name="jshint.executable" value="/home/travis/node_modules/jshint/bin/jshint" />
    <property name="java.vendor" value="Oracle Corporation" />
    <property name="env.JRUBY_OPTS" value=" --client -J-XX:+TieredCompilation -J-XX:TieredStopAtLevel=1 -J-Xss2m -Xcompile.invokedynamic=false" />
    <property name="env.TRAVIS_PRE_CHEF_BOOTSTRAP_TIME" value="2017-12-05T19:32:55" />
    <property name="env.TRAVIS_STACK_JOB_BOARD_REGISTER" value="/.job-board-register.yml" />
    <property name="env.ELIXIR_VERSION" value="1.4.5" />
    <property name="env.ANSI_RED" value="\033[31;1m" />
    <property name="java.specification.version" value="1.8" />
    <property name="env.TRAVIS" value="true" />
    <property name="env.IRBRC" value="/home/travis/.rvm/rubies/ruby-2.4.1/.irbrc" />
    <property name="sun.arch.data.model" value="64" />
  </properties>
  <testcase classname="ptolemy.util.test.junit.TclTests" name="[0] /home/travis/build/icyphy/ptII/ptolemy/actor/lib/test/AbsoluteValue.tcl (RunTclFile)" time="0.427" />
  <testcase classname="ptolemy.util.test.junit.TclTests" name="[1] /home/travis/build/icyphy/ptII/ptolemy/actor/lib/test/AddSubtract.tcl (RunTclFile)" time="0.111" />
  <testcase classname="ptolemy.util.test.junit.TclTests" name="[2] /home/travis/build/icyphy/ptII/ptolemy/actor/lib/test/Average.tcl (RunTclFile)" time="0.053" />
  <testcase classname="ptolemy.util.test.junit.TclTests" name="[3] /home/travis/build/icyphy/ptII/ptolemy/actor/lib/test/Bernoulli.tcl (RunTclFile)" time="0.037" />
  <testcase classname="ptolemy.util.test.junit.TclTests" name="[4] /home/travis/build/icyphy/ptII/ptolemy/actor/lib/test/Clock.tcl (RunTclFile)" time="0.083" />
  <testcase classname="ptolemy.util.test.junit.TclTests" name="[5] /home/travis/build/icyphy/ptII/ptolemy/actor/lib/test/Commutator.tcl (RunTclFile)" time="0.076" />
  <testcase classname="ptolemy.util.test.junit.TclTests" name="[6] /home/travis/build/icyphy/ptII/ptolemy/actor/lib/test/Const.tcl (RunTclFile)" time="0.126" />
  <testcase classname="ptolemy.util.test.junit.TclTests" name="[7] /home/travis/build/icyphy/ptII/ptolemy/actor/lib/test/CurrentTime.tcl (RunTclFile)" time="0.04" />
  <testcase classname="ptolemy.util.test.junit.TclTests" name="[8] /home/travis/build/icyphy/ptII/ptolemy/actor/lib/test/DB.tcl (RunTclFile)" time="0.034" />
  <testcase classname="ptolemy.util.test.junit.TclTests" name="[9] /home/travis/build/icyphy/ptII/ptolemy/actor/lib/test/DiscreteRandomSource.tcl (RunTclFile)" time="0.056" />
  <testcase classname="ptolemy.util.test.junit.TclTests" name="[10] /home/travis/build/icyphy/ptII/ptolemy/actor/lib/test/Distributor.tcl (RunTclFile)" time="0.054" />
  <testcase classname="ptolemy.util.test.junit.TclTests" name="[11] /home/travis/build/icyphy/ptII/ptolemy/actor/lib/test/Exit.tcl (RunTclFile)" time="0.044" />
  <testcase classname="ptolemy.util.test.junit.TclTests" name="[12] /home/travis/build/icyphy/ptII/ptolemy/actor/lib/test/Expression.tcl (RunTclFile)" time="0.06" />
  <testcase classname="ptolemy.util.test.junit.TclTests" name="[13] /home/travis/build/icyphy/ptII/ptolemy/actor/lib/test/Gaussian.tcl (RunTclFile)" time="0.576" />
  <testcase classname="ptolemy.util.test.junit.TclTests" name="[14] /home/travis/build/icyphy/ptII/ptolemy/actor/lib/test/IIR.tcl (RunTclFile)" time="0.044" />
  <testcase classname="ptolemy.util.test.junit.TclTests" name="[15] /home/travis/build/icyphy/ptII/ptolemy/actor/lib/test/Interpolator.tcl (RunTclFile)" time="0.073" />
  <testcase classname="ptolemy.util.test.junit.TclTests" name="[16] /home/travis/build/icyphy/ptII/ptolemy/actor/lib/test/MathFunction.tcl (RunTclFile)" time="0.039" />
  <testcase classname="ptolemy.util.test.junit.TclTests" name="[17] /home/travis/build/icyphy/ptII/ptolemy/actor/lib/test/Maximum.tcl (RunTclFile)" time="0.022" />
  <testcase classname="ptolemy.util.test.junit.TclTests" name="[18] /home/travis/build/icyphy/ptII/ptolemy/actor/lib/test/Minimum.tcl (RunTclFile)" time="0.028" />
  <testcase classname="ptolemy.util.test.junit.TclTests" name="[19] /home/travis/build/icyphy/ptII/ptolemy/actor/lib/test/MultiplyDivide.tcl (RunTclFile)" time="0.045" />
  <testcase classname="ptolemy.util.test.junit.TclTests" name="[20] /home/travis/build/icyphy/ptII/ptolemy/actor/lib/test/OrderedMerge.tcl (RunTclFile)" time="0.065" />
  <testcase classname="ptolemy.util.test.junit.TclTests" name="[21] /home/travis/build/icyphy/ptII/ptolemy/actor/lib/test/Publisher.tcl (RunTclFile)" time="0.745" />
  <testcase classname="ptolemy.util.test.junit.TclTests" name="[22] /home/travis/build/icyphy/ptII/ptolemy/actor/lib/test/Pulse.tcl (RunTclFile)" time="0.026" />
  <testcase classname="ptolemy.util.test.junit.TclTests" name="[23] /home/travis/build/icyphy/ptII/ptolemy/actor/lib/test/Ramp.tcl (RunTclFile)" time="1.817" />
  <testcase classname="ptolemy.util.test.junit.TclTests" name="[24] /home/travis/build/icyphy/ptII/ptolemy/actor/lib/test/RampContinuous.tcl (RunTclFile)" time="0.016" />
  <testcase classname="ptolemy.util.test.junit.TclTests" name="[25] /home/travis/build/icyphy/ptII/ptolemy/actor/lib/test/RecordAssembler.tcl (RunTclFile)" time="0.02" />
  <testcase classname="ptolemy.util.test.junit.TclTests" name="[26] /home/travis/build/icyphy/ptII/ptolemy/actor/lib/test/RecordDisassembler.tcl (RunTclFile)" time="0.022" />
  <testcase classname="ptolemy.util.test.junit.TclTests" name="[27] /home/travis/build/icyphy/ptII/ptolemy/actor/lib/test/Scale.tcl (RunTclFile)" time="0.024" />
  <testcase classname="ptolemy.util.test.junit.TclTests" name="[28] /home/travis/build/icyphy/ptII/ptolemy/actor/lib/test/SequentialClock.tcl (RunTclFile)" time="0.024" />
  <testcase classname="ptolemy.util.test.junit.TclTests" name="[29] /home/travis/build/icyphy/ptII/ptolemy/actor/lib/test/SetVariable.tcl (RunTclFile)" time="0.022" />
  <testcase classname="ptolemy.util.test.junit.TclTests" name="[30] /home/travis/build/icyphy/ptII/ptolemy/actor/lib/test/Sinewave.tcl (RunTclFile)" time="0.024" />
  <testcase classname="ptolemy.util.test.junit.TclTests" name="[31] /home/travis/build/icyphy/ptII/ptolemy/actor/lib/test/SubscriptionAggregator.tcl (RunTclFile)" time="1.873" />
  <testcase classname="ptolemy.util.test.junit.TclTests" name="[32] /home/travis/build/icyphy/ptII/ptolemy/actor/lib/test/Test.tcl (RunTclFile)" time="0.088" />
  <testcase classname="ptolemy.util.test.junit.TclTests" name="[33] /home/travis/build/icyphy/ptII/ptolemy/actor/lib/test/TestExceptionHandler.tcl (RunTclFile)" time="0.009" />
  <testcase classname="ptolemy.util.test.junit.TclTests" name="[34] /home/travis/build/icyphy/ptII/ptolemy/actor/lib/test/UnionDisassembler.tcl (RunTclFile)" time="0.039" />
  <testcase classname="ptolemy.util.test.junit.TclTests" name="[35] /home/travis/build/icyphy/ptII/ptolemy/actor/lib/test/VariableClock.tcl (RunTclFile)" time="0.014" />
  <testcase classname="ptolemy.util.test.junit.AutoKnownFailedTests" name="[0] /home/travis/build/icyphy/ptII/ptolemy/actor/lib/test/auto/knownFailedTests/PublisherPortToplevelSubscriber.xml (RunModel)" time="0.023" />
  <testcase classname="ptolemy.util.test.junit.AutoKnownFailedTests" name="[1] /home/travis/build/icyphy/ptII/ptolemy/actor/lib/test/auto/knownFailedTests/PublisherSubscriberPortToplevel.xml (RunModel)" time="0.02" />
  <testcase classname="ptolemy.util.test.junit.AutoKnownFailedTests" name="[2] /home/travis/build/icyphy/ptII/ptolemy/actor/lib/test/auto/knownFailedTests/PublisherSubscriptionAggregatorPort.xml (RunModel)" time="0.019" />
  <testcase classname="ptolemy.util.test.junit.AutoKnownFailedTests" name="[3] /home/travis/build/icyphy/ptII/ptolemy/actor/lib/test/auto/knownFailedTests/sizedarray3.xml (RunModel)" time="0.023" />
  <testcase classname="ptolemy.util.test.junit.AutoNameArchTests" name="[0] ThereAreNoAutoArchTests (RunModel)" time="0.001" />
  <testcase classname="ptolemy.util.test.junit.AutoTests" name="[0] /home/travis/build/icyphy/ptII/ptolemy/actor/lib/test/auto/AbsoluteValue.xml (RunModel)" time="0.134" />
  <testcase classname="ptolemy.util.test.junit.AutoTests" name="[1] /home/travis/build/icyphy/ptII/ptolemy/actor/lib/test/auto/AbsoluteValue2.xml (RunModel)" time="0.038" />
  <testcase classname="ptolemy.util.test.junit.AutoTests" name="[2] /home/travis/build/icyphy/ptII/ptolemy/actor/lib/test/auto/Accumulator.xml (RunModel)" time="0.033" />
  <testcase classname="ptolemy.util.test.junit.AutoTests" name="[3] /home/travis/build/icyphy/ptII/ptolemy/actor/lib/test/auto/Accumulator2.xml (RunModel)" time="0.017" />
  <testcase classname="ptolemy.util.test.junit.AutoTests" name="[4] /home/travis/build/icyphy/ptII/ptolemy/actor/lib/test/auto/Accumulator3.xml (RunModel)" time="0.022" />
  <testcase classname="ptolemy.util.test.junit.AutoTests" name="[5] /home/travis/build/icyphy/ptII/ptolemy/actor/lib/test/auto/ArrayAppend.xml (RunModel)" time="0.07" />
  <testcase classname="ptolemy.util.test.junit.AutoTests" name="[6] /home/travis/build/icyphy/ptII/ptolemy/actor/lib/test/auto/ArrayAppend2.xml (RunModel)" time="0.499" />
  <testcase classname="ptolemy.util.test.junit.AutoTests" name="[7] /home/travis/build/icyphy/ptII/ptolemy/actor/lib/test/auto/ArrayAppend3.xml (RunModel)" time="0.03" />
  <testcase classname="ptolemy.util.test.junit.AutoTests" name="[8] /home/travis/build/icyphy/ptII/ptolemy/actor/lib/test/auto/ArrayAppend4.xml (RunModel)" time="0.032" />
  <testcase classname="ptolemy.util.test.junit.AutoTests" name="[9] /home/travis/build/icyphy/ptII/ptolemy/actor/lib/test/auto/ArrayAppend5.xml (RunModel)" time="0.021" />
  <testcase classname="ptolemy.util.test.junit.AutoTests" name="[10] /home/travis/build/icyphy/ptII/ptolemy/actor/lib/test/auto/ArrayAppend6.xml (RunModel)" time="0.025" />
  <testcase classname="ptolemy.util.test.junit.AutoTests" name="[11] /home/travis/build/icyphy/ptII/ptolemy/actor/lib/test/auto/ArrayAppendPerformanceTest.xml (RunModel)" time="0.048" />
  <testcase classname="ptolemy.util.test.junit.AutoTests" name="[12] /home/travis/build/icyphy/ptII/ptolemy/actor/lib/test/auto/ArrayAppendWithEmptyInput.xml (RunModel)" time="0.051" />
  <testcase classname="ptolemy.util.test.junit.AutoTests" name="[13] /home/travis/build/icyphy/ptII/ptolemy/actor/lib/test/auto/ArrayAverage.xml (RunModel)" time="0.071" />
  <testcase classname="ptolemy.util.test.junit.AutoTests" name="[14] /home/travis/build/icyphy/ptII/ptolemy/actor/lib/test/auto/ArrayContains.xml (RunModel)" time="0.025" />
  <testcase classname="ptolemy.util.test.junit.AutoTests" name="[15] /home/travis/build/icyphy/ptII/ptolemy/actor/lib/test/auto/ArrayElement.xml (RunModel)" time="0.024" />
  <testcase classname="ptolemy.util.test.junit.AutoTests" name="[16] /home/travis/build/icyphy/ptII/ptolemy/actor/lib/test/auto/ArrayElementAsMatrix.xml (RunModel)" time="0.036" />
  <testcase classname="ptolemy.util.test.junit.AutoTests" name="[17] /home/travis/build/icyphy/ptII/ptolemy/actor/lib/test/auto/ArrayElementI.xml (RunModel)" time="0.019" />
  <testcase classname="ptolemy.util.test.junit.AutoTests" name="[18] /home/travis/build/icyphy/ptII/ptolemy/actor/lib/test/auto/ArrayExtract.xml (RunModel)" time="0.024" />
  <testcase classname="ptolemy.util.test.junit.AutoTests" name="[19] /home/travis/build/icyphy/ptII/ptolemy/actor/lib/test/auto/ArrayExtract2.xml (RunModel)" time="0.016" />
  <testcase classname="ptolemy.util.test.junit.AutoTests" name="[20] /home/travis/build/icyphy/ptII/ptolemy/actor/lib/test/auto/ArrayLength.xml (RunModel)" time="0.019" />
  <testcase classname="ptolemy.util.test.junit.AutoTests" name="[21] /home/travis/build/icyphy/ptII/ptolemy/actor/lib/test/auto/ArrayLevelCrossing.xml (RunModel)" time="0.028" />
  <testcase classname="ptolemy.util.test.junit.AutoTests" name="[22] /home/travis/build/icyphy/ptII/ptolemy/actor/lib/test/auto/ArrayLevelCrossing2.xml (RunModel)" time="0.021" />
  <testcase classname="ptolemy.util.test.junit.AutoTests" name="[23] /home/travis/build/icyphy/ptII/ptolemy/actor/lib/test/auto/ArrayPeakSearch.xml (RunModel)" time="0.043" />
  <testcase classname="ptolemy.util.test.junit.AutoTests" name="[24] /home/travis/build/icyphy/ptII/ptolemy/actor/lib/test/auto/ArrayPeakSearch2.xml (RunModel)" time="0.027" />
  <testcase classname="ptolemy.util.test.junit.AutoTests" name="[25] /home/travis/build/icyphy/ptII/ptolemy/actor/lib/test/auto/ArrayPeakSearch3.xml (RunModel)" time="0.029" />
  <testcase classname="ptolemy.util.test.junit.AutoTests" name="[26] /home/travis/build/icyphy/ptII/ptolemy/actor/lib/test/auto/ArrayRemoveElement.xml (RunModel)" time="0.025" />
  <testcase classname="ptolemy.util.test.junit.AutoTests" name="[27] /home/travis/build/icyphy/ptII/ptolemy/actor/lib/test/auto/ArraySort.xml (RunModel)" time="0.037" />
  <testcase classname="ptolemy.util.test.junit.AutoTests" name="[28] /home/travis/build/icyphy/ptII/ptolemy/actor/lib/test/auto/ArraySum.xml (RunModel)" time="0.02" />
  <testcase classname="ptolemy.util.test.junit.AutoTests" name="[29] /home/travis/build/icyphy/ptII/ptolemy/actor/lib/test/auto/ArrayToElements.xml (RunModel)" time="0.026" />
  <testcase classname="ptolemy.util.test.junit.AutoTests" name="[30] /home/travis/build/icyphy/ptII/ptolemy/actor/lib/test/auto/ArrayToMatrix.xml (RunModel)" time="0.06" />
  <testcase classname="ptolemy.util.test.junit.AutoTests" name="[31] /home/travis/build/icyphy/ptII/ptolemy/actor/lib/test/auto/ArrayUpdate1.xml (RunModel)" time="0.023" />
  <testcase classname="ptolemy.util.test.junit.AutoTests" name="[32] /home/travis/build/icyphy/ptII/ptolemy/actor/lib/test/auto/ArrayUpdate2.xml (RunModel)" time="0.022" />
  <testcase classname="ptolemy.util.test.junit.AutoTests" name="[33] /home/travis/build/icyphy/ptII/ptolemy/actor/lib/test/auto/ArrayUpdate3.xml (RunModel)" time="0.016" />
  <testcase classname="ptolemy.util.test.junit.AutoTests" name="[34] /home/travis/build/icyphy/ptII/ptolemy/actor/lib/test/auto/Assert1.xml (RunModel)" time="0.097" />
  <testcase classname="ptolemy.util.test.junit.AutoTests" name="[35] /home/travis/build/icyphy/ptII/ptolemy/actor/lib/test/auto/Assert2.xml (RunModel)" time="0.018" />
  <testcase classname="ptolemy.util.test.junit.AutoTests" name="[36] /home/travis/build/icyphy/ptII/ptolemy/actor/lib/test/auto/BooleanMultiplexor.xml (RunModel)" time="0.013" />
  <testcase classname="ptolemy.util.test.junit.AutoTests" name="[37] /home/travis/build/icyphy/ptII/ptolemy/actor/lib/test/auto/BooleanMultiplexor2.xml (RunModel)" time="0.015" />
  <testcase classname="ptolemy.util.test.junit.AutoTests" name="[38] /home/travis/build/icyphy/ptII/ptolemy/actor/lib/test/auto/BooleanMultiplexor3.xml (RunModel)" time="0.027" />
  <testcase classname="ptolemy.util.test.junit.AutoTests" name="[39] /home/travis/build/icyphy/ptII/ptolemy/actor/lib/test/auto/BooleanSelect.xml (RunModel)" time="0.019" />
  <testcase classname="ptolemy.util.test.junit.AutoTests" name="[40] /home/travis/build/icyphy/ptII/ptolemy/actor/lib/test/auto/BooleanSelect2.xml (RunModel)" time="0.012" />
  <testcase classname="ptolemy.util.test.junit.AutoTests" name="[41] /home/travis/build/icyphy/ptII/ptolemy/actor/lib/test/auto/BooleanSwitch.xml (RunModel)" time="0.016" />
  <testcase classname="ptolemy.util.test.junit.AutoTests" name="[42] /home/travis/build/icyphy/ptII/ptolemy/actor/lib/test/auto/BooleanSwitch2.xml (RunModel)" time="0.013" />
  <testcase classname="ptolemy.util.test.junit.AutoTests" name="[43] /home/travis/build/icyphy/ptII/ptolemy/actor/lib/test/auto/BooleanSwitchCloningBugWithClassRelationGroup.xml (RunModel)" time="0.028" />
  <testcase classname="ptolemy.util.test.junit.AutoTests" name="[44] /home/travis/build/icyphy/ptII/ptolemy/actor/lib/test/auto/BusActors.xml (RunModel)" time="0.035" />
  <testcase classname="ptolemy.util.test.junit.AutoTests" name="[45] /home/travis/build/icyphy/ptII/ptolemy/actor/lib/test/auto/ClassWrapper.xml (RunModel)" time="0.009" />
  <testcase classname="ptolemy.util.test.junit.AutoTests" name="[46] /home/travis/build/icyphy/ptII/ptolemy/actor/lib/test/auto/Clock.xml (RunModel)" time="0.011" />
  <testcase classname="ptolemy.util.test.junit.AutoTests" name="[47] /home/travis/build/icyphy/ptII/ptolemy/actor/lib/test/auto/Clock10.xml (RunModel)" time="0.034" />
  <testcase classname="ptolemy.util.test.junit.AutoTests" name="[48] /home/travis/build/icyphy/ptII/ptolemy/actor/lib/test/auto/Clock11.xml (RunModel)" time="0.012" />
  <testcase classname="ptolemy.util.test.junit.AutoTests" name="[49] /home/travis/build/icyphy/ptII/ptolemy/actor/lib/test/auto/Clock12.xml (RunModel)" time="0.011" />
  <testcase classname="ptolemy.util.test.junit.AutoTests" name="[50] /home/travis/build/icyphy/ptII/ptolemy/actor/lib/test/auto/Clock13.xml (RunModel)" time="0.011" />
  <testcase classname="ptolemy.util.test.junit.AutoTests" name="[51] /home/travis/build/icyphy/ptII/ptolemy/actor/lib/test/auto/Clock14.xml (RunModel)" time="0.013" />
  <testcase classname="ptolemy.util.test.junit.AutoTests" name="[52] /home/travis/build/icyphy/ptII/ptolemy/actor/lib/test/auto/Clock15.xml (RunModel)" time="0.012" />
  <testcase classname="ptolemy.util.test.junit.AutoTests" name="[53] /home/travis/build/icyphy/ptII/ptolemy/actor/lib/test/auto/Clock16.xml (RunModel)" time="0.07" />
  <testcase classname="ptolemy.util.test.junit.AutoTests" name="[54] /home/travis/build/icyphy/ptII/ptolemy/actor/lib/test/auto/Clock17.xml (RunModel)" time="0.067" />
  <testcase classname="ptolemy.util.test.junit.AutoTests" name="[55] /home/travis/build/icyphy/ptII/ptolemy/actor/lib/test/auto/Clock18.xml (RunModel)" time="0.043" />
  <testcase classname="ptolemy.util.test.junit.AutoTests" name="[56] /home/travis/build/icyphy/ptII/ptolemy/actor/lib/test/auto/Clock19.xml (RunModel)" time="0.034" />
  <testcase classname="ptolemy.util.test.junit.AutoTests" name="[57] /home/travis/build/icyphy/ptII/ptolemy/actor/lib/test/auto/Clock2.xml (RunModel)" time="0.015" />
  <testcase classname="ptolemy.util.test.junit.AutoTests" name="[58] /home/travis/build/icyphy/ptII/ptolemy/actor/lib/test/auto/Clock20.xml (RunModel)" time="0.016" />
  <testcase classname="ptolemy.util.test.junit.AutoTests" name="[59] /home/travis/build/icyphy/ptII/ptolemy/actor/lib/test/auto/Clock21.xml (RunModel)" time="0.014" />
  <testcase classname="ptolemy.util.test.junit.AutoTests" name="[60] /home/travis/build/icyphy/ptII/ptolemy/actor/lib/test/auto/Clock22.xml (RunModel)" time="0.015" />
  <testcase classname="ptolemy.util.test.junit.AutoTests" name="[61] /home/travis/build/icyphy/ptII/ptolemy/actor/lib/test/auto/Clock23.xml (RunModel)" time="0.015" />
  <testcase classname="ptolemy.util.test.junit.AutoTests" name="[62] /home/travis/build/icyphy/ptII/ptolemy/actor/lib/test/auto/Clock24.xml (RunModel)" time="0.012" />
  <testcase classname="ptolemy.util.test.junit.AutoTests" name="[63] /home/travis/build/icyphy/ptII/ptolemy/actor/lib/test/auto/Clock4.xml (RunModel)" time="0.016" />
  <testcase classname="ptolemy.util.test.junit.AutoTests" name="[64] /home/travis/build/icyphy/ptII/ptolemy/actor/lib/test/auto/Clock5.xml (RunModel)" time="0.009" />
  <testcase classname="ptolemy.util.test.junit.AutoTests" name="[65] /home/travis/build/icyphy/ptII/ptolemy/actor/lib/test/auto/Clock6.xml (RunModel)" time="0.006" />
  <testcase classname="ptolemy.util.test.junit.AutoTests" name="[66] /home/travis/build/icyphy/ptII/ptolemy/actor/lib/test/auto/Clock7.xml (RunModel)" time="0.008" />
  <testcase classname="ptolemy.util.test.junit.AutoTests" name="[67] /home/travis/build/icyphy/ptII/ptolemy/actor/lib/test/auto/Clock8.xml (RunModel)" time="0.012" />
  <testcase classname="ptolemy.util.test.junit.AutoTests" name="[68] /home/travis/build/icyphy/ptII/ptolemy/actor/lib/test/auto/Clock9.xml (RunModel)" time="0.011" />
  <testcase classname="ptolemy.util.test.junit.AutoTests" name="[69] /home/travis/build/icyphy/ptII/ptolemy/actor/lib/test/auto/CommDistDiscard.xml (RunModel)" time="0.019" />
  <testcase classname="ptolemy.util.test.junit.AutoTests" name="[70] /home/travis/build/icyphy/ptII/ptolemy/actor/lib/test/auto/Commutator.xml (RunModel)" time="0.014" />
  <testcase classname="ptolemy.util.test.junit.AutoTests" name="[71] /home/travis/build/icyphy/ptII/ptolemy/actor/lib/test/auto/Commutator2.xml (RunModel)" time="0.01" />
  <testcase classname="ptolemy.util.test.junit.AutoTests" name="[72] /home/travis/build/icyphy/ptII/ptolemy/actor/lib/test/auto/Commutator3.xml (RunModel)" time="0.011" />
  <testcase classname="ptolemy.util.test.junit.AutoTests" name="[73] /home/travis/build/icyphy/ptII/ptolemy/actor/lib/test/auto/Compare.xml (RunModel)" time="0.018" />
  <testcase classname="ptolemy.util.test.junit.AutoTests" name="[74] /home/travis/build/icyphy/ptII/ptolemy/actor/lib/test/auto/CompareDE.xml (RunModel)" time="0.018" />
  <testcase classname="ptolemy.util.test.junit.AutoTests" name="[75] /home/travis/build/icyphy/ptII/ptolemy/actor/lib/test/auto/ComplexDivide.xml (RunModel)" time="0.01" />
  <testcase classname="ptolemy.util.test.junit.AutoTests" name="[76] /home/travis/build/icyphy/ptII/ptolemy/actor/lib/test/auto/ComputeHistogram.xml (RunModel)" time="0.073" />
  <testcase classname="ptolemy.util.test.junit.AutoTests" name="[77] /home/travis/build/icyphy/ptII/ptolemy/actor/lib/test/auto/ConfigurationSelect.xml (RunModel)" time="0.019" />
  <testcase classname="ptolemy.util.test.junit.AutoTests" name="[78] /home/travis/build/icyphy/ptII/ptolemy/actor/lib/test/auto/ConfigurationSelect2.xml (RunModel)" time="0.01" />
  <testcase classname="ptolemy.util.test.junit.AutoTests" name="[79] /home/travis/build/icyphy/ptII/ptolemy/actor/lib/test/auto/ConfigurationSwitch.xml (RunModel)" time="0.011" />
  <testcase classname="ptolemy.util.test.junit.AutoTests" name="[80] /home/travis/build/icyphy/ptII/ptolemy/actor/lib/test/auto/ConfigurationSwitch2.xml (RunModel)" time="0.01" />
  <testcase classname="ptolemy.util.test.junit.AutoTests" name="[81] /home/travis/build/icyphy/ptII/ptolemy/actor/lib/test/auto/ConfigurationSwitchCloningBugWithClassRelationGroup.xml (RunModel)" time="0.014" />
  <testcase classname="ptolemy.util.test.junit.AutoTests" name="[82] /home/travis/build/icyphy/ptII/ptolemy/actor/lib/test/auto/ConfigurationSwitchSelectSDF.xml (RunModel)" time="0.012" />
  <testcase classname="ptolemy.util.test.junit.AutoTests" name="[83] /home/travis/build/icyphy/ptII/ptolemy/actor/lib/test/auto/ConfigurationSwitchSelectSDF2.xml (RunModel)" time="0.012" />
  <testcase classname="ptolemy.util.test.junit.AutoTests" name="[84] /home/travis/build/icyphy/ptII/ptolemy/actor/lib/test/auto/Const.xml (RunModel)" time="0.007" />
  <testcase classname="ptolemy.util.test.junit.AutoTests" name="[85] /home/travis/build/icyphy/ptII/ptolemy/actor/lib/test/auto/Const2.xml (RunModel)" time="0.009" />
  <testcase classname="ptolemy.util.test.junit.AutoTests" name="[86] /home/travis/build/icyphy/ptII/ptolemy/actor/lib/test/auto/Const3.xml (RunModel)" time="0.006" />
  <testcase classname="ptolemy.util.test.junit.AutoTests" name="[87] /home/travis/build/icyphy/ptII/ptolemy/actor/lib/test/auto/ConstantPublisherPort1.xml (RunModel)" time="0.019" />
  <testcase classname="ptolemy.util.test.junit.AutoTests" name="[88] /home/travis/build/icyphy/ptII/ptolemy/actor/lib/test/auto/ConstantPublisherPort2.xml (RunModel)" time="0.015" />
  <testcase classname="ptolemy.util.test.junit.AutoTests" name="[89] /home/travis/build/icyphy/ptII/ptolemy/actor/lib/test/auto/ConstantPublisherPort3.xml (RunModel)" time="0.015" />
  <testcase classname="ptolemy.util.test.junit.AutoTests" name="[90] /home/travis/build/icyphy/ptII/ptolemy/actor/lib/test/auto/ConstantPublisherPort4.xml (RunModel)" time="0.014" />
  <testcase classname="ptolemy.util.test.junit.AutoTests" name="[91] /home/travis/build/icyphy/ptII/ptolemy/actor/lib/test/auto/ConstantPublisherPort5.xml (RunModel)" time="0.031" />
  <testcase classname="ptolemy.util.test.junit.AutoTests" name="[92] /home/travis/build/icyphy/ptII/ptolemy/actor/lib/test/auto/ConstantPublisherPort6.xml (RunModel)" time="0.057" />
  <testcase classname="ptolemy.util.test.junit.AutoTests" name="[93] /home/travis/build/icyphy/ptII/ptolemy/actor/lib/test/auto/ConstantPublisherPort7.xml (RunModel)" time="0.026" />
  <testcase classname="ptolemy.util.test.junit.AutoTests" name="[94] /home/travis/build/icyphy/ptII/ptolemy/actor/lib/test/auto/ConstraintMonitor1.xml (RunModel)" time="0.027" />
  <testcase classname="ptolemy.util.test.junit.AutoTests" name="[95] /home/travis/build/icyphy/ptII/ptolemy/actor/lib/test/auto/ConstraintMonitor2.xml (RunModel)" time="0.007" />
  <testcase classname="ptolemy.util.test.junit.AutoTests" name="[96] /home/travis/build/icyphy/ptII/ptolemy/actor/lib/test/auto/ConstraintMonitor3.xml (RunModel)" time="0.014" />
  <testcase classname="ptolemy.util.test.junit.AutoTests" name="[97] /home/travis/build/icyphy/ptII/ptolemy/actor/lib/test/auto/ConstraintMonitor4.xml (RunModel)" time="0.008" />
  <testcase classname="ptolemy.util.test.junit.AutoTests" name="[98] /home/travis/build/icyphy/ptII/ptolemy/actor/lib/test/auto/ConstraintMonitor5.xml (RunModel)" time="0.013" />
  <testcase classname="ptolemy.util.test.junit.AutoTests" name="[99] /home/travis/build/icyphy/ptII/ptolemy/actor/lib/test/auto/ConstraintMonitor6.xml (RunModel)" time="0.01" />
  <testcase classname="ptolemy.util.test.junit.AutoTests" name="[100] /home/travis/build/icyphy/ptII/ptolemy/actor/lib/test/auto/ConstraintMonitor7.xml (RunModel)" time="0.017" />
  <testcase classname="ptolemy.util.test.junit.AutoTests" name="[101] /home/travis/build/icyphy/ptII/ptolemy/actor/lib/test/auto/ConstraintMonitor8.xml (RunModel)" time="0.018" />
  <testcase classname="ptolemy.util.test.junit.AutoTests" name="[102] /home/travis/build/icyphy/ptII/ptolemy/actor/lib/test/auto/Counter.xml (RunModel)" time="0.011" />
  <testcase classname="ptolemy.util.test.junit.AutoTests" name="[103] /home/travis/build/icyphy/ptII/ptolemy/actor/lib/test/auto/CurrentTimeSDF.xml (RunModel)" time="0.008" />
  <testcase classname="ptolemy.util.test.junit.AutoTests" name="[104] /home/travis/build/icyphy/ptII/ptolemy/actor/lib/test/auto/DB.xml (RunModel)" time="0.012" />
  <testcase classname="ptolemy.util.test.junit.AutoTests" name="[105] /home/travis/build/icyphy/ptII/ptolemy/actor/lib/test/auto/DBDE.xml (RunModel)" time="0.011" />
  <testcase classname="ptolemy.util.test.junit.AutoTests" name="[106] /home/travis/build/icyphy/ptII/ptolemy/actor/lib/test/auto/DateConstructor.xml (RunModel)" time="0.05" />
  <testcase classname="ptolemy.util.test.junit.AutoTests" name="[107] /home/travis/build/icyphy/ptII/ptolemy/actor/lib/test/auto/DelayTime.xml (RunModel)" time="0.011" />
  <testcase classname="ptolemy.util.test.junit.AutoTests" name="[108] /home/travis/build/icyphy/ptII/ptolemy/actor/lib/test/auto/Dictionary1.xml (RunModel)" time="0.012" />
  <testcase classname="ptolemy.util.test.junit.AutoTests" name="[109] /home/travis/build/icyphy/ptII/ptolemy/actor/lib/test/auto/Dictionary2.xml (RunModel)" time="0.01" />
  <testcase classname="ptolemy.util.test.junit.AutoTests" name="[110] /home/travis/build/icyphy/ptII/ptolemy/actor/lib/test/auto/Dictionary3.xml (RunModel)" time="0.009" />
  <testcase classname="ptolemy.util.test.junit.AutoTests" name="[111] /home/travis/build/icyphy/ptII/ptolemy/actor/lib/test/auto/Dictionary4.xml (RunModel)" time="0.013" />
  <testcase classname="ptolemy.util.test.junit.AutoTests" name="[112] /home/travis/build/icyphy/ptII/ptolemy/actor/lib/test/auto/Differential.xml (RunModel)" time="0.008" />
  <testcase classname="ptolemy.util.test.junit.AutoTests" name="[113] /home/travis/build/icyphy/ptII/ptolemy/actor/lib/test/auto/Director.xml (RunModel)" time="0.008" />
  <testcase classname="ptolemy.util.test.junit.AutoTests" name="[114] /home/travis/build/icyphy/ptII/ptolemy/actor/lib/test/auto/DiscreteClock.xml (RunModel)" time="0.006" />
  <testcase classname="ptolemy.util.test.junit.AutoTests" name="[115] /home/travis/build/icyphy/ptII/ptolemy/actor/lib/test/auto/DiscreteClock10.xml (RunModel)" time="0.01" />
  <testcase classname="ptolemy.util.test.junit.AutoTests" name="[116] /home/travis/build/icyphy/ptII/ptolemy/actor/lib/test/auto/DiscreteClock11.xml (RunModel)" time="0.01" />
  <testcase classname="ptolemy.util.test.junit.AutoTests" name="[117] /home/travis/build/icyphy/ptII/ptolemy/actor/lib/test/auto/DiscreteClock12.xml (RunModel)" time="0.012" />
  <testcase classname="ptolemy.util.test.junit.AutoTests" name="[118] /home/travis/build/icyphy/ptII/ptolemy/actor/lib/test/auto/DiscreteClock13.xml (RunModel)" time="0.014" />
  <testcase classname="ptolemy.util.test.junit.AutoTests" name="[119] /home/travis/build/icyphy/ptII/ptolemy/actor/lib/test/auto/DiscreteClock14.xml (RunModel)" time="0.013" />
  <testcase classname="ptolemy.util.test.junit.AutoTests" name="[120] /home/travis/build/icyphy/ptII/ptolemy/actor/lib/test/auto/DiscreteClock15.xml (RunModel)" time="0.014" />
  <testcase classname="ptolemy.util.test.junit.AutoTests" name="[121] /home/travis/build/icyphy/ptII/ptolemy/actor/lib/test/auto/DiscreteClock16.xml (RunModel)" time="0.033" />
  <testcase classname="ptolemy.util.test.junit.AutoTests" name="[122] /home/travis/build/icyphy/ptII/ptolemy/actor/lib/test/auto/DiscreteClock17.xml (RunModel)" time="0.036" />
  <testcase classname="ptolemy.util.test.junit.AutoTests" name="[123] /home/travis/build/icyphy/ptII/ptolemy/actor/lib/test/auto/DiscreteClock18.xml (RunModel)" time="0.031" />
  <testcase classname="ptolemy.util.test.junit.AutoTests" name="[124] /home/travis/build/icyphy/ptII/ptolemy/actor/lib/test/auto/DiscreteClock19.xml (RunModel)" time="0.044" />
  <testcase classname="ptolemy.util.test.junit.AutoTests" name="[125] /home/travis/build/icyphy/ptII/ptolemy/actor/lib/test/auto/DiscreteClock2.xml (RunModel)" time="0.011" />
  <testcase classname="ptolemy.util.test.junit.AutoTests" name="[126] /home/travis/build/icyphy/ptII/ptolemy/actor/lib/test/auto/DiscreteClock20.xml (RunModel)" time="0.019" />
  <testcase classname="ptolemy.util.test.junit.AutoTests" name="[127] /home/travis/build/icyphy/ptII/ptolemy/actor/lib/test/auto/DiscreteClock21.xml (RunModel)" time="0.017" />
  <testcase classname="ptolemy.util.test.junit.AutoTests" name="[128] /home/travis/build/icyphy/ptII/ptolemy/actor/lib/test/auto/DiscreteClock22.xml (RunModel)" time="0.565" />
  <testcase classname="ptolemy.util.test.junit.AutoTests" name="[129] /home/travis/build/icyphy/ptII/ptolemy/actor/lib/test/auto/DiscreteClock23.xml (RunModel)" time="0.021" />
  <testcase classname="ptolemy.util.test.junit.AutoTests" name="[130] /home/travis/build/icyphy/ptII/ptolemy/actor/lib/test/auto/DiscreteClock24.xml (RunModel)" time="0.017" />
  <testcase classname="ptolemy.util.test.junit.AutoTests" name="[131] /home/travis/build/icyphy/ptII/ptolemy/actor/lib/test/auto/DiscreteClock4.xml (RunModel)" time="0.016" />
  <testcase classname="ptolemy.util.test.junit.AutoTests" name="[132] /home/travis/build/icyphy/ptII/ptolemy/actor/lib/test/auto/DiscreteClock5.xml (RunModel)" time="0.009" />
  <testcase classname="ptolemy.util.test.junit.AutoTests" name="[133] /home/travis/build/icyphy/ptII/ptolemy/actor/lib/test/auto/DiscreteClock6.xml (RunModel)" time="0.009" />
  <testcase classname="ptolemy.util.test.junit.AutoTests" name="[134] /home/travis/build/icyphy/ptII/ptolemy/actor/lib/test/auto/DiscreteClock7.xml (RunModel)" time="0.01" />
  <testcase classname="ptolemy.util.test.junit.AutoTests" name="[135] /home/travis/build/icyphy/ptII/ptolemy/actor/lib/test/auto/DiscreteClock8.xml (RunModel)" time="0.016" />
  <testcase classname="ptolemy.util.test.junit.AutoTests" name="[136] /home/travis/build/icyphy/ptII/ptolemy/actor/lib/test/auto/DiscreteClock9.xml (RunModel)" time="0.009" />
  <testcase classname="ptolemy.util.test.junit.AutoTests" name="[137] /home/travis/build/icyphy/ptII/ptolemy/actor/lib/test/auto/DisplayArray.xml (RunModel)" time="0.008" />
  <testcase classname="ptolemy.util.test.junit.AutoTests" name="[138] /home/travis/build/icyphy/ptII/ptolemy/actor/lib/test/auto/Distributor.xml (RunModel)" time="0.008" />
  <testcase classname="ptolemy.util.test.junit.AutoTests" name="[139] /home/travis/build/icyphy/ptII/ptolemy/actor/lib/test/auto/Distributor2.xml (RunModel)" time="0.008" />
  <testcase classname="ptolemy.util.test.junit.AutoTests" name="[140] /home/travis/build/icyphy/ptII/ptolemy/actor/lib/test/auto/DownSample.xml (RunModel)" time="0.009" />
  <testcase classname="ptolemy.util.test.junit.AutoTests" name="[141] /home/travis/build/icyphy/ptII/ptolemy/actor/lib/test/auto/ElectronicUnitBase1.xml (RunModel)" time="0.055" />
  <testcase classname="ptolemy.util.test.junit.AutoTests" name="[142] /home/travis/build/icyphy/ptII/ptolemy/actor/lib/test/auto/ElementsToArray.xml (RunModel)" time="0.014" />
  <testcase classname="ptolemy.util.test.junit.AutoTests" name="[143] /home/travis/build/icyphy/ptII/ptolemy/actor/lib/test/auto/Equals.xml (RunModel)" time="0.011" />
  <testcase classname="ptolemy.util.test.junit.AutoTests" name="[144] /home/travis/build/icyphy/ptII/ptolemy/actor/lib/test/auto/Exec.xml (RunModel)" time="0.02" />
  <testcase classname="ptolemy.util.test.junit.AutoTests" name="[145] /home/travis/build/icyphy/ptII/ptolemy/actor/lib/test/auto/ExecEnvironment.xml (RunModel)" time="0.034" />
  <testcase classname="ptolemy.util.test.junit.AutoTests" name="[146] /home/travis/build/icyphy/ptII/ptolemy/actor/lib/test/auto/ExecNonZeroReturnOutput.xml (RunModel)" time="0.136" />
  <testcase classname="ptolemy.util.test.junit.AutoTests" name="[147] /home/travis/build/icyphy/ptII/ptolemy/actor/lib/test/auto/ExecRunDemos.xml (RunModel)" time="9.252" />
  <testcase classname="ptolemy.util.test.junit.AutoTests" name="[148] /home/travis/build/icyphy/ptII/ptolemy/actor/lib/test/auto/ExecStop.xml (RunModel)" time="5.038" />
  <testcase classname="ptolemy.util.test.junit.AutoTests" name="[149] /home/travis/build/icyphy/ptII/ptolemy/actor/lib/test/auto/ExecutionTimeSDF.xml (RunModel)" time="6.035" />
  <testcase classname="ptolemy.util.test.junit.AutoTests" name="[150] /home/travis/build/icyphy/ptII/ptolemy/actor/lib/test/auto/Expression1.xml (RunModel)" time="0.013" />
  <testcase classname="ptolemy.util.test.junit.AutoTests" name="[151] /home/travis/build/icyphy/ptII/ptolemy/actor/lib/test/auto/Expression10.xml (RunModel)" time="0.016" />
  <testcase classname="ptolemy.util.test.junit.AutoTests" name="[152] /home/travis/build/icyphy/ptII/ptolemy/actor/lib/test/auto/Expression11.xml (RunModel)" time="0.013" />
  <testcase classname="ptolemy.util.test.junit.AutoTests" name="[153] /home/travis/build/icyphy/ptII/ptolemy/actor/lib/test/auto/Expression12.xml (RunModel)" time="0.015" />
  <testcase classname="ptolemy.util.test.junit.AutoTests" name="[154] /home/travis/build/icyphy/ptII/ptolemy/actor/lib/test/auto/Expression13.xml (RunModel)" time="0.029" />
  <testcase classname="ptolemy.util.test.junit.AutoTests" name="[155] /home/travis/build/icyphy/ptII/ptolemy/actor/lib/test/auto/Expression14.xml (RunModel)" time="0.019" />
  <testcase classname="ptolemy.util.test.junit.AutoTests" name="[156] /home/travis/build/icyphy/ptII/ptolemy/actor/lib/test/auto/Expression15.xml (RunModel)" time="0.009" />
  <testcase classname="ptolemy.util.test.junit.AutoTests" name="[157] /home/travis/build/icyphy/ptII/ptolemy/actor/lib/test/auto/Expression16.xml (RunModel)" time="0.013" />
  <testcase classname="ptolemy.util.test.junit.AutoTests" name="[158] /home/travis/build/icyphy/ptII/ptolemy/actor/lib/test/auto/Expression17.xml (RunModel)" time="0.013" />
  <testcase classname="ptolemy.util.test.junit.AutoTests" name="[159] /home/travis/build/icyphy/ptII/ptolemy/actor/lib/test/auto/Expression18.xml (RunModel)" time="0.015" />
  <testcase classname="ptolemy.util.test.junit.AutoTests" name="[160] /home/travis/build/icyphy/ptII/ptolemy/actor/lib/test/auto/Expression2.xml (RunModel)" time="0.016" />
  <testcase classname="ptolemy.util.test.junit.AutoTests" name="[161] /home/travis/build/icyphy/ptII/ptolemy/actor/lib/test/auto/Expression3.xml (RunModel)" time="0.014" />
  <testcase classname="ptolemy.util.test.junit.AutoTests" name="[162] /home/travis/build/icyphy/ptII/ptolemy/actor/lib/test/auto/Expression4.xml (RunModel)" time="0.022" />
  <testcase classname="ptolemy.util.test.junit.AutoTests" name="[163] /home/travis/build/icyphy/ptII/ptolemy/actor/lib/test/auto/Expression5.xml (RunModel)" time="0.013" />
  <testcase classname="ptolemy.util.test.junit.AutoTests" name="[164] /home/travis/build/icyphy/ptII/ptolemy/actor/lib/test/auto/Expression6.xml (RunModel)" time="0.011" />
  <testcase classname="ptolemy.util.test.junit.AutoTests" name="[165] /home/travis/build/icyphy/ptII/ptolemy/actor/lib/test/auto/Expression7.xml (RunModel)" time="0.013" />
  <testcase classname="ptolemy.util.test.junit.AutoTests" name="[166] /home/travis/build/icyphy/ptII/ptolemy/actor/lib/test/auto/Expression8.xml (RunModel)" time="0.015" />
  <testcase classname="ptolemy.util.test.junit.AutoTests" name="[167] /home/travis/build/icyphy/ptII/ptolemy/actor/lib/test/auto/Expression9.xml (RunModel)" time="0.013" />
  <testcase classname="ptolemy.util.test.junit.AutoTests" name="[168] /home/travis/build/icyphy/ptII/ptolemy/actor/lib/test/auto/ExpressionConcatenateArrayType.xml (RunModel)" time="0.025" />
  <testcase classname="ptolemy.util.test.junit.AutoTests" name="[169] /home/travis/build/icyphy/ptII/ptolemy/actor/lib/test/auto/ExpressionConcatenateArrayType2.xml (RunModel)" time="0.021" />
  <testcase classname="ptolemy.util.test.junit.AutoTests" name="[170] /home/travis/build/icyphy/ptII/ptolemy/actor/lib/test/auto/ExpressionFix.xml (RunModel)" time="0.037" />
  <testcase classname="ptolemy.util.test.junit.AutoTests" name="[171] /home/travis/build/icyphy/ptII/ptolemy/actor/lib/test/auto/ExpressionFix2.xml (RunModel)" time="0.012" />
  <testcase classname="ptolemy.util.test.junit.AutoTests" name="[172] /home/travis/build/icyphy/ptII/ptolemy/actor/lib/test/auto/ExpressionFix3.xml (RunModel)" time="0.013" />
  <testcase classname="ptolemy.util.test.junit.AutoTests" name="[173] /home/travis/build/icyphy/ptII/ptolemy/actor/lib/test/auto/FileWriter1.xml (RunModel)" time="0.009" />
  <testcase classname="ptolemy.util.test.junit.AutoTests" name="[174] /home/travis/build/icyphy/ptII/ptolemy/actor/lib/test/auto/FileWriter2.xml (RunModel)" time="0.009" />
  <testcase classname="ptolemy.util.test.junit.AutoTests" name="[175] /home/travis/build/icyphy/ptII/ptolemy/actor/lib/test/auto/FileWriter3.xml (RunModel)" time="0.01" />
  <testcase classname="ptolemy.util.test.junit.AutoTests" name="[176] /home/travis/build/icyphy/ptII/ptolemy/actor/lib/test/auto/Gaussian.xml (RunModel)" time="0.017" />
  <testcase classname="ptolemy.util.test.junit.AutoTests" name="[177] /home/travis/build/icyphy/ptII/ptolemy/actor/lib/test/auto/Gaussian1.xml (RunModel)" time="0.011" />
  <testcase classname="ptolemy.util.test.junit.AutoTests" name="[178] /home/travis/build/icyphy/ptII/ptolemy/actor/lib/test/auto/Gaussian2.xml (RunModel)" time="0.014" />
  <testcase classname="ptolemy.util.test.junit.AutoTests" name="[179] /home/travis/build/icyphy/ptII/ptolemy/actor/lib/test/auto/GradientAdaptiveLattice.xml (RunModel)" time="0.022" />
  <testcase classname="ptolemy.util.test.junit.AutoTests" name="[180] /home/travis/build/icyphy/ptII/ptolemy/actor/lib/test/auto/IIR.xml (RunModel)" time="0.012" />
  <testcase classname="ptolemy.util.test.junit.AutoTests" name="[181] /home/travis/build/icyphy/ptII/ptolemy/actor/lib/test/auto/InputOutputTransparentPorts.xml (RunModel)" time="0.018" />
  <testcase classname="ptolemy.util.test.junit.AutoTests" name="[182] /home/travis/build/icyphy/ptII/ptolemy/actor/lib/test/auto/Interpolator.xml (RunModel)" time="0.015" />
  <testcase classname="ptolemy.util.test.junit.AutoTests" name="[183] /home/travis/build/icyphy/ptII/ptolemy/actor/lib/test/auto/InterpolatorFiringLimitDE.xml (RunModel)" time="0.014" />
  <testcase classname="ptolemy.util.test.junit.AutoTests" name="[184] /home/travis/build/icyphy/ptII/ptolemy/actor/lib/test/auto/Lattice.xml (RunModel)" time="0.008" />
  <testcase classname="ptolemy.util.test.junit.AutoTests" name="[185] /home/travis/build/icyphy/ptII/ptolemy/actor/lib/test/auto/LazyAOCTestLazy.xml (RunModel)" time="0.021" />
  <testcase classname="ptolemy.util.test.junit.AutoTests" name="[186] /home/travis/build/icyphy/ptII/ptolemy/actor/lib/test/auto/LazyAOCTestNonLazy.xml (RunModel)" time="0.039" />
  <testcase classname="ptolemy.util.test.junit.AutoTests" name="[187] /home/travis/build/icyphy/ptII/ptolemy/actor/lib/test/auto/LazyInnerClass.xml (RunModel)" time="0.066" />
  <testcase classname="ptolemy.util.test.junit.AutoTests" name="[188] /home/travis/build/icyphy/ptII/ptolemy/actor/lib/test/auto/LazyPubSub.xml (RunModel)" time="0.056" />
  <testcase classname="ptolemy.util.test.junit.AutoTests" name="[189] /home/travis/build/icyphy/ptII/ptolemy/actor/lib/test/auto/LazyPubSub2.xml (RunModel)" time="0.043" />
  <testcase classname="ptolemy.util.test.junit.AutoTests" name="[190] /home/travis/build/icyphy/ptII/ptolemy/actor/lib/test/auto/LazyPubSub3.xml (RunModel)" time="0.026" />
  <testcase classname="ptolemy.util.test.junit.AutoTests" name="[191] /home/travis/build/icyphy/ptII/ptolemy/actor/lib/test/auto/LazySubClassModel.xml (RunModel)" time="0.023" />
  <testcase classname="ptolemy.util.test.junit.AutoTests" name="[192] /home/travis/build/icyphy/ptII/ptolemy/actor/lib/test/auto/LevelCrossTest1.xml (RunModel)" time="0.012" />
  <testcase classname="ptolemy.util.test.junit.AutoTests" name="[193] /home/travis/build/icyphy/ptII/ptolemy/actor/lib/test/auto/LevelCrossTest10.xml (RunModel)" time="0.018" />
  <testcase classname="ptolemy.util.test.junit.AutoTests" name="[194] /home/travis/build/icyphy/ptII/ptolemy/actor/lib/test/auto/LevelCrossTest11.xml (RunModel)" time="0.013" />
  <testcase classname="ptolemy.util.test.junit.AutoTests" name="[195] /home/travis/build/icyphy/ptII/ptolemy/actor/lib/test/auto/LevelCrossTest12.xml (RunModel)" time="0.021" />
  <testcase classname="ptolemy.util.test.junit.AutoTests" name="[196] /home/travis/build/icyphy/ptII/ptolemy/actor/lib/test/auto/LevelCrossTest13.xml (RunModel)" time="0.013" />
  <testcase classname="ptolemy.util.test.junit.AutoTests" name="[197] /home/travis/build/icyphy/ptII/ptolemy/actor/lib/test/auto/LevelCrossTest2.xml (RunModel)" time="0.009" />
  <testcase classname="ptolemy.util.test.junit.AutoTests" name="[198] /home/travis/build/icyphy/ptII/ptolemy/actor/lib/test/auto/LevelCrossTest3.xml (RunModel)" time="0.014" />
  <testcase classname="ptolemy.util.test.junit.AutoTests" name="[199] /home/travis/build/icyphy/ptII/ptolemy/actor/lib/test/auto/LevelCrossTest4.xml (RunModel)" time="0.01" />
  <testcase classname="ptolemy.util.test.junit.AutoTests" name="[200] /home/travis/build/icyphy/ptII/ptolemy/actor/lib/test/auto/LevelCrossTest5.xml (RunModel)" time="0.013" />
  <testcase classname="ptolemy.util.test.junit.AutoTests" name="[201] /home/travis/build/icyphy/ptII/ptolemy/actor/lib/test/auto/LevelCrossTest6.xml (RunModel)" time="0.012" />
  <testcase classname="ptolemy.util.test.junit.AutoTests" name="[202] /home/travis/build/icyphy/ptII/ptolemy/actor/lib/test/auto/LevelCrossTest7.xml (RunModel)" time="0.027" />
  <testcase classname="ptolemy.util.test.junit.AutoTests" name="[203] /home/travis/build/icyphy/ptII/ptolemy/actor/lib/test/auto/LevelCrossTest8.xml (RunModel)" time="0.019" />
  <testcase classname="ptolemy.util.test.junit.AutoTests" name="[204] /home/travis/build/icyphy/ptII/ptolemy/actor/lib/test/auto/LevelCrossTest9.xml (RunModel)" time="0.013" />
  <testcase classname="ptolemy.util.test.junit.AutoTests" name="[205] /home/travis/build/icyphy/ptII/ptolemy/actor/lib/test/auto/LevinsonDurbin.xml (RunModel)" time="0.008" />
  <testcase classname="ptolemy.util.test.junit.AutoTests" name="[206] /home/travis/build/icyphy/ptII/ptolemy/actor/lib/test/auto/LevinsonDurbin2.xml (RunModel)" time="0.007" />
  <testcase classname="ptolemy.util.test.junit.AutoTests" name="[207] /home/travis/build/icyphy/ptII/ptolemy/actor/lib/test/auto/LevinsonDurbin3.xml (RunModel)" time="0.007" />
  <testcase classname="ptolemy.util.test.junit.AutoTests" name="[208] /home/travis/build/icyphy/ptII/ptolemy/actor/lib/test/auto/Limiter.xml (RunModel)" time="0.022" />
  <testcase classname="ptolemy.util.test.junit.AutoTests" name="[209] /home/travis/build/icyphy/ptII/ptolemy/actor/lib/test/auto/LinearDifferenceEquationSystem.xml (RunModel)" time="0.021" />
  <testcase classname="ptolemy.util.test.junit.AutoTests" name="[210] /home/travis/build/icyphy/ptII/ptolemy/actor/lib/test/auto/LookupTable.xml (RunModel)" time="0.01" />
  <testcase classname="ptolemy.util.test.junit.AutoTests" name="[211] /home/travis/build/icyphy/ptII/ptolemy/actor/lib/test/auto/MathFunction.xml (RunModel)" time="0.018" />
  <testcase classname="ptolemy.util.test.junit.AutoTests" name="[212] /home/travis/build/icyphy/ptII/ptolemy/actor/lib/test/auto/MathFunction2.xml (RunModel)" time="0.006" />
  <testcase classname="ptolemy.util.test.junit.AutoTests" name="[213] /home/travis/build/icyphy/ptII/ptolemy/actor/lib/test/auto/MathFunction3.xml (RunModel)" time="0.016" />
  <testcase classname="ptolemy.util.test.junit.AutoTests" name="[214] /home/travis/build/icyphy/ptII/ptolemy/actor/lib/test/auto/MatrixCropBoolean.xml (RunModel)" time="0.01" />
  <testcase classname="ptolemy.util.test.junit.AutoTests" name="[215] /home/travis/build/icyphy/ptII/ptolemy/actor/lib/test/auto/MatrixCropComplex.xml (RunModel)" time="0.008" />
  <testcase classname="ptolemy.util.test.junit.AutoTests" name="[216] /home/travis/build/icyphy/ptII/ptolemy/actor/lib/test/auto/MatrixCropDouble.xml (RunModel)" time="0.01" />
  <testcase classname="ptolemy.util.test.junit.AutoTests" name="[217] /home/travis/build/icyphy/ptII/ptolemy/actor/lib/test/auto/MatrixCropFix.xml (RunModel)" time="0.008" />
  <testcase classname="ptolemy.util.test.junit.AutoTests" name="[218] /home/travis/build/icyphy/ptII/ptolemy/actor/lib/test/auto/MatrixCropInt.xml (RunModel)" time="0.008" />
  <testcase classname="ptolemy.util.test.junit.AutoTests" name="[219] /home/travis/build/icyphy/ptII/ptolemy/actor/lib/test/auto/MatrixCropLong.xml (RunModel)" time="0.01" />
  <testcase classname="ptolemy.util.test.junit.AutoTests" name="[220] /home/travis/build/icyphy/ptII/ptolemy/actor/lib/test/auto/MatrixToArray.xml (RunModel)" time="0.037" />
  <testcase classname="ptolemy.util.test.junit.AutoTests" name="[221] /home/travis/build/icyphy/ptII/ptolemy/actor/lib/test/auto/MaxIndex.xml (RunModel)" time="0.01" />
  <testcase classname="ptolemy.util.test.junit.AutoTests" name="[222] /home/travis/build/icyphy/ptII/ptolemy/actor/lib/test/auto/Maximum.xml (RunModel)" time="0.012" />
  <testcase classname="ptolemy.util.test.junit.AutoTests" name="[223] /home/travis/build/icyphy/ptII/ptolemy/actor/lib/test/auto/MaximumComplex.xml (RunModel)" time="0.012" />
  <testcase classname="ptolemy.util.test.junit.AutoTests" name="[224] /home/travis/build/icyphy/ptII/ptolemy/actor/lib/test/auto/MethodCallTest.xml (RunModel)" time="0.017" />
  <testcase classname="ptolemy.util.test.junit.AutoTests" name="[225] /home/travis/build/icyphy/ptII/ptolemy/actor/lib/test/auto/Minimum.xml (RunModel)" time="0.015" />
  <testcase classname="ptolemy.util.test.junit.AutoTests" name="[226] /home/travis/build/icyphy/ptII/ptolemy/actor/lib/test/auto/MinimumComplex.xml (RunModel)" time="0.012" />
  <testcase classname="ptolemy.util.test.junit.AutoTests" name="[227] /home/travis/build/icyphy/ptII/ptolemy/actor/lib/test/auto/MinimumMultiports.xml (RunModel)" time="0.018" />
  <testcase classname="ptolemy.util.test.junit.AutoTests" name="[228] /home/travis/build/icyphy/ptII/ptolemy/actor/lib/test/auto/ModifyDate.xml (RunModel)" time="0.036" />
  <testcase classname="ptolemy.util.test.junit.AutoTests" name="[229] /home/travis/build/icyphy/ptII/ptolemy/actor/lib/test/auto/ModifyDate2.xml (RunModel)" time="0.029" />
  <testcase classname="ptolemy.util.test.junit.AutoTests" name="[230] /home/travis/build/icyphy/ptII/ptolemy/actor/lib/test/auto/MovingAverage.xml (RunModel)" time="0.012" />
  <testcase classname="ptolemy.util.test.junit.AutoTests" name="[231] /home/travis/build/icyphy/ptII/ptolemy/actor/lib/test/auto/MovingMaximum.xml (RunModel)" time="0.009" />
  <testcase classname="ptolemy.util.test.junit.AutoTests" name="[232] /home/travis/build/icyphy/ptII/ptolemy/actor/lib/test/auto/MultipleLinksToSameRelation.xml (RunModel)" time="0.007" />
  <testcase classname="ptolemy.util.test.junit.AutoTests" name="[233] /home/travis/build/icyphy/ptII/ptolemy/actor/lib/test/auto/MultipleLinksToSameRelationDE.xml (RunModel)" time="0.009" />
  <testcase classname="ptolemy.util.test.junit.AutoTests" name="[234] /home/travis/build/icyphy/ptII/ptolemy/actor/lib/test/auto/Multiplexor.xml (RunModel)" time="0.014" />
  <testcase classname="ptolemy.util.test.junit.AutoTests" name="[235] /home/travis/build/icyphy/ptII/ptolemy/actor/lib/test/auto/Multiplexor1.xml (RunModel)" time="0.01" />
  <testcase classname="ptolemy.util.test.junit.AutoTests" name="[236] /home/travis/build/icyphy/ptII/ptolemy/actor/lib/test/auto/Multiplexor2.xml (RunModel)" time="0.013" />
  <testcase classname="ptolemy.util.test.junit.AutoTests" name="[237] /home/travis/build/icyphy/ptII/ptolemy/actor/lib/test/auto/Multiplexor3.xml (RunModel)" time="0.009" />
  <testcase classname="ptolemy.util.test.junit.AutoTests" name="[238] /home/travis/build/icyphy/ptII/ptolemy/actor/lib/test/auto/MultiplexorDE.xml (RunModel)" time="0.014" />
  <testcase classname="ptolemy.util.test.junit.AutoTests" name="[239] /home/travis/build/icyphy/ptII/ptolemy/actor/lib/test/auto/MultiportBroadcastTest.xml (RunModel)" time="0.06" />
  <testcase classname="ptolemy.util.test.junit.AutoTests" name="[240] /home/travis/build/icyphy/ptII/ptolemy/actor/lib/test/auto/MultiportOutHangDuringGetWidth.xml (RunModel)" time="0.037" />
  <testcase classname="ptolemy.util.test.junit.AutoTests" name="[241] /home/travis/build/icyphy/ptII/ptolemy/actor/lib/test/auto/NilToken.xml (RunModel)" time="0.015" />
  <testcase classname="ptolemy.util.test.junit.AutoTests" name="[242] /home/travis/build/icyphy/ptII/ptolemy/actor/lib/test/auto/NilTokenNonStrictTest.xml (RunModel)" time="0.011" />
  <testcase classname="ptolemy.util.test.junit.AutoTests" name="[243] /home/travis/build/icyphy/ptII/ptolemy/actor/lib/test/auto/NilTokenRecord.xml (RunModel)" time="0.037" />
  <testcase classname="ptolemy.util.test.junit.AutoTests" name="[244] /home/travis/build/icyphy/ptII/ptolemy/actor/lib/test/auto/NilTokenTypeTest.xml (RunModel)" time="0.028" />
  <testcase classname="ptolemy.util.test.junit.AutoTests" name="[245] /home/travis/build/icyphy/ptII/ptolemy/actor/lib/test/auto/ObjectToken1.xml (RunModel)" time="0.011" />
  <testcase classname="ptolemy.util.test.junit.AutoTests" name="[246] /home/travis/build/icyphy/ptII/ptolemy/actor/lib/test/auto/OrderedMerge.xml (RunModel)" time="0.018" />
  <testcase classname="ptolemy.util.test.junit.AutoTests" name="[247] /home/travis/build/icyphy/ptII/ptolemy/actor/lib/test/auto/OrderedRecordDisassembler.xml (RunModel)" time="0.018" />
  <testcase classname="ptolemy.util.test.junit.AutoTests" name="[248] /home/travis/build/icyphy/ptII/ptolemy/actor/lib/test/auto/OrderedRecordDisassembler2.xml (RunModel)" time="0.017" />
  <testcase classname="ptolemy.util.test.junit.AutoTests" name="[249] /home/travis/build/icyphy/ptII/ptolemy/actor/lib/test/auto/OrderedRecordUpdater.xml (RunModel)" time="0.009" />
  <testcase classname="ptolemy.util.test.junit.AutoTests" name="[250] /home/travis/build/icyphy/ptII/ptolemy/actor/lib/test/auto/OrderedRecordUpdater2.xml (RunModel)" time="0.015" />
  <testcase classname="ptolemy.util.test.junit.AutoTests" name="[251] /home/travis/build/icyphy/ptII/ptolemy/actor/lib/test/auto/PhaseUnwrap.xml (RunModel)" time="0.01" />
  <testcase classname="ptolemy.util.test.junit.AutoTests" name="[252] /home/travis/build/icyphy/ptII/ptolemy/actor/lib/test/auto/PoissonClock.xml (RunModel)" time="0.011" />
  <testcase classname="ptolemy.util.test.junit.AutoTests" name="[253] /home/travis/build/icyphy/ptII/ptolemy/actor/lib/test/auto/PoissonClock2.xml (RunModel)" time="0.007" />
  <testcase classname="ptolemy.util.test.junit.AutoTests" name="[254] /home/travis/build/icyphy/ptII/ptolemy/actor/lib/test/auto/PoissonClock3.xml (RunModel)" time="0.015" />
  <testcase classname="ptolemy.util.test.junit.AutoTests" name="[255] /home/travis/build/icyphy/ptII/ptolemy/actor/lib/test/auto/PubSubWithInitialTokens.xml (RunModel)" time="0.016" />
  <testcase classname="ptolemy.util.test.junit.AutoTests" name="[256] /home/travis/build/icyphy/ptII/ptolemy/actor/lib/test/auto/PubSubWithInitialTokens2.xml (RunModel)" time="0.01" />
  <testcase classname="ptolemy.util.test.junit.AutoTests" name="[257] /home/travis/build/icyphy/ptII/ptolemy/actor/lib/test/auto/PublisherClassNoParameter.xml (RunModel)" time="0.02" />
  <testcase classname="ptolemy.util.test.junit.AutoTests" name="[258] /home/travis/build/icyphy/ptII/ptolemy/actor/lib/test/auto/PublisherClassParameter.xml (RunModel)" time="0.02" />
  <testcase classname="ptolemy.util.test.junit.AutoTests" name="[259] /home/travis/build/icyphy/ptII/ptolemy/actor/lib/test/auto/PublisherNonStrictTest.xml (RunModel)" time="0.015" />
  <testcase classname="ptolemy.util.test.junit.AutoTests" name="[260] /home/travis/build/icyphy/ptII/ptolemy/actor/lib/test/auto/PublisherPort1.xml (RunModel)" time="0.01" />
  <testcase classname="ptolemy.util.test.junit.AutoTests" name="[261] /home/travis/build/icyphy/ptII/ptolemy/actor/lib/test/auto/PublisherPort2.xml (RunModel)" time="0.014" />
  <testcase classname="ptolemy.util.test.junit.AutoTests" name="[262] /home/travis/build/icyphy/ptII/ptolemy/actor/lib/test/auto/PublisherPort3.xml (RunModel)" time="0.01" />
  <testcase classname="ptolemy.util.test.junit.AutoTests" name="[263] /home/travis/build/icyphy/ptII/ptolemy/actor/lib/test/auto/PublisherPort4.xml (RunModel)" time="0.011" />
  <testcase classname="ptolemy.util.test.junit.AutoTests" name="[264] /home/travis/build/icyphy/ptII/ptolemy/actor/lib/test/auto/PublisherPort5.xml (RunModel)" time="0.014" />
  <testcase classname="ptolemy.util.test.junit.AutoTests" name="[265] /home/travis/build/icyphy/ptII/ptolemy/actor/lib/test/auto/PublisherPort5LookAlike.xml (RunModel)" time="0.015" />
  <testcase classname="ptolemy.util.test.junit.AutoTests" name="[266] /home/travis/build/icyphy/ptII/ptolemy/actor/lib/test/auto/PublisherPort6.xml (RunModel)" time="0.012" />
  <testcase classname="ptolemy.util.test.junit.AutoTests" name="[267] /home/travis/build/icyphy/ptII/ptolemy/actor/lib/test/auto/PublisherPort7.xml (RunModel)" time="0.014" />
  <testcase classname="ptolemy.util.test.junit.AutoTests" name="[268] /home/travis/build/icyphy/ptII/ptolemy/actor/lib/test/auto/PublisherPort8.xml (RunModel)" time="0.016" />
  <testcase classname="ptolemy.util.test.junit.AutoTests" name="[269] /home/travis/build/icyphy/ptII/ptolemy/actor/lib/test/auto/PublisherPortSubscriberChannelVariablesAOC2.xml (RunModel)" time="0.03" />
  <testcase classname="ptolemy.util.test.junit.AutoTests" name="[270] /home/travis/build/icyphy/ptII/ptolemy/actor/lib/test/auto/PublisherPortSubscriberOpaqueWidthInference.xml (RunModel)" time="0.015" />
  <testcase classname="ptolemy.util.test.junit.AutoTests" name="[271] /home/travis/build/icyphy/ptII/ptolemy/actor/lib/test/auto/PublisherPortSubscriberPortAdjacent.xml (RunModel)" time="0.015" />
  <testcase classname="ptolemy.util.test.junit.AutoTests" name="[272] /home/travis/build/icyphy/ptII/ptolemy/actor/lib/test/auto/PublisherPortSubscriberPortExpression.xml (RunModel)" time="0.016" />
  <testcase classname="ptolemy.util.test.junit.AutoTests" name="[273] /home/travis/build/icyphy/ptII/ptolemy/actor/lib/test/auto/PublisherPortSubscriberPortOpaqueD3Reverse.xml (RunModel)" time="0.017" />
  <testcase classname="ptolemy.util.test.junit.AutoTests" name="[274] /home/travis/build/icyphy/ptII/ptolemy/actor/lib/test/auto/PublisherPortSubscriberPortOpaqueWidthInference.xml (RunModel)" time="0.014" />
  <testcase classname="ptolemy.util.test.junit.AutoTests" name="[275] /home/travis/build/icyphy/ptII/ptolemy/actor/lib/test/auto/PublisherPortToplevelSubscriberPortAOC.xml (RunModel)" time="0.008" />
  <testcase classname="ptolemy.util.test.junit.AutoTests" name="[276] /home/travis/build/icyphy/ptII/ptolemy/actor/lib/test/auto/PublisherSubscriber.xml (RunModel)" time="0.018" />
  <testcase classname="ptolemy.util.test.junit.AutoTests" name="[277] /home/travis/build/icyphy/ptII/ptolemy/actor/lib/test/auto/PublisherSubscriber10.xml (RunModel)" time="0.025" />
  <testcase classname="ptolemy.util.test.junit.AutoTests" name="[278] /home/travis/build/icyphy/ptII/ptolemy/actor/lib/test/auto/PublisherSubscriber10InitialOutputs.xml (RunModel)" time="0.016" />
  <testcase classname="ptolemy.util.test.junit.AutoTests" name="[279] /home/travis/build/icyphy/ptII/ptolemy/actor/lib/test/auto/PublisherSubscriber11.xml (RunModel)" time="0.015" />
  <testcase classname="ptolemy.util.test.junit.AutoTests" name="[280] /home/travis/build/icyphy/ptII/ptolemy/actor/lib/test/auto/PublisherSubscriber12.xml (RunModel)" time="0.011" />
  <testcase classname="ptolemy.util.test.junit.AutoTests" name="[281] /home/travis/build/icyphy/ptII/ptolemy/actor/lib/test/auto/PublisherSubscriber13.xml (RunModel)" time="0.009" />
  <testcase classname="ptolemy.util.test.junit.AutoTests" name="[282] /home/travis/build/icyphy/ptII/ptolemy/actor/lib/test/auto/PublisherSubscriber14.xml (RunModel)" time="0.023" />
  <testcase classname="ptolemy.util.test.junit.AutoTests" name="[283] /home/travis/build/icyphy/ptII/ptolemy/actor/lib/test/auto/PublisherSubscriber2.xml (RunModel)" time="0.011" />
  <testcase classname="ptolemy.util.test.junit.AutoTests" name="[284] /home/travis/build/icyphy/ptII/ptolemy/actor/lib/test/auto/PublisherSubscriber3.xml (RunModel)" time="0.009" />
  <testcase classname="ptolemy.util.test.junit.AutoTests" name="[285] /home/travis/build/icyphy/ptII/ptolemy/actor/lib/test/auto/PublisherSubscriber4.xml (RunModel)" time="0.01" />
  <testcase classname="ptolemy.util.test.junit.AutoTests" name="[286] /home/travis/build/icyphy/ptII/ptolemy/actor/lib/test/auto/PublisherSubscriber5.xml (RunModel)" time="0.011" />
  <testcase classname="ptolemy.util.test.junit.AutoTests" name="[287] /home/travis/build/icyphy/ptII/ptolemy/actor/lib/test/auto/PublisherSubscriber6.xml (RunModel)" time="0.012" />
  <testcase classname="ptolemy.util.test.junit.AutoTests" name="[288] /home/travis/build/icyphy/ptII/ptolemy/actor/lib/test/auto/PublisherSubscriber7.xml (RunModel)" time="0.011" />
  <testcase classname="ptolemy.util.test.junit.AutoTests" name="[289] /home/travis/build/icyphy/ptII/ptolemy/actor/lib/test/auto/PublisherSubscriber8.xml (RunModel)" time="0.021" />
  <testcase classname="ptolemy.util.test.junit.AutoTests" name="[290] /home/travis/build/icyphy/ptII/ptolemy/actor/lib/test/auto/PublisherSubscriber9.xml (RunModel)" time="0.016" />
  <testcase classname="ptolemy.util.test.junit.AutoTests" name="[291] /home/travis/build/icyphy/ptII/ptolemy/actor/lib/test/auto/PublisherSubscriberAdjacent.xml (RunModel)" time="0.013" />
  <testcase classname="ptolemy.util.test.junit.AutoTests" name="[292] /home/travis/build/icyphy/ptII/ptolemy/actor/lib/test/auto/PublisherSubscriberChannelVariablesAOC2.xml (RunModel)" time="0.025" />
  <testcase classname="ptolemy.util.test.junit.AutoTests" name="[293] /home/travis/build/icyphy/ptII/ptolemy/actor/lib/test/auto/PublisherSubscriberD3.xml (RunModel)" time="0.011" />
  <testcase classname="ptolemy.util.test.junit.AutoTests" name="[294] /home/travis/build/icyphy/ptII/ptolemy/actor/lib/test/auto/PublisherSubscriberD3Reverse.xml (RunModel)" time="0.009" />
  <testcase classname="ptolemy.util.test.junit.AutoTests" name="[295] /home/travis/build/icyphy/ptII/ptolemy/actor/lib/test/auto/PublisherSubscriberExpression.xml (RunModel)" time="0.015" />
  <testcase classname="ptolemy.util.test.junit.AutoTests" name="[296] /home/travis/build/icyphy/ptII/ptolemy/actor/lib/test/auto/PublisherSubscriberOpaque.xml (RunModel)" time="0.016" />
  <testcase classname="ptolemy.util.test.junit.AutoTests" name="[297] /home/travis/build/icyphy/ptII/ptolemy/actor/lib/test/auto/PublisherSubscriberOpaqueD3.xml (RunModel)" time="0.019" />
  <testcase classname="ptolemy.util.test.junit.AutoTests" name="[298] /home/travis/build/icyphy/ptII/ptolemy/actor/lib/test/auto/PublisherSubscriberOpaqueD3Reverse.xml (RunModel)" time="0.017" />
  <testcase classname="ptolemy.util.test.junit.AutoTests" name="[299] /home/travis/build/icyphy/ptII/ptolemy/actor/lib/test/auto/PublisherSubscriberOpaqueWidthInference.xml (RunModel)" time="0.014" />
  <testcase classname="ptolemy.util.test.junit.AutoTests" name="[300] /home/travis/build/icyphy/ptII/ptolemy/actor/lib/test/auto/PublisherTestSubscriber.xml (RunModel)" time="0.014" />
  <testcase classname="ptolemy.util.test.junit.AutoTests" name="[301] /home/travis/build/icyphy/ptII/ptolemy/actor/lib/test/auto/PublisherToplevelSubscriberPortAOC.xml (RunModel)" time="0.012" />
  <testcase classname="ptolemy.util.test.junit.AutoTests" name="[302] /home/travis/build/icyphy/ptII/ptolemy/actor/lib/test/auto/PulseFiringLimitDE.xml (RunModel)" time="0.013" />
  <testcase classname="ptolemy.util.test.junit.AutoTests" name="[303] /home/travis/build/icyphy/ptII/ptolemy/actor/lib/test/auto/Ramp1.xml (RunModel)" time="0.01" />
  <testcase classname="ptolemy.util.test.junit.AutoTests" name="[304] /home/travis/build/icyphy/ptII/ptolemy/actor/lib/test/auto/RampFiringLimitDE.xml (RunModel)" time="0.011" />
  <testcase classname="ptolemy.util.test.junit.AutoTests" name="[305] /home/travis/build/icyphy/ptII/ptolemy/actor/lib/test/auto/RampFiringLimitSDF.xml (RunModel)" time="0.011" />
  <testcase classname="ptolemy.util.test.junit.AutoTests" name="[306] /home/travis/build/icyphy/ptII/ptolemy/actor/lib/test/auto/RandomInteger.xml (RunModel)" time="0.009" />
  <testcase classname="ptolemy.util.test.junit.AutoTests" name="[307] /home/travis/build/icyphy/ptII/ptolemy/actor/lib/test/auto/ReadFile1.xml (RunModel)" time="0.011" />
  <testcase classname="ptolemy.util.test.junit.AutoTests" name="[308] /home/travis/build/icyphy/ptII/ptolemy/actor/lib/test/auto/ReadFile2.xml (RunModel)" time="0.008" />
  <testcase classname="ptolemy.util.test.junit.AutoTests" name="[309] /home/travis/build/icyphy/ptII/ptolemy/actor/lib/test/auto/Reader.xml (RunModel)" time="0.01" />
  <testcase classname="ptolemy.util.test.junit.AutoTests" name="[310] /home/travis/build/icyphy/ptII/ptolemy/actor/lib/test/auto/RecordAssemblerDisplayNameTest.xml (RunModel)" time="2.988" />
  <testcase classname="ptolemy.util.test.junit.AutoTests" name="[311] /home/travis/build/icyphy/ptII/ptolemy/actor/lib/test/auto/RecordAssemblerTypeError.xml (RunModel)" time="0.028" />
  <testcase classname="ptolemy.util.test.junit.AutoTests" name="[312] /home/travis/build/icyphy/ptII/ptolemy/actor/lib/test/auto/RecordDisassember.xml (RunModel)" time="0.009" />
  <testcase classname="ptolemy.util.test.junit.AutoTests" name="[313] /home/travis/build/icyphy/ptII/ptolemy/actor/lib/test/auto/RecordDisassemberDisplayNameTest.xml (RunModel)" time="0.015" />
  <testcase classname="ptolemy.util.test.junit.AutoTests" name="[314] /home/travis/build/icyphy/ptII/ptolemy/actor/lib/test/auto/RecordDisassembler.xml (RunModel)" time="0.012" />
  <testcase classname="ptolemy.util.test.junit.AutoTests" name="[315] /home/travis/build/icyphy/ptII/ptolemy/actor/lib/test/auto/RecordDisassembler2.xml (RunModel)" time="0.009" />
  <testcase classname="ptolemy.util.test.junit.AutoTests" name="[316] /home/travis/build/icyphy/ptII/ptolemy/actor/lib/test/auto/RecordUpdater.xml (RunModel)" time="0.009" />
  <testcase classname="ptolemy.util.test.junit.AutoTests" name="[317] /home/travis/build/icyphy/ptII/ptolemy/actor/lib/test/auto/RecordUpdater2.xml (RunModel)" time="0.017" />
  <testcase classname="ptolemy.util.test.junit.AutoTests" name="[318] /home/travis/build/icyphy/ptII/ptolemy/actor/lib/test/auto/RecursiveLattice.xml (RunModel)" time="0.007" />
  <testcase classname="ptolemy.util.test.junit.AutoTests" name="[319] /home/travis/build/icyphy/ptII/ptolemy/actor/lib/test/auto/Router.xml (RunModel)" time="3.02" />
  <testcase classname="ptolemy.util.test.junit.AutoTests" name="[320] /home/travis/build/icyphy/ptII/ptolemy/actor/lib/test/auto/Router2.xml (RunModel)" time="3.039" />
  <testcase classname="ptolemy.util.test.junit.AutoTests" name="[321] /home/travis/build/icyphy/ptII/ptolemy/actor/lib/test/auto/RunningMaximum.xml (RunModel)" time="0.011" />
  <testcase classname="ptolemy.util.test.junit.AutoTests" name="[322] /home/travis/build/icyphy/ptII/ptolemy/actor/lib/test/auto/RunningMinimum.xml (RunModel)" time="0.014" />
  <testcase classname="ptolemy.util.test.junit.AutoTests" name="[323] /home/travis/build/icyphy/ptII/ptolemy/actor/lib/test/auto/Scale.xml (RunModel)" time="0.007" />
  <testcase classname="ptolemy.util.test.junit.AutoTests" name="[324] /home/travis/build/icyphy/ptII/ptolemy/actor/lib/test/auto/Scale2.xml (RunModel)" time="0.009" />
  <testcase classname="ptolemy.util.test.junit.AutoTests" name="[325] /home/travis/build/icyphy/ptII/ptolemy/actor/lib/test/auto/Scale3.xml (RunModel)" time="0.013" />
  <testcase classname="ptolemy.util.test.junit.AutoTests" name="[326] /home/travis/build/icyphy/ptII/ptolemy/actor/lib/test/auto/ScaleArray.xml (RunModel)" time="0.007" />
  <testcase classname="ptolemy.util.test.junit.AutoTests" name="[327] /home/travis/build/icyphy/ptII/ptolemy/actor/lib/test/auto/ScaleArray2.xml (RunModel)" time="0.008" />
  <testcase classname="ptolemy.util.test.junit.AutoTests" name="[328] /home/travis/build/icyphy/ptII/ptolemy/actor/lib/test/auto/ScaleMatrix.xml (RunModel)" time="0.101" />
  <testcase classname="ptolemy.util.test.junit.AutoTests" name="[329] /home/travis/build/icyphy/ptII/ptolemy/actor/lib/test/auto/Select.xml (RunModel)" time="0.014" />
  <testcase classname="ptolemy.util.test.junit.AutoTests" name="[330] /home/travis/build/icyphy/ptII/ptolemy/actor/lib/test/auto/Select2.xml (RunModel)" time="0.008" />
  <testcase classname="ptolemy.util.test.junit.AutoTests" name="[331] /home/travis/build/icyphy/ptII/ptolemy/actor/lib/test/auto/SequenceToArray2.xml (RunModel)" time="0.092" />
  <testcase classname="ptolemy.util.test.junit.AutoTests" name="[332] /home/travis/build/icyphy/ptII/ptolemy/actor/lib/test/auto/SequentialClock.xml (RunModel)" time="0.015" />
  <testcase classname="ptolemy.util.test.junit.AutoTests" name="[333] /home/travis/build/icyphy/ptII/ptolemy/actor/lib/test/auto/SetVariable.xml (RunModel)" time="0.011" />
  <testcase classname="ptolemy.util.test.junit.AutoTests" name="[334] /home/travis/build/icyphy/ptII/ptolemy/actor/lib/test/auto/SetVariable2.xml (RunModel)" time="0.015" />
  <testcase classname="ptolemy.util.test.junit.AutoTests" name="[335] /home/travis/build/icyphy/ptII/ptolemy/actor/lib/test/auto/SetVariable3.xml (RunModel)" time="0.017" />
  <testcase classname="ptolemy.util.test.junit.AutoTests" name="[336] /home/travis/build/icyphy/ptII/ptolemy/actor/lib/test/auto/SetVariable4.xml (RunModel)" time="0.027" />
  <testcase classname="ptolemy.util.test.junit.AutoTests" name="[337] /home/travis/build/icyphy/ptII/ptolemy/actor/lib/test/auto/SetVariable5.xml (RunModel)" time="0.03" />
  <testcase classname="ptolemy.util.test.junit.AutoTests" name="[338] /home/travis/build/icyphy/ptII/ptolemy/actor/lib/test/auto/Sinewave.xml (RunModel)" time="0.025" />
  <testcase classname="ptolemy.util.test.junit.AutoTests" name="[339] /home/travis/build/icyphy/ptII/ptolemy/actor/lib/test/auto/Sinewave2.xml (RunModel)" time="0.018" />
  <testcase classname="ptolemy.util.test.junit.AutoTests" name="[340] /home/travis/build/icyphy/ptII/ptolemy/actor/lib/test/auto/Sinewave3.xml (RunModel)" time="0.018" />
  <testcase classname="ptolemy.util.test.junit.AutoTests" name="[341] /home/travis/build/icyphy/ptII/ptolemy/actor/lib/test/auto/SingleEvent.xml (RunModel)" time="0.007" />
  <testcase classname="ptolemy.util.test.junit.AutoTests" name="[342] /home/travis/build/icyphy/ptII/ptolemy/actor/lib/test/auto/Sleep.xml (RunModel)" time="6.014" />
  <testcase classname="ptolemy.util.test.junit.AutoTests" name="[343] /home/travis/build/icyphy/ptII/ptolemy/actor/lib/test/auto/SleepMultipleFire.xml (RunModel)" time="1.016" />
  <testcase classname="ptolemy.util.test.junit.AutoTests" name="[344] /home/travis/build/icyphy/ptII/ptolemy/actor/lib/test/auto/StopDE.xml (RunModel)" time="0.014" />
  <testcase classname="ptolemy.util.test.junit.AutoTests" name="[345] /home/travis/build/icyphy/ptII/ptolemy/actor/lib/test/auto/StopSDF.xml (RunModel)" time="0.012" />
  <testcase classname="ptolemy.util.test.junit.AutoTests" name="[346] /home/travis/build/icyphy/ptII/ptolemy/actor/lib/test/auto/StringConstant.xml (RunModel)" time="0.012" />
  <testcase classname="ptolemy.util.test.junit.AutoTests" name="[347] /home/travis/build/icyphy/ptII/ptolemy/actor/lib/test/auto/SubscriberPortInitialValues1.xml (RunModel)" time="0.019" />
  <testcase classname="ptolemy.util.test.junit.AutoTests" name="[348] /home/travis/build/icyphy/ptII/ptolemy/actor/lib/test/auto/SubscriberPortInitialValues13.xml (RunModel)" time="0.027" />
  <testcase classname="ptolemy.util.test.junit.AutoTests" name="[349] /home/travis/build/icyphy/ptII/ptolemy/actor/lib/test/auto/SubscriberPortInitialValues14.xml (RunModel)" time="0.022" />
  <testcase classname="ptolemy.util.test.junit.AutoTests" name="[350] /home/travis/build/icyphy/ptII/ptolemy/actor/lib/test/auto/SubscriberPortInitialValues2.xml (RunModel)" time="0.017" />
  <testcase classname="ptolemy.util.test.junit.AutoTests" name="[351] /home/travis/build/icyphy/ptII/ptolemy/actor/lib/test/auto/SubscriberPortInitialValues3.xml (RunModel)" time="0.02" />
  <testcase classname="ptolemy.util.test.junit.AutoTests" name="[352] /home/travis/build/icyphy/ptII/ptolemy/actor/lib/test/auto/SubscriptionAggregator.xml (RunModel)" time="0.011" />
  <testcase classname="ptolemy.util.test.junit.AutoTests" name="[353] /home/travis/build/icyphy/ptII/ptolemy/actor/lib/test/auto/SubscriptionAggregator2.xml (RunModel)" time="0.012" />
  <testcase classname="ptolemy.util.test.junit.AutoTests" name="[354] /home/travis/build/icyphy/ptII/ptolemy/actor/lib/test/auto/SubscriptionAggregator3.xml (RunModel)" time="0.013" />
  <testcase classname="ptolemy.util.test.junit.AutoTests" name="[355] /home/travis/build/icyphy/ptII/ptolemy/actor/lib/test/auto/SubscriptionAggregatorMultiply.xml (RunModel)" time="0.018" />
  <testcase classname="ptolemy.util.test.junit.AutoTests" name="[356] /home/travis/build/icyphy/ptII/ptolemy/actor/lib/test/auto/SubscriptionAggregatorPortMultiply1.xml (RunModel)" time="0.013" />
  <testcase classname="ptolemy.util.test.junit.AutoTests" name="[357] /home/travis/build/icyphy/ptII/ptolemy/actor/lib/test/auto/Switch.xml (RunModel)" time="0.018" />
  <testcase classname="ptolemy.util.test.junit.AutoTests" name="[358] /home/travis/build/icyphy/ptII/ptolemy/actor/lib/test/auto/Switch2.xml (RunModel)" time="0.013" />
  <testcase classname="ptolemy.util.test.junit.AutoTests" name="[359] /home/travis/build/icyphy/ptII/ptolemy/actor/lib/test/auto/SwitchDE.xml (RunModel)" time="0.014" />
  <testcase classname="ptolemy.util.test.junit.AutoTests" name="[360] /home/travis/build/icyphy/ptII/ptolemy/actor/lib/test/auto/SynchronizerDE.xml (RunModel)" time="0.026" />
  <testcase classname="ptolemy.util.test.junit.AutoTests" name="[361] /home/travis/build/icyphy/ptII/ptolemy/actor/lib/test/auto/Test.xml (RunModel)" time="0.018" />
  <testcase classname="ptolemy.util.test.junit.AutoTests" name="[362] /home/travis/build/icyphy/ptII/ptolemy/actor/lib/test/auto/TestExceptionAttribute1.xml (RunModel)" time="0.008" />
  <testcase classname="ptolemy.util.test.junit.AutoTests" name="[363] /home/travis/build/icyphy/ptII/ptolemy/actor/lib/test/auto/TestExceptionAttribute2.xml (RunModel)" time="0.006" />
  <testcase classname="ptolemy.util.test.junit.AutoTests" name="[364] /home/travis/build/icyphy/ptII/ptolemy/actor/lib/test/auto/TestExceptionAttribute3.xml (RunModel)" time="0.006" />
  <testcase classname="ptolemy.util.test.junit.AutoTests" name="[365] /home/travis/build/icyphy/ptII/ptolemy/actor/lib/test/auto/TestExceptionAttribute4.xml (RunModel)" time="0.007" />
  <testcase classname="ptolemy.util.test.junit.AutoTests" name="[366] /home/travis/build/icyphy/ptII/ptolemy/actor/lib/test/auto/TestExceptionHandler1.xml (RunModel)" time="0.007" />
  <testcase classname="ptolemy.util.test.junit.AutoTests" name="[367] /home/travis/build/icyphy/ptII/ptolemy/actor/lib/test/auto/TestExceptionHandler2.xml (RunModel)" time="0.008" />
  <testcase classname="ptolemy.util.test.junit.AutoTests" name="[368] /home/travis/build/icyphy/ptII/ptolemy/actor/lib/test/auto/TestExceptionHandler3.xml (RunModel)" time="0.01" />
  <testcase classname="ptolemy.util.test.junit.AutoTests" name="[369] /home/travis/build/icyphy/ptII/ptolemy/actor/lib/test/auto/TestExceptionHandler4.xml (RunModel)" time="0.007" />
  <testcase classname="ptolemy.util.test.junit.AutoTests" name="[370] /home/travis/build/icyphy/ptII/ptolemy/actor/lib/test/auto/TestRequireCorrectOrder.xml (RunModel)" time="0.013" />
  <testcase classname="ptolemy.util.test.junit.AutoTests" name="[371] /home/travis/build/icyphy/ptII/ptolemy/actor/lib/test/auto/TestSimple.xml (RunModel)" time="0.008" />
  <testcase classname="ptolemy.util.test.junit.AutoTests" name="[372] /home/travis/build/icyphy/ptII/ptolemy/actor/lib/test/auto/ThrowModelError.xml (RunModel)" time="0.012" />
  <testcase classname="ptolemy.util.test.junit.AutoTests" name="[373] /home/travis/build/icyphy/ptII/ptolemy/actor/lib/test/auto/TimeDelayMicrosteps.xml (RunModel)" time="0.02" />
  <testcase classname="ptolemy.util.test.junit.AutoTests" name="[374] /home/travis/build/icyphy/ptII/ptolemy/actor/lib/test/auto/TimeDelayMicrosteps2.xml (RunModel)" time="0.024" />
  <testcase classname="ptolemy.util.test.junit.AutoTests" name="[375] /home/travis/build/icyphy/ptII/ptolemy/actor/lib/test/auto/TimeDelayMicrosteps3.xml (RunModel)" time="0.01" />
  <testcase classname="ptolemy.util.test.junit.AutoTests" name="[376] /home/travis/build/icyphy/ptII/ptolemy/actor/lib/test/auto/TimeDelayVariableMicrosteps.xml (RunModel)" time="0.011" />
  <testcase classname="ptolemy.util.test.junit.AutoTests" name="[377] /home/travis/build/icyphy/ptII/ptolemy/actor/lib/test/auto/TimeGap.xml (RunModel)" time="0.011" />
  <testcase classname="ptolemy.util.test.junit.AutoTests" name="[378] /home/travis/build/icyphy/ptII/ptolemy/actor/lib/test/auto/TimeGap2.xml (RunModel)" time="0.01" />
  <testcase classname="ptolemy.util.test.junit.AutoTests" name="[379] /home/travis/build/icyphy/ptII/ptolemy/actor/lib/test/auto/TimedSinewave.xml (RunModel)" time="0.037" />
  <testcase classname="ptolemy.util.test.junit.AutoTests" name="[380] /home/travis/build/icyphy/ptII/ptolemy/actor/lib/test/auto/TimedSinewavePhase.xml (RunModel)" time="0.027" />
  <testcase classname="ptolemy.util.test.junit.AutoTests" name="[381] /home/travis/build/icyphy/ptII/ptolemy/actor/lib/test/auto/Timer.xml (RunModel)" time="0.011" />
  <testcase classname="ptolemy.util.test.junit.AutoTests" name="[382] /home/travis/build/icyphy/ptII/ptolemy/actor/lib/test/auto/TriangularDistTestModel.xml (RunModel)" time="0.013" />
  <testcase classname="ptolemy.util.test.junit.AutoTests" name="[383] /home/travis/build/icyphy/ptII/ptolemy/actor/lib/test/auto/TrigFunction.xml (RunModel)" time="0.007" />
  <testcase classname="ptolemy.util.test.junit.AutoTests" name="[384] /home/travis/build/icyphy/ptII/ptolemy/actor/lib/test/auto/TrigFunctionDE.xml (RunModel)" time="0.01" />
  <testcase classname="ptolemy.util.test.junit.AutoTests" name="[385] /home/travis/build/icyphy/ptII/ptolemy/actor/lib/test/auto/TrigFunctionInverse.xml (RunModel)" time="0.01" />
  <testcase classname="ptolemy.util.test.junit.AutoTests" name="[386] /home/travis/build/icyphy/ptII/ptolemy/actor/lib/test/auto/TrigFunctionTan.xml (RunModel)" time="0.006" />
  <testcase classname="ptolemy.util.test.junit.AutoTests" name="[387] /home/travis/build/icyphy/ptII/ptolemy/actor/lib/test/auto/TriggeredClock.xml (RunModel)" time="0.008" />
  <testcase classname="ptolemy.util.test.junit.AutoTests" name="[388] /home/travis/build/icyphy/ptII/ptolemy/actor/lib/test/auto/URLDirectoryReader.xml (RunModel)" time="0.071" />
  <testcase classname="ptolemy.util.test.junit.AutoTests" name="[389] /home/travis/build/icyphy/ptII/ptolemy/actor/lib/test/auto/URLDirectoryReader3.xml (RunModel)" time="1.283" />
  <testcase classname="ptolemy.util.test.junit.AutoTests" name="[390] /home/travis/build/icyphy/ptII/ptolemy/actor/lib/test/auto/UnaryMathFunction.xml (RunModel)" time="0.051" />
  <testcase classname="ptolemy.util.test.junit.AutoTests" name="[391] /home/travis/build/icyphy/ptII/ptolemy/actor/lib/test/auto/Uniform.xml (RunModel)" time="0.029" />
  <testcase classname="ptolemy.util.test.junit.AutoTests" name="[392] /home/travis/build/icyphy/ptII/ptolemy/actor/lib/test/auto/UnionDisassemblerTest.xml (RunModel)" time="0.025" />
  <testcase classname="ptolemy.util.test.junit.AutoTests" name="[393] /home/travis/build/icyphy/ptII/ptolemy/actor/lib/test/auto/UtilityFunctions.xml (RunModel)" time="0.029" />
  <testcase classname="ptolemy.util.test.junit.AutoTests" name="[394] /home/travis/build/icyphy/ptII/ptolemy/actor/lib/test/auto/VariableSleep.xml (RunModel)" time="0.548" />
  <testcase classname="ptolemy.util.test.junit.AutoTests" name="[395] /home/travis/build/icyphy/ptII/ptolemy/actor/lib/test/auto/VectorAssemblerDisassemblerCT.xml (RunModel)" time="0.084" />
  <testcase classname="ptolemy.util.test.junit.AutoTests" name="[396] /home/travis/build/icyphy/ptII/ptolemy/actor/lib/test/auto/VectorAssemblerDisassemblerDE.xml (RunModel)" time="0.013" />
  <testcase classname="ptolemy.util.test.junit.AutoTests" name="[397] /home/travis/build/icyphy/ptII/ptolemy/actor/lib/test/auto/VectorAssemblerDisassemblerSDF.xml (RunModel)" time="0.013" />
  <testcase classname="ptolemy.util.test.junit.AutoTests" name="[398] /home/travis/build/icyphy/ptII/ptolemy/actor/lib/test/auto/WallClockTime.xml (RunModel)" time="1.015" />
  <testcase classname="ptolemy.util.test.junit.AutoTests" name="[399] /home/travis/build/icyphy/ptII/ptolemy/actor/lib/test/auto/WidthTestWithSubscriberPublisher.xml (RunModel)" time="0.081" />
  <testcase classname="ptolemy.util.test.junit.AutoTests" name="[400] /home/travis/build/icyphy/ptII/ptolemy/actor/lib/test/auto/WidthTestWithSubscriberPublisher2.xml (RunModel)" time="0.022" />
  <testcase classname="ptolemy.util.test.junit.AutoTests" name="[401] /home/travis/build/icyphy/ptII/ptolemy/actor/lib/test/auto/WidthTestWithSubscriberPublisher3.xml (RunModel)" time="0.01" />
  <testcase classname="ptolemy.util.test.junit.AutoTests" name="[402] /home/travis/build/icyphy/ptII/ptolemy/actor/lib/test/auto/Writer.xml (RunModel)" time="0.007" />
  <testcase classname="ptolemy.util.test.junit.AutoTests" name="[403] /home/travis/build/icyphy/ptII/ptolemy/actor/lib/test/auto/array.xml (RunModel)" time="0.008" />
  <testcase classname="ptolemy.util.test.junit.AutoTests" name="[404] /home/travis/build/icyphy/ptII/ptolemy/actor/lib/test/auto/array2.xml (RunModel)" time="0.013" />
  <testcase classname="ptolemy.util.test.junit.AutoTests" name="[405] /home/travis/build/icyphy/ptII/ptolemy/actor/lib/test/auto/arrayType.xml (RunModel)" time="0.009" />
  <testcase classname="ptolemy.util.test.junit.AutoTests" name="[406] /home/travis/build/icyphy/ptII/ptolemy/actor/lib/test/auto/arrayType10.xml (RunModel)" time="0.009" />
  <testcase classname="ptolemy.util.test.junit.AutoTests" name="[407] /home/travis/build/icyphy/ptII/ptolemy/actor/lib/test/auto/arrayType11.xml (RunModel)" time="0.008" />
  <testcase classname="ptolemy.util.test.junit.AutoTests" name="[408] /home/travis/build/icyphy/ptII/ptolemy/actor/lib/test/auto/arrayType12.xml (RunModel)" time="0.008" />
  <testcase classname="ptolemy.util.test.junit.AutoTests" name="[409] /home/travis/build/icyphy/ptII/ptolemy/actor/lib/test/auto/arrayType13.xml (RunModel)" time="0.008" />
  <testcase classname="ptolemy.util.test.junit.AutoTests" name="[410] /home/travis/build/icyphy/ptII/ptolemy/actor/lib/test/auto/arrayType14.xml (RunModel)" time="0.009" />
  <testcase classname="ptolemy.util.test.junit.AutoTests" name="[411] /home/travis/build/icyphy/ptII/ptolemy/actor/lib/test/auto/arrayType15.xml (RunModel)" time="0.008" />
  <testcase classname="ptolemy.util.test.junit.AutoTests" name="[412] /home/travis/build/icyphy/ptII/ptolemy/actor/lib/test/auto/arrayType16.xml (RunModel)" time="0.009" />
  <testcase classname="ptolemy.util.test.junit.AutoTests" name="[413] /home/travis/build/icyphy/ptII/ptolemy/actor/lib/test/auto/arrayType17.xml (RunModel)" time="0.009" />
  <testcase classname="ptolemy.util.test.junit.AutoTests" name="[414] /home/travis/build/icyphy/ptII/ptolemy/actor/lib/test/auto/arrayType18.xml (RunModel)" time="0.009" />
  <testcase classname="ptolemy.util.test.junit.AutoTests" name="[415] /home/travis/build/icyphy/ptII/ptolemy/actor/lib/test/auto/arrayType19.xml (RunModel)" time="0.008" />
  <testcase classname="ptolemy.util.test.junit.AutoTests" name="[416] /home/travis/build/icyphy/ptII/ptolemy/actor/lib/test/auto/arrayType2.xml (RunModel)" time="0.014" />
  <testcase classname="ptolemy.util.test.junit.AutoTests" name="[417] /home/travis/build/icyphy/ptII/ptolemy/actor/lib/test/auto/arrayType20.xml (RunModel)" time="0.009" />
  <testcase classname="ptolemy.util.test.junit.AutoTests" name="[418] /home/travis/build/icyphy/ptII/ptolemy/actor/lib/test/auto/arrayType21.xml (RunModel)" time="0.008" />
  <testcase classname="ptolemy.util.test.junit.AutoTests" name="[419] /home/travis/build/icyphy/ptII/ptolemy/actor/lib/test/auto/arrayType22.xml (RunModel)" time="0.007" />
  <testcase classname="ptolemy.util.test.junit.AutoTests" name="[420] /home/travis/build/icyphy/ptII/ptolemy/actor/lib/test/auto/arrayType23.xml (RunModel)" time="0.007" />
  <testcase classname="ptolemy.util.test.junit.AutoTests" name="[421] /home/travis/build/icyphy/ptII/ptolemy/actor/lib/test/auto/arrayType24.xml (RunModel)" time="0.008" />
  <testcase classname="ptolemy.util.test.junit.AutoTests" name="[422] /home/travis/build/icyphy/ptII/ptolemy/actor/lib/test/auto/arrayType25.xml (RunModel)" time="0.008" />
  <testcase classname="ptolemy.util.test.junit.AutoTests" name="[423] /home/travis/build/icyphy/ptII/ptolemy/actor/lib/test/auto/arrayType26.xml (RunModel)" time="0.008" />
  <testcase classname="ptolemy.util.test.junit.AutoTests" name="[424] /home/travis/build/icyphy/ptII/ptolemy/actor/lib/test/auto/arrayType27.xml (RunModel)" time="0.009" />
  <testcase classname="ptolemy.util.test.junit.AutoTests" name="[425] /home/travis/build/icyphy/ptII/ptolemy/actor/lib/test/auto/arrayType28.xml (RunModel)" time="0.008" />
  <testcase classname="ptolemy.util.test.junit.AutoTests" name="[426] /home/travis/build/icyphy/ptII/ptolemy/actor/lib/test/auto/arrayType3.xml (RunModel)" time="0.008" />
  <testcase classname="ptolemy.util.test.junit.AutoTests" name="[427] /home/travis/build/icyphy/ptII/ptolemy/actor/lib/test/auto/arrayType4.xml (RunModel)" time="0.008" />
  <testcase classname="ptolemy.util.test.junit.AutoTests" name="[428] /home/travis/build/icyphy/ptII/ptolemy/actor/lib/test/auto/arrayType5.xml (RunModel)" time="0.01" />
  <testcase classname="ptolemy.util.test.junit.AutoTests" name="[429] /home/travis/build/icyphy/ptII/ptolemy/actor/lib/test/auto/arrayType6.xml (RunModel)" time="0.008" />
  <testcase classname="ptolemy.util.test.junit.AutoTests" name="[430] /home/travis/build/icyphy/ptII/ptolemy/actor/lib/test/auto/arrayType7.xml (RunModel)" time="0.023" />
  <testcase classname="ptolemy.util.test.junit.AutoTests" name="[431] /home/travis/build/icyphy/ptII/ptolemy/actor/lib/test/auto/arrayType8.xml (RunModel)" time="0.009" />
  <testcase classname="ptolemy.util.test.junit.AutoTests" name="[432] /home/travis/build/icyphy/ptII/ptolemy/actor/lib/test/auto/arrayType9.xml (RunModel)" time="0.01" />
  <testcase classname="ptolemy.util.test.junit.AutoTests" name="[433] /home/travis/build/icyphy/ptII/ptolemy/actor/lib/test/auto/cast.xml (RunModel)" time="0.009" />
  <testcase classname="ptolemy.util.test.junit.AutoTests" name="[434] /home/travis/build/icyphy/ptII/ptolemy/actor/lib/test/auto/compositeMultiPort.xml (RunModel)" time="0.017" />
  <testcase classname="ptolemy.util.test.junit.AutoTests" name="[435] /home/travis/build/icyphy/ptII/ptolemy/actor/lib/test/auto/expressionCastInference.xml (RunModel)" time="0.008" />
  <testcase classname="ptolemy.util.test.junit.AutoTests" name="[436] /home/travis/build/icyphy/ptII/ptolemy/actor/lib/test/auto/expressionCastInference2.xml (RunModel)" time="0.008" />
  <testcase classname="ptolemy.util.test.junit.AutoTests" name="[437] /home/travis/build/icyphy/ptII/ptolemy/actor/lib/test/auto/expressionInference.xml (RunModel)" time="0.007" />
  <testcase classname="ptolemy.util.test.junit.AutoTests" name="[438] /home/travis/build/icyphy/ptII/ptolemy/actor/lib/test/auto/expression_bug.xml (RunModel)" time="0.032" />
  <testcase classname="ptolemy.util.test.junit.AutoTests" name="[439] /home/travis/build/icyphy/ptII/ptolemy/actor/lib/test/auto/factorial.xml (RunModel)" time="0.057" />
  <testcase classname="ptolemy.util.test.junit.AutoTests" name="[440] /home/travis/build/icyphy/ptII/ptolemy/actor/lib/test/auto/filterTest1.xml (RunModel)" time="0.013" />
  <testcase classname="ptolemy.util.test.junit.AutoTests" name="[441] /home/travis/build/icyphy/ptII/ptolemy/actor/lib/test/auto/funcApplyInConst.xml (RunModel)" time="0.007" />
  <testcase classname="ptolemy.util.test.junit.AutoTests" name="[442] /home/travis/build/icyphy/ptII/ptolemy/actor/lib/test/auto/funcApplyInExpr.xml (RunModel)" time="0.006" />
  <testcase classname="ptolemy.util.test.junit.AutoTests" name="[443] /home/travis/build/icyphy/ptII/ptolemy/actor/lib/test/auto/function.xml (RunModel)" time="0.01" />
  <testcase classname="ptolemy.util.test.junit.AutoTests" name="[444] /home/travis/build/icyphy/ptII/ptolemy/actor/lib/test/auto/function2.xml (RunModel)" time="0.011" />
  <testcase classname="ptolemy.util.test.junit.AutoTests" name="[445] /home/travis/build/icyphy/ptII/ptolemy/actor/lib/test/auto/function3.xml (RunModel)" time="0.007" />
  <testcase classname="ptolemy.util.test.junit.AutoTests" name="[446] /home/travis/build/icyphy/ptII/ptolemy/actor/lib/test/auto/functionClosureTest1.xml (RunModel)" time="0.009" />
  <testcase classname="ptolemy.util.test.junit.AutoTests" name="[447] /home/travis/build/icyphy/ptII/ptolemy/actor/lib/test/auto/functionClosureTest2.xml (RunModel)" time="0.007" />
  <testcase classname="ptolemy.util.test.junit.AutoTests" name="[448] /home/travis/build/icyphy/ptII/ptolemy/actor/lib/test/auto/functionClosureTest3.xml (RunModel)" time="0.009" />
  <testcase classname="ptolemy.util.test.junit.AutoTests" name="[449] /home/travis/build/icyphy/ptII/ptolemy/actor/lib/test/auto/functionClosureTest4.xml (RunModel)" time="0.019" />
  <testcase classname="ptolemy.util.test.junit.AutoTests" name="[450] /home/travis/build/icyphy/ptII/ptolemy/actor/lib/test/auto/functionClosureTest5.xml (RunModel)" time="0.012" />
  <testcase classname="ptolemy.util.test.junit.AutoTests" name="[451] /home/travis/build/icyphy/ptII/ptolemy/actor/lib/test/auto/functionClosureTest6.xml (RunModel)" time="0.008" />
  <testcase classname="ptolemy.util.test.junit.AutoTests" name="[452] /home/travis/build/icyphy/ptII/ptolemy/actor/lib/test/auto/functionsOnArcs.xml (RunModel)" time="0.009" />
  <testcase classname="ptolemy.util.test.junit.AutoTests" name="[453] /home/travis/build/icyphy/ptII/ptolemy/actor/lib/test/auto/functionsOnArcsHOF.xml (RunModel)" time="0.012" />
  <testcase classname="ptolemy.util.test.junit.AutoTests" name="[454] /home/travis/build/icyphy/ptII/ptolemy/actor/lib/test/auto/logic.xml (RunModel)" time="0.017" />
  <testcase classname="ptolemy.util.test.junit.AutoTests" name="[455] /home/travis/build/icyphy/ptII/ptolemy/actor/lib/test/auto/matrixType.xml (RunModel)" time="0.009" />
  <testcase classname="ptolemy.util.test.junit.AutoTests" name="[456] /home/travis/build/icyphy/ptII/ptolemy/actor/lib/test/auto/matrixType10.xml (RunModel)" time="0.009" />
  <testcase classname="ptolemy.util.test.junit.AutoTests" name="[457] /home/travis/build/icyphy/ptII/ptolemy/actor/lib/test/auto/matrixType11.xml (RunModel)" time="0.008" />
  <testcase classname="ptolemy.util.test.junit.AutoTests" name="[458] /home/travis/build/icyphy/ptII/ptolemy/actor/lib/test/auto/matrixType12.xml (RunModel)" time="0.01" />
  <testcase classname="ptolemy.util.test.junit.AutoTests" name="[459] /home/travis/build/icyphy/ptII/ptolemy/actor/lib/test/auto/matrixType13.xml (RunModel)" time="0.009" />
  <testcase classname="ptolemy.util.test.junit.AutoTests" name="[460] /home/travis/build/icyphy/ptII/ptolemy/actor/lib/test/auto/matrixType14.xml (RunModel)" time="0.01" />
  <testcase classname="ptolemy.util.test.junit.AutoTests" name="[461] /home/travis/build/icyphy/ptII/ptolemy/actor/lib/test/auto/matrixType2.xml (RunModel)" time="0.008" />
  <testcase classname="ptolemy.util.test.junit.AutoTests" name="[462] /home/travis/build/icyphy/ptII/ptolemy/actor/lib/test/auto/matrixType3.xml (RunModel)" time="0.01" />
  <testcase classname="ptolemy.util.test.junit.AutoTests" name="[463] /home/travis/build/icyphy/ptII/ptolemy/actor/lib/test/auto/matrixType4.xml (RunModel)" time="0.008" />
  <testcase classname="ptolemy.util.test.junit.AutoTests" name="[464] /home/travis/build/icyphy/ptII/ptolemy/actor/lib/test/auto/matrixType5.xml (RunModel)" time="0.008" />
  <testcase classname="ptolemy.util.test.junit.AutoTests" name="[465] /home/travis/build/icyphy/ptII/ptolemy/actor/lib/test/auto/matrixType6.xml (RunModel)" time="0.008" />
  <testcase classname="ptolemy.util.test.junit.AutoTests" name="[466] /home/travis/build/icyphy/ptII/ptolemy/actor/lib/test/auto/matrixType7.xml (RunModel)" time="0.008" />
  <testcase classname="ptolemy.util.test.junit.AutoTests" name="[467] /home/travis/build/icyphy/ptII/ptolemy/actor/lib/test/auto/matrixType8.xml (RunModel)" time="0.009" />
  <testcase classname="ptolemy.util.test.junit.AutoTests" name="[468] /home/travis/build/icyphy/ptII/ptolemy/actor/lib/test/auto/matrixType9.xml (RunModel)" time="0.009" />
  <testcase classname="ptolemy.util.test.junit.AutoTests" name="[469] /home/travis/build/icyphy/ptII/ptolemy/actor/lib/test/auto/paraFunctest.xml (RunModel)" time="0.008" />
  <testcase classname="ptolemy.util.test.junit.AutoTests" name="[470] /home/travis/build/icyphy/ptII/ptolemy/actor/lib/test/auto/paraFunctest2.xml (RunModel)" time="0.01" />
  <testcase classname="ptolemy.util.test.junit.AutoTests" name="[471] /home/travis/build/icyphy/ptII/ptolemy/actor/lib/test/auto/parameterPassing.xml (RunModel)" time="0.01" />
  <testcase classname="ptolemy.util.test.junit.AutoTests" name="[472] /home/travis/build/icyphy/ptII/ptolemy/actor/lib/test/auto/record.xml (RunModel)" time="0.009" />
  <testcase classname="ptolemy.util.test.junit.AutoTests" name="[473] /home/travis/build/icyphy/ptII/ptolemy/actor/lib/test/auto/sizedarray1.xml (RunModel)" time="0.012" />
  <testcase classname="ptolemy.util.test.junit.AutoTests" name="[474] /home/travis/build/icyphy/ptII/ptolemy/actor/lib/test/auto/sizedarray2.xml (RunModel)" time="0.011" />
  <testcase classname="ptolemy.util.test.junit.AutoTests" name="[475] /home/travis/build/icyphy/ptII/ptolemy/actor/lib/test/auto/twoPublishers.xml (RunModel)" time="0.022" />
  <system-out><![CDATA[/home/travis/build/icyphy/ptII/ptolemy/actor/lib/test/AbsoluteValue.tcl
testDefs.tcl: setting time out to 9000 seconds at Mon Mar 25 22:38:08 UTC 2019
75 ms. Memory: 116224K Free: 109674K (94%)
3 ms. Memory: 116224K Free: 108486K (93%)
4 ms. Memory: 116224K Free: 107885K (93%)
4 ms. Memory: 116224K Free: 106690K (92%)
/home/travis/build/icyphy/ptII/ptolemy/actor/lib/test/AddSubtract.tcl
17 ms. Memory: 116224K Free: 104870K (90%)
13 ms. Memory: 116224K Free: 104236K (90%)
5 ms. Memory: 116224K Free: 103049K (89%)
5 ms. Memory: 116224K Free: 102455K (88%)
7 ms. Memory: 116224K Free: 101854K (88%)
17 ms. Memory: 116224K Free: 101220K (87%)
/home/travis/build/icyphy/ptII/ptolemy/actor/lib/test/Average.tcl
14 ms. Memory: 116224K Free: 99400K (86%)
14 ms. Memory: 116224K Free: 98173K (84%)
/home/travis/build/icyphy/ptII/ptolemy/actor/lib/test/Bernoulli.tcl
8 ms. Memory: 116224K Free: 96376K (83%)
1 ms. Memory: 116224K Free: 95783K (82%)
/home/travis/build/icyphy/ptII/ptolemy/actor/lib/test/Clock.tcl
preinitializing
resolving types
initializing
executing number 1
wrapping up
idle
22 ms. Memory: 116224K Free: 93970K (81%)
Completed execution with 5 iterations
preinitializing
resolving types
initializing
executing number 1
wrapping up
idle
2 ms. Memory: 116224K Free: 92767K (80%)
Completed execution with 5 iterations
preinitializing
resolving types
initializing
executing number 1
wrapping up
idle
3 ms. Memory: 116224K Free: 92158K (79%)
Completed execution with 5 iterations
/home/travis/build/icyphy/ptII/ptolemy/actor/lib/test/Commutator.tcl
5 ms. Memory: 116224K Free: 90361K (78%)
4 ms. Memory: 116224K Free: 89158K (77%)
7 ms. Memory: 116224K Free: 84948K (73%)
/home/travis/build/icyphy/ptII/ptolemy/actor/lib/test/Const.tcl
3 ms. Memory: 116224K Free: 83132K (72%)
6 ms. Memory: 116224K Free: 82539K (71%)
2 ms. Memory: 116224K Free: 81945K (71%)
2 ms. Memory: 116224K Free: 81352K (70%)
14 ms. Memory: 146944K Free: 140445K (96%)
21 ms. Memory: 146944K Free: 138846K (94%)
13 ms. Memory: 146944K Free: 137629K (94%)
3 ms. Memory: 146944K Free: 136413K (93%)
/home/travis/build/icyphy/ptII/ptolemy/actor/lib/test/CurrentTime.tcl
preinitializing
resolving types
initializing
executing number 1
wrapping up
idle
14 ms. Memory: 146944K Free: 135197K (92%)
Completed execution with 11 iterations
/home/travis/build/icyphy/ptII/ptolemy/actor/lib/test/DB.tcl
8 ms. Memory: 146944K Free: 131551K (90%)
4 ms. Memory: 146944K Free: 131551K (90%)
1 ms. Memory: 146944K Free: 131551K (90%)
/home/travis/build/icyphy/ptII/ptolemy/actor/lib/test/DiscreteRandomSource.tcl
preinitializing
resolving types
initializing
executing number 1
wrapping up
idle
8 ms. Memory: 146944K Free: 129135K (88%)
Completed execution with 4 iterations
preinitializing
resolving types
initializing
executing number 1
wrapping up
idle
7 ms. Memory: 146944K Free: 129135K (88%)
Completed execution with 4 iterations
preinitializing
resolving types
initializing
executing number 1
wrapping up
idle
3 ms. Memory: 146944K Free: 127934K (87%)
Completed execution with 4 iterations
preinitializing
resolving types
initializing
executing number 1
wrapping up
idle
3 ms. Memory: 146944K Free: 127934K (87%)
Completed execution with 4 iterations
preinitializing
resolving types
initializing
executing number 1
wrapping up
idle
15 ms. Memory: 146944K Free: 127934K (87%)
Completed execution with 4 iterations
/home/travis/build/icyphy/ptII/ptolemy/actor/lib/test/Distributor.tcl
3 ms. Memory: 146944K Free: 125534K (85%)
3 ms. Memory: 146944K Free: 125534K (85%)
StreamChangeRequest.changeExecuted(): <deleteEntity name="rec2"/> succeeded
StreamChangeRequest.changeExecuted(): <deleteRelation name="r2"/> succeeded
StreamChangeRequest.changeExecuted(): Record firings per iteration succeeded
16 ms. Memory: 146944K Free: 123133K (84%)
/home/travis/build/icyphy/ptII/ptolemy/actor/lib/test/Exit.tcl
Exit.tcl: this will print a message about Manager.exitAfterWrapup, which can be ignored.
3 ms. Memory: 146944K Free: 120118K (82%)
/home/travis/build/icyphy/ptII/ptolemy/actor/lib/test/Expression.tcl
5 ms. Memory: 146944K Free: 116489K (79%)
3 ms. Memory: 146944K Free: 115288K (78%)
4 ms. Memory: 146944K Free: 115288K (78%)
preinitializing
resolving types
initializing
executing number 1
wrapping up
idle
5 ms. Memory: 146944K Free: 114088K (78%)
Completed execution with 6 iterations
3 ms. Memory: 146944K Free: 112888K (77%)
2 ms. Memory: 146944K Free: 111687K (76%)
5 ms. Memory: 146944K Free: 110487K (75%)
3 ms. Memory: 146944K Free: 109287K (74%)
3 ms. Memory: 146944K Free: 108087K (74%)
/home/travis/build/icyphy/ptII/ptolemy/actor/lib/test/Gaussian.tcl
4 ms. Memory: 146944K Free: 106886K (73%)
sleeping 1 seconds: .....................................................................................................................................................................................................................................................................................................................................................................................................................................................................................................................................................................................................................................................................................................................................................................................................................................................................................................................................................................................................................................................................................................................................................................................................................................................................................................................................................................................................................................................................................................................................................................................................................................................................................................................................................................................................................................................................................................................................................................................................................................................................................................................................................................................................................................................................................................................................................................................................................................................................................................................................................................................................................................................................................................................................................................................................................................................................................................................................................................................................................................................................................................................................................................................................................................................................................................................................................................................................................................................................................................................................................................................................................................................................................................................................................................................................................................................................................................................................................................................................................................................................................................................................................................................................................................................................................................................................................................................................................................................................................................................................................................................................................................................................................................................................................................................................................................................................................................................................................................................................................................................................................................................................................................................................................................................................................................................................................................................................................................................................................................................................................................................................................................................................................................................................................................................................................................................................................................................................................................................................................................................................................................................................................................................................................................................................................................................................................................................................................................................................................................................................................................................................................................................................................................................................................................................................................................................................................................................................................................................................................................................................................................................................................................................................................................................................................................................................................................................................................................................................................................................................................................................................................................................................................................................................................................................................................................................................................................................................................................................................................................................................................................................................................................................................................................................................................................................................................................................................................................................................................................................................................................................................................................................................................................................................................................................................................................................................................................................................................................................................................................................................................................................................................................................................................................................................................................................................................................................................................................................................................................................................................................................................................................................................................................................................................................................................................................................................................................................................................................................................................................................................................................................................................................................................................................................................................................................................................................................................................................................................................................................................................................................................................................................................................................................................................................................................................................................................................................................................................................................................................................................................................................................................................................................................................................................................................................................................................................................................................................................................................................................................................................................................................................................................................................................................................................................................................................................................................................................................................................................................................................................................................................................................................................................................................................................................................................................................................................................................................................................................................................................................................................................................................................................................................................................................................................................................................................................................................................................................................................................................................................................................................................................................................................................................................................................................................................................................................................................................................................................................................................................................................................................................................................................................................................................................................................................................................................................................................................................................................................................................................................................................................................................................................................................................................................................................................................................................................................................................................................................................................................................................................................................................................................................................................................................................................................................................................................................................................................................................................................................................................................................................................................................................................................................................................................................................................................................................................................................................................................................................................................................................................................................................................................................................................................................................................................................................................................................................................................................................................................................................................................................................................................................................................................................................................................................................................................................................................................................................................................................................................................................................................................................................................................................................................................................................................................................................................................................................................................................................................................................................................................................................................................................................................................................................................................................................................................................................................................................................................................................................................................................................................................................................................................................................................................................................................................................................................................................................................................................................................................................................................................................................................................................................................................................................................................................................................................................................................................................................................................................................................................................................................................................................................................................................................................................................................................................................................................................................................................................................................................................................................................................................................................................................................................................................................................................................................................................................................................................................................................................................................................................................................................................................................................................................................................................................................................................................................................................................................................................................................................................................................................................................................................................................................................................................................................................................................................................................................................................................................................................................................................................................................................................................................................................................................................................................................................................................................................................................................................................................................................................................................................................................................................................................................................................................................................................................................................................................................................................................................................................................................................................................................................................................................................................................................................................................................................................................................................................................................................................................................................................................................................................................................................................................................................................................................................................................................................................................................................................................................................................................................................................................................................................................................................................................................................................................................................................................................................................................................................................................................................................................................................................................................................................................................................................................................................................................................................................................................................................................................................................................................................................................................................................................................................................................................................................................................................................................................................................................................................................................................................................................................................................................................................................................................................................................................................................................................................................................................................................................................................................................................................................................................................................................................................................................................................................................................................................................................................................................................................................................................................................................................................................................................................................................................................................................................................................................................................................................................................................................................................................................................................................................................................................................................................................................................................................................................................................................................................................................................................................................................................................................................................................................................................................................................................................................................................................................................................................................................................................................................................................................................................................................................................................................................................................................................................................................................................................................................................................................................................................................................................................................................................................................................................................................................................................................................................................................................................................................................................................................................................................................................................................................................................................................................................................................................................................................................................................................................................................................................................................................................................................................................................................................................................................................................................................................................................................................................................................................................................................................................................................................................................................................................................................................................................................................................................................................................................................................................................................................................................................................................................................................................................................................................................................................................................................................................................................................................................................................................................................................................................................................................................................................................................................................................................................................................................................................................................................................................................................................................................................................................................................................................................................................................................................................................................................................................................................................................................................................................................................................................................................................................................................................................................................................................................................................................................................................................................................................................................................................................................................................................................................................................................................................................................................................................................................................................................................................................................................................................................................................................................................................................................................................................................................................................................................................................................................................................................................................................................................................................................................................................................................................................................................................................................................................................................................................................................................................................................................................................................................................................................................................................................................................................................................................................................................................................................................................................................................................................................................................................................................................................................................................................................................................................................................................................................................................................................................................................................................................................................................................................................................................................................................................................................................................................................................................................................................................................................................................................................................................................................................................................................................................................................................................................................................................................................................................................................................................................................................................................................................................................................................................................................................................................................................................................................................3 ms. Memory: 208384K Free: 148421K (71%)
3 ms. Memory: 208384K Free: 146031K (70%)
2 ms. Memory: 208384K Free: 146031K (70%)
5 ms. Memory: 208384K Free: 145512K (70%)
6 ms. Memory: 208384K Free: 145512K (70%)
/home/travis/build/icyphy/ptII/ptolemy/actor/lib/test/IIR.tcl
/home/travis/build/icyphy/ptII/ptolemy/actor/lib/test/Interpolator.tcl
5 ms. Memory: 208384K Free: 140731K (68%)
3 ms. Memory: 208384K Free: 140731K (68%)
3 ms. Memory: 208384K Free: 138342K (66%)
2 ms. Memory: 208384K Free: 138342K (66%)
1 ms. Memory: 208384K Free: 138342K (66%)
2 ms. Memory: 208384K Free: 135952K (65%)
2 ms. Memory: 208384K Free: 135952K (65%)
1 ms. Memory: 208384K Free: 135952K (65%)
2 ms. Memory: 208384K Free: 133562K (64%)
2 ms. Memory: 208384K Free: 133562K (64%)
/home/travis/build/icyphy/ptII/ptolemy/actor/lib/test/MathFunction.tcl
3 ms. Memory: 208384K Free: 131172K (63%)
2 ms. Memory: 208384K Free: 131172K (63%)
1 ms. Memory: 208384K Free: 128782K (62%)
2 ms. Memory: 208384K Free: 128782K (62%)
3 ms. Memory: 208384K Free: 126392K (61%)
4 ms. Memory: 208384K Free: 124002K (60%)
/home/travis/build/icyphy/ptII/ptolemy/actor/lib/test/Maximum.tcl
3 ms. Memory: 208384K Free: 124002K (60%)
1 ms. Memory: 208384K Free: 121612K (58%)
3 ms. Memory: 208384K Free: 121612K (58%)
2 ms. Memory: 208384K Free: 121612K (58%)
/home/travis/build/icyphy/ptII/ptolemy/actor/lib/test/Minimum.tcl
6 ms. Memory: 208384K Free: 119222K (57%)
4 ms. Memory: 208384K Free: 119222K (57%)
6 ms. Memory: 208384K Free: 116832K (56%)
2 ms. Memory: 208384K Free: 116832K (56%)
/home/travis/build/icyphy/ptII/ptolemy/actor/lib/test/MultiplyDivide.tcl
12 ms. Memory: 208384K Free: 114442K (55%)
8 ms. Memory: 208384K Free: 114442K (55%)
2 ms. Memory: 208384K Free: 114442K (55%)
3 ms. Memory: 208384K Free: 112052K (54%)
7 ms. Memory: 208384K Free: 112052K (54%)
/home/travis/build/icyphy/ptII/ptolemy/actor/lib/test/OrderedMerge.tcl
Connections changed on port: inputA
Connections changed on port: inputB
Connections changed on port: output
Connections changed on port: output
Connections changed on port: output
Connections changed on port: input
.top. Preinitializing ...
Invoking preinitialize():  .top.OrderedMerge
Called preinitialize()
Invoking preinitialize():  .top.Ramp
Called preinitialize()
Invoking preinitialize():  .top.Ramp2
Called preinitialize()
Invoking preinitialize():  .top.Test
Called preinitialize()
Connections changed on port: inputA
Connections changed on port: output
Connections changed on port: inputB
Connections changed on port: output
Connections changed on port: output
Connections changed on port: input
.top. Finished preinitialize().
Called initialize().
Invoking initialize():  .top.OrderedMerge
Initializing actor: .top.OrderedMerge
Adding a thread: .top.OrderedMerge
Invoking initialize():  .top.Ramp
Initializing actor: .top.Ramp
Adding a thread: .top.Ramp
Invoking initialize():  .top.Ramp2
Initializing actor: .top.Ramp2
Adding a thread: .top.Ramp2
Invoking initialize():  .top.Test
Initializing actor: .top.Test
Adding a thread: .top.Test
-- Starting thread.
Called initialize()
Called prefire()
Called fire()
-- Starting thread.
Called initialize()
Called prefire()
Called fire()
Called postfire()
Called prefire()
Called fire()
-- Starting thread.
Called initialize()
Called prefire()
Called fire()
Called postfire()
Called prefire()
Called fire()
Called fire().
Checking for deadlock:
There are 3 Blocked actors, 0 Stopped actors, and 4 active threads.
Waiting for actors to stop.
-- Starting thread.
Called initialize()
Called prefire()
Called fire()
Checking for deadlock:
There are 2 Blocked actors, 0 Stopped actors, and 4 active threads.
Waiting for actors to stop.
Called postfire()
Called prefire()
Called fire()
Read input token from inputA with value 0.0
Next port to read input from is inputB
Called postfire()
Called prefire()
Called fire()
Called postfire()
Called prefire()
Called fire()
Checking for deadlock:
There are 2 Blocked actors, 0 Stopped actors, and 4 active threads.
Waiting for actors to stop.
Read input token from inputB with value 0.0
-- Read input: 0.0, which is expected to match: 0.0
Called prefire()
Called fire()
Checking for deadlock:
There are 3 Blocked actors, 0 Stopped actors, and 4 active threads.
Waiting for actors to stop.
Sent output token with value 0.0
Next port to read input from is inputA
Called postfire()
Called prefire()
Called fire()
Read input token from inputA with value 1.0
Sent output token with value 0.0
Next port to read input from is inputB
Called postfire()
Called prefire()
Called fire()
Read input token from inputB with value 1.5
Called postfire()
Called prefire()
Called fire()
Checking for deadlock:
There are 2 Blocked actors, 0 Stopped actors, and 4 active threads.
Waiting for actors to stop.
-- Read input: 0.0, which is expected to match: 0.0
Called prefire()
Called fire()
Called postfire()
Called prefire()
Called fire()
Checking for deadlock:
There are 3 Blocked actors, 0 Stopped actors, and 4 active threads.
Waiting for actors to stop.
Checking for deadlock:
There are 2 Blocked actors, 0 Stopped actors, and 4 active threads.
Waiting for actors to stop.
-- Read input: 1.0, which is expected to match: 1.0
Called prefire()
Called fire()
Checking for deadlock:
There are 3 Blocked actors, 0 Stopped actors, and 4 active threads.
Waiting for actors to stop.
Sent output token with value 1.0
Next port to read input from is inputA
Called postfire()
Called prefire()
Called fire()
Read input token from inputA with value 2.0
Sent output token with value 1.5
Next port to read input from is inputB
Called postfire()
Called prefire()
Called fire()
Read input token from inputB with value 3.0
Called postfire()
Called prefire()
Called fire()
Checking for deadlock:
There are 2 Blocked actors, 0 Stopped actors, and 4 active threads.
Waiting for actors to stop.
-- Read input: 1.5, which is expected to match: 1.5
Called prefire()
Called fire()
Called postfire()
Called prefire()
Called fire()
Checking for deadlock:
There are 3 Blocked actors, 0 Stopped actors, and 4 active threads.
Waiting for actors to stop.
Checking for deadlock:
There are 2 Blocked actors, 0 Stopped actors, and 4 active threads.
Waiting for actors to stop.
-- Read input: 2.0, which is expected to match: 2.0
Called prefire()
Called fire()
Checking for deadlock:
There are 3 Blocked actors, 0 Stopped actors, and 4 active threads.
Waiting for actors to stop.
Sent output token with value 2.0
Next port to read input from is inputA
Called postfire()
Called prefire()
Called fire()
Read input token from inputA with value 3.0
Sent output token with value 3.0
Next port to read input from is inputB
Called postfire()
Called prefire()
Called fire()
Read input token from inputB with value 4.5
Called postfire()
Called prefire()
Called fire()
Checking for deadlock:
There are 2 Blocked actors, 0 Stopped actors, and 4 active threads.
Waiting for actors to stop.
-- Read input: 3.0, which is expected to match: 3.0
Called prefire()
Called fire()
Called postfire()
Called prefire()
Called fire()
Checking for deadlock:
There are 3 Blocked actors, 0 Stopped actors, and 4 active threads.
Waiting for actors to stop.
Checking for deadlock:
There are 2 Blocked actors, 0 Stopped actors, and 4 active threads.
Waiting for actors to stop.
-- Read input: 3.0, which is expected to match: 3.0
Called prefire()
Called fire()
Checking for deadlock:
There are 3 Blocked actors, 0 Stopped actors, and 4 active threads.
Waiting for actors to stop.
Sent output token with value 3.0
Next port to read input from is inputA
Called postfire()
Called prefire()
Called fire()
Read input token from inputA with value 4.0
Sent output token with value 4.0
Next port to read input from is inputA
Called postfire()
Called prefire()
Called fire()
Checking for deadlock:
There are 2 Blocked actors, 0 Stopped actors, and 4 active threads.
Waiting for actors to stop.
-- Read input: 4.0, which is expected to match: 4.0
Called prefire()
Called fire()
Past the end of training data. Read and discard all inputs.
Checking for deadlock:
There are 3 Blocked actors, 0 Stopped actors, and 4 active threads.
Waiting for actors to stop.
Called postfire()
Called prefire()
Called fire()
Checking for deadlock:
There are 3 Blocked actors, 0 Stopped actors, and 4 active threads.
Waiting for actors to stop.
Checking for deadlock:
There are 2 Blocked actors, 0 Stopped actors, and 4 active threads.
Waiting for actors to stop.
Called postfire()
Called prefire()
Called fire()
Checking for deadlock:
There are 3 Blocked actors, 0 Stopped actors, and 4 active threads.
Waiting for actors to stop.
Read input token from inputA with value 5.0
Called prefire()
Called fire()
Past the end of training data. Read and discard all inputs.
Checking for deadlock:
There are 3 Blocked actors, 0 Stopped actors, and 4 active threads.
Waiting for actors to stop.
Sent output token with value 4.5
Next port to read input from is inputB
Called postfire()
Called prefire()
Called fire()
Called postfire()
Called prefire()
Called fire()
Checking for deadlock:
There are 3 Blocked actors, 0 Stopped actors, and 4 active threads.
Waiting for actors to stop.
Read input token from inputB with value 6.0
Called prefire()
Called fire()
Past the end of training data. Read and discard all inputs.
Checking for deadlock:
There are 3 Blocked actors, 0 Stopped actors, and 4 active threads.
Waiting for actors to stop.
Sent output token with value 5.0
Next port to read input from is inputA
Called postfire()
Called prefire()
Called fire()
Checking for deadlock:
There are 2 Blocked actors, 0 Stopped actors, and 4 active threads.
Waiting for actors to stop.
Called postfire()
Called prefire()
Called fire()
Checking for deadlock:
There are 3 Blocked actors, 0 Stopped actors, and 4 active threads.
Waiting for actors to stop.
Read input token from inputA with value 6.0
Checking for deadlock:
There are 2 Blocked actors, 0 Stopped actors, and 4 active threads.
Waiting for actors to stop.
Called prefire()
Called fire()
Past the end of training data. Read and discard all inputs.
Checking for deadlock:
There are 3 Blocked actors, 0 Stopped actors, and 4 active threads.
Waiting for actors to stop.
Sent output token with value 6.0
Next port to read input from is inputB
Called postfire()
Called prefire()
Called fire()
Called postfire()
Called prefire()
Called fire()
Checking for deadlock:
There are 3 Blocked actors, 0 Stopped actors, and 4 active threads.
Waiting for actors to stop.
Read input token from inputB with value 7.5
Called prefire()
Called fire()
Past the end of training data. Read and discard all inputs.
Checking for deadlock:
There are 3 Blocked actors, 0 Stopped actors, and 4 active threads.
Waiting for actors to stop.
Sent output token with value 6.0
Next port to read input from is inputA
Called postfire()
Called prefire()
Called fire()
Checking for deadlock:
There are 2 Blocked actors, 0 Stopped actors, and 4 active threads.
Waiting for actors to stop.
Called postfire()
Called prefire()
Called fire()
Checking for deadlock:
There are 3 Blocked actors, 0 Stopped actors, and 4 active threads.
Waiting for actors to stop.
Read input token from inputA with value 7.0
Checking for deadlock:
There are 2 Blocked actors, 0 Stopped actors, and 4 active threads.
Waiting for actors to stop.
Called prefire()
Called fire()
Past the end of training data. Read and discard all inputs.
Checking for deadlock:
There are 3 Blocked actors, 0 Stopped actors, and 4 active threads.
Waiting for actors to stop.
Sent output token with value 7.0
Next port to read input from is inputA
Called postfire()
Called prefire()
Called fire()
Checking for deadlock:
There are 2 Blocked actors, 0 Stopped actors, and 4 active threads.
Waiting for actors to stop.
-- Thread wrapup() called.
Called wrapup()
Thread .top.Ramp is exiting.
Checking for deadlock:
There are 2 Blocked actors, 0 Stopped actors, and 3 active threads.
Waiting for actors to stop.
-- Thread stopped.
Read input token from inputA with value 8.0
Checking for deadlock:
There are 1 Blocked actors, 0 Stopped actors, and 3 active threads.
Waiting for actors to stop.
Called prefire()
Called fire()
Past the end of training data. Read and discard all inputs.
Checking for deadlock:
There are 2 Blocked actors, 0 Stopped actors, and 3 active threads.
Waiting for actors to stop.
Sent output token with value 7.5
Next port to read input from is inputB
Called postfire()
Called prefire()
Called fire()
Called postfire()
Called prefire()
Called fire()
Checking for deadlock:
There are 2 Blocked actors, 0 Stopped actors, and 3 active threads.
Waiting for actors to stop.
Read input token from inputB with value 9.0
Called prefire()
Called fire()
Past the end of training data. Read and discard all inputs.
Checking for deadlock:
There are 2 Blocked actors, 0 Stopped actors, and 3 active threads.
Waiting for actors to stop.
Sent output token with value 8.0
Next port to read input from is inputA
Called postfire()
Called prefire()
Called fire()
Read input token from inputA with value 9.0
Checking for deadlock:
There are 1 Blocked actors, 0 Stopped actors, and 3 active threads.
Waiting for actors to stop.
Called prefire()
Called fire()
Past the end of training data. Read and discard all inputs.
Checking for deadlock:
There are 2 Blocked actors, 0 Stopped actors, and 3 active threads.
Waiting for actors to stop.
Sent output token with value 9.0
Next port to read input from is inputB
Called postfire()
Called prefire()
Called fire()
Called postfire()
Called prefire()
Called fire()
Checking for deadlock:
There are 2 Blocked actors, 0 Stopped actors, and 3 active threads.
Waiting for actors to stop.
Read input token from inputB with value 10.5
Called prefire()
Called fire()
Past the end of training data. Read and discard all inputs.
Checking for deadlock:
There are 2 Blocked actors, 0 Stopped actors, and 3 active threads.
Waiting for actors to stop.
Sent output token with value 9.0
Next port to read input from is inputA
Called postfire()
Called prefire()
Called fire()
Checking for deadlock:
There are 3 Blocked actors, 0 Stopped actors, and 3 active threads.
Actors have stopped.
Checking for deadlock:
There are 3 Blocked actors, 0 Stopped actors, and 3 active threads.
Deadlock detected.
Resolving Deadlock
Checking for deadlock:
There are 3 Blocked actors, 0 Stopped actors, and 3 active threads.
Artificial Deadlock - increasing queue capacity.
increasing the capacity of receiver ptolemy.actor.TypedIOPort {.top.OrderedMerge.inputB} to 2
Director: Called postfire().
Called postfire().
_stopRequested = false
_stopFireRequested = false
Returning from postfire(): true
Called fire().
Checking for deadlock:
There are 2 Blocked actors, 0 Stopped actors, and 3 active threads.
Waiting for actors to stop.
-- Thread wrapup() called.
Called wrapup()
Thread .top.Ramp2 is exiting.
-- Thread stopped.
Checking for deadlock:
There are 2 Blocked actors, 0 Stopped actors, and 2 active threads.
Actors have stopped.
Checking for deadlock:
There are 2 Blocked actors, 0 Stopped actors, and 2 active threads.
Deadlock detected.
Resolving Deadlock
Checking for deadlock:
There are 2 Blocked actors, 0 Stopped actors, and 2 active threads.
Deadlock detected: no processes blocked on write, but some are blocked on read.
Called postfire().
_stopRequested = false
_stopFireRequested = false
Returning from postfire(): false
Finished deactivating branches.
Called wrapup().
-- Thread wrapup() called.
Called wrapup()
Thread .top.OrderedMerge is exiting.
-- Thread wrapup() called.
Called wrapup()
Thread .top.Test is exiting.
-- Thread stopped.
-- Blocked Receiver call threw TerminateProcessException.
33 ms. Memory: 208384K Free: 104747K (50%)
.top. Preinitializing ...
Invoking preinitialize():  .top.OrderedMerge
Called preinitialize()
Invoking preinitialize():  .top.Ramp
Called preinitialize()
Invoking preinitialize():  .top.Ramp2
Called preinitialize()
Invoking preinitialize():  .top.Test
Called preinitialize()
.top. Finished preinitialize().
Called initialize().
Invoking initialize():  .top.OrderedMerge
Initializing actor: .top.OrderedMerge
Adding a thread: .top.OrderedMerge
Invoking initialize():  .top.Ramp
Initializing actor: .top.Ramp
Adding a thread: .top.Ramp
Invoking initialize():  .top.Ramp2
Initializing actor: .top.Ramp2
Adding a thread: .top.Ramp2
Invoking initialize():  .top.Test
Initializing actor: .top.Test
Adding a thread: .top.Test
-- Thread stopped.
-- Blocked Receiver call threw TerminateProcessException.
-- Starting thread.
Called initialize()
Called prefire()
Called fire()
-- Starting thread.
Called initialize()
Called prefire()
Called fire()
Called postfire()
Called prefire()
Called fire()
-- Starting thread.
Called initialize()
Called prefire()
Called fire()
Called postfire()
Called prefire()
Called fire()
Called fire().
Checking for deadlock:
There are 3 Blocked actors, 0 Stopped actors, and 4 active threads.
Waiting for actors to stop.
-- Starting thread.
Called initialize()
Called prefire()
Called fire()
Checking for deadlock:
There are 2 Blocked actors, 0 Stopped actors, and 4 active threads.
Waiting for actors to stop.
Called postfire()
Called prefire()
Called fire()
Checking for deadlock:
There are 3 Blocked actors, 0 Stopped actors, and 4 active threads.
Waiting for actors to stop.
Read input token from inputA with value 0.0
Next port to read input from is inputB
Called postfire()
Called prefire()
Called fire()
Checking for deadlock:
There are 2 Blocked actors, 0 Stopped actors, and 4 active threads.
Waiting for actors to stop.
Called postfire()
Called prefire()
Called fire()
Checking for deadlock:
There are 3 Blocked actors, 0 Stopped actors, and 4 active threads.
Waiting for actors to stop.
Read input token from inputB with value 0.0
Sent output token with value 0.0
Next port to read input from is inputA
Called postfire()
Called prefire()
Called fire()
Read input token from inputA with value 1.0
Checking for deadlock:
There are 2 Blocked actors, 0 Stopped actors, and 4 active threads.
Waiting for actors to stop.
-- Read input: 0.0, which is expected to match: 0.0
Called prefire()
Called fire()
Checking for deadlock:
There are 2 Blocked actors, 0 Stopped actors, and 4 active threads.
Waiting for actors to stop.
Called postfire()
Called prefire()
Called fire()
Checking for deadlock:
There are 3 Blocked actors, 0 Stopped actors, and 4 active threads.
Waiting for actors to stop.
-- Read input: 0.0, which is expected to match: 0.0
Called prefire()
Called fire()
Checking for deadlock:
There are 3 Blocked actors, 0 Stopped actors, and 4 active threads.
Waiting for actors to stop.
Sent output token with value 0.0
Next port to read input from is inputB
Called postfire()
Called prefire()
Called fire()
Read input token from inputB with value 1.5
Sent output token with value 1.0
Next port to read input from is inputA
Called postfire()
Called prefire()
Called fire()
Read input token from inputA with value 2.0
Checking for deadlock:
There are 1 Blocked actors, 0 Stopped actors, and 4 active threads.
Waiting for actors to stop.
-- Read input: 1.0, which is expected to match: 1.0
Called prefire()
Called fire()
Checking for deadlock:
There are 1 Blocked actors, 0 Stopped actors, and 4 active threads.
Waiting for actors to stop.
Called postfire()
Called prefire()
Called fire()
Called postfire()
Called prefire()
Called fire()
Checking for deadlock:
There are 3 Blocked actors, 0 Stopped actors, and 4 active threads.
Waiting for actors to stop.
-- Read input: 1.5, which is expected to match: 1.5
Called prefire()
Called fire()
Checking for deadlock:
There are 3 Blocked actors, 0 Stopped actors, and 4 active threads.
Waiting for actors to stop.
Sent output token with value 1.5
Next port to read input from is inputB
Called postfire()
Called prefire()
Called fire()
Read input token from inputB with value 3.0
Sent output token with value 2.0
Next port to read input from is inputA
Called postfire()
Called prefire()
Called fire()
Read input token from inputA with value 3.0
Called postfire()
Called prefire()
Called fire()
Checking for deadlock:
There are 2 Blocked actors, 0 Stopped actors, and 4 active threads.
Waiting for actors to stop.
-- Read input: 2.0, which is expected to match: 2.0
Called prefire()
Called fire()
Called postfire()
Called prefire()
Called fire()
Checking for deadlock:
There are 3 Blocked actors, 0 Stopped actors, and 4 active threads.
Waiting for actors to stop.
Checking for deadlock:
There are 2 Blocked actors, 0 Stopped actors, and 4 active threads.
Waiting for actors to stop.
-- Read input: 3.0, which is expected to match: 3.0
Called prefire()
Called fire()
Checking for deadlock:
There are 3 Blocked actors, 0 Stopped actors, and 4 active threads.
Waiting for actors to stop.
Sent output token with value 3.0
Next port to read input from is inputB
Called postfire()
Called prefire()
Called fire()
Read input token from inputB with value 4.5
Sent output token with value 3.0
Next port to read input from is inputA
Called postfire()
Called prefire()
Called fire()
Read input token from inputA with value 4.0
Called postfire()
Called prefire()
Called fire()
Checking for deadlock:
There are 2 Blocked actors, 0 Stopped actors, and 4 active threads.
Waiting for actors to stop.
-- Read input: 3.0, which is expected to match: 3.0
Called prefire()
Called fire()
Called postfire()
Called prefire()
Called fire()
Checking for deadlock:
There are 3 Blocked actors, 0 Stopped actors, and 4 active threads.
Waiting for actors to stop.
Checking for deadlock:
There are 2 Blocked actors, 0 Stopped actors, and 4 active threads.
Waiting for actors to stop.
-- Read input: 4.0, which is expected to match: 4.0
Called prefire()
Called fire()
Past the end of training data. Read and discard all inputs.
Checking for deadlock:
There are 3 Blocked actors, 0 Stopped actors, and 4 active threads.
Waiting for actors to stop.
Sent output token with value 4.0
Next port to read input from is inputA
Called postfire()
Called prefire()
Called fire()
Read input token from inputA with value 5.0
Sent output token with value 4.5
Next port to read input from is inputB
Called postfire()
Called prefire()
Called fire()
Read input token from inputB with value 6.0
Called postfire()
Called prefire()
Called fire()
Checking for deadlock:
There are 2 Blocked actors, 0 Stopped actors, and 4 active threads.
Waiting for actors to stop.
Called prefire()
Called fire()
Past the end of training data. Read and discard all inputs.
Called postfire()
Called prefire()
Called fire()
Checking for deadlock:
There are 3 Blocked actors, 0 Stopped actors, and 4 active threads.
Waiting for actors to stop.
Checking for deadlock:
There are 2 Blocked actors, 0 Stopped actors, and 4 active threads.
Waiting for actors to stop.
Called prefire()
Called fire()
Past the end of training data. Read and discard all inputs.
Checking for deadlock:
There are 3 Blocked actors, 0 Stopped actors, and 4 active threads.
Waiting for actors to stop.
Sent output token with value 5.0
Next port to read input from is inputA
Called postfire()
Called prefire()
Called fire()
Read input token from inputA with value 6.0
Sent output token with value 6.0
Next port to read input from is inputB
Called postfire()
Called prefire()
Called fire()
Read input token from inputB with value 7.5
Called postfire()
Called prefire()
Called fire()
Checking for deadlock:
There are 2 Blocked actors, 0 Stopped actors, and 4 active threads.
Waiting for actors to stop.
Called prefire()
Called fire()
Past the end of training data. Read and discard all inputs.
Called postfire()
Called prefire()
Called fire()
Checking for deadlock:
There are 3 Blocked actors, 0 Stopped actors, and 4 active threads.
Waiting for actors to stop.
Checking for deadlock:
There are 2 Blocked actors, 0 Stopped actors, and 4 active threads.
Waiting for actors to stop.
Called prefire()
Called fire()
Past the end of training data. Read and discard all inputs.
Checking for deadlock:
There are 3 Blocked actors, 0 Stopped actors, and 4 active threads.
Waiting for actors to stop.
Sent output token with value 6.0
Next port to read input from is inputA
Called postfire()
Called prefire()
Called fire()
Read input token from inputA with value 7.0
Sent output token with value 7.0
Next port to read input from is inputA
Called postfire()
Called prefire()
Called fire()
Checking for deadlock:
There are 2 Blocked actors, 0 Stopped actors, and 4 active threads.
Waiting for actors to stop.
Called prefire()
Called fire()
Past the end of training data. Read and discard all inputs.
Checking for deadlock:
There are 3 Blocked actors, 0 Stopped actors, and 4 active threads.
Waiting for actors to stop.
Called postfire()
Called prefire()
Called fire()
Checking for deadlock:
There are 3 Blocked actors, 0 Stopped actors, and 4 active threads.
Waiting for actors to stop.
Checking for deadlock:
There are 2 Blocked actors, 0 Stopped actors, and 4 active threads.
Waiting for actors to stop.
-- Thread wrapup() called.
Called wrapup()
Thread .top.Ramp is exiting.
Checking for deadlock:
There are 2 Blocked actors, 0 Stopped actors, and 3 active threads.
Waiting for actors to stop.
-- Thread stopped.
Read input token from inputA with value 8.0
Called prefire()
Called fire()
Past the end of training data. Read and discard all inputs.
Checking for deadlock:
There are 2 Blocked actors, 0 Stopped actors, and 3 active threads.
Waiting for actors to stop.
Sent output token with value 7.5
Next port to read input from is inputB
Called postfire()
Called prefire()
Called fire()
Called postfire()
Called prefire()
Called fire()
Checking for deadlock:
There are 2 Blocked actors, 0 Stopped actors, and 3 active threads.
Waiting for actors to stop.
Read input token from inputB with value 9.0
Called prefire()
Called fire()
Past the end of training data. Read and discard all inputs.
Checking for deadlock:
There are 2 Blocked actors, 0 Stopped actors, and 3 active threads.
Waiting for actors to stop.
Sent output token with value 8.0
Next port to read input from is inputA
Called postfire()
Called prefire()
Called fire()
Read input token from inputA with value 9.0
Checking for deadlock:
There are 1 Blocked actors, 0 Stopped actors, and 3 active threads.
Waiting for actors to stop.
Called prefire()
Called fire()
Past the end of training data. Read and discard all inputs.
Checking for deadlock:
There are 2 Blocked actors, 0 Stopped actors, and 3 active threads.
Waiting for actors to stop.
Sent output token with value 9.0
Next port to read input from is inputB
Called postfire()
Called prefire()
Called fire()
Called postfire()
Called prefire()
Called fire()
Checking for deadlock:
There are 2 Blocked actors, 0 Stopped actors, and 3 active threads.
Waiting for actors to stop.
Read input token from inputB with value 10.5
Called prefire()
Called fire()
Past the end of training data. Read and discard all inputs.
Checking for deadlock:
There are 2 Blocked actors, 0 Stopped actors, and 3 active threads.
Waiting for actors to stop.
Sent output token with value 9.0
Next port to read input from is inputA
Called postfire()
Called prefire()
Called fire()
Checking for deadlock:
There are 3 Blocked actors, 0 Stopped actors, and 3 active threads.
Actors have stopped.
Checking for deadlock:
There are 3 Blocked actors, 0 Stopped actors, and 3 active threads.
Deadlock detected.
Resolving Deadlock
Checking for deadlock:
There are 3 Blocked actors, 0 Stopped actors, and 3 active threads.
Artificial Deadlock - increasing queue capacity.
increasing the capacity of receiver ptolemy.actor.TypedIOPort {.top.OrderedMerge.inputB} to 2
Director: Called postfire().
Called postfire().
_stopRequested = false
_stopFireRequested = false
Returning from postfire(): true
Called fire().
Checking for deadlock:
There are 2 Blocked actors, 0 Stopped actors, and 3 active threads.
Waiting for actors to stop.
-- Thread wrapup() called.
Called wrapup()
Thread .top.Ramp2 is exiting.
-- Thread stopped.
Checking for deadlock:
There are 2 Blocked actors, 0 Stopped actors, and 2 active threads.
Actors have stopped.
Checking for deadlock:
There are 2 Blocked actors, 0 Stopped actors, and 2 active threads.
Deadlock detected.
Resolving Deadlock
Checking for deadlock:
There are 2 Blocked actors, 0 Stopped actors, and 2 active threads.
Deadlock detected: no processes blocked on write, but some are blocked on read.
Called postfire().
_stopRequested = false
_stopFireRequested = false
Returning from postfire(): false
Finished deactivating branches.
Called wrapup().
-- Thread wrapup() called.
Called wrapup()
Thread .top.OrderedMerge is exiting.
-- Thread wrapup() called.
Called wrapup()
Thread .top.Test is exiting.
-- Thread stopped.
-- Blocked Receiver call threw TerminateProcessException.
12 ms. Memory: 208384K Free: 99832K (48%)
/home/travis/build/icyphy/ptII/ptolemy/actor/lib/test/Publisher.tcl
-- Thread stopped.
-- Blocked Receiver call threw TerminateProcessException.
12 ms. Memory: 208384K Free: 92662K (44%)
9 ms. Memory: 208384K Free: 87882K (42%)
9 ms. Memory: 208384K Free: 83102K (40%)
6 ms. Memory: 208384K Free: 83102K (40%)
7 ms. Memory: 208384K Free: 83102K (40%)
9 ms. Memory: 208384K Free: 80712K (39%)
3 ms. Memory: 208384K Free: 80712K (39%)
5 ms. Memory: 208384K Free: 80712K (39%)
1 ms. Memory: 208384K Free: 192803K (93%)
3 ms. Memory: 208384K Free: 188122K (90%)
2 ms. Memory: 208384K Free: 188122K (90%)
1 ms. Memory: 208384K Free: 185782K (89%)
16 ms. Memory: 208384K Free: 178423K (86%)
19 ms. Memory: 208384K Free: 166720K (80%)
16 ms. Memory: 208384K Free: 155018K (74%)
/home/travis/build/icyphy/ptII/ptolemy/actor/lib/test/Pulse.tcl
2 ms. Memory: 208384K Free: 115230K (55%)
1 ms. Memory: 208384K Free: 115230K (55%)
1 ms. Memory: 208384K Free: 115230K (55%)
1 ms. Memory: 208384K Free: 112889K (54%)
1 ms. Memory: 208384K Free: 112889K (54%)
1 ms. Memory: 208384K Free: 112889K (54%)
2 ms. Memory: 208384K Free: 110549K (53%)
1 ms. Memory: 208384K Free: 110549K (53%)
0 ms. Memory: 208384K Free: 110549K (53%)
/home/travis/build/icyphy/ptII/ptolemy/actor/lib/test/Ramp.tcl
2 ms. Memory: 208384K Free: 108182K (52%)
2 ms. Memory: 208384K Free: 108182K (52%)
1 ms. Memory: 208384K Free: 105842K (51%)
2 ms. Memory: 208384K Free: 105842K (51%)
4 ms. Memory: 208384K Free: 105842K (51%)
3 ms. Memory: 208384K Free: 103493K (50%)
10 ms. Memory: 208384K Free: 103493K (50%)
5 actors
6000 microseconds per iteration to create
11 ms. Memory: 208384K Free: 101153K (49%)
1 ms. Memory: 208384K Free: 98812K (47%)
2 ms. Memory: 208384K Free: 98812K (47%)
2 ms. Memory: 208384K Free: 98812K (47%)
50 actors
42000 microseconds per iteration to create
47 ms. Memory: 208384K Free: 82429K (40%)
8 ms. Memory: 208384K Free: 82429K (40%)
5 ms. Memory: 208384K Free: 80089K (38%)
6 ms. Memory: 208384K Free: 80089K (38%)
500 actors
1327000 microseconds per iteration to create
210 ms. Memory: 331776K Free: 152307K (46%)
38 ms. Memory: 331776K Free: 147564K (44%)
35 ms. Memory: 331776K Free: 138053K (42%)
33 ms. Memory: 331776K Free: 133310K (40%)
/home/travis/build/icyphy/ptII/ptolemy/actor/lib/test/RampContinuous.tcl
5 ms. Memory: 331776K Free: 133310K (40%)
/home/travis/build/icyphy/ptII/ptolemy/actor/lib/test/RecordAssembler.tcl
10 ms. Memory: 331776K Free: 133310K (40%)
4 ms. Memory: 331776K Free: 128551K (39%)
/home/travis/build/icyphy/ptII/ptolemy/actor/lib/test/RecordDisassembler.tcl
5 ms. Memory: 331776K Free: 128551K (39%)
4 ms. Memory: 331776K Free: 128551K (39%)
3 ms. Memory: 331776K Free: 128551K (39%)
/home/travis/build/icyphy/ptII/ptolemy/actor/lib/test/Scale.tcl
2 ms. Memory: 331776K Free: 123808K (37%)
1 ms. Memory: 331776K Free: 123808K (37%)
1 ms. Memory: 331776K Free: 123808K (37%)
3 ms. Memory: 331776K Free: 123808K (37%)
3 ms. Memory: 331776K Free: 123808K (37%)
/home/travis/build/icyphy/ptII/ptolemy/actor/lib/test/SequentialClock.tcl
preinitializing
resolving types
initializing
executing number 1
wrapping up
idle
5 ms. Memory: 331776K Free: 119065K (36%)
Completed execution with 5 iterations
preinitializing
resolving types
initializing
executing number 1
wrapping up
idle
4 ms. Memory: 331776K Free: 119065K (36%)
Completed execution with 5 iterations
preinitializing
resolving types
initializing
executing number 1
wrapping up
idle
1 ms. Memory: 331776K Free: 119065K (36%)
Completed execution with 5 iterations
/home/travis/build/icyphy/ptII/ptolemy/actor/lib/test/SetVariable.tcl
5 ms. Memory: 331776K Free: 119065K (36%)
/home/travis/build/icyphy/ptII/ptolemy/actor/lib/test/Sinewave.tcl
/home/travis/build/icyphy/ptII/ptolemy/actor/lib/test/SubscriptionAggregator.tcl
4 ms. Memory: 331776K Free: 104811K (32%)
2 ms. Memory: 331776K Free: 104811K (32%)
0 ms. Memory: 331776K Free: 104811K (32%)
7 ms. Memory: 331776K Free: 104811K (32%)
1 ms. Memory: 331776K Free: 100068K (30%)
4 ms. Memory: 331776K Free: 95325K (29%)
...............................................................862 ms. Memory: 577536K Free: 220399K (38%)
/home/travis/build/icyphy/ptII/ptolemy/actor/lib/test/Test.tcl
 The next command will produce a warning about training mode,
   which may be ignored.
3 ms. Memory: 577536K Free: 220399K (38%)
1 ms. Memory: 577536K Free: 220399K (38%)
2 ms. Memory: 577536K Free: 220399K (38%)
1 ms. Memory: 577536K Free: 220399K (38%)
1 ms. Memory: 577536K Free: 220399K (38%)
3 ms. Memory: 577536K Free: 220399K (38%)
2 ms. Memory: 577536K Free: 220399K (38%)
 The next command will produce a warning about training mode,
   which may be ignored.
3 ms. Memory: 577536K Free: 210810K (37%)
 The next command will produce a warning about training mode,
   which may be ignored.
2 ms. Memory: 577536K Free: 210810K (37%)
1 ms. Memory: 577536K Free: 210810K (37%)
1 ms. Memory: 577536K Free: 210810K (37%)
2 ms. Memory: 577536K Free: 210810K (37%)
3 ms. Memory: 577536K Free: 210810K (37%)
5 ms. Memory: 577536K Free: 201205K (35%)
/home/travis/build/icyphy/ptII/ptolemy/actor/lib/test/TestExceptionHandler.tcl
 The next command will produce a warning about training mode,
   which may be ignored.
1 ms. Memory: 577536K Free: 201205K (35%)
0 ms. Memory: 577536K Free: 201205K (35%)
1 ms. Memory: 577536K Free: 201205K (35%)
/home/travis/build/icyphy/ptII/ptolemy/actor/lib/test/UnionDisassembler.tcl
11 ms. Memory: 577536K Free: 191617K (33%)
/home/travis/build/icyphy/ptII/ptolemy/actor/lib/test/VariableClock.tcl
preinitializing
resolving types
initializing
executing number 1
wrapping up
idle
3 ms. Memory: 577536K Free: 191617K (33%)
Completed execution with 11 iterations
preinitializing
resolving types
initializing
executing number 1
wrapping up
idle
3 ms. Memory: 577536K Free: 191617K (33%)
Completed execution with 10 iterations
03/25/19 10:38:15
Failed: 0  Total Tests: 234  ((Passed: 234, Newly Passed: 0)  Known Failed: 0) /home/travis/build/icyphy/ptII/ptolemy/actor/lib/test
----------------- testing (KnownFailure) /home/travis/build/icyphy/ptII/ptolemy/actor/lib/test/auto/knownFailedTests/PublisherPortToplevelSubscriber.xml
1 ms. Memory: 577536K Free: 181889K (31%)
Known Failure: java.lang.reflect.InvocationTargetException
----------------- testing (KnownFailure) /home/travis/build/icyphy/ptII/ptolemy/actor/lib/test/auto/knownFailedTests/PublisherSubscriberPortToplevel.xml
0 ms. Memory: 577536K Free: 162433K (28%)
Known Failure: java.lang.reflect.InvocationTargetException
----------------- testing (KnownFailure) /home/travis/build/icyphy/ptII/ptolemy/actor/lib/test/auto/knownFailedTests/PublisherSubscriptionAggregatorPort.xml
2 ms. Memory: 577536K Free: 142976K (25%)
Known Failure: java.lang.reflect.InvocationTargetException
----------------- testing (KnownFailure) /home/travis/build/icyphy/ptII/ptolemy/actor/lib/test/auto/knownFailedTests/sizedarray3.xml
6 ms. Memory: 577536K Free: 123520K (21%)
Known Failure: java.lang.reflect.InvocationTargetException
No auto/linux-amd64/*.xml tests in /home/travis/build/icyphy/ptII/ptolemy/actor/lib/test
AutoTests.java: About to close Vertx.
AutoTests.java: Vertx closed.

===========================================================================================
----------------- testing Mon Mar 25 22:38:15 UTC 2019 /home/travis/build/icyphy/ptII/ptolemy/actor/lib/test/auto/AbsoluteValue.xml
----------------- Instantiating /home/travis/build/icyphy/ptII/ptolemy/actor/lib/test/auto/AbsoluteValue.xml
5 ms. Memory: 580608K Free: 521912K (90%)
----------------- Invoking toplevel() on ptolemy.moml.MoMLSimpleApplication@7dee115
----------------- Done invoking toplevel() on ptolemy.moml.MoMLSimpleApplication@7dee115
reloadAllAccessors: .AbsoluteValue

===========================================================================================
----------------- testing Mon Mar 25 22:38:15 UTC 2019 /home/travis/build/icyphy/ptII/ptolemy/actor/lib/test/auto/AbsoluteValue2.xml
----------------- Instantiating /home/travis/build/icyphy/ptII/ptolemy/actor/lib/test/auto/AbsoluteValue2.xml
14 ms. Memory: 580608K Free: 503333K (87%)
----------------- Invoking toplevel() on ptolemy.moml.MoMLSimpleApplication@5e912944
----------------- Done invoking toplevel() on ptolemy.moml.MoMLSimpleApplication@5e912944
reloadAllAccessors: .AbsoluteValue2

===========================================================================================
----------------- testing Mon Mar 25 22:38:15 UTC 2019 /home/travis/build/icyphy/ptII/ptolemy/actor/lib/test/auto/Accumulator.xml
----------------- Instantiating /home/travis/build/icyphy/ptII/ptolemy/actor/lib/test/auto/Accumulator.xml
5 ms. Memory: 580608K Free: 493589K (85%)
----------------- Invoking toplevel() on ptolemy.moml.MoMLSimpleApplication@59adbba8
----------------- Done invoking toplevel() on ptolemy.moml.MoMLSimpleApplication@59adbba8
reloadAllAccessors: .Accumulator

===========================================================================================
----------------- testing Mon Mar 25 22:38:15 UTC 2019 /home/travis/build/icyphy/ptII/ptolemy/actor/lib/test/auto/Accumulator2.xml
----------------- Instantiating /home/travis/build/icyphy/ptII/ptolemy/actor/lib/test/auto/Accumulator2.xml
3 ms. Memory: 580608K Free: 487104K (84%)
----------------- Invoking toplevel() on ptolemy.moml.MoMLSimpleApplication@2a2f5b01
----------------- Done invoking toplevel() on ptolemy.moml.MoMLSimpleApplication@2a2f5b01
reloadAllAccessors: .Accumulator2

===========================================================================================
----------------- testing Mon Mar 25 22:38:15 UTC 2019 /home/travis/build/icyphy/ptII/ptolemy/actor/lib/test/auto/Accumulator3.xml
----------------- Instantiating /home/travis/build/icyphy/ptII/ptolemy/actor/lib/test/auto/Accumulator3.xml
3 ms. Memory: 580608K Free: 480618K (83%)
----------------- Invoking toplevel() on ptolemy.moml.MoMLSimpleApplication@74e613b4
----------------- Done invoking toplevel() on ptolemy.moml.MoMLSimpleApplication@74e613b4
reloadAllAccessors: .Accumulator3

===========================================================================================
----------------- testing Mon Mar 25 22:38:15 UTC 2019 /home/travis/build/icyphy/ptII/ptolemy/actor/lib/test/auto/ArrayAppend.xml
----------------- Instantiating /home/travis/build/icyphy/ptII/ptolemy/actor/lib/test/auto/ArrayAppend.xml
17 ms. Memory: 580608K Free: 462023K (80%)
----------------- Invoking toplevel() on ptolemy.moml.MoMLSimpleApplication@7a766ad2
----------------- Done invoking toplevel() on ptolemy.moml.MoMLSimpleApplication@7a766ad2
reloadAllAccessors: .ArrayAppend

===========================================================================================
----------------- testing Mon Mar 25 22:38:15 UTC 2019 /home/travis/build/icyphy/ptII/ptolemy/actor/lib/test/auto/ArrayAppend2.xml
----------------- Instantiating /home/travis/build/icyphy/ptII/ptolemy/actor/lib/test/auto/ArrayAppend2.xml
446 ms. Memory: 580608K Free: 374232K (64%)
----------------- Invoking toplevel() on ptolemy.moml.MoMLSimpleApplication@e1bb60b
----------------- Done invoking toplevel() on ptolemy.moml.MoMLSimpleApplication@e1bb60b
reloadAllAccessors: .ArrayAppend2

===========================================================================================
----------------- testing Mon Mar 25 22:38:16 UTC 2019 /home/travis/build/icyphy/ptII/ptolemy/actor/lib/test/auto/ArrayAppend3.xml
----------------- Instantiating /home/travis/build/icyphy/ptII/ptolemy/actor/lib/test/auto/ArrayAppend3.xml
7 ms. Memory: 580608K Free: 367746K (63%)
----------------- Invoking toplevel() on ptolemy.moml.MoMLSimpleApplication@5b37039d
----------------- Done invoking toplevel() on ptolemy.moml.MoMLSimpleApplication@5b37039d
reloadAllAccessors: .ArrayAppend3

===========================================================================================
----------------- testing Mon Mar 25 22:38:16 UTC 2019 /home/travis/build/icyphy/ptII/ptolemy/actor/lib/test/auto/ArrayAppend4.xml
----------------- Instantiating /home/travis/build/icyphy/ptII/ptolemy/actor/lib/test/auto/ArrayAppend4.xml
8 ms. Memory: 580608K Free: 361261K (62%)
----------------- Invoking toplevel() on ptolemy.moml.MoMLSimpleApplication@4f716f84
----------------- Done invoking toplevel() on ptolemy.moml.MoMLSimpleApplication@4f716f84
reloadAllAccessors: .ArrayAppend4

===========================================================================================
----------------- testing Mon Mar 25 22:38:16 UTC 2019 /home/travis/build/icyphy/ptII/ptolemy/actor/lib/test/auto/ArrayAppend5.xml
----------------- Instantiating /home/travis/build/icyphy/ptII/ptolemy/actor/lib/test/auto/ArrayAppend5.xml
4 ms. Memory: 580608K Free: 345925K (60%)
----------------- Invoking toplevel() on ptolemy.moml.MoMLSimpleApplication@5c0d6997
----------------- Done invoking toplevel() on ptolemy.moml.MoMLSimpleApplication@5c0d6997
reloadAllAccessors: .ArrayAppend5

===========================================================================================
----------------- testing Mon Mar 25 22:38:16 UTC 2019 /home/travis/build/icyphy/ptII/ptolemy/actor/lib/test/auto/ArrayAppend6.xml
----------------- Instantiating /home/travis/build/icyphy/ptII/ptolemy/actor/lib/test/auto/ArrayAppend6.xml
5 ms. Memory: 580608K Free: 339439K (58%)
----------------- Invoking toplevel() on ptolemy.moml.MoMLSimpleApplication@17a3d680
----------------- Done invoking toplevel() on ptolemy.moml.MoMLSimpleApplication@17a3d680
reloadAllAccessors: .ArrayAppend6

===========================================================================================
----------------- testing Mon Mar 25 22:38:16 UTC 2019 /home/travis/build/icyphy/ptII/ptolemy/actor/lib/test/auto/ArrayAppendPerformanceTest.xml
----------------- Instantiating /home/travis/build/icyphy/ptII/ptolemy/actor/lib/test/auto/ArrayAppendPerformanceTest.xml
22 ms. Memory: 580608K Free: 326444K (56%)
----------------- Invoking toplevel() on ptolemy.moml.MoMLSimpleApplication@342fd72
----------------- Done invoking toplevel() on ptolemy.moml.MoMLSimpleApplication@342fd72
reloadAllAccessors: .ArrayAppendPerformanceTest

===========================================================================================
----------------- testing Mon Mar 25 22:38:16 UTC 2019 /home/travis/build/icyphy/ptII/ptolemy/actor/lib/test/auto/ArrayAppendWithEmptyInput.xml
----------------- Instantiating /home/travis/build/icyphy/ptII/ptolemy/actor/lib/test/auto/ArrayAppendWithEmptyInput.xml
8 ms. Memory: 580608K Free: 316700K (55%)
----------------- Invoking toplevel() on ptolemy.moml.MoMLSimpleApplication@3f00df9e
----------------- Done invoking toplevel() on ptolemy.moml.MoMLSimpleApplication@3f00df9e
reloadAllAccessors: .ArrayAppendWithEmptyInput

===========================================================================================
----------------- testing Mon Mar 25 22:38:16 UTC 2019 /home/travis/build/icyphy/ptII/ptolemy/actor/lib/test/auto/ArrayAverage.xml
----------------- Instantiating /home/travis/build/icyphy/ptII/ptolemy/actor/lib/test/auto/ArrayAverage.xml
8 ms. Memory: 580608K Free: 298105K (51%)
----------------- Invoking toplevel() on ptolemy.moml.MoMLSimpleApplication@4f18258d
----------------- Done invoking toplevel() on ptolemy.moml.MoMLSimpleApplication@4f18258d
reloadAllAccessors: .ArrayAverage

===========================================================================================
----------------- testing Mon Mar 25 22:38:16 UTC 2019 /home/travis/build/icyphy/ptII/ptolemy/actor/lib/test/auto/ArrayContains.xml
----------------- Instantiating /home/travis/build/icyphy/ptII/ptolemy/actor/lib/test/auto/ArrayContains.xml
3 ms. Memory: 580608K Free: 288369K (50%)
----------------- Invoking toplevel() on ptolemy.moml.MoMLSimpleApplication@2c4ea8cb
----------------- Done invoking toplevel() on ptolemy.moml.MoMLSimpleApplication@2c4ea8cb
reloadAllAccessors: .ArrayContains

===========================================================================================
----------------- testing Mon Mar 25 22:38:16 UTC 2019 /home/travis/build/icyphy/ptII/ptolemy/actor/lib/test/auto/ArrayElement.xml
----------------- Instantiating /home/travis/build/icyphy/ptII/ptolemy/actor/lib/test/auto/ArrayElement.xml
7 ms. Memory: 580608K Free: 281884K (49%)
----------------- Invoking toplevel() on ptolemy.moml.MoMLSimpleApplication@7f1e9c13
----------------- Done invoking toplevel() on ptolemy.moml.MoMLSimpleApplication@7f1e9c13
reloadAllAccessors: .ArrayElement

===========================================================================================
----------------- testing Mon Mar 25 22:38:16 UTC 2019 /home/travis/build/icyphy/ptII/ptolemy/actor/lib/test/auto/ArrayElementAsMatrix.xml
----------------- Instantiating /home/travis/build/icyphy/ptII/ptolemy/actor/lib/test/auto/ArrayElementAsMatrix.xml
12 ms. Memory: 580608K Free: 272148K (47%)
----------------- Invoking toplevel() on ptolemy.moml.MoMLSimpleApplication@57ca7913
----------------- Done invoking toplevel() on ptolemy.moml.MoMLSimpleApplication@57ca7913
reloadAllAccessors: .ArrayElementAsMatrix

===========================================================================================
----------------- testing Mon Mar 25 22:38:16 UTC 2019 /home/travis/build/icyphy/ptII/ptolemy/actor/lib/test/auto/ArrayElementI.xml
----------------- Instantiating /home/travis/build/icyphy/ptII/ptolemy/actor/lib/test/auto/ArrayElementI.xml
3 ms. Memory: 580608K Free: 256811K (44%)
----------------- Invoking toplevel() on ptolemy.moml.MoMLSimpleApplication@458af258
----------------- Done invoking toplevel() on ptolemy.moml.MoMLSimpleApplication@458af258
reloadAllAccessors: .ArrayElementI

===========================================================================================
----------------- testing Mon Mar 25 22:38:16 UTC 2019 /home/travis/build/icyphy/ptII/ptolemy/actor/lib/test/auto/ArrayExtract.xml
----------------- Instantiating /home/travis/build/icyphy/ptII/ptolemy/actor/lib/test/auto/ArrayExtract.xml
4 ms. Memory: 580608K Free: 247067K (43%)
----------------- Invoking toplevel() on ptolemy.moml.MoMLSimpleApplication@3e71d3aa
----------------- Done invoking toplevel() on ptolemy.moml.MoMLSimpleApplication@3e71d3aa
reloadAllAccessors: .ArrayExtract

===========================================================================================
----------------- testing Mon Mar 25 22:38:16 UTC 2019 /home/travis/build/icyphy/ptII/ptolemy/actor/lib/test/auto/ArrayExtract2.xml
----------------- Instantiating /home/travis/build/icyphy/ptII/ptolemy/actor/lib/test/auto/ArrayExtract2.xml
2 ms. Memory: 580608K Free: 240582K (41%)
----------------- Invoking toplevel() on ptolemy.moml.MoMLSimpleApplication@242bf11f
----------------- Done invoking toplevel() on ptolemy.moml.MoMLSimpleApplication@242bf11f
reloadAllAccessors: .ArrayExtract2

===========================================================================================
----------------- testing Mon Mar 25 22:38:16 UTC 2019 /home/travis/build/icyphy/ptII/ptolemy/actor/lib/test/auto/ArrayLength.xml
----------------- Instantiating /home/travis/build/icyphy/ptII/ptolemy/actor/lib/test/auto/ArrayLength.xml
2 ms. Memory: 580608K Free: 234097K (40%)
----------------- Invoking toplevel() on ptolemy.moml.MoMLSimpleApplication@418b4aed
----------------- Done invoking toplevel() on ptolemy.moml.MoMLSimpleApplication@418b4aed
reloadAllAccessors: .ArrayLength

===========================================================================================
----------------- testing Mon Mar 25 22:38:16 UTC 2019 /home/travis/build/icyphy/ptII/ptolemy/actor/lib/test/auto/ArrayLevelCrossing.xml
----------------- Instantiating /home/travis/build/icyphy/ptII/ptolemy/actor/lib/test/auto/ArrayLevelCrossing.xml
7 ms. Memory: 580608K Free: 215510K (37%)
----------------- Invoking toplevel() on ptolemy.moml.MoMLSimpleApplication@6ab8c7bd
----------------- Done invoking toplevel() on ptolemy.moml.MoMLSimpleApplication@6ab8c7bd
reloadAllAccessors: .ArrayLevelCrossing

===========================================================================================
----------------- testing Mon Mar 25 22:38:16 UTC 2019 /home/travis/build/icyphy/ptII/ptolemy/actor/lib/test/auto/ArrayLevelCrossing2.xml
----------------- Instantiating /home/travis/build/icyphy/ptII/ptolemy/actor/lib/test/auto/ArrayLevelCrossing2.xml
3 ms. Memory: 580608K Free: 200917K (35%)
----------------- Invoking toplevel() on ptolemy.moml.MoMLSimpleApplication@5d6c90bb
----------------- Done invoking toplevel() on ptolemy.moml.MoMLSimpleApplication@5d6c90bb
reloadAllAccessors: .ArrayLevelCrossing2

===========================================================================================
----------------- testing Mon Mar 25 22:38:16 UTC 2019 /home/travis/build/icyphy/ptII/ptolemy/actor/lib/test/auto/ArrayPeakSearch.xml
----------------- Instantiating /home/travis/build/icyphy/ptII/ptolemy/actor/lib/test/auto/ArrayPeakSearch.xml
6 ms. Memory: 580608K Free: 187923K (32%)
----------------- Invoking toplevel() on ptolemy.moml.MoMLSimpleApplication@1a3063ff
----------------- Done invoking toplevel() on ptolemy.moml.MoMLSimpleApplication@1a3063ff
reloadAllAccessors: .ArrayPeakSearch

===========================================================================================
----------------- testing Mon Mar 25 22:38:17 UTC 2019 /home/travis/build/icyphy/ptII/ptolemy/actor/lib/test/auto/ArrayPeakSearch2.xml
----------------- Instantiating /home/travis/build/icyphy/ptII/ptolemy/actor/lib/test/auto/ArrayPeakSearch2.xml
4 ms. Memory: 580608K Free: 174951K (30%)
----------------- Invoking toplevel() on ptolemy.moml.MoMLSimpleApplication@63411349
----------------- Done invoking toplevel() on ptolemy.moml.MoMLSimpleApplication@63411349
reloadAllAccessors: .ArrayPeakSearch2

===========================================================================================
----------------- testing Mon Mar 25 22:38:17 UTC 2019 /home/travis/build/icyphy/ptII/ptolemy/actor/lib/test/auto/ArrayPeakSearch3.xml
----------------- Instantiating /home/travis/build/icyphy/ptII/ptolemy/actor/lib/test/auto/ArrayPeakSearch3.xml
4 ms. Memory: 580608K Free: 153113K (26%)
----------------- Invoking toplevel() on ptolemy.moml.MoMLSimpleApplication@62916eb5
----------------- Done invoking toplevel() on ptolemy.moml.MoMLSimpleApplication@62916eb5
reloadAllAccessors: .ArrayPeakSearch3

===========================================================================================
----------------- testing Mon Mar 25 22:38:17 UTC 2019 /home/travis/build/icyphy/ptII/ptolemy/actor/lib/test/auto/ArrayRemoveElement.xml
----------------- Instantiating /home/travis/build/icyphy/ptII/ptolemy/actor/lib/test/auto/ArrayRemoveElement.xml
3 ms. Memory: 580608K Free: 143385K (25%)
----------------- Invoking toplevel() on ptolemy.moml.MoMLSimpleApplication@24c7a690
----------------- Done invoking toplevel() on ptolemy.moml.MoMLSimpleApplication@24c7a690
reloadAllAccessors: .ArrayRemoveElement

===========================================================================================
----------------- testing Mon Mar 25 22:38:17 UTC 2019 /home/travis/build/icyphy/ptII/ptolemy/actor/lib/test/auto/ArraySort.xml
----------------- Instantiating /home/travis/build/icyphy/ptII/ptolemy/actor/lib/test/auto/ArraySort.xml
3 ms. Memory: 580608K Free: 130398K (22%)
----------------- Invoking toplevel() on ptolemy.moml.MoMLSimpleApplication@717d2ced
----------------- Done invoking toplevel() on ptolemy.moml.MoMLSimpleApplication@717d2ced
reloadAllAccessors: .ArraySort

===========================================================================================
----------------- testing Mon Mar 25 22:38:17 UTC 2019 /home/travis/build/icyphy/ptII/ptolemy/actor/lib/test/auto/ArraySum.xml
----------------- Instantiating /home/travis/build/icyphy/ptII/ptolemy/actor/lib/test/auto/ArraySum.xml
3 ms. Memory: 580608K Free: 123913K (21%)
----------------- Invoking toplevel() on ptolemy.moml.MoMLSimpleApplication@64add1f7
----------------- Done invoking toplevel() on ptolemy.moml.MoMLSimpleApplication@64add1f7
reloadAllAccessors: .ArraySum

===========================================================================================
----------------- testing Mon Mar 25 22:38:17 UTC 2019 /home/travis/build/icyphy/ptII/ptolemy/actor/lib/test/auto/ArrayToElements.xml
----------------- Instantiating /home/travis/build/icyphy/ptII/ptolemy/actor/lib/test/auto/ArrayToElements.xml
8 ms. Memory: 580608K Free: 105334K (18%)
----------------- Invoking toplevel() on ptolemy.moml.MoMLSimpleApplication@6058de9b
----------------- Done invoking toplevel() on ptolemy.moml.MoMLSimpleApplication@6058de9b
reloadAllAccessors: .ArrayToElements

===========================================================================================
----------------- testing Mon Mar 25 22:38:17 UTC 2019 /home/travis/build/icyphy/ptII/ptolemy/actor/lib/test/auto/ArrayToMatrix.xml
----------------- Instantiating /home/travis/build/icyphy/ptII/ptolemy/actor/lib/test/auto/ArrayToMatrix.xml
6 ms. Memory: 580608K Free: 89104K (15%)
----------------- Invoking toplevel() on ptolemy.moml.MoMLSimpleApplication@1d203e8d
----------------- Done invoking toplevel() on ptolemy.moml.MoMLSimpleApplication@1d203e8d
reloadAllAccessors: .ArrayToMatrix

===========================================================================================
----------------- testing Mon Mar 25 22:38:17 UTC 2019 /home/travis/build/icyphy/ptII/ptolemy/actor/lib/test/auto/ArrayUpdate1.xml
----------------- Instantiating /home/travis/build/icyphy/ptII/ptolemy/actor/lib/test/auto/ArrayUpdate1.xml
2 ms. Memory: 580608K Free: 82619K (14%)
----------------- Invoking toplevel() on ptolemy.moml.MoMLSimpleApplication@5f899235
----------------- Done invoking toplevel() on ptolemy.moml.MoMLSimpleApplication@5f899235
reloadAllAccessors: .ArrayUpdate1

===========================================================================================
----------------- testing Mon Mar 25 22:38:17 UTC 2019 /home/travis/build/icyphy/ptII/ptolemy/actor/lib/test/auto/ArrayUpdate2.xml
----------------- Instantiating /home/travis/build/icyphy/ptII/ptolemy/actor/lib/test/auto/ArrayUpdate2.xml
5 ms. Memory: 580608K Free: 72875K (13%)
----------------- Invoking toplevel() on ptolemy.moml.MoMLSimpleApplication@74d15ebc
----------------- Done invoking toplevel() on ptolemy.moml.MoMLSimpleApplication@74d15ebc
reloadAllAccessors: .ArrayUpdate2

===========================================================================================
----------------- testing Mon Mar 25 22:38:17 UTC 2019 /home/travis/build/icyphy/ptII/ptolemy/actor/lib/test/auto/ArrayUpdate3.xml
----------------- Instantiating /home/travis/build/icyphy/ptII/ptolemy/actor/lib/test/auto/ArrayUpdate3.xml
2 ms. Memory: 580608K Free: 57538K (10%)
----------------- Invoking toplevel() on ptolemy.moml.MoMLSimpleApplication@a44324f
----------------- Done invoking toplevel() on ptolemy.moml.MoMLSimpleApplication@a44324f
reloadAllAccessors: .ArrayUpdate3

===========================================================================================
----------------- testing Mon Mar 25 22:38:17 UTC 2019 /home/travis/build/icyphy/ptII/ptolemy/actor/lib/test/auto/Assert1.xml
----------------- Instantiating /home/travis/build/icyphy/ptII/ptolemy/actor/lib/test/auto/Assert1.xml
2 ms. Memory: 878080K Free: 830901K (95%)
----------------- Invoking toplevel() on ptolemy.moml.MoMLSimpleApplication@741f7d91
----------------- Done invoking toplevel() on ptolemy.moml.MoMLSimpleApplication@741f7d91
reloadAllAccessors: .Assert1

===========================================================================================
----------------- testing Mon Mar 25 22:38:17 UTC 2019 /home/travis/build/icyphy/ptII/ptolemy/actor/lib/test/auto/Assert2.xml
----------------- Instantiating /home/travis/build/icyphy/ptII/ptolemy/actor/lib/test/auto/Assert2.xml
6 ms. Memory: 878080K Free: 810436K (92%)
----------------- Invoking toplevel() on ptolemy.moml.MoMLSimpleApplication@59f47864
----------------- Done invoking toplevel() on ptolemy.moml.MoMLSimpleApplication@59f47864
reloadAllAccessors: .Assert2

===========================================================================================
----------------- testing Mon Mar 25 22:38:17 UTC 2019 /home/travis/build/icyphy/ptII/ptolemy/actor/lib/test/auto/BooleanMultiplexor.xml
----------------- Instantiating /home/travis/build/icyphy/ptII/ptolemy/actor/lib/test/auto/BooleanMultiplexor.xml
2 ms. Memory: 878080K Free: 800059K (91%)
----------------- Invoking toplevel() on ptolemy.moml.MoMLSimpleApplication@31ecb6b
----------------- Done invoking toplevel() on ptolemy.moml.MoMLSimpleApplication@31ecb6b
reloadAllAccessors: .BooleanMultiplexor

===========================================================================================
----------------- testing Mon Mar 25 22:38:17 UTC 2019 /home/travis/build/icyphy/ptII/ptolemy/actor/lib/test/auto/BooleanMultiplexor2.xml
----------------- Instantiating /home/travis/build/icyphy/ptII/ptolemy/actor/lib/test/auto/BooleanMultiplexor2.xml
3 ms. Memory: 878080K Free: 789683K (90%)
----------------- Invoking toplevel() on ptolemy.moml.MoMLSimpleApplication@550ace73
----------------- Done invoking toplevel() on ptolemy.moml.MoMLSimpleApplication@550ace73
reloadAllAccessors: .BooleanMultiplexor2

===========================================================================================
----------------- testing Mon Mar 25 22:38:17 UTC 2019 /home/travis/build/icyphy/ptII/ptolemy/actor/lib/test/auto/BooleanMultiplexor3.xml
----------------- Instantiating /home/travis/build/icyphy/ptII/ptolemy/actor/lib/test/auto/BooleanMultiplexor3.xml
3 ms. Memory: 878080K Free: 779058K (89%)
----------------- Invoking toplevel() on ptolemy.moml.MoMLSimpleApplication@611cf254
----------------- Done invoking toplevel() on ptolemy.moml.MoMLSimpleApplication@611cf254
reloadAllAccessors: .BooleanMultiplexor3

===========================================================================================
----------------- testing Mon Mar 25 22:38:17 UTC 2019 /home/travis/build/icyphy/ptII/ptolemy/actor/lib/test/auto/BooleanSelect.xml
----------------- Instantiating /home/travis/build/icyphy/ptII/ptolemy/actor/lib/test/auto/BooleanSelect.xml
6 ms. Memory: 878080K Free: 758593K (86%)
----------------- Invoking toplevel() on ptolemy.moml.MoMLSimpleApplication@2785a63b
----------------- Done invoking toplevel() on ptolemy.moml.MoMLSimpleApplication@2785a63b
reloadAllAccessors: .BooleanSelect

===========================================================================================
----------------- testing Mon Mar 25 22:38:17 UTC 2019 /home/travis/build/icyphy/ptII/ptolemy/actor/lib/test/auto/BooleanSelect2.xml
----------------- Instantiating /home/travis/build/icyphy/ptII/ptolemy/actor/lib/test/auto/BooleanSelect2.xml
1 ms. Memory: 878080K Free: 748216K (85%)
----------------- Invoking toplevel() on ptolemy.moml.MoMLSimpleApplication@1ad62a7f
----------------- Done invoking toplevel() on ptolemy.moml.MoMLSimpleApplication@1ad62a7f
reloadAllAccessors: .BooleanSelect2

===========================================================================================
----------------- testing Mon Mar 25 22:38:17 UTC 2019 /home/travis/build/icyphy/ptII/ptolemy/actor/lib/test/auto/BooleanSwitch.xml
----------------- Instantiating /home/travis/build/icyphy/ptII/ptolemy/actor/lib/test/auto/BooleanSwitch.xml
4 ms. Memory: 878080K Free: 737840K (84%)
----------------- Invoking toplevel() on ptolemy.moml.MoMLSimpleApplication@7eac07b2
----------------- Done invoking toplevel() on ptolemy.moml.MoMLSimpleApplication@7eac07b2
reloadAllAccessors: .BooleanSwitch

===========================================================================================
----------------- testing Mon Mar 25 22:38:17 UTC 2019 /home/travis/build/icyphy/ptII/ptolemy/actor/lib/test/auto/BooleanSwitch2.xml
----------------- Instantiating /home/travis/build/icyphy/ptII/ptolemy/actor/lib/test/auto/BooleanSwitch2.xml
1 ms. Memory: 878080K Free: 727463K (83%)
----------------- Invoking toplevel() on ptolemy.moml.MoMLSimpleApplication@542866e
----------------- Done invoking toplevel() on ptolemy.moml.MoMLSimpleApplication@542866e
reloadAllAccessors: .BooleanSwitch2

===========================================================================================
----------------- testing Mon Mar 25 22:38:17 UTC 2019 /home/travis/build/icyphy/ptII/ptolemy/actor/lib/test/auto/BooleanSwitchCloningBugWithClassRelationGroup.xml
----------------- Instantiating /home/travis/build/icyphy/ptII/ptolemy/actor/lib/test/auto/BooleanSwitchCloningBugWithClassRelationGroup.xml
4 ms. Memory: 878080K Free: 717086K (82%)
----------------- Invoking toplevel() on ptolemy.moml.MoMLSimpleApplication@6c526448
----------------- Done invoking toplevel() on ptolemy.moml.MoMLSimpleApplication@6c526448
reloadAllAccessors: .BooleanSwitchCloningBugWithClassRelationGroup

===========================================================================================
----------------- testing Mon Mar 25 22:38:17 UTC 2019 /home/travis/build/icyphy/ptII/ptolemy/actor/lib/test/auto/BusActors.xml
----------------- Instantiating /home/travis/build/icyphy/ptII/ptolemy/actor/lib/test/auto/BusActors.xml
8 ms. Memory: 878080K Free: 691417K (79%)
----------------- Invoking toplevel() on ptolemy.moml.MoMLSimpleApplication@2113f118
----------------- Done invoking toplevel() on ptolemy.moml.MoMLSimpleApplication@2113f118
reloadAllAccessors: .BusActors

===========================================================================================
----------------- testing Mon Mar 25 22:38:17 UTC 2019 /home/travis/build/icyphy/ptII/ptolemy/actor/lib/test/auto/ClassWrapper.xml
----------------- Instantiating /home/travis/build/icyphy/ptII/ptolemy/actor/lib/test/auto/ClassWrapper.xml
2 ms. Memory: 878080K Free: 681041K (78%)
----------------- Invoking toplevel() on ptolemy.moml.MoMLSimpleApplication@6a036ade
----------------- Done invoking toplevel() on ptolemy.moml.MoMLSimpleApplication@6a036ade
reloadAllAccessors: .ClassWrapper

===========================================================================================
----------------- testing Mon Mar 25 22:38:17 UTC 2019 /home/travis/build/icyphy/ptII/ptolemy/actor/lib/test/auto/Clock.xml
----------------- Instantiating /home/travis/build/icyphy/ptII/ptolemy/actor/lib/test/auto/Clock.xml
3 ms. Memory: 878080K Free: 670664K (76%)
----------------- Invoking toplevel() on ptolemy.moml.MoMLSimpleApplication@31c4e192
----------------- Done invoking toplevel() on ptolemy.moml.MoMLSimpleApplication@31c4e192
reloadAllAccessors: .Clock

===========================================================================================
----------------- testing Mon Mar 25 22:38:17 UTC 2019 /home/travis/build/icyphy/ptII/ptolemy/actor/lib/test/auto/Clock10.xml
----------------- Instantiating /home/travis/build/icyphy/ptII/ptolemy/actor/lib/test/auto/Clock10.xml
2 ms. Memory: 878080K Free: 660288K (75%)
----------------- Invoking toplevel() on ptolemy.moml.MoMLSimpleApplication@789ac9b6
----------------- Done invoking toplevel() on ptolemy.moml.MoMLSimpleApplication@789ac9b6
reloadAllAccessors: .Clock10

===========================================================================================
----------------- testing Mon Mar 25 22:38:17 UTC 2019 /home/travis/build/icyphy/ptII/ptolemy/actor/lib/test/auto/Clock11.xml
----------------- Instantiating /home/travis/build/icyphy/ptII/ptolemy/actor/lib/test/auto/Clock11.xml
3 ms. Memory: 878080K Free: 639823K (73%)
----------------- Invoking toplevel() on ptolemy.moml.MoMLSimpleApplication@3f2e2c92
----------------- Done invoking toplevel() on ptolemy.moml.MoMLSimpleApplication@3f2e2c92
reloadAllAccessors: .Clock11

===========================================================================================
----------------- testing Mon Mar 25 22:38:17 UTC 2019 /home/travis/build/icyphy/ptII/ptolemy/actor/lib/test/auto/Clock12.xml
----------------- Instantiating /home/travis/build/icyphy/ptII/ptolemy/actor/lib/test/auto/Clock12.xml
2 ms. Memory: 878080K Free: 629446K (72%)
----------------- Invoking toplevel() on ptolemy.moml.MoMLSimpleApplication@797d7926
----------------- Done invoking toplevel() on ptolemy.moml.MoMLSimpleApplication@797d7926
reloadAllAccessors: .Clock12

===========================================================================================
----------------- testing Mon Mar 25 22:38:17 UTC 2019 /home/travis/build/icyphy/ptII/ptolemy/actor/lib/test/auto/Clock13.xml
----------------- Instantiating /home/travis/build/icyphy/ptII/ptolemy/actor/lib/test/auto/Clock13.xml
2 ms. Memory: 878080K Free: 619069K (71%)
----------------- Invoking toplevel() on ptolemy.moml.MoMLSimpleApplication@42ee685b
----------------- Done invoking toplevel() on ptolemy.moml.MoMLSimpleApplication@42ee685b
reloadAllAccessors: .Clock13

===========================================================================================
----------------- testing Mon Mar 25 22:38:17 UTC 2019 /home/travis/build/icyphy/ptII/ptolemy/actor/lib/test/auto/Clock14.xml
----------------- Instantiating /home/travis/build/icyphy/ptII/ptolemy/actor/lib/test/auto/Clock14.xml
3 ms. Memory: 878080K Free: 608693K (69%)
----------------- Invoking toplevel() on ptolemy.moml.MoMLSimpleApplication@313025e3
----------------- Done invoking toplevel() on ptolemy.moml.MoMLSimpleApplication@313025e3
reloadAllAccessors: .Clock14

===========================================================================================
----------------- testing Mon Mar 25 22:38:17 UTC 2019 /home/travis/build/icyphy/ptII/ptolemy/actor/lib/test/auto/Clock15.xml
----------------- Instantiating /home/travis/build/icyphy/ptII/ptolemy/actor/lib/test/auto/Clock15.xml
3 ms. Memory: 878080K Free: 598316K (68%)
----------------- Invoking toplevel() on ptolemy.moml.MoMLSimpleApplication@7ea4a66c
----------------- Done invoking toplevel() on ptolemy.moml.MoMLSimpleApplication@7ea4a66c
reloadAllAccessors: .Clock15

===========================================================================================
----------------- testing Mon Mar 25 22:38:17 UTC 2019 /home/travis/build/icyphy/ptII/ptolemy/actor/lib/test/auto/Clock16.xml
----------------- Instantiating /home/travis/build/icyphy/ptII/ptolemy/actor/lib/test/auto/Clock16.xml
18 ms. Memory: 878080K Free: 572655K (65%)
----------------- Invoking toplevel() on ptolemy.moml.MoMLSimpleApplication@3e18b738
----------------- Done invoking toplevel() on ptolemy.moml.MoMLSimpleApplication@3e18b738
reloadAllAccessors: .Clock16

===========================================================================================
----------------- testing Mon Mar 25 22:38:17 UTC 2019 /home/travis/build/icyphy/ptII/ptolemy/actor/lib/test/auto/Clock17.xml
----------------- Instantiating /home/travis/build/icyphy/ptII/ptolemy/actor/lib/test/auto/Clock17.xml
19 ms. Memory: 878080K Free: 557090K (63%)
----------------- Invoking toplevel() on ptolemy.moml.MoMLSimpleApplication@fab7bf9
----------------- Done invoking toplevel() on ptolemy.moml.MoMLSimpleApplication@fab7bf9
reloadAllAccessors: .Clock17

===========================================================================================
----------------- testing Mon Mar 25 22:38:18 UTC 2019 /home/travis/build/icyphy/ptII/ptolemy/actor/lib/test/auto/Clock18.xml
----------------- Instantiating /home/travis/build/icyphy/ptII/ptolemy/actor/lib/test/auto/Clock18.xml
18 ms. Memory: 878080K Free: 541509K (62%)
----------------- Invoking toplevel() on ptolemy.moml.MoMLSimpleApplication@4fd03e02
----------------- Done invoking toplevel() on ptolemy.moml.MoMLSimpleApplication@4fd03e02
reloadAllAccessors: .Clock18

===========================================================================================
----------------- testing Mon Mar 25 22:38:18 UTC 2019 /home/travis/build/icyphy/ptII/ptolemy/actor/lib/test/auto/Clock19.xml
----------------- Instantiating /home/travis/build/icyphy/ptII/ptolemy/actor/lib/test/auto/Clock19.xml
12 ms. Memory: 878080K Free: 525928K (60%)
----------------- Invoking toplevel() on ptolemy.moml.MoMLSimpleApplication@7867c284
----------------- Done invoking toplevel() on ptolemy.moml.MoMLSimpleApplication@7867c284
reloadAllAccessors: .Clock19

===========================================================================================
----------------- testing Mon Mar 25 22:38:18 UTC 2019 /home/travis/build/icyphy/ptII/ptolemy/actor/lib/test/auto/Clock2.xml
----------------- Instantiating /home/travis/build/icyphy/ptII/ptolemy/actor/lib/test/auto/Clock2.xml
5 ms. Memory: 878080K Free: 505463K (58%)
----------------- Invoking toplevel() on ptolemy.moml.MoMLSimpleApplication@766fe3dc
----------------- Done invoking toplevel() on ptolemy.moml.MoMLSimpleApplication@766fe3dc
reloadAllAccessors: .Clock2

===========================================================================================
----------------- testing Mon Mar 25 22:38:18 UTC 2019 /home/travis/build/icyphy/ptII/ptolemy/actor/lib/test/auto/Clock20.xml
----------------- Instantiating /home/travis/build/icyphy/ptII/ptolemy/actor/lib/test/auto/Clock20.xml
4 ms. Memory: 878080K Free: 495086K (56%)
----------------- Invoking toplevel() on ptolemy.moml.MoMLSimpleApplication@5f1aa583
----------------- Done invoking toplevel() on ptolemy.moml.MoMLSimpleApplication@5f1aa583
reloadAllAccessors: .Clock20

===========================================================================================
----------------- testing Mon Mar 25 22:38:18 UTC 2019 /home/travis/build/icyphy/ptII/ptolemy/actor/lib/test/auto/Clock21.xml
----------------- Instantiating /home/travis/build/icyphy/ptII/ptolemy/actor/lib/test/auto/Clock21.xml
5 ms. Memory: 878080K Free: 484710K (55%)
----------------- Invoking toplevel() on ptolemy.moml.MoMLSimpleApplication@47348cf1
----------------- Done invoking toplevel() on ptolemy.moml.MoMLSimpleApplication@47348cf1
reloadAllAccessors: .Clock21

===========================================================================================
----------------- testing Mon Mar 25 22:38:18 UTC 2019 /home/travis/build/icyphy/ptII/ptolemy/actor/lib/test/auto/Clock22.xml
----------------- Instantiating /home/travis/build/icyphy/ptII/ptolemy/actor/lib/test/auto/Clock22.xml
6 ms. Memory: 878080K Free: 474333K (54%)
----------------- Invoking toplevel() on ptolemy.moml.MoMLSimpleApplication@60e90472
----------------- Done invoking toplevel() on ptolemy.moml.MoMLSimpleApplication@60e90472
reloadAllAccessors: .Clock22

===========================================================================================
----------------- testing Mon Mar 25 22:38:18 UTC 2019 /home/travis/build/icyphy/ptII/ptolemy/actor/lib/test/auto/Clock23.xml
----------------- Instantiating /home/travis/build/icyphy/ptII/ptolemy/actor/lib/test/auto/Clock23.xml
6 ms. Memory: 878080K Free: 463957K (53%)
----------------- Invoking toplevel() on ptolemy.moml.MoMLSimpleApplication@679e5b7b
----------------- Done invoking toplevel() on ptolemy.moml.MoMLSimpleApplication@679e5b7b
reloadAllAccessors: .Clock23

===========================================================================================
----------------- testing Mon Mar 25 22:38:18 UTC 2019 /home/travis/build/icyphy/ptII/ptolemy/actor/lib/test/auto/Clock24.xml
----------------- Instantiating /home/travis/build/icyphy/ptII/ptolemy/actor/lib/test/auto/Clock24.xml
3 ms. Memory: 878080K Free: 443492K (51%)
----------------- Invoking toplevel() on ptolemy.moml.MoMLSimpleApplication@4d4d5b2f
----------------- Done invoking toplevel() on ptolemy.moml.MoMLSimpleApplication@4d4d5b2f
reloadAllAccessors: .Clock24

===========================================================================================
----------------- testing Mon Mar 25 22:38:18 UTC 2019 /home/travis/build/icyphy/ptII/ptolemy/actor/lib/test/auto/Clock4.xml
----------------- Instantiating /home/travis/build/icyphy/ptII/ptolemy/actor/lib/test/auto/Clock4.xml
5 ms. Memory: 878080K Free: 433115K (49%)
----------------- Invoking toplevel() on ptolemy.moml.MoMLSimpleApplication@6dcf3e83
----------------- Done invoking toplevel() on ptolemy.moml.MoMLSimpleApplication@6dcf3e83
reloadAllAccessors: .Clock4

===========================================================================================
----------------- testing Mon Mar 25 22:38:18 UTC 2019 /home/travis/build/icyphy/ptII/ptolemy/actor/lib/test/auto/Clock5.xml
----------------- Instantiating /home/travis/build/icyphy/ptII/ptolemy/actor/lib/test/auto/Clock5.xml
2 ms. Memory: 878080K Free: 422739K (48%)
----------------- Invoking toplevel() on ptolemy.moml.MoMLSimpleApplication@5c343e0a
----------------- Done invoking toplevel() on ptolemy.moml.MoMLSimpleApplication@5c343e0a
reloadAllAccessors: .Clock5

===========================================================================================
----------------- testing Mon Mar 25 22:38:18 UTC 2019 /home/travis/build/icyphy/ptII/ptolemy/actor/lib/test/auto/Clock6.xml
----------------- Instantiating /home/travis/build/icyphy/ptII/ptolemy/actor/lib/test/auto/Clock6.xml
1 ms. Memory: 878080K Free: 412362K (47%)
----------------- Invoking toplevel() on ptolemy.moml.MoMLSimpleApplication@67ac2025
----------------- Done invoking toplevel() on ptolemy.moml.MoMLSimpleApplication@67ac2025
reloadAllAccessors: .Clock6

===========================================================================================
----------------- testing Mon Mar 25 22:38:18 UTC 2019 /home/travis/build/icyphy/ptII/ptolemy/actor/lib/test/auto/Clock7.xml
----------------- Instantiating /home/travis/build/icyphy/ptII/ptolemy/actor/lib/test/auto/Clock7.xml
1 ms. Memory: 878080K Free: 391897K (45%)
----------------- Invoking toplevel() on ptolemy.moml.MoMLSimpleApplication@766536e9
----------------- Done invoking toplevel() on ptolemy.moml.MoMLSimpleApplication@766536e9
reloadAllAccessors: .Clock7

===========================================================================================
----------------- testing Mon Mar 25 22:38:18 UTC 2019 /home/travis/build/icyphy/ptII/ptolemy/actor/lib/test/auto/Clock8.xml
----------------- Instantiating /home/travis/build/icyphy/ptII/ptolemy/actor/lib/test/auto/Clock8.xml
5 ms. Memory: 878080K Free: 381520K (43%)
----------------- Invoking toplevel() on ptolemy.moml.MoMLSimpleApplication@5d31aafd
----------------- Done invoking toplevel() on ptolemy.moml.MoMLSimpleApplication@5d31aafd
reloadAllAccessors: .Clock8

===========================================================================================
----------------- testing Mon Mar 25 22:38:18 UTC 2019 /home/travis/build/icyphy/ptII/ptolemy/actor/lib/test/auto/Clock9.xml
----------------- Instantiating /home/travis/build/icyphy/ptII/ptolemy/actor/lib/test/auto/Clock9.xml
4 ms. Memory: 878080K Free: 371144K (42%)
----------------- Invoking toplevel() on ptolemy.moml.MoMLSimpleApplication@648f4ab3
----------------- Done invoking toplevel() on ptolemy.moml.MoMLSimpleApplication@648f4ab3
reloadAllAccessors: .Clock9

===========================================================================================
----------------- testing Mon Mar 25 22:38:18 UTC 2019 /home/travis/build/icyphy/ptII/ptolemy/actor/lib/test/auto/CommDistDiscard.xml
----------------- Instantiating /home/travis/build/icyphy/ptII/ptolemy/actor/lib/test/auto/CommDistDiscard.xml
4 ms. Memory: 878080K Free: 360767K (41%)
----------------- Invoking toplevel() on ptolemy.moml.MoMLSimpleApplication@6a79c7bf
----------------- Done invoking toplevel() on ptolemy.moml.MoMLSimpleApplication@6a79c7bf
reloadAllAccessors: .CommDistDiscard

===========================================================================================
----------------- testing Mon Mar 25 22:38:18 UTC 2019 /home/travis/build/icyphy/ptII/ptolemy/actor/lib/test/auto/Commutator.xml
----------------- Instantiating /home/travis/build/icyphy/ptII/ptolemy/actor/lib/test/auto/Commutator.xml
2 ms. Memory: 878080K Free: 350391K (40%)
----------------- Invoking toplevel() on ptolemy.moml.MoMLSimpleApplication@29e4a124
----------------- Done invoking toplevel() on ptolemy.moml.MoMLSimpleApplication@29e4a124
reloadAllAccessors: .Commutator

===========================================================================================
----------------- testing Mon Mar 25 22:38:18 UTC 2019 /home/travis/build/icyphy/ptII/ptolemy/actor/lib/test/auto/Commutator2.xml
----------------- Instantiating /home/travis/build/icyphy/ptII/ptolemy/actor/lib/test/auto/Commutator2.xml
1 ms. Memory: 878080K Free: 329926K (38%)
----------------- Invoking toplevel() on ptolemy.moml.MoMLSimpleApplication@5ae4a5b4
----------------- Done invoking toplevel() on ptolemy.moml.MoMLSimpleApplication@5ae4a5b4
reloadAllAccessors: .Commutator2

===========================================================================================
----------------- testing Mon Mar 25 22:38:18 UTC 2019 /home/travis/build/icyphy/ptII/ptolemy/actor/lib/test/auto/Commutator3.xml
----------------- Instantiating /home/travis/build/icyphy/ptII/ptolemy/actor/lib/test/auto/Commutator3.xml
1 ms. Memory: 878080K Free: 319549K (36%)
----------------- Invoking toplevel() on ptolemy.moml.MoMLSimpleApplication@26db6a1
----------------- Done invoking toplevel() on ptolemy.moml.MoMLSimpleApplication@26db6a1
reloadAllAccessors: .Commutator3

===========================================================================================
----------------- testing Mon Mar 25 22:38:18 UTC 2019 /home/travis/build/icyphy/ptII/ptolemy/actor/lib/test/auto/Compare.xml
----------------- Instantiating /home/travis/build/icyphy/ptII/ptolemy/actor/lib/test/auto/Compare.xml
2 ms. Memory: 878080K Free: 309173K (35%)
----------------- Invoking toplevel() on ptolemy.moml.MoMLSimpleApplication@355b02f3
----------------- Done invoking toplevel() on ptolemy.moml.MoMLSimpleApplication@355b02f3
reloadAllAccessors: .Compare

===========================================================================================
----------------- testing Mon Mar 25 22:38:18 UTC 2019 /home/travis/build/icyphy/ptII/ptolemy/actor/lib/test/auto/CompareDE.xml
----------------- Instantiating /home/travis/build/icyphy/ptII/ptolemy/actor/lib/test/auto/CompareDE.xml
4 ms. Memory: 878080K Free: 298796K (34%)
----------------- Invoking toplevel() on ptolemy.moml.MoMLSimpleApplication@67f8f43e
----------------- Done invoking toplevel() on ptolemy.moml.MoMLSimpleApplication@67f8f43e
reloadAllAccessors: .CompareDE

===========================================================================================
----------------- testing Mon Mar 25 22:38:18 UTC 2019 /home/travis/build/icyphy/ptII/ptolemy/actor/lib/test/auto/ComplexDivide.xml
----------------- Instantiating /home/travis/build/icyphy/ptII/ptolemy/actor/lib/test/auto/ComplexDivide.xml
2 ms. Memory: 878080K Free: 278331K (32%)
----------------- Invoking toplevel() on ptolemy.moml.MoMLSimpleApplication@507b38c9
----------------- Done invoking toplevel() on ptolemy.moml.MoMLSimpleApplication@507b38c9
reloadAllAccessors: .ComplexDivide

===========================================================================================
----------------- testing Mon Mar 25 22:38:18 UTC 2019 /home/travis/build/icyphy/ptII/ptolemy/actor/lib/test/auto/ComputeHistogram.xml
----------------- Instantiating /home/travis/build/icyphy/ptII/ptolemy/actor/lib/test/auto/ComputeHistogram.xml
38 ms. Memory: 878080K Free: 262750K (30%)
----------------- Invoking toplevel() on ptolemy.moml.MoMLSimpleApplication@62357032
----------------- Done invoking toplevel() on ptolemy.moml.MoMLSimpleApplication@62357032
reloadAllAccessors: .ComputeHistogram

===========================================================================================
----------------- testing Mon Mar 25 22:38:18 UTC 2019 /home/travis/build/icyphy/ptII/ptolemy/actor/lib/test/auto/ConfigurationSelect.xml
----------------- Instantiating /home/travis/build/icyphy/ptII/ptolemy/actor/lib/test/auto/ConfigurationSelect.xml
6 ms. Memory: 878080K Free: 252374K (29%)
----------------- Invoking toplevel() on ptolemy.moml.MoMLSimpleApplication@80067d
----------------- Done invoking toplevel() on ptolemy.moml.MoMLSimpleApplication@80067d
reloadAllAccessors: .ConfigurationSelect

===========================================================================================
----------------- testing Mon Mar 25 22:38:18 UTC 2019 /home/travis/build/icyphy/ptII/ptolemy/actor/lib/test/auto/ConfigurationSelect2.xml
----------------- Instantiating /home/travis/build/icyphy/ptII/ptolemy/actor/lib/test/auto/ConfigurationSelect2.xml
2 ms. Memory: 878080K Free: 241997K (28%)
----------------- Invoking toplevel() on ptolemy.moml.MoMLSimpleApplication@3b2c06a6
----------------- Done invoking toplevel() on ptolemy.moml.MoMLSimpleApplication@3b2c06a6
reloadAllAccessors: .ConfigurationSelect2

===========================================================================================
----------------- testing Mon Mar 25 22:38:18 UTC 2019 /home/travis/build/icyphy/ptII/ptolemy/actor/lib/test/auto/ConfigurationSwitch.xml
----------------- Instantiating /home/travis/build/icyphy/ptII/ptolemy/actor/lib/test/auto/ConfigurationSwitch.xml
2 ms. Memory: 878080K Free: 221532K (25%)
----------------- Invoking toplevel() on ptolemy.moml.MoMLSimpleApplication@708c6726
----------------- Done invoking toplevel() on ptolemy.moml.MoMLSimpleApplication@708c6726
reloadAllAccessors: .ConfigurationSwitch

===========================================================================================
----------------- testing Mon Mar 25 22:38:18 UTC 2019 /home/travis/build/icyphy/ptII/ptolemy/actor/lib/test/auto/ConfigurationSwitch2.xml
----------------- Instantiating /home/travis/build/icyphy/ptII/ptolemy/actor/lib/test/auto/ConfigurationSwitch2.xml
2 ms. Memory: 878080K Free: 211155K (24%)
----------------- Invoking toplevel() on ptolemy.moml.MoMLSimpleApplication@2f9d7fd0
----------------- Done invoking toplevel() on ptolemy.moml.MoMLSimpleApplication@2f9d7fd0
reloadAllAccessors: .ConfigurationSwitch2

===========================================================================================
----------------- testing Mon Mar 25 22:38:18 UTC 2019 /home/travis/build/icyphy/ptII/ptolemy/actor/lib/test/auto/ConfigurationSwitchCloningBugWithClassRelationGroup.xml
----------------- Instantiating /home/travis/build/icyphy/ptII/ptolemy/actor/lib/test/auto/ConfigurationSwitchCloningBugWithClassRelationGroup.xml
1 ms. Memory: 878080K Free: 200779K (23%)
----------------- Invoking toplevel() on ptolemy.moml.MoMLSimpleApplication@376f76dc
----------------- Done invoking toplevel() on ptolemy.moml.MoMLSimpleApplication@376f76dc
reloadAllAccessors: .ConfigurationSwitchCloningBugWithClassRelationGroup

===========================================================================================
----------------- testing Mon Mar 25 22:38:18 UTC 2019 /home/travis/build/icyphy/ptII/ptolemy/actor/lib/test/auto/ConfigurationSwitchSelectSDF.xml
----------------- Instantiating /home/travis/build/icyphy/ptII/ptolemy/actor/lib/test/auto/ConfigurationSwitchSelectSDF.xml
3 ms. Memory: 878080K Free: 190402K (22%)
----------------- Invoking toplevel() on ptolemy.moml.MoMLSimpleApplication@4df6fdcc
----------------- Done invoking toplevel() on ptolemy.moml.MoMLSimpleApplication@4df6fdcc
reloadAllAccessors: .ConfigurationSwitchSelectSDF

===========================================================================================
----------------- testing Mon Mar 25 22:38:18 UTC 2019 /home/travis/build/icyphy/ptII/ptolemy/actor/lib/test/auto/ConfigurationSwitchSelectSDF2.xml
----------------- Instantiating /home/travis/build/icyphy/ptII/ptolemy/actor/lib/test/auto/ConfigurationSwitchSelectSDF2.xml
3 ms. Memory: 878080K Free: 180026K (21%)
----------------- Invoking toplevel() on ptolemy.moml.MoMLSimpleApplication@22ff777d
----------------- Done invoking toplevel() on ptolemy.moml.MoMLSimpleApplication@22ff777d
reloadAllAccessors: .ConfigurationSwitchSelectSDF2

===========================================================================================
----------------- testing Mon Mar 25 22:38:18 UTC 2019 /home/travis/build/icyphy/ptII/ptolemy/actor/lib/test/auto/Const.xml
----------------- Instantiating /home/travis/build/icyphy/ptII/ptolemy/actor/lib/test/auto/Const.xml
2 ms. Memory: 878080K Free: 159561K (18%)
----------------- Invoking toplevel() on ptolemy.moml.MoMLSimpleApplication@70584f28
----------------- Done invoking toplevel() on ptolemy.moml.MoMLSimpleApplication@70584f28
reloadAllAccessors: .Const

===========================================================================================
----------------- testing Mon Mar 25 22:38:18 UTC 2019 /home/travis/build/icyphy/ptII/ptolemy/actor/lib/test/auto/Const2.xml
----------------- Instantiating /home/travis/build/icyphy/ptII/ptolemy/actor/lib/test/auto/Const2.xml
2 ms. Memory: 878080K Free: 149184K (17%)
----------------- Invoking toplevel() on ptolemy.moml.MoMLSimpleApplication@3f5101cc
----------------- Done invoking toplevel() on ptolemy.moml.MoMLSimpleApplication@3f5101cc
reloadAllAccessors: .Const2

===========================================================================================
----------------- testing Mon Mar 25 22:38:18 UTC 2019 /home/travis/build/icyphy/ptII/ptolemy/actor/lib/test/auto/Const3.xml
----------------- Instantiating /home/travis/build/icyphy/ptII/ptolemy/actor/lib/test/auto/Const3.xml
2 ms. Memory: 878080K Free: 138808K (16%)
----------------- Invoking toplevel() on ptolemy.moml.MoMLSimpleApplication@382c75d6
----------------- Done invoking toplevel() on ptolemy.moml.MoMLSimpleApplication@382c75d6
reloadAllAccessors: .Const3

===========================================================================================
----------------- testing Mon Mar 25 22:38:18 UTC 2019 /home/travis/build/icyphy/ptII/ptolemy/actor/lib/test/auto/ConstantPublisherPort1.xml
----------------- Instantiating /home/travis/build/icyphy/ptII/ptolemy/actor/lib/test/auto/ConstantPublisherPort1.xml
6 ms. Memory: 878080K Free: 123243K (14%)
----------------- Invoking toplevel() on ptolemy.moml.MoMLSimpleApplication@4aa4dd3e
----------------- Done invoking toplevel() on ptolemy.moml.MoMLSimpleApplication@4aa4dd3e
reloadAllAccessors: .ConstantPublisherPort1

===========================================================================================
----------------- testing Mon Mar 25 22:38:18 UTC 2019 /home/travis/build/icyphy/ptII/ptolemy/actor/lib/test/auto/ConstantPublisherPort2.xml
----------------- Instantiating /home/travis/build/icyphy/ptII/ptolemy/actor/lib/test/auto/ConstantPublisherPort2.xml
4 ms. Memory: 878080K Free: 102778K (12%)
----------------- Invoking toplevel() on ptolemy.moml.MoMLSimpleApplication@51f262bb
----------------- Done invoking toplevel() on ptolemy.moml.MoMLSimpleApplication@51f262bb
reloadAllAccessors: .ConstantPublisherPort2

===========================================================================================
----------------- testing Mon Mar 25 22:38:18 UTC 2019 /home/travis/build/icyphy/ptII/ptolemy/actor/lib/test/auto/ConstantPublisherPort3.xml
----------------- Instantiating /home/travis/build/icyphy/ptII/ptolemy/actor/lib/test/auto/ConstantPublisherPort3.xml
4 ms. Memory: 878080K Free: 92401K (11%)
----------------- Invoking toplevel() on ptolemy.moml.MoMLSimpleApplication@34187ef5
----------------- Done invoking toplevel() on ptolemy.moml.MoMLSimpleApplication@34187ef5
reloadAllAccessors: .ConstantPublisherPort3

===========================================================================================
----------------- testing Mon Mar 25 22:38:18 UTC 2019 /home/travis/build/icyphy/ptII/ptolemy/actor/lib/test/auto/ConstantPublisherPort4.xml
----------------- Instantiating /home/travis/build/icyphy/ptII/ptolemy/actor/lib/test/auto/ConstantPublisherPort4.xml
2 ms. Memory: 878080K Free: 82025K (9%)
----------------- Invoking toplevel() on ptolemy.moml.MoMLSimpleApplication@685d3700
----------------- Done invoking toplevel() on ptolemy.moml.MoMLSimpleApplication@685d3700
reloadAllAccessors: .ConstantPublisherPort4

===========================================================================================
----------------- testing Mon Mar 25 22:38:18 UTC 2019 /home/travis/build/icyphy/ptII/ptolemy/actor/lib/test/auto/ConstantPublisherPort5.xml
----------------- Instantiating /home/travis/build/icyphy/ptII/ptolemy/actor/lib/test/auto/ConstantPublisherPort5.xml
20 ms. Memory: 878080K Free: 60495K (7%)
----------------- Invoking toplevel() on ptolemy.moml.MoMLSimpleApplication@47826ecc
----------------- Done invoking toplevel() on ptolemy.moml.MoMLSimpleApplication@47826ecc
reloadAllAccessors: .ConstantPublisherPort5

===========================================================================================
----------------- testing Mon Mar 25 22:38:18 UTC 2019 /home/travis/build/icyphy/ptII/ptolemy/actor/lib/test/auto/ConstantPublisherPort6.xml
----------------- Instantiating /home/travis/build/icyphy/ptII/ptolemy/actor/lib/test/auto/ConstantPublisherPort6.xml
11 ms. Memory: 879104K Free: 813414K (93%)
----------------- Invoking toplevel() on ptolemy.moml.MoMLSimpleApplication@61183a05
----------------- Done invoking toplevel() on ptolemy.moml.MoMLSimpleApplication@61183a05
reloadAllAccessors: .ConstantPublisherPort6

===========================================================================================
----------------- testing Mon Mar 25 22:38:18 UTC 2019 /home/travis/build/icyphy/ptII/ptolemy/actor/lib/test/auto/ConstantPublisherPort7.xml
----------------- Instantiating /home/travis/build/icyphy/ptII/ptolemy/actor/lib/test/auto/ConstantPublisherPort7.xml
12 ms. Memory: 879104K Free: 780040K (89%)
----------------- Invoking toplevel() on ptolemy.moml.MoMLSimpleApplication@418c8daa
----------------- Done invoking toplevel() on ptolemy.moml.MoMLSimpleApplication@418c8daa
reloadAllAccessors: .ConstantPublisherPort7

===========================================================================================
----------------- testing Mon Mar 25 22:38:18 UTC 2019 /home/travis/build/icyphy/ptII/ptolemy/actor/lib/test/auto/ConstraintMonitor1.xml
----------------- Instantiating /home/travis/build/icyphy/ptII/ptolemy/actor/lib/test/auto/ConstraintMonitor1.xml
4 ms. Memory: 879104K Free: 769664K (88%)
----------------- Invoking toplevel() on ptolemy.moml.MoMLSimpleApplication@168f3067
----------------- Done invoking toplevel() on ptolemy.moml.MoMLSimpleApplication@168f3067
reloadAllAccessors: .ConstraintMonitor1

===========================================================================================
----------------- testing Mon Mar 25 22:38:19 UTC 2019 /home/travis/build/icyphy/ptII/ptolemy/actor/lib/test/auto/ConstraintMonitor2.xml
----------------- Instantiating /home/travis/build/icyphy/ptII/ptolemy/actor/lib/test/auto/ConstraintMonitor2.xml
1 ms. Memory: 879104K Free: 759287K (86%)
----------------- Invoking toplevel() on ptolemy.moml.MoMLSimpleApplication@66e3f94b
----------------- Done invoking toplevel() on ptolemy.moml.MoMLSimpleApplication@66e3f94b
reloadAllAccessors: .ConstraintMonitor2

===========================================================================================
----------------- testing Mon Mar 25 22:38:19 UTC 2019 /home/travis/build/icyphy/ptII/ptolemy/actor/lib/test/auto/ConstraintMonitor3.xml
----------------- Instantiating /home/travis/build/icyphy/ptII/ptolemy/actor/lib/test/auto/ConstraintMonitor3.xml
5 ms. Memory: 879104K Free: 741479K (84%)
----------------- Invoking toplevel() on ptolemy.moml.MoMLSimpleApplication@5d689b30
----------------- Done invoking toplevel() on ptolemy.moml.MoMLSimpleApplication@5d689b30
reloadAllAccessors: .ConstraintMonitor3

===========================================================================================
----------------- testing Mon Mar 25 22:38:19 UTC 2019 /home/travis/build/icyphy/ptII/ptolemy/actor/lib/test/auto/ConstraintMonitor4.xml
----------------- Instantiating /home/travis/build/icyphy/ptII/ptolemy/actor/lib/test/auto/ConstraintMonitor4.xml
1 ms. Memory: 879104K Free: 731102K (83%)
----------------- Invoking toplevel() on ptolemy.moml.MoMLSimpleApplication@3c90c94d
----------------- Done invoking toplevel() on ptolemy.moml.MoMLSimpleApplication@3c90c94d
reloadAllAccessors: .ConstraintMonitor4

===========================================================================================
----------------- testing Mon Mar 25 22:38:19 UTC 2019 /home/travis/build/icyphy/ptII/ptolemy/actor/lib/test/auto/ConstraintMonitor5.xml
----------------- Instantiating /home/travis/build/icyphy/ptII/ptolemy/actor/lib/test/auto/ConstraintMonitor5.xml
5 ms. Memory: 879104K Free: 720726K (82%)
----------------- Invoking toplevel() on ptolemy.moml.MoMLSimpleApplication@7e1a82f0
----------------- Done invoking toplevel() on ptolemy.moml.MoMLSimpleApplication@7e1a82f0
reloadAllAccessors: .ConstraintMonitor5

===========================================================================================
----------------- testing Mon Mar 25 22:38:19 UTC 2019 /home/travis/build/icyphy/ptII/ptolemy/actor/lib/test/auto/ConstraintMonitor6.xml
----------------- Instantiating /home/travis/build/icyphy/ptII/ptolemy/actor/lib/test/auto/ConstraintMonitor6.xml
3 ms. Memory: 879104K Free: 702917K (80%)
----------------- Invoking toplevel() on ptolemy.moml.MoMLSimpleApplication@4f91a9c4
----------------- Done invoking toplevel() on ptolemy.moml.MoMLSimpleApplication@4f91a9c4
reloadAllAccessors: .ConstraintMonitor6

===========================================================================================
----------------- testing Mon Mar 25 22:38:19 UTC 2019 /home/travis/build/icyphy/ptII/ptolemy/actor/lib/test/auto/ConstraintMonitor7.xml
----------------- Instantiating /home/travis/build/icyphy/ptII/ptolemy/actor/lib/test/auto/ConstraintMonitor7.xml
6 ms. Memory: 879104K Free: 692541K (79%)
----------------- Invoking toplevel() on ptolemy.moml.MoMLSimpleApplication@63d625f6
----------------- Done invoking toplevel() on ptolemy.moml.MoMLSimpleApplication@63d625f6
reloadAllAccessors: .ConstraintMonitor7

===========================================================================================
----------------- testing Mon Mar 25 22:38:19 UTC 2019 /home/travis/build/icyphy/ptII/ptolemy/actor/lib/test/auto/ConstraintMonitor8.xml
----------------- Instantiating /home/travis/build/icyphy/ptII/ptolemy/actor/lib/test/auto/ConstraintMonitor8.xml
7 ms. Memory: 879104K Free: 682164K (78%)
----------------- Invoking toplevel() on ptolemy.moml.MoMLSimpleApplication@1b074436
----------------- Done invoking toplevel() on ptolemy.moml.MoMLSimpleApplication@1b074436
reloadAllAccessors: .ConstraintMonitor8

===========================================================================================
----------------- testing Mon Mar 25 22:38:19 UTC 2019 /home/travis/build/icyphy/ptII/ptolemy/actor/lib/test/auto/Counter.xml
----------------- Instantiating /home/travis/build/icyphy/ptII/ptolemy/actor/lib/test/auto/Counter.xml
2 ms. Memory: 879104K Free: 664356K (76%)
----------------- Invoking toplevel() on ptolemy.moml.MoMLSimpleApplication@639df15c
----------------- Done invoking toplevel() on ptolemy.moml.MoMLSimpleApplication@639df15c
reloadAllAccessors: .Counter

===========================================================================================
----------------- testing Mon Mar 25 22:38:19 UTC 2019 /home/travis/build/icyphy/ptII/ptolemy/actor/lib/test/auto/CurrentTimeSDF.xml
----------------- Instantiating /home/travis/build/icyphy/ptII/ptolemy/actor/lib/test/auto/CurrentTimeSDF.xml
2 ms. Memory: 879104K Free: 653979K (74%)
----------------- Invoking toplevel() on ptolemy.moml.MoMLSimpleApplication@8a6818a
----------------- Done invoking toplevel() on ptolemy.moml.MoMLSimpleApplication@8a6818a
reloadAllAccessors: .CurrentTimeSDF

===========================================================================================
----------------- testing Mon Mar 25 22:38:19 UTC 2019 /home/travis/build/icyphy/ptII/ptolemy/actor/lib/test/auto/DB.xml
----------------- Instantiating /home/travis/build/icyphy/ptII/ptolemy/actor/lib/test/auto/DB.xml
3 ms. Memory: 879104K Free: 643603K (73%)
----------------- Invoking toplevel() on ptolemy.moml.MoMLSimpleApplication@3b73d461
----------------- Done invoking toplevel() on ptolemy.moml.MoMLSimpleApplication@3b73d461
reloadAllAccessors: .DB

===========================================================================================
----------------- testing Mon Mar 25 22:38:19 UTC 2019 /home/travis/build/icyphy/ptII/ptolemy/actor/lib/test/auto/DBDE.xml
----------------- Instantiating /home/travis/build/icyphy/ptII/ptolemy/actor/lib/test/auto/DBDE.xml
3 ms. Memory: 879104K Free: 625794K (71%)
----------------- Invoking toplevel() on ptolemy.moml.MoMLSimpleApplication@2db5fe15
----------------- Done invoking toplevel() on ptolemy.moml.MoMLSimpleApplication@2db5fe15
reloadAllAccessors: .DBDE

===========================================================================================
----------------- testing Mon Mar 25 22:38:19 UTC 2019 /home/travis/build/icyphy/ptII/ptolemy/actor/lib/test/auto/DateConstructor.xml
----------------- Instantiating /home/travis/build/icyphy/ptII/ptolemy/actor/lib/test/auto/DateConstructor.xml
15 ms. Memory: 879104K Free: 605041K (69%)
----------------- Invoking toplevel() on ptolemy.moml.MoMLSimpleApplication@119f16dc
----------------- Done invoking toplevel() on ptolemy.moml.MoMLSimpleApplication@119f16dc
reloadAllAccessors: .DateConstructor

===========================================================================================
----------------- testing Mon Mar 25 22:38:19 UTC 2019 /home/travis/build/icyphy/ptII/ptolemy/actor/lib/test/auto/DelayTime.xml
----------------- Instantiating /home/travis/build/icyphy/ptII/ptolemy/actor/lib/test/auto/DelayTime.xml
3 ms. Memory: 879104K Free: 594664K (68%)
----------------- Invoking toplevel() on ptolemy.moml.MoMLSimpleApplication@7d532708
----------------- Done invoking toplevel() on ptolemy.moml.MoMLSimpleApplication@7d532708
reloadAllAccessors: .DelayTime

===========================================================================================
----------------- testing Mon Mar 25 22:38:19 UTC 2019 /home/travis/build/icyphy/ptII/ptolemy/actor/lib/test/auto/Dictionary1.xml
----------------- Instantiating /home/travis/build/icyphy/ptII/ptolemy/actor/lib/test/auto/Dictionary1.xml
1 ms. Memory: 879104K Free: 584288K (66%)
----------------- Invoking toplevel() on ptolemy.moml.MoMLSimpleApplication@f4e557e
----------------- Done invoking toplevel() on ptolemy.moml.MoMLSimpleApplication@f4e557e
reloadAllAccessors: .Dictionary1

===========================================================================================
----------------- testing Mon Mar 25 22:38:19 UTC 2019 /home/travis/build/icyphy/ptII/ptolemy/actor/lib/test/auto/Dictionary2.xml
----------------- Instantiating /home/travis/build/icyphy/ptII/ptolemy/actor/lib/test/auto/Dictionary2.xml
2 ms. Memory: 879104K Free: 566479K (64%)
----------------- Invoking toplevel() on ptolemy.moml.MoMLSimpleApplication@1e312650
----------------- Done invoking toplevel() on ptolemy.moml.MoMLSimpleApplication@1e312650
reloadAllAccessors: .Dictionary2

===========================================================================================
----------------- testing Mon Mar 25 22:38:19 UTC 2019 /home/travis/build/icyphy/ptII/ptolemy/actor/lib/test/auto/Dictionary3.xml
----------------- Instantiating /home/travis/build/icyphy/ptII/ptolemy/actor/lib/test/auto/Dictionary3.xml
1 ms. Memory: 879104K Free: 556103K (63%)
----------------- Invoking toplevel() on ptolemy.moml.MoMLSimpleApplication@69586b9f
----------------- Done invoking toplevel() on ptolemy.moml.MoMLSimpleApplication@69586b9f
reloadAllAccessors: .Dictionary3

===========================================================================================
----------------- testing Mon Mar 25 22:38:19 UTC 2019 /home/travis/build/icyphy/ptII/ptolemy/actor/lib/test/auto/Dictionary4.xml
----------------- Instantiating /home/travis/build/icyphy/ptII/ptolemy/actor/lib/test/auto/Dictionary4.xml
2 ms. Memory: 879104K Free: 545726K (62%)
----------------- Invoking toplevel() on ptolemy.moml.MoMLSimpleApplication@43721daa
----------------- Done invoking toplevel() on ptolemy.moml.MoMLSimpleApplication@43721daa
reloadAllAccessors: .Dictionary4

===========================================================================================
----------------- testing Mon Mar 25 22:38:19 UTC 2019 /home/travis/build/icyphy/ptII/ptolemy/actor/lib/test/auto/Differential.xml
----------------- Instantiating /home/travis/build/icyphy/ptII/ptolemy/actor/lib/test/auto/Differential.xml
1 ms. Memory: 879104K Free: 527918K (60%)
----------------- Invoking toplevel() on ptolemy.moml.MoMLSimpleApplication@6709beae
----------------- Done invoking toplevel() on ptolemy.moml.MoMLSimpleApplication@6709beae
reloadAllAccessors: .Differential

===========================================================================================
----------------- testing Mon Mar 25 22:38:19 UTC 2019 /home/travis/build/icyphy/ptII/ptolemy/actor/lib/test/auto/Director.xml
----------------- Instantiating /home/travis/build/icyphy/ptII/ptolemy/actor/lib/test/auto/Director.xml
1 ms. Memory: 879104K Free: 517541K (59%)
----------------- Invoking toplevel() on ptolemy.moml.MoMLSimpleApplication@29621bab
----------------- Done invoking toplevel() on ptolemy.moml.MoMLSimpleApplication@29621bab
reloadAllAccessors: .Director

===========================================================================================
----------------- testing Mon Mar 25 22:38:19 UTC 2019 /home/travis/build/icyphy/ptII/ptolemy/actor/lib/test/auto/DiscreteClock.xml
----------------- Instantiating /home/travis/build/icyphy/ptII/ptolemy/actor/lib/test/auto/DiscreteClock.xml
1 ms. Memory: 879104K Free: 507165K (58%)
----------------- Invoking toplevel() on ptolemy.moml.MoMLSimpleApplication@791a19aa
----------------- Done invoking toplevel() on ptolemy.moml.MoMLSimpleApplication@791a19aa
reloadAllAccessors: .DiscreteClock

===========================================================================================
----------------- testing Mon Mar 25 22:38:19 UTC 2019 /home/travis/build/icyphy/ptII/ptolemy/actor/lib/test/auto/DiscreteClock10.xml
----------------- Instantiating /home/travis/build/icyphy/ptII/ptolemy/actor/lib/test/auto/DiscreteClock10.xml
2 ms. Memory: 879104K Free: 489356K (56%)
----------------- Invoking toplevel() on ptolemy.moml.MoMLSimpleApplication@c5afc78
----------------- Done invoking toplevel() on ptolemy.moml.MoMLSimpleApplication@c5afc78
reloadAllAccessors: .DiscreteClock10

===========================================================================================
----------------- testing Mon Mar 25 22:38:19 UTC 2019 /home/travis/build/icyphy/ptII/ptolemy/actor/lib/test/auto/DiscreteClock11.xml
----------------- Instantiating /home/travis/build/icyphy/ptII/ptolemy/actor/lib/test/auto/DiscreteClock11.xml
2 ms. Memory: 879104K Free: 478980K (54%)
----------------- Invoking toplevel() on ptolemy.moml.MoMLSimpleApplication@5ad2c184
----------------- Done invoking toplevel() on ptolemy.moml.MoMLSimpleApplication@5ad2c184
reloadAllAccessors: .DiscreteClock11

===========================================================================================
----------------- testing Mon Mar 25 22:38:19 UTC 2019 /home/travis/build/icyphy/ptII/ptolemy/actor/lib/test/auto/DiscreteClock12.xml
----------------- Instantiating /home/travis/build/icyphy/ptII/ptolemy/actor/lib/test/auto/DiscreteClock12.xml
2 ms. Memory: 879104K Free: 468603K (53%)
----------------- Invoking toplevel() on ptolemy.moml.MoMLSimpleApplication@587f3bc9
----------------- Done invoking toplevel() on ptolemy.moml.MoMLSimpleApplication@587f3bc9
reloadAllAccessors: .DiscreteClock12

===========================================================================================
----------------- testing Mon Mar 25 22:38:19 UTC 2019 /home/travis/build/icyphy/ptII/ptolemy/actor/lib/test/auto/DiscreteClock13.xml
----------------- Instantiating /home/travis/build/icyphy/ptII/ptolemy/actor/lib/test/auto/DiscreteClock13.xml
6 ms. Memory: 879104K Free: 450795K (51%)
----------------- Invoking toplevel() on ptolemy.moml.MoMLSimpleApplication@2ea5480
----------------- Done invoking toplevel() on ptolemy.moml.MoMLSimpleApplication@2ea5480
reloadAllAccessors: .DiscreteClock13

===========================================================================================
----------------- testing Mon Mar 25 22:38:19 UTC 2019 /home/travis/build/icyphy/ptII/ptolemy/actor/lib/test/auto/DiscreteClock14.xml
----------------- Instantiating /home/travis/build/icyphy/ptII/ptolemy/actor/lib/test/auto/DiscreteClock14.xml
5 ms. Memory: 879104K Free: 440418K (50%)
----------------- Invoking toplevel() on ptolemy.moml.MoMLSimpleApplication@690bbfe2
----------------- Done invoking toplevel() on ptolemy.moml.MoMLSimpleApplication@690bbfe2
reloadAllAccessors: .DiscreteClock14

===========================================================================================
----------------- testing Mon Mar 25 22:38:19 UTC 2019 /home/travis/build/icyphy/ptII/ptolemy/actor/lib/test/auto/DiscreteClock15.xml
----------------- Instantiating /home/travis/build/icyphy/ptII/ptolemy/actor/lib/test/auto/DiscreteClock15.xml
6 ms. Memory: 879104K Free: 430042K (49%)
----------------- Invoking toplevel() on ptolemy.moml.MoMLSimpleApplication@3b4cca4
----------------- Done invoking toplevel() on ptolemy.moml.MoMLSimpleApplication@3b4cca4
reloadAllAccessors: .DiscreteClock15

===========================================================================================
----------------- testing Mon Mar 25 22:38:19 UTC 2019 /home/travis/build/icyphy/ptII/ptolemy/actor/lib/test/auto/DiscreteClock16.xml
----------------- Instantiating /home/travis/build/icyphy/ptII/ptolemy/actor/lib/test/auto/DiscreteClock16.xml
13 ms. Memory: 879104K Free: 407029K (46%)
----------------- Invoking toplevel() on ptolemy.moml.MoMLSimpleApplication@251326ba
----------------- Done invoking toplevel() on ptolemy.moml.MoMLSimpleApplication@251326ba
reloadAllAccessors: .DiscreteClock16

===========================================================================================
----------------- testing Mon Mar 25 22:38:19 UTC 2019 /home/travis/build/icyphy/ptII/ptolemy/actor/lib/test/auto/DiscreteClock17.xml
----------------- Instantiating /home/travis/build/icyphy/ptII/ptolemy/actor/lib/test/auto/DiscreteClock17.xml
14 ms. Memory: 879104K Free: 391464K (45%)
----------------- Invoking toplevel() on ptolemy.moml.MoMLSimpleApplication@ce9f314
----------------- Done invoking toplevel() on ptolemy.moml.MoMLSimpleApplication@ce9f314
reloadAllAccessors: .DiscreteClock17

===========================================================================================
----------------- testing Mon Mar 25 22:38:19 UTC 2019 /home/travis/build/icyphy/ptII/ptolemy/actor/lib/test/auto/DiscreteClock18.xml
----------------- Instantiating /home/travis/build/icyphy/ptII/ptolemy/actor/lib/test/auto/DiscreteClock18.xml
12 ms. Memory: 879104K Free: 375883K (43%)
----------------- Invoking toplevel() on ptolemy.moml.MoMLSimpleApplication@403f8340
----------------- Done invoking toplevel() on ptolemy.moml.MoMLSimpleApplication@403f8340
reloadAllAccessors: .DiscreteClock18

===========================================================================================
----------------- testing Mon Mar 25 22:38:19 UTC 2019 /home/travis/build/icyphy/ptII/ptolemy/actor/lib/test/auto/DiscreteClock19.xml
----------------- Instantiating /home/travis/build/icyphy/ptII/ptolemy/actor/lib/test/auto/DiscreteClock19.xml
18 ms. Memory: 879104K Free: 360318K (41%)
----------------- Invoking toplevel() on ptolemy.moml.MoMLSimpleApplication@6233debe
----------------- Done invoking toplevel() on ptolemy.moml.MoMLSimpleApplication@6233debe
reloadAllAccessors: .DiscreteClock19

===========================================================================================
----------------- testing Mon Mar 25 22:38:19 UTC 2019 /home/travis/build/icyphy/ptII/ptolemy/actor/lib/test/auto/DiscreteClock2.xml
----------------- Instantiating /home/travis/build/icyphy/ptII/ptolemy/actor/lib/test/auto/DiscreteClock2.xml
5 ms. Memory: 879104K Free: 342510K (39%)
----------------- Invoking toplevel() on ptolemy.moml.MoMLSimpleApplication@6682fec8
----------------- Done invoking toplevel() on ptolemy.moml.MoMLSimpleApplication@6682fec8
reloadAllAccessors: .DiscreteClock2

===========================================================================================
----------------- testing Mon Mar 25 22:38:19 UTC 2019 /home/travis/build/icyphy/ptII/ptolemy/actor/lib/test/auto/DiscreteClock20.xml
----------------- Instantiating /home/travis/build/icyphy/ptII/ptolemy/actor/lib/test/auto/DiscreteClock20.xml
8 ms. Memory: 879104K Free: 332133K (38%)
----------------- Invoking toplevel() on ptolemy.moml.MoMLSimpleApplication@62eef561
----------------- Done invoking toplevel() on ptolemy.moml.MoMLSimpleApplication@62eef561
reloadAllAccessors: .DiscreteClock20

===========================================================================================
----------------- testing Mon Mar 25 22:38:19 UTC 2019 /home/travis/build/icyphy/ptII/ptolemy/actor/lib/test/auto/DiscreteClock21.xml
----------------- Instantiating /home/travis/build/icyphy/ptII/ptolemy/actor/lib/test/auto/DiscreteClock21.xml
6 ms. Memory: 879104K Free: 321757K (37%)
----------------- Invoking toplevel() on ptolemy.moml.MoMLSimpleApplication@c4ec072
----------------- Done invoking toplevel() on ptolemy.moml.MoMLSimpleApplication@c4ec072
reloadAllAccessors: .DiscreteClock21

===========================================================================================
----------------- testing Mon Mar 25 22:38:19 UTC 2019 /home/travis/build/icyphy/ptII/ptolemy/actor/lib/test/auto/DiscreteClock22.xml
----------------- Instantiating /home/travis/build/icyphy/ptII/ptolemy/actor/lib/test/auto/DiscreteClock22.xml
8 ms. Memory: 1366016K Free: 1302261K (95%)
----------------- Invoking toplevel() on ptolemy.moml.MoMLSimpleApplication@1c7f9c33
----------------- Done invoking toplevel() on ptolemy.moml.MoMLSimpleApplication@1c7f9c33
reloadAllAccessors: .DiscreteClock22

===========================================================================================
----------------- testing Mon Mar 25 22:38:20 UTC 2019 /home/travis/build/icyphy/ptII/ptolemy/actor/lib/test/auto/DiscreteClock23.xml
----------------- Instantiating /home/travis/build/icyphy/ptII/ptolemy/actor/lib/test/auto/DiscreteClock23.xml
11 ms. Memory: 1366016K Free: 1276425K (93%)
----------------- Invoking toplevel() on ptolemy.moml.MoMLSimpleApplication@2bdc9516
----------------- Done invoking toplevel() on ptolemy.moml.MoMLSimpleApplication@2bdc9516
reloadAllAccessors: .DiscreteClock23

===========================================================================================
----------------- testing Mon Mar 25 22:38:20 UTC 2019 /home/travis/build/icyphy/ptII/ptolemy/actor/lib/test/auto/DiscreteClock24.xml
----------------- Instantiating /home/travis/build/icyphy/ptII/ptolemy/actor/lib/test/auto/DiscreteClock24.xml
6 ms. Memory: 1366016K Free: 1259823K (92%)
----------------- Invoking toplevel() on ptolemy.moml.MoMLSimpleApplication@6812d7b3
----------------- Done invoking toplevel() on ptolemy.moml.MoMLSimpleApplication@6812d7b3
reloadAllAccessors: .DiscreteClock24

===========================================================================================
----------------- testing Mon Mar 25 22:38:20 UTC 2019 /home/travis/build/icyphy/ptII/ptolemy/actor/lib/test/auto/DiscreteClock4.xml
----------------- Instantiating /home/travis/build/icyphy/ptII/ptolemy/actor/lib/test/auto/DiscreteClock4.xml
3 ms. Memory: 1366016K Free: 1243220K (91%)
----------------- Invoking toplevel() on ptolemy.moml.MoMLSimpleApplication@74927319
----------------- Done invoking toplevel() on ptolemy.moml.MoMLSimpleApplication@74927319
reloadAllAccessors: .DiscreteClock4

===========================================================================================
----------------- testing Mon Mar 25 22:38:20 UTC 2019 /home/travis/build/icyphy/ptII/ptolemy/actor/lib/test/auto/DiscreteClock5.xml
----------------- Instantiating /home/travis/build/icyphy/ptII/ptolemy/actor/lib/test/auto/DiscreteClock5.xml
2 ms. Memory: 1366016K Free: 1217384K (89%)
----------------- Invoking toplevel() on ptolemy.moml.MoMLSimpleApplication@199bd4e6
----------------- Done invoking toplevel() on ptolemy.moml.MoMLSimpleApplication@199bd4e6
reloadAllAccessors: .DiscreteClock5

===========================================================================================
----------------- testing Mon Mar 25 22:38:20 UTC 2019 /home/travis/build/icyphy/ptII/ptolemy/actor/lib/test/auto/DiscreteClock6.xml
----------------- Instantiating /home/travis/build/icyphy/ptII/ptolemy/actor/lib/test/auto/DiscreteClock6.xml
1 ms. Memory: 1366016K Free: 1200782K (88%)
----------------- Invoking toplevel() on ptolemy.moml.MoMLSimpleApplication@9dfb17c
----------------- Done invoking toplevel() on ptolemy.moml.MoMLSimpleApplication@9dfb17c
reloadAllAccessors: .DiscreteClock6

===========================================================================================
----------------- testing Mon Mar 25 22:38:20 UTC 2019 /home/travis/build/icyphy/ptII/ptolemy/actor/lib/test/auto/DiscreteClock7.xml
----------------- Instantiating /home/travis/build/icyphy/ptII/ptolemy/actor/lib/test/auto/DiscreteClock7.xml
1 ms. Memory: 1366016K Free: 1184179K (87%)
----------------- Invoking toplevel() on ptolemy.moml.MoMLSimpleApplication@4e1de57a
----------------- Done invoking toplevel() on ptolemy.moml.MoMLSimpleApplication@4e1de57a
reloadAllAccessors: .DiscreteClock7

===========================================================================================
----------------- testing Mon Mar 25 22:38:20 UTC 2019 /home/travis/build/icyphy/ptII/ptolemy/actor/lib/test/auto/DiscreteClock8.xml
----------------- Instantiating /home/travis/build/icyphy/ptII/ptolemy/actor/lib/test/auto/DiscreteClock8.xml
7 ms. Memory: 1366016K Free: 1167577K (85%)
----------------- Invoking toplevel() on ptolemy.moml.MoMLSimpleApplication@3b0ffcb
----------------- Done invoking toplevel() on ptolemy.moml.MoMLSimpleApplication@3b0ffcb
reloadAllAccessors: .DiscreteClock8

===========================================================================================
----------------- testing Mon Mar 25 22:38:20 UTC 2019 /home/travis/build/icyphy/ptII/ptolemy/actor/lib/test/auto/DiscreteClock9.xml
----------------- Instantiating /home/travis/build/icyphy/ptII/ptolemy/actor/lib/test/auto/DiscreteClock9.xml
1 ms. Memory: 1366016K Free: 1141741K (84%)
----------------- Invoking toplevel() on ptolemy.moml.MoMLSimpleApplication@73efaa94
----------------- Done invoking toplevel() on ptolemy.moml.MoMLSimpleApplication@73efaa94
reloadAllAccessors: .DiscreteClock9

===========================================================================================
----------------- testing Mon Mar 25 22:38:20 UTC 2019 /home/travis/build/icyphy/ptII/ptolemy/actor/lib/test/auto/DisplayArray.xml
----------------- Instantiating /home/travis/build/icyphy/ptII/ptolemy/actor/lib/test/auto/DisplayArray.xml
1 ms. Memory: 1366016K Free: 1125139K (82%)
----------------- Invoking toplevel() on ptolemy.moml.MoMLSimpleApplication@77c38397
----------------- Done invoking toplevel() on ptolemy.moml.MoMLSimpleApplication@77c38397
reloadAllAccessors: .DisplayArray

===========================================================================================
----------------- testing Mon Mar 25 22:38:20 UTC 2019 /home/travis/build/icyphy/ptII/ptolemy/actor/lib/test/auto/Distributor.xml
----------------- Instantiating /home/travis/build/icyphy/ptII/ptolemy/actor/lib/test/auto/Distributor.xml
1 ms. Memory: 1366016K Free: 1108536K (81%)
----------------- Invoking toplevel() on ptolemy.moml.MoMLSimpleApplication@48b121be
----------------- Done invoking toplevel() on ptolemy.moml.MoMLSimpleApplication@48b121be
reloadAllAccessors: .Distributor

===========================================================================================
----------------- testing Mon Mar 25 22:38:20 UTC 2019 /home/travis/build/icyphy/ptII/ptolemy/actor/lib/test/auto/Distributor2.xml
----------------- Instantiating /home/travis/build/icyphy/ptII/ptolemy/actor/lib/test/auto/Distributor2.xml
1 ms. Memory: 1366016K Free: 1091934K (80%)
----------------- Invoking toplevel() on ptolemy.moml.MoMLSimpleApplication@c64db2e
----------------- Done invoking toplevel() on ptolemy.moml.MoMLSimpleApplication@c64db2e
reloadAllAccessors: .Distributor2

===========================================================================================
----------------- testing Mon Mar 25 22:38:20 UTC 2019 /home/travis/build/icyphy/ptII/ptolemy/actor/lib/test/auto/DownSample.xml
----------------- Instantiating /home/travis/build/icyphy/ptII/ptolemy/actor/lib/test/auto/DownSample.xml
2 ms. Memory: 1366016K Free: 1066098K (78%)
----------------- Invoking toplevel() on ptolemy.moml.MoMLSimpleApplication@6200beeb
----------------- Done invoking toplevel() on ptolemy.moml.MoMLSimpleApplication@6200beeb
reloadAllAccessors: .DownSample

===========================================================================================
----------------- testing Mon Mar 25 22:38:20 UTC 2019 /home/travis/build/icyphy/ptII/ptolemy/actor/lib/test/auto/ElectronicUnitBase1.xml
----------------- Instantiating /home/travis/build/icyphy/ptII/ptolemy/actor/lib/test/auto/ElectronicUnitBase1.xml
18 ms. Memory: 1366016K Free: 1041178K (76%)
----------------- Invoking toplevel() on ptolemy.moml.MoMLSimpleApplication@329432a8
----------------- Done invoking toplevel() on ptolemy.moml.MoMLSimpleApplication@329432a8
reloadAllAccessors: .ElectronicUnitBase1

===========================================================================================
----------------- testing Mon Mar 25 22:38:20 UTC 2019 /home/travis/build/icyphy/ptII/ptolemy/actor/lib/test/auto/ElementsToArray.xml
----------------- Instantiating /home/travis/build/icyphy/ptII/ptolemy/actor/lib/test/auto/ElementsToArray.xml
2 ms. Memory: 1366016K Free: 1024575K (75%)
----------------- Invoking toplevel() on ptolemy.moml.MoMLSimpleApplication@11e17955
----------------- Done invoking toplevel() on ptolemy.moml.MoMLSimpleApplication@11e17955
reloadAllAccessors: .ElementsToArray

===========================================================================================
----------------- testing Mon Mar 25 22:38:20 UTC 2019 /home/travis/build/icyphy/ptII/ptolemy/actor/lib/test/auto/Equals.xml
----------------- Instantiating /home/travis/build/icyphy/ptII/ptolemy/actor/lib/test/auto/Equals.xml
1 ms. Memory: 1366016K Free: 1007973K (74%)
----------------- Invoking toplevel() on ptolemy.moml.MoMLSimpleApplication@65194f66
----------------- Done invoking toplevel() on ptolemy.moml.MoMLSimpleApplication@65194f66
reloadAllAccessors: .Equals

===========================================================================================
----------------- testing Mon Mar 25 22:38:20 UTC 2019 /home/travis/build/icyphy/ptII/ptolemy/actor/lib/test/auto/Exec.xml
----------------- Instantiating /home/travis/build/icyphy/ptII/ptolemy/actor/lib/test/auto/Exec.xml
11 ms. Memory: 1366016K Free: 961384K (70%)
----------------- Invoking toplevel() on ptolemy.moml.MoMLSimpleApplication@845ba6c
----------------- Done invoking toplevel() on ptolemy.moml.MoMLSimpleApplication@845ba6c
reloadAllAccessors: .Exec

===========================================================================================
----------------- testing Mon Mar 25 22:38:20 UTC 2019 /home/travis/build/icyphy/ptII/ptolemy/actor/lib/test/auto/ExecEnvironment.xml
----------------- Instantiating /home/travis/build/icyphy/ptII/ptolemy/actor/lib/test/auto/ExecEnvironment.xml
23 ms. Memory: 1366016K Free: 944781K (69%)
----------------- Invoking toplevel() on ptolemy.moml.MoMLSimpleApplication@3e92bfdc
----------------- Done invoking toplevel() on ptolemy.moml.MoMLSimpleApplication@3e92bfdc
reloadAllAccessors: .ExecEnvironment

===========================================================================================
----------------- testing Mon Mar 25 22:38:20 UTC 2019 /home/travis/build/icyphy/ptII/ptolemy/actor/lib/test/auto/ExecNonZeroReturnOutput.xml
----------------- Instantiating /home/travis/build/icyphy/ptII/ptolemy/actor/lib/test/auto/ExecNonZeroReturnOutput.xml
116 ms. Memory: 1366016K Free: 820262K (60%)
----------------- Invoking toplevel() on ptolemy.moml.MoMLSimpleApplication@78e212cc
----------------- Done invoking toplevel() on ptolemy.moml.MoMLSimpleApplication@78e212cc
reloadAllAccessors: .ExecNonZeroReturnOutput

===========================================================================================
----------------- testing Mon Mar 25 22:38:20 UTC 2019 /home/travis/build/icyphy/ptII/ptolemy/actor/lib/test/auto/ExecRunDemos.xml
----------------- Instantiating /home/travis/build/icyphy/ptII/ptolemy/actor/lib/test/auto/ExecRunDemos.xml
Finished: 89 ms. Memory: 116224K Free: 100721K (87%)

Finished: 46 ms. Memory: 116224K Free: 97676K (84%)

Finished: 59 ms. Memory: 116224K Free: 98218K (85%)

Finished: 35 ms. Memory: 116224K Free: 99544K (86%)

Finished: 38 ms. Memory: 116224K Free: 100576K (87%)

9216 ms. Memory: 1366016K Free: 712328K (52%)
----------------- Invoking toplevel() on ptolemy.moml.MoMLSimpleApplication@28d7f67d
----------------- Done invoking toplevel() on ptolemy.moml.MoMLSimpleApplication@28d7f67d
reloadAllAccessors: .ExecRunDemos

===========================================================================================
----------------- testing Mon Mar 25 22:38:30 UTC 2019 /home/travis/build/icyphy/ptII/ptolemy/actor/lib/test/auto/ExecStop.xml
----------------- Instantiating /home/travis/build/icyphy/ptII/ptolemy/actor/lib/test/auto/ExecStop.xml
5014 ms. Memory: 1366016K Free: 429153K (31%)
----------------- Invoking toplevel() on ptolemy.moml.MoMLSimpleApplication@3d6fe126
----------------- Done invoking toplevel() on ptolemy.moml.MoMLSimpleApplication@3d6fe126
reloadAllAccessors: .ExecStop

===========================================================================================
----------------- testing Mon Mar 25 22:38:35 UTC 2019 /home/travis/build/icyphy/ptII/ptolemy/actor/lib/test/auto/ExecutionTimeSDF.xml
----------------- Instantiating /home/travis/build/icyphy/ptII/ptolemy/actor/lib/test/auto/ExecutionTimeSDF.xml
Fired ExecutionTime: -2038167296
Fired ExecutionTime: 1006000000
Fired ExecutionTime: -1646967296
6004 ms. Memory: 1366016K Free: 404249K (30%)
----------------- Invoking toplevel() on ptolemy.moml.MoMLSimpleApplication@62cf26c9
----------------- Done invoking toplevel() on ptolemy.moml.MoMLSimpleApplication@62cf26c9
reloadAllAccessors: .ExecutionTimeSDF

===========================================================================================
----------------- testing Mon Mar 25 22:38:41 UTC 2019 /home/travis/build/icyphy/ptII/ptolemy/actor/lib/test/auto/Expression1.xml
----------------- Instantiating /home/travis/build/icyphy/ptII/ptolemy/actor/lib/test/auto/Expression1.xml
4 ms. Memory: 1366016K Free: 387647K (28%)
----------------- Invoking toplevel() on ptolemy.moml.MoMLSimpleApplication@37ceabad
----------------- Done invoking toplevel() on ptolemy.moml.MoMLSimpleApplication@37ceabad
reloadAllAccessors: .Expression1

===========================================================================================
----------------- testing Mon Mar 25 22:38:41 UTC 2019 /home/travis/build/icyphy/ptII/ptolemy/actor/lib/test/auto/Expression10.xml
----------------- Instantiating /home/travis/build/icyphy/ptII/ptolemy/actor/lib/test/auto/Expression10.xml
4 ms. Memory: 1366016K Free: 371044K (27%)
----------------- Invoking toplevel() on ptolemy.moml.MoMLSimpleApplication@2dd5f1bb
----------------- Done invoking toplevel() on ptolemy.moml.MoMLSimpleApplication@2dd5f1bb
reloadAllAccessors: .Expression10

===========================================================================================
----------------- testing Mon Mar 25 22:38:41 UTC 2019 /home/travis/build/icyphy/ptII/ptolemy/actor/lib/test/auto/Expression11.xml
----------------- Instantiating /home/travis/build/icyphy/ptII/ptolemy/actor/lib/test/auto/Expression11.xml
4 ms. Memory: 1366016K Free: 345208K (25%)
----------------- Invoking toplevel() on ptolemy.moml.MoMLSimpleApplication@4da9a6f7
----------------- Done invoking toplevel() on ptolemy.moml.MoMLSimpleApplication@4da9a6f7
reloadAllAccessors: .Expression11

===========================================================================================
----------------- testing Mon Mar 25 22:38:41 UTC 2019 /home/travis/build/icyphy/ptII/ptolemy/actor/lib/test/auto/Expression12.xml
----------------- Instantiating /home/travis/build/icyphy/ptII/ptolemy/actor/lib/test/auto/Expression12.xml
3 ms. Memory: 1366016K Free: 328606K (24%)
----------------- Invoking toplevel() on ptolemy.moml.MoMLSimpleApplication@6f0bcc96
----------------- Done invoking toplevel() on ptolemy.moml.MoMLSimpleApplication@6f0bcc96
reloadAllAccessors: .Expression12

===========================================================================================
----------------- testing Mon Mar 25 22:38:41 UTC 2019 /home/travis/build/icyphy/ptII/ptolemy/actor/lib/test/auto/Expression13.xml
----------------- Instantiating /home/travis/build/icyphy/ptII/ptolemy/actor/lib/test/auto/Expression13.xml
3 ms. Memory: 1366016K Free: 312003K (23%)
----------------- Invoking toplevel() on ptolemy.moml.MoMLSimpleApplication@2b1d1349
----------------- Done invoking toplevel() on ptolemy.moml.MoMLSimpleApplication@2b1d1349
reloadAllAccessors: .Expression13

===========================================================================================
----------------- testing Mon Mar 25 22:38:41 UTC 2019 /home/travis/build/icyphy/ptII/ptolemy/actor/lib/test/auto/Expression14.xml
----------------- Instantiating /home/travis/build/icyphy/ptII/ptolemy/actor/lib/test/auto/Expression14.xml
6 ms. Memory: 1366016K Free: 295401K (22%)
----------------- Invoking toplevel() on ptolemy.moml.MoMLSimpleApplication@34edcaa6
----------------- Done invoking toplevel() on ptolemy.moml.MoMLSimpleApplication@34edcaa6
reloadAllAccessors: .Expression14

===========================================================================================
----------------- testing Mon Mar 25 22:38:41 UTC 2019 /home/travis/build/icyphy/ptII/ptolemy/actor/lib/test/auto/Expression15.xml
----------------- Instantiating /home/travis/build/icyphy/ptII/ptolemy/actor/lib/test/auto/Expression15.xml
3 ms. Memory: 1366016K Free: 261471K (19%)
----------------- Invoking toplevel() on ptolemy.moml.MoMLSimpleApplication@3498ef5e
----------------- Done invoking toplevel() on ptolemy.moml.MoMLSimpleApplication@3498ef5e
reloadAllAccessors: .Expression15

===========================================================================================
----------------- testing Mon Mar 25 22:38:41 UTC 2019 /home/travis/build/icyphy/ptII/ptolemy/actor/lib/test/auto/Expression16.xml
----------------- Instantiating /home/travis/build/icyphy/ptII/ptolemy/actor/lib/test/auto/Expression16.xml
4 ms. Memory: 1366016K Free: 244869K (18%)
----------------- Invoking toplevel() on ptolemy.moml.MoMLSimpleApplication@3b181521
----------------- Done invoking toplevel() on ptolemy.moml.MoMLSimpleApplication@3b181521
reloadAllAccessors: .Expression16

===========================================================================================
----------------- testing Mon Mar 25 22:38:41 UTC 2019 /home/travis/build/icyphy/ptII/ptolemy/actor/lib/test/auto/Expression17.xml
----------------- Instantiating /home/travis/build/icyphy/ptII/ptolemy/actor/lib/test/auto/Expression17.xml
3 ms. Memory: 1366016K Free: 228266K (17%)
----------------- Invoking toplevel() on ptolemy.moml.MoMLSimpleApplication@72b34f49
----------------- Done invoking toplevel() on ptolemy.moml.MoMLSimpleApplication@72b34f49
reloadAllAccessors: .Expression17

===========================================================================================
----------------- testing Mon Mar 25 22:38:41 UTC 2019 /home/travis/build/icyphy/ptII/ptolemy/actor/lib/test/auto/Expression18.xml
----------------- Instantiating /home/travis/build/icyphy/ptII/ptolemy/actor/lib/test/auto/Expression18.xml
4 ms. Memory: 1366016K Free: 211664K (15%)
----------------- Invoking toplevel() on ptolemy.moml.MoMLSimpleApplication@10d03aed
----------------- Done invoking toplevel() on ptolemy.moml.MoMLSimpleApplication@10d03aed
reloadAllAccessors: .Expression18

===========================================================================================
----------------- testing Mon Mar 25 22:38:41 UTC 2019 /home/travis/build/icyphy/ptII/ptolemy/actor/lib/test/auto/Expression2.xml
----------------- Instantiating /home/travis/build/icyphy/ptII/ptolemy/actor/lib/test/auto/Expression2.xml
4 ms. Memory: 1366016K Free: 185828K (14%)
----------------- Invoking toplevel() on ptolemy.moml.MoMLSimpleApplication@708e89b2
----------------- Done invoking toplevel() on ptolemy.moml.MoMLSimpleApplication@708e89b2
reloadAllAccessors: .Expression2

===========================================================================================
----------------- testing Mon Mar 25 22:38:41 UTC 2019 /home/travis/build/icyphy/ptII/ptolemy/actor/lib/test/auto/Expression3.xml
----------------- Instantiating /home/travis/build/icyphy/ptII/ptolemy/actor/lib/test/auto/Expression3.xml
5 ms. Memory: 1366016K Free: 169225K (12%)
----------------- Invoking toplevel() on ptolemy.moml.MoMLSimpleApplication@79d21820
----------------- Done invoking toplevel() on ptolemy.moml.MoMLSimpleApplication@79d21820
reloadAllAccessors: .Expression3

===========================================================================================
----------------- testing Mon Mar 25 22:38:41 UTC 2019 /home/travis/build/icyphy/ptII/ptolemy/actor/lib/test/auto/Expression4.xml
----------------- Instantiating /home/travis/build/icyphy/ptII/ptolemy/actor/lib/test/auto/Expression4.xml
6 ms. Memory: 1366016K Free: 152623K (11%)
----------------- Invoking toplevel() on ptolemy.moml.MoMLSimpleApplication@5884cc1f
----------------- Done invoking toplevel() on ptolemy.moml.MoMLSimpleApplication@5884cc1f
reloadAllAccessors: .Expression4

===========================================================================================
----------------- testing Mon Mar 25 22:38:41 UTC 2019 /home/travis/build/icyphy/ptII/ptolemy/actor/lib/test/auto/Expression5.xml
----------------- Instantiating /home/travis/build/icyphy/ptII/ptolemy/actor/lib/test/auto/Expression5.xml
4 ms. Memory: 1366016K Free: 136020K (10%)
----------------- Invoking toplevel() on ptolemy.moml.MoMLSimpleApplication@10114730
----------------- Done invoking toplevel() on ptolemy.moml.MoMLSimpleApplication@10114730
reloadAllAccessors: .Expression5

===========================================================================================
----------------- testing Mon Mar 25 22:38:41 UTC 2019 /home/travis/build/icyphy/ptII/ptolemy/actor/lib/test/auto/Expression6.xml
----------------- Instantiating /home/travis/build/icyphy/ptII/ptolemy/actor/lib/test/auto/Expression6.xml
2 ms. Memory: 1366016K Free: 110184K (8%)
----------------- Invoking toplevel() on ptolemy.moml.MoMLSimpleApplication@13458937
----------------- Done invoking toplevel() on ptolemy.moml.MoMLSimpleApplication@13458937
reloadAllAccessors: .Expression6

===========================================================================================
----------------- testing Mon Mar 25 22:38:41 UTC 2019 /home/travis/build/icyphy/ptII/ptolemy/actor/lib/test/auto/Expression7.xml
----------------- Instantiating /home/travis/build/icyphy/ptII/ptolemy/actor/lib/test/auto/Expression7.xml
2 ms. Memory: 1366016K Free: 93582K (7%)
----------------- Invoking toplevel() on ptolemy.moml.MoMLSimpleApplication@63643dc8
----------------- Done invoking toplevel() on ptolemy.moml.MoMLSimpleApplication@63643dc8
reloadAllAccessors: .Expression7

===========================================================================================
----------------- testing Mon Mar 25 22:38:41 UTC 2019 /home/travis/build/icyphy/ptII/ptolemy/actor/lib/test/auto/Expression8.xml
----------------- Instantiating /home/travis/build/icyphy/ptII/ptolemy/actor/lib/test/auto/Expression8.xml
8 ms. Memory: 1366016K Free: 82149K (6%)
----------------- Invoking toplevel() on ptolemy.moml.MoMLSimpleApplication@7300cc3c
----------------- Done invoking toplevel() on ptolemy.moml.MoMLSimpleApplication@7300cc3c
reloadAllAccessors: .Expression8

===========================================================================================
----------------- testing Mon Mar 25 22:38:41 UTC 2019 /home/travis/build/icyphy/ptII/ptolemy/actor/lib/test/auto/Expression9.xml
----------------- Instantiating /home/travis/build/icyphy/ptII/ptolemy/actor/lib/test/auto/Expression9.xml
1 ms. Memory: 1366016K Free: 1312134K (96%)
----------------- Invoking toplevel() on ptolemy.moml.MoMLSimpleApplication@47bdad35
----------------- Done invoking toplevel() on ptolemy.moml.MoMLSimpleApplication@47bdad35
reloadAllAccessors: .Expression9

===========================================================================================
----------------- testing Mon Mar 25 22:38:41 UTC 2019 /home/travis/build/icyphy/ptII/ptolemy/actor/lib/test/auto/ExpressionConcatenateArrayType.xml
----------------- Instantiating /home/travis/build/icyphy/ptII/ptolemy/actor/lib/test/auto/ExpressionConcatenateArrayType.xml
2 ms. Memory: 1366016K Free: 1293098K (95%)
----------------- Invoking toplevel() on ptolemy.moml.MoMLSimpleApplication@4b07282
----------------- Done invoking toplevel() on ptolemy.moml.MoMLSimpleApplication@4b07282
reloadAllAccessors: .ExpressionConcatenateArrayType

===========================================================================================
----------------- testing Mon Mar 25 22:38:41 UTC 2019 /home/travis/build/icyphy/ptII/ptolemy/actor/lib/test/auto/ExpressionConcatenateArrayType2.xml
----------------- Instantiating /home/travis/build/icyphy/ptII/ptolemy/actor/lib/test/auto/ExpressionConcatenateArrayType2.xml
2 ms. Memory: 1366016K Free: 1280647K (94%)
----------------- Invoking toplevel() on ptolemy.moml.MoMLSimpleApplication@7367f73b
----------------- Done invoking toplevel() on ptolemy.moml.MoMLSimpleApplication@7367f73b
reloadAllAccessors: .ExpressionConcatenateArrayType2

===========================================================================================
----------------- testing Mon Mar 25 22:38:41 UTC 2019 /home/travis/build/icyphy/ptII/ptolemy/actor/lib/test/auto/ExpressionFix.xml
----------------- Instantiating /home/travis/build/icyphy/ptII/ptolemy/actor/lib/test/auto/ExpressionFix.xml
16 ms. Memory: 1366016K Free: 1261502K (92%)
----------------- Invoking toplevel() on ptolemy.moml.MoMLSimpleApplication@11f35a82
----------------- Done invoking toplevel() on ptolemy.moml.MoMLSimpleApplication@11f35a82
reloadAllAccessors: .ExpressionFix

===========================================================================================
----------------- testing Mon Mar 25 22:38:41 UTC 2019 /home/travis/build/icyphy/ptII/ptolemy/actor/lib/test/auto/ExpressionFix2.xml
----------------- Instantiating /home/travis/build/icyphy/ptII/ptolemy/actor/lib/test/auto/ExpressionFix2.xml
4 ms. Memory: 1366016K Free: 1249050K (91%)
----------------- Invoking toplevel() on ptolemy.moml.MoMLSimpleApplication@be04e04
----------------- Done invoking toplevel() on ptolemy.moml.MoMLSimpleApplication@be04e04
reloadAllAccessors: .ExpressionFix2

===========================================================================================
----------------- testing Mon Mar 25 22:38:41 UTC 2019 /home/travis/build/icyphy/ptII/ptolemy/actor/lib/test/auto/ExpressionFix3.xml
----------------- Instantiating /home/travis/build/icyphy/ptII/ptolemy/actor/lib/test/auto/ExpressionFix3.xml
3 ms. Memory: 1366016K Free: 1236598K (91%)
----------------- Invoking toplevel() on ptolemy.moml.MoMLSimpleApplication@7b841f88
----------------- Done invoking toplevel() on ptolemy.moml.MoMLSimpleApplication@7b841f88
reloadAllAccessors: .ExpressionFix3

===========================================================================================
----------------- testing Mon Mar 25 22:38:41 UTC 2019 /home/travis/build/icyphy/ptII/ptolemy/actor/lib/test/auto/FileWriter1.xml
----------------- Instantiating /home/travis/build/icyphy/ptII/ptolemy/actor/lib/test/auto/FileWriter1.xml
2 ms. Memory: 1366016K Free: 1217563K (89%)
----------------- Invoking toplevel() on ptolemy.moml.MoMLSimpleApplication@1fc77f80
----------------- Done invoking toplevel() on ptolemy.moml.MoMLSimpleApplication@1fc77f80
reloadAllAccessors: .FileWriter1

===========================================================================================
----------------- testing Mon Mar 25 22:38:41 UTC 2019 /home/travis/build/icyphy/ptII/ptolemy/actor/lib/test/auto/FileWriter2.xml
----------------- Instantiating /home/travis/build/icyphy/ptII/ptolemy/actor/lib/test/auto/FileWriter2.xml
2 ms. Memory: 1366016K Free: 1205111K (88%)
----------------- Invoking toplevel() on ptolemy.moml.MoMLSimpleApplication@5d1c91e
----------------- Done invoking toplevel() on ptolemy.moml.MoMLSimpleApplication@5d1c91e
reloadAllAccessors: .FileWriter2

===========================================================================================
----------------- testing Mon Mar 25 22:38:41 UTC 2019 /home/travis/build/icyphy/ptII/ptolemy/actor/lib/test/auto/FileWriter3.xml
----------------- Instantiating /home/travis/build/icyphy/ptII/ptolemy/actor/lib/test/auto/FileWriter3.xml
1 ms. Memory: 1366016K Free: 1192659K (87%)
----------------- Invoking toplevel() on ptolemy.moml.MoMLSimpleApplication@4fcf3c5e
----------------- Done invoking toplevel() on ptolemy.moml.MoMLSimpleApplication@4fcf3c5e
reloadAllAccessors: .FileWriter3

===========================================================================================
----------------- testing Mon Mar 25 22:38:41 UTC 2019 /home/travis/build/icyphy/ptII/ptolemy/actor/lib/test/auto/Gaussian.xml
----------------- Instantiating /home/travis/build/icyphy/ptII/ptolemy/actor/lib/test/auto/Gaussian.xml
2 ms. Memory: 1366016K Free: 1173624K (86%)
----------------- Invoking toplevel() on ptolemy.moml.MoMLSimpleApplication@3b0080fd
----------------- Done invoking toplevel() on ptolemy.moml.MoMLSimpleApplication@3b0080fd
reloadAllAccessors: .Gaussian

===========================================================================================
----------------- testing Mon Mar 25 22:38:41 UTC 2019 /home/travis/build/icyphy/ptII/ptolemy/actor/lib/test/auto/Gaussian1.xml
----------------- Instantiating /home/travis/build/icyphy/ptII/ptolemy/actor/lib/test/auto/Gaussian1.xml
1 ms. Memory: 1366016K Free: 1161172K (85%)
----------------- Invoking toplevel() on ptolemy.moml.MoMLSimpleApplication@7b1fc7a3
----------------- Done invoking toplevel() on ptolemy.moml.MoMLSimpleApplication@7b1fc7a3
reloadAllAccessors: .Gaussian1

===========================================================================================
----------------- testing Mon Mar 25 22:38:41 UTC 2019 /home/travis/build/icyphy/ptII/ptolemy/actor/lib/test/auto/Gaussian2.xml
----------------- Instantiating /home/travis/build/icyphy/ptII/ptolemy/actor/lib/test/auto/Gaussian2.xml
2 ms. Memory: 1366016K Free: 1148720K (84%)
----------------- Invoking toplevel() on ptolemy.moml.MoMLSimpleApplication@33ab4641
----------------- Done invoking toplevel() on ptolemy.moml.MoMLSimpleApplication@33ab4641
reloadAllAccessors: .Gaussian2

===========================================================================================
----------------- testing Mon Mar 25 22:38:41 UTC 2019 /home/travis/build/icyphy/ptII/ptolemy/actor/lib/test/auto/GradientAdaptiveLattice.xml
----------------- Instantiating /home/travis/build/icyphy/ptII/ptolemy/actor/lib/test/auto/GradientAdaptiveLattice.xml
10 ms. Memory: 1366016K Free: 1129685K (83%)
----------------- Invoking toplevel() on ptolemy.moml.MoMLSimpleApplication@2994a33a
----------------- Done invoking toplevel() on ptolemy.moml.MoMLSimpleApplication@2994a33a
reloadAllAccessors: .GradientAdaptiveLattice

===========================================================================================
----------------- testing Mon Mar 25 22:38:41 UTC 2019 /home/travis/build/icyphy/ptII/ptolemy/actor/lib/test/auto/IIR.xml
----------------- Instantiating /home/travis/build/icyphy/ptII/ptolemy/actor/lib/test/auto/IIR.xml
2 ms. Memory: 1366016K Free: 1117233K (82%)
----------------- Invoking toplevel() on ptolemy.moml.MoMLSimpleApplication@65d1fda7
----------------- Done invoking toplevel() on ptolemy.moml.MoMLSimpleApplication@65d1fda7
reloadAllAccessors: .IIR

===========================================================================================
----------------- testing Mon Mar 25 22:38:41 UTC 2019 /home/travis/build/icyphy/ptII/ptolemy/actor/lib/test/auto/InputOutputTransparentPorts.xml
----------------- Instantiating /home/travis/build/icyphy/ptII/ptolemy/actor/lib/test/auto/InputOutputTransparentPorts.xml
1 ms. Memory: 1366016K Free: 1104781K (81%)
----------------- Invoking toplevel() on ptolemy.moml.MoMLSimpleApplication@11f00ad
----------------- Done invoking toplevel() on ptolemy.moml.MoMLSimpleApplication@11f00ad
reloadAllAccessors: .InputOutputTransparentPorts

===========================================================================================
----------------- testing Mon Mar 25 22:38:41 UTC 2019 /home/travis/build/icyphy/ptII/ptolemy/actor/lib/test/auto/Interpolator.xml
----------------- Instantiating /home/travis/build/icyphy/ptII/ptolemy/actor/lib/test/auto/Interpolator.xml
5 ms. Memory: 1366016K Free: 1085745K (79%)
----------------- Invoking toplevel() on ptolemy.moml.MoMLSimpleApplication@cd8a579
----------------- Done invoking toplevel() on ptolemy.moml.MoMLSimpleApplication@cd8a579
reloadAllAccessors: .Interpolator

===========================================================================================
----------------- testing Mon Mar 25 22:38:41 UTC 2019 /home/travis/build/icyphy/ptII/ptolemy/actor/lib/test/auto/InterpolatorFiringLimitDE.xml
----------------- Instantiating /home/travis/build/icyphy/ptII/ptolemy/actor/lib/test/auto/InterpolatorFiringLimitDE.xml
2 ms. Memory: 1366016K Free: 1073294K (79%)
----------------- Invoking toplevel() on ptolemy.moml.MoMLSimpleApplication@4da94db0
----------------- Done invoking toplevel() on ptolemy.moml.MoMLSimpleApplication@4da94db0
reloadAllAccessors: .InterpolatorFiringLimitDE

===========================================================================================
----------------- testing Mon Mar 25 22:38:41 UTC 2019 /home/travis/build/icyphy/ptII/ptolemy/actor/lib/test/auto/Lattice.xml
----------------- Instantiating /home/travis/build/icyphy/ptII/ptolemy/actor/lib/test/auto/Lattice.xml
1 ms. Memory: 1366016K Free: 1060842K (78%)
----------------- Invoking toplevel() on ptolemy.moml.MoMLSimpleApplication@2a8d91b2
----------------- Done invoking toplevel() on ptolemy.moml.MoMLSimpleApplication@2a8d91b2
reloadAllAccessors: .Lattice

===========================================================================================
----------------- testing Mon Mar 25 22:38:41 UTC 2019 /home/travis/build/icyphy/ptII/ptolemy/actor/lib/test/auto/LazyAOCTestLazy.xml
----------------- Instantiating /home/travis/build/icyphy/ptII/ptolemy/actor/lib/test/auto/LazyAOCTestLazy.xml
9 ms. Memory: 1366016K Free: 1041807K (76%)
----------------- Invoking toplevel() on ptolemy.moml.MoMLSimpleApplication@4945ff09
----------------- Done invoking toplevel() on ptolemy.moml.MoMLSimpleApplication@4945ff09
reloadAllAccessors: .LazyAOCTestLazy

===========================================================================================
----------------- testing Mon Mar 25 22:38:41 UTC 2019 /home/travis/build/icyphy/ptII/ptolemy/actor/lib/test/auto/LazyAOCTestNonLazy.xml
----------------- Instantiating /home/travis/build/icyphy/ptII/ptolemy/actor/lib/test/auto/LazyAOCTestNonLazy.xml
7 ms. Memory: 1366016K Free: 1029355K (75%)
----------------- Invoking toplevel() on ptolemy.moml.MoMLSimpleApplication@7e0194b7
----------------- Done invoking toplevel() on ptolemy.moml.MoMLSimpleApplication@7e0194b7
reloadAllAccessors: .LazyAOCTestNonLazy

===========================================================================================
----------------- testing Mon Mar 25 22:38:41 UTC 2019 /home/travis/build/icyphy/ptII/ptolemy/actor/lib/test/auto/LazyInnerClass.xml
----------------- Instantiating /home/travis/build/icyphy/ptII/ptolemy/actor/lib/test/auto/LazyInnerClass.xml
27 ms. Memory: 1366016K Free: 1016903K (74%)
----------------- Invoking toplevel() on ptolemy.moml.MoMLSimpleApplication@64385df
----------------- Done invoking toplevel() on ptolemy.moml.MoMLSimpleApplication@64385df
reloadAllAccessors: .LazyInnerClass

===========================================================================================
----------------- testing Mon Mar 25 22:38:42 UTC 2019 /home/travis/build/icyphy/ptII/ptolemy/actor/lib/test/auto/LazyPubSub.xml
----------------- Instantiating /home/travis/build/icyphy/ptII/ptolemy/actor/lib/test/auto/LazyPubSub.xml
18 ms. Memory: 1366016K Free: 997868K (73%)
----------------- Invoking toplevel() on ptolemy.moml.MoMLSimpleApplication@48c87993
----------------- Done invoking toplevel() on ptolemy.moml.MoMLSimpleApplication@48c87993
reloadAllAccessors: .LazyPubSub

===========================================================================================
----------------- testing Mon Mar 25 22:38:42 UTC 2019 /home/travis/build/icyphy/ptII/ptolemy/actor/lib/test/auto/LazyPubSub2.xml
----------------- Instantiating /home/travis/build/icyphy/ptII/ptolemy/actor/lib/test/auto/LazyPubSub2.xml
14 ms. Memory: 1366016K Free: 985416K (72%)
----------------- Invoking toplevel() on ptolemy.moml.MoMLSimpleApplication@6cd265c
----------------- Done invoking toplevel() on ptolemy.moml.MoMLSimpleApplication@6cd265c
reloadAllAccessors: .LazyPubSub2

===========================================================================================
----------------- testing Mon Mar 25 22:38:42 UTC 2019 /home/travis/build/icyphy/ptII/ptolemy/actor/lib/test/auto/LazyPubSub3.xml
----------------- Instantiating /home/travis/build/icyphy/ptII/ptolemy/actor/lib/test/auto/LazyPubSub3.xml
11 ms. Memory: 1366016K Free: 972964K (71%)
----------------- Invoking toplevel() on ptolemy.moml.MoMLSimpleApplication@34466423
----------------- Done invoking toplevel() on ptolemy.moml.MoMLSimpleApplication@34466423
reloadAllAccessors: .LazyPubSub3

===========================================================================================
----------------- testing Mon Mar 25 22:38:42 UTC 2019 /home/travis/build/icyphy/ptII/ptolemy/actor/lib/test/auto/LazySubClassModel.xml
----------------- Instantiating /home/travis/build/icyphy/ptII/ptolemy/actor/lib/test/auto/LazySubClassModel.xml
4 ms. Memory: 1366016K Free: 947687K (69%)
----------------- Invoking toplevel() on ptolemy.moml.MoMLSimpleApplication@3e928865
----------------- Done invoking toplevel() on ptolemy.moml.MoMLSimpleApplication@3e928865
reloadAllAccessors: .LazySubClassModel

===========================================================================================
----------------- testing Mon Mar 25 22:38:42 UTC 2019 /home/travis/build/icyphy/ptII/ptolemy/actor/lib/test/auto/LevelCrossTest1.xml
----------------- Instantiating /home/travis/build/icyphy/ptII/ptolemy/actor/lib/test/auto/LevelCrossTest1.xml
1 ms. Memory: 1366016K Free: 935235K (68%)
----------------- Invoking toplevel() on ptolemy.moml.MoMLSimpleApplication@2291ccfb
----------------- Done invoking toplevel() on ptolemy.moml.MoMLSimpleApplication@2291ccfb
reloadAllAccessors: .broken

===========================================================================================
----------------- testing Mon Mar 25 22:38:42 UTC 2019 /home/travis/build/icyphy/ptII/ptolemy/actor/lib/test/auto/LevelCrossTest10.xml
----------------- Instantiating /home/travis/build/icyphy/ptII/ptolemy/actor/lib/test/auto/LevelCrossTest10.xml
1 ms. Memory: 1366016K Free: 916199K (67%)
----------------- Invoking toplevel() on ptolemy.moml.MoMLSimpleApplication@73b8338f
----------------- Done invoking toplevel() on ptolemy.moml.MoMLSimpleApplication@73b8338f
reloadAllAccessors: .LevelCrossTest10

===========================================================================================
----------------- testing Mon Mar 25 22:38:42 UTC 2019 /home/travis/build/icyphy/ptII/ptolemy/actor/lib/test/auto/LevelCrossTest11.xml
----------------- Instantiating /home/travis/build/icyphy/ptII/ptolemy/actor/lib/test/auto/LevelCrossTest11.xml
1 ms. Memory: 1366016K Free: 903748K (66%)
----------------- Invoking toplevel() on ptolemy.moml.MoMLSimpleApplication@295e3b92
----------------- Done invoking toplevel() on ptolemy.moml.MoMLSimpleApplication@295e3b92
reloadAllAccessors: .LevelCrossTest11

===========================================================================================
----------------- testing Mon Mar 25 22:38:42 UTC 2019 /home/travis/build/icyphy/ptII/ptolemy/actor/lib/test/auto/LevelCrossTest12.xml
----------------- Instantiating /home/travis/build/icyphy/ptII/ptolemy/actor/lib/test/auto/LevelCrossTest12.xml
1 ms. Memory: 1366016K Free: 891296K (65%)
----------------- Invoking toplevel() on ptolemy.moml.MoMLSimpleApplication@1581ae7
----------------- Done invoking toplevel() on ptolemy.moml.MoMLSimpleApplication@1581ae7
reloadAllAccessors: .LevelCrossTest12

===========================================================================================
----------------- testing Mon Mar 25 22:38:42 UTC 2019 /home/travis/build/icyphy/ptII/ptolemy/actor/lib/test/auto/LevelCrossTest13.xml
----------------- Instantiating /home/travis/build/icyphy/ptII/ptolemy/actor/lib/test/auto/LevelCrossTest13.xml
1 ms. Memory: 1366016K Free: 872260K (64%)
----------------- Invoking toplevel() on ptolemy.moml.MoMLSimpleApplication@774d2206
----------------- Done invoking toplevel() on ptolemy.moml.MoMLSimpleApplication@774d2206
reloadAllAccessors: .LevelCrossTest13

===========================================================================================
----------------- testing Mon Mar 25 22:38:42 UTC 2019 /home/travis/build/icyphy/ptII/ptolemy/actor/lib/test/auto/LevelCrossTest2.xml
----------------- Instantiating /home/travis/build/icyphy/ptII/ptolemy/actor/lib/test/auto/LevelCrossTest2.xml
1 ms. Memory: 1366016K Free: 859809K (63%)
----------------- Invoking toplevel() on ptolemy.moml.MoMLSimpleApplication@44234ffd
----------------- Done invoking toplevel() on ptolemy.moml.MoMLSimpleApplication@44234ffd
reloadAllAccessors: .broken

===========================================================================================
----------------- testing Mon Mar 25 22:38:42 UTC 2019 /home/travis/build/icyphy/ptII/ptolemy/actor/lib/test/auto/LevelCrossTest3.xml
----------------- Instantiating /home/travis/build/icyphy/ptII/ptolemy/actor/lib/test/auto/LevelCrossTest3.xml
4 ms. Memory: 1366016K Free: 847357K (62%)
----------------- Invoking toplevel() on ptolemy.moml.MoMLSimpleApplication@45712e2
----------------- Done invoking toplevel() on ptolemy.moml.MoMLSimpleApplication@45712e2
reloadAllAccessors: .LevelCrossTest3

===========================================================================================
----------------- testing Mon Mar 25 22:38:42 UTC 2019 /home/travis/build/icyphy/ptII/ptolemy/actor/lib/test/auto/LevelCrossTest4.xml
----------------- Instantiating /home/travis/build/icyphy/ptII/ptolemy/actor/lib/test/auto/LevelCrossTest4.xml
1 ms. Memory: 1366016K Free: 828321K (61%)
----------------- Invoking toplevel() on ptolemy.moml.MoMLSimpleApplication@2ce42574
----------------- Done invoking toplevel() on ptolemy.moml.MoMLSimpleApplication@2ce42574
reloadAllAccessors: .broken

===========================================================================================
----------------- testing Mon Mar 25 22:38:42 UTC 2019 /home/travis/build/icyphy/ptII/ptolemy/actor/lib/test/auto/LevelCrossTest5.xml
----------------- Instantiating /home/travis/build/icyphy/ptII/ptolemy/actor/lib/test/auto/LevelCrossTest5.xml
1 ms. Memory: 1366016K Free: 815870K (60%)
----------------- Invoking toplevel() on ptolemy.moml.MoMLSimpleApplication@1a187e46
----------------- Done invoking toplevel() on ptolemy.moml.MoMLSimpleApplication@1a187e46
reloadAllAccessors: .LevelCrossTest5

===========================================================================================
----------------- testing Mon Mar 25 22:38:42 UTC 2019 /home/travis/build/icyphy/ptII/ptolemy/actor/lib/test/auto/LevelCrossTest6.xml
----------------- Instantiating /home/travis/build/icyphy/ptII/ptolemy/actor/lib/test/auto/LevelCrossTest6.xml
1 ms. Memory: 1366016K Free: 803418K (59%)
----------------- Invoking toplevel() on ptolemy.moml.MoMLSimpleApplication@4a2a28db
----------------- Done invoking toplevel() on ptolemy.moml.MoMLSimpleApplication@4a2a28db
reloadAllAccessors: .LevelCrossTest6

===========================================================================================
----------------- testing Mon Mar 25 22:38:42 UTC 2019 /home/travis/build/icyphy/ptII/ptolemy/actor/lib/test/auto/LevelCrossTest7.xml
----------------- Instantiating /home/travis/build/icyphy/ptII/ptolemy/actor/lib/test/auto/LevelCrossTest7.xml
7 ms. Memory: 1366016K Free: 784382K (57%)
----------------- Invoking toplevel() on ptolemy.moml.MoMLSimpleApplication@739133b2
----------------- Done invoking toplevel() on ptolemy.moml.MoMLSimpleApplication@739133b2
reloadAllAccessors: .LevelCrossTest7

===========================================================================================
----------------- testing Mon Mar 25 22:38:42 UTC 2019 /home/travis/build/icyphy/ptII/ptolemy/actor/lib/test/auto/LevelCrossTest8.xml
----------------- Instantiating /home/travis/build/icyphy/ptII/ptolemy/actor/lib/test/auto/LevelCrossTest8.xml
1 ms. Memory: 1366016K Free: 771930K (57%)
----------------- Invoking toplevel() on ptolemy.moml.MoMLSimpleApplication@77e8863
----------------- Done invoking toplevel() on ptolemy.moml.MoMLSimpleApplication@77e8863
reloadAllAccessors: .LevelCrossTest8

===========================================================================================
----------------- testing Mon Mar 25 22:38:42 UTC 2019 /home/travis/build/icyphy/ptII/ptolemy/actor/lib/test/auto/LevelCrossTest9.xml
----------------- Instantiating /home/travis/build/icyphy/ptII/ptolemy/actor/lib/test/auto/LevelCrossTest9.xml
2 ms. Memory: 1366016K Free: 759479K (56%)
----------------- Invoking toplevel() on ptolemy.moml.MoMLSimpleApplication@41479827
----------------- Done invoking toplevel() on ptolemy.moml.MoMLSimpleApplication@41479827
reloadAllAccessors: .LevelCrossTest9

===========================================================================================
----------------- testing Mon Mar 25 22:38:42 UTC 2019 /home/travis/build/icyphy/ptII/ptolemy/actor/lib/test/auto/LevinsonDurbin.xml
----------------- Instantiating /home/travis/build/icyphy/ptII/ptolemy/actor/lib/test/auto/LevinsonDurbin.xml
1 ms. Memory: 1366016K Free: 740443K (54%)
----------------- Invoking toplevel() on ptolemy.moml.MoMLSimpleApplication@68525167
----------------- Done invoking toplevel() on ptolemy.moml.MoMLSimpleApplication@68525167
reloadAllAccessors: .LevinsonDurbin

===========================================================================================
----------------- testing Mon Mar 25 22:38:42 UTC 2019 /home/travis/build/icyphy/ptII/ptolemy/actor/lib/test/auto/LevinsonDurbin2.xml
----------------- Instantiating /home/travis/build/icyphy/ptII/ptolemy/actor/lib/test/auto/LevinsonDurbin2.xml
1 ms. Memory: 1366016K Free: 727991K (53%)
----------------- Invoking toplevel() on ptolemy.moml.MoMLSimpleApplication@22ae4211
----------------- Done invoking toplevel() on ptolemy.moml.MoMLSimpleApplication@22ae4211
reloadAllAccessors: .LevinsonDurbin2

===========================================================================================
----------------- testing Mon Mar 25 22:38:42 UTC 2019 /home/travis/build/icyphy/ptII/ptolemy/actor/lib/test/auto/LevinsonDurbin3.xml
----------------- Instantiating /home/travis/build/icyphy/ptII/ptolemy/actor/lib/test/auto/LevinsonDurbin3.xml
1 ms. Memory: 1366016K Free: 715540K (52%)
----------------- Invoking toplevel() on ptolemy.moml.MoMLSimpleApplication@3b9d81a0
----------------- Done invoking toplevel() on ptolemy.moml.MoMLSimpleApplication@3b9d81a0
reloadAllAccessors: .LevinsonDurbin3

===========================================================================================
----------------- testing Mon Mar 25 22:38:42 UTC 2019 /home/travis/build/icyphy/ptII/ptolemy/actor/lib/test/auto/Limiter.xml
----------------- Instantiating /home/travis/build/icyphy/ptII/ptolemy/actor/lib/test/auto/Limiter.xml
3 ms. Memory: 1366016K Free: 696504K (51%)
----------------- Invoking toplevel() on ptolemy.moml.MoMLSimpleApplication@1c438a94
----------------- Done invoking toplevel() on ptolemy.moml.MoMLSimpleApplication@1c438a94
reloadAllAccessors: .Limiter

===========================================================================================
----------------- testing Mon Mar 25 22:38:42 UTC 2019 /home/travis/build/icyphy/ptII/ptolemy/actor/lib/test/auto/LinearDifferenceEquationSystem.xml
----------------- Instantiating /home/travis/build/icyphy/ptII/ptolemy/actor/lib/test/auto/LinearDifferenceEquationSystem.xml
3 ms. Memory: 1366016K Free: 684052K (50%)
----------------- Invoking toplevel() on ptolemy.moml.MoMLSimpleApplication@11a45f11
----------------- Done invoking toplevel() on ptolemy.moml.MoMLSimpleApplication@11a45f11
reloadAllAccessors: .LinearDifferenceEquationSystem

===========================================================================================
----------------- testing Mon Mar 25 22:38:42 UTC 2019 /home/travis/build/icyphy/ptII/ptolemy/actor/lib/test/auto/LookupTable.xml
----------------- Instantiating /home/travis/build/icyphy/ptII/ptolemy/actor/lib/test/auto/LookupTable.xml
1 ms. Memory: 1366016K Free: 665017K (49%)
----------------- Invoking toplevel() on ptolemy.moml.MoMLSimpleApplication@589fd5bc
----------------- Done invoking toplevel() on ptolemy.moml.MoMLSimpleApplication@589fd5bc
reloadAllAccessors: .LookupTable

===========================================================================================
----------------- testing Mon Mar 25 22:38:42 UTC 2019 /home/travis/build/icyphy/ptII/ptolemy/actor/lib/test/auto/MathFunction.xml
----------------- Instantiating /home/travis/build/icyphy/ptII/ptolemy/actor/lib/test/auto/MathFunction.xml
2 ms. Memory: 1366016K Free: 652565K (48%)
----------------- Invoking toplevel() on ptolemy.moml.MoMLSimpleApplication@14f52d68
----------------- Done invoking toplevel() on ptolemy.moml.MoMLSimpleApplication@14f52d68
reloadAllAccessors: .MathFunction

===========================================================================================
----------------- testing Mon Mar 25 22:38:42 UTC 2019 /home/travis/build/icyphy/ptII/ptolemy/actor/lib/test/auto/MathFunction2.xml
----------------- Instantiating /home/travis/build/icyphy/ptII/ptolemy/actor/lib/test/auto/MathFunction2.xml
1 ms. Memory: 1366016K Free: 640113K (47%)
----------------- Invoking toplevel() on ptolemy.moml.MoMLSimpleApplication@51873a5
----------------- Done invoking toplevel() on ptolemy.moml.MoMLSimpleApplication@51873a5
reloadAllAccessors: .MathFunction2

===========================================================================================
----------------- testing Mon Mar 25 22:38:42 UTC 2019 /home/travis/build/icyphy/ptII/ptolemy/actor/lib/test/auto/MathFunction3.xml
----------------- Instantiating /home/travis/build/icyphy/ptII/ptolemy/actor/lib/test/auto/MathFunction3.xml
2 ms. Memory: 1366016K Free: 621078K (45%)
----------------- Invoking toplevel() on ptolemy.moml.MoMLSimpleApplication@391918c2
----------------- Done invoking toplevel() on ptolemy.moml.MoMLSimpleApplication@391918c2
reloadAllAccessors: .MathFunction3

===========================================================================================
----------------- testing Mon Mar 25 22:38:42 UTC 2019 /home/travis/build/icyphy/ptII/ptolemy/actor/lib/test/auto/MatrixCropBoolean.xml
----------------- Instantiating /home/travis/build/icyphy/ptII/ptolemy/actor/lib/test/auto/MatrixCropBoolean.xml
2 ms. Memory: 1366016K Free: 608626K (45%)
----------------- Invoking toplevel() on ptolemy.moml.MoMLSimpleApplication@201c58be
----------------- Done invoking toplevel() on ptolemy.moml.MoMLSimpleApplication@201c58be
reloadAllAccessors: .MatrixCropBoolean

===========================================================================================
----------------- testing Mon Mar 25 22:38:42 UTC 2019 /home/travis/build/icyphy/ptII/ptolemy/actor/lib/test/auto/MatrixCropComplex.xml
----------------- Instantiating /home/travis/build/icyphy/ptII/ptolemy/actor/lib/test/auto/MatrixCropComplex.xml
2 ms. Memory: 1366016K Free: 596174K (44%)
----------------- Invoking toplevel() on ptolemy.moml.MoMLSimpleApplication@11a7bc1a
----------------- Done invoking toplevel() on ptolemy.moml.MoMLSimpleApplication@11a7bc1a
reloadAllAccessors: .MatrixCropComplex

===========================================================================================
----------------- testing Mon Mar 25 22:38:42 UTC 2019 /home/travis/build/icyphy/ptII/ptolemy/actor/lib/test/auto/MatrixCropDouble.xml
----------------- Instantiating /home/travis/build/icyphy/ptII/ptolemy/actor/lib/test/auto/MatrixCropDouble.xml
4 ms. Memory: 1366016K Free: 577139K (42%)
----------------- Invoking toplevel() on ptolemy.moml.MoMLSimpleApplication@4b4e1865
----------------- Done invoking toplevel() on ptolemy.moml.MoMLSimpleApplication@4b4e1865
reloadAllAccessors: .MatrixCropDouble

===========================================================================================
----------------- testing Mon Mar 25 22:38:42 UTC 2019 /home/travis/build/icyphy/ptII/ptolemy/actor/lib/test/auto/MatrixCropFix.xml
----------------- Instantiating /home/travis/build/icyphy/ptII/ptolemy/actor/lib/test/auto/MatrixCropFix.xml
1 ms. Memory: 1366016K Free: 564687K (41%)
----------------- Invoking toplevel() on ptolemy.moml.MoMLSimpleApplication@5d00fda6
----------------- Done invoking toplevel() on ptolemy.moml.MoMLSimpleApplication@5d00fda6
reloadAllAccessors: .MatrixCropFix

===========================================================================================
----------------- testing Mon Mar 25 22:38:42 UTC 2019 /home/travis/build/icyphy/ptII/ptolemy/actor/lib/test/auto/MatrixCropInt.xml
----------------- Instantiating /home/travis/build/icyphy/ptII/ptolemy/actor/lib/test/auto/MatrixCropInt.xml
1 ms. Memory: 1366016K Free: 552236K (40%)
----------------- Invoking toplevel() on ptolemy.moml.MoMLSimpleApplication@1b9135a2
----------------- Done invoking toplevel() on ptolemy.moml.MoMLSimpleApplication@1b9135a2
reloadAllAccessors: .MatrixCropInt

===========================================================================================
----------------- testing Mon Mar 25 22:38:42 UTC 2019 /home/travis/build/icyphy/ptII/ptolemy/actor/lib/test/auto/MatrixCropLong.xml
----------------- Instantiating /home/travis/build/icyphy/ptII/ptolemy/actor/lib/test/auto/MatrixCropLong.xml
2 ms. Memory: 1366016K Free: 533200K (39%)
----------------- Invoking toplevel() on ptolemy.moml.MoMLSimpleApplication@65f7ef45
----------------- Done invoking toplevel() on ptolemy.moml.MoMLSimpleApplication@65f7ef45
reloadAllAccessors: .MatrixCropLong

===========================================================================================
----------------- testing Mon Mar 25 22:38:42 UTC 2019 /home/travis/build/icyphy/ptII/ptolemy/actor/lib/test/auto/MatrixToArray.xml
----------------- Instantiating /home/travis/build/icyphy/ptII/ptolemy/actor/lib/test/auto/MatrixToArray.xml
5 ms. Memory: 1366016K Free: 508280K (37%)
----------------- Invoking toplevel() on ptolemy.moml.MoMLSimpleApplication@bfc8218
----------------- Done invoking toplevel() on ptolemy.moml.MoMLSimpleApplication@bfc8218
reloadAllAccessors: .MatrixToArray

===========================================================================================
----------------- testing Mon Mar 25 22:38:42 UTC 2019 /home/travis/build/icyphy/ptII/ptolemy/actor/lib/test/auto/MaxIndex.xml
----------------- Instantiating /home/travis/build/icyphy/ptII/ptolemy/actor/lib/test/auto/MaxIndex.xml
2 ms. Memory: 1366016K Free: 495828K (36%)
----------------- Invoking toplevel() on ptolemy.moml.MoMLSimpleApplication@4f384084
----------------- Done invoking toplevel() on ptolemy.moml.MoMLSimpleApplication@4f384084
reloadAllAccessors: .MaxIndex

===========================================================================================
----------------- testing Mon Mar 25 22:38:42 UTC 2019 /home/travis/build/icyphy/ptII/ptolemy/actor/lib/test/auto/Maximum.xml
----------------- Instantiating /home/travis/build/icyphy/ptII/ptolemy/actor/lib/test/auto/Maximum.xml
2 ms. Memory: 1366016K Free: 476792K (35%)
----------------- Invoking toplevel() on ptolemy.moml.MoMLSimpleApplication@19760299
----------------- Done invoking toplevel() on ptolemy.moml.MoMLSimpleApplication@19760299
reloadAllAccessors: .Maximum

===========================================================================================
----------------- testing Mon Mar 25 22:38:42 UTC 2019 /home/travis/build/icyphy/ptII/ptolemy/actor/lib/test/auto/MaximumComplex.xml
----------------- Instantiating /home/travis/build/icyphy/ptII/ptolemy/actor/lib/test/auto/MaximumComplex.xml
2 ms. Memory: 1366016K Free: 464340K (34%)
----------------- Invoking toplevel() on ptolemy.moml.MoMLSimpleApplication@5f761dd9
----------------- Done invoking toplevel() on ptolemy.moml.MoMLSimpleApplication@5f761dd9
reloadAllAccessors: .MaximumComplex

===========================================================================================
----------------- testing Mon Mar 25 22:38:42 UTC 2019 /home/travis/build/icyphy/ptII/ptolemy/actor/lib/test/auto/MethodCallTest.xml
----------------- Instantiating /home/travis/build/icyphy/ptII/ptolemy/actor/lib/test/auto/MethodCallTest.xml
1 ms. Memory: 1366016K Free: 451889K (33%)
----------------- Invoking toplevel() on ptolemy.moml.MoMLSimpleApplication@4364b870
----------------- Done invoking toplevel() on ptolemy.moml.MoMLSimpleApplication@4364b870
reloadAllAccessors: .MethodCallTest

===========================================================================================
----------------- testing Mon Mar 25 22:38:42 UTC 2019 /home/travis/build/icyphy/ptII/ptolemy/actor/lib/test/auto/Minimum.xml
----------------- Instantiating /home/travis/build/icyphy/ptII/ptolemy/actor/lib/test/auto/Minimum.xml
3 ms. Memory: 1366016K Free: 432853K (32%)
----------------- Invoking toplevel() on ptolemy.moml.MoMLSimpleApplication@3fe3210
----------------- Done invoking toplevel() on ptolemy.moml.MoMLSimpleApplication@3fe3210
reloadAllAccessors: .Minimum

===========================================================================================
----------------- testing Mon Mar 25 22:38:42 UTC 2019 /home/travis/build/icyphy/ptII/ptolemy/actor/lib/test/auto/MinimumComplex.xml
----------------- Instantiating /home/travis/build/icyphy/ptII/ptolemy/actor/lib/test/auto/MinimumComplex.xml
2 ms. Memory: 1366016K Free: 420401K (31%)
----------------- Invoking toplevel() on ptolemy.moml.MoMLSimpleApplication@28544833
----------------- Done invoking toplevel() on ptolemy.moml.MoMLSimpleApplication@28544833
reloadAllAccessors: .MinimumComplex

===========================================================================================
----------------- testing Mon Mar 25 22:38:42 UTC 2019 /home/travis/build/icyphy/ptII/ptolemy/actor/lib/test/auto/MinimumMultiports.xml
----------------- Instantiating /home/travis/build/icyphy/ptII/ptolemy/actor/lib/test/auto/MinimumMultiports.xml
3 ms. Memory: 1366016K Free: 401366K (29%)
----------------- Invoking toplevel() on ptolemy.moml.MoMLSimpleApplication@61e67666
----------------- Done invoking toplevel() on ptolemy.moml.MoMLSimpleApplication@61e67666
reloadAllAccessors: .MinimumMultiports

===========================================================================================
----------------- testing Mon Mar 25 22:38:42 UTC 2019 /home/travis/build/icyphy/ptII/ptolemy/actor/lib/test/auto/ModifyDate.xml
----------------- Instantiating /home/travis/build/icyphy/ptII/ptolemy/actor/lib/test/auto/ModifyDate.xml
4 ms. Memory: 1366016K Free: 382672K (28%)
----------------- Invoking toplevel() on ptolemy.moml.MoMLSimpleApplication@614bcf8f
----------------- Done invoking toplevel() on ptolemy.moml.MoMLSimpleApplication@614bcf8f
reloadAllAccessors: .ModifyDate

===========================================================================================
----------------- testing Mon Mar 25 22:38:42 UTC 2019 /home/travis/build/icyphy/ptII/ptolemy/actor/lib/test/auto/ModifyDate2.xml
----------------- Instantiating /home/travis/build/icyphy/ptII/ptolemy/actor/lib/test/auto/ModifyDate2.xml
2 ms. Memory: 1366016K Free: 363995K (27%)
----------------- Invoking toplevel() on ptolemy.moml.MoMLSimpleApplication@5da924c2
----------------- Done invoking toplevel() on ptolemy.moml.MoMLSimpleApplication@5da924c2
reloadAllAccessors: .ModifyDate2

===========================================================================================
----------------- testing Mon Mar 25 22:38:42 UTC 2019 /home/travis/build/icyphy/ptII/ptolemy/actor/lib/test/auto/MovingAverage.xml
----------------- Instantiating /home/travis/build/icyphy/ptII/ptolemy/actor/lib/test/auto/MovingAverage.xml
2 ms. Memory: 1366016K Free: 344959K (25%)
----------------- Invoking toplevel() on ptolemy.moml.MoMLSimpleApplication@14b51d4b
----------------- Done invoking toplevel() on ptolemy.moml.MoMLSimpleApplication@14b51d4b
reloadAllAccessors: .MovingAverage

===========================================================================================
----------------- testing Mon Mar 25 22:38:42 UTC 2019 /home/travis/build/icyphy/ptII/ptolemy/actor/lib/test/auto/MovingMaximum.xml
----------------- Instantiating /home/travis/build/icyphy/ptII/ptolemy/actor/lib/test/auto/MovingMaximum.xml
1 ms. Memory: 1366016K Free: 332507K (24%)
----------------- Invoking toplevel() on ptolemy.moml.MoMLSimpleApplication@305e38e9
----------------- Done invoking toplevel() on ptolemy.moml.MoMLSimpleApplication@305e38e9
reloadAllAccessors: .MovingMaximum

===========================================================================================
----------------- testing Mon Mar 25 22:38:42 UTC 2019 /home/travis/build/icyphy/ptII/ptolemy/actor/lib/test/auto/MultipleLinksToSameRelation.xml
----------------- Instantiating /home/travis/build/icyphy/ptII/ptolemy/actor/lib/test/auto/MultipleLinksToSameRelation.xml
1 ms. Memory: 1366016K Free: 320056K (23%)
----------------- Invoking toplevel() on ptolemy.moml.MoMLSimpleApplication@41ed89ce
----------------- Done invoking toplevel() on ptolemy.moml.MoMLSimpleApplication@41ed89ce
reloadAllAccessors: .MultipleLinksToSameRelation

===========================================================================================
----------------- testing Mon Mar 25 22:38:42 UTC 2019 /home/travis/build/icyphy/ptII/ptolemy/actor/lib/test/auto/MultipleLinksToSameRelationDE.xml
----------------- Instantiating /home/travis/build/icyphy/ptII/ptolemy/actor/lib/test/auto/MultipleLinksToSameRelationDE.xml
1 ms. Memory: 1366016K Free: 301020K (22%)
----------------- Invoking toplevel() on ptolemy.moml.MoMLSimpleApplication@36f17d81
----------------- Done invoking toplevel() on ptolemy.moml.MoMLSimpleApplication@36f17d81
reloadAllAccessors: .MultipleLinksToSameRelationDE

===========================================================================================
----------------- testing Mon Mar 25 22:38:42 UTC 2019 /home/travis/build/icyphy/ptII/ptolemy/actor/lib/test/auto/Multiplexor.xml
----------------- Instantiating /home/travis/build/icyphy/ptII/ptolemy/actor/lib/test/auto/Multiplexor.xml
2 ms. Memory: 1366016K Free: 288568K (21%)
----------------- Invoking toplevel() on ptolemy.moml.MoMLSimpleApplication@7d93cc4f
----------------- Done invoking toplevel() on ptolemy.moml.MoMLSimpleApplication@7d93cc4f
reloadAllAccessors: .Multiplexor

===========================================================================================
----------------- testing Mon Mar 25 22:38:42 UTC 2019 /home/travis/build/icyphy/ptII/ptolemy/actor/lib/test/auto/Multiplexor1.xml
----------------- Instantiating /home/travis/build/icyphy/ptII/ptolemy/actor/lib/test/auto/Multiplexor1.xml
2 ms. Memory: 1366016K Free: 276117K (20%)
----------------- Invoking toplevel() on ptolemy.moml.MoMLSimpleApplication@2369b140
----------------- Done invoking toplevel() on ptolemy.moml.MoMLSimpleApplication@2369b140
reloadAllAccessors: .Multiplexor1

===========================================================================================
----------------- testing Mon Mar 25 22:38:42 UTC 2019 /home/travis/build/icyphy/ptII/ptolemy/actor/lib/test/auto/Multiplexor2.xml
----------------- Instantiating /home/travis/build/icyphy/ptII/ptolemy/actor/lib/test/auto/Multiplexor2.xml
2 ms. Memory: 1366016K Free: 257081K (19%)
----------------- Invoking toplevel() on ptolemy.moml.MoMLSimpleApplication@2a8a3eab
----------------- Done invoking toplevel() on ptolemy.moml.MoMLSimpleApplication@2a8a3eab
reloadAllAccessors: .Multiplexor2

===========================================================================================
----------------- testing Mon Mar 25 22:38:42 UTC 2019 /home/travis/build/icyphy/ptII/ptolemy/actor/lib/test/auto/Multiplexor3.xml
----------------- Instantiating /home/travis/build/icyphy/ptII/ptolemy/actor/lib/test/auto/Multiplexor3.xml
2 ms. Memory: 1366016K Free: 244629K (18%)
----------------- Invoking toplevel() on ptolemy.moml.MoMLSimpleApplication@42830b22
----------------- Done invoking toplevel() on ptolemy.moml.MoMLSimpleApplication@42830b22
reloadAllAccessors: .Multiplexor3

===========================================================================================
----------------- testing Mon Mar 25 22:38:43 UTC 2019 /home/travis/build/icyphy/ptII/ptolemy/actor/lib/test/auto/MultiplexorDE.xml
----------------- Instantiating /home/travis/build/icyphy/ptII/ptolemy/actor/lib/test/auto/MultiplexorDE.xml
2 ms. Memory: 1366016K Free: 232177K (17%)
----------------- Invoking toplevel() on ptolemy.moml.MoMLSimpleApplication@72031bd2
----------------- Done invoking toplevel() on ptolemy.moml.MoMLSimpleApplication@72031bd2
reloadAllAccessors: .MultiplexorDE

===========================================================================================
----------------- testing Mon Mar 25 22:38:43 UTC 2019 /home/travis/build/icyphy/ptII/ptolemy/actor/lib/test/auto/MultiportBroadcastTest.xml
----------------- Instantiating /home/travis/build/icyphy/ptII/ptolemy/actor/lib/test/auto/MultiportBroadcastTest.xml
51 ms. Memory: 1366016K Free: 213142K (16%)
----------------- Invoking toplevel() on ptolemy.moml.MoMLSimpleApplication@7e7a472f
----------------- Done invoking toplevel() on ptolemy.moml.MoMLSimpleApplication@7e7a472f
reloadAllAccessors: .MultiportBroadcastTest

===========================================================================================
----------------- testing Mon Mar 25 22:38:43 UTC 2019 /home/travis/build/icyphy/ptII/ptolemy/actor/lib/test/auto/MultiportOutHangDuringGetWidth.xml
----------------- Instantiating /home/travis/build/icyphy/ptII/ptolemy/actor/lib/test/auto/MultiportOutHangDuringGetWidth.xml
5 ms. Memory: 1366016K Free: 194464K (14%)
----------------- Invoking toplevel() on ptolemy.moml.MoMLSimpleApplication@14771637
----------------- Done invoking toplevel() on ptolemy.moml.MoMLSimpleApplication@14771637
reloadAllAccessors: .MultiportOutHangDuringGetWidth

===========================================================================================
----------------- testing Mon Mar 25 22:38:43 UTC 2019 /home/travis/build/icyphy/ptII/ptolemy/actor/lib/test/auto/NilToken.xml
----------------- Instantiating /home/travis/build/icyphy/ptII/ptolemy/actor/lib/test/auto/NilToken.xml
1 ms. Memory: 1366016K Free: 175429K (13%)
----------------- Invoking toplevel() on ptolemy.moml.MoMLSimpleApplication@ea7cd26
----------------- Done invoking toplevel() on ptolemy.moml.MoMLSimpleApplication@ea7cd26
reloadAllAccessors: .NilToken

===========================================================================================
----------------- testing Mon Mar 25 22:38:43 UTC 2019 /home/travis/build/icyphy/ptII/ptolemy/actor/lib/test/auto/NilTokenNonStrictTest.xml
----------------- Instantiating /home/travis/build/icyphy/ptII/ptolemy/actor/lib/test/auto/NilTokenNonStrictTest.xml
2 ms. Memory: 1366016K Free: 162977K (12%)
----------------- Invoking toplevel() on ptolemy.moml.MoMLSimpleApplication@31d3d443
----------------- Done invoking toplevel() on ptolemy.moml.MoMLSimpleApplication@31d3d443
reloadAllAccessors: .NilTokenNonStrictTest

===========================================================================================
----------------- testing Mon Mar 25 22:38:43 UTC 2019 /home/travis/build/icyphy/ptII/ptolemy/actor/lib/test/auto/NilTokenRecord.xml
----------------- Instantiating /home/travis/build/icyphy/ptII/ptolemy/actor/lib/test/auto/NilTokenRecord.xml
9 ms. Memory: 1366016K Free: 150525K (11%)
----------------- Invoking toplevel() on ptolemy.moml.MoMLSimpleApplication@2a078e09
----------------- Done invoking toplevel() on ptolemy.moml.MoMLSimpleApplication@2a078e09
reloadAllAccessors: .NilTokenRecord

===========================================================================================
----------------- testing Mon Mar 25 22:38:43 UTC 2019 /home/travis/build/icyphy/ptII/ptolemy/actor/lib/test/auto/NilTokenTypeTest.xml
----------------- Instantiating /home/travis/build/icyphy/ptII/ptolemy/actor/lib/test/auto/NilTokenTypeTest.xml
6 ms. Memory: 1366016K Free: 125248K (9%)
----------------- Invoking toplevel() on ptolemy.moml.MoMLSimpleApplication@44d7a70c
----------------- Done invoking toplevel() on ptolemy.moml.MoMLSimpleApplication@44d7a70c
reloadAllAccessors: .NilTokenTypeTest

===========================================================================================
----------------- testing Mon Mar 25 22:38:43 UTC 2019 /home/travis/build/icyphy/ptII/ptolemy/actor/lib/test/auto/ObjectToken1.xml
----------------- Instantiating /home/travis/build/icyphy/ptII/ptolemy/actor/lib/test/auto/ObjectToken1.xml
6 ms. Memory: 1366016K Free: 112796K (8%)
----------------- Invoking toplevel() on ptolemy.moml.MoMLSimpleApplication@7041de0f
----------------- Done invoking toplevel() on ptolemy.moml.MoMLSimpleApplication@7041de0f
reloadAllAccessors: .ObjectToken1

===========================================================================================
----------------- testing Mon Mar 25 22:38:43 UTC 2019 /home/travis/build/icyphy/ptII/ptolemy/actor/lib/test/auto/OrderedMerge.xml
----------------- Instantiating /home/travis/build/icyphy/ptII/ptolemy/actor/lib/test/auto/OrderedMerge.xml
9 ms. Memory: 1366016K Free: 81477K (6%)
----------------- Invoking toplevel() on ptolemy.moml.MoMLSimpleApplication@4dc8984f
----------------- Done invoking toplevel() on ptolemy.moml.MoMLSimpleApplication@4dc8984f
reloadAllAccessors: .OrderedMerge

===========================================================================================
----------------- testing Mon Mar 25 22:38:43 UTC 2019 /home/travis/build/icyphy/ptII/ptolemy/actor/lib/test/auto/OrderedRecordDisassembler.xml
----------------- Instantiating /home/travis/build/icyphy/ptII/ptolemy/actor/lib/test/auto/OrderedRecordDisassembler.xml
3 ms. Memory: 1527296K Free: 1458388K (95%)
----------------- Invoking toplevel() on ptolemy.moml.MoMLSimpleApplication@7505dc27
----------------- Done invoking toplevel() on ptolemy.moml.MoMLSimpleApplication@7505dc27
reloadAllAccessors: .OrderedRecordDisassembler

===========================================================================================
----------------- testing Mon Mar 25 22:38:43 UTC 2019 /home/travis/build/icyphy/ptII/ptolemy/actor/lib/test/auto/OrderedRecordDisassembler2.xml
----------------- Instantiating /home/travis/build/icyphy/ptII/ptolemy/actor/lib/test/auto/OrderedRecordDisassembler2.xml
3 ms. Memory: 1527296K Free: 1439383K (94%)
----------------- Invoking toplevel() on ptolemy.moml.MoMLSimpleApplication@73ae157
----------------- Done invoking toplevel() on ptolemy.moml.MoMLSimpleApplication@73ae157
reloadAllAccessors: .OrderedRecordDisassembler2

===========================================================================================
----------------- testing Mon Mar 25 22:38:43 UTC 2019 /home/travis/build/icyphy/ptII/ptolemy/actor/lib/test/auto/OrderedRecordUpdater.xml
----------------- Instantiating /home/travis/build/icyphy/ptII/ptolemy/actor/lib/test/auto/OrderedRecordUpdater.xml
1 ms. Memory: 1527296K Free: 1420296K (93%)
----------------- Invoking toplevel() on ptolemy.moml.MoMLSimpleApplication@43bc56ad
----------------- Done invoking toplevel() on ptolemy.moml.MoMLSimpleApplication@43bc56ad
reloadAllAccessors: .RecordUpdater

===========================================================================================
----------------- testing Mon Mar 25 22:38:43 UTC 2019 /home/travis/build/icyphy/ptII/ptolemy/actor/lib/test/auto/OrderedRecordUpdater2.xml
----------------- Instantiating /home/travis/build/icyphy/ptII/ptolemy/actor/lib/test/auto/OrderedRecordUpdater2.xml
2 ms. Memory: 1527296K Free: 1394859K (91%)
----------------- Invoking toplevel() on ptolemy.moml.MoMLSimpleApplication@75225f96
----------------- Done invoking toplevel() on ptolemy.moml.MoMLSimpleApplication@75225f96
reloadAllAccessors: .RecordUpdater2

===========================================================================================
----------------- testing Mon Mar 25 22:38:43 UTC 2019 /home/travis/build/icyphy/ptII/ptolemy/actor/lib/test/auto/PhaseUnwrap.xml
----------------- Instantiating /home/travis/build/icyphy/ptII/ptolemy/actor/lib/test/auto/PhaseUnwrap.xml
1 ms. Memory: 1527296K Free: 1375853K (90%)
----------------- Invoking toplevel() on ptolemy.moml.MoMLSimpleApplication@2647c3f2
----------------- Done invoking toplevel() on ptolemy.moml.MoMLSimpleApplication@2647c3f2
reloadAllAccessors: .PhaseUnwrap

===========================================================================================
----------------- testing Mon Mar 25 22:38:43 UTC 2019 /home/travis/build/icyphy/ptII/ptolemy/actor/lib/test/auto/PoissonClock.xml
----------------- Instantiating /home/travis/build/icyphy/ptII/ptolemy/actor/lib/test/auto/PoissonClock.xml
2 ms. Memory: 1527296K Free: 1350416K (88%)
----------------- Invoking toplevel() on ptolemy.moml.MoMLSimpleApplication@7d38b656
----------------- Done invoking toplevel() on ptolemy.moml.MoMLSimpleApplication@7d38b656
reloadAllAccessors: .PoissonClock

===========================================================================================
----------------- testing Mon Mar 25 22:38:43 UTC 2019 /home/travis/build/icyphy/ptII/ptolemy/actor/lib/test/auto/PoissonClock2.xml
----------------- Instantiating /home/travis/build/icyphy/ptII/ptolemy/actor/lib/test/auto/PoissonClock2.xml
1 ms. Memory: 1527296K Free: 1331410K (87%)
----------------- Invoking toplevel() on ptolemy.moml.MoMLSimpleApplication@7acb756f
----------------- Done invoking toplevel() on ptolemy.moml.MoMLSimpleApplication@7acb756f
reloadAllAccessors: .PoissonClock2

===========================================================================================
----------------- testing Mon Mar 25 22:38:43 UTC 2019 /home/travis/build/icyphy/ptII/ptolemy/actor/lib/test/auto/PoissonClock3.xml
----------------- Instantiating /home/travis/build/icyphy/ptII/ptolemy/actor/lib/test/auto/PoissonClock3.xml
1 ms. Memory: 1527296K Free: 1312405K (86%)
----------------- Invoking toplevel() on ptolemy.moml.MoMLSimpleApplication@49bf0ae9
----------------- Done invoking toplevel() on ptolemy.moml.MoMLSimpleApplication@49bf0ae9
reloadAllAccessors: .PoissonClock3

===========================================================================================
----------------- testing Mon Mar 25 22:38:43 UTC 2019 /home/travis/build/icyphy/ptII/ptolemy/actor/lib/test/auto/PubSubWithInitialTokens.xml
----------------- Instantiating /home/travis/build/icyphy/ptII/ptolemy/actor/lib/test/auto/PubSubWithInitialTokens.xml
2 ms. Memory: 1527296K Free: 1286968K (84%)
----------------- Invoking toplevel() on ptolemy.moml.MoMLSimpleApplication@41efff64
----------------- Done invoking toplevel() on ptolemy.moml.MoMLSimpleApplication@41efff64
reloadAllAccessors: .PubSubWithInitialTokens

===========================================================================================
----------------- testing Mon Mar 25 22:38:43 UTC 2019 /home/travis/build/icyphy/ptII/ptolemy/actor/lib/test/auto/PubSubWithInitialTokens2.xml
----------------- Instantiating /home/travis/build/icyphy/ptII/ptolemy/actor/lib/test/auto/PubSubWithInitialTokens2.xml
2 ms. Memory: 1527296K Free: 1267962K (83%)
----------------- Invoking toplevel() on ptolemy.moml.MoMLSimpleApplication@72f04c93
----------------- Done invoking toplevel() on ptolemy.moml.MoMLSimpleApplication@72f04c93
reloadAllAccessors: .PubSubWithInitialTokens2

===========================================================================================
----------------- testing Mon Mar 25 22:38:43 UTC 2019 /home/travis/build/icyphy/ptII/ptolemy/actor/lib/test/auto/PublisherClassNoParameter.xml
----------------- Instantiating /home/travis/build/icyphy/ptII/ptolemy/actor/lib/test/auto/PublisherClassNoParameter.xml
2 ms. Memory: 1527296K Free: 1248957K (82%)
----------------- Invoking toplevel() on ptolemy.moml.MoMLSimpleApplication@25658504
----------------- Done invoking toplevel() on ptolemy.moml.MoMLSimpleApplication@25658504
reloadAllAccessors: .PublisherClassNoParameter

===========================================================================================
----------------- testing Mon Mar 25 22:38:43 UTC 2019 /home/travis/build/icyphy/ptII/ptolemy/actor/lib/test/auto/PublisherClassParameter.xml
----------------- Instantiating /home/travis/build/icyphy/ptII/ptolemy/actor/lib/test/auto/PublisherClassParameter.xml
2 ms. Memory: 1527296K Free: 1223520K (80%)
----------------- Invoking toplevel() on ptolemy.moml.MoMLSimpleApplication@491f3e51
----------------- Done invoking toplevel() on ptolemy.moml.MoMLSimpleApplication@491f3e51
reloadAllAccessors: .PublisherClassParameter

===========================================================================================
----------------- testing Mon Mar 25 22:38:43 UTC 2019 /home/travis/build/icyphy/ptII/ptolemy/actor/lib/test/auto/PublisherNonStrictTest.xml
----------------- Instantiating /home/travis/build/icyphy/ptII/ptolemy/actor/lib/test/auto/PublisherNonStrictTest.xml
3 ms. Memory: 1527296K Free: 1204514K (79%)
----------------- Invoking toplevel() on ptolemy.moml.MoMLSimpleApplication@25cc5ccd
----------------- Done invoking toplevel() on ptolemy.moml.MoMLSimpleApplication@25cc5ccd
reloadAllAccessors: .PublisherNonStrictTest

===========================================================================================
----------------- testing Mon Mar 25 22:38:43 UTC 2019 /home/travis/build/icyphy/ptII/ptolemy/actor/lib/test/auto/PublisherPort1.xml
----------------- Instantiating /home/travis/build/icyphy/ptII/ptolemy/actor/lib/test/auto/PublisherPort1.xml
3 ms. Memory: 1527296K Free: 1179077K (77%)
----------------- Invoking toplevel() on ptolemy.moml.MoMLSimpleApplication@7b430ab
----------------- Done invoking toplevel() on ptolemy.moml.MoMLSimpleApplication@7b430ab
reloadAllAccessors: .PublisherPort1

===========================================================================================
----------------- testing Mon Mar 25 22:38:43 UTC 2019 /home/travis/build/icyphy/ptII/ptolemy/actor/lib/test/auto/PublisherPort2.xml
----------------- Instantiating /home/travis/build/icyphy/ptII/ptolemy/actor/lib/test/auto/PublisherPort2.xml
2 ms. Memory: 1527296K Free: 1160072K (76%)
----------------- Invoking toplevel() on ptolemy.moml.MoMLSimpleApplication@52168e6e
----------------- Done invoking toplevel() on ptolemy.moml.MoMLSimpleApplication@52168e6e
reloadAllAccessors: .PublisherPort2

===========================================================================================
----------------- testing Mon Mar 25 22:38:43 UTC 2019 /home/travis/build/icyphy/ptII/ptolemy/actor/lib/test/auto/PublisherPort3.xml
----------------- Instantiating /home/travis/build/icyphy/ptII/ptolemy/actor/lib/test/auto/PublisherPort3.xml
3 ms. Memory: 1527296K Free: 1141066K (75%)
----------------- Invoking toplevel() on ptolemy.moml.MoMLSimpleApplication@2566922b
----------------- Done invoking toplevel() on ptolemy.moml.MoMLSimpleApplication@2566922b
reloadAllAccessors: .PublisherPort3

===========================================================================================
----------------- testing Mon Mar 25 22:38:43 UTC 2019 /home/travis/build/icyphy/ptII/ptolemy/actor/lib/test/auto/PublisherPort4.xml
----------------- Instantiating /home/travis/build/icyphy/ptII/ptolemy/actor/lib/test/auto/PublisherPort4.xml
2 ms. Memory: 1527296K Free: 1115629K (73%)
----------------- Invoking toplevel() on ptolemy.moml.MoMLSimpleApplication@62b3c05f
----------------- Done invoking toplevel() on ptolemy.moml.MoMLSimpleApplication@62b3c05f
reloadAllAccessors: .PublisherPort4

===========================================================================================
----------------- testing Mon Mar 25 22:38:43 UTC 2019 /home/travis/build/icyphy/ptII/ptolemy/actor/lib/test/auto/PublisherPort5.xml
----------------- Instantiating /home/travis/build/icyphy/ptII/ptolemy/actor/lib/test/auto/PublisherPort5.xml
3 ms. Memory: 1527296K Free: 1096623K (72%)
----------------- Invoking toplevel() on ptolemy.moml.MoMLSimpleApplication@234624ae
----------------- Done invoking toplevel() on ptolemy.moml.MoMLSimpleApplication@234624ae
reloadAllAccessors: .PublisherPort5

===========================================================================================
----------------- testing Mon Mar 25 22:38:43 UTC 2019 /home/travis/build/icyphy/ptII/ptolemy/actor/lib/test/auto/PublisherPort5LookAlike.xml
----------------- Instantiating /home/travis/build/icyphy/ptII/ptolemy/actor/lib/test/auto/PublisherPort5LookAlike.xml
4 ms. Memory: 1527296K Free: 1077618K (71%)
----------------- Invoking toplevel() on ptolemy.moml.MoMLSimpleApplication@7adae971
----------------- Done invoking toplevel() on ptolemy.moml.MoMLSimpleApplication@7adae971
reloadAllAccessors: .PublisherPort5LookAlike

===========================================================================================
----------------- testing Mon Mar 25 22:38:43 UTC 2019 /home/travis/build/icyphy/ptII/ptolemy/actor/lib/test/auto/PublisherPort6.xml
----------------- Instantiating /home/travis/build/icyphy/ptII/ptolemy/actor/lib/test/auto/PublisherPort6.xml
2 ms. Memory: 1527296K Free: 1052180K (69%)
----------------- Invoking toplevel() on ptolemy.moml.MoMLSimpleApplication@7c0a8068
----------------- Done invoking toplevel() on ptolemy.moml.MoMLSimpleApplication@7c0a8068
reloadAllAccessors: .PublisherPort6

===========================================================================================
----------------- testing Mon Mar 25 22:38:43 UTC 2019 /home/travis/build/icyphy/ptII/ptolemy/actor/lib/test/auto/PublisherPort7.xml
----------------- Instantiating /home/travis/build/icyphy/ptII/ptolemy/actor/lib/test/auto/PublisherPort7.xml
3 ms. Memory: 1527296K Free: 1033175K (68%)
----------------- Invoking toplevel() on ptolemy.moml.MoMLSimpleApplication@6065bd6d
----------------- Done invoking toplevel() on ptolemy.moml.MoMLSimpleApplication@6065bd6d
reloadAllAccessors: .PublisherPort7

===========================================================================================
----------------- testing Mon Mar 25 22:38:43 UTC 2019 /home/travis/build/icyphy/ptII/ptolemy/actor/lib/test/auto/PublisherPort8.xml
----------------- Instantiating /home/travis/build/icyphy/ptII/ptolemy/actor/lib/test/auto/PublisherPort8.xml
4 ms. Memory: 1527296K Free: 1007738K (66%)
----------------- Invoking toplevel() on ptolemy.moml.MoMLSimpleApplication@29689073
----------------- Done invoking toplevel() on ptolemy.moml.MoMLSimpleApplication@29689073
reloadAllAccessors: .PublisherPort8

===========================================================================================
----------------- testing Mon Mar 25 22:38:43 UTC 2019 /home/travis/build/icyphy/ptII/ptolemy/actor/lib/test/auto/PublisherPortSubscriberChannelVariablesAOC2.xml
----------------- Instantiating /home/travis/build/icyphy/ptII/ptolemy/actor/lib/test/auto/PublisherPortSubscriberChannelVariablesAOC2.xml
3 ms. Memory: 1527296K Free: 979214K (64%)
----------------- Invoking toplevel() on ptolemy.moml.MoMLSimpleApplication@7a4a0ba3
----------------- Done invoking toplevel() on ptolemy.moml.MoMLSimpleApplication@7a4a0ba3
reloadAllAccessors: .PublisherPortSubscriberChannelVariablesAOC2

===========================================================================================
----------------- testing Mon Mar 25 22:38:43 UTC 2019 /home/travis/build/icyphy/ptII/ptolemy/actor/lib/test/auto/PublisherPortSubscriberOpaqueWidthInference.xml
----------------- Instantiating /home/travis/build/icyphy/ptII/ptolemy/actor/lib/test/auto/PublisherPortSubscriberOpaqueWidthInference.xml
4 ms. Memory: 1527296K Free: 960208K (63%)
----------------- Invoking toplevel() on ptolemy.moml.MoMLSimpleApplication@7df110e0
----------------- Done invoking toplevel() on ptolemy.moml.MoMLSimpleApplication@7df110e0
reloadAllAccessors: .PublisherPortSubscriberOpaqueWidthInference

===========================================================================================
----------------- testing Mon Mar 25 22:38:43 UTC 2019 /home/travis/build/icyphy/ptII/ptolemy/actor/lib/test/auto/PublisherPortSubscriberPortAdjacent.xml
----------------- Instantiating /home/travis/build/icyphy/ptII/ptolemy/actor/lib/test/auto/PublisherPortSubscriberPortAdjacent.xml
1 ms. Memory: 1527296K Free: 934771K (61%)
----------------- Invoking toplevel() on ptolemy.moml.MoMLSimpleApplication@6b0f8876
----------------- Done invoking toplevel() on ptolemy.moml.MoMLSimpleApplication@6b0f8876
reloadAllAccessors: .PublisherPortSubscriberPortAdjacent

===========================================================================================
----------------- testing Mon Mar 25 22:38:43 UTC 2019 /home/travis/build/icyphy/ptII/ptolemy/actor/lib/test/auto/PublisherPortSubscriberPortExpression.xml
----------------- Instantiating /home/travis/build/icyphy/ptII/ptolemy/actor/lib/test/auto/PublisherPortSubscriberPortExpression.xml
5 ms. Memory: 1527296K Free: 915765K (60%)
----------------- Invoking toplevel() on ptolemy.moml.MoMLSimpleApplication@78717b34
----------------- Done invoking toplevel() on ptolemy.moml.MoMLSimpleApplication@78717b34
reloadAllAccessors: .PublisherPortSubscriberPortExpression

===========================================================================================
----------------- testing Mon Mar 25 22:38:43 UTC 2019 /home/travis/build/icyphy/ptII/ptolemy/actor/lib/test/auto/PublisherPortSubscriberPortOpaqueD3Reverse.xml
----------------- Instantiating /home/travis/build/icyphy/ptII/ptolemy/actor/lib/test/auto/PublisherPortSubscriberPortOpaqueD3Reverse.xml
5 ms. Memory: 1527296K Free: 896760K (59%)
----------------- Invoking toplevel() on ptolemy.moml.MoMLSimpleApplication@2d4f018
----------------- Done invoking toplevel() on ptolemy.moml.MoMLSimpleApplication@2d4f018
reloadAllAccessors: .PublisherPortSubscriberPortOpaqueD3Reverse

===========================================================================================
----------------- testing Mon Mar 25 22:38:43 UTC 2019 /home/travis/build/icyphy/ptII/ptolemy/actor/lib/test/auto/PublisherPortSubscriberPortOpaqueWidthInference.xml
----------------- Instantiating /home/travis/build/icyphy/ptII/ptolemy/actor/lib/test/auto/PublisherPortSubscriberPortOpaqueWidthInference.xml
3 ms. Memory: 1527296K Free: 871323K (57%)
----------------- Invoking toplevel() on ptolemy.moml.MoMLSimpleApplication@5c419cb9
----------------- Done invoking toplevel() on ptolemy.moml.MoMLSimpleApplication@5c419cb9
reloadAllAccessors: .PublisherPortSubscriberPortOpaqueWidthInference

===========================================================================================
----------------- testing Mon Mar 25 22:38:43 UTC 2019 /home/travis/build/icyphy/ptII/ptolemy/actor/lib/test/auto/PublisherPortToplevelSubscriberPortAOC.xml
----------------- Instantiating /home/travis/build/icyphy/ptII/ptolemy/actor/lib/test/auto/PublisherPortToplevelSubscriberPortAOC.xml
.PublisherPortToplevelSubscriberPortAOC.TestExceptionAttribute: initialize() was not invoked, but wrapup() was.  This is unusual, but not always a problem.  For example, exporting JNLP will do this.
1 ms. Memory: 1527296K Free: 852317K (56%)
----------------- Invoking toplevel() on ptolemy.moml.MoMLSimpleApplication@256e435b
----------------- Done invoking toplevel() on ptolemy.moml.MoMLSimpleApplication@256e435b
reloadAllAccessors: .PublisherPortToplevelSubscriberPortAOC

===========================================================================================
----------------- testing Mon Mar 25 22:38:43 UTC 2019 /home/travis/build/icyphy/ptII/ptolemy/actor/lib/test/auto/PublisherSubscriber.xml
----------------- Instantiating /home/travis/build/icyphy/ptII/ptolemy/actor/lib/test/auto/PublisherSubscriber.xml
2 ms. Memory: 1527296K Free: 826880K (54%)
----------------- Invoking toplevel() on ptolemy.moml.MoMLSimpleApplication@7176c4e8
----------------- Done invoking toplevel() on ptolemy.moml.MoMLSimpleApplication@7176c4e8
reloadAllAccessors: .PublisherSubscriber

===========================================================================================
----------------- testing Mon Mar 25 22:38:43 UTC 2019 /home/travis/build/icyphy/ptII/ptolemy/actor/lib/test/auto/PublisherSubscriber10.xml
----------------- Instantiating /home/travis/build/icyphy/ptII/ptolemy/actor/lib/test/auto/PublisherSubscriber10.xml
4 ms. Memory: 1527296K Free: 807874K (53%)
----------------- Invoking toplevel() on ptolemy.moml.MoMLSimpleApplication@37d966fa
----------------- Done invoking toplevel() on ptolemy.moml.MoMLSimpleApplication@37d966fa
reloadAllAccessors: .PublisherSubscriber10

===========================================================================================
----------------- testing Mon Mar 25 22:38:43 UTC 2019 /home/travis/build/icyphy/ptII/ptolemy/actor/lib/test/auto/PublisherSubscriber10InitialOutputs.xml
----------------- Instantiating /home/travis/build/icyphy/ptII/ptolemy/actor/lib/test/auto/PublisherSubscriber10InitialOutputs.xml
5 ms. Memory: 1527296K Free: 788869K (52%)
----------------- Invoking toplevel() on ptolemy.moml.MoMLSimpleApplication@2ce2586a
----------------- Done invoking toplevel() on ptolemy.moml.MoMLSimpleApplication@2ce2586a
reloadAllAccessors: .PublisherSubscriber10InitialOutputs

===========================================================================================
----------------- testing Mon Mar 25 22:38:43 UTC 2019 /home/travis/build/icyphy/ptII/ptolemy/actor/lib/test/auto/PublisherSubscriber11.xml
----------------- Instantiating /home/travis/build/icyphy/ptII/ptolemy/actor/lib/test/auto/PublisherSubscriber11.xml
3 ms. Memory: 1527296K Free: 763432K (50%)
----------------- Invoking toplevel() on ptolemy.moml.MoMLSimpleApplication@73869d6
----------------- Done invoking toplevel() on ptolemy.moml.MoMLSimpleApplication@73869d6
reloadAllAccessors: .PublisherSubscriber11

===========================================================================================
----------------- testing Mon Mar 25 22:38:43 UTC 2019 /home/travis/build/icyphy/ptII/ptolemy/actor/lib/test/auto/PublisherSubscriber12.xml
----------------- Instantiating /home/travis/build/icyphy/ptII/ptolemy/actor/lib/test/auto/PublisherSubscriber12.xml
2 ms. Memory: 1527296K Free: 744426K (49%)
----------------- Invoking toplevel() on ptolemy.moml.MoMLSimpleApplication@189b1b19
----------------- Done invoking toplevel() on ptolemy.moml.MoMLSimpleApplication@189b1b19
reloadAllAccessors: .PublisherSubscriber12

===========================================================================================
----------------- testing Mon Mar 25 22:38:43 UTC 2019 /home/travis/build/icyphy/ptII/ptolemy/actor/lib/test/auto/PublisherSubscriber13.xml
----------------- Instantiating /home/travis/build/icyphy/ptII/ptolemy/actor/lib/test/auto/PublisherSubscriber13.xml
1 ms. Memory: 1527296K Free: 725421K (47%)
----------------- Invoking toplevel() on ptolemy.moml.MoMLSimpleApplication@4e567c30
----------------- Done invoking toplevel() on ptolemy.moml.MoMLSimpleApplication@4e567c30
reloadAllAccessors: .PublisherSubscriber13

===========================================================================================
----------------- testing Mon Mar 25 22:38:43 UTC 2019 /home/travis/build/icyphy/ptII/ptolemy/actor/lib/test/auto/PublisherSubscriber14.xml
----------------- Instantiating /home/travis/build/icyphy/ptII/ptolemy/actor/lib/test/auto/PublisherSubscriber14.xml
2 ms. Memory: 1527296K Free: 699984K (46%)
----------------- Invoking toplevel() on ptolemy.moml.MoMLSimpleApplication@7be9aa9e
----------------- Done invoking toplevel() on ptolemy.moml.MoMLSimpleApplication@7be9aa9e
reloadAllAccessors: .PublisherSubscriber14

===========================================================================================
----------------- testing Mon Mar 25 22:38:43 UTC 2019 /home/travis/build/icyphy/ptII/ptolemy/actor/lib/test/auto/PublisherSubscriber2.xml
----------------- Instantiating /home/travis/build/icyphy/ptII/ptolemy/actor/lib/test/auto/PublisherSubscriber2.xml
3 ms. Memory: 1527296K Free: 680978K (45%)
----------------- Invoking toplevel() on ptolemy.moml.MoMLSimpleApplication@533c30ae
----------------- Done invoking toplevel() on ptolemy.moml.MoMLSimpleApplication@533c30ae
reloadAllAccessors: .PublisherSubscriber2

===========================================================================================
----------------- testing Mon Mar 25 22:38:43 UTC 2019 /home/travis/build/icyphy/ptII/ptolemy/actor/lib/test/auto/PublisherSubscriber3.xml
----------------- Instantiating /home/travis/build/icyphy/ptII/ptolemy/actor/lib/test/auto/PublisherSubscriber3.xml
2 ms. Memory: 1527296K Free: 655541K (43%)
----------------- Invoking toplevel() on ptolemy.moml.MoMLSimpleApplication@7b9536a1
----------------- Done invoking toplevel() on ptolemy.moml.MoMLSimpleApplication@7b9536a1
reloadAllAccessors: .PublisherSubscriber3

===========================================================================================
----------------- testing Mon Mar 25 22:38:44 UTC 2019 /home/travis/build/icyphy/ptII/ptolemy/actor/lib/test/auto/PublisherSubscriber4.xml
----------------- Instantiating /home/travis/build/icyphy/ptII/ptolemy/actor/lib/test/auto/PublisherSubscriber4.xml
5 ms. Memory: 1527296K Free: 636536K (42%)
----------------- Invoking toplevel() on ptolemy.moml.MoMLSimpleApplication@41beb0ff
----------------- Done invoking toplevel() on ptolemy.moml.MoMLSimpleApplication@41beb0ff
reloadAllAccessors: .PublisherSubscriber4

===========================================================================================
----------------- testing Mon Mar 25 22:38:44 UTC 2019 /home/travis/build/icyphy/ptII/ptolemy/actor/lib/test/auto/PublisherSubscriber5.xml
----------------- Instantiating /home/travis/build/icyphy/ptII/ptolemy/actor/lib/test/auto/PublisherSubscriber5.xml
2 ms. Memory: 1527296K Free: 617530K (40%)
----------------- Invoking toplevel() on ptolemy.moml.MoMLSimpleApplication@6305c40e
----------------- Done invoking toplevel() on ptolemy.moml.MoMLSimpleApplication@6305c40e
reloadAllAccessors: .PublisherSubscriber5

===========================================================================================
----------------- testing Mon Mar 25 22:38:44 UTC 2019 /home/travis/build/icyphy/ptII/ptolemy/actor/lib/test/auto/PublisherSubscriber6.xml
----------------- Instantiating /home/travis/build/icyphy/ptII/ptolemy/actor/lib/test/auto/PublisherSubscriber6.xml
2 ms. Memory: 1527296K Free: 592093K (39%)
----------------- Invoking toplevel() on ptolemy.moml.MoMLSimpleApplication@6325bff3
----------------- Done invoking toplevel() on ptolemy.moml.MoMLSimpleApplication@6325bff3
reloadAllAccessors: .PublisherSubscriber6

===========================================================================================
----------------- testing Mon Mar 25 22:38:44 UTC 2019 /home/travis/build/icyphy/ptII/ptolemy/actor/lib/test/auto/PublisherSubscriber7.xml
----------------- Instantiating /home/travis/build/icyphy/ptII/ptolemy/actor/lib/test/auto/PublisherSubscriber7.xml
1 ms. Memory: 1527296K Free: 573087K (38%)
----------------- Invoking toplevel() on ptolemy.moml.MoMLSimpleApplication@46786a56
----------------- Done invoking toplevel() on ptolemy.moml.MoMLSimpleApplication@46786a56
reloadAllAccessors: .PublisherSubscriber7

===========================================================================================
----------------- testing Mon Mar 25 22:38:44 UTC 2019 /home/travis/build/icyphy/ptII/ptolemy/actor/lib/test/auto/PublisherSubscriber8.xml
----------------- Instantiating /home/travis/build/icyphy/ptII/ptolemy/actor/lib/test/auto/PublisherSubscriber8.xml
10 ms. Memory: 1527296K Free: 459054K (30%)
----------------- Invoking toplevel() on ptolemy.moml.MoMLSimpleApplication@6923833b
----------------- Done invoking toplevel() on ptolemy.moml.MoMLSimpleApplication@6923833b
reloadAllAccessors: .PublisherSubscriber8

===========================================================================================
----------------- testing Mon Mar 25 22:38:44 UTC 2019 /home/travis/build/icyphy/ptII/ptolemy/actor/lib/test/auto/PublisherSubscriber9.xml
----------------- Instantiating /home/travis/build/icyphy/ptII/ptolemy/actor/lib/test/auto/PublisherSubscriber9.xml
2 ms. Memory: 1527296K Free: 433617K (28%)
----------------- Invoking toplevel() on ptolemy.moml.MoMLSimpleApplication@54ad3d1e
----------------- Done invoking toplevel() on ptolemy.moml.MoMLSimpleApplication@54ad3d1e
reloadAllAccessors: .PublisherSubscriber9

===========================================================================================
----------------- testing Mon Mar 25 22:38:44 UTC 2019 /home/travis/build/icyphy/ptII/ptolemy/actor/lib/test/auto/PublisherSubscriberAdjacent.xml
----------------- Instantiating /home/travis/build/icyphy/ptII/ptolemy/actor/lib/test/auto/PublisherSubscriberAdjacent.xml
2 ms. Memory: 1527296K Free: 414612K (27%)
----------------- Invoking toplevel() on ptolemy.moml.MoMLSimpleApplication@447cda31
----------------- Done invoking toplevel() on ptolemy.moml.MoMLSimpleApplication@447cda31
reloadAllAccessors: .PublisherSubscriberAdjacent

===========================================================================================
----------------- testing Mon Mar 25 22:38:44 UTC 2019 /home/travis/build/icyphy/ptII/ptolemy/actor/lib/test/auto/PublisherSubscriberChannelVariablesAOC2.xml
----------------- Instantiating /home/travis/build/icyphy/ptII/ptolemy/actor/lib/test/auto/PublisherSubscriberChannelVariablesAOC2.xml
3 ms. Memory: 1527296K Free: 379656K (25%)
----------------- Invoking toplevel() on ptolemy.moml.MoMLSimpleApplication@7835e450
----------------- Done invoking toplevel() on ptolemy.moml.MoMLSimpleApplication@7835e450
reloadAllAccessors: .PublisherSubscriberChannelVariablesAOC2

===========================================================================================
----------------- testing Mon Mar 25 22:38:44 UTC 2019 /home/travis/build/icyphy/ptII/ptolemy/actor/lib/test/auto/PublisherSubscriberD3.xml
----------------- Instantiating /home/travis/build/icyphy/ptII/ptolemy/actor/lib/test/auto/PublisherSubscriberD3.xml
2 ms. Memory: 1527296K Free: 360650K (24%)
----------------- Invoking toplevel() on ptolemy.moml.MoMLSimpleApplication@3f0a3617
----------------- Done invoking toplevel() on ptolemy.moml.MoMLSimpleApplication@3f0a3617
reloadAllAccessors: .PublisherSubscriberD3

===========================================================================================
----------------- testing Mon Mar 25 22:38:44 UTC 2019 /home/travis/build/icyphy/ptII/ptolemy/actor/lib/test/auto/PublisherSubscriberD3Reverse.xml
----------------- Instantiating /home/travis/build/icyphy/ptII/ptolemy/actor/lib/test/auto/PublisherSubscriberD3Reverse.xml
1 ms. Memory: 1527296K Free: 341645K (22%)
----------------- Invoking toplevel() on ptolemy.moml.MoMLSimpleApplication@6a86b2c9
----------------- Done invoking toplevel() on ptolemy.moml.MoMLSimpleApplication@6a86b2c9
reloadAllAccessors: .PublisherSubscriberD3Reverse

===========================================================================================
----------------- testing Mon Mar 25 22:38:44 UTC 2019 /home/travis/build/icyphy/ptII/ptolemy/actor/lib/test/auto/PublisherSubscriberExpression.xml
----------------- Instantiating /home/travis/build/icyphy/ptII/ptolemy/actor/lib/test/auto/PublisherSubscriberExpression.xml
3 ms. Memory: 1527296K Free: 316207K (21%)
----------------- Invoking toplevel() on ptolemy.moml.MoMLSimpleApplication@ece49a1
----------------- Done invoking toplevel() on ptolemy.moml.MoMLSimpleApplication@ece49a1
reloadAllAccessors: .PublisherSubscriberExpression

===========================================================================================
----------------- testing Mon Mar 25 22:38:44 UTC 2019 /home/travis/build/icyphy/ptII/ptolemy/actor/lib/test/auto/PublisherSubscriberOpaque.xml
----------------- Instantiating /home/travis/build/icyphy/ptII/ptolemy/actor/lib/test/auto/PublisherSubscriberOpaque.xml
4 ms. Memory: 1527296K Free: 297202K (19%)
----------------- Invoking toplevel() on ptolemy.moml.MoMLSimpleApplication@7a8dbed5
----------------- Done invoking toplevel() on ptolemy.moml.MoMLSimpleApplication@7a8dbed5
reloadAllAccessors: .PublisherSubscriberOpaque

===========================================================================================
----------------- testing Mon Mar 25 22:38:44 UTC 2019 /home/travis/build/icyphy/ptII/ptolemy/actor/lib/test/auto/PublisherSubscriberOpaqueD3.xml
----------------- Instantiating /home/travis/build/icyphy/ptII/ptolemy/actor/lib/test/auto/PublisherSubscriberOpaqueD3.xml
4 ms. Memory: 1527296K Free: 278196K (18%)
----------------- Invoking toplevel() on ptolemy.moml.MoMLSimpleApplication@705c2215
----------------- Done invoking toplevel() on ptolemy.moml.MoMLSimpleApplication@705c2215
reloadAllAccessors: .PublisherSubscriberOpaqueD3

===========================================================================================
----------------- testing Mon Mar 25 22:38:44 UTC 2019 /home/travis/build/icyphy/ptII/ptolemy/actor/lib/test/auto/PublisherSubscriberOpaqueD3Reverse.xml
----------------- Instantiating /home/travis/build/icyphy/ptII/ptolemy/actor/lib/test/auto/PublisherSubscriberOpaqueD3Reverse.xml
5 ms. Memory: 1527296K Free: 252759K (17%)
----------------- Invoking toplevel() on ptolemy.moml.MoMLSimpleApplication@4c5652e8
----------------- Done invoking toplevel() on ptolemy.moml.MoMLSimpleApplication@4c5652e8
reloadAllAccessors: .PublisherSubscriberOpaqueD3Reverse

===========================================================================================
----------------- testing Mon Mar 25 22:38:44 UTC 2019 /home/travis/build/icyphy/ptII/ptolemy/actor/lib/test/auto/PublisherSubscriberOpaqueWidthInference.xml
----------------- Instantiating /home/travis/build/icyphy/ptII/ptolemy/actor/lib/test/auto/PublisherSubscriberOpaqueWidthInference.xml
2 ms. Memory: 1527296K Free: 233753K (15%)
----------------- Invoking toplevel() on ptolemy.moml.MoMLSimpleApplication@63ef2afa
----------------- Done invoking toplevel() on ptolemy.moml.MoMLSimpleApplication@63ef2afa
reloadAllAccessors: .PublisherSubscriberOpaqueWidthInference

===========================================================================================
----------------- testing Mon Mar 25 22:38:44 UTC 2019 /home/travis/build/icyphy/ptII/ptolemy/actor/lib/test/auto/PublisherTestSubscriber.xml
----------------- Instantiating /home/travis/build/icyphy/ptII/ptolemy/actor/lib/test/auto/PublisherTestSubscriber.xml
4 ms. Memory: 1527296K Free: 208316K (14%)
----------------- Invoking toplevel() on ptolemy.moml.MoMLSimpleApplication@4c336365
----------------- Done invoking toplevel() on ptolemy.moml.MoMLSimpleApplication@4c336365
reloadAllAccessors: .PublisherTestSubscriber

===========================================================================================
----------------- testing Mon Mar 25 22:38:44 UTC 2019 /home/travis/build/icyphy/ptII/ptolemy/actor/lib/test/auto/PublisherToplevelSubscriberPortAOC.xml
----------------- Instantiating /home/travis/build/icyphy/ptII/ptolemy/actor/lib/test/auto/PublisherToplevelSubscriberPortAOC.xml
2 ms. Memory: 1527296K Free: 189311K (12%)
----------------- Invoking toplevel() on ptolemy.moml.MoMLSimpleApplication@496d739b
----------------- Done invoking toplevel() on ptolemy.moml.MoMLSimpleApplication@496d739b
reloadAllAccessors: .PublisherToplevelSubscriberPortAOC

===========================================================================================
----------------- testing Mon Mar 25 22:38:44 UTC 2019 /home/travis/build/icyphy/ptII/ptolemy/actor/lib/test/auto/PulseFiringLimitDE.xml
----------------- Instantiating /home/travis/build/icyphy/ptII/ptolemy/actor/lib/test/auto/PulseFiringLimitDE.xml
3 ms. Memory: 1527296K Free: 170305K (11%)
----------------- Invoking toplevel() on ptolemy.moml.MoMLSimpleApplication@b532417
----------------- Done invoking toplevel() on ptolemy.moml.MoMLSimpleApplication@b532417
reloadAllAccessors: .PulseFiringLimitDE

===========================================================================================
----------------- testing Mon Mar 25 22:38:44 UTC 2019 /home/travis/build/icyphy/ptII/ptolemy/actor/lib/test/auto/Ramp1.xml
----------------- Instantiating /home/travis/build/icyphy/ptII/ptolemy/actor/lib/test/auto/Ramp1.xml
2 ms. Memory: 1527296K Free: 144868K (9%)
----------------- Invoking toplevel() on ptolemy.moml.MoMLSimpleApplication@6e000027
----------------- Done invoking toplevel() on ptolemy.moml.MoMLSimpleApplication@6e000027
reloadAllAccessors: .Ramp1

===========================================================================================
----------------- testing Mon Mar 25 22:38:44 UTC 2019 /home/travis/build/icyphy/ptII/ptolemy/actor/lib/test/auto/RampFiringLimitDE.xml
----------------- Instantiating /home/travis/build/icyphy/ptII/ptolemy/actor/lib/test/auto/RampFiringLimitDE.xml
3 ms. Memory: 1527296K Free: 125863K (8%)
----------------- Invoking toplevel() on ptolemy.moml.MoMLSimpleApplication@620b58d2
----------------- Done invoking toplevel() on ptolemy.moml.MoMLSimpleApplication@620b58d2
reloadAllAccessors: .RampFiringLimitDE

===========================================================================================
----------------- testing Mon Mar 25 22:38:44 UTC 2019 /home/travis/build/icyphy/ptII/ptolemy/actor/lib/test/auto/RampFiringLimitSDF.xml
----------------- Instantiating /home/travis/build/icyphy/ptII/ptolemy/actor/lib/test/auto/RampFiringLimitSDF.xml
2 ms. Memory: 1527296K Free: 100425K (7%)
----------------- Invoking toplevel() on ptolemy.moml.MoMLSimpleApplication@3559a5a0
----------------- Done invoking toplevel() on ptolemy.moml.MoMLSimpleApplication@3559a5a0
reloadAllAccessors: .RampFiringLimitSDF

===========================================================================================
----------------- testing Mon Mar 25 22:38:44 UTC 2019 /home/travis/build/icyphy/ptII/ptolemy/actor/lib/test/auto/RandomInteger.xml
----------------- Instantiating /home/travis/build/icyphy/ptII/ptolemy/actor/lib/test/auto/RandomInteger.xml
2 ms. Memory: 1527296K Free: 81420K (5%)
----------------- Invoking toplevel() on ptolemy.moml.MoMLSimpleApplication@2f02a732
----------------- Done invoking toplevel() on ptolemy.moml.MoMLSimpleApplication@2f02a732
reloadAllAccessors: .RandomInteger

===========================================================================================
----------------- testing Mon Mar 25 22:38:44 UTC 2019 /home/travis/build/icyphy/ptII/ptolemy/actor/lib/test/auto/ReadFile1.xml
----------------- Instantiating /home/travis/build/icyphy/ptII/ptolemy/actor/lib/test/auto/ReadFile1.xml
3 ms. Memory: 1527296K Free: 62415K (4%)
----------------- Invoking toplevel() on ptolemy.moml.MoMLSimpleApplication@fd533f8
----------------- Done invoking toplevel() on ptolemy.moml.MoMLSimpleApplication@fd533f8
reloadAllAccessors: .ReadFile1

===========================================================================================
----------------- testing Mon Mar 25 22:38:44 UTC 2019 /home/travis/build/icyphy/ptII/ptolemy/actor/lib/test/auto/ReadFile2.xml
----------------- Instantiating /home/travis/build/icyphy/ptII/ptolemy/actor/lib/test/auto/ReadFile2.xml
1 ms. Memory: 1563136K Free: 1498471K (96%)
----------------- Invoking toplevel() on ptolemy.moml.MoMLSimpleApplication@485ecac2
----------------- Done invoking toplevel() on ptolemy.moml.MoMLSimpleApplication@485ecac2
reloadAllAccessors: .ReadFile2

===========================================================================================
----------------- testing Mon Mar 25 22:38:44 UTC 2019 /home/travis/build/icyphy/ptII/ptolemy/actor/lib/test/auto/Reader.xml
----------------- Instantiating /home/travis/build/icyphy/ptII/ptolemy/actor/lib/test/auto/Reader.xml
actor.lib.Reader is obsolete, use actor.lib.io.ExpressionReader instead
1 ms. Memory: 1563136K Free: 1479233K (95%)
----------------- Invoking toplevel() on ptolemy.moml.MoMLSimpleApplication@4c8c9462
----------------- Done invoking toplevel() on ptolemy.moml.MoMLSimpleApplication@4c8c9462
reloadAllAccessors: .Reader

===========================================================================================
----------------- testing Mon Mar 25 22:38:44 UTC 2019 /home/travis/build/icyphy/ptII/ptolemy/actor/lib/test/auto/RecordAssemblerDisplayNameTest.xml
----------------- Instantiating /home/travis/build/icyphy/ptII/ptolemy/actor/lib/test/auto/RecordAssemblerDisplayNameTest.xml
2978 ms. Memory: 1563136K Free: 207784K (13%)
----------------- Invoking toplevel() on ptolemy.moml.MoMLSimpleApplication@3987d478
----------------- Done invoking toplevel() on ptolemy.moml.MoMLSimpleApplication@3987d478
reloadAllAccessors: .RecordAssemblerDisplayNameTest

===========================================================================================
----------------- testing Mon Mar 25 22:38:47 UTC 2019 /home/travis/build/icyphy/ptII/ptolemy/actor/lib/test/auto/RecordAssemblerTypeError.xml
----------------- Instantiating /home/travis/build/icyphy/ptII/ptolemy/actor/lib/test/auto/RecordAssemblerTypeError.xml
5 ms. Memory: 1563136K Free: 188546K (12%)
----------------- Invoking toplevel() on ptolemy.moml.MoMLSimpleApplication@1a6a0bb3
----------------- Done invoking toplevel() on ptolemy.moml.MoMLSimpleApplication@1a6a0bb3
reloadAllAccessors: .RecordAssemblerTypeError

===========================================================================================
----------------- testing Mon Mar 25 22:38:47 UTC 2019 /home/travis/build/icyphy/ptII/ptolemy/actor/lib/test/auto/RecordDisassember.xml
----------------- Instantiating /home/travis/build/icyphy/ptII/ptolemy/actor/lib/test/auto/RecordDisassember.xml
2 ms. Memory: 1563136K Free: 169308K (11%)
----------------- Invoking toplevel() on ptolemy.moml.MoMLSimpleApplication@24ad3c65
----------------- Done invoking toplevel() on ptolemy.moml.MoMLSimpleApplication@24ad3c65
reloadAllAccessors: .RecordDisassember

===========================================================================================
----------------- testing Mon Mar 25 22:38:47 UTC 2019 /home/travis/build/icyphy/ptII/ptolemy/actor/lib/test/auto/RecordDisassemberDisplayNameTest.xml
----------------- Instantiating /home/travis/build/icyphy/ptII/ptolemy/actor/lib/test/auto/RecordDisassemberDisplayNameTest.xml
4 ms. Memory: 1563136K Free: 144788K (9%)
----------------- Invoking toplevel() on ptolemy.moml.MoMLSimpleApplication@1df1225e
----------------- Done invoking toplevel() on ptolemy.moml.MoMLSimpleApplication@1df1225e
reloadAllAccessors: .RecordDisassemberDisplayNameTest

===========================================================================================
----------------- testing Mon Mar 25 22:38:47 UTC 2019 /home/travis/build/icyphy/ptII/ptolemy/actor/lib/test/auto/RecordDisassembler.xml
----------------- Instantiating /home/travis/build/icyphy/ptII/ptolemy/actor/lib/test/auto/RecordDisassembler.xml
2 ms. Memory: 1563136K Free: 125550K (8%)
----------------- Invoking toplevel() on ptolemy.moml.MoMLSimpleApplication@6bcc7211
----------------- Done invoking toplevel() on ptolemy.moml.MoMLSimpleApplication@6bcc7211
reloadAllAccessors: .RecordDisassembler

===========================================================================================
----------------- testing Mon Mar 25 22:38:47 UTC 2019 /home/travis/build/icyphy/ptII/ptolemy/actor/lib/test/auto/RecordDisassembler2.xml
----------------- Instantiating /home/travis/build/icyphy/ptII/ptolemy/actor/lib/test/auto/RecordDisassembler2.xml
2 ms. Memory: 1563136K Free: 101030K (6%)
----------------- Invoking toplevel() on ptolemy.moml.MoMLSimpleApplication@42ae8180
----------------- Done invoking toplevel() on ptolemy.moml.MoMLSimpleApplication@42ae8180
reloadAllAccessors: .RecordDisassembler2

===========================================================================================
----------------- testing Mon Mar 25 22:38:47 UTC 2019 /home/travis/build/icyphy/ptII/ptolemy/actor/lib/test/auto/RecordUpdater.xml
----------------- Instantiating /home/travis/build/icyphy/ptII/ptolemy/actor/lib/test/auto/RecordUpdater.xml
2 ms. Memory: 1563136K Free: 81792K (5%)
----------------- Invoking toplevel() on ptolemy.moml.MoMLSimpleApplication@66c10951
----------------- Done invoking toplevel() on ptolemy.moml.MoMLSimpleApplication@66c10951
reloadAllAccessors: .RecordUpdater

===========================================================================================
----------------- testing Mon Mar 25 22:38:47 UTC 2019 /home/travis/build/icyphy/ptII/ptolemy/actor/lib/test/auto/RecordUpdater2.xml
----------------- Instantiating /home/travis/build/icyphy/ptII/ptolemy/actor/lib/test/auto/RecordUpdater2.xml
2 ms. Memory: 1703936K Free: 1647871K (97%)
----------------- Invoking toplevel() on ptolemy.moml.MoMLSimpleApplication@b4e63e2
----------------- Done invoking toplevel() on ptolemy.moml.MoMLSimpleApplication@b4e63e2
reloadAllAccessors: .RecordUpdater2

===========================================================================================
----------------- testing Mon Mar 25 22:38:47 UTC 2019 /home/travis/build/icyphy/ptII/ptolemy/actor/lib/test/auto/RecursiveLattice.xml
----------------- Instantiating /home/travis/build/icyphy/ptII/ptolemy/actor/lib/test/auto/RecursiveLattice.xml
1 ms. Memory: 1703936K Free: 1622606K (95%)
----------------- Invoking toplevel() on ptolemy.moml.MoMLSimpleApplication@1cc275f9
----------------- Done invoking toplevel() on ptolemy.moml.MoMLSimpleApplication@1cc275f9
reloadAllAccessors: .RecursiveLattice

===========================================================================================
----------------- testing Mon Mar 25 22:38:47 UTC 2019 /home/travis/build/icyphy/ptII/ptolemy/actor/lib/test/auto/Router.xml
----------------- Instantiating /home/travis/build/icyphy/ptII/ptolemy/actor/lib/test/auto/Router.xml
3003 ms. Memory: 1703936K Free: 1597341K (94%)
----------------- Invoking toplevel() on ptolemy.moml.MoMLSimpleApplication@74b0bbc5
----------------- Done invoking toplevel() on ptolemy.moml.MoMLSimpleApplication@74b0bbc5
reloadAllAccessors: .Router

===========================================================================================
----------------- testing Mon Mar 25 22:38:50 UTC 2019 /home/travis/build/icyphy/ptII/ptolemy/actor/lib/test/auto/Router2.xml
----------------- Instantiating /home/travis/build/icyphy/ptII/ptolemy/actor/lib/test/auto/Router2.xml
3003 ms. Memory: 1703936K Free: 1576042K (92%)
----------------- Invoking toplevel() on ptolemy.moml.MoMLSimpleApplication@2d2d49f
----------------- Done invoking toplevel() on ptolemy.moml.MoMLSimpleApplication@2d2d49f
reloadAllAccessors: .Router2

===========================================================================================
----------------- testing Mon Mar 25 22:38:53 UTC 2019 /home/travis/build/icyphy/ptII/ptolemy/actor/lib/test/auto/RunningMaximum.xml
----------------- Instantiating /home/travis/build/icyphy/ptII/ptolemy/actor/lib/test/auto/RunningMaximum.xml
2 ms. Memory: 1703936K Free: 1550777K (91%)
----------------- Invoking toplevel() on ptolemy.moml.MoMLSimpleApplication@6c3bbcb4
----------------- Done invoking toplevel() on ptolemy.moml.MoMLSimpleApplication@6c3bbcb4
reloadAllAccessors: .RunningMaximum

===========================================================================================
----------------- testing Mon Mar 25 22:38:53 UTC 2019 /home/travis/build/icyphy/ptII/ptolemy/actor/lib/test/auto/RunningMinimum.xml
----------------- Instantiating /home/travis/build/icyphy/ptII/ptolemy/actor/lib/test/auto/RunningMinimum.xml
7 ms. Memory: 1703936K Free: 1525512K (90%)
----------------- Invoking toplevel() on ptolemy.moml.MoMLSimpleApplication@74301ee8
----------------- Done invoking toplevel() on ptolemy.moml.MoMLSimpleApplication@74301ee8
reloadAllAccessors: .RunningMinimum

===========================================================================================
----------------- testing Mon Mar 25 22:38:53 UTC 2019 /home/travis/build/icyphy/ptII/ptolemy/actor/lib/test/auto/Scale.xml
----------------- Instantiating /home/travis/build/icyphy/ptII/ptolemy/actor/lib/test/auto/Scale.xml
1 ms. Memory: 1703936K Free: 1504212K (88%)
----------------- Invoking toplevel() on ptolemy.moml.MoMLSimpleApplication@6f92b5f6
----------------- Done invoking toplevel() on ptolemy.moml.MoMLSimpleApplication@6f92b5f6
reloadAllAccessors: .Scale

===========================================================================================
----------------- testing Mon Mar 25 22:38:53 UTC 2019 /home/travis/build/icyphy/ptII/ptolemy/actor/lib/test/auto/Scale2.xml
----------------- Instantiating /home/travis/build/icyphy/ptII/ptolemy/actor/lib/test/auto/Scale2.xml
1 ms. Memory: 1703936K Free: 1478948K (87%)
----------------- Invoking toplevel() on ptolemy.moml.MoMLSimpleApplication@77779bd8
----------------- Done invoking toplevel() on ptolemy.moml.MoMLSimpleApplication@77779bd8
reloadAllAccessors: .Scale2

===========================================================================================
----------------- testing Mon Mar 25 22:38:53 UTC 2019 /home/travis/build/icyphy/ptII/ptolemy/actor/lib/test/auto/Scale3.xml
----------------- Instantiating /home/travis/build/icyphy/ptII/ptolemy/actor/lib/test/auto/Scale3.xml
3 ms. Memory: 1703936K Free: 1457648K (86%)
----------------- Invoking toplevel() on ptolemy.moml.MoMLSimpleApplication@7bac6ffc
----------------- Done invoking toplevel() on ptolemy.moml.MoMLSimpleApplication@7bac6ffc
reloadAllAccessors: .Scale3

===========================================================================================
----------------- testing Mon Mar 25 22:38:53 UTC 2019 /home/travis/build/icyphy/ptII/ptolemy/actor/lib/test/auto/ScaleArray.xml
----------------- Instantiating /home/travis/build/icyphy/ptII/ptolemy/actor/lib/test/auto/ScaleArray.xml
1 ms. Memory: 1703936K Free: 1432383K (84%)
----------------- Invoking toplevel() on ptolemy.moml.MoMLSimpleApplication@17d74561
----------------- Done invoking toplevel() on ptolemy.moml.MoMLSimpleApplication@17d74561
reloadAllAccessors: .ScaleArray

===========================================================================================
----------------- testing Mon Mar 25 22:38:53 UTC 2019 /home/travis/build/icyphy/ptII/ptolemy/actor/lib/test/auto/ScaleArray2.xml
----------------- Instantiating /home/travis/build/icyphy/ptII/ptolemy/actor/lib/test/auto/ScaleArray2.xml
1 ms. Memory: 1703936K Free: 1407118K (83%)
----------------- Invoking toplevel() on ptolemy.moml.MoMLSimpleApplication@4e2eff69
----------------- Done invoking toplevel() on ptolemy.moml.MoMLSimpleApplication@4e2eff69
reloadAllAccessors: .ScaleArray2

===========================================================================================
----------------- testing Mon Mar 25 22:38:53 UTC 2019 /home/travis/build/icyphy/ptII/ptolemy/actor/lib/test/auto/ScaleMatrix.xml
----------------- Instantiating /home/travis/build/icyphy/ptII/ptolemy/actor/lib/test/auto/ScaleMatrix.xml
95 ms. Memory: 1703936K Free: 1385780K (81%)
----------------- Invoking toplevel() on ptolemy.moml.MoMLSimpleApplication@359e3441
----------------- Done invoking toplevel() on ptolemy.moml.MoMLSimpleApplication@359e3441
reloadAllAccessors: .ScaleMatrix

===========================================================================================
----------------- testing Mon Mar 25 22:38:53 UTC 2019 /home/travis/build/icyphy/ptII/ptolemy/actor/lib/test/auto/Select.xml
----------------- Instantiating /home/travis/build/icyphy/ptII/ptolemy/actor/lib/test/auto/Select.xml
2 ms. Memory: 1703936K Free: 1360515K (80%)
----------------- Invoking toplevel() on ptolemy.moml.MoMLSimpleApplication@5e9c20b9
----------------- Done invoking toplevel() on ptolemy.moml.MoMLSimpleApplication@5e9c20b9
reloadAllAccessors: .Select

===========================================================================================
----------------- testing Mon Mar 25 22:38:53 UTC 2019 /home/travis/build/icyphy/ptII/ptolemy/actor/lib/test/auto/Select2.xml
----------------- Instantiating /home/travis/build/icyphy/ptII/ptolemy/actor/lib/test/auto/Select2.xml
1 ms. Memory: 1703936K Free: 1335250K (78%)
----------------- Invoking toplevel() on ptolemy.moml.MoMLSimpleApplication@5f7d8d64
----------------- Done invoking toplevel() on ptolemy.moml.MoMLSimpleApplication@5f7d8d64
reloadAllAccessors: .Select2

===========================================================================================
----------------- testing Mon Mar 25 22:38:53 UTC 2019 /home/travis/build/icyphy/ptII/ptolemy/actor/lib/test/auto/SequenceToArray2.xml
----------------- Instantiating /home/travis/build/icyphy/ptII/ptolemy/actor/lib/test/auto/SequenceToArray2.xml
57 ms. Memory: 1703936K Free: 1207455K (71%)
----------------- Invoking toplevel() on ptolemy.moml.MoMLSimpleApplication@26853067
----------------- Done invoking toplevel() on ptolemy.moml.MoMLSimpleApplication@26853067
reloadAllAccessors: .SequenceToArray2

===========================================================================================
----------------- testing Mon Mar 25 22:38:54 UTC 2019 /home/travis/build/icyphy/ptII/ptolemy/actor/lib/test/auto/SequentialClock.xml
----------------- Instantiating /home/travis/build/icyphy/ptII/ptolemy/actor/lib/test/auto/SequentialClock.xml
2 ms. Memory: 1703936K Free: 1182190K (69%)
----------------- Invoking toplevel() on ptolemy.moml.MoMLSimpleApplication@6793a883
----------------- Done invoking toplevel() on ptolemy.moml.MoMLSimpleApplication@6793a883
reloadAllAccessors: .SequentialClock

===========================================================================================
----------------- testing Mon Mar 25 22:38:54 UTC 2019 /home/travis/build/icyphy/ptII/ptolemy/actor/lib/test/auto/SetVariable.xml
----------------- Instantiating /home/travis/build/icyphy/ptII/ptolemy/actor/lib/test/auto/SetVariable.xml
4 ms. Memory: 1703936K Free: 1156925K (68%)
----------------- Invoking toplevel() on ptolemy.moml.MoMLSimpleApplication@3fd6330e
----------------- Done invoking toplevel() on ptolemy.moml.MoMLSimpleApplication@3fd6330e
reloadAllAccessors: .SetVariable

===========================================================================================
----------------- testing Mon Mar 25 22:38:54 UTC 2019 /home/travis/build/icyphy/ptII/ptolemy/actor/lib/test/auto/SetVariable2.xml
----------------- Instantiating /home/travis/build/icyphy/ptII/ptolemy/actor/lib/test/auto/SetVariable2.xml
7 ms. Memory: 1703936K Free: 1135625K (67%)
----------------- Invoking toplevel() on ptolemy.moml.MoMLSimpleApplication@765eb15c
----------------- Done invoking toplevel() on ptolemy.moml.MoMLSimpleApplication@765eb15c
reloadAllAccessors: .SetVariable2

===========================================================================================
----------------- testing Mon Mar 25 22:38:54 UTC 2019 /home/travis/build/icyphy/ptII/ptolemy/actor/lib/test/auto/SetVariable3.xml
----------------- Instantiating /home/travis/build/icyphy/ptII/ptolemy/actor/lib/test/auto/SetVariable3.xml
6 ms. Memory: 1703936K Free: 1110361K (65%)
----------------- Invoking toplevel() on ptolemy.moml.MoMLSimpleApplication@31c4616d
----------------- Done invoking toplevel() on ptolemy.moml.MoMLSimpleApplication@31c4616d
reloadAllAccessors: .SetVariable3

===========================================================================================
----------------- testing Mon Mar 25 22:38:54 UTC 2019 /home/travis/build/icyphy/ptII/ptolemy/actor/lib/test/auto/SetVariable4.xml
----------------- Instantiating /home/travis/build/icyphy/ptII/ptolemy/actor/lib/test/auto/SetVariable4.xml
16 ms. Memory: 1703936K Free: 1014514K (60%)
----------------- Invoking toplevel() on ptolemy.moml.MoMLSimpleApplication@4fe56f9e
----------------- Done invoking toplevel() on ptolemy.moml.MoMLSimpleApplication@4fe56f9e
reloadAllAccessors: .SetVariable4

===========================================================================================
----------------- testing Mon Mar 25 22:38:54 UTC 2019 /home/travis/build/icyphy/ptII/ptolemy/actor/lib/test/auto/SetVariable5.xml
----------------- Instantiating /home/travis/build/icyphy/ptII/ptolemy/actor/lib/test/auto/SetVariable5.xml
14 ms. Memory: 1703936K Free: 989249K (58%)
----------------- Invoking toplevel() on ptolemy.moml.MoMLSimpleApplication@4fb9ff32
----------------- Done invoking toplevel() on ptolemy.moml.MoMLSimpleApplication@4fb9ff32
reloadAllAccessors: .SetVariable5

===========================================================================================
----------------- testing Mon Mar 25 22:38:54 UTC 2019 /home/travis/build/icyphy/ptII/ptolemy/actor/lib/test/auto/Sinewave.xml
----------------- Instantiating /home/travis/build/icyphy/ptII/ptolemy/actor/lib/test/auto/Sinewave.xml
6 ms. Memory: 1703936K Free: 963984K (57%)
----------------- Invoking toplevel() on ptolemy.moml.MoMLSimpleApplication@52065faf
----------------- Done invoking toplevel() on ptolemy.moml.MoMLSimpleApplication@52065faf
reloadAllAccessors: .Sinewave

===========================================================================================
----------------- testing Mon Mar 25 22:38:54 UTC 2019 /home/travis/build/icyphy/ptII/ptolemy/actor/lib/test/auto/Sinewave2.xml
----------------- Instantiating /home/travis/build/icyphy/ptII/ptolemy/actor/lib/test/auto/Sinewave2.xml
8 ms. Memory: 1703936K Free: 942685K (55%)
----------------- Invoking toplevel() on ptolemy.moml.MoMLSimpleApplication@2af7cc35
----------------- Done invoking toplevel() on ptolemy.moml.MoMLSimpleApplication@2af7cc35
reloadAllAccessors: .Sinewave2

===========================================================================================
----------------- testing Mon Mar 25 22:38:54 UTC 2019 /home/travis/build/icyphy/ptII/ptolemy/actor/lib/test/auto/Sinewave3.xml
----------------- Instantiating /home/travis/build/icyphy/ptII/ptolemy/actor/lib/test/auto/Sinewave3.xml
6 ms. Memory: 1703936K Free: 917420K (54%)
----------------- Invoking toplevel() on ptolemy.moml.MoMLSimpleApplication@6a5f0c82
----------------- Done invoking toplevel() on ptolemy.moml.MoMLSimpleApplication@6a5f0c82
reloadAllAccessors: .Sinewave3

===========================================================================================
----------------- testing Mon Mar 25 22:38:54 UTC 2019 /home/travis/build/icyphy/ptII/ptolemy/actor/lib/test/auto/SingleEvent.xml
----------------- Instantiating /home/travis/build/icyphy/ptII/ptolemy/actor/lib/test/auto/SingleEvent.xml
1 ms. Memory: 1703936K Free: 892155K (52%)
----------------- Invoking toplevel() on ptolemy.moml.MoMLSimpleApplication@3dbb14c0
----------------- Done invoking toplevel() on ptolemy.moml.MoMLSimpleApplication@3dbb14c0
reloadAllAccessors: .SingleEvent

===========================================================================================
----------------- testing Mon Mar 25 22:38:54 UTC 2019 /home/travis/build/icyphy/ptII/ptolemy/actor/lib/test/auto/Sleep.xml
----------------- Instantiating /home/travis/build/icyphy/ptII/ptolemy/actor/lib/test/auto/Sleep.xml
6003 ms. Memory: 1703936K Free: 870856K (51%)
----------------- Invoking toplevel() on ptolemy.moml.MoMLSimpleApplication@6fedaf7a
----------------- Done invoking toplevel() on ptolemy.moml.MoMLSimpleApplication@6fedaf7a
reloadAllAccessors: .Sleep

===========================================================================================
----------------- testing Mon Mar 25 22:39:00 UTC 2019 /home/travis/build/icyphy/ptII/ptolemy/actor/lib/test/auto/SleepMultipleFire.xml
----------------- Instantiating /home/travis/build/icyphy/ptII/ptolemy/actor/lib/test/auto/SleepMultipleFire.xml
1004 ms. Memory: 1703936K Free: 845591K (50%)
----------------- Invoking toplevel() on ptolemy.moml.MoMLSimpleApplication@203013b6
----------------- Done invoking toplevel() on ptolemy.moml.MoMLSimpleApplication@203013b6
reloadAllAccessors: .SleepMultipleFire

===========================================================================================
----------------- testing Mon Mar 25 22:39:01 UTC 2019 /home/travis/build/icyphy/ptII/ptolemy/actor/lib/test/auto/StopDE.xml
----------------- Instantiating /home/travis/build/icyphy/ptII/ptolemy/actor/lib/test/auto/StopDE.xml
3 ms. Memory: 1703936K Free: 824292K (48%)
----------------- Invoking toplevel() on ptolemy.moml.MoMLSimpleApplication@729ddb73
----------------- Done invoking toplevel() on ptolemy.moml.MoMLSimpleApplication@729ddb73
reloadAllAccessors: .StopDE

===========================================================================================
----------------- testing Mon Mar 25 22:39:01 UTC 2019 /home/travis/build/icyphy/ptII/ptolemy/actor/lib/test/auto/StopSDF.xml
----------------- Instantiating /home/travis/build/icyphy/ptII/ptolemy/actor/lib/test/auto/StopSDF.xml
2 ms. Memory: 1703936K Free: 799027K (47%)
----------------- Invoking toplevel() on ptolemy.moml.MoMLSimpleApplication@633574e8
----------------- Done invoking toplevel() on ptolemy.moml.MoMLSimpleApplication@633574e8
reloadAllAccessors: .StopSDF

===========================================================================================
----------------- testing Mon Mar 25 22:39:01 UTC 2019 /home/travis/build/icyphy/ptII/ptolemy/actor/lib/test/auto/StringConstant.xml
----------------- Instantiating /home/travis/build/icyphy/ptII/ptolemy/actor/lib/test/auto/StringConstant.xml
3 ms. Memory: 1703936K Free: 773762K (45%)
----------------- Invoking toplevel() on ptolemy.moml.MoMLSimpleApplication@58873c79
----------------- Done invoking toplevel() on ptolemy.moml.MoMLSimpleApplication@58873c79
reloadAllAccessors: .StringConstant

===========================================================================================
----------------- testing Mon Mar 25 22:39:01 UTC 2019 /home/travis/build/icyphy/ptII/ptolemy/actor/lib/test/auto/SubscriberPortInitialValues1.xml
----------------- Instantiating /home/travis/build/icyphy/ptII/ptolemy/actor/lib/test/auto/SubscriberPortInitialValues1.xml
7 ms. Memory: 1703936K Free: 752463K (44%)
----------------- Invoking toplevel() on ptolemy.moml.MoMLSimpleApplication@6d84237e
----------------- Done invoking toplevel() on ptolemy.moml.MoMLSimpleApplication@6d84237e
reloadAllAccessors: .SubscriberPortInitialValues1

===========================================================================================
----------------- testing Mon Mar 25 22:39:01 UTC 2019 /home/travis/build/icyphy/ptII/ptolemy/actor/lib/test/auto/SubscriberPortInitialValues13.xml
----------------- Instantiating /home/travis/build/icyphy/ptII/ptolemy/actor/lib/test/auto/SubscriberPortInitialValues13.xml
8 ms. Memory: 1703936K Free: 727198K (43%)
----------------- Invoking toplevel() on ptolemy.moml.MoMLSimpleApplication@33f0b5b
----------------- Done invoking toplevel() on ptolemy.moml.MoMLSimpleApplication@33f0b5b
reloadAllAccessors: .SubscriberPortInitialValues13

===========================================================================================
----------------- testing Mon Mar 25 22:39:01 UTC 2019 /home/travis/build/icyphy/ptII/ptolemy/actor/lib/test/auto/SubscriberPortInitialValues14.xml
----------------- Instantiating /home/travis/build/icyphy/ptII/ptolemy/actor/lib/test/auto/SubscriberPortInitialValues14.xml
9 ms. Memory: 1703936K Free: 701933K (41%)
----------------- Invoking toplevel() on ptolemy.moml.MoMLSimpleApplication@3a8a2d54
----------------- Done invoking toplevel() on ptolemy.moml.MoMLSimpleApplication@3a8a2d54
reloadAllAccessors: .SubscriberPortInitialValues14

===========================================================================================
----------------- testing Mon Mar 25 22:39:01 UTC 2019 /home/travis/build/icyphy/ptII/ptolemy/actor/lib/test/auto/SubscriberPortInitialValues2.xml
----------------- Instantiating /home/travis/build/icyphy/ptII/ptolemy/actor/lib/test/auto/SubscriberPortInitialValues2.xml
4 ms. Memory: 1703936K Free: 680634K (40%)
----------------- Invoking toplevel() on ptolemy.moml.MoMLSimpleApplication@71f0055d
----------------- Done invoking toplevel() on ptolemy.moml.MoMLSimpleApplication@71f0055d
reloadAllAccessors: .SubscriberPortInitialValues2

===========================================================================================
----------------- testing Mon Mar 25 22:39:01 UTC 2019 /home/travis/build/icyphy/ptII/ptolemy/actor/lib/test/auto/SubscriberPortInitialValues3.xml
----------------- Instantiating /home/travis/build/icyphy/ptII/ptolemy/actor/lib/test/auto/SubscriberPortInitialValues3.xml
4 ms. Memory: 1703936K Free: 655369K (38%)
----------------- Invoking toplevel() on ptolemy.moml.MoMLSimpleApplication@7be60fdc
----------------- Done invoking toplevel() on ptolemy.moml.MoMLSimpleApplication@7be60fdc
reloadAllAccessors: .SubscriberPortInitialValues3

===========================================================================================
----------------- testing Mon Mar 25 22:39:01 UTC 2019 /home/travis/build/icyphy/ptII/ptolemy/actor/lib/test/auto/SubscriptionAggregator.xml
----------------- Instantiating /home/travis/build/icyphy/ptII/ptolemy/actor/lib/test/auto/SubscriptionAggregator.xml
2 ms. Memory: 1703936K Free: 634070K (37%)
----------------- Invoking toplevel() on ptolemy.moml.MoMLSimpleApplication@4df92dd1
----------------- Done invoking toplevel() on ptolemy.moml.MoMLSimpleApplication@4df92dd1
reloadAllAccessors: .SubscriptionAggregator

===========================================================================================
----------------- testing Mon Mar 25 22:39:01 UTC 2019 /home/travis/build/icyphy/ptII/ptolemy/actor/lib/test/auto/SubscriptionAggregator2.xml
----------------- Instantiating /home/travis/build/icyphy/ptII/ptolemy/actor/lib/test/auto/SubscriptionAggregator2.xml
2 ms. Memory: 1703936K Free: 608804K (36%)
----------------- Invoking toplevel() on ptolemy.moml.MoMLSimpleApplication@4e1f9d94
----------------- Done invoking toplevel() on ptolemy.moml.MoMLSimpleApplication@4e1f9d94
reloadAllAccessors: .SubscriptionAggregator2

===========================================================================================
----------------- testing Mon Mar 25 22:39:01 UTC 2019 /home/travis/build/icyphy/ptII/ptolemy/actor/lib/test/auto/SubscriptionAggregator3.xml
----------------- Instantiating /home/travis/build/icyphy/ptII/ptolemy/actor/lib/test/auto/SubscriptionAggregator3.xml
3 ms. Memory: 1703936K Free: 583539K (34%)
----------------- Invoking toplevel() on ptolemy.moml.MoMLSimpleApplication@175394bc
----------------- Done invoking toplevel() on ptolemy.moml.MoMLSimpleApplication@175394bc
reloadAllAccessors: .SubscriptionAggregator3

===========================================================================================
----------------- testing Mon Mar 25 22:39:01 UTC 2019 /home/travis/build/icyphy/ptII/ptolemy/actor/lib/test/auto/SubscriptionAggregatorMultiply.xml
----------------- Instantiating /home/travis/build/icyphy/ptII/ptolemy/actor/lib/test/auto/SubscriptionAggregatorMultiply.xml
6 ms. Memory: 1703936K Free: 562240K (33%)
----------------- Invoking toplevel() on ptolemy.moml.MoMLSimpleApplication@38a8255d
----------------- Done invoking toplevel() on ptolemy.moml.MoMLSimpleApplication@38a8255d
reloadAllAccessors: .SubscriptionAggregatorMultiply

===========================================================================================
----------------- testing Mon Mar 25 22:39:01 UTC 2019 /home/travis/build/icyphy/ptII/ptolemy/actor/lib/test/auto/SubscriptionAggregatorPortMultiply1.xml
----------------- Instantiating /home/travis/build/icyphy/ptII/ptolemy/actor/lib/test/auto/SubscriptionAggregatorPortMultiply1.xml
3 ms. Memory: 1703936K Free: 536975K (32%)
----------------- Invoking toplevel() on ptolemy.moml.MoMLSimpleApplication@775ecd8d
----------------- Done invoking toplevel() on ptolemy.moml.MoMLSimpleApplication@775ecd8d
reloadAllAccessors: .SubscriptionAggregatorPortMultiply1

===========================================================================================
----------------- testing Mon Mar 25 22:39:01 UTC 2019 /home/travis/build/icyphy/ptII/ptolemy/actor/lib/test/auto/Switch.xml
----------------- Instantiating /home/travis/build/icyphy/ptII/ptolemy/actor/lib/test/auto/Switch.xml
7 ms. Memory: 1703936K Free: 447812K (26%)
----------------- Invoking toplevel() on ptolemy.moml.MoMLSimpleApplication@5e20459e
----------------- Done invoking toplevel() on ptolemy.moml.MoMLSimpleApplication@5e20459e
reloadAllAccessors: .Switch

===========================================================================================
----------------- testing Mon Mar 25 22:39:01 UTC 2019 /home/travis/build/icyphy/ptII/ptolemy/actor/lib/test/auto/Switch2.xml
----------------- Instantiating /home/travis/build/icyphy/ptII/ptolemy/actor/lib/test/auto/Switch2.xml
1 ms. Memory: 1703936K Free: 426513K (25%)
----------------- Invoking toplevel() on ptolemy.moml.MoMLSimpleApplication@1732c58
----------------- Done invoking toplevel() on ptolemy.moml.MoMLSimpleApplication@1732c58
reloadAllAccessors: .Switch2

===========================================================================================
----------------- testing Mon Mar 25 22:39:01 UTC 2019 /home/travis/build/icyphy/ptII/ptolemy/actor/lib/test/auto/SwitchDE.xml
----------------- Instantiating /home/travis/build/icyphy/ptII/ptolemy/actor/lib/test/auto/SwitchDE.xml
4 ms. Memory: 1703936K Free: 401248K (24%)
----------------- Invoking toplevel() on ptolemy.moml.MoMLSimpleApplication@266c5ce
----------------- Done invoking toplevel() on ptolemy.moml.MoMLSimpleApplication@266c5ce
reloadAllAccessors: .SwitchDE

===========================================================================================
----------------- testing Mon Mar 25 22:39:01 UTC 2019 /home/travis/build/icyphy/ptII/ptolemy/actor/lib/test/auto/SynchronizerDE.xml
----------------- Instantiating /home/travis/build/icyphy/ptII/ptolemy/actor/lib/test/auto/SynchronizerDE.xml
5 ms. Memory: 1703936K Free: 379949K (22%)
----------------- Invoking toplevel() on ptolemy.moml.MoMLSimpleApplication@b05896e
----------------- Done invoking toplevel() on ptolemy.moml.MoMLSimpleApplication@b05896e
reloadAllAccessors: .SynchronizerDE

===========================================================================================
----------------- testing Mon Mar 25 22:39:01 UTC 2019 /home/travis/build/icyphy/ptII/ptolemy/actor/lib/test/auto/Test.xml
----------------- Instantiating /home/travis/build/icyphy/ptII/ptolemy/actor/lib/test/auto/Test.xml
7 ms. Memory: 1703936K Free: 354684K (21%)
----------------- Invoking toplevel() on ptolemy.moml.MoMLSimpleApplication@73dfef42
----------------- Done invoking toplevel() on ptolemy.moml.MoMLSimpleApplication@73dfef42
reloadAllAccessors: .Test

===========================================================================================
----------------- testing Mon Mar 25 22:39:01 UTC 2019 /home/travis/build/icyphy/ptII/ptolemy/actor/lib/test/auto/TestExceptionAttribute1.xml
----------------- Instantiating /home/travis/build/icyphy/ptII/ptolemy/actor/lib/test/auto/TestExceptionAttribute1.xml
1 ms. Memory: 1703936K Free: 329418K (19%)
----------------- Invoking toplevel() on ptolemy.moml.MoMLSimpleApplication@6d4268e2
----------------- Done invoking toplevel() on ptolemy.moml.MoMLSimpleApplication@6d4268e2
reloadAllAccessors: .TestExceptionAttribute1

===========================================================================================
----------------- testing Mon Mar 25 22:39:01 UTC 2019 /home/travis/build/icyphy/ptII/ptolemy/actor/lib/test/auto/TestExceptionAttribute2.xml
----------------- Instantiating /home/travis/build/icyphy/ptII/ptolemy/actor/lib/test/auto/TestExceptionAttribute2.xml
1 ms. Memory: 1703936K Free: 308119K (18%)
----------------- Invoking toplevel() on ptolemy.moml.MoMLSimpleApplication@29f73c73
----------------- Done invoking toplevel() on ptolemy.moml.MoMLSimpleApplication@29f73c73
reloadAllAccessors: .TestExceptionAttribute2

===========================================================================================
----------------- testing Mon Mar 25 22:39:01 UTC 2019 /home/travis/build/icyphy/ptII/ptolemy/actor/lib/test/auto/TestExceptionAttribute3.xml
----------------- Instantiating /home/travis/build/icyphy/ptII/ptolemy/actor/lib/test/auto/TestExceptionAttribute3.xml
.TestExceptionAttribute3.TestExceptionAttribute: initialize() was not invoked, but wrapup() was.  This is unusual, but not always a problem.  For example, exporting JNLP will do this.
1 ms. Memory: 1703936K Free: 282854K (17%)
----------------- Invoking toplevel() on ptolemy.moml.MoMLSimpleApplication@6e21398
----------------- Done invoking toplevel() on ptolemy.moml.MoMLSimpleApplication@6e21398
reloadAllAccessors: .TestExceptionAttribute3

===========================================================================================
----------------- testing Mon Mar 25 22:39:01 UTC 2019 /home/travis/build/icyphy/ptII/ptolemy/actor/lib/test/auto/TestExceptionAttribute4.xml
----------------- Instantiating /home/travis/build/icyphy/ptII/ptolemy/actor/lib/test/auto/TestExceptionAttribute4.xml
.TestExceptionAttribute4.TestExceptionAttribute: initialize() was not invoked, but wrapup() was.  This is unusual, but not always a problem.  For example, exporting JNLP will do this.
.TestExceptionAttribute4.TestExceptionAttribute2: initialize() was not invoked, but wrapup() was.  This is unusual, but not always a problem.  For example, exporting JNLP will do this.
1 ms. Memory: 1703936K Free: 257589K (15%)
----------------- Invoking toplevel() on ptolemy.moml.MoMLSimpleApplication@4533f49b
----------------- Done invoking toplevel() on ptolemy.moml.MoMLSimpleApplication@4533f49b
reloadAllAccessors: .TestExceptionAttribute4

===========================================================================================
----------------- testing Mon Mar 25 22:39:01 UTC 2019 /home/travis/build/icyphy/ptII/ptolemy/actor/lib/test/auto/TestExceptionHandler1.xml
----------------- Instantiating /home/travis/build/icyphy/ptII/ptolemy/actor/lib/test/auto/TestExceptionHandler1.xml
0 ms. Memory: 1703936K Free: 236290K (14%)
----------------- Invoking toplevel() on ptolemy.moml.MoMLSimpleApplication@700e37da
----------------- Done invoking toplevel() on ptolemy.moml.MoMLSimpleApplication@700e37da
reloadAllAccessors: .TestExceptionHandler1

===========================================================================================
----------------- testing Mon Mar 25 22:39:01 UTC 2019 /home/travis/build/icyphy/ptII/ptolemy/actor/lib/test/auto/TestExceptionHandler2.xml
----------------- Instantiating /home/travis/build/icyphy/ptII/ptolemy/actor/lib/test/auto/TestExceptionHandler2.xml
1 ms. Memory: 1703936K Free: 211025K (12%)
----------------- Invoking toplevel() on ptolemy.moml.MoMLSimpleApplication@68112a09
----------------- Done invoking toplevel() on ptolemy.moml.MoMLSimpleApplication@68112a09
reloadAllAccessors: .TestExceptionHandler2

===========================================================================================
----------------- testing Mon Mar 25 22:39:01 UTC 2019 /home/travis/build/icyphy/ptII/ptolemy/actor/lib/test/auto/TestExceptionHandler3.xml
----------------- Instantiating /home/travis/build/icyphy/ptII/ptolemy/actor/lib/test/auto/TestExceptionHandler3.xml
0 ms. Memory: 1703936K Free: 189726K (11%)
----------------- Invoking toplevel() on ptolemy.moml.MoMLSimpleApplication@2f4ab99e
----------------- Done invoking toplevel() on ptolemy.moml.MoMLSimpleApplication@2f4ab99e
reloadAllAccessors: .TestExceptionHandler3

===========================================================================================
----------------- testing Mon Mar 25 22:39:01 UTC 2019 /home/travis/build/icyphy/ptII/ptolemy/actor/lib/test/auto/TestExceptionHandler4.xml
----------------- Instantiating /home/travis/build/icyphy/ptII/ptolemy/actor/lib/test/auto/TestExceptionHandler4.xml
1 ms. Memory: 1703936K Free: 164461K (10%)
----------------- Invoking toplevel() on ptolemy.moml.MoMLSimpleApplication@44b5f0ce
----------------- Done invoking toplevel() on ptolemy.moml.MoMLSimpleApplication@44b5f0ce
reloadAllAccessors: .TestExceptionHandler4

===========================================================================================
----------------- testing Mon Mar 25 22:39:01 UTC 2019 /home/travis/build/icyphy/ptII/ptolemy/actor/lib/test/auto/TestRequireCorrectOrder.xml
----------------- Instantiating /home/travis/build/icyphy/ptII/ptolemy/actor/lib/test/auto/TestRequireCorrectOrder.xml
6 ms. Memory: 1703936K Free: 139196K (8%)
----------------- Invoking toplevel() on ptolemy.moml.MoMLSimpleApplication@3fb689c1
----------------- Done invoking toplevel() on ptolemy.moml.MoMLSimpleApplication@3fb689c1
reloadAllAccessors: .TestRequireCorrectOrder

===========================================================================================
----------------- testing Mon Mar 25 22:39:01 UTC 2019 /home/travis/build/icyphy/ptII/ptolemy/actor/lib/test/auto/TestSimple.xml
----------------- Instantiating /home/travis/build/icyphy/ptII/ptolemy/actor/lib/test/auto/TestSimple.xml
2 ms. Memory: 1703936K Free: 117897K (7%)
----------------- Invoking toplevel() on ptolemy.moml.MoMLSimpleApplication@47e2f057
----------------- Done invoking toplevel() on ptolemy.moml.MoMLSimpleApplication@47e2f057
reloadAllAccessors: .TestSimple

===========================================================================================
----------------- testing Mon Mar 25 22:39:01 UTC 2019 /home/travis/build/icyphy/ptII/ptolemy/actor/lib/test/auto/ThrowModelError.xml
----------------- Instantiating /home/travis/build/icyphy/ptII/ptolemy/actor/lib/test/auto/ThrowModelError.xml
1 ms. Memory: 1703936K Free: 92632K (5%)
----------------- Invoking toplevel() on ptolemy.moml.MoMLSimpleApplication@9e51f9
----------------- Done invoking toplevel() on ptolemy.moml.MoMLSimpleApplication@9e51f9
reloadAllAccessors: .ThrowModelError

===========================================================================================
----------------- testing Mon Mar 25 22:39:01 UTC 2019 /home/travis/build/icyphy/ptII/ptolemy/actor/lib/test/auto/TimeDelayMicrosteps.xml
----------------- Instantiating /home/travis/build/icyphy/ptII/ptolemy/actor/lib/test/auto/TimeDelayMicrosteps.xml
2 ms. Memory: 1703936K Free: 67367K (4%)
----------------- Invoking toplevel() on ptolemy.moml.MoMLSimpleApplication@4054867f
----------------- Done invoking toplevel() on ptolemy.moml.MoMLSimpleApplication@4054867f
reloadAllAccessors: .TimeDelayMicrosteps

===========================================================================================
----------------- testing Mon Mar 25 22:39:01 UTC 2019 /home/travis/build/icyphy/ptII/ptolemy/actor/lib/test/auto/TimeDelayMicrosteps2.xml
----------------- Instantiating /home/travis/build/icyphy/ptII/ptolemy/actor/lib/test/auto/TimeDelayMicrosteps2.xml
3 ms. Memory: 1716736K Free: 1659311K (97%)
----------------- Invoking toplevel() on ptolemy.moml.MoMLSimpleApplication@52548969
----------------- Done invoking toplevel() on ptolemy.moml.MoMLSimpleApplication@52548969
reloadAllAccessors: .TimeDelayMicrosteps2

===========================================================================================
----------------- testing Mon Mar 25 22:39:01 UTC 2019 /home/travis/build/icyphy/ptII/ptolemy/actor/lib/test/auto/TimeDelayMicrosteps3.xml
----------------- Instantiating /home/travis/build/icyphy/ptII/ptolemy/actor/lib/test/auto/TimeDelayMicrosteps3.xml
2 ms. Memory: 1716736K Free: 1634451K (95%)
----------------- Invoking toplevel() on ptolemy.moml.MoMLSimpleApplication@571c9ed0
----------------- Done invoking toplevel() on ptolemy.moml.MoMLSimpleApplication@571c9ed0
reloadAllAccessors: .TimeDelayMicrosteps3

===========================================================================================
----------------- testing Mon Mar 25 22:39:01 UTC 2019 /home/travis/build/icyphy/ptII/ptolemy/actor/lib/test/auto/TimeDelayVariableMicrosteps.xml
----------------- Instantiating /home/travis/build/icyphy/ptII/ptolemy/actor/lib/test/auto/TimeDelayVariableMicrosteps.xml
2 ms. Memory: 1716736K Free: 1609592K (94%)
----------------- Invoking toplevel() on ptolemy.moml.MoMLSimpleApplication@c662a34
----------------- Done invoking toplevel() on ptolemy.moml.MoMLSimpleApplication@c662a34
reloadAllAccessors: .TimeDelayVariableMicrosteps

===========================================================================================
----------------- testing Mon Mar 25 22:39:01 UTC 2019 /home/travis/build/icyphy/ptII/ptolemy/actor/lib/test/auto/TimeGap.xml
----------------- Instantiating /home/travis/build/icyphy/ptII/ptolemy/actor/lib/test/auto/TimeGap.xml
2 ms. Memory: 1716736K Free: 1584732K (92%)
----------------- Invoking toplevel() on ptolemy.moml.MoMLSimpleApplication@6457d21
----------------- Done invoking toplevel() on ptolemy.moml.MoMLSimpleApplication@6457d21
reloadAllAccessors: .TimeGap

===========================================================================================
----------------- testing Mon Mar 25 22:39:01 UTC 2019 /home/travis/build/icyphy/ptII/ptolemy/actor/lib/test/auto/TimeGap2.xml
----------------- Instantiating /home/travis/build/icyphy/ptII/ptolemy/actor/lib/test/auto/TimeGap2.xml
1 ms. Memory: 1716736K Free: 1563433K (91%)
----------------- Invoking toplevel() on ptolemy.moml.MoMLSimpleApplication@4c70f9b0
----------------- Done invoking toplevel() on ptolemy.moml.MoMLSimpleApplication@4c70f9b0
reloadAllAccessors: .TimeGap2

===========================================================================================
----------------- testing Mon Mar 25 22:39:01 UTC 2019 /home/travis/build/icyphy/ptII/ptolemy/actor/lib/test/auto/TimedSinewave.xml
----------------- Instantiating /home/travis/build/icyphy/ptII/ptolemy/actor/lib/test/auto/TimedSinewave.xml
12 ms. Memory: 1716736K Free: 1527908K (89%)
----------------- Invoking toplevel() on ptolemy.moml.MoMLSimpleApplication@48f38ae2
----------------- Done invoking toplevel() on ptolemy.moml.MoMLSimpleApplication@48f38ae2
reloadAllAccessors: .TimedSinewave

===========================================================================================
----------------- testing Mon Mar 25 22:39:01 UTC 2019 /home/travis/build/icyphy/ptII/ptolemy/actor/lib/test/auto/TimedSinewavePhase.xml
----------------- Instantiating /home/travis/build/icyphy/ptII/ptolemy/actor/lib/test/auto/TimedSinewavePhase.xml
8 ms. Memory: 1716736K Free: 1503048K (88%)
----------------- Invoking toplevel() on ptolemy.moml.MoMLSimpleApplication@35f3f6ed
----------------- Done invoking toplevel() on ptolemy.moml.MoMLSimpleApplication@35f3f6ed
reloadAllAccessors: .TimedSinewavePhase

===========================================================================================
----------------- testing Mon Mar 25 22:39:02 UTC 2019 /home/travis/build/icyphy/ptII/ptolemy/actor/lib/test/auto/Timer.xml
----------------- Instantiating /home/travis/build/icyphy/ptII/ptolemy/actor/lib/test/auto/Timer.xml
2 ms. Memory: 1716736K Free: 1481724K (86%)
----------------- Invoking toplevel() on ptolemy.moml.MoMLSimpleApplication@1c745f0e
----------------- Done invoking toplevel() on ptolemy.moml.MoMLSimpleApplication@1c745f0e
reloadAllAccessors: .Timer

===========================================================================================
----------------- testing Mon Mar 25 22:39:02 UTC 2019 /home/travis/build/icyphy/ptII/ptolemy/actor/lib/test/auto/TriangularDistTestModel.xml
----------------- Instantiating /home/travis/build/icyphy/ptII/ptolemy/actor/lib/test/auto/TriangularDistTestModel.xml
2 ms. Memory: 1716736K Free: 1456864K (85%)
----------------- Invoking toplevel() on ptolemy.moml.MoMLSimpleApplication@55e165a8
----------------- Done invoking toplevel() on ptolemy.moml.MoMLSimpleApplication@55e165a8
reloadAllAccessors: .TriangularDistTestModel

===========================================================================================
----------------- testing Mon Mar 25 22:39:02 UTC 2019 /home/travis/build/icyphy/ptII/ptolemy/actor/lib/test/auto/TrigFunction.xml
----------------- Instantiating /home/travis/build/icyphy/ptII/ptolemy/actor/lib/test/auto/TrigFunction.xml
2 ms. Memory: 1716736K Free: 1432005K (83%)
----------------- Invoking toplevel() on ptolemy.moml.MoMLSimpleApplication@7ac2e350
----------------- Done invoking toplevel() on ptolemy.moml.MoMLSimpleApplication@7ac2e350
reloadAllAccessors: .TrigFunction

===========================================================================================
----------------- testing Mon Mar 25 22:39:02 UTC 2019 /home/travis/build/icyphy/ptII/ptolemy/actor/lib/test/auto/TrigFunctionDE.xml
----------------- Instantiating /home/travis/build/icyphy/ptII/ptolemy/actor/lib/test/auto/TrigFunctionDE.xml
1 ms. Memory: 1716736K Free: 1407146K (82%)
----------------- Invoking toplevel() on ptolemy.moml.MoMLSimpleApplication@5ee362c7
----------------- Done invoking toplevel() on ptolemy.moml.MoMLSimpleApplication@5ee362c7
reloadAllAccessors: .TrigFunctionDE

===========================================================================================
----------------- testing Mon Mar 25 22:39:02 UTC 2019 /home/travis/build/icyphy/ptII/ptolemy/actor/lib/test/auto/TrigFunctionInverse.xml
----------------- Instantiating /home/travis/build/icyphy/ptII/ptolemy/actor/lib/test/auto/TrigFunctionInverse.xml
1 ms. Memory: 1716736K Free: 1385846K (81%)
----------------- Invoking toplevel() on ptolemy.moml.MoMLSimpleApplication@2a029743
----------------- Done invoking toplevel() on ptolemy.moml.MoMLSimpleApplication@2a029743
reloadAllAccessors: .TrigFunctionInverse

===========================================================================================
----------------- testing Mon Mar 25 22:39:02 UTC 2019 /home/travis/build/icyphy/ptII/ptolemy/actor/lib/test/auto/TrigFunctionTan.xml
----------------- Instantiating /home/travis/build/icyphy/ptII/ptolemy/actor/lib/test/auto/TrigFunctionTan.xml
1 ms. Memory: 1716736K Free: 1360987K (79%)
----------------- Invoking toplevel() on ptolemy.moml.MoMLSimpleApplication@7782600c
----------------- Done invoking toplevel() on ptolemy.moml.MoMLSimpleApplication@7782600c
reloadAllAccessors: .TrigFunctionTan

===========================================================================================
----------------- testing Mon Mar 25 22:39:02 UTC 2019 /home/travis/build/icyphy/ptII/ptolemy/actor/lib/test/auto/TriggeredClock.xml
----------------- Instantiating /home/travis/build/icyphy/ptII/ptolemy/actor/lib/test/auto/TriggeredClock.xml
2 ms. Memory: 1716736K Free: 1336127K (78%)
----------------- Invoking toplevel() on ptolemy.moml.MoMLSimpleApplication@14631ae3
----------------- Done invoking toplevel() on ptolemy.moml.MoMLSimpleApplication@14631ae3
reloadAllAccessors: .TriggeredClock

===========================================================================================
----------------- testing Mon Mar 25 22:39:02 UTC 2019 /home/travis/build/icyphy/ptII/ptolemy/actor/lib/test/auto/URLDirectoryReader.xml
----------------- Instantiating /home/travis/build/icyphy/ptII/ptolemy/actor/lib/test/auto/URLDirectoryReader.xml
28 ms. Memory: 1716736K Free: 1314828K (77%)
----------------- Invoking toplevel() on ptolemy.moml.MoMLSimpleApplication@1701e5be
----------------- Done invoking toplevel() on ptolemy.moml.MoMLSimpleApplication@1701e5be
reloadAllAccessors: .URLDirectoryReader

===========================================================================================
----------------- testing Mon Mar 25 22:39:02 UTC 2019 /home/travis/build/icyphy/ptII/ptolemy/actor/lib/test/auto/URLDirectoryReader3.xml
----------------- Instantiating /home/travis/build/icyphy/ptII/ptolemy/actor/lib/test/auto/URLDirectoryReader3.xml
1067 ms. Memory: 1716736K Free: 1247370K (73%)
----------------- Invoking toplevel() on ptolemy.moml.MoMLSimpleApplication@30ae3c23
----------------- Done invoking toplevel() on ptolemy.moml.MoMLSimpleApplication@30ae3c23
reloadAllAccessors: .URLDirectoryReader3

===========================================================================================
----------------- testing Mon Mar 25 22:39:03 UTC 2019 /home/travis/build/icyphy/ptII/ptolemy/actor/lib/test/auto/UnaryMathFunction.xml
----------------- Instantiating /home/travis/build/icyphy/ptII/ptolemy/actor/lib/test/auto/UnaryMathFunction.xml
10 ms. Memory: 1716736K Free: 1222510K (71%)
----------------- Invoking toplevel() on ptolemy.moml.MoMLSimpleApplication@52425de
----------------- Done invoking toplevel() on ptolemy.moml.MoMLSimpleApplication@52425de
reloadAllAccessors: .UnaryMathFunction

===========================================================================================
----------------- testing Mon Mar 25 22:39:03 UTC 2019 /home/travis/build/icyphy/ptII/ptolemy/actor/lib/test/auto/Uniform.xml
----------------- Instantiating /home/travis/build/icyphy/ptII/ptolemy/actor/lib/test/auto/Uniform.xml
10 ms. Memory: 1716736K Free: 1197651K (70%)
----------------- Invoking toplevel() on ptolemy.moml.MoMLSimpleApplication@5a4c4972
----------------- Done invoking toplevel() on ptolemy.moml.MoMLSimpleApplication@5a4c4972
reloadAllAccessors: .Uniform

===========================================================================================
----------------- testing Mon Mar 25 22:39:03 UTC 2019 /home/travis/build/icyphy/ptII/ptolemy/actor/lib/test/auto/UnionDisassemblerTest.xml
----------------- Instantiating /home/travis/build/icyphy/ptII/ptolemy/actor/lib/test/auto/UnionDisassemblerTest.xml
6 ms. Memory: 1716736K Free: 1176352K (69%)
----------------- Invoking toplevel() on ptolemy.moml.MoMLSimpleApplication@22c99843
----------------- Done invoking toplevel() on ptolemy.moml.MoMLSimpleApplication@22c99843
reloadAllAccessors: .UnionDisassemblerTest

===========================================================================================
----------------- testing Mon Mar 25 22:39:03 UTC 2019 /home/travis/build/icyphy/ptII/ptolemy/actor/lib/test/auto/UtilityFunctions.xml
----------------- Instantiating /home/travis/build/icyphy/ptII/ptolemy/actor/lib/test/auto/UtilityFunctions.xml
9 ms. Memory: 1716736K Free: 1151492K (67%)
----------------- Invoking toplevel() on ptolemy.moml.MoMLSimpleApplication@7ee80545
----------------- Done invoking toplevel() on ptolemy.moml.MoMLSimpleApplication@7ee80545
reloadAllAccessors: .UtilityFunctions

===========================================================================================
----------------- testing Mon Mar 25 22:39:03 UTC 2019 /home/travis/build/icyphy/ptII/ptolemy/actor/lib/test/auto/VariableSleep.xml
----------------- Instantiating /home/travis/build/icyphy/ptII/ptolemy/actor/lib/test/auto/VariableSleep.xml
511 ms. Memory: 1716736K Free: 1126633K (66%)
----------------- Invoking toplevel() on ptolemy.moml.MoMLSimpleApplication@22d20c64
----------------- Done invoking toplevel() on ptolemy.moml.MoMLSimpleApplication@22d20c64
reloadAllAccessors: .VariableSleep

===========================================================================================
----------------- testing Mon Mar 25 22:39:04 UTC 2019 /home/travis/build/icyphy/ptII/ptolemy/actor/lib/test/auto/VectorAssemblerDisassemblerCT.xml
----------------- Instantiating /home/travis/build/icyphy/ptII/ptolemy/actor/lib/test/auto/VectorAssemblerDisassemblerCT.xml
43 ms. Memory: 1716736K Free: 1094668K (64%)
----------------- Invoking toplevel() on ptolemy.moml.MoMLSimpleApplication@4419f291
----------------- Done invoking toplevel() on ptolemy.moml.MoMLSimpleApplication@4419f291
reloadAllAccessors: .VectorAssemblerDisassemblerCT

===========================================================================================
----------------- testing Mon Mar 25 22:39:04 UTC 2019 /home/travis/build/icyphy/ptII/ptolemy/actor/lib/test/auto/VectorAssemblerDisassemblerDE.xml
----------------- Instantiating /home/travis/build/icyphy/ptII/ptolemy/actor/lib/test/auto/VectorAssemblerDisassemblerDE.xml
2 ms. Memory: 1716736K Free: 1069808K (62%)
----------------- Invoking toplevel() on ptolemy.moml.MoMLSimpleApplication@4c040e1f
----------------- Done invoking toplevel() on ptolemy.moml.MoMLSimpleApplication@4c040e1f
reloadAllAccessors: .VectorAssemblerDisassemblerDE

===========================================================================================
----------------- testing Mon Mar 25 22:39:04 UTC 2019 /home/travis/build/icyphy/ptII/ptolemy/actor/lib/test/auto/VectorAssemblerDisassemblerSDF.xml
----------------- Instantiating /home/travis/build/icyphy/ptII/ptolemy/actor/lib/test/auto/VectorAssemblerDisassemblerSDF.xml
2 ms. Memory: 1716736K Free: 1044949K (61%)
----------------- Invoking toplevel() on ptolemy.moml.MoMLSimpleApplication@d094e08
----------------- Done invoking toplevel() on ptolemy.moml.MoMLSimpleApplication@d094e08
reloadAllAccessors: .VectorAssemblerDisassemblerSDF

===========================================================================================
----------------- testing Mon Mar 25 22:39:04 UTC 2019 /home/travis/build/icyphy/ptII/ptolemy/actor/lib/test/auto/WallClockTime.xml
----------------- Instantiating /home/travis/build/icyphy/ptII/ptolemy/actor/lib/test/auto/WallClockTime.xml
1006 ms. Memory: 1716736K Free: 1023650K (60%)
----------------- Invoking toplevel() on ptolemy.moml.MoMLSimpleApplication@3958b501
----------------- Done invoking toplevel() on ptolemy.moml.MoMLSimpleApplication@3958b501
reloadAllAccessors: .WallClockTime

===========================================================================================
----------------- testing Mon Mar 25 22:39:05 UTC 2019 /home/travis/build/icyphy/ptII/ptolemy/actor/lib/test/auto/WidthTestWithSubscriberPublisher.xml
----------------- Instantiating /home/travis/build/icyphy/ptII/ptolemy/actor/lib/test/auto/WidthTestWithSubscriberPublisher.xml
7 ms. Memory: 1716736K Free: 988132K (58%)
----------------- Invoking toplevel() on ptolemy.moml.MoMLSimpleApplication@3dbd23c
----------------- Done invoking toplevel() on ptolemy.moml.MoMLSimpleApplication@3dbd23c
reloadAllAccessors: .WidthTestWithSubscriberPublisher

===========================================================================================
----------------- testing Mon Mar 25 22:39:05 UTC 2019 /home/travis/build/icyphy/ptII/ptolemy/actor/lib/test/auto/WidthTestWithSubscriberPublisher2.xml
----------------- Instantiating /home/travis/build/icyphy/ptII/ptolemy/actor/lib/test/auto/WidthTestWithSubscriberPublisher2.xml
5 ms. Memory: 1716736K Free: 963273K (56%)
----------------- Invoking toplevel() on ptolemy.moml.MoMLSimpleApplication@236f3090
----------------- Done invoking toplevel() on ptolemy.moml.MoMLSimpleApplication@236f3090
reloadAllAccessors: .WidthTestWithSubscriberPublisher2

===========================================================================================
----------------- testing Mon Mar 25 22:39:05 UTC 2019 /home/travis/build/icyphy/ptII/ptolemy/actor/lib/test/auto/WidthTestWithSubscriberPublisher3.xml
----------------- Instantiating /home/travis/build/icyphy/ptII/ptolemy/actor/lib/test/auto/WidthTestWithSubscriberPublisher3.xml
1 ms. Memory: 1716736K Free: 938413K (55%)
----------------- Invoking toplevel() on ptolemy.moml.MoMLSimpleApplication@66e818be
----------------- Done invoking toplevel() on ptolemy.moml.MoMLSimpleApplication@66e818be
reloadAllAccessors: .WidthTestWithSubscriberPublisher3

===========================================================================================
----------------- testing Mon Mar 25 22:39:05 UTC 2019 /home/travis/build/icyphy/ptII/ptolemy/actor/lib/test/auto/Writer.xml
----------------- Instantiating /home/travis/build/icyphy/ptII/ptolemy/actor/lib/test/auto/Writer.xml
0
1
2
3
4
2 ms. Memory: 1716736K Free: 917114K (53%)
----------------- Invoking toplevel() on ptolemy.moml.MoMLSimpleApplication@6abb2b56
----------------- Done invoking toplevel() on ptolemy.moml.MoMLSimpleApplication@6abb2b56
reloadAllAccessors: .Writer

===========================================================================================
----------------- testing Mon Mar 25 22:39:05 UTC 2019 /home/travis/build/icyphy/ptII/ptolemy/actor/lib/test/auto/array.xml
----------------- Instantiating /home/travis/build/icyphy/ptII/ptolemy/actor/lib/test/auto/array.xml
2 ms. Memory: 1716736K Free: 892255K (52%)
----------------- Invoking toplevel() on ptolemy.moml.MoMLSimpleApplication@14db5d1d
----------------- Done invoking toplevel() on ptolemy.moml.MoMLSimpleApplication@14db5d1d
reloadAllAccessors: .array

===========================================================================================
----------------- testing Mon Mar 25 22:39:05 UTC 2019 /home/travis/build/icyphy/ptII/ptolemy/actor/lib/test/auto/array2.xml
----------------- Instantiating /home/travis/build/icyphy/ptII/ptolemy/actor/lib/test/auto/array2.xml
7 ms. Memory: 1716736K Free: 867395K (51%)
----------------- Invoking toplevel() on ptolemy.moml.MoMLSimpleApplication@74e15943
----------------- Done invoking toplevel() on ptolemy.moml.MoMLSimpleApplication@74e15943
reloadAllAccessors: .array2

===========================================================================================
----------------- testing Mon Mar 25 22:39:05 UTC 2019 /home/travis/build/icyphy/ptII/ptolemy/actor/lib/test/auto/arrayType.xml
----------------- Instantiating /home/travis/build/icyphy/ptII/ptolemy/actor/lib/test/auto/arrayType.xml
2 ms. Memory: 1716736K Free: 846096K (49%)
----------------- Invoking toplevel() on ptolemy.moml.MoMLSimpleApplication@77b3bede
----------------- Done invoking toplevel() on ptolemy.moml.MoMLSimpleApplication@77b3bede
reloadAllAccessors: .arrayType

===========================================================================================
----------------- testing Mon Mar 25 22:39:05 UTC 2019 /home/travis/build/icyphy/ptII/ptolemy/actor/lib/test/auto/arrayType10.xml
----------------- Instantiating /home/travis/build/icyphy/ptII/ptolemy/actor/lib/test/auto/arrayType10.xml
1 ms. Memory: 1716736K Free: 821236K (48%)
----------------- Invoking toplevel() on ptolemy.moml.MoMLSimpleApplication@7d0eea21
----------------- Done invoking toplevel() on ptolemy.moml.MoMLSimpleApplication@7d0eea21
reloadAllAccessors: .arrayType10

===========================================================================================
----------------- testing Mon Mar 25 22:39:05 UTC 2019 /home/travis/build/icyphy/ptII/ptolemy/actor/lib/test/auto/arrayType11.xml
----------------- Instantiating /home/travis/build/icyphy/ptII/ptolemy/actor/lib/test/auto/arrayType11.xml
1 ms. Memory: 1716736K Free: 796377K (46%)
----------------- Invoking toplevel() on ptolemy.moml.MoMLSimpleApplication@6545046
----------------- Done invoking toplevel() on ptolemy.moml.MoMLSimpleApplication@6545046
reloadAllAccessors: .arrayType11

===========================================================================================
----------------- testing Mon Mar 25 22:39:05 UTC 2019 /home/travis/build/icyphy/ptII/ptolemy/actor/lib/test/auto/arrayType12.xml
----------------- Instantiating /home/travis/build/icyphy/ptII/ptolemy/actor/lib/test/auto/arrayType12.xml
1 ms. Memory: 1716736K Free: 771518K (45%)
----------------- Invoking toplevel() on ptolemy.moml.MoMLSimpleApplication@4d48c435
----------------- Done invoking toplevel() on ptolemy.moml.MoMLSimpleApplication@4d48c435
reloadAllAccessors: .arrayType12

===========================================================================================
----------------- testing Mon Mar 25 22:39:05 UTC 2019 /home/travis/build/icyphy/ptII/ptolemy/actor/lib/test/auto/arrayType13.xml
----------------- Instantiating /home/travis/build/icyphy/ptII/ptolemy/actor/lib/test/auto/arrayType13.xml
1 ms. Memory: 1716736K Free: 750218K (44%)
----------------- Invoking toplevel() on ptolemy.moml.MoMLSimpleApplication@469e4d2b
----------------- Done invoking toplevel() on ptolemy.moml.MoMLSimpleApplication@469e4d2b
reloadAllAccessors: .arrayType13

===========================================================================================
----------------- testing Mon Mar 25 22:39:05 UTC 2019 /home/travis/build/icyphy/ptII/ptolemy/actor/lib/test/auto/arrayType14.xml
----------------- Instantiating /home/travis/build/icyphy/ptII/ptolemy/actor/lib/test/auto/arrayType14.xml
2 ms. Memory: 1716736K Free: 725359K (42%)
----------------- Invoking toplevel() on ptolemy.moml.MoMLSimpleApplication@20174ce3
----------------- Done invoking toplevel() on ptolemy.moml.MoMLSimpleApplication@20174ce3
reloadAllAccessors: .arrayType14

===========================================================================================
----------------- testing Mon Mar 25 22:39:05 UTC 2019 /home/travis/build/icyphy/ptII/ptolemy/actor/lib/test/auto/arrayType15.xml
----------------- Instantiating /home/travis/build/icyphy/ptII/ptolemy/actor/lib/test/auto/arrayType15.xml
1 ms. Memory: 1716736K Free: 700500K (41%)
----------------- Invoking toplevel() on ptolemy.moml.MoMLSimpleApplication@1147eaad
----------------- Done invoking toplevel() on ptolemy.moml.MoMLSimpleApplication@1147eaad
reloadAllAccessors: .arrayType15

===========================================================================================
----------------- testing Mon Mar 25 22:39:05 UTC 2019 /home/travis/build/icyphy/ptII/ptolemy/actor/lib/test/auto/arrayType16.xml
----------------- Instantiating /home/travis/build/icyphy/ptII/ptolemy/actor/lib/test/auto/arrayType16.xml
2 ms. Memory: 1716736K Free: 679200K (40%)
----------------- Invoking toplevel() on ptolemy.moml.MoMLSimpleApplication@25588c29
----------------- Done invoking toplevel() on ptolemy.moml.MoMLSimpleApplication@25588c29
reloadAllAccessors: .arrayType16

===========================================================================================
----------------- testing Mon Mar 25 22:39:05 UTC 2019 /home/travis/build/icyphy/ptII/ptolemy/actor/lib/test/auto/arrayType17.xml
----------------- Instantiating /home/travis/build/icyphy/ptII/ptolemy/actor/lib/test/auto/arrayType17.xml
1 ms. Memory: 1716736K Free: 654341K (38%)
----------------- Invoking toplevel() on ptolemy.moml.MoMLSimpleApplication@2018f712
----------------- Done invoking toplevel() on ptolemy.moml.MoMLSimpleApplication@2018f712
reloadAllAccessors: .arrayType17

===========================================================================================
----------------- testing Mon Mar 25 22:39:05 UTC 2019 /home/travis/build/icyphy/ptII/ptolemy/actor/lib/test/auto/arrayType18.xml
----------------- Instantiating /home/travis/build/icyphy/ptII/ptolemy/actor/lib/test/auto/arrayType18.xml
1 ms. Memory: 1716736K Free: 629481K (37%)
----------------- Invoking toplevel() on ptolemy.moml.MoMLSimpleApplication@10c798c3
----------------- Done invoking toplevel() on ptolemy.moml.MoMLSimpleApplication@10c798c3
reloadAllAccessors: .arrayType18

===========================================================================================
----------------- testing Mon Mar 25 22:39:05 UTC 2019 /home/travis/build/icyphy/ptII/ptolemy/actor/lib/test/auto/arrayType19.xml
----------------- Instantiating /home/travis/build/icyphy/ptII/ptolemy/actor/lib/test/auto/arrayType19.xml
1 ms. Memory: 1716736K Free: 604622K (35%)
----------------- Invoking toplevel() on ptolemy.moml.MoMLSimpleApplication@242d8634
----------------- Done invoking toplevel() on ptolemy.moml.MoMLSimpleApplication@242d8634
reloadAllAccessors: .arrayType19

===========================================================================================
----------------- testing Mon Mar 25 22:39:05 UTC 2019 /home/travis/build/icyphy/ptII/ptolemy/actor/lib/test/auto/arrayType2.xml
----------------- Instantiating /home/travis/build/icyphy/ptII/ptolemy/actor/lib/test/auto/arrayType2.xml
2 ms. Memory: 1716736K Free: 583322K (34%)
----------------- Invoking toplevel() on ptolemy.moml.MoMLSimpleApplication@68276932
----------------- Done invoking toplevel() on ptolemy.moml.MoMLSimpleApplication@68276932
reloadAllAccessors: .arrayType2

===========================================================================================
----------------- testing Mon Mar 25 22:39:05 UTC 2019 /home/travis/build/icyphy/ptII/ptolemy/actor/lib/test/auto/arrayType20.xml
----------------- Instantiating /home/travis/build/icyphy/ptII/ptolemy/actor/lib/test/auto/arrayType20.xml
2 ms. Memory: 1716736K Free: 558463K (33%)
----------------- Invoking toplevel() on ptolemy.moml.MoMLSimpleApplication@5b31116f
----------------- Done invoking toplevel() on ptolemy.moml.MoMLSimpleApplication@5b31116f
reloadAllAccessors: .arrayType20

===========================================================================================
----------------- testing Mon Mar 25 22:39:05 UTC 2019 /home/travis/build/icyphy/ptII/ptolemy/actor/lib/test/auto/arrayType21.xml
----------------- Instantiating /home/travis/build/icyphy/ptII/ptolemy/actor/lib/test/auto/arrayType21.xml
1 ms. Memory: 1716736K Free: 533603K (31%)
----------------- Invoking toplevel() on ptolemy.moml.MoMLSimpleApplication@762a992
----------------- Done invoking toplevel() on ptolemy.moml.MoMLSimpleApplication@762a992
reloadAllAccessors: .arrayType21

===========================================================================================
----------------- testing Mon Mar 25 22:39:05 UTC 2019 /home/travis/build/icyphy/ptII/ptolemy/actor/lib/test/auto/arrayType22.xml
----------------- Instantiating /home/travis/build/icyphy/ptII/ptolemy/actor/lib/test/auto/arrayType22.xml
1 ms. Memory: 1716736K Free: 508744K (30%)
----------------- Invoking toplevel() on ptolemy.moml.MoMLSimpleApplication@185bdb1
----------------- Done invoking toplevel() on ptolemy.moml.MoMLSimpleApplication@185bdb1
reloadAllAccessors: .arrayType22

===========================================================================================
----------------- testing Mon Mar 25 22:39:05 UTC 2019 /home/travis/build/icyphy/ptII/ptolemy/actor/lib/test/auto/arrayType23.xml
----------------- Instantiating /home/travis/build/icyphy/ptII/ptolemy/actor/lib/test/auto/arrayType23.xml
1 ms. Memory: 1716736K Free: 487445K (28%)
----------------- Invoking toplevel() on ptolemy.moml.MoMLSimpleApplication@3e6f30dc
----------------- Done invoking toplevel() on ptolemy.moml.MoMLSimpleApplication@3e6f30dc
reloadAllAccessors: .arrayType23

===========================================================================================
----------------- testing Mon Mar 25 22:39:05 UTC 2019 /home/travis/build/icyphy/ptII/ptolemy/actor/lib/test/auto/arrayType24.xml
----------------- Instantiating /home/travis/build/icyphy/ptII/ptolemy/actor/lib/test/auto/arrayType24.xml
2 ms. Memory: 1716736K Free: 462585K (27%)
----------------- Invoking toplevel() on ptolemy.moml.MoMLSimpleApplication@3eeae451
----------------- Done invoking toplevel() on ptolemy.moml.MoMLSimpleApplication@3eeae451
reloadAllAccessors: .arrayType24

===========================================================================================
----------------- testing Mon Mar 25 22:39:05 UTC 2019 /home/travis/build/icyphy/ptII/ptolemy/actor/lib/test/auto/arrayType25.xml
----------------- Instantiating /home/travis/build/icyphy/ptII/ptolemy/actor/lib/test/auto/arrayType25.xml
1 ms. Memory: 1716736K Free: 437726K (25%)
----------------- Invoking toplevel() on ptolemy.moml.MoMLSimpleApplication@d70fdcc
----------------- Done invoking toplevel() on ptolemy.moml.MoMLSimpleApplication@d70fdcc
reloadAllAccessors: .arrayType25

===========================================================================================
----------------- testing Mon Mar 25 22:39:05 UTC 2019 /home/travis/build/icyphy/ptII/ptolemy/actor/lib/test/auto/arrayType26.xml
----------------- Instantiating /home/travis/build/icyphy/ptII/ptolemy/actor/lib/test/auto/arrayType26.xml
2 ms. Memory: 1716736K Free: 416427K (24%)
----------------- Invoking toplevel() on ptolemy.moml.MoMLSimpleApplication@1d3d83a5
----------------- Done invoking toplevel() on ptolemy.moml.MoMLSimpleApplication@1d3d83a5
reloadAllAccessors: .arrayType26

===========================================================================================
----------------- testing Mon Mar 25 22:39:05 UTC 2019 /home/travis/build/icyphy/ptII/ptolemy/actor/lib/test/auto/arrayType27.xml
----------------- Instantiating /home/travis/build/icyphy/ptII/ptolemy/actor/lib/test/auto/arrayType27.xml
2 ms. Memory: 1716736K Free: 391567K (23%)
----------------- Invoking toplevel() on ptolemy.moml.MoMLSimpleApplication@3ba7e83f
----------------- Done invoking toplevel() on ptolemy.moml.MoMLSimpleApplication@3ba7e83f
reloadAllAccessors: .arrayType27

===========================================================================================
----------------- testing Mon Mar 25 22:39:05 UTC 2019 /home/travis/build/icyphy/ptII/ptolemy/actor/lib/test/auto/arrayType28.xml
----------------- Instantiating /home/travis/build/icyphy/ptII/ptolemy/actor/lib/test/auto/arrayType28.xml
1 ms. Memory: 1716736K Free: 366708K (21%)
----------------- Invoking toplevel() on ptolemy.moml.MoMLSimpleApplication@5d34e511
----------------- Done invoking toplevel() on ptolemy.moml.MoMLSimpleApplication@5d34e511
reloadAllAccessors: .arrayType28

===========================================================================================
----------------- testing Mon Mar 25 22:39:05 UTC 2019 /home/travis/build/icyphy/ptII/ptolemy/actor/lib/test/auto/arrayType3.xml
----------------- Instantiating /home/travis/build/icyphy/ptII/ptolemy/actor/lib/test/auto/arrayType3.xml
2 ms. Memory: 1716736K Free: 341849K (20%)
----------------- Invoking toplevel() on ptolemy.moml.MoMLSimpleApplication@4f17b73c
----------------- Done invoking toplevel() on ptolemy.moml.MoMLSimpleApplication@4f17b73c
reloadAllAccessors: .arrayType3

===========================================================================================
----------------- testing Mon Mar 25 22:39:05 UTC 2019 /home/travis/build/icyphy/ptII/ptolemy/actor/lib/test/auto/arrayType4.xml
----------------- Instantiating /home/travis/build/icyphy/ptII/ptolemy/actor/lib/test/auto/arrayType4.xml
1 ms. Memory: 1716736K Free: 320549K (19%)
----------------- Invoking toplevel() on ptolemy.moml.MoMLSimpleApplication@79da5674
----------------- Done invoking toplevel() on ptolemy.moml.MoMLSimpleApplication@79da5674
reloadAllAccessors: .arrayType4

===========================================================================================
----------------- testing Mon Mar 25 22:39:05 UTC 2019 /home/travis/build/icyphy/ptII/ptolemy/actor/lib/test/auto/arrayType5.xml
----------------- Instantiating /home/travis/build/icyphy/ptII/ptolemy/actor/lib/test/auto/arrayType5.xml
2 ms. Memory: 1716736K Free: 295690K (17%)
----------------- Invoking toplevel() on ptolemy.moml.MoMLSimpleApplication@4f7048a0
----------------- Done invoking toplevel() on ptolemy.moml.MoMLSimpleApplication@4f7048a0
reloadAllAccessors: .arrayType5

===========================================================================================
----------------- testing Mon Mar 25 22:39:05 UTC 2019 /home/travis/build/icyphy/ptII/ptolemy/actor/lib/test/auto/arrayType6.xml
----------------- Instantiating /home/travis/build/icyphy/ptII/ptolemy/actor/lib/test/auto/arrayType6.xml
1 ms. Memory: 1716736K Free: 270830K (16%)
----------------- Invoking toplevel() on ptolemy.moml.MoMLSimpleApplication@3115365
----------------- Done invoking toplevel() on ptolemy.moml.MoMLSimpleApplication@3115365
reloadAllAccessors: .arrayType6

===========================================================================================
----------------- testing Mon Mar 25 22:39:05 UTC 2019 /home/travis/build/icyphy/ptII/ptolemy/actor/lib/test/auto/arrayType7.xml
----------------- Instantiating /home/travis/build/icyphy/ptII/ptolemy/actor/lib/test/auto/arrayType7.xml
2 ms. Memory: 1716736K Free: 249531K (15%)
----------------- Invoking toplevel() on ptolemy.moml.MoMLSimpleApplication@31f09844
----------------- Done invoking toplevel() on ptolemy.moml.MoMLSimpleApplication@31f09844
reloadAllAccessors: .arrayType7

===========================================================================================
----------------- testing Mon Mar 25 22:39:05 UTC 2019 /home/travis/build/icyphy/ptII/ptolemy/actor/lib/test/auto/arrayType8.xml
----------------- Instantiating /home/travis/build/icyphy/ptII/ptolemy/actor/lib/test/auto/arrayType8.xml
2 ms. Memory: 1716736K Free: 224671K (13%)
----------------- Invoking toplevel() on ptolemy.moml.MoMLSimpleApplication@38b67061
----------------- Done invoking toplevel() on ptolemy.moml.MoMLSimpleApplication@38b67061
reloadAllAccessors: .arrayType8

===========================================================================================
----------------- testing Mon Mar 25 22:39:05 UTC 2019 /home/travis/build/icyphy/ptII/ptolemy/actor/lib/test/auto/arrayType9.xml
----------------- Instantiating /home/travis/build/icyphy/ptII/ptolemy/actor/lib/test/auto/arrayType9.xml
3 ms. Memory: 1716736K Free: 199812K (12%)
----------------- Invoking toplevel() on ptolemy.moml.MoMLSimpleApplication@32f79a5
----------------- Done invoking toplevel() on ptolemy.moml.MoMLSimpleApplication@32f79a5
reloadAllAccessors: .arrayType9

===========================================================================================
----------------- testing Mon Mar 25 22:39:05 UTC 2019 /home/travis/build/icyphy/ptII/ptolemy/actor/lib/test/auto/cast.xml
----------------- Instantiating /home/travis/build/icyphy/ptII/ptolemy/actor/lib/test/auto/cast.xml
2 ms. Memory: 1716736K Free: 174953K (10%)
----------------- Invoking toplevel() on ptolemy.moml.MoMLSimpleApplication@c481cac
----------------- Done invoking toplevel() on ptolemy.moml.MoMLSimpleApplication@c481cac
reloadAllAccessors: .cast

===========================================================================================
----------------- testing Mon Mar 25 22:39:05 UTC 2019 /home/travis/build/icyphy/ptII/ptolemy/actor/lib/test/auto/compositeMultiPort.xml
----------------- Instantiating /home/travis/build/icyphy/ptII/ptolemy/actor/lib/test/auto/compositeMultiPort.xml
4 ms. Memory: 1716736K Free: 153653K (9%)
----------------- Invoking toplevel() on ptolemy.moml.MoMLSimpleApplication@278c5104
----------------- Done invoking toplevel() on ptolemy.moml.MoMLSimpleApplication@278c5104
reloadAllAccessors: .compositeMultiPort

===========================================================================================
----------------- testing Mon Mar 25 22:39:05 UTC 2019 /home/travis/build/icyphy/ptII/ptolemy/actor/lib/test/auto/expressionCastInference.xml
----------------- Instantiating /home/travis/build/icyphy/ptII/ptolemy/actor/lib/test/auto/expressionCastInference.xml
2 ms. Memory: 1716736K Free: 128794K (8%)
----------------- Invoking toplevel() on ptolemy.moml.MoMLSimpleApplication@25d646ca
----------------- Done invoking toplevel() on ptolemy.moml.MoMLSimpleApplication@25d646ca
reloadAllAccessors: .expressionCastInference

===========================================================================================
----------------- testing Mon Mar 25 22:39:05 UTC 2019 /home/travis/build/icyphy/ptII/ptolemy/actor/lib/test/auto/expressionCastInference2.xml
----------------- Instantiating /home/travis/build/icyphy/ptII/ptolemy/actor/lib/test/auto/expressionCastInference2.xml
2 ms. Memory: 1716736K Free: 103934K (6%)
----------------- Invoking toplevel() on ptolemy.moml.MoMLSimpleApplication@7fe0801e
----------------- Done invoking toplevel() on ptolemy.moml.MoMLSimpleApplication@7fe0801e
reloadAllAccessors: .expressionCastInference2

===========================================================================================
----------------- testing Mon Mar 25 22:39:05 UTC 2019 /home/travis/build/icyphy/ptII/ptolemy/actor/lib/test/auto/expressionInference.xml
----------------- Instantiating /home/travis/build/icyphy/ptII/ptolemy/actor/lib/test/auto/expressionInference.xml
2 ms. Memory: 1716736K Free: 79075K (5%)
----------------- Invoking toplevel() on ptolemy.moml.MoMLSimpleApplication@7fb3ea91
----------------- Done invoking toplevel() on ptolemy.moml.MoMLSimpleApplication@7fb3ea91
reloadAllAccessors: .expressionInference

===========================================================================================
----------------- testing Mon Mar 25 22:39:05 UTC 2019 /home/travis/build/icyphy/ptII/ptolemy/actor/lib/test/auto/expression_bug.xml
----------------- Instantiating /home/travis/build/icyphy/ptII/ptolemy/actor/lib/test/auto/expression_bug.xml
2 ms. Memory: 1785856K Free: 1712826K (96%)
----------------- Invoking toplevel() on ptolemy.moml.MoMLSimpleApplication@106c6a0c
----------------- Done invoking toplevel() on ptolemy.moml.MoMLSimpleApplication@106c6a0c
reloadAllAccessors: .expression_bug

===========================================================================================
----------------- testing Mon Mar 25 22:39:06 UTC 2019 /home/travis/build/icyphy/ptII/ptolemy/actor/lib/test/auto/factorial.xml
----------------- Instantiating /home/travis/build/icyphy/ptII/ptolemy/actor/lib/test/auto/factorial.xml
35 ms. Memory: 1785856K Free: 1686952K (94%)
----------------- Invoking toplevel() on ptolemy.moml.MoMLSimpleApplication@d23113c
----------------- Done invoking toplevel() on ptolemy.moml.MoMLSimpleApplication@d23113c
reloadAllAccessors: .factorial

===========================================================================================
----------------- testing Mon Mar 25 22:39:06 UTC 2019 /home/travis/build/icyphy/ptII/ptolemy/actor/lib/test/auto/filterTest1.xml
----------------- Instantiating /home/travis/build/icyphy/ptII/ptolemy/actor/lib/test/auto/filterTest1.xml
3 ms. Memory: 1785856K Free: 1661077K (93%)
----------------- Invoking toplevel() on ptolemy.moml.MoMLSimpleApplication@1d1437d7
----------------- Done invoking toplevel() on ptolemy.moml.MoMLSimpleApplication@1d1437d7
reloadAllAccessors: .filterTest1

===========================================================================================
----------------- testing Mon Mar 25 22:39:06 UTC 2019 /home/travis/build/icyphy/ptII/ptolemy/actor/lib/test/auto/funcApplyInConst.xml
----------------- Instantiating /home/travis/build/icyphy/ptII/ptolemy/actor/lib/test/auto/funcApplyInConst.xml
1 ms. Memory: 1785856K Free: 1635202K (92%)
----------------- Invoking toplevel() on ptolemy.moml.MoMLSimpleApplication@71c3e574
----------------- Done invoking toplevel() on ptolemy.moml.MoMLSimpleApplication@71c3e574
reloadAllAccessors: .funcApplyInConst

===========================================================================================
----------------- testing Mon Mar 25 22:39:06 UTC 2019 /home/travis/build/icyphy/ptII/ptolemy/actor/lib/test/auto/funcApplyInExpr.xml
----------------- Instantiating /home/travis/build/icyphy/ptII/ptolemy/actor/lib/test/auto/funcApplyInExpr.xml
1 ms. Memory: 1785856K Free: 1612941K (90%)
----------------- Invoking toplevel() on ptolemy.moml.MoMLSimpleApplication@214d7349
----------------- Done invoking toplevel() on ptolemy.moml.MoMLSimpleApplication@214d7349
reloadAllAccessors: .funcApplyInExpr

===========================================================================================
----------------- testing Mon Mar 25 22:39:06 UTC 2019 /home/travis/build/icyphy/ptII/ptolemy/actor/lib/test/auto/function.xml
----------------- Instantiating /home/travis/build/icyphy/ptII/ptolemy/actor/lib/test/auto/function.xml
2 ms. Memory: 1785856K Free: 1587066K (89%)
----------------- Invoking toplevel() on ptolemy.moml.MoMLSimpleApplication@6f18a466
----------------- Done invoking toplevel() on ptolemy.moml.MoMLSimpleApplication@6f18a466
reloadAllAccessors: .function

===========================================================================================
----------------- testing Mon Mar 25 22:39:06 UTC 2019 /home/travis/build/icyphy/ptII/ptolemy/actor/lib/test/auto/function2.xml
----------------- Instantiating /home/travis/build/icyphy/ptII/ptolemy/actor/lib/test/auto/function2.xml
2 ms. Memory: 1785856K Free: 1561191K (87%)
----------------- Invoking toplevel() on ptolemy.moml.MoMLSimpleApplication@1b06dbb2
----------------- Done invoking toplevel() on ptolemy.moml.MoMLSimpleApplication@1b06dbb2
reloadAllAccessors: .function2

===========================================================================================
----------------- testing Mon Mar 25 22:39:06 UTC 2019 /home/travis/build/icyphy/ptII/ptolemy/actor/lib/test/auto/function3.xml
----------------- Instantiating /home/travis/build/icyphy/ptII/ptolemy/actor/lib/test/auto/function3.xml
2 ms. Memory: 1785856K Free: 1535317K (86%)
----------------- Invoking toplevel() on ptolemy.moml.MoMLSimpleApplication@2aa38395
----------------- Done invoking toplevel() on ptolemy.moml.MoMLSimpleApplication@2aa38395
reloadAllAccessors: .function3

===========================================================================================
----------------- testing Mon Mar 25 22:39:06 UTC 2019 /home/travis/build/icyphy/ptII/ptolemy/actor/lib/test/auto/functionClosureTest1.xml
----------------- Instantiating /home/travis/build/icyphy/ptII/ptolemy/actor/lib/test/auto/functionClosureTest1.xml
2 ms. Memory: 1785856K Free: 1513055K (85%)
----------------- Invoking toplevel() on ptolemy.moml.MoMLSimpleApplication@2e5ea3c4
----------------- Done invoking toplevel() on ptolemy.moml.MoMLSimpleApplication@2e5ea3c4
reloadAllAccessors: .functionClosureTest1

===========================================================================================
----------------- testing Mon Mar 25 22:39:06 UTC 2019 /home/travis/build/icyphy/ptII/ptolemy/actor/lib/test/auto/functionClosureTest2.xml
----------------- Instantiating /home/travis/build/icyphy/ptII/ptolemy/actor/lib/test/auto/functionClosureTest2.xml
1 ms. Memory: 1785856K Free: 1487181K (83%)
----------------- Invoking toplevel() on ptolemy.moml.MoMLSimpleApplication@7f0c8895
----------------- Done invoking toplevel() on ptolemy.moml.MoMLSimpleApplication@7f0c8895
reloadAllAccessors: .functionClosureTest2

===========================================================================================
----------------- testing Mon Mar 25 22:39:06 UTC 2019 /home/travis/build/icyphy/ptII/ptolemy/actor/lib/test/auto/functionClosureTest3.xml
----------------- Instantiating /home/travis/build/icyphy/ptII/ptolemy/actor/lib/test/auto/functionClosureTest3.xml
1 ms. Memory: 1785856K Free: 1461306K (82%)
----------------- Invoking toplevel() on ptolemy.moml.MoMLSimpleApplication@38978ecb
----------------- Done invoking toplevel() on ptolemy.moml.MoMLSimpleApplication@38978ecb
reloadAllAccessors: .functionClosureTest3

===========================================================================================
----------------- testing Mon Mar 25 22:39:06 UTC 2019 /home/travis/build/icyphy/ptII/ptolemy/actor/lib/test/auto/functionClosureTest4.xml
----------------- Instantiating /home/travis/build/icyphy/ptII/ptolemy/actor/lib/test/auto/functionClosureTest4.xml
6 ms. Memory: 1785856K Free: 1439044K (81%)
----------------- Invoking toplevel() on ptolemy.moml.MoMLSimpleApplication@2ff528dc
----------------- Done invoking toplevel() on ptolemy.moml.MoMLSimpleApplication@2ff528dc
reloadAllAccessors: .functionClosureTest4

===========================================================================================
----------------- testing Mon Mar 25 22:39:06 UTC 2019 /home/travis/build/icyphy/ptII/ptolemy/actor/lib/test/auto/functionClosureTest5.xml
----------------- Instantiating /home/travis/build/icyphy/ptII/ptolemy/actor/lib/test/auto/functionClosureTest5.xml
4 ms. Memory: 1785856K Free: 1413170K (79%)
----------------- Invoking toplevel() on ptolemy.moml.MoMLSimpleApplication@c10458b
----------------- Done invoking toplevel() on ptolemy.moml.MoMLSimpleApplication@c10458b
reloadAllAccessors: .functionClosureTest5

===========================================================================================
----------------- testing Mon Mar 25 22:39:06 UTC 2019 /home/travis/build/icyphy/ptII/ptolemy/actor/lib/test/auto/functionClosureTest6.xml
----------------- Instantiating /home/travis/build/icyphy/ptII/ptolemy/actor/lib/test/auto/functionClosureTest6.xml
1 ms. Memory: 1785856K Free: 1387295K (78%)
----------------- Invoking toplevel() on ptolemy.moml.MoMLSimpleApplication@5f246697
----------------- Done invoking toplevel() on ptolemy.moml.MoMLSimpleApplication@5f246697
reloadAllAccessors: .functionClosureTest6

===========================================================================================
----------------- testing Mon Mar 25 22:39:06 UTC 2019 /home/travis/build/icyphy/ptII/ptolemy/actor/lib/test/auto/functionsOnArcs.xml
----------------- Instantiating /home/travis/build/icyphy/ptII/ptolemy/actor/lib/test/auto/functionsOnArcs.xml
2 ms. Memory: 1785856K Free: 1361420K (76%)
----------------- Invoking toplevel() on ptolemy.moml.MoMLSimpleApplication@617929b4
----------------- Done invoking toplevel() on ptolemy.moml.MoMLSimpleApplication@617929b4
reloadAllAccessors: .functionsOnArcs

===========================================================================================
----------------- testing Mon Mar 25 22:39:06 UTC 2019 /home/travis/build/icyphy/ptII/ptolemy/actor/lib/test/auto/functionsOnArcsHOF.xml
----------------- Instantiating /home/travis/build/icyphy/ptII/ptolemy/actor/lib/test/auto/functionsOnArcsHOF.xml
3 ms. Memory: 1785856K Free: 1339159K (75%)
----------------- Invoking toplevel() on ptolemy.moml.MoMLSimpleApplication@4509c4e9
----------------- Done invoking toplevel() on ptolemy.moml.MoMLSimpleApplication@4509c4e9
reloadAllAccessors: .functionsOnArcsHOF

===========================================================================================
----------------- testing Mon Mar 25 22:39:06 UTC 2019 /home/travis/build/icyphy/ptII/ptolemy/actor/lib/test/auto/logic.xml
----------------- Instantiating /home/travis/build/icyphy/ptII/ptolemy/actor/lib/test/auto/logic.xml
2 ms. Memory: 1785856K Free: 1313284K (74%)
----------------- Invoking toplevel() on ptolemy.moml.MoMLSimpleApplication@705fe109
----------------- Done invoking toplevel() on ptolemy.moml.MoMLSimpleApplication@705fe109
reloadAllAccessors: .logic

===========================================================================================
----------------- testing Mon Mar 25 22:39:06 UTC 2019 /home/travis/build/icyphy/ptII/ptolemy/actor/lib/test/auto/matrixType.xml
----------------- Instantiating /home/travis/build/icyphy/ptII/ptolemy/actor/lib/test/auto/matrixType.xml
2 ms. Memory: 1785856K Free: 1287410K (72%)
----------------- Invoking toplevel() on ptolemy.moml.MoMLSimpleApplication@31e6530c
----------------- Done invoking toplevel() on ptolemy.moml.MoMLSimpleApplication@31e6530c
reloadAllAccessors: .matrixType

===========================================================================================
----------------- testing Mon Mar 25 22:39:06 UTC 2019 /home/travis/build/icyphy/ptII/ptolemy/actor/lib/test/auto/matrixType10.xml
----------------- Instantiating /home/travis/build/icyphy/ptII/ptolemy/actor/lib/test/auto/matrixType10.xml
2 ms. Memory: 1785856K Free: 1265148K (71%)
----------------- Invoking toplevel() on ptolemy.moml.MoMLSimpleApplication@3d808e84
----------------- Done invoking toplevel() on ptolemy.moml.MoMLSimpleApplication@3d808e84
reloadAllAccessors: .matrixType10

===========================================================================================
----------------- testing Mon Mar 25 22:39:06 UTC 2019 /home/travis/build/icyphy/ptII/ptolemy/actor/lib/test/auto/matrixType11.xml
----------------- Instantiating /home/travis/build/icyphy/ptII/ptolemy/actor/lib/test/auto/matrixType11.xml
1 ms. Memory: 1785856K Free: 1239273K (69%)
----------------- Invoking toplevel() on ptolemy.moml.MoMLSimpleApplication@df75cd7
----------------- Done invoking toplevel() on ptolemy.moml.MoMLSimpleApplication@df75cd7
reloadAllAccessors: .matrixType11

===========================================================================================
----------------- testing Mon Mar 25 22:39:06 UTC 2019 /home/travis/build/icyphy/ptII/ptolemy/actor/lib/test/auto/matrixType12.xml
----------------- Instantiating /home/travis/build/icyphy/ptII/ptolemy/actor/lib/test/auto/matrixType12.xml
1 ms. Memory: 1785856K Free: 1208813K (68%)
----------------- Invoking toplevel() on ptolemy.moml.MoMLSimpleApplication@2e6fc21
----------------- Done invoking toplevel() on ptolemy.moml.MoMLSimpleApplication@2e6fc21
reloadAllAccessors: .matrixType12

===========================================================================================
----------------- testing Mon Mar 25 22:39:06 UTC 2019 /home/travis/build/icyphy/ptII/ptolemy/actor/lib/test/auto/matrixType13.xml
----------------- Instantiating /home/travis/build/icyphy/ptII/ptolemy/actor/lib/test/auto/matrixType13.xml
1 ms. Memory: 1785856K Free: 1182939K (66%)
----------------- Invoking toplevel() on ptolemy.moml.MoMLSimpleApplication@46c09561
----------------- Done invoking toplevel() on ptolemy.moml.MoMLSimpleApplication@46c09561
reloadAllAccessors: .matrixType13

===========================================================================================
----------------- testing Mon Mar 25 22:39:06 UTC 2019 /home/travis/build/icyphy/ptII/ptolemy/actor/lib/test/auto/matrixType14.xml
----------------- Instantiating /home/travis/build/icyphy/ptII/ptolemy/actor/lib/test/auto/matrixType14.xml
1 ms. Memory: 1785856K Free: 1160677K (65%)
----------------- Invoking toplevel() on ptolemy.moml.MoMLSimpleApplication@3ad21a42
----------------- Done invoking toplevel() on ptolemy.moml.MoMLSimpleApplication@3ad21a42
reloadAllAccessors: .matrixType14

===========================================================================================
----------------- testing Mon Mar 25 22:39:06 UTC 2019 /home/travis/build/icyphy/ptII/ptolemy/actor/lib/test/auto/matrixType2.xml
----------------- Instantiating /home/travis/build/icyphy/ptII/ptolemy/actor/lib/test/auto/matrixType2.xml
1 ms. Memory: 1785856K Free: 1134802K (64%)
----------------- Invoking toplevel() on ptolemy.moml.MoMLSimpleApplication@29831be
----------------- Done invoking toplevel() on ptolemy.moml.MoMLSimpleApplication@29831be
reloadAllAccessors: .matrixType2

===========================================================================================
----------------- testing Mon Mar 25 22:39:06 UTC 2019 /home/travis/build/icyphy/ptII/ptolemy/actor/lib/test/auto/matrixType3.xml
----------------- Instantiating /home/travis/build/icyphy/ptII/ptolemy/actor/lib/test/auto/matrixType3.xml
3 ms. Memory: 1785856K Free: 1108928K (62%)
----------------- Invoking toplevel() on ptolemy.moml.MoMLSimpleApplication@35d8f7d8
----------------- Done invoking toplevel() on ptolemy.moml.MoMLSimpleApplication@35d8f7d8
reloadAllAccessors: .matrixType3

===========================================================================================
----------------- testing Mon Mar 25 22:39:06 UTC 2019 /home/travis/build/icyphy/ptII/ptolemy/actor/lib/test/auto/matrixType4.xml
----------------- Instantiating /home/travis/build/icyphy/ptII/ptolemy/actor/lib/test/auto/matrixType4.xml
1 ms. Memory: 1785856K Free: 1083053K (61%)
----------------- Invoking toplevel() on ptolemy.moml.MoMLSimpleApplication@3b6e8c5e
----------------- Done invoking toplevel() on ptolemy.moml.MoMLSimpleApplication@3b6e8c5e
reloadAllAccessors: .matrixType4

===========================================================================================
----------------- testing Mon Mar 25 22:39:06 UTC 2019 /home/travis/build/icyphy/ptII/ptolemy/actor/lib/test/auto/matrixType5.xml
----------------- Instantiating /home/travis/build/icyphy/ptII/ptolemy/actor/lib/test/auto/matrixType5.xml
1 ms. Memory: 1785856K Free: 1060791K (59%)
----------------- Invoking toplevel() on ptolemy.moml.MoMLSimpleApplication@4f5e393
----------------- Done invoking toplevel() on ptolemy.moml.MoMLSimpleApplication@4f5e393
reloadAllAccessors: .matrixType5

===========================================================================================
----------------- testing Mon Mar 25 22:39:06 UTC 2019 /home/travis/build/icyphy/ptII/ptolemy/actor/lib/test/auto/matrixType6.xml
----------------- Instantiating /home/travis/build/icyphy/ptII/ptolemy/actor/lib/test/auto/matrixType6.xml
1 ms. Memory: 1785856K Free: 1034917K (58%)
----------------- Invoking toplevel() on ptolemy.moml.MoMLSimpleApplication@6bceec04
----------------- Done invoking toplevel() on ptolemy.moml.MoMLSimpleApplication@6bceec04
reloadAllAccessors: .matrixType6

===========================================================================================
----------------- testing Mon Mar 25 22:39:06 UTC 2019 /home/travis/build/icyphy/ptII/ptolemy/actor/lib/test/auto/matrixType7.xml
----------------- Instantiating /home/travis/build/icyphy/ptII/ptolemy/actor/lib/test/auto/matrixType7.xml
1 ms. Memory: 1785856K Free: 1009042K (57%)
----------------- Invoking toplevel() on ptolemy.moml.MoMLSimpleApplication@4eba3448
----------------- Done invoking toplevel() on ptolemy.moml.MoMLSimpleApplication@4eba3448
reloadAllAccessors: .matrixType7

===========================================================================================
----------------- testing Mon Mar 25 22:39:06 UTC 2019 /home/travis/build/icyphy/ptII/ptolemy/actor/lib/test/auto/matrixType8.xml
----------------- Instantiating /home/travis/build/icyphy/ptII/ptolemy/actor/lib/test/auto/matrixType8.xml
1 ms. Memory: 1785856K Free: 986781K (55%)
----------------- Invoking toplevel() on ptolemy.moml.MoMLSimpleApplication@13d803f7
----------------- Done invoking toplevel() on ptolemy.moml.MoMLSimpleApplication@13d803f7
reloadAllAccessors: .matrixType8

===========================================================================================
----------------- testing Mon Mar 25 22:39:06 UTC 2019 /home/travis/build/icyphy/ptII/ptolemy/actor/lib/test/auto/matrixType9.xml
----------------- Instantiating /home/travis/build/icyphy/ptII/ptolemy/actor/lib/test/auto/matrixType9.xml
1 ms. Memory: 1785856K Free: 960906K (54%)
----------------- Invoking toplevel() on ptolemy.moml.MoMLSimpleApplication@4dae93c0
----------------- Done invoking toplevel() on ptolemy.moml.MoMLSimpleApplication@4dae93c0
reloadAllAccessors: .matrixType9

===========================================================================================
----------------- testing Mon Mar 25 22:39:06 UTC 2019 /home/travis/build/icyphy/ptII/ptolemy/actor/lib/test/auto/paraFunctest.xml
----------------- Instantiating /home/travis/build/icyphy/ptII/ptolemy/actor/lib/test/auto/paraFunctest.xml
1 ms. Memory: 1785856K Free: 935031K (52%)
----------------- Invoking toplevel() on ptolemy.moml.MoMLSimpleApplication@3af1ead5
----------------- Done invoking toplevel() on ptolemy.moml.MoMLSimpleApplication@3af1ead5
reloadAllAccessors: .paraFunctest

===========================================================================================
----------------- testing Mon Mar 25 22:39:06 UTC 2019 /home/travis/build/icyphy/ptII/ptolemy/actor/lib/test/auto/paraFunctest2.xml
----------------- Instantiating /home/travis/build/icyphy/ptII/ptolemy/actor/lib/test/auto/paraFunctest2.xml
1 ms. Memory: 1785856K Free: 909157K (51%)
----------------- Invoking toplevel() on ptolemy.moml.MoMLSimpleApplication@236598e1
----------------- Done invoking toplevel() on ptolemy.moml.MoMLSimpleApplication@236598e1
reloadAllAccessors: .paraFunctest2

===========================================================================================
----------------- testing Mon Mar 25 22:39:06 UTC 2019 /home/travis/build/icyphy/ptII/ptolemy/actor/lib/test/auto/parameterPassing.xml
----------------- Instantiating /home/travis/build/icyphy/ptII/ptolemy/actor/lib/test/auto/parameterPassing.xml
1 ms. Memory: 1785856K Free: 886895K (50%)
----------------- Invoking toplevel() on ptolemy.moml.MoMLSimpleApplication@2e6aa025
----------------- Done invoking toplevel() on ptolemy.moml.MoMLSimpleApplication@2e6aa025
reloadAllAccessors: .parameterPassing

===========================================================================================
----------------- testing Mon Mar 25 22:39:06 UTC 2019 /home/travis/build/icyphy/ptII/ptolemy/actor/lib/test/auto/record.xml
----------------- Instantiating /home/travis/build/icyphy/ptII/ptolemy/actor/lib/test/auto/record.xml
2 ms. Memory: 1785856K Free: 861021K (48%)
----------------- Invoking toplevel() on ptolemy.moml.MoMLSimpleApplication@60e3b300
----------------- Done invoking toplevel() on ptolemy.moml.MoMLSimpleApplication@60e3b300
reloadAllAccessors: .record

===========================================================================================
----------------- testing Mon Mar 25 22:39:06 UTC 2019 /home/travis/build/icyphy/ptII/ptolemy/actor/lib/test/auto/sizedarray1.xml
----------------- Instantiating /home/travis/build/icyphy/ptII/ptolemy/actor/lib/test/auto/sizedarray1.xml
2 ms. Memory: 1785856K Free: 835146K (47%)
----------------- Invoking toplevel() on ptolemy.moml.MoMLSimpleApplication@32854abb
----------------- Done invoking toplevel() on ptolemy.moml.MoMLSimpleApplication@32854abb
reloadAllAccessors: .sizedarray1

===========================================================================================
----------------- testing Mon Mar 25 22:39:06 UTC 2019 /home/travis/build/icyphy/ptII/ptolemy/actor/lib/test/auto/sizedarray2.xml
----------------- Instantiating /home/travis/build/icyphy/ptII/ptolemy/actor/lib/test/auto/sizedarray2.xml
3 ms. Memory: 1785856K Free: 809271K (45%)
----------------- Invoking toplevel() on ptolemy.moml.MoMLSimpleApplication@13eb8d9f
----------------- Done invoking toplevel() on ptolemy.moml.MoMLSimpleApplication@13eb8d9f
reloadAllAccessors: .sizedarray2

===========================================================================================
----------------- testing Mon Mar 25 22:39:06 UTC 2019 /home/travis/build/icyphy/ptII/ptolemy/actor/lib/test/auto/twoPublishers.xml
----------------- Instantiating /home/travis/build/icyphy/ptII/ptolemy/actor/lib/test/auto/twoPublishers.xml
4 ms. Memory: 1785856K Free: 787010K (44%)
----------------- Invoking toplevel() on ptolemy.moml.MoMLSimpleApplication@3c4ab829
----------------- Done invoking toplevel() on ptolemy.moml.MoMLSimpleApplication@3c4ab829
reloadAllAccessors: .twoPublishers
AutoTests.java: About to close Vertx.
AutoTests.java: Vertx closed.
]]></system-out>
  <system-err><![CDATA[java.lang.RuntimeException: Execution failed
	at ptolemy.moml.MoMLSimpleApplication$UnloadThread.run(MoMLSimpleApplication.java:402)
Caused by: java.lang.RuntimeException: StringUtilities.exit() was called. Normally, we would exit here because Manager.exitAfterWrapup() was called.  However, because the ptolemy.ptII.exitAfterWrapup property is set, we throw this exception instead.
	at ptolemy.util.StringUtilities.exit(StringUtilities.java:363)
	at ptolemy.actor.Manager.wrapup(Manager.java:1531)
	at ptolemy.actor.Manager.execute(Manager.java:407)
	at ptolemy.actor.Manager.run(Manager.java:1263)
	at ptolemy.actor.Manager$PtolemyRunThread.run(Manager.java:1915)
Warning: '.top.test' is in training mode, set the trainingMode parameter to false before checking in
Warning: '.top.test' is in training mode, set the trainingMode parameter to false before checking in
Warning: '.top.test' is in training mode, set the trainingMode parameter to false before checking in
Warning: '.BooleanSwitch_RegressionTest_WrongTrainingValues.Test' is in training mode, set the trainingMode parameter to false before checking in
Warning: '.BooleanSwitch_RegressionTest_WrongTrainingValues.Test2' is in training mode, set the trainingMode parameter to false before checking in
Warning: '.BooleanSwitch_RegressionTest_WrongTrainingValues.Test2' The test produced 0 tokens.
Warning: '.top.testExceptionHandler' is in training mode, set the trainingMode parameter to false before checking in
java.lang.RuntimeException: Execution failed
	at ptolemy.moml.MoMLSimpleApplication$UnloadThread.run(MoMLSimpleApplication.java:402)
Caused by: ptolemy.kernel.util.IllegalActionException: PublisherPorts cannot be used at the top level, use a Publisher actor instead.
  in .PublisherPortToplevelSubscriber.PublisherPort
	at ptolemy.actor.PublisherPort.preinitialize(PublisherPort.java:403)
	at ptolemy.actor.CompositeActor.preinitialize(CompositeActor.java:1769)
	at ptolemy.actor.Manager.preinitializeAndResolveTypes(Manager.java:1040)
	at ptolemy.actor.Manager.initialize(Manager.java:710)
	at ptolemy.actor.Manager.execute(Manager.java:356)
	at ptolemy.actor.Manager.run(Manager.java:1263)
	at ptolemy.actor.Manager$PtolemyRunThread.run(Manager.java:1915)
java.lang.reflect.InvocationTargetException
	at sun.reflect.NativeConstructorAccessorImpl.newInstance0(Native Method)
	at sun.reflect.NativeConstructorAccessorImpl.newInstance(NativeConstructorAccessorImpl.java:62)
	at sun.reflect.DelegatingConstructorAccessorImpl.newInstance(DelegatingConstructorAccessorImpl.java:45)
	at java.lang.reflect.Constructor.newInstance(Constructor.java:423)
	at ptolemy.util.test.junit.AutoKnownFailedTests.RunModel(AutoKnownFailedTests.java:105)
	at sun.reflect.NativeMethodAccessorImpl.invoke0(Native Method)
	at sun.reflect.NativeMethodAccessorImpl.invoke(NativeMethodAccessorImpl.java:62)
	at sun.reflect.DelegatingMethodAccessorImpl.invoke(DelegatingMethodAccessorImpl.java:43)
	at java.lang.reflect.Method.invoke(Method.java:498)
	at org.junit.runners.model.FrameworkMethod$1.runReflectiveCall(FrameworkMethod.java:44)
	at org.junit.internal.runners.model.ReflectiveCallable.run(ReflectiveCallable.java:15)
	at org.junit.runners.model.FrameworkMethod.invokeExplosively(FrameworkMethod.java:41)
	at junitparams.internal.InvokeParameterisedMethod.evaluate(InvokeParameterisedMethod.java:102)
	at org.junit.internal.runners.statements.FailOnTimeout$1.run(FailOnTimeout.java:28)
Caused by: ptolemy.kernel.util.IllegalActionException: PublisherPorts cannot be used at the top level, use a Publisher actor instead.
  in .PublisherPortToplevelSubscriber.PublisherPort
	at ptolemy.actor.PublisherPort.preinitialize(PublisherPort.java:403)
	at ptolemy.actor.CompositeActor.preinitialize(CompositeActor.java:1769)
	at ptolemy.actor.Manager.preinitializeAndResolveTypes(Manager.java:1040)
	at ptolemy.actor.Manager.initialize(Manager.java:710)
	at ptolemy.actor.Manager.execute(Manager.java:356)
	at ptolemy.actor.Manager.run(Manager.java:1263)
	at ptolemy.actor.Manager$PtolemyRunThread.run(Manager.java:1915)
java.lang.RuntimeException: Execution failed
	at ptolemy.moml.MoMLSimpleApplication$UnloadThread.run(MoMLSimpleApplication.java:402)
Caused by: ptolemy.kernel.util.IllegalActionException: SubscriberPorts cannot be used at the top level, use a Subscriber actor instead.
  in .PublisherSubscriberPortToplevel.SubscriberPort
	at ptolemy.actor.SubscriberPort.preinitialize(SubscriberPort.java:328)
	at ptolemy.actor.CompositeActor.preinitialize(CompositeActor.java:1769)
	at ptolemy.actor.Manager.preinitializeAndResolveTypes(Manager.java:1040)
	at ptolemy.actor.Manager.initialize(Manager.java:710)
	at ptolemy.actor.Manager.execute(Manager.java:356)
	at ptolemy.actor.Manager.run(Manager.java:1263)
	at ptolemy.actor.Manager$PtolemyRunThread.run(Manager.java:1915)
java.lang.reflect.InvocationTargetException
	at sun.reflect.NativeConstructorAccessorImpl.newInstance0(Native Method)
	at sun.reflect.NativeConstructorAccessorImpl.newInstance(NativeConstructorAccessorImpl.java:62)
	at sun.reflect.DelegatingConstructorAccessorImpl.newInstance(DelegatingConstructorAccessorImpl.java:45)
	at java.lang.reflect.Constructor.newInstance(Constructor.java:423)
	at ptolemy.util.test.junit.AutoKnownFailedTests.RunModel(AutoKnownFailedTests.java:105)
	at sun.reflect.NativeMethodAccessorImpl.invoke0(Native Method)
	at sun.reflect.NativeMethodAccessorImpl.invoke(NativeMethodAccessorImpl.java:62)
	at sun.reflect.DelegatingMethodAccessorImpl.invoke(DelegatingMethodAccessorImpl.java:43)
	at java.lang.reflect.Method.invoke(Method.java:498)
	at org.junit.runners.model.FrameworkMethod$1.runReflectiveCall(FrameworkMethod.java:44)
	at org.junit.internal.runners.model.ReflectiveCallable.run(ReflectiveCallable.java:15)
	at org.junit.runners.model.FrameworkMethod.invokeExplosively(FrameworkMethod.java:41)
	at junitparams.internal.InvokeParameterisedMethod.evaluate(InvokeParameterisedMethod.java:102)
	at org.junit.internal.runners.statements.FailOnTimeout$1.run(FailOnTimeout.java:28)
Caused by: ptolemy.kernel.util.IllegalActionException: SubscriberPorts cannot be used at the top level, use a Subscriber actor instead.
  in .PublisherSubscriberPortToplevel.SubscriberPort
	at ptolemy.actor.SubscriberPort.preinitialize(SubscriberPort.java:328)
	at ptolemy.actor.CompositeActor.preinitialize(CompositeActor.java:1769)
	at ptolemy.actor.Manager.preinitializeAndResolveTypes(Manager.java:1040)
	at ptolemy.actor.Manager.initialize(Manager.java:710)
	at ptolemy.actor.Manager.execute(Manager.java:356)
	at ptolemy.actor.Manager.run(Manager.java:1263)
	at ptolemy.actor.Manager$PtolemyRunThread.run(Manager.java:1915)
java.lang.RuntimeException: Execution failed
	at ptolemy.moml.MoMLSimpleApplication$UnloadThread.run(MoMLSimpleApplication.java:402)
Caused by: ptolemy.kernel.util.IllegalActionException: SubscriptionAggregatorPorts cannot be used at the top level, use a SubscriptionAggregator actor instead.
  in .PublisherSubscriptionAggregatorPort.SubscriptionAggregatorPort
	at ptolemy.actor.SubscriptionAggregatorPort.preinitialize(SubscriptionAggregatorPort.java:353)
	at ptolemy.actor.CompositeActor.preinitialize(CompositeActor.java:1769)
	at ptolemy.actor.Manager.preinitializeAndResolveTypes(Manager.java:1040)
	at ptolemy.actor.Manager.initialize(Manager.java:710)
	at ptolemy.actor.Manager.execute(Manager.java:356)
	at ptolemy.actor.Manager.run(Manager.java:1263)
	at ptolemy.actor.Manager$PtolemyRunThread.run(Manager.java:1915)
java.lang.reflect.InvocationTargetException
	at sun.reflect.NativeConstructorAccessorImpl.newInstance0(Native Method)
	at sun.reflect.NativeConstructorAccessorImpl.newInstance(NativeConstructorAccessorImpl.java:62)
	at sun.reflect.DelegatingConstructorAccessorImpl.newInstance(DelegatingConstructorAccessorImpl.java:45)
	at java.lang.reflect.Constructor.newInstance(Constructor.java:423)
	at ptolemy.util.test.junit.AutoKnownFailedTests.RunModel(AutoKnownFailedTests.java:105)
	at sun.reflect.NativeMethodAccessorImpl.invoke0(Native Method)
	at sun.reflect.NativeMethodAccessorImpl.invoke(NativeMethodAccessorImpl.java:62)
	at sun.reflect.DelegatingMethodAccessorImpl.invoke(DelegatingMethodAccessorImpl.java:43)
	at java.lang.reflect.Method.invoke(Method.java:498)
	at org.junit.runners.model.FrameworkMethod$1.runReflectiveCall(FrameworkMethod.java:44)
	at org.junit.internal.runners.model.ReflectiveCallable.run(ReflectiveCallable.java:15)
	at org.junit.runners.model.FrameworkMethod.invokeExplosively(FrameworkMethod.java:41)
	at junitparams.internal.InvokeParameterisedMethod.evaluate(InvokeParameterisedMethod.java:102)
	at org.junit.internal.runners.statements.FailOnTimeout$1.run(FailOnTimeout.java:28)
Caused by: ptolemy.kernel.util.IllegalActionException: SubscriptionAggregatorPorts cannot be used at the top level, use a SubscriptionAggregator actor instead.
  in .PublisherSubscriptionAggregatorPort.SubscriptionAggregatorPort
	at ptolemy.actor.SubscriptionAggregatorPort.preinitialize(SubscriptionAggregatorPort.java:353)
	at ptolemy.actor.CompositeActor.preinitialize(CompositeActor.java:1769)
	at ptolemy.actor.Manager.preinitializeAndResolveTypes(Manager.java:1040)
	at ptolemy.actor.Manager.initialize(Manager.java:710)
	at ptolemy.actor.Manager.execute(Manager.java:356)
	at ptolemy.actor.Manager.run(Manager.java:1263)
	at ptolemy.actor.Manager$PtolemyRunThread.run(Manager.java:1915)
java.lang.RuntimeException: Execution failed
	at ptolemy.moml.MoMLSimpleApplication$UnloadThread.run(MoMLSimpleApplication.java:402)
Caused by: ptolemy.kernel.util.IllegalActionException: TypeTest actor has no training data.
  in .sizedarray3.TypeTest
	at ptolemy.actor.lib.TypeTest.initialize(TypeTest.java:250)
	at ptolemy.actor.Director.initialize(Director.java:938)
	at ptolemy.actor.Director.initialize(Director.java:907)
	at ptolemy.actor.sched.StaticSchedulingDirector.initialize(StaticSchedulingDirector.java:159)
	at ptolemy.domains.sdf.kernel.SDFDirector.initialize(SDFDirector.java:544)
	at ptolemy.actor.CompositeActor.initialize(CompositeActor.java:935)
	at ptolemy.actor.Manager.initialize(Manager.java:724)
	at ptolemy.actor.Manager.execute(Manager.java:356)
	at ptolemy.actor.Manager.run(Manager.java:1263)
	at ptolemy.actor.Manager$PtolemyRunThread.run(Manager.java:1915)
java.lang.reflect.InvocationTargetException
	at sun.reflect.NativeConstructorAccessorImpl.newInstance0(Native Method)
	at sun.reflect.NativeConstructorAccessorImpl.newInstance(NativeConstructorAccessorImpl.java:62)
	at sun.reflect.DelegatingConstructorAccessorImpl.newInstance(DelegatingConstructorAccessorImpl.java:45)
	at java.lang.reflect.Constructor.newInstance(Constructor.java:423)
	at ptolemy.util.test.junit.AutoKnownFailedTests.RunModel(AutoKnownFailedTests.java:105)
	at sun.reflect.NativeMethodAccessorImpl.invoke0(Native Method)
	at sun.reflect.NativeMethodAccessorImpl.invoke(NativeMethodAccessorImpl.java:62)
	at sun.reflect.DelegatingMethodAccessorImpl.invoke(DelegatingMethodAccessorImpl.java:43)
	at java.lang.reflect.Method.invoke(Method.java:498)
	at org.junit.runners.model.FrameworkMethod$1.runReflectiveCall(FrameworkMethod.java:44)
	at org.junit.internal.runners.model.ReflectiveCallable.run(ReflectiveCallable.java:15)
	at org.junit.runners.model.FrameworkMethod.invokeExplosively(FrameworkMethod.java:41)
	at junitparams.internal.InvokeParameterisedMethod.evaluate(InvokeParameterisedMethod.java:102)
	at org.junit.internal.runners.statements.FailOnTimeout$1.run(FailOnTimeout.java:28)
Caused by: ptolemy.kernel.util.IllegalActionException: TypeTest actor has no training data.
  in .sizedarray3.TypeTest
	at ptolemy.actor.lib.TypeTest.initialize(TypeTest.java:250)
	at ptolemy.actor.Director.initialize(Director.java:938)
	at ptolemy.actor.Director.initialize(Director.java:907)
	at ptolemy.actor.sched.StaticSchedulingDirector.initialize(StaticSchedulingDirector.java:159)
	at ptolemy.domains.sdf.kernel.SDFDirector.initialize(SDFDirector.java:544)
	at ptolemy.actor.CompositeActor.initialize(CompositeActor.java:935)
	at ptolemy.actor.Manager.initialize(Manager.java:724)
	at ptolemy.actor.Manager.execute(Manager.java:356)
	at ptolemy.actor.Manager.run(Manager.java:1263)
	at ptolemy.actor.Manager$PtolemyRunThread.run(Manager.java:1915)
]]></system-err>
</testsuite>
