<?xml version="1.0" encoding="UTF-8" ?>
<testsuite errors="0" failures="0" hostname="travis-job-5bc0a361-03a5-4e13-a0a7-ad4b15ab5f73" name="ptolemy.domains.de.test.junit.JUnitTclTest" skipped="0" tests="101" time="138.372" timestamp="2019-09-01T05:30:47">
  <properties>
    <property name="npm.executable" value="npm" />
    <property name="env.TRAVIS_ROOT" value="/" />
    <property name="ptII.mk.exists" value="true" />
    <property name="env.TRAVIS_APP_HOST" value="build.travis-ci.org" />
    <property name="env.rvm_bin_path" value="/home/travis/.rvm/bin" />
    <property name="java.home" value="/usr/local/lib/jvm/openjdk11" />
    <property name="env.TRAVIS_JOB_NUMBER" value="1314.9" />
    <property name="env.TRAVIS_HOME" value="/home/travis" />
    <property name="env.DISPLAY" value=":99.0" />
    <property name="env.TRAVIS_INIT" value="systemd" />
    <property name="env.SSH_TTY" value="/dev/pts/0" />
    <property name="java.net.preferIPv4Stack" value="true" />
    <property name="env.RUN_TESTS" value="true" />
    <property name="timeout.short" value="1000000" />
    <property name="junit.formatter" value="xml" />
    <property name="env.TRAVIS_SUDO" value="true" />
    <property name="env.TRAVIS_JOB_NAME" value="" />
    <property name="env.TRAVIS_STACK_NODE_ATTRIBUTES" value="/.node-attributes.yml" />
    <property name="env.LOGNAME" value="travis" />
    <property name="jsdoc.home" value="node_modules/@terraswarm/jsdoc" />
    <property name="debuglevel" value="source,lines,vars" />
    <property name="checkstyle.formatter" value="xml" />
    <property name="env._system_version" value="16.04" />
    <property name="bin.vergil.makeable" value="true" />
    <property name="sun.os.patch.level" value="unknown" />
    <property name="java.vendor.url" value="http://java.oracle.com/" />
    <property name="env.TRAVIS_BUILD_WEB_URL" value="https://travis-ci.org/icyphy/ptII/builds/579340529" />
    <property name="java.version" value="11.0.2" />
    <property name="env.TZ" value="UTC" />
    <property name="env.TRAVIS_PULL_REQUEST_SHA" value="" />
    <property name="env.PT_NO_NET" value="true" />
    <property name="env.TRAVIS_SECURE_ENV_VARS" value="true" />
    <property name="env._system_type" value="Linux" />
    <property name="java.vendor.url.bug" value="http://bugreport.java.com/bugreport/" />
    <property name="npmjs-org-is-up" value="true" />
    <property name="env.LANGUAGE" value="en_US.UTF-8" />
    <property name="env.SSH_CLIENT" value="10.24.0.43 43898 22" />
    <property name="env.GEM_HOME" value="/home/travis/.rvm/gems/ruby-2.5.3" />
    <property name="env.HAS_ANTARES_THREE_LITTLE_FRONZIES_BADGE" value="true" />
    <property name="java.version.date" value="2019-01-15" />
    <property name="env.PS4" value="+" />
    <property name="ant.project.invoked-targets" value="build,test.core2.xml" />
    <property name="env.TRAVIS_PULL_REQUEST_BRANCH" value="" />
    <property name="env.TRAVIS_REPO_SLUG" value="icyphy/ptII" />
    <property name="env.XDG_DATA_DIRS" value="/usr/local/share:/usr/share:/var/lib/snapd/desktop" />
    <property name="jdk.debug" value="release" />
    <property name="env.TRAVIS_APT_PROXY" value="http://apt.cache.travis-ci.com" />
    <property name="node.in.path" value="true" />
    <property name="user.name" value="travis" />
    <property name="java.maxmemory" value="1400m" />
    <property name="env.RUBY_VERSION" value="ruby-2.5.3" />
    <property name="env.LANG" value="en_US.UTF-8" />
    <property name="sun.io.unicode.encoding" value="UnicodeLittle" />
    <property name="sun.jnu.encoding" value="UTF-8" />
    <property name="java.runtime.name" value="OpenJDK Runtime Environment" />
    <property name="usefile" value="false" />
    <property name="return.code" value="0" />
    <property name="junit.single.formatter" value="plain" />
    <property name="env.DYLD_LIBRARY_PATH" value="/home/travis/pthla/certi-tools/lib:" />
    <property name="env.DEBIAN_FRONTEND" value="noninteractive" />
    <property name="env.SSH_CONNECTION" value="10.24.0.43 43898 10.20.0.184 22" />
    <property name="env.MYSQL_UNIX_PORT" value="/var/run/mysqld/mysqld.sock" />
    <property name="env.LC_ALL" value="en_US.UTF-8" />
    <property name="env.TRAVIS_ALLOW_FAILURE" value="false" />
    <property name="env.TRAVIS_JOB_WEB_URL" value="https://travis-ci.org/icyphy/ptII/jobs/579340538" />
    <property name="java.specification.name" value="Java Platform API Specification" />
    <property name="node.works" value="true" />
    <property name="user.timezone" value="" />
    <property name="path.separator" value=":" />
    <property name="env.TRAVIS_ENABLE_INFRA_DETECTION" value="true" />
    <property name="env.PYTHON_CFLAGS" value="-g -fstack-protector --param=ssp-buffer-size=4 -Wformat -Werror=format-security" />
    <property name="timeout.long" value="4000000" />
    <property name="env.CERTI_HOME" value="/home/travis/pthla/certi-tools" />
    <property name="ant.file.ptII" value="/home/travis/build/icyphy/ptII/build.xml" />
    <property name="javadoc.packagenames" value="com.*,diva.*,lbnl.*,org.hlacerti.*,org.json.*,org.ptolemy.*,org.terraswarm.*,ptolemy.*,ptserver.*" />
    <property name="file.encoding" value="UTF-8" />
    <property name="env.TRAVIS_PULL_REQUEST_SLUG" value="" />
    <property name="ant.project.default-target" value="build" />
    <property name="env.GIT_ASKPASS" value="echo" />
    <property name="env.HOME" value="/home/travis" />
    <property name="sun.java.command" value="org.apache.tools.ant.taskdefs.optional.junit.JUnitTestRunner ptolemy.domains.de.test.junit.JUnitTclTest skipNonTests=false filtertrace=true haltOnError=false haltOnFailure=false formatter=org.apache.tools.ant.taskdefs.optional.junit.OutErrSummaryJUnitResultFormatter showoutput=true outputtoformatters=true logfailedtests=true threadid=0 logtestlistenerevents=false formatter=org.apache.tools.ant.taskdefs.optional.junit.XMLJUnitResultFormatter,/home/travis/build/icyphy/ptII/reports/junit/TEST-ptolemy.domains.de.test.junit.JUnitTclTest.xml crashfile=/home/travis/build/icyphy/ptII/junitvmwatcher2732108684717667818.properties propsfile=/home/travis/build/icyphy/ptII/junit12996056950460819891.properties" />
    <property name="env.COMPOSER_NO_INTERACTION" value="1" />
    <property name="env.MANPATH" value="/home/travis/.nvm/versions/node/v7.10.1/share/man:/home/travis/.rvm/rubies/ruby-2.5.3/share/man:/usr/local/cmake-3.12.4/man:/usr/local/clang-7.0.0/share/man:/usr/local/man:/usr/local/share/man:/usr/share/man:/home/travis/.rvm/man" />
    <property name="env.TRAVIS_TIMER_ID" value="025dec00" />
    <property name="ant.file" value="/home/travis/build/icyphy/ptII/build.xml" />
    <property name="env.TRAVIS_COMMIT_RANGE" value="42e172ae347fdc5d0e580488fa33ff6bc00cac99...f9c12c6b2ccbd758ceec4e9ffc44e2f31da246f0" />
    <property name="env._system_name" value="Ubuntu" />
    <property name="ptII.classpath.optional.property" value="/home/travis/build/icyphy/ptII/lib/bsh-2.0b4.jar:/home/travis/build/icyphy/ptII/lib/ptCal.jar:/home/travis/build/icyphy/ptII/lib/java_cup.jar:/home/travis/build/icyphy/ptII/lib/saxon8.jar:/home/travis/build/icyphy/ptII/lib/saxon8-dom.jar:/home/travis/build/icyphy/ptII/lib/chic.jar:/home/travis/build/icyphy/ptII/lib/ptcolt.jar:/home/travis/build/icyphy/ptII/vendors/misc/itext/iText.jar:/home/travis/build/icyphy/ptII/lib/g4ltl.jar:/home/travis/build/icyphy/ptII/lib/StructuralCoder.jar:/home/travis/build/icyphy/ptII/lib/jcerti.jar:/home/travis/build/icyphy/ptII/lib/javax.mail.jar:/home/travis/build/icyphy/ptII/vendors/JMF-2.1.1e/lib/jmf.jar:/home/travis/build/icyphy/ptII/lib/jna-4.0.0-variadic.jar:/home/travis/build/icyphy/ptII/vendors/misc/joystick/Joystick.jar:/home/travis/build/icyphy/ptII/lib/ptjacl.jar:/home/travis/build/icyphy/ptII/lib/jsoup-1.8.2.jar:/home/travis/build/icyphy/ptII/lib/junit-4.8.2.jar:/home/travis/build/icyphy/ptII/lib/JUnitParams-0.4.0.jar:/home/travis/build/icyphy/ptII/ptolemy/actor/lib/excel/jxl.jar:/home/travis/build/icyphy/ptII/lib/jython.jar:/home/travis/build/icyphy/ptII/lib/kieler.jar:/home/travis/build/icyphy/ptII/vendors/opencv/share/OpenCV/java/opencv-341.jar:/home/travis/build/icyphy/ptII/lib/oscP5.jar:/home/travis/build/icyphy/ptII/lib/nrjavaserial-3.11.0.devel.jar:/home/travis/build/icyphy/ptII/vendors/j3d/lib/Linux/j3dcore.jar:/home/travis/build/icyphy/ptII/vendors/j3d/lib/Linux/j3dutils.jar:/home/travis/build/icyphy/ptII/vendors/j3d/lib/Linux/vecmath.jar:/home/travis/build/icyphy/ptII/vendors/jogl/lib/Linux/gluegen-rt-natives-linux-amd64.jar:/home/travis/build/icyphy/ptII/vendors/jogl/lib/Linux/gluegen-rt.jar:/home/travis/build/icyphy/ptII/vendors/jogl/lib/Linux/jogl-all-natives-linux-amd64.jar:/home/travis/build/icyphy/ptII/vendors/jogl/lib/Linux/jogl-all.jar:/home/travis/build/icyphy/ptII/ptolemy/distributed/jini/jar/jini-core.jar:/home/travis/build/icyphy/ptII/ptolemy/distributed/jini/jar/jini-ext.jar:/home/travis/build/icyphy/ptII/ptolemy/distributed/jini/jar/sun-util.jar:/home/travis/build/icyphy/ptII/lib/protobuf-java-2.4.1.jar:/home/travis/build/icyphy/ptII/lib/org.eclipse.paho.client.mqttv3.jar:/home/travis/build/icyphy/ptII/lib/mapss.jar:/home/travis/build/icyphy/ptII/ptolemy/actor/ptalon/antlr/antlr.jar:/home/travis/build/icyphy/ptII/lib/JRI.jar:/home/travis/build/icyphy/ptII/lib/commons-lang-2.6.jar:/home/travis/build/icyphy/ptII/lib/commons-logging-1.1.1.jar:/home/travis/build/icyphy/ptII/lib/sootclasses.jar:/home/travis/build/icyphy/ptII/ptolemy/actor/lib/database/mysql-connector-java-5.1.6-bin.jar:/home/travis/build/icyphy/ptII/vendors/misc/sphinx4/sphinx4-data-5prealpha.jar:/home/travis/build/icyphy/ptII/vendors/misc/sphinx4/sphinx4-core-5prealpha.jar:/home/travis/build/icyphy/ptII/lib/PDFRenderer.jar:/home/travis/build/icyphy/ptII/lib/svgSalamander.jar:/home/travis/build/icyphy/ptII/lib/rsyntaxtextarea-2.6.0-SNAPSHOT.jar:/home/travis/build/icyphy/ptII/lib/hazelcast-3.8.2.jar:/home/travis/build/icyphy/ptII/lib/jackson-annotations-2.9.0.jar:/home/travis/build/icyphy/ptII/lib/jackson-core-2.9.3.jar:/home/travis/build/icyphy/ptII/lib/jackson-databind-2.9.3.jar:/home/travis/build/icyphy/ptII/lib/netty-buffer-4.1.19.Final.jar:/home/travis/build/icyphy/ptII/lib/netty-codec-4.1.19.Final.jar:/home/travis/build/icyphy/ptII/lib/netty-codec-dns-4.1.19.Final.jar:/home/travis/build/icyphy/ptII/lib/netty-codec-http-4.1.19.Final.jar:/home/travis/build/icyphy/ptII/lib/netty-codec-http2-4.1.19.Final.jar:/home/travis/build/icyphy/ptII/lib/netty-common-4.1.19.Final.jar:/home/travis/build/icyphy/ptII/lib/netty-handler-4.1.19.Final.jar:/home/travis/build/icyphy/ptII/lib/netty-resolver-4.1.19.Final.jar:/home/travis/build/icyphy/ptII/lib/netty-resolver-dns-4.1.19.Final.jar:/home/travis/build/icyphy/ptII/lib/netty-transport-4.1.19.Final.jar:/home/travis/build/icyphy/ptII/lib/vertx-codegen-3.5.1.jar:/home/travis/build/icyphy/ptII/lib/vertx-core-3.5.2-SNAPSHOT.jar:/home/travis/build/icyphy/ptII/lib/vertx-hazelcast-3.5.1.jar:/home/travis/build/icyphy/ptII/lib/vertx-lang-js-3.5.1.jar:/home/travis/build/icyphy/ptII/lib/vertx-service-proxy-3.5.1.jar:/home/travis/build/icyphy/ptII/lib/vertx-web-3.5.1.jar:/home/travis/build/icyphy/ptII/lib/slf4j-api-1.7.13.jar:/home/travis/build/icyphy/ptII/lib/slf4j-simple-1.7.13.jar:/home/travis/build/icyphy/ptII/lib/webcam-capture-0.3.12.jar:/home/travis/build/icyphy/ptII/lib/bridj-0.7.0.jar:/home/travis/build/icyphy/ptII/lib/xbjlib-1.1.0.nrjavaserial.jar" />
    <property name="timeout" value="2400000" />
    <property name="test.batch" value="**/junit/*.java" />
    <property name="env._" value="/usr/bin/timeout" />
    <property name="java.io.tmpdir" value="/tmp" />
    <property name="user.language" value="en" />
    <property name="env.TRAVIS_INTERNAL_RUBY_REGEX" value="^ruby-(2\.[0-4]\.[0-9]|1\.9\.3)" />
    <property name="env.HISTCONTROL" value="ignoredups:ignorespace" />
    <property name="env.GOROOT" value="/home/travis/.gimme/versions/go1.11.1.linux.amd64" />
    <property name="line.separator" value="&#xa;" />
    <property name="target" value="11" />
    <property name="env.TRAVIS_BUILD_DIR" value="/home/travis/build/icyphy/ptII" />
    <property name="env.ANT_OPTS" value="-Xmx2048m" />
    <property name="ant.file.type" value="file" />
    <property name="ptolemy.ptII.batchMode" value="true" />
    <property name="env.HISTSIZE" value="1000" />
    <property name="env.MERB_ENV" value="test" />
    <property name="java.vm.info" value="mixed mode" />
    <property name="source" value="11" />
    <property name="java.vm.specification.name" value="Java Virtual Machine Specification" />
    <property name="env.TRAVIS_TEST_RESULT" value="0" />
    <property name="jsdoc.command" value="node_modules/@terraswarm/jsdoc/jsdoc.js" />
    <property name="npm.works" value="true" />
    <property name="cobertura.dir" value="/home/travis/build/icyphy/ptII/vendors/cobertura-2.0.3" />
    <property name="jsdoc.command.exists" value="true" />
    <property name="env.rvm_path" value="/home/travis/.rvm" />
    <property name="env.GEM_PATH" value="/home/travis/.rvm/gems/ruby-2.5.3:/home/travis/.rvm/gems/ruby-2.5.3@global" />
    <property name="env.LC_CTYPE" value="en_US.UTF-8" />
    <property name="env.TRAVIS_CMD" value="$PTII/bin/ptIITravisBuild.sh $SECONDS" />
    <property name="java.awt.printerjob" value="sun.print.PSPrinterJob" />
    <property name="env.TRAVIS_STACK_NAME" value="sardonyx" />
    <property name="env.TRAVIS_TIMER_START_TIME" value="1567315602569035432" />
    <property name="ant.version" value="Apache Ant(TM) version 1.10.1 compiled on February 2 2017" />
    <property name="ptII.reports" value="/home/travis/build/icyphy/ptII/reports" />
    <property name="env.TRAVIS_STACK_TIMESTAMP" value="2019-03-25 16:16:56 UTC" />
    <property name="ant.file.type.ptII" value="file" />
    <property name="env.RBENV_SHELL" value="bash" />
    <property name="os.name" value="Linux" />
    <property name="java.specification.vendor" value="Oracle Corporation" />
    <property name="env.rvm_version" value="1.29.7 (latest)" />
    <property name="env.TRAVIS_INFRA" value="unknown" />
    <property name="env.TERM" value="xterm" />
    <property name="java.vm.name" value="OpenJDK 64-Bit Server VM" />
    <property name="env.TRAVIS_BUILD_NUMBER" value="1314" />
    <property name="env.CI" value="true" />
    <property name="java.library.path" value="/home/travis/pthla/certi-tools/lib:/usr/lib/jni:/usr/local/share/OpenCV/java/:/usr/share/OpenCV/java::/usr/java/packages/lib:/usr/lib64:/lib64:/lib:/usr/lib" />
    <property name="jdk.module.path" value="/home/travis/build/icyphy/ptII/vendors/javafx/javafx-sdk-11.0.2/lib:" />
    <property name="env.rvm_prefix" value="/home/travis" />
    <property name="env.PATH" value="/home/travis/pthla/certi-tools/share/scripts:/home/travis/.rvm/gems/ruby-2.5.3/bin:/home/travis/.rvm/gems/ruby-2.5.3@global/bin:/home/travis/.rvm/rubies/ruby-2.5.3/bin:/home/travis/.rvm/bin:/home/travis/.nvm/versions/node/v7.10.1/bin:./node_modules/.bin:/home/travis/build/icyphy/ptII/bin:/home/travis/pthla/certi-tools/bin:/home/travis/bin:/home/travis/.local/bin:/usr/local/lib/jvm/openjdk11/bin:/opt/pyenv/shims:/home/travis/.phpenv/shims:/home/travis/perl5/perlbrew/bin:/home/travis/gopath/bin:/home/travis/.gimme/versions/go1.11.1.linux.amd64/bin:/usr/local/maven-3.6.0/bin:/usr/local/cmake-3.12.4/bin:/usr/local/clang-7.0.0/bin:/usr/local/sbin:/usr/local/bin:/usr/sbin:/usr/bin:/sbin:/bin:/snap/bin:/home/travis/.phpenv/bin:/opt/pyenv/bin:/home/travis/.yarn/bin" />
    <property name="env.TRAVIS_OS_NAME" value="linux" />
    <property name="ant.java.version" value="9" />
    <property name="basedir" value="/home/travis/build/icyphy/ptII" />
    <property name="java.class.version" value="55.0" />
    <property name="env.SHLVL" value="3" />
    <property name="env.LD_LIBRARY_PATH" value="/home/travis/pthla/certi-tools/lib:/usr/lib/jni:/usr/local/share/OpenCV/java/:/usr/share/OpenCV/java:" />
    <property name="env.RACK_ENV" value="test" />
    <property name="ant.home" value="/home/travis/build/icyphy/ptII/ant" />
    <property name="env.NVM_DIR" value="/home/travis/.nvm" />
    <property name="env.CERTI_FOM_PATH" value="/home/travis/pthla/certi-tools/share/federations" />
    <property name="env.TRAVIS_BUILD_ID" value="579340529" />
    <property name="env.PYENV_ROOT" value="/opt/pyenv" />
    <property name="env.TRAVIS_UID" value="2000" />
    <property name="prism.verbose" value="true" />
    <property name="env.NVM_BIN" value="/home/travis/.nvm/versions/node/v7.10.1/bin" />
    <property name="env.TRAVIS_COMMIT" value="f9c12c6b2ccbd758ceec4e9ffc44e2f31da246f0" />
    <property name="env._system_arch" value="x86_64" />
    <property name="node.executable" value="node" />
    <property name="sun.boot.library.path" value="/usr/local/lib/jvm/openjdk11/lib" />
    <property name="sun.management.compiler" value="HotSpot 64-Bit Tiered Compilers" />
    <property name="java.awt.graphicsenv" value="sun.awt.X11GraphicsEnvironment" />
    <property name="env.GOPATH" value="/home/travis/gopath" />
    <property name="ptolemy.ptII.dir" value="/home/travis/build/icyphy/ptII" />
    <property name="env.USER" value="travis" />
    <property name="env.HISTFILESIZE" value="2000" />
    <property name="timeout.longest" value="19000000" />
    <property name="env.PERLBREW_SHELLRC_VERSION" value="0.86" />
    <property name="env.TRAVIS_STACK_FEATURES" value="basic couchdb disabled-ipv6 docker docker-compose elasticsearch firefox go-toolchain google-chrome jdk memcached mongodb mysql nodejs_interpreter perl_interpreter perlbrew phantomjs postgresql python_interpreter redis ruby_interpreter sqlite xserver" />
    <property name="env.TRAVIS_PULL_REQUEST" value="false" />
    <property name="env.PYENV_SHELL" value="bash" />
    <property name="ant.project.name" value="ptII" />
    <property name="env.ANSI_RESET" value="\033[0m" />
    <property name="java.vm.specification.version" value="11" />
    <property name="env.TRAVIS_DIST" value="xenial" />
    <property name="env.CERTI_VERSION" value="4.0.0" />
    <property name="env.CERTI_HOST" value="localhost" />
    <property name="awt.toolkit" value="sun.awt.X11.XToolkit" />
    <property name="env.MY_RUBY_HOME" value="/home/travis/.rvm/rubies/ruby-2.5.3" />
    <property name="sun.cpu.isalist" value="" />
    <property name="env.TRAVIS_TMPDIR" value="/tmp/tmp.OBoOA3vykz" />
    <property name="java.vm.compressedOopsMode" value="Zero based" />
    <property name="os.version" value="4.15.0-1028-gcp" />
    <property name="user.home" value="/home/travis" />
    <property name="java.vm.vendor" value="Oracle Corporation" />
    <property name="env.TRAVIS_TAG" value="nightly" />
    <property name="env.ANSI_YELLOW" value="\033[33;1m" />
    <property name="env.TRAVIS_FILTERED" value="redirect_io" />
    <property name="env.ANSI_GREEN" value="\033[32;1m" />
    <property name="env.JAVA_HOME" value="/usr/local/lib/jvm/openjdk11" />
    <property name="javadoc.excludepackagenames" value="adm.cvs2svn.*,build.*,config.*,doc.coding.templates.*,jni.test.jni.meaningOfLife.*,jni.test.jni.testDeux.*,jni.test.jni.testTrois.*,org.terraswarm.accessor.accessors.web.node_modules.*,org.terraswarm.accessor.accessors.web.hosts.cordova.demo.*,org.terraswarm.accessor.accessors.web.hosts.cordova.plugins.*,org.terraswarm.accessor.accessors-svn.*,pt-modules.*,ptolemy.apps.agilent.*,ptolemy.apps.anytimecontrol.*,ptolemy.apps.apes.*,ptolemy.apps.charon.*,ptolemy.apps.crazyboard.*,ptolemy.apps.eclipse.*,ptolemy.apps.etherealSting.*,ptolemy.apps.fullscreen.*,ptolemy.apps.giotto.*,ptolemy.apps.ia.*,ptolemy.apps.interfaces.*,ptolemy.apps.jmf.*,ptolemy.apps.kurt.*,ptolemy.apps.kvm.*,ptolemy.apps.lego.*,ptolemy.apps.lejos.*,ptolemy.apps.midp.*,ptolemy.apps.mobileCoding.*,ptolemy.apps.pendulum.*,ptolemy.apps.rijndael.*,ptolemy.apps.robot.*,ptolemy.apps.security.*,ptolemy.apps.sobel.*,ptolemy.apps.soot.*,ptolemy.apps.throttle.*,ptolemy.apps.tini.*,ptolemy.apps.transmission.*,ptolemy.apps.vergil.*,ptolemy.apps.waba.*,ptolemy.apps.websensor.*,ptolemy.apps.webstart.*,ptolemy.apps.xsl.*,ptolemy.apps.zaurus.*,ptolemy.codegen.c.actor.lib.oldJavaFiles.*,ptolemy.codegen.dsp.lib.*,ptolemy.codegen.kernel.newInterfaces.*,ptolemy.codegen.lib.*,ptolemy.copernicus.kernel.fragment.*,ptolemy.copernicus.shallow.cg.*,ptolemy.domains.giotto.demo.Hierarchy.Hierarchy.*,ptolemy.domains.giotto.demo.Multimode.Multimode.*,ptolemy.domains.giotto.demo.Simple.Simple.*,ptolemy.domains.gr.lib.experimental.*,ptolemy.domains.gro.*,ptolemy.domains.pdf.*,ptolemy.domains.ptinyos.demo.Surge.output.*,ptolemy.moml.test.NoPackageActor.java*,ptolemy.plot.adm.*,ptolemy.plot.servlet.*,reports.*,signed.*,src.*,target.*,vendors.*,ptolemy.copernicus.applet.*,ptolemy.media.viewer.*,ptolemy.actor.corba.*,doc.doclets.*,ptolemy.apps.eclipse.awt.*,ptolemy.backtrack.*,ptolemy.backtrack.ast.*,ptolemy.cg.adapter.generic.program.procedural.c.mbed*,ptolemy.homer.*,ptolemy.actor.lib.jai.*,org.ptolemy.scala.*,diva.util.java2d.svg.*,ptolemy.domains.ptinyos.*,ptolemy.actor.lib.fmi.fmipp.*,,org.terraswarm.accessor.accessors.web.node_modules.*,org.terraswarm.accessor.accessors-svn,ptolemy.apps.*,ptolemy.actor.ptalon.demo.ptinyos.SendAndReceiveCnt.output,ptolemy.actor.ptalon.demo.ptinyos.SenseToLeds.output,ptolemy.domains.ptinyos.demo.CntToLedsAndRfm.output,ptolemy.domains.ptinyos.demo.RfmToLeds.output,ptolemy.domains.ptinyos.demo.SendAndReceiveCnt.output,ptolemy.domains.ptinyos.demo.SenseToLeds.output,ptolemy.actor.lib.jjs.modules.udpSocket.*" />
    <property name="env.PTII" value="/home/travis/build/icyphy/ptII" />
    <property name="env.XDG_SESSION_ID" value="2" />
    <property name="keystore" value="ptKeystore" />
    <property name="env.TRAVIS_COMMIT_MESSAGE" value="Removed mention of svn." />
    <property name="junit.output.dir" value="/home/travis/build/icyphy/ptII/reports/junit" />
    <property name="npm.return.code" value="0" />
    <property name="user.dir" value="/home/travis/build/icyphy/ptII/ptolemy/domains/de/test" />
    <property name="env.TRAVIS_NODE_VERSION" value="7" />
    <property name="env.TRAVIS_EVENT_TYPE" value="cron" />
    <property name="env.MAIL" value="/var/mail/travis" />
    <property name="env.PERLBREW_ROOT" value="/home/travis/perl5/perlbrew" />
    <property name="env.PWD" value="/home/travis/build/icyphy/ptII" />
    <property name="timeout.npm" value="45000" />
    <property name="env.PT_TRAVIS_TEST_CORE2_XML" value="true" />
    <property name="env.TRAVIS_ARCH" value="amd64" />
    <property name="sun.cpu.endian" value="little" />
    <property name="env.PAGER" value="cat" />
    <property name="env.TRAVIS_BUILD_STAGE_NAME" value="Test" />
    <property name="env.PERLBREW_HOME" value="/home/travis/.perlbrew" />
    <property name="java.vm.version" value="11.0.2+9" />
    <property name="env.RAILS_ENV" value="test" />
    <property name="java.class.path" value="/home/travis/build/icyphy/ptII:/home/travis/build/icyphy/ptII/lib/bsh-2.0b4.jar:/home/travis/build/icyphy/ptII/lib/ptCal.jar:/home/travis/build/icyphy/ptII/lib/java_cup.jar:/home/travis/build/icyphy/ptII/lib/saxon8.jar:/home/travis/build/icyphy/ptII/lib/saxon8-dom.jar:/home/travis/build/icyphy/ptII/lib/chic.jar:/home/travis/build/icyphy/ptII/lib/ptcolt.jar:/home/travis/build/icyphy/ptII/vendors/misc/itext/iText.jar:/home/travis/build/icyphy/ptII/lib/g4ltl.jar:/home/travis/build/icyphy/ptII/lib/StructuralCoder.jar:/home/travis/build/icyphy/ptII/lib/jcerti.jar:/home/travis/build/icyphy/ptII/lib/javax.mail.jar:/home/travis/build/icyphy/ptII/vendors/JMF-2.1.1e/lib/jmf.jar:/home/travis/build/icyphy/ptII/lib/jna-4.0.0-variadic.jar:/home/travis/build/icyphy/ptII/vendors/misc/joystick/Joystick.jar:/home/travis/build/icyphy/ptII/lib/ptjacl.jar:/home/travis/build/icyphy/ptII/lib/jsoup-1.8.2.jar:/home/travis/build/icyphy/ptII/lib/junit-4.8.2.jar:/home/travis/build/icyphy/ptII/lib/JUnitParams-0.4.0.jar:/home/travis/build/icyphy/ptII/ptolemy/actor/lib/excel/jxl.jar:/home/travis/build/icyphy/ptII/lib/jython.jar:/home/travis/build/icyphy/ptII/lib/kieler.jar:/home/travis/build/icyphy/ptII/vendors/opencv/share/OpenCV/java/opencv-341.jar:/home/travis/build/icyphy/ptII/lib/oscP5.jar:/home/travis/build/icyphy/ptII/lib/nrjavaserial-3.11.0.devel.jar:/home/travis/build/icyphy/ptII/vendors/j3d/lib/Linux/j3dcore.jar:/home/travis/build/icyphy/ptII/vendors/j3d/lib/Linux/j3dutils.jar:/home/travis/build/icyphy/ptII/vendors/j3d/lib/Linux/vecmath.jar:/home/travis/build/icyphy/ptII/vendors/jogl/lib/Linux/gluegen-rt-natives-linux-amd64.jar:/home/travis/build/icyphy/ptII/vendors/jogl/lib/Linux/gluegen-rt.jar:/home/travis/build/icyphy/ptII/vendors/jogl/lib/Linux/jogl-all-natives-linux-amd64.jar:/home/travis/build/icyphy/ptII/vendors/jogl/lib/Linux/jogl-all.jar:/home/travis/build/icyphy/ptII/ptolemy/distributed/jini/jar/jini-core.jar:/home/travis/build/icyphy/ptII/ptolemy/distributed/jini/jar/jini-ext.jar:/home/travis/build/icyphy/ptII/ptolemy/distributed/jini/jar/sun-util.jar:/home/travis/build/icyphy/ptII/lib/protobuf-java-2.4.1.jar:/home/travis/build/icyphy/ptII/lib/org.eclipse.paho.client.mqttv3.jar:/home/travis/build/icyphy/ptII/lib/mapss.jar:/home/travis/build/icyphy/ptII/ptolemy/actor/ptalon/antlr/antlr.jar:/home/travis/build/icyphy/ptII/lib/JRI.jar:/home/travis/build/icyphy/ptII/lib/commons-lang-2.6.jar:/home/travis/build/icyphy/ptII/lib/commons-logging-1.1.1.jar:/home/travis/build/icyphy/ptII/lib/sootclasses.jar:/home/travis/build/icyphy/ptII/ptolemy/actor/lib/database/mysql-connector-java-5.1.6-bin.jar:/home/travis/build/icyphy/ptII/vendors/misc/sphinx4/sphinx4-data-5prealpha.jar:/home/travis/build/icyphy/ptII/vendors/misc/sphinx4/sphinx4-core-5prealpha.jar:/home/travis/build/icyphy/ptII/lib/PDFRenderer.jar:/home/travis/build/icyphy/ptII/lib/svgSalamander.jar:/home/travis/build/icyphy/ptII/lib/rsyntaxtextarea-2.6.0-SNAPSHOT.jar:/home/travis/build/icyphy/ptII/lib/hazelcast-3.8.2.jar:/home/travis/build/icyphy/ptII/lib/jackson-annotations-2.9.0.jar:/home/travis/build/icyphy/ptII/lib/jackson-core-2.9.3.jar:/home/travis/build/icyphy/ptII/lib/jackson-databind-2.9.3.jar:/home/travis/build/icyphy/ptII/lib/netty-buffer-4.1.19.Final.jar:/home/travis/build/icyphy/ptII/lib/netty-codec-4.1.19.Final.jar:/home/travis/build/icyphy/ptII/lib/netty-codec-dns-4.1.19.Final.jar:/home/travis/build/icyphy/ptII/lib/netty-codec-http-4.1.19.Final.jar:/home/travis/build/icyphy/ptII/lib/netty-codec-http2-4.1.19.Final.jar:/home/travis/build/icyphy/ptII/lib/netty-common-4.1.19.Final.jar:/home/travis/build/icyphy/ptII/lib/netty-handler-4.1.19.Final.jar:/home/travis/build/icyphy/ptII/lib/netty-resolver-4.1.19.Final.jar:/home/travis/build/icyphy/ptII/lib/netty-resolver-dns-4.1.19.Final.jar:/home/travis/build/icyphy/ptII/lib/netty-transport-4.1.19.Final.jar:/home/travis/build/icyphy/ptII/lib/vertx-codegen-3.5.1.jar:/home/travis/build/icyphy/ptII/lib/vertx-core-3.5.2-SNAPSHOT.jar:/home/travis/build/icyphy/ptII/lib/vertx-hazelcast-3.5.1.jar:/home/travis/build/icyphy/ptII/lib/vertx-lang-js-3.5.1.jar:/home/travis/build/icyphy/ptII/lib/vertx-service-proxy-3.5.1.jar:/home/travis/build/icyphy/ptII/lib/vertx-web-3.5.1.jar:/home/travis/build/icyphy/ptII/lib/slf4j-api-1.7.13.jar:/home/travis/build/icyphy/ptII/lib/slf4j-simple-1.7.13.jar:/home/travis/build/icyphy/ptII/lib/webcam-capture-0.3.12.jar:/home/travis/build/icyphy/ptII/lib/bridj-0.7.0.jar:/home/travis/build/icyphy/ptII/lib/xbjlib-1.1.0.nrjavaserial.jar:/home/travis/build/icyphy/ptII/ptolemy/moml/test:/home/travis/build/icyphy/ptII/ant/lib/ant-launcher.jar:/home/travis/build/icyphy/ptII/ant/lib/ant.jar:/home/travis/build/icyphy/ptII/ant/lib/ant-junit.jar:/home/travis/build/icyphy/ptII/ant/lib/ant-junit4.jar" />
    <property name="ant.library.dir" value="/home/travis/build/icyphy/ptII/ant/lib" />
    <property name="os.arch" value="amd64" />
    <property name="env.CONTINUOUS_INTEGRATION" value="true" />
    <property name="env.TRAVIS_LANGUAGE" value="node_js" />
    <property name="env.TRAVIS_STACK_LANGUAGES" value="__sardonyx__ c c++ clojure cplusplus cpp default generic go groovy java node_js php pure_java python ruby scala" />
    <property name="test.name" value="ptolemy.actor.lib.test.junit.JUnitTclTest" />
    <property name="env.APT_KEY_DONT_WARN_ON_DANGEROUS_USAGE" value="1" />
    <property name="sun.java.launcher" value="SUN_STANDARD" />
    <property name="env.PYTHON_CONFIGURE_OPTS" value="--enable-unicode=ucs4 --with-wide-unicode --enable-shared --enable-ipv6 --enable-loadable-sqlite-extensions --with-computed-gotos" />
    <property name="ant.core.lib" value="/home/travis/build/icyphy/ptII/ant/lib/ant.jar" />
    <property name="java.vm.specification.vendor" value="Oracle Corporation" />
    <property name="env.BCVTB_HOME" value="/home/travis/build/icyphy/ptII/lbnl" />
    <property name="file.separator" value="/" />
    <property name="spotbugs.home" value="/home/travis/build/icyphy/ptII/vendors/spotbugs-3.1.1" />
    <property name="java.runtime.version" value="11.0.2+9" />
    <property name="env.ANSI_CLEAR" value="\033[0K" />
    <property name="javafx.verbose" value="true" />
    <property name="env.HAS_JOSH_K_SEAL_OF_APPROVAL" value="true" />
    <property name="env.XDG_RUNTIME_DIR" value="/run/user/2000" />
    <property name="env.TRAVIS_OSX_IMAGE" value="" />
    <property name="env.TRAVIS_JOB_ID" value="579340538" />
    <property name="env.TRAVIS_BRANCH" value="master" />
    <property name="user.country" value="US" />
    <property name="env.CERTI_HOME_TRAVIS" value="/home/travis/pthla/certi-tools" />
    <property name="env.SHELL" value="/bin/bash" />
    <property name="java.maxmemory.large" value="3200m" />
    <property name="model" value="" />
    <property name="env.CASHER_DIR" value="/home/travis/.casher" />
    <property name="env.NVM_CD_FLAGS" value="" />
    <property name="java.vendor.version" value="18.9" />
    <property name="jshint.executable" value="/home/travis/node_modules/jshint/bin/jshint" />
    <property name="env.JRUBY_OPTS" value=" --client -J-XX:+TieredCompilation -J-XX:TieredStopAtLevel=1 -J-Xss2m -Xcompile.invokedynamic=false" />
    <property name="java.vendor" value="Oracle Corporation" />
    <property name="env.TRAVIS_PRE_CHEF_BOOTSTRAP_TIME" value="2019-03-25T16:16:42" />
    <property name="env.TRAVIS_STACK_JOB_BOARD_REGISTER" value="/.job-board-register.yml" />
    <property name="env.ANSI_RED" value="\033[31;1m" />
    <property name="java.specification.version" value="11" />
    <property name="env.IRBRC" value="/home/travis/.rvm/rubies/ruby-2.5.3/.irbrc" />
    <property name="env.TRAVIS" value="true" />
    <property name="sun.arch.data.model" value="64" />
  </properties>
  <testcase classname="ptolemy.util.test.junit.TclTests" name="[0] /home/travis/build/icyphy/ptII/ptolemy/domains/de/test/DependencyLoop.tcl (RunTclFile)" time="1.081" />
  <testcase classname="ptolemy.util.test.junit.TclTests" name="[1] /home/travis/build/icyphy/ptII/ptolemy/domains/de/test/RunDETestsAsQSS.tcl (RunTclFile)" time="94.68" />
  <testcase classname="ptolemy.util.test.junit.AutoKnownFailedTests" name="[0] /home/travis/build/icyphy/ptII/ptolemy/domains/de/test/auto/knownFailedTests/DESDFClockTest.xml (RunModel)" time="2.046" />
  <testcase classname="ptolemy.util.test.junit.AutoKnownFailedTests" name="[1] /home/travis/build/icyphy/ptII/ptolemy/domains/de/test/auto/knownFailedTests/DirectFeedback.xml (RunModel)" time="0.018" />
  <testcase classname="ptolemy.util.test.junit.AutoKnownFailedTests" name="[2] /home/travis/build/icyphy/ptII/ptolemy/domains/de/test/auto/knownFailedTests/FSMSource.xml (RunModel)" time="0.024" />
  <testcase classname="ptolemy.util.test.junit.AutoKnownFailedTests" name="[3] /home/travis/build/icyphy/ptII/ptolemy/domains/de/test/auto/knownFailedTests/HierarchicalModel.xml (RunModel)" time="0.063" />
  <testcase classname="ptolemy.util.test.junit.AutoKnownFailedTests" name="[4] /home/travis/build/icyphy/ptII/ptolemy/domains/de/test/auto/knownFailedTests/dependencyLoop.xml (RunModel)" time="0.052" />
  <testcase classname="ptolemy.util.test.junit.AutoKnownFailedTests" name="[5] /home/travis/build/icyphy/ptII/ptolemy/domains/de/test/auto/knownFailedTests/dependencyLoop2.xml (RunModel)" time="0.048" />
  <testcase classname="ptolemy.util.test.junit.AutoNameArchTests" name="[0] ThereAreNoAutoArchTests (RunModel)" time="0.002" />
  <testcase classname="ptolemy.util.test.junit.AutoTests" name="[0] /home/travis/build/icyphy/ptII/ptolemy/domains/de/test/auto/ActorDepthCalculation_actorWithoutPorts.xml (RunModel)" time="0.02" />
  <testcase classname="ptolemy.util.test.junit.AutoTests" name="[1] /home/travis/build/icyphy/ptII/ptolemy/domains/de/test/auto/AssemblyLine.xml (RunModel)" time="0.025" />
  <testcase classname="ptolemy.util.test.junit.AutoTests" name="[2] /home/travis/build/icyphy/ptII/ptolemy/domains/de/test/auto/CQBug1.xml (RunModel)" time="0.013" />
  <testcase classname="ptolemy.util.test.junit.AutoTests" name="[3] /home/travis/build/icyphy/ptII/ptolemy/domains/de/test/auto/CancelFireAt.xml (RunModel)" time="0.017" />
  <testcase classname="ptolemy.util.test.junit.AutoTests" name="[4] /home/travis/build/icyphy/ptII/ptolemy/domains/de/test/auto/CausalityAndComposabilityAnalysis.xml (RunModel)" time="0.013" />
  <testcase classname="ptolemy.util.test.junit.AutoTests" name="[5] /home/travis/build/icyphy/ptII/ptolemy/domains/de/test/auto/CausalityInterface1.xml (RunModel)" time="0.018" />
  <testcase classname="ptolemy.util.test.junit.AutoTests" name="[6] /home/travis/build/icyphy/ptII/ptolemy/domains/de/test/auto/CausalityInterface15.xml (RunModel)" time="0.016" />
  <testcase classname="ptolemy.util.test.junit.AutoTests" name="[7] /home/travis/build/icyphy/ptII/ptolemy/domains/de/test/auto/CausalityInterface2.xml (RunModel)" time="0.017" />
  <testcase classname="ptolemy.util.test.junit.AutoTests" name="[8] /home/travis/build/icyphy/ptII/ptolemy/domains/de/test/auto/CausalityInterface3.xml (RunModel)" time="0.014" />
  <testcase classname="ptolemy.util.test.junit.AutoTests" name="[9] /home/travis/build/icyphy/ptII/ptolemy/domains/de/test/auto/ClockDrift.xml (RunModel)" time="0.038" />
  <testcase classname="ptolemy.util.test.junit.AutoTests" name="[10] /home/travis/build/icyphy/ptII/ptolemy/domains/de/test/auto/ClockDriftAndValueChange.xml (RunModel)" time="0.038" />
  <testcase classname="ptolemy.util.test.junit.AutoTests" name="[11] /home/travis/build/icyphy/ptII/ptolemy/domains/de/test/auto/ClockDriftChange.xml (RunModel)" time="0.035" />
  <testcase classname="ptolemy.util.test.junit.AutoTests" name="[12] /home/travis/build/icyphy/ptII/ptolemy/domains/de/test/auto/ComposableCausalityAnalysis.xml (RunModel)" time="0.016" />
  <testcase classname="ptolemy.util.test.junit.AutoTests" name="[13] /home/travis/build/icyphy/ptII/ptolemy/domains/de/test/auto/DEFixedPointLimitation.xml (RunModel)" time="0.013" />
  <testcase classname="ptolemy.util.test.junit.AutoTests" name="[14] /home/travis/build/icyphy/ptII/ptolemy/domains/de/test/auto/DEScheduleTest.xml (RunModel)" time="0.015" />
  <testcase classname="ptolemy.util.test.junit.AutoTests" name="[15] /home/travis/build/icyphy/ptII/ptolemy/domains/de/test/auto/DEinDEwithStartTimes.xml (RunModel)" time="0.016" />
  <testcase classname="ptolemy.util.test.junit.AutoTests" name="[16] /home/travis/build/icyphy/ptII/ptolemy/domains/de/test/auto/DEinDEwithStartTimes2.xml (RunModel)" time="0.024" />
  <testcase classname="ptolemy.util.test.junit.AutoTests" name="[17] /home/travis/build/icyphy/ptII/ptolemy/domains/de/test/auto/DateDemo.xml (RunModel)" time="0.038" />
  <testcase classname="ptolemy.util.test.junit.AutoTests" name="[18] /home/travis/build/icyphy/ptII/ptolemy/domains/de/test/auto/DateToEvent.xml (RunModel)" time="2.045" />
  <testcase classname="ptolemy.util.test.junit.AutoTests" name="[19] /home/travis/build/icyphy/ptII/ptolemy/domains/de/test/auto/DepthTest1.xml (RunModel)" time="0.008" />
  <testcase classname="ptolemy.util.test.junit.AutoTests" name="[20] /home/travis/build/icyphy/ptII/ptolemy/domains/de/test/auto/DepthTest2.xml (RunModel)" time="0.023" />
  <testcase classname="ptolemy.util.test.junit.AutoTests" name="[21] /home/travis/build/icyphy/ptII/ptolemy/domains/de/test/auto/DepthTest3.xml (RunModel)" time="0.018" />
  <testcase classname="ptolemy.util.test.junit.AutoTests" name="[22] /home/travis/build/icyphy/ptII/ptolemy/domains/de/test/auto/DepthTest4.xml (RunModel)" time="0.021" />
  <testcase classname="ptolemy.util.test.junit.AutoTests" name="[23] /home/travis/build/icyphy/ptII/ptolemy/domains/de/test/auto/DepthTest5.xml (RunModel)" time="0.018" />
  <testcase classname="ptolemy.util.test.junit.AutoTests" name="[24] /home/travis/build/icyphy/ptII/ptolemy/domains/de/test/auto/DepthTest6.xml (RunModel)" time="0.014" />
  <testcase classname="ptolemy.util.test.junit.AutoTests" name="[25] /home/travis/build/icyphy/ptII/ptolemy/domains/de/test/auto/DepthTest7.xml (RunModel)" time="0.019" />
  <testcase classname="ptolemy.util.test.junit.AutoTests" name="[26] /home/travis/build/icyphy/ptII/ptolemy/domains/de/test/auto/EventToDate.xml (RunModel)" time="3.04" />
  <testcase classname="ptolemy.util.test.junit.AutoTests" name="[27] /home/travis/build/icyphy/ptII/ptolemy/domains/de/test/auto/FSM1.xml (RunModel)" time="0.054" />
  <testcase classname="ptolemy.util.test.junit.AutoTests" name="[28] /home/travis/build/icyphy/ptII/ptolemy/domains/de/test/auto/FSM7.xml (RunModel)" time="0.043" />
  <testcase classname="ptolemy.util.test.junit.AutoTests" name="[29] /home/travis/build/icyphy/ptII/ptolemy/domains/de/test/auto/Inspection.xml (RunModel)" time="0.047" />
  <testcase classname="ptolemy.util.test.junit.AutoTests" name="[30] /home/travis/build/icyphy/ptII/ptolemy/domains/de/test/auto/Iteration.xml (RunModel)" time="0.024" />
  <testcase classname="ptolemy.util.test.junit.AutoTests" name="[31] /home/travis/build/icyphy/ptII/ptolemy/domains/de/test/auto/LineFault.xml (RunModel)" time="0.683" />
  <testcase classname="ptolemy.util.test.junit.AutoTests" name="[32] /home/travis/build/icyphy/ptII/ptolemy/domains/de/test/auto/MergeModel1Add.xml (RunModel)" time="0.051" />
  <testcase classname="ptolemy.util.test.junit.AutoTests" name="[33] /home/travis/build/icyphy/ptII/ptolemy/domains/de/test/auto/MergeModel2Add.xml (RunModel)" time="0.036" />
  <testcase classname="ptolemy.util.test.junit.AutoTests" name="[34] /home/travis/build/icyphy/ptII/ptolemy/domains/de/test/auto/MergeModel3Add.xml (RunModel)" time="0.045" />
  <testcase classname="ptolemy.util.test.junit.AutoTests" name="[35] /home/travis/build/icyphy/ptII/ptolemy/domains/de/test/auto/MergeWithoutDiscard.xml (RunModel)" time="0.02" />
  <testcase classname="ptolemy.util.test.junit.AutoTests" name="[36] /home/travis/build/icyphy/ptII/ptolemy/domains/de/test/auto/Modal1.xml (RunModel)" time="0.036" />
  <testcase classname="ptolemy.util.test.junit.AutoTests" name="[37] /home/travis/build/icyphy/ptII/ptolemy/domains/de/test/auto/Modal2.xml (RunModel)" time="0.035" />
  <testcase classname="ptolemy.util.test.junit.AutoTests" name="[38] /home/travis/build/icyphy/ptII/ptolemy/domains/de/test/auto/Modal3.xml (RunModel)" time="0.029" />
  <testcase classname="ptolemy.util.test.junit.AutoTests" name="[39] /home/travis/build/icyphy/ptII/ptolemy/domains/de/test/auto/Modal4.xml (RunModel)" time="0.036" />
  <testcase classname="ptolemy.util.test.junit.AutoTests" name="[40] /home/travis/build/icyphy/ptII/ptolemy/domains/de/test/auto/Modal5.xml (RunModel)" time="0.03" />
  <testcase classname="ptolemy.util.test.junit.AutoTests" name="[41] /home/travis/build/icyphy/ptII/ptolemy/domains/de/test/auto/Modal6.xml (RunModel)" time="0.03" />
  <testcase classname="ptolemy.util.test.junit.AutoTests" name="[42] /home/travis/build/icyphy/ptII/ptolemy/domains/de/test/auto/Modal7.xml (RunModel)" time="0.034" />
  <testcase classname="ptolemy.util.test.junit.AutoTests" name="[43] /home/travis/build/icyphy/ptII/ptolemy/domains/de/test/auto/ModalModel.xml (RunModel)" time="0.213" />
  <testcase classname="ptolemy.util.test.junit.AutoTests" name="[44] /home/travis/build/icyphy/ptII/ptolemy/domains/de/test/auto/ModalSource.xml (RunModel)" time="0.029" />
  <testcase classname="ptolemy.util.test.junit.AutoTests" name="[45] /home/travis/build/icyphy/ptII/ptolemy/domains/de/test/auto/NonInterruptibleTimerZeroDelay.xml (RunModel)" time="0.012" />
  <testcase classname="ptolemy.util.test.junit.AutoTests" name="[46] /home/travis/build/icyphy/ptII/ptolemy/domains/de/test/auto/OpenQueueingNetwork.xml (RunModel)" time="2.373" />
  <testcase classname="ptolemy.util.test.junit.AutoTests" name="[47] /home/travis/build/icyphy/ptII/ptolemy/domains/de/test/auto/OpenQueuingNetwork.xml (RunModel)" time="0.308" />
  <testcase classname="ptolemy.util.test.junit.AutoTests" name="[48] /home/travis/build/icyphy/ptII/ptolemy/domains/de/test/auto/PeriodicSampler.xml (RunModel)" time="0.012" />
  <testcase classname="ptolemy.util.test.junit.AutoTests" name="[49] /home/travis/build/icyphy/ptII/ptolemy/domains/de/test/auto/PersistentIO.xml (RunModel)" time="0.036" />
  <testcase classname="ptolemy.util.test.junit.AutoTests" name="[50] /home/travis/build/icyphy/ptII/ptolemy/domains/de/test/auto/PortParameterResetOnInitialize.xml (RunModel)" time="0.017" />
  <testcase classname="ptolemy.util.test.junit.AutoTests" name="[51] /home/travis/build/icyphy/ptII/ptolemy/domains/de/test/auto/PortParameterUpdates.xml (RunModel)" time="0.022" />
  <testcase classname="ptolemy.util.test.junit.AutoTests" name="[52] /home/travis/build/icyphy/ptII/ptolemy/domains/de/test/auto/QueueAndServer.xml (RunModel)" time="0.027" />
  <testcase classname="ptolemy.util.test.junit.AutoTests" name="[53] /home/travis/build/icyphy/ptII/ptolemy/domains/de/test/auto/Records.xml (RunModel)" time="0.017" />
  <testcase classname="ptolemy.util.test.junit.AutoTests" name="[54] /home/travis/build/icyphy/ptII/ptolemy/domains/de/test/auto/ResetTransitionWithStartTime1.xml (RunModel)" time="0.024" />
  <testcase classname="ptolemy.util.test.junit.AutoTests" name="[55] /home/travis/build/icyphy/ptII/ptolemy/domains/de/test/auto/ResetTransitionWithStartTime2.xml (RunModel)" time="0.028" />
  <testcase classname="ptolemy.util.test.junit.AutoTests" name="[56] /home/travis/build/icyphy/ptII/ptolemy/domains/de/test/auto/ResetTransitionWithStartTime3.xml (RunModel)" time="0.027" />
  <testcase classname="ptolemy.util.test.junit.AutoTests" name="[57] /home/travis/build/icyphy/ptII/ptolemy/domains/de/test/auto/ResetTransitionWithStartTime4.xml (RunModel)" time="0.023" />
  <testcase classname="ptolemy.util.test.junit.AutoTests" name="[58] /home/travis/build/icyphy/ptII/ptolemy/domains/de/test/auto/ResettableTimer1.xml (RunModel)" time="0.013" />
  <testcase classname="ptolemy.util.test.junit.AutoTests" name="[59] /home/travis/build/icyphy/ptII/ptolemy/domains/de/test/auto/ResettableTimer2.xml (RunModel)" time="0.012" />
  <testcase classname="ptolemy.util.test.junit.AutoTests" name="[60] /home/travis/build/icyphy/ptII/ptolemy/domains/de/test/auto/ResettableTimer3.xml (RunModel)" time="0.01" />
  <testcase classname="ptolemy.util.test.junit.AutoTests" name="[61] /home/travis/build/icyphy/ptII/ptolemy/domains/de/test/auto/ResettableTimer4.xml (RunModel)" time="0.015" />
  <testcase classname="ptolemy.util.test.junit.AutoTests" name="[62] /home/travis/build/icyphy/ptII/ptolemy/domains/de/test/auto/ResettableTimer5.xml (RunModel)" time="0.013" />
  <testcase classname="ptolemy.util.test.junit.AutoTests" name="[63] /home/travis/build/icyphy/ptII/ptolemy/domains/de/test/auto/ResettableTimer6.xml (RunModel)" time="0.021" />
  <testcase classname="ptolemy.util.test.junit.AutoTests" name="[64] /home/travis/build/icyphy/ptII/ptolemy/domains/de/test/auto/ServerZeroDelay.xml (RunModel)" time="0.013" />
  <testcase classname="ptolemy.util.test.junit.AutoTests" name="[65] /home/travis/build/icyphy/ptII/ptolemy/domains/de/test/auto/SmartSender.xml (RunModel)" time="3.01" />
  <testcase classname="ptolemy.util.test.junit.AutoTests" name="[66] /home/travis/build/icyphy/ptII/ptolemy/domains/de/test/auto/ThreadedComposite.xml (RunModel)" time="0.129" />
  <testcase classname="ptolemy.util.test.junit.AutoTests" name="[67] /home/travis/build/icyphy/ptII/ptolemy/domains/de/test/auto/Time.xml (RunModel)" time="0.436" />
  <testcase classname="ptolemy.util.test.junit.AutoTests" name="[68] /home/travis/build/icyphy/ptII/ptolemy/domains/de/test/auto/TimeDelayZeroDelay.xml (RunModel)" time="0.016" />
  <testcase classname="ptolemy.util.test.junit.AutoTests" name="[69] /home/travis/build/icyphy/ptII/ptolemy/domains/de/test/auto/TimerZeroDelay.xml (RunModel)" time="0.011" />
  <testcase classname="ptolemy.util.test.junit.AutoTests" name="[70] /home/travis/build/icyphy/ptII/ptolemy/domains/de/test/auto/TimingParadox.xml (RunModel)" time="0.386" />
  <testcase classname="ptolemy.util.test.junit.AutoTests" name="[71] /home/travis/build/icyphy/ptII/ptolemy/domains/de/test/auto/TransferInputs.xml (RunModel)" time="0.01" />
  <testcase classname="ptolemy.util.test.junit.AutoTests" name="[72] /home/travis/build/icyphy/ptII/ptolemy/domains/de/test/auto/TransferOutputs2.xml (RunModel)" time="0.016" />
  <testcase classname="ptolemy.util.test.junit.AutoTests" name="[73] /home/travis/build/icyphy/ptII/ptolemy/domains/de/test/auto/Trilateration.xml (RunModel)" time="13.346" />
  <testcase classname="ptolemy.util.test.junit.AutoTests" name="[74] /home/travis/build/icyphy/ptII/ptolemy/domains/de/test/auto/TwoSigmaDelta.xml (RunModel)" time="2.124" />
  <testcase classname="ptolemy.util.test.junit.AutoTests" name="[75] /home/travis/build/icyphy/ptII/ptolemy/domains/de/test/auto/VariableDelay.xml (RunModel)" time="0.025" />
  <testcase classname="ptolemy.util.test.junit.AutoTests" name="[76] /home/travis/build/icyphy/ptII/ptolemy/domains/de/test/auto/VariableDelay2.xml (RunModel)" time="0.01" />
  <testcase classname="ptolemy.util.test.junit.AutoTests" name="[77] /home/travis/build/icyphy/ptII/ptolemy/domains/de/test/auto/VariableDelayZeroDelay.xml (RunModel)" time="0.025" />
  <testcase classname="ptolemy.util.test.junit.AutoTests" name="[78] /home/travis/build/icyphy/ptII/ptolemy/domains/de/test/auto/VariableDelayZeroDelay2.xml (RunModel)" time="0.015" />
  <testcase classname="ptolemy.util.test.junit.AutoTests" name="[79] /home/travis/build/icyphy/ptII/ptolemy/domains/de/test/auto/deInCt.xml (RunModel)" time="0.018" />
  <testcase classname="ptolemy.util.test.junit.AutoTests" name="[80] /home/travis/build/icyphy/ptII/ptolemy/domains/de/test/auto/deInCt2.xml (RunModel)" time="0.034" />
  <testcase classname="ptolemy.util.test.junit.AutoTests" name="[81] /home/travis/build/icyphy/ptII/ptolemy/domains/de/test/auto/dynamicCausalityInterface1.xml (RunModel)" time="0.021" />
  <testcase classname="ptolemy.util.test.junit.AutoTests" name="[82] /home/travis/build/icyphy/ptII/ptolemy/domains/de/test/auto/fsm_de_test.xml (RunModel)" time="0.025" />
  <testcase classname="ptolemy.util.test.junit.AutoTests" name="[83] /home/travis/build/icyphy/ptII/ptolemy/domains/de/test/auto/functionDependencyReconstruction.xml (RunModel)" time="0.039" />
  <testcase classname="ptolemy.util.test.junit.AutoTests" name="[84] /home/travis/build/icyphy/ptII/ptolemy/domains/de/test/auto/multirate.xml (RunModel)" time="0.017" />
  <testcase classname="ptolemy.util.test.junit.AutoTests" name="[85] /home/travis/build/icyphy/ptII/ptolemy/domains/de/test/auto/multirate2.xml (RunModel)" time="0.02" />
  <testcase classname="ptolemy.util.test.junit.AutoTests" name="[86] /home/travis/build/icyphy/ptII/ptolemy/domains/de/test/auto/realtime.xml (RunModel)" time="10.011" />
  <testcase classname="ptolemy.util.test.junit.AutoTests" name="[87] /home/travis/build/icyphy/ptII/ptolemy/domains/de/test/auto/relationGroup.xml (RunModel)" time="0.013" />
  <testcase classname="ptolemy.util.test.junit.AutoTests" name="[88] /home/travis/build/icyphy/ptII/ptolemy/domains/de/test/auto/relationGroup2.xml (RunModel)" time="0.01" />
  <testcase classname="ptolemy.util.test.junit.AutoTests" name="[89] /home/travis/build/icyphy/ptII/ptolemy/domains/de/test/auto/sortWithOpaquePorts.xml (RunModel)" time="0.015" />
  <testcase classname="ptolemy.util.test.junit.AutoTests" name="[90] /home/travis/build/icyphy/ptII/ptolemy/domains/de/test/auto/transferInputsandOutputs.xml (RunModel)" time="0.021" />
  <testcase classname="ptolemy.util.test.junit.AutoTests" name="[91] /home/travis/build/icyphy/ptII/ptolemy/domains/de/test/auto/triggerType.xml (RunModel)" time="0.012" />
  <system-out><![CDATA[/home/travis/build/icyphy/ptII/ptolemy/domains/de/test/DependencyLoop.tcl
testDefs.tcl: setting time out to 9000 seconds at Sun Sep 01 05:30:47 UTC 2019
63 ms. Memory: 120832K Free: 72134K (60%)
24 ms. Memory: 120832K Free: 54711K (45%)
/home/travis/build/icyphy/ptII/ptolemy/domains/de/test/RunDETestsAsQSS.tcl
Run the DE tests using ptolemy.domains.qss.test.QSSDirectorTest, which extends QSSDirector and prints a message in the constructors.
------------------ testing $PTII/ptolemy/domains/de/test/auto/knownFailedTests/DirectFeedback.xml (Known Failure) 
67 ms. Memory: 120832K Free: 48582K (40%)


==== $PTIIhome/travis/build/icyphy/ptII/ptolemy/domains/de/test/../../../../: Auto Automatic test in file $PTII/ptolemy/domains/de/test/auto/knownFailedTests/DirectFeedback.xml
==== Contents of test case:

	    # FIXME: we should use $relativeFilename here, but it
	    # might have backslashes under Windows, which causes no end
	    # of trouble.
	    createAndExecute $file
	    list {}
	
.... Test generated KNOWN error:
    while executing
ptolemy.kernel.util.IllegalActionException: Test fails in iteration 1.
Value was: 1.0. Should have been: 2.0
  in .DirectFeedback.Test
	at ptolemy.actor.lib.Test.fire(Test.java:268)
	at ptolemy.domains.de.kernel.DEDirector._fire(DEDirector.java:1949)
	at ptolemy.domains.de.kernel.DEDirector.fire(DEDirector.java:502)
	at ptolemy.actor.CompositeActor.fire(CompositeActor.java:455)
	at ptolemy.actor.Manager.iterate(Manager.java:851)
	at ptolemy.actor.Manager.execute(Manager.java:369)
	at ptolemy.actor.Manager.run(Manager.java:1263)
	at ptolemy.actor.Manager$PtolemyRunThread.run(Manager.java:1933)

    while executing
ptolemy.kernel.util.IllegalActionException: Test fails in iteration 1.
Value was: 1.0. Should have been: 2.0
  in .DirectFeedback.Test
    while executing
"java::new ptolemy.moml.MoMLSimpleApplication $file
"
    (procedure "createAndExecute" line 2)
    invoked from within
"createAndExecute $file"
    ("uplevel" body line 5)
    invoked from within
"uplevel $contents_of_test"
------------------ testing $PTII/ptolemy/domains/de/test/auto/knownFailedTests/dependencyLoop.xml (Known Failure) 
49 ms. Memory: 120832K Free: 107870K (89%)


==== $PTIIhome/travis/build/icyphy/ptII/ptolemy/domains/de/test/../../../../: Auto Automatic test in file $PTII/ptolemy/domains/de/test/auto/knownFailedTests/dependencyLoop.xml
==== Contents of test case:

	    # FIXME: we should use $relativeFilename here, but it
	    # might have backslashes under Windows, which causes no end
	    # of trouble.
	    createAndExecute $file
	    list {}
	
.... Test generated KNOWN error:
    while executing
ptolemy.kernel.util.IllegalActionException: Found a zero delay loop containing .dependencyLoop.original
  in .dependencyLoop and .dependencyLoop.original
	at ptolemy.actor.util.CausalityInterfaceForComposites._computeOutputPortDepth(CausalityInterfaceForComposites.java:759)
	at ptolemy.actor.util.CausalityInterfaceForComposites._computeInputDepth(CausalityInterfaceForComposites.java:696)
	at ptolemy.actor.util.CausalityInterfaceForComposites._computeOutputPortDepth(CausalityInterfaceForComposites.java:765)
	at ptolemy.actor.util.CausalityInterfaceForComposites._computeInputDepth(CausalityInterfaceForComposites.java:696)
	at ptolemy.actor.util.CausalityInterfaceForComposites._computeOutputPortDepth(CausalityInterfaceForComposites.java:765)
	at ptolemy.actor.util.CausalityInterfaceForComposites._computeInputDepth(CausalityInterfaceForComposites.java:696)
	at ptolemy.actor.util.CausalityInterfaceForComposites._computeActorDepth(CausalityInterfaceForComposites.java:532)
	at ptolemy.actor.util.CausalityInterfaceForComposites.checkForCycles(CausalityInterfaceForComposites.java:96)
	at ptolemy.domains.de.kernel.DEDirector.preinitialize(DEDirector.java:1338)
	at ptolemy.actor.CompositeActor.preinitialize(CompositeActor.java:1828)
	at ptolemy.actor.Manager.preinitializeAndResolveTypes(Manager.java:1040)
	at ptolemy.actor.Manager.initialize(Manager.java:710)
	at ptolemy.actor.Manager.execute(Manager.java:356)
	at ptolemy.actor.Manager.run(Manager.java:1263)
	at ptolemy.actor.Manager$PtolemyRunThread.run(Manager.java:1933)

    while executing
ptolemy.kernel.util.IllegalActionException: Found a zero delay loop containing .dependencyLoop.original
  in .dependencyLoop and .dependencyLoop.original
    while executing
"java::new ptolemy.moml.MoMLSimpleApplication $file
"
    (procedure "createAndExecute" line 2)
    invoked from within
"createAndExecute $file"
    ("uplevel" body line 5)
    invoked from within
"uplevel $contents_of_test"
------------------ testing $PTII/ptolemy/domains/de/test/auto/knownFailedTests/FSMSource.xml (Known Failure) 
91 ms. Memory: 120832K Free: 99016K (82%)
!!!! Auto was marked as failing, but now passes
------------------ testing $PTII/ptolemy/domains/de/test/auto/knownFailedTests/HierarchicalModel.xml (Known Failure) 
11 ms. Memory: 120832K Free: 81608K (68%)


==== $PTIIhome/travis/build/icyphy/ptII/ptolemy/domains/de/test/../../../../: Auto Automatic test in file $PTII/ptolemy/domains/de/test/auto/knownFailedTests/HierarchicalModel.xml
==== Contents of test case:

	    # FIXME: we should use $relativeFilename here, but it
	    # might have backslashes under Windows, which causes no end
	    # of trouble.
	    createAndExecute $file
	    list {}
	
.... Test generated KNOWN error:
    while executing
ptolemy.kernel.util.IllegalActionException: Found a zero delay loop containing .HierarchicalModel.A
  in .HierarchicalModel and .HierarchicalModel.A
	at ptolemy.actor.util.CausalityInterfaceForComposites._computeOutputPortDepth(CausalityInterfaceForComposites.java:759)
	at ptolemy.actor.util.CausalityInterfaceForComposites._computeInputDepth(CausalityInterfaceForComposites.java:696)
	at ptolemy.actor.util.CausalityInterfaceForComposites._computeOutputPortDepth(CausalityInterfaceForComposites.java:765)
	at ptolemy.actor.util.CausalityInterfaceForComposites._computeInputDepth(CausalityInterfaceForComposites.java:696)
	at ptolemy.actor.util.CausalityInterfaceForComposites._computeOutputPortDepth(CausalityInterfaceForComposites.java:765)
	at ptolemy.actor.util.CausalityInterfaceForComposites._computeInputDepth(CausalityInterfaceForComposites.java:696)
	at ptolemy.actor.util.CausalityInterfaceForComposites._computeActorDepth(CausalityInterfaceForComposites.java:532)
	at ptolemy.actor.util.CausalityInterfaceForComposites.checkForCycles(CausalityInterfaceForComposites.java:96)
	at ptolemy.domains.de.kernel.DEDirector.preinitialize(DEDirector.java:1338)
	at ptolemy.actor.CompositeActor.preinitialize(CompositeActor.java:1828)
	at ptolemy.actor.Manager.preinitializeAndResolveTypes(Manager.java:1040)
	at ptolemy.actor.Manager.initialize(Manager.java:710)
	at ptolemy.actor.Manager.execute(Manager.java:356)
	at ptolemy.actor.Manager.run(Manager.java:1263)
	at ptolemy.actor.Manager$PtolemyRunThread.run(Manager.java:1933)

    while executing
ptolemy.kernel.util.IllegalActionException: Found a zero delay loop containing .HierarchicalModel.A
  in .HierarchicalModel and .HierarchicalModel.A
    while executing
"java::new ptolemy.moml.MoMLSimpleApplication $file
"
    (procedure "createAndExecute" line 2)
    invoked from within
"createAndExecute $file"
    ("uplevel" body line 5)
    invoked from within
"uplevel $contents_of_test"
------------------ testing $PTII/ptolemy/domains/de/test/auto/knownFailedTests/dependencyLoop2.xml (Known Failure) 
32 ms. Memory: 120832K Free: 106631K (88%)


==== $PTIIhome/travis/build/icyphy/ptII/ptolemy/domains/de/test/../../../../: Auto Automatic test in file $PTII/ptolemy/domains/de/test/auto/knownFailedTests/dependencyLoop2.xml
==== Contents of test case:

	    # FIXME: we should use $relativeFilename here, but it
	    # might have backslashes under Windows, which causes no end
	    # of trouble.
	    createAndExecute $file
	    list {}
	
.... Test generated KNOWN error:
    while executing
ptolemy.kernel.util.IllegalActionException: Found a zero delay loop containing .dependencyLoop2.original
  in .dependencyLoop2 and .dependencyLoop2.original
	at ptolemy.actor.util.CausalityInterfaceForComposites._computeOutputPortDepth(CausalityInterfaceForComposites.java:759)
	at ptolemy.actor.util.CausalityInterfaceForComposites._computeInputDepth(CausalityInterfaceForComposites.java:696)
	at ptolemy.actor.util.CausalityInterfaceForComposites._computeOutputPortDepth(CausalityInterfaceForComposites.java:765)
	at ptolemy.actor.util.CausalityInterfaceForComposites._computeInputDepth(CausalityInterfaceForComposites.java:696)
	at ptolemy.actor.util.CausalityInterfaceForComposites._computeOutputPortDepth(CausalityInterfaceForComposites.java:765)
	at ptolemy.actor.util.CausalityInterfaceForComposites._computeInputDepth(CausalityInterfaceForComposites.java:696)
	at ptolemy.actor.util.CausalityInterfaceForComposites._computeActorDepth(CausalityInterfaceForComposites.java:532)
	at ptolemy.actor.util.CausalityInterfaceForComposites.checkForCycles(CausalityInterfaceForComposites.java:96)
	at ptolemy.domains.de.kernel.DEDirector.preinitialize(DEDirector.java:1338)
	at ptolemy.actor.CompositeActor.preinitialize(CompositeActor.java:1828)
	at ptolemy.actor.Manager.preinitializeAndResolveTypes(Manager.java:1040)
	at ptolemy.actor.Manager.initialize(Manager.java:710)
	at ptolemy.actor.Manager.execute(Manager.java:356)
	at ptolemy.actor.Manager.run(Manager.java:1263)
	at ptolemy.actor.Manager$PtolemyRunThread.run(Manager.java:1933)

    while executing
ptolemy.kernel.util.IllegalActionException: Found a zero delay loop containing .dependencyLoop2.original
  in .dependencyLoop2 and .dependencyLoop2.original
    while executing
"java::new ptolemy.moml.MoMLSimpleApplication $file
"
    (procedure "createAndExecute" line 2)
    invoked from within
"createAndExecute $file"
    ("uplevel" body line 5)
    invoked from within
"uplevel $contents_of_test"
------------------ testing $PTII/ptolemy/domains/de/test/auto/knownFailedTests/DESDFClockTest.xml (Known Failure) 
2076 ms. Memory: 120832K Free: 93451K (77%)


==== $PTIIhome/travis/build/icyphy/ptII/ptolemy/domains/de/test/../../../../: Auto Automatic test in file $PTII/ptolemy/domains/de/test/auto/knownFailedTests/DESDFClockTest.xml
==== Contents of test case:

	    # FIXME: we should use $relativeFilename here, but it
	    # might have backslashes under Windows, which causes no end
	    # of trouble.
	    createAndExecute $file
	    list {}
	
.... Test generated KNOWN error:
    while executing
ptolemy.kernel.util.IllegalActionException: Actor is not ready to fire.  Perhaps UpSample.prefire() returned false? Try debugging the actor by selecting "Listen to Actor".  Also, for SDF check moml for tokenConsumptionRate on input.
  in .DESDFClockTest.Play Bell.Copy1:SDF Director and .DESDFClockTest.Play Bell.UpSample
	at ptolemy.actor.sched.StaticSchedulingDirector.fire(StaticSchedulingDirector.java:227)
	at ptolemy.domains.sdf.kernel.SDFDirector.fire(SDFDirector.java:500)
	at ptolemy.actor.CompositeActor.fire(CompositeActor.java:455)
	at ptolemy.domains.de.kernel.DEDirector._fire(DEDirector.java:1949)
	at ptolemy.domains.de.kernel.DEDirector.fire(DEDirector.java:502)
	at ptolemy.actor.CompositeActor.fire(CompositeActor.java:455)
	at ptolemy.actor.Manager.iterate(Manager.java:851)
	at ptolemy.actor.Manager.execute(Manager.java:369)
	at ptolemy.actor.Manager.run(Manager.java:1263)
	at ptolemy.actor.Manager$PtolemyRunThread.run(Manager.java:1933)

    while executing
ptolemy.kernel.util.IllegalActionException: Actor is not ready to fire.  Perhaps UpSample.prefire() returned false? Try debugging the actor by selecting "Listen to Actor".  Also, for SDF check moml for tokenConsumptionRate on input.
  in .DESDFClockTest.Play Bell.Copy1:SDF Director and .DESDFClockTest.Play Bell.UpSample
    while executing
"java::new ptolemy.moml.MoMLSimpleApplication $file
"
    (procedure "createAndExecute" line 2)
    invoked from within
"createAndExecute $file"
    ("uplevel" body line 5)
    invoked from within
"uplevel $contents_of_test"
------------------ testing $PTII/ptolemy/domains/de/test/auto/ActorDepthCalculation_actorWithoutPorts.xml
auto.tcl: Setting watchdog for 200 seconds at Sun Sep 01 05:30:51 UTC 2019
5 ms. Memory: 120832K Free: 85972K (71%)
ptolemy.util.test.WatchDog.cancel(): canceling Sun Sep 01 05:30:51 UTC 2019
auto.tcl: Setting watchdog for 200 seconds at Sun Sep 01 05:30:51 UTC 2019
6 ms. Memory: 120832K Free: 84948K (70%)
ptolemy.util.test.WatchDog.cancel(): canceling Sun Sep 01 05:30:51 UTC 2019
------------------ testing $PTII/ptolemy/domains/de/test/auto/AssemblyLine.xml
auto.tcl: Setting watchdog for 200 seconds at Sun Sep 01 05:30:51 UTC 2019
24 ms. Memory: 48128K Free: 25764K (54%)
ptolemy.util.test.WatchDog.cancel(): canceling Sun Sep 01 05:30:52 UTC 2019
auto.tcl: Setting watchdog for 200 seconds at Sun Sep 01 05:30:52 UTC 2019
14 ms. Memory: 48128K Free: 24890K (52%)
ptolemy.util.test.WatchDog.cancel(): canceling Sun Sep 01 05:30:52 UTC 2019
------------------ testing $PTII/ptolemy/domains/de/test/auto/CQBug1.xml
auto.tcl: Setting watchdog for 200 seconds at Sun Sep 01 05:30:52 UTC 2019
3 ms. Memory: 48128K Free: 31472K (65%)
ptolemy.util.test.WatchDog.cancel(): canceling Sun Sep 01 05:30:52 UTC 2019
auto.tcl: Setting watchdog for 200 seconds at Sun Sep 01 05:30:52 UTC 2019
2 ms. Memory: 48128K Free: 31032K (64%)
ptolemy.util.test.WatchDog.cancel(): canceling Sun Sep 01 05:30:52 UTC 2019
------------------ testing $PTII/ptolemy/domains/de/test/auto/CancelFireAt.xml
auto.tcl: Setting watchdog for 200 seconds at Sun Sep 01 05:30:52 UTC 2019
4 ms. Memory: 45056K Free: 29703K (66%)
ptolemy.util.test.WatchDog.cancel(): canceling Sun Sep 01 05:30:52 UTC 2019
auto.tcl: Setting watchdog for 200 seconds at Sun Sep 01 05:30:52 UTC 2019
3 ms. Memory: 45056K Free: 29273K (65%)
ptolemy.util.test.WatchDog.cancel(): canceling Sun Sep 01 05:30:52 UTC 2019
------------------ testing $PTII/ptolemy/domains/de/test/auto/CausalityAndComposabilityAnalysis.xml
auto.tcl: Setting watchdog for 200 seconds at Sun Sep 01 05:30:52 UTC 2019
14 ms. Memory: 45056K Free: 27444K (61%)
ptolemy.util.test.WatchDog.cancel(): canceling Sun Sep 01 05:30:52 UTC 2019
auto.tcl: Setting watchdog for 200 seconds at Sun Sep 01 05:30:52 UTC 2019
6 ms. Memory: 45056K Free: 27031K (60%)
ptolemy.util.test.WatchDog.cancel(): canceling Sun Sep 01 05:30:52 UTC 2019
------------------ testing $PTII/ptolemy/domains/de/test/auto/CausalityInterface1.xml
auto.tcl: Setting watchdog for 200 seconds at Sun Sep 01 05:30:52 UTC 2019
39 ms. Memory: 45056K Free: 26364K (59%)
ptolemy.util.test.WatchDog.cancel(): canceling Sun Sep 01 05:30:52 UTC 2019
auto.tcl: Setting watchdog for 200 seconds at Sun Sep 01 05:30:52 UTC 2019
5 ms. Memory: 45056K Free: 25397K (56%)
ptolemy.util.test.WatchDog.cancel(): canceling Sun Sep 01 05:30:52 UTC 2019
------------------ testing $PTII/ptolemy/domains/de/test/auto/CausalityInterface15.xml
auto.tcl: Setting watchdog for 200 seconds at Sun Sep 01 05:30:52 UTC 2019
11 ms. Memory: 45056K Free: 26048K (58%)
ptolemy.util.test.WatchDog.cancel(): canceling Sun Sep 01 05:30:52 UTC 2019
auto.tcl: Setting watchdog for 200 seconds at Sun Sep 01 05:30:52 UTC 2019
4 ms. Memory: 45056K Free: 24902K (55%)
ptolemy.util.test.WatchDog.cancel(): canceling Sun Sep 01 05:30:52 UTC 2019
------------------ testing $PTII/ptolemy/domains/de/test/auto/CausalityInterface2.xml
auto.tcl: Setting watchdog for 200 seconds at Sun Sep 01 05:30:52 UTC 2019
6 ms. Memory: 45056K Free: 27246K (60%)
ptolemy.util.test.WatchDog.cancel(): canceling Sun Sep 01 05:30:52 UTC 2019
auto.tcl: Setting watchdog for 200 seconds at Sun Sep 01 05:30:52 UTC 2019
3 ms. Memory: 45056K Free: 26335K (58%)
ptolemy.util.test.WatchDog.cancel(): canceling Sun Sep 01 05:30:52 UTC 2019
------------------ testing $PTII/ptolemy/domains/de/test/auto/CausalityInterface3.xml
auto.tcl: Setting watchdog for 200 seconds at Sun Sep 01 05:30:53 UTC 2019
5 ms. Memory: 45056K Free: 26557K (59%)
ptolemy.util.test.WatchDog.cancel(): canceling Sun Sep 01 05:30:53 UTC 2019
auto.tcl: Setting watchdog for 200 seconds at Sun Sep 01 05:30:53 UTC 2019
3 ms. Memory: 45056K Free: 26128K (58%)
ptolemy.util.test.WatchDog.cancel(): canceling Sun Sep 01 05:30:53 UTC 2019
------------------ testing $PTII/ptolemy/domains/de/test/auto/ClockDrift.xml
auto.tcl: Setting watchdog for 200 seconds at Sun Sep 01 05:30:53 UTC 2019
97 ms. Memory: 45056K Free: 19130K (42%)
ptolemy.util.test.WatchDog.cancel(): canceling Sun Sep 01 05:30:53 UTC 2019
auto.tcl: Setting watchdog for 200 seconds at Sun Sep 01 05:30:53 UTC 2019
58 ms. Memory: 45056K Free: 16115K (36%)
ptolemy.util.test.WatchDog.cancel(): canceling Sun Sep 01 05:30:53 UTC 2019
------------------ testing $PTII/ptolemy/domains/de/test/auto/ClockDriftAndValueChange.xml
auto.tcl: Setting watchdog for 200 seconds at Sun Sep 01 05:30:53 UTC 2019
54 ms. Memory: 45056K Free: 19221K (43%)
ptolemy.util.test.WatchDog.cancel(): canceling Sun Sep 01 05:30:53 UTC 2019
auto.tcl: Setting watchdog for 200 seconds at Sun Sep 01 05:30:53 UTC 2019
25 ms. Memory: 45056K Free: 16377K (36%)
ptolemy.util.test.WatchDog.cancel(): canceling Sun Sep 01 05:30:53 UTC 2019
------------------ testing $PTII/ptolemy/domains/de/test/auto/ClockDriftChange.xml
auto.tcl: Setting watchdog for 200 seconds at Sun Sep 01 05:30:53 UTC 2019
20 ms. Memory: 45056K Free: 21267K (47%)
ptolemy.util.test.WatchDog.cancel(): canceling Sun Sep 01 05:30:53 UTC 2019
auto.tcl: Setting watchdog for 200 seconds at Sun Sep 01 05:30:53 UTC 2019
20 ms. Memory: 45056K Free: 18711K (42%)
ptolemy.util.test.WatchDog.cancel(): canceling Sun Sep 01 05:30:53 UTC 2019
------------------ testing $PTII/ptolemy/domains/de/test/auto/ComposableCausalityAnalysis.xml
auto.tcl: Setting watchdog for 200 seconds at Sun Sep 01 05:30:53 UTC 2019
2 ms. Memory: 45056K Free: 25929K (58%)
ptolemy.util.test.WatchDog.cancel(): canceling Sun Sep 01 05:30:53 UTC 2019
auto.tcl: Setting watchdog for 200 seconds at Sun Sep 01 05:30:53 UTC 2019
5 ms. Memory: 45056K Free: 24856K (55%)
ptolemy.util.test.WatchDog.cancel(): canceling Sun Sep 01 05:30:53 UTC 2019
------------------ testing $PTII/ptolemy/domains/de/test/auto/DEFixedPointLimitation.xml
auto.tcl: Setting watchdog for 200 seconds at Sun Sep 01 05:30:53 UTC 2019
2 ms. Memory: 45056K Free: 27261K (61%)
ptolemy.util.test.WatchDog.cancel(): canceling Sun Sep 01 05:30:53 UTC 2019
auto.tcl: Setting watchdog for 200 seconds at Sun Sep 01 05:30:53 UTC 2019
2 ms. Memory: 45056K Free: 26337K (58%)
ptolemy.util.test.WatchDog.cancel(): canceling Sun Sep 01 05:30:53 UTC 2019
------------------ testing $PTII/ptolemy/domains/de/test/auto/DEScheduleTest.xml
auto.tcl: Setting watchdog for 200 seconds at Sun Sep 01 05:30:53 UTC 2019
4 ms. Memory: 45056K Free: 27542K (61%)
ptolemy.util.test.WatchDog.cancel(): canceling Sun Sep 01 05:30:53 UTC 2019
auto.tcl: Setting watchdog for 200 seconds at Sun Sep 01 05:30:53 UTC 2019
3 ms. Memory: 45056K Free: 26785K (59%)
ptolemy.util.test.WatchDog.cancel(): canceling Sun Sep 01 05:30:53 UTC 2019
------------------ testing $PTII/ptolemy/domains/de/test/auto/DEinDEwithStartTimes.xml
auto.tcl: Setting watchdog for 200 seconds at Sun Sep 01 05:30:53 UTC 2019
5 ms. Memory: 45056K Free: 25694K (57%)
ptolemy.util.test.WatchDog.cancel(): canceling Sun Sep 01 05:30:53 UTC 2019
auto.tcl: Setting watchdog for 200 seconds at Sun Sep 01 05:30:53 UTC 2019
4 ms. Memory: 45056K Free: 24670K (55%)
ptolemy.util.test.WatchDog.cancel(): canceling Sun Sep 01 05:30:53 UTC 2019
------------------ testing $PTII/ptolemy/domains/de/test/auto/DEinDEwithStartTimes2.xml
auto.tcl: Setting watchdog for 200 seconds at Sun Sep 01 05:30:54 UTC 2019
5 ms. Memory: 45056K Free: 24957K (55%)
ptolemy.util.test.WatchDog.cancel(): canceling Sun Sep 01 05:30:54 UTC 2019
auto.tcl: Setting watchdog for 200 seconds at Sun Sep 01 05:30:54 UTC 2019
6 ms. Memory: 45056K Free: 23625K (52%)
ptolemy.util.test.WatchDog.cancel(): canceling Sun Sep 01 05:30:54 UTC 2019
------------------ testing $PTII/ptolemy/domains/de/test/auto/DateDemo.xml
auto.tcl: Setting watchdog for 200 seconds at Sun Sep 01 05:30:54 UTC 2019
29 ms. Memory: 45056K Free: 19278K (43%)
ptolemy.util.test.WatchDog.cancel(): canceling Sun Sep 01 05:30:54 UTC 2019
auto.tcl: Setting watchdog for 200 seconds at Sun Sep 01 05:30:54 UTC 2019
15 ms. Memory: 45056K Free: 17754K (39%)
ptolemy.util.test.WatchDog.cancel(): canceling Sun Sep 01 05:30:54 UTC 2019
------------------ testing $PTII/ptolemy/domains/de/test/auto/DateToEvent.xml
auto.tcl: Setting watchdog for 200 seconds at Sun Sep 01 05:30:54 UTC 2019
2011 ms. Memory: 45056K Free: 15190K (34%)
ptolemy.util.test.WatchDog.cancel(): canceling Sun Sep 01 05:30:56 UTC 2019
auto.tcl: Setting watchdog for 200 seconds at Sun Sep 01 05:30:56 UTC 2019
2008 ms. Memory: 45056K Free: 14447K (32%)
ptolemy.util.test.WatchDog.cancel(): canceling Sun Sep 01 05:30:58 UTC 2019
------------------ testing $PTII/ptolemy/domains/de/test/auto/DepthTest1.xml
auto.tcl: Setting watchdog for 200 seconds at Sun Sep 01 05:30:58 UTC 2019
5 ms. Memory: 45056K Free: 28479K (63%)
ptolemy.util.test.WatchDog.cancel(): canceling Sun Sep 01 05:30:58 UTC 2019
auto.tcl: Setting watchdog for 200 seconds at Sun Sep 01 05:30:58 UTC 2019
4 ms. Memory: 45056K Free: 27971K (62%)
ptolemy.util.test.WatchDog.cancel(): canceling Sun Sep 01 05:30:58 UTC 2019
------------------ testing $PTII/ptolemy/domains/de/test/auto/DepthTest2.xml
auto.tcl: Setting watchdog for 200 seconds at Sun Sep 01 05:30:58 UTC 2019
4 ms. Memory: 45056K Free: 25199K (56%)
ptolemy.util.test.WatchDog.cancel(): canceling Sun Sep 01 05:30:58 UTC 2019
auto.tcl: Setting watchdog for 200 seconds at Sun Sep 01 05:30:58 UTC 2019
6 ms. Memory: 45056K Free: 24666K (55%)
ptolemy.util.test.WatchDog.cancel(): canceling Sun Sep 01 05:30:58 UTC 2019
------------------ testing $PTII/ptolemy/domains/de/test/auto/DepthTest3.xml
auto.tcl: Setting watchdog for 200 seconds at Sun Sep 01 05:30:58 UTC 2019
3 ms. Memory: 45056K Free: 28668K (64%)
ptolemy.util.test.WatchDog.cancel(): canceling Sun Sep 01 05:30:58 UTC 2019
auto.tcl: Setting watchdog for 200 seconds at Sun Sep 01 05:30:58 UTC 2019
2 ms. Memory: 45056K Free: 28255K (63%)
ptolemy.util.test.WatchDog.cancel(): canceling Sun Sep 01 05:30:58 UTC 2019
------------------ testing $PTII/ptolemy/domains/de/test/auto/DepthTest4.xml
auto.tcl: Setting watchdog for 200 seconds at Sun Sep 01 05:30:58 UTC 2019
16 ms. Memory: 45056K Free: 27024K (60%)
ptolemy.util.test.WatchDog.cancel(): canceling Sun Sep 01 05:30:58 UTC 2019
auto.tcl: Setting watchdog for 200 seconds at Sun Sep 01 05:30:58 UTC 2019
4 ms. Memory: 45056K Free: 26281K (58%)
ptolemy.util.test.WatchDog.cancel(): canceling Sun Sep 01 05:30:58 UTC 2019
------------------ testing $PTII/ptolemy/domains/de/test/auto/DepthTest5.xml
auto.tcl: Setting watchdog for 200 seconds at Sun Sep 01 05:30:58 UTC 2019
9 ms. Memory: 45056K Free: 26424K (59%)
ptolemy.util.test.WatchDog.cancel(): canceling Sun Sep 01 05:30:58 UTC 2019
auto.tcl: Setting watchdog for 200 seconds at Sun Sep 01 05:30:58 UTC 2019
7 ms. Memory: 45056K Free: 25628K (57%)
ptolemy.util.test.WatchDog.cancel(): canceling Sun Sep 01 05:30:58 UTC 2019
------------------ testing $PTII/ptolemy/domains/de/test/auto/DepthTest6.xml
auto.tcl: Setting watchdog for 200 seconds at Sun Sep 01 05:30:58 UTC 2019
6 ms. Memory: 45056K Free: 26155K (58%)
ptolemy.util.test.WatchDog.cancel(): canceling Sun Sep 01 05:30:58 UTC 2019
auto.tcl: Setting watchdog for 200 seconds at Sun Sep 01 05:30:58 UTC 2019
4 ms. Memory: 45056K Free: 25606K (57%)
ptolemy.util.test.WatchDog.cancel(): canceling Sun Sep 01 05:30:58 UTC 2019
------------------ testing $PTII/ptolemy/domains/de/test/auto/DepthTest7.xml
auto.tcl: Setting watchdog for 200 seconds at Sun Sep 01 05:30:59 UTC 2019
8 ms. Memory: 45056K Free: 26949K (60%)
ptolemy.util.test.WatchDog.cancel(): canceling Sun Sep 01 05:30:59 UTC 2019
auto.tcl: Setting watchdog for 200 seconds at Sun Sep 01 05:30:59 UTC 2019
3 ms. Memory: 45056K Free: 26221K (58%)
ptolemy.util.test.WatchDog.cancel(): canceling Sun Sep 01 05:30:59 UTC 2019
------------------ testing $PTII/ptolemy/domains/de/test/auto/EventToDate.xml
auto.tcl: Setting watchdog for 200 seconds at Sun Sep 01 05:30:59 UTC 2019
3008 ms. Memory: 45056K Free: 17763K (39%)
ptolemy.util.test.WatchDog.cancel(): canceling Sun Sep 01 05:31:02 UTC 2019
auto.tcl: Setting watchdog for 200 seconds at Sun Sep 01 05:31:02 UTC 2019
3005 ms. Memory: 45056K Free: 17048K (38%)
ptolemy.util.test.WatchDog.cancel(): canceling Sun Sep 01 05:31:05 UTC 2019
------------------ testing $PTII/ptolemy/domains/de/test/auto/FSM1.xml
auto.tcl: Setting watchdog for 200 seconds at Sun Sep 01 05:31:05 UTC 2019
49 ms. Memory: 45056K Free: 18955K (42%)
ptolemy.util.test.WatchDog.cancel(): canceling Sun Sep 01 05:31:05 UTC 2019
auto.tcl: Setting watchdog for 200 seconds at Sun Sep 01 05:31:05 UTC 2019
30 ms. Memory: 45056K Free: 15726K (35%)
ptolemy.util.test.WatchDog.cancel(): canceling Sun Sep 01 05:31:05 UTC 2019
------------------ testing $PTII/ptolemy/domains/de/test/auto/FSM7.xml
auto.tcl: Setting watchdog for 200 seconds at Sun Sep 01 05:31:05 UTC 2019
22 ms. Memory: 45056K Free: 18633K (41%)
ptolemy.util.test.WatchDog.cancel(): canceling Sun Sep 01 05:31:05 UTC 2019
auto.tcl: Setting watchdog for 200 seconds at Sun Sep 01 05:31:05 UTC 2019
20 ms. Memory: 45056K Free: 15520K (34%)
ptolemy.util.test.WatchDog.cancel(): canceling Sun Sep 01 05:31:05 UTC 2019
------------------ testing $PTII/ptolemy/domains/de/test/auto/Inspection.xml
auto.tcl: Setting watchdog for 200 seconds at Sun Sep 01 05:31:05 UTC 2019
44 ms. Memory: 45056K Free: 18476K (41%)
ptolemy.util.test.WatchDog.cancel(): canceling Sun Sep 01 05:31:05 UTC 2019
auto.tcl: Setting watchdog for 200 seconds at Sun Sep 01 05:31:05 UTC 2019
42 ms. Memory: 45056K Free: 16739K (37%)
ptolemy.util.test.WatchDog.cancel(): canceling Sun Sep 01 05:31:05 UTC 2019
------------------ testing $PTII/ptolemy/domains/de/test/auto/Iteration.xml
auto.tcl: Setting watchdog for 200 seconds at Sun Sep 01 05:31:05 UTC 2019
10 ms. Memory: 45056K Free: 24279K (54%)
ptolemy.util.test.WatchDog.cancel(): canceling Sun Sep 01 05:31:05 UTC 2019
auto.tcl: Setting watchdog for 200 seconds at Sun Sep 01 05:31:05 UTC 2019
8 ms. Memory: 45056K Free: 23164K (51%)
ptolemy.util.test.WatchDog.cancel(): canceling Sun Sep 01 05:31:05 UTC 2019
------------------ testing $PTII/ptolemy/domains/de/test/auto/LineFault.xml
auto.tcl: Setting watchdog for 200 seconds at Sun Sep 01 05:31:05 UTC 2019
729 ms. Memory: 54272K Free: 14174K (26%)
ptolemy.util.test.WatchDog.cancel(): canceling Sun Sep 01 05:31:07 UTC 2019
auto.tcl: Setting watchdog for 200 seconds at Sun Sep 01 05:31:07 UTC 2019
649 ms. Memory: 54272K Free: 37199K (69%)
ptolemy.util.test.WatchDog.cancel(): canceling Sun Sep 01 05:31:07 UTC 2019
------------------ testing $PTII/ptolemy/domains/de/test/auto/MergeModel1Add.xml
auto.tcl: Setting watchdog for 200 seconds at Sun Sep 01 05:31:07 UTC 2019
36 ms. Memory: 51200K Free: 16306K (32%)
ptolemy.util.test.WatchDog.cancel(): canceling Sun Sep 01 05:31:07 UTC 2019
auto.tcl: Setting watchdog for 200 seconds at Sun Sep 01 05:31:07 UTC 2019
14 ms. Memory: 51200K Free: 14670K (29%)
ptolemy.util.test.WatchDog.cancel(): canceling Sun Sep 01 05:31:07 UTC 2019
------------------ testing $PTII/ptolemy/domains/de/test/auto/MergeModel2Add.xml
auto.tcl: Setting watchdog for 200 seconds at Sun Sep 01 05:31:07 UTC 2019
9 ms. Memory: 51200K Free: 18075K (35%)
ptolemy.util.test.WatchDog.cancel(): canceling Sun Sep 01 05:31:08 UTC 2019
auto.tcl: Setting watchdog for 200 seconds at Sun Sep 01 05:31:08 UTC 2019
8 ms. Memory: 51200K Free: 16388K (32%)
ptolemy.util.test.WatchDog.cancel(): canceling Sun Sep 01 05:31:08 UTC 2019
------------------ testing $PTII/ptolemy/domains/de/test/auto/MergeModel3Add.xml
auto.tcl: Setting watchdog for 200 seconds at Sun Sep 01 05:31:08 UTC 2019
8 ms. Memory: 51200K Free: 18344K (36%)
ptolemy.util.test.WatchDog.cancel(): canceling Sun Sep 01 05:31:08 UTC 2019
auto.tcl: Setting watchdog for 200 seconds at Sun Sep 01 05:31:08 UTC 2019
9 ms. Memory: 51200K Free: 16908K (33%)
ptolemy.util.test.WatchDog.cancel(): canceling Sun Sep 01 05:31:08 UTC 2019
------------------ testing $PTII/ptolemy/domains/de/test/auto/MergeWithoutDiscard.xml
auto.tcl: Setting watchdog for 200 seconds at Sun Sep 01 05:31:08 UTC 2019
2 ms. Memory: 51200K Free: 33235K (65%)
ptolemy.util.test.WatchDog.cancel(): canceling Sun Sep 01 05:31:08 UTC 2019
auto.tcl: Setting watchdog for 200 seconds at Sun Sep 01 05:31:08 UTC 2019
1 ms. Memory: 51200K Free: 32771K (64%)
ptolemy.util.test.WatchDog.cancel(): canceling Sun Sep 01 05:31:08 UTC 2019
------------------ testing $PTII/ptolemy/domains/de/test/auto/Modal1.xml
auto.tcl: Setting watchdog for 200 seconds at Sun Sep 01 05:31:08 UTC 2019
13 ms. Memory: 51200K Free: 24839K (49%)
ptolemy.util.test.WatchDog.cancel(): canceling Sun Sep 01 05:31:08 UTC 2019
auto.tcl: Setting watchdog for 200 seconds at Sun Sep 01 05:31:08 UTC 2019
13 ms. Memory: 51200K Free: 21346K (42%)
ptolemy.util.test.WatchDog.cancel(): canceling Sun Sep 01 05:31:08 UTC 2019
------------------ testing $PTII/ptolemy/domains/de/test/auto/Modal2.xml
auto.tcl: Setting watchdog for 200 seconds at Sun Sep 01 05:31:08 UTC 2019
19 ms. Memory: 51200K Free: 25230K (49%)
ptolemy.util.test.WatchDog.cancel(): canceling Sun Sep 01 05:31:08 UTC 2019
auto.tcl: Setting watchdog for 200 seconds at Sun Sep 01 05:31:08 UTC 2019
23 ms. Memory: 51200K Free: 21716K (42%)
ptolemy.util.test.WatchDog.cancel(): canceling Sun Sep 01 05:31:08 UTC 2019
------------------ testing $PTII/ptolemy/domains/de/test/auto/Modal3.xml
auto.tcl: Setting watchdog for 200 seconds at Sun Sep 01 05:31:08 UTC 2019
16 ms. Memory: 51200K Free: 24624K (48%)
ptolemy.util.test.WatchDog.cancel(): canceling Sun Sep 01 05:31:08 UTC 2019
auto.tcl: Setting watchdog for 200 seconds at Sun Sep 01 05:31:08 UTC 2019
16 ms. Memory: 51200K Free: 21719K (42%)
ptolemy.util.test.WatchDog.cancel(): canceling Sun Sep 01 05:31:08 UTC 2019
------------------ testing $PTII/ptolemy/domains/de/test/auto/Modal4.xml
auto.tcl: Setting watchdog for 200 seconds at Sun Sep 01 05:31:08 UTC 2019
31 ms. Memory: 48128K Free: 20841K (43%)
ptolemy.util.test.WatchDog.cancel(): canceling Sun Sep 01 05:31:08 UTC 2019
auto.tcl: Setting watchdog for 200 seconds at Sun Sep 01 05:31:08 UTC 2019
21 ms. Memory: 48128K Free: 17033K (35%)
ptolemy.util.test.WatchDog.cancel(): canceling Sun Sep 01 05:31:08 UTC 2019
------------------ testing $PTII/ptolemy/domains/de/test/auto/Modal5.xml
auto.tcl: Setting watchdog for 200 seconds at Sun Sep 01 05:31:08 UTC 2019
17 ms. Memory: 48128K Free: 20844K (43%)
ptolemy.util.test.WatchDog.cancel(): canceling Sun Sep 01 05:31:08 UTC 2019
auto.tcl: Setting watchdog for 200 seconds at Sun Sep 01 05:31:08 UTC 2019
16 ms. Memory: 48128K Free: 16608K (35%)
ptolemy.util.test.WatchDog.cancel(): canceling Sun Sep 01 05:31:08 UTC 2019
------------------ testing $PTII/ptolemy/domains/de/test/auto/Modal6.xml
auto.tcl: Setting watchdog for 200 seconds at Sun Sep 01 05:31:08 UTC 2019
13 ms. Memory: 48128K Free: 21602K (45%)
ptolemy.util.test.WatchDog.cancel(): canceling Sun Sep 01 05:31:08 UTC 2019
auto.tcl: Setting watchdog for 200 seconds at Sun Sep 01 05:31:08 UTC 2019
16 ms. Memory: 48128K Free: 17652K (37%)
ptolemy.util.test.WatchDog.cancel(): canceling Sun Sep 01 05:31:08 UTC 2019
------------------ testing $PTII/ptolemy/domains/de/test/auto/Modal7.xml
auto.tcl: Setting watchdog for 200 seconds at Sun Sep 01 05:31:09 UTC 2019
11 ms. Memory: 48128K Free: 20827K (43%)
ptolemy.util.test.WatchDog.cancel(): canceling Sun Sep 01 05:31:09 UTC 2019
auto.tcl: Setting watchdog for 200 seconds at Sun Sep 01 05:31:09 UTC 2019
12 ms. Memory: 48128K Free: 17263K (36%)
ptolemy.util.test.WatchDog.cancel(): canceling Sun Sep 01 05:31:09 UTC 2019
------------------ testing $PTII/ptolemy/domains/de/test/auto/ModalModel.xml
auto.tcl: Setting watchdog for 200 seconds at Sun Sep 01 05:31:09 UTC 2019
185 ms. Memory: 58368K Free: 24328K (42%)
ptolemy.util.test.WatchDog.cancel(): canceling Sun Sep 01 05:31:09 UTC 2019
auto.tcl: Setting watchdog for 200 seconds at Sun Sep 01 05:31:09 UTC 2019
186 ms. Memory: 58368K Free: 22809K (39%)
ptolemy.util.test.WatchDog.cancel(): canceling Sun Sep 01 05:31:09 UTC 2019
------------------ testing $PTII/ptolemy/domains/de/test/auto/ModalSource.xml
auto.tcl: Setting watchdog for 200 seconds at Sun Sep 01 05:31:09 UTC 2019
7 ms. Memory: 48128K Free: 25693K (53%)
ptolemy.util.test.WatchDog.cancel(): canceling Sun Sep 01 05:31:09 UTC 2019
auto.tcl: Setting watchdog for 200 seconds at Sun Sep 01 05:31:09 UTC 2019
7 ms. Memory: 48128K Free: 23645K (49%)
ptolemy.util.test.WatchDog.cancel(): canceling Sun Sep 01 05:31:09 UTC 2019
------------------ testing $PTII/ptolemy/domains/de/test/auto/NonInterruptibleTimerZeroDelay.xml
auto.tcl: Setting watchdog for 200 seconds at Sun Sep 01 05:31:09 UTC 2019
3 ms. Memory: 48128K Free: 30853K (64%)
ptolemy.util.test.WatchDog.cancel(): canceling Sun Sep 01 05:31:09 UTC 2019
auto.tcl: Setting watchdog for 200 seconds at Sun Sep 01 05:31:09 UTC 2019
3 ms. Memory: 48128K Free: 29992K (62%)
ptolemy.util.test.WatchDog.cancel(): canceling Sun Sep 01 05:31:09 UTC 2019
------------------ testing $PTII/ptolemy/domains/de/test/auto/OpenQueueingNetwork.xml
auto.tcl: Setting watchdog for 200 seconds at Sun Sep 01 05:31:09 UTC 2019
2947 ms. Memory: 95232K Free: 53775K (56%)
ptolemy.util.test.WatchDog.cancel(): canceling Sun Sep 01 05:31:12 UTC 2019
auto.tcl: Setting watchdog for 200 seconds at Sun Sep 01 05:31:12 UTC 2019
2708 ms. Memory: 116736K Free: 57269K (49%)
ptolemy.util.test.WatchDog.cancel(): canceling Sun Sep 01 05:31:15 UTC 2019
------------------ testing $PTII/ptolemy/domains/de/test/auto/OpenQueuingNetwork.xml
auto.tcl: Setting watchdog for 200 seconds at Sun Sep 01 05:31:15 UTC 2019
253 ms. Memory: 66560K Free: 36964K (56%)
ptolemy.util.test.WatchDog.cancel(): canceling Sun Sep 01 05:31:16 UTC 2019
auto.tcl: Setting watchdog for 200 seconds at Sun Sep 01 05:31:16 UTC 2019
234 ms. Memory: 66560K Free: 22537K (34%)
ptolemy.util.test.WatchDog.cancel(): canceling Sun Sep 01 05:31:16 UTC 2019
------------------ testing $PTII/ptolemy/domains/de/test/auto/PeriodicSampler.xml
auto.tcl: Setting watchdog for 200 seconds at Sun Sep 01 05:31:16 UTC 2019
3 ms. Memory: 48128K Free: 29830K (62%)
ptolemy.util.test.WatchDog.cancel(): canceling Sun Sep 01 05:31:16 UTC 2019
auto.tcl: Setting watchdog for 200 seconds at Sun Sep 01 05:31:16 UTC 2019
2 ms. Memory: 48128K Free: 29348K (61%)
ptolemy.util.test.WatchDog.cancel(): canceling Sun Sep 01 05:31:16 UTC 2019
------------------ testing $PTII/ptolemy/domains/de/test/auto/PersistentIO.xml
auto.tcl: Setting watchdog for 200 seconds at Sun Sep 01 05:31:16 UTC 2019
9 ms. Memory: 48128K Free: 24755K (51%)
ptolemy.util.test.WatchDog.cancel(): canceling Sun Sep 01 05:31:16 UTC 2019
auto.tcl: Setting watchdog for 200 seconds at Sun Sep 01 05:31:16 UTC 2019
4 ms. Memory: 48128K Free: 23275K (48%)
ptolemy.util.test.WatchDog.cancel(): canceling Sun Sep 01 05:31:16 UTC 2019
------------------ testing $PTII/ptolemy/domains/de/test/auto/PortParameterResetOnInitialize.xml
auto.tcl: Setting watchdog for 200 seconds at Sun Sep 01 05:31:16 UTC 2019
3 ms. Memory: 48128K Free: 29739K (62%)
ptolemy.util.test.WatchDog.cancel(): canceling Sun Sep 01 05:31:16 UTC 2019
auto.tcl: Setting watchdog for 200 seconds at Sun Sep 01 05:31:16 UTC 2019
2 ms. Memory: 48128K Free: 29260K (61%)
ptolemy.util.test.WatchDog.cancel(): canceling Sun Sep 01 05:31:16 UTC 2019
------------------ testing $PTII/ptolemy/domains/de/test/auto/PortParameterUpdates.xml
auto.tcl: Setting watchdog for 200 seconds at Sun Sep 01 05:31:16 UTC 2019
8 ms. Memory: 48128K Free: 27832K (58%)
ptolemy.util.test.WatchDog.cancel(): canceling Sun Sep 01 05:31:16 UTC 2019
auto.tcl: Setting watchdog for 200 seconds at Sun Sep 01 05:31:16 UTC 2019
6 ms. Memory: 48128K Free: 26357K (55%)
ptolemy.util.test.WatchDog.cancel(): canceling Sun Sep 01 05:31:16 UTC 2019
------------------ testing $PTII/ptolemy/domains/de/test/auto/QueueAndServer.xml
auto.tcl: Setting watchdog for 200 seconds at Sun Sep 01 05:31:16 UTC 2019
16 ms. Memory: 48128K Free: 26777K (56%)
ptolemy.util.test.WatchDog.cancel(): canceling Sun Sep 01 05:31:16 UTC 2019
auto.tcl: Setting watchdog for 200 seconds at Sun Sep 01 05:31:16 UTC 2019
11 ms. Memory: 48128K Free: 25308K (53%)
ptolemy.util.test.WatchDog.cancel(): canceling Sun Sep 01 05:31:16 UTC 2019
------------------ testing $PTII/ptolemy/domains/de/test/auto/Records.xml
auto.tcl: Setting watchdog for 200 seconds at Sun Sep 01 05:31:16 UTC 2019
6 ms. Memory: 48128K Free: 29292K (61%)
ptolemy.util.test.WatchDog.cancel(): canceling Sun Sep 01 05:31:16 UTC 2019
auto.tcl: Setting watchdog for 200 seconds at Sun Sep 01 05:31:16 UTC 2019
3 ms. Memory: 48128K Free: 28790K (60%)
ptolemy.util.test.WatchDog.cancel(): canceling Sun Sep 01 05:31:16 UTC 2019
------------------ testing $PTII/ptolemy/domains/de/test/auto/ResetTransitionWithStartTime1.xml
auto.tcl: Setting watchdog for 200 seconds at Sun Sep 01 05:31:16 UTC 2019
13 ms. Memory: 48128K Free: 26238K (55%)
ptolemy.util.test.WatchDog.cancel(): canceling Sun Sep 01 05:31:17 UTC 2019
auto.tcl: Setting watchdog for 200 seconds at Sun Sep 01 05:31:17 UTC 2019
7 ms. Memory: 48128K Free: 24188K (50%)
ptolemy.util.test.WatchDog.cancel(): canceling Sun Sep 01 05:31:17 UTC 2019
------------------ testing $PTII/ptolemy/domains/de/test/auto/ResetTransitionWithStartTime2.xml
auto.tcl: Setting watchdog for 200 seconds at Sun Sep 01 05:31:17 UTC 2019
6 ms. Memory: 48128K Free: 26194K (54%)
ptolemy.util.test.WatchDog.cancel(): canceling Sun Sep 01 05:31:17 UTC 2019
auto.tcl: Setting watchdog for 200 seconds at Sun Sep 01 05:31:17 UTC 2019
8 ms. Memory: 48128K Free: 23681K (49%)
ptolemy.util.test.WatchDog.cancel(): canceling Sun Sep 01 05:31:17 UTC 2019
------------------ testing $PTII/ptolemy/domains/de/test/auto/ResetTransitionWithStartTime3.xml
auto.tcl: Setting watchdog for 200 seconds at Sun Sep 01 05:31:17 UTC 2019
10 ms. Memory: 48128K Free: 26193K (54%)
ptolemy.util.test.WatchDog.cancel(): canceling Sun Sep 01 05:31:17 UTC 2019
auto.tcl: Setting watchdog for 200 seconds at Sun Sep 01 05:31:17 UTC 2019
6 ms. Memory: 48128K Free: 24145K (50%)
ptolemy.util.test.WatchDog.cancel(): canceling Sun Sep 01 05:31:17 UTC 2019
------------------ testing $PTII/ptolemy/domains/de/test/auto/ResetTransitionWithStartTime4.xml
auto.tcl: Setting watchdog for 200 seconds at Sun Sep 01 05:31:17 UTC 2019
11 ms. Memory: 48128K Free: 26681K (55%)
ptolemy.util.test.WatchDog.cancel(): canceling Sun Sep 01 05:31:17 UTC 2019
auto.tcl: Setting watchdog for 200 seconds at Sun Sep 01 05:31:17 UTC 2019
6 ms. Memory: 48128K Free: 25234K (52%)
ptolemy.util.test.WatchDog.cancel(): canceling Sun Sep 01 05:31:17 UTC 2019
------------------ testing $PTII/ptolemy/domains/de/test/auto/ResettableTimer1.xml
auto.tcl: Setting watchdog for 200 seconds at Sun Sep 01 05:31:17 UTC 2019
5 ms. Memory: 48128K Free: 30270K (63%)
ptolemy.util.test.WatchDog.cancel(): canceling Sun Sep 01 05:31:17 UTC 2019
auto.tcl: Setting watchdog for 200 seconds at Sun Sep 01 05:31:17 UTC 2019
3 ms. Memory: 48128K Free: 29297K (61%)
ptolemy.util.test.WatchDog.cancel(): canceling Sun Sep 01 05:31:17 UTC 2019
------------------ testing $PTII/ptolemy/domains/de/test/auto/ResettableTimer2.xml
auto.tcl: Setting watchdog for 200 seconds at Sun Sep 01 05:31:17 UTC 2019
4 ms. Memory: 48128K Free: 30326K (63%)
ptolemy.util.test.WatchDog.cancel(): canceling Sun Sep 01 05:31:17 UTC 2019
auto.tcl: Setting watchdog for 200 seconds at Sun Sep 01 05:31:17 UTC 2019
3 ms. Memory: 48128K Free: 29369K (61%)
ptolemy.util.test.WatchDog.cancel(): canceling Sun Sep 01 05:31:17 UTC 2019
------------------ testing $PTII/ptolemy/domains/de/test/auto/ResettableTimer3.xml
auto.tcl: Setting watchdog for 200 seconds at Sun Sep 01 05:31:17 UTC 2019
1 ms. Memory: 48128K Free: 30341K (63%)
ptolemy.util.test.WatchDog.cancel(): canceling Sun Sep 01 05:31:17 UTC 2019
auto.tcl: Setting watchdog for 200 seconds at Sun Sep 01 05:31:17 UTC 2019
2 ms. Memory: 48128K Free: 30325K (63%)
ptolemy.util.test.WatchDog.cancel(): canceling Sun Sep 01 05:31:17 UTC 2019
------------------ testing $PTII/ptolemy/domains/de/test/auto/ResettableTimer4.xml
auto.tcl: Setting watchdog for 200 seconds at Sun Sep 01 05:31:17 UTC 2019
2 ms. Memory: 48128K Free: 30354K (63%)
ptolemy.util.test.WatchDog.cancel(): canceling Sun Sep 01 05:31:17 UTC 2019
auto.tcl: Setting watchdog for 200 seconds at Sun Sep 01 05:31:17 UTC 2019
2 ms. Memory: 48128K Free: 29856K (62%)
ptolemy.util.test.WatchDog.cancel(): canceling Sun Sep 01 05:31:17 UTC 2019
------------------ testing $PTII/ptolemy/domains/de/test/auto/ResettableTimer5.xml
auto.tcl: Setting watchdog for 200 seconds at Sun Sep 01 05:31:17 UTC 2019
2 ms. Memory: 48128K Free: 29822K (62%)
ptolemy.util.test.WatchDog.cancel(): canceling Sun Sep 01 05:31:17 UTC 2019
auto.tcl: Setting watchdog for 200 seconds at Sun Sep 01 05:31:17 UTC 2019
2 ms. Memory: 48128K Free: 29342K (61%)
ptolemy.util.test.WatchDog.cancel(): canceling Sun Sep 01 05:31:17 UTC 2019
------------------ testing $PTII/ptolemy/domains/de/test/auto/ResettableTimer6.xml
auto.tcl: Setting watchdog for 200 seconds at Sun Sep 01 05:31:17 UTC 2019
2 ms. Memory: 48128K Free: 29807K (62%)
ptolemy.util.test.WatchDog.cancel(): canceling Sun Sep 01 05:31:17 UTC 2019
auto.tcl: Setting watchdog for 200 seconds at Sun Sep 01 05:31:17 UTC 2019
2 ms. Memory: 48128K Free: 29303K (61%)
ptolemy.util.test.WatchDog.cancel(): canceling Sun Sep 01 05:31:17 UTC 2019
------------------ testing $PTII/ptolemy/domains/de/test/auto/ServerZeroDelay.xml
auto.tcl: Setting watchdog for 200 seconds at Sun Sep 01 05:31:17 UTC 2019
3 ms. Memory: 48128K Free: 30318K (63%)
ptolemy.util.test.WatchDog.cancel(): canceling Sun Sep 01 05:31:17 UTC 2019
auto.tcl: Setting watchdog for 200 seconds at Sun Sep 01 05:31:17 UTC 2019
3 ms. Memory: 48128K Free: 29318K (61%)
ptolemy.util.test.WatchDog.cancel(): canceling Sun Sep 01 05:31:17 UTC 2019
------------------ testing $PTII/ptolemy/domains/de/test/auto/SmartSender.xml
auto.tcl: Setting watchdog for 200 seconds at Sun Sep 01 05:31:17 UTC 2019
3001 ms. Memory: 48128K Free: 30312K (63%)
ptolemy.util.test.WatchDog.cancel(): canceling Sun Sep 01 05:31:20 UTC 2019
auto.tcl: Setting watchdog for 200 seconds at Sun Sep 01 05:31:20 UTC 2019
3003 ms. Memory: 48128K Free: 29816K (62%)
ptolemy.util.test.WatchDog.cancel(): canceling Sun Sep 01 05:31:24 UTC 2019
------------------ testing $PTII/ptolemy/domains/de/test/auto/ThreadedComposite.xml
auto.tcl: Setting watchdog for 200 seconds at Sun Sep 01 05:31:24 UTC 2019
258 ms. Memory: 48128K Free: 8308K (17%)
ptolemy.util.test.WatchDog.cancel(): canceling Sun Sep 01 05:31:24 UTC 2019
auto.tcl: Setting watchdog for 200 seconds at Sun Sep 01 05:31:24 UTC 2019
198 ms. Memory: 48128K Free: 19827K (41%)
ptolemy.util.test.WatchDog.cancel(): canceling Sun Sep 01 05:31:24 UTC 2019
------------------ testing $PTII/ptolemy/domains/de/test/auto/Time.xml
auto.tcl: Setting watchdog for 200 seconds at Sun Sep 01 05:31:24 UTC 2019
550 ms. Memory: 48128K Free: 31511K (65%)
ptolemy.util.test.WatchDog.cancel(): canceling Sun Sep 01 05:31:25 UTC 2019
auto.tcl: Setting watchdog for 200 seconds at Sun Sep 01 05:31:25 UTC 2019
474 ms. Memory: 48128K Free: 8378K (17%)
ptolemy.util.test.WatchDog.cancel(): canceling Sun Sep 01 05:31:25 UTC 2019
------------------ testing $PTII/ptolemy/domains/de/test/auto/TimeDelayZeroDelay.xml
auto.tcl: Setting watchdog for 200 seconds at Sun Sep 01 05:31:25 UTC 2019
3 ms. Memory: 48128K Free: 30746K (64%)
ptolemy.util.test.WatchDog.cancel(): canceling Sun Sep 01 05:31:25 UTC 2019
auto.tcl: Setting watchdog for 200 seconds at Sun Sep 01 05:31:25 UTC 2019
3 ms. Memory: 48128K Free: 29838K (62%)
ptolemy.util.test.WatchDog.cancel(): canceling Sun Sep 01 05:31:25 UTC 2019
------------------ testing $PTII/ptolemy/domains/de/test/auto/TimerZeroDelay.xml
auto.tcl: Setting watchdog for 200 seconds at Sun Sep 01 05:31:25 UTC 2019
4 ms. Memory: 48128K Free: 30740K (64%)
ptolemy.util.test.WatchDog.cancel(): canceling Sun Sep 01 05:31:25 UTC 2019
auto.tcl: Setting watchdog for 200 seconds at Sun Sep 01 05:31:25 UTC 2019
3 ms. Memory: 48128K Free: 29881K (62%)
ptolemy.util.test.WatchDog.cancel(): canceling Sun Sep 01 05:31:25 UTC 2019
------------------ testing $PTII/ptolemy/domains/de/test/auto/TimingParadox.xml
auto.tcl: Setting watchdog for 200 seconds at Sun Sep 01 05:31:25 UTC 2019
336 ms. Memory: 48128K Free: 15971K (33%)
ptolemy.util.test.WatchDog.cancel(): canceling Sun Sep 01 05:31:26 UTC 2019
auto.tcl: Setting watchdog for 200 seconds at Sun Sep 01 05:31:26 UTC 2019
329 ms. Memory: 58368K Free: 39865K (68%)
ptolemy.util.test.WatchDog.cancel(): canceling Sun Sep 01 05:31:26 UTC 2019
------------------ testing $PTII/ptolemy/domains/de/test/auto/TransferInputs.xml
auto.tcl: Setting watchdog for 200 seconds at Sun Sep 01 05:31:26 UTC 2019
2 ms. Memory: 51200K Free: 31825K (62%)
ptolemy.util.test.WatchDog.cancel(): canceling Sun Sep 01 05:31:26 UTC 2019
auto.tcl: Setting watchdog for 200 seconds at Sun Sep 01 05:31:26 UTC 2019
1 ms. Memory: 51200K Free: 30906K (60%)
ptolemy.util.test.WatchDog.cancel(): canceling Sun Sep 01 05:31:26 UTC 2019
------------------ testing $PTII/ptolemy/domains/de/test/auto/TransferOutputs2.xml
auto.tcl: Setting watchdog for 200 seconds at Sun Sep 01 05:31:26 UTC 2019
12 ms. Memory: 48128K Free: 26195K (54%)
ptolemy.util.test.WatchDog.cancel(): canceling Sun Sep 01 05:31:26 UTC 2019
auto.tcl: Setting watchdog for 200 seconds at Sun Sep 01 05:31:26 UTC 2019
3 ms. Memory: 48128K Free: 24793K (52%)
ptolemy.util.test.WatchDog.cancel(): canceling Sun Sep 01 05:31:26 UTC 2019
------------------ testing $PTII/ptolemy/domains/de/test/auto/Trilateration.xml
auto.tcl: Setting watchdog for 200 seconds at Sun Sep 01 05:31:27 UTC 2019
15774 ms. Memory: 388096K Free: 263434K (68%)
ptolemy.util.test.WatchDog.cancel(): canceling Sun Sep 01 05:31:44 UTC 2019
auto.tcl: Setting watchdog for 200 seconds at Sun Sep 01 05:31:44 UTC 2019
12041 ms. Memory: 388096K Free: 173233K (45%)
ptolemy.util.test.WatchDog.cancel(): canceling Sun Sep 01 05:31:56 UTC 2019
------------------ testing $PTII/ptolemy/domains/de/test/auto/TwoSigmaDelta.xml
auto.tcl: Setting watchdog for 200 seconds at Sun Sep 01 05:31:56 UTC 2019
2816 ms. Memory: 89088K Free: 19753K (22%)
ptolemy.util.test.WatchDog.cancel(): canceling Sun Sep 01 05:31:59 UTC 2019
auto.tcl: Setting watchdog for 200 seconds at Sun Sep 01 05:31:59 UTC 2019
2056 ms. Memory: 89088K Free: 16664K (19%)
ptolemy.util.test.WatchDog.cancel(): canceling Sun Sep 01 05:32:01 UTC 2019
------------------ testing $PTII/ptolemy/domains/de/test/auto/VariableDelay.xml
auto.tcl: Setting watchdog for 200 seconds at Sun Sep 01 05:32:01 UTC 2019
5 ms. Memory: 51200K Free: 32298K (63%)
ptolemy.util.test.WatchDog.cancel(): canceling Sun Sep 01 05:32:01 UTC 2019
auto.tcl: Setting watchdog for 200 seconds at Sun Sep 01 05:32:01 UTC 2019
2 ms. Memory: 51200K Free: 31304K (61%)
ptolemy.util.test.WatchDog.cancel(): canceling Sun Sep 01 05:32:01 UTC 2019
------------------ testing $PTII/ptolemy/domains/de/test/auto/VariableDelay2.xml
auto.tcl: Setting watchdog for 200 seconds at Sun Sep 01 05:32:01 UTC 2019
12 ms. Memory: 51200K Free: 32696K (64%)
ptolemy.util.test.WatchDog.cancel(): canceling Sun Sep 01 05:32:01 UTC 2019
auto.tcl: Setting watchdog for 200 seconds at Sun Sep 01 05:32:01 UTC 2019
2 ms. Memory: 51200K Free: 32216K (63%)
ptolemy.util.test.WatchDog.cancel(): canceling Sun Sep 01 05:32:01 UTC 2019
------------------ testing $PTII/ptolemy/domains/de/test/auto/VariableDelayZeroDelay.xml
auto.tcl: Setting watchdog for 200 seconds at Sun Sep 01 05:32:01 UTC 2019
3 ms. Memory: 48128K Free: 30168K (63%)
ptolemy.util.test.WatchDog.cancel(): canceling Sun Sep 01 05:32:01 UTC 2019
auto.tcl: Setting watchdog for 200 seconds at Sun Sep 01 05:32:01 UTC 2019
2 ms. Memory: 48128K Free: 29684K (62%)
ptolemy.util.test.WatchDog.cancel(): canceling Sun Sep 01 05:32:01 UTC 2019
------------------ testing $PTII/ptolemy/domains/de/test/auto/VariableDelayZeroDelay2.xml
auto.tcl: Setting watchdog for 200 seconds at Sun Sep 01 05:32:01 UTC 2019
3 ms. Memory: 48128K Free: 30167K (63%)
ptolemy.util.test.WatchDog.cancel(): canceling Sun Sep 01 05:32:01 UTC 2019
auto.tcl: Setting watchdog for 200 seconds at Sun Sep 01 05:32:01 UTC 2019
4 ms. Memory: 48128K Free: 29221K (61%)
ptolemy.util.test.WatchDog.cancel(): canceling Sun Sep 01 05:32:01 UTC 2019
------------------ testing $PTII/ptolemy/domains/de/test/auto/deInCt.xml
auto.tcl: Setting watchdog for 200 seconds at Sun Sep 01 05:32:01 UTC 2019
0
1
1
1
1
1
0
0
0
0
1
1
0
0
0
1
1
1
0
0
0
1
1
1
0
0
0
0
1
1
1
0
0
0
1
1
1
1
1
0
0
0
0
22 ms. Memory: 48128K Free: 29140K (61%)
ptolemy.util.test.WatchDog.cancel(): canceling Sun Sep 01 05:32:01 UTC 2019
auto.tcl: Setting watchdog for 200 seconds at Sun Sep 01 05:32:01 UTC 2019
0
1
1
1
0
0
0
1
1
1
1
0
0
0
0
1
1
1
1
0
0
0
0
0
0
1
1
1
1
0
0
0
12 ms. Memory: 48128K Free: 27650K (57%)
ptolemy.util.test.WatchDog.cancel(): canceling Sun Sep 01 05:32:01 UTC 2019
------------------ testing $PTII/ptolemy/domains/de/test/auto/deInCt2.xml
auto.tcl: Setting watchdog for 200 seconds at Sun Sep 01 05:32:01 UTC 2019
0
1
1
1
0
0
1
1
1
0
0
1
1
1
0
0
1
1
1
0
0
1
1
1
0
0
1
1
1
0
0
1
1
1
0
0
1
1
1
0
0
0
11 ms. Memory: 48128K Free: 29142K (61%)
ptolemy.util.test.WatchDog.cancel(): canceling Sun Sep 01 05:32:01 UTC 2019
auto.tcl: Setting watchdog for 200 seconds at Sun Sep 01 05:32:01 UTC 2019
0
1
1
1
0
0
1
1
1
0
0
1
1
1
0
0
1
1
1
0
0
1
1
1
0
0
1
1
1
0
0
1
1
1
0
0
1
1
1
0
0
0
7 ms. Memory: 48128K Free: 27652K (57%)
ptolemy.util.test.WatchDog.cancel(): canceling Sun Sep 01 05:32:01 UTC 2019
------------------ testing $PTII/ptolemy/domains/de/test/auto/dynamicCausalityInterface1.xml
auto.tcl: Setting watchdog for 200 seconds at Sun Sep 01 05:32:01 UTC 2019
2 ms. Memory: 48128K Free: 24513K (51%)
ptolemy.util.test.WatchDog.cancel(): canceling Sun Sep 01 05:32:01 UTC 2019
auto.tcl: Setting watchdog for 200 seconds at Sun Sep 01 05:32:01 UTC 2019
2 ms. Memory: 48128K Free: 24017K (50%)
ptolemy.util.test.WatchDog.cancel(): canceling Sun Sep 01 05:32:02 UTC 2019
------------------ testing $PTII/ptolemy/domains/de/test/auto/fsm_de_test.xml
auto.tcl: Setting watchdog for 200 seconds at Sun Sep 01 05:32:02 UTC 2019
13 ms. Memory: 48128K Free: 24939K (52%)
ptolemy.util.test.WatchDog.cancel(): canceling Sun Sep 01 05:32:02 UTC 2019
auto.tcl: Setting watchdog for 200 seconds at Sun Sep 01 05:32:02 UTC 2019
7 ms. Memory: 48128K Free: 22955K (48%)
ptolemy.util.test.WatchDog.cancel(): canceling Sun Sep 01 05:32:02 UTC 2019
------------------ testing $PTII/ptolemy/domains/de/test/auto/functionDependencyReconstruction.xml
auto.tcl: Setting watchdog for 200 seconds at Sun Sep 01 05:32:02 UTC 2019
3 ms. Memory: 48128K Free: 18785K (39%)
ptolemy.util.test.WatchDog.cancel(): canceling Sun Sep 01 05:32:02 UTC 2019
auto.tcl: Setting watchdog for 200 seconds at Sun Sep 01 05:32:02 UTC 2019
2 ms. Memory: 48128K Free: 16777K (35%)
ptolemy.util.test.WatchDog.cancel(): canceling Sun Sep 01 05:32:02 UTC 2019
------------------ testing $PTII/ptolemy/domains/de/test/auto/multirate.xml
auto.tcl: Setting watchdog for 200 seconds at Sun Sep 01 05:32:02 UTC 2019
5 ms. Memory: 48128K Free: 27388K (57%)
ptolemy.util.test.WatchDog.cancel(): canceling Sun Sep 01 05:32:02 UTC 2019
auto.tcl: Setting watchdog for 200 seconds at Sun Sep 01 05:32:02 UTC 2019
4 ms. Memory: 48128K Free: 25915K (54%)
ptolemy.util.test.WatchDog.cancel(): canceling Sun Sep 01 05:32:02 UTC 2019
------------------ testing $PTII/ptolemy/domains/de/test/auto/multirate2.xml
auto.tcl: Setting watchdog for 200 seconds at Sun Sep 01 05:32:02 UTC 2019
4 ms. Memory: 48128K Free: 27788K (58%)
ptolemy.util.test.WatchDog.cancel(): canceling Sun Sep 01 05:32:02 UTC 2019
auto.tcl: Setting watchdog for 200 seconds at Sun Sep 01 05:32:02 UTC 2019
4 ms. Memory: 48128K Free: 26083K (54%)
ptolemy.util.test.WatchDog.cancel(): canceling Sun Sep 01 05:32:02 UTC 2019
------------------ testing $PTII/ptolemy/domains/de/test/auto/realtime.xml
auto.tcl: Setting watchdog for 200 seconds at Sun Sep 01 05:32:02 UTC 2019
10001 ms. Memory: 48128K Free: 29860K (62%)
ptolemy.util.test.WatchDog.cancel(): canceling Sun Sep 01 05:32:12 UTC 2019
auto.tcl: Setting watchdog for 200 seconds at Sun Sep 01 05:32:12 UTC 2019
10002 ms. Memory: 48128K Free: 29118K (61%)
ptolemy.util.test.WatchDog.cancel(): canceling Sun Sep 01 05:32:22 UTC 2019
------------------ testing $PTII/ptolemy/domains/de/test/auto/relationGroup.xml
auto.tcl: Setting watchdog for 200 seconds at Sun Sep 01 05:32:22 UTC 2019
2 ms. Memory: 48128K Free: 30878K (64%)
ptolemy.util.test.WatchDog.cancel(): canceling Sun Sep 01 05:32:22 UTC 2019
auto.tcl: Setting watchdog for 200 seconds at Sun Sep 01 05:32:22 UTC 2019
2 ms. Memory: 48128K Free: 30168K (63%)
ptolemy.util.test.WatchDog.cancel(): canceling Sun Sep 01 05:32:22 UTC 2019
------------------ testing $PTII/ptolemy/domains/de/test/auto/relationGroup2.xml
auto.tcl: Setting watchdog for 200 seconds at Sun Sep 01 05:32:22 UTC 2019
1 ms. Memory: 48128K Free: 30911K (64%)
ptolemy.util.test.WatchDog.cancel(): canceling Sun Sep 01 05:32:22 UTC 2019
auto.tcl: Setting watchdog for 200 seconds at Sun Sep 01 05:32:22 UTC 2019
2 ms. Memory: 48128K Free: 30193K (63%)
ptolemy.util.test.WatchDog.cancel(): canceling Sun Sep 01 05:32:22 UTC 2019
------------------ testing $PTII/ptolemy/domains/de/test/auto/sortWithOpaquePorts.xml
auto.tcl: Setting watchdog for 200 seconds at Sun Sep 01 05:32:22 UTC 2019
2 ms. Memory: 48128K Free: 29666K (62%)
ptolemy.util.test.WatchDog.cancel(): canceling Sun Sep 01 05:32:22 UTC 2019
auto.tcl: Setting watchdog for 200 seconds at Sun Sep 01 05:32:22 UTC 2019
2 ms. Memory: 48128K Free: 28674K (60%)
ptolemy.util.test.WatchDog.cancel(): canceling Sun Sep 01 05:32:22 UTC 2019
------------------ testing $PTII/ptolemy/domains/de/test/auto/transferInputsandOutputs.xml
auto.tcl: Setting watchdog for 200 seconds at Sun Sep 01 05:32:22 UTC 2019
2 ms. Memory: 48128K Free: 27109K (56%)
ptolemy.util.test.WatchDog.cancel(): canceling Sun Sep 01 05:32:22 UTC 2019
auto.tcl: Setting watchdog for 200 seconds at Sun Sep 01 05:32:22 UTC 2019
3 ms. Memory: 48128K Free: 26112K (54%)
ptolemy.util.test.WatchDog.cancel(): canceling Sun Sep 01 05:32:22 UTC 2019
------------------ testing $PTII/ptolemy/domains/de/test/auto/triggerType.xml
auto.tcl: Setting watchdog for 200 seconds at Sun Sep 01 05:32:22 UTC 2019
2 ms. Memory: 48128K Free: 30134K (63%)
ptolemy.util.test.WatchDog.cancel(): canceling Sun Sep 01 05:32:22 UTC 2019
auto.tcl: Setting watchdog for 200 seconds at Sun Sep 01 05:32:22 UTC 2019
2 ms. Memory: 48128K Free: 29130K (61%)
ptolemy.util.test.WatchDog.cancel(): canceling Sun Sep 01 05:32:22 UTC 2019
09/01/19 05:32:22
Failed: 0  Total Tests: 192  ((Passed: 187, Newly Passed: 1)  Known Failed: 5) /home/travis/build/icyphy/ptII/ptolemy/domains/de/test
09/01/19 05:32:23
Failed: 0  Total Tests: 192  ((Passed: 187, Newly Passed: 1)  Known Failed: 5) /home/travis/build/icyphy/ptII/ptolemy/domains/de/test
----------------- testing (KnownFailure) /home/travis/build/icyphy/ptII/ptolemy/domains/de/test/auto/knownFailedTests/DESDFClockTest.xml
2014 ms. Memory: 48128K Free: 23529K (49%)
Known Failure: java.lang.reflect.InvocationTargetException
----------------- testing (KnownFailure) /home/travis/build/icyphy/ptII/ptolemy/domains/de/test/auto/knownFailedTests/DirectFeedback.xml
1 ms. Memory: 48128K Free: 19947K (41%)
Known Failure: java.lang.reflect.InvocationTargetException
----------------- testing (KnownFailure) /home/travis/build/icyphy/ptII/ptolemy/domains/de/test/auto/knownFailedTests/FSMSource.xml
7 ms. Memory: 48128K Free: 12251K (25%)
----------------- testing (KnownFailure) /home/travis/build/icyphy/ptII/ptolemy/domains/de/test/auto/knownFailedTests/HierarchicalModel.xml
3 ms. Memory: 48128K Free: 22223K (46%)
Known Failure: java.lang.reflect.InvocationTargetException
----------------- testing (KnownFailure) /home/travis/build/icyphy/ptII/ptolemy/domains/de/test/auto/knownFailedTests/dependencyLoop.xml
9 ms. Memory: 48128K Free: 32694K (68%)
Known Failure: java.lang.reflect.InvocationTargetException
----------------- testing (KnownFailure) /home/travis/build/icyphy/ptII/ptolemy/domains/de/test/auto/knownFailedTests/dependencyLoop2.xml
8 ms. Memory: 48128K Free: 17470K (36%)
Known Failure: java.lang.reflect.InvocationTargetException
No auto/linux-amd64/*.xml tests in /home/travis/build/icyphy/ptII/ptolemy/domains/de/test
AutoTests.java: About to close Vertx.
AutoTests.java: Vertx closed.

===========================================================================================
----------------- testing Sun Sep 01 05:32:25 UTC 2019 /home/travis/build/icyphy/ptII/ptolemy/domains/de/test/auto/ActorDepthCalculation_actorWithoutPorts.xml
----------------- Instantiating /home/travis/build/icyphy/ptII/ptolemy/domains/de/test/auto/ActorDepthCalculation_actorWithoutPorts.xml
3 ms. Memory: 48128K Free: 11491K (24%)
----------------- Invoking toplevel() on ptolemy.moml.MoMLSimpleApplication@4b0b572c
----------------- Done invoking toplevel() on ptolemy.moml.MoMLSimpleApplication@4b0b572c
reloadAllAccessors: .ActorDepthCalculation_actorWithoutPorts

===========================================================================================
----------------- testing Sun Sep 01 05:32:25 UTC 2019 /home/travis/build/icyphy/ptII/ptolemy/domains/de/test/auto/AssemblyLine.xml
----------------- Instantiating /home/travis/build/icyphy/ptII/ptolemy/domains/de/test/auto/AssemblyLine.xml
2 ms. Memory: 48128K Free: 29968K (62%)
----------------- Invoking toplevel() on ptolemy.moml.MoMLSimpleApplication@32da2153
----------------- Done invoking toplevel() on ptolemy.moml.MoMLSimpleApplication@32da2153
reloadAllAccessors: .AssemblyLine

===========================================================================================
----------------- testing Sun Sep 01 05:32:25 UTC 2019 /home/travis/build/icyphy/ptII/ptolemy/domains/de/test/auto/CQBug1.xml
----------------- Instantiating /home/travis/build/icyphy/ptII/ptolemy/domains/de/test/auto/CQBug1.xml
1 ms. Memory: 48128K Free: 27056K (56%)
----------------- Invoking toplevel() on ptolemy.moml.MoMLSimpleApplication@2e760fbf
----------------- Done invoking toplevel() on ptolemy.moml.MoMLSimpleApplication@2e760fbf
reloadAllAccessors: .CQBug1

===========================================================================================
----------------- testing Sun Sep 01 05:32:25 UTC 2019 /home/travis/build/icyphy/ptII/ptolemy/domains/de/test/auto/CancelFireAt.xml
----------------- Instantiating /home/travis/build/icyphy/ptII/ptolemy/domains/de/test/auto/CancelFireAt.xml
2 ms. Memory: 48128K Free: 24755K (51%)
----------------- Invoking toplevel() on ptolemy.moml.MoMLSimpleApplication@ea5d12d
----------------- Done invoking toplevel() on ptolemy.moml.MoMLSimpleApplication@ea5d12d
reloadAllAccessors: .CancelFireAt

===========================================================================================
----------------- testing Sun Sep 01 05:32:25 UTC 2019 /home/travis/build/icyphy/ptII/ptolemy/domains/de/test/auto/CausalityAndComposabilityAnalysis.xml
----------------- Instantiating /home/travis/build/icyphy/ptII/ptolemy/domains/de/test/auto/CausalityAndComposabilityAnalysis.xml
2 ms. Memory: 48128K Free: 20430K (42%)
----------------- Invoking toplevel() on ptolemy.moml.MoMLSimpleApplication@1d6fc420
----------------- Done invoking toplevel() on ptolemy.moml.MoMLSimpleApplication@1d6fc420
reloadAllAccessors: .CausalityAndComposabilityAnalysis

===========================================================================================
----------------- testing Sun Sep 01 05:32:25 UTC 2019 /home/travis/build/icyphy/ptII/ptolemy/domains/de/test/auto/CausalityInterface1.xml
----------------- Instantiating /home/travis/build/icyphy/ptII/ptolemy/domains/de/test/auto/CausalityInterface1.xml
6 ms. Memory: 48128K Free: 15509K (32%)
----------------- Invoking toplevel() on ptolemy.moml.MoMLSimpleApplication@4ae996c1
----------------- Done invoking toplevel() on ptolemy.moml.MoMLSimpleApplication@4ae996c1
reloadAllAccessors: .CausalityInterface1

===========================================================================================
----------------- testing Sun Sep 01 05:32:25 UTC 2019 /home/travis/build/icyphy/ptII/ptolemy/domains/de/test/auto/CausalityInterface15.xml
----------------- Instantiating /home/travis/build/icyphy/ptII/ptolemy/domains/de/test/auto/CausalityInterface15.xml
2 ms. Memory: 48128K Free: 9990K (21%)
----------------- Invoking toplevel() on ptolemy.moml.MoMLSimpleApplication@6be97db
----------------- Done invoking toplevel() on ptolemy.moml.MoMLSimpleApplication@6be97db
reloadAllAccessors: .CausalityInterface15

===========================================================================================
----------------- testing Sun Sep 01 05:32:25 UTC 2019 /home/travis/build/icyphy/ptII/ptolemy/domains/de/test/auto/CausalityInterface2.xml
----------------- Instantiating /home/travis/build/icyphy/ptII/ptolemy/domains/de/test/auto/CausalityInterface2.xml
2 ms. Memory: 48128K Free: 31084K (65%)
----------------- Invoking toplevel() on ptolemy.moml.MoMLSimpleApplication@32d76bab
----------------- Done invoking toplevel() on ptolemy.moml.MoMLSimpleApplication@32d76bab
reloadAllAccessors: .CausalityInterface2

===========================================================================================
----------------- testing Sun Sep 01 05:32:25 UTC 2019 /home/travis/build/icyphy/ptII/ptolemy/domains/de/test/auto/CausalityInterface3.xml
----------------- Instantiating /home/travis/build/icyphy/ptII/ptolemy/domains/de/test/auto/CausalityInterface3.xml
2 ms. Memory: 48128K Free: 25978K (54%)
----------------- Invoking toplevel() on ptolemy.moml.MoMLSimpleApplication@cc087d4
----------------- Done invoking toplevel() on ptolemy.moml.MoMLSimpleApplication@cc087d4
reloadAllAccessors: .CausalityInterface3

===========================================================================================
----------------- testing Sun Sep 01 05:32:25 UTC 2019 /home/travis/build/icyphy/ptII/ptolemy/domains/de/test/auto/ClockDrift.xml
----------------- Instantiating /home/travis/build/icyphy/ptII/ptolemy/domains/de/test/auto/ClockDrift.xml
14 ms. Memory: 48128K Free: 14120K (29%)
----------------- Invoking toplevel() on ptolemy.moml.MoMLSimpleApplication@7977a9b7
----------------- Done invoking toplevel() on ptolemy.moml.MoMLSimpleApplication@7977a9b7
reloadAllAccessors: .ClockDrift

===========================================================================================
----------------- testing Sun Sep 01 05:32:25 UTC 2019 /home/travis/build/icyphy/ptII/ptolemy/domains/de/test/auto/ClockDriftAndValueChange.xml
----------------- Instantiating /home/travis/build/icyphy/ptII/ptolemy/domains/de/test/auto/ClockDriftAndValueChange.xml
11 ms. Memory: 48128K Free: 28024K (58%)
----------------- Invoking toplevel() on ptolemy.moml.MoMLSimpleApplication@73caf4b6
----------------- Done invoking toplevel() on ptolemy.moml.MoMLSimpleApplication@73caf4b6
reloadAllAccessors: .ClockDriftAndValueChange

===========================================================================================
----------------- testing Sun Sep 01 05:32:25 UTC 2019 /home/travis/build/icyphy/ptII/ptolemy/domains/de/test/auto/ClockDriftChange.xml
----------------- Instantiating /home/travis/build/icyphy/ptII/ptolemy/domains/de/test/auto/ClockDriftChange.xml
10 ms. Memory: 48128K Free: 18112K (38%)
----------------- Invoking toplevel() on ptolemy.moml.MoMLSimpleApplication@2d0d503
----------------- Done invoking toplevel() on ptolemy.moml.MoMLSimpleApplication@2d0d503
reloadAllAccessors: .ClockDriftChange

===========================================================================================
----------------- testing Sun Sep 01 05:32:25 UTC 2019 /home/travis/build/icyphy/ptII/ptolemy/domains/de/test/auto/ComposableCausalityAnalysis.xml
----------------- Instantiating /home/travis/build/icyphy/ptII/ptolemy/domains/de/test/auto/ComposableCausalityAnalysis.xml
1 ms. Memory: 48128K Free: 12298K (26%)
----------------- Invoking toplevel() on ptolemy.moml.MoMLSimpleApplication@2bdbc7f1
----------------- Done invoking toplevel() on ptolemy.moml.MoMLSimpleApplication@2bdbc7f1
reloadAllAccessors: .ComposableCausalityAnalysis

===========================================================================================
----------------- testing Sun Sep 01 05:32:25 UTC 2019 /home/travis/build/icyphy/ptII/ptolemy/domains/de/test/auto/DEFixedPointLimitation.xml
----------------- Instantiating /home/travis/build/icyphy/ptII/ptolemy/domains/de/test/auto/DEFixedPointLimitation.xml
1 ms. Memory: 48128K Free: 32524K (68%)
----------------- Invoking toplevel() on ptolemy.moml.MoMLSimpleApplication@1a93c175
----------------- Done invoking toplevel() on ptolemy.moml.MoMLSimpleApplication@1a93c175
reloadAllAccessors: .DEFixedPointLimitation

===========================================================================================
----------------- testing Sun Sep 01 05:32:25 UTC 2019 /home/travis/build/icyphy/ptII/ptolemy/domains/de/test/auto/DEScheduleTest.xml
----------------- Instantiating /home/travis/build/icyphy/ptII/ptolemy/domains/de/test/auto/DEScheduleTest.xml
2 ms. Memory: 48128K Free: 28272K (59%)
----------------- Invoking toplevel() on ptolemy.moml.MoMLSimpleApplication@25076856
----------------- Done invoking toplevel() on ptolemy.moml.MoMLSimpleApplication@25076856
reloadAllAccessors: .DEScheduleTest

===========================================================================================
----------------- testing Sun Sep 01 05:32:25 UTC 2019 /home/travis/build/icyphy/ptII/ptolemy/domains/de/test/auto/DEinDEwithStartTimes.xml
----------------- Instantiating /home/travis/build/icyphy/ptII/ptolemy/domains/de/test/auto/DEinDEwithStartTimes.xml
2 ms. Memory: 48128K Free: 22660K (47%)
----------------- Invoking toplevel() on ptolemy.moml.MoMLSimpleApplication@31678ed6
----------------- Done invoking toplevel() on ptolemy.moml.MoMLSimpleApplication@31678ed6
reloadAllAccessors: .DEinDEwithStartTimes

===========================================================================================
----------------- testing Sun Sep 01 05:32:25 UTC 2019 /home/travis/build/icyphy/ptII/ptolemy/domains/de/test/auto/DEinDEwithStartTimes2.xml
----------------- Instantiating /home/travis/build/icyphy/ptII/ptolemy/domains/de/test/auto/DEinDEwithStartTimes2.xml
2 ms. Memory: 48128K Free: 16059K (33%)
----------------- Invoking toplevel() on ptolemy.moml.MoMLSimpleApplication@1c5b0c7d
----------------- Done invoking toplevel() on ptolemy.moml.MoMLSimpleApplication@1c5b0c7d
reloadAllAccessors: .DEinDEwithStartTimes2

===========================================================================================
----------------- testing Sun Sep 01 05:32:25 UTC 2019 /home/travis/build/icyphy/ptII/ptolemy/domains/de/test/auto/DateDemo.xml
----------------- Instantiating /home/travis/build/icyphy/ptII/ptolemy/domains/de/test/auto/DateDemo.xml
8 ms. Memory: 48128K Free: 29270K (61%)
----------------- Invoking toplevel() on ptolemy.moml.MoMLSimpleApplication@ff36c71
----------------- Done invoking toplevel() on ptolemy.moml.MoMLSimpleApplication@ff36c71
reloadAllAccessors: .DateDemo

===========================================================================================
----------------- testing Sun Sep 01 05:32:25 UTC 2019 /home/travis/build/icyphy/ptII/ptolemy/domains/de/test/auto/DateToEvent.xml
----------------- Instantiating /home/travis/build/icyphy/ptII/ptolemy/domains/de/test/auto/DateToEvent.xml
2006 ms. Memory: 48128K Free: 13655K (28%)
----------------- Invoking toplevel() on ptolemy.moml.MoMLSimpleApplication@76b0927
----------------- Done invoking toplevel() on ptolemy.moml.MoMLSimpleApplication@76b0927
reloadAllAccessors: .DateToEvent

===========================================================================================
----------------- testing Sun Sep 01 05:32:27 UTC 2019 /home/travis/build/icyphy/ptII/ptolemy/domains/de/test/auto/DepthTest1.xml
----------------- Instantiating /home/travis/build/icyphy/ptII/ptolemy/domains/de/test/auto/DepthTest1.xml
2 ms. Memory: 48128K Free: 10725K (22%)
----------------- Invoking toplevel() on ptolemy.moml.MoMLSimpleApplication@78e88648
----------------- Done invoking toplevel() on ptolemy.moml.MoMLSimpleApplication@78e88648
reloadAllAccessors: .DepthTest1

===========================================================================================
----------------- testing Sun Sep 01 05:32:27 UTC 2019 /home/travis/build/icyphy/ptII/ptolemy/domains/de/test/auto/DepthTest2.xml
----------------- Instantiating /home/travis/build/icyphy/ptII/ptolemy/domains/de/test/auto/DepthTest2.xml
2 ms. Memory: 48128K Free: 29002K (60%)
----------------- Invoking toplevel() on ptolemy.moml.MoMLSimpleApplication@5910b448
----------------- Done invoking toplevel() on ptolemy.moml.MoMLSimpleApplication@5910b448
reloadAllAccessors: .DepthTest2

===========================================================================================
----------------- testing Sun Sep 01 05:32:27 UTC 2019 /home/travis/build/icyphy/ptII/ptolemy/domains/de/test/auto/DepthTest3.xml
----------------- Instantiating /home/travis/build/icyphy/ptII/ptolemy/domains/de/test/auto/DepthTest3.xml
12 ms. Memory: 48128K Free: 26134K (54%)
----------------- Invoking toplevel() on ptolemy.moml.MoMLSimpleApplication@7b600c79
----------------- Done invoking toplevel() on ptolemy.moml.MoMLSimpleApplication@7b600c79
reloadAllAccessors: .DepthTest3

===========================================================================================
----------------- testing Sun Sep 01 05:32:27 UTC 2019 /home/travis/build/icyphy/ptII/ptolemy/domains/de/test/auto/DepthTest4.xml
----------------- Instantiating /home/travis/build/icyphy/ptII/ptolemy/domains/de/test/auto/DepthTest4.xml
2 ms. Memory: 48128K Free: 21224K (44%)
----------------- Invoking toplevel() on ptolemy.moml.MoMLSimpleApplication@53700daf
----------------- Done invoking toplevel() on ptolemy.moml.MoMLSimpleApplication@53700daf
reloadAllAccessors: .DepthTest4

===========================================================================================
----------------- testing Sun Sep 01 05:32:27 UTC 2019 /home/travis/build/icyphy/ptII/ptolemy/domains/de/test/auto/DepthTest5.xml
----------------- Instantiating /home/travis/build/icyphy/ptII/ptolemy/domains/de/test/auto/DepthTest5.xml
2 ms. Memory: 48128K Free: 15940K (33%)
----------------- Invoking toplevel() on ptolemy.moml.MoMLSimpleApplication@39310472
----------------- Done invoking toplevel() on ptolemy.moml.MoMLSimpleApplication@39310472
reloadAllAccessors: .DepthTest5

===========================================================================================
----------------- testing Sun Sep 01 05:32:27 UTC 2019 /home/travis/build/icyphy/ptII/ptolemy/domains/de/test/auto/DepthTest6.xml
----------------- Instantiating /home/travis/build/icyphy/ptII/ptolemy/domains/de/test/auto/DepthTest6.xml
2 ms. Memory: 48128K Free: 10610K (22%)
----------------- Invoking toplevel() on ptolemy.moml.MoMLSimpleApplication@6f6b3171
----------------- Done invoking toplevel() on ptolemy.moml.MoMLSimpleApplication@6f6b3171
reloadAllAccessors: .DepthTest6

===========================================================================================
----------------- testing Sun Sep 01 05:32:27 UTC 2019 /home/travis/build/icyphy/ptII/ptolemy/domains/de/test/auto/DepthTest7.xml
----------------- Instantiating /home/travis/build/icyphy/ptII/ptolemy/domains/de/test/auto/DepthTest7.xml
1 ms. Memory: 48128K Free: 30462K (63%)
----------------- Invoking toplevel() on ptolemy.moml.MoMLSimpleApplication@72093129
----------------- Done invoking toplevel() on ptolemy.moml.MoMLSimpleApplication@72093129
reloadAllAccessors: .DepthTest7

===========================================================================================
----------------- testing Sun Sep 01 05:32:27 UTC 2019 /home/travis/build/icyphy/ptII/ptolemy/domains/de/test/auto/EventToDate.xml
----------------- Instantiating /home/travis/build/icyphy/ptII/ptolemy/domains/de/test/auto/EventToDate.xml
3007 ms. Memory: 48128K Free: 16954K (35%)
----------------- Invoking toplevel() on ptolemy.moml.MoMLSimpleApplication@58457cbe
----------------- Done invoking toplevel() on ptolemy.moml.MoMLSimpleApplication@58457cbe
reloadAllAccessors: .EventToDate

===========================================================================================
----------------- testing Sun Sep 01 05:32:30 UTC 2019 /home/travis/build/icyphy/ptII/ptolemy/domains/de/test/auto/FSM1.xml
----------------- Instantiating /home/travis/build/icyphy/ptII/ptolemy/domains/de/test/auto/FSM1.xml
28 ms. Memory: 48128K Free: 29369K (61%)
----------------- Invoking toplevel() on ptolemy.moml.MoMLSimpleApplication@4e0cb350
----------------- Done invoking toplevel() on ptolemy.moml.MoMLSimpleApplication@4e0cb350
reloadAllAccessors: .FSM1

===========================================================================================
----------------- testing Sun Sep 01 05:32:30 UTC 2019 /home/travis/build/icyphy/ptII/ptolemy/domains/de/test/auto/FSM7.xml
----------------- Instantiating /home/travis/build/icyphy/ptII/ptolemy/domains/de/test/auto/FSM7.xml
17 ms. Memory: 48128K Free: 17051K (35%)
----------------- Invoking toplevel() on ptolemy.moml.MoMLSimpleApplication@5f5835ef
----------------- Done invoking toplevel() on ptolemy.moml.MoMLSimpleApplication@5f5835ef
reloadAllAccessors: .FSM7

===========================================================================================
----------------- testing Sun Sep 01 05:32:31 UTC 2019 /home/travis/build/icyphy/ptII/ptolemy/domains/de/test/auto/Inspection.xml
----------------- Instantiating /home/travis/build/icyphy/ptII/ptolemy/domains/de/test/auto/Inspection.xml
17 ms. Memory: 48128K Free: 29543K (61%)
----------------- Invoking toplevel() on ptolemy.moml.MoMLSimpleApplication@1cae33b9
----------------- Done invoking toplevel() on ptolemy.moml.MoMLSimpleApplication@1cae33b9
reloadAllAccessors: .Inspection

===========================================================================================
----------------- testing Sun Sep 01 05:32:31 UTC 2019 /home/travis/build/icyphy/ptII/ptolemy/domains/de/test/auto/Iteration.xml
----------------- Instantiating /home/travis/build/icyphy/ptII/ptolemy/domains/de/test/auto/Iteration.xml
11 ms. Memory: 48128K Free: 22859K (47%)
----------------- Invoking toplevel() on ptolemy.moml.MoMLSimpleApplication@527caab8
----------------- Done invoking toplevel() on ptolemy.moml.MoMLSimpleApplication@527caab8
reloadAllAccessors: .Iteration

===========================================================================================
----------------- testing Sun Sep 01 05:32:31 UTC 2019 /home/travis/build/icyphy/ptII/ptolemy/domains/de/test/auto/LineFault.xml
----------------- Instantiating /home/travis/build/icyphy/ptII/ptolemy/domains/de/test/auto/LineFault.xml
530 ms. Memory: 58368K Free: 35824K (61%)
----------------- Invoking toplevel() on ptolemy.moml.MoMLSimpleApplication@482ce2b4
----------------- Done invoking toplevel() on ptolemy.moml.MoMLSimpleApplication@482ce2b4
reloadAllAccessors: .LineFault

===========================================================================================
----------------- testing Sun Sep 01 05:32:31 UTC 2019 /home/travis/build/icyphy/ptII/ptolemy/domains/de/test/auto/MergeModel1Add.xml
----------------- Instantiating /home/travis/build/icyphy/ptII/ptolemy/domains/de/test/auto/MergeModel1Add.xml
15 ms. Memory: 58368K Free: 41536K (71%)
----------------- Invoking toplevel() on ptolemy.moml.MoMLSimpleApplication@5a0859
----------------- Done invoking toplevel() on ptolemy.moml.MoMLSimpleApplication@5a0859
reloadAllAccessors: .MergeModel1Add

===========================================================================================
----------------- testing Sun Sep 01 05:32:31 UTC 2019 /home/travis/build/icyphy/ptII/ptolemy/domains/de/test/auto/MergeModel2Add.xml
----------------- Instantiating /home/travis/build/icyphy/ptII/ptolemy/domains/de/test/auto/MergeModel2Add.xml
6 ms. Memory: 58368K Free: 22849K (39%)
----------------- Invoking toplevel() on ptolemy.moml.MoMLSimpleApplication@1799c2c2
----------------- Done invoking toplevel() on ptolemy.moml.MoMLSimpleApplication@1799c2c2
reloadAllAccessors: .MergeModel2Add

===========================================================================================
----------------- testing Sun Sep 01 05:32:31 UTC 2019 /home/travis/build/icyphy/ptII/ptolemy/domains/de/test/auto/MergeModel3Add.xml
----------------- Instantiating /home/travis/build/icyphy/ptII/ptolemy/domains/de/test/auto/MergeModel3Add.xml
5 ms. Memory: 58368K Free: 30985K (53%)
----------------- Invoking toplevel() on ptolemy.moml.MoMLSimpleApplication@7507a47d
----------------- Done invoking toplevel() on ptolemy.moml.MoMLSimpleApplication@7507a47d
reloadAllAccessors: .MergeModel3Add

===========================================================================================
----------------- testing Sun Sep 01 05:32:31 UTC 2019 /home/travis/build/icyphy/ptII/ptolemy/domains/de/test/auto/MergeWithoutDiscard.xml
----------------- Instantiating /home/travis/build/icyphy/ptII/ptolemy/domains/de/test/auto/MergeWithoutDiscard.xml
1 ms. Memory: 58368K Free: 26904K (46%)
----------------- Invoking toplevel() on ptolemy.moml.MoMLSimpleApplication@6e464441
----------------- Done invoking toplevel() on ptolemy.moml.MoMLSimpleApplication@6e464441
reloadAllAccessors: .MergeWithoutDiscard

===========================================================================================
----------------- testing Sun Sep 01 05:32:31 UTC 2019 /home/travis/build/icyphy/ptII/ptolemy/domains/de/test/auto/Modal1.xml
----------------- Instantiating /home/travis/build/icyphy/ptII/ptolemy/domains/de/test/auto/Modal1.xml
14 ms. Memory: 58368K Free: 41672K (71%)
----------------- Invoking toplevel() on ptolemy.moml.MoMLSimpleApplication@7418f740
----------------- Done invoking toplevel() on ptolemy.moml.MoMLSimpleApplication@7418f740
reloadAllAccessors: .Modal1

===========================================================================================
----------------- testing Sun Sep 01 05:32:31 UTC 2019 /home/travis/build/icyphy/ptII/ptolemy/domains/de/test/auto/Modal2.xml
----------------- Instantiating /home/travis/build/icyphy/ptII/ptolemy/domains/de/test/auto/Modal2.xml
11 ms. Memory: 58368K Free: 29392K (50%)
----------------- Invoking toplevel() on ptolemy.moml.MoMLSimpleApplication@4e3d8eb3
----------------- Done invoking toplevel() on ptolemy.moml.MoMLSimpleApplication@4e3d8eb3
reloadAllAccessors: .Modal2

===========================================================================================
----------------- testing Sun Sep 01 05:32:32 UTC 2019 /home/travis/build/icyphy/ptII/ptolemy/domains/de/test/auto/Modal3.xml
----------------- Instantiating /home/travis/build/icyphy/ptII/ptolemy/domains/de/test/auto/Modal3.xml
10 ms. Memory: 58368K Free: 17088K (29%)
----------------- Invoking toplevel() on ptolemy.moml.MoMLSimpleApplication@7a61fb2b
----------------- Done invoking toplevel() on ptolemy.moml.MoMLSimpleApplication@7a61fb2b
reloadAllAccessors: .Modal3

===========================================================================================
----------------- testing Sun Sep 01 05:32:32 UTC 2019 /home/travis/build/icyphy/ptII/ptolemy/domains/de/test/auto/Modal4.xml
----------------- Instantiating /home/travis/build/icyphy/ptII/ptolemy/domains/de/test/auto/Modal4.xml
12 ms. Memory: 58368K Free: 31730K (54%)
----------------- Invoking toplevel() on ptolemy.moml.MoMLSimpleApplication@12beae7e
----------------- Done invoking toplevel() on ptolemy.moml.MoMLSimpleApplication@12beae7e
reloadAllAccessors: .Modal4

===========================================================================================
----------------- testing Sun Sep 01 05:32:32 UTC 2019 /home/travis/build/icyphy/ptII/ptolemy/domains/de/test/auto/Modal5.xml
----------------- Instantiating /home/travis/build/icyphy/ptII/ptolemy/domains/de/test/auto/Modal5.xml
9 ms. Memory: 58368K Free: 18887K (32%)
----------------- Invoking toplevel() on ptolemy.moml.MoMLSimpleApplication@506d54bc
----------------- Done invoking toplevel() on ptolemy.moml.MoMLSimpleApplication@506d54bc
reloadAllAccessors: .Modal5

===========================================================================================
----------------- testing Sun Sep 01 05:32:32 UTC 2019 /home/travis/build/icyphy/ptII/ptolemy/domains/de/test/auto/Modal6.xml
----------------- Instantiating /home/travis/build/icyphy/ptII/ptolemy/domains/de/test/auto/Modal6.xml
8 ms. Memory: 58368K Free: 34192K (59%)
----------------- Invoking toplevel() on ptolemy.moml.MoMLSimpleApplication@28899959
----------------- Done invoking toplevel() on ptolemy.moml.MoMLSimpleApplication@28899959
reloadAllAccessors: .Modal6

===========================================================================================
----------------- testing Sun Sep 01 05:32:32 UTC 2019 /home/travis/build/icyphy/ptII/ptolemy/domains/de/test/auto/Modal7.xml
----------------- Instantiating /home/travis/build/icyphy/ptII/ptolemy/domains/de/test/auto/Modal7.xml
7 ms. Memory: 58368K Free: 20850K (36%)
----------------- Invoking toplevel() on ptolemy.moml.MoMLSimpleApplication@3cc82bc7
----------------- Done invoking toplevel() on ptolemy.moml.MoMLSimpleApplication@3cc82bc7
reloadAllAccessors: .Modal7

===========================================================================================
----------------- testing Sun Sep 01 05:32:32 UTC 2019 /home/travis/build/icyphy/ptII/ptolemy/domains/de/test/auto/ModalModel.xml
----------------- Instantiating /home/travis/build/icyphy/ptII/ptolemy/domains/de/test/auto/ModalModel.xml
160 ms. Memory: 90112K Free: 67509K (75%)
----------------- Invoking toplevel() on ptolemy.moml.MoMLSimpleApplication@2d502bfc
----------------- Done invoking toplevel() on ptolemy.moml.MoMLSimpleApplication@2d502bfc
reloadAllAccessors: .ModalModel

===========================================================================================
----------------- testing Sun Sep 01 05:32:32 UTC 2019 /home/travis/build/icyphy/ptII/ptolemy/domains/de/test/auto/ModalSource.xml
----------------- Instantiating /home/travis/build/icyphy/ptII/ptolemy/domains/de/test/auto/ModalSource.xml
7 ms. Memory: 90112K Free: 58990K (65%)
----------------- Invoking toplevel() on ptolemy.moml.MoMLSimpleApplication@6dea8c0a
----------------- Done invoking toplevel() on ptolemy.moml.MoMLSimpleApplication@6dea8c0a
reloadAllAccessors: .ModalSource

===========================================================================================
----------------- testing Sun Sep 01 05:32:32 UTC 2019 /home/travis/build/icyphy/ptII/ptolemy/domains/de/test/auto/NonInterruptibleTimerZeroDelay.xml
----------------- Instantiating /home/travis/build/icyphy/ptII/ptolemy/domains/de/test/auto/NonInterruptibleTimerZeroDelay.xml
2 ms. Memory: 90112K Free: 54848K (61%)
----------------- Invoking toplevel() on ptolemy.moml.MoMLSimpleApplication@35fea002
----------------- Done invoking toplevel() on ptolemy.moml.MoMLSimpleApplication@35fea002
reloadAllAccessors: .NonInterruptibleTimerZeroDelay

===========================================================================================
----------------- testing Sun Sep 01 05:32:32 UTC 2019 /home/travis/build/icyphy/ptII/ptolemy/domains/de/test/auto/OpenQueueingNetwork.xml
----------------- Instantiating /home/travis/build/icyphy/ptII/ptolemy/domains/de/test/auto/OpenQueueingNetwork.xml
2254 ms. Memory: 180224K Free: 126133K (70%)
----------------- Invoking toplevel() on ptolemy.moml.MoMLSimpleApplication@4157e1ad
----------------- Done invoking toplevel() on ptolemy.moml.MoMLSimpleApplication@4157e1ad
reloadAllAccessors: .OpenQueueingNetwork

===========================================================================================
----------------- testing Sun Sep 01 05:32:34 UTC 2019 /home/travis/build/icyphy/ptII/ptolemy/domains/de/test/auto/OpenQueuingNetwork.xml
----------------- Instantiating /home/travis/build/icyphy/ptII/ptolemy/domains/de/test/auto/OpenQueuingNetwork.xml
255 ms. Memory: 288768K Free: 264790K (92%)
----------------- Invoking toplevel() on ptolemy.moml.MoMLSimpleApplication@313fa815
----------------- Done invoking toplevel() on ptolemy.moml.MoMLSimpleApplication@313fa815
reloadAllAccessors: .OpenQueuingNetwork

===========================================================================================
----------------- testing Sun Sep 01 05:32:35 UTC 2019 /home/travis/build/icyphy/ptII/ptolemy/domains/de/test/auto/PeriodicSampler.xml
----------------- Instantiating /home/travis/build/icyphy/ptII/ptolemy/domains/de/test/auto/PeriodicSampler.xml
2 ms. Memory: 288768K Free: 260180K (90%)
----------------- Invoking toplevel() on ptolemy.moml.MoMLSimpleApplication@3055ab48
----------------- Done invoking toplevel() on ptolemy.moml.MoMLSimpleApplication@3055ab48
reloadAllAccessors: .PeriodicSampler

===========================================================================================
----------------- testing Sun Sep 01 05:32:35 UTC 2019 /home/travis/build/icyphy/ptII/ptolemy/domains/de/test/auto/PersistentIO.xml
----------------- Instantiating /home/travis/build/icyphy/ptII/ptolemy/domains/de/test/auto/PersistentIO.xml
18 ms. Memory: 288768K Free: 250934K (87%)
----------------- Invoking toplevel() on ptolemy.moml.MoMLSimpleApplication@50770ad4
----------------- Done invoking toplevel() on ptolemy.moml.MoMLSimpleApplication@50770ad4
reloadAllAccessors: .PersistentIO

===========================================================================================
----------------- testing Sun Sep 01 05:32:35 UTC 2019 /home/travis/build/icyphy/ptII/ptolemy/domains/de/test/auto/PortParameterResetOnInitialize.xml
----------------- Instantiating /home/travis/build/icyphy/ptII/ptolemy/domains/de/test/auto/PortParameterResetOnInitialize.xml
2 ms. Memory: 288768K Free: 246358K (85%)
----------------- Invoking toplevel() on ptolemy.moml.MoMLSimpleApplication@43b0bfe
----------------- Done invoking toplevel() on ptolemy.moml.MoMLSimpleApplication@43b0bfe
reloadAllAccessors: .PortParameterResetOnInitialize

===========================================================================================
----------------- testing Sun Sep 01 05:32:35 UTC 2019 /home/travis/build/icyphy/ptII/ptolemy/domains/de/test/auto/PortParameterUpdates.xml
----------------- Instantiating /home/travis/build/icyphy/ptII/ptolemy/domains/de/test/auto/PortParameterUpdates.xml
5 ms. Memory: 288768K Free: 239686K (83%)
----------------- Invoking toplevel() on ptolemy.moml.MoMLSimpleApplication@38a8c0a5
----------------- Done invoking toplevel() on ptolemy.moml.MoMLSimpleApplication@38a8c0a5
reloadAllAccessors: .PortParameterUpdates

===========================================================================================
----------------- testing Sun Sep 01 05:32:35 UTC 2019 /home/travis/build/icyphy/ptII/ptolemy/domains/de/test/auto/QueueAndServer.xml
----------------- Instantiating /home/travis/build/icyphy/ptII/ptolemy/domains/de/test/auto/QueueAndServer.xml
6 ms. Memory: 288768K Free: 232022K (80%)
----------------- Invoking toplevel() on ptolemy.moml.MoMLSimpleApplication@4c9eda0e
----------------- Done invoking toplevel() on ptolemy.moml.MoMLSimpleApplication@4c9eda0e
reloadAllAccessors: .QueueAndServer

===========================================================================================
----------------- testing Sun Sep 01 05:32:35 UTC 2019 /home/travis/build/icyphy/ptII/ptolemy/domains/de/test/auto/Records.xml
----------------- Instantiating /home/travis/build/icyphy/ptII/ptolemy/domains/de/test/auto/Records.xml
4 ms. Memory: 288768K Free: 226388K (78%)
----------------- Invoking toplevel() on ptolemy.moml.MoMLSimpleApplication@4cebd3d4
----------------- Done invoking toplevel() on ptolemy.moml.MoMLSimpleApplication@4cebd3d4
reloadAllAccessors: .Records

===========================================================================================
----------------- testing Sun Sep 01 05:32:35 UTC 2019 /home/travis/build/icyphy/ptII/ptolemy/domains/de/test/auto/ResetTransitionWithStartTime1.xml
----------------- Instantiating /home/travis/build/icyphy/ptII/ptolemy/domains/de/test/auto/ResetTransitionWithStartTime1.xml
6 ms. Memory: 288768K Free: 218182K (76%)
----------------- Invoking toplevel() on ptolemy.moml.MoMLSimpleApplication@6e0a4213
----------------- Done invoking toplevel() on ptolemy.moml.MoMLSimpleApplication@6e0a4213
reloadAllAccessors: .ResetTransitionWithStartTime1

===========================================================================================
----------------- testing Sun Sep 01 05:32:35 UTC 2019 /home/travis/build/icyphy/ptII/ptolemy/domains/de/test/auto/ResetTransitionWithStartTime2.xml
----------------- Instantiating /home/travis/build/icyphy/ptII/ptolemy/domains/de/test/auto/ResetTransitionWithStartTime2.xml
9 ms. Memory: 288768K Free: 209990K (73%)
----------------- Invoking toplevel() on ptolemy.moml.MoMLSimpleApplication@1bdb4cf3
----------------- Done invoking toplevel() on ptolemy.moml.MoMLSimpleApplication@1bdb4cf3
reloadAllAccessors: .ResetTransitionWithStartTime2

===========================================================================================
----------------- testing Sun Sep 01 05:32:35 UTC 2019 /home/travis/build/icyphy/ptII/ptolemy/domains/de/test/auto/ResetTransitionWithStartTime3.xml
----------------- Instantiating /home/travis/build/icyphy/ptII/ptolemy/domains/de/test/auto/ResetTransitionWithStartTime3.xml
6 ms. Memory: 288768K Free: 201798K (70%)
----------------- Invoking toplevel() on ptolemy.moml.MoMLSimpleApplication@7d993ea6
----------------- Done invoking toplevel() on ptolemy.moml.MoMLSimpleApplication@7d993ea6
reloadAllAccessors: .ResetTransitionWithStartTime3

===========================================================================================
----------------- testing Sun Sep 01 05:32:35 UTC 2019 /home/travis/build/icyphy/ptII/ptolemy/domains/de/test/auto/ResetTransitionWithStartTime4.xml
----------------- Instantiating /home/travis/build/icyphy/ptII/ptolemy/domains/de/test/auto/ResetTransitionWithStartTime4.xml
4 ms. Memory: 288768K Free: 194134K (67%)
----------------- Invoking toplevel() on ptolemy.moml.MoMLSimpleApplication@1ad889a7
----------------- Done invoking toplevel() on ptolemy.moml.MoMLSimpleApplication@1ad889a7
reloadAllAccessors: .ResetTransitionWithStartTime4

===========================================================================================
----------------- testing Sun Sep 01 05:32:35 UTC 2019 /home/travis/build/icyphy/ptII/ptolemy/domains/de/test/auto/ResettableTimer1.xml
----------------- Instantiating /home/travis/build/icyphy/ptII/ptolemy/domains/de/test/auto/ResettableTimer1.xml
2 ms. Memory: 288768K Free: 190038K (66%)
----------------- Invoking toplevel() on ptolemy.moml.MoMLSimpleApplication@25e2c988
----------------- Done invoking toplevel() on ptolemy.moml.MoMLSimpleApplication@25e2c988
reloadAllAccessors: .ResettableTimer1

===========================================================================================
----------------- testing Sun Sep 01 05:32:35 UTC 2019 /home/travis/build/icyphy/ptII/ptolemy/domains/de/test/auto/ResettableTimer2.xml
----------------- Instantiating /home/travis/build/icyphy/ptII/ptolemy/domains/de/test/auto/ResettableTimer2.xml
2 ms. Memory: 288768K Free: 185942K (64%)
----------------- Invoking toplevel() on ptolemy.moml.MoMLSimpleApplication@8b5aaef
----------------- Done invoking toplevel() on ptolemy.moml.MoMLSimpleApplication@8b5aaef
reloadAllAccessors: .ResettableTimer2

===========================================================================================
----------------- testing Sun Sep 01 05:32:35 UTC 2019 /home/travis/build/icyphy/ptII/ptolemy/domains/de/test/auto/ResettableTimer3.xml
----------------- Instantiating /home/travis/build/icyphy/ptII/ptolemy/domains/de/test/auto/ResettableTimer3.xml
2 ms. Memory: 288768K Free: 181846K (63%)
----------------- Invoking toplevel() on ptolemy.moml.MoMLSimpleApplication@29ded07a
----------------- Done invoking toplevel() on ptolemy.moml.MoMLSimpleApplication@29ded07a
reloadAllAccessors: .ResettableTimer3

===========================================================================================
----------------- testing Sun Sep 01 05:32:35 UTC 2019 /home/travis/build/icyphy/ptII/ptolemy/domains/de/test/auto/ResettableTimer4.xml
----------------- Instantiating /home/travis/build/icyphy/ptII/ptolemy/domains/de/test/auto/ResettableTimer4.xml
1 ms. Memory: 288768K Free: 177750K (62%)
----------------- Invoking toplevel() on ptolemy.moml.MoMLSimpleApplication@7e4ca9cf
----------------- Done invoking toplevel() on ptolemy.moml.MoMLSimpleApplication@7e4ca9cf
reloadAllAccessors: .ResettableTimer4

===========================================================================================
----------------- testing Sun Sep 01 05:32:35 UTC 2019 /home/travis/build/icyphy/ptII/ptolemy/domains/de/test/auto/ResettableTimer5.xml
----------------- Instantiating /home/travis/build/icyphy/ptII/ptolemy/domains/de/test/auto/ResettableTimer5.xml
2 ms. Memory: 288768K Free: 173654K (60%)
----------------- Invoking toplevel() on ptolemy.moml.MoMLSimpleApplication@2c0c3a6a
----------------- Done invoking toplevel() on ptolemy.moml.MoMLSimpleApplication@2c0c3a6a
reloadAllAccessors: .ResettableTimer5

===========================================================================================
----------------- testing Sun Sep 01 05:32:35 UTC 2019 /home/travis/build/icyphy/ptII/ptolemy/domains/de/test/auto/ResettableTimer6.xml
----------------- Instantiating /home/travis/build/icyphy/ptII/ptolemy/domains/de/test/auto/ResettableTimer6.xml
7 ms. Memory: 288768K Free: 169044K (59%)
----------------- Invoking toplevel() on ptolemy.moml.MoMLSimpleApplication@76970f4f
----------------- Done invoking toplevel() on ptolemy.moml.MoMLSimpleApplication@76970f4f
reloadAllAccessors: .ResettableTimer6

===========================================================================================
----------------- testing Sun Sep 01 05:32:35 UTC 2019 /home/travis/build/icyphy/ptII/ptolemy/domains/de/test/auto/ServerZeroDelay.xml
----------------- Instantiating /home/travis/build/icyphy/ptII/ptolemy/domains/de/test/auto/ServerZeroDelay.xml
2 ms. Memory: 288768K Free: 164918K (57%)
----------------- Invoking toplevel() on ptolemy.moml.MoMLSimpleApplication@4ffa8c9b
----------------- Done invoking toplevel() on ptolemy.moml.MoMLSimpleApplication@4ffa8c9b
reloadAllAccessors: .ServerZeroDelay

===========================================================================================
----------------- testing Sun Sep 01 05:32:35 UTC 2019 /home/travis/build/icyphy/ptII/ptolemy/domains/de/test/auto/SmartSender.xml
----------------- Instantiating /home/travis/build/icyphy/ptII/ptolemy/domains/de/test/auto/SmartSender.xml
3001 ms. Memory: 288768K Free: 160852K (56%)
----------------- Invoking toplevel() on ptolemy.moml.MoMLSimpleApplication@422ef78e
----------------- Done invoking toplevel() on ptolemy.moml.MoMLSimpleApplication@422ef78e
reloadAllAccessors: .SmartSender

===========================================================================================
----------------- testing Sun Sep 01 05:32:38 UTC 2019 /home/travis/build/icyphy/ptII/ptolemy/domains/de/test/auto/ThreadedComposite.xml
----------------- Instantiating /home/travis/build/icyphy/ptII/ptolemy/domains/de/test/auto/ThreadedComposite.xml
100 ms. Memory: 288768K Free: 141396K (49%)
----------------- Invoking toplevel() on ptolemy.moml.MoMLSimpleApplication@11344305
----------------- Done invoking toplevel() on ptolemy.moml.MoMLSimpleApplication@11344305
reloadAllAccessors: .ThreadedComposite

===========================================================================================
----------------- testing Sun Sep 01 05:32:38 UTC 2019 /home/travis/build/icyphy/ptII/ptolemy/domains/de/test/auto/Time.xml
----------------- Instantiating /home/travis/build/icyphy/ptII/ptolemy/domains/de/test/auto/Time.xml
424 ms. Memory: 288768K Free: 252449K (87%)
----------------- Invoking toplevel() on ptolemy.moml.MoMLSimpleApplication@633663b5
----------------- Done invoking toplevel() on ptolemy.moml.MoMLSimpleApplication@633663b5
reloadAllAccessors: .Time

===========================================================================================
----------------- testing Sun Sep 01 05:32:39 UTC 2019 /home/travis/build/icyphy/ptII/ptolemy/domains/de/test/auto/TimeDelayZeroDelay.xml
----------------- Instantiating /home/travis/build/icyphy/ptII/ptolemy/domains/de/test/auto/TimeDelayZeroDelay.xml
2 ms. Memory: 288768K Free: 247843K (86%)
----------------- Invoking toplevel() on ptolemy.moml.MoMLSimpleApplication@2606af9
----------------- Done invoking toplevel() on ptolemy.moml.MoMLSimpleApplication@2606af9
reloadAllAccessors: .TimeDelayZeroDelay

===========================================================================================
----------------- testing Sun Sep 01 05:32:39 UTC 2019 /home/travis/build/icyphy/ptII/ptolemy/domains/de/test/auto/TimerZeroDelay.xml
----------------- Instantiating /home/travis/build/icyphy/ptII/ptolemy/domains/de/test/auto/TimerZeroDelay.xml
2 ms. Memory: 288768K Free: 243747K (84%)
----------------- Invoking toplevel() on ptolemy.moml.MoMLSimpleApplication@3819e649
----------------- Done invoking toplevel() on ptolemy.moml.MoMLSimpleApplication@3819e649
reloadAllAccessors: .TimerZeroDelay

===========================================================================================
----------------- testing Sun Sep 01 05:32:39 UTC 2019 /home/travis/build/icyphy/ptII/ptolemy/domains/de/test/auto/TimingParadox.xml
----------------- Instantiating /home/travis/build/icyphy/ptII/ptolemy/domains/de/test/auto/TimingParadox.xml
317 ms. Memory: 288768K Free: 177187K (61%)
----------------- Invoking toplevel() on ptolemy.moml.MoMLSimpleApplication@7431ac39
----------------- Done invoking toplevel() on ptolemy.moml.MoMLSimpleApplication@7431ac39
reloadAllAccessors: .TimingParadox

===========================================================================================
----------------- testing Sun Sep 01 05:32:39 UTC 2019 /home/travis/build/icyphy/ptII/ptolemy/domains/de/test/auto/TransferInputs.xml
----------------- Instantiating /home/travis/build/icyphy/ptII/ptolemy/domains/de/test/auto/TransferInputs.xml
2 ms. Memory: 288768K Free: 172563K (60%)
----------------- Invoking toplevel() on ptolemy.moml.MoMLSimpleApplication@257900ac
----------------- Done invoking toplevel() on ptolemy.moml.MoMLSimpleApplication@257900ac
reloadAllAccessors: .TransferInputs

===========================================================================================
----------------- testing Sun Sep 01 05:32:39 UTC 2019 /home/travis/build/icyphy/ptII/ptolemy/domains/de/test/auto/TransferOutputs2.xml
----------------- Instantiating /home/travis/build/icyphy/ptII/ptolemy/domains/de/test/auto/TransferOutputs2.xml
3 ms. Memory: 288768K Free: 164385K (57%)
----------------- Invoking toplevel() on ptolemy.moml.MoMLSimpleApplication@1b9a1d25
----------------- Done invoking toplevel() on ptolemy.moml.MoMLSimpleApplication@1b9a1d25
reloadAllAccessors: .TransferOutputs2

===========================================================================================
----------------- testing Sun Sep 01 05:32:39 UTC 2019 /home/travis/build/icyphy/ptII/ptolemy/domains/de/test/auto/Trilateration.xml
----------------- Instantiating /home/travis/build/icyphy/ptII/ptolemy/domains/de/test/auto/Trilateration.xml
12659 ms. Memory: 416768K Free: 373068K (90%)
----------------- Invoking toplevel() on ptolemy.moml.MoMLSimpleApplication@ec4e30b
----------------- Done invoking toplevel() on ptolemy.moml.MoMLSimpleApplication@ec4e30b
reloadAllAccessors: .Trilateration

===========================================================================================
----------------- testing Sun Sep 01 05:32:52 UTC 2019 /home/travis/build/icyphy/ptII/ptolemy/domains/de/test/auto/TwoSigmaDelta.xml
----------------- Instantiating /home/travis/build/icyphy/ptII/ptolemy/domains/de/test/auto/TwoSigmaDelta.xml
2078 ms. Memory: 416768K Free: 169802K (41%)
----------------- Invoking toplevel() on ptolemy.moml.MoMLSimpleApplication@37e77cd5
----------------- Done invoking toplevel() on ptolemy.moml.MoMLSimpleApplication@37e77cd5
reloadAllAccessors: .TwoSigmaDelta

===========================================================================================
----------------- testing Sun Sep 01 05:32:55 UTC 2019 /home/travis/build/icyphy/ptII/ptolemy/domains/de/test/auto/VariableDelay.xml
----------------- Instantiating /home/travis/build/icyphy/ptII/ptolemy/domains/de/test/auto/VariableDelay.xml
2 ms. Memory: 416768K Free: 165196K (40%)
----------------- Invoking toplevel() on ptolemy.moml.MoMLSimpleApplication@2f4c1e37
----------------- Done invoking toplevel() on ptolemy.moml.MoMLSimpleApplication@2f4c1e37
reloadAllAccessors: .VariableDelay

===========================================================================================
----------------- testing Sun Sep 01 05:32:55 UTC 2019 /home/travis/build/icyphy/ptII/ptolemy/domains/de/test/auto/VariableDelay2.xml
----------------- Instantiating /home/travis/build/icyphy/ptII/ptolemy/domains/de/test/auto/VariableDelay2.xml
2 ms. Memory: 416768K Free: 160556K (39%)
----------------- Invoking toplevel() on ptolemy.moml.MoMLSimpleApplication@7d962e9c
----------------- Done invoking toplevel() on ptolemy.moml.MoMLSimpleApplication@7d962e9c
reloadAllAccessors: .VariableDelay2

===========================================================================================
----------------- testing Sun Sep 01 05:32:55 UTC 2019 /home/travis/build/icyphy/ptII/ptolemy/domains/de/test/auto/VariableDelayZeroDelay.xml
----------------- Instantiating /home/travis/build/icyphy/ptII/ptolemy/domains/de/test/auto/VariableDelayZeroDelay.xml
5 ms. Memory: 416768K Free: 156490K (38%)
----------------- Invoking toplevel() on ptolemy.moml.MoMLSimpleApplication@45020256
----------------- Done invoking toplevel() on ptolemy.moml.MoMLSimpleApplication@45020256
reloadAllAccessors: .VariableDelayZeroDelay

===========================================================================================
----------------- testing Sun Sep 01 05:32:55 UTC 2019 /home/travis/build/icyphy/ptII/ptolemy/domains/de/test/auto/VariableDelayZeroDelay2.xml
----------------- Instantiating /home/travis/build/icyphy/ptII/ptolemy/domains/de/test/auto/VariableDelayZeroDelay2.xml
5 ms. Memory: 416768K Free: 151884K (36%)
----------------- Invoking toplevel() on ptolemy.moml.MoMLSimpleApplication@1a621708
----------------- Done invoking toplevel() on ptolemy.moml.MoMLSimpleApplication@1a621708
reloadAllAccessors: .VariableDelayZeroDelay2

===========================================================================================
----------------- testing Sun Sep 01 05:32:55 UTC 2019 /home/travis/build/icyphy/ptII/ptolemy/domains/de/test/auto/deInCt.xml
----------------- Instantiating /home/travis/build/icyphy/ptII/ptolemy/domains/de/test/auto/deInCt.xml
0
1
1
1
0
0
1
1
1
0
0
0
1
1
1
1
0
0
0
1
1
1
0
0
0
1
1
1
1
0
0
0
0
1
1
1
1
1
0
0
0
1
1
1
1
9 ms. Memory: 416768K Free: 146764K (35%)
----------------- Invoking toplevel() on ptolemy.moml.MoMLSimpleApplication@2c18acc7
----------------- Done invoking toplevel() on ptolemy.moml.MoMLSimpleApplication@2c18acc7
reloadAllAccessors: .deInCt

===========================================================================================
----------------- testing Sun Sep 01 05:32:55 UTC 2019 /home/travis/build/icyphy/ptII/ptolemy/domains/de/test/auto/deInCt2.xml
----------------- Instantiating /home/travis/build/icyphy/ptII/ptolemy/domains/de/test/auto/deInCt2.xml
0
1
1
1
0
0
1
1
1
0
0
1
1
1
0
0
1
1
1
0
0
1
1
1
0
0
1
1
1
0
0
1
1
1
0
0
1
1
1
0
0
0
7 ms. Memory: 416768K Free: 384850K (92%)
----------------- Invoking toplevel() on ptolemy.moml.MoMLSimpleApplication@3ac3a1c0
----------------- Done invoking toplevel() on ptolemy.moml.MoMLSimpleApplication@3ac3a1c0
reloadAllAccessors: .deInCt2

===========================================================================================
----------------- testing Sun Sep 01 05:32:55 UTC 2019 /home/travis/build/icyphy/ptII/ptolemy/domains/de/test/auto/dynamicCausalityInterface1.xml
----------------- Instantiating /home/travis/build/icyphy/ptII/ptolemy/domains/de/test/auto/dynamicCausalityInterface1.xml
1 ms. Memory: 416768K Free: 375634K (90%)
----------------- Invoking toplevel() on ptolemy.moml.MoMLSimpleApplication@6d9a9ebd
----------------- Done invoking toplevel() on ptolemy.moml.MoMLSimpleApplication@6d9a9ebd
reloadAllAccessors: .dynamicCausalityInterface1

===========================================================================================
----------------- testing Sun Sep 01 05:32:55 UTC 2019 /home/travis/build/icyphy/ptII/ptolemy/domains/de/test/auto/fsm_de_test.xml
----------------- Instantiating /home/travis/build/icyphy/ptII/ptolemy/domains/de/test/auto/fsm_de_test.xml
7 ms. Memory: 416768K Free: 366418K (88%)
----------------- Invoking toplevel() on ptolemy.moml.MoMLSimpleApplication@fd4bf26
----------------- Done invoking toplevel() on ptolemy.moml.MoMLSimpleApplication@fd4bf26
reloadAllAccessors: .fsm_de_test

===========================================================================================
----------------- testing Sun Sep 01 05:32:55 UTC 2019 /home/travis/build/icyphy/ptII/ptolemy/domains/de/test/auto/functionDependencyReconstruction.xml
----------------- Instantiating /home/travis/build/icyphy/ptII/ptolemy/domains/de/test/auto/functionDependencyReconstruction.xml
2 ms. Memory: 416768K Free: 351562K (84%)
----------------- Invoking toplevel() on ptolemy.moml.MoMLSimpleApplication@62ed0e3
----------------- Done invoking toplevel() on ptolemy.moml.MoMLSimpleApplication@62ed0e3
reloadAllAccessors: .functionDependencyReconstruction

===========================================================================================
----------------- testing Sun Sep 01 05:32:55 UTC 2019 /home/travis/build/icyphy/ptII/ptolemy/domains/de/test/auto/multirate.xml
----------------- Instantiating /home/travis/build/icyphy/ptII/ptolemy/domains/de/test/auto/multirate.xml
3 ms. Memory: 416768K Free: 344914K (83%)
----------------- Invoking toplevel() on ptolemy.moml.MoMLSimpleApplication@2aecb5ac
----------------- Done invoking toplevel() on ptolemy.moml.MoMLSimpleApplication@2aecb5ac
reloadAllAccessors: .multirate

===========================================================================================
----------------- testing Sun Sep 01 05:32:55 UTC 2019 /home/travis/build/icyphy/ptII/ptolemy/domains/de/test/auto/multirate2.xml
----------------- Instantiating /home/travis/build/icyphy/ptII/ptolemy/domains/de/test/auto/multirate2.xml
3 ms. Memory: 416768K Free: 338242K (81%)
----------------- Invoking toplevel() on ptolemy.moml.MoMLSimpleApplication@72b0b5f4
----------------- Done invoking toplevel() on ptolemy.moml.MoMLSimpleApplication@72b0b5f4
reloadAllAccessors: .multirate2

===========================================================================================
----------------- testing Sun Sep 01 05:32:55 UTC 2019 /home/travis/build/icyphy/ptII/ptolemy/domains/de/test/auto/realtime.xml
----------------- Instantiating /home/travis/build/icyphy/ptII/ptolemy/domains/de/test/auto/realtime.xml
10002 ms. Memory: 416768K Free: 333650K (80%)
----------------- Invoking toplevel() on ptolemy.moml.MoMLSimpleApplication@62a4a53
----------------- Done invoking toplevel() on ptolemy.moml.MoMLSimpleApplication@62a4a53
reloadAllAccessors: .realtime

===========================================================================================
----------------- testing Sun Sep 01 05:33:05 UTC 2019 /home/travis/build/icyphy/ptII/ptolemy/domains/de/test/auto/relationGroup.xml
----------------- Instantiating /home/travis/build/icyphy/ptII/ptolemy/domains/de/test/auto/relationGroup.xml
2 ms. Memory: 416768K Free: 330064K (79%)
----------------- Invoking toplevel() on ptolemy.moml.MoMLSimpleApplication@73b9ac3c
----------------- Done invoking toplevel() on ptolemy.moml.MoMLSimpleApplication@73b9ac3c
reloadAllAccessors: .relationGroup

===========================================================================================
----------------- testing Sun Sep 01 05:33:05 UTC 2019 /home/travis/build/icyphy/ptII/ptolemy/domains/de/test/auto/relationGroup2.xml
----------------- Instantiating /home/travis/build/icyphy/ptII/ptolemy/domains/de/test/auto/relationGroup2.xml
3 ms. Memory: 416768K Free: 326482K (78%)
----------------- Invoking toplevel() on ptolemy.moml.MoMLSimpleApplication@490ca8ce
----------------- Done invoking toplevel() on ptolemy.moml.MoMLSimpleApplication@490ca8ce
reloadAllAccessors: .relationGroup2

===========================================================================================
----------------- testing Sun Sep 01 05:33:05 UTC 2019 /home/travis/build/icyphy/ptII/ptolemy/domains/de/test/auto/sortWithOpaquePorts.xml
----------------- Instantiating /home/travis/build/icyphy/ptII/ptolemy/domains/de/test/auto/sortWithOpaquePorts.xml
2 ms. Memory: 416768K Free: 321858K (77%)
----------------- Invoking toplevel() on ptolemy.moml.MoMLSimpleApplication@4af2542d
----------------- Done invoking toplevel() on ptolemy.moml.MoMLSimpleApplication@4af2542d
reloadAllAccessors: .sortWithOpaquePorts

===========================================================================================
----------------- testing Sun Sep 01 05:33:05 UTC 2019 /home/travis/build/icyphy/ptII/ptolemy/domains/de/test/auto/transferInputsandOutputs.xml
----------------- Instantiating /home/travis/build/icyphy/ptII/ptolemy/domains/de/test/auto/transferInputsandOutputs.xml
2 ms. Memory: 416768K Free: 314704K (76%)
----------------- Invoking toplevel() on ptolemy.moml.MoMLSimpleApplication@75c2fa8a
----------------- Done invoking toplevel() on ptolemy.moml.MoMLSimpleApplication@75c2fa8a
reloadAllAccessors: .transferInputsandOutputs

===========================================================================================
----------------- testing Sun Sep 01 05:33:05 UTC 2019 /home/travis/build/icyphy/ptII/ptolemy/domains/de/test/auto/triggerType.xml
----------------- Instantiating /home/travis/build/icyphy/ptII/ptolemy/domains/de/test/auto/triggerType.xml
2 ms. Memory: 416768K Free: 310594K (75%)
----------------- Invoking toplevel() on ptolemy.moml.MoMLSimpleApplication@4db02129
----------------- Done invoking toplevel() on ptolemy.moml.MoMLSimpleApplication@4db02129
reloadAllAccessors: .triggerType
AutoTests.java: About to close Vertx.
AutoTests.java: Vertx closed.
]]></system-out>
  <system-err><![CDATA[java.lang.RuntimeException: Execution failed
	at ptolemy.moml.MoMLSimpleApplication$UnloadThread.run(MoMLSimpleApplication.java:402)
Caused by: ptolemy.kernel.util.IllegalActionException: Found a zero delay loop containing .dependencyLoop.original
  in .dependencyLoop and .dependencyLoop.original
	at ptolemy.actor.util.CausalityInterfaceForComposites._computeOutputPortDepth(CausalityInterfaceForComposites.java:759)
	at ptolemy.actor.util.CausalityInterfaceForComposites._computeInputDepth(CausalityInterfaceForComposites.java:696)
	at ptolemy.actor.util.CausalityInterfaceForComposites._computeOutputPortDepth(CausalityInterfaceForComposites.java:765)
	at ptolemy.actor.util.CausalityInterfaceForComposites._computeInputDepth(CausalityInterfaceForComposites.java:696)
	at ptolemy.actor.util.CausalityInterfaceForComposites._computeOutputPortDepth(CausalityInterfaceForComposites.java:765)
	at ptolemy.actor.util.CausalityInterfaceForComposites._computeInputDepth(CausalityInterfaceForComposites.java:696)
	at ptolemy.actor.util.CausalityInterfaceForComposites._computeActorDepth(CausalityInterfaceForComposites.java:532)
	at ptolemy.actor.util.CausalityInterfaceForComposites.checkForCycles(CausalityInterfaceForComposites.java:96)
	at ptolemy.domains.de.kernel.DEDirector.preinitialize(DEDirector.java:1338)
	at ptolemy.actor.CompositeActor.preinitialize(CompositeActor.java:1828)
	at ptolemy.actor.Manager.preinitializeAndResolveTypes(Manager.java:1040)
	at ptolemy.actor.Manager.initialize(Manager.java:710)
	at ptolemy.actor.Manager.execute(Manager.java:356)
	at ptolemy.actor.Manager.run(Manager.java:1263)
	at ptolemy.actor.Manager$PtolemyRunThread.run(Manager.java:1933)
java.lang.RuntimeException: Execution failed
	at ptolemy.moml.MoMLSimpleApplication$UnloadThread.run(MoMLSimpleApplication.java:402)
Caused by: ptolemy.kernel.util.IllegalActionException: Found a zero delay loop containing .dependencyLoop2.original
  in .dependencyLoop2 and .dependencyLoop2.original
	at ptolemy.actor.util.CausalityInterfaceForComposites._computeOutputPortDepth(CausalityInterfaceForComposites.java:759)
	at ptolemy.actor.util.CausalityInterfaceForComposites._computeInputDepth(CausalityInterfaceForComposites.java:696)
	at ptolemy.actor.util.CausalityInterfaceForComposites._computeOutputPortDepth(CausalityInterfaceForComposites.java:765)
	at ptolemy.actor.util.CausalityInterfaceForComposites._computeInputDepth(CausalityInterfaceForComposites.java:696)
	at ptolemy.actor.util.CausalityInterfaceForComposites._computeOutputPortDepth(CausalityInterfaceForComposites.java:765)
	at ptolemy.actor.util.CausalityInterfaceForComposites._computeInputDepth(CausalityInterfaceForComposites.java:696)
	at ptolemy.actor.util.CausalityInterfaceForComposites._computeActorDepth(CausalityInterfaceForComposites.java:532)
	at ptolemy.actor.util.CausalityInterfaceForComposites.checkForCycles(CausalityInterfaceForComposites.java:96)
	at ptolemy.domains.de.kernel.DEDirector.preinitialize(DEDirector.java:1338)
	at ptolemy.actor.CompositeActor.preinitialize(CompositeActor.java:1828)
	at ptolemy.actor.Manager.preinitializeAndResolveTypes(Manager.java:1040)
	at ptolemy.actor.Manager.initialize(Manager.java:710)
	at ptolemy.actor.Manager.execute(Manager.java:356)
	at ptolemy.actor.Manager.run(Manager.java:1263)
	at ptolemy.actor.Manager$PtolemyRunThread.run(Manager.java:1933)
java.lang.RuntimeException: Execution failed
	at ptolemy.moml.MoMLSimpleApplication$UnloadThread.run(MoMLSimpleApplication.java:402)
Caused by: ptolemy.kernel.util.IllegalActionException: Test fails in iteration 1.
Value was: 1.0. Should have been: 2.0
  in .DirectFeedback.Test
	at ptolemy.actor.lib.Test.fire(Test.java:268)
	at ptolemy.domains.de.kernel.DEDirector._fire(DEDirector.java:1949)
	at ptolemy.domains.de.kernel.DEDirector.fire(DEDirector.java:502)
	at ptolemy.actor.CompositeActor.fire(CompositeActor.java:455)
	at ptolemy.actor.Manager.iterate(Manager.java:851)
	at ptolemy.actor.Manager.execute(Manager.java:369)
	at ptolemy.actor.Manager.run(Manager.java:1263)
	at ptolemy.actor.Manager$PtolemyRunThread.run(Manager.java:1933)
java.lang.RuntimeException: Execution failed
	at ptolemy.moml.MoMLSimpleApplication$UnloadThread.run(MoMLSimpleApplication.java:402)
Caused by: ptolemy.kernel.util.IllegalActionException: Found a zero delay loop containing .dependencyLoop.original
  in .dependencyLoop and .dependencyLoop.original
	at ptolemy.actor.util.CausalityInterfaceForComposites._computeOutputPortDepth(CausalityInterfaceForComposites.java:759)
	at ptolemy.actor.util.CausalityInterfaceForComposites._computeInputDepth(CausalityInterfaceForComposites.java:696)
	at ptolemy.actor.util.CausalityInterfaceForComposites._computeOutputPortDepth(CausalityInterfaceForComposites.java:765)
	at ptolemy.actor.util.CausalityInterfaceForComposites._computeInputDepth(CausalityInterfaceForComposites.java:696)
	at ptolemy.actor.util.CausalityInterfaceForComposites._computeOutputPortDepth(CausalityInterfaceForComposites.java:765)
	at ptolemy.actor.util.CausalityInterfaceForComposites._computeInputDepth(CausalityInterfaceForComposites.java:696)
	at ptolemy.actor.util.CausalityInterfaceForComposites._computeActorDepth(CausalityInterfaceForComposites.java:532)
	at ptolemy.actor.util.CausalityInterfaceForComposites.checkForCycles(CausalityInterfaceForComposites.java:96)
	at ptolemy.domains.de.kernel.DEDirector.preinitialize(DEDirector.java:1338)
	at ptolemy.actor.CompositeActor.preinitialize(CompositeActor.java:1828)
	at ptolemy.actor.Manager.preinitializeAndResolveTypes(Manager.java:1040)
	at ptolemy.actor.Manager.initialize(Manager.java:710)
	at ptolemy.actor.Manager.execute(Manager.java:356)
	at ptolemy.actor.Manager.run(Manager.java:1263)
	at ptolemy.actor.Manager$PtolemyRunThread.run(Manager.java:1933)
java.lang.RuntimeException: Execution failed
	at ptolemy.moml.MoMLSimpleApplication$UnloadThread.run(MoMLSimpleApplication.java:402)
Caused by: ptolemy.kernel.util.IllegalActionException: Found a zero delay loop containing .HierarchicalModel.A
  in .HierarchicalModel and .HierarchicalModel.A
	at ptolemy.actor.util.CausalityInterfaceForComposites._computeOutputPortDepth(CausalityInterfaceForComposites.java:759)
	at ptolemy.actor.util.CausalityInterfaceForComposites._computeInputDepth(CausalityInterfaceForComposites.java:696)
	at ptolemy.actor.util.CausalityInterfaceForComposites._computeOutputPortDepth(CausalityInterfaceForComposites.java:765)
	at ptolemy.actor.util.CausalityInterfaceForComposites._computeInputDepth(CausalityInterfaceForComposites.java:696)
	at ptolemy.actor.util.CausalityInterfaceForComposites._computeOutputPortDepth(CausalityInterfaceForComposites.java:765)
	at ptolemy.actor.util.CausalityInterfaceForComposites._computeInputDepth(CausalityInterfaceForComposites.java:696)
	at ptolemy.actor.util.CausalityInterfaceForComposites._computeActorDepth(CausalityInterfaceForComposites.java:532)
	at ptolemy.actor.util.CausalityInterfaceForComposites.checkForCycles(CausalityInterfaceForComposites.java:96)
	at ptolemy.domains.de.kernel.DEDirector.preinitialize(DEDirector.java:1338)
	at ptolemy.actor.CompositeActor.preinitialize(CompositeActor.java:1828)
	at ptolemy.actor.Manager.preinitializeAndResolveTypes(Manager.java:1040)
	at ptolemy.actor.Manager.initialize(Manager.java:710)
	at ptolemy.actor.Manager.execute(Manager.java:356)
	at ptolemy.actor.Manager.run(Manager.java:1263)
	at ptolemy.actor.Manager$PtolemyRunThread.run(Manager.java:1933)
java.lang.RuntimeException: Execution failed
	at ptolemy.moml.MoMLSimpleApplication$UnloadThread.run(MoMLSimpleApplication.java:402)
Caused by: ptolemy.kernel.util.IllegalActionException: Found a zero delay loop containing .dependencyLoop2.original
  in .dependencyLoop2 and .dependencyLoop2.original
	at ptolemy.actor.util.CausalityInterfaceForComposites._computeOutputPortDepth(CausalityInterfaceForComposites.java:759)
	at ptolemy.actor.util.CausalityInterfaceForComposites._computeInputDepth(CausalityInterfaceForComposites.java:696)
	at ptolemy.actor.util.CausalityInterfaceForComposites._computeOutputPortDepth(CausalityInterfaceForComposites.java:765)
	at ptolemy.actor.util.CausalityInterfaceForComposites._computeInputDepth(CausalityInterfaceForComposites.java:696)
	at ptolemy.actor.util.CausalityInterfaceForComposites._computeOutputPortDepth(CausalityInterfaceForComposites.java:765)
	at ptolemy.actor.util.CausalityInterfaceForComposites._computeInputDepth(CausalityInterfaceForComposites.java:696)
	at ptolemy.actor.util.CausalityInterfaceForComposites._computeActorDepth(CausalityInterfaceForComposites.java:532)
	at ptolemy.actor.util.CausalityInterfaceForComposites.checkForCycles(CausalityInterfaceForComposites.java:96)
	at ptolemy.domains.de.kernel.DEDirector.preinitialize(DEDirector.java:1338)
	at ptolemy.actor.CompositeActor.preinitialize(CompositeActor.java:1828)
	at ptolemy.actor.Manager.preinitializeAndResolveTypes(Manager.java:1040)
	at ptolemy.actor.Manager.initialize(Manager.java:710)
	at ptolemy.actor.Manager.execute(Manager.java:356)
	at ptolemy.actor.Manager.run(Manager.java:1263)
	at ptolemy.actor.Manager$PtolemyRunThread.run(Manager.java:1933)
java.lang.RuntimeException: Execution failed
	at ptolemy.moml.MoMLSimpleApplication$UnloadThread.run(MoMLSimpleApplication.java:402)
Caused by: ptolemy.kernel.util.IllegalActionException: Actor is not ready to fire.  Perhaps UpSample.prefire() returned false? Try debugging the actor by selecting "Listen to Actor".  Also, for SDF check moml for tokenConsumptionRate on input.
  in .DESDFClockTest.Play Bell.Copy1:SDF Director and .DESDFClockTest.Play Bell.UpSample
	at ptolemy.actor.sched.StaticSchedulingDirector.fire(StaticSchedulingDirector.java:227)
	at ptolemy.domains.sdf.kernel.SDFDirector.fire(SDFDirector.java:500)
	at ptolemy.actor.CompositeActor.fire(CompositeActor.java:455)
	at ptolemy.domains.de.kernel.DEDirector._fire(DEDirector.java:1949)
	at ptolemy.domains.de.kernel.DEDirector.fire(DEDirector.java:502)
	at ptolemy.actor.CompositeActor.fire(CompositeActor.java:455)
	at ptolemy.actor.Manager.iterate(Manager.java:851)
	at ptolemy.actor.Manager.execute(Manager.java:369)
	at ptolemy.actor.Manager.run(Manager.java:1263)
	at ptolemy.actor.Manager$PtolemyRunThread.run(Manager.java:1933)
java.lang.RuntimeException: Execution failed
	at ptolemy.moml.MoMLSimpleApplication$UnloadThread.run(MoMLSimpleApplication.java:402)
Caused by: ptolemy.kernel.util.IllegalActionException: Actor is not ready to fire.  Perhaps UpSample.prefire() returned false? Try debugging the actor by selecting "Listen to Actor".  Also, for SDF check moml for tokenConsumptionRate on input.
  in .DESDFClockTest.Play Bell.Copy1:SDF Director and .DESDFClockTest.Play Bell.UpSample
	at ptolemy.actor.sched.StaticSchedulingDirector.fire(StaticSchedulingDirector.java:227)
	at ptolemy.domains.sdf.kernel.SDFDirector.fire(SDFDirector.java:500)
	at ptolemy.actor.CompositeActor.fire(CompositeActor.java:455)
	at ptolemy.domains.de.kernel.DEDirector._fire(DEDirector.java:1949)
	at ptolemy.domains.de.kernel.DEDirector.fire(DEDirector.java:502)
	at ptolemy.actor.CompositeActor.fire(CompositeActor.java:455)
	at ptolemy.actor.Manager.iterate(Manager.java:851)
	at ptolemy.actor.Manager.execute(Manager.java:369)
	at ptolemy.actor.Manager.run(Manager.java:1263)
	at ptolemy.actor.Manager$PtolemyRunThread.run(Manager.java:1933)
java.lang.reflect.InvocationTargetException
	at java.base/jdk.internal.reflect.NativeConstructorAccessorImpl.newInstance0(Native Method)
	at java.base/jdk.internal.reflect.NativeConstructorAccessorImpl.newInstance(NativeConstructorAccessorImpl.java:62)
	at java.base/jdk.internal.reflect.DelegatingConstructorAccessorImpl.newInstance(DelegatingConstructorAccessorImpl.java:45)
	at java.base/java.lang.reflect.Constructor.newInstance(Constructor.java:490)
	at ptolemy.util.test.junit.AutoKnownFailedTests.RunModel(AutoKnownFailedTests.java:105)
	at java.base/jdk.internal.reflect.NativeMethodAccessorImpl.invoke0(Native Method)
	at java.base/jdk.internal.reflect.NativeMethodAccessorImpl.invoke(NativeMethodAccessorImpl.java:62)
	at java.base/jdk.internal.reflect.DelegatingMethodAccessorImpl.invoke(DelegatingMethodAccessorImpl.java:43)
	at java.base/java.lang.reflect.Method.invoke(Method.java:566)
	at org.junit.runners.model.FrameworkMethod$1.runReflectiveCall(FrameworkMethod.java:44)
	at org.junit.internal.runners.model.ReflectiveCallable.run(ReflectiveCallable.java:15)
	at org.junit.runners.model.FrameworkMethod.invokeExplosively(FrameworkMethod.java:41)
	at junitparams.internal.InvokeParameterisedMethod.evaluate(InvokeParameterisedMethod.java:102)
	at org.junit.internal.runners.statements.FailOnTimeout$1.run(FailOnTimeout.java:28)
Caused by: ptolemy.kernel.util.IllegalActionException: Actor is not ready to fire.  Perhaps UpSample.prefire() returned false? Try debugging the actor by selecting "Listen to Actor".  Also, for SDF check moml for tokenConsumptionRate on input.
  in .DESDFClockTest.Play Bell.Copy1:SDF Director and .DESDFClockTest.Play Bell.UpSample
	at ptolemy.actor.sched.StaticSchedulingDirector.fire(StaticSchedulingDirector.java:227)
	at ptolemy.domains.sdf.kernel.SDFDirector.fire(SDFDirector.java:500)
	at ptolemy.actor.CompositeActor.fire(CompositeActor.java:455)
	at ptolemy.domains.de.kernel.DEDirector._fire(DEDirector.java:1949)
	at ptolemy.domains.de.kernel.DEDirector.fire(DEDirector.java:502)
	at ptolemy.actor.CompositeActor.fire(CompositeActor.java:455)
	at ptolemy.actor.Manager.iterate(Manager.java:851)
	at ptolemy.actor.Manager.execute(Manager.java:369)
	at ptolemy.actor.Manager.run(Manager.java:1263)
	at ptolemy.actor.Manager$PtolemyRunThread.run(Manager.java:1933)
java.lang.RuntimeException: Execution failed
	at ptolemy.moml.MoMLSimpleApplication$UnloadThread.run(MoMLSimpleApplication.java:402)
Caused by: ptolemy.kernel.util.IllegalActionException: Test fails in iteration 1.
Value was: 1.0. Should have been: 2.0
  in .DirectFeedback.Test
	at ptolemy.actor.lib.Test.fire(Test.java:268)
	at ptolemy.domains.de.kernel.DEDirector._fire(DEDirector.java:1949)
	at ptolemy.domains.de.kernel.DEDirector.fire(DEDirector.java:502)
	at ptolemy.actor.CompositeActor.fire(CompositeActor.java:455)
	at ptolemy.actor.Manager.iterate(Manager.java:851)
	at ptolemy.actor.Manager.execute(Manager.java:369)
	at ptolemy.actor.Manager.run(Manager.java:1263)
	at ptolemy.actor.Manager$PtolemyRunThread.run(Manager.java:1933)
java.lang.reflect.InvocationTargetException
	at java.base/jdk.internal.reflect.NativeConstructorAccessorImpl.newInstance0(Native Method)
	at java.base/jdk.internal.reflect.NativeConstructorAccessorImpl.newInstance(NativeConstructorAccessorImpl.java:62)
	at java.base/jdk.internal.reflect.DelegatingConstructorAccessorImpl.newInstance(DelegatingConstructorAccessorImpl.java:45)
	at java.base/java.lang.reflect.Constructor.newInstance(Constructor.java:490)
	at ptolemy.util.test.junit.AutoKnownFailedTests.RunModel(AutoKnownFailedTests.java:105)
	at java.base/jdk.internal.reflect.NativeMethodAccessorImpl.invoke0(Native Method)
	at java.base/jdk.internal.reflect.NativeMethodAccessorImpl.invoke(NativeMethodAccessorImpl.java:62)
	at java.base/jdk.internal.reflect.DelegatingMethodAccessorImpl.invoke(DelegatingMethodAccessorImpl.java:43)
	at java.base/java.lang.reflect.Method.invoke(Method.java:566)
	at org.junit.runners.model.FrameworkMethod$1.runReflectiveCall(FrameworkMethod.java:44)
	at org.junit.internal.runners.model.ReflectiveCallable.run(ReflectiveCallable.java:15)
	at org.junit.runners.model.FrameworkMethod.invokeExplosively(FrameworkMethod.java:41)
	at junitparams.internal.InvokeParameterisedMethod.evaluate(InvokeParameterisedMethod.java:102)
	at org.junit.internal.runners.statements.FailOnTimeout$1.run(FailOnTimeout.java:28)
Caused by: ptolemy.kernel.util.IllegalActionException: Test fails in iteration 1.
Value was: 1.0. Should have been: 2.0
  in .DirectFeedback.Test
	at ptolemy.actor.lib.Test.fire(Test.java:268)
	at ptolemy.domains.de.kernel.DEDirector._fire(DEDirector.java:1949)
	at ptolemy.domains.de.kernel.DEDirector.fire(DEDirector.java:502)
	at ptolemy.actor.CompositeActor.fire(CompositeActor.java:455)
	at ptolemy.actor.Manager.iterate(Manager.java:851)
	at ptolemy.actor.Manager.execute(Manager.java:369)
	at ptolemy.actor.Manager.run(Manager.java:1263)
	at ptolemy.actor.Manager$PtolemyRunThread.run(Manager.java:1933)
java.lang.RuntimeException: Execution failed
	at ptolemy.moml.MoMLSimpleApplication$UnloadThread.run(MoMLSimpleApplication.java:402)
Caused by: ptolemy.kernel.util.IllegalActionException: Found a zero delay loop containing .HierarchicalModel.A
  in .HierarchicalModel and .HierarchicalModel.A
	at ptolemy.actor.util.CausalityInterfaceForComposites._computeOutputPortDepth(CausalityInterfaceForComposites.java:759)
	at ptolemy.actor.util.CausalityInterfaceForComposites._computeInputDepth(CausalityInterfaceForComposites.java:696)
	at ptolemy.actor.util.CausalityInterfaceForComposites._computeOutputPortDepth(CausalityInterfaceForComposites.java:765)
	at ptolemy.actor.util.CausalityInterfaceForComposites._computeInputDepth(CausalityInterfaceForComposites.java:696)
	at ptolemy.actor.util.CausalityInterfaceForComposites._computeOutputPortDepth(CausalityInterfaceForComposites.java:765)
	at ptolemy.actor.util.CausalityInterfaceForComposites._computeInputDepth(CausalityInterfaceForComposites.java:696)
	at ptolemy.actor.util.CausalityInterfaceForComposites._computeActorDepth(CausalityInterfaceForComposites.java:532)
	at ptolemy.actor.util.CausalityInterfaceForComposites.checkForCycles(CausalityInterfaceForComposites.java:96)
	at ptolemy.domains.de.kernel.DEDirector.preinitialize(DEDirector.java:1338)
	at ptolemy.actor.CompositeActor.preinitialize(CompositeActor.java:1828)
	at ptolemy.actor.Manager.preinitializeAndResolveTypes(Manager.java:1040)
	at ptolemy.actor.Manager.initialize(Manager.java:710)
	at ptolemy.actor.Manager.execute(Manager.java:356)
	at ptolemy.actor.Manager.run(Manager.java:1263)
	at ptolemy.actor.Manager$PtolemyRunThread.run(Manager.java:1933)
java.lang.reflect.InvocationTargetException
	at java.base/jdk.internal.reflect.NativeConstructorAccessorImpl.newInstance0(Native Method)
	at java.base/jdk.internal.reflect.NativeConstructorAccessorImpl.newInstance(NativeConstructorAccessorImpl.java:62)
	at java.base/jdk.internal.reflect.DelegatingConstructorAccessorImpl.newInstance(DelegatingConstructorAccessorImpl.java:45)
	at java.base/java.lang.reflect.Constructor.newInstance(Constructor.java:490)
	at ptolemy.util.test.junit.AutoKnownFailedTests.RunModel(AutoKnownFailedTests.java:105)
	at java.base/jdk.internal.reflect.NativeMethodAccessorImpl.invoke0(Native Method)
	at java.base/jdk.internal.reflect.NativeMethodAccessorImpl.invoke(NativeMethodAccessorImpl.java:62)
	at java.base/jdk.internal.reflect.DelegatingMethodAccessorImpl.invoke(DelegatingMethodAccessorImpl.java:43)
	at java.base/java.lang.reflect.Method.invoke(Method.java:566)
	at org.junit.runners.model.FrameworkMethod$1.runReflectiveCall(FrameworkMethod.java:44)
	at org.junit.internal.runners.model.ReflectiveCallable.run(ReflectiveCallable.java:15)
	at org.junit.runners.model.FrameworkMethod.invokeExplosively(FrameworkMethod.java:41)
	at junitparams.internal.InvokeParameterisedMethod.evaluate(InvokeParameterisedMethod.java:102)
	at org.junit.internal.runners.statements.FailOnTimeout$1.run(FailOnTimeout.java:28)
Caused by: ptolemy.kernel.util.IllegalActionException: Found a zero delay loop containing .HierarchicalModel.A
  in .HierarchicalModel and .HierarchicalModel.A
	at ptolemy.actor.util.CausalityInterfaceForComposites._computeOutputPortDepth(CausalityInterfaceForComposites.java:759)
	at ptolemy.actor.util.CausalityInterfaceForComposites._computeInputDepth(CausalityInterfaceForComposites.java:696)
	at ptolemy.actor.util.CausalityInterfaceForComposites._computeOutputPortDepth(CausalityInterfaceForComposites.java:765)
	at ptolemy.actor.util.CausalityInterfaceForComposites._computeInputDepth(CausalityInterfaceForComposites.java:696)
	at ptolemy.actor.util.CausalityInterfaceForComposites._computeOutputPortDepth(CausalityInterfaceForComposites.java:765)
	at ptolemy.actor.util.CausalityInterfaceForComposites._computeInputDepth(CausalityInterfaceForComposites.java:696)
	at ptolemy.actor.util.CausalityInterfaceForComposites._computeActorDepth(CausalityInterfaceForComposites.java:532)
	at ptolemy.actor.util.CausalityInterfaceForComposites.checkForCycles(CausalityInterfaceForComposites.java:96)
	at ptolemy.domains.de.kernel.DEDirector.preinitialize(DEDirector.java:1338)
	at ptolemy.actor.CompositeActor.preinitialize(CompositeActor.java:1828)
	at ptolemy.actor.Manager.preinitializeAndResolveTypes(Manager.java:1040)
	at ptolemy.actor.Manager.initialize(Manager.java:710)
	at ptolemy.actor.Manager.execute(Manager.java:356)
	at ptolemy.actor.Manager.run(Manager.java:1263)
	at ptolemy.actor.Manager$PtolemyRunThread.run(Manager.java:1933)
java.lang.RuntimeException: Execution failed
	at ptolemy.moml.MoMLSimpleApplication$UnloadThread.run(MoMLSimpleApplication.java:402)
Caused by: ptolemy.kernel.util.IllegalActionException: Found a zero delay loop containing .dependencyLoop.original
  in .dependencyLoop and .dependencyLoop.original
	at ptolemy.actor.util.CausalityInterfaceForComposites._computeOutputPortDepth(CausalityInterfaceForComposites.java:759)
	at ptolemy.actor.util.CausalityInterfaceForComposites._computeInputDepth(CausalityInterfaceForComposites.java:696)
	at ptolemy.actor.util.CausalityInterfaceForComposites._computeOutputPortDepth(CausalityInterfaceForComposites.java:765)
	at ptolemy.actor.util.CausalityInterfaceForComposites._computeInputDepth(CausalityInterfaceForComposites.java:696)
	at ptolemy.actor.util.CausalityInterfaceForComposites._computeOutputPortDepth(CausalityInterfaceForComposites.java:765)
	at ptolemy.actor.util.CausalityInterfaceForComposites._computeInputDepth(CausalityInterfaceForComposites.java:696)
	at ptolemy.actor.util.CausalityInterfaceForComposites._computeActorDepth(CausalityInterfaceForComposites.java:532)
	at ptolemy.actor.util.CausalityInterfaceForComposites.checkForCycles(CausalityInterfaceForComposites.java:96)
	at ptolemy.domains.de.kernel.DEDirector.preinitialize(DEDirector.java:1338)
	at ptolemy.actor.CompositeActor.preinitialize(CompositeActor.java:1828)
	at ptolemy.actor.Manager.preinitializeAndResolveTypes(Manager.java:1040)
	at ptolemy.actor.Manager.initialize(Manager.java:710)
	at ptolemy.actor.Manager.execute(Manager.java:356)
	at ptolemy.actor.Manager.run(Manager.java:1263)
	at ptolemy.actor.Manager$PtolemyRunThread.run(Manager.java:1933)
java.lang.reflect.InvocationTargetException
	at java.base/jdk.internal.reflect.NativeConstructorAccessorImpl.newInstance0(Native Method)
	at java.base/jdk.internal.reflect.NativeConstructorAccessorImpl.newInstance(NativeConstructorAccessorImpl.java:62)
	at java.base/jdk.internal.reflect.DelegatingConstructorAccessorImpl.newInstance(DelegatingConstructorAccessorImpl.java:45)
	at java.base/java.lang.reflect.Constructor.newInstance(Constructor.java:490)
	at ptolemy.util.test.junit.AutoKnownFailedTests.RunModel(AutoKnownFailedTests.java:105)
	at java.base/jdk.internal.reflect.NativeMethodAccessorImpl.invoke0(Native Method)
	at java.base/jdk.internal.reflect.NativeMethodAccessorImpl.invoke(NativeMethodAccessorImpl.java:62)
	at java.base/jdk.internal.reflect.DelegatingMethodAccessorImpl.invoke(DelegatingMethodAccessorImpl.java:43)
	at java.base/java.lang.reflect.Method.invoke(Method.java:566)
	at org.junit.runners.model.FrameworkMethod$1.runReflectiveCall(FrameworkMethod.java:44)
	at org.junit.internal.runners.model.ReflectiveCallable.run(ReflectiveCallable.java:15)
	at org.junit.runners.model.FrameworkMethod.invokeExplosively(FrameworkMethod.java:41)
	at junitparams.internal.InvokeParameterisedMethod.evaluate(InvokeParameterisedMethod.java:102)
	at org.junit.internal.runners.statements.FailOnTimeout$1.run(FailOnTimeout.java:28)
Caused by: ptolemy.kernel.util.IllegalActionException: Found a zero delay loop containing .dependencyLoop.original
  in .dependencyLoop and .dependencyLoop.original
	at ptolemy.actor.util.CausalityInterfaceForComposites._computeOutputPortDepth(CausalityInterfaceForComposites.java:759)
	at ptolemy.actor.util.CausalityInterfaceForComposites._computeInputDepth(CausalityInterfaceForComposites.java:696)
	at ptolemy.actor.util.CausalityInterfaceForComposites._computeOutputPortDepth(CausalityInterfaceForComposites.java:765)
	at ptolemy.actor.util.CausalityInterfaceForComposites._computeInputDepth(CausalityInterfaceForComposites.java:696)
	at ptolemy.actor.util.CausalityInterfaceForComposites._computeOutputPortDepth(CausalityInterfaceForComposites.java:765)
	at ptolemy.actor.util.CausalityInterfaceForComposites._computeInputDepth(CausalityInterfaceForComposites.java:696)
	at ptolemy.actor.util.CausalityInterfaceForComposites._computeActorDepth(CausalityInterfaceForComposites.java:532)
	at ptolemy.actor.util.CausalityInterfaceForComposites.checkForCycles(CausalityInterfaceForComposites.java:96)
	at ptolemy.domains.de.kernel.DEDirector.preinitialize(DEDirector.java:1338)
	at ptolemy.actor.CompositeActor.preinitialize(CompositeActor.java:1828)
	at ptolemy.actor.Manager.preinitializeAndResolveTypes(Manager.java:1040)
	at ptolemy.actor.Manager.initialize(Manager.java:710)
	at ptolemy.actor.Manager.execute(Manager.java:356)
	at ptolemy.actor.Manager.run(Manager.java:1263)
	at ptolemy.actor.Manager$PtolemyRunThread.run(Manager.java:1933)
java.lang.RuntimeException: Execution failed
	at ptolemy.moml.MoMLSimpleApplication$UnloadThread.run(MoMLSimpleApplication.java:402)
Caused by: ptolemy.kernel.util.IllegalActionException: Found a zero delay loop containing .dependencyLoop2.original
  in .dependencyLoop2 and .dependencyLoop2.original
	at ptolemy.actor.util.CausalityInterfaceForComposites._computeOutputPortDepth(CausalityInterfaceForComposites.java:759)
	at ptolemy.actor.util.CausalityInterfaceForComposites._computeInputDepth(CausalityInterfaceForComposites.java:696)
	at ptolemy.actor.util.CausalityInterfaceForComposites._computeOutputPortDepth(CausalityInterfaceForComposites.java:765)
	at ptolemy.actor.util.CausalityInterfaceForComposites._computeInputDepth(CausalityInterfaceForComposites.java:696)
	at ptolemy.actor.util.CausalityInterfaceForComposites._computeOutputPortDepth(CausalityInterfaceForComposites.java:765)
	at ptolemy.actor.util.CausalityInterfaceForComposites._computeInputDepth(CausalityInterfaceForComposites.java:696)
	at ptolemy.actor.util.CausalityInterfaceForComposites._computeActorDepth(CausalityInterfaceForComposites.java:532)
	at ptolemy.actor.util.CausalityInterfaceForComposites.checkForCycles(CausalityInterfaceForComposites.java:96)
	at ptolemy.domains.de.kernel.DEDirector.preinitialize(DEDirector.java:1338)
	at ptolemy.actor.CompositeActor.preinitialize(CompositeActor.java:1828)
	at ptolemy.actor.Manager.preinitializeAndResolveTypes(Manager.java:1040)
	at ptolemy.actor.Manager.initialize(Manager.java:710)
	at ptolemy.actor.Manager.execute(Manager.java:356)
	at ptolemy.actor.Manager.run(Manager.java:1263)
	at ptolemy.actor.Manager$PtolemyRunThread.run(Manager.java:1933)
java.lang.reflect.InvocationTargetException
	at java.base/jdk.internal.reflect.NativeConstructorAccessorImpl.newInstance0(Native Method)
	at java.base/jdk.internal.reflect.NativeConstructorAccessorImpl.newInstance(NativeConstructorAccessorImpl.java:62)
	at java.base/jdk.internal.reflect.DelegatingConstructorAccessorImpl.newInstance(DelegatingConstructorAccessorImpl.java:45)
	at java.base/java.lang.reflect.Constructor.newInstance(Constructor.java:490)
	at ptolemy.util.test.junit.AutoKnownFailedTests.RunModel(AutoKnownFailedTests.java:105)
	at java.base/jdk.internal.reflect.NativeMethodAccessorImpl.invoke0(Native Method)
	at java.base/jdk.internal.reflect.NativeMethodAccessorImpl.invoke(NativeMethodAccessorImpl.java:62)
	at java.base/jdk.internal.reflect.DelegatingMethodAccessorImpl.invoke(DelegatingMethodAccessorImpl.java:43)
	at java.base/java.lang.reflect.Method.invoke(Method.java:566)
	at org.junit.runners.model.FrameworkMethod$1.runReflectiveCall(FrameworkMethod.java:44)
	at org.junit.internal.runners.model.ReflectiveCallable.run(ReflectiveCallable.java:15)
	at org.junit.runners.model.FrameworkMethod.invokeExplosively(FrameworkMethod.java:41)
	at junitparams.internal.InvokeParameterisedMethod.evaluate(InvokeParameterisedMethod.java:102)
	at org.junit.internal.runners.statements.FailOnTimeout$1.run(FailOnTimeout.java:28)
Caused by: ptolemy.kernel.util.IllegalActionException: Found a zero delay loop containing .dependencyLoop2.original
  in .dependencyLoop2 and .dependencyLoop2.original
	at ptolemy.actor.util.CausalityInterfaceForComposites._computeOutputPortDepth(CausalityInterfaceForComposites.java:759)
	at ptolemy.actor.util.CausalityInterfaceForComposites._computeInputDepth(CausalityInterfaceForComposites.java:696)
	at ptolemy.actor.util.CausalityInterfaceForComposites._computeOutputPortDepth(CausalityInterfaceForComposites.java:765)
	at ptolemy.actor.util.CausalityInterfaceForComposites._computeInputDepth(CausalityInterfaceForComposites.java:696)
	at ptolemy.actor.util.CausalityInterfaceForComposites._computeOutputPortDepth(CausalityInterfaceForComposites.java:765)
	at ptolemy.actor.util.CausalityInterfaceForComposites._computeInputDepth(CausalityInterfaceForComposites.java:696)
	at ptolemy.actor.util.CausalityInterfaceForComposites._computeActorDepth(CausalityInterfaceForComposites.java:532)
	at ptolemy.actor.util.CausalityInterfaceForComposites.checkForCycles(CausalityInterfaceForComposites.java:96)
	at ptolemy.domains.de.kernel.DEDirector.preinitialize(DEDirector.java:1338)
	at ptolemy.actor.CompositeActor.preinitialize(CompositeActor.java:1828)
	at ptolemy.actor.Manager.preinitializeAndResolveTypes(Manager.java:1040)
	at ptolemy.actor.Manager.initialize(Manager.java:710)
	at ptolemy.actor.Manager.execute(Manager.java:356)
	at ptolemy.actor.Manager.run(Manager.java:1263)
	at ptolemy.actor.Manager$PtolemyRunThread.run(Manager.java:1933)
]]></system-err>
</testsuite>
