<?xml version="1.0" encoding="UTF-8" ?>
<testsuite errors="0" failures="0" hostname="travis-job-e322d418-8f62-48b5-8022-ea34f3b79687" name="ptolemy.actor.lib.test.junit.JUnitTclTest" skipped="0" tests="517" time="57.994" timestamp="2019-06-07T04:28:46">
  <properties>
    <property name="npm.executable" value="npm" />
    <property name="file.encoding.pkg" value="sun.io" />
    <property name="env.TRAVIS_ROOT" value="/" />
    <property name="ptII.mk.exists" value="true" />
    <property name="env.TRAVIS_APP_HOST" value="build.travis-ci.org" />
    <property name="env.rvm_bin_path" value="/home/travis/.rvm/bin" />
    <property name="java.home" value="/usr/lib/jvm/java-8-oracle/jre" />
    <property name="env.TRAVIS_JOB_NUMBER" value="1160.8" />
    <property name="env.TRAVIS_HOME" value="/home/travis" />
    <property name="env.DISPLAY" value=":99.0" />
    <property name="java.net.preferIPv4Stack" value="true" />
    <property name="env.TRAVIS_INIT" value="upstart" />
    <property name="env.SSH_TTY" value="/dev/pts/0" />
    <property name="env.RUN_TESTS" value="true" />
    <property name="timeout.short" value="1000000" />
    <property name="env.TRAVIS_JOB_NAME" value="" />
    <property name="env.TRAVIS_STACK_NODE_ATTRIBUTES" value="/.node-attributes.yml" />
    <property name="junit.formatter" value="xml" />
    <property name="java.endorsed.dirs" value="/usr/lib/jvm/java-8-oracle/jre/lib/endorsed" />
    <property name="env.TRAVIS_SUDO" value="true" />
    <property name="env.LOGNAME" value="travis" />
    <property name="env.PT_TRAVIS_TEST_CORE1_XML" value="true" />
    <property name="jsdoc.home" value="node_modules/@terraswarm/jsdoc" />
    <property name="debuglevel" value="source,lines,vars" />
    <property name="checkstyle.formatter" value="xml" />
    <property name="bin.vergil.makeable" value="true" />
    <property name="env._system_version" value="14.04" />
    <property name="sun.os.patch.level" value="unknown" />
    <property name="java.vendor.url" value="http://java.oracle.com/" />
    <property name="env.TRAVIS_BUILD_WEB_URL" value="https://travis-ci.org/icyphy/ptII/builds/542584224" />
    <property name="java.version" value="1.8.0_151" />
    <property name="env.TZ" value="UTC" />
    <property name="env.PT_NO_NET" value="true" />
    <property name="env.TRAVIS_PULL_REQUEST_SHA" value="" />
    <property name="env.TRAVIS_SECURE_ENV_VARS" value="true" />
    <property name="env._system_type" value="Linux" />
    <property name="java.vendor.url.bug" value="http://bugreport.sun.com/bugreport/" />
    <property name="env.SSH_CLIENT" value="10.10.4.62 45626 22" />
    <property name="npmjs-org-is-up" value="true" />
    <property name="env.GEM_HOME" value="/home/travis/.rvm/gems/ruby-2.4.1" />
    <property name="env.HAS_ANTARES_THREE_LITTLE_FRONZIES_BADGE" value="true" />
    <property name="env.PS4" value="+" />
    <property name="ant.project.invoked-targets" value="build,test.core1.xml" />
    <property name="env.TRAVIS_PULL_REQUEST_BRANCH" value="" />
    <property name="env.TRAVIS_REPO_SLUG" value="icyphy/ptII" />
    <property name="env.TRAVIS_APT_PROXY" value="http://build-cache.travisci.net" />
    <property name="node.in.path" value="true" />
    <property name="java.maxmemory" value="1400m" />
    <property name="env.RUBY_VERSION" value="ruby-2.4.1" />
    <property name="user.name" value="travis" />
    <property name="env.LANG" value="en_US.UTF-8" />
    <property name="sun.io.unicode.encoding" value="UnicodeLittle" />
    <property name="sun.jnu.encoding" value="UTF-8" />
    <property name="java.runtime.name" value="Java(TM) SE Runtime Environment" />
    <property name="usefile" value="false" />
    <property name="return.code" value="0" />
    <property name="junit.single.formatter" value="plain" />
    <property name="env.DEBIAN_FRONTEND" value="noninteractive" />
    <property name="env.SSH_CONNECTION" value="10.10.4.62 45626 10.20.3.97 22" />
    <property name="env.MYSQL_UNIX_PORT" value="/var/run/mysqld/mysqld.sock" />
    <property name="env.TRAVIS_ALLOW_FAILURE" value="false" />
    <property name="env.LC_ALL" value="en_US.UTF-8" />
    <property name="env.TRAVIS_JOB_WEB_URL" value="https://travis-ci.org/icyphy/ptII/jobs/542584232" />
    <property name="java.specification.name" value="Java Platform API Specification" />
    <property name="node.works" value="true" />
    <property name="user.timezone" value="" />
    <property name="path.separator" value=":" />
    <property name="env.TRAVIS_ENABLE_INFRA_DETECTION" value="true" />
    <property name="env.PYTHON_CFLAGS" value="-g -fstack-protector --param=ssp-buffer-size=4 -Wformat -Werror=format-security" />
    <property name="timeout.long" value="4000000" />
    <property name="file.encoding" value="UTF-8" />
    <property name="ant.file.ptII" value="/home/travis/build/icyphy/ptII/build.xml" />
    <property name="javadoc.packagenames" value="com.*,diva.*,lbnl.*,org.hlacerti.*,org.json.*,org.ptolemy.*,org.terraswarm.*,ptolemy.*,ptserver.*" />
    <property name="env.TRAVIS_PULL_REQUEST_SLUG" value="" />
    <property name="ant.project.default-target" value="build" />
    <property name="env.GIT_ASKPASS" value="echo" />
    <property name="env.HOME" value="/home/travis" />
    <property name="sun.java.command" value="org.apache.tools.ant.taskdefs.optional.junit.JUnitTestRunner ptolemy.actor.lib.test.junit.JUnitTclTest skipNonTests=false filtertrace=true haltOnError=false haltOnFailure=false formatter=org.apache.tools.ant.taskdefs.optional.junit.OutErrSummaryJUnitResultFormatter showoutput=true outputtoformatters=true logfailedtests=true threadid=0 logtestlistenerevents=false formatter=org.apache.tools.ant.taskdefs.optional.junit.XMLJUnitResultFormatter,/home/travis/build/icyphy/ptII/reports/junit/TEST-ptolemy.actor.lib.test.junit.JUnitTclTest.xml crashfile=/home/travis/build/icyphy/ptII/junitvmwatcher3704917846972394821.properties propsfile=/home/travis/build/icyphy/ptII/junit4494498861465494598.properties" />
    <property name="env.MANPATH" value="/home/travis/.nvm/versions/node/v7.10.1/share/man:/home/travis/.kiex/elixirs/elixir-1.4.5/man:/home/travis/.rvm/rubies/ruby-2.4.1/share/man:/usr/local/man:/usr/local/cmake-3.9.2/man:/usr/local/clang-5.0.0/share/man:/usr/local/share/man:/usr/share/man:/home/travis/.rvm/man" />
    <property name="env.COMPOSER_NO_INTERACTION" value="1" />
    <property name="env.JDK_SWITCHER_DEFAULT" value="oraclejdk8" />
    <property name="env.TRAVIS_TIMER_ID" value="024bf82e" />
    <property name="ant.file" value="/home/travis/build/icyphy/ptII/build.xml" />
    <property name="env.TRAVIS_COMMIT_RANGE" value="e5126a4801df799845d5f4b52ce416921306d716...21a84221cb4bcd37fabfbb95be95dcadf98df169" />
    <property name="env._system_name" value="Ubuntu" />
    <property name="timeout" value="2400000" />
    <property name="ptII.classpath.optional.property" value="/home/travis/build/icyphy/ptII/lib/bsh-2.0b4.jar:/home/travis/build/icyphy/ptII/lib/ptCal.jar:/home/travis/build/icyphy/ptII/lib/java_cup.jar:/home/travis/build/icyphy/ptII/lib/saxon8.jar:/home/travis/build/icyphy/ptII/lib/saxon8-dom.jar:/home/travis/build/icyphy/ptII/lib/chic.jar:/home/travis/build/icyphy/ptII/lib/ptcolt.jar:/usr/lib/jvm/java-8-oracle/lib/tools.jar:/home/travis/build/icyphy/ptII/vendors/misc/itext/iText.jar:/home/travis/build/icyphy/ptII/lib/g4ltl.jar:/home/travis/build/icyphy/ptII/lib/StructuralCoder.jar:/home/travis/build/icyphy/ptII/vendors/jai-1_1_2_01/lib/jai_core.jar:/home/travis/build/icyphy/ptII/vendors/jai-1_1_2_01/lib/jai_codec.jar:/home/travis/build/icyphy/ptII/lib/jcerti.jar:/home/travis/build/icyphy/ptII/lib/javax.mail.jar:/home/travis/build/icyphy/ptII/vendors/JMF-2.1.1e/lib/jmf.jar:/home/travis/build/icyphy/ptII/lib/jna-4.0.0-variadic.jar:/home/travis/build/icyphy/ptII/vendors/misc/joystick/Joystick.jar:/home/travis/build/icyphy/ptII/lib/ptjacl.jar:/home/travis/build/icyphy/ptII/lib/jsoup-1.8.2.jar:/home/travis/build/icyphy/ptII/lib/junit-4.8.2.jar:/home/travis/build/icyphy/ptII/lib/JUnitParams-0.4.0.jar:/home/travis/build/icyphy/ptII/ptolemy/actor/lib/excel/jxl.jar:/home/travis/build/icyphy/ptII/lib/jython.jar:/home/travis/build/icyphy/ptII/lib/kieler.jar:/home/travis/build/icyphy/ptII/vendors/opencv/share/OpenCV/java/opencv-341.jar:/home/travis/build/icyphy/ptII/lib/oscP5.jar:/home/travis/build/icyphy/ptII/lib/nrjavaserial-3.11.0.devel.jar:/home/travis/build/icyphy/ptII/vendors/j3d/lib/j3dcore.jar:/home/travis/build/icyphy/ptII/vendors/j3d/lib/j3dutils.jar:/home/travis/build/icyphy/ptII/vendors/j3d/lib/vecmath.jar:/home/travis/build/icyphy/ptII/ptolemy/distributed/jini/jar/jini-core.jar:/home/travis/build/icyphy/ptII/ptolemy/distributed/jini/jar/jini-ext.jar:/home/travis/build/icyphy/ptII/ptolemy/distributed/jini/jar/sun-util.jar:/home/travis/build/icyphy/ptII/lib/protobuf-java-2.4.1.jar:/home/travis/build/icyphy/ptII/lib/org.eclipse.paho.client.mqttv3.jar:/home/travis/build/icyphy/ptII/lib/mapss.jar:/home/travis/build/icyphy/ptII/ptolemy/actor/ptalon/antlr/antlr.jar:/home/travis/build/icyphy/ptII/lib/JRI.jar:/home/travis/build/icyphy/ptII/lib/commons-lang-2.6.jar:/home/travis/build/icyphy/ptII/lib/commons-logging-1.1.1.jar:/home/travis/build/icyphy/ptII/lib/sootclasses.jar:/home/travis/build/icyphy/ptII/ptolemy/actor/lib/database/mysql-connector-java-5.1.6-bin.jar:/home/travis/build/icyphy/ptII/vendors/misc/sphinx4/sphinx4-data-5prealpha.jar:/home/travis/build/icyphy/ptII/vendors/misc/sphinx4/sphinx4-core-5prealpha.jar:/home/travis/build/icyphy/ptII/lib/PDFRenderer.jar:/home/travis/build/icyphy/ptII/lib/svgSalamander.jar:/home/travis/build/icyphy/ptII/lib/rsyntaxtextarea-2.6.0-SNAPSHOT.jar:/home/travis/build/icyphy/ptII/lib/hazelcast-3.8.2.jar:/home/travis/build/icyphy/ptII/lib/jackson-annotations-2.9.0.jar:/home/travis/build/icyphy/ptII/lib/jackson-core-2.9.3.jar:/home/travis/build/icyphy/ptII/lib/jackson-databind-2.9.3.jar:/home/travis/build/icyphy/ptII/lib/netty-buffer-4.1.19.Final.jar:/home/travis/build/icyphy/ptII/lib/netty-codec-4.1.19.Final.jar:/home/travis/build/icyphy/ptII/lib/netty-codec-dns-4.1.19.Final.jar:/home/travis/build/icyphy/ptII/lib/netty-codec-http-4.1.19.Final.jar:/home/travis/build/icyphy/ptII/lib/netty-codec-http2-4.1.19.Final.jar:/home/travis/build/icyphy/ptII/lib/netty-common-4.1.19.Final.jar:/home/travis/build/icyphy/ptII/lib/netty-handler-4.1.19.Final.jar:/home/travis/build/icyphy/ptII/lib/netty-resolver-4.1.19.Final.jar:/home/travis/build/icyphy/ptII/lib/netty-resolver-dns-4.1.19.Final.jar:/home/travis/build/icyphy/ptII/lib/netty-transport-4.1.19.Final.jar:/home/travis/build/icyphy/ptII/lib/vertx-codegen-3.5.1.jar:/home/travis/build/icyphy/ptII/lib/vertx-core-3.5.2-SNAPSHOT.jar:/home/travis/build/icyphy/ptII/lib/vertx-hazelcast-3.5.1.jar:/home/travis/build/icyphy/ptII/lib/vertx-lang-js-3.5.1.jar:/home/travis/build/icyphy/ptII/lib/vertx-service-proxy-3.5.1.jar:/home/travis/build/icyphy/ptII/lib/vertx-web-3.5.1.jar:/home/travis/build/icyphy/ptII/lib/slf4j-api-1.7.13.jar:/home/travis/build/icyphy/ptII/lib/slf4j-simple-1.7.13.jar:/home/travis/build/icyphy/ptII/lib/webcam-capture-0.3.12.jar:/home/travis/build/icyphy/ptII/lib/bridj-0.7.0.jar:/home/travis/build/icyphy/ptII/lib/xbjlib-1.1.0.nrjavaserial.jar" />
    <property name="test.batch" value="**/junit/*.java" />
    <property name="env._" value="/usr/bin/timeout" />
    <property name="java.io.tmpdir" value="/tmp" />
    <property name="env.TRAVIS_INTERNAL_RUBY_REGEX" value="^ruby-(2\.[0-4]\.[0-9]|1\.9\.3)" />
    <property name="user.language" value="en" />
    <property name="env.HISTCONTROL" value="ignoredups:ignorespace" />
    <property name="env.GOROOT" value="/home/travis/.gimme/versions/go1.7.4.linux.amd64" />
    <property name="line.separator" value="&#xa;" />
    <property name="target" value="1.8" />
    <property name="env.TRAVIS_BUILD_DIR" value="/home/travis/build/icyphy/ptII" />
    <property name="env.ANT_OPTS" value="-Xmx2048m" />
    <property name="ant.file.type" value="file" />
    <property name="ptolemy.ptII.batchMode" value="true" />
    <property name="env.HISTSIZE" value="1000" />
    <property name="env.MERB_ENV" value="test" />
    <property name="java.vm.info" value="mixed mode" />
    <property name="source" value="1.8" />
    <property name="java.vm.specification.name" value="Java Virtual Machine Specification" />
    <property name="env.TRAVIS_TEST_RESULT" value="0" />
    <property name="jsdoc.command" value="node_modules/@terraswarm/jsdoc/jsdoc.js" />
    <property name="npm.works" value="true" />
    <property name="cobertura.dir" value="/home/travis/build/icyphy/ptII/vendors/cobertura-2.0.3" />
    <property name="env.rvm_path" value="/home/travis/.rvm" />
    <property name="env.GEM_PATH" value="/home/travis/.rvm/gems/ruby-2.4.1:/home/travis/.rvm/gems/ruby-2.4.1@global" />
    <property name="env.LC_CTYPE" value="en_US.UTF-8" />
    <property name="java.awt.printerjob" value="sun.print.PSPrinterJob" />
    <property name="env.TRAVIS_CMD" value="$PTII/bin/ptIITravisBuild.sh $SECONDS" />
    <property name="env.TRAVIS_STACK_NAME" value="garnet" />
    <property name="env.TRAVIS_TIMER_START_TIME" value="1559881377689271238" />
    <property name="ant.version" value="Apache Ant(TM) version 1.10.1 compiled on February 2 2017" />
    <property name="ptII.reports" value="/home/travis/build/icyphy/ptII/reports" />
    <property name="env.TRAVIS_STACK_TIMESTAMP" value="2017-12-05 19:33:09 UTC" />
    <property name="ant.file.type.ptII" value="file" />
    <property name="env.RBENV_SHELL" value="bash" />
    <property name="os.name" value="Linux" />
    <property name="java.specification.vendor" value="Oracle Corporation" />
    <property name="env.rvm_version" value="1.29.3 (latest)" />
    <property name="env.TRAVIS_INFRA" value="gce" />
    <property name="env.TERM" value="xterm" />
    <property name="java.vm.name" value="Java HotSpot(TM) 64-Bit Server VM" />
    <property name="env.TRAVIS_BUILD_NUMBER" value="1160" />
    <property name="env.CI" value="true" />
    <property name="java.library.path" value="/usr/lib/jni:/usr/local/share/OpenCV/java/:/usr/share/OpenCV/java::/usr/java/packages/lib/amd64:/usr/lib64:/lib64:/lib:/usr/lib" />
    <property name="env.rvm_prefix" value="/home/travis" />
    <property name="env.PATH" value="/home/travis/.rvm/gems/ruby-2.4.1/bin:/home/travis/.rvm/gems/ruby-2.4.1@global/bin:/home/travis/.rvm/rubies/ruby-2.4.1/bin:/home/travis/.rvm/bin:/home/travis/.nvm/versions/node/v7.10.1/bin:./node_modules/.bin:/home/travis/build/icyphy/ptII/bin:/home/travis/pthla/certi-tools/bin:/home/travis/bin:/home/travis/.local/bin:/opt/pyenv/shims:/home/travis/.phpenv/shims:/home/travis/perl5/perlbrew/bin:/home/travis/.kiex/elixirs/elixir-1.4.5/bin:/home/travis/.kiex/bin:/home/travis/gopath/bin:/home/travis/.gimme/versions/go1.7.4.linux.amd64/bin:/usr/local/phantomjs/bin:/usr/local/phantomjs:/usr/local/neo4j-3.2.7/bin:/usr/local/maven-3.5.2/bin:/usr/local/cmake-3.9.2/bin:/usr/local/clang-5.0.0/bin:/usr/local/sbin:/usr/local/bin:/usr/sbin:/usr/bin:/sbin:/bin:/home/travis/.phpenv/bin:/opt/pyenv/bin:/home/travis/.yarn/bin" />
    <property name="env.TRAVIS_OS_NAME" value="linux" />
    <property name="ant.java.version" value="1.8" />
    <property name="basedir" value="/home/travis/build/icyphy/ptII" />
    <property name="java.class.version" value="52.0" />
    <property name="env.SHLVL" value="3" />
    <property name="env.LD_LIBRARY_PATH" value="/usr/lib/jni:/usr/local/share/OpenCV/java/:/usr/share/OpenCV/java:" />
    <property name="env.RACK_ENV" value="test" />
    <property name="ant.home" value="/home/travis/build/icyphy/ptII/ant" />
    <property name="env.NVM_DIR" value="/home/travis/.nvm" />
    <property name="env.PERLBREW_BASHRC_VERSION" value="0.80" />
    <property name="env.TRAVIS_BUILD_ID" value="542584224" />
    <property name="env.PYENV_ROOT" value="/opt/pyenv" />
    <property name="env.TRAVIS_UID" value="2000" />
    <property name="env.rvm_pretty_print_flag" value="auto" />
    <property name="env.NVM_BIN" value="/home/travis/.nvm/versions/node/v7.10.1/bin" />
    <property name="env.TRAVIS_COMMIT" value="21a84221cb4bcd37fabfbb95be95dcadf98df169" />
    <property name="env._system_arch" value="x86_64" />
    <property name="node.executable" value="node" />
    <property name="sun.boot.library.path" value="/usr/lib/jvm/java-8-oracle/jre/lib/amd64" />
    <property name="sun.management.compiler" value="HotSpot 64-Bit Tiered Compilers" />
    <property name="env.GOPATH" value="/home/travis/gopath" />
    <property name="java.awt.graphicsenv" value="sun.awt.X11GraphicsEnvironment" />
    <property name="ptolemy.ptII.dir" value="/home/travis/build/icyphy/ptII" />
    <property name="env.USER" value="travis" />
    <property name="env.HISTFILESIZE" value="2000" />
    <property name="timeout.longest" value="19000000" />
    <property name="env.TRAVIS_STACK_FEATURES" value="basic cassandra chromium couchdb disabled-ipv6 docker docker-compose elasticsearch firefox go-toolchain google-chrome jdk memcached mongodb mysql neo4j nodejs_interpreter perl_interpreter perlbrew phantomjs postgresql python_interpreter rabbitmq redis riak ruby_interpreter sqlite xserver" />
    <property name="env.TRAVIS_PULL_REQUEST" value="false" />
    <property name="env.PYENV_SHELL" value="bash" />
    <property name="ant.project.name" value="ptII" />
    <property name="java.vm.specification.version" value="1.8" />
    <property name="env.ANSI_RESET" value="\033[0m" />
    <property name="env.TRAVIS_DIST" value="trusty" />
    <property name="env.NLSPATH" value="/usr/dt/lib/nls/msg/%L/%N.cat" />
    <property name="awt.toolkit" value="sun.awt.X11.XToolkit" />
    <property name="env.MY_RUBY_HOME" value="/home/travis/.rvm/rubies/ruby-2.4.1" />
    <property name="sun.cpu.isalist" value="" />
    <property name="env.TRAVIS_TMPDIR" value="/tmp/tmp.WOUOI8wLwv" />
    <property name="java.ext.dirs" value="/usr/lib/jvm/java-8-oracle/jre/lib/ext:/usr/java/packages/lib/ext" />
    <property name="os.version" value="4.4.0-101-generic" />
    <property name="user.home" value="/home/travis" />
    <property name="env.MIX_ARCHIVES" value="/home/travis/.kiex/mix/elixir-1.4.5" />
    <property name="java.vm.vendor" value="Oracle Corporation" />
    <property name="env.TRAVIS_TAG" value="nightly" />
    <property name="env.ANSI_YELLOW" value="\033[33;1m" />
    <property name="env.TRAVIS_FILTERED" value="redirect_io" />
    <property name="env.PTII" value="/home/travis/build/icyphy/ptII" />
    <property name="env.JAVA_HOME" value="/usr/lib/jvm/java-8-oracle" />
    <property name="javadoc.excludepackagenames" value="adm.cvs2svn.*,build.*,config.*,doc.coding.templates.*,jni.test.jni.meaningOfLife.*,jni.test.jni.testDeux.*,jni.test.jni.testTrois.*,org.terraswarm.accessor.accessors.web.node_modules.*,org.terraswarm.accessor.accessors.web.hosts.cordova.demo.*,org.terraswarm.accessor.accessors.web.hosts.cordova.plugins.*,org.terraswarm.accessor.accessors-svn.*,pt-modules.*,ptolemy.apps.agilent.*,ptolemy.apps.anytimecontrol.*,ptolemy.apps.apes.*,ptolemy.apps.charon.*,ptolemy.apps.crazyboard.*,ptolemy.apps.eclipse.*,ptolemy.apps.etherealSting.*,ptolemy.apps.fullscreen.*,ptolemy.apps.giotto.*,ptolemy.apps.ia.*,ptolemy.apps.interfaces.*,ptolemy.apps.jmf.*,ptolemy.apps.kurt.*,ptolemy.apps.kvm.*,ptolemy.apps.lego.*,ptolemy.apps.lejos.*,ptolemy.apps.midp.*,ptolemy.apps.mobileCoding.*,ptolemy.apps.pendulum.*,ptolemy.apps.rijndael.*,ptolemy.apps.robot.*,ptolemy.apps.security.*,ptolemy.apps.sobel.*,ptolemy.apps.soot.*,ptolemy.apps.throttle.*,ptolemy.apps.tini.*,ptolemy.apps.transmission.*,ptolemy.apps.vergil.*,ptolemy.apps.waba.*,ptolemy.apps.websensor.*,ptolemy.apps.webstart.*,ptolemy.apps.xsl.*,ptolemy.apps.zaurus.*,ptolemy.codegen.c.actor.lib.oldJavaFiles.*,ptolemy.codegen.dsp.lib.*,ptolemy.codegen.kernel.newInterfaces.*,ptolemy.codegen.lib.*,ptolemy.copernicus.kernel.fragment.*,ptolemy.copernicus.shallow.cg.*,ptolemy.domains.giotto.demo.Hierarchy.Hierarchy.*,ptolemy.domains.giotto.demo.Multimode.Multimode.*,ptolemy.domains.giotto.demo.Simple.Simple.*,ptolemy.domains.gr.lib.experimental.*,ptolemy.domains.gro.*,ptolemy.domains.pdf.*,ptolemy.domains.ptinyos.demo.Surge.output.*,ptolemy.moml.test.NoPackageActor.java*,ptolemy.plot.adm.*,ptolemy.plot.servlet.*,reports.*,signed.*,src.*,target.*,vendors.*,ptolemy.apps.eclipse.awt.*,ptolemy.backtrack.*,ptolemy.backtrack.ast.*,ptolemy.cg.adapter.generic.program.procedural.c.mbed*,ptolemy.homer.*,org.ptolemy.scala.*,diva.util.java2d.svg.*,ptolemy.domains.ptinyos.*,ptolemy.actor.lib.fmi.fmipp.*,,org.terraswarm.accessor.accessors.web.node_modules.*,org.terraswarm.accessor.accessors-svn,ptolemy.apps.*,ptolemy.actor.ptalon.demo.ptinyos.SendAndReceiveCnt.output,ptolemy.actor.ptalon.demo.ptinyos.SenseToLeds.output,ptolemy.domains.ptinyos.demo.CntToLedsAndRfm.output,ptolemy.domains.ptinyos.demo.RfmToLeds.output,ptolemy.domains.ptinyos.demo.SendAndReceiveCnt.output,ptolemy.domains.ptinyos.demo.SenseToLeds.output,ptolemy.actor.lib.jjs.modules.udpSocket.*" />
    <property name="env.ANSI_GREEN" value="\033[32;1m" />
    <property name="env.TRAVIS_COMMIT_MESSAGE" value="Using jcerti.jar file commit f32406b510de2a3b from branch br_ptII_berkeley that&#xa;improved the demo and fixed bugs 53878 and 41291. There is no fix yet for bug&#xa;55592. However, the results are similar to the ones using jcerti.jar pushed on&#xa;e8e30db5. Tested with CERTI c2146229adc0@master, Mar 1 10:08:30 2019. The new&#xa;CERTI branch for fixing bug 56284 was not tested yet in the Ptolemy framework." />
    <property name="keystore" value="ptKeystore" />
    <property name="env.XDG_SESSION_ID" value="2" />
    <property name="junit.output.dir" value="/home/travis/build/icyphy/ptII/reports/junit" />
    <property name="npm.return.code" value="0" />
    <property name="user.dir" value="/home/travis/build/icyphy/ptII/ptolemy/actor/lib/test" />
    <property name="env.XFILESEARCHPATH" value="/usr/dt/app-defaults/%L/Dt" />
    <property name="env.TRAVIS_NODE_VERSION" value="7" />
    <property name="env.MAIL" value="/var/mail/travis" />
    <property name="env.TRAVIS_EVENT_TYPE" value="cron" />
    <property name="env.PWD" value="/home/travis/build/icyphy/ptII" />
    <property name="env.PERLBREW_ROOT" value="/home/travis/perl5/perlbrew" />
    <property name="timeout.npm" value="45000" />
    <property name="env.TRAVIS_ARCH" value="amd64" />
    <property name="env.PAGER" value="cat" />
    <property name="sun.cpu.endian" value="little" />
    <property name="env.TRAVIS_BUILD_STAGE_NAME" value="Test" />
    <property name="env.PERLBREW_HOME" value="/home/travis/.perlbrew" />
    <property name="java.vm.version" value="25.151-b12" />
    <property name="env.RAILS_ENV" value="test" />
    <property name="java.class.path" value="/home/travis/.ptolemyII:/home/travis/.ptolemyII/*:/home/travis/build/icyphy/ptII:/home/travis/build/icyphy/ptII/lib/bsh-2.0b4.jar:/home/travis/build/icyphy/ptII/lib/ptCal.jar:/home/travis/build/icyphy/ptII/lib/java_cup.jar:/home/travis/build/icyphy/ptII/lib/saxon8.jar:/home/travis/build/icyphy/ptII/lib/saxon8-dom.jar:/home/travis/build/icyphy/ptII/lib/chic.jar:/home/travis/build/icyphy/ptII/lib/ptcolt.jar:/usr/lib/jvm/java-8-oracle/lib/tools.jar:/home/travis/build/icyphy/ptII/vendors/misc/itext/iText.jar:/home/travis/build/icyphy/ptII/lib/g4ltl.jar:/home/travis/build/icyphy/ptII/lib/StructuralCoder.jar:/home/travis/build/icyphy/ptII/vendors/jai-1_1_2_01/lib/jai_core.jar:/home/travis/build/icyphy/ptII/vendors/jai-1_1_2_01/lib/jai_codec.jar:/home/travis/build/icyphy/ptII/lib/jcerti.jar:/home/travis/build/icyphy/ptII/lib/javax.mail.jar:/home/travis/build/icyphy/ptII/vendors/JMF-2.1.1e/lib/jmf.jar:/home/travis/build/icyphy/ptII/lib/jna-4.0.0-variadic.jar:/home/travis/build/icyphy/ptII/vendors/misc/joystick/Joystick.jar:/home/travis/build/icyphy/ptII/lib/ptjacl.jar:/home/travis/build/icyphy/ptII/lib/jsoup-1.8.2.jar:/home/travis/build/icyphy/ptII/lib/junit-4.8.2.jar:/home/travis/build/icyphy/ptII/lib/JUnitParams-0.4.0.jar:/home/travis/build/icyphy/ptII/ptolemy/actor/lib/excel/jxl.jar:/home/travis/build/icyphy/ptII/lib/jython.jar:/home/travis/build/icyphy/ptII/lib/kieler.jar:/home/travis/build/icyphy/ptII/vendors/opencv/share/OpenCV/java/opencv-341.jar:/home/travis/build/icyphy/ptII/lib/oscP5.jar:/home/travis/build/icyphy/ptII/lib/nrjavaserial-3.11.0.devel.jar:/home/travis/build/icyphy/ptII/vendors/j3d/lib/j3dcore.jar:/home/travis/build/icyphy/ptII/vendors/j3d/lib/j3dutils.jar:/home/travis/build/icyphy/ptII/vendors/j3d/lib/vecmath.jar:/home/travis/build/icyphy/ptII/ptolemy/distributed/jini/jar/jini-core.jar:/home/travis/build/icyphy/ptII/ptolemy/distributed/jini/jar/jini-ext.jar:/home/travis/build/icyphy/ptII/ptolemy/distributed/jini/jar/sun-util.jar:/home/travis/build/icyphy/ptII/lib/protobuf-java-2.4.1.jar:/home/travis/build/icyphy/ptII/lib/org.eclipse.paho.client.mqttv3.jar:/home/travis/build/icyphy/ptII/lib/mapss.jar:/home/travis/build/icyphy/ptII/ptolemy/actor/ptalon/antlr/antlr.jar:/home/travis/build/icyphy/ptII/lib/JRI.jar:/home/travis/build/icyphy/ptII/lib/commons-lang-2.6.jar:/home/travis/build/icyphy/ptII/lib/commons-logging-1.1.1.jar:/home/travis/build/icyphy/ptII/lib/sootclasses.jar:/home/travis/build/icyphy/ptII/ptolemy/actor/lib/database/mysql-connector-java-5.1.6-bin.jar:/home/travis/build/icyphy/ptII/vendors/misc/sphinx4/sphinx4-data-5prealpha.jar:/home/travis/build/icyphy/ptII/vendors/misc/sphinx4/sphinx4-core-5prealpha.jar:/home/travis/build/icyphy/ptII/lib/PDFRenderer.jar:/home/travis/build/icyphy/ptII/lib/svgSalamander.jar:/home/travis/build/icyphy/ptII/lib/rsyntaxtextarea-2.6.0-SNAPSHOT.jar:/home/travis/build/icyphy/ptII/lib/hazelcast-3.8.2.jar:/home/travis/build/icyphy/ptII/lib/jackson-annotations-2.9.0.jar:/home/travis/build/icyphy/ptII/lib/jackson-core-2.9.3.jar:/home/travis/build/icyphy/ptII/lib/jackson-databind-2.9.3.jar:/home/travis/build/icyphy/ptII/lib/netty-buffer-4.1.19.Final.jar:/home/travis/build/icyphy/ptII/lib/netty-codec-4.1.19.Final.jar:/home/travis/build/icyphy/ptII/lib/netty-codec-dns-4.1.19.Final.jar:/home/travis/build/icyphy/ptII/lib/netty-codec-http-4.1.19.Final.jar:/home/travis/build/icyphy/ptII/lib/netty-codec-http2-4.1.19.Final.jar:/home/travis/build/icyphy/ptII/lib/netty-common-4.1.19.Final.jar:/home/travis/build/icyphy/ptII/lib/netty-handler-4.1.19.Final.jar:/home/travis/build/icyphy/ptII/lib/netty-resolver-4.1.19.Final.jar:/home/travis/build/icyphy/ptII/lib/netty-resolver-dns-4.1.19.Final.jar:/home/travis/build/icyphy/ptII/lib/netty-transport-4.1.19.Final.jar:/home/travis/build/icyphy/ptII/lib/vertx-codegen-3.5.1.jar:/home/travis/build/icyphy/ptII/lib/vertx-core-3.5.2-SNAPSHOT.jar:/home/travis/build/icyphy/ptII/lib/vertx-hazelcast-3.5.1.jar:/home/travis/build/icyphy/ptII/lib/vertx-lang-js-3.5.1.jar:/home/travis/build/icyphy/ptII/lib/vertx-service-proxy-3.5.1.jar:/home/travis/build/icyphy/ptII/lib/vertx-web-3.5.1.jar:/home/travis/build/icyphy/ptII/lib/slf4j-api-1.7.13.jar:/home/travis/build/icyphy/ptII/lib/slf4j-simple-1.7.13.jar:/home/travis/build/icyphy/ptII/lib/webcam-capture-0.3.12.jar:/home/travis/build/icyphy/ptII/lib/bridj-0.7.0.jar:/home/travis/build/icyphy/ptII/lib/xbjlib-1.1.0.nrjavaserial.jar:/home/travis/build/icyphy/ptII/ptolemy/moml/test:/home/travis/build/icyphy/ptII/ant/lib/ant-launcher.jar:/home/travis/build/icyphy/ptII/ant/lib/ant.jar:/home/travis/build/icyphy/ptII/ant/lib/ant-junit.jar:/home/travis/build/icyphy/ptII/ant/lib/ant-junit4.jar" />
    <property name="ant.library.dir" value="/home/travis/build/icyphy/ptII/ant/lib" />
    <property name="os.arch" value="amd64" />
    <property name="env.TRAVIS_LANGUAGE" value="node_js" />
    <property name="env.CONTINUOUS_INTEGRATION" value="true" />
    <property name="env.TRAVIS_STACK_LANGUAGES" value="__garnet__ c c++ clojure cplusplus cpp default go groovy java node_js php pure_java python ruby scala" />
    <property name="test.name" value="ptolemy.actor.lib.test.junit.JUnitTclTest" />
    <property name="sun.java.launcher" value="SUN_STANDARD" />
    <property name="env.PYTHON_CONFIGURE_OPTS" value="--enable-unicode=ucs4 --with-wide-unicode --enable-shared --enable-ipv6 --enable-loadable-sqlite-extensions --with-computed-gotos" />
    <property name="ant.core.lib" value="/home/travis/build/icyphy/ptII/ant/lib/ant.jar" />
    <property name="java.vm.specification.vendor" value="Oracle Corporation" />
    <property name="env.BCVTB_HOME" value="/home/travis/build/icyphy/ptII/lbnl" />
    <property name="file.separator" value="/" />
    <property name="java.runtime.version" value="1.8.0_151-b12" />
    <property name="spotbugs.home" value="/home/travis/build/icyphy/ptII/vendors/spotbugs-3.1.1" />
    <property name="sun.boot.class.path" value="/usr/lib/jvm/java-8-oracle/jre/lib/resources.jar:/usr/lib/jvm/java-8-oracle/jre/lib/rt.jar:/usr/lib/jvm/java-8-oracle/jre/lib/sunrsasign.jar:/usr/lib/jvm/java-8-oracle/jre/lib/jsse.jar:/usr/lib/jvm/java-8-oracle/jre/lib/jce.jar:/usr/lib/jvm/java-8-oracle/jre/lib/charsets.jar:/usr/lib/jvm/java-8-oracle/jre/lib/jfr.jar:/usr/lib/jvm/java-8-oracle/jre/classes" />
    <property name="env.ANSI_CLEAR" value="\033[0K" />
    <property name="env.HAS_JOSH_K_SEAL_OF_APPROVAL" value="true" />
    <property name="env.TRAVIS_OSX_IMAGE" value="" />
    <property name="env.XDG_RUNTIME_DIR" value="/run/user/2000" />
    <property name="env.TRAVIS_JOB_ID" value="542584232" />
    <property name="env.TRAVIS_BRANCH" value="master" />
    <property name="user.country" value="US" />
    <property name="env.CERTI_HOME_TRAVIS" value="/home/travis/pthla/certi-tools" />
    <property name="env.SHELL" value="/bin/bash" />
    <property name="java.maxmemory.large" value="5000m" />
    <property name="model" value="" />
    <property name="env.CASHER_DIR" value="/home/travis/.casher" />
    <property name="env.NVM_CD_FLAGS" value="" />
    <property name="jshint.executable" value="/home/travis/node_modules/jshint/bin/jshint" />
    <property name="java.vendor" value="Oracle Corporation" />
    <property name="env.JRUBY_OPTS" value=" --client -J-XX:+TieredCompilation -J-XX:TieredStopAtLevel=1 -J-Xss2m -Xcompile.invokedynamic=false" />
    <property name="env.TRAVIS_PRE_CHEF_BOOTSTRAP_TIME" value="2017-12-05T19:32:55" />
    <property name="env.TRAVIS_STACK_JOB_BOARD_REGISTER" value="/.job-board-register.yml" />
    <property name="env.ELIXIR_VERSION" value="1.4.5" />
    <property name="env.ANSI_RED" value="\033[31;1m" />
    <property name="java.specification.version" value="1.8" />
    <property name="env.TRAVIS" value="true" />
    <property name="env.IRBRC" value="/home/travis/.rvm/rubies/ruby-2.4.1/.irbrc" />
    <property name="sun.arch.data.model" value="64" />
  </properties>
  <testcase classname="ptolemy.util.test.junit.TclTests" name="[0] /home/travis/build/icyphy/ptII/ptolemy/actor/lib/test/AbsoluteValue.tcl (RunTclFile)" time="0.461" />
  <testcase classname="ptolemy.util.test.junit.TclTests" name="[1] /home/travis/build/icyphy/ptII/ptolemy/actor/lib/test/AddSubtract.tcl (RunTclFile)" time="0.075" />
  <testcase classname="ptolemy.util.test.junit.TclTests" name="[2] /home/travis/build/icyphy/ptII/ptolemy/actor/lib/test/Average.tcl (RunTclFile)" time="0.068" />
  <testcase classname="ptolemy.util.test.junit.TclTests" name="[3] /home/travis/build/icyphy/ptII/ptolemy/actor/lib/test/Bernoulli.tcl (RunTclFile)" time="0.038" />
  <testcase classname="ptolemy.util.test.junit.TclTests" name="[4] /home/travis/build/icyphy/ptII/ptolemy/actor/lib/test/Clock.tcl (RunTclFile)" time="0.078" />
  <testcase classname="ptolemy.util.test.junit.TclTests" name="[5] /home/travis/build/icyphy/ptII/ptolemy/actor/lib/test/Commutator.tcl (RunTclFile)" time="0.08" />
  <testcase classname="ptolemy.util.test.junit.TclTests" name="[6] /home/travis/build/icyphy/ptII/ptolemy/actor/lib/test/Const.tcl (RunTclFile)" time="0.13" />
  <testcase classname="ptolemy.util.test.junit.TclTests" name="[7] /home/travis/build/icyphy/ptII/ptolemy/actor/lib/test/CurrentTime.tcl (RunTclFile)" time="0.02" />
  <testcase classname="ptolemy.util.test.junit.TclTests" name="[8] /home/travis/build/icyphy/ptII/ptolemy/actor/lib/test/DB.tcl (RunTclFile)" time="0.031" />
  <testcase classname="ptolemy.util.test.junit.TclTests" name="[9] /home/travis/build/icyphy/ptII/ptolemy/actor/lib/test/DiscreteRandomSource.tcl (RunTclFile)" time="0.041" />
  <testcase classname="ptolemy.util.test.junit.TclTests" name="[10] /home/travis/build/icyphy/ptII/ptolemy/actor/lib/test/Distributor.tcl (RunTclFile)" time="0.047" />
  <testcase classname="ptolemy.util.test.junit.TclTests" name="[11] /home/travis/build/icyphy/ptII/ptolemy/actor/lib/test/Exit.tcl (RunTclFile)" time="0.054" />
  <testcase classname="ptolemy.util.test.junit.TclTests" name="[12] /home/travis/build/icyphy/ptII/ptolemy/actor/lib/test/Expression.tcl (RunTclFile)" time="0.07" />
  <testcase classname="ptolemy.util.test.junit.TclTests" name="[13] /home/travis/build/icyphy/ptII/ptolemy/actor/lib/test/Gaussian.tcl (RunTclFile)" time="0.167" />
  <testcase classname="ptolemy.util.test.junit.TclTests" name="[14] /home/travis/build/icyphy/ptII/ptolemy/actor/lib/test/IIR.tcl (RunTclFile)" time="0.042" />
  <testcase classname="ptolemy.util.test.junit.TclTests" name="[15] /home/travis/build/icyphy/ptII/ptolemy/actor/lib/test/Interpolator.tcl (RunTclFile)" time="0.095" />
  <testcase classname="ptolemy.util.test.junit.TclTests" name="[16] /home/travis/build/icyphy/ptII/ptolemy/actor/lib/test/MathFunction.tcl (RunTclFile)" time="0.067" />
  <testcase classname="ptolemy.util.test.junit.TclTests" name="[17] /home/travis/build/icyphy/ptII/ptolemy/actor/lib/test/Maximum.tcl (RunTclFile)" time="0.041" />
  <testcase classname="ptolemy.util.test.junit.TclTests" name="[18] /home/travis/build/icyphy/ptII/ptolemy/actor/lib/test/Minimum.tcl (RunTclFile)" time="0.03" />
  <testcase classname="ptolemy.util.test.junit.TclTests" name="[19] /home/travis/build/icyphy/ptII/ptolemy/actor/lib/test/MultiplyDivide.tcl (RunTclFile)" time="0.04" />
  <testcase classname="ptolemy.util.test.junit.TclTests" name="[20] /home/travis/build/icyphy/ptII/ptolemy/actor/lib/test/OrderedMerge.tcl (RunTclFile)" time="0.077" />
  <testcase classname="ptolemy.util.test.junit.TclTests" name="[21] /home/travis/build/icyphy/ptII/ptolemy/actor/lib/test/Publisher.tcl (RunTclFile)" time="0.685" />
  <testcase classname="ptolemy.util.test.junit.TclTests" name="[22] /home/travis/build/icyphy/ptII/ptolemy/actor/lib/test/Pulse.tcl (RunTclFile)" time="0.049" />
  <testcase classname="ptolemy.util.test.junit.TclTests" name="[23] /home/travis/build/icyphy/ptII/ptolemy/actor/lib/test/Ramp.tcl (RunTclFile)" time="1.745" />
  <testcase classname="ptolemy.util.test.junit.TclTests" name="[24] /home/travis/build/icyphy/ptII/ptolemy/actor/lib/test/RampContinuous.tcl (RunTclFile)" time="0.018" />
  <testcase classname="ptolemy.util.test.junit.TclTests" name="[25] /home/travis/build/icyphy/ptII/ptolemy/actor/lib/test/RecordAssembler.tcl (RunTclFile)" time="0.014" />
  <testcase classname="ptolemy.util.test.junit.TclTests" name="[26] /home/travis/build/icyphy/ptII/ptolemy/actor/lib/test/RecordDisassembler.tcl (RunTclFile)" time="0.025" />
  <testcase classname="ptolemy.util.test.junit.TclTests" name="[27] /home/travis/build/icyphy/ptII/ptolemy/actor/lib/test/Scale.tcl (RunTclFile)" time="0.022" />
  <testcase classname="ptolemy.util.test.junit.TclTests" name="[28] /home/travis/build/icyphy/ptII/ptolemy/actor/lib/test/SequentialClock.tcl (RunTclFile)" time="0.016" />
  <testcase classname="ptolemy.util.test.junit.TclTests" name="[29] /home/travis/build/icyphy/ptII/ptolemy/actor/lib/test/SetVariable.tcl (RunTclFile)" time="0.014" />
  <testcase classname="ptolemy.util.test.junit.TclTests" name="[30] /home/travis/build/icyphy/ptII/ptolemy/actor/lib/test/Sinewave.tcl (RunTclFile)" time="0.046" />
  <testcase classname="ptolemy.util.test.junit.TclTests" name="[31] /home/travis/build/icyphy/ptII/ptolemy/actor/lib/test/SubscriptionAggregator.tcl (RunTclFile)" time="1.938" />
  <testcase classname="ptolemy.util.test.junit.TclTests" name="[32] /home/travis/build/icyphy/ptII/ptolemy/actor/lib/test/Test.tcl (RunTclFile)" time="0.114" />
  <testcase classname="ptolemy.util.test.junit.TclTests" name="[33] /home/travis/build/icyphy/ptII/ptolemy/actor/lib/test/TestExceptionHandler.tcl (RunTclFile)" time="0.01" />
  <testcase classname="ptolemy.util.test.junit.TclTests" name="[34] /home/travis/build/icyphy/ptII/ptolemy/actor/lib/test/UnionDisassembler.tcl (RunTclFile)" time="0.056" />
  <testcase classname="ptolemy.util.test.junit.TclTests" name="[35] /home/travis/build/icyphy/ptII/ptolemy/actor/lib/test/VariableClock.tcl (RunTclFile)" time="0.026" />
  <testcase classname="ptolemy.util.test.junit.AutoKnownFailedTests" name="[0] /home/travis/build/icyphy/ptII/ptolemy/actor/lib/test/auto/knownFailedTests/PublisherPortToplevelSubscriber.xml (RunModel)" time="0.014" />
  <testcase classname="ptolemy.util.test.junit.AutoKnownFailedTests" name="[1] /home/travis/build/icyphy/ptII/ptolemy/actor/lib/test/auto/knownFailedTests/PublisherSubscriberPortToplevel.xml (RunModel)" time="0.02" />
  <testcase classname="ptolemy.util.test.junit.AutoKnownFailedTests" name="[2] /home/travis/build/icyphy/ptII/ptolemy/actor/lib/test/auto/knownFailedTests/PublisherSubscriptionAggregatorPort.xml (RunModel)" time="0.023" />
  <testcase classname="ptolemy.util.test.junit.AutoKnownFailedTests" name="[3] /home/travis/build/icyphy/ptII/ptolemy/actor/lib/test/auto/knownFailedTests/sizedarray3.xml (RunModel)" time="0.016" />
  <testcase classname="ptolemy.util.test.junit.AutoNameArchTests" name="[0] ThereAreNoAutoArchTests (RunModel)" time="0.001" />
  <testcase classname="ptolemy.util.test.junit.AutoTests" name="[0] /home/travis/build/icyphy/ptII/ptolemy/actor/lib/test/auto/AbsoluteValue.xml (RunModel)" time="0.06" />
  <testcase classname="ptolemy.util.test.junit.AutoTests" name="[1] /home/travis/build/icyphy/ptII/ptolemy/actor/lib/test/auto/AbsoluteValue2.xml (RunModel)" time="0.075" />
  <testcase classname="ptolemy.util.test.junit.AutoTests" name="[2] /home/travis/build/icyphy/ptII/ptolemy/actor/lib/test/auto/Accumulator.xml (RunModel)" time="0.062" />
  <testcase classname="ptolemy.util.test.junit.AutoTests" name="[3] /home/travis/build/icyphy/ptII/ptolemy/actor/lib/test/auto/Accumulator2.xml (RunModel)" time="0.047" />
  <testcase classname="ptolemy.util.test.junit.AutoTests" name="[4] /home/travis/build/icyphy/ptII/ptolemy/actor/lib/test/auto/Accumulator3.xml (RunModel)" time="0.025" />
  <testcase classname="ptolemy.util.test.junit.AutoTests" name="[5] /home/travis/build/icyphy/ptII/ptolemy/actor/lib/test/auto/ArrayAppend.xml (RunModel)" time="0.042" />
  <testcase classname="ptolemy.util.test.junit.AutoTests" name="[6] /home/travis/build/icyphy/ptII/ptolemy/actor/lib/test/auto/ArrayAppend2.xml (RunModel)" time="0.637" />
  <testcase classname="ptolemy.util.test.junit.AutoTests" name="[7] /home/travis/build/icyphy/ptII/ptolemy/actor/lib/test/auto/ArrayAppend3.xml (RunModel)" time="0.018" />
  <testcase classname="ptolemy.util.test.junit.AutoTests" name="[8] /home/travis/build/icyphy/ptII/ptolemy/actor/lib/test/auto/ArrayAppend4.xml (RunModel)" time="0.02" />
  <testcase classname="ptolemy.util.test.junit.AutoTests" name="[9] /home/travis/build/icyphy/ptII/ptolemy/actor/lib/test/auto/ArrayAppend5.xml (RunModel)" time="0.022" />
  <testcase classname="ptolemy.util.test.junit.AutoTests" name="[10] /home/travis/build/icyphy/ptII/ptolemy/actor/lib/test/auto/ArrayAppend6.xml (RunModel)" time="0.021" />
  <testcase classname="ptolemy.util.test.junit.AutoTests" name="[11] /home/travis/build/icyphy/ptII/ptolemy/actor/lib/test/auto/ArrayAppendPerformanceTest.xml (RunModel)" time="0.046" />
  <testcase classname="ptolemy.util.test.junit.AutoTests" name="[12] /home/travis/build/icyphy/ptII/ptolemy/actor/lib/test/auto/ArrayAppendWithEmptyInput.xml (RunModel)" time="0.036" />
  <testcase classname="ptolemy.util.test.junit.AutoTests" name="[13] /home/travis/build/icyphy/ptII/ptolemy/actor/lib/test/auto/ArrayAverage.xml (RunModel)" time="0.061" />
  <testcase classname="ptolemy.util.test.junit.AutoTests" name="[14] /home/travis/build/icyphy/ptII/ptolemy/actor/lib/test/auto/ArrayContains.xml (RunModel)" time="0.031" />
  <testcase classname="ptolemy.util.test.junit.AutoTests" name="[15] /home/travis/build/icyphy/ptII/ptolemy/actor/lib/test/auto/ArrayElement.xml (RunModel)" time="0.032" />
  <testcase classname="ptolemy.util.test.junit.AutoTests" name="[16] /home/travis/build/icyphy/ptII/ptolemy/actor/lib/test/auto/ArrayElementAsMatrix.xml (RunModel)" time="0.063" />
  <testcase classname="ptolemy.util.test.junit.AutoTests" name="[17] /home/travis/build/icyphy/ptII/ptolemy/actor/lib/test/auto/ArrayElementI.xml (RunModel)" time="0.021" />
  <testcase classname="ptolemy.util.test.junit.AutoTests" name="[18] /home/travis/build/icyphy/ptII/ptolemy/actor/lib/test/auto/ArrayExtract.xml (RunModel)" time="0.041" />
  <testcase classname="ptolemy.util.test.junit.AutoTests" name="[19] /home/travis/build/icyphy/ptII/ptolemy/actor/lib/test/auto/ArrayExtract2.xml (RunModel)" time="0.02" />
  <testcase classname="ptolemy.util.test.junit.AutoTests" name="[20] /home/travis/build/icyphy/ptII/ptolemy/actor/lib/test/auto/ArrayLength.xml (RunModel)" time="0.02" />
  <testcase classname="ptolemy.util.test.junit.AutoTests" name="[21] /home/travis/build/icyphy/ptII/ptolemy/actor/lib/test/auto/ArrayLevelCrossing.xml (RunModel)" time="0.025" />
  <testcase classname="ptolemy.util.test.junit.AutoTests" name="[22] /home/travis/build/icyphy/ptII/ptolemy/actor/lib/test/auto/ArrayLevelCrossing2.xml (RunModel)" time="0.021" />
  <testcase classname="ptolemy.util.test.junit.AutoTests" name="[23] /home/travis/build/icyphy/ptII/ptolemy/actor/lib/test/auto/ArrayPeakSearch.xml (RunModel)" time="0.028" />
  <testcase classname="ptolemy.util.test.junit.AutoTests" name="[24] /home/travis/build/icyphy/ptII/ptolemy/actor/lib/test/auto/ArrayPeakSearch2.xml (RunModel)" time="0.03" />
  <testcase classname="ptolemy.util.test.junit.AutoTests" name="[25] /home/travis/build/icyphy/ptII/ptolemy/actor/lib/test/auto/ArrayPeakSearch3.xml (RunModel)" time="0.027" />
  <testcase classname="ptolemy.util.test.junit.AutoTests" name="[26] /home/travis/build/icyphy/ptII/ptolemy/actor/lib/test/auto/ArrayRemoveElement.xml (RunModel)" time="0.024" />
  <testcase classname="ptolemy.util.test.junit.AutoTests" name="[27] /home/travis/build/icyphy/ptII/ptolemy/actor/lib/test/auto/ArraySort.xml (RunModel)" time="0.028" />
  <testcase classname="ptolemy.util.test.junit.AutoTests" name="[28] /home/travis/build/icyphy/ptII/ptolemy/actor/lib/test/auto/ArraySum.xml (RunModel)" time="0.016" />
  <testcase classname="ptolemy.util.test.junit.AutoTests" name="[29] /home/travis/build/icyphy/ptII/ptolemy/actor/lib/test/auto/ArrayToElements.xml (RunModel)" time="0.019" />
  <testcase classname="ptolemy.util.test.junit.AutoTests" name="[30] /home/travis/build/icyphy/ptII/ptolemy/actor/lib/test/auto/ArrayToMatrix.xml (RunModel)" time="0.046" />
  <testcase classname="ptolemy.util.test.junit.AutoTests" name="[31] /home/travis/build/icyphy/ptII/ptolemy/actor/lib/test/auto/ArrayUpdate1.xml (RunModel)" time="0.016" />
  <testcase classname="ptolemy.util.test.junit.AutoTests" name="[32] /home/travis/build/icyphy/ptII/ptolemy/actor/lib/test/auto/ArrayUpdate2.xml (RunModel)" time="0.017" />
  <testcase classname="ptolemy.util.test.junit.AutoTests" name="[33] /home/travis/build/icyphy/ptII/ptolemy/actor/lib/test/auto/ArrayUpdate3.xml (RunModel)" time="0.028" />
  <testcase classname="ptolemy.util.test.junit.AutoTests" name="[34] /home/travis/build/icyphy/ptII/ptolemy/actor/lib/test/auto/Assert1.xml (RunModel)" time="0.028" />
  <testcase classname="ptolemy.util.test.junit.AutoTests" name="[35] /home/travis/build/icyphy/ptII/ptolemy/actor/lib/test/auto/Assert2.xml (RunModel)" time="0.015" />
  <testcase classname="ptolemy.util.test.junit.AutoTests" name="[36] /home/travis/build/icyphy/ptII/ptolemy/actor/lib/test/auto/BooleanMultiplexor.xml (RunModel)" time="0.016" />
  <testcase classname="ptolemy.util.test.junit.AutoTests" name="[37] /home/travis/build/icyphy/ptII/ptolemy/actor/lib/test/auto/BooleanMultiplexor2.xml (RunModel)" time="0.026" />
  <testcase classname="ptolemy.util.test.junit.AutoTests" name="[38] /home/travis/build/icyphy/ptII/ptolemy/actor/lib/test/auto/BooleanMultiplexor3.xml (RunModel)" time="0.024" />
  <testcase classname="ptolemy.util.test.junit.AutoTests" name="[39] /home/travis/build/icyphy/ptII/ptolemy/actor/lib/test/auto/BooleanSelect.xml (RunModel)" time="0.028" />
  <testcase classname="ptolemy.util.test.junit.AutoTests" name="[40] /home/travis/build/icyphy/ptII/ptolemy/actor/lib/test/auto/BooleanSelect2.xml (RunModel)" time="0.015" />
  <testcase classname="ptolemy.util.test.junit.AutoTests" name="[41] /home/travis/build/icyphy/ptII/ptolemy/actor/lib/test/auto/BooleanSwitch.xml (RunModel)" time="0.016" />
  <testcase classname="ptolemy.util.test.junit.AutoTests" name="[42] /home/travis/build/icyphy/ptII/ptolemy/actor/lib/test/auto/BooleanSwitch2.xml (RunModel)" time="0.016" />
  <testcase classname="ptolemy.util.test.junit.AutoTests" name="[43] /home/travis/build/icyphy/ptII/ptolemy/actor/lib/test/auto/BooleanSwitchCloningBugWithClassRelationGroup.xml (RunModel)" time="0.025" />
  <testcase classname="ptolemy.util.test.junit.AutoTests" name="[44] /home/travis/build/icyphy/ptII/ptolemy/actor/lib/test/auto/BusActors.xml (RunModel)" time="0.029" />
  <testcase classname="ptolemy.util.test.junit.AutoTests" name="[45] /home/travis/build/icyphy/ptII/ptolemy/actor/lib/test/auto/ClassWrapper.xml (RunModel)" time="0.01" />
  <testcase classname="ptolemy.util.test.junit.AutoTests" name="[46] /home/travis/build/icyphy/ptII/ptolemy/actor/lib/test/auto/Clock.xml (RunModel)" time="0.02" />
  <testcase classname="ptolemy.util.test.junit.AutoTests" name="[47] /home/travis/build/icyphy/ptII/ptolemy/actor/lib/test/auto/Clock10.xml (RunModel)" time="0.049" />
  <testcase classname="ptolemy.util.test.junit.AutoTests" name="[48] /home/travis/build/icyphy/ptII/ptolemy/actor/lib/test/auto/Clock11.xml (RunModel)" time="0.012" />
  <testcase classname="ptolemy.util.test.junit.AutoTests" name="[49] /home/travis/build/icyphy/ptII/ptolemy/actor/lib/test/auto/Clock12.xml (RunModel)" time="0.013" />
  <testcase classname="ptolemy.util.test.junit.AutoTests" name="[50] /home/travis/build/icyphy/ptII/ptolemy/actor/lib/test/auto/Clock13.xml (RunModel)" time="0.013" />
  <testcase classname="ptolemy.util.test.junit.AutoTests" name="[51] /home/travis/build/icyphy/ptII/ptolemy/actor/lib/test/auto/Clock14.xml (RunModel)" time="0.012" />
  <testcase classname="ptolemy.util.test.junit.AutoTests" name="[52] /home/travis/build/icyphy/ptII/ptolemy/actor/lib/test/auto/Clock15.xml (RunModel)" time="0.016" />
  <testcase classname="ptolemy.util.test.junit.AutoTests" name="[53] /home/travis/build/icyphy/ptII/ptolemy/actor/lib/test/auto/Clock16.xml (RunModel)" time="0.095" />
  <testcase classname="ptolemy.util.test.junit.AutoTests" name="[54] /home/travis/build/icyphy/ptII/ptolemy/actor/lib/test/auto/Clock17.xml (RunModel)" time="0.077" />
  <testcase classname="ptolemy.util.test.junit.AutoTests" name="[55] /home/travis/build/icyphy/ptII/ptolemy/actor/lib/test/auto/Clock18.xml (RunModel)" time="0.048" />
  <testcase classname="ptolemy.util.test.junit.AutoTests" name="[56] /home/travis/build/icyphy/ptII/ptolemy/actor/lib/test/auto/Clock19.xml (RunModel)" time="0.04" />
  <testcase classname="ptolemy.util.test.junit.AutoTests" name="[57] /home/travis/build/icyphy/ptII/ptolemy/actor/lib/test/auto/Clock2.xml (RunModel)" time="0.015" />
  <testcase classname="ptolemy.util.test.junit.AutoTests" name="[58] /home/travis/build/icyphy/ptII/ptolemy/actor/lib/test/auto/Clock20.xml (RunModel)" time="0.024" />
  <testcase classname="ptolemy.util.test.junit.AutoTests" name="[59] /home/travis/build/icyphy/ptII/ptolemy/actor/lib/test/auto/Clock21.xml (RunModel)" time="0.015" />
  <testcase classname="ptolemy.util.test.junit.AutoTests" name="[60] /home/travis/build/icyphy/ptII/ptolemy/actor/lib/test/auto/Clock22.xml (RunModel)" time="0.013" />
  <testcase classname="ptolemy.util.test.junit.AutoTests" name="[61] /home/travis/build/icyphy/ptII/ptolemy/actor/lib/test/auto/Clock23.xml (RunModel)" time="0.02" />
  <testcase classname="ptolemy.util.test.junit.AutoTests" name="[62] /home/travis/build/icyphy/ptII/ptolemy/actor/lib/test/auto/Clock24.xml (RunModel)" time="0.01" />
  <testcase classname="ptolemy.util.test.junit.AutoTests" name="[63] /home/travis/build/icyphy/ptII/ptolemy/actor/lib/test/auto/Clock4.xml (RunModel)" time="0.013" />
  <testcase classname="ptolemy.util.test.junit.AutoTests" name="[64] /home/travis/build/icyphy/ptII/ptolemy/actor/lib/test/auto/Clock5.xml (RunModel)" time="0.02" />
  <testcase classname="ptolemy.util.test.junit.AutoTests" name="[65] /home/travis/build/icyphy/ptII/ptolemy/actor/lib/test/auto/Clock6.xml (RunModel)" time="0.008" />
  <testcase classname="ptolemy.util.test.junit.AutoTests" name="[66] /home/travis/build/icyphy/ptII/ptolemy/actor/lib/test/auto/Clock7.xml (RunModel)" time="0.013" />
  <testcase classname="ptolemy.util.test.junit.AutoTests" name="[67] /home/travis/build/icyphy/ptII/ptolemy/actor/lib/test/auto/Clock8.xml (RunModel)" time="0.014" />
  <testcase classname="ptolemy.util.test.junit.AutoTests" name="[68] /home/travis/build/icyphy/ptII/ptolemy/actor/lib/test/auto/Clock9.xml (RunModel)" time="0.013" />
  <testcase classname="ptolemy.util.test.junit.AutoTests" name="[69] /home/travis/build/icyphy/ptII/ptolemy/actor/lib/test/auto/CommDistDiscard.xml (RunModel)" time="0.017" />
  <testcase classname="ptolemy.util.test.junit.AutoTests" name="[70] /home/travis/build/icyphy/ptII/ptolemy/actor/lib/test/auto/Commutator.xml (RunModel)" time="0.011" />
  <testcase classname="ptolemy.util.test.junit.AutoTests" name="[71] /home/travis/build/icyphy/ptII/ptolemy/actor/lib/test/auto/Commutator2.xml (RunModel)" time="0.009" />
  <testcase classname="ptolemy.util.test.junit.AutoTests" name="[72] /home/travis/build/icyphy/ptII/ptolemy/actor/lib/test/auto/Commutator3.xml (RunModel)" time="0.014" />
  <testcase classname="ptolemy.util.test.junit.AutoTests" name="[73] /home/travis/build/icyphy/ptII/ptolemy/actor/lib/test/auto/Compare.xml (RunModel)" time="0.017" />
  <testcase classname="ptolemy.util.test.junit.AutoTests" name="[74] /home/travis/build/icyphy/ptII/ptolemy/actor/lib/test/auto/CompareDE.xml (RunModel)" time="0.014" />
  <testcase classname="ptolemy.util.test.junit.AutoTests" name="[75] /home/travis/build/icyphy/ptII/ptolemy/actor/lib/test/auto/ComplexDivide.xml (RunModel)" time="0.007" />
  <testcase classname="ptolemy.util.test.junit.AutoTests" name="[76] /home/travis/build/icyphy/ptII/ptolemy/actor/lib/test/auto/ComputeHistogram.xml (RunModel)" time="0.056" />
  <testcase classname="ptolemy.util.test.junit.AutoTests" name="[77] /home/travis/build/icyphy/ptII/ptolemy/actor/lib/test/auto/ConfigurationSelect.xml (RunModel)" time="0.013" />
  <testcase classname="ptolemy.util.test.junit.AutoTests" name="[78] /home/travis/build/icyphy/ptII/ptolemy/actor/lib/test/auto/ConfigurationSelect2.xml (RunModel)" time="0.011" />
  <testcase classname="ptolemy.util.test.junit.AutoTests" name="[79] /home/travis/build/icyphy/ptII/ptolemy/actor/lib/test/auto/ConfigurationSwitch.xml (RunModel)" time="0.02" />
  <testcase classname="ptolemy.util.test.junit.AutoTests" name="[80] /home/travis/build/icyphy/ptII/ptolemy/actor/lib/test/auto/ConfigurationSwitch2.xml (RunModel)" time="0.015" />
  <testcase classname="ptolemy.util.test.junit.AutoTests" name="[81] /home/travis/build/icyphy/ptII/ptolemy/actor/lib/test/auto/ConfigurationSwitchCloningBugWithClassRelationGroup.xml (RunModel)" time="0.019" />
  <testcase classname="ptolemy.util.test.junit.AutoTests" name="[82] /home/travis/build/icyphy/ptII/ptolemy/actor/lib/test/auto/ConfigurationSwitchSelectSDF.xml (RunModel)" time="0.016" />
  <testcase classname="ptolemy.util.test.junit.AutoTests" name="[83] /home/travis/build/icyphy/ptII/ptolemy/actor/lib/test/auto/ConfigurationSwitchSelectSDF2.xml (RunModel)" time="0.01" />
  <testcase classname="ptolemy.util.test.junit.AutoTests" name="[84] /home/travis/build/icyphy/ptII/ptolemy/actor/lib/test/auto/Const.xml (RunModel)" time="0.006" />
  <testcase classname="ptolemy.util.test.junit.AutoTests" name="[85] /home/travis/build/icyphy/ptII/ptolemy/actor/lib/test/auto/Const2.xml (RunModel)" time="0.01" />
  <testcase classname="ptolemy.util.test.junit.AutoTests" name="[86] /home/travis/build/icyphy/ptII/ptolemy/actor/lib/test/auto/Const3.xml (RunModel)" time="0.008" />
  <testcase classname="ptolemy.util.test.junit.AutoTests" name="[87] /home/travis/build/icyphy/ptII/ptolemy/actor/lib/test/auto/ConstantPublisherPort1.xml (RunModel)" time="0.023" />
  <testcase classname="ptolemy.util.test.junit.AutoTests" name="[88] /home/travis/build/icyphy/ptII/ptolemy/actor/lib/test/auto/ConstantPublisherPort2.xml (RunModel)" time="0.028" />
  <testcase classname="ptolemy.util.test.junit.AutoTests" name="[89] /home/travis/build/icyphy/ptII/ptolemy/actor/lib/test/auto/ConstantPublisherPort3.xml (RunModel)" time="0.017" />
  <testcase classname="ptolemy.util.test.junit.AutoTests" name="[90] /home/travis/build/icyphy/ptII/ptolemy/actor/lib/test/auto/ConstantPublisherPort4.xml (RunModel)" time="0.018" />
  <testcase classname="ptolemy.util.test.junit.AutoTests" name="[91] /home/travis/build/icyphy/ptII/ptolemy/actor/lib/test/auto/ConstantPublisherPort5.xml (RunModel)" time="0.043" />
  <testcase classname="ptolemy.util.test.junit.AutoTests" name="[92] /home/travis/build/icyphy/ptII/ptolemy/actor/lib/test/auto/ConstantPublisherPort6.xml (RunModel)" time="0.033" />
  <testcase classname="ptolemy.util.test.junit.AutoTests" name="[93] /home/travis/build/icyphy/ptII/ptolemy/actor/lib/test/auto/ConstantPublisherPort7.xml (RunModel)" time="0.035" />
  <testcase classname="ptolemy.util.test.junit.AutoTests" name="[94] /home/travis/build/icyphy/ptII/ptolemy/actor/lib/test/auto/ConstraintMonitor1.xml (RunModel)" time="0.033" />
  <testcase classname="ptolemy.util.test.junit.AutoTests" name="[95] /home/travis/build/icyphy/ptII/ptolemy/actor/lib/test/auto/ConstraintMonitor2.xml (RunModel)" time="0.019" />
  <testcase classname="ptolemy.util.test.junit.AutoTests" name="[96] /home/travis/build/icyphy/ptII/ptolemy/actor/lib/test/auto/ConstraintMonitor3.xml (RunModel)" time="0.025" />
  <testcase classname="ptolemy.util.test.junit.AutoTests" name="[97] /home/travis/build/icyphy/ptII/ptolemy/actor/lib/test/auto/ConstraintMonitor4.xml (RunModel)" time="0.016" />
  <testcase classname="ptolemy.util.test.junit.AutoTests" name="[98] /home/travis/build/icyphy/ptII/ptolemy/actor/lib/test/auto/ConstraintMonitor5.xml (RunModel)" time="0.018" />
  <testcase classname="ptolemy.util.test.junit.AutoTests" name="[99] /home/travis/build/icyphy/ptII/ptolemy/actor/lib/test/auto/ConstraintMonitor6.xml (RunModel)" time="0.012" />
  <testcase classname="ptolemy.util.test.junit.AutoTests" name="[100] /home/travis/build/icyphy/ptII/ptolemy/actor/lib/test/auto/ConstraintMonitor7.xml (RunModel)" time="0.021" />
  <testcase classname="ptolemy.util.test.junit.AutoTests" name="[101] /home/travis/build/icyphy/ptII/ptolemy/actor/lib/test/auto/ConstraintMonitor8.xml (RunModel)" time="0.019" />
  <testcase classname="ptolemy.util.test.junit.AutoTests" name="[102] /home/travis/build/icyphy/ptII/ptolemy/actor/lib/test/auto/Counter.xml (RunModel)" time="0.042" />
  <testcase classname="ptolemy.util.test.junit.AutoTests" name="[103] /home/travis/build/icyphy/ptII/ptolemy/actor/lib/test/auto/CurrentTimeSDF.xml (RunModel)" time="0.011" />
  <testcase classname="ptolemy.util.test.junit.AutoTests" name="[104] /home/travis/build/icyphy/ptII/ptolemy/actor/lib/test/auto/DB.xml (RunModel)" time="0.014" />
  <testcase classname="ptolemy.util.test.junit.AutoTests" name="[105] /home/travis/build/icyphy/ptII/ptolemy/actor/lib/test/auto/DBDE.xml (RunModel)" time="0.014" />
  <testcase classname="ptolemy.util.test.junit.AutoTests" name="[106] /home/travis/build/icyphy/ptII/ptolemy/actor/lib/test/auto/DateConstructor.xml (RunModel)" time="0.061" />
  <testcase classname="ptolemy.util.test.junit.AutoTests" name="[107] /home/travis/build/icyphy/ptII/ptolemy/actor/lib/test/auto/DelayTime.xml (RunModel)" time="0.011" />
  <testcase classname="ptolemy.util.test.junit.AutoTests" name="[108] /home/travis/build/icyphy/ptII/ptolemy/actor/lib/test/auto/Dictionary1.xml (RunModel)" time="0.014" />
  <testcase classname="ptolemy.util.test.junit.AutoTests" name="[109] /home/travis/build/icyphy/ptII/ptolemy/actor/lib/test/auto/Dictionary2.xml (RunModel)" time="0.011" />
  <testcase classname="ptolemy.util.test.junit.AutoTests" name="[110] /home/travis/build/icyphy/ptII/ptolemy/actor/lib/test/auto/Dictionary3.xml (RunModel)" time="0.01" />
  <testcase classname="ptolemy.util.test.junit.AutoTests" name="[111] /home/travis/build/icyphy/ptII/ptolemy/actor/lib/test/auto/Dictionary4.xml (RunModel)" time="0.015" />
  <testcase classname="ptolemy.util.test.junit.AutoTests" name="[112] /home/travis/build/icyphy/ptII/ptolemy/actor/lib/test/auto/Differential.xml (RunModel)" time="0.009" />
  <testcase classname="ptolemy.util.test.junit.AutoTests" name="[113] /home/travis/build/icyphy/ptII/ptolemy/actor/lib/test/auto/Director.xml (RunModel)" time="0.009" />
  <testcase classname="ptolemy.util.test.junit.AutoTests" name="[114] /home/travis/build/icyphy/ptII/ptolemy/actor/lib/test/auto/DiscreteClock.xml (RunModel)" time="0.008" />
  <testcase classname="ptolemy.util.test.junit.AutoTests" name="[115] /home/travis/build/icyphy/ptII/ptolemy/actor/lib/test/auto/DiscreteClock10.xml (RunModel)" time="0.013" />
  <testcase classname="ptolemy.util.test.junit.AutoTests" name="[116] /home/travis/build/icyphy/ptII/ptolemy/actor/lib/test/auto/DiscreteClock11.xml (RunModel)" time="0.012" />
  <testcase classname="ptolemy.util.test.junit.AutoTests" name="[117] /home/travis/build/icyphy/ptII/ptolemy/actor/lib/test/auto/DiscreteClock12.xml (RunModel)" time="0.011" />
  <testcase classname="ptolemy.util.test.junit.AutoTests" name="[118] /home/travis/build/icyphy/ptII/ptolemy/actor/lib/test/auto/DiscreteClock13.xml (RunModel)" time="0.015" />
  <testcase classname="ptolemy.util.test.junit.AutoTests" name="[119] /home/travis/build/icyphy/ptII/ptolemy/actor/lib/test/auto/DiscreteClock14.xml (RunModel)" time="0.016" />
  <testcase classname="ptolemy.util.test.junit.AutoTests" name="[120] /home/travis/build/icyphy/ptII/ptolemy/actor/lib/test/auto/DiscreteClock15.xml (RunModel)" time="0.018" />
  <testcase classname="ptolemy.util.test.junit.AutoTests" name="[121] /home/travis/build/icyphy/ptII/ptolemy/actor/lib/test/auto/DiscreteClock16.xml (RunModel)" time="0.045" />
  <testcase classname="ptolemy.util.test.junit.AutoTests" name="[122] /home/travis/build/icyphy/ptII/ptolemy/actor/lib/test/auto/DiscreteClock17.xml (RunModel)" time="0.04" />
  <testcase classname="ptolemy.util.test.junit.AutoTests" name="[123] /home/travis/build/icyphy/ptII/ptolemy/actor/lib/test/auto/DiscreteClock18.xml (RunModel)" time="0.047" />
  <testcase classname="ptolemy.util.test.junit.AutoTests" name="[124] /home/travis/build/icyphy/ptII/ptolemy/actor/lib/test/auto/DiscreteClock19.xml (RunModel)" time="0.053" />
  <testcase classname="ptolemy.util.test.junit.AutoTests" name="[125] /home/travis/build/icyphy/ptII/ptolemy/actor/lib/test/auto/DiscreteClock2.xml (RunModel)" time="0.012" />
  <testcase classname="ptolemy.util.test.junit.AutoTests" name="[126] /home/travis/build/icyphy/ptII/ptolemy/actor/lib/test/auto/DiscreteClock20.xml (RunModel)" time="0.026" />
  <testcase classname="ptolemy.util.test.junit.AutoTests" name="[127] /home/travis/build/icyphy/ptII/ptolemy/actor/lib/test/auto/DiscreteClock21.xml (RunModel)" time="0.557" />
  <testcase classname="ptolemy.util.test.junit.AutoTests" name="[128] /home/travis/build/icyphy/ptII/ptolemy/actor/lib/test/auto/DiscreteClock22.xml (RunModel)" time="0.016" />
  <testcase classname="ptolemy.util.test.junit.AutoTests" name="[129] /home/travis/build/icyphy/ptII/ptolemy/actor/lib/test/auto/DiscreteClock23.xml (RunModel)" time="0.02" />
  <testcase classname="ptolemy.util.test.junit.AutoTests" name="[130] /home/travis/build/icyphy/ptII/ptolemy/actor/lib/test/auto/DiscreteClock24.xml (RunModel)" time="0.011" />
  <testcase classname="ptolemy.util.test.junit.AutoTests" name="[131] /home/travis/build/icyphy/ptII/ptolemy/actor/lib/test/auto/DiscreteClock4.xml (RunModel)" time="0.025" />
  <testcase classname="ptolemy.util.test.junit.AutoTests" name="[132] /home/travis/build/icyphy/ptII/ptolemy/actor/lib/test/auto/DiscreteClock5.xml (RunModel)" time="0.009" />
  <testcase classname="ptolemy.util.test.junit.AutoTests" name="[133] /home/travis/build/icyphy/ptII/ptolemy/actor/lib/test/auto/DiscreteClock6.xml (RunModel)" time="0.008" />
  <testcase classname="ptolemy.util.test.junit.AutoTests" name="[134] /home/travis/build/icyphy/ptII/ptolemy/actor/lib/test/auto/DiscreteClock7.xml (RunModel)" time="0.009" />
  <testcase classname="ptolemy.util.test.junit.AutoTests" name="[135] /home/travis/build/icyphy/ptII/ptolemy/actor/lib/test/auto/DiscreteClock8.xml (RunModel)" time="0.01" />
  <testcase classname="ptolemy.util.test.junit.AutoTests" name="[136] /home/travis/build/icyphy/ptII/ptolemy/actor/lib/test/auto/DiscreteClock9.xml (RunModel)" time="0.01" />
  <testcase classname="ptolemy.util.test.junit.AutoTests" name="[137] /home/travis/build/icyphy/ptII/ptolemy/actor/lib/test/auto/DisplayArray.xml (RunModel)" time="0.018" />
  <testcase classname="ptolemy.util.test.junit.AutoTests" name="[138] /home/travis/build/icyphy/ptII/ptolemy/actor/lib/test/auto/Distributor.xml (RunModel)" time="0.01" />
  <testcase classname="ptolemy.util.test.junit.AutoTests" name="[139] /home/travis/build/icyphy/ptII/ptolemy/actor/lib/test/auto/Distributor2.xml (RunModel)" time="0.014" />
  <testcase classname="ptolemy.util.test.junit.AutoTests" name="[140] /home/travis/build/icyphy/ptII/ptolemy/actor/lib/test/auto/DownSample.xml (RunModel)" time="0.011" />
  <testcase classname="ptolemy.util.test.junit.AutoTests" name="[141] /home/travis/build/icyphy/ptII/ptolemy/actor/lib/test/auto/ElectronicUnitBase1.xml (RunModel)" time="0.065" />
  <testcase classname="ptolemy.util.test.junit.AutoTests" name="[142] /home/travis/build/icyphy/ptII/ptolemy/actor/lib/test/auto/ElementsToArray.xml (RunModel)" time="0.011" />
  <testcase classname="ptolemy.util.test.junit.AutoTests" name="[143] /home/travis/build/icyphy/ptII/ptolemy/actor/lib/test/auto/Equals.xml (RunModel)" time="0.019" />
  <testcase classname="ptolemy.util.test.junit.AutoTests" name="[144] /home/travis/build/icyphy/ptII/ptolemy/actor/lib/test/auto/Exec.xml (RunModel)" time="0.021" />
  <testcase classname="ptolemy.util.test.junit.AutoTests" name="[145] /home/travis/build/icyphy/ptII/ptolemy/actor/lib/test/auto/ExecEnvironment.xml (RunModel)" time="0.033" />
  <testcase classname="ptolemy.util.test.junit.AutoTests" name="[146] /home/travis/build/icyphy/ptII/ptolemy/actor/lib/test/auto/ExecNonZeroReturnOutput.xml (RunModel)" time="0.142" />
  <testcase classname="ptolemy.util.test.junit.AutoTests" name="[147] /home/travis/build/icyphy/ptII/ptolemy/actor/lib/test/auto/ExecRunDemos.xml (RunModel)" time="9.243" />
  <testcase classname="ptolemy.util.test.junit.AutoTests" name="[148] /home/travis/build/icyphy/ptII/ptolemy/actor/lib/test/auto/ExecStop.xml (RunModel)" time="5.031" />
  <testcase classname="ptolemy.util.test.junit.AutoTests" name="[149] /home/travis/build/icyphy/ptII/ptolemy/actor/lib/test/auto/ExecutionTimeSDF.xml (RunModel)" time="6.031" />
  <testcase classname="ptolemy.util.test.junit.AutoTests" name="[150] /home/travis/build/icyphy/ptII/ptolemy/actor/lib/test/auto/Expression1.xml (RunModel)" time="0.012" />
  <testcase classname="ptolemy.util.test.junit.AutoTests" name="[151] /home/travis/build/icyphy/ptII/ptolemy/actor/lib/test/auto/Expression10.xml (RunModel)" time="0.012" />
  <testcase classname="ptolemy.util.test.junit.AutoTests" name="[152] /home/travis/build/icyphy/ptII/ptolemy/actor/lib/test/auto/Expression11.xml (RunModel)" time="0.011" />
  <testcase classname="ptolemy.util.test.junit.AutoTests" name="[153] /home/travis/build/icyphy/ptII/ptolemy/actor/lib/test/auto/Expression12.xml (RunModel)" time="0.012" />
  <testcase classname="ptolemy.util.test.junit.AutoTests" name="[154] /home/travis/build/icyphy/ptII/ptolemy/actor/lib/test/auto/Expression13.xml (RunModel)" time="0.011" />
  <testcase classname="ptolemy.util.test.junit.AutoTests" name="[155] /home/travis/build/icyphy/ptII/ptolemy/actor/lib/test/auto/Expression14.xml (RunModel)" time="0.019" />
  <testcase classname="ptolemy.util.test.junit.AutoTests" name="[156] /home/travis/build/icyphy/ptII/ptolemy/actor/lib/test/auto/Expression15.xml (RunModel)" time="0.009" />
  <testcase classname="ptolemy.util.test.junit.AutoTests" name="[157] /home/travis/build/icyphy/ptII/ptolemy/actor/lib/test/auto/Expression16.xml (RunModel)" time="0.011" />
  <testcase classname="ptolemy.util.test.junit.AutoTests" name="[158] /home/travis/build/icyphy/ptII/ptolemy/actor/lib/test/auto/Expression17.xml (RunModel)" time="0.01" />
  <testcase classname="ptolemy.util.test.junit.AutoTests" name="[159] /home/travis/build/icyphy/ptII/ptolemy/actor/lib/test/auto/Expression18.xml (RunModel)" time="0.012" />
  <testcase classname="ptolemy.util.test.junit.AutoTests" name="[160] /home/travis/build/icyphy/ptII/ptolemy/actor/lib/test/auto/Expression2.xml (RunModel)" time="0.016" />
  <testcase classname="ptolemy.util.test.junit.AutoTests" name="[161] /home/travis/build/icyphy/ptII/ptolemy/actor/lib/test/auto/Expression3.xml (RunModel)" time="0.011" />
  <testcase classname="ptolemy.util.test.junit.AutoTests" name="[162] /home/travis/build/icyphy/ptII/ptolemy/actor/lib/test/auto/Expression4.xml (RunModel)" time="0.017" />
  <testcase classname="ptolemy.util.test.junit.AutoTests" name="[163] /home/travis/build/icyphy/ptII/ptolemy/actor/lib/test/auto/Expression5.xml (RunModel)" time="0.011" />
  <testcase classname="ptolemy.util.test.junit.AutoTests" name="[164] /home/travis/build/icyphy/ptII/ptolemy/actor/lib/test/auto/Expression6.xml (RunModel)" time="0.009" />
  <testcase classname="ptolemy.util.test.junit.AutoTests" name="[165] /home/travis/build/icyphy/ptII/ptolemy/actor/lib/test/auto/Expression7.xml (RunModel)" time="0.01" />
  <testcase classname="ptolemy.util.test.junit.AutoTests" name="[166] /home/travis/build/icyphy/ptII/ptolemy/actor/lib/test/auto/Expression8.xml (RunModel)" time="0.012" />
  <testcase classname="ptolemy.util.test.junit.AutoTests" name="[167] /home/travis/build/icyphy/ptII/ptolemy/actor/lib/test/auto/Expression9.xml (RunModel)" time="0.008" />
  <testcase classname="ptolemy.util.test.junit.AutoTests" name="[168] /home/travis/build/icyphy/ptII/ptolemy/actor/lib/test/auto/ExpressionConcatenateArrayType.xml (RunModel)" time="0.022" />
  <testcase classname="ptolemy.util.test.junit.AutoTests" name="[169] /home/travis/build/icyphy/ptII/ptolemy/actor/lib/test/auto/ExpressionConcatenateArrayType2.xml (RunModel)" time="0.013" />
  <testcase classname="ptolemy.util.test.junit.AutoTests" name="[170] /home/travis/build/icyphy/ptII/ptolemy/actor/lib/test/auto/ExpressionFix.xml (RunModel)" time="0.023" />
  <testcase classname="ptolemy.util.test.junit.AutoTests" name="[171] /home/travis/build/icyphy/ptII/ptolemy/actor/lib/test/auto/ExpressionFix2.xml (RunModel)" time="0.009" />
  <testcase classname="ptolemy.util.test.junit.AutoTests" name="[172] /home/travis/build/icyphy/ptII/ptolemy/actor/lib/test/auto/ExpressionFix3.xml (RunModel)" time="0.009" />
  <testcase classname="ptolemy.util.test.junit.AutoTests" name="[173] /home/travis/build/icyphy/ptII/ptolemy/actor/lib/test/auto/FileWriter1.xml (RunModel)" time="0.009" />
  <testcase classname="ptolemy.util.test.junit.AutoTests" name="[174] /home/travis/build/icyphy/ptII/ptolemy/actor/lib/test/auto/FileWriter2.xml (RunModel)" time="0.009" />
  <testcase classname="ptolemy.util.test.junit.AutoTests" name="[175] /home/travis/build/icyphy/ptII/ptolemy/actor/lib/test/auto/FileWriter3.xml (RunModel)" time="0.01" />
  <testcase classname="ptolemy.util.test.junit.AutoTests" name="[176] /home/travis/build/icyphy/ptII/ptolemy/actor/lib/test/auto/Gaussian.xml (RunModel)" time="0.009" />
  <testcase classname="ptolemy.util.test.junit.AutoTests" name="[177] /home/travis/build/icyphy/ptII/ptolemy/actor/lib/test/auto/Gaussian1.xml (RunModel)" time="0.012" />
  <testcase classname="ptolemy.util.test.junit.AutoTests" name="[178] /home/travis/build/icyphy/ptII/ptolemy/actor/lib/test/auto/Gaussian2.xml (RunModel)" time="0.013" />
  <testcase classname="ptolemy.util.test.junit.AutoTests" name="[179] /home/travis/build/icyphy/ptII/ptolemy/actor/lib/test/auto/GradientAdaptiveLattice.xml (RunModel)" time="0.022" />
  <testcase classname="ptolemy.util.test.junit.AutoTests" name="[180] /home/travis/build/icyphy/ptII/ptolemy/actor/lib/test/auto/IIR.xml (RunModel)" time="0.01" />
  <testcase classname="ptolemy.util.test.junit.AutoTests" name="[181] /home/travis/build/icyphy/ptII/ptolemy/actor/lib/test/auto/InputOutputTransparentPorts.xml (RunModel)" time="0.016" />
  <testcase classname="ptolemy.util.test.junit.AutoTests" name="[182] /home/travis/build/icyphy/ptII/ptolemy/actor/lib/test/auto/Interpolator.xml (RunModel)" time="0.01" />
  <testcase classname="ptolemy.util.test.junit.AutoTests" name="[183] /home/travis/build/icyphy/ptII/ptolemy/actor/lib/test/auto/InterpolatorFiringLimitDE.xml (RunModel)" time="0.011" />
  <testcase classname="ptolemy.util.test.junit.AutoTests" name="[184] /home/travis/build/icyphy/ptII/ptolemy/actor/lib/test/auto/Lattice.xml (RunModel)" time="0.012" />
  <testcase classname="ptolemy.util.test.junit.AutoTests" name="[185] /home/travis/build/icyphy/ptII/ptolemy/actor/lib/test/auto/LazyAOCTestLazy.xml (RunModel)" time="0.032" />
  <testcase classname="ptolemy.util.test.junit.AutoTests" name="[186] /home/travis/build/icyphy/ptII/ptolemy/actor/lib/test/auto/LazyAOCTestNonLazy.xml (RunModel)" time="0.045" />
  <testcase classname="ptolemy.util.test.junit.AutoTests" name="[187] /home/travis/build/icyphy/ptII/ptolemy/actor/lib/test/auto/LazyInnerClass.xml (RunModel)" time="0.046" />
  <testcase classname="ptolemy.util.test.junit.AutoTests" name="[188] /home/travis/build/icyphy/ptII/ptolemy/actor/lib/test/auto/LazyPubSub.xml (RunModel)" time="0.058" />
  <testcase classname="ptolemy.util.test.junit.AutoTests" name="[189] /home/travis/build/icyphy/ptII/ptolemy/actor/lib/test/auto/LazyPubSub2.xml (RunModel)" time="0.043" />
  <testcase classname="ptolemy.util.test.junit.AutoTests" name="[190] /home/travis/build/icyphy/ptII/ptolemy/actor/lib/test/auto/LazyPubSub3.xml (RunModel)" time="0.024" />
  <testcase classname="ptolemy.util.test.junit.AutoTests" name="[191] /home/travis/build/icyphy/ptII/ptolemy/actor/lib/test/auto/LazySubClassModel.xml (RunModel)" time="0.021" />
  <testcase classname="ptolemy.util.test.junit.AutoTests" name="[192] /home/travis/build/icyphy/ptII/ptolemy/actor/lib/test/auto/LevelCrossTest1.xml (RunModel)" time="0.015" />
  <testcase classname="ptolemy.util.test.junit.AutoTests" name="[193] /home/travis/build/icyphy/ptII/ptolemy/actor/lib/test/auto/LevelCrossTest10.xml (RunModel)" time="0.019" />
  <testcase classname="ptolemy.util.test.junit.AutoTests" name="[194] /home/travis/build/icyphy/ptII/ptolemy/actor/lib/test/auto/LevelCrossTest11.xml (RunModel)" time="0.011" />
  <testcase classname="ptolemy.util.test.junit.AutoTests" name="[195] /home/travis/build/icyphy/ptII/ptolemy/actor/lib/test/auto/LevelCrossTest12.xml (RunModel)" time="0.018" />
  <testcase classname="ptolemy.util.test.junit.AutoTests" name="[196] /home/travis/build/icyphy/ptII/ptolemy/actor/lib/test/auto/LevelCrossTest13.xml (RunModel)" time="0.012" />
  <testcase classname="ptolemy.util.test.junit.AutoTests" name="[197] /home/travis/build/icyphy/ptII/ptolemy/actor/lib/test/auto/LevelCrossTest2.xml (RunModel)" time="0.011" />
  <testcase classname="ptolemy.util.test.junit.AutoTests" name="[198] /home/travis/build/icyphy/ptII/ptolemy/actor/lib/test/auto/LevelCrossTest3.xml (RunModel)" time="0.012" />
  <testcase classname="ptolemy.util.test.junit.AutoTests" name="[199] /home/travis/build/icyphy/ptII/ptolemy/actor/lib/test/auto/LevelCrossTest4.xml (RunModel)" time="0.01" />
  <testcase classname="ptolemy.util.test.junit.AutoTests" name="[200] /home/travis/build/icyphy/ptII/ptolemy/actor/lib/test/auto/LevelCrossTest5.xml (RunModel)" time="0.012" />
  <testcase classname="ptolemy.util.test.junit.AutoTests" name="[201] /home/travis/build/icyphy/ptII/ptolemy/actor/lib/test/auto/LevelCrossTest6.xml (RunModel)" time="0.012" />
  <testcase classname="ptolemy.util.test.junit.AutoTests" name="[202] /home/travis/build/icyphy/ptII/ptolemy/actor/lib/test/auto/LevelCrossTest7.xml (RunModel)" time="0.019" />
  <testcase classname="ptolemy.util.test.junit.AutoTests" name="[203] /home/travis/build/icyphy/ptII/ptolemy/actor/lib/test/auto/LevelCrossTest8.xml (RunModel)" time="0.013" />
  <testcase classname="ptolemy.util.test.junit.AutoTests" name="[204] /home/travis/build/icyphy/ptII/ptolemy/actor/lib/test/auto/LevelCrossTest9.xml (RunModel)" time="0.013" />
  <testcase classname="ptolemy.util.test.junit.AutoTests" name="[205] /home/travis/build/icyphy/ptII/ptolemy/actor/lib/test/auto/LevinsonDurbin.xml (RunModel)" time="0.01" />
  <testcase classname="ptolemy.util.test.junit.AutoTests" name="[206] /home/travis/build/icyphy/ptII/ptolemy/actor/lib/test/auto/LevinsonDurbin2.xml (RunModel)" time="0.009" />
  <testcase classname="ptolemy.util.test.junit.AutoTests" name="[207] /home/travis/build/icyphy/ptII/ptolemy/actor/lib/test/auto/LevinsonDurbin3.xml (RunModel)" time="0.013" />
  <testcase classname="ptolemy.util.test.junit.AutoTests" name="[208] /home/travis/build/icyphy/ptII/ptolemy/actor/lib/test/auto/Limiter.xml (RunModel)" time="0.031" />
  <testcase classname="ptolemy.util.test.junit.AutoTests" name="[209] /home/travis/build/icyphy/ptII/ptolemy/actor/lib/test/auto/LinearDifferenceEquationSystem.xml (RunModel)" time="0.018" />
  <testcase classname="ptolemy.util.test.junit.AutoTests" name="[210] /home/travis/build/icyphy/ptII/ptolemy/actor/lib/test/auto/LookupTable.xml (RunModel)" time="0.009" />
  <testcase classname="ptolemy.util.test.junit.AutoTests" name="[211] /home/travis/build/icyphy/ptII/ptolemy/actor/lib/test/auto/MathFunction.xml (RunModel)" time="0.023" />
  <testcase classname="ptolemy.util.test.junit.AutoTests" name="[212] /home/travis/build/icyphy/ptII/ptolemy/actor/lib/test/auto/MathFunction2.xml (RunModel)" time="0.014" />
  <testcase classname="ptolemy.util.test.junit.AutoTests" name="[213] /home/travis/build/icyphy/ptII/ptolemy/actor/lib/test/auto/MathFunction3.xml (RunModel)" time="0.02" />
  <testcase classname="ptolemy.util.test.junit.AutoTests" name="[214] /home/travis/build/icyphy/ptII/ptolemy/actor/lib/test/auto/MatrixCropBoolean.xml (RunModel)" time="0.011" />
  <testcase classname="ptolemy.util.test.junit.AutoTests" name="[215] /home/travis/build/icyphy/ptII/ptolemy/actor/lib/test/auto/MatrixCropComplex.xml (RunModel)" time="0.008" />
  <testcase classname="ptolemy.util.test.junit.AutoTests" name="[216] /home/travis/build/icyphy/ptII/ptolemy/actor/lib/test/auto/MatrixCropDouble.xml (RunModel)" time="0.008" />
  <testcase classname="ptolemy.util.test.junit.AutoTests" name="[217] /home/travis/build/icyphy/ptII/ptolemy/actor/lib/test/auto/MatrixCropFix.xml (RunModel)" time="0.01" />
  <testcase classname="ptolemy.util.test.junit.AutoTests" name="[218] /home/travis/build/icyphy/ptII/ptolemy/actor/lib/test/auto/MatrixCropInt.xml (RunModel)" time="0.008" />
  <testcase classname="ptolemy.util.test.junit.AutoTests" name="[219] /home/travis/build/icyphy/ptII/ptolemy/actor/lib/test/auto/MatrixCropLong.xml (RunModel)" time="0.011" />
  <testcase classname="ptolemy.util.test.junit.AutoTests" name="[220] /home/travis/build/icyphy/ptII/ptolemy/actor/lib/test/auto/MatrixToArray.xml (RunModel)" time="0.056" />
  <testcase classname="ptolemy.util.test.junit.AutoTests" name="[221] /home/travis/build/icyphy/ptII/ptolemy/actor/lib/test/auto/MaxIndex.xml (RunModel)" time="0.011" />
  <testcase classname="ptolemy.util.test.junit.AutoTests" name="[222] /home/travis/build/icyphy/ptII/ptolemy/actor/lib/test/auto/Maximum.xml (RunModel)" time="0.013" />
  <testcase classname="ptolemy.util.test.junit.AutoTests" name="[223] /home/travis/build/icyphy/ptII/ptolemy/actor/lib/test/auto/MaximumComplex.xml (RunModel)" time="0.02" />
  <testcase classname="ptolemy.util.test.junit.AutoTests" name="[224] /home/travis/build/icyphy/ptII/ptolemy/actor/lib/test/auto/MethodCallTest.xml (RunModel)" time="0.019" />
  <testcase classname="ptolemy.util.test.junit.AutoTests" name="[225] /home/travis/build/icyphy/ptII/ptolemy/actor/lib/test/auto/Minimum.xml (RunModel)" time="0.011" />
  <testcase classname="ptolemy.util.test.junit.AutoTests" name="[226] /home/travis/build/icyphy/ptII/ptolemy/actor/lib/test/auto/MinimumComplex.xml (RunModel)" time="0.017" />
  <testcase classname="ptolemy.util.test.junit.AutoTests" name="[227] /home/travis/build/icyphy/ptII/ptolemy/actor/lib/test/auto/MinimumMultiports.xml (RunModel)" time="0.02" />
  <testcase classname="ptolemy.util.test.junit.AutoTests" name="[228] /home/travis/build/icyphy/ptII/ptolemy/actor/lib/test/auto/ModifyDate.xml (RunModel)" time="0.042" />
  <testcase classname="ptolemy.util.test.junit.AutoTests" name="[229] /home/travis/build/icyphy/ptII/ptolemy/actor/lib/test/auto/ModifyDate2.xml (RunModel)" time="0.029" />
  <testcase classname="ptolemy.util.test.junit.AutoTests" name="[230] /home/travis/build/icyphy/ptII/ptolemy/actor/lib/test/auto/MovingAverage.xml (RunModel)" time="0.01" />
  <testcase classname="ptolemy.util.test.junit.AutoTests" name="[231] /home/travis/build/icyphy/ptII/ptolemy/actor/lib/test/auto/MovingMaximum.xml (RunModel)" time="0.01" />
  <testcase classname="ptolemy.util.test.junit.AutoTests" name="[232] /home/travis/build/icyphy/ptII/ptolemy/actor/lib/test/auto/MultipleLinksToSameRelation.xml (RunModel)" time="0.006" />
  <testcase classname="ptolemy.util.test.junit.AutoTests" name="[233] /home/travis/build/icyphy/ptII/ptolemy/actor/lib/test/auto/MultipleLinksToSameRelationDE.xml (RunModel)" time="0.007" />
  <testcase classname="ptolemy.util.test.junit.AutoTests" name="[234] /home/travis/build/icyphy/ptII/ptolemy/actor/lib/test/auto/Multiplexor.xml (RunModel)" time="0.01" />
  <testcase classname="ptolemy.util.test.junit.AutoTests" name="[235] /home/travis/build/icyphy/ptII/ptolemy/actor/lib/test/auto/Multiplexor1.xml (RunModel)" time="0.014" />
  <testcase classname="ptolemy.util.test.junit.AutoTests" name="[236] /home/travis/build/icyphy/ptII/ptolemy/actor/lib/test/auto/Multiplexor2.xml (RunModel)" time="0.01" />
  <testcase classname="ptolemy.util.test.junit.AutoTests" name="[237] /home/travis/build/icyphy/ptII/ptolemy/actor/lib/test/auto/Multiplexor3.xml (RunModel)" time="0.007" />
  <testcase classname="ptolemy.util.test.junit.AutoTests" name="[238] /home/travis/build/icyphy/ptII/ptolemy/actor/lib/test/auto/MultiplexorDE.xml (RunModel)" time="0.013" />
  <testcase classname="ptolemy.util.test.junit.AutoTests" name="[239] /home/travis/build/icyphy/ptII/ptolemy/actor/lib/test/auto/MultiportBroadcastTest.xml (RunModel)" time="0.066" />
  <testcase classname="ptolemy.util.test.junit.AutoTests" name="[240] /home/travis/build/icyphy/ptII/ptolemy/actor/lib/test/auto/MultiportOutHangDuringGetWidth.xml (RunModel)" time="0.03" />
  <testcase classname="ptolemy.util.test.junit.AutoTests" name="[241] /home/travis/build/icyphy/ptII/ptolemy/actor/lib/test/auto/NilToken.xml (RunModel)" time="0.012" />
  <testcase classname="ptolemy.util.test.junit.AutoTests" name="[242] /home/travis/build/icyphy/ptII/ptolemy/actor/lib/test/auto/NilTokenNonStrictTest.xml (RunModel)" time="0.009" />
  <testcase classname="ptolemy.util.test.junit.AutoTests" name="[243] /home/travis/build/icyphy/ptII/ptolemy/actor/lib/test/auto/NilTokenRecord.xml (RunModel)" time="0.027" />
  <testcase classname="ptolemy.util.test.junit.AutoTests" name="[244] /home/travis/build/icyphy/ptII/ptolemy/actor/lib/test/auto/NilTokenTypeTest.xml (RunModel)" time="0.031" />
  <testcase classname="ptolemy.util.test.junit.AutoTests" name="[245] /home/travis/build/icyphy/ptII/ptolemy/actor/lib/test/auto/ObjectToken1.xml (RunModel)" time="0.012" />
  <testcase classname="ptolemy.util.test.junit.AutoTests" name="[246] /home/travis/build/icyphy/ptII/ptolemy/actor/lib/test/auto/OrderedMerge.xml (RunModel)" time="0.013" />
  <testcase classname="ptolemy.util.test.junit.AutoTests" name="[247] /home/travis/build/icyphy/ptII/ptolemy/actor/lib/test/auto/OrderedRecordDisassembler.xml (RunModel)" time="0.018" />
  <testcase classname="ptolemy.util.test.junit.AutoTests" name="[248] /home/travis/build/icyphy/ptII/ptolemy/actor/lib/test/auto/OrderedRecordDisassembler2.xml (RunModel)" time="0.016" />
  <testcase classname="ptolemy.util.test.junit.AutoTests" name="[249] /home/travis/build/icyphy/ptII/ptolemy/actor/lib/test/auto/OrderedRecordUpdater.xml (RunModel)" time="0.01" />
  <testcase classname="ptolemy.util.test.junit.AutoTests" name="[250] /home/travis/build/icyphy/ptII/ptolemy/actor/lib/test/auto/OrderedRecordUpdater2.xml (RunModel)" time="0.018" />
  <testcase classname="ptolemy.util.test.junit.AutoTests" name="[251] /home/travis/build/icyphy/ptII/ptolemy/actor/lib/test/auto/PhaseUnwrap.xml (RunModel)" time="0.011" />
  <testcase classname="ptolemy.util.test.junit.AutoTests" name="[252] /home/travis/build/icyphy/ptII/ptolemy/actor/lib/test/auto/PoissonClock.xml (RunModel)" time="0.012" />
  <testcase classname="ptolemy.util.test.junit.AutoTests" name="[253] /home/travis/build/icyphy/ptII/ptolemy/actor/lib/test/auto/PoissonClock2.xml (RunModel)" time="0.007" />
  <testcase classname="ptolemy.util.test.junit.AutoTests" name="[254] /home/travis/build/icyphy/ptII/ptolemy/actor/lib/test/auto/PoissonClock3.xml (RunModel)" time="0.018" />
  <testcase classname="ptolemy.util.test.junit.AutoTests" name="[255] /home/travis/build/icyphy/ptII/ptolemy/actor/lib/test/auto/PubSubWithInitialTokens.xml (RunModel)" time="0.014" />
  <testcase classname="ptolemy.util.test.junit.AutoTests" name="[256] /home/travis/build/icyphy/ptII/ptolemy/actor/lib/test/auto/PubSubWithInitialTokens2.xml (RunModel)" time="0.01" />
  <testcase classname="ptolemy.util.test.junit.AutoTests" name="[257] /home/travis/build/icyphy/ptII/ptolemy/actor/lib/test/auto/PublisherClassNoParameter.xml (RunModel)" time="0.018" />
  <testcase classname="ptolemy.util.test.junit.AutoTests" name="[258] /home/travis/build/icyphy/ptII/ptolemy/actor/lib/test/auto/PublisherClassParameter.xml (RunModel)" time="0.025" />
  <testcase classname="ptolemy.util.test.junit.AutoTests" name="[259] /home/travis/build/icyphy/ptII/ptolemy/actor/lib/test/auto/PublisherNonStrictTest.xml (RunModel)" time="0.014" />
  <testcase classname="ptolemy.util.test.junit.AutoTests" name="[260] /home/travis/build/icyphy/ptII/ptolemy/actor/lib/test/auto/PublisherPort1.xml (RunModel)" time="0.01" />
  <testcase classname="ptolemy.util.test.junit.AutoTests" name="[261] /home/travis/build/icyphy/ptII/ptolemy/actor/lib/test/auto/PublisherPort2.xml (RunModel)" time="0.009" />
  <testcase classname="ptolemy.util.test.junit.AutoTests" name="[262] /home/travis/build/icyphy/ptII/ptolemy/actor/lib/test/auto/PublisherPort3.xml (RunModel)" time="0.025" />
  <testcase classname="ptolemy.util.test.junit.AutoTests" name="[263] /home/travis/build/icyphy/ptII/ptolemy/actor/lib/test/auto/PublisherPort4.xml (RunModel)" time="0.02" />
  <testcase classname="ptolemy.util.test.junit.AutoTests" name="[264] /home/travis/build/icyphy/ptII/ptolemy/actor/lib/test/auto/PublisherPort5.xml (RunModel)" time="0.018" />
  <testcase classname="ptolemy.util.test.junit.AutoTests" name="[265] /home/travis/build/icyphy/ptII/ptolemy/actor/lib/test/auto/PublisherPort5LookAlike.xml (RunModel)" time="0.017" />
  <testcase classname="ptolemy.util.test.junit.AutoTests" name="[266] /home/travis/build/icyphy/ptII/ptolemy/actor/lib/test/auto/PublisherPort6.xml (RunModel)" time="0.013" />
  <testcase classname="ptolemy.util.test.junit.AutoTests" name="[267] /home/travis/build/icyphy/ptII/ptolemy/actor/lib/test/auto/PublisherPort7.xml (RunModel)" time="0.014" />
  <testcase classname="ptolemy.util.test.junit.AutoTests" name="[268] /home/travis/build/icyphy/ptII/ptolemy/actor/lib/test/auto/PublisherPort8.xml (RunModel)" time="0.014" />
  <testcase classname="ptolemy.util.test.junit.AutoTests" name="[269] /home/travis/build/icyphy/ptII/ptolemy/actor/lib/test/auto/PublisherPortSubscriberChannelVariablesAOC2.xml (RunModel)" time="0.033" />
  <testcase classname="ptolemy.util.test.junit.AutoTests" name="[270] /home/travis/build/icyphy/ptII/ptolemy/actor/lib/test/auto/PublisherPortSubscriberOpaqueWidthInference.xml (RunModel)" time="0.014" />
  <testcase classname="ptolemy.util.test.junit.AutoTests" name="[271] /home/travis/build/icyphy/ptII/ptolemy/actor/lib/test/auto/PublisherPortSubscriberPortAdjacent.xml (RunModel)" time="0.018" />
  <testcase classname="ptolemy.util.test.junit.AutoTests" name="[272] /home/travis/build/icyphy/ptII/ptolemy/actor/lib/test/auto/PublisherPortSubscriberPortExpression.xml (RunModel)" time="0.017" />
  <testcase classname="ptolemy.util.test.junit.AutoTests" name="[273] /home/travis/build/icyphy/ptII/ptolemy/actor/lib/test/auto/PublisherPortSubscriberPortOpaqueD3Reverse.xml (RunModel)" time="0.033" />
  <testcase classname="ptolemy.util.test.junit.AutoTests" name="[274] /home/travis/build/icyphy/ptII/ptolemy/actor/lib/test/auto/PublisherPortSubscriberPortOpaqueWidthInference.xml (RunModel)" time="0.026" />
  <testcase classname="ptolemy.util.test.junit.AutoTests" name="[275] /home/travis/build/icyphy/ptII/ptolemy/actor/lib/test/auto/PublisherPortToplevelSubscriberPortAOC.xml (RunModel)" time="0.009" />
  <testcase classname="ptolemy.util.test.junit.AutoTests" name="[276] /home/travis/build/icyphy/ptII/ptolemy/actor/lib/test/auto/PublisherSubscriber.xml (RunModel)" time="0.023" />
  <testcase classname="ptolemy.util.test.junit.AutoTests" name="[277] /home/travis/build/icyphy/ptII/ptolemy/actor/lib/test/auto/PublisherSubscriber10.xml (RunModel)" time="0.018" />
  <testcase classname="ptolemy.util.test.junit.AutoTests" name="[278] /home/travis/build/icyphy/ptII/ptolemy/actor/lib/test/auto/PublisherSubscriber10InitialOutputs.xml (RunModel)" time="0.028" />
  <testcase classname="ptolemy.util.test.junit.AutoTests" name="[279] /home/travis/build/icyphy/ptII/ptolemy/actor/lib/test/auto/PublisherSubscriber11.xml (RunModel)" time="0.019" />
  <testcase classname="ptolemy.util.test.junit.AutoTests" name="[280] /home/travis/build/icyphy/ptII/ptolemy/actor/lib/test/auto/PublisherSubscriber12.xml (RunModel)" time="0.013" />
  <testcase classname="ptolemy.util.test.junit.AutoTests" name="[281] /home/travis/build/icyphy/ptII/ptolemy/actor/lib/test/auto/PublisherSubscriber13.xml (RunModel)" time="0.009" />
  <testcase classname="ptolemy.util.test.junit.AutoTests" name="[282] /home/travis/build/icyphy/ptII/ptolemy/actor/lib/test/auto/PublisherSubscriber14.xml (RunModel)" time="0.027" />
  <testcase classname="ptolemy.util.test.junit.AutoTests" name="[283] /home/travis/build/icyphy/ptII/ptolemy/actor/lib/test/auto/PublisherSubscriber2.xml (RunModel)" time="0.01" />
  <testcase classname="ptolemy.util.test.junit.AutoTests" name="[284] /home/travis/build/icyphy/ptII/ptolemy/actor/lib/test/auto/PublisherSubscriber3.xml (RunModel)" time="0.016" />
  <testcase classname="ptolemy.util.test.junit.AutoTests" name="[285] /home/travis/build/icyphy/ptII/ptolemy/actor/lib/test/auto/PublisherSubscriber4.xml (RunModel)" time="0.008" />
  <testcase classname="ptolemy.util.test.junit.AutoTests" name="[286] /home/travis/build/icyphy/ptII/ptolemy/actor/lib/test/auto/PublisherSubscriber5.xml (RunModel)" time="0.013" />
  <testcase classname="ptolemy.util.test.junit.AutoTests" name="[287] /home/travis/build/icyphy/ptII/ptolemy/actor/lib/test/auto/PublisherSubscriber6.xml (RunModel)" time="0.012" />
  <testcase classname="ptolemy.util.test.junit.AutoTests" name="[288] /home/travis/build/icyphy/ptII/ptolemy/actor/lib/test/auto/PublisherSubscriber7.xml (RunModel)" time="0.011" />
  <testcase classname="ptolemy.util.test.junit.AutoTests" name="[289] /home/travis/build/icyphy/ptII/ptolemy/actor/lib/test/auto/PublisherSubscriber8.xml (RunModel)" time="0.022" />
  <testcase classname="ptolemy.util.test.junit.AutoTests" name="[290] /home/travis/build/icyphy/ptII/ptolemy/actor/lib/test/auto/PublisherSubscriber9.xml (RunModel)" time="0.018" />
  <testcase classname="ptolemy.util.test.junit.AutoTests" name="[291] /home/travis/build/icyphy/ptII/ptolemy/actor/lib/test/auto/PublisherSubscriberAdjacent.xml (RunModel)" time="0.016" />
  <testcase classname="ptolemy.util.test.junit.AutoTests" name="[292] /home/travis/build/icyphy/ptII/ptolemy/actor/lib/test/auto/PublisherSubscriberChannelVariablesAOC2.xml (RunModel)" time="0.025" />
  <testcase classname="ptolemy.util.test.junit.AutoTests" name="[293] /home/travis/build/icyphy/ptII/ptolemy/actor/lib/test/auto/PublisherSubscriberD3.xml (RunModel)" time="0.012" />
  <testcase classname="ptolemy.util.test.junit.AutoTests" name="[294] /home/travis/build/icyphy/ptII/ptolemy/actor/lib/test/auto/PublisherSubscriberD3Reverse.xml (RunModel)" time="0.01" />
  <testcase classname="ptolemy.util.test.junit.AutoTests" name="[295] /home/travis/build/icyphy/ptII/ptolemy/actor/lib/test/auto/PublisherSubscriberExpression.xml (RunModel)" time="0.015" />
  <testcase classname="ptolemy.util.test.junit.AutoTests" name="[296] /home/travis/build/icyphy/ptII/ptolemy/actor/lib/test/auto/PublisherSubscriberOpaque.xml (RunModel)" time="0.013" />
  <testcase classname="ptolemy.util.test.junit.AutoTests" name="[297] /home/travis/build/icyphy/ptII/ptolemy/actor/lib/test/auto/PublisherSubscriberOpaqueD3.xml (RunModel)" time="0.018" />
  <testcase classname="ptolemy.util.test.junit.AutoTests" name="[298] /home/travis/build/icyphy/ptII/ptolemy/actor/lib/test/auto/PublisherSubscriberOpaqueD3Reverse.xml (RunModel)" time="0.017" />
  <testcase classname="ptolemy.util.test.junit.AutoTests" name="[299] /home/travis/build/icyphy/ptII/ptolemy/actor/lib/test/auto/PublisherSubscriberOpaqueWidthInference.xml (RunModel)" time="0.013" />
  <testcase classname="ptolemy.util.test.junit.AutoTests" name="[300] /home/travis/build/icyphy/ptII/ptolemy/actor/lib/test/auto/PublisherTestSubscriber.xml (RunModel)" time="0.013" />
  <testcase classname="ptolemy.util.test.junit.AutoTests" name="[301] /home/travis/build/icyphy/ptII/ptolemy/actor/lib/test/auto/PublisherToplevelSubscriberPortAOC.xml (RunModel)" time="0.009" />
  <testcase classname="ptolemy.util.test.junit.AutoTests" name="[302] /home/travis/build/icyphy/ptII/ptolemy/actor/lib/test/auto/PulseFiringLimitDE.xml (RunModel)" time="0.011" />
  <testcase classname="ptolemy.util.test.junit.AutoTests" name="[303] /home/travis/build/icyphy/ptII/ptolemy/actor/lib/test/auto/Ramp1.xml (RunModel)" time="0.006" />
  <testcase classname="ptolemy.util.test.junit.AutoTests" name="[304] /home/travis/build/icyphy/ptII/ptolemy/actor/lib/test/auto/RampFiringLimitDE.xml (RunModel)" time="0.009" />
  <testcase classname="ptolemy.util.test.junit.AutoTests" name="[305] /home/travis/build/icyphy/ptII/ptolemy/actor/lib/test/auto/RampFiringLimitSDF.xml (RunModel)" time="0.008" />
  <testcase classname="ptolemy.util.test.junit.AutoTests" name="[306] /home/travis/build/icyphy/ptII/ptolemy/actor/lib/test/auto/RandomInteger.xml (RunModel)" time="0.006" />
  <testcase classname="ptolemy.util.test.junit.AutoTests" name="[307] /home/travis/build/icyphy/ptII/ptolemy/actor/lib/test/auto/ReadFile1.xml (RunModel)" time="0.007" />
  <testcase classname="ptolemy.util.test.junit.AutoTests" name="[308] /home/travis/build/icyphy/ptII/ptolemy/actor/lib/test/auto/ReadFile2.xml (RunModel)" time="0.006" />
  <testcase classname="ptolemy.util.test.junit.AutoTests" name="[309] /home/travis/build/icyphy/ptII/ptolemy/actor/lib/test/auto/Reader.xml (RunModel)" time="0.009" />
  <testcase classname="ptolemy.util.test.junit.AutoTests" name="[310] /home/travis/build/icyphy/ptII/ptolemy/actor/lib/test/auto/RecordAssemblerDisplayNameTest.xml (RunModel)" time="2.915" />
  <testcase classname="ptolemy.util.test.junit.AutoTests" name="[311] /home/travis/build/icyphy/ptII/ptolemy/actor/lib/test/auto/RecordAssemblerTypeError.xml (RunModel)" time="0.024" />
  <testcase classname="ptolemy.util.test.junit.AutoTests" name="[312] /home/travis/build/icyphy/ptII/ptolemy/actor/lib/test/auto/RecordDisassember.xml (RunModel)" time="0.014" />
  <testcase classname="ptolemy.util.test.junit.AutoTests" name="[313] /home/travis/build/icyphy/ptII/ptolemy/actor/lib/test/auto/RecordDisassemberDisplayNameTest.xml (RunModel)" time="0.014" />
  <testcase classname="ptolemy.util.test.junit.AutoTests" name="[314] /home/travis/build/icyphy/ptII/ptolemy/actor/lib/test/auto/RecordDisassembler.xml (RunModel)" time="0.007" />
  <testcase classname="ptolemy.util.test.junit.AutoTests" name="[315] /home/travis/build/icyphy/ptII/ptolemy/actor/lib/test/auto/RecordDisassembler2.xml (RunModel)" time="0.008" />
  <testcase classname="ptolemy.util.test.junit.AutoTests" name="[316] /home/travis/build/icyphy/ptII/ptolemy/actor/lib/test/auto/RecordUpdater.xml (RunModel)" time="0.007" />
  <testcase classname="ptolemy.util.test.junit.AutoTests" name="[317] /home/travis/build/icyphy/ptII/ptolemy/actor/lib/test/auto/RecordUpdater2.xml (RunModel)" time="0.007" />
  <testcase classname="ptolemy.util.test.junit.AutoTests" name="[318] /home/travis/build/icyphy/ptII/ptolemy/actor/lib/test/auto/RecursiveLattice.xml (RunModel)" time="0.006" />
  <testcase classname="ptolemy.util.test.junit.AutoTests" name="[319] /home/travis/build/icyphy/ptII/ptolemy/actor/lib/test/auto/Router.xml (RunModel)" time="3.02" />
  <testcase classname="ptolemy.util.test.junit.AutoTests" name="[320] /home/travis/build/icyphy/ptII/ptolemy/actor/lib/test/auto/Router2.xml (RunModel)" time="3.039" />
  <testcase classname="ptolemy.util.test.junit.AutoTests" name="[321] /home/travis/build/icyphy/ptII/ptolemy/actor/lib/test/auto/RunningMaximum.xml (RunModel)" time="0.011" />
  <testcase classname="ptolemy.util.test.junit.AutoTests" name="[322] /home/travis/build/icyphy/ptII/ptolemy/actor/lib/test/auto/RunningMinimum.xml (RunModel)" time="0.009" />
  <testcase classname="ptolemy.util.test.junit.AutoTests" name="[323] /home/travis/build/icyphy/ptII/ptolemy/actor/lib/test/auto/Scale.xml (RunModel)" time="0.006" />
  <testcase classname="ptolemy.util.test.junit.AutoTests" name="[324] /home/travis/build/icyphy/ptII/ptolemy/actor/lib/test/auto/Scale2.xml (RunModel)" time="0.008" />
  <testcase classname="ptolemy.util.test.junit.AutoTests" name="[325] /home/travis/build/icyphy/ptII/ptolemy/actor/lib/test/auto/Scale3.xml (RunModel)" time="0.012" />
  <testcase classname="ptolemy.util.test.junit.AutoTests" name="[326] /home/travis/build/icyphy/ptII/ptolemy/actor/lib/test/auto/ScaleArray.xml (RunModel)" time="0.006" />
  <testcase classname="ptolemy.util.test.junit.AutoTests" name="[327] /home/travis/build/icyphy/ptII/ptolemy/actor/lib/test/auto/ScaleArray2.xml (RunModel)" time="0.008" />
  <testcase classname="ptolemy.util.test.junit.AutoTests" name="[328] /home/travis/build/icyphy/ptII/ptolemy/actor/lib/test/auto/ScaleMatrix.xml (RunModel)" time="0.105" />
  <testcase classname="ptolemy.util.test.junit.AutoTests" name="[329] /home/travis/build/icyphy/ptII/ptolemy/actor/lib/test/auto/Select.xml (RunModel)" time="0.012" />
  <testcase classname="ptolemy.util.test.junit.AutoTests" name="[330] /home/travis/build/icyphy/ptII/ptolemy/actor/lib/test/auto/Select2.xml (RunModel)" time="0.007" />
  <testcase classname="ptolemy.util.test.junit.AutoTests" name="[331] /home/travis/build/icyphy/ptII/ptolemy/actor/lib/test/auto/SequenceToArray2.xml (RunModel)" time="0.095" />
  <testcase classname="ptolemy.util.test.junit.AutoTests" name="[332] /home/travis/build/icyphy/ptII/ptolemy/actor/lib/test/auto/SequentialClock.xml (RunModel)" time="0.007" />
  <testcase classname="ptolemy.util.test.junit.AutoTests" name="[333] /home/travis/build/icyphy/ptII/ptolemy/actor/lib/test/auto/SetVariable.xml (RunModel)" time="0.011" />
  <testcase classname="ptolemy.util.test.junit.AutoTests" name="[334] /home/travis/build/icyphy/ptII/ptolemy/actor/lib/test/auto/SetVariable2.xml (RunModel)" time="0.014" />
  <testcase classname="ptolemy.util.test.junit.AutoTests" name="[335] /home/travis/build/icyphy/ptII/ptolemy/actor/lib/test/auto/SetVariable3.xml (RunModel)" time="0.013" />
  <testcase classname="ptolemy.util.test.junit.AutoTests" name="[336] /home/travis/build/icyphy/ptII/ptolemy/actor/lib/test/auto/SetVariable4.xml (RunModel)" time="0.024" />
  <testcase classname="ptolemy.util.test.junit.AutoTests" name="[337] /home/travis/build/icyphy/ptII/ptolemy/actor/lib/test/auto/SetVariable5.xml (RunModel)" time="0.025" />
  <testcase classname="ptolemy.util.test.junit.AutoTests" name="[338] /home/travis/build/icyphy/ptII/ptolemy/actor/lib/test/auto/Sinewave.xml (RunModel)" time="0.022" />
  <testcase classname="ptolemy.util.test.junit.AutoTests" name="[339] /home/travis/build/icyphy/ptII/ptolemy/actor/lib/test/auto/Sinewave2.xml (RunModel)" time="0.014" />
  <testcase classname="ptolemy.util.test.junit.AutoTests" name="[340] /home/travis/build/icyphy/ptII/ptolemy/actor/lib/test/auto/Sinewave3.xml (RunModel)" time="0.015" />
  <testcase classname="ptolemy.util.test.junit.AutoTests" name="[341] /home/travis/build/icyphy/ptII/ptolemy/actor/lib/test/auto/SingleEvent.xml (RunModel)" time="0.009" />
  <testcase classname="ptolemy.util.test.junit.AutoTests" name="[342] /home/travis/build/icyphy/ptII/ptolemy/actor/lib/test/auto/Sleep.xml (RunModel)" time="6.011" />
  <testcase classname="ptolemy.util.test.junit.AutoTests" name="[343] /home/travis/build/icyphy/ptII/ptolemy/actor/lib/test/auto/SleepMultipleFire.xml (RunModel)" time="1.018" />
  <testcase classname="ptolemy.util.test.junit.AutoTests" name="[344] /home/travis/build/icyphy/ptII/ptolemy/actor/lib/test/auto/StopDE.xml (RunModel)" time="0.016" />
  <testcase classname="ptolemy.util.test.junit.AutoTests" name="[345] /home/travis/build/icyphy/ptII/ptolemy/actor/lib/test/auto/StopSDF.xml (RunModel)" time="0.028" />
  <testcase classname="ptolemy.util.test.junit.AutoTests" name="[346] /home/travis/build/icyphy/ptII/ptolemy/actor/lib/test/auto/StringConstant.xml (RunModel)" time="0.007" />
  <testcase classname="ptolemy.util.test.junit.AutoTests" name="[347] /home/travis/build/icyphy/ptII/ptolemy/actor/lib/test/auto/SubscriberPortInitialValues1.xml (RunModel)" time="0.015" />
  <testcase classname="ptolemy.util.test.junit.AutoTests" name="[348] /home/travis/build/icyphy/ptII/ptolemy/actor/lib/test/auto/SubscriberPortInitialValues13.xml (RunModel)" time="0.021" />
  <testcase classname="ptolemy.util.test.junit.AutoTests" name="[349] /home/travis/build/icyphy/ptII/ptolemy/actor/lib/test/auto/SubscriberPortInitialValues14.xml (RunModel)" time="0.013" />
  <testcase classname="ptolemy.util.test.junit.AutoTests" name="[350] /home/travis/build/icyphy/ptII/ptolemy/actor/lib/test/auto/SubscriberPortInitialValues2.xml (RunModel)" time="0.013" />
  <testcase classname="ptolemy.util.test.junit.AutoTests" name="[351] /home/travis/build/icyphy/ptII/ptolemy/actor/lib/test/auto/SubscriberPortInitialValues3.xml (RunModel)" time="0.017" />
  <testcase classname="ptolemy.util.test.junit.AutoTests" name="[352] /home/travis/build/icyphy/ptII/ptolemy/actor/lib/test/auto/SubscriptionAggregator.xml (RunModel)" time="0.01" />
  <testcase classname="ptolemy.util.test.junit.AutoTests" name="[353] /home/travis/build/icyphy/ptII/ptolemy/actor/lib/test/auto/SubscriptionAggregator2.xml (RunModel)" time="0.011" />
  <testcase classname="ptolemy.util.test.junit.AutoTests" name="[354] /home/travis/build/icyphy/ptII/ptolemy/actor/lib/test/auto/SubscriptionAggregator3.xml (RunModel)" time="0.014" />
  <testcase classname="ptolemy.util.test.junit.AutoTests" name="[355] /home/travis/build/icyphy/ptII/ptolemy/actor/lib/test/auto/SubscriptionAggregatorMultiply.xml (RunModel)" time="0.012" />
  <testcase classname="ptolemy.util.test.junit.AutoTests" name="[356] /home/travis/build/icyphy/ptII/ptolemy/actor/lib/test/auto/SubscriptionAggregatorPortMultiply1.xml (RunModel)" time="0.011" />
  <testcase classname="ptolemy.util.test.junit.AutoTests" name="[357] /home/travis/build/icyphy/ptII/ptolemy/actor/lib/test/auto/Switch.xml (RunModel)" time="0.012" />
  <testcase classname="ptolemy.util.test.junit.AutoTests" name="[358] /home/travis/build/icyphy/ptII/ptolemy/actor/lib/test/auto/Switch2.xml (RunModel)" time="0.013" />
  <testcase classname="ptolemy.util.test.junit.AutoTests" name="[359] /home/travis/build/icyphy/ptII/ptolemy/actor/lib/test/auto/SwitchDE.xml (RunModel)" time="0.012" />
  <testcase classname="ptolemy.util.test.junit.AutoTests" name="[360] /home/travis/build/icyphy/ptII/ptolemy/actor/lib/test/auto/SynchronizerDE.xml (RunModel)" time="0.018" />
  <testcase classname="ptolemy.util.test.junit.AutoTests" name="[361] /home/travis/build/icyphy/ptII/ptolemy/actor/lib/test/auto/Test.xml (RunModel)" time="0.008" />
  <testcase classname="ptolemy.util.test.junit.AutoTests" name="[362] /home/travis/build/icyphy/ptII/ptolemy/actor/lib/test/auto/TestExceptionAttribute1.xml (RunModel)" time="0.006" />
  <testcase classname="ptolemy.util.test.junit.AutoTests" name="[363] /home/travis/build/icyphy/ptII/ptolemy/actor/lib/test/auto/TestExceptionAttribute2.xml (RunModel)" time="0.006" />
  <testcase classname="ptolemy.util.test.junit.AutoTests" name="[364] /home/travis/build/icyphy/ptII/ptolemy/actor/lib/test/auto/TestExceptionAttribute3.xml (RunModel)" time="0.005" />
  <testcase classname="ptolemy.util.test.junit.AutoTests" name="[365] /home/travis/build/icyphy/ptII/ptolemy/actor/lib/test/auto/TestExceptionAttribute4.xml (RunModel)" time="0.005" />
  <testcase classname="ptolemy.util.test.junit.AutoTests" name="[366] /home/travis/build/icyphy/ptII/ptolemy/actor/lib/test/auto/TestExceptionHandler1.xml (RunModel)" time="0.005" />
  <testcase classname="ptolemy.util.test.junit.AutoTests" name="[367] /home/travis/build/icyphy/ptII/ptolemy/actor/lib/test/auto/TestExceptionHandler2.xml (RunModel)" time="0.006" />
  <testcase classname="ptolemy.util.test.junit.AutoTests" name="[368] /home/travis/build/icyphy/ptII/ptolemy/actor/lib/test/auto/TestExceptionHandler3.xml (RunModel)" time="0.005" />
  <testcase classname="ptolemy.util.test.junit.AutoTests" name="[369] /home/travis/build/icyphy/ptII/ptolemy/actor/lib/test/auto/TestExceptionHandler4.xml (RunModel)" time="0.006" />
  <testcase classname="ptolemy.util.test.junit.AutoTests" name="[370] /home/travis/build/icyphy/ptII/ptolemy/actor/lib/test/auto/TestRequireCorrectOrder.xml (RunModel)" time="0.008" />
  <testcase classname="ptolemy.util.test.junit.AutoTests" name="[371] /home/travis/build/icyphy/ptII/ptolemy/actor/lib/test/auto/TestSimple.xml (RunModel)" time="0.006" />
  <testcase classname="ptolemy.util.test.junit.AutoTests" name="[372] /home/travis/build/icyphy/ptII/ptolemy/actor/lib/test/auto/ThrowModelError.xml (RunModel)" time="0.009" />
  <testcase classname="ptolemy.util.test.junit.AutoTests" name="[373] /home/travis/build/icyphy/ptII/ptolemy/actor/lib/test/auto/TimeDelayMicrosteps.xml (RunModel)" time="0.011" />
  <testcase classname="ptolemy.util.test.junit.AutoTests" name="[374] /home/travis/build/icyphy/ptII/ptolemy/actor/lib/test/auto/TimeDelayMicrosteps2.xml (RunModel)" time="0.013" />
  <testcase classname="ptolemy.util.test.junit.AutoTests" name="[375] /home/travis/build/icyphy/ptII/ptolemy/actor/lib/test/auto/TimeDelayMicrosteps3.xml (RunModel)" time="0.011" />
  <testcase classname="ptolemy.util.test.junit.AutoTests" name="[376] /home/travis/build/icyphy/ptII/ptolemy/actor/lib/test/auto/TimeDelayVariableMicrosteps.xml (RunModel)" time="0.011" />
  <testcase classname="ptolemy.util.test.junit.AutoTests" name="[377] /home/travis/build/icyphy/ptII/ptolemy/actor/lib/test/auto/TimeGap.xml (RunModel)" time="0.011" />
  <testcase classname="ptolemy.util.test.junit.AutoTests" name="[378] /home/travis/build/icyphy/ptII/ptolemy/actor/lib/test/auto/TimeGap2.xml (RunModel)" time="0.009" />
  <testcase classname="ptolemy.util.test.junit.AutoTests" name="[379] /home/travis/build/icyphy/ptII/ptolemy/actor/lib/test/auto/TimedSinewave.xml (RunModel)" time="0.035" />
  <testcase classname="ptolemy.util.test.junit.AutoTests" name="[380] /home/travis/build/icyphy/ptII/ptolemy/actor/lib/test/auto/TimedSinewavePhase.xml (RunModel)" time="0.038" />
  <testcase classname="ptolemy.util.test.junit.AutoTests" name="[381] /home/travis/build/icyphy/ptII/ptolemy/actor/lib/test/auto/Timer.xml (RunModel)" time="0.015" />
  <testcase classname="ptolemy.util.test.junit.AutoTests" name="[382] /home/travis/build/icyphy/ptII/ptolemy/actor/lib/test/auto/TriangularDistTestModel.xml (RunModel)" time="0.015" />
  <testcase classname="ptolemy.util.test.junit.AutoTests" name="[383] /home/travis/build/icyphy/ptII/ptolemy/actor/lib/test/auto/TrigFunction.xml (RunModel)" time="0.009" />
  <testcase classname="ptolemy.util.test.junit.AutoTests" name="[384] /home/travis/build/icyphy/ptII/ptolemy/actor/lib/test/auto/TrigFunctionDE.xml (RunModel)" time="0.01" />
  <testcase classname="ptolemy.util.test.junit.AutoTests" name="[385] /home/travis/build/icyphy/ptII/ptolemy/actor/lib/test/auto/TrigFunctionInverse.xml (RunModel)" time="0.008" />
  <testcase classname="ptolemy.util.test.junit.AutoTests" name="[386] /home/travis/build/icyphy/ptII/ptolemy/actor/lib/test/auto/TrigFunctionTan.xml (RunModel)" time="0.005" />
  <testcase classname="ptolemy.util.test.junit.AutoTests" name="[387] /home/travis/build/icyphy/ptII/ptolemy/actor/lib/test/auto/TriggeredClock.xml (RunModel)" time="0.008" />
  <testcase classname="ptolemy.util.test.junit.AutoTests" name="[388] /home/travis/build/icyphy/ptII/ptolemy/actor/lib/test/auto/URLDirectoryReader.xml (RunModel)" time="0.11" />
  <testcase classname="ptolemy.util.test.junit.AutoTests" name="[389] /home/travis/build/icyphy/ptII/ptolemy/actor/lib/test/auto/URLDirectoryReader3.xml (RunModel)" time="1.292" />
  <testcase classname="ptolemy.util.test.junit.AutoTests" name="[390] /home/travis/build/icyphy/ptII/ptolemy/actor/lib/test/auto/UnaryMathFunction.xml (RunModel)" time="0.018" />
  <testcase classname="ptolemy.util.test.junit.AutoTests" name="[391] /home/travis/build/icyphy/ptII/ptolemy/actor/lib/test/auto/Uniform.xml (RunModel)" time="0.01" />
  <testcase classname="ptolemy.util.test.junit.AutoTests" name="[392] /home/travis/build/icyphy/ptII/ptolemy/actor/lib/test/auto/UnionDisassemblerTest.xml (RunModel)" time="0.007" />
  <testcase classname="ptolemy.util.test.junit.AutoTests" name="[393] /home/travis/build/icyphy/ptII/ptolemy/actor/lib/test/auto/UtilityFunctions.xml (RunModel)" time="0.007" />
  <testcase classname="ptolemy.util.test.junit.AutoTests" name="[394] /home/travis/build/icyphy/ptII/ptolemy/actor/lib/test/auto/VariableSleep.xml (RunModel)" time="0.512" />
  <testcase classname="ptolemy.util.test.junit.AutoTests" name="[395] /home/travis/build/icyphy/ptII/ptolemy/actor/lib/test/auto/VectorAssemblerDisassemblerCT.xml (RunModel)" time="0.113" />
  <testcase classname="ptolemy.util.test.junit.AutoTests" name="[396] /home/travis/build/icyphy/ptII/ptolemy/actor/lib/test/auto/VectorAssemblerDisassemblerDE.xml (RunModel)" time="0.013" />
  <testcase classname="ptolemy.util.test.junit.AutoTests" name="[397] /home/travis/build/icyphy/ptII/ptolemy/actor/lib/test/auto/VectorAssemblerDisassemblerSDF.xml (RunModel)" time="0.011" />
  <testcase classname="ptolemy.util.test.junit.AutoTests" name="[398] /home/travis/build/icyphy/ptII/ptolemy/actor/lib/test/auto/WallClockTime.xml (RunModel)" time="1.013" />
  <testcase classname="ptolemy.util.test.junit.AutoTests" name="[399] /home/travis/build/icyphy/ptII/ptolemy/actor/lib/test/auto/WidthTestWithSubscriberPublisher.xml (RunModel)" time="0.04" />
  <testcase classname="ptolemy.util.test.junit.AutoTests" name="[400] /home/travis/build/icyphy/ptII/ptolemy/actor/lib/test/auto/WidthTestWithSubscriberPublisher2.xml (RunModel)" time="0.017" />
  <testcase classname="ptolemy.util.test.junit.AutoTests" name="[401] /home/travis/build/icyphy/ptII/ptolemy/actor/lib/test/auto/WidthTestWithSubscriberPublisher3.xml (RunModel)" time="0.024" />
  <testcase classname="ptolemy.util.test.junit.AutoTests" name="[402] /home/travis/build/icyphy/ptII/ptolemy/actor/lib/test/auto/Writer.xml (RunModel)" time="0.008" />
  <testcase classname="ptolemy.util.test.junit.AutoTests" name="[403] /home/travis/build/icyphy/ptII/ptolemy/actor/lib/test/auto/array.xml (RunModel)" time="0.009" />
  <testcase classname="ptolemy.util.test.junit.AutoTests" name="[404] /home/travis/build/icyphy/ptII/ptolemy/actor/lib/test/auto/array2.xml (RunModel)" time="0.014" />
  <testcase classname="ptolemy.util.test.junit.AutoTests" name="[405] /home/travis/build/icyphy/ptII/ptolemy/actor/lib/test/auto/arrayType.xml (RunModel)" time="0.012" />
  <testcase classname="ptolemy.util.test.junit.AutoTests" name="[406] /home/travis/build/icyphy/ptII/ptolemy/actor/lib/test/auto/arrayType10.xml (RunModel)" time="0.007" />
  <testcase classname="ptolemy.util.test.junit.AutoTests" name="[407] /home/travis/build/icyphy/ptII/ptolemy/actor/lib/test/auto/arrayType11.xml (RunModel)" time="0.007" />
  <testcase classname="ptolemy.util.test.junit.AutoTests" name="[408] /home/travis/build/icyphy/ptII/ptolemy/actor/lib/test/auto/arrayType12.xml (RunModel)" time="0.008" />
  <testcase classname="ptolemy.util.test.junit.AutoTests" name="[409] /home/travis/build/icyphy/ptII/ptolemy/actor/lib/test/auto/arrayType13.xml (RunModel)" time="0.007" />
  <testcase classname="ptolemy.util.test.junit.AutoTests" name="[410] /home/travis/build/icyphy/ptII/ptolemy/actor/lib/test/auto/arrayType14.xml (RunModel)" time="0.008" />
  <testcase classname="ptolemy.util.test.junit.AutoTests" name="[411] /home/travis/build/icyphy/ptII/ptolemy/actor/lib/test/auto/arrayType15.xml (RunModel)" time="0.008" />
  <testcase classname="ptolemy.util.test.junit.AutoTests" name="[412] /home/travis/build/icyphy/ptII/ptolemy/actor/lib/test/auto/arrayType16.xml (RunModel)" time="0.007" />
  <testcase classname="ptolemy.util.test.junit.AutoTests" name="[413] /home/travis/build/icyphy/ptII/ptolemy/actor/lib/test/auto/arrayType17.xml (RunModel)" time="0.007" />
  <testcase classname="ptolemy.util.test.junit.AutoTests" name="[414] /home/travis/build/icyphy/ptII/ptolemy/actor/lib/test/auto/arrayType18.xml (RunModel)" time="0.007" />
  <testcase classname="ptolemy.util.test.junit.AutoTests" name="[415] /home/travis/build/icyphy/ptII/ptolemy/actor/lib/test/auto/arrayType19.xml (RunModel)" time="0.009" />
  <testcase classname="ptolemy.util.test.junit.AutoTests" name="[416] /home/travis/build/icyphy/ptII/ptolemy/actor/lib/test/auto/arrayType2.xml (RunModel)" time="0.009" />
  <testcase classname="ptolemy.util.test.junit.AutoTests" name="[417] /home/travis/build/icyphy/ptII/ptolemy/actor/lib/test/auto/arrayType20.xml (RunModel)" time="0.007" />
  <testcase classname="ptolemy.util.test.junit.AutoTests" name="[418] /home/travis/build/icyphy/ptII/ptolemy/actor/lib/test/auto/arrayType21.xml (RunModel)" time="0.006" />
  <testcase classname="ptolemy.util.test.junit.AutoTests" name="[419] /home/travis/build/icyphy/ptII/ptolemy/actor/lib/test/auto/arrayType22.xml (RunModel)" time="0.008" />
  <testcase classname="ptolemy.util.test.junit.AutoTests" name="[420] /home/travis/build/icyphy/ptII/ptolemy/actor/lib/test/auto/arrayType23.xml (RunModel)" time="0.007" />
  <testcase classname="ptolemy.util.test.junit.AutoTests" name="[421] /home/travis/build/icyphy/ptII/ptolemy/actor/lib/test/auto/arrayType24.xml (RunModel)" time="0.008" />
  <testcase classname="ptolemy.util.test.junit.AutoTests" name="[422] /home/travis/build/icyphy/ptII/ptolemy/actor/lib/test/auto/arrayType25.xml (RunModel)" time="0.008" />
  <testcase classname="ptolemy.util.test.junit.AutoTests" name="[423] /home/travis/build/icyphy/ptII/ptolemy/actor/lib/test/auto/arrayType26.xml (RunModel)" time="0.008" />
  <testcase classname="ptolemy.util.test.junit.AutoTests" name="[424] /home/travis/build/icyphy/ptII/ptolemy/actor/lib/test/auto/arrayType27.xml (RunModel)" time="0.008" />
  <testcase classname="ptolemy.util.test.junit.AutoTests" name="[425] /home/travis/build/icyphy/ptII/ptolemy/actor/lib/test/auto/arrayType28.xml (RunModel)" time="0.008" />
  <testcase classname="ptolemy.util.test.junit.AutoTests" name="[426] /home/travis/build/icyphy/ptII/ptolemy/actor/lib/test/auto/arrayType3.xml (RunModel)" time="0.007" />
  <testcase classname="ptolemy.util.test.junit.AutoTests" name="[427] /home/travis/build/icyphy/ptII/ptolemy/actor/lib/test/auto/arrayType4.xml (RunModel)" time="0.009" />
  <testcase classname="ptolemy.util.test.junit.AutoTests" name="[428] /home/travis/build/icyphy/ptII/ptolemy/actor/lib/test/auto/arrayType5.xml (RunModel)" time="0.018" />
  <testcase classname="ptolemy.util.test.junit.AutoTests" name="[429] /home/travis/build/icyphy/ptII/ptolemy/actor/lib/test/auto/arrayType6.xml (RunModel)" time="0.007" />
  <testcase classname="ptolemy.util.test.junit.AutoTests" name="[430] /home/travis/build/icyphy/ptII/ptolemy/actor/lib/test/auto/arrayType7.xml (RunModel)" time="0.008" />
  <testcase classname="ptolemy.util.test.junit.AutoTests" name="[431] /home/travis/build/icyphy/ptII/ptolemy/actor/lib/test/auto/arrayType8.xml (RunModel)" time="0.008" />
  <testcase classname="ptolemy.util.test.junit.AutoTests" name="[432] /home/travis/build/icyphy/ptII/ptolemy/actor/lib/test/auto/arrayType9.xml (RunModel)" time="0.008" />
  <testcase classname="ptolemy.util.test.junit.AutoTests" name="[433] /home/travis/build/icyphy/ptII/ptolemy/actor/lib/test/auto/cast.xml (RunModel)" time="0.008" />
  <testcase classname="ptolemy.util.test.junit.AutoTests" name="[434] /home/travis/build/icyphy/ptII/ptolemy/actor/lib/test/auto/compositeMultiPort.xml (RunModel)" time="0.017" />
  <testcase classname="ptolemy.util.test.junit.AutoTests" name="[435] /home/travis/build/icyphy/ptII/ptolemy/actor/lib/test/auto/expressionCastInference.xml (RunModel)" time="0.01" />
  <testcase classname="ptolemy.util.test.junit.AutoTests" name="[436] /home/travis/build/icyphy/ptII/ptolemy/actor/lib/test/auto/expressionCastInference2.xml (RunModel)" time="0.007" />
  <testcase classname="ptolemy.util.test.junit.AutoTests" name="[437] /home/travis/build/icyphy/ptII/ptolemy/actor/lib/test/auto/expressionInference.xml (RunModel)" time="0.005" />
  <testcase classname="ptolemy.util.test.junit.AutoTests" name="[438] /home/travis/build/icyphy/ptII/ptolemy/actor/lib/test/auto/expression_bug.xml (RunModel)" time="0.006" />
  <testcase classname="ptolemy.util.test.junit.AutoTests" name="[439] /home/travis/build/icyphy/ptII/ptolemy/actor/lib/test/auto/factorial.xml (RunModel)" time="0.047" />
  <testcase classname="ptolemy.util.test.junit.AutoTests" name="[440] /home/travis/build/icyphy/ptII/ptolemy/actor/lib/test/auto/filterTest1.xml (RunModel)" time="0.015" />
  <testcase classname="ptolemy.util.test.junit.AutoTests" name="[441] /home/travis/build/icyphy/ptII/ptolemy/actor/lib/test/auto/funcApplyInConst.xml (RunModel)" time="0.005" />
  <testcase classname="ptolemy.util.test.junit.AutoTests" name="[442] /home/travis/build/icyphy/ptII/ptolemy/actor/lib/test/auto/funcApplyInExpr.xml (RunModel)" time="0.012" />
  <testcase classname="ptolemy.util.test.junit.AutoTests" name="[443] /home/travis/build/icyphy/ptII/ptolemy/actor/lib/test/auto/function.xml (RunModel)" time="0.009" />
  <testcase classname="ptolemy.util.test.junit.AutoTests" name="[444] /home/travis/build/icyphy/ptII/ptolemy/actor/lib/test/auto/function2.xml (RunModel)" time="0.008" />
  <testcase classname="ptolemy.util.test.junit.AutoTests" name="[445] /home/travis/build/icyphy/ptII/ptolemy/actor/lib/test/auto/function3.xml (RunModel)" time="0.007" />
  <testcase classname="ptolemy.util.test.junit.AutoTests" name="[446] /home/travis/build/icyphy/ptII/ptolemy/actor/lib/test/auto/functionClosureTest1.xml (RunModel)" time="0.01" />
  <testcase classname="ptolemy.util.test.junit.AutoTests" name="[447] /home/travis/build/icyphy/ptII/ptolemy/actor/lib/test/auto/functionClosureTest2.xml (RunModel)" time="0.006" />
  <testcase classname="ptolemy.util.test.junit.AutoTests" name="[448] /home/travis/build/icyphy/ptII/ptolemy/actor/lib/test/auto/functionClosureTest3.xml (RunModel)" time="0.009" />
  <testcase classname="ptolemy.util.test.junit.AutoTests" name="[449] /home/travis/build/icyphy/ptII/ptolemy/actor/lib/test/auto/functionClosureTest4.xml (RunModel)" time="0.014" />
  <testcase classname="ptolemy.util.test.junit.AutoTests" name="[450] /home/travis/build/icyphy/ptII/ptolemy/actor/lib/test/auto/functionClosureTest5.xml (RunModel)" time="0.011" />
  <testcase classname="ptolemy.util.test.junit.AutoTests" name="[451] /home/travis/build/icyphy/ptII/ptolemy/actor/lib/test/auto/functionClosureTest6.xml (RunModel)" time="0.009" />
  <testcase classname="ptolemy.util.test.junit.AutoTests" name="[452] /home/travis/build/icyphy/ptII/ptolemy/actor/lib/test/auto/functionsOnArcs.xml (RunModel)" time="0.009" />
  <testcase classname="ptolemy.util.test.junit.AutoTests" name="[453] /home/travis/build/icyphy/ptII/ptolemy/actor/lib/test/auto/functionsOnArcsHOF.xml (RunModel)" time="0.012" />
  <testcase classname="ptolemy.util.test.junit.AutoTests" name="[454] /home/travis/build/icyphy/ptII/ptolemy/actor/lib/test/auto/logic.xml (RunModel)" time="0.016" />
  <testcase classname="ptolemy.util.test.junit.AutoTests" name="[455] /home/travis/build/icyphy/ptII/ptolemy/actor/lib/test/auto/matrixType.xml (RunModel)" time="0.008" />
  <testcase classname="ptolemy.util.test.junit.AutoTests" name="[456] /home/travis/build/icyphy/ptII/ptolemy/actor/lib/test/auto/matrixType10.xml (RunModel)" time="0.008" />
  <testcase classname="ptolemy.util.test.junit.AutoTests" name="[457] /home/travis/build/icyphy/ptII/ptolemy/actor/lib/test/auto/matrixType11.xml (RunModel)" time="0.008" />
  <testcase classname="ptolemy.util.test.junit.AutoTests" name="[458] /home/travis/build/icyphy/ptII/ptolemy/actor/lib/test/auto/matrixType12.xml (RunModel)" time="0.009" />
  <testcase classname="ptolemy.util.test.junit.AutoTests" name="[459] /home/travis/build/icyphy/ptII/ptolemy/actor/lib/test/auto/matrixType13.xml (RunModel)" time="0.006" />
  <testcase classname="ptolemy.util.test.junit.AutoTests" name="[460] /home/travis/build/icyphy/ptII/ptolemy/actor/lib/test/auto/matrixType14.xml (RunModel)" time="0.009" />
  <testcase classname="ptolemy.util.test.junit.AutoTests" name="[461] /home/travis/build/icyphy/ptII/ptolemy/actor/lib/test/auto/matrixType2.xml (RunModel)" time="0.007" />
  <testcase classname="ptolemy.util.test.junit.AutoTests" name="[462] /home/travis/build/icyphy/ptII/ptolemy/actor/lib/test/auto/matrixType3.xml (RunModel)" time="0.009" />
  <testcase classname="ptolemy.util.test.junit.AutoTests" name="[463] /home/travis/build/icyphy/ptII/ptolemy/actor/lib/test/auto/matrixType4.xml (RunModel)" time="0.007" />
  <testcase classname="ptolemy.util.test.junit.AutoTests" name="[464] /home/travis/build/icyphy/ptII/ptolemy/actor/lib/test/auto/matrixType5.xml (RunModel)" time="0.006" />
  <testcase classname="ptolemy.util.test.junit.AutoTests" name="[465] /home/travis/build/icyphy/ptII/ptolemy/actor/lib/test/auto/matrixType6.xml (RunModel)" time="0.007" />
  <testcase classname="ptolemy.util.test.junit.AutoTests" name="[466] /home/travis/build/icyphy/ptII/ptolemy/actor/lib/test/auto/matrixType7.xml (RunModel)" time="0.008" />
  <testcase classname="ptolemy.util.test.junit.AutoTests" name="[467] /home/travis/build/icyphy/ptII/ptolemy/actor/lib/test/auto/matrixType8.xml (RunModel)" time="0.007" />
  <testcase classname="ptolemy.util.test.junit.AutoTests" name="[468] /home/travis/build/icyphy/ptII/ptolemy/actor/lib/test/auto/matrixType9.xml (RunModel)" time="0.008" />
  <testcase classname="ptolemy.util.test.junit.AutoTests" name="[469] /home/travis/build/icyphy/ptII/ptolemy/actor/lib/test/auto/paraFunctest.xml (RunModel)" time="0.008" />
  <testcase classname="ptolemy.util.test.junit.AutoTests" name="[470] /home/travis/build/icyphy/ptII/ptolemy/actor/lib/test/auto/paraFunctest2.xml (RunModel)" time="0.011" />
  <testcase classname="ptolemy.util.test.junit.AutoTests" name="[471] /home/travis/build/icyphy/ptII/ptolemy/actor/lib/test/auto/parameterPassing.xml (RunModel)" time="0.017" />
  <testcase classname="ptolemy.util.test.junit.AutoTests" name="[472] /home/travis/build/icyphy/ptII/ptolemy/actor/lib/test/auto/record.xml (RunModel)" time="0.008" />
  <testcase classname="ptolemy.util.test.junit.AutoTests" name="[473] /home/travis/build/icyphy/ptII/ptolemy/actor/lib/test/auto/sizedarray1.xml (RunModel)" time="0.008" />
  <testcase classname="ptolemy.util.test.junit.AutoTests" name="[474] /home/travis/build/icyphy/ptII/ptolemy/actor/lib/test/auto/sizedarray2.xml (RunModel)" time="0.012" />
  <testcase classname="ptolemy.util.test.junit.AutoTests" name="[475] /home/travis/build/icyphy/ptII/ptolemy/actor/lib/test/auto/twoPublishers.xml (RunModel)" time="0.017" />
  <system-out><![CDATA[/home/travis/build/icyphy/ptII/ptolemy/actor/lib/test/AbsoluteValue.tcl
testDefs.tcl: setting time out to 9000 seconds at Fri Jun 07 04:28:46 UTC 2019
86 ms. Memory: 116224K Free: 109604K (94%)
8 ms. Memory: 116224K Free: 108381K (93%)
7 ms. Memory: 116224K Free: 107750K (93%)
6 ms. Memory: 116224K Free: 106568K (92%)
/home/travis/build/icyphy/ptII/ptolemy/actor/lib/test/AddSubtract.tcl
18 ms. Memory: 116224K Free: 104723K (90%)
5 ms. Memory: 116224K Free: 104115K (90%)
5 ms. Memory: 116224K Free: 103516K (89%)
5 ms. Memory: 116224K Free: 102334K (88%)
12 ms. Memory: 116224K Free: 101727K (88%)
4 ms. Memory: 116224K Free: 101128K (87%)
/home/travis/build/icyphy/ptII/ptolemy/actor/lib/test/Average.tcl
21 ms. Memory: 116224K Free: 99331K (85%)
20 ms. Memory: 116224K Free: 98132K (84%)
/home/travis/build/icyphy/ptII/ptolemy/actor/lib/test/Bernoulli.tcl
4 ms. Memory: 116224K Free: 96351K (83%)
2 ms. Memory: 116224K Free: 95760K (82%)
/home/travis/build/icyphy/ptII/ptolemy/actor/lib/test/Clock.tcl
preinitializing
resolving types
initializing
executing number 1
wrapping up
idle
16 ms. Memory: 116224K Free: 93395K (80%)
Completed execution with 5 iterations
preinitializing
resolving types
initializing
executing number 1
wrapping up
idle
3 ms. Memory: 116224K Free: 92804K (80%)
Completed execution with 5 iterations
preinitializing
resolving types
initializing
executing number 1
wrapping up
idle
3 ms. Memory: 116224K Free: 92189K (79%)
Completed execution with 5 iterations
/home/travis/build/icyphy/ptII/ptolemy/actor/lib/test/Commutator.tcl
9 ms. Memory: 116224K Free: 90415K (78%)
5 ms. Memory: 116224K Free: 89217K (77%)
8 ms. Memory: 116224K Free: 84414K (73%)
/home/travis/build/icyphy/ptII/ptolemy/actor/lib/test/Const.tcl
3 ms. Memory: 116224K Free: 82624K (71%)
2 ms. Memory: 116224K Free: 82033K (71%)
2 ms. Memory: 116224K Free: 82033K (71%)
9 ms. Memory: 116224K Free: 81442K (70%)
16 ms. Memory: 146944K Free: 140413K (96%)
22 ms. Memory: 146944K Free: 138819K (94%)
11 ms. Memory: 146944K Free: 137624K (94%)
2 ms. Memory: 146944K Free: 136413K (93%)
/home/travis/build/icyphy/ptII/ptolemy/actor/lib/test/CurrentTime.tcl
preinitializing
resolving types
initializing
executing number 1
wrapping up
idle
7 ms. Memory: 146944K Free: 133973K (91%)
Completed execution with 11 iterations
/home/travis/build/icyphy/ptII/ptolemy/actor/lib/test/DB.tcl
6 ms. Memory: 146944K Free: 131576K (90%)
2 ms. Memory: 146944K Free: 131576K (90%)
3 ms. Memory: 146944K Free: 130381K (89%)
/home/travis/build/icyphy/ptII/ptolemy/actor/lib/test/DiscreteRandomSource.tcl
preinitializing
resolving types
initializing
executing number 1
wrapping up
idle
8 ms. Memory: 146944K Free: 129170K (88%)
Completed execution with 4 iterations
preinitializing
resolving types
initializing
executing number 1
wrapping up
idle
6 ms. Memory: 146944K Free: 129170K (88%)
Completed execution with 4 iterations
preinitializing
resolving types
initializing
executing number 1
wrapping up
idle
2 ms. Memory: 146944K Free: 127967K (87%)
Completed execution with 4 iterations
preinitializing
resolving types
initializing
executing number 1
wrapping up
idle
2 ms. Memory: 146944K Free: 127967K (87%)
Completed execution with 4 iterations
preinitializing
resolving types
initializing
executing number 1
wrapping up
idle
9 ms. Memory: 146944K Free: 127967K (87%)
Completed execution with 4 iterations
/home/travis/build/icyphy/ptII/ptolemy/actor/lib/test/Distributor.tcl
4 ms. Memory: 146944K Free: 125561K (85%)
3 ms. Memory: 146944K Free: 125561K (85%)
StreamChangeRequest.changeExecuted(): <deleteEntity name="rec2"/> succeeded
StreamChangeRequest.changeExecuted(): <deleteRelation name="r2"/> succeeded
StreamChangeRequest.changeExecuted(): Record firings per iteration succeeded
4 ms. Memory: 146944K Free: 123155K (84%)
/home/travis/build/icyphy/ptII/ptolemy/actor/lib/test/Exit.tcl
Exit.tcl: this will print a message about Manager.exitAfterWrapup, which can be ignored.
6 ms. Memory: 146944K Free: 118948K (81%)
/home/travis/build/icyphy/ptII/ptolemy/actor/lib/test/Expression.tcl
9 ms. Memory: 146944K Free: 116524K (79%)
8 ms. Memory: 146944K Free: 115329K (78%)
2 ms. Memory: 146944K Free: 115329K (78%)
preinitializing
resolving types
initializing
executing number 1
wrapping up
idle
4 ms. Memory: 146944K Free: 114134K (78%)
Completed execution with 6 iterations
2 ms. Memory: 146944K Free: 112939K (77%)
3 ms. Memory: 146944K Free: 111728K (76%)
3 ms. Memory: 146944K Free: 110518K (75%)
3 ms. Memory: 146944K Free: 109307K (74%)
4 ms. Memory: 146944K Free: 108111K (74%)
/home/travis/build/icyphy/ptII/ptolemy/actor/lib/test/Gaussian.tcl
8 ms. Memory: 146944K Free: 106916K (73%)
sleeping 1 seconds: .........................................................................................................................................................................................................................................................................................................................................................................................................................................................................................................................................................................................................................................................................................................................................................................................................................................................................................................................................................................................................................................................................................................................................................................................................................................................................................................................................................................................................................................................................................................................................................................................................................................................................................................................................................................................................................................................................................................................................................................................................................................................................................................................................................................................................................................................................................................................................................................................................................................................................................................................................................................................................................................................................................................................................................................................................................................................................................................................................................................................................................................................................................................................................................................................................................................................................................................................................................................................................................................................................................................................................................................................................................................................................................................................................................................................................................................................................................................................................................................................................................................................................................................................................................................................................................................................................................................................................................................................................................................................................................................................................................................................................................................................................................................................................................................................................................................................................................................................................................................................................................................................................................................................................................................................................................................................................................................................................................................................................................................................................................................................................................................................................................................................................................................................................................................................................................................................................................................................................................................................................................................................................................................................................................................................................................................................................2 ms. Memory: 146944K Free: 140781K (96%)
2 ms. Memory: 146944K Free: 139602K (95%)
1 ms. Memory: 146944K Free: 139602K (95%)
7 ms. Memory: 146944K Free: 138163K (94%)
4 ms. Memory: 146944K Free: 138163K (94%)
/home/travis/build/icyphy/ptII/ptolemy/actor/lib/test/IIR.tcl
/home/travis/build/icyphy/ptII/ptolemy/actor/lib/test/Interpolator.tcl
3 ms. Memory: 146944K Free: 133448K (91%)
2 ms. Memory: 146944K Free: 133448K (91%)
6 ms. Memory: 146944K Free: 132269K (90%)
1 ms. Memory: 146944K Free: 132269K (90%)
10 ms. Memory: 146944K Free: 131090K (89%)
2 ms. Memory: 146944K Free: 131090K (89%)
6 ms. Memory: 146944K Free: 129911K (88%)
2 ms. Memory: 146944K Free: 128732K (88%)
9 ms. Memory: 146944K Free: 127553K (87%)
2 ms. Memory: 146944K Free: 127553K (87%)
/home/travis/build/icyphy/ptII/ptolemy/actor/lib/test/MathFunction.tcl
4 ms. Memory: 146944K Free: 125195K (85%)
2 ms. Memory: 146944K Free: 124017K (84%)
1 ms. Memory: 146944K Free: 122838K (84%)
5 ms. Memory: 146944K Free: 121659K (83%)
3 ms. Memory: 146944K Free: 120480K (82%)
7 ms. Memory: 146944K Free: 118122K (80%)
/home/travis/build/icyphy/ptII/ptolemy/actor/lib/test/Maximum.tcl
6 ms. Memory: 146944K Free: 116943K (80%)
5 ms. Memory: 146944K Free: 115764K (79%)
5 ms. Memory: 146944K Free: 115764K (79%)
6 ms. Memory: 146944K Free: 114586K (78%)
/home/travis/build/icyphy/ptII/ptolemy/actor/lib/test/Minimum.tcl
6 ms. Memory: 146944K Free: 113407K (77%)
3 ms. Memory: 146944K Free: 112228K (76%)
2 ms. Memory: 146944K Free: 111049K (76%)
3 ms. Memory: 146944K Free: 111049K (76%)
/home/travis/build/icyphy/ptII/ptolemy/actor/lib/test/MultiplyDivide.tcl
9 ms. Memory: 146944K Free: 108691K (74%)
9 ms. Memory: 146944K Free: 107512K (73%)
2 ms. Memory: 146944K Free: 107512K (73%)
3 ms. Memory: 146944K Free: 106334K (72%)
6 ms. Memory: 146944K Free: 106334K (72%)
/home/travis/build/icyphy/ptII/ptolemy/actor/lib/test/OrderedMerge.tcl
Connections changed on port: inputA
Connections changed on port: inputB
Connections changed on port: output
Connections changed on port: output
Connections changed on port: output
Connections changed on port: input
.top. Preinitializing ...
Invoking preinitialize():  .top.OrderedMerge
Called preinitialize()
Invoking preinitialize():  .top.Ramp
Called preinitialize()
Invoking preinitialize():  .top.Ramp2
Called preinitialize()
Invoking preinitialize():  .top.Test
Called preinitialize()
Connections changed on port: inputA
Connections changed on port: output
Connections changed on port: inputB
Connections changed on port: output
Connections changed on port: output
Connections changed on port: input
.top. Finished preinitialize().
Called initialize().
Invoking initialize():  .top.OrderedMerge
Initializing actor: .top.OrderedMerge
Adding a thread: .top.OrderedMerge
Invoking initialize():  .top.Ramp
Initializing actor: .top.Ramp
Adding a thread: .top.Ramp
Invoking initialize():  .top.Ramp2
Initializing actor: .top.Ramp2
Adding a thread: .top.Ramp2
Invoking initialize():  .top.Test
Initializing actor: .top.Test
Adding a thread: .top.Test
-- Starting thread.
Called initialize()
Called prefire()
Called fire()
-- Starting thread.
Called initialize()
Called prefire()
Called fire()
Called postfire()
Called prefire()
Called fire()
-- Starting thread.
Called initialize()
Called prefire()
Called fire()
Called postfire()
Called prefire()
Called fire()
Called fire().
Checking for deadlock:
There are 3 Blocked actors, 0 Stopped actors, and 4 active threads.
Waiting for actors to stop.
-- Starting thread.
Called initialize()
Called prefire()
Called fire()
Checking for deadlock:
There are 2 Blocked actors, 0 Stopped actors, and 4 active threads.
Waiting for actors to stop.
Called postfire()
Called prefire()
Called fire()
Checking for deadlock:
There are 3 Blocked actors, 0 Stopped actors, and 4 active threads.
Waiting for actors to stop.
Read input token from inputA with value 0.0
Next port to read input from is inputB
Called postfire()
Called prefire()
Called fire()
Checking for deadlock:
There are 2 Blocked actors, 0 Stopped actors, and 4 active threads.
Waiting for actors to stop.
Called postfire()
Called prefire()
Called fire()
Checking for deadlock:
There are 3 Blocked actors, 0 Stopped actors, and 4 active threads.
Waiting for actors to stop.
Read input token from inputB with value 0.0
Checking for deadlock:
There are 2 Blocked actors, 0 Stopped actors, and 4 active threads.
Waiting for actors to stop.
-- Read input: 0.0, which is expected to match: 0.0
Called prefire()
Called fire()
Checking for deadlock:
There are 3 Blocked actors, 0 Stopped actors, and 4 active threads.
Waiting for actors to stop.
Sent output token with value 0.0
Next port to read input from is inputA
Called postfire()
Called prefire()
Called fire()
Called postfire()
Called prefire()
Called fire()
Checking for deadlock:
There are 3 Blocked actors, 0 Stopped actors, and 4 active threads.
Waiting for actors to stop.
Read input token from inputA with value 1.0
-- Read input: 0.0, which is expected to match: 0.0
Called prefire()
Called fire()
Checking for deadlock:
There are 3 Blocked actors, 0 Stopped actors, and 4 active threads.
Waiting for actors to stop.
Sent output token with value 0.0
Next port to read input from is inputB
Called postfire()
Called prefire()
Called fire()
Checking for deadlock:
There are 2 Blocked actors, 0 Stopped actors, and 4 active threads.
Waiting for actors to stop.
Called postfire()
Called prefire()
Called fire()
Checking for deadlock:
There are 3 Blocked actors, 0 Stopped actors, and 4 active threads.
Waiting for actors to stop.
Read input token from inputB with value 1.5
Checking for deadlock:
There are 2 Blocked actors, 0 Stopped actors, and 4 active threads.
Waiting for actors to stop.
-- Read input: 1.0, which is expected to match: 1.0
Called prefire()
Called fire()
Checking for deadlock:
There are 3 Blocked actors, 0 Stopped actors, and 4 active threads.
Waiting for actors to stop.
Sent output token with value 1.0
Next port to read input from is inputA
Called postfire()
Called prefire()
Called fire()
Called postfire()
Called prefire()
Called fire()
Checking for deadlock:
There are 3 Blocked actors, 0 Stopped actors, and 4 active threads.
Waiting for actors to stop.
Read input token from inputA with value 2.0
-- Read input: 1.5, which is expected to match: 1.5
Called prefire()
Called fire()
Checking for deadlock:
There are 3 Blocked actors, 0 Stopped actors, and 4 active threads.
Waiting for actors to stop.
Sent output token with value 1.5
Next port to read input from is inputB
Called postfire()
Called prefire()
Called fire()
Checking for deadlock:
There are 2 Blocked actors, 0 Stopped actors, and 4 active threads.
Waiting for actors to stop.
Called postfire()
Called prefire()
Called fire()
Checking for deadlock:
There are 3 Blocked actors, 0 Stopped actors, and 4 active threads.
Waiting for actors to stop.
Read input token from inputB with value 3.0
Checking for deadlock:
There are 2 Blocked actors, 0 Stopped actors, and 4 active threads.
Waiting for actors to stop.
-- Read input: 2.0, which is expected to match: 2.0
Called prefire()
Called fire()
Checking for deadlock:
There are 3 Blocked actors, 0 Stopped actors, and 4 active threads.
Waiting for actors to stop.
Sent output token with value 2.0
Next port to read input from is inputA
Called postfire()
Called prefire()
Called fire()
Called postfire()
Called prefire()
Called fire()
Checking for deadlock:
There are 3 Blocked actors, 0 Stopped actors, and 4 active threads.
Waiting for actors to stop.
Read input token from inputA with value 3.0
-- Read input: 3.0, which is expected to match: 3.0
Called prefire()
Called fire()
Checking for deadlock:
There are 3 Blocked actors, 0 Stopped actors, and 4 active threads.
Waiting for actors to stop.
Sent output token with value 3.0
Next port to read input from is inputB
Called postfire()
Called prefire()
Called fire()
Checking for deadlock:
There are 2 Blocked actors, 0 Stopped actors, and 4 active threads.
Waiting for actors to stop.
Called postfire()
Called prefire()
Called fire()
Checking for deadlock:
There are 3 Blocked actors, 0 Stopped actors, and 4 active threads.
Waiting for actors to stop.
Read input token from inputB with value 4.5
Checking for deadlock:
There are 2 Blocked actors, 0 Stopped actors, and 4 active threads.
Waiting for actors to stop.
-- Read input: 3.0, which is expected to match: 3.0
Called prefire()
Called fire()
Checking for deadlock:
There are 3 Blocked actors, 0 Stopped actors, and 4 active threads.
Waiting for actors to stop.
Sent output token with value 3.0
Next port to read input from is inputA
Called postfire()
Called prefire()
Called fire()
Called postfire()
Called prefire()
Called fire()
Checking for deadlock:
There are 3 Blocked actors, 0 Stopped actors, and 4 active threads.
Waiting for actors to stop.
Read input token from inputA with value 4.0
-- Read input: 4.0, which is expected to match: 4.0
Called prefire()
Called fire()
Past the end of training data. Read and discard all inputs.
Checking for deadlock:
There are 3 Blocked actors, 0 Stopped actors, and 4 active threads.
Waiting for actors to stop.
Sent output token with value 4.0
Next port to read input from is inputA
Called postfire()
Called prefire()
Called fire()
Called postfire()
Called prefire()
Called fire()
Checking for deadlock:
There are 3 Blocked actors, 0 Stopped actors, and 4 active threads.
Waiting for actors to stop.
Read input token from inputA with value 5.0
Called prefire()
Called fire()
Past the end of training data. Read and discard all inputs.
Checking for deadlock:
There are 3 Blocked actors, 0 Stopped actors, and 4 active threads.
Waiting for actors to stop.
Sent output token with value 4.5
Next port to read input from is inputB
Called postfire()
Called prefire()
Called fire()
Checking for deadlock:
There are 2 Blocked actors, 0 Stopped actors, and 4 active threads.
Waiting for actors to stop.
Called postfire()
Called prefire()
Called fire()
Checking for deadlock:
There are 3 Blocked actors, 0 Stopped actors, and 4 active threads.
Waiting for actors to stop.
Read input token from inputB with value 6.0
Checking for deadlock:
There are 2 Blocked actors, 0 Stopped actors, and 4 active threads.
Waiting for actors to stop.
Called prefire()
Called fire()
Past the end of training data. Read and discard all inputs.
Checking for deadlock:
There are 3 Blocked actors, 0 Stopped actors, and 4 active threads.
Waiting for actors to stop.
Sent output token with value 5.0
Next port to read input from is inputA
Called postfire()
Called prefire()
Called fire()
Called postfire()
Called prefire()
Called fire()
Checking for deadlock:
There are 2 Blocked actors, 0 Stopped actors, and 4 active threads.
Waiting for actors to stop.
Checking for deadlock:
There are 3 Blocked actors, 0 Stopped actors, and 4 active threads.
Waiting for actors to stop.
Read input token from inputA with value 6.0
Checking for deadlock:
There are 2 Blocked actors, 0 Stopped actors, and 4 active threads.
Waiting for actors to stop.
Called prefire()
Called fire()
Past the end of training data. Read and discard all inputs.
Checking for deadlock:
There are 3 Blocked actors, 0 Stopped actors, and 4 active threads.
Waiting for actors to stop.
Sent output token with value 6.0
Next port to read input from is inputB
Called postfire()
Called prefire()
Called fire()
Checking for deadlock:
There are 2 Blocked actors, 0 Stopped actors, and 4 active threads.
Waiting for actors to stop.
Called postfire()
Called prefire()
Called fire()
Checking for deadlock:
There are 3 Blocked actors, 0 Stopped actors, and 4 active threads.
Waiting for actors to stop.
Read input token from inputB with value 7.5
Checking for deadlock:
There are 2 Blocked actors, 0 Stopped actors, and 4 active threads.
Waiting for actors to stop.
Called prefire()
Called fire()
Past the end of training data. Read and discard all inputs.
Checking for deadlock:
There are 3 Blocked actors, 0 Stopped actors, and 4 active threads.
Waiting for actors to stop.
Sent output token with value 6.0
Next port to read input from is inputA
Called postfire()
Called prefire()
Called fire()
Checking for deadlock:
There are 2 Blocked actors, 0 Stopped actors, and 4 active threads.
Waiting for actors to stop.
Called postfire()
Called prefire()
Called fire()
Checking for deadlock:
There are 3 Blocked actors, 0 Stopped actors, and 4 active threads.
Waiting for actors to stop.
Read input token from inputA with value 7.0
Checking for deadlock:
There are 2 Blocked actors, 0 Stopped actors, and 4 active threads.
Waiting for actors to stop.
Called prefire()
Called fire()
Past the end of training data. Read and discard all inputs.
Checking for deadlock:
There are 3 Blocked actors, 0 Stopped actors, and 4 active threads.
Waiting for actors to stop.
Sent output token with value 7.0
Next port to read input from is inputA
Called postfire()
Called prefire()
Called fire()
Checking for deadlock:
There are 2 Blocked actors, 0 Stopped actors, and 4 active threads.
Waiting for actors to stop.
-- Thread wrapup() called.
Called wrapup()
Thread .top.Ramp is exiting.
-- Thread stopped.
Checking for deadlock:
There are 2 Blocked actors, 0 Stopped actors, and 3 active threads.
Waiting for actors to stop.
Read input token from inputA with value 8.0
Checking for deadlock:
There are 1 Blocked actors, 0 Stopped actors, and 3 active threads.
Waiting for actors to stop.
Called prefire()
Called fire()
Past the end of training data. Read and discard all inputs.
Checking for deadlock:
There are 2 Blocked actors, 0 Stopped actors, and 3 active threads.
Waiting for actors to stop.
Sent output token with value 7.5
Next port to read input from is inputB
Called postfire()
Called prefire()
Called fire()
Checking for deadlock:
There are 1 Blocked actors, 0 Stopped actors, and 3 active threads.
Waiting for actors to stop.
Called postfire()
Called prefire()
Called fire()
Checking for deadlock:
There are 2 Blocked actors, 0 Stopped actors, and 3 active threads.
Waiting for actors to stop.
Read input token from inputB with value 9.0
Checking for deadlock:
There are 1 Blocked actors, 0 Stopped actors, and 3 active threads.
Waiting for actors to stop.
Called prefire()
Called fire()
Past the end of training data. Read and discard all inputs.
Checking for deadlock:
There are 2 Blocked actors, 0 Stopped actors, and 3 active threads.
Waiting for actors to stop.
Sent output token with value 8.0
Next port to read input from is inputA
Called postfire()
Called prefire()
Called fire()
Read input token from inputA with value 9.0
Checking for deadlock:
There are 1 Blocked actors, 0 Stopped actors, and 3 active threads.
Waiting for actors to stop.
Called prefire()
Called fire()
Past the end of training data. Read and discard all inputs.
Checking for deadlock:
There are 2 Blocked actors, 0 Stopped actors, and 3 active threads.
Waiting for actors to stop.
Sent output token with value 9.0
Next port to read input from is inputB
Called postfire()
Called prefire()
Called fire()
Checking for deadlock:
There are 1 Blocked actors, 0 Stopped actors, and 3 active threads.
Waiting for actors to stop.
Called postfire()
Called prefire()
Called fire()
Checking for deadlock:
There are 2 Blocked actors, 0 Stopped actors, and 3 active threads.
Waiting for actors to stop.
Read input token from inputB with value 10.5
Checking for deadlock:
There are 1 Blocked actors, 0 Stopped actors, and 3 active threads.
Waiting for actors to stop.
Called prefire()
Called fire()
Past the end of training data. Read and discard all inputs.
Checking for deadlock:
There are 2 Blocked actors, 0 Stopped actors, and 3 active threads.
Waiting for actors to stop.
Sent output token with value 9.0
Next port to read input from is inputA
Called postfire()
Called prefire()
Called fire()
Checking for deadlock:
There are 3 Blocked actors, 0 Stopped actors, and 3 active threads.
Actors have stopped.
Checking for deadlock:
There are 3 Blocked actors, 0 Stopped actors, and 3 active threads.
Deadlock detected.
Resolving Deadlock
Checking for deadlock:
There are 3 Blocked actors, 0 Stopped actors, and 3 active threads.
Artificial Deadlock - increasing queue capacity.
increasing the capacity of receiver ptolemy.actor.TypedIOPort {.top.OrderedMerge.inputB} to 2
Director: Called postfire().
Called postfire().
_stopRequested = false
_stopFireRequested = false
Returning from postfire(): true
Called fire().
Checking for deadlock:
There are 2 Blocked actors, 0 Stopped actors, and 3 active threads.
Waiting for actors to stop.
-- Thread wrapup() called.
Called wrapup()
Thread .top.Ramp2 is exiting.
-- Thread stopped.
Checking for deadlock:
There are 2 Blocked actors, 0 Stopped actors, and 2 active threads.
Actors have stopped.
Checking for deadlock:
There are 2 Blocked actors, 0 Stopped actors, and 2 active threads.
Deadlock detected.
Resolving Deadlock
Checking for deadlock:
There are 2 Blocked actors, 0 Stopped actors, and 2 active threads.
Deadlock detected: no processes blocked on write, but some are blocked on read.
Called postfire().
_stopRequested = false
_stopFireRequested = false
Returning from postfire(): false
Finished deactivating branches.
Called wrapup().
-- Thread wrapup() called.
Called wrapup()
Thread .top.Test is exiting.
-- Thread stopped.
-- Blocked Receiver call threw TerminateProcessException.
-- Thread wrapup() called.
Called wrapup()
Thread .top.OrderedMerge is exiting.
29 ms. Memory: 146944K Free: 102337K (70%)
.top. Preinitializing ...
Invoking preinitialize():  .top.OrderedMerge
Called preinitialize()
Invoking preinitialize():  .top.Ramp
Called preinitialize()
Invoking preinitialize():  .top.Ramp2
Called preinitialize()
Invoking preinitialize():  .top.Test
Called preinitialize()
.top. Finished preinitialize().
Called initialize().
Invoking initialize():  .top.OrderedMerge
Initializing actor: .top.OrderedMerge
Adding a thread: .top.OrderedMerge
Invoking initialize():  .top.Ramp
Initializing actor: .top.Ramp
Adding a thread: .top.Ramp
Invoking initialize():  .top.Ramp2
Initializing actor: .top.Ramp2
Adding a thread: .top.Ramp2
Invoking initialize():  .top.Test
Initializing actor: .top.Test
Adding a thread: .top.Test
-- Thread stopped.
-- Blocked Receiver call threw TerminateProcessException.
-- Starting thread.
Called initialize()
Called prefire()
Called fire()
-- Starting thread.
Called initialize()
Called prefire()
Called fire()
Called postfire()
Called prefire()
Called fire()
-- Starting thread.
Called initialize()
Called prefire()
Called fire()
Called postfire()
Called prefire()
Called fire()
Called fire().
Checking for deadlock:
There are 3 Blocked actors, 0 Stopped actors, and 4 active threads.
Waiting for actors to stop.
-- Starting thread.
Called initialize()
Called prefire()
Called fire()
Checking for deadlock:
There are 2 Blocked actors, 0 Stopped actors, and 4 active threads.
Waiting for actors to stop.
Called postfire()
Called prefire()
Called fire()
Checking for deadlock:
There are 3 Blocked actors, 0 Stopped actors, and 4 active threads.
Waiting for actors to stop.
Read input token from inputA with value 0.0
Next port to read input from is inputB
Called postfire()
Called prefire()
Called fire()
Checking for deadlock:
There are 2 Blocked actors, 0 Stopped actors, and 4 active threads.
Waiting for actors to stop.
Called postfire()
Called prefire()
Called fire()
Checking for deadlock:
There are 3 Blocked actors, 0 Stopped actors, and 4 active threads.
Waiting for actors to stop.
Read input token from inputB with value 0.0
Checking for deadlock:
There are 2 Blocked actors, 0 Stopped actors, and 4 active threads.
Waiting for actors to stop.
-- Read input: 0.0, which is expected to match: 0.0
Called prefire()
Called fire()
Checking for deadlock:
There are 3 Blocked actors, 0 Stopped actors, and 4 active threads.
Waiting for actors to stop.
Sent output token with value 0.0
Next port to read input from is inputA
Called postfire()
Called prefire()
Called fire()
Called postfire()
Called prefire()
Called fire()
Checking for deadlock:
There are 3 Blocked actors, 0 Stopped actors, and 4 active threads.
Waiting for actors to stop.
Read input token from inputA with value 1.0
-- Read input: 0.0, which is expected to match: 0.0
Called prefire()
Called fire()
Checking for deadlock:
There are 3 Blocked actors, 0 Stopped actors, and 4 active threads.
Waiting for actors to stop.
Sent output token with value 0.0
Next port to read input from is inputB
Called postfire()
Called prefire()
Called fire()
Called postfire()
Called prefire()
Called fire()
Checking for deadlock:
There are 3 Blocked actors, 0 Stopped actors, and 4 active threads.
Waiting for actors to stop.
Read input token from inputB with value 1.5
-- Read input: 1.0, which is expected to match: 1.0
Called prefire()
Called fire()
Checking for deadlock:
There are 3 Blocked actors, 0 Stopped actors, and 4 active threads.
Waiting for actors to stop.
Sent output token with value 1.0
Next port to read input from is inputA
Called postfire()
Called prefire()
Called fire()
Called postfire()
Called prefire()
Called fire()
Checking for deadlock:
There are 3 Blocked actors, 0 Stopped actors, and 4 active threads.
Waiting for actors to stop.
Read input token from inputA with value 2.0
-- Read input: 1.5, which is expected to match: 1.5
Called prefire()
Called fire()
Checking for deadlock:
There are 3 Blocked actors, 0 Stopped actors, and 4 active threads.
Waiting for actors to stop.
Sent output token with value 1.5
Next port to read input from is inputB
Called postfire()
Called prefire()
Called fire()
Called postfire()
Called prefire()
Called fire()
Checking for deadlock:
There are 3 Blocked actors, 0 Stopped actors, and 4 active threads.
Waiting for actors to stop.
Read input token from inputB with value 3.0
-- Read input: 2.0, which is expected to match: 2.0
Called prefire()
Called fire()
Checking for deadlock:
There are 3 Blocked actors, 0 Stopped actors, and 4 active threads.
Waiting for actors to stop.
Sent output token with value 2.0
Next port to read input from is inputA
Called postfire()
Called prefire()
Called fire()
Called postfire()
Called prefire()
Called fire()
Checking for deadlock:
There are 3 Blocked actors, 0 Stopped actors, and 4 active threads.
Waiting for actors to stop.
Read input token from inputA with value 3.0
-- Read input: 3.0, which is expected to match: 3.0
Called prefire()
Called fire()
Checking for deadlock:
There are 3 Blocked actors, 0 Stopped actors, and 4 active threads.
Waiting for actors to stop.
Sent output token with value 3.0
Next port to read input from is inputB
Called postfire()
Called prefire()
Called fire()
Called postfire()
Called prefire()
Called fire()
Checking for deadlock:
There are 3 Blocked actors, 0 Stopped actors, and 4 active threads.
Waiting for actors to stop.
Read input token from inputB with value 4.5
-- Read input: 3.0, which is expected to match: 3.0
Called prefire()
Called fire()
Checking for deadlock:
There are 3 Blocked actors, 0 Stopped actors, and 4 active threads.
Waiting for actors to stop.
Sent output token with value 3.0
Next port to read input from is inputA
Called postfire()
Called prefire()
Called fire()
Called postfire()
Called prefire()
Called fire()
Checking for deadlock:
There are 3 Blocked actors, 0 Stopped actors, and 4 active threads.
Waiting for actors to stop.
Read input token from inputA with value 4.0
-- Read input: 4.0, which is expected to match: 4.0
Called prefire()
Called fire()
Past the end of training data. Read and discard all inputs.
Checking for deadlock:
There are 3 Blocked actors, 0 Stopped actors, and 4 active threads.
Waiting for actors to stop.
Sent output token with value 4.0
Next port to read input from is inputA
Called postfire()
Called prefire()
Called fire()
Called postfire()
Called prefire()
Called fire()
Checking for deadlock:
There are 3 Blocked actors, 0 Stopped actors, and 4 active threads.
Waiting for actors to stop.
Read input token from inputA with value 5.0
Called prefire()
Called fire()
Past the end of training data. Read and discard all inputs.
Checking for deadlock:
There are 3 Blocked actors, 0 Stopped actors, and 4 active threads.
Waiting for actors to stop.
Sent output token with value 4.5
Next port to read input from is inputB
Called postfire()
Called prefire()
Called fire()
Called postfire()
Called prefire()
Called fire()
Checking for deadlock:
There are 3 Blocked actors, 0 Stopped actors, and 4 active threads.
Waiting for actors to stop.
Read input token from inputB with value 6.0
Called prefire()
Called fire()
Past the end of training data. Read and discard all inputs.
Checking for deadlock:
There are 3 Blocked actors, 0 Stopped actors, and 4 active threads.
Waiting for actors to stop.
Sent output token with value 5.0
Next port to read input from is inputA
Called postfire()
Called prefire()
Called fire()
Called postfire()
Called prefire()
Called fire()
Checking for deadlock:
There are 3 Blocked actors, 0 Stopped actors, and 4 active threads.
Waiting for actors to stop.
Read input token from inputA with value 6.0
Called prefire()
Called fire()
Past the end of training data. Read and discard all inputs.
Checking for deadlock:
There are 3 Blocked actors, 0 Stopped actors, and 4 active threads.
Waiting for actors to stop.
Sent output token with value 6.0
Next port to read input from is inputB
Called postfire()
Called prefire()
Called fire()
Called postfire()
Called prefire()
Called fire()
Checking for deadlock:
There are 3 Blocked actors, 0 Stopped actors, and 4 active threads.
Waiting for actors to stop.
Read input token from inputB with value 7.5
Called prefire()
Called fire()
Past the end of training data. Read and discard all inputs.
Checking for deadlock:
There are 3 Blocked actors, 0 Stopped actors, and 4 active threads.
Waiting for actors to stop.
Sent output token with value 6.0
Next port to read input from is inputA
Called postfire()
Called prefire()
Called fire()
Called postfire()
Called prefire()
Called fire()
Checking for deadlock:
There are 3 Blocked actors, 0 Stopped actors, and 4 active threads.
Waiting for actors to stop.
Read input token from inputA with value 7.0
Called prefire()
Called fire()
Past the end of training data. Read and discard all inputs.
Checking for deadlock:
There are 3 Blocked actors, 0 Stopped actors, and 4 active threads.
Waiting for actors to stop.
Sent output token with value 7.0
Next port to read input from is inputA
Called postfire()
Called prefire()
Called fire()
-- Thread wrapup() called.
Called wrapup()
Thread .top.Ramp is exiting.
-- Thread stopped.
Checking for deadlock:
There are 2 Blocked actors, 0 Stopped actors, and 3 active threads.
Waiting for actors to stop.
Read input token from inputA with value 8.0
Called prefire()
Called fire()
Past the end of training data. Read and discard all inputs.
Checking for deadlock:
There are 2 Blocked actors, 0 Stopped actors, and 3 active threads.
Waiting for actors to stop.
Sent output token with value 7.5
Next port to read input from is inputB
Called postfire()
Called prefire()
Called fire()
Called postfire()
Called prefire()
Called fire()
Checking for deadlock:
There are 2 Blocked actors, 0 Stopped actors, and 3 active threads.
Waiting for actors to stop.
Read input token from inputB with value 9.0
Called prefire()
Called fire()
Past the end of training data. Read and discard all inputs.
Checking for deadlock:
There are 2 Blocked actors, 0 Stopped actors, and 3 active threads.
Waiting for actors to stop.
Sent output token with value 8.0
Next port to read input from is inputA
Called postfire()
Called prefire()
Called fire()
Read input token from inputA with value 9.0
Checking for deadlock:
There are 1 Blocked actors, 0 Stopped actors, and 3 active threads.
Waiting for actors to stop.
Called prefire()
Called fire()
Past the end of training data. Read and discard all inputs.
Checking for deadlock:
There are 2 Blocked actors, 0 Stopped actors, and 3 active threads.
Waiting for actors to stop.
Sent output token with value 9.0
Next port to read input from is inputB
Called postfire()
Called prefire()
Called fire()
Called postfire()
Called prefire()
Called fire()
Checking for deadlock:
There are 2 Blocked actors, 0 Stopped actors, and 3 active threads.
Waiting for actors to stop.
Read input token from inputB with value 10.5
Called prefire()
Called fire()
Past the end of training data. Read and discard all inputs.
Checking for deadlock:
There are 2 Blocked actors, 0 Stopped actors, and 3 active threads.
Waiting for actors to stop.
Sent output token with value 9.0
Next port to read input from is inputA
Called postfire()
Called prefire()
Called fire()
Checking for deadlock:
There are 3 Blocked actors, 0 Stopped actors, and 3 active threads.
Actors have stopped.
Checking for deadlock:
There are 3 Blocked actors, 0 Stopped actors, and 3 active threads.
Deadlock detected.
Resolving Deadlock
Checking for deadlock:
There are 3 Blocked actors, 0 Stopped actors, and 3 active threads.
Artificial Deadlock - increasing queue capacity.
increasing the capacity of receiver ptolemy.actor.TypedIOPort {.top.OrderedMerge.inputB} to 2
Director: Called postfire().
Called postfire().
_stopRequested = false
_stopFireRequested = false
Returning from postfire(): true
Called fire().
Checking for deadlock:
There are 2 Blocked actors, 0 Stopped actors, and 3 active threads.
Waiting for actors to stop.
-- Thread wrapup() called.
Called wrapup()
Thread .top.Ramp2 is exiting.
-- Thread stopped.
Checking for deadlock:
There are 2 Blocked actors, 0 Stopped actors, and 2 active threads.
Actors have stopped.
Checking for deadlock:
There are 2 Blocked actors, 0 Stopped actors, and 2 active threads.
Deadlock detected.
Resolving Deadlock
Checking for deadlock:
There are 2 Blocked actors, 0 Stopped actors, and 2 active threads.
Deadlock detected: no processes blocked on write, but some are blocked on read.
Called postfire().
_stopRequested = false
_stopFireRequested = false
Returning from postfire(): false
Finished deactivating branches.
Called wrapup().
-- Thread wrapup() called.
Called wrapup()
Thread .top.OrderedMerge is exiting.
-- Thread wrapup() called.
Called wrapup()
Thread .top.Test is exiting.
-- Thread stopped.
-- Blocked Receiver call threw TerminateProcessException.
23 ms. Memory: 146944K Free: 99520K (68%)
/home/travis/build/icyphy/ptII/ptolemy/actor/lib/test/Publisher.tcl
-- Thread stopped.
-- Blocked Receiver call threw TerminateProcessException.
14 ms. Memory: 146944K Free: 93625K (64%)
7 ms. Memory: 146944K Free: 87731K (60%)
2 ms. Memory: 146944K Free: 84194K (57%)
3 ms. Memory: 146944K Free: 83015K (56%)
2 ms. Memory: 146944K Free: 83015K (56%)
3 ms. Memory: 146944K Free: 81836K (56%)
2 ms. Memory: 146944K Free: 80657K (55%)
3 ms. Memory: 146944K Free: 80657K (55%)
1 ms. Memory: 208384K Free: 192464K (92%)
3 ms. Memory: 208384K Free: 187782K (90%)
2 ms. Memory: 208384K Free: 187782K (90%)
1 ms. Memory: 208384K Free: 185441K (89%)
6 ms. Memory: 208384K Free: 176078K (84%)
13 ms. Memory: 208384K Free: 166714K (80%)
14 ms. Memory: 208384K Free: 155010K (74%)
/home/travis/build/icyphy/ptII/ptolemy/actor/lib/test/Pulse.tcl
4 ms. Memory: 208384K Free: 115215K (55%)
7 ms. Memory: 208384K Free: 115215K (55%)
2 ms. Memory: 208384K Free: 112874K (54%)
3 ms. Memory: 208384K Free: 112874K (54%)
0 ms. Memory: 208384K Free: 112874K (54%)
1 ms. Memory: 208384K Free: 112874K (54%)
7 ms. Memory: 208384K Free: 110533K (53%)
4 ms. Memory: 208384K Free: 110533K (53%)
2 ms. Memory: 208384K Free: 110533K (53%)
/home/travis/build/icyphy/ptII/ptolemy/actor/lib/test/Ramp.tcl
5 ms. Memory: 208384K Free: 108193K (52%)
3 ms. Memory: 208384K Free: 105852K (51%)
3 ms. Memory: 208384K Free: 105852K (51%)
1 ms. Memory: 208384K Free: 105852K (51%)
5 ms. Memory: 208384K Free: 103511K (50%)
3 ms. Memory: 208384K Free: 103511K (50%)
3 ms. Memory: 208384K Free: 103511K (50%)
5 actors
6000 microseconds per iteration to create
10 ms. Memory: 208384K Free: 98826K (47%)
1 ms. Memory: 208384K Free: 98826K (47%)
4 ms. Memory: 208384K Free: 98826K (47%)
2 ms. Memory: 208384K Free: 98826K (47%)
50 actors
41000 microseconds per iteration to create
50 ms. Memory: 208384K Free: 82440K (40%)
5 ms. Memory: 208384K Free: 82440K (40%)
13 ms. Memory: 208384K Free: 80091K (38%)
8 ms. Memory: 208384K Free: 80091K (38%)
500 actors
1235000 microseconds per iteration to create
208 ms. Memory: 332288K Free: 272641K (82%)
35 ms. Memory: 332288K Free: 267866K (81%)
34 ms. Memory: 332288K Free: 263092K (79%)
32 ms. Memory: 332288K Free: 258301K (78%)
/home/travis/build/icyphy/ptII/ptolemy/actor/lib/test/RampContinuous.tcl
7 ms. Memory: 332288K Free: 253510K (76%)
/home/travis/build/icyphy/ptII/ptolemy/actor/lib/test/RecordAssembler.tcl
5 ms. Memory: 332288K Free: 253510K (76%)
2 ms. Memory: 332288K Free: 253510K (76%)
/home/travis/build/icyphy/ptII/ptolemy/actor/lib/test/RecordDisassembler.tcl
8 ms. Memory: 332288K Free: 248720K (75%)
3 ms. Memory: 332288K Free: 248720K (75%)
2 ms. Memory: 332288K Free: 248720K (75%)
/home/travis/build/icyphy/ptII/ptolemy/actor/lib/test/Scale.tcl
3 ms. Memory: 332288K Free: 248720K (75%)
2 ms. Memory: 332288K Free: 243929K (73%)
1 ms. Memory: 332288K Free: 243929K (73%)
1 ms. Memory: 332288K Free: 243929K (73%)
4 ms. Memory: 332288K Free: 243929K (73%)
/home/travis/build/icyphy/ptII/ptolemy/actor/lib/test/SequentialClock.tcl
preinitializing
resolving types
initializing
executing number 1
wrapping up
idle
4 ms. Memory: 332288K Free: 243929K (73%)
Completed execution with 5 iterations
preinitializing
resolving types
initializing
executing number 1
wrapping up
idle
3 ms. Memory: 332288K Free: 243929K (73%)
Completed execution with 5 iterations
preinitializing
resolving types
initializing
executing number 1
wrapping up
idle
1 ms. Memory: 332288K Free: 239138K (72%)
Completed execution with 5 iterations
/home/travis/build/icyphy/ptII/ptolemy/actor/lib/test/SetVariable.tcl
4 ms. Memory: 332288K Free: 239138K (72%)
/home/travis/build/icyphy/ptII/ptolemy/actor/lib/test/Sinewave.tcl
/home/travis/build/icyphy/ptII/ptolemy/actor/lib/test/SubscriptionAggregator.tcl
4 ms. Memory: 332288K Free: 224798K (68%)
7 ms. Memory: 332288K Free: 224798K (68%)
0 ms. Memory: 332288K Free: 224798K (68%)
1 ms. Memory: 332288K Free: 224798K (68%)
1 ms. Memory: 332288K Free: 220007K (66%)
3 ms. Memory: 332288K Free: 220007K (66%)
...............................................................873 ms. Memory: 582144K Free: 346263K (59%)
/home/travis/build/icyphy/ptII/ptolemy/actor/lib/test/Test.tcl
 The next command will produce a warning about training mode,
   which may be ignored.
5 ms. Memory: 582144K Free: 346263K (59%)
1 ms. Memory: 582144K Free: 346263K (59%)
1 ms. Memory: 582144K Free: 346263K (59%)
1 ms. Memory: 582144K Free: 346263K (59%)
7 ms. Memory: 582144K Free: 346263K (59%)
2 ms. Memory: 582144K Free: 346263K (59%)
3 ms. Memory: 582144K Free: 346263K (59%)
 The next command will produce a warning about training mode,
   which may be ignored.
3 ms. Memory: 582144K Free: 336610K (58%)
 The next command will produce a warning about training mode,
   which may be ignored.
11 ms. Memory: 582144K Free: 336610K (58%)
1 ms. Memory: 582144K Free: 336610K (58%)
1 ms. Memory: 582144K Free: 336610K (58%)
2 ms. Memory: 582144K Free: 336610K (58%)
1 ms. Memory: 582144K Free: 336610K (58%)
4 ms. Memory: 582144K Free: 336610K (58%)
/home/travis/build/icyphy/ptII/ptolemy/actor/lib/test/TestExceptionHandler.tcl
 The next command will produce a warning about training mode,
   which may be ignored.
1 ms. Memory: 582144K Free: 326949K (56%)
0 ms. Memory: 582144K Free: 326949K (56%)
1 ms. Memory: 582144K Free: 326949K (56%)
/home/travis/build/icyphy/ptII/ptolemy/actor/lib/test/UnionDisassembler.tcl
20 ms. Memory: 582144K Free: 326949K (56%)
/home/travis/build/icyphy/ptII/ptolemy/actor/lib/test/VariableClock.tcl
preinitializing
resolving types
initializing
executing number 1
wrapping up
idle
8 ms. Memory: 582144K Free: 317296K (55%)
Completed execution with 11 iterations
preinitializing
resolving types
initializing
executing number 1
wrapping up
idle
4 ms. Memory: 582144K Free: 317296K (55%)
Completed execution with 10 iterations
06/07/19 04:28:53
Failed: 0  Total Tests: 234  ((Passed: 234, Newly Passed: 0)  Known Failed: 0) /home/travis/build/icyphy/ptII/ptolemy/actor/lib/test
----------------- testing (KnownFailure) /home/travis/build/icyphy/ptII/ptolemy/actor/lib/test/auto/knownFailedTests/PublisherPortToplevelSubscriber.xml
1 ms. Memory: 582144K Free: 307537K (53%)
Known Failure: java.lang.reflect.InvocationTargetException
----------------- testing (KnownFailure) /home/travis/build/icyphy/ptII/ptolemy/actor/lib/test/auto/knownFailedTests/PublisherSubscriberPortToplevel.xml
1 ms. Memory: 582144K Free: 288019K (49%)
Known Failure: java.lang.reflect.InvocationTargetException
----------------- testing (KnownFailure) /home/travis/build/icyphy/ptII/ptolemy/actor/lib/test/auto/knownFailedTests/PublisherSubscriptionAggregatorPort.xml
2 ms. Memory: 582144K Free: 268502K (46%)
Known Failure: java.lang.reflect.InvocationTargetException
----------------- testing (KnownFailure) /home/travis/build/icyphy/ptII/ptolemy/actor/lib/test/auto/knownFailedTests/sizedarray3.xml
4 ms. Memory: 582144K Free: 248984K (43%)
Known Failure: java.lang.reflect.InvocationTargetException
No auto/linux-amd64/*.xml tests in /home/travis/build/icyphy/ptII/ptolemy/actor/lib/test
AutoTests.java: About to close Vertx.
AutoTests.java: Vertx closed.

===========================================================================================
----------------- testing Fri Jun 07 04:28:53 UTC 2019 /home/travis/build/icyphy/ptII/ptolemy/actor/lib/test/auto/AbsoluteValue.xml
----------------- Instantiating /home/travis/build/icyphy/ptII/ptolemy/actor/lib/test/auto/AbsoluteValue.xml
8 ms. Memory: 582144K Free: 190643K (33%)
----------------- Invoking toplevel() on ptolemy.moml.MoMLSimpleApplication@dac1a3e
----------------- Done invoking toplevel() on ptolemy.moml.MoMLSimpleApplication@dac1a3e
reloadAllAccessors: .AbsoluteValue

===========================================================================================
----------------- testing Fri Jun 07 04:28:53 UTC 2019 /home/travis/build/icyphy/ptII/ptolemy/actor/lib/test/auto/AbsoluteValue2.xml
----------------- Instantiating /home/travis/build/icyphy/ptII/ptolemy/actor/lib/test/auto/AbsoluteValue2.xml
5 ms. Memory: 582144K Free: 156487K (27%)
----------------- Invoking toplevel() on ptolemy.moml.MoMLSimpleApplication@5e82a538
----------------- Done invoking toplevel() on ptolemy.moml.MoMLSimpleApplication@5e82a538
reloadAllAccessors: .AbsoluteValue2

===========================================================================================
----------------- testing Fri Jun 07 04:28:53 UTC 2019 /home/travis/build/icyphy/ptII/ptolemy/actor/lib/test/auto/Accumulator.xml
----------------- Instantiating /home/travis/build/icyphy/ptII/ptolemy/actor/lib/test/auto/Accumulator.xml
12 ms. Memory: 582144K Free: 137075K (24%)
----------------- Invoking toplevel() on ptolemy.moml.MoMLSimpleApplication@4a3e93fb
----------------- Done invoking toplevel() on ptolemy.moml.MoMLSimpleApplication@4a3e93fb
reloadAllAccessors: .Accumulator

===========================================================================================
----------------- testing Fri Jun 07 04:28:53 UTC 2019 /home/travis/build/icyphy/ptII/ptolemy/actor/lib/test/auto/Accumulator2.xml
----------------- Instantiating /home/travis/build/icyphy/ptII/ptolemy/actor/lib/test/auto/Accumulator2.xml
4 ms. Memory: 582144K Free: 127316K (22%)
----------------- Invoking toplevel() on ptolemy.moml.MoMLSimpleApplication@4039bc4c
----------------- Done invoking toplevel() on ptolemy.moml.MoMLSimpleApplication@4039bc4c
reloadAllAccessors: .Accumulator2

===========================================================================================
----------------- testing Fri Jun 07 04:28:53 UTC 2019 /home/travis/build/icyphy/ptII/ptolemy/actor/lib/test/auto/Accumulator3.xml
----------------- Instantiating /home/travis/build/icyphy/ptII/ptolemy/actor/lib/test/auto/Accumulator3.xml
3 ms. Memory: 582144K Free: 117557K (20%)
----------------- Invoking toplevel() on ptolemy.moml.MoMLSimpleApplication@351ed26a
----------------- Done invoking toplevel() on ptolemy.moml.MoMLSimpleApplication@351ed26a
reloadAllAccessors: .Accumulator3

===========================================================================================
----------------- testing Fri Jun 07 04:28:53 UTC 2019 /home/travis/build/icyphy/ptII/ptolemy/actor/lib/test/auto/ArrayAppend.xml
----------------- Instantiating /home/travis/build/icyphy/ptII/ptolemy/actor/lib/test/auto/ArrayAppend.xml
12 ms. Memory: 582144K Free: 107799K (19%)
----------------- Invoking toplevel() on ptolemy.moml.MoMLSimpleApplication@217226b4
----------------- Done invoking toplevel() on ptolemy.moml.MoMLSimpleApplication@217226b4
reloadAllAccessors: .ArrayAppend

===========================================================================================
----------------- testing Fri Jun 07 04:28:53 UTC 2019 /home/travis/build/icyphy/ptII/ptolemy/actor/lib/test/auto/ArrayAppend2.xml
----------------- Instantiating /home/travis/build/icyphy/ptII/ptolemy/actor/lib/test/auto/ArrayAppend2.xml
621 ms. Memory: 582656K Free: 507210K (87%)
----------------- Invoking toplevel() on ptolemy.moml.MoMLSimpleApplication@79158468
----------------- Done invoking toplevel() on ptolemy.moml.MoMLSimpleApplication@79158468
reloadAllAccessors: .ArrayAppend2

===========================================================================================
----------------- testing Fri Jun 07 04:28:54 UTC 2019 /home/travis/build/icyphy/ptII/ptolemy/actor/lib/test/auto/ArrayAppend3.xml
----------------- Instantiating /home/travis/build/icyphy/ptII/ptolemy/actor/lib/test/auto/ArrayAppend3.xml
5 ms. Memory: 582656K Free: 489942K (84%)
----------------- Invoking toplevel() on ptolemy.moml.MoMLSimpleApplication@308b4c8
----------------- Done invoking toplevel() on ptolemy.moml.MoMLSimpleApplication@308b4c8
reloadAllAccessors: .ArrayAppend3

===========================================================================================
----------------- testing Fri Jun 07 04:28:54 UTC 2019 /home/travis/build/icyphy/ptII/ptolemy/actor/lib/test/auto/ArrayAppend4.xml
----------------- Instantiating /home/travis/build/icyphy/ptII/ptolemy/actor/lib/test/auto/ArrayAppend4.xml
3 ms. Memory: 582656K Free: 483436K (83%)
----------------- Invoking toplevel() on ptolemy.moml.MoMLSimpleApplication@67d6070e
----------------- Done invoking toplevel() on ptolemy.moml.MoMLSimpleApplication@67d6070e
reloadAllAccessors: .ArrayAppend4

===========================================================================================
----------------- testing Fri Jun 07 04:28:54 UTC 2019 /home/travis/build/icyphy/ptII/ptolemy/actor/lib/test/auto/ArrayAppend5.xml
----------------- Instantiating /home/travis/build/icyphy/ptII/ptolemy/actor/lib/test/auto/ArrayAppend5.xml
3 ms. Memory: 582656K Free: 476931K (82%)
----------------- Invoking toplevel() on ptolemy.moml.MoMLSimpleApplication@fa947cd
----------------- Done invoking toplevel() on ptolemy.moml.MoMLSimpleApplication@fa947cd
reloadAllAccessors: .ArrayAppend5

===========================================================================================
----------------- testing Fri Jun 07 04:28:54 UTC 2019 /home/travis/build/icyphy/ptII/ptolemy/actor/lib/test/auto/ArrayAppend6.xml
----------------- Instantiating /home/travis/build/icyphy/ptII/ptolemy/actor/lib/test/auto/ArrayAppend6.xml
4 ms. Memory: 582656K Free: 462258K (79%)
----------------- Invoking toplevel() on ptolemy.moml.MoMLSimpleApplication@61db2677
----------------- Done invoking toplevel() on ptolemy.moml.MoMLSimpleApplication@61db2677
reloadAllAccessors: .ArrayAppend6

===========================================================================================
----------------- testing Fri Jun 07 04:28:54 UTC 2019 /home/travis/build/icyphy/ptII/ptolemy/actor/lib/test/auto/ArrayAppendPerformanceTest.xml
----------------- Instantiating /home/travis/build/icyphy/ptII/ptolemy/actor/lib/test/auto/ArrayAppendPerformanceTest.xml
20 ms. Memory: 582656K Free: 449230K (77%)
----------------- Invoking toplevel() on ptolemy.moml.MoMLSimpleApplication@14f9a42b
----------------- Done invoking toplevel() on ptolemy.moml.MoMLSimpleApplication@14f9a42b
reloadAllAccessors: .ArrayAppendPerformanceTest

===========================================================================================
----------------- testing Fri Jun 07 04:28:54 UTC 2019 /home/travis/build/icyphy/ptII/ptolemy/actor/lib/test/auto/ArrayAppendWithEmptyInput.xml
----------------- Instantiating /home/travis/build/icyphy/ptII/ptolemy/actor/lib/test/auto/ArrayAppendWithEmptyInput.xml
9 ms. Memory: 582656K Free: 439455K (75%)
----------------- Invoking toplevel() on ptolemy.moml.MoMLSimpleApplication@22c68217
----------------- Done invoking toplevel() on ptolemy.moml.MoMLSimpleApplication@22c68217
reloadAllAccessors: .ArrayAppendWithEmptyInput

===========================================================================================
----------------- testing Fri Jun 07 04:28:54 UTC 2019 /home/travis/build/icyphy/ptII/ptolemy/actor/lib/test/auto/ArrayAverage.xml
----------------- Instantiating /home/travis/build/icyphy/ptII/ptolemy/actor/lib/test/auto/ArrayAverage.xml
5 ms. Memory: 582656K Free: 424801K (73%)
----------------- Invoking toplevel() on ptolemy.moml.MoMLSimpleApplication@44b7d321
----------------- Done invoking toplevel() on ptolemy.moml.MoMLSimpleApplication@44b7d321
reloadAllAccessors: .ArrayAverage

===========================================================================================
----------------- testing Fri Jun 07 04:28:54 UTC 2019 /home/travis/build/icyphy/ptII/ptolemy/actor/lib/test/auto/ArrayContains.xml
----------------- Instantiating /home/travis/build/icyphy/ptII/ptolemy/actor/lib/test/auto/ArrayContains.xml
3 ms. Memory: 582656K Free: 406875K (70%)
----------------- Invoking toplevel() on ptolemy.moml.MoMLSimpleApplication@4274bd1e
----------------- Done invoking toplevel() on ptolemy.moml.MoMLSimpleApplication@4274bd1e
reloadAllAccessors: .ArrayContains

===========================================================================================
----------------- testing Fri Jun 07 04:28:54 UTC 2019 /home/travis/build/icyphy/ptII/ptolemy/actor/lib/test/auto/ArrayElement.xml
----------------- Instantiating /home/travis/build/icyphy/ptII/ptolemy/actor/lib/test/auto/ArrayElement.xml
3 ms. Memory: 582656K Free: 400370K (69%)
----------------- Invoking toplevel() on ptolemy.moml.MoMLSimpleApplication@21532a2f
----------------- Done invoking toplevel() on ptolemy.moml.MoMLSimpleApplication@21532a2f
reloadAllAccessors: .ArrayElement

===========================================================================================
----------------- testing Fri Jun 07 04:28:54 UTC 2019 /home/travis/build/icyphy/ptII/ptolemy/actor/lib/test/auto/ArrayElementAsMatrix.xml
----------------- Instantiating /home/travis/build/icyphy/ptII/ptolemy/actor/lib/test/auto/ArrayElementAsMatrix.xml
22 ms. Memory: 582656K Free: 390595K (67%)
----------------- Invoking toplevel() on ptolemy.moml.MoMLSimpleApplication@52a04b36
----------------- Done invoking toplevel() on ptolemy.moml.MoMLSimpleApplication@52a04b36
reloadAllAccessors: .ArrayElementAsMatrix

===========================================================================================
----------------- testing Fri Jun 07 04:28:54 UTC 2019 /home/travis/build/icyphy/ptII/ptolemy/actor/lib/test/auto/ArrayElementI.xml
----------------- Instantiating /home/travis/build/icyphy/ptII/ptolemy/actor/lib/test/auto/ArrayElementI.xml
3 ms. Memory: 582656K Free: 384089K (66%)
----------------- Invoking toplevel() on ptolemy.moml.MoMLSimpleApplication@65adadcc
----------------- Done invoking toplevel() on ptolemy.moml.MoMLSimpleApplication@65adadcc
reloadAllAccessors: .ArrayElementI

===========================================================================================
----------------- testing Fri Jun 07 04:28:55 UTC 2019 /home/travis/build/icyphy/ptII/ptolemy/actor/lib/test/auto/ArrayExtract.xml
----------------- Instantiating /home/travis/build/icyphy/ptII/ptolemy/actor/lib/test/auto/ArrayExtract.xml
4 ms. Memory: 582656K Free: 366147K (63%)
----------------- Invoking toplevel() on ptolemy.moml.MoMLSimpleApplication@22d9a4b1
----------------- Done invoking toplevel() on ptolemy.moml.MoMLSimpleApplication@22d9a4b1
reloadAllAccessors: .ArrayExtract

===========================================================================================
----------------- testing Fri Jun 07 04:28:55 UTC 2019 /home/travis/build/icyphy/ptII/ptolemy/actor/lib/test/auto/ArrayExtract2.xml
----------------- Instantiating /home/travis/build/icyphy/ptII/ptolemy/actor/lib/test/auto/ArrayExtract2.xml
2 ms. Memory: 582656K Free: 359642K (62%)
----------------- Invoking toplevel() on ptolemy.moml.MoMLSimpleApplication@3a814d7d
----------------- Done invoking toplevel() on ptolemy.moml.MoMLSimpleApplication@3a814d7d
reloadAllAccessors: .ArrayExtract2

===========================================================================================
----------------- testing Fri Jun 07 04:28:55 UTC 2019 /home/travis/build/icyphy/ptII/ptolemy/actor/lib/test/auto/ArrayLength.xml
----------------- Instantiating /home/travis/build/icyphy/ptII/ptolemy/actor/lib/test/auto/ArrayLength.xml
1 ms. Memory: 582656K Free: 353136K (61%)
----------------- Invoking toplevel() on ptolemy.moml.MoMLSimpleApplication@4726c75f
----------------- Done invoking toplevel() on ptolemy.moml.MoMLSimpleApplication@4726c75f
reloadAllAccessors: .ArrayLength

===========================================================================================
----------------- testing Fri Jun 07 04:28:55 UTC 2019 /home/travis/build/icyphy/ptII/ptolemy/actor/lib/test/auto/ArrayLevelCrossing.xml
----------------- Instantiating /home/travis/build/icyphy/ptII/ptolemy/actor/lib/test/auto/ArrayLevelCrossing.xml
2 ms. Memory: 582656K Free: 335194K (58%)
----------------- Invoking toplevel() on ptolemy.moml.MoMLSimpleApplication@6c8cd479
----------------- Done invoking toplevel() on ptolemy.moml.MoMLSimpleApplication@6c8cd479
reloadAllAccessors: .ArrayLevelCrossing

===========================================================================================
----------------- testing Fri Jun 07 04:28:55 UTC 2019 /home/travis/build/icyphy/ptII/ptolemy/actor/lib/test/auto/ArrayLevelCrossing2.xml
----------------- Instantiating /home/travis/build/icyphy/ptII/ptolemy/actor/lib/test/auto/ArrayLevelCrossing2.xml
3 ms. Memory: 582656K Free: 325419K (56%)
----------------- Invoking toplevel() on ptolemy.moml.MoMLSimpleApplication@21227139
----------------- Done invoking toplevel() on ptolemy.moml.MoMLSimpleApplication@21227139
reloadAllAccessors: .ArrayLevelCrossing2

===========================================================================================
----------------- testing Fri Jun 07 04:28:55 UTC 2019 /home/travis/build/icyphy/ptII/ptolemy/actor/lib/test/auto/ArrayPeakSearch.xml
----------------- Instantiating /home/travis/build/icyphy/ptII/ptolemy/actor/lib/test/auto/ArrayPeakSearch.xml
4 ms. Memory: 582656K Free: 315645K (54%)
----------------- Invoking toplevel() on ptolemy.moml.MoMLSimpleApplication@62916eb5
----------------- Done invoking toplevel() on ptolemy.moml.MoMLSimpleApplication@62916eb5
reloadAllAccessors: .ArrayPeakSearch

===========================================================================================
----------------- testing Fri Jun 07 04:28:55 UTC 2019 /home/travis/build/icyphy/ptII/ptolemy/actor/lib/test/auto/ArrayPeakSearch2.xml
----------------- Instantiating /home/travis/build/icyphy/ptII/ptolemy/actor/lib/test/auto/ArrayPeakSearch2.xml
4 ms. Memory: 582656K Free: 302633K (52%)
----------------- Invoking toplevel() on ptolemy.moml.MoMLSimpleApplication@5cc5198d
----------------- Done invoking toplevel() on ptolemy.moml.MoMLSimpleApplication@5cc5198d
reloadAllAccessors: .ArrayPeakSearch2

===========================================================================================
----------------- testing Fri Jun 07 04:28:55 UTC 2019 /home/travis/build/icyphy/ptII/ptolemy/actor/lib/test/auto/ArrayPeakSearch3.xml
----------------- Instantiating /home/travis/build/icyphy/ptII/ptolemy/actor/lib/test/auto/ArrayPeakSearch3.xml
3 ms. Memory: 582656K Free: 281446K (48%)
----------------- Invoking toplevel() on ptolemy.moml.MoMLSimpleApplication@1b7ffdbf
----------------- Done invoking toplevel() on ptolemy.moml.MoMLSimpleApplication@1b7ffdbf
reloadAllAccessors: .ArrayPeakSearch3

===========================================================================================
----------------- testing Fri Jun 07 04:28:55 UTC 2019 /home/travis/build/icyphy/ptII/ptolemy/actor/lib/test/auto/ArrayRemoveElement.xml
----------------- Instantiating /home/travis/build/icyphy/ptII/ptolemy/actor/lib/test/auto/ArrayRemoveElement.xml
3 ms. Memory: 582656K Free: 271680K (47%)
----------------- Invoking toplevel() on ptolemy.moml.MoMLSimpleApplication@2b51c91e
----------------- Done invoking toplevel() on ptolemy.moml.MoMLSimpleApplication@2b51c91e
reloadAllAccessors: .ArrayRemoveElement

===========================================================================================
----------------- testing Fri Jun 07 04:28:55 UTC 2019 /home/travis/build/icyphy/ptII/ptolemy/actor/lib/test/auto/ArraySort.xml
----------------- Instantiating /home/travis/build/icyphy/ptII/ptolemy/actor/lib/test/auto/ArraySort.xml
3 ms. Memory: 582656K Free: 258652K (44%)
----------------- Invoking toplevel() on ptolemy.moml.MoMLSimpleApplication@73e3e99d
----------------- Done invoking toplevel() on ptolemy.moml.MoMLSimpleApplication@73e3e99d
reloadAllAccessors: .ArraySort

===========================================================================================
----------------- testing Fri Jun 07 04:28:55 UTC 2019 /home/travis/build/icyphy/ptII/ptolemy/actor/lib/test/auto/ArraySum.xml
----------------- Instantiating /home/travis/build/icyphy/ptII/ptolemy/actor/lib/test/auto/ArraySum.xml
5 ms. Memory: 582656K Free: 252146K (43%)
----------------- Invoking toplevel() on ptolemy.moml.MoMLSimpleApplication@2aae4921
----------------- Done invoking toplevel() on ptolemy.moml.MoMLSimpleApplication@2aae4921
reloadAllAccessors: .ArraySum

===========================================================================================
----------------- testing Fri Jun 07 04:28:55 UTC 2019 /home/travis/build/icyphy/ptII/ptolemy/actor/lib/test/auto/ArrayToElements.xml
----------------- Instantiating /home/travis/build/icyphy/ptII/ptolemy/actor/lib/test/auto/ArrayToElements.xml
3 ms. Memory: 582656K Free: 237473K (41%)
----------------- Invoking toplevel() on ptolemy.moml.MoMLSimpleApplication@715001d
----------------- Done invoking toplevel() on ptolemy.moml.MoMLSimpleApplication@715001d
reloadAllAccessors: .ArrayToElements

===========================================================================================
----------------- testing Fri Jun 07 04:28:55 UTC 2019 /home/travis/build/icyphy/ptII/ptolemy/actor/lib/test/auto/ArrayToMatrix.xml
----------------- Instantiating /home/travis/build/icyphy/ptII/ptolemy/actor/lib/test/auto/ArrayToMatrix.xml
5 ms. Memory: 582656K Free: 221192K (38%)
----------------- Invoking toplevel() on ptolemy.moml.MoMLSimpleApplication@16b15a3e
----------------- Done invoking toplevel() on ptolemy.moml.MoMLSimpleApplication@16b15a3e
reloadAllAccessors: .ArrayToMatrix

===========================================================================================
----------------- testing Fri Jun 07 04:28:55 UTC 2019 /home/travis/build/icyphy/ptII/ptolemy/actor/lib/test/auto/ArrayUpdate1.xml
----------------- Instantiating /home/travis/build/icyphy/ptII/ptolemy/actor/lib/test/auto/ArrayUpdate1.xml
2 ms. Memory: 582656K Free: 214687K (37%)
----------------- Invoking toplevel() on ptolemy.moml.MoMLSimpleApplication@7f5bc99c
----------------- Done invoking toplevel() on ptolemy.moml.MoMLSimpleApplication@7f5bc99c
reloadAllAccessors: .ArrayUpdate1

===========================================================================================
----------------- testing Fri Jun 07 04:28:55 UTC 2019 /home/travis/build/icyphy/ptII/ptolemy/actor/lib/test/auto/ArrayUpdate2.xml
----------------- Instantiating /home/travis/build/icyphy/ptII/ptolemy/actor/lib/test/auto/ArrayUpdate2.xml
3 ms. Memory: 582656K Free: 204912K (35%)
----------------- Invoking toplevel() on ptolemy.moml.MoMLSimpleApplication@4a69d4cd
----------------- Done invoking toplevel() on ptolemy.moml.MoMLSimpleApplication@4a69d4cd
reloadAllAccessors: .ArrayUpdate2

===========================================================================================
----------------- testing Fri Jun 07 04:28:55 UTC 2019 /home/travis/build/icyphy/ptII/ptolemy/actor/lib/test/auto/ArrayUpdate3.xml
----------------- Instantiating /home/travis/build/icyphy/ptII/ptolemy/actor/lib/test/auto/ArrayUpdate3.xml
9 ms. Memory: 582656K Free: 190239K (33%)
----------------- Invoking toplevel() on ptolemy.moml.MoMLSimpleApplication@63537729
----------------- Done invoking toplevel() on ptolemy.moml.MoMLSimpleApplication@63537729
reloadAllAccessors: .ArrayUpdate3

===========================================================================================
----------------- testing Fri Jun 07 04:28:55 UTC 2019 /home/travis/build/icyphy/ptII/ptolemy/actor/lib/test/auto/Assert1.xml
----------------- Instantiating /home/travis/build/icyphy/ptII/ptolemy/actor/lib/test/auto/Assert1.xml
3 ms. Memory: 582656K Free: 183733K (32%)
----------------- Invoking toplevel() on ptolemy.moml.MoMLSimpleApplication@167b1c36
----------------- Done invoking toplevel() on ptolemy.moml.MoMLSimpleApplication@167b1c36
reloadAllAccessors: .Assert1

===========================================================================================
----------------- testing Fri Jun 07 04:28:55 UTC 2019 /home/travis/build/icyphy/ptII/ptolemy/actor/lib/test/auto/Assert2.xml
----------------- Instantiating /home/travis/build/icyphy/ptII/ptolemy/actor/lib/test/auto/Assert2.xml
6 ms. Memory: 582656K Free: 177228K (30%)
----------------- Invoking toplevel() on ptolemy.moml.MoMLSimpleApplication@6e2fbaec
----------------- Done invoking toplevel() on ptolemy.moml.MoMLSimpleApplication@6e2fbaec
reloadAllAccessors: .Assert2

===========================================================================================
----------------- testing Fri Jun 07 04:28:55 UTC 2019 /home/travis/build/icyphy/ptII/ptolemy/actor/lib/test/auto/BooleanMultiplexor.xml
----------------- Instantiating /home/travis/build/icyphy/ptII/ptolemy/actor/lib/test/auto/BooleanMultiplexor.xml
2 ms. Memory: 582656K Free: 162555K (28%)
----------------- Invoking toplevel() on ptolemy.moml.MoMLSimpleApplication@251b0f6a
----------------- Done invoking toplevel() on ptolemy.moml.MoMLSimpleApplication@251b0f6a
reloadAllAccessors: .BooleanMultiplexor

===========================================================================================
----------------- testing Fri Jun 07 04:28:55 UTC 2019 /home/travis/build/icyphy/ptII/ptolemy/actor/lib/test/auto/BooleanMultiplexor2.xml
----------------- Instantiating /home/travis/build/icyphy/ptII/ptolemy/actor/lib/test/auto/BooleanMultiplexor2.xml
9 ms. Memory: 582656K Free: 152780K (26%)
----------------- Invoking toplevel() on ptolemy.moml.MoMLSimpleApplication@4eb2c171
----------------- Done invoking toplevel() on ptolemy.moml.MoMLSimpleApplication@4eb2c171
reloadAllAccessors: .BooleanMultiplexor2

===========================================================================================
----------------- testing Fri Jun 07 04:28:55 UTC 2019 /home/travis/build/icyphy/ptII/ptolemy/actor/lib/test/auto/BooleanMultiplexor3.xml
----------------- Instantiating /home/travis/build/icyphy/ptII/ptolemy/actor/lib/test/auto/BooleanMultiplexor3.xml
1 ms. Memory: 582656K Free: 146274K (25%)
----------------- Invoking toplevel() on ptolemy.moml.MoMLSimpleApplication@5f7c9020
----------------- Done invoking toplevel() on ptolemy.moml.MoMLSimpleApplication@5f7c9020
reloadAllAccessors: .BooleanMultiplexor3

===========================================================================================
----------------- testing Fri Jun 07 04:28:55 UTC 2019 /home/travis/build/icyphy/ptII/ptolemy/actor/lib/test/auto/BooleanSelect.xml
----------------- Instantiating /home/travis/build/icyphy/ptII/ptolemy/actor/lib/test/auto/BooleanSelect.xml
7 ms. Memory: 582656K Free: 136500K (23%)
----------------- Invoking toplevel() on ptolemy.moml.MoMLSimpleApplication@6d1c6f31
----------------- Done invoking toplevel() on ptolemy.moml.MoMLSimpleApplication@6d1c6f31
reloadAllAccessors: .BooleanSelect

===========================================================================================
----------------- testing Fri Jun 07 04:28:55 UTC 2019 /home/travis/build/icyphy/ptII/ptolemy/actor/lib/test/auto/BooleanSelect2.xml
----------------- Instantiating /home/travis/build/icyphy/ptII/ptolemy/actor/lib/test/auto/BooleanSelect2.xml
2 ms. Memory: 582656K Free: 121827K (21%)
----------------- Invoking toplevel() on ptolemy.moml.MoMLSimpleApplication@de43bd9
----------------- Done invoking toplevel() on ptolemy.moml.MoMLSimpleApplication@de43bd9
reloadAllAccessors: .BooleanSelect2

===========================================================================================
----------------- testing Fri Jun 07 04:28:55 UTC 2019 /home/travis/build/icyphy/ptII/ptolemy/actor/lib/test/auto/BooleanSwitch.xml
----------------- Instantiating /home/travis/build/icyphy/ptII/ptolemy/actor/lib/test/auto/BooleanSwitch.xml
4 ms. Memory: 582656K Free: 112052K (19%)
----------------- Invoking toplevel() on ptolemy.moml.MoMLSimpleApplication@55e82e2d
----------------- Done invoking toplevel() on ptolemy.moml.MoMLSimpleApplication@55e82e2d
reloadAllAccessors: .BooleanSwitch

===========================================================================================
----------------- testing Fri Jun 07 04:28:55 UTC 2019 /home/travis/build/icyphy/ptII/ptolemy/actor/lib/test/auto/BooleanSwitch2.xml
----------------- Instantiating /home/travis/build/icyphy/ptII/ptolemy/actor/lib/test/auto/BooleanSwitch2.xml
2 ms. Memory: 582656K Free: 105546K (18%)
----------------- Invoking toplevel() on ptolemy.moml.MoMLSimpleApplication@20c1fc9f
----------------- Done invoking toplevel() on ptolemy.moml.MoMLSimpleApplication@20c1fc9f
reloadAllAccessors: .BooleanSwitch2

===========================================================================================
----------------- testing Fri Jun 07 04:28:55 UTC 2019 /home/travis/build/icyphy/ptII/ptolemy/actor/lib/test/auto/BooleanSwitchCloningBugWithClassRelationGroup.xml
----------------- Instantiating /home/travis/build/icyphy/ptII/ptolemy/actor/lib/test/auto/BooleanSwitchCloningBugWithClassRelationGroup.xml
2 ms. Memory: 582656K Free: 95787K (16%)
----------------- Invoking toplevel() on ptolemy.moml.MoMLSimpleApplication@8d060f8
----------------- Done invoking toplevel() on ptolemy.moml.MoMLSimpleApplication@8d060f8
reloadAllAccessors: .BooleanSwitchCloningBugWithClassRelationGroup

===========================================================================================
----------------- testing Fri Jun 07 04:28:55 UTC 2019 /home/travis/build/icyphy/ptII/ptolemy/actor/lib/test/auto/BusActors.xml
----------------- Instantiating /home/travis/build/icyphy/ptII/ptolemy/actor/lib/test/auto/BusActors.xml
3 ms. Memory: 582656K Free: 77846K (13%)
----------------- Invoking toplevel() on ptolemy.moml.MoMLSimpleApplication@691a2
----------------- Done invoking toplevel() on ptolemy.moml.MoMLSimpleApplication@691a2
reloadAllAccessors: .BusActors

===========================================================================================
----------------- testing Fri Jun 07 04:28:55 UTC 2019 /home/travis/build/icyphy/ptII/ptolemy/actor/lib/test/auto/ClassWrapper.xml
----------------- Instantiating /home/travis/build/icyphy/ptII/ptolemy/actor/lib/test/auto/ClassWrapper.xml
2 ms. Memory: 582656K Free: 71340K (12%)
----------------- Invoking toplevel() on ptolemy.moml.MoMLSimpleApplication@539c8f84
----------------- Done invoking toplevel() on ptolemy.moml.MoMLSimpleApplication@539c8f84
reloadAllAccessors: .ClassWrapper

===========================================================================================
----------------- testing Fri Jun 07 04:28:55 UTC 2019 /home/travis/build/icyphy/ptII/ptolemy/actor/lib/test/auto/Clock.xml
----------------- Instantiating /home/travis/build/icyphy/ptII/ptolemy/actor/lib/test/auto/Clock.xml
2 ms. Memory: 582656K Free: 64834K (11%)
----------------- Invoking toplevel() on ptolemy.moml.MoMLSimpleApplication@182e3a6a
----------------- Done invoking toplevel() on ptolemy.moml.MoMLSimpleApplication@182e3a6a
reloadAllAccessors: .Clock

===========================================================================================
----------------- testing Fri Jun 07 04:28:55 UTC 2019 /home/travis/build/icyphy/ptII/ptolemy/actor/lib/test/auto/Clock10.xml
----------------- Instantiating /home/travis/build/icyphy/ptII/ptolemy/actor/lib/test/auto/Clock10.xml
3 ms. Memory: 881152K Free: 831807K (94%)
----------------- Invoking toplevel() on ptolemy.moml.MoMLSimpleApplication@6c3df9df
----------------- Done invoking toplevel() on ptolemy.moml.MoMLSimpleApplication@6c3df9df
reloadAllAccessors: .Clock10

===========================================================================================
----------------- testing Fri Jun 07 04:28:55 UTC 2019 /home/travis/build/icyphy/ptII/ptolemy/actor/lib/test/auto/Clock11.xml
----------------- Instantiating /home/travis/build/icyphy/ptII/ptolemy/actor/lib/test/auto/Clock11.xml
2 ms. Memory: 881152K Free: 811730K (92%)
----------------- Invoking toplevel() on ptolemy.moml.MoMLSimpleApplication@3559ae4a
----------------- Done invoking toplevel() on ptolemy.moml.MoMLSimpleApplication@3559ae4a
reloadAllAccessors: .Clock11

===========================================================================================
----------------- testing Fri Jun 07 04:28:55 UTC 2019 /home/travis/build/icyphy/ptII/ptolemy/actor/lib/test/auto/Clock12.xml
----------------- Instantiating /home/travis/build/icyphy/ptII/ptolemy/actor/lib/test/auto/Clock12.xml
2 ms. Memory: 881152K Free: 801319K (91%)
----------------- Invoking toplevel() on ptolemy.moml.MoMLSimpleApplication@1b6af1e
----------------- Done invoking toplevel() on ptolemy.moml.MoMLSimpleApplication@1b6af1e
reloadAllAccessors: .Clock12

===========================================================================================
----------------- testing Fri Jun 07 04:28:55 UTC 2019 /home/travis/build/icyphy/ptII/ptolemy/actor/lib/test/auto/Clock13.xml
----------------- Instantiating /home/travis/build/icyphy/ptII/ptolemy/actor/lib/test/auto/Clock13.xml
2 ms. Memory: 881152K Free: 790908K (90%)
----------------- Invoking toplevel() on ptolemy.moml.MoMLSimpleApplication@7f47282a
----------------- Done invoking toplevel() on ptolemy.moml.MoMLSimpleApplication@7f47282a
reloadAllAccessors: .Clock13

===========================================================================================
----------------- testing Fri Jun 07 04:28:55 UTC 2019 /home/travis/build/icyphy/ptII/ptolemy/actor/lib/test/auto/Clock14.xml
----------------- Instantiating /home/travis/build/icyphy/ptII/ptolemy/actor/lib/test/auto/Clock14.xml
2 ms. Memory: 881152K Free: 780498K (89%)
----------------- Invoking toplevel() on ptolemy.moml.MoMLSimpleApplication@3ee79168
----------------- Done invoking toplevel() on ptolemy.moml.MoMLSimpleApplication@3ee79168
reloadAllAccessors: .Clock14

===========================================================================================
----------------- testing Fri Jun 07 04:28:55 UTC 2019 /home/travis/build/icyphy/ptII/ptolemy/actor/lib/test/auto/Clock15.xml
----------------- Instantiating /home/travis/build/icyphy/ptII/ptolemy/actor/lib/test/auto/Clock15.xml
6 ms. Memory: 881152K Free: 760583K (86%)
----------------- Invoking toplevel() on ptolemy.moml.MoMLSimpleApplication@18b70911
----------------- Done invoking toplevel() on ptolemy.moml.MoMLSimpleApplication@18b70911
reloadAllAccessors: .Clock15

===========================================================================================
----------------- testing Fri Jun 07 04:28:56 UTC 2019 /home/travis/build/icyphy/ptII/ptolemy/actor/lib/test/auto/Clock16.xml
----------------- Instantiating /home/travis/build/icyphy/ptII/ptolemy/actor/lib/test/auto/Clock16.xml
28 ms. Memory: 881152K Free: 744951K (85%)
----------------- Invoking toplevel() on ptolemy.moml.MoMLSimpleApplication@7aaf1089
----------------- Done invoking toplevel() on ptolemy.moml.MoMLSimpleApplication@7aaf1089
reloadAllAccessors: .Clock16

===========================================================================================
----------------- testing Fri Jun 07 04:28:56 UTC 2019 /home/travis/build/icyphy/ptII/ptolemy/actor/lib/test/auto/Clock17.xml
----------------- Instantiating /home/travis/build/icyphy/ptII/ptolemy/actor/lib/test/auto/Clock17.xml
23 ms. Memory: 881152K Free: 729319K (83%)
----------------- Invoking toplevel() on ptolemy.moml.MoMLSimpleApplication@1ebc2d1a
----------------- Done invoking toplevel() on ptolemy.moml.MoMLSimpleApplication@1ebc2d1a
reloadAllAccessors: .Clock17

===========================================================================================
----------------- testing Fri Jun 07 04:28:56 UTC 2019 /home/travis/build/icyphy/ptII/ptolemy/actor/lib/test/auto/Clock18.xml
----------------- Instantiating /home/travis/build/icyphy/ptII/ptolemy/actor/lib/test/auto/Clock18.xml
24 ms. Memory: 881152K Free: 713687K (81%)
----------------- Invoking toplevel() on ptolemy.moml.MoMLSimpleApplication@1372de41
----------------- Done invoking toplevel() on ptolemy.moml.MoMLSimpleApplication@1372de41
reloadAllAccessors: .Clock18

===========================================================================================
----------------- testing Fri Jun 07 04:28:56 UTC 2019 /home/travis/build/icyphy/ptII/ptolemy/actor/lib/test/auto/Clock19.xml
----------------- Instantiating /home/travis/build/icyphy/ptII/ptolemy/actor/lib/test/auto/Clock19.xml
13 ms. Memory: 881152K Free: 688550K (78%)
----------------- Invoking toplevel() on ptolemy.moml.MoMLSimpleApplication@ebfe6d8
----------------- Done invoking toplevel() on ptolemy.moml.MoMLSimpleApplication@ebfe6d8
reloadAllAccessors: .Clock19

===========================================================================================
----------------- testing Fri Jun 07 04:28:56 UTC 2019 /home/travis/build/icyphy/ptII/ptolemy/actor/lib/test/auto/Clock2.xml
----------------- Instantiating /home/travis/build/icyphy/ptII/ptolemy/actor/lib/test/auto/Clock2.xml
9 ms. Memory: 881152K Free: 678139K (77%)
----------------- Invoking toplevel() on ptolemy.moml.MoMLSimpleApplication@479feec3
----------------- Done invoking toplevel() on ptolemy.moml.MoMLSimpleApplication@479feec3
reloadAllAccessors: .Clock2

===========================================================================================
----------------- testing Fri Jun 07 04:28:56 UTC 2019 /home/travis/build/icyphy/ptII/ptolemy/actor/lib/test/auto/Clock20.xml
----------------- Instantiating /home/travis/build/icyphy/ptII/ptolemy/actor/lib/test/auto/Clock20.xml
12 ms. Memory: 881152K Free: 667729K (76%)
----------------- Invoking toplevel() on ptolemy.moml.MoMLSimpleApplication@297ab96f
----------------- Done invoking toplevel() on ptolemy.moml.MoMLSimpleApplication@297ab96f
reloadAllAccessors: .Clock20

===========================================================================================
----------------- testing Fri Jun 07 04:28:56 UTC 2019 /home/travis/build/icyphy/ptII/ptolemy/actor/lib/test/auto/Clock21.xml
----------------- Instantiating /home/travis/build/icyphy/ptII/ptolemy/actor/lib/test/auto/Clock21.xml
7 ms. Memory: 881152K Free: 657318K (75%)
----------------- Invoking toplevel() on ptolemy.moml.MoMLSimpleApplication@5a0defe3
----------------- Done invoking toplevel() on ptolemy.moml.MoMLSimpleApplication@5a0defe3
reloadAllAccessors: .Clock21

===========================================================================================
----------------- testing Fri Jun 07 04:28:56 UTC 2019 /home/travis/build/icyphy/ptII/ptolemy/actor/lib/test/auto/Clock22.xml
----------------- Instantiating /home/travis/build/icyphy/ptII/ptolemy/actor/lib/test/auto/Clock22.xml
6 ms. Memory: 881152K Free: 637403K (72%)
----------------- Invoking toplevel() on ptolemy.moml.MoMLSimpleApplication@757fd780
----------------- Done invoking toplevel() on ptolemy.moml.MoMLSimpleApplication@757fd780
reloadAllAccessors: .Clock22

===========================================================================================
----------------- testing Fri Jun 07 04:28:56 UTC 2019 /home/travis/build/icyphy/ptII/ptolemy/actor/lib/test/auto/Clock23.xml
----------------- Instantiating /home/travis/build/icyphy/ptII/ptolemy/actor/lib/test/auto/Clock23.xml
10 ms. Memory: 881152K Free: 626992K (71%)
----------------- Invoking toplevel() on ptolemy.moml.MoMLSimpleApplication@99dc50a
----------------- Done invoking toplevel() on ptolemy.moml.MoMLSimpleApplication@99dc50a
reloadAllAccessors: .Clock23

===========================================================================================
----------------- testing Fri Jun 07 04:28:56 UTC 2019 /home/travis/build/icyphy/ptII/ptolemy/actor/lib/test/auto/Clock24.xml
----------------- Instantiating /home/travis/build/icyphy/ptII/ptolemy/actor/lib/test/auto/Clock24.xml
2 ms. Memory: 881152K Free: 616582K (70%)
----------------- Invoking toplevel() on ptolemy.moml.MoMLSimpleApplication@7f1c9732
----------------- Done invoking toplevel() on ptolemy.moml.MoMLSimpleApplication@7f1c9732
reloadAllAccessors: .Clock24

===========================================================================================
----------------- testing Fri Jun 07 04:28:56 UTC 2019 /home/travis/build/icyphy/ptII/ptolemy/actor/lib/test/auto/Clock4.xml
----------------- Instantiating /home/travis/build/icyphy/ptII/ptolemy/actor/lib/test/auto/Clock4.xml
6 ms. Memory: 881152K Free: 606171K (69%)
----------------- Invoking toplevel() on ptolemy.moml.MoMLSimpleApplication@7efe1c5a
----------------- Done invoking toplevel() on ptolemy.moml.MoMLSimpleApplication@7efe1c5a
reloadAllAccessors: .Clock4

===========================================================================================
----------------- testing Fri Jun 07 04:28:56 UTC 2019 /home/travis/build/icyphy/ptII/ptolemy/actor/lib/test/auto/Clock5.xml
----------------- Instantiating /home/travis/build/icyphy/ptII/ptolemy/actor/lib/test/auto/Clock5.xml
1 ms. Memory: 881152K Free: 586256K (67%)
----------------- Invoking toplevel() on ptolemy.moml.MoMLSimpleApplication@1b729769
----------------- Done invoking toplevel() on ptolemy.moml.MoMLSimpleApplication@1b729769
reloadAllAccessors: .Clock5

===========================================================================================
----------------- testing Fri Jun 07 04:28:56 UTC 2019 /home/travis/build/icyphy/ptII/ptolemy/actor/lib/test/auto/Clock6.xml
----------------- Instantiating /home/travis/build/icyphy/ptII/ptolemy/actor/lib/test/auto/Clock6.xml
2 ms. Memory: 881152K Free: 575845K (65%)
----------------- Invoking toplevel() on ptolemy.moml.MoMLSimpleApplication@3e955632
----------------- Done invoking toplevel() on ptolemy.moml.MoMLSimpleApplication@3e955632
reloadAllAccessors: .Clock6

===========================================================================================
----------------- testing Fri Jun 07 04:28:56 UTC 2019 /home/travis/build/icyphy/ptII/ptolemy/actor/lib/test/auto/Clock7.xml
----------------- Instantiating /home/travis/build/icyphy/ptII/ptolemy/actor/lib/test/auto/Clock7.xml
2 ms. Memory: 881152K Free: 565435K (64%)
----------------- Invoking toplevel() on ptolemy.moml.MoMLSimpleApplication@2b5c0bc3
----------------- Done invoking toplevel() on ptolemy.moml.MoMLSimpleApplication@2b5c0bc3
reloadAllAccessors: .Clock7

===========================================================================================
----------------- testing Fri Jun 07 04:28:56 UTC 2019 /home/travis/build/icyphy/ptII/ptolemy/actor/lib/test/auto/Clock8.xml
----------------- Instantiating /home/travis/build/icyphy/ptII/ptolemy/actor/lib/test/auto/Clock8.xml
6 ms. Memory: 881152K Free: 555024K (63%)
----------------- Invoking toplevel() on ptolemy.moml.MoMLSimpleApplication@555ea365
----------------- Done invoking toplevel() on ptolemy.moml.MoMLSimpleApplication@555ea365
reloadAllAccessors: .Clock8

===========================================================================================
----------------- testing Fri Jun 07 04:28:56 UTC 2019 /home/travis/build/icyphy/ptII/ptolemy/actor/lib/test/auto/Clock9.xml
----------------- Instantiating /home/travis/build/icyphy/ptII/ptolemy/actor/lib/test/auto/Clock9.xml
7 ms. Memory: 881152K Free: 544613K (62%)
----------------- Invoking toplevel() on ptolemy.moml.MoMLSimpleApplication@143094ea
----------------- Done invoking toplevel() on ptolemy.moml.MoMLSimpleApplication@143094ea
reloadAllAccessors: .Clock9

===========================================================================================
----------------- testing Fri Jun 07 04:28:56 UTC 2019 /home/travis/build/icyphy/ptII/ptolemy/actor/lib/test/auto/CommDistDiscard.xml
----------------- Instantiating /home/travis/build/icyphy/ptII/ptolemy/actor/lib/test/auto/CommDistDiscard.xml
3 ms. Memory: 881152K Free: 524698K (60%)
----------------- Invoking toplevel() on ptolemy.moml.MoMLSimpleApplication@7acacdde
----------------- Done invoking toplevel() on ptolemy.moml.MoMLSimpleApplication@7acacdde
reloadAllAccessors: .CommDistDiscard

===========================================================================================
----------------- testing Fri Jun 07 04:28:56 UTC 2019 /home/travis/build/icyphy/ptII/ptolemy/actor/lib/test/auto/Commutator.xml
----------------- Instantiating /home/travis/build/icyphy/ptII/ptolemy/actor/lib/test/auto/Commutator.xml
2 ms. Memory: 881152K Free: 514287K (58%)
----------------- Invoking toplevel() on ptolemy.moml.MoMLSimpleApplication@5e5c4eef
----------------- Done invoking toplevel() on ptolemy.moml.MoMLSimpleApplication@5e5c4eef
reloadAllAccessors: .Commutator

===========================================================================================
----------------- testing Fri Jun 07 04:28:56 UTC 2019 /home/travis/build/icyphy/ptII/ptolemy/actor/lib/test/auto/Commutator2.xml
----------------- Instantiating /home/travis/build/icyphy/ptII/ptolemy/actor/lib/test/auto/Commutator2.xml
2 ms. Memory: 881152K Free: 503877K (57%)
----------------- Invoking toplevel() on ptolemy.moml.MoMLSimpleApplication@435f2587
----------------- Done invoking toplevel() on ptolemy.moml.MoMLSimpleApplication@435f2587
reloadAllAccessors: .Commutator2

===========================================================================================
----------------- testing Fri Jun 07 04:28:56 UTC 2019 /home/travis/build/icyphy/ptII/ptolemy/actor/lib/test/auto/Commutator3.xml
----------------- Instantiating /home/travis/build/icyphy/ptII/ptolemy/actor/lib/test/auto/Commutator3.xml
1 ms. Memory: 881152K Free: 493466K (56%)
----------------- Invoking toplevel() on ptolemy.moml.MoMLSimpleApplication@2a49dacf
----------------- Done invoking toplevel() on ptolemy.moml.MoMLSimpleApplication@2a49dacf
reloadAllAccessors: .Commutator3

===========================================================================================
----------------- testing Fri Jun 07 04:28:56 UTC 2019 /home/travis/build/icyphy/ptII/ptolemy/actor/lib/test/auto/Compare.xml
----------------- Instantiating /home/travis/build/icyphy/ptII/ptolemy/actor/lib/test/auto/Compare.xml
2 ms. Memory: 881152K Free: 473551K (54%)
----------------- Invoking toplevel() on ptolemy.moml.MoMLSimpleApplication@227773b0
----------------- Done invoking toplevel() on ptolemy.moml.MoMLSimpleApplication@227773b0
reloadAllAccessors: .Compare

===========================================================================================
----------------- testing Fri Jun 07 04:28:56 UTC 2019 /home/travis/build/icyphy/ptII/ptolemy/actor/lib/test/auto/CompareDE.xml
----------------- Instantiating /home/travis/build/icyphy/ptII/ptolemy/actor/lib/test/auto/CompareDE.xml
3 ms. Memory: 881152K Free: 463140K (53%)
----------------- Invoking toplevel() on ptolemy.moml.MoMLSimpleApplication@2e856c59
----------------- Done invoking toplevel() on ptolemy.moml.MoMLSimpleApplication@2e856c59
reloadAllAccessors: .CompareDE

===========================================================================================
----------------- testing Fri Jun 07 04:28:56 UTC 2019 /home/travis/build/icyphy/ptII/ptolemy/actor/lib/test/auto/ComplexDivide.xml
----------------- Instantiating /home/travis/build/icyphy/ptII/ptolemy/actor/lib/test/auto/ComplexDivide.xml
1 ms. Memory: 881152K Free: 452730K (51%)
----------------- Invoking toplevel() on ptolemy.moml.MoMLSimpleApplication@4fb249ad
----------------- Done invoking toplevel() on ptolemy.moml.MoMLSimpleApplication@4fb249ad
reloadAllAccessors: .ComplexDivide

===========================================================================================
----------------- testing Fri Jun 07 04:28:56 UTC 2019 /home/travis/build/icyphy/ptII/ptolemy/actor/lib/test/auto/ComputeHistogram.xml
----------------- Instantiating /home/travis/build/icyphy/ptII/ptolemy/actor/lib/test/auto/ComputeHistogram.xml
22 ms. Memory: 881152K Free: 437106K (50%)
----------------- Invoking toplevel() on ptolemy.moml.MoMLSimpleApplication@31526a94
----------------- Done invoking toplevel() on ptolemy.moml.MoMLSimpleApplication@31526a94
reloadAllAccessors: .ComputeHistogram

===========================================================================================
----------------- testing Fri Jun 07 04:28:56 UTC 2019 /home/travis/build/icyphy/ptII/ptolemy/actor/lib/test/auto/ConfigurationSelect.xml
----------------- Instantiating /home/travis/build/icyphy/ptII/ptolemy/actor/lib/test/auto/ConfigurationSelect.xml
2 ms. Memory: 881152K Free: 417190K (47%)
----------------- Invoking toplevel() on ptolemy.moml.MoMLSimpleApplication@d7ae4cf
----------------- Done invoking toplevel() on ptolemy.moml.MoMLSimpleApplication@d7ae4cf
reloadAllAccessors: .ConfigurationSelect

===========================================================================================
----------------- testing Fri Jun 07 04:28:56 UTC 2019 /home/travis/build/icyphy/ptII/ptolemy/actor/lib/test/auto/ConfigurationSelect2.xml
----------------- Instantiating /home/travis/build/icyphy/ptII/ptolemy/actor/lib/test/auto/ConfigurationSelect2.xml
2 ms. Memory: 881152K Free: 406780K (46%)
----------------- Invoking toplevel() on ptolemy.moml.MoMLSimpleApplication@6acd2e12
----------------- Done invoking toplevel() on ptolemy.moml.MoMLSimpleApplication@6acd2e12
reloadAllAccessors: .ConfigurationSelect2

===========================================================================================
----------------- testing Fri Jun 07 04:28:56 UTC 2019 /home/travis/build/icyphy/ptII/ptolemy/actor/lib/test/auto/ConfigurationSwitch.xml
----------------- Instantiating /home/travis/build/icyphy/ptII/ptolemy/actor/lib/test/auto/ConfigurationSwitch.xml
2 ms. Memory: 881152K Free: 396369K (45%)
----------------- Invoking toplevel() on ptolemy.moml.MoMLSimpleApplication@668c7718
----------------- Done invoking toplevel() on ptolemy.moml.MoMLSimpleApplication@668c7718
reloadAllAccessors: .ConfigurationSwitch

===========================================================================================
----------------- testing Fri Jun 07 04:28:56 UTC 2019 /home/travis/build/icyphy/ptII/ptolemy/actor/lib/test/auto/ConfigurationSwitch2.xml
----------------- Instantiating /home/travis/build/icyphy/ptII/ptolemy/actor/lib/test/auto/ConfigurationSwitch2.xml
4 ms. Memory: 881152K Free: 385958K (44%)
----------------- Invoking toplevel() on ptolemy.moml.MoMLSimpleApplication@2862e984
----------------- Done invoking toplevel() on ptolemy.moml.MoMLSimpleApplication@2862e984
reloadAllAccessors: .ConfigurationSwitch2

===========================================================================================
----------------- testing Fri Jun 07 04:28:56 UTC 2019 /home/travis/build/icyphy/ptII/ptolemy/actor/lib/test/auto/ConfigurationSwitchCloningBugWithClassRelationGroup.xml
----------------- Instantiating /home/travis/build/icyphy/ptII/ptolemy/actor/lib/test/auto/ConfigurationSwitchCloningBugWithClassRelationGroup.xml
1 ms. Memory: 881152K Free: 366043K (42%)
----------------- Invoking toplevel() on ptolemy.moml.MoMLSimpleApplication@37ec13ee
----------------- Done invoking toplevel() on ptolemy.moml.MoMLSimpleApplication@37ec13ee
reloadAllAccessors: .ConfigurationSwitchCloningBugWithClassRelationGroup

===========================================================================================
----------------- testing Fri Jun 07 04:28:56 UTC 2019 /home/travis/build/icyphy/ptII/ptolemy/actor/lib/test/auto/ConfigurationSwitchSelectSDF.xml
----------------- Instantiating /home/travis/build/icyphy/ptII/ptolemy/actor/lib/test/auto/ConfigurationSwitchSelectSDF.xml
2 ms. Memory: 881152K Free: 355633K (40%)
----------------- Invoking toplevel() on ptolemy.moml.MoMLSimpleApplication@61bb10bd
----------------- Done invoking toplevel() on ptolemy.moml.MoMLSimpleApplication@61bb10bd
reloadAllAccessors: .ConfigurationSwitchSelectSDF

===========================================================================================
----------------- testing Fri Jun 07 04:28:56 UTC 2019 /home/travis/build/icyphy/ptII/ptolemy/actor/lib/test/auto/ConfigurationSwitchSelectSDF2.xml
----------------- Instantiating /home/travis/build/icyphy/ptII/ptolemy/actor/lib/test/auto/ConfigurationSwitchSelectSDF2.xml
2 ms. Memory: 881152K Free: 345222K (39%)
----------------- Invoking toplevel() on ptolemy.moml.MoMLSimpleApplication@751ff25
----------------- Done invoking toplevel() on ptolemy.moml.MoMLSimpleApplication@751ff25
reloadAllAccessors: .ConfigurationSwitchSelectSDF2

===========================================================================================
----------------- testing Fri Jun 07 04:28:56 UTC 2019 /home/travis/build/icyphy/ptII/ptolemy/actor/lib/test/auto/Const.xml
----------------- Instantiating /home/travis/build/icyphy/ptII/ptolemy/actor/lib/test/auto/Const.xml
1 ms. Memory: 881152K Free: 334811K (38%)
----------------- Invoking toplevel() on ptolemy.moml.MoMLSimpleApplication@30377529
----------------- Done invoking toplevel() on ptolemy.moml.MoMLSimpleApplication@30377529
reloadAllAccessors: .Const

===========================================================================================
----------------- testing Fri Jun 07 04:28:56 UTC 2019 /home/travis/build/icyphy/ptII/ptolemy/actor/lib/test/auto/Const2.xml
----------------- Instantiating /home/travis/build/icyphy/ptII/ptolemy/actor/lib/test/auto/Const2.xml
1 ms. Memory: 881152K Free: 314896K (36%)
----------------- Invoking toplevel() on ptolemy.moml.MoMLSimpleApplication@115a9c5a
----------------- Done invoking toplevel() on ptolemy.moml.MoMLSimpleApplication@115a9c5a
reloadAllAccessors: .Const2

===========================================================================================
----------------- testing Fri Jun 07 04:28:56 UTC 2019 /home/travis/build/icyphy/ptII/ptolemy/actor/lib/test/auto/Const3.xml
----------------- Instantiating /home/travis/build/icyphy/ptII/ptolemy/actor/lib/test/auto/Const3.xml
1 ms. Memory: 881152K Free: 304486K (35%)
----------------- Invoking toplevel() on ptolemy.moml.MoMLSimpleApplication@3bba2d3b
----------------- Done invoking toplevel() on ptolemy.moml.MoMLSimpleApplication@3bba2d3b
reloadAllAccessors: .Const3

===========================================================================================
----------------- testing Fri Jun 07 04:28:56 UTC 2019 /home/travis/build/icyphy/ptII/ptolemy/actor/lib/test/auto/ConstantPublisherPort1.xml
----------------- Instantiating /home/travis/build/icyphy/ptII/ptolemy/actor/lib/test/auto/ConstantPublisherPort1.xml
7 ms. Memory: 881152K Free: 288854K (33%)
----------------- Invoking toplevel() on ptolemy.moml.MoMLSimpleApplication@209c9717
----------------- Done invoking toplevel() on ptolemy.moml.MoMLSimpleApplication@209c9717
reloadAllAccessors: .ConstantPublisherPort1

===========================================================================================
----------------- testing Fri Jun 07 04:28:56 UTC 2019 /home/travis/build/icyphy/ptII/ptolemy/actor/lib/test/auto/ConstantPublisherPort2.xml
----------------- Instantiating /home/travis/build/icyphy/ptII/ptolemy/actor/lib/test/auto/ConstantPublisherPort2.xml
8 ms. Memory: 881152K Free: 278443K (32%)
----------------- Invoking toplevel() on ptolemy.moml.MoMLSimpleApplication@35abb9b7
----------------- Done invoking toplevel() on ptolemy.moml.MoMLSimpleApplication@35abb9b7
reloadAllAccessors: .ConstantPublisherPort2

===========================================================================================
----------------- testing Fri Jun 07 04:28:56 UTC 2019 /home/travis/build/icyphy/ptII/ptolemy/actor/lib/test/auto/ConstantPublisherPort3.xml
----------------- Instantiating /home/travis/build/icyphy/ptII/ptolemy/actor/lib/test/auto/ConstantPublisherPort3.xml
5 ms. Memory: 881152K Free: 268032K (30%)
----------------- Invoking toplevel() on ptolemy.moml.MoMLSimpleApplication@298cd73a
----------------- Done invoking toplevel() on ptolemy.moml.MoMLSimpleApplication@298cd73a
reloadAllAccessors: .ConstantPublisherPort3

===========================================================================================
----------------- testing Fri Jun 07 04:28:57 UTC 2019 /home/travis/build/icyphy/ptII/ptolemy/actor/lib/test/auto/ConstantPublisherPort4.xml
----------------- Instantiating /home/travis/build/icyphy/ptII/ptolemy/actor/lib/test/auto/ConstantPublisherPort4.xml
2 ms. Memory: 881152K Free: 248117K (28%)
----------------- Invoking toplevel() on ptolemy.moml.MoMLSimpleApplication@5a9375fb
----------------- Done invoking toplevel() on ptolemy.moml.MoMLSimpleApplication@5a9375fb
reloadAllAccessors: .ConstantPublisherPort4

===========================================================================================
----------------- testing Fri Jun 07 04:28:57 UTC 2019 /home/travis/build/icyphy/ptII/ptolemy/actor/lib/test/auto/ConstantPublisherPort5.xml
----------------- Instantiating /home/travis/build/icyphy/ptII/ptolemy/actor/lib/test/auto/ConstantPublisherPort5.xml
30 ms. Memory: 881152K Free: 222074K (25%)
----------------- Invoking toplevel() on ptolemy.moml.MoMLSimpleApplication@5c5fe11e
----------------- Done invoking toplevel() on ptolemy.moml.MoMLSimpleApplication@5c5fe11e
reloadAllAccessors: .ConstantPublisherPort5

===========================================================================================
----------------- testing Fri Jun 07 04:28:57 UTC 2019 /home/travis/build/icyphy/ptII/ptolemy/actor/lib/test/auto/ConstantPublisherPort6.xml
----------------- Instantiating /home/travis/build/icyphy/ptII/ptolemy/actor/lib/test/auto/ConstantPublisherPort6.xml
14 ms. Memory: 881152K Free: 196047K (22%)
----------------- Invoking toplevel() on ptolemy.moml.MoMLSimpleApplication@5db33968
----------------- Done invoking toplevel() on ptolemy.moml.MoMLSimpleApplication@5db33968
reloadAllAccessors: .ConstantPublisherPort6

===========================================================================================
----------------- testing Fri Jun 07 04:28:57 UTC 2019 /home/travis/build/icyphy/ptII/ptolemy/actor/lib/test/auto/ConstantPublisherPort7.xml
----------------- Instantiating /home/travis/build/icyphy/ptII/ptolemy/actor/lib/test/auto/ConstantPublisherPort7.xml
17 ms. Memory: 881152K Free: 170020K (19%)
----------------- Invoking toplevel() on ptolemy.moml.MoMLSimpleApplication@1dd67494
----------------- Done invoking toplevel() on ptolemy.moml.MoMLSimpleApplication@1dd67494
reloadAllAccessors: .ConstantPublisherPort7

===========================================================================================
----------------- testing Fri Jun 07 04:28:57 UTC 2019 /home/travis/build/icyphy/ptII/ptolemy/actor/lib/test/auto/ConstraintMonitor1.xml
----------------- Instantiating /home/travis/build/icyphy/ptII/ptolemy/actor/lib/test/auto/ConstraintMonitor1.xml
7 ms. Memory: 881152K Free: 150106K (17%)
----------------- Invoking toplevel() on ptolemy.moml.MoMLSimpleApplication@75ba3008
----------------- Done invoking toplevel() on ptolemy.moml.MoMLSimpleApplication@75ba3008
reloadAllAccessors: .ConstraintMonitor1

===========================================================================================
----------------- testing Fri Jun 07 04:28:57 UTC 2019 /home/travis/build/icyphy/ptII/ptolemy/actor/lib/test/auto/ConstraintMonitor2.xml
----------------- Instantiating /home/travis/build/icyphy/ptII/ptolemy/actor/lib/test/auto/ConstraintMonitor2.xml
7 ms. Memory: 881152K Free: 139695K (16%)
----------------- Invoking toplevel() on ptolemy.moml.MoMLSimpleApplication@4ff3e2ba
----------------- Done invoking toplevel() on ptolemy.moml.MoMLSimpleApplication@4ff3e2ba
reloadAllAccessors: .ConstraintMonitor2

===========================================================================================
----------------- testing Fri Jun 07 04:28:57 UTC 2019 /home/travis/build/icyphy/ptII/ptolemy/actor/lib/test/auto/ConstraintMonitor3.xml
----------------- Instantiating /home/travis/build/icyphy/ptII/ptolemy/actor/lib/test/auto/ConstraintMonitor3.xml
7 ms. Memory: 881152K Free: 129284K (15%)
----------------- Invoking toplevel() on ptolemy.moml.MoMLSimpleApplication@7e673cf8
----------------- Done invoking toplevel() on ptolemy.moml.MoMLSimpleApplication@7e673cf8
reloadAllAccessors: .ConstraintMonitor3

===========================================================================================
----------------- testing Fri Jun 07 04:28:57 UTC 2019 /home/travis/build/icyphy/ptII/ptolemy/actor/lib/test/auto/ConstraintMonitor4.xml
----------------- Instantiating /home/travis/build/icyphy/ptII/ptolemy/actor/lib/test/auto/ConstraintMonitor4.xml
6 ms. Memory: 881152K Free: 118873K (13%)
----------------- Invoking toplevel() on ptolemy.moml.MoMLSimpleApplication@6576b05f
----------------- Done invoking toplevel() on ptolemy.moml.MoMLSimpleApplication@6576b05f
reloadAllAccessors: .ConstraintMonitor4

===========================================================================================
----------------- testing Fri Jun 07 04:28:57 UTC 2019 /home/travis/build/icyphy/ptII/ptolemy/actor/lib/test/auto/ConstraintMonitor5.xml
----------------- Instantiating /home/travis/build/icyphy/ptII/ptolemy/actor/lib/test/auto/ConstraintMonitor5.xml
6 ms. Memory: 881152K Free: 98958K (11%)
----------------- Invoking toplevel() on ptolemy.moml.MoMLSimpleApplication@114c2e5f
----------------- Done invoking toplevel() on ptolemy.moml.MoMLSimpleApplication@114c2e5f
reloadAllAccessors: .ConstraintMonitor5

===========================================================================================
----------------- testing Fri Jun 07 04:28:57 UTC 2019 /home/travis/build/icyphy/ptII/ptolemy/actor/lib/test/auto/ConstraintMonitor6.xml
----------------- Instantiating /home/travis/build/icyphy/ptII/ptolemy/actor/lib/test/auto/ConstraintMonitor6.xml
2 ms. Memory: 881152K Free: 88548K (10%)
----------------- Invoking toplevel() on ptolemy.moml.MoMLSimpleApplication@2e540958
----------------- Done invoking toplevel() on ptolemy.moml.MoMLSimpleApplication@2e540958
reloadAllAccessors: .ConstraintMonitor6

===========================================================================================
----------------- testing Fri Jun 07 04:28:57 UTC 2019 /home/travis/build/icyphy/ptII/ptolemy/actor/lib/test/auto/ConstraintMonitor7.xml
----------------- Instantiating /home/travis/build/icyphy/ptII/ptolemy/actor/lib/test/auto/ConstraintMonitor7.xml
6 ms. Memory: 881152K Free: 78137K (9%)
----------------- Invoking toplevel() on ptolemy.moml.MoMLSimpleApplication@4a219d23
----------------- Done invoking toplevel() on ptolemy.moml.MoMLSimpleApplication@4a219d23
reloadAllAccessors: .ConstraintMonitor7

===========================================================================================
----------------- testing Fri Jun 07 04:28:57 UTC 2019 /home/travis/build/icyphy/ptII/ptolemy/actor/lib/test/auto/ConstraintMonitor8.xml
----------------- Instantiating /home/travis/build/icyphy/ptII/ptolemy/actor/lib/test/auto/ConstraintMonitor8.xml
8 ms. Memory: 881152K Free: 67726K (8%)
----------------- Invoking toplevel() on ptolemy.moml.MoMLSimpleApplication@4c007a80
----------------- Done invoking toplevel() on ptolemy.moml.MoMLSimpleApplication@4c007a80
reloadAllAccessors: .ConstraintMonitor8

===========================================================================================
----------------- testing Fri Jun 07 04:28:57 UTC 2019 /home/travis/build/icyphy/ptII/ptolemy/actor/lib/test/auto/Counter.xml
----------------- Instantiating /home/travis/build/icyphy/ptII/ptolemy/actor/lib/test/auto/Counter.xml
3 ms. Memory: 882176K Free: 822139K (93%)
----------------- Invoking toplevel() on ptolemy.moml.MoMLSimpleApplication@3dccb22e
----------------- Done invoking toplevel() on ptolemy.moml.MoMLSimpleApplication@3dccb22e
reloadAllAccessors: .Counter

===========================================================================================
----------------- testing Fri Jun 07 04:28:57 UTC 2019 /home/travis/build/icyphy/ptII/ptolemy/actor/lib/test/auto/CurrentTimeSDF.xml
----------------- Instantiating /home/travis/build/icyphy/ptII/ptolemy/actor/lib/test/auto/CurrentTimeSDF.xml
1 ms. Memory: 882176K Free: 804681K (91%)
----------------- Invoking toplevel() on ptolemy.moml.MoMLSimpleApplication@63ec55cd
----------------- Done invoking toplevel() on ptolemy.moml.MoMLSimpleApplication@63ec55cd
reloadAllAccessors: .CurrentTimeSDF

===========================================================================================
----------------- testing Fri Jun 07 04:28:57 UTC 2019 /home/travis/build/icyphy/ptII/ptolemy/actor/lib/test/auto/DB.xml
----------------- Instantiating /home/travis/build/icyphy/ptII/ptolemy/actor/lib/test/auto/DB.xml
4 ms. Memory: 882176K Free: 794270K (90%)
----------------- Invoking toplevel() on ptolemy.moml.MoMLSimpleApplication@28fb7f5
----------------- Done invoking toplevel() on ptolemy.moml.MoMLSimpleApplication@28fb7f5
reloadAllAccessors: .DB

===========================================================================================
----------------- testing Fri Jun 07 04:28:57 UTC 2019 /home/travis/build/icyphy/ptII/ptolemy/actor/lib/test/auto/DBDE.xml
----------------- Instantiating /home/travis/build/icyphy/ptII/ptolemy/actor/lib/test/auto/DBDE.xml
2 ms. Memory: 882176K Free: 783860K (89%)
----------------- Invoking toplevel() on ptolemy.moml.MoMLSimpleApplication@8c30474
----------------- Done invoking toplevel() on ptolemy.moml.MoMLSimpleApplication@8c30474
reloadAllAccessors: .DBDE

===========================================================================================
----------------- testing Fri Jun 07 04:28:57 UTC 2019 /home/travis/build/icyphy/ptII/ptolemy/actor/lib/test/auto/DateConstructor.xml
----------------- Instantiating /home/travis/build/icyphy/ptII/ptolemy/actor/lib/test/auto/DateConstructor.xml
15 ms. Memory: 882176K Free: 755975K (86%)
----------------- Invoking toplevel() on ptolemy.moml.MoMLSimpleApplication@34538521
----------------- Done invoking toplevel() on ptolemy.moml.MoMLSimpleApplication@34538521
reloadAllAccessors: .DateConstructor

===========================================================================================
----------------- testing Fri Jun 07 04:28:57 UTC 2019 /home/travis/build/icyphy/ptII/ptolemy/actor/lib/test/auto/DelayTime.xml
----------------- Instantiating /home/travis/build/icyphy/ptII/ptolemy/actor/lib/test/auto/DelayTime.xml
3 ms. Memory: 882176K Free: 745564K (85%)
----------------- Invoking toplevel() on ptolemy.moml.MoMLSimpleApplication@6a88e48a
----------------- Done invoking toplevel() on ptolemy.moml.MoMLSimpleApplication@6a88e48a
reloadAllAccessors: .DelayTime

===========================================================================================
----------------- testing Fri Jun 07 04:28:57 UTC 2019 /home/travis/build/icyphy/ptII/ptolemy/actor/lib/test/auto/Dictionary1.xml
----------------- Instantiating /home/travis/build/icyphy/ptII/ptolemy/actor/lib/test/auto/Dictionary1.xml
1 ms. Memory: 882176K Free: 735154K (83%)
----------------- Invoking toplevel() on ptolemy.moml.MoMLSimpleApplication@1275bc32
----------------- Done invoking toplevel() on ptolemy.moml.MoMLSimpleApplication@1275bc32
reloadAllAccessors: .Dictionary1

===========================================================================================
----------------- testing Fri Jun 07 04:28:57 UTC 2019 /home/travis/build/icyphy/ptII/ptolemy/actor/lib/test/auto/Dictionary2.xml
----------------- Instantiating /home/travis/build/icyphy/ptII/ptolemy/actor/lib/test/auto/Dictionary2.xml
2 ms. Memory: 882176K Free: 717695K (81%)
----------------- Invoking toplevel() on ptolemy.moml.MoMLSimpleApplication@4c757c40
----------------- Done invoking toplevel() on ptolemy.moml.MoMLSimpleApplication@4c757c40
reloadAllAccessors: .Dictionary2

===========================================================================================
----------------- testing Fri Jun 07 04:28:57 UTC 2019 /home/travis/build/icyphy/ptII/ptolemy/actor/lib/test/auto/Dictionary3.xml
----------------- Instantiating /home/travis/build/icyphy/ptII/ptolemy/actor/lib/test/auto/Dictionary3.xml
2 ms. Memory: 882176K Free: 707284K (80%)
----------------- Invoking toplevel() on ptolemy.moml.MoMLSimpleApplication@a536030
----------------- Done invoking toplevel() on ptolemy.moml.MoMLSimpleApplication@a536030
reloadAllAccessors: .Dictionary3

===========================================================================================
----------------- testing Fri Jun 07 04:28:57 UTC 2019 /home/travis/build/icyphy/ptII/ptolemy/actor/lib/test/auto/Dictionary4.xml
----------------- Instantiating /home/travis/build/icyphy/ptII/ptolemy/actor/lib/test/auto/Dictionary4.xml
3 ms. Memory: 882176K Free: 696874K (79%)
----------------- Invoking toplevel() on ptolemy.moml.MoMLSimpleApplication@7000ae26
----------------- Done invoking toplevel() on ptolemy.moml.MoMLSimpleApplication@7000ae26
reloadAllAccessors: .Dictionary4

===========================================================================================
----------------- testing Fri Jun 07 04:28:57 UTC 2019 /home/travis/build/icyphy/ptII/ptolemy/actor/lib/test/auto/Differential.xml
----------------- Instantiating /home/travis/build/icyphy/ptII/ptolemy/actor/lib/test/auto/Differential.xml
1 ms. Memory: 882176K Free: 679415K (77%)
----------------- Invoking toplevel() on ptolemy.moml.MoMLSimpleApplication@7b5a61d1
----------------- Done invoking toplevel() on ptolemy.moml.MoMLSimpleApplication@7b5a61d1
reloadAllAccessors: .Differential

===========================================================================================
----------------- testing Fri Jun 07 04:28:57 UTC 2019 /home/travis/build/icyphy/ptII/ptolemy/actor/lib/test/auto/Director.xml
----------------- Instantiating /home/travis/build/icyphy/ptII/ptolemy/actor/lib/test/auto/Director.xml
1 ms. Memory: 882176K Free: 669005K (76%)
----------------- Invoking toplevel() on ptolemy.moml.MoMLSimpleApplication@24af6d53
----------------- Done invoking toplevel() on ptolemy.moml.MoMLSimpleApplication@24af6d53
reloadAllAccessors: .Director

===========================================================================================
----------------- testing Fri Jun 07 04:28:57 UTC 2019 /home/travis/build/icyphy/ptII/ptolemy/actor/lib/test/auto/DiscreteClock.xml
----------------- Instantiating /home/travis/build/icyphy/ptII/ptolemy/actor/lib/test/auto/DiscreteClock.xml
1 ms. Memory: 882176K Free: 658594K (75%)
----------------- Invoking toplevel() on ptolemy.moml.MoMLSimpleApplication@19f7aa35
----------------- Done invoking toplevel() on ptolemy.moml.MoMLSimpleApplication@19f7aa35
reloadAllAccessors: .DiscreteClock

===========================================================================================
----------------- testing Fri Jun 07 04:28:57 UTC 2019 /home/travis/build/icyphy/ptII/ptolemy/actor/lib/test/auto/DiscreteClock10.xml
----------------- Instantiating /home/travis/build/icyphy/ptII/ptolemy/actor/lib/test/auto/DiscreteClock10.xml
2 ms. Memory: 882176K Free: 641135K (73%)
----------------- Invoking toplevel() on ptolemy.moml.MoMLSimpleApplication@31c9b121
----------------- Done invoking toplevel() on ptolemy.moml.MoMLSimpleApplication@31c9b121
reloadAllAccessors: .DiscreteClock10

===========================================================================================
----------------- testing Fri Jun 07 04:28:57 UTC 2019 /home/travis/build/icyphy/ptII/ptolemy/actor/lib/test/auto/DiscreteClock11.xml
----------------- Instantiating /home/travis/build/icyphy/ptII/ptolemy/actor/lib/test/auto/DiscreteClock11.xml
2 ms. Memory: 882176K Free: 630725K (71%)
----------------- Invoking toplevel() on ptolemy.moml.MoMLSimpleApplication@370105f9
----------------- Done invoking toplevel() on ptolemy.moml.MoMLSimpleApplication@370105f9
reloadAllAccessors: .DiscreteClock11

===========================================================================================
----------------- testing Fri Jun 07 04:28:57 UTC 2019 /home/travis/build/icyphy/ptII/ptolemy/actor/lib/test/auto/DiscreteClock12.xml
----------------- Instantiating /home/travis/build/icyphy/ptII/ptolemy/actor/lib/test/auto/DiscreteClock12.xml
1 ms. Memory: 882176K Free: 620314K (70%)
----------------- Invoking toplevel() on ptolemy.moml.MoMLSimpleApplication@ad33585
----------------- Done invoking toplevel() on ptolemy.moml.MoMLSimpleApplication@ad33585
reloadAllAccessors: .DiscreteClock12

===========================================================================================
----------------- testing Fri Jun 07 04:28:57 UTC 2019 /home/travis/build/icyphy/ptII/ptolemy/actor/lib/test/auto/DiscreteClock13.xml
----------------- Instantiating /home/travis/build/icyphy/ptII/ptolemy/actor/lib/test/auto/DiscreteClock13.xml
6 ms. Memory: 882176K Free: 602856K (68%)
----------------- Invoking toplevel() on ptolemy.moml.MoMLSimpleApplication@395d27c7
----------------- Done invoking toplevel() on ptolemy.moml.MoMLSimpleApplication@395d27c7
reloadAllAccessors: .DiscreteClock13

===========================================================================================
----------------- testing Fri Jun 07 04:28:57 UTC 2019 /home/travis/build/icyphy/ptII/ptolemy/actor/lib/test/auto/DiscreteClock14.xml
----------------- Instantiating /home/travis/build/icyphy/ptII/ptolemy/actor/lib/test/auto/DiscreteClock14.xml
6 ms. Memory: 882176K Free: 592445K (67%)
----------------- Invoking toplevel() on ptolemy.moml.MoMLSimpleApplication@29044f13
----------------- Done invoking toplevel() on ptolemy.moml.MoMLSimpleApplication@29044f13
reloadAllAccessors: .DiscreteClock14

===========================================================================================
----------------- testing Fri Jun 07 04:28:57 UTC 2019 /home/travis/build/icyphy/ptII/ptolemy/actor/lib/test/auto/DiscreteClock15.xml
----------------- Instantiating /home/travis/build/icyphy/ptII/ptolemy/actor/lib/test/auto/DiscreteClock15.xml
7 ms. Memory: 882176K Free: 582034K (66%)
----------------- Invoking toplevel() on ptolemy.moml.MoMLSimpleApplication@698d853f
----------------- Done invoking toplevel() on ptolemy.moml.MoMLSimpleApplication@698d853f
reloadAllAccessors: .DiscreteClock15

===========================================================================================
----------------- testing Fri Jun 07 04:28:57 UTC 2019 /home/travis/build/icyphy/ptII/ptolemy/actor/lib/test/auto/DiscreteClock16.xml
----------------- Instantiating /home/travis/build/icyphy/ptII/ptolemy/actor/lib/test/auto/DiscreteClock16.xml
19 ms. Memory: 882176K Free: 559355K (63%)
----------------- Invoking toplevel() on ptolemy.moml.MoMLSimpleApplication@450e2f86
----------------- Done invoking toplevel() on ptolemy.moml.MoMLSimpleApplication@450e2f86
reloadAllAccessors: .DiscreteClock16

===========================================================================================
----------------- testing Fri Jun 07 04:28:57 UTC 2019 /home/travis/build/icyphy/ptII/ptolemy/actor/lib/test/auto/DiscreteClock17.xml
----------------- Instantiating /home/travis/build/icyphy/ptII/ptolemy/actor/lib/test/auto/DiscreteClock17.xml
17 ms. Memory: 882176K Free: 543723K (62%)
----------------- Invoking toplevel() on ptolemy.moml.MoMLSimpleApplication@15d5b3a5
----------------- Done invoking toplevel() on ptolemy.moml.MoMLSimpleApplication@15d5b3a5
reloadAllAccessors: .DiscreteClock17

===========================================================================================
----------------- testing Fri Jun 07 04:28:57 UTC 2019 /home/travis/build/icyphy/ptII/ptolemy/actor/lib/test/auto/DiscreteClock18.xml
----------------- Instantiating /home/travis/build/icyphy/ptII/ptolemy/actor/lib/test/auto/DiscreteClock18.xml
26 ms. Memory: 882176K Free: 528091K (60%)
----------------- Invoking toplevel() on ptolemy.moml.MoMLSimpleApplication@1199fa02
----------------- Done invoking toplevel() on ptolemy.moml.MoMLSimpleApplication@1199fa02
reloadAllAccessors: .DiscreteClock18

===========================================================================================
----------------- testing Fri Jun 07 04:28:57 UTC 2019 /home/travis/build/icyphy/ptII/ptolemy/actor/lib/test/auto/DiscreteClock19.xml
----------------- Instantiating /home/travis/build/icyphy/ptII/ptolemy/actor/lib/test/auto/DiscreteClock19.xml
21 ms. Memory: 882176K Free: 505426K (57%)
----------------- Invoking toplevel() on ptolemy.moml.MoMLSimpleApplication@2ee7cb61
----------------- Done invoking toplevel() on ptolemy.moml.MoMLSimpleApplication@2ee7cb61
reloadAllAccessors: .DiscreteClock19

===========================================================================================
----------------- testing Fri Jun 07 04:28:58 UTC 2019 /home/travis/build/icyphy/ptII/ptolemy/actor/lib/test/auto/DiscreteClock2.xml
----------------- Instantiating /home/travis/build/icyphy/ptII/ptolemy/actor/lib/test/auto/DiscreteClock2.xml
6 ms. Memory: 882176K Free: 495016K (56%)
----------------- Invoking toplevel() on ptolemy.moml.MoMLSimpleApplication@65375bd8
----------------- Done invoking toplevel() on ptolemy.moml.MoMLSimpleApplication@65375bd8
reloadAllAccessors: .DiscreteClock2

===========================================================================================
----------------- testing Fri Jun 07 04:28:58 UTC 2019 /home/travis/build/icyphy/ptII/ptolemy/actor/lib/test/auto/DiscreteClock20.xml
----------------- Instantiating /home/travis/build/icyphy/ptII/ptolemy/actor/lib/test/auto/DiscreteClock20.xml
10 ms. Memory: 882176K Free: 484605K (55%)
----------------- Invoking toplevel() on ptolemy.moml.MoMLSimpleApplication@6ced5a25
----------------- Done invoking toplevel() on ptolemy.moml.MoMLSimpleApplication@6ced5a25
reloadAllAccessors: .DiscreteClock20

===========================================================================================
----------------- testing Fri Jun 07 04:28:58 UTC 2019 /home/travis/build/icyphy/ptII/ptolemy/actor/lib/test/auto/DiscreteClock21.xml
----------------- Instantiating /home/travis/build/icyphy/ptII/ptolemy/actor/lib/test/auto/DiscreteClock21.xml
543 ms. Memory: 882176K Free: 1331502K (151%)
----------------- Invoking toplevel() on ptolemy.moml.MoMLSimpleApplication@4257d9b5
----------------- Done invoking toplevel() on ptolemy.moml.MoMLSimpleApplication@4257d9b5
reloadAllAccessors: .DiscreteClock21

===========================================================================================
----------------- testing Fri Jun 07 04:28:58 UTC 2019 /home/travis/build/icyphy/ptII/ptolemy/actor/lib/test/auto/DiscreteClock22.xml
----------------- Instantiating /home/travis/build/icyphy/ptII/ptolemy/actor/lib/test/auto/DiscreteClock22.xml
4 ms. Memory: 1370112K Free: 1278605K (93%)
----------------- Invoking toplevel() on ptolemy.moml.MoMLSimpleApplication@4a28973e
----------------- Done invoking toplevel() on ptolemy.moml.MoMLSimpleApplication@4a28973e
reloadAllAccessors: .DiscreteClock22

===========================================================================================
----------------- testing Fri Jun 07 04:28:58 UTC 2019 /home/travis/build/icyphy/ptII/ptolemy/actor/lib/test/auto/DiscreteClock23.xml
----------------- Instantiating /home/travis/build/icyphy/ptII/ptolemy/actor/lib/test/auto/DiscreteClock23.xml
1 ms. Memory: 1370112K Free: 1266117K (92%)
----------------- Invoking toplevel() on ptolemy.moml.MoMLSimpleApplication@12bd37dd
----------------- Done invoking toplevel() on ptolemy.moml.MoMLSimpleApplication@12bd37dd
reloadAllAccessors: .DiscreteClock23

===========================================================================================
----------------- testing Fri Jun 07 04:28:58 UTC 2019 /home/travis/build/icyphy/ptII/ptolemy/actor/lib/test/auto/DiscreteClock24.xml
----------------- Instantiating /home/travis/build/icyphy/ptII/ptolemy/actor/lib/test/auto/DiscreteClock24.xml
1 ms. Memory: 1370112K Free: 1253460K (91%)
----------------- Invoking toplevel() on ptolemy.moml.MoMLSimpleApplication@15b46f22
----------------- Done invoking toplevel() on ptolemy.moml.MoMLSimpleApplication@15b46f22
reloadAllAccessors: .DiscreteClock24

===========================================================================================
----------------- testing Fri Jun 07 04:28:58 UTC 2019 /home/travis/build/icyphy/ptII/ptolemy/actor/lib/test/auto/DiscreteClock4.xml
----------------- Instantiating /home/travis/build/icyphy/ptII/ptolemy/actor/lib/test/auto/DiscreteClock4.xml
4 ms. Memory: 1370112K Free: 1240973K (91%)
----------------- Invoking toplevel() on ptolemy.moml.MoMLSimpleApplication@258ce062
----------------- Done invoking toplevel() on ptolemy.moml.MoMLSimpleApplication@258ce062
reloadAllAccessors: .DiscreteClock4

===========================================================================================
----------------- testing Fri Jun 07 04:28:58 UTC 2019 /home/travis/build/icyphy/ptII/ptolemy/actor/lib/test/auto/DiscreteClock5.xml
----------------- Instantiating /home/travis/build/icyphy/ptII/ptolemy/actor/lib/test/auto/DiscreteClock5.xml
1 ms. Memory: 1370112K Free: 1217214K (89%)
----------------- Invoking toplevel() on ptolemy.moml.MoMLSimpleApplication@4d08cad5
----------------- Done invoking toplevel() on ptolemy.moml.MoMLSimpleApplication@4d08cad5
reloadAllAccessors: .DiscreteClock5

===========================================================================================
----------------- testing Fri Jun 07 04:28:58 UTC 2019 /home/travis/build/icyphy/ptII/ptolemy/actor/lib/test/auto/DiscreteClock6.xml
----------------- Instantiating /home/travis/build/icyphy/ptII/ptolemy/actor/lib/test/auto/DiscreteClock6.xml
1 ms. Memory: 1370112K Free: 1204726K (88%)
----------------- Invoking toplevel() on ptolemy.moml.MoMLSimpleApplication@15a369cf
----------------- Done invoking toplevel() on ptolemy.moml.MoMLSimpleApplication@15a369cf
reloadAllAccessors: .DiscreteClock6

===========================================================================================
----------------- testing Fri Jun 07 04:28:58 UTC 2019 /home/travis/build/icyphy/ptII/ptolemy/actor/lib/test/auto/DiscreteClock7.xml
----------------- Instantiating /home/travis/build/icyphy/ptII/ptolemy/actor/lib/test/auto/DiscreteClock7.xml
2 ms. Memory: 1370112K Free: 1192238K (87%)
----------------- Invoking toplevel() on ptolemy.moml.MoMLSimpleApplication@20299c17
----------------- Done invoking toplevel() on ptolemy.moml.MoMLSimpleApplication@20299c17
reloadAllAccessors: .DiscreteClock7

===========================================================================================
----------------- testing Fri Jun 07 04:28:58 UTC 2019 /home/travis/build/icyphy/ptII/ptolemy/actor/lib/test/auto/DiscreteClock8.xml
----------------- Instantiating /home/travis/build/icyphy/ptII/ptolemy/actor/lib/test/auto/DiscreteClock8.xml
1 ms. Memory: 1370112K Free: 1179751K (86%)
----------------- Invoking toplevel() on ptolemy.moml.MoMLSimpleApplication@6ce6e14e
----------------- Done invoking toplevel() on ptolemy.moml.MoMLSimpleApplication@6ce6e14e
reloadAllAccessors: .DiscreteClock8

===========================================================================================
----------------- testing Fri Jun 07 04:28:58 UTC 2019 /home/travis/build/icyphy/ptII/ptolemy/actor/lib/test/auto/DiscreteClock9.xml
----------------- Instantiating /home/travis/build/icyphy/ptII/ptolemy/actor/lib/test/auto/DiscreteClock9.xml
1 ms. Memory: 1370112K Free: 1167263K (85%)
----------------- Invoking toplevel() on ptolemy.moml.MoMLSimpleApplication@6c7cc228
----------------- Done invoking toplevel() on ptolemy.moml.MoMLSimpleApplication@6c7cc228
reloadAllAccessors: .DiscreteClock9

===========================================================================================
----------------- testing Fri Jun 07 04:28:58 UTC 2019 /home/travis/build/icyphy/ptII/ptolemy/actor/lib/test/auto/DisplayArray.xml
----------------- Instantiating /home/travis/build/icyphy/ptII/ptolemy/actor/lib/test/auto/DisplayArray.xml
1 ms. Memory: 1370112K Free: 1143504K (83%)
----------------- Invoking toplevel() on ptolemy.moml.MoMLSimpleApplication@4c6b47c2
----------------- Done invoking toplevel() on ptolemy.moml.MoMLSimpleApplication@4c6b47c2
reloadAllAccessors: .DisplayArray

===========================================================================================
----------------- testing Fri Jun 07 04:28:58 UTC 2019 /home/travis/build/icyphy/ptII/ptolemy/actor/lib/test/auto/Distributor.xml
----------------- Instantiating /home/travis/build/icyphy/ptII/ptolemy/actor/lib/test/auto/Distributor.xml
1 ms. Memory: 1370112K Free: 1131016K (83%)
----------------- Invoking toplevel() on ptolemy.moml.MoMLSimpleApplication@4302f6c1
----------------- Done invoking toplevel() on ptolemy.moml.MoMLSimpleApplication@4302f6c1
reloadAllAccessors: .Distributor

===========================================================================================
----------------- testing Fri Jun 07 04:28:58 UTC 2019 /home/travis/build/icyphy/ptII/ptolemy/actor/lib/test/auto/Distributor2.xml
----------------- Instantiating /home/travis/build/icyphy/ptII/ptolemy/actor/lib/test/auto/Distributor2.xml
2 ms. Memory: 1370112K Free: 1118528K (82%)
----------------- Invoking toplevel() on ptolemy.moml.MoMLSimpleApplication@5b89de1e
----------------- Done invoking toplevel() on ptolemy.moml.MoMLSimpleApplication@5b89de1e
reloadAllAccessors: .Distributor2

===========================================================================================
----------------- testing Fri Jun 07 04:28:58 UTC 2019 /home/travis/build/icyphy/ptII/ptolemy/actor/lib/test/auto/DownSample.xml
----------------- Instantiating /home/travis/build/icyphy/ptII/ptolemy/actor/lib/test/auto/DownSample.xml
1 ms. Memory: 1370112K Free: 1106040K (81%)
----------------- Invoking toplevel() on ptolemy.moml.MoMLSimpleApplication@490f5ca1
----------------- Done invoking toplevel() on ptolemy.moml.MoMLSimpleApplication@490f5ca1
reloadAllAccessors: .DownSample

===========================================================================================
----------------- testing Fri Jun 07 04:28:58 UTC 2019 /home/travis/build/icyphy/ptII/ptolemy/actor/lib/test/auto/ElectronicUnitBase1.xml
----------------- Instantiating /home/travis/build/icyphy/ptII/ptolemy/actor/lib/test/auto/ElectronicUnitBase1.xml
21 ms. Memory: 1370112K Free: 1081033K (79%)
----------------- Invoking toplevel() on ptolemy.moml.MoMLSimpleApplication@5c93a940
----------------- Done invoking toplevel() on ptolemy.moml.MoMLSimpleApplication@5c93a940
reloadAllAccessors: .ElectronicUnitBase1

===========================================================================================
----------------- testing Fri Jun 07 04:28:58 UTC 2019 /home/travis/build/icyphy/ptII/ptolemy/actor/lib/test/auto/ElementsToArray.xml
----------------- Instantiating /home/travis/build/icyphy/ptII/ptolemy/actor/lib/test/auto/ElementsToArray.xml
2 ms. Memory: 1370112K Free: 1057274K (77%)
----------------- Invoking toplevel() on ptolemy.moml.MoMLSimpleApplication@65051086
----------------- Done invoking toplevel() on ptolemy.moml.MoMLSimpleApplication@65051086
reloadAllAccessors: .ElementsToArray

===========================================================================================
----------------- testing Fri Jun 07 04:28:58 UTC 2019 /home/travis/build/icyphy/ptII/ptolemy/actor/lib/test/auto/Equals.xml
----------------- Instantiating /home/travis/build/icyphy/ptII/ptolemy/actor/lib/test/auto/Equals.xml
3 ms. Memory: 1370112K Free: 1044786K (76%)
----------------- Invoking toplevel() on ptolemy.moml.MoMLSimpleApplication@42d1ec48
----------------- Done invoking toplevel() on ptolemy.moml.MoMLSimpleApplication@42d1ec48
reloadAllAccessors: .Equals

===========================================================================================
----------------- testing Fri Jun 07 04:28:59 UTC 2019 /home/travis/build/icyphy/ptII/ptolemy/actor/lib/test/auto/Exec.xml
----------------- Instantiating /home/travis/build/icyphy/ptII/ptolemy/actor/lib/test/auto/Exec.xml
12 ms. Memory: 1370112K Free: 1019811K (74%)
----------------- Invoking toplevel() on ptolemy.moml.MoMLSimpleApplication@32709403
----------------- Done invoking toplevel() on ptolemy.moml.MoMLSimpleApplication@32709403
reloadAllAccessors: .Exec

===========================================================================================
----------------- testing Fri Jun 07 04:28:59 UTC 2019 /home/travis/build/icyphy/ptII/ptolemy/actor/lib/test/auto/ExecEnvironment.xml
----------------- Instantiating /home/travis/build/icyphy/ptII/ptolemy/actor/lib/test/auto/ExecEnvironment.xml
22 ms. Memory: 1370112K Free: 1007323K (74%)
----------------- Invoking toplevel() on ptolemy.moml.MoMLSimpleApplication@19ec9f3b
----------------- Done invoking toplevel() on ptolemy.moml.MoMLSimpleApplication@19ec9f3b
reloadAllAccessors: .ExecEnvironment

===========================================================================================
----------------- testing Fri Jun 07 04:28:59 UTC 2019 /home/travis/build/icyphy/ptII/ptolemy/actor/lib/test/auto/ExecNonZeroReturnOutput.xml
----------------- Instantiating /home/travis/build/icyphy/ptII/ptolemy/actor/lib/test/auto/ExecNonZeroReturnOutput.xml
122 ms. Memory: 1370112K Free: 913664K (67%)
----------------- Invoking toplevel() on ptolemy.moml.MoMLSimpleApplication@680e4e9a
----------------- Done invoking toplevel() on ptolemy.moml.MoMLSimpleApplication@680e4e9a
reloadAllAccessors: .ExecNonZeroReturnOutput

===========================================================================================
----------------- testing Fri Jun 07 04:28:59 UTC 2019 /home/travis/build/icyphy/ptII/ptolemy/actor/lib/test/auto/ExecRunDemos.xml
----------------- Instantiating /home/travis/build/icyphy/ptII/ptolemy/actor/lib/test/auto/ExecRunDemos.xml
Finished: 64 ms. Memory: 116224K Free: 100674K (87%)

Finished: 28 ms. Memory: 116224K Free: 97678K (84%)

Finished: 41 ms. Memory: 116224K Free: 98221K (85%)

Finished: 57 ms. Memory: 116224K Free: 99546K (86%)

Finished: 35 ms. Memory: 116224K Free: 100578K (87%)

9200 ms. Memory: 1370112K Free: 814962K (59%)
----------------- Invoking toplevel() on ptolemy.moml.MoMLSimpleApplication@7f86b4d6
----------------- Done invoking toplevel() on ptolemy.moml.MoMLSimpleApplication@7f86b4d6
reloadAllAccessors: .ExecRunDemos

===========================================================================================
----------------- testing Fri Jun 07 04:29:08 UTC 2019 /home/travis/build/icyphy/ptII/ptolemy/actor/lib/test/auto/ExecStop.xml
----------------- Instantiating /home/travis/build/icyphy/ptII/ptolemy/actor/lib/test/auto/ExecStop.xml
5017 ms. Memory: 1370112K Free: 608913K (44%)
----------------- Invoking toplevel() on ptolemy.moml.MoMLSimpleApplication@2525ac42
----------------- Done invoking toplevel() on ptolemy.moml.MoMLSimpleApplication@2525ac42
reloadAllAccessors: .ExecStop

===========================================================================================
----------------- testing Fri Jun 07 04:29:13 UTC 2019 /home/travis/build/icyphy/ptII/ptolemy/actor/lib/test/auto/ExecutionTimeSDF.xml
----------------- Instantiating /home/travis/build/icyphy/ptII/ptolemy/actor/lib/test/auto/ExecutionTimeSDF.xml
Fired ExecutionTime: -475367296
Fired ExecutionTime: 989200000
Fired ExecutionTime: -1628967296
6004 ms. Memory: 1370112K Free: 590166K (43%)
----------------- Invoking toplevel() on ptolemy.moml.MoMLSimpleApplication@33e8d905
----------------- Done invoking toplevel() on ptolemy.moml.MoMLSimpleApplication@33e8d905
reloadAllAccessors: .ExecutionTimeSDF

===========================================================================================
----------------- testing Fri Jun 07 04:29:19 UTC 2019 /home/travis/build/icyphy/ptII/ptolemy/actor/lib/test/auto/Expression1.xml
----------------- Instantiating /home/travis/build/icyphy/ptII/ptolemy/actor/lib/test/auto/Expression1.xml
1 ms. Memory: 1370112K Free: 577678K (42%)
----------------- Invoking toplevel() on ptolemy.moml.MoMLSimpleApplication@5f60fa0c
----------------- Done invoking toplevel() on ptolemy.moml.MoMLSimpleApplication@5f60fa0c
reloadAllAccessors: .Expression1

===========================================================================================
----------------- testing Fri Jun 07 04:29:19 UTC 2019 /home/travis/build/icyphy/ptII/ptolemy/actor/lib/test/auto/Expression10.xml
----------------- Instantiating /home/travis/build/icyphy/ptII/ptolemy/actor/lib/test/auto/Expression10.xml
5 ms. Memory: 1370112K Free: 565190K (41%)
----------------- Invoking toplevel() on ptolemy.moml.MoMLSimpleApplication@4a19148f
----------------- Done invoking toplevel() on ptolemy.moml.MoMLSimpleApplication@4a19148f
reloadAllAccessors: .Expression10

===========================================================================================
----------------- testing Fri Jun 07 04:29:19 UTC 2019 /home/travis/build/icyphy/ptII/ptolemy/actor/lib/test/auto/Expression11.xml
----------------- Instantiating /home/travis/build/icyphy/ptII/ptolemy/actor/lib/test/auto/Expression11.xml
2 ms. Memory: 1370112K Free: 541431K (40%)
----------------- Invoking toplevel() on ptolemy.moml.MoMLSimpleApplication@2718c1d2
----------------- Done invoking toplevel() on ptolemy.moml.MoMLSimpleApplication@2718c1d2
reloadAllAccessors: .Expression11

===========================================================================================
----------------- testing Fri Jun 07 04:29:19 UTC 2019 /home/travis/build/icyphy/ptII/ptolemy/actor/lib/test/auto/Expression12.xml
----------------- Instantiating /home/travis/build/icyphy/ptII/ptolemy/actor/lib/test/auto/Expression12.xml
2 ms. Memory: 1370112K Free: 528943K (39%)
----------------- Invoking toplevel() on ptolemy.moml.MoMLSimpleApplication@6021c1d2
----------------- Done invoking toplevel() on ptolemy.moml.MoMLSimpleApplication@6021c1d2
reloadAllAccessors: .Expression12

===========================================================================================
----------------- testing Fri Jun 07 04:29:19 UTC 2019 /home/travis/build/icyphy/ptII/ptolemy/actor/lib/test/auto/Expression13.xml
----------------- Instantiating /home/travis/build/icyphy/ptII/ptolemy/actor/lib/test/auto/Expression13.xml
2 ms. Memory: 1370112K Free: 516456K (38%)
----------------- Invoking toplevel() on ptolemy.moml.MoMLSimpleApplication@9301045
----------------- Done invoking toplevel() on ptolemy.moml.MoMLSimpleApplication@9301045
reloadAllAccessors: .Expression13

===========================================================================================
----------------- testing Fri Jun 07 04:29:19 UTC 2019 /home/travis/build/icyphy/ptII/ptolemy/actor/lib/test/auto/Expression14.xml
----------------- Instantiating /home/travis/build/icyphy/ptII/ptolemy/actor/lib/test/auto/Expression14.xml
5 ms. Memory: 1370112K Free: 503968K (37%)
----------------- Invoking toplevel() on ptolemy.moml.MoMLSimpleApplication@1b32df1f
----------------- Done invoking toplevel() on ptolemy.moml.MoMLSimpleApplication@1b32df1f
reloadAllAccessors: .Expression14

===========================================================================================
----------------- testing Fri Jun 07 04:29:19 UTC 2019 /home/travis/build/icyphy/ptII/ptolemy/actor/lib/test/auto/Expression15.xml
----------------- Instantiating /home/travis/build/icyphy/ptII/ptolemy/actor/lib/test/auto/Expression15.xml
2 ms. Memory: 1370112K Free: 491480K (36%)
----------------- Invoking toplevel() on ptolemy.moml.MoMLSimpleApplication@37488947
----------------- Done invoking toplevel() on ptolemy.moml.MoMLSimpleApplication@37488947
reloadAllAccessors: .Expression15

===========================================================================================
----------------- testing Fri Jun 07 04:29:19 UTC 2019 /home/travis/build/icyphy/ptII/ptolemy/actor/lib/test/auto/Expression16.xml
----------------- Instantiating /home/travis/build/icyphy/ptII/ptolemy/actor/lib/test/auto/Expression16.xml
2 ms. Memory: 1370112K Free: 467721K (34%)
----------------- Invoking toplevel() on ptolemy.moml.MoMLSimpleApplication@7df778bc
----------------- Done invoking toplevel() on ptolemy.moml.MoMLSimpleApplication@7df778bc
reloadAllAccessors: .Expression16

===========================================================================================
----------------- testing Fri Jun 07 04:29:19 UTC 2019 /home/travis/build/icyphy/ptII/ptolemy/actor/lib/test/auto/Expression17.xml
----------------- Instantiating /home/travis/build/icyphy/ptII/ptolemy/actor/lib/test/auto/Expression17.xml
2 ms. Memory: 1370112K Free: 455234K (33%)
----------------- Invoking toplevel() on ptolemy.moml.MoMLSimpleApplication@74b8c92d
----------------- Done invoking toplevel() on ptolemy.moml.MoMLSimpleApplication@74b8c92d
reloadAllAccessors: .Expression17

===========================================================================================
----------------- testing Fri Jun 07 04:29:19 UTC 2019 /home/travis/build/icyphy/ptII/ptolemy/actor/lib/test/auto/Expression18.xml
----------------- Instantiating /home/travis/build/icyphy/ptII/ptolemy/actor/lib/test/auto/Expression18.xml
1 ms. Memory: 1370112K Free: 442746K (32%)
----------------- Invoking toplevel() on ptolemy.moml.MoMLSimpleApplication@1a86e5c5
----------------- Done invoking toplevel() on ptolemy.moml.MoMLSimpleApplication@1a86e5c5
reloadAllAccessors: .Expression18

===========================================================================================
----------------- testing Fri Jun 07 04:29:19 UTC 2019 /home/travis/build/icyphy/ptII/ptolemy/actor/lib/test/auto/Expression2.xml
----------------- Instantiating /home/travis/build/icyphy/ptII/ptolemy/actor/lib/test/auto/Expression2.xml
8 ms. Memory: 1370112K Free: 430258K (31%)
----------------- Invoking toplevel() on ptolemy.moml.MoMLSimpleApplication@160a7164
----------------- Done invoking toplevel() on ptolemy.moml.MoMLSimpleApplication@160a7164
reloadAllAccessors: .Expression2

===========================================================================================
----------------- testing Fri Jun 07 04:29:19 UTC 2019 /home/travis/build/icyphy/ptII/ptolemy/actor/lib/test/auto/Expression3.xml
----------------- Instantiating /home/travis/build/icyphy/ptII/ptolemy/actor/lib/test/auto/Expression3.xml
2 ms. Memory: 1370112K Free: 417770K (30%)
----------------- Invoking toplevel() on ptolemy.moml.MoMLSimpleApplication@354a9370
----------------- Done invoking toplevel() on ptolemy.moml.MoMLSimpleApplication@354a9370
reloadAllAccessors: .Expression3

===========================================================================================
----------------- testing Fri Jun 07 04:29:19 UTC 2019 /home/travis/build/icyphy/ptII/ptolemy/actor/lib/test/auto/Expression4.xml
----------------- Instantiating /home/travis/build/icyphy/ptII/ptolemy/actor/lib/test/auto/Expression4.xml
4 ms. Memory: 1370112K Free: 394011K (29%)
----------------- Invoking toplevel() on ptolemy.moml.MoMLSimpleApplication@4883e70c
----------------- Done invoking toplevel() on ptolemy.moml.MoMLSimpleApplication@4883e70c
reloadAllAccessors: .Expression4

===========================================================================================
----------------- testing Fri Jun 07 04:29:19 UTC 2019 /home/travis/build/icyphy/ptII/ptolemy/actor/lib/test/auto/Expression5.xml
----------------- Instantiating /home/travis/build/icyphy/ptII/ptolemy/actor/lib/test/auto/Expression5.xml
2 ms. Memory: 1370112K Free: 381524K (28%)
----------------- Invoking toplevel() on ptolemy.moml.MoMLSimpleApplication@1b59e40b
----------------- Done invoking toplevel() on ptolemy.moml.MoMLSimpleApplication@1b59e40b
reloadAllAccessors: .Expression5

===========================================================================================
----------------- testing Fri Jun 07 04:29:19 UTC 2019 /home/travis/build/icyphy/ptII/ptolemy/actor/lib/test/auto/Expression6.xml
----------------- Instantiating /home/travis/build/icyphy/ptII/ptolemy/actor/lib/test/auto/Expression6.xml
2 ms. Memory: 1370112K Free: 369036K (27%)
----------------- Invoking toplevel() on ptolemy.moml.MoMLSimpleApplication@5d6b6b30
----------------- Done invoking toplevel() on ptolemy.moml.MoMLSimpleApplication@5d6b6b30
reloadAllAccessors: .Expression6

===========================================================================================
----------------- testing Fri Jun 07 04:29:19 UTC 2019 /home/travis/build/icyphy/ptII/ptolemy/actor/lib/test/auto/Expression7.xml
----------------- Instantiating /home/travis/build/icyphy/ptII/ptolemy/actor/lib/test/auto/Expression7.xml
3 ms. Memory: 1370112K Free: 356548K (26%)
----------------- Invoking toplevel() on ptolemy.moml.MoMLSimpleApplication@6cc449dc
----------------- Done invoking toplevel() on ptolemy.moml.MoMLSimpleApplication@6cc449dc
reloadAllAccessors: .Expression7

===========================================================================================
----------------- testing Fri Jun 07 04:29:19 UTC 2019 /home/travis/build/icyphy/ptII/ptolemy/actor/lib/test/auto/Expression8.xml
----------------- Instantiating /home/travis/build/icyphy/ptII/ptolemy/actor/lib/test/auto/Expression8.xml
4 ms. Memory: 1370112K Free: 344060K (25%)
----------------- Invoking toplevel() on ptolemy.moml.MoMLSimpleApplication@d702dde
----------------- Done invoking toplevel() on ptolemy.moml.MoMLSimpleApplication@d702dde
reloadAllAccessors: .Expression8

===========================================================================================
----------------- testing Fri Jun 07 04:29:19 UTC 2019 /home/travis/build/icyphy/ptII/ptolemy/actor/lib/test/auto/Expression9.xml
----------------- Instantiating /home/travis/build/icyphy/ptII/ptolemy/actor/lib/test/auto/Expression9.xml
1 ms. Memory: 1370112K Free: 320301K (23%)
----------------- Invoking toplevel() on ptolemy.moml.MoMLSimpleApplication@46cbf89c
----------------- Done invoking toplevel() on ptolemy.moml.MoMLSimpleApplication@46cbf89c
reloadAllAccessors: .Expression9

===========================================================================================
----------------- testing Fri Jun 07 04:29:19 UTC 2019 /home/travis/build/icyphy/ptII/ptolemy/actor/lib/test/auto/ExpressionConcatenateArrayType.xml
----------------- Instantiating /home/travis/build/icyphy/ptII/ptolemy/actor/lib/test/auto/ExpressionConcatenateArrayType.xml
1 ms. Memory: 1370112K Free: 307813K (22%)
----------------- Invoking toplevel() on ptolemy.moml.MoMLSimpleApplication@12cb6136
----------------- Done invoking toplevel() on ptolemy.moml.MoMLSimpleApplication@12cb6136
reloadAllAccessors: .ExpressionConcatenateArrayType

===========================================================================================
----------------- testing Fri Jun 07 04:29:19 UTC 2019 /home/travis/build/icyphy/ptII/ptolemy/actor/lib/test/auto/ExpressionConcatenateArrayType2.xml
----------------- Instantiating /home/travis/build/icyphy/ptII/ptolemy/actor/lib/test/auto/ExpressionConcatenateArrayType2.xml
2 ms. Memory: 1370112K Free: 295326K (22%)
----------------- Invoking toplevel() on ptolemy.moml.MoMLSimpleApplication@4b16b3d4
----------------- Done invoking toplevel() on ptolemy.moml.MoMLSimpleApplication@4b16b3d4
reloadAllAccessors: .ExpressionConcatenateArrayType2

===========================================================================================
----------------- testing Fri Jun 07 04:29:19 UTC 2019 /home/travis/build/icyphy/ptII/ptolemy/actor/lib/test/auto/ExpressionFix.xml
----------------- Instantiating /home/travis/build/icyphy/ptII/ptolemy/actor/lib/test/auto/ExpressionFix.xml
8 ms. Memory: 1370112K Free: 282838K (21%)
----------------- Invoking toplevel() on ptolemy.moml.MoMLSimpleApplication@556b2752
----------------- Done invoking toplevel() on ptolemy.moml.MoMLSimpleApplication@556b2752
reloadAllAccessors: .ExpressionFix

===========================================================================================
----------------- testing Fri Jun 07 04:29:19 UTC 2019 /home/travis/build/icyphy/ptII/ptolemy/actor/lib/test/auto/ExpressionFix2.xml
----------------- Instantiating /home/travis/build/icyphy/ptII/ptolemy/actor/lib/test/auto/ExpressionFix2.xml
2 ms. Memory: 1370112K Free: 259079K (19%)
----------------- Invoking toplevel() on ptolemy.moml.MoMLSimpleApplication@723abe2f
----------------- Done invoking toplevel() on ptolemy.moml.MoMLSimpleApplication@723abe2f
reloadAllAccessors: .ExpressionFix2

===========================================================================================
----------------- testing Fri Jun 07 04:29:19 UTC 2019 /home/travis/build/icyphy/ptII/ptolemy/actor/lib/test/auto/ExpressionFix3.xml
----------------- Instantiating /home/travis/build/icyphy/ptII/ptolemy/actor/lib/test/auto/ExpressionFix3.xml
2 ms. Memory: 1370112K Free: 246591K (18%)
----------------- Invoking toplevel() on ptolemy.moml.MoMLSimpleApplication@14dd566
----------------- Done invoking toplevel() on ptolemy.moml.MoMLSimpleApplication@14dd566
reloadAllAccessors: .ExpressionFix3

===========================================================================================
----------------- testing Fri Jun 07 04:29:19 UTC 2019 /home/travis/build/icyphy/ptII/ptolemy/actor/lib/test/auto/FileWriter1.xml
----------------- Instantiating /home/travis/build/icyphy/ptII/ptolemy/actor/lib/test/auto/FileWriter1.xml
2 ms. Memory: 1370112K Free: 234103K (17%)
----------------- Invoking toplevel() on ptolemy.moml.MoMLSimpleApplication@1f1ad79d
----------------- Done invoking toplevel() on ptolemy.moml.MoMLSimpleApplication@1f1ad79d
reloadAllAccessors: .FileWriter1

===========================================================================================
----------------- testing Fri Jun 07 04:29:19 UTC 2019 /home/travis/build/icyphy/ptII/ptolemy/actor/lib/test/auto/FileWriter2.xml
----------------- Instantiating /home/travis/build/icyphy/ptII/ptolemy/actor/lib/test/auto/FileWriter2.xml
3 ms. Memory: 1370112K Free: 221616K (16%)
----------------- Invoking toplevel() on ptolemy.moml.MoMLSimpleApplication@6249295e
----------------- Done invoking toplevel() on ptolemy.moml.MoMLSimpleApplication@6249295e
reloadAllAccessors: .FileWriter2

===========================================================================================
----------------- testing Fri Jun 07 04:29:19 UTC 2019 /home/travis/build/icyphy/ptII/ptolemy/actor/lib/test/auto/FileWriter3.xml
----------------- Instantiating /home/travis/build/icyphy/ptII/ptolemy/actor/lib/test/auto/FileWriter3.xml
2 ms. Memory: 1370112K Free: 209128K (15%)
----------------- Invoking toplevel() on ptolemy.moml.MoMLSimpleApplication@11dba119
----------------- Done invoking toplevel() on ptolemy.moml.MoMLSimpleApplication@11dba119
reloadAllAccessors: .FileWriter3

===========================================================================================
----------------- testing Fri Jun 07 04:29:19 UTC 2019 /home/travis/build/icyphy/ptII/ptolemy/actor/lib/test/auto/Gaussian.xml
----------------- Instantiating /home/travis/build/icyphy/ptII/ptolemy/actor/lib/test/auto/Gaussian.xml
2 ms. Memory: 1370112K Free: 185369K (14%)
----------------- Invoking toplevel() on ptolemy.moml.MoMLSimpleApplication@52506c8
----------------- Done invoking toplevel() on ptolemy.moml.MoMLSimpleApplication@52506c8
reloadAllAccessors: .Gaussian

===========================================================================================
----------------- testing Fri Jun 07 04:29:20 UTC 2019 /home/travis/build/icyphy/ptII/ptolemy/actor/lib/test/auto/Gaussian1.xml
----------------- Instantiating /home/travis/build/icyphy/ptII/ptolemy/actor/lib/test/auto/Gaussian1.xml
2 ms. Memory: 1370112K Free: 172881K (13%)
----------------- Invoking toplevel() on ptolemy.moml.MoMLSimpleApplication@5d13ca72
----------------- Done invoking toplevel() on ptolemy.moml.MoMLSimpleApplication@5d13ca72
reloadAllAccessors: .Gaussian1

===========================================================================================
----------------- testing Fri Jun 07 04:29:20 UTC 2019 /home/travis/build/icyphy/ptII/ptolemy/actor/lib/test/auto/Gaussian2.xml
----------------- Instantiating /home/travis/build/icyphy/ptII/ptolemy/actor/lib/test/auto/Gaussian2.xml
2 ms. Memory: 1370112K Free: 160393K (12%)
----------------- Invoking toplevel() on ptolemy.moml.MoMLSimpleApplication@618a00fd
----------------- Done invoking toplevel() on ptolemy.moml.MoMLSimpleApplication@618a00fd
reloadAllAccessors: .Gaussian2

===========================================================================================
----------------- testing Fri Jun 07 04:29:20 UTC 2019 /home/travis/build/icyphy/ptII/ptolemy/actor/lib/test/auto/GradientAdaptiveLattice.xml
----------------- Instantiating /home/travis/build/icyphy/ptII/ptolemy/actor/lib/test/auto/GradientAdaptiveLattice.xml
3 ms. Memory: 1370112K Free: 147906K (11%)
----------------- Invoking toplevel() on ptolemy.moml.MoMLSimpleApplication@5e5875b4
----------------- Done invoking toplevel() on ptolemy.moml.MoMLSimpleApplication@5e5875b4
reloadAllAccessors: .GradientAdaptiveLattice

===========================================================================================
----------------- testing Fri Jun 07 04:29:20 UTC 2019 /home/travis/build/icyphy/ptII/ptolemy/actor/lib/test/auto/IIR.xml
----------------- Instantiating /home/travis/build/icyphy/ptII/ptolemy/actor/lib/test/auto/IIR.xml
1 ms. Memory: 1370112K Free: 135418K (10%)
----------------- Invoking toplevel() on ptolemy.moml.MoMLSimpleApplication@1ccf4bf0
----------------- Done invoking toplevel() on ptolemy.moml.MoMLSimpleApplication@1ccf4bf0
reloadAllAccessors: .IIR

===========================================================================================
----------------- testing Fri Jun 07 04:29:20 UTC 2019 /home/travis/build/icyphy/ptII/ptolemy/actor/lib/test/auto/InputOutputTransparentPorts.xml
----------------- Instantiating /home/travis/build/icyphy/ptII/ptolemy/actor/lib/test/auto/InputOutputTransparentPorts.xml
2 ms. Memory: 1370112K Free: 111659K (8%)
----------------- Invoking toplevel() on ptolemy.moml.MoMLSimpleApplication@38f10529
----------------- Done invoking toplevel() on ptolemy.moml.MoMLSimpleApplication@38f10529
reloadAllAccessors: .InputOutputTransparentPorts

===========================================================================================
----------------- testing Fri Jun 07 04:29:20 UTC 2019 /home/travis/build/icyphy/ptII/ptolemy/actor/lib/test/auto/Interpolator.xml
----------------- Instantiating /home/travis/build/icyphy/ptII/ptolemy/actor/lib/test/auto/Interpolator.xml
3 ms. Memory: 1370112K Free: 99171K (7%)
----------------- Invoking toplevel() on ptolemy.moml.MoMLSimpleApplication@7802d9c4
----------------- Done invoking toplevel() on ptolemy.moml.MoMLSimpleApplication@7802d9c4
reloadAllAccessors: .Interpolator

===========================================================================================
----------------- testing Fri Jun 07 04:29:20 UTC 2019 /home/travis/build/icyphy/ptII/ptolemy/actor/lib/test/auto/InterpolatorFiringLimitDE.xml
----------------- Instantiating /home/travis/build/icyphy/ptII/ptolemy/actor/lib/test/auto/InterpolatorFiringLimitDE.xml
2 ms. Memory: 1370112K Free: 86683K (6%)
----------------- Invoking toplevel() on ptolemy.moml.MoMLSimpleApplication@a223de9
----------------- Done invoking toplevel() on ptolemy.moml.MoMLSimpleApplication@a223de9
reloadAllAccessors: .InterpolatorFiringLimitDE

===========================================================================================
----------------- testing Fri Jun 07 04:29:20 UTC 2019 /home/travis/build/icyphy/ptII/ptolemy/actor/lib/test/auto/Lattice.xml
----------------- Instantiating /home/travis/build/icyphy/ptII/ptolemy/actor/lib/test/auto/Lattice.xml
5 ms. Memory: 1370624K Free: 1324614K (97%)
----------------- Invoking toplevel() on ptolemy.moml.MoMLSimpleApplication@3e97a4d9
----------------- Done invoking toplevel() on ptolemy.moml.MoMLSimpleApplication@3e97a4d9
reloadAllAccessors: .Lattice

===========================================================================================
----------------- testing Fri Jun 07 04:29:20 UTC 2019 /home/travis/build/icyphy/ptII/ptolemy/actor/lib/test/auto/LazyAOCTestLazy.xml
----------------- Instantiating /home/travis/build/icyphy/ptII/ptolemy/actor/lib/test/auto/LazyAOCTestLazy.xml
17 ms. Memory: 1370624K Free: 1300810K (95%)
----------------- Invoking toplevel() on ptolemy.moml.MoMLSimpleApplication@2f7292bc
----------------- Done invoking toplevel() on ptolemy.moml.MoMLSimpleApplication@2f7292bc
reloadAllAccessors: .LazyAOCTestLazy

===========================================================================================
----------------- testing Fri Jun 07 04:29:20 UTC 2019 /home/travis/build/icyphy/ptII/ptolemy/actor/lib/test/auto/LazyAOCTestNonLazy.xml
----------------- Instantiating /home/travis/build/icyphy/ptII/ptolemy/actor/lib/test/auto/LazyAOCTestNonLazy.xml
9 ms. Memory: 1370624K Free: 1288322K (94%)
----------------- Invoking toplevel() on ptolemy.moml.MoMLSimpleApplication@e32fb2
----------------- Done invoking toplevel() on ptolemy.moml.MoMLSimpleApplication@e32fb2
reloadAllAccessors: .LazyAOCTestNonLazy

===========================================================================================
----------------- testing Fri Jun 07 04:29:20 UTC 2019 /home/travis/build/icyphy/ptII/ptolemy/actor/lib/test/auto/LazyInnerClass.xml
----------------- Instantiating /home/travis/build/icyphy/ptII/ptolemy/actor/lib/test/auto/LazyInnerClass.xml
19 ms. Memory: 1370624K Free: 1275834K (93%)
----------------- Invoking toplevel() on ptolemy.moml.MoMLSimpleApplication@17d0455f
----------------- Done invoking toplevel() on ptolemy.moml.MoMLSimpleApplication@17d0455f
reloadAllAccessors: .LazyInnerClass

===========================================================================================
----------------- testing Fri Jun 07 04:29:20 UTC 2019 /home/travis/build/icyphy/ptII/ptolemy/actor/lib/test/auto/LazyPubSub.xml
----------------- Instantiating /home/travis/build/icyphy/ptII/ptolemy/actor/lib/test/auto/LazyPubSub.xml
24 ms. Memory: 1370624K Free: 1255152K (92%)
----------------- Invoking toplevel() on ptolemy.moml.MoMLSimpleApplication@69de49ea
----------------- Done invoking toplevel() on ptolemy.moml.MoMLSimpleApplication@69de49ea
reloadAllAccessors: .LazyPubSub

===========================================================================================
----------------- testing Fri Jun 07 04:29:20 UTC 2019 /home/travis/build/icyphy/ptII/ptolemy/actor/lib/test/auto/LazyPubSub2.xml
----------------- Instantiating /home/travis/build/icyphy/ptII/ptolemy/actor/lib/test/auto/LazyPubSub2.xml
17 ms. Memory: 1370624K Free: 1242555K (91%)
----------------- Invoking toplevel() on ptolemy.moml.MoMLSimpleApplication@4fd757eb
----------------- Done invoking toplevel() on ptolemy.moml.MoMLSimpleApplication@4fd757eb
reloadAllAccessors: .LazyPubSub2

===========================================================================================
----------------- testing Fri Jun 07 04:29:20 UTC 2019 /home/travis/build/icyphy/ptII/ptolemy/actor/lib/test/auto/LazyPubSub3.xml
----------------- Instantiating /home/travis/build/icyphy/ptII/ptolemy/actor/lib/test/auto/LazyPubSub3.xml
13 ms. Memory: 1370624K Free: 1230067K (90%)
----------------- Invoking toplevel() on ptolemy.moml.MoMLSimpleApplication@627e3ebb
----------------- Done invoking toplevel() on ptolemy.moml.MoMLSimpleApplication@627e3ebb
reloadAllAccessors: .LazyPubSub3

===========================================================================================
----------------- testing Fri Jun 07 04:29:20 UTC 2019 /home/travis/build/icyphy/ptII/ptolemy/actor/lib/test/auto/LazySubClassModel.xml
----------------- Instantiating /home/travis/build/icyphy/ptII/ptolemy/actor/lib/test/auto/LazySubClassModel.xml
4 ms. Memory: 1370624K Free: 1211328K (88%)
----------------- Invoking toplevel() on ptolemy.moml.MoMLSimpleApplication@350279dc
----------------- Done invoking toplevel() on ptolemy.moml.MoMLSimpleApplication@350279dc
reloadAllAccessors: .LazySubClassModel

===========================================================================================
----------------- testing Fri Jun 07 04:29:20 UTC 2019 /home/travis/build/icyphy/ptII/ptolemy/actor/lib/test/auto/LevelCrossTest1.xml
----------------- Instantiating /home/travis/build/icyphy/ptII/ptolemy/actor/lib/test/auto/LevelCrossTest1.xml
1 ms. Memory: 1370624K Free: 1190646K (87%)
----------------- Invoking toplevel() on ptolemy.moml.MoMLSimpleApplication@463fb892
----------------- Done invoking toplevel() on ptolemy.moml.MoMLSimpleApplication@463fb892
reloadAllAccessors: .broken

===========================================================================================
----------------- testing Fri Jun 07 04:29:20 UTC 2019 /home/travis/build/icyphy/ptII/ptolemy/actor/lib/test/auto/LevelCrossTest10.xml
----------------- Instantiating /home/travis/build/icyphy/ptII/ptolemy/actor/lib/test/auto/LevelCrossTest10.xml
1 ms. Memory: 1370624K Free: 1178158K (86%)
----------------- Invoking toplevel() on ptolemy.moml.MoMLSimpleApplication@5f387642
----------------- Done invoking toplevel() on ptolemy.moml.MoMLSimpleApplication@5f387642
reloadAllAccessors: .LevelCrossTest10

===========================================================================================
----------------- testing Fri Jun 07 04:29:20 UTC 2019 /home/travis/build/icyphy/ptII/ptolemy/actor/lib/test/auto/LevelCrossTest11.xml
----------------- Instantiating /home/travis/build/icyphy/ptII/ptolemy/actor/lib/test/auto/LevelCrossTest11.xml
1 ms. Memory: 1370624K Free: 1165670K (85%)
----------------- Invoking toplevel() on ptolemy.moml.MoMLSimpleApplication@8543578
----------------- Done invoking toplevel() on ptolemy.moml.MoMLSimpleApplication@8543578
reloadAllAccessors: .LevelCrossTest11

===========================================================================================
----------------- testing Fri Jun 07 04:29:20 UTC 2019 /home/travis/build/icyphy/ptII/ptolemy/actor/lib/test/auto/LevelCrossTest12.xml
----------------- Instantiating /home/travis/build/icyphy/ptII/ptolemy/actor/lib/test/auto/LevelCrossTest12.xml
1 ms. Memory: 1370624K Free: 1144988K (84%)
----------------- Invoking toplevel() on ptolemy.moml.MoMLSimpleApplication@4bdfa537
----------------- Done invoking toplevel() on ptolemy.moml.MoMLSimpleApplication@4bdfa537
reloadAllAccessors: .LevelCrossTest12

===========================================================================================
----------------- testing Fri Jun 07 04:29:20 UTC 2019 /home/travis/build/icyphy/ptII/ptolemy/actor/lib/test/auto/LevelCrossTest13.xml
----------------- Instantiating /home/travis/build/icyphy/ptII/ptolemy/actor/lib/test/auto/LevelCrossTest13.xml
0 ms. Memory: 1370624K Free: 1132500K (83%)
----------------- Invoking toplevel() on ptolemy.moml.MoMLSimpleApplication@232b8611
----------------- Done invoking toplevel() on ptolemy.moml.MoMLSimpleApplication@232b8611
reloadAllAccessors: .LevelCrossTest13

===========================================================================================
----------------- testing Fri Jun 07 04:29:20 UTC 2019 /home/travis/build/icyphy/ptII/ptolemy/actor/lib/test/auto/LevelCrossTest2.xml
----------------- Instantiating /home/travis/build/icyphy/ptII/ptolemy/actor/lib/test/auto/LevelCrossTest2.xml
1 ms. Memory: 1370624K Free: 1120013K (82%)
----------------- Invoking toplevel() on ptolemy.moml.MoMLSimpleApplication@29124192
----------------- Done invoking toplevel() on ptolemy.moml.MoMLSimpleApplication@29124192
reloadAllAccessors: .broken

===========================================================================================
----------------- testing Fri Jun 07 04:29:20 UTC 2019 /home/travis/build/icyphy/ptII/ptolemy/actor/lib/test/auto/LevelCrossTest3.xml
----------------- Instantiating /home/travis/build/icyphy/ptII/ptolemy/actor/lib/test/auto/LevelCrossTest3.xml
1 ms. Memory: 1370624K Free: 1107525K (81%)
----------------- Invoking toplevel() on ptolemy.moml.MoMLSimpleApplication@157fe11a
----------------- Done invoking toplevel() on ptolemy.moml.MoMLSimpleApplication@157fe11a
reloadAllAccessors: .LevelCrossTest3

===========================================================================================
----------------- testing Fri Jun 07 04:29:20 UTC 2019 /home/travis/build/icyphy/ptII/ptolemy/actor/lib/test/auto/LevelCrossTest4.xml
----------------- Instantiating /home/travis/build/icyphy/ptII/ptolemy/actor/lib/test/auto/LevelCrossTest4.xml
1 ms. Memory: 1370624K Free: 1086843K (79%)
----------------- Invoking toplevel() on ptolemy.moml.MoMLSimpleApplication@484923be
----------------- Done invoking toplevel() on ptolemy.moml.MoMLSimpleApplication@484923be
reloadAllAccessors: .broken

===========================================================================================
----------------- testing Fri Jun 07 04:29:20 UTC 2019 /home/travis/build/icyphy/ptII/ptolemy/actor/lib/test/auto/LevelCrossTest5.xml
----------------- Instantiating /home/travis/build/icyphy/ptII/ptolemy/actor/lib/test/auto/LevelCrossTest5.xml
3 ms. Memory: 1370624K Free: 1074355K (78%)
----------------- Invoking toplevel() on ptolemy.moml.MoMLSimpleApplication@11227f13
----------------- Done invoking toplevel() on ptolemy.moml.MoMLSimpleApplication@11227f13
reloadAllAccessors: .LevelCrossTest5

===========================================================================================
----------------- testing Fri Jun 07 04:29:20 UTC 2019 /home/travis/build/icyphy/ptII/ptolemy/actor/lib/test/auto/LevelCrossTest6.xml
----------------- Instantiating /home/travis/build/icyphy/ptII/ptolemy/actor/lib/test/auto/LevelCrossTest6.xml
1 ms. Memory: 1370624K Free: 1061867K (77%)
----------------- Invoking toplevel() on ptolemy.moml.MoMLSimpleApplication@55e87555
----------------- Done invoking toplevel() on ptolemy.moml.MoMLSimpleApplication@55e87555
reloadAllAccessors: .LevelCrossTest6

===========================================================================================
----------------- testing Fri Jun 07 04:29:20 UTC 2019 /home/travis/build/icyphy/ptII/ptolemy/actor/lib/test/auto/LevelCrossTest7.xml
----------------- Instantiating /home/travis/build/icyphy/ptII/ptolemy/actor/lib/test/auto/LevelCrossTest7.xml
1 ms. Memory: 1370624K Free: 1041185K (76%)
----------------- Invoking toplevel() on ptolemy.moml.MoMLSimpleApplication@35b5d56a
----------------- Done invoking toplevel() on ptolemy.moml.MoMLSimpleApplication@35b5d56a
reloadAllAccessors: .LevelCrossTest7

===========================================================================================
----------------- testing Fri Jun 07 04:29:20 UTC 2019 /home/travis/build/icyphy/ptII/ptolemy/actor/lib/test/auto/LevelCrossTest8.xml
----------------- Instantiating /home/travis/build/icyphy/ptII/ptolemy/actor/lib/test/auto/LevelCrossTest8.xml
1 ms. Memory: 1370624K Free: 1028697K (75%)
----------------- Invoking toplevel() on ptolemy.moml.MoMLSimpleApplication@1ff52c83
----------------- Done invoking toplevel() on ptolemy.moml.MoMLSimpleApplication@1ff52c83
reloadAllAccessors: .LevelCrossTest8

===========================================================================================
----------------- testing Fri Jun 07 04:29:20 UTC 2019 /home/travis/build/icyphy/ptII/ptolemy/actor/lib/test/auto/LevelCrossTest9.xml
----------------- Instantiating /home/travis/build/icyphy/ptII/ptolemy/actor/lib/test/auto/LevelCrossTest9.xml
1 ms. Memory: 1370624K Free: 1016210K (74%)
----------------- Invoking toplevel() on ptolemy.moml.MoMLSimpleApplication@125ee7a5
----------------- Done invoking toplevel() on ptolemy.moml.MoMLSimpleApplication@125ee7a5
reloadAllAccessors: .LevelCrossTest9

===========================================================================================
----------------- testing Fri Jun 07 04:29:20 UTC 2019 /home/travis/build/icyphy/ptII/ptolemy/actor/lib/test/auto/LevinsonDurbin.xml
----------------- Instantiating /home/travis/build/icyphy/ptII/ptolemy/actor/lib/test/auto/LevinsonDurbin.xml
3 ms. Memory: 1370624K Free: 1003722K (73%)
----------------- Invoking toplevel() on ptolemy.moml.MoMLSimpleApplication@a9070fc
----------------- Done invoking toplevel() on ptolemy.moml.MoMLSimpleApplication@a9070fc
reloadAllAccessors: .LevinsonDurbin

===========================================================================================
----------------- testing Fri Jun 07 04:29:20 UTC 2019 /home/travis/build/icyphy/ptII/ptolemy/actor/lib/test/auto/LevinsonDurbin2.xml
----------------- Instantiating /home/travis/build/icyphy/ptII/ptolemy/actor/lib/test/auto/LevinsonDurbin2.xml
1 ms. Memory: 1370624K Free: 983040K (72%)
----------------- Invoking toplevel() on ptolemy.moml.MoMLSimpleApplication@31e58131
----------------- Done invoking toplevel() on ptolemy.moml.MoMLSimpleApplication@31e58131
reloadAllAccessors: .LevinsonDurbin2

===========================================================================================
----------------- testing Fri Jun 07 04:29:20 UTC 2019 /home/travis/build/icyphy/ptII/ptolemy/actor/lib/test/auto/LevinsonDurbin3.xml
----------------- Instantiating /home/travis/build/icyphy/ptII/ptolemy/actor/lib/test/auto/LevinsonDurbin3.xml
2 ms. Memory: 1370624K Free: 970552K (71%)
----------------- Invoking toplevel() on ptolemy.moml.MoMLSimpleApplication@7bc8946c
----------------- Done invoking toplevel() on ptolemy.moml.MoMLSimpleApplication@7bc8946c
reloadAllAccessors: .LevinsonDurbin3

===========================================================================================
----------------- testing Fri Jun 07 04:29:20 UTC 2019 /home/travis/build/icyphy/ptII/ptolemy/actor/lib/test/auto/Limiter.xml
----------------- Instantiating /home/travis/build/icyphy/ptII/ptolemy/actor/lib/test/auto/Limiter.xml
5 ms. Memory: 1370624K Free: 958065K (70%)
----------------- Invoking toplevel() on ptolemy.moml.MoMLSimpleApplication@7b448efd
----------------- Done invoking toplevel() on ptolemy.moml.MoMLSimpleApplication@7b448efd
reloadAllAccessors: .Limiter

===========================================================================================
----------------- testing Fri Jun 07 04:29:20 UTC 2019 /home/travis/build/icyphy/ptII/ptolemy/actor/lib/test/auto/LinearDifferenceEquationSystem.xml
----------------- Instantiating /home/travis/build/icyphy/ptII/ptolemy/actor/lib/test/auto/LinearDifferenceEquationSystem.xml
3 ms. Memory: 1370624K Free: 937382K (68%)
----------------- Invoking toplevel() on ptolemy.moml.MoMLSimpleApplication@2d0d6e6a
----------------- Done invoking toplevel() on ptolemy.moml.MoMLSimpleApplication@2d0d6e6a
reloadAllAccessors: .LinearDifferenceEquationSystem

===========================================================================================
----------------- testing Fri Jun 07 04:29:20 UTC 2019 /home/travis/build/icyphy/ptII/ptolemy/actor/lib/test/auto/LookupTable.xml
----------------- Instantiating /home/travis/build/icyphy/ptII/ptolemy/actor/lib/test/auto/LookupTable.xml
2 ms. Memory: 1370624K Free: 924895K (67%)
----------------- Invoking toplevel() on ptolemy.moml.MoMLSimpleApplication@5e39c41
----------------- Done invoking toplevel() on ptolemy.moml.MoMLSimpleApplication@5e39c41
reloadAllAccessors: .LookupTable

===========================================================================================
----------------- testing Fri Jun 07 04:29:20 UTC 2019 /home/travis/build/icyphy/ptII/ptolemy/actor/lib/test/auto/MathFunction.xml
----------------- Instantiating /home/travis/build/icyphy/ptII/ptolemy/actor/lib/test/auto/MathFunction.xml
9 ms. Memory: 1370624K Free: 912407K (67%)
----------------- Invoking toplevel() on ptolemy.moml.MoMLSimpleApplication@16a3abf6
----------------- Done invoking toplevel() on ptolemy.moml.MoMLSimpleApplication@16a3abf6
reloadAllAccessors: .MathFunction

===========================================================================================
----------------- testing Fri Jun 07 04:29:20 UTC 2019 /home/travis/build/icyphy/ptII/ptolemy/actor/lib/test/auto/MathFunction2.xml
----------------- Instantiating /home/travis/build/icyphy/ptII/ptolemy/actor/lib/test/auto/MathFunction2.xml
1 ms. Memory: 1370624K Free: 899919K (66%)
----------------- Invoking toplevel() on ptolemy.moml.MoMLSimpleApplication@5f347079
----------------- Done invoking toplevel() on ptolemy.moml.MoMLSimpleApplication@5f347079
reloadAllAccessors: .MathFunction2

===========================================================================================
----------------- testing Fri Jun 07 04:29:20 UTC 2019 /home/travis/build/icyphy/ptII/ptolemy/actor/lib/test/auto/MathFunction3.xml
----------------- Instantiating /home/travis/build/icyphy/ptII/ptolemy/actor/lib/test/auto/MathFunction3.xml
6 ms. Memory: 1370624K Free: 879237K (64%)
----------------- Invoking toplevel() on ptolemy.moml.MoMLSimpleApplication@5822324c
----------------- Done invoking toplevel() on ptolemy.moml.MoMLSimpleApplication@5822324c
reloadAllAccessors: .MathFunction3

===========================================================================================
----------------- testing Fri Jun 07 04:29:20 UTC 2019 /home/travis/build/icyphy/ptII/ptolemy/actor/lib/test/auto/MatrixCropBoolean.xml
----------------- Instantiating /home/travis/build/icyphy/ptII/ptolemy/actor/lib/test/auto/MatrixCropBoolean.xml
2 ms. Memory: 1370624K Free: 866749K (63%)
----------------- Invoking toplevel() on ptolemy.moml.MoMLSimpleApplication@413ca1d0
----------------- Done invoking toplevel() on ptolemy.moml.MoMLSimpleApplication@413ca1d0
reloadAllAccessors: .MatrixCropBoolean

===========================================================================================
----------------- testing Fri Jun 07 04:29:20 UTC 2019 /home/travis/build/icyphy/ptII/ptolemy/actor/lib/test/auto/MatrixCropComplex.xml
----------------- Instantiating /home/travis/build/icyphy/ptII/ptolemy/actor/lib/test/auto/MatrixCropComplex.xml
1 ms. Memory: 1370624K Free: 854262K (62%)
----------------- Invoking toplevel() on ptolemy.moml.MoMLSimpleApplication@3c32a0f7
----------------- Done invoking toplevel() on ptolemy.moml.MoMLSimpleApplication@3c32a0f7
reloadAllAccessors: .MatrixCropComplex

===========================================================================================
----------------- testing Fri Jun 07 04:29:20 UTC 2019 /home/travis/build/icyphy/ptII/ptolemy/actor/lib/test/auto/MatrixCropDouble.xml
----------------- Instantiating /home/travis/build/icyphy/ptII/ptolemy/actor/lib/test/auto/MatrixCropDouble.xml
2 ms. Memory: 1370624K Free: 833580K (61%)
----------------- Invoking toplevel() on ptolemy.moml.MoMLSimpleApplication@1b68b555
----------------- Done invoking toplevel() on ptolemy.moml.MoMLSimpleApplication@1b68b555
reloadAllAccessors: .MatrixCropDouble

===========================================================================================
----------------- testing Fri Jun 07 04:29:20 UTC 2019 /home/travis/build/icyphy/ptII/ptolemy/actor/lib/test/auto/MatrixCropFix.xml
----------------- Instantiating /home/travis/build/icyphy/ptII/ptolemy/actor/lib/test/auto/MatrixCropFix.xml
1 ms. Memory: 1370624K Free: 821092K (60%)
----------------- Invoking toplevel() on ptolemy.moml.MoMLSimpleApplication@35b1fd48
----------------- Done invoking toplevel() on ptolemy.moml.MoMLSimpleApplication@35b1fd48
reloadAllAccessors: .MatrixCropFix

===========================================================================================
----------------- testing Fri Jun 07 04:29:20 UTC 2019 /home/travis/build/icyphy/ptII/ptolemy/actor/lib/test/auto/MatrixCropInt.xml
----------------- Instantiating /home/travis/build/icyphy/ptII/ptolemy/actor/lib/test/auto/MatrixCropInt.xml
1 ms. Memory: 1370624K Free: 808604K (59%)
----------------- Invoking toplevel() on ptolemy.moml.MoMLSimpleApplication@60df27ce
----------------- Done invoking toplevel() on ptolemy.moml.MoMLSimpleApplication@60df27ce
reloadAllAccessors: .MatrixCropInt

===========================================================================================
----------------- testing Fri Jun 07 04:29:20 UTC 2019 /home/travis/build/icyphy/ptII/ptolemy/actor/lib/test/auto/MatrixCropLong.xml
----------------- Instantiating /home/travis/build/icyphy/ptII/ptolemy/actor/lib/test/auto/MatrixCropLong.xml
2 ms. Memory: 1370624K Free: 788000K (57%)
----------------- Invoking toplevel() on ptolemy.moml.MoMLSimpleApplication@56265c31
----------------- Done invoking toplevel() on ptolemy.moml.MoMLSimpleApplication@56265c31
reloadAllAccessors: .MatrixCropLong

===========================================================================================
----------------- testing Fri Jun 07 04:29:20 UTC 2019 /home/travis/build/icyphy/ptII/ptolemy/actor/lib/test/auto/MatrixToArray.xml
----------------- Instantiating /home/travis/build/icyphy/ptII/ptolemy/actor/lib/test/auto/MatrixToArray.xml
9 ms. Memory: 1370624K Free: 754822K (55%)
----------------- Invoking toplevel() on ptolemy.moml.MoMLSimpleApplication@6533e5d0
----------------- Done invoking toplevel() on ptolemy.moml.MoMLSimpleApplication@6533e5d0
reloadAllAccessors: .MatrixToArray

===========================================================================================
----------------- testing Fri Jun 07 04:29:20 UTC 2019 /home/travis/build/icyphy/ptII/ptolemy/actor/lib/test/auto/MaxIndex.xml
----------------- Instantiating /home/travis/build/icyphy/ptII/ptolemy/actor/lib/test/auto/MaxIndex.xml
3 ms. Memory: 1370624K Free: 742334K (54%)
----------------- Invoking toplevel() on ptolemy.moml.MoMLSimpleApplication@706fb194
----------------- Done invoking toplevel() on ptolemy.moml.MoMLSimpleApplication@706fb194
reloadAllAccessors: .MaxIndex

===========================================================================================
----------------- testing Fri Jun 07 04:29:21 UTC 2019 /home/travis/build/icyphy/ptII/ptolemy/actor/lib/test/auto/Maximum.xml
----------------- Instantiating /home/travis/build/icyphy/ptII/ptolemy/actor/lib/test/auto/Maximum.xml
2 ms. Memory: 1370624K Free: 729847K (53%)
----------------- Invoking toplevel() on ptolemy.moml.MoMLSimpleApplication@4c1522f7
----------------- Done invoking toplevel() on ptolemy.moml.MoMLSimpleApplication@4c1522f7
reloadAllAccessors: .Maximum

===========================================================================================
----------------- testing Fri Jun 07 04:29:21 UTC 2019 /home/travis/build/icyphy/ptII/ptolemy/actor/lib/test/auto/MaximumComplex.xml
----------------- Instantiating /home/travis/build/icyphy/ptII/ptolemy/actor/lib/test/auto/MaximumComplex.xml
3 ms. Memory: 1370624K Free: 709165K (52%)
----------------- Invoking toplevel() on ptolemy.moml.MoMLSimpleApplication@1f2a9e8d
----------------- Done invoking toplevel() on ptolemy.moml.MoMLSimpleApplication@1f2a9e8d
reloadAllAccessors: .MaximumComplex

===========================================================================================
----------------- testing Fri Jun 07 04:29:21 UTC 2019 /home/travis/build/icyphy/ptII/ptolemy/actor/lib/test/auto/MethodCallTest.xml
----------------- Instantiating /home/travis/build/icyphy/ptII/ptolemy/actor/lib/test/auto/MethodCallTest.xml
2 ms. Memory: 1370624K Free: 696677K (51%)
----------------- Invoking toplevel() on ptolemy.moml.MoMLSimpleApplication@1d053400
----------------- Done invoking toplevel() on ptolemy.moml.MoMLSimpleApplication@1d053400
reloadAllAccessors: .MethodCallTest

===========================================================================================
----------------- testing Fri Jun 07 04:29:21 UTC 2019 /home/travis/build/icyphy/ptII/ptolemy/actor/lib/test/auto/Minimum.xml
----------------- Instantiating /home/travis/build/icyphy/ptII/ptolemy/actor/lib/test/auto/Minimum.xml
2 ms. Memory: 1370624K Free: 684189K (50%)
----------------- Invoking toplevel() on ptolemy.moml.MoMLSimpleApplication@72542632
----------------- Done invoking toplevel() on ptolemy.moml.MoMLSimpleApplication@72542632
reloadAllAccessors: .Minimum

===========================================================================================
----------------- testing Fri Jun 07 04:29:21 UTC 2019 /home/travis/build/icyphy/ptII/ptolemy/actor/lib/test/auto/MinimumComplex.xml
----------------- Instantiating /home/travis/build/icyphy/ptII/ptolemy/actor/lib/test/auto/MinimumComplex.xml
3 ms. Memory: 1370624K Free: 671702K (49%)
----------------- Invoking toplevel() on ptolemy.moml.MoMLSimpleApplication@4585c828
----------------- Done invoking toplevel() on ptolemy.moml.MoMLSimpleApplication@4585c828
reloadAllAccessors: .MinimumComplex

===========================================================================================
----------------- testing Fri Jun 07 04:29:21 UTC 2019 /home/travis/build/icyphy/ptII/ptolemy/actor/lib/test/auto/MinimumMultiports.xml
----------------- Instantiating /home/travis/build/icyphy/ptII/ptolemy/actor/lib/test/auto/MinimumMultiports.xml
4 ms. Memory: 1370624K Free: 651020K (47%)
----------------- Invoking toplevel() on ptolemy.moml.MoMLSimpleApplication@2acb0338
----------------- Done invoking toplevel() on ptolemy.moml.MoMLSimpleApplication@2acb0338
reloadAllAccessors: .MinimumMultiports

===========================================================================================
----------------- testing Fri Jun 07 04:29:21 UTC 2019 /home/travis/build/icyphy/ptII/ptolemy/actor/lib/test/auto/ModifyDate.xml
----------------- Instantiating /home/travis/build/icyphy/ptII/ptolemy/actor/lib/test/auto/ModifyDate.xml
9 ms. Memory: 1370624K Free: 632272K (46%)
----------------- Invoking toplevel() on ptolemy.moml.MoMLSimpleApplication@267980a8
----------------- Done invoking toplevel() on ptolemy.moml.MoMLSimpleApplication@267980a8
reloadAllAccessors: .ModifyDate

===========================================================================================
----------------- testing Fri Jun 07 04:29:21 UTC 2019 /home/travis/build/icyphy/ptII/ptolemy/actor/lib/test/auto/ModifyDate2.xml
----------------- Instantiating /home/travis/build/icyphy/ptII/ptolemy/actor/lib/test/auto/ModifyDate2.xml
2 ms. Memory: 1370624K Free: 613540K (45%)
----------------- Invoking toplevel() on ptolemy.moml.MoMLSimpleApplication@314e265c
----------------- Done invoking toplevel() on ptolemy.moml.MoMLSimpleApplication@314e265c
reloadAllAccessors: .ModifyDate2

===========================================================================================
----------------- testing Fri Jun 07 04:29:21 UTC 2019 /home/travis/build/icyphy/ptII/ptolemy/actor/lib/test/auto/MovingAverage.xml
----------------- Instantiating /home/travis/build/icyphy/ptII/ptolemy/actor/lib/test/auto/MovingAverage.xml
1 ms. Memory: 1370624K Free: 592859K (43%)
----------------- Invoking toplevel() on ptolemy.moml.MoMLSimpleApplication@7455e5ee
----------------- Done invoking toplevel() on ptolemy.moml.MoMLSimpleApplication@7455e5ee
reloadAllAccessors: .MovingAverage

===========================================================================================
----------------- testing Fri Jun 07 04:29:21 UTC 2019 /home/travis/build/icyphy/ptII/ptolemy/actor/lib/test/auto/MovingMaximum.xml
----------------- Instantiating /home/travis/build/icyphy/ptII/ptolemy/actor/lib/test/auto/MovingMaximum.xml
1 ms. Memory: 1370624K Free: 580371K (42%)
----------------- Invoking toplevel() on ptolemy.moml.MoMLSimpleApplication@47725f8e
----------------- Done invoking toplevel() on ptolemy.moml.MoMLSimpleApplication@47725f8e
reloadAllAccessors: .MovingMaximum

===========================================================================================
----------------- testing Fri Jun 07 04:29:21 UTC 2019 /home/travis/build/icyphy/ptII/ptolemy/actor/lib/test/auto/MultipleLinksToSameRelation.xml
----------------- Instantiating /home/travis/build/icyphy/ptII/ptolemy/actor/lib/test/auto/MultipleLinksToSameRelation.xml
2 ms. Memory: 1370624K Free: 567883K (41%)
----------------- Invoking toplevel() on ptolemy.moml.MoMLSimpleApplication@4ca3aebe
----------------- Done invoking toplevel() on ptolemy.moml.MoMLSimpleApplication@4ca3aebe
reloadAllAccessors: .MultipleLinksToSameRelation

===========================================================================================
----------------- testing Fri Jun 07 04:29:21 UTC 2019 /home/travis/build/icyphy/ptII/ptolemy/actor/lib/test/auto/MultipleLinksToSameRelationDE.xml
----------------- Instantiating /home/travis/build/icyphy/ptII/ptolemy/actor/lib/test/auto/MultipleLinksToSameRelationDE.xml
1 ms. Memory: 1370624K Free: 555395K (41%)
----------------- Invoking toplevel() on ptolemy.moml.MoMLSimpleApplication@3d5e8c
----------------- Done invoking toplevel() on ptolemy.moml.MoMLSimpleApplication@3d5e8c
reloadAllAccessors: .MultipleLinksToSameRelationDE

===========================================================================================
----------------- testing Fri Jun 07 04:29:21 UTC 2019 /home/travis/build/icyphy/ptII/ptolemy/actor/lib/test/auto/Multiplexor.xml
----------------- Instantiating /home/travis/build/icyphy/ptII/ptolemy/actor/lib/test/auto/Multiplexor.xml
2 ms. Memory: 1370624K Free: 534714K (39%)
----------------- Invoking toplevel() on ptolemy.moml.MoMLSimpleApplication@1b8d259b
----------------- Done invoking toplevel() on ptolemy.moml.MoMLSimpleApplication@1b8d259b
reloadAllAccessors: .Multiplexor

===========================================================================================
----------------- testing Fri Jun 07 04:29:21 UTC 2019 /home/travis/build/icyphy/ptII/ptolemy/actor/lib/test/auto/Multiplexor1.xml
----------------- Instantiating /home/travis/build/icyphy/ptII/ptolemy/actor/lib/test/auto/Multiplexor1.xml
2 ms. Memory: 1370624K Free: 522226K (38%)
----------------- Invoking toplevel() on ptolemy.moml.MoMLSimpleApplication@3ad98511
----------------- Done invoking toplevel() on ptolemy.moml.MoMLSimpleApplication@3ad98511
reloadAllAccessors: .Multiplexor1

===========================================================================================
----------------- testing Fri Jun 07 04:29:21 UTC 2019 /home/travis/build/icyphy/ptII/ptolemy/actor/lib/test/auto/Multiplexor2.xml
----------------- Instantiating /home/travis/build/icyphy/ptII/ptolemy/actor/lib/test/auto/Multiplexor2.xml
2 ms. Memory: 1370624K Free: 509738K (37%)
----------------- Invoking toplevel() on ptolemy.moml.MoMLSimpleApplication@7e32cd8c
----------------- Done invoking toplevel() on ptolemy.moml.MoMLSimpleApplication@7e32cd8c
reloadAllAccessors: .Multiplexor2

===========================================================================================
----------------- testing Fri Jun 07 04:29:21 UTC 2019 /home/travis/build/icyphy/ptII/ptolemy/actor/lib/test/auto/Multiplexor3.xml
----------------- Instantiating /home/travis/build/icyphy/ptII/ptolemy/actor/lib/test/auto/Multiplexor3.xml
1 ms. Memory: 1370624K Free: 489056K (36%)
----------------- Invoking toplevel() on ptolemy.moml.MoMLSimpleApplication@35ea654e
----------------- Done invoking toplevel() on ptolemy.moml.MoMLSimpleApplication@35ea654e
reloadAllAccessors: .Multiplexor3

===========================================================================================
----------------- testing Fri Jun 07 04:29:21 UTC 2019 /home/travis/build/icyphy/ptII/ptolemy/actor/lib/test/auto/MultiplexorDE.xml
----------------- Instantiating /home/travis/build/icyphy/ptII/ptolemy/actor/lib/test/auto/MultiplexorDE.xml
1 ms. Memory: 1370624K Free: 476568K (35%)
----------------- Invoking toplevel() on ptolemy.moml.MoMLSimpleApplication@c713e3e
----------------- Done invoking toplevel() on ptolemy.moml.MoMLSimpleApplication@c713e3e
reloadAllAccessors: .MultiplexorDE

===========================================================================================
----------------- testing Fri Jun 07 04:29:21 UTC 2019 /home/travis/build/icyphy/ptII/ptolemy/actor/lib/test/auto/MultiportBroadcastTest.xml
----------------- Instantiating /home/travis/build/icyphy/ptII/ptolemy/actor/lib/test/auto/MultiportBroadcastTest.xml
58 ms. Memory: 1370624K Free: 464081K (34%)
----------------- Invoking toplevel() on ptolemy.moml.MoMLSimpleApplication@648dae3c
----------------- Done invoking toplevel() on ptolemy.moml.MoMLSimpleApplication@648dae3c
reloadAllAccessors: .MultiportBroadcastTest

===========================================================================================
----------------- testing Fri Jun 07 04:29:21 UTC 2019 /home/travis/build/icyphy/ptII/ptolemy/actor/lib/test/auto/MultiportOutHangDuringGetWidth.xml
----------------- Instantiating /home/travis/build/icyphy/ptII/ptolemy/actor/lib/test/auto/MultiportOutHangDuringGetWidth.xml
5 ms. Memory: 1370624K Free: 445349K (32%)
----------------- Invoking toplevel() on ptolemy.moml.MoMLSimpleApplication@ba69383
----------------- Done invoking toplevel() on ptolemy.moml.MoMLSimpleApplication@ba69383
reloadAllAccessors: .MultiportOutHangDuringGetWidth

===========================================================================================
----------------- testing Fri Jun 07 04:29:21 UTC 2019 /home/travis/build/icyphy/ptII/ptolemy/actor/lib/test/auto/NilToken.xml
----------------- Instantiating /home/travis/build/icyphy/ptII/ptolemy/actor/lib/test/auto/NilToken.xml
1 ms. Memory: 1370624K Free: 424667K (31%)
----------------- Invoking toplevel() on ptolemy.moml.MoMLSimpleApplication@67f8eb34
----------------- Done invoking toplevel() on ptolemy.moml.MoMLSimpleApplication@67f8eb34
reloadAllAccessors: .NilToken

===========================================================================================
----------------- testing Fri Jun 07 04:29:21 UTC 2019 /home/travis/build/icyphy/ptII/ptolemy/actor/lib/test/auto/NilTokenNonStrictTest.xml
----------------- Instantiating /home/travis/build/icyphy/ptII/ptolemy/actor/lib/test/auto/NilTokenNonStrictTest.xml
1 ms. Memory: 1370624K Free: 412179K (30%)
----------------- Invoking toplevel() on ptolemy.moml.MoMLSimpleApplication@d2ef46c
----------------- Done invoking toplevel() on ptolemy.moml.MoMLSimpleApplication@d2ef46c
reloadAllAccessors: .NilTokenNonStrictTest

===========================================================================================
----------------- testing Fri Jun 07 04:29:21 UTC 2019 /home/travis/build/icyphy/ptII/ptolemy/actor/lib/test/auto/NilTokenRecord.xml
----------------- Instantiating /home/travis/build/icyphy/ptII/ptolemy/actor/lib/test/auto/NilTokenRecord.xml
5 ms. Memory: 1370624K Free: 399692K (29%)
----------------- Invoking toplevel() on ptolemy.moml.MoMLSimpleApplication@409258fb
----------------- Done invoking toplevel() on ptolemy.moml.MoMLSimpleApplication@409258fb
reloadAllAccessors: .NilTokenRecord

===========================================================================================
----------------- testing Fri Jun 07 04:29:21 UTC 2019 /home/travis/build/icyphy/ptII/ptolemy/actor/lib/test/auto/NilTokenTypeTest.xml
----------------- Instantiating /home/travis/build/icyphy/ptII/ptolemy/actor/lib/test/auto/NilTokenTypeTest.xml
7 ms. Memory: 1370624K Free: 372758K (27%)
----------------- Invoking toplevel() on ptolemy.moml.MoMLSimpleApplication@57f8657c
----------------- Done invoking toplevel() on ptolemy.moml.MoMLSimpleApplication@57f8657c
reloadAllAccessors: .NilTokenTypeTest

===========================================================================================
----------------- testing Fri Jun 07 04:29:21 UTC 2019 /home/travis/build/icyphy/ptII/ptolemy/actor/lib/test/auto/ObjectToken1.xml
----------------- Instantiating /home/travis/build/icyphy/ptII/ptolemy/actor/lib/test/auto/ObjectToken1.xml
2 ms. Memory: 1370624K Free: 360270K (26%)
----------------- Invoking toplevel() on ptolemy.moml.MoMLSimpleApplication@78534a02
----------------- Done invoking toplevel() on ptolemy.moml.MoMLSimpleApplication@78534a02
reloadAllAccessors: .ObjectToken1

===========================================================================================
----------------- testing Fri Jun 07 04:29:21 UTC 2019 /home/travis/build/icyphy/ptII/ptolemy/actor/lib/test/auto/OrderedMerge.xml
----------------- Instantiating /home/travis/build/icyphy/ptII/ptolemy/actor/lib/test/auto/OrderedMerge.xml
4 ms. Memory: 1370624K Free: 322807K (24%)
----------------- Invoking toplevel() on ptolemy.moml.MoMLSimpleApplication@c41012
----------------- Done invoking toplevel() on ptolemy.moml.MoMLSimpleApplication@c41012
reloadAllAccessors: .OrderedMerge

===========================================================================================
----------------- testing Fri Jun 07 04:29:21 UTC 2019 /home/travis/build/icyphy/ptII/ptolemy/actor/lib/test/auto/OrderedRecordDisassembler.xml
----------------- Instantiating /home/travis/build/icyphy/ptII/ptolemy/actor/lib/test/auto/OrderedRecordDisassembler.xml
3 ms. Memory: 1370624K Free: 310319K (23%)
----------------- Invoking toplevel() on ptolemy.moml.MoMLSimpleApplication@43c37321
----------------- Done invoking toplevel() on ptolemy.moml.MoMLSimpleApplication@43c37321
reloadAllAccessors: .OrderedRecordDisassembler

===========================================================================================
----------------- testing Fri Jun 07 04:29:21 UTC 2019 /home/travis/build/icyphy/ptII/ptolemy/actor/lib/test/auto/OrderedRecordDisassembler2.xml
----------------- Instantiating /home/travis/build/icyphy/ptII/ptolemy/actor/lib/test/auto/OrderedRecordDisassembler2.xml
4 ms. Memory: 1370624K Free: 289637K (21%)
----------------- Invoking toplevel() on ptolemy.moml.MoMLSimpleApplication@1bab7df9
----------------- Done invoking toplevel() on ptolemy.moml.MoMLSimpleApplication@1bab7df9
reloadAllAccessors: .OrderedRecordDisassembler2

===========================================================================================
----------------- testing Fri Jun 07 04:29:21 UTC 2019 /home/travis/build/icyphy/ptII/ptolemy/actor/lib/test/auto/OrderedRecordUpdater.xml
----------------- Instantiating /home/travis/build/icyphy/ptII/ptolemy/actor/lib/test/auto/OrderedRecordUpdater.xml
2 ms. Memory: 1370624K Free: 277150K (20%)
----------------- Invoking toplevel() on ptolemy.moml.MoMLSimpleApplication@64323f2d
----------------- Done invoking toplevel() on ptolemy.moml.MoMLSimpleApplication@64323f2d
reloadAllAccessors: .RecordUpdater

===========================================================================================
----------------- testing Fri Jun 07 04:29:21 UTC 2019 /home/travis/build/icyphy/ptII/ptolemy/actor/lib/test/auto/OrderedRecordUpdater2.xml
----------------- Instantiating /home/travis/build/icyphy/ptII/ptolemy/actor/lib/test/auto/OrderedRecordUpdater2.xml
2 ms. Memory: 1370624K Free: 264662K (19%)
----------------- Invoking toplevel() on ptolemy.moml.MoMLSimpleApplication@4adf9bb0
----------------- Done invoking toplevel() on ptolemy.moml.MoMLSimpleApplication@4adf9bb0
reloadAllAccessors: .RecordUpdater2

===========================================================================================
----------------- testing Fri Jun 07 04:29:21 UTC 2019 /home/travis/build/icyphy/ptII/ptolemy/actor/lib/test/auto/PhaseUnwrap.xml
----------------- Instantiating /home/travis/build/icyphy/ptII/ptolemy/actor/lib/test/auto/PhaseUnwrap.xml
2 ms. Memory: 1370624K Free: 243980K (18%)
----------------- Invoking toplevel() on ptolemy.moml.MoMLSimpleApplication@4eb3e048
----------------- Done invoking toplevel() on ptolemy.moml.MoMLSimpleApplication@4eb3e048
reloadAllAccessors: .PhaseUnwrap

===========================================================================================
----------------- testing Fri Jun 07 04:29:21 UTC 2019 /home/travis/build/icyphy/ptII/ptolemy/actor/lib/test/auto/PoissonClock.xml
----------------- Instantiating /home/travis/build/icyphy/ptII/ptolemy/actor/lib/test/auto/PoissonClock.xml
2 ms. Memory: 1370624K Free: 231492K (17%)
----------------- Invoking toplevel() on ptolemy.moml.MoMLSimpleApplication@6ebdf333
----------------- Done invoking toplevel() on ptolemy.moml.MoMLSimpleApplication@6ebdf333
reloadAllAccessors: .PoissonClock

===========================================================================================
----------------- testing Fri Jun 07 04:29:21 UTC 2019 /home/travis/build/icyphy/ptII/ptolemy/actor/lib/test/auto/PoissonClock2.xml
----------------- Instantiating /home/travis/build/icyphy/ptII/ptolemy/actor/lib/test/auto/PoissonClock2.xml
1 ms. Memory: 1370624K Free: 219005K (16%)
----------------- Invoking toplevel() on ptolemy.moml.MoMLSimpleApplication@18db1466
----------------- Done invoking toplevel() on ptolemy.moml.MoMLSimpleApplication@18db1466
reloadAllAccessors: .PoissonClock2

===========================================================================================
----------------- testing Fri Jun 07 04:29:21 UTC 2019 /home/travis/build/icyphy/ptII/ptolemy/actor/lib/test/auto/PoissonClock3.xml
----------------- Instantiating /home/travis/build/icyphy/ptII/ptolemy/actor/lib/test/auto/PoissonClock3.xml
2 ms. Memory: 1370624K Free: 206517K (15%)
----------------- Invoking toplevel() on ptolemy.moml.MoMLSimpleApplication@61105ec0
----------------- Done invoking toplevel() on ptolemy.moml.MoMLSimpleApplication@61105ec0
reloadAllAccessors: .PoissonClock3

===========================================================================================
----------------- testing Fri Jun 07 04:29:21 UTC 2019 /home/travis/build/icyphy/ptII/ptolemy/actor/lib/test/auto/PubSubWithInitialTokens.xml
----------------- Instantiating /home/travis/build/icyphy/ptII/ptolemy/actor/lib/test/auto/PubSubWithInitialTokens.xml
3 ms. Memory: 1370624K Free: 185835K (14%)
----------------- Invoking toplevel() on ptolemy.moml.MoMLSimpleApplication@7e1fee1a
----------------- Done invoking toplevel() on ptolemy.moml.MoMLSimpleApplication@7e1fee1a
reloadAllAccessors: .PubSubWithInitialTokens

===========================================================================================
----------------- testing Fri Jun 07 04:29:21 UTC 2019 /home/travis/build/icyphy/ptII/ptolemy/actor/lib/test/auto/PubSubWithInitialTokens2.xml
----------------- Instantiating /home/travis/build/icyphy/ptII/ptolemy/actor/lib/test/auto/PubSubWithInitialTokens2.xml
2 ms. Memory: 1370624K Free: 173347K (13%)
----------------- Invoking toplevel() on ptolemy.moml.MoMLSimpleApplication@2fe7bbb4
----------------- Done invoking toplevel() on ptolemy.moml.MoMLSimpleApplication@2fe7bbb4
reloadAllAccessors: .PubSubWithInitialTokens2

===========================================================================================
----------------- testing Fri Jun 07 04:29:21 UTC 2019 /home/travis/build/icyphy/ptII/ptolemy/actor/lib/test/auto/PublisherClassNoParameter.xml
----------------- Instantiating /home/travis/build/icyphy/ptII/ptolemy/actor/lib/test/auto/PublisherClassNoParameter.xml
2 ms. Memory: 1370624K Free: 154600K (11%)
----------------- Invoking toplevel() on ptolemy.moml.MoMLSimpleApplication@d9a5be
----------------- Done invoking toplevel() on ptolemy.moml.MoMLSimpleApplication@d9a5be
reloadAllAccessors: .PublisherClassNoParameter

===========================================================================================
----------------- testing Fri Jun 07 04:29:21 UTC 2019 /home/travis/build/icyphy/ptII/ptolemy/actor/lib/test/auto/PublisherClassParameter.xml
----------------- Instantiating /home/travis/build/icyphy/ptII/ptolemy/actor/lib/test/auto/PublisherClassParameter.xml
2 ms. Memory: 1370624K Free: 127658K (9%)
----------------- Invoking toplevel() on ptolemy.moml.MoMLSimpleApplication@3e97ab32
----------------- Done invoking toplevel() on ptolemy.moml.MoMLSimpleApplication@3e97ab32
reloadAllAccessors: .PublisherClassParameter

===========================================================================================
----------------- testing Fri Jun 07 04:29:21 UTC 2019 /home/travis/build/icyphy/ptII/ptolemy/actor/lib/test/auto/PublisherNonStrictTest.xml
----------------- Instantiating /home/travis/build/icyphy/ptII/ptolemy/actor/lib/test/auto/PublisherNonStrictTest.xml
3 ms. Memory: 1370624K Free: 115170K (8%)
----------------- Invoking toplevel() on ptolemy.moml.MoMLSimpleApplication@146700f6
----------------- Done invoking toplevel() on ptolemy.moml.MoMLSimpleApplication@146700f6
reloadAllAccessors: .PublisherNonStrictTest

===========================================================================================
----------------- testing Fri Jun 07 04:29:21 UTC 2019 /home/travis/build/icyphy/ptII/ptolemy/actor/lib/test/auto/PublisherPort1.xml
----------------- Instantiating /home/travis/build/icyphy/ptII/ptolemy/actor/lib/test/auto/PublisherPort1.xml
2 ms. Memory: 1370624K Free: 102682K (7%)
----------------- Invoking toplevel() on ptolemy.moml.MoMLSimpleApplication@5dd6ad7
----------------- Done invoking toplevel() on ptolemy.moml.MoMLSimpleApplication@5dd6ad7
reloadAllAccessors: .PublisherPort1

===========================================================================================
----------------- testing Fri Jun 07 04:29:21 UTC 2019 /home/travis/build/icyphy/ptII/ptolemy/actor/lib/test/auto/PublisherPort2.xml
----------------- Instantiating /home/travis/build/icyphy/ptII/ptolemy/actor/lib/test/auto/PublisherPort2.xml
1 ms. Memory: 1370624K Free: 82090K (6%)
----------------- Invoking toplevel() on ptolemy.moml.MoMLSimpleApplication@5a55f1af
----------------- Done invoking toplevel() on ptolemy.moml.MoMLSimpleApplication@5a55f1af
reloadAllAccessors: .PublisherPort2

===========================================================================================
----------------- testing Fri Jun 07 04:29:21 UTC 2019 /home/travis/build/icyphy/ptII/ptolemy/actor/lib/test/auto/PublisherPort3.xml
----------------- Instantiating /home/travis/build/icyphy/ptII/ptolemy/actor/lib/test/auto/PublisherPort3.xml
9 ms. Memory: 1529856K Free: 1475423K (96%)
----------------- Invoking toplevel() on ptolemy.moml.MoMLSimpleApplication@4ecaf764
----------------- Done invoking toplevel() on ptolemy.moml.MoMLSimpleApplication@4ecaf764
reloadAllAccessors: .PublisherPort3

===========================================================================================
----------------- testing Fri Jun 07 04:29:21 UTC 2019 /home/travis/build/icyphy/ptII/ptolemy/actor/lib/test/auto/PublisherPort4.xml
----------------- Instantiating /home/travis/build/icyphy/ptII/ptolemy/actor/lib/test/auto/PublisherPort4.xml
2 ms. Memory: 1529856K Free: 1453560K (95%)
----------------- Invoking toplevel() on ptolemy.moml.MoMLSimpleApplication@5cec4f13
----------------- Done invoking toplevel() on ptolemy.moml.MoMLSimpleApplication@5cec4f13
reloadAllAccessors: .PublisherPort4

===========================================================================================
----------------- testing Fri Jun 07 04:29:21 UTC 2019 /home/travis/build/icyphy/ptII/ptolemy/actor/lib/test/auto/PublisherPort5.xml
----------------- Instantiating /home/travis/build/icyphy/ptII/ptolemy/actor/lib/test/auto/PublisherPort5.xml
4 ms. Memory: 1529856K Free: 1439285K (94%)
----------------- Invoking toplevel() on ptolemy.moml.MoMLSimpleApplication@46ab901d
----------------- Done invoking toplevel() on ptolemy.moml.MoMLSimpleApplication@46ab901d
reloadAllAccessors: .PublisherPort5

===========================================================================================
----------------- testing Fri Jun 07 04:29:21 UTC 2019 /home/travis/build/icyphy/ptII/ptolemy/actor/lib/test/auto/PublisherPort5LookAlike.xml
----------------- Instantiating /home/travis/build/icyphy/ptII/ptolemy/actor/lib/test/auto/PublisherPort5LookAlike.xml
6 ms. Memory: 1529856K Free: 1424929K (93%)
----------------- Invoking toplevel() on ptolemy.moml.MoMLSimpleApplication@3cacde05
----------------- Done invoking toplevel() on ptolemy.moml.MoMLSimpleApplication@3cacde05
reloadAllAccessors: .PublisherPort5LookAlike

===========================================================================================
----------------- testing Fri Jun 07 04:29:21 UTC 2019 /home/travis/build/icyphy/ptII/ptolemy/actor/lib/test/auto/PublisherPort6.xml
----------------- Instantiating /home/travis/build/icyphy/ptII/ptolemy/actor/lib/test/auto/PublisherPort6.xml
2 ms. Memory: 1529856K Free: 1403066K (92%)
----------------- Invoking toplevel() on ptolemy.moml.MoMLSimpleApplication@74c9d6b
----------------- Done invoking toplevel() on ptolemy.moml.MoMLSimpleApplication@74c9d6b
reloadAllAccessors: .PublisherPort6

===========================================================================================
----------------- testing Fri Jun 07 04:29:21 UTC 2019 /home/travis/build/icyphy/ptII/ptolemy/actor/lib/test/auto/PublisherPort7.xml
----------------- Instantiating /home/travis/build/icyphy/ptII/ptolemy/actor/lib/test/auto/PublisherPort7.xml
3 ms. Memory: 1529856K Free: 1388791K (91%)
----------------- Invoking toplevel() on ptolemy.moml.MoMLSimpleApplication@470d3a90
----------------- Done invoking toplevel() on ptolemy.moml.MoMLSimpleApplication@470d3a90
reloadAllAccessors: .PublisherPort7

===========================================================================================
----------------- testing Fri Jun 07 04:29:21 UTC 2019 /home/travis/build/icyphy/ptII/ptolemy/actor/lib/test/auto/PublisherPort8.xml
----------------- Instantiating /home/travis/build/icyphy/ptII/ptolemy/actor/lib/test/auto/PublisherPort8.xml
4 ms. Memory: 1529856K Free: 1374517K (90%)
----------------- Invoking toplevel() on ptolemy.moml.MoMLSimpleApplication@d652125
----------------- Done invoking toplevel() on ptolemy.moml.MoMLSimpleApplication@d652125
reloadAllAccessors: .PublisherPort8

===========================================================================================
----------------- testing Fri Jun 07 04:29:22 UTC 2019 /home/travis/build/icyphy/ptII/ptolemy/actor/lib/test/auto/PublisherPortSubscriberChannelVariablesAOC2.xml
----------------- Instantiating /home/travis/build/icyphy/ptII/ptolemy/actor/lib/test/auto/PublisherPortSubscriberChannelVariablesAOC2.xml
3 ms. Memory: 1529856K Free: 1338346K (87%)
----------------- Invoking toplevel() on ptolemy.moml.MoMLSimpleApplication@636e9461
----------------- Done invoking toplevel() on ptolemy.moml.MoMLSimpleApplication@636e9461
reloadAllAccessors: .PublisherPortSubscriberChannelVariablesAOC2

===========================================================================================
----------------- testing Fri Jun 07 04:29:22 UTC 2019 /home/travis/build/icyphy/ptII/ptolemy/actor/lib/test/auto/PublisherPortSubscriberOpaqueWidthInference.xml
----------------- Instantiating /home/travis/build/icyphy/ptII/ptolemy/actor/lib/test/auto/PublisherPortSubscriberOpaqueWidthInference.xml
3 ms. Memory: 1529856K Free: 1324072K (87%)
----------------- Invoking toplevel() on ptolemy.moml.MoMLSimpleApplication@5ecaf415
----------------- Done invoking toplevel() on ptolemy.moml.MoMLSimpleApplication@5ecaf415
reloadAllAccessors: .PublisherPortSubscriberOpaqueWidthInference

===========================================================================================
----------------- testing Fri Jun 07 04:29:22 UTC 2019 /home/travis/build/icyphy/ptII/ptolemy/actor/lib/test/auto/PublisherPortSubscriberPortAdjacent.xml
----------------- Instantiating /home/travis/build/icyphy/ptII/ptolemy/actor/lib/test/auto/PublisherPortSubscriberPortAdjacent.xml
2 ms. Memory: 1529856K Free: 1309797K (86%)
----------------- Invoking toplevel() on ptolemy.moml.MoMLSimpleApplication@42f989d9
----------------- Done invoking toplevel() on ptolemy.moml.MoMLSimpleApplication@42f989d9
reloadAllAccessors: .PublisherPortSubscriberPortAdjacent

===========================================================================================
----------------- testing Fri Jun 07 04:29:22 UTC 2019 /home/travis/build/icyphy/ptII/ptolemy/actor/lib/test/auto/PublisherPortSubscriberPortExpression.xml
----------------- Instantiating /home/travis/build/icyphy/ptII/ptolemy/actor/lib/test/auto/PublisherPortSubscriberPortExpression.xml
5 ms. Memory: 1529856K Free: 1287934K (84%)
----------------- Invoking toplevel() on ptolemy.moml.MoMLSimpleApplication@2c7a883
----------------- Done invoking toplevel() on ptolemy.moml.MoMLSimpleApplication@2c7a883
reloadAllAccessors: .PublisherPortSubscriberPortExpression

===========================================================================================
----------------- testing Fri Jun 07 04:29:22 UTC 2019 /home/travis/build/icyphy/ptII/ptolemy/actor/lib/test/auto/PublisherPortSubscriberPortOpaqueD3Reverse.xml
----------------- Instantiating /home/travis/build/icyphy/ptII/ptolemy/actor/lib/test/auto/PublisherPortSubscriberPortOpaqueD3Reverse.xml
7 ms. Memory: 1529856K Free: 1273660K (83%)
----------------- Invoking toplevel() on ptolemy.moml.MoMLSimpleApplication@8c02f06
----------------- Done invoking toplevel() on ptolemy.moml.MoMLSimpleApplication@8c02f06
reloadAllAccessors: .PublisherPortSubscriberPortOpaqueD3Reverse

===========================================================================================
----------------- testing Fri Jun 07 04:29:22 UTC 2019 /home/travis/build/icyphy/ptII/ptolemy/actor/lib/test/auto/PublisherPortSubscriberPortOpaqueWidthInference.xml
----------------- Instantiating /home/travis/build/icyphy/ptII/ptolemy/actor/lib/test/auto/PublisherPortSubscriberPortOpaqueWidthInference.xml
3 ms. Memory: 1529856K Free: 1259385K (82%)
----------------- Invoking toplevel() on ptolemy.moml.MoMLSimpleApplication@12c586b6
----------------- Done invoking toplevel() on ptolemy.moml.MoMLSimpleApplication@12c586b6
reloadAllAccessors: .PublisherPortSubscriberPortOpaqueWidthInference

===========================================================================================
----------------- testing Fri Jun 07 04:29:22 UTC 2019 /home/travis/build/icyphy/ptII/ptolemy/actor/lib/test/auto/PublisherPortToplevelSubscriberPortAOC.xml
----------------- Instantiating /home/travis/build/icyphy/ptII/ptolemy/actor/lib/test/auto/PublisherPortToplevelSubscriberPortAOC.xml
.PublisherPortToplevelSubscriberPortAOC.TestExceptionAttribute: initialize() was not invoked, but wrapup() was.  This is unusual, but not always a problem.  For example, exporting JNLP will do this.
0 ms. Memory: 1529856K Free: 1237522K (81%)
----------------- Invoking toplevel() on ptolemy.moml.MoMLSimpleApplication@1c46ce0e
----------------- Done invoking toplevel() on ptolemy.moml.MoMLSimpleApplication@1c46ce0e
reloadAllAccessors: .PublisherPortToplevelSubscriberPortAOC

===========================================================================================
----------------- testing Fri Jun 07 04:29:22 UTC 2019 /home/travis/build/icyphy/ptII/ptolemy/actor/lib/test/auto/PublisherSubscriber.xml
----------------- Instantiating /home/travis/build/icyphy/ptII/ptolemy/actor/lib/test/auto/PublisherSubscriber.xml
3 ms. Memory: 1529856K Free: 1223247K (80%)
----------------- Invoking toplevel() on ptolemy.moml.MoMLSimpleApplication@711ef407
----------------- Done invoking toplevel() on ptolemy.moml.MoMLSimpleApplication@711ef407
reloadAllAccessors: .PublisherSubscriber

===========================================================================================
----------------- testing Fri Jun 07 04:29:22 UTC 2019 /home/travis/build/icyphy/ptII/ptolemy/actor/lib/test/auto/PublisherSubscriber10.xml
----------------- Instantiating /home/travis/build/icyphy/ptII/ptolemy/actor/lib/test/auto/PublisherSubscriber10.xml
5 ms. Memory: 1529856K Free: 1208973K (79%)
----------------- Invoking toplevel() on ptolemy.moml.MoMLSimpleApplication@28433d8
----------------- Done invoking toplevel() on ptolemy.moml.MoMLSimpleApplication@28433d8
reloadAllAccessors: .PublisherSubscriber10

===========================================================================================
----------------- testing Fri Jun 07 04:29:22 UTC 2019 /home/travis/build/icyphy/ptII/ptolemy/actor/lib/test/auto/PublisherSubscriber10InitialOutputs.xml
----------------- Instantiating /home/travis/build/icyphy/ptII/ptolemy/actor/lib/test/auto/PublisherSubscriber10InitialOutputs.xml
13 ms. Memory: 1529856K Free: 1187110K (78%)
----------------- Invoking toplevel() on ptolemy.moml.MoMLSimpleApplication@63f0c540
----------------- Done invoking toplevel() on ptolemy.moml.MoMLSimpleApplication@63f0c540
reloadAllAccessors: .PublisherSubscriber10InitialOutputs

===========================================================================================
----------------- testing Fri Jun 07 04:29:22 UTC 2019 /home/travis/build/icyphy/ptII/ptolemy/actor/lib/test/auto/PublisherSubscriber11.xml
----------------- Instantiating /home/travis/build/icyphy/ptII/ptolemy/actor/lib/test/auto/PublisherSubscriber11.xml
3 ms. Memory: 1529856K Free: 1172835K (77%)
----------------- Invoking toplevel() on ptolemy.moml.MoMLSimpleApplication@1e2bfb02
----------------- Done invoking toplevel() on ptolemy.moml.MoMLSimpleApplication@1e2bfb02
reloadAllAccessors: .PublisherSubscriber11

===========================================================================================
----------------- testing Fri Jun 07 04:29:22 UTC 2019 /home/travis/build/icyphy/ptII/ptolemy/actor/lib/test/auto/PublisherSubscriber12.xml
----------------- Instantiating /home/travis/build/icyphy/ptII/ptolemy/actor/lib/test/auto/PublisherSubscriber12.xml
4 ms. Memory: 1529856K Free: 1158560K (76%)
----------------- Invoking toplevel() on ptolemy.moml.MoMLSimpleApplication@35e5d3fd
----------------- Done invoking toplevel() on ptolemy.moml.MoMLSimpleApplication@35e5d3fd
reloadAllAccessors: .PublisherSubscriber12

===========================================================================================
----------------- testing Fri Jun 07 04:29:22 UTC 2019 /home/travis/build/icyphy/ptII/ptolemy/actor/lib/test/auto/PublisherSubscriber13.xml
----------------- Instantiating /home/travis/build/icyphy/ptII/ptolemy/actor/lib/test/auto/PublisherSubscriber13.xml
2 ms. Memory: 1529856K Free: 1136697K (74%)
----------------- Invoking toplevel() on ptolemy.moml.MoMLSimpleApplication@2546269c
----------------- Done invoking toplevel() on ptolemy.moml.MoMLSimpleApplication@2546269c
reloadAllAccessors: .PublisherSubscriber13

===========================================================================================
----------------- testing Fri Jun 07 04:29:22 UTC 2019 /home/travis/build/icyphy/ptII/ptolemy/actor/lib/test/auto/PublisherSubscriber14.xml
----------------- Instantiating /home/travis/build/icyphy/ptII/ptolemy/actor/lib/test/auto/PublisherSubscriber14.xml
2 ms. Memory: 1529856K Free: 1122423K (73%)
----------------- Invoking toplevel() on ptolemy.moml.MoMLSimpleApplication@6b3ee9f2
----------------- Done invoking toplevel() on ptolemy.moml.MoMLSimpleApplication@6b3ee9f2
reloadAllAccessors: .PublisherSubscriber14

===========================================================================================
----------------- testing Fri Jun 07 04:29:22 UTC 2019 /home/travis/build/icyphy/ptII/ptolemy/actor/lib/test/auto/PublisherSubscriber2.xml
----------------- Instantiating /home/travis/build/icyphy/ptII/ptolemy/actor/lib/test/auto/PublisherSubscriber2.xml
3 ms. Memory: 1529856K Free: 1108148K (72%)
----------------- Invoking toplevel() on ptolemy.moml.MoMLSimpleApplication@12b99222
----------------- Done invoking toplevel() on ptolemy.moml.MoMLSimpleApplication@12b99222
reloadAllAccessors: .PublisherSubscriber2

===========================================================================================
----------------- testing Fri Jun 07 04:29:22 UTC 2019 /home/travis/build/icyphy/ptII/ptolemy/actor/lib/test/auto/PublisherSubscriber3.xml
----------------- Instantiating /home/travis/build/icyphy/ptII/ptolemy/actor/lib/test/auto/PublisherSubscriber3.xml
2 ms. Memory: 1529856K Free: 1093874K (72%)
----------------- Invoking toplevel() on ptolemy.moml.MoMLSimpleApplication@6a4a8493
----------------- Done invoking toplevel() on ptolemy.moml.MoMLSimpleApplication@6a4a8493
reloadAllAccessors: .PublisherSubscriber3

===========================================================================================
----------------- testing Fri Jun 07 04:29:22 UTC 2019 /home/travis/build/icyphy/ptII/ptolemy/actor/lib/test/auto/PublisherSubscriber4.xml
----------------- Instantiating /home/travis/build/icyphy/ptII/ptolemy/actor/lib/test/auto/PublisherSubscriber4.xml
1 ms. Memory: 1529856K Free: 1072010K (70%)
----------------- Invoking toplevel() on ptolemy.moml.MoMLSimpleApplication@6001cc0a
----------------- Done invoking toplevel() on ptolemy.moml.MoMLSimpleApplication@6001cc0a
reloadAllAccessors: .PublisherSubscriber4

===========================================================================================
----------------- testing Fri Jun 07 04:29:22 UTC 2019 /home/travis/build/icyphy/ptII/ptolemy/actor/lib/test/auto/PublisherSubscriber5.xml
----------------- Instantiating /home/travis/build/icyphy/ptII/ptolemy/actor/lib/test/auto/PublisherSubscriber5.xml
2 ms. Memory: 1529856K Free: 1057736K (69%)
----------------- Invoking toplevel() on ptolemy.moml.MoMLSimpleApplication@1db0b931
----------------- Done invoking toplevel() on ptolemy.moml.MoMLSimpleApplication@1db0b931
reloadAllAccessors: .PublisherSubscriber5

===========================================================================================
----------------- testing Fri Jun 07 04:29:22 UTC 2019 /home/travis/build/icyphy/ptII/ptolemy/actor/lib/test/auto/PublisherSubscriber6.xml
----------------- Instantiating /home/travis/build/icyphy/ptII/ptolemy/actor/lib/test/auto/PublisherSubscriber6.xml
2 ms. Memory: 1529856K Free: 1043461K (68%)
----------------- Invoking toplevel() on ptolemy.moml.MoMLSimpleApplication@7b944e6f
----------------- Done invoking toplevel() on ptolemy.moml.MoMLSimpleApplication@7b944e6f
reloadAllAccessors: .PublisherSubscriber6

===========================================================================================
----------------- testing Fri Jun 07 04:29:22 UTC 2019 /home/travis/build/icyphy/ptII/ptolemy/actor/lib/test/auto/PublisherSubscriber7.xml
----------------- Instantiating /home/travis/build/icyphy/ptII/ptolemy/actor/lib/test/auto/PublisherSubscriber7.xml
1 ms. Memory: 1529856K Free: 1021598K (67%)
----------------- Invoking toplevel() on ptolemy.moml.MoMLSimpleApplication@12a8ccb9
----------------- Done invoking toplevel() on ptolemy.moml.MoMLSimpleApplication@12a8ccb9
reloadAllAccessors: .PublisherSubscriber7

===========================================================================================
----------------- testing Fri Jun 07 04:29:22 UTC 2019 /home/travis/build/icyphy/ptII/ptolemy/actor/lib/test/auto/PublisherSubscriber8.xml
----------------- Instantiating /home/travis/build/icyphy/ptII/ptolemy/actor/lib/test/auto/PublisherSubscriber8.xml
11 ms. Memory: 1529856K Free: 935950K (61%)
----------------- Invoking toplevel() on ptolemy.moml.MoMLSimpleApplication@73efcabe
----------------- Done invoking toplevel() on ptolemy.moml.MoMLSimpleApplication@73efcabe
reloadAllAccessors: .PublisherSubscriber8

===========================================================================================
----------------- testing Fri Jun 07 04:29:22 UTC 2019 /home/travis/build/icyphy/ptII/ptolemy/actor/lib/test/auto/PublisherSubscriber9.xml
----------------- Instantiating /home/travis/build/icyphy/ptII/ptolemy/actor/lib/test/auto/PublisherSubscriber9.xml
2 ms. Memory: 1529856K Free: 921675K (60%)
----------------- Invoking toplevel() on ptolemy.moml.MoMLSimpleApplication@9666018
----------------- Done invoking toplevel() on ptolemy.moml.MoMLSimpleApplication@9666018
reloadAllAccessors: .PublisherSubscriber9

===========================================================================================
----------------- testing Fri Jun 07 04:29:22 UTC 2019 /home/travis/build/icyphy/ptII/ptolemy/actor/lib/test/auto/PublisherSubscriberAdjacent.xml
----------------- Instantiating /home/travis/build/icyphy/ptII/ptolemy/actor/lib/test/auto/PublisherSubscriberAdjacent.xml
1 ms. Memory: 1529856K Free: 899812K (59%)
----------------- Invoking toplevel() on ptolemy.moml.MoMLSimpleApplication@2b5f9fdd
----------------- Done invoking toplevel() on ptolemy.moml.MoMLSimpleApplication@2b5f9fdd
reloadAllAccessors: .PublisherSubscriberAdjacent

===========================================================================================
----------------- testing Fri Jun 07 04:29:22 UTC 2019 /home/travis/build/icyphy/ptII/ptolemy/actor/lib/test/auto/PublisherSubscriberChannelVariablesAOC2.xml
----------------- Instantiating /home/travis/build/icyphy/ptII/ptolemy/actor/lib/test/auto/PublisherSubscriberChannelVariablesAOC2.xml
3 ms. Memory: 1529856K Free: 878400K (57%)
----------------- Invoking toplevel() on ptolemy.moml.MoMLSimpleApplication@54def4a7
----------------- Done invoking toplevel() on ptolemy.moml.MoMLSimpleApplication@54def4a7
reloadAllAccessors: .PublisherSubscriberChannelVariablesAOC2

===========================================================================================
----------------- testing Fri Jun 07 04:29:22 UTC 2019 /home/travis/build/icyphy/ptII/ptolemy/actor/lib/test/auto/PublisherSubscriberD3.xml
----------------- Instantiating /home/travis/build/icyphy/ptII/ptolemy/actor/lib/test/auto/PublisherSubscriberD3.xml
1 ms. Memory: 1529856K Free: 864125K (56%)
----------------- Invoking toplevel() on ptolemy.moml.MoMLSimpleApplication@21d5e5f7
----------------- Done invoking toplevel() on ptolemy.moml.MoMLSimpleApplication@21d5e5f7
reloadAllAccessors: .PublisherSubscriberD3

===========================================================================================
----------------- testing Fri Jun 07 04:29:22 UTC 2019 /home/travis/build/icyphy/ptII/ptolemy/actor/lib/test/auto/PublisherSubscriberD3Reverse.xml
----------------- Instantiating /home/travis/build/icyphy/ptII/ptolemy/actor/lib/test/auto/PublisherSubscriberD3Reverse.xml
1 ms. Memory: 1529856K Free: 842262K (55%)
----------------- Invoking toplevel() on ptolemy.moml.MoMLSimpleApplication@4400a43
----------------- Done invoking toplevel() on ptolemy.moml.MoMLSimpleApplication@4400a43
reloadAllAccessors: .PublisherSubscriberD3Reverse

===========================================================================================
----------------- testing Fri Jun 07 04:29:22 UTC 2019 /home/travis/build/icyphy/ptII/ptolemy/actor/lib/test/auto/PublisherSubscriberExpression.xml
----------------- Instantiating /home/travis/build/icyphy/ptII/ptolemy/actor/lib/test/auto/PublisherSubscriberExpression.xml
2 ms. Memory: 1529856K Free: 827988K (54%)
----------------- Invoking toplevel() on ptolemy.moml.MoMLSimpleApplication@5fcf04f2
----------------- Done invoking toplevel() on ptolemy.moml.MoMLSimpleApplication@5fcf04f2
reloadAllAccessors: .PublisherSubscriberExpression

===========================================================================================
----------------- testing Fri Jun 07 04:29:22 UTC 2019 /home/travis/build/icyphy/ptII/ptolemy/actor/lib/test/auto/PublisherSubscriberOpaque.xml
----------------- Instantiating /home/travis/build/icyphy/ptII/ptolemy/actor/lib/test/auto/PublisherSubscriberOpaque.xml
3 ms. Memory: 1529856K Free: 813713K (53%)
----------------- Invoking toplevel() on ptolemy.moml.MoMLSimpleApplication@6ccbe380
----------------- Done invoking toplevel() on ptolemy.moml.MoMLSimpleApplication@6ccbe380
reloadAllAccessors: .PublisherSubscriberOpaque

===========================================================================================
----------------- testing Fri Jun 07 04:29:22 UTC 2019 /home/travis/build/icyphy/ptII/ptolemy/actor/lib/test/auto/PublisherSubscriberOpaqueD3.xml
----------------- Instantiating /home/travis/build/icyphy/ptII/ptolemy/actor/lib/test/auto/PublisherSubscriberOpaqueD3.xml
5 ms. Memory: 1529856K Free: 784712K (51%)
----------------- Invoking toplevel() on ptolemy.moml.MoMLSimpleApplication@60a6bbab
----------------- Done invoking toplevel() on ptolemy.moml.MoMLSimpleApplication@60a6bbab
reloadAllAccessors: .PublisherSubscriberOpaqueD3

===========================================================================================
----------------- testing Fri Jun 07 04:29:22 UTC 2019 /home/travis/build/icyphy/ptII/ptolemy/actor/lib/test/auto/PublisherSubscriberOpaqueD3Reverse.xml
----------------- Instantiating /home/travis/build/icyphy/ptII/ptolemy/actor/lib/test/auto/PublisherSubscriberOpaqueD3Reverse.xml
5 ms. Memory: 1529856K Free: 770438K (50%)
----------------- Invoking toplevel() on ptolemy.moml.MoMLSimpleApplication@b9b2cbe
----------------- Done invoking toplevel() on ptolemy.moml.MoMLSimpleApplication@b9b2cbe
reloadAllAccessors: .PublisherSubscriberOpaqueD3Reverse

===========================================================================================
----------------- testing Fri Jun 07 04:29:22 UTC 2019 /home/travis/build/icyphy/ptII/ptolemy/actor/lib/test/auto/PublisherSubscriberOpaqueWidthInference.xml
----------------- Instantiating /home/travis/build/icyphy/ptII/ptolemy/actor/lib/test/auto/PublisherSubscriberOpaqueWidthInference.xml
2 ms. Memory: 1529856K Free: 756163K (49%)
----------------- Invoking toplevel() on ptolemy.moml.MoMLSimpleApplication@75291360
----------------- Done invoking toplevel() on ptolemy.moml.MoMLSimpleApplication@75291360
reloadAllAccessors: .PublisherSubscriberOpaqueWidthInference

===========================================================================================
----------------- testing Fri Jun 07 04:29:22 UTC 2019 /home/travis/build/icyphy/ptII/ptolemy/actor/lib/test/auto/PublisherTestSubscriber.xml
----------------- Instantiating /home/travis/build/icyphy/ptII/ptolemy/actor/lib/test/auto/PublisherTestSubscriber.xml
2 ms. Memory: 1529856K Free: 734300K (48%)
----------------- Invoking toplevel() on ptolemy.moml.MoMLSimpleApplication@64c507a1
----------------- Done invoking toplevel() on ptolemy.moml.MoMLSimpleApplication@64c507a1
reloadAllAccessors: .PublisherTestSubscriber

===========================================================================================
----------------- testing Fri Jun 07 04:29:22 UTC 2019 /home/travis/build/icyphy/ptII/ptolemy/actor/lib/test/auto/PublisherToplevelSubscriberPortAOC.xml
----------------- Instantiating /home/travis/build/icyphy/ptII/ptolemy/actor/lib/test/auto/PublisherToplevelSubscriberPortAOC.xml
1 ms. Memory: 1529856K Free: 720025K (47%)
----------------- Invoking toplevel() on ptolemy.moml.MoMLSimpleApplication@187d9c3d
----------------- Done invoking toplevel() on ptolemy.moml.MoMLSimpleApplication@187d9c3d
reloadAllAccessors: .PublisherToplevelSubscriberPortAOC

===========================================================================================
----------------- testing Fri Jun 07 04:29:22 UTC 2019 /home/travis/build/icyphy/ptII/ptolemy/actor/lib/test/auto/PulseFiringLimitDE.xml
----------------- Instantiating /home/travis/build/icyphy/ptII/ptolemy/actor/lib/test/auto/PulseFiringLimitDE.xml
2 ms. Memory: 1529856K Free: 705751K (46%)
----------------- Invoking toplevel() on ptolemy.moml.MoMLSimpleApplication@67c0b23b
----------------- Done invoking toplevel() on ptolemy.moml.MoMLSimpleApplication@67c0b23b
reloadAllAccessors: .PulseFiringLimitDE

===========================================================================================
----------------- testing Fri Jun 07 04:29:22 UTC 2019 /home/travis/build/icyphy/ptII/ptolemy/actor/lib/test/auto/Ramp1.xml
----------------- Instantiating /home/travis/build/icyphy/ptII/ptolemy/actor/lib/test/auto/Ramp1.xml
1 ms. Memory: 1529856K Free: 683887K (45%)
----------------- Invoking toplevel() on ptolemy.moml.MoMLSimpleApplication@66cf5508
----------------- Done invoking toplevel() on ptolemy.moml.MoMLSimpleApplication@66cf5508
reloadAllAccessors: .Ramp1

===========================================================================================
----------------- testing Fri Jun 07 04:29:22 UTC 2019 /home/travis/build/icyphy/ptII/ptolemy/actor/lib/test/auto/RampFiringLimitDE.xml
----------------- Instantiating /home/travis/build/icyphy/ptII/ptolemy/actor/lib/test/auto/RampFiringLimitDE.xml
2 ms. Memory: 1529856K Free: 669613K (44%)
----------------- Invoking toplevel() on ptolemy.moml.MoMLSimpleApplication@23a21874
----------------- Done invoking toplevel() on ptolemy.moml.MoMLSimpleApplication@23a21874
reloadAllAccessors: .RampFiringLimitDE

===========================================================================================
----------------- testing Fri Jun 07 04:29:22 UTC 2019 /home/travis/build/icyphy/ptII/ptolemy/actor/lib/test/auto/RampFiringLimitSDF.xml
----------------- Instantiating /home/travis/build/icyphy/ptII/ptolemy/actor/lib/test/auto/RampFiringLimitSDF.xml
1 ms. Memory: 1529856K Free: 655338K (43%)
----------------- Invoking toplevel() on ptolemy.moml.MoMLSimpleApplication@674a64d2
----------------- Done invoking toplevel() on ptolemy.moml.MoMLSimpleApplication@674a64d2
reloadAllAccessors: .RampFiringLimitSDF

===========================================================================================
----------------- testing Fri Jun 07 04:29:22 UTC 2019 /home/travis/build/icyphy/ptII/ptolemy/actor/lib/test/auto/RandomInteger.xml
----------------- Instantiating /home/travis/build/icyphy/ptII/ptolemy/actor/lib/test/auto/RandomInteger.xml
1 ms. Memory: 1529856K Free: 633475K (41%)
----------------- Invoking toplevel() on ptolemy.moml.MoMLSimpleApplication@53d77955
----------------- Done invoking toplevel() on ptolemy.moml.MoMLSimpleApplication@53d77955
reloadAllAccessors: .RandomInteger

===========================================================================================
----------------- testing Fri Jun 07 04:29:22 UTC 2019 /home/travis/build/icyphy/ptII/ptolemy/actor/lib/test/auto/ReadFile1.xml
----------------- Instantiating /home/travis/build/icyphy/ptII/ptolemy/actor/lib/test/auto/ReadFile1.xml
2 ms. Memory: 1529856K Free: 619201K (40%)
----------------- Invoking toplevel() on ptolemy.moml.MoMLSimpleApplication@54d95936
----------------- Done invoking toplevel() on ptolemy.moml.MoMLSimpleApplication@54d95936
reloadAllAccessors: .ReadFile1

===========================================================================================
----------------- testing Fri Jun 07 04:29:22 UTC 2019 /home/travis/build/icyphy/ptII/ptolemy/actor/lib/test/auto/ReadFile2.xml
----------------- Instantiating /home/travis/build/icyphy/ptII/ptolemy/actor/lib/test/auto/ReadFile2.xml
1 ms. Memory: 1529856K Free: 604926K (40%)
----------------- Invoking toplevel() on ptolemy.moml.MoMLSimpleApplication@45367902
----------------- Done invoking toplevel() on ptolemy.moml.MoMLSimpleApplication@45367902
reloadAllAccessors: .ReadFile2

===========================================================================================
----------------- testing Fri Jun 07 04:29:22 UTC 2019 /home/travis/build/icyphy/ptII/ptolemy/actor/lib/test/auto/Reader.xml
----------------- Instantiating /home/travis/build/icyphy/ptII/ptolemy/actor/lib/test/auto/Reader.xml
actor.lib.Reader is obsolete, use actor.lib.io.ExpressionReader instead
2 ms. Memory: 1529856K Free: 583063K (38%)
----------------- Invoking toplevel() on ptolemy.moml.MoMLSimpleApplication@7a154e2
----------------- Done invoking toplevel() on ptolemy.moml.MoMLSimpleApplication@7a154e2
reloadAllAccessors: .Reader

===========================================================================================
----------------- testing Fri Jun 07 04:29:22 UTC 2019 /home/travis/build/icyphy/ptII/ptolemy/actor/lib/test/auto/RecordAssemblerDisplayNameTest.xml
----------------- Instantiating /home/travis/build/icyphy/ptII/ptolemy/actor/lib/test/auto/RecordAssemblerDisplayNameTest.xml
2906 ms. Memory: 1565696K Free: 785415K (50%)
----------------- Invoking toplevel() on ptolemy.moml.MoMLSimpleApplication@6ce53863
----------------- Done invoking toplevel() on ptolemy.moml.MoMLSimpleApplication@6ce53863
reloadAllAccessors: .RecordAssemblerDisplayNameTest

===========================================================================================
----------------- testing Fri Jun 07 04:29:25 UTC 2019 /home/travis/build/icyphy/ptII/ptolemy/actor/lib/test/auto/RecordAssemblerTypeError.xml
----------------- Instantiating /home/travis/build/icyphy/ptII/ptolemy/actor/lib/test/auto/RecordAssemblerTypeError.xml
4 ms. Memory: 1565696K Free: 754262K (48%)
----------------- Invoking toplevel() on ptolemy.moml.MoMLSimpleApplication@29af8b91
----------------- Done invoking toplevel() on ptolemy.moml.MoMLSimpleApplication@29af8b91
reloadAllAccessors: .RecordAssemblerTypeError

===========================================================================================
----------------- testing Fri Jun 07 04:29:25 UTC 2019 /home/travis/build/icyphy/ptII/ptolemy/actor/lib/test/auto/RecordDisassember.xml
----------------- Instantiating /home/travis/build/icyphy/ptII/ptolemy/actor/lib/test/auto/RecordDisassember.xml
2 ms. Memory: 1565696K Free: 739819K (47%)
----------------- Invoking toplevel() on ptolemy.moml.MoMLSimpleApplication@533eea84
----------------- Done invoking toplevel() on ptolemy.moml.MoMLSimpleApplication@533eea84
reloadAllAccessors: .RecordDisassember

===========================================================================================
----------------- testing Fri Jun 07 04:29:25 UTC 2019 /home/travis/build/icyphy/ptII/ptolemy/actor/lib/test/auto/RecordDisassemberDisplayNameTest.xml
----------------- Instantiating /home/travis/build/icyphy/ptII/ptolemy/actor/lib/test/auto/RecordDisassemberDisplayNameTest.xml
4 ms. Memory: 1565696K Free: 719560K (46%)
----------------- Invoking toplevel() on ptolemy.moml.MoMLSimpleApplication@1238c464
----------------- Done invoking toplevel() on ptolemy.moml.MoMLSimpleApplication@1238c464
reloadAllAccessors: .RecordDisassemberDisplayNameTest

===========================================================================================
----------------- testing Fri Jun 07 04:29:25 UTC 2019 /home/travis/build/icyphy/ptII/ptolemy/actor/lib/test/auto/RecordDisassembler.xml
----------------- Instantiating /home/travis/build/icyphy/ptII/ptolemy/actor/lib/test/auto/RecordDisassembler.xml
2 ms. Memory: 1565696K Free: 705117K (45%)
----------------- Invoking toplevel() on ptolemy.moml.MoMLSimpleApplication@3821b136
----------------- Done invoking toplevel() on ptolemy.moml.MoMLSimpleApplication@3821b136
reloadAllAccessors: .RecordDisassembler

===========================================================================================
----------------- testing Fri Jun 07 04:29:25 UTC 2019 /home/travis/build/icyphy/ptII/ptolemy/actor/lib/test/auto/RecordDisassembler2.xml
----------------- Instantiating /home/travis/build/icyphy/ptII/ptolemy/actor/lib/test/auto/RecordDisassembler2.xml
2 ms. Memory: 1565696K Free: 684858K (44%)
----------------- Invoking toplevel() on ptolemy.moml.MoMLSimpleApplication@234fdfef
----------------- Done invoking toplevel() on ptolemy.moml.MoMLSimpleApplication@234fdfef
reloadAllAccessors: .RecordDisassembler2

===========================================================================================
----------------- testing Fri Jun 07 04:29:25 UTC 2019 /home/travis/build/icyphy/ptII/ptolemy/actor/lib/test/auto/RecordUpdater.xml
----------------- Instantiating /home/travis/build/icyphy/ptII/ptolemy/actor/lib/test/auto/RecordUpdater.xml
2 ms. Memory: 1565696K Free: 670415K (43%)
----------------- Invoking toplevel() on ptolemy.moml.MoMLSimpleApplication@6193cf19
----------------- Done invoking toplevel() on ptolemy.moml.MoMLSimpleApplication@6193cf19
reloadAllAccessors: .RecordUpdater

===========================================================================================
----------------- testing Fri Jun 07 04:29:25 UTC 2019 /home/travis/build/icyphy/ptII/ptolemy/actor/lib/test/auto/RecordUpdater2.xml
----------------- Instantiating /home/travis/build/icyphy/ptII/ptolemy/actor/lib/test/auto/RecordUpdater2.xml
1 ms. Memory: 1565696K Free: 655971K (42%)
----------------- Invoking toplevel() on ptolemy.moml.MoMLSimpleApplication@3a0a7b0e
----------------- Done invoking toplevel() on ptolemy.moml.MoMLSimpleApplication@3a0a7b0e
reloadAllAccessors: .RecordUpdater2

===========================================================================================
----------------- testing Fri Jun 07 04:29:25 UTC 2019 /home/travis/build/icyphy/ptII/ptolemy/actor/lib/test/auto/RecursiveLattice.xml
----------------- Instantiating /home/travis/build/icyphy/ptII/ptolemy/actor/lib/test/auto/RecursiveLattice.xml
1 ms. Memory: 1565696K Free: 635712K (41%)
----------------- Invoking toplevel() on ptolemy.moml.MoMLSimpleApplication@2ea3303
----------------- Done invoking toplevel() on ptolemy.moml.MoMLSimpleApplication@2ea3303
reloadAllAccessors: .RecursiveLattice

===========================================================================================
----------------- testing Fri Jun 07 04:29:25 UTC 2019 /home/travis/build/icyphy/ptII/ptolemy/actor/lib/test/auto/Router.xml
----------------- Instantiating /home/travis/build/icyphy/ptII/ptolemy/actor/lib/test/auto/Router.xml
3004 ms. Memory: 1565696K Free: 621269K (40%)
----------------- Invoking toplevel() on ptolemy.moml.MoMLSimpleApplication@5bdc57e9
----------------- Done invoking toplevel() on ptolemy.moml.MoMLSimpleApplication@5bdc57e9
reloadAllAccessors: .Router

===========================================================================================
----------------- testing Fri Jun 07 04:29:28 UTC 2019 /home/travis/build/icyphy/ptII/ptolemy/actor/lib/test/auto/Router2.xml
----------------- Instantiating /home/travis/build/icyphy/ptII/ptolemy/actor/lib/test/auto/Router2.xml
3007 ms. Memory: 1565696K Free: 601010K (38%)
----------------- Invoking toplevel() on ptolemy.moml.MoMLSimpleApplication@6b2ad049
----------------- Done invoking toplevel() on ptolemy.moml.MoMLSimpleApplication@6b2ad049
reloadAllAccessors: .Router2

===========================================================================================
----------------- testing Fri Jun 07 04:29:31 UTC 2019 /home/travis/build/icyphy/ptII/ptolemy/actor/lib/test/auto/RunningMaximum.xml
----------------- Instantiating /home/travis/build/icyphy/ptII/ptolemy/actor/lib/test/auto/RunningMaximum.xml
2 ms. Memory: 1565696K Free: 586567K (37%)
----------------- Invoking toplevel() on ptolemy.moml.MoMLSimpleApplication@56a1d796
----------------- Done invoking toplevel() on ptolemy.moml.MoMLSimpleApplication@56a1d796
reloadAllAccessors: .RunningMaximum

===========================================================================================
----------------- testing Fri Jun 07 04:29:31 UTC 2019 /home/travis/build/icyphy/ptII/ptolemy/actor/lib/test/auto/RunningMinimum.xml
----------------- Instantiating /home/travis/build/icyphy/ptII/ptolemy/actor/lib/test/auto/RunningMinimum.xml
2 ms. Memory: 1565696K Free: 572123K (37%)
----------------- Invoking toplevel() on ptolemy.moml.MoMLSimpleApplication@59d3dbf1
----------------- Done invoking toplevel() on ptolemy.moml.MoMLSimpleApplication@59d3dbf1
reloadAllAccessors: .RunningMinimum

===========================================================================================
----------------- testing Fri Jun 07 04:29:31 UTC 2019 /home/travis/build/icyphy/ptII/ptolemy/actor/lib/test/auto/Scale.xml
----------------- Instantiating /home/travis/build/icyphy/ptII/ptolemy/actor/lib/test/auto/Scale.xml
1 ms. Memory: 1565696K Free: 551864K (35%)
----------------- Invoking toplevel() on ptolemy.moml.MoMLSimpleApplication@1dec46b8
----------------- Done invoking toplevel() on ptolemy.moml.MoMLSimpleApplication@1dec46b8
reloadAllAccessors: .Scale

===========================================================================================
----------------- testing Fri Jun 07 04:29:31 UTC 2019 /home/travis/build/icyphy/ptII/ptolemy/actor/lib/test/auto/Scale2.xml
----------------- Instantiating /home/travis/build/icyphy/ptII/ptolemy/actor/lib/test/auto/Scale2.xml
1 ms. Memory: 1565696K Free: 537421K (34%)
----------------- Invoking toplevel() on ptolemy.moml.MoMLSimpleApplication@1a4e9498
----------------- Done invoking toplevel() on ptolemy.moml.MoMLSimpleApplication@1a4e9498
reloadAllAccessors: .Scale2

===========================================================================================
----------------- testing Fri Jun 07 04:29:31 UTC 2019 /home/travis/build/icyphy/ptII/ptolemy/actor/lib/test/auto/Scale3.xml
----------------- Instantiating /home/travis/build/icyphy/ptII/ptolemy/actor/lib/test/auto/Scale3.xml
2 ms. Memory: 1565696K Free: 517162K (33%)
----------------- Invoking toplevel() on ptolemy.moml.MoMLSimpleApplication@75b9c62c
----------------- Done invoking toplevel() on ptolemy.moml.MoMLSimpleApplication@75b9c62c
reloadAllAccessors: .Scale3

===========================================================================================
----------------- testing Fri Jun 07 04:29:31 UTC 2019 /home/travis/build/icyphy/ptII/ptolemy/actor/lib/test/auto/ScaleArray.xml
----------------- Instantiating /home/travis/build/icyphy/ptII/ptolemy/actor/lib/test/auto/ScaleArray.xml
2 ms. Memory: 1565696K Free: 502719K (32%)
----------------- Invoking toplevel() on ptolemy.moml.MoMLSimpleApplication@4f49fe01
----------------- Done invoking toplevel() on ptolemy.moml.MoMLSimpleApplication@4f49fe01
reloadAllAccessors: .ScaleArray

===========================================================================================
----------------- testing Fri Jun 07 04:29:31 UTC 2019 /home/travis/build/icyphy/ptII/ptolemy/actor/lib/test/auto/ScaleArray2.xml
----------------- Instantiating /home/travis/build/icyphy/ptII/ptolemy/actor/lib/test/auto/ScaleArray2.xml
1 ms. Memory: 1565696K Free: 482460K (31%)
----------------- Invoking toplevel() on ptolemy.moml.MoMLSimpleApplication@32825dad
----------------- Done invoking toplevel() on ptolemy.moml.MoMLSimpleApplication@32825dad
reloadAllAccessors: .ScaleArray2

===========================================================================================
----------------- testing Fri Jun 07 04:29:32 UTC 2019 /home/travis/build/icyphy/ptII/ptolemy/actor/lib/test/auto/ScaleMatrix.xml
----------------- Instantiating /home/travis/build/icyphy/ptII/ptolemy/actor/lib/test/auto/ScaleMatrix.xml
100 ms. Memory: 1565696K Free: 460795K (29%)
----------------- Invoking toplevel() on ptolemy.moml.MoMLSimpleApplication@671b3a1b
----------------- Done invoking toplevel() on ptolemy.moml.MoMLSimpleApplication@671b3a1b
reloadAllAccessors: .ScaleMatrix

===========================================================================================
----------------- testing Fri Jun 07 04:29:32 UTC 2019 /home/travis/build/icyphy/ptII/ptolemy/actor/lib/test/auto/Select.xml
----------------- Instantiating /home/travis/build/icyphy/ptII/ptolemy/actor/lib/test/auto/Select.xml
2 ms. Memory: 1565696K Free: 446351K (29%)
----------------- Invoking toplevel() on ptolemy.moml.MoMLSimpleApplication@51f2f18e
----------------- Done invoking toplevel() on ptolemy.moml.MoMLSimpleApplication@51f2f18e
reloadAllAccessors: .Select

===========================================================================================
----------------- testing Fri Jun 07 04:29:32 UTC 2019 /home/travis/build/icyphy/ptII/ptolemy/actor/lib/test/auto/Select2.xml
----------------- Instantiating /home/travis/build/icyphy/ptII/ptolemy/actor/lib/test/auto/Select2.xml
1 ms. Memory: 1565696K Free: 426093K (27%)
----------------- Invoking toplevel() on ptolemy.moml.MoMLSimpleApplication@112a1c30
----------------- Done invoking toplevel() on ptolemy.moml.MoMLSimpleApplication@112a1c30
reloadAllAccessors: .Select2

===========================================================================================
----------------- testing Fri Jun 07 04:29:32 UTC 2019 /home/travis/build/icyphy/ptII/ptolemy/actor/lib/test/auto/SequenceToArray2.xml
----------------- Instantiating /home/travis/build/icyphy/ptII/ptolemy/actor/lib/test/auto/SequenceToArray2.xml
63 ms. Memory: 1565696K Free: 339415K (22%)
----------------- Invoking toplevel() on ptolemy.moml.MoMLSimpleApplication@4290ad77
----------------- Done invoking toplevel() on ptolemy.moml.MoMLSimpleApplication@4290ad77
reloadAllAccessors: .SequenceToArray2

===========================================================================================
----------------- testing Fri Jun 07 04:29:32 UTC 2019 /home/travis/build/icyphy/ptII/ptolemy/actor/lib/test/auto/SequentialClock.xml
----------------- Instantiating /home/travis/build/icyphy/ptII/ptolemy/actor/lib/test/auto/SequentialClock.xml
1 ms. Memory: 1565696K Free: 319157K (20%)
----------------- Invoking toplevel() on ptolemy.moml.MoMLSimpleApplication@4c395095
----------------- Done invoking toplevel() on ptolemy.moml.MoMLSimpleApplication@4c395095
reloadAllAccessors: .SequentialClock

===========================================================================================
----------------- testing Fri Jun 07 04:29:32 UTC 2019 /home/travis/build/icyphy/ptII/ptolemy/actor/lib/test/auto/SetVariable.xml
----------------- Instantiating /home/travis/build/icyphy/ptII/ptolemy/actor/lib/test/auto/SetVariable.xml
2 ms. Memory: 1565696K Free: 304713K (19%)
----------------- Invoking toplevel() on ptolemy.moml.MoMLSimpleApplication@56014211
----------------- Done invoking toplevel() on ptolemy.moml.MoMLSimpleApplication@56014211
reloadAllAccessors: .SetVariable

===========================================================================================
----------------- testing Fri Jun 07 04:29:32 UTC 2019 /home/travis/build/icyphy/ptII/ptolemy/actor/lib/test/auto/SetVariable2.xml
----------------- Instantiating /home/travis/build/icyphy/ptII/ptolemy/actor/lib/test/auto/SetVariable2.xml
3 ms. Memory: 1565696K Free: 290269K (19%)
----------------- Invoking toplevel() on ptolemy.moml.MoMLSimpleApplication@4c64a97b
----------------- Done invoking toplevel() on ptolemy.moml.MoMLSimpleApplication@4c64a97b
reloadAllAccessors: .SetVariable2

===========================================================================================
----------------- testing Fri Jun 07 04:29:32 UTC 2019 /home/travis/build/icyphy/ptII/ptolemy/actor/lib/test/auto/SetVariable3.xml
----------------- Instantiating /home/travis/build/icyphy/ptII/ptolemy/actor/lib/test/auto/SetVariable3.xml
6 ms. Memory: 1565696K Free: 270011K (17%)
----------------- Invoking toplevel() on ptolemy.moml.MoMLSimpleApplication@620e7279
----------------- Done invoking toplevel() on ptolemy.moml.MoMLSimpleApplication@620e7279
reloadAllAccessors: .SetVariable3

===========================================================================================
----------------- testing Fri Jun 07 04:29:32 UTC 2019 /home/travis/build/icyphy/ptII/ptolemy/actor/lib/test/auto/SetVariable4.xml
----------------- Instantiating /home/travis/build/icyphy/ptII/ptolemy/actor/lib/test/auto/SetVariable4.xml
14 ms. Memory: 1565696K Free: 205015K (13%)
----------------- Invoking toplevel() on ptolemy.moml.MoMLSimpleApplication@2d52e3b0
----------------- Done invoking toplevel() on ptolemy.moml.MoMLSimpleApplication@2d52e3b0
reloadAllAccessors: .SetVariable4

===========================================================================================
----------------- testing Fri Jun 07 04:29:32 UTC 2019 /home/travis/build/icyphy/ptII/ptolemy/actor/lib/test/auto/SetVariable5.xml
----------------- Instantiating /home/travis/build/icyphy/ptII/ptolemy/actor/lib/test/auto/SetVariable5.xml
7 ms. Memory: 1565696K Free: 184756K (12%)
----------------- Invoking toplevel() on ptolemy.moml.MoMLSimpleApplication@1a7a6621
----------------- Done invoking toplevel() on ptolemy.moml.MoMLSimpleApplication@1a7a6621
reloadAllAccessors: .SetVariable5

===========================================================================================
----------------- testing Fri Jun 07 04:29:32 UTC 2019 /home/travis/build/icyphy/ptII/ptolemy/actor/lib/test/auto/Sinewave.xml
----------------- Instantiating /home/travis/build/icyphy/ptII/ptolemy/actor/lib/test/auto/Sinewave.xml
3 ms. Memory: 1565696K Free: 163075K (10%)
----------------- Invoking toplevel() on ptolemy.moml.MoMLSimpleApplication@6567f54
----------------- Done invoking toplevel() on ptolemy.moml.MoMLSimpleApplication@6567f54
reloadAllAccessors: .Sinewave

===========================================================================================
----------------- testing Fri Jun 07 04:29:32 UTC 2019 /home/travis/build/icyphy/ptII/ptolemy/actor/lib/test/auto/Sinewave2.xml
----------------- Instantiating /home/travis/build/icyphy/ptII/ptolemy/actor/lib/test/auto/Sinewave2.xml
5 ms. Memory: 1565696K Free: 142816K (9%)
----------------- Invoking toplevel() on ptolemy.moml.MoMLSimpleApplication@6c17895b
----------------- Done invoking toplevel() on ptolemy.moml.MoMLSimpleApplication@6c17895b
reloadAllAccessors: .Sinewave2

===========================================================================================
----------------- testing Fri Jun 07 04:29:32 UTC 2019 /home/travis/build/icyphy/ptII/ptolemy/actor/lib/test/auto/Sinewave3.xml
----------------- Instantiating /home/travis/build/icyphy/ptII/ptolemy/actor/lib/test/auto/Sinewave3.xml
5 ms. Memory: 1565696K Free: 128372K (8%)
----------------- Invoking toplevel() on ptolemy.moml.MoMLSimpleApplication@74e37935
----------------- Done invoking toplevel() on ptolemy.moml.MoMLSimpleApplication@74e37935
reloadAllAccessors: .Sinewave3

===========================================================================================
----------------- testing Fri Jun 07 04:29:32 UTC 2019 /home/travis/build/icyphy/ptII/ptolemy/actor/lib/test/auto/SingleEvent.xml
----------------- Instantiating /home/travis/build/icyphy/ptII/ptolemy/actor/lib/test/auto/SingleEvent.xml
1 ms. Memory: 1565696K Free: 113929K (7%)
----------------- Invoking toplevel() on ptolemy.moml.MoMLSimpleApplication@6b9baaae
----------------- Done invoking toplevel() on ptolemy.moml.MoMLSimpleApplication@6b9baaae
reloadAllAccessors: .SingleEvent

===========================================================================================
----------------- testing Fri Jun 07 04:29:32 UTC 2019 /home/travis/build/icyphy/ptII/ptolemy/actor/lib/test/auto/Sleep.xml
----------------- Instantiating /home/travis/build/icyphy/ptII/ptolemy/actor/lib/test/auto/Sleep.xml
6003 ms. Memory: 1565696K Free: 93670K (6%)
----------------- Invoking toplevel() on ptolemy.moml.MoMLSimpleApplication@725135cc
----------------- Done invoking toplevel() on ptolemy.moml.MoMLSimpleApplication@725135cc
reloadAllAccessors: .Sleep

===========================================================================================
----------------- testing Fri Jun 07 04:29:38 UTC 2019 /home/travis/build/icyphy/ptII/ptolemy/actor/lib/test/auto/SleepMultipleFire.xml
----------------- Instantiating /home/travis/build/icyphy/ptII/ptolemy/actor/lib/test/auto/SleepMultipleFire.xml
1005 ms. Memory: 1565696K Free: 80970K (5%)
----------------- Invoking toplevel() on ptolemy.moml.MoMLSimpleApplication@70f285bd
----------------- Done invoking toplevel() on ptolemy.moml.MoMLSimpleApplication@70f285bd
reloadAllAccessors: .SleepMultipleFire

===========================================================================================
----------------- testing Fri Jun 07 04:29:39 UTC 2019 /home/travis/build/icyphy/ptII/ptolemy/actor/lib/test/auto/StopDE.xml
----------------- Instantiating /home/travis/build/icyphy/ptII/ptolemy/actor/lib/test/auto/StopDE.xml
2 ms. Memory: 1682944K Free: 1616533K (96%)
----------------- Invoking toplevel() on ptolemy.moml.MoMLSimpleApplication@79270fdf
----------------- Done invoking toplevel() on ptolemy.moml.MoMLSimpleApplication@79270fdf
reloadAllAccessors: .StopDE

===========================================================================================
----------------- testing Fri Jun 07 04:29:39 UTC 2019 /home/travis/build/icyphy/ptII/ptolemy/actor/lib/test/auto/StopSDF.xml
----------------- Instantiating /home/travis/build/icyphy/ptII/ptolemy/actor/lib/test/auto/StopSDF.xml
2 ms. Memory: 1682944K Free: 1595473K (95%)
----------------- Invoking toplevel() on ptolemy.moml.MoMLSimpleApplication@556f6c4f
----------------- Done invoking toplevel() on ptolemy.moml.MoMLSimpleApplication@556f6c4f
reloadAllAccessors: .StopSDF

===========================================================================================
----------------- testing Fri Jun 07 04:29:39 UTC 2019 /home/travis/build/icyphy/ptII/ptolemy/actor/lib/test/auto/StringConstant.xml
----------------- Instantiating /home/travis/build/icyphy/ptII/ptolemy/actor/lib/test/auto/StringConstant.xml
1 ms. Memory: 1682944K Free: 1569635K (93%)
----------------- Invoking toplevel() on ptolemy.moml.MoMLSimpleApplication@1a68d332
----------------- Done invoking toplevel() on ptolemy.moml.MoMLSimpleApplication@1a68d332
reloadAllAccessors: .StringConstant

===========================================================================================
----------------- testing Fri Jun 07 04:29:39 UTC 2019 /home/travis/build/icyphy/ptII/ptolemy/actor/lib/test/auto/SubscriberPortInitialValues1.xml
----------------- Instantiating /home/travis/build/icyphy/ptII/ptolemy/actor/lib/test/auto/SubscriberPortInitialValues1.xml
4 ms. Memory: 1682944K Free: 1548575K (92%)
----------------- Invoking toplevel() on ptolemy.moml.MoMLSimpleApplication@64aa9cff
----------------- Done invoking toplevel() on ptolemy.moml.MoMLSimpleApplication@64aa9cff
reloadAllAccessors: .SubscriberPortInitialValues1

===========================================================================================
----------------- testing Fri Jun 07 04:29:39 UTC 2019 /home/travis/build/icyphy/ptII/ptolemy/actor/lib/test/auto/SubscriberPortInitialValues13.xml
----------------- Instantiating /home/travis/build/icyphy/ptII/ptolemy/actor/lib/test/auto/SubscriberPortInitialValues13.xml
4 ms. Memory: 1682944K Free: 1522737K (90%)
----------------- Invoking toplevel() on ptolemy.moml.MoMLSimpleApplication@206bf3c7
----------------- Done invoking toplevel() on ptolemy.moml.MoMLSimpleApplication@206bf3c7
reloadAllAccessors: .SubscriberPortInitialValues13

===========================================================================================
----------------- testing Fri Jun 07 04:29:39 UTC 2019 /home/travis/build/icyphy/ptII/ptolemy/actor/lib/test/auto/SubscriberPortInitialValues14.xml
----------------- Instantiating /home/travis/build/icyphy/ptII/ptolemy/actor/lib/test/auto/SubscriberPortInitialValues14.xml
4 ms. Memory: 1682944K Free: 1501676K (89%)
----------------- Invoking toplevel() on ptolemy.moml.MoMLSimpleApplication@6e857652
----------------- Done invoking toplevel() on ptolemy.moml.MoMLSimpleApplication@6e857652
reloadAllAccessors: .SubscriberPortInitialValues14

===========================================================================================
----------------- testing Fri Jun 07 04:29:39 UTC 2019 /home/travis/build/icyphy/ptII/ptolemy/actor/lib/test/auto/SubscriberPortInitialValues2.xml
----------------- Instantiating /home/travis/build/icyphy/ptII/ptolemy/actor/lib/test/auto/SubscriberPortInitialValues2.xml
3 ms. Memory: 1682944K Free: 1475838K (88%)
----------------- Invoking toplevel() on ptolemy.moml.MoMLSimpleApplication@7922cc55
----------------- Done invoking toplevel() on ptolemy.moml.MoMLSimpleApplication@7922cc55
reloadAllAccessors: .SubscriberPortInitialValues2

===========================================================================================
----------------- testing Fri Jun 07 04:29:39 UTC 2019 /home/travis/build/icyphy/ptII/ptolemy/actor/lib/test/auto/SubscriberPortInitialValues3.xml
----------------- Instantiating /home/travis/build/icyphy/ptII/ptolemy/actor/lib/test/auto/SubscriberPortInitialValues3.xml
4 ms. Memory: 1682944K Free: 1454778K (86%)
----------------- Invoking toplevel() on ptolemy.moml.MoMLSimpleApplication@3e833a9d
----------------- Done invoking toplevel() on ptolemy.moml.MoMLSimpleApplication@3e833a9d
reloadAllAccessors: .SubscriberPortInitialValues3

===========================================================================================
----------------- testing Fri Jun 07 04:29:39 UTC 2019 /home/travis/build/icyphy/ptII/ptolemy/actor/lib/test/auto/SubscriptionAggregator.xml
----------------- Instantiating /home/travis/build/icyphy/ptII/ptolemy/actor/lib/test/auto/SubscriptionAggregator.xml
3 ms. Memory: 1682944K Free: 1428940K (85%)
----------------- Invoking toplevel() on ptolemy.moml.MoMLSimpleApplication@342e8cd5
----------------- Done invoking toplevel() on ptolemy.moml.MoMLSimpleApplication@342e8cd5
reloadAllAccessors: .SubscriptionAggregator

===========================================================================================
----------------- testing Fri Jun 07 04:29:39 UTC 2019 /home/travis/build/icyphy/ptII/ptolemy/actor/lib/test/auto/SubscriptionAggregator2.xml
----------------- Instantiating /home/travis/build/icyphy/ptII/ptolemy/actor/lib/test/auto/SubscriptionAggregator2.xml
2 ms. Memory: 1682944K Free: 1407880K (84%)
----------------- Invoking toplevel() on ptolemy.moml.MoMLSimpleApplication@76a4d66b
----------------- Done invoking toplevel() on ptolemy.moml.MoMLSimpleApplication@76a4d66b
reloadAllAccessors: .SubscriptionAggregator2

===========================================================================================
----------------- testing Fri Jun 07 04:29:39 UTC 2019 /home/travis/build/icyphy/ptII/ptolemy/actor/lib/test/auto/SubscriptionAggregator3.xml
----------------- Instantiating /home/travis/build/icyphy/ptII/ptolemy/actor/lib/test/auto/SubscriptionAggregator3.xml
3 ms. Memory: 1682944K Free: 1382042K (82%)
----------------- Invoking toplevel() on ptolemy.moml.MoMLSimpleApplication@5c3e77a2
----------------- Done invoking toplevel() on ptolemy.moml.MoMLSimpleApplication@5c3e77a2
reloadAllAccessors: .SubscriptionAggregator3

===========================================================================================
----------------- testing Fri Jun 07 04:29:39 UTC 2019 /home/travis/build/icyphy/ptII/ptolemy/actor/lib/test/auto/SubscriptionAggregatorMultiply.xml
----------------- Instantiating /home/travis/build/icyphy/ptII/ptolemy/actor/lib/test/auto/SubscriptionAggregatorMultiply.xml
2 ms. Memory: 1682944K Free: 1360981K (81%)
----------------- Invoking toplevel() on ptolemy.moml.MoMLSimpleApplication@42bf5535
----------------- Done invoking toplevel() on ptolemy.moml.MoMLSimpleApplication@42bf5535
reloadAllAccessors: .SubscriptionAggregatorMultiply

===========================================================================================
----------------- testing Fri Jun 07 04:29:39 UTC 2019 /home/travis/build/icyphy/ptII/ptolemy/actor/lib/test/auto/SubscriptionAggregatorPortMultiply1.xml
----------------- Instantiating /home/travis/build/icyphy/ptII/ptolemy/actor/lib/test/auto/SubscriptionAggregatorPortMultiply1.xml
3 ms. Memory: 1682944K Free: 1335143K (79%)
----------------- Invoking toplevel() on ptolemy.moml.MoMLSimpleApplication@75bbd9e7
----------------- Done invoking toplevel() on ptolemy.moml.MoMLSimpleApplication@75bbd9e7
reloadAllAccessors: .SubscriptionAggregatorPortMultiply1

===========================================================================================
----------------- testing Fri Jun 07 04:29:39 UTC 2019 /home/travis/build/icyphy/ptII/ptolemy/actor/lib/test/auto/Switch.xml
----------------- Instantiating /home/travis/build/icyphy/ptII/ptolemy/actor/lib/test/auto/Switch.xml
4 ms. Memory: 1682944K Free: 1250864K (74%)
----------------- Invoking toplevel() on ptolemy.moml.MoMLSimpleApplication@25bdf60e
----------------- Done invoking toplevel() on ptolemy.moml.MoMLSimpleApplication@25bdf60e
reloadAllAccessors: .Switch

===========================================================================================
----------------- testing Fri Jun 07 04:29:39 UTC 2019 /home/travis/build/icyphy/ptII/ptolemy/actor/lib/test/auto/Switch2.xml
----------------- Instantiating /home/travis/build/icyphy/ptII/ptolemy/actor/lib/test/auto/Switch2.xml
1 ms. Memory: 1682944K Free: 1225026K (73%)
----------------- Invoking toplevel() on ptolemy.moml.MoMLSimpleApplication@7c638d9a
----------------- Done invoking toplevel() on ptolemy.moml.MoMLSimpleApplication@7c638d9a
reloadAllAccessors: .Switch2

===========================================================================================
----------------- testing Fri Jun 07 04:29:39 UTC 2019 /home/travis/build/icyphy/ptII/ptolemy/actor/lib/test/auto/SwitchDE.xml
----------------- Instantiating /home/travis/build/icyphy/ptII/ptolemy/actor/lib/test/auto/SwitchDE.xml
2 ms. Memory: 1682944K Free: 1203965K (72%)
----------------- Invoking toplevel() on ptolemy.moml.MoMLSimpleApplication@34e2a547
----------------- Done invoking toplevel() on ptolemy.moml.MoMLSimpleApplication@34e2a547
reloadAllAccessors: .SwitchDE

===========================================================================================
----------------- testing Fri Jun 07 04:29:39 UTC 2019 /home/travis/build/icyphy/ptII/ptolemy/actor/lib/test/auto/SynchronizerDE.xml
----------------- Instantiating /home/travis/build/icyphy/ptII/ptolemy/actor/lib/test/auto/SynchronizerDE.xml
3 ms. Memory: 1682944K Free: 1178127K (70%)
----------------- Invoking toplevel() on ptolemy.moml.MoMLSimpleApplication@891daee
----------------- Done invoking toplevel() on ptolemy.moml.MoMLSimpleApplication@891daee
reloadAllAccessors: .SynchronizerDE

===========================================================================================
----------------- testing Fri Jun 07 04:29:39 UTC 2019 /home/travis/build/icyphy/ptII/ptolemy/actor/lib/test/auto/Test.xml
----------------- Instantiating /home/travis/build/icyphy/ptII/ptolemy/actor/lib/test/auto/Test.xml
2 ms. Memory: 1682944K Free: 1157067K (69%)
----------------- Invoking toplevel() on ptolemy.moml.MoMLSimpleApplication@379ca5a9
----------------- Done invoking toplevel() on ptolemy.moml.MoMLSimpleApplication@379ca5a9
reloadAllAccessors: .Test

===========================================================================================
----------------- testing Fri Jun 07 04:29:39 UTC 2019 /home/travis/build/icyphy/ptII/ptolemy/actor/lib/test/auto/TestExceptionAttribute1.xml
----------------- Instantiating /home/travis/build/icyphy/ptII/ptolemy/actor/lib/test/auto/TestExceptionAttribute1.xml
2 ms. Memory: 1682944K Free: 1131229K (67%)
----------------- Invoking toplevel() on ptolemy.moml.MoMLSimpleApplication@19f60169
----------------- Done invoking toplevel() on ptolemy.moml.MoMLSimpleApplication@19f60169
reloadAllAccessors: .TestExceptionAttribute1

===========================================================================================
----------------- testing Fri Jun 07 04:29:39 UTC 2019 /home/travis/build/icyphy/ptII/ptolemy/actor/lib/test/auto/TestExceptionAttribute2.xml
----------------- Instantiating /home/travis/build/icyphy/ptII/ptolemy/actor/lib/test/auto/TestExceptionAttribute2.xml
1 ms. Memory: 1682944K Free: 1105391K (66%)
----------------- Invoking toplevel() on ptolemy.moml.MoMLSimpleApplication@43812d8a
----------------- Done invoking toplevel() on ptolemy.moml.MoMLSimpleApplication@43812d8a
reloadAllAccessors: .TestExceptionAttribute2

===========================================================================================
----------------- testing Fri Jun 07 04:29:39 UTC 2019 /home/travis/build/icyphy/ptII/ptolemy/actor/lib/test/auto/TestExceptionAttribute3.xml
----------------- Instantiating /home/travis/build/icyphy/ptII/ptolemy/actor/lib/test/auto/TestExceptionAttribute3.xml
.TestExceptionAttribute3.TestExceptionAttribute: initialize() was not invoked, but wrapup() was.  This is unusual, but not always a problem.  For example, exporting JNLP will do this.
1 ms. Memory: 1682944K Free: 1084331K (64%)
----------------- Invoking toplevel() on ptolemy.moml.MoMLSimpleApplication@6843df77
----------------- Done invoking toplevel() on ptolemy.moml.MoMLSimpleApplication@6843df77
reloadAllAccessors: .TestExceptionAttribute3

===========================================================================================
----------------- testing Fri Jun 07 04:29:39 UTC 2019 /home/travis/build/icyphy/ptII/ptolemy/actor/lib/test/auto/TestExceptionAttribute4.xml
----------------- Instantiating /home/travis/build/icyphy/ptII/ptolemy/actor/lib/test/auto/TestExceptionAttribute4.xml
.TestExceptionAttribute4.TestExceptionAttribute: initialize() was not invoked, but wrapup() was.  This is unusual, but not always a problem.  For example, exporting JNLP will do this.
.TestExceptionAttribute4.TestExceptionAttribute2: initialize() was not invoked, but wrapup() was.  This is unusual, but not always a problem.  For example, exporting JNLP will do this.
1 ms. Memory: 1682944K Free: 1058492K (63%)
----------------- Invoking toplevel() on ptolemy.moml.MoMLSimpleApplication@5f075ff2
----------------- Done invoking toplevel() on ptolemy.moml.MoMLSimpleApplication@5f075ff2
reloadAllAccessors: .TestExceptionAttribute4

===========================================================================================
----------------- testing Fri Jun 07 04:29:39 UTC 2019 /home/travis/build/icyphy/ptII/ptolemy/actor/lib/test/auto/TestExceptionHandler1.xml
----------------- Instantiating /home/travis/build/icyphy/ptII/ptolemy/actor/lib/test/auto/TestExceptionHandler1.xml
0 ms. Memory: 1682944K Free: 1037432K (62%)
----------------- Invoking toplevel() on ptolemy.moml.MoMLSimpleApplication@25741c0b
----------------- Done invoking toplevel() on ptolemy.moml.MoMLSimpleApplication@25741c0b
reloadAllAccessors: .TestExceptionHandler1

===========================================================================================
----------------- testing Fri Jun 07 04:29:39 UTC 2019 /home/travis/build/icyphy/ptII/ptolemy/actor/lib/test/auto/TestExceptionHandler2.xml
----------------- Instantiating /home/travis/build/icyphy/ptII/ptolemy/actor/lib/test/auto/TestExceptionHandler2.xml
1 ms. Memory: 1682944K Free: 1011594K (60%)
----------------- Invoking toplevel() on ptolemy.moml.MoMLSimpleApplication@26d1d252
----------------- Done invoking toplevel() on ptolemy.moml.MoMLSimpleApplication@26d1d252
reloadAllAccessors: .TestExceptionHandler2

===========================================================================================
----------------- testing Fri Jun 07 04:29:39 UTC 2019 /home/travis/build/icyphy/ptII/ptolemy/actor/lib/test/auto/TestExceptionHandler3.xml
----------------- Instantiating /home/travis/build/icyphy/ptII/ptolemy/actor/lib/test/auto/TestExceptionHandler3.xml
1 ms. Memory: 1682944K Free: 990534K (59%)
----------------- Invoking toplevel() on ptolemy.moml.MoMLSimpleApplication@15f3ab8c
----------------- Done invoking toplevel() on ptolemy.moml.MoMLSimpleApplication@15f3ab8c
reloadAllAccessors: .TestExceptionHandler3

===========================================================================================
----------------- testing Fri Jun 07 04:29:39 UTC 2019 /home/travis/build/icyphy/ptII/ptolemy/actor/lib/test/auto/TestExceptionHandler4.xml
----------------- Instantiating /home/travis/build/icyphy/ptII/ptolemy/actor/lib/test/auto/TestExceptionHandler4.xml
1 ms. Memory: 1682944K Free: 964696K (57%)
----------------- Invoking toplevel() on ptolemy.moml.MoMLSimpleApplication@4e708a67
----------------- Done invoking toplevel() on ptolemy.moml.MoMLSimpleApplication@4e708a67
reloadAllAccessors: .TestExceptionHandler4

===========================================================================================
----------------- testing Fri Jun 07 04:29:39 UTC 2019 /home/travis/build/icyphy/ptII/ptolemy/actor/lib/test/auto/TestRequireCorrectOrder.xml
----------------- Instantiating /home/travis/build/icyphy/ptII/ptolemy/actor/lib/test/auto/TestRequireCorrectOrder.xml
2 ms. Memory: 1682944K Free: 943635K (56%)
----------------- Invoking toplevel() on ptolemy.moml.MoMLSimpleApplication@2ad9058f
----------------- Done invoking toplevel() on ptolemy.moml.MoMLSimpleApplication@2ad9058f
reloadAllAccessors: .TestRequireCorrectOrder

===========================================================================================
----------------- testing Fri Jun 07 04:29:39 UTC 2019 /home/travis/build/icyphy/ptII/ptolemy/actor/lib/test/auto/TestSimple.xml
----------------- Instantiating /home/travis/build/icyphy/ptII/ptolemy/actor/lib/test/auto/TestSimple.xml
1 ms. Memory: 1682944K Free: 917797K (55%)
----------------- Invoking toplevel() on ptolemy.moml.MoMLSimpleApplication@1385b645
----------------- Done invoking toplevel() on ptolemy.moml.MoMLSimpleApplication@1385b645
reloadAllAccessors: .TestSimple

===========================================================================================
----------------- testing Fri Jun 07 04:29:39 UTC 2019 /home/travis/build/icyphy/ptII/ptolemy/actor/lib/test/auto/ThrowModelError.xml
----------------- Instantiating /home/travis/build/icyphy/ptII/ptolemy/actor/lib/test/auto/ThrowModelError.xml
1 ms. Memory: 1682944K Free: 896737K (53%)
----------------- Invoking toplevel() on ptolemy.moml.MoMLSimpleApplication@6a9a9b64
----------------- Done invoking toplevel() on ptolemy.moml.MoMLSimpleApplication@6a9a9b64
reloadAllAccessors: .ThrowModelError

===========================================================================================
----------------- testing Fri Jun 07 04:29:39 UTC 2019 /home/travis/build/icyphy/ptII/ptolemy/actor/lib/test/auto/TimeDelayMicrosteps.xml
----------------- Instantiating /home/travis/build/icyphy/ptII/ptolemy/actor/lib/test/auto/TimeDelayMicrosteps.xml
2 ms. Memory: 1682944K Free: 870899K (52%)
----------------- Invoking toplevel() on ptolemy.moml.MoMLSimpleApplication@2f0ba7af
----------------- Done invoking toplevel() on ptolemy.moml.MoMLSimpleApplication@2f0ba7af
reloadAllAccessors: .TimeDelayMicrosteps

===========================================================================================
----------------- testing Fri Jun 07 04:29:39 UTC 2019 /home/travis/build/icyphy/ptII/ptolemy/actor/lib/test/auto/TimeDelayMicrosteps2.xml
----------------- Instantiating /home/travis/build/icyphy/ptII/ptolemy/actor/lib/test/auto/TimeDelayMicrosteps2.xml
3 ms. Memory: 1682944K Free: 849839K (50%)
----------------- Invoking toplevel() on ptolemy.moml.MoMLSimpleApplication@5ed5114e
----------------- Done invoking toplevel() on ptolemy.moml.MoMLSimpleApplication@5ed5114e
reloadAllAccessors: .TimeDelayMicrosteps2

===========================================================================================
----------------- testing Fri Jun 07 04:29:39 UTC 2019 /home/travis/build/icyphy/ptII/ptolemy/actor/lib/test/auto/TimeDelayMicrosteps3.xml
----------------- Instantiating /home/travis/build/icyphy/ptII/ptolemy/actor/lib/test/auto/TimeDelayMicrosteps3.xml
2 ms. Memory: 1682944K Free: 824001K (49%)
----------------- Invoking toplevel() on ptolemy.moml.MoMLSimpleApplication@6c9308ed
----------------- Done invoking toplevel() on ptolemy.moml.MoMLSimpleApplication@6c9308ed
reloadAllAccessors: .TimeDelayMicrosteps3

===========================================================================================
----------------- testing Fri Jun 07 04:29:39 UTC 2019 /home/travis/build/icyphy/ptII/ptolemy/actor/lib/test/auto/TimeDelayVariableMicrosteps.xml
----------------- Instantiating /home/travis/build/icyphy/ptII/ptolemy/actor/lib/test/auto/TimeDelayVariableMicrosteps.xml
2 ms. Memory: 1682944K Free: 802940K (48%)
----------------- Invoking toplevel() on ptolemy.moml.MoMLSimpleApplication@b5fee61
----------------- Done invoking toplevel() on ptolemy.moml.MoMLSimpleApplication@b5fee61
reloadAllAccessors: .TimeDelayVariableMicrosteps

===========================================================================================
----------------- testing Fri Jun 07 04:29:39 UTC 2019 /home/travis/build/icyphy/ptII/ptolemy/actor/lib/test/auto/TimeGap.xml
----------------- Instantiating /home/travis/build/icyphy/ptII/ptolemy/actor/lib/test/auto/TimeGap.xml
2 ms. Memory: 1682944K Free: 777102K (46%)
----------------- Invoking toplevel() on ptolemy.moml.MoMLSimpleApplication@5b718ac1
----------------- Done invoking toplevel() on ptolemy.moml.MoMLSimpleApplication@5b718ac1
reloadAllAccessors: .TimeGap

===========================================================================================
----------------- testing Fri Jun 07 04:29:40 UTC 2019 /home/travis/build/icyphy/ptII/ptolemy/actor/lib/test/auto/TimeGap2.xml
----------------- Instantiating /home/travis/build/icyphy/ptII/ptolemy/actor/lib/test/auto/TimeGap2.xml
2 ms. Memory: 1682944K Free: 756042K (45%)
----------------- Invoking toplevel() on ptolemy.moml.MoMLSimpleApplication@4c44efcb
----------------- Done invoking toplevel() on ptolemy.moml.MoMLSimpleApplication@4c44efcb
reloadAllAccessors: .TimeGap2

===========================================================================================
----------------- testing Fri Jun 07 04:29:40 UTC 2019 /home/travis/build/icyphy/ptII/ptolemy/actor/lib/test/auto/TimedSinewave.xml
----------------- Instantiating /home/travis/build/icyphy/ptII/ptolemy/actor/lib/test/auto/TimedSinewave.xml
11 ms. Memory: 1682944K Free: 719658K (43%)
----------------- Invoking toplevel() on ptolemy.moml.MoMLSimpleApplication@4f25e61d
----------------- Done invoking toplevel() on ptolemy.moml.MoMLSimpleApplication@4f25e61d
reloadAllAccessors: .TimedSinewave

===========================================================================================
----------------- testing Fri Jun 07 04:29:40 UTC 2019 /home/travis/build/icyphy/ptII/ptolemy/actor/lib/test/auto/TimedSinewavePhase.xml
----------------- Instantiating /home/travis/build/icyphy/ptII/ptolemy/actor/lib/test/auto/TimedSinewavePhase.xml
8 ms. Memory: 1682944K Free: 698598K (42%)
----------------- Invoking toplevel() on ptolemy.moml.MoMLSimpleApplication@3289f354
----------------- Done invoking toplevel() on ptolemy.moml.MoMLSimpleApplication@3289f354
reloadAllAccessors: .TimedSinewavePhase

===========================================================================================
----------------- testing Fri Jun 07 04:29:40 UTC 2019 /home/travis/build/icyphy/ptII/ptolemy/actor/lib/test/auto/Timer.xml
----------------- Instantiating /home/travis/build/icyphy/ptII/ptolemy/actor/lib/test/auto/Timer.xml
1 ms. Memory: 1682944K Free: 672759K (40%)
----------------- Invoking toplevel() on ptolemy.moml.MoMLSimpleApplication@a8491fc
----------------- Done invoking toplevel() on ptolemy.moml.MoMLSimpleApplication@a8491fc
reloadAllAccessors: .Timer

===========================================================================================
----------------- testing Fri Jun 07 04:29:40 UTC 2019 /home/travis/build/icyphy/ptII/ptolemy/actor/lib/test/auto/TriangularDistTestModel.xml
----------------- Instantiating /home/travis/build/icyphy/ptII/ptolemy/actor/lib/test/auto/TriangularDistTestModel.xml
2 ms. Memory: 1682944K Free: 651699K (39%)
----------------- Invoking toplevel() on ptolemy.moml.MoMLSimpleApplication@2b67e525
----------------- Done invoking toplevel() on ptolemy.moml.MoMLSimpleApplication@2b67e525
reloadAllAccessors: .TriangularDistTestModel

===========================================================================================
----------------- testing Fri Jun 07 04:29:40 UTC 2019 /home/travis/build/icyphy/ptII/ptolemy/actor/lib/test/auto/TrigFunction.xml
----------------- Instantiating /home/travis/build/icyphy/ptII/ptolemy/actor/lib/test/auto/TrigFunction.xml
1 ms. Memory: 1682944K Free: 625861K (37%)
----------------- Invoking toplevel() on ptolemy.moml.MoMLSimpleApplication@150eef86
----------------- Done invoking toplevel() on ptolemy.moml.MoMLSimpleApplication@150eef86
reloadAllAccessors: .TrigFunction

===========================================================================================
----------------- testing Fri Jun 07 04:29:40 UTC 2019 /home/travis/build/icyphy/ptII/ptolemy/actor/lib/test/auto/TrigFunctionDE.xml
----------------- Instantiating /home/travis/build/icyphy/ptII/ptolemy/actor/lib/test/auto/TrigFunctionDE.xml
2 ms. Memory: 1682944K Free: 604801K (36%)
----------------- Invoking toplevel() on ptolemy.moml.MoMLSimpleApplication@473b6ad0
----------------- Done invoking toplevel() on ptolemy.moml.MoMLSimpleApplication@473b6ad0
reloadAllAccessors: .TrigFunctionDE

===========================================================================================
----------------- testing Fri Jun 07 04:29:40 UTC 2019 /home/travis/build/icyphy/ptII/ptolemy/actor/lib/test/auto/TrigFunctionInverse.xml
----------------- Instantiating /home/travis/build/icyphy/ptII/ptolemy/actor/lib/test/auto/TrigFunctionInverse.xml
2 ms. Memory: 1682944K Free: 578963K (34%)
----------------- Invoking toplevel() on ptolemy.moml.MoMLSimpleApplication@11d05c85
----------------- Done invoking toplevel() on ptolemy.moml.MoMLSimpleApplication@11d05c85
reloadAllAccessors: .TrigFunctionInverse

===========================================================================================
----------------- testing Fri Jun 07 04:29:40 UTC 2019 /home/travis/build/icyphy/ptII/ptolemy/actor/lib/test/auto/TrigFunctionTan.xml
----------------- Instantiating /home/travis/build/icyphy/ptII/ptolemy/actor/lib/test/auto/TrigFunctionTan.xml
1 ms. Memory: 1682944K Free: 553124K (33%)
----------------- Invoking toplevel() on ptolemy.moml.MoMLSimpleApplication@6c1b8632
----------------- Done invoking toplevel() on ptolemy.moml.MoMLSimpleApplication@6c1b8632
reloadAllAccessors: .TrigFunctionTan

===========================================================================================
----------------- testing Fri Jun 07 04:29:40 UTC 2019 /home/travis/build/icyphy/ptII/ptolemy/actor/lib/test/auto/TriggeredClock.xml
----------------- Instantiating /home/travis/build/icyphy/ptII/ptolemy/actor/lib/test/auto/TriggeredClock.xml
1 ms. Memory: 1682944K Free: 532064K (32%)
----------------- Invoking toplevel() on ptolemy.moml.MoMLSimpleApplication@573c09cd
----------------- Done invoking toplevel() on ptolemy.moml.MoMLSimpleApplication@573c09cd
reloadAllAccessors: .TriggeredClock

===========================================================================================
----------------- testing Fri Jun 07 04:29:40 UTC 2019 /home/travis/build/icyphy/ptII/ptolemy/actor/lib/test/auto/URLDirectoryReader.xml
----------------- Instantiating /home/travis/build/icyphy/ptII/ptolemy/actor/lib/test/auto/URLDirectoryReader.xml
35 ms. Memory: 1682944K Free: 506226K (30%)
----------------- Invoking toplevel() on ptolemy.moml.MoMLSimpleApplication@32d7d1dc
----------------- Done invoking toplevel() on ptolemy.moml.MoMLSimpleApplication@32d7d1dc
reloadAllAccessors: .URLDirectoryReader

===========================================================================================
----------------- testing Fri Jun 07 04:29:40 UTC 2019 /home/travis/build/icyphy/ptII/ptolemy/actor/lib/test/auto/URLDirectoryReader3.xml
----------------- Instantiating /home/travis/build/icyphy/ptII/ptolemy/actor/lib/test/auto/URLDirectoryReader3.xml
1086 ms. Memory: 1682944K Free: 432515K (26%)
----------------- Invoking toplevel() on ptolemy.moml.MoMLSimpleApplication@7f33f692
----------------- Done invoking toplevel() on ptolemy.moml.MoMLSimpleApplication@7f33f692
reloadAllAccessors: .URLDirectoryReader3

===========================================================================================
----------------- testing Fri Jun 07 04:29:41 UTC 2019 /home/travis/build/icyphy/ptII/ptolemy/actor/lib/test/auto/UnaryMathFunction.xml
----------------- Instantiating /home/travis/build/icyphy/ptII/ptolemy/actor/lib/test/auto/UnaryMathFunction.xml
2 ms. Memory: 1682944K Free: 406677K (24%)
----------------- Invoking toplevel() on ptolemy.moml.MoMLSimpleApplication@72f9f72d
----------------- Done invoking toplevel() on ptolemy.moml.MoMLSimpleApplication@72f9f72d
reloadAllAccessors: .UnaryMathFunction

===========================================================================================
----------------- testing Fri Jun 07 04:29:41 UTC 2019 /home/travis/build/icyphy/ptII/ptolemy/actor/lib/test/auto/Uniform.xml
----------------- Instantiating /home/travis/build/icyphy/ptII/ptolemy/actor/lib/test/auto/Uniform.xml
1 ms. Memory: 1682944K Free: 385617K (23%)
----------------- Invoking toplevel() on ptolemy.moml.MoMLSimpleApplication@277a5126
----------------- Done invoking toplevel() on ptolemy.moml.MoMLSimpleApplication@277a5126
reloadAllAccessors: .Uniform

===========================================================================================
----------------- testing Fri Jun 07 04:29:41 UTC 2019 /home/travis/build/icyphy/ptII/ptolemy/actor/lib/test/auto/UnionDisassemblerTest.xml
----------------- Instantiating /home/travis/build/icyphy/ptII/ptolemy/actor/lib/test/auto/UnionDisassemblerTest.xml
6 ms. Memory: 1682944K Free: 359779K (21%)
----------------- Invoking toplevel() on ptolemy.moml.MoMLSimpleApplication@79684ac4
----------------- Done invoking toplevel() on ptolemy.moml.MoMLSimpleApplication@79684ac4
reloadAllAccessors: .UnionDisassemblerTest

===========================================================================================
----------------- testing Fri Jun 07 04:29:41 UTC 2019 /home/travis/build/icyphy/ptII/ptolemy/actor/lib/test/auto/UtilityFunctions.xml
----------------- Instantiating /home/travis/build/icyphy/ptII/ptolemy/actor/lib/test/auto/UtilityFunctions.xml
1 ms. Memory: 1682944K Free: 338718K (20%)
----------------- Invoking toplevel() on ptolemy.moml.MoMLSimpleApplication@1f71b9dd
----------------- Done invoking toplevel() on ptolemy.moml.MoMLSimpleApplication@1f71b9dd
reloadAllAccessors: .UtilityFunctions

===========================================================================================
----------------- testing Fri Jun 07 04:29:41 UTC 2019 /home/travis/build/icyphy/ptII/ptolemy/actor/lib/test/auto/VariableSleep.xml
----------------- Instantiating /home/travis/build/icyphy/ptII/ptolemy/actor/lib/test/auto/VariableSleep.xml
503 ms. Memory: 1682944K Free: 312880K (19%)
----------------- Invoking toplevel() on ptolemy.moml.MoMLSimpleApplication@58359dfe
----------------- Done invoking toplevel() on ptolemy.moml.MoMLSimpleApplication@58359dfe
reloadAllAccessors: .VariableSleep

===========================================================================================
----------------- testing Fri Jun 07 04:29:42 UTC 2019 /home/travis/build/icyphy/ptII/ptolemy/actor/lib/test/auto/VectorAssemblerDisassemblerCT.xml
----------------- Instantiating /home/travis/build/icyphy/ptII/ptolemy/actor/lib/test/auto/VectorAssemblerDisassemblerCT.xml
73 ms. Memory: 1682944K Free: 281274K (17%)
----------------- Invoking toplevel() on ptolemy.moml.MoMLSimpleApplication@42443356
----------------- Done invoking toplevel() on ptolemy.moml.MoMLSimpleApplication@42443356
reloadAllAccessors: .VectorAssemblerDisassemblerCT

===========================================================================================
----------------- testing Fri Jun 07 04:29:42 UTC 2019 /home/travis/build/icyphy/ptII/ptolemy/actor/lib/test/auto/VectorAssemblerDisassemblerDE.xml
----------------- Instantiating /home/travis/build/icyphy/ptII/ptolemy/actor/lib/test/auto/VectorAssemblerDisassemblerDE.xml
2 ms. Memory: 1682944K Free: 255436K (15%)
----------------- Invoking toplevel() on ptolemy.moml.MoMLSimpleApplication@7a3e6b93
----------------- Done invoking toplevel() on ptolemy.moml.MoMLSimpleApplication@7a3e6b93
reloadAllAccessors: .VectorAssemblerDisassemblerDE

===========================================================================================
----------------- testing Fri Jun 07 04:29:42 UTC 2019 /home/travis/build/icyphy/ptII/ptolemy/actor/lib/test/auto/VectorAssemblerDisassemblerSDF.xml
----------------- Instantiating /home/travis/build/icyphy/ptII/ptolemy/actor/lib/test/auto/VectorAssemblerDisassemblerSDF.xml
2 ms. Memory: 1682944K Free: 234376K (14%)
----------------- Invoking toplevel() on ptolemy.moml.MoMLSimpleApplication@20d937
----------------- Done invoking toplevel() on ptolemy.moml.MoMLSimpleApplication@20d937
reloadAllAccessors: .VectorAssemblerDisassemblerSDF

===========================================================================================
----------------- testing Fri Jun 07 04:29:42 UTC 2019 /home/travis/build/icyphy/ptII/ptolemy/actor/lib/test/auto/WallClockTime.xml
----------------- Instantiating /home/travis/build/icyphy/ptII/ptolemy/actor/lib/test/auto/WallClockTime.xml
1006 ms. Memory: 1682944K Free: 208537K (12%)
----------------- Invoking toplevel() on ptolemy.moml.MoMLSimpleApplication@7925f707
----------------- Done invoking toplevel() on ptolemy.moml.MoMLSimpleApplication@7925f707
reloadAllAccessors: .WallClockTime

===========================================================================================
----------------- testing Fri Jun 07 04:29:43 UTC 2019 /home/travis/build/icyphy/ptII/ptolemy/actor/lib/test/auto/WidthTestWithSubscriberPublisher.xml
----------------- Instantiating /home/travis/build/icyphy/ptII/ptolemy/actor/lib/test/auto/WidthTestWithSubscriberPublisher.xml
7 ms. Memory: 1682944K Free: 176931K (11%)
----------------- Invoking toplevel() on ptolemy.moml.MoMLSimpleApplication@34aa87ec
----------------- Done invoking toplevel() on ptolemy.moml.MoMLSimpleApplication@34aa87ec
reloadAllAccessors: .WidthTestWithSubscriberPublisher

===========================================================================================
----------------- testing Fri Jun 07 04:29:43 UTC 2019 /home/travis/build/icyphy/ptII/ptolemy/actor/lib/test/auto/WidthTestWithSubscriberPublisher2.xml
----------------- Instantiating /home/travis/build/icyphy/ptII/ptolemy/actor/lib/test/auto/WidthTestWithSubscriberPublisher2.xml
3 ms. Memory: 1682944K Free: 151093K (9%)
----------------- Invoking toplevel() on ptolemy.moml.MoMLSimpleApplication@1e9ecc2f
----------------- Done invoking toplevel() on ptolemy.moml.MoMLSimpleApplication@1e9ecc2f
reloadAllAccessors: .WidthTestWithSubscriberPublisher2

===========================================================================================
----------------- testing Fri Jun 07 04:29:43 UTC 2019 /home/travis/build/icyphy/ptII/ptolemy/actor/lib/test/auto/WidthTestWithSubscriberPublisher3.xml
----------------- Instantiating /home/travis/build/icyphy/ptII/ptolemy/actor/lib/test/auto/WidthTestWithSubscriberPublisher3.xml
2 ms. Memory: 1682944K Free: 130032K (8%)
----------------- Invoking toplevel() on ptolemy.moml.MoMLSimpleApplication@4d98b749
----------------- Done invoking toplevel() on ptolemy.moml.MoMLSimpleApplication@4d98b749
reloadAllAccessors: .WidthTestWithSubscriberPublisher3

===========================================================================================
----------------- testing Fri Jun 07 04:29:43 UTC 2019 /home/travis/build/icyphy/ptII/ptolemy/actor/lib/test/auto/Writer.xml
----------------- Instantiating /home/travis/build/icyphy/ptII/ptolemy/actor/lib/test/auto/Writer.xml
0
1
2
3
4
2 ms. Memory: 1682944K Free: 104194K (6%)
----------------- Invoking toplevel() on ptolemy.moml.MoMLSimpleApplication@5d71b00b
----------------- Done invoking toplevel() on ptolemy.moml.MoMLSimpleApplication@5d71b00b
reloadAllAccessors: .Writer

===========================================================================================
----------------- testing Fri Jun 07 04:29:43 UTC 2019 /home/travis/build/icyphy/ptII/ptolemy/actor/lib/test/auto/array.xml
----------------- Instantiating /home/travis/build/icyphy/ptII/ptolemy/actor/lib/test/auto/array.xml
3 ms. Memory: 1682944K Free: 83134K (5%)
----------------- Invoking toplevel() on ptolemy.moml.MoMLSimpleApplication@3a48c296
----------------- Done invoking toplevel() on ptolemy.moml.MoMLSimpleApplication@3a48c296
reloadAllAccessors: .array

===========================================================================================
----------------- testing Fri Jun 07 04:29:43 UTC 2019 /home/travis/build/icyphy/ptII/ptolemy/actor/lib/test/auto/array2.xml
----------------- Instantiating /home/travis/build/icyphy/ptII/ptolemy/actor/lib/test/auto/array2.xml
7 ms. Memory: 1682944K Free: 62852K (4%)
----------------- Invoking toplevel() on ptolemy.moml.MoMLSimpleApplication@5730babd
----------------- Done invoking toplevel() on ptolemy.moml.MoMLSimpleApplication@5730babd
reloadAllAccessors: .array2

===========================================================================================
----------------- testing Fri Jun 07 04:29:43 UTC 2019 /home/travis/build/icyphy/ptII/ptolemy/actor/lib/test/auto/arrayType.xml
----------------- Instantiating /home/travis/build/icyphy/ptII/ptolemy/actor/lib/test/auto/arrayType.xml
2 ms. Memory: 1699840K Free: 1619381K (95%)
----------------- Invoking toplevel() on ptolemy.moml.MoMLSimpleApplication@5d13fe41
----------------- Done invoking toplevel() on ptolemy.moml.MoMLSimpleApplication@5d13fe41
reloadAllAccessors: .arrayType

===========================================================================================
----------------- testing Fri Jun 07 04:29:43 UTC 2019 /home/travis/build/icyphy/ptII/ptolemy/actor/lib/test/auto/arrayType10.xml
----------------- Instantiating /home/travis/build/icyphy/ptII/ptolemy/actor/lib/test/auto/arrayType10.xml
2 ms. Memory: 1699840K Free: 1598321K (94%)
----------------- Invoking toplevel() on ptolemy.moml.MoMLSimpleApplication@37d825
----------------- Done invoking toplevel() on ptolemy.moml.MoMLSimpleApplication@37d825
reloadAllAccessors: .arrayType10

===========================================================================================
----------------- testing Fri Jun 07 04:29:43 UTC 2019 /home/travis/build/icyphy/ptII/ptolemy/actor/lib/test/auto/arrayType11.xml
----------------- Instantiating /home/travis/build/icyphy/ptII/ptolemy/actor/lib/test/auto/arrayType11.xml
1 ms. Memory: 1699840K Free: 1573084K (93%)
----------------- Invoking toplevel() on ptolemy.moml.MoMLSimpleApplication@4275c974
----------------- Done invoking toplevel() on ptolemy.moml.MoMLSimpleApplication@4275c974
reloadAllAccessors: .arrayType11

===========================================================================================
----------------- testing Fri Jun 07 04:29:43 UTC 2019 /home/travis/build/icyphy/ptII/ptolemy/actor/lib/test/auto/arrayType12.xml
----------------- Instantiating /home/travis/build/icyphy/ptII/ptolemy/actor/lib/test/auto/arrayType12.xml
1 ms. Memory: 1699840K Free: 1552024K (91%)
----------------- Invoking toplevel() on ptolemy.moml.MoMLSimpleApplication@25be6a51
----------------- Done invoking toplevel() on ptolemy.moml.MoMLSimpleApplication@25be6a51
reloadAllAccessors: .arrayType12

===========================================================================================
----------------- testing Fri Jun 07 04:29:43 UTC 2019 /home/travis/build/icyphy/ptII/ptolemy/actor/lib/test/auto/arrayType13.xml
----------------- Instantiating /home/travis/build/icyphy/ptII/ptolemy/actor/lib/test/auto/arrayType13.xml
1 ms. Memory: 1699840K Free: 1526788K (90%)
----------------- Invoking toplevel() on ptolemy.moml.MoMLSimpleApplication@2730014a
----------------- Done invoking toplevel() on ptolemy.moml.MoMLSimpleApplication@2730014a
reloadAllAccessors: .arrayType13

===========================================================================================
----------------- testing Fri Jun 07 04:29:43 UTC 2019 /home/travis/build/icyphy/ptII/ptolemy/actor/lib/test/auto/arrayType14.xml
----------------- Instantiating /home/travis/build/icyphy/ptII/ptolemy/actor/lib/test/auto/arrayType14.xml
1 ms. Memory: 1699840K Free: 1501552K (88%)
----------------- Invoking toplevel() on ptolemy.moml.MoMLSimpleApplication@66561f32
----------------- Done invoking toplevel() on ptolemy.moml.MoMLSimpleApplication@66561f32
reloadAllAccessors: .arrayType14

===========================================================================================
----------------- testing Fri Jun 07 04:29:43 UTC 2019 /home/travis/build/icyphy/ptII/ptolemy/actor/lib/test/auto/arrayType15.xml
----------------- Instantiating /home/travis/build/icyphy/ptII/ptolemy/actor/lib/test/auto/arrayType15.xml
2 ms. Memory: 1699840K Free: 1480492K (87%)
----------------- Invoking toplevel() on ptolemy.moml.MoMLSimpleApplication@4f7ab8a8
----------------- Done invoking toplevel() on ptolemy.moml.MoMLSimpleApplication@4f7ab8a8
reloadAllAccessors: .arrayType15

===========================================================================================
----------------- testing Fri Jun 07 04:29:43 UTC 2019 /home/travis/build/icyphy/ptII/ptolemy/actor/lib/test/auto/arrayType16.xml
----------------- Instantiating /home/travis/build/icyphy/ptII/ptolemy/actor/lib/test/auto/arrayType16.xml
1 ms. Memory: 1699840K Free: 1455256K (86%)
----------------- Invoking toplevel() on ptolemy.moml.MoMLSimpleApplication@bf40a58
----------------- Done invoking toplevel() on ptolemy.moml.MoMLSimpleApplication@bf40a58
reloadAllAccessors: .arrayType16

===========================================================================================
----------------- testing Fri Jun 07 04:29:43 UTC 2019 /home/travis/build/icyphy/ptII/ptolemy/actor/lib/test/auto/arrayType17.xml
----------------- Instantiating /home/travis/build/icyphy/ptII/ptolemy/actor/lib/test/auto/arrayType17.xml
1 ms. Memory: 1699840K Free: 1434195K (84%)
----------------- Invoking toplevel() on ptolemy.moml.MoMLSimpleApplication@70a6ca54
----------------- Done invoking toplevel() on ptolemy.moml.MoMLSimpleApplication@70a6ca54
reloadAllAccessors: .arrayType17

===========================================================================================
----------------- testing Fri Jun 07 04:29:43 UTC 2019 /home/travis/build/icyphy/ptII/ptolemy/actor/lib/test/auto/arrayType18.xml
----------------- Instantiating /home/travis/build/icyphy/ptII/ptolemy/actor/lib/test/auto/arrayType18.xml
2 ms. Memory: 1699840K Free: 1408959K (83%)
----------------- Invoking toplevel() on ptolemy.moml.MoMLSimpleApplication@75f7deb7
----------------- Done invoking toplevel() on ptolemy.moml.MoMLSimpleApplication@75f7deb7
reloadAllAccessors: .arrayType18

===========================================================================================
----------------- testing Fri Jun 07 04:29:43 UTC 2019 /home/travis/build/icyphy/ptII/ptolemy/actor/lib/test/auto/arrayType19.xml
----------------- Instantiating /home/travis/build/icyphy/ptII/ptolemy/actor/lib/test/auto/arrayType19.xml
2 ms. Memory: 1699840K Free: 1383723K (81%)
----------------- Invoking toplevel() on ptolemy.moml.MoMLSimpleApplication@655690b6
----------------- Done invoking toplevel() on ptolemy.moml.MoMLSimpleApplication@655690b6
reloadAllAccessors: .arrayType19

===========================================================================================
----------------- testing Fri Jun 07 04:29:43 UTC 2019 /home/travis/build/icyphy/ptII/ptolemy/actor/lib/test/auto/arrayType2.xml
----------------- Instantiating /home/travis/build/icyphy/ptII/ptolemy/actor/lib/test/auto/arrayType2.xml
1 ms. Memory: 1699840K Free: 1362663K (80%)
----------------- Invoking toplevel() on ptolemy.moml.MoMLSimpleApplication@10473c9f
----------------- Done invoking toplevel() on ptolemy.moml.MoMLSimpleApplication@10473c9f
reloadAllAccessors: .arrayType2

===========================================================================================
----------------- testing Fri Jun 07 04:29:43 UTC 2019 /home/travis/build/icyphy/ptII/ptolemy/actor/lib/test/auto/arrayType20.xml
----------------- Instantiating /home/travis/build/icyphy/ptII/ptolemy/actor/lib/test/auto/arrayType20.xml
2 ms. Memory: 1699840K Free: 1337427K (79%)
----------------- Invoking toplevel() on ptolemy.moml.MoMLSimpleApplication@4f529a90
----------------- Done invoking toplevel() on ptolemy.moml.MoMLSimpleApplication@4f529a90
reloadAllAccessors: .arrayType20

===========================================================================================
----------------- testing Fri Jun 07 04:29:43 UTC 2019 /home/travis/build/icyphy/ptII/ptolemy/actor/lib/test/auto/arrayType21.xml
----------------- Instantiating /home/travis/build/icyphy/ptII/ptolemy/actor/lib/test/auto/arrayType21.xml
1 ms. Memory: 1699840K Free: 1316366K (77%)
----------------- Invoking toplevel() on ptolemy.moml.MoMLSimpleApplication@6cd64d21
----------------- Done invoking toplevel() on ptolemy.moml.MoMLSimpleApplication@6cd64d21
reloadAllAccessors: .arrayType21

===========================================================================================
----------------- testing Fri Jun 07 04:29:43 UTC 2019 /home/travis/build/icyphy/ptII/ptolemy/actor/lib/test/auto/arrayType22.xml
----------------- Instantiating /home/travis/build/icyphy/ptII/ptolemy/actor/lib/test/auto/arrayType22.xml
3 ms. Memory: 1699840K Free: 1291105K (76%)
----------------- Invoking toplevel() on ptolemy.moml.MoMLSimpleApplication@767e65d8
----------------- Done invoking toplevel() on ptolemy.moml.MoMLSimpleApplication@767e65d8
reloadAllAccessors: .arrayType22

===========================================================================================
----------------- testing Fri Jun 07 04:29:43 UTC 2019 /home/travis/build/icyphy/ptII/ptolemy/actor/lib/test/auto/arrayType23.xml
----------------- Instantiating /home/travis/build/icyphy/ptII/ptolemy/actor/lib/test/auto/arrayType23.xml
2 ms. Memory: 1699840K Free: 1265869K (74%)
----------------- Invoking toplevel() on ptolemy.moml.MoMLSimpleApplication@3419d3bd
----------------- Done invoking toplevel() on ptolemy.moml.MoMLSimpleApplication@3419d3bd
reloadAllAccessors: .arrayType23

===========================================================================================
----------------- testing Fri Jun 07 04:29:43 UTC 2019 /home/travis/build/icyphy/ptII/ptolemy/actor/lib/test/auto/arrayType24.xml
----------------- Instantiating /home/travis/build/icyphy/ptII/ptolemy/actor/lib/test/auto/arrayType24.xml
1 ms. Memory: 1699840K Free: 1244809K (73%)
----------------- Invoking toplevel() on ptolemy.moml.MoMLSimpleApplication@7df56da9
----------------- Done invoking toplevel() on ptolemy.moml.MoMLSimpleApplication@7df56da9
reloadAllAccessors: .arrayType24

===========================================================================================
----------------- testing Fri Jun 07 04:29:43 UTC 2019 /home/travis/build/icyphy/ptII/ptolemy/actor/lib/test/auto/arrayType25.xml
----------------- Instantiating /home/travis/build/icyphy/ptII/ptolemy/actor/lib/test/auto/arrayType25.xml
1 ms. Memory: 1699840K Free: 1219573K (72%)
----------------- Invoking toplevel() on ptolemy.moml.MoMLSimpleApplication@6f5c6185
----------------- Done invoking toplevel() on ptolemy.moml.MoMLSimpleApplication@6f5c6185
reloadAllAccessors: .arrayType25

===========================================================================================
----------------- testing Fri Jun 07 04:29:43 UTC 2019 /home/travis/build/icyphy/ptII/ptolemy/actor/lib/test/auto/arrayType26.xml
----------------- Instantiating /home/travis/build/icyphy/ptII/ptolemy/actor/lib/test/auto/arrayType26.xml
2 ms. Memory: 1699840K Free: 1194337K (70%)
----------------- Invoking toplevel() on ptolemy.moml.MoMLSimpleApplication@4278122f
----------------- Done invoking toplevel() on ptolemy.moml.MoMLSimpleApplication@4278122f
reloadAllAccessors: .arrayType26

===========================================================================================
----------------- testing Fri Jun 07 04:29:43 UTC 2019 /home/travis/build/icyphy/ptII/ptolemy/actor/lib/test/auto/arrayType27.xml
----------------- Instantiating /home/travis/build/icyphy/ptII/ptolemy/actor/lib/test/auto/arrayType27.xml
1 ms. Memory: 1699840K Free: 1173276K (69%)
----------------- Invoking toplevel() on ptolemy.moml.MoMLSimpleApplication@42c0a3d8
----------------- Done invoking toplevel() on ptolemy.moml.MoMLSimpleApplication@42c0a3d8
reloadAllAccessors: .arrayType27

===========================================================================================
----------------- testing Fri Jun 07 04:29:43 UTC 2019 /home/travis/build/icyphy/ptII/ptolemy/actor/lib/test/auto/arrayType28.xml
----------------- Instantiating /home/travis/build/icyphy/ptII/ptolemy/actor/lib/test/auto/arrayType28.xml
1 ms. Memory: 1699840K Free: 1148040K (68%)
----------------- Invoking toplevel() on ptolemy.moml.MoMLSimpleApplication@7217f45c
----------------- Done invoking toplevel() on ptolemy.moml.MoMLSimpleApplication@7217f45c
reloadAllAccessors: .arrayType28

===========================================================================================
----------------- testing Fri Jun 07 04:29:43 UTC 2019 /home/travis/build/icyphy/ptII/ptolemy/actor/lib/test/auto/arrayType3.xml
----------------- Instantiating /home/travis/build/icyphy/ptII/ptolemy/actor/lib/test/auto/arrayType3.xml
1 ms. Memory: 1699840K Free: 1126980K (66%)
----------------- Invoking toplevel() on ptolemy.moml.MoMLSimpleApplication@1c81ecb1
----------------- Done invoking toplevel() on ptolemy.moml.MoMLSimpleApplication@1c81ecb1
reloadAllAccessors: .arrayType3

===========================================================================================
----------------- testing Fri Jun 07 04:29:43 UTC 2019 /home/travis/build/icyphy/ptII/ptolemy/actor/lib/test/auto/arrayType4.xml
----------------- Instantiating /home/travis/build/icyphy/ptII/ptolemy/actor/lib/test/auto/arrayType4.xml
1 ms. Memory: 1699840K Free: 1101744K (65%)
----------------- Invoking toplevel() on ptolemy.moml.MoMLSimpleApplication@17d48555
----------------- Done invoking toplevel() on ptolemy.moml.MoMLSimpleApplication@17d48555
reloadAllAccessors: .arrayType4

===========================================================================================
----------------- testing Fri Jun 07 04:29:43 UTC 2019 /home/travis/build/icyphy/ptII/ptolemy/actor/lib/test/auto/arrayType5.xml
----------------- Instantiating /home/travis/build/icyphy/ptII/ptolemy/actor/lib/test/auto/arrayType5.xml
2 ms. Memory: 1699840K Free: 1076508K (63%)
----------------- Invoking toplevel() on ptolemy.moml.MoMLSimpleApplication@66bd3945
----------------- Done invoking toplevel() on ptolemy.moml.MoMLSimpleApplication@66bd3945
reloadAllAccessors: .arrayType5

===========================================================================================
----------------- testing Fri Jun 07 04:29:43 UTC 2019 /home/travis/build/icyphy/ptII/ptolemy/actor/lib/test/auto/arrayType6.xml
----------------- Instantiating /home/travis/build/icyphy/ptII/ptolemy/actor/lib/test/auto/arrayType6.xml
1 ms. Memory: 1699840K Free: 1055447K (62%)
----------------- Invoking toplevel() on ptolemy.moml.MoMLSimpleApplication@6b701894
----------------- Done invoking toplevel() on ptolemy.moml.MoMLSimpleApplication@6b701894
reloadAllAccessors: .arrayType6

===========================================================================================
----------------- testing Fri Jun 07 04:29:43 UTC 2019 /home/travis/build/icyphy/ptII/ptolemy/actor/lib/test/auto/arrayType7.xml
----------------- Instantiating /home/travis/build/icyphy/ptII/ptolemy/actor/lib/test/auto/arrayType7.xml
2 ms. Memory: 1699840K Free: 1030211K (61%)
----------------- Invoking toplevel() on ptolemy.moml.MoMLSimpleApplication@320f930d
----------------- Done invoking toplevel() on ptolemy.moml.MoMLSimpleApplication@320f930d
reloadAllAccessors: .arrayType7

===========================================================================================
----------------- testing Fri Jun 07 04:29:43 UTC 2019 /home/travis/build/icyphy/ptII/ptolemy/actor/lib/test/auto/arrayType8.xml
----------------- Instantiating /home/travis/build/icyphy/ptII/ptolemy/actor/lib/test/auto/arrayType8.xml
2 ms. Memory: 1699840K Free: 1009151K (59%)
----------------- Invoking toplevel() on ptolemy.moml.MoMLSimpleApplication@332a47f7
----------------- Done invoking toplevel() on ptolemy.moml.MoMLSimpleApplication@332a47f7
reloadAllAccessors: .arrayType8

===========================================================================================
----------------- testing Fri Jun 07 04:29:43 UTC 2019 /home/travis/build/icyphy/ptII/ptolemy/actor/lib/test/auto/arrayType9.xml
----------------- Instantiating /home/travis/build/icyphy/ptII/ptolemy/actor/lib/test/auto/arrayType9.xml
2 ms. Memory: 1699840K Free: 983915K (58%)
----------------- Invoking toplevel() on ptolemy.moml.MoMLSimpleApplication@6e69d9
----------------- Done invoking toplevel() on ptolemy.moml.MoMLSimpleApplication@6e69d9
reloadAllAccessors: .arrayType9

===========================================================================================
----------------- testing Fri Jun 07 04:29:43 UTC 2019 /home/travis/build/icyphy/ptII/ptolemy/actor/lib/test/auto/cast.xml
----------------- Instantiating /home/travis/build/icyphy/ptII/ptolemy/actor/lib/test/auto/cast.xml
3 ms. Memory: 1699840K Free: 958678K (56%)
----------------- Invoking toplevel() on ptolemy.moml.MoMLSimpleApplication@1985da43
----------------- Done invoking toplevel() on ptolemy.moml.MoMLSimpleApplication@1985da43
reloadAllAccessors: .cast

===========================================================================================
----------------- testing Fri Jun 07 04:29:43 UTC 2019 /home/travis/build/icyphy/ptII/ptolemy/actor/lib/test/auto/compositeMultiPort.xml
----------------- Instantiating /home/travis/build/icyphy/ptII/ptolemy/actor/lib/test/auto/compositeMultiPort.xml
4 ms. Memory: 1699840K Free: 937618K (55%)
----------------- Invoking toplevel() on ptolemy.moml.MoMLSimpleApplication@7914e83f
----------------- Done invoking toplevel() on ptolemy.moml.MoMLSimpleApplication@7914e83f
reloadAllAccessors: .compositeMultiPort

===========================================================================================
----------------- testing Fri Jun 07 04:29:43 UTC 2019 /home/travis/build/icyphy/ptII/ptolemy/actor/lib/test/auto/expressionCastInference.xml
----------------- Instantiating /home/travis/build/icyphy/ptII/ptolemy/actor/lib/test/auto/expressionCastInference.xml
2 ms. Memory: 1699840K Free: 912382K (54%)
----------------- Invoking toplevel() on ptolemy.moml.MoMLSimpleApplication@7f6ba3c6
----------------- Done invoking toplevel() on ptolemy.moml.MoMLSimpleApplication@7f6ba3c6
reloadAllAccessors: .expressionCastInference

===========================================================================================
----------------- testing Fri Jun 07 04:29:43 UTC 2019 /home/travis/build/icyphy/ptII/ptolemy/actor/lib/test/auto/expressionCastInference2.xml
----------------- Instantiating /home/travis/build/icyphy/ptII/ptolemy/actor/lib/test/auto/expressionCastInference2.xml
2 ms. Memory: 1699840K Free: 891322K (52%)
----------------- Invoking toplevel() on ptolemy.moml.MoMLSimpleApplication@a5c8404
----------------- Done invoking toplevel() on ptolemy.moml.MoMLSimpleApplication@a5c8404
reloadAllAccessors: .expressionCastInference2

===========================================================================================
----------------- testing Fri Jun 07 04:29:43 UTC 2019 /home/travis/build/icyphy/ptII/ptolemy/actor/lib/test/auto/expressionInference.xml
----------------- Instantiating /home/travis/build/icyphy/ptII/ptolemy/actor/lib/test/auto/expressionInference.xml
1 ms. Memory: 1699840K Free: 866086K (51%)
----------------- Invoking toplevel() on ptolemy.moml.MoMLSimpleApplication@641d763a
----------------- Done invoking toplevel() on ptolemy.moml.MoMLSimpleApplication@641d763a
reloadAllAccessors: .expressionInference

===========================================================================================
----------------- testing Fri Jun 07 04:29:43 UTC 2019 /home/travis/build/icyphy/ptII/ptolemy/actor/lib/test/auto/expression_bug.xml
----------------- Instantiating /home/travis/build/icyphy/ptII/ptolemy/actor/lib/test/auto/expression_bug.xml
1 ms. Memory: 1699840K Free: 840849K (49%)
----------------- Invoking toplevel() on ptolemy.moml.MoMLSimpleApplication@43476776
----------------- Done invoking toplevel() on ptolemy.moml.MoMLSimpleApplication@43476776
reloadAllAccessors: .expression_bug

===========================================================================================
----------------- testing Fri Jun 07 04:29:43 UTC 2019 /home/travis/build/icyphy/ptII/ptolemy/actor/lib/test/auto/factorial.xml
----------------- Instantiating /home/travis/build/icyphy/ptII/ptolemy/actor/lib/test/auto/factorial.xml
28 ms. Memory: 1699840K Free: 819789K (48%)
----------------- Invoking toplevel() on ptolemy.moml.MoMLSimpleApplication@3be228ce
----------------- Done invoking toplevel() on ptolemy.moml.MoMLSimpleApplication@3be228ce
reloadAllAccessors: .factorial

===========================================================================================
----------------- testing Fri Jun 07 04:29:44 UTC 2019 /home/travis/build/icyphy/ptII/ptolemy/actor/lib/test/auto/filterTest1.xml
----------------- Instantiating /home/travis/build/icyphy/ptII/ptolemy/actor/lib/test/auto/filterTest1.xml
3 ms. Memory: 1699840K Free: 794553K (47%)
----------------- Invoking toplevel() on ptolemy.moml.MoMLSimpleApplication@19593ce3
----------------- Done invoking toplevel() on ptolemy.moml.MoMLSimpleApplication@19593ce3
reloadAllAccessors: .filterTest1

===========================================================================================
----------------- testing Fri Jun 07 04:29:44 UTC 2019 /home/travis/build/icyphy/ptII/ptolemy/actor/lib/test/auto/funcApplyInConst.xml
----------------- Instantiating /home/travis/build/icyphy/ptII/ptolemy/actor/lib/test/auto/funcApplyInConst.xml
1 ms. Memory: 1699840K Free: 769317K (45%)
----------------- Invoking toplevel() on ptolemy.moml.MoMLSimpleApplication@1178657f
----------------- Done invoking toplevel() on ptolemy.moml.MoMLSimpleApplication@1178657f
reloadAllAccessors: .funcApplyInConst

===========================================================================================
----------------- testing Fri Jun 07 04:29:44 UTC 2019 /home/travis/build/icyphy/ptII/ptolemy/actor/lib/test/auto/funcApplyInExpr.xml
----------------- Instantiating /home/travis/build/icyphy/ptII/ptolemy/actor/lib/test/auto/funcApplyInExpr.xml
2 ms. Memory: 1699840K Free: 748257K (44%)
----------------- Invoking toplevel() on ptolemy.moml.MoMLSimpleApplication@3d797575
----------------- Done invoking toplevel() on ptolemy.moml.MoMLSimpleApplication@3d797575
reloadAllAccessors: .funcApplyInExpr

===========================================================================================
----------------- testing Fri Jun 07 04:29:44 UTC 2019 /home/travis/build/icyphy/ptII/ptolemy/actor/lib/test/auto/function.xml
----------------- Instantiating /home/travis/build/icyphy/ptII/ptolemy/actor/lib/test/auto/function.xml
2 ms. Memory: 1699840K Free: 723021K (43%)
----------------- Invoking toplevel() on ptolemy.moml.MoMLSimpleApplication@647f374d
----------------- Done invoking toplevel() on ptolemy.moml.MoMLSimpleApplication@647f374d
reloadAllAccessors: .function

===========================================================================================
----------------- testing Fri Jun 07 04:29:44 UTC 2019 /home/travis/build/icyphy/ptII/ptolemy/actor/lib/test/auto/function2.xml
----------------- Instantiating /home/travis/build/icyphy/ptII/ptolemy/actor/lib/test/auto/function2.xml
1 ms. Memory: 1699840K Free: 701960K (41%)
----------------- Invoking toplevel() on ptolemy.moml.MoMLSimpleApplication@1ee11ba5
----------------- Done invoking toplevel() on ptolemy.moml.MoMLSimpleApplication@1ee11ba5
reloadAllAccessors: .function2

===========================================================================================
----------------- testing Fri Jun 07 04:29:44 UTC 2019 /home/travis/build/icyphy/ptII/ptolemy/actor/lib/test/auto/function3.xml
----------------- Instantiating /home/travis/build/icyphy/ptII/ptolemy/actor/lib/test/auto/function3.xml
1 ms. Memory: 1699840K Free: 676724K (40%)
----------------- Invoking toplevel() on ptolemy.moml.MoMLSimpleApplication@629c5cea
----------------- Done invoking toplevel() on ptolemy.moml.MoMLSimpleApplication@629c5cea
reloadAllAccessors: .function3

===========================================================================================
----------------- testing Fri Jun 07 04:29:44 UTC 2019 /home/travis/build/icyphy/ptII/ptolemy/actor/lib/test/auto/functionClosureTest1.xml
----------------- Instantiating /home/travis/build/icyphy/ptII/ptolemy/actor/lib/test/auto/functionClosureTest1.xml
2 ms. Memory: 1699840K Free: 651488K (38%)
----------------- Invoking toplevel() on ptolemy.moml.MoMLSimpleApplication@783a0d27
----------------- Done invoking toplevel() on ptolemy.moml.MoMLSimpleApplication@783a0d27
reloadAllAccessors: .functionClosureTest1

===========================================================================================
----------------- testing Fri Jun 07 04:29:44 UTC 2019 /home/travis/build/icyphy/ptII/ptolemy/actor/lib/test/auto/functionClosureTest2.xml
----------------- Instantiating /home/travis/build/icyphy/ptII/ptolemy/actor/lib/test/auto/functionClosureTest2.xml
1 ms. Memory: 1699840K Free: 630427K (37%)
----------------- Invoking toplevel() on ptolemy.moml.MoMLSimpleApplication@79da4ddb
----------------- Done invoking toplevel() on ptolemy.moml.MoMLSimpleApplication@79da4ddb
reloadAllAccessors: .functionClosureTest2

===========================================================================================
----------------- testing Fri Jun 07 04:29:44 UTC 2019 /home/travis/build/icyphy/ptII/ptolemy/actor/lib/test/auto/functionClosureTest3.xml
----------------- Instantiating /home/travis/build/icyphy/ptII/ptolemy/actor/lib/test/auto/functionClosureTest3.xml
2 ms. Memory: 1699840K Free: 605191K (36%)
----------------- Invoking toplevel() on ptolemy.moml.MoMLSimpleApplication@1e85854c
----------------- Done invoking toplevel() on ptolemy.moml.MoMLSimpleApplication@1e85854c
reloadAllAccessors: .functionClosureTest3

===========================================================================================
----------------- testing Fri Jun 07 04:29:44 UTC 2019 /home/travis/build/icyphy/ptII/ptolemy/actor/lib/test/auto/functionClosureTest4.xml
----------------- Instantiating /home/travis/build/icyphy/ptII/ptolemy/actor/lib/test/auto/functionClosureTest4.xml
4 ms. Memory: 1699840K Free: 579955K (34%)
----------------- Invoking toplevel() on ptolemy.moml.MoMLSimpleApplication@7785fa97
----------------- Done invoking toplevel() on ptolemy.moml.MoMLSimpleApplication@7785fa97
reloadAllAccessors: .functionClosureTest4

===========================================================================================
----------------- testing Fri Jun 07 04:29:44 UTC 2019 /home/travis/build/icyphy/ptII/ptolemy/actor/lib/test/auto/functionClosureTest5.xml
----------------- Instantiating /home/travis/build/icyphy/ptII/ptolemy/actor/lib/test/auto/functionClosureTest5.xml
4 ms. Memory: 1699840K Free: 558895K (33%)
----------------- Invoking toplevel() on ptolemy.moml.MoMLSimpleApplication@383c19f6
----------------- Done invoking toplevel() on ptolemy.moml.MoMLSimpleApplication@383c19f6
reloadAllAccessors: .functionClosureTest5

===========================================================================================
----------------- testing Fri Jun 07 04:29:44 UTC 2019 /home/travis/build/icyphy/ptII/ptolemy/actor/lib/test/auto/functionClosureTest6.xml
----------------- Instantiating /home/travis/build/icyphy/ptII/ptolemy/actor/lib/test/auto/functionClosureTest6.xml
1 ms. Memory: 1699840K Free: 533659K (31%)
----------------- Invoking toplevel() on ptolemy.moml.MoMLSimpleApplication@1c8de74
----------------- Done invoking toplevel() on ptolemy.moml.MoMLSimpleApplication@1c8de74
reloadAllAccessors: .functionClosureTest6

===========================================================================================
----------------- testing Fri Jun 07 04:29:44 UTC 2019 /home/travis/build/icyphy/ptII/ptolemy/actor/lib/test/auto/functionsOnArcs.xml
----------------- Instantiating /home/travis/build/icyphy/ptII/ptolemy/actor/lib/test/auto/functionsOnArcs.xml
1 ms. Memory: 1699840K Free: 512598K (30%)
----------------- Invoking toplevel() on ptolemy.moml.MoMLSimpleApplication@64c31a54
----------------- Done invoking toplevel() on ptolemy.moml.MoMLSimpleApplication@64c31a54
reloadAllAccessors: .functionsOnArcs

===========================================================================================
----------------- testing Fri Jun 07 04:29:44 UTC 2019 /home/travis/build/icyphy/ptII/ptolemy/actor/lib/test/auto/functionsOnArcsHOF.xml
----------------- Instantiating /home/travis/build/icyphy/ptII/ptolemy/actor/lib/test/auto/functionsOnArcsHOF.xml
3 ms. Memory: 1699840K Free: 487362K (29%)
----------------- Invoking toplevel() on ptolemy.moml.MoMLSimpleApplication@7a90dcd0
----------------- Done invoking toplevel() on ptolemy.moml.MoMLSimpleApplication@7a90dcd0
reloadAllAccessors: .functionsOnArcsHOF

===========================================================================================
----------------- testing Fri Jun 07 04:29:44 UTC 2019 /home/travis/build/icyphy/ptII/ptolemy/actor/lib/test/auto/logic.xml
----------------- Instantiating /home/travis/build/icyphy/ptII/ptolemy/actor/lib/test/auto/logic.xml
2 ms. Memory: 1699840K Free: 462126K (27%)
----------------- Invoking toplevel() on ptolemy.moml.MoMLSimpleApplication@32c20f37
----------------- Done invoking toplevel() on ptolemy.moml.MoMLSimpleApplication@32c20f37
reloadAllAccessors: .logic

===========================================================================================
----------------- testing Fri Jun 07 04:29:44 UTC 2019 /home/travis/build/icyphy/ptII/ptolemy/actor/lib/test/auto/matrixType.xml
----------------- Instantiating /home/travis/build/icyphy/ptII/ptolemy/actor/lib/test/auto/matrixType.xml
2 ms. Memory: 1699840K Free: 441066K (26%)
----------------- Invoking toplevel() on ptolemy.moml.MoMLSimpleApplication@4c4c5ec0
----------------- Done invoking toplevel() on ptolemy.moml.MoMLSimpleApplication@4c4c5ec0
reloadAllAccessors: .matrixType

===========================================================================================
----------------- testing Fri Jun 07 04:29:44 UTC 2019 /home/travis/build/icyphy/ptII/ptolemy/actor/lib/test/auto/matrixType10.xml
----------------- Instantiating /home/travis/build/icyphy/ptII/ptolemy/actor/lib/test/auto/matrixType10.xml
1 ms. Memory: 1699840K Free: 415830K (24%)
----------------- Invoking toplevel() on ptolemy.moml.MoMLSimpleApplication@5bef27
----------------- Done invoking toplevel() on ptolemy.moml.MoMLSimpleApplication@5bef27
reloadAllAccessors: .matrixType10

===========================================================================================
----------------- testing Fri Jun 07 04:29:44 UTC 2019 /home/travis/build/icyphy/ptII/ptolemy/actor/lib/test/auto/matrixType11.xml
----------------- Instantiating /home/travis/build/icyphy/ptII/ptolemy/actor/lib/test/auto/matrixType11.xml
1 ms. Memory: 1699840K Free: 390594K (23%)
----------------- Invoking toplevel() on ptolemy.moml.MoMLSimpleApplication@6078ae04
----------------- Done invoking toplevel() on ptolemy.moml.MoMLSimpleApplication@6078ae04
reloadAllAccessors: .matrixType11

===========================================================================================
----------------- testing Fri Jun 07 04:29:44 UTC 2019 /home/travis/build/icyphy/ptII/ptolemy/actor/lib/test/auto/matrixType12.xml
----------------- Instantiating /home/travis/build/icyphy/ptII/ptolemy/actor/lib/test/auto/matrixType12.xml
2 ms. Memory: 1699840K Free: 369533K (22%)
----------------- Invoking toplevel() on ptolemy.moml.MoMLSimpleApplication@507646cb
----------------- Done invoking toplevel() on ptolemy.moml.MoMLSimpleApplication@507646cb
reloadAllAccessors: .matrixType12

===========================================================================================
----------------- testing Fri Jun 07 04:29:44 UTC 2019 /home/travis/build/icyphy/ptII/ptolemy/actor/lib/test/auto/matrixType13.xml
----------------- Instantiating /home/travis/build/icyphy/ptII/ptolemy/actor/lib/test/auto/matrixType13.xml
1 ms. Memory: 1699840K Free: 344297K (20%)
----------------- Invoking toplevel() on ptolemy.moml.MoMLSimpleApplication@5ab6c27f
----------------- Done invoking toplevel() on ptolemy.moml.MoMLSimpleApplication@5ab6c27f
reloadAllAccessors: .matrixType13

===========================================================================================
----------------- testing Fri Jun 07 04:29:44 UTC 2019 /home/travis/build/icyphy/ptII/ptolemy/actor/lib/test/auto/matrixType14.xml
----------------- Instantiating /home/travis/build/icyphy/ptII/ptolemy/actor/lib/test/auto/matrixType14.xml
1 ms. Memory: 1699840K Free: 323237K (19%)
----------------- Invoking toplevel() on ptolemy.moml.MoMLSimpleApplication@1774d0f1
----------------- Done invoking toplevel() on ptolemy.moml.MoMLSimpleApplication@1774d0f1
reloadAllAccessors: .matrixType14

===========================================================================================
----------------- testing Fri Jun 07 04:29:44 UTC 2019 /home/travis/build/icyphy/ptII/ptolemy/actor/lib/test/auto/matrixType2.xml
----------------- Instantiating /home/travis/build/icyphy/ptII/ptolemy/actor/lib/test/auto/matrixType2.xml
1 ms. Memory: 1699840K Free: 298001K (18%)
----------------- Invoking toplevel() on ptolemy.moml.MoMLSimpleApplication@7aeb8a3f
----------------- Done invoking toplevel() on ptolemy.moml.MoMLSimpleApplication@7aeb8a3f
reloadAllAccessors: .matrixType2

===========================================================================================
----------------- testing Fri Jun 07 04:29:44 UTC 2019 /home/travis/build/icyphy/ptII/ptolemy/actor/lib/test/auto/matrixType3.xml
----------------- Instantiating /home/travis/build/icyphy/ptII/ptolemy/actor/lib/test/auto/matrixType3.xml
3 ms. Memory: 1699840K Free: 272765K (16%)
----------------- Invoking toplevel() on ptolemy.moml.MoMLSimpleApplication@4c07884b
----------------- Done invoking toplevel() on ptolemy.moml.MoMLSimpleApplication@4c07884b
reloadAllAccessors: .matrixType3

===========================================================================================
----------------- testing Fri Jun 07 04:29:44 UTC 2019 /home/travis/build/icyphy/ptII/ptolemy/actor/lib/test/auto/matrixType4.xml
----------------- Instantiating /home/travis/build/icyphy/ptII/ptolemy/actor/lib/test/auto/matrixType4.xml
1 ms. Memory: 1699840K Free: 251704K (15%)
----------------- Invoking toplevel() on ptolemy.moml.MoMLSimpleApplication@7081ab3
----------------- Done invoking toplevel() on ptolemy.moml.MoMLSimpleApplication@7081ab3
reloadAllAccessors: .matrixType4

===========================================================================================
----------------- testing Fri Jun 07 04:29:44 UTC 2019 /home/travis/build/icyphy/ptII/ptolemy/actor/lib/test/auto/matrixType5.xml
----------------- Instantiating /home/travis/build/icyphy/ptII/ptolemy/actor/lib/test/auto/matrixType5.xml
1 ms. Memory: 1699840K Free: 226468K (13%)
----------------- Invoking toplevel() on ptolemy.moml.MoMLSimpleApplication@5977c5e3
----------------- Done invoking toplevel() on ptolemy.moml.MoMLSimpleApplication@5977c5e3
reloadAllAccessors: .matrixType5

===========================================================================================
----------------- testing Fri Jun 07 04:29:44 UTC 2019 /home/travis/build/icyphy/ptII/ptolemy/actor/lib/test/auto/matrixType6.xml
----------------- Instantiating /home/travis/build/icyphy/ptII/ptolemy/actor/lib/test/auto/matrixType6.xml
1 ms. Memory: 1699840K Free: 205408K (12%)
----------------- Invoking toplevel() on ptolemy.moml.MoMLSimpleApplication@44fa9ce7
----------------- Done invoking toplevel() on ptolemy.moml.MoMLSimpleApplication@44fa9ce7
reloadAllAccessors: .matrixType6

===========================================================================================
----------------- testing Fri Jun 07 04:29:44 UTC 2019 /home/travis/build/icyphy/ptII/ptolemy/actor/lib/test/auto/matrixType7.xml
----------------- Instantiating /home/travis/build/icyphy/ptII/ptolemy/actor/lib/test/auto/matrixType7.xml
1 ms. Memory: 1699840K Free: 180171K (11%)
----------------- Invoking toplevel() on ptolemy.moml.MoMLSimpleApplication@3b117f17
----------------- Done invoking toplevel() on ptolemy.moml.MoMLSimpleApplication@3b117f17
reloadAllAccessors: .matrixType7

===========================================================================================
----------------- testing Fri Jun 07 04:29:44 UTC 2019 /home/travis/build/icyphy/ptII/ptolemy/actor/lib/test/auto/matrixType8.xml
----------------- Instantiating /home/travis/build/icyphy/ptII/ptolemy/actor/lib/test/auto/matrixType8.xml
1 ms. Memory: 1699840K Free: 154935K (9%)
----------------- Invoking toplevel() on ptolemy.moml.MoMLSimpleApplication@542774ae
----------------- Done invoking toplevel() on ptolemy.moml.MoMLSimpleApplication@542774ae
reloadAllAccessors: .matrixType8

===========================================================================================
----------------- testing Fri Jun 07 04:29:44 UTC 2019 /home/travis/build/icyphy/ptII/ptolemy/actor/lib/test/auto/matrixType9.xml
----------------- Instantiating /home/travis/build/icyphy/ptII/ptolemy/actor/lib/test/auto/matrixType9.xml
2 ms. Memory: 1699840K Free: 133875K (8%)
----------------- Invoking toplevel() on ptolemy.moml.MoMLSimpleApplication@1bf93528
----------------- Done invoking toplevel() on ptolemy.moml.MoMLSimpleApplication@1bf93528
reloadAllAccessors: .matrixType9

===========================================================================================
----------------- testing Fri Jun 07 04:29:44 UTC 2019 /home/travis/build/icyphy/ptII/ptolemy/actor/lib/test/auto/paraFunctest.xml
----------------- Instantiating /home/travis/build/icyphy/ptII/ptolemy/actor/lib/test/auto/paraFunctest.xml
1 ms. Memory: 1699840K Free: 108639K (6%)
----------------- Invoking toplevel() on ptolemy.moml.MoMLSimpleApplication@5541869c
----------------- Done invoking toplevel() on ptolemy.moml.MoMLSimpleApplication@5541869c
reloadAllAccessors: .paraFunctest

===========================================================================================
----------------- testing Fri Jun 07 04:29:44 UTC 2019 /home/travis/build/icyphy/ptII/ptolemy/actor/lib/test/auto/paraFunctest2.xml
----------------- Instantiating /home/travis/build/icyphy/ptII/ptolemy/actor/lib/test/auto/paraFunctest2.xml
2 ms. Memory: 1699840K Free: 83403K (5%)
----------------- Invoking toplevel() on ptolemy.moml.MoMLSimpleApplication@1ffc3b4e
----------------- Done invoking toplevel() on ptolemy.moml.MoMLSimpleApplication@1ffc3b4e
reloadAllAccessors: .paraFunctest2

===========================================================================================
----------------- testing Fri Jun 07 04:29:44 UTC 2019 /home/travis/build/icyphy/ptII/ptolemy/actor/lib/test/auto/parameterPassing.xml
----------------- Instantiating /home/travis/build/icyphy/ptII/ptolemy/actor/lib/test/auto/parameterPassing.xml
10 ms. Memory: 1784320K Free: 1729313K (97%)
----------------- Invoking toplevel() on ptolemy.moml.MoMLSimpleApplication@1f235c6e
----------------- Done invoking toplevel() on ptolemy.moml.MoMLSimpleApplication@1f235c6e
reloadAllAccessors: .parameterPassing

===========================================================================================
----------------- testing Fri Jun 07 04:29:44 UTC 2019 /home/travis/build/icyphy/ptII/ptolemy/actor/lib/test/auto/record.xml
----------------- Instantiating /home/travis/build/icyphy/ptII/ptolemy/actor/lib/test/auto/record.xml
2 ms. Memory: 1784320K Free: 1690423K (95%)
----------------- Invoking toplevel() on ptolemy.moml.MoMLSimpleApplication@6c6cd2ef
----------------- Done invoking toplevel() on ptolemy.moml.MoMLSimpleApplication@6c6cd2ef
reloadAllAccessors: .record

===========================================================================================
----------------- testing Fri Jun 07 04:29:44 UTC 2019 /home/travis/build/icyphy/ptII/ptolemy/actor/lib/test/auto/sizedarray1.xml
----------------- Instantiating /home/travis/build/icyphy/ptII/ptolemy/actor/lib/test/auto/sizedarray1.xml
2 ms. Memory: 1784320K Free: 1664120K (93%)
----------------- Invoking toplevel() on ptolemy.moml.MoMLSimpleApplication@483c1b6b
----------------- Done invoking toplevel() on ptolemy.moml.MoMLSimpleApplication@483c1b6b
reloadAllAccessors: .sizedarray1

===========================================================================================
----------------- testing Fri Jun 07 04:29:44 UTC 2019 /home/travis/build/icyphy/ptII/ptolemy/actor/lib/test/auto/sizedarray2.xml
----------------- Instantiating /home/travis/build/icyphy/ptII/ptolemy/actor/lib/test/auto/sizedarray2.xml
1 ms. Memory: 1784320K Free: 1641913K (92%)
----------------- Invoking toplevel() on ptolemy.moml.MoMLSimpleApplication@3a6ee29c
----------------- Done invoking toplevel() on ptolemy.moml.MoMLSimpleApplication@3a6ee29c
reloadAllAccessors: .sizedarray2

===========================================================================================
----------------- testing Fri Jun 07 04:29:44 UTC 2019 /home/travis/build/icyphy/ptII/ptolemy/actor/lib/test/auto/twoPublishers.xml
----------------- Instantiating /home/travis/build/icyphy/ptII/ptolemy/actor/lib/test/auto/twoPublishers.xml
2 ms. Memory: 1784320K Free: 1615611K (91%)
----------------- Invoking toplevel() on ptolemy.moml.MoMLSimpleApplication@71395918
----------------- Done invoking toplevel() on ptolemy.moml.MoMLSimpleApplication@71395918
reloadAllAccessors: .twoPublishers
AutoTests.java: About to close Vertx.
AutoTests.java: Vertx closed.
]]></system-out>
  <system-err><![CDATA[java.lang.RuntimeException: Execution failed
	at ptolemy.moml.MoMLSimpleApplication$UnloadThread.run(MoMLSimpleApplication.java:402)
Caused by: java.lang.RuntimeException: StringUtilities.exit() was called. Normally, we would exit here because Manager.exitAfterWrapup() was called.  However, because the ptolemy.ptII.exitAfterWrapup property is set, we throw this exception instead.
	at ptolemy.util.StringUtilities.exit(StringUtilities.java:363)
	at ptolemy.actor.Manager.wrapup(Manager.java:1531)
	at ptolemy.actor.Manager.execute(Manager.java:407)
	at ptolemy.actor.Manager.run(Manager.java:1263)
	at ptolemy.actor.Manager$PtolemyRunThread.run(Manager.java:1915)
Warning: '.top.test' is in training mode, set the trainingMode parameter to false before checking in
Warning: '.top.test' is in training mode, set the trainingMode parameter to false before checking in
Warning: '.top.test' is in training mode, set the trainingMode parameter to false before checking in
Warning: '.BooleanSwitch_RegressionTest_WrongTrainingValues.Test' is in training mode, set the trainingMode parameter to false before checking in
Warning: '.BooleanSwitch_RegressionTest_WrongTrainingValues.Test2' is in training mode, set the trainingMode parameter to false before checking in
Warning: '.BooleanSwitch_RegressionTest_WrongTrainingValues.Test2' The test produced 0 tokens.
Warning: '.top.testExceptionHandler' is in training mode, set the trainingMode parameter to false before checking in
java.lang.RuntimeException: Execution failed
	at ptolemy.moml.MoMLSimpleApplication$UnloadThread.run(MoMLSimpleApplication.java:402)
Caused by: ptolemy.kernel.util.IllegalActionException: PublisherPorts cannot be used at the top level, use a Publisher actor instead.
  in .PublisherPortToplevelSubscriber.PublisherPort
	at ptolemy.actor.PublisherPort.preinitialize(PublisherPort.java:403)
	at ptolemy.actor.CompositeActor.preinitialize(CompositeActor.java:1769)
	at ptolemy.actor.Manager.preinitializeAndResolveTypes(Manager.java:1040)
	at ptolemy.actor.Manager.initialize(Manager.java:710)
	at ptolemy.actor.Manager.execute(Manager.java:356)
	at ptolemy.actor.Manager.run(Manager.java:1263)
	at ptolemy.actor.Manager$PtolemyRunThread.run(Manager.java:1915)
java.lang.reflect.InvocationTargetException
	at sun.reflect.NativeConstructorAccessorImpl.newInstance0(Native Method)
	at sun.reflect.NativeConstructorAccessorImpl.newInstance(NativeConstructorAccessorImpl.java:62)
	at sun.reflect.DelegatingConstructorAccessorImpl.newInstance(DelegatingConstructorAccessorImpl.java:45)
	at java.lang.reflect.Constructor.newInstance(Constructor.java:423)
	at ptolemy.util.test.junit.AutoKnownFailedTests.RunModel(AutoKnownFailedTests.java:105)
	at sun.reflect.NativeMethodAccessorImpl.invoke0(Native Method)
	at sun.reflect.NativeMethodAccessorImpl.invoke(NativeMethodAccessorImpl.java:62)
	at sun.reflect.DelegatingMethodAccessorImpl.invoke(DelegatingMethodAccessorImpl.java:43)
	at java.lang.reflect.Method.invoke(Method.java:498)
	at org.junit.runners.model.FrameworkMethod$1.runReflectiveCall(FrameworkMethod.java:44)
	at org.junit.internal.runners.model.ReflectiveCallable.run(ReflectiveCallable.java:15)
	at org.junit.runners.model.FrameworkMethod.invokeExplosively(FrameworkMethod.java:41)
	at junitparams.internal.InvokeParameterisedMethod.evaluate(InvokeParameterisedMethod.java:102)
	at org.junit.internal.runners.statements.FailOnTimeout$1.run(FailOnTimeout.java:28)
Caused by: ptolemy.kernel.util.IllegalActionException: PublisherPorts cannot be used at the top level, use a Publisher actor instead.
  in .PublisherPortToplevelSubscriber.PublisherPort
	at ptolemy.actor.PublisherPort.preinitialize(PublisherPort.java:403)
	at ptolemy.actor.CompositeActor.preinitialize(CompositeActor.java:1769)
	at ptolemy.actor.Manager.preinitializeAndResolveTypes(Manager.java:1040)
	at ptolemy.actor.Manager.initialize(Manager.java:710)
	at ptolemy.actor.Manager.execute(Manager.java:356)
	at ptolemy.actor.Manager.run(Manager.java:1263)
	at ptolemy.actor.Manager$PtolemyRunThread.run(Manager.java:1915)
java.lang.RuntimeException: Execution failed
	at ptolemy.moml.MoMLSimpleApplication$UnloadThread.run(MoMLSimpleApplication.java:402)
Caused by: ptolemy.kernel.util.IllegalActionException: SubscriberPorts cannot be used at the top level, use a Subscriber actor instead.
  in .PublisherSubscriberPortToplevel.SubscriberPort
	at ptolemy.actor.SubscriberPort.preinitialize(SubscriberPort.java:328)
	at ptolemy.actor.CompositeActor.preinitialize(CompositeActor.java:1769)
	at ptolemy.actor.Manager.preinitializeAndResolveTypes(Manager.java:1040)
	at ptolemy.actor.Manager.initialize(Manager.java:710)
	at ptolemy.actor.Manager.execute(Manager.java:356)
	at ptolemy.actor.Manager.run(Manager.java:1263)
	at ptolemy.actor.Manager$PtolemyRunThread.run(Manager.java:1915)
java.lang.reflect.InvocationTargetException
	at sun.reflect.NativeConstructorAccessorImpl.newInstance0(Native Method)
	at sun.reflect.NativeConstructorAccessorImpl.newInstance(NativeConstructorAccessorImpl.java:62)
	at sun.reflect.DelegatingConstructorAccessorImpl.newInstance(DelegatingConstructorAccessorImpl.java:45)
	at java.lang.reflect.Constructor.newInstance(Constructor.java:423)
	at ptolemy.util.test.junit.AutoKnownFailedTests.RunModel(AutoKnownFailedTests.java:105)
	at sun.reflect.NativeMethodAccessorImpl.invoke0(Native Method)
	at sun.reflect.NativeMethodAccessorImpl.invoke(NativeMethodAccessorImpl.java:62)
	at sun.reflect.DelegatingMethodAccessorImpl.invoke(DelegatingMethodAccessorImpl.java:43)
	at java.lang.reflect.Method.invoke(Method.java:498)
	at org.junit.runners.model.FrameworkMethod$1.runReflectiveCall(FrameworkMethod.java:44)
	at org.junit.internal.runners.model.ReflectiveCallable.run(ReflectiveCallable.java:15)
	at org.junit.runners.model.FrameworkMethod.invokeExplosively(FrameworkMethod.java:41)
	at junitparams.internal.InvokeParameterisedMethod.evaluate(InvokeParameterisedMethod.java:102)
	at org.junit.internal.runners.statements.FailOnTimeout$1.run(FailOnTimeout.java:28)
Caused by: ptolemy.kernel.util.IllegalActionException: SubscriberPorts cannot be used at the top level, use a Subscriber actor instead.
  in .PublisherSubscriberPortToplevel.SubscriberPort
	at ptolemy.actor.SubscriberPort.preinitialize(SubscriberPort.java:328)
	at ptolemy.actor.CompositeActor.preinitialize(CompositeActor.java:1769)
	at ptolemy.actor.Manager.preinitializeAndResolveTypes(Manager.java:1040)
	at ptolemy.actor.Manager.initialize(Manager.java:710)
	at ptolemy.actor.Manager.execute(Manager.java:356)
	at ptolemy.actor.Manager.run(Manager.java:1263)
	at ptolemy.actor.Manager$PtolemyRunThread.run(Manager.java:1915)
java.lang.RuntimeException: Execution failed
	at ptolemy.moml.MoMLSimpleApplication$UnloadThread.run(MoMLSimpleApplication.java:402)
Caused by: ptolemy.kernel.util.IllegalActionException: SubscriptionAggregatorPorts cannot be used at the top level, use a SubscriptionAggregator actor instead.
  in .PublisherSubscriptionAggregatorPort.SubscriptionAggregatorPort
	at ptolemy.actor.SubscriptionAggregatorPort.preinitialize(SubscriptionAggregatorPort.java:353)
	at ptolemy.actor.CompositeActor.preinitialize(CompositeActor.java:1769)
	at ptolemy.actor.Manager.preinitializeAndResolveTypes(Manager.java:1040)
	at ptolemy.actor.Manager.initialize(Manager.java:710)
	at ptolemy.actor.Manager.execute(Manager.java:356)
	at ptolemy.actor.Manager.run(Manager.java:1263)
	at ptolemy.actor.Manager$PtolemyRunThread.run(Manager.java:1915)
java.lang.reflect.InvocationTargetException
	at sun.reflect.NativeConstructorAccessorImpl.newInstance0(Native Method)
	at sun.reflect.NativeConstructorAccessorImpl.newInstance(NativeConstructorAccessorImpl.java:62)
	at sun.reflect.DelegatingConstructorAccessorImpl.newInstance(DelegatingConstructorAccessorImpl.java:45)
	at java.lang.reflect.Constructor.newInstance(Constructor.java:423)
	at ptolemy.util.test.junit.AutoKnownFailedTests.RunModel(AutoKnownFailedTests.java:105)
	at sun.reflect.NativeMethodAccessorImpl.invoke0(Native Method)
	at sun.reflect.NativeMethodAccessorImpl.invoke(NativeMethodAccessorImpl.java:62)
	at sun.reflect.DelegatingMethodAccessorImpl.invoke(DelegatingMethodAccessorImpl.java:43)
	at java.lang.reflect.Method.invoke(Method.java:498)
	at org.junit.runners.model.FrameworkMethod$1.runReflectiveCall(FrameworkMethod.java:44)
	at org.junit.internal.runners.model.ReflectiveCallable.run(ReflectiveCallable.java:15)
	at org.junit.runners.model.FrameworkMethod.invokeExplosively(FrameworkMethod.java:41)
	at junitparams.internal.InvokeParameterisedMethod.evaluate(InvokeParameterisedMethod.java:102)
	at org.junit.internal.runners.statements.FailOnTimeout$1.run(FailOnTimeout.java:28)
Caused by: ptolemy.kernel.util.IllegalActionException: SubscriptionAggregatorPorts cannot be used at the top level, use a SubscriptionAggregator actor instead.
  in .PublisherSubscriptionAggregatorPort.SubscriptionAggregatorPort
	at ptolemy.actor.SubscriptionAggregatorPort.preinitialize(SubscriptionAggregatorPort.java:353)
	at ptolemy.actor.CompositeActor.preinitialize(CompositeActor.java:1769)
	at ptolemy.actor.Manager.preinitializeAndResolveTypes(Manager.java:1040)
	at ptolemy.actor.Manager.initialize(Manager.java:710)
	at ptolemy.actor.Manager.execute(Manager.java:356)
	at ptolemy.actor.Manager.run(Manager.java:1263)
	at ptolemy.actor.Manager$PtolemyRunThread.run(Manager.java:1915)
java.lang.RuntimeException: Execution failed
	at ptolemy.moml.MoMLSimpleApplication$UnloadThread.run(MoMLSimpleApplication.java:402)
Caused by: ptolemy.kernel.util.IllegalActionException: TypeTest actor has no training data.
  in .sizedarray3.TypeTest
	at ptolemy.actor.lib.TypeTest.initialize(TypeTest.java:250)
	at ptolemy.actor.Director.initialize(Director.java:938)
	at ptolemy.actor.Director.initialize(Director.java:907)
	at ptolemy.actor.sched.StaticSchedulingDirector.initialize(StaticSchedulingDirector.java:159)
	at ptolemy.domains.sdf.kernel.SDFDirector.initialize(SDFDirector.java:544)
	at ptolemy.actor.CompositeActor.initialize(CompositeActor.java:935)
	at ptolemy.actor.Manager.initialize(Manager.java:724)
	at ptolemy.actor.Manager.execute(Manager.java:356)
	at ptolemy.actor.Manager.run(Manager.java:1263)
	at ptolemy.actor.Manager$PtolemyRunThread.run(Manager.java:1915)
java.lang.reflect.InvocationTargetException
	at sun.reflect.NativeConstructorAccessorImpl.newInstance0(Native Method)
	at sun.reflect.NativeConstructorAccessorImpl.newInstance(NativeConstructorAccessorImpl.java:62)
	at sun.reflect.DelegatingConstructorAccessorImpl.newInstance(DelegatingConstructorAccessorImpl.java:45)
	at java.lang.reflect.Constructor.newInstance(Constructor.java:423)
	at ptolemy.util.test.junit.AutoKnownFailedTests.RunModel(AutoKnownFailedTests.java:105)
	at sun.reflect.NativeMethodAccessorImpl.invoke0(Native Method)
	at sun.reflect.NativeMethodAccessorImpl.invoke(NativeMethodAccessorImpl.java:62)
	at sun.reflect.DelegatingMethodAccessorImpl.invoke(DelegatingMethodAccessorImpl.java:43)
	at java.lang.reflect.Method.invoke(Method.java:498)
	at org.junit.runners.model.FrameworkMethod$1.runReflectiveCall(FrameworkMethod.java:44)
	at org.junit.internal.runners.model.ReflectiveCallable.run(ReflectiveCallable.java:15)
	at org.junit.runners.model.FrameworkMethod.invokeExplosively(FrameworkMethod.java:41)
	at junitparams.internal.InvokeParameterisedMethod.evaluate(InvokeParameterisedMethod.java:102)
	at org.junit.internal.runners.statements.FailOnTimeout$1.run(FailOnTimeout.java:28)
Caused by: ptolemy.kernel.util.IllegalActionException: TypeTest actor has no training data.
  in .sizedarray3.TypeTest
	at ptolemy.actor.lib.TypeTest.initialize(TypeTest.java:250)
	at ptolemy.actor.Director.initialize(Director.java:938)
	at ptolemy.actor.Director.initialize(Director.java:907)
	at ptolemy.actor.sched.StaticSchedulingDirector.initialize(StaticSchedulingDirector.java:159)
	at ptolemy.domains.sdf.kernel.SDFDirector.initialize(SDFDirector.java:544)
	at ptolemy.actor.CompositeActor.initialize(CompositeActor.java:935)
	at ptolemy.actor.Manager.initialize(Manager.java:724)
	at ptolemy.actor.Manager.execute(Manager.java:356)
	at ptolemy.actor.Manager.run(Manager.java:1263)
	at ptolemy.actor.Manager$PtolemyRunThread.run(Manager.java:1915)
]]></system-err>
</testsuite>
