<?xml version="1.0" encoding="UTF-8" ?>
<testsuite errors="0" failures="1" hostname="travis-job-84ad6995-6990-4c0d-804d-6ea5ae0048b2" name="ptolemy.actor.lib.test.junit.JUnitTclTest" skipped="0" tests="517" time="66.537" timestamp="2019-08-10T05:26:47">
  <properties>
    <property name="npm.executable" value="npm" />
    <property name="env.TRAVIS_ROOT" value="/" />
    <property name="ptII.mk.exists" value="true" />
    <property name="env.TRAVIS_APP_HOST" value="build.travis-ci.org" />
    <property name="env.rvm_bin_path" value="/home/travis/.rvm/bin" />
    <property name="java.home" value="/usr/local/lib/jvm/openjdk11" />
    <property name="env.TRAVIS_JOB_NUMBER" value="1292.8" />
    <property name="env.TRAVIS_HOME" value="/home/travis" />
    <property name="env.DISPLAY" value=":99.0" />
    <property name="env.TRAVIS_INIT" value="systemd" />
    <property name="env.SSH_TTY" value="/dev/pts/0" />
    <property name="java.net.preferIPv4Stack" value="true" />
    <property name="env.RUN_TESTS" value="true" />
    <property name="timeout.short" value="1000000" />
    <property name="junit.formatter" value="xml" />
    <property name="env.TRAVIS_SUDO" value="true" />
    <property name="env.TRAVIS_JOB_NAME" value="" />
    <property name="env.TRAVIS_STACK_NODE_ATTRIBUTES" value="/.node-attributes.yml" />
    <property name="env.LOGNAME" value="travis" />
    <property name="env.PT_TRAVIS_TEST_CORE1_XML" value="true" />
    <property name="jsdoc.home" value="node_modules/@terraswarm/jsdoc" />
    <property name="debuglevel" value="source,lines,vars" />
    <property name="checkstyle.formatter" value="xml" />
    <property name="env._system_version" value="16.04" />
    <property name="bin.vergil.makeable" value="true" />
    <property name="sun.os.patch.level" value="unknown" />
    <property name="java.vendor.url" value="http://java.oracle.com/" />
    <property name="env.TRAVIS_BUILD_WEB_URL" value="https://travis-ci.org/icyphy/ptII/builds/570109089" />
    <property name="java.version" value="11.0.2" />
    <property name="env.TZ" value="UTC" />
    <property name="env.TRAVIS_PULL_REQUEST_SHA" value="" />
    <property name="env.PT_NO_NET" value="true" />
    <property name="env.TRAVIS_SECURE_ENV_VARS" value="true" />
    <property name="env._system_type" value="Linux" />
    <property name="java.vendor.url.bug" value="http://bugreport.java.com/bugreport/" />
    <property name="npmjs-org-is-up" value="true" />
    <property name="env.LANGUAGE" value="en_US.UTF-8" />
    <property name="env.SSH_CLIENT" value="10.24.0.43 43990 22" />
    <property name="env.GEM_HOME" value="/home/travis/.rvm/gems/ruby-2.5.3" />
    <property name="env.HAS_ANTARES_THREE_LITTLE_FRONZIES_BADGE" value="true" />
    <property name="java.version.date" value="2019-01-15" />
    <property name="env.PS4" value="+" />
    <property name="ant.project.invoked-targets" value="build,test.core1.xml" />
    <property name="env.TRAVIS_PULL_REQUEST_BRANCH" value="" />
    <property name="env.TRAVIS_REPO_SLUG" value="icyphy/ptII" />
    <property name="env.XDG_DATA_DIRS" value="/usr/local/share:/usr/share:/var/lib/snapd/desktop" />
    <property name="jdk.debug" value="release" />
    <property name="env.TRAVIS_APT_PROXY" value="http://apt.cache.travis-ci.com" />
    <property name="node.in.path" value="true" />
    <property name="user.name" value="travis" />
    <property name="java.maxmemory" value="1400m" />
    <property name="env.RUBY_VERSION" value="ruby-2.5.3" />
    <property name="env.LANG" value="en_US.UTF-8" />
    <property name="sun.io.unicode.encoding" value="UnicodeLittle" />
    <property name="sun.jnu.encoding" value="UTF-8" />
    <property name="java.runtime.name" value="OpenJDK Runtime Environment" />
    <property name="usefile" value="false" />
    <property name="return.code" value="0" />
    <property name="junit.single.formatter" value="plain" />
    <property name="env.DYLD_LIBRARY_PATH" value="/home/travis/pthla/certi-tools/lib:" />
    <property name="env.DEBIAN_FRONTEND" value="noninteractive" />
    <property name="env.SSH_CONNECTION" value="10.24.0.43 43990 10.20.0.238 22" />
    <property name="env.MYSQL_UNIX_PORT" value="/var/run/mysqld/mysqld.sock" />
    <property name="env.LC_ALL" value="en_US.UTF-8" />
    <property name="env.TRAVIS_ALLOW_FAILURE" value="false" />
    <property name="env.TRAVIS_JOB_WEB_URL" value="https://travis-ci.org/icyphy/ptII/jobs/570109097" />
    <property name="java.specification.name" value="Java Platform API Specification" />
    <property name="node.works" value="true" />
    <property name="user.timezone" value="" />
    <property name="path.separator" value=":" />
    <property name="env.TRAVIS_ENABLE_INFRA_DETECTION" value="true" />
    <property name="env.PYTHON_CFLAGS" value="-g -fstack-protector --param=ssp-buffer-size=4 -Wformat -Werror=format-security" />
    <property name="timeout.long" value="4000000" />
    <property name="env.CERTI_HOME" value="/home/travis/pthla/certi-tools" />
    <property name="ant.file.ptII" value="/home/travis/build/icyphy/ptII/build.xml" />
    <property name="javadoc.packagenames" value="com.*,diva.*,lbnl.*,org.hlacerti.*,org.json.*,org.ptolemy.*,org.terraswarm.*,ptolemy.*,ptserver.*" />
    <property name="file.encoding" value="UTF-8" />
    <property name="env.TRAVIS_PULL_REQUEST_SLUG" value="" />
    <property name="ant.project.default-target" value="build" />
    <property name="env.GIT_ASKPASS" value="echo" />
    <property name="env.HOME" value="/home/travis" />
    <property name="sun.java.command" value="org.apache.tools.ant.taskdefs.optional.junit.JUnitTestRunner ptolemy.actor.lib.test.junit.JUnitTclTest skipNonTests=false filtertrace=true haltOnError=false haltOnFailure=false formatter=org.apache.tools.ant.taskdefs.optional.junit.OutErrSummaryJUnitResultFormatter showoutput=true outputtoformatters=true logfailedtests=true threadid=0 logtestlistenerevents=false formatter=org.apache.tools.ant.taskdefs.optional.junit.XMLJUnitResultFormatter,/home/travis/build/icyphy/ptII/reports/junit/TEST-ptolemy.actor.lib.test.junit.JUnitTclTest.xml crashfile=/home/travis/build/icyphy/ptII/junitvmwatcher15068674260205111115.properties propsfile=/home/travis/build/icyphy/ptII/junit3833535146274000737.properties" />
    <property name="env.COMPOSER_NO_INTERACTION" value="1" />
    <property name="env.MANPATH" value="/home/travis/.nvm/versions/node/v7.10.1/share/man:/home/travis/.rvm/rubies/ruby-2.5.3/share/man:/usr/local/cmake-3.12.4/man:/usr/local/clang-7.0.0/share/man:/usr/local/man:/usr/local/share/man:/usr/share/man:/home/travis/.rvm/man" />
    <property name="env.TRAVIS_TIMER_ID" value="054492e0" />
    <property name="ant.file" value="/home/travis/build/icyphy/ptII/build.xml" />
    <property name="env.TRAVIS_COMMIT_RANGE" value="42e172ae347fdc5d0e580488fa33ff6bc00cac99...f9c12c6b2ccbd758ceec4e9ffc44e2f31da246f0" />
    <property name="env._system_name" value="Ubuntu" />
    <property name="ptII.classpath.optional.property" value="/home/travis/build/icyphy/ptII/lib/bsh-2.0b4.jar:/home/travis/build/icyphy/ptII/lib/ptCal.jar:/home/travis/build/icyphy/ptII/lib/java_cup.jar:/home/travis/build/icyphy/ptII/lib/saxon8.jar:/home/travis/build/icyphy/ptII/lib/saxon8-dom.jar:/home/travis/build/icyphy/ptII/lib/chic.jar:/home/travis/build/icyphy/ptII/lib/ptcolt.jar:/home/travis/build/icyphy/ptII/vendors/misc/itext/iText.jar:/home/travis/build/icyphy/ptII/lib/g4ltl.jar:/home/travis/build/icyphy/ptII/lib/StructuralCoder.jar:/home/travis/build/icyphy/ptII/lib/jcerti.jar:/home/travis/build/icyphy/ptII/lib/javax.mail.jar:/home/travis/build/icyphy/ptII/vendors/JMF-2.1.1e/lib/jmf.jar:/home/travis/build/icyphy/ptII/lib/jna-4.0.0-variadic.jar:/home/travis/build/icyphy/ptII/vendors/misc/joystick/Joystick.jar:/home/travis/build/icyphy/ptII/lib/ptjacl.jar:/home/travis/build/icyphy/ptII/lib/jsoup-1.8.2.jar:/home/travis/build/icyphy/ptII/lib/junit-4.8.2.jar:/home/travis/build/icyphy/ptII/lib/JUnitParams-0.4.0.jar:/home/travis/build/icyphy/ptII/ptolemy/actor/lib/excel/jxl.jar:/home/travis/build/icyphy/ptII/lib/jython.jar:/home/travis/build/icyphy/ptII/lib/kieler.jar:/home/travis/build/icyphy/ptII/vendors/opencv/share/OpenCV/java/opencv-341.jar:/home/travis/build/icyphy/ptII/lib/oscP5.jar:/home/travis/build/icyphy/ptII/lib/nrjavaserial-3.11.0.devel.jar:/home/travis/build/icyphy/ptII/vendors/j3d/lib/Linux/j3dcore.jar:/home/travis/build/icyphy/ptII/vendors/j3d/lib/Linux/j3dutils.jar:/home/travis/build/icyphy/ptII/vendors/j3d/lib/Linux/vecmath.jar:/home/travis/build/icyphy/ptII/vendors/jogl/lib/Linux/gluegen-rt-natives-linux-amd64.jar:/home/travis/build/icyphy/ptII/vendors/jogl/lib/Linux/gluegen-rt.jar:/home/travis/build/icyphy/ptII/vendors/jogl/lib/Linux/jogl-all-natives-linux-amd64.jar:/home/travis/build/icyphy/ptII/vendors/jogl/lib/Linux/jogl-all.jar:/home/travis/build/icyphy/ptII/ptolemy/distributed/jini/jar/jini-core.jar:/home/travis/build/icyphy/ptII/ptolemy/distributed/jini/jar/jini-ext.jar:/home/travis/build/icyphy/ptII/ptolemy/distributed/jini/jar/sun-util.jar:/home/travis/build/icyphy/ptII/lib/protobuf-java-2.4.1.jar:/home/travis/build/icyphy/ptII/lib/org.eclipse.paho.client.mqttv3.jar:/home/travis/build/icyphy/ptII/lib/mapss.jar:/home/travis/build/icyphy/ptII/ptolemy/actor/ptalon/antlr/antlr.jar:/home/travis/build/icyphy/ptII/lib/JRI.jar:/home/travis/build/icyphy/ptII/lib/commons-lang-2.6.jar:/home/travis/build/icyphy/ptII/lib/commons-logging-1.1.1.jar:/home/travis/build/icyphy/ptII/lib/sootclasses.jar:/home/travis/build/icyphy/ptII/ptolemy/actor/lib/database/mysql-connector-java-5.1.6-bin.jar:/home/travis/build/icyphy/ptII/vendors/misc/sphinx4/sphinx4-data-5prealpha.jar:/home/travis/build/icyphy/ptII/vendors/misc/sphinx4/sphinx4-core-5prealpha.jar:/home/travis/build/icyphy/ptII/lib/PDFRenderer.jar:/home/travis/build/icyphy/ptII/lib/svgSalamander.jar:/home/travis/build/icyphy/ptII/lib/rsyntaxtextarea-2.6.0-SNAPSHOT.jar:/home/travis/build/icyphy/ptII/lib/hazelcast-3.8.2.jar:/home/travis/build/icyphy/ptII/lib/jackson-annotations-2.9.0.jar:/home/travis/build/icyphy/ptII/lib/jackson-core-2.9.3.jar:/home/travis/build/icyphy/ptII/lib/jackson-databind-2.9.3.jar:/home/travis/build/icyphy/ptII/lib/netty-buffer-4.1.19.Final.jar:/home/travis/build/icyphy/ptII/lib/netty-codec-4.1.19.Final.jar:/home/travis/build/icyphy/ptII/lib/netty-codec-dns-4.1.19.Final.jar:/home/travis/build/icyphy/ptII/lib/netty-codec-http-4.1.19.Final.jar:/home/travis/build/icyphy/ptII/lib/netty-codec-http2-4.1.19.Final.jar:/home/travis/build/icyphy/ptII/lib/netty-common-4.1.19.Final.jar:/home/travis/build/icyphy/ptII/lib/netty-handler-4.1.19.Final.jar:/home/travis/build/icyphy/ptII/lib/netty-resolver-4.1.19.Final.jar:/home/travis/build/icyphy/ptII/lib/netty-resolver-dns-4.1.19.Final.jar:/home/travis/build/icyphy/ptII/lib/netty-transport-4.1.19.Final.jar:/home/travis/build/icyphy/ptII/lib/vertx-codegen-3.5.1.jar:/home/travis/build/icyphy/ptII/lib/vertx-core-3.5.2-SNAPSHOT.jar:/home/travis/build/icyphy/ptII/lib/vertx-hazelcast-3.5.1.jar:/home/travis/build/icyphy/ptII/lib/vertx-lang-js-3.5.1.jar:/home/travis/build/icyphy/ptII/lib/vertx-service-proxy-3.5.1.jar:/home/travis/build/icyphy/ptII/lib/vertx-web-3.5.1.jar:/home/travis/build/icyphy/ptII/lib/slf4j-api-1.7.13.jar:/home/travis/build/icyphy/ptII/lib/slf4j-simple-1.7.13.jar:/home/travis/build/icyphy/ptII/lib/webcam-capture-0.3.12.jar:/home/travis/build/icyphy/ptII/lib/bridj-0.7.0.jar:/home/travis/build/icyphy/ptII/lib/xbjlib-1.1.0.nrjavaserial.jar" />
    <property name="timeout" value="2400000" />
    <property name="test.batch" value="**/junit/*.java" />
    <property name="env._" value="/usr/bin/timeout" />
    <property name="java.io.tmpdir" value="/tmp" />
    <property name="user.language" value="en" />
    <property name="env.TRAVIS_INTERNAL_RUBY_REGEX" value="^ruby-(2\.[0-4]\.[0-9]|1\.9\.3)" />
    <property name="env.HISTCONTROL" value="ignoredups:ignorespace" />
    <property name="env.GOROOT" value="/home/travis/.gimme/versions/go1.11.1.linux.amd64" />
    <property name="line.separator" value="&#xa;" />
    <property name="target" value="11" />
    <property name="env.TRAVIS_BUILD_DIR" value="/home/travis/build/icyphy/ptII" />
    <property name="env.ANT_OPTS" value="-Xmx2048m" />
    <property name="ant.file.type" value="file" />
    <property name="ptolemy.ptII.batchMode" value="true" />
    <property name="env.HISTSIZE" value="1000" />
    <property name="env.MERB_ENV" value="test" />
    <property name="java.vm.info" value="mixed mode" />
    <property name="source" value="11" />
    <property name="java.vm.specification.name" value="Java Virtual Machine Specification" />
    <property name="env.TRAVIS_TEST_RESULT" value="0" />
    <property name="jsdoc.command" value="node_modules/@terraswarm/jsdoc/jsdoc.js" />
    <property name="npm.works" value="true" />
    <property name="cobertura.dir" value="/home/travis/build/icyphy/ptII/vendors/cobertura-2.0.3" />
    <property name="jsdoc.command.exists" value="true" />
    <property name="env.rvm_path" value="/home/travis/.rvm" />
    <property name="env.GEM_PATH" value="/home/travis/.rvm/gems/ruby-2.5.3:/home/travis/.rvm/gems/ruby-2.5.3@global" />
    <property name="env.LC_CTYPE" value="en_US.UTF-8" />
    <property name="env.TRAVIS_CMD" value="$PTII/bin/ptIITravisBuild.sh $SECONDS" />
    <property name="java.awt.printerjob" value="sun.print.PSPrinterJob" />
    <property name="env.TRAVIS_STACK_NAME" value="sardonyx" />
    <property name="env.TRAVIS_TIMER_START_TIME" value="1565414012634894872" />
    <property name="ant.version" value="Apache Ant(TM) version 1.10.1 compiled on February 2 2017" />
    <property name="ptII.reports" value="/home/travis/build/icyphy/ptII/reports" />
    <property name="env.TRAVIS_STACK_TIMESTAMP" value="2019-03-25 16:16:56 UTC" />
    <property name="ant.file.type.ptII" value="file" />
    <property name="env.RBENV_SHELL" value="bash" />
    <property name="os.name" value="Linux" />
    <property name="java.specification.vendor" value="Oracle Corporation" />
    <property name="env.rvm_version" value="1.29.7 (latest)" />
    <property name="env.TRAVIS_INFRA" value="unknown" />
    <property name="env.TERM" value="xterm" />
    <property name="java.vm.name" value="OpenJDK 64-Bit Server VM" />
    <property name="env.TRAVIS_BUILD_NUMBER" value="1292" />
    <property name="env.CI" value="true" />
    <property name="java.library.path" value="/home/travis/pthla/certi-tools/lib:/usr/lib/jni:/usr/local/share/OpenCV/java/:/usr/share/OpenCV/java::/usr/java/packages/lib:/usr/lib64:/lib64:/lib:/usr/lib" />
    <property name="jdk.module.path" value="/home/travis/build/icyphy/ptII/vendors/javafx/javafx-sdk-11.0.2/lib:" />
    <property name="env.rvm_prefix" value="/home/travis" />
    <property name="env.PATH" value="/home/travis/pthla/certi-tools/share/scripts:/home/travis/.rvm/gems/ruby-2.5.3/bin:/home/travis/.rvm/gems/ruby-2.5.3@global/bin:/home/travis/.rvm/rubies/ruby-2.5.3/bin:/home/travis/.rvm/bin:/home/travis/.nvm/versions/node/v7.10.1/bin:./node_modules/.bin:/home/travis/build/icyphy/ptII/bin:/home/travis/pthla/certi-tools/bin:/home/travis/bin:/home/travis/.local/bin:/usr/local/lib/jvm/openjdk11/bin:/opt/pyenv/shims:/home/travis/.phpenv/shims:/home/travis/perl5/perlbrew/bin:/home/travis/gopath/bin:/home/travis/.gimme/versions/go1.11.1.linux.amd64/bin:/usr/local/maven-3.6.0/bin:/usr/local/cmake-3.12.4/bin:/usr/local/clang-7.0.0/bin:/usr/local/sbin:/usr/local/bin:/usr/sbin:/usr/bin:/sbin:/bin:/snap/bin:/home/travis/.phpenv/bin:/opt/pyenv/bin:/home/travis/.yarn/bin" />
    <property name="env.TRAVIS_OS_NAME" value="linux" />
    <property name="ant.java.version" value="9" />
    <property name="basedir" value="/home/travis/build/icyphy/ptII" />
    <property name="java.class.version" value="55.0" />
    <property name="env.SHLVL" value="3" />
    <property name="env.LD_LIBRARY_PATH" value="/home/travis/pthla/certi-tools/lib:/usr/lib/jni:/usr/local/share/OpenCV/java/:/usr/share/OpenCV/java:" />
    <property name="env.RACK_ENV" value="test" />
    <property name="ant.home" value="/home/travis/build/icyphy/ptII/ant" />
    <property name="env.NVM_DIR" value="/home/travis/.nvm" />
    <property name="env.CERTI_FOM_PATH" value="/home/travis/pthla/certi-tools/share/federations" />
    <property name="env.TRAVIS_BUILD_ID" value="570109089" />
    <property name="env.PYENV_ROOT" value="/opt/pyenv" />
    <property name="env.TRAVIS_UID" value="2000" />
    <property name="prism.verbose" value="true" />
    <property name="env.NVM_BIN" value="/home/travis/.nvm/versions/node/v7.10.1/bin" />
    <property name="env.TRAVIS_COMMIT" value="f9c12c6b2ccbd758ceec4e9ffc44e2f31da246f0" />
    <property name="env._system_arch" value="x86_64" />
    <property name="node.executable" value="node" />
    <property name="sun.boot.library.path" value="/usr/local/lib/jvm/openjdk11/lib" />
    <property name="sun.management.compiler" value="HotSpot 64-Bit Tiered Compilers" />
    <property name="java.awt.graphicsenv" value="sun.awt.X11GraphicsEnvironment" />
    <property name="env.GOPATH" value="/home/travis/gopath" />
    <property name="ptolemy.ptII.dir" value="/home/travis/build/icyphy/ptII" />
    <property name="env.USER" value="travis" />
    <property name="env.HISTFILESIZE" value="2000" />
    <property name="timeout.longest" value="19000000" />
    <property name="env.PERLBREW_SHELLRC_VERSION" value="0.86" />
    <property name="env.TRAVIS_STACK_FEATURES" value="basic couchdb disabled-ipv6 docker docker-compose elasticsearch firefox go-toolchain google-chrome jdk memcached mongodb mysql nodejs_interpreter perl_interpreter perlbrew phantomjs postgresql python_interpreter redis ruby_interpreter sqlite xserver" />
    <property name="env.TRAVIS_PULL_REQUEST" value="false" />
    <property name="env.PYENV_SHELL" value="bash" />
    <property name="ant.project.name" value="ptII" />
    <property name="env.ANSI_RESET" value="\033[0m" />
    <property name="java.vm.specification.version" value="11" />
    <property name="env.TRAVIS_DIST" value="xenial" />
    <property name="env.CERTI_VERSION" value="4.0.0" />
    <property name="env.CERTI_HOST" value="localhost" />
    <property name="awt.toolkit" value="sun.awt.X11.XToolkit" />
    <property name="env.MY_RUBY_HOME" value="/home/travis/.rvm/rubies/ruby-2.5.3" />
    <property name="sun.cpu.isalist" value="" />
    <property name="env.TRAVIS_TMPDIR" value="/tmp/tmp.o4XXqL19O5" />
    <property name="java.vm.compressedOopsMode" value="Zero based" />
    <property name="os.version" value="4.15.0-1028-gcp" />
    <property name="user.home" value="/home/travis" />
    <property name="java.vm.vendor" value="Oracle Corporation" />
    <property name="env.TRAVIS_TAG" value="nightly" />
    <property name="env.ANSI_YELLOW" value="\033[33;1m" />
    <property name="env.TRAVIS_FILTERED" value="redirect_io" />
    <property name="env.ANSI_GREEN" value="\033[32;1m" />
    <property name="env.JAVA_HOME" value="/usr/local/lib/jvm/openjdk11" />
    <property name="javadoc.excludepackagenames" value="adm.cvs2svn.*,build.*,config.*,doc.coding.templates.*,jni.test.jni.meaningOfLife.*,jni.test.jni.testDeux.*,jni.test.jni.testTrois.*,org.terraswarm.accessor.accessors.web.node_modules.*,org.terraswarm.accessor.accessors.web.hosts.cordova.demo.*,org.terraswarm.accessor.accessors.web.hosts.cordova.plugins.*,org.terraswarm.accessor.accessors-svn.*,pt-modules.*,ptolemy.apps.agilent.*,ptolemy.apps.anytimecontrol.*,ptolemy.apps.apes.*,ptolemy.apps.charon.*,ptolemy.apps.crazyboard.*,ptolemy.apps.eclipse.*,ptolemy.apps.etherealSting.*,ptolemy.apps.fullscreen.*,ptolemy.apps.giotto.*,ptolemy.apps.ia.*,ptolemy.apps.interfaces.*,ptolemy.apps.jmf.*,ptolemy.apps.kurt.*,ptolemy.apps.kvm.*,ptolemy.apps.lego.*,ptolemy.apps.lejos.*,ptolemy.apps.midp.*,ptolemy.apps.mobileCoding.*,ptolemy.apps.pendulum.*,ptolemy.apps.rijndael.*,ptolemy.apps.robot.*,ptolemy.apps.security.*,ptolemy.apps.sobel.*,ptolemy.apps.soot.*,ptolemy.apps.throttle.*,ptolemy.apps.tini.*,ptolemy.apps.transmission.*,ptolemy.apps.vergil.*,ptolemy.apps.waba.*,ptolemy.apps.websensor.*,ptolemy.apps.webstart.*,ptolemy.apps.xsl.*,ptolemy.apps.zaurus.*,ptolemy.codegen.c.actor.lib.oldJavaFiles.*,ptolemy.codegen.dsp.lib.*,ptolemy.codegen.kernel.newInterfaces.*,ptolemy.codegen.lib.*,ptolemy.copernicus.kernel.fragment.*,ptolemy.copernicus.shallow.cg.*,ptolemy.domains.giotto.demo.Hierarchy.Hierarchy.*,ptolemy.domains.giotto.demo.Multimode.Multimode.*,ptolemy.domains.giotto.demo.Simple.Simple.*,ptolemy.domains.gr.lib.experimental.*,ptolemy.domains.gro.*,ptolemy.domains.pdf.*,ptolemy.domains.ptinyos.demo.Surge.output.*,ptolemy.moml.test.NoPackageActor.java*,ptolemy.plot.adm.*,ptolemy.plot.servlet.*,reports.*,signed.*,src.*,target.*,vendors.*,ptolemy.copernicus.applet.*,ptolemy.media.viewer.*,ptolemy.actor.corba.*,doc.doclets.*,ptolemy.apps.eclipse.awt.*,ptolemy.backtrack.*,ptolemy.backtrack.ast.*,ptolemy.cg.adapter.generic.program.procedural.c.mbed*,ptolemy.homer.*,ptolemy.actor.lib.jai.*,org.ptolemy.scala.*,diva.util.java2d.svg.*,ptolemy.domains.ptinyos.*,ptolemy.actor.lib.fmi.fmipp.*,,org.terraswarm.accessor.accessors.web.node_modules.*,org.terraswarm.accessor.accessors-svn,ptolemy.apps.*,ptolemy.actor.ptalon.demo.ptinyos.SendAndReceiveCnt.output,ptolemy.actor.ptalon.demo.ptinyos.SenseToLeds.output,ptolemy.domains.ptinyos.demo.CntToLedsAndRfm.output,ptolemy.domains.ptinyos.demo.RfmToLeds.output,ptolemy.domains.ptinyos.demo.SendAndReceiveCnt.output,ptolemy.domains.ptinyos.demo.SenseToLeds.output,ptolemy.actor.lib.jjs.modules.udpSocket.*" />
    <property name="env.PTII" value="/home/travis/build/icyphy/ptII" />
    <property name="env.XDG_SESSION_ID" value="2" />
    <property name="keystore" value="ptKeystore" />
    <property name="env.TRAVIS_COMMIT_MESSAGE" value="Removed mention of svn." />
    <property name="junit.output.dir" value="/home/travis/build/icyphy/ptII/reports/junit" />
    <property name="npm.return.code" value="0" />
    <property name="user.dir" value="/home/travis/build/icyphy/ptII/ptolemy/actor/lib/test" />
    <property name="env.TRAVIS_NODE_VERSION" value="7" />
    <property name="env.TRAVIS_EVENT_TYPE" value="cron" />
    <property name="env.MAIL" value="/var/mail/travis" />
    <property name="env.PERLBREW_ROOT" value="/home/travis/perl5/perlbrew" />
    <property name="env.PWD" value="/home/travis/build/icyphy/ptII" />
    <property name="timeout.npm" value="45000" />
    <property name="env.TRAVIS_ARCH" value="amd64" />
    <property name="sun.cpu.endian" value="little" />
    <property name="env.PAGER" value="cat" />
    <property name="env.TRAVIS_BUILD_STAGE_NAME" value="Test" />
    <property name="env.PERLBREW_HOME" value="/home/travis/.perlbrew" />
    <property name="java.vm.version" value="11.0.2+9" />
    <property name="env.RAILS_ENV" value="test" />
    <property name="java.class.path" value="/home/travis/.ptolemyII:/home/travis/.ptolemyII/*:/home/travis/build/icyphy/ptII:/home/travis/build/icyphy/ptII/lib/bsh-2.0b4.jar:/home/travis/build/icyphy/ptII/lib/ptCal.jar:/home/travis/build/icyphy/ptII/lib/java_cup.jar:/home/travis/build/icyphy/ptII/lib/saxon8.jar:/home/travis/build/icyphy/ptII/lib/saxon8-dom.jar:/home/travis/build/icyphy/ptII/lib/chic.jar:/home/travis/build/icyphy/ptII/lib/ptcolt.jar:/home/travis/build/icyphy/ptII/vendors/misc/itext/iText.jar:/home/travis/build/icyphy/ptII/lib/g4ltl.jar:/home/travis/build/icyphy/ptII/lib/StructuralCoder.jar:/home/travis/build/icyphy/ptII/lib/jcerti.jar:/home/travis/build/icyphy/ptII/lib/javax.mail.jar:/home/travis/build/icyphy/ptII/vendors/JMF-2.1.1e/lib/jmf.jar:/home/travis/build/icyphy/ptII/lib/jna-4.0.0-variadic.jar:/home/travis/build/icyphy/ptII/vendors/misc/joystick/Joystick.jar:/home/travis/build/icyphy/ptII/lib/ptjacl.jar:/home/travis/build/icyphy/ptII/lib/jsoup-1.8.2.jar:/home/travis/build/icyphy/ptII/lib/junit-4.8.2.jar:/home/travis/build/icyphy/ptII/lib/JUnitParams-0.4.0.jar:/home/travis/build/icyphy/ptII/ptolemy/actor/lib/excel/jxl.jar:/home/travis/build/icyphy/ptII/lib/jython.jar:/home/travis/build/icyphy/ptII/lib/kieler.jar:/home/travis/build/icyphy/ptII/vendors/opencv/share/OpenCV/java/opencv-341.jar:/home/travis/build/icyphy/ptII/lib/oscP5.jar:/home/travis/build/icyphy/ptII/lib/nrjavaserial-3.11.0.devel.jar:/home/travis/build/icyphy/ptII/vendors/j3d/lib/Linux/j3dcore.jar:/home/travis/build/icyphy/ptII/vendors/j3d/lib/Linux/j3dutils.jar:/home/travis/build/icyphy/ptII/vendors/j3d/lib/Linux/vecmath.jar:/home/travis/build/icyphy/ptII/vendors/jogl/lib/Linux/gluegen-rt-natives-linux-amd64.jar:/home/travis/build/icyphy/ptII/vendors/jogl/lib/Linux/gluegen-rt.jar:/home/travis/build/icyphy/ptII/vendors/jogl/lib/Linux/jogl-all-natives-linux-amd64.jar:/home/travis/build/icyphy/ptII/vendors/jogl/lib/Linux/jogl-all.jar:/home/travis/build/icyphy/ptII/ptolemy/distributed/jini/jar/jini-core.jar:/home/travis/build/icyphy/ptII/ptolemy/distributed/jini/jar/jini-ext.jar:/home/travis/build/icyphy/ptII/ptolemy/distributed/jini/jar/sun-util.jar:/home/travis/build/icyphy/ptII/lib/protobuf-java-2.4.1.jar:/home/travis/build/icyphy/ptII/lib/org.eclipse.paho.client.mqttv3.jar:/home/travis/build/icyphy/ptII/lib/mapss.jar:/home/travis/build/icyphy/ptII/ptolemy/actor/ptalon/antlr/antlr.jar:/home/travis/build/icyphy/ptII/lib/JRI.jar:/home/travis/build/icyphy/ptII/lib/commons-lang-2.6.jar:/home/travis/build/icyphy/ptII/lib/commons-logging-1.1.1.jar:/home/travis/build/icyphy/ptII/lib/sootclasses.jar:/home/travis/build/icyphy/ptII/ptolemy/actor/lib/database/mysql-connector-java-5.1.6-bin.jar:/home/travis/build/icyphy/ptII/vendors/misc/sphinx4/sphinx4-data-5prealpha.jar:/home/travis/build/icyphy/ptII/vendors/misc/sphinx4/sphinx4-core-5prealpha.jar:/home/travis/build/icyphy/ptII/lib/PDFRenderer.jar:/home/travis/build/icyphy/ptII/lib/svgSalamander.jar:/home/travis/build/icyphy/ptII/lib/rsyntaxtextarea-2.6.0-SNAPSHOT.jar:/home/travis/build/icyphy/ptII/lib/hazelcast-3.8.2.jar:/home/travis/build/icyphy/ptII/lib/jackson-annotations-2.9.0.jar:/home/travis/build/icyphy/ptII/lib/jackson-core-2.9.3.jar:/home/travis/build/icyphy/ptII/lib/jackson-databind-2.9.3.jar:/home/travis/build/icyphy/ptII/lib/netty-buffer-4.1.19.Final.jar:/home/travis/build/icyphy/ptII/lib/netty-codec-4.1.19.Final.jar:/home/travis/build/icyphy/ptII/lib/netty-codec-dns-4.1.19.Final.jar:/home/travis/build/icyphy/ptII/lib/netty-codec-http-4.1.19.Final.jar:/home/travis/build/icyphy/ptII/lib/netty-codec-http2-4.1.19.Final.jar:/home/travis/build/icyphy/ptII/lib/netty-common-4.1.19.Final.jar:/home/travis/build/icyphy/ptII/lib/netty-handler-4.1.19.Final.jar:/home/travis/build/icyphy/ptII/lib/netty-resolver-4.1.19.Final.jar:/home/travis/build/icyphy/ptII/lib/netty-resolver-dns-4.1.19.Final.jar:/home/travis/build/icyphy/ptII/lib/netty-transport-4.1.19.Final.jar:/home/travis/build/icyphy/ptII/lib/vertx-codegen-3.5.1.jar:/home/travis/build/icyphy/ptII/lib/vertx-core-3.5.2-SNAPSHOT.jar:/home/travis/build/icyphy/ptII/lib/vertx-hazelcast-3.5.1.jar:/home/travis/build/icyphy/ptII/lib/vertx-lang-js-3.5.1.jar:/home/travis/build/icyphy/ptII/lib/vertx-service-proxy-3.5.1.jar:/home/travis/build/icyphy/ptII/lib/vertx-web-3.5.1.jar:/home/travis/build/icyphy/ptII/lib/slf4j-api-1.7.13.jar:/home/travis/build/icyphy/ptII/lib/slf4j-simple-1.7.13.jar:/home/travis/build/icyphy/ptII/lib/webcam-capture-0.3.12.jar:/home/travis/build/icyphy/ptII/lib/bridj-0.7.0.jar:/home/travis/build/icyphy/ptII/lib/xbjlib-1.1.0.nrjavaserial.jar:/home/travis/build/icyphy/ptII/ptolemy/moml/test:/home/travis/build/icyphy/ptII/ant/lib/ant-launcher.jar:/home/travis/build/icyphy/ptII/ant/lib/ant.jar:/home/travis/build/icyphy/ptII/ant/lib/ant-junit.jar:/home/travis/build/icyphy/ptII/ant/lib/ant-junit4.jar" />
    <property name="ant.library.dir" value="/home/travis/build/icyphy/ptII/ant/lib" />
    <property name="os.arch" value="amd64" />
    <property name="env.CONTINUOUS_INTEGRATION" value="true" />
    <property name="env.TRAVIS_LANGUAGE" value="node_js" />
    <property name="env.TRAVIS_STACK_LANGUAGES" value="__sardonyx__ c c++ clojure cplusplus cpp default generic go groovy java node_js php pure_java python ruby scala" />
    <property name="test.name" value="ptolemy.actor.lib.test.junit.JUnitTclTest" />
    <property name="env.APT_KEY_DONT_WARN_ON_DANGEROUS_USAGE" value="1" />
    <property name="sun.java.launcher" value="SUN_STANDARD" />
    <property name="env.PYTHON_CONFIGURE_OPTS" value="--enable-unicode=ucs4 --with-wide-unicode --enable-shared --enable-ipv6 --enable-loadable-sqlite-extensions --with-computed-gotos" />
    <property name="ant.core.lib" value="/home/travis/build/icyphy/ptII/ant/lib/ant.jar" />
    <property name="java.vm.specification.vendor" value="Oracle Corporation" />
    <property name="env.BCVTB_HOME" value="/home/travis/build/icyphy/ptII/lbnl" />
    <property name="file.separator" value="/" />
    <property name="spotbugs.home" value="/home/travis/build/icyphy/ptII/vendors/spotbugs-3.1.1" />
    <property name="java.runtime.version" value="11.0.2+9" />
    <property name="env.ANSI_CLEAR" value="\033[0K" />
    <property name="javafx.verbose" value="true" />
    <property name="env.HAS_JOSH_K_SEAL_OF_APPROVAL" value="true" />
    <property name="env.XDG_RUNTIME_DIR" value="/run/user/2000" />
    <property name="env.TRAVIS_OSX_IMAGE" value="" />
    <property name="env.TRAVIS_JOB_ID" value="570109097" />
    <property name="env.TRAVIS_BRANCH" value="master" />
    <property name="user.country" value="US" />
    <property name="env.CERTI_HOME_TRAVIS" value="/home/travis/pthla/certi-tools" />
    <property name="env.SHELL" value="/bin/bash" />
    <property name="java.maxmemory.large" value="3200m" />
    <property name="model" value="" />
    <property name="env.CASHER_DIR" value="/home/travis/.casher" />
    <property name="env.NVM_CD_FLAGS" value="" />
    <property name="java.vendor.version" value="18.9" />
    <property name="jshint.executable" value="/home/travis/node_modules/jshint/bin/jshint" />
    <property name="env.JRUBY_OPTS" value=" --client -J-XX:+TieredCompilation -J-XX:TieredStopAtLevel=1 -J-Xss2m -Xcompile.invokedynamic=false" />
    <property name="java.vendor" value="Oracle Corporation" />
    <property name="env.TRAVIS_PRE_CHEF_BOOTSTRAP_TIME" value="2019-03-25T16:16:42" />
    <property name="env.TRAVIS_STACK_JOB_BOARD_REGISTER" value="/.job-board-register.yml" />
    <property name="env.ANSI_RED" value="\033[31;1m" />
    <property name="java.specification.version" value="11" />
    <property name="env.IRBRC" value="/home/travis/.rvm/rubies/ruby-2.5.3/.irbrc" />
    <property name="env.TRAVIS" value="true" />
    <property name="sun.arch.data.model" value="64" />
  </properties>
  <testcase classname="ptolemy.util.test.junit.TclTests" name="[0] /home/travis/build/icyphy/ptII/ptolemy/actor/lib/test/AbsoluteValue.tcl (RunTclFile)" time="0.759" />
  <testcase classname="ptolemy.util.test.junit.TclTests" name="[1] /home/travis/build/icyphy/ptII/ptolemy/actor/lib/test/AddSubtract.tcl (RunTclFile)" time="0.161" />
  <testcase classname="ptolemy.util.test.junit.TclTests" name="[2] /home/travis/build/icyphy/ptII/ptolemy/actor/lib/test/Average.tcl (RunTclFile)" time="0.04" />
  <testcase classname="ptolemy.util.test.junit.TclTests" name="[3] /home/travis/build/icyphy/ptII/ptolemy/actor/lib/test/Bernoulli.tcl (RunTclFile)" time="0.025" />
  <testcase classname="ptolemy.util.test.junit.TclTests" name="[4] /home/travis/build/icyphy/ptII/ptolemy/actor/lib/test/Clock.tcl (RunTclFile)" time="0.1" />
  <testcase classname="ptolemy.util.test.junit.TclTests" name="[5] /home/travis/build/icyphy/ptII/ptolemy/actor/lib/test/Commutator.tcl (RunTclFile)" time="0.134" />
  <testcase classname="ptolemy.util.test.junit.TclTests" name="[6] /home/travis/build/icyphy/ptII/ptolemy/actor/lib/test/Const.tcl (RunTclFile)" time="0.169" />
  <testcase classname="ptolemy.util.test.junit.TclTests" name="[7] /home/travis/build/icyphy/ptII/ptolemy/actor/lib/test/CurrentTime.tcl (RunTclFile)" time="0.044" />
  <testcase classname="ptolemy.util.test.junit.TclTests" name="[8] /home/travis/build/icyphy/ptII/ptolemy/actor/lib/test/DB.tcl (RunTclFile)" time="0.094" />
  <testcase classname="ptolemy.util.test.junit.TclTests" name="[9] /home/travis/build/icyphy/ptII/ptolemy/actor/lib/test/DiscreteRandomSource.tcl (RunTclFile)" time="0.038" />
  <testcase classname="ptolemy.util.test.junit.TclTests" name="[10] /home/travis/build/icyphy/ptII/ptolemy/actor/lib/test/Distributor.tcl (RunTclFile)" time="0.093" />
  <testcase classname="ptolemy.util.test.junit.TclTests" name="[11] /home/travis/build/icyphy/ptII/ptolemy/actor/lib/test/Exit.tcl (RunTclFile)" time="0.086" />
  <testcase classname="ptolemy.util.test.junit.TclTests" name="[12] /home/travis/build/icyphy/ptII/ptolemy/actor/lib/test/Expression.tcl (RunTclFile)" time="0.104" />
  <testcase classname="ptolemy.util.test.junit.TclTests" name="[13] /home/travis/build/icyphy/ptII/ptolemy/actor/lib/test/Gaussian.tcl (RunTclFile)" time="0.152" />
  <testcase classname="ptolemy.util.test.junit.TclTests" name="[14] /home/travis/build/icyphy/ptII/ptolemy/actor/lib/test/IIR.tcl (RunTclFile)" time="0.058" />
  <testcase classname="ptolemy.util.test.junit.TclTests" name="[15] /home/travis/build/icyphy/ptII/ptolemy/actor/lib/test/Interpolator.tcl (RunTclFile)" time="0.101" />
  <testcase classname="ptolemy.util.test.junit.TclTests" name="[16] /home/travis/build/icyphy/ptII/ptolemy/actor/lib/test/MathFunction.tcl (RunTclFile)" time="0.102" />
  <testcase classname="ptolemy.util.test.junit.TclTests" name="[17] /home/travis/build/icyphy/ptII/ptolemy/actor/lib/test/Maximum.tcl (RunTclFile)" time="0.059" />
  <testcase classname="ptolemy.util.test.junit.TclTests" name="[18] /home/travis/build/icyphy/ptII/ptolemy/actor/lib/test/Minimum.tcl (RunTclFile)" time="0.03" />
  <testcase classname="ptolemy.util.test.junit.TclTests" name="[19] /home/travis/build/icyphy/ptII/ptolemy/actor/lib/test/MultiplyDivide.tcl (RunTclFile)" time="0.05" />
  <testcase classname="ptolemy.util.test.junit.TclTests" name="[20] /home/travis/build/icyphy/ptII/ptolemy/actor/lib/test/OrderedMerge.tcl (RunTclFile)" time="0.166" />
  <testcase classname="ptolemy.util.test.junit.TclTests" name="[21] /home/travis/build/icyphy/ptII/ptolemy/actor/lib/test/Publisher.tcl (RunTclFile)" time="0.935" />
  <testcase classname="ptolemy.util.test.junit.TclTests" name="[22] /home/travis/build/icyphy/ptII/ptolemy/actor/lib/test/Pulse.tcl (RunTclFile)" time="0.1" />
  <testcase classname="ptolemy.util.test.junit.TclTests" name="[23] /home/travis/build/icyphy/ptII/ptolemy/actor/lib/test/Ramp.tcl (RunTclFile)" time="2.485" />
  <testcase classname="ptolemy.util.test.junit.TclTests" name="[24] /home/travis/build/icyphy/ptII/ptolemy/actor/lib/test/RampContinuous.tcl (RunTclFile)" time="0.021" />
  <testcase classname="ptolemy.util.test.junit.TclTests" name="[25] /home/travis/build/icyphy/ptII/ptolemy/actor/lib/test/RecordAssembler.tcl (RunTclFile)" time="0.045" />
  <testcase classname="ptolemy.util.test.junit.TclTests" name="[26] /home/travis/build/icyphy/ptII/ptolemy/actor/lib/test/RecordDisassembler.tcl (RunTclFile)" time="0.026" />
  <testcase classname="ptolemy.util.test.junit.TclTests" name="[27] /home/travis/build/icyphy/ptII/ptolemy/actor/lib/test/Scale.tcl (RunTclFile)" time="0.023" />
  <testcase classname="ptolemy.util.test.junit.TclTests" name="[28] /home/travis/build/icyphy/ptII/ptolemy/actor/lib/test/SequentialClock.tcl (RunTclFile)" time="0.024" />
  <testcase classname="ptolemy.util.test.junit.TclTests" name="[29] /home/travis/build/icyphy/ptII/ptolemy/actor/lib/test/SetVariable.tcl (RunTclFile)" time="0.046">
    <failure message="Number of failed tests is has increased. expected:&lt;0&gt; but was:&lt;1&gt;" type="junit.framework.AssertionFailedError">junit.framework.AssertionFailedError: Number of failed tests is has increased. expected:&lt;0&gt; but was:&lt;1&gt;
	at ptolemy.util.test.junit.TclTests.RunTclFile(TclTests.java:286)
	at jdk.internal.reflect.GeneratedMethodAccessor19.invoke(Unknown Source)
	at java.base/jdk.internal.reflect.DelegatingMethodAccessorImpl.invoke(DelegatingMethodAccessorImpl.java:43)
	at junitparams.internal.InvokeParameterisedMethod.evaluate(InvokeParameterisedMethod.java:102)
	at junitparams.internal.ParameterisedTestMethodRunner.runMethodInvoker(ParameterisedTestMethodRunner.java:47)
	at junitparams.internal.ParameterisedTestMethodRunner.runTestMethod(ParameterisedTestMethodRunner.java:41)
	at junitparams.internal.ParameterisedTestClassRunner.runParameterisedTest(ParameterisedTestClassRunner.java:143)
	at junitparams.JUnitParamsRunner.runChild(JUnitParamsRunner.java:237)
	at junitparams.JUnitParamsRunner.runChild(JUnitParamsRunner.java:215)
</failure>
  </testcase>
  <testcase classname="ptolemy.util.test.junit.TclTests" name="[30] /home/travis/build/icyphy/ptII/ptolemy/actor/lib/test/Sinewave.tcl (RunTclFile)" time="0.075" />
  <testcase classname="ptolemy.util.test.junit.TclTests" name="[31] /home/travis/build/icyphy/ptII/ptolemy/actor/lib/test/SubscriptionAggregator.tcl (RunTclFile)" time="2.426" />
  <testcase classname="ptolemy.util.test.junit.TclTests" name="[32] /home/travis/build/icyphy/ptII/ptolemy/actor/lib/test/Test.tcl (RunTclFile)" time="0.179" />
  <testcase classname="ptolemy.util.test.junit.TclTests" name="[33] /home/travis/build/icyphy/ptII/ptolemy/actor/lib/test/TestExceptionHandler.tcl (RunTclFile)" time="0.016" />
  <testcase classname="ptolemy.util.test.junit.TclTests" name="[34] /home/travis/build/icyphy/ptII/ptolemy/actor/lib/test/UnionDisassembler.tcl (RunTclFile)" time="0.089" />
  <testcase classname="ptolemy.util.test.junit.TclTests" name="[35] /home/travis/build/icyphy/ptII/ptolemy/actor/lib/test/VariableClock.tcl (RunTclFile)" time="0.032" />
  <testcase classname="ptolemy.util.test.junit.AutoKnownFailedTests" name="[0] /home/travis/build/icyphy/ptII/ptolemy/actor/lib/test/auto/knownFailedTests/PublisherPortToplevelSubscriber.xml (RunModel)" time="0.027" />
  <testcase classname="ptolemy.util.test.junit.AutoKnownFailedTests" name="[1] /home/travis/build/icyphy/ptII/ptolemy/actor/lib/test/auto/knownFailedTests/PublisherSubscriberPortToplevel.xml (RunModel)" time="0.026" />
  <testcase classname="ptolemy.util.test.junit.AutoKnownFailedTests" name="[2] /home/travis/build/icyphy/ptII/ptolemy/actor/lib/test/auto/knownFailedTests/PublisherSubscriptionAggregatorPort.xml (RunModel)" time="0.028" />
  <testcase classname="ptolemy.util.test.junit.AutoKnownFailedTests" name="[3] /home/travis/build/icyphy/ptII/ptolemy/actor/lib/test/auto/knownFailedTests/sizedarray3.xml (RunModel)" time="0.035" />
  <testcase classname="ptolemy.util.test.junit.AutoNameArchTests" name="[0] ThereAreNoAutoArchTests (RunModel)" time="0.001" />
  <testcase classname="ptolemy.util.test.junit.AutoTests" name="[0] /home/travis/build/icyphy/ptII/ptolemy/actor/lib/test/auto/AbsoluteValue.xml (RunModel)" time="0.129" />
  <testcase classname="ptolemy.util.test.junit.AutoTests" name="[1] /home/travis/build/icyphy/ptII/ptolemy/actor/lib/test/auto/AbsoluteValue2.xml (RunModel)" time="0.073" />
  <testcase classname="ptolemy.util.test.junit.AutoTests" name="[2] /home/travis/build/icyphy/ptII/ptolemy/actor/lib/test/auto/Accumulator.xml (RunModel)" time="0.092" />
  <testcase classname="ptolemy.util.test.junit.AutoTests" name="[3] /home/travis/build/icyphy/ptII/ptolemy/actor/lib/test/auto/Accumulator2.xml (RunModel)" time="0.055" />
  <testcase classname="ptolemy.util.test.junit.AutoTests" name="[4] /home/travis/build/icyphy/ptII/ptolemy/actor/lib/test/auto/Accumulator3.xml (RunModel)" time="0.052" />
  <testcase classname="ptolemy.util.test.junit.AutoTests" name="[5] /home/travis/build/icyphy/ptII/ptolemy/actor/lib/test/auto/ArrayAppend.xml (RunModel)" time="0.058" />
  <testcase classname="ptolemy.util.test.junit.AutoTests" name="[6] /home/travis/build/icyphy/ptII/ptolemy/actor/lib/test/auto/ArrayAppend2.xml (RunModel)" time="0.452" />
  <testcase classname="ptolemy.util.test.junit.AutoTests" name="[7] /home/travis/build/icyphy/ptII/ptolemy/actor/lib/test/auto/ArrayAppend3.xml (RunModel)" time="0.053" />
  <testcase classname="ptolemy.util.test.junit.AutoTests" name="[8] /home/travis/build/icyphy/ptII/ptolemy/actor/lib/test/auto/ArrayAppend4.xml (RunModel)" time="0.031" />
  <testcase classname="ptolemy.util.test.junit.AutoTests" name="[9] /home/travis/build/icyphy/ptII/ptolemy/actor/lib/test/auto/ArrayAppend5.xml (RunModel)" time="0.028" />
  <testcase classname="ptolemy.util.test.junit.AutoTests" name="[10] /home/travis/build/icyphy/ptII/ptolemy/actor/lib/test/auto/ArrayAppend6.xml (RunModel)" time="0.034" />
  <testcase classname="ptolemy.util.test.junit.AutoTests" name="[11] /home/travis/build/icyphy/ptII/ptolemy/actor/lib/test/auto/ArrayAppendPerformanceTest.xml (RunModel)" time="0.064" />
  <testcase classname="ptolemy.util.test.junit.AutoTests" name="[12] /home/travis/build/icyphy/ptII/ptolemy/actor/lib/test/auto/ArrayAppendWithEmptyInput.xml (RunModel)" time="0.066" />
  <testcase classname="ptolemy.util.test.junit.AutoTests" name="[13] /home/travis/build/icyphy/ptII/ptolemy/actor/lib/test/auto/ArrayAverage.xml (RunModel)" time="0.071" />
  <testcase classname="ptolemy.util.test.junit.AutoTests" name="[14] /home/travis/build/icyphy/ptII/ptolemy/actor/lib/test/auto/ArrayContains.xml (RunModel)" time="0.03" />
  <testcase classname="ptolemy.util.test.junit.AutoTests" name="[15] /home/travis/build/icyphy/ptII/ptolemy/actor/lib/test/auto/ArrayElement.xml (RunModel)" time="0.031" />
  <testcase classname="ptolemy.util.test.junit.AutoTests" name="[16] /home/travis/build/icyphy/ptII/ptolemy/actor/lib/test/auto/ArrayElementAsMatrix.xml (RunModel)" time="0.043" />
  <testcase classname="ptolemy.util.test.junit.AutoTests" name="[17] /home/travis/build/icyphy/ptII/ptolemy/actor/lib/test/auto/ArrayElementI.xml (RunModel)" time="0.04" />
  <testcase classname="ptolemy.util.test.junit.AutoTests" name="[18] /home/travis/build/icyphy/ptII/ptolemy/actor/lib/test/auto/ArrayExtract.xml (RunModel)" time="0.053" />
  <testcase classname="ptolemy.util.test.junit.AutoTests" name="[19] /home/travis/build/icyphy/ptII/ptolemy/actor/lib/test/auto/ArrayExtract2.xml (RunModel)" time="0.021" />
  <testcase classname="ptolemy.util.test.junit.AutoTests" name="[20] /home/travis/build/icyphy/ptII/ptolemy/actor/lib/test/auto/ArrayLength.xml (RunModel)" time="0.027" />
  <testcase classname="ptolemy.util.test.junit.AutoTests" name="[21] /home/travis/build/icyphy/ptII/ptolemy/actor/lib/test/auto/ArrayLevelCrossing.xml (RunModel)" time="0.034" />
  <testcase classname="ptolemy.util.test.junit.AutoTests" name="[22] /home/travis/build/icyphy/ptII/ptolemy/actor/lib/test/auto/ArrayLevelCrossing2.xml (RunModel)" time="0.029" />
  <testcase classname="ptolemy.util.test.junit.AutoTests" name="[23] /home/travis/build/icyphy/ptII/ptolemy/actor/lib/test/auto/ArrayPeakSearch.xml (RunModel)" time="0.047" />
  <testcase classname="ptolemy.util.test.junit.AutoTests" name="[24] /home/travis/build/icyphy/ptII/ptolemy/actor/lib/test/auto/ArrayPeakSearch2.xml (RunModel)" time="0.055" />
  <testcase classname="ptolemy.util.test.junit.AutoTests" name="[25] /home/travis/build/icyphy/ptII/ptolemy/actor/lib/test/auto/ArrayPeakSearch3.xml (RunModel)" time="0.041" />
  <testcase classname="ptolemy.util.test.junit.AutoTests" name="[26] /home/travis/build/icyphy/ptII/ptolemy/actor/lib/test/auto/ArrayRemoveElement.xml (RunModel)" time="0.032" />
  <testcase classname="ptolemy.util.test.junit.AutoTests" name="[27] /home/travis/build/icyphy/ptII/ptolemy/actor/lib/test/auto/ArraySort.xml (RunModel)" time="0.044" />
  <testcase classname="ptolemy.util.test.junit.AutoTests" name="[28] /home/travis/build/icyphy/ptII/ptolemy/actor/lib/test/auto/ArraySum.xml (RunModel)" time="0.022" />
  <testcase classname="ptolemy.util.test.junit.AutoTests" name="[29] /home/travis/build/icyphy/ptII/ptolemy/actor/lib/test/auto/ArrayToElements.xml (RunModel)" time="0.026" />
  <testcase classname="ptolemy.util.test.junit.AutoTests" name="[30] /home/travis/build/icyphy/ptII/ptolemy/actor/lib/test/auto/ArrayToMatrix.xml (RunModel)" time="0.064" />
  <testcase classname="ptolemy.util.test.junit.AutoTests" name="[31] /home/travis/build/icyphy/ptII/ptolemy/actor/lib/test/auto/ArrayUpdate1.xml (RunModel)" time="0.017" />
  <testcase classname="ptolemy.util.test.junit.AutoTests" name="[32] /home/travis/build/icyphy/ptII/ptolemy/actor/lib/test/auto/ArrayUpdate2.xml (RunModel)" time="0.026" />
  <testcase classname="ptolemy.util.test.junit.AutoTests" name="[33] /home/travis/build/icyphy/ptII/ptolemy/actor/lib/test/auto/ArrayUpdate3.xml (RunModel)" time="0.016" />
  <testcase classname="ptolemy.util.test.junit.AutoTests" name="[34] /home/travis/build/icyphy/ptII/ptolemy/actor/lib/test/auto/Assert1.xml (RunModel)" time="0.028" />
  <testcase classname="ptolemy.util.test.junit.AutoTests" name="[35] /home/travis/build/icyphy/ptII/ptolemy/actor/lib/test/auto/Assert2.xml (RunModel)" time="0.031" />
  <testcase classname="ptolemy.util.test.junit.AutoTests" name="[36] /home/travis/build/icyphy/ptII/ptolemy/actor/lib/test/auto/BooleanMultiplexor.xml (RunModel)" time="0.026" />
  <testcase classname="ptolemy.util.test.junit.AutoTests" name="[37] /home/travis/build/icyphy/ptII/ptolemy/actor/lib/test/auto/BooleanMultiplexor2.xml (RunModel)" time="0.035" />
  <testcase classname="ptolemy.util.test.junit.AutoTests" name="[38] /home/travis/build/icyphy/ptII/ptolemy/actor/lib/test/auto/BooleanMultiplexor3.xml (RunModel)" time="0.028" />
  <testcase classname="ptolemy.util.test.junit.AutoTests" name="[39] /home/travis/build/icyphy/ptII/ptolemy/actor/lib/test/auto/BooleanSelect.xml (RunModel)" time="0.028" />
  <testcase classname="ptolemy.util.test.junit.AutoTests" name="[40] /home/travis/build/icyphy/ptII/ptolemy/actor/lib/test/auto/BooleanSelect2.xml (RunModel)" time="0.023" />
  <testcase classname="ptolemy.util.test.junit.AutoTests" name="[41] /home/travis/build/icyphy/ptII/ptolemy/actor/lib/test/auto/BooleanSwitch.xml (RunModel)" time="0.027" />
  <testcase classname="ptolemy.util.test.junit.AutoTests" name="[42] /home/travis/build/icyphy/ptII/ptolemy/actor/lib/test/auto/BooleanSwitch2.xml (RunModel)" time="0.016" />
  <testcase classname="ptolemy.util.test.junit.AutoTests" name="[43] /home/travis/build/icyphy/ptII/ptolemy/actor/lib/test/auto/BooleanSwitchCloningBugWithClassRelationGroup.xml (RunModel)" time="0.034" />
  <testcase classname="ptolemy.util.test.junit.AutoTests" name="[44] /home/travis/build/icyphy/ptII/ptolemy/actor/lib/test/auto/BusActors.xml (RunModel)" time="0.03" />
  <testcase classname="ptolemy.util.test.junit.AutoTests" name="[45] /home/travis/build/icyphy/ptII/ptolemy/actor/lib/test/auto/ClassWrapper.xml (RunModel)" time="0.035" />
  <testcase classname="ptolemy.util.test.junit.AutoTests" name="[46] /home/travis/build/icyphy/ptII/ptolemy/actor/lib/test/auto/Clock.xml (RunModel)" time="0.019" />
  <testcase classname="ptolemy.util.test.junit.AutoTests" name="[47] /home/travis/build/icyphy/ptII/ptolemy/actor/lib/test/auto/Clock10.xml (RunModel)" time="0.024" />
  <testcase classname="ptolemy.util.test.junit.AutoTests" name="[48] /home/travis/build/icyphy/ptII/ptolemy/actor/lib/test/auto/Clock11.xml (RunModel)" time="0.02" />
  <testcase classname="ptolemy.util.test.junit.AutoTests" name="[49] /home/travis/build/icyphy/ptII/ptolemy/actor/lib/test/auto/Clock12.xml (RunModel)" time="0.027" />
  <testcase classname="ptolemy.util.test.junit.AutoTests" name="[50] /home/travis/build/icyphy/ptII/ptolemy/actor/lib/test/auto/Clock13.xml (RunModel)" time="0.024" />
  <testcase classname="ptolemy.util.test.junit.AutoTests" name="[51] /home/travis/build/icyphy/ptII/ptolemy/actor/lib/test/auto/Clock14.xml (RunModel)" time="0.03" />
  <testcase classname="ptolemy.util.test.junit.AutoTests" name="[52] /home/travis/build/icyphy/ptII/ptolemy/actor/lib/test/auto/Clock15.xml (RunModel)" time="0.016" />
  <testcase classname="ptolemy.util.test.junit.AutoTests" name="[53] /home/travis/build/icyphy/ptII/ptolemy/actor/lib/test/auto/Clock16.xml (RunModel)" time="0.138" />
  <testcase classname="ptolemy.util.test.junit.AutoTests" name="[54] /home/travis/build/icyphy/ptII/ptolemy/actor/lib/test/auto/Clock17.xml (RunModel)" time="0.083" />
  <testcase classname="ptolemy.util.test.junit.AutoTests" name="[55] /home/travis/build/icyphy/ptII/ptolemy/actor/lib/test/auto/Clock18.xml (RunModel)" time="0.065" />
  <testcase classname="ptolemy.util.test.junit.AutoTests" name="[56] /home/travis/build/icyphy/ptII/ptolemy/actor/lib/test/auto/Clock19.xml (RunModel)" time="0.056" />
  <testcase classname="ptolemy.util.test.junit.AutoTests" name="[57] /home/travis/build/icyphy/ptII/ptolemy/actor/lib/test/auto/Clock2.xml (RunModel)" time="0.021" />
  <testcase classname="ptolemy.util.test.junit.AutoTests" name="[58] /home/travis/build/icyphy/ptII/ptolemy/actor/lib/test/auto/Clock20.xml (RunModel)" time="0.028" />
  <testcase classname="ptolemy.util.test.junit.AutoTests" name="[59] /home/travis/build/icyphy/ptII/ptolemy/actor/lib/test/auto/Clock21.xml (RunModel)" time="0.021" />
  <testcase classname="ptolemy.util.test.junit.AutoTests" name="[60] /home/travis/build/icyphy/ptII/ptolemy/actor/lib/test/auto/Clock22.xml (RunModel)" time="0.017" />
  <testcase classname="ptolemy.util.test.junit.AutoTests" name="[61] /home/travis/build/icyphy/ptII/ptolemy/actor/lib/test/auto/Clock23.xml (RunModel)" time="0.021" />
  <testcase classname="ptolemy.util.test.junit.AutoTests" name="[62] /home/travis/build/icyphy/ptII/ptolemy/actor/lib/test/auto/Clock24.xml (RunModel)" time="0.023" />
  <testcase classname="ptolemy.util.test.junit.AutoTests" name="[63] /home/travis/build/icyphy/ptII/ptolemy/actor/lib/test/auto/Clock4.xml (RunModel)" time="0.016" />
  <testcase classname="ptolemy.util.test.junit.AutoTests" name="[64] /home/travis/build/icyphy/ptII/ptolemy/actor/lib/test/auto/Clock5.xml (RunModel)" time="0.015" />
  <testcase classname="ptolemy.util.test.junit.AutoTests" name="[65] /home/travis/build/icyphy/ptII/ptolemy/actor/lib/test/auto/Clock6.xml (RunModel)" time="0.014" />
  <testcase classname="ptolemy.util.test.junit.AutoTests" name="[66] /home/travis/build/icyphy/ptII/ptolemy/actor/lib/test/auto/Clock7.xml (RunModel)" time="0.014" />
  <testcase classname="ptolemy.util.test.junit.AutoTests" name="[67] /home/travis/build/icyphy/ptII/ptolemy/actor/lib/test/auto/Clock8.xml (RunModel)" time="0.025" />
  <testcase classname="ptolemy.util.test.junit.AutoTests" name="[68] /home/travis/build/icyphy/ptII/ptolemy/actor/lib/test/auto/Clock9.xml (RunModel)" time="0.02" />
  <testcase classname="ptolemy.util.test.junit.AutoTests" name="[69] /home/travis/build/icyphy/ptII/ptolemy/actor/lib/test/auto/CommDistDiscard.xml (RunModel)" time="0.029" />
  <testcase classname="ptolemy.util.test.junit.AutoTests" name="[70] /home/travis/build/icyphy/ptII/ptolemy/actor/lib/test/auto/Commutator.xml (RunModel)" time="0.02" />
  <testcase classname="ptolemy.util.test.junit.AutoTests" name="[71] /home/travis/build/icyphy/ptII/ptolemy/actor/lib/test/auto/Commutator2.xml (RunModel)" time="0.014" />
  <testcase classname="ptolemy.util.test.junit.AutoTests" name="[72] /home/travis/build/icyphy/ptII/ptolemy/actor/lib/test/auto/Commutator3.xml (RunModel)" time="0.016" />
  <testcase classname="ptolemy.util.test.junit.AutoTests" name="[73] /home/travis/build/icyphy/ptII/ptolemy/actor/lib/test/auto/Compare.xml (RunModel)" time="0.038" />
  <testcase classname="ptolemy.util.test.junit.AutoTests" name="[74] /home/travis/build/icyphy/ptII/ptolemy/actor/lib/test/auto/CompareDE.xml (RunModel)" time="0.03" />
  <testcase classname="ptolemy.util.test.junit.AutoTests" name="[75] /home/travis/build/icyphy/ptII/ptolemy/actor/lib/test/auto/ComplexDivide.xml (RunModel)" time="0.013" />
  <testcase classname="ptolemy.util.test.junit.AutoTests" name="[76] /home/travis/build/icyphy/ptII/ptolemy/actor/lib/test/auto/ComputeHistogram.xml (RunModel)" time="0.095" />
  <testcase classname="ptolemy.util.test.junit.AutoTests" name="[77] /home/travis/build/icyphy/ptII/ptolemy/actor/lib/test/auto/ConfigurationSelect.xml (RunModel)" time="0.017" />
  <testcase classname="ptolemy.util.test.junit.AutoTests" name="[78] /home/travis/build/icyphy/ptII/ptolemy/actor/lib/test/auto/ConfigurationSelect2.xml (RunModel)" time="0.017" />
  <testcase classname="ptolemy.util.test.junit.AutoTests" name="[79] /home/travis/build/icyphy/ptII/ptolemy/actor/lib/test/auto/ConfigurationSwitch.xml (RunModel)" time="0.017" />
  <testcase classname="ptolemy.util.test.junit.AutoTests" name="[80] /home/travis/build/icyphy/ptII/ptolemy/actor/lib/test/auto/ConfigurationSwitch2.xml (RunModel)" time="0.038" />
  <testcase classname="ptolemy.util.test.junit.AutoTests" name="[81] /home/travis/build/icyphy/ptII/ptolemy/actor/lib/test/auto/ConfigurationSwitchCloningBugWithClassRelationGroup.xml (RunModel)" time="0.026" />
  <testcase classname="ptolemy.util.test.junit.AutoTests" name="[82] /home/travis/build/icyphy/ptII/ptolemy/actor/lib/test/auto/ConfigurationSwitchSelectSDF.xml (RunModel)" time="0.021" />
  <testcase classname="ptolemy.util.test.junit.AutoTests" name="[83] /home/travis/build/icyphy/ptII/ptolemy/actor/lib/test/auto/ConfigurationSwitchSelectSDF2.xml (RunModel)" time="0.023" />
  <testcase classname="ptolemy.util.test.junit.AutoTests" name="[84] /home/travis/build/icyphy/ptII/ptolemy/actor/lib/test/auto/Const.xml (RunModel)" time="0.009" />
  <testcase classname="ptolemy.util.test.junit.AutoTests" name="[85] /home/travis/build/icyphy/ptII/ptolemy/actor/lib/test/auto/Const2.xml (RunModel)" time="0.012" />
  <testcase classname="ptolemy.util.test.junit.AutoTests" name="[86] /home/travis/build/icyphy/ptII/ptolemy/actor/lib/test/auto/Const3.xml (RunModel)" time="0.013" />
  <testcase classname="ptolemy.util.test.junit.AutoTests" name="[87] /home/travis/build/icyphy/ptII/ptolemy/actor/lib/test/auto/ConstantPublisherPort1.xml (RunModel)" time="0.034" />
  <testcase classname="ptolemy.util.test.junit.AutoTests" name="[88] /home/travis/build/icyphy/ptII/ptolemy/actor/lib/test/auto/ConstantPublisherPort2.xml (RunModel)" time="0.029" />
  <testcase classname="ptolemy.util.test.junit.AutoTests" name="[89] /home/travis/build/icyphy/ptII/ptolemy/actor/lib/test/auto/ConstantPublisherPort3.xml (RunModel)" time="0.025" />
  <testcase classname="ptolemy.util.test.junit.AutoTests" name="[90] /home/travis/build/icyphy/ptII/ptolemy/actor/lib/test/auto/ConstantPublisherPort4.xml (RunModel)" time="0.021" />
  <testcase classname="ptolemy.util.test.junit.AutoTests" name="[91] /home/travis/build/icyphy/ptII/ptolemy/actor/lib/test/auto/ConstantPublisherPort5.xml (RunModel)" time="0.053" />
  <testcase classname="ptolemy.util.test.junit.AutoTests" name="[92] /home/travis/build/icyphy/ptII/ptolemy/actor/lib/test/auto/ConstantPublisherPort6.xml (RunModel)" time="0.054" />
  <testcase classname="ptolemy.util.test.junit.AutoTests" name="[93] /home/travis/build/icyphy/ptII/ptolemy/actor/lib/test/auto/ConstantPublisherPort7.xml (RunModel)" time="0.038" />
  <testcase classname="ptolemy.util.test.junit.AutoTests" name="[94] /home/travis/build/icyphy/ptII/ptolemy/actor/lib/test/auto/ConstraintMonitor1.xml (RunModel)" time="0.051" />
  <testcase classname="ptolemy.util.test.junit.AutoTests" name="[95] /home/travis/build/icyphy/ptII/ptolemy/actor/lib/test/auto/ConstraintMonitor2.xml (RunModel)" time="0.026" />
  <testcase classname="ptolemy.util.test.junit.AutoTests" name="[96] /home/travis/build/icyphy/ptII/ptolemy/actor/lib/test/auto/ConstraintMonitor3.xml (RunModel)" time="0.015" />
  <testcase classname="ptolemy.util.test.junit.AutoTests" name="[97] /home/travis/build/icyphy/ptII/ptolemy/actor/lib/test/auto/ConstraintMonitor4.xml (RunModel)" time="0.015" />
  <testcase classname="ptolemy.util.test.junit.AutoTests" name="[98] /home/travis/build/icyphy/ptII/ptolemy/actor/lib/test/auto/ConstraintMonitor5.xml (RunModel)" time="0.016" />
  <testcase classname="ptolemy.util.test.junit.AutoTests" name="[99] /home/travis/build/icyphy/ptII/ptolemy/actor/lib/test/auto/ConstraintMonitor6.xml (RunModel)" time="0.021" />
  <testcase classname="ptolemy.util.test.junit.AutoTests" name="[100] /home/travis/build/icyphy/ptII/ptolemy/actor/lib/test/auto/ConstraintMonitor7.xml (RunModel)" time="0.018" />
  <testcase classname="ptolemy.util.test.junit.AutoTests" name="[101] /home/travis/build/icyphy/ptII/ptolemy/actor/lib/test/auto/ConstraintMonitor8.xml (RunModel)" time="0.02" />
  <testcase classname="ptolemy.util.test.junit.AutoTests" name="[102] /home/travis/build/icyphy/ptII/ptolemy/actor/lib/test/auto/Counter.xml (RunModel)" time="0.017" />
  <testcase classname="ptolemy.util.test.junit.AutoTests" name="[103] /home/travis/build/icyphy/ptII/ptolemy/actor/lib/test/auto/CurrentTimeSDF.xml (RunModel)" time="0.012" />
  <testcase classname="ptolemy.util.test.junit.AutoTests" name="[104] /home/travis/build/icyphy/ptII/ptolemy/actor/lib/test/auto/DB.xml (RunModel)" time="0.019" />
  <testcase classname="ptolemy.util.test.junit.AutoTests" name="[105] /home/travis/build/icyphy/ptII/ptolemy/actor/lib/test/auto/DBDE.xml (RunModel)" time="0.014" />
  <testcase classname="ptolemy.util.test.junit.AutoTests" name="[106] /home/travis/build/icyphy/ptII/ptolemy/actor/lib/test/auto/DateConstructor.xml (RunModel)" time="0.084" />
  <testcase classname="ptolemy.util.test.junit.AutoTests" name="[107] /home/travis/build/icyphy/ptII/ptolemy/actor/lib/test/auto/DelayTime.xml (RunModel)" time="0.02" />
  <testcase classname="ptolemy.util.test.junit.AutoTests" name="[108] /home/travis/build/icyphy/ptII/ptolemy/actor/lib/test/auto/Dictionary1.xml (RunModel)" time="0.024" />
  <testcase classname="ptolemy.util.test.junit.AutoTests" name="[109] /home/travis/build/icyphy/ptII/ptolemy/actor/lib/test/auto/Dictionary2.xml (RunModel)" time="0.021" />
  <testcase classname="ptolemy.util.test.junit.AutoTests" name="[110] /home/travis/build/icyphy/ptII/ptolemy/actor/lib/test/auto/Dictionary3.xml (RunModel)" time="0.015" />
  <testcase classname="ptolemy.util.test.junit.AutoTests" name="[111] /home/travis/build/icyphy/ptII/ptolemy/actor/lib/test/auto/Dictionary4.xml (RunModel)" time="0.022" />
  <testcase classname="ptolemy.util.test.junit.AutoTests" name="[112] /home/travis/build/icyphy/ptII/ptolemy/actor/lib/test/auto/Differential.xml (RunModel)" time="0.017" />
  <testcase classname="ptolemy.util.test.junit.AutoTests" name="[113] /home/travis/build/icyphy/ptII/ptolemy/actor/lib/test/auto/Director.xml (RunModel)" time="0.011" />
  <testcase classname="ptolemy.util.test.junit.AutoTests" name="[114] /home/travis/build/icyphy/ptII/ptolemy/actor/lib/test/auto/DiscreteClock.xml (RunModel)" time="0.011" />
  <testcase classname="ptolemy.util.test.junit.AutoTests" name="[115] /home/travis/build/icyphy/ptII/ptolemy/actor/lib/test/auto/DiscreteClock10.xml (RunModel)" time="0.016" />
  <testcase classname="ptolemy.util.test.junit.AutoTests" name="[116] /home/travis/build/icyphy/ptII/ptolemy/actor/lib/test/auto/DiscreteClock11.xml (RunModel)" time="0.014" />
  <testcase classname="ptolemy.util.test.junit.AutoTests" name="[117] /home/travis/build/icyphy/ptII/ptolemy/actor/lib/test/auto/DiscreteClock12.xml (RunModel)" time="0.017" />
  <testcase classname="ptolemy.util.test.junit.AutoTests" name="[118] /home/travis/build/icyphy/ptII/ptolemy/actor/lib/test/auto/DiscreteClock13.xml (RunModel)" time="0.02" />
  <testcase classname="ptolemy.util.test.junit.AutoTests" name="[119] /home/travis/build/icyphy/ptII/ptolemy/actor/lib/test/auto/DiscreteClock14.xml (RunModel)" time="0.019" />
  <testcase classname="ptolemy.util.test.junit.AutoTests" name="[120] /home/travis/build/icyphy/ptII/ptolemy/actor/lib/test/auto/DiscreteClock15.xml (RunModel)" time="0.018" />
  <testcase classname="ptolemy.util.test.junit.AutoTests" name="[121] /home/travis/build/icyphy/ptII/ptolemy/actor/lib/test/auto/DiscreteClock16.xml (RunModel)" time="0.049" />
  <testcase classname="ptolemy.util.test.junit.AutoTests" name="[122] /home/travis/build/icyphy/ptII/ptolemy/actor/lib/test/auto/DiscreteClock17.xml (RunModel)" time="0.048" />
  <testcase classname="ptolemy.util.test.junit.AutoTests" name="[123] /home/travis/build/icyphy/ptII/ptolemy/actor/lib/test/auto/DiscreteClock18.xml (RunModel)" time="0.052" />
  <testcase classname="ptolemy.util.test.junit.AutoTests" name="[124] /home/travis/build/icyphy/ptII/ptolemy/actor/lib/test/auto/DiscreteClock19.xml (RunModel)" time="0.059" />
  <testcase classname="ptolemy.util.test.junit.AutoTests" name="[125] /home/travis/build/icyphy/ptII/ptolemy/actor/lib/test/auto/DiscreteClock2.xml (RunModel)" time="0.014" />
  <testcase classname="ptolemy.util.test.junit.AutoTests" name="[126] /home/travis/build/icyphy/ptII/ptolemy/actor/lib/test/auto/DiscreteClock20.xml (RunModel)" time="0.022" />
  <testcase classname="ptolemy.util.test.junit.AutoTests" name="[127] /home/travis/build/icyphy/ptII/ptolemy/actor/lib/test/auto/DiscreteClock21.xml (RunModel)" time="0.022" />
  <testcase classname="ptolemy.util.test.junit.AutoTests" name="[128] /home/travis/build/icyphy/ptII/ptolemy/actor/lib/test/auto/DiscreteClock22.xml (RunModel)" time="0.018" />
  <testcase classname="ptolemy.util.test.junit.AutoTests" name="[129] /home/travis/build/icyphy/ptII/ptolemy/actor/lib/test/auto/DiscreteClock23.xml (RunModel)" time="0.025" />
  <testcase classname="ptolemy.util.test.junit.AutoTests" name="[130] /home/travis/build/icyphy/ptII/ptolemy/actor/lib/test/auto/DiscreteClock24.xml (RunModel)" time="0.019" />
  <testcase classname="ptolemy.util.test.junit.AutoTests" name="[131] /home/travis/build/icyphy/ptII/ptolemy/actor/lib/test/auto/DiscreteClock4.xml (RunModel)" time="0.042" />
  <testcase classname="ptolemy.util.test.junit.AutoTests" name="[132] /home/travis/build/icyphy/ptII/ptolemy/actor/lib/test/auto/DiscreteClock5.xml (RunModel)" time="0.015" />
  <testcase classname="ptolemy.util.test.junit.AutoTests" name="[133] /home/travis/build/icyphy/ptII/ptolemy/actor/lib/test/auto/DiscreteClock6.xml (RunModel)" time="0.015" />
  <testcase classname="ptolemy.util.test.junit.AutoTests" name="[134] /home/travis/build/icyphy/ptII/ptolemy/actor/lib/test/auto/DiscreteClock7.xml (RunModel)" time="0.013" />
  <testcase classname="ptolemy.util.test.junit.AutoTests" name="[135] /home/travis/build/icyphy/ptII/ptolemy/actor/lib/test/auto/DiscreteClock8.xml (RunModel)" time="0.028" />
  <testcase classname="ptolemy.util.test.junit.AutoTests" name="[136] /home/travis/build/icyphy/ptII/ptolemy/actor/lib/test/auto/DiscreteClock9.xml (RunModel)" time="0.017" />
  <testcase classname="ptolemy.util.test.junit.AutoTests" name="[137] /home/travis/build/icyphy/ptII/ptolemy/actor/lib/test/auto/DisplayArray.xml (RunModel)" time="0.011" />
  <testcase classname="ptolemy.util.test.junit.AutoTests" name="[138] /home/travis/build/icyphy/ptII/ptolemy/actor/lib/test/auto/Distributor.xml (RunModel)" time="0.012" />
  <testcase classname="ptolemy.util.test.junit.AutoTests" name="[139] /home/travis/build/icyphy/ptII/ptolemy/actor/lib/test/auto/Distributor2.xml (RunModel)" time="0.014" />
  <testcase classname="ptolemy.util.test.junit.AutoTests" name="[140] /home/travis/build/icyphy/ptII/ptolemy/actor/lib/test/auto/DownSample.xml (RunModel)" time="0.019" />
  <testcase classname="ptolemy.util.test.junit.AutoTests" name="[141] /home/travis/build/icyphy/ptII/ptolemy/actor/lib/test/auto/ElectronicUnitBase1.xml (RunModel)" time="0.115" />
  <testcase classname="ptolemy.util.test.junit.AutoTests" name="[142] /home/travis/build/icyphy/ptII/ptolemy/actor/lib/test/auto/ElementsToArray.xml (RunModel)" time="0.012" />
  <testcase classname="ptolemy.util.test.junit.AutoTests" name="[143] /home/travis/build/icyphy/ptII/ptolemy/actor/lib/test/auto/Equals.xml (RunModel)" time="0.018" />
  <testcase classname="ptolemy.util.test.junit.AutoTests" name="[144] /home/travis/build/icyphy/ptII/ptolemy/actor/lib/test/auto/Exec.xml (RunModel)" time="0.034" />
  <testcase classname="ptolemy.util.test.junit.AutoTests" name="[145] /home/travis/build/icyphy/ptII/ptolemy/actor/lib/test/auto/ExecEnvironment.xml (RunModel)" time="0.04" />
  <testcase classname="ptolemy.util.test.junit.AutoTests" name="[146] /home/travis/build/icyphy/ptII/ptolemy/actor/lib/test/auto/ExecNonZeroReturnOutput.xml (RunModel)" time="0.229" />
  <testcase classname="ptolemy.util.test.junit.AutoTests" name="[147] /home/travis/build/icyphy/ptII/ptolemy/actor/lib/test/auto/ExecRunDemos.xml (RunModel)" time="11.233" />
  <testcase classname="ptolemy.util.test.junit.AutoTests" name="[148] /home/travis/build/icyphy/ptII/ptolemy/actor/lib/test/auto/ExecStop.xml (RunModel)" time="5.044" />
  <testcase classname="ptolemy.util.test.junit.AutoTests" name="[149] /home/travis/build/icyphy/ptII/ptolemy/actor/lib/test/auto/ExecutionTimeSDF.xml (RunModel)" time="6.042" />
  <testcase classname="ptolemy.util.test.junit.AutoTests" name="[150] /home/travis/build/icyphy/ptII/ptolemy/actor/lib/test/auto/Expression1.xml (RunModel)" time="0.019" />
  <testcase classname="ptolemy.util.test.junit.AutoTests" name="[151] /home/travis/build/icyphy/ptII/ptolemy/actor/lib/test/auto/Expression10.xml (RunModel)" time="0.019" />
  <testcase classname="ptolemy.util.test.junit.AutoTests" name="[152] /home/travis/build/icyphy/ptII/ptolemy/actor/lib/test/auto/Expression11.xml (RunModel)" time="0.016" />
  <testcase classname="ptolemy.util.test.junit.AutoTests" name="[153] /home/travis/build/icyphy/ptII/ptolemy/actor/lib/test/auto/Expression12.xml (RunModel)" time="0.018" />
  <testcase classname="ptolemy.util.test.junit.AutoTests" name="[154] /home/travis/build/icyphy/ptII/ptolemy/actor/lib/test/auto/Expression13.xml (RunModel)" time="0.015" />
  <testcase classname="ptolemy.util.test.junit.AutoTests" name="[155] /home/travis/build/icyphy/ptII/ptolemy/actor/lib/test/auto/Expression14.xml (RunModel)" time="0.022" />
  <testcase classname="ptolemy.util.test.junit.AutoTests" name="[156] /home/travis/build/icyphy/ptII/ptolemy/actor/lib/test/auto/Expression15.xml (RunModel)" time="0.015" />
  <testcase classname="ptolemy.util.test.junit.AutoTests" name="[157] /home/travis/build/icyphy/ptII/ptolemy/actor/lib/test/auto/Expression16.xml (RunModel)" time="0.019" />
  <testcase classname="ptolemy.util.test.junit.AutoTests" name="[158] /home/travis/build/icyphy/ptII/ptolemy/actor/lib/test/auto/Expression17.xml (RunModel)" time="0.013" />
  <testcase classname="ptolemy.util.test.junit.AutoTests" name="[159] /home/travis/build/icyphy/ptII/ptolemy/actor/lib/test/auto/Expression18.xml (RunModel)" time="0.014" />
  <testcase classname="ptolemy.util.test.junit.AutoTests" name="[160] /home/travis/build/icyphy/ptII/ptolemy/actor/lib/test/auto/Expression2.xml (RunModel)" time="0.018" />
  <testcase classname="ptolemy.util.test.junit.AutoTests" name="[161] /home/travis/build/icyphy/ptII/ptolemy/actor/lib/test/auto/Expression3.xml (RunModel)" time="0.016" />
  <testcase classname="ptolemy.util.test.junit.AutoTests" name="[162] /home/travis/build/icyphy/ptII/ptolemy/actor/lib/test/auto/Expression4.xml (RunModel)" time="0.023" />
  <testcase classname="ptolemy.util.test.junit.AutoTests" name="[163] /home/travis/build/icyphy/ptII/ptolemy/actor/lib/test/auto/Expression5.xml (RunModel)" time="0.016" />
  <testcase classname="ptolemy.util.test.junit.AutoTests" name="[164] /home/travis/build/icyphy/ptII/ptolemy/actor/lib/test/auto/Expression6.xml (RunModel)" time="0.011" />
  <testcase classname="ptolemy.util.test.junit.AutoTests" name="[165] /home/travis/build/icyphy/ptII/ptolemy/actor/lib/test/auto/Expression7.xml (RunModel)" time="0.016" />
  <testcase classname="ptolemy.util.test.junit.AutoTests" name="[166] /home/travis/build/icyphy/ptII/ptolemy/actor/lib/test/auto/Expression8.xml (RunModel)" time="0.02" />
  <testcase classname="ptolemy.util.test.junit.AutoTests" name="[167] /home/travis/build/icyphy/ptII/ptolemy/actor/lib/test/auto/Expression9.xml (RunModel)" time="0.013" />
  <testcase classname="ptolemy.util.test.junit.AutoTests" name="[168] /home/travis/build/icyphy/ptII/ptolemy/actor/lib/test/auto/ExpressionConcatenateArrayType.xml (RunModel)" time="0.03" />
  <testcase classname="ptolemy.util.test.junit.AutoTests" name="[169] /home/travis/build/icyphy/ptII/ptolemy/actor/lib/test/auto/ExpressionConcatenateArrayType2.xml (RunModel)" time="0.024" />
  <testcase classname="ptolemy.util.test.junit.AutoTests" name="[170] /home/travis/build/icyphy/ptII/ptolemy/actor/lib/test/auto/ExpressionFix.xml (RunModel)" time="0.048" />
  <testcase classname="ptolemy.util.test.junit.AutoTests" name="[171] /home/travis/build/icyphy/ptII/ptolemy/actor/lib/test/auto/ExpressionFix2.xml (RunModel)" time="0.019" />
  <testcase classname="ptolemy.util.test.junit.AutoTests" name="[172] /home/travis/build/icyphy/ptII/ptolemy/actor/lib/test/auto/ExpressionFix3.xml (RunModel)" time="0.017" />
  <testcase classname="ptolemy.util.test.junit.AutoTests" name="[173] /home/travis/build/icyphy/ptII/ptolemy/actor/lib/test/auto/FileWriter1.xml (RunModel)" time="0.014" />
  <testcase classname="ptolemy.util.test.junit.AutoTests" name="[174] /home/travis/build/icyphy/ptII/ptolemy/actor/lib/test/auto/FileWriter2.xml (RunModel)" time="0.022" />
  <testcase classname="ptolemy.util.test.junit.AutoTests" name="[175] /home/travis/build/icyphy/ptII/ptolemy/actor/lib/test/auto/FileWriter3.xml (RunModel)" time="0.012" />
  <testcase classname="ptolemy.util.test.junit.AutoTests" name="[176] /home/travis/build/icyphy/ptII/ptolemy/actor/lib/test/auto/Gaussian.xml (RunModel)" time="0.015" />
  <testcase classname="ptolemy.util.test.junit.AutoTests" name="[177] /home/travis/build/icyphy/ptII/ptolemy/actor/lib/test/auto/Gaussian1.xml (RunModel)" time="0.026" />
  <testcase classname="ptolemy.util.test.junit.AutoTests" name="[178] /home/travis/build/icyphy/ptII/ptolemy/actor/lib/test/auto/Gaussian2.xml (RunModel)" time="0.018" />
  <testcase classname="ptolemy.util.test.junit.AutoTests" name="[179] /home/travis/build/icyphy/ptII/ptolemy/actor/lib/test/auto/GradientAdaptiveLattice.xml (RunModel)" time="0.021" />
  <testcase classname="ptolemy.util.test.junit.AutoTests" name="[180] /home/travis/build/icyphy/ptII/ptolemy/actor/lib/test/auto/IIR.xml (RunModel)" time="0.014" />
  <testcase classname="ptolemy.util.test.junit.AutoTests" name="[181] /home/travis/build/icyphy/ptII/ptolemy/actor/lib/test/auto/InputOutputTransparentPorts.xml (RunModel)" time="0.02" />
  <testcase classname="ptolemy.util.test.junit.AutoTests" name="[182] /home/travis/build/icyphy/ptII/ptolemy/actor/lib/test/auto/Interpolator.xml (RunModel)" time="0.015" />
  <testcase classname="ptolemy.util.test.junit.AutoTests" name="[183] /home/travis/build/icyphy/ptII/ptolemy/actor/lib/test/auto/InterpolatorFiringLimitDE.xml (RunModel)" time="0.014" />
  <testcase classname="ptolemy.util.test.junit.AutoTests" name="[184] /home/travis/build/icyphy/ptII/ptolemy/actor/lib/test/auto/Lattice.xml (RunModel)" time="0.01" />
  <testcase classname="ptolemy.util.test.junit.AutoTests" name="[185] /home/travis/build/icyphy/ptII/ptolemy/actor/lib/test/auto/LazyAOCTestLazy.xml (RunModel)" time="0.041" />
  <testcase classname="ptolemy.util.test.junit.AutoTests" name="[186] /home/travis/build/icyphy/ptII/ptolemy/actor/lib/test/auto/LazyAOCTestNonLazy.xml (RunModel)" time="0.048" />
  <testcase classname="ptolemy.util.test.junit.AutoTests" name="[187] /home/travis/build/icyphy/ptII/ptolemy/actor/lib/test/auto/LazyInnerClass.xml (RunModel)" time="0.048" />
  <testcase classname="ptolemy.util.test.junit.AutoTests" name="[188] /home/travis/build/icyphy/ptII/ptolemy/actor/lib/test/auto/LazyPubSub.xml (RunModel)" time="0.073" />
  <testcase classname="ptolemy.util.test.junit.AutoTests" name="[189] /home/travis/build/icyphy/ptII/ptolemy/actor/lib/test/auto/LazyPubSub2.xml (RunModel)" time="0.063" />
  <testcase classname="ptolemy.util.test.junit.AutoTests" name="[190] /home/travis/build/icyphy/ptII/ptolemy/actor/lib/test/auto/LazyPubSub3.xml (RunModel)" time="0.034" />
  <testcase classname="ptolemy.util.test.junit.AutoTests" name="[191] /home/travis/build/icyphy/ptII/ptolemy/actor/lib/test/auto/LazySubClassModel.xml (RunModel)" time="0.025" />
  <testcase classname="ptolemy.util.test.junit.AutoTests" name="[192] /home/travis/build/icyphy/ptII/ptolemy/actor/lib/test/auto/LevelCrossTest1.xml (RunModel)" time="0.012" />
  <testcase classname="ptolemy.util.test.junit.AutoTests" name="[193] /home/travis/build/icyphy/ptII/ptolemy/actor/lib/test/auto/LevelCrossTest10.xml (RunModel)" time="0.017" />
  <testcase classname="ptolemy.util.test.junit.AutoTests" name="[194] /home/travis/build/icyphy/ptII/ptolemy/actor/lib/test/auto/LevelCrossTest11.xml (RunModel)" time="0.022" />
  <testcase classname="ptolemy.util.test.junit.AutoTests" name="[195] /home/travis/build/icyphy/ptII/ptolemy/actor/lib/test/auto/LevelCrossTest12.xml (RunModel)" time="0.023" />
  <testcase classname="ptolemy.util.test.junit.AutoTests" name="[196] /home/travis/build/icyphy/ptII/ptolemy/actor/lib/test/auto/LevelCrossTest13.xml (RunModel)" time="0.016" />
  <testcase classname="ptolemy.util.test.junit.AutoTests" name="[197] /home/travis/build/icyphy/ptII/ptolemy/actor/lib/test/auto/LevelCrossTest2.xml (RunModel)" time="0.012" />
  <testcase classname="ptolemy.util.test.junit.AutoTests" name="[198] /home/travis/build/icyphy/ptII/ptolemy/actor/lib/test/auto/LevelCrossTest3.xml (RunModel)" time="0.014" />
  <testcase classname="ptolemy.util.test.junit.AutoTests" name="[199] /home/travis/build/icyphy/ptII/ptolemy/actor/lib/test/auto/LevelCrossTest4.xml (RunModel)" time="0.013" />
  <testcase classname="ptolemy.util.test.junit.AutoTests" name="[200] /home/travis/build/icyphy/ptII/ptolemy/actor/lib/test/auto/LevelCrossTest5.xml (RunModel)" time="0.019" />
  <testcase classname="ptolemy.util.test.junit.AutoTests" name="[201] /home/travis/build/icyphy/ptII/ptolemy/actor/lib/test/auto/LevelCrossTest6.xml (RunModel)" time="0.053" />
  <testcase classname="ptolemy.util.test.junit.AutoTests" name="[202] /home/travis/build/icyphy/ptII/ptolemy/actor/lib/test/auto/LevelCrossTest7.xml (RunModel)" time="0.024" />
  <testcase classname="ptolemy.util.test.junit.AutoTests" name="[203] /home/travis/build/icyphy/ptII/ptolemy/actor/lib/test/auto/LevelCrossTest8.xml (RunModel)" time="0.016" />
  <testcase classname="ptolemy.util.test.junit.AutoTests" name="[204] /home/travis/build/icyphy/ptII/ptolemy/actor/lib/test/auto/LevelCrossTest9.xml (RunModel)" time="0.015" />
  <testcase classname="ptolemy.util.test.junit.AutoTests" name="[205] /home/travis/build/icyphy/ptII/ptolemy/actor/lib/test/auto/LevinsonDurbin.xml (RunModel)" time="0.014" />
  <testcase classname="ptolemy.util.test.junit.AutoTests" name="[206] /home/travis/build/icyphy/ptII/ptolemy/actor/lib/test/auto/LevinsonDurbin2.xml (RunModel)" time="0.01" />
  <testcase classname="ptolemy.util.test.junit.AutoTests" name="[207] /home/travis/build/icyphy/ptII/ptolemy/actor/lib/test/auto/LevinsonDurbin3.xml (RunModel)" time="0.02" />
  <testcase classname="ptolemy.util.test.junit.AutoTests" name="[208] /home/travis/build/icyphy/ptII/ptolemy/actor/lib/test/auto/Limiter.xml (RunModel)" time="0.051" />
  <testcase classname="ptolemy.util.test.junit.AutoTests" name="[209] /home/travis/build/icyphy/ptII/ptolemy/actor/lib/test/auto/LinearDifferenceEquationSystem.xml (RunModel)" time="0.032" />
  <testcase classname="ptolemy.util.test.junit.AutoTests" name="[210] /home/travis/build/icyphy/ptII/ptolemy/actor/lib/test/auto/LookupTable.xml (RunModel)" time="0.016" />
  <testcase classname="ptolemy.util.test.junit.AutoTests" name="[211] /home/travis/build/icyphy/ptII/ptolemy/actor/lib/test/auto/MathFunction.xml (RunModel)" time="0.025" />
  <testcase classname="ptolemy.util.test.junit.AutoTests" name="[212] /home/travis/build/icyphy/ptII/ptolemy/actor/lib/test/auto/MathFunction2.xml (RunModel)" time="0.019" />
  <testcase classname="ptolemy.util.test.junit.AutoTests" name="[213] /home/travis/build/icyphy/ptII/ptolemy/actor/lib/test/auto/MathFunction3.xml (RunModel)" time="0.031" />
  <testcase classname="ptolemy.util.test.junit.AutoTests" name="[214] /home/travis/build/icyphy/ptII/ptolemy/actor/lib/test/auto/MatrixCropBoolean.xml (RunModel)" time="0.018" />
  <testcase classname="ptolemy.util.test.junit.AutoTests" name="[215] /home/travis/build/icyphy/ptII/ptolemy/actor/lib/test/auto/MatrixCropComplex.xml (RunModel)" time="0.018" />
  <testcase classname="ptolemy.util.test.junit.AutoTests" name="[216] /home/travis/build/icyphy/ptII/ptolemy/actor/lib/test/auto/MatrixCropDouble.xml (RunModel)" time="0.012" />
  <testcase classname="ptolemy.util.test.junit.AutoTests" name="[217] /home/travis/build/icyphy/ptII/ptolemy/actor/lib/test/auto/MatrixCropFix.xml (RunModel)" time="0.026" />
  <testcase classname="ptolemy.util.test.junit.AutoTests" name="[218] /home/travis/build/icyphy/ptII/ptolemy/actor/lib/test/auto/MatrixCropInt.xml (RunModel)" time="0.012" />
  <testcase classname="ptolemy.util.test.junit.AutoTests" name="[219] /home/travis/build/icyphy/ptII/ptolemy/actor/lib/test/auto/MatrixCropLong.xml (RunModel)" time="0.012" />
  <testcase classname="ptolemy.util.test.junit.AutoTests" name="[220] /home/travis/build/icyphy/ptII/ptolemy/actor/lib/test/auto/MatrixToArray.xml (RunModel)" time="0.059" />
  <testcase classname="ptolemy.util.test.junit.AutoTests" name="[221] /home/travis/build/icyphy/ptII/ptolemy/actor/lib/test/auto/MaxIndex.xml (RunModel)" time="0.015" />
  <testcase classname="ptolemy.util.test.junit.AutoTests" name="[222] /home/travis/build/icyphy/ptII/ptolemy/actor/lib/test/auto/Maximum.xml (RunModel)" time="0.019" />
  <testcase classname="ptolemy.util.test.junit.AutoTests" name="[223] /home/travis/build/icyphy/ptII/ptolemy/actor/lib/test/auto/MaximumComplex.xml (RunModel)" time="0.018" />
  <testcase classname="ptolemy.util.test.junit.AutoTests" name="[224] /home/travis/build/icyphy/ptII/ptolemy/actor/lib/test/auto/MethodCallTest.xml (RunModel)" time="0.03" />
  <testcase classname="ptolemy.util.test.junit.AutoTests" name="[225] /home/travis/build/icyphy/ptII/ptolemy/actor/lib/test/auto/Minimum.xml (RunModel)" time="0.018" />
  <testcase classname="ptolemy.util.test.junit.AutoTests" name="[226] /home/travis/build/icyphy/ptII/ptolemy/actor/lib/test/auto/MinimumComplex.xml (RunModel)" time="0.03" />
  <testcase classname="ptolemy.util.test.junit.AutoTests" name="[227] /home/travis/build/icyphy/ptII/ptolemy/actor/lib/test/auto/MinimumMultiports.xml (RunModel)" time="0.019" />
  <testcase classname="ptolemy.util.test.junit.AutoTests" name="[228] /home/travis/build/icyphy/ptII/ptolemy/actor/lib/test/auto/ModifyDate.xml (RunModel)" time="0.057" />
  <testcase classname="ptolemy.util.test.junit.AutoTests" name="[229] /home/travis/build/icyphy/ptII/ptolemy/actor/lib/test/auto/ModifyDate2.xml (RunModel)" time="0.038" />
  <testcase classname="ptolemy.util.test.junit.AutoTests" name="[230] /home/travis/build/icyphy/ptII/ptolemy/actor/lib/test/auto/MovingAverage.xml (RunModel)" time="0.015" />
  <testcase classname="ptolemy.util.test.junit.AutoTests" name="[231] /home/travis/build/icyphy/ptII/ptolemy/actor/lib/test/auto/MovingMaximum.xml (RunModel)" time="0.023" />
  <testcase classname="ptolemy.util.test.junit.AutoTests" name="[232] /home/travis/build/icyphy/ptII/ptolemy/actor/lib/test/auto/MultipleLinksToSameRelation.xml (RunModel)" time="0.015" />
  <testcase classname="ptolemy.util.test.junit.AutoTests" name="[233] /home/travis/build/icyphy/ptII/ptolemy/actor/lib/test/auto/MultipleLinksToSameRelationDE.xml (RunModel)" time="0.011" />
  <testcase classname="ptolemy.util.test.junit.AutoTests" name="[234] /home/travis/build/icyphy/ptII/ptolemy/actor/lib/test/auto/Multiplexor.xml (RunModel)" time="0.015" />
  <testcase classname="ptolemy.util.test.junit.AutoTests" name="[235] /home/travis/build/icyphy/ptII/ptolemy/actor/lib/test/auto/Multiplexor1.xml (RunModel)" time="0.015" />
  <testcase classname="ptolemy.util.test.junit.AutoTests" name="[236] /home/travis/build/icyphy/ptII/ptolemy/actor/lib/test/auto/Multiplexor2.xml (RunModel)" time="0.017" />
  <testcase classname="ptolemy.util.test.junit.AutoTests" name="[237] /home/travis/build/icyphy/ptII/ptolemy/actor/lib/test/auto/Multiplexor3.xml (RunModel)" time="0.012" />
  <testcase classname="ptolemy.util.test.junit.AutoTests" name="[238] /home/travis/build/icyphy/ptII/ptolemy/actor/lib/test/auto/MultiplexorDE.xml (RunModel)" time="0.021" />
  <testcase classname="ptolemy.util.test.junit.AutoTests" name="[239] /home/travis/build/icyphy/ptII/ptolemy/actor/lib/test/auto/MultiportBroadcastTest.xml (RunModel)" time="0.121" />
  <testcase classname="ptolemy.util.test.junit.AutoTests" name="[240] /home/travis/build/icyphy/ptII/ptolemy/actor/lib/test/auto/MultiportOutHangDuringGetWidth.xml (RunModel)" time="0.041" />
  <testcase classname="ptolemy.util.test.junit.AutoTests" name="[241] /home/travis/build/icyphy/ptII/ptolemy/actor/lib/test/auto/NilToken.xml (RunModel)" time="0.009" />
  <testcase classname="ptolemy.util.test.junit.AutoTests" name="[242] /home/travis/build/icyphy/ptII/ptolemy/actor/lib/test/auto/NilTokenNonStrictTest.xml (RunModel)" time="0.019" />
  <testcase classname="ptolemy.util.test.junit.AutoTests" name="[243] /home/travis/build/icyphy/ptII/ptolemy/actor/lib/test/auto/NilTokenRecord.xml (RunModel)" time="0.027" />
  <testcase classname="ptolemy.util.test.junit.AutoTests" name="[244] /home/travis/build/icyphy/ptII/ptolemy/actor/lib/test/auto/NilTokenTypeTest.xml (RunModel)" time="0.071" />
  <testcase classname="ptolemy.util.test.junit.AutoTests" name="[245] /home/travis/build/icyphy/ptII/ptolemy/actor/lib/test/auto/ObjectToken1.xml (RunModel)" time="0.011" />
  <testcase classname="ptolemy.util.test.junit.AutoTests" name="[246] /home/travis/build/icyphy/ptII/ptolemy/actor/lib/test/auto/OrderedMerge.xml (RunModel)" time="0.03" />
  <testcase classname="ptolemy.util.test.junit.AutoTests" name="[247] /home/travis/build/icyphy/ptII/ptolemy/actor/lib/test/auto/OrderedRecordDisassembler.xml (RunModel)" time="0.015" />
  <testcase classname="ptolemy.util.test.junit.AutoTests" name="[248] /home/travis/build/icyphy/ptII/ptolemy/actor/lib/test/auto/OrderedRecordDisassembler2.xml (RunModel)" time="0.022" />
  <testcase classname="ptolemy.util.test.junit.AutoTests" name="[249] /home/travis/build/icyphy/ptII/ptolemy/actor/lib/test/auto/OrderedRecordUpdater.xml (RunModel)" time="0.013" />
  <testcase classname="ptolemy.util.test.junit.AutoTests" name="[250] /home/travis/build/icyphy/ptII/ptolemy/actor/lib/test/auto/OrderedRecordUpdater2.xml (RunModel)" time="0.021" />
  <testcase classname="ptolemy.util.test.junit.AutoTests" name="[251] /home/travis/build/icyphy/ptII/ptolemy/actor/lib/test/auto/PhaseUnwrap.xml (RunModel)" time="0.017" />
  <testcase classname="ptolemy.util.test.junit.AutoTests" name="[252] /home/travis/build/icyphy/ptII/ptolemy/actor/lib/test/auto/PoissonClock.xml (RunModel)" time="0.014" />
  <testcase classname="ptolemy.util.test.junit.AutoTests" name="[253] /home/travis/build/icyphy/ptII/ptolemy/actor/lib/test/auto/PoissonClock2.xml (RunModel)" time="0.013" />
  <testcase classname="ptolemy.util.test.junit.AutoTests" name="[254] /home/travis/build/icyphy/ptII/ptolemy/actor/lib/test/auto/PoissonClock3.xml (RunModel)" time="0.029" />
  <testcase classname="ptolemy.util.test.junit.AutoTests" name="[255] /home/travis/build/icyphy/ptII/ptolemy/actor/lib/test/auto/PubSubWithInitialTokens.xml (RunModel)" time="0.018" />
  <testcase classname="ptolemy.util.test.junit.AutoTests" name="[256] /home/travis/build/icyphy/ptII/ptolemy/actor/lib/test/auto/PubSubWithInitialTokens2.xml (RunModel)" time="0.014" />
  <testcase classname="ptolemy.util.test.junit.AutoTests" name="[257] /home/travis/build/icyphy/ptII/ptolemy/actor/lib/test/auto/PublisherClassNoParameter.xml (RunModel)" time="0.035" />
  <testcase classname="ptolemy.util.test.junit.AutoTests" name="[258] /home/travis/build/icyphy/ptII/ptolemy/actor/lib/test/auto/PublisherClassParameter.xml (RunModel)" time="0.025" />
  <testcase classname="ptolemy.util.test.junit.AutoTests" name="[259] /home/travis/build/icyphy/ptII/ptolemy/actor/lib/test/auto/PublisherNonStrictTest.xml (RunModel)" time="0.019" />
  <testcase classname="ptolemy.util.test.junit.AutoTests" name="[260] /home/travis/build/icyphy/ptII/ptolemy/actor/lib/test/auto/PublisherPort1.xml (RunModel)" time="0.012" />
  <testcase classname="ptolemy.util.test.junit.AutoTests" name="[261] /home/travis/build/icyphy/ptII/ptolemy/actor/lib/test/auto/PublisherPort2.xml (RunModel)" time="0.014" />
  <testcase classname="ptolemy.util.test.junit.AutoTests" name="[262] /home/travis/build/icyphy/ptII/ptolemy/actor/lib/test/auto/PublisherPort3.xml (RunModel)" time="0.024" />
  <testcase classname="ptolemy.util.test.junit.AutoTests" name="[263] /home/travis/build/icyphy/ptII/ptolemy/actor/lib/test/auto/PublisherPort4.xml (RunModel)" time="0.018" />
  <testcase classname="ptolemy.util.test.junit.AutoTests" name="[264] /home/travis/build/icyphy/ptII/ptolemy/actor/lib/test/auto/PublisherPort5.xml (RunModel)" time="0.018" />
  <testcase classname="ptolemy.util.test.junit.AutoTests" name="[265] /home/travis/build/icyphy/ptII/ptolemy/actor/lib/test/auto/PublisherPort5LookAlike.xml (RunModel)" time="0.022" />
  <testcase classname="ptolemy.util.test.junit.AutoTests" name="[266] /home/travis/build/icyphy/ptII/ptolemy/actor/lib/test/auto/PublisherPort6.xml (RunModel)" time="0.015" />
  <testcase classname="ptolemy.util.test.junit.AutoTests" name="[267] /home/travis/build/icyphy/ptII/ptolemy/actor/lib/test/auto/PublisherPort7.xml (RunModel)" time="0.018" />
  <testcase classname="ptolemy.util.test.junit.AutoTests" name="[268] /home/travis/build/icyphy/ptII/ptolemy/actor/lib/test/auto/PublisherPort8.xml (RunModel)" time="0.026" />
  <testcase classname="ptolemy.util.test.junit.AutoTests" name="[269] /home/travis/build/icyphy/ptII/ptolemy/actor/lib/test/auto/PublisherPortSubscriberChannelVariablesAOC2.xml (RunModel)" time="0.038" />
  <testcase classname="ptolemy.util.test.junit.AutoTests" name="[270] /home/travis/build/icyphy/ptII/ptolemy/actor/lib/test/auto/PublisherPortSubscriberOpaqueWidthInference.xml (RunModel)" time="0.016" />
  <testcase classname="ptolemy.util.test.junit.AutoTests" name="[271] /home/travis/build/icyphy/ptII/ptolemy/actor/lib/test/auto/PublisherPortSubscriberPortAdjacent.xml (RunModel)" time="0.021" />
  <testcase classname="ptolemy.util.test.junit.AutoTests" name="[272] /home/travis/build/icyphy/ptII/ptolemy/actor/lib/test/auto/PublisherPortSubscriberPortExpression.xml (RunModel)" time="0.022" />
  <testcase classname="ptolemy.util.test.junit.AutoTests" name="[273] /home/travis/build/icyphy/ptII/ptolemy/actor/lib/test/auto/PublisherPortSubscriberPortOpaqueD3Reverse.xml (RunModel)" time="0.041" />
  <testcase classname="ptolemy.util.test.junit.AutoTests" name="[274] /home/travis/build/icyphy/ptII/ptolemy/actor/lib/test/auto/PublisherPortSubscriberPortOpaqueWidthInference.xml (RunModel)" time="0.018" />
  <testcase classname="ptolemy.util.test.junit.AutoTests" name="[275] /home/travis/build/icyphy/ptII/ptolemy/actor/lib/test/auto/PublisherPortToplevelSubscriberPortAOC.xml (RunModel)" time="0.015" />
  <testcase classname="ptolemy.util.test.junit.AutoTests" name="[276] /home/travis/build/icyphy/ptII/ptolemy/actor/lib/test/auto/PublisherSubscriber.xml (RunModel)" time="0.015" />
  <testcase classname="ptolemy.util.test.junit.AutoTests" name="[277] /home/travis/build/icyphy/ptII/ptolemy/actor/lib/test/auto/PublisherSubscriber10.xml (RunModel)" time="0.024" />
  <testcase classname="ptolemy.util.test.junit.AutoTests" name="[278] /home/travis/build/icyphy/ptII/ptolemy/actor/lib/test/auto/PublisherSubscriber10InitialOutputs.xml (RunModel)" time="0.032" />
  <testcase classname="ptolemy.util.test.junit.AutoTests" name="[279] /home/travis/build/icyphy/ptII/ptolemy/actor/lib/test/auto/PublisherSubscriber11.xml (RunModel)" time="0.019" />
  <testcase classname="ptolemy.util.test.junit.AutoTests" name="[280] /home/travis/build/icyphy/ptII/ptolemy/actor/lib/test/auto/PublisherSubscriber12.xml (RunModel)" time="0.025" />
  <testcase classname="ptolemy.util.test.junit.AutoTests" name="[281] /home/travis/build/icyphy/ptII/ptolemy/actor/lib/test/auto/PublisherSubscriber13.xml (RunModel)" time="0.015" />
  <testcase classname="ptolemy.util.test.junit.AutoTests" name="[282] /home/travis/build/icyphy/ptII/ptolemy/actor/lib/test/auto/PublisherSubscriber14.xml (RunModel)" time="0.066" />
  <testcase classname="ptolemy.util.test.junit.AutoTests" name="[283] /home/travis/build/icyphy/ptII/ptolemy/actor/lib/test/auto/PublisherSubscriber2.xml (RunModel)" time="0.01" />
  <testcase classname="ptolemy.util.test.junit.AutoTests" name="[284] /home/travis/build/icyphy/ptII/ptolemy/actor/lib/test/auto/PublisherSubscriber3.xml (RunModel)" time="0.011" />
  <testcase classname="ptolemy.util.test.junit.AutoTests" name="[285] /home/travis/build/icyphy/ptII/ptolemy/actor/lib/test/auto/PublisherSubscriber4.xml (RunModel)" time="0.011" />
  <testcase classname="ptolemy.util.test.junit.AutoTests" name="[286] /home/travis/build/icyphy/ptII/ptolemy/actor/lib/test/auto/PublisherSubscriber5.xml (RunModel)" time="0.019" />
  <testcase classname="ptolemy.util.test.junit.AutoTests" name="[287] /home/travis/build/icyphy/ptII/ptolemy/actor/lib/test/auto/PublisherSubscriber6.xml (RunModel)" time="0.016" />
  <testcase classname="ptolemy.util.test.junit.AutoTests" name="[288] /home/travis/build/icyphy/ptII/ptolemy/actor/lib/test/auto/PublisherSubscriber7.xml (RunModel)" time="0.019" />
  <testcase classname="ptolemy.util.test.junit.AutoTests" name="[289] /home/travis/build/icyphy/ptII/ptolemy/actor/lib/test/auto/PublisherSubscriber8.xml (RunModel)" time="0.04" />
  <testcase classname="ptolemy.util.test.junit.AutoTests" name="[290] /home/travis/build/icyphy/ptII/ptolemy/actor/lib/test/auto/PublisherSubscriber9.xml (RunModel)" time="0.017" />
  <testcase classname="ptolemy.util.test.junit.AutoTests" name="[291] /home/travis/build/icyphy/ptII/ptolemy/actor/lib/test/auto/PublisherSubscriberAdjacent.xml (RunModel)" time="0.018" />
  <testcase classname="ptolemy.util.test.junit.AutoTests" name="[292] /home/travis/build/icyphy/ptII/ptolemy/actor/lib/test/auto/PublisherSubscriberChannelVariablesAOC2.xml (RunModel)" time="0.031" />
  <testcase classname="ptolemy.util.test.junit.AutoTests" name="[293] /home/travis/build/icyphy/ptII/ptolemy/actor/lib/test/auto/PublisherSubscriberD3.xml (RunModel)" time="0.014" />
  <testcase classname="ptolemy.util.test.junit.AutoTests" name="[294] /home/travis/build/icyphy/ptII/ptolemy/actor/lib/test/auto/PublisherSubscriberD3Reverse.xml (RunModel)" time="0.014" />
  <testcase classname="ptolemy.util.test.junit.AutoTests" name="[295] /home/travis/build/icyphy/ptII/ptolemy/actor/lib/test/auto/PublisherSubscriberExpression.xml (RunModel)" time="0.02" />
  <testcase classname="ptolemy.util.test.junit.AutoTests" name="[296] /home/travis/build/icyphy/ptII/ptolemy/actor/lib/test/auto/PublisherSubscriberOpaque.xml (RunModel)" time="0.015" />
  <testcase classname="ptolemy.util.test.junit.AutoTests" name="[297] /home/travis/build/icyphy/ptII/ptolemy/actor/lib/test/auto/PublisherSubscriberOpaqueD3.xml (RunModel)" time="0.023" />
  <testcase classname="ptolemy.util.test.junit.AutoTests" name="[298] /home/travis/build/icyphy/ptII/ptolemy/actor/lib/test/auto/PublisherSubscriberOpaqueD3Reverse.xml (RunModel)" time="0.021" />
  <testcase classname="ptolemy.util.test.junit.AutoTests" name="[299] /home/travis/build/icyphy/ptII/ptolemy/actor/lib/test/auto/PublisherSubscriberOpaqueWidthInference.xml (RunModel)" time="0.02" />
  <testcase classname="ptolemy.util.test.junit.AutoTests" name="[300] /home/travis/build/icyphy/ptII/ptolemy/actor/lib/test/auto/PublisherTestSubscriber.xml (RunModel)" time="0.017" />
  <testcase classname="ptolemy.util.test.junit.AutoTests" name="[301] /home/travis/build/icyphy/ptII/ptolemy/actor/lib/test/auto/PublisherToplevelSubscriberPortAOC.xml (RunModel)" time="0.013" />
  <testcase classname="ptolemy.util.test.junit.AutoTests" name="[302] /home/travis/build/icyphy/ptII/ptolemy/actor/lib/test/auto/PulseFiringLimitDE.xml (RunModel)" time="0.018" />
  <testcase classname="ptolemy.util.test.junit.AutoTests" name="[303] /home/travis/build/icyphy/ptII/ptolemy/actor/lib/test/auto/Ramp1.xml (RunModel)" time="0.008" />
  <testcase classname="ptolemy.util.test.junit.AutoTests" name="[304] /home/travis/build/icyphy/ptII/ptolemy/actor/lib/test/auto/RampFiringLimitDE.xml (RunModel)" time="0.016" />
  <testcase classname="ptolemy.util.test.junit.AutoTests" name="[305] /home/travis/build/icyphy/ptII/ptolemy/actor/lib/test/auto/RampFiringLimitSDF.xml (RunModel)" time="0.012" />
  <testcase classname="ptolemy.util.test.junit.AutoTests" name="[306] /home/travis/build/icyphy/ptII/ptolemy/actor/lib/test/auto/RandomInteger.xml (RunModel)" time="0.012" />
  <testcase classname="ptolemy.util.test.junit.AutoTests" name="[307] /home/travis/build/icyphy/ptII/ptolemy/actor/lib/test/auto/ReadFile1.xml (RunModel)" time="0.01" />
  <testcase classname="ptolemy.util.test.junit.AutoTests" name="[308] /home/travis/build/icyphy/ptII/ptolemy/actor/lib/test/auto/ReadFile2.xml (RunModel)" time="0.009" />
  <testcase classname="ptolemy.util.test.junit.AutoTests" name="[309] /home/travis/build/icyphy/ptII/ptolemy/actor/lib/test/auto/Reader.xml (RunModel)" time="0.015" />
  <testcase classname="ptolemy.util.test.junit.AutoTests" name="[310] /home/travis/build/icyphy/ptII/ptolemy/actor/lib/test/auto/RecordAssemblerDisplayNameTest.xml (RunModel)" time="3.715" />
  <testcase classname="ptolemy.util.test.junit.AutoTests" name="[311] /home/travis/build/icyphy/ptII/ptolemy/actor/lib/test/auto/RecordAssemblerTypeError.xml (RunModel)" time="0.053" />
  <testcase classname="ptolemy.util.test.junit.AutoTests" name="[312] /home/travis/build/icyphy/ptII/ptolemy/actor/lib/test/auto/RecordDisassember.xml (RunModel)" time="0.017" />
  <testcase classname="ptolemy.util.test.junit.AutoTests" name="[313] /home/travis/build/icyphy/ptII/ptolemy/actor/lib/test/auto/RecordDisassemberDisplayNameTest.xml (RunModel)" time="0.026" />
  <testcase classname="ptolemy.util.test.junit.AutoTests" name="[314] /home/travis/build/icyphy/ptII/ptolemy/actor/lib/test/auto/RecordDisassembler.xml (RunModel)" time="0.016" />
  <testcase classname="ptolemy.util.test.junit.AutoTests" name="[315] /home/travis/build/icyphy/ptII/ptolemy/actor/lib/test/auto/RecordDisassembler2.xml (RunModel)" time="0.013" />
  <testcase classname="ptolemy.util.test.junit.AutoTests" name="[316] /home/travis/build/icyphy/ptII/ptolemy/actor/lib/test/auto/RecordUpdater.xml (RunModel)" time="0.013" />
  <testcase classname="ptolemy.util.test.junit.AutoTests" name="[317] /home/travis/build/icyphy/ptII/ptolemy/actor/lib/test/auto/RecordUpdater2.xml (RunModel)" time="0.013" />
  <testcase classname="ptolemy.util.test.junit.AutoTests" name="[318] /home/travis/build/icyphy/ptII/ptolemy/actor/lib/test/auto/RecursiveLattice.xml (RunModel)" time="0.011" />
  <testcase classname="ptolemy.util.test.junit.AutoTests" name="[319] /home/travis/build/icyphy/ptII/ptolemy/actor/lib/test/auto/Router.xml (RunModel)" time="3.031" />
  <testcase classname="ptolemy.util.test.junit.AutoTests" name="[320] /home/travis/build/icyphy/ptII/ptolemy/actor/lib/test/auto/Router2.xml (RunModel)" time="3.028" />
  <testcase classname="ptolemy.util.test.junit.AutoTests" name="[321] /home/travis/build/icyphy/ptII/ptolemy/actor/lib/test/auto/RunningMaximum.xml (RunModel)" time="0.022" />
  <testcase classname="ptolemy.util.test.junit.AutoTests" name="[322] /home/travis/build/icyphy/ptII/ptolemy/actor/lib/test/auto/RunningMinimum.xml (RunModel)" time="0.028" />
  <testcase classname="ptolemy.util.test.junit.AutoTests" name="[323] /home/travis/build/icyphy/ptII/ptolemy/actor/lib/test/auto/Scale.xml (RunModel)" time="0.022" />
  <testcase classname="ptolemy.util.test.junit.AutoTests" name="[324] /home/travis/build/icyphy/ptII/ptolemy/actor/lib/test/auto/Scale2.xml (RunModel)" time="0.013" />
  <testcase classname="ptolemy.util.test.junit.AutoTests" name="[325] /home/travis/build/icyphy/ptII/ptolemy/actor/lib/test/auto/Scale3.xml (RunModel)" time="0.016" />
  <testcase classname="ptolemy.util.test.junit.AutoTests" name="[326] /home/travis/build/icyphy/ptII/ptolemy/actor/lib/test/auto/ScaleArray.xml (RunModel)" time="0.009" />
  <testcase classname="ptolemy.util.test.junit.AutoTests" name="[327] /home/travis/build/icyphy/ptII/ptolemy/actor/lib/test/auto/ScaleArray2.xml (RunModel)" time="0.011" />
  <testcase classname="ptolemy.util.test.junit.AutoTests" name="[328] /home/travis/build/icyphy/ptII/ptolemy/actor/lib/test/auto/ScaleMatrix.xml (RunModel)" time="0.178" />
  <testcase classname="ptolemy.util.test.junit.AutoTests" name="[329] /home/travis/build/icyphy/ptII/ptolemy/actor/lib/test/auto/Select.xml (RunModel)" time="0.023" />
  <testcase classname="ptolemy.util.test.junit.AutoTests" name="[330] /home/travis/build/icyphy/ptII/ptolemy/actor/lib/test/auto/Select2.xml (RunModel)" time="0.01" />
  <testcase classname="ptolemy.util.test.junit.AutoTests" name="[331] /home/travis/build/icyphy/ptII/ptolemy/actor/lib/test/auto/SequenceToArray2.xml (RunModel)" time="0.163" />
  <testcase classname="ptolemy.util.test.junit.AutoTests" name="[332] /home/travis/build/icyphy/ptII/ptolemy/actor/lib/test/auto/SequentialClock.xml (RunModel)" time="0.014" />
  <testcase classname="ptolemy.util.test.junit.AutoTests" name="[333] /home/travis/build/icyphy/ptII/ptolemy/actor/lib/test/auto/SetVariable.xml (RunModel)" time="0.014" />
  <testcase classname="ptolemy.util.test.junit.AutoTests" name="[334] /home/travis/build/icyphy/ptII/ptolemy/actor/lib/test/auto/SetVariable2.xml (RunModel)" time="0.012" />
  <testcase classname="ptolemy.util.test.junit.AutoTests" name="[335] /home/travis/build/icyphy/ptII/ptolemy/actor/lib/test/auto/SetVariable3.xml (RunModel)" time="0.02" />
  <testcase classname="ptolemy.util.test.junit.AutoTests" name="[336] /home/travis/build/icyphy/ptII/ptolemy/actor/lib/test/auto/SetVariable4.xml (RunModel)" time="0.025" />
  <testcase classname="ptolemy.util.test.junit.AutoTests" name="[337] /home/travis/build/icyphy/ptII/ptolemy/actor/lib/test/auto/SetVariable5.xml (RunModel)" time="0.043" />
  <testcase classname="ptolemy.util.test.junit.AutoTests" name="[338] /home/travis/build/icyphy/ptII/ptolemy/actor/lib/test/auto/Sinewave.xml (RunModel)" time="0.027" />
  <testcase classname="ptolemy.util.test.junit.AutoTests" name="[339] /home/travis/build/icyphy/ptII/ptolemy/actor/lib/test/auto/Sinewave2.xml (RunModel)" time="0.022" />
  <testcase classname="ptolemy.util.test.junit.AutoTests" name="[340] /home/travis/build/icyphy/ptII/ptolemy/actor/lib/test/auto/Sinewave3.xml (RunModel)" time="0.065" />
  <testcase classname="ptolemy.util.test.junit.AutoTests" name="[341] /home/travis/build/icyphy/ptII/ptolemy/actor/lib/test/auto/SingleEvent.xml (RunModel)" time="0.008" />
  <testcase classname="ptolemy.util.test.junit.AutoTests" name="[342] /home/travis/build/icyphy/ptII/ptolemy/actor/lib/test/auto/Sleep.xml (RunModel)" time="6.025" />
  <testcase classname="ptolemy.util.test.junit.AutoTests" name="[343] /home/travis/build/icyphy/ptII/ptolemy/actor/lib/test/auto/SleepMultipleFire.xml (RunModel)" time="1.023" />
  <testcase classname="ptolemy.util.test.junit.AutoTests" name="[344] /home/travis/build/icyphy/ptII/ptolemy/actor/lib/test/auto/StopDE.xml (RunModel)" time="0.023" />
  <testcase classname="ptolemy.util.test.junit.AutoTests" name="[345] /home/travis/build/icyphy/ptII/ptolemy/actor/lib/test/auto/StopSDF.xml (RunModel)" time="0.047" />
  <testcase classname="ptolemy.util.test.junit.AutoTests" name="[346] /home/travis/build/icyphy/ptII/ptolemy/actor/lib/test/auto/StringConstant.xml (RunModel)" time="0.033" />
  <testcase classname="ptolemy.util.test.junit.AutoTests" name="[347] /home/travis/build/icyphy/ptII/ptolemy/actor/lib/test/auto/SubscriberPortInitialValues1.xml (RunModel)" time="0.046" />
  <testcase classname="ptolemy.util.test.junit.AutoTests" name="[348] /home/travis/build/icyphy/ptII/ptolemy/actor/lib/test/auto/SubscriberPortInitialValues13.xml (RunModel)" time="0.077" />
  <testcase classname="ptolemy.util.test.junit.AutoTests" name="[349] /home/travis/build/icyphy/ptII/ptolemy/actor/lib/test/auto/SubscriberPortInitialValues14.xml (RunModel)" time="0.057" />
  <testcase classname="ptolemy.util.test.junit.AutoTests" name="[350] /home/travis/build/icyphy/ptII/ptolemy/actor/lib/test/auto/SubscriberPortInitialValues2.xml (RunModel)" time="0.027" />
  <testcase classname="ptolemy.util.test.junit.AutoTests" name="[351] /home/travis/build/icyphy/ptII/ptolemy/actor/lib/test/auto/SubscriberPortInitialValues3.xml (RunModel)" time="0.035" />
  <testcase classname="ptolemy.util.test.junit.AutoTests" name="[352] /home/travis/build/icyphy/ptII/ptolemy/actor/lib/test/auto/SubscriptionAggregator.xml (RunModel)" time="0.013" />
  <testcase classname="ptolemy.util.test.junit.AutoTests" name="[353] /home/travis/build/icyphy/ptII/ptolemy/actor/lib/test/auto/SubscriptionAggregator2.xml (RunModel)" time="0.013" />
  <testcase classname="ptolemy.util.test.junit.AutoTests" name="[354] /home/travis/build/icyphy/ptII/ptolemy/actor/lib/test/auto/SubscriptionAggregator3.xml (RunModel)" time="0.016" />
  <testcase classname="ptolemy.util.test.junit.AutoTests" name="[355] /home/travis/build/icyphy/ptII/ptolemy/actor/lib/test/auto/SubscriptionAggregatorMultiply.xml (RunModel)" time="0.016" />
  <testcase classname="ptolemy.util.test.junit.AutoTests" name="[356] /home/travis/build/icyphy/ptII/ptolemy/actor/lib/test/auto/SubscriptionAggregatorPortMultiply1.xml (RunModel)" time="0.016" />
  <testcase classname="ptolemy.util.test.junit.AutoTests" name="[357] /home/travis/build/icyphy/ptII/ptolemy/actor/lib/test/auto/Switch.xml (RunModel)" time="0.019" />
  <testcase classname="ptolemy.util.test.junit.AutoTests" name="[358] /home/travis/build/icyphy/ptII/ptolemy/actor/lib/test/auto/Switch2.xml (RunModel)" time="0.012" />
  <testcase classname="ptolemy.util.test.junit.AutoTests" name="[359] /home/travis/build/icyphy/ptII/ptolemy/actor/lib/test/auto/SwitchDE.xml (RunModel)" time="0.017" />
  <testcase classname="ptolemy.util.test.junit.AutoTests" name="[360] /home/travis/build/icyphy/ptII/ptolemy/actor/lib/test/auto/SynchronizerDE.xml (RunModel)" time="0.022" />
  <testcase classname="ptolemy.util.test.junit.AutoTests" name="[361] /home/travis/build/icyphy/ptII/ptolemy/actor/lib/test/auto/Test.xml (RunModel)" time="0.023" />
  <testcase classname="ptolemy.util.test.junit.AutoTests" name="[362] /home/travis/build/icyphy/ptII/ptolemy/actor/lib/test/auto/TestExceptionAttribute1.xml (RunModel)" time="0.013" />
  <testcase classname="ptolemy.util.test.junit.AutoTests" name="[363] /home/travis/build/icyphy/ptII/ptolemy/actor/lib/test/auto/TestExceptionAttribute2.xml (RunModel)" time="0.009" />
  <testcase classname="ptolemy.util.test.junit.AutoTests" name="[364] /home/travis/build/icyphy/ptII/ptolemy/actor/lib/test/auto/TestExceptionAttribute3.xml (RunModel)" time="0.014" />
  <testcase classname="ptolemy.util.test.junit.AutoTests" name="[365] /home/travis/build/icyphy/ptII/ptolemy/actor/lib/test/auto/TestExceptionAttribute4.xml (RunModel)" time="0.014" />
  <testcase classname="ptolemy.util.test.junit.AutoTests" name="[366] /home/travis/build/icyphy/ptII/ptolemy/actor/lib/test/auto/TestExceptionHandler1.xml (RunModel)" time="0.007" />
  <testcase classname="ptolemy.util.test.junit.AutoTests" name="[367] /home/travis/build/icyphy/ptII/ptolemy/actor/lib/test/auto/TestExceptionHandler2.xml (RunModel)" time="0.009" />
  <testcase classname="ptolemy.util.test.junit.AutoTests" name="[368] /home/travis/build/icyphy/ptII/ptolemy/actor/lib/test/auto/TestExceptionHandler3.xml (RunModel)" time="0.011" />
  <testcase classname="ptolemy.util.test.junit.AutoTests" name="[369] /home/travis/build/icyphy/ptII/ptolemy/actor/lib/test/auto/TestExceptionHandler4.xml (RunModel)" time="0.008" />
  <testcase classname="ptolemy.util.test.junit.AutoTests" name="[370] /home/travis/build/icyphy/ptII/ptolemy/actor/lib/test/auto/TestRequireCorrectOrder.xml (RunModel)" time="0.015" />
  <testcase classname="ptolemy.util.test.junit.AutoTests" name="[371] /home/travis/build/icyphy/ptII/ptolemy/actor/lib/test/auto/TestSimple.xml (RunModel)" time="0.009" />
  <testcase classname="ptolemy.util.test.junit.AutoTests" name="[372] /home/travis/build/icyphy/ptII/ptolemy/actor/lib/test/auto/ThrowModelError.xml (RunModel)" time="0.012" />
  <testcase classname="ptolemy.util.test.junit.AutoTests" name="[373] /home/travis/build/icyphy/ptII/ptolemy/actor/lib/test/auto/TimeDelayMicrosteps.xml (RunModel)" time="0.02" />
  <testcase classname="ptolemy.util.test.junit.AutoTests" name="[374] /home/travis/build/icyphy/ptII/ptolemy/actor/lib/test/auto/TimeDelayMicrosteps2.xml (RunModel)" time="0.02" />
  <testcase classname="ptolemy.util.test.junit.AutoTests" name="[375] /home/travis/build/icyphy/ptII/ptolemy/actor/lib/test/auto/TimeDelayMicrosteps3.xml (RunModel)" time="0.021" />
  <testcase classname="ptolemy.util.test.junit.AutoTests" name="[376] /home/travis/build/icyphy/ptII/ptolemy/actor/lib/test/auto/TimeDelayVariableMicrosteps.xml (RunModel)" time="0.024" />
  <testcase classname="ptolemy.util.test.junit.AutoTests" name="[377] /home/travis/build/icyphy/ptII/ptolemy/actor/lib/test/auto/TimeGap.xml (RunModel)" time="0.025" />
  <testcase classname="ptolemy.util.test.junit.AutoTests" name="[378] /home/travis/build/icyphy/ptII/ptolemy/actor/lib/test/auto/TimeGap2.xml (RunModel)" time="0.013" />
  <testcase classname="ptolemy.util.test.junit.AutoTests" name="[379] /home/travis/build/icyphy/ptII/ptolemy/actor/lib/test/auto/TimedSinewave.xml (RunModel)" time="0.076" />
  <testcase classname="ptolemy.util.test.junit.AutoTests" name="[380] /home/travis/build/icyphy/ptII/ptolemy/actor/lib/test/auto/TimedSinewavePhase.xml (RunModel)" time="0.039" />
  <testcase classname="ptolemy.util.test.junit.AutoTests" name="[381] /home/travis/build/icyphy/ptII/ptolemy/actor/lib/test/auto/Timer.xml (RunModel)" time="0.021" />
  <testcase classname="ptolemy.util.test.junit.AutoTests" name="[382] /home/travis/build/icyphy/ptII/ptolemy/actor/lib/test/auto/TriangularDistTestModel.xml (RunModel)" time="0.021" />
  <testcase classname="ptolemy.util.test.junit.AutoTests" name="[383] /home/travis/build/icyphy/ptII/ptolemy/actor/lib/test/auto/TrigFunction.xml (RunModel)" time="0.01" />
  <testcase classname="ptolemy.util.test.junit.AutoTests" name="[384] /home/travis/build/icyphy/ptII/ptolemy/actor/lib/test/auto/TrigFunctionDE.xml (RunModel)" time="0.013" />
  <testcase classname="ptolemy.util.test.junit.AutoTests" name="[385] /home/travis/build/icyphy/ptII/ptolemy/actor/lib/test/auto/TrigFunctionInverse.xml (RunModel)" time="0.012" />
  <testcase classname="ptolemy.util.test.junit.AutoTests" name="[386] /home/travis/build/icyphy/ptII/ptolemy/actor/lib/test/auto/TrigFunctionTan.xml (RunModel)" time="0.008" />
  <testcase classname="ptolemy.util.test.junit.AutoTests" name="[387] /home/travis/build/icyphy/ptII/ptolemy/actor/lib/test/auto/TriggeredClock.xml (RunModel)" time="0.011" />
  <testcase classname="ptolemy.util.test.junit.AutoTests" name="[388] /home/travis/build/icyphy/ptII/ptolemy/actor/lib/test/auto/URLDirectoryReader.xml (RunModel)" time="0.144" />
  <testcase classname="ptolemy.util.test.junit.AutoTests" name="[389] /home/travis/build/icyphy/ptII/ptolemy/actor/lib/test/auto/URLDirectoryReader3.xml (RunModel)" time="1.395" />
  <testcase classname="ptolemy.util.test.junit.AutoTests" name="[390] /home/travis/build/icyphy/ptII/ptolemy/actor/lib/test/auto/UnaryMathFunction.xml (RunModel)" time="0.031" />
  <testcase classname="ptolemy.util.test.junit.AutoTests" name="[391] /home/travis/build/icyphy/ptII/ptolemy/actor/lib/test/auto/Uniform.xml (RunModel)" time="0.018" />
  <testcase classname="ptolemy.util.test.junit.AutoTests" name="[392] /home/travis/build/icyphy/ptII/ptolemy/actor/lib/test/auto/UnionDisassemblerTest.xml (RunModel)" time="0.016" />
  <testcase classname="ptolemy.util.test.junit.AutoTests" name="[393] /home/travis/build/icyphy/ptII/ptolemy/actor/lib/test/auto/UtilityFunctions.xml (RunModel)" time="0.009" />
  <testcase classname="ptolemy.util.test.junit.AutoTests" name="[394] /home/travis/build/icyphy/ptII/ptolemy/actor/lib/test/auto/VariableSleep.xml (RunModel)" time="0.515" />
  <testcase classname="ptolemy.util.test.junit.AutoTests" name="[395] /home/travis/build/icyphy/ptII/ptolemy/actor/lib/test/auto/VectorAssemblerDisassemblerCT.xml (RunModel)" time="0.135" />
  <testcase classname="ptolemy.util.test.junit.AutoTests" name="[396] /home/travis/build/icyphy/ptII/ptolemy/actor/lib/test/auto/VectorAssemblerDisassemblerDE.xml (RunModel)" time="0.014" />
  <testcase classname="ptolemy.util.test.junit.AutoTests" name="[397] /home/travis/build/icyphy/ptII/ptolemy/actor/lib/test/auto/VectorAssemblerDisassemblerSDF.xml (RunModel)" time="0.014" />
  <testcase classname="ptolemy.util.test.junit.AutoTests" name="[398] /home/travis/build/icyphy/ptII/ptolemy/actor/lib/test/auto/WallClockTime.xml (RunModel)" time="1.017" />
  <testcase classname="ptolemy.util.test.junit.AutoTests" name="[399] /home/travis/build/icyphy/ptII/ptolemy/actor/lib/test/auto/WidthTestWithSubscriberPublisher.xml (RunModel)" time="0.043" />
  <testcase classname="ptolemy.util.test.junit.AutoTests" name="[400] /home/travis/build/icyphy/ptII/ptolemy/actor/lib/test/auto/WidthTestWithSubscriberPublisher2.xml (RunModel)" time="0.019" />
  <testcase classname="ptolemy.util.test.junit.AutoTests" name="[401] /home/travis/build/icyphy/ptII/ptolemy/actor/lib/test/auto/WidthTestWithSubscriberPublisher3.xml (RunModel)" time="0.014" />
  <testcase classname="ptolemy.util.test.junit.AutoTests" name="[402] /home/travis/build/icyphy/ptII/ptolemy/actor/lib/test/auto/Writer.xml (RunModel)" time="0.009" />
  <testcase classname="ptolemy.util.test.junit.AutoTests" name="[403] /home/travis/build/icyphy/ptII/ptolemy/actor/lib/test/auto/array.xml (RunModel)" time="0.03" />
  <testcase classname="ptolemy.util.test.junit.AutoTests" name="[404] /home/travis/build/icyphy/ptII/ptolemy/actor/lib/test/auto/array2.xml (RunModel)" time="0.013" />
  <testcase classname="ptolemy.util.test.junit.AutoTests" name="[405] /home/travis/build/icyphy/ptII/ptolemy/actor/lib/test/auto/arrayType.xml (RunModel)" time="0.013" />
  <testcase classname="ptolemy.util.test.junit.AutoTests" name="[406] /home/travis/build/icyphy/ptII/ptolemy/actor/lib/test/auto/arrayType10.xml (RunModel)" time="0.011" />
  <testcase classname="ptolemy.util.test.junit.AutoTests" name="[407] /home/travis/build/icyphy/ptII/ptolemy/actor/lib/test/auto/arrayType11.xml (RunModel)" time="0.01" />
  <testcase classname="ptolemy.util.test.junit.AutoTests" name="[408] /home/travis/build/icyphy/ptII/ptolemy/actor/lib/test/auto/arrayType12.xml (RunModel)" time="0.012" />
  <testcase classname="ptolemy.util.test.junit.AutoTests" name="[409] /home/travis/build/icyphy/ptII/ptolemy/actor/lib/test/auto/arrayType13.xml (RunModel)" time="0.011" />
  <testcase classname="ptolemy.util.test.junit.AutoTests" name="[410] /home/travis/build/icyphy/ptII/ptolemy/actor/lib/test/auto/arrayType14.xml (RunModel)" time="0.011" />
  <testcase classname="ptolemy.util.test.junit.AutoTests" name="[411] /home/travis/build/icyphy/ptII/ptolemy/actor/lib/test/auto/arrayType15.xml (RunModel)" time="0.012" />
  <testcase classname="ptolemy.util.test.junit.AutoTests" name="[412] /home/travis/build/icyphy/ptII/ptolemy/actor/lib/test/auto/arrayType16.xml (RunModel)" time="0.011" />
  <testcase classname="ptolemy.util.test.junit.AutoTests" name="[413] /home/travis/build/icyphy/ptII/ptolemy/actor/lib/test/auto/arrayType17.xml (RunModel)" time="0.011" />
  <testcase classname="ptolemy.util.test.junit.AutoTests" name="[414] /home/travis/build/icyphy/ptII/ptolemy/actor/lib/test/auto/arrayType18.xml (RunModel)" time="0.01" />
  <testcase classname="ptolemy.util.test.junit.AutoTests" name="[415] /home/travis/build/icyphy/ptII/ptolemy/actor/lib/test/auto/arrayType19.xml (RunModel)" time="0.01" />
  <testcase classname="ptolemy.util.test.junit.AutoTests" name="[416] /home/travis/build/icyphy/ptII/ptolemy/actor/lib/test/auto/arrayType2.xml (RunModel)" time="0.011" />
  <testcase classname="ptolemy.util.test.junit.AutoTests" name="[417] /home/travis/build/icyphy/ptII/ptolemy/actor/lib/test/auto/arrayType20.xml (RunModel)" time="0.01" />
  <testcase classname="ptolemy.util.test.junit.AutoTests" name="[418] /home/travis/build/icyphy/ptII/ptolemy/actor/lib/test/auto/arrayType21.xml (RunModel)" time="0.01" />
  <testcase classname="ptolemy.util.test.junit.AutoTests" name="[419] /home/travis/build/icyphy/ptII/ptolemy/actor/lib/test/auto/arrayType22.xml (RunModel)" time="0.01" />
  <testcase classname="ptolemy.util.test.junit.AutoTests" name="[420] /home/travis/build/icyphy/ptII/ptolemy/actor/lib/test/auto/arrayType23.xml (RunModel)" time="0.009" />
  <testcase classname="ptolemy.util.test.junit.AutoTests" name="[421] /home/travis/build/icyphy/ptII/ptolemy/actor/lib/test/auto/arrayType24.xml (RunModel)" time="0.01" />
  <testcase classname="ptolemy.util.test.junit.AutoTests" name="[422] /home/travis/build/icyphy/ptII/ptolemy/actor/lib/test/auto/arrayType25.xml (RunModel)" time="0.01" />
  <testcase classname="ptolemy.util.test.junit.AutoTests" name="[423] /home/travis/build/icyphy/ptII/ptolemy/actor/lib/test/auto/arrayType26.xml (RunModel)" time="0.011" />
  <testcase classname="ptolemy.util.test.junit.AutoTests" name="[424] /home/travis/build/icyphy/ptII/ptolemy/actor/lib/test/auto/arrayType27.xml (RunModel)" time="0.011" />
  <testcase classname="ptolemy.util.test.junit.AutoTests" name="[425] /home/travis/build/icyphy/ptII/ptolemy/actor/lib/test/auto/arrayType28.xml (RunModel)" time="0.012" />
  <testcase classname="ptolemy.util.test.junit.AutoTests" name="[426] /home/travis/build/icyphy/ptII/ptolemy/actor/lib/test/auto/arrayType3.xml (RunModel)" time="0.01" />
  <testcase classname="ptolemy.util.test.junit.AutoTests" name="[427] /home/travis/build/icyphy/ptII/ptolemy/actor/lib/test/auto/arrayType4.xml (RunModel)" time="0.011" />
  <testcase classname="ptolemy.util.test.junit.AutoTests" name="[428] /home/travis/build/icyphy/ptII/ptolemy/actor/lib/test/auto/arrayType5.xml (RunModel)" time="0.01" />
  <testcase classname="ptolemy.util.test.junit.AutoTests" name="[429] /home/travis/build/icyphy/ptII/ptolemy/actor/lib/test/auto/arrayType6.xml (RunModel)" time="0.009" />
  <testcase classname="ptolemy.util.test.junit.AutoTests" name="[430] /home/travis/build/icyphy/ptII/ptolemy/actor/lib/test/auto/arrayType7.xml (RunModel)" time="0.015" />
  <testcase classname="ptolemy.util.test.junit.AutoTests" name="[431] /home/travis/build/icyphy/ptII/ptolemy/actor/lib/test/auto/arrayType8.xml (RunModel)" time="0.011" />
  <testcase classname="ptolemy.util.test.junit.AutoTests" name="[432] /home/travis/build/icyphy/ptII/ptolemy/actor/lib/test/auto/arrayType9.xml (RunModel)" time="0.023" />
  <testcase classname="ptolemy.util.test.junit.AutoTests" name="[433] /home/travis/build/icyphy/ptII/ptolemy/actor/lib/test/auto/cast.xml (RunModel)" time="0.01" />
  <testcase classname="ptolemy.util.test.junit.AutoTests" name="[434] /home/travis/build/icyphy/ptII/ptolemy/actor/lib/test/auto/compositeMultiPort.xml (RunModel)" time="0.021" />
  <testcase classname="ptolemy.util.test.junit.AutoTests" name="[435] /home/travis/build/icyphy/ptII/ptolemy/actor/lib/test/auto/expressionCastInference.xml (RunModel)" time="0.034" />
  <testcase classname="ptolemy.util.test.junit.AutoTests" name="[436] /home/travis/build/icyphy/ptII/ptolemy/actor/lib/test/auto/expressionCastInference2.xml (RunModel)" time="0.031" />
  <testcase classname="ptolemy.util.test.junit.AutoTests" name="[437] /home/travis/build/icyphy/ptII/ptolemy/actor/lib/test/auto/expressionInference.xml (RunModel)" time="0.031" />
  <testcase classname="ptolemy.util.test.junit.AutoTests" name="[438] /home/travis/build/icyphy/ptII/ptolemy/actor/lib/test/auto/expression_bug.xml (RunModel)" time="0.016" />
  <testcase classname="ptolemy.util.test.junit.AutoTests" name="[439] /home/travis/build/icyphy/ptII/ptolemy/actor/lib/test/auto/factorial.xml (RunModel)" time="0.137" />
  <testcase classname="ptolemy.util.test.junit.AutoTests" name="[440] /home/travis/build/icyphy/ptII/ptolemy/actor/lib/test/auto/filterTest1.xml (RunModel)" time="0.027" />
  <testcase classname="ptolemy.util.test.junit.AutoTests" name="[441] /home/travis/build/icyphy/ptII/ptolemy/actor/lib/test/auto/funcApplyInConst.xml (RunModel)" time="0.007" />
  <testcase classname="ptolemy.util.test.junit.AutoTests" name="[442] /home/travis/build/icyphy/ptII/ptolemy/actor/lib/test/auto/funcApplyInExpr.xml (RunModel)" time="0.007" />
  <testcase classname="ptolemy.util.test.junit.AutoTests" name="[443] /home/travis/build/icyphy/ptII/ptolemy/actor/lib/test/auto/function.xml (RunModel)" time="0.012" />
  <testcase classname="ptolemy.util.test.junit.AutoTests" name="[444] /home/travis/build/icyphy/ptII/ptolemy/actor/lib/test/auto/function2.xml (RunModel)" time="0.012" />
  <testcase classname="ptolemy.util.test.junit.AutoTests" name="[445] /home/travis/build/icyphy/ptII/ptolemy/actor/lib/test/auto/function3.xml (RunModel)" time="0.009" />
  <testcase classname="ptolemy.util.test.junit.AutoTests" name="[446] /home/travis/build/icyphy/ptII/ptolemy/actor/lib/test/auto/functionClosureTest1.xml (RunModel)" time="0.012" />
  <testcase classname="ptolemy.util.test.junit.AutoTests" name="[447] /home/travis/build/icyphy/ptII/ptolemy/actor/lib/test/auto/functionClosureTest2.xml (RunModel)" time="0.009" />
  <testcase classname="ptolemy.util.test.junit.AutoTests" name="[448] /home/travis/build/icyphy/ptII/ptolemy/actor/lib/test/auto/functionClosureTest3.xml (RunModel)" time="0.012" />
  <testcase classname="ptolemy.util.test.junit.AutoTests" name="[449] /home/travis/build/icyphy/ptII/ptolemy/actor/lib/test/auto/functionClosureTest4.xml (RunModel)" time="0.017" />
  <testcase classname="ptolemy.util.test.junit.AutoTests" name="[450] /home/travis/build/icyphy/ptII/ptolemy/actor/lib/test/auto/functionClosureTest5.xml (RunModel)" time="0.015" />
  <testcase classname="ptolemy.util.test.junit.AutoTests" name="[451] /home/travis/build/icyphy/ptII/ptolemy/actor/lib/test/auto/functionClosureTest6.xml (RunModel)" time="0.016" />
  <testcase classname="ptolemy.util.test.junit.AutoTests" name="[452] /home/travis/build/icyphy/ptII/ptolemy/actor/lib/test/auto/functionsOnArcs.xml (RunModel)" time="0.012" />
  <testcase classname="ptolemy.util.test.junit.AutoTests" name="[453] /home/travis/build/icyphy/ptII/ptolemy/actor/lib/test/auto/functionsOnArcsHOF.xml (RunModel)" time="0.018" />
  <testcase classname="ptolemy.util.test.junit.AutoTests" name="[454] /home/travis/build/icyphy/ptII/ptolemy/actor/lib/test/auto/logic.xml (RunModel)" time="0.021" />
  <testcase classname="ptolemy.util.test.junit.AutoTests" name="[455] /home/travis/build/icyphy/ptII/ptolemy/actor/lib/test/auto/matrixType.xml (RunModel)" time="0.011" />
  <testcase classname="ptolemy.util.test.junit.AutoTests" name="[456] /home/travis/build/icyphy/ptII/ptolemy/actor/lib/test/auto/matrixType10.xml (RunModel)" time="0.012" />
  <testcase classname="ptolemy.util.test.junit.AutoTests" name="[457] /home/travis/build/icyphy/ptII/ptolemy/actor/lib/test/auto/matrixType11.xml (RunModel)" time="0.01" />
  <testcase classname="ptolemy.util.test.junit.AutoTests" name="[458] /home/travis/build/icyphy/ptII/ptolemy/actor/lib/test/auto/matrixType12.xml (RunModel)" time="0.013" />
  <testcase classname="ptolemy.util.test.junit.AutoTests" name="[459] /home/travis/build/icyphy/ptII/ptolemy/actor/lib/test/auto/matrixType13.xml (RunModel)" time="0.01" />
  <testcase classname="ptolemy.util.test.junit.AutoTests" name="[460] /home/travis/build/icyphy/ptII/ptolemy/actor/lib/test/auto/matrixType14.xml (RunModel)" time="0.013" />
  <testcase classname="ptolemy.util.test.junit.AutoTests" name="[461] /home/travis/build/icyphy/ptII/ptolemy/actor/lib/test/auto/matrixType2.xml (RunModel)" time="0.011" />
  <testcase classname="ptolemy.util.test.junit.AutoTests" name="[462] /home/travis/build/icyphy/ptII/ptolemy/actor/lib/test/auto/matrixType3.xml (RunModel)" time="0.016" />
  <testcase classname="ptolemy.util.test.junit.AutoTests" name="[463] /home/travis/build/icyphy/ptII/ptolemy/actor/lib/test/auto/matrixType4.xml (RunModel)" time="0.01" />
  <testcase classname="ptolemy.util.test.junit.AutoTests" name="[464] /home/travis/build/icyphy/ptII/ptolemy/actor/lib/test/auto/matrixType5.xml (RunModel)" time="0.01" />
  <testcase classname="ptolemy.util.test.junit.AutoTests" name="[465] /home/travis/build/icyphy/ptII/ptolemy/actor/lib/test/auto/matrixType6.xml (RunModel)" time="0.01" />
  <testcase classname="ptolemy.util.test.junit.AutoTests" name="[466] /home/travis/build/icyphy/ptII/ptolemy/actor/lib/test/auto/matrixType7.xml (RunModel)" time="0.011" />
  <testcase classname="ptolemy.util.test.junit.AutoTests" name="[467] /home/travis/build/icyphy/ptII/ptolemy/actor/lib/test/auto/matrixType8.xml (RunModel)" time="0.011" />
  <testcase classname="ptolemy.util.test.junit.AutoTests" name="[468] /home/travis/build/icyphy/ptII/ptolemy/actor/lib/test/auto/matrixType9.xml (RunModel)" time="0.01" />
  <testcase classname="ptolemy.util.test.junit.AutoTests" name="[469] /home/travis/build/icyphy/ptII/ptolemy/actor/lib/test/auto/paraFunctest.xml (RunModel)" time="0.01" />
  <testcase classname="ptolemy.util.test.junit.AutoTests" name="[470] /home/travis/build/icyphy/ptII/ptolemy/actor/lib/test/auto/paraFunctest2.xml (RunModel)" time="0.01" />
  <testcase classname="ptolemy.util.test.junit.AutoTests" name="[471] /home/travis/build/icyphy/ptII/ptolemy/actor/lib/test/auto/parameterPassing.xml (RunModel)" time="0.01" />
  <testcase classname="ptolemy.util.test.junit.AutoTests" name="[472] /home/travis/build/icyphy/ptII/ptolemy/actor/lib/test/auto/record.xml (RunModel)" time="0.011" />
  <testcase classname="ptolemy.util.test.junit.AutoTests" name="[473] /home/travis/build/icyphy/ptII/ptolemy/actor/lib/test/auto/sizedarray1.xml (RunModel)" time="0.011" />
  <testcase classname="ptolemy.util.test.junit.AutoTests" name="[474] /home/travis/build/icyphy/ptII/ptolemy/actor/lib/test/auto/sizedarray2.xml (RunModel)" time="0.011" />
  <testcase classname="ptolemy.util.test.junit.AutoTests" name="[475] /home/travis/build/icyphy/ptII/ptolemy/actor/lib/test/auto/twoPublishers.xml (RunModel)" time="0.022" />
  <system-out><![CDATA[/home/travis/build/icyphy/ptII/ptolemy/actor/lib/test/AbsoluteValue.tcl
testDefs.tcl: setting time out to 9000 seconds at Sat Aug 10 05:26:48 UTC 2019
124 ms. Memory: 120832K Free: 85959K (71%)
12 ms. Memory: 120832K Free: 84415K (70%)
6 ms. Memory: 120832K Free: 83397K (69%)
9 ms. Memory: 120832K Free: 82887K (69%)
/home/travis/build/icyphy/ptII/ptolemy/actor/lib/test/AddSubtract.tcl
23 ms. Memory: 120832K Free: 80839K (67%)
6 ms. Memory: 120832K Free: 79815K (66%)
7 ms. Memory: 120832K Free: 79301K (66%)
11 ms. Memory: 120832K Free: 78263K (65%)
45 ms. Memory: 120832K Free: 75719K (63%)
7 ms. Memory: 120832K Free: 74695K (62%)
/home/travis/build/icyphy/ptII/ptolemy/actor/lib/test/Average.tcl
9 ms. Memory: 120832K Free: 73143K (61%)
8 ms. Memory: 120832K Free: 71623K (59%)
/home/travis/build/icyphy/ptII/ptolemy/actor/lib/test/Bernoulli.tcl
5 ms. Memory: 120832K Free: 70071K (58%)
2 ms. Memory: 120832K Free: 70071K (58%)
/home/travis/build/icyphy/ptII/ptolemy/actor/lib/test/Clock.tcl
preinitializing
resolving types
initializing
executing number 1
wrapping up
idle
23 ms. Memory: 120832K Free: 67013K (55%)
Completed execution with 5 iterations
preinitializing
resolving types
initializing
executing number 1
wrapping up
idle
12 ms. Memory: 120832K Free: 66503K (55%)
Completed execution with 5 iterations
preinitializing
resolving types
initializing
executing number 1
wrapping up
idle
15 ms. Memory: 120832K Free: 65983K (55%)
Completed execution with 5 iterations
/home/travis/build/icyphy/ptII/ptolemy/actor/lib/test/Commutator.tcl
7 ms. Memory: 120832K Free: 63941K (53%)
7 ms. Memory: 120832K Free: 62903K (52%)
10 ms. Memory: 120832K Free: 57287K (47%)
/home/travis/build/icyphy/ptII/ptolemy/actor/lib/test/Const.tcl
13 ms. Memory: 120832K Free: 55735K (46%)
11 ms. Memory: 120832K Free: 55239K (46%)
9 ms. Memory: 120832K Free: 54725K (45%)
9 ms. Memory: 120832K Free: 54215K (45%)
3 ms. Memory: 120832K Free: 53191K (44%)
29 ms. Memory: 120832K Free: 51653K (43%)
6 ms. Memory: 120832K Free: 50615K (42%)
4 ms. Memory: 120832K Free: 49605K (41%)
/home/travis/build/icyphy/ptII/ptolemy/actor/lib/test/CurrentTime.tcl
preinitializing
resolving types
initializing
executing number 1
wrapping up
idle
19 ms. Memory: 120832K Free: 48071K (40%)
Completed execution with 11 iterations
/home/travis/build/icyphy/ptII/ptolemy/actor/lib/test/DB.tcl
5 ms. Memory: 120832K Free: 46023K (38%)
52 ms. Memory: 120832K Free: 107142K (89%)
2 ms. Memory: 120832K Free: 106632K (88%)
/home/travis/build/icyphy/ptII/ptolemy/actor/lib/test/DiscreteRandomSource.tcl
preinitializing
resolving types
initializing
executing number 1
wrapping up
idle
5 ms. Memory: 120832K Free: 105608K (87%)
Completed execution with 4 iterations
preinitializing
resolving types
initializing
executing number 1
wrapping up
idle
3 ms. Memory: 120832K Free: 105094K (87%)
Completed execution with 4 iterations
preinitializing
resolving types
initializing
executing number 1
wrapping up
idle
3 ms. Memory: 120832K Free: 104584K (87%)
Completed execution with 4 iterations
preinitializing
resolving types
initializing
executing number 1
wrapping up
idle
2 ms. Memory: 120832K Free: 104055K (86%)
Completed execution with 4 iterations
preinitializing
resolving types
initializing
executing number 1
wrapping up
idle
4 ms. Memory: 120832K Free: 103560K (86%)
Completed execution with 4 iterations
/home/travis/build/icyphy/ptII/ptolemy/actor/lib/test/Distributor.tcl
28 ms. Memory: 120832K Free: 106159K (88%)
7 ms. Memory: 120832K Free: 105205K (87%)
StreamChangeRequest.changeExecuted(): <deleteEntity name="rec2"/> succeeded
StreamChangeRequest.changeExecuted(): <deleteRelation name="r2"/> succeeded
StreamChangeRequest.changeExecuted(): Record firings per iteration succeeded
5 ms. Memory: 120832K Free: 102793K (85%)
/home/travis/build/icyphy/ptII/ptolemy/actor/lib/test/Exit.tcl
Exit.tcl: this will print a message about Manager.exitAfterWrapup, which can be ignored.
5 ms. Memory: 120832K Free: 100079K (83%)
/home/travis/build/icyphy/ptII/ptolemy/actor/lib/test/Expression.tcl
28 ms. Memory: 120832K Free: 96664K (80%)
10 ms. Memory: 120832K Free: 95625K (79%)
3 ms. Memory: 120832K Free: 94965K (79%)
preinitializing
resolving types
initializing
executing number 1
wrapping up
idle
5 ms. Memory: 120832K Free: 93561K (77%)
Completed execution with 6 iterations
4 ms. Memory: 120832K Free: 92567K (77%)
3 ms. Memory: 120832K Free: 91893K (76%)
5 ms. Memory: 120832K Free: 90899K (75%)
4 ms. Memory: 120832K Free: 89457K (74%)
4 ms. Memory: 120832K Free: 88457K (73%)
/home/travis/build/icyphy/ptII/ptolemy/actor/lib/test/Gaussian.tcl
11 ms. Memory: 120832K Free: 105083K (87%)
sleeping 1 seconds: ..................................................................................................................................................................................................................................................................................................................................................................................................................................................................................................................................................................................................................................................................................................................................................................................................................................................................................................................................................................................................................................................................................................................................................................................................................................................................................................................................................................................................................................................................................................................................................................................................................................................................................................................................................................................................................................................................................................................................................................................................................................................................................................................................................................................................................................................................................................................................................................................................................................................................................................................................................................................................................................................................................................................................................................................................................................................................................................................................................................................................................................................................................................................................................................................................................................................................................................................2 ms. Memory: 120832K Free: 90747K (75%)
4 ms. Memory: 120832K Free: 90251K (75%)
2 ms. Memory: 120832K Free: 89723K (74%)
2 ms. Memory: 120832K Free: 88713K (73%)
2 ms. Memory: 120832K Free: 88203K (73%)
/home/travis/build/icyphy/ptII/ptolemy/actor/lib/test/IIR.tcl
/home/travis/build/icyphy/ptII/ptolemy/actor/lib/test/Interpolator.tcl
6 ms. Memory: 120832K Free: 84587K (70%)
4 ms. Memory: 120832K Free: 84107K (70%)
4 ms. Memory: 120832K Free: 83593K (69%)
2 ms. Memory: 120832K Free: 82569K (68%)
3 ms. Memory: 120832K Free: 82059K (68%)
2 ms. Memory: 120832K Free: 81035K (67%)
3 ms. Memory: 120832K Free: 80011K (66%)
3 ms. Memory: 120832K Free: 79483K (66%)
5 ms. Memory: 120832K Free: 78473K (65%)
14 ms. Memory: 120832K Free: 77449K (64%)
/home/travis/build/icyphy/ptII/ptolemy/actor/lib/test/MathFunction.tcl
8 ms. Memory: 120832K Free: 75401K (62%)
2 ms. Memory: 120832K Free: 74377K (62%)
15 ms. Memory: 120832K Free: 105711K (87%)
2 ms. Memory: 120832K Free: 104778K (87%)
8 ms. Memory: 120832K Free: 103754K (86%)
12 ms. Memory: 120832K Free: 101692K (84%)
/home/travis/build/icyphy/ptII/ptolemy/actor/lib/test/Maximum.tcl
9 ms. Memory: 120832K Free: 99628K (82%)
6 ms. Memory: 120832K Free: 99148K (82%)
3 ms. Memory: 120832K Free: 98620K (82%)
9 ms. Memory: 120832K Free: 97610K (81%)
/home/travis/build/icyphy/ptII/ptolemy/actor/lib/test/Minimum.tcl
7 ms. Memory: 120832K Free: 96076K (80%)
3 ms. Memory: 120832K Free: 95548K (79%)
2 ms. Memory: 120832K Free: 94524K (78%)
2 ms. Memory: 120832K Free: 94028K (78%)
/home/travis/build/icyphy/ptII/ptolemy/actor/lib/test/MultiplyDivide.tcl
5 ms. Memory: 120832K Free: 91980K (76%)
4 ms. Memory: 120832K Free: 91452K (76%)
5 ms. Memory: 120832K Free: 90956K (75%)
4 ms. Memory: 120832K Free: 89932K (74%)
5 ms. Memory: 120832K Free: 89404K (74%)
/home/travis/build/icyphy/ptII/ptolemy/actor/lib/test/OrderedMerge.tcl
Connections changed on port: inputA
Connections changed on port: inputB
Connections changed on port: output
Connections changed on port: output
Connections changed on port: output
Connections changed on port: input
.top. Preinitializing ...
Invoking preinitialize():  .top.OrderedMerge
Called preinitialize()
Invoking preinitialize():  .top.Ramp
Called preinitialize()
Invoking preinitialize():  .top.Ramp2
Called preinitialize()
Invoking preinitialize():  .top.Test
Called preinitialize()
Connections changed on port: inputA
Connections changed on port: output
Connections changed on port: output
Connections changed on port: input
Connections changed on port: inputB
Connections changed on port: output
.top. Finished preinitialize().
Called initialize().
Invoking initialize():  .top.OrderedMerge
Initializing actor: .top.OrderedMerge
Adding a thread: .top.OrderedMerge
Invoking initialize():  .top.Ramp
Initializing actor: .top.Ramp
Adding a thread: .top.Ramp
Invoking initialize():  .top.Ramp2
Initializing actor: .top.Ramp2
Adding a thread: .top.Ramp2
Invoking initialize():  .top.Test
Initializing actor: .top.Test
Adding a thread: .top.Test
Called fire().
Checking for deadlock:
-- Starting thread.
Called initialize()
Called prefire()
Called fire()
-- Starting thread.
Called initialize()
-- Starting thread.
Called initialize()
Called prefire()
Called prefire()
-- Starting thread.
Called initialize()
Called prefire()
Called fire()
Called fire()
Called fire()
There are 0 Blocked actors, 0 Stopped actors, and 4 active threads.
Waiting for actors to stop.
Called postfire()
Called prefire()
Called fire()
Called postfire()
Called prefire()
Called fire()
Read input token from inputA with value 0.0
Next port to read input from is inputB
Called postfire()
Called prefire()
Called fire()
Read input token from inputB with value 0.0
Sent output token with value 0.0
Next port to read input from is inputA
Called postfire()
Called prefire()
Called fire()
Checking for deadlock:
There are 1 Blocked actors, 0 Stopped actors, and 4 active threads.
Waiting for actors to stop.
-- Read input: 0.0, which is expected to match: 0.0
Called prefire()
Called fire()
Called postfire()
Called prefire()
Called fire()
Called postfire()
Called prefire()
Called fire()
Checking for deadlock:
There are 3 Blocked actors, 0 Stopped actors, and 4 active threads.
Waiting for actors to stop.
Called postfire()
Called prefire()
Called fire()
Read input token from inputA with value 1.0
Sent output token with value 0.0
Next port to read input from is inputB
Called postfire()
Called prefire()
Called fire()
Read input token from inputB with value 1.5
Checking for deadlock:
There are 2 Blocked actors, 0 Stopped actors, and 4 active threads.
Waiting for actors to stop.
-- Read input: 0.0, which is expected to match: 0.0
Called prefire()
Called fire()
Called postfire()
Called prefire()
Called fire()
Checking for deadlock:
There are 3 Blocked actors, 0 Stopped actors, and 4 active threads.
Waiting for actors to stop.
-- Read input: 1.0, which is expected to match: 1.0
Called prefire()
Called fire()
Sent output token with value 1.0
Next port to read input from is inputA
Called postfire()
Called prefire()
Called fire()
Read input token from inputA with value 2.0
Sent output token with value 1.5
Next port to read input from is inputB
Called postfire()
Called prefire()
Called fire()
Checking for deadlock:
There are 0 Blocked actors, 0 Stopped actors, and 4 active threads.
Waiting for actors to stop.
Called postfire()
Called prefire()
Called fire()
-- Read input: 1.5, which is expected to match: 1.5
Called prefire()
Called fire()
Called postfire()
Called prefire()
Called fire()
Read input token from inputB with value 3.0
Sent output token with value 2.0
Next port to read input from is inputA
Called postfire()
Called prefire()
Called fire()
Read input token from inputA with value 3.0
Checking for deadlock:
There are 2 Blocked actors, 0 Stopped actors, and 4 active threads.
Waiting for actors to stop.
Called postfire()
Called prefire()
Called fire()
-- Read input: 2.0, which is expected to match: 2.0
Called prefire()
Called fire()
Checking for deadlock:
There are 3 Blocked actors, 0 Stopped actors, and 4 active threads.
Waiting for actors to stop.
-- Read input: 3.0, which is expected to match: 3.0
Called prefire()
Called fire()
Checking for deadlock:
There are 3 Blocked actors, 0 Stopped actors, and 4 active threads.
Waiting for actors to stop.
Sent output token with value 3.0
Next port to read input from is inputB
Called postfire()
Called prefire()
Called fire()
Checking for deadlock:
There are 2 Blocked actors, 0 Stopped actors, and 4 active threads.
Waiting for actors to stop.
Called postfire()
Called prefire()
Called fire()
Checking for deadlock:
There are 3 Blocked actors, 0 Stopped actors, and 4 active threads.
Waiting for actors to stop.
Read input token from inputB with value 4.5
-- Read input: 3.0, which is expected to match: 3.0
Called prefire()
Called fire()
Checking for deadlock:
There are 3 Blocked actors, 0 Stopped actors, and 4 active threads.
Waiting for actors to stop.
Sent output token with value 3.0
Next port to read input from is inputA
Called postfire()
Called prefire()
Called fire()
Called postfire()
Called prefire()
Called fire()
Checking for deadlock:
There are 3 Blocked actors, 0 Stopped actors, and 4 active threads.
Waiting for actors to stop.
Read input token from inputA with value 4.0
-- Read input: 4.0, which is expected to match: 4.0
Called prefire()
Called fire()
Past the end of training data. Read and discard all inputs.
Checking for deadlock:
There are 3 Blocked actors, 0 Stopped actors, and 4 active threads.
Waiting for actors to stop.
Sent output token with value 4.0
Next port to read input from is inputA
Called postfire()
Called prefire()
Called fire()
Called postfire()
Called prefire()
Called fire()
Checking for deadlock:
There are 3 Blocked actors, 0 Stopped actors, and 4 active threads.
Waiting for actors to stop.
Read input token from inputA with value 5.0
Called prefire()
Called fire()
Past the end of training data. Read and discard all inputs.
Checking for deadlock:
There are 3 Blocked actors, 0 Stopped actors, and 4 active threads.
Waiting for actors to stop.
Sent output token with value 4.5
Next port to read input from is inputB
Called postfire()
Called prefire()
Called fire()
Checking for deadlock:
There are 2 Blocked actors, 0 Stopped actors, and 4 active threads.
Waiting for actors to stop.
Called postfire()
Called prefire()
Called fire()
Checking for deadlock:
There are 3 Blocked actors, 0 Stopped actors, and 4 active threads.
Waiting for actors to stop.
Read input token from inputB with value 6.0
Checking for deadlock:
There are 2 Blocked actors, 0 Stopped actors, and 4 active threads.
Waiting for actors to stop.
Called prefire()
Called fire()
Past the end of training data. Read and discard all inputs.
Checking for deadlock:
There are 3 Blocked actors, 0 Stopped actors, and 4 active threads.
Waiting for actors to stop.
Sent output token with value 5.0
Next port to read input from is inputA
Called postfire()
Called prefire()
Called fire()
Called postfire()
Called prefire()
Called fire()
Checking for deadlock:
There are 3 Blocked actors, 0 Stopped actors, and 4 active threads.
Waiting for actors to stop.
Read input token from inputA with value 6.0
Called prefire()
Called fire()
Past the end of training data. Read and discard all inputs.
Checking for deadlock:
There are 3 Blocked actors, 0 Stopped actors, and 4 active threads.
Waiting for actors to stop.
Sent output token with value 6.0
Next port to read input from is inputB
Called postfire()
Called prefire()
Called fire()
Checking for deadlock:
There are 2 Blocked actors, 0 Stopped actors, and 4 active threads.
Waiting for actors to stop.
Called postfire()
Called prefire()
Called fire()
Checking for deadlock:
There are 3 Blocked actors, 0 Stopped actors, and 4 active threads.
Waiting for actors to stop.
Read input token from inputB with value 7.5
Checking for deadlock:
There are 2 Blocked actors, 0 Stopped actors, and 4 active threads.
Waiting for actors to stop.
Called prefire()
Called fire()
Past the end of training data. Read and discard all inputs.
Checking for deadlock:
There are 3 Blocked actors, 0 Stopped actors, and 4 active threads.
Waiting for actors to stop.
Sent output token with value 6.0
Next port to read input from is inputA
Called postfire()
Called prefire()
Called fire()
Called postfire()
Called prefire()
Called fire()
Checking for deadlock:
There are 3 Blocked actors, 0 Stopped actors, and 4 active threads.
Waiting for actors to stop.
Read input token from inputA with value 7.0
Called prefire()
Called fire()
Past the end of training data. Read and discard all inputs.
Checking for deadlock:
There are 3 Blocked actors, 0 Stopped actors, and 4 active threads.
Waiting for actors to stop.
Sent output token with value 7.0
Next port to read input from is inputA
Called postfire()
Called prefire()
Called fire()
-- Thread wrapup() called.
Called wrapup()
Thread .top.Ramp is exiting.
-- Thread stopped.
Read input token from inputA with value 8.0
Sent output token with value 7.5
Next port to read input from is inputB
Called postfire()
Called prefire()
Called fire()
Read input token from inputB with value 9.0
Checking for deadlock:
There are 1 Blocked actors, 0 Stopped actors, and 3 active threads.
Waiting for actors to stop.
Called postfire()
Called prefire()
Called fire()
Called prefire()
Called fire()
Past the end of training data. Read and discard all inputs.
Checking for deadlock:
There are 2 Blocked actors, 0 Stopped actors, and 3 active threads.
Waiting for actors to stop.
Called prefire()
Called fire()
Past the end of training data. Read and discard all inputs.
Checking for deadlock:
There are 2 Blocked actors, 0 Stopped actors, and 3 active threads.
Waiting for actors to stop.
Sent output token with value 8.0
Next port to read input from is inputA
Called postfire()
Called prefire()
Called fire()
Read input token from inputA with value 9.0
Called prefire()
Called fire()
Past the end of training data. Read and discard all inputs.
Checking for deadlock:
There are 2 Blocked actors, 0 Stopped actors, and 3 active threads.
Waiting for actors to stop.
Sent output token with value 9.0
Next port to read input from is inputB
Called postfire()
Called prefire()
Called fire()
Called postfire()
Called prefire()
Called fire()
Checking for deadlock:
There are 2 Blocked actors, 0 Stopped actors, and 3 active threads.
Waiting for actors to stop.
Read input token from inputB with value 10.5
Called prefire()
Called fire()
Past the end of training data. Read and discard all inputs.
Checking for deadlock:
There are 2 Blocked actors, 0 Stopped actors, and 3 active threads.
Waiting for actors to stop.
Sent output token with value 9.0
Next port to read input from is inputA
Called postfire()
Called prefire()
Called fire()
Checking for deadlock:
There are 3 Blocked actors, 0 Stopped actors, and 3 active threads.
Actors have stopped.
Checking for deadlock:
There are 3 Blocked actors, 0 Stopped actors, and 3 active threads.
Deadlock detected.
Resolving Deadlock
Checking for deadlock:
There are 3 Blocked actors, 0 Stopped actors, and 3 active threads.
Artificial Deadlock - increasing queue capacity.
increasing the capacity of receiver ptolemy.actor.TypedIOPort {.top.OrderedMerge.inputB} to 2
-- Thread wrapup() called.
Called wrapup()
Thread .top.Ramp2 is exiting.
-- Thread stopped.
Director: Called postfire().
Called postfire().
_stopRequested = false
_stopFireRequested = false
Returning from postfire(): true
Called fire().
Checking for deadlock:
There are 2 Blocked actors, 0 Stopped actors, and 2 active threads.
Actors have stopped.
Checking for deadlock:
There are 2 Blocked actors, 0 Stopped actors, and 2 active threads.
Deadlock detected.
Resolving Deadlock
Checking for deadlock:
There are 2 Blocked actors, 0 Stopped actors, and 2 active threads.
Deadlock detected: no processes blocked on write, but some are blocked on read.
Called postfire().
_stopRequested = false
_stopFireRequested = false
Returning from postfire(): false
Finished deactivating branches.
Called wrapup().
-- Thread wrapup() called.
Called wrapup()
Thread .top.Test is exiting.
-- Thread stopped.
-- Blocked Receiver call threw TerminateProcessException.
-- Thread wrapup() called.
Called wrapup()
Thread .top.OrderedMerge is exiting.
-- Thread stopped.
-- Blocked Receiver call threw TerminateProcessException.
83 ms. Memory: 120832K Free: 84298K (70%)
.top. Preinitializing ...
Invoking preinitialize():  .top.OrderedMerge
Called preinitialize()
Invoking preinitialize():  .top.Ramp
Called preinitialize()
Invoking preinitialize():  .top.Ramp2
Called preinitialize()
Invoking preinitialize():  .top.Test
Called preinitialize()
.top. Finished preinitialize().
Called initialize().
Invoking initialize():  .top.OrderedMerge
Initializing actor: .top.OrderedMerge
Adding a thread: .top.OrderedMerge
Invoking initialize():  .top.Ramp
Initializing actor: .top.Ramp
Adding a thread: .top.Ramp
Invoking initialize():  .top.Ramp2
Initializing actor: .top.Ramp2
Adding a thread: .top.Ramp2
Invoking initialize():  .top.Test
Initializing actor: .top.Test
Adding a thread: .top.Test
-- Starting thread.
Called initialize()
Called prefire()
Called fire()
Called postfire()
Called prefire()
Called fire()
-- Starting thread.
Called initialize()
Called prefire()
Called fire()
Called postfire()
Called prefire()
Called fire()
Called fire().
Checking for deadlock:
There are 2 Blocked actors, 0 Stopped actors, and 4 active threads.
Waiting for actors to stop.
-- Starting thread.
Called initialize()
Called prefire()
Called fire()
Checking for deadlock:
There are 3 Blocked actors, 0 Stopped actors, and 4 active threads.
Waiting for actors to stop.
-- Starting thread.
Called initialize()
Called prefire()
Called fire()
Checking for deadlock:
There are 2 Blocked actors, 0 Stopped actors, and 4 active threads.
Waiting for actors to stop.
Called postfire()
Called prefire()
Called fire()
Checking for deadlock:
There are 3 Blocked actors, 0 Stopped actors, and 4 active threads.
Waiting for actors to stop.
Read input token from inputA with value 0.0
Next port to read input from is inputB
Called postfire()
Called prefire()
Called fire()
Called postfire()
Called prefire()
Called fire()
Checking for deadlock:
There are 3 Blocked actors, 0 Stopped actors, and 4 active threads.
Waiting for actors to stop.
Read input token from inputB with value 0.0
-- Read input: 0.0, which is expected to match: 0.0
Called prefire()
Called fire()
Checking for deadlock:
There are 3 Blocked actors, 0 Stopped actors, and 4 active threads.
Waiting for actors to stop.
Sent output token with value 0.0
Next port to read input from is inputA
Called postfire()
Called prefire()
Called fire()
Checking for deadlock:
There are 2 Blocked actors, 0 Stopped actors, and 4 active threads.
Waiting for actors to stop.
Called postfire()
Called prefire()
Called fire()
Checking for deadlock:
There are 3 Blocked actors, 0 Stopped actors, and 4 active threads.
Waiting for actors to stop.
Read input token from inputA with value 1.0
Checking for deadlock:
There are 2 Blocked actors, 0 Stopped actors, and 4 active threads.
Waiting for actors to stop.
-- Read input: 0.0, which is expected to match: 0.0
Called prefire()
Called fire()
Checking for deadlock:
There are 3 Blocked actors, 0 Stopped actors, and 4 active threads.
Waiting for actors to stop.
Sent output token with value 0.0
Next port to read input from is inputB
Called postfire()
Called prefire()
Called fire()
Checking for deadlock:
There are 2 Blocked actors, 0 Stopped actors, and 4 active threads.
Waiting for actors to stop.
Called postfire()
Called prefire()
Called fire()
Checking for deadlock:
There are 3 Blocked actors, 0 Stopped actors, and 4 active threads.
Waiting for actors to stop.
Read input token from inputB with value 1.5
Checking for deadlock:
There are 2 Blocked actors, 0 Stopped actors, and 4 active threads.
Waiting for actors to stop.
-- Read input: 1.0, which is expected to match: 1.0
Called prefire()
Called fire()
Checking for deadlock:
There are 3 Blocked actors, 0 Stopped actors, and 4 active threads.
Waiting for actors to stop.
Sent output token with value 1.0
Next port to read input from is inputA
Called postfire()
Called prefire()
Called fire()
Checking for deadlock:
There are 2 Blocked actors, 0 Stopped actors, and 4 active threads.
Waiting for actors to stop.
Called postfire()
Called prefire()
Called fire()
Checking for deadlock:
There are 3 Blocked actors, 0 Stopped actors, and 4 active threads.
Waiting for actors to stop.
Read input token from inputA with value 2.0
Checking for deadlock:
There are 2 Blocked actors, 0 Stopped actors, and 4 active threads.
Waiting for actors to stop.
-- Read input: 1.5, which is expected to match: 1.5
Called prefire()
Called fire()
Checking for deadlock:
There are 3 Blocked actors, 0 Stopped actors, and 4 active threads.
Waiting for actors to stop.
Sent output token with value 1.5
Next port to read input from is inputB
Called postfire()
Called prefire()
Called fire()
Called postfire()
Called prefire()
Called fire()
Checking for deadlock:
There are 3 Blocked actors, 0 Stopped actors, and 4 active threads.
Waiting for actors to stop.
Read input token from inputB with value 3.0
-- Read input: 2.0, which is expected to match: 2.0
Called prefire()
Called fire()
Checking for deadlock:
There are 3 Blocked actors, 0 Stopped actors, and 4 active threads.
Waiting for actors to stop.
Sent output token with value 2.0
Next port to read input from is inputA
Called postfire()
Called prefire()
Called fire()
Checking for deadlock:
There are 2 Blocked actors, 0 Stopped actors, and 4 active threads.
Waiting for actors to stop.
Called postfire()
Called prefire()
Called fire()
Checking for deadlock:
There are 3 Blocked actors, 0 Stopped actors, and 4 active threads.
Waiting for actors to stop.
Read input token from inputA with value 3.0
Checking for deadlock:
There are 2 Blocked actors, 0 Stopped actors, and 4 active threads.
Waiting for actors to stop.
-- Read input: 3.0, which is expected to match: 3.0
Called prefire()
Called fire()
Checking for deadlock:
There are 3 Blocked actors, 0 Stopped actors, and 4 active threads.
Waiting for actors to stop.
Sent output token with value 3.0
Next port to read input from is inputB
Called postfire()
Called prefire()
Called fire()
Called postfire()
Called prefire()
Called fire()
Checking for deadlock:
There are 3 Blocked actors, 0 Stopped actors, and 4 active threads.
Waiting for actors to stop.
Read input token from inputB with value 4.5
-- Read input: 3.0, which is expected to match: 3.0
Called prefire()
Called fire()
Checking for deadlock:
There are 3 Blocked actors, 0 Stopped actors, and 4 active threads.
Waiting for actors to stop.
Sent output token with value 3.0
Next port to read input from is inputA
Called postfire()
Called prefire()
Called fire()
Checking for deadlock:
There are 2 Blocked actors, 0 Stopped actors, and 4 active threads.
Waiting for actors to stop.
Called postfire()
Called prefire()
Called fire()
Checking for deadlock:
There are 3 Blocked actors, 0 Stopped actors, and 4 active threads.
Waiting for actors to stop.
Read input token from inputA with value 4.0
Checking for deadlock:
There are 2 Blocked actors, 0 Stopped actors, and 4 active threads.
Waiting for actors to stop.
-- Read input: 4.0, which is expected to match: 4.0
Called prefire()
Called fire()
Past the end of training data. Read and discard all inputs.
Checking for deadlock:
There are 3 Blocked actors, 0 Stopped actors, and 4 active threads.
Waiting for actors to stop.
Sent output token with value 4.0
Next port to read input from is inputA
Called postfire()
Called prefire()
Called fire()
Checking for deadlock:
There are 2 Blocked actors, 0 Stopped actors, and 4 active threads.
Waiting for actors to stop.
Called postfire()
Called prefire()
Called fire()
Checking for deadlock:
There are 3 Blocked actors, 0 Stopped actors, and 4 active threads.
Waiting for actors to stop.
Read input token from inputA with value 5.0
Checking for deadlock:
There are 2 Blocked actors, 0 Stopped actors, and 4 active threads.
Waiting for actors to stop.
Called prefire()
Called fire()
Past the end of training data. Read and discard all inputs.
Checking for deadlock:
There are 3 Blocked actors, 0 Stopped actors, and 4 active threads.
Waiting for actors to stop.
Sent output token with value 4.5
Next port to read input from is inputB
Called postfire()
Called prefire()
Called fire()
Called postfire()
Called prefire()
Called fire()
Checking for deadlock:
There are 3 Blocked actors, 0 Stopped actors, and 4 active threads.
Waiting for actors to stop.
Read input token from inputB with value 6.0
Called prefire()
Called fire()
Past the end of training data. Read and discard all inputs.
Checking for deadlock:
There are 3 Blocked actors, 0 Stopped actors, and 4 active threads.
Waiting for actors to stop.
Sent output token with value 5.0
Next port to read input from is inputA
Called postfire()
Called prefire()
Called fire()
Checking for deadlock:
There are 2 Blocked actors, 0 Stopped actors, and 4 active threads.
Waiting for actors to stop.
Called postfire()
Called prefire()
Called fire()
Checking for deadlock:
There are 3 Blocked actors, 0 Stopped actors, and 4 active threads.
Waiting for actors to stop.
Read input token from inputA with value 6.0
Checking for deadlock:
There are 2 Blocked actors, 0 Stopped actors, and 4 active threads.
Waiting for actors to stop.
Called prefire()
Called fire()
Past the end of training data. Read and discard all inputs.
Checking for deadlock:
There are 3 Blocked actors, 0 Stopped actors, and 4 active threads.
Waiting for actors to stop.
Sent output token with value 6.0
Next port to read input from is inputB
Called postfire()
Called prefire()
Called fire()
Called postfire()
Called prefire()
Called fire()
Checking for deadlock:
There are 3 Blocked actors, 0 Stopped actors, and 4 active threads.
Waiting for actors to stop.
Read input token from inputB with value 7.5
Called prefire()
Called fire()
Past the end of training data. Read and discard all inputs.
Checking for deadlock:
There are 3 Blocked actors, 0 Stopped actors, and 4 active threads.
Waiting for actors to stop.
Sent output token with value 6.0
Next port to read input from is inputA
Called postfire()
Called prefire()
Called fire()
Checking for deadlock:
There are 2 Blocked actors, 0 Stopped actors, and 4 active threads.
Waiting for actors to stop.
Called postfire()
Called prefire()
Called fire()
Checking for deadlock:
There are 3 Blocked actors, 0 Stopped actors, and 4 active threads.
Waiting for actors to stop.
Read input token from inputA with value 7.0
Checking for deadlock:
There are 2 Blocked actors, 0 Stopped actors, and 4 active threads.
Waiting for actors to stop.
Called prefire()
Called fire()
Past the end of training data. Read and discard all inputs.
Checking for deadlock:
There are 3 Blocked actors, 0 Stopped actors, and 4 active threads.
Waiting for actors to stop.
Sent output token with value 7.0
Next port to read input from is inputA
Called postfire()
Called prefire()
Called fire()
Checking for deadlock:
There are 2 Blocked actors, 0 Stopped actors, and 4 active threads.
Waiting for actors to stop.
-- Thread wrapup() called.
Called wrapup()
Thread .top.Ramp is exiting.
-- Thread stopped.
Checking for deadlock:
There are 2 Blocked actors, 0 Stopped actors, and 3 active threads.
Waiting for actors to stop.
Read input token from inputA with value 8.0
Called prefire()
Called fire()
Past the end of training data. Read and discard all inputs.
Checking for deadlock:
There are 2 Blocked actors, 0 Stopped actors, and 3 active threads.
Waiting for actors to stop.
Sent output token with value 7.5
Next port to read input from is inputB
Called postfire()
Called prefire()
Called fire()
Checking for deadlock:
There are 1 Blocked actors, 0 Stopped actors, and 3 active threads.
Waiting for actors to stop.
Called postfire()
Called prefire()
Called fire()
Checking for deadlock:
There are 2 Blocked actors, 0 Stopped actors, and 3 active threads.
Waiting for actors to stop.
Read input token from inputB with value 9.0
Checking for deadlock:
There are 1 Blocked actors, 0 Stopped actors, and 3 active threads.
Waiting for actors to stop.
Called prefire()
Called fire()
Past the end of training data. Read and discard all inputs.
Checking for deadlock:
There are 2 Blocked actors, 0 Stopped actors, and 3 active threads.
Waiting for actors to stop.
Sent output token with value 8.0
Next port to read input from is inputA
Called postfire()
Called prefire()
Called fire()
Read input token from inputA with value 9.0
Called prefire()
Called fire()
Past the end of training data. Read and discard all inputs.
Checking for deadlock:
There are 2 Blocked actors, 0 Stopped actors, and 3 active threads.
Waiting for actors to stop.
Sent output token with value 9.0
Next port to read input from is inputB
Called postfire()
Called prefire()
Called fire()
Called postfire()
Called prefire()
Called fire()
Checking for deadlock:
There are 2 Blocked actors, 0 Stopped actors, and 3 active threads.
Waiting for actors to stop.
Read input token from inputB with value 10.5
Called prefire()
Called fire()
Past the end of training data. Read and discard all inputs.
Checking for deadlock:
There are 2 Blocked actors, 0 Stopped actors, and 3 active threads.
Waiting for actors to stop.
Sent output token with value 9.0
Next port to read input from is inputA
Called postfire()
Called prefire()
Called fire()
Checking for deadlock:
There are 3 Blocked actors, 0 Stopped actors, and 3 active threads.
Actors have stopped.
Checking for deadlock:
There are 3 Blocked actors, 0 Stopped actors, and 3 active threads.
Deadlock detected.
Resolving Deadlock
Checking for deadlock:
There are 3 Blocked actors, 0 Stopped actors, and 3 active threads.
Artificial Deadlock - increasing queue capacity.
increasing the capacity of receiver ptolemy.actor.TypedIOPort {.top.OrderedMerge.inputB} to 2
Director: Called postfire().
Called postfire().
_stopRequested = false
_stopFireRequested = false
Returning from postfire(): true
Called fire().
Checking for deadlock:
There are 2 Blocked actors, 0 Stopped actors, and 3 active threads.
Waiting for actors to stop.
-- Thread wrapup() called.
Called wrapup()
Thread .top.Ramp2 is exiting.
-- Thread stopped.
Checking for deadlock:
There are 2 Blocked actors, 0 Stopped actors, and 2 active threads.
Actors have stopped.
Checking for deadlock:
There are 2 Blocked actors, 0 Stopped actors, and 2 active threads.
Deadlock detected.
Resolving Deadlock
Checking for deadlock:
There are 2 Blocked actors, 0 Stopped actors, and 2 active threads.
Deadlock detected: no processes blocked on write, but some are blocked on read.
Called postfire().
_stopRequested = false
_stopFireRequested = false
Returning from postfire(): false
Finished deactivating branches.
Called wrapup().
-- Thread wrapup() called.
Called wrapup()
-- Thread wrapup() called.
Called wrapup()
Thread .top.OrderedMerge is exiting.
-- Thread stopped.
-- Blocked Receiver call threw TerminateProcessException.
Thread .top.Test is exiting.
-- Thread stopped.
-- Blocked Receiver call threw TerminateProcessException.
56 ms. Memory: 120832K Free: 82764K (68%)
/home/travis/build/icyphy/ptII/ptolemy/actor/lib/test/Publisher.tcl
7 ms. Memory: 120832K Free: 76620K (63%)
4 ms. Memory: 120832K Free: 70986K (59%)
3 ms. Memory: 120832K Free: 67404K (56%)
4 ms. Memory: 120832K Free: 66380K (55%)
3 ms. Memory: 120832K Free: 65836K (54%)
4 ms. Memory: 120832K Free: 64836K (54%)
2 ms. Memory: 120832K Free: 63818K (53%)
4 ms. Memory: 120832K Free: 63308K (52%)
26 ms. Memory: 120832K Free: 96011K (79%)
5 ms. Memory: 120832K Free: 91917K (76%)
8 ms. Memory: 120832K Free: 91389K (76%)
6 ms. Memory: 120832K Free: 88845K (74%)
14 ms. Memory: 120832K Free: 81163K (67%)
7 ms. Memory: 120832K Free: 71947K (60%)
22 ms. Memory: 146432K Free: 126704K (87%)
/home/travis/build/icyphy/ptII/ptolemy/actor/lib/test/Pulse.tcl
5 ms. Memory: 146432K Free: 89330K (61%)
8 ms. Memory: 146432K Free: 88802K (61%)
2 ms. Memory: 146432K Free: 88306K (60%)
1 ms. Memory: 146432K Free: 87786K (60%)
2 ms. Memory: 146432K Free: 87282K (60%)
16 ms. Memory: 146432K Free: 86258K (59%)
9 ms. Memory: 146432K Free: 85234K (58%)
6 ms. Memory: 146432K Free: 84210K (58%)
2 ms. Memory: 146432K Free: 83696K (57%)
/home/travis/build/icyphy/ptII/ptolemy/actor/lib/test/Ramp.tcl
8 ms. Memory: 146432K Free: 81634K (56%)
3 ms. Memory: 146432K Free: 81138K (55%)
5 ms. Memory: 146432K Free: 80114K (55%)
2 ms. Memory: 146432K Free: 79586K (54%)
6 ms. Memory: 146432K Free: 78576K (54%)
8 ms. Memory: 146432K Free: 77552K (53%)
7 ms. Memory: 146432K Free: 77042K (53%)
5 actors
6000 microseconds per iteration to create
13 ms. Memory: 146432K Free: 73970K (51%)
11 ms. Memory: 146432K Free: 129030K (88%)
2 ms. Memory: 146432K Free: 128535K (88%)
2 ms. Memory: 146432K Free: 128021K (87%)
50 actors
30000 microseconds per iteration to create
26 ms. Memory: 146432K Free: 112151K (77%)
6 ms. Memory: 146432K Free: 111127K (76%)
23 ms. Memory: 146432K Free: 110103K (75%)
14 ms. Memory: 146432K Free: 109079K (74%)
500 actors
1811000 microseconds per iteration to create
296 ms. Memory: 146432K Free: 74042K (51%)
52 ms. Memory: 146432K Free: 68412K (47%)
66 ms. Memory: 146432K Free: 63292K (43%)
54 ms. Memory: 146432K Free: 58172K (40%)
/home/travis/build/icyphy/ptII/ptolemy/actor/lib/test/RampContinuous.tcl
9 ms. Memory: 146432K Free: 56627K (39%)
/home/travis/build/icyphy/ptII/ptolemy/actor/lib/test/RecordAssembler.tcl
31 ms. Memory: 176128K Free: 153244K (87%)
4 ms. Memory: 176128K Free: 152220K (86%)
/home/travis/build/icyphy/ptII/ptolemy/actor/lib/test/RecordDisassembler.tcl
8 ms. Memory: 176128K Free: 150668K (86%)
3 ms. Memory: 176128K Free: 149658K (85%)
4 ms. Memory: 176128K Free: 148634K (84%)
/home/travis/build/icyphy/ptII/ptolemy/actor/lib/test/Scale.tcl
4 ms. Memory: 176128K Free: 146580K (83%)
1 ms. Memory: 176128K Free: 146076K (83%)
2 ms. Memory: 176128K Free: 145052K (82%)
3 ms. Memory: 176128K Free: 144508K (82%)
3 ms. Memory: 176128K Free: 143500K (81%)
/home/travis/build/icyphy/ptII/ptolemy/actor/lib/test/SequentialClock.tcl
preinitializing
resolving types
initializing
executing number 1
wrapping up
idle
4 ms. Memory: 176128K Free: 142484K (81%)
Completed execution with 5 iterations
preinitializing
resolving types
initializing
executing number 1
wrapping up
idle
2 ms. Memory: 176128K Free: 141452K (80%)
Completed execution with 5 iterations
preinitializing
resolving types
initializing
executing number 1
wrapping up
idle
3 ms. Memory: 176128K Free: 141452K (80%)
Completed execution with 5 iterations
/home/travis/build/icyphy/ptII/ptolemy/actor/lib/test/SetVariable.tcl
5 ms. Memory: 176128K Free: 139418K (79%)


==== $PTII/ptolemy/actor/lib/test/SetVariable.tcl: SetVariable-3.1 changeFailed
==== Contents of test case:

    #Uses 2.1 above
    jdkCaptureErr {
        # This test was failing if we ran Exit.tcl and then this test.
        # MessageHandler.error() now actually throws the Exception.
	catch {$setVariable changeFailed [java::null]  [java::new Exception {Test exception for SetVariable.changeFailed()}]} errMsg
    } results
    list [string range $results 0 89] "\n" $errMsg

==== Result was:
{java.lang.Exception: Test exception for SetVariable.changeFailed()
	at java.base/jdk.inter} {
} {java.lang.RuntimeException: java.lang.Exception: Test exception for SetVariable.changeFailed()}
---- Result should have been:
{Failed to set variable.
java.lang.Exception: Test exception for SetVariable.changeFailed()} {
} {java.lang.RuntimeException: java.lang.Exception: Test exception for SetVariable.changeFailed()}
---- SetVariable-3.1 FAILED
/home/travis/build/icyphy/ptII/ptolemy/actor/lib/test/Sinewave.tcl
/home/travis/build/icyphy/ptII/ptolemy/actor/lib/test/SubscriptionAggregator.tcl
6 ms. Memory: 176128K Free: 127130K (72%)
12 ms. Memory: 176128K Free: 126620K (72%)
1 ms. Memory: 176128K Free: 126076K (72%)
1 ms. Memory: 176128K Free: 125596K (71%)
3 ms. Memory: 176128K Free: 122010K (69%)
10 ms. Memory: 176128K Free: 119962K (68%)
...............................................................1091 ms. Memory: 278528K Free: 211155K (76%)
/home/travis/build/icyphy/ptII/ptolemy/actor/lib/test/Test.tcl
 The next command will produce a warning about training mode,
   which may be ignored.
6 ms. Memory: 278528K Free: 209109K (75%)
7 ms. Memory: 278528K Free: 208085K (75%)
2 ms. Memory: 278528K Free: 207564K (75%)
2 ms. Memory: 278528K Free: 207061K (74%)
9 ms. Memory: 278528K Free: 206532K (74%)
9 ms. Memory: 278528K Free: 205013K (74%)
22 ms. Memory: 278528K Free: 203989K (73%)
 The next command will produce a warning about training mode,
   which may be ignored.
5 ms. Memory: 278528K Free: 201412K (72%)
 The next command will produce a warning about training mode,
   which may be ignored.
9 ms. Memory: 278528K Free: 200388K (72%)
1 ms. Memory: 278528K Free: 199893K (72%)
2 ms. Memory: 278528K Free: 199372K (72%)
2 ms. Memory: 278528K Free: 198869K (71%)
14 ms. Memory: 278528K Free: 197845K (71%)
7 ms. Memory: 278528K Free: 193749K (70%)
/home/travis/build/icyphy/ptII/ptolemy/actor/lib/test/TestExceptionHandler.tcl
 The next command will produce a warning about training mode,
   which may be ignored.
4 ms. Memory: 278528K Free: 192725K (69%)
1 ms. Memory: 278528K Free: 192196K (69%)
1 ms. Memory: 278528K Free: 191701K (69%)
/home/travis/build/icyphy/ptII/ptolemy/actor/lib/test/UnionDisassembler.tcl
28 ms. Memory: 278528K Free: 184533K (66%)
/home/travis/build/icyphy/ptII/ptolemy/actor/lib/test/VariableClock.tcl
preinitializing
resolving types
initializing
executing number 1
wrapping up
idle
10 ms. Memory: 278528K Free: 182485K (66%)
Completed execution with 11 iterations
preinitializing
resolving types
initializing
executing number 1
wrapping up
idle
10 ms. Memory: 278528K Free: 180940K (65%)
Completed execution with 10 iterations
08/10/19 05:26:57
Failed: 1  Total Tests: 234  ((Passed: 233, Newly Passed: 0)  Known Failed: 0) /home/travis/build/icyphy/ptII/ptolemy/actor/lib/test
----------------- testing (KnownFailure) /home/travis/build/icyphy/ptII/ptolemy/actor/lib/test/auto/knownFailedTests/PublisherPortToplevelSubscriber.xml
1 ms. Memory: 278528K Free: 177875K (64%)
Known Failure: java.lang.reflect.InvocationTargetException
----------------- testing (KnownFailure) /home/travis/build/icyphy/ptII/ptolemy/actor/lib/test/auto/knownFailedTests/PublisherSubscriberPortToplevel.xml
0 ms. Memory: 278528K Free: 173269K (62%)
Known Failure: java.lang.reflect.InvocationTargetException
----------------- testing (KnownFailure) /home/travis/build/icyphy/ptII/ptolemy/actor/lib/test/auto/knownFailedTests/PublisherSubscriptionAggregatorPort.xml
0 ms. Memory: 278528K Free: 168659K (61%)
Known Failure: java.lang.reflect.InvocationTargetException
----------------- testing (KnownFailure) /home/travis/build/icyphy/ptII/ptolemy/actor/lib/test/auto/knownFailedTests/sizedarray3.xml
12 ms. Memory: 278528K Free: 164563K (59%)
Known Failure: java.lang.reflect.InvocationTargetException
No auto/linux-amd64/*.xml tests in /home/travis/build/icyphy/ptII/ptolemy/actor/lib/test
AutoTests.java: About to close Vertx.
AutoTests.java: Vertx closed.

===========================================================================================
----------------- testing Sat Aug 10 05:26:57 UTC 2019 /home/travis/build/icyphy/ptII/ptolemy/actor/lib/test/auto/AbsoluteValue.xml
----------------- Instantiating /home/travis/build/icyphy/ptII/ptolemy/actor/lib/test/auto/AbsoluteValue.xml
8 ms. Memory: 278528K Free: 141525K (51%)
----------------- Invoking toplevel() on ptolemy.moml.MoMLSimpleApplication@5b1159fb
----------------- Done invoking toplevel() on ptolemy.moml.MoMLSimpleApplication@5b1159fb
reloadAllAccessors: .AbsoluteValue

===========================================================================================
----------------- testing Sat Aug 10 05:26:57 UTC 2019 /home/travis/build/icyphy/ptII/ptolemy/actor/lib/test/auto/AbsoluteValue2.xml
----------------- Instantiating /home/travis/build/icyphy/ptII/ptolemy/actor/lib/test/auto/AbsoluteValue2.xml
17 ms. Memory: 278528K Free: 134867K (48%)
----------------- Invoking toplevel() on ptolemy.moml.MoMLSimpleApplication@3a61d07a
----------------- Done invoking toplevel() on ptolemy.moml.MoMLSimpleApplication@3a61d07a
reloadAllAccessors: .AbsoluteValue2

===========================================================================================
----------------- testing Sat Aug 10 05:26:57 UTC 2019 /home/travis/build/icyphy/ptII/ptolemy/actor/lib/test/auto/Accumulator.xml
----------------- Instantiating /home/travis/build/icyphy/ptII/ptolemy/actor/lib/test/auto/Accumulator.xml
7 ms. Memory: 278528K Free: 128213K (46%)
----------------- Invoking toplevel() on ptolemy.moml.MoMLSimpleApplication@29d924fb
----------------- Done invoking toplevel() on ptolemy.moml.MoMLSimpleApplication@29d924fb
reloadAllAccessors: .Accumulator

===========================================================================================
----------------- testing Sat Aug 10 05:26:57 UTC 2019 /home/travis/build/icyphy/ptII/ptolemy/actor/lib/test/auto/Accumulator2.xml
----------------- Instantiating /home/travis/build/icyphy/ptII/ptolemy/actor/lib/test/auto/Accumulator2.xml
7 ms. Memory: 278528K Free: 123093K (44%)
----------------- Invoking toplevel() on ptolemy.moml.MoMLSimpleApplication@3d20f3d8
----------------- Done invoking toplevel() on ptolemy.moml.MoMLSimpleApplication@3d20f3d8
reloadAllAccessors: .Accumulator2

===========================================================================================
----------------- testing Sat Aug 10 05:26:58 UTC 2019 /home/travis/build/icyphy/ptII/ptolemy/actor/lib/test/auto/Accumulator3.xml
----------------- Instantiating /home/travis/build/icyphy/ptII/ptolemy/actor/lib/test/auto/Accumulator3.xml
3 ms. Memory: 278528K Free: 118483K (43%)
----------------- Invoking toplevel() on ptolemy.moml.MoMLSimpleApplication@57b0113a
----------------- Done invoking toplevel() on ptolemy.moml.MoMLSimpleApplication@57b0113a
reloadAllAccessors: .Accumulator3

===========================================================================================
----------------- testing Sat Aug 10 05:26:58 UTC 2019 /home/travis/build/icyphy/ptII/ptolemy/actor/lib/test/auto/ArrayAppend.xml
----------------- Instantiating /home/travis/build/icyphy/ptII/ptolemy/actor/lib/test/auto/ArrayAppend.xml
12 ms. Memory: 278528K Free: 112853K (41%)
----------------- Invoking toplevel() on ptolemy.moml.MoMLSimpleApplication@4fa01bab
----------------- Done invoking toplevel() on ptolemy.moml.MoMLSimpleApplication@4fa01bab
reloadAllAccessors: .ArrayAppend

===========================================================================================
----------------- testing Sat Aug 10 05:26:58 UTC 2019 /home/travis/build/icyphy/ptII/ptolemy/actor/lib/test/auto/ArrayAppend2.xml
----------------- Instantiating /home/travis/build/icyphy/ptII/ptolemy/actor/lib/test/auto/ArrayAppend2.xml
417 ms. Memory: 278528K Free: 189326K (68%)
----------------- Invoking toplevel() on ptolemy.moml.MoMLSimpleApplication@62c6ef09
----------------- Done invoking toplevel() on ptolemy.moml.MoMLSimpleApplication@62c6ef09
reloadAllAccessors: .ArrayAppend2

===========================================================================================
----------------- testing Sat Aug 10 05:26:58 UTC 2019 /home/travis/build/icyphy/ptII/ptolemy/actor/lib/test/auto/ArrayAppend3.xml
----------------- Instantiating /home/travis/build/icyphy/ptII/ptolemy/actor/lib/test/auto/ArrayAppend3.xml
9 ms. Memory: 278528K Free: 183182K (66%)
----------------- Invoking toplevel() on ptolemy.moml.MoMLSimpleApplication@41189c53
----------------- Done invoking toplevel() on ptolemy.moml.MoMLSimpleApplication@41189c53
reloadAllAccessors: .ArrayAppend3

===========================================================================================
----------------- testing Sat Aug 10 05:26:58 UTC 2019 /home/travis/build/icyphy/ptII/ptolemy/actor/lib/test/auto/ArrayAppend4.xml
----------------- Instantiating /home/travis/build/icyphy/ptII/ptolemy/actor/lib/test/auto/ArrayAppend4.xml
3 ms. Memory: 278528K Free: 178062K (64%)
----------------- Invoking toplevel() on ptolemy.moml.MoMLSimpleApplication@5444c446
----------------- Done invoking toplevel() on ptolemy.moml.MoMLSimpleApplication@5444c446
reloadAllAccessors: .ArrayAppend4

===========================================================================================
----------------- testing Sat Aug 10 05:26:58 UTC 2019 /home/travis/build/icyphy/ptII/ptolemy/actor/lib/test/auto/ArrayAppend5.xml
----------------- Instantiating /home/travis/build/icyphy/ptII/ptolemy/actor/lib/test/auto/ArrayAppend5.xml
8 ms. Memory: 278528K Free: 172942K (62%)
----------------- Invoking toplevel() on ptolemy.moml.MoMLSimpleApplication@4c4fb670
----------------- Done invoking toplevel() on ptolemy.moml.MoMLSimpleApplication@4c4fb670
reloadAllAccessors: .ArrayAppend5

===========================================================================================
----------------- testing Sat Aug 10 05:26:58 UTC 2019 /home/travis/build/icyphy/ptII/ptolemy/actor/lib/test/auto/ArrayAppend6.xml
----------------- Instantiating /home/travis/build/icyphy/ptII/ptolemy/actor/lib/test/auto/ArrayAppend6.xml
7 ms. Memory: 278528K Free: 167822K (60%)
----------------- Invoking toplevel() on ptolemy.moml.MoMLSimpleApplication@41862a7d
----------------- Done invoking toplevel() on ptolemy.moml.MoMLSimpleApplication@41862a7d
reloadAllAccessors: .ArrayAppend6

===========================================================================================
----------------- testing Sat Aug 10 05:26:58 UTC 2019 /home/travis/build/icyphy/ptII/ptolemy/actor/lib/test/auto/ArrayAppendPerformanceTest.xml
----------------- Instantiating /home/travis/build/icyphy/ptII/ptolemy/actor/lib/test/auto/ArrayAppendPerformanceTest.xml
34 ms. Memory: 278528K Free: 156558K (56%)
----------------- Invoking toplevel() on ptolemy.moml.MoMLSimpleApplication@75f6378c
----------------- Done invoking toplevel() on ptolemy.moml.MoMLSimpleApplication@75f6378c
reloadAllAccessors: .ArrayAppendPerformanceTest

===========================================================================================
----------------- testing Sat Aug 10 05:26:58 UTC 2019 /home/travis/build/icyphy/ptII/ptolemy/actor/lib/test/auto/ArrayAppendWithEmptyInput.xml
----------------- Instantiating /home/travis/build/icyphy/ptII/ptolemy/actor/lib/test/auto/ArrayAppendWithEmptyInput.xml
16 ms. Memory: 278528K Free: 148366K (53%)
----------------- Invoking toplevel() on ptolemy.moml.MoMLSimpleApplication@20d0edb1
----------------- Done invoking toplevel() on ptolemy.moml.MoMLSimpleApplication@20d0edb1
reloadAllAccessors: .ArrayAppendWithEmptyInput

===========================================================================================
----------------- testing Sat Aug 10 05:26:58 UTC 2019 /home/travis/build/icyphy/ptII/ptolemy/actor/lib/test/auto/ArrayAverage.xml
----------------- Instantiating /home/travis/build/icyphy/ptII/ptolemy/actor/lib/test/auto/ArrayAverage.xml
5 ms. Memory: 278528K Free: 140688K (51%)
----------------- Invoking toplevel() on ptolemy.moml.MoMLSimpleApplication@26513cbb
----------------- Done invoking toplevel() on ptolemy.moml.MoMLSimpleApplication@26513cbb
reloadAllAccessors: .ArrayAverage

===========================================================================================
----------------- testing Sat Aug 10 05:26:58 UTC 2019 /home/travis/build/icyphy/ptII/ptolemy/actor/lib/test/auto/ArrayContains.xml
----------------- Instantiating /home/travis/build/icyphy/ptII/ptolemy/actor/lib/test/auto/ArrayContains.xml
8 ms. Memory: 278528K Free: 134544K (48%)
----------------- Invoking toplevel() on ptolemy.moml.MoMLSimpleApplication@291a8b8e
----------------- Done invoking toplevel() on ptolemy.moml.MoMLSimpleApplication@291a8b8e
reloadAllAccessors: .ArrayContains

===========================================================================================
----------------- testing Sat Aug 10 05:26:59 UTC 2019 /home/travis/build/icyphy/ptII/ptolemy/actor/lib/test/auto/ArrayElement.xml
----------------- Instantiating /home/travis/build/icyphy/ptII/ptolemy/actor/lib/test/auto/ArrayElement.xml
10 ms. Memory: 278528K Free: 129424K (46%)
----------------- Invoking toplevel() on ptolemy.moml.MoMLSimpleApplication@4cca0dcc
----------------- Done invoking toplevel() on ptolemy.moml.MoMLSimpleApplication@4cca0dcc
reloadAllAccessors: .ArrayElement

===========================================================================================
----------------- testing Sat Aug 10 05:26:59 UTC 2019 /home/travis/build/icyphy/ptII/ptolemy/actor/lib/test/auto/ArrayElementAsMatrix.xml
----------------- Instantiating /home/travis/build/icyphy/ptII/ptolemy/actor/lib/test/auto/ArrayElementAsMatrix.xml
13 ms. Memory: 278528K Free: 119184K (43%)
----------------- Invoking toplevel() on ptolemy.moml.MoMLSimpleApplication@259a5282
----------------- Done invoking toplevel() on ptolemy.moml.MoMLSimpleApplication@259a5282
reloadAllAccessors: .ArrayElementAsMatrix

===========================================================================================
----------------- testing Sat Aug 10 05:26:59 UTC 2019 /home/travis/build/icyphy/ptII/ptolemy/actor/lib/test/auto/ArrayElementI.xml
----------------- Instantiating /home/travis/build/icyphy/ptII/ptolemy/actor/lib/test/auto/ArrayElementI.xml
5 ms. Memory: 278528K Free: 113550K (41%)
----------------- Invoking toplevel() on ptolemy.moml.MoMLSimpleApplication@575ff4cb
----------------- Done invoking toplevel() on ptolemy.moml.MoMLSimpleApplication@575ff4cb
reloadAllAccessors: .ArrayElementI

===========================================================================================
----------------- testing Sat Aug 10 05:26:59 UTC 2019 /home/travis/build/icyphy/ptII/ptolemy/actor/lib/test/auto/ArrayExtract.xml
----------------- Instantiating /home/travis/build/icyphy/ptII/ptolemy/actor/lib/test/auto/ArrayExtract.xml
7 ms. Memory: 278528K Free: 105358K (38%)
----------------- Invoking toplevel() on ptolemy.moml.MoMLSimpleApplication@43566423
----------------- Done invoking toplevel() on ptolemy.moml.MoMLSimpleApplication@43566423
reloadAllAccessors: .ArrayExtract

===========================================================================================
----------------- testing Sat Aug 10 05:26:59 UTC 2019 /home/travis/build/icyphy/ptII/ptolemy/actor/lib/test/auto/ArrayExtract2.xml
----------------- Instantiating /home/travis/build/icyphy/ptII/ptolemy/actor/lib/test/auto/ArrayExtract2.xml
6 ms. Memory: 278528K Free: 99728K (36%)
----------------- Invoking toplevel() on ptolemy.moml.MoMLSimpleApplication@74406dda
----------------- Done invoking toplevel() on ptolemy.moml.MoMLSimpleApplication@74406dda
reloadAllAccessors: .ArrayExtract2

===========================================================================================
----------------- testing Sat Aug 10 05:26:59 UTC 2019 /home/travis/build/icyphy/ptII/ptolemy/actor/lib/test/auto/ArrayLength.xml
----------------- Instantiating /home/travis/build/icyphy/ptII/ptolemy/actor/lib/test/auto/ArrayLength.xml
2 ms. Memory: 278528K Free: 96142K (35%)
----------------- Invoking toplevel() on ptolemy.moml.MoMLSimpleApplication@469b8d41
----------------- Done invoking toplevel() on ptolemy.moml.MoMLSimpleApplication@469b8d41
reloadAllAccessors: .ArrayLength

===========================================================================================
----------------- testing Sat Aug 10 05:26:59 UTC 2019 /home/travis/build/icyphy/ptII/ptolemy/actor/lib/test/auto/ArrayLevelCrossing.xml
----------------- Instantiating /home/travis/build/icyphy/ptII/ptolemy/actor/lib/test/auto/ArrayLevelCrossing.xml
8 ms. Memory: 278528K Free: 87950K (32%)
----------------- Invoking toplevel() on ptolemy.moml.MoMLSimpleApplication@20b6c61f
----------------- Done invoking toplevel() on ptolemy.moml.MoMLSimpleApplication@20b6c61f
reloadAllAccessors: .ArrayLevelCrossing

===========================================================================================
----------------- testing Sat Aug 10 05:26:59 UTC 2019 /home/travis/build/icyphy/ptII/ptolemy/actor/lib/test/auto/ArrayLevelCrossing2.xml
----------------- Instantiating /home/travis/build/icyphy/ptII/ptolemy/actor/lib/test/auto/ArrayLevelCrossing2.xml
6 ms. Memory: 278528K Free: 80768K (29%)
----------------- Invoking toplevel() on ptolemy.moml.MoMLSimpleApplication@599640a4
----------------- Done invoking toplevel() on ptolemy.moml.MoMLSimpleApplication@599640a4
reloadAllAccessors: .ArrayLevelCrossing2

===========================================================================================
----------------- testing Sat Aug 10 05:26:59 UTC 2019 /home/travis/build/icyphy/ptII/ptolemy/actor/lib/test/auto/ArrayPeakSearch.xml
----------------- Instantiating /home/travis/build/icyphy/ptII/ptolemy/actor/lib/test/auto/ArrayPeakSearch.xml
6 ms. Memory: 278528K Free: 71566K (26%)
----------------- Invoking toplevel() on ptolemy.moml.MoMLSimpleApplication@c97aab2
----------------- Done invoking toplevel() on ptolemy.moml.MoMLSimpleApplication@c97aab2
reloadAllAccessors: .ArrayPeakSearch

===========================================================================================
----------------- testing Sat Aug 10 05:26:59 UTC 2019 /home/travis/build/icyphy/ptII/ptolemy/actor/lib/test/auto/ArrayPeakSearch2.xml
----------------- Instantiating /home/travis/build/icyphy/ptII/ptolemy/actor/lib/test/auto/ArrayPeakSearch2.xml
5 ms. Memory: 278528K Free: 222576K (80%)
----------------- Invoking toplevel() on ptolemy.moml.MoMLSimpleApplication@600200cc
----------------- Done invoking toplevel() on ptolemy.moml.MoMLSimpleApplication@600200cc
reloadAllAccessors: .ArrayPeakSearch2

===========================================================================================
----------------- testing Sat Aug 10 05:26:59 UTC 2019 /home/travis/build/icyphy/ptII/ptolemy/actor/lib/test/auto/ArrayPeakSearch3.xml
----------------- Instantiating /home/travis/build/icyphy/ptII/ptolemy/actor/lib/test/auto/ArrayPeakSearch3.xml
6 ms. Memory: 278528K Free: 213390K (77%)
----------------- Invoking toplevel() on ptolemy.moml.MoMLSimpleApplication@d7d33c9
----------------- Done invoking toplevel() on ptolemy.moml.MoMLSimpleApplication@d7d33c9
reloadAllAccessors: .ArrayPeakSearch3

===========================================================================================
----------------- testing Sat Aug 10 05:26:59 UTC 2019 /home/travis/build/icyphy/ptII/ptolemy/actor/lib/test/auto/ArrayRemoveElement.xml
----------------- Instantiating /home/travis/build/icyphy/ptII/ptolemy/actor/lib/test/auto/ArrayRemoveElement.xml
4 ms. Memory: 278528K Free: 205198K (74%)
----------------- Invoking toplevel() on ptolemy.moml.MoMLSimpleApplication@6c9554aa
----------------- Done invoking toplevel() on ptolemy.moml.MoMLSimpleApplication@6c9554aa
reloadAllAccessors: .ArrayRemoveElement

===========================================================================================
----------------- testing Sat Aug 10 05:26:59 UTC 2019 /home/travis/build/icyphy/ptII/ptolemy/actor/lib/test/auto/ArraySort.xml
----------------- Instantiating /home/travis/build/icyphy/ptII/ptolemy/actor/lib/test/auto/ArraySort.xml
11 ms. Memory: 278528K Free: 196496K (71%)
----------------- Invoking toplevel() on ptolemy.moml.MoMLSimpleApplication@6dcdc10a
----------------- Done invoking toplevel() on ptolemy.moml.MoMLSimpleApplication@6dcdc10a
reloadAllAccessors: .ArraySort

===========================================================================================
----------------- testing Sat Aug 10 05:26:59 UTC 2019 /home/travis/build/icyphy/ptII/ptolemy/actor/lib/test/auto/ArraySum.xml
----------------- Instantiating /home/travis/build/icyphy/ptII/ptolemy/actor/lib/test/auto/ArraySum.xml
7 ms. Memory: 278528K Free: 191376K (69%)
----------------- Invoking toplevel() on ptolemy.moml.MoMLSimpleApplication@6b6b9898
----------------- Done invoking toplevel() on ptolemy.moml.MoMLSimpleApplication@6b6b9898
reloadAllAccessors: .ArraySum

===========================================================================================
----------------- testing Sat Aug 10 05:26:59 UTC 2019 /home/travis/build/icyphy/ptII/ptolemy/actor/lib/test/auto/ArrayToElements.xml
----------------- Instantiating /home/travis/build/icyphy/ptII/ptolemy/actor/lib/test/auto/ArrayToElements.xml
8 ms. Memory: 278528K Free: 185742K (67%)
----------------- Invoking toplevel() on ptolemy.moml.MoMLSimpleApplication@39992a6f
----------------- Done invoking toplevel() on ptolemy.moml.MoMLSimpleApplication@39992a6f
reloadAllAccessors: .ArrayToElements

===========================================================================================
----------------- testing Sat Aug 10 05:26:59 UTC 2019 /home/travis/build/icyphy/ptII/ptolemy/actor/lib/test/auto/ArrayToMatrix.xml
----------------- Instantiating /home/travis/build/icyphy/ptII/ptolemy/actor/lib/test/auto/ArrayToMatrix.xml
13 ms. Memory: 278528K Free: 171920K (62%)
----------------- Invoking toplevel() on ptolemy.moml.MoMLSimpleApplication@5a153585
----------------- Done invoking toplevel() on ptolemy.moml.MoMLSimpleApplication@5a153585
reloadAllAccessors: .ArrayToMatrix

===========================================================================================
----------------- testing Sat Aug 10 05:26:59 UTC 2019 /home/travis/build/icyphy/ptII/ptolemy/actor/lib/test/auto/ArrayUpdate1.xml
----------------- Instantiating /home/travis/build/icyphy/ptII/ptolemy/actor/lib/test/auto/ArrayUpdate1.xml
5 ms. Memory: 278528K Free: 166800K (60%)
----------------- Invoking toplevel() on ptolemy.moml.MoMLSimpleApplication@1d3e20fd
----------------- Done invoking toplevel() on ptolemy.moml.MoMLSimpleApplication@1d3e20fd
reloadAllAccessors: .ArrayUpdate1

===========================================================================================
----------------- testing Sat Aug 10 05:26:59 UTC 2019 /home/travis/build/icyphy/ptII/ptolemy/actor/lib/test/auto/ArrayUpdate2.xml
----------------- Instantiating /home/travis/build/icyphy/ptII/ptolemy/actor/lib/test/auto/ArrayUpdate2.xml
8 ms. Memory: 278528K Free: 161166K (58%)
----------------- Invoking toplevel() on ptolemy.moml.MoMLSimpleApplication@171a237e
----------------- Done invoking toplevel() on ptolemy.moml.MoMLSimpleApplication@171a237e
reloadAllAccessors: .ArrayUpdate2

===========================================================================================
----------------- testing Sat Aug 10 05:26:59 UTC 2019 /home/travis/build/icyphy/ptII/ptolemy/actor/lib/test/auto/ArrayUpdate3.xml
----------------- Instantiating /home/travis/build/icyphy/ptII/ptolemy/actor/lib/test/auto/ArrayUpdate3.xml
5 ms. Memory: 278528K Free: 156046K (56%)
----------------- Invoking toplevel() on ptolemy.moml.MoMLSimpleApplication@47034c90
----------------- Done invoking toplevel() on ptolemy.moml.MoMLSimpleApplication@47034c90
reloadAllAccessors: .ArrayUpdate3

===========================================================================================
----------------- testing Sat Aug 10 05:26:59 UTC 2019 /home/travis/build/icyphy/ptII/ptolemy/actor/lib/test/auto/Assert1.xml
----------------- Instantiating /home/travis/build/icyphy/ptII/ptolemy/actor/lib/test/auto/Assert1.xml
6 ms. Memory: 278528K Free: 151950K (55%)
----------------- Invoking toplevel() on ptolemy.moml.MoMLSimpleApplication@7af5b216
----------------- Done invoking toplevel() on ptolemy.moml.MoMLSimpleApplication@7af5b216
reloadAllAccessors: .Assert1

===========================================================================================
----------------- testing Sat Aug 10 05:26:59 UTC 2019 /home/travis/build/icyphy/ptII/ptolemy/actor/lib/test/auto/Assert2.xml
----------------- Instantiating /home/travis/build/icyphy/ptII/ptolemy/actor/lib/test/auto/Assert2.xml
13 ms. Memory: 278528K Free: 146830K (53%)
----------------- Invoking toplevel() on ptolemy.moml.MoMLSimpleApplication@2cc12afb
----------------- Done invoking toplevel() on ptolemy.moml.MoMLSimpleApplication@2cc12afb
reloadAllAccessors: .Assert2

===========================================================================================
----------------- testing Sat Aug 10 05:26:59 UTC 2019 /home/travis/build/icyphy/ptII/ptolemy/actor/lib/test/auto/BooleanMultiplexor.xml
----------------- Instantiating /home/travis/build/icyphy/ptII/ptolemy/actor/lib/test/auto/BooleanMultiplexor.xml
3 ms. Memory: 278528K Free: 141680K (51%)
----------------- Invoking toplevel() on ptolemy.moml.MoMLSimpleApplication@7f1f687e
----------------- Done invoking toplevel() on ptolemy.moml.MoMLSimpleApplication@7f1f687e
reloadAllAccessors: .BooleanMultiplexor

===========================================================================================
----------------- testing Sat Aug 10 05:26:59 UTC 2019 /home/travis/build/icyphy/ptII/ptolemy/actor/lib/test/auto/BooleanMultiplexor2.xml
----------------- Instantiating /home/travis/build/icyphy/ptII/ptolemy/actor/lib/test/auto/BooleanMultiplexor2.xml
17 ms. Memory: 278528K Free: 135056K (48%)
----------------- Invoking toplevel() on ptolemy.moml.MoMLSimpleApplication@6e881ac7
----------------- Done invoking toplevel() on ptolemy.moml.MoMLSimpleApplication@6e881ac7
reloadAllAccessors: .BooleanMultiplexor2

===========================================================================================
----------------- testing Sat Aug 10 05:26:59 UTC 2019 /home/travis/build/icyphy/ptII/ptolemy/actor/lib/test/auto/BooleanMultiplexor3.xml
----------------- Instantiating /home/travis/build/icyphy/ptII/ptolemy/actor/lib/test/auto/BooleanMultiplexor3.xml
7 ms. Memory: 278528K Free: 130960K (47%)
----------------- Invoking toplevel() on ptolemy.moml.MoMLSimpleApplication@75ea0e4
----------------- Done invoking toplevel() on ptolemy.moml.MoMLSimpleApplication@75ea0e4
reloadAllAccessors: .BooleanMultiplexor3

===========================================================================================
----------------- testing Sat Aug 10 05:26:59 UTC 2019 /home/travis/build/icyphy/ptII/ptolemy/actor/lib/test/auto/BooleanSelect.xml
----------------- Instantiating /home/travis/build/icyphy/ptII/ptolemy/actor/lib/test/auto/BooleanSelect.xml
10 ms. Memory: 278528K Free: 125312K (45%)
----------------- Invoking toplevel() on ptolemy.moml.MoMLSimpleApplication@4001ceb5
----------------- Done invoking toplevel() on ptolemy.moml.MoMLSimpleApplication@4001ceb5
reloadAllAccessors: .BooleanSelect

===========================================================================================
----------------- testing Sat Aug 10 05:27:00 UTC 2019 /home/travis/build/icyphy/ptII/ptolemy/actor/lib/test/auto/BooleanSelect2.xml
----------------- Instantiating /home/travis/build/icyphy/ptII/ptolemy/actor/lib/test/auto/BooleanSelect2.xml
2 ms. Memory: 278528K Free: 120720K (43%)
----------------- Invoking toplevel() on ptolemy.moml.MoMLSimpleApplication@20cc9632
----------------- Done invoking toplevel() on ptolemy.moml.MoMLSimpleApplication@20cc9632
reloadAllAccessors: .BooleanSelect2

===========================================================================================
----------------- testing Sat Aug 10 05:27:00 UTC 2019 /home/travis/build/icyphy/ptII/ptolemy/actor/lib/test/auto/BooleanSwitch.xml
----------------- Instantiating /home/travis/build/icyphy/ptII/ptolemy/actor/lib/test/auto/BooleanSwitch.xml
10 ms. Memory: 278528K Free: 115086K (41%)
----------------- Invoking toplevel() on ptolemy.moml.MoMLSimpleApplication@4d1c2cad
----------------- Done invoking toplevel() on ptolemy.moml.MoMLSimpleApplication@4d1c2cad
reloadAllAccessors: .BooleanSwitch

===========================================================================================
----------------- testing Sat Aug 10 05:27:00 UTC 2019 /home/travis/build/icyphy/ptII/ptolemy/actor/lib/test/auto/BooleanSwitch2.xml
----------------- Instantiating /home/travis/build/icyphy/ptII/ptolemy/actor/lib/test/auto/BooleanSwitch2.xml
2 ms. Memory: 278528K Free: 110480K (40%)
----------------- Invoking toplevel() on ptolemy.moml.MoMLSimpleApplication@7202fd
----------------- Done invoking toplevel() on ptolemy.moml.MoMLSimpleApplication@7202fd
reloadAllAccessors: .BooleanSwitch2

===========================================================================================
----------------- testing Sat Aug 10 05:27:00 UTC 2019 /home/travis/build/icyphy/ptII/ptolemy/actor/lib/test/auto/BooleanSwitchCloningBugWithClassRelationGroup.xml
----------------- Instantiating /home/travis/build/icyphy/ptII/ptolemy/actor/lib/test/auto/BooleanSwitchCloningBugWithClassRelationGroup.xml
4 ms. Memory: 278528K Free: 104336K (37%)
----------------- Invoking toplevel() on ptolemy.moml.MoMLSimpleApplication@5c18f64b
----------------- Done invoking toplevel() on ptolemy.moml.MoMLSimpleApplication@5c18f64b
reloadAllAccessors: .BooleanSwitchCloningBugWithClassRelationGroup

===========================================================================================
----------------- testing Sat Aug 10 05:27:00 UTC 2019 /home/travis/build/icyphy/ptII/ptolemy/actor/lib/test/auto/BusActors.xml
----------------- Instantiating /home/travis/build/icyphy/ptII/ptolemy/actor/lib/test/auto/BusActors.xml
6 ms. Memory: 278528K Free: 96654K (35%)
----------------- Invoking toplevel() on ptolemy.moml.MoMLSimpleApplication@49e80dfb
----------------- Done invoking toplevel() on ptolemy.moml.MoMLSimpleApplication@49e80dfb
reloadAllAccessors: .BusActors

===========================================================================================
----------------- testing Sat Aug 10 05:27:00 UTC 2019 /home/travis/build/icyphy/ptII/ptolemy/actor/lib/test/auto/ClassWrapper.xml
----------------- Instantiating /home/travis/build/icyphy/ptII/ptolemy/actor/lib/test/auto/ClassWrapper.xml
3 ms. Memory: 278528K Free: 92048K (33%)
----------------- Invoking toplevel() on ptolemy.moml.MoMLSimpleApplication@5a594f82
----------------- Done invoking toplevel() on ptolemy.moml.MoMLSimpleApplication@5a594f82
reloadAllAccessors: .ClassWrapper

===========================================================================================
----------------- testing Sat Aug 10 05:27:00 UTC 2019 /home/travis/build/icyphy/ptII/ptolemy/actor/lib/test/auto/Clock.xml
----------------- Instantiating /home/travis/build/icyphy/ptII/ptolemy/actor/lib/test/auto/Clock.xml
9 ms. Memory: 278528K Free: 87952K (32%)
----------------- Invoking toplevel() on ptolemy.moml.MoMLSimpleApplication@62f4ab8e
----------------- Done invoking toplevel() on ptolemy.moml.MoMLSimpleApplication@62f4ab8e
reloadAllAccessors: .Clock

===========================================================================================
----------------- testing Sat Aug 10 05:27:00 UTC 2019 /home/travis/build/icyphy/ptII/ptolemy/actor/lib/test/auto/Clock10.xml
----------------- Instantiating /home/travis/build/icyphy/ptII/ptolemy/actor/lib/test/auto/Clock10.xml
2 ms. Memory: 278528K Free: 82318K (30%)
----------------- Invoking toplevel() on ptolemy.moml.MoMLSimpleApplication@3bb4d77d
----------------- Done invoking toplevel() on ptolemy.moml.MoMLSimpleApplication@3bb4d77d
reloadAllAccessors: .Clock10

===========================================================================================
----------------- testing Sat Aug 10 05:27:00 UTC 2019 /home/travis/build/icyphy/ptII/ptolemy/actor/lib/test/auto/Clock11.xml
----------------- Instantiating /home/travis/build/icyphy/ptII/ptolemy/actor/lib/test/auto/Clock11.xml
5 ms. Memory: 278528K Free: 76174K (27%)
----------------- Invoking toplevel() on ptolemy.moml.MoMLSimpleApplication@5c989664
----------------- Done invoking toplevel() on ptolemy.moml.MoMLSimpleApplication@5c989664
reloadAllAccessors: .Clock11

===========================================================================================
----------------- testing Sat Aug 10 05:27:00 UTC 2019 /home/travis/build/icyphy/ptII/ptolemy/actor/lib/test/auto/Clock12.xml
----------------- Instantiating /home/travis/build/icyphy/ptII/ptolemy/actor/lib/test/auto/Clock12.xml
7 ms. Memory: 278528K Free: 70544K (25%)
----------------- Invoking toplevel() on ptolemy.moml.MoMLSimpleApplication@6b04ff94
----------------- Done invoking toplevel() on ptolemy.moml.MoMLSimpleApplication@6b04ff94
reloadAllAccessors: .Clock12

===========================================================================================
----------------- testing Sat Aug 10 05:27:00 UTC 2019 /home/travis/build/icyphy/ptII/ptolemy/actor/lib/test/auto/Clock13.xml
----------------- Instantiating /home/travis/build/icyphy/ptII/ptolemy/actor/lib/test/auto/Clock13.xml
4 ms. Memory: 461824K Free: 410004K (89%)
----------------- Invoking toplevel() on ptolemy.moml.MoMLSimpleApplication@60a2e34e
----------------- Done invoking toplevel() on ptolemy.moml.MoMLSimpleApplication@60a2e34e
reloadAllAccessors: .Clock13

===========================================================================================
----------------- testing Sat Aug 10 05:27:00 UTC 2019 /home/travis/build/icyphy/ptII/ptolemy/actor/lib/test/auto/Clock14.xml
----------------- Instantiating /home/travis/build/icyphy/ptII/ptolemy/actor/lib/test/auto/Clock14.xml
10 ms. Memory: 461824K Free: 404364K (88%)
----------------- Invoking toplevel() on ptolemy.moml.MoMLSimpleApplication@ebfbe30
----------------- Done invoking toplevel() on ptolemy.moml.MoMLSimpleApplication@ebfbe30
reloadAllAccessors: .Clock14

===========================================================================================
----------------- testing Sat Aug 10 05:27:00 UTC 2019 /home/travis/build/icyphy/ptII/ptolemy/actor/lib/test/auto/Clock15.xml
----------------- Instantiating /home/travis/build/icyphy/ptII/ptolemy/actor/lib/test/auto/Clock15.xml
2 ms. Memory: 461824K Free: 398220K (86%)
----------------- Invoking toplevel() on ptolemy.moml.MoMLSimpleApplication@7e966f42
----------------- Done invoking toplevel() on ptolemy.moml.MoMLSimpleApplication@7e966f42
reloadAllAccessors: .Clock15

===========================================================================================
----------------- testing Sat Aug 10 05:27:00 UTC 2019 /home/travis/build/icyphy/ptII/ptolemy/actor/lib/test/auto/Clock16.xml
----------------- Instantiating /home/travis/build/icyphy/ptII/ptolemy/actor/lib/test/auto/Clock16.xml
47 ms. Memory: 461824K Free: 383890K (83%)
----------------- Invoking toplevel() on ptolemy.moml.MoMLSimpleApplication@5d5d7860
----------------- Done invoking toplevel() on ptolemy.moml.MoMLSimpleApplication@5d5d7860
reloadAllAccessors: .Clock16

===========================================================================================
----------------- testing Sat Aug 10 05:27:00 UTC 2019 /home/travis/build/icyphy/ptII/ptolemy/actor/lib/test/auto/Clock17.xml
----------------- Instantiating /home/travis/build/icyphy/ptII/ptolemy/actor/lib/test/auto/Clock17.xml
30 ms. Memory: 461824K Free: 369540K (80%)
----------------- Invoking toplevel() on ptolemy.moml.MoMLSimpleApplication@4a4f91d2
----------------- Done invoking toplevel() on ptolemy.moml.MoMLSimpleApplication@4a4f91d2
reloadAllAccessors: .Clock17

===========================================================================================
----------------- testing Sat Aug 10 05:27:00 UTC 2019 /home/travis/build/icyphy/ptII/ptolemy/actor/lib/test/auto/Clock18.xml
----------------- Instantiating /home/travis/build/icyphy/ptII/ptolemy/actor/lib/test/auto/Clock18.xml
28 ms. Memory: 461824K Free: 355732K (77%)
----------------- Invoking toplevel() on ptolemy.moml.MoMLSimpleApplication@40e3d8f2
----------------- Done invoking toplevel() on ptolemy.moml.MoMLSimpleApplication@40e3d8f2
reloadAllAccessors: .Clock18

===========================================================================================
----------------- testing Sat Aug 10 05:27:00 UTC 2019 /home/travis/build/icyphy/ptII/ptolemy/actor/lib/test/auto/Clock19.xml
----------------- Instantiating /home/travis/build/icyphy/ptII/ptolemy/actor/lib/test/auto/Clock19.xml
18 ms. Memory: 461824K Free: 342916K (74%)
----------------- Invoking toplevel() on ptolemy.moml.MoMLSimpleApplication@650673a8
----------------- Done invoking toplevel() on ptolemy.moml.MoMLSimpleApplication@650673a8
reloadAllAccessors: .Clock19

===========================================================================================
----------------- testing Sat Aug 10 05:27:00 UTC 2019 /home/travis/build/icyphy/ptII/ptolemy/actor/lib/test/auto/Clock2.xml
----------------- Instantiating /home/travis/build/icyphy/ptII/ptolemy/actor/lib/test/auto/Clock2.xml
9 ms. Memory: 461824K Free: 338324K (73%)
----------------- Invoking toplevel() on ptolemy.moml.MoMLSimpleApplication@5e1a829f
----------------- Done invoking toplevel() on ptolemy.moml.MoMLSimpleApplication@5e1a829f
reloadAllAccessors: .Clock2

===========================================================================================
----------------- testing Sat Aug 10 05:27:00 UTC 2019 /home/travis/build/icyphy/ptII/ptolemy/actor/lib/test/auto/Clock20.xml
----------------- Instantiating /home/travis/build/icyphy/ptII/ptolemy/actor/lib/test/auto/Clock20.xml
9 ms. Memory: 461824K Free: 333204K (72%)
----------------- Invoking toplevel() on ptolemy.moml.MoMLSimpleApplication@3086cdfb
----------------- Done invoking toplevel() on ptolemy.moml.MoMLSimpleApplication@3086cdfb
reloadAllAccessors: .Clock20

===========================================================================================
----------------- testing Sat Aug 10 05:27:00 UTC 2019 /home/travis/build/icyphy/ptII/ptolemy/actor/lib/test/auto/Clock21.xml
----------------- Instantiating /home/travis/build/icyphy/ptII/ptolemy/actor/lib/test/auto/Clock21.xml
8 ms. Memory: 461824K Free: 327570K (71%)
----------------- Invoking toplevel() on ptolemy.moml.MoMLSimpleApplication@2dc3a85f
----------------- Done invoking toplevel() on ptolemy.moml.MoMLSimpleApplication@2dc3a85f
reloadAllAccessors: .Clock21

===========================================================================================
----------------- testing Sat Aug 10 05:27:00 UTC 2019 /home/travis/build/icyphy/ptII/ptolemy/actor/lib/test/auto/Clock22.xml
----------------- Instantiating /home/travis/build/icyphy/ptII/ptolemy/actor/lib/test/auto/Clock22.xml
3 ms. Memory: 461824K Free: 322450K (70%)
----------------- Invoking toplevel() on ptolemy.moml.MoMLSimpleApplication@b74c45b
----------------- Done invoking toplevel() on ptolemy.moml.MoMLSimpleApplication@b74c45b
reloadAllAccessors: .Clock22

===========================================================================================
----------------- testing Sat Aug 10 05:27:00 UTC 2019 /home/travis/build/icyphy/ptII/ptolemy/actor/lib/test/auto/Clock23.xml
----------------- Instantiating /home/travis/build/icyphy/ptII/ptolemy/actor/lib/test/auto/Clock23.xml
4 ms. Memory: 461824K Free: 316820K (69%)
----------------- Invoking toplevel() on ptolemy.moml.MoMLSimpleApplication@257fe71e
----------------- Done invoking toplevel() on ptolemy.moml.MoMLSimpleApplication@257fe71e
reloadAllAccessors: .Clock23

===========================================================================================
----------------- testing Sat Aug 10 05:27:00 UTC 2019 /home/travis/build/icyphy/ptII/ptolemy/actor/lib/test/auto/Clock24.xml
----------------- Instantiating /home/travis/build/icyphy/ptII/ptolemy/actor/lib/test/auto/Clock24.xml
6 ms. Memory: 461824K Free: 311186K (67%)
----------------- Invoking toplevel() on ptolemy.moml.MoMLSimpleApplication@6ca0944b
----------------- Done invoking toplevel() on ptolemy.moml.MoMLSimpleApplication@6ca0944b
reloadAllAccessors: .Clock24

===========================================================================================
----------------- testing Sat Aug 10 05:27:00 UTC 2019 /home/travis/build/icyphy/ptII/ptolemy/actor/lib/test/auto/Clock4.xml
----------------- Instantiating /home/travis/build/icyphy/ptII/ptolemy/actor/lib/test/auto/Clock4.xml
2 ms. Memory: 461824K Free: 306580K (66%)
----------------- Invoking toplevel() on ptolemy.moml.MoMLSimpleApplication@5d41c1ab
----------------- Done invoking toplevel() on ptolemy.moml.MoMLSimpleApplication@5d41c1ab
reloadAllAccessors: .Clock4

===========================================================================================
----------------- testing Sat Aug 10 05:27:00 UTC 2019 /home/travis/build/icyphy/ptII/ptolemy/actor/lib/test/auto/Clock5.xml
----------------- Instantiating /home/travis/build/icyphy/ptII/ptolemy/actor/lib/test/auto/Clock5.xml
3 ms. Memory: 461824K Free: 300940K (65%)
----------------- Invoking toplevel() on ptolemy.moml.MoMLSimpleApplication@7305f499
----------------- Done invoking toplevel() on ptolemy.moml.MoMLSimpleApplication@7305f499
reloadAllAccessors: .Clock5

===========================================================================================
----------------- testing Sat Aug 10 05:27:00 UTC 2019 /home/travis/build/icyphy/ptII/ptolemy/actor/lib/test/auto/Clock6.xml
----------------- Instantiating /home/travis/build/icyphy/ptII/ptolemy/actor/lib/test/auto/Clock6.xml
4 ms. Memory: 461824K Free: 296850K (64%)
----------------- Invoking toplevel() on ptolemy.moml.MoMLSimpleApplication@2467b5e8
----------------- Done invoking toplevel() on ptolemy.moml.MoMLSimpleApplication@2467b5e8
reloadAllAccessors: .Clock6

===========================================================================================
----------------- testing Sat Aug 10 05:27:01 UTC 2019 /home/travis/build/icyphy/ptII/ptolemy/actor/lib/test/auto/Clock7.xml
----------------- Instantiating /home/travis/build/icyphy/ptII/ptolemy/actor/lib/test/auto/Clock7.xml
3 ms. Memory: 461824K Free: 291730K (63%)
----------------- Invoking toplevel() on ptolemy.moml.MoMLSimpleApplication@2aa8b99a
----------------- Done invoking toplevel() on ptolemy.moml.MoMLSimpleApplication@2aa8b99a
reloadAllAccessors: .Clock7

===========================================================================================
----------------- testing Sat Aug 10 05:27:01 UTC 2019 /home/travis/build/icyphy/ptII/ptolemy/actor/lib/test/auto/Clock8.xml
----------------- Instantiating /home/travis/build/icyphy/ptII/ptolemy/actor/lib/test/auto/Clock8.xml
9 ms. Memory: 461824K Free: 286100K (62%)
----------------- Invoking toplevel() on ptolemy.moml.MoMLSimpleApplication@4d413edf
----------------- Done invoking toplevel() on ptolemy.moml.MoMLSimpleApplication@4d413edf
reloadAllAccessors: .Clock8

===========================================================================================
----------------- testing Sat Aug 10 05:27:01 UTC 2019 /home/travis/build/icyphy/ptII/ptolemy/actor/lib/test/auto/Clock9.xml
----------------- Instantiating /home/travis/build/icyphy/ptII/ptolemy/actor/lib/test/auto/Clock9.xml
5 ms. Memory: 461824K Free: 280980K (61%)
----------------- Invoking toplevel() on ptolemy.moml.MoMLSimpleApplication@7ca1ef9f
----------------- Done invoking toplevel() on ptolemy.moml.MoMLSimpleApplication@7ca1ef9f
reloadAllAccessors: .Clock9

===========================================================================================
----------------- testing Sat Aug 10 05:27:01 UTC 2019 /home/travis/build/icyphy/ptII/ptolemy/actor/lib/test/auto/CommDistDiscard.xml
----------------- Instantiating /home/travis/build/icyphy/ptII/ptolemy/actor/lib/test/auto/CommDistDiscard.xml
5 ms. Memory: 461824K Free: 275346K (60%)
----------------- Invoking toplevel() on ptolemy.moml.MoMLSimpleApplication@70821657
----------------- Done invoking toplevel() on ptolemy.moml.MoMLSimpleApplication@70821657
reloadAllAccessors: .CommDistDiscard

===========================================================================================
----------------- testing Sat Aug 10 05:27:01 UTC 2019 /home/travis/build/icyphy/ptII/ptolemy/actor/lib/test/auto/Commutator.xml
----------------- Instantiating /home/travis/build/icyphy/ptII/ptolemy/actor/lib/test/auto/Commutator.xml
2 ms. Memory: 461824K Free: 271250K (59%)
----------------- Invoking toplevel() on ptolemy.moml.MoMLSimpleApplication@109cfd8f
----------------- Done invoking toplevel() on ptolemy.moml.MoMLSimpleApplication@109cfd8f
reloadAllAccessors: .Commutator

===========================================================================================
----------------- testing Sat Aug 10 05:27:01 UTC 2019 /home/travis/build/icyphy/ptII/ptolemy/actor/lib/test/auto/Commutator2.xml
----------------- Instantiating /home/travis/build/icyphy/ptII/ptolemy/actor/lib/test/auto/Commutator2.xml
2 ms. Memory: 461824K Free: 266644K (58%)
----------------- Invoking toplevel() on ptolemy.moml.MoMLSimpleApplication@541c556d
----------------- Done invoking toplevel() on ptolemy.moml.MoMLSimpleApplication@541c556d
reloadAllAccessors: .Commutator2

===========================================================================================
----------------- testing Sat Aug 10 05:27:01 UTC 2019 /home/travis/build/icyphy/ptII/ptolemy/actor/lib/test/auto/Commutator3.xml
----------------- Instantiating /home/travis/build/icyphy/ptII/ptolemy/actor/lib/test/auto/Commutator3.xml
3 ms. Memory: 461824K Free: 262548K (57%)
----------------- Invoking toplevel() on ptolemy.moml.MoMLSimpleApplication@247cad2a
----------------- Done invoking toplevel() on ptolemy.moml.MoMLSimpleApplication@247cad2a
reloadAllAccessors: .Commutator3

===========================================================================================
----------------- testing Sat Aug 10 05:27:01 UTC 2019 /home/travis/build/icyphy/ptII/ptolemy/actor/lib/test/auto/Compare.xml
----------------- Instantiating /home/travis/build/icyphy/ptII/ptolemy/actor/lib/test/auto/Compare.xml
3 ms. Memory: 461824K Free: 255890K (55%)
----------------- Invoking toplevel() on ptolemy.moml.MoMLSimpleApplication@72f36198
----------------- Done invoking toplevel() on ptolemy.moml.MoMLSimpleApplication@72f36198
reloadAllAccessors: .Compare

===========================================================================================
----------------- testing Sat Aug 10 05:27:01 UTC 2019 /home/travis/build/icyphy/ptII/ptolemy/actor/lib/test/auto/CompareDE.xml
----------------- Instantiating /home/travis/build/icyphy/ptII/ptolemy/actor/lib/test/auto/CompareDE.xml
4 ms. Memory: 461824K Free: 248708K (54%)
----------------- Invoking toplevel() on ptolemy.moml.MoMLSimpleApplication@7e2368d0
----------------- Done invoking toplevel() on ptolemy.moml.MoMLSimpleApplication@7e2368d0
reloadAllAccessors: .CompareDE

===========================================================================================
----------------- testing Sat Aug 10 05:27:01 UTC 2019 /home/travis/build/icyphy/ptII/ptolemy/actor/lib/test/auto/ComplexDivide.xml
----------------- Instantiating /home/travis/build/icyphy/ptII/ptolemy/actor/lib/test/auto/ComplexDivide.xml
1 ms. Memory: 461824K Free: 245140K (53%)
----------------- Invoking toplevel() on ptolemy.moml.MoMLSimpleApplication@57723c87
----------------- Done invoking toplevel() on ptolemy.moml.MoMLSimpleApplication@57723c87
reloadAllAccessors: .ComplexDivide

===========================================================================================
----------------- testing Sat Aug 10 05:27:01 UTC 2019 /home/travis/build/icyphy/ptII/ptolemy/actor/lib/test/auto/ComputeHistogram.xml
----------------- Instantiating /home/travis/build/icyphy/ptII/ptolemy/actor/lib/test/auto/ComputeHistogram.xml
44 ms. Memory: 461824K Free: 232338K (50%)
----------------- Invoking toplevel() on ptolemy.moml.MoMLSimpleApplication@2b20c2ff
----------------- Done invoking toplevel() on ptolemy.moml.MoMLSimpleApplication@2b20c2ff
reloadAllAccessors: .ComputeHistogram

===========================================================================================
----------------- testing Sat Aug 10 05:27:01 UTC 2019 /home/travis/build/icyphy/ptII/ptolemy/actor/lib/test/auto/ConfigurationSelect.xml
----------------- Instantiating /home/travis/build/icyphy/ptII/ptolemy/actor/lib/test/auto/ConfigurationSelect.xml
2 ms. Memory: 461824K Free: 226708K (49%)
----------------- Invoking toplevel() on ptolemy.moml.MoMLSimpleApplication@14b3b90
----------------- Done invoking toplevel() on ptolemy.moml.MoMLSimpleApplication@14b3b90
reloadAllAccessors: .ConfigurationSelect

===========================================================================================
----------------- testing Sat Aug 10 05:27:01 UTC 2019 /home/travis/build/icyphy/ptII/ptolemy/actor/lib/test/auto/ConfigurationSelect2.xml
----------------- Instantiating /home/travis/build/icyphy/ptII/ptolemy/actor/lib/test/auto/ConfigurationSelect2.xml
3 ms. Memory: 461824K Free: 222098K (48%)
----------------- Invoking toplevel() on ptolemy.moml.MoMLSimpleApplication@276a1dcc
----------------- Done invoking toplevel() on ptolemy.moml.MoMLSimpleApplication@276a1dcc
reloadAllAccessors: .ConfigurationSelect2

===========================================================================================
----------------- testing Sat Aug 10 05:27:01 UTC 2019 /home/travis/build/icyphy/ptII/ptolemy/actor/lib/test/auto/ConfigurationSwitch.xml
----------------- Instantiating /home/travis/build/icyphy/ptII/ptolemy/actor/lib/test/auto/ConfigurationSwitch.xml
2 ms. Memory: 461824K Free: 216468K (47%)
----------------- Invoking toplevel() on ptolemy.moml.MoMLSimpleApplication@414b3485
----------------- Done invoking toplevel() on ptolemy.moml.MoMLSimpleApplication@414b3485
reloadAllAccessors: .ConfigurationSwitch

===========================================================================================
----------------- testing Sat Aug 10 05:27:01 UTC 2019 /home/travis/build/icyphy/ptII/ptolemy/actor/lib/test/auto/ConfigurationSwitch2.xml
----------------- Instantiating /home/travis/build/icyphy/ptII/ptolemy/actor/lib/test/auto/ConfigurationSwitch2.xml
3 ms. Memory: 461824K Free: 211348K (46%)
----------------- Invoking toplevel() on ptolemy.moml.MoMLSimpleApplication@6728848b
----------------- Done invoking toplevel() on ptolemy.moml.MoMLSimpleApplication@6728848b
reloadAllAccessors: .ConfigurationSwitch2

===========================================================================================
----------------- testing Sat Aug 10 05:27:01 UTC 2019 /home/travis/build/icyphy/ptII/ptolemy/actor/lib/test/auto/ConfigurationSwitchCloningBugWithClassRelationGroup.xml
----------------- Instantiating /home/travis/build/icyphy/ptII/ptolemy/actor/lib/test/auto/ConfigurationSwitchCloningBugWithClassRelationGroup.xml
1 ms. Memory: 461824K Free: 204690K (44%)
----------------- Invoking toplevel() on ptolemy.moml.MoMLSimpleApplication@30bb1659
----------------- Done invoking toplevel() on ptolemy.moml.MoMLSimpleApplication@30bb1659
reloadAllAccessors: .ConfigurationSwitchCloningBugWithClassRelationGroup

===========================================================================================
----------------- testing Sat Aug 10 05:27:01 UTC 2019 /home/travis/build/icyphy/ptII/ptolemy/actor/lib/test/auto/ConfigurationSwitchSelectSDF.xml
----------------- Instantiating /home/travis/build/icyphy/ptII/ptolemy/actor/lib/test/auto/ConfigurationSwitchSelectSDF.xml
3 ms. Memory: 461824K Free: 199060K (43%)
----------------- Invoking toplevel() on ptolemy.moml.MoMLSimpleApplication@d261c14
----------------- Done invoking toplevel() on ptolemy.moml.MoMLSimpleApplication@d261c14
reloadAllAccessors: .ConfigurationSwitchSelectSDF

===========================================================================================
----------------- testing Sat Aug 10 05:27:01 UTC 2019 /home/travis/build/icyphy/ptII/ptolemy/actor/lib/test/auto/ConfigurationSwitchSelectSDF2.xml
----------------- Instantiating /home/travis/build/icyphy/ptII/ptolemy/actor/lib/test/auto/ConfigurationSwitchSelectSDF2.xml
2 ms. Memory: 461824K Free: 193426K (42%)
----------------- Invoking toplevel() on ptolemy.moml.MoMLSimpleApplication@376a3b6d
----------------- Done invoking toplevel() on ptolemy.moml.MoMLSimpleApplication@376a3b6d
reloadAllAccessors: .ConfigurationSwitchSelectSDF2

===========================================================================================
----------------- testing Sat Aug 10 05:27:01 UTC 2019 /home/travis/build/icyphy/ptII/ptolemy/actor/lib/test/auto/Const.xml
----------------- Instantiating /home/travis/build/icyphy/ptII/ptolemy/actor/lib/test/auto/Const.xml
2 ms. Memory: 461824K Free: 189844K (41%)
----------------- Invoking toplevel() on ptolemy.moml.MoMLSimpleApplication@31c53f38
----------------- Done invoking toplevel() on ptolemy.moml.MoMLSimpleApplication@31c53f38
reloadAllAccessors: .Const

===========================================================================================
----------------- testing Sat Aug 10 05:27:01 UTC 2019 /home/travis/build/icyphy/ptII/ptolemy/actor/lib/test/auto/Const2.xml
----------------- Instantiating /home/travis/build/icyphy/ptII/ptolemy/actor/lib/test/auto/Const2.xml
1 ms. Memory: 461824K Free: 185748K (40%)
----------------- Invoking toplevel() on ptolemy.moml.MoMLSimpleApplication@2962d43e
----------------- Done invoking toplevel() on ptolemy.moml.MoMLSimpleApplication@2962d43e
reloadAllAccessors: .Const2

===========================================================================================
----------------- testing Sat Aug 10 05:27:01 UTC 2019 /home/travis/build/icyphy/ptII/ptolemy/actor/lib/test/auto/Const3.xml
----------------- Instantiating /home/travis/build/icyphy/ptII/ptolemy/actor/lib/test/auto/Const3.xml
1 ms. Memory: 461824K Free: 183186K (40%)
----------------- Invoking toplevel() on ptolemy.moml.MoMLSimpleApplication@765eb15d
----------------- Done invoking toplevel() on ptolemy.moml.MoMLSimpleApplication@765eb15d
reloadAllAccessors: .Const3

===========================================================================================
----------------- testing Sat Aug 10 05:27:01 UTC 2019 /home/travis/build/icyphy/ptII/ptolemy/actor/lib/test/auto/ConstantPublisherPort1.xml
----------------- Instantiating /home/travis/build/icyphy/ptII/ptolemy/actor/lib/test/auto/ConstantPublisherPort1.xml
10 ms. Memory: 461824K Free: 174484K (38%)
----------------- Invoking toplevel() on ptolemy.moml.MoMLSimpleApplication@3e790b4f
----------------- Done invoking toplevel() on ptolemy.moml.MoMLSimpleApplication@3e790b4f
reloadAllAccessors: .ConstantPublisherPort1

===========================================================================================
----------------- testing Sat Aug 10 05:27:01 UTC 2019 /home/travis/build/icyphy/ptII/ptolemy/actor/lib/test/auto/ConstantPublisherPort2.xml
----------------- Instantiating /home/travis/build/icyphy/ptII/ptolemy/actor/lib/test/auto/ConstantPublisherPort2.xml
13 ms. Memory: 461824K Free: 167316K (36%)
----------------- Invoking toplevel() on ptolemy.moml.MoMLSimpleApplication@6d814ddb
----------------- Done invoking toplevel() on ptolemy.moml.MoMLSimpleApplication@6d814ddb
reloadAllAccessors: .ConstantPublisherPort2

===========================================================================================
----------------- testing Sat Aug 10 05:27:01 UTC 2019 /home/travis/build/icyphy/ptII/ptolemy/actor/lib/test/auto/ConstantPublisherPort3.xml
----------------- Instantiating /home/travis/build/icyphy/ptII/ptolemy/actor/lib/test/auto/ConstantPublisherPort3.xml
6 ms. Memory: 461824K Free: 159634K (35%)
----------------- Invoking toplevel() on ptolemy.moml.MoMLSimpleApplication@2fd9d70b
----------------- Done invoking toplevel() on ptolemy.moml.MoMLSimpleApplication@2fd9d70b
reloadAllAccessors: .ConstantPublisherPort3

===========================================================================================
----------------- testing Sat Aug 10 05:27:01 UTC 2019 /home/travis/build/icyphy/ptII/ptolemy/actor/lib/test/auto/ConstantPublisherPort4.xml
----------------- Instantiating /home/travis/build/icyphy/ptII/ptolemy/actor/lib/test/auto/ConstantPublisherPort4.xml
6 ms. Memory: 461824K Free: 152452K (33%)
----------------- Invoking toplevel() on ptolemy.moml.MoMLSimpleApplication@44ff055
----------------- Done invoking toplevel() on ptolemy.moml.MoMLSimpleApplication@44ff055
reloadAllAccessors: .ConstantPublisherPort4

===========================================================================================
----------------- testing Sat Aug 10 05:27:01 UTC 2019 /home/travis/build/icyphy/ptII/ptolemy/actor/lib/test/auto/ConstantPublisherPort5.xml
----------------- Instantiating /home/travis/build/icyphy/ptII/ptolemy/actor/lib/test/auto/ConstantPublisherPort5.xml
36 ms. Memory: 461824K Free: 413314K (89%)
----------------- Invoking toplevel() on ptolemy.moml.MoMLSimpleApplication@20ddea09
----------------- Done invoking toplevel() on ptolemy.moml.MoMLSimpleApplication@20ddea09
reloadAllAccessors: .ConstantPublisherPort5

===========================================================================================
----------------- testing Sat Aug 10 05:27:01 UTC 2019 /home/travis/build/icyphy/ptII/ptolemy/actor/lib/test/auto/ConstantPublisherPort6.xml
----------------- Instantiating /home/travis/build/icyphy/ptII/ptolemy/actor/lib/test/auto/ConstantPublisherPort6.xml
32 ms. Memory: 461824K Free: 403854K (87%)
----------------- Invoking toplevel() on ptolemy.moml.MoMLSimpleApplication@78ba32e7
----------------- Done invoking toplevel() on ptolemy.moml.MoMLSimpleApplication@78ba32e7
reloadAllAccessors: .ConstantPublisherPort6

===========================================================================================
----------------- testing Sat Aug 10 05:27:01 UTC 2019 /home/travis/build/icyphy/ptII/ptolemy/actor/lib/test/auto/ConstantPublisherPort7.xml
----------------- Instantiating /home/travis/build/icyphy/ptII/ptolemy/actor/lib/test/auto/ConstantPublisherPort7.xml
17 ms. Memory: 461824K Free: 394638K (85%)
----------------- Invoking toplevel() on ptolemy.moml.MoMLSimpleApplication@1bc345a1
----------------- Done invoking toplevel() on ptolemy.moml.MoMLSimpleApplication@1bc345a1
reloadAllAccessors: .ConstantPublisherPort7

===========================================================================================
----------------- testing Sat Aug 10 05:27:01 UTC 2019 /home/travis/build/icyphy/ptII/ptolemy/actor/lib/test/auto/ConstraintMonitor1.xml
----------------- Instantiating /home/travis/build/icyphy/ptII/ptolemy/actor/lib/test/auto/ConstraintMonitor1.xml
10 ms. Memory: 461824K Free: 389504K (84%)
----------------- Invoking toplevel() on ptolemy.moml.MoMLSimpleApplication@19e873b8
----------------- Done invoking toplevel() on ptolemy.moml.MoMLSimpleApplication@19e873b8
reloadAllAccessors: .ConstraintMonitor1

===========================================================================================
----------------- testing Sat Aug 10 05:27:01 UTC 2019 /home/travis/build/icyphy/ptII/ptolemy/actor/lib/test/auto/ConstraintMonitor2.xml
----------------- Instantiating /home/travis/build/icyphy/ptII/ptolemy/actor/lib/test/auto/ConstraintMonitor2.xml
6 ms. Memory: 461824K Free: 384912K (83%)
----------------- Invoking toplevel() on ptolemy.moml.MoMLSimpleApplication@28faf32a
----------------- Done invoking toplevel() on ptolemy.moml.MoMLSimpleApplication@28faf32a
reloadAllAccessors: .ConstraintMonitor2

===========================================================================================
----------------- testing Sat Aug 10 05:27:01 UTC 2019 /home/travis/build/icyphy/ptII/ptolemy/actor/lib/test/auto/ConstraintMonitor3.xml
----------------- Instantiating /home/travis/build/icyphy/ptII/ptolemy/actor/lib/test/auto/ConstraintMonitor3.xml
1 ms. Memory: 461824K Free: 380302K (82%)
----------------- Invoking toplevel() on ptolemy.moml.MoMLSimpleApplication@5feb32c7
----------------- Done invoking toplevel() on ptolemy.moml.MoMLSimpleApplication@5feb32c7
reloadAllAccessors: .ConstraintMonitor3

===========================================================================================
----------------- testing Sat Aug 10 05:27:02 UTC 2019 /home/travis/build/icyphy/ptII/ptolemy/actor/lib/test/auto/ConstraintMonitor4.xml
----------------- Instantiating /home/travis/build/icyphy/ptII/ptolemy/actor/lib/test/auto/ConstraintMonitor4.xml
5 ms. Memory: 461824K Free: 375182K (81%)
----------------- Invoking toplevel() on ptolemy.moml.MoMLSimpleApplication@7bc4a98b
----------------- Done invoking toplevel() on ptolemy.moml.MoMLSimpleApplication@7bc4a98b
reloadAllAccessors: .ConstraintMonitor4

===========================================================================================
----------------- testing Sat Aug 10 05:27:02 UTC 2019 /home/travis/build/icyphy/ptII/ptolemy/actor/lib/test/auto/ConstraintMonitor5.xml
----------------- Instantiating /home/travis/build/icyphy/ptII/ptolemy/actor/lib/test/auto/ConstraintMonitor5.xml
4 ms. Memory: 461824K Free: 370576K (80%)
----------------- Invoking toplevel() on ptolemy.moml.MoMLSimpleApplication@e1ee999
----------------- Done invoking toplevel() on ptolemy.moml.MoMLSimpleApplication@e1ee999
reloadAllAccessors: .ConstraintMonitor5

===========================================================================================
----------------- testing Sat Aug 10 05:27:02 UTC 2019 /home/travis/build/icyphy/ptII/ptolemy/actor/lib/test/auto/ConstraintMonitor6.xml
----------------- Instantiating /home/travis/build/icyphy/ptII/ptolemy/actor/lib/test/auto/ConstraintMonitor6.xml
6 ms. Memory: 461824K Free: 363904K (79%)
----------------- Invoking toplevel() on ptolemy.moml.MoMLSimpleApplication@1d54dba9
----------------- Done invoking toplevel() on ptolemy.moml.MoMLSimpleApplication@1d54dba9
reloadAllAccessors: .ConstraintMonitor6

===========================================================================================
----------------- testing Sat Aug 10 05:27:02 UTC 2019 /home/travis/build/icyphy/ptII/ptolemy/actor/lib/test/auto/ConstraintMonitor7.xml
----------------- Instantiating /home/travis/build/icyphy/ptII/ptolemy/actor/lib/test/auto/ConstraintMonitor7.xml
2 ms. Memory: 461824K Free: 357264K (77%)
----------------- Invoking toplevel() on ptolemy.moml.MoMLSimpleApplication@211096cc
----------------- Done invoking toplevel() on ptolemy.moml.MoMLSimpleApplication@211096cc
reloadAllAccessors: .ConstraintMonitor7

===========================================================================================
----------------- testing Sat Aug 10 05:27:02 UTC 2019 /home/travis/build/icyphy/ptII/ptolemy/actor/lib/test/auto/ConstraintMonitor8.xml
----------------- Instantiating /home/travis/build/icyphy/ptII/ptolemy/actor/lib/test/auto/ConstraintMonitor8.xml
7 ms. Memory: 461824K Free: 350096K (76%)
----------------- Invoking toplevel() on ptolemy.moml.MoMLSimpleApplication@755faab
----------------- Done invoking toplevel() on ptolemy.moml.MoMLSimpleApplication@755faab
reloadAllAccessors: .ConstraintMonitor8

===========================================================================================
----------------- testing Sat Aug 10 05:27:02 UTC 2019 /home/travis/build/icyphy/ptII/ptolemy/actor/lib/test/auto/Counter.xml
----------------- Instantiating /home/travis/build/icyphy/ptII/ptolemy/actor/lib/test/auto/Counter.xml
3 ms. Memory: 461824K Free: 344976K (75%)
----------------- Invoking toplevel() on ptolemy.moml.MoMLSimpleApplication@21c02d48
----------------- Done invoking toplevel() on ptolemy.moml.MoMLSimpleApplication@21c02d48
reloadAllAccessors: .Counter

===========================================================================================
----------------- testing Sat Aug 10 05:27:02 UTC 2019 /home/travis/build/icyphy/ptII/ptolemy/actor/lib/test/auto/CurrentTimeSDF.xml
----------------- Instantiating /home/travis/build/icyphy/ptII/ptolemy/actor/lib/test/auto/CurrentTimeSDF.xml
2 ms. Memory: 461824K Free: 340880K (74%)
----------------- Invoking toplevel() on ptolemy.moml.MoMLSimpleApplication@6fd08f89
----------------- Done invoking toplevel() on ptolemy.moml.MoMLSimpleApplication@6fd08f89
reloadAllAccessors: .CurrentTimeSDF

===========================================================================================
----------------- testing Sat Aug 10 05:27:02 UTC 2019 /home/travis/build/icyphy/ptII/ptolemy/actor/lib/test/auto/DB.xml
----------------- Instantiating /home/travis/build/icyphy/ptII/ptolemy/actor/lib/test/auto/DB.xml
3 ms. Memory: 461824K Free: 335760K (73%)
----------------- Invoking toplevel() on ptolemy.moml.MoMLSimpleApplication@5417250a
----------------- Done invoking toplevel() on ptolemy.moml.MoMLSimpleApplication@5417250a
reloadAllAccessors: .DB

===========================================================================================
----------------- testing Sat Aug 10 05:27:02 UTC 2019 /home/travis/build/icyphy/ptII/ptolemy/actor/lib/test/auto/DBDE.xml
----------------- Instantiating /home/travis/build/icyphy/ptII/ptolemy/actor/lib/test/auto/DBDE.xml
2 ms. Memory: 461824K Free: 329616K (71%)
----------------- Invoking toplevel() on ptolemy.moml.MoMLSimpleApplication@4342eb7
----------------- Done invoking toplevel() on ptolemy.moml.MoMLSimpleApplication@4342eb7
reloadAllAccessors: .DBDE

===========================================================================================
----------------- testing Sat Aug 10 05:27:02 UTC 2019 /home/travis/build/icyphy/ptII/ptolemy/actor/lib/test/auto/DateConstructor.xml
----------------- Instantiating /home/travis/build/icyphy/ptII/ptolemy/actor/lib/test/auto/DateConstructor.xml
37 ms. Memory: 461824K Free: 312208K (68%)
----------------- Invoking toplevel() on ptolemy.moml.MoMLSimpleApplication@41ae4e09
----------------- Done invoking toplevel() on ptolemy.moml.MoMLSimpleApplication@41ae4e09
reloadAllAccessors: .DateConstructor

===========================================================================================
----------------- testing Sat Aug 10 05:27:02 UTC 2019 /home/travis/build/icyphy/ptII/ptolemy/actor/lib/test/auto/DelayTime.xml
----------------- Instantiating /home/travis/build/icyphy/ptII/ptolemy/actor/lib/test/auto/DelayTime.xml
6 ms. Memory: 461824K Free: 307598K (67%)
----------------- Invoking toplevel() on ptolemy.moml.MoMLSimpleApplication@7101936c
----------------- Done invoking toplevel() on ptolemy.moml.MoMLSimpleApplication@7101936c
reloadAllAccessors: .DelayTime

===========================================================================================
----------------- testing Sat Aug 10 05:27:02 UTC 2019 /home/travis/build/icyphy/ptII/ptolemy/actor/lib/test/auto/Dictionary1.xml
----------------- Instantiating /home/travis/build/icyphy/ptII/ptolemy/actor/lib/test/auto/Dictionary1.xml
2 ms. Memory: 461824K Free: 301968K (65%)
----------------- Invoking toplevel() on ptolemy.moml.MoMLSimpleApplication@3f93f4b1
----------------- Done invoking toplevel() on ptolemy.moml.MoMLSimpleApplication@3f93f4b1
reloadAllAccessors: .Dictionary1

===========================================================================================
----------------- testing Sat Aug 10 05:27:02 UTC 2019 /home/travis/build/icyphy/ptII/ptolemy/actor/lib/test/auto/Dictionary2.xml
----------------- Instantiating /home/travis/build/icyphy/ptII/ptolemy/actor/lib/test/auto/Dictionary2.xml
5 ms. Memory: 461824K Free: 296334K (64%)
----------------- Invoking toplevel() on ptolemy.moml.MoMLSimpleApplication@3b5ff95d
----------------- Done invoking toplevel() on ptolemy.moml.MoMLSimpleApplication@3b5ff95d
reloadAllAccessors: .Dictionary2

===========================================================================================
----------------- testing Sat Aug 10 05:27:02 UTC 2019 /home/travis/build/icyphy/ptII/ptolemy/actor/lib/test/auto/Dictionary3.xml
----------------- Instantiating /home/travis/build/icyphy/ptII/ptolemy/actor/lib/test/auto/Dictionary3.xml
2 ms. Memory: 461824K Free: 290704K (63%)
----------------- Invoking toplevel() on ptolemy.moml.MoMLSimpleApplication@7cd1a0
----------------- Done invoking toplevel() on ptolemy.moml.MoMLSimpleApplication@7cd1a0
reloadAllAccessors: .Dictionary3

===========================================================================================
----------------- testing Sat Aug 10 05:27:02 UTC 2019 /home/travis/build/icyphy/ptII/ptolemy/actor/lib/test/auto/Dictionary4.xml
----------------- Instantiating /home/travis/build/icyphy/ptII/ptolemy/actor/lib/test/auto/Dictionary4.xml
3 ms. Memory: 461824K Free: 284040K (62%)
----------------- Invoking toplevel() on ptolemy.moml.MoMLSimpleApplication@7c7968ce
----------------- Done invoking toplevel() on ptolemy.moml.MoMLSimpleApplication@7c7968ce
reloadAllAccessors: .Dictionary4

===========================================================================================
----------------- testing Sat Aug 10 05:27:02 UTC 2019 /home/travis/build/icyphy/ptII/ptolemy/actor/lib/test/auto/Differential.xml
----------------- Instantiating /home/travis/build/icyphy/ptII/ptolemy/actor/lib/test/auto/Differential.xml
3 ms. Memory: 461824K Free: 279440K (61%)
----------------- Invoking toplevel() on ptolemy.moml.MoMLSimpleApplication@15a54049
----------------- Done invoking toplevel() on ptolemy.moml.MoMLSimpleApplication@15a54049
reloadAllAccessors: .Differential

===========================================================================================
----------------- testing Sat Aug 10 05:27:02 UTC 2019 /home/travis/build/icyphy/ptII/ptolemy/actor/lib/test/auto/Director.xml
----------------- Instantiating /home/travis/build/icyphy/ptII/ptolemy/actor/lib/test/auto/Director.xml
2 ms. Memory: 461824K Free: 275854K (60%)
----------------- Invoking toplevel() on ptolemy.moml.MoMLSimpleApplication@714b2bb9
----------------- Done invoking toplevel() on ptolemy.moml.MoMLSimpleApplication@714b2bb9
reloadAllAccessors: .Director

===========================================================================================
----------------- testing Sat Aug 10 05:27:02 UTC 2019 /home/travis/build/icyphy/ptII/ptolemy/actor/lib/test/auto/DiscreteClock.xml
----------------- Instantiating /home/travis/build/icyphy/ptII/ptolemy/actor/lib/test/auto/DiscreteClock.xml
1 ms. Memory: 461824K Free: 272272K (59%)
----------------- Invoking toplevel() on ptolemy.moml.MoMLSimpleApplication@719df3f8
----------------- Done invoking toplevel() on ptolemy.moml.MoMLSimpleApplication@719df3f8
reloadAllAccessors: .DiscreteClock

===========================================================================================
----------------- testing Sat Aug 10 05:27:02 UTC 2019 /home/travis/build/icyphy/ptII/ptolemy/actor/lib/test/auto/DiscreteClock10.xml
----------------- Instantiating /home/travis/build/icyphy/ptII/ptolemy/actor/lib/test/auto/DiscreteClock10.xml
4 ms. Memory: 461824K Free: 266128K (58%)
----------------- Invoking toplevel() on ptolemy.moml.MoMLSimpleApplication@4db02a83
----------------- Done invoking toplevel() on ptolemy.moml.MoMLSimpleApplication@4db02a83
reloadAllAccessors: .DiscreteClock10

===========================================================================================
----------------- testing Sat Aug 10 05:27:02 UTC 2019 /home/travis/build/icyphy/ptII/ptolemy/actor/lib/test/auto/DiscreteClock11.xml
----------------- Instantiating /home/travis/build/icyphy/ptII/ptolemy/actor/lib/test/auto/DiscreteClock11.xml
2 ms. Memory: 461824K Free: 259984K (56%)
----------------- Invoking toplevel() on ptolemy.moml.MoMLSimpleApplication@74038fe5
----------------- Done invoking toplevel() on ptolemy.moml.MoMLSimpleApplication@74038fe5
reloadAllAccessors: .DiscreteClock11

===========================================================================================
----------------- testing Sat Aug 10 05:27:02 UTC 2019 /home/travis/build/icyphy/ptII/ptolemy/actor/lib/test/auto/DiscreteClock12.xml
----------------- Instantiating /home/travis/build/icyphy/ptII/ptolemy/actor/lib/test/auto/DiscreteClock12.xml
3 ms. Memory: 461824K Free: 253840K (55%)
----------------- Invoking toplevel() on ptolemy.moml.MoMLSimpleApplication@40114b8b
----------------- Done invoking toplevel() on ptolemy.moml.MoMLSimpleApplication@40114b8b
reloadAllAccessors: .DiscreteClock12

===========================================================================================
----------------- testing Sat Aug 10 05:27:02 UTC 2019 /home/travis/build/icyphy/ptII/ptolemy/actor/lib/test/auto/DiscreteClock13.xml
----------------- Instantiating /home/travis/build/icyphy/ptII/ptolemy/actor/lib/test/auto/DiscreteClock13.xml
8 ms. Memory: 461824K Free: 248176K (54%)
----------------- Invoking toplevel() on ptolemy.moml.MoMLSimpleApplication@2f74029a
----------------- Done invoking toplevel() on ptolemy.moml.MoMLSimpleApplication@2f74029a
reloadAllAccessors: .DiscreteClock13

===========================================================================================
----------------- testing Sat Aug 10 05:27:02 UTC 2019 /home/travis/build/icyphy/ptII/ptolemy/actor/lib/test/auto/DiscreteClock14.xml
----------------- Instantiating /home/travis/build/icyphy/ptII/ptolemy/actor/lib/test/auto/DiscreteClock14.xml
6 ms. Memory: 461824K Free: 242032K (52%)
----------------- Invoking toplevel() on ptolemy.moml.MoMLSimpleApplication@73e2cc3b
----------------- Done invoking toplevel() on ptolemy.moml.MoMLSimpleApplication@73e2cc3b
reloadAllAccessors: .DiscreteClock14

===========================================================================================
----------------- testing Sat Aug 10 05:27:02 UTC 2019 /home/travis/build/icyphy/ptII/ptolemy/actor/lib/test/auto/DiscreteClock15.xml
----------------- Instantiating /home/travis/build/icyphy/ptII/ptolemy/actor/lib/test/auto/DiscreteClock15.xml
5 ms. Memory: 461824K Free: 235888K (51%)
----------------- Invoking toplevel() on ptolemy.moml.MoMLSimpleApplication@28fb0e0
----------------- Done invoking toplevel() on ptolemy.moml.MoMLSimpleApplication@28fb0e0
reloadAllAccessors: .DiscreteClock15

===========================================================================================
----------------- testing Sat Aug 10 05:27:02 UTC 2019 /home/travis/build/icyphy/ptII/ptolemy/actor/lib/test/auto/DiscreteClock16.xml
----------------- Instantiating /home/travis/build/icyphy/ptII/ptolemy/actor/lib/test/auto/DiscreteClock16.xml
17 ms. Memory: 461824K Free: 222096K (48%)
----------------- Invoking toplevel() on ptolemy.moml.MoMLSimpleApplication@54c62919
----------------- Done invoking toplevel() on ptolemy.moml.MoMLSimpleApplication@54c62919
reloadAllAccessors: .DiscreteClock16

===========================================================================================
----------------- testing Sat Aug 10 05:27:02 UTC 2019 /home/travis/build/icyphy/ptII/ptolemy/actor/lib/test/auto/DiscreteClock17.xml
----------------- Instantiating /home/travis/build/icyphy/ptII/ptolemy/actor/lib/test/auto/DiscreteClock17.xml
19 ms. Memory: 461824K Free: 207760K (45%)
----------------- Invoking toplevel() on ptolemy.moml.MoMLSimpleApplication@16a639f8
----------------- Done invoking toplevel() on ptolemy.moml.MoMLSimpleApplication@16a639f8
reloadAllAccessors: .DiscreteClock17

===========================================================================================
----------------- testing Sat Aug 10 05:27:02 UTC 2019 /home/travis/build/icyphy/ptII/ptolemy/actor/lib/test/auto/DiscreteClock18.xml
----------------- Instantiating /home/travis/build/icyphy/ptII/ptolemy/actor/lib/test/auto/DiscreteClock18.xml
26 ms. Memory: 461824K Free: 193928K (42%)
----------------- Invoking toplevel() on ptolemy.moml.MoMLSimpleApplication@3000fe58
----------------- Done invoking toplevel() on ptolemy.moml.MoMLSimpleApplication@3000fe58
reloadAllAccessors: .DiscreteClock18

===========================================================================================
----------------- testing Sat Aug 10 05:27:02 UTC 2019 /home/travis/build/icyphy/ptII/ptolemy/actor/lib/test/auto/DiscreteClock19.xml
----------------- Instantiating /home/travis/build/icyphy/ptII/ptolemy/actor/lib/test/auto/DiscreteClock19.xml
19 ms. Memory: 461824K Free: 180112K (39%)
----------------- Invoking toplevel() on ptolemy.moml.MoMLSimpleApplication@3ff082a8
----------------- Done invoking toplevel() on ptolemy.moml.MoMLSimpleApplication@3ff082a8
reloadAllAccessors: .DiscreteClock19

===========================================================================================
----------------- testing Sat Aug 10 05:27:02 UTC 2019 /home/travis/build/icyphy/ptII/ptolemy/actor/lib/test/auto/DiscreteClock2.xml
----------------- Instantiating /home/travis/build/icyphy/ptII/ptolemy/actor/lib/test/auto/DiscreteClock2.xml
5 ms. Memory: 461824K Free: 174992K (38%)
----------------- Invoking toplevel() on ptolemy.moml.MoMLSimpleApplication@45355ec9
----------------- Done invoking toplevel() on ptolemy.moml.MoMLSimpleApplication@45355ec9
reloadAllAccessors: .DiscreteClock2

===========================================================================================
----------------- testing Sat Aug 10 05:27:02 UTC 2019 /home/travis/build/icyphy/ptII/ptolemy/actor/lib/test/auto/DiscreteClock20.xml
----------------- Instantiating /home/travis/build/icyphy/ptII/ptolemy/actor/lib/test/auto/DiscreteClock20.xml
9 ms. Memory: 461824K Free: 169872K (37%)
----------------- Invoking toplevel() on ptolemy.moml.MoMLSimpleApplication@6fde3bf4
----------------- Done invoking toplevel() on ptolemy.moml.MoMLSimpleApplication@6fde3bf4
reloadAllAccessors: .DiscreteClock20

===========================================================================================
----------------- testing Sat Aug 10 05:27:02 UTC 2019 /home/travis/build/icyphy/ptII/ptolemy/actor/lib/test/auto/DiscreteClock21.xml
----------------- Instantiating /home/travis/build/icyphy/ptII/ptolemy/actor/lib/test/auto/DiscreteClock21.xml
6 ms. Memory: 461824K Free: 164238K (36%)
----------------- Invoking toplevel() on ptolemy.moml.MoMLSimpleApplication@10745542
----------------- Done invoking toplevel() on ptolemy.moml.MoMLSimpleApplication@10745542
reloadAllAccessors: .DiscreteClock21

===========================================================================================
----------------- testing Sat Aug 10 05:27:02 UTC 2019 /home/travis/build/icyphy/ptII/ptolemy/actor/lib/test/auto/DiscreteClock22.xml
----------------- Instantiating /home/travis/build/icyphy/ptII/ptolemy/actor/lib/test/auto/DiscreteClock22.xml
5 ms. Memory: 461824K Free: 158608K (34%)
----------------- Invoking toplevel() on ptolemy.moml.MoMLSimpleApplication@7710478d
----------------- Done invoking toplevel() on ptolemy.moml.MoMLSimpleApplication@7710478d
reloadAllAccessors: .DiscreteClock22

===========================================================================================
----------------- testing Sat Aug 10 05:27:02 UTC 2019 /home/travis/build/icyphy/ptII/ptolemy/actor/lib/test/auto/DiscreteClock23.xml
----------------- Instantiating /home/travis/build/icyphy/ptII/ptolemy/actor/lib/test/auto/DiscreteClock23.xml
13 ms. Memory: 461824K Free: 152974K (33%)
----------------- Invoking toplevel() on ptolemy.moml.MoMLSimpleApplication@36c9b12a
----------------- Done invoking toplevel() on ptolemy.moml.MoMLSimpleApplication@36c9b12a
reloadAllAccessors: .DiscreteClock23

===========================================================================================
----------------- testing Sat Aug 10 05:27:02 UTC 2019 /home/travis/build/icyphy/ptII/ptolemy/actor/lib/test/auto/DiscreteClock24.xml
----------------- Instantiating /home/travis/build/icyphy/ptII/ptolemy/actor/lib/test/auto/DiscreteClock24.xml
5 ms. Memory: 461824K Free: 147854K (32%)
----------------- Invoking toplevel() on ptolemy.moml.MoMLSimpleApplication@10702d05
----------------- Done invoking toplevel() on ptolemy.moml.MoMLSimpleApplication@10702d05
reloadAllAccessors: .DiscreteClock24

===========================================================================================
----------------- testing Sat Aug 10 05:27:03 UTC 2019 /home/travis/build/icyphy/ptII/ptolemy/actor/lib/test/auto/DiscreteClock4.xml
----------------- Instantiating /home/travis/build/icyphy/ptII/ptolemy/actor/lib/test/auto/DiscreteClock4.xml
31 ms. Memory: 461824K Free: 413127K (89%)
----------------- Invoking toplevel() on ptolemy.moml.MoMLSimpleApplication@4d4580a8
----------------- Done invoking toplevel() on ptolemy.moml.MoMLSimpleApplication@4d4580a8
reloadAllAccessors: .DiscreteClock4

===========================================================================================
----------------- testing Sat Aug 10 05:27:03 UTC 2019 /home/travis/build/icyphy/ptII/ptolemy/actor/lib/test/auto/DiscreteClock5.xml
----------------- Instantiating /home/travis/build/icyphy/ptII/ptolemy/actor/lib/test/auto/DiscreteClock5.xml
1 ms. Memory: 461824K Free: 406985K (88%)
----------------- Invoking toplevel() on ptolemy.moml.MoMLSimpleApplication@40ca081
----------------- Done invoking toplevel() on ptolemy.moml.MoMLSimpleApplication@40ca081
reloadAllAccessors: .DiscreteClock5

===========================================================================================
----------------- testing Sat Aug 10 05:27:03 UTC 2019 /home/travis/build/icyphy/ptII/ptolemy/actor/lib/test/auto/DiscreteClock6.xml
----------------- Instantiating /home/travis/build/icyphy/ptII/ptolemy/actor/lib/test/auto/DiscreteClock6.xml
1 ms. Memory: 461824K Free: 402375K (87%)
----------------- Invoking toplevel() on ptolemy.moml.MoMLSimpleApplication@2d55a9bc
----------------- Done invoking toplevel() on ptolemy.moml.MoMLSimpleApplication@2d55a9bc
reloadAllAccessors: .DiscreteClock6

===========================================================================================
----------------- testing Sat Aug 10 05:27:03 UTC 2019 /home/travis/build/icyphy/ptII/ptolemy/actor/lib/test/auto/DiscreteClock7.xml
----------------- Instantiating /home/travis/build/icyphy/ptII/ptolemy/actor/lib/test/auto/DiscreteClock7.xml
2 ms. Memory: 461824K Free: 398279K (86%)
----------------- Invoking toplevel() on ptolemy.moml.MoMLSimpleApplication@216697ca
----------------- Done invoking toplevel() on ptolemy.moml.MoMLSimpleApplication@216697ca
reloadAllAccessors: .DiscreteClock7

===========================================================================================
----------------- testing Sat Aug 10 05:27:03 UTC 2019 /home/travis/build/icyphy/ptII/ptolemy/actor/lib/test/auto/DiscreteClock8.xml
----------------- Instantiating /home/travis/build/icyphy/ptII/ptolemy/actor/lib/test/auto/DiscreteClock8.xml
9 ms. Memory: 461824K Free: 392649K (85%)
----------------- Invoking toplevel() on ptolemy.moml.MoMLSimpleApplication@282e12d6
----------------- Done invoking toplevel() on ptolemy.moml.MoMLSimpleApplication@282e12d6
reloadAllAccessors: .DiscreteClock8

===========================================================================================
----------------- testing Sat Aug 10 05:27:03 UTC 2019 /home/travis/build/icyphy/ptII/ptolemy/actor/lib/test/auto/DiscreteClock9.xml
----------------- Instantiating /home/travis/build/icyphy/ptII/ptolemy/actor/lib/test/auto/DiscreteClock9.xml
5 ms. Memory: 461824K Free: 386505K (84%)
----------------- Invoking toplevel() on ptolemy.moml.MoMLSimpleApplication@45679131
----------------- Done invoking toplevel() on ptolemy.moml.MoMLSimpleApplication@45679131
reloadAllAccessors: .DiscreteClock9

===========================================================================================
----------------- testing Sat Aug 10 05:27:03 UTC 2019 /home/travis/build/icyphy/ptII/ptolemy/actor/lib/test/auto/DisplayArray.xml
----------------- Instantiating /home/travis/build/icyphy/ptII/ptolemy/actor/lib/test/auto/DisplayArray.xml
2 ms. Memory: 461824K Free: 382919K (83%)
----------------- Invoking toplevel() on ptolemy.moml.MoMLSimpleApplication@55851cc6
----------------- Done invoking toplevel() on ptolemy.moml.MoMLSimpleApplication@55851cc6
reloadAllAccessors: .DisplayArray

===========================================================================================
----------------- testing Sat Aug 10 05:27:03 UTC 2019 /home/travis/build/icyphy/ptII/ptolemy/actor/lib/test/auto/Distributor.xml
----------------- Instantiating /home/travis/build/icyphy/ptII/ptolemy/actor/lib/test/auto/Distributor.xml
2 ms. Memory: 461824K Free: 378313K (82%)
----------------- Invoking toplevel() on ptolemy.moml.MoMLSimpleApplication@70a6b9b5
----------------- Done invoking toplevel() on ptolemy.moml.MoMLSimpleApplication@70a6b9b5
reloadAllAccessors: .Distributor

===========================================================================================
----------------- testing Sat Aug 10 05:27:03 UTC 2019 /home/travis/build/icyphy/ptII/ptolemy/actor/lib/test/auto/Distributor2.xml
----------------- Instantiating /home/travis/build/icyphy/ptII/ptolemy/actor/lib/test/auto/Distributor2.xml
2 ms. Memory: 461824K Free: 373193K (81%)
----------------- Invoking toplevel() on ptolemy.moml.MoMLSimpleApplication@35119f6b
----------------- Done invoking toplevel() on ptolemy.moml.MoMLSimpleApplication@35119f6b
reloadAllAccessors: .Distributor2

===========================================================================================
----------------- testing Sat Aug 10 05:27:03 UTC 2019 /home/travis/build/icyphy/ptII/ptolemy/actor/lib/test/auto/DownSample.xml
----------------- Instantiating /home/travis/build/icyphy/ptII/ptolemy/actor/lib/test/auto/DownSample.xml
2 ms. Memory: 461824K Free: 368583K (80%)
----------------- Invoking toplevel() on ptolemy.moml.MoMLSimpleApplication@35df3cbe
----------------- Done invoking toplevel() on ptolemy.moml.MoMLSimpleApplication@35df3cbe
reloadAllAccessors: .DownSample

===========================================================================================
----------------- testing Sat Aug 10 05:27:03 UTC 2019 /home/travis/build/icyphy/ptII/ptolemy/actor/lib/test/auto/ElectronicUnitBase1.xml
----------------- Instantiating /home/travis/build/icyphy/ptII/ptolemy/actor/lib/test/auto/ElectronicUnitBase1.xml
17 ms. Memory: 461824K Free: 352199K (76%)
----------------- Invoking toplevel() on ptolemy.moml.MoMLSimpleApplication@cda1499
----------------- Done invoking toplevel() on ptolemy.moml.MoMLSimpleApplication@cda1499
reloadAllAccessors: .ElectronicUnitBase1

===========================================================================================
----------------- testing Sat Aug 10 05:27:03 UTC 2019 /home/travis/build/icyphy/ptII/ptolemy/actor/lib/test/auto/ElementsToArray.xml
----------------- Instantiating /home/travis/build/icyphy/ptII/ptolemy/actor/lib/test/auto/ElementsToArray.xml
2 ms. Memory: 461824K Free: 347079K (75%)
----------------- Invoking toplevel() on ptolemy.moml.MoMLSimpleApplication@5dacd746
----------------- Done invoking toplevel() on ptolemy.moml.MoMLSimpleApplication@5dacd746
reloadAllAccessors: .ElementsToArray

===========================================================================================
----------------- testing Sat Aug 10 05:27:03 UTC 2019 /home/travis/build/icyphy/ptII/ptolemy/actor/lib/test/auto/Equals.xml
----------------- Instantiating /home/travis/build/icyphy/ptII/ptolemy/actor/lib/test/auto/Equals.xml
4 ms. Memory: 461824K Free: 342983K (74%)
----------------- Invoking toplevel() on ptolemy.moml.MoMLSimpleApplication@518736b4
----------------- Done invoking toplevel() on ptolemy.moml.MoMLSimpleApplication@518736b4
reloadAllAccessors: .Equals

===========================================================================================
----------------- testing Sat Aug 10 05:27:03 UTC 2019 /home/travis/build/icyphy/ptII/ptolemy/actor/lib/test/auto/Exec.xml
----------------- Instantiating /home/travis/build/icyphy/ptII/ptolemy/actor/lib/test/auto/Exec.xml
23 ms. Memory: 461824K Free: 336839K (73%)
----------------- Invoking toplevel() on ptolemy.moml.MoMLSimpleApplication@294a6dde
----------------- Done invoking toplevel() on ptolemy.moml.MoMLSimpleApplication@294a6dde
reloadAllAccessors: .Exec

===========================================================================================
----------------- testing Sat Aug 10 05:27:03 UTC 2019 /home/travis/build/icyphy/ptII/ptolemy/actor/lib/test/auto/ExecEnvironment.xml
----------------- Instantiating /home/travis/build/icyphy/ptII/ptolemy/actor/lib/test/auto/ExecEnvironment.xml
25 ms. Memory: 461824K Free: 331689K (72%)
----------------- Invoking toplevel() on ptolemy.moml.MoMLSimpleApplication@2bd13004
----------------- Done invoking toplevel() on ptolemy.moml.MoMLSimpleApplication@2bd13004
reloadAllAccessors: .ExecEnvironment

===========================================================================================
----------------- testing Sat Aug 10 05:27:03 UTC 2019 /home/travis/build/icyphy/ptII/ptolemy/actor/lib/test/auto/ExecNonZeroReturnOutput.xml
----------------- Instantiating /home/travis/build/icyphy/ptII/ptolemy/actor/lib/test/auto/ExecNonZeroReturnOutput.xml
204 ms. Memory: 461824K Free: 320455K (69%)
----------------- Invoking toplevel() on ptolemy.moml.MoMLSimpleApplication@32c69a01
----------------- Done invoking toplevel() on ptolemy.moml.MoMLSimpleApplication@32c69a01
reloadAllAccessors: .ExecNonZeroReturnOutput

===========================================================================================
----------------- testing Sat Aug 10 05:27:03 UTC 2019 /home/travis/build/icyphy/ptII/ptolemy/actor/lib/test/auto/ExecRunDemos.xml
----------------- Instantiating /home/travis/build/icyphy/ptII/ptolemy/actor/lib/test/auto/ExecRunDemos.xml
Finished: 80 ms. Memory: 120832K Free: 104341K (86%)

Finished: 78 ms. Memory: 120832K Free: 110657K (92%)

Finished: 98 ms. Memory: 120832K Free: 110143K (91%)

Finished: 101 ms. Memory: 120832K Free: 103221K (85%)

Finished: 83 ms. Memory: 120832K Free: 104009K (86%)

11184 ms. Memory: 461824K Free: 298951K (65%)
----------------- Invoking toplevel() on ptolemy.moml.MoMLSimpleApplication@3553e0e
----------------- Done invoking toplevel() on ptolemy.moml.MoMLSimpleApplication@3553e0e
reloadAllAccessors: .ExecRunDemos

===========================================================================================
----------------- testing Sat Aug 10 05:27:14 UTC 2019 /home/travis/build/icyphy/ptII/ptolemy/actor/lib/test/auto/ExecStop.xml
----------------- Instantiating /home/travis/build/icyphy/ptII/ptolemy/actor/lib/test/auto/ExecStop.xml
5013 ms. Memory: 461824K Free: 186311K (40%)
----------------- Invoking toplevel() on ptolemy.moml.MoMLSimpleApplication@59c3678
----------------- Done invoking toplevel() on ptolemy.moml.MoMLSimpleApplication@59c3678
reloadAllAccessors: .ExecStop

===========================================================================================
----------------- testing Sat Aug 10 05:27:20 UTC 2019 /home/travis/build/icyphy/ptII/ptolemy/actor/lib/test/auto/ExecutionTimeSDF.xml
----------------- Instantiating /home/travis/build/icyphy/ptII/ptolemy/actor/lib/test/auto/ExecutionTimeSDF.xml
Fired ExecutionTime: -1728967296
Fired ExecutionTime: 1063600000
Fired ExecutionTime: -1110167296
6010 ms. Memory: 461824K Free: 174009K (38%)
----------------- Invoking toplevel() on ptolemy.moml.MoMLSimpleApplication@24f218b
----------------- Done invoking toplevel() on ptolemy.moml.MoMLSimpleApplication@24f218b
reloadAllAccessors: .ExecutionTimeSDF

===========================================================================================
----------------- testing Sat Aug 10 05:27:26 UTC 2019 /home/travis/build/icyphy/ptII/ptolemy/actor/lib/test/auto/Expression1.xml
----------------- Instantiating /home/travis/build/icyphy/ptII/ptolemy/actor/lib/test/auto/Expression1.xml
1 ms. Memory: 461824K Free: 170441K (37%)
----------------- Invoking toplevel() on ptolemy.moml.MoMLSimpleApplication@62b7a0cf
----------------- Done invoking toplevel() on ptolemy.moml.MoMLSimpleApplication@62b7a0cf
reloadAllAccessors: .Expression1

===========================================================================================
----------------- testing Sat Aug 10 05:27:26 UTC 2019 /home/travis/build/icyphy/ptII/ptolemy/actor/lib/test/auto/Expression10.xml
----------------- Instantiating /home/travis/build/icyphy/ptII/ptolemy/actor/lib/test/auto/Expression10.xml
7 ms. Memory: 461824K Free: 165321K (36%)
----------------- Invoking toplevel() on ptolemy.moml.MoMLSimpleApplication@5c0ab884
----------------- Done invoking toplevel() on ptolemy.moml.MoMLSimpleApplication@5c0ab884
reloadAllAccessors: .Expression10

===========================================================================================
----------------- testing Sat Aug 10 05:27:26 UTC 2019 /home/travis/build/icyphy/ptII/ptolemy/actor/lib/test/auto/Expression11.xml
----------------- Instantiating /home/travis/build/icyphy/ptII/ptolemy/actor/lib/test/auto/Expression11.xml
3 ms. Memory: 461824K Free: 160711K (35%)
----------------- Invoking toplevel() on ptolemy.moml.MoMLSimpleApplication@341be4e
----------------- Done invoking toplevel() on ptolemy.moml.MoMLSimpleApplication@341be4e
reloadAllAccessors: .Expression11

===========================================================================================
----------------- testing Sat Aug 10 05:27:26 UTC 2019 /home/travis/build/icyphy/ptII/ptolemy/actor/lib/test/auto/Expression12.xml
----------------- Instantiating /home/travis/build/icyphy/ptII/ptolemy/actor/lib/test/auto/Expression12.xml
3 ms. Memory: 461824K Free: 155081K (34%)
----------------- Invoking toplevel() on ptolemy.moml.MoMLSimpleApplication@38eca3ef
----------------- Done invoking toplevel() on ptolemy.moml.MoMLSimpleApplication@38eca3ef
reloadAllAccessors: .Expression12

===========================================================================================
----------------- testing Sat Aug 10 05:27:26 UTC 2019 /home/travis/build/icyphy/ptII/ptolemy/actor/lib/test/auto/Expression13.xml
----------------- Instantiating /home/travis/build/icyphy/ptII/ptolemy/actor/lib/test/auto/Expression13.xml
4 ms. Memory: 461824K Free: 150471K (33%)
----------------- Invoking toplevel() on ptolemy.moml.MoMLSimpleApplication@1f081f
----------------- Done invoking toplevel() on ptolemy.moml.MoMLSimpleApplication@1f081f
reloadAllAccessors: .Expression13

===========================================================================================
----------------- testing Sat Aug 10 05:27:26 UTC 2019 /home/travis/build/icyphy/ptII/ptolemy/actor/lib/test/auto/Expression14.xml
----------------- Instantiating /home/travis/build/icyphy/ptII/ptolemy/actor/lib/test/auto/Expression14.xml
8 ms. Memory: 461824K Free: 144327K (31%)
----------------- Invoking toplevel() on ptolemy.moml.MoMLSimpleApplication@51e069db
----------------- Done invoking toplevel() on ptolemy.moml.MoMLSimpleApplication@51e069db
reloadAllAccessors: .Expression14

===========================================================================================
----------------- testing Sat Aug 10 05:27:26 UTC 2019 /home/travis/build/icyphy/ptII/ptolemy/actor/lib/test/auto/Expression15.xml
----------------- Instantiating /home/travis/build/icyphy/ptII/ptolemy/actor/lib/test/auto/Expression15.xml
1 ms. Memory: 461824K Free: 410028K (89%)
----------------- Invoking toplevel() on ptolemy.moml.MoMLSimpleApplication@678bf9ff
----------------- Done invoking toplevel() on ptolemy.moml.MoMLSimpleApplication@678bf9ff
reloadAllAccessors: .Expression15

===========================================================================================
----------------- testing Sat Aug 10 05:27:26 UTC 2019 /home/travis/build/icyphy/ptII/ptolemy/actor/lib/test/auto/Expression16.xml
----------------- Instantiating /home/travis/build/icyphy/ptII/ptolemy/actor/lib/test/auto/Expression16.xml
3 ms. Memory: 461824K Free: 405422K (88%)
----------------- Invoking toplevel() on ptolemy.moml.MoMLSimpleApplication@e3734c2
----------------- Done invoking toplevel() on ptolemy.moml.MoMLSimpleApplication@e3734c2
reloadAllAccessors: .Expression16

===========================================================================================
----------------- testing Sat Aug 10 05:27:26 UTC 2019 /home/travis/build/icyphy/ptII/ptolemy/actor/lib/test/auto/Expression17.xml
----------------- Instantiating /home/travis/build/icyphy/ptII/ptolemy/actor/lib/test/auto/Expression17.xml
4 ms. Memory: 461824K Free: 400302K (87%)
----------------- Invoking toplevel() on ptolemy.moml.MoMLSimpleApplication@4b27f35b
----------------- Done invoking toplevel() on ptolemy.moml.MoMLSimpleApplication@4b27f35b
reloadAllAccessors: .Expression17

===========================================================================================
----------------- testing Sat Aug 10 05:27:26 UTC 2019 /home/travis/build/icyphy/ptII/ptolemy/actor/lib/test/auto/Expression18.xml
----------------- Instantiating /home/travis/build/icyphy/ptII/ptolemy/actor/lib/test/auto/Expression18.xml
4 ms. Memory: 461824K Free: 395180K (86%)
----------------- Invoking toplevel() on ptolemy.moml.MoMLSimpleApplication@3133f4be
----------------- Done invoking toplevel() on ptolemy.moml.MoMLSimpleApplication@3133f4be
reloadAllAccessors: .Expression18

===========================================================================================
----------------- testing Sat Aug 10 05:27:26 UTC 2019 /home/travis/build/icyphy/ptII/ptolemy/actor/lib/test/auto/Expression2.xml
----------------- Instantiating /home/travis/build/icyphy/ptII/ptolemy/actor/lib/test/auto/Expression2.xml
4 ms. Memory: 461824K Free: 390572K (85%)
----------------- Invoking toplevel() on ptolemy.moml.MoMLSimpleApplication@1e16884f
----------------- Done invoking toplevel() on ptolemy.moml.MoMLSimpleApplication@1e16884f
reloadAllAccessors: .Expression2

===========================================================================================
----------------- testing Sat Aug 10 05:27:26 UTC 2019 /home/travis/build/icyphy/ptII/ptolemy/actor/lib/test/auto/Expression3.xml
----------------- Instantiating /home/travis/build/icyphy/ptII/ptolemy/actor/lib/test/auto/Expression3.xml
6 ms. Memory: 461824K Free: 385452K (83%)
----------------- Invoking toplevel() on ptolemy.moml.MoMLSimpleApplication@274783d9
----------------- Done invoking toplevel() on ptolemy.moml.MoMLSimpleApplication@274783d9
reloadAllAccessors: .Expression3

===========================================================================================
----------------- testing Sat Aug 10 05:27:26 UTC 2019 /home/travis/build/icyphy/ptII/ptolemy/actor/lib/test/auto/Expression4.xml
----------------- Instantiating /home/travis/build/icyphy/ptII/ptolemy/actor/lib/test/auto/Expression4.xml
6 ms. Memory: 461824K Free: 377774K (82%)
----------------- Invoking toplevel() on ptolemy.moml.MoMLSimpleApplication@5e1d69d5
----------------- Done invoking toplevel() on ptolemy.moml.MoMLSimpleApplication@5e1d69d5
reloadAllAccessors: .Expression4

===========================================================================================
----------------- testing Sat Aug 10 05:27:26 UTC 2019 /home/travis/build/icyphy/ptII/ptolemy/actor/lib/test/auto/Expression5.xml
----------------- Instantiating /home/travis/build/icyphy/ptII/ptolemy/actor/lib/test/auto/Expression5.xml
4 ms. Memory: 461824K Free: 373164K (81%)
----------------- Invoking toplevel() on ptolemy.moml.MoMLSimpleApplication@768c605d
----------------- Done invoking toplevel() on ptolemy.moml.MoMLSimpleApplication@768c605d
reloadAllAccessors: .Expression5

===========================================================================================
----------------- testing Sat Aug 10 05:27:26 UTC 2019 /home/travis/build/icyphy/ptII/ptolemy/actor/lib/test/auto/Expression6.xml
----------------- Instantiating /home/travis/build/icyphy/ptII/ptolemy/actor/lib/test/auto/Expression6.xml
2 ms. Memory: 461824K Free: 368558K (80%)
----------------- Invoking toplevel() on ptolemy.moml.MoMLSimpleApplication@7d8f5254
----------------- Done invoking toplevel() on ptolemy.moml.MoMLSimpleApplication@7d8f5254
reloadAllAccessors: .Expression6

===========================================================================================
----------------- testing Sat Aug 10 05:27:26 UTC 2019 /home/travis/build/icyphy/ptII/ptolemy/actor/lib/test/auto/Expression7.xml
----------------- Instantiating /home/travis/build/icyphy/ptII/ptolemy/actor/lib/test/auto/Expression7.xml
4 ms. Memory: 461824K Free: 363438K (79%)
----------------- Invoking toplevel() on ptolemy.moml.MoMLSimpleApplication@3edfadd
----------------- Done invoking toplevel() on ptolemy.moml.MoMLSimpleApplication@3edfadd
reloadAllAccessors: .Expression7

===========================================================================================
----------------- testing Sat Aug 10 05:27:26 UTC 2019 /home/travis/build/icyphy/ptII/ptolemy/actor/lib/test/auto/Expression8.xml
----------------- Instantiating /home/travis/build/icyphy/ptII/ptolemy/actor/lib/test/auto/Expression8.xml
12 ms. Memory: 461824K Free: 358318K (78%)
----------------- Invoking toplevel() on ptolemy.moml.MoMLSimpleApplication@a140008
----------------- Done invoking toplevel() on ptolemy.moml.MoMLSimpleApplication@a140008
reloadAllAccessors: .Expression8

===========================================================================================
----------------- testing Sat Aug 10 05:27:26 UTC 2019 /home/travis/build/icyphy/ptII/ptolemy/actor/lib/test/auto/Expression9.xml
----------------- Instantiating /home/travis/build/icyphy/ptII/ptolemy/actor/lib/test/auto/Expression9.xml
1 ms. Memory: 461824K Free: 354732K (77%)
----------------- Invoking toplevel() on ptolemy.moml.MoMLSimpleApplication@18add124
----------------- Done invoking toplevel() on ptolemy.moml.MoMLSimpleApplication@18add124
reloadAllAccessors: .Expression9

===========================================================================================
----------------- testing Sat Aug 10 05:27:26 UTC 2019 /home/travis/build/icyphy/ptII/ptolemy/actor/lib/test/auto/ExpressionConcatenateArrayType.xml
----------------- Instantiating /home/travis/build/icyphy/ptII/ptolemy/actor/lib/test/auto/ExpressionConcatenateArrayType.xml
4 ms. Memory: 461824K Free: 348078K (75%)
----------------- Invoking toplevel() on ptolemy.moml.MoMLSimpleApplication@59123b8
----------------- Done invoking toplevel() on ptolemy.moml.MoMLSimpleApplication@59123b8
reloadAllAccessors: .ExpressionConcatenateArrayType

===========================================================================================
----------------- testing Sat Aug 10 05:27:26 UTC 2019 /home/travis/build/icyphy/ptII/ptolemy/actor/lib/test/auto/ExpressionConcatenateArrayType2.xml
----------------- Instantiating /home/travis/build/icyphy/ptII/ptolemy/actor/lib/test/auto/ExpressionConcatenateArrayType2.xml
3 ms. Memory: 461824K Free: 342444K (74%)
----------------- Invoking toplevel() on ptolemy.moml.MoMLSimpleApplication@ebb0b4f
----------------- Done invoking toplevel() on ptolemy.moml.MoMLSimpleApplication@ebb0b4f
reloadAllAccessors: .ExpressionConcatenateArrayType2

===========================================================================================
----------------- testing Sat Aug 10 05:27:26 UTC 2019 /home/travis/build/icyphy/ptII/ptolemy/actor/lib/test/auto/ExpressionFix.xml
----------------- Instantiating /home/travis/build/icyphy/ptII/ptolemy/actor/lib/test/auto/ExpressionFix.xml
23 ms. Memory: 461824K Free: 336300K (73%)
----------------- Invoking toplevel() on ptolemy.moml.MoMLSimpleApplication@5bd10f70
----------------- Done invoking toplevel() on ptolemy.moml.MoMLSimpleApplication@5bd10f70
reloadAllAccessors: .ExpressionFix

===========================================================================================
----------------- testing Sat Aug 10 05:27:26 UTC 2019 /home/travis/build/icyphy/ptII/ptolemy/actor/lib/test/auto/ExpressionFix2.xml
----------------- Instantiating /home/travis/build/icyphy/ptII/ptolemy/actor/lib/test/auto/ExpressionFix2.xml
6 ms. Memory: 461824K Free: 332204K (72%)
----------------- Invoking toplevel() on ptolemy.moml.MoMLSimpleApplication@4a61f6a5
----------------- Done invoking toplevel() on ptolemy.moml.MoMLSimpleApplication@4a61f6a5
reloadAllAccessors: .ExpressionFix2

===========================================================================================
----------------- testing Sat Aug 10 05:27:26 UTC 2019 /home/travis/build/icyphy/ptII/ptolemy/actor/lib/test/auto/ExpressionFix3.xml
----------------- Instantiating /home/travis/build/icyphy/ptII/ptolemy/actor/lib/test/auto/ExpressionFix3.xml
3 ms. Memory: 461824K Free: 327598K (71%)
----------------- Invoking toplevel() on ptolemy.moml.MoMLSimpleApplication@5a51d27c
----------------- Done invoking toplevel() on ptolemy.moml.MoMLSimpleApplication@5a51d27c
reloadAllAccessors: .ExpressionFix3

===========================================================================================
----------------- testing Sat Aug 10 05:27:26 UTC 2019 /home/travis/build/icyphy/ptII/ptolemy/actor/lib/test/auto/FileWriter1.xml
----------------- Instantiating /home/travis/build/icyphy/ptII/ptolemy/actor/lib/test/auto/FileWriter1.xml
2 ms. Memory: 461824K Free: 324012K (70%)
----------------- Invoking toplevel() on ptolemy.moml.MoMLSimpleApplication@482fa31a
----------------- Done invoking toplevel() on ptolemy.moml.MoMLSimpleApplication@482fa31a
reloadAllAccessors: .FileWriter1

===========================================================================================
----------------- testing Sat Aug 10 05:27:26 UTC 2019 /home/travis/build/icyphy/ptII/ptolemy/actor/lib/test/auto/FileWriter2.xml
----------------- Instantiating /home/travis/build/icyphy/ptII/ptolemy/actor/lib/test/auto/FileWriter2.xml
6 ms. Memory: 461824K Free: 319406K (69%)
----------------- Invoking toplevel() on ptolemy.moml.MoMLSimpleApplication@58a27178
----------------- Done invoking toplevel() on ptolemy.moml.MoMLSimpleApplication@58a27178
reloadAllAccessors: .FileWriter2

===========================================================================================
----------------- testing Sat Aug 10 05:27:26 UTC 2019 /home/travis/build/icyphy/ptII/ptolemy/actor/lib/test/auto/FileWriter3.xml
----------------- Instantiating /home/travis/build/icyphy/ptII/ptolemy/actor/lib/test/auto/FileWriter3.xml
2 ms. Memory: 461824K Free: 315310K (68%)
----------------- Invoking toplevel() on ptolemy.moml.MoMLSimpleApplication@62cc3ab3
----------------- Done invoking toplevel() on ptolemy.moml.MoMLSimpleApplication@62cc3ab3
reloadAllAccessors: .FileWriter3

===========================================================================================
----------------- testing Sat Aug 10 05:27:26 UTC 2019 /home/travis/build/icyphy/ptII/ptolemy/actor/lib/test/auto/Gaussian.xml
----------------- Instantiating /home/travis/build/icyphy/ptII/ptolemy/actor/lib/test/auto/Gaussian.xml
4 ms. Memory: 461824K Free: 310700K (67%)
----------------- Invoking toplevel() on ptolemy.moml.MoMLSimpleApplication@484164ea
----------------- Done invoking toplevel() on ptolemy.moml.MoMLSimpleApplication@484164ea
reloadAllAccessors: .Gaussian

===========================================================================================
----------------- testing Sat Aug 10 05:27:26 UTC 2019 /home/travis/build/icyphy/ptII/ptolemy/actor/lib/test/auto/Gaussian1.xml
----------------- Instantiating /home/travis/build/icyphy/ptII/ptolemy/actor/lib/test/auto/Gaussian1.xml
10 ms. Memory: 461824K Free: 305566K (66%)
----------------- Invoking toplevel() on ptolemy.moml.MoMLSimpleApplication@4449b4b6
----------------- Done invoking toplevel() on ptolemy.moml.MoMLSimpleApplication@4449b4b6
reloadAllAccessors: .Gaussian1

===========================================================================================
----------------- testing Sat Aug 10 05:27:26 UTC 2019 /home/travis/build/icyphy/ptII/ptolemy/actor/lib/test/auto/Gaussian2.xml
----------------- Instantiating /home/travis/build/icyphy/ptII/ptolemy/actor/lib/test/auto/Gaussian2.xml
2 ms. Memory: 461824K Free: 299950K (65%)
----------------- Invoking toplevel() on ptolemy.moml.MoMLSimpleApplication@3cca0870
----------------- Done invoking toplevel() on ptolemy.moml.MoMLSimpleApplication@3cca0870
reloadAllAccessors: .Gaussian2

===========================================================================================
----------------- testing Sat Aug 10 05:27:26 UTC 2019 /home/travis/build/icyphy/ptII/ptolemy/actor/lib/test/auto/GradientAdaptiveLattice.xml
----------------- Instantiating /home/travis/build/icyphy/ptII/ptolemy/actor/lib/test/auto/GradientAdaptiveLattice.xml
3 ms. Memory: 461824K Free: 294830K (64%)
----------------- Invoking toplevel() on ptolemy.moml.MoMLSimpleApplication@52b0fc94
----------------- Done invoking toplevel() on ptolemy.moml.MoMLSimpleApplication@52b0fc94
reloadAllAccessors: .GradientAdaptiveLattice

===========================================================================================
----------------- testing Sat Aug 10 05:27:26 UTC 2019 /home/travis/build/icyphy/ptII/ptolemy/actor/lib/test/auto/IIR.xml
----------------- Instantiating /home/travis/build/icyphy/ptII/ptolemy/actor/lib/test/auto/IIR.xml
1 ms. Memory: 461824K Free: 290220K (63%)
----------------- Invoking toplevel() on ptolemy.moml.MoMLSimpleApplication@3eb8f152
----------------- Done invoking toplevel() on ptolemy.moml.MoMLSimpleApplication@3eb8f152
reloadAllAccessors: .IIR

===========================================================================================
----------------- testing Sat Aug 10 05:27:26 UTC 2019 /home/travis/build/icyphy/ptII/ptolemy/actor/lib/test/auto/InputOutputTransparentPorts.xml
----------------- Instantiating /home/travis/build/icyphy/ptII/ptolemy/actor/lib/test/auto/InputOutputTransparentPorts.xml
2 ms. Memory: 461824K Free: 283052K (61%)
----------------- Invoking toplevel() on ptolemy.moml.MoMLSimpleApplication@6dc073bc
----------------- Done invoking toplevel() on ptolemy.moml.MoMLSimpleApplication@6dc073bc
reloadAllAccessors: .InputOutputTransparentPorts

===========================================================================================
----------------- testing Sat Aug 10 05:27:26 UTC 2019 /home/travis/build/icyphy/ptII/ptolemy/actor/lib/test/auto/Interpolator.xml
----------------- Instantiating /home/travis/build/icyphy/ptII/ptolemy/actor/lib/test/auto/Interpolator.xml
4 ms. Memory: 461824K Free: 278956K (60%)
----------------- Invoking toplevel() on ptolemy.moml.MoMLSimpleApplication@520e81dc
----------------- Done invoking toplevel() on ptolemy.moml.MoMLSimpleApplication@520e81dc
reloadAllAccessors: .Interpolator

===========================================================================================
----------------- testing Sat Aug 10 05:27:26 UTC 2019 /home/travis/build/icyphy/ptII/ptolemy/actor/lib/test/auto/InterpolatorFiringLimitDE.xml
----------------- Instantiating /home/travis/build/icyphy/ptII/ptolemy/actor/lib/test/auto/InterpolatorFiringLimitDE.xml
2 ms. Memory: 461824K Free: 272812K (59%)
----------------- Invoking toplevel() on ptolemy.moml.MoMLSimpleApplication@8765dd3
----------------- Done invoking toplevel() on ptolemy.moml.MoMLSimpleApplication@8765dd3
reloadAllAccessors: .InterpolatorFiringLimitDE

===========================================================================================
----------------- testing Sat Aug 10 05:27:26 UTC 2019 /home/travis/build/icyphy/ptII/ptolemy/actor/lib/test/auto/Lattice.xml
----------------- Instantiating /home/travis/build/icyphy/ptII/ptolemy/actor/lib/test/auto/Lattice.xml
1 ms. Memory: 461824K Free: 268716K (58%)
----------------- Invoking toplevel() on ptolemy.moml.MoMLSimpleApplication@56ac7500
----------------- Done invoking toplevel() on ptolemy.moml.MoMLSimpleApplication@56ac7500
reloadAllAccessors: .Lattice

===========================================================================================
----------------- testing Sat Aug 10 05:27:26 UTC 2019 /home/travis/build/icyphy/ptII/ptolemy/actor/lib/test/auto/LazyAOCTestLazy.xml
----------------- Instantiating /home/travis/build/icyphy/ptII/ptolemy/actor/lib/test/auto/LazyAOCTestLazy.xml
23 ms. Memory: 461824K Free: 263086K (57%)
----------------- Invoking toplevel() on ptolemy.moml.MoMLSimpleApplication@7d1639b7
----------------- Done invoking toplevel() on ptolemy.moml.MoMLSimpleApplication@7d1639b7
reloadAllAccessors: .LazyAOCTestLazy

===========================================================================================
----------------- testing Sat Aug 10 05:27:26 UTC 2019 /home/travis/build/icyphy/ptII/ptolemy/actor/lib/test/auto/LazyAOCTestNonLazy.xml
----------------- Instantiating /home/travis/build/icyphy/ptII/ptolemy/actor/lib/test/auto/LazyAOCTestNonLazy.xml
2 ms. Memory: 461824K Free: 256942K (56%)
----------------- Invoking toplevel() on ptolemy.moml.MoMLSimpleApplication@5d42c2bc
----------------- Done invoking toplevel() on ptolemy.moml.MoMLSimpleApplication@5d42c2bc
reloadAllAccessors: .LazyAOCTestNonLazy

===========================================================================================
----------------- testing Sat Aug 10 05:27:26 UTC 2019 /home/travis/build/icyphy/ptII/ptolemy/actor/lib/test/auto/LazyInnerClass.xml
----------------- Instantiating /home/travis/build/icyphy/ptII/ptolemy/actor/lib/test/auto/LazyInnerClass.xml
19 ms. Memory: 461824K Free: 248236K (54%)
----------------- Invoking toplevel() on ptolemy.moml.MoMLSimpleApplication@658b3147
----------------- Done invoking toplevel() on ptolemy.moml.MoMLSimpleApplication@658b3147
reloadAllAccessors: .LazyInnerClass

===========================================================================================
----------------- testing Sat Aug 10 05:27:27 UTC 2019 /home/travis/build/icyphy/ptII/ptolemy/actor/lib/test/auto/LazyPubSub.xml
----------------- Instantiating /home/travis/build/icyphy/ptII/ptolemy/actor/lib/test/auto/LazyPubSub.xml
28 ms. Memory: 461824K Free: 237486K (51%)
----------------- Invoking toplevel() on ptolemy.moml.MoMLSimpleApplication@289ab2cd
----------------- Done invoking toplevel() on ptolemy.moml.MoMLSimpleApplication@289ab2cd
reloadAllAccessors: .LazyPubSub

===========================================================================================
----------------- testing Sat Aug 10 05:27:27 UTC 2019 /home/travis/build/icyphy/ptII/ptolemy/actor/lib/test/auto/LazyPubSub2.xml
----------------- Instantiating /home/travis/build/icyphy/ptII/ptolemy/actor/lib/test/auto/LazyPubSub2.xml
23 ms. Memory: 461824K Free: 227756K (49%)
----------------- Invoking toplevel() on ptolemy.moml.MoMLSimpleApplication@520c8c4d
----------------- Done invoking toplevel() on ptolemy.moml.MoMLSimpleApplication@520c8c4d
reloadAllAccessors: .LazyPubSub2

===========================================================================================
----------------- testing Sat Aug 10 05:27:27 UTC 2019 /home/travis/build/icyphy/ptII/ptolemy/actor/lib/test/auto/LazyPubSub3.xml
----------------- Instantiating /home/travis/build/icyphy/ptII/ptolemy/actor/lib/test/auto/LazyPubSub3.xml
19 ms. Memory: 461824K Free: 218030K (47%)
----------------- Invoking toplevel() on ptolemy.moml.MoMLSimpleApplication@7beecde2
----------------- Done invoking toplevel() on ptolemy.moml.MoMLSimpleApplication@7beecde2
reloadAllAccessors: .LazyPubSub3

===========================================================================================
----------------- testing Sat Aug 10 05:27:27 UTC 2019 /home/travis/build/icyphy/ptII/ptolemy/actor/lib/test/auto/LazySubClassModel.xml
----------------- Instantiating /home/travis/build/icyphy/ptII/ptolemy/actor/lib/test/auto/LazySubClassModel.xml
2 ms. Memory: 461824K Free: 208300K (45%)
----------------- Invoking toplevel() on ptolemy.moml.MoMLSimpleApplication@4c50a334
----------------- Done invoking toplevel() on ptolemy.moml.MoMLSimpleApplication@4c50a334
reloadAllAccessors: .LazySubClassModel

===========================================================================================
----------------- testing Sat Aug 10 05:27:27 UTC 2019 /home/travis/build/icyphy/ptII/ptolemy/actor/lib/test/auto/LevelCrossTest1.xml
----------------- Instantiating /home/travis/build/icyphy/ptII/ptolemy/actor/lib/test/auto/LevelCrossTest1.xml
1 ms. Memory: 461824K Free: 202670K (44%)
----------------- Invoking toplevel() on ptolemy.moml.MoMLSimpleApplication@6d8b252c
----------------- Done invoking toplevel() on ptolemy.moml.MoMLSimpleApplication@6d8b252c
reloadAllAccessors: .broken

===========================================================================================
----------------- testing Sat Aug 10 05:27:27 UTC 2019 /home/travis/build/icyphy/ptII/ptolemy/actor/lib/test/auto/LevelCrossTest10.xml
----------------- Instantiating /home/travis/build/icyphy/ptII/ptolemy/actor/lib/test/auto/LevelCrossTest10.xml
2 ms. Memory: 461824K Free: 195502K (42%)
----------------- Invoking toplevel() on ptolemy.moml.MoMLSimpleApplication@75f4185a
----------------- Done invoking toplevel() on ptolemy.moml.MoMLSimpleApplication@75f4185a
reloadAllAccessors: .LevelCrossTest10

===========================================================================================
----------------- testing Sat Aug 10 05:27:27 UTC 2019 /home/travis/build/icyphy/ptII/ptolemy/actor/lib/test/auto/LevelCrossTest11.xml
----------------- Instantiating /home/travis/build/icyphy/ptII/ptolemy/actor/lib/test/auto/LevelCrossTest11.xml
1 ms. Memory: 461824K Free: 187820K (41%)
----------------- Invoking toplevel() on ptolemy.moml.MoMLSimpleApplication@1b087b24
----------------- Done invoking toplevel() on ptolemy.moml.MoMLSimpleApplication@1b087b24
reloadAllAccessors: .LevelCrossTest11

===========================================================================================
----------------- testing Sat Aug 10 05:27:27 UTC 2019 /home/travis/build/icyphy/ptII/ptolemy/actor/lib/test/auto/LevelCrossTest12.xml
----------------- Instantiating /home/travis/build/icyphy/ptII/ptolemy/actor/lib/test/auto/LevelCrossTest12.xml
2 ms. Memory: 461824K Free: 180142K (39%)
----------------- Invoking toplevel() on ptolemy.moml.MoMLSimpleApplication@391474de
----------------- Done invoking toplevel() on ptolemy.moml.MoMLSimpleApplication@391474de
reloadAllAccessors: .LevelCrossTest12

===========================================================================================
----------------- testing Sat Aug 10 05:27:27 UTC 2019 /home/travis/build/icyphy/ptII/ptolemy/actor/lib/test/auto/LevelCrossTest13.xml
----------------- Instantiating /home/travis/build/icyphy/ptII/ptolemy/actor/lib/test/auto/LevelCrossTest13.xml
1 ms. Memory: 461824K Free: 172460K (37%)
----------------- Invoking toplevel() on ptolemy.moml.MoMLSimpleApplication@e026d52
----------------- Done invoking toplevel() on ptolemy.moml.MoMLSimpleApplication@e026d52
reloadAllAccessors: .LevelCrossTest13

===========================================================================================
----------------- testing Sat Aug 10 05:27:27 UTC 2019 /home/travis/build/icyphy/ptII/ptolemy/actor/lib/test/auto/LevelCrossTest2.xml
----------------- Instantiating /home/travis/build/icyphy/ptII/ptolemy/actor/lib/test/auto/LevelCrossTest2.xml
1 ms. Memory: 461824K Free: 167340K (36%)
----------------- Invoking toplevel() on ptolemy.moml.MoMLSimpleApplication@5414262a
----------------- Done invoking toplevel() on ptolemy.moml.MoMLSimpleApplication@5414262a
reloadAllAccessors: .broken

===========================================================================================
----------------- testing Sat Aug 10 05:27:27 UTC 2019 /home/travis/build/icyphy/ptII/ptolemy/actor/lib/test/auto/LevelCrossTest3.xml
----------------- Instantiating /home/travis/build/icyphy/ptII/ptolemy/actor/lib/test/auto/LevelCrossTest3.xml
1 ms. Memory: 461824K Free: 160686K (35%)
----------------- Invoking toplevel() on ptolemy.moml.MoMLSimpleApplication@7e0c0808
----------------- Done invoking toplevel() on ptolemy.moml.MoMLSimpleApplication@7e0c0808
reloadAllAccessors: .LevelCrossTest3

===========================================================================================
----------------- testing Sat Aug 10 05:27:27 UTC 2019 /home/travis/build/icyphy/ptII/ptolemy/actor/lib/test/auto/LevelCrossTest4.xml
----------------- Instantiating /home/travis/build/icyphy/ptII/ptolemy/actor/lib/test/auto/LevelCrossTest4.xml
1 ms. Memory: 461824K Free: 155052K (34%)
----------------- Invoking toplevel() on ptolemy.moml.MoMLSimpleApplication@9b95492
----------------- Done invoking toplevel() on ptolemy.moml.MoMLSimpleApplication@9b95492
reloadAllAccessors: .broken

===========================================================================================
----------------- testing Sat Aug 10 05:27:27 UTC 2019 /home/travis/build/icyphy/ptII/ptolemy/actor/lib/test/auto/LevelCrossTest5.xml
----------------- Instantiating /home/travis/build/icyphy/ptII/ptolemy/actor/lib/test/auto/LevelCrossTest5.xml
5 ms. Memory: 461824K Free: 147884K (32%)
----------------- Invoking toplevel() on ptolemy.moml.MoMLSimpleApplication@2d231085
----------------- Done invoking toplevel() on ptolemy.moml.MoMLSimpleApplication@2d231085
reloadAllAccessors: .LevelCrossTest5

===========================================================================================
----------------- testing Sat Aug 10 05:27:27 UTC 2019 /home/travis/build/icyphy/ptII/ptolemy/actor/lib/test/auto/LevelCrossTest6.xml
----------------- Instantiating /home/travis/build/icyphy/ptII/ptolemy/actor/lib/test/auto/LevelCrossTest6.xml
1 ms. Memory: 461824K Free: 411737K (89%)
----------------- Invoking toplevel() on ptolemy.moml.MoMLSimpleApplication@45538b5b
----------------- Done invoking toplevel() on ptolemy.moml.MoMLSimpleApplication@45538b5b
reloadAllAccessors: .LevelCrossTest6

===========================================================================================
----------------- testing Sat Aug 10 05:27:27 UTC 2019 /home/travis/build/icyphy/ptII/ptolemy/actor/lib/test/auto/LevelCrossTest7.xml
----------------- Instantiating /home/travis/build/icyphy/ptII/ptolemy/actor/lib/test/auto/LevelCrossTest7.xml
1 ms. Memory: 461824K Free: 403854K (87%)
----------------- Invoking toplevel() on ptolemy.moml.MoMLSimpleApplication@5ee66ea7
----------------- Done invoking toplevel() on ptolemy.moml.MoMLSimpleApplication@5ee66ea7
reloadAllAccessors: .LevelCrossTest7

===========================================================================================
----------------- testing Sat Aug 10 05:27:27 UTC 2019 /home/travis/build/icyphy/ptII/ptolemy/actor/lib/test/auto/LevelCrossTest8.xml
----------------- Instantiating /home/travis/build/icyphy/ptII/ptolemy/actor/lib/test/auto/LevelCrossTest8.xml
1 ms. Memory: 461824K Free: 396686K (86%)
----------------- Invoking toplevel() on ptolemy.moml.MoMLSimpleApplication@41a7f457
----------------- Done invoking toplevel() on ptolemy.moml.MoMLSimpleApplication@41a7f457
reloadAllAccessors: .LevelCrossTest8

===========================================================================================
----------------- testing Sat Aug 10 05:27:27 UTC 2019 /home/travis/build/icyphy/ptII/ptolemy/actor/lib/test/auto/LevelCrossTest9.xml
----------------- Instantiating /home/travis/build/icyphy/ptII/ptolemy/actor/lib/test/auto/LevelCrossTest9.xml
1 ms. Memory: 461824K Free: 390032K (84%)
----------------- Invoking toplevel() on ptolemy.moml.MoMLSimpleApplication@71bcafb7
----------------- Done invoking toplevel() on ptolemy.moml.MoMLSimpleApplication@71bcafb7
reloadAllAccessors: .LevelCrossTest9

===========================================================================================
----------------- testing Sat Aug 10 05:27:27 UTC 2019 /home/travis/build/icyphy/ptII/ptolemy/actor/lib/test/auto/LevinsonDurbin.xml
----------------- Instantiating /home/travis/build/icyphy/ptII/ptolemy/actor/lib/test/auto/LevinsonDurbin.xml
1 ms. Memory: 461824K Free: 386446K (84%)
----------------- Invoking toplevel() on ptolemy.moml.MoMLSimpleApplication@5b76f15a
----------------- Done invoking toplevel() on ptolemy.moml.MoMLSimpleApplication@5b76f15a
reloadAllAccessors: .LevinsonDurbin

===========================================================================================
----------------- testing Sat Aug 10 05:27:27 UTC 2019 /home/travis/build/icyphy/ptII/ptolemy/actor/lib/test/auto/LevinsonDurbin2.xml
----------------- Instantiating /home/travis/build/icyphy/ptII/ptolemy/actor/lib/test/auto/LevinsonDurbin2.xml
1 ms. Memory: 461824K Free: 382350K (83%)
----------------- Invoking toplevel() on ptolemy.moml.MoMLSimpleApplication@389c365
----------------- Done invoking toplevel() on ptolemy.moml.MoMLSimpleApplication@389c365
reloadAllAccessors: .LevinsonDurbin2

===========================================================================================
----------------- testing Sat Aug 10 05:27:27 UTC 2019 /home/travis/build/icyphy/ptII/ptolemy/actor/lib/test/auto/LevinsonDurbin3.xml
----------------- Instantiating /home/travis/build/icyphy/ptII/ptolemy/actor/lib/test/auto/LevinsonDurbin3.xml
3 ms. Memory: 461824K Free: 378254K (82%)
----------------- Invoking toplevel() on ptolemy.moml.MoMLSimpleApplication@5c8374
----------------- Done invoking toplevel() on ptolemy.moml.MoMLSimpleApplication@5c8374
reloadAllAccessors: .LevinsonDurbin3

===========================================================================================
----------------- testing Sat Aug 10 05:27:27 UTC 2019 /home/travis/build/icyphy/ptII/ptolemy/actor/lib/test/auto/Limiter.xml
----------------- Instantiating /home/travis/build/icyphy/ptII/ptolemy/actor/lib/test/auto/Limiter.xml
11 ms. Memory: 461824K Free: 369024K (80%)
----------------- Invoking toplevel() on ptolemy.moml.MoMLSimpleApplication@1d337390
----------------- Done invoking toplevel() on ptolemy.moml.MoMLSimpleApplication@1d337390
reloadAllAccessors: .Limiter

===========================================================================================
----------------- testing Sat Aug 10 05:27:27 UTC 2019 /home/travis/build/icyphy/ptII/ptolemy/actor/lib/test/auto/LinearDifferenceEquationSystem.xml
----------------- Instantiating /home/travis/build/icyphy/ptII/ptolemy/actor/lib/test/auto/LinearDifferenceEquationSystem.xml
10 ms. Memory: 461824K Free: 361870K (78%)
----------------- Invoking toplevel() on ptolemy.moml.MoMLSimpleApplication@6f794e78
----------------- Done invoking toplevel() on ptolemy.moml.MoMLSimpleApplication@6f794e78
reloadAllAccessors: .LinearDifferenceEquationSystem

===========================================================================================
----------------- testing Sat Aug 10 05:27:27 UTC 2019 /home/travis/build/icyphy/ptII/ptolemy/actor/lib/test/auto/LookupTable.xml
----------------- Instantiating /home/travis/build/icyphy/ptII/ptolemy/actor/lib/test/auto/LookupTable.xml
2 ms. Memory: 461824K Free: 357774K (77%)
----------------- Invoking toplevel() on ptolemy.moml.MoMLSimpleApplication@77fe5445
----------------- Done invoking toplevel() on ptolemy.moml.MoMLSimpleApplication@77fe5445
reloadAllAccessors: .LookupTable

===========================================================================================
----------------- testing Sat Aug 10 05:27:27 UTC 2019 /home/travis/build/icyphy/ptII/ptolemy/actor/lib/test/auto/MathFunction.xml
----------------- Instantiating /home/travis/build/icyphy/ptII/ptolemy/actor/lib/test/auto/MathFunction.xml
3 ms. Memory: 461824K Free: 349582K (76%)
----------------- Invoking toplevel() on ptolemy.moml.MoMLSimpleApplication@61b33c12
----------------- Done invoking toplevel() on ptolemy.moml.MoMLSimpleApplication@61b33c12
reloadAllAccessors: .MathFunction

===========================================================================================
----------------- testing Sat Aug 10 05:27:27 UTC 2019 /home/travis/build/icyphy/ptII/ptolemy/actor/lib/test/auto/MathFunction2.xml
----------------- Instantiating /home/travis/build/icyphy/ptII/ptolemy/actor/lib/test/auto/MathFunction2.xml
8 ms. Memory: 461824K Free: 345486K (75%)
----------------- Invoking toplevel() on ptolemy.moml.MoMLSimpleApplication@3b4f9c45
----------------- Done invoking toplevel() on ptolemy.moml.MoMLSimpleApplication@3b4f9c45
reloadAllAccessors: .MathFunction2

===========================================================================================
----------------- testing Sat Aug 10 05:27:27 UTC 2019 /home/travis/build/icyphy/ptII/ptolemy/actor/lib/test/auto/MathFunction3.xml
----------------- Instantiating /home/travis/build/icyphy/ptII/ptolemy/actor/lib/test/auto/MathFunction3.xml
3 ms. Memory: 461824K Free: 338318K (73%)
----------------- Invoking toplevel() on ptolemy.moml.MoMLSimpleApplication@3ea5b44a
----------------- Done invoking toplevel() on ptolemy.moml.MoMLSimpleApplication@3ea5b44a
reloadAllAccessors: .MathFunction3

===========================================================================================
----------------- testing Sat Aug 10 05:27:27 UTC 2019 /home/travis/build/icyphy/ptII/ptolemy/actor/lib/test/auto/MatrixCropBoolean.xml
----------------- Instantiating /home/travis/build/icyphy/ptII/ptolemy/actor/lib/test/auto/MatrixCropBoolean.xml
2 ms. Memory: 461824K Free: 333168K (72%)
----------------- Invoking toplevel() on ptolemy.moml.MoMLSimpleApplication@78298709
----------------- Done invoking toplevel() on ptolemy.moml.MoMLSimpleApplication@78298709
reloadAllAccessors: .MatrixCropBoolean

===========================================================================================
----------------- testing Sat Aug 10 05:27:27 UTC 2019 /home/travis/build/icyphy/ptII/ptolemy/actor/lib/test/auto/MatrixCropComplex.xml
----------------- Instantiating /home/travis/build/icyphy/ptII/ptolemy/actor/lib/test/auto/MatrixCropComplex.xml
2 ms. Memory: 461824K Free: 328592K (71%)
----------------- Invoking toplevel() on ptolemy.moml.MoMLSimpleApplication@5d306146
----------------- Done invoking toplevel() on ptolemy.moml.MoMLSimpleApplication@5d306146
reloadAllAccessors: .MatrixCropComplex

===========================================================================================
----------------- testing Sat Aug 10 05:27:27 UTC 2019 /home/travis/build/icyphy/ptII/ptolemy/actor/lib/test/auto/MatrixCropDouble.xml
----------------- Instantiating /home/travis/build/icyphy/ptII/ptolemy/actor/lib/test/auto/MatrixCropDouble.xml
3 ms. Memory: 461824K Free: 323952K (70%)
----------------- Invoking toplevel() on ptolemy.moml.MoMLSimpleApplication@7d40888
----------------- Done invoking toplevel() on ptolemy.moml.MoMLSimpleApplication@7d40888
reloadAllAccessors: .MatrixCropDouble

===========================================================================================
----------------- testing Sat Aug 10 05:27:27 UTC 2019 /home/travis/build/icyphy/ptII/ptolemy/actor/lib/test/auto/MatrixCropFix.xml
----------------- Instantiating /home/travis/build/icyphy/ptII/ptolemy/actor/lib/test/auto/MatrixCropFix.xml
2 ms. Memory: 461824K Free: 318832K (69%)
----------------- Invoking toplevel() on ptolemy.moml.MoMLSimpleApplication@4c8211ec
----------------- Done invoking toplevel() on ptolemy.moml.MoMLSimpleApplication@4c8211ec
reloadAllAccessors: .MatrixCropFix

===========================================================================================
----------------- testing Sat Aug 10 05:27:27 UTC 2019 /home/travis/build/icyphy/ptII/ptolemy/actor/lib/test/auto/MatrixCropInt.xml
----------------- Instantiating /home/travis/build/icyphy/ptII/ptolemy/actor/lib/test/auto/MatrixCropInt.xml
2 ms. Memory: 461824K Free: 313712K (68%)
----------------- Invoking toplevel() on ptolemy.moml.MoMLSimpleApplication@db89e60
----------------- Done invoking toplevel() on ptolemy.moml.MoMLSimpleApplication@db89e60
reloadAllAccessors: .MatrixCropInt

===========================================================================================
----------------- testing Sat Aug 10 05:27:27 UTC 2019 /home/travis/build/icyphy/ptII/ptolemy/actor/lib/test/auto/MatrixCropLong.xml
----------------- Instantiating /home/travis/build/icyphy/ptII/ptolemy/actor/lib/test/auto/MatrixCropLong.xml
3 ms. Memory: 461824K Free: 309136K (67%)
----------------- Invoking toplevel() on ptolemy.moml.MoMLSimpleApplication@63f096d0
----------------- Done invoking toplevel() on ptolemy.moml.MoMLSimpleApplication@63f096d0
reloadAllAccessors: .MatrixCropLong

===========================================================================================
----------------- testing Sat Aug 10 05:27:27 UTC 2019 /home/travis/build/icyphy/ptII/ptolemy/actor/lib/test/auto/MatrixToArray.xml
----------------- Instantiating /home/travis/build/icyphy/ptII/ptolemy/actor/lib/test/auto/MatrixToArray.xml
18 ms. Memory: 461824K Free: 294286K (64%)
----------------- Invoking toplevel() on ptolemy.moml.MoMLSimpleApplication@3f7812c5
----------------- Done invoking toplevel() on ptolemy.moml.MoMLSimpleApplication@3f7812c5
reloadAllAccessors: .MatrixToArray

===========================================================================================
----------------- testing Sat Aug 10 05:27:27 UTC 2019 /home/travis/build/icyphy/ptII/ptolemy/actor/lib/test/auto/MaxIndex.xml
----------------- Instantiating /home/travis/build/icyphy/ptII/ptolemy/actor/lib/test/auto/MaxIndex.xml
3 ms. Memory: 461824K Free: 289166K (63%)
----------------- Invoking toplevel() on ptolemy.moml.MoMLSimpleApplication@409819fe
----------------- Done invoking toplevel() on ptolemy.moml.MoMLSimpleApplication@409819fe
reloadAllAccessors: .MaxIndex

===========================================================================================
----------------- testing Sat Aug 10 05:27:28 UTC 2019 /home/travis/build/icyphy/ptII/ptolemy/actor/lib/test/auto/Maximum.xml
----------------- Instantiating /home/travis/build/icyphy/ptII/ptolemy/actor/lib/test/auto/Maximum.xml
3 ms. Memory: 461824K Free: 282512K (61%)
----------------- Invoking toplevel() on ptolemy.moml.MoMLSimpleApplication@54ffcc2c
----------------- Done invoking toplevel() on ptolemy.moml.MoMLSimpleApplication@54ffcc2c
reloadAllAccessors: .Maximum

===========================================================================================
----------------- testing Sat Aug 10 05:27:28 UTC 2019 /home/travis/build/icyphy/ptII/ptolemy/actor/lib/test/auto/MaximumComplex.xml
----------------- Instantiating /home/travis/build/icyphy/ptII/ptolemy/actor/lib/test/auto/MaximumComplex.xml
6 ms. Memory: 461824K Free: 276368K (60%)
----------------- Invoking toplevel() on ptolemy.moml.MoMLSimpleApplication@3f12c0e5
----------------- Done invoking toplevel() on ptolemy.moml.MoMLSimpleApplication@3f12c0e5
reloadAllAccessors: .MaximumComplex

===========================================================================================
----------------- testing Sat Aug 10 05:27:28 UTC 2019 /home/travis/build/icyphy/ptII/ptolemy/actor/lib/test/auto/MethodCallTest.xml
----------------- Instantiating /home/travis/build/icyphy/ptII/ptolemy/actor/lib/test/auto/MethodCallTest.xml
3 ms. Memory: 461824K Free: 270224K (59%)
----------------- Invoking toplevel() on ptolemy.moml.MoMLSimpleApplication@73e3dea
----------------- Done invoking toplevel() on ptolemy.moml.MoMLSimpleApplication@73e3dea
reloadAllAccessors: .MethodCallTest

===========================================================================================
----------------- testing Sat Aug 10 05:27:28 UTC 2019 /home/travis/build/icyphy/ptII/ptolemy/actor/lib/test/auto/Minimum.xml
----------------- Instantiating /home/travis/build/icyphy/ptII/ptolemy/actor/lib/test/auto/Minimum.xml
4 ms. Memory: 461824K Free: 264080K (57%)
----------------- Invoking toplevel() on ptolemy.moml.MoMLSimpleApplication@56abaed3
----------------- Done invoking toplevel() on ptolemy.moml.MoMLSimpleApplication@56abaed3
reloadAllAccessors: .Minimum

===========================================================================================
----------------- testing Sat Aug 10 05:27:28 UTC 2019 /home/travis/build/icyphy/ptII/ptolemy/actor/lib/test/auto/MinimumComplex.xml
----------------- Instantiating /home/travis/build/icyphy/ptII/ptolemy/actor/lib/test/auto/MinimumComplex.xml
4 ms. Memory: 461824K Free: 257936K (56%)
----------------- Invoking toplevel() on ptolemy.moml.MoMLSimpleApplication@e3a479a
----------------- Done invoking toplevel() on ptolemy.moml.MoMLSimpleApplication@e3a479a
reloadAllAccessors: .MinimumComplex

===========================================================================================
----------------- testing Sat Aug 10 05:27:28 UTC 2019 /home/travis/build/icyphy/ptII/ptolemy/actor/lib/test/auto/MinimumMultiports.xml
----------------- Instantiating /home/travis/build/icyphy/ptII/ptolemy/actor/lib/test/auto/MinimumMultiports.xml
3 ms. Memory: 461824K Free: 249230K (54%)
----------------- Invoking toplevel() on ptolemy.moml.MoMLSimpleApplication@621dee74
----------------- Done invoking toplevel() on ptolemy.moml.MoMLSimpleApplication@621dee74
reloadAllAccessors: .MinimumMultiports

===========================================================================================
----------------- testing Sat Aug 10 05:27:28 UTC 2019 /home/travis/build/icyphy/ptII/ptolemy/actor/lib/test/auto/ModifyDate.xml
----------------- Instantiating /home/travis/build/icyphy/ptII/ptolemy/actor/lib/test/auto/ModifyDate.xml
9 ms. Memory: 461824K Free: 236432K (51%)
----------------- Invoking toplevel() on ptolemy.moml.MoMLSimpleApplication@71fcbe5a
----------------- Done invoking toplevel() on ptolemy.moml.MoMLSimpleApplication@71fcbe5a
reloadAllAccessors: .ModifyDate

===========================================================================================
----------------- testing Sat Aug 10 05:27:28 UTC 2019 /home/travis/build/icyphy/ptII/ptolemy/actor/lib/test/auto/ModifyDate2.xml
----------------- Instantiating /home/travis/build/icyphy/ptII/ptolemy/actor/lib/test/auto/ModifyDate2.xml
10 ms. Memory: 461824K Free: 227726K (49%)
----------------- Invoking toplevel() on ptolemy.moml.MoMLSimpleApplication@79eb5c7a
----------------- Done invoking toplevel() on ptolemy.moml.MoMLSimpleApplication@79eb5c7a
reloadAllAccessors: .ModifyDate2

===========================================================================================
----------------- testing Sat Aug 10 05:27:28 UTC 2019 /home/travis/build/icyphy/ptII/ptolemy/actor/lib/test/auto/MovingAverage.xml
----------------- Instantiating /home/travis/build/icyphy/ptII/ptolemy/actor/lib/test/auto/MovingAverage.xml
2 ms. Memory: 461824K Free: 222606K (48%)
----------------- Invoking toplevel() on ptolemy.moml.MoMLSimpleApplication@12d420d9
----------------- Done invoking toplevel() on ptolemy.moml.MoMLSimpleApplication@12d420d9
reloadAllAccessors: .MovingAverage

===========================================================================================
----------------- testing Sat Aug 10 05:27:28 UTC 2019 /home/travis/build/icyphy/ptII/ptolemy/actor/lib/test/auto/MovingMaximum.xml
----------------- Instantiating /home/travis/build/icyphy/ptII/ptolemy/actor/lib/test/auto/MovingMaximum.xml
11 ms. Memory: 461824K Free: 218510K (47%)
----------------- Invoking toplevel() on ptolemy.moml.MoMLSimpleApplication@24bbc7eb
----------------- Done invoking toplevel() on ptolemy.moml.MoMLSimpleApplication@24bbc7eb
reloadAllAccessors: .MovingMaximum

===========================================================================================
----------------- testing Sat Aug 10 05:27:28 UTC 2019 /home/travis/build/icyphy/ptII/ptolemy/actor/lib/test/auto/MultipleLinksToSameRelation.xml
----------------- Instantiating /home/travis/build/icyphy/ptII/ptolemy/actor/lib/test/auto/MultipleLinksToSameRelation.xml
2 ms. Memory: 461824K Free: 214414K (46%)
----------------- Invoking toplevel() on ptolemy.moml.MoMLSimpleApplication@767fd2e
----------------- Done invoking toplevel() on ptolemy.moml.MoMLSimpleApplication@767fd2e
reloadAllAccessors: .MultipleLinksToSameRelation

===========================================================================================
----------------- testing Sat Aug 10 05:27:28 UTC 2019 /home/travis/build/icyphy/ptII/ptolemy/actor/lib/test/auto/MultipleLinksToSameRelationDE.xml
----------------- Instantiating /home/travis/build/icyphy/ptII/ptolemy/actor/lib/test/auto/MultipleLinksToSameRelationDE.xml
2 ms. Memory: 461824K Free: 209808K (45%)
----------------- Invoking toplevel() on ptolemy.moml.MoMLSimpleApplication@38cfa422
----------------- Done invoking toplevel() on ptolemy.moml.MoMLSimpleApplication@38cfa422
reloadAllAccessors: .MultipleLinksToSameRelationDE

===========================================================================================
----------------- testing Sat Aug 10 05:27:28 UTC 2019 /home/travis/build/icyphy/ptII/ptolemy/actor/lib/test/auto/Multiplexor.xml
----------------- Instantiating /home/travis/build/icyphy/ptII/ptolemy/actor/lib/test/auto/Multiplexor.xml
2 ms. Memory: 461824K Free: 204174K (44%)
----------------- Invoking toplevel() on ptolemy.moml.MoMLSimpleApplication@64c7ae90
----------------- Done invoking toplevel() on ptolemy.moml.MoMLSimpleApplication@64c7ae90
reloadAllAccessors: .Multiplexor

===========================================================================================
----------------- testing Sat Aug 10 05:27:28 UTC 2019 /home/travis/build/icyphy/ptII/ptolemy/actor/lib/test/auto/Multiplexor1.xml
----------------- Instantiating /home/travis/build/icyphy/ptII/ptolemy/actor/lib/test/auto/Multiplexor1.xml
2 ms. Memory: 461824K Free: 198000K (43%)
----------------- Invoking toplevel() on ptolemy.moml.MoMLSimpleApplication@b184a36
----------------- Done invoking toplevel() on ptolemy.moml.MoMLSimpleApplication@b184a36
reloadAllAccessors: .Multiplexor1

===========================================================================================
----------------- testing Sat Aug 10 05:27:28 UTC 2019 /home/travis/build/icyphy/ptII/ptolemy/actor/lib/test/auto/Multiplexor2.xml
----------------- Instantiating /home/travis/build/icyphy/ptII/ptolemy/actor/lib/test/auto/Multiplexor2.xml
5 ms. Memory: 461824K Free: 191376K (41%)
----------------- Invoking toplevel() on ptolemy.moml.MoMLSimpleApplication@33366c37
----------------- Done invoking toplevel() on ptolemy.moml.MoMLSimpleApplication@33366c37
reloadAllAccessors: .Multiplexor2

===========================================================================================
----------------- testing Sat Aug 10 05:27:28 UTC 2019 /home/travis/build/icyphy/ptII/ptolemy/actor/lib/test/auto/Multiplexor3.xml
----------------- Instantiating /home/travis/build/icyphy/ptII/ptolemy/actor/lib/test/auto/Multiplexor3.xml
2 ms. Memory: 461824K Free: 187280K (41%)
----------------- Invoking toplevel() on ptolemy.moml.MoMLSimpleApplication@ebd36c0
----------------- Done invoking toplevel() on ptolemy.moml.MoMLSimpleApplication@ebd36c0
reloadAllAccessors: .Multiplexor3

===========================================================================================
----------------- testing Sat Aug 10 05:27:28 UTC 2019 /home/travis/build/icyphy/ptII/ptolemy/actor/lib/test/auto/MultiplexorDE.xml
----------------- Instantiating /home/travis/build/icyphy/ptII/ptolemy/actor/lib/test/auto/MultiplexorDE.xml
2 ms. Memory: 461824K Free: 179568K (39%)
----------------- Invoking toplevel() on ptolemy.moml.MoMLSimpleApplication@5dd95e5a
----------------- Done invoking toplevel() on ptolemy.moml.MoMLSimpleApplication@5dd95e5a
reloadAllAccessors: .MultiplexorDE

===========================================================================================
----------------- testing Sat Aug 10 05:27:28 UTC 2019 /home/travis/build/icyphy/ptII/ptolemy/actor/lib/test/auto/MultiportBroadcastTest.xml
----------------- Instantiating /home/travis/build/icyphy/ptII/ptolemy/actor/lib/test/auto/MultiportBroadcastTest.xml
110 ms. Memory: 461824K Free: 173448K (38%)
----------------- Invoking toplevel() on ptolemy.moml.MoMLSimpleApplication@27876ea0
----------------- Done invoking toplevel() on ptolemy.moml.MoMLSimpleApplication@27876ea0
reloadAllAccessors: .MultiportBroadcastTest

===========================================================================================
----------------- testing Sat Aug 10 05:27:28 UTC 2019 /home/travis/build/icyphy/ptII/ptolemy/actor/lib/test/auto/MultiportOutHangDuringGetWidth.xml
----------------- Instantiating /home/travis/build/icyphy/ptII/ptolemy/actor/lib/test/auto/MultiportOutHangDuringGetWidth.xml
5 ms. Memory: 461824K Free: 161166K (35%)
----------------- Invoking toplevel() on ptolemy.moml.MoMLSimpleApplication@7d354459
----------------- Done invoking toplevel() on ptolemy.moml.MoMLSimpleApplication@7d354459
reloadAllAccessors: .MultiportOutHangDuringGetWidth

===========================================================================================
----------------- testing Sat Aug 10 05:27:28 UTC 2019 /home/travis/build/icyphy/ptII/ptolemy/actor/lib/test/auto/NilToken.xml
----------------- Instantiating /home/travis/build/icyphy/ptII/ptolemy/actor/lib/test/auto/NilToken.xml
1 ms. Memory: 461824K Free: 157070K (34%)
----------------- Invoking toplevel() on ptolemy.moml.MoMLSimpleApplication@22f9d46a
----------------- Done invoking toplevel() on ptolemy.moml.MoMLSimpleApplication@22f9d46a
reloadAllAccessors: .NilToken

===========================================================================================
----------------- testing Sat Aug 10 05:27:28 UTC 2019 /home/travis/build/icyphy/ptII/ptolemy/actor/lib/test/auto/NilTokenNonStrictTest.xml
----------------- Instantiating /home/travis/build/icyphy/ptII/ptolemy/actor/lib/test/auto/NilTokenNonStrictTest.xml
4 ms. Memory: 461824K Free: 152974K (33%)
----------------- Invoking toplevel() on ptolemy.moml.MoMLSimpleApplication@2b453738
----------------- Done invoking toplevel() on ptolemy.moml.MoMLSimpleApplication@2b453738
reloadAllAccessors: .NilTokenNonStrictTest

===========================================================================================
----------------- testing Sat Aug 10 05:27:28 UTC 2019 /home/travis/build/icyphy/ptII/ptolemy/actor/lib/test/auto/NilTokenRecord.xml
----------------- Instantiating /home/travis/build/icyphy/ptII/ptolemy/actor/lib/test/auto/NilTokenRecord.xml
7 ms. Memory: 461824K Free: 146320K (32%)
----------------- Invoking toplevel() on ptolemy.moml.MoMLSimpleApplication@11cfcefc
----------------- Done invoking toplevel() on ptolemy.moml.MoMLSimpleApplication@11cfcefc
reloadAllAccessors: .NilTokenRecord

===========================================================================================
----------------- testing Sat Aug 10 05:27:28 UTC 2019 /home/travis/build/icyphy/ptII/ptolemy/actor/lib/test/auto/NilTokenTypeTest.xml
----------------- Instantiating /home/travis/build/icyphy/ptII/ptolemy/actor/lib/test/auto/NilTokenTypeTest.xml
16 ms. Memory: 461824K Free: 406926K (88%)
----------------- Invoking toplevel() on ptolemy.moml.MoMLSimpleApplication@6306ee7b
----------------- Done invoking toplevel() on ptolemy.moml.MoMLSimpleApplication@6306ee7b
reloadAllAccessors: .NilTokenTypeTest

===========================================================================================
----------------- testing Sat Aug 10 05:27:28 UTC 2019 /home/travis/build/icyphy/ptII/ptolemy/actor/lib/test/auto/ObjectToken1.xml
----------------- Instantiating /home/travis/build/icyphy/ptII/ptolemy/actor/lib/test/auto/ObjectToken1.xml
3 ms. Memory: 461824K Free: 402830K (87%)
----------------- Invoking toplevel() on ptolemy.moml.MoMLSimpleApplication@6f0d7ef8
----------------- Done invoking toplevel() on ptolemy.moml.MoMLSimpleApplication@6f0d7ef8
reloadAllAccessors: .ObjectToken1

===========================================================================================
----------------- testing Sat Aug 10 05:27:28 UTC 2019 /home/travis/build/icyphy/ptII/ptolemy/actor/lib/test/auto/OrderedMerge.xml
----------------- Instantiating /home/travis/build/icyphy/ptII/ptolemy/actor/lib/test/auto/OrderedMerge.xml
18 ms. Memory: 461824K Free: 397200K (86%)
----------------- Invoking toplevel() on ptolemy.moml.MoMLSimpleApplication@527fb9a9
----------------- Done invoking toplevel() on ptolemy.moml.MoMLSimpleApplication@527fb9a9
reloadAllAccessors: .OrderedMerge

===========================================================================================
----------------- testing Sat Aug 10 05:27:28 UTC 2019 /home/travis/build/icyphy/ptII/ptolemy/actor/lib/test/auto/OrderedRecordDisassembler.xml
----------------- Instantiating /home/travis/build/icyphy/ptII/ptolemy/actor/lib/test/auto/OrderedRecordDisassembler.xml
3 ms. Memory: 461824K Free: 392080K (85%)
----------------- Invoking toplevel() on ptolemy.moml.MoMLSimpleApplication@5140aed4
----------------- Done invoking toplevel() on ptolemy.moml.MoMLSimpleApplication@5140aed4
reloadAllAccessors: .OrderedRecordDisassembler

===========================================================================================
----------------- testing Sat Aug 10 05:27:28 UTC 2019 /home/travis/build/icyphy/ptII/ptolemy/actor/lib/test/auto/OrderedRecordDisassembler2.xml
----------------- Instantiating /home/travis/build/icyphy/ptII/ptolemy/actor/lib/test/auto/OrderedRecordDisassembler2.xml
5 ms. Memory: 461824K Free: 384384K (83%)
----------------- Invoking toplevel() on ptolemy.moml.MoMLSimpleApplication@3bc4ef28
----------------- Done invoking toplevel() on ptolemy.moml.MoMLSimpleApplication@3bc4ef28
reloadAllAccessors: .OrderedRecordDisassembler2

===========================================================================================
----------------- testing Sat Aug 10 05:27:28 UTC 2019 /home/travis/build/icyphy/ptII/ptolemy/actor/lib/test/auto/OrderedRecordUpdater.xml
----------------- Instantiating /home/travis/build/icyphy/ptII/ptolemy/actor/lib/test/auto/OrderedRecordUpdater.xml
2 ms. Memory: 461824K Free: 379278K (82%)
----------------- Invoking toplevel() on ptolemy.moml.MoMLSimpleApplication@5d097e07
----------------- Done invoking toplevel() on ptolemy.moml.MoMLSimpleApplication@5d097e07
reloadAllAccessors: .RecordUpdater

===========================================================================================
----------------- testing Sat Aug 10 05:27:28 UTC 2019 /home/travis/build/icyphy/ptII/ptolemy/actor/lib/test/auto/OrderedRecordUpdater2.xml
----------------- Instantiating /home/travis/build/icyphy/ptII/ptolemy/actor/lib/test/auto/OrderedRecordUpdater2.xml
3 ms. Memory: 461824K Free: 374158K (81%)
----------------- Invoking toplevel() on ptolemy.moml.MoMLSimpleApplication@1ca95bd3
----------------- Done invoking toplevel() on ptolemy.moml.MoMLSimpleApplication@1ca95bd3
reloadAllAccessors: .RecordUpdater2

===========================================================================================
----------------- testing Sat Aug 10 05:27:28 UTC 2019 /home/travis/build/icyphy/ptII/ptolemy/actor/lib/test/auto/PhaseUnwrap.xml
----------------- Instantiating /home/travis/build/icyphy/ptII/ptolemy/actor/lib/test/auto/PhaseUnwrap.xml
2 ms. Memory: 461824K Free: 369552K (80%)
----------------- Invoking toplevel() on ptolemy.moml.MoMLSimpleApplication@8819278
----------------- Done invoking toplevel() on ptolemy.moml.MoMLSimpleApplication@8819278
reloadAllAccessors: .PhaseUnwrap

===========================================================================================
----------------- testing Sat Aug 10 05:27:28 UTC 2019 /home/travis/build/icyphy/ptII/ptolemy/actor/lib/test/auto/PoissonClock.xml
----------------- Instantiating /home/travis/build/icyphy/ptII/ptolemy/actor/lib/test/auto/PoissonClock.xml
2 ms. Memory: 461824K Free: 365456K (79%)
----------------- Invoking toplevel() on ptolemy.moml.MoMLSimpleApplication@553056a9
----------------- Done invoking toplevel() on ptolemy.moml.MoMLSimpleApplication@553056a9
reloadAllAccessors: .PoissonClock

===========================================================================================
----------------- testing Sat Aug 10 05:27:28 UTC 2019 /home/travis/build/icyphy/ptII/ptolemy/actor/lib/test/auto/PoissonClock2.xml
----------------- Instantiating /home/travis/build/icyphy/ptII/ptolemy/actor/lib/test/auto/PoissonClock2.xml
2 ms. Memory: 461824K Free: 361360K (78%)
----------------- Invoking toplevel() on ptolemy.moml.MoMLSimpleApplication@6b30aec0
----------------- Done invoking toplevel() on ptolemy.moml.MoMLSimpleApplication@6b30aec0
reloadAllAccessors: .PoissonClock2

===========================================================================================
----------------- testing Sat Aug 10 05:27:28 UTC 2019 /home/travis/build/icyphy/ptII/ptolemy/actor/lib/test/auto/PoissonClock3.xml
----------------- Instantiating /home/travis/build/icyphy/ptII/ptolemy/actor/lib/test/auto/PoissonClock3.xml
2 ms. Memory: 461824K Free: 356750K (77%)
----------------- Invoking toplevel() on ptolemy.moml.MoMLSimpleApplication@36da846a
----------------- Done invoking toplevel() on ptolemy.moml.MoMLSimpleApplication@36da846a
reloadAllAccessors: .PoissonClock3

===========================================================================================
----------------- testing Sat Aug 10 05:27:28 UTC 2019 /home/travis/build/icyphy/ptII/ptolemy/actor/lib/test/auto/PubSubWithInitialTokens.xml
----------------- Instantiating /home/travis/build/icyphy/ptII/ptolemy/actor/lib/test/auto/PubSubWithInitialTokens.xml
2 ms. Memory: 461824K Free: 351120K (76%)
----------------- Invoking toplevel() on ptolemy.moml.MoMLSimpleApplication@3baa67b8
----------------- Done invoking toplevel() on ptolemy.moml.MoMLSimpleApplication@3baa67b8
reloadAllAccessors: .PubSubWithInitialTokens

===========================================================================================
----------------- testing Sat Aug 10 05:27:29 UTC 2019 /home/travis/build/icyphy/ptII/ptolemy/actor/lib/test/auto/PubSubWithInitialTokens2.xml
----------------- Instantiating /home/travis/build/icyphy/ptII/ptolemy/actor/lib/test/auto/PubSubWithInitialTokens2.xml
5 ms. Memory: 461824K Free: 344976K (75%)
----------------- Invoking toplevel() on ptolemy.moml.MoMLSimpleApplication@3a7bfa96
----------------- Done invoking toplevel() on ptolemy.moml.MoMLSimpleApplication@3a7bfa96
reloadAllAccessors: .PubSubWithInitialTokens2

===========================================================================================
----------------- testing Sat Aug 10 05:27:29 UTC 2019 /home/travis/build/icyphy/ptII/ptolemy/actor/lib/test/auto/PublisherClassNoParameter.xml
----------------- Instantiating /home/travis/build/icyphy/ptII/ptolemy/actor/lib/test/auto/PublisherClassNoParameter.xml
3 ms. Memory: 461824K Free: 335246K (73%)
----------------- Invoking toplevel() on ptolemy.moml.MoMLSimpleApplication@1c4561dd
----------------- Done invoking toplevel() on ptolemy.moml.MoMLSimpleApplication@1c4561dd
reloadAllAccessors: .PublisherClassNoParameter

===========================================================================================
----------------- testing Sat Aug 10 05:27:29 UTC 2019 /home/travis/build/icyphy/ptII/ptolemy/actor/lib/test/auto/PublisherClassParameter.xml
----------------- Instantiating /home/travis/build/icyphy/ptII/ptolemy/actor/lib/test/auto/PublisherClassParameter.xml
2 ms. Memory: 461824K Free: 325000K (70%)
----------------- Invoking toplevel() on ptolemy.moml.MoMLSimpleApplication@704f594f
----------------- Done invoking toplevel() on ptolemy.moml.MoMLSimpleApplication@704f594f
reloadAllAccessors: .PublisherClassParameter

===========================================================================================
----------------- testing Sat Aug 10 05:27:29 UTC 2019 /home/travis/build/icyphy/ptII/ptolemy/actor/lib/test/auto/PublisherNonStrictTest.xml
----------------- Instantiating /home/travis/build/icyphy/ptII/ptolemy/actor/lib/test/auto/PublisherNonStrictTest.xml
4 ms. Memory: 461824K Free: 317328K (69%)
----------------- Invoking toplevel() on ptolemy.moml.MoMLSimpleApplication@370b5739
----------------- Done invoking toplevel() on ptolemy.moml.MoMLSimpleApplication@370b5739
reloadAllAccessors: .PublisherNonStrictTest

===========================================================================================
----------------- testing Sat Aug 10 05:27:29 UTC 2019 /home/travis/build/icyphy/ptII/ptolemy/actor/lib/test/auto/PublisherPort1.xml
----------------- Instantiating /home/travis/build/icyphy/ptII/ptolemy/actor/lib/test/auto/PublisherPort1.xml
2 ms. Memory: 461824K Free: 311664K (67%)
----------------- Invoking toplevel() on ptolemy.moml.MoMLSimpleApplication@7c593d8d
----------------- Done invoking toplevel() on ptolemy.moml.MoMLSimpleApplication@7c593d8d
reloadAllAccessors: .PublisherPort1

===========================================================================================
----------------- testing Sat Aug 10 05:27:29 UTC 2019 /home/travis/build/icyphy/ptII/ptolemy/actor/lib/test/auto/PublisherPort2.xml
----------------- Instantiating /home/travis/build/icyphy/ptII/ptolemy/actor/lib/test/auto/PublisherPort2.xml
1 ms. Memory: 461824K Free: 306574K (66%)
----------------- Invoking toplevel() on ptolemy.moml.MoMLSimpleApplication@68d1e2d9
----------------- Done invoking toplevel() on ptolemy.moml.MoMLSimpleApplication@68d1e2d9
reloadAllAccessors: .PublisherPort2

===========================================================================================
----------------- testing Sat Aug 10 05:27:29 UTC 2019 /home/travis/build/icyphy/ptII/ptolemy/actor/lib/test/auto/PublisherPort3.xml
----------------- Instantiating /home/travis/build/icyphy/ptII/ptolemy/actor/lib/test/auto/PublisherPort3.xml
15 ms. Memory: 461824K Free: 299920K (65%)
----------------- Invoking toplevel() on ptolemy.moml.MoMLSimpleApplication@59699e85
----------------- Done invoking toplevel() on ptolemy.moml.MoMLSimpleApplication@59699e85
reloadAllAccessors: .PublisherPort3

===========================================================================================
----------------- testing Sat Aug 10 05:27:29 UTC 2019 /home/travis/build/icyphy/ptII/ptolemy/actor/lib/test/auto/PublisherPort4.xml
----------------- Instantiating /home/travis/build/icyphy/ptII/ptolemy/actor/lib/test/auto/PublisherPort4.xml
2 ms. Memory: 461824K Free: 294800K (64%)
----------------- Invoking toplevel() on ptolemy.moml.MoMLSimpleApplication@2d5f0112
----------------- Done invoking toplevel() on ptolemy.moml.MoMLSimpleApplication@2d5f0112
reloadAllAccessors: .PublisherPort4

===========================================================================================
----------------- testing Sat Aug 10 05:27:29 UTC 2019 /home/travis/build/icyphy/ptII/ptolemy/actor/lib/test/auto/PublisherPort5.xml
----------------- Instantiating /home/travis/build/icyphy/ptII/ptolemy/actor/lib/test/auto/PublisherPort5.xml
3 ms. Memory: 461824K Free: 287118K (62%)
----------------- Invoking toplevel() on ptolemy.moml.MoMLSimpleApplication@70f01dee
----------------- Done invoking toplevel() on ptolemy.moml.MoMLSimpleApplication@70f01dee
reloadAllAccessors: .PublisherPort5

===========================================================================================
----------------- testing Sat Aug 10 05:27:29 UTC 2019 /home/travis/build/icyphy/ptII/ptolemy/actor/lib/test/auto/PublisherPort5LookAlike.xml
----------------- Instantiating /home/travis/build/icyphy/ptII/ptolemy/actor/lib/test/auto/PublisherPort5LookAlike.xml
9 ms. Memory: 461824K Free: 279440K (61%)
----------------- Invoking toplevel() on ptolemy.moml.MoMLSimpleApplication@68cb75a2
----------------- Done invoking toplevel() on ptolemy.moml.MoMLSimpleApplication@68cb75a2
reloadAllAccessors: .PublisherPort5LookAlike

===========================================================================================
----------------- testing Sat Aug 10 05:27:29 UTC 2019 /home/travis/build/icyphy/ptII/ptolemy/actor/lib/test/auto/PublisherPort6.xml
----------------- Instantiating /home/travis/build/icyphy/ptII/ptolemy/actor/lib/test/auto/PublisherPort6.xml
2 ms. Memory: 461824K Free: 272782K (59%)
----------------- Invoking toplevel() on ptolemy.moml.MoMLSimpleApplication@67d7c409
----------------- Done invoking toplevel() on ptolemy.moml.MoMLSimpleApplication@67d7c409
reloadAllAccessors: .PublisherPort6

===========================================================================================
----------------- testing Sat Aug 10 05:27:29 UTC 2019 /home/travis/build/icyphy/ptII/ptolemy/actor/lib/test/auto/PublisherPort7.xml
----------------- Instantiating /home/travis/build/icyphy/ptII/ptolemy/actor/lib/test/auto/PublisherPort7.xml
3 ms. Memory: 461824K Free: 265104K (57%)
----------------- Invoking toplevel() on ptolemy.moml.MoMLSimpleApplication@79ad72d7
----------------- Done invoking toplevel() on ptolemy.moml.MoMLSimpleApplication@79ad72d7
reloadAllAccessors: .PublisherPort7

===========================================================================================
----------------- testing Sat Aug 10 05:27:29 UTC 2019 /home/travis/build/icyphy/ptII/ptolemy/actor/lib/test/auto/PublisherPort8.xml
----------------- Instantiating /home/travis/build/icyphy/ptII/ptolemy/actor/lib/test/auto/PublisherPort8.xml
10 ms. Memory: 461824K Free: 256398K (56%)
----------------- Invoking toplevel() on ptolemy.moml.MoMLSimpleApplication@50e09f5d
----------------- Done invoking toplevel() on ptolemy.moml.MoMLSimpleApplication@50e09f5d
reloadAllAccessors: .PublisherPort8

===========================================================================================
----------------- testing Sat Aug 10 05:27:29 UTC 2019 /home/travis/build/icyphy/ptII/ptolemy/actor/lib/test/auto/PublisherPortSubscriberChannelVariablesAOC2.xml
----------------- Instantiating /home/travis/build/icyphy/ptII/ptolemy/actor/lib/test/auto/PublisherPortSubscriberChannelVariablesAOC2.xml
3 ms. Memory: 461824K Free: 239504K (52%)
----------------- Invoking toplevel() on ptolemy.moml.MoMLSimpleApplication@152466e2
----------------- Done invoking toplevel() on ptolemy.moml.MoMLSimpleApplication@152466e2
reloadAllAccessors: .PublisherPortSubscriberChannelVariablesAOC2

===========================================================================================
----------------- testing Sat Aug 10 05:27:29 UTC 2019 /home/travis/build/icyphy/ptII/ptolemy/actor/lib/test/auto/PublisherPortSubscriberOpaqueWidthInference.xml
----------------- Instantiating /home/travis/build/icyphy/ptII/ptolemy/actor/lib/test/auto/PublisherPortSubscriberOpaqueWidthInference.xml
4 ms. Memory: 461824K Free: 231312K (50%)
----------------- Invoking toplevel() on ptolemy.moml.MoMLSimpleApplication@752f42b7
----------------- Done invoking toplevel() on ptolemy.moml.MoMLSimpleApplication@752f42b7
reloadAllAccessors: .PublisherPortSubscriberOpaqueWidthInference

===========================================================================================
----------------- testing Sat Aug 10 05:27:29 UTC 2019 /home/travis/build/icyphy/ptII/ptolemy/actor/lib/test/auto/PublisherPortSubscriberPortAdjacent.xml
----------------- Instantiating /home/travis/build/icyphy/ptII/ptolemy/actor/lib/test/auto/PublisherPortSubscriberPortAdjacent.xml
2 ms. Memory: 461824K Free: 223120K (48%)
----------------- Invoking toplevel() on ptolemy.moml.MoMLSimpleApplication@5457f648
----------------- Done invoking toplevel() on ptolemy.moml.MoMLSimpleApplication@5457f648
reloadAllAccessors: .PublisherPortSubscriberPortAdjacent

===========================================================================================
----------------- testing Sat Aug 10 05:27:29 UTC 2019 /home/travis/build/icyphy/ptII/ptolemy/actor/lib/test/auto/PublisherPortSubscriberPortExpression.xml
----------------- Instantiating /home/travis/build/icyphy/ptII/ptolemy/actor/lib/test/auto/PublisherPortSubscriberPortExpression.xml
8 ms. Memory: 461824K Free: 215424K (47%)
----------------- Invoking toplevel() on ptolemy.moml.MoMLSimpleApplication@4e21487a
----------------- Done invoking toplevel() on ptolemy.moml.MoMLSimpleApplication@4e21487a
reloadAllAccessors: .PublisherPortSubscriberPortExpression

===========================================================================================
----------------- testing Sat Aug 10 05:27:29 UTC 2019 /home/travis/build/icyphy/ptII/ptolemy/actor/lib/test/auto/PublisherPortSubscriberPortOpaqueD3Reverse.xml
----------------- Instantiating /home/travis/build/icyphy/ptII/ptolemy/actor/lib/test/auto/PublisherPortSubscriberPortOpaqueD3Reverse.xml
7 ms. Memory: 461824K Free: 205198K (44%)
----------------- Invoking toplevel() on ptolemy.moml.MoMLSimpleApplication@2c5ccf5e
----------------- Done invoking toplevel() on ptolemy.moml.MoMLSimpleApplication@2c5ccf5e
reloadAllAccessors: .PublisherPortSubscriberPortOpaqueD3Reverse

===========================================================================================
----------------- testing Sat Aug 10 05:27:29 UTC 2019 /home/travis/build/icyphy/ptII/ptolemy/actor/lib/test/auto/PublisherPortSubscriberPortOpaqueWidthInference.xml
----------------- Instantiating /home/travis/build/icyphy/ptII/ptolemy/actor/lib/test/auto/PublisherPortSubscriberPortOpaqueWidthInference.xml
4 ms. Memory: 461824K Free: 197520K (43%)
----------------- Invoking toplevel() on ptolemy.moml.MoMLSimpleApplication@340beba5
----------------- Done invoking toplevel() on ptolemy.moml.MoMLSimpleApplication@340beba5
reloadAllAccessors: .PublisherPortSubscriberPortOpaqueWidthInference

===========================================================================================
----------------- testing Sat Aug 10 05:27:29 UTC 2019 /home/travis/build/icyphy/ptII/ptolemy/actor/lib/test/auto/PublisherPortToplevelSubscriberPortAOC.xml
----------------- Instantiating /home/travis/build/icyphy/ptII/ptolemy/actor/lib/test/auto/PublisherPortToplevelSubscriberPortAOC.xml
.PublisherPortToplevelSubscriberPortAOC.TestExceptionAttribute: initialize() was not invoked, but wrapup() was.  This is unusual, but not always a problem.  For example, exporting JNLP will do this.
1 ms. Memory: 461824K Free: 191886K (42%)
----------------- Invoking toplevel() on ptolemy.moml.MoMLSimpleApplication@a16b638
----------------- Done invoking toplevel() on ptolemy.moml.MoMLSimpleApplication@a16b638
reloadAllAccessors: .PublisherPortToplevelSubscriberPortAOC

===========================================================================================
----------------- testing Sat Aug 10 05:27:29 UTC 2019 /home/travis/build/icyphy/ptII/ptolemy/actor/lib/test/auto/PublisherSubscriber.xml
----------------- Instantiating /home/travis/build/icyphy/ptII/ptolemy/actor/lib/test/auto/PublisherSubscriber.xml
3 ms. Memory: 461824K Free: 184688K (40%)
----------------- Invoking toplevel() on ptolemy.moml.MoMLSimpleApplication@5dfb7748
----------------- Done invoking toplevel() on ptolemy.moml.MoMLSimpleApplication@5dfb7748
reloadAllAccessors: .PublisherSubscriber

===========================================================================================
----------------- testing Sat Aug 10 05:27:29 UTC 2019 /home/travis/build/icyphy/ptII/ptolemy/actor/lib/test/auto/PublisherSubscriber10.xml
----------------- Instantiating /home/travis/build/icyphy/ptII/ptolemy/actor/lib/test/auto/PublisherSubscriber10.xml
7 ms. Memory: 461824K Free: 174992K (38%)
----------------- Invoking toplevel() on ptolemy.moml.MoMLSimpleApplication@72c0ca62
----------------- Done invoking toplevel() on ptolemy.moml.MoMLSimpleApplication@72c0ca62
reloadAllAccessors: .PublisherSubscriber10

===========================================================================================
----------------- testing Sat Aug 10 05:27:29 UTC 2019 /home/travis/build/icyphy/ptII/ptolemy/actor/lib/test/auto/PublisherSubscriber10InitialOutputs.xml
----------------- Instantiating /home/travis/build/icyphy/ptII/ptolemy/actor/lib/test/auto/PublisherSubscriber10InitialOutputs.xml
14 ms. Memory: 461824K Free: 165776K (36%)
----------------- Invoking toplevel() on ptolemy.moml.MoMLSimpleApplication@250d3c07
----------------- Done invoking toplevel() on ptolemy.moml.MoMLSimpleApplication@250d3c07
reloadAllAccessors: .PublisherSubscriber10InitialOutputs

===========================================================================================
----------------- testing Sat Aug 10 05:27:29 UTC 2019 /home/travis/build/icyphy/ptII/ptolemy/actor/lib/test/auto/PublisherSubscriber11.xml
----------------- Instantiating /home/travis/build/icyphy/ptII/ptolemy/actor/lib/test/auto/PublisherSubscriber11.xml
2 ms. Memory: 461824K Free: 159632K (35%)
----------------- Invoking toplevel() on ptolemy.moml.MoMLSimpleApplication@7162a137
----------------- Done invoking toplevel() on ptolemy.moml.MoMLSimpleApplication@7162a137
reloadAllAccessors: .PublisherSubscriber11

===========================================================================================
----------------- testing Sat Aug 10 05:27:29 UTC 2019 /home/travis/build/icyphy/ptII/ptolemy/actor/lib/test/auto/PublisherSubscriber12.xml
----------------- Instantiating /home/travis/build/icyphy/ptII/ptolemy/actor/lib/test/auto/PublisherSubscriber12.xml
6 ms. Memory: 461824K Free: 152974K (33%)
----------------- Invoking toplevel() on ptolemy.moml.MoMLSimpleApplication@331132de
----------------- Done invoking toplevel() on ptolemy.moml.MoMLSimpleApplication@331132de
reloadAllAccessors: .PublisherSubscriber12

===========================================================================================
----------------- testing Sat Aug 10 05:27:29 UTC 2019 /home/travis/build/icyphy/ptII/ptolemy/actor/lib/test/auto/PublisherSubscriber13.xml
----------------- Instantiating /home/travis/build/icyphy/ptII/ptolemy/actor/lib/test/auto/PublisherSubscriber13.xml
2 ms. Memory: 461824K Free: 147344K (32%)
----------------- Invoking toplevel() on ptolemy.moml.MoMLSimpleApplication@8c55c5a
----------------- Done invoking toplevel() on ptolemy.moml.MoMLSimpleApplication@8c55c5a
reloadAllAccessors: .PublisherSubscriber13

===========================================================================================
----------------- testing Sat Aug 10 05:27:29 UTC 2019 /home/travis/build/icyphy/ptII/ptolemy/actor/lib/test/auto/PublisherSubscriber14.xml
----------------- Instantiating /home/travis/build/icyphy/ptII/ptolemy/actor/lib/test/auto/PublisherSubscriber14.xml
2 ms. Memory: 461824K Free: 408448K (88%)
----------------- Invoking toplevel() on ptolemy.moml.MoMLSimpleApplication@44aa289f
----------------- Done invoking toplevel() on ptolemy.moml.MoMLSimpleApplication@44aa289f
reloadAllAccessors: .PublisherSubscriber14

===========================================================================================
----------------- testing Sat Aug 10 05:27:29 UTC 2019 /home/travis/build/icyphy/ptII/ptolemy/actor/lib/test/auto/PublisherSubscriber2.xml
----------------- Instantiating /home/travis/build/icyphy/ptII/ptolemy/actor/lib/test/auto/PublisherSubscriber2.xml
2 ms. Memory: 461824K Free: 402318K (87%)
----------------- Invoking toplevel() on ptolemy.moml.MoMLSimpleApplication@35617906
----------------- Done invoking toplevel() on ptolemy.moml.MoMLSimpleApplication@35617906
reloadAllAccessors: .PublisherSubscriber2

===========================================================================================
----------------- testing Sat Aug 10 05:27:29 UTC 2019 /home/travis/build/icyphy/ptII/ptolemy/actor/lib/test/auto/PublisherSubscriber3.xml
----------------- Instantiating /home/travis/build/icyphy/ptII/ptolemy/actor/lib/test/auto/PublisherSubscriber3.xml
2 ms. Memory: 461824K Free: 396688K (86%)
----------------- Invoking toplevel() on ptolemy.moml.MoMLSimpleApplication@46d60a9
----------------- Done invoking toplevel() on ptolemy.moml.MoMLSimpleApplication@46d60a9
reloadAllAccessors: .PublisherSubscriber3

===========================================================================================
----------------- testing Sat Aug 10 05:27:29 UTC 2019 /home/travis/build/icyphy/ptII/ptolemy/actor/lib/test/auto/PublisherSubscriber4.xml
----------------- Instantiating /home/travis/build/icyphy/ptII/ptolemy/actor/lib/test/auto/PublisherSubscriber4.xml
2 ms. Memory: 461824K Free: 391568K (85%)
----------------- Invoking toplevel() on ptolemy.moml.MoMLSimpleApplication@13f8a83b
----------------- Done invoking toplevel() on ptolemy.moml.MoMLSimpleApplication@13f8a83b
reloadAllAccessors: .PublisherSubscriber4

===========================================================================================
----------------- testing Sat Aug 10 05:27:29 UTC 2019 /home/travis/build/icyphy/ptII/ptolemy/actor/lib/test/auto/PublisherSubscriber5.xml
----------------- Instantiating /home/travis/build/icyphy/ptII/ptolemy/actor/lib/test/auto/PublisherSubscriber5.xml
2 ms. Memory: 461824K Free: 384896K (83%)
----------------- Invoking toplevel() on ptolemy.moml.MoMLSimpleApplication@3f05ec0b
----------------- Done invoking toplevel() on ptolemy.moml.MoMLSimpleApplication@3f05ec0b
reloadAllAccessors: .PublisherSubscriber5

===========================================================================================
----------------- testing Sat Aug 10 05:27:29 UTC 2019 /home/travis/build/icyphy/ptII/ptolemy/actor/lib/test/auto/PublisherSubscriber6.xml
----------------- Instantiating /home/travis/build/icyphy/ptII/ptolemy/actor/lib/test/auto/PublisherSubscriber6.xml
4 ms. Memory: 461824K Free: 378256K (82%)
----------------- Invoking toplevel() on ptolemy.moml.MoMLSimpleApplication@4b6c6844
----------------- Done invoking toplevel() on ptolemy.moml.MoMLSimpleApplication@4b6c6844
reloadAllAccessors: .PublisherSubscriber6

===========================================================================================
----------------- testing Sat Aug 10 05:27:29 UTC 2019 /home/travis/build/icyphy/ptII/ptolemy/actor/lib/test/auto/PublisherSubscriber7.xml
----------------- Instantiating /home/travis/build/icyphy/ptII/ptolemy/actor/lib/test/auto/PublisherSubscriber7.xml
8 ms. Memory: 461824K Free: 371584K (80%)
----------------- Invoking toplevel() on ptolemy.moml.MoMLSimpleApplication@51994ca6
----------------- Done invoking toplevel() on ptolemy.moml.MoMLSimpleApplication@51994ca6
reloadAllAccessors: .PublisherSubscriber7

===========================================================================================
----------------- testing Sat Aug 10 05:27:29 UTC 2019 /home/travis/build/icyphy/ptII/ptolemy/actor/lib/test/auto/PublisherSubscriber8.xml
----------------- Instantiating /home/travis/build/icyphy/ptII/ptolemy/actor/lib/test/auto/PublisherSubscriber8.xml
18 ms. Memory: 461824K Free: 359824K (78%)
----------------- Invoking toplevel() on ptolemy.moml.MoMLSimpleApplication@3eec97d9
----------------- Done invoking toplevel() on ptolemy.moml.MoMLSimpleApplication@3eec97d9
reloadAllAccessors: .PublisherSubscriber8

===========================================================================================
----------------- testing Sat Aug 10 05:27:29 UTC 2019 /home/travis/build/icyphy/ptII/ptolemy/actor/lib/test/auto/PublisherSubscriber9.xml
----------------- Instantiating /home/travis/build/icyphy/ptII/ptolemy/actor/lib/test/auto/PublisherSubscriber9.xml
2 ms. Memory: 461824K Free: 352656K (76%)
----------------- Invoking toplevel() on ptolemy.moml.MoMLSimpleApplication@1946367e
----------------- Done invoking toplevel() on ptolemy.moml.MoMLSimpleApplication@1946367e
reloadAllAccessors: .PublisherSubscriber9

===========================================================================================
----------------- testing Sat Aug 10 05:27:29 UTC 2019 /home/travis/build/icyphy/ptII/ptolemy/actor/lib/test/auto/PublisherSubscriberAdjacent.xml
----------------- Instantiating /home/travis/build/icyphy/ptII/ptolemy/actor/lib/test/auto/PublisherSubscriberAdjacent.xml
2 ms. Memory: 461824K Free: 344464K (75%)
----------------- Invoking toplevel() on ptolemy.moml.MoMLSimpleApplication@2c1a1f72
----------------- Done invoking toplevel() on ptolemy.moml.MoMLSimpleApplication@2c1a1f72
reloadAllAccessors: .PublisherSubscriberAdjacent

===========================================================================================
----------------- testing Sat Aug 10 05:27:29 UTC 2019 /home/travis/build/icyphy/ptII/ptolemy/actor/lib/test/auto/PublisherSubscriberChannelVariablesAOC2.xml
----------------- Instantiating /home/travis/build/icyphy/ptII/ptolemy/actor/lib/test/auto/PublisherSubscriberChannelVariablesAOC2.xml
6 ms. Memory: 461824K Free: 330128K (71%)
----------------- Invoking toplevel() on ptolemy.moml.MoMLSimpleApplication@85232e2
----------------- Done invoking toplevel() on ptolemy.moml.MoMLSimpleApplication@85232e2
reloadAllAccessors: .PublisherSubscriberChannelVariablesAOC2

===========================================================================================
----------------- testing Sat Aug 10 05:27:29 UTC 2019 /home/travis/build/icyphy/ptII/ptolemy/actor/lib/test/auto/PublisherSubscriberD3.xml
----------------- Instantiating /home/travis/build/icyphy/ptII/ptolemy/actor/lib/test/auto/PublisherSubscriberD3.xml
2 ms. Memory: 461824K Free: 322960K (70%)
----------------- Invoking toplevel() on ptolemy.moml.MoMLSimpleApplication@73b8827d
----------------- Done invoking toplevel() on ptolemy.moml.MoMLSimpleApplication@73b8827d
reloadAllAccessors: .PublisherSubscriberD3

===========================================================================================
----------------- testing Sat Aug 10 05:27:30 UTC 2019 /home/travis/build/icyphy/ptII/ptolemy/actor/lib/test/auto/PublisherSubscriberD3Reverse.xml
----------------- Instantiating /home/travis/build/icyphy/ptII/ptolemy/actor/lib/test/auto/PublisherSubscriberD3Reverse.xml
2 ms. Memory: 461824K Free: 316816K (69%)
----------------- Invoking toplevel() on ptolemy.moml.MoMLSimpleApplication@3d9e4af6
----------------- Done invoking toplevel() on ptolemy.moml.MoMLSimpleApplication@3d9e4af6
reloadAllAccessors: .PublisherSubscriberD3Reverse

===========================================================================================
----------------- testing Sat Aug 10 05:27:30 UTC 2019 /home/travis/build/icyphy/ptII/ptolemy/actor/lib/test/auto/PublisherSubscriberExpression.xml
----------------- Instantiating /home/travis/build/icyphy/ptII/ptolemy/actor/lib/test/auto/PublisherSubscriberExpression.xml
3 ms. Memory: 461824K Free: 308624K (67%)
----------------- Invoking toplevel() on ptolemy.moml.MoMLSimpleApplication@3a9b7620
----------------- Done invoking toplevel() on ptolemy.moml.MoMLSimpleApplication@3a9b7620
reloadAllAccessors: .PublisherSubscriberExpression

===========================================================================================
----------------- testing Sat Aug 10 05:27:30 UTC 2019 /home/travis/build/icyphy/ptII/ptolemy/actor/lib/test/auto/PublisherSubscriberOpaque.xml
----------------- Instantiating /home/travis/build/icyphy/ptII/ptolemy/actor/lib/test/auto/PublisherSubscriberOpaque.xml
4 ms. Memory: 461824K Free: 300432K (65%)
----------------- Invoking toplevel() on ptolemy.moml.MoMLSimpleApplication@4e1d337d
----------------- Done invoking toplevel() on ptolemy.moml.MoMLSimpleApplication@4e1d337d
reloadAllAccessors: .PublisherSubscriberOpaque

===========================================================================================
----------------- testing Sat Aug 10 05:27:30 UTC 2019 /home/travis/build/icyphy/ptII/ptolemy/actor/lib/test/auto/PublisherSubscriberOpaqueD3.xml
----------------- Instantiating /home/travis/build/icyphy/ptII/ptolemy/actor/lib/test/auto/PublisherSubscriberOpaqueD3.xml
5 ms. Memory: 461824K Free: 288654K (63%)
----------------- Invoking toplevel() on ptolemy.moml.MoMLSimpleApplication@5a523102
----------------- Done invoking toplevel() on ptolemy.moml.MoMLSimpleApplication@5a523102
reloadAllAccessors: .PublisherSubscriberOpaqueD3

===========================================================================================
----------------- testing Sat Aug 10 05:27:30 UTC 2019 /home/travis/build/icyphy/ptII/ptolemy/actor/lib/test/auto/PublisherSubscriberOpaqueD3Reverse.xml
----------------- Instantiating /home/travis/build/icyphy/ptII/ptolemy/actor/lib/test/auto/PublisherSubscriberOpaqueD3Reverse.xml
8 ms. Memory: 461824K Free: 277904K (60%)
----------------- Invoking toplevel() on ptolemy.moml.MoMLSimpleApplication@475c437
----------------- Done invoking toplevel() on ptolemy.moml.MoMLSimpleApplication@475c437
reloadAllAccessors: .PublisherSubscriberOpaqueD3Reverse

===========================================================================================
----------------- testing Sat Aug 10 05:27:30 UTC 2019 /home/travis/build/icyphy/ptII/ptolemy/actor/lib/test/auto/PublisherSubscriberOpaqueWidthInference.xml
----------------- Instantiating /home/travis/build/icyphy/ptII/ptolemy/actor/lib/test/auto/PublisherSubscriberOpaqueWidthInference.xml
4 ms. Memory: 461824K Free: 269712K (58%)
----------------- Invoking toplevel() on ptolemy.moml.MoMLSimpleApplication@283423ed
----------------- Done invoking toplevel() on ptolemy.moml.MoMLSimpleApplication@283423ed
reloadAllAccessors: .PublisherSubscriberOpaqueWidthInference

===========================================================================================
----------------- testing Sat Aug 10 05:27:30 UTC 2019 /home/travis/build/icyphy/ptII/ptolemy/actor/lib/test/auto/PublisherTestSubscriber.xml
----------------- Instantiating /home/travis/build/icyphy/ptII/ptolemy/actor/lib/test/auto/PublisherTestSubscriber.xml
3 ms. Memory: 461824K Free: 262024K (57%)
----------------- Invoking toplevel() on ptolemy.moml.MoMLSimpleApplication@130c7b7f
----------------- Done invoking toplevel() on ptolemy.moml.MoMLSimpleApplication@130c7b7f
reloadAllAccessors: .PublisherTestSubscriber

===========================================================================================
----------------- testing Sat Aug 10 05:27:30 UTC 2019 /home/travis/build/icyphy/ptII/ptolemy/actor/lib/test/auto/PublisherToplevelSubscriberPortAOC.xml
----------------- Instantiating /home/travis/build/icyphy/ptII/ptolemy/actor/lib/test/auto/PublisherToplevelSubscriberPortAOC.xml
2 ms. Memory: 461824K Free: 255376K (55%)
----------------- Invoking toplevel() on ptolemy.moml.MoMLSimpleApplication@678f31a
----------------- Done invoking toplevel() on ptolemy.moml.MoMLSimpleApplication@678f31a
reloadAllAccessors: .PublisherToplevelSubscriberPortAOC

===========================================================================================
----------------- testing Sat Aug 10 05:27:30 UTC 2019 /home/travis/build/icyphy/ptII/ptolemy/actor/lib/test/auto/PulseFiringLimitDE.xml
----------------- Instantiating /home/travis/build/icyphy/ptII/ptolemy/actor/lib/test/auto/PulseFiringLimitDE.xml
2 ms. Memory: 461824K Free: 248718K (54%)
----------------- Invoking toplevel() on ptolemy.moml.MoMLSimpleApplication@52dd6427
----------------- Done invoking toplevel() on ptolemy.moml.MoMLSimpleApplication@52dd6427
reloadAllAccessors: .PulseFiringLimitDE

===========================================================================================
----------------- testing Sat Aug 10 05:27:30 UTC 2019 /home/travis/build/icyphy/ptII/ptolemy/actor/lib/test/auto/Ramp1.xml
----------------- Instantiating /home/travis/build/icyphy/ptII/ptolemy/actor/lib/test/auto/Ramp1.xml
2 ms. Memory: 461824K Free: 244616K (53%)
----------------- Invoking toplevel() on ptolemy.moml.MoMLSimpleApplication@394fed6d
----------------- Done invoking toplevel() on ptolemy.moml.MoMLSimpleApplication@394fed6d
reloadAllAccessors: .Ramp1

===========================================================================================
----------------- testing Sat Aug 10 05:27:30 UTC 2019 /home/travis/build/icyphy/ptII/ptolemy/actor/lib/test/auto/RampFiringLimitDE.xml
----------------- Instantiating /home/travis/build/icyphy/ptII/ptolemy/actor/lib/test/auto/RampFiringLimitDE.xml
2 ms. Memory: 461824K Free: 238464K (52%)
----------------- Invoking toplevel() on ptolemy.moml.MoMLSimpleApplication@7f1c6fac
----------------- Done invoking toplevel() on ptolemy.moml.MoMLSimpleApplication@7f1c6fac
reloadAllAccessors: .RampFiringLimitDE

===========================================================================================
----------------- testing Sat Aug 10 05:27:30 UTC 2019 /home/travis/build/icyphy/ptII/ptolemy/actor/lib/test/auto/RampFiringLimitSDF.xml
----------------- Instantiating /home/travis/build/icyphy/ptII/ptolemy/actor/lib/test/auto/RampFiringLimitSDF.xml
2 ms. Memory: 461824K Free: 233344K (51%)
----------------- Invoking toplevel() on ptolemy.moml.MoMLSimpleApplication@267322d0
----------------- Done invoking toplevel() on ptolemy.moml.MoMLSimpleApplication@267322d0
reloadAllAccessors: .RampFiringLimitSDF

===========================================================================================
----------------- testing Sat Aug 10 05:27:30 UTC 2019 /home/travis/build/icyphy/ptII/ptolemy/actor/lib/test/auto/RandomInteger.xml
----------------- Instantiating /home/travis/build/icyphy/ptII/ptolemy/actor/lib/test/auto/RandomInteger.xml
1 ms. Memory: 461824K Free: 229262K (50%)
----------------- Invoking toplevel() on ptolemy.moml.MoMLSimpleApplication@14e87e99
----------------- Done invoking toplevel() on ptolemy.moml.MoMLSimpleApplication@14e87e99
reloadAllAccessors: .RandomInteger

===========================================================================================
----------------- testing Sat Aug 10 05:27:30 UTC 2019 /home/travis/build/icyphy/ptII/ptolemy/actor/lib/test/auto/ReadFile1.xml
----------------- Instantiating /home/travis/build/icyphy/ptII/ptolemy/actor/lib/test/auto/ReadFile1.xml
1 ms. Memory: 461824K Free: 224656K (49%)
----------------- Invoking toplevel() on ptolemy.moml.MoMLSimpleApplication@3627d988
----------------- Done invoking toplevel() on ptolemy.moml.MoMLSimpleApplication@3627d988
reloadAllAccessors: .ReadFile1

===========================================================================================
----------------- testing Sat Aug 10 05:27:30 UTC 2019 /home/travis/build/icyphy/ptII/ptolemy/actor/lib/test/auto/ReadFile2.xml
----------------- Instantiating /home/travis/build/icyphy/ptII/ptolemy/actor/lib/test/auto/ReadFile2.xml
1 ms. Memory: 461824K Free: 220560K (48%)
----------------- Invoking toplevel() on ptolemy.moml.MoMLSimpleApplication@2bfc4ee6
----------------- Done invoking toplevel() on ptolemy.moml.MoMLSimpleApplication@2bfc4ee6
reloadAllAccessors: .ReadFile2

===========================================================================================
----------------- testing Sat Aug 10 05:27:30 UTC 2019 /home/travis/build/icyphy/ptII/ptolemy/actor/lib/test/auto/Reader.xml
----------------- Instantiating /home/travis/build/icyphy/ptII/ptolemy/actor/lib/test/auto/Reader.xml
actor.lib.Reader is obsolete, use actor.lib.io.ExpressionReader instead
2 ms. Memory: 461824K Free: 216464K (47%)
----------------- Invoking toplevel() on ptolemy.moml.MoMLSimpleApplication@1768b0e7
----------------- Done invoking toplevel() on ptolemy.moml.MoMLSimpleApplication@1768b0e7
reloadAllAccessors: .Reader

===========================================================================================
----------------- testing Sat Aug 10 05:27:30 UTC 2019 /home/travis/build/icyphy/ptII/ptolemy/actor/lib/test/auto/RecordAssemblerDisplayNameTest.xml
----------------- Instantiating /home/travis/build/icyphy/ptII/ptolemy/actor/lib/test/auto/RecordAssemblerDisplayNameTest.xml
3702 ms. Memory: 461824K Free: 354704K (77%)
----------------- Invoking toplevel() on ptolemy.moml.MoMLSimpleApplication@386e1c2e
----------------- Done invoking toplevel() on ptolemy.moml.MoMLSimpleApplication@386e1c2e
reloadAllAccessors: .RecordAssemblerDisplayNameTest

===========================================================================================
----------------- testing Sat Aug 10 05:27:34 UTC 2019 /home/travis/build/icyphy/ptII/ptolemy/actor/lib/test/auto/RecordAssemblerTypeError.xml
----------------- Instantiating /home/travis/build/icyphy/ptII/ptolemy/actor/lib/test/auto/RecordAssemblerTypeError.xml
17 ms. Memory: 461824K Free: 344974K (75%)
----------------- Invoking toplevel() on ptolemy.moml.MoMLSimpleApplication@2613352d
----------------- Done invoking toplevel() on ptolemy.moml.MoMLSimpleApplication@2613352d
reloadAllAccessors: .RecordAssemblerTypeError

===========================================================================================
----------------- testing Sat Aug 10 05:27:34 UTC 2019 /home/travis/build/icyphy/ptII/ptolemy/actor/lib/test/auto/RecordDisassember.xml
----------------- Instantiating /home/travis/build/icyphy/ptII/ptolemy/actor/lib/test/auto/RecordDisassember.xml
4 ms. Memory: 461824K Free: 340368K (74%)
----------------- Invoking toplevel() on ptolemy.moml.MoMLSimpleApplication@5dc46817
----------------- Done invoking toplevel() on ptolemy.moml.MoMLSimpleApplication@5dc46817
reloadAllAccessors: .RecordDisassember

===========================================================================================
----------------- testing Sat Aug 10 05:27:34 UTC 2019 /home/travis/build/icyphy/ptII/ptolemy/actor/lib/test/auto/RecordDisassemberDisplayNameTest.xml
----------------- Instantiating /home/travis/build/icyphy/ptII/ptolemy/actor/lib/test/auto/RecordDisassemberDisplayNameTest.xml
10 ms. Memory: 461824K Free: 331662K (72%)
----------------- Invoking toplevel() on ptolemy.moml.MoMLSimpleApplication@e14c5fd
----------------- Done invoking toplevel() on ptolemy.moml.MoMLSimpleApplication@e14c5fd
reloadAllAccessors: .RecordDisassemberDisplayNameTest

===========================================================================================
----------------- testing Sat Aug 10 05:27:34 UTC 2019 /home/travis/build/icyphy/ptII/ptolemy/actor/lib/test/auto/RecordDisassembler.xml
----------------- Instantiating /home/travis/build/icyphy/ptII/ptolemy/actor/lib/test/auto/RecordDisassembler.xml
4 ms. Memory: 461824K Free: 326512K (71%)
----------------- Invoking toplevel() on ptolemy.moml.MoMLSimpleApplication@28daf634
----------------- Done invoking toplevel() on ptolemy.moml.MoMLSimpleApplication@28daf634
reloadAllAccessors: .RecordDisassembler

===========================================================================================
----------------- testing Sat Aug 10 05:27:34 UTC 2019 /home/travis/build/icyphy/ptII/ptolemy/actor/lib/test/auto/RecordDisassembler2.xml
----------------- Instantiating /home/travis/build/icyphy/ptII/ptolemy/actor/lib/test/auto/RecordDisassembler2.xml
3 ms. Memory: 461824K Free: 321408K (70%)
----------------- Invoking toplevel() on ptolemy.moml.MoMLSimpleApplication@5533f31d
----------------- Done invoking toplevel() on ptolemy.moml.MoMLSimpleApplication@5533f31d
reloadAllAccessors: .RecordDisassembler2

===========================================================================================
----------------- testing Sat Aug 10 05:27:34 UTC 2019 /home/travis/build/icyphy/ptII/ptolemy/actor/lib/test/auto/RecordUpdater.xml
----------------- Instantiating /home/travis/build/icyphy/ptII/ptolemy/actor/lib/test/auto/RecordUpdater.xml
4 ms. Memory: 461824K Free: 316302K (68%)
----------------- Invoking toplevel() on ptolemy.moml.MoMLSimpleApplication@15c879da
----------------- Done invoking toplevel() on ptolemy.moml.MoMLSimpleApplication@15c879da
reloadAllAccessors: .RecordUpdater

===========================================================================================
----------------- testing Sat Aug 10 05:27:34 UTC 2019 /home/travis/build/icyphy/ptII/ptolemy/actor/lib/test/auto/RecordUpdater2.xml
----------------- Instantiating /home/travis/build/icyphy/ptII/ptolemy/actor/lib/test/auto/RecordUpdater2.xml
4 ms. Memory: 461824K Free: 311182K (67%)
----------------- Invoking toplevel() on ptolemy.moml.MoMLSimpleApplication@f1e7ed4
----------------- Done invoking toplevel() on ptolemy.moml.MoMLSimpleApplication@f1e7ed4
reloadAllAccessors: .RecordUpdater2

===========================================================================================
----------------- testing Sat Aug 10 05:27:34 UTC 2019 /home/travis/build/icyphy/ptII/ptolemy/actor/lib/test/auto/RecursiveLattice.xml
----------------- Instantiating /home/travis/build/icyphy/ptII/ptolemy/actor/lib/test/auto/RecursiveLattice.xml
2 ms. Memory: 461824K Free: 306576K (66%)
----------------- Invoking toplevel() on ptolemy.moml.MoMLSimpleApplication@27ca25da
----------------- Done invoking toplevel() on ptolemy.moml.MoMLSimpleApplication@27ca25da
reloadAllAccessors: .RecursiveLattice

===========================================================================================
----------------- testing Sat Aug 10 05:27:34 UTC 2019 /home/travis/build/icyphy/ptII/ptolemy/actor/lib/test/auto/Router.xml
----------------- Instantiating /home/travis/build/icyphy/ptII/ptolemy/actor/lib/test/auto/Router.xml
3005 ms. Memory: 461824K Free: 296336K (64%)
----------------- Invoking toplevel() on ptolemy.moml.MoMLSimpleApplication@57f0f6f5
----------------- Done invoking toplevel() on ptolemy.moml.MoMLSimpleApplication@57f0f6f5
reloadAllAccessors: .Router

===========================================================================================
----------------- testing Sat Aug 10 05:27:37 UTC 2019 /home/travis/build/icyphy/ptII/ptolemy/actor/lib/test/auto/Router2.xml
----------------- Instantiating /home/travis/build/icyphy/ptII/ptolemy/actor/lib/test/auto/Router2.xml
3005 ms. Memory: 461824K Free: 285582K (62%)
----------------- Invoking toplevel() on ptolemy.moml.MoMLSimpleApplication@7241e540
----------------- Done invoking toplevel() on ptolemy.moml.MoMLSimpleApplication@7241e540
reloadAllAccessors: .Router2

===========================================================================================
----------------- testing Sat Aug 10 05:27:40 UTC 2019 /home/travis/build/icyphy/ptII/ptolemy/actor/lib/test/auto/RunningMaximum.xml
----------------- Instantiating /home/travis/build/icyphy/ptII/ptolemy/actor/lib/test/auto/RunningMaximum.xml
8 ms. Memory: 461824K Free: 280976K (61%)
----------------- Invoking toplevel() on ptolemy.moml.MoMLSimpleApplication@1ae6ec4b
----------------- Done invoking toplevel() on ptolemy.moml.MoMLSimpleApplication@1ae6ec4b
reloadAllAccessors: .RunningMaximum

===========================================================================================
----------------- testing Sat Aug 10 05:27:40 UTC 2019 /home/travis/build/icyphy/ptII/ptolemy/actor/lib/test/auto/RunningMinimum.xml
----------------- Instantiating /home/travis/build/icyphy/ptII/ptolemy/actor/lib/test/auto/RunningMinimum.xml
16 ms. Memory: 461824K Free: 276366K (60%)
----------------- Invoking toplevel() on ptolemy.moml.MoMLSimpleApplication@62474107
----------------- Done invoking toplevel() on ptolemy.moml.MoMLSimpleApplication@62474107
reloadAllAccessors: .RunningMinimum

===========================================================================================
----------------- testing Sat Aug 10 05:27:40 UTC 2019 /home/travis/build/icyphy/ptII/ptolemy/actor/lib/test/auto/Scale.xml
----------------- Instantiating /home/travis/build/icyphy/ptII/ptolemy/actor/lib/test/auto/Scale.xml
4 ms. Memory: 461824K Free: 271760K (59%)
----------------- Invoking toplevel() on ptolemy.moml.MoMLSimpleApplication@705b0c8a
----------------- Done invoking toplevel() on ptolemy.moml.MoMLSimpleApplication@705b0c8a
reloadAllAccessors: .Scale

===========================================================================================
----------------- testing Sat Aug 10 05:27:40 UTC 2019 /home/travis/build/icyphy/ptII/ptolemy/actor/lib/test/auto/Scale2.xml
----------------- Instantiating /home/travis/build/icyphy/ptII/ptolemy/actor/lib/test/auto/Scale2.xml
2 ms. Memory: 461824K Free: 267150K (58%)
----------------- Invoking toplevel() on ptolemy.moml.MoMLSimpleApplication@6f99e569
----------------- Done invoking toplevel() on ptolemy.moml.MoMLSimpleApplication@6f99e569
reloadAllAccessors: .Scale2

===========================================================================================
----------------- testing Sat Aug 10 05:27:40 UTC 2019 /home/travis/build/icyphy/ptII/ptolemy/actor/lib/test/auto/Scale3.xml
----------------- Instantiating /home/travis/build/icyphy/ptII/ptolemy/actor/lib/test/auto/Scale3.xml
3 ms. Memory: 461824K Free: 259982K (56%)
----------------- Invoking toplevel() on ptolemy.moml.MoMLSimpleApplication@52d86555
----------------- Done invoking toplevel() on ptolemy.moml.MoMLSimpleApplication@52d86555
reloadAllAccessors: .Scale3

===========================================================================================
----------------- testing Sat Aug 10 05:27:40 UTC 2019 /home/travis/build/icyphy/ptII/ptolemy/actor/lib/test/auto/ScaleArray.xml
----------------- Instantiating /home/travis/build/icyphy/ptII/ptolemy/actor/lib/test/auto/ScaleArray.xml
2 ms. Memory: 461824K Free: 255376K (55%)
----------------- Invoking toplevel() on ptolemy.moml.MoMLSimpleApplication@6df1751e
----------------- Done invoking toplevel() on ptolemy.moml.MoMLSimpleApplication@6df1751e
reloadAllAccessors: .ScaleArray

===========================================================================================
----------------- testing Sat Aug 10 05:27:40 UTC 2019 /home/travis/build/icyphy/ptII/ptolemy/actor/lib/test/auto/ScaleArray2.xml
----------------- Instantiating /home/travis/build/icyphy/ptII/ptolemy/actor/lib/test/auto/ScaleArray2.xml
2 ms. Memory: 461824K Free: 250766K (54%)
----------------- Invoking toplevel() on ptolemy.moml.MoMLSimpleApplication@3f72f416
----------------- Done invoking toplevel() on ptolemy.moml.MoMLSimpleApplication@3f72f416
reloadAllAccessors: .ScaleArray2

===========================================================================================
----------------- testing Sat Aug 10 05:27:40 UTC 2019 /home/travis/build/icyphy/ptII/ptolemy/actor/lib/test/auto/ScaleMatrix.xml
----------------- Instantiating /home/travis/build/icyphy/ptII/ptolemy/actor/lib/test/auto/ScaleMatrix.xml
169 ms. Memory: 461824K Free: 237454K (51%)
----------------- Invoking toplevel() on ptolemy.moml.MoMLSimpleApplication@2107da53
----------------- Done invoking toplevel() on ptolemy.moml.MoMLSimpleApplication@2107da53
reloadAllAccessors: .ScaleMatrix

===========================================================================================
----------------- testing Sat Aug 10 05:27:40 UTC 2019 /home/travis/build/icyphy/ptII/ptolemy/actor/lib/test/auto/Select.xml
----------------- Instantiating /home/travis/build/icyphy/ptII/ptolemy/actor/lib/test/auto/Select.xml
2 ms. Memory: 461824K Free: 231280K (50%)
----------------- Invoking toplevel() on ptolemy.moml.MoMLSimpleApplication@23bc5c5
----------------- Done invoking toplevel() on ptolemy.moml.MoMLSimpleApplication@23bc5c5
reloadAllAccessors: .Select

===========================================================================================
----------------- testing Sat Aug 10 05:27:40 UTC 2019 /home/travis/build/icyphy/ptII/ptolemy/actor/lib/test/auto/Select2.xml
----------------- Instantiating /home/travis/build/icyphy/ptII/ptolemy/actor/lib/test/auto/Select2.xml
1 ms. Memory: 461824K Free: 226704K (49%)
----------------- Invoking toplevel() on ptolemy.moml.MoMLSimpleApplication@e602539
----------------- Done invoking toplevel() on ptolemy.moml.MoMLSimpleApplication@e602539
reloadAllAccessors: .Select2

===========================================================================================
----------------- testing Sat Aug 10 05:27:40 UTC 2019 /home/travis/build/icyphy/ptII/ptolemy/actor/lib/test/auto/SequenceToArray2.xml
----------------- Instantiating /home/travis/build/icyphy/ptII/ptolemy/actor/lib/test/auto/SequenceToArray2.xml
123 ms. Memory: 461824K Free: 202624K (44%)
----------------- Invoking toplevel() on ptolemy.moml.MoMLSimpleApplication@51ef1553
----------------- Done invoking toplevel() on ptolemy.moml.MoMLSimpleApplication@51ef1553
reloadAllAccessors: .SequenceToArray2

===========================================================================================
----------------- testing Sat Aug 10 05:27:40 UTC 2019 /home/travis/build/icyphy/ptII/ptolemy/actor/lib/test/auto/SequentialClock.xml
----------------- Instantiating /home/travis/build/icyphy/ptII/ptolemy/actor/lib/test/auto/SequentialClock.xml
1 ms. Memory: 461824K Free: 198542K (43%)
----------------- Invoking toplevel() on ptolemy.moml.MoMLSimpleApplication@8884555
----------------- Done invoking toplevel() on ptolemy.moml.MoMLSimpleApplication@8884555
reloadAllAccessors: .SequentialClock

===========================================================================================
----------------- testing Sat Aug 10 05:27:40 UTC 2019 /home/travis/build/icyphy/ptII/ptolemy/actor/lib/test/auto/SetVariable.xml
----------------- Instantiating /home/travis/build/icyphy/ptII/ptolemy/actor/lib/test/auto/SetVariable.xml
4 ms. Memory: 461824K Free: 193936K (42%)
----------------- Invoking toplevel() on ptolemy.moml.MoMLSimpleApplication@7a9dae23
----------------- Done invoking toplevel() on ptolemy.moml.MoMLSimpleApplication@7a9dae23
reloadAllAccessors: .SetVariable

===========================================================================================
----------------- testing Sat Aug 10 05:27:40 UTC 2019 /home/travis/build/icyphy/ptII/ptolemy/actor/lib/test/auto/SetVariable2.xml
----------------- Instantiating /home/travis/build/icyphy/ptII/ptolemy/actor/lib/test/auto/SetVariable2.xml
4 ms. Memory: 461824K Free: 188816K (41%)
----------------- Invoking toplevel() on ptolemy.moml.MoMLSimpleApplication@71371e4c
----------------- Done invoking toplevel() on ptolemy.moml.MoMLSimpleApplication@71371e4c
reloadAllAccessors: .SetVariable2

===========================================================================================
----------------- testing Sat Aug 10 05:27:40 UTC 2019 /home/travis/build/icyphy/ptII/ptolemy/actor/lib/test/auto/SetVariable3.xml
----------------- Instantiating /home/travis/build/icyphy/ptII/ptolemy/actor/lib/test/auto/SetVariable3.xml
7 ms. Memory: 461824K Free: 183696K (40%)
----------------- Invoking toplevel() on ptolemy.moml.MoMLSimpleApplication@b18e259
----------------- Done invoking toplevel() on ptolemy.moml.MoMLSimpleApplication@b18e259
reloadAllAccessors: .SetVariable3

===========================================================================================
----------------- testing Sat Aug 10 05:27:40 UTC 2019 /home/travis/build/icyphy/ptII/ptolemy/actor/lib/test/auto/SetVariable4.xml
----------------- Instantiating /home/travis/build/icyphy/ptII/ptolemy/actor/lib/test/auto/SetVariable4.xml
13 ms. Memory: 461824K Free: 174478K (38%)
----------------- Invoking toplevel() on ptolemy.moml.MoMLSimpleApplication@161442df
----------------- Done invoking toplevel() on ptolemy.moml.MoMLSimpleApplication@161442df
reloadAllAccessors: .SetVariable4

===========================================================================================
----------------- testing Sat Aug 10 05:27:40 UTC 2019 /home/travis/build/icyphy/ptII/ptolemy/actor/lib/test/auto/SetVariable5.xml
----------------- Instantiating /home/travis/build/icyphy/ptII/ptolemy/actor/lib/test/auto/SetVariable5.xml
21 ms. Memory: 461824K Free: 165264K (36%)
----------------- Invoking toplevel() on ptolemy.moml.MoMLSimpleApplication@253bea9f
----------------- Done invoking toplevel() on ptolemy.moml.MoMLSimpleApplication@253bea9f
reloadAllAccessors: .SetVariable5

===========================================================================================
----------------- testing Sat Aug 10 05:27:40 UTC 2019 /home/travis/build/icyphy/ptII/ptolemy/actor/lib/test/auto/Sinewave.xml
----------------- Instantiating /home/travis/build/icyphy/ptII/ptolemy/actor/lib/test/auto/Sinewave.xml
5 ms. Memory: 461824K Free: 154510K (33%)
----------------- Invoking toplevel() on ptolemy.moml.MoMLSimpleApplication@12f777f9
----------------- Done invoking toplevel() on ptolemy.moml.MoMLSimpleApplication@12f777f9
reloadAllAccessors: .Sinewave

===========================================================================================
----------------- testing Sat Aug 10 05:27:41 UTC 2019 /home/travis/build/icyphy/ptII/ptolemy/actor/lib/test/auto/Sinewave2.xml
----------------- Instantiating /home/travis/build/icyphy/ptII/ptolemy/actor/lib/test/auto/Sinewave2.xml
11 ms. Memory: 461824K Free: 145808K (32%)
----------------- Invoking toplevel() on ptolemy.moml.MoMLSimpleApplication@2808a3d5
----------------- Done invoking toplevel() on ptolemy.moml.MoMLSimpleApplication@2808a3d5
reloadAllAccessors: .Sinewave2

===========================================================================================
----------------- testing Sat Aug 10 05:27:41 UTC 2019 /home/travis/build/icyphy/ptII/ptolemy/actor/lib/test/auto/Sinewave3.xml
----------------- Instantiating /home/travis/build/icyphy/ptII/ptolemy/actor/lib/test/auto/Sinewave3.xml
9 ms. Memory: 461824K Free: 406416K (88%)
----------------- Invoking toplevel() on ptolemy.moml.MoMLSimpleApplication@652dd4a6
----------------- Done invoking toplevel() on ptolemy.moml.MoMLSimpleApplication@652dd4a6
reloadAllAccessors: .Sinewave3

===========================================================================================
----------------- testing Sat Aug 10 05:27:41 UTC 2019 /home/travis/build/icyphy/ptII/ptolemy/actor/lib/test/auto/SingleEvent.xml
----------------- Instantiating /home/travis/build/icyphy/ptII/ptolemy/actor/lib/test/auto/SingleEvent.xml
1 ms. Memory: 461824K Free: 401806K (87%)
----------------- Invoking toplevel() on ptolemy.moml.MoMLSimpleApplication@442fde28
----------------- Done invoking toplevel() on ptolemy.moml.MoMLSimpleApplication@442fde28
reloadAllAccessors: .SingleEvent

===========================================================================================
----------------- testing Sat Aug 10 05:27:41 UTC 2019 /home/travis/build/icyphy/ptII/ptolemy/actor/lib/test/auto/Sleep.xml
----------------- Instantiating /home/travis/build/icyphy/ptII/ptolemy/actor/lib/test/auto/Sleep.xml
6004 ms. Memory: 461824K Free: 396656K (86%)
----------------- Invoking toplevel() on ptolemy.moml.MoMLSimpleApplication@354d299f
----------------- Done invoking toplevel() on ptolemy.moml.MoMLSimpleApplication@354d299f
reloadAllAccessors: .Sleep

===========================================================================================
----------------- testing Sat Aug 10 05:27:47 UTC 2019 /home/travis/build/icyphy/ptII/ptolemy/actor/lib/test/auto/SleepMultipleFire.xml
----------------- Instantiating /home/travis/build/icyphy/ptII/ptolemy/actor/lib/test/auto/SleepMultipleFire.xml
1006 ms. Memory: 461824K Free: 390542K (85%)
----------------- Invoking toplevel() on ptolemy.moml.MoMLSimpleApplication@19a2659f
----------------- Done invoking toplevel() on ptolemy.moml.MoMLSimpleApplication@19a2659f
reloadAllAccessors: .SleepMultipleFire

===========================================================================================
----------------- testing Sat Aug 10 05:27:48 UTC 2019 /home/travis/build/icyphy/ptII/ptolemy/actor/lib/test/auto/StopDE.xml
----------------- Instantiating /home/travis/build/icyphy/ptII/ptolemy/actor/lib/test/auto/StopDE.xml
2 ms. Memory: 461824K Free: 384912K (83%)
----------------- Invoking toplevel() on ptolemy.moml.MoMLSimpleApplication@614824c7
----------------- Done invoking toplevel() on ptolemy.moml.MoMLSimpleApplication@614824c7
reloadAllAccessors: .StopDE

===========================================================================================
----------------- testing Sat Aug 10 05:27:48 UTC 2019 /home/travis/build/icyphy/ptII/ptolemy/actor/lib/test/auto/StopSDF.xml
----------------- Instantiating /home/travis/build/icyphy/ptII/ptolemy/actor/lib/test/auto/StopSDF.xml
3 ms. Memory: 461824K Free: 379792K (82%)
----------------- Invoking toplevel() on ptolemy.moml.MoMLSimpleApplication@3eecc91f
----------------- Done invoking toplevel() on ptolemy.moml.MoMLSimpleApplication@3eecc91f
reloadAllAccessors: .StopSDF

===========================================================================================
----------------- testing Sat Aug 10 05:27:48 UTC 2019 /home/travis/build/icyphy/ptII/ptolemy/actor/lib/test/auto/StringConstant.xml
----------------- Instantiating /home/travis/build/icyphy/ptII/ptolemy/actor/lib/test/auto/StringConstant.xml
2 ms. Memory: 461824K Free: 375182K (81%)
----------------- Invoking toplevel() on ptolemy.moml.MoMLSimpleApplication@72a930cc
----------------- Done invoking toplevel() on ptolemy.moml.MoMLSimpleApplication@72a930cc
reloadAllAccessors: .StringConstant

===========================================================================================
----------------- testing Sat Aug 10 05:27:48 UTC 2019 /home/travis/build/icyphy/ptII/ptolemy/actor/lib/test/auto/SubscriberPortInitialValues1.xml
----------------- Instantiating /home/travis/build/icyphy/ptII/ptolemy/actor/lib/test/auto/SubscriberPortInitialValues1.xml
6 ms. Memory: 461824K Free: 366480K (79%)
----------------- Invoking toplevel() on ptolemy.moml.MoMLSimpleApplication@403627b0
----------------- Done invoking toplevel() on ptolemy.moml.MoMLSimpleApplication@403627b0
reloadAllAccessors: .SubscriberPortInitialValues1

===========================================================================================
----------------- testing Sat Aug 10 05:27:48 UTC 2019 /home/travis/build/icyphy/ptII/ptolemy/actor/lib/test/auto/SubscriberPortInitialValues13.xml
----------------- Instantiating /home/travis/build/icyphy/ptII/ptolemy/actor/lib/test/auto/SubscriberPortInitialValues13.xml
7 ms. Memory: 461824K Free: 353678K (77%)
----------------- Invoking toplevel() on ptolemy.moml.MoMLSimpleApplication@292378bb
----------------- Done invoking toplevel() on ptolemy.moml.MoMLSimpleApplication@292378bb
reloadAllAccessors: .SubscriberPortInitialValues13

===========================================================================================
----------------- testing Sat Aug 10 05:27:48 UTC 2019 /home/travis/build/icyphy/ptII/ptolemy/actor/lib/test/auto/SubscriberPortInitialValues14.xml
----------------- Instantiating /home/travis/build/icyphy/ptII/ptolemy/actor/lib/test/auto/SubscriberPortInitialValues14.xml
4 ms. Memory: 461824K Free: 346000K (75%)
----------------- Invoking toplevel() on ptolemy.moml.MoMLSimpleApplication@718e8914
----------------- Done invoking toplevel() on ptolemy.moml.MoMLSimpleApplication@718e8914
reloadAllAccessors: .SubscriberPortInitialValues14

===========================================================================================
----------------- testing Sat Aug 10 05:27:48 UTC 2019 /home/travis/build/icyphy/ptII/ptolemy/actor/lib/test/auto/SubscriberPortInitialValues2.xml
----------------- Instantiating /home/travis/build/icyphy/ptII/ptolemy/actor/lib/test/auto/SubscriberPortInitialValues2.xml
3 ms. Memory: 461824K Free: 337808K (73%)
----------------- Invoking toplevel() on ptolemy.moml.MoMLSimpleApplication@5e18aec5
----------------- Done invoking toplevel() on ptolemy.moml.MoMLSimpleApplication@5e18aec5
reloadAllAccessors: .SubscriberPortInitialValues2

===========================================================================================
----------------- testing Sat Aug 10 05:27:48 UTC 2019 /home/travis/build/icyphy/ptII/ptolemy/actor/lib/test/auto/SubscriberPortInitialValues3.xml
----------------- Instantiating /home/travis/build/icyphy/ptII/ptolemy/actor/lib/test/auto/SubscriberPortInitialValues3.xml
4 ms. Memory: 461824K Free: 327054K (71%)
----------------- Invoking toplevel() on ptolemy.moml.MoMLSimpleApplication@21e7dc55
----------------- Done invoking toplevel() on ptolemy.moml.MoMLSimpleApplication@21e7dc55
reloadAllAccessors: .SubscriberPortInitialValues3

===========================================================================================
----------------- testing Sat Aug 10 05:27:48 UTC 2019 /home/travis/build/icyphy/ptII/ptolemy/actor/lib/test/auto/SubscriptionAggregator.xml
----------------- Instantiating /home/travis/build/icyphy/ptII/ptolemy/actor/lib/test/auto/SubscriptionAggregator.xml
3 ms. Memory: 461824K Free: 320400K (69%)
----------------- Invoking toplevel() on ptolemy.moml.MoMLSimpleApplication@477620d8
----------------- Done invoking toplevel() on ptolemy.moml.MoMLSimpleApplication@477620d8
reloadAllAccessors: .SubscriptionAggregator

===========================================================================================
----------------- testing Sat Aug 10 05:27:48 UTC 2019 /home/travis/build/icyphy/ptII/ptolemy/actor/lib/test/auto/SubscriptionAggregator2.xml
----------------- Instantiating /home/travis/build/icyphy/ptII/ptolemy/actor/lib/test/auto/SubscriptionAggregator2.xml
3 ms. Memory: 461824K Free: 313736K (68%)
----------------- Invoking toplevel() on ptolemy.moml.MoMLSimpleApplication@54597ef7
----------------- Done invoking toplevel() on ptolemy.moml.MoMLSimpleApplication@54597ef7
reloadAllAccessors: .SubscriptionAggregator2

===========================================================================================
----------------- testing Sat Aug 10 05:27:48 UTC 2019 /home/travis/build/icyphy/ptII/ptolemy/actor/lib/test/auto/SubscriptionAggregator3.xml
----------------- Instantiating /home/travis/build/icyphy/ptII/ptolemy/actor/lib/test/auto/SubscriptionAggregator3.xml
3 ms. Memory: 461824K Free: 305520K (66%)
----------------- Invoking toplevel() on ptolemy.moml.MoMLSimpleApplication@475a49b1
----------------- Done invoking toplevel() on ptolemy.moml.MoMLSimpleApplication@475a49b1
reloadAllAccessors: .SubscriptionAggregator3

===========================================================================================
----------------- testing Sat Aug 10 05:27:48 UTC 2019 /home/travis/build/icyphy/ptII/ptolemy/actor/lib/test/auto/SubscriptionAggregatorMultiply.xml
----------------- Instantiating /home/travis/build/icyphy/ptII/ptolemy/actor/lib/test/auto/SubscriptionAggregatorMultiply.xml
3 ms. Memory: 461824K Free: 296848K (64%)
----------------- Invoking toplevel() on ptolemy.moml.MoMLSimpleApplication@3148543d
----------------- Done invoking toplevel() on ptolemy.moml.MoMLSimpleApplication@3148543d
reloadAllAccessors: .SubscriptionAggregatorMultiply

===========================================================================================
----------------- testing Sat Aug 10 05:27:48 UTC 2019 /home/travis/build/icyphy/ptII/ptolemy/actor/lib/test/auto/SubscriptionAggregatorPortMultiply1.xml
----------------- Instantiating /home/travis/build/icyphy/ptII/ptolemy/actor/lib/test/auto/SubscriptionAggregatorPortMultiply1.xml
4 ms. Memory: 461824K Free: 289166K (63%)
----------------- Invoking toplevel() on ptolemy.moml.MoMLSimpleApplication@2d604962
----------------- Done invoking toplevel() on ptolemy.moml.MoMLSimpleApplication@2d604962
reloadAllAccessors: .SubscriptionAggregatorPortMultiply1

===========================================================================================
----------------- testing Sat Aug 10 05:27:48 UTC 2019 /home/travis/build/icyphy/ptII/ptolemy/actor/lib/test/auto/Switch.xml
----------------- Instantiating /home/travis/build/icyphy/ptII/ptolemy/actor/lib/test/auto/Switch.xml
7 ms. Memory: 461824K Free: 280974K (61%)
----------------- Invoking toplevel() on ptolemy.moml.MoMLSimpleApplication@619c7a68
----------------- Done invoking toplevel() on ptolemy.moml.MoMLSimpleApplication@619c7a68
reloadAllAccessors: .Switch

===========================================================================================
----------------- testing Sat Aug 10 05:27:48 UTC 2019 /home/travis/build/icyphy/ptII/ptolemy/actor/lib/test/auto/Switch2.xml
----------------- Instantiating /home/travis/build/icyphy/ptII/ptolemy/actor/lib/test/auto/Switch2.xml
1 ms. Memory: 461824K Free: 275854K (60%)
----------------- Invoking toplevel() on ptolemy.moml.MoMLSimpleApplication@3d0c9d5
----------------- Done invoking toplevel() on ptolemy.moml.MoMLSimpleApplication@3d0c9d5
reloadAllAccessors: .Switch2

===========================================================================================
----------------- testing Sat Aug 10 05:27:48 UTC 2019 /home/travis/build/icyphy/ptII/ptolemy/actor/lib/test/auto/SwitchDE.xml
----------------- Instantiating /home/travis/build/icyphy/ptII/ptolemy/actor/lib/test/auto/SwitchDE.xml
5 ms. Memory: 461824K Free: 269680K (58%)
----------------- Invoking toplevel() on ptolemy.moml.MoMLSimpleApplication@4b89fda4
----------------- Done invoking toplevel() on ptolemy.moml.MoMLSimpleApplication@4b89fda4
reloadAllAccessors: .SwitchDE

===========================================================================================
----------------- testing Sat Aug 10 05:27:48 UTC 2019 /home/travis/build/icyphy/ptII/ptolemy/actor/lib/test/auto/SynchronizerDE.xml
----------------- Instantiating /home/travis/build/icyphy/ptII/ptolemy/actor/lib/test/auto/SynchronizerDE.xml
5 ms. Memory: 461824K Free: 261488K (57%)
----------------- Invoking toplevel() on ptolemy.moml.MoMLSimpleApplication@1c6fd34c
----------------- Done invoking toplevel() on ptolemy.moml.MoMLSimpleApplication@1c6fd34c
reloadAllAccessors: .SynchronizerDE

===========================================================================================
----------------- testing Sat Aug 10 05:27:48 UTC 2019 /home/travis/build/icyphy/ptII/ptolemy/actor/lib/test/auto/Test.xml
----------------- Instantiating /home/travis/build/icyphy/ptII/ptolemy/actor/lib/test/auto/Test.xml
9 ms. Memory: 461824K Free: 256384K (56%)
----------------- Invoking toplevel() on ptolemy.moml.MoMLSimpleApplication@78aa52c
----------------- Done invoking toplevel() on ptolemy.moml.MoMLSimpleApplication@78aa52c
reloadAllAccessors: .Test

===========================================================================================
----------------- testing Sat Aug 10 05:27:48 UTC 2019 /home/travis/build/icyphy/ptII/ptolemy/actor/lib/test/auto/TestExceptionAttribute1.xml
----------------- Instantiating /home/travis/build/icyphy/ptII/ptolemy/actor/lib/test/auto/TestExceptionAttribute1.xml
2 ms. Memory: 461824K Free: 252816K (55%)
----------------- Invoking toplevel() on ptolemy.moml.MoMLSimpleApplication@3561db43
----------------- Done invoking toplevel() on ptolemy.moml.MoMLSimpleApplication@3561db43
reloadAllAccessors: .TestExceptionAttribute1

===========================================================================================
----------------- testing Sat Aug 10 05:27:48 UTC 2019 /home/travis/build/icyphy/ptII/ptolemy/actor/lib/test/auto/TestExceptionAttribute2.xml
----------------- Instantiating /home/travis/build/icyphy/ptII/ptolemy/actor/lib/test/auto/TestExceptionAttribute2.xml
1 ms. Memory: 461824K Free: 249230K (54%)
----------------- Invoking toplevel() on ptolemy.moml.MoMLSimpleApplication@dbdba1b
----------------- Done invoking toplevel() on ptolemy.moml.MoMLSimpleApplication@dbdba1b
reloadAllAccessors: .TestExceptionAttribute2

===========================================================================================
----------------- testing Sat Aug 10 05:27:48 UTC 2019 /home/travis/build/icyphy/ptII/ptolemy/actor/lib/test/auto/TestExceptionAttribute3.xml
----------------- Instantiating /home/travis/build/icyphy/ptII/ptolemy/actor/lib/test/auto/TestExceptionAttribute3.xml
.TestExceptionAttribute3.TestExceptionAttribute: initialize() was not invoked, but wrapup() was.  This is unusual, but not always a problem.  For example, exporting JNLP will do this.
1 ms. Memory: 461824K Free: 245134K (53%)
----------------- Invoking toplevel() on ptolemy.moml.MoMLSimpleApplication@875d76f
----------------- Done invoking toplevel() on ptolemy.moml.MoMLSimpleApplication@875d76f
reloadAllAccessors: .TestExceptionAttribute3

===========================================================================================
----------------- testing Sat Aug 10 05:27:48 UTC 2019 /home/travis/build/icyphy/ptII/ptolemy/actor/lib/test/auto/TestExceptionAttribute4.xml
----------------- Instantiating /home/travis/build/icyphy/ptII/ptolemy/actor/lib/test/auto/TestExceptionAttribute4.xml
.TestExceptionAttribute4.TestExceptionAttribute: initialize() was not invoked, but wrapup() was.  This is unusual, but not always a problem.  For example, exporting JNLP will do this.
.TestExceptionAttribute4.TestExceptionAttribute2: initialize() was not invoked, but wrapup() was.  This is unusual, but not always a problem.  For example, exporting JNLP will do this.
0 ms. Memory: 461824K Free: 241038K (52%)
----------------- Invoking toplevel() on ptolemy.moml.MoMLSimpleApplication@42de0d86
----------------- Done invoking toplevel() on ptolemy.moml.MoMLSimpleApplication@42de0d86
reloadAllAccessors: .TestExceptionAttribute4

===========================================================================================
----------------- testing Sat Aug 10 05:27:48 UTC 2019 /home/travis/build/icyphy/ptII/ptolemy/actor/lib/test/auto/TestExceptionHandler1.xml
----------------- Instantiating /home/travis/build/icyphy/ptII/ptolemy/actor/lib/test/auto/TestExceptionHandler1.xml
2 ms. Memory: 461824K Free: 237456K (51%)
----------------- Invoking toplevel() on ptolemy.moml.MoMLSimpleApplication@3151655d
----------------- Done invoking toplevel() on ptolemy.moml.MoMLSimpleApplication@3151655d
reloadAllAccessors: .TestExceptionHandler1

===========================================================================================
----------------- testing Sat Aug 10 05:27:48 UTC 2019 /home/travis/build/icyphy/ptII/ptolemy/actor/lib/test/auto/TestExceptionHandler2.xml
----------------- Instantiating /home/travis/build/icyphy/ptII/ptolemy/actor/lib/test/auto/TestExceptionHandler2.xml
2 ms. Memory: 461824K Free: 233870K (51%)
----------------- Invoking toplevel() on ptolemy.moml.MoMLSimpleApplication@36cba5a8
----------------- Done invoking toplevel() on ptolemy.moml.MoMLSimpleApplication@36cba5a8
reloadAllAccessors: .TestExceptionHandler2

===========================================================================================
----------------- testing Sat Aug 10 05:27:48 UTC 2019 /home/travis/build/icyphy/ptII/ptolemy/actor/lib/test/auto/TestExceptionHandler3.xml
----------------- Instantiating /home/travis/build/icyphy/ptII/ptolemy/actor/lib/test/auto/TestExceptionHandler3.xml
1 ms. Memory: 461824K Free: 230288K (50%)
----------------- Invoking toplevel() on ptolemy.moml.MoMLSimpleApplication@7f7b8009
----------------- Done invoking toplevel() on ptolemy.moml.MoMLSimpleApplication@7f7b8009
reloadAllAccessors: .TestExceptionHandler3

===========================================================================================
----------------- testing Sat Aug 10 05:27:48 UTC 2019 /home/travis/build/icyphy/ptII/ptolemy/actor/lib/test/auto/TestExceptionHandler4.xml
----------------- Instantiating /home/travis/build/icyphy/ptII/ptolemy/actor/lib/test/auto/TestExceptionHandler4.xml
1 ms. Memory: 461824K Free: 226192K (49%)
----------------- Invoking toplevel() on ptolemy.moml.MoMLSimpleApplication@501e44c1
----------------- Done invoking toplevel() on ptolemy.moml.MoMLSimpleApplication@501e44c1
reloadAllAccessors: .TestExceptionHandler4

===========================================================================================
----------------- testing Sat Aug 10 05:27:48 UTC 2019 /home/travis/build/icyphy/ptII/ptolemy/actor/lib/test/auto/TestRequireCorrectOrder.xml
----------------- Instantiating /home/travis/build/icyphy/ptII/ptolemy/actor/lib/test/auto/TestRequireCorrectOrder.xml
7 ms. Memory: 461824K Free: 220544K (48%)
----------------- Invoking toplevel() on ptolemy.moml.MoMLSimpleApplication@575b8e12
----------------- Done invoking toplevel() on ptolemy.moml.MoMLSimpleApplication@575b8e12
reloadAllAccessors: .TestRequireCorrectOrder

===========================================================================================
----------------- testing Sat Aug 10 05:27:48 UTC 2019 /home/travis/build/icyphy/ptII/ptolemy/actor/lib/test/auto/TestSimple.xml
----------------- Instantiating /home/travis/build/icyphy/ptII/ptolemy/actor/lib/test/auto/TestSimple.xml
1 ms. Memory: 461824K Free: 215952K (47%)
----------------- Invoking toplevel() on ptolemy.moml.MoMLSimpleApplication@3ee23443
----------------- Done invoking toplevel() on ptolemy.moml.MoMLSimpleApplication@3ee23443
reloadAllAccessors: .TestSimple

===========================================================================================
----------------- testing Sat Aug 10 05:27:48 UTC 2019 /home/travis/build/icyphy/ptII/ptolemy/actor/lib/test/auto/ThrowModelError.xml
----------------- Instantiating /home/travis/build/icyphy/ptII/ptolemy/actor/lib/test/auto/ThrowModelError.xml
2 ms. Memory: 461824K Free: 211342K (46%)
----------------- Invoking toplevel() on ptolemy.moml.MoMLSimpleApplication@72da09ba
----------------- Done invoking toplevel() on ptolemy.moml.MoMLSimpleApplication@72da09ba
reloadAllAccessors: .ThrowModelError

===========================================================================================
----------------- testing Sat Aug 10 05:27:48 UTC 2019 /home/travis/build/icyphy/ptII/ptolemy/actor/lib/test/auto/TimeDelayMicrosteps.xml
----------------- Instantiating /home/travis/build/icyphy/ptII/ptolemy/actor/lib/test/auto/TimeDelayMicrosteps.xml
8 ms. Memory: 461824K Free: 205192K (44%)
----------------- Invoking toplevel() on ptolemy.moml.MoMLSimpleApplication@58e8d6a6
----------------- Done invoking toplevel() on ptolemy.moml.MoMLSimpleApplication@58e8d6a6
reloadAllAccessors: .TimeDelayMicrosteps

===========================================================================================
----------------- testing Sat Aug 10 05:27:48 UTC 2019 /home/travis/build/icyphy/ptII/ptolemy/actor/lib/test/auto/TimeDelayMicrosteps2.xml
----------------- Instantiating /home/travis/build/icyphy/ptII/ptolemy/actor/lib/test/auto/TimeDelayMicrosteps2.xml
3 ms. Memory: 461824K Free: 198024K (43%)
----------------- Invoking toplevel() on ptolemy.moml.MoMLSimpleApplication@3d408648
----------------- Done invoking toplevel() on ptolemy.moml.MoMLSimpleApplication@3d408648
reloadAllAccessors: .TimeDelayMicrosteps2

===========================================================================================
----------------- testing Sat Aug 10 05:27:48 UTC 2019 /home/travis/build/icyphy/ptII/ptolemy/actor/lib/test/auto/TimeDelayMicrosteps3.xml
----------------- Instantiating /home/travis/build/icyphy/ptII/ptolemy/actor/lib/test/auto/TimeDelayMicrosteps3.xml
10 ms. Memory: 461824K Free: 191376K (41%)
----------------- Invoking toplevel() on ptolemy.moml.MoMLSimpleApplication@d77c760
----------------- Done invoking toplevel() on ptolemy.moml.MoMLSimpleApplication@d77c760
reloadAllAccessors: .TimeDelayMicrosteps3

===========================================================================================
----------------- testing Sat Aug 10 05:27:49 UTC 2019 /home/travis/build/icyphy/ptII/ptolemy/actor/lib/test/auto/TimeDelayVariableMicrosteps.xml
----------------- Instantiating /home/travis/build/icyphy/ptII/ptolemy/actor/lib/test/auto/TimeDelayVariableMicrosteps.xml
4 ms. Memory: 461824K Free: 184715K (40%)
----------------- Invoking toplevel() on ptolemy.moml.MoMLSimpleApplication@2774aecd
----------------- Done invoking toplevel() on ptolemy.moml.MoMLSimpleApplication@2774aecd
reloadAllAccessors: .TimeDelayVariableMicrosteps

===========================================================================================
----------------- testing Sat Aug 10 05:27:49 UTC 2019 /home/travis/build/icyphy/ptII/ptolemy/actor/lib/test/auto/TimeGap.xml
----------------- Instantiating /home/travis/build/icyphy/ptII/ptolemy/actor/lib/test/auto/TimeGap.xml
4 ms. Memory: 461824K Free: 179568K (39%)
----------------- Invoking toplevel() on ptolemy.moml.MoMLSimpleApplication@52c12156
----------------- Done invoking toplevel() on ptolemy.moml.MoMLSimpleApplication@52c12156
reloadAllAccessors: .TimeGap

===========================================================================================
----------------- testing Sat Aug 10 05:27:49 UTC 2019 /home/travis/build/icyphy/ptII/ptolemy/actor/lib/test/auto/TimeGap2.xml
----------------- Instantiating /home/travis/build/icyphy/ptII/ptolemy/actor/lib/test/auto/TimeGap2.xml
2 ms. Memory: 461824K Free: 173968K (38%)
----------------- Invoking toplevel() on ptolemy.moml.MoMLSimpleApplication@cbb97d
----------------- Done invoking toplevel() on ptolemy.moml.MoMLSimpleApplication@cbb97d
reloadAllAccessors: .TimeGap2

===========================================================================================
----------------- testing Sat Aug 10 05:27:49 UTC 2019 /home/travis/build/icyphy/ptII/ptolemy/actor/lib/test/auto/TimedSinewave.xml
----------------- Instantiating /home/travis/build/icyphy/ptII/ptolemy/actor/lib/test/auto/TimedSinewave.xml
39 ms. Memory: 461824K Free: 160142K (35%)
----------------- Invoking toplevel() on ptolemy.moml.MoMLSimpleApplication@47f03fcb
----------------- Done invoking toplevel() on ptolemy.moml.MoMLSimpleApplication@47f03fcb
reloadAllAccessors: .TimedSinewave

===========================================================================================
----------------- testing Sat Aug 10 05:27:49 UTC 2019 /home/travis/build/icyphy/ptII/ptolemy/actor/lib/test/auto/TimedSinewavePhase.xml
----------------- Instantiating /home/travis/build/icyphy/ptII/ptolemy/actor/lib/test/auto/TimedSinewavePhase.xml
10 ms. Memory: 461824K Free: 149902K (32%)
----------------- Invoking toplevel() on ptolemy.moml.MoMLSimpleApplication@3fd9e10a
----------------- Done invoking toplevel() on ptolemy.moml.MoMLSimpleApplication@3fd9e10a
reloadAllAccessors: .TimedSinewavePhase

===========================================================================================
----------------- testing Sat Aug 10 05:27:49 UTC 2019 /home/travis/build/icyphy/ptII/ptolemy/actor/lib/test/auto/Timer.xml
----------------- Instantiating /home/travis/build/icyphy/ptII/ptolemy/actor/lib/test/auto/Timer.xml
3 ms. Memory: 461824K Free: 144272K (31%)
----------------- Invoking toplevel() on ptolemy.moml.MoMLSimpleApplication@7185e4db
----------------- Done invoking toplevel() on ptolemy.moml.MoMLSimpleApplication@7185e4db
reloadAllAccessors: .Timer

===========================================================================================
----------------- testing Sat Aug 10 05:27:49 UTC 2019 /home/travis/build/icyphy/ptII/ptolemy/actor/lib/test/auto/TriangularDistTestModel.xml
----------------- Instantiating /home/travis/build/icyphy/ptII/ptolemy/actor/lib/test/auto/TriangularDistTestModel.xml
2 ms. Memory: 461824K Free: 407684K (88%)
----------------- Invoking toplevel() on ptolemy.moml.MoMLSimpleApplication@182580f3
----------------- Done invoking toplevel() on ptolemy.moml.MoMLSimpleApplication@182580f3
reloadAllAccessors: .TriangularDistTestModel

===========================================================================================
----------------- testing Sat Aug 10 05:27:49 UTC 2019 /home/travis/build/icyphy/ptII/ptolemy/actor/lib/test/auto/TrigFunction.xml
----------------- Instantiating /home/travis/build/icyphy/ptII/ptolemy/actor/lib/test/auto/TrigFunction.xml
1 ms. Memory: 461824K Free: 403109K (87%)
----------------- Invoking toplevel() on ptolemy.moml.MoMLSimpleApplication@6c29383
----------------- Done invoking toplevel() on ptolemy.moml.MoMLSimpleApplication@6c29383
reloadAllAccessors: .TrigFunction

===========================================================================================
----------------- testing Sat Aug 10 05:27:49 UTC 2019 /home/travis/build/icyphy/ptII/ptolemy/actor/lib/test/auto/TrigFunctionDE.xml
----------------- Instantiating /home/travis/build/icyphy/ptII/ptolemy/actor/lib/test/auto/TrigFunctionDE.xml
1 ms. Memory: 461824K Free: 397475K (86%)
----------------- Invoking toplevel() on ptolemy.moml.MoMLSimpleApplication@2ce43cf9
----------------- Done invoking toplevel() on ptolemy.moml.MoMLSimpleApplication@2ce43cf9
reloadAllAccessors: .TrigFunctionDE

===========================================================================================
----------------- testing Sat Aug 10 05:27:49 UTC 2019 /home/travis/build/icyphy/ptII/ptolemy/actor/lib/test/auto/TrigFunctionInverse.xml
----------------- Instantiating /home/travis/build/icyphy/ptII/ptolemy/actor/lib/test/auto/TrigFunctionInverse.xml
2 ms. Memory: 461824K Free: 391845K (85%)
----------------- Invoking toplevel() on ptolemy.moml.MoMLSimpleApplication@247c5672
----------------- Done invoking toplevel() on ptolemy.moml.MoMLSimpleApplication@247c5672
reloadAllAccessors: .TrigFunctionInverse

===========================================================================================
----------------- testing Sat Aug 10 05:27:49 UTC 2019 /home/travis/build/icyphy/ptII/ptolemy/actor/lib/test/auto/TrigFunctionTan.xml
----------------- Instantiating /home/travis/build/icyphy/ptII/ptolemy/actor/lib/test/auto/TrigFunctionTan.xml
1 ms. Memory: 461824K Free: 387235K (84%)
----------------- Invoking toplevel() on ptolemy.moml.MoMLSimpleApplication@310ba4d9
----------------- Done invoking toplevel() on ptolemy.moml.MoMLSimpleApplication@310ba4d9
reloadAllAccessors: .TrigFunctionTan

===========================================================================================
----------------- testing Sat Aug 10 05:27:49 UTC 2019 /home/travis/build/icyphy/ptII/ptolemy/actor/lib/test/auto/TriggeredClock.xml
----------------- Instantiating /home/travis/build/icyphy/ptII/ptolemy/actor/lib/test/auto/TriggeredClock.xml
2 ms. Memory: 461824K Free: 382108K (83%)
----------------- Invoking toplevel() on ptolemy.moml.MoMLSimpleApplication@542e7142
----------------- Done invoking toplevel() on ptolemy.moml.MoMLSimpleApplication@542e7142
reloadAllAccessors: .TriggeredClock

===========================================================================================
----------------- testing Sat Aug 10 05:27:49 UTC 2019 /home/travis/build/icyphy/ptII/ptolemy/actor/lib/test/auto/URLDirectoryReader.xml
----------------- Instantiating /home/travis/build/icyphy/ptII/ptolemy/actor/lib/test/auto/URLDirectoryReader.xml
45 ms. Memory: 461824K Free: 372389K (81%)
----------------- Invoking toplevel() on ptolemy.moml.MoMLSimpleApplication@5d134784
----------------- Done invoking toplevel() on ptolemy.moml.MoMLSimpleApplication@5d134784
reloadAllAccessors: .URLDirectoryReader

===========================================================================================
----------------- testing Sat Aug 10 05:27:49 UTC 2019 /home/travis/build/icyphy/ptII/ptolemy/actor/lib/test/auto/URLDirectoryReader3.xml
----------------- Instantiating /home/travis/build/icyphy/ptII/ptolemy/actor/lib/test/auto/URLDirectoryReader3.xml
1160 ms. Memory: 461824K Free: 403843K (87%)
----------------- Invoking toplevel() on ptolemy.moml.MoMLSimpleApplication@4acc3b79
----------------- Done invoking toplevel() on ptolemy.moml.MoMLSimpleApplication@4acc3b79
reloadAllAccessors: .URLDirectoryReader3

===========================================================================================
----------------- testing Sat Aug 10 05:27:50 UTC 2019 /home/travis/build/icyphy/ptII/ptolemy/actor/lib/test/auto/UnaryMathFunction.xml
----------------- Instantiating /home/travis/build/icyphy/ptII/ptolemy/actor/lib/test/auto/UnaryMathFunction.xml
3 ms. Memory: 461824K Free: 395651K (86%)
----------------- Invoking toplevel() on ptolemy.moml.MoMLSimpleApplication@3f0ddd8d
----------------- Done invoking toplevel() on ptolemy.moml.MoMLSimpleApplication@3f0ddd8d
reloadAllAccessors: .UnaryMathFunction

===========================================================================================
----------------- testing Sat Aug 10 05:27:50 UTC 2019 /home/travis/build/icyphy/ptII/ptolemy/actor/lib/test/auto/Uniform.xml
----------------- Instantiating /home/travis/build/icyphy/ptII/ptolemy/actor/lib/test/auto/Uniform.xml
5 ms. Memory: 461824K Free: 391040K (85%)
----------------- Invoking toplevel() on ptolemy.moml.MoMLSimpleApplication@33315cbf
----------------- Done invoking toplevel() on ptolemy.moml.MoMLSimpleApplication@33315cbf
reloadAllAccessors: .Uniform

===========================================================================================
----------------- testing Sat Aug 10 05:27:50 UTC 2019 /home/travis/build/icyphy/ptII/ptolemy/actor/lib/test/auto/UnionDisassemblerTest.xml
----------------- Instantiating /home/travis/build/icyphy/ptII/ptolemy/actor/lib/test/auto/UnionDisassemblerTest.xml
14 ms. Memory: 461824K Free: 386945K (84%)
----------------- Invoking toplevel() on ptolemy.moml.MoMLSimpleApplication@42e1f2b6
----------------- Done invoking toplevel() on ptolemy.moml.MoMLSimpleApplication@42e1f2b6
reloadAllAccessors: .UnionDisassemblerTest

===========================================================================================
----------------- testing Sat Aug 10 05:27:51 UTC 2019 /home/travis/build/icyphy/ptII/ptolemy/actor/lib/test/auto/UtilityFunctions.xml
----------------- Instantiating /home/travis/build/icyphy/ptII/ptolemy/actor/lib/test/auto/UtilityFunctions.xml
2 ms. Memory: 461824K Free: 382849K (83%)
----------------- Invoking toplevel() on ptolemy.moml.MoMLSimpleApplication@523f38cc
----------------- Done invoking toplevel() on ptolemy.moml.MoMLSimpleApplication@523f38cc
reloadAllAccessors: .UtilityFunctions

===========================================================================================
----------------- testing Sat Aug 10 05:27:51 UTC 2019 /home/travis/build/icyphy/ptII/ptolemy/actor/lib/test/auto/VariableSleep.xml
----------------- Instantiating /home/travis/build/icyphy/ptII/ptolemy/actor/lib/test/auto/VariableSleep.xml
503 ms. Memory: 461824K Free: 377219K (82%)
----------------- Invoking toplevel() on ptolemy.moml.MoMLSimpleApplication@5950efd5
----------------- Done invoking toplevel() on ptolemy.moml.MoMLSimpleApplication@5950efd5
reloadAllAccessors: .VariableSleep

===========================================================================================
----------------- testing Sat Aug 10 05:27:51 UTC 2019 /home/travis/build/icyphy/ptII/ptolemy/actor/lib/test/auto/VectorAssemblerDisassemblerCT.xml
----------------- Instantiating /home/travis/build/icyphy/ptII/ptolemy/actor/lib/test/auto/VectorAssemblerDisassemblerCT.xml
87 ms. Memory: 461824K Free: 357249K (77%)
----------------- Invoking toplevel() on ptolemy.moml.MoMLSimpleApplication@1f92e650
----------------- Done invoking toplevel() on ptolemy.moml.MoMLSimpleApplication@1f92e650
reloadAllAccessors: .VectorAssemblerDisassemblerCT

===========================================================================================
----------------- testing Sat Aug 10 05:27:51 UTC 2019 /home/travis/build/icyphy/ptII/ptolemy/actor/lib/test/auto/VectorAssemblerDisassemblerDE.xml
----------------- Instantiating /home/travis/build/icyphy/ptII/ptolemy/actor/lib/test/auto/VectorAssemblerDisassemblerDE.xml
3 ms. Memory: 461824K Free: 350081K (76%)
----------------- Invoking toplevel() on ptolemy.moml.MoMLSimpleApplication@7a0befac
----------------- Done invoking toplevel() on ptolemy.moml.MoMLSimpleApplication@7a0befac
reloadAllAccessors: .VectorAssemblerDisassemblerDE

===========================================================================================
----------------- testing Sat Aug 10 05:27:51 UTC 2019 /home/travis/build/icyphy/ptII/ptolemy/actor/lib/test/auto/VectorAssemblerDisassemblerSDF.xml
----------------- Instantiating /home/travis/build/icyphy/ptII/ptolemy/actor/lib/test/auto/VectorAssemblerDisassemblerSDF.xml
3 ms. Memory: 461824K Free: 343937K (74%)
----------------- Invoking toplevel() on ptolemy.moml.MoMLSimpleApplication@380ea6c7
----------------- Done invoking toplevel() on ptolemy.moml.MoMLSimpleApplication@380ea6c7
reloadAllAccessors: .VectorAssemblerDisassemblerSDF

===========================================================================================
----------------- testing Sat Aug 10 05:27:51 UTC 2019 /home/travis/build/icyphy/ptII/ptolemy/actor/lib/test/auto/WallClockTime.xml
----------------- Instantiating /home/travis/build/icyphy/ptII/ptolemy/actor/lib/test/auto/WallClockTime.xml
1007 ms. Memory: 461824K Free: 337793K (73%)
----------------- Invoking toplevel() on ptolemy.moml.MoMLSimpleApplication@3742c9d1
----------------- Done invoking toplevel() on ptolemy.moml.MoMLSimpleApplication@3742c9d1
reloadAllAccessors: .WallClockTime

===========================================================================================
----------------- testing Sat Aug 10 05:27:52 UTC 2019 /home/travis/build/icyphy/ptII/ptolemy/actor/lib/test/auto/WidthTestWithSubscriberPublisher.xml
----------------- Instantiating /home/travis/build/icyphy/ptII/ptolemy/actor/lib/test/auto/WidthTestWithSubscriberPublisher.xml
7 ms. Memory: 461824K Free: 319875K (69%)
----------------- Invoking toplevel() on ptolemy.moml.MoMLSimpleApplication@2dc15a8
----------------- Done invoking toplevel() on ptolemy.moml.MoMLSimpleApplication@2dc15a8
reloadAllAccessors: .WidthTestWithSubscriberPublisher

===========================================================================================
----------------- testing Sat Aug 10 05:27:52 UTC 2019 /home/travis/build/icyphy/ptII/ptolemy/actor/lib/test/auto/WidthTestWithSubscriberPublisher2.xml
----------------- Instantiating /home/travis/build/icyphy/ptII/ptolemy/actor/lib/test/auto/WidthTestWithSubscriberPublisher2.xml
2 ms. Memory: 461824K Free: 313731K (68%)
----------------- Invoking toplevel() on ptolemy.moml.MoMLSimpleApplication@c09600c
----------------- Done invoking toplevel() on ptolemy.moml.MoMLSimpleApplication@c09600c
reloadAllAccessors: .WidthTestWithSubscriberPublisher2

===========================================================================================
----------------- testing Sat Aug 10 05:27:52 UTC 2019 /home/travis/build/icyphy/ptII/ptolemy/actor/lib/test/auto/WidthTestWithSubscriberPublisher3.xml
----------------- Instantiating /home/travis/build/icyphy/ptII/ptolemy/actor/lib/test/auto/WidthTestWithSubscriberPublisher3.xml
2 ms. Memory: 461824K Free: 308097K (67%)
----------------- Invoking toplevel() on ptolemy.moml.MoMLSimpleApplication@71b75477
----------------- Done invoking toplevel() on ptolemy.moml.MoMLSimpleApplication@71b75477
reloadAllAccessors: .WidthTestWithSubscriberPublisher3

===========================================================================================
----------------- testing Sat Aug 10 05:27:52 UTC 2019 /home/travis/build/icyphy/ptII/ptolemy/actor/lib/test/auto/Writer.xml
----------------- Instantiating /home/travis/build/icyphy/ptII/ptolemy/actor/lib/test/auto/Writer.xml
0
1
2
3
4
2 ms. Memory: 461824K Free: 303491K (66%)
----------------- Invoking toplevel() on ptolemy.moml.MoMLSimpleApplication@40315c68
----------------- Done invoking toplevel() on ptolemy.moml.MoMLSimpleApplication@40315c68
reloadAllAccessors: .Writer

===========================================================================================
----------------- testing Sat Aug 10 05:27:52 UTC 2019 /home/travis/build/icyphy/ptII/ptolemy/actor/lib/test/auto/array.xml
----------------- Instantiating /home/travis/build/icyphy/ptII/ptolemy/actor/lib/test/auto/array.xml
3 ms. Memory: 461824K Free: 298881K (65%)
----------------- Invoking toplevel() on ptolemy.moml.MoMLSimpleApplication@c6e152b
----------------- Done invoking toplevel() on ptolemy.moml.MoMLSimpleApplication@c6e152b
reloadAllAccessors: .array

===========================================================================================
----------------- testing Sat Aug 10 05:27:52 UTC 2019 /home/travis/build/icyphy/ptII/ptolemy/actor/lib/test/auto/array2.xml
----------------- Instantiating /home/travis/build/icyphy/ptII/ptolemy/actor/lib/test/auto/array2.xml
3 ms. Memory: 461824K Free: 294275K (64%)
----------------- Invoking toplevel() on ptolemy.moml.MoMLSimpleApplication@7960624c
----------------- Done invoking toplevel() on ptolemy.moml.MoMLSimpleApplication@7960624c
reloadAllAccessors: .array2

===========================================================================================
----------------- testing Sat Aug 10 05:27:52 UTC 2019 /home/travis/build/icyphy/ptII/ptolemy/actor/lib/test/auto/arrayType.xml
----------------- Instantiating /home/travis/build/icyphy/ptII/ptolemy/actor/lib/test/auto/arrayType.xml
1 ms. Memory: 461824K Free: 289155K (63%)
----------------- Invoking toplevel() on ptolemy.moml.MoMLSimpleApplication@70b5b2dd
----------------- Done invoking toplevel() on ptolemy.moml.MoMLSimpleApplication@70b5b2dd
reloadAllAccessors: .arrayType

===========================================================================================
----------------- testing Sat Aug 10 05:27:52 UTC 2019 /home/travis/build/icyphy/ptII/ptolemy/actor/lib/test/auto/arrayType10.xml
----------------- Instantiating /home/travis/build/icyphy/ptII/ptolemy/actor/lib/test/auto/arrayType10.xml
1 ms. Memory: 461824K Free: 284035K (62%)
----------------- Invoking toplevel() on ptolemy.moml.MoMLSimpleApplication@1222e093
----------------- Done invoking toplevel() on ptolemy.moml.MoMLSimpleApplication@1222e093
reloadAllAccessors: .arrayType10

===========================================================================================
----------------- testing Sat Aug 10 05:27:52 UTC 2019 /home/travis/build/icyphy/ptII/ptolemy/actor/lib/test/auto/arrayType11.xml
----------------- Instantiating /home/travis/build/icyphy/ptII/ptolemy/actor/lib/test/auto/arrayType11.xml
1 ms. Memory: 461824K Free: 279425K (61%)
----------------- Invoking toplevel() on ptolemy.moml.MoMLSimpleApplication@6eee8196
----------------- Done invoking toplevel() on ptolemy.moml.MoMLSimpleApplication@6eee8196
reloadAllAccessors: .arrayType11

===========================================================================================
----------------- testing Sat Aug 10 05:27:52 UTC 2019 /home/travis/build/icyphy/ptII/ptolemy/actor/lib/test/auto/arrayType12.xml
----------------- Instantiating /home/travis/build/icyphy/ptII/ptolemy/actor/lib/test/auto/arrayType12.xml
2 ms. Memory: 461824K Free: 274819K (60%)
----------------- Invoking toplevel() on ptolemy.moml.MoMLSimpleApplication@1dc0de4c
----------------- Done invoking toplevel() on ptolemy.moml.MoMLSimpleApplication@1dc0de4c
reloadAllAccessors: .arrayType12

===========================================================================================
----------------- testing Sat Aug 10 05:27:52 UTC 2019 /home/travis/build/icyphy/ptII/ptolemy/actor/lib/test/auto/arrayType13.xml
----------------- Instantiating /home/travis/build/icyphy/ptII/ptolemy/actor/lib/test/auto/arrayType13.xml
2 ms. Memory: 461824K Free: 269185K (58%)
----------------- Invoking toplevel() on ptolemy.moml.MoMLSimpleApplication@21a82fce
----------------- Done invoking toplevel() on ptolemy.moml.MoMLSimpleApplication@21a82fce
reloadAllAccessors: .arrayType13

===========================================================================================
----------------- testing Sat Aug 10 05:27:52 UTC 2019 /home/travis/build/icyphy/ptII/ptolemy/actor/lib/test/auto/arrayType14.xml
----------------- Instantiating /home/travis/build/icyphy/ptII/ptolemy/actor/lib/test/auto/arrayType14.xml
1 ms. Memory: 461824K Free: 264065K (57%)
----------------- Invoking toplevel() on ptolemy.moml.MoMLSimpleApplication@6d145af0
----------------- Done invoking toplevel() on ptolemy.moml.MoMLSimpleApplication@6d145af0
reloadAllAccessors: .arrayType14

===========================================================================================
----------------- testing Sat Aug 10 05:27:52 UTC 2019 /home/travis/build/icyphy/ptII/ptolemy/actor/lib/test/auto/arrayType15.xml
----------------- Instantiating /home/travis/build/icyphy/ptII/ptolemy/actor/lib/test/auto/arrayType15.xml
4 ms. Memory: 461824K Free: 257921K (56%)
----------------- Invoking toplevel() on ptolemy.moml.MoMLSimpleApplication@59af8b12
----------------- Done invoking toplevel() on ptolemy.moml.MoMLSimpleApplication@59af8b12
reloadAllAccessors: .arrayType15

===========================================================================================
----------------- testing Sat Aug 10 05:27:53 UTC 2019 /home/travis/build/icyphy/ptII/ptolemy/actor/lib/test/auto/arrayType16.xml
----------------- Instantiating /home/travis/build/icyphy/ptII/ptolemy/actor/lib/test/auto/arrayType16.xml
2 ms. Memory: 461824K Free: 252801K (55%)
----------------- Invoking toplevel() on ptolemy.moml.MoMLSimpleApplication@5312749a
----------------- Done invoking toplevel() on ptolemy.moml.MoMLSimpleApplication@5312749a
reloadAllAccessors: .arrayType16

===========================================================================================
----------------- testing Sat Aug 10 05:27:53 UTC 2019 /home/travis/build/icyphy/ptII/ptolemy/actor/lib/test/auto/arrayType17.xml
----------------- Instantiating /home/travis/build/icyphy/ptII/ptolemy/actor/lib/test/auto/arrayType17.xml
1 ms. Memory: 461824K Free: 247171K (54%)
----------------- Invoking toplevel() on ptolemy.moml.MoMLSimpleApplication@4d5be002
----------------- Done invoking toplevel() on ptolemy.moml.MoMLSimpleApplication@4d5be002
reloadAllAccessors: .arrayType17

===========================================================================================
----------------- testing Sat Aug 10 05:27:53 UTC 2019 /home/travis/build/icyphy/ptII/ptolemy/actor/lib/test/auto/arrayType18.xml
----------------- Instantiating /home/travis/build/icyphy/ptII/ptolemy/actor/lib/test/auto/arrayType18.xml
1 ms. Memory: 461824K Free: 242561K (53%)
----------------- Invoking toplevel() on ptolemy.moml.MoMLSimpleApplication@47bb3083
----------------- Done invoking toplevel() on ptolemy.moml.MoMLSimpleApplication@47bb3083
reloadAllAccessors: .arrayType18

===========================================================================================
----------------- testing Sat Aug 10 05:27:53 UTC 2019 /home/travis/build/icyphy/ptII/ptolemy/actor/lib/test/auto/arrayType19.xml
----------------- Instantiating /home/travis/build/icyphy/ptII/ptolemy/actor/lib/test/auto/arrayType19.xml
2 ms. Memory: 461824K Free: 237955K (52%)
----------------- Invoking toplevel() on ptolemy.moml.MoMLSimpleApplication@88266da
----------------- Done invoking toplevel() on ptolemy.moml.MoMLSimpleApplication@88266da
reloadAllAccessors: .arrayType19

===========================================================================================
----------------- testing Sat Aug 10 05:27:53 UTC 2019 /home/travis/build/icyphy/ptII/ptolemy/actor/lib/test/auto/arrayType2.xml
----------------- Instantiating /home/travis/build/icyphy/ptII/ptolemy/actor/lib/test/auto/arrayType2.xml
2 ms. Memory: 461824K Free: 232321K (50%)
----------------- Invoking toplevel() on ptolemy.moml.MoMLSimpleApplication@66acf424
----------------- Done invoking toplevel() on ptolemy.moml.MoMLSimpleApplication@66acf424
reloadAllAccessors: .arrayType2

===========================================================================================
----------------- testing Sat Aug 10 05:27:53 UTC 2019 /home/travis/build/icyphy/ptII/ptolemy/actor/lib/test/auto/arrayType20.xml
----------------- Instantiating /home/travis/build/icyphy/ptII/ptolemy/actor/lib/test/auto/arrayType20.xml
1 ms. Memory: 461824K Free: 227715K (49%)
----------------- Invoking toplevel() on ptolemy.moml.MoMLSimpleApplication@7da74ba5
----------------- Done invoking toplevel() on ptolemy.moml.MoMLSimpleApplication@7da74ba5
reloadAllAccessors: .arrayType20

===========================================================================================
----------------- testing Sat Aug 10 05:27:53 UTC 2019 /home/travis/build/icyphy/ptII/ptolemy/actor/lib/test/auto/arrayType21.xml
----------------- Instantiating /home/travis/build/icyphy/ptII/ptolemy/actor/lib/test/auto/arrayType21.xml
2 ms. Memory: 461824K Free: 223105K (48%)
----------------- Invoking toplevel() on ptolemy.moml.MoMLSimpleApplication@5b62dff8
----------------- Done invoking toplevel() on ptolemy.moml.MoMLSimpleApplication@5b62dff8
reloadAllAccessors: .arrayType21

===========================================================================================
----------------- testing Sat Aug 10 05:27:53 UTC 2019 /home/travis/build/icyphy/ptII/ptolemy/actor/lib/test/auto/arrayType22.xml
----------------- Instantiating /home/travis/build/icyphy/ptII/ptolemy/actor/lib/test/auto/arrayType22.xml
2 ms. Memory: 461824K Free: 218499K (47%)
----------------- Invoking toplevel() on ptolemy.moml.MoMLSimpleApplication@61294f50
----------------- Done invoking toplevel() on ptolemy.moml.MoMLSimpleApplication@61294f50
reloadAllAccessors: .arrayType22

===========================================================================================
----------------- testing Sat Aug 10 05:27:53 UTC 2019 /home/travis/build/icyphy/ptII/ptolemy/actor/lib/test/auto/arrayType23.xml
----------------- Instantiating /home/travis/build/icyphy/ptII/ptolemy/actor/lib/test/auto/arrayType23.xml
2 ms. Memory: 461824K Free: 213379K (46%)
----------------- Invoking toplevel() on ptolemy.moml.MoMLSimpleApplication@5a19cde2
----------------- Done invoking toplevel() on ptolemy.moml.MoMLSimpleApplication@5a19cde2
reloadAllAccessors: .arrayType23

===========================================================================================
----------------- testing Sat Aug 10 05:27:53 UTC 2019 /home/travis/build/icyphy/ptII/ptolemy/actor/lib/test/auto/arrayType24.xml
----------------- Instantiating /home/travis/build/icyphy/ptII/ptolemy/actor/lib/test/auto/arrayType24.xml
1 ms. Memory: 461824K Free: 208769K (45%)
----------------- Invoking toplevel() on ptolemy.moml.MoMLSimpleApplication@78d2b8a9
----------------- Done invoking toplevel() on ptolemy.moml.MoMLSimpleApplication@78d2b8a9
reloadAllAccessors: .arrayType24

===========================================================================================
----------------- testing Sat Aug 10 05:27:53 UTC 2019 /home/travis/build/icyphy/ptII/ptolemy/actor/lib/test/auto/arrayType25.xml
----------------- Instantiating /home/travis/build/icyphy/ptII/ptolemy/actor/lib/test/auto/arrayType25.xml
2 ms. Memory: 461824K Free: 203649K (44%)
----------------- Invoking toplevel() on ptolemy.moml.MoMLSimpleApplication@137e2daf
----------------- Done invoking toplevel() on ptolemy.moml.MoMLSimpleApplication@137e2daf
reloadAllAccessors: .arrayType25

===========================================================================================
----------------- testing Sat Aug 10 05:27:53 UTC 2019 /home/travis/build/icyphy/ptII/ptolemy/actor/lib/test/auto/arrayType26.xml
----------------- Instantiating /home/travis/build/icyphy/ptII/ptolemy/actor/lib/test/auto/arrayType26.xml
1 ms. Memory: 461824K Free: 198019K (43%)
----------------- Invoking toplevel() on ptolemy.moml.MoMLSimpleApplication@141257c5
----------------- Done invoking toplevel() on ptolemy.moml.MoMLSimpleApplication@141257c5
reloadAllAccessors: .arrayType26

===========================================================================================
----------------- testing Sat Aug 10 05:27:53 UTC 2019 /home/travis/build/icyphy/ptII/ptolemy/actor/lib/test/auto/arrayType27.xml
----------------- Instantiating /home/travis/build/icyphy/ptII/ptolemy/actor/lib/test/auto/arrayType27.xml
3 ms. Memory: 461824K Free: 192899K (42%)
----------------- Invoking toplevel() on ptolemy.moml.MoMLSimpleApplication@405ccf4c
----------------- Done invoking toplevel() on ptolemy.moml.MoMLSimpleApplication@405ccf4c
reloadAllAccessors: .arrayType27

===========================================================================================
----------------- testing Sat Aug 10 05:27:53 UTC 2019 /home/travis/build/icyphy/ptII/ptolemy/actor/lib/test/auto/arrayType28.xml
----------------- Instantiating /home/travis/build/icyphy/ptII/ptolemy/actor/lib/test/auto/arrayType28.xml
2 ms. Memory: 461824K Free: 187779K (41%)
----------------- Invoking toplevel() on ptolemy.moml.MoMLSimpleApplication@59990c8e
----------------- Done invoking toplevel() on ptolemy.moml.MoMLSimpleApplication@59990c8e
reloadAllAccessors: .arrayType28

===========================================================================================
----------------- testing Sat Aug 10 05:27:53 UTC 2019 /home/travis/build/icyphy/ptII/ptolemy/actor/lib/test/auto/arrayType3.xml
----------------- Instantiating /home/travis/build/icyphy/ptII/ptolemy/actor/lib/test/auto/arrayType3.xml
2 ms. Memory: 461824K Free: 182131K (39%)
----------------- Invoking toplevel() on ptolemy.moml.MoMLSimpleApplication@720bc16c
----------------- Done invoking toplevel() on ptolemy.moml.MoMLSimpleApplication@720bc16c
reloadAllAccessors: .arrayType3

===========================================================================================
----------------- testing Sat Aug 10 05:27:53 UTC 2019 /home/travis/build/icyphy/ptII/ptolemy/actor/lib/test/auto/arrayType4.xml
----------------- Instantiating /home/travis/build/icyphy/ptII/ptolemy/actor/lib/test/auto/arrayType4.xml
1 ms. Memory: 461824K Free: 177011K (38%)
----------------- Invoking toplevel() on ptolemy.moml.MoMLSimpleApplication@40e3e001
----------------- Done invoking toplevel() on ptolemy.moml.MoMLSimpleApplication@40e3e001
reloadAllAccessors: .arrayType4

===========================================================================================
----------------- testing Sat Aug 10 05:27:53 UTC 2019 /home/travis/build/icyphy/ptII/ptolemy/actor/lib/test/auto/arrayType5.xml
----------------- Instantiating /home/travis/build/icyphy/ptII/ptolemy/actor/lib/test/auto/arrayType5.xml
2 ms. Memory: 461824K Free: 171905K (37%)
----------------- Invoking toplevel() on ptolemy.moml.MoMLSimpleApplication@42fe3009
----------------- Done invoking toplevel() on ptolemy.moml.MoMLSimpleApplication@42fe3009
reloadAllAccessors: .arrayType5

===========================================================================================
----------------- testing Sat Aug 10 05:27:53 UTC 2019 /home/travis/build/icyphy/ptII/ptolemy/actor/lib/test/auto/arrayType6.xml
----------------- Instantiating /home/travis/build/icyphy/ptII/ptolemy/actor/lib/test/auto/arrayType6.xml
1 ms. Memory: 461824K Free: 166785K (36%)
----------------- Invoking toplevel() on ptolemy.moml.MoMLSimpleApplication@350dfacd
----------------- Done invoking toplevel() on ptolemy.moml.MoMLSimpleApplication@350dfacd
reloadAllAccessors: .arrayType6

===========================================================================================
----------------- testing Sat Aug 10 05:27:53 UTC 2019 /home/travis/build/icyphy/ptII/ptolemy/actor/lib/test/auto/arrayType7.xml
----------------- Instantiating /home/travis/build/icyphy/ptII/ptolemy/actor/lib/test/auto/arrayType7.xml
7 ms. Memory: 461824K Free: 162179K (35%)
----------------- Invoking toplevel() on ptolemy.moml.MoMLSimpleApplication@21f47c59
----------------- Done invoking toplevel() on ptolemy.moml.MoMLSimpleApplication@21f47c59
reloadAllAccessors: .arrayType7

===========================================================================================
----------------- testing Sat Aug 10 05:27:53 UTC 2019 /home/travis/build/icyphy/ptII/ptolemy/actor/lib/test/auto/arrayType8.xml
----------------- Instantiating /home/travis/build/icyphy/ptII/ptolemy/actor/lib/test/auto/arrayType8.xml
2 ms. Memory: 461824K Free: 157569K (34%)
----------------- Invoking toplevel() on ptolemy.moml.MoMLSimpleApplication@1e6e49c
----------------- Done invoking toplevel() on ptolemy.moml.MoMLSimpleApplication@1e6e49c
reloadAllAccessors: .arrayType8

===========================================================================================
----------------- testing Sat Aug 10 05:27:53 UTC 2019 /home/travis/build/icyphy/ptII/ptolemy/actor/lib/test/auto/arrayType9.xml
----------------- Instantiating /home/travis/build/icyphy/ptII/ptolemy/actor/lib/test/auto/arrayType9.xml
2 ms. Memory: 461824K Free: 152449K (33%)
----------------- Invoking toplevel() on ptolemy.moml.MoMLSimpleApplication@56eaac0b
----------------- Done invoking toplevel() on ptolemy.moml.MoMLSimpleApplication@56eaac0b
reloadAllAccessors: .arrayType9

===========================================================================================
----------------- testing Sat Aug 10 05:27:53 UTC 2019 /home/travis/build/icyphy/ptII/ptolemy/actor/lib/test/auto/cast.xml
----------------- Instantiating /home/travis/build/icyphy/ptII/ptolemy/actor/lib/test/auto/cast.xml
3 ms. Memory: 461824K Free: 147843K (32%)
----------------- Invoking toplevel() on ptolemy.moml.MoMLSimpleApplication@40714c0b
----------------- Done invoking toplevel() on ptolemy.moml.MoMLSimpleApplication@40714c0b
reloadAllAccessors: .cast

===========================================================================================
----------------- testing Sat Aug 10 05:27:53 UTC 2019 /home/travis/build/icyphy/ptII/ptolemy/actor/lib/test/auto/compositeMultiPort.xml
----------------- Instantiating /home/travis/build/icyphy/ptII/ptolemy/actor/lib/test/auto/compositeMultiPort.xml
4 ms. Memory: 461824K Free: 139123K (30%)
----------------- Invoking toplevel() on ptolemy.moml.MoMLSimpleApplication@3a75feca
----------------- Done invoking toplevel() on ptolemy.moml.MoMLSimpleApplication@3a75feca
reloadAllAccessors: .compositeMultiPort

===========================================================================================
----------------- testing Sat Aug 10 05:27:53 UTC 2019 /home/travis/build/icyphy/ptII/ptolemy/actor/lib/test/auto/expressionCastInference.xml
----------------- Instantiating /home/travis/build/icyphy/ptII/ptolemy/actor/lib/test/auto/expressionCastInference.xml
3 ms. Memory: 461824K Free: 403955K (87%)
----------------- Invoking toplevel() on ptolemy.moml.MoMLSimpleApplication@6922720c
----------------- Done invoking toplevel() on ptolemy.moml.MoMLSimpleApplication@6922720c
reloadAllAccessors: .expressionCastInference

===========================================================================================
----------------- testing Sat Aug 10 05:27:53 UTC 2019 /home/travis/build/icyphy/ptII/ptolemy/actor/lib/test/auto/expressionCastInference2.xml
----------------- Instantiating /home/travis/build/icyphy/ptII/ptolemy/actor/lib/test/auto/expressionCastInference2.xml
2 ms. Memory: 461824K Free: 399345K (86%)
----------------- Invoking toplevel() on ptolemy.moml.MoMLSimpleApplication@38ab8c00
----------------- Done invoking toplevel() on ptolemy.moml.MoMLSimpleApplication@38ab8c00
reloadAllAccessors: .expressionCastInference2

===========================================================================================
----------------- testing Sat Aug 10 05:27:53 UTC 2019 /home/travis/build/icyphy/ptII/ptolemy/actor/lib/test/auto/expressionInference.xml
----------------- Instantiating /home/travis/build/icyphy/ptII/ptolemy/actor/lib/test/auto/expressionInference.xml
2 ms. Memory: 461824K Free: 394739K (85%)
----------------- Invoking toplevel() on ptolemy.moml.MoMLSimpleApplication@39bad949
----------------- Done invoking toplevel() on ptolemy.moml.MoMLSimpleApplication@39bad949
reloadAllAccessors: .expressionInference

===========================================================================================
----------------- testing Sat Aug 10 05:27:53 UTC 2019 /home/travis/build/icyphy/ptII/ptolemy/actor/lib/test/auto/expression_bug.xml
----------------- Instantiating /home/travis/build/icyphy/ptII/ptolemy/actor/lib/test/auto/expression_bug.xml
1 ms. Memory: 461824K Free: 390129K (84%)
----------------- Invoking toplevel() on ptolemy.moml.MoMLSimpleApplication@4a2c06e6
----------------- Done invoking toplevel() on ptolemy.moml.MoMLSimpleApplication@4a2c06e6
reloadAllAccessors: .expression_bug

===========================================================================================
----------------- testing Sat Aug 10 05:27:53 UTC 2019 /home/travis/build/icyphy/ptII/ptolemy/actor/lib/test/auto/factorial.xml
----------------- Instantiating /home/travis/build/icyphy/ptII/ptolemy/actor/lib/test/auto/factorial.xml
67 ms. Memory: 461824K Free: 381937K (83%)
----------------- Invoking toplevel() on ptolemy.moml.MoMLSimpleApplication@166cfe1c
----------------- Done invoking toplevel() on ptolemy.moml.MoMLSimpleApplication@166cfe1c
reloadAllAccessors: .factorial

===========================================================================================
----------------- testing Sat Aug 10 05:27:53 UTC 2019 /home/travis/build/icyphy/ptII/ptolemy/actor/lib/test/auto/filterTest1.xml
----------------- Instantiating /home/travis/build/icyphy/ptII/ptolemy/actor/lib/test/auto/filterTest1.xml
3 ms. Memory: 461824K Free: 375779K (81%)
----------------- Invoking toplevel() on ptolemy.moml.MoMLSimpleApplication@1116c1af
----------------- Done invoking toplevel() on ptolemy.moml.MoMLSimpleApplication@1116c1af
reloadAllAccessors: .filterTest1

===========================================================================================
----------------- testing Sat Aug 10 05:27:53 UTC 2019 /home/travis/build/icyphy/ptII/ptolemy/actor/lib/test/auto/funcApplyInConst.xml
----------------- Instantiating /home/travis/build/icyphy/ptII/ptolemy/actor/lib/test/auto/funcApplyInConst.xml
1 ms. Memory: 461824K Free: 372211K (81%)
----------------- Invoking toplevel() on ptolemy.moml.MoMLSimpleApplication@78187bf8
----------------- Done invoking toplevel() on ptolemy.moml.MoMLSimpleApplication@78187bf8
reloadAllAccessors: .funcApplyInConst

===========================================================================================
----------------- testing Sat Aug 10 05:27:53 UTC 2019 /home/travis/build/icyphy/ptII/ptolemy/actor/lib/test/auto/funcApplyInExpr.xml
----------------- Instantiating /home/travis/build/icyphy/ptII/ptolemy/actor/lib/test/auto/funcApplyInExpr.xml
2 ms. Memory: 461824K Free: 368625K (80%)
----------------- Invoking toplevel() on ptolemy.moml.MoMLSimpleApplication@2838fb61
----------------- Done invoking toplevel() on ptolemy.moml.MoMLSimpleApplication@2838fb61
reloadAllAccessors: .funcApplyInExpr

===========================================================================================
----------------- testing Sat Aug 10 05:27:53 UTC 2019 /home/travis/build/icyphy/ptII/ptolemy/actor/lib/test/auto/function.xml
----------------- Instantiating /home/travis/build/icyphy/ptII/ptolemy/actor/lib/test/auto/function.xml
2 ms. Memory: 461824K Free: 363505K (79%)
----------------- Invoking toplevel() on ptolemy.moml.MoMLSimpleApplication@2c4a9a5
----------------- Done invoking toplevel() on ptolemy.moml.MoMLSimpleApplication@2c4a9a5
reloadAllAccessors: .function

===========================================================================================
----------------- testing Sat Aug 10 05:27:53 UTC 2019 /home/travis/build/icyphy/ptII/ptolemy/actor/lib/test/auto/function2.xml
----------------- Instantiating /home/travis/build/icyphy/ptII/ptolemy/actor/lib/test/auto/function2.xml
5 ms. Memory: 461824K Free: 358899K (78%)
----------------- Invoking toplevel() on ptolemy.moml.MoMLSimpleApplication@139dc2c2
----------------- Done invoking toplevel() on ptolemy.moml.MoMLSimpleApplication@139dc2c2
reloadAllAccessors: .function2

===========================================================================================
----------------- testing Sat Aug 10 05:27:53 UTC 2019 /home/travis/build/icyphy/ptII/ptolemy/actor/lib/test/auto/function3.xml
----------------- Instantiating /home/travis/build/icyphy/ptII/ptolemy/actor/lib/test/auto/function3.xml
1 ms. Memory: 461824K Free: 354803K (77%)
----------------- Invoking toplevel() on ptolemy.moml.MoMLSimpleApplication@3f482610
----------------- Done invoking toplevel() on ptolemy.moml.MoMLSimpleApplication@3f482610
reloadAllAccessors: .function3

===========================================================================================
----------------- testing Sat Aug 10 05:27:53 UTC 2019 /home/travis/build/icyphy/ptII/ptolemy/actor/lib/test/auto/functionClosureTest1.xml
----------------- Instantiating /home/travis/build/icyphy/ptII/ptolemy/actor/lib/test/auto/functionClosureTest1.xml
2 ms. Memory: 461824K Free: 349163K (76%)
----------------- Invoking toplevel() on ptolemy.moml.MoMLSimpleApplication@403978df
----------------- Done invoking toplevel() on ptolemy.moml.MoMLSimpleApplication@403978df
reloadAllAccessors: .functionClosureTest1

===========================================================================================
----------------- testing Sat Aug 10 05:27:53 UTC 2019 /home/travis/build/icyphy/ptII/ptolemy/actor/lib/test/auto/functionClosureTest2.xml
----------------- Instantiating /home/travis/build/icyphy/ptII/ptolemy/actor/lib/test/auto/functionClosureTest2.xml
1 ms. Memory: 461824K Free: 345587K (75%)
----------------- Invoking toplevel() on ptolemy.moml.MoMLSimpleApplication@7cef9674
----------------- Done invoking toplevel() on ptolemy.moml.MoMLSimpleApplication@7cef9674
reloadAllAccessors: .functionClosureTest2

===========================================================================================
----------------- testing Sat Aug 10 05:27:53 UTC 2019 /home/travis/build/icyphy/ptII/ptolemy/actor/lib/test/auto/functionClosureTest3.xml
----------------- Instantiating /home/travis/build/icyphy/ptII/ptolemy/actor/lib/test/auto/functionClosureTest3.xml
3 ms. Memory: 461824K Free: 339953K (74%)
----------------- Invoking toplevel() on ptolemy.moml.MoMLSimpleApplication@487c7565
----------------- Done invoking toplevel() on ptolemy.moml.MoMLSimpleApplication@487c7565
reloadAllAccessors: .functionClosureTest3

===========================================================================================
----------------- testing Sat Aug 10 05:27:53 UTC 2019 /home/travis/build/icyphy/ptII/ptolemy/actor/lib/test/auto/functionClosureTest4.xml
----------------- Instantiating /home/travis/build/icyphy/ptII/ptolemy/actor/lib/test/auto/functionClosureTest4.xml
5 ms. Memory: 461824K Free: 333809K (72%)
----------------- Invoking toplevel() on ptolemy.moml.MoMLSimpleApplication@7d05cae0
----------------- Done invoking toplevel() on ptolemy.moml.MoMLSimpleApplication@7d05cae0
reloadAllAccessors: .functionClosureTest4

===========================================================================================
----------------- testing Sat Aug 10 05:27:53 UTC 2019 /home/travis/build/icyphy/ptII/ptolemy/actor/lib/test/auto/functionClosureTest5.xml
----------------- Instantiating /home/travis/build/icyphy/ptII/ptolemy/actor/lib/test/auto/functionClosureTest5.xml
5 ms. Memory: 461824K Free: 328179K (71%)
----------------- Invoking toplevel() on ptolemy.moml.MoMLSimpleApplication@6496e21c
----------------- Done invoking toplevel() on ptolemy.moml.MoMLSimpleApplication@6496e21c
reloadAllAccessors: .functionClosureTest5

===========================================================================================
----------------- testing Sat Aug 10 05:27:53 UTC 2019 /home/travis/build/icyphy/ptII/ptolemy/actor/lib/test/auto/functionClosureTest6.xml
----------------- Instantiating /home/travis/build/icyphy/ptII/ptolemy/actor/lib/test/auto/functionClosureTest6.xml
8 ms. Memory: 461824K Free: 323563K (70%)
----------------- Invoking toplevel() on ptolemy.moml.MoMLSimpleApplication@3cccfb90
----------------- Done invoking toplevel() on ptolemy.moml.MoMLSimpleApplication@3cccfb90
reloadAllAccessors: .functionClosureTest6

===========================================================================================
----------------- testing Sat Aug 10 05:27:53 UTC 2019 /home/travis/build/icyphy/ptII/ptolemy/actor/lib/test/auto/functionsOnArcs.xml
----------------- Instantiating /home/travis/build/icyphy/ptII/ptolemy/actor/lib/test/auto/functionsOnArcs.xml
2 ms. Memory: 461824K Free: 318449K (69%)
----------------- Invoking toplevel() on ptolemy.moml.MoMLSimpleApplication@7b21b39
----------------- Done invoking toplevel() on ptolemy.moml.MoMLSimpleApplication@7b21b39
reloadAllAccessors: .functionsOnArcs

===========================================================================================
----------------- testing Sat Aug 10 05:27:53 UTC 2019 /home/travis/build/icyphy/ptII/ptolemy/actor/lib/test/auto/functionsOnArcsHOF.xml
----------------- Instantiating /home/travis/build/icyphy/ptII/ptolemy/actor/lib/test/auto/functionsOnArcsHOF.xml
5 ms. Memory: 461824K Free: 312305K (68%)
----------------- Invoking toplevel() on ptolemy.moml.MoMLSimpleApplication@6677d5ee
----------------- Done invoking toplevel() on ptolemy.moml.MoMLSimpleApplication@6677d5ee
reloadAllAccessors: .functionsOnArcsHOF

===========================================================================================
----------------- testing Sat Aug 10 05:27:53 UTC 2019 /home/travis/build/icyphy/ptII/ptolemy/actor/lib/test/auto/logic.xml
----------------- Instantiating /home/travis/build/icyphy/ptII/ptolemy/actor/lib/test/auto/logic.xml
2 ms. Memory: 461824K Free: 305137K (66%)
----------------- Invoking toplevel() on ptolemy.moml.MoMLSimpleApplication@48f871e
----------------- Done invoking toplevel() on ptolemy.moml.MoMLSimpleApplication@48f871e
reloadAllAccessors: .logic

===========================================================================================
----------------- testing Sat Aug 10 05:27:53 UTC 2019 /home/travis/build/icyphy/ptII/ptolemy/actor/lib/test/auto/matrixType.xml
----------------- Instantiating /home/travis/build/icyphy/ptII/ptolemy/actor/lib/test/auto/matrixType.xml
1 ms. Memory: 461824K Free: 300017K (65%)
----------------- Invoking toplevel() on ptolemy.moml.MoMLSimpleApplication@5ef9c1af
----------------- Done invoking toplevel() on ptolemy.moml.MoMLSimpleApplication@5ef9c1af
reloadAllAccessors: .matrixType

===========================================================================================
----------------- testing Sat Aug 10 05:27:53 UTC 2019 /home/travis/build/icyphy/ptII/ptolemy/actor/lib/test/auto/matrixType10.xml
----------------- Instantiating /home/travis/build/icyphy/ptII/ptolemy/actor/lib/test/auto/matrixType10.xml
2 ms. Memory: 461824K Free: 295411K (64%)
----------------- Invoking toplevel() on ptolemy.moml.MoMLSimpleApplication@7debdfc9
----------------- Done invoking toplevel() on ptolemy.moml.MoMLSimpleApplication@7debdfc9
reloadAllAccessors: .matrixType10

===========================================================================================
----------------- testing Sat Aug 10 05:27:53 UTC 2019 /home/travis/build/icyphy/ptII/ptolemy/actor/lib/test/auto/matrixType11.xml
----------------- Instantiating /home/travis/build/icyphy/ptII/ptolemy/actor/lib/test/auto/matrixType11.xml
1 ms. Memory: 461824K Free: 290801K (63%)
----------------- Invoking toplevel() on ptolemy.moml.MoMLSimpleApplication@3af79758
----------------- Done invoking toplevel() on ptolemy.moml.MoMLSimpleApplication@3af79758
reloadAllAccessors: .matrixType11

===========================================================================================
----------------- testing Sat Aug 10 05:27:53 UTC 2019 /home/travis/build/icyphy/ptII/ptolemy/actor/lib/test/auto/matrixType12.xml
----------------- Instantiating /home/travis/build/icyphy/ptII/ptolemy/actor/lib/test/auto/matrixType12.xml
1 ms. Memory: 461824K Free: 285681K (62%)
----------------- Invoking toplevel() on ptolemy.moml.MoMLSimpleApplication@1828e247
----------------- Done invoking toplevel() on ptolemy.moml.MoMLSimpleApplication@1828e247
reloadAllAccessors: .matrixType12

===========================================================================================
----------------- testing Sat Aug 10 05:27:54 UTC 2019 /home/travis/build/icyphy/ptII/ptolemy/actor/lib/test/auto/matrixType13.xml
----------------- Instantiating /home/travis/build/icyphy/ptII/ptolemy/actor/lib/test/auto/matrixType13.xml
1 ms. Memory: 461824K Free: 281075K (61%)
----------------- Invoking toplevel() on ptolemy.moml.MoMLSimpleApplication@34bb3208
----------------- Done invoking toplevel() on ptolemy.moml.MoMLSimpleApplication@34bb3208
reloadAllAccessors: .matrixType13

===========================================================================================
----------------- testing Sat Aug 10 05:27:54 UTC 2019 /home/travis/build/icyphy/ptII/ptolemy/actor/lib/test/auto/matrixType14.xml
----------------- Instantiating /home/travis/build/icyphy/ptII/ptolemy/actor/lib/test/auto/matrixType14.xml
1 ms. Memory: 461824K Free: 275427K (60%)
----------------- Invoking toplevel() on ptolemy.moml.MoMLSimpleApplication@30741d32
----------------- Done invoking toplevel() on ptolemy.moml.MoMLSimpleApplication@30741d32
reloadAllAccessors: .matrixType14

===========================================================================================
----------------- testing Sat Aug 10 05:27:54 UTC 2019 /home/travis/build/icyphy/ptII/ptolemy/actor/lib/test/auto/matrixType2.xml
----------------- Instantiating /home/travis/build/icyphy/ptII/ptolemy/actor/lib/test/auto/matrixType2.xml
1 ms. Memory: 461824K Free: 270321K (59%)
----------------- Invoking toplevel() on ptolemy.moml.MoMLSimpleApplication@563ad410
----------------- Done invoking toplevel() on ptolemy.moml.MoMLSimpleApplication@563ad410
reloadAllAccessors: .matrixType2

===========================================================================================
----------------- testing Sat Aug 10 05:27:54 UTC 2019 /home/travis/build/icyphy/ptII/ptolemy/actor/lib/test/auto/matrixType3.xml
----------------- Instantiating /home/travis/build/icyphy/ptII/ptolemy/actor/lib/test/auto/matrixType3.xml
5 ms. Memory: 461824K Free: 265715K (58%)
----------------- Invoking toplevel() on ptolemy.moml.MoMLSimpleApplication@3341eaac
----------------- Done invoking toplevel() on ptolemy.moml.MoMLSimpleApplication@3341eaac
reloadAllAccessors: .matrixType3

===========================================================================================
----------------- testing Sat Aug 10 05:27:54 UTC 2019 /home/travis/build/icyphy/ptII/ptolemy/actor/lib/test/auto/matrixType4.xml
----------------- Instantiating /home/travis/build/icyphy/ptII/ptolemy/actor/lib/test/auto/matrixType4.xml
1 ms. Memory: 461824K Free: 260595K (56%)
----------------- Invoking toplevel() on ptolemy.moml.MoMLSimpleApplication@4485c385
----------------- Done invoking toplevel() on ptolemy.moml.MoMLSimpleApplication@4485c385
reloadAllAccessors: .matrixType4

===========================================================================================
----------------- testing Sat Aug 10 05:27:54 UTC 2019 /home/travis/build/icyphy/ptII/ptolemy/actor/lib/test/auto/matrixType5.xml
----------------- Instantiating /home/travis/build/icyphy/ptII/ptolemy/actor/lib/test/auto/matrixType5.xml
2 ms. Memory: 461824K Free: 255985K (55%)
----------------- Invoking toplevel() on ptolemy.moml.MoMLSimpleApplication@71f25298
----------------- Done invoking toplevel() on ptolemy.moml.MoMLSimpleApplication@71f25298
reloadAllAccessors: .matrixType5

===========================================================================================
----------------- testing Sat Aug 10 05:27:54 UTC 2019 /home/travis/build/icyphy/ptII/ptolemy/actor/lib/test/auto/matrixType6.xml
----------------- Instantiating /home/travis/build/icyphy/ptII/ptolemy/actor/lib/test/auto/matrixType6.xml
2 ms. Memory: 461824K Free: 250865K (54%)
----------------- Invoking toplevel() on ptolemy.moml.MoMLSimpleApplication@739b13c5
----------------- Done invoking toplevel() on ptolemy.moml.MoMLSimpleApplication@739b13c5
reloadAllAccessors: .matrixType6

===========================================================================================
----------------- testing Sat Aug 10 05:27:54 UTC 2019 /home/travis/build/icyphy/ptII/ptolemy/actor/lib/test/auto/matrixType7.xml
----------------- Instantiating /home/travis/build/icyphy/ptII/ptolemy/actor/lib/test/auto/matrixType7.xml
1 ms. Memory: 461824K Free: 246259K (53%)
----------------- Invoking toplevel() on ptolemy.moml.MoMLSimpleApplication@36748460
----------------- Done invoking toplevel() on ptolemy.moml.MoMLSimpleApplication@36748460
reloadAllAccessors: .matrixType7

===========================================================================================
----------------- testing Sat Aug 10 05:27:54 UTC 2019 /home/travis/build/icyphy/ptII/ptolemy/actor/lib/test/auto/matrixType8.xml
----------------- Instantiating /home/travis/build/icyphy/ptII/ptolemy/actor/lib/test/auto/matrixType8.xml
2 ms. Memory: 461824K Free: 241137K (52%)
----------------- Invoking toplevel() on ptolemy.moml.MoMLSimpleApplication@27b746d1
----------------- Done invoking toplevel() on ptolemy.moml.MoMLSimpleApplication@27b746d1
reloadAllAccessors: .matrixType8

===========================================================================================
----------------- testing Sat Aug 10 05:27:54 UTC 2019 /home/travis/build/icyphy/ptII/ptolemy/actor/lib/test/auto/matrixType9.xml
----------------- Instantiating /home/travis/build/icyphy/ptII/ptolemy/actor/lib/test/auto/matrixType9.xml
1 ms. Memory: 461824K Free: 236529K (51%)
----------------- Invoking toplevel() on ptolemy.moml.MoMLSimpleApplication@2c64559e
----------------- Done invoking toplevel() on ptolemy.moml.MoMLSimpleApplication@2c64559e
reloadAllAccessors: .matrixType9

===========================================================================================
----------------- testing Sat Aug 10 05:27:54 UTC 2019 /home/travis/build/icyphy/ptII/ptolemy/actor/lib/test/auto/paraFunctest.xml
----------------- Instantiating /home/travis/build/icyphy/ptII/ptolemy/actor/lib/test/auto/paraFunctest.xml
2 ms. Memory: 461824K Free: 232403K (50%)
----------------- Invoking toplevel() on ptolemy.moml.MoMLSimpleApplication@6cb8e4fc
----------------- Done invoking toplevel() on ptolemy.moml.MoMLSimpleApplication@6cb8e4fc
reloadAllAccessors: .paraFunctest

===========================================================================================
----------------- testing Sat Aug 10 05:27:54 UTC 2019 /home/travis/build/icyphy/ptII/ptolemy/actor/lib/test/auto/paraFunctest2.xml
----------------- Instantiating /home/travis/build/icyphy/ptII/ptolemy/actor/lib/test/auto/paraFunctest2.xml
2 ms. Memory: 461824K Free: 227313K (49%)
----------------- Invoking toplevel() on ptolemy.moml.MoMLSimpleApplication@ee47594
----------------- Done invoking toplevel() on ptolemy.moml.MoMLSimpleApplication@ee47594
reloadAllAccessors: .paraFunctest2

===========================================================================================
----------------- testing Sat Aug 10 05:27:54 UTC 2019 /home/travis/build/icyphy/ptII/ptolemy/actor/lib/test/auto/parameterPassing.xml
----------------- Instantiating /home/travis/build/icyphy/ptII/ptolemy/actor/lib/test/auto/parameterPassing.xml
1 ms. Memory: 461824K Free: 223217K (48%)
----------------- Invoking toplevel() on ptolemy.moml.MoMLSimpleApplication@6a043ff7
----------------- Done invoking toplevel() on ptolemy.moml.MoMLSimpleApplication@6a043ff7
reloadAllAccessors: .parameterPassing

===========================================================================================
----------------- testing Sat Aug 10 05:27:54 UTC 2019 /home/travis/build/icyphy/ptII/ptolemy/actor/lib/test/auto/record.xml
----------------- Instantiating /home/travis/build/icyphy/ptII/ptolemy/actor/lib/test/auto/record.xml
3 ms. Memory: 461824K Free: 218097K (47%)
----------------- Invoking toplevel() on ptolemy.moml.MoMLSimpleApplication@577ba69a
----------------- Done invoking toplevel() on ptolemy.moml.MoMLSimpleApplication@577ba69a
reloadAllAccessors: .record

===========================================================================================
----------------- testing Sat Aug 10 05:27:54 UTC 2019 /home/travis/build/icyphy/ptII/ptolemy/actor/lib/test/auto/sizedarray1.xml
----------------- Instantiating /home/travis/build/icyphy/ptII/ptolemy/actor/lib/test/auto/sizedarray1.xml
2 ms. Memory: 461824K Free: 212977K (46%)
----------------- Invoking toplevel() on ptolemy.moml.MoMLSimpleApplication@6bb0c944
----------------- Done invoking toplevel() on ptolemy.moml.MoMLSimpleApplication@6bb0c944
reloadAllAccessors: .sizedarray1

===========================================================================================
----------------- testing Sat Aug 10 05:27:54 UTC 2019 /home/travis/build/icyphy/ptII/ptolemy/actor/lib/test/auto/sizedarray2.xml
----------------- Instantiating /home/travis/build/icyphy/ptII/ptolemy/actor/lib/test/auto/sizedarray2.xml
2 ms. Memory: 461824K Free: 206833K (45%)
----------------- Invoking toplevel() on ptolemy.moml.MoMLSimpleApplication@7b6d1e2f
----------------- Done invoking toplevel() on ptolemy.moml.MoMLSimpleApplication@7b6d1e2f
reloadAllAccessors: .sizedarray2

===========================================================================================
----------------- testing Sat Aug 10 05:27:54 UTC 2019 /home/travis/build/icyphy/ptII/ptolemy/actor/lib/test/auto/twoPublishers.xml
----------------- Instantiating /home/travis/build/icyphy/ptII/ptolemy/actor/lib/test/auto/twoPublishers.xml
3 ms. Memory: 461824K Free: 196579K (43%)
----------------- Invoking toplevel() on ptolemy.moml.MoMLSimpleApplication@5e0beb20
----------------- Done invoking toplevel() on ptolemy.moml.MoMLSimpleApplication@5e0beb20
reloadAllAccessors: .twoPublishers
AutoTests.java: About to close Vertx.
AutoTests.java: Vertx closed.
]]></system-out>
  <system-err><![CDATA[java.lang.RuntimeException: Execution failed
	at ptolemy.moml.MoMLSimpleApplication$UnloadThread.run(MoMLSimpleApplication.java:402)
Caused by: java.lang.RuntimeException: StringUtilities.exit() was called. Normally, we would exit here because Manager.exitAfterWrapup() was called.  However, because the ptolemy.ptII.exitAfterWrapup property is set, we throw this exception instead.
	at ptolemy.util.StringUtilities.exit(StringUtilities.java:365)
	at ptolemy.actor.Manager.wrapup(Manager.java:1549)
	at ptolemy.actor.Manager.execute(Manager.java:407)
	at ptolemy.actor.Manager.run(Manager.java:1263)
	at ptolemy.actor.Manager$PtolemyRunThread.run(Manager.java:1933)
Warning: '.top.test' is in training mode, set the trainingMode parameter to false before checking in
Warning: '.top.test' is in training mode, set the trainingMode parameter to false before checking in
Warning: '.top.test' is in training mode, set the trainingMode parameter to false before checking in
Warning: '.BooleanSwitch_RegressionTest_WrongTrainingValues.Test' is in training mode, set the trainingMode parameter to false before checking in
Warning: '.BooleanSwitch_RegressionTest_WrongTrainingValues.Test2' is in training mode, set the trainingMode parameter to false before checking in
Warning: '.BooleanSwitch_RegressionTest_WrongTrainingValues.Test2' The test produced 0 tokens.
Warning: '.top.testExceptionHandler' is in training mode, set the trainingMode parameter to false before checking in
java.lang.RuntimeException: Execution failed
	at ptolemy.moml.MoMLSimpleApplication$UnloadThread.run(MoMLSimpleApplication.java:402)
Caused by: ptolemy.kernel.util.IllegalActionException: PublisherPorts cannot be used at the top level, use a Publisher actor instead.
  in .PublisherPortToplevelSubscriber.PublisherPort
	at ptolemy.actor.PublisherPort.preinitialize(PublisherPort.java:403)
	at ptolemy.actor.CompositeActor.preinitialize(CompositeActor.java:1769)
	at ptolemy.actor.Manager.preinitializeAndResolveTypes(Manager.java:1040)
	at ptolemy.actor.Manager.initialize(Manager.java:710)
	at ptolemy.actor.Manager.execute(Manager.java:356)
	at ptolemy.actor.Manager.run(Manager.java:1263)
	at ptolemy.actor.Manager$PtolemyRunThread.run(Manager.java:1933)
java.lang.reflect.InvocationTargetException
	at java.base/jdk.internal.reflect.NativeConstructorAccessorImpl.newInstance0(Native Method)
	at java.base/jdk.internal.reflect.NativeConstructorAccessorImpl.newInstance(NativeConstructorAccessorImpl.java:62)
	at java.base/jdk.internal.reflect.DelegatingConstructorAccessorImpl.newInstance(DelegatingConstructorAccessorImpl.java:45)
	at java.base/java.lang.reflect.Constructor.newInstance(Constructor.java:490)
	at ptolemy.util.test.junit.AutoKnownFailedTests.RunModel(AutoKnownFailedTests.java:105)
	at java.base/jdk.internal.reflect.NativeMethodAccessorImpl.invoke0(Native Method)
	at java.base/jdk.internal.reflect.NativeMethodAccessorImpl.invoke(NativeMethodAccessorImpl.java:62)
	at java.base/jdk.internal.reflect.DelegatingMethodAccessorImpl.invoke(DelegatingMethodAccessorImpl.java:43)
	at java.base/java.lang.reflect.Method.invoke(Method.java:566)
	at org.junit.runners.model.FrameworkMethod$1.runReflectiveCall(FrameworkMethod.java:44)
	at org.junit.internal.runners.model.ReflectiveCallable.run(ReflectiveCallable.java:15)
	at org.junit.runners.model.FrameworkMethod.invokeExplosively(FrameworkMethod.java:41)
	at junitparams.internal.InvokeParameterisedMethod.evaluate(InvokeParameterisedMethod.java:102)
	at org.junit.internal.runners.statements.FailOnTimeout$1.run(FailOnTimeout.java:28)
Caused by: ptolemy.kernel.util.IllegalActionException: PublisherPorts cannot be used at the top level, use a Publisher actor instead.
  in .PublisherPortToplevelSubscriber.PublisherPort
	at ptolemy.actor.PublisherPort.preinitialize(PublisherPort.java:403)
	at ptolemy.actor.CompositeActor.preinitialize(CompositeActor.java:1769)
	at ptolemy.actor.Manager.preinitializeAndResolveTypes(Manager.java:1040)
	at ptolemy.actor.Manager.initialize(Manager.java:710)
	at ptolemy.actor.Manager.execute(Manager.java:356)
	at ptolemy.actor.Manager.run(Manager.java:1263)
	at ptolemy.actor.Manager$PtolemyRunThread.run(Manager.java:1933)
java.lang.RuntimeException: Execution failed
	at ptolemy.moml.MoMLSimpleApplication$UnloadThread.run(MoMLSimpleApplication.java:402)
Caused by: ptolemy.kernel.util.IllegalActionException: SubscriberPorts cannot be used at the top level, use a Subscriber actor instead.
  in .PublisherSubscriberPortToplevel.SubscriberPort
	at ptolemy.actor.SubscriberPort.preinitialize(SubscriberPort.java:328)
	at ptolemy.actor.CompositeActor.preinitialize(CompositeActor.java:1769)
	at ptolemy.actor.Manager.preinitializeAndResolveTypes(Manager.java:1040)
	at ptolemy.actor.Manager.initialize(Manager.java:710)
	at ptolemy.actor.Manager.execute(Manager.java:356)
	at ptolemy.actor.Manager.run(Manager.java:1263)
	at ptolemy.actor.Manager$PtolemyRunThread.run(Manager.java:1933)
java.lang.reflect.InvocationTargetException
	at java.base/jdk.internal.reflect.NativeConstructorAccessorImpl.newInstance0(Native Method)
	at java.base/jdk.internal.reflect.NativeConstructorAccessorImpl.newInstance(NativeConstructorAccessorImpl.java:62)
	at java.base/jdk.internal.reflect.DelegatingConstructorAccessorImpl.newInstance(DelegatingConstructorAccessorImpl.java:45)
	at java.base/java.lang.reflect.Constructor.newInstance(Constructor.java:490)
	at ptolemy.util.test.junit.AutoKnownFailedTests.RunModel(AutoKnownFailedTests.java:105)
	at java.base/jdk.internal.reflect.NativeMethodAccessorImpl.invoke0(Native Method)
	at java.base/jdk.internal.reflect.NativeMethodAccessorImpl.invoke(NativeMethodAccessorImpl.java:62)
	at java.base/jdk.internal.reflect.DelegatingMethodAccessorImpl.invoke(DelegatingMethodAccessorImpl.java:43)
	at java.base/java.lang.reflect.Method.invoke(Method.java:566)
	at org.junit.runners.model.FrameworkMethod$1.runReflectiveCall(FrameworkMethod.java:44)
	at org.junit.internal.runners.model.ReflectiveCallable.run(ReflectiveCallable.java:15)
	at org.junit.runners.model.FrameworkMethod.invokeExplosively(FrameworkMethod.java:41)
	at junitparams.internal.InvokeParameterisedMethod.evaluate(InvokeParameterisedMethod.java:102)
	at org.junit.internal.runners.statements.FailOnTimeout$1.run(FailOnTimeout.java:28)
Caused by: ptolemy.kernel.util.IllegalActionException: SubscriberPorts cannot be used at the top level, use a Subscriber actor instead.
  in .PublisherSubscriberPortToplevel.SubscriberPort
	at ptolemy.actor.SubscriberPort.preinitialize(SubscriberPort.java:328)
	at ptolemy.actor.CompositeActor.preinitialize(CompositeActor.java:1769)
	at ptolemy.actor.Manager.preinitializeAndResolveTypes(Manager.java:1040)
	at ptolemy.actor.Manager.initialize(Manager.java:710)
	at ptolemy.actor.Manager.execute(Manager.java:356)
	at ptolemy.actor.Manager.run(Manager.java:1263)
	at ptolemy.actor.Manager$PtolemyRunThread.run(Manager.java:1933)
java.lang.RuntimeException: Execution failed
	at ptolemy.moml.MoMLSimpleApplication$UnloadThread.run(MoMLSimpleApplication.java:402)
Caused by: ptolemy.kernel.util.IllegalActionException: SubscriptionAggregatorPorts cannot be used at the top level, use a SubscriptionAggregator actor instead.
  in .PublisherSubscriptionAggregatorPort.SubscriptionAggregatorPort
	at ptolemy.actor.SubscriptionAggregatorPort.preinitialize(SubscriptionAggregatorPort.java:353)
	at ptolemy.actor.CompositeActor.preinitialize(CompositeActor.java:1769)
	at ptolemy.actor.Manager.preinitializeAndResolveTypes(Manager.java:1040)
	at ptolemy.actor.Manager.initialize(Manager.java:710)
	at ptolemy.actor.Manager.execute(Manager.java:356)
	at ptolemy.actor.Manager.run(Manager.java:1263)
	at ptolemy.actor.Manager$PtolemyRunThread.run(Manager.java:1933)
java.lang.reflect.InvocationTargetException
	at java.base/jdk.internal.reflect.NativeConstructorAccessorImpl.newInstance0(Native Method)
	at java.base/jdk.internal.reflect.NativeConstructorAccessorImpl.newInstance(NativeConstructorAccessorImpl.java:62)
	at java.base/jdk.internal.reflect.DelegatingConstructorAccessorImpl.newInstance(DelegatingConstructorAccessorImpl.java:45)
	at java.base/java.lang.reflect.Constructor.newInstance(Constructor.java:490)
	at ptolemy.util.test.junit.AutoKnownFailedTests.RunModel(AutoKnownFailedTests.java:105)
	at java.base/jdk.internal.reflect.NativeMethodAccessorImpl.invoke0(Native Method)
	at java.base/jdk.internal.reflect.NativeMethodAccessorImpl.invoke(NativeMethodAccessorImpl.java:62)
	at java.base/jdk.internal.reflect.DelegatingMethodAccessorImpl.invoke(DelegatingMethodAccessorImpl.java:43)
	at java.base/java.lang.reflect.Method.invoke(Method.java:566)
	at org.junit.runners.model.FrameworkMethod$1.runReflectiveCall(FrameworkMethod.java:44)
	at org.junit.internal.runners.model.ReflectiveCallable.run(ReflectiveCallable.java:15)
	at org.junit.runners.model.FrameworkMethod.invokeExplosively(FrameworkMethod.java:41)
	at junitparams.internal.InvokeParameterisedMethod.evaluate(InvokeParameterisedMethod.java:102)
	at org.junit.internal.runners.statements.FailOnTimeout$1.run(FailOnTimeout.java:28)
Caused by: ptolemy.kernel.util.IllegalActionException: SubscriptionAggregatorPorts cannot be used at the top level, use a SubscriptionAggregator actor instead.
  in .PublisherSubscriptionAggregatorPort.SubscriptionAggregatorPort
	at ptolemy.actor.SubscriptionAggregatorPort.preinitialize(SubscriptionAggregatorPort.java:353)
	at ptolemy.actor.CompositeActor.preinitialize(CompositeActor.java:1769)
	at ptolemy.actor.Manager.preinitializeAndResolveTypes(Manager.java:1040)
	at ptolemy.actor.Manager.initialize(Manager.java:710)
	at ptolemy.actor.Manager.execute(Manager.java:356)
	at ptolemy.actor.Manager.run(Manager.java:1263)
	at ptolemy.actor.Manager$PtolemyRunThread.run(Manager.java:1933)
java.lang.RuntimeException: Execution failed
	at ptolemy.moml.MoMLSimpleApplication$UnloadThread.run(MoMLSimpleApplication.java:402)
Caused by: ptolemy.kernel.util.IllegalActionException: TypeTest actor has no training data.
  in .sizedarray3.TypeTest
	at ptolemy.actor.lib.TypeTest.initialize(TypeTest.java:250)
	at ptolemy.actor.Director.initialize(Director.java:938)
	at ptolemy.actor.Director.initialize(Director.java:907)
	at ptolemy.actor.sched.StaticSchedulingDirector.initialize(StaticSchedulingDirector.java:159)
	at ptolemy.domains.sdf.kernel.SDFDirector.initialize(SDFDirector.java:544)
	at ptolemy.actor.CompositeActor.initialize(CompositeActor.java:935)
	at ptolemy.actor.Manager.initialize(Manager.java:724)
	at ptolemy.actor.Manager.execute(Manager.java:356)
	at ptolemy.actor.Manager.run(Manager.java:1263)
	at ptolemy.actor.Manager$PtolemyRunThread.run(Manager.java:1933)
java.lang.reflect.InvocationTargetException
	at java.base/jdk.internal.reflect.NativeConstructorAccessorImpl.newInstance0(Native Method)
	at java.base/jdk.internal.reflect.NativeConstructorAccessorImpl.newInstance(NativeConstructorAccessorImpl.java:62)
	at java.base/jdk.internal.reflect.DelegatingConstructorAccessorImpl.newInstance(DelegatingConstructorAccessorImpl.java:45)
	at java.base/java.lang.reflect.Constructor.newInstance(Constructor.java:490)
	at ptolemy.util.test.junit.AutoKnownFailedTests.RunModel(AutoKnownFailedTests.java:105)
	at java.base/jdk.internal.reflect.NativeMethodAccessorImpl.invoke0(Native Method)
	at java.base/jdk.internal.reflect.NativeMethodAccessorImpl.invoke(NativeMethodAccessorImpl.java:62)
	at java.base/jdk.internal.reflect.DelegatingMethodAccessorImpl.invoke(DelegatingMethodAccessorImpl.java:43)
	at java.base/java.lang.reflect.Method.invoke(Method.java:566)
	at org.junit.runners.model.FrameworkMethod$1.runReflectiveCall(FrameworkMethod.java:44)
	at org.junit.internal.runners.model.ReflectiveCallable.run(ReflectiveCallable.java:15)
	at org.junit.runners.model.FrameworkMethod.invokeExplosively(FrameworkMethod.java:41)
	at junitparams.internal.InvokeParameterisedMethod.evaluate(InvokeParameterisedMethod.java:102)
	at org.junit.internal.runners.statements.FailOnTimeout$1.run(FailOnTimeout.java:28)
Caused by: ptolemy.kernel.util.IllegalActionException: TypeTest actor has no training data.
  in .sizedarray3.TypeTest
	at ptolemy.actor.lib.TypeTest.initialize(TypeTest.java:250)
	at ptolemy.actor.Director.initialize(Director.java:938)
	at ptolemy.actor.Director.initialize(Director.java:907)
	at ptolemy.actor.sched.StaticSchedulingDirector.initialize(StaticSchedulingDirector.java:159)
	at ptolemy.domains.sdf.kernel.SDFDirector.initialize(SDFDirector.java:544)
	at ptolemy.actor.CompositeActor.initialize(CompositeActor.java:935)
	at ptolemy.actor.Manager.initialize(Manager.java:724)
	at ptolemy.actor.Manager.execute(Manager.java:356)
	at ptolemy.actor.Manager.run(Manager.java:1263)
	at ptolemy.actor.Manager$PtolemyRunThread.run(Manager.java:1933)
]]></system-err>
</testsuite>
