<?xml version="1.0" encoding="UTF-8" ?>
<testsuite errors="0" failures="0" hostname="travis-job-f01ce841-d4c0-41f5-b43f-7ad535106b39" name="ptolemy.actor.lib.test.junit.JUnitTclTest" skipped="0" tests="517" time="61.161" timestamp="2020-06-29T15:14:14">
  <properties>
    <property name="npm.executable" value="npm" />
    <property name="env.TRAVIS_ROOT" value="/" />
    <property name="ptII.mk.exists" value="true" />
    <property name="env.TRAVIS_APP_HOST" value="build.travis-ci.org" />
    <property name="env.rvm_bin_path" value="/home/travis/.rvm/bin" />
    <property name="java.home" value="/usr/local/lib/jvm/openjdk11" />
    <property name="env.TRAVIS_JOB_NUMBER" value="1677.8" />
    <property name="env.TRAVIS_HOME" value="/home/travis" />
    <property name="env.DISPLAY" value=":99.0" />
    <property name="env.TRAVIS_INIT" value="systemd" />
    <property name="env.SSH_TTY" value="/dev/pts/0" />
    <property name="java.net.preferIPv4Stack" value="true" />
    <property name="env.RUN_TESTS" value="true" />
    <property name="timeout.short" value="1000000" />
    <property name="junit.formatter" value="xml" />
    <property name="env.TRAVIS_SUDO" value="true" />
    <property name="env.TRAVIS_JOB_NAME" value="" />
    <property name="env.TRAVIS_STACK_NODE_ATTRIBUTES" value="/.node-attributes.yml" />
    <property name="env.LOGNAME" value="travis" />
    <property name="env.PT_TRAVIS_TEST_CORE1_XML" value="true" />
    <property name="jsdoc.home" value="node_modules/@terraswarm/jsdoc" />
    <property name="debuglevel" value="source,lines,vars" />
    <property name="checkstyle.formatter" value="xml" />
    <property name="env._system_version" value="16.04" />
    <property name="bin.vergil.makeable" value="true" />
    <property name="sun.os.patch.level" value="unknown" />
    <property name="java.vendor.url" value="http://java.oracle.com/" />
    <property name="env.TRAVIS_BUILD_WEB_URL" value="https://travis-ci.org/icyphy/ptII/builds/703176558" />
    <property name="java.version" value="11.0.2" />
    <property name="env.TZ" value="UTC" />
    <property name="env.TRAVIS_PULL_REQUEST_SHA" value="" />
    <property name="env.PT_NO_NET" value="true" />
    <property name="env.TRAVIS_SECURE_ENV_VARS" value="true" />
    <property name="env._system_type" value="Linux" />
    <property name="java.vendor.url.bug" value="http://bugreport.java.com/bugreport/" />
    <property name="npmjs-org-is-up" value="true" />
    <property name="env.LANGUAGE" value="en_US.UTF-8" />
    <property name="env.SSH_CLIENT" value="10.16.4.201 51250 22" />
    <property name="env.GEM_HOME" value="/home/travis/.rvm/gems/ruby-2.5.3" />
    <property name="env.HAS_ANTARES_THREE_LITTLE_FRONZIES_BADGE" value="true" />
    <property name="java.version.date" value="2019-01-15" />
    <property name="env.PS4" value="+" />
    <property name="ant.project.invoked-targets" value="build,test.core1.xml" />
    <property name="env.TRAVIS_PULL_REQUEST_BRANCH" value="" />
    <property name="env.TRAVIS_REPO_SLUG" value="icyphy/ptII" />
    <property name="env.XDG_DATA_DIRS" value="/usr/local/share:/usr/share:/var/lib/snapd/desktop" />
    <property name="jdk.debug" value="release" />
    <property name="env.TRAVIS_APT_PROXY" value="http://build-cache.travisci.net" />
    <property name="env.TRAVIS_CPU_ARCH" value="amd64" />
    <property name="node.in.path" value="true" />
    <property name="user.name" value="travis" />
    <property name="java.maxmemory" value="1400m" />
    <property name="env.RUBY_VERSION" value="ruby-2.5.3" />
    <property name="env.LANG" value="en_US.UTF-8" />
    <property name="sun.io.unicode.encoding" value="UnicodeLittle" />
    <property name="sun.jnu.encoding" value="UTF-8" />
    <property name="java.runtime.name" value="OpenJDK Runtime Environment" />
    <property name="usefile" value="false" />
    <property name="return.code" value="0" />
    <property name="junit.single.formatter" value="plain" />
    <property name="env.DYLD_LIBRARY_PATH" value="/home/travis/pthla/certi-tools/lib:" />
    <property name="env.DEBIAN_FRONTEND" value="noninteractive" />
    <property name="env.SSH_CONNECTION" value="10.16.4.201 51250 10.20.1.22 22" />
    <property name="env.MYSQL_UNIX_PORT" value="/var/run/mysqld/mysqld.sock" />
    <property name="env.LC_ALL" value="en_US.UTF-8" />
    <property name="env.TRAVIS_ALLOW_FAILURE" value="" />
    <property name="env.TRAVIS_JOB_WEB_URL" value="https://travis-ci.org/icyphy/ptII/jobs/703176603" />
    <property name="java.specification.name" value="Java Platform API Specification" />
    <property name="node.works" value="true" />
    <property name="user.timezone" value="" />
    <property name="path.separator" value=":" />
    <property name="env.TRAVIS_ENABLE_INFRA_DETECTION" value="true" />
    <property name="env.PYTHON_CFLAGS" value="-g -fstack-protector --param=ssp-buffer-size=4 -Wformat -Werror=format-security" />
    <property name="timeout.long" value="4000000" />
    <property name="env.CERTI_HOME" value="/home/travis/pthla/certi-tools" />
    <property name="ant.file.ptII" value="/home/travis/build/icyphy/ptII/build.xml" />
    <property name="javadoc.packagenames" value="com.*,diva.*,lbnl.*,org.hlacerti.*,org.json.*,org.ptolemy.*,org.terraswarm.*,ptolemy.*,ptserver.*" />
    <property name="file.encoding" value="UTF-8" />
    <property name="env.TRAVIS_PULL_REQUEST_SLUG" value="" />
    <property name="ant.project.default-target" value="build" />
    <property name="env.GIT_ASKPASS" value="echo" />
    <property name="env.HOME" value="/home/travis" />
    <property name="sun.java.command" value="org.apache.tools.ant.taskdefs.optional.junit.JUnitTestRunner ptolemy.actor.lib.test.junit.JUnitTclTest skipNonTests=false filtertrace=true haltOnError=false haltOnFailure=false formatter=org.apache.tools.ant.taskdefs.optional.junit.OutErrSummaryJUnitResultFormatter showoutput=true outputtoformatters=true logfailedtests=true threadid=0 logtestlistenerevents=false formatter=org.apache.tools.ant.taskdefs.optional.junit.XMLJUnitResultFormatter,/home/travis/build/icyphy/ptII/reports/junit/TEST-ptolemy.actor.lib.test.junit.JUnitTclTest.xml crashfile=/home/travis/build/icyphy/ptII/junitvmwatcher1740932967144445777.properties propsfile=/home/travis/build/icyphy/ptII/junit13476349614581650067.properties" />
    <property name="env.COMPOSER_NO_INTERACTION" value="1" />
    <property name="env.MANPATH" value="/home/travis/.nvm/versions/node/v7.10.1/share/man:/home/travis/.rvm/rubies/ruby-2.5.3/share/man:/usr/local/cmake-3.12.4/man:/usr/local/clang-7.0.0/share/man:/usr/local/man:/usr/local/share/man:/usr/share/man:/home/travis/.rvm/man" />
    <property name="env.TRAVIS_TIMER_ID" value="271a72e2" />
    <property name="ant.file" value="/home/travis/build/icyphy/ptII/build.xml" />
    <property name="env.TRAVIS_COMMIT_RANGE" value="3e950cfe0f3c004454147d0a7dfedd7f8d8e77cc...52bfcaaec950ad6b43d11ffdb9cd3f924b0c1f76" />
    <property name="env._system_name" value="Ubuntu" />
    <property name="ptII.classpath.optional.property" value="/home/travis/build/icyphy/ptII/lib/bsh-2.0b4.jar:/home/travis/build/icyphy/ptII/lib/ptCal.jar:/home/travis/build/icyphy/ptII/lib/java_cup.jar:/home/travis/build/icyphy/ptII/lib/saxon8.jar:/home/travis/build/icyphy/ptII/lib/saxon8-dom.jar:/home/travis/build/icyphy/ptII/lib/chic.jar:/home/travis/build/icyphy/ptII/lib/ptcolt.jar:/home/travis/build/icyphy/ptII/vendors/misc/itext/iText.jar:/home/travis/build/icyphy/ptII/lib/g4ltl.jar:/home/travis/build/icyphy/ptII/lib/StructuralCoder.jar:/home/travis/build/icyphy/ptII/lib/jcerti.jar:/home/travis/build/icyphy/ptII/lib/javax.mail.jar:/home/travis/build/icyphy/ptII/vendors/JMF-2.1.1e/lib/jmf.jar:/home/travis/build/icyphy/ptII/lib/jna-4.0.0-variadic.jar:/home/travis/build/icyphy/ptII/vendors/misc/joystick/Joystick.jar:/home/travis/build/icyphy/ptII/lib/ptjacl.jar:/home/travis/build/icyphy/ptII/lib/jsoup-1.8.2.jar:/home/travis/build/icyphy/ptII/lib/junit-4.8.2.jar:/home/travis/build/icyphy/ptII/lib/JUnitParams-0.4.0.jar:/home/travis/build/icyphy/ptII/ptolemy/actor/lib/excel/jxl.jar:/home/travis/build/icyphy/ptII/lib/jython.jar:/home/travis/build/icyphy/ptII/lib/kieler.jar:/home/travis/build/icyphy/ptII/vendors/opencv/share/OpenCV/java/opencv-341.jar:/home/travis/build/icyphy/ptII/lib/oscP5.jar:/home/travis/build/icyphy/ptII/lib/nrjavaserial-3.11.0.devel.jar:/home/travis/build/icyphy/ptII/vendors/j3d/lib/Linux/j3dcore.jar:/home/travis/build/icyphy/ptII/vendors/j3d/lib/Linux/j3dutils.jar:/home/travis/build/icyphy/ptII/vendors/j3d/lib/Linux/vecmath.jar:/home/travis/build/icyphy/ptII/vendors/jogl/lib/Linux/gluegen-rt-natives-linux-amd64.jar:/home/travis/build/icyphy/ptII/vendors/jogl/lib/Linux/gluegen-rt.jar:/home/travis/build/icyphy/ptII/vendors/jogl/lib/Linux/jogl-all-natives-linux-amd64.jar:/home/travis/build/icyphy/ptII/vendors/jogl/lib/Linux/jogl-all.jar:/home/travis/build/icyphy/ptII/ptolemy/distributed/jini/jar/jini-core.jar:/home/travis/build/icyphy/ptII/ptolemy/distributed/jini/jar/jini-ext.jar:/home/travis/build/icyphy/ptII/ptolemy/distributed/jini/jar/sun-util.jar:/home/travis/build/icyphy/ptII/lib/protobuf-java-2.4.1.jar:/home/travis/build/icyphy/ptII/lib/org.eclipse.paho.client.mqttv3.jar:/home/travis/build/icyphy/ptII/lib/mapss.jar:/home/travis/build/icyphy/ptII/ptolemy/actor/ptalon/antlr/antlr.jar:/home/travis/build/icyphy/ptII/lib/JRI.jar:/home/travis/build/icyphy/ptII/lib/commons-lang-2.6.jar:/home/travis/build/icyphy/ptII/lib/commons-logging-1.1.1.jar:/home/travis/build/icyphy/ptII/lib/sootclasses.jar:/home/travis/build/icyphy/ptII/ptolemy/actor/lib/database/mysql-connector-java-5.1.6-bin.jar:/home/travis/build/icyphy/ptII/vendors/misc/sphinx4/sphinx4-data-5prealpha.jar:/home/travis/build/icyphy/ptII/vendors/misc/sphinx4/sphinx4-core-5prealpha.jar:/home/travis/build/icyphy/ptII/lib/PDFRenderer.jar:/home/travis/build/icyphy/ptII/lib/svgSalamander.jar:/home/travis/build/icyphy/ptII/lib/rsyntaxtextarea-2.6.0-SNAPSHOT.jar:/home/travis/build/icyphy/ptII/lib/hazelcast-3.8.2.jar:/home/travis/build/icyphy/ptII/lib/jackson-annotations-2.9.0.jar:/home/travis/build/icyphy/ptII/lib/jackson-core-2.9.3.jar:/home/travis/build/icyphy/ptII/lib/jackson-databind-2.9.3.jar:/home/travis/build/icyphy/ptII/lib/netty-buffer-4.1.19.Final.jar:/home/travis/build/icyphy/ptII/lib/netty-codec-4.1.19.Final.jar:/home/travis/build/icyphy/ptII/lib/netty-codec-dns-4.1.19.Final.jar:/home/travis/build/icyphy/ptII/lib/netty-codec-http-4.1.19.Final.jar:/home/travis/build/icyphy/ptII/lib/netty-codec-http2-4.1.19.Final.jar:/home/travis/build/icyphy/ptII/lib/netty-common-4.1.19.Final.jar:/home/travis/build/icyphy/ptII/lib/netty-handler-4.1.19.Final.jar:/home/travis/build/icyphy/ptII/lib/netty-resolver-4.1.19.Final.jar:/home/travis/build/icyphy/ptII/lib/netty-resolver-dns-4.1.19.Final.jar:/home/travis/build/icyphy/ptII/lib/netty-transport-4.1.19.Final.jar:/home/travis/build/icyphy/ptII/lib/vertx-codegen-3.5.1.jar:/home/travis/build/icyphy/ptII/lib/vertx-core-3.5.2-SNAPSHOT.jar:/home/travis/build/icyphy/ptII/lib/vertx-hazelcast-3.5.1.jar:/home/travis/build/icyphy/ptII/lib/vertx-lang-js-3.5.1.jar:/home/travis/build/icyphy/ptII/lib/vertx-service-proxy-3.5.1.jar:/home/travis/build/icyphy/ptII/lib/vertx-web-3.5.1.jar:/home/travis/build/icyphy/ptII/lib/slf4j-api-1.7.13.jar:/home/travis/build/icyphy/ptII/lib/slf4j-simple-1.7.13.jar:/home/travis/build/icyphy/ptII/lib/webcam-capture-0.3.12.jar:/home/travis/build/icyphy/ptII/lib/bridj-0.7.0.jar:/home/travis/build/icyphy/ptII/lib/xbjlib-1.1.0.nrjavaserial.jar" />
    <property name="timeout" value="2400000" />
    <property name="test.batch" value="**/junit/*.java" />
    <property name="env._" value="/usr/bin/timeout" />
    <property name="java.io.tmpdir" value="/tmp" />
    <property name="user.language" value="en" />
    <property name="env.TRAVIS_INTERNAL_RUBY_REGEX" value="^ruby-(2\.[0-4]\.[0-9]|1\.9\.3)" />
    <property name="env.HISTCONTROL" value="ignoredups:ignorespace" />
    <property name="env.GOROOT" value="/home/travis/.gimme/versions/go1.11.1.linux.amd64" />
    <property name="line.separator" value="&#xa;" />
    <property name="target" value="11" />
    <property name="env.TRAVIS_BUILD_DIR" value="/home/travis/build/icyphy/ptII" />
    <property name="env.ANT_OPTS" value="-Xmx2048m" />
    <property name="ant.file.type" value="file" />
    <property name="ptolemy.ptII.batchMode" value="true" />
    <property name="env.HISTSIZE" value="1000" />
    <property name="env.MERB_ENV" value="test" />
    <property name="java.vm.info" value="mixed mode" />
    <property name="source" value="11" />
    <property name="java.vm.specification.name" value="Java Virtual Machine Specification" />
    <property name="env.TRAVIS_TEST_RESULT" value="0" />
    <property name="jsdoc.command" value="node_modules/@terraswarm/jsdoc/jsdoc.js" />
    <property name="npm.works" value="true" />
    <property name="cobertura.dir" value="/home/travis/build/icyphy/ptII/vendors/cobertura-2.0.3" />
    <property name="jsdoc.command.exists" value="true" />
    <property name="env.rvm_path" value="/home/travis/.rvm" />
    <property name="env.GEM_PATH" value="/home/travis/.rvm/gems/ruby-2.5.3:/home/travis/.rvm/gems/ruby-2.5.3@global" />
    <property name="env.LC_CTYPE" value="en_US.UTF-8" />
    <property name="env.TRAVIS_CMD" value="$PTII/bin/ptIITravisBuild.sh $SECONDS" />
    <property name="java.awt.printerjob" value="sun.print.PSPrinterJob" />
    <property name="env.TRAVIS_STACK_NAME" value="sardonyx" />
    <property name="env.TRAVIS_TIMER_START_TIME" value="1593443065738889254" />
    <property name="ant.version" value="Apache Ant(TM) version 1.10.1 compiled on February 2 2017" />
    <property name="ptII.reports" value="/home/travis/build/icyphy/ptII/reports" />
    <property name="env.TRAVIS_STACK_TIMESTAMP" value="2019-03-25 16:16:56 UTC" />
    <property name="ant.file.type.ptII" value="file" />
    <property name="env.RBENV_SHELL" value="bash" />
    <property name="os.name" value="Linux" />
    <property name="java.specification.vendor" value="Oracle Corporation" />
    <property name="env.rvm_version" value="1.29.7 (latest)" />
    <property name="env.TRAVIS_INFRA" value="gce" />
    <property name="env.TERM" value="xterm" />
    <property name="java.vm.name" value="OpenJDK 64-Bit Server VM" />
    <property name="env.TRAVIS_BUILD_NUMBER" value="1677" />
    <property name="env.CI" value="true" />
    <property name="java.library.path" value="/home/travis/pthla/certi-tools/lib:/usr/lib/jni:/usr/local/share/OpenCV/java/:/usr/share/OpenCV/java::/usr/java/packages/lib:/usr/lib64:/lib64:/lib:/usr/lib" />
    <property name="jdk.module.path" value="/home/travis/build/icyphy/ptII/vendors/javafx/javafx-sdk-11.0.2/lib:" />
    <property name="env.rvm_prefix" value="/home/travis" />
    <property name="env.PATH" value="/home/travis/pthla/certi-tools/share/scripts:/home/travis/.rvm/gems/ruby-2.5.3/bin:/home/travis/.rvm/gems/ruby-2.5.3@global/bin:/home/travis/.rvm/rubies/ruby-2.5.3/bin:/home/travis/.rvm/bin:/home/travis/.nvm/versions/node/v7.10.1/bin:./node_modules/.bin:/home/travis/build/icyphy/ptII/bin:/home/travis/pthla/certi-tools/bin:/home/travis/bin:/home/travis/.local/bin:/usr/local/lib/jvm/openjdk11/bin:/opt/pyenv/shims:/home/travis/.phpenv/shims:/home/travis/perl5/perlbrew/bin:/home/travis/gopath/bin:/home/travis/.gimme/versions/go1.11.1.linux.amd64/bin:/usr/local/maven-3.6.0/bin:/usr/local/cmake-3.12.4/bin:/usr/local/clang-7.0.0/bin:/usr/local/sbin:/usr/local/bin:/usr/sbin:/usr/bin:/sbin:/bin:/snap/bin:/home/travis/.phpenv/bin:/opt/pyenv/bin:/home/travis/.yarn/bin" />
    <property name="env.TRAVIS_OS_NAME" value="linux" />
    <property name="ant.java.version" value="9" />
    <property name="basedir" value="/home/travis/build/icyphy/ptII" />
    <property name="java.class.version" value="55.0" />
    <property name="env.SHLVL" value="3" />
    <property name="env.LD_LIBRARY_PATH" value="/home/travis/pthla/certi-tools/lib:/usr/lib/jni:/usr/local/share/OpenCV/java/:/usr/share/OpenCV/java:" />
    <property name="env.RACK_ENV" value="test" />
    <property name="ant.home" value="/home/travis/build/icyphy/ptII/ant" />
    <property name="env.NVM_DIR" value="/home/travis/.nvm" />
    <property name="env.CERTI_FOM_PATH" value="/home/travis/pthla/certi-tools/share/federations" />
    <property name="env.TRAVIS_BUILD_ID" value="703176558" />
    <property name="env.PYENV_ROOT" value="/opt/pyenv" />
    <property name="env.TRAVIS_UID" value="2000" />
    <property name="prism.verbose" value="true" />
    <property name="env.NVM_BIN" value="/home/travis/.nvm/versions/node/v7.10.1/bin" />
    <property name="env.TRAVIS_COMMIT" value="52bfcaaec950ad6b43d11ffdb9cd3f924b0c1f76" />
    <property name="env._system_arch" value="x86_64" />
    <property name="node.executable" value="node" />
    <property name="sun.boot.library.path" value="/usr/local/lib/jvm/openjdk11/lib" />
    <property name="sun.management.compiler" value="HotSpot 64-Bit Tiered Compilers" />
    <property name="java.awt.graphicsenv" value="sun.awt.X11GraphicsEnvironment" />
    <property name="env.GOPATH" value="/home/travis/gopath" />
    <property name="ptolemy.ptII.dir" value="/home/travis/build/icyphy/ptII" />
    <property name="env.USER" value="travis" />
    <property name="env.HISTFILESIZE" value="2000" />
    <property name="env.NVM_INC" value="/home/travis/.nvm/versions/node/v7.10.1/include/node" />
    <property name="timeout.longest" value="19000000" />
    <property name="env.PERLBREW_SHELLRC_VERSION" value="0.86" />
    <property name="env.TRAVIS_STACK_FEATURES" value="basic couchdb disabled-ipv6 docker docker-compose elasticsearch firefox go-toolchain google-chrome jdk memcached mongodb mysql nodejs_interpreter perl_interpreter perlbrew phantomjs postgresql python_interpreter redis ruby_interpreter sqlite xserver" />
    <property name="env.TRAVIS_PULL_REQUEST" value="false" />
    <property name="env.PYENV_SHELL" value="bash" />
    <property name="ant.project.name" value="ptII" />
    <property name="env.ANSI_RESET" value="\033[0m" />
    <property name="java.vm.specification.version" value="11" />
    <property name="env.TRAVIS_DIST" value="xenial" />
    <property name="env.CERTI_VERSION" value="4.0.0" />
    <property name="env.CERTI_HOST" value="localhost" />
    <property name="awt.toolkit" value="sun.awt.X11.XToolkit" />
    <property name="env.MY_RUBY_HOME" value="/home/travis/.rvm/rubies/ruby-2.5.3" />
    <property name="sun.cpu.isalist" value="" />
    <property name="env.TRAVIS_TMPDIR" value="/tmp/tmp.Aw9tdvBXw2" />
    <property name="java.vm.compressedOopsMode" value="Zero based" />
    <property name="os.version" value="4.15.0-1028-gcp" />
    <property name="user.home" value="/home/travis" />
    <property name="java.vm.vendor" value="Oracle Corporation" />
    <property name="env.TRAVIS_TAG" value="nightly" />
    <property name="env.ANSI_YELLOW" value="\033[33;1m" />
    <property name="env.TRAVIS_FILTERED" value="redirect_io" />
    <property name="env.ANSI_GREEN" value="\033[32;1m" />
    <property name="env.JAVA_HOME" value="/usr/local/lib/jvm/openjdk11" />
    <property name="javadoc.excludepackagenames" value="adm.cvs2svn.*,build.*,config.*,doc.coding.templates.*,jni.test.jni.meaningOfLife.*,jni.test.jni.testDeux.*,jni.test.jni.testTrois.*,org.terraswarm.accessor.accessors.web.node_modules.*,org.terraswarm.accessor.accessors.web.hosts.cordova.demo.*,org.terraswarm.accessor.accessors.web.hosts.cordova.plugins.*,org.terraswarm.accessor.accessors-svn.*,pt-modules.*,ptolemy.apps.agilent.*,ptolemy.apps.anytimecontrol.*,ptolemy.apps.apes.*,ptolemy.apps.charon.*,ptolemy.apps.crazyboard.*,ptolemy.apps.eclipse.*,ptolemy.apps.etherealSting.*,ptolemy.apps.fullscreen.*,ptolemy.apps.giotto.*,ptolemy.apps.ia.*,ptolemy.apps.interfaces.*,ptolemy.apps.jmf.*,ptolemy.apps.kurt.*,ptolemy.apps.kvm.*,ptolemy.apps.lego.*,ptolemy.apps.lejos.*,ptolemy.apps.midp.*,ptolemy.apps.mobileCoding.*,ptolemy.apps.pendulum.*,ptolemy.apps.rijndael.*,ptolemy.apps.robot.*,ptolemy.apps.security.*,ptolemy.apps.sobel.*,ptolemy.apps.soot.*,ptolemy.apps.throttle.*,ptolemy.apps.tini.*,ptolemy.apps.transmission.*,ptolemy.apps.vergil.*,ptolemy.apps.waba.*,ptolemy.apps.websensor.*,ptolemy.apps.webstart.*,ptolemy.apps.xsl.*,ptolemy.apps.zaurus.*,ptolemy.codegen.c.actor.lib.oldJavaFiles.*,ptolemy.codegen.dsp.lib.*,ptolemy.codegen.kernel.newInterfaces.*,ptolemy.codegen.lib.*,ptolemy.copernicus.kernel.fragment.*,ptolemy.copernicus.shallow.cg.*,ptolemy.domains.giotto.demo.Hierarchy.Hierarchy.*,ptolemy.domains.giotto.demo.Multimode.Multimode.*,ptolemy.domains.giotto.demo.Simple.Simple.*,ptolemy.domains.gr.lib.experimental.*,ptolemy.domains.gro.*,ptolemy.domains.pdf.*,ptolemy.domains.ptinyos.demo.Surge.output.*,ptolemy.moml.test.NoPackageActor.java*,ptolemy.plot.adm.*,ptolemy.plot.servlet.*,reports.*,signed.*,src.*,target.*,vendors.*,ptolemy.copernicus.applet.*,ptolemy.media.viewer.*,ptolemy.actor.corba.*,doc.doclets.*,ptolemy.apps.eclipse.awt.*,ptolemy.backtrack.*,ptolemy.backtrack.ast.*,ptolemy.cg.adapter.generic.program.procedural.c.mbed*,ptolemy.homer.*,ptolemy.actor.lib.jai.*,org.ptolemy.scala.*,diva.util.java2d.svg.*,ptolemy.domains.ptinyos.*,ptolemy.actor.lib.fmi.fmipp.*,,org.terraswarm.accessor.accessors.web.node_modules.*,org.terraswarm.accessor.accessors-svn,ptolemy.apps.*,ptolemy.actor.ptalon.demo.ptinyos.SendAndReceiveCnt.output,ptolemy.actor.ptalon.demo.ptinyos.SenseToLeds.output,ptolemy.domains.ptinyos.demo.CntToLedsAndRfm.output,ptolemy.domains.ptinyos.demo.RfmToLeds.output,ptolemy.domains.ptinyos.demo.SendAndReceiveCnt.output,ptolemy.domains.ptinyos.demo.SenseToLeds.output,ptolemy.actor.lib.jjs.modules.udpSocket.*" />
    <property name="env.PTII" value="/home/travis/build/icyphy/ptII" />
    <property name="env.XDG_SESSION_ID" value="2" />
    <property name="keystore" value="ptKeystore" />
    <property name="env.TRAVIS_COMMIT_MESSAGE" value="Updating models using array data type." />
    <property name="junit.output.dir" value="/home/travis/build/icyphy/ptII/reports/junit" />
    <property name="npm.return.code" value="0" />
    <property name="user.dir" value="/home/travis/build/icyphy/ptII/ptolemy/actor/lib/test" />
    <property name="env.TRAVIS_NODE_VERSION" value="7" />
    <property name="env.TRAVIS_EVENT_TYPE" value="cron" />
    <property name="env.MAIL" value="/var/mail/travis" />
    <property name="env.PERLBREW_ROOT" value="/home/travis/perl5/perlbrew" />
    <property name="env.PWD" value="/home/travis/build/icyphy/ptII" />
    <property name="timeout.npm" value="45000" />
    <property name="env.TRAVIS_ARCH" value="amd64" />
    <property name="sun.cpu.endian" value="little" />
    <property name="env.PAGER" value="cat" />
    <property name="env.TRAVIS_BUILD_STAGE_NAME" value="test" />
    <property name="env.PERLBREW_HOME" value="/home/travis/.perlbrew" />
    <property name="java.vm.version" value="11.0.2+9" />
    <property name="env.RAILS_ENV" value="test" />
    <property name="java.class.path" value="/home/travis/.ptolemyII:/home/travis/.ptolemyII/*:/home/travis/build/icyphy/ptII:/home/travis/build/icyphy/ptII/lib/bsh-2.0b4.jar:/home/travis/build/icyphy/ptII/lib/ptCal.jar:/home/travis/build/icyphy/ptII/lib/java_cup.jar:/home/travis/build/icyphy/ptII/lib/saxon8.jar:/home/travis/build/icyphy/ptII/lib/saxon8-dom.jar:/home/travis/build/icyphy/ptII/lib/chic.jar:/home/travis/build/icyphy/ptII/lib/ptcolt.jar:/home/travis/build/icyphy/ptII/vendors/misc/itext/iText.jar:/home/travis/build/icyphy/ptII/lib/g4ltl.jar:/home/travis/build/icyphy/ptII/lib/StructuralCoder.jar:/home/travis/build/icyphy/ptII/lib/jcerti.jar:/home/travis/build/icyphy/ptII/lib/javax.mail.jar:/home/travis/build/icyphy/ptII/vendors/JMF-2.1.1e/lib/jmf.jar:/home/travis/build/icyphy/ptII/lib/jna-4.0.0-variadic.jar:/home/travis/build/icyphy/ptII/vendors/misc/joystick/Joystick.jar:/home/travis/build/icyphy/ptII/lib/ptjacl.jar:/home/travis/build/icyphy/ptII/lib/jsoup-1.8.2.jar:/home/travis/build/icyphy/ptII/lib/junit-4.8.2.jar:/home/travis/build/icyphy/ptII/lib/JUnitParams-0.4.0.jar:/home/travis/build/icyphy/ptII/ptolemy/actor/lib/excel/jxl.jar:/home/travis/build/icyphy/ptII/lib/jython.jar:/home/travis/build/icyphy/ptII/lib/kieler.jar:/home/travis/build/icyphy/ptII/vendors/opencv/share/OpenCV/java/opencv-341.jar:/home/travis/build/icyphy/ptII/lib/oscP5.jar:/home/travis/build/icyphy/ptII/lib/nrjavaserial-3.11.0.devel.jar:/home/travis/build/icyphy/ptII/vendors/j3d/lib/Linux/j3dcore.jar:/home/travis/build/icyphy/ptII/vendors/j3d/lib/Linux/j3dutils.jar:/home/travis/build/icyphy/ptII/vendors/j3d/lib/Linux/vecmath.jar:/home/travis/build/icyphy/ptII/vendors/jogl/lib/Linux/gluegen-rt-natives-linux-amd64.jar:/home/travis/build/icyphy/ptII/vendors/jogl/lib/Linux/gluegen-rt.jar:/home/travis/build/icyphy/ptII/vendors/jogl/lib/Linux/jogl-all-natives-linux-amd64.jar:/home/travis/build/icyphy/ptII/vendors/jogl/lib/Linux/jogl-all.jar:/home/travis/build/icyphy/ptII/ptolemy/distributed/jini/jar/jini-core.jar:/home/travis/build/icyphy/ptII/ptolemy/distributed/jini/jar/jini-ext.jar:/home/travis/build/icyphy/ptII/ptolemy/distributed/jini/jar/sun-util.jar:/home/travis/build/icyphy/ptII/lib/protobuf-java-2.4.1.jar:/home/travis/build/icyphy/ptII/lib/org.eclipse.paho.client.mqttv3.jar:/home/travis/build/icyphy/ptII/lib/mapss.jar:/home/travis/build/icyphy/ptII/ptolemy/actor/ptalon/antlr/antlr.jar:/home/travis/build/icyphy/ptII/lib/JRI.jar:/home/travis/build/icyphy/ptII/lib/commons-lang-2.6.jar:/home/travis/build/icyphy/ptII/lib/commons-logging-1.1.1.jar:/home/travis/build/icyphy/ptII/lib/sootclasses.jar:/home/travis/build/icyphy/ptII/ptolemy/actor/lib/database/mysql-connector-java-5.1.6-bin.jar:/home/travis/build/icyphy/ptII/vendors/misc/sphinx4/sphinx4-data-5prealpha.jar:/home/travis/build/icyphy/ptII/vendors/misc/sphinx4/sphinx4-core-5prealpha.jar:/home/travis/build/icyphy/ptII/lib/PDFRenderer.jar:/home/travis/build/icyphy/ptII/lib/svgSalamander.jar:/home/travis/build/icyphy/ptII/lib/rsyntaxtextarea-2.6.0-SNAPSHOT.jar:/home/travis/build/icyphy/ptII/lib/hazelcast-3.8.2.jar:/home/travis/build/icyphy/ptII/lib/jackson-annotations-2.9.0.jar:/home/travis/build/icyphy/ptII/lib/jackson-core-2.9.3.jar:/home/travis/build/icyphy/ptII/lib/jackson-databind-2.9.3.jar:/home/travis/build/icyphy/ptII/lib/netty-buffer-4.1.19.Final.jar:/home/travis/build/icyphy/ptII/lib/netty-codec-4.1.19.Final.jar:/home/travis/build/icyphy/ptII/lib/netty-codec-dns-4.1.19.Final.jar:/home/travis/build/icyphy/ptII/lib/netty-codec-http-4.1.19.Final.jar:/home/travis/build/icyphy/ptII/lib/netty-codec-http2-4.1.19.Final.jar:/home/travis/build/icyphy/ptII/lib/netty-common-4.1.19.Final.jar:/home/travis/build/icyphy/ptII/lib/netty-handler-4.1.19.Final.jar:/home/travis/build/icyphy/ptII/lib/netty-resolver-4.1.19.Final.jar:/home/travis/build/icyphy/ptII/lib/netty-resolver-dns-4.1.19.Final.jar:/home/travis/build/icyphy/ptII/lib/netty-transport-4.1.19.Final.jar:/home/travis/build/icyphy/ptII/lib/vertx-codegen-3.5.1.jar:/home/travis/build/icyphy/ptII/lib/vertx-core-3.5.2-SNAPSHOT.jar:/home/travis/build/icyphy/ptII/lib/vertx-hazelcast-3.5.1.jar:/home/travis/build/icyphy/ptII/lib/vertx-lang-js-3.5.1.jar:/home/travis/build/icyphy/ptII/lib/vertx-service-proxy-3.5.1.jar:/home/travis/build/icyphy/ptII/lib/vertx-web-3.5.1.jar:/home/travis/build/icyphy/ptII/lib/slf4j-api-1.7.13.jar:/home/travis/build/icyphy/ptII/lib/slf4j-simple-1.7.13.jar:/home/travis/build/icyphy/ptII/lib/webcam-capture-0.3.12.jar:/home/travis/build/icyphy/ptII/lib/bridj-0.7.0.jar:/home/travis/build/icyphy/ptII/lib/xbjlib-1.1.0.nrjavaserial.jar:/home/travis/build/icyphy/ptII/ptolemy/moml/test:/home/travis/build/icyphy/ptII/ant/lib/ant-launcher.jar:/home/travis/build/icyphy/ptII/ant/lib/ant.jar:/home/travis/build/icyphy/ptII/ant/lib/ant-junit.jar:/home/travis/build/icyphy/ptII/ant/lib/ant-junit4.jar" />
    <property name="ant.library.dir" value="/home/travis/build/icyphy/ptII/ant/lib" />
    <property name="os.arch" value="amd64" />
    <property name="env.CONTINUOUS_INTEGRATION" value="true" />
    <property name="env.TRAVIS_LANGUAGE" value="node_js" />
    <property name="env.TRAVIS_STACK_LANGUAGES" value="__sardonyx__ c c++ clojure cplusplus cpp default generic go groovy java node_js php pure_java python ruby scala" />
    <property name="test.name" value="ptolemy.actor.lib.test.junit.JUnitTclTest" />
    <property name="env.APT_KEY_DONT_WARN_ON_DANGEROUS_USAGE" value="1" />
    <property name="sun.java.launcher" value="SUN_STANDARD" />
    <property name="env.PYTHON_CONFIGURE_OPTS" value="--enable-unicode=ucs4 --with-wide-unicode --enable-shared --enable-ipv6 --enable-loadable-sqlite-extensions --with-computed-gotos" />
    <property name="ant.core.lib" value="/home/travis/build/icyphy/ptII/ant/lib/ant.jar" />
    <property name="java.vm.specification.vendor" value="Oracle Corporation" />
    <property name="env.BCVTB_HOME" value="/home/travis/build/icyphy/ptII/lbnl" />
    <property name="file.separator" value="/" />
    <property name="spotbugs.home" value="/home/travis/build/icyphy/ptII/vendors/spotbugs-3.1.1" />
    <property name="java.runtime.version" value="11.0.2+9" />
    <property name="env.ANSI_CLEAR" value="\033[0K" />
    <property name="javafx.verbose" value="true" />
    <property name="env.HAS_JOSH_K_SEAL_OF_APPROVAL" value="true" />
    <property name="env.XDG_RUNTIME_DIR" value="/run/user/2000" />
    <property name="env.TRAVIS_OSX_IMAGE" value="" />
    <property name="env.TRAVIS_JOB_ID" value="703176603" />
    <property name="env.TRAVIS_BRANCH" value="master" />
    <property name="user.country" value="US" />
    <property name="env.CERTI_HOME_TRAVIS" value="/home/travis/pthla/certi-tools" />
    <property name="env.SHELL" value="/bin/bash" />
    <property name="java.maxmemory.large" value="3200m" />
    <property name="model" value="" />
    <property name="env.CASHER_DIR" value="/home/travis/.casher" />
    <property name="env.NVM_CD_FLAGS" value="" />
    <property name="java.vendor.version" value="18.9" />
    <property name="jshint.executable" value="/home/travis/node_modules/jshint/bin/jshint" />
    <property name="env.JRUBY_OPTS" value=" --client -J-XX:+TieredCompilation -J-XX:TieredStopAtLevel=1 -J-Xss2m -Xcompile.invokedynamic=false" />
    <property name="java.vendor" value="Oracle Corporation" />
    <property name="env.TRAVIS_PRE_CHEF_BOOTSTRAP_TIME" value="2019-03-25T16:16:42" />
    <property name="env.TRAVIS_STACK_JOB_BOARD_REGISTER" value="/.job-board-register.yml" />
    <property name="env.ANSI_RED" value="\033[31;1m" />
    <property name="java.specification.version" value="11" />
    <property name="env.IRBRC" value="/home/travis/.rvm/rubies/ruby-2.5.3/.irbrc" />
    <property name="env.TRAVIS" value="true" />
    <property name="sun.arch.data.model" value="64" />
  </properties>
  <testcase classname="ptolemy.util.test.junit.TclTests" name="[0] /home/travis/build/icyphy/ptII/ptolemy/actor/lib/test/AbsoluteValue.tcl (RunTclFile)" time="0.476" />
  <testcase classname="ptolemy.util.test.junit.TclTests" name="[1] /home/travis/build/icyphy/ptII/ptolemy/actor/lib/test/AddSubtract.tcl (RunTclFile)" time="0.189" />
  <testcase classname="ptolemy.util.test.junit.TclTests" name="[2] /home/travis/build/icyphy/ptII/ptolemy/actor/lib/test/Average.tcl (RunTclFile)" time="0.051" />
  <testcase classname="ptolemy.util.test.junit.TclTests" name="[3] /home/travis/build/icyphy/ptII/ptolemy/actor/lib/test/Bernoulli.tcl (RunTclFile)" time="0.018" />
  <testcase classname="ptolemy.util.test.junit.TclTests" name="[4] /home/travis/build/icyphy/ptII/ptolemy/actor/lib/test/Clock.tcl (RunTclFile)" time="0.103" />
  <testcase classname="ptolemy.util.test.junit.TclTests" name="[5] /home/travis/build/icyphy/ptII/ptolemy/actor/lib/test/Commutator.tcl (RunTclFile)" time="0.129" />
  <testcase classname="ptolemy.util.test.junit.TclTests" name="[6] /home/travis/build/icyphy/ptII/ptolemy/actor/lib/test/Const.tcl (RunTclFile)" time="0.119" />
  <testcase classname="ptolemy.util.test.junit.TclTests" name="[7] /home/travis/build/icyphy/ptII/ptolemy/actor/lib/test/CurrentTime.tcl (RunTclFile)" time="0.042" />
  <testcase classname="ptolemy.util.test.junit.TclTests" name="[8] /home/travis/build/icyphy/ptII/ptolemy/actor/lib/test/DB.tcl (RunTclFile)" time="0.034" />
  <testcase classname="ptolemy.util.test.junit.TclTests" name="[9] /home/travis/build/icyphy/ptII/ptolemy/actor/lib/test/DiscreteRandomSource.tcl (RunTclFile)" time="0.034" />
  <testcase classname="ptolemy.util.test.junit.TclTests" name="[10] /home/travis/build/icyphy/ptII/ptolemy/actor/lib/test/Distributor.tcl (RunTclFile)" time="0.08" />
  <testcase classname="ptolemy.util.test.junit.TclTests" name="[11] /home/travis/build/icyphy/ptII/ptolemy/actor/lib/test/Exit.tcl (RunTclFile)" time="0.101" />
  <testcase classname="ptolemy.util.test.junit.TclTests" name="[12] /home/travis/build/icyphy/ptII/ptolemy/actor/lib/test/Expression.tcl (RunTclFile)" time="0.089" />
  <testcase classname="ptolemy.util.test.junit.TclTests" name="[13] /home/travis/build/icyphy/ptII/ptolemy/actor/lib/test/Gaussian.tcl (RunTclFile)" time="0.985" />
  <testcase classname="ptolemy.util.test.junit.TclTests" name="[14] /home/travis/build/icyphy/ptII/ptolemy/actor/lib/test/IIR.tcl (RunTclFile)" time="0.02" />
  <testcase classname="ptolemy.util.test.junit.TclTests" name="[15] /home/travis/build/icyphy/ptII/ptolemy/actor/lib/test/Interpolator.tcl (RunTclFile)" time="0.062" />
  <testcase classname="ptolemy.util.test.junit.TclTests" name="[16] /home/travis/build/icyphy/ptII/ptolemy/actor/lib/test/MathFunction.tcl (RunTclFile)" time="0.038" />
  <testcase classname="ptolemy.util.test.junit.TclTests" name="[17] /home/travis/build/icyphy/ptII/ptolemy/actor/lib/test/Maximum.tcl (RunTclFile)" time="0.024" />
  <testcase classname="ptolemy.util.test.junit.TclTests" name="[18] /home/travis/build/icyphy/ptII/ptolemy/actor/lib/test/Minimum.tcl (RunTclFile)" time="0.034" />
  <testcase classname="ptolemy.util.test.junit.TclTests" name="[19] /home/travis/build/icyphy/ptII/ptolemy/actor/lib/test/MultiplyDivide.tcl (RunTclFile)" time="0.037" />
  <testcase classname="ptolemy.util.test.junit.TclTests" name="[20] /home/travis/build/icyphy/ptII/ptolemy/actor/lib/test/OrderedMerge.tcl (RunTclFile)" time="0.154" />
  <testcase classname="ptolemy.util.test.junit.TclTests" name="[21] /home/travis/build/icyphy/ptII/ptolemy/actor/lib/test/Publisher.tcl (RunTclFile)" time="0.71" />
  <testcase classname="ptolemy.util.test.junit.TclTests" name="[22] /home/travis/build/icyphy/ptII/ptolemy/actor/lib/test/Pulse.tcl (RunTclFile)" time="0.048" />
  <testcase classname="ptolemy.util.test.junit.TclTests" name="[23] /home/travis/build/icyphy/ptII/ptolemy/actor/lib/test/Ramp.tcl (RunTclFile)" time="2.083" />
  <testcase classname="ptolemy.util.test.junit.TclTests" name="[24] /home/travis/build/icyphy/ptII/ptolemy/actor/lib/test/RampContinuous.tcl (RunTclFile)" time="0.015" />
  <testcase classname="ptolemy.util.test.junit.TclTests" name="[25] /home/travis/build/icyphy/ptII/ptolemy/actor/lib/test/RecordAssembler.tcl (RunTclFile)" time="0.014" />
  <testcase classname="ptolemy.util.test.junit.TclTests" name="[26] /home/travis/build/icyphy/ptII/ptolemy/actor/lib/test/RecordDisassembler.tcl (RunTclFile)" time="0.018" />
  <testcase classname="ptolemy.util.test.junit.TclTests" name="[27] /home/travis/build/icyphy/ptII/ptolemy/actor/lib/test/Scale.tcl (RunTclFile)" time="0.017" />
  <testcase classname="ptolemy.util.test.junit.TclTests" name="[28] /home/travis/build/icyphy/ptII/ptolemy/actor/lib/test/SequentialClock.tcl (RunTclFile)" time="0.011" />
  <testcase classname="ptolemy.util.test.junit.TclTests" name="[29] /home/travis/build/icyphy/ptII/ptolemy/actor/lib/test/SetVariable.tcl (RunTclFile)" time="0.008" />
  <testcase classname="ptolemy.util.test.junit.TclTests" name="[30] /home/travis/build/icyphy/ptII/ptolemy/actor/lib/test/Sinewave.tcl (RunTclFile)" time="0.024" />
  <testcase classname="ptolemy.util.test.junit.TclTests" name="[31] /home/travis/build/icyphy/ptII/ptolemy/actor/lib/test/SubscriptionAggregator.tcl (RunTclFile)" time="2.282" />
  <testcase classname="ptolemy.util.test.junit.TclTests" name="[32] /home/travis/build/icyphy/ptII/ptolemy/actor/lib/test/Test.tcl (RunTclFile)" time="0.108" />
  <testcase classname="ptolemy.util.test.junit.TclTests" name="[33] /home/travis/build/icyphy/ptII/ptolemy/actor/lib/test/TestExceptionHandler.tcl (RunTclFile)" time="0.01" />
  <testcase classname="ptolemy.util.test.junit.TclTests" name="[34] /home/travis/build/icyphy/ptII/ptolemy/actor/lib/test/UnionDisassembler.tcl (RunTclFile)" time="0.05" />
  <testcase classname="ptolemy.util.test.junit.TclTests" name="[35] /home/travis/build/icyphy/ptII/ptolemy/actor/lib/test/VariableClock.tcl (RunTclFile)" time="0.022" />
  <testcase classname="ptolemy.util.test.junit.AutoKnownFailedTests" name="[0] /home/travis/build/icyphy/ptII/ptolemy/actor/lib/test/auto/knownFailedTests/PublisherPortToplevelSubscriber.xml (RunModel)" time="0.031" />
  <testcase classname="ptolemy.util.test.junit.AutoKnownFailedTests" name="[1] /home/travis/build/icyphy/ptII/ptolemy/actor/lib/test/auto/knownFailedTests/PublisherSubscriberPortToplevel.xml (RunModel)" time="0.015" />
  <testcase classname="ptolemy.util.test.junit.AutoKnownFailedTests" name="[2] /home/travis/build/icyphy/ptII/ptolemy/actor/lib/test/auto/knownFailedTests/PublisherSubscriptionAggregatorPort.xml (RunModel)" time="0.015" />
  <testcase classname="ptolemy.util.test.junit.AutoKnownFailedTests" name="[3] /home/travis/build/icyphy/ptII/ptolemy/actor/lib/test/auto/knownFailedTests/sizedarray3.xml (RunModel)" time="0.03" />
  <testcase classname="ptolemy.util.test.junit.AutoNameArchTests" name="[0] ThereAreNoAutoArchTests (RunModel)" time="0.001" />
  <testcase classname="ptolemy.util.test.junit.AutoTests" name="[0] /home/travis/build/icyphy/ptII/ptolemy/actor/lib/test/auto/AbsoluteValue.xml (RunModel)" time="0.082" />
  <testcase classname="ptolemy.util.test.junit.AutoTests" name="[1] /home/travis/build/icyphy/ptII/ptolemy/actor/lib/test/auto/AbsoluteValue2.xml (RunModel)" time="0.05" />
  <testcase classname="ptolemy.util.test.junit.AutoTests" name="[2] /home/travis/build/icyphy/ptII/ptolemy/actor/lib/test/auto/Accumulator.xml (RunModel)" time="0.074" />
  <testcase classname="ptolemy.util.test.junit.AutoTests" name="[3] /home/travis/build/icyphy/ptII/ptolemy/actor/lib/test/auto/Accumulator2.xml (RunModel)" time="0.04" />
  <testcase classname="ptolemy.util.test.junit.AutoTests" name="[4] /home/travis/build/icyphy/ptII/ptolemy/actor/lib/test/auto/Accumulator3.xml (RunModel)" time="0.033" />
  <testcase classname="ptolemy.util.test.junit.AutoTests" name="[5] /home/travis/build/icyphy/ptII/ptolemy/actor/lib/test/auto/ArrayAppend.xml (RunModel)" time="0.035" />
  <testcase classname="ptolemy.util.test.junit.AutoTests" name="[6] /home/travis/build/icyphy/ptII/ptolemy/actor/lib/test/auto/ArrayAppend2.xml (RunModel)" time="0.435" />
  <testcase classname="ptolemy.util.test.junit.AutoTests" name="[7] /home/travis/build/icyphy/ptII/ptolemy/actor/lib/test/auto/ArrayAppend3.xml (RunModel)" time="0.04" />
  <testcase classname="ptolemy.util.test.junit.AutoTests" name="[8] /home/travis/build/icyphy/ptII/ptolemy/actor/lib/test/auto/ArrayAppend4.xml (RunModel)" time="0.016" />
  <testcase classname="ptolemy.util.test.junit.AutoTests" name="[9] /home/travis/build/icyphy/ptII/ptolemy/actor/lib/test/auto/ArrayAppend5.xml (RunModel)" time="0.013" />
  <testcase classname="ptolemy.util.test.junit.AutoTests" name="[10] /home/travis/build/icyphy/ptII/ptolemy/actor/lib/test/auto/ArrayAppend6.xml (RunModel)" time="0.021" />
  <testcase classname="ptolemy.util.test.junit.AutoTests" name="[11] /home/travis/build/icyphy/ptII/ptolemy/actor/lib/test/auto/ArrayAppendPerformanceTest.xml (RunModel)" time="0.06" />
  <testcase classname="ptolemy.util.test.junit.AutoTests" name="[12] /home/travis/build/icyphy/ptII/ptolemy/actor/lib/test/auto/ArrayAppendWithEmptyInput.xml (RunModel)" time="0.055" />
  <testcase classname="ptolemy.util.test.junit.AutoTests" name="[13] /home/travis/build/icyphy/ptII/ptolemy/actor/lib/test/auto/ArrayAverage.xml (RunModel)" time="0.055" />
  <testcase classname="ptolemy.util.test.junit.AutoTests" name="[14] /home/travis/build/icyphy/ptII/ptolemy/actor/lib/test/auto/ArrayContains.xml (RunModel)" time="0.037" />
  <testcase classname="ptolemy.util.test.junit.AutoTests" name="[15] /home/travis/build/icyphy/ptII/ptolemy/actor/lib/test/auto/ArrayElement.xml (RunModel)" time="0.02" />
  <testcase classname="ptolemy.util.test.junit.AutoTests" name="[16] /home/travis/build/icyphy/ptII/ptolemy/actor/lib/test/auto/ArrayElementAsMatrix.xml (RunModel)" time="0.094" />
  <testcase classname="ptolemy.util.test.junit.AutoTests" name="[17] /home/travis/build/icyphy/ptII/ptolemy/actor/lib/test/auto/ArrayElementI.xml (RunModel)" time="0.022" />
  <testcase classname="ptolemy.util.test.junit.AutoTests" name="[18] /home/travis/build/icyphy/ptII/ptolemy/actor/lib/test/auto/ArrayExtract.xml (RunModel)" time="0.041" />
  <testcase classname="ptolemy.util.test.junit.AutoTests" name="[19] /home/travis/build/icyphy/ptII/ptolemy/actor/lib/test/auto/ArrayExtract2.xml (RunModel)" time="0.012" />
  <testcase classname="ptolemy.util.test.junit.AutoTests" name="[20] /home/travis/build/icyphy/ptII/ptolemy/actor/lib/test/auto/ArrayLength.xml (RunModel)" time="0.021" />
  <testcase classname="ptolemy.util.test.junit.AutoTests" name="[21] /home/travis/build/icyphy/ptII/ptolemy/actor/lib/test/auto/ArrayLevelCrossing.xml (RunModel)" time="0.024" />
  <testcase classname="ptolemy.util.test.junit.AutoTests" name="[22] /home/travis/build/icyphy/ptII/ptolemy/actor/lib/test/auto/ArrayLevelCrossing2.xml (RunModel)" time="0.023" />
  <testcase classname="ptolemy.util.test.junit.AutoTests" name="[23] /home/travis/build/icyphy/ptII/ptolemy/actor/lib/test/auto/ArrayPeakSearch.xml (RunModel)" time="0.038" />
  <testcase classname="ptolemy.util.test.junit.AutoTests" name="[24] /home/travis/build/icyphy/ptII/ptolemy/actor/lib/test/auto/ArrayPeakSearch2.xml (RunModel)" time="0.038" />
  <testcase classname="ptolemy.util.test.junit.AutoTests" name="[25] /home/travis/build/icyphy/ptII/ptolemy/actor/lib/test/auto/ArrayPeakSearch3.xml (RunModel)" time="0.037" />
  <testcase classname="ptolemy.util.test.junit.AutoTests" name="[26] /home/travis/build/icyphy/ptII/ptolemy/actor/lib/test/auto/ArrayRemoveElement.xml (RunModel)" time="0.026" />
  <testcase classname="ptolemy.util.test.junit.AutoTests" name="[27] /home/travis/build/icyphy/ptII/ptolemy/actor/lib/test/auto/ArraySort.xml (RunModel)" time="0.032" />
  <testcase classname="ptolemy.util.test.junit.AutoTests" name="[28] /home/travis/build/icyphy/ptII/ptolemy/actor/lib/test/auto/ArraySum.xml (RunModel)" time="0.018" />
  <testcase classname="ptolemy.util.test.junit.AutoTests" name="[29] /home/travis/build/icyphy/ptII/ptolemy/actor/lib/test/auto/ArrayToElements.xml (RunModel)" time="0.02" />
  <testcase classname="ptolemy.util.test.junit.AutoTests" name="[30] /home/travis/build/icyphy/ptII/ptolemy/actor/lib/test/auto/ArrayToMatrix.xml (RunModel)" time="0.048" />
  <testcase classname="ptolemy.util.test.junit.AutoTests" name="[31] /home/travis/build/icyphy/ptII/ptolemy/actor/lib/test/auto/ArrayUpdate1.xml (RunModel)" time="0.017" />
  <testcase classname="ptolemy.util.test.junit.AutoTests" name="[32] /home/travis/build/icyphy/ptII/ptolemy/actor/lib/test/auto/ArrayUpdate2.xml (RunModel)" time="0.026" />
  <testcase classname="ptolemy.util.test.junit.AutoTests" name="[33] /home/travis/build/icyphy/ptII/ptolemy/actor/lib/test/auto/ArrayUpdate3.xml (RunModel)" time="0.014" />
  <testcase classname="ptolemy.util.test.junit.AutoTests" name="[34] /home/travis/build/icyphy/ptII/ptolemy/actor/lib/test/auto/Assert1.xml (RunModel)" time="0.025" />
  <testcase classname="ptolemy.util.test.junit.AutoTests" name="[35] /home/travis/build/icyphy/ptII/ptolemy/actor/lib/test/auto/Assert2.xml (RunModel)" time="0.016" />
  <testcase classname="ptolemy.util.test.junit.AutoTests" name="[36] /home/travis/build/icyphy/ptII/ptolemy/actor/lib/test/auto/BooleanMultiplexor.xml (RunModel)" time="0.014" />
  <testcase classname="ptolemy.util.test.junit.AutoTests" name="[37] /home/travis/build/icyphy/ptII/ptolemy/actor/lib/test/auto/BooleanMultiplexor2.xml (RunModel)" time="0.025" />
  <testcase classname="ptolemy.util.test.junit.AutoTests" name="[38] /home/travis/build/icyphy/ptII/ptolemy/actor/lib/test/auto/BooleanMultiplexor3.xml (RunModel)" time="0.014" />
  <testcase classname="ptolemy.util.test.junit.AutoTests" name="[39] /home/travis/build/icyphy/ptII/ptolemy/actor/lib/test/auto/BooleanSelect.xml (RunModel)" time="0.015" />
  <testcase classname="ptolemy.util.test.junit.AutoTests" name="[40] /home/travis/build/icyphy/ptII/ptolemy/actor/lib/test/auto/BooleanSelect2.xml (RunModel)" time="0.015" />
  <testcase classname="ptolemy.util.test.junit.AutoTests" name="[41] /home/travis/build/icyphy/ptII/ptolemy/actor/lib/test/auto/BooleanSwitch.xml (RunModel)" time="0.02" />
  <testcase classname="ptolemy.util.test.junit.AutoTests" name="[42] /home/travis/build/icyphy/ptII/ptolemy/actor/lib/test/auto/BooleanSwitch2.xml (RunModel)" time="0.012" />
  <testcase classname="ptolemy.util.test.junit.AutoTests" name="[43] /home/travis/build/icyphy/ptII/ptolemy/actor/lib/test/auto/BooleanSwitchCloningBugWithClassRelationGroup.xml (RunModel)" time="0.028" />
  <testcase classname="ptolemy.util.test.junit.AutoTests" name="[44] /home/travis/build/icyphy/ptII/ptolemy/actor/lib/test/auto/BusActors.xml (RunModel)" time="0.034" />
  <testcase classname="ptolemy.util.test.junit.AutoTests" name="[45] /home/travis/build/icyphy/ptII/ptolemy/actor/lib/test/auto/ClassWrapper.xml (RunModel)" time="0.019" />
  <testcase classname="ptolemy.util.test.junit.AutoTests" name="[46] /home/travis/build/icyphy/ptII/ptolemy/actor/lib/test/auto/Clock.xml (RunModel)" time="0.01" />
  <testcase classname="ptolemy.util.test.junit.AutoTests" name="[47] /home/travis/build/icyphy/ptII/ptolemy/actor/lib/test/auto/Clock10.xml (RunModel)" time="0.025" />
  <testcase classname="ptolemy.util.test.junit.AutoTests" name="[48] /home/travis/build/icyphy/ptII/ptolemy/actor/lib/test/auto/Clock11.xml (RunModel)" time="0.016" />
  <testcase classname="ptolemy.util.test.junit.AutoTests" name="[49] /home/travis/build/icyphy/ptII/ptolemy/actor/lib/test/auto/Clock12.xml (RunModel)" time="0.023" />
  <testcase classname="ptolemy.util.test.junit.AutoTests" name="[50] /home/travis/build/icyphy/ptII/ptolemy/actor/lib/test/auto/Clock13.xml (RunModel)" time="0.023" />
  <testcase classname="ptolemy.util.test.junit.AutoTests" name="[51] /home/travis/build/icyphy/ptII/ptolemy/actor/lib/test/auto/Clock14.xml (RunModel)" time="0.018" />
  <testcase classname="ptolemy.util.test.junit.AutoTests" name="[52] /home/travis/build/icyphy/ptII/ptolemy/actor/lib/test/auto/Clock15.xml (RunModel)" time="0.013" />
  <testcase classname="ptolemy.util.test.junit.AutoTests" name="[53] /home/travis/build/icyphy/ptII/ptolemy/actor/lib/test/auto/Clock16.xml (RunModel)" time="0.102" />
  <testcase classname="ptolemy.util.test.junit.AutoTests" name="[54] /home/travis/build/icyphy/ptII/ptolemy/actor/lib/test/auto/Clock17.xml (RunModel)" time="0.071" />
  <testcase classname="ptolemy.util.test.junit.AutoTests" name="[55] /home/travis/build/icyphy/ptII/ptolemy/actor/lib/test/auto/Clock18.xml (RunModel)" time="0.043" />
  <testcase classname="ptolemy.util.test.junit.AutoTests" name="[56] /home/travis/build/icyphy/ptII/ptolemy/actor/lib/test/auto/Clock19.xml (RunModel)" time="0.041" />
  <testcase classname="ptolemy.util.test.junit.AutoTests" name="[57] /home/travis/build/icyphy/ptII/ptolemy/actor/lib/test/auto/Clock2.xml (RunModel)" time="0.016" />
  <testcase classname="ptolemy.util.test.junit.AutoTests" name="[58] /home/travis/build/icyphy/ptII/ptolemy/actor/lib/test/auto/Clock20.xml (RunModel)" time="0.019" />
  <testcase classname="ptolemy.util.test.junit.AutoTests" name="[59] /home/travis/build/icyphy/ptII/ptolemy/actor/lib/test/auto/Clock21.xml (RunModel)" time="0.015" />
  <testcase classname="ptolemy.util.test.junit.AutoTests" name="[60] /home/travis/build/icyphy/ptII/ptolemy/actor/lib/test/auto/Clock22.xml (RunModel)" time="0.017" />
  <testcase classname="ptolemy.util.test.junit.AutoTests" name="[61] /home/travis/build/icyphy/ptII/ptolemy/actor/lib/test/auto/Clock23.xml (RunModel)" time="0.021" />
  <testcase classname="ptolemy.util.test.junit.AutoTests" name="[62] /home/travis/build/icyphy/ptII/ptolemy/actor/lib/test/auto/Clock24.xml (RunModel)" time="0.018" />
  <testcase classname="ptolemy.util.test.junit.AutoTests" name="[63] /home/travis/build/icyphy/ptII/ptolemy/actor/lib/test/auto/Clock4.xml (RunModel)" time="0.014" />
  <testcase classname="ptolemy.util.test.junit.AutoTests" name="[64] /home/travis/build/icyphy/ptII/ptolemy/actor/lib/test/auto/Clock5.xml (RunModel)" time="0.012" />
  <testcase classname="ptolemy.util.test.junit.AutoTests" name="[65] /home/travis/build/icyphy/ptII/ptolemy/actor/lib/test/auto/Clock6.xml (RunModel)" time="0.011" />
  <testcase classname="ptolemy.util.test.junit.AutoTests" name="[66] /home/travis/build/icyphy/ptII/ptolemy/actor/lib/test/auto/Clock7.xml (RunModel)" time="0.01" />
  <testcase classname="ptolemy.util.test.junit.AutoTests" name="[67] /home/travis/build/icyphy/ptII/ptolemy/actor/lib/test/auto/Clock8.xml (RunModel)" time="0.011" />
  <testcase classname="ptolemy.util.test.junit.AutoTests" name="[68] /home/travis/build/icyphy/ptII/ptolemy/actor/lib/test/auto/Clock9.xml (RunModel)" time="0.014" />
  <testcase classname="ptolemy.util.test.junit.AutoTests" name="[69] /home/travis/build/icyphy/ptII/ptolemy/actor/lib/test/auto/CommDistDiscard.xml (RunModel)" time="0.025" />
  <testcase classname="ptolemy.util.test.junit.AutoTests" name="[70] /home/travis/build/icyphy/ptII/ptolemy/actor/lib/test/auto/Commutator.xml (RunModel)" time="0.018" />
  <testcase classname="ptolemy.util.test.junit.AutoTests" name="[71] /home/travis/build/icyphy/ptII/ptolemy/actor/lib/test/auto/Commutator2.xml (RunModel)" time="0.012" />
  <testcase classname="ptolemy.util.test.junit.AutoTests" name="[72] /home/travis/build/icyphy/ptII/ptolemy/actor/lib/test/auto/Commutator3.xml (RunModel)" time="0.013" />
  <testcase classname="ptolemy.util.test.junit.AutoTests" name="[73] /home/travis/build/icyphy/ptII/ptolemy/actor/lib/test/auto/Compare.xml (RunModel)" time="0.023" />
  <testcase classname="ptolemy.util.test.junit.AutoTests" name="[74] /home/travis/build/icyphy/ptII/ptolemy/actor/lib/test/auto/CompareDE.xml (RunModel)" time="0.021" />
  <testcase classname="ptolemy.util.test.junit.AutoTests" name="[75] /home/travis/build/icyphy/ptII/ptolemy/actor/lib/test/auto/ComplexDivide.xml (RunModel)" time="0.012" />
  <testcase classname="ptolemy.util.test.junit.AutoTests" name="[76] /home/travis/build/icyphy/ptII/ptolemy/actor/lib/test/auto/ComputeHistogram.xml (RunModel)" time="0.118" />
  <testcase classname="ptolemy.util.test.junit.AutoTests" name="[77] /home/travis/build/icyphy/ptII/ptolemy/actor/lib/test/auto/ConfigurationSelect.xml (RunModel)" time="0.033" />
  <testcase classname="ptolemy.util.test.junit.AutoTests" name="[78] /home/travis/build/icyphy/ptII/ptolemy/actor/lib/test/auto/ConfigurationSelect2.xml (RunModel)" time="0.016" />
  <testcase classname="ptolemy.util.test.junit.AutoTests" name="[79] /home/travis/build/icyphy/ptII/ptolemy/actor/lib/test/auto/ConfigurationSwitch.xml (RunModel)" time="0.023" />
  <testcase classname="ptolemy.util.test.junit.AutoTests" name="[80] /home/travis/build/icyphy/ptII/ptolemy/actor/lib/test/auto/ConfigurationSwitch2.xml (RunModel)" time="0.039" />
  <testcase classname="ptolemy.util.test.junit.AutoTests" name="[81] /home/travis/build/icyphy/ptII/ptolemy/actor/lib/test/auto/ConfigurationSwitchCloningBugWithClassRelationGroup.xml (RunModel)" time="0.021" />
  <testcase classname="ptolemy.util.test.junit.AutoTests" name="[82] /home/travis/build/icyphy/ptII/ptolemy/actor/lib/test/auto/ConfigurationSwitchSelectSDF.xml (RunModel)" time="0.017" />
  <testcase classname="ptolemy.util.test.junit.AutoTests" name="[83] /home/travis/build/icyphy/ptII/ptolemy/actor/lib/test/auto/ConfigurationSwitchSelectSDF2.xml (RunModel)" time="0.016" />
  <testcase classname="ptolemy.util.test.junit.AutoTests" name="[84] /home/travis/build/icyphy/ptII/ptolemy/actor/lib/test/auto/Const.xml (RunModel)" time="0.008" />
  <testcase classname="ptolemy.util.test.junit.AutoTests" name="[85] /home/travis/build/icyphy/ptII/ptolemy/actor/lib/test/auto/Const2.xml (RunModel)" time="0.015" />
  <testcase classname="ptolemy.util.test.junit.AutoTests" name="[86] /home/travis/build/icyphy/ptII/ptolemy/actor/lib/test/auto/Const3.xml (RunModel)" time="0.008" />
  <testcase classname="ptolemy.util.test.junit.AutoTests" name="[87] /home/travis/build/icyphy/ptII/ptolemy/actor/lib/test/auto/ConstantPublisherPort1.xml (RunModel)" time="0.025" />
  <testcase classname="ptolemy.util.test.junit.AutoTests" name="[88] /home/travis/build/icyphy/ptII/ptolemy/actor/lib/test/auto/ConstantPublisherPort2.xml (RunModel)" time="0.026" />
  <testcase classname="ptolemy.util.test.junit.AutoTests" name="[89] /home/travis/build/icyphy/ptII/ptolemy/actor/lib/test/auto/ConstantPublisherPort3.xml (RunModel)" time="0.024" />
  <testcase classname="ptolemy.util.test.junit.AutoTests" name="[90] /home/travis/build/icyphy/ptII/ptolemy/actor/lib/test/auto/ConstantPublisherPort4.xml (RunModel)" time="0.017" />
  <testcase classname="ptolemy.util.test.junit.AutoTests" name="[91] /home/travis/build/icyphy/ptII/ptolemy/actor/lib/test/auto/ConstantPublisherPort5.xml (RunModel)" time="0.044" />
  <testcase classname="ptolemy.util.test.junit.AutoTests" name="[92] /home/travis/build/icyphy/ptII/ptolemy/actor/lib/test/auto/ConstantPublisherPort6.xml (RunModel)" time="0.028" />
  <testcase classname="ptolemy.util.test.junit.AutoTests" name="[93] /home/travis/build/icyphy/ptII/ptolemy/actor/lib/test/auto/ConstantPublisherPort7.xml (RunModel)" time="0.029" />
  <testcase classname="ptolemy.util.test.junit.AutoTests" name="[94] /home/travis/build/icyphy/ptII/ptolemy/actor/lib/test/auto/ConstraintMonitor1.xml (RunModel)" time="0.04" />
  <testcase classname="ptolemy.util.test.junit.AutoTests" name="[95] /home/travis/build/icyphy/ptII/ptolemy/actor/lib/test/auto/ConstraintMonitor2.xml (RunModel)" time="0.011" />
  <testcase classname="ptolemy.util.test.junit.AutoTests" name="[96] /home/travis/build/icyphy/ptII/ptolemy/actor/lib/test/auto/ConstraintMonitor3.xml (RunModel)" time="0.013" />
  <testcase classname="ptolemy.util.test.junit.AutoTests" name="[97] /home/travis/build/icyphy/ptII/ptolemy/actor/lib/test/auto/ConstraintMonitor4.xml (RunModel)" time="0.017" />
  <testcase classname="ptolemy.util.test.junit.AutoTests" name="[98] /home/travis/build/icyphy/ptII/ptolemy/actor/lib/test/auto/ConstraintMonitor5.xml (RunModel)" time="0.025" />
  <testcase classname="ptolemy.util.test.junit.AutoTests" name="[99] /home/travis/build/icyphy/ptII/ptolemy/actor/lib/test/auto/ConstraintMonitor6.xml (RunModel)" time="0.015" />
  <testcase classname="ptolemy.util.test.junit.AutoTests" name="[100] /home/travis/build/icyphy/ptII/ptolemy/actor/lib/test/auto/ConstraintMonitor7.xml (RunModel)" time="0.023" />
  <testcase classname="ptolemy.util.test.junit.AutoTests" name="[101] /home/travis/build/icyphy/ptII/ptolemy/actor/lib/test/auto/ConstraintMonitor8.xml (RunModel)" time="0.023" />
  <testcase classname="ptolemy.util.test.junit.AutoTests" name="[102] /home/travis/build/icyphy/ptII/ptolemy/actor/lib/test/auto/Counter.xml (RunModel)" time="0.017" />
  <testcase classname="ptolemy.util.test.junit.AutoTests" name="[103] /home/travis/build/icyphy/ptII/ptolemy/actor/lib/test/auto/CurrentTimeSDF.xml (RunModel)" time="0.011" />
  <testcase classname="ptolemy.util.test.junit.AutoTests" name="[104] /home/travis/build/icyphy/ptII/ptolemy/actor/lib/test/auto/DB.xml (RunModel)" time="0.013" />
  <testcase classname="ptolemy.util.test.junit.AutoTests" name="[105] /home/travis/build/icyphy/ptII/ptolemy/actor/lib/test/auto/DBDE.xml (RunModel)" time="0.016" />
  <testcase classname="ptolemy.util.test.junit.AutoTests" name="[106] /home/travis/build/icyphy/ptII/ptolemy/actor/lib/test/auto/DateConstructor.xml (RunModel)" time="0.074" />
  <testcase classname="ptolemy.util.test.junit.AutoTests" name="[107] /home/travis/build/icyphy/ptII/ptolemy/actor/lib/test/auto/DelayTime.xml (RunModel)" time="0.018" />
  <testcase classname="ptolemy.util.test.junit.AutoTests" name="[108] /home/travis/build/icyphy/ptII/ptolemy/actor/lib/test/auto/Dictionary1.xml (RunModel)" time="0.018" />
  <testcase classname="ptolemy.util.test.junit.AutoTests" name="[109] /home/travis/build/icyphy/ptII/ptolemy/actor/lib/test/auto/Dictionary2.xml (RunModel)" time="0.018" />
  <testcase classname="ptolemy.util.test.junit.AutoTests" name="[110] /home/travis/build/icyphy/ptII/ptolemy/actor/lib/test/auto/Dictionary3.xml (RunModel)" time="0.015" />
  <testcase classname="ptolemy.util.test.junit.AutoTests" name="[111] /home/travis/build/icyphy/ptII/ptolemy/actor/lib/test/auto/Dictionary4.xml (RunModel)" time="0.015" />
  <testcase classname="ptolemy.util.test.junit.AutoTests" name="[112] /home/travis/build/icyphy/ptII/ptolemy/actor/lib/test/auto/Differential.xml (RunModel)" time="0.01" />
  <testcase classname="ptolemy.util.test.junit.AutoTests" name="[113] /home/travis/build/icyphy/ptII/ptolemy/actor/lib/test/auto/Director.xml (RunModel)" time="0.008" />
  <testcase classname="ptolemy.util.test.junit.AutoTests" name="[114] /home/travis/build/icyphy/ptII/ptolemy/actor/lib/test/auto/DiscreteClock.xml (RunModel)" time="0.006" />
  <testcase classname="ptolemy.util.test.junit.AutoTests" name="[115] /home/travis/build/icyphy/ptII/ptolemy/actor/lib/test/auto/DiscreteClock10.xml (RunModel)" time="0.014" />
  <testcase classname="ptolemy.util.test.junit.AutoTests" name="[116] /home/travis/build/icyphy/ptII/ptolemy/actor/lib/test/auto/DiscreteClock11.xml (RunModel)" time="0.013" />
  <testcase classname="ptolemy.util.test.junit.AutoTests" name="[117] /home/travis/build/icyphy/ptII/ptolemy/actor/lib/test/auto/DiscreteClock12.xml (RunModel)" time="0.014" />
  <testcase classname="ptolemy.util.test.junit.AutoTests" name="[118] /home/travis/build/icyphy/ptII/ptolemy/actor/lib/test/auto/DiscreteClock13.xml (RunModel)" time="0.012" />
  <testcase classname="ptolemy.util.test.junit.AutoTests" name="[119] /home/travis/build/icyphy/ptII/ptolemy/actor/lib/test/auto/DiscreteClock14.xml (RunModel)" time="0.013" />
  <testcase classname="ptolemy.util.test.junit.AutoTests" name="[120] /home/travis/build/icyphy/ptII/ptolemy/actor/lib/test/auto/DiscreteClock15.xml (RunModel)" time="0.013" />
  <testcase classname="ptolemy.util.test.junit.AutoTests" name="[121] /home/travis/build/icyphy/ptII/ptolemy/actor/lib/test/auto/DiscreteClock16.xml (RunModel)" time="0.037" />
  <testcase classname="ptolemy.util.test.junit.AutoTests" name="[122] /home/travis/build/icyphy/ptII/ptolemy/actor/lib/test/auto/DiscreteClock17.xml (RunModel)" time="0.037" />
  <testcase classname="ptolemy.util.test.junit.AutoTests" name="[123] /home/travis/build/icyphy/ptII/ptolemy/actor/lib/test/auto/DiscreteClock18.xml (RunModel)" time="0.04" />
  <testcase classname="ptolemy.util.test.junit.AutoTests" name="[124] /home/travis/build/icyphy/ptII/ptolemy/actor/lib/test/auto/DiscreteClock19.xml (RunModel)" time="0.099" />
  <testcase classname="ptolemy.util.test.junit.AutoTests" name="[125] /home/travis/build/icyphy/ptII/ptolemy/actor/lib/test/auto/DiscreteClock2.xml (RunModel)" time="0.011" />
  <testcase classname="ptolemy.util.test.junit.AutoTests" name="[126] /home/travis/build/icyphy/ptII/ptolemy/actor/lib/test/auto/DiscreteClock20.xml (RunModel)" time="0.018" />
  <testcase classname="ptolemy.util.test.junit.AutoTests" name="[127] /home/travis/build/icyphy/ptII/ptolemy/actor/lib/test/auto/DiscreteClock21.xml (RunModel)" time="0.016" />
  <testcase classname="ptolemy.util.test.junit.AutoTests" name="[128] /home/travis/build/icyphy/ptII/ptolemy/actor/lib/test/auto/DiscreteClock22.xml (RunModel)" time="0.014" />
  <testcase classname="ptolemy.util.test.junit.AutoTests" name="[129] /home/travis/build/icyphy/ptII/ptolemy/actor/lib/test/auto/DiscreteClock23.xml (RunModel)" time="0.02" />
  <testcase classname="ptolemy.util.test.junit.AutoTests" name="[130] /home/travis/build/icyphy/ptII/ptolemy/actor/lib/test/auto/DiscreteClock24.xml (RunModel)" time="0.012" />
  <testcase classname="ptolemy.util.test.junit.AutoTests" name="[131] /home/travis/build/icyphy/ptII/ptolemy/actor/lib/test/auto/DiscreteClock4.xml (RunModel)" time="0.01" />
  <testcase classname="ptolemy.util.test.junit.AutoTests" name="[132] /home/travis/build/icyphy/ptII/ptolemy/actor/lib/test/auto/DiscreteClock5.xml (RunModel)" time="0.01" />
  <testcase classname="ptolemy.util.test.junit.AutoTests" name="[133] /home/travis/build/icyphy/ptII/ptolemy/actor/lib/test/auto/DiscreteClock6.xml (RunModel)" time="0.009" />
  <testcase classname="ptolemy.util.test.junit.AutoTests" name="[134] /home/travis/build/icyphy/ptII/ptolemy/actor/lib/test/auto/DiscreteClock7.xml (RunModel)" time="0.009" />
  <testcase classname="ptolemy.util.test.junit.AutoTests" name="[135] /home/travis/build/icyphy/ptII/ptolemy/actor/lib/test/auto/DiscreteClock8.xml (RunModel)" time="0.028" />
  <testcase classname="ptolemy.util.test.junit.AutoTests" name="[136] /home/travis/build/icyphy/ptII/ptolemy/actor/lib/test/auto/DiscreteClock9.xml (RunModel)" time="0.012" />
  <testcase classname="ptolemy.util.test.junit.AutoTests" name="[137] /home/travis/build/icyphy/ptII/ptolemy/actor/lib/test/auto/DisplayArray.xml (RunModel)" time="0.01" />
  <testcase classname="ptolemy.util.test.junit.AutoTests" name="[138] /home/travis/build/icyphy/ptII/ptolemy/actor/lib/test/auto/Distributor.xml (RunModel)" time="0.01" />
  <testcase classname="ptolemy.util.test.junit.AutoTests" name="[139] /home/travis/build/icyphy/ptII/ptolemy/actor/lib/test/auto/Distributor2.xml (RunModel)" time="0.008" />
  <testcase classname="ptolemy.util.test.junit.AutoTests" name="[140] /home/travis/build/icyphy/ptII/ptolemy/actor/lib/test/auto/DownSample.xml (RunModel)" time="0.008" />
  <testcase classname="ptolemy.util.test.junit.AutoTests" name="[141] /home/travis/build/icyphy/ptII/ptolemy/actor/lib/test/auto/ElectronicUnitBase1.xml (RunModel)" time="0.055" />
  <testcase classname="ptolemy.util.test.junit.AutoTests" name="[142] /home/travis/build/icyphy/ptII/ptolemy/actor/lib/test/auto/ElementsToArray.xml (RunModel)" time="0.011" />
  <testcase classname="ptolemy.util.test.junit.AutoTests" name="[143] /home/travis/build/icyphy/ptII/ptolemy/actor/lib/test/auto/Equals.xml (RunModel)" time="0.012" />
  <testcase classname="ptolemy.util.test.junit.AutoTests" name="[144] /home/travis/build/icyphy/ptII/ptolemy/actor/lib/test/auto/Exec.xml (RunModel)" time="0.024" />
  <testcase classname="ptolemy.util.test.junit.AutoTests" name="[145] /home/travis/build/icyphy/ptII/ptolemy/actor/lib/test/auto/ExecEnvironment.xml (RunModel)" time="0.036" />
  <testcase classname="ptolemy.util.test.junit.AutoTests" name="[146] /home/travis/build/icyphy/ptII/ptolemy/actor/lib/test/auto/ExecNonZeroReturnOutput.xml (RunModel)" time="0.171" />
  <testcase classname="ptolemy.util.test.junit.AutoTests" name="[147] /home/travis/build/icyphy/ptII/ptolemy/actor/lib/test/auto/ExecRunDemos.xml (RunModel)" time="10.351" />
  <testcase classname="ptolemy.util.test.junit.AutoTests" name="[148] /home/travis/build/icyphy/ptII/ptolemy/actor/lib/test/auto/ExecStop.xml (RunModel)" time="5.039" />
  <testcase classname="ptolemy.util.test.junit.AutoTests" name="[149] /home/travis/build/icyphy/ptII/ptolemy/actor/lib/test/auto/ExecutionTimeSDF.xml (RunModel)" time="6.036" />
  <testcase classname="ptolemy.util.test.junit.AutoTests" name="[150] /home/travis/build/icyphy/ptII/ptolemy/actor/lib/test/auto/Expression1.xml (RunModel)" time="0.007" />
  <testcase classname="ptolemy.util.test.junit.AutoTests" name="[151] /home/travis/build/icyphy/ptII/ptolemy/actor/lib/test/auto/Expression10.xml (RunModel)" time="0.022" />
  <testcase classname="ptolemy.util.test.junit.AutoTests" name="[152] /home/travis/build/icyphy/ptII/ptolemy/actor/lib/test/auto/Expression11.xml (RunModel)" time="0.02" />
  <testcase classname="ptolemy.util.test.junit.AutoTests" name="[153] /home/travis/build/icyphy/ptII/ptolemy/actor/lib/test/auto/Expression12.xml (RunModel)" time="0.047" />
  <testcase classname="ptolemy.util.test.junit.AutoTests" name="[154] /home/travis/build/icyphy/ptII/ptolemy/actor/lib/test/auto/Expression13.xml (RunModel)" time="0.014" />
  <testcase classname="ptolemy.util.test.junit.AutoTests" name="[155] /home/travis/build/icyphy/ptII/ptolemy/actor/lib/test/auto/Expression14.xml (RunModel)" time="0.02" />
  <testcase classname="ptolemy.util.test.junit.AutoTests" name="[156] /home/travis/build/icyphy/ptII/ptolemy/actor/lib/test/auto/Expression15.xml (RunModel)" time="0.007" />
  <testcase classname="ptolemy.util.test.junit.AutoTests" name="[157] /home/travis/build/icyphy/ptII/ptolemy/actor/lib/test/auto/Expression16.xml (RunModel)" time="0.011" />
  <testcase classname="ptolemy.util.test.junit.AutoTests" name="[158] /home/travis/build/icyphy/ptII/ptolemy/actor/lib/test/auto/Expression17.xml (RunModel)" time="0.013" />
  <testcase classname="ptolemy.util.test.junit.AutoTests" name="[159] /home/travis/build/icyphy/ptII/ptolemy/actor/lib/test/auto/Expression18.xml (RunModel)" time="0.011" />
  <testcase classname="ptolemy.util.test.junit.AutoTests" name="[160] /home/travis/build/icyphy/ptII/ptolemy/actor/lib/test/auto/Expression2.xml (RunModel)" time="0.013" />
  <testcase classname="ptolemy.util.test.junit.AutoTests" name="[161] /home/travis/build/icyphy/ptII/ptolemy/actor/lib/test/auto/Expression3.xml (RunModel)" time="0.013" />
  <testcase classname="ptolemy.util.test.junit.AutoTests" name="[162] /home/travis/build/icyphy/ptII/ptolemy/actor/lib/test/auto/Expression4.xml (RunModel)" time="0.021" />
  <testcase classname="ptolemy.util.test.junit.AutoTests" name="[163] /home/travis/build/icyphy/ptII/ptolemy/actor/lib/test/auto/Expression5.xml (RunModel)" time="0.012" />
  <testcase classname="ptolemy.util.test.junit.AutoTests" name="[164] /home/travis/build/icyphy/ptII/ptolemy/actor/lib/test/auto/Expression6.xml (RunModel)" time="0.011" />
  <testcase classname="ptolemy.util.test.junit.AutoTests" name="[165] /home/travis/build/icyphy/ptII/ptolemy/actor/lib/test/auto/Expression7.xml (RunModel)" time="0.016" />
  <testcase classname="ptolemy.util.test.junit.AutoTests" name="[166] /home/travis/build/icyphy/ptII/ptolemy/actor/lib/test/auto/Expression8.xml (RunModel)" time="0.014" />
  <testcase classname="ptolemy.util.test.junit.AutoTests" name="[167] /home/travis/build/icyphy/ptII/ptolemy/actor/lib/test/auto/Expression9.xml (RunModel)" time="0.006" />
  <testcase classname="ptolemy.util.test.junit.AutoTests" name="[168] /home/travis/build/icyphy/ptII/ptolemy/actor/lib/test/auto/ExpressionConcatenateArrayType.xml (RunModel)" time="0.022" />
  <testcase classname="ptolemy.util.test.junit.AutoTests" name="[169] /home/travis/build/icyphy/ptII/ptolemy/actor/lib/test/auto/ExpressionConcatenateArrayType2.xml (RunModel)" time="0.019" />
  <testcase classname="ptolemy.util.test.junit.AutoTests" name="[170] /home/travis/build/icyphy/ptII/ptolemy/actor/lib/test/auto/ExpressionFix.xml (RunModel)" time="0.038" />
  <testcase classname="ptolemy.util.test.junit.AutoTests" name="[171] /home/travis/build/icyphy/ptII/ptolemy/actor/lib/test/auto/ExpressionFix2.xml (RunModel)" time="0.01" />
  <testcase classname="ptolemy.util.test.junit.AutoTests" name="[172] /home/travis/build/icyphy/ptII/ptolemy/actor/lib/test/auto/ExpressionFix3.xml (RunModel)" time="0.01" />
  <testcase classname="ptolemy.util.test.junit.AutoTests" name="[173] /home/travis/build/icyphy/ptII/ptolemy/actor/lib/test/auto/FileWriter1.xml (RunModel)" time="0.008" />
  <testcase classname="ptolemy.util.test.junit.AutoTests" name="[174] /home/travis/build/icyphy/ptII/ptolemy/actor/lib/test/auto/FileWriter2.xml (RunModel)" time="0.011" />
  <testcase classname="ptolemy.util.test.junit.AutoTests" name="[175] /home/travis/build/icyphy/ptII/ptolemy/actor/lib/test/auto/FileWriter3.xml (RunModel)" time="0.01" />
  <testcase classname="ptolemy.util.test.junit.AutoTests" name="[176] /home/travis/build/icyphy/ptII/ptolemy/actor/lib/test/auto/Gaussian.xml (RunModel)" time="0.01" />
  <testcase classname="ptolemy.util.test.junit.AutoTests" name="[177] /home/travis/build/icyphy/ptII/ptolemy/actor/lib/test/auto/Gaussian1.xml (RunModel)" time="0.017" />
  <testcase classname="ptolemy.util.test.junit.AutoTests" name="[178] /home/travis/build/icyphy/ptII/ptolemy/actor/lib/test/auto/Gaussian2.xml (RunModel)" time="0.017" />
  <testcase classname="ptolemy.util.test.junit.AutoTests" name="[179] /home/travis/build/icyphy/ptII/ptolemy/actor/lib/test/auto/GradientAdaptiveLattice.xml (RunModel)" time="0.016" />
  <testcase classname="ptolemy.util.test.junit.AutoTests" name="[180] /home/travis/build/icyphy/ptII/ptolemy/actor/lib/test/auto/IIR.xml (RunModel)" time="0.009" />
  <testcase classname="ptolemy.util.test.junit.AutoTests" name="[181] /home/travis/build/icyphy/ptII/ptolemy/actor/lib/test/auto/InputOutputTransparentPorts.xml (RunModel)" time="0.023" />
  <testcase classname="ptolemy.util.test.junit.AutoTests" name="[182] /home/travis/build/icyphy/ptII/ptolemy/actor/lib/test/auto/Interpolator.xml (RunModel)" time="0.013" />
  <testcase classname="ptolemy.util.test.junit.AutoTests" name="[183] /home/travis/build/icyphy/ptII/ptolemy/actor/lib/test/auto/InterpolatorFiringLimitDE.xml (RunModel)" time="0.012" />
  <testcase classname="ptolemy.util.test.junit.AutoTests" name="[184] /home/travis/build/icyphy/ptII/ptolemy/actor/lib/test/auto/Lattice.xml (RunModel)" time="0.008" />
  <testcase classname="ptolemy.util.test.junit.AutoTests" name="[185] /home/travis/build/icyphy/ptII/ptolemy/actor/lib/test/auto/LazyAOCTestLazy.xml (RunModel)" time="0.036" />
  <testcase classname="ptolemy.util.test.junit.AutoTests" name="[186] /home/travis/build/icyphy/ptII/ptolemy/actor/lib/test/auto/LazyAOCTestNonLazy.xml (RunModel)" time="0.042" />
  <testcase classname="ptolemy.util.test.junit.AutoTests" name="[187] /home/travis/build/icyphy/ptII/ptolemy/actor/lib/test/auto/LazyInnerClass.xml (RunModel)" time="0.049" />
  <testcase classname="ptolemy.util.test.junit.AutoTests" name="[188] /home/travis/build/icyphy/ptII/ptolemy/actor/lib/test/auto/LazyPubSub.xml (RunModel)" time="0.071" />
  <testcase classname="ptolemy.util.test.junit.AutoTests" name="[189] /home/travis/build/icyphy/ptII/ptolemy/actor/lib/test/auto/LazyPubSub2.xml (RunModel)" time="0.032" />
  <testcase classname="ptolemy.util.test.junit.AutoTests" name="[190] /home/travis/build/icyphy/ptII/ptolemy/actor/lib/test/auto/LazyPubSub3.xml (RunModel)" time="0.024" />
  <testcase classname="ptolemy.util.test.junit.AutoTests" name="[191] /home/travis/build/icyphy/ptII/ptolemy/actor/lib/test/auto/LazySubClassModel.xml (RunModel)" time="0.022" />
  <testcase classname="ptolemy.util.test.junit.AutoTests" name="[192] /home/travis/build/icyphy/ptII/ptolemy/actor/lib/test/auto/LevelCrossTest1.xml (RunModel)" time="0.015" />
  <testcase classname="ptolemy.util.test.junit.AutoTests" name="[193] /home/travis/build/icyphy/ptII/ptolemy/actor/lib/test/auto/LevelCrossTest10.xml (RunModel)" time="0.017" />
  <testcase classname="ptolemy.util.test.junit.AutoTests" name="[194] /home/travis/build/icyphy/ptII/ptolemy/actor/lib/test/auto/LevelCrossTest11.xml (RunModel)" time="0.017" />
  <testcase classname="ptolemy.util.test.junit.AutoTests" name="[195] /home/travis/build/icyphy/ptII/ptolemy/actor/lib/test/auto/LevelCrossTest12.xml (RunModel)" time="0.015" />
  <testcase classname="ptolemy.util.test.junit.AutoTests" name="[196] /home/travis/build/icyphy/ptII/ptolemy/actor/lib/test/auto/LevelCrossTest13.xml (RunModel)" time="0.019" />
  <testcase classname="ptolemy.util.test.junit.AutoTests" name="[197] /home/travis/build/icyphy/ptII/ptolemy/actor/lib/test/auto/LevelCrossTest2.xml (RunModel)" time="0.01" />
  <testcase classname="ptolemy.util.test.junit.AutoTests" name="[198] /home/travis/build/icyphy/ptII/ptolemy/actor/lib/test/auto/LevelCrossTest3.xml (RunModel)" time="0.011" />
  <testcase classname="ptolemy.util.test.junit.AutoTests" name="[199] /home/travis/build/icyphy/ptII/ptolemy/actor/lib/test/auto/LevelCrossTest4.xml (RunModel)" time="0.01" />
  <testcase classname="ptolemy.util.test.junit.AutoTests" name="[200] /home/travis/build/icyphy/ptII/ptolemy/actor/lib/test/auto/LevelCrossTest5.xml (RunModel)" time="0.012" />
  <testcase classname="ptolemy.util.test.junit.AutoTests" name="[201] /home/travis/build/icyphy/ptII/ptolemy/actor/lib/test/auto/LevelCrossTest6.xml (RunModel)" time="0.012" />
  <testcase classname="ptolemy.util.test.junit.AutoTests" name="[202] /home/travis/build/icyphy/ptII/ptolemy/actor/lib/test/auto/LevelCrossTest7.xml (RunModel)" time="0.015" />
  <testcase classname="ptolemy.util.test.junit.AutoTests" name="[203] /home/travis/build/icyphy/ptII/ptolemy/actor/lib/test/auto/LevelCrossTest8.xml (RunModel)" time="0.015" />
  <testcase classname="ptolemy.util.test.junit.AutoTests" name="[204] /home/travis/build/icyphy/ptII/ptolemy/actor/lib/test/auto/LevelCrossTest9.xml (RunModel)" time="0.013" />
  <testcase classname="ptolemy.util.test.junit.AutoTests" name="[205] /home/travis/build/icyphy/ptII/ptolemy/actor/lib/test/auto/LevinsonDurbin.xml (RunModel)" time="0.016" />
  <testcase classname="ptolemy.util.test.junit.AutoTests" name="[206] /home/travis/build/icyphy/ptII/ptolemy/actor/lib/test/auto/LevinsonDurbin2.xml (RunModel)" time="0.01" />
  <testcase classname="ptolemy.util.test.junit.AutoTests" name="[207] /home/travis/build/icyphy/ptII/ptolemy/actor/lib/test/auto/LevinsonDurbin3.xml (RunModel)" time="0.05" />
  <testcase classname="ptolemy.util.test.junit.AutoTests" name="[208] /home/travis/build/icyphy/ptII/ptolemy/actor/lib/test/auto/Limiter.xml (RunModel)" time="0.042" />
  <testcase classname="ptolemy.util.test.junit.AutoTests" name="[209] /home/travis/build/icyphy/ptII/ptolemy/actor/lib/test/auto/LinearDifferenceEquationSystem.xml (RunModel)" time="0.021" />
  <testcase classname="ptolemy.util.test.junit.AutoTests" name="[210] /home/travis/build/icyphy/ptII/ptolemy/actor/lib/test/auto/LookupTable.xml (RunModel)" time="0.01" />
  <testcase classname="ptolemy.util.test.junit.AutoTests" name="[211] /home/travis/build/icyphy/ptII/ptolemy/actor/lib/test/auto/MathFunction.xml (RunModel)" time="0.019" />
  <testcase classname="ptolemy.util.test.junit.AutoTests" name="[212] /home/travis/build/icyphy/ptII/ptolemy/actor/lib/test/auto/MathFunction2.xml (RunModel)" time="0.021" />
  <testcase classname="ptolemy.util.test.junit.AutoTests" name="[213] /home/travis/build/icyphy/ptII/ptolemy/actor/lib/test/auto/MathFunction3.xml (RunModel)" time="0.023" />
  <testcase classname="ptolemy.util.test.junit.AutoTests" name="[214] /home/travis/build/icyphy/ptII/ptolemy/actor/lib/test/auto/MatrixCropBoolean.xml (RunModel)" time="0.009" />
  <testcase classname="ptolemy.util.test.junit.AutoTests" name="[215] /home/travis/build/icyphy/ptII/ptolemy/actor/lib/test/auto/MatrixCropComplex.xml (RunModel)" time="0.009" />
  <testcase classname="ptolemy.util.test.junit.AutoTests" name="[216] /home/travis/build/icyphy/ptII/ptolemy/actor/lib/test/auto/MatrixCropDouble.xml (RunModel)" time="0.034" />
  <testcase classname="ptolemy.util.test.junit.AutoTests" name="[217] /home/travis/build/icyphy/ptII/ptolemy/actor/lib/test/auto/MatrixCropFix.xml (RunModel)" time="0.04" />
  <testcase classname="ptolemy.util.test.junit.AutoTests" name="[218] /home/travis/build/icyphy/ptII/ptolemy/actor/lib/test/auto/MatrixCropInt.xml (RunModel)" time="0.033" />
  <testcase classname="ptolemy.util.test.junit.AutoTests" name="[219] /home/travis/build/icyphy/ptII/ptolemy/actor/lib/test/auto/MatrixCropLong.xml (RunModel)" time="0.011" />
  <testcase classname="ptolemy.util.test.junit.AutoTests" name="[220] /home/travis/build/icyphy/ptII/ptolemy/actor/lib/test/auto/MatrixToArray.xml (RunModel)" time="0.05" />
  <testcase classname="ptolemy.util.test.junit.AutoTests" name="[221] /home/travis/build/icyphy/ptII/ptolemy/actor/lib/test/auto/MaxIndex.xml (RunModel)" time="0.011" />
  <testcase classname="ptolemy.util.test.junit.AutoTests" name="[222] /home/travis/build/icyphy/ptII/ptolemy/actor/lib/test/auto/Maximum.xml (RunModel)" time="0.021" />
  <testcase classname="ptolemy.util.test.junit.AutoTests" name="[223] /home/travis/build/icyphy/ptII/ptolemy/actor/lib/test/auto/MaximumComplex.xml (RunModel)" time="0.017" />
  <testcase classname="ptolemy.util.test.junit.AutoTests" name="[224] /home/travis/build/icyphy/ptII/ptolemy/actor/lib/test/auto/MethodCallTest.xml (RunModel)" time="0.02" />
  <testcase classname="ptolemy.util.test.junit.AutoTests" name="[225] /home/travis/build/icyphy/ptII/ptolemy/actor/lib/test/auto/Minimum.xml (RunModel)" time="0.013" />
  <testcase classname="ptolemy.util.test.junit.AutoTests" name="[226] /home/travis/build/icyphy/ptII/ptolemy/actor/lib/test/auto/MinimumComplex.xml (RunModel)" time="0.023" />
  <testcase classname="ptolemy.util.test.junit.AutoTests" name="[227] /home/travis/build/icyphy/ptII/ptolemy/actor/lib/test/auto/MinimumMultiports.xml (RunModel)" time="0.016" />
  <testcase classname="ptolemy.util.test.junit.AutoTests" name="[228] /home/travis/build/icyphy/ptII/ptolemy/actor/lib/test/auto/ModifyDate.xml (RunModel)" time="0.037" />
  <testcase classname="ptolemy.util.test.junit.AutoTests" name="[229] /home/travis/build/icyphy/ptII/ptolemy/actor/lib/test/auto/ModifyDate2.xml (RunModel)" time="0.03" />
  <testcase classname="ptolemy.util.test.junit.AutoTests" name="[230] /home/travis/build/icyphy/ptII/ptolemy/actor/lib/test/auto/MovingAverage.xml (RunModel)" time="0.011" />
  <testcase classname="ptolemy.util.test.junit.AutoTests" name="[231] /home/travis/build/icyphy/ptII/ptolemy/actor/lib/test/auto/MovingMaximum.xml (RunModel)" time="0.011" />
  <testcase classname="ptolemy.util.test.junit.AutoTests" name="[232] /home/travis/build/icyphy/ptII/ptolemy/actor/lib/test/auto/MultipleLinksToSameRelation.xml (RunModel)" time="0.007" />
  <testcase classname="ptolemy.util.test.junit.AutoTests" name="[233] /home/travis/build/icyphy/ptII/ptolemy/actor/lib/test/auto/MultipleLinksToSameRelationDE.xml (RunModel)" time="0.01" />
  <testcase classname="ptolemy.util.test.junit.AutoTests" name="[234] /home/travis/build/icyphy/ptII/ptolemy/actor/lib/test/auto/Multiplexor.xml (RunModel)" time="0.013" />
  <testcase classname="ptolemy.util.test.junit.AutoTests" name="[235] /home/travis/build/icyphy/ptII/ptolemy/actor/lib/test/auto/Multiplexor1.xml (RunModel)" time="0.011" />
  <testcase classname="ptolemy.util.test.junit.AutoTests" name="[236] /home/travis/build/icyphy/ptII/ptolemy/actor/lib/test/auto/Multiplexor2.xml (RunModel)" time="0.015" />
  <testcase classname="ptolemy.util.test.junit.AutoTests" name="[237] /home/travis/build/icyphy/ptII/ptolemy/actor/lib/test/auto/Multiplexor3.xml (RunModel)" time="0.01" />
  <testcase classname="ptolemy.util.test.junit.AutoTests" name="[238] /home/travis/build/icyphy/ptII/ptolemy/actor/lib/test/auto/MultiplexorDE.xml (RunModel)" time="0.017" />
  <testcase classname="ptolemy.util.test.junit.AutoTests" name="[239] /home/travis/build/icyphy/ptII/ptolemy/actor/lib/test/auto/MultiportBroadcastTest.xml (RunModel)" time="0.095" />
  <testcase classname="ptolemy.util.test.junit.AutoTests" name="[240] /home/travis/build/icyphy/ptII/ptolemy/actor/lib/test/auto/MultiportOutHangDuringGetWidth.xml (RunModel)" time="0.035" />
  <testcase classname="ptolemy.util.test.junit.AutoTests" name="[241] /home/travis/build/icyphy/ptII/ptolemy/actor/lib/test/auto/NilToken.xml (RunModel)" time="0.01" />
  <testcase classname="ptolemy.util.test.junit.AutoTests" name="[242] /home/travis/build/icyphy/ptII/ptolemy/actor/lib/test/auto/NilTokenNonStrictTest.xml (RunModel)" time="0.016" />
  <testcase classname="ptolemy.util.test.junit.AutoTests" name="[243] /home/travis/build/icyphy/ptII/ptolemy/actor/lib/test/auto/NilTokenRecord.xml (RunModel)" time="0.022" />
  <testcase classname="ptolemy.util.test.junit.AutoTests" name="[244] /home/travis/build/icyphy/ptII/ptolemy/actor/lib/test/auto/NilTokenTypeTest.xml (RunModel)" time="0.025" />
  <testcase classname="ptolemy.util.test.junit.AutoTests" name="[245] /home/travis/build/icyphy/ptII/ptolemy/actor/lib/test/auto/ObjectToken1.xml (RunModel)" time="0.007" />
  <testcase classname="ptolemy.util.test.junit.AutoTests" name="[246] /home/travis/build/icyphy/ptII/ptolemy/actor/lib/test/auto/OrderedMerge.xml (RunModel)" time="0.015" />
  <testcase classname="ptolemy.util.test.junit.AutoTests" name="[247] /home/travis/build/icyphy/ptII/ptolemy/actor/lib/test/auto/OrderedRecordDisassembler.xml (RunModel)" time="0.016" />
  <testcase classname="ptolemy.util.test.junit.AutoTests" name="[248] /home/travis/build/icyphy/ptII/ptolemy/actor/lib/test/auto/OrderedRecordDisassembler2.xml (RunModel)" time="0.018" />
  <testcase classname="ptolemy.util.test.junit.AutoTests" name="[249] /home/travis/build/icyphy/ptII/ptolemy/actor/lib/test/auto/OrderedRecordUpdater.xml (RunModel)" time="0.013" />
  <testcase classname="ptolemy.util.test.junit.AutoTests" name="[250] /home/travis/build/icyphy/ptII/ptolemy/actor/lib/test/auto/OrderedRecordUpdater2.xml (RunModel)" time="0.017" />
  <testcase classname="ptolemy.util.test.junit.AutoTests" name="[251] /home/travis/build/icyphy/ptII/ptolemy/actor/lib/test/auto/PhaseUnwrap.xml (RunModel)" time="0.012" />
  <testcase classname="ptolemy.util.test.junit.AutoTests" name="[252] /home/travis/build/icyphy/ptII/ptolemy/actor/lib/test/auto/PoissonClock.xml (RunModel)" time="0.009" />
  <testcase classname="ptolemy.util.test.junit.AutoTests" name="[253] /home/travis/build/icyphy/ptII/ptolemy/actor/lib/test/auto/PoissonClock2.xml (RunModel)" time="0.007" />
  <testcase classname="ptolemy.util.test.junit.AutoTests" name="[254] /home/travis/build/icyphy/ptII/ptolemy/actor/lib/test/auto/PoissonClock3.xml (RunModel)" time="0.023" />
  <testcase classname="ptolemy.util.test.junit.AutoTests" name="[255] /home/travis/build/icyphy/ptII/ptolemy/actor/lib/test/auto/PubSubWithInitialTokens.xml (RunModel)" time="0.014" />
  <testcase classname="ptolemy.util.test.junit.AutoTests" name="[256] /home/travis/build/icyphy/ptII/ptolemy/actor/lib/test/auto/PubSubWithInitialTokens2.xml (RunModel)" time="0.01" />
  <testcase classname="ptolemy.util.test.junit.AutoTests" name="[257] /home/travis/build/icyphy/ptII/ptolemy/actor/lib/test/auto/PublisherClassNoParameter.xml (RunModel)" time="0.022" />
  <testcase classname="ptolemy.util.test.junit.AutoTests" name="[258] /home/travis/build/icyphy/ptII/ptolemy/actor/lib/test/auto/PublisherClassParameter.xml (RunModel)" time="0.054" />
  <testcase classname="ptolemy.util.test.junit.AutoTests" name="[259] /home/travis/build/icyphy/ptII/ptolemy/actor/lib/test/auto/PublisherNonStrictTest.xml (RunModel)" time="0.017" />
  <testcase classname="ptolemy.util.test.junit.AutoTests" name="[260] /home/travis/build/icyphy/ptII/ptolemy/actor/lib/test/auto/PublisherPort1.xml (RunModel)" time="0.02" />
  <testcase classname="ptolemy.util.test.junit.AutoTests" name="[261] /home/travis/build/icyphy/ptII/ptolemy/actor/lib/test/auto/PublisherPort2.xml (RunModel)" time="0.025" />
  <testcase classname="ptolemy.util.test.junit.AutoTests" name="[262] /home/travis/build/icyphy/ptII/ptolemy/actor/lib/test/auto/PublisherPort3.xml (RunModel)" time="0.011" />
  <testcase classname="ptolemy.util.test.junit.AutoTests" name="[263] /home/travis/build/icyphy/ptII/ptolemy/actor/lib/test/auto/PublisherPort4.xml (RunModel)" time="0.011" />
  <testcase classname="ptolemy.util.test.junit.AutoTests" name="[264] /home/travis/build/icyphy/ptII/ptolemy/actor/lib/test/auto/PublisherPort5.xml (RunModel)" time="0.013" />
  <testcase classname="ptolemy.util.test.junit.AutoTests" name="[265] /home/travis/build/icyphy/ptII/ptolemy/actor/lib/test/auto/PublisherPort5LookAlike.xml (RunModel)" time="0.017" />
  <testcase classname="ptolemy.util.test.junit.AutoTests" name="[266] /home/travis/build/icyphy/ptII/ptolemy/actor/lib/test/auto/PublisherPort6.xml (RunModel)" time="0.01" />
  <testcase classname="ptolemy.util.test.junit.AutoTests" name="[267] /home/travis/build/icyphy/ptII/ptolemy/actor/lib/test/auto/PublisherPort7.xml (RunModel)" time="0.014" />
  <testcase classname="ptolemy.util.test.junit.AutoTests" name="[268] /home/travis/build/icyphy/ptII/ptolemy/actor/lib/test/auto/PublisherPort8.xml (RunModel)" time="0.015" />
  <testcase classname="ptolemy.util.test.junit.AutoTests" name="[269] /home/travis/build/icyphy/ptII/ptolemy/actor/lib/test/auto/PublisherPortSubscriberChannelVariablesAOC2.xml (RunModel)" time="0.04" />
  <testcase classname="ptolemy.util.test.junit.AutoTests" name="[270] /home/travis/build/icyphy/ptII/ptolemy/actor/lib/test/auto/PublisherPortSubscriberOpaqueWidthInference.xml (RunModel)" time="0.013" />
  <testcase classname="ptolemy.util.test.junit.AutoTests" name="[271] /home/travis/build/icyphy/ptII/ptolemy/actor/lib/test/auto/PublisherPortSubscriberPortAdjacent.xml (RunModel)" time="0.016" />
  <testcase classname="ptolemy.util.test.junit.AutoTests" name="[272] /home/travis/build/icyphy/ptII/ptolemy/actor/lib/test/auto/PublisherPortSubscriberPortExpression.xml (RunModel)" time="0.014" />
  <testcase classname="ptolemy.util.test.junit.AutoTests" name="[273] /home/travis/build/icyphy/ptII/ptolemy/actor/lib/test/auto/PublisherPortSubscriberPortOpaqueD3Reverse.xml (RunModel)" time="0.016" />
  <testcase classname="ptolemy.util.test.junit.AutoTests" name="[274] /home/travis/build/icyphy/ptII/ptolemy/actor/lib/test/auto/PublisherPortSubscriberPortOpaqueWidthInference.xml (RunModel)" time="0.013" />
  <testcase classname="ptolemy.util.test.junit.AutoTests" name="[275] /home/travis/build/icyphy/ptII/ptolemy/actor/lib/test/auto/PublisherPortToplevelSubscriberPortAOC.xml (RunModel)" time="0.009" />
  <testcase classname="ptolemy.util.test.junit.AutoTests" name="[276] /home/travis/build/icyphy/ptII/ptolemy/actor/lib/test/auto/PublisherSubscriber.xml (RunModel)" time="0.011" />
  <testcase classname="ptolemy.util.test.junit.AutoTests" name="[277] /home/travis/build/icyphy/ptII/ptolemy/actor/lib/test/auto/PublisherSubscriber10.xml (RunModel)" time="0.025" />
  <testcase classname="ptolemy.util.test.junit.AutoTests" name="[278] /home/travis/build/icyphy/ptII/ptolemy/actor/lib/test/auto/PublisherSubscriber10InitialOutputs.xml (RunModel)" time="0.027" />
  <testcase classname="ptolemy.util.test.junit.AutoTests" name="[279] /home/travis/build/icyphy/ptII/ptolemy/actor/lib/test/auto/PublisherSubscriber11.xml (RunModel)" time="0.016" />
  <testcase classname="ptolemy.util.test.junit.AutoTests" name="[280] /home/travis/build/icyphy/ptII/ptolemy/actor/lib/test/auto/PublisherSubscriber12.xml (RunModel)" time="0.013" />
  <testcase classname="ptolemy.util.test.junit.AutoTests" name="[281] /home/travis/build/icyphy/ptII/ptolemy/actor/lib/test/auto/PublisherSubscriber13.xml (RunModel)" time="0.008" />
  <testcase classname="ptolemy.util.test.junit.AutoTests" name="[282] /home/travis/build/icyphy/ptII/ptolemy/actor/lib/test/auto/PublisherSubscriber14.xml (RunModel)" time="0.019" />
  <testcase classname="ptolemy.util.test.junit.AutoTests" name="[283] /home/travis/build/icyphy/ptII/ptolemy/actor/lib/test/auto/PublisherSubscriber2.xml (RunModel)" time="0.008" />
  <testcase classname="ptolemy.util.test.junit.AutoTests" name="[284] /home/travis/build/icyphy/ptII/ptolemy/actor/lib/test/auto/PublisherSubscriber3.xml (RunModel)" time="0.008" />
  <testcase classname="ptolemy.util.test.junit.AutoTests" name="[285] /home/travis/build/icyphy/ptII/ptolemy/actor/lib/test/auto/PublisherSubscriber4.xml (RunModel)" time="0.007" />
  <testcase classname="ptolemy.util.test.junit.AutoTests" name="[286] /home/travis/build/icyphy/ptII/ptolemy/actor/lib/test/auto/PublisherSubscriber5.xml (RunModel)" time="0.009" />
  <testcase classname="ptolemy.util.test.junit.AutoTests" name="[287] /home/travis/build/icyphy/ptII/ptolemy/actor/lib/test/auto/PublisherSubscriber6.xml (RunModel)" time="0.012" />
  <testcase classname="ptolemy.util.test.junit.AutoTests" name="[288] /home/travis/build/icyphy/ptII/ptolemy/actor/lib/test/auto/PublisherSubscriber7.xml (RunModel)" time="0.021" />
  <testcase classname="ptolemy.util.test.junit.AutoTests" name="[289] /home/travis/build/icyphy/ptII/ptolemy/actor/lib/test/auto/PublisherSubscriber8.xml (RunModel)" time="0.032" />
  <testcase classname="ptolemy.util.test.junit.AutoTests" name="[290] /home/travis/build/icyphy/ptII/ptolemy/actor/lib/test/auto/PublisherSubscriber9.xml (RunModel)" time="0.016" />
  <testcase classname="ptolemy.util.test.junit.AutoTests" name="[291] /home/travis/build/icyphy/ptII/ptolemy/actor/lib/test/auto/PublisherSubscriberAdjacent.xml (RunModel)" time="0.016" />
  <testcase classname="ptolemy.util.test.junit.AutoTests" name="[292] /home/travis/build/icyphy/ptII/ptolemy/actor/lib/test/auto/PublisherSubscriberChannelVariablesAOC2.xml (RunModel)" time="0.025" />
  <testcase classname="ptolemy.util.test.junit.AutoTests" name="[293] /home/travis/build/icyphy/ptII/ptolemy/actor/lib/test/auto/PublisherSubscriberD3.xml (RunModel)" time="0.011" />
  <testcase classname="ptolemy.util.test.junit.AutoTests" name="[294] /home/travis/build/icyphy/ptII/ptolemy/actor/lib/test/auto/PublisherSubscriberD3Reverse.xml (RunModel)" time="0.01" />
  <testcase classname="ptolemy.util.test.junit.AutoTests" name="[295] /home/travis/build/icyphy/ptII/ptolemy/actor/lib/test/auto/PublisherSubscriberExpression.xml (RunModel)" time="0.015" />
  <testcase classname="ptolemy.util.test.junit.AutoTests" name="[296] /home/travis/build/icyphy/ptII/ptolemy/actor/lib/test/auto/PublisherSubscriberOpaque.xml (RunModel)" time="0.014" />
  <testcase classname="ptolemy.util.test.junit.AutoTests" name="[297] /home/travis/build/icyphy/ptII/ptolemy/actor/lib/test/auto/PublisherSubscriberOpaqueD3.xml (RunModel)" time="0.057" />
  <testcase classname="ptolemy.util.test.junit.AutoTests" name="[298] /home/travis/build/icyphy/ptII/ptolemy/actor/lib/test/auto/PublisherSubscriberOpaqueD3Reverse.xml (RunModel)" time="0.019" />
  <testcase classname="ptolemy.util.test.junit.AutoTests" name="[299] /home/travis/build/icyphy/ptII/ptolemy/actor/lib/test/auto/PublisherSubscriberOpaqueWidthInference.xml (RunModel)" time="0.013" />
  <testcase classname="ptolemy.util.test.junit.AutoTests" name="[300] /home/travis/build/icyphy/ptII/ptolemy/actor/lib/test/auto/PublisherTestSubscriber.xml (RunModel)" time="0.014" />
  <testcase classname="ptolemy.util.test.junit.AutoTests" name="[301] /home/travis/build/icyphy/ptII/ptolemy/actor/lib/test/auto/PublisherToplevelSubscriberPortAOC.xml (RunModel)" time="0.01" />
  <testcase classname="ptolemy.util.test.junit.AutoTests" name="[302] /home/travis/build/icyphy/ptII/ptolemy/actor/lib/test/auto/PulseFiringLimitDE.xml (RunModel)" time="0.013" />
  <testcase classname="ptolemy.util.test.junit.AutoTests" name="[303] /home/travis/build/icyphy/ptII/ptolemy/actor/lib/test/auto/Ramp1.xml (RunModel)" time="0.006" />
  <testcase classname="ptolemy.util.test.junit.AutoTests" name="[304] /home/travis/build/icyphy/ptII/ptolemy/actor/lib/test/auto/RampFiringLimitDE.xml (RunModel)" time="0.01" />
  <testcase classname="ptolemy.util.test.junit.AutoTests" name="[305] /home/travis/build/icyphy/ptII/ptolemy/actor/lib/test/auto/RampFiringLimitSDF.xml (RunModel)" time="0.009" />
  <testcase classname="ptolemy.util.test.junit.AutoTests" name="[306] /home/travis/build/icyphy/ptII/ptolemy/actor/lib/test/auto/RandomInteger.xml (RunModel)" time="0.008" />
  <testcase classname="ptolemy.util.test.junit.AutoTests" name="[307] /home/travis/build/icyphy/ptII/ptolemy/actor/lib/test/auto/ReadFile1.xml (RunModel)" time="0.007" />
  <testcase classname="ptolemy.util.test.junit.AutoTests" name="[308] /home/travis/build/icyphy/ptII/ptolemy/actor/lib/test/auto/ReadFile2.xml (RunModel)" time="0.006" />
  <testcase classname="ptolemy.util.test.junit.AutoTests" name="[309] /home/travis/build/icyphy/ptII/ptolemy/actor/lib/test/auto/Reader.xml (RunModel)" time="0.009" />
  <testcase classname="ptolemy.util.test.junit.AutoTests" name="[310] /home/travis/build/icyphy/ptII/ptolemy/actor/lib/test/auto/RecordAssemblerDisplayNameTest.xml (RunModel)" time="3.272" />
  <testcase classname="ptolemy.util.test.junit.AutoTests" name="[311] /home/travis/build/icyphy/ptII/ptolemy/actor/lib/test/auto/RecordAssemblerTypeError.xml (RunModel)" time="0.025" />
  <testcase classname="ptolemy.util.test.junit.AutoTests" name="[312] /home/travis/build/icyphy/ptII/ptolemy/actor/lib/test/auto/RecordDisassember.xml (RunModel)" time="0.008" />
  <testcase classname="ptolemy.util.test.junit.AutoTests" name="[313] /home/travis/build/icyphy/ptII/ptolemy/actor/lib/test/auto/RecordDisassemberDisplayNameTest.xml (RunModel)" time="0.015" />
  <testcase classname="ptolemy.util.test.junit.AutoTests" name="[314] /home/travis/build/icyphy/ptII/ptolemy/actor/lib/test/auto/RecordDisassembler.xml (RunModel)" time="0.011" />
  <testcase classname="ptolemy.util.test.junit.AutoTests" name="[315] /home/travis/build/icyphy/ptII/ptolemy/actor/lib/test/auto/RecordDisassembler2.xml (RunModel)" time="0.008" />
  <testcase classname="ptolemy.util.test.junit.AutoTests" name="[316] /home/travis/build/icyphy/ptII/ptolemy/actor/lib/test/auto/RecordUpdater.xml (RunModel)" time="0.008" />
  <testcase classname="ptolemy.util.test.junit.AutoTests" name="[317] /home/travis/build/icyphy/ptII/ptolemy/actor/lib/test/auto/RecordUpdater2.xml (RunModel)" time="0.008" />
  <testcase classname="ptolemy.util.test.junit.AutoTests" name="[318] /home/travis/build/icyphy/ptII/ptolemy/actor/lib/test/auto/RecursiveLattice.xml (RunModel)" time="0.008" />
  <testcase classname="ptolemy.util.test.junit.AutoTests" name="[319] /home/travis/build/icyphy/ptII/ptolemy/actor/lib/test/auto/Router.xml (RunModel)" time="3.023" />
  <testcase classname="ptolemy.util.test.junit.AutoTests" name="[320] /home/travis/build/icyphy/ptII/ptolemy/actor/lib/test/auto/Router2.xml (RunModel)" time="3.033" />
  <testcase classname="ptolemy.util.test.junit.AutoTests" name="[321] /home/travis/build/icyphy/ptII/ptolemy/actor/lib/test/auto/RunningMaximum.xml (RunModel)" time="0.013" />
  <testcase classname="ptolemy.util.test.junit.AutoTests" name="[322] /home/travis/build/icyphy/ptII/ptolemy/actor/lib/test/auto/RunningMinimum.xml (RunModel)" time="0.015" />
  <testcase classname="ptolemy.util.test.junit.AutoTests" name="[323] /home/travis/build/icyphy/ptII/ptolemy/actor/lib/test/auto/Scale.xml (RunModel)" time="0.007" />
  <testcase classname="ptolemy.util.test.junit.AutoTests" name="[324] /home/travis/build/icyphy/ptII/ptolemy/actor/lib/test/auto/Scale2.xml (RunModel)" time="0.01" />
  <testcase classname="ptolemy.util.test.junit.AutoTests" name="[325] /home/travis/build/icyphy/ptII/ptolemy/actor/lib/test/auto/Scale3.xml (RunModel)" time="0.013" />
  <testcase classname="ptolemy.util.test.junit.AutoTests" name="[326] /home/travis/build/icyphy/ptII/ptolemy/actor/lib/test/auto/ScaleArray.xml (RunModel)" time="0.007" />
  <testcase classname="ptolemy.util.test.junit.AutoTests" name="[327] /home/travis/build/icyphy/ptII/ptolemy/actor/lib/test/auto/ScaleArray2.xml (RunModel)" time="0.007" />
  <testcase classname="ptolemy.util.test.junit.AutoTests" name="[328] /home/travis/build/icyphy/ptII/ptolemy/actor/lib/test/auto/ScaleMatrix.xml (RunModel)" time="0.101" />
  <testcase classname="ptolemy.util.test.junit.AutoTests" name="[329] /home/travis/build/icyphy/ptII/ptolemy/actor/lib/test/auto/Select.xml (RunModel)" time="0.013" />
  <testcase classname="ptolemy.util.test.junit.AutoTests" name="[330] /home/travis/build/icyphy/ptII/ptolemy/actor/lib/test/auto/Select2.xml (RunModel)" time="0.007" />
  <testcase classname="ptolemy.util.test.junit.AutoTests" name="[331] /home/travis/build/icyphy/ptII/ptolemy/actor/lib/test/auto/SequenceToArray2.xml (RunModel)" time="0.117" />
  <testcase classname="ptolemy.util.test.junit.AutoTests" name="[332] /home/travis/build/icyphy/ptII/ptolemy/actor/lib/test/auto/SequentialClock.xml (RunModel)" time="0.008" />
  <testcase classname="ptolemy.util.test.junit.AutoTests" name="[333] /home/travis/build/icyphy/ptII/ptolemy/actor/lib/test/auto/SetVariable.xml (RunModel)" time="0.008" />
  <testcase classname="ptolemy.util.test.junit.AutoTests" name="[334] /home/travis/build/icyphy/ptII/ptolemy/actor/lib/test/auto/SetVariable2.xml (RunModel)" time="0.015" />
  <testcase classname="ptolemy.util.test.junit.AutoTests" name="[335] /home/travis/build/icyphy/ptII/ptolemy/actor/lib/test/auto/SetVariable3.xml (RunModel)" time="0.015" />
  <testcase classname="ptolemy.util.test.junit.AutoTests" name="[336] /home/travis/build/icyphy/ptII/ptolemy/actor/lib/test/auto/SetVariable4.xml (RunModel)" time="0.022" />
  <testcase classname="ptolemy.util.test.junit.AutoTests" name="[337] /home/travis/build/icyphy/ptII/ptolemy/actor/lib/test/auto/SetVariable5.xml (RunModel)" time="0.034" />
  <testcase classname="ptolemy.util.test.junit.AutoTests" name="[338] /home/travis/build/icyphy/ptII/ptolemy/actor/lib/test/auto/Sinewave.xml (RunModel)" time="0.021" />
  <testcase classname="ptolemy.util.test.junit.AutoTests" name="[339] /home/travis/build/icyphy/ptII/ptolemy/actor/lib/test/auto/Sinewave2.xml (RunModel)" time="0.015" />
  <testcase classname="ptolemy.util.test.junit.AutoTests" name="[340] /home/travis/build/icyphy/ptII/ptolemy/actor/lib/test/auto/Sinewave3.xml (RunModel)" time="0.017" />
  <testcase classname="ptolemy.util.test.junit.AutoTests" name="[341] /home/travis/build/icyphy/ptII/ptolemy/actor/lib/test/auto/SingleEvent.xml (RunModel)" time="0.006" />
  <testcase classname="ptolemy.util.test.junit.AutoTests" name="[342] /home/travis/build/icyphy/ptII/ptolemy/actor/lib/test/auto/Sleep.xml (RunModel)" time="6.02" />
  <testcase classname="ptolemy.util.test.junit.AutoTests" name="[343] /home/travis/build/icyphy/ptII/ptolemy/actor/lib/test/auto/SleepMultipleFire.xml (RunModel)" time="1.044" />
  <testcase classname="ptolemy.util.test.junit.AutoTests" name="[344] /home/travis/build/icyphy/ptII/ptolemy/actor/lib/test/auto/StopDE.xml (RunModel)" time="0.016" />
  <testcase classname="ptolemy.util.test.junit.AutoTests" name="[345] /home/travis/build/icyphy/ptII/ptolemy/actor/lib/test/auto/StopSDF.xml (RunModel)" time="0.009" />
  <testcase classname="ptolemy.util.test.junit.AutoTests" name="[346] /home/travis/build/icyphy/ptII/ptolemy/actor/lib/test/auto/StringConstant.xml (RunModel)" time="0.013" />
  <testcase classname="ptolemy.util.test.junit.AutoTests" name="[347] /home/travis/build/icyphy/ptII/ptolemy/actor/lib/test/auto/SubscriberPortInitialValues1.xml (RunModel)" time="0.02" />
  <testcase classname="ptolemy.util.test.junit.AutoTests" name="[348] /home/travis/build/icyphy/ptII/ptolemy/actor/lib/test/auto/SubscriberPortInitialValues13.xml (RunModel)" time="0.023" />
  <testcase classname="ptolemy.util.test.junit.AutoTests" name="[349] /home/travis/build/icyphy/ptII/ptolemy/actor/lib/test/auto/SubscriberPortInitialValues14.xml (RunModel)" time="0.014" />
  <testcase classname="ptolemy.util.test.junit.AutoTests" name="[350] /home/travis/build/icyphy/ptII/ptolemy/actor/lib/test/auto/SubscriberPortInitialValues2.xml (RunModel)" time="0.013" />
  <testcase classname="ptolemy.util.test.junit.AutoTests" name="[351] /home/travis/build/icyphy/ptII/ptolemy/actor/lib/test/auto/SubscriberPortInitialValues3.xml (RunModel)" time="0.054" />
  <testcase classname="ptolemy.util.test.junit.AutoTests" name="[352] /home/travis/build/icyphy/ptII/ptolemy/actor/lib/test/auto/SubscriptionAggregator.xml (RunModel)" time="0.011" />
  <testcase classname="ptolemy.util.test.junit.AutoTests" name="[353] /home/travis/build/icyphy/ptII/ptolemy/actor/lib/test/auto/SubscriptionAggregator2.xml (RunModel)" time="0.01" />
  <testcase classname="ptolemy.util.test.junit.AutoTests" name="[354] /home/travis/build/icyphy/ptII/ptolemy/actor/lib/test/auto/SubscriptionAggregator3.xml (RunModel)" time="0.014" />
  <testcase classname="ptolemy.util.test.junit.AutoTests" name="[355] /home/travis/build/icyphy/ptII/ptolemy/actor/lib/test/auto/SubscriptionAggregatorMultiply.xml (RunModel)" time="0.023" />
  <testcase classname="ptolemy.util.test.junit.AutoTests" name="[356] /home/travis/build/icyphy/ptII/ptolemy/actor/lib/test/auto/SubscriptionAggregatorPortMultiply1.xml (RunModel)" time="0.012" />
  <testcase classname="ptolemy.util.test.junit.AutoTests" name="[357] /home/travis/build/icyphy/ptII/ptolemy/actor/lib/test/auto/Switch.xml (RunModel)" time="0.016" />
  <testcase classname="ptolemy.util.test.junit.AutoTests" name="[358] /home/travis/build/icyphy/ptII/ptolemy/actor/lib/test/auto/Switch2.xml (RunModel)" time="0.008" />
  <testcase classname="ptolemy.util.test.junit.AutoTests" name="[359] /home/travis/build/icyphy/ptII/ptolemy/actor/lib/test/auto/SwitchDE.xml (RunModel)" time="0.012" />
  <testcase classname="ptolemy.util.test.junit.AutoTests" name="[360] /home/travis/build/icyphy/ptII/ptolemy/actor/lib/test/auto/SynchronizerDE.xml (RunModel)" time="0.022" />
  <testcase classname="ptolemy.util.test.junit.AutoTests" name="[361] /home/travis/build/icyphy/ptII/ptolemy/actor/lib/test/auto/Test.xml (RunModel)" time="0.015" />
  <testcase classname="ptolemy.util.test.junit.AutoTests" name="[362] /home/travis/build/icyphy/ptII/ptolemy/actor/lib/test/auto/TestExceptionAttribute1.xml (RunModel)" time="0.006" />
  <testcase classname="ptolemy.util.test.junit.AutoTests" name="[363] /home/travis/build/icyphy/ptII/ptolemy/actor/lib/test/auto/TestExceptionAttribute2.xml (RunModel)" time="0.006" />
  <testcase classname="ptolemy.util.test.junit.AutoTests" name="[364] /home/travis/build/icyphy/ptII/ptolemy/actor/lib/test/auto/TestExceptionAttribute3.xml (RunModel)" time="0.008" />
  <testcase classname="ptolemy.util.test.junit.AutoTests" name="[365] /home/travis/build/icyphy/ptII/ptolemy/actor/lib/test/auto/TestExceptionAttribute4.xml (RunModel)" time="0.006" />
  <testcase classname="ptolemy.util.test.junit.AutoTests" name="[366] /home/travis/build/icyphy/ptII/ptolemy/actor/lib/test/auto/TestExceptionHandler1.xml (RunModel)" time="0.007" />
  <testcase classname="ptolemy.util.test.junit.AutoTests" name="[367] /home/travis/build/icyphy/ptII/ptolemy/actor/lib/test/auto/TestExceptionHandler2.xml (RunModel)" time="0.008" />
  <testcase classname="ptolemy.util.test.junit.AutoTests" name="[368] /home/travis/build/icyphy/ptII/ptolemy/actor/lib/test/auto/TestExceptionHandler3.xml (RunModel)" time="0.004" />
  <testcase classname="ptolemy.util.test.junit.AutoTests" name="[369] /home/travis/build/icyphy/ptII/ptolemy/actor/lib/test/auto/TestExceptionHandler4.xml (RunModel)" time="0.005" />
  <testcase classname="ptolemy.util.test.junit.AutoTests" name="[370] /home/travis/build/icyphy/ptII/ptolemy/actor/lib/test/auto/TestRequireCorrectOrder.xml (RunModel)" time="0.008" />
  <testcase classname="ptolemy.util.test.junit.AutoTests" name="[371] /home/travis/build/icyphy/ptII/ptolemy/actor/lib/test/auto/TestSimple.xml (RunModel)" time="0.007" />
  <testcase classname="ptolemy.util.test.junit.AutoTests" name="[372] /home/travis/build/icyphy/ptII/ptolemy/actor/lib/test/auto/ThrowModelError.xml (RunModel)" time="0.008" />
  <testcase classname="ptolemy.util.test.junit.AutoTests" name="[373] /home/travis/build/icyphy/ptII/ptolemy/actor/lib/test/auto/TimeDelayMicrosteps.xml (RunModel)" time="0.013" />
  <testcase classname="ptolemy.util.test.junit.AutoTests" name="[374] /home/travis/build/icyphy/ptII/ptolemy/actor/lib/test/auto/TimeDelayMicrosteps2.xml (RunModel)" time="0.012" />
  <testcase classname="ptolemy.util.test.junit.AutoTests" name="[375] /home/travis/build/icyphy/ptII/ptolemy/actor/lib/test/auto/TimeDelayMicrosteps3.xml (RunModel)" time="0.01" />
  <testcase classname="ptolemy.util.test.junit.AutoTests" name="[376] /home/travis/build/icyphy/ptII/ptolemy/actor/lib/test/auto/TimeDelayVariableMicrosteps.xml (RunModel)" time="0.01" />
  <testcase classname="ptolemy.util.test.junit.AutoTests" name="[377] /home/travis/build/icyphy/ptII/ptolemy/actor/lib/test/auto/TimeGap.xml (RunModel)" time="0.013" />
  <testcase classname="ptolemy.util.test.junit.AutoTests" name="[378] /home/travis/build/icyphy/ptII/ptolemy/actor/lib/test/auto/TimeGap2.xml (RunModel)" time="0.009" />
  <testcase classname="ptolemy.util.test.junit.AutoTests" name="[379] /home/travis/build/icyphy/ptII/ptolemy/actor/lib/test/auto/TimedSinewave.xml (RunModel)" time="0.042" />
  <testcase classname="ptolemy.util.test.junit.AutoTests" name="[380] /home/travis/build/icyphy/ptII/ptolemy/actor/lib/test/auto/TimedSinewavePhase.xml (RunModel)" time="0.035" />
  <testcase classname="ptolemy.util.test.junit.AutoTests" name="[381] /home/travis/build/icyphy/ptII/ptolemy/actor/lib/test/auto/Timer.xml (RunModel)" time="0.013" />
  <testcase classname="ptolemy.util.test.junit.AutoTests" name="[382] /home/travis/build/icyphy/ptII/ptolemy/actor/lib/test/auto/TriangularDistTestModel.xml (RunModel)" time="0.014" />
  <testcase classname="ptolemy.util.test.junit.AutoTests" name="[383] /home/travis/build/icyphy/ptII/ptolemy/actor/lib/test/auto/TrigFunction.xml (RunModel)" time="0.009" />
  <testcase classname="ptolemy.util.test.junit.AutoTests" name="[384] /home/travis/build/icyphy/ptII/ptolemy/actor/lib/test/auto/TrigFunctionDE.xml (RunModel)" time="0.009" />
  <testcase classname="ptolemy.util.test.junit.AutoTests" name="[385] /home/travis/build/icyphy/ptII/ptolemy/actor/lib/test/auto/TrigFunctionInverse.xml (RunModel)" time="0.007" />
  <testcase classname="ptolemy.util.test.junit.AutoTests" name="[386] /home/travis/build/icyphy/ptII/ptolemy/actor/lib/test/auto/TrigFunctionTan.xml (RunModel)" time="0.005" />
  <testcase classname="ptolemy.util.test.junit.AutoTests" name="[387] /home/travis/build/icyphy/ptII/ptolemy/actor/lib/test/auto/TriggeredClock.xml (RunModel)" time="0.007" />
  <testcase classname="ptolemy.util.test.junit.AutoTests" name="[388] /home/travis/build/icyphy/ptII/ptolemy/actor/lib/test/auto/URLDirectoryReader.xml (RunModel)" time="0.106" />
  <testcase classname="ptolemy.util.test.junit.AutoTests" name="[389] /home/travis/build/icyphy/ptII/ptolemy/actor/lib/test/auto/URLDirectoryReader3.xml (RunModel)" time="1.321" />
  <testcase classname="ptolemy.util.test.junit.AutoTests" name="[390] /home/travis/build/icyphy/ptII/ptolemy/actor/lib/test/auto/UnaryMathFunction.xml (RunModel)" time="0.029" />
  <testcase classname="ptolemy.util.test.junit.AutoTests" name="[391] /home/travis/build/icyphy/ptII/ptolemy/actor/lib/test/auto/Uniform.xml (RunModel)" time="0.009" />
  <testcase classname="ptolemy.util.test.junit.AutoTests" name="[392] /home/travis/build/icyphy/ptII/ptolemy/actor/lib/test/auto/UnionDisassemblerTest.xml (RunModel)" time="0.019" />
  <testcase classname="ptolemy.util.test.junit.AutoTests" name="[393] /home/travis/build/icyphy/ptII/ptolemy/actor/lib/test/auto/UtilityFunctions.xml (RunModel)" time="0.008" />
  <testcase classname="ptolemy.util.test.junit.AutoTests" name="[394] /home/travis/build/icyphy/ptII/ptolemy/actor/lib/test/auto/VariableSleep.xml (RunModel)" time="0.51" />
  <testcase classname="ptolemy.util.test.junit.AutoTests" name="[395] /home/travis/build/icyphy/ptII/ptolemy/actor/lib/test/auto/VectorAssemblerDisassemblerCT.xml (RunModel)" time="0.102" />
  <testcase classname="ptolemy.util.test.junit.AutoTests" name="[396] /home/travis/build/icyphy/ptII/ptolemy/actor/lib/test/auto/VectorAssemblerDisassemblerDE.xml (RunModel)" time="0.012" />
  <testcase classname="ptolemy.util.test.junit.AutoTests" name="[397] /home/travis/build/icyphy/ptII/ptolemy/actor/lib/test/auto/VectorAssemblerDisassemblerSDF.xml (RunModel)" time="0.01" />
  <testcase classname="ptolemy.util.test.junit.AutoTests" name="[398] /home/travis/build/icyphy/ptII/ptolemy/actor/lib/test/auto/WallClockTime.xml (RunModel)" time="1.011" />
  <testcase classname="ptolemy.util.test.junit.AutoTests" name="[399] /home/travis/build/icyphy/ptII/ptolemy/actor/lib/test/auto/WidthTestWithSubscriberPublisher.xml (RunModel)" time="0.036" />
  <testcase classname="ptolemy.util.test.junit.AutoTests" name="[400] /home/travis/build/icyphy/ptII/ptolemy/actor/lib/test/auto/WidthTestWithSubscriberPublisher2.xml (RunModel)" time="0.013" />
  <testcase classname="ptolemy.util.test.junit.AutoTests" name="[401] /home/travis/build/icyphy/ptII/ptolemy/actor/lib/test/auto/WidthTestWithSubscriberPublisher3.xml (RunModel)" time="0.01" />
  <testcase classname="ptolemy.util.test.junit.AutoTests" name="[402] /home/travis/build/icyphy/ptII/ptolemy/actor/lib/test/auto/Writer.xml (RunModel)" time="0.006" />
  <testcase classname="ptolemy.util.test.junit.AutoTests" name="[403] /home/travis/build/icyphy/ptII/ptolemy/actor/lib/test/auto/array.xml (RunModel)" time="0.007" />
  <testcase classname="ptolemy.util.test.junit.AutoTests" name="[404] /home/travis/build/icyphy/ptII/ptolemy/actor/lib/test/auto/array2.xml (RunModel)" time="0.016" />
  <testcase classname="ptolemy.util.test.junit.AutoTests" name="[405] /home/travis/build/icyphy/ptII/ptolemy/actor/lib/test/auto/arrayType.xml (RunModel)" time="0.008" />
  <testcase classname="ptolemy.util.test.junit.AutoTests" name="[406] /home/travis/build/icyphy/ptII/ptolemy/actor/lib/test/auto/arrayType10.xml (RunModel)" time="0.006" />
  <testcase classname="ptolemy.util.test.junit.AutoTests" name="[407] /home/travis/build/icyphy/ptII/ptolemy/actor/lib/test/auto/arrayType11.xml (RunModel)" time="0.007" />
  <testcase classname="ptolemy.util.test.junit.AutoTests" name="[408] /home/travis/build/icyphy/ptII/ptolemy/actor/lib/test/auto/arrayType12.xml (RunModel)" time="0.006" />
  <testcase classname="ptolemy.util.test.junit.AutoTests" name="[409] /home/travis/build/icyphy/ptII/ptolemy/actor/lib/test/auto/arrayType13.xml (RunModel)" time="0.006" />
  <testcase classname="ptolemy.util.test.junit.AutoTests" name="[410] /home/travis/build/icyphy/ptII/ptolemy/actor/lib/test/auto/arrayType14.xml (RunModel)" time="0.007" />
  <testcase classname="ptolemy.util.test.junit.AutoTests" name="[411] /home/travis/build/icyphy/ptII/ptolemy/actor/lib/test/auto/arrayType15.xml (RunModel)" time="0.007" />
  <testcase classname="ptolemy.util.test.junit.AutoTests" name="[412] /home/travis/build/icyphy/ptII/ptolemy/actor/lib/test/auto/arrayType16.xml (RunModel)" time="0.007" />
  <testcase classname="ptolemy.util.test.junit.AutoTests" name="[413] /home/travis/build/icyphy/ptII/ptolemy/actor/lib/test/auto/arrayType17.xml (RunModel)" time="0.007" />
  <testcase classname="ptolemy.util.test.junit.AutoTests" name="[414] /home/travis/build/icyphy/ptII/ptolemy/actor/lib/test/auto/arrayType18.xml (RunModel)" time="0.007" />
  <testcase classname="ptolemy.util.test.junit.AutoTests" name="[415] /home/travis/build/icyphy/ptII/ptolemy/actor/lib/test/auto/arrayType19.xml (RunModel)" time="0.007" />
  <testcase classname="ptolemy.util.test.junit.AutoTests" name="[416] /home/travis/build/icyphy/ptII/ptolemy/actor/lib/test/auto/arrayType2.xml (RunModel)" time="0.007" />
  <testcase classname="ptolemy.util.test.junit.AutoTests" name="[417] /home/travis/build/icyphy/ptII/ptolemy/actor/lib/test/auto/arrayType20.xml (RunModel)" time="0.007" />
  <testcase classname="ptolemy.util.test.junit.AutoTests" name="[418] /home/travis/build/icyphy/ptII/ptolemy/actor/lib/test/auto/arrayType21.xml (RunModel)" time="0.006" />
  <testcase classname="ptolemy.util.test.junit.AutoTests" name="[419] /home/travis/build/icyphy/ptII/ptolemy/actor/lib/test/auto/arrayType22.xml (RunModel)" time="0.006" />
  <testcase classname="ptolemy.util.test.junit.AutoTests" name="[420] /home/travis/build/icyphy/ptII/ptolemy/actor/lib/test/auto/arrayType23.xml (RunModel)" time="0.007" />
  <testcase classname="ptolemy.util.test.junit.AutoTests" name="[421] /home/travis/build/icyphy/ptII/ptolemy/actor/lib/test/auto/arrayType24.xml (RunModel)" time="0.007" />
  <testcase classname="ptolemy.util.test.junit.AutoTests" name="[422] /home/travis/build/icyphy/ptII/ptolemy/actor/lib/test/auto/arrayType25.xml (RunModel)" time="0.006" />
  <testcase classname="ptolemy.util.test.junit.AutoTests" name="[423] /home/travis/build/icyphy/ptII/ptolemy/actor/lib/test/auto/arrayType26.xml (RunModel)" time="0.006" />
  <testcase classname="ptolemy.util.test.junit.AutoTests" name="[424] /home/travis/build/icyphy/ptII/ptolemy/actor/lib/test/auto/arrayType27.xml (RunModel)" time="0.006" />
  <testcase classname="ptolemy.util.test.junit.AutoTests" name="[425] /home/travis/build/icyphy/ptII/ptolemy/actor/lib/test/auto/arrayType28.xml (RunModel)" time="0.008" />
  <testcase classname="ptolemy.util.test.junit.AutoTests" name="[426] /home/travis/build/icyphy/ptII/ptolemy/actor/lib/test/auto/arrayType3.xml (RunModel)" time="0.008" />
  <testcase classname="ptolemy.util.test.junit.AutoTests" name="[427] /home/travis/build/icyphy/ptII/ptolemy/actor/lib/test/auto/arrayType4.xml (RunModel)" time="0.006" />
  <testcase classname="ptolemy.util.test.junit.AutoTests" name="[428] /home/travis/build/icyphy/ptII/ptolemy/actor/lib/test/auto/arrayType5.xml (RunModel)" time="0.006" />
  <testcase classname="ptolemy.util.test.junit.AutoTests" name="[429] /home/travis/build/icyphy/ptII/ptolemy/actor/lib/test/auto/arrayType6.xml (RunModel)" time="0.006" />
  <testcase classname="ptolemy.util.test.junit.AutoTests" name="[430] /home/travis/build/icyphy/ptII/ptolemy/actor/lib/test/auto/arrayType7.xml (RunModel)" time="0.021" />
  <testcase classname="ptolemy.util.test.junit.AutoTests" name="[431] /home/travis/build/icyphy/ptII/ptolemy/actor/lib/test/auto/arrayType8.xml (RunModel)" time="0.008" />
  <testcase classname="ptolemy.util.test.junit.AutoTests" name="[432] /home/travis/build/icyphy/ptII/ptolemy/actor/lib/test/auto/arrayType9.xml (RunModel)" time="0.006" />
  <testcase classname="ptolemy.util.test.junit.AutoTests" name="[433] /home/travis/build/icyphy/ptII/ptolemy/actor/lib/test/auto/cast.xml (RunModel)" time="0.007" />
  <testcase classname="ptolemy.util.test.junit.AutoTests" name="[434] /home/travis/build/icyphy/ptII/ptolemy/actor/lib/test/auto/compositeMultiPort.xml (RunModel)" time="0.015" />
  <testcase classname="ptolemy.util.test.junit.AutoTests" name="[435] /home/travis/build/icyphy/ptII/ptolemy/actor/lib/test/auto/expressionCastInference.xml (RunModel)" time="0.007" />
  <testcase classname="ptolemy.util.test.junit.AutoTests" name="[436] /home/travis/build/icyphy/ptII/ptolemy/actor/lib/test/auto/expressionCastInference2.xml (RunModel)" time="0.007" />
  <testcase classname="ptolemy.util.test.junit.AutoTests" name="[437] /home/travis/build/icyphy/ptII/ptolemy/actor/lib/test/auto/expressionInference.xml (RunModel)" time="0.005" />
  <testcase classname="ptolemy.util.test.junit.AutoTests" name="[438] /home/travis/build/icyphy/ptII/ptolemy/actor/lib/test/auto/expression_bug.xml (RunModel)" time="0.006" />
  <testcase classname="ptolemy.util.test.junit.AutoTests" name="[439] /home/travis/build/icyphy/ptII/ptolemy/actor/lib/test/auto/factorial.xml (RunModel)" time="0.05" />
  <testcase classname="ptolemy.util.test.junit.AutoTests" name="[440] /home/travis/build/icyphy/ptII/ptolemy/actor/lib/test/auto/filterTest1.xml (RunModel)" time="0.012" />
  <testcase classname="ptolemy.util.test.junit.AutoTests" name="[441] /home/travis/build/icyphy/ptII/ptolemy/actor/lib/test/auto/funcApplyInConst.xml (RunModel)" time="0.005" />
  <testcase classname="ptolemy.util.test.junit.AutoTests" name="[442] /home/travis/build/icyphy/ptII/ptolemy/actor/lib/test/auto/funcApplyInExpr.xml (RunModel)" time="0.004" />
  <testcase classname="ptolemy.util.test.junit.AutoTests" name="[443] /home/travis/build/icyphy/ptII/ptolemy/actor/lib/test/auto/function.xml (RunModel)" time="0.082" />
  <testcase classname="ptolemy.util.test.junit.AutoTests" name="[444] /home/travis/build/icyphy/ptII/ptolemy/actor/lib/test/auto/function2.xml (RunModel)" time="0.016" />
  <testcase classname="ptolemy.util.test.junit.AutoTests" name="[445] /home/travis/build/icyphy/ptII/ptolemy/actor/lib/test/auto/function3.xml (RunModel)" time="0.037" />
  <testcase classname="ptolemy.util.test.junit.AutoTests" name="[446] /home/travis/build/icyphy/ptII/ptolemy/actor/lib/test/auto/functionClosureTest1.xml (RunModel)" time="0.032" />
  <testcase classname="ptolemy.util.test.junit.AutoTests" name="[447] /home/travis/build/icyphy/ptII/ptolemy/actor/lib/test/auto/functionClosureTest2.xml (RunModel)" time="0.025" />
  <testcase classname="ptolemy.util.test.junit.AutoTests" name="[448] /home/travis/build/icyphy/ptII/ptolemy/actor/lib/test/auto/functionClosureTest3.xml (RunModel)" time="0.045" />
  <testcase classname="ptolemy.util.test.junit.AutoTests" name="[449] /home/travis/build/icyphy/ptII/ptolemy/actor/lib/test/auto/functionClosureTest4.xml (RunModel)" time="0.045" />
  <testcase classname="ptolemy.util.test.junit.AutoTests" name="[450] /home/travis/build/icyphy/ptII/ptolemy/actor/lib/test/auto/functionClosureTest5.xml (RunModel)" time="0.025" />
  <testcase classname="ptolemy.util.test.junit.AutoTests" name="[451] /home/travis/build/icyphy/ptII/ptolemy/actor/lib/test/auto/functionClosureTest6.xml (RunModel)" time="0.009" />
  <testcase classname="ptolemy.util.test.junit.AutoTests" name="[452] /home/travis/build/icyphy/ptII/ptolemy/actor/lib/test/auto/functionsOnArcs.xml (RunModel)" time="0.008" />
  <testcase classname="ptolemy.util.test.junit.AutoTests" name="[453] /home/travis/build/icyphy/ptII/ptolemy/actor/lib/test/auto/functionsOnArcsHOF.xml (RunModel)" time="0.009" />
  <testcase classname="ptolemy.util.test.junit.AutoTests" name="[454] /home/travis/build/icyphy/ptII/ptolemy/actor/lib/test/auto/logic.xml (RunModel)" time="0.014" />
  <testcase classname="ptolemy.util.test.junit.AutoTests" name="[455] /home/travis/build/icyphy/ptII/ptolemy/actor/lib/test/auto/matrixType.xml (RunModel)" time="0.007" />
  <testcase classname="ptolemy.util.test.junit.AutoTests" name="[456] /home/travis/build/icyphy/ptII/ptolemy/actor/lib/test/auto/matrixType10.xml (RunModel)" time="0.007" />
  <testcase classname="ptolemy.util.test.junit.AutoTests" name="[457] /home/travis/build/icyphy/ptII/ptolemy/actor/lib/test/auto/matrixType11.xml (RunModel)" time="0.007" />
  <testcase classname="ptolemy.util.test.junit.AutoTests" name="[458] /home/travis/build/icyphy/ptII/ptolemy/actor/lib/test/auto/matrixType12.xml (RunModel)" time="0.007" />
  <testcase classname="ptolemy.util.test.junit.AutoTests" name="[459] /home/travis/build/icyphy/ptII/ptolemy/actor/lib/test/auto/matrixType13.xml (RunModel)" time="0.006" />
  <testcase classname="ptolemy.util.test.junit.AutoTests" name="[460] /home/travis/build/icyphy/ptII/ptolemy/actor/lib/test/auto/matrixType14.xml (RunModel)" time="0.007" />
  <testcase classname="ptolemy.util.test.junit.AutoTests" name="[461] /home/travis/build/icyphy/ptII/ptolemy/actor/lib/test/auto/matrixType2.xml (RunModel)" time="0.007" />
  <testcase classname="ptolemy.util.test.junit.AutoTests" name="[462] /home/travis/build/icyphy/ptII/ptolemy/actor/lib/test/auto/matrixType3.xml (RunModel)" time="0.009" />
  <testcase classname="ptolemy.util.test.junit.AutoTests" name="[463] /home/travis/build/icyphy/ptII/ptolemy/actor/lib/test/auto/matrixType4.xml (RunModel)" time="0.007" />
  <testcase classname="ptolemy.util.test.junit.AutoTests" name="[464] /home/travis/build/icyphy/ptII/ptolemy/actor/lib/test/auto/matrixType5.xml (RunModel)" time="0.006" />
  <testcase classname="ptolemy.util.test.junit.AutoTests" name="[465] /home/travis/build/icyphy/ptII/ptolemy/actor/lib/test/auto/matrixType6.xml (RunModel)" time="0.005" />
  <testcase classname="ptolemy.util.test.junit.AutoTests" name="[466] /home/travis/build/icyphy/ptII/ptolemy/actor/lib/test/auto/matrixType7.xml (RunModel)" time="0.006" />
  <testcase classname="ptolemy.util.test.junit.AutoTests" name="[467] /home/travis/build/icyphy/ptII/ptolemy/actor/lib/test/auto/matrixType8.xml (RunModel)" time="0.006" />
  <testcase classname="ptolemy.util.test.junit.AutoTests" name="[468] /home/travis/build/icyphy/ptII/ptolemy/actor/lib/test/auto/matrixType9.xml (RunModel)" time="0.006" />
  <testcase classname="ptolemy.util.test.junit.AutoTests" name="[469] /home/travis/build/icyphy/ptII/ptolemy/actor/lib/test/auto/paraFunctest.xml (RunModel)" time="0.005" />
  <testcase classname="ptolemy.util.test.junit.AutoTests" name="[470] /home/travis/build/icyphy/ptII/ptolemy/actor/lib/test/auto/paraFunctest2.xml (RunModel)" time="0.009" />
  <testcase classname="ptolemy.util.test.junit.AutoTests" name="[471] /home/travis/build/icyphy/ptII/ptolemy/actor/lib/test/auto/parameterPassing.xml (RunModel)" time="0.006" />
  <testcase classname="ptolemy.util.test.junit.AutoTests" name="[472] /home/travis/build/icyphy/ptII/ptolemy/actor/lib/test/auto/record.xml (RunModel)" time="0.007" />
  <testcase classname="ptolemy.util.test.junit.AutoTests" name="[473] /home/travis/build/icyphy/ptII/ptolemy/actor/lib/test/auto/sizedarray1.xml (RunModel)" time="0.007" />
  <testcase classname="ptolemy.util.test.junit.AutoTests" name="[474] /home/travis/build/icyphy/ptII/ptolemy/actor/lib/test/auto/sizedarray2.xml (RunModel)" time="0.007" />
  <testcase classname="ptolemy.util.test.junit.AutoTests" name="[475] /home/travis/build/icyphy/ptII/ptolemy/actor/lib/test/auto/twoPublishers.xml (RunModel)" time="0.021" />
  <system-out><![CDATA[/home/travis/build/icyphy/ptII/ptolemy/actor/lib/test/AbsoluteValue.tcl
testDefs.tcl: setting time out to 9000 seconds at Mon Jun 29 15:14:14 UTC 2020
87 ms. Memory: 129024K Free: 93128K (72%)
9 ms. Memory: 129024K Free: 91080K (71%)
9 ms. Memory: 129024K Free: 90056K (70%)
12 ms. Memory: 129024K Free: 89542K (69%)
/home/travis/build/icyphy/ptII/ptolemy/actor/lib/test/AddSubtract.tcl
17 ms. Memory: 129024K Free: 87479K (68%)
9 ms. Memory: 129024K Free: 86984K (67%)
15 ms. Memory: 129024K Free: 85960K (67%)
8 ms. Memory: 129024K Free: 85431K (66%)
74 ms. Memory: 129024K Free: 82374K (64%)
11 ms. Memory: 129024K Free: 81335K (63%)
/home/travis/build/icyphy/ptII/ptolemy/actor/lib/test/Average.tcl
7 ms. Memory: 129024K Free: 79816K (62%)
12 ms. Memory: 129024K Free: 78792K (61%)
/home/travis/build/icyphy/ptII/ptolemy/actor/lib/test/Bernoulli.tcl
4 ms. Memory: 129024K Free: 77247K (60%)
2 ms. Memory: 129024K Free: 76744K (59%)
/home/travis/build/icyphy/ptII/ptolemy/actor/lib/test/Clock.tcl
preinitializing
resolving types
initializing
executing number 1
wrapping up
idle
26 ms. Memory: 129024K Free: 74182K (57%)
Completed execution with 5 iterations
preinitializing
resolving types
initializing
executing number 1
wrapping up
idle
9 ms. Memory: 129024K Free: 73143K (57%)
Completed execution with 5 iterations
preinitializing
resolving types
initializing
executing number 1
wrapping up
idle
10 ms. Memory: 129024K Free: 72648K (56%)
Completed execution with 5 iterations
/home/travis/build/icyphy/ptII/ptolemy/actor/lib/test/Commutator.tcl
6 ms. Memory: 129024K Free: 70600K (55%)
5 ms. Memory: 129024K Free: 69576K (54%)
9 ms. Memory: 129024K Free: 63927K (50%)
/home/travis/build/icyphy/ptII/ptolemy/actor/lib/test/Const.tcl
4 ms. Memory: 129024K Free: 62408K (48%)
2 ms. Memory: 129024K Free: 61879K (48%)
5 ms. Memory: 129024K Free: 61384K (48%)
6 ms. Memory: 129024K Free: 60870K (47%)
3 ms. Memory: 129024K Free: 60360K (47%)
16 ms. Memory: 129024K Free: 58312K (45%)
4 ms. Memory: 129024K Free: 57288K (44%)
3 ms. Memory: 129024K Free: 56767K (44%)
/home/travis/build/icyphy/ptII/ptolemy/actor/lib/test/CurrentTime.tcl
preinitializing
resolving types
initializing
executing number 1
wrapping up
idle
15 ms. Memory: 129024K Free: 54711K (42%)
Completed execution with 11 iterations
/home/travis/build/icyphy/ptII/ptolemy/actor/lib/test/DB.tcl
8 ms. Memory: 129024K Free: 53192K (41%)
4 ms. Memory: 129024K Free: 52168K (40%)
1 ms. Memory: 129024K Free: 52168K (40%)
/home/travis/build/icyphy/ptII/ptolemy/actor/lib/test/DiscreteRandomSource.tcl
preinitializing
resolving types
initializing
executing number 1
wrapping up
idle
4 ms. Memory: 129024K Free: 50615K (39%)
Completed execution with 4 iterations
preinitializing
resolving types
initializing
executing number 1
wrapping up
idle
2 ms. Memory: 129024K Free: 50120K (39%)
Completed execution with 4 iterations
preinitializing
resolving types
initializing
executing number 1
wrapping up
idle
3 ms. Memory: 129024K Free: 49591K (38%)
Completed execution with 4 iterations
preinitializing
resolving types
initializing
executing number 1
wrapping up
idle
3 ms. Memory: 129024K Free: 49096K (38%)
Completed execution with 4 iterations
preinitializing
resolving types
initializing
executing number 1
wrapping up
idle
4 ms. Memory: 129024K Free: 48567K (38%)
Completed execution with 4 iterations
/home/travis/build/icyphy/ptII/ptolemy/actor/lib/test/Distributor.tcl
26 ms. Memory: 129024K Free: 113704K (88%)
13 ms. Memory: 129024K Free: 112703K (87%)
StreamChangeRequest.changeExecuted(): <deleteEntity name="rec2"/> succeeded
StreamChangeRequest.changeExecuted(): <deleteRelation name="r2"/> succeeded
StreamChangeRequest.changeExecuted(): Record firings per iteration succeeded
7 ms. Memory: 129024K Free: 110632K (86%)
/home/travis/build/icyphy/ptII/ptolemy/actor/lib/test/Exit.tcl
Exit.tcl: this will print a message about Manager.exitAfterWrapup, which can be ignored.
8 ms. Memory: 129024K Free: 107061K (83%)
/home/travis/build/icyphy/ptII/ptolemy/actor/lib/test/Expression.tcl
17 ms. Memory: 129024K Free: 103517K (80%)
3 ms. Memory: 129024K Free: 102447K (79%)
2 ms. Memory: 129024K Free: 101932K (79%)
preinitializing
resolving types
initializing
executing number 1
wrapping up
idle
4 ms. Memory: 129024K Free: 100399K (78%)
Completed execution with 6 iterations
3 ms. Memory: 129024K Free: 99383K (77%)
8 ms. Memory: 129024K Free: 98860K (77%)
7 ms. Memory: 129024K Free: 97828K (76%)
7 ms. Memory: 129024K Free: 96327K (75%)
5 ms. Memory: 129024K Free: 95287K (74%)
/home/travis/build/icyphy/ptII/ptolemy/actor/lib/test/Gaussian.tcl
10 ms. Memory: 129024K Free: 93239K (72%)
sleeping 1 seconds: ................................................................................................................................................................................................................................................................................................................................................................................................................................................................................................................................................................................................................................................................................................................................................................................................................................................................................................................................................................................................................................................................................................................................................................................................................................................................................................................................................................................................................................................................................................................................................................................................................................................................................................................................................................................................................................................................................................................................................................................................................................................................................................................................................................................................................................................................................................................................................................................................................................................................................................................................................................................................................................................................................................................................................................................................................................................................................................................................................................................................................................................................................................................................................................................................................................................................................................................................................................................................................................................................................................................................................................................................................................................................................................................................................................................................................................................................................................................................................................................................................................................................................................................................................................................................................................................................................................................................................................................................................................................................................................................................................................................................................................................................................................................................................................................................................................................................................................................................................................................................................................................................................................................................................................................................................................................................................................................................................................................................................................................................................................................................................................................................................................................................................................................................................................................................................................................................................................................................................................................................................................................................................................................................................................................................................................................................................................................................................................................................................................................................................................................................................................................................................................................................................................................................................................................................................................................................................................................................................................................................................................................................................................................................................................................................................................................................................................................................................................................................................................................................................................................................................................................................................................................................................................................................................................................................................................................................................................................................................................................................................................................................................................................................................................................................................................................................................................................................................................................................................................................................................................................................................................................................................................................................................................................................................................................................................................................................................................................................................................................................................................................................................................................................................................................................................................................................................................................................................................................................................................................................................................................................................................................................................................................................................................................................................................................................................................................................................................................................................................................................................................................................................................................................................................................................................................................................................................................................................................................................................................................................................................................................................................................................................................................................................................................................................................................................................................................................................................................................................................................................................................................................................................................................................................................................................................................................................................................................................................................................................................................................................................................................................................................................................................................................................................................................................................................................................................................................................................................................................................................................................................................................................................................................................................................................................................................................................................................................................................................................................................................................................................................................................................................................................................................................................................................................................................................................................................................................................................................................................................................................................................................................................................................................................................................................................................................................................................................................................................................................................................................................................................................................................................................................................................................................................................................................................................................................................................................................................................................................................................................................................................................................................................................................................................................................................................................................................................................................................................................................................................................................................................................................................................................................................................................................................................................................................................................................................................................................................................................................................................................................................................................................................................................................................................................................................................................................................................................................................................................................................................................................................................................................................................................................................................................................................................................................................................................................................................................................................................................................................................................................................................................................................................................................................................................................................................................................................................................................................................................................................................................................................................................................................................................................................................................................................................................................................................................................................................................................................................................................................................................................................................................................................................................................................................................................................................................................................................................................................................................................................................................................................................................................................................................................................................................................................................................................................................................................................................................................................................................................................................................................................................................................................................................................................................................................................................................................................................................................................................................................................................................................................................................................................................................................................................................................................................................................................................................................................................................................................................................................................................................................................................................................................................................................................................................................................................................................................................................................................................................................................................................................................................................................................................................................................................................................................................................................................................................................................................................................................................................................................................................................................................................................................................................................................................................................................................................................................................................................................................................................................................................................................................................................................................................................................................................................................................................................................................................................................................................................................................................................................................................................................................................................................................................................................................................................................................................................................................................................................................................................................................................................................................................................................................................................................................................................................................................................................................................................................................................................................................................................................................................................................................................................................................................................................................................................................................................................................................................................................................................................................................................................................................................................................................................................................................................................................................................................................................................................................................................................................................................................................................................................................................................................................................................................................................................................................................................................................................................................................................................................................................................................................................................................................................................................................................................................................................................................................................................................................................................................................................................................................................................................................................................................................................................................................................................................................................................................................................................................................................................................................................................................................................................................................................................................................................................................................................................................................................................................................................................................................................................................................................................................................................................................................................................................................................................................................................................................................................................................................................................................................................................................................................................................................................................................................................................................................................................................................................................................................................................................................................................................................................................................................................................................................................................................................................................................................................................................................................................................................................................................................................................................................................................................................................................................................................................................................................................................................................................................................................................................................................................................................................................................................................................................................................................................................................................................................................................................................................................................................................................................................................................................................................................................................................................................................................................................................................................................................................................................................................................................................................................................................................................................................................................................................................................................................................................................................................................................................................................................................................................................................................................................................................................................................................................................................................................................................................................................................................................................................................................................................................................................................................................................................................................................................................................................................................................................................................................................................................................................................................................................................................................................................................................................................................................................................................................................................................................................................................................................................................................................................................................................................................................................................................................................................................................................................................................................................................................................................................................................................................................................................................................................................................................................................................................................................................................................................................................................................................................................................................................................................................................................................................................................................................................................................................................................................................................................................................................................................................................................................................................................................................................................................................................................................................................................................................................................................................................................................................................................................................................................................................................................................................................................................................................................................................................................................................................................................................................................................................................................................................................................................................................................................................................................................................................................................................................................................................................................................................................................................................................................................................................................................................................................................................................................................................................................................................................................................................................................................................................................................................................................................................................................................................................................................................................................................................................................................................................................................................................................................................................................................................................................................................................................................................................................................................................................................................................................................................................................................................................................................................................................................................................................................................................................................................................................................................................................................................................................................................................................................................................................................................................................................................................................................................................................................................................................................................................................................................................................................................................................................................................................................................................................................................................................................................................................................................................................................................................................................................................................................................................................................................................................................................................................................................................................................................................................................................................................................................................................................................................................................................................................................................................................................................................................................................................................................................................................................................................................................................................................................................................................................................................................................................................................................................................................................................................................................................................................................................................................................................................................................................................................................................................................................................................................................................................................................................................................................................................................................................................................................................................................................................................................................................................................................................................................................................................................................................................................................................................................................................................................................................................................................................................................................................................................................................................................................................................................................................................................................................................................................................................................................................................................................................................................................................................................................................................................................................................................................................................................................................................................................................................................................................................................................................................................................................................................................................................................................................................................................................................................................................................................................................................................................................................................................................................................................................................................................................................................................................................................................................................................................................................................................................................................................................................................................................................................................................................................................................................................................................................................................................................................................................................................................................................................................................................................................................................................................................................................................................................................................................................................................................................................................................................................................................................................................................................................................................................................................................................................................................................................................................................................................................................................................................................................................................................................................................................................................................................................................................................................................................................................................................................................................................................................................................................................................................................................................................................................................................................................................................................................................................................................................................................................................................................................................................................................................................................................................................................................................................................................................................................................................................................................................................................................................................................................................................................................................................................................................................................................................................................................................................................................................................................................................................................................................................................................................................................................................................................................................................................................................................................................................................................................................................................................................................................................................................................................................................................................................................................................................................................................................................................................................................................................................................................................................................................................................................................................................................................................................................................................................................................................................................................................................................................................................................................................................................................................................................................................................................................................................................................................................................................................................................................................................................................................................................................................................................................................................................................................................................................................................................................................................................................................................................................................................................................................................................................................................................................................................................................................................................................................................................................................................................................................................................................................................................................................................................................................................................................................................................................................................................................................................................................................................................................................................................................................................................................................................................................................................................................................................................................................................................................................................................................................................................................................................................................................................................................................................................................................................................................................................................................................................................................................................................................................................................................................................................................................................................................................................................................................................................................................................................................................................................................................................................................................................................................................................................................................................................................................................................................................................................................................................................................................................................................................................................................................................................................................................................................................................................................................................................................................................................................................................................................................................................................................................................................................................................................................................................................................................................................................................................................................................................................................................................................................................................................................................................................................................................................................................................................................................................................................................................................................................................................................................................................................................................................................................................................................................................................................................................................................................................................................................................................................................................................................................................................................................................................................................................................................................................................................................................................................................................................................................................................................................................................................................................................................................................................................................................................................................................................................................................................................................................................................................................................................................................................................................................................................................................................................................................................................................................................................................................................................................................................................................................................................................................................................................................................................................................................................................................................................................................................................................................................................................................................................................................................................................................................................................................................................................................................................................................................................................................................................................................................................................................................................................................................................................................................................................................................................................................................................................................................................................................................................................................................................................................................................................................................................................................................................................................................................................................................................................................................................................................................................................................................................................................................................................................................................................................................................................................................................................................................................................................................................................................................................................................................................................................................................................................................................................................................................................................................................................................................................................................................................................................................................................................................................................................................................................................................................................................................................................................................................................................................................................................................................................................................................................................................................................................................................................................................................................................................................................................................................................................................................................................................................................................................................................................................................................................................................................................................................................................................................................................................................................................................................................................................................................................................................................................................................................................................................................................................................................................................................................................................................................................................................................................................................................................................................................................................................................................................................................................................................................................................................................................................................................................................................................................................................................................................................................................................................................................................................................................................................................................................................................................................................................................................................................................................................................................................................................................................................................................................................................................................................................................................................................................................................................................................................................................................................................................................................................................................................................................................................................................................................................................................................................................................................................................................................................................................................................................................................................................................................................................................................................................................................................................................................................................................................................................................................................................................................................................................................................................................................................................................................................................................................................................................................................................................................................................................................................................................................................................................................................................................................................................................................................................................................................................................................................................................................................................................................................................................................................................................................................................................................................................................................................................................................................................................................................................................................................................................................................................................................................................................................................................................................................................................................................................................................................................................................................................................................................................................................................................................................................................................................................................................................................................................................................................................................................................................................................................................................................................................................................................................................................................................................................................................................................................................................................................................................................................................................................................................................................................................................................................................................................................................................................................................................................................................................................................................................................................................................................................................................................................................................................................................................................................................................................................................................................................................................................................................................................................................................................................................................................................................................................................................................................................................................................................................................................................................................................................................................................................................................................................................................................................................................................................................................................................................................................................................................................................................................................................................................................................................................................................................................................................................................................................................................................................................................................................................................................................................................................................................................................................................................................................................................................................................................................................................................................................................................................................................................................................................................................................................................................................................................................................................................................................................................................................................................................................................................................................................................................................................................................................................................................................................................................................................................................................................................................................................................................................................................................................................................................................................................................................................................................................................................................................................................................................................................................................................................................................................................................................................................................................................................................................................................................................................................................................................................................................................................................................................................................................................................................................................................................................................................................................................................................................................................................................................................................................................................................................................................................................................................................................................................................................................................................................................................................................................................................................................................................................................................................................................................................................................................................................................................................................................................................................................................................................................................................................................................................................................................................................................................................................................................................................................................................................................................................................................................................................................................................................................................................................................................................................................................................................................................................................................................................................................................................................................................................................................................................................................................................................................................................................................................................................................................................................................................................................................................................................................................................................................................................................................................................................................................................................................................................................................................................................................................................................................................................................................................................................................................................................................................................................................................................................................................................................................................................................................................................................................................................................................................................................................................................................................................................................................................................................................................................................................................................................................................................................................................................................................................................................................................................................................................................................................................................................................................................................................................................................................................................................................................................................................................................................................................................................................................................................................................................................................................................................................................................................................................................................................................................................................................................................................................................................................................................................................................................................................................................................................................................................................................................................................................................................................................................................................................................................................................................................................................................................................................................................................................................................................................................................................................................................................................................................................................................................................................................................................................................................................................................................................................................................................................................................................................................................................................................................................................................................................................................................................................................................................................................................................................................................................................................................................................................................................................................................................................................................................................................................................................................................................................................................................................................................................................................................................................................................................................................................................................................................................................................................................................................................................................................................................................................................................................................................................................................................................................................................................................................................................................................................................................................................................................................................................................................................................2 ms. Memory: 129024K Free: 84397K (65%)
2 ms. Memory: 129024K Free: 83373K (65%)
1 ms. Memory: 129024K Free: 82828K (64%)
2 ms. Memory: 129024K Free: 82349K (64%)
1 ms. Memory: 129024K Free: 81820K (63%)
/home/travis/build/icyphy/ptII/ptolemy/actor/lib/test/IIR.tcl
/home/travis/build/icyphy/ptII/ptolemy/actor/lib/test/Interpolator.tcl
3 ms. Memory: 129024K Free: 77724K (60%)
2 ms. Memory: 129024K Free: 77229K (60%)
1 ms. Memory: 129024K Free: 76715K (59%)
1 ms. Memory: 129024K Free: 76205K (59%)
2 ms. Memory: 129024K Free: 75181K (58%)
14 ms. Memory: 129024K Free: 74667K (58%)
2 ms. Memory: 129024K Free: 73612K (57%)
2 ms. Memory: 129024K Free: 72588K (56%)
2 ms. Memory: 129024K Free: 72109K (56%)
2 ms. Memory: 129024K Free: 71085K (55%)
/home/travis/build/icyphy/ptII/ptolemy/actor/lib/test/MathFunction.tcl
4 ms. Memory: 129024K Free: 69037K (54%)
3 ms. Memory: 129024K Free: 67468K (52%)
2 ms. Memory: 129024K Free: 66475K (52%)
1 ms. Memory: 129024K Free: 65965K (51%)
3 ms. Memory: 129024K Free: 64427K (50%)
5 ms. Memory: 129024K Free: 62379K (48%)
/home/travis/build/icyphy/ptII/ptolemy/actor/lib/test/Maximum.tcl
3 ms. Memory: 129024K Free: 60845K (47%)
2 ms. Memory: 129024K Free: 59821K (46%)
2 ms. Memory: 129024K Free: 59300K (46%)
2 ms. Memory: 129024K Free: 58797K (46%)
/home/travis/build/icyphy/ptII/ptolemy/actor/lib/test/Minimum.tcl
8 ms. Memory: 129024K Free: 56749K (44%)
3 ms. Memory: 129024K Free: 56220K (44%)
2 ms. Memory: 129024K Free: 55725K (43%)
3 ms. Memory: 129024K Free: 55196K (43%)
/home/travis/build/icyphy/ptII/ptolemy/actor/lib/test/MultiplyDivide.tcl
4 ms. Memory: 129024K Free: 53132K (41%)
3 ms. Memory: 129024K Free: 52139K (40%)
3 ms. Memory: 129024K Free: 51629K (40%)
2 ms. Memory: 129024K Free: 51100K (40%)
2 ms. Memory: 129024K Free: 50076K (39%)
/home/travis/build/icyphy/ptII/ptolemy/actor/lib/test/OrderedMerge.tcl
Connections changed on port: inputA
Connections changed on port: inputB
Connections changed on port: output
Connections changed on port: output
Connections changed on port: output
Connections changed on port: input
.top. Preinitializing ...
Invoking preinitialize():  .top.OrderedMerge
Called preinitialize()
Invoking preinitialize():  .top.Ramp
Called preinitialize()
Invoking preinitialize():  .top.Ramp2
Called preinitialize()
Invoking preinitialize():  .top.Test
Called preinitialize()
Connections changed on port: inputA
Connections changed on port: output
Connections changed on port: output
Connections changed on port: input
Connections changed on port: inputB
Connections changed on port: output
.top. Finished preinitialize().
Called initialize().
Invoking initialize():  .top.OrderedMerge
Initializing actor: .top.OrderedMerge
Adding a thread: .top.OrderedMerge
Invoking initialize():  .top.Ramp
Initializing actor: .top.Ramp
Adding a thread: .top.Ramp
Invoking initialize():  .top.Ramp2
Initializing actor: .top.Ramp2
Adding a thread: .top.Ramp2
Invoking initialize():  .top.Test
Initializing actor: .top.Test
Adding a thread: .top.Test
Called fire().
Checking for deadlock:
-- Starting thread.
-- Starting thread.
Called initialize()
Called initialize()
Called prefire()
Called fire()
Called prefire()
Called fire()
-- Starting thread.
Called initialize()
-- Starting thread.
Called prefire()
Called initialize()
Called fire()
Called prefire()
Called fire()
There are 0 Blocked actors, 0 Stopped actors, and 4 active threads.
Waiting for actors to stop.
Called postfire()
Called postfire()
Called prefire()
Called prefire()
Called fire()
Called fire()
Checking for deadlock:
There are 2 Blocked actors, 0 Stopped actors, and 4 active threads.
Waiting for actors to stop.
Read input token from inputA with value 0.0
Called postfire()
Called prefire()
Called fire()
Checking for deadlock:
There are 3 Blocked actors, 0 Stopped actors, and 4 active threads.
Waiting for actors to stop.
Next port to read input from is inputB
Called postfire()
Called prefire()
Called fire()
Checking for deadlock:
Read input token from inputB with value 0.0
There are 2 Blocked actors, 0 Stopped actors, and 4 active threads.
Waiting for actors to stop.
Called postfire()
Called prefire()
Called fire()
Checking for deadlock:
There are 3 Blocked actors, 0 Stopped actors, and 4 active threads.
Waiting for actors to stop.
Checking for deadlock:
There are 2 Blocked actors, 0 Stopped actors, and 4 active threads.
Waiting for actors to stop.
Sent output token with value 0.0
-- Read input: 0.0, which is expected to match: 0.0
Called prefire()
Called fire()
Next port to read input from is inputA
Called postfire()
Called prefire()
Called fire()
Checking for deadlock:
There are 2 Blocked actors, 0 Stopped actors, and 4 active threads.
Waiting for actors to stop.
Read input token from inputA with value 1.0
Called postfire()
Called prefire()
Called fire()
Sent output token with value 0.0
Next port to read input from is inputB
Called postfire()
-- Read input: 0.0, which is expected to match: 0.0
Called prefire()
Called fire()
Called prefire()
Called fire()
Read input token from inputB with value 1.5
Called postfire()
Called prefire()
Called fire()
Checking for deadlock:
There are 2 Blocked actors, 0 Stopped actors, and 4 active threads.
Waiting for actors to stop.
-- Read input: 1.0, which is expected to match: 1.0
Called prefire()
Called fire()
Checking for deadlock:
There are 3 Blocked actors, 0 Stopped actors, and 4 active threads.
Waiting for actors to stop.
Sent output token with value 1.0
Next port to read input from is inputA
Called postfire()
Called prefire()
Called fire()
Read input token from inputA with value 2.0
Checking for deadlock:
There are 2 Blocked actors, 0 Stopped actors, and 4 active threads.
Waiting for actors to stop.
Called postfire()
Called prefire()
Called fire()
Checking for deadlock:
There are 2 Blocked actors, 0 Stopped actors, and 4 active threads.
Waiting for actors to stop.
Sent output token with value 1.5
-- Read input: 1.5, which is expected to match: 1.5
Called prefire()
Called fire()
Next port to read input from is inputB
Called postfire()
Checking for deadlock:
Called prefire()
Called fire()
There are 3 Blocked actors, 0 Stopped actors, and 4 active threads.
Waiting for actors to stop.
Checking for deadlock:
There are 2 Blocked actors, 0 Stopped actors, and 4 active threads.
Waiting for actors to stop.
Read input token from inputB with value 3.0
Called postfire()
Called prefire()
Called fire()
Checking for deadlock:
There are 2 Blocked actors, 0 Stopped actors, and 4 active threads.
Waiting for actors to stop.
Sent output token with value 2.0
-- Read input: 2.0, which is expected to match: 2.0
Called prefire()
Called fire()
Checking for deadlock:
There are 3 Blocked actors, 0 Stopped actors, and 4 active threads.
Waiting for actors to stop.
Next port to read input from is inputA
Called postfire()
Called prefire()
Called fire()
Checking for deadlock:
Called postfire()
There are 2 Blocked actors, 0 Stopped actors, and 4 active threads.
Called prefire()
Waiting for actors to stop.
Called fire()
Checking for deadlock:
There are 3 Blocked actors, 0 Stopped actors, and 4 active threads.
Waiting for actors to stop.
Read input token from inputA with value 3.0
Checking for deadlock:
There are 2 Blocked actors, 0 Stopped actors, and 4 active threads.
Sent output token with value 3.0
Waiting for actors to stop.
-- Read input: 3.0, which is expected to match: 3.0
Called prefire()
Called fire()
Checking for deadlock:
There are 3 Blocked actors, 0 Stopped actors, and 4 active threads.
Waiting for actors to stop.
Next port to read input from is inputB
Called postfire()
Called prefire()
Called fire()
Called postfire()
Called prefire()
Called fire()
Read input token from inputB with value 4.5
Checking for deadlock:
There are 3 Blocked actors, 0 Stopped actors, and 4 active threads.
Waiting for actors to stop.
Checking for deadlock:
There are 2 Blocked actors, 0 Stopped actors, and 4 active threads.
Waiting for actors to stop.
-- Read input: 3.0, which is expected to match: 3.0
Called prefire()
Called fire()
Checking for deadlock:
There are 3 Blocked actors, 0 Stopped actors, and 4 active threads.
Waiting for actors to stop.
Sent output token with value 3.0
Next port to read input from is inputA
Called postfire()
Called prefire()
Called fire()
Checking for deadlock:
Read input token from inputA with value 4.0
There are 2 Blocked actors, 0 Stopped actors, and 4 active threads.
Waiting for actors to stop.
Checking for deadlock:
There are 1 Blocked actors, 0 Stopped actors, and 4 active threads.
Waiting for actors to stop.
-- Read input: 4.0, which is expected to match: 4.0
Called prefire()
Called fire()
Past the end of training data. Read and discard all inputs.
Called postfire()
Checking for deadlock:
Called prefire()
Called fire()
There are 2 Blocked actors, 0 Stopped actors, and 4 active threads.
Waiting for actors to stop.
Checking for deadlock:
There are 3 Blocked actors, 0 Stopped actors, and 4 active threads.
Waiting for actors to stop.
Sent output token with value 4.0
Next port to read input from is inputA
Called postfire()
Called prefire()
Called fire()
Called postfire()
Checking for deadlock:
Called prefire()
Called fire()
There are 2 Blocked actors, 0 Stopped actors, and 4 active threads.
Waiting for actors to stop.
Checking for deadlock:
There are 3 Blocked actors, 0 Stopped actors, and 4 active threads.
Waiting for actors to stop.
Read input token from inputA with value 5.0
Checking for deadlock:
There are 2 Blocked actors, 0 Stopped actors, and 4 active threads.
Waiting for actors to stop.
Sent output token with value 4.5
Called prefire()
Called fire()
Past the end of training data. Read and discard all inputs.
Checking for deadlock:
There are 3 Blocked actors, 0 Stopped actors, and 4 active threads.
Waiting for actors to stop.
Next port to read input from is inputB
Called postfire()
Called prefire()
Called fire()
Called postfire()
Read input token from inputB with value 6.0
Called prefire()
Called fire()
Checking for deadlock:
Sent output token with value 5.0
There are 2 Blocked actors, 0 Stopped actors, and 4 active threads.
Waiting for actors to stop.
Called prefire()
Called fire()
Past the end of training data. Read and discard all inputs.
Next port to read input from is inputA
Checking for deadlock:
Called postfire()
Called prefire()
There are 3 Blocked actors, 0 Stopped actors, and 4 active threads.
Waiting for actors to stop.
Called fire()
Checking for deadlock:
There are 2 Blocked actors, 0 Stopped actors, and 4 active threads.
Waiting for actors to stop.
Called postfire()
Called prefire()
Called fire()
Read input token from inputA with value 6.0
Checking for deadlock:
There are 3 Blocked actors, 0 Stopped actors, and 4 active threads.
Waiting for actors to stop.
Checking for deadlock:
There are 2 Blocked actors, 0 Stopped actors, and 4 active threads.
Waiting for actors to stop.
Called prefire()
Called fire()
Past the end of training data. Read and discard all inputs.
Sent output token with value 6.0
Checking for deadlock:
There are 3 Blocked actors, 0 Stopped actors, and 4 active threads.
Next port to read input from is inputB
Called postfire()
Waiting for actors to stop.
Called prefire()
Called fire()
Checking for deadlock:
There are 2 Blocked actors, 0 Stopped actors, and 4 active threads.
Waiting for actors to stop.
Called postfire()
Read input token from inputB with value 7.5
Called prefire()
Called fire()
Called prefire()
Called fire()
Past the end of training data. Read and discard all inputs.
Checking for deadlock:
There are 3 Blocked actors, 0 Stopped actors, and 4 active threads.
Waiting for actors to stop.
Sent output token with value 6.0
Next port to read input from is inputA
Called postfire()
Called prefire()
Called fire()
Checking for deadlock:
There are 2 Blocked actors, 0 Stopped actors, and 4 active threads.
Waiting for actors to stop.
Read input token from inputA with value 7.0
Called postfire()
Called prefire()
Called fire()
Checking for deadlock:
There are 3 Blocked actors, 0 Stopped actors, and 4 active threads.
Waiting for actors to stop.
Checking for deadlock:
There are 2 Blocked actors, 0 Stopped actors, and 4 active threads.
Waiting for actors to stop.
Sent output token with value 7.0
Called prefire()
Called fire()
Past the end of training data. Read and discard all inputs.
Checking for deadlock:
There are 3 Blocked actors, 0 Stopped actors, and 4 active threads.
Next port to read input from is inputA
Called postfire()
Waiting for actors to stop.
Called prefire()
Called fire()
Read input token from inputA with value 8.0
Checking for deadlock:
There are 1 Blocked actors, 0 Stopped actors, and 4 active threads.
Sent output token with value 7.5
Waiting for actors to stop.
-- Thread wrapup() called.
Called wrapup()
Thread .top.Ramp is exiting.
-- Thread stopped.
Checking for deadlock:
There are 1 Blocked actors, 0 Stopped actors, and 3 active threads.
Waiting for actors to stop.
Called prefire()
Called fire()
Past the end of training data. Read and discard all inputs.
Checking for deadlock:
There are 2 Blocked actors, 0 Stopped actors, and 3 active threads.
Waiting for actors to stop.
Next port to read input from is inputB
Called postfire()
Called prefire()
Called fire()
Called postfire()
Called prefire()
Called fire()
Read input token from inputB with value 9.0
Checking for deadlock:
There are 2 Blocked actors, 0 Stopped actors, and 3 active threads.
Waiting for actors to stop.
Checking for deadlock:
Called prefire()
There are 1 Blocked actors, 0 Stopped actors, and 3 active threads.
Waiting for actors to stop.
Called fire()
Past the end of training data. Read and discard all inputs.
Checking for deadlock:
There are 2 Blocked actors, 0 Stopped actors, and 3 active threads.
Waiting for actors to stop.
Sent output token with value 8.0
Next port to read input from is inputA
Called postfire()
Called prefire()
Called fire()
Read input token from inputA with value 9.0
Called prefire()
Called fire()
Checking for deadlock:
Past the end of training data. Read and discard all inputs.
There are 1 Blocked actors, 0 Stopped actors, and 3 active threads.
Waiting for actors to stop.
Sent output token with value 9.0
Checking for deadlock:
There are 2 Blocked actors, 0 Stopped actors, and 3 active threads.
Waiting for actors to stop.
Next port to read input from is inputB
Called postfire()
Called prefire()
Called fire()
Checking for deadlock:
There are 1 Blocked actors, 0 Stopped actors, and 3 active threads.
Waiting for actors to stop.
Read input token from inputB with value 10.5
Called postfire()
Called prefire()
Called fire()
Called prefire()
Called fire()
Past the end of training data. Read and discard all inputs.
Checking for deadlock:
There are 1 Blocked actors, 0 Stopped actors, and 3 active threads.
Waiting for actors to stop.
Checking for deadlock:
There are 2 Blocked actors, 0 Stopped actors, and 3 active threads.
Waiting for actors to stop.
Sent output token with value 9.0
Next port to read input from is inputA
Called postfire()
Called prefire()
Called fire()
Checking for deadlock:
There are 3 Blocked actors, 0 Stopped actors, and 3 active threads.
Actors have stopped.
Checking for deadlock:
There are 3 Blocked actors, 0 Stopped actors, and 3 active threads.
Deadlock detected.
Resolving Deadlock
Checking for deadlock:
There are 3 Blocked actors, 0 Stopped actors, and 3 active threads.
Artificial Deadlock - increasing queue capacity.
increasing the capacity of receiver ptolemy.actor.TypedIOPort {.top.OrderedMerge.inputB} to 2
-- Thread wrapup() called.
Called wrapup()
Thread .top.Ramp2 is exiting.
-- Thread stopped.
Director: Called postfire().
Called postfire().
_stopRequested = false
_stopFireRequested = false
Returning from postfire(): true
Called fire().
Checking for deadlock:
There are 2 Blocked actors, 0 Stopped actors, and 2 active threads.
Actors have stopped.
Checking for deadlock:
There are 2 Blocked actors, 0 Stopped actors, and 2 active threads.
Deadlock detected.
Resolving Deadlock
Checking for deadlock:
There are 2 Blocked actors, 0 Stopped actors, and 2 active threads.
Deadlock detected: no processes blocked on write, but some are blocked on read.
Called postfire().
_stopRequested = false
_stopFireRequested = false
Returning from postfire(): false
Finished deactivating branches.
Called wrapup().
-- Thread wrapup() called.
Called wrapup()
Thread .top.Test is exiting.
-- Thread stopped.
-- Blocked Receiver call threw TerminateProcessException.
-- Thread wrapup() called.
Called wrapup()
Thread .top.OrderedMerge is exiting.
-- Thread stopped.
-- Blocked Receiver call threw TerminateProcessException.
67 ms. Memory: 129024K Free: 45485K (35%)
.top. Preinitializing ...
Invoking preinitialize():  .top.OrderedMerge
Called preinitialize()
Invoking preinitialize():  .top.Ramp
Called preinitialize()
Invoking preinitialize():  .top.Ramp2
Called preinitialize()
Invoking preinitialize():  .top.Test
Called preinitialize()
.top. Finished preinitialize().
Called initialize().
Invoking initialize():  .top.OrderedMerge
Initializing actor: .top.OrderedMerge
Adding a thread: .top.OrderedMerge
Invoking initialize():  .top.Ramp
Initializing actor: .top.Ramp
Adding a thread: .top.Ramp
Invoking initialize():  .top.Ramp2
Initializing actor: .top.Ramp2
Adding a thread: .top.Ramp2
Invoking initialize():  .top.Test
Initializing actor: .top.Test
Adding a thread: .top.Test
-- Starting thread.
Called initialize()
Called prefire()
Called fire()
-- Starting thread.
Called initialize()
Called prefire()
Called fire()
Called postfire()
Called prefire()
Called fire()
-- Starting thread.
Called initialize()
Called prefire()
Called fire()
Called postfire()
Called prefire()
Called fire()
Called fire().
Checking for deadlock:
There are 3 Blocked actors, 0 Stopped actors, and 4 active threads.
Waiting for actors to stop.
-- Starting thread.
Called initialize()
Called prefire()
Called fire()
Checking for deadlock:
There are 2 Blocked actors, 0 Stopped actors, and 4 active threads.
Waiting for actors to stop.
Called postfire()
Called prefire()
Called fire()
Checking for deadlock:
There are 3 Blocked actors, 0 Stopped actors, and 4 active threads.
Waiting for actors to stop.
Read input token from inputA with value 0.0
Next port to read input from is inputB
Called postfire()
Called prefire()
Called fire()
Checking for deadlock:
Called postfire()
Called prefire()
There are 2 Blocked actors, 0 Stopped actors, and 4 active threads.
Called fire()
Waiting for actors to stop.
Checking for deadlock:
There are 3 Blocked actors, 0 Stopped actors, and 4 active threads.
Waiting for actors to stop.
Read input token from inputB with value 0.0
Checking for deadlock:
There are 2 Blocked actors, 0 Stopped actors, and 4 active threads.
Waiting for actors to stop.
-- Read input: 0.0, which is expected to match: 0.0
Called prefire()
Called fire()
Checking for deadlock:
There are 3 Blocked actors, 0 Stopped actors, and 4 active threads.
Waiting for actors to stop.
Sent output token with value 0.0
Next port to read input from is inputA
Called postfire()
Called prefire()
Called fire()
Checking for deadlock:
Called postfire()
Called prefire()
Called fire()
There are 2 Blocked actors, 0 Stopped actors, and 4 active threads.
Waiting for actors to stop.
Checking for deadlock:
There are 3 Blocked actors, 0 Stopped actors, and 4 active threads.
Waiting for actors to stop.
Read input token from inputA with value 1.0
Checking for deadlock:
There are 2 Blocked actors, 0 Stopped actors, and 4 active threads.
Waiting for actors to stop.
Sent output token with value 0.0
-- Read input: 0.0, which is expected to match: 0.0
Called prefire()
Called fire()
Checking for deadlock:
There are 3 Blocked actors, 0 Stopped actors, and 4 active threads.
Waiting for actors to stop.
Next port to read input from is inputB
Called postfire()
Called prefire()
Called fire()
Checking for deadlock:
There are 2 Blocked actors, 0 Stopped actors, and 4 active threads.
Waiting for actors to stop.
Called postfire()
Called prefire()
Called fire()
Checking for deadlock:
There are 3 Blocked actors, 0 Stopped actors, and 4 active threads.
Waiting for actors to stop.
Read input token from inputB with value 1.5
Checking for deadlock:
There are 2 Blocked actors, 0 Stopped actors, and 4 active threads.
Waiting for actors to stop.
-- Read input: 1.0, which is expected to match: 1.0
Called prefire()
Called fire()
Sent output token with value 1.0
Checking for deadlock:
There are 3 Blocked actors, 0 Stopped actors, and 4 active threads.
Waiting for actors to stop.
Next port to read input from is inputA
Called postfire()
Called prefire()
Called fire()
Checking for deadlock:
There are 2 Blocked actors, 0 Stopped actors, and 4 active threads.
Waiting for actors to stop.
Called postfire()
Called prefire()
Called fire()
Checking for deadlock:
Read input token from inputA with value 2.0
There are 3 Blocked actors, 0 Stopped actors, and 4 active threads.
Waiting for actors to stop.
Checking for deadlock:
There are 2 Blocked actors, 0 Stopped actors, and 4 active threads.
Waiting for actors to stop.
-- Read input: 1.5, which is expected to match: 1.5
Called prefire()
Called fire()
Checking for deadlock:
There are 3 Blocked actors, 0 Stopped actors, and 4 active threads.
Waiting for actors to stop.
Sent output token with value 1.5
Next port to read input from is inputB
Called postfire()
Called prefire()
Called fire()
Checking for deadlock:
There are 2 Blocked actors, 0 Stopped actors, and 4 active threads.
Waiting for actors to stop.
Called postfire()
Called prefire()
Called fire()
Checking for deadlock:
Read input token from inputB with value 3.0
There are 3 Blocked actors, 0 Stopped actors, and 4 active threads.
Waiting for actors to stop.
Checking for deadlock:
There are 2 Blocked actors, 0 Stopped actors, and 4 active threads.
Waiting for actors to stop.
-- Read input: 2.0, which is expected to match: 2.0
Called prefire()
Called fire()
Checking for deadlock:
There are 3 Blocked actors, 0 Stopped actors, and 4 active threads.
Waiting for actors to stop.
Sent output token with value 2.0
Next port to read input from is inputA
Called postfire()
Called prefire()
Called fire()
Checking for deadlock:
There are 2 Blocked actors, 0 Stopped actors, and 4 active threads.
Waiting for actors to stop.
Read input token from inputA with value 3.0
Called postfire()
Called prefire()
Called fire()
Checking for deadlock:
There are 3 Blocked actors, 0 Stopped actors, and 4 active threads.
Waiting for actors to stop.
Checking for deadlock:
There are 2 Blocked actors, 0 Stopped actors, and 4 active threads.
Waiting for actors to stop.
-- Read input: 3.0, which is expected to match: 3.0
Called prefire()
Called fire()
Checking for deadlock:
Sent output token with value 3.0
There are 3 Blocked actors, 0 Stopped actors, and 4 active threads.
Waiting for actors to stop.
Next port to read input from is inputB
Called postfire()
Called prefire()
Called fire()
Checking for deadlock:
There are 2 Blocked actors, 0 Stopped actors, and 4 active threads.
Waiting for actors to stop.
Called postfire()
Called prefire()
Called fire()
Checking for deadlock:
There are 3 Blocked actors, 0 Stopped actors, and 4 active threads.
Waiting for actors to stop.
Read input token from inputB with value 4.5
Checking for deadlock:
There are 2 Blocked actors, 0 Stopped actors, and 4 active threads.
Sent output token with value 3.0
Waiting for actors to stop.
-- Read input: 3.0, which is expected to match: 3.0
Called prefire()
Called fire()
Checking for deadlock:
There are 3 Blocked actors, 0 Stopped actors, and 4 active threads.
Waiting for actors to stop.
Next port to read input from is inputA
Called postfire()
Called prefire()
Called fire()
Checking for deadlock:
There are 2 Blocked actors, 0 Stopped actors, and 4 active threads.
Called postfire()
Called prefire()
Waiting for actors to stop.
Called fire()
Checking for deadlock:
There are 3 Blocked actors, 0 Stopped actors, and 4 active threads.
Waiting for actors to stop.
Read input token from inputA with value 4.0
Checking for deadlock:
There are 2 Blocked actors, 0 Stopped actors, and 4 active threads.
Waiting for actors to stop.
Sent output token with value 4.0
-- Read input: 4.0, which is expected to match: 4.0
Called prefire()
Called fire()
Past the end of training data. Read and discard all inputs.
Checking for deadlock:
There are 3 Blocked actors, 0 Stopped actors, and 4 active threads.
Next port to read input from is inputA
Called postfire()
Called prefire()
Waiting for actors to stop.
Called fire()
Checking for deadlock:
There are 2 Blocked actors, 0 Stopped actors, and 4 active threads.
Waiting for actors to stop.
Called postfire()
Called prefire()
Called fire()
Checking for deadlock:
Read input token from inputA with value 5.0
There are 3 Blocked actors, 0 Stopped actors, and 4 active threads.
Waiting for actors to stop.
Checking for deadlock:
Called prefire()
Called fire()
Past the end of training data. Read and discard all inputs.
There are 2 Blocked actors, 0 Stopped actors, and 4 active threads.
Waiting for actors to stop.
Checking for deadlock:
There are 3 Blocked actors, 0 Stopped actors, and 4 active threads.
Waiting for actors to stop.
Sent output token with value 4.5
Next port to read input from is inputB
Called postfire()
Called prefire()
Called fire()
Checking for deadlock:
There are 2 Blocked actors, 0 Stopped actors, and 4 active threads.
Waiting for actors to stop.
Called postfire()
Called prefire()
Called fire()
Checking for deadlock:
There are 3 Blocked actors, 0 Stopped actors, and 4 active threads.
Waiting for actors to stop.
Read input token from inputB with value 6.0
Checking for deadlock:
There are 2 Blocked actors, 0 Stopped actors, and 4 active threads.
Waiting for actors to stop.
Called prefire()
Called fire()
Past the end of training data. Read and discard all inputs.
Checking for deadlock:
There are 3 Blocked actors, 0 Stopped actors, and 4 active threads.
Waiting for actors to stop.
Sent output token with value 5.0
Next port to read input from is inputA
Called postfire()
Called prefire()
Called fire()
Checking for deadlock:
There are 2 Blocked actors, 0 Stopped actors, and 4 active threads.
Waiting for actors to stop.
Called postfire()
Called prefire()
Called fire()
Checking for deadlock:
There are 3 Blocked actors, 0 Stopped actors, and 4 active threads.
Waiting for actors to stop.
Read input token from inputA with value 6.0
Checking for deadlock:
Called prefire()
Called fire()
There are 2 Blocked actors, 0 Stopped actors, and 4 active threads.
Past the end of training data. Read and discard all inputs.
Waiting for actors to stop.
Checking for deadlock:
There are 3 Blocked actors, 0 Stopped actors, and 4 active threads.
Waiting for actors to stop.
Sent output token with value 6.0
Next port to read input from is inputB
Called postfire()
Called prefire()
Called fire()
Checking for deadlock:
There are 2 Blocked actors, 0 Stopped actors, and 4 active threads.
Waiting for actors to stop.
Called postfire()
Called prefire()
Called fire()
Checking for deadlock:
There are 3 Blocked actors, 0 Stopped actors, and 4 active threads.
Waiting for actors to stop.
Read input token from inputB with value 7.5
Checking for deadlock:
There are 2 Blocked actors, 0 Stopped actors, and 4 active threads.
Waiting for actors to stop.
Called prefire()
Called fire()
Past the end of training data. Read and discard all inputs.
Checking for deadlock:
There are 3 Blocked actors, 0 Stopped actors, and 4 active threads.
Waiting for actors to stop.
Sent output token with value 6.0
Next port to read input from is inputA
Called postfire()
Called prefire()
Called fire()
Called postfire()
Checking for deadlock:
Called prefire()
Called fire()
There are 2 Blocked actors, 0 Stopped actors, and 4 active threads.
Waiting for actors to stop.
Checking for deadlock:
There are 3 Blocked actors, 0 Stopped actors, and 4 active threads.
Waiting for actors to stop.
Read input token from inputA with value 7.0
Checking for deadlock:
There are 2 Blocked actors, 0 Stopped actors, and 4 active threads.
Waiting for actors to stop.
Called prefire()
Called fire()
Past the end of training data. Read and discard all inputs.
Checking for deadlock:
There are 3 Blocked actors, 0 Stopped actors, and 4 active threads.
Waiting for actors to stop.
Sent output token with value 7.0
Next port to read input from is inputA
Called postfire()
Called prefire()
Called fire()
Checking for deadlock:
There are 2 Blocked actors, 0 Stopped actors, and 4 active threads.
Waiting for actors to stop.
-- Thread wrapup() called.
Called wrapup()
Thread .top.Ramp is exiting.
-- Thread stopped.
Checking for deadlock:
There are 2 Blocked actors, 0 Stopped actors, and 3 active threads.
Waiting for actors to stop.
Read input token from inputA with value 8.0
Called prefire()
Called fire()
Checking for deadlock:
Past the end of training data. Read and discard all inputs.
There are 1 Blocked actors, 0 Stopped actors, and 3 active threads.
Waiting for actors to stop.
Checking for deadlock:
There are 2 Blocked actors, 0 Stopped actors, and 3 active threads.
Waiting for actors to stop.
Sent output token with value 7.5
Next port to read input from is inputB
Called postfire()
Called prefire()
Called fire()
Checking for deadlock:
There are 1 Blocked actors, 0 Stopped actors, and 3 active threads.
Waiting for actors to stop.
Called postfire()
Called prefire()
Called fire()
Checking for deadlock:
There are 2 Blocked actors, 0 Stopped actors, and 3 active threads.
Waiting for actors to stop.
Read input token from inputB with value 9.0
Sent output token with value 8.0
Checking for deadlock:
There are 1 Blocked actors, 0 Stopped actors, and 3 active threads.
Waiting for actors to stop.
Next port to read input from is inputA
Called prefire()
Called fire()
Past the end of training data. Read and discard all inputs.
Called postfire()
Checking for deadlock:
Called prefire()
Called fire()
There are 2 Blocked actors, 0 Stopped actors, and 3 active threads.
Waiting for actors to stop.
Read input token from inputA with value 9.0
Checking for deadlock:
Called prefire()
Called fire()
Past the end of training data. Read and discard all inputs.
There are 1 Blocked actors, 0 Stopped actors, and 3 active threads.
Waiting for actors to stop.
Checking for deadlock:
There are 2 Blocked actors, 0 Stopped actors, and 3 active threads.
Waiting for actors to stop.
Sent output token with value 9.0
Next port to read input from is inputB
Called postfire()
Called prefire()
Called fire()
Called postfire()
Called prefire()
Called fire()
Checking for deadlock:
There are 2 Blocked actors, 0 Stopped actors, and 3 active threads.
Waiting for actors to stop.
Read input token from inputB with value 10.5
Checking for deadlock:
There are 1 Blocked actors, 0 Stopped actors, and 3 active threads.
Waiting for actors to stop.
Called prefire()
Called fire()
Past the end of training data. Read and discard all inputs.
Checking for deadlock:
There are 2 Blocked actors, 0 Stopped actors, and 3 active threads.
Waiting for actors to stop.
Sent output token with value 9.0
Next port to read input from is inputA
Called postfire()
Called prefire()
Called fire()
Checking for deadlock:
There are 3 Blocked actors, 0 Stopped actors, and 3 active threads.
Actors have stopped.
Checking for deadlock:
There are 3 Blocked actors, 0 Stopped actors, and 3 active threads.
Deadlock detected.
Resolving Deadlock
Checking for deadlock:
There are 3 Blocked actors, 0 Stopped actors, and 3 active threads.
Artificial Deadlock - increasing queue capacity.
increasing the capacity of receiver ptolemy.actor.TypedIOPort {.top.OrderedMerge.inputB} to 2
Director: Called postfire().
Called postfire().
_stopRequested = false
_stopFireRequested = false
Returning from postfire(): true
Called fire().
Checking for deadlock:
There are 2 Blocked actors, 0 Stopped actors, and 3 active threads.
Waiting for actors to stop.
-- Thread wrapup() called.
Called wrapup()
Thread .top.Ramp2 is exiting.
-- Thread stopped.
Checking for deadlock:
There are 2 Blocked actors, 0 Stopped actors, and 2 active threads.
Actors have stopped.
Checking for deadlock:
There are 2 Blocked actors, 0 Stopped actors, and 2 active threads.
Deadlock detected.
Resolving Deadlock
Checking for deadlock:
There are 2 Blocked actors, 0 Stopped actors, and 2 active threads.
Deadlock detected: no processes blocked on write, but some are blocked on read.
Called postfire().
_stopRequested = false
_stopFireRequested = false
Returning from postfire(): false
Finished deactivating branches.
Called wrapup().
-- Thread wrapup() called.
Called wrapup()
Thread .top.Test is exiting.
-- Thread stopped.
-- Blocked Receiver call threw TerminateProcessException.
-- Thread wrapup() called.
Called wrapup()
Thread .top.OrderedMerge is exiting.
-- Thread stopped.
-- Blocked Receiver call threw TerminateProcessException.
56 ms. Memory: 129024K Free: 111248K (86%)
/home/travis/build/icyphy/ptII/ptolemy/actor/lib/test/Publisher.tcl
9 ms. Memory: 129024K Free: 105441K (82%)
4 ms. Memory: 129024K Free: 99817K (77%)
3 ms. Memory: 129024K Free: 96231K (75%)
3 ms. Memory: 129024K Free: 95193K (74%)
2 ms. Memory: 129024K Free: 94697K (73%)
2 ms. Memory: 129024K Free: 93673K (73%)
2 ms. Memory: 129024K Free: 93129K (72%)
3 ms. Memory: 129024K Free: 92135K (71%)
14 ms. Memory: 129024K Free: 82409K (64%)
3 ms. Memory: 157696K Free: 137569K (87%)
2 ms. Memory: 157696K Free: 136551K (87%)
3 ms. Memory: 157696K Free: 134503K (85%)
7 ms. Memory: 157696K Free: 126825K (80%)
6 ms. Memory: 157696K Free: 117609K (75%)
13 ms. Memory: 157696K Free: 106345K (67%)
/home/travis/build/icyphy/ptII/ptolemy/actor/lib/test/Pulse.tcl
2 ms. Memory: 157696K Free: 68457K (43%)
2 ms. Memory: 157696K Free: 67913K (43%)
1 ms. Memory: 157696K Free: 67433K (43%)
1 ms. Memory: 157696K Free: 66905K (42%)
1 ms. Memory: 157696K Free: 66409K (42%)
18 ms. Memory: 157696K Free: 140232K (89%)
3 ms. Memory: 157696K Free: 139210K (88%)
2 ms. Memory: 157696K Free: 138186K (88%)
1 ms. Memory: 157696K Free: 137672K (87%)
/home/travis/build/icyphy/ptII/ptolemy/actor/lib/test/Ramp.tcl
2 ms. Memory: 157696K Free: 135610K (86%)
1 ms. Memory: 157696K Free: 135114K (86%)
1 ms. Memory: 157696K Free: 134090K (85%)
2 ms. Memory: 157696K Free: 133562K (85%)
4 ms. Memory: 157696K Free: 132552K (84%)
4 ms. Memory: 157696K Free: 131514K (83%)
5 ms. Memory: 157696K Free: 130504K (83%)
5 actors
8000 microseconds per iteration to create
8 ms. Memory: 157696K Free: 127946K (81%)
2 ms. Memory: 157696K Free: 127418K (81%)
4 ms. Memory: 157696K Free: 126922K (80%)
7 ms. Memory: 157696K Free: 126394K (80%)
50 actors
52000 microseconds per iteration to create
52 ms. Memory: 157696K Free: 110538K (70%)
5 ms. Memory: 157696K Free: 109514K (69%)
13 ms. Memory: 157696K Free: 108490K (69%)
9 ms. Memory: 157696K Free: 107466K (68%)
500 actors
1547000 microseconds per iteration to create
233 ms. Memory: 157696K Free: 111124K (70%)
34 ms. Memory: 157696K Free: 106019K (67%)
33 ms. Memory: 157696K Free: 100899K (64%)
30 ms. Memory: 157696K Free: 95269K (60%)
/home/travis/build/icyphy/ptII/ptolemy/actor/lib/test/RampContinuous.tcl
6 ms. Memory: 157696K Free: 93731K (59%)
/home/travis/build/icyphy/ptII/ptolemy/actor/lib/test/RecordAssembler.tcl
4 ms. Memory: 157696K Free: 92197K (58%)
3 ms. Memory: 157696K Free: 91173K (58%)
/home/travis/build/icyphy/ptII/ptolemy/actor/lib/test/RecordDisassembler.tcl
5 ms. Memory: 157696K Free: 89620K (57%)
2 ms. Memory: 157696K Free: 89125K (57%)
3 ms. Memory: 157696K Free: 87587K (56%)
/home/travis/build/icyphy/ptII/ptolemy/actor/lib/test/Scale.tcl
3 ms. Memory: 157696K Free: 86053K (55%)
2 ms. Memory: 157696K Free: 85029K (54%)
1 ms. Memory: 157696K Free: 84515K (54%)
2 ms. Memory: 157696K Free: 83460K (53%)
2 ms. Memory: 157696K Free: 82467K (52%)
/home/travis/build/icyphy/ptII/ptolemy/actor/lib/test/SequentialClock.tcl
preinitializing
resolving types
initializing
executing number 1
wrapping up
idle
2 ms. Memory: 157696K Free: 81401K (52%)
Completed execution with 5 iterations
preinitializing
resolving types
initializing
executing number 1
wrapping up
idle
1 ms. Memory: 157696K Free: 80933K (51%)
Completed execution with 5 iterations
preinitializing
resolving types
initializing
executing number 1
wrapping up
idle
1 ms. Memory: 157696K Free: 80419K (51%)
Completed execution with 5 iterations
/home/travis/build/icyphy/ptII/ptolemy/actor/lib/test/SetVariable.tcl
3 ms. Memory: 157696K Free: 78371K (50%)
/home/travis/build/icyphy/ptII/ptolemy/actor/lib/test/Sinewave.tcl
/home/travis/build/icyphy/ptII/ptolemy/actor/lib/test/SubscriptionAggregator.tcl
3 ms. Memory: 157696K Free: 67107K (43%)
2 ms. Memory: 157696K Free: 66597K (42%)
1 ms. Memory: 157696K Free: 66083K (42%)
1 ms. Memory: 157696K Free: 65573K (42%)
1 ms. Memory: 157696K Free: 61987K (39%)
24 ms. Memory: 157696K Free: 59939K (38%)
...............................................................1041 ms. Memory: 347136K Free: 233162K (67%)
/home/travis/build/icyphy/ptII/ptolemy/actor/lib/test/Test.tcl
 The next command will produce a warning about training mode,
   which may be ignored.
5 ms. Memory: 347136K Free: 231116K (67%)
2 ms. Memory: 347136K Free: 230092K (66%)
1 ms. Memory: 347136K Free: 229547K (66%)
2 ms. Memory: 347136K Free: 229068K (66%)
2 ms. Memory: 347136K Free: 228547K (66%)
3 ms. Memory: 347136K Free: 227020K (65%)
3 ms. Memory: 347136K Free: 225996K (65%)
 The next command will produce a warning about training mode,
   which may be ignored.
6 ms. Memory: 347136K Free: 223434K (64%)
 The next command will produce a warning about training mode,
   which may be ignored.
3 ms. Memory: 347136K Free: 222379K (64%)
3 ms. Memory: 347136K Free: 221900K (64%)
2 ms. Memory: 347136K Free: 221371K (64%)
3 ms. Memory: 347136K Free: 220876K (64%)
8 ms. Memory: 347136K Free: 219852K (63%)
6 ms. Memory: 347136K Free: 216259K (62%)
/home/travis/build/icyphy/ptII/ptolemy/actor/lib/test/TestExceptionHandler.tcl
 The next command will produce a warning about training mode,
   which may be ignored.
3 ms. Memory: 347136K Free: 214732K (62%)
1 ms. Memory: 347136K Free: 214218K (62%)
1 ms. Memory: 347136K Free: 213708K (62%)
/home/travis/build/icyphy/ptII/ptolemy/actor/lib/test/UnionDisassembler.tcl
16 ms. Memory: 347136K Free: 206540K (59%)
/home/travis/build/icyphy/ptII/ptolemy/actor/lib/test/VariableClock.tcl
preinitializing
resolving types
initializing
executing number 1
wrapping up
idle
5 ms. Memory: 347136K Free: 204492K (59%)
Completed execution with 11 iterations
preinitializing
resolving types
initializing
executing number 1
wrapping up
idle
7 ms. Memory: 347136K Free: 202954K (58%)
Completed execution with 10 iterations
06/29/20 03:14:22
Failed: 0  Total Tests: 233  ((Passed: 233, Newly Passed: 0)  Known Failed: 0) /home/travis/build/icyphy/ptII/ptolemy/actor/lib/test
----------------- testing (KnownFailure) /home/travis/build/icyphy/ptII/ptolemy/actor/lib/test/auto/knownFailedTests/PublisherPortToplevelSubscriber.xml
0 ms. Memory: 347136K Free: 199882K (58%)
Known Failure: java.lang.reflect.InvocationTargetException
----------------- testing (KnownFailure) /home/travis/build/icyphy/ptII/ptolemy/actor/lib/test/auto/knownFailedTests/PublisherSubscriberPortToplevel.xml
1 ms. Memory: 347136K Free: 195276K (56%)
Known Failure: java.lang.reflect.InvocationTargetException
----------------- testing (KnownFailure) /home/travis/build/icyphy/ptII/ptolemy/actor/lib/test/auto/knownFailedTests/PublisherSubscriptionAggregatorPort.xml
1 ms. Memory: 347136K Free: 191690K (55%)
Known Failure: java.lang.reflect.InvocationTargetException
----------------- testing (KnownFailure) /home/travis/build/icyphy/ptII/ptolemy/actor/lib/test/auto/knownFailedTests/sizedarray3.xml
8 ms. Memory: 347136K Free: 187594K (54%)
Known Failure: java.lang.reflect.InvocationTargetException
No auto/linux-amd64/*.xml tests in /home/travis/build/icyphy/ptII/ptolemy/actor/lib/test
AutoTests.java: About to close Vertx.
AutoTests.java: Vertx closed.

===========================================================================================
----------------- testing Mon Jun 29 15:14:23 UTC 2020 /home/travis/build/icyphy/ptII/ptolemy/actor/lib/test/auto/AbsoluteValue.xml
----------------- Instantiating /home/travis/build/icyphy/ptII/ptolemy/actor/lib/test/auto/AbsoluteValue.xml
10 ms. Memory: 347136K Free: 286883K (83%)
----------------- Invoking toplevel() on ptolemy.moml.MoMLSimpleApplication@31b4a7c1
----------------- Done invoking toplevel() on ptolemy.moml.MoMLSimpleApplication@31b4a7c1
reloadAllAccessors: .AbsoluteValue

===========================================================================================
----------------- testing Mon Jun 29 15:14:23 UTC 2020 /home/travis/build/icyphy/ptII/ptolemy/actor/lib/test/auto/AbsoluteValue2.xml
----------------- Instantiating /home/travis/build/icyphy/ptII/ptolemy/actor/lib/test/auto/AbsoluteValue2.xml
5 ms. Memory: 347136K Free: 280225K (81%)
----------------- Invoking toplevel() on ptolemy.moml.MoMLSimpleApplication@5ffe2a18
----------------- Done invoking toplevel() on ptolemy.moml.MoMLSimpleApplication@5ffe2a18
reloadAllAccessors: .AbsoluteValue2

===========================================================================================
----------------- testing Mon Jun 29 15:14:23 UTC 2020 /home/travis/build/icyphy/ptII/ptolemy/actor/lib/test/auto/Accumulator.xml
----------------- Instantiating /home/travis/build/icyphy/ptII/ptolemy/actor/lib/test/auto/Accumulator.xml
6 ms. Memory: 347136K Free: 273571K (79%)
----------------- Invoking toplevel() on ptolemy.moml.MoMLSimpleApplication@62f60dbe
----------------- Done invoking toplevel() on ptolemy.moml.MoMLSimpleApplication@62f60dbe
reloadAllAccessors: .Accumulator

===========================================================================================
----------------- testing Mon Jun 29 15:14:23 UTC 2020 /home/travis/build/icyphy/ptII/ptolemy/actor/lib/test/auto/Accumulator2.xml
----------------- Instantiating /home/travis/build/icyphy/ptII/ptolemy/actor/lib/test/auto/Accumulator2.xml
3 ms. Memory: 347136K Free: 268451K (77%)
----------------- Invoking toplevel() on ptolemy.moml.MoMLSimpleApplication@567339ae
----------------- Done invoking toplevel() on ptolemy.moml.MoMLSimpleApplication@567339ae
reloadAllAccessors: .Accumulator2

===========================================================================================
----------------- testing Mon Jun 29 15:14:23 UTC 2020 /home/travis/build/icyphy/ptII/ptolemy/actor/lib/test/auto/Accumulator3.xml
----------------- Instantiating /home/travis/build/icyphy/ptII/ptolemy/actor/lib/test/auto/Accumulator3.xml
3 ms. Memory: 347136K Free: 263841K (76%)
----------------- Invoking toplevel() on ptolemy.moml.MoMLSimpleApplication@6f20e273
----------------- Done invoking toplevel() on ptolemy.moml.MoMLSimpleApplication@6f20e273
reloadAllAccessors: .Accumulator3

===========================================================================================
----------------- testing Mon Jun 29 15:14:23 UTC 2020 /home/travis/build/icyphy/ptII/ptolemy/actor/lib/test/auto/ArrayAppend.xml
----------------- Instantiating /home/travis/build/icyphy/ptII/ptolemy/actor/lib/test/auto/ArrayAppend.xml
6 ms. Memory: 347136K Free: 258211K (74%)
----------------- Invoking toplevel() on ptolemy.moml.MoMLSimpleApplication@2c9530cd
----------------- Done invoking toplevel() on ptolemy.moml.MoMLSimpleApplication@2c9530cd
reloadAllAccessors: .ArrayAppend

===========================================================================================
----------------- testing Mon Jun 29 15:14:23 UTC 2020 /home/travis/build/icyphy/ptII/ptolemy/actor/lib/test/auto/ArrayAppend2.xml
----------------- Instantiating /home/travis/build/icyphy/ptII/ptolemy/actor/lib/test/auto/ArrayAppend2.xml
418 ms. Memory: 347136K Free: 175777K (51%)
----------------- Invoking toplevel() on ptolemy.moml.MoMLSimpleApplication@69d4b841
----------------- Done invoking toplevel() on ptolemy.moml.MoMLSimpleApplication@69d4b841
reloadAllAccessors: .ArrayAppend2

===========================================================================================
----------------- testing Mon Jun 29 15:14:24 UTC 2020 /home/travis/build/icyphy/ptII/ptolemy/actor/lib/test/auto/ArrayAppend3.xml
----------------- Instantiating /home/travis/build/icyphy/ptII/ptolemy/actor/lib/test/auto/ArrayAppend3.xml
3 ms. Memory: 347136K Free: 170657K (49%)
----------------- Invoking toplevel() on ptolemy.moml.MoMLSimpleApplication@5616a772
----------------- Done invoking toplevel() on ptolemy.moml.MoMLSimpleApplication@5616a772
reloadAllAccessors: .ArrayAppend3

===========================================================================================
----------------- testing Mon Jun 29 15:14:24 UTC 2020 /home/travis/build/icyphy/ptII/ptolemy/actor/lib/test/auto/ArrayAppend4.xml
----------------- Instantiating /home/travis/build/icyphy/ptII/ptolemy/actor/lib/test/auto/ArrayAppend4.xml
2 ms. Memory: 347136K Free: 165537K (48%)
----------------- Invoking toplevel() on ptolemy.moml.MoMLSimpleApplication@698e4892
----------------- Done invoking toplevel() on ptolemy.moml.MoMLSimpleApplication@698e4892
reloadAllAccessors: .ArrayAppend4

===========================================================================================
----------------- testing Mon Jun 29 15:14:24 UTC 2020 /home/travis/build/icyphy/ptII/ptolemy/actor/lib/test/auto/ArrayAppend5.xml
----------------- Instantiating /home/travis/build/icyphy/ptII/ptolemy/actor/lib/test/auto/ArrayAppend5.xml
1 ms. Memory: 347136K Free: 159907K (46%)
----------------- Invoking toplevel() on ptolemy.moml.MoMLSimpleApplication@798b596c
----------------- Done invoking toplevel() on ptolemy.moml.MoMLSimpleApplication@798b596c
reloadAllAccessors: .ArrayAppend5

===========================================================================================
----------------- testing Mon Jun 29 15:14:24 UTC 2020 /home/travis/build/icyphy/ptII/ptolemy/actor/lib/test/auto/ArrayAppend6.xml
----------------- Instantiating /home/travis/build/icyphy/ptII/ptolemy/actor/lib/test/auto/ArrayAppend6.xml
5 ms. Memory: 347136K Free: 155297K (45%)
----------------- Invoking toplevel() on ptolemy.moml.MoMLSimpleApplication@4b8a423a
----------------- Done invoking toplevel() on ptolemy.moml.MoMLSimpleApplication@4b8a423a
reloadAllAccessors: .ArrayAppend6

===========================================================================================
----------------- testing Mon Jun 29 15:14:24 UTC 2020 /home/travis/build/icyphy/ptII/ptolemy/actor/lib/test/auto/ArrayAppendPerformanceTest.xml
----------------- Instantiating /home/travis/build/icyphy/ptII/ptolemy/actor/lib/test/auto/ArrayAppendPerformanceTest.xml
36 ms. Memory: 347136K Free: 144033K (41%)
----------------- Invoking toplevel() on ptolemy.moml.MoMLSimpleApplication@e9dc71c
----------------- Done invoking toplevel() on ptolemy.moml.MoMLSimpleApplication@e9dc71c
reloadAllAccessors: .ArrayAppendPerformanceTest

===========================================================================================
----------------- testing Mon Jun 29 15:14:24 UTC 2020 /home/travis/build/icyphy/ptII/ptolemy/actor/lib/test/auto/ArrayAppendWithEmptyInput.xml
----------------- Instantiating /home/travis/build/icyphy/ptII/ptolemy/actor/lib/test/auto/ArrayAppendWithEmptyInput.xml
16 ms. Memory: 347136K Free: 136355K (39%)
----------------- Invoking toplevel() on ptolemy.moml.MoMLSimpleApplication@153ca636
----------------- Done invoking toplevel() on ptolemy.moml.MoMLSimpleApplication@153ca636
reloadAllAccessors: .ArrayAppendWithEmptyInput

===========================================================================================
----------------- testing Mon Jun 29 15:14:24 UTC 2020 /home/travis/build/icyphy/ptII/ptolemy/actor/lib/test/auto/ArrayAverage.xml
----------------- Instantiating /home/travis/build/icyphy/ptII/ptolemy/actor/lib/test/auto/ArrayAverage.xml
5 ms. Memory: 347136K Free: 129187K (37%)
----------------- Invoking toplevel() on ptolemy.moml.MoMLSimpleApplication@280b1bda
----------------- Done invoking toplevel() on ptolemy.moml.MoMLSimpleApplication@280b1bda
reloadAllAccessors: .ArrayAverage

===========================================================================================
----------------- testing Mon Jun 29 15:14:24 UTC 2020 /home/travis/build/icyphy/ptII/ptolemy/actor/lib/test/auto/ArrayContains.xml
----------------- Instantiating /home/travis/build/icyphy/ptII/ptolemy/actor/lib/test/auto/ArrayContains.xml
15 ms. Memory: 347136K Free: 123043K (35%)
----------------- Invoking toplevel() on ptolemy.moml.MoMLSimpleApplication@7dc388ed
----------------- Done invoking toplevel() on ptolemy.moml.MoMLSimpleApplication@7dc388ed
reloadAllAccessors: .ArrayContains

===========================================================================================
----------------- testing Mon Jun 29 15:14:24 UTC 2020 /home/travis/build/icyphy/ptII/ptolemy/actor/lib/test/auto/ArrayElement.xml
----------------- Instantiating /home/travis/build/icyphy/ptII/ptolemy/actor/lib/test/auto/ArrayElement.xml
4 ms. Memory: 347136K Free: 117409K (34%)
----------------- Invoking toplevel() on ptolemy.moml.MoMLSimpleApplication@18940c2a
----------------- Done invoking toplevel() on ptolemy.moml.MoMLSimpleApplication@18940c2a
reloadAllAccessors: .ArrayElement

===========================================================================================
----------------- testing Mon Jun 29 15:14:24 UTC 2020 /home/travis/build/icyphy/ptII/ptolemy/actor/lib/test/auto/ArrayElementAsMatrix.xml
----------------- Instantiating /home/travis/build/icyphy/ptII/ptolemy/actor/lib/test/auto/ArrayElementAsMatrix.xml
67 ms. Memory: 347136K Free: 297437K (86%)
----------------- Invoking toplevel() on ptolemy.moml.MoMLSimpleApplication@5b8c05c4
----------------- Done invoking toplevel() on ptolemy.moml.MoMLSimpleApplication@5b8c05c4
reloadAllAccessors: .ArrayElementAsMatrix

===========================================================================================
----------------- testing Mon Jun 29 15:14:24 UTC 2020 /home/travis/build/icyphy/ptII/ptolemy/actor/lib/test/auto/ArrayElementI.xml
----------------- Instantiating /home/travis/build/icyphy/ptII/ptolemy/actor/lib/test/auto/ArrayElementI.xml
4 ms. Memory: 347136K Free: 291048K (84%)
----------------- Invoking toplevel() on ptolemy.moml.MoMLSimpleApplication@55d2f2ed
----------------- Done invoking toplevel() on ptolemy.moml.MoMLSimpleApplication@55d2f2ed
reloadAllAccessors: .ArrayElementI

===========================================================================================
----------------- testing Mon Jun 29 15:14:24 UTC 2020 /home/travis/build/icyphy/ptII/ptolemy/actor/lib/test/auto/ArrayExtract.xml
----------------- Instantiating /home/travis/build/icyphy/ptII/ptolemy/actor/lib/test/auto/ArrayExtract.xml
5 ms. Memory: 347136K Free: 282870K (81%)
----------------- Invoking toplevel() on ptolemy.moml.MoMLSimpleApplication@2694262
----------------- Done invoking toplevel() on ptolemy.moml.MoMLSimpleApplication@2694262
reloadAllAccessors: .ArrayExtract

===========================================================================================
----------------- testing Mon Jun 29 15:14:24 UTC 2020 /home/travis/build/icyphy/ptII/ptolemy/actor/lib/test/auto/ArrayExtract2.xml
----------------- Instantiating /home/travis/build/icyphy/ptII/ptolemy/actor/lib/test/auto/ArrayExtract2.xml
2 ms. Memory: 347136K Free: 277750K (80%)
----------------- Invoking toplevel() on ptolemy.moml.MoMLSimpleApplication@231ad5ae
----------------- Done invoking toplevel() on ptolemy.moml.MoMLSimpleApplication@231ad5ae
reloadAllAccessors: .ArrayExtract2

===========================================================================================
----------------- testing Mon Jun 29 15:14:24 UTC 2020 /home/travis/build/icyphy/ptII/ptolemy/actor/lib/test/auto/ArrayLength.xml
----------------- Instantiating /home/travis/build/icyphy/ptII/ptolemy/actor/lib/test/auto/ArrayLength.xml
3 ms. Memory: 347136K Free: 273654K (79%)
----------------- Invoking toplevel() on ptolemy.moml.MoMLSimpleApplication@32187a5a
----------------- Done invoking toplevel() on ptolemy.moml.MoMLSimpleApplication@32187a5a
reloadAllAccessors: .ArrayLength

===========================================================================================
----------------- testing Mon Jun 29 15:14:24 UTC 2020 /home/travis/build/icyphy/ptII/ptolemy/actor/lib/test/auto/ArrayLevelCrossing.xml
----------------- Instantiating /home/travis/build/icyphy/ptII/ptolemy/actor/lib/test/auto/ArrayLevelCrossing.xml
3 ms. Memory: 347136K Free: 265462K (76%)
----------------- Invoking toplevel() on ptolemy.moml.MoMLSimpleApplication@5123d95d
----------------- Done invoking toplevel() on ptolemy.moml.MoMLSimpleApplication@5123d95d
reloadAllAccessors: .ArrayLevelCrossing

===========================================================================================
----------------- testing Mon Jun 29 15:14:24 UTC 2020 /home/travis/build/icyphy/ptII/ptolemy/actor/lib/test/auto/ArrayLevelCrossing2.xml
----------------- Instantiating /home/travis/build/icyphy/ptII/ptolemy/actor/lib/test/auto/ArrayLevelCrossing2.xml
2 ms. Memory: 347136K Free: 258264K (74%)
----------------- Invoking toplevel() on ptolemy.moml.MoMLSimpleApplication@542f91cd
----------------- Done invoking toplevel() on ptolemy.moml.MoMLSimpleApplication@542f91cd
reloadAllAccessors: .ArrayLevelCrossing2

===========================================================================================
----------------- testing Mon Jun 29 15:14:24 UTC 2020 /home/travis/build/icyphy/ptII/ptolemy/actor/lib/test/auto/ArrayPeakSearch.xml
----------------- Instantiating /home/travis/build/icyphy/ptII/ptolemy/actor/lib/test/auto/ArrayPeakSearch.xml
6 ms. Memory: 347136K Free: 249078K (72%)
----------------- Invoking toplevel() on ptolemy.moml.MoMLSimpleApplication@1cfc1e6d
----------------- Done invoking toplevel() on ptolemy.moml.MoMLSimpleApplication@1cfc1e6d
reloadAllAccessors: .ArrayPeakSearch

===========================================================================================
----------------- testing Mon Jun 29 15:14:24 UTC 2020 /home/travis/build/icyphy/ptII/ptolemy/actor/lib/test/auto/ArrayPeakSearch2.xml
----------------- Instantiating /home/travis/build/icyphy/ptII/ptolemy/actor/lib/test/auto/ArrayPeakSearch2.xml
4 ms. Memory: 347136K Free: 238808K (69%)
----------------- Invoking toplevel() on ptolemy.moml.MoMLSimpleApplication@139585df
----------------- Done invoking toplevel() on ptolemy.moml.MoMLSimpleApplication@139585df
reloadAllAccessors: .ArrayPeakSearch2

===========================================================================================
----------------- testing Mon Jun 29 15:14:24 UTC 2020 /home/travis/build/icyphy/ptII/ptolemy/actor/lib/test/auto/ArrayPeakSearch3.xml
----------------- Instantiating /home/travis/build/icyphy/ptII/ptolemy/actor/lib/test/auto/ArrayPeakSearch3.xml
4 ms. Memory: 347136K Free: 229622K (66%)
----------------- Invoking toplevel() on ptolemy.moml.MoMLSimpleApplication@3a620874
----------------- Done invoking toplevel() on ptolemy.moml.MoMLSimpleApplication@3a620874
reloadAllAccessors: .ArrayPeakSearch3

===========================================================================================
----------------- testing Mon Jun 29 15:14:24 UTC 2020 /home/travis/build/icyphy/ptII/ptolemy/actor/lib/test/auto/ArrayRemoveElement.xml
----------------- Instantiating /home/travis/build/icyphy/ptII/ptolemy/actor/lib/test/auto/ArrayRemoveElement.xml
5 ms. Memory: 347136K Free: 221944K (64%)
----------------- Invoking toplevel() on ptolemy.moml.MoMLSimpleApplication@6d229d5a
----------------- Done invoking toplevel() on ptolemy.moml.MoMLSimpleApplication@6d229d5a
reloadAllAccessors: .ArrayRemoveElement

===========================================================================================
----------------- testing Mon Jun 29 15:14:24 UTC 2020 /home/travis/build/icyphy/ptII/ptolemy/actor/lib/test/auto/ArraySort.xml
----------------- Instantiating /home/travis/build/icyphy/ptII/ptolemy/actor/lib/test/auto/ArraySort.xml
8 ms. Memory: 347136K Free: 212728K (61%)
----------------- Invoking toplevel() on ptolemy.moml.MoMLSimpleApplication@50be676e
----------------- Done invoking toplevel() on ptolemy.moml.MoMLSimpleApplication@50be676e
reloadAllAccessors: .ArraySort

===========================================================================================
----------------- testing Mon Jun 29 15:14:24 UTC 2020 /home/travis/build/icyphy/ptII/ptolemy/actor/lib/test/auto/ArraySum.xml
----------------- Instantiating /home/travis/build/icyphy/ptII/ptolemy/actor/lib/test/auto/ArraySum.xml
5 ms. Memory: 347136K Free: 207608K (60%)
----------------- Invoking toplevel() on ptolemy.moml.MoMLSimpleApplication@71e677aa
----------------- Done invoking toplevel() on ptolemy.moml.MoMLSimpleApplication@71e677aa
reloadAllAccessors: .ArraySum

===========================================================================================
----------------- testing Mon Jun 29 15:14:24 UTC 2020 /home/travis/build/icyphy/ptII/ptolemy/actor/lib/test/auto/ArrayToElements.xml
----------------- Instantiating /home/travis/build/icyphy/ptII/ptolemy/actor/lib/test/auto/ArrayToElements.xml
8 ms. Memory: 347136K Free: 201974K (58%)
----------------- Invoking toplevel() on ptolemy.moml.MoMLSimpleApplication@2d01f94f
----------------- Done invoking toplevel() on ptolemy.moml.MoMLSimpleApplication@2d01f94f
reloadAllAccessors: .ArrayToElements

===========================================================================================
----------------- testing Mon Jun 29 15:14:24 UTC 2020 /home/travis/build/icyphy/ptII/ptolemy/actor/lib/test/auto/ArrayToMatrix.xml
----------------- Instantiating /home/travis/build/icyphy/ptII/ptolemy/actor/lib/test/auto/ArrayToMatrix.xml
10 ms. Memory: 347136K Free: 188152K (54%)
----------------- Invoking toplevel() on ptolemy.moml.MoMLSimpleApplication@193dea29
----------------- Done invoking toplevel() on ptolemy.moml.MoMLSimpleApplication@193dea29
reloadAllAccessors: .ArrayToMatrix

===========================================================================================
----------------- testing Mon Jun 29 15:14:25 UTC 2020 /home/travis/build/icyphy/ptII/ptolemy/actor/lib/test/auto/ArrayUpdate1.xml
----------------- Instantiating /home/travis/build/icyphy/ptII/ptolemy/actor/lib/test/auto/ArrayUpdate1.xml
5 ms. Memory: 347136K Free: 183032K (53%)
----------------- Invoking toplevel() on ptolemy.moml.MoMLSimpleApplication@49bc1765
----------------- Done invoking toplevel() on ptolemy.moml.MoMLSimpleApplication@49bc1765
reloadAllAccessors: .ArrayUpdate1

===========================================================================================
----------------- testing Mon Jun 29 15:14:25 UTC 2020 /home/travis/build/icyphy/ptII/ptolemy/actor/lib/test/auto/ArrayUpdate2.xml
----------------- Instantiating /home/travis/build/icyphy/ptII/ptolemy/actor/lib/test/auto/ArrayUpdate2.xml
9 ms. Memory: 347136K Free: 176888K (51%)
----------------- Invoking toplevel() on ptolemy.moml.MoMLSimpleApplication@993e732
----------------- Done invoking toplevel() on ptolemy.moml.MoMLSimpleApplication@993e732
reloadAllAccessors: .ArrayUpdate2

===========================================================================================
----------------- testing Mon Jun 29 15:14:25 UTC 2020 /home/travis/build/icyphy/ptII/ptolemy/actor/lib/test/auto/ArrayUpdate3.xml
----------------- Instantiating /home/travis/build/icyphy/ptII/ptolemy/actor/lib/test/auto/ArrayUpdate3.xml
4 ms. Memory: 347136K Free: 171768K (49%)
----------------- Invoking toplevel() on ptolemy.moml.MoMLSimpleApplication@142de7c4
----------------- Done invoking toplevel() on ptolemy.moml.MoMLSimpleApplication@142de7c4
reloadAllAccessors: .ArrayUpdate3

===========================================================================================
----------------- testing Mon Jun 29 15:14:25 UTC 2020 /home/travis/build/icyphy/ptII/ptolemy/actor/lib/test/auto/Assert1.xml
----------------- Instantiating /home/travis/build/icyphy/ptII/ptolemy/actor/lib/test/auto/Assert1.xml
5 ms. Memory: 347136K Free: 167672K (48%)
----------------- Invoking toplevel() on ptolemy.moml.MoMLSimpleApplication@724fa45d
----------------- Done invoking toplevel() on ptolemy.moml.MoMLSimpleApplication@724fa45d
reloadAllAccessors: .Assert1

===========================================================================================
----------------- testing Mon Jun 29 15:14:25 UTC 2020 /home/travis/build/icyphy/ptII/ptolemy/actor/lib/test/auto/Assert2.xml
----------------- Instantiating /home/travis/build/icyphy/ptII/ptolemy/actor/lib/test/auto/Assert2.xml
2 ms. Memory: 347136K Free: 162038K (47%)
----------------- Invoking toplevel() on ptolemy.moml.MoMLSimpleApplication@31c6547
----------------- Done invoking toplevel() on ptolemy.moml.MoMLSimpleApplication@31c6547
reloadAllAccessors: .Assert2

===========================================================================================
----------------- testing Mon Jun 29 15:14:25 UTC 2020 /home/travis/build/icyphy/ptII/ptolemy/actor/lib/test/auto/BooleanMultiplexor.xml
----------------- Instantiating /home/travis/build/icyphy/ptII/ptolemy/actor/lib/test/auto/BooleanMultiplexor.xml
3 ms. Memory: 347136K Free: 156888K (45%)
----------------- Invoking toplevel() on ptolemy.moml.MoMLSimpleApplication@6dd886ab
----------------- Done invoking toplevel() on ptolemy.moml.MoMLSimpleApplication@6dd886ab
reloadAllAccessors: .BooleanMultiplexor

===========================================================================================
----------------- testing Mon Jun 29 15:14:25 UTC 2020 /home/travis/build/icyphy/ptII/ptolemy/actor/lib/test/auto/BooleanMultiplexor2.xml
----------------- Instantiating /home/travis/build/icyphy/ptII/ptolemy/actor/lib/test/auto/BooleanMultiplexor2.xml
12 ms. Memory: 347136K Free: 149750K (43%)
----------------- Invoking toplevel() on ptolemy.moml.MoMLSimpleApplication@30b7f6d4
----------------- Done invoking toplevel() on ptolemy.moml.MoMLSimpleApplication@30b7f6d4
reloadAllAccessors: .BooleanMultiplexor2

===========================================================================================
----------------- testing Mon Jun 29 15:14:25 UTC 2020 /home/travis/build/icyphy/ptII/ptolemy/actor/lib/test/auto/BooleanMultiplexor3.xml
----------------- Instantiating /home/travis/build/icyphy/ptII/ptolemy/actor/lib/test/auto/BooleanMultiplexor3.xml
1 ms. Memory: 347136K Free: 146166K (42%)
----------------- Invoking toplevel() on ptolemy.moml.MoMLSimpleApplication@6f4aa1c2
----------------- Done invoking toplevel() on ptolemy.moml.MoMLSimpleApplication@6f4aa1c2
reloadAllAccessors: .BooleanMultiplexor3

===========================================================================================
----------------- testing Mon Jun 29 15:14:25 UTC 2020 /home/travis/build/icyphy/ptII/ptolemy/actor/lib/test/auto/BooleanSelect.xml
----------------- Instantiating /home/travis/build/icyphy/ptII/ptolemy/actor/lib/test/auto/BooleanSelect.xml
2 ms. Memory: 347136K Free: 140024K (40%)
----------------- Invoking toplevel() on ptolemy.moml.MoMLSimpleApplication@75767bca
----------------- Done invoking toplevel() on ptolemy.moml.MoMLSimpleApplication@75767bca
reloadAllAccessors: .BooleanSelect

===========================================================================================
----------------- testing Mon Jun 29 15:14:25 UTC 2020 /home/travis/build/icyphy/ptII/ptolemy/actor/lib/test/auto/BooleanSelect2.xml
----------------- Instantiating /home/travis/build/icyphy/ptII/ptolemy/actor/lib/test/auto/BooleanSelect2.xml
1 ms. Memory: 347136K Free: 135928K (39%)
----------------- Invoking toplevel() on ptolemy.moml.MoMLSimpleApplication@3625de11
----------------- Done invoking toplevel() on ptolemy.moml.MoMLSimpleApplication@3625de11
reloadAllAccessors: .BooleanSelect2

===========================================================================================
----------------- testing Mon Jun 29 15:14:25 UTC 2020 /home/travis/build/icyphy/ptII/ptolemy/actor/lib/test/auto/BooleanSwitch.xml
----------------- Instantiating /home/travis/build/icyphy/ptII/ptolemy/actor/lib/test/auto/BooleanSwitch.xml
4 ms. Memory: 347136K Free: 129784K (37%)
----------------- Invoking toplevel() on ptolemy.moml.MoMLSimpleApplication@b203a47
----------------- Done invoking toplevel() on ptolemy.moml.MoMLSimpleApplication@b203a47
reloadAllAccessors: .BooleanSwitch

===========================================================================================
----------------- testing Mon Jun 29 15:14:25 UTC 2020 /home/travis/build/icyphy/ptII/ptolemy/actor/lib/test/auto/BooleanSwitch2.xml
----------------- Instantiating /home/travis/build/icyphy/ptII/ptolemy/actor/lib/test/auto/BooleanSwitch2.xml
2 ms. Memory: 347136K Free: 125688K (36%)
----------------- Invoking toplevel() on ptolemy.moml.MoMLSimpleApplication@5b8731ff
----------------- Done invoking toplevel() on ptolemy.moml.MoMLSimpleApplication@5b8731ff
reloadAllAccessors: .BooleanSwitch2

===========================================================================================
----------------- testing Mon Jun 29 15:14:25 UTC 2020 /home/travis/build/icyphy/ptII/ptolemy/actor/lib/test/auto/BooleanSwitchCloningBugWithClassRelationGroup.xml
----------------- Instantiating /home/travis/build/icyphy/ptII/ptolemy/actor/lib/test/auto/BooleanSwitchCloningBugWithClassRelationGroup.xml
3 ms. Memory: 347136K Free: 119030K (34%)
----------------- Invoking toplevel() on ptolemy.moml.MoMLSimpleApplication@3f06d46e
----------------- Done invoking toplevel() on ptolemy.moml.MoMLSimpleApplication@3f06d46e
reloadAllAccessors: .BooleanSwitchCloningBugWithClassRelationGroup

===========================================================================================
----------------- testing Mon Jun 29 15:14:25 UTC 2020 /home/travis/build/icyphy/ptII/ptolemy/actor/lib/test/auto/BusActors.xml
----------------- Instantiating /home/travis/build/icyphy/ptII/ptolemy/actor/lib/test/auto/BusActors.xml
6 ms. Memory: 347136K Free: 111352K (32%)
----------------- Invoking toplevel() on ptolemy.moml.MoMLSimpleApplication@9bd09a6
----------------- Done invoking toplevel() on ptolemy.moml.MoMLSimpleApplication@9bd09a6
reloadAllAccessors: .BusActors

===========================================================================================
----------------- testing Mon Jun 29 15:14:25 UTC 2020 /home/travis/build/icyphy/ptII/ptolemy/actor/lib/test/auto/ClassWrapper.xml
----------------- Instantiating /home/travis/build/icyphy/ptII/ptolemy/actor/lib/test/auto/ClassWrapper.xml
3 ms. Memory: 347136K Free: 106742K (31%)
----------------- Invoking toplevel() on ptolemy.moml.MoMLSimpleApplication@6f2ab1cd
----------------- Done invoking toplevel() on ptolemy.moml.MoMLSimpleApplication@6f2ab1cd
reloadAllAccessors: .ClassWrapper

===========================================================================================
----------------- testing Mon Jun 29 15:14:25 UTC 2020 /home/travis/build/icyphy/ptII/ptolemy/actor/lib/test/auto/Clock.xml
----------------- Instantiating /home/travis/build/icyphy/ptII/ptolemy/actor/lib/test/auto/Clock.xml
3 ms. Memory: 347136K Free: 103160K (30%)
----------------- Invoking toplevel() on ptolemy.moml.MoMLSimpleApplication@4957d33d
----------------- Done invoking toplevel() on ptolemy.moml.MoMLSimpleApplication@4957d33d
reloadAllAccessors: .Clock

===========================================================================================
----------------- testing Mon Jun 29 15:14:25 UTC 2020 /home/travis/build/icyphy/ptII/ptolemy/actor/lib/test/auto/Clock10.xml
----------------- Instantiating /home/travis/build/icyphy/ptII/ptolemy/actor/lib/test/auto/Clock10.xml
3 ms. Memory: 347136K Free: 292088K (84%)
----------------- Invoking toplevel() on ptolemy.moml.MoMLSimpleApplication@502d0880
----------------- Done invoking toplevel() on ptolemy.moml.MoMLSimpleApplication@502d0880
reloadAllAccessors: .Clock10

===========================================================================================
----------------- testing Mon Jun 29 15:14:25 UTC 2020 /home/travis/build/icyphy/ptII/ptolemy/actor/lib/test/auto/Clock11.xml
----------------- Instantiating /home/travis/build/icyphy/ptII/ptolemy/actor/lib/test/auto/Clock11.xml
4 ms. Memory: 347136K Free: 286451K (83%)
----------------- Invoking toplevel() on ptolemy.moml.MoMLSimpleApplication@2b685525
----------------- Done invoking toplevel() on ptolemy.moml.MoMLSimpleApplication@2b685525
reloadAllAccessors: .Clock11

===========================================================================================
----------------- testing Mon Jun 29 15:14:25 UTC 2020 /home/travis/build/icyphy/ptII/ptolemy/actor/lib/test/auto/Clock12.xml
----------------- Instantiating /home/travis/build/icyphy/ptII/ptolemy/actor/lib/test/auto/Clock12.xml
8 ms. Memory: 347136K Free: 280310K (81%)
----------------- Invoking toplevel() on ptolemy.moml.MoMLSimpleApplication@f0eedfc
----------------- Done invoking toplevel() on ptolemy.moml.MoMLSimpleApplication@f0eedfc
reloadAllAccessors: .Clock12

===========================================================================================
----------------- testing Mon Jun 29 15:14:25 UTC 2020 /home/travis/build/icyphy/ptII/ptolemy/actor/lib/test/auto/Clock13.xml
----------------- Instantiating /home/travis/build/icyphy/ptII/ptolemy/actor/lib/test/auto/Clock13.xml
7 ms. Memory: 347136K Free: 274136K (79%)
----------------- Invoking toplevel() on ptolemy.moml.MoMLSimpleApplication@31280a24
----------------- Done invoking toplevel() on ptolemy.moml.MoMLSimpleApplication@31280a24
reloadAllAccessors: .Clock13

===========================================================================================
----------------- testing Mon Jun 29 15:14:25 UTC 2020 /home/travis/build/icyphy/ptII/ptolemy/actor/lib/test/auto/Clock14.xml
----------------- Instantiating /home/travis/build/icyphy/ptII/ptolemy/actor/lib/test/auto/Clock14.xml
4 ms. Memory: 347136K Free: 268536K (77%)
----------------- Invoking toplevel() on ptolemy.moml.MoMLSimpleApplication@7593fa7a
----------------- Done invoking toplevel() on ptolemy.moml.MoMLSimpleApplication@7593fa7a
reloadAllAccessors: .Clock14

===========================================================================================
----------------- testing Mon Jun 29 15:14:25 UTC 2020 /home/travis/build/icyphy/ptII/ptolemy/actor/lib/test/auto/Clock15.xml
----------------- Instantiating /home/travis/build/icyphy/ptII/ptolemy/actor/lib/test/auto/Clock15.xml
3 ms. Memory: 347136K Free: 262392K (76%)
----------------- Invoking toplevel() on ptolemy.moml.MoMLSimpleApplication@224e7242
----------------- Done invoking toplevel() on ptolemy.moml.MoMLSimpleApplication@224e7242
reloadAllAccessors: .Clock15

===========================================================================================
----------------- testing Mon Jun 29 15:14:25 UTC 2020 /home/travis/build/icyphy/ptII/ptolemy/actor/lib/test/auto/Clock16.xml
----------------- Instantiating /home/travis/build/icyphy/ptII/ptolemy/actor/lib/test/auto/Clock16.xml
44 ms. Memory: 347136K Free: 248040K (71%)
----------------- Invoking toplevel() on ptolemy.moml.MoMLSimpleApplication@5a75134c
----------------- Done invoking toplevel() on ptolemy.moml.MoMLSimpleApplication@5a75134c
reloadAllAccessors: .Clock16

===========================================================================================
----------------- testing Mon Jun 29 15:14:25 UTC 2020 /home/travis/build/icyphy/ptII/ptolemy/actor/lib/test/auto/Clock17.xml
----------------- Instantiating /home/travis/build/icyphy/ptII/ptolemy/actor/lib/test/auto/Clock17.xml
26 ms. Memory: 347136K Free: 233720K (67%)
----------------- Invoking toplevel() on ptolemy.moml.MoMLSimpleApplication@763e6cdb
----------------- Done invoking toplevel() on ptolemy.moml.MoMLSimpleApplication@763e6cdb
reloadAllAccessors: .Clock17

===========================================================================================
----------------- testing Mon Jun 29 15:14:25 UTC 2020 /home/travis/build/icyphy/ptII/ptolemy/actor/lib/test/auto/Clock18.xml
----------------- Instantiating /home/travis/build/icyphy/ptII/ptolemy/actor/lib/test/auto/Clock18.xml
13 ms. Memory: 347136K Free: 220904K (64%)
----------------- Invoking toplevel() on ptolemy.moml.MoMLSimpleApplication@4ab39b16
----------------- Done invoking toplevel() on ptolemy.moml.MoMLSimpleApplication@4ab39b16
reloadAllAccessors: .Clock18

===========================================================================================
----------------- testing Mon Jun 29 15:14:25 UTC 2020 /home/travis/build/icyphy/ptII/ptolemy/actor/lib/test/auto/Clock19.xml
----------------- Instantiating /home/travis/build/icyphy/ptII/ptolemy/actor/lib/test/auto/Clock19.xml
11 ms. Memory: 347136K Free: 207096K (60%)
----------------- Invoking toplevel() on ptolemy.moml.MoMLSimpleApplication@6197afb2
----------------- Done invoking toplevel() on ptolemy.moml.MoMLSimpleApplication@6197afb2
reloadAllAccessors: .Clock19

===========================================================================================
----------------- testing Mon Jun 29 15:14:25 UTC 2020 /home/travis/build/icyphy/ptII/ptolemy/actor/lib/test/auto/Clock2.xml
----------------- Instantiating /home/travis/build/icyphy/ptII/ptolemy/actor/lib/test/auto/Clock2.xml
8 ms. Memory: 347136K Free: 202456K (58%)
----------------- Invoking toplevel() on ptolemy.moml.MoMLSimpleApplication@47a5355e
----------------- Done invoking toplevel() on ptolemy.moml.MoMLSimpleApplication@47a5355e
reloadAllAccessors: .Clock2

===========================================================================================
----------------- testing Mon Jun 29 15:14:25 UTC 2020 /home/travis/build/icyphy/ptII/ptolemy/actor/lib/test/auto/Clock20.xml
----------------- Instantiating /home/travis/build/icyphy/ptII/ptolemy/actor/lib/test/auto/Clock20.xml
7 ms. Memory: 347136K Free: 197366K (57%)
----------------- Invoking toplevel() on ptolemy.moml.MoMLSimpleApplication@1dda043d
----------------- Done invoking toplevel() on ptolemy.moml.MoMLSimpleApplication@1dda043d
reloadAllAccessors: .Clock20

===========================================================================================
----------------- testing Mon Jun 29 15:14:25 UTC 2020 /home/travis/build/icyphy/ptII/ptolemy/actor/lib/test/auto/Clock21.xml
----------------- Instantiating /home/travis/build/icyphy/ptII/ptolemy/actor/lib/test/auto/Clock21.xml
3 ms. Memory: 347136K Free: 191736K (55%)
----------------- Invoking toplevel() on ptolemy.moml.MoMLSimpleApplication@4603115
----------------- Done invoking toplevel() on ptolemy.moml.MoMLSimpleApplication@4603115
reloadAllAccessors: .Clock21

===========================================================================================
----------------- testing Mon Jun 29 15:14:25 UTC 2020 /home/travis/build/icyphy/ptII/ptolemy/actor/lib/test/auto/Clock22.xml
----------------- Instantiating /home/travis/build/icyphy/ptII/ptolemy/actor/lib/test/auto/Clock22.xml
3 ms. Memory: 347136K Free: 186616K (54%)
----------------- Invoking toplevel() on ptolemy.moml.MoMLSimpleApplication@563c62bf
----------------- Done invoking toplevel() on ptolemy.moml.MoMLSimpleApplication@563c62bf
reloadAllAccessors: .Clock22

===========================================================================================
----------------- testing Mon Jun 29 15:14:25 UTC 2020 /home/travis/build/icyphy/ptII/ptolemy/actor/lib/test/auto/Clock23.xml
----------------- Instantiating /home/travis/build/icyphy/ptII/ptolemy/actor/lib/test/auto/Clock23.xml
7 ms. Memory: 347136K Free: 180982K (52%)
----------------- Invoking toplevel() on ptolemy.moml.MoMLSimpleApplication@74d0f4f9
----------------- Done invoking toplevel() on ptolemy.moml.MoMLSimpleApplication@74d0f4f9
reloadAllAccessors: .Clock23

===========================================================================================
----------------- testing Mon Jun 29 15:14:26 UTC 2020 /home/travis/build/icyphy/ptII/ptolemy/actor/lib/test/auto/Clock24.xml
----------------- Instantiating /home/travis/build/icyphy/ptII/ptolemy/actor/lib/test/auto/Clock24.xml
4 ms. Memory: 347136K Free: 175862K (51%)
----------------- Invoking toplevel() on ptolemy.moml.MoMLSimpleApplication@881555b
----------------- Done invoking toplevel() on ptolemy.moml.MoMLSimpleApplication@881555b
reloadAllAccessors: .Clock24

===========================================================================================
----------------- testing Mon Jun 29 15:14:26 UTC 2020 /home/travis/build/icyphy/ptII/ptolemy/actor/lib/test/auto/Clock4.xml
----------------- Instantiating /home/travis/build/icyphy/ptII/ptolemy/actor/lib/test/auto/Clock4.xml
2 ms. Memory: 347136K Free: 170712K (49%)
----------------- Invoking toplevel() on ptolemy.moml.MoMLSimpleApplication@5673eef
----------------- Done invoking toplevel() on ptolemy.moml.MoMLSimpleApplication@5673eef
reloadAllAccessors: .Clock4

===========================================================================================
----------------- testing Mon Jun 29 15:14:26 UTC 2020 /home/travis/build/icyphy/ptII/ptolemy/actor/lib/test/auto/Clock5.xml
----------------- Instantiating /home/travis/build/icyphy/ptII/ptolemy/actor/lib/test/auto/Clock5.xml
2 ms. Memory: 347136K Free: 165112K (48%)
----------------- Invoking toplevel() on ptolemy.moml.MoMLSimpleApplication@701da49f
----------------- Done invoking toplevel() on ptolemy.moml.MoMLSimpleApplication@701da49f
reloadAllAccessors: .Clock5

===========================================================================================
----------------- testing Mon Jun 29 15:14:26 UTC 2020 /home/travis/build/icyphy/ptII/ptolemy/actor/lib/test/auto/Clock6.xml
----------------- Instantiating /home/travis/build/icyphy/ptII/ptolemy/actor/lib/test/auto/Clock6.xml
3 ms. Memory: 347136K Free: 161016K (46%)
----------------- Invoking toplevel() on ptolemy.moml.MoMLSimpleApplication@52dcd2db
----------------- Done invoking toplevel() on ptolemy.moml.MoMLSimpleApplication@52dcd2db
reloadAllAccessors: .Clock6

===========================================================================================
----------------- testing Mon Jun 29 15:14:26 UTC 2020 /home/travis/build/icyphy/ptII/ptolemy/actor/lib/test/auto/Clock7.xml
----------------- Instantiating /home/travis/build/icyphy/ptII/ptolemy/actor/lib/test/auto/Clock7.xml
1 ms. Memory: 347136K Free: 156406K (45%)
----------------- Invoking toplevel() on ptolemy.moml.MoMLSimpleApplication@244510dd
----------------- Done invoking toplevel() on ptolemy.moml.MoMLSimpleApplication@244510dd
reloadAllAccessors: .Clock7

===========================================================================================
----------------- testing Mon Jun 29 15:14:26 UTC 2020 /home/travis/build/icyphy/ptII/ptolemy/actor/lib/test/auto/Clock8.xml
----------------- Instantiating /home/travis/build/icyphy/ptII/ptolemy/actor/lib/test/auto/Clock8.xml
2 ms. Memory: 347136K Free: 151280K (44%)
----------------- Invoking toplevel() on ptolemy.moml.MoMLSimpleApplication@6bb02ca5
----------------- Done invoking toplevel() on ptolemy.moml.MoMLSimpleApplication@6bb02ca5
reloadAllAccessors: .Clock8

===========================================================================================
----------------- testing Mon Jun 29 15:14:26 UTC 2020 /home/travis/build/icyphy/ptII/ptolemy/actor/lib/test/auto/Clock9.xml
----------------- Instantiating /home/travis/build/icyphy/ptII/ptolemy/actor/lib/test/auto/Clock9.xml
5 ms. Memory: 347136K Free: 145656K (42%)
----------------- Invoking toplevel() on ptolemy.moml.MoMLSimpleApplication@5c7deaa6
----------------- Done invoking toplevel() on ptolemy.moml.MoMLSimpleApplication@5c7deaa6
reloadAllAccessors: .Clock9

===========================================================================================
----------------- testing Mon Jun 29 15:14:26 UTC 2020 /home/travis/build/icyphy/ptII/ptolemy/actor/lib/test/auto/CommDistDiscard.xml
----------------- Instantiating /home/travis/build/icyphy/ptII/ptolemy/actor/lib/test/auto/CommDistDiscard.xml
3 ms. Memory: 347136K Free: 140022K (40%)
----------------- Invoking toplevel() on ptolemy.moml.MoMLSimpleApplication@6d7e24f6
----------------- Done invoking toplevel() on ptolemy.moml.MoMLSimpleApplication@6d7e24f6
reloadAllAccessors: .CommDistDiscard

===========================================================================================
----------------- testing Mon Jun 29 15:14:26 UTC 2020 /home/travis/build/icyphy/ptII/ptolemy/actor/lib/test/auto/Commutator.xml
----------------- Instantiating /home/travis/build/icyphy/ptII/ptolemy/actor/lib/test/auto/Commutator.xml
4 ms. Memory: 347136K Free: 135926K (39%)
----------------- Invoking toplevel() on ptolemy.moml.MoMLSimpleApplication@6ed20ba1
----------------- Done invoking toplevel() on ptolemy.moml.MoMLSimpleApplication@6ed20ba1
reloadAllAccessors: .Commutator

===========================================================================================
----------------- testing Mon Jun 29 15:14:26 UTC 2020 /home/travis/build/icyphy/ptII/ptolemy/actor/lib/test/auto/Commutator2.xml
----------------- Instantiating /home/travis/build/icyphy/ptII/ptolemy/actor/lib/test/auto/Commutator2.xml
1 ms. Memory: 347136K Free: 131320K (38%)
----------------- Invoking toplevel() on ptolemy.moml.MoMLSimpleApplication@1def3b38
----------------- Done invoking toplevel() on ptolemy.moml.MoMLSimpleApplication@1def3b38
reloadAllAccessors: .Commutator2

===========================================================================================
----------------- testing Mon Jun 29 15:14:26 UTC 2020 /home/travis/build/icyphy/ptII/ptolemy/actor/lib/test/auto/Commutator3.xml
----------------- Instantiating /home/travis/build/icyphy/ptII/ptolemy/actor/lib/test/auto/Commutator3.xml
2 ms. Memory: 347136K Free: 127224K (37%)
----------------- Invoking toplevel() on ptolemy.moml.MoMLSimpleApplication@771c0589
----------------- Done invoking toplevel() on ptolemy.moml.MoMLSimpleApplication@771c0589
reloadAllAccessors: .Commutator3

===========================================================================================
----------------- testing Mon Jun 29 15:14:26 UTC 2020 /home/travis/build/icyphy/ptII/ptolemy/actor/lib/test/auto/Compare.xml
----------------- Instantiating /home/travis/build/icyphy/ptII/ptolemy/actor/lib/test/auto/Compare.xml
2 ms. Memory: 347136K Free: 120566K (35%)
----------------- Invoking toplevel() on ptolemy.moml.MoMLSimpleApplication@39166d20
----------------- Done invoking toplevel() on ptolemy.moml.MoMLSimpleApplication@39166d20
reloadAllAccessors: .Compare

===========================================================================================
----------------- testing Mon Jun 29 15:14:26 UTC 2020 /home/travis/build/icyphy/ptII/ptolemy/actor/lib/test/auto/CompareDE.xml
----------------- Instantiating /home/travis/build/icyphy/ptII/ptolemy/actor/lib/test/auto/CompareDE.xml
4 ms. Memory: 347136K Free: 113384K (33%)
----------------- Invoking toplevel() on ptolemy.moml.MoMLSimpleApplication@1890fed2
----------------- Done invoking toplevel() on ptolemy.moml.MoMLSimpleApplication@1890fed2
reloadAllAccessors: .CompareDE

===========================================================================================
----------------- testing Mon Jun 29 15:14:26 UTC 2020 /home/travis/build/icyphy/ptII/ptolemy/actor/lib/test/auto/ComplexDivide.xml
----------------- Instantiating /home/travis/build/icyphy/ptII/ptolemy/actor/lib/test/auto/ComplexDivide.xml
1 ms. Memory: 347136K Free: 109816K (32%)
----------------- Invoking toplevel() on ptolemy.moml.MoMLSimpleApplication@39a47cab
----------------- Done invoking toplevel() on ptolemy.moml.MoMLSimpleApplication@39a47cab
reloadAllAccessors: .ComplexDivide

===========================================================================================
----------------- testing Mon Jun 29 15:14:26 UTC 2020 /home/travis/build/icyphy/ptII/ptolemy/actor/lib/test/auto/ComputeHistogram.xml
----------------- Instantiating /home/travis/build/icyphy/ptII/ptolemy/actor/lib/test/auto/ComputeHistogram.xml
33 ms. Memory: 550912K Free: 494838K (90%)
----------------- Invoking toplevel() on ptolemy.moml.MoMLSimpleApplication@54d87438
----------------- Done invoking toplevel() on ptolemy.moml.MoMLSimpleApplication@54d87438
reloadAllAccessors: .ComputeHistogram

===========================================================================================
----------------- testing Mon Jun 29 15:14:26 UTC 2020 /home/travis/build/icyphy/ptII/ptolemy/actor/lib/test/auto/ConfigurationSelect.xml
----------------- Instantiating /home/travis/build/icyphy/ptII/ptolemy/actor/lib/test/auto/ConfigurationSelect.xml
9 ms. Memory: 550912K Free: 489208K (89%)
----------------- Invoking toplevel() on ptolemy.moml.MoMLSimpleApplication@77de30bd
----------------- Done invoking toplevel() on ptolemy.moml.MoMLSimpleApplication@77de30bd
reloadAllAccessors: .ConfigurationSelect

===========================================================================================
----------------- testing Mon Jun 29 15:14:26 UTC 2020 /home/travis/build/icyphy/ptII/ptolemy/actor/lib/test/auto/ConfigurationSelect2.xml
----------------- Instantiating /home/travis/build/icyphy/ptII/ptolemy/actor/lib/test/auto/ConfigurationSelect2.xml
2 ms. Memory: 550912K Free: 484598K (88%)
----------------- Invoking toplevel() on ptolemy.moml.MoMLSimpleApplication@bb14ea2
----------------- Done invoking toplevel() on ptolemy.moml.MoMLSimpleApplication@bb14ea2
reloadAllAccessors: .ConfigurationSelect2

===========================================================================================
----------------- testing Mon Jun 29 15:14:26 UTC 2020 /home/travis/build/icyphy/ptII/ptolemy/actor/lib/test/auto/ConfigurationSwitch.xml
----------------- Instantiating /home/travis/build/icyphy/ptII/ptolemy/actor/lib/test/auto/ConfigurationSwitch.xml
2 ms. Memory: 550912K Free: 479478K (87%)
----------------- Invoking toplevel() on ptolemy.moml.MoMLSimpleApplication@203910a7
----------------- Done invoking toplevel() on ptolemy.moml.MoMLSimpleApplication@203910a7
reloadAllAccessors: .ConfigurationSwitch

===========================================================================================
----------------- testing Mon Jun 29 15:14:26 UTC 2020 /home/travis/build/icyphy/ptII/ptolemy/actor/lib/test/auto/ConfigurationSwitch2.xml
----------------- Instantiating /home/travis/build/icyphy/ptII/ptolemy/actor/lib/test/auto/ConfigurationSwitch2.xml
4 ms. Memory: 550912K Free: 473848K (86%)
----------------- Invoking toplevel() on ptolemy.moml.MoMLSimpleApplication@5f87eee3
----------------- Done invoking toplevel() on ptolemy.moml.MoMLSimpleApplication@5f87eee3
reloadAllAccessors: .ConfigurationSwitch2

===========================================================================================
----------------- testing Mon Jun 29 15:14:26 UTC 2020 /home/travis/build/icyphy/ptII/ptolemy/actor/lib/test/auto/ConfigurationSwitchCloningBugWithClassRelationGroup.xml
----------------- Instantiating /home/travis/build/icyphy/ptII/ptolemy/actor/lib/test/auto/ConfigurationSwitchCloningBugWithClassRelationGroup.xml
1 ms. Memory: 550912K Free: 467190K (85%)
----------------- Invoking toplevel() on ptolemy.moml.MoMLSimpleApplication@83228b
----------------- Done invoking toplevel() on ptolemy.moml.MoMLSimpleApplication@83228b
reloadAllAccessors: .ConfigurationSwitchCloningBugWithClassRelationGroup

===========================================================================================
----------------- testing Mon Jun 29 15:14:26 UTC 2020 /home/travis/build/icyphy/ptII/ptolemy/actor/lib/test/auto/ConfigurationSwitchSelectSDF.xml
----------------- Instantiating /home/travis/build/icyphy/ptII/ptolemy/actor/lib/test/auto/ConfigurationSwitchSelectSDF.xml
3 ms. Memory: 550912K Free: 462070K (84%)
----------------- Invoking toplevel() on ptolemy.moml.MoMLSimpleApplication@493276a0
----------------- Done invoking toplevel() on ptolemy.moml.MoMLSimpleApplication@493276a0
reloadAllAccessors: .ConfigurationSwitchSelectSDF

===========================================================================================
----------------- testing Mon Jun 29 15:14:26 UTC 2020 /home/travis/build/icyphy/ptII/ptolemy/actor/lib/test/auto/ConfigurationSwitchSelectSDF2.xml
----------------- Instantiating /home/travis/build/icyphy/ptII/ptolemy/actor/lib/test/auto/ConfigurationSwitchSelectSDF2.xml
3 ms. Memory: 550912K Free: 455926K (83%)
----------------- Invoking toplevel() on ptolemy.moml.MoMLSimpleApplication@4731b4ad
----------------- Done invoking toplevel() on ptolemy.moml.MoMLSimpleApplication@4731b4ad
reloadAllAccessors: .ConfigurationSwitchSelectSDF2

===========================================================================================
----------------- testing Mon Jun 29 15:14:26 UTC 2020 /home/travis/build/icyphy/ptII/ptolemy/actor/lib/test/auto/Const.xml
----------------- Instantiating /home/travis/build/icyphy/ptII/ptolemy/actor/lib/test/auto/Const.xml
1 ms. Memory: 550912K Free: 452344K (82%)
----------------- Invoking toplevel() on ptolemy.moml.MoMLSimpleApplication@5155346f
----------------- Done invoking toplevel() on ptolemy.moml.MoMLSimpleApplication@5155346f
reloadAllAccessors: .Const

===========================================================================================
----------------- testing Mon Jun 29 15:14:26 UTC 2020 /home/travis/build/icyphy/ptII/ptolemy/actor/lib/test/auto/Const2.xml
----------------- Instantiating /home/travis/build/icyphy/ptII/ptolemy/actor/lib/test/auto/Const2.xml
5 ms. Memory: 550912K Free: 448758K (81%)
----------------- Invoking toplevel() on ptolemy.moml.MoMLSimpleApplication@778523f
----------------- Done invoking toplevel() on ptolemy.moml.MoMLSimpleApplication@778523f
reloadAllAccessors: .Const2

===========================================================================================
----------------- testing Mon Jun 29 15:14:26 UTC 2020 /home/travis/build/icyphy/ptII/ptolemy/actor/lib/test/auto/Const3.xml
----------------- Instantiating /home/travis/build/icyphy/ptII/ptolemy/actor/lib/test/auto/Const3.xml
1 ms. Memory: 550912K Free: 445686K (81%)
----------------- Invoking toplevel() on ptolemy.moml.MoMLSimpleApplication@1cd42c47
----------------- Done invoking toplevel() on ptolemy.moml.MoMLSimpleApplication@1cd42c47
reloadAllAccessors: .Const3

===========================================================================================
----------------- testing Mon Jun 29 15:14:26 UTC 2020 /home/travis/build/icyphy/ptII/ptolemy/actor/lib/test/auto/ConstantPublisherPort1.xml
----------------- Instantiating /home/travis/build/icyphy/ptII/ptolemy/actor/lib/test/auto/ConstantPublisherPort1.xml
8 ms. Memory: 550912K Free: 437494K (79%)
----------------- Invoking toplevel() on ptolemy.moml.MoMLSimpleApplication@6580f1f
----------------- Done invoking toplevel() on ptolemy.moml.MoMLSimpleApplication@6580f1f
reloadAllAccessors: .ConstantPublisherPort1

===========================================================================================
----------------- testing Mon Jun 29 15:14:26 UTC 2020 /home/travis/build/icyphy/ptII/ptolemy/actor/lib/test/auto/ConstantPublisherPort2.xml
----------------- Instantiating /home/travis/build/icyphy/ptII/ptolemy/actor/lib/test/auto/ConstantPublisherPort2.xml
11 ms. Memory: 550912K Free: 429816K (78%)
----------------- Invoking toplevel() on ptolemy.moml.MoMLSimpleApplication@737395df
----------------- Done invoking toplevel() on ptolemy.moml.MoMLSimpleApplication@737395df
reloadAllAccessors: .ConstantPublisherPort2

===========================================================================================
----------------- testing Mon Jun 29 15:14:26 UTC 2020 /home/travis/build/icyphy/ptII/ptolemy/actor/lib/test/auto/ConstantPublisherPort3.xml
----------------- Instantiating /home/travis/build/icyphy/ptII/ptolemy/actor/lib/test/auto/ConstantPublisherPort3.xml
6 ms. Memory: 550912K Free: 422134K (77%)
----------------- Invoking toplevel() on ptolemy.moml.MoMLSimpleApplication@761eece7
----------------- Done invoking toplevel() on ptolemy.moml.MoMLSimpleApplication@761eece7
reloadAllAccessors: .ConstantPublisherPort3

===========================================================================================
----------------- testing Mon Jun 29 15:14:26 UTC 2020 /home/travis/build/icyphy/ptII/ptolemy/actor/lib/test/auto/ConstantPublisherPort4.xml
----------------- Instantiating /home/travis/build/icyphy/ptII/ptolemy/actor/lib/test/auto/ConstantPublisherPort4.xml
3 ms. Memory: 550912K Free: 415480K (75%)
----------------- Invoking toplevel() on ptolemy.moml.MoMLSimpleApplication@3fbe9897
----------------- Done invoking toplevel() on ptolemy.moml.MoMLSimpleApplication@3fbe9897
reloadAllAccessors: .ConstantPublisherPort4

===========================================================================================
----------------- testing Mon Jun 29 15:14:26 UTC 2020 /home/travis/build/icyphy/ptII/ptolemy/actor/lib/test/auto/ConstantPublisherPort5.xml
----------------- Instantiating /home/travis/build/icyphy/ptII/ptolemy/actor/lib/test/auto/ConstantPublisherPort5.xml
28 ms. Memory: 550912K Free: 405750K (74%)
----------------- Invoking toplevel() on ptolemy.moml.MoMLSimpleApplication@61ffe4ef
----------------- Done invoking toplevel() on ptolemy.moml.MoMLSimpleApplication@61ffe4ef
reloadAllAccessors: .ConstantPublisherPort5

===========================================================================================
----------------- testing Mon Jun 29 15:14:26 UTC 2020 /home/travis/build/icyphy/ptII/ptolemy/actor/lib/test/auto/ConstantPublisherPort6.xml
----------------- Instantiating /home/travis/build/icyphy/ptII/ptolemy/actor/lib/test/auto/ConstantPublisherPort6.xml
13 ms. Memory: 550912K Free: 396534K (72%)
----------------- Invoking toplevel() on ptolemy.moml.MoMLSimpleApplication@47399622
----------------- Done invoking toplevel() on ptolemy.moml.MoMLSimpleApplication@47399622
reloadAllAccessors: .ConstantPublisherPort6

===========================================================================================
----------------- testing Mon Jun 29 15:14:26 UTC 2020 /home/travis/build/icyphy/ptII/ptolemy/actor/lib/test/auto/ConstantPublisherPort7.xml
----------------- Instantiating /home/travis/build/icyphy/ptII/ptolemy/actor/lib/test/auto/ConstantPublisherPort7.xml
13 ms. Memory: 550912K Free: 387832K (70%)
----------------- Invoking toplevel() on ptolemy.moml.MoMLSimpleApplication@1b4c9882
----------------- Done invoking toplevel() on ptolemy.moml.MoMLSimpleApplication@1b4c9882
reloadAllAccessors: .ConstantPublisherPort7

===========================================================================================
----------------- testing Mon Jun 29 15:14:26 UTC 2020 /home/travis/build/icyphy/ptII/ptolemy/actor/lib/test/auto/ConstraintMonitor1.xml
----------------- Instantiating /home/travis/build/icyphy/ptII/ptolemy/actor/lib/test/auto/ConstraintMonitor1.xml
7 ms. Memory: 550912K Free: 382198K (69%)
----------------- Invoking toplevel() on ptolemy.moml.MoMLSimpleApplication@33ace16f
----------------- Done invoking toplevel() on ptolemy.moml.MoMLSimpleApplication@33ace16f
reloadAllAccessors: .ConstraintMonitor1

===========================================================================================
----------------- testing Mon Jun 29 15:14:26 UTC 2020 /home/travis/build/icyphy/ptII/ptolemy/actor/lib/test/auto/ConstraintMonitor2.xml
----------------- Instantiating /home/travis/build/icyphy/ptII/ptolemy/actor/lib/test/auto/ConstraintMonitor2.xml
2 ms. Memory: 550912K Free: 377592K (69%)
----------------- Invoking toplevel() on ptolemy.moml.MoMLSimpleApplication@44386a4f
----------------- Done invoking toplevel() on ptolemy.moml.MoMLSimpleApplication@44386a4f
reloadAllAccessors: .ConstraintMonitor2

===========================================================================================
----------------- testing Mon Jun 29 15:14:26 UTC 2020 /home/travis/build/icyphy/ptII/ptolemy/actor/lib/test/auto/ConstraintMonitor3.xml
----------------- Instantiating /home/travis/build/icyphy/ptII/ptolemy/actor/lib/test/auto/ConstraintMonitor3.xml
1 ms. Memory: 550912K Free: 373496K (68%)
----------------- Invoking toplevel() on ptolemy.moml.MoMLSimpleApplication@6c5144f
----------------- Done invoking toplevel() on ptolemy.moml.MoMLSimpleApplication@6c5144f
reloadAllAccessors: .ConstraintMonitor3

===========================================================================================
----------------- testing Mon Jun 29 15:14:26 UTC 2020 /home/travis/build/icyphy/ptII/ptolemy/actor/lib/test/auto/ConstraintMonitor4.xml
----------------- Instantiating /home/travis/build/icyphy/ptII/ptolemy/actor/lib/test/auto/ConstraintMonitor4.xml
4 ms. Memory: 550912K Free: 368376K (67%)
----------------- Invoking toplevel() on ptolemy.moml.MoMLSimpleApplication@474e6ee7
----------------- Done invoking toplevel() on ptolemy.moml.MoMLSimpleApplication@474e6ee7
reloadAllAccessors: .ConstraintMonitor4

===========================================================================================
----------------- testing Mon Jun 29 15:14:27 UTC 2020 /home/travis/build/icyphy/ptII/ptolemy/actor/lib/test/auto/ConstraintMonitor5.xml
----------------- Instantiating /home/travis/build/icyphy/ptII/ptolemy/actor/lib/test/auto/ConstraintMonitor5.xml
4 ms. Memory: 550912K Free: 362742K (66%)
----------------- Invoking toplevel() on ptolemy.moml.MoMLSimpleApplication@7a699071
----------------- Done invoking toplevel() on ptolemy.moml.MoMLSimpleApplication@7a699071
reloadAllAccessors: .ConstraintMonitor5

===========================================================================================
----------------- testing Mon Jun 29 15:14:27 UTC 2020 /home/travis/build/icyphy/ptII/ptolemy/actor/lib/test/auto/ConstraintMonitor6.xml
----------------- Instantiating /home/travis/build/icyphy/ptII/ptolemy/actor/lib/test/auto/ConstraintMonitor6.xml
2 ms. Memory: 550912K Free: 357112K (65%)
----------------- Invoking toplevel() on ptolemy.moml.MoMLSimpleApplication@6f6dc62c
----------------- Done invoking toplevel() on ptolemy.moml.MoMLSimpleApplication@6f6dc62c
reloadAllAccessors: .ConstraintMonitor6

===========================================================================================
----------------- testing Mon Jun 29 15:14:27 UTC 2020 /home/travis/build/icyphy/ptII/ptolemy/actor/lib/test/auto/ConstraintMonitor7.xml
----------------- Instantiating /home/travis/build/icyphy/ptII/ptolemy/actor/lib/test/auto/ConstraintMonitor7.xml
5 ms. Memory: 550912K Free: 350448K (64%)
----------------- Invoking toplevel() on ptolemy.moml.MoMLSimpleApplication@410a5e4c
----------------- Done invoking toplevel() on ptolemy.moml.MoMLSimpleApplication@410a5e4c
reloadAllAccessors: .ConstraintMonitor7

===========================================================================================
----------------- testing Mon Jun 29 15:14:27 UTC 2020 /home/travis/build/icyphy/ptII/ptolemy/actor/lib/test/auto/ConstraintMonitor8.xml
----------------- Instantiating /home/travis/build/icyphy/ptII/ptolemy/actor/lib/test/auto/ConstraintMonitor8.xml
9 ms. Memory: 550912K Free: 342776K (62%)
----------------- Invoking toplevel() on ptolemy.moml.MoMLSimpleApplication@201c1167
----------------- Done invoking toplevel() on ptolemy.moml.MoMLSimpleApplication@201c1167
reloadAllAccessors: .ConstraintMonitor8

===========================================================================================
----------------- testing Mon Jun 29 15:14:27 UTC 2020 /home/travis/build/icyphy/ptII/ptolemy/actor/lib/test/auto/Counter.xml
----------------- Instantiating /home/travis/build/icyphy/ptII/ptolemy/actor/lib/test/auto/Counter.xml
3 ms. Memory: 550912K Free: 338163K (61%)
----------------- Invoking toplevel() on ptolemy.moml.MoMLSimpleApplication@688d207d
----------------- Done invoking toplevel() on ptolemy.moml.MoMLSimpleApplication@688d207d
reloadAllAccessors: .Counter

===========================================================================================
----------------- testing Mon Jun 29 15:14:27 UTC 2020 /home/travis/build/icyphy/ptII/ptolemy/actor/lib/test/auto/CurrentTimeSDF.xml
----------------- Instantiating /home/travis/build/icyphy/ptII/ptolemy/actor/lib/test/auto/CurrentTimeSDF.xml
2 ms. Memory: 550912K Free: 334070K (61%)
----------------- Invoking toplevel() on ptolemy.moml.MoMLSimpleApplication@793c7399
----------------- Done invoking toplevel() on ptolemy.moml.MoMLSimpleApplication@793c7399
reloadAllAccessors: .CurrentTimeSDF

===========================================================================================
----------------- testing Mon Jun 29 15:14:27 UTC 2020 /home/travis/build/icyphy/ptII/ptolemy/actor/lib/test/auto/DB.xml
----------------- Instantiating /home/travis/build/icyphy/ptII/ptolemy/actor/lib/test/auto/DB.xml
2 ms. Memory: 550912K Free: 328950K (60%)
----------------- Invoking toplevel() on ptolemy.moml.MoMLSimpleApplication@30534433
----------------- Done invoking toplevel() on ptolemy.moml.MoMLSimpleApplication@30534433
reloadAllAccessors: .DB

===========================================================================================
----------------- testing Mon Jun 29 15:14:27 UTC 2020 /home/travis/build/icyphy/ptII/ptolemy/actor/lib/test/auto/DBDE.xml
----------------- Instantiating /home/travis/build/icyphy/ptII/ptolemy/actor/lib/test/auto/DBDE.xml
3 ms. Memory: 550912K Free: 323320K (59%)
----------------- Invoking toplevel() on ptolemy.moml.MoMLSimpleApplication@4263fb9f
----------------- Done invoking toplevel() on ptolemy.moml.MoMLSimpleApplication@4263fb9f
reloadAllAccessors: .DBDE

===========================================================================================
----------------- testing Mon Jun 29 15:14:27 UTC 2020 /home/travis/build/icyphy/ptII/ptolemy/actor/lib/test/auto/DateConstructor.xml
----------------- Instantiating /home/travis/build/icyphy/ptII/ptolemy/actor/lib/test/auto/DateConstructor.xml
28 ms. Memory: 550912K Free: 305398K (55%)
----------------- Invoking toplevel() on ptolemy.moml.MoMLSimpleApplication@7aaffd20
----------------- Done invoking toplevel() on ptolemy.moml.MoMLSimpleApplication@7aaffd20
reloadAllAccessors: .DateConstructor

===========================================================================================
----------------- testing Mon Jun 29 15:14:27 UTC 2020 /home/travis/build/icyphy/ptII/ptolemy/actor/lib/test/auto/DelayTime.xml
----------------- Instantiating /home/travis/build/icyphy/ptII/ptolemy/actor/lib/test/auto/DelayTime.xml
6 ms. Memory: 550912K Free: 300278K (55%)
----------------- Invoking toplevel() on ptolemy.moml.MoMLSimpleApplication@371e2907
----------------- Done invoking toplevel() on ptolemy.moml.MoMLSimpleApplication@371e2907
reloadAllAccessors: .DelayTime

===========================================================================================
----------------- testing Mon Jun 29 15:14:27 UTC 2020 /home/travis/build/icyphy/ptII/ptolemy/actor/lib/test/auto/Dictionary1.xml
----------------- Instantiating /home/travis/build/icyphy/ptII/ptolemy/actor/lib/test/auto/Dictionary1.xml
2 ms. Memory: 550912K Free: 295158K (54%)
----------------- Invoking toplevel() on ptolemy.moml.MoMLSimpleApplication@50faa78e
----------------- Done invoking toplevel() on ptolemy.moml.MoMLSimpleApplication@50faa78e
reloadAllAccessors: .Dictionary1

===========================================================================================
----------------- testing Mon Jun 29 15:14:27 UTC 2020 /home/travis/build/icyphy/ptII/ptolemy/actor/lib/test/auto/Dictionary2.xml
----------------- Instantiating /home/travis/build/icyphy/ptII/ptolemy/actor/lib/test/auto/Dictionary2.xml
4 ms. Memory: 550912K Free: 289528K (53%)
----------------- Invoking toplevel() on ptolemy.moml.MoMLSimpleApplication@53824ec
----------------- Done invoking toplevel() on ptolemy.moml.MoMLSimpleApplication@53824ec
reloadAllAccessors: .Dictionary2

===========================================================================================
----------------- testing Mon Jun 29 15:14:27 UTC 2020 /home/travis/build/icyphy/ptII/ptolemy/actor/lib/test/auto/Dictionary3.xml
----------------- Instantiating /home/travis/build/icyphy/ptII/ptolemy/actor/lib/test/auto/Dictionary3.xml
1 ms. Memory: 550912K Free: 283894K (52%)
----------------- Invoking toplevel() on ptolemy.moml.MoMLSimpleApplication@578623a
----------------- Done invoking toplevel() on ptolemy.moml.MoMLSimpleApplication@578623a
reloadAllAccessors: .Dictionary3

===========================================================================================
----------------- testing Mon Jun 29 15:14:27 UTC 2020 /home/travis/build/icyphy/ptII/ptolemy/actor/lib/test/auto/Dictionary4.xml
----------------- Instantiating /home/travis/build/icyphy/ptII/ptolemy/actor/lib/test/auto/Dictionary4.xml
2 ms. Memory: 550912K Free: 277240K (50%)
----------------- Invoking toplevel() on ptolemy.moml.MoMLSimpleApplication@4d4efe9a
----------------- Done invoking toplevel() on ptolemy.moml.MoMLSimpleApplication@4d4efe9a
reloadAllAccessors: .Dictionary4

===========================================================================================
----------------- testing Mon Jun 29 15:14:27 UTC 2020 /home/travis/build/icyphy/ptII/ptolemy/actor/lib/test/auto/Differential.xml
----------------- Instantiating /home/travis/build/icyphy/ptII/ptolemy/actor/lib/test/auto/Differential.xml
3 ms. Memory: 550912K Free: 272630K (49%)
----------------- Invoking toplevel() on ptolemy.moml.MoMLSimpleApplication@57286c08
----------------- Done invoking toplevel() on ptolemy.moml.MoMLSimpleApplication@57286c08
reloadAllAccessors: .Differential

===========================================================================================
----------------- testing Mon Jun 29 15:14:27 UTC 2020 /home/travis/build/icyphy/ptII/ptolemy/actor/lib/test/auto/Director.xml
----------------- Instantiating /home/travis/build/icyphy/ptII/ptolemy/actor/lib/test/auto/Director.xml
1 ms. Memory: 550912K Free: 269048K (49%)
----------------- Invoking toplevel() on ptolemy.moml.MoMLSimpleApplication@c82761c
----------------- Done invoking toplevel() on ptolemy.moml.MoMLSimpleApplication@c82761c
reloadAllAccessors: .Director

===========================================================================================
----------------- testing Mon Jun 29 15:14:27 UTC 2020 /home/travis/build/icyphy/ptII/ptolemy/actor/lib/test/auto/DiscreteClock.xml
----------------- Instantiating /home/travis/build/icyphy/ptII/ptolemy/actor/lib/test/auto/DiscreteClock.xml
1 ms. Memory: 550912K Free: 264952K (48%)
----------------- Invoking toplevel() on ptolemy.moml.MoMLSimpleApplication@32bff7af
----------------- Done invoking toplevel() on ptolemy.moml.MoMLSimpleApplication@32bff7af
reloadAllAccessors: .DiscreteClock

===========================================================================================
----------------- testing Mon Jun 29 15:14:27 UTC 2020 /home/travis/build/icyphy/ptII/ptolemy/actor/lib/test/auto/DiscreteClock10.xml
----------------- Instantiating /home/travis/build/icyphy/ptII/ptolemy/actor/lib/test/auto/DiscreteClock10.xml
3 ms. Memory: 550912K Free: 259318K (47%)
----------------- Invoking toplevel() on ptolemy.moml.MoMLSimpleApplication@490e56d4
----------------- Done invoking toplevel() on ptolemy.moml.MoMLSimpleApplication@490e56d4
reloadAllAccessors: .DiscreteClock10

===========================================================================================
----------------- testing Mon Jun 29 15:14:27 UTC 2020 /home/travis/build/icyphy/ptII/ptolemy/actor/lib/test/auto/DiscreteClock11.xml
----------------- Instantiating /home/travis/build/icyphy/ptII/ptolemy/actor/lib/test/auto/DiscreteClock11.xml
2 ms. Memory: 550912K Free: 253174K (46%)
----------------- Invoking toplevel() on ptolemy.moml.MoMLSimpleApplication@59faf307
----------------- Done invoking toplevel() on ptolemy.moml.MoMLSimpleApplication@59faf307
reloadAllAccessors: .DiscreteClock11

===========================================================================================
----------------- testing Mon Jun 29 15:14:27 UTC 2020 /home/travis/build/icyphy/ptII/ptolemy/actor/lib/test/auto/DiscreteClock12.xml
----------------- Instantiating /home/travis/build/icyphy/ptII/ptolemy/actor/lib/test/auto/DiscreteClock12.xml
2 ms. Memory: 550912K Free: 247030K (45%)
----------------- Invoking toplevel() on ptolemy.moml.MoMLSimpleApplication@60347822
----------------- Done invoking toplevel() on ptolemy.moml.MoMLSimpleApplication@60347822
reloadAllAccessors: .DiscreteClock12

===========================================================================================
----------------- testing Mon Jun 29 15:14:27 UTC 2020 /home/travis/build/icyphy/ptII/ptolemy/actor/lib/test/auto/DiscreteClock13.xml
----------------- Instantiating /home/travis/build/icyphy/ptII/ptolemy/actor/lib/test/auto/DiscreteClock13.xml
4 ms. Memory: 550912K Free: 240872K (44%)
----------------- Invoking toplevel() on ptolemy.moml.MoMLSimpleApplication@73ffcc9b
----------------- Done invoking toplevel() on ptolemy.moml.MoMLSimpleApplication@73ffcc9b
reloadAllAccessors: .DiscreteClock13

===========================================================================================
----------------- testing Mon Jun 29 15:14:27 UTC 2020 /home/travis/build/icyphy/ptII/ptolemy/actor/lib/test/auto/DiscreteClock14.xml
----------------- Instantiating /home/travis/build/icyphy/ptII/ptolemy/actor/lib/test/auto/DiscreteClock14.xml
4 ms. Memory: 550912K Free: 235256K (43%)
----------------- Invoking toplevel() on ptolemy.moml.MoMLSimpleApplication@2e8ad61a
----------------- Done invoking toplevel() on ptolemy.moml.MoMLSimpleApplication@2e8ad61a
reloadAllAccessors: .DiscreteClock14

===========================================================================================
----------------- testing Mon Jun 29 15:14:27 UTC 2020 /home/travis/build/icyphy/ptII/ptolemy/actor/lib/test/auto/DiscreteClock15.xml
----------------- Instantiating /home/travis/build/icyphy/ptII/ptolemy/actor/lib/test/auto/DiscreteClock15.xml
4 ms. Memory: 550912K Free: 229112K (42%)
----------------- Invoking toplevel() on ptolemy.moml.MoMLSimpleApplication@1d6024b6
----------------- Done invoking toplevel() on ptolemy.moml.MoMLSimpleApplication@1d6024b6
reloadAllAccessors: .DiscreteClock15

===========================================================================================
----------------- testing Mon Jun 29 15:14:27 UTC 2020 /home/travis/build/icyphy/ptII/ptolemy/actor/lib/test/auto/DiscreteClock16.xml
----------------- Instantiating /home/travis/build/icyphy/ptII/ptolemy/actor/lib/test/auto/DiscreteClock16.xml
14 ms. Memory: 550912K Free: 215272K (39%)
----------------- Invoking toplevel() on ptolemy.moml.MoMLSimpleApplication@9617959
----------------- Done invoking toplevel() on ptolemy.moml.MoMLSimpleApplication@9617959
reloadAllAccessors: .DiscreteClock16

===========================================================================================
----------------- testing Mon Jun 29 15:14:27 UTC 2020 /home/travis/build/icyphy/ptII/ptolemy/actor/lib/test/auto/DiscreteClock17.xml
----------------- Instantiating /home/travis/build/icyphy/ptII/ptolemy/actor/lib/test/auto/DiscreteClock17.xml
15 ms. Memory: 550912K Free: 200936K (36%)
----------------- Invoking toplevel() on ptolemy.moml.MoMLSimpleApplication@1c42d68a
----------------- Done invoking toplevel() on ptolemy.moml.MoMLSimpleApplication@1c42d68a
reloadAllAccessors: .DiscreteClock17

===========================================================================================
----------------- testing Mon Jun 29 15:14:27 UTC 2020 /home/travis/build/icyphy/ptII/ptolemy/actor/lib/test/auto/DiscreteClock18.xml
----------------- Instantiating /home/travis/build/icyphy/ptII/ptolemy/actor/lib/test/auto/DiscreteClock18.xml
22 ms. Memory: 550912K Free: 187624K (34%)
----------------- Invoking toplevel() on ptolemy.moml.MoMLSimpleApplication@51fc7d25
----------------- Done invoking toplevel() on ptolemy.moml.MoMLSimpleApplication@51fc7d25
reloadAllAccessors: .DiscreteClock18

===========================================================================================
----------------- testing Mon Jun 29 15:14:27 UTC 2020 /home/travis/build/icyphy/ptII/ptolemy/actor/lib/test/auto/DiscreteClock19.xml
----------------- Instantiating /home/travis/build/icyphy/ptII/ptolemy/actor/lib/test/auto/DiscreteClock19.xml
24 ms. Memory: 550912K Free: 489720K (89%)
----------------- Invoking toplevel() on ptolemy.moml.MoMLSimpleApplication@d423c26
----------------- Done invoking toplevel() on ptolemy.moml.MoMLSimpleApplication@d423c26
reloadAllAccessors: .DiscreteClock19

===========================================================================================
----------------- testing Mon Jun 29 15:14:27 UTC 2020 /home/travis/build/icyphy/ptII/ptolemy/actor/lib/test/auto/DiscreteClock2.xml
----------------- Instantiating /home/travis/build/icyphy/ptII/ptolemy/actor/lib/test/auto/DiscreteClock2.xml
3 ms. Memory: 550912K Free: 484600K (88%)
----------------- Invoking toplevel() on ptolemy.moml.MoMLSimpleApplication@73ca6e1e
----------------- Done invoking toplevel() on ptolemy.moml.MoMLSimpleApplication@73ca6e1e
reloadAllAccessors: .DiscreteClock2

===========================================================================================
----------------- testing Mon Jun 29 15:14:27 UTC 2020 /home/travis/build/icyphy/ptII/ptolemy/actor/lib/test/auto/DiscreteClock20.xml
----------------- Instantiating /home/travis/build/icyphy/ptII/ptolemy/actor/lib/test/auto/DiscreteClock20.xml
6 ms. Memory: 550912K Free: 478966K (87%)
----------------- Invoking toplevel() on ptolemy.moml.MoMLSimpleApplication@4beaff1d
----------------- Done invoking toplevel() on ptolemy.moml.MoMLSimpleApplication@4beaff1d
reloadAllAccessors: .DiscreteClock20

===========================================================================================
----------------- testing Mon Jun 29 15:14:27 UTC 2020 /home/travis/build/icyphy/ptII/ptolemy/actor/lib/test/auto/DiscreteClock21.xml
----------------- Instantiating /home/travis/build/icyphy/ptII/ptolemy/actor/lib/test/auto/DiscreteClock21.xml
5 ms. Memory: 550912K Free: 473336K (86%)
----------------- Invoking toplevel() on ptolemy.moml.MoMLSimpleApplication@7457746b
----------------- Done invoking toplevel() on ptolemy.moml.MoMLSimpleApplication@7457746b
reloadAllAccessors: .DiscreteClock21

===========================================================================================
----------------- testing Mon Jun 29 15:14:27 UTC 2020 /home/travis/build/icyphy/ptII/ptolemy/actor/lib/test/auto/DiscreteClock22.xml
----------------- Instantiating /home/travis/build/icyphy/ptII/ptolemy/actor/lib/test/auto/DiscreteClock22.xml
5 ms. Memory: 550912K Free: 467702K (85%)
----------------- Invoking toplevel() on ptolemy.moml.MoMLSimpleApplication@7515bc66
----------------- Done invoking toplevel() on ptolemy.moml.MoMLSimpleApplication@7515bc66
reloadAllAccessors: .DiscreteClock22

===========================================================================================
----------------- testing Mon Jun 29 15:14:27 UTC 2020 /home/travis/build/icyphy/ptII/ptolemy/actor/lib/test/auto/DiscreteClock23.xml
----------------- Instantiating /home/travis/build/icyphy/ptII/ptolemy/actor/lib/test/auto/DiscreteClock23.xml
9 ms. Memory: 550912K Free: 462582K (84%)
----------------- Invoking toplevel() on ptolemy.moml.MoMLSimpleApplication@3490085b
----------------- Done invoking toplevel() on ptolemy.moml.MoMLSimpleApplication@3490085b
reloadAllAccessors: .DiscreteClock23

===========================================================================================
----------------- testing Mon Jun 29 15:14:27 UTC 2020 /home/travis/build/icyphy/ptII/ptolemy/actor/lib/test/auto/DiscreteClock24.xml
----------------- Instantiating /home/travis/build/icyphy/ptII/ptolemy/actor/lib/test/auto/DiscreteClock24.xml
3 ms. Memory: 550912K Free: 456952K (83%)
----------------- Invoking toplevel() on ptolemy.moml.MoMLSimpleApplication@61b6abc4
----------------- Done invoking toplevel() on ptolemy.moml.MoMLSimpleApplication@61b6abc4
reloadAllAccessors: .DiscreteClock24

===========================================================================================
----------------- testing Mon Jun 29 15:14:27 UTC 2020 /home/travis/build/icyphy/ptII/ptolemy/actor/lib/test/auto/DiscreteClock4.xml
----------------- Instantiating /home/travis/build/icyphy/ptII/ptolemy/actor/lib/test/auto/DiscreteClock4.xml
3 ms. Memory: 550912K Free: 451312K (82%)
----------------- Invoking toplevel() on ptolemy.moml.MoMLSimpleApplication@2b6fe3cd
----------------- Done invoking toplevel() on ptolemy.moml.MoMLSimpleApplication@2b6fe3cd
reloadAllAccessors: .DiscreteClock4

===========================================================================================
----------------- testing Mon Jun 29 15:14:27 UTC 2020 /home/travis/build/icyphy/ptII/ptolemy/actor/lib/test/auto/DiscreteClock5.xml
----------------- Instantiating /home/travis/build/icyphy/ptII/ptolemy/actor/lib/test/auto/DiscreteClock5.xml
1 ms. Memory: 550912K Free: 445688K (81%)
----------------- Invoking toplevel() on ptolemy.moml.MoMLSimpleApplication@616f9815
----------------- Done invoking toplevel() on ptolemy.moml.MoMLSimpleApplication@616f9815
reloadAllAccessors: .DiscreteClock5

===========================================================================================
----------------- testing Mon Jun 29 15:14:27 UTC 2020 /home/travis/build/icyphy/ptII/ptolemy/actor/lib/test/auto/DiscreteClock6.xml
----------------- Instantiating /home/travis/build/icyphy/ptII/ptolemy/actor/lib/test/auto/DiscreteClock6.xml
1 ms. Memory: 550912K Free: 441592K (80%)
----------------- Invoking toplevel() on ptolemy.moml.MoMLSimpleApplication@afedc5d
----------------- Done invoking toplevel() on ptolemy.moml.MoMLSimpleApplication@afedc5d
reloadAllAccessors: .DiscreteClock6

===========================================================================================
----------------- testing Mon Jun 29 15:14:27 UTC 2020 /home/travis/build/icyphy/ptII/ptolemy/actor/lib/test/auto/DiscreteClock7.xml
----------------- Instantiating /home/travis/build/icyphy/ptII/ptolemy/actor/lib/test/auto/DiscreteClock7.xml
2 ms. Memory: 550912K Free: 436982K (79%)
----------------- Invoking toplevel() on ptolemy.moml.MoMLSimpleApplication@4556bf7c
----------------- Done invoking toplevel() on ptolemy.moml.MoMLSimpleApplication@4556bf7c
reloadAllAccessors: .DiscreteClock7

===========================================================================================
----------------- testing Mon Jun 29 15:14:27 UTC 2020 /home/travis/build/icyphy/ptII/ptolemy/actor/lib/test/auto/DiscreteClock8.xml
----------------- Instantiating /home/travis/build/icyphy/ptII/ptolemy/actor/lib/test/auto/DiscreteClock8.xml
4 ms. Memory: 550912K Free: 431352K (78%)
----------------- Invoking toplevel() on ptolemy.moml.MoMLSimpleApplication@5c0f0c64
----------------- Done invoking toplevel() on ptolemy.moml.MoMLSimpleApplication@5c0f0c64
reloadAllAccessors: .DiscreteClock8

===========================================================================================
----------------- testing Mon Jun 29 15:14:27 UTC 2020 /home/travis/build/icyphy/ptII/ptolemy/actor/lib/test/auto/DiscreteClock9.xml
----------------- Instantiating /home/travis/build/icyphy/ptII/ptolemy/actor/lib/test/auto/DiscreteClock9.xml
4 ms. Memory: 550912K Free: 425704K (77%)
----------------- Invoking toplevel() on ptolemy.moml.MoMLSimpleApplication@15c9bed2
----------------- Done invoking toplevel() on ptolemy.moml.MoMLSimpleApplication@15c9bed2
reloadAllAccessors: .DiscreteClock9

===========================================================================================
----------------- testing Mon Jun 29 15:14:27 UTC 2020 /home/travis/build/icyphy/ptII/ptolemy/actor/lib/test/auto/DisplayArray.xml
----------------- Instantiating /home/travis/build/icyphy/ptII/ptolemy/actor/lib/test/auto/DisplayArray.xml
1 ms. Memory: 550912K Free: 422136K (77%)
----------------- Invoking toplevel() on ptolemy.moml.MoMLSimpleApplication@5f230e7b
----------------- Done invoking toplevel() on ptolemy.moml.MoMLSimpleApplication@5f230e7b
reloadAllAccessors: .DisplayArray

===========================================================================================
----------------- testing Mon Jun 29 15:14:28 UTC 2020 /home/travis/build/icyphy/ptII/ptolemy/actor/lib/test/auto/Distributor.xml
----------------- Instantiating /home/travis/build/icyphy/ptII/ptolemy/actor/lib/test/auto/Distributor.xml
1 ms. Memory: 550912K Free: 417526K (76%)
----------------- Invoking toplevel() on ptolemy.moml.MoMLSimpleApplication@4888638a
----------------- Done invoking toplevel() on ptolemy.moml.MoMLSimpleApplication@4888638a
reloadAllAccessors: .Distributor

===========================================================================================
----------------- testing Mon Jun 29 15:14:28 UTC 2020 /home/travis/build/icyphy/ptII/ptolemy/actor/lib/test/auto/Distributor2.xml
----------------- Instantiating /home/travis/build/icyphy/ptII/ptolemy/actor/lib/test/auto/Distributor2.xml
2 ms. Memory: 550912K Free: 412406K (75%)
----------------- Invoking toplevel() on ptolemy.moml.MoMLSimpleApplication@310f9ff
----------------- Done invoking toplevel() on ptolemy.moml.MoMLSimpleApplication@310f9ff
reloadAllAccessors: .Distributor2

===========================================================================================
----------------- testing Mon Jun 29 15:14:28 UTC 2020 /home/travis/build/icyphy/ptII/ptolemy/actor/lib/test/auto/DownSample.xml
----------------- Instantiating /home/travis/build/icyphy/ptII/ptolemy/actor/lib/test/auto/DownSample.xml
1 ms. Memory: 550912K Free: 407800K (74%)
----------------- Invoking toplevel() on ptolemy.moml.MoMLSimpleApplication@6f5e6dca
----------------- Done invoking toplevel() on ptolemy.moml.MoMLSimpleApplication@6f5e6dca
reloadAllAccessors: .DownSample

===========================================================================================
----------------- testing Mon Jun 29 15:14:28 UTC 2020 /home/travis/build/icyphy/ptII/ptolemy/actor/lib/test/auto/ElectronicUnitBase1.xml
----------------- Instantiating /home/travis/build/icyphy/ptII/ptolemy/actor/lib/test/auto/ElectronicUnitBase1.xml
15 ms. Memory: 550912K Free: 391926K (71%)
----------------- Invoking toplevel() on ptolemy.moml.MoMLSimpleApplication@65678432
----------------- Done invoking toplevel() on ptolemy.moml.MoMLSimpleApplication@65678432
reloadAllAccessors: .ElectronicUnitBase1

===========================================================================================
----------------- testing Mon Jun 29 15:14:28 UTC 2020 /home/travis/build/icyphy/ptII/ptolemy/actor/lib/test/auto/ElementsToArray.xml
----------------- Instantiating /home/travis/build/icyphy/ptII/ptolemy/actor/lib/test/auto/ElementsToArray.xml
2 ms. Memory: 550912K Free: 387320K (70%)
----------------- Invoking toplevel() on ptolemy.moml.MoMLSimpleApplication@11e0c3e
----------------- Done invoking toplevel() on ptolemy.moml.MoMLSimpleApplication@11e0c3e
reloadAllAccessors: .ElementsToArray

===========================================================================================
----------------- testing Mon Jun 29 15:14:28 UTC 2020 /home/travis/build/icyphy/ptII/ptolemy/actor/lib/test/auto/Equals.xml
----------------- Instantiating /home/travis/build/icyphy/ptII/ptolemy/actor/lib/test/auto/Equals.xml
2 ms. Memory: 550912K Free: 382710K (69%)
----------------- Invoking toplevel() on ptolemy.moml.MoMLSimpleApplication@3c477949
----------------- Done invoking toplevel() on ptolemy.moml.MoMLSimpleApplication@3c477949
reloadAllAccessors: .Equals

===========================================================================================
----------------- testing Mon Jun 29 15:14:28 UTC 2020 /home/travis/build/icyphy/ptII/ptolemy/actor/lib/test/auto/Exec.xml
----------------- Instantiating /home/travis/build/icyphy/ptII/ptolemy/actor/lib/test/auto/Exec.xml
12 ms. Memory: 550912K Free: 377590K (69%)
----------------- Invoking toplevel() on ptolemy.moml.MoMLSimpleApplication@29865df8
----------------- Done invoking toplevel() on ptolemy.moml.MoMLSimpleApplication@29865df8
reloadAllAccessors: .Exec

===========================================================================================
----------------- testing Mon Jun 29 15:14:28 UTC 2020 /home/travis/build/icyphy/ptII/ptolemy/actor/lib/test/auto/ExecEnvironment.xml
----------------- Instantiating /home/travis/build/icyphy/ptII/ptolemy/actor/lib/test/auto/ExecEnvironment.xml
25 ms. Memory: 550912K Free: 371958K (68%)
----------------- Invoking toplevel() on ptolemy.moml.MoMLSimpleApplication@77048898
----------------- Done invoking toplevel() on ptolemy.moml.MoMLSimpleApplication@77048898
reloadAllAccessors: .ExecEnvironment

===========================================================================================
----------------- testing Mon Jun 29 15:14:28 UTC 2020 /home/travis/build/icyphy/ptII/ptolemy/actor/lib/test/auto/ExecNonZeroReturnOutput.xml
----------------- Instantiating /home/travis/build/icyphy/ptII/ptolemy/actor/lib/test/auto/ExecNonZeroReturnOutput.xml
154 ms. Memory: 550912K Free: 360696K (65%)
----------------- Invoking toplevel() on ptolemy.moml.MoMLSimpleApplication@5546d087
----------------- Done invoking toplevel() on ptolemy.moml.MoMLSimpleApplication@5546d087
reloadAllAccessors: .ExecNonZeroReturnOutput

===========================================================================================
----------------- testing Mon Jun 29 15:14:28 UTC 2020 /home/travis/build/icyphy/ptII/ptolemy/actor/lib/test/auto/ExecRunDemos.xml
----------------- Instantiating /home/travis/build/icyphy/ptII/ptolemy/actor/lib/test/auto/ExecRunDemos.xml
Finished: 76 ms. Memory: 129024K Free: 112374K (87%)

Finished: 61 ms. Memory: 129024K Free: 109399K (85%)

Finished: 90 ms. Memory: 129024K Free: 109478K (85%)

Finished: 98 ms. Memory: 129024K Free: 111071K (86%)

Finished: 59 ms. Memory: 129024K Free: 111951K (87%)

10301 ms. Memory: 550912K Free: 340214K (62%)
----------------- Invoking toplevel() on ptolemy.moml.MoMLSimpleApplication@7ddaf173
----------------- Done invoking toplevel() on ptolemy.moml.MoMLSimpleApplication@7ddaf173
reloadAllAccessors: .ExecRunDemos

===========================================================================================
----------------- testing Mon Jun 29 15:14:38 UTC 2020 /home/travis/build/icyphy/ptII/ptolemy/actor/lib/test/auto/ExecStop.xml
----------------- Instantiating /home/travis/build/icyphy/ptII/ptolemy/actor/lib/test/auto/ExecStop.xml
5019 ms. Memory: 550912K Free: 215288K (39%)
----------------- Invoking toplevel() on ptolemy.moml.MoMLSimpleApplication@71eb006e
----------------- Done invoking toplevel() on ptolemy.moml.MoMLSimpleApplication@71eb006e
reloadAllAccessors: .ExecStop

===========================================================================================
----------------- testing Mon Jun 29 15:14:43 UTC 2020 /home/travis/build/icyphy/ptII/ptolemy/actor/lib/test/auto/ExecutionTimeSDF.xml
----------------- Instantiating /home/travis/build/icyphy/ptII/ptolemy/actor/lib/test/auto/ExecutionTimeSDF.xml
Fired ExecutionTime: -1310567296
Fired ExecutionTime: 1562000000
Fired ExecutionTime: 1592800000
6004 ms. Memory: 550912K Free: 203000K (37%)
----------------- Invoking toplevel() on ptolemy.moml.MoMLSimpleApplication@6c8cb430
----------------- Done invoking toplevel() on ptolemy.moml.MoMLSimpleApplication@6c8cb430
reloadAllAccessors: .ExecutionTimeSDF

===========================================================================================
----------------- testing Mon Jun 29 15:14:49 UTC 2020 /home/travis/build/icyphy/ptII/ptolemy/actor/lib/test/auto/Expression1.xml
----------------- Instantiating /home/travis/build/icyphy/ptII/ptolemy/actor/lib/test/auto/Expression1.xml
1 ms. Memory: 550912K Free: 199414K (36%)
----------------- Invoking toplevel() on ptolemy.moml.MoMLSimpleApplication@3f76ce78
----------------- Done invoking toplevel() on ptolemy.moml.MoMLSimpleApplication@3f76ce78
reloadAllAccessors: .Expression1

===========================================================================================
----------------- testing Mon Jun 29 15:14:49 UTC 2020 /home/travis/build/icyphy/ptII/ptolemy/actor/lib/test/auto/Expression10.xml
----------------- Instantiating /home/travis/build/icyphy/ptII/ptolemy/actor/lib/test/auto/Expression10.xml
5 ms. Memory: 550912K Free: 194294K (35%)
----------------- Invoking toplevel() on ptolemy.moml.MoMLSimpleApplication@629a5003
----------------- Done invoking toplevel() on ptolemy.moml.MoMLSimpleApplication@629a5003
reloadAllAccessors: .Expression10

===========================================================================================
----------------- testing Mon Jun 29 15:14:49 UTC 2020 /home/travis/build/icyphy/ptII/ptolemy/actor/lib/test/auto/Expression11.xml
----------------- Instantiating /home/travis/build/icyphy/ptII/ptolemy/actor/lib/test/auto/Expression11.xml
2 ms. Memory: 550912K Free: 189174K (34%)
----------------- Invoking toplevel() on ptolemy.moml.MoMLSimpleApplication@5a355c4d
----------------- Done invoking toplevel() on ptolemy.moml.MoMLSimpleApplication@5a355c4d
reloadAllAccessors: .Expression11

===========================================================================================
----------------- testing Mon Jun 29 15:14:49 UTC 2020 /home/travis/build/icyphy/ptII/ptolemy/actor/lib/test/auto/Expression12.xml
----------------- Instantiating /home/travis/build/icyphy/ptII/ptolemy/actor/lib/test/auto/Expression12.xml
2 ms. Memory: 550912K Free: 499440K (91%)
----------------- Invoking toplevel() on ptolemy.moml.MoMLSimpleApplication@680014e8
----------------- Done invoking toplevel() on ptolemy.moml.MoMLSimpleApplication@680014e8
reloadAllAccessors: .Expression12

===========================================================================================
----------------- testing Mon Jun 29 15:14:49 UTC 2020 /home/travis/build/icyphy/ptII/ptolemy/actor/lib/test/auto/Expression13.xml
----------------- Instantiating /home/travis/build/icyphy/ptII/ptolemy/actor/lib/test/auto/Expression13.xml
3 ms. Memory: 550912K Free: 494326K (90%)
----------------- Invoking toplevel() on ptolemy.moml.MoMLSimpleApplication@310b8130
----------------- Done invoking toplevel() on ptolemy.moml.MoMLSimpleApplication@310b8130
reloadAllAccessors: .Expression13

===========================================================================================
----------------- testing Mon Jun 29 15:14:49 UTC 2020 /home/travis/build/icyphy/ptII/ptolemy/actor/lib/test/auto/Expression14.xml
----------------- Instantiating /home/travis/build/icyphy/ptII/ptolemy/actor/lib/test/auto/Expression14.xml
8 ms. Memory: 550912K Free: 488182K (89%)
----------------- Invoking toplevel() on ptolemy.moml.MoMLSimpleApplication@5faa71d8
----------------- Done invoking toplevel() on ptolemy.moml.MoMLSimpleApplication@5faa71d8
reloadAllAccessors: .Expression14

===========================================================================================
----------------- testing Mon Jun 29 15:14:49 UTC 2020 /home/travis/build/icyphy/ptII/ptolemy/actor/lib/test/auto/Expression15.xml
----------------- Instantiating /home/travis/build/icyphy/ptII/ptolemy/actor/lib/test/auto/Expression15.xml
1 ms. Memory: 550912K Free: 484600K (88%)
----------------- Invoking toplevel() on ptolemy.moml.MoMLSimpleApplication@225c9c41
----------------- Done invoking toplevel() on ptolemy.moml.MoMLSimpleApplication@225c9c41
reloadAllAccessors: .Expression15

===========================================================================================
----------------- testing Mon Jun 29 15:14:49 UTC 2020 /home/travis/build/icyphy/ptII/ptolemy/actor/lib/test/auto/Expression16.xml
----------------- Instantiating /home/travis/build/icyphy/ptII/ptolemy/actor/lib/test/auto/Expression16.xml
3 ms. Memory: 550912K Free: 479480K (87%)
----------------- Invoking toplevel() on ptolemy.moml.MoMLSimpleApplication@7d222d0b
----------------- Done invoking toplevel() on ptolemy.moml.MoMLSimpleApplication@7d222d0b
reloadAllAccessors: .Expression16

===========================================================================================
----------------- testing Mon Jun 29 15:14:50 UTC 2020 /home/travis/build/icyphy/ptII/ptolemy/actor/lib/test/auto/Expression17.xml
----------------- Instantiating /home/travis/build/icyphy/ptII/ptolemy/actor/lib/test/auto/Expression17.xml
3 ms. Memory: 550912K Free: 474870K (86%)
----------------- Invoking toplevel() on ptolemy.moml.MoMLSimpleApplication@6fea6aea
----------------- Done invoking toplevel() on ptolemy.moml.MoMLSimpleApplication@6fea6aea
reloadAllAccessors: .Expression17

===========================================================================================
----------------- testing Mon Jun 29 15:14:50 UTC 2020 /home/travis/build/icyphy/ptII/ptolemy/actor/lib/test/auto/Expression18.xml
----------------- Instantiating /home/travis/build/icyphy/ptII/ptolemy/actor/lib/test/auto/Expression18.xml
3 ms. Memory: 550912K Free: 469750K (85%)
----------------- Invoking toplevel() on ptolemy.moml.MoMLSimpleApplication@6d7a7d20
----------------- Done invoking toplevel() on ptolemy.moml.MoMLSimpleApplication@6d7a7d20
reloadAllAccessors: .Expression18

===========================================================================================
----------------- testing Mon Jun 29 15:14:50 UTC 2020 /home/travis/build/icyphy/ptII/ptolemy/actor/lib/test/auto/Expression2.xml
----------------- Instantiating /home/travis/build/icyphy/ptII/ptolemy/actor/lib/test/auto/Expression2.xml
3 ms. Memory: 550912K Free: 464630K (84%)
----------------- Invoking toplevel() on ptolemy.moml.MoMLSimpleApplication@c18fbc7
----------------- Done invoking toplevel() on ptolemy.moml.MoMLSimpleApplication@c18fbc7
reloadAllAccessors: .Expression2

===========================================================================================
----------------- testing Mon Jun 29 15:14:50 UTC 2020 /home/travis/build/icyphy/ptII/ptolemy/actor/lib/test/auto/Expression3.xml
----------------- Instantiating /home/travis/build/icyphy/ptII/ptolemy/actor/lib/test/auto/Expression3.xml
5 ms. Memory: 550912K Free: 460024K (84%)
----------------- Invoking toplevel() on ptolemy.moml.MoMLSimpleApplication@7c1870ca
----------------- Done invoking toplevel() on ptolemy.moml.MoMLSimpleApplication@7c1870ca
reloadAllAccessors: .Expression3

===========================================================================================
----------------- testing Mon Jun 29 15:14:50 UTC 2020 /home/travis/build/icyphy/ptII/ptolemy/actor/lib/test/auto/Expression4.xml
----------------- Instantiating /home/travis/build/icyphy/ptII/ptolemy/actor/lib/test/auto/Expression4.xml
9 ms. Memory: 550912K Free: 452342K (82%)
----------------- Invoking toplevel() on ptolemy.moml.MoMLSimpleApplication@7c7fa1f0
----------------- Done invoking toplevel() on ptolemy.moml.MoMLSimpleApplication@7c7fa1f0
reloadAllAccessors: .Expression4

===========================================================================================
----------------- testing Mon Jun 29 15:14:50 UTC 2020 /home/travis/build/icyphy/ptII/ptolemy/actor/lib/test/auto/Expression5.xml
----------------- Instantiating /home/travis/build/icyphy/ptII/ptolemy/actor/lib/test/auto/Expression5.xml
4 ms. Memory: 550912K Free: 447736K (81%)
----------------- Invoking toplevel() on ptolemy.moml.MoMLSimpleApplication@720b55a
----------------- Done invoking toplevel() on ptolemy.moml.MoMLSimpleApplication@720b55a
reloadAllAccessors: .Expression5

===========================================================================================
----------------- testing Mon Jun 29 15:14:50 UTC 2020 /home/travis/build/icyphy/ptII/ptolemy/actor/lib/test/auto/Expression6.xml
----------------- Instantiating /home/travis/build/icyphy/ptII/ptolemy/actor/lib/test/auto/Expression6.xml
2 ms. Memory: 550912K Free: 443126K (80%)
----------------- Invoking toplevel() on ptolemy.moml.MoMLSimpleApplication@48f6e5b2
----------------- Done invoking toplevel() on ptolemy.moml.MoMLSimpleApplication@48f6e5b2
reloadAllAccessors: .Expression6

===========================================================================================
----------------- testing Mon Jun 29 15:14:50 UTC 2020 /home/travis/build/icyphy/ptII/ptolemy/actor/lib/test/auto/Expression7.xml
----------------- Instantiating /home/travis/build/icyphy/ptII/ptolemy/actor/lib/test/auto/Expression7.xml
8 ms. Memory: 550912K Free: 438003K (80%)
----------------- Invoking toplevel() on ptolemy.moml.MoMLSimpleApplication@7d67c342
----------------- Done invoking toplevel() on ptolemy.moml.MoMLSimpleApplication@7d67c342
reloadAllAccessors: .Expression7

===========================================================================================
----------------- testing Mon Jun 29 15:14:50 UTC 2020 /home/travis/build/icyphy/ptII/ptolemy/actor/lib/test/auto/Expression8.xml
----------------- Instantiating /home/travis/build/icyphy/ptII/ptolemy/actor/lib/test/auto/Expression8.xml
8 ms. Memory: 550912K Free: 433400K (79%)
----------------- Invoking toplevel() on ptolemy.moml.MoMLSimpleApplication@13369f5c
----------------- Done invoking toplevel() on ptolemy.moml.MoMLSimpleApplication@13369f5c
reloadAllAccessors: .Expression8

===========================================================================================
----------------- testing Mon Jun 29 15:14:50 UTC 2020 /home/travis/build/icyphy/ptII/ptolemy/actor/lib/test/auto/Expression9.xml
----------------- Instantiating /home/travis/build/icyphy/ptII/ptolemy/actor/lib/test/auto/Expression9.xml
0 ms. Memory: 550912K Free: 429304K (78%)
----------------- Invoking toplevel() on ptolemy.moml.MoMLSimpleApplication@14a58fd4
----------------- Done invoking toplevel() on ptolemy.moml.MoMLSimpleApplication@14a58fd4
reloadAllAccessors: .Expression9

===========================================================================================
----------------- testing Mon Jun 29 15:14:50 UTC 2020 /home/travis/build/icyphy/ptII/ptolemy/actor/lib/test/auto/ExpressionConcatenateArrayType.xml
----------------- Instantiating /home/travis/build/icyphy/ptII/ptolemy/actor/lib/test/auto/ExpressionConcatenateArrayType.xml
3 ms. Memory: 550912K Free: 422646K (77%)
----------------- Invoking toplevel() on ptolemy.moml.MoMLSimpleApplication@9bd3761
----------------- Done invoking toplevel() on ptolemy.moml.MoMLSimpleApplication@9bd3761
reloadAllAccessors: .ExpressionConcatenateArrayType

===========================================================================================
----------------- testing Mon Jun 29 15:14:50 UTC 2020 /home/travis/build/icyphy/ptII/ptolemy/actor/lib/test/auto/ExpressionConcatenateArrayType2.xml
----------------- Instantiating /home/travis/build/icyphy/ptII/ptolemy/actor/lib/test/auto/ExpressionConcatenateArrayType2.xml
2 ms. Memory: 550912K Free: 417526K (76%)
----------------- Invoking toplevel() on ptolemy.moml.MoMLSimpleApplication@25b53bcf
----------------- Done invoking toplevel() on ptolemy.moml.MoMLSimpleApplication@25b53bcf
reloadAllAccessors: .ExpressionConcatenateArrayType2

===========================================================================================
----------------- testing Mon Jun 29 15:14:50 UTC 2020 /home/travis/build/icyphy/ptII/ptolemy/actor/lib/test/auto/ExpressionFix.xml
----------------- Instantiating /home/travis/build/icyphy/ptII/ptolemy/actor/lib/test/auto/ExpressionFix.xml
18 ms. Memory: 550912K Free: 410872K (75%)
----------------- Invoking toplevel() on ptolemy.moml.MoMLSimpleApplication@14d0bd8d
----------------- Done invoking toplevel() on ptolemy.moml.MoMLSimpleApplication@14d0bd8d
reloadAllAccessors: .ExpressionFix

===========================================================================================
----------------- testing Mon Jun 29 15:14:50 UTC 2020 /home/travis/build/icyphy/ptII/ptolemy/actor/lib/test/auto/ExpressionFix2.xml
----------------- Instantiating /home/travis/build/icyphy/ptII/ptolemy/actor/lib/test/auto/ExpressionFix2.xml
3 ms. Memory: 550912K Free: 407286K (74%)
----------------- Invoking toplevel() on ptolemy.moml.MoMLSimpleApplication@6420a7c7
----------------- Done invoking toplevel() on ptolemy.moml.MoMLSimpleApplication@6420a7c7
reloadAllAccessors: .ExpressionFix2

===========================================================================================
----------------- testing Mon Jun 29 15:14:50 UTC 2020 /home/travis/build/icyphy/ptII/ptolemy/actor/lib/test/auto/ExpressionFix3.xml
----------------- Instantiating /home/travis/build/icyphy/ptII/ptolemy/actor/lib/test/auto/ExpressionFix3.xml
3 ms. Memory: 550912K Free: 402680K (73%)
----------------- Invoking toplevel() on ptolemy.moml.MoMLSimpleApplication@38310f84
----------------- Done invoking toplevel() on ptolemy.moml.MoMLSimpleApplication@38310f84
reloadAllAccessors: .ExpressionFix3

===========================================================================================
----------------- testing Mon Jun 29 15:14:50 UTC 2020 /home/travis/build/icyphy/ptII/ptolemy/actor/lib/test/auto/FileWriter1.xml
----------------- Instantiating /home/travis/build/icyphy/ptII/ptolemy/actor/lib/test/auto/FileWriter1.xml
2 ms. Memory: 550912K Free: 398584K (72%)
----------------- Invoking toplevel() on ptolemy.moml.MoMLSimpleApplication@13cde138
----------------- Done invoking toplevel() on ptolemy.moml.MoMLSimpleApplication@13cde138
reloadAllAccessors: .FileWriter1

===========================================================================================
----------------- testing Mon Jun 29 15:14:50 UTC 2020 /home/travis/build/icyphy/ptII/ptolemy/actor/lib/test/auto/FileWriter2.xml
----------------- Instantiating /home/travis/build/icyphy/ptII/ptolemy/actor/lib/test/auto/FileWriter2.xml
1 ms. Memory: 550912K Free: 394488K (72%)
----------------- Invoking toplevel() on ptolemy.moml.MoMLSimpleApplication@4121f99f
----------------- Done invoking toplevel() on ptolemy.moml.MoMLSimpleApplication@4121f99f
reloadAllAccessors: .FileWriter2

===========================================================================================
----------------- testing Mon Jun 29 15:14:50 UTC 2020 /home/travis/build/icyphy/ptII/ptolemy/actor/lib/test/auto/FileWriter3.xml
----------------- Instantiating /home/travis/build/icyphy/ptII/ptolemy/actor/lib/test/auto/FileWriter3.xml
4 ms. Memory: 550912K Free: 390392K (71%)
----------------- Invoking toplevel() on ptolemy.moml.MoMLSimpleApplication@18591fc5
----------------- Done invoking toplevel() on ptolemy.moml.MoMLSimpleApplication@18591fc5
reloadAllAccessors: .FileWriter3

===========================================================================================
----------------- testing Mon Jun 29 15:14:50 UTC 2020 /home/travis/build/icyphy/ptII/ptolemy/actor/lib/test/auto/Gaussian.xml
----------------- Instantiating /home/travis/build/icyphy/ptII/ptolemy/actor/lib/test/auto/Gaussian.xml
2 ms. Memory: 550912K Free: 385782K (70%)
----------------- Invoking toplevel() on ptolemy.moml.MoMLSimpleApplication@48f688b8
----------------- Done invoking toplevel() on ptolemy.moml.MoMLSimpleApplication@48f688b8
reloadAllAccessors: .Gaussian

===========================================================================================
----------------- testing Mon Jun 29 15:14:50 UTC 2020 /home/travis/build/icyphy/ptII/ptolemy/actor/lib/test/auto/Gaussian1.xml
----------------- Instantiating /home/travis/build/icyphy/ptII/ptolemy/actor/lib/test/auto/Gaussian1.xml
8 ms. Memory: 550912K Free: 380656K (69%)
----------------- Invoking toplevel() on ptolemy.moml.MoMLSimpleApplication@7c12a824
----------------- Done invoking toplevel() on ptolemy.moml.MoMLSimpleApplication@7c12a824
reloadAllAccessors: .Gaussian1

===========================================================================================
----------------- testing Mon Jun 29 15:14:50 UTC 2020 /home/travis/build/icyphy/ptII/ptolemy/actor/lib/test/auto/Gaussian2.xml
----------------- Instantiating /home/travis/build/icyphy/ptII/ptolemy/actor/lib/test/auto/Gaussian2.xml
2 ms. Memory: 550912K Free: 375032K (68%)
----------------- Invoking toplevel() on ptolemy.moml.MoMLSimpleApplication@7c7cd395
----------------- Done invoking toplevel() on ptolemy.moml.MoMLSimpleApplication@7c7cd395
reloadAllAccessors: .Gaussian2

===========================================================================================
----------------- testing Mon Jun 29 15:14:50 UTC 2020 /home/travis/build/icyphy/ptII/ptolemy/actor/lib/test/auto/GradientAdaptiveLattice.xml
----------------- Instantiating /home/travis/build/icyphy/ptII/ptolemy/actor/lib/test/auto/GradientAdaptiveLattice.xml
3 ms. Memory: 550912K Free: 369912K (67%)
----------------- Invoking toplevel() on ptolemy.moml.MoMLSimpleApplication@139cbb5e
----------------- Done invoking toplevel() on ptolemy.moml.MoMLSimpleApplication@139cbb5e
reloadAllAccessors: .GradientAdaptiveLattice

===========================================================================================
----------------- testing Mon Jun 29 15:14:50 UTC 2020 /home/travis/build/icyphy/ptII/ptolemy/actor/lib/test/auto/IIR.xml
----------------- Instantiating /home/travis/build/icyphy/ptII/ptolemy/actor/lib/test/auto/IIR.xml
1 ms. Memory: 550912K Free: 365302K (66%)
----------------- Invoking toplevel() on ptolemy.moml.MoMLSimpleApplication@78a6fb9c
----------------- Done invoking toplevel() on ptolemy.moml.MoMLSimpleApplication@78a6fb9c
reloadAllAccessors: .IIR

===========================================================================================
----------------- testing Mon Jun 29 15:14:50 UTC 2020 /home/travis/build/icyphy/ptII/ptolemy/actor/lib/test/auto/InputOutputTransparentPorts.xml
----------------- Instantiating /home/travis/build/icyphy/ptII/ptolemy/actor/lib/test/auto/InputOutputTransparentPorts.xml
1 ms. Memory: 550912K Free: 358134K (65%)
----------------- Invoking toplevel() on ptolemy.moml.MoMLSimpleApplication@5af2d40b
----------------- Done invoking toplevel() on ptolemy.moml.MoMLSimpleApplication@5af2d40b
reloadAllAccessors: .InputOutputTransparentPorts

===========================================================================================
----------------- testing Mon Jun 29 15:14:50 UTC 2020 /home/travis/build/icyphy/ptII/ptolemy/actor/lib/test/auto/Interpolator.xml
----------------- Instantiating /home/travis/build/icyphy/ptII/ptolemy/actor/lib/test/auto/Interpolator.xml
3 ms. Memory: 550912K Free: 353014K (64%)
----------------- Invoking toplevel() on ptolemy.moml.MoMLSimpleApplication@687c744b
----------------- Done invoking toplevel() on ptolemy.moml.MoMLSimpleApplication@687c744b
reloadAllAccessors: .Interpolator

===========================================================================================
----------------- testing Mon Jun 29 15:14:50 UTC 2020 /home/travis/build/icyphy/ptII/ptolemy/actor/lib/test/auto/InterpolatorFiringLimitDE.xml
----------------- Instantiating /home/travis/build/icyphy/ptII/ptolemy/actor/lib/test/auto/InterpolatorFiringLimitDE.xml
3 ms. Memory: 550912K Free: 347384K (63%)
----------------- Invoking toplevel() on ptolemy.moml.MoMLSimpleApplication@5af4ad04
----------------- Done invoking toplevel() on ptolemy.moml.MoMLSimpleApplication@5af4ad04
reloadAllAccessors: .InterpolatorFiringLimitDE

===========================================================================================
----------------- testing Mon Jun 29 15:14:50 UTC 2020 /home/travis/build/icyphy/ptII/ptolemy/actor/lib/test/auto/Lattice.xml
----------------- Instantiating /home/travis/build/icyphy/ptII/ptolemy/actor/lib/test/auto/Lattice.xml
1 ms. Memory: 550912K Free: 343288K (62%)
----------------- Invoking toplevel() on ptolemy.moml.MoMLSimpleApplication@710ca4bf
----------------- Done invoking toplevel() on ptolemy.moml.MoMLSimpleApplication@710ca4bf
reloadAllAccessors: .Lattice

===========================================================================================
----------------- testing Mon Jun 29 15:14:50 UTC 2020 /home/travis/build/icyphy/ptII/ptolemy/actor/lib/test/auto/LazyAOCTestLazy.xml
----------------- Instantiating /home/travis/build/icyphy/ptII/ptolemy/actor/lib/test/auto/LazyAOCTestLazy.xml
22 ms. Memory: 550912K Free: 337144K (61%)
----------------- Invoking toplevel() on ptolemy.moml.MoMLSimpleApplication@3224991e
----------------- Done invoking toplevel() on ptolemy.moml.MoMLSimpleApplication@3224991e
reloadAllAccessors: .LazyAOCTestLazy

===========================================================================================
----------------- testing Mon Jun 29 15:14:50 UTC 2020 /home/travis/build/icyphy/ptII/ptolemy/actor/lib/test/auto/LazyAOCTestNonLazy.xml
----------------- Instantiating /home/travis/build/icyphy/ptII/ptolemy/actor/lib/test/auto/LazyAOCTestNonLazy.xml
2 ms. Memory: 550912K Free: 331000K (60%)
----------------- Invoking toplevel() on ptolemy.moml.MoMLSimpleApplication@4c0edd6d
----------------- Done invoking toplevel() on ptolemy.moml.MoMLSimpleApplication@4c0edd6d
reloadAllAccessors: .LazyAOCTestNonLazy

===========================================================================================
----------------- testing Mon Jun 29 15:14:50 UTC 2020 /home/travis/build/icyphy/ptII/ptolemy/actor/lib/test/auto/LazyInnerClass.xml
----------------- Instantiating /home/travis/build/icyphy/ptII/ptolemy/actor/lib/test/auto/LazyInnerClass.xml
19 ms. Memory: 550912K Free: 322294K (59%)
----------------- Invoking toplevel() on ptolemy.moml.MoMLSimpleApplication@723225df
----------------- Done invoking toplevel() on ptolemy.moml.MoMLSimpleApplication@723225df
reloadAllAccessors: .LazyInnerClass

===========================================================================================
----------------- testing Mon Jun 29 15:14:50 UTC 2020 /home/travis/build/icyphy/ptII/ptolemy/actor/lib/test/auto/LazyPubSub.xml
----------------- Instantiating /home/travis/build/icyphy/ptII/ptolemy/actor/lib/test/auto/LazyPubSub.xml
37 ms. Memory: 550912K Free: 311544K (57%)
----------------- Invoking toplevel() on ptolemy.moml.MoMLSimpleApplication@d31e311
----------------- Done invoking toplevel() on ptolemy.moml.MoMLSimpleApplication@d31e311
reloadAllAccessors: .LazyPubSub

===========================================================================================
----------------- testing Mon Jun 29 15:14:50 UTC 2020 /home/travis/build/icyphy/ptII/ptolemy/actor/lib/test/auto/LazyPubSub2.xml
----------------- Instantiating /home/travis/build/icyphy/ptII/ptolemy/actor/lib/test/auto/LazyPubSub2.xml
16 ms. Memory: 550912K Free: 301814K (55%)
----------------- Invoking toplevel() on ptolemy.moml.MoMLSimpleApplication@3b10182f
----------------- Done invoking toplevel() on ptolemy.moml.MoMLSimpleApplication@3b10182f
reloadAllAccessors: .LazyPubSub2

===========================================================================================
----------------- testing Mon Jun 29 15:14:50 UTC 2020 /home/travis/build/icyphy/ptII/ptolemy/actor/lib/test/auto/LazyPubSub3.xml
----------------- Instantiating /home/travis/build/icyphy/ptII/ptolemy/actor/lib/test/auto/LazyPubSub3.xml
12 ms. Memory: 550912K Free: 291574K (53%)
----------------- Invoking toplevel() on ptolemy.moml.MoMLSimpleApplication@336b1777
----------------- Done invoking toplevel() on ptolemy.moml.MoMLSimpleApplication@336b1777
reloadAllAccessors: .LazyPubSub3

===========================================================================================
----------------- testing Mon Jun 29 15:14:50 UTC 2020 /home/travis/build/icyphy/ptII/ptolemy/actor/lib/test/auto/LazySubClassModel.xml
----------------- Instantiating /home/travis/build/icyphy/ptII/ptolemy/actor/lib/test/auto/LazySubClassModel.xml
2 ms. Memory: 550912K Free: 281848K (51%)
----------------- Invoking toplevel() on ptolemy.moml.MoMLSimpleApplication@19b3c72c
----------------- Done invoking toplevel() on ptolemy.moml.MoMLSimpleApplication@19b3c72c
reloadAllAccessors: .LazySubClassModel

===========================================================================================
----------------- testing Mon Jun 29 15:14:50 UTC 2020 /home/travis/build/icyphy/ptII/ptolemy/actor/lib/test/auto/LevelCrossTest1.xml
----------------- Instantiating /home/travis/build/icyphy/ptII/ptolemy/actor/lib/test/auto/LevelCrossTest1.xml
5 ms. Memory: 550912K Free: 277238K (50%)
----------------- Invoking toplevel() on ptolemy.moml.MoMLSimpleApplication@b7ce666
----------------- Done invoking toplevel() on ptolemy.moml.MoMLSimpleApplication@b7ce666
reloadAllAccessors: .broken

===========================================================================================
----------------- testing Mon Jun 29 15:14:50 UTC 2020 /home/travis/build/icyphy/ptII/ptolemy/actor/lib/test/auto/LevelCrossTest10.xml
----------------- Instantiating /home/travis/build/icyphy/ptII/ptolemy/actor/lib/test/auto/LevelCrossTest10.xml
1 ms. Memory: 550912K Free: 269046K (49%)
----------------- Invoking toplevel() on ptolemy.moml.MoMLSimpleApplication@442c1f71
----------------- Done invoking toplevel() on ptolemy.moml.MoMLSimpleApplication@442c1f71
reloadAllAccessors: .LevelCrossTest10

===========================================================================================
----------------- testing Mon Jun 29 15:14:50 UTC 2020 /home/travis/build/icyphy/ptII/ptolemy/actor/lib/test/auto/LevelCrossTest11.xml
----------------- Instantiating /home/travis/build/icyphy/ptII/ptolemy/actor/lib/test/auto/LevelCrossTest11.xml
1 ms. Memory: 550912K Free: 261878K (48%)
----------------- Invoking toplevel() on ptolemy.moml.MoMLSimpleApplication@7ca0dc51
----------------- Done invoking toplevel() on ptolemy.moml.MoMLSimpleApplication@7ca0dc51
reloadAllAccessors: .LevelCrossTest11

===========================================================================================
----------------- testing Mon Jun 29 15:14:50 UTC 2020 /home/travis/build/icyphy/ptII/ptolemy/actor/lib/test/auto/LevelCrossTest12.xml
----------------- Instantiating /home/travis/build/icyphy/ptII/ptolemy/actor/lib/test/auto/LevelCrossTest12.xml
1 ms. Memory: 550912K Free: 254710K (46%)
----------------- Invoking toplevel() on ptolemy.moml.MoMLSimpleApplication@3c4c73a3
----------------- Done invoking toplevel() on ptolemy.moml.MoMLSimpleApplication@3c4c73a3
reloadAllAccessors: .LevelCrossTest12

===========================================================================================
----------------- testing Mon Jun 29 15:14:50 UTC 2020 /home/travis/build/icyphy/ptII/ptolemy/actor/lib/test/auto/LevelCrossTest13.xml
----------------- Instantiating /home/travis/build/icyphy/ptII/ptolemy/actor/lib/test/auto/LevelCrossTest13.xml
1 ms. Memory: 550912K Free: 247542K (45%)
----------------- Invoking toplevel() on ptolemy.moml.MoMLSimpleApplication@250e36b1
----------------- Done invoking toplevel() on ptolemy.moml.MoMLSimpleApplication@250e36b1
reloadAllAccessors: .LevelCrossTest13

===========================================================================================
----------------- testing Mon Jun 29 15:14:50 UTC 2020 /home/travis/build/icyphy/ptII/ptolemy/actor/lib/test/auto/LevelCrossTest2.xml
----------------- Instantiating /home/travis/build/icyphy/ptII/ptolemy/actor/lib/test/auto/LevelCrossTest2.xml
1 ms. Memory: 550912K Free: 241912K (44%)
----------------- Invoking toplevel() on ptolemy.moml.MoMLSimpleApplication@5199aed8
----------------- Done invoking toplevel() on ptolemy.moml.MoMLSimpleApplication@5199aed8
reloadAllAccessors: .broken

===========================================================================================
----------------- testing Mon Jun 29 15:14:50 UTC 2020 /home/travis/build/icyphy/ptII/ptolemy/actor/lib/test/auto/LevelCrossTest3.xml
----------------- Instantiating /home/travis/build/icyphy/ptII/ptolemy/actor/lib/test/auto/LevelCrossTest3.xml
1 ms. Memory: 550912K Free: 235768K (43%)
----------------- Invoking toplevel() on ptolemy.moml.MoMLSimpleApplication@44ebba7
----------------- Done invoking toplevel() on ptolemy.moml.MoMLSimpleApplication@44ebba7
reloadAllAccessors: .LevelCrossTest3

===========================================================================================
----------------- testing Mon Jun 29 15:14:50 UTC 2020 /home/travis/build/icyphy/ptII/ptolemy/actor/lib/test/auto/LevelCrossTest4.xml
----------------- Instantiating /home/travis/build/icyphy/ptII/ptolemy/actor/lib/test/auto/LevelCrossTest4.xml
1 ms. Memory: 550912K Free: 230648K (42%)
----------------- Invoking toplevel() on ptolemy.moml.MoMLSimpleApplication@37779059
----------------- Done invoking toplevel() on ptolemy.moml.MoMLSimpleApplication@37779059
reloadAllAccessors: .broken

===========================================================================================
----------------- testing Mon Jun 29 15:14:50 UTC 2020 /home/travis/build/icyphy/ptII/ptolemy/actor/lib/test/auto/LevelCrossTest5.xml
----------------- Instantiating /home/travis/build/icyphy/ptII/ptolemy/actor/lib/test/auto/LevelCrossTest5.xml
1 ms. Memory: 550912K Free: 224504K (41%)
----------------- Invoking toplevel() on ptolemy.moml.MoMLSimpleApplication@33dbd39d
----------------- Done invoking toplevel() on ptolemy.moml.MoMLSimpleApplication@33dbd39d
reloadAllAccessors: .LevelCrossTest5

===========================================================================================
----------------- testing Mon Jun 29 15:14:50 UTC 2020 /home/travis/build/icyphy/ptII/ptolemy/actor/lib/test/auto/LevelCrossTest6.xml
----------------- Instantiating /home/travis/build/icyphy/ptII/ptolemy/actor/lib/test/auto/LevelCrossTest6.xml
1 ms. Memory: 550912K Free: 217336K (39%)
----------------- Invoking toplevel() on ptolemy.moml.MoMLSimpleApplication@5162e7d4
----------------- Done invoking toplevel() on ptolemy.moml.MoMLSimpleApplication@5162e7d4
reloadAllAccessors: .LevelCrossTest6

===========================================================================================
----------------- testing Mon Jun 29 15:14:50 UTC 2020 /home/travis/build/icyphy/ptII/ptolemy/actor/lib/test/auto/LevelCrossTest7.xml
----------------- Instantiating /home/travis/build/icyphy/ptII/ptolemy/actor/lib/test/auto/LevelCrossTest7.xml
1 ms. Memory: 550912K Free: 210678K (38%)
----------------- Invoking toplevel() on ptolemy.moml.MoMLSimpleApplication@3fcf4a7e
----------------- Done invoking toplevel() on ptolemy.moml.MoMLSimpleApplication@3fcf4a7e
reloadAllAccessors: .LevelCrossTest7

===========================================================================================
----------------- testing Mon Jun 29 15:14:50 UTC 2020 /home/travis/build/icyphy/ptII/ptolemy/actor/lib/test/auto/LevelCrossTest8.xml
----------------- Instantiating /home/travis/build/icyphy/ptII/ptolemy/actor/lib/test/auto/LevelCrossTest8.xml
4 ms. Memory: 550912K Free: 203000K (37%)
----------------- Invoking toplevel() on ptolemy.moml.MoMLSimpleApplication@540cb63a
----------------- Done invoking toplevel() on ptolemy.moml.MoMLSimpleApplication@540cb63a
reloadAllAccessors: .LevelCrossTest8

===========================================================================================
----------------- testing Mon Jun 29 15:14:50 UTC 2020 /home/travis/build/icyphy/ptII/ptolemy/actor/lib/test/auto/LevelCrossTest9.xml
----------------- Instantiating /home/travis/build/icyphy/ptII/ptolemy/actor/lib/test/auto/LevelCrossTest9.xml
2 ms. Memory: 550912K Free: 195318K (35%)
----------------- Invoking toplevel() on ptolemy.moml.MoMLSimpleApplication@da2db4b
----------------- Done invoking toplevel() on ptolemy.moml.MoMLSimpleApplication@da2db4b
reloadAllAccessors: .LevelCrossTest9

===========================================================================================
----------------- testing Mon Jun 29 15:14:51 UTC 2020 /home/travis/build/icyphy/ptII/ptolemy/actor/lib/test/auto/LevinsonDurbin.xml
----------------- Instantiating /home/travis/build/icyphy/ptII/ptolemy/actor/lib/test/auto/LevinsonDurbin.xml
9 ms. Memory: 550912K Free: 191736K (35%)
----------------- Invoking toplevel() on ptolemy.moml.MoMLSimpleApplication@6af57daa
----------------- Done invoking toplevel() on ptolemy.moml.MoMLSimpleApplication@6af57daa
reloadAllAccessors: .LevinsonDurbin

===========================================================================================
----------------- testing Mon Jun 29 15:14:51 UTC 2020 /home/travis/build/icyphy/ptII/ptolemy/actor/lib/test/auto/LevinsonDurbin2.xml
----------------- Instantiating /home/travis/build/icyphy/ptII/ptolemy/actor/lib/test/auto/LevinsonDurbin2.xml
2 ms. Memory: 550912K Free: 187640K (34%)
----------------- Invoking toplevel() on ptolemy.moml.MoMLSimpleApplication@12e5941d
----------------- Done invoking toplevel() on ptolemy.moml.MoMLSimpleApplication@12e5941d
reloadAllAccessors: .LevinsonDurbin2

===========================================================================================
----------------- testing Mon Jun 29 15:14:51 UTC 2020 /home/travis/build/icyphy/ptII/ptolemy/actor/lib/test/auto/LevinsonDurbin3.xml
----------------- Instantiating /home/travis/build/icyphy/ptII/ptolemy/actor/lib/test/auto/LevinsonDurbin3.xml
2 ms. Memory: 550912K Free: 498651K (91%)
----------------- Invoking toplevel() on ptolemy.moml.MoMLSimpleApplication@13ec2863
----------------- Done invoking toplevel() on ptolemy.moml.MoMLSimpleApplication@13ec2863
reloadAllAccessors: .LevinsonDurbin3

===========================================================================================
----------------- testing Mon Jun 29 15:14:51 UTC 2020 /home/travis/build/icyphy/ptII/ptolemy/actor/lib/test/auto/Limiter.xml
----------------- Instantiating /home/travis/build/icyphy/ptII/ptolemy/actor/lib/test/auto/Limiter.xml
4 ms. Memory: 550912K Free: 489208K (89%)
----------------- Invoking toplevel() on ptolemy.moml.MoMLSimpleApplication@5305986
----------------- Done invoking toplevel() on ptolemy.moml.MoMLSimpleApplication@5305986
reloadAllAccessors: .Limiter

===========================================================================================
----------------- testing Mon Jun 29 15:14:51 UTC 2020 /home/travis/build/icyphy/ptII/ptolemy/actor/lib/test/auto/LinearDifferenceEquationSystem.xml
----------------- Instantiating /home/travis/build/icyphy/ptII/ptolemy/actor/lib/test/auto/LinearDifferenceEquationSystem.xml
4 ms. Memory: 550912K Free: 482040K (87%)
----------------- Invoking toplevel() on ptolemy.moml.MoMLSimpleApplication@36bed54e
----------------- Done invoking toplevel() on ptolemy.moml.MoMLSimpleApplication@36bed54e
reloadAllAccessors: .LinearDifferenceEquationSystem

===========================================================================================
----------------- testing Mon Jun 29 15:14:51 UTC 2020 /home/travis/build/icyphy/ptII/ptolemy/actor/lib/test/auto/LookupTable.xml
----------------- Instantiating /home/travis/build/icyphy/ptII/ptolemy/actor/lib/test/auto/LookupTable.xml
2 ms. Memory: 550912K Free: 477944K (87%)
----------------- Invoking toplevel() on ptolemy.moml.MoMLSimpleApplication@26c7a1a5
----------------- Done invoking toplevel() on ptolemy.moml.MoMLSimpleApplication@26c7a1a5
reloadAllAccessors: .LookupTable

===========================================================================================
----------------- testing Mon Jun 29 15:14:51 UTC 2020 /home/travis/build/icyphy/ptII/ptolemy/actor/lib/test/auto/MathFunction.xml
----------------- Instantiating /home/travis/build/icyphy/ptII/ptolemy/actor/lib/test/auto/MathFunction.xml
2 ms. Memory: 550912K Free: 469752K (85%)
----------------- Invoking toplevel() on ptolemy.moml.MoMLSimpleApplication@3b78003a
----------------- Done invoking toplevel() on ptolemy.moml.MoMLSimpleApplication@3b78003a
reloadAllAccessors: .MathFunction

===========================================================================================
----------------- testing Mon Jun 29 15:14:51 UTC 2020 /home/travis/build/icyphy/ptII/ptolemy/actor/lib/test/auto/MathFunction2.xml
----------------- Instantiating /home/travis/build/icyphy/ptII/ptolemy/actor/lib/test/auto/MathFunction2.xml
13 ms. Memory: 550912K Free: 465656K (85%)
----------------- Invoking toplevel() on ptolemy.moml.MoMLSimpleApplication@26f6deff
----------------- Done invoking toplevel() on ptolemy.moml.MoMLSimpleApplication@26f6deff
reloadAllAccessors: .MathFunction2

===========================================================================================
----------------- testing Mon Jun 29 15:14:51 UTC 2020 /home/travis/build/icyphy/ptII/ptolemy/actor/lib/test/auto/MathFunction3.xml
----------------- Instantiating /home/travis/build/icyphy/ptII/ptolemy/actor/lib/test/auto/MathFunction3.xml
2 ms. Memory: 550912K Free: 458998K (83%)
----------------- Invoking toplevel() on ptolemy.moml.MoMLSimpleApplication@307f54f7
----------------- Done invoking toplevel() on ptolemy.moml.MoMLSimpleApplication@307f54f7
reloadAllAccessors: .MathFunction3

===========================================================================================
----------------- testing Mon Jun 29 15:14:51 UTC 2020 /home/travis/build/icyphy/ptII/ptolemy/actor/lib/test/auto/MatrixCropBoolean.xml
----------------- Instantiating /home/travis/build/icyphy/ptII/ptolemy/actor/lib/test/auto/MatrixCropBoolean.xml
2 ms. Memory: 550912K Free: 453848K (82%)
----------------- Invoking toplevel() on ptolemy.moml.MoMLSimpleApplication@26bf8680
----------------- Done invoking toplevel() on ptolemy.moml.MoMLSimpleApplication@26bf8680
reloadAllAccessors: .MatrixCropBoolean

===========================================================================================
----------------- testing Mon Jun 29 15:14:51 UTC 2020 /home/travis/build/icyphy/ptII/ptolemy/actor/lib/test/auto/MatrixCropComplex.xml
----------------- Instantiating /home/travis/build/icyphy/ptII/ptolemy/actor/lib/test/auto/MatrixCropComplex.xml
2 ms. Memory: 550912K Free: 448728K (81%)
----------------- Invoking toplevel() on ptolemy.moml.MoMLSimpleApplication@3a99220
----------------- Done invoking toplevel() on ptolemy.moml.MoMLSimpleApplication@3a99220
reloadAllAccessors: .MatrixCropComplex

===========================================================================================
----------------- testing Mon Jun 29 15:14:51 UTC 2020 /home/travis/build/icyphy/ptII/ptolemy/actor/lib/test/auto/MatrixCropDouble.xml
----------------- Instantiating /home/travis/build/icyphy/ptII/ptolemy/actor/lib/test/auto/MatrixCropDouble.xml
3 ms. Memory: 550912K Free: 444152K (81%)
----------------- Invoking toplevel() on ptolemy.moml.MoMLSimpleApplication@2e1db2a3
----------------- Done invoking toplevel() on ptolemy.moml.MoMLSimpleApplication@2e1db2a3
reloadAllAccessors: .MatrixCropDouble

===========================================================================================
----------------- testing Mon Jun 29 15:14:51 UTC 2020 /home/travis/build/icyphy/ptII/ptolemy/actor/lib/test/auto/MatrixCropFix.xml
----------------- Instantiating /home/travis/build/icyphy/ptII/ptolemy/actor/lib/test/auto/MatrixCropFix.xml
2 ms. Memory: 550912K Free: 439032K (80%)
----------------- Invoking toplevel() on ptolemy.moml.MoMLSimpleApplication@2637a57
----------------- Done invoking toplevel() on ptolemy.moml.MoMLSimpleApplication@2637a57
reloadAllAccessors: .MatrixCropFix

===========================================================================================
----------------- testing Mon Jun 29 15:14:51 UTC 2020 /home/travis/build/icyphy/ptII/ptolemy/actor/lib/test/auto/MatrixCropInt.xml
----------------- Instantiating /home/travis/build/icyphy/ptII/ptolemy/actor/lib/test/auto/MatrixCropInt.xml
2 ms. Memory: 550912K Free: 434408K (79%)
----------------- Invoking toplevel() on ptolemy.moml.MoMLSimpleApplication@50e62fe3
----------------- Done invoking toplevel() on ptolemy.moml.MoMLSimpleApplication@50e62fe3
reloadAllAccessors: .MatrixCropInt

===========================================================================================
----------------- testing Mon Jun 29 15:14:51 UTC 2020 /home/travis/build/icyphy/ptII/ptolemy/actor/lib/test/auto/MatrixCropLong.xml
----------------- Instantiating /home/travis/build/icyphy/ptII/ptolemy/actor/lib/test/auto/MatrixCropLong.xml
3 ms. Memory: 550912K Free: 429288K (78%)
----------------- Invoking toplevel() on ptolemy.moml.MoMLSimpleApplication@8d69c66
----------------- Done invoking toplevel() on ptolemy.moml.MoMLSimpleApplication@8d69c66
reloadAllAccessors: .MatrixCropLong

===========================================================================================
----------------- testing Mon Jun 29 15:14:51 UTC 2020 /home/travis/build/icyphy/ptII/ptolemy/actor/lib/test/auto/MatrixToArray.xml
----------------- Instantiating /home/travis/build/icyphy/ptII/ptolemy/actor/lib/test/auto/MatrixToArray.xml
5 ms. Memory: 550912K Free: 413942K (75%)
----------------- Invoking toplevel() on ptolemy.moml.MoMLSimpleApplication@18e97fb8
----------------- Done invoking toplevel() on ptolemy.moml.MoMLSimpleApplication@18e97fb8
reloadAllAccessors: .MatrixToArray

===========================================================================================
----------------- testing Mon Jun 29 15:14:51 UTC 2020 /home/travis/build/icyphy/ptII/ptolemy/actor/lib/test/auto/MaxIndex.xml
----------------- Instantiating /home/travis/build/icyphy/ptII/ptolemy/actor/lib/test/auto/MaxIndex.xml
2 ms. Memory: 550912K Free: 408822K (74%)
----------------- Invoking toplevel() on ptolemy.moml.MoMLSimpleApplication@7631c131
----------------- Done invoking toplevel() on ptolemy.moml.MoMLSimpleApplication@7631c131
reloadAllAccessors: .MaxIndex

===========================================================================================
----------------- testing Mon Jun 29 15:14:51 UTC 2020 /home/travis/build/icyphy/ptII/ptolemy/actor/lib/test/auto/Maximum.xml
----------------- Instantiating /home/travis/build/icyphy/ptII/ptolemy/actor/lib/test/auto/Maximum.xml
13 ms. Memory: 550912K Free: 402168K (73%)
----------------- Invoking toplevel() on ptolemy.moml.MoMLSimpleApplication@3460e38b
----------------- Done invoking toplevel() on ptolemy.moml.MoMLSimpleApplication@3460e38b
reloadAllAccessors: .Maximum

===========================================================================================
----------------- testing Mon Jun 29 15:14:51 UTC 2020 /home/travis/build/icyphy/ptII/ptolemy/actor/lib/test/auto/MaximumComplex.xml
----------------- Instantiating /home/travis/build/icyphy/ptII/ptolemy/actor/lib/test/auto/MaximumComplex.xml
4 ms. Memory: 550912K Free: 396520K (72%)
----------------- Invoking toplevel() on ptolemy.moml.MoMLSimpleApplication@79f10375
----------------- Done invoking toplevel() on ptolemy.moml.MoMLSimpleApplication@79f10375
reloadAllAccessors: .MaximumComplex

===========================================================================================
----------------- testing Mon Jun 29 15:14:51 UTC 2020 /home/travis/build/icyphy/ptII/ptolemy/actor/lib/test/auto/MethodCallTest.xml
----------------- Instantiating /home/travis/build/icyphy/ptII/ptolemy/actor/lib/test/auto/MethodCallTest.xml
2 ms. Memory: 550912K Free: 389880K (71%)
----------------- Invoking toplevel() on ptolemy.moml.MoMLSimpleApplication@7ee49390
----------------- Done invoking toplevel() on ptolemy.moml.MoMLSimpleApplication@7ee49390
reloadAllAccessors: .MethodCallTest

===========================================================================================
----------------- testing Mon Jun 29 15:14:51 UTC 2020 /home/travis/build/icyphy/ptII/ptolemy/actor/lib/test/auto/Minimum.xml
----------------- Instantiating /home/travis/build/icyphy/ptII/ptolemy/actor/lib/test/auto/Minimum.xml
2 ms. Memory: 550912K Free: 383736K (70%)
----------------- Invoking toplevel() on ptolemy.moml.MoMLSimpleApplication@6d6b842c
----------------- Done invoking toplevel() on ptolemy.moml.MoMLSimpleApplication@6d6b842c
reloadAllAccessors: .Minimum

===========================================================================================
----------------- testing Mon Jun 29 15:14:51 UTC 2020 /home/travis/build/icyphy/ptII/ptolemy/actor/lib/test/auto/MinimumComplex.xml
----------------- Instantiating /home/travis/build/icyphy/ptII/ptolemy/actor/lib/test/auto/MinimumComplex.xml
3 ms. Memory: 550912K Free: 377592K (69%)
----------------- Invoking toplevel() on ptolemy.moml.MoMLSimpleApplication@22a64086
----------------- Done invoking toplevel() on ptolemy.moml.MoMLSimpleApplication@22a64086
reloadAllAccessors: .MinimumComplex

===========================================================================================
----------------- testing Mon Jun 29 15:14:51 UTC 2020 /home/travis/build/icyphy/ptII/ptolemy/actor/lib/test/auto/MinimumMultiports.xml
----------------- Instantiating /home/travis/build/icyphy/ptII/ptolemy/actor/lib/test/auto/MinimumMultiports.xml
3 ms. Memory: 550912K Free: 369400K (67%)
----------------- Invoking toplevel() on ptolemy.moml.MoMLSimpleApplication@78c702e4
----------------- Done invoking toplevel() on ptolemy.moml.MoMLSimpleApplication@78c702e4
reloadAllAccessors: .MinimumMultiports

===========================================================================================
----------------- testing Mon Jun 29 15:14:51 UTC 2020 /home/travis/build/icyphy/ptII/ptolemy/actor/lib/test/auto/ModifyDate.xml
----------------- Instantiating /home/travis/build/icyphy/ptII/ptolemy/actor/lib/test/auto/ModifyDate.xml
5 ms. Memory: 550912K Free: 356598K (65%)
----------------- Invoking toplevel() on ptolemy.moml.MoMLSimpleApplication@72a2d20d
----------------- Done invoking toplevel() on ptolemy.moml.MoMLSimpleApplication@72a2d20d
reloadAllAccessors: .ModifyDate

===========================================================================================
----------------- testing Mon Jun 29 15:14:51 UTC 2020 /home/travis/build/icyphy/ptII/ptolemy/actor/lib/test/auto/ModifyDate2.xml
----------------- Instantiating /home/travis/build/icyphy/ptII/ptolemy/actor/lib/test/auto/ModifyDate2.xml
7 ms. Memory: 550912K Free: 347896K (63%)
----------------- Invoking toplevel() on ptolemy.moml.MoMLSimpleApplication@1605eeb6
----------------- Done invoking toplevel() on ptolemy.moml.MoMLSimpleApplication@1605eeb6
reloadAllAccessors: .ModifyDate2

===========================================================================================
----------------- testing Mon Jun 29 15:14:51 UTC 2020 /home/travis/build/icyphy/ptII/ptolemy/actor/lib/test/auto/MovingAverage.xml
----------------- Instantiating /home/travis/build/icyphy/ptII/ptolemy/actor/lib/test/auto/MovingAverage.xml
2 ms. Memory: 550912K Free: 342776K (62%)
----------------- Invoking toplevel() on ptolemy.moml.MoMLSimpleApplication@811f2d4
----------------- Done invoking toplevel() on ptolemy.moml.MoMLSimpleApplication@811f2d4
reloadAllAccessors: .MovingAverage

===========================================================================================
----------------- testing Mon Jun 29 15:14:51 UTC 2020 /home/travis/build/icyphy/ptII/ptolemy/actor/lib/test/auto/MovingMaximum.xml
----------------- Instantiating /home/travis/build/icyphy/ptII/ptolemy/actor/lib/test/auto/MovingMaximum.xml
1 ms. Memory: 550912K Free: 338166K (61%)
----------------- Invoking toplevel() on ptolemy.moml.MoMLSimpleApplication@1c918874
----------------- Done invoking toplevel() on ptolemy.moml.MoMLSimpleApplication@1c918874
reloadAllAccessors: .MovingMaximum

===========================================================================================
----------------- testing Mon Jun 29 15:14:51 UTC 2020 /home/travis/build/icyphy/ptII/ptolemy/actor/lib/test/auto/MultipleLinksToSameRelation.xml
----------------- Instantiating /home/travis/build/icyphy/ptII/ptolemy/actor/lib/test/auto/MultipleLinksToSameRelation.xml
2 ms. Memory: 550912K Free: 334584K (61%)
----------------- Invoking toplevel() on ptolemy.moml.MoMLSimpleApplication@7253e07c
----------------- Done invoking toplevel() on ptolemy.moml.MoMLSimpleApplication@7253e07c
reloadAllAccessors: .MultipleLinksToSameRelation

===========================================================================================
----------------- testing Mon Jun 29 15:14:51 UTC 2020 /home/travis/build/icyphy/ptII/ptolemy/actor/lib/test/auto/MultipleLinksToSameRelationDE.xml
----------------- Instantiating /home/travis/build/icyphy/ptII/ptolemy/actor/lib/test/auto/MultipleLinksToSameRelationDE.xml
4 ms. Memory: 550912K Free: 329944K (60%)
----------------- Invoking toplevel() on ptolemy.moml.MoMLSimpleApplication@3f7537f2
----------------- Done invoking toplevel() on ptolemy.moml.MoMLSimpleApplication@3f7537f2
reloadAllAccessors: .MultipleLinksToSameRelationDE

===========================================================================================
----------------- testing Mon Jun 29 15:14:51 UTC 2020 /home/travis/build/icyphy/ptII/ptolemy/actor/lib/test/auto/Multiplexor.xml
----------------- Instantiating /home/travis/build/icyphy/ptII/ptolemy/actor/lib/test/auto/Multiplexor.xml
2 ms. Memory: 550912K Free: 324344K (59%)
----------------- Invoking toplevel() on ptolemy.moml.MoMLSimpleApplication@4b38f60f
----------------- Done invoking toplevel() on ptolemy.moml.MoMLSimpleApplication@4b38f60f
reloadAllAccessors: .Multiplexor

===========================================================================================
----------------- testing Mon Jun 29 15:14:51 UTC 2020 /home/travis/build/icyphy/ptII/ptolemy/actor/lib/test/auto/Multiplexor1.xml
----------------- Instantiating /home/travis/build/icyphy/ptII/ptolemy/actor/lib/test/auto/Multiplexor1.xml
2 ms. Memory: 550912K Free: 318680K (58%)
----------------- Invoking toplevel() on ptolemy.moml.MoMLSimpleApplication@45bfa62f
----------------- Done invoking toplevel() on ptolemy.moml.MoMLSimpleApplication@45bfa62f
reloadAllAccessors: .Multiplexor1

===========================================================================================
----------------- testing Mon Jun 29 15:14:51 UTC 2020 /home/travis/build/icyphy/ptII/ptolemy/actor/lib/test/auto/Multiplexor2.xml
----------------- Instantiating /home/travis/build/icyphy/ptII/ptolemy/actor/lib/test/auto/Multiplexor2.xml
5 ms. Memory: 550912K Free: 312056K (57%)
----------------- Invoking toplevel() on ptolemy.moml.MoMLSimpleApplication@dd588a1
----------------- Done invoking toplevel() on ptolemy.moml.MoMLSimpleApplication@dd588a1
reloadAllAccessors: .Multiplexor2

===========================================================================================
----------------- testing Mon Jun 29 15:14:51 UTC 2020 /home/travis/build/icyphy/ptII/ptolemy/actor/lib/test/auto/Multiplexor3.xml
----------------- Instantiating /home/travis/build/icyphy/ptII/ptolemy/actor/lib/test/auto/Multiplexor3.xml
2 ms. Memory: 550912K Free: 307960K (56%)
----------------- Invoking toplevel() on ptolemy.moml.MoMLSimpleApplication@5d46facf
----------------- Done invoking toplevel() on ptolemy.moml.MoMLSimpleApplication@5d46facf
reloadAllAccessors: .Multiplexor3

===========================================================================================
----------------- testing Mon Jun 29 15:14:51 UTC 2020 /home/travis/build/icyphy/ptII/ptolemy/actor/lib/test/auto/MultiplexorDE.xml
----------------- Instantiating /home/travis/build/icyphy/ptII/ptolemy/actor/lib/test/auto/MultiplexorDE.xml
2 ms. Memory: 550912K Free: 300792K (55%)
----------------- Invoking toplevel() on ptolemy.moml.MoMLSimpleApplication@6dfd048d
----------------- Done invoking toplevel() on ptolemy.moml.MoMLSimpleApplication@6dfd048d
reloadAllAccessors: .MultiplexorDE

===========================================================================================
----------------- testing Mon Jun 29 15:14:51 UTC 2020 /home/travis/build/icyphy/ptII/ptolemy/actor/lib/test/auto/MultiportBroadcastTest.xml
----------------- Instantiating /home/travis/build/icyphy/ptII/ptolemy/actor/lib/test/auto/MultiportBroadcastTest.xml
86 ms. Memory: 550912K Free: 294648K (53%)
----------------- Invoking toplevel() on ptolemy.moml.MoMLSimpleApplication@37a446c2
----------------- Done invoking toplevel() on ptolemy.moml.MoMLSimpleApplication@37a446c2
reloadAllAccessors: .MultiportBroadcastTest

===========================================================================================
----------------- testing Mon Jun 29 15:14:51 UTC 2020 /home/travis/build/icyphy/ptII/ptolemy/actor/lib/test/auto/MultiportOutHangDuringGetWidth.xml
----------------- Instantiating /home/travis/build/icyphy/ptII/ptolemy/actor/lib/test/auto/MultiportOutHangDuringGetWidth.xml
9 ms. Memory: 550912K Free: 282840K (51%)
----------------- Invoking toplevel() on ptolemy.moml.MoMLSimpleApplication@17a276af
----------------- Done invoking toplevel() on ptolemy.moml.MoMLSimpleApplication@17a276af
reloadAllAccessors: .MultiportOutHangDuringGetWidth

===========================================================================================
----------------- testing Mon Jun 29 15:14:51 UTC 2020 /home/travis/build/icyphy/ptII/ptolemy/actor/lib/test/auto/NilToken.xml
----------------- Instantiating /home/travis/build/icyphy/ptII/ptolemy/actor/lib/test/auto/NilToken.xml
1 ms. Memory: 550912K Free: 278774K (51%)
----------------- Invoking toplevel() on ptolemy.moml.MoMLSimpleApplication@3ed5c579
----------------- Done invoking toplevel() on ptolemy.moml.MoMLSimpleApplication@3ed5c579
reloadAllAccessors: .NilToken

===========================================================================================
----------------- testing Mon Jun 29 15:14:51 UTC 2020 /home/travis/build/icyphy/ptII/ptolemy/actor/lib/test/auto/NilTokenNonStrictTest.xml
----------------- Instantiating /home/travis/build/icyphy/ptII/ptolemy/actor/lib/test/auto/NilTokenNonStrictTest.xml
1 ms. Memory: 550912K Free: 273654K (50%)
----------------- Invoking toplevel() on ptolemy.moml.MoMLSimpleApplication@4924ec66
----------------- Done invoking toplevel() on ptolemy.moml.MoMLSimpleApplication@4924ec66
reloadAllAccessors: .NilTokenNonStrictTest

===========================================================================================
----------------- testing Mon Jun 29 15:14:52 UTC 2020 /home/travis/build/icyphy/ptII/ptolemy/actor/lib/test/auto/NilTokenRecord.xml
----------------- Instantiating /home/travis/build/icyphy/ptII/ptolemy/actor/lib/test/auto/NilTokenRecord.xml
5 ms. Memory: 550912K Free: 267000K (48%)
----------------- Invoking toplevel() on ptolemy.moml.MoMLSimpleApplication@18290e40
----------------- Done invoking toplevel() on ptolemy.moml.MoMLSimpleApplication@18290e40
reloadAllAccessors: .NilTokenRecord

===========================================================================================
----------------- testing Mon Jun 29 15:14:52 UTC 2020 /home/travis/build/icyphy/ptII/ptolemy/actor/lib/test/auto/NilTokenTypeTest.xml
----------------- Instantiating /home/travis/build/icyphy/ptII/ptolemy/actor/lib/test/auto/NilTokenTypeTest.xml
5 ms. Memory: 550912K Free: 257784K (47%)
----------------- Invoking toplevel() on ptolemy.moml.MoMLSimpleApplication@2aa2eb94
----------------- Done invoking toplevel() on ptolemy.moml.MoMLSimpleApplication@2aa2eb94
reloadAllAccessors: .NilTokenTypeTest

===========================================================================================
----------------- testing Mon Jun 29 15:14:52 UTC 2020 /home/travis/build/icyphy/ptII/ptolemy/actor/lib/test/auto/ObjectToken1.xml
----------------- Instantiating /home/travis/build/icyphy/ptII/ptolemy/actor/lib/test/auto/ObjectToken1.xml
3 ms. Memory: 550912K Free: 253688K (46%)
----------------- Invoking toplevel() on ptolemy.moml.MoMLSimpleApplication@60cdbf9f
----------------- Done invoking toplevel() on ptolemy.moml.MoMLSimpleApplication@60cdbf9f
reloadAllAccessors: .ObjectToken1

===========================================================================================
----------------- testing Mon Jun 29 15:14:52 UTC 2020 /home/travis/build/icyphy/ptII/ptolemy/actor/lib/test/auto/OrderedMerge.xml
----------------- Instantiating /home/travis/build/icyphy/ptII/ptolemy/actor/lib/test/auto/OrderedMerge.xml
8 ms. Memory: 550912K Free: 248054K (45%)
----------------- Invoking toplevel() on ptolemy.moml.MoMLSimpleApplication@115f1620
----------------- Done invoking toplevel() on ptolemy.moml.MoMLSimpleApplication@115f1620
reloadAllAccessors: .OrderedMerge

===========================================================================================
----------------- testing Mon Jun 29 15:14:52 UTC 2020 /home/travis/build/icyphy/ptII/ptolemy/actor/lib/test/auto/OrderedRecordDisassembler.xml
----------------- Instantiating /home/travis/build/icyphy/ptII/ptolemy/actor/lib/test/auto/OrderedRecordDisassembler.xml
3 ms. Memory: 550912K Free: 242904K (44%)
----------------- Invoking toplevel() on ptolemy.moml.MoMLSimpleApplication@46e1902f
----------------- Done invoking toplevel() on ptolemy.moml.MoMLSimpleApplication@46e1902f
reloadAllAccessors: .OrderedRecordDisassembler

===========================================================================================
----------------- testing Mon Jun 29 15:14:52 UTC 2020 /home/travis/build/icyphy/ptII/ptolemy/actor/lib/test/auto/OrderedRecordDisassembler2.xml
----------------- Instantiating /home/travis/build/icyphy/ptII/ptolemy/actor/lib/test/auto/OrderedRecordDisassembler2.xml
4 ms. Memory: 550912K Free: 235256K (43%)
----------------- Invoking toplevel() on ptolemy.moml.MoMLSimpleApplication@551bb9d8
----------------- Done invoking toplevel() on ptolemy.moml.MoMLSimpleApplication@551bb9d8
reloadAllAccessors: .OrderedRecordDisassembler2

===========================================================================================
----------------- testing Mon Jun 29 15:14:52 UTC 2020 /home/travis/build/icyphy/ptII/ptolemy/actor/lib/test/auto/OrderedRecordUpdater.xml
----------------- Instantiating /home/travis/build/icyphy/ptII/ptolemy/actor/lib/test/auto/OrderedRecordUpdater.xml
1 ms. Memory: 550912K Free: 230136K (42%)
----------------- Invoking toplevel() on ptolemy.moml.MoMLSimpleApplication@562cfb42
----------------- Done invoking toplevel() on ptolemy.moml.MoMLSimpleApplication@562cfb42
reloadAllAccessors: .RecordUpdater

===========================================================================================
----------------- testing Mon Jun 29 15:14:52 UTC 2020 /home/travis/build/icyphy/ptII/ptolemy/actor/lib/test/auto/OrderedRecordUpdater2.xml
----------------- Instantiating /home/travis/build/icyphy/ptII/ptolemy/actor/lib/test/auto/OrderedRecordUpdater2.xml
2 ms. Memory: 550912K Free: 225526K (41%)
----------------- Invoking toplevel() on ptolemy.moml.MoMLSimpleApplication@1248b5f8
----------------- Done invoking toplevel() on ptolemy.moml.MoMLSimpleApplication@1248b5f8
reloadAllAccessors: .RecordUpdater2

===========================================================================================
----------------- testing Mon Jun 29 15:14:52 UTC 2020 /home/travis/build/icyphy/ptII/ptolemy/actor/lib/test/auto/PhaseUnwrap.xml
----------------- Instantiating /home/travis/build/icyphy/ptII/ptolemy/actor/lib/test/auto/PhaseUnwrap.xml
2 ms. Memory: 550912K Free: 221430K (40%)
----------------- Invoking toplevel() on ptolemy.moml.MoMLSimpleApplication@3477b500
----------------- Done invoking toplevel() on ptolemy.moml.MoMLSimpleApplication@3477b500
reloadAllAccessors: .PhaseUnwrap

===========================================================================================
----------------- testing Mon Jun 29 15:14:52 UTC 2020 /home/travis/build/icyphy/ptII/ptolemy/actor/lib/test/auto/PoissonClock.xml
----------------- Instantiating /home/travis/build/icyphy/ptII/ptolemy/actor/lib/test/auto/PoissonClock.xml
1 ms. Memory: 550912K Free: 217334K (39%)
----------------- Invoking toplevel() on ptolemy.moml.MoMLSimpleApplication@5d7da89f
----------------- Done invoking toplevel() on ptolemy.moml.MoMLSimpleApplication@5d7da89f
reloadAllAccessors: .PoissonClock

===========================================================================================
----------------- testing Mon Jun 29 15:14:52 UTC 2020 /home/travis/build/icyphy/ptII/ptolemy/actor/lib/test/auto/PoissonClock2.xml
----------------- Instantiating /home/travis/build/icyphy/ptII/ptolemy/actor/lib/test/auto/PoissonClock2.xml
1 ms. Memory: 550912K Free: 212728K (39%)
----------------- Invoking toplevel() on ptolemy.moml.MoMLSimpleApplication@1da3e77c
----------------- Done invoking toplevel() on ptolemy.moml.MoMLSimpleApplication@1da3e77c
reloadAllAccessors: .PoissonClock2

===========================================================================================
----------------- testing Mon Jun 29 15:14:52 UTC 2020 /home/travis/build/icyphy/ptII/ptolemy/actor/lib/test/auto/PoissonClock3.xml
----------------- Instantiating /home/travis/build/icyphy/ptII/ptolemy/actor/lib/test/auto/PoissonClock3.xml
1 ms. Memory: 550912K Free: 208118K (38%)
----------------- Invoking toplevel() on ptolemy.moml.MoMLSimpleApplication@33e03248
----------------- Done invoking toplevel() on ptolemy.moml.MoMLSimpleApplication@33e03248
reloadAllAccessors: .PoissonClock3

===========================================================================================
----------------- testing Mon Jun 29 15:14:52 UTC 2020 /home/travis/build/icyphy/ptII/ptolemy/actor/lib/test/auto/PubSubWithInitialTokens.xml
----------------- Instantiating /home/travis/build/icyphy/ptII/ptolemy/actor/lib/test/auto/PubSubWithInitialTokens.xml
2 ms. Memory: 550912K Free: 202488K (37%)
----------------- Invoking toplevel() on ptolemy.moml.MoMLSimpleApplication@4a3aa1a3
----------------- Done invoking toplevel() on ptolemy.moml.MoMLSimpleApplication@4a3aa1a3
reloadAllAccessors: .PubSubWithInitialTokens

===========================================================================================
----------------- testing Mon Jun 29 15:14:52 UTC 2020 /home/travis/build/icyphy/ptII/ptolemy/actor/lib/test/auto/PubSubWithInitialTokens2.xml
----------------- Instantiating /home/travis/build/icyphy/ptII/ptolemy/actor/lib/test/auto/PubSubWithInitialTokens2.xml
2 ms. Memory: 550912K Free: 196344K (36%)
----------------- Invoking toplevel() on ptolemy.moml.MoMLSimpleApplication@68604556
----------------- Done invoking toplevel() on ptolemy.moml.MoMLSimpleApplication@68604556
reloadAllAccessors: .PubSubWithInitialTokens2

===========================================================================================
----------------- testing Mon Jun 29 15:14:52 UTC 2020 /home/travis/build/icyphy/ptII/ptolemy/actor/lib/test/auto/PublisherClassNoParameter.xml
----------------- Instantiating /home/travis/build/icyphy/ptII/ptolemy/actor/lib/test/auto/PublisherClassNoParameter.xml
2 ms. Memory: 550912K Free: 186104K (34%)
----------------- Invoking toplevel() on ptolemy.moml.MoMLSimpleApplication@936de3
----------------- Done invoking toplevel() on ptolemy.moml.MoMLSimpleApplication@936de3
reloadAllAccessors: .PublisherClassNoParameter

===========================================================================================
----------------- testing Mon Jun 29 15:14:52 UTC 2020 /home/travis/build/icyphy/ptII/ptolemy/actor/lib/test/auto/PublisherClassParameter.xml
----------------- Instantiating /home/travis/build/icyphy/ptII/ptolemy/actor/lib/test/auto/PublisherClassParameter.xml
2 ms. Memory: 550912K Free: 491766K (89%)
----------------- Invoking toplevel() on ptolemy.moml.MoMLSimpleApplication@25146437
----------------- Done invoking toplevel() on ptolemy.moml.MoMLSimpleApplication@25146437
reloadAllAccessors: .PublisherClassParameter

===========================================================================================
----------------- testing Mon Jun 29 15:14:52 UTC 2020 /home/travis/build/icyphy/ptII/ptolemy/actor/lib/test/auto/PublisherNonStrictTest.xml
----------------- Instantiating /home/travis/build/icyphy/ptII/ptolemy/actor/lib/test/auto/PublisherNonStrictTest.xml
2 ms. Memory: 550912K Free: 484088K (88%)
----------------- Invoking toplevel() on ptolemy.moml.MoMLSimpleApplication@384c5173
----------------- Done invoking toplevel() on ptolemy.moml.MoMLSimpleApplication@384c5173
reloadAllAccessors: .PublisherNonStrictTest

===========================================================================================
----------------- testing Mon Jun 29 15:14:52 UTC 2020 /home/travis/build/icyphy/ptII/ptolemy/actor/lib/test/auto/PublisherPort1.xml
----------------- Instantiating /home/travis/build/icyphy/ptII/ptolemy/actor/lib/test/auto/PublisherPort1.xml
13 ms. Memory: 550912K Free: 478424K (87%)
----------------- Invoking toplevel() on ptolemy.moml.MoMLSimpleApplication@3538b667
----------------- Done invoking toplevel() on ptolemy.moml.MoMLSimpleApplication@3538b667
reloadAllAccessors: .PublisherPort1

===========================================================================================
----------------- testing Mon Jun 29 15:14:52 UTC 2020 /home/travis/build/icyphy/ptII/ptolemy/actor/lib/test/auto/PublisherPort2.xml
----------------- Instantiating /home/travis/build/icyphy/ptII/ptolemy/actor/lib/test/auto/PublisherPort2.xml
2 ms. Memory: 550912K Free: 473334K (86%)
----------------- Invoking toplevel() on ptolemy.moml.MoMLSimpleApplication@1bdfd82a
----------------- Done invoking toplevel() on ptolemy.moml.MoMLSimpleApplication@1bdfd82a
reloadAllAccessors: .PublisherPort2

===========================================================================================
----------------- testing Mon Jun 29 15:14:52 UTC 2020 /home/travis/build/icyphy/ptII/ptolemy/actor/lib/test/auto/PublisherPort3.xml
----------------- Instantiating /home/travis/build/icyphy/ptII/ptolemy/actor/lib/test/auto/PublisherPort3.xml
3 ms. Memory: 550912K Free: 466680K (85%)
----------------- Invoking toplevel() on ptolemy.moml.MoMLSimpleApplication@5459078
----------------- Done invoking toplevel() on ptolemy.moml.MoMLSimpleApplication@5459078
reloadAllAccessors: .PublisherPort3

===========================================================================================
----------------- testing Mon Jun 29 15:14:52 UTC 2020 /home/travis/build/icyphy/ptII/ptolemy/actor/lib/test/auto/PublisherPort4.xml
----------------- Instantiating /home/travis/build/icyphy/ptII/ptolemy/actor/lib/test/auto/PublisherPort4.xml
2 ms. Memory: 550912K Free: 461040K (84%)
----------------- Invoking toplevel() on ptolemy.moml.MoMLSimpleApplication@564ecabf
----------------- Done invoking toplevel() on ptolemy.moml.MoMLSimpleApplication@564ecabf
reloadAllAccessors: .PublisherPort4

===========================================================================================
----------------- testing Mon Jun 29 15:14:52 UTC 2020 /home/travis/build/icyphy/ptII/ptolemy/actor/lib/test/auto/PublisherPort5.xml
----------------- Instantiating /home/travis/build/icyphy/ptII/ptolemy/actor/lib/test/auto/PublisherPort5.xml
3 ms. Memory: 550912K Free: 453368K (82%)
----------------- Invoking toplevel() on ptolemy.moml.MoMLSimpleApplication@11be5370
----------------- Done invoking toplevel() on ptolemy.moml.MoMLSimpleApplication@11be5370
reloadAllAccessors: .PublisherPort5

===========================================================================================
----------------- testing Mon Jun 29 15:14:52 UTC 2020 /home/travis/build/icyphy/ptII/ptolemy/actor/lib/test/auto/PublisherPort5LookAlike.xml
----------------- Instantiating /home/travis/build/icyphy/ptII/ptolemy/actor/lib/test/auto/PublisherPort5LookAlike.xml
7 ms. Memory: 550912K Free: 445686K (81%)
----------------- Invoking toplevel() on ptolemy.moml.MoMLSimpleApplication@7c2e96da
----------------- Done invoking toplevel() on ptolemy.moml.MoMLSimpleApplication@7c2e96da
reloadAllAccessors: .PublisherPort5LookAlike

===========================================================================================
----------------- testing Mon Jun 29 15:14:52 UTC 2020 /home/travis/build/icyphy/ptII/ptolemy/actor/lib/test/auto/PublisherPort6.xml
----------------- Instantiating /home/travis/build/icyphy/ptII/ptolemy/actor/lib/test/auto/PublisherPort6.xml
2 ms. Memory: 550912K Free: 439032K (80%)
----------------- Invoking toplevel() on ptolemy.moml.MoMLSimpleApplication@5e1aa84e
----------------- Done invoking toplevel() on ptolemy.moml.MoMLSimpleApplication@5e1aa84e
reloadAllAccessors: .PublisherPort6

===========================================================================================
----------------- testing Mon Jun 29 15:14:52 UTC 2020 /home/travis/build/icyphy/ptII/ptolemy/actor/lib/test/auto/PublisherPort7.xml
----------------- Instantiating /home/travis/build/icyphy/ptII/ptolemy/actor/lib/test/auto/PublisherPort7.xml
4 ms. Memory: 550912K Free: 431350K (78%)
----------------- Invoking toplevel() on ptolemy.moml.MoMLSimpleApplication@4531a8b7
----------------- Done invoking toplevel() on ptolemy.moml.MoMLSimpleApplication@4531a8b7
reloadAllAccessors: .PublisherPort7

===========================================================================================
----------------- testing Mon Jun 29 15:14:52 UTC 2020 /home/travis/build/icyphy/ptII/ptolemy/actor/lib/test/auto/PublisherPort8.xml
----------------- Instantiating /home/travis/build/icyphy/ptII/ptolemy/actor/lib/test/auto/PublisherPort8.xml
4 ms. Memory: 550912K Free: 423158K (77%)
----------------- Invoking toplevel() on ptolemy.moml.MoMLSimpleApplication@3f9316e8
----------------- Done invoking toplevel() on ptolemy.moml.MoMLSimpleApplication@3f9316e8
reloadAllAccessors: .PublisherPort8

===========================================================================================
----------------- testing Mon Jun 29 15:14:52 UTC 2020 /home/travis/build/icyphy/ptII/ptolemy/actor/lib/test/auto/PublisherPortSubscriberChannelVariablesAOC2.xml
----------------- Instantiating /home/travis/build/icyphy/ptII/ptolemy/actor/lib/test/auto/PublisherPortSubscriberChannelVariablesAOC2.xml
2 ms. Memory: 550912K Free: 406264K (74%)
----------------- Invoking toplevel() on ptolemy.moml.MoMLSimpleApplication@4d81067b
----------------- Done invoking toplevel() on ptolemy.moml.MoMLSimpleApplication@4d81067b
reloadAllAccessors: .PublisherPortSubscriberChannelVariablesAOC2

===========================================================================================
----------------- testing Mon Jun 29 15:14:52 UTC 2020 /home/travis/build/icyphy/ptII/ptolemy/actor/lib/test/auto/PublisherPortSubscriberOpaqueWidthInference.xml
----------------- Instantiating /home/travis/build/icyphy/ptII/ptolemy/actor/lib/test/auto/PublisherPortSubscriberOpaqueWidthInference.xml
3 ms. Memory: 550912K Free: 398072K (72%)
----------------- Invoking toplevel() on ptolemy.moml.MoMLSimpleApplication@2236c5c2
----------------- Done invoking toplevel() on ptolemy.moml.MoMLSimpleApplication@2236c5c2
reloadAllAccessors: .PublisherPortSubscriberOpaqueWidthInference

===========================================================================================
----------------- testing Mon Jun 29 15:14:52 UTC 2020 /home/travis/build/icyphy/ptII/ptolemy/actor/lib/test/auto/PublisherPortSubscriberPortAdjacent.xml
----------------- Instantiating /home/travis/build/icyphy/ptII/ptolemy/actor/lib/test/auto/PublisherPortSubscriberPortAdjacent.xml
1 ms. Memory: 550912K Free: 389880K (71%)
----------------- Invoking toplevel() on ptolemy.moml.MoMLSimpleApplication@97a47fb
----------------- Done invoking toplevel() on ptolemy.moml.MoMLSimpleApplication@97a47fb
reloadAllAccessors: .PublisherPortSubscriberPortAdjacent

===========================================================================================
----------------- testing Mon Jun 29 15:14:52 UTC 2020 /home/travis/build/icyphy/ptII/ptolemy/actor/lib/test/auto/PublisherPortSubscriberPortExpression.xml
----------------- Instantiating /home/travis/build/icyphy/ptII/ptolemy/actor/lib/test/auto/PublisherPortSubscriberPortExpression.xml
3 ms. Memory: 550912K Free: 382184K (69%)
----------------- Invoking toplevel() on ptolemy.moml.MoMLSimpleApplication@2844f228
----------------- Done invoking toplevel() on ptolemy.moml.MoMLSimpleApplication@2844f228
reloadAllAccessors: .PublisherPortSubscriberPortExpression

===========================================================================================
----------------- testing Mon Jun 29 15:14:52 UTC 2020 /home/travis/build/icyphy/ptII/ptolemy/actor/lib/test/auto/PublisherPortSubscriberPortOpaqueD3Reverse.xml
----------------- Instantiating /home/travis/build/icyphy/ptII/ptolemy/actor/lib/test/auto/PublisherPortSubscriberPortOpaqueD3Reverse.xml
5 ms. Memory: 550912K Free: 371958K (68%)
----------------- Invoking toplevel() on ptolemy.moml.MoMLSimpleApplication@7743bd98
----------------- Done invoking toplevel() on ptolemy.moml.MoMLSimpleApplication@7743bd98
reloadAllAccessors: .PublisherPortSubscriberPortOpaqueD3Reverse

===========================================================================================
----------------- testing Mon Jun 29 15:14:52 UTC 2020 /home/travis/build/icyphy/ptII/ptolemy/actor/lib/test/auto/PublisherPortSubscriberPortOpaqueWidthInference.xml
----------------- Instantiating /home/travis/build/icyphy/ptII/ptolemy/actor/lib/test/auto/PublisherPortSubscriberPortOpaqueWidthInference.xml
3 ms. Memory: 550912K Free: 364280K (66%)
----------------- Invoking toplevel() on ptolemy.moml.MoMLSimpleApplication@29e9adfd
----------------- Done invoking toplevel() on ptolemy.moml.MoMLSimpleApplication@29e9adfd
reloadAllAccessors: .PublisherPortSubscriberPortOpaqueWidthInference

===========================================================================================
----------------- testing Mon Jun 29 15:14:52 UTC 2020 /home/travis/build/icyphy/ptII/ptolemy/actor/lib/test/auto/PublisherPortToplevelSubscriberPortAOC.xml
----------------- Instantiating /home/travis/build/icyphy/ptII/ptolemy/actor/lib/test/auto/PublisherPortToplevelSubscriberPortAOC.xml
.PublisherPortToplevelSubscriberPortAOC.TestExceptionAttribute: initialize() was not invoked, but wrapup() was.  This is unusual, but not always a problem.  For example, exporting JNLP will do this.
1 ms. Memory: 550912K Free: 358136K (65%)
----------------- Invoking toplevel() on ptolemy.moml.MoMLSimpleApplication@22b42c50
----------------- Done invoking toplevel() on ptolemy.moml.MoMLSimpleApplication@22b42c50
reloadAllAccessors: .PublisherPortToplevelSubscriberPortAOC

===========================================================================================
----------------- testing Mon Jun 29 15:14:52 UTC 2020 /home/travis/build/icyphy/ptII/ptolemy/actor/lib/test/auto/PublisherSubscriber.xml
----------------- Instantiating /home/travis/build/icyphy/ptII/ptolemy/actor/lib/test/auto/PublisherSubscriber.xml
2 ms. Memory: 550912K Free: 350424K (64%)
----------------- Invoking toplevel() on ptolemy.moml.MoMLSimpleApplication@1fe1b3a3
----------------- Done invoking toplevel() on ptolemy.moml.MoMLSimpleApplication@1fe1b3a3
reloadAllAccessors: .PublisherSubscriber

===========================================================================================
----------------- testing Mon Jun 29 15:14:52 UTC 2020 /home/travis/build/icyphy/ptII/ptolemy/actor/lib/test/auto/PublisherSubscriber10.xml
----------------- Instantiating /home/travis/build/icyphy/ptII/ptolemy/actor/lib/test/auto/PublisherSubscriber10.xml
12 ms. Memory: 550912K Free: 341238K (62%)
----------------- Invoking toplevel() on ptolemy.moml.MoMLSimpleApplication@21411ee4
----------------- Done invoking toplevel() on ptolemy.moml.MoMLSimpleApplication@21411ee4
reloadAllAccessors: .PublisherSubscriber10

===========================================================================================
----------------- testing Mon Jun 29 15:14:52 UTC 2020 /home/travis/build/icyphy/ptII/ptolemy/actor/lib/test/auto/PublisherSubscriber10InitialOutputs.xml
----------------- Instantiating /home/travis/build/icyphy/ptII/ptolemy/actor/lib/test/auto/PublisherSubscriber10InitialOutputs.xml
11 ms. Memory: 550912K Free: 332022K (60%)
----------------- Invoking toplevel() on ptolemy.moml.MoMLSimpleApplication@700990b2
----------------- Done invoking toplevel() on ptolemy.moml.MoMLSimpleApplication@700990b2
reloadAllAccessors: .PublisherSubscriber10InitialOutputs

===========================================================================================
----------------- testing Mon Jun 29 15:14:52 UTC 2020 /home/travis/build/icyphy/ptII/ptolemy/actor/lib/test/auto/PublisherSubscriber11.xml
----------------- Instantiating /home/travis/build/icyphy/ptII/ptolemy/actor/lib/test/auto/PublisherSubscriber11.xml
2 ms. Memory: 550912K Free: 325368K (59%)
----------------- Invoking toplevel() on ptolemy.moml.MoMLSimpleApplication@736030f8
----------------- Done invoking toplevel() on ptolemy.moml.MoMLSimpleApplication@736030f8
reloadAllAccessors: .PublisherSubscriber11

===========================================================================================
----------------- testing Mon Jun 29 15:14:52 UTC 2020 /home/travis/build/icyphy/ptII/ptolemy/actor/lib/test/auto/PublisherSubscriber12.xml
----------------- Instantiating /home/travis/build/icyphy/ptII/ptolemy/actor/lib/test/auto/PublisherSubscriber12.xml
5 ms. Memory: 550912K Free: 318200K (58%)
----------------- Invoking toplevel() on ptolemy.moml.MoMLSimpleApplication@d1f4699
----------------- Done invoking toplevel() on ptolemy.moml.MoMLSimpleApplication@d1f4699
reloadAllAccessors: .PublisherSubscriber12

===========================================================================================
----------------- testing Mon Jun 29 15:14:52 UTC 2020 /home/travis/build/icyphy/ptII/ptolemy/actor/lib/test/auto/PublisherSubscriber13.xml
----------------- Instantiating /home/travis/build/icyphy/ptII/ptolemy/actor/lib/test/auto/PublisherSubscriber13.xml
2 ms. Memory: 550912K Free: 313080K (57%)
----------------- Invoking toplevel() on ptolemy.moml.MoMLSimpleApplication@33e7e9a
----------------- Done invoking toplevel() on ptolemy.moml.MoMLSimpleApplication@33e7e9a
reloadAllAccessors: .PublisherSubscriber13

===========================================================================================
----------------- testing Mon Jun 29 15:14:52 UTC 2020 /home/travis/build/icyphy/ptII/ptolemy/actor/lib/test/auto/PublisherSubscriber14.xml
----------------- Instantiating /home/travis/build/icyphy/ptII/ptolemy/actor/lib/test/auto/PublisherSubscriber14.xml
2 ms. Memory: 550912K Free: 304360K (55%)
----------------- Invoking toplevel() on ptolemy.moml.MoMLSimpleApplication@245caa5
----------------- Done invoking toplevel() on ptolemy.moml.MoMLSimpleApplication@245caa5
reloadAllAccessors: .PublisherSubscriber14

===========================================================================================
----------------- testing Mon Jun 29 15:14:52 UTC 2020 /home/travis/build/icyphy/ptII/ptolemy/actor/lib/test/auto/PublisherSubscriber2.xml
----------------- Instantiating /home/travis/build/icyphy/ptII/ptolemy/actor/lib/test/auto/PublisherSubscriber2.xml
3 ms. Memory: 550912K Free: 298744K (54%)
----------------- Invoking toplevel() on ptolemy.moml.MoMLSimpleApplication@4ae23886
----------------- Done invoking toplevel() on ptolemy.moml.MoMLSimpleApplication@4ae23886
reloadAllAccessors: .PublisherSubscriber2

===========================================================================================
----------------- testing Mon Jun 29 15:14:52 UTC 2020 /home/travis/build/icyphy/ptII/ptolemy/actor/lib/test/auto/PublisherSubscriber3.xml
----------------- Instantiating /home/travis/build/icyphy/ptII/ptolemy/actor/lib/test/auto/PublisherSubscriber3.xml
1 ms. Memory: 550912K Free: 293080K (53%)
----------------- Invoking toplevel() on ptolemy.moml.MoMLSimpleApplication@521cf044
----------------- Done invoking toplevel() on ptolemy.moml.MoMLSimpleApplication@521cf044
reloadAllAccessors: .PublisherSubscriber3

===========================================================================================
----------------- testing Mon Jun 29 15:14:52 UTC 2020 /home/travis/build/icyphy/ptII/ptolemy/actor/lib/test/auto/PublisherSubscriber4.xml
----------------- Instantiating /home/travis/build/icyphy/ptII/ptolemy/actor/lib/test/auto/PublisherSubscriber4.xml
2 ms. Memory: 550912K Free: 287990K (52%)
----------------- Invoking toplevel() on ptolemy.moml.MoMLSimpleApplication@136ff403
----------------- Done invoking toplevel() on ptolemy.moml.MoMLSimpleApplication@136ff403
reloadAllAccessors: .PublisherSubscriber4

===========================================================================================
----------------- testing Mon Jun 29 15:14:52 UTC 2020 /home/travis/build/icyphy/ptII/ptolemy/actor/lib/test/auto/PublisherSubscriber5.xml
----------------- Instantiating /home/travis/build/icyphy/ptII/ptolemy/actor/lib/test/auto/PublisherSubscriber5.xml
2 ms. Memory: 550912K Free: 281336K (51%)
----------------- Invoking toplevel() on ptolemy.moml.MoMLSimpleApplication@39b96e5c
----------------- Done invoking toplevel() on ptolemy.moml.MoMLSimpleApplication@39b96e5c
reloadAllAccessors: .PublisherSubscriber5

===========================================================================================
----------------- testing Mon Jun 29 15:14:52 UTC 2020 /home/travis/build/icyphy/ptII/ptolemy/actor/lib/test/auto/PublisherSubscriber6.xml
----------------- Instantiating /home/travis/build/icyphy/ptII/ptolemy/actor/lib/test/auto/PublisherSubscriber6.xml
3 ms. Memory: 550912K Free: 274678K (50%)
----------------- Invoking toplevel() on ptolemy.moml.MoMLSimpleApplication@72d0e099
----------------- Done invoking toplevel() on ptolemy.moml.MoMLSimpleApplication@72d0e099
reloadAllAccessors: .PublisherSubscriber6

===========================================================================================
----------------- testing Mon Jun 29 15:14:52 UTC 2020 /home/travis/build/icyphy/ptII/ptolemy/actor/lib/test/auto/PublisherSubscriber7.xml
----------------- Instantiating /home/travis/build/icyphy/ptII/ptolemy/actor/lib/test/auto/PublisherSubscriber7.xml
7 ms. Memory: 550912K Free: 267000K (48%)
----------------- Invoking toplevel() on ptolemy.moml.MoMLSimpleApplication@5b4824b7
----------------- Done invoking toplevel() on ptolemy.moml.MoMLSimpleApplication@5b4824b7
reloadAllAccessors: .PublisherSubscriber7

===========================================================================================
----------------- testing Mon Jun 29 15:14:52 UTC 2020 /home/travis/build/icyphy/ptII/ptolemy/actor/lib/test/auto/PublisherSubscriber8.xml
----------------- Instantiating /home/travis/build/icyphy/ptII/ptolemy/actor/lib/test/auto/PublisherSubscriber8.xml
17 ms. Memory: 550912K Free: 255222K (46%)
----------------- Invoking toplevel() on ptolemy.moml.MoMLSimpleApplication@2eb1de7f
----------------- Done invoking toplevel() on ptolemy.moml.MoMLSimpleApplication@2eb1de7f
reloadAllAccessors: .PublisherSubscriber8

===========================================================================================
----------------- testing Mon Jun 29 15:14:52 UTC 2020 /home/travis/build/icyphy/ptII/ptolemy/actor/lib/test/auto/PublisherSubscriber9.xml
----------------- Instantiating /home/travis/build/icyphy/ptII/ptolemy/actor/lib/test/auto/PublisherSubscriber9.xml
2 ms. Memory: 550912K Free: 248054K (45%)
----------------- Invoking toplevel() on ptolemy.moml.MoMLSimpleApplication@278b7bb5
----------------- Done invoking toplevel() on ptolemy.moml.MoMLSimpleApplication@278b7bb5
reloadAllAccessors: .PublisherSubscriber9

===========================================================================================
----------------- testing Mon Jun 29 15:14:52 UTC 2020 /home/travis/build/icyphy/ptII/ptolemy/actor/lib/test/auto/PublisherSubscriberAdjacent.xml
----------------- Instantiating /home/travis/build/icyphy/ptII/ptolemy/actor/lib/test/auto/PublisherSubscriberAdjacent.xml
1 ms. Memory: 550912K Free: 239862K (44%)
----------------- Invoking toplevel() on ptolemy.moml.MoMLSimpleApplication@56e48aea
----------------- Done invoking toplevel() on ptolemy.moml.MoMLSimpleApplication@56e48aea
reloadAllAccessors: .PublisherSubscriberAdjacent

===========================================================================================
----------------- testing Mon Jun 29 15:14:52 UTC 2020 /home/travis/build/icyphy/ptII/ptolemy/actor/lib/test/auto/PublisherSubscriberChannelVariablesAOC2.xml
----------------- Instantiating /home/travis/build/icyphy/ptII/ptolemy/actor/lib/test/auto/PublisherSubscriberChannelVariablesAOC2.xml
2 ms. Memory: 550912K Free: 224488K (41%)
----------------- Invoking toplevel() on ptolemy.moml.MoMLSimpleApplication@463f6084
----------------- Done invoking toplevel() on ptolemy.moml.MoMLSimpleApplication@463f6084
reloadAllAccessors: .PublisherSubscriberChannelVariablesAOC2

===========================================================================================
----------------- testing Mon Jun 29 15:14:53 UTC 2020 /home/travis/build/icyphy/ptII/ptolemy/actor/lib/test/auto/PublisherSubscriberD3.xml
----------------- Instantiating /home/travis/build/icyphy/ptII/ptolemy/actor/lib/test/auto/PublisherSubscriberD3.xml
2 ms. Memory: 550912K Free: 217334K (39%)
----------------- Invoking toplevel() on ptolemy.moml.MoMLSimpleApplication@382f8205
----------------- Done invoking toplevel() on ptolemy.moml.MoMLSimpleApplication@382f8205
reloadAllAccessors: .PublisherSubscriberD3

===========================================================================================
----------------- testing Mon Jun 29 15:14:53 UTC 2020 /home/travis/build/icyphy/ptII/ptolemy/actor/lib/test/auto/PublisherSubscriberD3Reverse.xml
----------------- Instantiating /home/travis/build/icyphy/ptII/ptolemy/actor/lib/test/auto/PublisherSubscriberD3Reverse.xml
2 ms. Memory: 550912K Free: 211190K (38%)
----------------- Invoking toplevel() on ptolemy.moml.MoMLSimpleApplication@17658d6e
----------------- Done invoking toplevel() on ptolemy.moml.MoMLSimpleApplication@17658d6e
reloadAllAccessors: .PublisherSubscriberD3Reverse

===========================================================================================
----------------- testing Mon Jun 29 15:14:53 UTC 2020 /home/travis/build/icyphy/ptII/ptolemy/actor/lib/test/auto/PublisherSubscriberExpression.xml
----------------- Instantiating /home/travis/build/icyphy/ptII/ptolemy/actor/lib/test/auto/PublisherSubscriberExpression.xml
3 ms. Memory: 550912K Free: 202488K (37%)
----------------- Invoking toplevel() on ptolemy.moml.MoMLSimpleApplication@498654b8
----------------- Done invoking toplevel() on ptolemy.moml.MoMLSimpleApplication@498654b8
reloadAllAccessors: .PublisherSubscriberExpression

===========================================================================================
----------------- testing Mon Jun 29 15:14:53 UTC 2020 /home/travis/build/icyphy/ptII/ptolemy/actor/lib/test/auto/PublisherSubscriberOpaque.xml
----------------- Instantiating /home/travis/build/icyphy/ptII/ptolemy/actor/lib/test/auto/PublisherSubscriberOpaque.xml
4 ms. Memory: 550912K Free: 194296K (35%)
----------------- Invoking toplevel() on ptolemy.moml.MoMLSimpleApplication@68ff33fe
----------------- Done invoking toplevel() on ptolemy.moml.MoMLSimpleApplication@68ff33fe
reloadAllAccessors: .PublisherSubscriberOpaque

===========================================================================================
----------------- testing Mon Jun 29 15:14:53 UTC 2020 /home/travis/build/icyphy/ptII/ptolemy/actor/lib/test/auto/PublisherSubscriberOpaqueD3.xml
----------------- Instantiating /home/travis/build/icyphy/ptII/ptolemy/actor/lib/test/auto/PublisherSubscriberOpaqueD3.xml
41 ms. Memory: 550912K Free: 497890K (90%)
----------------- Invoking toplevel() on ptolemy.moml.MoMLSimpleApplication@4a902319
----------------- Done invoking toplevel() on ptolemy.moml.MoMLSimpleApplication@4a902319
reloadAllAccessors: .PublisherSubscriberOpaqueD3

===========================================================================================
----------------- testing Mon Jun 29 15:14:53 UTC 2020 /home/travis/build/icyphy/ptII/ptolemy/actor/lib/test/auto/PublisherSubscriberOpaqueD3Reverse.xml
----------------- Instantiating /home/travis/build/icyphy/ptII/ptolemy/actor/lib/test/auto/PublisherSubscriberOpaqueD3Reverse.xml
7 ms. Memory: 550912K Free: 486646K (88%)
----------------- Invoking toplevel() on ptolemy.moml.MoMLSimpleApplication@1403eadd
----------------- Done invoking toplevel() on ptolemy.moml.MoMLSimpleApplication@1403eadd
reloadAllAccessors: .PublisherSubscriberOpaqueD3Reverse

===========================================================================================
----------------- testing Mon Jun 29 15:14:53 UTC 2020 /home/travis/build/icyphy/ptII/ptolemy/actor/lib/test/auto/PublisherSubscriberOpaqueWidthInference.xml
----------------- Instantiating /home/travis/build/icyphy/ptII/ptolemy/actor/lib/test/auto/PublisherSubscriberOpaqueWidthInference.xml
3 ms. Memory: 550912K Free: 478440K (87%)
----------------- Invoking toplevel() on ptolemy.moml.MoMLSimpleApplication@1abfbd96
----------------- Done invoking toplevel() on ptolemy.moml.MoMLSimpleApplication@1abfbd96
reloadAllAccessors: .PublisherSubscriberOpaqueWidthInference

===========================================================================================
----------------- testing Mon Jun 29 15:14:53 UTC 2020 /home/travis/build/icyphy/ptII/ptolemy/actor/lib/test/auto/PublisherTestSubscriber.xml
----------------- Instantiating /home/travis/build/icyphy/ptII/ptolemy/actor/lib/test/auto/PublisherTestSubscriber.xml
2 ms. Memory: 550912K Free: 470776K (85%)
----------------- Invoking toplevel() on ptolemy.moml.MoMLSimpleApplication@718d048
----------------- Done invoking toplevel() on ptolemy.moml.MoMLSimpleApplication@718d048
reloadAllAccessors: .PublisherTestSubscriber

===========================================================================================
----------------- testing Mon Jun 29 15:14:53 UTC 2020 /home/travis/build/icyphy/ptII/ptolemy/actor/lib/test/auto/PublisherToplevelSubscriberPortAOC.xml
----------------- Instantiating /home/travis/build/icyphy/ptII/ptolemy/actor/lib/test/auto/PublisherToplevelSubscriberPortAOC.xml
1 ms. Memory: 550912K Free: 464632K (84%)
----------------- Invoking toplevel() on ptolemy.moml.MoMLSimpleApplication@4f6c19f4
----------------- Done invoking toplevel() on ptolemy.moml.MoMLSimpleApplication@4f6c19f4
reloadAllAccessors: .PublisherToplevelSubscriberPortAOC

===========================================================================================
----------------- testing Mon Jun 29 15:14:53 UTC 2020 /home/travis/build/icyphy/ptII/ptolemy/actor/lib/test/auto/PulseFiringLimitDE.xml
----------------- Instantiating /home/travis/build/icyphy/ptII/ptolemy/actor/lib/test/auto/PulseFiringLimitDE.xml
2 ms. Memory: 550912K Free: 458488K (83%)
----------------- Invoking toplevel() on ptolemy.moml.MoMLSimpleApplication@1a786623
----------------- Done invoking toplevel() on ptolemy.moml.MoMLSimpleApplication@1a786623
reloadAllAccessors: .PulseFiringLimitDE

===========================================================================================
----------------- testing Mon Jun 29 15:14:53 UTC 2020 /home/travis/build/icyphy/ptII/ptolemy/actor/lib/test/auto/Ramp1.xml
----------------- Instantiating /home/travis/build/icyphy/ptII/ptolemy/actor/lib/test/auto/Ramp1.xml
1 ms. Memory: 550912K Free: 454392K (82%)
----------------- Invoking toplevel() on ptolemy.moml.MoMLSimpleApplication@74f72067
----------------- Done invoking toplevel() on ptolemy.moml.MoMLSimpleApplication@74f72067
reloadAllAccessors: .Ramp1

===========================================================================================
----------------- testing Mon Jun 29 15:14:53 UTC 2020 /home/travis/build/icyphy/ptII/ptolemy/actor/lib/test/auto/RampFiringLimitDE.xml
----------------- Instantiating /home/travis/build/icyphy/ptII/ptolemy/actor/lib/test/auto/RampFiringLimitDE.xml
3 ms. Memory: 550912K Free: 448248K (81%)
----------------- Invoking toplevel() on ptolemy.moml.MoMLSimpleApplication@61ec6dfb
----------------- Done invoking toplevel() on ptolemy.moml.MoMLSimpleApplication@61ec6dfb
reloadAllAccessors: .RampFiringLimitDE

===========================================================================================
----------------- testing Mon Jun 29 15:14:53 UTC 2020 /home/travis/build/icyphy/ptII/ptolemy/actor/lib/test/auto/RampFiringLimitSDF.xml
----------------- Instantiating /home/travis/build/icyphy/ptII/ptolemy/actor/lib/test/auto/RampFiringLimitSDF.xml
1 ms. Memory: 550912K Free: 443128K (80%)
----------------- Invoking toplevel() on ptolemy.moml.MoMLSimpleApplication@61d9286c
----------------- Done invoking toplevel() on ptolemy.moml.MoMLSimpleApplication@61d9286c
reloadAllAccessors: .RampFiringLimitSDF

===========================================================================================
----------------- testing Mon Jun 29 15:14:53 UTC 2020 /home/travis/build/icyphy/ptII/ptolemy/actor/lib/test/auto/RandomInteger.xml
----------------- Instantiating /home/travis/build/icyphy/ptII/ptolemy/actor/lib/test/auto/RandomInteger.xml
1 ms. Memory: 550912K Free: 439032K (80%)
----------------- Invoking toplevel() on ptolemy.moml.MoMLSimpleApplication@374a9613
----------------- Done invoking toplevel() on ptolemy.moml.MoMLSimpleApplication@374a9613
reloadAllAccessors: .RandomInteger

===========================================================================================
----------------- testing Mon Jun 29 15:14:53 UTC 2020 /home/travis/build/icyphy/ptII/ptolemy/actor/lib/test/auto/ReadFile1.xml
----------------- Instantiating /home/travis/build/icyphy/ptII/ptolemy/actor/lib/test/auto/ReadFile1.xml
1 ms. Memory: 550912K Free: 434422K (79%)
----------------- Invoking toplevel() on ptolemy.moml.MoMLSimpleApplication@7506ebf8
----------------- Done invoking toplevel() on ptolemy.moml.MoMLSimpleApplication@7506ebf8
reloadAllAccessors: .ReadFile1

===========================================================================================
----------------- testing Mon Jun 29 15:14:53 UTC 2020 /home/travis/build/icyphy/ptII/ptolemy/actor/lib/test/auto/ReadFile2.xml
----------------- Instantiating /home/travis/build/icyphy/ptII/ptolemy/actor/lib/test/auto/ReadFile2.xml
0 ms. Memory: 550912K Free: 430326K (78%)
----------------- Invoking toplevel() on ptolemy.moml.MoMLSimpleApplication@28ee2226
----------------- Done invoking toplevel() on ptolemy.moml.MoMLSimpleApplication@28ee2226
reloadAllAccessors: .ReadFile2

===========================================================================================
----------------- testing Mon Jun 29 15:14:53 UTC 2020 /home/travis/build/icyphy/ptII/ptolemy/actor/lib/test/auto/Reader.xml
----------------- Instantiating /home/travis/build/icyphy/ptII/ptolemy/actor/lib/test/auto/Reader.xml
actor.lib.Reader is obsolete, use actor.lib.io.ExpressionReader instead
2 ms. Memory: 550912K Free: 426230K (77%)
----------------- Invoking toplevel() on ptolemy.moml.MoMLSimpleApplication@19e8ed7c
----------------- Done invoking toplevel() on ptolemy.moml.MoMLSimpleApplication@19e8ed7c
reloadAllAccessors: .Reader

===========================================================================================
----------------- testing Mon Jun 29 15:14:53 UTC 2020 /home/travis/build/icyphy/ptII/ptolemy/actor/lib/test/auto/RecordAssemblerDisplayNameTest.xml
----------------- Instantiating /home/travis/build/icyphy/ptII/ptolemy/actor/lib/test/auto/RecordAssemblerDisplayNameTest.xml
3262 ms. Memory: 550912K Free: 477432K (87%)
----------------- Invoking toplevel() on ptolemy.moml.MoMLSimpleApplication@f22ad6d
----------------- Done invoking toplevel() on ptolemy.moml.MoMLSimpleApplication@f22ad6d
reloadAllAccessors: .RecordAssemblerDisplayNameTest

===========================================================================================
----------------- testing Mon Jun 29 15:14:56 UTC 2020 /home/travis/build/icyphy/ptII/ptolemy/actor/lib/test/auto/RecordAssemblerTypeError.xml
----------------- Instantiating /home/travis/build/icyphy/ptII/ptolemy/actor/lib/test/auto/RecordAssemblerTypeError.xml
4 ms. Memory: 550912K Free: 467702K (85%)
----------------- Invoking toplevel() on ptolemy.moml.MoMLSimpleApplication@61a35dcc
----------------- Done invoking toplevel() on ptolemy.moml.MoMLSimpleApplication@61a35dcc
reloadAllAccessors: .RecordAssemblerTypeError

===========================================================================================
----------------- testing Mon Jun 29 15:14:56 UTC 2020 /home/travis/build/icyphy/ptII/ptolemy/actor/lib/test/auto/RecordDisassember.xml
----------------- Instantiating /home/travis/build/icyphy/ptII/ptolemy/actor/lib/test/auto/RecordDisassember.xml
3 ms. Memory: 550912K Free: 463096K (84%)
----------------- Invoking toplevel() on ptolemy.moml.MoMLSimpleApplication@75d47070
----------------- Done invoking toplevel() on ptolemy.moml.MoMLSimpleApplication@75d47070
reloadAllAccessors: .RecordDisassember

===========================================================================================
----------------- testing Mon Jun 29 15:14:56 UTC 2020 /home/travis/build/icyphy/ptII/ptolemy/actor/lib/test/auto/RecordDisassemberDisplayNameTest.xml
----------------- Instantiating /home/travis/build/icyphy/ptII/ptolemy/actor/lib/test/auto/RecordDisassemberDisplayNameTest.xml
4 ms. Memory: 550912K Free: 455414K (83%)
----------------- Invoking toplevel() on ptolemy.moml.MoMLSimpleApplication@54221c61
----------------- Done invoking toplevel() on ptolemy.moml.MoMLSimpleApplication@54221c61
reloadAllAccessors: .RecordDisassemberDisplayNameTest

===========================================================================================
----------------- testing Mon Jun 29 15:14:56 UTC 2020 /home/travis/build/icyphy/ptII/ptolemy/actor/lib/test/auto/RecordDisassembler.xml
----------------- Instantiating /home/travis/build/icyphy/ptII/ptolemy/actor/lib/test/auto/RecordDisassembler.xml
3 ms. Memory: 550912K Free: 450264K (82%)
----------------- Invoking toplevel() on ptolemy.moml.MoMLSimpleApplication@7fca0960
----------------- Done invoking toplevel() on ptolemy.moml.MoMLSimpleApplication@7fca0960
reloadAllAccessors: .RecordDisassembler

===========================================================================================
----------------- testing Mon Jun 29 15:14:56 UTC 2020 /home/travis/build/icyphy/ptII/ptolemy/actor/lib/test/auto/RecordDisassembler2.xml
----------------- Instantiating /home/travis/build/icyphy/ptII/ptolemy/actor/lib/test/auto/RecordDisassembler2.xml
2 ms. Memory: 550912K Free: 445160K (81%)
----------------- Invoking toplevel() on ptolemy.moml.MoMLSimpleApplication@252c4d1d
----------------- Done invoking toplevel() on ptolemy.moml.MoMLSimpleApplication@252c4d1d
reloadAllAccessors: .RecordDisassembler2

===========================================================================================
----------------- testing Mon Jun 29 15:14:56 UTC 2020 /home/travis/build/icyphy/ptII/ptolemy/actor/lib/test/auto/RecordUpdater.xml
----------------- Instantiating /home/travis/build/icyphy/ptII/ptolemy/actor/lib/test/auto/RecordUpdater.xml
2 ms. Memory: 550912K Free: 440054K (80%)
----------------- Invoking toplevel() on ptolemy.moml.MoMLSimpleApplication@6031e36
----------------- Done invoking toplevel() on ptolemy.moml.MoMLSimpleApplication@6031e36
reloadAllAccessors: .RecordUpdater

===========================================================================================
----------------- testing Mon Jun 29 15:14:56 UTC 2020 /home/travis/build/icyphy/ptII/ptolemy/actor/lib/test/auto/RecordUpdater2.xml
----------------- Instantiating /home/travis/build/icyphy/ptII/ptolemy/actor/lib/test/auto/RecordUpdater2.xml
2 ms. Memory: 550912K Free: 434934K (79%)
----------------- Invoking toplevel() on ptolemy.moml.MoMLSimpleApplication@19db8471
----------------- Done invoking toplevel() on ptolemy.moml.MoMLSimpleApplication@19db8471
reloadAllAccessors: .RecordUpdater2

===========================================================================================
----------------- testing Mon Jun 29 15:14:56 UTC 2020 /home/travis/build/icyphy/ptII/ptolemy/actor/lib/test/auto/RecursiveLattice.xml
----------------- Instantiating /home/travis/build/icyphy/ptII/ptolemy/actor/lib/test/auto/RecursiveLattice.xml
1 ms. Memory: 550912K Free: 430838K (78%)
----------------- Invoking toplevel() on ptolemy.moml.MoMLSimpleApplication@12c10d96
----------------- Done invoking toplevel() on ptolemy.moml.MoMLSimpleApplication@12c10d96
reloadAllAccessors: .RecursiveLattice

===========================================================================================
----------------- testing Mon Jun 29 15:14:56 UTC 2020 /home/travis/build/icyphy/ptII/ptolemy/actor/lib/test/auto/Router.xml
----------------- Instantiating /home/travis/build/icyphy/ptII/ptolemy/actor/lib/test/auto/Router.xml
3004 ms. Memory: 550912K Free: 420088K (76%)
----------------- Invoking toplevel() on ptolemy.moml.MoMLSimpleApplication@703be8be
----------------- Done invoking toplevel() on ptolemy.moml.MoMLSimpleApplication@703be8be
reloadAllAccessors: .Router

===========================================================================================
----------------- testing Mon Jun 29 15:14:59 UTC 2020 /home/travis/build/icyphy/ptII/ptolemy/actor/lib/test/auto/Router2.xml
----------------- Instantiating /home/travis/build/icyphy/ptII/ptolemy/actor/lib/test/auto/Router2.xml
3004 ms. Memory: 550912K Free: 409848K (74%)
----------------- Invoking toplevel() on ptolemy.moml.MoMLSimpleApplication@38c3956c
----------------- Done invoking toplevel() on ptolemy.moml.MoMLSimpleApplication@38c3956c
reloadAllAccessors: .Router2

===========================================================================================
----------------- testing Mon Jun 29 15:15:02 UTC 2020 /home/travis/build/icyphy/ptII/ptolemy/actor/lib/test/auto/RunningMaximum.xml
----------------- Instantiating /home/travis/build/icyphy/ptII/ptolemy/actor/lib/test/auto/RunningMaximum.xml
2 ms. Memory: 550912K Free: 404728K (73%)
----------------- Invoking toplevel() on ptolemy.moml.MoMLSimpleApplication@13ef85a7
----------------- Done invoking toplevel() on ptolemy.moml.MoMLSimpleApplication@13ef85a7
reloadAllAccessors: .RunningMaximum

===========================================================================================
----------------- testing Mon Jun 29 15:15:02 UTC 2020 /home/travis/build/icyphy/ptII/ptolemy/actor/lib/test/auto/RunningMinimum.xml
----------------- Instantiating /home/travis/build/icyphy/ptII/ptolemy/actor/lib/test/auto/RunningMinimum.xml
8 ms. Memory: 550912K Free: 400118K (73%)
----------------- Invoking toplevel() on ptolemy.moml.MoMLSimpleApplication@51cefa8d
----------------- Done invoking toplevel() on ptolemy.moml.MoMLSimpleApplication@51cefa8d
reloadAllAccessors: .RunningMinimum

===========================================================================================
----------------- testing Mon Jun 29 15:15:02 UTC 2020 /home/travis/build/icyphy/ptII/ptolemy/actor/lib/test/auto/Scale.xml
----------------- Instantiating /home/travis/build/icyphy/ptII/ptolemy/actor/lib/test/auto/Scale.xml
2 ms. Memory: 550912K Free: 395512K (72%)
----------------- Invoking toplevel() on ptolemy.moml.MoMLSimpleApplication@59434eb3
----------------- Done invoking toplevel() on ptolemy.moml.MoMLSimpleApplication@59434eb3
reloadAllAccessors: .Scale

===========================================================================================
----------------- testing Mon Jun 29 15:15:02 UTC 2020 /home/travis/build/icyphy/ptII/ptolemy/actor/lib/test/auto/Scale2.xml
----------------- Instantiating /home/travis/build/icyphy/ptII/ptolemy/actor/lib/test/auto/Scale2.xml
2 ms. Memory: 550912K Free: 390902K (71%)
----------------- Invoking toplevel() on ptolemy.moml.MoMLSimpleApplication@33236a25
----------------- Done invoking toplevel() on ptolemy.moml.MoMLSimpleApplication@33236a25
reloadAllAccessors: .Scale2

===========================================================================================
----------------- testing Mon Jun 29 15:15:02 UTC 2020 /home/travis/build/icyphy/ptII/ptolemy/actor/lib/test/auto/Scale3.xml
----------------- Instantiating /home/travis/build/icyphy/ptII/ptolemy/actor/lib/test/auto/Scale3.xml
3 ms. Memory: 550912K Free: 384758K (70%)
----------------- Invoking toplevel() on ptolemy.moml.MoMLSimpleApplication@3ab4150a
----------------- Done invoking toplevel() on ptolemy.moml.MoMLSimpleApplication@3ab4150a
reloadAllAccessors: .Scale3

===========================================================================================
----------------- testing Mon Jun 29 15:15:02 UTC 2020 /home/travis/build/icyphy/ptII/ptolemy/actor/lib/test/auto/ScaleArray.xml
----------------- Instantiating /home/travis/build/icyphy/ptII/ptolemy/actor/lib/test/auto/ScaleArray.xml
2 ms. Memory: 550912K Free: 380152K (69%)
----------------- Invoking toplevel() on ptolemy.moml.MoMLSimpleApplication@4e8e0ffc
----------------- Done invoking toplevel() on ptolemy.moml.MoMLSimpleApplication@4e8e0ffc
reloadAllAccessors: .ScaleArray

===========================================================================================
----------------- testing Mon Jun 29 15:15:02 UTC 2020 /home/travis/build/icyphy/ptII/ptolemy/actor/lib/test/auto/ScaleArray2.xml
----------------- Instantiating /home/travis/build/icyphy/ptII/ptolemy/actor/lib/test/auto/ScaleArray2.xml
1 ms. Memory: 550912K Free: 375542K (68%)
----------------- Invoking toplevel() on ptolemy.moml.MoMLSimpleApplication@3fac7ddd
----------------- Done invoking toplevel() on ptolemy.moml.MoMLSimpleApplication@3fac7ddd
reloadAllAccessors: .ScaleArray2

===========================================================================================
----------------- testing Mon Jun 29 15:15:02 UTC 2020 /home/travis/build/icyphy/ptII/ptolemy/actor/lib/test/auto/ScaleMatrix.xml
----------------- Instantiating /home/travis/build/icyphy/ptII/ptolemy/actor/lib/test/auto/ScaleMatrix.xml
95 ms. Memory: 550912K Free: 361206K (66%)
----------------- Invoking toplevel() on ptolemy.moml.MoMLSimpleApplication@173ddcd7
----------------- Done invoking toplevel() on ptolemy.moml.MoMLSimpleApplication@173ddcd7
reloadAllAccessors: .ScaleMatrix

===========================================================================================
----------------- testing Mon Jun 29 15:15:02 UTC 2020 /home/travis/build/icyphy/ptII/ptolemy/actor/lib/test/auto/Select.xml
----------------- Instantiating /home/travis/build/icyphy/ptII/ptolemy/actor/lib/test/auto/Select.xml
3 ms. Memory: 550912K Free: 355032K (64%)
----------------- Invoking toplevel() on ptolemy.moml.MoMLSimpleApplication@10a08ee5
----------------- Done invoking toplevel() on ptolemy.moml.MoMLSimpleApplication@10a08ee5
reloadAllAccessors: .Select

===========================================================================================
----------------- testing Mon Jun 29 15:15:02 UTC 2020 /home/travis/build/icyphy/ptII/ptolemy/actor/lib/test/auto/Select2.xml
----------------- Instantiating /home/travis/build/icyphy/ptII/ptolemy/actor/lib/test/auto/Select2.xml
1 ms. Memory: 550912K Free: 350456K (64%)
----------------- Invoking toplevel() on ptolemy.moml.MoMLSimpleApplication@3f775d7d
----------------- Done invoking toplevel() on ptolemy.moml.MoMLSimpleApplication@3f775d7d
reloadAllAccessors: .Select2

===========================================================================================
----------------- testing Mon Jun 29 15:15:02 UTC 2020 /home/travis/build/icyphy/ptII/ptolemy/actor/lib/test/auto/SequenceToArray2.xml
----------------- Instantiating /home/travis/build/icyphy/ptII/ptolemy/actor/lib/test/auto/SequenceToArray2.xml
89 ms. Memory: 550912K Free: 326390K (59%)
----------------- Invoking toplevel() on ptolemy.moml.MoMLSimpleApplication@4e8c60bc
----------------- Done invoking toplevel() on ptolemy.moml.MoMLSimpleApplication@4e8c60bc
reloadAllAccessors: .SequenceToArray2

===========================================================================================
----------------- testing Mon Jun 29 15:15:03 UTC 2020 /home/travis/build/icyphy/ptII/ptolemy/actor/lib/test/auto/SequentialClock.xml
----------------- Instantiating /home/travis/build/icyphy/ptII/ptolemy/actor/lib/test/auto/SequentialClock.xml
1 ms. Memory: 550912K Free: 322294K (59%)
----------------- Invoking toplevel() on ptolemy.moml.MoMLSimpleApplication@59c3da50
----------------- Done invoking toplevel() on ptolemy.moml.MoMLSimpleApplication@59c3da50
reloadAllAccessors: .SequentialClock

===========================================================================================
----------------- testing Mon Jun 29 15:15:03 UTC 2020 /home/travis/build/icyphy/ptII/ptolemy/actor/lib/test/auto/SetVariable.xml
----------------- Instantiating /home/travis/build/icyphy/ptII/ptolemy/actor/lib/test/auto/SetVariable.xml
3 ms. Memory: 550912K Free: 317688K (58%)
----------------- Invoking toplevel() on ptolemy.moml.MoMLSimpleApplication@65ef15e9
----------------- Done invoking toplevel() on ptolemy.moml.MoMLSimpleApplication@65ef15e9
reloadAllAccessors: .SetVariable

===========================================================================================
----------------- testing Mon Jun 29 15:15:03 UTC 2020 /home/travis/build/icyphy/ptII/ptolemy/actor/lib/test/auto/SetVariable2.xml
----------------- Instantiating /home/travis/build/icyphy/ptII/ptolemy/actor/lib/test/auto/SetVariable2.xml
10 ms. Memory: 550912K Free: 312054K (57%)
----------------- Invoking toplevel() on ptolemy.moml.MoMLSimpleApplication@74550e03
----------------- Done invoking toplevel() on ptolemy.moml.MoMLSimpleApplication@74550e03
reloadAllAccessors: .SetVariable2

===========================================================================================
----------------- testing Mon Jun 29 15:15:03 UTC 2020 /home/travis/build/icyphy/ptII/ptolemy/actor/lib/test/auto/SetVariable3.xml
----------------- Instantiating /home/travis/build/icyphy/ptII/ptolemy/actor/lib/test/auto/SetVariable3.xml
5 ms. Memory: 550912K Free: 306424K (56%)
----------------- Invoking toplevel() on ptolemy.moml.MoMLSimpleApplication@66ed1bc1
----------------- Done invoking toplevel() on ptolemy.moml.MoMLSimpleApplication@66ed1bc1
reloadAllAccessors: .SetVariable3

===========================================================================================
----------------- testing Mon Jun 29 15:15:03 UTC 2020 /home/travis/build/icyphy/ptII/ptolemy/actor/lib/test/auto/SetVariable4.xml
----------------- Instantiating /home/travis/build/icyphy/ptII/ptolemy/actor/lib/test/auto/SetVariable4.xml
14 ms. Memory: 550912K Free: 297208K (54%)
----------------- Invoking toplevel() on ptolemy.moml.MoMLSimpleApplication@ca667a3
----------------- Done invoking toplevel() on ptolemy.moml.MoMLSimpleApplication@ca667a3
reloadAllAccessors: .SetVariable4

===========================================================================================
----------------- testing Mon Jun 29 15:15:03 UTC 2020 /home/travis/build/icyphy/ptII/ptolemy/actor/lib/test/auto/SetVariable5.xml
----------------- Instantiating /home/travis/build/icyphy/ptII/ptolemy/actor/lib/test/auto/SetVariable5.xml
18 ms. Memory: 550912K Free: 287992K (52%)
----------------- Invoking toplevel() on ptolemy.moml.MoMLSimpleApplication@59003d66
----------------- Done invoking toplevel() on ptolemy.moml.MoMLSimpleApplication@59003d66
reloadAllAccessors: .SetVariable5

===========================================================================================
----------------- testing Mon Jun 29 15:15:03 UTC 2020 /home/travis/build/icyphy/ptII/ptolemy/actor/lib/test/auto/Sinewave.xml
----------------- Instantiating /home/travis/build/icyphy/ptII/ptolemy/actor/lib/test/auto/Sinewave.xml
3 ms. Memory: 550912K Free: 277238K (50%)
----------------- Invoking toplevel() on ptolemy.moml.MoMLSimpleApplication@7e0fb9a
----------------- Done invoking toplevel() on ptolemy.moml.MoMLSimpleApplication@7e0fb9a
reloadAllAccessors: .Sinewave

===========================================================================================
----------------- testing Mon Jun 29 15:15:03 UTC 2020 /home/travis/build/icyphy/ptII/ptolemy/actor/lib/test/auto/Sinewave2.xml
----------------- Instantiating /home/travis/build/icyphy/ptII/ptolemy/actor/lib/test/auto/Sinewave2.xml
7 ms. Memory: 550912K Free: 269046K (49%)
----------------- Invoking toplevel() on ptolemy.moml.MoMLSimpleApplication@7f5f49df
----------------- Done invoking toplevel() on ptolemy.moml.MoMLSimpleApplication@7f5f49df
reloadAllAccessors: .Sinewave2

===========================================================================================
----------------- testing Mon Jun 29 15:15:03 UTC 2020 /home/travis/build/icyphy/ptII/ptolemy/actor/lib/test/auto/Sinewave3.xml
----------------- Instantiating /home/travis/build/icyphy/ptII/ptolemy/actor/lib/test/auto/Sinewave3.xml
5 ms. Memory: 550912K Free: 260824K (47%)
----------------- Invoking toplevel() on ptolemy.moml.MoMLSimpleApplication@42447133
----------------- Done invoking toplevel() on ptolemy.moml.MoMLSimpleApplication@42447133
reloadAllAccessors: .Sinewave3

===========================================================================================
----------------- testing Mon Jun 29 15:15:03 UTC 2020 /home/travis/build/icyphy/ptII/ptolemy/actor/lib/test/auto/SingleEvent.xml
----------------- Instantiating /home/travis/build/icyphy/ptII/ptolemy/actor/lib/test/auto/SingleEvent.xml
1 ms. Memory: 550912K Free: 256758K (47%)
----------------- Invoking toplevel() on ptolemy.moml.MoMLSimpleApplication@73b0e694
----------------- Done invoking toplevel() on ptolemy.moml.MoMLSimpleApplication@73b0e694
reloadAllAccessors: .SingleEvent

===========================================================================================
----------------- testing Mon Jun 29 15:15:03 UTC 2020 /home/travis/build/icyphy/ptII/ptolemy/actor/lib/test/auto/Sleep.xml
----------------- Instantiating /home/travis/build/icyphy/ptII/ptolemy/actor/lib/test/auto/Sleep.xml
6003 ms. Memory: 550912K Free: 250614K (45%)
----------------- Invoking toplevel() on ptolemy.moml.MoMLSimpleApplication@7aec014d
----------------- Done invoking toplevel() on ptolemy.moml.MoMLSimpleApplication@7aec014d
reloadAllAccessors: .Sleep

===========================================================================================
----------------- testing Mon Jun 29 15:15:09 UTC 2020 /home/travis/build/icyphy/ptII/ptolemy/actor/lib/test/auto/SleepMultipleFire.xml
----------------- Instantiating /home/travis/build/icyphy/ptII/ptolemy/actor/lib/test/auto/SleepMultipleFire.xml
1006 ms. Memory: 550912K Free: 244984K (44%)
----------------- Invoking toplevel() on ptolemy.moml.MoMLSimpleApplication@3333e405
----------------- Done invoking toplevel() on ptolemy.moml.MoMLSimpleApplication@3333e405
reloadAllAccessors: .SleepMultipleFire

===========================================================================================
----------------- testing Mon Jun 29 15:15:10 UTC 2020 /home/travis/build/icyphy/ptII/ptolemy/actor/lib/test/auto/StopDE.xml
----------------- Instantiating /home/travis/build/icyphy/ptII/ptolemy/actor/lib/test/auto/StopDE.xml
3 ms. Memory: 550912K Free: 238840K (43%)
----------------- Invoking toplevel() on ptolemy.moml.MoMLSimpleApplication@e6e7aec
----------------- Done invoking toplevel() on ptolemy.moml.MoMLSimpleApplication@e6e7aec
reloadAllAccessors: .StopDE

===========================================================================================
----------------- testing Mon Jun 29 15:15:10 UTC 2020 /home/travis/build/icyphy/ptII/ptolemy/actor/lib/test/auto/StopSDF.xml
----------------- Instantiating /home/travis/build/icyphy/ptII/ptolemy/actor/lib/test/auto/StopSDF.xml
3 ms. Memory: 550912K Free: 233720K (42%)
----------------- Invoking toplevel() on ptolemy.moml.MoMLSimpleApplication@72118bcc
----------------- Done invoking toplevel() on ptolemy.moml.MoMLSimpleApplication@72118bcc
reloadAllAccessors: .StopSDF

===========================================================================================
----------------- testing Mon Jun 29 15:15:10 UTC 2020 /home/travis/build/icyphy/ptII/ptolemy/actor/lib/test/auto/StringConstant.xml
----------------- Instantiating /home/travis/build/icyphy/ptII/ptolemy/actor/lib/test/auto/StringConstant.xml
8 ms. Memory: 550912K Free: 229110K (42%)
----------------- Invoking toplevel() on ptolemy.moml.MoMLSimpleApplication@517a4499
----------------- Done invoking toplevel() on ptolemy.moml.MoMLSimpleApplication@517a4499
reloadAllAccessors: .StringConstant

===========================================================================================
----------------- testing Mon Jun 29 15:15:10 UTC 2020 /home/travis/build/icyphy/ptII/ptolemy/actor/lib/test/auto/SubscriberPortInitialValues1.xml
----------------- Instantiating /home/travis/build/icyphy/ptII/ptolemy/actor/lib/test/auto/SubscriberPortInitialValues1.xml
9 ms. Memory: 550912K Free: 220408K (40%)
----------------- Invoking toplevel() on ptolemy.moml.MoMLSimpleApplication@68b5bd3
----------------- Done invoking toplevel() on ptolemy.moml.MoMLSimpleApplication@68b5bd3
reloadAllAccessors: .SubscriberPortInitialValues1

===========================================================================================
----------------- testing Mon Jun 29 15:15:10 UTC 2020 /home/travis/build/icyphy/ptII/ptolemy/actor/lib/test/auto/SubscriberPortInitialValues13.xml
----------------- Instantiating /home/travis/build/icyphy/ptII/ptolemy/actor/lib/test/auto/SubscriberPortInitialValues13.xml
5 ms. Memory: 550912K Free: 207606K (38%)
----------------- Invoking toplevel() on ptolemy.moml.MoMLSimpleApplication@41aed77a
----------------- Done invoking toplevel() on ptolemy.moml.MoMLSimpleApplication@41aed77a
reloadAllAccessors: .SubscriberPortInitialValues13

===========================================================================================
----------------- testing Mon Jun 29 15:15:10 UTC 2020 /home/travis/build/icyphy/ptII/ptolemy/actor/lib/test/auto/SubscriberPortInitialValues14.xml
----------------- Instantiating /home/travis/build/icyphy/ptII/ptolemy/actor/lib/test/auto/SubscriberPortInitialValues14.xml
5 ms. Memory: 550912K Free: 199928K (36%)
----------------- Invoking toplevel() on ptolemy.moml.MoMLSimpleApplication@4fd946d3
----------------- Done invoking toplevel() on ptolemy.moml.MoMLSimpleApplication@4fd946d3
reloadAllAccessors: .SubscriberPortInitialValues14

===========================================================================================
----------------- testing Mon Jun 29 15:15:10 UTC 2020 /home/travis/build/icyphy/ptII/ptolemy/actor/lib/test/auto/SubscriberPortInitialValues2.xml
----------------- Instantiating /home/travis/build/icyphy/ptII/ptolemy/actor/lib/test/auto/SubscriberPortInitialValues2.xml
4 ms. Memory: 550912K Free: 192246K (35%)
----------------- Invoking toplevel() on ptolemy.moml.MoMLSimpleApplication@6216719f
----------------- Done invoking toplevel() on ptolemy.moml.MoMLSimpleApplication@6216719f
reloadAllAccessors: .SubscriberPortInitialValues2

===========================================================================================
----------------- testing Mon Jun 29 15:15:10 UTC 2020 /home/travis/build/icyphy/ptII/ptolemy/actor/lib/test/auto/SubscriberPortInitialValues3.xml
----------------- Instantiating /home/travis/build/icyphy/ptII/ptolemy/actor/lib/test/auto/SubscriberPortInitialValues3.xml
4 ms. Memory: 550912K Free: 495864K (90%)
----------------- Invoking toplevel() on ptolemy.moml.MoMLSimpleApplication@6e8e29ea
----------------- Done invoking toplevel() on ptolemy.moml.MoMLSimpleApplication@6e8e29ea
reloadAllAccessors: .SubscriberPortInitialValues3

===========================================================================================
----------------- testing Mon Jun 29 15:15:10 UTC 2020 /home/travis/build/icyphy/ptII/ptolemy/actor/lib/test/auto/SubscriptionAggregator.xml
----------------- Instantiating /home/travis/build/icyphy/ptII/ptolemy/actor/lib/test/auto/SubscriptionAggregator.xml
2 ms. Memory: 550912K Free: 488696K (89%)
----------------- Invoking toplevel() on ptolemy.moml.MoMLSimpleApplication@108ece9
----------------- Done invoking toplevel() on ptolemy.moml.MoMLSimpleApplication@108ece9
reloadAllAccessors: .SubscriptionAggregator

===========================================================================================
----------------- testing Mon Jun 29 15:15:10 UTC 2020 /home/travis/build/icyphy/ptII/ptolemy/actor/lib/test/auto/SubscriptionAggregator2.xml
----------------- Instantiating /home/travis/build/icyphy/ptII/ptolemy/actor/lib/test/auto/SubscriptionAggregator2.xml
2 ms. Memory: 550912K Free: 482032K (87%)
----------------- Invoking toplevel() on ptolemy.moml.MoMLSimpleApplication@7839003d
----------------- Done invoking toplevel() on ptolemy.moml.MoMLSimpleApplication@7839003d
reloadAllAccessors: .SubscriptionAggregator2

===========================================================================================
----------------- testing Mon Jun 29 15:15:10 UTC 2020 /home/travis/build/icyphy/ptII/ptolemy/actor/lib/test/auto/SubscriptionAggregator3.xml
----------------- Instantiating /home/travis/build/icyphy/ptII/ptolemy/actor/lib/test/auto/SubscriptionAggregator3.xml
3 ms. Memory: 550912K Free: 473336K (86%)
----------------- Invoking toplevel() on ptolemy.moml.MoMLSimpleApplication@4a36dcb9
----------------- Done invoking toplevel() on ptolemy.moml.MoMLSimpleApplication@4a36dcb9
reloadAllAccessors: .SubscriptionAggregator3

===========================================================================================
----------------- testing Mon Jun 29 15:15:10 UTC 2020 /home/travis/build/icyphy/ptII/ptolemy/actor/lib/test/auto/SubscriptionAggregatorMultiply.xml
----------------- Instantiating /home/travis/build/icyphy/ptII/ptolemy/actor/lib/test/auto/SubscriptionAggregatorMultiply.xml
14 ms. Memory: 550912K Free: 464624K (84%)
----------------- Invoking toplevel() on ptolemy.moml.MoMLSimpleApplication@137bc533
----------------- Done invoking toplevel() on ptolemy.moml.MoMLSimpleApplication@137bc533
reloadAllAccessors: .SubscriptionAggregatorMultiply

===========================================================================================
----------------- testing Mon Jun 29 15:15:10 UTC 2020 /home/travis/build/icyphy/ptII/ptolemy/actor/lib/test/auto/SubscriptionAggregatorPortMultiply1.xml
----------------- Instantiating /home/travis/build/icyphy/ptII/ptolemy/actor/lib/test/auto/SubscriptionAggregatorPortMultiply1.xml
3 ms. Memory: 550912K Free: 456438K (83%)
----------------- Invoking toplevel() on ptolemy.moml.MoMLSimpleApplication@24a707f
----------------- Done invoking toplevel() on ptolemy.moml.MoMLSimpleApplication@24a707f
reloadAllAccessors: .SubscriptionAggregatorPortMultiply1

===========================================================================================
----------------- testing Mon Jun 29 15:15:10 UTC 2020 /home/travis/build/icyphy/ptII/ptolemy/actor/lib/test/auto/Switch.xml
----------------- Instantiating /home/travis/build/icyphy/ptII/ptolemy/actor/lib/test/auto/Switch.xml
9 ms. Memory: 550912K Free: 448246K (81%)
----------------- Invoking toplevel() on ptolemy.moml.MoMLSimpleApplication@cb5a7f2
----------------- Done invoking toplevel() on ptolemy.moml.MoMLSimpleApplication@cb5a7f2
reloadAllAccessors: .Switch

===========================================================================================
----------------- testing Mon Jun 29 15:15:10 UTC 2020 /home/travis/build/icyphy/ptII/ptolemy/actor/lib/test/auto/Switch2.xml
----------------- Instantiating /home/travis/build/icyphy/ptII/ptolemy/actor/lib/test/auto/Switch2.xml
1 ms. Memory: 550912K Free: 443640K (81%)
----------------- Invoking toplevel() on ptolemy.moml.MoMLSimpleApplication@166a2448
----------------- Done invoking toplevel() on ptolemy.moml.MoMLSimpleApplication@166a2448
reloadAllAccessors: .Switch2

===========================================================================================
----------------- testing Mon Jun 29 15:15:10 UTC 2020 /home/travis/build/icyphy/ptII/ptolemy/actor/lib/test/auto/SwitchDE.xml
----------------- Instantiating /home/travis/build/icyphy/ptII/ptolemy/actor/lib/test/auto/SwitchDE.xml
3 ms. Memory: 550912K Free: 437496K (79%)
----------------- Invoking toplevel() on ptolemy.moml.MoMLSimpleApplication@1fa84a27
----------------- Done invoking toplevel() on ptolemy.moml.MoMLSimpleApplication@1fa84a27
reloadAllAccessors: .SwitchDE

===========================================================================================
----------------- testing Mon Jun 29 15:15:10 UTC 2020 /home/travis/build/icyphy/ptII/ptolemy/actor/lib/test/auto/SynchronizerDE.xml
----------------- Instantiating /home/travis/build/icyphy/ptII/ptolemy/actor/lib/test/auto/SynchronizerDE.xml
6 ms. Memory: 550912K Free: 429304K (78%)
----------------- Invoking toplevel() on ptolemy.moml.MoMLSimpleApplication@468db5af
----------------- Done invoking toplevel() on ptolemy.moml.MoMLSimpleApplication@468db5af
reloadAllAccessors: .SynchronizerDE

===========================================================================================
----------------- testing Mon Jun 29 15:15:10 UTC 2020 /home/travis/build/icyphy/ptII/ptolemy/actor/lib/test/auto/Test.xml
----------------- Instantiating /home/travis/build/icyphy/ptII/ptolemy/actor/lib/test/auto/Test.xml
9 ms. Memory: 550912K Free: 424184K (77%)
----------------- Invoking toplevel() on ptolemy.moml.MoMLSimpleApplication@1f546d49
----------------- Done invoking toplevel() on ptolemy.moml.MoMLSimpleApplication@1f546d49
reloadAllAccessors: .Test

===========================================================================================
----------------- testing Mon Jun 29 15:15:10 UTC 2020 /home/travis/build/icyphy/ptII/ptolemy/actor/lib/test/auto/TestExceptionAttribute1.xml
----------------- Instantiating /home/travis/build/icyphy/ptII/ptolemy/actor/lib/test/auto/TestExceptionAttribute1.xml
1 ms. Memory: 550912K Free: 420598K (76%)
----------------- Invoking toplevel() on ptolemy.moml.MoMLSimpleApplication@48bb616f
----------------- Done invoking toplevel() on ptolemy.moml.MoMLSimpleApplication@48bb616f
reloadAllAccessors: .TestExceptionAttribute1

===========================================================================================
----------------- testing Mon Jun 29 15:15:10 UTC 2020 /home/travis/build/icyphy/ptII/ptolemy/actor/lib/test/auto/TestExceptionAttribute2.xml
----------------- Instantiating /home/travis/build/icyphy/ptII/ptolemy/actor/lib/test/auto/TestExceptionAttribute2.xml
1 ms. Memory: 550912K Free: 417016K (76%)
----------------- Invoking toplevel() on ptolemy.moml.MoMLSimpleApplication@5aaf1249
----------------- Done invoking toplevel() on ptolemy.moml.MoMLSimpleApplication@5aaf1249
reloadAllAccessors: .TestExceptionAttribute2

===========================================================================================
----------------- testing Mon Jun 29 15:15:10 UTC 2020 /home/travis/build/icyphy/ptII/ptolemy/actor/lib/test/auto/TestExceptionAttribute3.xml
----------------- Instantiating /home/travis/build/icyphy/ptII/ptolemy/actor/lib/test/auto/TestExceptionAttribute3.xml
.TestExceptionAttribute3.TestExceptionAttribute: initialize() was not invoked, but wrapup() was.  This is unusual, but not always a problem.  For example, exporting JNLP will do this.
1 ms. Memory: 550912K Free: 412920K (75%)
----------------- Invoking toplevel() on ptolemy.moml.MoMLSimpleApplication@4876dcf0
----------------- Done invoking toplevel() on ptolemy.moml.MoMLSimpleApplication@4876dcf0
reloadAllAccessors: .TestExceptionAttribute3

===========================================================================================
----------------- testing Mon Jun 29 15:15:10 UTC 2020 /home/travis/build/icyphy/ptII/ptolemy/actor/lib/test/auto/TestExceptionAttribute4.xml
----------------- Instantiating /home/travis/build/icyphy/ptII/ptolemy/actor/lib/test/auto/TestExceptionAttribute4.xml
.TestExceptionAttribute4.TestExceptionAttribute: initialize() was not invoked, but wrapup() was.  This is unusual, but not always a problem.  For example, exporting JNLP will do this.
.TestExceptionAttribute4.TestExceptionAttribute2: initialize() was not invoked, but wrapup() was.  This is unusual, but not always a problem.  For example, exporting JNLP will do this.
0 ms. Memory: 550912K Free: 408824K (74%)
----------------- Invoking toplevel() on ptolemy.moml.MoMLSimpleApplication@16fde683
----------------- Done invoking toplevel() on ptolemy.moml.MoMLSimpleApplication@16fde683
reloadAllAccessors: .TestExceptionAttribute4

===========================================================================================
----------------- testing Mon Jun 29 15:15:10 UTC 2020 /home/travis/build/icyphy/ptII/ptolemy/actor/lib/test/auto/TestExceptionHandler1.xml
----------------- Instantiating /home/travis/build/icyphy/ptII/ptolemy/actor/lib/test/auto/TestExceptionHandler1.xml
1 ms. Memory: 550912K Free: 405238K (74%)
----------------- Invoking toplevel() on ptolemy.moml.MoMLSimpleApplication@45c66f31
----------------- Done invoking toplevel() on ptolemy.moml.MoMLSimpleApplication@45c66f31
reloadAllAccessors: .TestExceptionHandler1

===========================================================================================
----------------- testing Mon Jun 29 15:15:10 UTC 2020 /home/travis/build/icyphy/ptII/ptolemy/actor/lib/test/auto/TestExceptionHandler2.xml
----------------- Instantiating /home/travis/build/icyphy/ptII/ptolemy/actor/lib/test/auto/TestExceptionHandler2.xml
1 ms. Memory: 550912K Free: 401656K (73%)
----------------- Invoking toplevel() on ptolemy.moml.MoMLSimpleApplication@1ecd4a30
----------------- Done invoking toplevel() on ptolemy.moml.MoMLSimpleApplication@1ecd4a30
reloadAllAccessors: .TestExceptionHandler2

===========================================================================================
----------------- testing Mon Jun 29 15:15:10 UTC 2020 /home/travis/build/icyphy/ptII/ptolemy/actor/lib/test/auto/TestExceptionHandler3.xml
----------------- Instantiating /home/travis/build/icyphy/ptII/ptolemy/actor/lib/test/auto/TestExceptionHandler3.xml
1 ms. Memory: 550912K Free: 398070K (72%)
----------------- Invoking toplevel() on ptolemy.moml.MoMLSimpleApplication@7c36458f
----------------- Done invoking toplevel() on ptolemy.moml.MoMLSimpleApplication@7c36458f
reloadAllAccessors: .TestExceptionHandler3

===========================================================================================
----------------- testing Mon Jun 29 15:15:10 UTC 2020 /home/travis/build/icyphy/ptII/ptolemy/actor/lib/test/auto/TestExceptionHandler4.xml
----------------- Instantiating /home/travis/build/icyphy/ptII/ptolemy/actor/lib/test/auto/TestExceptionHandler4.xml
0 ms. Memory: 550912K Free: 393974K (72%)
----------------- Invoking toplevel() on ptolemy.moml.MoMLSimpleApplication@154ae610
----------------- Done invoking toplevel() on ptolemy.moml.MoMLSimpleApplication@154ae610
reloadAllAccessors: .TestExceptionHandler4

===========================================================================================
----------------- testing Mon Jun 29 15:15:10 UTC 2020 /home/travis/build/icyphy/ptII/ptolemy/actor/lib/test/auto/TestRequireCorrectOrder.xml
----------------- Instantiating /home/travis/build/icyphy/ptII/ptolemy/actor/lib/test/auto/TestRequireCorrectOrder.xml
3 ms. Memory: 550912K Free: 388840K (71%)
----------------- Invoking toplevel() on ptolemy.moml.MoMLSimpleApplication@437e84cf
----------------- Done invoking toplevel() on ptolemy.moml.MoMLSimpleApplication@437e84cf
reloadAllAccessors: .TestRequireCorrectOrder

===========================================================================================
----------------- testing Mon Jun 29 15:15:10 UTC 2020 /home/travis/build/icyphy/ptII/ptolemy/actor/lib/test/auto/TestSimple.xml
----------------- Instantiating /home/travis/build/icyphy/ptII/ptolemy/actor/lib/test/auto/TestSimple.xml
4 ms. Memory: 550912K Free: 384248K (70%)
----------------- Invoking toplevel() on ptolemy.moml.MoMLSimpleApplication@76edb395
----------------- Done invoking toplevel() on ptolemy.moml.MoMLSimpleApplication@76edb395
reloadAllAccessors: .TestSimple

===========================================================================================
----------------- testing Mon Jun 29 15:15:10 UTC 2020 /home/travis/build/icyphy/ptII/ptolemy/actor/lib/test/auto/ThrowModelError.xml
----------------- Instantiating /home/travis/build/icyphy/ptII/ptolemy/actor/lib/test/auto/ThrowModelError.xml
1 ms. Memory: 550912K Free: 379638K (69%)
----------------- Invoking toplevel() on ptolemy.moml.MoMLSimpleApplication@6cc0d92f
----------------- Done invoking toplevel() on ptolemy.moml.MoMLSimpleApplication@6cc0d92f
reloadAllAccessors: .ThrowModelError

===========================================================================================
----------------- testing Mon Jun 29 15:15:10 UTC 2020 /home/travis/build/icyphy/ptII/ptolemy/actor/lib/test/auto/TimeDelayMicrosteps.xml
----------------- Instantiating /home/travis/build/icyphy/ptII/ptolemy/actor/lib/test/auto/TimeDelayMicrosteps.xml
3 ms. Memory: 550912K Free: 372464K (68%)
----------------- Invoking toplevel() on ptolemy.moml.MoMLSimpleApplication@2c8af307
----------------- Done invoking toplevel() on ptolemy.moml.MoMLSimpleApplication@2c8af307
reloadAllAccessors: .TimeDelayMicrosteps

===========================================================================================
----------------- testing Mon Jun 29 15:15:10 UTC 2020 /home/travis/build/icyphy/ptII/ptolemy/actor/lib/test/auto/TimeDelayMicrosteps2.xml
----------------- Instantiating /home/travis/build/icyphy/ptII/ptolemy/actor/lib/test/auto/TimeDelayMicrosteps2.xml
3 ms. Memory: 550912K Free: 365288K (66%)
----------------- Invoking toplevel() on ptolemy.moml.MoMLSimpleApplication@7a3da2d3
----------------- Done invoking toplevel() on ptolemy.moml.MoMLSimpleApplication@7a3da2d3
reloadAllAccessors: .TimeDelayMicrosteps2

===========================================================================================
----------------- testing Mon Jun 29 15:15:10 UTC 2020 /home/travis/build/icyphy/ptII/ptolemy/actor/lib/test/auto/TimeDelayMicrosteps3.xml
----------------- Instantiating /home/travis/build/icyphy/ptII/ptolemy/actor/lib/test/auto/TimeDelayMicrosteps3.xml
3 ms. Memory: 550912K Free: 358648K (65%)
----------------- Invoking toplevel() on ptolemy.moml.MoMLSimpleApplication@5a46d8f6
----------------- Done invoking toplevel() on ptolemy.moml.MoMLSimpleApplication@5a46d8f6
reloadAllAccessors: .TimeDelayMicrosteps3

===========================================================================================
----------------- testing Mon Jun 29 15:15:10 UTC 2020 /home/travis/build/icyphy/ptII/ptolemy/actor/lib/test/auto/TimeDelayVariableMicrosteps.xml
----------------- Instantiating /home/travis/build/icyphy/ptII/ptolemy/actor/lib/test/auto/TimeDelayVariableMicrosteps.xml
3 ms. Memory: 550912K Free: 352504K (64%)
----------------- Invoking toplevel() on ptolemy.moml.MoMLSimpleApplication@1b996bb
----------------- Done invoking toplevel() on ptolemy.moml.MoMLSimpleApplication@1b996bb
reloadAllAccessors: .TimeDelayVariableMicrosteps

===========================================================================================
----------------- testing Mon Jun 29 15:15:10 UTC 2020 /home/travis/build/icyphy/ptII/ptolemy/actor/lib/test/auto/TimeGap.xml
----------------- Instantiating /home/travis/build/icyphy/ptII/ptolemy/actor/lib/test/auto/TimeGap.xml
4 ms. Memory: 550912K Free: 347384K (63%)
----------------- Invoking toplevel() on ptolemy.moml.MoMLSimpleApplication@23b4c734
----------------- Done invoking toplevel() on ptolemy.moml.MoMLSimpleApplication@23b4c734
reloadAllAccessors: .TimeGap

===========================================================================================
----------------- testing Mon Jun 29 15:15:10 UTC 2020 /home/travis/build/icyphy/ptII/ptolemy/actor/lib/test/auto/TimeGap2.xml
----------------- Instantiating /home/travis/build/icyphy/ptII/ptolemy/actor/lib/test/auto/TimeGap2.xml
2 ms. Memory: 550912K Free: 341744K (62%)
----------------- Invoking toplevel() on ptolemy.moml.MoMLSimpleApplication@78aa52c
----------------- Done invoking toplevel() on ptolemy.moml.MoMLSimpleApplication@78aa52c
reloadAllAccessors: .TimeGap2

===========================================================================================
----------------- testing Mon Jun 29 15:15:10 UTC 2020 /home/travis/build/icyphy/ptII/ptolemy/actor/lib/test/auto/TimedSinewave.xml
----------------- Instantiating /home/travis/build/icyphy/ptII/ptolemy/actor/lib/test/auto/TimedSinewave.xml
21 ms. Memory: 550912K Free: 327928K (60%)
----------------- Invoking toplevel() on ptolemy.moml.MoMLSimpleApplication@913f54e
----------------- Done invoking toplevel() on ptolemy.moml.MoMLSimpleApplication@913f54e
reloadAllAccessors: .TimedSinewave

===========================================================================================
----------------- testing Mon Jun 29 15:15:11 UTC 2020 /home/travis/build/icyphy/ptII/ptolemy/actor/lib/test/auto/TimedSinewavePhase.xml
----------------- Instantiating /home/travis/build/icyphy/ptII/ptolemy/actor/lib/test/auto/TimedSinewavePhase.xml
8 ms. Memory: 550912K Free: 317688K (58%)
----------------- Invoking toplevel() on ptolemy.moml.MoMLSimpleApplication@378abebb
----------------- Done invoking toplevel() on ptolemy.moml.MoMLSimpleApplication@378abebb
reloadAllAccessors: .TimedSinewavePhase

===========================================================================================
----------------- testing Mon Jun 29 15:15:11 UTC 2020 /home/travis/build/icyphy/ptII/ptolemy/actor/lib/test/auto/Timer.xml
----------------- Instantiating /home/travis/build/icyphy/ptII/ptolemy/actor/lib/test/auto/Timer.xml
2 ms. Memory: 550912K Free: 312048K (57%)
----------------- Invoking toplevel() on ptolemy.moml.MoMLSimpleApplication@183a6abf
----------------- Done invoking toplevel() on ptolemy.moml.MoMLSimpleApplication@183a6abf
reloadAllAccessors: .Timer

===========================================================================================
----------------- testing Mon Jun 29 15:15:11 UTC 2020 /home/travis/build/icyphy/ptII/ptolemy/actor/lib/test/auto/TriangularDistTestModel.xml
----------------- Instantiating /home/travis/build/icyphy/ptII/ptolemy/actor/lib/test/auto/TriangularDistTestModel.xml
2 ms. Memory: 550912K Free: 306424K (56%)
----------------- Invoking toplevel() on ptolemy.moml.MoMLSimpleApplication@7c7228ef
----------------- Done invoking toplevel() on ptolemy.moml.MoMLSimpleApplication@7c7228ef
reloadAllAccessors: .TriangularDistTestModel

===========================================================================================
----------------- testing Mon Jun 29 15:15:11 UTC 2020 /home/travis/build/icyphy/ptII/ptolemy/actor/lib/test/auto/TrigFunction.xml
----------------- Instantiating /home/travis/build/icyphy/ptII/ptolemy/actor/lib/test/auto/TrigFunction.xml
1 ms. Memory: 550912K Free: 301814K (55%)
----------------- Invoking toplevel() on ptolemy.moml.MoMLSimpleApplication@3ae7afba
----------------- Done invoking toplevel() on ptolemy.moml.MoMLSimpleApplication@3ae7afba
reloadAllAccessors: .TrigFunction

===========================================================================================
----------------- testing Mon Jun 29 15:15:11 UTC 2020 /home/travis/build/icyphy/ptII/ptolemy/actor/lib/test/auto/TrigFunctionDE.xml
----------------- Instantiating /home/travis/build/icyphy/ptII/ptolemy/actor/lib/test/auto/TrigFunctionDE.xml
2 ms. Memory: 550912K Free: 296184K (54%)
----------------- Invoking toplevel() on ptolemy.moml.MoMLSimpleApplication@51a83d80
----------------- Done invoking toplevel() on ptolemy.moml.MoMLSimpleApplication@51a83d80
reloadAllAccessors: .TrigFunctionDE

===========================================================================================
----------------- testing Mon Jun 29 15:15:11 UTC 2020 /home/travis/build/icyphy/ptII/ptolemy/actor/lib/test/auto/TrigFunctionInverse.xml
----------------- Instantiating /home/travis/build/icyphy/ptII/ptolemy/actor/lib/test/auto/TrigFunctionInverse.xml
2 ms. Memory: 550912K Free: 291064K (53%)
----------------- Invoking toplevel() on ptolemy.moml.MoMLSimpleApplication@5dfb4505
----------------- Done invoking toplevel() on ptolemy.moml.MoMLSimpleApplication@5dfb4505
reloadAllAccessors: .TrigFunctionInverse

===========================================================================================
----------------- testing Mon Jun 29 15:15:11 UTC 2020 /home/travis/build/icyphy/ptII/ptolemy/actor/lib/test/auto/TrigFunctionTan.xml
----------------- Instantiating /home/travis/build/icyphy/ptII/ptolemy/actor/lib/test/auto/TrigFunctionTan.xml
1 ms. Memory: 550912K Free: 286454K (52%)
----------------- Invoking toplevel() on ptolemy.moml.MoMLSimpleApplication@40dafbff
----------------- Done invoking toplevel() on ptolemy.moml.MoMLSimpleApplication@40dafbff
reloadAllAccessors: .TrigFunctionTan

===========================================================================================
----------------- testing Mon Jun 29 15:15:11 UTC 2020 /home/travis/build/icyphy/ptII/ptolemy/actor/lib/test/auto/TriggeredClock.xml
----------------- Instantiating /home/travis/build/icyphy/ptII/ptolemy/actor/lib/test/auto/TriggeredClock.xml
1 ms. Memory: 550912K Free: 280824K (51%)
----------------- Invoking toplevel() on ptolemy.moml.MoMLSimpleApplication@520a1922
----------------- Done invoking toplevel() on ptolemy.moml.MoMLSimpleApplication@520a1922
reloadAllAccessors: .TriggeredClock

===========================================================================================
----------------- testing Mon Jun 29 15:15:11 UTC 2020 /home/travis/build/icyphy/ptII/ptolemy/actor/lib/test/auto/URLDirectoryReader.xml
----------------- Instantiating /home/travis/build/icyphy/ptII/ptolemy/actor/lib/test/auto/URLDirectoryReader.xml
34 ms. Memory: 550912K Free: 271608K (49%)
----------------- Invoking toplevel() on ptolemy.moml.MoMLSimpleApplication@4a922fe7
----------------- Done invoking toplevel() on ptolemy.moml.MoMLSimpleApplication@4a922fe7
reloadAllAccessors: .URLDirectoryReader

===========================================================================================
----------------- testing Mon Jun 29 15:15:11 UTC 2020 /home/travis/build/icyphy/ptII/ptolemy/actor/lib/test/auto/URLDirectoryReader3.xml
----------------- Instantiating /home/travis/build/icyphy/ptII/ptolemy/actor/lib/test/auto/URLDirectoryReader3.xml
1063 ms. Memory: 550912K Free: 490866K (89%)
----------------- Invoking toplevel() on ptolemy.moml.MoMLSimpleApplication@1ff0089e
----------------- Done invoking toplevel() on ptolemy.moml.MoMLSimpleApplication@1ff0089e
reloadAllAccessors: .URLDirectoryReader3

===========================================================================================
----------------- testing Mon Jun 29 15:15:12 UTC 2020 /home/travis/build/icyphy/ptII/ptolemy/actor/lib/test/auto/UnaryMathFunction.xml
----------------- Instantiating /home/travis/build/icyphy/ptII/ptolemy/actor/lib/test/auto/UnaryMathFunction.xml
3 ms. Memory: 550912K Free: 483064K (88%)
----------------- Invoking toplevel() on ptolemy.moml.MoMLSimpleApplication@bccc113
----------------- Done invoking toplevel() on ptolemy.moml.MoMLSimpleApplication@bccc113
reloadAllAccessors: .UnaryMathFunction

===========================================================================================
----------------- testing Mon Jun 29 15:15:12 UTC 2020 /home/travis/build/icyphy/ptII/ptolemy/actor/lib/test/auto/Uniform.xml
----------------- Instantiating /home/travis/build/icyphy/ptII/ptolemy/actor/lib/test/auto/Uniform.xml
1 ms. Memory: 550912K Free: 478454K (87%)
----------------- Invoking toplevel() on ptolemy.moml.MoMLSimpleApplication@77319e96
----------------- Done invoking toplevel() on ptolemy.moml.MoMLSimpleApplication@77319e96
reloadAllAccessors: .Uniform

===========================================================================================
----------------- testing Mon Jun 29 15:15:12 UTC 2020 /home/travis/build/icyphy/ptII/ptolemy/actor/lib/test/auto/UnionDisassemblerTest.xml
----------------- Instantiating /home/travis/build/icyphy/ptII/ptolemy/actor/lib/test/auto/UnionDisassemblerTest.xml
18 ms. Memory: 550912K Free: 474872K (86%)
----------------- Invoking toplevel() on ptolemy.moml.MoMLSimpleApplication@7ee4d5b8
----------------- Done invoking toplevel() on ptolemy.moml.MoMLSimpleApplication@7ee4d5b8
reloadAllAccessors: .UnionDisassemblerTest

===========================================================================================
----------------- testing Mon Jun 29 15:15:12 UTC 2020 /home/travis/build/icyphy/ptII/ptolemy/actor/lib/test/auto/UtilityFunctions.xml
----------------- Instantiating /home/travis/build/icyphy/ptII/ptolemy/actor/lib/test/auto/UtilityFunctions.xml
1 ms. Memory: 550912K Free: 470776K (85%)
----------------- Invoking toplevel() on ptolemy.moml.MoMLSimpleApplication@15e4ea64
----------------- Done invoking toplevel() on ptolemy.moml.MoMLSimpleApplication@15e4ea64
reloadAllAccessors: .UtilityFunctions

===========================================================================================
----------------- testing Mon Jun 29 15:15:12 UTC 2020 /home/travis/build/icyphy/ptII/ptolemy/actor/lib/test/auto/VariableSleep.xml
----------------- Instantiating /home/travis/build/icyphy/ptII/ptolemy/actor/lib/test/auto/VariableSleep.xml
503 ms. Memory: 550912K Free: 465142K (84%)
----------------- Invoking toplevel() on ptolemy.moml.MoMLSimpleApplication@78c99151
----------------- Done invoking toplevel() on ptolemy.moml.MoMLSimpleApplication@78c99151
reloadAllAccessors: .VariableSleep

===========================================================================================
----------------- testing Mon Jun 29 15:15:13 UTC 2020 /home/travis/build/icyphy/ptII/ptolemy/actor/lib/test/auto/VectorAssemblerDisassemblerCT.xml
----------------- Instantiating /home/travis/build/icyphy/ptII/ptolemy/actor/lib/test/auto/VectorAssemblerDisassemblerCT.xml
67 ms. Memory: 550912K Free: 445176K (81%)
----------------- Invoking toplevel() on ptolemy.moml.MoMLSimpleApplication@48ef62e3
----------------- Done invoking toplevel() on ptolemy.moml.MoMLSimpleApplication@48ef62e3
reloadAllAccessors: .VectorAssemblerDisassemblerCT

===========================================================================================
----------------- testing Mon Jun 29 15:15:13 UTC 2020 /home/travis/build/icyphy/ptII/ptolemy/actor/lib/test/auto/VectorAssemblerDisassemblerDE.xml
----------------- Instantiating /home/travis/build/icyphy/ptII/ptolemy/actor/lib/test/auto/VectorAssemblerDisassemblerDE.xml
2 ms. Memory: 550912K Free: 438008K (80%)
----------------- Invoking toplevel() on ptolemy.moml.MoMLSimpleApplication@36b5ebc4
----------------- Done invoking toplevel() on ptolemy.moml.MoMLSimpleApplication@36b5ebc4
reloadAllAccessors: .VectorAssemblerDisassemblerDE

===========================================================================================
----------------- testing Mon Jun 29 15:15:13 UTC 2020 /home/travis/build/icyphy/ptII/ptolemy/actor/lib/test/auto/VectorAssemblerDisassemblerSDF.xml
----------------- Instantiating /home/travis/build/icyphy/ptII/ptolemy/actor/lib/test/auto/VectorAssemblerDisassemblerSDF.xml
3 ms. Memory: 550912K Free: 431350K (78%)
----------------- Invoking toplevel() on ptolemy.moml.MoMLSimpleApplication@c144153
----------------- Done invoking toplevel() on ptolemy.moml.MoMLSimpleApplication@c144153
reloadAllAccessors: .VectorAssemblerDisassemblerSDF

===========================================================================================
----------------- testing Mon Jun 29 15:15:13 UTC 2020 /home/travis/build/icyphy/ptII/ptolemy/actor/lib/test/auto/WallClockTime.xml
----------------- Instantiating /home/travis/build/icyphy/ptII/ptolemy/actor/lib/test/auto/WallClockTime.xml
1004 ms. Memory: 550912K Free: 426230K (77%)
----------------- Invoking toplevel() on ptolemy.moml.MoMLSimpleApplication@7eb9e7ec
----------------- Done invoking toplevel() on ptolemy.moml.MoMLSimpleApplication@7eb9e7ec
reloadAllAccessors: .WallClockTime

===========================================================================================
----------------- testing Mon Jun 29 15:15:14 UTC 2020 /home/travis/build/icyphy/ptII/ptolemy/actor/lib/test/auto/WidthTestWithSubscriberPublisher.xml
----------------- Instantiating /home/travis/build/icyphy/ptII/ptolemy/actor/lib/test/auto/WidthTestWithSubscriberPublisher.xml
7 ms. Memory: 550912K Free: 407798K (74%)
----------------- Invoking toplevel() on ptolemy.moml.MoMLSimpleApplication@52f68514
----------------- Done invoking toplevel() on ptolemy.moml.MoMLSimpleApplication@52f68514
reloadAllAccessors: .WidthTestWithSubscriberPublisher

===========================================================================================
----------------- testing Mon Jun 29 15:15:14 UTC 2020 /home/travis/build/icyphy/ptII/ptolemy/actor/lib/test/auto/WidthTestWithSubscriberPublisher2.xml
----------------- Instantiating /home/travis/build/icyphy/ptII/ptolemy/actor/lib/test/auto/WidthTestWithSubscriberPublisher2.xml
2 ms. Memory: 550912K Free: 401654K (73%)
----------------- Invoking toplevel() on ptolemy.moml.MoMLSimpleApplication@3c5eecb2
----------------- Done invoking toplevel() on ptolemy.moml.MoMLSimpleApplication@3c5eecb2
reloadAllAccessors: .WidthTestWithSubscriberPublisher2

===========================================================================================
----------------- testing Mon Jun 29 15:15:14 UTC 2020 /home/travis/build/icyphy/ptII/ptolemy/actor/lib/test/auto/WidthTestWithSubscriberPublisher3.xml
----------------- Instantiating /home/travis/build/icyphy/ptII/ptolemy/actor/lib/test/auto/WidthTestWithSubscriberPublisher3.xml
1 ms. Memory: 550912K Free: 395510K (72%)
----------------- Invoking toplevel() on ptolemy.moml.MoMLSimpleApplication@1edcaf04
----------------- Done invoking toplevel() on ptolemy.moml.MoMLSimpleApplication@1edcaf04
reloadAllAccessors: .WidthTestWithSubscriberPublisher3

===========================================================================================
----------------- testing Mon Jun 29 15:15:14 UTC 2020 /home/travis/build/icyphy/ptII/ptolemy/actor/lib/test/auto/Writer.xml
----------------- Instantiating /home/travis/build/icyphy/ptII/ptolemy/actor/lib/test/auto/Writer.xml
0
1
2
3
4
1 ms. Memory: 550912K Free: 391384K (71%)
----------------- Invoking toplevel() on ptolemy.moml.MoMLSimpleApplication@3fc82de7
----------------- Done invoking toplevel() on ptolemy.moml.MoMLSimpleApplication@3fc82de7
reloadAllAccessors: .Writer

===========================================================================================
----------------- testing Mon Jun 29 15:15:14 UTC 2020 /home/travis/build/icyphy/ptII/ptolemy/actor/lib/test/auto/array.xml
----------------- Instantiating /home/travis/build/icyphy/ptII/ptolemy/actor/lib/test/auto/array.xml
1 ms. Memory: 550912K Free: 386808K (70%)
----------------- Invoking toplevel() on ptolemy.moml.MoMLSimpleApplication@1c09b265
----------------- Done invoking toplevel() on ptolemy.moml.MoMLSimpleApplication@1c09b265
reloadAllAccessors: .array

===========================================================================================
----------------- testing Mon Jun 29 15:15:14 UTC 2020 /home/travis/build/icyphy/ptII/ptolemy/actor/lib/test/auto/array2.xml
----------------- Instantiating /home/travis/build/icyphy/ptII/ptolemy/actor/lib/test/auto/array2.xml
8 ms. Memory: 550912K Free: 381688K (69%)
----------------- Invoking toplevel() on ptolemy.moml.MoMLSimpleApplication@6ae98e0e
----------------- Done invoking toplevel() on ptolemy.moml.MoMLSimpleApplication@6ae98e0e
reloadAllAccessors: .array2

===========================================================================================
----------------- testing Mon Jun 29 15:15:14 UTC 2020 /home/travis/build/icyphy/ptII/ptolemy/actor/lib/test/auto/arrayType.xml
----------------- Instantiating /home/travis/build/icyphy/ptII/ptolemy/actor/lib/test/auto/arrayType.xml
1 ms. Memory: 550912K Free: 376568K (68%)
----------------- Invoking toplevel() on ptolemy.moml.MoMLSimpleApplication@4a313f40
----------------- Done invoking toplevel() on ptolemy.moml.MoMLSimpleApplication@4a313f40
reloadAllAccessors: .arrayType

===========================================================================================
----------------- testing Mon Jun 29 15:15:14 UTC 2020 /home/travis/build/icyphy/ptII/ptolemy/actor/lib/test/auto/arrayType10.xml
----------------- Instantiating /home/travis/build/icyphy/ptII/ptolemy/actor/lib/test/auto/arrayType10.xml
1 ms. Memory: 550912K Free: 371958K (68%)
----------------- Invoking toplevel() on ptolemy.moml.MoMLSimpleApplication@ff2d52c
----------------- Done invoking toplevel() on ptolemy.moml.MoMLSimpleApplication@ff2d52c
reloadAllAccessors: .arrayType10

===========================================================================================
----------------- testing Mon Jun 29 15:15:14 UTC 2020 /home/travis/build/icyphy/ptII/ptolemy/actor/lib/test/auto/arrayType11.xml
----------------- Instantiating /home/travis/build/icyphy/ptII/ptolemy/actor/lib/test/auto/arrayType11.xml
2 ms. Memory: 550912K Free: 367352K (67%)
----------------- Invoking toplevel() on ptolemy.moml.MoMLSimpleApplication@353919e5
----------------- Done invoking toplevel() on ptolemy.moml.MoMLSimpleApplication@353919e5
reloadAllAccessors: .arrayType11

===========================================================================================
----------------- testing Mon Jun 29 15:15:14 UTC 2020 /home/travis/build/icyphy/ptII/ptolemy/actor/lib/test/auto/arrayType12.xml
----------------- Instantiating /home/travis/build/icyphy/ptII/ptolemy/actor/lib/test/auto/arrayType12.xml
1 ms. Memory: 550912K Free: 362232K (66%)
----------------- Invoking toplevel() on ptolemy.moml.MoMLSimpleApplication@31dab2e9
----------------- Done invoking toplevel() on ptolemy.moml.MoMLSimpleApplication@31dab2e9
reloadAllAccessors: .arrayType12

===========================================================================================
----------------- testing Mon Jun 29 15:15:14 UTC 2020 /home/travis/build/icyphy/ptII/ptolemy/actor/lib/test/auto/arrayType13.xml
----------------- Instantiating /home/travis/build/icyphy/ptII/ptolemy/actor/lib/test/auto/arrayType13.xml
1 ms. Memory: 550912K Free: 357112K (65%)
----------------- Invoking toplevel() on ptolemy.moml.MoMLSimpleApplication@58d8ea04
----------------- Done invoking toplevel() on ptolemy.moml.MoMLSimpleApplication@58d8ea04
reloadAllAccessors: .arrayType13

===========================================================================================
----------------- testing Mon Jun 29 15:15:14 UTC 2020 /home/travis/build/icyphy/ptII/ptolemy/actor/lib/test/auto/arrayType14.xml
----------------- Instantiating /home/travis/build/icyphy/ptII/ptolemy/actor/lib/test/auto/arrayType14.xml
1 ms. Memory: 550912K Free: 351992K (64%)
----------------- Invoking toplevel() on ptolemy.moml.MoMLSimpleApplication@668b2cad
----------------- Done invoking toplevel() on ptolemy.moml.MoMLSimpleApplication@668b2cad
reloadAllAccessors: .arrayType14

===========================================================================================
----------------- testing Mon Jun 29 15:15:14 UTC 2020 /home/travis/build/icyphy/ptII/ptolemy/actor/lib/test/auto/arrayType15.xml
----------------- Instantiating /home/travis/build/icyphy/ptII/ptolemy/actor/lib/test/auto/arrayType15.xml
2 ms. Memory: 550912K Free: 346872K (63%)
----------------- Invoking toplevel() on ptolemy.moml.MoMLSimpleApplication@530b7fe0
----------------- Done invoking toplevel() on ptolemy.moml.MoMLSimpleApplication@530b7fe0
reloadAllAccessors: .arrayType15

===========================================================================================
----------------- testing Mon Jun 29 15:15:14 UTC 2020 /home/travis/build/icyphy/ptII/ptolemy/actor/lib/test/auto/arrayType16.xml
----------------- Instantiating /home/travis/build/icyphy/ptII/ptolemy/actor/lib/test/auto/arrayType16.xml
1 ms. Memory: 550912K Free: 341752K (62%)
----------------- Invoking toplevel() on ptolemy.moml.MoMLSimpleApplication@80ee177
----------------- Done invoking toplevel() on ptolemy.moml.MoMLSimpleApplication@80ee177
reloadAllAccessors: .arrayType16

===========================================================================================
----------------- testing Mon Jun 29 15:15:14 UTC 2020 /home/travis/build/icyphy/ptII/ptolemy/actor/lib/test/auto/arrayType17.xml
----------------- Instantiating /home/travis/build/icyphy/ptII/ptolemy/actor/lib/test/auto/arrayType17.xml
1 ms. Memory: 550912K Free: 336118K (61%)
----------------- Invoking toplevel() on ptolemy.moml.MoMLSimpleApplication@205df2cb
----------------- Done invoking toplevel() on ptolemy.moml.MoMLSimpleApplication@205df2cb
reloadAllAccessors: .arrayType17

===========================================================================================
----------------- testing Mon Jun 29 15:15:14 UTC 2020 /home/travis/build/icyphy/ptII/ptolemy/actor/lib/test/auto/arrayType18.xml
----------------- Instantiating /home/travis/build/icyphy/ptII/ptolemy/actor/lib/test/auto/arrayType18.xml
1 ms. Memory: 550912K Free: 331512K (60%)
----------------- Invoking toplevel() on ptolemy.moml.MoMLSimpleApplication@36b64bf6
----------------- Done invoking toplevel() on ptolemy.moml.MoMLSimpleApplication@36b64bf6
reloadAllAccessors: .arrayType18

===========================================================================================
----------------- testing Mon Jun 29 15:15:14 UTC 2020 /home/travis/build/icyphy/ptII/ptolemy/actor/lib/test/auto/arrayType19.xml
----------------- Instantiating /home/travis/build/icyphy/ptII/ptolemy/actor/lib/test/auto/arrayType19.xml
3 ms. Memory: 550912K Free: 326902K (59%)
----------------- Invoking toplevel() on ptolemy.moml.MoMLSimpleApplication@672f6b51
----------------- Done invoking toplevel() on ptolemy.moml.MoMLSimpleApplication@672f6b51
reloadAllAccessors: .arrayType19

===========================================================================================
----------------- testing Mon Jun 29 15:15:14 UTC 2020 /home/travis/build/icyphy/ptII/ptolemy/actor/lib/test/auto/arrayType2.xml
----------------- Instantiating /home/travis/build/icyphy/ptII/ptolemy/actor/lib/test/auto/arrayType2.xml
2 ms. Memory: 550912K Free: 321782K (58%)
----------------- Invoking toplevel() on ptolemy.moml.MoMLSimpleApplication@6dcf627d
----------------- Done invoking toplevel() on ptolemy.moml.MoMLSimpleApplication@6dcf627d
reloadAllAccessors: .arrayType2

===========================================================================================
----------------- testing Mon Jun 29 15:15:14 UTC 2020 /home/travis/build/icyphy/ptII/ptolemy/actor/lib/test/auto/arrayType20.xml
----------------- Instantiating /home/travis/build/icyphy/ptII/ptolemy/actor/lib/test/auto/arrayType20.xml
2 ms. Memory: 550912K Free: 316662K (57%)
----------------- Invoking toplevel() on ptolemy.moml.MoMLSimpleApplication@62508dfb
----------------- Done invoking toplevel() on ptolemy.moml.MoMLSimpleApplication@62508dfb
reloadAllAccessors: .arrayType20

===========================================================================================
----------------- testing Mon Jun 29 15:15:14 UTC 2020 /home/travis/build/icyphy/ptII/ptolemy/actor/lib/test/auto/arrayType21.xml
----------------- Instantiating /home/travis/build/icyphy/ptII/ptolemy/actor/lib/test/auto/arrayType21.xml
1 ms. Memory: 550912K Free: 312056K (57%)
----------------- Invoking toplevel() on ptolemy.moml.MoMLSimpleApplication@51eac9c9
----------------- Done invoking toplevel() on ptolemy.moml.MoMLSimpleApplication@51eac9c9
reloadAllAccessors: .arrayType21

===========================================================================================
----------------- testing Mon Jun 29 15:15:14 UTC 2020 /home/travis/build/icyphy/ptII/ptolemy/actor/lib/test/auto/arrayType22.xml
----------------- Instantiating /home/travis/build/icyphy/ptII/ptolemy/actor/lib/test/auto/arrayType22.xml
1 ms. Memory: 550912K Free: 307446K (56%)
----------------- Invoking toplevel() on ptolemy.moml.MoMLSimpleApplication@eb88d71
----------------- Done invoking toplevel() on ptolemy.moml.MoMLSimpleApplication@eb88d71
reloadAllAccessors: .arrayType22

===========================================================================================
----------------- testing Mon Jun 29 15:15:14 UTC 2020 /home/travis/build/icyphy/ptII/ptolemy/actor/lib/test/auto/arrayType23.xml
----------------- Instantiating /home/travis/build/icyphy/ptII/ptolemy/actor/lib/test/auto/arrayType23.xml
1 ms. Memory: 550912K Free: 302840K (55%)
----------------- Invoking toplevel() on ptolemy.moml.MoMLSimpleApplication@47e2efe3
----------------- Done invoking toplevel() on ptolemy.moml.MoMLSimpleApplication@47e2efe3
reloadAllAccessors: .arrayType23

===========================================================================================
----------------- testing Mon Jun 29 15:15:14 UTC 2020 /home/travis/build/icyphy/ptII/ptolemy/actor/lib/test/auto/arrayType24.xml
----------------- Instantiating /home/travis/build/icyphy/ptII/ptolemy/actor/lib/test/auto/arrayType24.xml
2 ms. Memory: 550912K Free: 297720K (54%)
----------------- Invoking toplevel() on ptolemy.moml.MoMLSimpleApplication@10b4ea83
----------------- Done invoking toplevel() on ptolemy.moml.MoMLSimpleApplication@10b4ea83
reloadAllAccessors: .arrayType24

===========================================================================================
----------------- testing Mon Jun 29 15:15:14 UTC 2020 /home/travis/build/icyphy/ptII/ptolemy/actor/lib/test/auto/arrayType25.xml
----------------- Instantiating /home/travis/build/icyphy/ptII/ptolemy/actor/lib/test/auto/arrayType25.xml
1 ms. Memory: 550912K Free: 292600K (53%)
----------------- Invoking toplevel() on ptolemy.moml.MoMLSimpleApplication@8ab7fd2
----------------- Done invoking toplevel() on ptolemy.moml.MoMLSimpleApplication@8ab7fd2
reloadAllAccessors: .arrayType25

===========================================================================================
----------------- testing Mon Jun 29 15:15:14 UTC 2020 /home/travis/build/icyphy/ptII/ptolemy/actor/lib/test/auto/arrayType26.xml
----------------- Instantiating /home/travis/build/icyphy/ptII/ptolemy/actor/lib/test/auto/arrayType26.xml
1 ms. Memory: 550912K Free: 287480K (52%)
----------------- Invoking toplevel() on ptolemy.moml.MoMLSimpleApplication@54852cf6
----------------- Done invoking toplevel() on ptolemy.moml.MoMLSimpleApplication@54852cf6
reloadAllAccessors: .arrayType26

===========================================================================================
----------------- testing Mon Jun 29 15:15:14 UTC 2020 /home/travis/build/icyphy/ptII/ptolemy/actor/lib/test/auto/arrayType27.xml
----------------- Instantiating /home/travis/build/icyphy/ptII/ptolemy/actor/lib/test/auto/arrayType27.xml
1 ms. Memory: 550912K Free: 282360K (51%)
----------------- Invoking toplevel() on ptolemy.moml.MoMLSimpleApplication@22d43945
----------------- Done invoking toplevel() on ptolemy.moml.MoMLSimpleApplication@22d43945
reloadAllAccessors: .arrayType27

===========================================================================================
----------------- testing Mon Jun 29 15:15:14 UTC 2020 /home/travis/build/icyphy/ptII/ptolemy/actor/lib/test/auto/arrayType28.xml
----------------- Instantiating /home/travis/build/icyphy/ptII/ptolemy/actor/lib/test/auto/arrayType28.xml
1 ms. Memory: 550912K Free: 276726K (50%)
----------------- Invoking toplevel() on ptolemy.moml.MoMLSimpleApplication@646c10df
----------------- Done invoking toplevel() on ptolemy.moml.MoMLSimpleApplication@646c10df
reloadAllAccessors: .arrayType28

===========================================================================================
----------------- testing Mon Jun 29 15:15:14 UTC 2020 /home/travis/build/icyphy/ptII/ptolemy/actor/lib/test/auto/arrayType3.xml
----------------- Instantiating /home/travis/build/icyphy/ptII/ptolemy/actor/lib/test/auto/arrayType3.xml
3 ms. Memory: 550912K Free: 271606K (49%)
----------------- Invoking toplevel() on ptolemy.moml.MoMLSimpleApplication@71776a6a
----------------- Done invoking toplevel() on ptolemy.moml.MoMLSimpleApplication@71776a6a
reloadAllAccessors: .arrayType3

===========================================================================================
----------------- testing Mon Jun 29 15:15:14 UTC 2020 /home/travis/build/icyphy/ptII/ptolemy/actor/lib/test/auto/arrayType4.xml
----------------- Instantiating /home/travis/build/icyphy/ptII/ptolemy/actor/lib/test/auto/arrayType4.xml
1 ms. Memory: 550912K Free: 266486K (48%)
----------------- Invoking toplevel() on ptolemy.moml.MoMLSimpleApplication@284804e3
----------------- Done invoking toplevel() on ptolemy.moml.MoMLSimpleApplication@284804e3
reloadAllAccessors: .arrayType4

===========================================================================================
----------------- testing Mon Jun 29 15:15:14 UTC 2020 /home/travis/build/icyphy/ptII/ptolemy/actor/lib/test/auto/arrayType5.xml
----------------- Instantiating /home/travis/build/icyphy/ptII/ptolemy/actor/lib/test/auto/arrayType5.xml
1 ms. Memory: 550912K Free: 261366K (47%)
----------------- Invoking toplevel() on ptolemy.moml.MoMLSimpleApplication@2cb78829
----------------- Done invoking toplevel() on ptolemy.moml.MoMLSimpleApplication@2cb78829
reloadAllAccessors: .arrayType5

===========================================================================================
----------------- testing Mon Jun 29 15:15:14 UTC 2020 /home/travis/build/icyphy/ptII/ptolemy/actor/lib/test/auto/arrayType6.xml
----------------- Instantiating /home/travis/build/icyphy/ptII/ptolemy/actor/lib/test/auto/arrayType6.xml
1 ms. Memory: 550912K Free: 256246K (47%)
----------------- Invoking toplevel() on ptolemy.moml.MoMLSimpleApplication@4c6a7f6
----------------- Done invoking toplevel() on ptolemy.moml.MoMLSimpleApplication@4c6a7f6
reloadAllAccessors: .arrayType6

===========================================================================================
----------------- testing Mon Jun 29 15:15:14 UTC 2020 /home/travis/build/icyphy/ptII/ptolemy/actor/lib/test/auto/arrayType7.xml
----------------- Instantiating /home/travis/build/icyphy/ptII/ptolemy/actor/lib/test/auto/arrayType7.xml
5 ms. Memory: 550912K Free: 251640K (46%)
----------------- Invoking toplevel() on ptolemy.moml.MoMLSimpleApplication@5a308cd8
----------------- Done invoking toplevel() on ptolemy.moml.MoMLSimpleApplication@5a308cd8
reloadAllAccessors: .arrayType7

===========================================================================================
----------------- testing Mon Jun 29 15:15:14 UTC 2020 /home/travis/build/icyphy/ptII/ptolemy/actor/lib/test/auto/arrayType8.xml
----------------- Instantiating /home/travis/build/icyphy/ptII/ptolemy/actor/lib/test/auto/arrayType8.xml
1 ms. Memory: 550912K Free: 247030K (45%)
----------------- Invoking toplevel() on ptolemy.moml.MoMLSimpleApplication@77adb9b0
----------------- Done invoking toplevel() on ptolemy.moml.MoMLSimpleApplication@77adb9b0
reloadAllAccessors: .arrayType8

===========================================================================================
----------------- testing Mon Jun 29 15:15:14 UTC 2020 /home/travis/build/icyphy/ptII/ptolemy/actor/lib/test/auto/arrayType9.xml
----------------- Instantiating /home/travis/build/icyphy/ptII/ptolemy/actor/lib/test/auto/arrayType9.xml
2 ms. Memory: 550912K Free: 241910K (44%)
----------------- Invoking toplevel() on ptolemy.moml.MoMLSimpleApplication@30acc7f6
----------------- Done invoking toplevel() on ptolemy.moml.MoMLSimpleApplication@30acc7f6
reloadAllAccessors: .arrayType9

===========================================================================================
----------------- testing Mon Jun 29 15:15:14 UTC 2020 /home/travis/build/icyphy/ptII/ptolemy/actor/lib/test/auto/cast.xml
----------------- Instantiating /home/travis/build/icyphy/ptII/ptolemy/actor/lib/test/auto/cast.xml
2 ms. Memory: 550912K Free: 237304K (43%)
----------------- Invoking toplevel() on ptolemy.moml.MoMLSimpleApplication@dad5e29
----------------- Done invoking toplevel() on ptolemy.moml.MoMLSimpleApplication@dad5e29
reloadAllAccessors: .cast

===========================================================================================
----------------- testing Mon Jun 29 15:15:14 UTC 2020 /home/travis/build/icyphy/ptII/ptolemy/actor/lib/test/auto/compositeMultiPort.xml
----------------- Instantiating /home/travis/build/icyphy/ptII/ptolemy/actor/lib/test/auto/compositeMultiPort.xml
3 ms. Memory: 550912K Free: 228584K (41%)
----------------- Invoking toplevel() on ptolemy.moml.MoMLSimpleApplication@432102cf
----------------- Done invoking toplevel() on ptolemy.moml.MoMLSimpleApplication@432102cf
reloadAllAccessors: .compositeMultiPort

===========================================================================================
----------------- testing Mon Jun 29 15:15:14 UTC 2020 /home/travis/build/icyphy/ptII/ptolemy/actor/lib/test/auto/expressionCastInference.xml
----------------- Instantiating /home/travis/build/icyphy/ptII/ptolemy/actor/lib/test/auto/expressionCastInference.xml
1 ms. Memory: 550912K Free: 223992K (41%)
----------------- Invoking toplevel() on ptolemy.moml.MoMLSimpleApplication@76e87150
----------------- Done invoking toplevel() on ptolemy.moml.MoMLSimpleApplication@76e87150
reloadAllAccessors: .expressionCastInference

===========================================================================================
----------------- testing Mon Jun 29 15:15:14 UTC 2020 /home/travis/build/icyphy/ptII/ptolemy/actor/lib/test/auto/expressionCastInference2.xml
----------------- Instantiating /home/travis/build/icyphy/ptII/ptolemy/actor/lib/test/auto/expressionCastInference2.xml
2 ms. Memory: 550912K Free: 218872K (40%)
----------------- Invoking toplevel() on ptolemy.moml.MoMLSimpleApplication@1144e792
----------------- Done invoking toplevel() on ptolemy.moml.MoMLSimpleApplication@1144e792
reloadAllAccessors: .expressionCastInference2

===========================================================================================
----------------- testing Mon Jun 29 15:15:14 UTC 2020 /home/travis/build/icyphy/ptII/ptolemy/actor/lib/test/auto/expressionInference.xml
----------------- Instantiating /home/travis/build/icyphy/ptII/ptolemy/actor/lib/test/auto/expressionInference.xml
0 ms. Memory: 550912K Free: 214776K (39%)
----------------- Invoking toplevel() on ptolemy.moml.MoMLSimpleApplication@641675ee
----------------- Done invoking toplevel() on ptolemy.moml.MoMLSimpleApplication@641675ee
reloadAllAccessors: .expressionInference

===========================================================================================
----------------- testing Mon Jun 29 15:15:14 UTC 2020 /home/travis/build/icyphy/ptII/ptolemy/actor/lib/test/auto/expression_bug.xml
----------------- Instantiating /home/travis/build/icyphy/ptII/ptolemy/actor/lib/test/auto/expression_bug.xml
1 ms. Memory: 550912K Free: 210166K (38%)
----------------- Invoking toplevel() on ptolemy.moml.MoMLSimpleApplication@2cef7941
----------------- Done invoking toplevel() on ptolemy.moml.MoMLSimpleApplication@2cef7941
reloadAllAccessors: .expression_bug

===========================================================================================
----------------- testing Mon Jun 29 15:15:14 UTC 2020 /home/travis/build/icyphy/ptII/ptolemy/actor/lib/test/auto/factorial.xml
----------------- Instantiating /home/travis/build/icyphy/ptII/ptolemy/actor/lib/test/auto/factorial.xml
37 ms. Memory: 550912K Free: 200950K (36%)
----------------- Invoking toplevel() on ptolemy.moml.MoMLSimpleApplication@c1f2bbf
----------------- Done invoking toplevel() on ptolemy.moml.MoMLSimpleApplication@c1f2bbf
reloadAllAccessors: .factorial

===========================================================================================
----------------- testing Mon Jun 29 15:15:14 UTC 2020 /home/travis/build/icyphy/ptII/ptolemy/actor/lib/test/auto/filterTest1.xml
----------------- Instantiating /home/travis/build/icyphy/ptII/ptolemy/actor/lib/test/auto/filterTest1.xml
3 ms. Memory: 550912K Free: 195320K (35%)
----------------- Invoking toplevel() on ptolemy.moml.MoMLSimpleApplication@71e7568f
----------------- Done invoking toplevel() on ptolemy.moml.MoMLSimpleApplication@71e7568f
reloadAllAccessors: .filterTest1

===========================================================================================
----------------- testing Mon Jun 29 15:15:14 UTC 2020 /home/travis/build/icyphy/ptII/ptolemy/actor/lib/test/auto/funcApplyInConst.xml
----------------- Instantiating /home/travis/build/icyphy/ptII/ptolemy/actor/lib/test/auto/funcApplyInConst.xml
1 ms. Memory: 550912K Free: 191734K (35%)
----------------- Invoking toplevel() on ptolemy.moml.MoMLSimpleApplication@1dbaff94
----------------- Done invoking toplevel() on ptolemy.moml.MoMLSimpleApplication@1dbaff94
reloadAllAccessors: .funcApplyInConst

===========================================================================================
----------------- testing Mon Jun 29 15:15:14 UTC 2020 /home/travis/build/icyphy/ptII/ptolemy/actor/lib/test/auto/funcApplyInExpr.xml
----------------- Instantiating /home/travis/build/icyphy/ptII/ptolemy/actor/lib/test/auto/funcApplyInExpr.xml
1 ms. Memory: 550912K Free: 187638K (34%)
----------------- Invoking toplevel() on ptolemy.moml.MoMLSimpleApplication@599e3e07
----------------- Done invoking toplevel() on ptolemy.moml.MoMLSimpleApplication@599e3e07
reloadAllAccessors: .funcApplyInExpr

===========================================================================================
----------------- testing Mon Jun 29 15:15:14 UTC 2020 /home/travis/build/icyphy/ptII/ptolemy/actor/lib/test/auto/function.xml
----------------- Instantiating /home/travis/build/icyphy/ptII/ptolemy/actor/lib/test/auto/function.xml
75 ms. Memory: 550912K Free: 495116K (90%)
----------------- Invoking toplevel() on ptolemy.moml.MoMLSimpleApplication@d322a84
----------------- Done invoking toplevel() on ptolemy.moml.MoMLSimpleApplication@d322a84
reloadAllAccessors: .function

===========================================================================================
----------------- testing Mon Jun 29 15:15:14 UTC 2020 /home/travis/build/icyphy/ptII/ptolemy/actor/lib/test/auto/function2.xml
----------------- Instantiating /home/travis/build/icyphy/ptII/ptolemy/actor/lib/test/auto/function2.xml
2 ms. Memory: 550912K Free: 489996K (89%)
----------------- Invoking toplevel() on ptolemy.moml.MoMLSimpleApplication@6d0f55bc
----------------- Done invoking toplevel() on ptolemy.moml.MoMLSimpleApplication@6d0f55bc
reloadAllAccessors: .function2

===========================================================================================
----------------- testing Mon Jun 29 15:15:15 UTC 2020 /home/travis/build/icyphy/ptII/ptolemy/actor/lib/test/auto/function3.xml
----------------- Instantiating /home/travis/build/icyphy/ptII/ptolemy/actor/lib/test/auto/function3.xml
1 ms. Memory: 550912K Free: 485900K (88%)
----------------- Invoking toplevel() on ptolemy.moml.MoMLSimpleApplication@13ae4d29
----------------- Done invoking toplevel() on ptolemy.moml.MoMLSimpleApplication@13ae4d29
reloadAllAccessors: .function3

===========================================================================================
----------------- testing Mon Jun 29 15:15:15 UTC 2020 /home/travis/build/icyphy/ptII/ptolemy/actor/lib/test/auto/functionClosureTest1.xml
----------------- Instantiating /home/travis/build/icyphy/ptII/ptolemy/actor/lib/test/auto/functionClosureTest1.xml
2 ms. Memory: 550912K Free: 480266K (87%)
----------------- Invoking toplevel() on ptolemy.moml.MoMLSimpleApplication@7cf26212
----------------- Done invoking toplevel() on ptolemy.moml.MoMLSimpleApplication@7cf26212
reloadAllAccessors: .functionClosureTest1

===========================================================================================
----------------- testing Mon Jun 29 15:15:15 UTC 2020 /home/travis/build/icyphy/ptII/ptolemy/actor/lib/test/auto/functionClosureTest2.xml
----------------- Instantiating /home/travis/build/icyphy/ptII/ptolemy/actor/lib/test/auto/functionClosureTest2.xml
1 ms. Memory: 550912K Free: 476684K (87%)
----------------- Invoking toplevel() on ptolemy.moml.MoMLSimpleApplication@110b66b
----------------- Done invoking toplevel() on ptolemy.moml.MoMLSimpleApplication@110b66b
reloadAllAccessors: .functionClosureTest2

===========================================================================================
----------------- testing Mon Jun 29 15:15:15 UTC 2020 /home/travis/build/icyphy/ptII/ptolemy/actor/lib/test/auto/functionClosureTest3.xml
----------------- Instantiating /home/travis/build/icyphy/ptII/ptolemy/actor/lib/test/auto/functionClosureTest3.xml
2 ms. Memory: 550912K Free: 471050K (86%)
----------------- Invoking toplevel() on ptolemy.moml.MoMLSimpleApplication@49677fbd
----------------- Done invoking toplevel() on ptolemy.moml.MoMLSimpleApplication@49677fbd
reloadAllAccessors: .functionClosureTest3

===========================================================================================
----------------- testing Mon Jun 29 15:15:15 UTC 2020 /home/travis/build/icyphy/ptII/ptolemy/actor/lib/test/auto/functionClosureTest4.xml
----------------- Instantiating /home/travis/build/icyphy/ptII/ptolemy/actor/lib/test/auto/functionClosureTest4.xml
2 ms. Memory: 550912K Free: 464906K (84%)
----------------- Invoking toplevel() on ptolemy.moml.MoMLSimpleApplication@5b65a887
----------------- Done invoking toplevel() on ptolemy.moml.MoMLSimpleApplication@5b65a887
reloadAllAccessors: .functionClosureTest4

===========================================================================================
----------------- testing Mon Jun 29 15:15:15 UTC 2020 /home/travis/build/icyphy/ptII/ptolemy/actor/lib/test/auto/functionClosureTest5.xml
----------------- Instantiating /home/travis/build/icyphy/ptII/ptolemy/actor/lib/test/auto/functionClosureTest5.xml
3 ms. Memory: 550912K Free: 459786K (83%)
----------------- Invoking toplevel() on ptolemy.moml.MoMLSimpleApplication@50dffe75
----------------- Done invoking toplevel() on ptolemy.moml.MoMLSimpleApplication@50dffe75
reloadAllAccessors: .functionClosureTest5

===========================================================================================
----------------- testing Mon Jun 29 15:15:15 UTC 2020 /home/travis/build/icyphy/ptII/ptolemy/actor/lib/test/auto/functionClosureTest6.xml
----------------- Instantiating /home/travis/build/icyphy/ptII/ptolemy/actor/lib/test/auto/functionClosureTest6.xml
1 ms. Memory: 550912K Free: 454659K (83%)
----------------- Invoking toplevel() on ptolemy.moml.MoMLSimpleApplication@165cec33
----------------- Done invoking toplevel() on ptolemy.moml.MoMLSimpleApplication@165cec33
reloadAllAccessors: .functionClosureTest6

===========================================================================================
----------------- testing Mon Jun 29 15:15:15 UTC 2020 /home/travis/build/icyphy/ptII/ptolemy/actor/lib/test/auto/functionsOnArcs.xml
----------------- Instantiating /home/travis/build/icyphy/ptII/ptolemy/actor/lib/test/auto/functionsOnArcs.xml
2 ms. Memory: 550912K Free: 449546K (82%)
----------------- Invoking toplevel() on ptolemy.moml.MoMLSimpleApplication@6435c424
----------------- Done invoking toplevel() on ptolemy.moml.MoMLSimpleApplication@6435c424
reloadAllAccessors: .functionsOnArcs

===========================================================================================
----------------- testing Mon Jun 29 15:15:15 UTC 2020 /home/travis/build/icyphy/ptII/ptolemy/actor/lib/test/auto/functionsOnArcsHOF.xml
----------------- Instantiating /home/travis/build/icyphy/ptII/ptolemy/actor/lib/test/auto/functionsOnArcsHOF.xml
2 ms. Memory: 550912K Free: 443916K (81%)
----------------- Invoking toplevel() on ptolemy.moml.MoMLSimpleApplication@69fb1fd5
----------------- Done invoking toplevel() on ptolemy.moml.MoMLSimpleApplication@69fb1fd5
reloadAllAccessors: .functionsOnArcsHOF

===========================================================================================
----------------- testing Mon Jun 29 15:15:15 UTC 2020 /home/travis/build/icyphy/ptII/ptolemy/actor/lib/test/auto/logic.xml
----------------- Instantiating /home/travis/build/icyphy/ptII/ptolemy/actor/lib/test/auto/logic.xml
2 ms. Memory: 550912K Free: 436234K (79%)
----------------- Invoking toplevel() on ptolemy.moml.MoMLSimpleApplication@310d436
----------------- Done invoking toplevel() on ptolemy.moml.MoMLSimpleApplication@310d436
reloadAllAccessors: .logic

===========================================================================================
----------------- testing Mon Jun 29 15:15:15 UTC 2020 /home/travis/build/icyphy/ptII/ptolemy/actor/lib/test/auto/matrixType.xml
----------------- Instantiating /home/travis/build/icyphy/ptII/ptolemy/actor/lib/test/auto/matrixType.xml
1 ms. Memory: 550912K Free: 431099K (78%)
----------------- Invoking toplevel() on ptolemy.moml.MoMLSimpleApplication@53c52fde
----------------- Done invoking toplevel() on ptolemy.moml.MoMLSimpleApplication@53c52fde
reloadAllAccessors: .matrixType

===========================================================================================
----------------- testing Mon Jun 29 15:15:15 UTC 2020 /home/travis/build/icyphy/ptII/ptolemy/actor/lib/test/auto/matrixType10.xml
----------------- Instantiating /home/travis/build/icyphy/ptII/ptolemy/actor/lib/test/auto/matrixType10.xml
1 ms. Memory: 550912K Free: 426508K (77%)
----------------- Invoking toplevel() on ptolemy.moml.MoMLSimpleApplication@3d0157d9
----------------- Done invoking toplevel() on ptolemy.moml.MoMLSimpleApplication@3d0157d9
reloadAllAccessors: .matrixType10

===========================================================================================
----------------- testing Mon Jun 29 15:15:15 UTC 2020 /home/travis/build/icyphy/ptII/ptolemy/actor/lib/test/auto/matrixType11.xml
----------------- Instantiating /home/travis/build/icyphy/ptII/ptolemy/actor/lib/test/auto/matrixType11.xml
1 ms. Memory: 550912K Free: 421388K (76%)
----------------- Invoking toplevel() on ptolemy.moml.MoMLSimpleApplication@774b7f66
----------------- Done invoking toplevel() on ptolemy.moml.MoMLSimpleApplication@774b7f66
reloadAllAccessors: .matrixType11

===========================================================================================
----------------- testing Mon Jun 29 15:15:15 UTC 2020 /home/travis/build/icyphy/ptII/ptolemy/actor/lib/test/auto/matrixType12.xml
----------------- Instantiating /home/travis/build/icyphy/ptII/ptolemy/actor/lib/test/auto/matrixType12.xml
1 ms. Memory: 550912K Free: 416778K (76%)
----------------- Invoking toplevel() on ptolemy.moml.MoMLSimpleApplication@565e8fd1
----------------- Done invoking toplevel() on ptolemy.moml.MoMLSimpleApplication@565e8fd1
reloadAllAccessors: .matrixType12

===========================================================================================
----------------- testing Mon Jun 29 15:15:15 UTC 2020 /home/travis/build/icyphy/ptII/ptolemy/actor/lib/test/auto/matrixType13.xml
----------------- Instantiating /home/travis/build/icyphy/ptII/ptolemy/actor/lib/test/auto/matrixType13.xml
1 ms. Memory: 550912K Free: 411658K (75%)
----------------- Invoking toplevel() on ptolemy.moml.MoMLSimpleApplication@71c1471a
----------------- Done invoking toplevel() on ptolemy.moml.MoMLSimpleApplication@71c1471a
reloadAllAccessors: .matrixType13

===========================================================================================
----------------- testing Mon Jun 29 15:15:15 UTC 2020 /home/travis/build/icyphy/ptII/ptolemy/actor/lib/test/auto/matrixType14.xml
----------------- Instantiating /home/travis/build/icyphy/ptII/ptolemy/actor/lib/test/auto/matrixType14.xml
1 ms. Memory: 550912K Free: 406538K (74%)
----------------- Invoking toplevel() on ptolemy.moml.MoMLSimpleApplication@70cb289d
----------------- Done invoking toplevel() on ptolemy.moml.MoMLSimpleApplication@70cb289d
reloadAllAccessors: .matrixType14

===========================================================================================
----------------- testing Mon Jun 29 15:15:15 UTC 2020 /home/travis/build/icyphy/ptII/ptolemy/actor/lib/test/auto/matrixType2.xml
----------------- Instantiating /home/travis/build/icyphy/ptII/ptolemy/actor/lib/test/auto/matrixType2.xml
1 ms. Memory: 550912K Free: 401418K (73%)
----------------- Invoking toplevel() on ptolemy.moml.MoMLSimpleApplication@2f19f7db
----------------- Done invoking toplevel() on ptolemy.moml.MoMLSimpleApplication@2f19f7db
reloadAllAccessors: .matrixType2

===========================================================================================
----------------- testing Mon Jun 29 15:15:15 UTC 2020 /home/travis/build/icyphy/ptII/ptolemy/actor/lib/test/auto/matrixType3.xml
----------------- Instantiating /home/travis/build/icyphy/ptII/ptolemy/actor/lib/test/auto/matrixType3.xml
3 ms. Memory: 550912K Free: 396298K (72%)
----------------- Invoking toplevel() on ptolemy.moml.MoMLSimpleApplication@7370e281
----------------- Done invoking toplevel() on ptolemy.moml.MoMLSimpleApplication@7370e281
reloadAllAccessors: .matrixType3

===========================================================================================
----------------- testing Mon Jun 29 15:15:15 UTC 2020 /home/travis/build/icyphy/ptII/ptolemy/actor/lib/test/auto/matrixType4.xml
----------------- Instantiating /home/travis/build/icyphy/ptII/ptolemy/actor/lib/test/auto/matrixType4.xml
2 ms. Memory: 550912K Free: 391692K (71%)
----------------- Invoking toplevel() on ptolemy.moml.MoMLSimpleApplication@691f5c04
----------------- Done invoking toplevel() on ptolemy.moml.MoMLSimpleApplication@691f5c04
reloadAllAccessors: .matrixType4

===========================================================================================
----------------- testing Mon Jun 29 15:15:15 UTC 2020 /home/travis/build/icyphy/ptII/ptolemy/actor/lib/test/auto/matrixType5.xml
----------------- Instantiating /home/travis/build/icyphy/ptII/ptolemy/actor/lib/test/auto/matrixType5.xml
1 ms. Memory: 550912K Free: 387082K (70%)
----------------- Invoking toplevel() on ptolemy.moml.MoMLSimpleApplication@23118272
----------------- Done invoking toplevel() on ptolemy.moml.MoMLSimpleApplication@23118272
reloadAllAccessors: .matrixType5

===========================================================================================
----------------- testing Mon Jun 29 15:15:15 UTC 2020 /home/travis/build/icyphy/ptII/ptolemy/actor/lib/test/auto/matrixType6.xml
----------------- Instantiating /home/travis/build/icyphy/ptII/ptolemy/actor/lib/test/auto/matrixType6.xml
1 ms. Memory: 550912K Free: 381962K (69%)
----------------- Invoking toplevel() on ptolemy.moml.MoMLSimpleApplication@14e56a9f
----------------- Done invoking toplevel() on ptolemy.moml.MoMLSimpleApplication@14e56a9f
reloadAllAccessors: .matrixType6

===========================================================================================
----------------- testing Mon Jun 29 15:15:15 UTC 2020 /home/travis/build/icyphy/ptII/ptolemy/actor/lib/test/auto/matrixType7.xml
----------------- Instantiating /home/travis/build/icyphy/ptII/ptolemy/actor/lib/test/auto/matrixType7.xml
1 ms. Memory: 550912K Free: 377356K (68%)
----------------- Invoking toplevel() on ptolemy.moml.MoMLSimpleApplication@234f674e
----------------- Done invoking toplevel() on ptolemy.moml.MoMLSimpleApplication@234f674e
reloadAllAccessors: .matrixType7

===========================================================================================
----------------- testing Mon Jun 29 15:15:15 UTC 2020 /home/travis/build/icyphy/ptII/ptolemy/actor/lib/test/auto/matrixType8.xml
----------------- Instantiating /home/travis/build/icyphy/ptII/ptolemy/actor/lib/test/auto/matrixType8.xml
1 ms. Memory: 550912K Free: 372236K (68%)
----------------- Invoking toplevel() on ptolemy.moml.MoMLSimpleApplication@6d77699b
----------------- Done invoking toplevel() on ptolemy.moml.MoMLSimpleApplication@6d77699b
reloadAllAccessors: .matrixType8

===========================================================================================
----------------- testing Mon Jun 29 15:15:15 UTC 2020 /home/travis/build/icyphy/ptII/ptolemy/actor/lib/test/auto/matrixType9.xml
----------------- Instantiating /home/travis/build/icyphy/ptII/ptolemy/actor/lib/test/auto/matrixType9.xml
1 ms. Memory: 550912K Free: 367626K (67%)
----------------- Invoking toplevel() on ptolemy.moml.MoMLSimpleApplication@68e19d28
----------------- Done invoking toplevel() on ptolemy.moml.MoMLSimpleApplication@68e19d28
reloadAllAccessors: .matrixType9

===========================================================================================
----------------- testing Mon Jun 29 15:15:15 UTC 2020 /home/travis/build/icyphy/ptII/ptolemy/actor/lib/test/auto/paraFunctest.xml
----------------- Instantiating /home/travis/build/icyphy/ptII/ptolemy/actor/lib/test/auto/paraFunctest.xml
1 ms. Memory: 550912K Free: 364044K (66%)
----------------- Invoking toplevel() on ptolemy.moml.MoMLSimpleApplication@1e25ac63
----------------- Done invoking toplevel() on ptolemy.moml.MoMLSimpleApplication@1e25ac63
reloadAllAccessors: .paraFunctest

===========================================================================================
----------------- testing Mon Jun 29 15:15:15 UTC 2020 /home/travis/build/icyphy/ptII/ptolemy/actor/lib/test/auto/paraFunctest2.xml
----------------- Instantiating /home/travis/build/icyphy/ptII/ptolemy/actor/lib/test/auto/paraFunctest2.xml
1 ms. Memory: 550912K Free: 359948K (65%)
----------------- Invoking toplevel() on ptolemy.moml.MoMLSimpleApplication@401d299
----------------- Done invoking toplevel() on ptolemy.moml.MoMLSimpleApplication@401d299
reloadAllAccessors: .paraFunctest2

===========================================================================================
----------------- testing Mon Jun 29 15:15:15 UTC 2020 /home/travis/build/icyphy/ptII/ptolemy/actor/lib/test/auto/parameterPassing.xml
----------------- Instantiating /home/travis/build/icyphy/ptII/ptolemy/actor/lib/test/auto/parameterPassing.xml
1 ms. Memory: 550912K Free: 355852K (65%)
----------------- Invoking toplevel() on ptolemy.moml.MoMLSimpleApplication@36eda414
----------------- Done invoking toplevel() on ptolemy.moml.MoMLSimpleApplication@36eda414
reloadAllAccessors: .parameterPassing

===========================================================================================
----------------- testing Mon Jun 29 15:15:15 UTC 2020 /home/travis/build/icyphy/ptII/ptolemy/actor/lib/test/auto/record.xml
----------------- Instantiating /home/travis/build/icyphy/ptII/ptolemy/actor/lib/test/auto/record.xml
2 ms. Memory: 550912K Free: 351242K (64%)
----------------- Invoking toplevel() on ptolemy.moml.MoMLSimpleApplication@28adaf84
----------------- Done invoking toplevel() on ptolemy.moml.MoMLSimpleApplication@28adaf84
reloadAllAccessors: .record

===========================================================================================
----------------- testing Mon Jun 29 15:15:15 UTC 2020 /home/travis/build/icyphy/ptII/ptolemy/actor/lib/test/auto/sizedarray1.xml
----------------- Instantiating /home/travis/build/icyphy/ptII/ptolemy/actor/lib/test/auto/sizedarray1.xml
1 ms. Memory: 550912K Free: 345612K (63%)
----------------- Invoking toplevel() on ptolemy.moml.MoMLSimpleApplication@3ee27c80
----------------- Done invoking toplevel() on ptolemy.moml.MoMLSimpleApplication@3ee27c80
reloadAllAccessors: .sizedarray1

===========================================================================================
----------------- testing Mon Jun 29 15:15:15 UTC 2020 /home/travis/build/icyphy/ptII/ptolemy/actor/lib/test/auto/sizedarray2.xml
----------------- Instantiating /home/travis/build/icyphy/ptII/ptolemy/actor/lib/test/auto/sizedarray2.xml
2 ms. Memory: 550912K Free: 340492K (62%)
----------------- Invoking toplevel() on ptolemy.moml.MoMLSimpleApplication@3deb1244
----------------- Done invoking toplevel() on ptolemy.moml.MoMLSimpleApplication@3deb1244
reloadAllAccessors: .sizedarray2

===========================================================================================
----------------- testing Mon Jun 29 15:15:15 UTC 2020 /home/travis/build/icyphy/ptII/ptolemy/actor/lib/test/auto/twoPublishers.xml
----------------- Instantiating /home/travis/build/icyphy/ptII/ptolemy/actor/lib/test/auto/twoPublishers.xml
5 ms. Memory: 550912K Free: 329738K (60%)
----------------- Invoking toplevel() on ptolemy.moml.MoMLSimpleApplication@172d4f5
----------------- Done invoking toplevel() on ptolemy.moml.MoMLSimpleApplication@172d4f5
reloadAllAccessors: .twoPublishers
AutoTests.java: About to close Vertx.
AutoTests.java: Vertx closed.
]]></system-out>
  <system-err><![CDATA[java.lang.RuntimeException: Execution failed
	at ptolemy.moml.MoMLSimpleApplication$UnloadThread.run(MoMLSimpleApplication.java:402)
Caused by: java.lang.RuntimeException: StringUtilities.exit() was called. Normally, we would exit here because Manager.exitAfterWrapup() was called.  However, because the ptolemy.ptII.exitAfterWrapup property is set, we throw this exception instead.
	at ptolemy.util.StringUtilities.exit(StringUtilities.java:365)
	at ptolemy.actor.Manager.wrapup(Manager.java:1549)
	at ptolemy.actor.Manager.execute(Manager.java:407)
	at ptolemy.actor.Manager.run(Manager.java:1263)
	at ptolemy.actor.Manager$PtolemyRunThread.run(Manager.java:1933)
Warning: '.top.test' is in training mode, set the trainingMode parameter to false before checking in
Warning: '.top.test' is in training mode, set the trainingMode parameter to false before checking in
Warning: '.top.test' is in training mode, set the trainingMode parameter to false before checking in
Warning: '.BooleanSwitch_RegressionTest_WrongTrainingValues.Test' is in training mode, set the trainingMode parameter to false before checking in
Warning: '.BooleanSwitch_RegressionTest_WrongTrainingValues.Test2' is in training mode, set the trainingMode parameter to false before checking in
Warning: '.BooleanSwitch_RegressionTest_WrongTrainingValues.Test2' The test produced 0 tokens.
Warning: '.top.testExceptionHandler' is in training mode, set the trainingMode parameter to false before checking in
java.lang.RuntimeException: Execution failed
	at ptolemy.moml.MoMLSimpleApplication$UnloadThread.run(MoMLSimpleApplication.java:402)
Caused by: ptolemy.kernel.util.IllegalActionException: PublisherPorts cannot be used at the top level, use a Publisher actor instead.
  in .PublisherPortToplevelSubscriber.PublisherPort
	at ptolemy.actor.PublisherPort.preinitialize(PublisherPort.java:403)
	at ptolemy.actor.CompositeActor.preinitialize(CompositeActor.java:1769)
	at ptolemy.actor.Manager.preinitializeAndResolveTypes(Manager.java:1040)
	at ptolemy.actor.Manager.initialize(Manager.java:710)
	at ptolemy.actor.Manager.execute(Manager.java:356)
	at ptolemy.actor.Manager.run(Manager.java:1263)
	at ptolemy.actor.Manager$PtolemyRunThread.run(Manager.java:1933)
java.lang.reflect.InvocationTargetException
	at java.base/jdk.internal.reflect.NativeConstructorAccessorImpl.newInstance0(Native Method)
	at java.base/jdk.internal.reflect.NativeConstructorAccessorImpl.newInstance(NativeConstructorAccessorImpl.java:62)
	at java.base/jdk.internal.reflect.DelegatingConstructorAccessorImpl.newInstance(DelegatingConstructorAccessorImpl.java:45)
	at java.base/java.lang.reflect.Constructor.newInstance(Constructor.java:490)
	at ptolemy.util.test.junit.AutoKnownFailedTests.RunModel(AutoKnownFailedTests.java:105)
	at java.base/jdk.internal.reflect.NativeMethodAccessorImpl.invoke0(Native Method)
	at java.base/jdk.internal.reflect.NativeMethodAccessorImpl.invoke(NativeMethodAccessorImpl.java:62)
	at java.base/jdk.internal.reflect.DelegatingMethodAccessorImpl.invoke(DelegatingMethodAccessorImpl.java:43)
	at java.base/java.lang.reflect.Method.invoke(Method.java:566)
	at org.junit.runners.model.FrameworkMethod$1.runReflectiveCall(FrameworkMethod.java:44)
	at org.junit.internal.runners.model.ReflectiveCallable.run(ReflectiveCallable.java:15)
	at org.junit.runners.model.FrameworkMethod.invokeExplosively(FrameworkMethod.java:41)
	at junitparams.internal.InvokeParameterisedMethod.evaluate(InvokeParameterisedMethod.java:102)
	at org.junit.internal.runners.statements.FailOnTimeout$1.run(FailOnTimeout.java:28)
Caused by: ptolemy.kernel.util.IllegalActionException: PublisherPorts cannot be used at the top level, use a Publisher actor instead.
  in .PublisherPortToplevelSubscriber.PublisherPort
	at ptolemy.actor.PublisherPort.preinitialize(PublisherPort.java:403)
	at ptolemy.actor.CompositeActor.preinitialize(CompositeActor.java:1769)
	at ptolemy.actor.Manager.preinitializeAndResolveTypes(Manager.java:1040)
	at ptolemy.actor.Manager.initialize(Manager.java:710)
	at ptolemy.actor.Manager.execute(Manager.java:356)
	at ptolemy.actor.Manager.run(Manager.java:1263)
	at ptolemy.actor.Manager$PtolemyRunThread.run(Manager.java:1933)
java.lang.RuntimeException: Execution failed
	at ptolemy.moml.MoMLSimpleApplication$UnloadThread.run(MoMLSimpleApplication.java:402)
Caused by: ptolemy.kernel.util.IllegalActionException: SubscriberPorts cannot be used at the top level, use a Subscriber actor instead.
  in .PublisherSubscriberPortToplevel.SubscriberPort
	at ptolemy.actor.SubscriberPort.preinitialize(SubscriberPort.java:328)
	at ptolemy.actor.CompositeActor.preinitialize(CompositeActor.java:1769)
	at ptolemy.actor.Manager.preinitializeAndResolveTypes(Manager.java:1040)
	at ptolemy.actor.Manager.initialize(Manager.java:710)
	at ptolemy.actor.Manager.execute(Manager.java:356)
	at ptolemy.actor.Manager.run(Manager.java:1263)
	at ptolemy.actor.Manager$PtolemyRunThread.run(Manager.java:1933)
java.lang.reflect.InvocationTargetException
	at java.base/jdk.internal.reflect.NativeConstructorAccessorImpl.newInstance0(Native Method)
	at java.base/jdk.internal.reflect.NativeConstructorAccessorImpl.newInstance(NativeConstructorAccessorImpl.java:62)
	at java.base/jdk.internal.reflect.DelegatingConstructorAccessorImpl.newInstance(DelegatingConstructorAccessorImpl.java:45)
	at java.base/java.lang.reflect.Constructor.newInstance(Constructor.java:490)
	at ptolemy.util.test.junit.AutoKnownFailedTests.RunModel(AutoKnownFailedTests.java:105)
	at java.base/jdk.internal.reflect.NativeMethodAccessorImpl.invoke0(Native Method)
	at java.base/jdk.internal.reflect.NativeMethodAccessorImpl.invoke(NativeMethodAccessorImpl.java:62)
	at java.base/jdk.internal.reflect.DelegatingMethodAccessorImpl.invoke(DelegatingMethodAccessorImpl.java:43)
	at java.base/java.lang.reflect.Method.invoke(Method.java:566)
	at org.junit.runners.model.FrameworkMethod$1.runReflectiveCall(FrameworkMethod.java:44)
	at org.junit.internal.runners.model.ReflectiveCallable.run(ReflectiveCallable.java:15)
	at org.junit.runners.model.FrameworkMethod.invokeExplosively(FrameworkMethod.java:41)
	at junitparams.internal.InvokeParameterisedMethod.evaluate(InvokeParameterisedMethod.java:102)
	at org.junit.internal.runners.statements.FailOnTimeout$1.run(FailOnTimeout.java:28)
Caused by: ptolemy.kernel.util.IllegalActionException: SubscriberPorts cannot be used at the top level, use a Subscriber actor instead.
  in .PublisherSubscriberPortToplevel.SubscriberPort
	at ptolemy.actor.SubscriberPort.preinitialize(SubscriberPort.java:328)
	at ptolemy.actor.CompositeActor.preinitialize(CompositeActor.java:1769)
	at ptolemy.actor.Manager.preinitializeAndResolveTypes(Manager.java:1040)
	at ptolemy.actor.Manager.initialize(Manager.java:710)
	at ptolemy.actor.Manager.execute(Manager.java:356)
	at ptolemy.actor.Manager.run(Manager.java:1263)
	at ptolemy.actor.Manager$PtolemyRunThread.run(Manager.java:1933)
java.lang.RuntimeException: Execution failed
	at ptolemy.moml.MoMLSimpleApplication$UnloadThread.run(MoMLSimpleApplication.java:402)
Caused by: ptolemy.kernel.util.IllegalActionException: SubscriptionAggregatorPorts cannot be used at the top level, use a SubscriptionAggregator actor instead.
  in .PublisherSubscriptionAggregatorPort.SubscriptionAggregatorPort
	at ptolemy.actor.SubscriptionAggregatorPort.preinitialize(SubscriptionAggregatorPort.java:353)
	at ptolemy.actor.CompositeActor.preinitialize(CompositeActor.java:1769)
	at ptolemy.actor.Manager.preinitializeAndResolveTypes(Manager.java:1040)
	at ptolemy.actor.Manager.initialize(Manager.java:710)
	at ptolemy.actor.Manager.execute(Manager.java:356)
	at ptolemy.actor.Manager.run(Manager.java:1263)
	at ptolemy.actor.Manager$PtolemyRunThread.run(Manager.java:1933)
java.lang.reflect.InvocationTargetException
	at java.base/jdk.internal.reflect.NativeConstructorAccessorImpl.newInstance0(Native Method)
	at java.base/jdk.internal.reflect.NativeConstructorAccessorImpl.newInstance(NativeConstructorAccessorImpl.java:62)
	at java.base/jdk.internal.reflect.DelegatingConstructorAccessorImpl.newInstance(DelegatingConstructorAccessorImpl.java:45)
	at java.base/java.lang.reflect.Constructor.newInstance(Constructor.java:490)
	at ptolemy.util.test.junit.AutoKnownFailedTests.RunModel(AutoKnownFailedTests.java:105)
	at java.base/jdk.internal.reflect.NativeMethodAccessorImpl.invoke0(Native Method)
	at java.base/jdk.internal.reflect.NativeMethodAccessorImpl.invoke(NativeMethodAccessorImpl.java:62)
	at java.base/jdk.internal.reflect.DelegatingMethodAccessorImpl.invoke(DelegatingMethodAccessorImpl.java:43)
	at java.base/java.lang.reflect.Method.invoke(Method.java:566)
	at org.junit.runners.model.FrameworkMethod$1.runReflectiveCall(FrameworkMethod.java:44)
	at org.junit.internal.runners.model.ReflectiveCallable.run(ReflectiveCallable.java:15)
	at org.junit.runners.model.FrameworkMethod.invokeExplosively(FrameworkMethod.java:41)
	at junitparams.internal.InvokeParameterisedMethod.evaluate(InvokeParameterisedMethod.java:102)
	at org.junit.internal.runners.statements.FailOnTimeout$1.run(FailOnTimeout.java:28)
Caused by: ptolemy.kernel.util.IllegalActionException: SubscriptionAggregatorPorts cannot be used at the top level, use a SubscriptionAggregator actor instead.
  in .PublisherSubscriptionAggregatorPort.SubscriptionAggregatorPort
	at ptolemy.actor.SubscriptionAggregatorPort.preinitialize(SubscriptionAggregatorPort.java:353)
	at ptolemy.actor.CompositeActor.preinitialize(CompositeActor.java:1769)
	at ptolemy.actor.Manager.preinitializeAndResolveTypes(Manager.java:1040)
	at ptolemy.actor.Manager.initialize(Manager.java:710)
	at ptolemy.actor.Manager.execute(Manager.java:356)
	at ptolemy.actor.Manager.run(Manager.java:1263)
	at ptolemy.actor.Manager$PtolemyRunThread.run(Manager.java:1933)
java.lang.RuntimeException: Execution failed
	at ptolemy.moml.MoMLSimpleApplication$UnloadThread.run(MoMLSimpleApplication.java:402)
Caused by: ptolemy.kernel.util.IllegalActionException: TypeTest actor has no training data.
  in .sizedarray3.TypeTest
	at ptolemy.actor.lib.TypeTest.initialize(TypeTest.java:250)
	at ptolemy.actor.Director.initialize(Director.java:938)
	at ptolemy.actor.Director.initialize(Director.java:907)
	at ptolemy.actor.sched.StaticSchedulingDirector.initialize(StaticSchedulingDirector.java:159)
	at ptolemy.domains.sdf.kernel.SDFDirector.initialize(SDFDirector.java:544)
	at ptolemy.actor.CompositeActor.initialize(CompositeActor.java:935)
	at ptolemy.actor.Manager.initialize(Manager.java:724)
	at ptolemy.actor.Manager.execute(Manager.java:356)
	at ptolemy.actor.Manager.run(Manager.java:1263)
	at ptolemy.actor.Manager$PtolemyRunThread.run(Manager.java:1933)
java.lang.reflect.InvocationTargetException
	at java.base/jdk.internal.reflect.NativeConstructorAccessorImpl.newInstance0(Native Method)
	at java.base/jdk.internal.reflect.NativeConstructorAccessorImpl.newInstance(NativeConstructorAccessorImpl.java:62)
	at java.base/jdk.internal.reflect.DelegatingConstructorAccessorImpl.newInstance(DelegatingConstructorAccessorImpl.java:45)
	at java.base/java.lang.reflect.Constructor.newInstance(Constructor.java:490)
	at ptolemy.util.test.junit.AutoKnownFailedTests.RunModel(AutoKnownFailedTests.java:105)
	at java.base/jdk.internal.reflect.NativeMethodAccessorImpl.invoke0(Native Method)
	at java.base/jdk.internal.reflect.NativeMethodAccessorImpl.invoke(NativeMethodAccessorImpl.java:62)
	at java.base/jdk.internal.reflect.DelegatingMethodAccessorImpl.invoke(DelegatingMethodAccessorImpl.java:43)
	at java.base/java.lang.reflect.Method.invoke(Method.java:566)
	at org.junit.runners.model.FrameworkMethod$1.runReflectiveCall(FrameworkMethod.java:44)
	at org.junit.internal.runners.model.ReflectiveCallable.run(ReflectiveCallable.java:15)
	at org.junit.runners.model.FrameworkMethod.invokeExplosively(FrameworkMethod.java:41)
	at junitparams.internal.InvokeParameterisedMethod.evaluate(InvokeParameterisedMethod.java:102)
	at org.junit.internal.runners.statements.FailOnTimeout$1.run(FailOnTimeout.java:28)
Caused by: ptolemy.kernel.util.IllegalActionException: TypeTest actor has no training data.
  in .sizedarray3.TypeTest
	at ptolemy.actor.lib.TypeTest.initialize(TypeTest.java:250)
	at ptolemy.actor.Director.initialize(Director.java:938)
	at ptolemy.actor.Director.initialize(Director.java:907)
	at ptolemy.actor.sched.StaticSchedulingDirector.initialize(StaticSchedulingDirector.java:159)
	at ptolemy.domains.sdf.kernel.SDFDirector.initialize(SDFDirector.java:544)
	at ptolemy.actor.CompositeActor.initialize(CompositeActor.java:935)
	at ptolemy.actor.Manager.initialize(Manager.java:724)
	at ptolemy.actor.Manager.execute(Manager.java:356)
	at ptolemy.actor.Manager.run(Manager.java:1263)
	at ptolemy.actor.Manager$PtolemyRunThread.run(Manager.java:1933)
]]></system-err>
</testsuite>
