<?xml version="1.0" encoding="UTF-8" ?>
<testsuite errors="1" failures="0" hostname="travis-job-d15d8daa-ef1b-41dc-ba6f-bb050b956591" name="ptolemy.actor.lib.test.junit.JUnitTclTest" skipped="0" tests="517" time="59.822" timestamp="2020-03-11T07:19:01">
  <properties>
    <property name="npm.executable" value="npm" />
    <property name="env.TRAVIS_ROOT" value="/" />
    <property name="ptII.mk.exists" value="true" />
    <property name="env.TRAVIS_APP_HOST" value="build.travis-ci.org" />
    <property name="env.rvm_bin_path" value="/home/travis/.rvm/bin" />
    <property name="java.home" value="/usr/local/lib/jvm/openjdk11" />
    <property name="env.TRAVIS_JOB_NUMBER" value="1566.8" />
    <property name="env.TRAVIS_HOME" value="/home/travis" />
    <property name="env.DISPLAY" value=":99.0" />
    <property name="env.TRAVIS_INIT" value="systemd" />
    <property name="env.SSH_TTY" value="/dev/pts/0" />
    <property name="java.net.preferIPv4Stack" value="true" />
    <property name="env.RUN_TESTS" value="true" />
    <property name="timeout.short" value="1000000" />
    <property name="junit.formatter" value="xml" />
    <property name="env.TRAVIS_SUDO" value="true" />
    <property name="env.TRAVIS_JOB_NAME" value="" />
    <property name="env.TRAVIS_STACK_NODE_ATTRIBUTES" value="/.node-attributes.yml" />
    <property name="env.LOGNAME" value="travis" />
    <property name="env.PT_TRAVIS_TEST_CORE1_XML" value="true" />
    <property name="jsdoc.home" value="node_modules/@terraswarm/jsdoc" />
    <property name="debuglevel" value="source,lines,vars" />
    <property name="checkstyle.formatter" value="xml" />
    <property name="env._system_version" value="16.04" />
    <property name="bin.vergil.makeable" value="true" />
    <property name="sun.os.patch.level" value="unknown" />
    <property name="java.vendor.url" value="http://java.oracle.com/" />
    <property name="env.TRAVIS_BUILD_WEB_URL" value="https://travis-ci.org/icyphy/ptII/builds/660949104" />
    <property name="java.version" value="11.0.2" />
    <property name="env.TZ" value="UTC" />
    <property name="env.TRAVIS_PULL_REQUEST_SHA" value="" />
    <property name="env.PT_NO_NET" value="true" />
    <property name="env.TRAVIS_SECURE_ENV_VARS" value="true" />
    <property name="env._system_type" value="Linux" />
    <property name="java.vendor.url.bug" value="http://bugreport.java.com/bugreport/" />
    <property name="npmjs-org-is-up" value="true" />
    <property name="env.LANGUAGE" value="en_US.UTF-8" />
    <property name="env.SSH_CLIENT" value="10.16.3.35 35592 22" />
    <property name="env.GEM_HOME" value="/home/travis/.rvm/gems/ruby-2.5.3" />
    <property name="env.HAS_ANTARES_THREE_LITTLE_FRONZIES_BADGE" value="true" />
    <property name="java.version.date" value="2019-01-15" />
    <property name="env.PS4" value="+" />
    <property name="ant.project.invoked-targets" value="build,test.core1.xml" />
    <property name="env.TRAVIS_PULL_REQUEST_BRANCH" value="" />
    <property name="env.TRAVIS_REPO_SLUG" value="icyphy/ptII" />
    <property name="env.XDG_DATA_DIRS" value="/usr/local/share:/usr/share:/var/lib/snapd/desktop" />
    <property name="jdk.debug" value="release" />
    <property name="env.TRAVIS_APT_PROXY" value="http://build-cache.travisci.net" />
    <property name="env.TRAVIS_CPU_ARCH" value="amd64" />
    <property name="node.in.path" value="true" />
    <property name="user.name" value="travis" />
    <property name="java.maxmemory" value="1400m" />
    <property name="env.RUBY_VERSION" value="ruby-2.5.3" />
    <property name="env.LANG" value="en_US.UTF-8" />
    <property name="sun.io.unicode.encoding" value="UnicodeLittle" />
    <property name="sun.jnu.encoding" value="UTF-8" />
    <property name="java.runtime.name" value="OpenJDK Runtime Environment" />
    <property name="usefile" value="false" />
    <property name="return.code" value="0" />
    <property name="junit.single.formatter" value="plain" />
    <property name="env.DYLD_LIBRARY_PATH" value="/home/travis/pthla/certi-tools/lib:" />
    <property name="env.DEBIAN_FRONTEND" value="noninteractive" />
    <property name="env.SSH_CONNECTION" value="10.16.3.35 35592 10.20.1.14 22" />
    <property name="env.MYSQL_UNIX_PORT" value="/var/run/mysqld/mysqld.sock" />
    <property name="env.LC_ALL" value="en_US.UTF-8" />
    <property name="env.TRAVIS_ALLOW_FAILURE" value="false" />
    <property name="env.TRAVIS_JOB_WEB_URL" value="https://travis-ci.org/icyphy/ptII/jobs/660949112" />
    <property name="java.specification.name" value="Java Platform API Specification" />
    <property name="node.works" value="true" />
    <property name="user.timezone" value="" />
    <property name="path.separator" value=":" />
    <property name="env.TRAVIS_ENABLE_INFRA_DETECTION" value="true" />
    <property name="env.PYTHON_CFLAGS" value="-g -fstack-protector --param=ssp-buffer-size=4 -Wformat -Werror=format-security" />
    <property name="timeout.long" value="4000000" />
    <property name="env.CERTI_HOME" value="/home/travis/pthla/certi-tools" />
    <property name="ant.file.ptII" value="/home/travis/build/icyphy/ptII/build.xml" />
    <property name="javadoc.packagenames" value="com.*,diva.*,lbnl.*,org.hlacerti.*,org.json.*,org.ptolemy.*,org.terraswarm.*,ptolemy.*,ptserver.*" />
    <property name="file.encoding" value="UTF-8" />
    <property name="env.TRAVIS_PULL_REQUEST_SLUG" value="" />
    <property name="ant.project.default-target" value="build" />
    <property name="env.GIT_ASKPASS" value="echo" />
    <property name="env.HOME" value="/home/travis" />
    <property name="sun.java.command" value="org.apache.tools.ant.taskdefs.optional.junit.JUnitTestRunner ptolemy.actor.lib.test.junit.JUnitTclTest skipNonTests=false filtertrace=true haltOnError=false haltOnFailure=false formatter=org.apache.tools.ant.taskdefs.optional.junit.OutErrSummaryJUnitResultFormatter showoutput=true outputtoformatters=true logfailedtests=true threadid=0 logtestlistenerevents=false formatter=org.apache.tools.ant.taskdefs.optional.junit.XMLJUnitResultFormatter,/home/travis/build/icyphy/ptII/reports/junit/TEST-ptolemy.actor.lib.test.junit.JUnitTclTest.xml crashfile=/home/travis/build/icyphy/ptII/junitvmwatcher5795928884276282931.properties propsfile=/home/travis/build/icyphy/ptII/junit9828352412599877951.properties" />
    <property name="env.COMPOSER_NO_INTERACTION" value="1" />
    <property name="env.MANPATH" value="/home/travis/.nvm/versions/node/v7.10.1/share/man:/home/travis/.rvm/rubies/ruby-2.5.3/share/man:/usr/local/cmake-3.12.4/man:/usr/local/clang-7.0.0/share/man:/usr/local/man:/usr/local/share/man:/usr/share/man:/home/travis/.rvm/man" />
    <property name="env.TRAVIS_TIMER_ID" value="07fb75e3" />
    <property name="ant.file" value="/home/travis/build/icyphy/ptII/build.xml" />
    <property name="env.TRAVIS_COMMIT_RANGE" value="b0b7595e7e282c72b49bdde78eb77cb938632839...3e950cfe0f3c004454147d0a7dfedd7f8d8e77cc" />
    <property name="env._system_name" value="Ubuntu" />
    <property name="ptII.classpath.optional.property" value="/home/travis/build/icyphy/ptII/lib/bsh-2.0b4.jar:/home/travis/build/icyphy/ptII/lib/ptCal.jar:/home/travis/build/icyphy/ptII/lib/java_cup.jar:/home/travis/build/icyphy/ptII/lib/saxon8.jar:/home/travis/build/icyphy/ptII/lib/saxon8-dom.jar:/home/travis/build/icyphy/ptII/lib/chic.jar:/home/travis/build/icyphy/ptII/lib/ptcolt.jar:/home/travis/build/icyphy/ptII/vendors/misc/itext/iText.jar:/home/travis/build/icyphy/ptII/lib/g4ltl.jar:/home/travis/build/icyphy/ptII/lib/StructuralCoder.jar:/home/travis/build/icyphy/ptII/lib/jcerti.jar:/home/travis/build/icyphy/ptII/lib/javax.mail.jar:/home/travis/build/icyphy/ptII/vendors/JMF-2.1.1e/lib/jmf.jar:/home/travis/build/icyphy/ptII/lib/jna-4.0.0-variadic.jar:/home/travis/build/icyphy/ptII/vendors/misc/joystick/Joystick.jar:/home/travis/build/icyphy/ptII/lib/ptjacl.jar:/home/travis/build/icyphy/ptII/lib/jsoup-1.8.2.jar:/home/travis/build/icyphy/ptII/lib/junit-4.8.2.jar:/home/travis/build/icyphy/ptII/lib/JUnitParams-0.4.0.jar:/home/travis/build/icyphy/ptII/ptolemy/actor/lib/excel/jxl.jar:/home/travis/build/icyphy/ptII/lib/jython.jar:/home/travis/build/icyphy/ptII/lib/kieler.jar:/home/travis/build/icyphy/ptII/vendors/opencv/share/OpenCV/java/opencv-341.jar:/home/travis/build/icyphy/ptII/lib/oscP5.jar:/home/travis/build/icyphy/ptII/lib/nrjavaserial-3.11.0.devel.jar:/home/travis/build/icyphy/ptII/vendors/j3d/lib/Linux/j3dcore.jar:/home/travis/build/icyphy/ptII/vendors/j3d/lib/Linux/j3dutils.jar:/home/travis/build/icyphy/ptII/vendors/j3d/lib/Linux/vecmath.jar:/home/travis/build/icyphy/ptII/vendors/jogl/lib/Linux/gluegen-rt-natives-linux-amd64.jar:/home/travis/build/icyphy/ptII/vendors/jogl/lib/Linux/gluegen-rt.jar:/home/travis/build/icyphy/ptII/vendors/jogl/lib/Linux/jogl-all-natives-linux-amd64.jar:/home/travis/build/icyphy/ptII/vendors/jogl/lib/Linux/jogl-all.jar:/home/travis/build/icyphy/ptII/ptolemy/distributed/jini/jar/jini-core.jar:/home/travis/build/icyphy/ptII/ptolemy/distributed/jini/jar/jini-ext.jar:/home/travis/build/icyphy/ptII/ptolemy/distributed/jini/jar/sun-util.jar:/home/travis/build/icyphy/ptII/lib/protobuf-java-2.4.1.jar:/home/travis/build/icyphy/ptII/lib/org.eclipse.paho.client.mqttv3.jar:/home/travis/build/icyphy/ptII/lib/mapss.jar:/home/travis/build/icyphy/ptII/ptolemy/actor/ptalon/antlr/antlr.jar:/home/travis/build/icyphy/ptII/lib/JRI.jar:/home/travis/build/icyphy/ptII/lib/commons-lang-2.6.jar:/home/travis/build/icyphy/ptII/lib/commons-logging-1.1.1.jar:/home/travis/build/icyphy/ptII/lib/sootclasses.jar:/home/travis/build/icyphy/ptII/ptolemy/actor/lib/database/mysql-connector-java-5.1.6-bin.jar:/home/travis/build/icyphy/ptII/vendors/misc/sphinx4/sphinx4-data-5prealpha.jar:/home/travis/build/icyphy/ptII/vendors/misc/sphinx4/sphinx4-core-5prealpha.jar:/home/travis/build/icyphy/ptII/lib/PDFRenderer.jar:/home/travis/build/icyphy/ptII/lib/svgSalamander.jar:/home/travis/build/icyphy/ptII/lib/rsyntaxtextarea-2.6.0-SNAPSHOT.jar:/home/travis/build/icyphy/ptII/lib/hazelcast-3.8.2.jar:/home/travis/build/icyphy/ptII/lib/jackson-annotations-2.9.0.jar:/home/travis/build/icyphy/ptII/lib/jackson-core-2.9.3.jar:/home/travis/build/icyphy/ptII/lib/jackson-databind-2.9.3.jar:/home/travis/build/icyphy/ptII/lib/netty-buffer-4.1.19.Final.jar:/home/travis/build/icyphy/ptII/lib/netty-codec-4.1.19.Final.jar:/home/travis/build/icyphy/ptII/lib/netty-codec-dns-4.1.19.Final.jar:/home/travis/build/icyphy/ptII/lib/netty-codec-http-4.1.19.Final.jar:/home/travis/build/icyphy/ptII/lib/netty-codec-http2-4.1.19.Final.jar:/home/travis/build/icyphy/ptII/lib/netty-common-4.1.19.Final.jar:/home/travis/build/icyphy/ptII/lib/netty-handler-4.1.19.Final.jar:/home/travis/build/icyphy/ptII/lib/netty-resolver-4.1.19.Final.jar:/home/travis/build/icyphy/ptII/lib/netty-resolver-dns-4.1.19.Final.jar:/home/travis/build/icyphy/ptII/lib/netty-transport-4.1.19.Final.jar:/home/travis/build/icyphy/ptII/lib/vertx-codegen-3.5.1.jar:/home/travis/build/icyphy/ptII/lib/vertx-core-3.5.2-SNAPSHOT.jar:/home/travis/build/icyphy/ptII/lib/vertx-hazelcast-3.5.1.jar:/home/travis/build/icyphy/ptII/lib/vertx-lang-js-3.5.1.jar:/home/travis/build/icyphy/ptII/lib/vertx-service-proxy-3.5.1.jar:/home/travis/build/icyphy/ptII/lib/vertx-web-3.5.1.jar:/home/travis/build/icyphy/ptII/lib/slf4j-api-1.7.13.jar:/home/travis/build/icyphy/ptII/lib/slf4j-simple-1.7.13.jar:/home/travis/build/icyphy/ptII/lib/webcam-capture-0.3.12.jar:/home/travis/build/icyphy/ptII/lib/bridj-0.7.0.jar:/home/travis/build/icyphy/ptII/lib/xbjlib-1.1.0.nrjavaserial.jar" />
    <property name="timeout" value="2400000" />
    <property name="test.batch" value="**/junit/*.java" />
    <property name="env._" value="/usr/bin/timeout" />
    <property name="java.io.tmpdir" value="/tmp" />
    <property name="user.language" value="en" />
    <property name="env.TRAVIS_INTERNAL_RUBY_REGEX" value="^ruby-(2\.[0-4]\.[0-9]|1\.9\.3)" />
    <property name="env.HISTCONTROL" value="ignoredups:ignorespace" />
    <property name="env.GOROOT" value="/home/travis/.gimme/versions/go1.11.1.linux.amd64" />
    <property name="line.separator" value="&#xa;" />
    <property name="target" value="11" />
    <property name="env.TRAVIS_BUILD_DIR" value="/home/travis/build/icyphy/ptII" />
    <property name="env.ANT_OPTS" value="-Xmx2048m" />
    <property name="ant.file.type" value="file" />
    <property name="ptolemy.ptII.batchMode" value="true" />
    <property name="env.HISTSIZE" value="1000" />
    <property name="env.MERB_ENV" value="test" />
    <property name="java.vm.info" value="mixed mode" />
    <property name="source" value="11" />
    <property name="java.vm.specification.name" value="Java Virtual Machine Specification" />
    <property name="env.TRAVIS_TEST_RESULT" value="0" />
    <property name="jsdoc.command" value="node_modules/@terraswarm/jsdoc/jsdoc.js" />
    <property name="npm.works" value="true" />
    <property name="cobertura.dir" value="/home/travis/build/icyphy/ptII/vendors/cobertura-2.0.3" />
    <property name="jsdoc.command.exists" value="true" />
    <property name="env.rvm_path" value="/home/travis/.rvm" />
    <property name="env.GEM_PATH" value="/home/travis/.rvm/gems/ruby-2.5.3:/home/travis/.rvm/gems/ruby-2.5.3@global" />
    <property name="env.LC_CTYPE" value="en_US.UTF-8" />
    <property name="env.TRAVIS_CMD" value="$PTII/bin/ptIITravisBuild.sh $SECONDS" />
    <property name="java.awt.printerjob" value="sun.print.PSPrinterJob" />
    <property name="env.TRAVIS_STACK_NAME" value="sardonyx" />
    <property name="env.TRAVIS_TIMER_START_TIME" value="1583910529396336138" />
    <property name="ant.version" value="Apache Ant(TM) version 1.10.1 compiled on February 2 2017" />
    <property name="ptII.reports" value="/home/travis/build/icyphy/ptII/reports" />
    <property name="env.TRAVIS_STACK_TIMESTAMP" value="2019-03-25 16:16:56 UTC" />
    <property name="ant.file.type.ptII" value="file" />
    <property name="env.RBENV_SHELL" value="bash" />
    <property name="os.name" value="Linux" />
    <property name="java.specification.vendor" value="Oracle Corporation" />
    <property name="env.rvm_version" value="1.29.7 (latest)" />
    <property name="env.TRAVIS_INFRA" value="unknown" />
    <property name="env.TERM" value="xterm" />
    <property name="java.vm.name" value="OpenJDK 64-Bit Server VM" />
    <property name="env.TRAVIS_BUILD_NUMBER" value="1566" />
    <property name="env.CI" value="true" />
    <property name="java.library.path" value="/home/travis/pthla/certi-tools/lib:/usr/lib/jni:/usr/local/share/OpenCV/java/:/usr/share/OpenCV/java::/usr/java/packages/lib:/usr/lib64:/lib64:/lib:/usr/lib" />
    <property name="jdk.module.path" value="/home/travis/build/icyphy/ptII/vendors/javafx/javafx-sdk-11.0.2/lib:" />
    <property name="env.rvm_prefix" value="/home/travis" />
    <property name="env.PATH" value="/home/travis/pthla/certi-tools/share/scripts:/home/travis/.rvm/gems/ruby-2.5.3/bin:/home/travis/.rvm/gems/ruby-2.5.3@global/bin:/home/travis/.rvm/rubies/ruby-2.5.3/bin:/home/travis/.rvm/bin:/home/travis/.nvm/versions/node/v7.10.1/bin:./node_modules/.bin:/home/travis/build/icyphy/ptII/bin:/home/travis/pthla/certi-tools/bin:/home/travis/bin:/home/travis/.local/bin:/usr/local/lib/jvm/openjdk11/bin:/opt/pyenv/shims:/home/travis/.phpenv/shims:/home/travis/perl5/perlbrew/bin:/home/travis/gopath/bin:/home/travis/.gimme/versions/go1.11.1.linux.amd64/bin:/usr/local/maven-3.6.0/bin:/usr/local/cmake-3.12.4/bin:/usr/local/clang-7.0.0/bin:/usr/local/sbin:/usr/local/bin:/usr/sbin:/usr/bin:/sbin:/bin:/snap/bin:/home/travis/.phpenv/bin:/opt/pyenv/bin:/home/travis/.yarn/bin" />
    <property name="env.TRAVIS_OS_NAME" value="linux" />
    <property name="ant.java.version" value="9" />
    <property name="basedir" value="/home/travis/build/icyphy/ptII" />
    <property name="java.class.version" value="55.0" />
    <property name="env.SHLVL" value="3" />
    <property name="env.LD_LIBRARY_PATH" value="/home/travis/pthla/certi-tools/lib:/usr/lib/jni:/usr/local/share/OpenCV/java/:/usr/share/OpenCV/java:" />
    <property name="env.RACK_ENV" value="test" />
    <property name="ant.home" value="/home/travis/build/icyphy/ptII/ant" />
    <property name="env.NVM_DIR" value="/home/travis/.nvm" />
    <property name="env.CERTI_FOM_PATH" value="/home/travis/pthla/certi-tools/share/federations" />
    <property name="env.TRAVIS_BUILD_ID" value="660949104" />
    <property name="env.PYENV_ROOT" value="/opt/pyenv" />
    <property name="env.TRAVIS_UID" value="2000" />
    <property name="prism.verbose" value="true" />
    <property name="env.NVM_BIN" value="/home/travis/.nvm/versions/node/v7.10.1/bin" />
    <property name="env.TRAVIS_COMMIT" value="3e950cfe0f3c004454147d0a7dfedd7f8d8e77cc" />
    <property name="env._system_arch" value="x86_64" />
    <property name="node.executable" value="node" />
    <property name="sun.boot.library.path" value="/usr/local/lib/jvm/openjdk11/lib" />
    <property name="sun.management.compiler" value="HotSpot 64-Bit Tiered Compilers" />
    <property name="java.awt.graphicsenv" value="sun.awt.X11GraphicsEnvironment" />
    <property name="env.GOPATH" value="/home/travis/gopath" />
    <property name="ptolemy.ptII.dir" value="/home/travis/build/icyphy/ptII" />
    <property name="env.USER" value="travis" />
    <property name="env.HISTFILESIZE" value="2000" />
    <property name="env.NVM_INC" value="/home/travis/.nvm/versions/node/v7.10.1/include/node" />
    <property name="timeout.longest" value="19000000" />
    <property name="env.PERLBREW_SHELLRC_VERSION" value="0.86" />
    <property name="env.TRAVIS_STACK_FEATURES" value="basic couchdb disabled-ipv6 docker docker-compose elasticsearch firefox go-toolchain google-chrome jdk memcached mongodb mysql nodejs_interpreter perl_interpreter perlbrew phantomjs postgresql python_interpreter redis ruby_interpreter sqlite xserver" />
    <property name="env.TRAVIS_PULL_REQUEST" value="false" />
    <property name="env.PYENV_SHELL" value="bash" />
    <property name="ant.project.name" value="ptII" />
    <property name="env.ANSI_RESET" value="\033[0m" />
    <property name="java.vm.specification.version" value="11" />
    <property name="env.TRAVIS_DIST" value="xenial" />
    <property name="env.CERTI_VERSION" value="4.0.0" />
    <property name="env.CERTI_HOST" value="localhost" />
    <property name="awt.toolkit" value="sun.awt.X11.XToolkit" />
    <property name="env.MY_RUBY_HOME" value="/home/travis/.rvm/rubies/ruby-2.5.3" />
    <property name="sun.cpu.isalist" value="" />
    <property name="env.TRAVIS_TMPDIR" value="/tmp/tmp.zSs3wWOfzV" />
    <property name="java.vm.compressedOopsMode" value="Zero based" />
    <property name="os.version" value="4.15.0-1028-gcp" />
    <property name="user.home" value="/home/travis" />
    <property name="java.vm.vendor" value="Oracle Corporation" />
    <property name="env.TRAVIS_TAG" value="nightly" />
    <property name="env.ANSI_YELLOW" value="\033[33;1m" />
    <property name="env.TRAVIS_FILTERED" value="redirect_io" />
    <property name="env.ANSI_GREEN" value="\033[32;1m" />
    <property name="env.JAVA_HOME" value="/usr/local/lib/jvm/openjdk11" />
    <property name="javadoc.excludepackagenames" value="adm.cvs2svn.*,build.*,config.*,doc.coding.templates.*,jni.test.jni.meaningOfLife.*,jni.test.jni.testDeux.*,jni.test.jni.testTrois.*,org.terraswarm.accessor.accessors.web.node_modules.*,org.terraswarm.accessor.accessors.web.hosts.cordova.demo.*,org.terraswarm.accessor.accessors.web.hosts.cordova.plugins.*,org.terraswarm.accessor.accessors-svn.*,pt-modules.*,ptolemy.apps.agilent.*,ptolemy.apps.anytimecontrol.*,ptolemy.apps.apes.*,ptolemy.apps.charon.*,ptolemy.apps.crazyboard.*,ptolemy.apps.eclipse.*,ptolemy.apps.etherealSting.*,ptolemy.apps.fullscreen.*,ptolemy.apps.giotto.*,ptolemy.apps.ia.*,ptolemy.apps.interfaces.*,ptolemy.apps.jmf.*,ptolemy.apps.kurt.*,ptolemy.apps.kvm.*,ptolemy.apps.lego.*,ptolemy.apps.lejos.*,ptolemy.apps.midp.*,ptolemy.apps.mobileCoding.*,ptolemy.apps.pendulum.*,ptolemy.apps.rijndael.*,ptolemy.apps.robot.*,ptolemy.apps.security.*,ptolemy.apps.sobel.*,ptolemy.apps.soot.*,ptolemy.apps.throttle.*,ptolemy.apps.tini.*,ptolemy.apps.transmission.*,ptolemy.apps.vergil.*,ptolemy.apps.waba.*,ptolemy.apps.websensor.*,ptolemy.apps.webstart.*,ptolemy.apps.xsl.*,ptolemy.apps.zaurus.*,ptolemy.codegen.c.actor.lib.oldJavaFiles.*,ptolemy.codegen.dsp.lib.*,ptolemy.codegen.kernel.newInterfaces.*,ptolemy.codegen.lib.*,ptolemy.copernicus.kernel.fragment.*,ptolemy.copernicus.shallow.cg.*,ptolemy.domains.giotto.demo.Hierarchy.Hierarchy.*,ptolemy.domains.giotto.demo.Multimode.Multimode.*,ptolemy.domains.giotto.demo.Simple.Simple.*,ptolemy.domains.gr.lib.experimental.*,ptolemy.domains.gro.*,ptolemy.domains.pdf.*,ptolemy.domains.ptinyos.demo.Surge.output.*,ptolemy.moml.test.NoPackageActor.java*,ptolemy.plot.adm.*,ptolemy.plot.servlet.*,reports.*,signed.*,src.*,target.*,vendors.*,ptolemy.copernicus.applet.*,ptolemy.media.viewer.*,ptolemy.actor.corba.*,doc.doclets.*,ptolemy.apps.eclipse.awt.*,ptolemy.backtrack.*,ptolemy.backtrack.ast.*,ptolemy.cg.adapter.generic.program.procedural.c.mbed*,ptolemy.homer.*,ptolemy.actor.lib.jai.*,org.ptolemy.scala.*,diva.util.java2d.svg.*,ptolemy.domains.ptinyos.*,ptolemy.actor.lib.fmi.fmipp.*,,org.terraswarm.accessor.accessors.web.node_modules.*,org.terraswarm.accessor.accessors-svn,ptolemy.apps.*,ptolemy.actor.ptalon.demo.ptinyos.SendAndReceiveCnt.output,ptolemy.actor.ptalon.demo.ptinyos.SenseToLeds.output,ptolemy.domains.ptinyos.demo.CntToLedsAndRfm.output,ptolemy.domains.ptinyos.demo.RfmToLeds.output,ptolemy.domains.ptinyos.demo.SendAndReceiveCnt.output,ptolemy.domains.ptinyos.demo.SenseToLeds.output,ptolemy.actor.lib.jjs.modules.udpSocket.*" />
    <property name="env.PTII" value="/home/travis/build/icyphy/ptII" />
    <property name="env.XDG_SESSION_ID" value="2" />
    <property name="keystore" value="ptKeystore" />
    <property name="env.TRAVIS_COMMIT_MESSAGE" value="Removing useless files." />
    <property name="junit.output.dir" value="/home/travis/build/icyphy/ptII/reports/junit" />
    <property name="npm.return.code" value="0" />
    <property name="user.dir" value="/home/travis/build/icyphy/ptII/ptolemy/actor/lib/test" />
    <property name="env.TRAVIS_NODE_VERSION" value="7" />
    <property name="env.TRAVIS_EVENT_TYPE" value="cron" />
    <property name="env.MAIL" value="/var/mail/travis" />
    <property name="env.PERLBREW_ROOT" value="/home/travis/perl5/perlbrew" />
    <property name="env.PWD" value="/home/travis/build/icyphy/ptII" />
    <property name="timeout.npm" value="45000" />
    <property name="env.TRAVIS_ARCH" value="amd64" />
    <property name="sun.cpu.endian" value="little" />
    <property name="env.PAGER" value="cat" />
    <property name="env.TRAVIS_BUILD_STAGE_NAME" value="Test" />
    <property name="env.PERLBREW_HOME" value="/home/travis/.perlbrew" />
    <property name="java.vm.version" value="11.0.2+9" />
    <property name="env.RAILS_ENV" value="test" />
    <property name="java.class.path" value="/home/travis/.ptolemyII:/home/travis/.ptolemyII/*:/home/travis/build/icyphy/ptII:/home/travis/build/icyphy/ptII/lib/bsh-2.0b4.jar:/home/travis/build/icyphy/ptII/lib/ptCal.jar:/home/travis/build/icyphy/ptII/lib/java_cup.jar:/home/travis/build/icyphy/ptII/lib/saxon8.jar:/home/travis/build/icyphy/ptII/lib/saxon8-dom.jar:/home/travis/build/icyphy/ptII/lib/chic.jar:/home/travis/build/icyphy/ptII/lib/ptcolt.jar:/home/travis/build/icyphy/ptII/vendors/misc/itext/iText.jar:/home/travis/build/icyphy/ptII/lib/g4ltl.jar:/home/travis/build/icyphy/ptII/lib/StructuralCoder.jar:/home/travis/build/icyphy/ptII/lib/jcerti.jar:/home/travis/build/icyphy/ptII/lib/javax.mail.jar:/home/travis/build/icyphy/ptII/vendors/JMF-2.1.1e/lib/jmf.jar:/home/travis/build/icyphy/ptII/lib/jna-4.0.0-variadic.jar:/home/travis/build/icyphy/ptII/vendors/misc/joystick/Joystick.jar:/home/travis/build/icyphy/ptII/lib/ptjacl.jar:/home/travis/build/icyphy/ptII/lib/jsoup-1.8.2.jar:/home/travis/build/icyphy/ptII/lib/junit-4.8.2.jar:/home/travis/build/icyphy/ptII/lib/JUnitParams-0.4.0.jar:/home/travis/build/icyphy/ptII/ptolemy/actor/lib/excel/jxl.jar:/home/travis/build/icyphy/ptII/lib/jython.jar:/home/travis/build/icyphy/ptII/lib/kieler.jar:/home/travis/build/icyphy/ptII/vendors/opencv/share/OpenCV/java/opencv-341.jar:/home/travis/build/icyphy/ptII/lib/oscP5.jar:/home/travis/build/icyphy/ptII/lib/nrjavaserial-3.11.0.devel.jar:/home/travis/build/icyphy/ptII/vendors/j3d/lib/Linux/j3dcore.jar:/home/travis/build/icyphy/ptII/vendors/j3d/lib/Linux/j3dutils.jar:/home/travis/build/icyphy/ptII/vendors/j3d/lib/Linux/vecmath.jar:/home/travis/build/icyphy/ptII/vendors/jogl/lib/Linux/gluegen-rt-natives-linux-amd64.jar:/home/travis/build/icyphy/ptII/vendors/jogl/lib/Linux/gluegen-rt.jar:/home/travis/build/icyphy/ptII/vendors/jogl/lib/Linux/jogl-all-natives-linux-amd64.jar:/home/travis/build/icyphy/ptII/vendors/jogl/lib/Linux/jogl-all.jar:/home/travis/build/icyphy/ptII/ptolemy/distributed/jini/jar/jini-core.jar:/home/travis/build/icyphy/ptII/ptolemy/distributed/jini/jar/jini-ext.jar:/home/travis/build/icyphy/ptII/ptolemy/distributed/jini/jar/sun-util.jar:/home/travis/build/icyphy/ptII/lib/protobuf-java-2.4.1.jar:/home/travis/build/icyphy/ptII/lib/org.eclipse.paho.client.mqttv3.jar:/home/travis/build/icyphy/ptII/lib/mapss.jar:/home/travis/build/icyphy/ptII/ptolemy/actor/ptalon/antlr/antlr.jar:/home/travis/build/icyphy/ptII/lib/JRI.jar:/home/travis/build/icyphy/ptII/lib/commons-lang-2.6.jar:/home/travis/build/icyphy/ptII/lib/commons-logging-1.1.1.jar:/home/travis/build/icyphy/ptII/lib/sootclasses.jar:/home/travis/build/icyphy/ptII/ptolemy/actor/lib/database/mysql-connector-java-5.1.6-bin.jar:/home/travis/build/icyphy/ptII/vendors/misc/sphinx4/sphinx4-data-5prealpha.jar:/home/travis/build/icyphy/ptII/vendors/misc/sphinx4/sphinx4-core-5prealpha.jar:/home/travis/build/icyphy/ptII/lib/PDFRenderer.jar:/home/travis/build/icyphy/ptII/lib/svgSalamander.jar:/home/travis/build/icyphy/ptII/lib/rsyntaxtextarea-2.6.0-SNAPSHOT.jar:/home/travis/build/icyphy/ptII/lib/hazelcast-3.8.2.jar:/home/travis/build/icyphy/ptII/lib/jackson-annotations-2.9.0.jar:/home/travis/build/icyphy/ptII/lib/jackson-core-2.9.3.jar:/home/travis/build/icyphy/ptII/lib/jackson-databind-2.9.3.jar:/home/travis/build/icyphy/ptII/lib/netty-buffer-4.1.19.Final.jar:/home/travis/build/icyphy/ptII/lib/netty-codec-4.1.19.Final.jar:/home/travis/build/icyphy/ptII/lib/netty-codec-dns-4.1.19.Final.jar:/home/travis/build/icyphy/ptII/lib/netty-codec-http-4.1.19.Final.jar:/home/travis/build/icyphy/ptII/lib/netty-codec-http2-4.1.19.Final.jar:/home/travis/build/icyphy/ptII/lib/netty-common-4.1.19.Final.jar:/home/travis/build/icyphy/ptII/lib/netty-handler-4.1.19.Final.jar:/home/travis/build/icyphy/ptII/lib/netty-resolver-4.1.19.Final.jar:/home/travis/build/icyphy/ptII/lib/netty-resolver-dns-4.1.19.Final.jar:/home/travis/build/icyphy/ptII/lib/netty-transport-4.1.19.Final.jar:/home/travis/build/icyphy/ptII/lib/vertx-codegen-3.5.1.jar:/home/travis/build/icyphy/ptII/lib/vertx-core-3.5.2-SNAPSHOT.jar:/home/travis/build/icyphy/ptII/lib/vertx-hazelcast-3.5.1.jar:/home/travis/build/icyphy/ptII/lib/vertx-lang-js-3.5.1.jar:/home/travis/build/icyphy/ptII/lib/vertx-service-proxy-3.5.1.jar:/home/travis/build/icyphy/ptII/lib/vertx-web-3.5.1.jar:/home/travis/build/icyphy/ptII/lib/slf4j-api-1.7.13.jar:/home/travis/build/icyphy/ptII/lib/slf4j-simple-1.7.13.jar:/home/travis/build/icyphy/ptII/lib/webcam-capture-0.3.12.jar:/home/travis/build/icyphy/ptII/lib/bridj-0.7.0.jar:/home/travis/build/icyphy/ptII/lib/xbjlib-1.1.0.nrjavaserial.jar:/home/travis/build/icyphy/ptII/ptolemy/moml/test:/home/travis/build/icyphy/ptII/ant/lib/ant-launcher.jar:/home/travis/build/icyphy/ptII/ant/lib/ant.jar:/home/travis/build/icyphy/ptII/ant/lib/ant-junit.jar:/home/travis/build/icyphy/ptII/ant/lib/ant-junit4.jar" />
    <property name="ant.library.dir" value="/home/travis/build/icyphy/ptII/ant/lib" />
    <property name="os.arch" value="amd64" />
    <property name="env.CONTINUOUS_INTEGRATION" value="true" />
    <property name="env.TRAVIS_LANGUAGE" value="node_js" />
    <property name="env.TRAVIS_STACK_LANGUAGES" value="__sardonyx__ c c++ clojure cplusplus cpp default generic go groovy java node_js php pure_java python ruby scala" />
    <property name="test.name" value="ptolemy.actor.lib.test.junit.JUnitTclTest" />
    <property name="env.APT_KEY_DONT_WARN_ON_DANGEROUS_USAGE" value="1" />
    <property name="sun.java.launcher" value="SUN_STANDARD" />
    <property name="env.PYTHON_CONFIGURE_OPTS" value="--enable-unicode=ucs4 --with-wide-unicode --enable-shared --enable-ipv6 --enable-loadable-sqlite-extensions --with-computed-gotos" />
    <property name="ant.core.lib" value="/home/travis/build/icyphy/ptII/ant/lib/ant.jar" />
    <property name="java.vm.specification.vendor" value="Oracle Corporation" />
    <property name="env.BCVTB_HOME" value="/home/travis/build/icyphy/ptII/lbnl" />
    <property name="file.separator" value="/" />
    <property name="spotbugs.home" value="/home/travis/build/icyphy/ptII/vendors/spotbugs-3.1.1" />
    <property name="java.runtime.version" value="11.0.2+9" />
    <property name="env.ANSI_CLEAR" value="\033[0K" />
    <property name="javafx.verbose" value="true" />
    <property name="env.HAS_JOSH_K_SEAL_OF_APPROVAL" value="true" />
    <property name="env.XDG_RUNTIME_DIR" value="/run/user/2000" />
    <property name="env.TRAVIS_OSX_IMAGE" value="" />
    <property name="env.TRAVIS_JOB_ID" value="660949112" />
    <property name="env.TRAVIS_BRANCH" value="master" />
    <property name="user.country" value="US" />
    <property name="env.CERTI_HOME_TRAVIS" value="/home/travis/pthla/certi-tools" />
    <property name="env.SHELL" value="/bin/bash" />
    <property name="java.maxmemory.large" value="3200m" />
    <property name="model" value="" />
    <property name="env.CASHER_DIR" value="/home/travis/.casher" />
    <property name="env.NVM_CD_FLAGS" value="" />
    <property name="java.vendor.version" value="18.9" />
    <property name="jshint.executable" value="/home/travis/node_modules/jshint/bin/jshint" />
    <property name="env.JRUBY_OPTS" value=" --client -J-XX:+TieredCompilation -J-XX:TieredStopAtLevel=1 -J-Xss2m -Xcompile.invokedynamic=false" />
    <property name="java.vendor" value="Oracle Corporation" />
    <property name="env.TRAVIS_PRE_CHEF_BOOTSTRAP_TIME" value="2019-03-25T16:16:42" />
    <property name="env.TRAVIS_STACK_JOB_BOARD_REGISTER" value="/.job-board-register.yml" />
    <property name="env.ANSI_RED" value="\033[31;1m" />
    <property name="java.specification.version" value="11" />
    <property name="env.IRBRC" value="/home/travis/.rvm/rubies/ruby-2.5.3/.irbrc" />
    <property name="env.TRAVIS" value="true" />
    <property name="sun.arch.data.model" value="64" />
  </properties>
  <testcase classname="ptolemy.util.test.junit.TclTests" name="[0] /home/travis/build/icyphy/ptII/ptolemy/actor/lib/test/AbsoluteValue.tcl (RunTclFile)" time="0.519" />
  <testcase classname="ptolemy.util.test.junit.TclTests" name="[1] /home/travis/build/icyphy/ptII/ptolemy/actor/lib/test/AddSubtract.tcl (RunTclFile)" time="0.13" />
  <testcase classname="ptolemy.util.test.junit.TclTests" name="[2] /home/travis/build/icyphy/ptII/ptolemy/actor/lib/test/Average.tcl (RunTclFile)" time="0.05" />
  <testcase classname="ptolemy.util.test.junit.TclTests" name="[3] /home/travis/build/icyphy/ptII/ptolemy/actor/lib/test/Bernoulli.tcl (RunTclFile)" time="0.017" />
  <testcase classname="ptolemy.util.test.junit.TclTests" name="[4] /home/travis/build/icyphy/ptII/ptolemy/actor/lib/test/Clock.tcl (RunTclFile)" time="0.056" />
  <testcase classname="ptolemy.util.test.junit.TclTests" name="[5] /home/travis/build/icyphy/ptII/ptolemy/actor/lib/test/Commutator.tcl (RunTclFile)" time="0.152" />
  <testcase classname="ptolemy.util.test.junit.TclTests" name="[6] /home/travis/build/icyphy/ptII/ptolemy/actor/lib/test/Const.tcl (RunTclFile)" time="0.145" />
  <testcase classname="ptolemy.util.test.junit.TclTests" name="[7] /home/travis/build/icyphy/ptII/ptolemy/actor/lib/test/CurrentTime.tcl (RunTclFile)" time="0.044" />
  <testcase classname="ptolemy.util.test.junit.TclTests" name="[8] /home/travis/build/icyphy/ptII/ptolemy/actor/lib/test/DB.tcl (RunTclFile)" time="0.033" />
  <testcase classname="ptolemy.util.test.junit.TclTests" name="[9] /home/travis/build/icyphy/ptII/ptolemy/actor/lib/test/DiscreteRandomSource.tcl (RunTclFile)" time="0.036" />
  <testcase classname="ptolemy.util.test.junit.TclTests" name="[10] /home/travis/build/icyphy/ptII/ptolemy/actor/lib/test/Distributor.tcl (RunTclFile)" time="0.078" />
  <testcase classname="ptolemy.util.test.junit.TclTests" name="[11] /home/travis/build/icyphy/ptII/ptolemy/actor/lib/test/Exit.tcl (RunTclFile)" time="0.079" />
  <testcase classname="ptolemy.util.test.junit.TclTests" name="[12] /home/travis/build/icyphy/ptII/ptolemy/actor/lib/test/Expression.tcl (RunTclFile)" time="0.098" />
  <testcase classname="ptolemy.util.test.junit.TclTests" name="[13] /home/travis/build/icyphy/ptII/ptolemy/actor/lib/test/Gaussian.tcl (RunTclFile)" time="0.265" />
  <testcase classname="ptolemy.util.test.junit.TclTests" name="[14] /home/travis/build/icyphy/ptII/ptolemy/actor/lib/test/IIR.tcl (RunTclFile)" time="0.023" />
  <testcase classname="ptolemy.util.test.junit.TclTests" name="[15] /home/travis/build/icyphy/ptII/ptolemy/actor/lib/test/Interpolator.tcl (RunTclFile)" time="0.113" />
  <testcase classname="ptolemy.util.test.junit.TclTests" name="[16] /home/travis/build/icyphy/ptII/ptolemy/actor/lib/test/MathFunction.tcl (RunTclFile)" time="0.081" />
  <testcase classname="ptolemy.util.test.junit.TclTests" name="[17] /home/travis/build/icyphy/ptII/ptolemy/actor/lib/test/Maximum.tcl (RunTclFile)" time="0.045" />
  <testcase classname="ptolemy.util.test.junit.TclTests" name="[18] /home/travis/build/icyphy/ptII/ptolemy/actor/lib/test/Minimum.tcl (RunTclFile)" time="0.027" />
  <testcase classname="ptolemy.util.test.junit.TclTests" name="[19] /home/travis/build/icyphy/ptII/ptolemy/actor/lib/test/MultiplyDivide.tcl (RunTclFile)" time="0.033" />
  <testcase classname="ptolemy.util.test.junit.TclTests" name="[20] /home/travis/build/icyphy/ptII/ptolemy/actor/lib/test/OrderedMerge.tcl (RunTclFile)" time="0.114" />
  <testcase classname="ptolemy.util.test.junit.TclTests" name="[21] /home/travis/build/icyphy/ptII/ptolemy/actor/lib/test/Publisher.tcl (RunTclFile)" time="0.898" />
  <testcase classname="ptolemy.util.test.junit.TclTests" name="[22] /home/travis/build/icyphy/ptII/ptolemy/actor/lib/test/Pulse.tcl (RunTclFile)" time="0.065" />
  <testcase classname="ptolemy.util.test.junit.TclTests" name="[23] /home/travis/build/icyphy/ptII/ptolemy/actor/lib/test/Ramp.tcl (RunTclFile)" time="1.953" />
  <testcase classname="ptolemy.util.test.junit.TclTests" name="[24] /home/travis/build/icyphy/ptII/ptolemy/actor/lib/test/RampContinuous.tcl (RunTclFile)" time="0.019" />
  <testcase classname="ptolemy.util.test.junit.TclTests" name="[25] /home/travis/build/icyphy/ptII/ptolemy/actor/lib/test/RecordAssembler.tcl (RunTclFile)" time="0.017" />
  <testcase classname="ptolemy.util.test.junit.TclTests" name="[26] /home/travis/build/icyphy/ptII/ptolemy/actor/lib/test/RecordDisassembler.tcl (RunTclFile)" time="0.03" />
  <testcase classname="ptolemy.util.test.junit.TclTests" name="[27] /home/travis/build/icyphy/ptII/ptolemy/actor/lib/test/Scale.tcl (RunTclFile)" time="0.023" />
  <testcase classname="ptolemy.util.test.junit.TclTests" name="[28] /home/travis/build/icyphy/ptII/ptolemy/actor/lib/test/SequentialClock.tcl (RunTclFile)" time="0.021" />
  <testcase classname="ptolemy.util.test.junit.TclTests" name="[29] /home/travis/build/icyphy/ptII/ptolemy/actor/lib/test/SetVariable.tcl (RunTclFile)" time="0.011" />
  <testcase classname="ptolemy.util.test.junit.TclTests" name="[30] /home/travis/build/icyphy/ptII/ptolemy/actor/lib/test/Sinewave.tcl (RunTclFile)" time="0.053" />
  <testcase classname="ptolemy.util.test.junit.TclTests" name="[31] /home/travis/build/icyphy/ptII/ptolemy/actor/lib/test/SubscriptionAggregator.tcl (RunTclFile)" time="2.044" />
  <testcase classname="ptolemy.util.test.junit.TclTests" name="[32] /home/travis/build/icyphy/ptII/ptolemy/actor/lib/test/Test.tcl (RunTclFile)" time="0.101" />
  <testcase classname="ptolemy.util.test.junit.TclTests" name="[33] /home/travis/build/icyphy/ptII/ptolemy/actor/lib/test/TestExceptionHandler.tcl (RunTclFile)" time="0.011" />
  <testcase classname="ptolemy.util.test.junit.TclTests" name="[34] /home/travis/build/icyphy/ptII/ptolemy/actor/lib/test/UnionDisassembler.tcl (RunTclFile)" time="0.065" />
  <testcase classname="ptolemy.util.test.junit.TclTests" name="[35] /home/travis/build/icyphy/ptII/ptolemy/actor/lib/test/VariableClock.tcl (RunTclFile)" time="0.026" />
  <testcase classname="ptolemy.util.test.junit.AutoKnownFailedTests" name="[0] /home/travis/build/icyphy/ptII/ptolemy/actor/lib/test/auto/knownFailedTests/PublisherPortToplevelSubscriber.xml (RunModel)" time="0.031" />
  <testcase classname="ptolemy.util.test.junit.AutoKnownFailedTests" name="[1] /home/travis/build/icyphy/ptII/ptolemy/actor/lib/test/auto/knownFailedTests/PublisherSubscriberPortToplevel.xml (RunModel)" time="0.024" />
  <testcase classname="ptolemy.util.test.junit.AutoKnownFailedTests" name="[2] /home/travis/build/icyphy/ptII/ptolemy/actor/lib/test/auto/knownFailedTests/PublisherSubscriptionAggregatorPort.xml (RunModel)" time="0.015" />
  <testcase classname="ptolemy.util.test.junit.AutoKnownFailedTests" name="[3] /home/travis/build/icyphy/ptII/ptolemy/actor/lib/test/auto/knownFailedTests/sizedarray3.xml (RunModel)" time="0.024" />
  <testcase classname="ptolemy.util.test.junit.AutoNameArchTests" name="[0] ThereAreNoAutoArchTests (RunModel)" time="0.001" />
  <testcase classname="ptolemy.util.test.junit.AutoTests" name="[0] /home/travis/build/icyphy/ptII/ptolemy/actor/lib/test/auto/AbsoluteValue.xml (RunModel)" time="0.099" />
  <testcase classname="ptolemy.util.test.junit.AutoTests" name="[1] /home/travis/build/icyphy/ptII/ptolemy/actor/lib/test/auto/AbsoluteValue2.xml (RunModel)" time="0.076" />
  <testcase classname="ptolemy.util.test.junit.AutoTests" name="[2] /home/travis/build/icyphy/ptII/ptolemy/actor/lib/test/auto/Accumulator.xml (RunModel)" time="0.044" />
  <testcase classname="ptolemy.util.test.junit.AutoTests" name="[3] /home/travis/build/icyphy/ptII/ptolemy/actor/lib/test/auto/Accumulator2.xml (RunModel)" time="0.03" />
  <testcase classname="ptolemy.util.test.junit.AutoTests" name="[4] /home/travis/build/icyphy/ptII/ptolemy/actor/lib/test/auto/Accumulator3.xml (RunModel)" time="0.024" />
  <testcase classname="ptolemy.util.test.junit.AutoTests" name="[5] /home/travis/build/icyphy/ptII/ptolemy/actor/lib/test/auto/ArrayAppend.xml (RunModel)" time="0.034" />
  <testcase classname="ptolemy.util.test.junit.AutoTests" name="[6] /home/travis/build/icyphy/ptII/ptolemy/actor/lib/test/auto/ArrayAppend2.xml (RunModel)" time="0.427" />
  <testcase classname="ptolemy.util.test.junit.AutoTests" name="[7] /home/travis/build/icyphy/ptII/ptolemy/actor/lib/test/auto/ArrayAppend3.xml (RunModel)" time="0.052" />
  <testcase classname="ptolemy.util.test.junit.AutoTests" name="[8] /home/travis/build/icyphy/ptII/ptolemy/actor/lib/test/auto/ArrayAppend4.xml (RunModel)" time="0.019" />
  <testcase classname="ptolemy.util.test.junit.AutoTests" name="[9] /home/travis/build/icyphy/ptII/ptolemy/actor/lib/test/auto/ArrayAppend5.xml (RunModel)" time="0.014" />
  <testcase classname="ptolemy.util.test.junit.AutoTests" name="[10] /home/travis/build/icyphy/ptII/ptolemy/actor/lib/test/auto/ArrayAppend6.xml (RunModel)" time="0.016" />
  <testcase classname="ptolemy.util.test.junit.AutoTests" name="[11] /home/travis/build/icyphy/ptII/ptolemy/actor/lib/test/auto/ArrayAppendPerformanceTest.xml (RunModel)" time="0.049" />
  <testcase classname="ptolemy.util.test.junit.AutoTests" name="[12] /home/travis/build/icyphy/ptII/ptolemy/actor/lib/test/auto/ArrayAppendWithEmptyInput.xml (RunModel)" time="0.037" />
  <testcase classname="ptolemy.util.test.junit.AutoTests" name="[13] /home/travis/build/icyphy/ptII/ptolemy/actor/lib/test/auto/ArrayAverage.xml (RunModel)" time="0.046" />
  <testcase classname="ptolemy.util.test.junit.AutoTests" name="[14] /home/travis/build/icyphy/ptII/ptolemy/actor/lib/test/auto/ArrayContains.xml (RunModel)" time="0.033" />
  <testcase classname="ptolemy.util.test.junit.AutoTests" name="[15] /home/travis/build/icyphy/ptII/ptolemy/actor/lib/test/auto/ArrayElement.xml (RunModel)" time="0.023" />
  <testcase classname="ptolemy.util.test.junit.AutoTests" name="[16] /home/travis/build/icyphy/ptII/ptolemy/actor/lib/test/auto/ArrayElementAsMatrix.xml (RunModel)" time="0.067" />
  <testcase classname="ptolemy.util.test.junit.AutoTests" name="[17] /home/travis/build/icyphy/ptII/ptolemy/actor/lib/test/auto/ArrayElementI.xml (RunModel)" time="0.022" />
  <testcase classname="ptolemy.util.test.junit.AutoTests" name="[18] /home/travis/build/icyphy/ptII/ptolemy/actor/lib/test/auto/ArrayExtract.xml (RunModel)" time="0.05" />
  <testcase classname="ptolemy.util.test.junit.AutoTests" name="[19] /home/travis/build/icyphy/ptII/ptolemy/actor/lib/test/auto/ArrayExtract2.xml (RunModel)" time="0.015" />
  <testcase classname="ptolemy.util.test.junit.AutoTests" name="[20] /home/travis/build/icyphy/ptII/ptolemy/actor/lib/test/auto/ArrayLength.xml (RunModel)" time="0.049" />
  <testcase classname="ptolemy.util.test.junit.AutoTests" name="[21] /home/travis/build/icyphy/ptII/ptolemy/actor/lib/test/auto/ArrayLevelCrossing.xml (RunModel)" time="0.028" />
  <testcase classname="ptolemy.util.test.junit.AutoTests" name="[22] /home/travis/build/icyphy/ptII/ptolemy/actor/lib/test/auto/ArrayLevelCrossing2.xml (RunModel)" time="0.023" />
  <testcase classname="ptolemy.util.test.junit.AutoTests" name="[23] /home/travis/build/icyphy/ptII/ptolemy/actor/lib/test/auto/ArrayPeakSearch.xml (RunModel)" time="0.053" />
  <testcase classname="ptolemy.util.test.junit.AutoTests" name="[24] /home/travis/build/icyphy/ptII/ptolemy/actor/lib/test/auto/ArrayPeakSearch2.xml (RunModel)" time="0.039" />
  <testcase classname="ptolemy.util.test.junit.AutoTests" name="[25] /home/travis/build/icyphy/ptII/ptolemy/actor/lib/test/auto/ArrayPeakSearch3.xml (RunModel)" time="0.032" />
  <testcase classname="ptolemy.util.test.junit.AutoTests" name="[26] /home/travis/build/icyphy/ptII/ptolemy/actor/lib/test/auto/ArrayRemoveElement.xml (RunModel)" time="0.03" />
  <testcase classname="ptolemy.util.test.junit.AutoTests" name="[27] /home/travis/build/icyphy/ptII/ptolemy/actor/lib/test/auto/ArraySort.xml (RunModel)" time="0.033" />
  <testcase classname="ptolemy.util.test.junit.AutoTests" name="[28] /home/travis/build/icyphy/ptII/ptolemy/actor/lib/test/auto/ArraySum.xml (RunModel)" time="0.017" />
  <testcase classname="ptolemy.util.test.junit.AutoTests" name="[29] /home/travis/build/icyphy/ptII/ptolemy/actor/lib/test/auto/ArrayToElements.xml (RunModel)" time="0.019" />
  <testcase classname="ptolemy.util.test.junit.AutoTests" name="[30] /home/travis/build/icyphy/ptII/ptolemy/actor/lib/test/auto/ArrayToMatrix.xml (RunModel)" time="0.058" />
  <testcase classname="ptolemy.util.test.junit.AutoTests" name="[31] /home/travis/build/icyphy/ptII/ptolemy/actor/lib/test/auto/ArrayUpdate1.xml (RunModel)" time="0.022" />
  <testcase classname="ptolemy.util.test.junit.AutoTests" name="[32] /home/travis/build/icyphy/ptII/ptolemy/actor/lib/test/auto/ArrayUpdate2.xml (RunModel)" time="0.018" />
  <testcase classname="ptolemy.util.test.junit.AutoTests" name="[33] /home/travis/build/icyphy/ptII/ptolemy/actor/lib/test/auto/ArrayUpdate3.xml (RunModel)" time="0.015" />
  <testcase classname="ptolemy.util.test.junit.AutoTests" name="[34] /home/travis/build/icyphy/ptII/ptolemy/actor/lib/test/auto/Assert1.xml (RunModel)" time="0.02" />
  <testcase classname="ptolemy.util.test.junit.AutoTests" name="[35] /home/travis/build/icyphy/ptII/ptolemy/actor/lib/test/auto/Assert2.xml (RunModel)" time="0.012" />
  <testcase classname="ptolemy.util.test.junit.AutoTests" name="[36] /home/travis/build/icyphy/ptII/ptolemy/actor/lib/test/auto/BooleanMultiplexor.xml (RunModel)" time="0.013" />
  <testcase classname="ptolemy.util.test.junit.AutoTests" name="[37] /home/travis/build/icyphy/ptII/ptolemy/actor/lib/test/auto/BooleanMultiplexor2.xml (RunModel)" time="0.026" />
  <testcase classname="ptolemy.util.test.junit.AutoTests" name="[38] /home/travis/build/icyphy/ptII/ptolemy/actor/lib/test/auto/BooleanMultiplexor3.xml (RunModel)" time="0.015" />
  <testcase classname="ptolemy.util.test.junit.AutoTests" name="[39] /home/travis/build/icyphy/ptII/ptolemy/actor/lib/test/auto/BooleanSelect.xml (RunModel)" time="0.02" />
  <testcase classname="ptolemy.util.test.junit.AutoTests" name="[40] /home/travis/build/icyphy/ptII/ptolemy/actor/lib/test/auto/BooleanSelect2.xml (RunModel)" time="0.014" />
  <testcase classname="ptolemy.util.test.junit.AutoTests" name="[41] /home/travis/build/icyphy/ptII/ptolemy/actor/lib/test/auto/BooleanSwitch.xml (RunModel)" time="0.014" />
  <testcase classname="ptolemy.util.test.junit.AutoTests" name="[42] /home/travis/build/icyphy/ptII/ptolemy/actor/lib/test/auto/BooleanSwitch2.xml (RunModel)" time="0.012" />
  <testcase classname="ptolemy.util.test.junit.AutoTests" name="[43] /home/travis/build/icyphy/ptII/ptolemy/actor/lib/test/auto/BooleanSwitchCloningBugWithClassRelationGroup.xml (RunModel)" time="0.073" />
  <testcase classname="ptolemy.util.test.junit.AutoTests" name="[44] /home/travis/build/icyphy/ptII/ptolemy/actor/lib/test/auto/BusActors.xml (RunModel)" time="0.032" />
  <testcase classname="ptolemy.util.test.junit.AutoTests" name="[45] /home/travis/build/icyphy/ptII/ptolemy/actor/lib/test/auto/ClassWrapper.xml (RunModel)" time="0.013" />
  <testcase classname="ptolemy.util.test.junit.AutoTests" name="[46] /home/travis/build/icyphy/ptII/ptolemy/actor/lib/test/auto/Clock.xml (RunModel)" time="0.009" />
  <testcase classname="ptolemy.util.test.junit.AutoTests" name="[47] /home/travis/build/icyphy/ptII/ptolemy/actor/lib/test/auto/Clock10.xml (RunModel)" time="0.017" />
  <testcase classname="ptolemy.util.test.junit.AutoTests" name="[48] /home/travis/build/icyphy/ptII/ptolemy/actor/lib/test/auto/Clock11.xml (RunModel)" time="0.018" />
  <testcase classname="ptolemy.util.test.junit.AutoTests" name="[49] /home/travis/build/icyphy/ptII/ptolemy/actor/lib/test/auto/Clock12.xml (RunModel)" time="0.014" />
  <testcase classname="ptolemy.util.test.junit.AutoTests" name="[50] /home/travis/build/icyphy/ptII/ptolemy/actor/lib/test/auto/Clock13.xml (RunModel)" time="0.013" />
  <testcase classname="ptolemy.util.test.junit.AutoTests" name="[51] /home/travis/build/icyphy/ptII/ptolemy/actor/lib/test/auto/Clock14.xml (RunModel)" time="0.017" />
  <testcase classname="ptolemy.util.test.junit.AutoTests" name="[52] /home/travis/build/icyphy/ptII/ptolemy/actor/lib/test/auto/Clock15.xml (RunModel)" time="0.013" />
  <testcase classname="ptolemy.util.test.junit.AutoTests" name="[53] /home/travis/build/icyphy/ptII/ptolemy/actor/lib/test/auto/Clock16.xml (RunModel)" time="0.105" />
  <testcase classname="ptolemy.util.test.junit.AutoTests" name="[54] /home/travis/build/icyphy/ptII/ptolemy/actor/lib/test/auto/Clock17.xml (RunModel)" time="0.052" />
  <testcase classname="ptolemy.util.test.junit.AutoTests" name="[55] /home/travis/build/icyphy/ptII/ptolemy/actor/lib/test/auto/Clock18.xml (RunModel)" time="0.041" />
  <testcase classname="ptolemy.util.test.junit.AutoTests" name="[56] /home/travis/build/icyphy/ptII/ptolemy/actor/lib/test/auto/Clock19.xml (RunModel)" time="0.04" />
  <testcase classname="ptolemy.util.test.junit.AutoTests" name="[57] /home/travis/build/icyphy/ptII/ptolemy/actor/lib/test/auto/Clock2.xml (RunModel)" time="0.01" />
  <testcase classname="ptolemy.util.test.junit.AutoTests" name="[58] /home/travis/build/icyphy/ptII/ptolemy/actor/lib/test/auto/Clock20.xml (RunModel)" time="0.016" />
  <testcase classname="ptolemy.util.test.junit.AutoTests" name="[59] /home/travis/build/icyphy/ptII/ptolemy/actor/lib/test/auto/Clock21.xml (RunModel)" time="0.017" />
  <testcase classname="ptolemy.util.test.junit.AutoTests" name="[60] /home/travis/build/icyphy/ptII/ptolemy/actor/lib/test/auto/Clock22.xml (RunModel)" time="0.016" />
  <testcase classname="ptolemy.util.test.junit.AutoTests" name="[61] /home/travis/build/icyphy/ptII/ptolemy/actor/lib/test/auto/Clock23.xml (RunModel)" time="0.016" />
  <testcase classname="ptolemy.util.test.junit.AutoTests" name="[62] /home/travis/build/icyphy/ptII/ptolemy/actor/lib/test/auto/Clock24.xml (RunModel)" time="0.015" />
  <testcase classname="ptolemy.util.test.junit.AutoTests" name="[63] /home/travis/build/icyphy/ptII/ptolemy/actor/lib/test/auto/Clock4.xml (RunModel)" time="0.016" />
  <testcase classname="ptolemy.util.test.junit.AutoTests" name="[64] /home/travis/build/icyphy/ptII/ptolemy/actor/lib/test/auto/Clock5.xml (RunModel)" time="0.016" />
  <testcase classname="ptolemy.util.test.junit.AutoTests" name="[65] /home/travis/build/icyphy/ptII/ptolemy/actor/lib/test/auto/Clock6.xml (RunModel)" time="0.01" />
  <testcase classname="ptolemy.util.test.junit.AutoTests" name="[66] /home/travis/build/icyphy/ptII/ptolemy/actor/lib/test/auto/Clock7.xml (RunModel)" time="0.011" />
  <testcase classname="ptolemy.util.test.junit.AutoTests" name="[67] /home/travis/build/icyphy/ptII/ptolemy/actor/lib/test/auto/Clock8.xml (RunModel)" time="0.012" />
  <testcase classname="ptolemy.util.test.junit.AutoTests" name="[68] /home/travis/build/icyphy/ptII/ptolemy/actor/lib/test/auto/Clock9.xml (RunModel)" time="0.015" />
  <testcase classname="ptolemy.util.test.junit.AutoTests" name="[69] /home/travis/build/icyphy/ptII/ptolemy/actor/lib/test/auto/CommDistDiscard.xml (RunModel)" time="0.02" />
  <testcase classname="ptolemy.util.test.junit.AutoTests" name="[70] /home/travis/build/icyphy/ptII/ptolemy/actor/lib/test/auto/Commutator.xml (RunModel)" time="0.015" />
  <testcase classname="ptolemy.util.test.junit.AutoTests" name="[71] /home/travis/build/icyphy/ptII/ptolemy/actor/lib/test/auto/Commutator2.xml (RunModel)" time="0.01" />
  <testcase classname="ptolemy.util.test.junit.AutoTests" name="[72] /home/travis/build/icyphy/ptII/ptolemy/actor/lib/test/auto/Commutator3.xml (RunModel)" time="0.013" />
  <testcase classname="ptolemy.util.test.junit.AutoTests" name="[73] /home/travis/build/icyphy/ptII/ptolemy/actor/lib/test/auto/Compare.xml (RunModel)" time="0.019" />
  <testcase classname="ptolemy.util.test.junit.AutoTests" name="[74] /home/travis/build/icyphy/ptII/ptolemy/actor/lib/test/auto/CompareDE.xml (RunModel)" time="0.019" />
  <testcase classname="ptolemy.util.test.junit.AutoTests" name="[75] /home/travis/build/icyphy/ptII/ptolemy/actor/lib/test/auto/ComplexDivide.xml (RunModel)" time="0.01" />
  <testcase classname="ptolemy.util.test.junit.AutoTests" name="[76] /home/travis/build/icyphy/ptII/ptolemy/actor/lib/test/auto/ComputeHistogram.xml (RunModel)" time="0.062" />
  <testcase classname="ptolemy.util.test.junit.AutoTests" name="[77] /home/travis/build/icyphy/ptII/ptolemy/actor/lib/test/auto/ConfigurationSelect.xml (RunModel)" time="0.019" />
  <testcase classname="ptolemy.util.test.junit.AutoTests" name="[78] /home/travis/build/icyphy/ptII/ptolemy/actor/lib/test/auto/ConfigurationSelect2.xml (RunModel)" time="0.017" />
  <testcase classname="ptolemy.util.test.junit.AutoTests" name="[79] /home/travis/build/icyphy/ptII/ptolemy/actor/lib/test/auto/ConfigurationSwitch.xml (RunModel)" time="0.059" />
  <testcase classname="ptolemy.util.test.junit.AutoTests" name="[80] /home/travis/build/icyphy/ptII/ptolemy/actor/lib/test/auto/ConfigurationSwitch2.xml (RunModel)" time="0.017" />
  <testcase classname="ptolemy.util.test.junit.AutoTests" name="[81] /home/travis/build/icyphy/ptII/ptolemy/actor/lib/test/auto/ConfigurationSwitchCloningBugWithClassRelationGroup.xml (RunModel)" time="0.018" />
  <testcase classname="ptolemy.util.test.junit.AutoTests" name="[82] /home/travis/build/icyphy/ptII/ptolemy/actor/lib/test/auto/ConfigurationSwitchSelectSDF.xml (RunModel)" time="0.012" />
  <testcase classname="ptolemy.util.test.junit.AutoTests" name="[83] /home/travis/build/icyphy/ptII/ptolemy/actor/lib/test/auto/ConfigurationSwitchSelectSDF2.xml (RunModel)" time="0.014" />
  <testcase classname="ptolemy.util.test.junit.AutoTests" name="[84] /home/travis/build/icyphy/ptII/ptolemy/actor/lib/test/auto/Const.xml (RunModel)" time="0.007" />
  <testcase classname="ptolemy.util.test.junit.AutoTests" name="[85] /home/travis/build/icyphy/ptII/ptolemy/actor/lib/test/auto/Const2.xml (RunModel)" time="0.01" />
  <testcase classname="ptolemy.util.test.junit.AutoTests" name="[86] /home/travis/build/icyphy/ptII/ptolemy/actor/lib/test/auto/Const3.xml (RunModel)" time="0.007" />
  <testcase classname="ptolemy.util.test.junit.AutoTests" name="[87] /home/travis/build/icyphy/ptII/ptolemy/actor/lib/test/auto/ConstantPublisherPort1.xml (RunModel)" time="0.023" />
  <testcase classname="ptolemy.util.test.junit.AutoTests" name="[88] /home/travis/build/icyphy/ptII/ptolemy/actor/lib/test/auto/ConstantPublisherPort2.xml (RunModel)" time="0.025" />
  <testcase classname="ptolemy.util.test.junit.AutoTests" name="[89] /home/travis/build/icyphy/ptII/ptolemy/actor/lib/test/auto/ConstantPublisherPort3.xml (RunModel)" time="0.017" />
  <testcase classname="ptolemy.util.test.junit.AutoTests" name="[90] /home/travis/build/icyphy/ptII/ptolemy/actor/lib/test/auto/ConstantPublisherPort4.xml (RunModel)" time="0.013" />
  <testcase classname="ptolemy.util.test.junit.AutoTests" name="[91] /home/travis/build/icyphy/ptII/ptolemy/actor/lib/test/auto/ConstantPublisherPort5.xml (RunModel)" time="0.042" />
  <testcase classname="ptolemy.util.test.junit.AutoTests" name="[92] /home/travis/build/icyphy/ptII/ptolemy/actor/lib/test/auto/ConstantPublisherPort6.xml (RunModel)" time="0.031" />
  <testcase classname="ptolemy.util.test.junit.AutoTests" name="[93] /home/travis/build/icyphy/ptII/ptolemy/actor/lib/test/auto/ConstantPublisherPort7.xml (RunModel)" time="0.03" />
  <testcase classname="ptolemy.util.test.junit.AutoTests" name="[94] /home/travis/build/icyphy/ptII/ptolemy/actor/lib/test/auto/ConstraintMonitor1.xml (RunModel)" time="0.035" />
  <testcase classname="ptolemy.util.test.junit.AutoTests" name="[95] /home/travis/build/icyphy/ptII/ptolemy/actor/lib/test/auto/ConstraintMonitor2.xml (RunModel)" time="0.008" />
  <testcase classname="ptolemy.util.test.junit.AutoTests" name="[96] /home/travis/build/icyphy/ptII/ptolemy/actor/lib/test/auto/ConstraintMonitor3.xml (RunModel)" time="0.01" />
  <testcase classname="ptolemy.util.test.junit.AutoTests" name="[97] /home/travis/build/icyphy/ptII/ptolemy/actor/lib/test/auto/ConstraintMonitor4.xml (RunModel)" time="0.015" />
  <testcase classname="ptolemy.util.test.junit.AutoTests" name="[98] /home/travis/build/icyphy/ptII/ptolemy/actor/lib/test/auto/ConstraintMonitor5.xml (RunModel)" time="0.009" />
  <testcase classname="ptolemy.util.test.junit.AutoTests" name="[99] /home/travis/build/icyphy/ptII/ptolemy/actor/lib/test/auto/ConstraintMonitor6.xml (RunModel)" time="0.013" />
  <testcase classname="ptolemy.util.test.junit.AutoTests" name="[100] /home/travis/build/icyphy/ptII/ptolemy/actor/lib/test/auto/ConstraintMonitor7.xml (RunModel)" time="0.011" />
  <testcase classname="ptolemy.util.test.junit.AutoTests" name="[101] /home/travis/build/icyphy/ptII/ptolemy/actor/lib/test/auto/ConstraintMonitor8.xml (RunModel)" time="0.015" />
  <testcase classname="ptolemy.util.test.junit.AutoTests" name="[102] /home/travis/build/icyphy/ptII/ptolemy/actor/lib/test/auto/Counter.xml (RunModel)" time="0.01" />
  <testcase classname="ptolemy.util.test.junit.AutoTests" name="[103] /home/travis/build/icyphy/ptII/ptolemy/actor/lib/test/auto/CurrentTimeSDF.xml (RunModel)" time="0.007" />
  <testcase classname="ptolemy.util.test.junit.AutoTests" name="[104] /home/travis/build/icyphy/ptII/ptolemy/actor/lib/test/auto/DB.xml (RunModel)" time="0.009" />
  <testcase classname="ptolemy.util.test.junit.AutoTests" name="[105] /home/travis/build/icyphy/ptII/ptolemy/actor/lib/test/auto/DBDE.xml (RunModel)" time="0.011" />
  <testcase classname="ptolemy.util.test.junit.AutoTests" name="[106] /home/travis/build/icyphy/ptII/ptolemy/actor/lib/test/auto/DateConstructor.xml (RunModel)" time="0.059" />
  <testcase classname="ptolemy.util.test.junit.AutoTests" name="[107] /home/travis/build/icyphy/ptII/ptolemy/actor/lib/test/auto/DelayTime.xml (RunModel)" time="0.014" />
  <testcase classname="ptolemy.util.test.junit.AutoTests" name="[108] /home/travis/build/icyphy/ptII/ptolemy/actor/lib/test/auto/Dictionary1.xml (RunModel)" time="0.025" />
  <testcase classname="ptolemy.util.test.junit.AutoTests" name="[109] /home/travis/build/icyphy/ptII/ptolemy/actor/lib/test/auto/Dictionary2.xml (RunModel)" time="0.011" />
  <testcase classname="ptolemy.util.test.junit.AutoTests" name="[110] /home/travis/build/icyphy/ptII/ptolemy/actor/lib/test/auto/Dictionary3.xml (RunModel)" time="0.011" />
  <testcase classname="ptolemy.util.test.junit.AutoTests" name="[111] /home/travis/build/icyphy/ptII/ptolemy/actor/lib/test/auto/Dictionary4.xml (RunModel)" time="0.015" />
  <testcase classname="ptolemy.util.test.junit.AutoTests" name="[112] /home/travis/build/icyphy/ptII/ptolemy/actor/lib/test/auto/Differential.xml (RunModel)" time="0.01" />
  <testcase classname="ptolemy.util.test.junit.AutoTests" name="[113] /home/travis/build/icyphy/ptII/ptolemy/actor/lib/test/auto/Director.xml (RunModel)" time="0.012" />
  <testcase classname="ptolemy.util.test.junit.AutoTests" name="[114] /home/travis/build/icyphy/ptII/ptolemy/actor/lib/test/auto/DiscreteClock.xml (RunModel)" time="0.007" />
  <testcase classname="ptolemy.util.test.junit.AutoTests" name="[115] /home/travis/build/icyphy/ptII/ptolemy/actor/lib/test/auto/DiscreteClock10.xml (RunModel)" time="0.01" />
  <testcase classname="ptolemy.util.test.junit.AutoTests" name="[116] /home/travis/build/icyphy/ptII/ptolemy/actor/lib/test/auto/DiscreteClock11.xml (RunModel)" time="0.009" />
  <testcase classname="ptolemy.util.test.junit.AutoTests" name="[117] /home/travis/build/icyphy/ptII/ptolemy/actor/lib/test/auto/DiscreteClock12.xml (RunModel)" time="0.01" />
  <testcase classname="ptolemy.util.test.junit.AutoTests" name="[118] /home/travis/build/icyphy/ptII/ptolemy/actor/lib/test/auto/DiscreteClock13.xml (RunModel)" time="0.013" />
  <testcase classname="ptolemy.util.test.junit.AutoTests" name="[119] /home/travis/build/icyphy/ptII/ptolemy/actor/lib/test/auto/DiscreteClock14.xml (RunModel)" time="0.013" />
  <testcase classname="ptolemy.util.test.junit.AutoTests" name="[120] /home/travis/build/icyphy/ptII/ptolemy/actor/lib/test/auto/DiscreteClock15.xml (RunModel)" time="0.015" />
  <testcase classname="ptolemy.util.test.junit.AutoTests" name="[121] /home/travis/build/icyphy/ptII/ptolemy/actor/lib/test/auto/DiscreteClock16.xml (RunModel)" time="0.04" />
  <testcase classname="ptolemy.util.test.junit.AutoTests" name="[122] /home/travis/build/icyphy/ptII/ptolemy/actor/lib/test/auto/DiscreteClock17.xml (RunModel)" time="0.035" />
  <testcase classname="ptolemy.util.test.junit.AutoTests" name="[123] /home/travis/build/icyphy/ptII/ptolemy/actor/lib/test/auto/DiscreteClock18.xml (RunModel)" time="0.075" />
  <testcase classname="ptolemy.util.test.junit.AutoTests" name="[124] /home/travis/build/icyphy/ptII/ptolemy/actor/lib/test/auto/DiscreteClock19.xml (RunModel)" time="0.04" />
  <testcase classname="ptolemy.util.test.junit.AutoTests" name="[125] /home/travis/build/icyphy/ptII/ptolemy/actor/lib/test/auto/DiscreteClock2.xml (RunModel)" time="0.008" />
  <testcase classname="ptolemy.util.test.junit.AutoTests" name="[126] /home/travis/build/icyphy/ptII/ptolemy/actor/lib/test/auto/DiscreteClock20.xml (RunModel)" time="0.015" />
  <testcase classname="ptolemy.util.test.junit.AutoTests" name="[127] /home/travis/build/icyphy/ptII/ptolemy/actor/lib/test/auto/DiscreteClock21.xml (RunModel)" time="0.016" />
  <testcase classname="ptolemy.util.test.junit.AutoTests" name="[128] /home/travis/build/icyphy/ptII/ptolemy/actor/lib/test/auto/DiscreteClock22.xml (RunModel)" time="0.011" />
  <testcase classname="ptolemy.util.test.junit.AutoTests" name="[129] /home/travis/build/icyphy/ptII/ptolemy/actor/lib/test/auto/DiscreteClock23.xml (RunModel)" time="0.02" />
  <testcase classname="ptolemy.util.test.junit.AutoTests" name="[130] /home/travis/build/icyphy/ptII/ptolemy/actor/lib/test/auto/DiscreteClock24.xml (RunModel)" time="0.01" />
  <testcase classname="ptolemy.util.test.junit.AutoTests" name="[131] /home/travis/build/icyphy/ptII/ptolemy/actor/lib/test/auto/DiscreteClock4.xml (RunModel)" time="0.014" />
  <testcase classname="ptolemy.util.test.junit.AutoTests" name="[132] /home/travis/build/icyphy/ptII/ptolemy/actor/lib/test/auto/DiscreteClock5.xml (RunModel)" time="0.008" />
  <testcase classname="ptolemy.util.test.junit.AutoTests" name="[133] /home/travis/build/icyphy/ptII/ptolemy/actor/lib/test/auto/DiscreteClock6.xml (RunModel)" time="0.011" />
  <testcase classname="ptolemy.util.test.junit.AutoTests" name="[134] /home/travis/build/icyphy/ptII/ptolemy/actor/lib/test/auto/DiscreteClock7.xml (RunModel)" time="0.008" />
  <testcase classname="ptolemy.util.test.junit.AutoTests" name="[135] /home/travis/build/icyphy/ptII/ptolemy/actor/lib/test/auto/DiscreteClock8.xml (RunModel)" time="0.023" />
  <testcase classname="ptolemy.util.test.junit.AutoTests" name="[136] /home/travis/build/icyphy/ptII/ptolemy/actor/lib/test/auto/DiscreteClock9.xml (RunModel)" time="0.01" />
  <testcase classname="ptolemy.util.test.junit.AutoTests" name="[137] /home/travis/build/icyphy/ptII/ptolemy/actor/lib/test/auto/DisplayArray.xml (RunModel)" time="0.007" />
  <testcase classname="ptolemy.util.test.junit.AutoTests" name="[138] /home/travis/build/icyphy/ptII/ptolemy/actor/lib/test/auto/Distributor.xml (RunModel)" time="0.009" />
  <testcase classname="ptolemy.util.test.junit.AutoTests" name="[139] /home/travis/build/icyphy/ptII/ptolemy/actor/lib/test/auto/Distributor2.xml (RunModel)" time="0.01" />
  <testcase classname="ptolemy.util.test.junit.AutoTests" name="[140] /home/travis/build/icyphy/ptII/ptolemy/actor/lib/test/auto/DownSample.xml (RunModel)" time="0.008" />
  <testcase classname="ptolemy.util.test.junit.AutoTests" name="[141] /home/travis/build/icyphy/ptII/ptolemy/actor/lib/test/auto/ElectronicUnitBase1.xml (RunModel)" time="0.052" />
  <testcase classname="ptolemy.util.test.junit.AutoTests" name="[142] /home/travis/build/icyphy/ptII/ptolemy/actor/lib/test/auto/ElementsToArray.xml (RunModel)" time="0.011" />
  <testcase classname="ptolemy.util.test.junit.AutoTests" name="[143] /home/travis/build/icyphy/ptII/ptolemy/actor/lib/test/auto/Equals.xml (RunModel)" time="0.011" />
  <testcase classname="ptolemy.util.test.junit.AutoTests" name="[144] /home/travis/build/icyphy/ptII/ptolemy/actor/lib/test/auto/Exec.xml (RunModel)" time="0.024" />
  <testcase classname="ptolemy.util.test.junit.AutoTests" name="[145] /home/travis/build/icyphy/ptII/ptolemy/actor/lib/test/auto/ExecEnvironment.xml (RunModel)" time="0.029" />
  <testcase classname="ptolemy.util.test.junit.AutoTests" name="[146] /home/travis/build/icyphy/ptII/ptolemy/actor/lib/test/auto/ExecNonZeroReturnOutput.xml (RunModel)" time="0.18" />
  <testcase classname="ptolemy.util.test.junit.AutoTests" name="[147] /home/travis/build/icyphy/ptII/ptolemy/actor/lib/test/auto/ExecRunDemos.xml (RunModel)" time="10.178" />
  <testcase classname="ptolemy.util.test.junit.AutoTests" name="[148] /home/travis/build/icyphy/ptII/ptolemy/actor/lib/test/auto/ExecStop.xml (RunModel)" time="5.037" />
  <testcase classname="ptolemy.util.test.junit.AutoTests" name="[149] /home/travis/build/icyphy/ptII/ptolemy/actor/lib/test/auto/ExecutionTimeSDF.xml (RunModel)" time="6.035">
    <error type="java.lang.reflect.InvocationTargetException">java.lang.reflect.InvocationTargetException
	at jdk.internal.reflect.GeneratedConstructorAccessor36.newInstance(Unknown Source)
	at java.base/jdk.internal.reflect.DelegatingConstructorAccessorImpl.newInstance(DelegatingConstructorAccessorImpl.java:45)
	at java.base/java.lang.reflect.Constructor.newInstance(Constructor.java:490)
	at ptolemy.util.test.junit.AutoTests.RunModel(AutoTests.java:193)
	at jdk.internal.reflect.GeneratedMethodAccessor43.invoke(Unknown Source)
	at java.base/jdk.internal.reflect.DelegatingMethodAccessorImpl.invoke(DelegatingMethodAccessorImpl.java:43)
	at junitparams.internal.InvokeParameterisedMethod.evaluate(InvokeParameterisedMethod.java:102)
Caused by: ptolemy.kernel.util.IllegalActionException: Test fails in iteration 0.
Value was: 6001L. Should have been: 6000L
  in .ExecutionTimeSDF.NonStrictTest
	at ptolemy.actor.lib.NonStrictTest.postfire(NonStrictTest.java:328)
	at ptolemy.actor.AtomicActor.iterate(AtomicActor.java:518)
	at ptolemy.actor.sched.StaticSchedulingDirector.fire(StaticSchedulingDirector.java:216)
	at ptolemy.domains.sdf.kernel.SDFDirector.fire(SDFDirector.java:500)
	at ptolemy.actor.CompositeActor.fire(CompositeActor.java:455)
	at ptolemy.actor.Manager.iterate(Manager.java:851)
	at ptolemy.actor.Manager.execute(Manager.java:369)
	at ptolemy.actor.Manager.run(Manager.java:1263)
	at ptolemy.actor.Manager$PtolemyRunThread.run(Manager.java:1933)
</error>
  </testcase>
  <testcase classname="ptolemy.util.test.junit.AutoTests" name="[150] /home/travis/build/icyphy/ptII/ptolemy/actor/lib/test/auto/Expression1.xml (RunModel)" time="0.019" />
  <testcase classname="ptolemy.util.test.junit.AutoTests" name="[151] /home/travis/build/icyphy/ptII/ptolemy/actor/lib/test/auto/Expression10.xml (RunModel)" time="0.022" />
  <testcase classname="ptolemy.util.test.junit.AutoTests" name="[152] /home/travis/build/icyphy/ptII/ptolemy/actor/lib/test/auto/Expression11.xml (RunModel)" time="0.02" />
  <testcase classname="ptolemy.util.test.junit.AutoTests" name="[153] /home/travis/build/icyphy/ptII/ptolemy/actor/lib/test/auto/Expression12.xml (RunModel)" time="0.027" />
  <testcase classname="ptolemy.util.test.junit.AutoTests" name="[154] /home/travis/build/icyphy/ptII/ptolemy/actor/lib/test/auto/Expression13.xml (RunModel)" time="0.027" />
  <testcase classname="ptolemy.util.test.junit.AutoTests" name="[155] /home/travis/build/icyphy/ptII/ptolemy/actor/lib/test/auto/Expression14.xml (RunModel)" time="0.019" />
  <testcase classname="ptolemy.util.test.junit.AutoTests" name="[156] /home/travis/build/icyphy/ptII/ptolemy/actor/lib/test/auto/Expression15.xml (RunModel)" time="0.006" />
  <testcase classname="ptolemy.util.test.junit.AutoTests" name="[157] /home/travis/build/icyphy/ptII/ptolemy/actor/lib/test/auto/Expression16.xml (RunModel)" time="0.014" />
  <testcase classname="ptolemy.util.test.junit.AutoTests" name="[158] /home/travis/build/icyphy/ptII/ptolemy/actor/lib/test/auto/Expression17.xml (RunModel)" time="0.011" />
  <testcase classname="ptolemy.util.test.junit.AutoTests" name="[159] /home/travis/build/icyphy/ptII/ptolemy/actor/lib/test/auto/Expression18.xml (RunModel)" time="0.013" />
  <testcase classname="ptolemy.util.test.junit.AutoTests" name="[160] /home/travis/build/icyphy/ptII/ptolemy/actor/lib/test/auto/Expression2.xml (RunModel)" time="0.012" />
  <testcase classname="ptolemy.util.test.junit.AutoTests" name="[161] /home/travis/build/icyphy/ptII/ptolemy/actor/lib/test/auto/Expression3.xml (RunModel)" time="0.011" />
  <testcase classname="ptolemy.util.test.junit.AutoTests" name="[162] /home/travis/build/icyphy/ptII/ptolemy/actor/lib/test/auto/Expression4.xml (RunModel)" time="0.015" />
  <testcase classname="ptolemy.util.test.junit.AutoTests" name="[163] /home/travis/build/icyphy/ptII/ptolemy/actor/lib/test/auto/Expression5.xml (RunModel)" time="0.011" />
  <testcase classname="ptolemy.util.test.junit.AutoTests" name="[164] /home/travis/build/icyphy/ptII/ptolemy/actor/lib/test/auto/Expression6.xml (RunModel)" time="0.007" />
  <testcase classname="ptolemy.util.test.junit.AutoTests" name="[165] /home/travis/build/icyphy/ptII/ptolemy/actor/lib/test/auto/Expression7.xml (RunModel)" time="0.01" />
  <testcase classname="ptolemy.util.test.junit.AutoTests" name="[166] /home/travis/build/icyphy/ptII/ptolemy/actor/lib/test/auto/Expression8.xml (RunModel)" time="0.013" />
  <testcase classname="ptolemy.util.test.junit.AutoTests" name="[167] /home/travis/build/icyphy/ptII/ptolemy/actor/lib/test/auto/Expression9.xml (RunModel)" time="0.007" />
  <testcase classname="ptolemy.util.test.junit.AutoTests" name="[168] /home/travis/build/icyphy/ptII/ptolemy/actor/lib/test/auto/ExpressionConcatenateArrayType.xml (RunModel)" time="0.027" />
  <testcase classname="ptolemy.util.test.junit.AutoTests" name="[169] /home/travis/build/icyphy/ptII/ptolemy/actor/lib/test/auto/ExpressionConcatenateArrayType2.xml (RunModel)" time="0.019" />
  <testcase classname="ptolemy.util.test.junit.AutoTests" name="[170] /home/travis/build/icyphy/ptII/ptolemy/actor/lib/test/auto/ExpressionFix.xml (RunModel)" time="0.042" />
  <testcase classname="ptolemy.util.test.junit.AutoTests" name="[171] /home/travis/build/icyphy/ptII/ptolemy/actor/lib/test/auto/ExpressionFix2.xml (RunModel)" time="0.013" />
  <testcase classname="ptolemy.util.test.junit.AutoTests" name="[172] /home/travis/build/icyphy/ptII/ptolemy/actor/lib/test/auto/ExpressionFix3.xml (RunModel)" time="0.011" />
  <testcase classname="ptolemy.util.test.junit.AutoTests" name="[173] /home/travis/build/icyphy/ptII/ptolemy/actor/lib/test/auto/FileWriter1.xml (RunModel)" time="0.008" />
  <testcase classname="ptolemy.util.test.junit.AutoTests" name="[174] /home/travis/build/icyphy/ptII/ptolemy/actor/lib/test/auto/FileWriter2.xml (RunModel)" time="0.012" />
  <testcase classname="ptolemy.util.test.junit.AutoTests" name="[175] /home/travis/build/icyphy/ptII/ptolemy/actor/lib/test/auto/FileWriter3.xml (RunModel)" time="0.01" />
  <testcase classname="ptolemy.util.test.junit.AutoTests" name="[176] /home/travis/build/icyphy/ptII/ptolemy/actor/lib/test/auto/Gaussian.xml (RunModel)" time="0.011" />
  <testcase classname="ptolemy.util.test.junit.AutoTests" name="[177] /home/travis/build/icyphy/ptII/ptolemy/actor/lib/test/auto/Gaussian1.xml (RunModel)" time="0.021" />
  <testcase classname="ptolemy.util.test.junit.AutoTests" name="[178] /home/travis/build/icyphy/ptII/ptolemy/actor/lib/test/auto/Gaussian2.xml (RunModel)" time="0.016" />
  <testcase classname="ptolemy.util.test.junit.AutoTests" name="[179] /home/travis/build/icyphy/ptII/ptolemy/actor/lib/test/auto/GradientAdaptiveLattice.xml (RunModel)" time="0.013" />
  <testcase classname="ptolemy.util.test.junit.AutoTests" name="[180] /home/travis/build/icyphy/ptII/ptolemy/actor/lib/test/auto/IIR.xml (RunModel)" time="0.009" />
  <testcase classname="ptolemy.util.test.junit.AutoTests" name="[181] /home/travis/build/icyphy/ptII/ptolemy/actor/lib/test/auto/InputOutputTransparentPorts.xml (RunModel)" time="0.014" />
  <testcase classname="ptolemy.util.test.junit.AutoTests" name="[182] /home/travis/build/icyphy/ptII/ptolemy/actor/lib/test/auto/Interpolator.xml (RunModel)" time="0.01" />
  <testcase classname="ptolemy.util.test.junit.AutoTests" name="[183] /home/travis/build/icyphy/ptII/ptolemy/actor/lib/test/auto/InterpolatorFiringLimitDE.xml (RunModel)" time="0.01" />
  <testcase classname="ptolemy.util.test.junit.AutoTests" name="[184] /home/travis/build/icyphy/ptII/ptolemy/actor/lib/test/auto/Lattice.xml (RunModel)" time="0.009" />
  <testcase classname="ptolemy.util.test.junit.AutoTests" name="[185] /home/travis/build/icyphy/ptII/ptolemy/actor/lib/test/auto/LazyAOCTestLazy.xml (RunModel)" time="0.033" />
  <testcase classname="ptolemy.util.test.junit.AutoTests" name="[186] /home/travis/build/icyphy/ptII/ptolemy/actor/lib/test/auto/LazyAOCTestNonLazy.xml (RunModel)" time="0.045" />
  <testcase classname="ptolemy.util.test.junit.AutoTests" name="[187] /home/travis/build/icyphy/ptII/ptolemy/actor/lib/test/auto/LazyInnerClass.xml (RunModel)" time="0.056" />
  <testcase classname="ptolemy.util.test.junit.AutoTests" name="[188] /home/travis/build/icyphy/ptII/ptolemy/actor/lib/test/auto/LazyPubSub.xml (RunModel)" time="0.04" />
  <testcase classname="ptolemy.util.test.junit.AutoTests" name="[189] /home/travis/build/icyphy/ptII/ptolemy/actor/lib/test/auto/LazyPubSub2.xml (RunModel)" time="0.031" />
  <testcase classname="ptolemy.util.test.junit.AutoTests" name="[190] /home/travis/build/icyphy/ptII/ptolemy/actor/lib/test/auto/LazyPubSub3.xml (RunModel)" time="0.053" />
  <testcase classname="ptolemy.util.test.junit.AutoTests" name="[191] /home/travis/build/icyphy/ptII/ptolemy/actor/lib/test/auto/LazySubClassModel.xml (RunModel)" time="0.019" />
  <testcase classname="ptolemy.util.test.junit.AutoTests" name="[192] /home/travis/build/icyphy/ptII/ptolemy/actor/lib/test/auto/LevelCrossTest1.xml (RunModel)" time="0.009" />
  <testcase classname="ptolemy.util.test.junit.AutoTests" name="[193] /home/travis/build/icyphy/ptII/ptolemy/actor/lib/test/auto/LevelCrossTest10.xml (RunModel)" time="0.013" />
  <testcase classname="ptolemy.util.test.junit.AutoTests" name="[194] /home/travis/build/icyphy/ptII/ptolemy/actor/lib/test/auto/LevelCrossTest11.xml (RunModel)" time="0.012" />
  <testcase classname="ptolemy.util.test.junit.AutoTests" name="[195] /home/travis/build/icyphy/ptII/ptolemy/actor/lib/test/auto/LevelCrossTest12.xml (RunModel)" time="0.015" />
  <testcase classname="ptolemy.util.test.junit.AutoTests" name="[196] /home/travis/build/icyphy/ptII/ptolemy/actor/lib/test/auto/LevelCrossTest13.xml (RunModel)" time="0.013" />
  <testcase classname="ptolemy.util.test.junit.AutoTests" name="[197] /home/travis/build/icyphy/ptII/ptolemy/actor/lib/test/auto/LevelCrossTest2.xml (RunModel)" time="0.011" />
  <testcase classname="ptolemy.util.test.junit.AutoTests" name="[198] /home/travis/build/icyphy/ptII/ptolemy/actor/lib/test/auto/LevelCrossTest3.xml (RunModel)" time="0.015" />
  <testcase classname="ptolemy.util.test.junit.AutoTests" name="[199] /home/travis/build/icyphy/ptII/ptolemy/actor/lib/test/auto/LevelCrossTest4.xml (RunModel)" time="0.011" />
  <testcase classname="ptolemy.util.test.junit.AutoTests" name="[200] /home/travis/build/icyphy/ptII/ptolemy/actor/lib/test/auto/LevelCrossTest5.xml (RunModel)" time="0.015" />
  <testcase classname="ptolemy.util.test.junit.AutoTests" name="[201] /home/travis/build/icyphy/ptII/ptolemy/actor/lib/test/auto/LevelCrossTest6.xml (RunModel)" time="0.015" />
  <testcase classname="ptolemy.util.test.junit.AutoTests" name="[202] /home/travis/build/icyphy/ptII/ptolemy/actor/lib/test/auto/LevelCrossTest7.xml (RunModel)" time="0.014" />
  <testcase classname="ptolemy.util.test.junit.AutoTests" name="[203] /home/travis/build/icyphy/ptII/ptolemy/actor/lib/test/auto/LevelCrossTest8.xml (RunModel)" time="0.012" />
  <testcase classname="ptolemy.util.test.junit.AutoTests" name="[204] /home/travis/build/icyphy/ptII/ptolemy/actor/lib/test/auto/LevelCrossTest9.xml (RunModel)" time="0.013" />
  <testcase classname="ptolemy.util.test.junit.AutoTests" name="[205] /home/travis/build/icyphy/ptII/ptolemy/actor/lib/test/auto/LevinsonDurbin.xml (RunModel)" time="0.008" />
  <testcase classname="ptolemy.util.test.junit.AutoTests" name="[206] /home/travis/build/icyphy/ptII/ptolemy/actor/lib/test/auto/LevinsonDurbin2.xml (RunModel)" time="0.006" />
  <testcase classname="ptolemy.util.test.junit.AutoTests" name="[207] /home/travis/build/icyphy/ptII/ptolemy/actor/lib/test/auto/LevinsonDurbin3.xml (RunModel)" time="0.02" />
  <testcase classname="ptolemy.util.test.junit.AutoTests" name="[208] /home/travis/build/icyphy/ptII/ptolemy/actor/lib/test/auto/Limiter.xml (RunModel)" time="0.028" />
  <testcase classname="ptolemy.util.test.junit.AutoTests" name="[209] /home/travis/build/icyphy/ptII/ptolemy/actor/lib/test/auto/LinearDifferenceEquationSystem.xml (RunModel)" time="0.032" />
  <testcase classname="ptolemy.util.test.junit.AutoTests" name="[210] /home/travis/build/icyphy/ptII/ptolemy/actor/lib/test/auto/LookupTable.xml (RunModel)" time="0.019" />
  <testcase classname="ptolemy.util.test.junit.AutoTests" name="[211] /home/travis/build/icyphy/ptII/ptolemy/actor/lib/test/auto/MathFunction.xml (RunModel)" time="0.018" />
  <testcase classname="ptolemy.util.test.junit.AutoTests" name="[212] /home/travis/build/icyphy/ptII/ptolemy/actor/lib/test/auto/MathFunction2.xml (RunModel)" time="0.012" />
  <testcase classname="ptolemy.util.test.junit.AutoTests" name="[213] /home/travis/build/icyphy/ptII/ptolemy/actor/lib/test/auto/MathFunction3.xml (RunModel)" time="0.021" />
  <testcase classname="ptolemy.util.test.junit.AutoTests" name="[214] /home/travis/build/icyphy/ptII/ptolemy/actor/lib/test/auto/MatrixCropBoolean.xml (RunModel)" time="0.015" />
  <testcase classname="ptolemy.util.test.junit.AutoTests" name="[215] /home/travis/build/icyphy/ptII/ptolemy/actor/lib/test/auto/MatrixCropComplex.xml (RunModel)" time="0.01" />
  <testcase classname="ptolemy.util.test.junit.AutoTests" name="[216] /home/travis/build/icyphy/ptII/ptolemy/actor/lib/test/auto/MatrixCropDouble.xml (RunModel)" time="0.008" />
  <testcase classname="ptolemy.util.test.junit.AutoTests" name="[217] /home/travis/build/icyphy/ptII/ptolemy/actor/lib/test/auto/MatrixCropFix.xml (RunModel)" time="0.013" />
  <testcase classname="ptolemy.util.test.junit.AutoTests" name="[218] /home/travis/build/icyphy/ptII/ptolemy/actor/lib/test/auto/MatrixCropInt.xml (RunModel)" time="0.009" />
  <testcase classname="ptolemy.util.test.junit.AutoTests" name="[219] /home/travis/build/icyphy/ptII/ptolemy/actor/lib/test/auto/MatrixCropLong.xml (RunModel)" time="0.008" />
  <testcase classname="ptolemy.util.test.junit.AutoTests" name="[220] /home/travis/build/icyphy/ptII/ptolemy/actor/lib/test/auto/MatrixToArray.xml (RunModel)" time="0.052" />
  <testcase classname="ptolemy.util.test.junit.AutoTests" name="[221] /home/travis/build/icyphy/ptII/ptolemy/actor/lib/test/auto/MaxIndex.xml (RunModel)" time="0.017" />
  <testcase classname="ptolemy.util.test.junit.AutoTests" name="[222] /home/travis/build/icyphy/ptII/ptolemy/actor/lib/test/auto/Maximum.xml (RunModel)" time="0.011" />
  <testcase classname="ptolemy.util.test.junit.AutoTests" name="[223] /home/travis/build/icyphy/ptII/ptolemy/actor/lib/test/auto/MaximumComplex.xml (RunModel)" time="0.014" />
  <testcase classname="ptolemy.util.test.junit.AutoTests" name="[224] /home/travis/build/icyphy/ptII/ptolemy/actor/lib/test/auto/MethodCallTest.xml (RunModel)" time="0.02" />
  <testcase classname="ptolemy.util.test.junit.AutoTests" name="[225] /home/travis/build/icyphy/ptII/ptolemy/actor/lib/test/auto/Minimum.xml (RunModel)" time="0.012" />
  <testcase classname="ptolemy.util.test.junit.AutoTests" name="[226] /home/travis/build/icyphy/ptII/ptolemy/actor/lib/test/auto/MinimumComplex.xml (RunModel)" time="0.027" />
  <testcase classname="ptolemy.util.test.junit.AutoTests" name="[227] /home/travis/build/icyphy/ptII/ptolemy/actor/lib/test/auto/MinimumMultiports.xml (RunModel)" time="0.014" />
  <testcase classname="ptolemy.util.test.junit.AutoTests" name="[228] /home/travis/build/icyphy/ptII/ptolemy/actor/lib/test/auto/ModifyDate.xml (RunModel)" time="0.037" />
  <testcase classname="ptolemy.util.test.junit.AutoTests" name="[229] /home/travis/build/icyphy/ptII/ptolemy/actor/lib/test/auto/ModifyDate2.xml (RunModel)" time="0.021" />
  <testcase classname="ptolemy.util.test.junit.AutoTests" name="[230] /home/travis/build/icyphy/ptII/ptolemy/actor/lib/test/auto/MovingAverage.xml (RunModel)" time="0.009" />
  <testcase classname="ptolemy.util.test.junit.AutoTests" name="[231] /home/travis/build/icyphy/ptII/ptolemy/actor/lib/test/auto/MovingMaximum.xml (RunModel)" time="0.01" />
  <testcase classname="ptolemy.util.test.junit.AutoTests" name="[232] /home/travis/build/icyphy/ptII/ptolemy/actor/lib/test/auto/MultipleLinksToSameRelation.xml (RunModel)" time="0.007" />
  <testcase classname="ptolemy.util.test.junit.AutoTests" name="[233] /home/travis/build/icyphy/ptII/ptolemy/actor/lib/test/auto/MultipleLinksToSameRelationDE.xml (RunModel)" time="0.025" />
  <testcase classname="ptolemy.util.test.junit.AutoTests" name="[234] /home/travis/build/icyphy/ptII/ptolemy/actor/lib/test/auto/Multiplexor.xml (RunModel)" time="0.014" />
  <testcase classname="ptolemy.util.test.junit.AutoTests" name="[235] /home/travis/build/icyphy/ptII/ptolemy/actor/lib/test/auto/Multiplexor1.xml (RunModel)" time="0.01" />
  <testcase classname="ptolemy.util.test.junit.AutoTests" name="[236] /home/travis/build/icyphy/ptII/ptolemy/actor/lib/test/auto/Multiplexor2.xml (RunModel)" time="0.012" />
  <testcase classname="ptolemy.util.test.junit.AutoTests" name="[237] /home/travis/build/icyphy/ptII/ptolemy/actor/lib/test/auto/Multiplexor3.xml (RunModel)" time="0.008" />
  <testcase classname="ptolemy.util.test.junit.AutoTests" name="[238] /home/travis/build/icyphy/ptII/ptolemy/actor/lib/test/auto/MultiplexorDE.xml (RunModel)" time="0.015" />
  <testcase classname="ptolemy.util.test.junit.AutoTests" name="[239] /home/travis/build/icyphy/ptII/ptolemy/actor/lib/test/auto/MultiportBroadcastTest.xml (RunModel)" time="0.093" />
  <testcase classname="ptolemy.util.test.junit.AutoTests" name="[240] /home/travis/build/icyphy/ptII/ptolemy/actor/lib/test/auto/MultiportOutHangDuringGetWidth.xml (RunModel)" time="0.03" />
  <testcase classname="ptolemy.util.test.junit.AutoTests" name="[241] /home/travis/build/icyphy/ptII/ptolemy/actor/lib/test/auto/NilToken.xml (RunModel)" time="0.009" />
  <testcase classname="ptolemy.util.test.junit.AutoTests" name="[242] /home/travis/build/icyphy/ptII/ptolemy/actor/lib/test/auto/NilTokenNonStrictTest.xml (RunModel)" time="0.008" />
  <testcase classname="ptolemy.util.test.junit.AutoTests" name="[243] /home/travis/build/icyphy/ptII/ptolemy/actor/lib/test/auto/NilTokenRecord.xml (RunModel)" time="0.025" />
  <testcase classname="ptolemy.util.test.junit.AutoTests" name="[244] /home/travis/build/icyphy/ptII/ptolemy/actor/lib/test/auto/NilTokenTypeTest.xml (RunModel)" time="0.026" />
  <testcase classname="ptolemy.util.test.junit.AutoTests" name="[245] /home/travis/build/icyphy/ptII/ptolemy/actor/lib/test/auto/ObjectToken1.xml (RunModel)" time="0.007" />
  <testcase classname="ptolemy.util.test.junit.AutoTests" name="[246] /home/travis/build/icyphy/ptII/ptolemy/actor/lib/test/auto/OrderedMerge.xml (RunModel)" time="0.02" />
  <testcase classname="ptolemy.util.test.junit.AutoTests" name="[247] /home/travis/build/icyphy/ptII/ptolemy/actor/lib/test/auto/OrderedRecordDisassembler.xml (RunModel)" time="0.016" />
  <testcase classname="ptolemy.util.test.junit.AutoTests" name="[248] /home/travis/build/icyphy/ptII/ptolemy/actor/lib/test/auto/OrderedRecordDisassembler2.xml (RunModel)" time="0.014" />
  <testcase classname="ptolemy.util.test.junit.AutoTests" name="[249] /home/travis/build/icyphy/ptII/ptolemy/actor/lib/test/auto/OrderedRecordUpdater.xml (RunModel)" time="0.012" />
  <testcase classname="ptolemy.util.test.junit.AutoTests" name="[250] /home/travis/build/icyphy/ptII/ptolemy/actor/lib/test/auto/OrderedRecordUpdater2.xml (RunModel)" time="0.016" />
  <testcase classname="ptolemy.util.test.junit.AutoTests" name="[251] /home/travis/build/icyphy/ptII/ptolemy/actor/lib/test/auto/PhaseUnwrap.xml (RunModel)" time="0.017" />
  <testcase classname="ptolemy.util.test.junit.AutoTests" name="[252] /home/travis/build/icyphy/ptII/ptolemy/actor/lib/test/auto/PoissonClock.xml (RunModel)" time="0.009" />
  <testcase classname="ptolemy.util.test.junit.AutoTests" name="[253] /home/travis/build/icyphy/ptII/ptolemy/actor/lib/test/auto/PoissonClock2.xml (RunModel)" time="0.006" />
  <testcase classname="ptolemy.util.test.junit.AutoTests" name="[254] /home/travis/build/icyphy/ptII/ptolemy/actor/lib/test/auto/PoissonClock3.xml (RunModel)" time="0.006" />
  <testcase classname="ptolemy.util.test.junit.AutoTests" name="[255] /home/travis/build/icyphy/ptII/ptolemy/actor/lib/test/auto/PubSubWithInitialTokens.xml (RunModel)" time="0.009" />
  <testcase classname="ptolemy.util.test.junit.AutoTests" name="[256] /home/travis/build/icyphy/ptII/ptolemy/actor/lib/test/auto/PubSubWithInitialTokens2.xml (RunModel)" time="0.01" />
  <testcase classname="ptolemy.util.test.junit.AutoTests" name="[257] /home/travis/build/icyphy/ptII/ptolemy/actor/lib/test/auto/PublisherClassNoParameter.xml (RunModel)" time="0.024" />
  <testcase classname="ptolemy.util.test.junit.AutoTests" name="[258] /home/travis/build/icyphy/ptII/ptolemy/actor/lib/test/auto/PublisherClassParameter.xml (RunModel)" time="0.021" />
  <testcase classname="ptolemy.util.test.junit.AutoTests" name="[259] /home/travis/build/icyphy/ptII/ptolemy/actor/lib/test/auto/PublisherNonStrictTest.xml (RunModel)" time="0.015" />
  <testcase classname="ptolemy.util.test.junit.AutoTests" name="[260] /home/travis/build/icyphy/ptII/ptolemy/actor/lib/test/auto/PublisherPort1.xml (RunModel)" time="0.019" />
  <testcase classname="ptolemy.util.test.junit.AutoTests" name="[261] /home/travis/build/icyphy/ptII/ptolemy/actor/lib/test/auto/PublisherPort2.xml (RunModel)" time="0.007" />
  <testcase classname="ptolemy.util.test.junit.AutoTests" name="[262] /home/travis/build/icyphy/ptII/ptolemy/actor/lib/test/auto/PublisherPort3.xml (RunModel)" time="0.009" />
  <testcase classname="ptolemy.util.test.junit.AutoTests" name="[263] /home/travis/build/icyphy/ptII/ptolemy/actor/lib/test/auto/PublisherPort4.xml (RunModel)" time="0.01" />
  <testcase classname="ptolemy.util.test.junit.AutoTests" name="[264] /home/travis/build/icyphy/ptII/ptolemy/actor/lib/test/auto/PublisherPort5.xml (RunModel)" time="0.01" />
  <testcase classname="ptolemy.util.test.junit.AutoTests" name="[265] /home/travis/build/icyphy/ptII/ptolemy/actor/lib/test/auto/PublisherPort5LookAlike.xml (RunModel)" time="0.015" />
  <testcase classname="ptolemy.util.test.junit.AutoTests" name="[266] /home/travis/build/icyphy/ptII/ptolemy/actor/lib/test/auto/PublisherPort6.xml (RunModel)" time="0.01" />
  <testcase classname="ptolemy.util.test.junit.AutoTests" name="[267] /home/travis/build/icyphy/ptII/ptolemy/actor/lib/test/auto/PublisherPort7.xml (RunModel)" time="0.013" />
  <testcase classname="ptolemy.util.test.junit.AutoTests" name="[268] /home/travis/build/icyphy/ptII/ptolemy/actor/lib/test/auto/PublisherPort8.xml (RunModel)" time="0.014" />
  <testcase classname="ptolemy.util.test.junit.AutoTests" name="[269] /home/travis/build/icyphy/ptII/ptolemy/actor/lib/test/auto/PublisherPortSubscriberChannelVariablesAOC2.xml (RunModel)" time="0.039" />
  <testcase classname="ptolemy.util.test.junit.AutoTests" name="[270] /home/travis/build/icyphy/ptII/ptolemy/actor/lib/test/auto/PublisherPortSubscriberOpaqueWidthInference.xml (RunModel)" time="0.016" />
  <testcase classname="ptolemy.util.test.junit.AutoTests" name="[271] /home/travis/build/icyphy/ptII/ptolemy/actor/lib/test/auto/PublisherPortSubscriberPortAdjacent.xml (RunModel)" time="0.015" />
  <testcase classname="ptolemy.util.test.junit.AutoTests" name="[272] /home/travis/build/icyphy/ptII/ptolemy/actor/lib/test/auto/PublisherPortSubscriberPortExpression.xml (RunModel)" time="0.015" />
  <testcase classname="ptolemy.util.test.junit.AutoTests" name="[273] /home/travis/build/icyphy/ptII/ptolemy/actor/lib/test/auto/PublisherPortSubscriberPortOpaqueD3Reverse.xml (RunModel)" time="0.047" />
  <testcase classname="ptolemy.util.test.junit.AutoTests" name="[274] /home/travis/build/icyphy/ptII/ptolemy/actor/lib/test/auto/PublisherPortSubscriberPortOpaqueWidthInference.xml (RunModel)" time="0.015" />
  <testcase classname="ptolemy.util.test.junit.AutoTests" name="[275] /home/travis/build/icyphy/ptII/ptolemy/actor/lib/test/auto/PublisherPortToplevelSubscriberPortAOC.xml (RunModel)" time="0.01" />
  <testcase classname="ptolemy.util.test.junit.AutoTests" name="[276] /home/travis/build/icyphy/ptII/ptolemy/actor/lib/test/auto/PublisherSubscriber.xml (RunModel)" time="0.01" />
  <testcase classname="ptolemy.util.test.junit.AutoTests" name="[277] /home/travis/build/icyphy/ptII/ptolemy/actor/lib/test/auto/PublisherSubscriber10.xml (RunModel)" time="0.018" />
  <testcase classname="ptolemy.util.test.junit.AutoTests" name="[278] /home/travis/build/icyphy/ptII/ptolemy/actor/lib/test/auto/PublisherSubscriber10InitialOutputs.xml (RunModel)" time="0.025" />
  <testcase classname="ptolemy.util.test.junit.AutoTests" name="[279] /home/travis/build/icyphy/ptII/ptolemy/actor/lib/test/auto/PublisherSubscriber11.xml (RunModel)" time="0.014" />
  <testcase classname="ptolemy.util.test.junit.AutoTests" name="[280] /home/travis/build/icyphy/ptII/ptolemy/actor/lib/test/auto/PublisherSubscriber12.xml (RunModel)" time="0.01" />
  <testcase classname="ptolemy.util.test.junit.AutoTests" name="[281] /home/travis/build/icyphy/ptII/ptolemy/actor/lib/test/auto/PublisherSubscriber13.xml (RunModel)" time="0.017" />
  <testcase classname="ptolemy.util.test.junit.AutoTests" name="[282] /home/travis/build/icyphy/ptII/ptolemy/actor/lib/test/auto/PublisherSubscriber14.xml (RunModel)" time="0.018" />
  <testcase classname="ptolemy.util.test.junit.AutoTests" name="[283] /home/travis/build/icyphy/ptII/ptolemy/actor/lib/test/auto/PublisherSubscriber2.xml (RunModel)" time="0.009" />
  <testcase classname="ptolemy.util.test.junit.AutoTests" name="[284] /home/travis/build/icyphy/ptII/ptolemy/actor/lib/test/auto/PublisherSubscriber3.xml (RunModel)" time="0.008" />
  <testcase classname="ptolemy.util.test.junit.AutoTests" name="[285] /home/travis/build/icyphy/ptII/ptolemy/actor/lib/test/auto/PublisherSubscriber4.xml (RunModel)" time="0.007" />
  <testcase classname="ptolemy.util.test.junit.AutoTests" name="[286] /home/travis/build/icyphy/ptII/ptolemy/actor/lib/test/auto/PublisherSubscriber5.xml (RunModel)" time="0.009" />
  <testcase classname="ptolemy.util.test.junit.AutoTests" name="[287] /home/travis/build/icyphy/ptII/ptolemy/actor/lib/test/auto/PublisherSubscriber6.xml (RunModel)" time="0.012" />
  <testcase classname="ptolemy.util.test.junit.AutoTests" name="[288] /home/travis/build/icyphy/ptII/ptolemy/actor/lib/test/auto/PublisherSubscriber7.xml (RunModel)" time="0.016" />
  <testcase classname="ptolemy.util.test.junit.AutoTests" name="[289] /home/travis/build/icyphy/ptII/ptolemy/actor/lib/test/auto/PublisherSubscriber8.xml (RunModel)" time="0.025" />
  <testcase classname="ptolemy.util.test.junit.AutoTests" name="[290] /home/travis/build/icyphy/ptII/ptolemy/actor/lib/test/auto/PublisherSubscriber9.xml (RunModel)" time="0.013" />
  <testcase classname="ptolemy.util.test.junit.AutoTests" name="[291] /home/travis/build/icyphy/ptII/ptolemy/actor/lib/test/auto/PublisherSubscriberAdjacent.xml (RunModel)" time="0.015" />
  <testcase classname="ptolemy.util.test.junit.AutoTests" name="[292] /home/travis/build/icyphy/ptII/ptolemy/actor/lib/test/auto/PublisherSubscriberChannelVariablesAOC2.xml (RunModel)" time="0.024" />
  <testcase classname="ptolemy.util.test.junit.AutoTests" name="[293] /home/travis/build/icyphy/ptII/ptolemy/actor/lib/test/auto/PublisherSubscriberD3.xml (RunModel)" time="0.011" />
  <testcase classname="ptolemy.util.test.junit.AutoTests" name="[294] /home/travis/build/icyphy/ptII/ptolemy/actor/lib/test/auto/PublisherSubscriberD3Reverse.xml (RunModel)" time="0.009" />
  <testcase classname="ptolemy.util.test.junit.AutoTests" name="[295] /home/travis/build/icyphy/ptII/ptolemy/actor/lib/test/auto/PublisherSubscriberExpression.xml (RunModel)" time="0.025" />
  <testcase classname="ptolemy.util.test.junit.AutoTests" name="[296] /home/travis/build/icyphy/ptII/ptolemy/actor/lib/test/auto/PublisherSubscriberOpaque.xml (RunModel)" time="0.02" />
  <testcase classname="ptolemy.util.test.junit.AutoTests" name="[297] /home/travis/build/icyphy/ptII/ptolemy/actor/lib/test/auto/PublisherSubscriberOpaqueD3.xml (RunModel)" time="0.019" />
  <testcase classname="ptolemy.util.test.junit.AutoTests" name="[298] /home/travis/build/icyphy/ptII/ptolemy/actor/lib/test/auto/PublisherSubscriberOpaqueD3Reverse.xml (RunModel)" time="0.017" />
  <testcase classname="ptolemy.util.test.junit.AutoTests" name="[299] /home/travis/build/icyphy/ptII/ptolemy/actor/lib/test/auto/PublisherSubscriberOpaqueWidthInference.xml (RunModel)" time="0.013" />
  <testcase classname="ptolemy.util.test.junit.AutoTests" name="[300] /home/travis/build/icyphy/ptII/ptolemy/actor/lib/test/auto/PublisherTestSubscriber.xml (RunModel)" time="0.012" />
  <testcase classname="ptolemy.util.test.junit.AutoTests" name="[301] /home/travis/build/icyphy/ptII/ptolemy/actor/lib/test/auto/PublisherToplevelSubscriberPortAOC.xml (RunModel)" time="0.009" />
  <testcase classname="ptolemy.util.test.junit.AutoTests" name="[302] /home/travis/build/icyphy/ptII/ptolemy/actor/lib/test/auto/PulseFiringLimitDE.xml (RunModel)" time="0.012" />
  <testcase classname="ptolemy.util.test.junit.AutoTests" name="[303] /home/travis/build/icyphy/ptII/ptolemy/actor/lib/test/auto/Ramp1.xml (RunModel)" time="0.005" />
  <testcase classname="ptolemy.util.test.junit.AutoTests" name="[304] /home/travis/build/icyphy/ptII/ptolemy/actor/lib/test/auto/RampFiringLimitDE.xml (RunModel)" time="0.008" />
  <testcase classname="ptolemy.util.test.junit.AutoTests" name="[305] /home/travis/build/icyphy/ptII/ptolemy/actor/lib/test/auto/RampFiringLimitSDF.xml (RunModel)" time="0.007" />
  <testcase classname="ptolemy.util.test.junit.AutoTests" name="[306] /home/travis/build/icyphy/ptII/ptolemy/actor/lib/test/auto/RandomInteger.xml (RunModel)" time="0.008" />
  <testcase classname="ptolemy.util.test.junit.AutoTests" name="[307] /home/travis/build/icyphy/ptII/ptolemy/actor/lib/test/auto/ReadFile1.xml (RunModel)" time="0.007" />
  <testcase classname="ptolemy.util.test.junit.AutoTests" name="[308] /home/travis/build/icyphy/ptII/ptolemy/actor/lib/test/auto/ReadFile2.xml (RunModel)" time="0.006" />
  <testcase classname="ptolemy.util.test.junit.AutoTests" name="[309] /home/travis/build/icyphy/ptII/ptolemy/actor/lib/test/auto/Reader.xml (RunModel)" time="0.013" />
  <testcase classname="ptolemy.util.test.junit.AutoTests" name="[310] /home/travis/build/icyphy/ptII/ptolemy/actor/lib/test/auto/RecordAssemblerDisplayNameTest.xml (RunModel)" time="3.153" />
  <testcase classname="ptolemy.util.test.junit.AutoTests" name="[311] /home/travis/build/icyphy/ptII/ptolemy/actor/lib/test/auto/RecordAssemblerTypeError.xml (RunModel)" time="0.048" />
  <testcase classname="ptolemy.util.test.junit.AutoTests" name="[312] /home/travis/build/icyphy/ptII/ptolemy/actor/lib/test/auto/RecordDisassember.xml (RunModel)" time="0.016" />
  <testcase classname="ptolemy.util.test.junit.AutoTests" name="[313] /home/travis/build/icyphy/ptII/ptolemy/actor/lib/test/auto/RecordDisassemberDisplayNameTest.xml (RunModel)" time="0.022" />
  <testcase classname="ptolemy.util.test.junit.AutoTests" name="[314] /home/travis/build/icyphy/ptII/ptolemy/actor/lib/test/auto/RecordDisassembler.xml (RunModel)" time="0.012" />
  <testcase classname="ptolemy.util.test.junit.AutoTests" name="[315] /home/travis/build/icyphy/ptII/ptolemy/actor/lib/test/auto/RecordDisassembler2.xml (RunModel)" time="0.008" />
  <testcase classname="ptolemy.util.test.junit.AutoTests" name="[316] /home/travis/build/icyphy/ptII/ptolemy/actor/lib/test/auto/RecordUpdater.xml (RunModel)" time="0.007" />
  <testcase classname="ptolemy.util.test.junit.AutoTests" name="[317] /home/travis/build/icyphy/ptII/ptolemy/actor/lib/test/auto/RecordUpdater2.xml (RunModel)" time="0.01" />
  <testcase classname="ptolemy.util.test.junit.AutoTests" name="[318] /home/travis/build/icyphy/ptII/ptolemy/actor/lib/test/auto/RecursiveLattice.xml (RunModel)" time="0.008" />
  <testcase classname="ptolemy.util.test.junit.AutoTests" name="[319] /home/travis/build/icyphy/ptII/ptolemy/actor/lib/test/auto/Router.xml (RunModel)" time="3.032" />
  <testcase classname="ptolemy.util.test.junit.AutoTests" name="[320] /home/travis/build/icyphy/ptII/ptolemy/actor/lib/test/auto/Router2.xml (RunModel)" time="3.028" />
  <testcase classname="ptolemy.util.test.junit.AutoTests" name="[321] /home/travis/build/icyphy/ptII/ptolemy/actor/lib/test/auto/RunningMaximum.xml (RunModel)" time="0.024" />
  <testcase classname="ptolemy.util.test.junit.AutoTests" name="[322] /home/travis/build/icyphy/ptII/ptolemy/actor/lib/test/auto/RunningMinimum.xml (RunModel)" time="0.016" />
  <testcase classname="ptolemy.util.test.junit.AutoTests" name="[323] /home/travis/build/icyphy/ptII/ptolemy/actor/lib/test/auto/Scale.xml (RunModel)" time="0.015" />
  <testcase classname="ptolemy.util.test.junit.AutoTests" name="[324] /home/travis/build/icyphy/ptII/ptolemy/actor/lib/test/auto/Scale2.xml (RunModel)" time="0.007" />
  <testcase classname="ptolemy.util.test.junit.AutoTests" name="[325] /home/travis/build/icyphy/ptII/ptolemy/actor/lib/test/auto/Scale3.xml (RunModel)" time="0.016" />
  <testcase classname="ptolemy.util.test.junit.AutoTests" name="[326] /home/travis/build/icyphy/ptII/ptolemy/actor/lib/test/auto/ScaleArray.xml (RunModel)" time="0.006" />
  <testcase classname="ptolemy.util.test.junit.AutoTests" name="[327] /home/travis/build/icyphy/ptII/ptolemy/actor/lib/test/auto/ScaleArray2.xml (RunModel)" time="0.006" />
  <testcase classname="ptolemy.util.test.junit.AutoTests" name="[328] /home/travis/build/icyphy/ptII/ptolemy/actor/lib/test/auto/ScaleMatrix.xml (RunModel)" time="0.142" />
  <testcase classname="ptolemy.util.test.junit.AutoTests" name="[329] /home/travis/build/icyphy/ptII/ptolemy/actor/lib/test/auto/Select.xml (RunModel)" time="0.012" />
  <testcase classname="ptolemy.util.test.junit.AutoTests" name="[330] /home/travis/build/icyphy/ptII/ptolemy/actor/lib/test/auto/Select2.xml (RunModel)" time="0.006" />
  <testcase classname="ptolemy.util.test.junit.AutoTests" name="[331] /home/travis/build/icyphy/ptII/ptolemy/actor/lib/test/auto/SequenceToArray2.xml (RunModel)" time="0.138" />
  <testcase classname="ptolemy.util.test.junit.AutoTests" name="[332] /home/travis/build/icyphy/ptII/ptolemy/actor/lib/test/auto/SequentialClock.xml (RunModel)" time="0.012" />
  <testcase classname="ptolemy.util.test.junit.AutoTests" name="[333] /home/travis/build/icyphy/ptII/ptolemy/actor/lib/test/auto/SetVariable.xml (RunModel)" time="0.01" />
  <testcase classname="ptolemy.util.test.junit.AutoTests" name="[334] /home/travis/build/icyphy/ptII/ptolemy/actor/lib/test/auto/SetVariable2.xml (RunModel)" time="0.008" />
  <testcase classname="ptolemy.util.test.junit.AutoTests" name="[335] /home/travis/build/icyphy/ptII/ptolemy/actor/lib/test/auto/SetVariable3.xml (RunModel)" time="0.012" />
  <testcase classname="ptolemy.util.test.junit.AutoTests" name="[336] /home/travis/build/icyphy/ptII/ptolemy/actor/lib/test/auto/SetVariable4.xml (RunModel)" time="0.023" />
  <testcase classname="ptolemy.util.test.junit.AutoTests" name="[337] /home/travis/build/icyphy/ptII/ptolemy/actor/lib/test/auto/SetVariable5.xml (RunModel)" time="0.034" />
  <testcase classname="ptolemy.util.test.junit.AutoTests" name="[338] /home/travis/build/icyphy/ptII/ptolemy/actor/lib/test/auto/Sinewave.xml (RunModel)" time="0.023" />
  <testcase classname="ptolemy.util.test.junit.AutoTests" name="[339] /home/travis/build/icyphy/ptII/ptolemy/actor/lib/test/auto/Sinewave2.xml (RunModel)" time="0.014" />
  <testcase classname="ptolemy.util.test.junit.AutoTests" name="[340] /home/travis/build/icyphy/ptII/ptolemy/actor/lib/test/auto/Sinewave3.xml (RunModel)" time="0.035" />
  <testcase classname="ptolemy.util.test.junit.AutoTests" name="[341] /home/travis/build/icyphy/ptII/ptolemy/actor/lib/test/auto/SingleEvent.xml (RunModel)" time="0.006" />
  <testcase classname="ptolemy.util.test.junit.AutoTests" name="[342] /home/travis/build/icyphy/ptII/ptolemy/actor/lib/test/auto/Sleep.xml (RunModel)" time="6.01" />
  <testcase classname="ptolemy.util.test.junit.AutoTests" name="[343] /home/travis/build/icyphy/ptII/ptolemy/actor/lib/test/auto/SleepMultipleFire.xml (RunModel)" time="1.018" />
  <testcase classname="ptolemy.util.test.junit.AutoTests" name="[344] /home/travis/build/icyphy/ptII/ptolemy/actor/lib/test/auto/StopDE.xml (RunModel)" time="0.011" />
  <testcase classname="ptolemy.util.test.junit.AutoTests" name="[345] /home/travis/build/icyphy/ptII/ptolemy/actor/lib/test/auto/StopSDF.xml (RunModel)" time="0.011" />
  <testcase classname="ptolemy.util.test.junit.AutoTests" name="[346] /home/travis/build/icyphy/ptII/ptolemy/actor/lib/test/auto/StringConstant.xml (RunModel)" time="0.014" />
  <testcase classname="ptolemy.util.test.junit.AutoTests" name="[347] /home/travis/build/icyphy/ptII/ptolemy/actor/lib/test/auto/SubscriberPortInitialValues1.xml (RunModel)" time="0.019" />
  <testcase classname="ptolemy.util.test.junit.AutoTests" name="[348] /home/travis/build/icyphy/ptII/ptolemy/actor/lib/test/auto/SubscriberPortInitialValues13.xml (RunModel)" time="0.025" />
  <testcase classname="ptolemy.util.test.junit.AutoTests" name="[349] /home/travis/build/icyphy/ptII/ptolemy/actor/lib/test/auto/SubscriberPortInitialValues14.xml (RunModel)" time="0.014" />
  <testcase classname="ptolemy.util.test.junit.AutoTests" name="[350] /home/travis/build/icyphy/ptII/ptolemy/actor/lib/test/auto/SubscriberPortInitialValues2.xml (RunModel)" time="0.015" />
  <testcase classname="ptolemy.util.test.junit.AutoTests" name="[351] /home/travis/build/icyphy/ptII/ptolemy/actor/lib/test/auto/SubscriberPortInitialValues3.xml (RunModel)" time="0.019" />
  <testcase classname="ptolemy.util.test.junit.AutoTests" name="[352] /home/travis/build/icyphy/ptII/ptolemy/actor/lib/test/auto/SubscriptionAggregator.xml (RunModel)" time="0.011" />
  <testcase classname="ptolemy.util.test.junit.AutoTests" name="[353] /home/travis/build/icyphy/ptII/ptolemy/actor/lib/test/auto/SubscriptionAggregator2.xml (RunModel)" time="0.011" />
  <testcase classname="ptolemy.util.test.junit.AutoTests" name="[354] /home/travis/build/icyphy/ptII/ptolemy/actor/lib/test/auto/SubscriptionAggregator3.xml (RunModel)" time="0.016" />
  <testcase classname="ptolemy.util.test.junit.AutoTests" name="[355] /home/travis/build/icyphy/ptII/ptolemy/actor/lib/test/auto/SubscriptionAggregatorMultiply.xml (RunModel)" time="0.024" />
  <testcase classname="ptolemy.util.test.junit.AutoTests" name="[356] /home/travis/build/icyphy/ptII/ptolemy/actor/lib/test/auto/SubscriptionAggregatorPortMultiply1.xml (RunModel)" time="0.014" />
  <testcase classname="ptolemy.util.test.junit.AutoTests" name="[357] /home/travis/build/icyphy/ptII/ptolemy/actor/lib/test/auto/Switch.xml (RunModel)" time="0.018" />
  <testcase classname="ptolemy.util.test.junit.AutoTests" name="[358] /home/travis/build/icyphy/ptII/ptolemy/actor/lib/test/auto/Switch2.xml (RunModel)" time="0.012" />
  <testcase classname="ptolemy.util.test.junit.AutoTests" name="[359] /home/travis/build/icyphy/ptII/ptolemy/actor/lib/test/auto/SwitchDE.xml (RunModel)" time="0.012" />
  <testcase classname="ptolemy.util.test.junit.AutoTests" name="[360] /home/travis/build/icyphy/ptII/ptolemy/actor/lib/test/auto/SynchronizerDE.xml (RunModel)" time="0.022" />
  <testcase classname="ptolemy.util.test.junit.AutoTests" name="[361] /home/travis/build/icyphy/ptII/ptolemy/actor/lib/test/auto/Test.xml (RunModel)" time="0.016" />
  <testcase classname="ptolemy.util.test.junit.AutoTests" name="[362] /home/travis/build/icyphy/ptII/ptolemy/actor/lib/test/auto/TestExceptionAttribute1.xml (RunModel)" time="0.01" />
  <testcase classname="ptolemy.util.test.junit.AutoTests" name="[363] /home/travis/build/icyphy/ptII/ptolemy/actor/lib/test/auto/TestExceptionAttribute2.xml (RunModel)" time="0.008" />
  <testcase classname="ptolemy.util.test.junit.AutoTests" name="[364] /home/travis/build/icyphy/ptII/ptolemy/actor/lib/test/auto/TestExceptionAttribute3.xml (RunModel)" time="0.01" />
  <testcase classname="ptolemy.util.test.junit.AutoTests" name="[365] /home/travis/build/icyphy/ptII/ptolemy/actor/lib/test/auto/TestExceptionAttribute4.xml (RunModel)" time="0.007" />
  <testcase classname="ptolemy.util.test.junit.AutoTests" name="[366] /home/travis/build/icyphy/ptII/ptolemy/actor/lib/test/auto/TestExceptionHandler1.xml (RunModel)" time="0.006" />
  <testcase classname="ptolemy.util.test.junit.AutoTests" name="[367] /home/travis/build/icyphy/ptII/ptolemy/actor/lib/test/auto/TestExceptionHandler2.xml (RunModel)" time="0.009" />
  <testcase classname="ptolemy.util.test.junit.AutoTests" name="[368] /home/travis/build/icyphy/ptII/ptolemy/actor/lib/test/auto/TestExceptionHandler3.xml (RunModel)" time="0.005" />
  <testcase classname="ptolemy.util.test.junit.AutoTests" name="[369] /home/travis/build/icyphy/ptII/ptolemy/actor/lib/test/auto/TestExceptionHandler4.xml (RunModel)" time="0.005" />
  <testcase classname="ptolemy.util.test.junit.AutoTests" name="[370] /home/travis/build/icyphy/ptII/ptolemy/actor/lib/test/auto/TestRequireCorrectOrder.xml (RunModel)" time="0.011" />
  <testcase classname="ptolemy.util.test.junit.AutoTests" name="[371] /home/travis/build/icyphy/ptII/ptolemy/actor/lib/test/auto/TestSimple.xml (RunModel)" time="0.005" />
  <testcase classname="ptolemy.util.test.junit.AutoTests" name="[372] /home/travis/build/icyphy/ptII/ptolemy/actor/lib/test/auto/ThrowModelError.xml (RunModel)" time="0.009" />
  <testcase classname="ptolemy.util.test.junit.AutoTests" name="[373] /home/travis/build/icyphy/ptII/ptolemy/actor/lib/test/auto/TimeDelayMicrosteps.xml (RunModel)" time="0.012" />
  <testcase classname="ptolemy.util.test.junit.AutoTests" name="[374] /home/travis/build/icyphy/ptII/ptolemy/actor/lib/test/auto/TimeDelayMicrosteps2.xml (RunModel)" time="0.014" />
  <testcase classname="ptolemy.util.test.junit.AutoTests" name="[375] /home/travis/build/icyphy/ptII/ptolemy/actor/lib/test/auto/TimeDelayMicrosteps3.xml (RunModel)" time="0.011" />
  <testcase classname="ptolemy.util.test.junit.AutoTests" name="[376] /home/travis/build/icyphy/ptII/ptolemy/actor/lib/test/auto/TimeDelayVariableMicrosteps.xml (RunModel)" time="0.011" />
  <testcase classname="ptolemy.util.test.junit.AutoTests" name="[377] /home/travis/build/icyphy/ptII/ptolemy/actor/lib/test/auto/TimeGap.xml (RunModel)" time="0.015" />
  <testcase classname="ptolemy.util.test.junit.AutoTests" name="[378] /home/travis/build/icyphy/ptII/ptolemy/actor/lib/test/auto/TimeGap2.xml (RunModel)" time="0.011" />
  <testcase classname="ptolemy.util.test.junit.AutoTests" name="[379] /home/travis/build/icyphy/ptII/ptolemy/actor/lib/test/auto/TimedSinewave.xml (RunModel)" time="0.052" />
  <testcase classname="ptolemy.util.test.junit.AutoTests" name="[380] /home/travis/build/icyphy/ptII/ptolemy/actor/lib/test/auto/TimedSinewavePhase.xml (RunModel)" time="0.041" />
  <testcase classname="ptolemy.util.test.junit.AutoTests" name="[381] /home/travis/build/icyphy/ptII/ptolemy/actor/lib/test/auto/Timer.xml (RunModel)" time="0.01" />
  <testcase classname="ptolemy.util.test.junit.AutoTests" name="[382] /home/travis/build/icyphy/ptII/ptolemy/actor/lib/test/auto/TriangularDistTestModel.xml (RunModel)" time="0.014" />
  <testcase classname="ptolemy.util.test.junit.AutoTests" name="[383] /home/travis/build/icyphy/ptII/ptolemy/actor/lib/test/auto/TrigFunction.xml (RunModel)" time="0.007" />
  <testcase classname="ptolemy.util.test.junit.AutoTests" name="[384] /home/travis/build/icyphy/ptII/ptolemy/actor/lib/test/auto/TrigFunctionDE.xml (RunModel)" time="0.01" />
  <testcase classname="ptolemy.util.test.junit.AutoTests" name="[385] /home/travis/build/icyphy/ptII/ptolemy/actor/lib/test/auto/TrigFunctionInverse.xml (RunModel)" time="0.008" />
  <testcase classname="ptolemy.util.test.junit.AutoTests" name="[386] /home/travis/build/icyphy/ptII/ptolemy/actor/lib/test/auto/TrigFunctionTan.xml (RunModel)" time="0.006" />
  <testcase classname="ptolemy.util.test.junit.AutoTests" name="[387] /home/travis/build/icyphy/ptII/ptolemy/actor/lib/test/auto/TriggeredClock.xml (RunModel)" time="0.007" />
  <testcase classname="ptolemy.util.test.junit.AutoTests" name="[388] /home/travis/build/icyphy/ptII/ptolemy/actor/lib/test/auto/URLDirectoryReader.xml (RunModel)" time="0.097" />
  <testcase classname="ptolemy.util.test.junit.AutoTests" name="[389] /home/travis/build/icyphy/ptII/ptolemy/actor/lib/test/auto/URLDirectoryReader3.xml (RunModel)" time="1.775" />
  <testcase classname="ptolemy.util.test.junit.AutoTests" name="[390] /home/travis/build/icyphy/ptII/ptolemy/actor/lib/test/auto/UnaryMathFunction.xml (RunModel)" time="0.03" />
  <testcase classname="ptolemy.util.test.junit.AutoTests" name="[391] /home/travis/build/icyphy/ptII/ptolemy/actor/lib/test/auto/Uniform.xml (RunModel)" time="0.009" />
  <testcase classname="ptolemy.util.test.junit.AutoTests" name="[392] /home/travis/build/icyphy/ptII/ptolemy/actor/lib/test/auto/UnionDisassemblerTest.xml (RunModel)" time="0.009" />
  <testcase classname="ptolemy.util.test.junit.AutoTests" name="[393] /home/travis/build/icyphy/ptII/ptolemy/actor/lib/test/auto/UtilityFunctions.xml (RunModel)" time="0.005" />
  <testcase classname="ptolemy.util.test.junit.AutoTests" name="[394] /home/travis/build/icyphy/ptII/ptolemy/actor/lib/test/auto/VariableSleep.xml (RunModel)" time="0.51" />
  <testcase classname="ptolemy.util.test.junit.AutoTests" name="[395] /home/travis/build/icyphy/ptII/ptolemy/actor/lib/test/auto/VectorAssemblerDisassemblerCT.xml (RunModel)" time="0.105" />
  <testcase classname="ptolemy.util.test.junit.AutoTests" name="[396] /home/travis/build/icyphy/ptII/ptolemy/actor/lib/test/auto/VectorAssemblerDisassemblerDE.xml (RunModel)" time="0.013" />
  <testcase classname="ptolemy.util.test.junit.AutoTests" name="[397] /home/travis/build/icyphy/ptII/ptolemy/actor/lib/test/auto/VectorAssemblerDisassemblerSDF.xml (RunModel)" time="0.011" />
  <testcase classname="ptolemy.util.test.junit.AutoTests" name="[398] /home/travis/build/icyphy/ptII/ptolemy/actor/lib/test/auto/WallClockTime.xml (RunModel)" time="1.012" />
  <testcase classname="ptolemy.util.test.junit.AutoTests" name="[399] /home/travis/build/icyphy/ptII/ptolemy/actor/lib/test/auto/WidthTestWithSubscriberPublisher.xml (RunModel)" time="0.035" />
  <testcase classname="ptolemy.util.test.junit.AutoTests" name="[400] /home/travis/build/icyphy/ptII/ptolemy/actor/lib/test/auto/WidthTestWithSubscriberPublisher2.xml (RunModel)" time="0.015" />
  <testcase classname="ptolemy.util.test.junit.AutoTests" name="[401] /home/travis/build/icyphy/ptII/ptolemy/actor/lib/test/auto/WidthTestWithSubscriberPublisher3.xml (RunModel)" time="0.01" />
  <testcase classname="ptolemy.util.test.junit.AutoTests" name="[402] /home/travis/build/icyphy/ptII/ptolemy/actor/lib/test/auto/Writer.xml (RunModel)" time="0.007" />
  <testcase classname="ptolemy.util.test.junit.AutoTests" name="[403] /home/travis/build/icyphy/ptII/ptolemy/actor/lib/test/auto/array.xml (RunModel)" time="0.006" />
  <testcase classname="ptolemy.util.test.junit.AutoTests" name="[404] /home/travis/build/icyphy/ptII/ptolemy/actor/lib/test/auto/array2.xml (RunModel)" time="0.009" />
  <testcase classname="ptolemy.util.test.junit.AutoTests" name="[405] /home/travis/build/icyphy/ptII/ptolemy/actor/lib/test/auto/arrayType.xml (RunModel)" time="0.008" />
  <testcase classname="ptolemy.util.test.junit.AutoTests" name="[406] /home/travis/build/icyphy/ptII/ptolemy/actor/lib/test/auto/arrayType10.xml (RunModel)" time="0.007" />
  <testcase classname="ptolemy.util.test.junit.AutoTests" name="[407] /home/travis/build/icyphy/ptII/ptolemy/actor/lib/test/auto/arrayType11.xml (RunModel)" time="0.006" />
  <testcase classname="ptolemy.util.test.junit.AutoTests" name="[408] /home/travis/build/icyphy/ptII/ptolemy/actor/lib/test/auto/arrayType12.xml (RunModel)" time="0.007" />
  <testcase classname="ptolemy.util.test.junit.AutoTests" name="[409] /home/travis/build/icyphy/ptII/ptolemy/actor/lib/test/auto/arrayType13.xml (RunModel)" time="0.007" />
  <testcase classname="ptolemy.util.test.junit.AutoTests" name="[410] /home/travis/build/icyphy/ptII/ptolemy/actor/lib/test/auto/arrayType14.xml (RunModel)" time="0.008" />
  <testcase classname="ptolemy.util.test.junit.AutoTests" name="[411] /home/travis/build/icyphy/ptII/ptolemy/actor/lib/test/auto/arrayType15.xml (RunModel)" time="0.008" />
  <testcase classname="ptolemy.util.test.junit.AutoTests" name="[412] /home/travis/build/icyphy/ptII/ptolemy/actor/lib/test/auto/arrayType16.xml (RunModel)" time="0.007" />
  <testcase classname="ptolemy.util.test.junit.AutoTests" name="[413] /home/travis/build/icyphy/ptII/ptolemy/actor/lib/test/auto/arrayType17.xml (RunModel)" time="0.007" />
  <testcase classname="ptolemy.util.test.junit.AutoTests" name="[414] /home/travis/build/icyphy/ptII/ptolemy/actor/lib/test/auto/arrayType18.xml (RunModel)" time="0.006" />
  <testcase classname="ptolemy.util.test.junit.AutoTests" name="[415] /home/travis/build/icyphy/ptII/ptolemy/actor/lib/test/auto/arrayType19.xml (RunModel)" time="0.008" />
  <testcase classname="ptolemy.util.test.junit.AutoTests" name="[416] /home/travis/build/icyphy/ptII/ptolemy/actor/lib/test/auto/arrayType2.xml (RunModel)" time="0.007" />
  <testcase classname="ptolemy.util.test.junit.AutoTests" name="[417] /home/travis/build/icyphy/ptII/ptolemy/actor/lib/test/auto/arrayType20.xml (RunModel)" time="0.007" />
  <testcase classname="ptolemy.util.test.junit.AutoTests" name="[418] /home/travis/build/icyphy/ptII/ptolemy/actor/lib/test/auto/arrayType21.xml (RunModel)" time="0.006" />
  <testcase classname="ptolemy.util.test.junit.AutoTests" name="[419] /home/travis/build/icyphy/ptII/ptolemy/actor/lib/test/auto/arrayType22.xml (RunModel)" time="0.007" />
  <testcase classname="ptolemy.util.test.junit.AutoTests" name="[420] /home/travis/build/icyphy/ptII/ptolemy/actor/lib/test/auto/arrayType23.xml (RunModel)" time="0.006" />
  <testcase classname="ptolemy.util.test.junit.AutoTests" name="[421] /home/travis/build/icyphy/ptII/ptolemy/actor/lib/test/auto/arrayType24.xml (RunModel)" time="0.007" />
  <testcase classname="ptolemy.util.test.junit.AutoTests" name="[422] /home/travis/build/icyphy/ptII/ptolemy/actor/lib/test/auto/arrayType25.xml (RunModel)" time="0.006" />
  <testcase classname="ptolemy.util.test.junit.AutoTests" name="[423] /home/travis/build/icyphy/ptII/ptolemy/actor/lib/test/auto/arrayType26.xml (RunModel)" time="0.007" />
  <testcase classname="ptolemy.util.test.junit.AutoTests" name="[424] /home/travis/build/icyphy/ptII/ptolemy/actor/lib/test/auto/arrayType27.xml (RunModel)" time="0.007" />
  <testcase classname="ptolemy.util.test.junit.AutoTests" name="[425] /home/travis/build/icyphy/ptII/ptolemy/actor/lib/test/auto/arrayType28.xml (RunModel)" time="0.008" />
  <testcase classname="ptolemy.util.test.junit.AutoTests" name="[426] /home/travis/build/icyphy/ptII/ptolemy/actor/lib/test/auto/arrayType3.xml (RunModel)" time="0.006" />
  <testcase classname="ptolemy.util.test.junit.AutoTests" name="[427] /home/travis/build/icyphy/ptII/ptolemy/actor/lib/test/auto/arrayType4.xml (RunModel)" time="0.012" />
  <testcase classname="ptolemy.util.test.junit.AutoTests" name="[428] /home/travis/build/icyphy/ptII/ptolemy/actor/lib/test/auto/arrayType5.xml (RunModel)" time="0.007" />
  <testcase classname="ptolemy.util.test.junit.AutoTests" name="[429] /home/travis/build/icyphy/ptII/ptolemy/actor/lib/test/auto/arrayType6.xml (RunModel)" time="0.007" />
  <testcase classname="ptolemy.util.test.junit.AutoTests" name="[430] /home/travis/build/icyphy/ptII/ptolemy/actor/lib/test/auto/arrayType7.xml (RunModel)" time="0.006" />
  <testcase classname="ptolemy.util.test.junit.AutoTests" name="[431] /home/travis/build/icyphy/ptII/ptolemy/actor/lib/test/auto/arrayType8.xml (RunModel)" time="0.022" />
  <testcase classname="ptolemy.util.test.junit.AutoTests" name="[432] /home/travis/build/icyphy/ptII/ptolemy/actor/lib/test/auto/arrayType9.xml (RunModel)" time="0.008" />
  <testcase classname="ptolemy.util.test.junit.AutoTests" name="[433] /home/travis/build/icyphy/ptII/ptolemy/actor/lib/test/auto/cast.xml (RunModel)" time="0.009" />
  <testcase classname="ptolemy.util.test.junit.AutoTests" name="[434] /home/travis/build/icyphy/ptII/ptolemy/actor/lib/test/auto/compositeMultiPort.xml (RunModel)" time="0.013" />
  <testcase classname="ptolemy.util.test.junit.AutoTests" name="[435] /home/travis/build/icyphy/ptII/ptolemy/actor/lib/test/auto/expressionCastInference.xml (RunModel)" time="0.007" />
  <testcase classname="ptolemy.util.test.junit.AutoTests" name="[436] /home/travis/build/icyphy/ptII/ptolemy/actor/lib/test/auto/expressionCastInference2.xml (RunModel)" time="0.006" />
  <testcase classname="ptolemy.util.test.junit.AutoTests" name="[437] /home/travis/build/icyphy/ptII/ptolemy/actor/lib/test/auto/expressionInference.xml (RunModel)" time="0.005" />
  <testcase classname="ptolemy.util.test.junit.AutoTests" name="[438] /home/travis/build/icyphy/ptII/ptolemy/actor/lib/test/auto/expression_bug.xml (RunModel)" time="0.006" />
  <testcase classname="ptolemy.util.test.junit.AutoTests" name="[439] /home/travis/build/icyphy/ptII/ptolemy/actor/lib/test/auto/factorial.xml (RunModel)" time="0.049" />
  <testcase classname="ptolemy.util.test.junit.AutoTests" name="[440] /home/travis/build/icyphy/ptII/ptolemy/actor/lib/test/auto/filterTest1.xml (RunModel)" time="0.011" />
  <testcase classname="ptolemy.util.test.junit.AutoTests" name="[441] /home/travis/build/icyphy/ptII/ptolemy/actor/lib/test/auto/funcApplyInConst.xml (RunModel)" time="0.005" />
  <testcase classname="ptolemy.util.test.junit.AutoTests" name="[442] /home/travis/build/icyphy/ptII/ptolemy/actor/lib/test/auto/funcApplyInExpr.xml (RunModel)" time="0.005" />
  <testcase classname="ptolemy.util.test.junit.AutoTests" name="[443] /home/travis/build/icyphy/ptII/ptolemy/actor/lib/test/auto/function.xml (RunModel)" time="0.008" />
  <testcase classname="ptolemy.util.test.junit.AutoTests" name="[444] /home/travis/build/icyphy/ptII/ptolemy/actor/lib/test/auto/function2.xml (RunModel)" time="0.007" />
  <testcase classname="ptolemy.util.test.junit.AutoTests" name="[445] /home/travis/build/icyphy/ptII/ptolemy/actor/lib/test/auto/function3.xml (RunModel)" time="0.005" />
  <testcase classname="ptolemy.util.test.junit.AutoTests" name="[446] /home/travis/build/icyphy/ptII/ptolemy/actor/lib/test/auto/functionClosureTest1.xml (RunModel)" time="0.009" />
  <testcase classname="ptolemy.util.test.junit.AutoTests" name="[447] /home/travis/build/icyphy/ptII/ptolemy/actor/lib/test/auto/functionClosureTest2.xml (RunModel)" time="0.005" />
  <testcase classname="ptolemy.util.test.junit.AutoTests" name="[448] /home/travis/build/icyphy/ptII/ptolemy/actor/lib/test/auto/functionClosureTest3.xml (RunModel)" time="0.008" />
  <testcase classname="ptolemy.util.test.junit.AutoTests" name="[449] /home/travis/build/icyphy/ptII/ptolemy/actor/lib/test/auto/functionClosureTest4.xml (RunModel)" time="0.017" />
  <testcase classname="ptolemy.util.test.junit.AutoTests" name="[450] /home/travis/build/icyphy/ptII/ptolemy/actor/lib/test/auto/functionClosureTest5.xml (RunModel)" time="0.011" />
  <testcase classname="ptolemy.util.test.junit.AutoTests" name="[451] /home/travis/build/icyphy/ptII/ptolemy/actor/lib/test/auto/functionClosureTest6.xml (RunModel)" time="0.007" />
  <testcase classname="ptolemy.util.test.junit.AutoTests" name="[452] /home/travis/build/icyphy/ptII/ptolemy/actor/lib/test/auto/functionsOnArcs.xml (RunModel)" time="0.008" />
  <testcase classname="ptolemy.util.test.junit.AutoTests" name="[453] /home/travis/build/icyphy/ptII/ptolemy/actor/lib/test/auto/functionsOnArcsHOF.xml (RunModel)" time="0.011" />
  <testcase classname="ptolemy.util.test.junit.AutoTests" name="[454] /home/travis/build/icyphy/ptII/ptolemy/actor/lib/test/auto/logic.xml (RunModel)" time="0.017" />
  <testcase classname="ptolemy.util.test.junit.AutoTests" name="[455] /home/travis/build/icyphy/ptII/ptolemy/actor/lib/test/auto/matrixType.xml (RunModel)" time="0.008" />
  <testcase classname="ptolemy.util.test.junit.AutoTests" name="[456] /home/travis/build/icyphy/ptII/ptolemy/actor/lib/test/auto/matrixType10.xml (RunModel)" time="0.008" />
  <testcase classname="ptolemy.util.test.junit.AutoTests" name="[457] /home/travis/build/icyphy/ptII/ptolemy/actor/lib/test/auto/matrixType11.xml (RunModel)" time="0.007" />
  <testcase classname="ptolemy.util.test.junit.AutoTests" name="[458] /home/travis/build/icyphy/ptII/ptolemy/actor/lib/test/auto/matrixType12.xml (RunModel)" time="0.009" />
  <testcase classname="ptolemy.util.test.junit.AutoTests" name="[459] /home/travis/build/icyphy/ptII/ptolemy/actor/lib/test/auto/matrixType13.xml (RunModel)" time="0.008" />
  <testcase classname="ptolemy.util.test.junit.AutoTests" name="[460] /home/travis/build/icyphy/ptII/ptolemy/actor/lib/test/auto/matrixType14.xml (RunModel)" time="0.011" />
  <testcase classname="ptolemy.util.test.junit.AutoTests" name="[461] /home/travis/build/icyphy/ptII/ptolemy/actor/lib/test/auto/matrixType2.xml (RunModel)" time="0.009" />
  <testcase classname="ptolemy.util.test.junit.AutoTests" name="[462] /home/travis/build/icyphy/ptII/ptolemy/actor/lib/test/auto/matrixType3.xml (RunModel)" time="0.009" />
  <testcase classname="ptolemy.util.test.junit.AutoTests" name="[463] /home/travis/build/icyphy/ptII/ptolemy/actor/lib/test/auto/matrixType4.xml (RunModel)" time="0.006" />
  <testcase classname="ptolemy.util.test.junit.AutoTests" name="[464] /home/travis/build/icyphy/ptII/ptolemy/actor/lib/test/auto/matrixType5.xml (RunModel)" time="0.007" />
  <testcase classname="ptolemy.util.test.junit.AutoTests" name="[465] /home/travis/build/icyphy/ptII/ptolemy/actor/lib/test/auto/matrixType6.xml (RunModel)" time="0.007" />
  <testcase classname="ptolemy.util.test.junit.AutoTests" name="[466] /home/travis/build/icyphy/ptII/ptolemy/actor/lib/test/auto/matrixType7.xml (RunModel)" time="0.007" />
  <testcase classname="ptolemy.util.test.junit.AutoTests" name="[467] /home/travis/build/icyphy/ptII/ptolemy/actor/lib/test/auto/matrixType8.xml (RunModel)" time="0.006" />
  <testcase classname="ptolemy.util.test.junit.AutoTests" name="[468] /home/travis/build/icyphy/ptII/ptolemy/actor/lib/test/auto/matrixType9.xml (RunModel)" time="0.006" />
  <testcase classname="ptolemy.util.test.junit.AutoTests" name="[469] /home/travis/build/icyphy/ptII/ptolemy/actor/lib/test/auto/paraFunctest.xml (RunModel)" time="0.008" />
  <testcase classname="ptolemy.util.test.junit.AutoTests" name="[470] /home/travis/build/icyphy/ptII/ptolemy/actor/lib/test/auto/paraFunctest2.xml (RunModel)" time="0.01" />
  <testcase classname="ptolemy.util.test.junit.AutoTests" name="[471] /home/travis/build/icyphy/ptII/ptolemy/actor/lib/test/auto/parameterPassing.xml (RunModel)" time="0.006" />
  <testcase classname="ptolemy.util.test.junit.AutoTests" name="[472] /home/travis/build/icyphy/ptII/ptolemy/actor/lib/test/auto/record.xml (RunModel)" time="0.007" />
  <testcase classname="ptolemy.util.test.junit.AutoTests" name="[473] /home/travis/build/icyphy/ptII/ptolemy/actor/lib/test/auto/sizedarray1.xml (RunModel)" time="0.007" />
  <testcase classname="ptolemy.util.test.junit.AutoTests" name="[474] /home/travis/build/icyphy/ptII/ptolemy/actor/lib/test/auto/sizedarray2.xml (RunModel)" time="0.007" />
  <testcase classname="ptolemy.util.test.junit.AutoTests" name="[475] /home/travis/build/icyphy/ptII/ptolemy/actor/lib/test/auto/twoPublishers.xml (RunModel)" time="0.021" />
  <system-out><![CDATA[/home/travis/build/icyphy/ptII/ptolemy/actor/lib/test/AbsoluteValue.tcl
testDefs.tcl: setting time out to 9000 seconds at Wed Mar 11 07:19:01 UTC 2020
123 ms. Memory: 129024K Free: 93128K (72%)
9 ms. Memory: 129024K Free: 91080K (71%)
8 ms. Memory: 129024K Free: 90559K (70%)
12 ms. Memory: 129024K Free: 89527K (69%)
/home/travis/build/icyphy/ptII/ptolemy/actor/lib/test/AddSubtract.tcl
17 ms. Memory: 129024K Free: 87494K (68%)
5 ms. Memory: 129024K Free: 86984K (67%)
6 ms. Memory: 129024K Free: 85960K (67%)
7 ms. Memory: 129024K Free: 85439K (66%)
55 ms. Memory: 129024K Free: 82374K (64%)
5 ms. Memory: 129024K Free: 81350K (63%)
/home/travis/build/icyphy/ptII/ptolemy/actor/lib/test/Average.tcl
13 ms. Memory: 129024K Free: 79816K (62%)
6 ms. Memory: 129024K Free: 78792K (61%)
/home/travis/build/icyphy/ptII/ptolemy/actor/lib/test/Bernoulli.tcl
4 ms. Memory: 129024K Free: 77239K (60%)
2 ms. Memory: 129024K Free: 76744K (59%)
/home/travis/build/icyphy/ptII/ptolemy/actor/lib/test/Clock.tcl
preinitializing
resolving types
initializing
executing number 1
wrapping up
idle
18 ms. Memory: 129024K Free: 74182K (57%)
Completed execution with 5 iterations
preinitializing
resolving types
initializing
executing number 1
wrapping up
idle
4 ms. Memory: 129024K Free: 73127K (57%)
Completed execution with 5 iterations
preinitializing
resolving types
initializing
executing number 1
wrapping up
idle
3 ms. Memory: 129024K Free: 72648K (56%)
Completed execution with 5 iterations
/home/travis/build/icyphy/ptII/ptolemy/actor/lib/test/Commutator.tcl
6 ms. Memory: 129024K Free: 70600K (55%)
5 ms. Memory: 129024K Free: 69576K (54%)
17 ms. Memory: 129024K Free: 63911K (50%)
/home/travis/build/icyphy/ptII/ptolemy/actor/lib/test/Const.tcl
6 ms. Memory: 129024K Free: 62408K (48%)
9 ms. Memory: 129024K Free: 61879K (48%)
3 ms. Memory: 129024K Free: 61384K (48%)
4 ms. Memory: 129024K Free: 60870K (47%)
2 ms. Memory: 129024K Free: 60360K (47%)
21 ms. Memory: 129024K Free: 58822K (46%)
12 ms. Memory: 129024K Free: 57288K (44%)
7 ms. Memory: 129024K Free: 56767K (44%)
/home/travis/build/icyphy/ptII/ptolemy/actor/lib/test/CurrentTime.tcl
preinitializing
resolving types
initializing
executing number 1
wrapping up
idle
16 ms. Memory: 129024K Free: 54711K (42%)
Completed execution with 11 iterations
/home/travis/build/icyphy/ptII/ptolemy/actor/lib/test/DB.tcl
7 ms. Memory: 129024K Free: 53192K (41%)
4 ms. Memory: 129024K Free: 52677K (41%)
1 ms. Memory: 129024K Free: 52168K (40%)
/home/travis/build/icyphy/ptII/ptolemy/actor/lib/test/DiscreteRandomSource.tcl
preinitializing
resolving types
initializing
executing number 1
wrapping up
idle
11 ms. Memory: 129024K Free: 50615K (39%)
Completed execution with 4 iterations
preinitializing
resolving types
initializing
executing number 1
wrapping up
idle
2 ms. Memory: 129024K Free: 50120K (39%)
Completed execution with 4 iterations
preinitializing
resolving types
initializing
executing number 1
wrapping up
idle
2 ms. Memory: 129024K Free: 49606K (38%)
Completed execution with 4 iterations
preinitializing
resolving types
initializing
executing number 1
wrapping up
idle
7 ms. Memory: 129024K Free: 49096K (38%)
Completed execution with 4 iterations
preinitializing
resolving types
initializing
executing number 1
wrapping up
idle
4 ms. Memory: 129024K Free: 48582K (38%)
Completed execution with 4 iterations
/home/travis/build/icyphy/ptII/ptolemy/actor/lib/test/Distributor.tcl
25 ms. Memory: 129024K Free: 113734K (88%)
15 ms. Memory: 129024K Free: 113202K (88%)
StreamChangeRequest.changeExecuted(): <deleteEntity name="rec2"/> succeeded
StreamChangeRequest.changeExecuted(): <deleteRelation name="r2"/> succeeded
StreamChangeRequest.changeExecuted(): Record firings per iteration succeeded
4 ms. Memory: 129024K Free: 110645K (86%)
/home/travis/build/icyphy/ptII/ptolemy/actor/lib/test/Exit.tcl
Exit.tcl: this will print a message about Manager.exitAfterWrapup, which can be ignored.
3 ms. Memory: 129024K Free: 107587K (83%)
/home/travis/build/icyphy/ptII/ptolemy/actor/lib/test/Expression.tcl
17 ms. Memory: 129024K Free: 104008K (81%)
8 ms. Memory: 129024K Free: 103507K (80%)
9 ms. Memory: 129024K Free: 102962K (80%)
preinitializing
resolving types
initializing
executing number 1
wrapping up
idle
11 ms. Memory: 129024K Free: 101429K (79%)
Completed execution with 6 iterations
7 ms. Memory: 129024K Free: 100451K (78%)
2 ms. Memory: 129024K Free: 99904K (77%)
7 ms. Memory: 129024K Free: 98373K (76%)
3 ms. Memory: 129024K Free: 97349K (75%)
3 ms. Memory: 129024K Free: 95802K (74%)
/home/travis/build/icyphy/ptII/ptolemy/actor/lib/test/Gaussian.tcl
4 ms. Memory: 129024K Free: 94307K (73%)
sleeping 1 seconds: ......................................................................................................................................................................................................................................................................................................................................................................................................................................................................................................................................................................................................................................................................................................................................................................................................................................................................................................................................................................................................................................................................................................................................................................................................................................................................................................................................................................................................................................................................................................................................................................................................................................................................................................................................................................................................................................................................................................................................................................................................................................................................................................................................................................................................................................................................................................................................................................................................................................................................................................................................................................................................................................................................................................................................................................................................................................................................................................................................................................................................................................................................................................................................................................................................................................................................................................................................................................................................................................................................................................................................................................................................................................................................................................................................................................................................................................................................................................................................................................................................................................................................................................................................................................................................................................................................................................................................................................................................................................................................................................................................................................................................................................................................................................................................................................................................................................................................................................................................................................................................................................................................................................................................................................................................................................................................................................................................................................................................................................................................................................................................................................................................................................................................................................................................................................................................................................................................................................................................................................................................................................................................................................................................................................................................................................................................................................................................................................................................................................................................................................................................................................................................................................................................................................................................................................................................................................................................................................................................................................................................................................................................................................................................................................................................................................................................................................................................................................................................................................................................................................................................................................................................................................................................................................................................................................................................................................................................................................................................................................................................................................................................................................................................................................................................................................................................................................................................................................................................................................................................................................................................................................................................................................................................................................................................................................................................................................................................................................................................................................................................................................................................................................................................................................................................................................................................................................................................................................................................................................................................................................................................................................................................................................................................................................................................................................................................................................................................................................................................................................................................................................................................................................................................................................................................................................................................................................................................................................................................................................................................................................................................................................................................................................................................................2 ms. Memory: 129024K Free: 113159K (88%)
2 ms. Memory: 129024K Free: 112647K (87%)
1 ms. Memory: 129024K Free: 111609K (87%)
2 ms. Memory: 129024K Free: 111113K (86%)
2 ms. Memory: 129024K Free: 110593K (86%)
/home/travis/build/icyphy/ptII/ptolemy/actor/lib/test/IIR.tcl
/home/travis/build/icyphy/ptII/ptolemy/actor/lib/test/Interpolator.tcl
5 ms. Memory: 129024K Free: 107017K (83%)
2 ms. Memory: 129024K Free: 106503K (83%)
7 ms. Memory: 129024K Free: 105993K (82%)
2 ms. Memory: 129024K Free: 104969K (81%)
7 ms. Memory: 129024K Free: 104441K (81%)
5 ms. Memory: 129024K Free: 103279K (80%)
3 ms. Memory: 129024K Free: 102393K (79%)
5 ms. Memory: 129024K Free: 101369K (79%)
2 ms. Memory: 129024K Free: 100873K (78%)
3 ms. Memory: 129024K Free: 99849K (77%)
/home/travis/build/icyphy/ptII/ptolemy/actor/lib/test/MathFunction.tcl
5 ms. Memory: 129024K Free: 97801K (76%)
2 ms. Memory: 129024K Free: 96777K (75%)
6 ms. Memory: 129024K Free: 95753K (74%)
4 ms. Memory: 129024K Free: 94729K (73%)
8 ms. Memory: 129024K Free: 93705K (73%)
10 ms. Memory: 129024K Free: 91657K (71%)
/home/travis/build/icyphy/ptII/ptolemy/actor/lib/test/Maximum.tcl
3 ms. Memory: 129024K Free: 89609K (69%)
7 ms. Memory: 129024K Free: 89081K (69%)
8 ms. Memory: 129024K Free: 88071K (68%)
2 ms. Memory: 129024K Free: 87561K (68%)
/home/travis/build/icyphy/ptII/ptolemy/actor/lib/test/Minimum.tcl
8 ms. Memory: 129024K Free: 86009K (67%)
2 ms. Memory: 129024K Free: 85513K (66%)
3 ms. Memory: 129024K Free: 84489K (65%)
2 ms. Memory: 129024K Free: 83961K (65%)
/home/travis/build/icyphy/ptII/ptolemy/actor/lib/test/MultiplyDivide.tcl
5 ms. Memory: 129024K Free: 81927K (63%)
2 ms. Memory: 129024K Free: 81417K (63%)
3 ms. Memory: 129024K Free: 80393K (62%)
2 ms. Memory: 129024K Free: 79865K (62%)
2 ms. Memory: 129024K Free: 79369K (62%)
/home/travis/build/icyphy/ptII/ptolemy/actor/lib/test/OrderedMerge.tcl
Connections changed on port: inputA
Connections changed on port: inputB
Connections changed on port: output
Connections changed on port: output
Connections changed on port: output
Connections changed on port: input
.top. Preinitializing ...
Invoking preinitialize():  .top.OrderedMerge
Called preinitialize()
Invoking preinitialize():  .top.Ramp
Called preinitialize()
Invoking preinitialize():  .top.Ramp2
Called preinitialize()
Invoking preinitialize():  .top.Test
Called preinitialize()
Connections changed on port: inputA
Connections changed on port: output
Connections changed on port: output
Connections changed on port: input
Connections changed on port: inputB
Connections changed on port: output
.top. Finished preinitialize().
Called initialize().
Invoking initialize():  .top.OrderedMerge
Initializing actor: .top.OrderedMerge
Adding a thread: .top.OrderedMerge
Invoking initialize():  .top.Ramp
Initializing actor: .top.Ramp
Adding a thread: .top.Ramp
Invoking initialize():  .top.Ramp2
Initializing actor: .top.Ramp2
Adding a thread: .top.Ramp2
Invoking initialize():  .top.Test
Initializing actor: .top.Test
Adding a thread: .top.Test
Called fire().
Checking for deadlock:
-- Starting thread.
Called initialize()
-- Starting thread.
Called initialize()
Called prefire()
Called fire()
-- Starting thread.
Called initialize()
Called prefire()
Called prefire()
Called fire()
Called fire()
-- Starting thread.
Called initialize()
Called prefire()
Called fire()
There are 0 Blocked actors, 0 Stopped actors, and 4 active threads.
Waiting for actors to stop.
Called postfire()
Called prefire()
Called fire()
Called postfire()
Called prefire()
Called fire()
Checking for deadlock:
There are 2 Blocked actors, 0 Stopped actors, and 4 active threads.
Waiting for actors to stop.
Read input token from inputA with value 0.0
Called postfire()
Called prefire()
Called fire()
Checking for deadlock:
There are 3 Blocked actors, 0 Stopped actors, and 4 active threads.
Waiting for actors to stop.
Next port to read input from is inputB
Called postfire()
Called prefire()
Called fire()
Checking for deadlock:
Called postfire()
There are 2 Blocked actors, 0 Stopped actors, and 4 active threads.
Waiting for actors to stop.
Called prefire()
Called fire()
Checking for deadlock:
There are 3 Blocked actors, 0 Stopped actors, and 4 active threads.
Waiting for actors to stop.
Read input token from inputB with value 0.0
Sent output token with value 0.0
Next port to read input from is inputA
Called postfire()
Called prefire()
Called fire()
-- Read input: 0.0, which is expected to match: 0.0
Read input token from inputA with value 1.0
Sent output token with value 0.0
Called prefire()
Called fire()
-- Read input: 0.0, which is expected to match: 0.0
Checking for deadlock:
There are 1 Blocked actors, 0 Stopped actors, and 4 active threads.
Waiting for actors to stop.
Called prefire()
Next port to read input from is inputB
Called postfire()
Called fire()
Called postfire()
Called prefire()
Checking for deadlock:
Called fire()
There are 2 Blocked actors, 0 Stopped actors, and 4 active threads.
Waiting for actors to stop.
Called prefire()
Checking for deadlock:
Called fire()
There are 3 Blocked actors, 0 Stopped actors, and 4 active threads.
Waiting for actors to stop.
Called postfire()
Called prefire()
Called fire()
Checking for deadlock:
There are 3 Blocked actors, 0 Stopped actors, and 4 active threads.
Waiting for actors to stop.
Read input token from inputB with value 1.5
Checking for deadlock:
There are 2 Blocked actors, 0 Stopped actors, and 4 active threads.
Waiting for actors to stop.
-- Read input: 1.0, which is expected to match: 1.0
Called prefire()
Called fire()
Sent output token with value 1.0
Checking for deadlock:
There are 3 Blocked actors, 0 Stopped actors, and 4 active threads.
Waiting for actors to stop.
Next port to read input from is inputA
Called postfire()
Called prefire()
Called fire()
Checking for deadlock:
There are 2 Blocked actors, 0 Stopped actors, and 4 active threads.
Waiting for actors to stop.
Called postfire()
Called prefire()
Called fire()
Checking for deadlock:
Read input token from inputA with value 2.0
There are 3 Blocked actors, 0 Stopped actors, and 4 active threads.
Waiting for actors to stop.
Checking for deadlock:
There are 2 Blocked actors, 0 Stopped actors, and 4 active threads.
Waiting for actors to stop.
-- Read input: 1.5, which is expected to match: 1.5
Called prefire()
Called fire()
Checking for deadlock:
There are 3 Blocked actors, 0 Stopped actors, and 4 active threads.
Waiting for actors to stop.
Sent output token with value 1.5
Next port to read input from is inputB
Called postfire()
Called prefire()
Called fire()
Read input token from inputB with value 3.0
Checking for deadlock:
Sent output token with value 2.0
There are 1 Blocked actors, 0 Stopped actors, and 4 active threads.
Waiting for actors to stop.
Next port to read input from is inputA
Called postfire()
Called prefire()
Called postfire()
Called prefire()
Called fire()
-- Read input: 2.0, which is expected to match: 2.0
Called prefire()
Called fire()
Checking for deadlock:
There are 3 Blocked actors, 0 Stopped actors, and 4 active threads.
Waiting for actors to stop.
Called fire()
Called postfire()
Called prefire()
Called fire()
Checking for deadlock:
There are 3 Blocked actors, 0 Stopped actors, and 4 active threads.
Waiting for actors to stop.
Read input token from inputA with value 3.0
-- Read input: 3.0, which is expected to match: 3.0
Called prefire()
Called fire()
Checking for deadlock:
There are 3 Blocked actors, 0 Stopped actors, and 4 active threads.
Waiting for actors to stop.
Sent output token with value 3.0
Next port to read input from is inputB
Called postfire()
Called prefire()
Called fire()
Checking for deadlock:
There are 2 Blocked actors, 0 Stopped actors, and 4 active threads.
Waiting for actors to stop.
Called postfire()
Called prefire()
Called fire()
Checking for deadlock:
There are 3 Blocked actors, 0 Stopped actors, and 4 active threads.
Waiting for actors to stop.
Read input token from inputB with value 4.5
Checking for deadlock:
There are 2 Blocked actors, 0 Stopped actors, and 4 active threads.
Waiting for actors to stop.
-- Read input: 3.0, which is expected to match: 3.0
Called prefire()
Called fire()
Checking for deadlock:
There are 3 Blocked actors, 0 Stopped actors, and 4 active threads.
Waiting for actors to stop.
Sent output token with value 3.0
Next port to read input from is inputA
Called postfire()
Called prefire()
Called fire()
Called postfire()
Called prefire()
Called fire()
Checking for deadlock:
There are 3 Blocked actors, 0 Stopped actors, and 4 active threads.
Waiting for actors to stop.
Read input token from inputA with value 4.0
-- Read input: 4.0, which is expected to match: 4.0
Called prefire()
Called fire()
Past the end of training data. Read and discard all inputs.
Checking for deadlock:
There are 3 Blocked actors, 0 Stopped actors, and 4 active threads.
Waiting for actors to stop.
Sent output token with value 4.0
Next port to read input from is inputA
Called postfire()
Called prefire()
Called fire()
Called postfire()
Called prefire()
Called fire()
Checking for deadlock:
There are 3 Blocked actors, 0 Stopped actors, and 4 active threads.
Waiting for actors to stop.
Read input token from inputA with value 5.0
Called prefire()
Called fire()
Past the end of training data. Read and discard all inputs.
Checking for deadlock:
There are 3 Blocked actors, 0 Stopped actors, and 4 active threads.
Waiting for actors to stop.
Sent output token with value 4.5
Next port to read input from is inputB
Called postfire()
Called prefire()
Called fire()
Checking for deadlock:
There are 2 Blocked actors, 0 Stopped actors, and 4 active threads.
Waiting for actors to stop.
Called postfire()
Called prefire()
Called fire()
Checking for deadlock:
There are 3 Blocked actors, 0 Stopped actors, and 4 active threads.
Waiting for actors to stop.
Read input token from inputB with value 6.0
Checking for deadlock:
There are 2 Blocked actors, 0 Stopped actors, and 4 active threads.
Waiting for actors to stop.
Called prefire()
Called fire()
Past the end of training data. Read and discard all inputs.
Checking for deadlock:
There are 3 Blocked actors, 0 Stopped actors, and 4 active threads.
Waiting for actors to stop.
Sent output token with value 5.0
Next port to read input from is inputA
Called postfire()
Called prefire()
Called fire()
Called postfire()
Called prefire()
Called fire()
Checking for deadlock:
There are 3 Blocked actors, 0 Stopped actors, and 4 active threads.
Waiting for actors to stop.
Read input token from inputA with value 6.0
Called prefire()
Called fire()
Past the end of training data. Read and discard all inputs.
Checking for deadlock:
There are 3 Blocked actors, 0 Stopped actors, and 4 active threads.
Waiting for actors to stop.
Sent output token with value 6.0
Next port to read input from is inputB
Called postfire()
Called prefire()
Called fire()
Checking for deadlock:
There are 2 Blocked actors, 0 Stopped actors, and 4 active threads.
Waiting for actors to stop.
Called postfire()
Called prefire()
Called fire()
Checking for deadlock:
There are 3 Blocked actors, 0 Stopped actors, and 4 active threads.
Waiting for actors to stop.
Read input token from inputB with value 7.5
Checking for deadlock:
There are 2 Blocked actors, 0 Stopped actors, and 4 active threads.
Waiting for actors to stop.
Called prefire()
Called fire()
Past the end of training data. Read and discard all inputs.
Checking for deadlock:
There are 3 Blocked actors, 0 Stopped actors, and 4 active threads.
Waiting for actors to stop.
Sent output token with value 6.0
Next port to read input from is inputA
Called postfire()
Called prefire()
Called fire()
Called postfire()
Called prefire()
Called fire()
Checking for deadlock:
There are 3 Blocked actors, 0 Stopped actors, and 4 active threads.
Waiting for actors to stop.
Read input token from inputA with value 7.0
Called prefire()
Called fire()
Past the end of training data. Read and discard all inputs.
Checking for deadlock:
There are 3 Blocked actors, 0 Stopped actors, and 4 active threads.
Waiting for actors to stop.
Sent output token with value 7.0
Next port to read input from is inputA
Called postfire()
Called prefire()
Called fire()
-- Thread wrapup() called.
Called wrapup()
Thread .top.Ramp is exiting.
-- Thread stopped.
Read input token from inputA with value 8.0
Sent output token with value 7.5
Next port to read input from is inputB
Called postfire()
Called prefire()
Called fire()
Read input token from inputB with value 9.0
Checking for deadlock:
There are 0 Blocked actors, 0 Stopped actors, and 3 active threads.
Waiting for actors to stop.
Called postfire()
Called prefire()
Called fire()
Called prefire()
Called fire()
Past the end of training data. Read and discard all inputs.
Checking for deadlock:
There are 2 Blocked actors, 0 Stopped actors, and 3 active threads.
Waiting for actors to stop.
Called prefire()
Called fire()
Past the end of training data. Read and discard all inputs.
Checking for deadlock:
There are 2 Blocked actors, 0 Stopped actors, and 3 active threads.
Waiting for actors to stop.
Sent output token with value 8.0
Next port to read input from is inputA
Called postfire()
Called prefire()
Called fire()
Read input token from inputA with value 9.0
Called prefire()
Called fire()
Past the end of training data. Read and discard all inputs.
Checking for deadlock:
There are 2 Blocked actors, 0 Stopped actors, and 3 active threads.
Waiting for actors to stop.
Sent output token with value 9.0
Next port to read input from is inputB
Called postfire()
Called prefire()
Called fire()
Checking for deadlock:
There are 1 Blocked actors, 0 Stopped actors, and 3 active threads.
Waiting for actors to stop.
Called postfire()
Called prefire()
Called fire()
Checking for deadlock:
There are 2 Blocked actors, 0 Stopped actors, and 3 active threads.
Waiting for actors to stop.
Read input token from inputB with value 10.5
Checking for deadlock:
There are 1 Blocked actors, 0 Stopped actors, and 3 active threads.
Waiting for actors to stop.
Called prefire()
Called fire()
Past the end of training data. Read and discard all inputs.
Checking for deadlock:
There are 2 Blocked actors, 0 Stopped actors, and 3 active threads.
Waiting for actors to stop.
Sent output token with value 9.0
Next port to read input from is inputA
Called postfire()
Called prefire()
Called fire()
Checking for deadlock:
There are 3 Blocked actors, 0 Stopped actors, and 3 active threads.
Actors have stopped.
Checking for deadlock:
There are 3 Blocked actors, 0 Stopped actors, and 3 active threads.
Deadlock detected.
Resolving Deadlock
Checking for deadlock:
There are 3 Blocked actors, 0 Stopped actors, and 3 active threads.
Artificial Deadlock - increasing queue capacity.
increasing the capacity of receiver ptolemy.actor.TypedIOPort {.top.OrderedMerge.inputB} to 2
-- Thread wrapup() called.
Called wrapup()
Thread .top.Ramp2 is exiting.
-- Thread stopped.
Director: Called postfire().
Called postfire().
_stopRequested = false
_stopFireRequested = false
Returning from postfire(): true
Called fire().
Checking for deadlock:
There are 2 Blocked actors, 0 Stopped actors, and 2 active threads.
Actors have stopped.
Checking for deadlock:
There are 2 Blocked actors, 0 Stopped actors, and 2 active threads.
Deadlock detected.
Resolving Deadlock
Checking for deadlock:
There are 2 Blocked actors, 0 Stopped actors, and 2 active threads.
Deadlock detected: no processes blocked on write, but some are blocked on read.
Called postfire().
_stopRequested = false
_stopFireRequested = false
Returning from postfire(): false
Finished deactivating branches.
Called wrapup().
-- Thread wrapup() called.
Called wrapup()
Thread .top.OrderedMerge is exiting.
-- Thread stopped.
-- Blocked Receiver call threw TerminateProcessException.
-- Thread wrapup() called.
Called wrapup()
Thread .top.Test is exiting.
-- Thread stopped.
-- Blocked Receiver call threw TerminateProcessException.
70 ms. Memory: 129024K Free: 74257K (58%)
.top. Preinitializing ...
Invoking preinitialize():  .top.OrderedMerge
Called preinitialize()
Invoking preinitialize():  .top.Ramp
Called preinitialize()
Invoking preinitialize():  .top.Ramp2
Called preinitialize()
Invoking preinitialize():  .top.Test
Called preinitialize()
.top. Finished preinitialize().
Called initialize().
Invoking initialize():  .top.OrderedMerge
Initializing actor: .top.OrderedMerge
Adding a thread: .top.OrderedMerge
Invoking initialize():  .top.Ramp
Initializing actor: .top.Ramp
Adding a thread: .top.Ramp
Invoking initialize():  .top.Ramp2
Initializing actor: .top.Ramp2
Adding a thread: .top.Ramp2
Invoking initialize():  .top.Test
Initializing actor: .top.Test
Adding a thread: .top.Test
-- Starting thread.
Called initialize()
Called prefire()
Called fire()
-- Starting thread.
Called initialize()
Called prefire()
Called fire()
Called postfire()
Called prefire()
Called fire()
Called fire().
Checking for deadlock:
There are 2 Blocked actors, 0 Stopped actors, and 4 active threads.
Waiting for actors to stop.
-- Starting thread.
Called initialize()
Called prefire()
Called fire()
Called postfire()
Called prefire()
Called fire()
Checking for deadlock:
There are 3 Blocked actors, 0 Stopped actors, and 4 active threads.
Waiting for actors to stop.
-- Starting thread.
Called initialize()
Called prefire()
Called fire()
Checking for deadlock:
There are 2 Blocked actors, 0 Stopped actors, and 4 active threads.
Waiting for actors to stop.
Called postfire()
Called prefire()
Called fire()
Checking for deadlock:
There are 3 Blocked actors, 0 Stopped actors, and 4 active threads.
Waiting for actors to stop.
Read input token from inputA with value 0.0
Next port to read input from is inputB
Called postfire()
Called prefire()
Called fire()
Checking for deadlock:
There are 2 Blocked actors, 0 Stopped actors, and 4 active threads.
Waiting for actors to stop.
Called postfire()
Called prefire()
Called fire()
Checking for deadlock:
There are 3 Blocked actors, 0 Stopped actors, and 4 active threads.
Waiting for actors to stop.
Read input token from inputB with value 0.0
Checking for deadlock:
There are 2 Blocked actors, 0 Stopped actors, and 4 active threads.
Waiting for actors to stop.
-- Read input: 0.0, which is expected to match: 0.0
Called prefire()
Called fire()
Checking for deadlock:
There are 3 Blocked actors, 0 Stopped actors, and 4 active threads.
Waiting for actors to stop.
Sent output token with value 0.0
Next port to read input from is inputA
Called postfire()
Called prefire()
Called fire()
Checking for deadlock:
There are 2 Blocked actors, 0 Stopped actors, and 4 active threads.
Waiting for actors to stop.
Called postfire()
Called prefire()
Called fire()
Checking for deadlock:
There are 3 Blocked actors, 0 Stopped actors, and 4 active threads.
Waiting for actors to stop.
Read input token from inputA with value 1.0
Checking for deadlock:
There are 2 Blocked actors, 0 Stopped actors, and 4 active threads.
Waiting for actors to stop.
-- Read input: 0.0, which is expected to match: 0.0
Called prefire()
Called fire()
Checking for deadlock:
There are 3 Blocked actors, 0 Stopped actors, and 4 active threads.
Waiting for actors to stop.
Sent output token with value 0.0
Next port to read input from is inputB
Called postfire()
Called prefire()
Called fire()
Checking for deadlock:
There are 2 Blocked actors, 0 Stopped actors, and 4 active threads.
Waiting for actors to stop.
Called postfire()
Called prefire()
Called fire()
Checking for deadlock:
There are 3 Blocked actors, 0 Stopped actors, and 4 active threads.
Waiting for actors to stop.
Read input token from inputB with value 1.5
-- Read input: 1.0, which is expected to match: 1.0
Called prefire()
Called fire()
Checking for deadlock:
There are 3 Blocked actors, 0 Stopped actors, and 4 active threads.
Waiting for actors to stop.
Sent output token with value 1.0
Next port to read input from is inputA
Called postfire()
Called prefire()
Called fire()
Called postfire()
Called prefire()
Called fire()
Checking for deadlock:
There are 3 Blocked actors, 0 Stopped actors, and 4 active threads.
Waiting for actors to stop.
Read input token from inputA with value 2.0
-- Read input: 1.5, which is expected to match: 1.5
Called prefire()
Called fire()
Checking for deadlock:
There are 3 Blocked actors, 0 Stopped actors, and 4 active threads.
Waiting for actors to stop.
Sent output token with value 1.5
Next port to read input from is inputB
Called postfire()
Called prefire()
Called fire()
Checking for deadlock:
There are 2 Blocked actors, 0 Stopped actors, and 4 active threads.
Waiting for actors to stop.
Called postfire()
Called prefire()
Called fire()
Checking for deadlock:
There are 3 Blocked actors, 0 Stopped actors, and 4 active threads.
Waiting for actors to stop.
Read input token from inputB with value 3.0
Checking for deadlock:
There are 2 Blocked actors, 0 Stopped actors, and 4 active threads.
Waiting for actors to stop.
-- Read input: 2.0, which is expected to match: 2.0
Called prefire()
Called fire()
Checking for deadlock:
There are 3 Blocked actors, 0 Stopped actors, and 4 active threads.
Waiting for actors to stop.
Sent output token with value 2.0
Next port to read input from is inputA
Called postfire()
Called prefire()
Called fire()
Called postfire()
Called prefire()
Called fire()
Checking for deadlock:
There are 3 Blocked actors, 0 Stopped actors, and 4 active threads.
Waiting for actors to stop.
Read input token from inputA with value 3.0
-- Read input: 3.0, which is expected to match: 3.0
Called prefire()
Called fire()
Checking for deadlock:
There are 3 Blocked actors, 0 Stopped actors, and 4 active threads.
Waiting for actors to stop.
Sent output token with value 3.0
Next port to read input from is inputB
Called postfire()
Called prefire()
Called fire()
Checking for deadlock:
There are 2 Blocked actors, 0 Stopped actors, and 4 active threads.
Waiting for actors to stop.
Called postfire()
Called prefire()
Called fire()
Checking for deadlock:
There are 3 Blocked actors, 0 Stopped actors, and 4 active threads.
Waiting for actors to stop.
Read input token from inputB with value 4.5
Checking for deadlock:
There are 2 Blocked actors, 0 Stopped actors, and 4 active threads.
Waiting for actors to stop.
-- Read input: 3.0, which is expected to match: 3.0
Called prefire()
Called fire()
Checking for deadlock:
There are 3 Blocked actors, 0 Stopped actors, and 4 active threads.
Waiting for actors to stop.
Sent output token with value 3.0
Next port to read input from is inputA
Called postfire()
Called prefire()
Called fire()
Called postfire()
Called prefire()
Called fire()
Checking for deadlock:
There are 3 Blocked actors, 0 Stopped actors, and 4 active threads.
Waiting for actors to stop.
Read input token from inputA with value 4.0
-- Read input: 4.0, which is expected to match: 4.0
Called prefire()
Called fire()
Past the end of training data. Read and discard all inputs.
Checking for deadlock:
There are 3 Blocked actors, 0 Stopped actors, and 4 active threads.
Waiting for actors to stop.
Sent output token with value 4.0
Next port to read input from is inputA
Called postfire()
Called prefire()
Called fire()
Called postfire()
Called prefire()
Called fire()
Checking for deadlock:
There are 3 Blocked actors, 0 Stopped actors, and 4 active threads.
Waiting for actors to stop.
Read input token from inputA with value 5.0
Called prefire()
Called fire()
Past the end of training data. Read and discard all inputs.
Checking for deadlock:
There are 3 Blocked actors, 0 Stopped actors, and 4 active threads.
Waiting for actors to stop.
Sent output token with value 4.5
Next port to read input from is inputB
Called postfire()
Called prefire()
Called fire()
Checking for deadlock:
There are 2 Blocked actors, 0 Stopped actors, and 4 active threads.
Waiting for actors to stop.
Called postfire()
Called prefire()
Called fire()
Checking for deadlock:
There are 3 Blocked actors, 0 Stopped actors, and 4 active threads.
Waiting for actors to stop.
Read input token from inputB with value 6.0
Checking for deadlock:
There are 2 Blocked actors, 0 Stopped actors, and 4 active threads.
Waiting for actors to stop.
Called prefire()
Called fire()
Past the end of training data. Read and discard all inputs.
Checking for deadlock:
There are 3 Blocked actors, 0 Stopped actors, and 4 active threads.
Waiting for actors to stop.
Sent output token with value 5.0
Next port to read input from is inputA
Called postfire()
Called prefire()
Called fire()
Called postfire()
Called prefire()
Called fire()
Checking for deadlock:
There are 3 Blocked actors, 0 Stopped actors, and 4 active threads.
Waiting for actors to stop.
Read input token from inputA with value 6.0
Called prefire()
Called fire()
Past the end of training data. Read and discard all inputs.
Checking for deadlock:
There are 3 Blocked actors, 0 Stopped actors, and 4 active threads.
Waiting for actors to stop.
Sent output token with value 6.0
Next port to read input from is inputB
Called postfire()
Called prefire()
Called fire()
Checking for deadlock:
There are 2 Blocked actors, 0 Stopped actors, and 4 active threads.
Waiting for actors to stop.
Called postfire()
Called prefire()
Called fire()
Checking for deadlock:
There are 3 Blocked actors, 0 Stopped actors, and 4 active threads.
Waiting for actors to stop.
Read input token from inputB with value 7.5
Checking for deadlock:
There are 2 Blocked actors, 0 Stopped actors, and 4 active threads.
Waiting for actors to stop.
Called prefire()
Called fire()
Past the end of training data. Read and discard all inputs.
Checking for deadlock:
There are 3 Blocked actors, 0 Stopped actors, and 4 active threads.
Waiting for actors to stop.
Sent output token with value 6.0
Next port to read input from is inputA
Called postfire()
Called prefire()
Called fire()
Called postfire()
Called prefire()
Called fire()
Checking for deadlock:
There are 3 Blocked actors, 0 Stopped actors, and 4 active threads.
Waiting for actors to stop.
Read input token from inputA with value 7.0
Called prefire()
Called fire()
Past the end of training data. Read and discard all inputs.
Checking for deadlock:
There are 3 Blocked actors, 0 Stopped actors, and 4 active threads.
Waiting for actors to stop.
Sent output token with value 7.0
Next port to read input from is inputA
Called postfire()
Called prefire()
Called fire()
-- Thread wrapup() called.
Called wrapup()
Thread .top.Ramp is exiting.
-- Thread stopped.
Checking for deadlock:
There are 2 Blocked actors, 0 Stopped actors, and 3 active threads.
Waiting for actors to stop.
Read input token from inputA with value 8.0
Checking for deadlock:
There are 1 Blocked actors, 0 Stopped actors, and 3 active threads.
Waiting for actors to stop.
Called prefire()
Called fire()
Past the end of training data. Read and discard all inputs.
Checking for deadlock:
There are 2 Blocked actors, 0 Stopped actors, and 3 active threads.
Waiting for actors to stop.
Sent output token with value 7.5
Next port to read input from is inputB
Called postfire()
Called prefire()
Called fire()
Checking for deadlock:
There are 1 Blocked actors, 0 Stopped actors, and 3 active threads.
Waiting for actors to stop.
Called postfire()
Called prefire()
Called fire()
Checking for deadlock:
There are 2 Blocked actors, 0 Stopped actors, and 3 active threads.
Waiting for actors to stop.
Read input token from inputB with value 9.0
Checking for deadlock:
There are 1 Blocked actors, 0 Stopped actors, and 3 active threads.
Waiting for actors to stop.
Called prefire()
Called fire()
Past the end of training data. Read and discard all inputs.
Checking for deadlock:
There are 2 Blocked actors, 0 Stopped actors, and 3 active threads.
Waiting for actors to stop.
Sent output token with value 8.0
Next port to read input from is inputA
Called postfire()
Called prefire()
Called fire()
Read input token from inputA with value 9.0
Called prefire()
Called fire()
Past the end of training data. Read and discard all inputs.
Checking for deadlock:
There are 2 Blocked actors, 0 Stopped actors, and 3 active threads.
Waiting for actors to stop.
Sent output token with value 9.0
Next port to read input from is inputB
Called postfire()
Called prefire()
Called fire()
Called postfire()
Called prefire()
Called fire()
Checking for deadlock:
There are 2 Blocked actors, 0 Stopped actors, and 3 active threads.
Waiting for actors to stop.
Read input token from inputB with value 10.5
Called prefire()
Called fire()
Past the end of training data. Read and discard all inputs.
Checking for deadlock:
There are 2 Blocked actors, 0 Stopped actors, and 3 active threads.
Waiting for actors to stop.
Sent output token with value 9.0
Next port to read input from is inputA
Called postfire()
Called prefire()
Called fire()
Checking for deadlock:
There are 3 Blocked actors, 0 Stopped actors, and 3 active threads.
Actors have stopped.
Checking for deadlock:
There are 3 Blocked actors, 0 Stopped actors, and 3 active threads.
Deadlock detected.
Resolving Deadlock
Checking for deadlock:
There are 3 Blocked actors, 0 Stopped actors, and 3 active threads.
Artificial Deadlock - increasing queue capacity.
increasing the capacity of receiver ptolemy.actor.TypedIOPort {.top.OrderedMerge.inputB} to 2
Director: Called postfire().
Called postfire().
_stopRequested = false
_stopFireRequested = false
Returning from postfire(): true
Called fire().
Checking for deadlock:
There are 2 Blocked actors, 0 Stopped actors, and 3 active threads.
Waiting for actors to stop.
-- Thread wrapup() called.
Called wrapup()
Thread .top.Ramp2 is exiting.
-- Thread stopped.
Checking for deadlock:
There are 2 Blocked actors, 0 Stopped actors, and 2 active threads.
Actors have stopped.
Checking for deadlock:
There are 2 Blocked actors, 0 Stopped actors, and 2 active threads.
Deadlock detected.
Resolving Deadlock
Checking for deadlock:
There are 2 Blocked actors, 0 Stopped actors, and 2 active threads.
Deadlock detected: no processes blocked on write, but some are blocked on read.
Called postfire().
_stopRequested = false
_stopFireRequested = false
Returning from postfire(): false
Finished deactivating branches.
Called wrapup().
-- Thread wrapup() called.
Called wrapup()
-- Thread wrapup() called.
Called wrapup()
Thread .top.Test is exiting.
-- Thread stopped.
-- Blocked Receiver call threw TerminateProcessException.
Thread .top.OrderedMerge is exiting.
-- Thread stopped.
-- Blocked Receiver call threw TerminateProcessException.
29 ms. Memory: 129024K Free: 71697K (56%)
/home/travis/build/icyphy/ptII/ptolemy/actor/lib/test/Publisher.tcl
7 ms. Memory: 129024K Free: 65543K (51%)
4 ms. Memory: 129024K Free: 108249K (84%)
3 ms. Memory: 129024K Free: 104681K (81%)
3 ms. Memory: 129024K Free: 103657K (80%)
2 ms. Memory: 129024K Free: 102633K (80%)
3 ms. Memory: 129024K Free: 101609K (79%)
2 ms. Memory: 129024K Free: 101095K (78%)
3 ms. Memory: 129024K Free: 100071K (78%)
76 ms. Memory: 157696K Free: 140518K (89%)
4 ms. Memory: 157696K Free: 136918K (87%)
3 ms. Memory: 157696K Free: 135908K (86%)
6 ms. Memory: 157696K Free: 133854K (85%)
14 ms. Memory: 157696K Free: 126182K (80%)
16 ms. Memory: 157696K Free: 116452K (74%)
12 ms. Memory: 157696K Free: 105702K (67%)
/home/travis/build/icyphy/ptII/ptolemy/actor/lib/test/Pulse.tcl
4 ms. Memory: 157696K Free: 124275K (79%)
9 ms. Memory: 157696K Free: 123747K (78%)
2 ms. Memory: 157696K Free: 123251K (78%)
1 ms. Memory: 157696K Free: 122731K (78%)
1 ms. Memory: 157696K Free: 122227K (78%)
11 ms. Memory: 157696K Free: 121203K (77%)
5 ms. Memory: 157696K Free: 120179K (76%)
4 ms. Memory: 157696K Free: 119155K (76%)
3 ms. Memory: 157696K Free: 118627K (75%)
/home/travis/build/icyphy/ptII/ptolemy/actor/lib/test/Ramp.tcl
9 ms. Memory: 157696K Free: 116587K (74%)
2 ms. Memory: 157696K Free: 116083K (74%)
1 ms. Memory: 157696K Free: 115555K (73%)
1 ms. Memory: 157696K Free: 114545K (73%)
5 ms. Memory: 157696K Free: 113521K (72%)
6 ms. Memory: 157696K Free: 113011K (72%)
5 ms. Memory: 157696K Free: 111987K (71%)
5 actors
6000 microseconds per iteration to create
9 ms. Memory: 157696K Free: 109425K (69%)
2 ms. Memory: 157696K Free: 108371K (69%)
3 ms. Memory: 157696K Free: 107891K (68%)
2 ms. Memory: 157696K Free: 107371K (68%)
50 actors
43000 microseconds per iteration to create
38 ms. Memory: 157696K Free: 92017K (58%)
13 ms. Memory: 157696K Free: 90993K (58%)
4 ms. Memory: 157696K Free: 89459K (57%)
5 ms. Memory: 157696K Free: 88435K (56%)
500 actors
1461000 microseconds per iteration to create
188 ms. Memory: 157696K Free: 66973K (42%)
31 ms. Memory: 157696K Free: 61853K (39%)
50 ms. Memory: 189440K Free: 161967K (85%)
34 ms. Memory: 189440K Free: 156849K (83%)
/home/travis/build/icyphy/ptII/ptolemy/actor/lib/test/RampContinuous.tcl
9 ms. Memory: 189440K Free: 155296K (82%)
/home/travis/build/icyphy/ptII/ptolemy/actor/lib/test/RecordAssembler.tcl
6 ms. Memory: 189440K Free: 153777K (81%)
4 ms. Memory: 189440K Free: 152753K (81%)
/home/travis/build/icyphy/ptII/ptolemy/actor/lib/test/RecordDisassembler.tcl
13 ms. Memory: 189440K Free: 151200K (80%)
2 ms. Memory: 189440K Free: 150191K (79%)
4 ms. Memory: 189440K Free: 149160K (79%)
/home/travis/build/icyphy/ptII/ptolemy/actor/lib/test/Scale.tcl
2 ms. Memory: 189440K Free: 147104K (78%)
2 ms. Memory: 189440K Free: 146609K (77%)
1 ms. Memory: 189440K Free: 145585K (77%)
2 ms. Memory: 189440K Free: 145064K (77%)
4 ms. Memory: 189440K Free: 144047K (76%)
/home/travis/build/icyphy/ptII/ptolemy/actor/lib/test/SequentialClock.tcl
preinitializing
resolving types
initializing
executing number 1
wrapping up
idle
5 ms. Memory: 189440K Free: 143023K (75%)
Completed execution with 5 iterations
preinitializing
resolving types
initializing
executing number 1
wrapping up
idle
2 ms. Memory: 189440K Free: 142513K (75%)
Completed execution with 5 iterations
preinitializing
resolving types
initializing
executing number 1
wrapping up
idle
2 ms. Memory: 189440K Free: 141999K (75%)
Completed execution with 5 iterations
/home/travis/build/icyphy/ptII/ptolemy/actor/lib/test/SetVariable.tcl
4 ms. Memory: 189440K Free: 139944K (74%)
/home/travis/build/icyphy/ptII/ptolemy/actor/lib/test/Sinewave.tcl
/home/travis/build/icyphy/ptII/ptolemy/actor/lib/test/SubscriptionAggregator.tcl
5 ms. Memory: 189440K Free: 128672K (68%)
4 ms. Memory: 189440K Free: 128177K (68%)
1 ms. Memory: 189440K Free: 127663K (67%)
0 ms. Memory: 189440K Free: 127153K (67%)
1 ms. Memory: 189440K Free: 123536K (65%)
9 ms. Memory: 189440K Free: 121504K (64%)
...............................................................959 ms. Memory: 263168K Free: 204304K (78%)
/home/travis/build/icyphy/ptII/ptolemy/actor/lib/test/Test.tcl
 The next command will produce a warning about training mode,
   which may be ignored.
4 ms. Memory: 263168K Free: 202258K (77%)
4 ms. Memory: 263168K Free: 201729K (77%)
1 ms. Memory: 263168K Free: 200705K (76%)
1 ms. Memory: 263168K Free: 200210K (76%)
3 ms. Memory: 263168K Free: 199681K (76%)
2 ms. Memory: 263168K Free: 198162K (75%)
3 ms. Memory: 263168K Free: 197138K (75%)
 The next command will produce a warning about training mode,
   which may be ignored.
3 ms. Memory: 263168K Free: 194545K (74%)
 The next command will produce a warning about training mode,
   which may be ignored.
2 ms. Memory: 263168K Free: 193537K (74%)
1 ms. Memory: 263168K Free: 193042K (73%)
1 ms. Memory: 263168K Free: 192513K (73%)
3 ms. Memory: 263168K Free: 192018K (73%)
6 ms. Memory: 263168K Free: 190994K (73%)
5 ms. Memory: 263168K Free: 187393K (71%)
/home/travis/build/icyphy/ptII/ptolemy/actor/lib/test/TestExceptionHandler.tcl
 The next command will produce a warning about training mode,
   which may be ignored.
2 ms. Memory: 263168K Free: 185874K (71%)
1 ms. Memory: 263168K Free: 185360K (70%)
1 ms. Memory: 263168K Free: 184850K (70%)
/home/travis/build/icyphy/ptII/ptolemy/actor/lib/test/UnionDisassembler.tcl
27 ms. Memory: 263168K Free: 177682K (68%)
/home/travis/build/icyphy/ptII/ptolemy/actor/lib/test/VariableClock.tcl
preinitializing
resolving types
initializing
executing number 1
wrapping up
idle
8 ms. Memory: 263168K Free: 175634K (67%)
Completed execution with 11 iterations
preinitializing
resolving types
initializing
executing number 1
wrapping up
idle
4 ms. Memory: 263168K Free: 174610K (66%)
Completed execution with 10 iterations
03/11/20 07:19:08
Failed: 0  Total Tests: 233  ((Passed: 233, Newly Passed: 0)  Known Failed: 0) /home/travis/build/icyphy/ptII/ptolemy/actor/lib/test
----------------- testing (KnownFailure) /home/travis/build/icyphy/ptII/ptolemy/actor/lib/test/auto/knownFailedTests/PublisherPortToplevelSubscriber.xml
0 ms. Memory: 263168K Free: 171024K (65%)
Known Failure: java.lang.reflect.InvocationTargetException
----------------- testing (KnownFailure) /home/travis/build/icyphy/ptII/ptolemy/actor/lib/test/auto/knownFailedTests/PublisherSubscriberPortToplevel.xml
2 ms. Memory: 263168K Free: 166928K (63%)
Known Failure: java.lang.reflect.InvocationTargetException
----------------- testing (KnownFailure) /home/travis/build/icyphy/ptII/ptolemy/actor/lib/test/auto/knownFailedTests/PublisherSubscriptionAggregatorPort.xml
1 ms. Memory: 263168K Free: 162322K (62%)
Known Failure: java.lang.reflect.InvocationTargetException
----------------- testing (KnownFailure) /home/travis/build/icyphy/ptII/ptolemy/actor/lib/test/auto/knownFailedTests/sizedarray3.xml
3 ms. Memory: 263168K Free: 158226K (60%)
Known Failure: java.lang.reflect.InvocationTargetException
No auto/linux-amd64/*.xml tests in /home/travis/build/icyphy/ptII/ptolemy/actor/lib/test
AutoTests.java: About to close Vertx.
AutoTests.java: Vertx closed.

===========================================================================================
----------------- testing Wed Mar 11 07:19:09 UTC 2020 /home/travis/build/icyphy/ptII/ptolemy/actor/lib/test/auto/AbsoluteValue.xml
----------------- Instantiating /home/travis/build/icyphy/ptII/ptolemy/actor/lib/test/auto/AbsoluteValue.xml
9 ms. Memory: 263168K Free: 135698K (52%)
----------------- Invoking toplevel() on ptolemy.moml.MoMLSimpleApplication@3df25243
----------------- Done invoking toplevel() on ptolemy.moml.MoMLSimpleApplication@3df25243
reloadAllAccessors: .AbsoluteValue

===========================================================================================
----------------- testing Wed Mar 11 07:19:09 UTC 2020 /home/travis/build/icyphy/ptII/ptolemy/actor/lib/test/auto/AbsoluteValue2.xml
----------------- Instantiating /home/travis/build/icyphy/ptII/ptolemy/actor/lib/test/auto/AbsoluteValue2.xml
4 ms. Memory: 263168K Free: 129040K (49%)
----------------- Invoking toplevel() on ptolemy.moml.MoMLSimpleApplication@5550d15e
----------------- Done invoking toplevel() on ptolemy.moml.MoMLSimpleApplication@5550d15e
reloadAllAccessors: .AbsoluteValue2

===========================================================================================
----------------- testing Wed Mar 11 07:19:09 UTC 2020 /home/travis/build/icyphy/ptII/ptolemy/actor/lib/test/auto/Accumulator.xml
----------------- Instantiating /home/travis/build/icyphy/ptII/ptolemy/actor/lib/test/auto/Accumulator.xml
7 ms. Memory: 263168K Free: 122386K (47%)
----------------- Invoking toplevel() on ptolemy.moml.MoMLSimpleApplication@1b9b6b4a
----------------- Done invoking toplevel() on ptolemy.moml.MoMLSimpleApplication@1b9b6b4a
reloadAllAccessors: .Accumulator

===========================================================================================
----------------- testing Wed Mar 11 07:19:09 UTC 2020 /home/travis/build/icyphy/ptII/ptolemy/actor/lib/test/auto/Accumulator2.xml
----------------- Instantiating /home/travis/build/icyphy/ptII/ptolemy/actor/lib/test/auto/Accumulator2.xml
3 ms. Memory: 263168K Free: 117266K (45%)
----------------- Invoking toplevel() on ptolemy.moml.MoMLSimpleApplication@7947b693
----------------- Done invoking toplevel() on ptolemy.moml.MoMLSimpleApplication@7947b693
reloadAllAccessors: .Accumulator2

===========================================================================================
----------------- testing Wed Mar 11 07:19:09 UTC 2020 /home/travis/build/icyphy/ptII/ptolemy/actor/lib/test/auto/Accumulator3.xml
----------------- Instantiating /home/travis/build/icyphy/ptII/ptolemy/actor/lib/test/auto/Accumulator3.xml
8 ms. Memory: 263168K Free: 113170K (43%)
----------------- Invoking toplevel() on ptolemy.moml.MoMLSimpleApplication@240aeb8f
----------------- Done invoking toplevel() on ptolemy.moml.MoMLSimpleApplication@240aeb8f
reloadAllAccessors: .Accumulator3

===========================================================================================
----------------- testing Wed Mar 11 07:19:09 UTC 2020 /home/travis/build/icyphy/ptII/ptolemy/actor/lib/test/auto/ArrayAppend.xml
----------------- Instantiating /home/travis/build/icyphy/ptII/ptolemy/actor/lib/test/auto/ArrayAppend.xml
6 ms. Memory: 263168K Free: 107026K (41%)
----------------- Invoking toplevel() on ptolemy.moml.MoMLSimpleApplication@65dbbc05
----------------- Done invoking toplevel() on ptolemy.moml.MoMLSimpleApplication@65dbbc05
reloadAllAccessors: .ArrayAppend

===========================================================================================
----------------- testing Wed Mar 11 07:19:09 UTC 2020 /home/travis/build/icyphy/ptII/ptolemy/actor/lib/test/auto/ArrayAppend2.xml
----------------- Instantiating /home/travis/build/icyphy/ptII/ptolemy/actor/lib/test/auto/ArrayAppend2.xml
402 ms. Memory: 263168K Free: 158532K (60%)
----------------- Invoking toplevel() on ptolemy.moml.MoMLSimpleApplication@489d0ae0
----------------- Done invoking toplevel() on ptolemy.moml.MoMLSimpleApplication@489d0ae0
reloadAllAccessors: .ArrayAppend2

===========================================================================================
----------------- testing Wed Mar 11 07:19:09 UTC 2020 /home/travis/build/icyphy/ptII/ptolemy/actor/lib/test/auto/ArrayAppend3.xml
----------------- Instantiating /home/travis/build/icyphy/ptII/ptolemy/actor/lib/test/auto/ArrayAppend3.xml
5 ms. Memory: 263168K Free: 152388K (58%)
----------------- Invoking toplevel() on ptolemy.moml.MoMLSimpleApplication@48dcea7f
----------------- Done invoking toplevel() on ptolemy.moml.MoMLSimpleApplication@48dcea7f
reloadAllAccessors: .ArrayAppend3

===========================================================================================
----------------- testing Wed Mar 11 07:19:10 UTC 2020 /home/travis/build/icyphy/ptII/ptolemy/actor/lib/test/auto/ArrayAppend4.xml
----------------- Instantiating /home/travis/build/icyphy/ptII/ptolemy/actor/lib/test/auto/ArrayAppend4.xml
2 ms. Memory: 263168K Free: 147268K (56%)
----------------- Invoking toplevel() on ptolemy.moml.MoMLSimpleApplication@3f452c30
----------------- Done invoking toplevel() on ptolemy.moml.MoMLSimpleApplication@3f452c30
reloadAllAccessors: .ArrayAppend4

===========================================================================================
----------------- testing Wed Mar 11 07:19:10 UTC 2020 /home/travis/build/icyphy/ptII/ptolemy/actor/lib/test/auto/ArrayAppend5.xml
----------------- Instantiating /home/travis/build/icyphy/ptII/ptolemy/actor/lib/test/auto/ArrayAppend5.xml
2 ms. Memory: 263168K Free: 142148K (54%)
----------------- Invoking toplevel() on ptolemy.moml.MoMLSimpleApplication@2c818c8d
----------------- Done invoking toplevel() on ptolemy.moml.MoMLSimpleApplication@2c818c8d
reloadAllAccessors: .ArrayAppend5

===========================================================================================
----------------- testing Wed Mar 11 07:19:10 UTC 2020 /home/travis/build/icyphy/ptII/ptolemy/actor/lib/test/auto/ArrayAppend6.xml
----------------- Instantiating /home/travis/build/icyphy/ptII/ptolemy/actor/lib/test/auto/ArrayAppend6.xml
2 ms. Memory: 263168K Free: 136518K (52%)
----------------- Invoking toplevel() on ptolemy.moml.MoMLSimpleApplication@6660ed94
----------------- Done invoking toplevel() on ptolemy.moml.MoMLSimpleApplication@6660ed94
reloadAllAccessors: .ArrayAppend6

===========================================================================================
----------------- testing Wed Mar 11 07:19:10 UTC 2020 /home/travis/build/icyphy/ptII/ptolemy/actor/lib/test/auto/ArrayAppendPerformanceTest.xml
----------------- Instantiating /home/travis/build/icyphy/ptII/ptolemy/actor/lib/test/auto/ArrayAppendPerformanceTest.xml
26 ms. Memory: 263168K Free: 125764K (48%)
----------------- Invoking toplevel() on ptolemy.moml.MoMLSimpleApplication@5559bc6
----------------- Done invoking toplevel() on ptolemy.moml.MoMLSimpleApplication@5559bc6
reloadAllAccessors: .ArrayAppendPerformanceTest

===========================================================================================
----------------- testing Wed Mar 11 07:19:10 UTC 2020 /home/travis/build/icyphy/ptII/ptolemy/actor/lib/test/auto/ArrayAppendWithEmptyInput.xml
----------------- Instantiating /home/travis/build/icyphy/ptII/ptolemy/actor/lib/test/auto/ArrayAppendWithEmptyInput.xml
14 ms. Memory: 263168K Free: 117572K (45%)
----------------- Invoking toplevel() on ptolemy.moml.MoMLSimpleApplication@69384069
----------------- Done invoking toplevel() on ptolemy.moml.MoMLSimpleApplication@69384069
reloadAllAccessors: .ArrayAppendWithEmptyInput

===========================================================================================
----------------- testing Wed Mar 11 07:19:10 UTC 2020 /home/travis/build/icyphy/ptII/ptolemy/actor/lib/test/auto/ArrayAverage.xml
----------------- Instantiating /home/travis/build/icyphy/ptII/ptolemy/actor/lib/test/auto/ArrayAverage.xml
12 ms. Memory: 263168K Free: 109894K (42%)
----------------- Invoking toplevel() on ptolemy.moml.MoMLSimpleApplication@775ace0b
----------------- Done invoking toplevel() on ptolemy.moml.MoMLSimpleApplication@775ace0b
reloadAllAccessors: .ArrayAverage

===========================================================================================
----------------- testing Wed Mar 11 07:19:10 UTC 2020 /home/travis/build/icyphy/ptII/ptolemy/actor/lib/test/auto/ArrayContains.xml
----------------- Instantiating /home/travis/build/icyphy/ptII/ptolemy/actor/lib/test/auto/ArrayContains.xml
7 ms. Memory: 263168K Free: 103750K (39%)
----------------- Invoking toplevel() on ptolemy.moml.MoMLSimpleApplication@129de86e
----------------- Done invoking toplevel() on ptolemy.moml.MoMLSimpleApplication@129de86e
reloadAllAccessors: .ArrayContains

===========================================================================================
----------------- testing Wed Mar 11 07:19:10 UTC 2020 /home/travis/build/icyphy/ptII/ptolemy/actor/lib/test/auto/ArrayElement.xml
----------------- Instantiating /home/travis/build/icyphy/ptII/ptolemy/actor/lib/test/auto/ArrayElement.xml
3 ms. Memory: 263168K Free: 98116K (37%)
----------------- Invoking toplevel() on ptolemy.moml.MoMLSimpleApplication@5ed46c21
----------------- Done invoking toplevel() on ptolemy.moml.MoMLSimpleApplication@5ed46c21
reloadAllAccessors: .ArrayElement

===========================================================================================
----------------- testing Wed Mar 11 07:19:10 UTC 2020 /home/travis/build/icyphy/ptII/ptolemy/actor/lib/test/auto/ArrayElementAsMatrix.xml
----------------- Instantiating /home/travis/build/icyphy/ptII/ptolemy/actor/lib/test/auto/ArrayElementAsMatrix.xml
19 ms. Memory: 263168K Free: 88390K (34%)
----------------- Invoking toplevel() on ptolemy.moml.MoMLSimpleApplication@6d19ea88
----------------- Done invoking toplevel() on ptolemy.moml.MoMLSimpleApplication@6d19ea88
reloadAllAccessors: .ArrayElementAsMatrix

===========================================================================================
----------------- testing Wed Mar 11 07:19:10 UTC 2020 /home/travis/build/icyphy/ptII/ptolemy/actor/lib/test/auto/ArrayElementI.xml
----------------- Instantiating /home/travis/build/icyphy/ptII/ptolemy/actor/lib/test/auto/ArrayElementI.xml
3 ms. Memory: 263168K Free: 82756K (31%)
----------------- Invoking toplevel() on ptolemy.moml.MoMLSimpleApplication@202a1cae
----------------- Done invoking toplevel() on ptolemy.moml.MoMLSimpleApplication@202a1cae
reloadAllAccessors: .ArrayElementI

===========================================================================================
----------------- testing Wed Mar 11 07:19:10 UTC 2020 /home/travis/build/icyphy/ptII/ptolemy/actor/lib/test/auto/ArrayExtract.xml
----------------- Instantiating /home/travis/build/icyphy/ptII/ptolemy/actor/lib/test/auto/ArrayExtract.xml
7 ms. Memory: 263168K Free: 74564K (28%)
----------------- Invoking toplevel() on ptolemy.moml.MoMLSimpleApplication@2cd49888
----------------- Done invoking toplevel() on ptolemy.moml.MoMLSimpleApplication@2cd49888
reloadAllAccessors: .ArrayExtract

===========================================================================================
----------------- testing Wed Mar 11 07:19:10 UTC 2020 /home/travis/build/icyphy/ptII/ptolemy/actor/lib/test/auto/ArrayExtract2.xml
----------------- Instantiating /home/travis/build/icyphy/ptII/ptolemy/actor/lib/test/auto/ArrayExtract2.xml
2 ms. Memory: 263168K Free: 68934K (26%)
----------------- Invoking toplevel() on ptolemy.moml.MoMLSimpleApplication@78114b00
----------------- Done invoking toplevel() on ptolemy.moml.MoMLSimpleApplication@78114b00
reloadAllAccessors: .ArrayExtract2

===========================================================================================
----------------- testing Wed Mar 11 07:19:10 UTC 2020 /home/travis/build/icyphy/ptII/ptolemy/actor/lib/test/auto/ArrayLength.xml
----------------- Instantiating /home/travis/build/icyphy/ptII/ptolemy/actor/lib/test/auto/ArrayLength.xml
26 ms. Memory: 263168K Free: 211268K (80%)
----------------- Invoking toplevel() on ptolemy.moml.MoMLSimpleApplication@5bed714e
----------------- Done invoking toplevel() on ptolemy.moml.MoMLSimpleApplication@5bed714e
reloadAllAccessors: .ArrayLength

===========================================================================================
----------------- testing Wed Mar 11 07:19:10 UTC 2020 /home/travis/build/icyphy/ptII/ptolemy/actor/lib/test/auto/ArrayLevelCrossing.xml
----------------- Instantiating /home/travis/build/icyphy/ptII/ptolemy/actor/lib/test/auto/ArrayLevelCrossing.xml
4 ms. Memory: 263168K Free: 202052K (77%)
----------------- Invoking toplevel() on ptolemy.moml.MoMLSimpleApplication@62204deb
----------------- Done invoking toplevel() on ptolemy.moml.MoMLSimpleApplication@62204deb
reloadAllAccessors: .ArrayLevelCrossing

===========================================================================================
----------------- testing Wed Mar 11 07:19:10 UTC 2020 /home/travis/build/icyphy/ptII/ptolemy/actor/lib/test/auto/ArrayLevelCrossing2.xml
----------------- Instantiating /home/travis/build/icyphy/ptII/ptolemy/actor/lib/test/auto/ArrayLevelCrossing2.xml
3 ms. Memory: 263168K Free: 195398K (74%)
----------------- Invoking toplevel() on ptolemy.moml.MoMLSimpleApplication@256bba21
----------------- Done invoking toplevel() on ptolemy.moml.MoMLSimpleApplication@256bba21
reloadAllAccessors: .ArrayLevelCrossing2

===========================================================================================
----------------- testing Wed Mar 11 07:19:10 UTC 2020 /home/travis/build/icyphy/ptII/ptolemy/actor/lib/test/auto/ArrayPeakSearch.xml
----------------- Instantiating /home/travis/build/icyphy/ptII/ptolemy/actor/lib/test/auto/ArrayPeakSearch.xml
3 ms. Memory: 263168K Free: 186692K (71%)
----------------- Invoking toplevel() on ptolemy.moml.MoMLSimpleApplication@6f3ef25f
----------------- Done invoking toplevel() on ptolemy.moml.MoMLSimpleApplication@6f3ef25f
reloadAllAccessors: .ArrayPeakSearch

===========================================================================================
----------------- testing Wed Mar 11 07:19:10 UTC 2020 /home/travis/build/icyphy/ptII/ptolemy/actor/lib/test/auto/ArrayPeakSearch2.xml
----------------- Instantiating /home/travis/build/icyphy/ptII/ptolemy/actor/lib/test/auto/ArrayPeakSearch2.xml
6 ms. Memory: 263168K Free: 175942K (67%)
----------------- Invoking toplevel() on ptolemy.moml.MoMLSimpleApplication@568fbea3
----------------- Done invoking toplevel() on ptolemy.moml.MoMLSimpleApplication@568fbea3
reloadAllAccessors: .ArrayPeakSearch2

===========================================================================================
----------------- testing Wed Mar 11 07:19:10 UTC 2020 /home/travis/build/icyphy/ptII/ptolemy/actor/lib/test/auto/ArrayPeakSearch3.xml
----------------- Instantiating /home/travis/build/icyphy/ptII/ptolemy/actor/lib/test/auto/ArrayPeakSearch3.xml
3 ms. Memory: 263168K Free: 167236K (64%)
----------------- Invoking toplevel() on ptolemy.moml.MoMLSimpleApplication@476e957d
----------------- Done invoking toplevel() on ptolemy.moml.MoMLSimpleApplication@476e957d
reloadAllAccessors: .ArrayPeakSearch3

===========================================================================================
----------------- testing Wed Mar 11 07:19:10 UTC 2020 /home/travis/build/icyphy/ptII/ptolemy/actor/lib/test/auto/ArrayRemoveElement.xml
----------------- Instantiating /home/travis/build/icyphy/ptII/ptolemy/actor/lib/test/auto/ArrayRemoveElement.xml
3 ms. Memory: 263168K Free: 159044K (60%)
----------------- Invoking toplevel() on ptolemy.moml.MoMLSimpleApplication@4d63e73c
----------------- Done invoking toplevel() on ptolemy.moml.MoMLSimpleApplication@4d63e73c
reloadAllAccessors: .ArrayRemoveElement

===========================================================================================
----------------- testing Wed Mar 11 07:19:10 UTC 2020 /home/travis/build/icyphy/ptII/ptolemy/actor/lib/test/auto/ArraySort.xml
----------------- Instantiating /home/travis/build/icyphy/ptII/ptolemy/actor/lib/test/auto/ArraySort.xml
7 ms. Memory: 263168K Free: 150342K (57%)
----------------- Invoking toplevel() on ptolemy.moml.MoMLSimpleApplication@10c4f428
----------------- Done invoking toplevel() on ptolemy.moml.MoMLSimpleApplication@10c4f428
reloadAllAccessors: .ArraySort

===========================================================================================
----------------- testing Wed Mar 11 07:19:10 UTC 2020 /home/travis/build/icyphy/ptII/ptolemy/actor/lib/test/auto/ArraySum.xml
----------------- Instantiating /home/travis/build/icyphy/ptII/ptolemy/actor/lib/test/auto/ArraySum.xml
4 ms. Memory: 263168K Free: 144708K (55%)
----------------- Invoking toplevel() on ptolemy.moml.MoMLSimpleApplication@3a0f250e
----------------- Done invoking toplevel() on ptolemy.moml.MoMLSimpleApplication@3a0f250e
reloadAllAccessors: .ArraySum

===========================================================================================
----------------- testing Wed Mar 11 07:19:10 UTC 2020 /home/travis/build/icyphy/ptII/ptolemy/actor/lib/test/auto/ArrayToElements.xml
----------------- Instantiating /home/travis/build/icyphy/ptII/ptolemy/actor/lib/test/auto/ArrayToElements.xml
5 ms. Memory: 263168K Free: 139588K (53%)
----------------- Invoking toplevel() on ptolemy.moml.MoMLSimpleApplication@3d81ec75
----------------- Done invoking toplevel() on ptolemy.moml.MoMLSimpleApplication@3d81ec75
reloadAllAccessors: .ArrayToElements

===========================================================================================
----------------- testing Wed Mar 11 07:19:10 UTC 2020 /home/travis/build/icyphy/ptII/ptolemy/actor/lib/test/auto/ArrayToMatrix.xml
----------------- Instantiating /home/travis/build/icyphy/ptII/ptolemy/actor/lib/test/auto/ArrayToMatrix.xml
18 ms. Memory: 263168K Free: 125252K (48%)
----------------- Invoking toplevel() on ptolemy.moml.MoMLSimpleApplication@a5aae54
----------------- Done invoking toplevel() on ptolemy.moml.MoMLSimpleApplication@a5aae54
reloadAllAccessors: .ArrayToMatrix

===========================================================================================
----------------- testing Wed Mar 11 07:19:10 UTC 2020 /home/travis/build/icyphy/ptII/ptolemy/actor/lib/test/auto/ArrayUpdate1.xml
----------------- Instantiating /home/travis/build/icyphy/ptII/ptolemy/actor/lib/test/auto/ArrayUpdate1.xml
4 ms. Memory: 263168K Free: 120646K (46%)
----------------- Invoking toplevel() on ptolemy.moml.MoMLSimpleApplication@3667ddb1
----------------- Done invoking toplevel() on ptolemy.moml.MoMLSimpleApplication@3667ddb1
reloadAllAccessors: .ArrayUpdate1

===========================================================================================
----------------- testing Wed Mar 11 07:19:11 UTC 2020 /home/travis/build/icyphy/ptII/ptolemy/actor/lib/test/auto/ArrayUpdate2.xml
----------------- Instantiating /home/travis/build/icyphy/ptII/ptolemy/actor/lib/test/auto/ArrayUpdate2.xml
7 ms. Memory: 263168K Free: 113988K (43%)
----------------- Invoking toplevel() on ptolemy.moml.MoMLSimpleApplication@28dff01f
----------------- Done invoking toplevel() on ptolemy.moml.MoMLSimpleApplication@28dff01f
reloadAllAccessors: .ArrayUpdate2

===========================================================================================
----------------- testing Wed Mar 11 07:19:11 UTC 2020 /home/travis/build/icyphy/ptII/ptolemy/actor/lib/test/auto/ArrayUpdate3.xml
----------------- Instantiating /home/travis/build/icyphy/ptII/ptolemy/actor/lib/test/auto/ArrayUpdate3.xml
5 ms. Memory: 263168K Free: 109382K (42%)
----------------- Invoking toplevel() on ptolemy.moml.MoMLSimpleApplication@3989efdc
----------------- Done invoking toplevel() on ptolemy.moml.MoMLSimpleApplication@3989efdc
reloadAllAccessors: .ArrayUpdate3

===========================================================================================
----------------- testing Wed Mar 11 07:19:11 UTC 2020 /home/travis/build/icyphy/ptII/ptolemy/actor/lib/test/auto/Assert1.xml
----------------- Instantiating /home/travis/build/icyphy/ptII/ptolemy/actor/lib/test/auto/Assert1.xml
5 ms. Memory: 263168K Free: 104772K (40%)
----------------- Invoking toplevel() on ptolemy.moml.MoMLSimpleApplication@6a5a5a7c
----------------- Done invoking toplevel() on ptolemy.moml.MoMLSimpleApplication@6a5a5a7c
reloadAllAccessors: .Assert1

===========================================================================================
----------------- testing Wed Mar 11 07:19:11 UTC 2020 /home/travis/build/icyphy/ptII/ptolemy/actor/lib/test/auto/Assert2.xml
----------------- Instantiating /home/travis/build/icyphy/ptII/ptolemy/actor/lib/test/auto/Assert2.xml
2 ms. Memory: 263168K Free: 99652K (38%)
----------------- Invoking toplevel() on ptolemy.moml.MoMLSimpleApplication@135f454a
----------------- Done invoking toplevel() on ptolemy.moml.MoMLSimpleApplication@135f454a
reloadAllAccessors: .Assert2

===========================================================================================
----------------- testing Wed Mar 11 07:19:11 UTC 2020 /home/travis/build/icyphy/ptII/ptolemy/actor/lib/test/auto/BooleanMultiplexor.xml
----------------- Instantiating /home/travis/build/icyphy/ptII/ptolemy/actor/lib/test/auto/BooleanMultiplexor.xml
1 ms. Memory: 263168K Free: 94022K (36%)
----------------- Invoking toplevel() on ptolemy.moml.MoMLSimpleApplication@41e1594e
----------------- Done invoking toplevel() on ptolemy.moml.MoMLSimpleApplication@41e1594e
reloadAllAccessors: .BooleanMultiplexor

===========================================================================================
----------------- testing Wed Mar 11 07:19:11 UTC 2020 /home/travis/build/icyphy/ptII/ptolemy/actor/lib/test/auto/BooleanMultiplexor2.xml
----------------- Instantiating /home/travis/build/icyphy/ptII/ptolemy/actor/lib/test/auto/BooleanMultiplexor2.xml
13 ms. Memory: 263168K Free: 87878K (33%)
----------------- Invoking toplevel() on ptolemy.moml.MoMLSimpleApplication@44ce9aea
----------------- Done invoking toplevel() on ptolemy.moml.MoMLSimpleApplication@44ce9aea
reloadAllAccessors: .BooleanMultiplexor2

===========================================================================================
----------------- testing Wed Mar 11 07:19:11 UTC 2020 /home/travis/build/icyphy/ptII/ptolemy/actor/lib/test/auto/BooleanMultiplexor3.xml
----------------- Instantiating /home/travis/build/icyphy/ptII/ptolemy/actor/lib/test/auto/BooleanMultiplexor3.xml
2 ms. Memory: 263168K Free: 83782K (32%)
----------------- Invoking toplevel() on ptolemy.moml.MoMLSimpleApplication@4034a592
----------------- Done invoking toplevel() on ptolemy.moml.MoMLSimpleApplication@4034a592
reloadAllAccessors: .BooleanMultiplexor3

===========================================================================================
----------------- testing Wed Mar 11 07:19:11 UTC 2020 /home/travis/build/icyphy/ptII/ptolemy/actor/lib/test/auto/BooleanSelect.xml
----------------- Instantiating /home/travis/build/icyphy/ptII/ptolemy/actor/lib/test/auto/BooleanSelect.xml
3 ms. Memory: 263168K Free: 78133K (30%)
----------------- Invoking toplevel() on ptolemy.moml.MoMLSimpleApplication@7996e115
----------------- Done invoking toplevel() on ptolemy.moml.MoMLSimpleApplication@7996e115
reloadAllAccessors: .BooleanSelect

===========================================================================================
----------------- testing Wed Mar 11 07:19:11 UTC 2020 /home/travis/build/icyphy/ptII/ptolemy/actor/lib/test/auto/BooleanSelect2.xml
----------------- Instantiating /home/travis/build/icyphy/ptII/ptolemy/actor/lib/test/auto/BooleanSelect2.xml
1 ms. Memory: 263168K Free: 73542K (28%)
----------------- Invoking toplevel() on ptolemy.moml.MoMLSimpleApplication@3625de11
----------------- Done invoking toplevel() on ptolemy.moml.MoMLSimpleApplication@3625de11
reloadAllAccessors: .BooleanSelect2

===========================================================================================
----------------- testing Wed Mar 11 07:19:11 UTC 2020 /home/travis/build/icyphy/ptII/ptolemy/actor/lib/test/auto/BooleanSwitch.xml
----------------- Instantiating /home/travis/build/icyphy/ptII/ptolemy/actor/lib/test/auto/BooleanSwitch.xml
2 ms. Memory: 263168K Free: 67908K (26%)
----------------- Invoking toplevel() on ptolemy.moml.MoMLSimpleApplication@717c5333
----------------- Done invoking toplevel() on ptolemy.moml.MoMLSimpleApplication@717c5333
reloadAllAccessors: .BooleanSwitch

===========================================================================================
----------------- testing Wed Mar 11 07:19:11 UTC 2020 /home/travis/build/icyphy/ptII/ptolemy/actor/lib/test/auto/BooleanSwitch2.xml
----------------- Instantiating /home/travis/build/icyphy/ptII/ptolemy/actor/lib/test/auto/BooleanSwitch2.xml
1 ms. Memory: 263168K Free: 63302K (24%)
----------------- Invoking toplevel() on ptolemy.moml.MoMLSimpleApplication@58888d2d
----------------- Done invoking toplevel() on ptolemy.moml.MoMLSimpleApplication@58888d2d
reloadAllAccessors: .BooleanSwitch2

===========================================================================================
----------------- testing Wed Mar 11 07:19:11 UTC 2020 /home/travis/build/icyphy/ptII/ptolemy/actor/lib/test/auto/BooleanSwitchCloningBugWithClassRelationGroup.xml
----------------- Instantiating /home/travis/build/icyphy/ptII/ptolemy/actor/lib/test/auto/BooleanSwitchCloningBugWithClassRelationGroup.xml
2 ms. Memory: 477184K Free: 420810K (88%)
----------------- Invoking toplevel() on ptolemy.moml.MoMLSimpleApplication@3e2b632c
----------------- Done invoking toplevel() on ptolemy.moml.MoMLSimpleApplication@3e2b632c
reloadAllAccessors: .BooleanSwitchCloningBugWithClassRelationGroup

===========================================================================================
----------------- testing Wed Mar 11 07:19:11 UTC 2020 /home/travis/build/icyphy/ptII/ptolemy/actor/lib/test/auto/BusActors.xml
----------------- Instantiating /home/travis/build/icyphy/ptII/ptolemy/actor/lib/test/auto/BusActors.xml
4 ms. Memory: 477184K Free: 412618K (86%)
----------------- Invoking toplevel() on ptolemy.moml.MoMLSimpleApplication@9bd09a6
----------------- Done invoking toplevel() on ptolemy.moml.MoMLSimpleApplication@9bd09a6
reloadAllAccessors: .BusActors

===========================================================================================
----------------- testing Wed Mar 11 07:19:11 UTC 2020 /home/travis/build/icyphy/ptII/ptolemy/actor/lib/test/auto/ClassWrapper.xml
----------------- Instantiating /home/travis/build/icyphy/ptII/ptolemy/actor/lib/test/auto/ClassWrapper.xml
3 ms. Memory: 477184K Free: 408008K (86%)
----------------- Invoking toplevel() on ptolemy.moml.MoMLSimpleApplication@3c98f56e
----------------- Done invoking toplevel() on ptolemy.moml.MoMLSimpleApplication@3c98f56e
reloadAllAccessors: .ClassWrapper

===========================================================================================
----------------- testing Wed Mar 11 07:19:11 UTC 2020 /home/travis/build/icyphy/ptII/ptolemy/actor/lib/test/auto/Clock.xml
----------------- Instantiating /home/travis/build/icyphy/ptII/ptolemy/actor/lib/test/auto/Clock.xml
1 ms. Memory: 477184K Free: 404426K (85%)
----------------- Invoking toplevel() on ptolemy.moml.MoMLSimpleApplication@5acb66c2
----------------- Done invoking toplevel() on ptolemy.moml.MoMLSimpleApplication@5acb66c2
reloadAllAccessors: .Clock

===========================================================================================
----------------- testing Wed Mar 11 07:19:11 UTC 2020 /home/travis/build/icyphy/ptII/ptolemy/actor/lib/test/auto/Clock10.xml
----------------- Instantiating /home/travis/build/icyphy/ptII/ptolemy/actor/lib/test/auto/Clock10.xml
3 ms. Memory: 477184K Free: 398282K (83%)
----------------- Invoking toplevel() on ptolemy.moml.MoMLSimpleApplication@3d2d9e8f
----------------- Done invoking toplevel() on ptolemy.moml.MoMLSimpleApplication@3d2d9e8f
reloadAllAccessors: .Clock10

===========================================================================================
----------------- testing Wed Mar 11 07:19:11 UTC 2020 /home/travis/build/icyphy/ptII/ptolemy/actor/lib/test/auto/Clock11.xml
----------------- Instantiating /home/travis/build/icyphy/ptII/ptolemy/actor/lib/test/auto/Clock11.xml
3 ms. Memory: 477184K Free: 392648K (82%)
----------------- Invoking toplevel() on ptolemy.moml.MoMLSimpleApplication@15cd7a3e
----------------- Done invoking toplevel() on ptolemy.moml.MoMLSimpleApplication@15cd7a3e
reloadAllAccessors: .Clock11

===========================================================================================
----------------- testing Wed Mar 11 07:19:11 UTC 2020 /home/travis/build/icyphy/ptII/ptolemy/actor/lib/test/auto/Clock12.xml
----------------- Instantiating /home/travis/build/icyphy/ptII/ptolemy/actor/lib/test/auto/Clock12.xml
2 ms. Memory: 477184K Free: 386504K (81%)
----------------- Invoking toplevel() on ptolemy.moml.MoMLSimpleApplication@320038a1
----------------- Done invoking toplevel() on ptolemy.moml.MoMLSimpleApplication@320038a1
reloadAllAccessors: .Clock12

===========================================================================================
----------------- testing Wed Mar 11 07:19:11 UTC 2020 /home/travis/build/icyphy/ptII/ptolemy/actor/lib/test/auto/Clock13.xml
----------------- Instantiating /home/travis/build/icyphy/ptII/ptolemy/actor/lib/test/auto/Clock13.xml
3 ms. Memory: 477184K Free: 380874K (80%)
----------------- Invoking toplevel() on ptolemy.moml.MoMLSimpleApplication@206299c0
----------------- Done invoking toplevel() on ptolemy.moml.MoMLSimpleApplication@206299c0
reloadAllAccessors: .Clock13

===========================================================================================
----------------- testing Wed Mar 11 07:19:11 UTC 2020 /home/travis/build/icyphy/ptII/ptolemy/actor/lib/test/auto/Clock14.xml
----------------- Instantiating /home/travis/build/icyphy/ptII/ptolemy/actor/lib/test/auto/Clock14.xml
6 ms. Memory: 477184K Free: 374730K (79%)
----------------- Invoking toplevel() on ptolemy.moml.MoMLSimpleApplication@7e72b4ec
----------------- Done invoking toplevel() on ptolemy.moml.MoMLSimpleApplication@7e72b4ec
reloadAllAccessors: .Clock14

===========================================================================================
----------------- testing Wed Mar 11 07:19:11 UTC 2020 /home/travis/build/icyphy/ptII/ptolemy/actor/lib/test/auto/Clock15.xml
----------------- Instantiating /home/travis/build/icyphy/ptII/ptolemy/actor/lib/test/auto/Clock15.xml
2 ms. Memory: 477184K Free: 369090K (77%)
----------------- Invoking toplevel() on ptolemy.moml.MoMLSimpleApplication@36178798
----------------- Done invoking toplevel() on ptolemy.moml.MoMLSimpleApplication@36178798
reloadAllAccessors: .Clock15

===========================================================================================
----------------- testing Wed Mar 11 07:19:11 UTC 2020 /home/travis/build/icyphy/ptII/ptolemy/actor/lib/test/auto/Clock16.xml
----------------- Instantiating /home/travis/build/icyphy/ptII/ptolemy/actor/lib/test/auto/Clock16.xml
38 ms. Memory: 477184K Free: 354248K (74%)
----------------- Invoking toplevel() on ptolemy.moml.MoMLSimpleApplication@a5f7f78
----------------- Done invoking toplevel() on ptolemy.moml.MoMLSimpleApplication@a5f7f78
reloadAllAccessors: .Clock16

===========================================================================================
----------------- testing Wed Mar 11 07:19:11 UTC 2020 /home/travis/build/icyphy/ptII/ptolemy/actor/lib/test/auto/Clock17.xml
----------------- Instantiating /home/travis/build/icyphy/ptII/ptolemy/actor/lib/test/auto/Clock17.xml
20 ms. Memory: 477184K Free: 340410K (71%)
----------------- Invoking toplevel() on ptolemy.moml.MoMLSimpleApplication@92fdf67
----------------- Done invoking toplevel() on ptolemy.moml.MoMLSimpleApplication@92fdf67
reloadAllAccessors: .Clock17

===========================================================================================
----------------- testing Wed Mar 11 07:19:11 UTC 2020 /home/travis/build/icyphy/ptII/ptolemy/actor/lib/test/auto/Clock18.xml
----------------- Instantiating /home/travis/build/icyphy/ptII/ptolemy/actor/lib/test/auto/Clock18.xml
15 ms. Memory: 477184K Free: 327098K (69%)
----------------- Invoking toplevel() on ptolemy.moml.MoMLSimpleApplication@4f594de3
----------------- Done invoking toplevel() on ptolemy.moml.MoMLSimpleApplication@4f594de3
reloadAllAccessors: .Clock18

===========================================================================================
----------------- testing Wed Mar 11 07:19:11 UTC 2020 /home/travis/build/icyphy/ptII/ptolemy/actor/lib/test/auto/Clock19.xml
----------------- Instantiating /home/travis/build/icyphy/ptII/ptolemy/actor/lib/test/auto/Clock19.xml
13 ms. Memory: 477184K Free: 313800K (66%)
----------------- Invoking toplevel() on ptolemy.moml.MoMLSimpleApplication@3d1daae9
----------------- Done invoking toplevel() on ptolemy.moml.MoMLSimpleApplication@3d1daae9
reloadAllAccessors: .Clock19

===========================================================================================
----------------- testing Wed Mar 11 07:19:11 UTC 2020 /home/travis/build/icyphy/ptII/ptolemy/actor/lib/test/auto/Clock2.xml
----------------- Instantiating /home/travis/build/icyphy/ptII/ptolemy/actor/lib/test/auto/Clock2.xml
4 ms. Memory: 477184K Free: 309698K (65%)
----------------- Invoking toplevel() on ptolemy.moml.MoMLSimpleApplication@6765aebe
----------------- Done invoking toplevel() on ptolemy.moml.MoMLSimpleApplication@6765aebe
reloadAllAccessors: .Clock2

===========================================================================================
----------------- testing Wed Mar 11 07:19:11 UTC 2020 /home/travis/build/icyphy/ptII/ptolemy/actor/lib/test/auto/Clock20.xml
----------------- Instantiating /home/travis/build/icyphy/ptII/ptolemy/actor/lib/test/auto/Clock20.xml
4 ms. Memory: 477184K Free: 304074K (64%)
----------------- Invoking toplevel() on ptolemy.moml.MoMLSimpleApplication@8a4e0b1
----------------- Done invoking toplevel() on ptolemy.moml.MoMLSimpleApplication@8a4e0b1
reloadAllAccessors: .Clock20

===========================================================================================
----------------- testing Wed Mar 11 07:19:11 UTC 2020 /home/travis/build/icyphy/ptII/ptolemy/actor/lib/test/auto/Clock21.xml
----------------- Instantiating /home/travis/build/icyphy/ptII/ptolemy/actor/lib/test/auto/Clock21.xml
8 ms. Memory: 477184K Free: 298954K (63%)
----------------- Invoking toplevel() on ptolemy.moml.MoMLSimpleApplication@574ba3c3
----------------- Done invoking toplevel() on ptolemy.moml.MoMLSimpleApplication@574ba3c3
reloadAllAccessors: .Clock21

===========================================================================================
----------------- testing Wed Mar 11 07:19:11 UTC 2020 /home/travis/build/icyphy/ptII/ptolemy/actor/lib/test/auto/Clock22.xml
----------------- Instantiating /home/travis/build/icyphy/ptII/ptolemy/actor/lib/test/auto/Clock22.xml
2 ms. Memory: 477184K Free: 293320K (61%)
----------------- Invoking toplevel() on ptolemy.moml.MoMLSimpleApplication@4235cb49
----------------- Done invoking toplevel() on ptolemy.moml.MoMLSimpleApplication@4235cb49
reloadAllAccessors: .Clock22

===========================================================================================
----------------- testing Wed Mar 11 07:19:11 UTC 2020 /home/travis/build/icyphy/ptII/ptolemy/actor/lib/test/auto/Clock23.xml
----------------- Instantiating /home/travis/build/icyphy/ptII/ptolemy/actor/lib/test/auto/Clock23.xml
4 ms. Memory: 477184K Free: 288200K (60%)
----------------- Invoking toplevel() on ptolemy.moml.MoMLSimpleApplication@e071eb7
----------------- Done invoking toplevel() on ptolemy.moml.MoMLSimpleApplication@e071eb7
reloadAllAccessors: .Clock23

===========================================================================================
----------------- testing Wed Mar 11 07:19:11 UTC 2020 /home/travis/build/icyphy/ptII/ptolemy/actor/lib/test/auto/Clock24.xml
----------------- Instantiating /home/travis/build/icyphy/ptII/ptolemy/actor/lib/test/auto/Clock24.xml
2 ms. Memory: 477184K Free: 282570K (59%)
----------------- Invoking toplevel() on ptolemy.moml.MoMLSimpleApplication@506a44cf
----------------- Done invoking toplevel() on ptolemy.moml.MoMLSimpleApplication@506a44cf
reloadAllAccessors: .Clock24

===========================================================================================
----------------- testing Wed Mar 11 07:19:11 UTC 2020 /home/travis/build/icyphy/ptII/ptolemy/actor/lib/test/auto/Clock4.xml
----------------- Instantiating /home/travis/build/icyphy/ptII/ptolemy/actor/lib/test/auto/Clock4.xml
2 ms. Memory: 477184K Free: 277450K (58%)
----------------- Invoking toplevel() on ptolemy.moml.MoMLSimpleApplication@2be09978
----------------- Done invoking toplevel() on ptolemy.moml.MoMLSimpleApplication@2be09978
reloadAllAccessors: .Clock4

===========================================================================================
----------------- testing Wed Mar 11 07:19:11 UTC 2020 /home/travis/build/icyphy/ptII/ptolemy/actor/lib/test/auto/Clock5.xml
----------------- Instantiating /home/travis/build/icyphy/ptII/ptolemy/actor/lib/test/auto/Clock5.xml
2 ms. Memory: 477184K Free: 272330K (57%)
----------------- Invoking toplevel() on ptolemy.moml.MoMLSimpleApplication@64cd5d1c
----------------- Done invoking toplevel() on ptolemy.moml.MoMLSimpleApplication@64cd5d1c
reloadAllAccessors: .Clock5

===========================================================================================
----------------- testing Wed Mar 11 07:19:11 UTC 2020 /home/travis/build/icyphy/ptII/ptolemy/actor/lib/test/auto/Clock6.xml
----------------- Instantiating /home/travis/build/icyphy/ptII/ptolemy/actor/lib/test/auto/Clock6.xml
3 ms. Memory: 477184K Free: 267720K (56%)
----------------- Invoking toplevel() on ptolemy.moml.MoMLSimpleApplication@1e8a858f
----------------- Done invoking toplevel() on ptolemy.moml.MoMLSimpleApplication@1e8a858f
reloadAllAccessors: .Clock6

===========================================================================================
----------------- testing Wed Mar 11 07:19:11 UTC 2020 /home/travis/build/icyphy/ptII/ptolemy/actor/lib/test/auto/Clock7.xml
----------------- Instantiating /home/travis/build/icyphy/ptII/ptolemy/actor/lib/test/auto/Clock7.xml
3 ms. Memory: 477184K Free: 263624K (55%)
----------------- Invoking toplevel() on ptolemy.moml.MoMLSimpleApplication@1bb3eafa
----------------- Done invoking toplevel() on ptolemy.moml.MoMLSimpleApplication@1bb3eafa
reloadAllAccessors: .Clock7

===========================================================================================
----------------- testing Wed Mar 11 07:19:11 UTC 2020 /home/travis/build/icyphy/ptII/ptolemy/actor/lib/test/auto/Clock8.xml
----------------- Instantiating /home/travis/build/icyphy/ptII/ptolemy/actor/lib/test/auto/Clock8.xml
3 ms. Memory: 477184K Free: 257994K (54%)
----------------- Invoking toplevel() on ptolemy.moml.MoMLSimpleApplication@1e577c6
----------------- Done invoking toplevel() on ptolemy.moml.MoMLSimpleApplication@1e577c6
reloadAllAccessors: .Clock8

===========================================================================================
----------------- testing Wed Mar 11 07:19:12 UTC 2020 /home/travis/build/icyphy/ptII/ptolemy/actor/lib/test/auto/Clock9.xml
----------------- Instantiating /home/travis/build/icyphy/ptII/ptolemy/actor/lib/test/auto/Clock9.xml
4 ms. Memory: 477184K Free: 252330K (53%)
----------------- Invoking toplevel() on ptolemy.moml.MoMLSimpleApplication@50c29758
----------------- Done invoking toplevel() on ptolemy.moml.MoMLSimpleApplication@50c29758
reloadAllAccessors: .Clock9

===========================================================================================
----------------- testing Wed Mar 11 07:19:12 UTC 2020 /home/travis/build/icyphy/ptII/ptolemy/actor/lib/test/auto/CommDistDiscard.xml
----------------- Instantiating /home/travis/build/icyphy/ptII/ptolemy/actor/lib/test/auto/CommDistDiscard.xml
4 ms. Memory: 477184K Free: 247240K (52%)
----------------- Invoking toplevel() on ptolemy.moml.MoMLSimpleApplication@1e3df36
----------------- Done invoking toplevel() on ptolemy.moml.MoMLSimpleApplication@1e3df36
reloadAllAccessors: .CommDistDiscard

===========================================================================================
----------------- testing Wed Mar 11 07:19:12 UTC 2020 /home/travis/build/icyphy/ptII/ptolemy/actor/lib/test/auto/Commutator.xml
----------------- Instantiating /home/travis/build/icyphy/ptII/ptolemy/actor/lib/test/auto/Commutator.xml
4 ms. Memory: 477184K Free: 242634K (51%)
----------------- Invoking toplevel() on ptolemy.moml.MoMLSimpleApplication@766653cc
----------------- Done invoking toplevel() on ptolemy.moml.MoMLSimpleApplication@766653cc
reloadAllAccessors: .Commutator

===========================================================================================
----------------- testing Wed Mar 11 07:19:12 UTC 2020 /home/travis/build/icyphy/ptII/ptolemy/actor/lib/test/auto/Commutator2.xml
----------------- Instantiating /home/travis/build/icyphy/ptII/ptolemy/actor/lib/test/auto/Commutator2.xml
1 ms. Memory: 477184K Free: 238538K (50%)
----------------- Invoking toplevel() on ptolemy.moml.MoMLSimpleApplication@481e2f05
----------------- Done invoking toplevel() on ptolemy.moml.MoMLSimpleApplication@481e2f05
reloadAllAccessors: .Commutator2

===========================================================================================
----------------- testing Wed Mar 11 07:19:12 UTC 2020 /home/travis/build/icyphy/ptII/ptolemy/actor/lib/test/auto/Commutator3.xml
----------------- Instantiating /home/travis/build/icyphy/ptII/ptolemy/actor/lib/test/auto/Commutator3.xml
2 ms. Memory: 477184K Free: 233928K (49%)
----------------- Invoking toplevel() on ptolemy.moml.MoMLSimpleApplication@1d65181
----------------- Done invoking toplevel() on ptolemy.moml.MoMLSimpleApplication@1d65181
reloadAllAccessors: .Commutator3

===========================================================================================
----------------- testing Wed Mar 11 07:19:12 UTC 2020 /home/travis/build/icyphy/ptII/ptolemy/actor/lib/test/auto/Compare.xml
----------------- Instantiating /home/travis/build/icyphy/ptII/ptolemy/actor/lib/test/auto/Compare.xml
3 ms. Memory: 477184K Free: 227274K (48%)
----------------- Invoking toplevel() on ptolemy.moml.MoMLSimpleApplication@299e4724
----------------- Done invoking toplevel() on ptolemy.moml.MoMLSimpleApplication@299e4724
reloadAllAccessors: .Compare

===========================================================================================
----------------- testing Wed Mar 11 07:19:12 UTC 2020 /home/travis/build/icyphy/ptII/ptolemy/actor/lib/test/auto/CompareDE.xml
----------------- Instantiating /home/travis/build/icyphy/ptII/ptolemy/actor/lib/test/auto/CompareDE.xml
5 ms. Memory: 477184K Free: 220602K (46%)
----------------- Invoking toplevel() on ptolemy.moml.MoMLSimpleApplication@4759c5de
----------------- Done invoking toplevel() on ptolemy.moml.MoMLSimpleApplication@4759c5de
reloadAllAccessors: .CompareDE

===========================================================================================
----------------- testing Wed Mar 11 07:19:12 UTC 2020 /home/travis/build/icyphy/ptII/ptolemy/actor/lib/test/auto/ComplexDivide.xml
----------------- Instantiating /home/travis/build/icyphy/ptII/ptolemy/actor/lib/test/auto/ComplexDivide.xml
1 ms. Memory: 477184K Free: 216520K (45%)
----------------- Invoking toplevel() on ptolemy.moml.MoMLSimpleApplication@262fa548
----------------- Done invoking toplevel() on ptolemy.moml.MoMLSimpleApplication@262fa548
reloadAllAccessors: .ComplexDivide

===========================================================================================
----------------- testing Wed Mar 11 07:19:12 UTC 2020 /home/travis/build/icyphy/ptII/ptolemy/actor/lib/test/auto/ComputeHistogram.xml
----------------- Instantiating /home/travis/build/icyphy/ptII/ptolemy/actor/lib/test/auto/ComputeHistogram.xml
29 ms. Memory: 477184K Free: 204232K (43%)
----------------- Invoking toplevel() on ptolemy.moml.MoMLSimpleApplication@105fa082
----------------- Done invoking toplevel() on ptolemy.moml.MoMLSimpleApplication@105fa082
reloadAllAccessors: .ComputeHistogram

===========================================================================================
----------------- testing Wed Mar 11 07:19:12 UTC 2020 /home/travis/build/icyphy/ptII/ptolemy/actor/lib/test/auto/ConfigurationSelect.xml
----------------- Instantiating /home/travis/build/icyphy/ptII/ptolemy/actor/lib/test/auto/ConfigurationSelect.xml
8 ms. Memory: 477184K Free: 198602K (42%)
----------------- Invoking toplevel() on ptolemy.moml.MoMLSimpleApplication@4f26ff7c
----------------- Done invoking toplevel() on ptolemy.moml.MoMLSimpleApplication@4f26ff7c
reloadAllAccessors: .ConfigurationSelect

===========================================================================================
----------------- testing Wed Mar 11 07:19:12 UTC 2020 /home/travis/build/icyphy/ptII/ptolemy/actor/lib/test/auto/ConfigurationSelect2.xml
----------------- Instantiating /home/travis/build/icyphy/ptII/ptolemy/actor/lib/test/auto/ConfigurationSelect2.xml
1 ms. Memory: 477184K Free: 193992K (41%)
----------------- Invoking toplevel() on ptolemy.moml.MoMLSimpleApplication@341c46f
----------------- Done invoking toplevel() on ptolemy.moml.MoMLSimpleApplication@341c46f
reloadAllAccessors: .ConfigurationSelect2

===========================================================================================
----------------- testing Wed Mar 11 07:19:12 UTC 2020 /home/travis/build/icyphy/ptII/ptolemy/actor/lib/test/auto/ConfigurationSwitch.xml
----------------- Instantiating /home/travis/build/icyphy/ptII/ptolemy/actor/lib/test/auto/ConfigurationSwitch.xml
2 ms. Memory: 477184K Free: 424626K (89%)
----------------- Invoking toplevel() on ptolemy.moml.MoMLSimpleApplication@b88a781
----------------- Done invoking toplevel() on ptolemy.moml.MoMLSimpleApplication@b88a781
reloadAllAccessors: .ConfigurationSwitch

===========================================================================================
----------------- testing Wed Mar 11 07:19:12 UTC 2020 /home/travis/build/icyphy/ptII/ptolemy/actor/lib/test/auto/ConfigurationSwitch2.xml
----------------- Instantiating /home/travis/build/icyphy/ptII/ptolemy/actor/lib/test/auto/ConfigurationSwitch2.xml
1 ms. Memory: 477184K Free: 418992K (88%)
----------------- Invoking toplevel() on ptolemy.moml.MoMLSimpleApplication@a3aa13c
----------------- Done invoking toplevel() on ptolemy.moml.MoMLSimpleApplication@a3aa13c
reloadAllAccessors: .ConfigurationSwitch2

===========================================================================================
----------------- testing Wed Mar 11 07:19:12 UTC 2020 /home/travis/build/icyphy/ptII/ptolemy/actor/lib/test/auto/ConfigurationSwitchCloningBugWithClassRelationGroup.xml
----------------- Instantiating /home/travis/build/icyphy/ptII/ptolemy/actor/lib/test/auto/ConfigurationSwitchCloningBugWithClassRelationGroup.xml
2 ms. Memory: 477184K Free: 412338K (86%)
----------------- Invoking toplevel() on ptolemy.moml.MoMLSimpleApplication@2b1ab5a
----------------- Done invoking toplevel() on ptolemy.moml.MoMLSimpleApplication@2b1ab5a
reloadAllAccessors: .ConfigurationSwitchCloningBugWithClassRelationGroup

===========================================================================================
----------------- testing Wed Mar 11 07:19:12 UTC 2020 /home/travis/build/icyphy/ptII/ptolemy/actor/lib/test/auto/ConfigurationSwitchSelectSDF.xml
----------------- Instantiating /home/travis/build/icyphy/ptII/ptolemy/actor/lib/test/auto/ConfigurationSwitchSelectSDF.xml
2 ms. Memory: 477184K Free: 407218K (85%)
----------------- Invoking toplevel() on ptolemy.moml.MoMLSimpleApplication@117ca064
----------------- Done invoking toplevel() on ptolemy.moml.MoMLSimpleApplication@117ca064
reloadAllAccessors: .ConfigurationSwitchSelectSDF

===========================================================================================
----------------- testing Wed Mar 11 07:19:12 UTC 2020 /home/travis/build/icyphy/ptII/ptolemy/actor/lib/test/auto/ConfigurationSwitchSelectSDF2.xml
----------------- Instantiating /home/travis/build/icyphy/ptII/ptolemy/actor/lib/test/auto/ConfigurationSwitchSelectSDF2.xml
2 ms. Memory: 477184K Free: 401584K (84%)
----------------- Invoking toplevel() on ptolemy.moml.MoMLSimpleApplication@862eba1
----------------- Done invoking toplevel() on ptolemy.moml.MoMLSimpleApplication@862eba1
reloadAllAccessors: .ConfigurationSwitchSelectSDF2

===========================================================================================
----------------- testing Wed Mar 11 07:19:12 UTC 2020 /home/travis/build/icyphy/ptII/ptolemy/actor/lib/test/auto/Const.xml
----------------- Instantiating /home/travis/build/icyphy/ptII/ptolemy/actor/lib/test/auto/Const.xml
1 ms. Memory: 477184K Free: 398002K (83%)
----------------- Invoking toplevel() on ptolemy.moml.MoMLSimpleApplication@6c2d091f
----------------- Done invoking toplevel() on ptolemy.moml.MoMLSimpleApplication@6c2d091f
reloadAllAccessors: .Const

===========================================================================================
----------------- testing Wed Mar 11 07:19:12 UTC 2020 /home/travis/build/icyphy/ptII/ptolemy/actor/lib/test/auto/Const2.xml
----------------- Instantiating /home/travis/build/icyphy/ptII/ptolemy/actor/lib/test/auto/Const2.xml
2 ms. Memory: 477184K Free: 394416K (83%)
----------------- Invoking toplevel() on ptolemy.moml.MoMLSimpleApplication@3ca641fc
----------------- Done invoking toplevel() on ptolemy.moml.MoMLSimpleApplication@3ca641fc
reloadAllAccessors: .Const2

===========================================================================================
----------------- testing Wed Mar 11 07:19:12 UTC 2020 /home/travis/build/icyphy/ptII/ptolemy/actor/lib/test/auto/Const3.xml
----------------- Instantiating /home/travis/build/icyphy/ptII/ptolemy/actor/lib/test/auto/Const3.xml
1 ms. Memory: 477184K Free: 391344K (82%)
----------------- Invoking toplevel() on ptolemy.moml.MoMLSimpleApplication@656c6bcc
----------------- Done invoking toplevel() on ptolemy.moml.MoMLSimpleApplication@656c6bcc
reloadAllAccessors: .Const3

===========================================================================================
----------------- testing Wed Mar 11 07:19:12 UTC 2020 /home/travis/build/icyphy/ptII/ptolemy/actor/lib/test/auto/ConstantPublisherPort1.xml
----------------- Instantiating /home/travis/build/icyphy/ptII/ptolemy/actor/lib/test/auto/ConstantPublisherPort1.xml
5 ms. Memory: 477184K Free: 382128K (80%)
----------------- Invoking toplevel() on ptolemy.moml.MoMLSimpleApplication@2fb2ad4f
----------------- Done invoking toplevel() on ptolemy.moml.MoMLSimpleApplication@2fb2ad4f
reloadAllAccessors: .ConstantPublisherPort1

===========================================================================================
----------------- testing Wed Mar 11 07:19:12 UTC 2020 /home/travis/build/icyphy/ptII/ptolemy/actor/lib/test/auto/ConstantPublisherPort2.xml
----------------- Instantiating /home/travis/build/icyphy/ptII/ptolemy/actor/lib/test/auto/ConstantPublisherPort2.xml
12 ms. Memory: 477184K Free: 374960K (79%)
----------------- Invoking toplevel() on ptolemy.moml.MoMLSimpleApplication@9d8f4ff
----------------- Done invoking toplevel() on ptolemy.moml.MoMLSimpleApplication@9d8f4ff
reloadAllAccessors: .ConstantPublisherPort2

===========================================================================================
----------------- testing Wed Mar 11 07:19:12 UTC 2020 /home/travis/build/icyphy/ptII/ptolemy/actor/lib/test/auto/ConstantPublisherPort3.xml
----------------- Instantiating /home/travis/build/icyphy/ptII/ptolemy/actor/lib/test/auto/ConstantPublisherPort3.xml
5 ms. Memory: 477184K Free: 367282K (77%)
----------------- Invoking toplevel() on ptolemy.moml.MoMLSimpleApplication@55dfcf56
----------------- Done invoking toplevel() on ptolemy.moml.MoMLSimpleApplication@55dfcf56
reloadAllAccessors: .ConstantPublisherPort3

===========================================================================================
----------------- testing Wed Mar 11 07:19:12 UTC 2020 /home/travis/build/icyphy/ptII/ptolemy/actor/lib/test/auto/ConstantPublisherPort4.xml
----------------- Instantiating /home/travis/build/icyphy/ptII/ptolemy/actor/lib/test/auto/ConstantPublisherPort4.xml
2 ms. Memory: 477184K Free: 360114K (75%)
----------------- Invoking toplevel() on ptolemy.moml.MoMLSimpleApplication@1bd19436
----------------- Done invoking toplevel() on ptolemy.moml.MoMLSimpleApplication@1bd19436
reloadAllAccessors: .ConstantPublisherPort4

===========================================================================================
----------------- testing Wed Mar 11 07:19:12 UTC 2020 /home/travis/build/icyphy/ptII/ptolemy/actor/lib/test/auto/ConstantPublisherPort5.xml
----------------- Instantiating /home/travis/build/icyphy/ptII/ptolemy/actor/lib/test/auto/ConstantPublisherPort5.xml
27 ms. Memory: 477184K Free: 350898K (74%)
----------------- Invoking toplevel() on ptolemy.moml.MoMLSimpleApplication@4d97a8e1
----------------- Done invoking toplevel() on ptolemy.moml.MoMLSimpleApplication@4d97a8e1
reloadAllAccessors: .ConstantPublisherPort5

===========================================================================================
----------------- testing Wed Mar 11 07:19:12 UTC 2020 /home/travis/build/icyphy/ptII/ptolemy/actor/lib/test/auto/ConstantPublisherPort6.xml
----------------- Instantiating /home/travis/build/icyphy/ptII/ptolemy/actor/lib/test/auto/ConstantPublisherPort6.xml
18 ms. Memory: 477184K Free: 341168K (71%)
----------------- Invoking toplevel() on ptolemy.moml.MoMLSimpleApplication@2b8d5706
----------------- Done invoking toplevel() on ptolemy.moml.MoMLSimpleApplication@2b8d5706
reloadAllAccessors: .ConstantPublisherPort6

===========================================================================================
----------------- testing Wed Mar 11 07:19:12 UTC 2020 /home/travis/build/icyphy/ptII/ptolemy/actor/lib/test/auto/ConstantPublisherPort7.xml
----------------- Instantiating /home/travis/build/icyphy/ptII/ptolemy/actor/lib/test/auto/ConstantPublisherPort7.xml
15 ms. Memory: 477184K Free: 331442K (69%)
----------------- Invoking toplevel() on ptolemy.moml.MoMLSimpleApplication@5b16535b
----------------- Done invoking toplevel() on ptolemy.moml.MoMLSimpleApplication@5b16535b
reloadAllAccessors: .ConstantPublisherPort7

===========================================================================================
----------------- testing Wed Mar 11 07:19:12 UTC 2020 /home/travis/build/icyphy/ptII/ptolemy/actor/lib/test/auto/ConstraintMonitor1.xml
----------------- Instantiating /home/travis/build/icyphy/ptII/ptolemy/actor/lib/test/auto/ConstraintMonitor1.xml
2 ms. Memory: 477184K Free: 326832K (68%)
----------------- Invoking toplevel() on ptolemy.moml.MoMLSimpleApplication@22d0fd4c
----------------- Done invoking toplevel() on ptolemy.moml.MoMLSimpleApplication@22d0fd4c
reloadAllAccessors: .ConstraintMonitor1

===========================================================================================
----------------- testing Wed Mar 11 07:19:12 UTC 2020 /home/travis/build/icyphy/ptII/ptolemy/actor/lib/test/auto/ConstraintMonitor2.xml
----------------- Instantiating /home/travis/build/icyphy/ptII/ptolemy/actor/lib/test/auto/ConstraintMonitor2.xml
2 ms. Memory: 477184K Free: 322226K (68%)
----------------- Invoking toplevel() on ptolemy.moml.MoMLSimpleApplication@1c1e7b0e
----------------- Done invoking toplevel() on ptolemy.moml.MoMLSimpleApplication@1c1e7b0e
reloadAllAccessors: .ConstraintMonitor2

===========================================================================================
----------------- testing Wed Mar 11 07:19:12 UTC 2020 /home/travis/build/icyphy/ptII/ptolemy/actor/lib/test/auto/ConstraintMonitor3.xml
----------------- Instantiating /home/travis/build/icyphy/ptII/ptolemy/actor/lib/test/auto/ConstraintMonitor3.xml
2 ms. Memory: 477184K Free: 317602K (67%)
----------------- Invoking toplevel() on ptolemy.moml.MoMLSimpleApplication@70c2ba25
----------------- Done invoking toplevel() on ptolemy.moml.MoMLSimpleApplication@70c2ba25
reloadAllAccessors: .ConstraintMonitor3

===========================================================================================
----------------- testing Wed Mar 11 07:19:12 UTC 2020 /home/travis/build/icyphy/ptII/ptolemy/actor/lib/test/auto/ConstraintMonitor4.xml
----------------- Instantiating /home/travis/build/icyphy/ptII/ptolemy/actor/lib/test/auto/ConstraintMonitor4.xml
7 ms. Memory: 477184K Free: 313010K (66%)
----------------- Invoking toplevel() on ptolemy.moml.MoMLSimpleApplication@627e2f13
----------------- Done invoking toplevel() on ptolemy.moml.MoMLSimpleApplication@627e2f13
reloadAllAccessors: .ConstraintMonitor4

===========================================================================================
----------------- testing Wed Mar 11 07:19:12 UTC 2020 /home/travis/build/icyphy/ptII/ptolemy/actor/lib/test/auto/ConstraintMonitor5.xml
----------------- Instantiating /home/travis/build/icyphy/ptII/ptolemy/actor/lib/test/auto/ConstraintMonitor5.xml
1 ms. Memory: 477184K Free: 307890K (65%)
----------------- Invoking toplevel() on ptolemy.moml.MoMLSimpleApplication@40ac1e10
----------------- Done invoking toplevel() on ptolemy.moml.MoMLSimpleApplication@40ac1e10
reloadAllAccessors: .ConstraintMonitor5

===========================================================================================
----------------- testing Wed Mar 11 07:19:12 UTC 2020 /home/travis/build/icyphy/ptII/ptolemy/actor/lib/test/auto/ConstraintMonitor6.xml
----------------- Instantiating /home/travis/build/icyphy/ptII/ptolemy/actor/lib/test/auto/ConstraintMonitor6.xml
4 ms. Memory: 477184K Free: 301746K (63%)
----------------- Invoking toplevel() on ptolemy.moml.MoMLSimpleApplication@1637d348
----------------- Done invoking toplevel() on ptolemy.moml.MoMLSimpleApplication@1637d348
reloadAllAccessors: .ConstraintMonitor6

===========================================================================================
----------------- testing Wed Mar 11 07:19:12 UTC 2020 /home/travis/build/icyphy/ptII/ptolemy/actor/lib/test/auto/ConstraintMonitor7.xml
----------------- Instantiating /home/travis/build/icyphy/ptII/ptolemy/actor/lib/test/auto/ConstraintMonitor7.xml
2 ms. Memory: 477184K Free: 296082K (62%)
----------------- Invoking toplevel() on ptolemy.moml.MoMLSimpleApplication@7a2aa694
----------------- Done invoking toplevel() on ptolemy.moml.MoMLSimpleApplication@7a2aa694
reloadAllAccessors: .ConstraintMonitor7

===========================================================================================
----------------- testing Wed Mar 11 07:19:12 UTC 2020 /home/travis/build/icyphy/ptII/ptolemy/actor/lib/test/auto/ConstraintMonitor8.xml
----------------- Instantiating /home/travis/build/icyphy/ptII/ptolemy/actor/lib/test/auto/ConstraintMonitor8.xml
4 ms. Memory: 477184K Free: 288434K (60%)
----------------- Invoking toplevel() on ptolemy.moml.MoMLSimpleApplication@69e7e0d1
----------------- Done invoking toplevel() on ptolemy.moml.MoMLSimpleApplication@69e7e0d1
reloadAllAccessors: .ConstraintMonitor8

===========================================================================================
----------------- testing Wed Mar 11 07:19:12 UTC 2020 /home/travis/build/icyphy/ptII/ptolemy/actor/lib/test/auto/Counter.xml
----------------- Instantiating /home/travis/build/icyphy/ptII/ptolemy/actor/lib/test/auto/Counter.xml
2 ms. Memory: 477184K Free: 283314K (59%)
----------------- Invoking toplevel() on ptolemy.moml.MoMLSimpleApplication@7aca1871
----------------- Done invoking toplevel() on ptolemy.moml.MoMLSimpleApplication@7aca1871
reloadAllAccessors: .Counter

===========================================================================================
----------------- testing Wed Mar 11 07:19:12 UTC 2020 /home/travis/build/icyphy/ptII/ptolemy/actor/lib/test/auto/CurrentTimeSDF.xml
----------------- Instantiating /home/travis/build/icyphy/ptII/ptolemy/actor/lib/test/auto/CurrentTimeSDF.xml
1 ms. Memory: 477184K Free: 279728K (59%)
----------------- Invoking toplevel() on ptolemy.moml.MoMLSimpleApplication@c0997cf
----------------- Done invoking toplevel() on ptolemy.moml.MoMLSimpleApplication@c0997cf
reloadAllAccessors: .CurrentTimeSDF

===========================================================================================
----------------- testing Wed Mar 11 07:19:12 UTC 2020 /home/travis/build/icyphy/ptII/ptolemy/actor/lib/test/auto/DB.xml
----------------- Instantiating /home/travis/build/icyphy/ptII/ptolemy/actor/lib/test/auto/DB.xml
1 ms. Memory: 477184K Free: 274608K (58%)
----------------- Invoking toplevel() on ptolemy.moml.MoMLSimpleApplication@20e40afa
----------------- Done invoking toplevel() on ptolemy.moml.MoMLSimpleApplication@20e40afa
reloadAllAccessors: .DB

===========================================================================================
----------------- testing Wed Mar 11 07:19:12 UTC 2020 /home/travis/build/icyphy/ptII/ptolemy/actor/lib/test/auto/DBDE.xml
----------------- Instantiating /home/travis/build/icyphy/ptII/ptolemy/actor/lib/test/auto/DBDE.xml
2 ms. Memory: 477184K Free: 267954K (56%)
----------------- Invoking toplevel() on ptolemy.moml.MoMLSimpleApplication@35aaf477
----------------- Done invoking toplevel() on ptolemy.moml.MoMLSimpleApplication@35aaf477
reloadAllAccessors: .DBDE

===========================================================================================
----------------- testing Wed Mar 11 07:19:12 UTC 2020 /home/travis/build/icyphy/ptII/ptolemy/actor/lib/test/auto/DateConstructor.xml
----------------- Instantiating /home/travis/build/icyphy/ptII/ptolemy/actor/lib/test/auto/DateConstructor.xml
28 ms. Memory: 477184K Free: 251056K (53%)
----------------- Invoking toplevel() on ptolemy.moml.MoMLSimpleApplication@66fb9c5c
----------------- Done invoking toplevel() on ptolemy.moml.MoMLSimpleApplication@66fb9c5c
reloadAllAccessors: .DateConstructor

===========================================================================================
----------------- testing Wed Mar 11 07:19:12 UTC 2020 /home/travis/build/icyphy/ptII/ptolemy/actor/lib/test/auto/DelayTime.xml
----------------- Instantiating /home/travis/build/icyphy/ptII/ptolemy/actor/lib/test/auto/DelayTime.xml
5 ms. Memory: 477184K Free: 245936K (52%)
----------------- Invoking toplevel() on ptolemy.moml.MoMLSimpleApplication@6732ac3d
----------------- Done invoking toplevel() on ptolemy.moml.MoMLSimpleApplication@6732ac3d
reloadAllAccessors: .DelayTime

===========================================================================================
----------------- testing Wed Mar 11 07:19:12 UTC 2020 /home/travis/build/icyphy/ptII/ptolemy/actor/lib/test/auto/Dictionary1.xml
----------------- Instantiating /home/travis/build/icyphy/ptII/ptolemy/actor/lib/test/auto/Dictionary1.xml
2 ms. Memory: 477184K Free: 240306K (50%)
----------------- Invoking toplevel() on ptolemy.moml.MoMLSimpleApplication@6790f844
----------------- Done invoking toplevel() on ptolemy.moml.MoMLSimpleApplication@6790f844
reloadAllAccessors: .Dictionary1

===========================================================================================
----------------- testing Wed Mar 11 07:19:12 UTC 2020 /home/travis/build/icyphy/ptII/ptolemy/actor/lib/test/auto/Dictionary2.xml
----------------- Instantiating /home/travis/build/icyphy/ptII/ptolemy/actor/lib/test/auto/Dictionary2.xml
2 ms. Memory: 477184K Free: 234672K (49%)
----------------- Invoking toplevel() on ptolemy.moml.MoMLSimpleApplication@2fc53442
----------------- Done invoking toplevel() on ptolemy.moml.MoMLSimpleApplication@2fc53442
reloadAllAccessors: .Dictionary2

===========================================================================================
----------------- testing Wed Mar 11 07:19:12 UTC 2020 /home/travis/build/icyphy/ptII/ptolemy/actor/lib/test/auto/Dictionary3.xml
----------------- Instantiating /home/travis/build/icyphy/ptII/ptolemy/actor/lib/test/auto/Dictionary3.xml
2 ms. Memory: 477184K Free: 229552K (48%)
----------------- Invoking toplevel() on ptolemy.moml.MoMLSimpleApplication@9dd1b54
----------------- Done invoking toplevel() on ptolemy.moml.MoMLSimpleApplication@9dd1b54
reloadAllAccessors: .Dictionary3

===========================================================================================
----------------- testing Wed Mar 11 07:19:12 UTC 2020 /home/travis/build/icyphy/ptII/ptolemy/actor/lib/test/auto/Dictionary4.xml
----------------- Instantiating /home/travis/build/icyphy/ptII/ptolemy/actor/lib/test/auto/Dictionary4.xml
2 ms. Memory: 477184K Free: 222384K (47%)
----------------- Invoking toplevel() on ptolemy.moml.MoMLSimpleApplication@1e7b13f6
----------------- Done invoking toplevel() on ptolemy.moml.MoMLSimpleApplication@1e7b13f6
reloadAllAccessors: .Dictionary4

===========================================================================================
----------------- testing Wed Mar 11 07:19:13 UTC 2020 /home/travis/build/icyphy/ptII/ptolemy/actor/lib/test/auto/Differential.xml
----------------- Instantiating /home/travis/build/icyphy/ptII/ptolemy/actor/lib/test/auto/Differential.xml
2 ms. Memory: 477184K Free: 217778K (46%)
----------------- Invoking toplevel() on ptolemy.moml.MoMLSimpleApplication@625f003f
----------------- Done invoking toplevel() on ptolemy.moml.MoMLSimpleApplication@625f003f
reloadAllAccessors: .Differential

===========================================================================================
----------------- testing Wed Mar 11 07:19:13 UTC 2020 /home/travis/build/icyphy/ptII/ptolemy/actor/lib/test/auto/Director.xml
----------------- Instantiating /home/travis/build/icyphy/ptII/ptolemy/actor/lib/test/auto/Director.xml
3 ms. Memory: 477184K Free: 214706K (45%)
----------------- Invoking toplevel() on ptolemy.moml.MoMLSimpleApplication@18a173ba
----------------- Done invoking toplevel() on ptolemy.moml.MoMLSimpleApplication@18a173ba
reloadAllAccessors: .Director

===========================================================================================
----------------- testing Wed Mar 11 07:19:13 UTC 2020 /home/travis/build/icyphy/ptII/ptolemy/actor/lib/test/auto/DiscreteClock.xml
----------------- Instantiating /home/travis/build/icyphy/ptII/ptolemy/actor/lib/test/auto/DiscreteClock.xml
1 ms. Memory: 477184K Free: 210610K (44%)
----------------- Invoking toplevel() on ptolemy.moml.MoMLSimpleApplication@128c3eae
----------------- Done invoking toplevel() on ptolemy.moml.MoMLSimpleApplication@128c3eae
reloadAllAccessors: .DiscreteClock

===========================================================================================
----------------- testing Wed Mar 11 07:19:13 UTC 2020 /home/travis/build/icyphy/ptII/ptolemy/actor/lib/test/auto/DiscreteClock10.xml
----------------- Instantiating /home/travis/build/icyphy/ptII/ptolemy/actor/lib/test/auto/DiscreteClock10.xml
2 ms. Memory: 477184K Free: 204466K (43%)
----------------- Invoking toplevel() on ptolemy.moml.MoMLSimpleApplication@4858b816
----------------- Done invoking toplevel() on ptolemy.moml.MoMLSimpleApplication@4858b816
reloadAllAccessors: .DiscreteClock10

===========================================================================================
----------------- testing Wed Mar 11 07:19:13 UTC 2020 /home/travis/build/icyphy/ptII/ptolemy/actor/lib/test/auto/DiscreteClock11.xml
----------------- Instantiating /home/travis/build/icyphy/ptII/ptolemy/actor/lib/test/auto/DiscreteClock11.xml
2 ms. Memory: 477184K Free: 198832K (42%)
----------------- Invoking toplevel() on ptolemy.moml.MoMLSimpleApplication@408ff7ae
----------------- Done invoking toplevel() on ptolemy.moml.MoMLSimpleApplication@408ff7ae
reloadAllAccessors: .DiscreteClock11

===========================================================================================
----------------- testing Wed Mar 11 07:19:13 UTC 2020 /home/travis/build/icyphy/ptII/ptolemy/actor/lib/test/auto/DiscreteClock12.xml
----------------- Instantiating /home/travis/build/icyphy/ptII/ptolemy/actor/lib/test/auto/DiscreteClock12.xml
3 ms. Memory: 477184K Free: 192688K (40%)
----------------- Invoking toplevel() on ptolemy.moml.MoMLSimpleApplication@147037b7
----------------- Done invoking toplevel() on ptolemy.moml.MoMLSimpleApplication@147037b7
reloadAllAccessors: .DiscreteClock12

===========================================================================================
----------------- testing Wed Mar 11 07:19:13 UTC 2020 /home/travis/build/icyphy/ptII/ptolemy/actor/lib/test/auto/DiscreteClock13.xml
----------------- Instantiating /home/travis/build/icyphy/ptII/ptolemy/actor/lib/test/auto/DiscreteClock13.xml
2 ms. Memory: 477184K Free: 186538K (39%)
----------------- Invoking toplevel() on ptolemy.moml.MoMLSimpleApplication@36f8d330
----------------- Done invoking toplevel() on ptolemy.moml.MoMLSimpleApplication@36f8d330
reloadAllAccessors: .DiscreteClock13

===========================================================================================
----------------- testing Wed Mar 11 07:19:13 UTC 2020 /home/travis/build/icyphy/ptII/ptolemy/actor/lib/test/auto/DiscreteClock14.xml
----------------- Instantiating /home/travis/build/icyphy/ptII/ptolemy/actor/lib/test/auto/DiscreteClock14.xml
4 ms. Memory: 477184K Free: 180914K (38%)
----------------- Invoking toplevel() on ptolemy.moml.MoMLSimpleApplication@d113c4
----------------- Done invoking toplevel() on ptolemy.moml.MoMLSimpleApplication@d113c4
reloadAllAccessors: .DiscreteClock14

===========================================================================================
----------------- testing Wed Mar 11 07:19:13 UTC 2020 /home/travis/build/icyphy/ptII/ptolemy/actor/lib/test/auto/DiscreteClock15.xml
----------------- Instantiating /home/travis/build/icyphy/ptII/ptolemy/actor/lib/test/auto/DiscreteClock15.xml
2 ms. Memory: 477184K Free: 174770K (37%)
----------------- Invoking toplevel() on ptolemy.moml.MoMLSimpleApplication@68de5424
----------------- Done invoking toplevel() on ptolemy.moml.MoMLSimpleApplication@68de5424
reloadAllAccessors: .DiscreteClock15

===========================================================================================
----------------- testing Wed Mar 11 07:19:13 UTC 2020 /home/travis/build/icyphy/ptII/ptolemy/actor/lib/test/auto/DiscreteClock16.xml
----------------- Instantiating /home/travis/build/icyphy/ptII/ptolemy/actor/lib/test/auto/DiscreteClock16.xml
14 ms. Memory: 477184K Free: 160944K (34%)
----------------- Invoking toplevel() on ptolemy.moml.MoMLSimpleApplication@5c4f69bb
----------------- Done invoking toplevel() on ptolemy.moml.MoMLSimpleApplication@5c4f69bb
reloadAllAccessors: .DiscreteClock16

===========================================================================================
----------------- testing Wed Mar 11 07:19:13 UTC 2020 /home/travis/build/icyphy/ptII/ptolemy/actor/lib/test/auto/DiscreteClock17.xml
----------------- Instantiating /home/travis/build/icyphy/ptII/ptolemy/actor/lib/test/auto/DiscreteClock17.xml
15 ms. Memory: 477184K Free: 146578K (31%)
----------------- Invoking toplevel() on ptolemy.moml.MoMLSimpleApplication@219c6df8
----------------- Done invoking toplevel() on ptolemy.moml.MoMLSimpleApplication@219c6df8
reloadAllAccessors: .DiscreteClock17

===========================================================================================
----------------- testing Wed Mar 11 07:19:13 UTC 2020 /home/travis/build/icyphy/ptII/ptolemy/actor/lib/test/auto/DiscreteClock18.xml
----------------- Instantiating /home/travis/build/icyphy/ptII/ptolemy/actor/lib/test/auto/DiscreteClock18.xml
19 ms. Memory: 477184K Free: 414151K (87%)
----------------- Invoking toplevel() on ptolemy.moml.MoMLSimpleApplication@2c23cb1d
----------------- Done invoking toplevel() on ptolemy.moml.MoMLSimpleApplication@2c23cb1d
reloadAllAccessors: .DiscreteClock18

===========================================================================================
----------------- testing Wed Mar 11 07:19:13 UTC 2020 /home/travis/build/icyphy/ptII/ptolemy/actor/lib/test/auto/DiscreteClock19.xml
----------------- Instantiating /home/travis/build/icyphy/ptII/ptolemy/actor/lib/test/auto/DiscreteClock19.xml
16 ms. Memory: 477184K Free: 400359K (84%)
----------------- Invoking toplevel() on ptolemy.moml.MoMLSimpleApplication@395a7276
----------------- Done invoking toplevel() on ptolemy.moml.MoMLSimpleApplication@395a7276
reloadAllAccessors: .DiscreteClock19

===========================================================================================
----------------- testing Wed Mar 11 07:19:13 UTC 2020 /home/travis/build/icyphy/ptII/ptolemy/actor/lib/test/auto/DiscreteClock2.xml
----------------- Instantiating /home/travis/build/icyphy/ptII/ptolemy/actor/lib/test/auto/DiscreteClock2.xml
1 ms. Memory: 477184K Free: 395239K (83%)
----------------- Invoking toplevel() on ptolemy.moml.MoMLSimpleApplication@18eee0c8
----------------- Done invoking toplevel() on ptolemy.moml.MoMLSimpleApplication@18eee0c8
reloadAllAccessors: .DiscreteClock2

===========================================================================================
----------------- testing Wed Mar 11 07:19:13 UTC 2020 /home/travis/build/icyphy/ptII/ptolemy/actor/lib/test/auto/DiscreteClock20.xml
----------------- Instantiating /home/travis/build/icyphy/ptII/ptolemy/actor/lib/test/auto/DiscreteClock20.xml
4 ms. Memory: 477184K Free: 389605K (82%)
----------------- Invoking toplevel() on ptolemy.moml.MoMLSimpleApplication@4253e629
----------------- Done invoking toplevel() on ptolemy.moml.MoMLSimpleApplication@4253e629
reloadAllAccessors: .DiscreteClock20

===========================================================================================
----------------- testing Wed Mar 11 07:19:13 UTC 2020 /home/travis/build/icyphy/ptII/ptolemy/actor/lib/test/auto/DiscreteClock21.xml
----------------- Instantiating /home/travis/build/icyphy/ptII/ptolemy/actor/lib/test/auto/DiscreteClock21.xml
3 ms. Memory: 477184K Free: 384485K (81%)
----------------- Invoking toplevel() on ptolemy.moml.MoMLSimpleApplication@2545a046
----------------- Done invoking toplevel() on ptolemy.moml.MoMLSimpleApplication@2545a046
reloadAllAccessors: .DiscreteClock21

===========================================================================================
----------------- testing Wed Mar 11 07:19:13 UTC 2020 /home/travis/build/icyphy/ptII/ptolemy/actor/lib/test/auto/DiscreteClock22.xml
----------------- Instantiating /home/travis/build/icyphy/ptII/ptolemy/actor/lib/test/auto/DiscreteClock22.xml
2 ms. Memory: 477184K Free: 378855K (79%)
----------------- Invoking toplevel() on ptolemy.moml.MoMLSimpleApplication@2c2a1ef8
----------------- Done invoking toplevel() on ptolemy.moml.MoMLSimpleApplication@2c2a1ef8
reloadAllAccessors: .DiscreteClock22

===========================================================================================
----------------- testing Wed Mar 11 07:19:13 UTC 2020 /home/travis/build/icyphy/ptII/ptolemy/actor/lib/test/auto/DiscreteClock23.xml
----------------- Instantiating /home/travis/build/icyphy/ptII/ptolemy/actor/lib/test/auto/DiscreteClock23.xml
5 ms. Memory: 477184K Free: 373221K (78%)
----------------- Invoking toplevel() on ptolemy.moml.MoMLSimpleApplication@2a7a641b
----------------- Done invoking toplevel() on ptolemy.moml.MoMLSimpleApplication@2a7a641b
reloadAllAccessors: .DiscreteClock23

===========================================================================================
----------------- testing Wed Mar 11 07:19:13 UTC 2020 /home/travis/build/icyphy/ptII/ptolemy/actor/lib/test/auto/DiscreteClock24.xml
----------------- Instantiating /home/travis/build/icyphy/ptII/ptolemy/actor/lib/test/auto/DiscreteClock24.xml
2 ms. Memory: 477184K Free: 368101K (77%)
----------------- Invoking toplevel() on ptolemy.moml.MoMLSimpleApplication@4fe38d8c
----------------- Done invoking toplevel() on ptolemy.moml.MoMLSimpleApplication@4fe38d8c
reloadAllAccessors: .DiscreteClock24

===========================================================================================
----------------- testing Wed Mar 11 07:19:13 UTC 2020 /home/travis/build/icyphy/ptII/ptolemy/actor/lib/test/auto/DiscreteClock4.xml
----------------- Instantiating /home/travis/build/icyphy/ptII/ptolemy/actor/lib/test/auto/DiscreteClock4.xml
4 ms. Memory: 477184K Free: 362471K (76%)
----------------- Invoking toplevel() on ptolemy.moml.MoMLSimpleApplication@763ec8f1
----------------- Done invoking toplevel() on ptolemy.moml.MoMLSimpleApplication@763ec8f1
reloadAllAccessors: .DiscreteClock4

===========================================================================================
----------------- testing Wed Mar 11 07:19:13 UTC 2020 /home/travis/build/icyphy/ptII/ptolemy/actor/lib/test/auto/DiscreteClock5.xml
----------------- Instantiating /home/travis/build/icyphy/ptII/ptolemy/actor/lib/test/auto/DiscreteClock5.xml
1 ms. Memory: 477184K Free: 356823K (75%)
----------------- Invoking toplevel() on ptolemy.moml.MoMLSimpleApplication@66bd6ee2
----------------- Done invoking toplevel() on ptolemy.moml.MoMLSimpleApplication@66bd6ee2
reloadAllAccessors: .DiscreteClock5

===========================================================================================
----------------- testing Wed Mar 11 07:19:13 UTC 2020 /home/travis/build/icyphy/ptII/ptolemy/actor/lib/test/auto/DiscreteClock6.xml
----------------- Instantiating /home/travis/build/icyphy/ptII/ptolemy/actor/lib/test/auto/DiscreteClock6.xml
1 ms. Memory: 477184K Free: 352231K (74%)
----------------- Invoking toplevel() on ptolemy.moml.MoMLSimpleApplication@70ee2ec5
----------------- Done invoking toplevel() on ptolemy.moml.MoMLSimpleApplication@70ee2ec5
reloadAllAccessors: .DiscreteClock6

===========================================================================================
----------------- testing Wed Mar 11 07:19:13 UTC 2020 /home/travis/build/icyphy/ptII/ptolemy/actor/lib/test/auto/DiscreteClock7.xml
----------------- Instantiating /home/travis/build/icyphy/ptII/ptolemy/actor/lib/test/auto/DiscreteClock7.xml
1 ms. Memory: 477184K Free: 347621K (73%)
----------------- Invoking toplevel() on ptolemy.moml.MoMLSimpleApplication@6964b2ad
----------------- Done invoking toplevel() on ptolemy.moml.MoMLSimpleApplication@6964b2ad
reloadAllAccessors: .DiscreteClock7

===========================================================================================
----------------- testing Wed Mar 11 07:19:13 UTC 2020 /home/travis/build/icyphy/ptII/ptolemy/actor/lib/test/auto/DiscreteClock8.xml
----------------- Instantiating /home/travis/build/icyphy/ptII/ptolemy/actor/lib/test/auto/DiscreteClock8.xml
2 ms. Memory: 477184K Free: 341991K (72%)
----------------- Invoking toplevel() on ptolemy.moml.MoMLSimpleApplication@67a5f67
----------------- Done invoking toplevel() on ptolemy.moml.MoMLSimpleApplication@67a5f67
reloadAllAccessors: .DiscreteClock8

===========================================================================================
----------------- testing Wed Mar 11 07:19:13 UTC 2020 /home/travis/build/icyphy/ptII/ptolemy/actor/lib/test/auto/DiscreteClock9.xml
----------------- Instantiating /home/travis/build/icyphy/ptII/ptolemy/actor/lib/test/auto/DiscreteClock9.xml
2 ms. Memory: 477184K Free: 335847K (70%)
----------------- Invoking toplevel() on ptolemy.moml.MoMLSimpleApplication@4647bd24
----------------- Done invoking toplevel() on ptolemy.moml.MoMLSimpleApplication@4647bd24
reloadAllAccessors: .DiscreteClock9

===========================================================================================
----------------- testing Wed Mar 11 07:19:13 UTC 2020 /home/travis/build/icyphy/ptII/ptolemy/actor/lib/test/auto/DisplayArray.xml
----------------- Instantiating /home/travis/build/icyphy/ptII/ptolemy/actor/lib/test/auto/DisplayArray.xml
1 ms. Memory: 477184K Free: 332261K (70%)
----------------- Invoking toplevel() on ptolemy.moml.MoMLSimpleApplication@8fd760b
----------------- Done invoking toplevel() on ptolemy.moml.MoMLSimpleApplication@8fd760b
reloadAllAccessors: .DisplayArray

===========================================================================================
----------------- testing Wed Mar 11 07:19:13 UTC 2020 /home/travis/build/icyphy/ptII/ptolemy/actor/lib/test/auto/Distributor.xml
----------------- Instantiating /home/travis/build/icyphy/ptII/ptolemy/actor/lib/test/auto/Distributor.xml
1 ms. Memory: 477184K Free: 328165K (69%)
----------------- Invoking toplevel() on ptolemy.moml.MoMLSimpleApplication@7b95bd7e
----------------- Done invoking toplevel() on ptolemy.moml.MoMLSimpleApplication@7b95bd7e
reloadAllAccessors: .Distributor

===========================================================================================
----------------- testing Wed Mar 11 07:19:13 UTC 2020 /home/travis/build/icyphy/ptII/ptolemy/actor/lib/test/auto/Distributor2.xml
----------------- Instantiating /home/travis/build/icyphy/ptII/ptolemy/actor/lib/test/auto/Distributor2.xml
1 ms. Memory: 477184K Free: 323045K (68%)
----------------- Invoking toplevel() on ptolemy.moml.MoMLSimpleApplication@41ee12fd
----------------- Done invoking toplevel() on ptolemy.moml.MoMLSimpleApplication@41ee12fd
reloadAllAccessors: .Distributor2

===========================================================================================
----------------- testing Wed Mar 11 07:19:13 UTC 2020 /home/travis/build/icyphy/ptII/ptolemy/actor/lib/test/auto/DownSample.xml
----------------- Instantiating /home/travis/build/icyphy/ptII/ptolemy/actor/lib/test/auto/DownSample.xml
1 ms. Memory: 477184K Free: 318439K (67%)
----------------- Invoking toplevel() on ptolemy.moml.MoMLSimpleApplication@2de5eb2e
----------------- Done invoking toplevel() on ptolemy.moml.MoMLSimpleApplication@2de5eb2e
reloadAllAccessors: .DownSample

===========================================================================================
----------------- testing Wed Mar 11 07:19:13 UTC 2020 /home/travis/build/icyphy/ptII/ptolemy/actor/lib/test/auto/ElectronicUnitBase1.xml
----------------- Instantiating /home/travis/build/icyphy/ptII/ptolemy/actor/lib/test/auto/ElectronicUnitBase1.xml
15 ms. Memory: 477184K Free: 302565K (63%)
----------------- Invoking toplevel() on ptolemy.moml.MoMLSimpleApplication@30dfce6c
----------------- Done invoking toplevel() on ptolemy.moml.MoMLSimpleApplication@30dfce6c
reloadAllAccessors: .ElectronicUnitBase1

===========================================================================================
----------------- testing Wed Mar 11 07:19:13 UTC 2020 /home/travis/build/icyphy/ptII/ptolemy/actor/lib/test/auto/ElementsToArray.xml
----------------- Instantiating /home/travis/build/icyphy/ptII/ptolemy/actor/lib/test/auto/ElementsToArray.xml
2 ms. Memory: 477184K Free: 297445K (62%)
----------------- Invoking toplevel() on ptolemy.moml.MoMLSimpleApplication@480f6383
----------------- Done invoking toplevel() on ptolemy.moml.MoMLSimpleApplication@480f6383
reloadAllAccessors: .ElementsToArray

===========================================================================================
----------------- testing Wed Mar 11 07:19:13 UTC 2020 /home/travis/build/icyphy/ptII/ptolemy/actor/lib/test/auto/Equals.xml
----------------- Instantiating /home/travis/build/icyphy/ptII/ptolemy/actor/lib/test/auto/Equals.xml
2 ms. Memory: 477184K Free: 292839K (61%)
----------------- Invoking toplevel() on ptolemy.moml.MoMLSimpleApplication@468fe97f
----------------- Done invoking toplevel() on ptolemy.moml.MoMLSimpleApplication@468fe97f
reloadAllAccessors: .Equals

===========================================================================================
----------------- testing Wed Mar 11 07:19:13 UTC 2020 /home/travis/build/icyphy/ptII/ptolemy/actor/lib/test/auto/Exec.xml
----------------- Instantiating /home/travis/build/icyphy/ptII/ptolemy/actor/lib/test/auto/Exec.xml
15 ms. Memory: 477184K Free: 287205K (60%)
----------------- Invoking toplevel() on ptolemy.moml.MoMLSimpleApplication@ccb968e
----------------- Done invoking toplevel() on ptolemy.moml.MoMLSimpleApplication@ccb968e
reloadAllAccessors: .Exec

===========================================================================================
----------------- testing Wed Mar 11 07:19:13 UTC 2020 /home/travis/build/icyphy/ptII/ptolemy/actor/lib/test/auto/ExecEnvironment.xml
----------------- Instantiating /home/travis/build/icyphy/ptII/ptolemy/actor/lib/test/auto/ExecEnvironment.xml
17 ms. Memory: 477184K Free: 282071K (59%)
----------------- Invoking toplevel() on ptolemy.moml.MoMLSimpleApplication@3ed7abea
----------------- Done invoking toplevel() on ptolemy.moml.MoMLSimpleApplication@3ed7abea
reloadAllAccessors: .ExecEnvironment

===========================================================================================
----------------- testing Wed Mar 11 07:19:13 UTC 2020 /home/travis/build/icyphy/ptII/ptolemy/actor/lib/test/auto/ExecNonZeroReturnOutput.xml
----------------- Instantiating /home/travis/build/icyphy/ptII/ptolemy/actor/lib/test/auto/ExecNonZeroReturnOutput.xml
160 ms. Memory: 477184K Free: 270821K (57%)
----------------- Invoking toplevel() on ptolemy.moml.MoMLSimpleApplication@1103c72
----------------- Done invoking toplevel() on ptolemy.moml.MoMLSimpleApplication@1103c72
reloadAllAccessors: .ExecNonZeroReturnOutput

===========================================================================================
----------------- testing Wed Mar 11 07:19:13 UTC 2020 /home/travis/build/icyphy/ptII/ptolemy/actor/lib/test/auto/ExecRunDemos.xml
----------------- Instantiating /home/travis/build/icyphy/ptII/ptolemy/actor/lib/test/auto/ExecRunDemos.xml
Finished: 52 ms. Memory: 129024K Free: 112135K (87%)

Finished: 83 ms. Memory: 129024K Free: 109544K (85%)

Finished: 69 ms. Memory: 129024K Free: 109511K (85%)

Finished: 88 ms. Memory: 129024K Free: 111004K (86%)

Finished: 71 ms. Memory: 129024K Free: 111920K (87%)

10135 ms. Memory: 477184K Free: 249829K (52%)
----------------- Invoking toplevel() on ptolemy.moml.MoMLSimpleApplication@794f52f
----------------- Done invoking toplevel() on ptolemy.moml.MoMLSimpleApplication@794f52f
reloadAllAccessors: .ExecRunDemos

===========================================================================================
----------------- testing Wed Mar 11 07:19:24 UTC 2020 /home/travis/build/icyphy/ptII/ptolemy/actor/lib/test/auto/ExecStop.xml
----------------- Instantiating /home/travis/build/icyphy/ptII/ptolemy/actor/lib/test/auto/ExecStop.xml
5022 ms. Memory: 477184K Free: 384066K (80%)
----------------- Invoking toplevel() on ptolemy.moml.MoMLSimpleApplication@5cc34ad6
----------------- Done invoking toplevel() on ptolemy.moml.MoMLSimpleApplication@5cc34ad6
reloadAllAccessors: .ExecStop

===========================================================================================
----------------- testing Wed Mar 11 07:19:29 UTC 2020 /home/travis/build/icyphy/ptII/ptolemy/actor/lib/test/auto/ExecutionTimeSDF.xml
----------------- Instantiating /home/travis/build/icyphy/ptII/ptolemy/actor/lib/test/auto/ExecutionTimeSDF.xml
Fired ExecutionTime: -544967296
Fired ExecutionTime: 1531600000
Fired ExecutionTime: -151767296
6008 ms. Memory: 477184K Free: 371524K (78%)

===========================================================================================
----------------- testing Wed Mar 11 07:19:35 UTC 2020 /home/travis/build/icyphy/ptII/ptolemy/actor/lib/test/auto/Expression1.xml
----------------- Instantiating /home/travis/build/icyphy/ptII/ptolemy/actor/lib/test/auto/Expression1.xml
2 ms. Memory: 477184K Free: 366918K (77%)
----------------- Invoking toplevel() on ptolemy.moml.MoMLSimpleApplication@262cd7ec
----------------- Done invoking toplevel() on ptolemy.moml.MoMLSimpleApplication@262cd7ec
reloadAllAccessors: .Expression1

===========================================================================================
----------------- testing Wed Mar 11 07:19:35 UTC 2020 /home/travis/build/icyphy/ptII/ptolemy/actor/lib/test/auto/Expression10.xml
----------------- Instantiating /home/travis/build/icyphy/ptII/ptolemy/actor/lib/test/auto/Expression10.xml
12 ms. Memory: 477184K Free: 361284K (76%)
----------------- Invoking toplevel() on ptolemy.moml.MoMLSimpleApplication@3f479216
----------------- Done invoking toplevel() on ptolemy.moml.MoMLSimpleApplication@3f479216
reloadAllAccessors: .Expression10

===========================================================================================
----------------- testing Wed Mar 11 07:19:35 UTC 2020 /home/travis/build/icyphy/ptII/ptolemy/actor/lib/test/auto/Expression11.xml
----------------- Instantiating /home/travis/build/icyphy/ptII/ptolemy/actor/lib/test/auto/Expression11.xml
2 ms. Memory: 477184K Free: 356164K (75%)
----------------- Invoking toplevel() on ptolemy.moml.MoMLSimpleApplication@7003196e
----------------- Done invoking toplevel() on ptolemy.moml.MoMLSimpleApplication@7003196e
reloadAllAccessors: .Expression11

===========================================================================================
----------------- testing Wed Mar 11 07:19:35 UTC 2020 /home/travis/build/icyphy/ptII/ptolemy/actor/lib/test/auto/Expression12.xml
----------------- Instantiating /home/travis/build/icyphy/ptII/ptolemy/actor/lib/test/auto/Expression12.xml
3 ms. Memory: 477184K Free: 350534K (73%)
----------------- Invoking toplevel() on ptolemy.moml.MoMLSimpleApplication@28fede0d
----------------- Done invoking toplevel() on ptolemy.moml.MoMLSimpleApplication@28fede0d
reloadAllAccessors: .Expression12

===========================================================================================
----------------- testing Wed Mar 11 07:19:35 UTC 2020 /home/travis/build/icyphy/ptII/ptolemy/actor/lib/test/auto/Expression13.xml
----------------- Instantiating /home/travis/build/icyphy/ptII/ptolemy/actor/lib/test/auto/Expression13.xml
4 ms. Memory: 477184K Free: 345414K (72%)
----------------- Invoking toplevel() on ptolemy.moml.MoMLSimpleApplication@31571b68
----------------- Done invoking toplevel() on ptolemy.moml.MoMLSimpleApplication@31571b68
reloadAllAccessors: .Expression13

===========================================================================================
----------------- testing Wed Mar 11 07:19:35 UTC 2020 /home/travis/build/icyphy/ptII/ptolemy/actor/lib/test/auto/Expression14.xml
----------------- Instantiating /home/travis/build/icyphy/ptII/ptolemy/actor/lib/test/auto/Expression14.xml
7 ms. Memory: 477184K Free: 339780K (71%)
----------------- Invoking toplevel() on ptolemy.moml.MoMLSimpleApplication@50611278
----------------- Done invoking toplevel() on ptolemy.moml.MoMLSimpleApplication@50611278
reloadAllAccessors: .Expression14

===========================================================================================
----------------- testing Wed Mar 11 07:19:35 UTC 2020 /home/travis/build/icyphy/ptII/ptolemy/actor/lib/test/auto/Expression15.xml
----------------- Instantiating /home/travis/build/icyphy/ptII/ptolemy/actor/lib/test/auto/Expression15.xml
1 ms. Memory: 477184K Free: 336198K (70%)
----------------- Invoking toplevel() on ptolemy.moml.MoMLSimpleApplication@185de1ba
----------------- Done invoking toplevel() on ptolemy.moml.MoMLSimpleApplication@185de1ba
reloadAllAccessors: .Expression15

===========================================================================================
----------------- testing Wed Mar 11 07:19:35 UTC 2020 /home/travis/build/icyphy/ptII/ptolemy/actor/lib/test/auto/Expression16.xml
----------------- Instantiating /home/travis/build/icyphy/ptII/ptolemy/actor/lib/test/auto/Expression16.xml
3 ms. Memory: 477184K Free: 331078K (69%)
----------------- Invoking toplevel() on ptolemy.moml.MoMLSimpleApplication@7caebc35
----------------- Done invoking toplevel() on ptolemy.moml.MoMLSimpleApplication@7caebc35
reloadAllAccessors: .Expression16

===========================================================================================
----------------- testing Wed Mar 11 07:19:35 UTC 2020 /home/travis/build/icyphy/ptII/ptolemy/actor/lib/test/auto/Expression17.xml
----------------- Instantiating /home/travis/build/icyphy/ptII/ptolemy/actor/lib/test/auto/Expression17.xml
3 ms. Memory: 477184K Free: 325958K (68%)
----------------- Invoking toplevel() on ptolemy.moml.MoMLSimpleApplication@3090ce11
----------------- Done invoking toplevel() on ptolemy.moml.MoMLSimpleApplication@3090ce11
reloadAllAccessors: .Expression17

===========================================================================================
----------------- testing Wed Mar 11 07:19:35 UTC 2020 /home/travis/build/icyphy/ptII/ptolemy/actor/lib/test/auto/Expression18.xml
----------------- Instantiating /home/travis/build/icyphy/ptII/ptolemy/actor/lib/test/auto/Expression18.xml
2 ms. Memory: 477184K Free: 321348K (67%)
----------------- Invoking toplevel() on ptolemy.moml.MoMLSimpleApplication@4fc10f1f
----------------- Done invoking toplevel() on ptolemy.moml.MoMLSimpleApplication@4fc10f1f
reloadAllAccessors: .Expression18

===========================================================================================
----------------- testing Wed Mar 11 07:19:35 UTC 2020 /home/travis/build/icyphy/ptII/ptolemy/actor/lib/test/auto/Expression2.xml
----------------- Instantiating /home/travis/build/icyphy/ptII/ptolemy/actor/lib/test/auto/Expression2.xml
2 ms. Memory: 477184K Free: 316228K (66%)
----------------- Invoking toplevel() on ptolemy.moml.MoMLSimpleApplication@25255ea8
----------------- Done invoking toplevel() on ptolemy.moml.MoMLSimpleApplication@25255ea8
reloadAllAccessors: .Expression2

===========================================================================================
----------------- testing Wed Mar 11 07:19:35 UTC 2020 /home/travis/build/icyphy/ptII/ptolemy/actor/lib/test/auto/Expression3.xml
----------------- Instantiating /home/travis/build/icyphy/ptII/ptolemy/actor/lib/test/auto/Expression3.xml
5 ms. Memory: 477184K Free: 311108K (65%)
----------------- Invoking toplevel() on ptolemy.moml.MoMLSimpleApplication@5d732fd0
----------------- Done invoking toplevel() on ptolemy.moml.MoMLSimpleApplication@5d732fd0
reloadAllAccessors: .Expression3

===========================================================================================
----------------- testing Wed Mar 11 07:19:35 UTC 2020 /home/travis/build/icyphy/ptII/ptolemy/actor/lib/test/auto/Expression4.xml
----------------- Instantiating /home/travis/build/icyphy/ptII/ptolemy/actor/lib/test/auto/Expression4.xml
3 ms. Memory: 477184K Free: 303430K (64%)
----------------- Invoking toplevel() on ptolemy.moml.MoMLSimpleApplication@41b31f2c
----------------- Done invoking toplevel() on ptolemy.moml.MoMLSimpleApplication@41b31f2c
reloadAllAccessors: .Expression4

===========================================================================================
----------------- testing Wed Mar 11 07:19:35 UTC 2020 /home/travis/build/icyphy/ptII/ptolemy/actor/lib/test/auto/Expression5.xml
----------------- Instantiating /home/travis/build/icyphy/ptII/ptolemy/actor/lib/test/auto/Expression5.xml
4 ms. Memory: 477184K Free: 298310K (63%)
----------------- Invoking toplevel() on ptolemy.moml.MoMLSimpleApplication@2982b2f8
----------------- Done invoking toplevel() on ptolemy.moml.MoMLSimpleApplication@2982b2f8
reloadAllAccessors: .Expression5

===========================================================================================
----------------- testing Wed Mar 11 07:19:35 UTC 2020 /home/travis/build/icyphy/ptII/ptolemy/actor/lib/test/auto/Expression6.xml
----------------- Instantiating /home/travis/build/icyphy/ptII/ptolemy/actor/lib/test/auto/Expression6.xml
2 ms. Memory: 477184K Free: 294214K (62%)
----------------- Invoking toplevel() on ptolemy.moml.MoMLSimpleApplication@781ca3dd
----------------- Done invoking toplevel() on ptolemy.moml.MoMLSimpleApplication@781ca3dd
reloadAllAccessors: .Expression6

===========================================================================================
----------------- testing Wed Mar 11 07:19:35 UTC 2020 /home/travis/build/icyphy/ptII/ptolemy/actor/lib/test/auto/Expression7.xml
----------------- Instantiating /home/travis/build/icyphy/ptII/ptolemy/actor/lib/test/auto/Expression7.xml
3 ms. Memory: 477184K Free: 289094K (61%)
----------------- Invoking toplevel() on ptolemy.moml.MoMLSimpleApplication@7ff040e2
----------------- Done invoking toplevel() on ptolemy.moml.MoMLSimpleApplication@7ff040e2
reloadAllAccessors: .Expression7

===========================================================================================
----------------- testing Wed Mar 11 07:19:35 UTC 2020 /home/travis/build/icyphy/ptII/ptolemy/actor/lib/test/auto/Expression8.xml
----------------- Instantiating /home/travis/build/icyphy/ptII/ptolemy/actor/lib/test/auto/Expression8.xml
7 ms. Memory: 477184K Free: 283974K (60%)
----------------- Invoking toplevel() on ptolemy.moml.MoMLSimpleApplication@910a43f
----------------- Done invoking toplevel() on ptolemy.moml.MoMLSimpleApplication@910a43f
reloadAllAccessors: .Expression8

===========================================================================================
----------------- testing Wed Mar 11 07:19:35 UTC 2020 /home/travis/build/icyphy/ptII/ptolemy/actor/lib/test/auto/Expression9.xml
----------------- Instantiating /home/travis/build/icyphy/ptII/ptolemy/actor/lib/test/auto/Expression9.xml
1 ms. Memory: 477184K Free: 279878K (59%)
----------------- Invoking toplevel() on ptolemy.moml.MoMLSimpleApplication@26a09f74
----------------- Done invoking toplevel() on ptolemy.moml.MoMLSimpleApplication@26a09f74
reloadAllAccessors: .Expression9

===========================================================================================
----------------- testing Wed Mar 11 07:19:35 UTC 2020 /home/travis/build/icyphy/ptII/ptolemy/actor/lib/test/auto/ExpressionConcatenateArrayType.xml
----------------- Instantiating /home/travis/build/icyphy/ptII/ptolemy/actor/lib/test/auto/ExpressionConcatenateArrayType.xml
3 ms. Memory: 477184K Free: 273220K (57%)
----------------- Invoking toplevel() on ptolemy.moml.MoMLSimpleApplication@53fb5305
----------------- Done invoking toplevel() on ptolemy.moml.MoMLSimpleApplication@53fb5305
reloadAllAccessors: .ExpressionConcatenateArrayType

===========================================================================================
----------------- testing Wed Mar 11 07:19:35 UTC 2020 /home/travis/build/icyphy/ptII/ptolemy/actor/lib/test/auto/ExpressionConcatenateArrayType2.xml
----------------- Instantiating /home/travis/build/icyphy/ptII/ptolemy/actor/lib/test/auto/ExpressionConcatenateArrayType2.xml
2 ms. Memory: 477184K Free: 267590K (56%)
----------------- Invoking toplevel() on ptolemy.moml.MoMLSimpleApplication@376e59b1
----------------- Done invoking toplevel() on ptolemy.moml.MoMLSimpleApplication@376e59b1
reloadAllAccessors: .ExpressionConcatenateArrayType2

===========================================================================================
----------------- testing Wed Mar 11 07:19:35 UTC 2020 /home/travis/build/icyphy/ptII/ptolemy/actor/lib/test/auto/ExpressionFix.xml
----------------- Instantiating /home/travis/build/icyphy/ptII/ptolemy/actor/lib/test/auto/ExpressionFix.xml
21 ms. Memory: 477184K Free: 261446K (55%)
----------------- Invoking toplevel() on ptolemy.moml.MoMLSimpleApplication@4085d1cc
----------------- Done invoking toplevel() on ptolemy.moml.MoMLSimpleApplication@4085d1cc
reloadAllAccessors: .ExpressionFix

===========================================================================================
----------------- testing Wed Mar 11 07:19:35 UTC 2020 /home/travis/build/icyphy/ptII/ptolemy/actor/lib/test/auto/ExpressionFix2.xml
----------------- Instantiating /home/travis/build/icyphy/ptII/ptolemy/actor/lib/test/auto/ExpressionFix2.xml
4 ms. Memory: 477184K Free: 257350K (54%)
----------------- Invoking toplevel() on ptolemy.moml.MoMLSimpleApplication@80f2a21
----------------- Done invoking toplevel() on ptolemy.moml.MoMLSimpleApplication@80f2a21
reloadAllAccessors: .ExpressionFix2

===========================================================================================
----------------- testing Wed Mar 11 07:19:35 UTC 2020 /home/travis/build/icyphy/ptII/ptolemy/actor/lib/test/auto/ExpressionFix3.xml
----------------- Instantiating /home/travis/build/icyphy/ptII/ptolemy/actor/lib/test/auto/ExpressionFix3.xml
2 ms. Memory: 477184K Free: 252740K (53%)
----------------- Invoking toplevel() on ptolemy.moml.MoMLSimpleApplication@4864bf06
----------------- Done invoking toplevel() on ptolemy.moml.MoMLSimpleApplication@4864bf06
reloadAllAccessors: .ExpressionFix3

===========================================================================================
----------------- testing Wed Mar 11 07:19:35 UTC 2020 /home/travis/build/icyphy/ptII/ptolemy/actor/lib/test/auto/FileWriter1.xml
----------------- Instantiating /home/travis/build/icyphy/ptII/ptolemy/actor/lib/test/auto/FileWriter1.xml
1 ms. Memory: 477184K Free: 248644K (52%)
----------------- Invoking toplevel() on ptolemy.moml.MoMLSimpleApplication@133f59e3
----------------- Done invoking toplevel() on ptolemy.moml.MoMLSimpleApplication@133f59e3
reloadAllAccessors: .FileWriter1

===========================================================================================
----------------- testing Wed Mar 11 07:19:35 UTC 2020 /home/travis/build/icyphy/ptII/ptolemy/actor/lib/test/auto/FileWriter2.xml
----------------- Instantiating /home/travis/build/icyphy/ptII/ptolemy/actor/lib/test/auto/FileWriter2.xml
5 ms. Memory: 477184K Free: 244038K (51%)
----------------- Invoking toplevel() on ptolemy.moml.MoMLSimpleApplication@5814e9b9
----------------- Done invoking toplevel() on ptolemy.moml.MoMLSimpleApplication@5814e9b9
reloadAllAccessors: .FileWriter2

===========================================================================================
----------------- testing Wed Mar 11 07:19:35 UTC 2020 /home/travis/build/icyphy/ptII/ptolemy/actor/lib/test/auto/FileWriter3.xml
----------------- Instantiating /home/travis/build/icyphy/ptII/ptolemy/actor/lib/test/auto/FileWriter3.xml
3 ms. Memory: 477184K Free: 239942K (50%)
----------------- Invoking toplevel() on ptolemy.moml.MoMLSimpleApplication@71c2969
----------------- Done invoking toplevel() on ptolemy.moml.MoMLSimpleApplication@71c2969
reloadAllAccessors: .FileWriter3

===========================================================================================
----------------- testing Wed Mar 11 07:19:35 UTC 2020 /home/travis/build/icyphy/ptII/ptolemy/actor/lib/test/auto/Gaussian.xml
----------------- Instantiating /home/travis/build/icyphy/ptII/ptolemy/actor/lib/test/auto/Gaussian.xml
2 ms. Memory: 477184K Free: 235846K (49%)
----------------- Invoking toplevel() on ptolemy.moml.MoMLSimpleApplication@f1da8e2
----------------- Done invoking toplevel() on ptolemy.moml.MoMLSimpleApplication@f1da8e2
reloadAllAccessors: .Gaussian

===========================================================================================
----------------- testing Wed Mar 11 07:19:35 UTC 2020 /home/travis/build/icyphy/ptII/ptolemy/actor/lib/test/auto/Gaussian1.xml
----------------- Instantiating /home/travis/build/icyphy/ptII/ptolemy/actor/lib/test/auto/Gaussian1.xml
9 ms. Memory: 477184K Free: 230181K (48%)
----------------- Invoking toplevel() on ptolemy.moml.MoMLSimpleApplication@6f514c1
----------------- Done invoking toplevel() on ptolemy.moml.MoMLSimpleApplication@6f514c1
reloadAllAccessors: .Gaussian1

===========================================================================================
----------------- testing Wed Mar 11 07:19:35 UTC 2020 /home/travis/build/icyphy/ptII/ptolemy/actor/lib/test/auto/Gaussian2.xml
----------------- Instantiating /home/travis/build/icyphy/ptII/ptolemy/actor/lib/test/auto/Gaussian2.xml
3 ms. Memory: 477184K Free: 224582K (47%)
----------------- Invoking toplevel() on ptolemy.moml.MoMLSimpleApplication@46b6c7cd
----------------- Done invoking toplevel() on ptolemy.moml.MoMLSimpleApplication@46b6c7cd
reloadAllAccessors: .Gaussian2

===========================================================================================
----------------- testing Wed Mar 11 07:19:35 UTC 2020 /home/travis/build/icyphy/ptII/ptolemy/actor/lib/test/auto/GradientAdaptiveLattice.xml
----------------- Instantiating /home/travis/build/icyphy/ptII/ptolemy/actor/lib/test/auto/GradientAdaptiveLattice.xml
2 ms. Memory: 477184K Free: 218948K (46%)
----------------- Invoking toplevel() on ptolemy.moml.MoMLSimpleApplication@2bb38f4a
----------------- Done invoking toplevel() on ptolemy.moml.MoMLSimpleApplication@2bb38f4a
reloadAllAccessors: .GradientAdaptiveLattice

===========================================================================================
----------------- testing Wed Mar 11 07:19:35 UTC 2020 /home/travis/build/icyphy/ptII/ptolemy/actor/lib/test/auto/IIR.xml
----------------- Instantiating /home/travis/build/icyphy/ptII/ptolemy/actor/lib/test/auto/IIR.xml
1 ms. Memory: 477184K Free: 214342K (45%)
----------------- Invoking toplevel() on ptolemy.moml.MoMLSimpleApplication@1aa72eea
----------------- Done invoking toplevel() on ptolemy.moml.MoMLSimpleApplication@1aa72eea
reloadAllAccessors: .IIR

===========================================================================================
----------------- testing Wed Mar 11 07:19:35 UTC 2020 /home/travis/build/icyphy/ptII/ptolemy/actor/lib/test/auto/InputOutputTransparentPorts.xml
----------------- Instantiating /home/travis/build/icyphy/ptII/ptolemy/actor/lib/test/auto/InputOutputTransparentPorts.xml
2 ms. Memory: 477184K Free: 206660K (43%)
----------------- Invoking toplevel() on ptolemy.moml.MoMLSimpleApplication@5af2d40b
----------------- Done invoking toplevel() on ptolemy.moml.MoMLSimpleApplication@5af2d40b
reloadAllAccessors: .InputOutputTransparentPorts

===========================================================================================
----------------- testing Wed Mar 11 07:19:35 UTC 2020 /home/travis/build/icyphy/ptII/ptolemy/actor/lib/test/auto/Interpolator.xml
----------------- Instantiating /home/travis/build/icyphy/ptII/ptolemy/actor/lib/test/auto/Interpolator.xml
3 ms. Memory: 477184K Free: 201540K (42%)
----------------- Invoking toplevel() on ptolemy.moml.MoMLSimpleApplication@687c744b
----------------- Done invoking toplevel() on ptolemy.moml.MoMLSimpleApplication@687c744b
reloadAllAccessors: .Interpolator

===========================================================================================
----------------- testing Wed Mar 11 07:19:35 UTC 2020 /home/travis/build/icyphy/ptII/ptolemy/actor/lib/test/auto/InterpolatorFiringLimitDE.xml
----------------- Instantiating /home/travis/build/icyphy/ptII/ptolemy/actor/lib/test/auto/InterpolatorFiringLimitDE.xml
2 ms. Memory: 477184K Free: 195910K (41%)
----------------- Invoking toplevel() on ptolemy.moml.MoMLSimpleApplication@5af4ad04
----------------- Done invoking toplevel() on ptolemy.moml.MoMLSimpleApplication@5af4ad04
reloadAllAccessors: .InterpolatorFiringLimitDE

===========================================================================================
----------------- testing Wed Mar 11 07:19:35 UTC 2020 /home/travis/build/icyphy/ptII/ptolemy/actor/lib/test/auto/Lattice.xml
----------------- Instantiating /home/travis/build/icyphy/ptII/ptolemy/actor/lib/test/auto/Lattice.xml
1 ms. Memory: 477184K Free: 191814K (40%)
----------------- Invoking toplevel() on ptolemy.moml.MoMLSimpleApplication@33d0dc85
----------------- Done invoking toplevel() on ptolemy.moml.MoMLSimpleApplication@33d0dc85
reloadAllAccessors: .Lattice

===========================================================================================
----------------- testing Wed Mar 11 07:19:35 UTC 2020 /home/travis/build/icyphy/ptII/ptolemy/actor/lib/test/auto/LazyAOCTestLazy.xml
----------------- Instantiating /home/travis/build/icyphy/ptII/ptolemy/actor/lib/test/auto/LazyAOCTestLazy.xml
14 ms. Memory: 477184K Free: 185670K (39%)
----------------- Invoking toplevel() on ptolemy.moml.MoMLSimpleApplication@6ac310b1
----------------- Done invoking toplevel() on ptolemy.moml.MoMLSimpleApplication@6ac310b1
reloadAllAccessors: .LazyAOCTestLazy

===========================================================================================
----------------- testing Wed Mar 11 07:19:35 UTC 2020 /home/travis/build/icyphy/ptII/ptolemy/actor/lib/test/auto/LazyAOCTestNonLazy.xml
----------------- Instantiating /home/travis/build/icyphy/ptII/ptolemy/actor/lib/test/auto/LazyAOCTestNonLazy.xml
2 ms. Memory: 477184K Free: 179012K (38%)
----------------- Invoking toplevel() on ptolemy.moml.MoMLSimpleApplication@d892885
----------------- Done invoking toplevel() on ptolemy.moml.MoMLSimpleApplication@d892885
reloadAllAccessors: .LazyAOCTestNonLazy

===========================================================================================
----------------- testing Wed Mar 11 07:19:35 UTC 2020 /home/travis/build/icyphy/ptII/ptolemy/actor/lib/test/auto/LazyInnerClass.xml
----------------- Instantiating /home/travis/build/icyphy/ptII/ptolemy/actor/lib/test/auto/LazyInnerClass.xml
19 ms. Memory: 477184K Free: 170310K (36%)
----------------- Invoking toplevel() on ptolemy.moml.MoMLSimpleApplication@3047092a
----------------- Done invoking toplevel() on ptolemy.moml.MoMLSimpleApplication@3047092a
reloadAllAccessors: .LazyInnerClass

===========================================================================================
----------------- testing Wed Mar 11 07:19:36 UTC 2020 /home/travis/build/icyphy/ptII/ptolemy/actor/lib/test/auto/LazyPubSub.xml
----------------- Instantiating /home/travis/build/icyphy/ptII/ptolemy/actor/lib/test/auto/LazyPubSub.xml
22 ms. Memory: 477184K Free: 160070K (34%)
----------------- Invoking toplevel() on ptolemy.moml.MoMLSimpleApplication@1c330eab
----------------- Done invoking toplevel() on ptolemy.moml.MoMLSimpleApplication@1c330eab
reloadAllAccessors: .LazyPubSub

===========================================================================================
----------------- testing Wed Mar 11 07:19:36 UTC 2020 /home/travis/build/icyphy/ptII/ptolemy/actor/lib/test/auto/LazyPubSub2.xml
----------------- Instantiating /home/travis/build/icyphy/ptII/ptolemy/actor/lib/test/auto/LazyPubSub2.xml
18 ms. Memory: 477184K Free: 149830K (31%)
----------------- Invoking toplevel() on ptolemy.moml.MoMLSimpleApplication@6d3835a4
----------------- Done invoking toplevel() on ptolemy.moml.MoMLSimpleApplication@6d3835a4
reloadAllAccessors: .LazyPubSub2

===========================================================================================
----------------- testing Wed Mar 11 07:19:36 UTC 2020 /home/travis/build/icyphy/ptII/ptolemy/actor/lib/test/auto/LazyPubSub3.xml
----------------- Instantiating /home/travis/build/icyphy/ptII/ptolemy/actor/lib/test/auto/LazyPubSub3.xml
42 ms. Memory: 477184K Free: 421169K (88%)
----------------- Invoking toplevel() on ptolemy.moml.MoMLSimpleApplication@58d1c743
----------------- Done invoking toplevel() on ptolemy.moml.MoMLSimpleApplication@58d1c743
reloadAllAccessors: .LazyPubSub3

===========================================================================================
----------------- testing Wed Mar 11 07:19:36 UTC 2020 /home/travis/build/icyphy/ptII/ptolemy/actor/lib/test/auto/LazySubClassModel.xml
----------------- Instantiating /home/travis/build/icyphy/ptII/ptolemy/actor/lib/test/auto/LazySubClassModel.xml
1 ms. Memory: 477184K Free: 411702K (86%)
----------------- Invoking toplevel() on ptolemy.moml.MoMLSimpleApplication@183dc648
----------------- Done invoking toplevel() on ptolemy.moml.MoMLSimpleApplication@183dc648
reloadAllAccessors: .LazySubClassModel

===========================================================================================
----------------- testing Wed Mar 11 07:19:36 UTC 2020 /home/travis/build/icyphy/ptII/ptolemy/actor/lib/test/auto/LevelCrossTest1.xml
----------------- Instantiating /home/travis/build/icyphy/ptII/ptolemy/actor/lib/test/auto/LevelCrossTest1.xml
1 ms. Memory: 477184K Free: 406072K (85%)
----------------- Invoking toplevel() on ptolemy.moml.MoMLSimpleApplication@455194fe
----------------- Done invoking toplevel() on ptolemy.moml.MoMLSimpleApplication@455194fe
reloadAllAccessors: .broken

===========================================================================================
----------------- testing Wed Mar 11 07:19:36 UTC 2020 /home/travis/build/icyphy/ptII/ptolemy/actor/lib/test/auto/LevelCrossTest10.xml
----------------- Instantiating /home/travis/build/icyphy/ptII/ptolemy/actor/lib/test/auto/LevelCrossTest10.xml
1 ms. Memory: 477184K Free: 398390K (83%)
----------------- Invoking toplevel() on ptolemy.moml.MoMLSimpleApplication@46cacaf0
----------------- Done invoking toplevel() on ptolemy.moml.MoMLSimpleApplication@46cacaf0
reloadAllAccessors: .LevelCrossTest10

===========================================================================================
----------------- testing Wed Mar 11 07:19:36 UTC 2020 /home/travis/build/icyphy/ptII/ptolemy/actor/lib/test/auto/LevelCrossTest11.xml
----------------- Instantiating /home/travis/build/icyphy/ptII/ptolemy/actor/lib/test/auto/LevelCrossTest11.xml
2 ms. Memory: 477184K Free: 390712K (82%)
----------------- Invoking toplevel() on ptolemy.moml.MoMLSimpleApplication@3c4c73a3
----------------- Done invoking toplevel() on ptolemy.moml.MoMLSimpleApplication@3c4c73a3
reloadAllAccessors: .LevelCrossTest11

===========================================================================================
----------------- testing Wed Mar 11 07:19:36 UTC 2020 /home/travis/build/icyphy/ptII/ptolemy/actor/lib/test/auto/LevelCrossTest12.xml
----------------- Instantiating /home/travis/build/icyphy/ptII/ptolemy/actor/lib/test/auto/LevelCrossTest12.xml
1 ms. Memory: 477184K Free: 384568K (81%)
----------------- Invoking toplevel() on ptolemy.moml.MoMLSimpleApplication@515c7944
----------------- Done invoking toplevel() on ptolemy.moml.MoMLSimpleApplication@515c7944
reloadAllAccessors: .LevelCrossTest12

===========================================================================================
----------------- testing Wed Mar 11 07:19:36 UTC 2020 /home/travis/build/icyphy/ptII/ptolemy/actor/lib/test/auto/LevelCrossTest13.xml
----------------- Instantiating /home/travis/build/icyphy/ptII/ptolemy/actor/lib/test/auto/LevelCrossTest13.xml
2 ms. Memory: 477184K Free: 376376K (79%)
----------------- Invoking toplevel() on ptolemy.moml.MoMLSimpleApplication@6d61e3d4
----------------- Done invoking toplevel() on ptolemy.moml.MoMLSimpleApplication@6d61e3d4
reloadAllAccessors: .LevelCrossTest13

===========================================================================================
----------------- testing Wed Mar 11 07:19:36 UTC 2020 /home/travis/build/icyphy/ptII/ptolemy/actor/lib/test/auto/LevelCrossTest2.xml
----------------- Instantiating /home/travis/build/icyphy/ptII/ptolemy/actor/lib/test/auto/LevelCrossTest2.xml
2 ms. Memory: 477184K Free: 370742K (78%)
----------------- Invoking toplevel() on ptolemy.moml.MoMLSimpleApplication@2b4a0717
----------------- Done invoking toplevel() on ptolemy.moml.MoMLSimpleApplication@2b4a0717
reloadAllAccessors: .broken

===========================================================================================
----------------- testing Wed Mar 11 07:19:36 UTC 2020 /home/travis/build/icyphy/ptII/ptolemy/actor/lib/test/auto/LevelCrossTest3.xml
----------------- Instantiating /home/travis/build/icyphy/ptII/ptolemy/actor/lib/test/auto/LevelCrossTest3.xml
5 ms. Memory: 477184K Free: 364088K (76%)
----------------- Invoking toplevel() on ptolemy.moml.MoMLSimpleApplication@5b9db05c
----------------- Done invoking toplevel() on ptolemy.moml.MoMLSimpleApplication@5b9db05c
reloadAllAccessors: .LevelCrossTest3

===========================================================================================
----------------- testing Wed Mar 11 07:19:36 UTC 2020 /home/travis/build/icyphy/ptII/ptolemy/actor/lib/test/auto/LevelCrossTest4.xml
----------------- Instantiating /home/travis/build/icyphy/ptII/ptolemy/actor/lib/test/auto/LevelCrossTest4.xml
1 ms. Memory: 477184K Free: 358454K (75%)
----------------- Invoking toplevel() on ptolemy.moml.MoMLSimpleApplication@2a3646a9
----------------- Done invoking toplevel() on ptolemy.moml.MoMLSimpleApplication@2a3646a9
reloadAllAccessors: .broken

===========================================================================================
----------------- testing Wed Mar 11 07:19:36 UTC 2020 /home/travis/build/icyphy/ptII/ptolemy/actor/lib/test/auto/LevelCrossTest5.xml
----------------- Instantiating /home/travis/build/icyphy/ptII/ptolemy/actor/lib/test/auto/LevelCrossTest5.xml
3 ms. Memory: 477184K Free: 351286K (74%)
----------------- Invoking toplevel() on ptolemy.moml.MoMLSimpleApplication@5162e7d4
----------------- Done invoking toplevel() on ptolemy.moml.MoMLSimpleApplication@5162e7d4
reloadAllAccessors: .LevelCrossTest5

===========================================================================================
----------------- testing Wed Mar 11 07:19:36 UTC 2020 /home/travis/build/icyphy/ptII/ptolemy/actor/lib/test/auto/LevelCrossTest6.xml
----------------- Instantiating /home/travis/build/icyphy/ptII/ptolemy/actor/lib/test/auto/LevelCrossTest6.xml
1 ms. Memory: 477184K Free: 345142K (72%)
----------------- Invoking toplevel() on ptolemy.moml.MoMLSimpleApplication@6c558c9d
----------------- Done invoking toplevel() on ptolemy.moml.MoMLSimpleApplication@6c558c9d
reloadAllAccessors: .LevelCrossTest6

===========================================================================================
----------------- testing Wed Mar 11 07:19:36 UTC 2020 /home/travis/build/icyphy/ptII/ptolemy/actor/lib/test/auto/LevelCrossTest7.xml
----------------- Instantiating /home/travis/build/icyphy/ptII/ptolemy/actor/lib/test/auto/LevelCrossTest7.xml
1 ms. Memory: 477184K Free: 337464K (71%)
----------------- Invoking toplevel() on ptolemy.moml.MoMLSimpleApplication@4354ca3b
----------------- Done invoking toplevel() on ptolemy.moml.MoMLSimpleApplication@4354ca3b
reloadAllAccessors: .LevelCrossTest7

===========================================================================================
----------------- testing Wed Mar 11 07:19:36 UTC 2020 /home/travis/build/icyphy/ptII/ptolemy/actor/lib/test/auto/LevelCrossTest8.xml
----------------- Instantiating /home/travis/build/icyphy/ptII/ptolemy/actor/lib/test/auto/LevelCrossTest8.xml
1 ms. Memory: 477184K Free: 330806K (69%)
----------------- Invoking toplevel() on ptolemy.moml.MoMLSimpleApplication@7bcb9d82
----------------- Done invoking toplevel() on ptolemy.moml.MoMLSimpleApplication@7bcb9d82
reloadAllAccessors: .LevelCrossTest8

===========================================================================================
----------------- testing Wed Mar 11 07:19:36 UTC 2020 /home/travis/build/icyphy/ptII/ptolemy/actor/lib/test/auto/LevelCrossTest9.xml
----------------- Instantiating /home/travis/build/icyphy/ptII/ptolemy/actor/lib/test/auto/LevelCrossTest9.xml
2 ms. Memory: 477184K Free: 323128K (68%)
----------------- Invoking toplevel() on ptolemy.moml.MoMLSimpleApplication@6f3e8e57
----------------- Done invoking toplevel() on ptolemy.moml.MoMLSimpleApplication@6f3e8e57
reloadAllAccessors: .LevelCrossTest9

===========================================================================================
----------------- testing Wed Mar 11 07:19:36 UTC 2020 /home/travis/build/icyphy/ptII/ptolemy/actor/lib/test/auto/LevinsonDurbin.xml
----------------- Instantiating /home/travis/build/icyphy/ptII/ptolemy/actor/lib/test/auto/LevinsonDurbin.xml
1 ms. Memory: 477184K Free: 319032K (67%)
----------------- Invoking toplevel() on ptolemy.moml.MoMLSimpleApplication@57d32827
----------------- Done invoking toplevel() on ptolemy.moml.MoMLSimpleApplication@57d32827
reloadAllAccessors: .LevinsonDurbin

===========================================================================================
----------------- testing Wed Mar 11 07:19:36 UTC 2020 /home/travis/build/icyphy/ptII/ptolemy/actor/lib/test/auto/LevinsonDurbin2.xml
----------------- Instantiating /home/travis/build/icyphy/ptII/ptolemy/actor/lib/test/auto/LevinsonDurbin2.xml
1 ms. Memory: 477184K Free: 314936K (66%)
----------------- Invoking toplevel() on ptolemy.moml.MoMLSimpleApplication@7afec985
----------------- Done invoking toplevel() on ptolemy.moml.MoMLSimpleApplication@7afec985
reloadAllAccessors: .LevinsonDurbin2

===========================================================================================
----------------- testing Wed Mar 11 07:19:36 UTC 2020 /home/travis/build/icyphy/ptII/ptolemy/actor/lib/test/auto/LevinsonDurbin3.xml
----------------- Instantiating /home/travis/build/icyphy/ptII/ptolemy/actor/lib/test/auto/LevinsonDurbin3.xml
2 ms. Memory: 477184K Free: 310840K (65%)
----------------- Invoking toplevel() on ptolemy.moml.MoMLSimpleApplication@f88d0eb
----------------- Done invoking toplevel() on ptolemy.moml.MoMLSimpleApplication@f88d0eb
reloadAllAccessors: .LevinsonDurbin3

===========================================================================================
----------------- testing Wed Mar 11 07:19:36 UTC 2020 /home/travis/build/icyphy/ptII/ptolemy/actor/lib/test/auto/Limiter.xml
----------------- Instantiating /home/travis/build/icyphy/ptII/ptolemy/actor/lib/test/auto/Limiter.xml
5 ms. Memory: 477184K Free: 301624K (63%)
----------------- Invoking toplevel() on ptolemy.moml.MoMLSimpleApplication@4f7688b9
----------------- Done invoking toplevel() on ptolemy.moml.MoMLSimpleApplication@4f7688b9
reloadAllAccessors: .Limiter

===========================================================================================
----------------- testing Wed Mar 11 07:19:36 UTC 2020 /home/travis/build/icyphy/ptII/ptolemy/actor/lib/test/auto/LinearDifferenceEquationSystem.xml
----------------- Instantiating /home/travis/build/icyphy/ptII/ptolemy/actor/lib/test/auto/LinearDifferenceEquationSystem.xml
15 ms. Memory: 477184K Free: 293942K (62%)
----------------- Invoking toplevel() on ptolemy.moml.MoMLSimpleApplication@1bcff2b0
----------------- Done invoking toplevel() on ptolemy.moml.MoMLSimpleApplication@1bcff2b0
reloadAllAccessors: .LinearDifferenceEquationSystem

===========================================================================================
----------------- testing Wed Mar 11 07:19:36 UTC 2020 /home/travis/build/icyphy/ptII/ptolemy/actor/lib/test/auto/LookupTable.xml
----------------- Instantiating /home/travis/build/icyphy/ptII/ptolemy/actor/lib/test/auto/LookupTable.xml
1 ms. Memory: 477184K Free: 289336K (61%)
----------------- Invoking toplevel() on ptolemy.moml.MoMLSimpleApplication@5c4ac0ce
----------------- Done invoking toplevel() on ptolemy.moml.MoMLSimpleApplication@5c4ac0ce
reloadAllAccessors: .LookupTable

===========================================================================================
----------------- testing Wed Mar 11 07:19:36 UTC 2020 /home/travis/build/icyphy/ptII/ptolemy/actor/lib/test/auto/MathFunction.xml
----------------- Instantiating /home/travis/build/icyphy/ptII/ptolemy/actor/lib/test/auto/MathFunction.xml
2 ms. Memory: 477184K Free: 281144K (59%)
----------------- Invoking toplevel() on ptolemy.moml.MoMLSimpleApplication@4dea7b0d
----------------- Done invoking toplevel() on ptolemy.moml.MoMLSimpleApplication@4dea7b0d
reloadAllAccessors: .MathFunction

===========================================================================================
----------------- testing Wed Mar 11 07:19:36 UTC 2020 /home/travis/build/icyphy/ptII/ptolemy/actor/lib/test/auto/MathFunction2.xml
----------------- Instantiating /home/travis/build/icyphy/ptII/ptolemy/actor/lib/test/auto/MathFunction2.xml
4 ms. Memory: 477184K Free: 277048K (58%)
----------------- Invoking toplevel() on ptolemy.moml.MoMLSimpleApplication@7c3cf07c
----------------- Done invoking toplevel() on ptolemy.moml.MoMLSimpleApplication@7c3cf07c
reloadAllAccessors: .MathFunction2

===========================================================================================
----------------- testing Wed Mar 11 07:19:36 UTC 2020 /home/travis/build/icyphy/ptII/ptolemy/actor/lib/test/auto/MathFunction3.xml
----------------- Instantiating /home/travis/build/icyphy/ptII/ptolemy/actor/lib/test/auto/MathFunction3.xml
2 ms. Memory: 477184K Free: 269880K (57%)
----------------- Invoking toplevel() on ptolemy.moml.MoMLSimpleApplication@5b310e89
----------------- Done invoking toplevel() on ptolemy.moml.MoMLSimpleApplication@5b310e89
reloadAllAccessors: .MathFunction3

===========================================================================================
----------------- testing Wed Mar 11 07:19:36 UTC 2020 /home/travis/build/icyphy/ptII/ptolemy/actor/lib/test/auto/MatrixCropBoolean.xml
----------------- Instantiating /home/travis/build/icyphy/ptII/ptolemy/actor/lib/test/auto/MatrixCropBoolean.xml
1 ms. Memory: 477184K Free: 264760K (55%)
----------------- Invoking toplevel() on ptolemy.moml.MoMLSimpleApplication@6423eb45
----------------- Done invoking toplevel() on ptolemy.moml.MoMLSimpleApplication@6423eb45
reloadAllAccessors: .MatrixCropBoolean

===========================================================================================
----------------- testing Wed Mar 11 07:19:36 UTC 2020 /home/travis/build/icyphy/ptII/ptolemy/actor/lib/test/auto/MatrixCropComplex.xml
----------------- Instantiating /home/travis/build/icyphy/ptII/ptolemy/actor/lib/test/auto/MatrixCropComplex.xml
1 ms. Memory: 477184K Free: 260119K (55%)
----------------- Invoking toplevel() on ptolemy.moml.MoMLSimpleApplication@66417c29
----------------- Done invoking toplevel() on ptolemy.moml.MoMLSimpleApplication@66417c29
reloadAllAccessors: .MatrixCropComplex

===========================================================================================
----------------- testing Wed Mar 11 07:19:36 UTC 2020 /home/travis/build/icyphy/ptII/ptolemy/actor/lib/test/auto/MatrixCropDouble.xml
----------------- Instantiating /home/travis/build/icyphy/ptII/ptolemy/actor/lib/test/auto/MatrixCropDouble.xml
2 ms. Memory: 477184K Free: 255023K (53%)
----------------- Invoking toplevel() on ptolemy.moml.MoMLSimpleApplication@2637a57
----------------- Done invoking toplevel() on ptolemy.moml.MoMLSimpleApplication@2637a57
reloadAllAccessors: .MatrixCropDouble

===========================================================================================
----------------- testing Wed Mar 11 07:19:36 UTC 2020 /home/travis/build/icyphy/ptII/ptolemy/actor/lib/test/auto/MatrixCropFix.xml
----------------- Instantiating /home/travis/build/icyphy/ptII/ptolemy/actor/lib/test/auto/MatrixCropFix.xml
2 ms. Memory: 477184K Free: 250424K (52%)
----------------- Invoking toplevel() on ptolemy.moml.MoMLSimpleApplication@50e62fe3
----------------- Done invoking toplevel() on ptolemy.moml.MoMLSimpleApplication@50e62fe3
reloadAllAccessors: .MatrixCropFix

===========================================================================================
----------------- testing Wed Mar 11 07:19:36 UTC 2020 /home/travis/build/icyphy/ptII/ptolemy/actor/lib/test/auto/MatrixCropInt.xml
----------------- Instantiating /home/travis/build/icyphy/ptII/ptolemy/actor/lib/test/auto/MatrixCropInt.xml
1 ms. Memory: 477184K Free: 245304K (51%)
----------------- Invoking toplevel() on ptolemy.moml.MoMLSimpleApplication@5e130584
----------------- Done invoking toplevel() on ptolemy.moml.MoMLSimpleApplication@5e130584
reloadAllAccessors: .MatrixCropInt

===========================================================================================
----------------- testing Wed Mar 11 07:19:36 UTC 2020 /home/travis/build/icyphy/ptII/ptolemy/actor/lib/test/auto/MatrixCropLong.xml
----------------- Instantiating /home/travis/build/icyphy/ptII/ptolemy/actor/lib/test/auto/MatrixCropLong.xml
1 ms. Memory: 477184K Free: 240184K (50%)
----------------- Invoking toplevel() on ptolemy.moml.MoMLSimpleApplication@638c0eb8
----------------- Done invoking toplevel() on ptolemy.moml.MoMLSimpleApplication@638c0eb8
reloadAllAccessors: .MatrixCropLong

===========================================================================================
----------------- testing Wed Mar 11 07:19:36 UTC 2020 /home/travis/build/icyphy/ptII/ptolemy/actor/lib/test/auto/MatrixToArray.xml
----------------- Instantiating /home/travis/build/icyphy/ptII/ptolemy/actor/lib/test/auto/MatrixToArray.xml
10 ms. Memory: 477184K Free: 224824K (47%)
----------------- Invoking toplevel() on ptolemy.moml.MoMLSimpleApplication@77bef6e2
----------------- Done invoking toplevel() on ptolemy.moml.MoMLSimpleApplication@77bef6e2
reloadAllAccessors: .MatrixToArray

===========================================================================================
----------------- testing Wed Mar 11 07:19:36 UTC 2020 /home/travis/build/icyphy/ptII/ptolemy/actor/lib/test/auto/MaxIndex.xml
----------------- Instantiating /home/travis/build/icyphy/ptII/ptolemy/actor/lib/test/auto/MaxIndex.xml
2 ms. Memory: 477184K Free: 219704K (46%)
----------------- Invoking toplevel() on ptolemy.moml.MoMLSimpleApplication@77c57c42
----------------- Done invoking toplevel() on ptolemy.moml.MoMLSimpleApplication@77c57c42
reloadAllAccessors: .MaxIndex

===========================================================================================
----------------- testing Wed Mar 11 07:19:36 UTC 2020 /home/travis/build/icyphy/ptII/ptolemy/actor/lib/test/auto/Maximum.xml
----------------- Instantiating /home/travis/build/icyphy/ptII/ptolemy/actor/lib/test/auto/Maximum.xml
2 ms. Memory: 477184K Free: 213015K (45%)
----------------- Invoking toplevel() on ptolemy.moml.MoMLSimpleApplication@3bd2e6e4
----------------- Done invoking toplevel() on ptolemy.moml.MoMLSimpleApplication@3bd2e6e4
reloadAllAccessors: .Maximum

===========================================================================================
----------------- testing Wed Mar 11 07:19:36 UTC 2020 /home/travis/build/icyphy/ptII/ptolemy/actor/lib/test/auto/MaximumComplex.xml
----------------- Instantiating /home/travis/build/icyphy/ptII/ptolemy/actor/lib/test/auto/MaximumComplex.xml
3 ms. Memory: 477184K Free: 206902K (43%)
----------------- Invoking toplevel() on ptolemy.moml.MoMLSimpleApplication@76015db0
----------------- Done invoking toplevel() on ptolemy.moml.MoMLSimpleApplication@76015db0
reloadAllAccessors: .MaximumComplex

===========================================================================================
----------------- testing Wed Mar 11 07:19:36 UTC 2020 /home/travis/build/icyphy/ptII/ptolemy/actor/lib/test/auto/MethodCallTest.xml
----------------- Instantiating /home/travis/build/icyphy/ptII/ptolemy/actor/lib/test/auto/MethodCallTest.xml
2 ms. Memory: 477184K Free: 200248K (42%)
----------------- Invoking toplevel() on ptolemy.moml.MoMLSimpleApplication@61093d47
----------------- Done invoking toplevel() on ptolemy.moml.MoMLSimpleApplication@61093d47
reloadAllAccessors: .MethodCallTest

===========================================================================================
----------------- testing Wed Mar 11 07:19:36 UTC 2020 /home/travis/build/icyphy/ptII/ptolemy/actor/lib/test/auto/Minimum.xml
----------------- Instantiating /home/travis/build/icyphy/ptII/ptolemy/actor/lib/test/auto/Minimum.xml
3 ms. Memory: 477184K Free: 194104K (41%)
----------------- Invoking toplevel() on ptolemy.moml.MoMLSimpleApplication@6891ad89
----------------- Done invoking toplevel() on ptolemy.moml.MoMLSimpleApplication@6891ad89
reloadAllAccessors: .Minimum

===========================================================================================
----------------- testing Wed Mar 11 07:19:36 UTC 2020 /home/travis/build/icyphy/ptII/ptolemy/actor/lib/test/auto/MinimumComplex.xml
----------------- Instantiating /home/travis/build/icyphy/ptII/ptolemy/actor/lib/test/auto/MinimumComplex.xml
3 ms. Memory: 477184K Free: 187960K (39%)
----------------- Invoking toplevel() on ptolemy.moml.MoMLSimpleApplication@f2bba8d
----------------- Done invoking toplevel() on ptolemy.moml.MoMLSimpleApplication@f2bba8d
reloadAllAccessors: .MinimumComplex

===========================================================================================
----------------- testing Wed Mar 11 07:19:36 UTC 2020 /home/travis/build/icyphy/ptII/ptolemy/actor/lib/test/auto/MinimumMultiports.xml
----------------- Instantiating /home/travis/build/icyphy/ptII/ptolemy/actor/lib/test/auto/MinimumMultiports.xml
3 ms. Memory: 477184K Free: 179239K (38%)
----------------- Invoking toplevel() on ptolemy.moml.MoMLSimpleApplication@3cde29fb
----------------- Done invoking toplevel() on ptolemy.moml.MoMLSimpleApplication@3cde29fb
reloadAllAccessors: .MinimumMultiports

===========================================================================================
----------------- testing Wed Mar 11 07:19:36 UTC 2020 /home/travis/build/icyphy/ptII/ptolemy/actor/lib/test/auto/ModifyDate.xml
----------------- Instantiating /home/travis/build/icyphy/ptII/ptolemy/actor/lib/test/auto/ModifyDate.xml
8 ms. Memory: 477184K Free: 166456K (35%)
----------------- Invoking toplevel() on ptolemy.moml.MoMLSimpleApplication@6879ea77
----------------- Done invoking toplevel() on ptolemy.moml.MoMLSimpleApplication@6879ea77
reloadAllAccessors: .ModifyDate

===========================================================================================
----------------- testing Wed Mar 11 07:19:36 UTC 2020 /home/travis/build/icyphy/ptII/ptolemy/actor/lib/test/auto/ModifyDate2.xml
----------------- Instantiating /home/travis/build/icyphy/ptII/ptolemy/actor/lib/test/auto/ModifyDate2.xml
2 ms. Memory: 477184K Free: 157750K (33%)
----------------- Invoking toplevel() on ptolemy.moml.MoMLSimpleApplication@366db64a
----------------- Done invoking toplevel() on ptolemy.moml.MoMLSimpleApplication@366db64a
reloadAllAccessors: .ModifyDate2

===========================================================================================
----------------- testing Wed Mar 11 07:19:36 UTC 2020 /home/travis/build/icyphy/ptII/ptolemy/actor/lib/test/auto/MovingAverage.xml
----------------- Instantiating /home/travis/build/icyphy/ptII/ptolemy/actor/lib/test/auto/MovingAverage.xml
1 ms. Memory: 477184K Free: 152630K (32%)
----------------- Invoking toplevel() on ptolemy.moml.MoMLSimpleApplication@118328c5
----------------- Done invoking toplevel() on ptolemy.moml.MoMLSimpleApplication@118328c5
reloadAllAccessors: .MovingAverage

===========================================================================================
----------------- testing Wed Mar 11 07:19:36 UTC 2020 /home/travis/build/icyphy/ptII/ptolemy/actor/lib/test/auto/MovingMaximum.xml
----------------- Instantiating /home/travis/build/icyphy/ptII/ptolemy/actor/lib/test/auto/MovingMaximum.xml
1 ms. Memory: 477184K Free: 148024K (31%)
----------------- Invoking toplevel() on ptolemy.moml.MoMLSimpleApplication@3c4d1e9c
----------------- Done invoking toplevel() on ptolemy.moml.MoMLSimpleApplication@3c4d1e9c
reloadAllAccessors: .MovingMaximum

===========================================================================================
----------------- testing Wed Mar 11 07:19:36 UTC 2020 /home/travis/build/icyphy/ptII/ptolemy/actor/lib/test/auto/MultipleLinksToSameRelation.xml
----------------- Instantiating /home/travis/build/icyphy/ptII/ptolemy/actor/lib/test/auto/MultipleLinksToSameRelation.xml
1 ms. Memory: 477184K Free: 143928K (30%)
----------------- Invoking toplevel() on ptolemy.moml.MoMLSimpleApplication@66a65f10
----------------- Done invoking toplevel() on ptolemy.moml.MoMLSimpleApplication@66a65f10
reloadAllAccessors: .MultipleLinksToSameRelation

===========================================================================================
----------------- testing Wed Mar 11 07:19:36 UTC 2020 /home/travis/build/icyphy/ptII/ptolemy/actor/lib/test/auto/MultipleLinksToSameRelationDE.xml
----------------- Instantiating /home/travis/build/icyphy/ptII/ptolemy/actor/lib/test/auto/MultipleLinksToSameRelationDE.xml
9 ms. Memory: 477184K Free: 419805K (88%)
----------------- Invoking toplevel() on ptolemy.moml.MoMLSimpleApplication@15b2d01c
----------------- Done invoking toplevel() on ptolemy.moml.MoMLSimpleApplication@15b2d01c
reloadAllAccessors: .MultipleLinksToSameRelationDE

===========================================================================================
----------------- testing Wed Mar 11 07:19:36 UTC 2020 /home/travis/build/icyphy/ptII/ptolemy/actor/lib/test/auto/Multiplexor.xml
----------------- Instantiating /home/travis/build/icyphy/ptII/ptolemy/actor/lib/test/auto/Multiplexor.xml
2 ms. Memory: 477184K Free: 414189K (87%)
----------------- Invoking toplevel() on ptolemy.moml.MoMLSimpleApplication@5fcfa05d
----------------- Done invoking toplevel() on ptolemy.moml.MoMLSimpleApplication@5fcfa05d
reloadAllAccessors: .Multiplexor

===========================================================================================
----------------- testing Wed Mar 11 07:19:37 UTC 2020 /home/travis/build/icyphy/ptII/ptolemy/actor/lib/test/auto/Multiplexor1.xml
----------------- Instantiating /home/travis/build/icyphy/ptII/ptolemy/actor/lib/test/auto/Multiplexor1.xml
1 ms. Memory: 477184K Free: 408549K (86%)
----------------- Invoking toplevel() on ptolemy.moml.MoMLSimpleApplication@7603dc1
----------------- Done invoking toplevel() on ptolemy.moml.MoMLSimpleApplication@7603dc1
reloadAllAccessors: .Multiplexor1

===========================================================================================
----------------- testing Wed Mar 11 07:19:37 UTC 2020 /home/travis/build/icyphy/ptII/ptolemy/actor/lib/test/auto/Multiplexor2.xml
----------------- Instantiating /home/travis/build/icyphy/ptII/ptolemy/actor/lib/test/auto/Multiplexor2.xml
2 ms. Memory: 477184K Free: 401899K (84%)
----------------- Invoking toplevel() on ptolemy.moml.MoMLSimpleApplication@2d09017f
----------------- Done invoking toplevel() on ptolemy.moml.MoMLSimpleApplication@2d09017f
reloadAllAccessors: .Multiplexor2

===========================================================================================
----------------- testing Wed Mar 11 07:19:37 UTC 2020 /home/travis/build/icyphy/ptII/ptolemy/actor/lib/test/auto/Multiplexor3.xml
----------------- Instantiating /home/travis/build/icyphy/ptII/ptolemy/actor/lib/test/auto/Multiplexor3.xml
2 ms. Memory: 477184K Free: 397805K (83%)
----------------- Invoking toplevel() on ptolemy.moml.MoMLSimpleApplication@6292907e
----------------- Done invoking toplevel() on ptolemy.moml.MoMLSimpleApplication@6292907e
reloadAllAccessors: .Multiplexor3

===========================================================================================
----------------- testing Wed Mar 11 07:19:37 UTC 2020 /home/travis/build/icyphy/ptII/ptolemy/actor/lib/test/auto/MultiplexorDE.xml
----------------- Instantiating /home/travis/build/icyphy/ptII/ptolemy/actor/lib/test/auto/MultiplexorDE.xml
2 ms. Memory: 477184K Free: 390109K (82%)
----------------- Invoking toplevel() on ptolemy.moml.MoMLSimpleApplication@77d7a623
----------------- Done invoking toplevel() on ptolemy.moml.MoMLSimpleApplication@77d7a623
reloadAllAccessors: .MultiplexorDE

===========================================================================================
----------------- testing Wed Mar 11 07:19:37 UTC 2020 /home/travis/build/icyphy/ptII/ptolemy/actor/lib/test/auto/MultiportBroadcastTest.xml
----------------- Instantiating /home/travis/build/icyphy/ptII/ptolemy/actor/lib/test/auto/MultiportBroadcastTest.xml
83 ms. Memory: 477184K Free: 383469K (80%)
----------------- Invoking toplevel() on ptolemy.moml.MoMLSimpleApplication@69847fdb
----------------- Done invoking toplevel() on ptolemy.moml.MoMLSimpleApplication@69847fdb
reloadAllAccessors: .MultiportBroadcastTest

===========================================================================================
----------------- testing Wed Mar 11 07:19:37 UTC 2020 /home/travis/build/icyphy/ptII/ptolemy/actor/lib/test/auto/MultiportOutHangDuringGetWidth.xml
----------------- Instantiating /home/travis/build/icyphy/ptII/ptolemy/actor/lib/test/auto/MultiportOutHangDuringGetWidth.xml
5 ms. Memory: 477184K Free: 371691K (78%)
----------------- Invoking toplevel() on ptolemy.moml.MoMLSimpleApplication@73c09c67
----------------- Done invoking toplevel() on ptolemy.moml.MoMLSimpleApplication@73c09c67
reloadAllAccessors: .MultiportOutHangDuringGetWidth

===========================================================================================
----------------- testing Wed Mar 11 07:19:37 UTC 2020 /home/travis/build/icyphy/ptII/ptolemy/actor/lib/test/auto/NilToken.xml
----------------- Instantiating /home/travis/build/icyphy/ptII/ptolemy/actor/lib/test/auto/NilToken.xml
1 ms. Memory: 477184K Free: 367595K (77%)
----------------- Invoking toplevel() on ptolemy.moml.MoMLSimpleApplication@42d3a6b4
----------------- Done invoking toplevel() on ptolemy.moml.MoMLSimpleApplication@42d3a6b4
reloadAllAccessors: .NilToken

===========================================================================================
----------------- testing Wed Mar 11 07:19:37 UTC 2020 /home/travis/build/icyphy/ptII/ptolemy/actor/lib/test/auto/NilTokenNonStrictTest.xml
----------------- Instantiating /home/travis/build/icyphy/ptII/ptolemy/actor/lib/test/auto/NilTokenNonStrictTest.xml
1 ms. Memory: 477184K Free: 362475K (76%)
----------------- Invoking toplevel() on ptolemy.moml.MoMLSimpleApplication@5d75659d
----------------- Done invoking toplevel() on ptolemy.moml.MoMLSimpleApplication@5d75659d
reloadAllAccessors: .NilTokenNonStrictTest

===========================================================================================
----------------- testing Wed Mar 11 07:19:37 UTC 2020 /home/travis/build/icyphy/ptII/ptolemy/actor/lib/test/auto/NilTokenRecord.xml
----------------- Instantiating /home/travis/build/icyphy/ptII/ptolemy/actor/lib/test/auto/NilTokenRecord.xml
10 ms. Memory: 477184K Free: 355821K (75%)
----------------- Invoking toplevel() on ptolemy.moml.MoMLSimpleApplication@35f6d276
----------------- Done invoking toplevel() on ptolemy.moml.MoMLSimpleApplication@35f6d276
reloadAllAccessors: .NilTokenRecord

===========================================================================================
----------------- testing Wed Mar 11 07:19:37 UTC 2020 /home/travis/build/icyphy/ptII/ptolemy/actor/lib/test/auto/NilTokenTypeTest.xml
----------------- Instantiating /home/travis/build/icyphy/ptII/ptolemy/actor/lib/test/auto/NilTokenTypeTest.xml
5 ms. Memory: 477184K Free: 346091K (73%)
----------------- Invoking toplevel() on ptolemy.moml.MoMLSimpleApplication@3ffbd150
----------------- Done invoking toplevel() on ptolemy.moml.MoMLSimpleApplication@3ffbd150
reloadAllAccessors: .NilTokenTypeTest

===========================================================================================
----------------- testing Wed Mar 11 07:19:37 UTC 2020 /home/travis/build/icyphy/ptII/ptolemy/actor/lib/test/auto/ObjectToken1.xml
----------------- Instantiating /home/travis/build/icyphy/ptII/ptolemy/actor/lib/test/auto/ObjectToken1.xml
2 ms. Memory: 477184K Free: 341485K (72%)
----------------- Invoking toplevel() on ptolemy.moml.MoMLSimpleApplication@3dd5f442
----------------- Done invoking toplevel() on ptolemy.moml.MoMLSimpleApplication@3dd5f442
reloadAllAccessors: .ObjectToken1

===========================================================================================
----------------- testing Wed Mar 11 07:19:37 UTC 2020 /home/travis/build/icyphy/ptII/ptolemy/actor/lib/test/auto/OrderedMerge.xml
----------------- Instantiating /home/travis/build/icyphy/ptII/ptolemy/actor/lib/test/auto/OrderedMerge.xml
11 ms. Memory: 477184K Free: 335851K (70%)
----------------- Invoking toplevel() on ptolemy.moml.MoMLSimpleApplication@55ef32a2
----------------- Done invoking toplevel() on ptolemy.moml.MoMLSimpleApplication@55ef32a2
reloadAllAccessors: .OrderedMerge

===========================================================================================
----------------- testing Wed Mar 11 07:19:37 UTC 2020 /home/travis/build/icyphy/ptII/ptolemy/actor/lib/test/auto/OrderedRecordDisassembler.xml
----------------- Instantiating /home/travis/build/icyphy/ptII/ptolemy/actor/lib/test/auto/OrderedRecordDisassembler.xml
2 ms. Memory: 477184K Free: 330701K (69%)
----------------- Invoking toplevel() on ptolemy.moml.MoMLSimpleApplication@39cff6be
----------------- Done invoking toplevel() on ptolemy.moml.MoMLSimpleApplication@39cff6be
reloadAllAccessors: .OrderedRecordDisassembler

===========================================================================================
----------------- testing Wed Mar 11 07:19:37 UTC 2020 /home/travis/build/icyphy/ptII/ptolemy/actor/lib/test/auto/OrderedRecordDisassembler2.xml
----------------- Instantiating /home/travis/build/icyphy/ptII/ptolemy/actor/lib/test/auto/OrderedRecordDisassembler2.xml
3 ms. Memory: 477184K Free: 323053K (68%)
----------------- Invoking toplevel() on ptolemy.moml.MoMLSimpleApplication@ffcd8f1
----------------- Done invoking toplevel() on ptolemy.moml.MoMLSimpleApplication@ffcd8f1
reloadAllAccessors: .OrderedRecordDisassembler2

===========================================================================================
----------------- testing Wed Mar 11 07:19:37 UTC 2020 /home/travis/build/icyphy/ptII/ptolemy/actor/lib/test/auto/OrderedRecordUpdater.xml
----------------- Instantiating /home/travis/build/icyphy/ptII/ptolemy/actor/lib/test/auto/OrderedRecordUpdater.xml
5 ms. Memory: 477184K Free: 317933K (67%)
----------------- Invoking toplevel() on ptolemy.moml.MoMLSimpleApplication@562cfb42
----------------- Done invoking toplevel() on ptolemy.moml.MoMLSimpleApplication@562cfb42
reloadAllAccessors: .RecordUpdater

===========================================================================================
----------------- testing Wed Mar 11 07:19:37 UTC 2020 /home/travis/build/icyphy/ptII/ptolemy/actor/lib/test/auto/OrderedRecordUpdater2.xml
----------------- Instantiating /home/travis/build/icyphy/ptII/ptolemy/actor/lib/test/auto/OrderedRecordUpdater2.xml
2 ms. Memory: 477184K Free: 313323K (66%)
----------------- Invoking toplevel() on ptolemy.moml.MoMLSimpleApplication@51b97298
----------------- Done invoking toplevel() on ptolemy.moml.MoMLSimpleApplication@51b97298
reloadAllAccessors: .RecordUpdater2

===========================================================================================
----------------- testing Wed Mar 11 07:19:37 UTC 2020 /home/travis/build/icyphy/ptII/ptolemy/actor/lib/test/auto/PhaseUnwrap.xml
----------------- Instantiating /home/travis/build/icyphy/ptII/ptolemy/actor/lib/test/auto/PhaseUnwrap.xml
1 ms. Memory: 477184K Free: 308717K (65%)
----------------- Invoking toplevel() on ptolemy.moml.MoMLSimpleApplication@3477b500
----------------- Done invoking toplevel() on ptolemy.moml.MoMLSimpleApplication@3477b500
reloadAllAccessors: .PhaseUnwrap

===========================================================================================
----------------- testing Wed Mar 11 07:19:37 UTC 2020 /home/travis/build/icyphy/ptII/ptolemy/actor/lib/test/auto/PoissonClock.xml
----------------- Instantiating /home/travis/build/icyphy/ptII/ptolemy/actor/lib/test/auto/PoissonClock.xml
1 ms. Memory: 477184K Free: 304621K (64%)
----------------- Invoking toplevel() on ptolemy.moml.MoMLSimpleApplication@5d7da89f
----------------- Done invoking toplevel() on ptolemy.moml.MoMLSimpleApplication@5d7da89f
reloadAllAccessors: .PoissonClock

===========================================================================================
----------------- testing Wed Mar 11 07:19:37 UTC 2020 /home/travis/build/icyphy/ptII/ptolemy/actor/lib/test/auto/PoissonClock2.xml
----------------- Instantiating /home/travis/build/icyphy/ptII/ptolemy/actor/lib/test/auto/PoissonClock2.xml
2 ms. Memory: 477184K Free: 300011K (63%)
----------------- Invoking toplevel() on ptolemy.moml.MoMLSimpleApplication@591d00bc
----------------- Done invoking toplevel() on ptolemy.moml.MoMLSimpleApplication@591d00bc
reloadAllAccessors: .PoissonClock2

===========================================================================================
----------------- testing Wed Mar 11 07:19:37 UTC 2020 /home/travis/build/icyphy/ptII/ptolemy/actor/lib/test/auto/PoissonClock3.xml
----------------- Instantiating /home/travis/build/icyphy/ptII/ptolemy/actor/lib/test/auto/PoissonClock3.xml
1 ms. Memory: 477184K Free: 295405K (62%)
----------------- Invoking toplevel() on ptolemy.moml.MoMLSimpleApplication@50cc2a25
----------------- Done invoking toplevel() on ptolemy.moml.MoMLSimpleApplication@50cc2a25
reloadAllAccessors: .PoissonClock3

===========================================================================================
----------------- testing Wed Mar 11 07:19:37 UTC 2020 /home/travis/build/icyphy/ptII/ptolemy/actor/lib/test/auto/PubSubWithInitialTokens.xml
----------------- Instantiating /home/travis/build/icyphy/ptII/ptolemy/actor/lib/test/auto/PubSubWithInitialTokens.xml
2 ms. Memory: 477184K Free: 289757K (61%)
----------------- Invoking toplevel() on ptolemy.moml.MoMLSimpleApplication@11ed08be
----------------- Done invoking toplevel() on ptolemy.moml.MoMLSimpleApplication@11ed08be
reloadAllAccessors: .PubSubWithInitialTokens

===========================================================================================
----------------- testing Wed Mar 11 07:19:37 UTC 2020 /home/travis/build/icyphy/ptII/ptolemy/actor/lib/test/auto/PubSubWithInitialTokens2.xml
----------------- Instantiating /home/travis/build/icyphy/ptII/ptolemy/actor/lib/test/auto/PubSubWithInitialTokens2.xml
2 ms. Memory: 477184K Free: 283597K (59%)
----------------- Invoking toplevel() on ptolemy.moml.MoMLSimpleApplication@70783e9a
----------------- Done invoking toplevel() on ptolemy.moml.MoMLSimpleApplication@70783e9a
reloadAllAccessors: .PubSubWithInitialTokens2

===========================================================================================
----------------- testing Wed Mar 11 07:19:37 UTC 2020 /home/travis/build/icyphy/ptII/ptolemy/actor/lib/test/auto/PublisherClassNoParameter.xml
----------------- Instantiating /home/travis/build/icyphy/ptII/ptolemy/actor/lib/test/auto/PublisherClassNoParameter.xml
2 ms. Memory: 477184K Free: 273387K (57%)
----------------- Invoking toplevel() on ptolemy.moml.MoMLSimpleApplication@34e7132e
----------------- Done invoking toplevel() on ptolemy.moml.MoMLSimpleApplication@34e7132e
reloadAllAccessors: .PublisherClassNoParameter

===========================================================================================
----------------- testing Wed Mar 11 07:19:37 UTC 2020 /home/travis/build/icyphy/ptII/ptolemy/actor/lib/test/auto/PublisherClassParameter.xml
----------------- Instantiating /home/travis/build/icyphy/ptII/ptolemy/actor/lib/test/auto/PublisherClassParameter.xml
4 ms. Memory: 477184K Free: 263661K (55%)
----------------- Invoking toplevel() on ptolemy.moml.MoMLSimpleApplication@74901b3e
----------------- Done invoking toplevel() on ptolemy.moml.MoMLSimpleApplication@74901b3e
reloadAllAccessors: .PublisherClassParameter

===========================================================================================
----------------- testing Wed Mar 11 07:19:37 UTC 2020 /home/travis/build/icyphy/ptII/ptolemy/actor/lib/test/auto/PublisherNonStrictTest.xml
----------------- Instantiating /home/travis/build/icyphy/ptII/ptolemy/actor/lib/test/auto/PublisherNonStrictTest.xml
4 ms. Memory: 477184K Free: 255973K (54%)
----------------- Invoking toplevel() on ptolemy.moml.MoMLSimpleApplication@49a63664
----------------- Done invoking toplevel() on ptolemy.moml.MoMLSimpleApplication@49a63664
reloadAllAccessors: .PublisherNonStrictTest

===========================================================================================
----------------- testing Wed Mar 11 07:19:37 UTC 2020 /home/travis/build/icyphy/ptII/ptolemy/actor/lib/test/auto/PublisherPort1.xml
----------------- Instantiating /home/travis/build/icyphy/ptII/ptolemy/actor/lib/test/auto/PublisherPort1.xml
11 ms. Memory: 477184K Free: 249805K (52%)
----------------- Invoking toplevel() on ptolemy.moml.MoMLSimpleApplication@65cd6ff0
----------------- Done invoking toplevel() on ptolemy.moml.MoMLSimpleApplication@65cd6ff0
reloadAllAccessors: .PublisherPort1

===========================================================================================
----------------- testing Wed Mar 11 07:19:37 UTC 2020 /home/travis/build/icyphy/ptII/ptolemy/actor/lib/test/auto/PublisherPort2.xml
----------------- Instantiating /home/travis/build/icyphy/ptII/ptolemy/actor/lib/test/auto/PublisherPort2.xml
1 ms. Memory: 477184K Free: 244715K (51%)
----------------- Invoking toplevel() on ptolemy.moml.MoMLSimpleApplication@78adb2bc
----------------- Done invoking toplevel() on ptolemy.moml.MoMLSimpleApplication@78adb2bc
reloadAllAccessors: .PublisherPort2

===========================================================================================
----------------- testing Wed Mar 11 07:19:37 UTC 2020 /home/travis/build/icyphy/ptII/ptolemy/actor/lib/test/auto/PublisherPort3.xml
----------------- Instantiating /home/travis/build/icyphy/ptII/ptolemy/actor/lib/test/auto/PublisherPort3.xml
2 ms. Memory: 477184K Free: 238061K (50%)
----------------- Invoking toplevel() on ptolemy.moml.MoMLSimpleApplication@2204a321
----------------- Done invoking toplevel() on ptolemy.moml.MoMLSimpleApplication@2204a321
reloadAllAccessors: .PublisherPort3

===========================================================================================
----------------- testing Wed Mar 11 07:19:37 UTC 2020 /home/travis/build/icyphy/ptII/ptolemy/actor/lib/test/auto/PublisherPort4.xml
----------------- Instantiating /home/travis/build/icyphy/ptII/ptolemy/actor/lib/test/auto/PublisherPort4.xml
2 ms. Memory: 477184K Free: 232421K (49%)
----------------- Invoking toplevel() on ptolemy.moml.MoMLSimpleApplication@14cb1e9a
----------------- Done invoking toplevel() on ptolemy.moml.MoMLSimpleApplication@14cb1e9a
reloadAllAccessors: .PublisherPort4

===========================================================================================
----------------- testing Wed Mar 11 07:19:37 UTC 2020 /home/travis/build/icyphy/ptII/ptolemy/actor/lib/test/auto/PublisherPort5.xml
----------------- Instantiating /home/travis/build/icyphy/ptII/ptolemy/actor/lib/test/auto/PublisherPort5.xml
3 ms. Memory: 477184K Free: 224749K (47%)
----------------- Invoking toplevel() on ptolemy.moml.MoMLSimpleApplication@6ba3e11f
----------------- Done invoking toplevel() on ptolemy.moml.MoMLSimpleApplication@6ba3e11f
reloadAllAccessors: .PublisherPort5

===========================================================================================
----------------- testing Wed Mar 11 07:19:37 UTC 2020 /home/travis/build/icyphy/ptII/ptolemy/actor/lib/test/auto/PublisherPort5LookAlike.xml
----------------- Instantiating /home/travis/build/icyphy/ptII/ptolemy/actor/lib/test/auto/PublisherPort5LookAlike.xml
6 ms. Memory: 477184K Free: 217061K (45%)
----------------- Invoking toplevel() on ptolemy.moml.MoMLSimpleApplication@2aea45ff
----------------- Done invoking toplevel() on ptolemy.moml.MoMLSimpleApplication@2aea45ff
reloadAllAccessors: .PublisherPort5LookAlike

===========================================================================================
----------------- testing Wed Mar 11 07:19:37 UTC 2020 /home/travis/build/icyphy/ptII/ptolemy/actor/lib/test/auto/PublisherPort6.xml
----------------- Instantiating /home/travis/build/icyphy/ptII/ptolemy/actor/lib/test/auto/PublisherPort6.xml
1 ms. Memory: 477184K Free: 210413K (44%)
----------------- Invoking toplevel() on ptolemy.moml.MoMLSimpleApplication@6a9c3d67
----------------- Done invoking toplevel() on ptolemy.moml.MoMLSimpleApplication@6a9c3d67
reloadAllAccessors: .PublisherPort6

===========================================================================================
----------------- testing Wed Mar 11 07:19:37 UTC 2020 /home/travis/build/icyphy/ptII/ptolemy/actor/lib/test/auto/PublisherPort7.xml
----------------- Instantiating /home/travis/build/icyphy/ptII/ptolemy/actor/lib/test/auto/PublisherPort7.xml
3 ms. Memory: 477184K Free: 202731K (42%)
----------------- Invoking toplevel() on ptolemy.moml.MoMLSimpleApplication@9dd40b2
----------------- Done invoking toplevel() on ptolemy.moml.MoMLSimpleApplication@9dd40b2
reloadAllAccessors: .PublisherPort7

===========================================================================================
----------------- testing Wed Mar 11 07:19:37 UTC 2020 /home/travis/build/icyphy/ptII/ptolemy/actor/lib/test/auto/PublisherPort8.xml
----------------- Instantiating /home/travis/build/icyphy/ptII/ptolemy/actor/lib/test/auto/PublisherPort8.xml
4 ms. Memory: 477184K Free: 194029K (41%)
----------------- Invoking toplevel() on ptolemy.moml.MoMLSimpleApplication@2ed7bb05
----------------- Done invoking toplevel() on ptolemy.moml.MoMLSimpleApplication@2ed7bb05
reloadAllAccessors: .PublisherPort8

===========================================================================================
----------------- testing Wed Mar 11 07:19:37 UTC 2020 /home/travis/build/icyphy/ptII/ptolemy/actor/lib/test/auto/PublisherPortSubscriberChannelVariablesAOC2.xml
----------------- Instantiating /home/travis/build/icyphy/ptII/ptolemy/actor/lib/test/auto/PublisherPortSubscriberChannelVariablesAOC2.xml
2 ms. Memory: 477184K Free: 176107K (37%)
----------------- Invoking toplevel() on ptolemy.moml.MoMLSimpleApplication@44f974b2
----------------- Done invoking toplevel() on ptolemy.moml.MoMLSimpleApplication@44f974b2
reloadAllAccessors: .PublisherPortSubscriberChannelVariablesAOC2

===========================================================================================
----------------- testing Wed Mar 11 07:19:37 UTC 2020 /home/travis/build/icyphy/ptII/ptolemy/actor/lib/test/auto/PublisherPortSubscriberOpaqueWidthInference.xml
----------------- Instantiating /home/travis/build/icyphy/ptII/ptolemy/actor/lib/test/auto/PublisherPortSubscriberOpaqueWidthInference.xml
3 ms. Memory: 477184K Free: 167405K (35%)
----------------- Invoking toplevel() on ptolemy.moml.MoMLSimpleApplication@72aee03c
----------------- Done invoking toplevel() on ptolemy.moml.MoMLSimpleApplication@72aee03c
reloadAllAccessors: .PublisherPortSubscriberOpaqueWidthInference

===========================================================================================
----------------- testing Wed Mar 11 07:19:37 UTC 2020 /home/travis/build/icyphy/ptII/ptolemy/actor/lib/test/auto/PublisherPortSubscriberPortAdjacent.xml
----------------- Instantiating /home/travis/build/icyphy/ptII/ptolemy/actor/lib/test/auto/PublisherPortSubscriberPortAdjacent.xml
1 ms. Memory: 477184K Free: 159213K (33%)
----------------- Invoking toplevel() on ptolemy.moml.MoMLSimpleApplication@58cffa5
----------------- Done invoking toplevel() on ptolemy.moml.MoMLSimpleApplication@58cffa5
reloadAllAccessors: .PublisherPortSubscriberPortAdjacent

===========================================================================================
----------------- testing Wed Mar 11 07:19:37 UTC 2020 /home/travis/build/icyphy/ptII/ptolemy/actor/lib/test/auto/PublisherPortSubscriberPortExpression.xml
----------------- Instantiating /home/travis/build/icyphy/ptII/ptolemy/actor/lib/test/auto/PublisherPortSubscriberPortExpression.xml
3 ms. Memory: 477184K Free: 151517K (32%)
----------------- Invoking toplevel() on ptolemy.moml.MoMLSimpleApplication@1afe5c89
----------------- Done invoking toplevel() on ptolemy.moml.MoMLSimpleApplication@1afe5c89
reloadAllAccessors: .PublisherPortSubscriberPortExpression

===========================================================================================
----------------- testing Wed Mar 11 07:19:37 UTC 2020 /home/travis/build/icyphy/ptII/ptolemy/actor/lib/test/auto/PublisherPortSubscriberPortOpaqueD3Reverse.xml
----------------- Instantiating /home/travis/build/icyphy/ptII/ptolemy/actor/lib/test/auto/PublisherPortSubscriberPortOpaqueD3Reverse.xml
35 ms. Memory: 477184K Free: 422173K (88%)
----------------- Invoking toplevel() on ptolemy.moml.MoMLSimpleApplication@bc1a4d6
----------------- Done invoking toplevel() on ptolemy.moml.MoMLSimpleApplication@bc1a4d6
reloadAllAccessors: .PublisherPortSubscriberPortOpaqueD3Reverse

===========================================================================================
----------------- testing Wed Mar 11 07:19:37 UTC 2020 /home/travis/build/icyphy/ptII/ptolemy/actor/lib/test/auto/PublisherPortSubscriberPortOpaqueWidthInference.xml
----------------- Instantiating /home/travis/build/icyphy/ptII/ptolemy/actor/lib/test/auto/PublisherPortSubscriberPortOpaqueWidthInference.xml
3 ms. Memory: 477184K Free: 413715K (87%)
----------------- Invoking toplevel() on ptolemy.moml.MoMLSimpleApplication@29e9adfd
----------------- Done invoking toplevel() on ptolemy.moml.MoMLSimpleApplication@29e9adfd
reloadAllAccessors: .PublisherPortSubscriberPortOpaqueWidthInference

===========================================================================================
----------------- testing Wed Mar 11 07:19:37 UTC 2020 /home/travis/build/icyphy/ptII/ptolemy/actor/lib/test/auto/PublisherPortToplevelSubscriberPortAOC.xml
----------------- Instantiating /home/travis/build/icyphy/ptII/ptolemy/actor/lib/test/auto/PublisherPortToplevelSubscriberPortAOC.xml
.PublisherPortToplevelSubscriberPortAOC.TestExceptionAttribute: initialize() was not invoked, but wrapup() was.  This is unusual, but not always a problem.  For example, exporting JNLP will do this.
1 ms. Memory: 477184K Free: 407075K (85%)
----------------- Invoking toplevel() on ptolemy.moml.MoMLSimpleApplication@22b42c50
----------------- Done invoking toplevel() on ptolemy.moml.MoMLSimpleApplication@22b42c50
reloadAllAccessors: .PublisherPortToplevelSubscriberPortAOC

===========================================================================================
----------------- testing Wed Mar 11 07:19:37 UTC 2020 /home/travis/build/icyphy/ptII/ptolemy/actor/lib/test/auto/PublisherSubscriber.xml
----------------- Instantiating /home/travis/build/icyphy/ptII/ptolemy/actor/lib/test/auto/PublisherSubscriber.xml
2 ms. Memory: 477184K Free: 399363K (84%)
----------------- Invoking toplevel() on ptolemy.moml.MoMLSimpleApplication@1fe1b3a3
----------------- Done invoking toplevel() on ptolemy.moml.MoMLSimpleApplication@1fe1b3a3
reloadAllAccessors: .PublisherSubscriber

===========================================================================================
----------------- testing Wed Mar 11 07:19:37 UTC 2020 /home/travis/build/icyphy/ptII/ptolemy/actor/lib/test/auto/PublisherSubscriber10.xml
----------------- Instantiating /home/travis/build/icyphy/ptII/ptolemy/actor/lib/test/auto/PublisherSubscriber10.xml
5 ms. Memory: 477184K Free: 389667K (82%)
----------------- Invoking toplevel() on ptolemy.moml.MoMLSimpleApplication@2a945689
----------------- Done invoking toplevel() on ptolemy.moml.MoMLSimpleApplication@2a945689
reloadAllAccessors: .PublisherSubscriber10

===========================================================================================
----------------- testing Wed Mar 11 07:19:37 UTC 2020 /home/travis/build/icyphy/ptII/ptolemy/actor/lib/test/auto/PublisherSubscriber10InitialOutputs.xml
----------------- Instantiating /home/travis/build/icyphy/ptII/ptolemy/actor/lib/test/auto/PublisherSubscriber10InitialOutputs.xml
13 ms. Memory: 477184K Free: 380451K (80%)
----------------- Invoking toplevel() on ptolemy.moml.MoMLSimpleApplication@21a42985
----------------- Done invoking toplevel() on ptolemy.moml.MoMLSimpleApplication@21a42985
reloadAllAccessors: .PublisherSubscriber10InitialOutputs

===========================================================================================
----------------- testing Wed Mar 11 07:19:37 UTC 2020 /home/travis/build/icyphy/ptII/ptolemy/actor/lib/test/auto/PublisherSubscriber11.xml
----------------- Instantiating /home/travis/build/icyphy/ptII/ptolemy/actor/lib/test/auto/PublisherSubscriber11.xml
5 ms. Memory: 477184K Free: 374305K (78%)
----------------- Invoking toplevel() on ptolemy.moml.MoMLSimpleApplication@219bf56c
----------------- Done invoking toplevel() on ptolemy.moml.MoMLSimpleApplication@219bf56c
reloadAllAccessors: .PublisherSubscriber11

===========================================================================================
----------------- testing Wed Mar 11 07:19:37 UTC 2020 /home/travis/build/icyphy/ptII/ptolemy/actor/lib/test/auto/PublisherSubscriber12.xml
----------------- Instantiating /home/travis/build/icyphy/ptII/ptolemy/actor/lib/test/auto/PublisherSubscriber12.xml
3 ms. Memory: 477184K Free: 366625K (77%)
----------------- Invoking toplevel() on ptolemy.moml.MoMLSimpleApplication@1c5c404e
----------------- Done invoking toplevel() on ptolemy.moml.MoMLSimpleApplication@1c5c404e
reloadAllAccessors: .PublisherSubscriber12

===========================================================================================
----------------- testing Wed Mar 11 07:19:37 UTC 2020 /home/travis/build/icyphy/ptII/ptolemy/actor/lib/test/auto/PublisherSubscriber13.xml
----------------- Instantiating /home/travis/build/icyphy/ptII/ptolemy/actor/lib/test/auto/PublisherSubscriber13.xml
2 ms. Memory: 477184K Free: 360995K (76%)
----------------- Invoking toplevel() on ptolemy.moml.MoMLSimpleApplication@77572e17
----------------- Done invoking toplevel() on ptolemy.moml.MoMLSimpleApplication@77572e17
reloadAllAccessors: .PublisherSubscriber13

===========================================================================================
----------------- testing Wed Mar 11 07:19:37 UTC 2020 /home/travis/build/icyphy/ptII/ptolemy/actor/lib/test/auto/PublisherSubscriber14.xml
----------------- Instantiating /home/travis/build/icyphy/ptII/ptolemy/actor/lib/test/auto/PublisherSubscriber14.xml
1 ms. Memory: 477184K Free: 352289K (74%)
----------------- Invoking toplevel() on ptolemy.moml.MoMLSimpleApplication@544b0faf
----------------- Done invoking toplevel() on ptolemy.moml.MoMLSimpleApplication@544b0faf
reloadAllAccessors: .PublisherSubscriber14

===========================================================================================
----------------- testing Wed Mar 11 07:19:37 UTC 2020 /home/travis/build/icyphy/ptII/ptolemy/actor/lib/test/auto/PublisherSubscriber2.xml
----------------- Instantiating /home/travis/build/icyphy/ptII/ptolemy/actor/lib/test/auto/PublisherSubscriber2.xml
3 ms. Memory: 477184K Free: 346659K (73%)
----------------- Invoking toplevel() on ptolemy.moml.MoMLSimpleApplication@1f28b7f4
----------------- Done invoking toplevel() on ptolemy.moml.MoMLSimpleApplication@1f28b7f4
reloadAllAccessors: .PublisherSubscriber2

===========================================================================================
----------------- testing Wed Mar 11 07:19:38 UTC 2020 /home/travis/build/icyphy/ptII/ptolemy/actor/lib/test/auto/PublisherSubscriber3.xml
----------------- Instantiating /home/travis/build/icyphy/ptII/ptolemy/actor/lib/test/auto/PublisherSubscriber3.xml
2 ms. Memory: 477184K Free: 340995K (71%)
----------------- Invoking toplevel() on ptolemy.moml.MoMLSimpleApplication@7c63352d
----------------- Done invoking toplevel() on ptolemy.moml.MoMLSimpleApplication@7c63352d
reloadAllAccessors: .PublisherSubscriber3

===========================================================================================
----------------- testing Wed Mar 11 07:19:38 UTC 2020 /home/travis/build/icyphy/ptII/ptolemy/actor/lib/test/auto/PublisherSubscriber4.xml
----------------- Instantiating /home/travis/build/icyphy/ptII/ptolemy/actor/lib/test/auto/PublisherSubscriber4.xml
2 ms. Memory: 477184K Free: 335891K (70%)
----------------- Invoking toplevel() on ptolemy.moml.MoMLSimpleApplication@3065a26e
----------------- Done invoking toplevel() on ptolemy.moml.MoMLSimpleApplication@3065a26e
reloadAllAccessors: .PublisherSubscriber4

===========================================================================================
----------------- testing Wed Mar 11 07:19:38 UTC 2020 /home/travis/build/icyphy/ptII/ptolemy/actor/lib/test/auto/PublisherSubscriber5.xml
----------------- Instantiating /home/travis/build/icyphy/ptII/ptolemy/actor/lib/test/auto/PublisherSubscriber5.xml
2 ms. Memory: 477184K Free: 329251K (69%)
----------------- Invoking toplevel() on ptolemy.moml.MoMLSimpleApplication@39b96e5c
----------------- Done invoking toplevel() on ptolemy.moml.MoMLSimpleApplication@39b96e5c
reloadAllAccessors: .PublisherSubscriber5

===========================================================================================
----------------- testing Wed Mar 11 07:19:38 UTC 2020 /home/travis/build/icyphy/ptII/ptolemy/actor/lib/test/auto/PublisherSubscriber6.xml
----------------- Instantiating /home/travis/build/icyphy/ptII/ptolemy/actor/lib/test/auto/PublisherSubscriber6.xml
4 ms. Memory: 477184K Free: 322083K (67%)
----------------- Invoking toplevel() on ptolemy.moml.MoMLSimpleApplication@72d0e099
----------------- Done invoking toplevel() on ptolemy.moml.MoMLSimpleApplication@72d0e099
reloadAllAccessors: .PublisherSubscriber6

===========================================================================================
----------------- testing Wed Mar 11 07:19:38 UTC 2020 /home/travis/build/icyphy/ptII/ptolemy/actor/lib/test/auto/PublisherSubscriber7.xml
----------------- Instantiating /home/travis/build/icyphy/ptII/ptolemy/actor/lib/test/auto/PublisherSubscriber7.xml
7 ms. Memory: 477184K Free: 314915K (66%)
----------------- Invoking toplevel() on ptolemy.moml.MoMLSimpleApplication@4cf73281
----------------- Done invoking toplevel() on ptolemy.moml.MoMLSimpleApplication@4cf73281
reloadAllAccessors: .PublisherSubscriber7

===========================================================================================
----------------- testing Wed Mar 11 07:19:38 UTC 2020 /home/travis/build/icyphy/ptII/ptolemy/actor/lib/test/auto/PublisherSubscriber8.xml
----------------- Instantiating /home/travis/build/icyphy/ptII/ptolemy/actor/lib/test/auto/PublisherSubscriber8.xml
13 ms. Memory: 477184K Free: 303137K (64%)
----------------- Invoking toplevel() on ptolemy.moml.MoMLSimpleApplication@617c8f3f
----------------- Done invoking toplevel() on ptolemy.moml.MoMLSimpleApplication@617c8f3f
reloadAllAccessors: .PublisherSubscriber8

===========================================================================================
----------------- testing Wed Mar 11 07:19:38 UTC 2020 /home/travis/build/icyphy/ptII/ptolemy/actor/lib/test/auto/PublisherSubscriber9.xml
----------------- Instantiating /home/travis/build/icyphy/ptII/ptolemy/actor/lib/test/auto/PublisherSubscriber9.xml
2 ms. Memory: 477184K Free: 295969K (62%)
----------------- Invoking toplevel() on ptolemy.moml.MoMLSimpleApplication@a677bbf
----------------- Done invoking toplevel() on ptolemy.moml.MoMLSimpleApplication@a677bbf
reloadAllAccessors: .PublisherSubscriber9

===========================================================================================
----------------- testing Wed Mar 11 07:19:38 UTC 2020 /home/travis/build/icyphy/ptII/ptolemy/actor/lib/test/auto/PublisherSubscriberAdjacent.xml
----------------- Instantiating /home/travis/build/icyphy/ptII/ptolemy/actor/lib/test/auto/PublisherSubscriberAdjacent.xml
2 ms. Memory: 477184K Free: 287777K (60%)
----------------- Invoking toplevel() on ptolemy.moml.MoMLSimpleApplication@7e880d44
----------------- Done invoking toplevel() on ptolemy.moml.MoMLSimpleApplication@7e880d44
reloadAllAccessors: .PublisherSubscriberAdjacent

===========================================================================================
----------------- testing Wed Mar 11 07:19:38 UTC 2020 /home/travis/build/icyphy/ptII/ptolemy/actor/lib/test/auto/PublisherSubscriberChannelVariablesAOC2.xml
----------------- Instantiating /home/travis/build/icyphy/ptII/ptolemy/actor/lib/test/auto/PublisherSubscriberChannelVariablesAOC2.xml
3 ms. Memory: 477184K Free: 273427K (57%)
----------------- Invoking toplevel() on ptolemy.moml.MoMLSimpleApplication@5d926b57
----------------- Done invoking toplevel() on ptolemy.moml.MoMLSimpleApplication@5d926b57
reloadAllAccessors: .PublisherSubscriberChannelVariablesAOC2

===========================================================================================
----------------- testing Wed Mar 11 07:19:38 UTC 2020 /home/travis/build/icyphy/ptII/ptolemy/actor/lib/test/auto/PublisherSubscriberD3.xml
----------------- Instantiating /home/travis/build/icyphy/ptII/ptolemy/actor/lib/test/auto/PublisherSubscriberD3.xml
2 ms. Memory: 477184K Free: 265763K (56%)
----------------- Invoking toplevel() on ptolemy.moml.MoMLSimpleApplication@1862aa7e
----------------- Done invoking toplevel() on ptolemy.moml.MoMLSimpleApplication@1862aa7e
reloadAllAccessors: .PublisherSubscriberD3

===========================================================================================
----------------- testing Wed Mar 11 07:19:38 UTC 2020 /home/travis/build/icyphy/ptII/ptolemy/actor/lib/test/auto/PublisherSubscriberD3Reverse.xml
----------------- Instantiating /home/travis/build/icyphy/ptII/ptolemy/actor/lib/test/auto/PublisherSubscriberD3Reverse.xml
1 ms. Memory: 477184K Free: 259619K (54%)
----------------- Invoking toplevel() on ptolemy.moml.MoMLSimpleApplication@1997f563
----------------- Done invoking toplevel() on ptolemy.moml.MoMLSimpleApplication@1997f563
reloadAllAccessors: .PublisherSubscriberD3Reverse

===========================================================================================
----------------- testing Wed Mar 11 07:19:38 UTC 2020 /home/travis/build/icyphy/ptII/ptolemy/actor/lib/test/auto/PublisherSubscriberExpression.xml
----------------- Instantiating /home/travis/build/icyphy/ptII/ptolemy/actor/lib/test/auto/PublisherSubscriberExpression.xml
14 ms. Memory: 477184K Free: 250883K (53%)
----------------- Invoking toplevel() on ptolemy.moml.MoMLSimpleApplication@2a424489
----------------- Done invoking toplevel() on ptolemy.moml.MoMLSimpleApplication@2a424489
reloadAllAccessors: .PublisherSubscriberExpression

===========================================================================================
----------------- testing Wed Mar 11 07:19:38 UTC 2020 /home/travis/build/icyphy/ptII/ptolemy/actor/lib/test/auto/PublisherSubscriberOpaque.xml
----------------- Instantiating /home/travis/build/icyphy/ptII/ptolemy/actor/lib/test/auto/PublisherSubscriberOpaque.xml
3 ms. Memory: 477184K Free: 242721K (51%)
----------------- Invoking toplevel() on ptolemy.moml.MoMLSimpleApplication@6749bf66
----------------- Done invoking toplevel() on ptolemy.moml.MoMLSimpleApplication@6749bf66
reloadAllAccessors: .PublisherSubscriberOpaque

===========================================================================================
----------------- testing Wed Mar 11 07:19:38 UTC 2020 /home/travis/build/icyphy/ptII/ptolemy/actor/lib/test/auto/PublisherSubscriberOpaqueD3.xml
----------------- Instantiating /home/travis/build/icyphy/ptII/ptolemy/actor/lib/test/auto/PublisherSubscriberOpaqueD3.xml
5 ms. Memory: 477184K Free: 231457K (49%)
----------------- Invoking toplevel() on ptolemy.moml.MoMLSimpleApplication@1149378c
----------------- Done invoking toplevel() on ptolemy.moml.MoMLSimpleApplication@1149378c
reloadAllAccessors: .PublisherSubscriberOpaqueD3

===========================================================================================
----------------- testing Wed Mar 11 07:19:38 UTC 2020 /home/travis/build/icyphy/ptII/ptolemy/actor/lib/test/auto/PublisherSubscriberOpaqueD3Reverse.xml
----------------- Instantiating /home/travis/build/icyphy/ptII/ptolemy/actor/lib/test/auto/PublisherSubscriberOpaqueD3Reverse.xml
6 ms. Memory: 477184K Free: 220193K (46%)
----------------- Invoking toplevel() on ptolemy.moml.MoMLSimpleApplication@3b2da979
----------------- Done invoking toplevel() on ptolemy.moml.MoMLSimpleApplication@3b2da979
reloadAllAccessors: .PublisherSubscriberOpaqueD3Reverse

===========================================================================================
----------------- testing Wed Mar 11 07:19:38 UTC 2020 /home/travis/build/icyphy/ptII/ptolemy/actor/lib/test/auto/PublisherSubscriberOpaqueWidthInference.xml
----------------- Instantiating /home/travis/build/icyphy/ptII/ptolemy/actor/lib/test/auto/PublisherSubscriberOpaqueWidthInference.xml
4 ms. Memory: 477184K Free: 211987K (44%)
----------------- Invoking toplevel() on ptolemy.moml.MoMLSimpleApplication@1db93b53
----------------- Done invoking toplevel() on ptolemy.moml.MoMLSimpleApplication@1db93b53
reloadAllAccessors: .PublisherSubscriberOpaqueWidthInference

===========================================================================================
----------------- testing Wed Mar 11 07:19:38 UTC 2020 /home/travis/build/icyphy/ptII/ptolemy/actor/lib/test/auto/PublisherTestSubscriber.xml
----------------- Instantiating /home/travis/build/icyphy/ptII/ptolemy/actor/lib/test/auto/PublisherTestSubscriber.xml
2 ms. Memory: 477184K Free: 204323K (43%)
----------------- Invoking toplevel() on ptolemy.moml.MoMLSimpleApplication@718d048
----------------- Done invoking toplevel() on ptolemy.moml.MoMLSimpleApplication@718d048
reloadAllAccessors: .PublisherTestSubscriber

===========================================================================================
----------------- testing Wed Mar 11 07:19:38 UTC 2020 /home/travis/build/icyphy/ptII/ptolemy/actor/lib/test/auto/PublisherToplevelSubscriberPortAOC.xml
----------------- Instantiating /home/travis/build/icyphy/ptII/ptolemy/actor/lib/test/auto/PublisherToplevelSubscriberPortAOC.xml
1 ms. Memory: 477184K Free: 198179K (42%)
----------------- Invoking toplevel() on ptolemy.moml.MoMLSimpleApplication@65ecb429
----------------- Done invoking toplevel() on ptolemy.moml.MoMLSimpleApplication@65ecb429
reloadAllAccessors: .PublisherToplevelSubscriberPortAOC

===========================================================================================
----------------- testing Wed Mar 11 07:19:38 UTC 2020 /home/travis/build/icyphy/ptII/ptolemy/actor/lib/test/auto/PulseFiringLimitDE.xml
----------------- Instantiating /home/travis/build/icyphy/ptII/ptolemy/actor/lib/test/auto/PulseFiringLimitDE.xml
2 ms. Memory: 477184K Free: 192035K (40%)
----------------- Invoking toplevel() on ptolemy.moml.MoMLSimpleApplication@27ecfa24
----------------- Done invoking toplevel() on ptolemy.moml.MoMLSimpleApplication@27ecfa24
reloadAllAccessors: .PulseFiringLimitDE

===========================================================================================
----------------- testing Wed Mar 11 07:19:38 UTC 2020 /home/travis/build/icyphy/ptII/ptolemy/actor/lib/test/auto/Ramp1.xml
----------------- Instantiating /home/travis/build/icyphy/ptII/ptolemy/actor/lib/test/auto/Ramp1.xml
1 ms. Memory: 477184K Free: 187411K (39%)
----------------- Invoking toplevel() on ptolemy.moml.MoMLSimpleApplication@fa418dc
----------------- Done invoking toplevel() on ptolemy.moml.MoMLSimpleApplication@fa418dc
reloadAllAccessors: .Ramp1

===========================================================================================
----------------- testing Wed Mar 11 07:19:38 UTC 2020 /home/travis/build/icyphy/ptII/ptolemy/actor/lib/test/auto/RampFiringLimitDE.xml
----------------- Instantiating /home/travis/build/icyphy/ptII/ptolemy/actor/lib/test/auto/RampFiringLimitDE.xml
2 ms. Memory: 477184K Free: 181267K (38%)
----------------- Invoking toplevel() on ptolemy.moml.MoMLSimpleApplication@44ebcad5
----------------- Done invoking toplevel() on ptolemy.moml.MoMLSimpleApplication@44ebcad5
reloadAllAccessors: .RampFiringLimitDE

===========================================================================================
----------------- testing Wed Mar 11 07:19:38 UTC 2020 /home/travis/build/icyphy/ptII/ptolemy/actor/lib/test/auto/RampFiringLimitSDF.xml
----------------- Instantiating /home/travis/build/icyphy/ptII/ptolemy/actor/lib/test/auto/RampFiringLimitSDF.xml
2 ms. Memory: 477184K Free: 176147K (37%)
----------------- Invoking toplevel() on ptolemy.moml.MoMLSimpleApplication@73b8827d
----------------- Done invoking toplevel() on ptolemy.moml.MoMLSimpleApplication@73b8827d
reloadAllAccessors: .RampFiringLimitSDF

===========================================================================================
----------------- testing Wed Mar 11 07:19:38 UTC 2020 /home/travis/build/icyphy/ptII/ptolemy/actor/lib/test/auto/RandomInteger.xml
----------------- Instantiating /home/travis/build/icyphy/ptII/ptolemy/actor/lib/test/auto/RandomInteger.xml
1 ms. Memory: 477184K Free: 172065K (36%)
----------------- Invoking toplevel() on ptolemy.moml.MoMLSimpleApplication@692229e1
----------------- Done invoking toplevel() on ptolemy.moml.MoMLSimpleApplication@692229e1
reloadAllAccessors: .RandomInteger

===========================================================================================
----------------- testing Wed Mar 11 07:19:38 UTC 2020 /home/travis/build/icyphy/ptII/ptolemy/actor/lib/test/auto/ReadFile1.xml
----------------- Instantiating /home/travis/build/icyphy/ptII/ptolemy/actor/lib/test/auto/ReadFile1.xml
1 ms. Memory: 477184K Free: 167459K (35%)
----------------- Invoking toplevel() on ptolemy.moml.MoMLSimpleApplication@77a5f17a
----------------- Done invoking toplevel() on ptolemy.moml.MoMLSimpleApplication@77a5f17a
reloadAllAccessors: .ReadFile1

===========================================================================================
----------------- testing Wed Mar 11 07:19:38 UTC 2020 /home/travis/build/icyphy/ptII/ptolemy/actor/lib/test/auto/ReadFile2.xml
----------------- Instantiating /home/travis/build/icyphy/ptII/ptolemy/actor/lib/test/auto/ReadFile2.xml
1 ms. Memory: 477184K Free: 162849K (34%)
----------------- Invoking toplevel() on ptolemy.moml.MoMLSimpleApplication@34f9b6c6
----------------- Done invoking toplevel() on ptolemy.moml.MoMLSimpleApplication@34f9b6c6
reloadAllAccessors: .ReadFile2

===========================================================================================
----------------- testing Wed Mar 11 07:19:38 UTC 2020 /home/travis/build/icyphy/ptII/ptolemy/actor/lib/test/auto/Reader.xml
----------------- Instantiating /home/travis/build/icyphy/ptII/ptolemy/actor/lib/test/auto/Reader.xml
actor.lib.Reader is obsolete, use actor.lib.io.ExpressionReader instead
4 ms. Memory: 477184K Free: 158753K (33%)
----------------- Invoking toplevel() on ptolemy.moml.MoMLSimpleApplication@4054b38e
----------------- Done invoking toplevel() on ptolemy.moml.MoMLSimpleApplication@4054b38e
reloadAllAccessors: .Reader

===========================================================================================
----------------- testing Wed Mar 11 07:19:38 UTC 2020 /home/travis/build/icyphy/ptII/ptolemy/actor/lib/test/auto/RecordAssemblerDisplayNameTest.xml
----------------- Instantiating /home/travis/build/icyphy/ptII/ptolemy/actor/lib/test/auto/RecordAssemblerDisplayNameTest.xml
3145 ms. Memory: 477184K Free: 358839K (75%)
----------------- Invoking toplevel() on ptolemy.moml.MoMLSimpleApplication@21af6fcc
----------------- Done invoking toplevel() on ptolemy.moml.MoMLSimpleApplication@21af6fcc
reloadAllAccessors: .RecordAssemblerDisplayNameTest

===========================================================================================
----------------- testing Wed Mar 11 07:19:41 UTC 2020 /home/travis/build/icyphy/ptII/ptolemy/actor/lib/test/auto/RecordAssemblerTypeError.xml
----------------- Instantiating /home/travis/build/icyphy/ptII/ptolemy/actor/lib/test/auto/RecordAssemblerTypeError.xml
17 ms. Memory: 477184K Free: 349109K (73%)
----------------- Invoking toplevel() on ptolemy.moml.MoMLSimpleApplication@1de03797
----------------- Done invoking toplevel() on ptolemy.moml.MoMLSimpleApplication@1de03797
reloadAllAccessors: .RecordAssemblerTypeError

===========================================================================================
----------------- testing Wed Mar 11 07:19:41 UTC 2020 /home/travis/build/icyphy/ptII/ptolemy/actor/lib/test/auto/RecordDisassember.xml
----------------- Instantiating /home/travis/build/icyphy/ptII/ptolemy/actor/lib/test/auto/RecordDisassember.xml
9 ms. Memory: 477184K Free: 343982K (72%)
----------------- Invoking toplevel() on ptolemy.moml.MoMLSimpleApplication@531b0e03
----------------- Done invoking toplevel() on ptolemy.moml.MoMLSimpleApplication@531b0e03
reloadAllAccessors: .RecordDisassember

===========================================================================================
----------------- testing Wed Mar 11 07:19:41 UTC 2020 /home/travis/build/icyphy/ptII/ptolemy/actor/lib/test/auto/RecordDisassemberDisplayNameTest.xml
----------------- Instantiating /home/travis/build/icyphy/ptII/ptolemy/actor/lib/test/auto/RecordDisassemberDisplayNameTest.xml
9 ms. Memory: 477184K Free: 336311K (70%)
----------------- Invoking toplevel() on ptolemy.moml.MoMLSimpleApplication@116e6db
----------------- Done invoking toplevel() on ptolemy.moml.MoMLSimpleApplication@116e6db
reloadAllAccessors: .RecordDisassemberDisplayNameTest

===========================================================================================
----------------- testing Wed Mar 11 07:19:41 UTC 2020 /home/travis/build/icyphy/ptII/ptolemy/actor/lib/test/auto/RecordDisassembler.xml
----------------- Instantiating /home/travis/build/icyphy/ptII/ptolemy/actor/lib/test/auto/RecordDisassembler.xml
3 ms. Memory: 477184K Free: 331191K (69%)
----------------- Invoking toplevel() on ptolemy.moml.MoMLSimpleApplication@441198bd
----------------- Done invoking toplevel() on ptolemy.moml.MoMLSimpleApplication@441198bd
reloadAllAccessors: .RecordDisassembler

===========================================================================================
----------------- testing Wed Mar 11 07:19:41 UTC 2020 /home/travis/build/icyphy/ptII/ptolemy/actor/lib/test/auto/RecordDisassembler2.xml
----------------- Instantiating /home/travis/build/icyphy/ptII/ptolemy/actor/lib/test/auto/RecordDisassembler2.xml
2 ms. Memory: 477184K Free: 326071K (68%)
----------------- Invoking toplevel() on ptolemy.moml.MoMLSimpleApplication@2083d7f7
----------------- Done invoking toplevel() on ptolemy.moml.MoMLSimpleApplication@2083d7f7
reloadAllAccessors: .RecordDisassembler2

===========================================================================================
----------------- testing Wed Mar 11 07:19:41 UTC 2020 /home/travis/build/icyphy/ptII/ptolemy/actor/lib/test/auto/RecordUpdater.xml
----------------- Instantiating /home/travis/build/icyphy/ptII/ptolemy/actor/lib/test/auto/RecordUpdater.xml
2 ms. Memory: 477184K Free: 320951K (67%)
----------------- Invoking toplevel() on ptolemy.moml.MoMLSimpleApplication@67208628
----------------- Done invoking toplevel() on ptolemy.moml.MoMLSimpleApplication@67208628
reloadAllAccessors: .RecordUpdater

===========================================================================================
----------------- testing Wed Mar 11 07:19:41 UTC 2020 /home/travis/build/icyphy/ptII/ptolemy/actor/lib/test/auto/RecordUpdater2.xml
----------------- Instantiating /home/travis/build/icyphy/ptII/ptolemy/actor/lib/test/auto/RecordUpdater2.xml
4 ms. Memory: 477184K Free: 315317K (66%)
----------------- Invoking toplevel() on ptolemy.moml.MoMLSimpleApplication@18c114e1
----------------- Done invoking toplevel() on ptolemy.moml.MoMLSimpleApplication@18c114e1
reloadAllAccessors: .RecordUpdater2

===========================================================================================
----------------- testing Wed Mar 11 07:19:41 UTC 2020 /home/travis/build/icyphy/ptII/ptolemy/actor/lib/test/auto/RecursiveLattice.xml
----------------- Instantiating /home/travis/build/icyphy/ptII/ptolemy/actor/lib/test/auto/RecursiveLattice.xml
2 ms. Memory: 477184K Free: 311190K (65%)
----------------- Invoking toplevel() on ptolemy.moml.MoMLSimpleApplication@7bda64f2
----------------- Done invoking toplevel() on ptolemy.moml.MoMLSimpleApplication@7bda64f2
reloadAllAccessors: .RecursiveLattice

===========================================================================================
----------------- testing Wed Mar 11 07:19:41 UTC 2020 /home/travis/build/icyphy/ptII/ptolemy/actor/lib/test/auto/Router.xml
----------------- Instantiating /home/travis/build/icyphy/ptII/ptolemy/actor/lib/test/auto/Router.xml
3005 ms. Memory: 477184K Free: 300981K (63%)
----------------- Invoking toplevel() on ptolemy.moml.MoMLSimpleApplication@4bb85263
----------------- Done invoking toplevel() on ptolemy.moml.MoMLSimpleApplication@4bb85263
reloadAllAccessors: .Router

===========================================================================================
----------------- testing Wed Mar 11 07:19:44 UTC 2020 /home/travis/build/icyphy/ptII/ptolemy/actor/lib/test/auto/Router2.xml
----------------- Instantiating /home/travis/build/icyphy/ptII/ptolemy/actor/lib/test/auto/Router2.xml
3004 ms. Memory: 477184K Free: 289717K (61%)
----------------- Invoking toplevel() on ptolemy.moml.MoMLSimpleApplication@67b9c8bd
----------------- Done invoking toplevel() on ptolemy.moml.MoMLSimpleApplication@67b9c8bd
reloadAllAccessors: .Router2

===========================================================================================
----------------- testing Wed Mar 11 07:19:47 UTC 2020 /home/travis/build/icyphy/ptII/ptolemy/actor/lib/test/auto/RunningMaximum.xml
----------------- Instantiating /home/travis/build/icyphy/ptII/ptolemy/actor/lib/test/auto/RunningMaximum.xml
1 ms. Memory: 477184K Free: 284597K (60%)
----------------- Invoking toplevel() on ptolemy.moml.MoMLSimpleApplication@45c176d0
----------------- Done invoking toplevel() on ptolemy.moml.MoMLSimpleApplication@45c176d0
reloadAllAccessors: .RunningMaximum

===========================================================================================
----------------- testing Wed Mar 11 07:19:47 UTC 2020 /home/travis/build/icyphy/ptII/ptolemy/actor/lib/test/auto/RunningMinimum.xml
----------------- Instantiating /home/travis/build/icyphy/ptII/ptolemy/actor/lib/test/auto/RunningMinimum.xml
9 ms. Memory: 477184K Free: 279991K (59%)
----------------- Invoking toplevel() on ptolemy.moml.MoMLSimpleApplication@1c8a98e1
----------------- Done invoking toplevel() on ptolemy.moml.MoMLSimpleApplication@1c8a98e1
reloadAllAccessors: .RunningMinimum

===========================================================================================
----------------- testing Wed Mar 11 07:19:47 UTC 2020 /home/travis/build/icyphy/ptII/ptolemy/actor/lib/test/auto/Scale.xml
----------------- Instantiating /home/travis/build/icyphy/ptII/ptolemy/actor/lib/test/auto/Scale.xml
1 ms. Memory: 477184K Free: 275381K (58%)
----------------- Invoking toplevel() on ptolemy.moml.MoMLSimpleApplication@152ea60f
----------------- Done invoking toplevel() on ptolemy.moml.MoMLSimpleApplication@152ea60f
reloadAllAccessors: .Scale

===========================================================================================
----------------- testing Wed Mar 11 07:19:47 UTC 2020 /home/travis/build/icyphy/ptII/ptolemy/actor/lib/test/auto/Scale2.xml
----------------- Instantiating /home/travis/build/icyphy/ptII/ptolemy/actor/lib/test/auto/Scale2.xml
1 ms. Memory: 477184K Free: 270775K (57%)
----------------- Invoking toplevel() on ptolemy.moml.MoMLSimpleApplication@7f54928e
----------------- Done invoking toplevel() on ptolemy.moml.MoMLSimpleApplication@7f54928e
reloadAllAccessors: .Scale2

===========================================================================================
----------------- testing Wed Mar 11 07:19:47 UTC 2020 /home/travis/build/icyphy/ptII/ptolemy/actor/lib/test/auto/Scale3.xml
----------------- Instantiating /home/travis/build/icyphy/ptII/ptolemy/actor/lib/test/auto/Scale3.xml
7 ms. Memory: 477184K Free: 264117K (55%)
----------------- Invoking toplevel() on ptolemy.moml.MoMLSimpleApplication@461b367d
----------------- Done invoking toplevel() on ptolemy.moml.MoMLSimpleApplication@461b367d
reloadAllAccessors: .Scale3

===========================================================================================
----------------- testing Wed Mar 11 07:19:47 UTC 2020 /home/travis/build/icyphy/ptII/ptolemy/actor/lib/test/auto/ScaleArray.xml
----------------- Instantiating /home/travis/build/icyphy/ptII/ptolemy/actor/lib/test/auto/ScaleArray.xml
2 ms. Memory: 477184K Free: 259511K (54%)
----------------- Invoking toplevel() on ptolemy.moml.MoMLSimpleApplication@58d8d82a
----------------- Done invoking toplevel() on ptolemy.moml.MoMLSimpleApplication@58d8d82a
reloadAllAccessors: .ScaleArray

===========================================================================================
----------------- testing Wed Mar 11 07:19:47 UTC 2020 /home/travis/build/icyphy/ptII/ptolemy/actor/lib/test/auto/ScaleArray2.xml
----------------- Instantiating /home/travis/build/icyphy/ptII/ptolemy/actor/lib/test/auto/ScaleArray2.xml
1 ms. Memory: 477184K Free: 254901K (53%)
----------------- Invoking toplevel() on ptolemy.moml.MoMLSimpleApplication@6feb68e6
----------------- Done invoking toplevel() on ptolemy.moml.MoMLSimpleApplication@6feb68e6
reloadAllAccessors: .ScaleArray2

===========================================================================================
----------------- testing Wed Mar 11 07:19:47 UTC 2020 /home/travis/build/icyphy/ptII/ptolemy/actor/lib/test/auto/ScaleMatrix.xml
----------------- Instantiating /home/travis/build/icyphy/ptII/ptolemy/actor/lib/test/auto/ScaleMatrix.xml
136 ms. Memory: 477184K Free: 240565K (50%)
----------------- Invoking toplevel() on ptolemy.moml.MoMLSimpleApplication@21449a3e
----------------- Done invoking toplevel() on ptolemy.moml.MoMLSimpleApplication@21449a3e
reloadAllAccessors: .ScaleMatrix

===========================================================================================
----------------- testing Wed Mar 11 07:19:48 UTC 2020 /home/travis/build/icyphy/ptII/ptolemy/actor/lib/test/auto/Select.xml
----------------- Instantiating /home/travis/build/icyphy/ptII/ptolemy/actor/lib/test/auto/Select.xml
2 ms. Memory: 477184K Free: 234406K (49%)
----------------- Invoking toplevel() on ptolemy.moml.MoMLSimpleApplication@5dd51b5d
----------------- Done invoking toplevel() on ptolemy.moml.MoMLSimpleApplication@5dd51b5d
reloadAllAccessors: .Select

===========================================================================================
----------------- testing Wed Mar 11 07:19:48 UTC 2020 /home/travis/build/icyphy/ptII/ptolemy/actor/lib/test/auto/Select2.xml
----------------- Instantiating /home/travis/build/icyphy/ptII/ptolemy/actor/lib/test/auto/Select2.xml
1 ms. Memory: 477184K Free: 229815K (48%)
----------------- Invoking toplevel() on ptolemy.moml.MoMLSimpleApplication@2c7a99ea
----------------- Done invoking toplevel() on ptolemy.moml.MoMLSimpleApplication@2c7a99ea
reloadAllAccessors: .Select2

===========================================================================================
----------------- testing Wed Mar 11 07:19:48 UTC 2020 /home/travis/build/icyphy/ptII/ptolemy/actor/lib/test/auto/SequenceToArray2.xml
----------------- Instantiating /home/travis/build/icyphy/ptII/ptolemy/actor/lib/test/auto/SequenceToArray2.xml
107 ms. Memory: 477184K Free: 205734K (43%)
----------------- Invoking toplevel() on ptolemy.moml.MoMLSimpleApplication@25fba0c5
----------------- Done invoking toplevel() on ptolemy.moml.MoMLSimpleApplication@25fba0c5
reloadAllAccessors: .SequenceToArray2

===========================================================================================
----------------- testing Wed Mar 11 07:19:48 UTC 2020 /home/travis/build/icyphy/ptII/ptolemy/actor/lib/test/auto/SequentialClock.xml
----------------- Instantiating /home/travis/build/icyphy/ptII/ptolemy/actor/lib/test/auto/SequentialClock.xml
1 ms. Memory: 477184K Free: 201143K (42%)
----------------- Invoking toplevel() on ptolemy.moml.MoMLSimpleApplication@5f640e06
----------------- Done invoking toplevel() on ptolemy.moml.MoMLSimpleApplication@5f640e06
reloadAllAccessors: .SequentialClock

===========================================================================================
----------------- testing Wed Mar 11 07:19:48 UTC 2020 /home/travis/build/icyphy/ptII/ptolemy/actor/lib/test/auto/SetVariable.xml
----------------- Instantiating /home/travis/build/icyphy/ptII/ptolemy/actor/lib/test/auto/SetVariable.xml
3 ms. Memory: 477184K Free: 196533K (41%)
----------------- Invoking toplevel() on ptolemy.moml.MoMLSimpleApplication@173ed8e2
----------------- Done invoking toplevel() on ptolemy.moml.MoMLSimpleApplication@173ed8e2
reloadAllAccessors: .SetVariable

===========================================================================================
----------------- testing Wed Mar 11 07:19:48 UTC 2020 /home/travis/build/icyphy/ptII/ptolemy/actor/lib/test/auto/SetVariable2.xml
----------------- Instantiating /home/travis/build/icyphy/ptII/ptolemy/actor/lib/test/auto/SetVariable2.xml
3 ms. Memory: 477184K Free: 191413K (40%)
----------------- Invoking toplevel() on ptolemy.moml.MoMLSimpleApplication@78fe44f8
----------------- Done invoking toplevel() on ptolemy.moml.MoMLSimpleApplication@78fe44f8
reloadAllAccessors: .SetVariable2

===========================================================================================
----------------- testing Wed Mar 11 07:19:48 UTC 2020 /home/travis/build/icyphy/ptII/ptolemy/actor/lib/test/auto/SetVariable3.xml
----------------- Instantiating /home/travis/build/icyphy/ptII/ptolemy/actor/lib/test/auto/SetVariable3.xml
6 ms. Memory: 477184K Free: 185783K (39%)
----------------- Invoking toplevel() on ptolemy.moml.MoMLSimpleApplication@7726e835
----------------- Done invoking toplevel() on ptolemy.moml.MoMLSimpleApplication@7726e835
reloadAllAccessors: .SetVariable3

===========================================================================================
----------------- testing Wed Mar 11 07:19:48 UTC 2020 /home/travis/build/icyphy/ptII/ptolemy/actor/lib/test/auto/SetVariable4.xml
----------------- Instantiating /home/travis/build/icyphy/ptII/ptolemy/actor/lib/test/auto/SetVariable4.xml
14 ms. Memory: 477184K Free: 176567K (37%)
----------------- Invoking toplevel() on ptolemy.moml.MoMLSimpleApplication@782ab7e3
----------------- Done invoking toplevel() on ptolemy.moml.MoMLSimpleApplication@782ab7e3
reloadAllAccessors: .SetVariable4

===========================================================================================
----------------- testing Wed Mar 11 07:19:48 UTC 2020 /home/travis/build/icyphy/ptII/ptolemy/actor/lib/test/auto/SetVariable5.xml
----------------- Instantiating /home/travis/build/icyphy/ptII/ptolemy/actor/lib/test/auto/SetVariable5.xml
17 ms. Memory: 477184K Free: 167351K (35%)
----------------- Invoking toplevel() on ptolemy.moml.MoMLSimpleApplication@565701e5
----------------- Done invoking toplevel() on ptolemy.moml.MoMLSimpleApplication@565701e5
reloadAllAccessors: .SetVariable5

===========================================================================================
----------------- testing Wed Mar 11 07:19:48 UTC 2020 /home/travis/build/icyphy/ptII/ptolemy/actor/lib/test/auto/Sinewave.xml
----------------- Instantiating /home/travis/build/icyphy/ptII/ptolemy/actor/lib/test/auto/Sinewave.xml
6 ms. Memory: 477184K Free: 156597K (33%)
----------------- Invoking toplevel() on ptolemy.moml.MoMLSimpleApplication@14095df4
----------------- Done invoking toplevel() on ptolemy.moml.MoMLSimpleApplication@14095df4
reloadAllAccessors: .Sinewave

===========================================================================================
----------------- testing Wed Mar 11 07:19:48 UTC 2020 /home/travis/build/icyphy/ptII/ptolemy/actor/lib/test/auto/Sinewave2.xml
----------------- Instantiating /home/travis/build/icyphy/ptII/ptolemy/actor/lib/test/auto/Sinewave2.xml
4 ms. Memory: 477184K Free: 147895K (31%)
----------------- Invoking toplevel() on ptolemy.moml.MoMLSimpleApplication@d9a9570
----------------- Done invoking toplevel() on ptolemy.moml.MoMLSimpleApplication@d9a9570
reloadAllAccessors: .Sinewave2

===========================================================================================
----------------- testing Wed Mar 11 07:19:48 UTC 2020 /home/travis/build/icyphy/ptII/ptolemy/actor/lib/test/auto/Sinewave3.xml
----------------- Instantiating /home/travis/build/icyphy/ptII/ptolemy/actor/lib/test/auto/Sinewave3.xml
6 ms. Memory: 477184K Free: 419252K (88%)
----------------- Invoking toplevel() on ptolemy.moml.MoMLSimpleApplication@24f3be19
----------------- Done invoking toplevel() on ptolemy.moml.MoMLSimpleApplication@24f3be19
reloadAllAccessors: .Sinewave3

===========================================================================================
----------------- testing Wed Mar 11 07:19:48 UTC 2020 /home/travis/build/icyphy/ptII/ptolemy/actor/lib/test/auto/SingleEvent.xml
----------------- Instantiating /home/travis/build/icyphy/ptII/ptolemy/actor/lib/test/auto/SingleEvent.xml
1 ms. Memory: 477184K Free: 414642K (87%)
----------------- Invoking toplevel() on ptolemy.moml.MoMLSimpleApplication@d02df9
----------------- Done invoking toplevel() on ptolemy.moml.MoMLSimpleApplication@d02df9
reloadAllAccessors: .SingleEvent

===========================================================================================
----------------- testing Wed Mar 11 07:19:48 UTC 2020 /home/travis/build/icyphy/ptII/ptolemy/actor/lib/test/auto/Sleep.xml
----------------- Instantiating /home/travis/build/icyphy/ptII/ptolemy/actor/lib/test/auto/Sleep.xml
6003 ms. Memory: 477184K Free: 409012K (86%)
----------------- Invoking toplevel() on ptolemy.moml.MoMLSimpleApplication@203b6f0d
----------------- Done invoking toplevel() on ptolemy.moml.MoMLSimpleApplication@203b6f0d
reloadAllAccessors: .Sleep

===========================================================================================
----------------- testing Wed Mar 11 07:19:54 UTC 2020 /home/travis/build/icyphy/ptII/ptolemy/actor/lib/test/auto/SleepMultipleFire.xml
----------------- Instantiating /home/travis/build/icyphy/ptII/ptolemy/actor/lib/test/auto/SleepMultipleFire.xml
1004 ms. Memory: 477184K Free: 403378K (85%)
----------------- Invoking toplevel() on ptolemy.moml.MoMLSimpleApplication@21a067ba
----------------- Done invoking toplevel() on ptolemy.moml.MoMLSimpleApplication@21a067ba
reloadAllAccessors: .SleepMultipleFire

===========================================================================================
----------------- testing Wed Mar 11 07:19:55 UTC 2020 /home/travis/build/icyphy/ptII/ptolemy/actor/lib/test/auto/StopDE.xml
----------------- Instantiating /home/travis/build/icyphy/ptII/ptolemy/actor/lib/test/auto/StopDE.xml
3 ms. Memory: 477184K Free: 397234K (83%)
----------------- Invoking toplevel() on ptolemy.moml.MoMLSimpleApplication@5b54fc3e
----------------- Done invoking toplevel() on ptolemy.moml.MoMLSimpleApplication@5b54fc3e
reloadAllAccessors: .StopDE

===========================================================================================
----------------- testing Wed Mar 11 07:19:55 UTC 2020 /home/travis/build/icyphy/ptII/ptolemy/actor/lib/test/auto/StopSDF.xml
----------------- Instantiating /home/travis/build/icyphy/ptII/ptolemy/actor/lib/test/auto/StopSDF.xml
3 ms. Memory: 477184K Free: 392114K (82%)
----------------- Invoking toplevel() on ptolemy.moml.MoMLSimpleApplication@15fcff14
----------------- Done invoking toplevel() on ptolemy.moml.MoMLSimpleApplication@15fcff14
reloadAllAccessors: .StopSDF

===========================================================================================
----------------- testing Wed Mar 11 07:19:55 UTC 2020 /home/travis/build/icyphy/ptII/ptolemy/actor/lib/test/auto/StringConstant.xml
----------------- Instantiating /home/travis/build/icyphy/ptII/ptolemy/actor/lib/test/auto/StringConstant.xml
8 ms. Memory: 477184K Free: 388015K (81%)
----------------- Invoking toplevel() on ptolemy.moml.MoMLSimpleApplication@50064458
----------------- Done invoking toplevel() on ptolemy.moml.MoMLSimpleApplication@50064458
reloadAllAccessors: .StringConstant

===========================================================================================
----------------- testing Wed Mar 11 07:19:55 UTC 2020 /home/travis/build/icyphy/ptII/ptolemy/actor/lib/test/auto/SubscriberPortInitialValues1.xml
----------------- Instantiating /home/travis/build/icyphy/ptII/ptolemy/actor/lib/test/auto/SubscriberPortInitialValues1.xml
7 ms. Memory: 477184K Free: 378802K (79%)
----------------- Invoking toplevel() on ptolemy.moml.MoMLSimpleApplication@4b30c89b
----------------- Done invoking toplevel() on ptolemy.moml.MoMLSimpleApplication@4b30c89b
reloadAllAccessors: .SubscriberPortInitialValues1

===========================================================================================
----------------- testing Wed Mar 11 07:19:55 UTC 2020 /home/travis/build/icyphy/ptII/ptolemy/actor/lib/test/auto/SubscriberPortInitialValues13.xml
----------------- Instantiating /home/travis/build/icyphy/ptII/ptolemy/actor/lib/test/auto/SubscriberPortInitialValues13.xml
6 ms. Memory: 477184K Free: 365490K (77%)
----------------- Invoking toplevel() on ptolemy.moml.MoMLSimpleApplication@1ac130a6
----------------- Done invoking toplevel() on ptolemy.moml.MoMLSimpleApplication@1ac130a6
reloadAllAccessors: .SubscriberPortInitialValues13

===========================================================================================
----------------- testing Wed Mar 11 07:19:55 UTC 2020 /home/travis/build/icyphy/ptII/ptolemy/actor/lib/test/auto/SubscriberPortInitialValues14.xml
----------------- Instantiating /home/travis/build/icyphy/ptII/ptolemy/actor/lib/test/auto/SubscriberPortInitialValues14.xml
4 ms. Memory: 477184K Free: 357812K (75%)
----------------- Invoking toplevel() on ptolemy.moml.MoMLSimpleApplication@7fec159a
----------------- Done invoking toplevel() on ptolemy.moml.MoMLSimpleApplication@7fec159a
reloadAllAccessors: .SubscriberPortInitialValues14

===========================================================================================
----------------- testing Wed Mar 11 07:19:55 UTC 2020 /home/travis/build/icyphy/ptII/ptolemy/actor/lib/test/auto/SubscriberPortInitialValues2.xml
----------------- Instantiating /home/travis/build/icyphy/ptII/ptolemy/actor/lib/test/auto/SubscriberPortInitialValues2.xml
4 ms. Memory: 477184K Free: 350130K (73%)
----------------- Invoking toplevel() on ptolemy.moml.MoMLSimpleApplication@30c95e40
----------------- Done invoking toplevel() on ptolemy.moml.MoMLSimpleApplication@30c95e40
reloadAllAccessors: .SubscriberPortInitialValues2

===========================================================================================
----------------- testing Wed Mar 11 07:19:55 UTC 2020 /home/travis/build/icyphy/ptII/ptolemy/actor/lib/test/auto/SubscriberPortInitialValues3.xml
----------------- Instantiating /home/travis/build/icyphy/ptII/ptolemy/actor/lib/test/auto/SubscriberPortInitialValues3.xml
5 ms. Memory: 477184K Free: 339380K (71%)
----------------- Invoking toplevel() on ptolemy.moml.MoMLSimpleApplication@4f680b82
----------------- Done invoking toplevel() on ptolemy.moml.MoMLSimpleApplication@4f680b82
reloadAllAccessors: .SubscriberPortInitialValues3

===========================================================================================
----------------- testing Wed Mar 11 07:19:55 UTC 2020 /home/travis/build/icyphy/ptII/ptolemy/actor/lib/test/auto/SubscriptionAggregator.xml
----------------- Instantiating /home/travis/build/icyphy/ptII/ptolemy/actor/lib/test/auto/SubscriptionAggregator.xml
4 ms. Memory: 477184K Free: 332708K (70%)
----------------- Invoking toplevel() on ptolemy.moml.MoMLSimpleApplication@71e3b2d2
----------------- Done invoking toplevel() on ptolemy.moml.MoMLSimpleApplication@71e3b2d2
reloadAllAccessors: .SubscriptionAggregator

===========================================================================================
----------------- testing Wed Mar 11 07:19:55 UTC 2020 /home/travis/build/icyphy/ptII/ptolemy/actor/lib/test/auto/SubscriptionAggregator2.xml
----------------- Instantiating /home/travis/build/icyphy/ptII/ptolemy/actor/lib/test/auto/SubscriptionAggregator2.xml
2 ms. Memory: 477184K Free: 325548K (68%)
----------------- Invoking toplevel() on ptolemy.moml.MoMLSimpleApplication@6150d2a5
----------------- Done invoking toplevel() on ptolemy.moml.MoMLSimpleApplication@6150d2a5
reloadAllAccessors: .SubscriptionAggregator2

===========================================================================================
----------------- testing Wed Mar 11 07:19:55 UTC 2020 /home/travis/build/icyphy/ptII/ptolemy/actor/lib/test/auto/SubscriptionAggregator3.xml
----------------- Instantiating /home/travis/build/icyphy/ptII/ptolemy/actor/lib/test/auto/SubscriptionAggregator3.xml
4 ms. Memory: 477184K Free: 317362K (67%)
----------------- Invoking toplevel() on ptolemy.moml.MoMLSimpleApplication@18328c25
----------------- Done invoking toplevel() on ptolemy.moml.MoMLSimpleApplication@18328c25
reloadAllAccessors: .SubscriptionAggregator3

===========================================================================================
----------------- testing Wed Mar 11 07:19:55 UTC 2020 /home/travis/build/icyphy/ptII/ptolemy/actor/lib/test/auto/SubscriptionAggregatorMultiply.xml
----------------- Instantiating /home/travis/build/icyphy/ptII/ptolemy/actor/lib/test/auto/SubscriptionAggregatorMultiply.xml
14 ms. Memory: 477184K Free: 308660K (65%)
----------------- Invoking toplevel() on ptolemy.moml.MoMLSimpleApplication@3a6a52f3
----------------- Done invoking toplevel() on ptolemy.moml.MoMLSimpleApplication@3a6a52f3
reloadAllAccessors: .SubscriptionAggregatorMultiply

===========================================================================================
----------------- testing Wed Mar 11 07:19:55 UTC 2020 /home/travis/build/icyphy/ptII/ptolemy/actor/lib/test/auto/SubscriptionAggregatorPortMultiply1.xml
----------------- Instantiating /home/travis/build/icyphy/ptII/ptolemy/actor/lib/test/auto/SubscriptionAggregatorPortMultiply1.xml
5 ms. Memory: 477184K Free: 300978K (63%)
----------------- Invoking toplevel() on ptolemy.moml.MoMLSimpleApplication@3b3460e
----------------- Done invoking toplevel() on ptolemy.moml.MoMLSimpleApplication@3b3460e
reloadAllAccessors: .SubscriptionAggregatorPortMultiply1

===========================================================================================
----------------- testing Wed Mar 11 07:19:55 UTC 2020 /home/travis/build/icyphy/ptII/ptolemy/actor/lib/test/auto/Switch.xml
----------------- Instantiating /home/travis/build/icyphy/ptII/ptolemy/actor/lib/test/auto/Switch.xml
9 ms. Memory: 477184K Free: 292786K (61%)
----------------- Invoking toplevel() on ptolemy.moml.MoMLSimpleApplication@3b06ea4d
----------------- Done invoking toplevel() on ptolemy.moml.MoMLSimpleApplication@3b06ea4d
reloadAllAccessors: .Switch

===========================================================================================
----------------- testing Wed Mar 11 07:19:55 UTC 2020 /home/travis/build/icyphy/ptII/ptolemy/actor/lib/test/auto/Switch2.xml
----------------- Instantiating /home/travis/build/icyphy/ptII/ptolemy/actor/lib/test/auto/Switch2.xml
1 ms. Memory: 477184K Free: 287666K (60%)
----------------- Invoking toplevel() on ptolemy.moml.MoMLSimpleApplication@1a0243b5
----------------- Done invoking toplevel() on ptolemy.moml.MoMLSimpleApplication@1a0243b5
reloadAllAccessors: .Switch2

===========================================================================================
----------------- testing Wed Mar 11 07:19:55 UTC 2020 /home/travis/build/icyphy/ptII/ptolemy/actor/lib/test/auto/SwitchDE.xml
----------------- Instantiating /home/travis/build/icyphy/ptII/ptolemy/actor/lib/test/auto/SwitchDE.xml
2 ms. Memory: 477184K Free: 281508K (59%)
----------------- Invoking toplevel() on ptolemy.moml.MoMLSimpleApplication@2335c143
----------------- Done invoking toplevel() on ptolemy.moml.MoMLSimpleApplication@2335c143
reloadAllAccessors: .SwitchDE

===========================================================================================
----------------- testing Wed Mar 11 07:19:55 UTC 2020 /home/travis/build/icyphy/ptII/ptolemy/actor/lib/test/auto/SynchronizerDE.xml
----------------- Instantiating /home/travis/build/icyphy/ptII/ptolemy/actor/lib/test/auto/SynchronizerDE.xml
9 ms. Memory: 477184K Free: 273316K (57%)
----------------- Invoking toplevel() on ptolemy.moml.MoMLSimpleApplication@686456f8
----------------- Done invoking toplevel() on ptolemy.moml.MoMLSimpleApplication@686456f8
reloadAllAccessors: .SynchronizerDE

===========================================================================================
----------------- testing Wed Mar 11 07:19:55 UTC 2020 /home/travis/build/icyphy/ptII/ptolemy/actor/lib/test/auto/Test.xml
----------------- Instantiating /home/travis/build/icyphy/ptII/ptolemy/actor/lib/test/auto/Test.xml
10 ms. Memory: 477184K Free: 268180K (56%)
----------------- Invoking toplevel() on ptolemy.moml.MoMLSimpleApplication@9128665
----------------- Done invoking toplevel() on ptolemy.moml.MoMLSimpleApplication@9128665
reloadAllAccessors: .Test

===========================================================================================
----------------- testing Wed Mar 11 07:19:55 UTC 2020 /home/travis/build/icyphy/ptII/ptolemy/actor/lib/test/auto/TestExceptionAttribute1.xml
----------------- Instantiating /home/travis/build/icyphy/ptII/ptolemy/actor/lib/test/auto/TestExceptionAttribute1.xml
1 ms. Memory: 477184K Free: 264628K (55%)
----------------- Invoking toplevel() on ptolemy.moml.MoMLSimpleApplication@2816c301
----------------- Done invoking toplevel() on ptolemy.moml.MoMLSimpleApplication@2816c301
reloadAllAccessors: .TestExceptionAttribute1

===========================================================================================
----------------- testing Wed Mar 11 07:19:55 UTC 2020 /home/travis/build/icyphy/ptII/ptolemy/actor/lib/test/auto/TestExceptionAttribute2.xml
----------------- Instantiating /home/travis/build/icyphy/ptII/ptolemy/actor/lib/test/auto/TestExceptionAttribute2.xml
2 ms. Memory: 477184K Free: 260532K (55%)
----------------- Invoking toplevel() on ptolemy.moml.MoMLSimpleApplication@6ee58c2b
----------------- Done invoking toplevel() on ptolemy.moml.MoMLSimpleApplication@6ee58c2b
reloadAllAccessors: .TestExceptionAttribute2

===========================================================================================
----------------- testing Wed Mar 11 07:19:55 UTC 2020 /home/travis/build/icyphy/ptII/ptolemy/actor/lib/test/auto/TestExceptionAttribute3.xml
----------------- Instantiating /home/travis/build/icyphy/ptII/ptolemy/actor/lib/test/auto/TestExceptionAttribute3.xml
.TestExceptionAttribute3.TestExceptionAttribute: initialize() was not invoked, but wrapup() was.  This is unusual, but not always a problem.  For example, exporting JNLP will do this.
0 ms. Memory: 477184K Free: 256946K (54%)
----------------- Invoking toplevel() on ptolemy.moml.MoMLSimpleApplication@17da2a94
----------------- Done invoking toplevel() on ptolemy.moml.MoMLSimpleApplication@17da2a94
reloadAllAccessors: .TestExceptionAttribute3

===========================================================================================
----------------- testing Wed Mar 11 07:19:55 UTC 2020 /home/travis/build/icyphy/ptII/ptolemy/actor/lib/test/auto/TestExceptionAttribute4.xml
----------------- Instantiating /home/travis/build/icyphy/ptII/ptolemy/actor/lib/test/auto/TestExceptionAttribute4.xml
.TestExceptionAttribute4.TestExceptionAttribute: initialize() was not invoked, but wrapup() was.  This is unusual, but not always a problem.  For example, exporting JNLP will do this.
.TestExceptionAttribute4.TestExceptionAttribute2: initialize() was not invoked, but wrapup() was.  This is unusual, but not always a problem.  For example, exporting JNLP will do this.
0 ms. Memory: 477184K Free: 252850K (53%)
----------------- Invoking toplevel() on ptolemy.moml.MoMLSimpleApplication@6563a95c
----------------- Done invoking toplevel() on ptolemy.moml.MoMLSimpleApplication@6563a95c
reloadAllAccessors: .TestExceptionAttribute4

===========================================================================================
----------------- testing Wed Mar 11 07:19:55 UTC 2020 /home/travis/build/icyphy/ptII/ptolemy/actor/lib/test/auto/TestExceptionHandler1.xml
----------------- Instantiating /home/travis/build/icyphy/ptII/ptolemy/actor/lib/test/auto/TestExceptionHandler1.xml
1 ms. Memory: 477184K Free: 249268K (52%)
----------------- Invoking toplevel() on ptolemy.moml.MoMLSimpleApplication@4a02ac59
----------------- Done invoking toplevel() on ptolemy.moml.MoMLSimpleApplication@4a02ac59
reloadAllAccessors: .TestExceptionHandler1

===========================================================================================
----------------- testing Wed Mar 11 07:19:55 UTC 2020 /home/travis/build/icyphy/ptII/ptolemy/actor/lib/test/auto/TestExceptionHandler2.xml
----------------- Instantiating /home/travis/build/icyphy/ptII/ptolemy/actor/lib/test/auto/TestExceptionHandler2.xml
1 ms. Memory: 477184K Free: 245172K (51%)
----------------- Invoking toplevel() on ptolemy.moml.MoMLSimpleApplication@59ca6582
----------------- Done invoking toplevel() on ptolemy.moml.MoMLSimpleApplication@59ca6582
reloadAllAccessors: .TestExceptionHandler2

===========================================================================================
----------------- testing Wed Mar 11 07:19:55 UTC 2020 /home/travis/build/icyphy/ptII/ptolemy/actor/lib/test/auto/TestExceptionHandler3.xml
----------------- Instantiating /home/travis/build/icyphy/ptII/ptolemy/actor/lib/test/auto/TestExceptionHandler3.xml
0 ms. Memory: 477184K Free: 241586K (51%)
----------------- Invoking toplevel() on ptolemy.moml.MoMLSimpleApplication@3a843d33
----------------- Done invoking toplevel() on ptolemy.moml.MoMLSimpleApplication@3a843d33
reloadAllAccessors: .TestExceptionHandler3

===========================================================================================
----------------- testing Wed Mar 11 07:19:55 UTC 2020 /home/travis/build/icyphy/ptII/ptolemy/actor/lib/test/auto/TestExceptionHandler4.xml
----------------- Instantiating /home/travis/build/icyphy/ptII/ptolemy/actor/lib/test/auto/TestExceptionHandler4.xml
1 ms. Memory: 477184K Free: 237490K (50%)
----------------- Invoking toplevel() on ptolemy.moml.MoMLSimpleApplication@7da74d8d
----------------- Done invoking toplevel() on ptolemy.moml.MoMLSimpleApplication@7da74d8d
reloadAllAccessors: .TestExceptionHandler4

===========================================================================================
----------------- testing Wed Mar 11 07:19:55 UTC 2020 /home/travis/build/icyphy/ptII/ptolemy/actor/lib/test/auto/TestRequireCorrectOrder.xml
----------------- Instantiating /home/travis/build/icyphy/ptII/ptolemy/actor/lib/test/auto/TestRequireCorrectOrder.xml
5 ms. Memory: 477184K Free: 232356K (49%)
----------------- Invoking toplevel() on ptolemy.moml.MoMLSimpleApplication@196147d5
----------------- Done invoking toplevel() on ptolemy.moml.MoMLSimpleApplication@196147d5
reloadAllAccessors: .TestRequireCorrectOrder

===========================================================================================
----------------- testing Wed Mar 11 07:19:55 UTC 2020 /home/travis/build/icyphy/ptII/ptolemy/actor/lib/test/auto/TestSimple.xml
----------------- Instantiating /home/travis/build/icyphy/ptII/ptolemy/actor/lib/test/auto/TestSimple.xml
1 ms. Memory: 477184K Free: 228274K (48%)
----------------- Invoking toplevel() on ptolemy.moml.MoMLSimpleApplication@7b2cefd8
----------------- Done invoking toplevel() on ptolemy.moml.MoMLSimpleApplication@7b2cefd8
reloadAllAccessors: .TestSimple

===========================================================================================
----------------- testing Wed Mar 11 07:19:55 UTC 2020 /home/travis/build/icyphy/ptII/ptolemy/actor/lib/test/auto/ThrowModelError.xml
----------------- Instantiating /home/travis/build/icyphy/ptII/ptolemy/actor/lib/test/auto/ThrowModelError.xml
1 ms. Memory: 477184K Free: 223154K (47%)
----------------- Invoking toplevel() on ptolemy.moml.MoMLSimpleApplication@9ada8c1
----------------- Done invoking toplevel() on ptolemy.moml.MoMLSimpleApplication@9ada8c1
reloadAllAccessors: .ThrowModelError

===========================================================================================
----------------- testing Wed Mar 11 07:19:55 UTC 2020 /home/travis/build/icyphy/ptII/ptolemy/actor/lib/test/auto/TimeDelayMicrosteps.xml
----------------- Instantiating /home/travis/build/icyphy/ptII/ptolemy/actor/lib/test/auto/TimeDelayMicrosteps.xml
2 ms. Memory: 477184K Free: 216500K (45%)
----------------- Invoking toplevel() on ptolemy.moml.MoMLSimpleApplication@15dd5c0e
----------------- Done invoking toplevel() on ptolemy.moml.MoMLSimpleApplication@15dd5c0e
reloadAllAccessors: .TimeDelayMicrosteps

===========================================================================================
----------------- testing Wed Mar 11 07:19:55 UTC 2020 /home/travis/build/icyphy/ptII/ptolemy/actor/lib/test/auto/TimeDelayMicrosteps2.xml
----------------- Instantiating /home/travis/build/icyphy/ptII/ptolemy/actor/lib/test/auto/TimeDelayMicrosteps2.xml
3 ms. Memory: 477184K Free: 209332K (44%)
----------------- Invoking toplevel() on ptolemy.moml.MoMLSimpleApplication@661d54f1
----------------- Done invoking toplevel() on ptolemy.moml.MoMLSimpleApplication@661d54f1
reloadAllAccessors: .TimeDelayMicrosteps2

===========================================================================================
----------------- testing Wed Mar 11 07:19:56 UTC 2020 /home/travis/build/icyphy/ptII/ptolemy/actor/lib/test/auto/TimeDelayMicrosteps3.xml
----------------- Instantiating /home/travis/build/icyphy/ptII/ptolemy/actor/lib/test/auto/TimeDelayMicrosteps3.xml
2 ms. Memory: 477184K Free: 202644K (42%)
----------------- Invoking toplevel() on ptolemy.moml.MoMLSimpleApplication@2dcbe89b
----------------- Done invoking toplevel() on ptolemy.moml.MoMLSimpleApplication@2dcbe89b
reloadAllAccessors: .TimeDelayMicrosteps3

===========================================================================================
----------------- testing Wed Mar 11 07:19:56 UTC 2020 /home/travis/build/icyphy/ptII/ptolemy/actor/lib/test/auto/TimeDelayVariableMicrosteps.xml
----------------- Instantiating /home/travis/build/icyphy/ptII/ptolemy/actor/lib/test/auto/TimeDelayVariableMicrosteps.xml
3 ms. Memory: 477184K Free: 195506K (41%)
----------------- Invoking toplevel() on ptolemy.moml.MoMLSimpleApplication@21e7b327
----------------- Done invoking toplevel() on ptolemy.moml.MoMLSimpleApplication@21e7b327
reloadAllAccessors: .TimeDelayVariableMicrosteps

===========================================================================================
----------------- testing Wed Mar 11 07:19:56 UTC 2020 /home/travis/build/icyphy/ptII/ptolemy/actor/lib/test/auto/TimeGap.xml
----------------- Instantiating /home/travis/build/icyphy/ptII/ptolemy/actor/lib/test/auto/TimeGap.xml
3 ms. Memory: 477184K Free: 190356K (40%)
----------------- Invoking toplevel() on ptolemy.moml.MoMLSimpleApplication@2ea5f37e
----------------- Done invoking toplevel() on ptolemy.moml.MoMLSimpleApplication@2ea5f37e
reloadAllAccessors: .TimeGap

===========================================================================================
----------------- testing Wed Mar 11 07:19:56 UTC 2020 /home/travis/build/icyphy/ptII/ptolemy/actor/lib/test/auto/TimeGap2.xml
----------------- Instantiating /home/travis/build/icyphy/ptII/ptolemy/actor/lib/test/auto/TimeGap2.xml
1 ms. Memory: 477184K Free: 184756K (39%)
----------------- Invoking toplevel() on ptolemy.moml.MoMLSimpleApplication@4e7cb957
----------------- Done invoking toplevel() on ptolemy.moml.MoMLSimpleApplication@4e7cb957
reloadAllAccessors: .TimeGap2

===========================================================================================
----------------- testing Wed Mar 11 07:19:56 UTC 2020 /home/travis/build/icyphy/ptII/ptolemy/actor/lib/test/auto/TimedSinewave.xml
----------------- Instantiating /home/travis/build/icyphy/ptII/ptolemy/actor/lib/test/auto/TimedSinewave.xml
22 ms. Memory: 477184K Free: 169906K (36%)
----------------- Invoking toplevel() on ptolemy.moml.MoMLSimpleApplication@5032f9b1
----------------- Done invoking toplevel() on ptolemy.moml.MoMLSimpleApplication@5032f9b1
reloadAllAccessors: .TimedSinewave

===========================================================================================
----------------- testing Wed Mar 11 07:19:56 UTC 2020 /home/travis/build/icyphy/ptII/ptolemy/actor/lib/test/auto/TimedSinewavePhase.xml
----------------- Instantiating /home/travis/build/icyphy/ptII/ptolemy/actor/lib/test/auto/TimedSinewavePhase.xml
7 ms. Memory: 477184K Free: 160180K (34%)
----------------- Invoking toplevel() on ptolemy.moml.MoMLSimpleApplication@29073e7b
----------------- Done invoking toplevel() on ptolemy.moml.MoMLSimpleApplication@29073e7b
reloadAllAccessors: .TimedSinewavePhase

===========================================================================================
----------------- testing Wed Mar 11 07:19:56 UTC 2020 /home/travis/build/icyphy/ptII/ptolemy/actor/lib/test/auto/Timer.xml
----------------- Instantiating /home/travis/build/icyphy/ptII/ptolemy/actor/lib/test/auto/Timer.xml
2 ms. Memory: 477184K Free: 154540K (32%)
----------------- Invoking toplevel() on ptolemy.moml.MoMLSimpleApplication@7a099fc1
----------------- Done invoking toplevel() on ptolemy.moml.MoMLSimpleApplication@7a099fc1
reloadAllAccessors: .Timer

===========================================================================================
----------------- testing Wed Mar 11 07:19:56 UTC 2020 /home/travis/build/icyphy/ptII/ptolemy/actor/lib/test/auto/TriangularDistTestModel.xml
----------------- Instantiating /home/travis/build/icyphy/ptII/ptolemy/actor/lib/test/auto/TriangularDistTestModel.xml
2 ms. Memory: 477184K Free: 148916K (31%)
----------------- Invoking toplevel() on ptolemy.moml.MoMLSimpleApplication@4139b429
----------------- Done invoking toplevel() on ptolemy.moml.MoMLSimpleApplication@4139b429
reloadAllAccessors: .TriangularDistTestModel

===========================================================================================
----------------- testing Wed Mar 11 07:19:56 UTC 2020 /home/travis/build/icyphy/ptII/ptolemy/actor/lib/test/auto/TrigFunction.xml
----------------- Instantiating /home/travis/build/icyphy/ptII/ptolemy/actor/lib/test/auto/TrigFunction.xml
2 ms. Memory: 477184K Free: 143796K (30%)
----------------- Invoking toplevel() on ptolemy.moml.MoMLSimpleApplication@1d979491
----------------- Done invoking toplevel() on ptolemy.moml.MoMLSimpleApplication@1d979491
reloadAllAccessors: .TrigFunction

===========================================================================================
----------------- testing Wed Mar 11 07:19:56 UTC 2020 /home/travis/build/icyphy/ptII/ptolemy/actor/lib/test/auto/TrigFunctionDE.xml
----------------- Instantiating /home/travis/build/icyphy/ptII/ptolemy/actor/lib/test/auto/TrigFunctionDE.xml
2 ms. Memory: 477184K Free: 418068K (88%)
----------------- Invoking toplevel() on ptolemy.moml.MoMLSimpleApplication@3b4e047e
----------------- Done invoking toplevel() on ptolemy.moml.MoMLSimpleApplication@3b4e047e
reloadAllAccessors: .TrigFunctionDE

===========================================================================================
----------------- testing Wed Mar 11 07:19:56 UTC 2020 /home/travis/build/icyphy/ptII/ptolemy/actor/lib/test/auto/TrigFunctionInverse.xml
----------------- Instantiating /home/travis/build/icyphy/ptII/ptolemy/actor/lib/test/auto/TrigFunctionInverse.xml
1 ms. Memory: 477184K Free: 412948K (87%)
----------------- Invoking toplevel() on ptolemy.moml.MoMLSimpleApplication@24d8879
----------------- Done invoking toplevel() on ptolemy.moml.MoMLSimpleApplication@24d8879
reloadAllAccessors: .TrigFunctionInverse

===========================================================================================
----------------- testing Wed Mar 11 07:19:56 UTC 2020 /home/travis/build/icyphy/ptII/ptolemy/actor/lib/test/auto/TrigFunctionTan.xml
----------------- Instantiating /home/travis/build/icyphy/ptII/ptolemy/actor/lib/test/auto/TrigFunctionTan.xml
1 ms. Memory: 477184K Free: 408852K (86%)
----------------- Invoking toplevel() on ptolemy.moml.MoMLSimpleApplication@4fab45a
----------------- Done invoking toplevel() on ptolemy.moml.MoMLSimpleApplication@4fab45a
reloadAllAccessors: .TrigFunctionTan

===========================================================================================
----------------- testing Wed Mar 11 07:19:56 UTC 2020 /home/travis/build/icyphy/ptII/ptolemy/actor/lib/test/auto/TriggeredClock.xml
----------------- Instantiating /home/travis/build/icyphy/ptII/ptolemy/actor/lib/test/auto/TriggeredClock.xml
1 ms. Memory: 477184K Free: 403222K (85%)
----------------- Invoking toplevel() on ptolemy.moml.MoMLSimpleApplication@35837fc
----------------- Done invoking toplevel() on ptolemy.moml.MoMLSimpleApplication@35837fc
reloadAllAccessors: .TriggeredClock

===========================================================================================
----------------- testing Wed Mar 11 07:19:56 UTC 2020 /home/travis/build/icyphy/ptII/ptolemy/actor/lib/test/auto/URLDirectoryReader.xml
----------------- Instantiating /home/travis/build/icyphy/ptII/ptolemy/actor/lib/test/auto/URLDirectoryReader.xml
24 ms. Memory: 477184K Free: 394516K (83%)
----------------- Invoking toplevel() on ptolemy.moml.MoMLSimpleApplication@7a95b197
----------------- Done invoking toplevel() on ptolemy.moml.MoMLSimpleApplication@7a95b197
reloadAllAccessors: .URLDirectoryReader

===========================================================================================
----------------- testing Wed Mar 11 07:19:56 UTC 2020 /home/travis/build/icyphy/ptII/ptolemy/actor/lib/test/auto/URLDirectoryReader3.xml
----------------- Instantiating /home/travis/build/icyphy/ptII/ptolemy/actor/lib/test/auto/URLDirectoryReader3.xml
1355 ms. Memory: 477184K Free: 416097K (87%)
----------------- Invoking toplevel() on ptolemy.moml.MoMLSimpleApplication@3932bc24
----------------- Done invoking toplevel() on ptolemy.moml.MoMLSimpleApplication@3932bc24
reloadAllAccessors: .URLDirectoryReader3

===========================================================================================
----------------- testing Wed Mar 11 07:19:58 UTC 2020 /home/travis/build/icyphy/ptII/ptolemy/actor/lib/test/auto/UnaryMathFunction.xml
----------------- Instantiating /home/travis/build/icyphy/ptII/ptolemy/actor/lib/test/auto/UnaryMathFunction.xml
3 ms. Memory: 477184K Free: 407877K (85%)
----------------- Invoking toplevel() on ptolemy.moml.MoMLSimpleApplication@70f15763
----------------- Done invoking toplevel() on ptolemy.moml.MoMLSimpleApplication@70f15763
reloadAllAccessors: .UnaryMathFunction

===========================================================================================
----------------- testing Wed Mar 11 07:19:58 UTC 2020 /home/travis/build/icyphy/ptII/ptolemy/actor/lib/test/auto/Uniform.xml
----------------- Instantiating /home/travis/build/icyphy/ptII/ptolemy/actor/lib/test/auto/Uniform.xml
2 ms. Memory: 477184K Free: 403271K (85%)
----------------- Invoking toplevel() on ptolemy.moml.MoMLSimpleApplication@6df5323
----------------- Done invoking toplevel() on ptolemy.moml.MoMLSimpleApplication@6df5323
reloadAllAccessors: .Uniform

===========================================================================================
----------------- testing Wed Mar 11 07:19:58 UTC 2020 /home/travis/build/icyphy/ptII/ptolemy/actor/lib/test/auto/UnionDisassemblerTest.xml
----------------- Instantiating /home/travis/build/icyphy/ptII/ptolemy/actor/lib/test/auto/UnionDisassemblerTest.xml
7 ms. Memory: 477184K Free: 399655K (84%)
----------------- Invoking toplevel() on ptolemy.moml.MoMLSimpleApplication@268d6ad2
----------------- Done invoking toplevel() on ptolemy.moml.MoMLSimpleApplication@268d6ad2
reloadAllAccessors: .UnionDisassemblerTest

===========================================================================================
----------------- testing Wed Mar 11 07:19:58 UTC 2020 /home/travis/build/icyphy/ptII/ptolemy/actor/lib/test/auto/UtilityFunctions.xml
----------------- Instantiating /home/travis/build/icyphy/ptII/ptolemy/actor/lib/test/auto/UtilityFunctions.xml
1 ms. Memory: 477184K Free: 395079K (83%)
----------------- Invoking toplevel() on ptolemy.moml.MoMLSimpleApplication@43c8cc8
----------------- Done invoking toplevel() on ptolemy.moml.MoMLSimpleApplication@43c8cc8
reloadAllAccessors: .UtilityFunctions

===========================================================================================
----------------- testing Wed Mar 11 07:19:58 UTC 2020 /home/travis/build/icyphy/ptII/ptolemy/actor/lib/test/auto/VariableSleep.xml
----------------- Instantiating /home/travis/build/icyphy/ptII/ptolemy/actor/lib/test/auto/VariableSleep.xml
502 ms. Memory: 477184K Free: 389959K (82%)
----------------- Invoking toplevel() on ptolemy.moml.MoMLSimpleApplication@66c94770
----------------- Done invoking toplevel() on ptolemy.moml.MoMLSimpleApplication@66c94770
reloadAllAccessors: .VariableSleep

===========================================================================================
----------------- testing Wed Mar 11 07:19:58 UTC 2020 /home/travis/build/icyphy/ptII/ptolemy/actor/lib/test/auto/VectorAssemblerDisassemblerCT.xml
----------------- Instantiating /home/travis/build/icyphy/ptII/ptolemy/actor/lib/test/auto/VectorAssemblerDisassemblerCT.xml
70 ms. Memory: 477184K Free: 369989K (78%)
----------------- Invoking toplevel() on ptolemy.moml.MoMLSimpleApplication@7b47bee1
----------------- Done invoking toplevel() on ptolemy.moml.MoMLSimpleApplication@7b47bee1
reloadAllAccessors: .VectorAssemblerDisassemblerCT

===========================================================================================
----------------- testing Wed Mar 11 07:19:58 UTC 2020 /home/travis/build/icyphy/ptII/ptolemy/actor/lib/test/auto/VectorAssemblerDisassemblerDE.xml
----------------- Instantiating /home/travis/build/icyphy/ptII/ptolemy/actor/lib/test/auto/VectorAssemblerDisassemblerDE.xml
2 ms. Memory: 477184K Free: 362821K (76%)
----------------- Invoking toplevel() on ptolemy.moml.MoMLSimpleApplication@7a77f9d4
----------------- Done invoking toplevel() on ptolemy.moml.MoMLSimpleApplication@7a77f9d4
reloadAllAccessors: .VectorAssemblerDisassemblerDE

===========================================================================================
----------------- testing Wed Mar 11 07:19:58 UTC 2020 /home/travis/build/icyphy/ptII/ptolemy/actor/lib/test/auto/VectorAssemblerDisassemblerSDF.xml
----------------- Instantiating /home/travis/build/icyphy/ptII/ptolemy/actor/lib/test/auto/VectorAssemblerDisassemblerSDF.xml
2 ms. Memory: 477184K Free: 355639K (75%)
----------------- Invoking toplevel() on ptolemy.moml.MoMLSimpleApplication@23ab47f3
----------------- Done invoking toplevel() on ptolemy.moml.MoMLSimpleApplication@23ab47f3
reloadAllAccessors: .VectorAssemblerDisassemblerSDF

===========================================================================================
----------------- testing Wed Mar 11 07:19:58 UTC 2020 /home/travis/build/icyphy/ptII/ptolemy/actor/lib/test/auto/WallClockTime.xml
----------------- Instantiating /home/travis/build/icyphy/ptII/ptolemy/actor/lib/test/auto/WallClockTime.xml
1003 ms. Memory: 477184K Free: 350533K (73%)
----------------- Invoking toplevel() on ptolemy.moml.MoMLSimpleApplication@7fc6b6d8
----------------- Done invoking toplevel() on ptolemy.moml.MoMLSimpleApplication@7fc6b6d8
reloadAllAccessors: .WallClockTime

===========================================================================================
----------------- testing Wed Mar 11 07:19:59 UTC 2020 /home/travis/build/icyphy/ptII/ptolemy/actor/lib/test/auto/WidthTestWithSubscriberPublisher.xml
----------------- Instantiating /home/travis/build/icyphy/ptII/ptolemy/actor/lib/test/auto/WidthTestWithSubscriberPublisher.xml
6 ms. Memory: 477184K Free: 331591K (69%)
----------------- Invoking toplevel() on ptolemy.moml.MoMLSimpleApplication@11909a5e
----------------- Done invoking toplevel() on ptolemy.moml.MoMLSimpleApplication@11909a5e
reloadAllAccessors: .WidthTestWithSubscriberPublisher

===========================================================================================
----------------- testing Wed Mar 11 07:19:59 UTC 2020 /home/travis/build/icyphy/ptII/ptolemy/actor/lib/test/auto/WidthTestWithSubscriberPublisher2.xml
----------------- Instantiating /home/travis/build/icyphy/ptII/ptolemy/actor/lib/test/auto/WidthTestWithSubscriberPublisher2.xml
2 ms. Memory: 477184K Free: 324933K (68%)
----------------- Invoking toplevel() on ptolemy.moml.MoMLSimpleApplication@5947fae4
----------------- Done invoking toplevel() on ptolemy.moml.MoMLSimpleApplication@5947fae4
reloadAllAccessors: .WidthTestWithSubscriberPublisher2

===========================================================================================
----------------- testing Wed Mar 11 07:19:59 UTC 2020 /home/travis/build/icyphy/ptII/ptolemy/actor/lib/test/auto/WidthTestWithSubscriberPublisher3.xml
----------------- Instantiating /home/travis/build/icyphy/ptII/ptolemy/actor/lib/test/auto/WidthTestWithSubscriberPublisher3.xml
1 ms. Memory: 477184K Free: 319303K (67%)
----------------- Invoking toplevel() on ptolemy.moml.MoMLSimpleApplication@60812e6a
----------------- Done invoking toplevel() on ptolemy.moml.MoMLSimpleApplication@60812e6a
reloadAllAccessors: .WidthTestWithSubscriberPublisher3

===========================================================================================
----------------- testing Wed Mar 11 07:19:59 UTC 2020 /home/travis/build/icyphy/ptII/ptolemy/actor/lib/test/auto/Writer.xml
----------------- Instantiating /home/travis/build/icyphy/ptII/ptolemy/actor/lib/test/auto/Writer.xml
0
1
2
3
4
2 ms. Memory: 477184K Free: 315207K (66%)
----------------- Invoking toplevel() on ptolemy.moml.MoMLSimpleApplication@48ebda76
----------------- Done invoking toplevel() on ptolemy.moml.MoMLSimpleApplication@48ebda76
reloadAllAccessors: .Writer

===========================================================================================
----------------- testing Wed Mar 11 07:19:59 UTC 2020 /home/travis/build/icyphy/ptII/ptolemy/actor/lib/test/auto/array.xml
----------------- Instantiating /home/travis/build/icyphy/ptII/ptolemy/actor/lib/test/auto/array.xml
2 ms. Memory: 477184K Free: 310087K (65%)
----------------- Invoking toplevel() on ptolemy.moml.MoMLSimpleApplication@15ac6877
----------------- Done invoking toplevel() on ptolemy.moml.MoMLSimpleApplication@15ac6877
reloadAllAccessors: .array

===========================================================================================
----------------- testing Wed Mar 11 07:20:00 UTC 2020 /home/travis/build/icyphy/ptII/ptolemy/actor/lib/test/auto/array2.xml
----------------- Instantiating /home/travis/build/icyphy/ptII/ptolemy/actor/lib/test/auto/array2.xml
4 ms. Memory: 477184K Free: 304967K (64%)
----------------- Invoking toplevel() on ptolemy.moml.MoMLSimpleApplication@7d7c5ed0
----------------- Done invoking toplevel() on ptolemy.moml.MoMLSimpleApplication@7d7c5ed0
reloadAllAccessors: .array2

===========================================================================================
----------------- testing Wed Mar 11 07:20:00 UTC 2020 /home/travis/build/icyphy/ptII/ptolemy/actor/lib/test/auto/arrayType.xml
----------------- Instantiating /home/travis/build/icyphy/ptII/ptolemy/actor/lib/test/auto/arrayType.xml
2 ms. Memory: 477184K Free: 299847K (63%)
----------------- Invoking toplevel() on ptolemy.moml.MoMLSimpleApplication@2ca31349
----------------- Done invoking toplevel() on ptolemy.moml.MoMLSimpleApplication@2ca31349
reloadAllAccessors: .arrayType

===========================================================================================
----------------- testing Wed Mar 11 07:20:00 UTC 2020 /home/travis/build/icyphy/ptII/ptolemy/actor/lib/test/auto/arrayType10.xml
----------------- Instantiating /home/travis/build/icyphy/ptII/ptolemy/actor/lib/test/auto/arrayType10.xml
2 ms. Memory: 477184K Free: 294727K (62%)
----------------- Invoking toplevel() on ptolemy.moml.MoMLSimpleApplication@79f96d49
----------------- Done invoking toplevel() on ptolemy.moml.MoMLSimpleApplication@79f96d49
reloadAllAccessors: .arrayType10

===========================================================================================
----------------- testing Wed Mar 11 07:20:00 UTC 2020 /home/travis/build/icyphy/ptII/ptolemy/actor/lib/test/auto/arrayType11.xml
----------------- Instantiating /home/travis/build/icyphy/ptII/ptolemy/actor/lib/test/auto/arrayType11.xml
1 ms. Memory: 477184K Free: 290117K (61%)
----------------- Invoking toplevel() on ptolemy.moml.MoMLSimpleApplication@33df0d79
----------------- Done invoking toplevel() on ptolemy.moml.MoMLSimpleApplication@33df0d79
reloadAllAccessors: .arrayType11

===========================================================================================
----------------- testing Wed Mar 11 07:20:00 UTC 2020 /home/travis/build/icyphy/ptII/ptolemy/actor/lib/test/auto/arrayType12.xml
----------------- Instantiating /home/travis/build/icyphy/ptII/ptolemy/actor/lib/test/auto/arrayType12.xml
1 ms. Memory: 477184K Free: 285511K (60%)
----------------- Invoking toplevel() on ptolemy.moml.MoMLSimpleApplication@4be1d87d
----------------- Done invoking toplevel() on ptolemy.moml.MoMLSimpleApplication@4be1d87d
reloadAllAccessors: .arrayType12

===========================================================================================
----------------- testing Wed Mar 11 07:20:00 UTC 2020 /home/travis/build/icyphy/ptII/ptolemy/actor/lib/test/auto/arrayType13.xml
----------------- Instantiating /home/travis/build/icyphy/ptII/ptolemy/actor/lib/test/auto/arrayType13.xml
2 ms. Memory: 477184K Free: 279877K (59%)
----------------- Invoking toplevel() on ptolemy.moml.MoMLSimpleApplication@6070bebe
----------------- Done invoking toplevel() on ptolemy.moml.MoMLSimpleApplication@6070bebe
reloadAllAccessors: .arrayType13

===========================================================================================
----------------- testing Wed Mar 11 07:20:00 UTC 2020 /home/travis/build/icyphy/ptII/ptolemy/actor/lib/test/auto/arrayType14.xml
----------------- Instantiating /home/travis/build/icyphy/ptII/ptolemy/actor/lib/test/auto/arrayType14.xml
3 ms. Memory: 477184K Free: 274757K (58%)
----------------- Invoking toplevel() on ptolemy.moml.MoMLSimpleApplication@7bedfecd
----------------- Done invoking toplevel() on ptolemy.moml.MoMLSimpleApplication@7bedfecd
reloadAllAccessors: .arrayType14

===========================================================================================
----------------- testing Wed Mar 11 07:20:00 UTC 2020 /home/travis/build/icyphy/ptII/ptolemy/actor/lib/test/auto/arrayType15.xml
----------------- Instantiating /home/travis/build/icyphy/ptII/ptolemy/actor/lib/test/auto/arrayType15.xml
3 ms. Memory: 477184K Free: 269637K (57%)
----------------- Invoking toplevel() on ptolemy.moml.MoMLSimpleApplication@13cb6eaa
----------------- Done invoking toplevel() on ptolemy.moml.MoMLSimpleApplication@13cb6eaa
reloadAllAccessors: .arrayType15

===========================================================================================
----------------- testing Wed Mar 11 07:20:00 UTC 2020 /home/travis/build/icyphy/ptII/ptolemy/actor/lib/test/auto/arrayType16.xml
----------------- Instantiating /home/travis/build/icyphy/ptII/ptolemy/actor/lib/test/auto/arrayType16.xml
2 ms. Memory: 477184K Free: 264007K (55%)
----------------- Invoking toplevel() on ptolemy.moml.MoMLSimpleApplication@4798b1e3
----------------- Done invoking toplevel() on ptolemy.moml.MoMLSimpleApplication@4798b1e3
reloadAllAccessors: .arrayType16

===========================================================================================
----------------- testing Wed Mar 11 07:20:00 UTC 2020 /home/travis/build/icyphy/ptII/ptolemy/actor/lib/test/auto/arrayType17.xml
----------------- Instantiating /home/travis/build/icyphy/ptII/ptolemy/actor/lib/test/auto/arrayType17.xml
1 ms. Memory: 477184K Free: 258887K (54%)
----------------- Invoking toplevel() on ptolemy.moml.MoMLSimpleApplication@5e4db58d
----------------- Done invoking toplevel() on ptolemy.moml.MoMLSimpleApplication@5e4db58d
reloadAllAccessors: .arrayType17

===========================================================================================
----------------- testing Wed Mar 11 07:20:00 UTC 2020 /home/travis/build/icyphy/ptII/ptolemy/actor/lib/test/auto/arrayType18.xml
----------------- Instantiating /home/travis/build/icyphy/ptII/ptolemy/actor/lib/test/auto/arrayType18.xml
1 ms. Memory: 477184K Free: 254277K (53%)
----------------- Invoking toplevel() on ptolemy.moml.MoMLSimpleApplication@701bb1e5
----------------- Done invoking toplevel() on ptolemy.moml.MoMLSimpleApplication@701bb1e5
reloadAllAccessors: .arrayType18

===========================================================================================
----------------- testing Wed Mar 11 07:20:00 UTC 2020 /home/travis/build/icyphy/ptII/ptolemy/actor/lib/test/auto/arrayType19.xml
----------------- Instantiating /home/travis/build/icyphy/ptII/ptolemy/actor/lib/test/auto/arrayType19.xml
1 ms. Memory: 477184K Free: 249157K (52%)
----------------- Invoking toplevel() on ptolemy.moml.MoMLSimpleApplication@315d9bcc
----------------- Done invoking toplevel() on ptolemy.moml.MoMLSimpleApplication@315d9bcc
reloadAllAccessors: .arrayType19

===========================================================================================
----------------- testing Wed Mar 11 07:20:00 UTC 2020 /home/travis/build/icyphy/ptII/ptolemy/actor/lib/test/auto/arrayType2.xml
----------------- Instantiating /home/travis/build/icyphy/ptII/ptolemy/actor/lib/test/auto/arrayType2.xml
1 ms. Memory: 477184K Free: 244037K (51%)
----------------- Invoking toplevel() on ptolemy.moml.MoMLSimpleApplication@3a284ea4
----------------- Done invoking toplevel() on ptolemy.moml.MoMLSimpleApplication@3a284ea4
reloadAllAccessors: .arrayType2

===========================================================================================
----------------- testing Wed Mar 11 07:20:00 UTC 2020 /home/travis/build/icyphy/ptII/ptolemy/actor/lib/test/auto/arrayType20.xml
----------------- Instantiating /home/travis/build/icyphy/ptII/ptolemy/actor/lib/test/auto/arrayType20.xml
1 ms. Memory: 477184K Free: 238917K (50%)
----------------- Invoking toplevel() on ptolemy.moml.MoMLSimpleApplication@53e1998a
----------------- Done invoking toplevel() on ptolemy.moml.MoMLSimpleApplication@53e1998a
reloadAllAccessors: .arrayType20

===========================================================================================
----------------- testing Wed Mar 11 07:20:00 UTC 2020 /home/travis/build/icyphy/ptII/ptolemy/actor/lib/test/auto/arrayType21.xml
----------------- Instantiating /home/travis/build/icyphy/ptII/ptolemy/actor/lib/test/auto/arrayType21.xml
1 ms. Memory: 477184K Free: 233797K (49%)
----------------- Invoking toplevel() on ptolemy.moml.MoMLSimpleApplication@494d4841
----------------- Done invoking toplevel() on ptolemy.moml.MoMLSimpleApplication@494d4841
reloadAllAccessors: .arrayType21

===========================================================================================
----------------- testing Wed Mar 11 07:20:00 UTC 2020 /home/travis/build/icyphy/ptII/ptolemy/actor/lib/test/auto/arrayType22.xml
----------------- Instantiating /home/travis/build/icyphy/ptII/ptolemy/actor/lib/test/auto/arrayType22.xml
2 ms. Memory: 477184K Free: 229191K (48%)
----------------- Invoking toplevel() on ptolemy.moml.MoMLSimpleApplication@1205afe0
----------------- Done invoking toplevel() on ptolemy.moml.MoMLSimpleApplication@1205afe0
reloadAllAccessors: .arrayType22

===========================================================================================
----------------- testing Wed Mar 11 07:20:00 UTC 2020 /home/travis/build/icyphy/ptII/ptolemy/actor/lib/test/auto/arrayType23.xml
----------------- Instantiating /home/travis/build/icyphy/ptII/ptolemy/actor/lib/test/auto/arrayType23.xml
1 ms. Memory: 477184K Free: 224071K (47%)
----------------- Invoking toplevel() on ptolemy.moml.MoMLSimpleApplication@68ba9da5
----------------- Done invoking toplevel() on ptolemy.moml.MoMLSimpleApplication@68ba9da5
reloadAllAccessors: .arrayType23

===========================================================================================
----------------- testing Wed Mar 11 07:20:00 UTC 2020 /home/travis/build/icyphy/ptII/ptolemy/actor/lib/test/auto/arrayType24.xml
----------------- Instantiating /home/travis/build/icyphy/ptII/ptolemy/actor/lib/test/auto/arrayType24.xml
1 ms. Memory: 477184K Free: 219461K (46%)
----------------- Invoking toplevel() on ptolemy.moml.MoMLSimpleApplication@342ae2ee
----------------- Done invoking toplevel() on ptolemy.moml.MoMLSimpleApplication@342ae2ee
reloadAllAccessors: .arrayType24

===========================================================================================
----------------- testing Wed Mar 11 07:20:00 UTC 2020 /home/travis/build/icyphy/ptII/ptolemy/actor/lib/test/auto/arrayType25.xml
----------------- Instantiating /home/travis/build/icyphy/ptII/ptolemy/actor/lib/test/auto/arrayType25.xml
1 ms. Memory: 477184K Free: 214341K (45%)
----------------- Invoking toplevel() on ptolemy.moml.MoMLSimpleApplication@3a8da35b
----------------- Done invoking toplevel() on ptolemy.moml.MoMLSimpleApplication@3a8da35b
reloadAllAccessors: .arrayType25

===========================================================================================
----------------- testing Wed Mar 11 07:20:00 UTC 2020 /home/travis/build/icyphy/ptII/ptolemy/actor/lib/test/auto/arrayType26.xml
----------------- Instantiating /home/travis/build/icyphy/ptII/ptolemy/actor/lib/test/auto/arrayType26.xml
1 ms. Memory: 477184K Free: 208711K (44%)
----------------- Invoking toplevel() on ptolemy.moml.MoMLSimpleApplication@3c556eba
----------------- Done invoking toplevel() on ptolemy.moml.MoMLSimpleApplication@3c556eba
reloadAllAccessors: .arrayType26

===========================================================================================
----------------- testing Wed Mar 11 07:20:00 UTC 2020 /home/travis/build/icyphy/ptII/ptolemy/actor/lib/test/auto/arrayType27.xml
----------------- Instantiating /home/travis/build/icyphy/ptII/ptolemy/actor/lib/test/auto/arrayType27.xml
1 ms. Memory: 477184K Free: 203591K (43%)
----------------- Invoking toplevel() on ptolemy.moml.MoMLSimpleApplication@1e85b71d
----------------- Done invoking toplevel() on ptolemy.moml.MoMLSimpleApplication@1e85b71d
reloadAllAccessors: .arrayType27

===========================================================================================
----------------- testing Wed Mar 11 07:20:00 UTC 2020 /home/travis/build/icyphy/ptII/ptolemy/actor/lib/test/auto/arrayType28.xml
----------------- Instantiating /home/travis/build/icyphy/ptII/ptolemy/actor/lib/test/auto/arrayType28.xml
1 ms. Memory: 477184K Free: 198471K (42%)
----------------- Invoking toplevel() on ptolemy.moml.MoMLSimpleApplication@5a291996
----------------- Done invoking toplevel() on ptolemy.moml.MoMLSimpleApplication@5a291996
reloadAllAccessors: .arrayType28

===========================================================================================
----------------- testing Wed Mar 11 07:20:00 UTC 2020 /home/travis/build/icyphy/ptII/ptolemy/actor/lib/test/auto/arrayType3.xml
----------------- Instantiating /home/travis/build/icyphy/ptII/ptolemy/actor/lib/test/auto/arrayType3.xml
2 ms. Memory: 477184K Free: 192837K (40%)
----------------- Invoking toplevel() on ptolemy.moml.MoMLSimpleApplication@75d12568
----------------- Done invoking toplevel() on ptolemy.moml.MoMLSimpleApplication@75d12568
reloadAllAccessors: .arrayType3

===========================================================================================
----------------- testing Wed Mar 11 07:20:00 UTC 2020 /home/travis/build/icyphy/ptII/ptolemy/actor/lib/test/auto/arrayType4.xml
----------------- Instantiating /home/travis/build/icyphy/ptII/ptolemy/actor/lib/test/auto/arrayType4.xml
6 ms. Memory: 477184K Free: 187717K (39%)
----------------- Invoking toplevel() on ptolemy.moml.MoMLSimpleApplication@33d33fe2
----------------- Done invoking toplevel() on ptolemy.moml.MoMLSimpleApplication@33d33fe2
reloadAllAccessors: .arrayType4

===========================================================================================
----------------- testing Wed Mar 11 07:20:00 UTC 2020 /home/travis/build/icyphy/ptII/ptolemy/actor/lib/test/auto/arrayType5.xml
----------------- Instantiating /home/travis/build/icyphy/ptII/ptolemy/actor/lib/test/auto/arrayType5.xml
1 ms. Memory: 477184K Free: 182087K (38%)
----------------- Invoking toplevel() on ptolemy.moml.MoMLSimpleApplication@72376bb9
----------------- Done invoking toplevel() on ptolemy.moml.MoMLSimpleApplication@72376bb9
reloadAllAccessors: .arrayType5

===========================================================================================
----------------- testing Wed Mar 11 07:20:00 UTC 2020 /home/travis/build/icyphy/ptII/ptolemy/actor/lib/test/auto/arrayType6.xml
----------------- Instantiating /home/travis/build/icyphy/ptII/ptolemy/actor/lib/test/auto/arrayType6.xml
1 ms. Memory: 477184K Free: 177477K (37%)
----------------- Invoking toplevel() on ptolemy.moml.MoMLSimpleApplication@4044adbb
----------------- Done invoking toplevel() on ptolemy.moml.MoMLSimpleApplication@4044adbb
reloadAllAccessors: .arrayType6

===========================================================================================
----------------- testing Wed Mar 11 07:20:00 UTC 2020 /home/travis/build/icyphy/ptII/ptolemy/actor/lib/test/auto/arrayType7.xml
----------------- Instantiating /home/travis/build/icyphy/ptII/ptolemy/actor/lib/test/auto/arrayType7.xml
1 ms. Memory: 477184K Free: 172871K (36%)
----------------- Invoking toplevel() on ptolemy.moml.MoMLSimpleApplication@3805a59d
----------------- Done invoking toplevel() on ptolemy.moml.MoMLSimpleApplication@3805a59d
reloadAllAccessors: .arrayType7

===========================================================================================
----------------- testing Wed Mar 11 07:20:00 UTC 2020 /home/travis/build/icyphy/ptII/ptolemy/actor/lib/test/auto/arrayType8.xml
----------------- Instantiating /home/travis/build/icyphy/ptII/ptolemy/actor/lib/test/auto/arrayType8.xml
5 ms. Memory: 477184K Free: 167751K (35%)
----------------- Invoking toplevel() on ptolemy.moml.MoMLSimpleApplication@24048d14
----------------- Done invoking toplevel() on ptolemy.moml.MoMLSimpleApplication@24048d14
reloadAllAccessors: .arrayType8

===========================================================================================
----------------- testing Wed Mar 11 07:20:00 UTC 2020 /home/travis/build/icyphy/ptII/ptolemy/actor/lib/test/auto/arrayType9.xml
----------------- Instantiating /home/travis/build/icyphy/ptII/ptolemy/actor/lib/test/auto/arrayType9.xml
1 ms. Memory: 477184K Free: 163141K (34%)
----------------- Invoking toplevel() on ptolemy.moml.MoMLSimpleApplication@510f7b80
----------------- Done invoking toplevel() on ptolemy.moml.MoMLSimpleApplication@510f7b80
reloadAllAccessors: .arrayType9

===========================================================================================
----------------- testing Wed Mar 11 07:20:00 UTC 2020 /home/travis/build/icyphy/ptII/ptolemy/actor/lib/test/auto/cast.xml
----------------- Instantiating /home/travis/build/icyphy/ptII/ptolemy/actor/lib/test/auto/cast.xml
2 ms. Memory: 477184K Free: 416503K (87%)
----------------- Invoking toplevel() on ptolemy.moml.MoMLSimpleApplication@6d31787d
----------------- Done invoking toplevel() on ptolemy.moml.MoMLSimpleApplication@6d31787d
reloadAllAccessors: .cast

===========================================================================================
----------------- testing Wed Mar 11 07:20:00 UTC 2020 /home/travis/build/icyphy/ptII/ptolemy/actor/lib/test/auto/compositeMultiPort.xml
----------------- Instantiating /home/travis/build/icyphy/ptII/ptolemy/actor/lib/test/auto/compositeMultiPort.xml
2 ms. Memory: 477184K Free: 407801K (85%)
----------------- Invoking toplevel() on ptolemy.moml.MoMLSimpleApplication@6b78f567
----------------- Done invoking toplevel() on ptolemy.moml.MoMLSimpleApplication@6b78f567
reloadAllAccessors: .compositeMultiPort

===========================================================================================
----------------- testing Wed Mar 11 07:20:00 UTC 2020 /home/travis/build/icyphy/ptII/ptolemy/actor/lib/test/auto/expressionCastInference.xml
----------------- Instantiating /home/travis/build/icyphy/ptII/ptolemy/actor/lib/test/auto/expressionCastInference.xml
2 ms. Memory: 477184K Free: 403191K (84%)
----------------- Invoking toplevel() on ptolemy.moml.MoMLSimpleApplication@2a40be8
----------------- Done invoking toplevel() on ptolemy.moml.MoMLSimpleApplication@2a40be8
reloadAllAccessors: .expressionCastInference

===========================================================================================
----------------- testing Wed Mar 11 07:20:00 UTC 2020 /home/travis/build/icyphy/ptII/ptolemy/actor/lib/test/auto/expressionCastInference2.xml
----------------- Instantiating /home/travis/build/icyphy/ptII/ptolemy/actor/lib/test/auto/expressionCastInference2.xml
2 ms. Memory: 477184K Free: 398071K (83%)
----------------- Invoking toplevel() on ptolemy.moml.MoMLSimpleApplication@5b06b4f4
----------------- Done invoking toplevel() on ptolemy.moml.MoMLSimpleApplication@5b06b4f4
reloadAllAccessors: .expressionCastInference2

===========================================================================================
----------------- testing Wed Mar 11 07:20:00 UTC 2020 /home/travis/build/icyphy/ptII/ptolemy/actor/lib/test/auto/expressionInference.xml
----------------- Instantiating /home/travis/build/icyphy/ptII/ptolemy/actor/lib/test/auto/expressionInference.xml
1 ms. Memory: 477184K Free: 393975K (83%)
----------------- Invoking toplevel() on ptolemy.moml.MoMLSimpleApplication@3fe533a3
----------------- Done invoking toplevel() on ptolemy.moml.MoMLSimpleApplication@3fe533a3
reloadAllAccessors: .expressionInference

===========================================================================================
----------------- testing Wed Mar 11 07:20:00 UTC 2020 /home/travis/build/icyphy/ptII/ptolemy/actor/lib/test/auto/expression_bug.xml
----------------- Instantiating /home/travis/build/icyphy/ptII/ptolemy/actor/lib/test/auto/expression_bug.xml
1 ms. Memory: 477184K Free: 388855K (81%)
----------------- Invoking toplevel() on ptolemy.moml.MoMLSimpleApplication@2685e207
----------------- Done invoking toplevel() on ptolemy.moml.MoMLSimpleApplication@2685e207
reloadAllAccessors: .expression_bug

===========================================================================================
----------------- testing Wed Mar 11 07:20:00 UTC 2020 /home/travis/build/icyphy/ptII/ptolemy/actor/lib/test/auto/factorial.xml
----------------- Instantiating /home/travis/build/icyphy/ptII/ptolemy/actor/lib/test/auto/factorial.xml
35 ms. Memory: 477184K Free: 380663K (80%)
----------------- Invoking toplevel() on ptolemy.moml.MoMLSimpleApplication@218ef9c2
----------------- Done invoking toplevel() on ptolemy.moml.MoMLSimpleApplication@218ef9c2
reloadAllAccessors: .factorial

===========================================================================================
----------------- testing Wed Mar 11 07:20:00 UTC 2020 /home/travis/build/icyphy/ptII/ptolemy/actor/lib/test/auto/filterTest1.xml
----------------- Instantiating /home/travis/build/icyphy/ptII/ptolemy/actor/lib/test/auto/filterTest1.xml
2 ms. Memory: 477184K Free: 374519K (78%)
----------------- Invoking toplevel() on ptolemy.moml.MoMLSimpleApplication@24b66528
----------------- Done invoking toplevel() on ptolemy.moml.MoMLSimpleApplication@24b66528
reloadAllAccessors: .filterTest1

===========================================================================================
----------------- testing Wed Mar 11 07:20:00 UTC 2020 /home/travis/build/icyphy/ptII/ptolemy/actor/lib/test/auto/funcApplyInConst.xml
----------------- Instantiating /home/travis/build/icyphy/ptII/ptolemy/actor/lib/test/auto/funcApplyInConst.xml
1 ms. Memory: 477184K Free: 370937K (78%)
----------------- Invoking toplevel() on ptolemy.moml.MoMLSimpleApplication@3c9da7d5
----------------- Done invoking toplevel() on ptolemy.moml.MoMLSimpleApplication@3c9da7d5
reloadAllAccessors: .funcApplyInConst

===========================================================================================
----------------- testing Wed Mar 11 07:20:00 UTC 2020 /home/travis/build/icyphy/ptII/ptolemy/actor/lib/test/auto/funcApplyInExpr.xml
----------------- Instantiating /home/travis/build/icyphy/ptII/ptolemy/actor/lib/test/auto/funcApplyInExpr.xml
1 ms. Memory: 477184K Free: 367351K (77%)
----------------- Invoking toplevel() on ptolemy.moml.MoMLSimpleApplication@2c12d7fe
----------------- Done invoking toplevel() on ptolemy.moml.MoMLSimpleApplication@2c12d7fe
reloadAllAccessors: .funcApplyInExpr

===========================================================================================
----------------- testing Wed Mar 11 07:20:00 UTC 2020 /home/travis/build/icyphy/ptII/ptolemy/actor/lib/test/auto/function.xml
----------------- Instantiating /home/travis/build/icyphy/ptII/ptolemy/actor/lib/test/auto/function.xml
2 ms. Memory: 477184K Free: 362231K (76%)
----------------- Invoking toplevel() on ptolemy.moml.MoMLSimpleApplication@566b3c22
----------------- Done invoking toplevel() on ptolemy.moml.MoMLSimpleApplication@566b3c22
reloadAllAccessors: .function

===========================================================================================
----------------- testing Wed Mar 11 07:20:00 UTC 2020 /home/travis/build/icyphy/ptII/ptolemy/actor/lib/test/auto/function2.xml
----------------- Instantiating /home/travis/build/icyphy/ptII/ptolemy/actor/lib/test/auto/function2.xml
1 ms. Memory: 477184K Free: 357625K (75%)
----------------- Invoking toplevel() on ptolemy.moml.MoMLSimpleApplication@1c891512
----------------- Done invoking toplevel() on ptolemy.moml.MoMLSimpleApplication@1c891512
reloadAllAccessors: .function2

===========================================================================================
----------------- testing Wed Mar 11 07:20:00 UTC 2020 /home/travis/build/icyphy/ptII/ptolemy/actor/lib/test/auto/function3.xml
----------------- Instantiating /home/travis/build/icyphy/ptII/ptolemy/actor/lib/test/auto/function3.xml
1 ms. Memory: 477184K Free: 353529K (74%)
----------------- Invoking toplevel() on ptolemy.moml.MoMLSimpleApplication@1db8e1d5
----------------- Done invoking toplevel() on ptolemy.moml.MoMLSimpleApplication@1db8e1d5
reloadAllAccessors: .function3

===========================================================================================
----------------- testing Wed Mar 11 07:20:00 UTC 2020 /home/travis/build/icyphy/ptII/ptolemy/actor/lib/test/auto/functionClosureTest1.xml
----------------- Instantiating /home/travis/build/icyphy/ptII/ptolemy/actor/lib/test/auto/functionClosureTest1.xml
1 ms. Memory: 477184K Free: 347889K (73%)
----------------- Invoking toplevel() on ptolemy.moml.MoMLSimpleApplication@452ff162
----------------- Done invoking toplevel() on ptolemy.moml.MoMLSimpleApplication@452ff162
reloadAllAccessors: .functionClosureTest1

===========================================================================================
----------------- testing Wed Mar 11 07:20:00 UTC 2020 /home/travis/build/icyphy/ptII/ptolemy/actor/lib/test/auto/functionClosureTest2.xml
----------------- Instantiating /home/travis/build/icyphy/ptII/ptolemy/actor/lib/test/auto/functionClosureTest2.xml
1 ms. Memory: 477184K Free: 343799K (72%)
----------------- Invoking toplevel() on ptolemy.moml.MoMLSimpleApplication@1c89b3ff
----------------- Done invoking toplevel() on ptolemy.moml.MoMLSimpleApplication@1c89b3ff
reloadAllAccessors: .functionClosureTest2

===========================================================================================
----------------- testing Wed Mar 11 07:20:00 UTC 2020 /home/travis/build/icyphy/ptII/ptolemy/actor/lib/test/auto/functionClosureTest3.xml
----------------- Instantiating /home/travis/build/icyphy/ptII/ptolemy/actor/lib/test/auto/functionClosureTest3.xml
2 ms. Memory: 477184K Free: 338679K (71%)
----------------- Invoking toplevel() on ptolemy.moml.MoMLSimpleApplication@1c5c4623
----------------- Done invoking toplevel() on ptolemy.moml.MoMLSimpleApplication@1c5c4623
reloadAllAccessors: .functionClosureTest3

===========================================================================================
----------------- testing Wed Mar 11 07:20:00 UTC 2020 /home/travis/build/icyphy/ptII/ptolemy/actor/lib/test/auto/functionClosureTest4.xml
----------------- Instantiating /home/travis/build/icyphy/ptII/ptolemy/actor/lib/test/auto/functionClosureTest4.xml
4 ms. Memory: 477184K Free: 332025K (70%)
----------------- Invoking toplevel() on ptolemy.moml.MoMLSimpleApplication@43669d00
----------------- Done invoking toplevel() on ptolemy.moml.MoMLSimpleApplication@43669d00
reloadAllAccessors: .functionClosureTest4

===========================================================================================
----------------- testing Wed Mar 11 07:20:00 UTC 2020 /home/travis/build/icyphy/ptII/ptolemy/actor/lib/test/auto/functionClosureTest5.xml
----------------- Instantiating /home/travis/build/icyphy/ptII/ptolemy/actor/lib/test/auto/functionClosureTest5.xml
3 ms. Memory: 477184K Free: 326905K (69%)
----------------- Invoking toplevel() on ptolemy.moml.MoMLSimpleApplication@59412ea2
----------------- Done invoking toplevel() on ptolemy.moml.MoMLSimpleApplication@59412ea2
reloadAllAccessors: .functionClosureTest5

===========================================================================================
----------------- testing Wed Mar 11 07:20:00 UTC 2020 /home/travis/build/icyphy/ptII/ptolemy/actor/lib/test/auto/functionClosureTest6.xml
----------------- Instantiating /home/travis/build/icyphy/ptII/ptolemy/actor/lib/test/auto/functionClosureTest6.xml
2 ms. Memory: 477184K Free: 322289K (68%)
----------------- Invoking toplevel() on ptolemy.moml.MoMLSimpleApplication@6e6296eb
----------------- Done invoking toplevel() on ptolemy.moml.MoMLSimpleApplication@6e6296eb
reloadAllAccessors: .functionClosureTest6

===========================================================================================
----------------- testing Wed Mar 11 07:20:00 UTC 2020 /home/travis/build/icyphy/ptII/ptolemy/actor/lib/test/auto/functionsOnArcs.xml
----------------- Instantiating /home/travis/build/icyphy/ptII/ptolemy/actor/lib/test/auto/functionsOnArcs.xml
2 ms. Memory: 477184K Free: 316665K (66%)
----------------- Invoking toplevel() on ptolemy.moml.MoMLSimpleApplication@361f6562
----------------- Done invoking toplevel() on ptolemy.moml.MoMLSimpleApplication@361f6562
reloadAllAccessors: .functionsOnArcs

===========================================================================================
----------------- testing Wed Mar 11 07:20:00 UTC 2020 /home/travis/build/icyphy/ptII/ptolemy/actor/lib/test/auto/functionsOnArcsHOF.xml
----------------- Instantiating /home/travis/build/icyphy/ptII/ptolemy/actor/lib/test/auto/functionsOnArcsHOF.xml
4 ms. Memory: 477184K Free: 311031K (65%)
----------------- Invoking toplevel() on ptolemy.moml.MoMLSimpleApplication@4db4b9e1
----------------- Done invoking toplevel() on ptolemy.moml.MoMLSimpleApplication@4db4b9e1
reloadAllAccessors: .functionsOnArcsHOF

===========================================================================================
----------------- testing Wed Mar 11 07:20:00 UTC 2020 /home/travis/build/icyphy/ptII/ptolemy/actor/lib/test/auto/logic.xml
----------------- Instantiating /home/travis/build/icyphy/ptII/ptolemy/actor/lib/test/auto/logic.xml
2 ms. Memory: 477184K Free: 303353K (64%)
----------------- Invoking toplevel() on ptolemy.moml.MoMLSimpleApplication@356e9460
----------------- Done invoking toplevel() on ptolemy.moml.MoMLSimpleApplication@356e9460
reloadAllAccessors: .logic

===========================================================================================
----------------- testing Wed Mar 11 07:20:00 UTC 2020 /home/travis/build/icyphy/ptII/ptolemy/actor/lib/test/auto/matrixType.xml
----------------- Instantiating /home/travis/build/icyphy/ptII/ptolemy/actor/lib/test/auto/matrixType.xml
1 ms. Memory: 477184K Free: 298743K (63%)
----------------- Invoking toplevel() on ptolemy.moml.MoMLSimpleApplication@61099005
----------------- Done invoking toplevel() on ptolemy.moml.MoMLSimpleApplication@61099005
reloadAllAccessors: .matrixType

===========================================================================================
----------------- testing Wed Mar 11 07:20:00 UTC 2020 /home/travis/build/icyphy/ptII/ptolemy/actor/lib/test/auto/matrixType10.xml
----------------- Instantiating /home/travis/build/icyphy/ptII/ptolemy/actor/lib/test/auto/matrixType10.xml
1 ms. Memory: 477184K Free: 293623K (62%)
----------------- Invoking toplevel() on ptolemy.moml.MoMLSimpleApplication@517a7bf3
----------------- Done invoking toplevel() on ptolemy.moml.MoMLSimpleApplication@517a7bf3
reloadAllAccessors: .matrixType10

===========================================================================================
----------------- testing Wed Mar 11 07:20:00 UTC 2020 /home/travis/build/icyphy/ptII/ptolemy/actor/lib/test/auto/matrixType11.xml
----------------- Instantiating /home/travis/build/icyphy/ptII/ptolemy/actor/lib/test/auto/matrixType11.xml
2 ms. Memory: 477184K Free: 289017K (61%)
----------------- Invoking toplevel() on ptolemy.moml.MoMLSimpleApplication@23118272
----------------- Done invoking toplevel() on ptolemy.moml.MoMLSimpleApplication@23118272
reloadAllAccessors: .matrixType11

===========================================================================================
----------------- testing Wed Mar 11 07:20:00 UTC 2020 /home/travis/build/icyphy/ptII/ptolemy/actor/lib/test/auto/matrixType12.xml
----------------- Instantiating /home/travis/build/icyphy/ptII/ptolemy/actor/lib/test/auto/matrixType12.xml
1 ms. Memory: 477184K Free: 283897K (59%)
----------------- Invoking toplevel() on ptolemy.moml.MoMLSimpleApplication@be6e6dc
----------------- Done invoking toplevel() on ptolemy.moml.MoMLSimpleApplication@be6e6dc
reloadAllAccessors: .matrixType12

===========================================================================================
----------------- testing Wed Mar 11 07:20:00 UTC 2020 /home/travis/build/icyphy/ptII/ptolemy/actor/lib/test/auto/matrixType13.xml
----------------- Instantiating /home/travis/build/icyphy/ptII/ptolemy/actor/lib/test/auto/matrixType13.xml
1 ms. Memory: 477184K Free: 279287K (59%)
----------------- Invoking toplevel() on ptolemy.moml.MoMLSimpleApplication@234f674e
----------------- Done invoking toplevel() on ptolemy.moml.MoMLSimpleApplication@234f674e
reloadAllAccessors: .matrixType13

===========================================================================================
----------------- testing Wed Mar 11 07:20:00 UTC 2020 /home/travis/build/icyphy/ptII/ptolemy/actor/lib/test/auto/matrixType14.xml
----------------- Instantiating /home/travis/build/icyphy/ptII/ptolemy/actor/lib/test/auto/matrixType14.xml
2 ms. Memory: 477184K Free: 274167K (57%)
----------------- Invoking toplevel() on ptolemy.moml.MoMLSimpleApplication@7c08c69d
----------------- Done invoking toplevel() on ptolemy.moml.MoMLSimpleApplication@7c08c69d
reloadAllAccessors: .matrixType14

===========================================================================================
----------------- testing Wed Mar 11 07:20:00 UTC 2020 /home/travis/build/icyphy/ptII/ptolemy/actor/lib/test/auto/matrixType2.xml
----------------- Instantiating /home/travis/build/icyphy/ptII/ptolemy/actor/lib/test/auto/matrixType2.xml
3 ms. Memory: 477184K Free: 269047K (56%)
----------------- Invoking toplevel() on ptolemy.moml.MoMLSimpleApplication@2503a76a
----------------- Done invoking toplevel() on ptolemy.moml.MoMLSimpleApplication@2503a76a
reloadAllAccessors: .matrixType2

===========================================================================================
----------------- testing Wed Mar 11 07:20:00 UTC 2020 /home/travis/build/icyphy/ptII/ptolemy/actor/lib/test/auto/matrixType3.xml
----------------- Instantiating /home/travis/build/icyphy/ptII/ptolemy/actor/lib/test/auto/matrixType3.xml
3 ms. Memory: 477184K Free: 263927K (55%)
----------------- Invoking toplevel() on ptolemy.moml.MoMLSimpleApplication@577c56fa
----------------- Done invoking toplevel() on ptolemy.moml.MoMLSimpleApplication@577c56fa
reloadAllAccessors: .matrixType3

===========================================================================================
----------------- testing Wed Mar 11 07:20:00 UTC 2020 /home/travis/build/icyphy/ptII/ptolemy/actor/lib/test/auto/matrixType4.xml
----------------- Instantiating /home/travis/build/icyphy/ptII/ptolemy/actor/lib/test/auto/matrixType4.xml
1 ms. Memory: 477184K Free: 259321K (54%)
----------------- Invoking toplevel() on ptolemy.moml.MoMLSimpleApplication@150c136c
----------------- Done invoking toplevel() on ptolemy.moml.MoMLSimpleApplication@150c136c
reloadAllAccessors: .matrixType4

===========================================================================================
----------------- testing Wed Mar 11 07:20:00 UTC 2020 /home/travis/build/icyphy/ptII/ptolemy/actor/lib/test/auto/matrixType5.xml
----------------- Instantiating /home/travis/build/icyphy/ptII/ptolemy/actor/lib/test/auto/matrixType5.xml
1 ms. Memory: 477184K Free: 254201K (53%)
----------------- Invoking toplevel() on ptolemy.moml.MoMLSimpleApplication@60e41d5b
----------------- Done invoking toplevel() on ptolemy.moml.MoMLSimpleApplication@60e41d5b
reloadAllAccessors: .matrixType5

===========================================================================================
----------------- testing Wed Mar 11 07:20:00 UTC 2020 /home/travis/build/icyphy/ptII/ptolemy/actor/lib/test/auto/matrixType6.xml
----------------- Instantiating /home/travis/build/icyphy/ptII/ptolemy/actor/lib/test/auto/matrixType6.xml
2 ms. Memory: 477184K Free: 249591K (52%)
----------------- Invoking toplevel() on ptolemy.moml.MoMLSimpleApplication@71826e3f
----------------- Done invoking toplevel() on ptolemy.moml.MoMLSimpleApplication@71826e3f
reloadAllAccessors: .matrixType6

===========================================================================================
----------------- testing Wed Mar 11 07:20:00 UTC 2020 /home/travis/build/icyphy/ptII/ptolemy/actor/lib/test/auto/matrixType7.xml
----------------- Instantiating /home/travis/build/icyphy/ptII/ptolemy/actor/lib/test/auto/matrixType7.xml
2 ms. Memory: 477184K Free: 244471K (51%)
----------------- Invoking toplevel() on ptolemy.moml.MoMLSimpleApplication@455053e5
----------------- Done invoking toplevel() on ptolemy.moml.MoMLSimpleApplication@455053e5
reloadAllAccessors: .matrixType7

===========================================================================================
----------------- testing Wed Mar 11 07:20:00 UTC 2020 /home/travis/build/icyphy/ptII/ptolemy/actor/lib/test/auto/matrixType8.xml
----------------- Instantiating /home/travis/build/icyphy/ptII/ptolemy/actor/lib/test/auto/matrixType8.xml
1 ms. Memory: 477184K Free: 239865K (50%)
----------------- Invoking toplevel() on ptolemy.moml.MoMLSimpleApplication@19acd5f2
----------------- Done invoking toplevel() on ptolemy.moml.MoMLSimpleApplication@19acd5f2
reloadAllAccessors: .matrixType8

===========================================================================================
----------------- testing Wed Mar 11 07:20:00 UTC 2020 /home/travis/build/icyphy/ptII/ptolemy/actor/lib/test/auto/matrixType9.xml
----------------- Instantiating /home/travis/build/icyphy/ptII/ptolemy/actor/lib/test/auto/matrixType9.xml
1 ms. Memory: 477184K Free: 234745K (49%)
----------------- Invoking toplevel() on ptolemy.moml.MoMLSimpleApplication@50893b15
----------------- Done invoking toplevel() on ptolemy.moml.MoMLSimpleApplication@50893b15
reloadAllAccessors: .matrixType9

===========================================================================================
----------------- testing Wed Mar 11 07:20:00 UTC 2020 /home/travis/build/icyphy/ptII/ptolemy/actor/lib/test/auto/paraFunctest.xml
----------------- Instantiating /home/travis/build/icyphy/ptII/ptolemy/actor/lib/test/auto/paraFunctest.xml
1 ms. Memory: 477184K Free: 230649K (48%)
----------------- Invoking toplevel() on ptolemy.moml.MoMLSimpleApplication@37ee5085
----------------- Done invoking toplevel() on ptolemy.moml.MoMLSimpleApplication@37ee5085
reloadAllAccessors: .paraFunctest

===========================================================================================
----------------- testing Wed Mar 11 07:20:00 UTC 2020 /home/travis/build/icyphy/ptII/ptolemy/actor/lib/test/auto/paraFunctest2.xml
----------------- Instantiating /home/travis/build/icyphy/ptII/ptolemy/actor/lib/test/auto/paraFunctest2.xml
1 ms. Memory: 477184K Free: 226553K (47%)
----------------- Invoking toplevel() on ptolemy.moml.MoMLSimpleApplication@65734f6a
----------------- Done invoking toplevel() on ptolemy.moml.MoMLSimpleApplication@65734f6a
reloadAllAccessors: .paraFunctest2

===========================================================================================
----------------- testing Wed Mar 11 07:20:00 UTC 2020 /home/travis/build/icyphy/ptII/ptolemy/actor/lib/test/auto/parameterPassing.xml
----------------- Instantiating /home/travis/build/icyphy/ptII/ptolemy/actor/lib/test/auto/parameterPassing.xml
1 ms. Memory: 477184K Free: 222457K (47%)
----------------- Invoking toplevel() on ptolemy.moml.MoMLSimpleApplication@1310bf82
----------------- Done invoking toplevel() on ptolemy.moml.MoMLSimpleApplication@1310bf82
reloadAllAccessors: .parameterPassing

===========================================================================================
----------------- testing Wed Mar 11 07:20:00 UTC 2020 /home/travis/build/icyphy/ptII/ptolemy/actor/lib/test/auto/record.xml
----------------- Instantiating /home/travis/build/icyphy/ptII/ptolemy/actor/lib/test/auto/record.xml
1 ms. Memory: 477184K Free: 217337K (46%)
----------------- Invoking toplevel() on ptolemy.moml.MoMLSimpleApplication@68783ad4
----------------- Done invoking toplevel() on ptolemy.moml.MoMLSimpleApplication@68783ad4
reloadAllAccessors: .record

===========================================================================================
----------------- testing Wed Mar 11 07:20:00 UTC 2020 /home/travis/build/icyphy/ptII/ptolemy/actor/lib/test/auto/sizedarray1.xml
----------------- Instantiating /home/travis/build/icyphy/ptII/ptolemy/actor/lib/test/auto/sizedarray1.xml
1 ms. Memory: 477184K Free: 212217K (44%)
----------------- Invoking toplevel() on ptolemy.moml.MoMLSimpleApplication@3dbf0103
----------------- Done invoking toplevel() on ptolemy.moml.MoMLSimpleApplication@3dbf0103
reloadAllAccessors: .sizedarray1

===========================================================================================
----------------- testing Wed Mar 11 07:20:00 UTC 2020 /home/travis/build/icyphy/ptII/ptolemy/actor/lib/test/auto/sizedarray2.xml
----------------- Instantiating /home/travis/build/icyphy/ptII/ptolemy/actor/lib/test/auto/sizedarray2.xml
2 ms. Memory: 477184K Free: 206583K (43%)
----------------- Invoking toplevel() on ptolemy.moml.MoMLSimpleApplication@5a7354a0
----------------- Done invoking toplevel() on ptolemy.moml.MoMLSimpleApplication@5a7354a0
reloadAllAccessors: .sizedarray2

===========================================================================================
----------------- testing Wed Mar 11 07:20:00 UTC 2020 /home/travis/build/icyphy/ptII/ptolemy/actor/lib/test/auto/twoPublishers.xml
----------------- Instantiating /home/travis/build/icyphy/ptII/ptolemy/actor/lib/test/auto/twoPublishers.xml
5 ms. Memory: 477184K Free: 196329K (41%)
----------------- Invoking toplevel() on ptolemy.moml.MoMLSimpleApplication@27ea3893
----------------- Done invoking toplevel() on ptolemy.moml.MoMLSimpleApplication@27ea3893
reloadAllAccessors: .twoPublishers
AutoTests.java: About to close Vertx.
AutoTests.java: Vertx closed.
]]></system-out>
  <system-err><![CDATA[java.lang.RuntimeException: Execution failed
	at ptolemy.moml.MoMLSimpleApplication$UnloadThread.run(MoMLSimpleApplication.java:402)
Caused by: java.lang.RuntimeException: StringUtilities.exit() was called. Normally, we would exit here because Manager.exitAfterWrapup() was called.  However, because the ptolemy.ptII.exitAfterWrapup property is set, we throw this exception instead.
	at ptolemy.util.StringUtilities.exit(StringUtilities.java:365)
	at ptolemy.actor.Manager.wrapup(Manager.java:1549)
	at ptolemy.actor.Manager.execute(Manager.java:407)
	at ptolemy.actor.Manager.run(Manager.java:1263)
	at ptolemy.actor.Manager$PtolemyRunThread.run(Manager.java:1933)
Warning: '.top.test' is in training mode, set the trainingMode parameter to false before checking in
Warning: '.top.test' is in training mode, set the trainingMode parameter to false before checking in
Warning: '.top.test' is in training mode, set the trainingMode parameter to false before checking in
Warning: '.BooleanSwitch_RegressionTest_WrongTrainingValues.Test' is in training mode, set the trainingMode parameter to false before checking in
Warning: '.BooleanSwitch_RegressionTest_WrongTrainingValues.Test2' is in training mode, set the trainingMode parameter to false before checking in
Warning: '.BooleanSwitch_RegressionTest_WrongTrainingValues.Test2' The test produced 0 tokens.
Warning: '.top.testExceptionHandler' is in training mode, set the trainingMode parameter to false before checking in
java.lang.RuntimeException: Execution failed
	at ptolemy.moml.MoMLSimpleApplication$UnloadThread.run(MoMLSimpleApplication.java:402)
Caused by: ptolemy.kernel.util.IllegalActionException: PublisherPorts cannot be used at the top level, use a Publisher actor instead.
  in .PublisherPortToplevelSubscriber.PublisherPort
	at ptolemy.actor.PublisherPort.preinitialize(PublisherPort.java:403)
	at ptolemy.actor.CompositeActor.preinitialize(CompositeActor.java:1769)
	at ptolemy.actor.Manager.preinitializeAndResolveTypes(Manager.java:1040)
	at ptolemy.actor.Manager.initialize(Manager.java:710)
	at ptolemy.actor.Manager.execute(Manager.java:356)
	at ptolemy.actor.Manager.run(Manager.java:1263)
	at ptolemy.actor.Manager$PtolemyRunThread.run(Manager.java:1933)
java.lang.reflect.InvocationTargetException
	at java.base/jdk.internal.reflect.NativeConstructorAccessorImpl.newInstance0(Native Method)
	at java.base/jdk.internal.reflect.NativeConstructorAccessorImpl.newInstance(NativeConstructorAccessorImpl.java:62)
	at java.base/jdk.internal.reflect.DelegatingConstructorAccessorImpl.newInstance(DelegatingConstructorAccessorImpl.java:45)
	at java.base/java.lang.reflect.Constructor.newInstance(Constructor.java:490)
	at ptolemy.util.test.junit.AutoKnownFailedTests.RunModel(AutoKnownFailedTests.java:105)
	at java.base/jdk.internal.reflect.NativeMethodAccessorImpl.invoke0(Native Method)
	at java.base/jdk.internal.reflect.NativeMethodAccessorImpl.invoke(NativeMethodAccessorImpl.java:62)
	at java.base/jdk.internal.reflect.DelegatingMethodAccessorImpl.invoke(DelegatingMethodAccessorImpl.java:43)
	at java.base/java.lang.reflect.Method.invoke(Method.java:566)
	at org.junit.runners.model.FrameworkMethod$1.runReflectiveCall(FrameworkMethod.java:44)
	at org.junit.internal.runners.model.ReflectiveCallable.run(ReflectiveCallable.java:15)
	at org.junit.runners.model.FrameworkMethod.invokeExplosively(FrameworkMethod.java:41)
	at junitparams.internal.InvokeParameterisedMethod.evaluate(InvokeParameterisedMethod.java:102)
	at org.junit.internal.runners.statements.FailOnTimeout$1.run(FailOnTimeout.java:28)
Caused by: ptolemy.kernel.util.IllegalActionException: PublisherPorts cannot be used at the top level, use a Publisher actor instead.
  in .PublisherPortToplevelSubscriber.PublisherPort
	at ptolemy.actor.PublisherPort.preinitialize(PublisherPort.java:403)
	at ptolemy.actor.CompositeActor.preinitialize(CompositeActor.java:1769)
	at ptolemy.actor.Manager.preinitializeAndResolveTypes(Manager.java:1040)
	at ptolemy.actor.Manager.initialize(Manager.java:710)
	at ptolemy.actor.Manager.execute(Manager.java:356)
	at ptolemy.actor.Manager.run(Manager.java:1263)
	at ptolemy.actor.Manager$PtolemyRunThread.run(Manager.java:1933)
java.lang.RuntimeException: Execution failed
	at ptolemy.moml.MoMLSimpleApplication$UnloadThread.run(MoMLSimpleApplication.java:402)
Caused by: ptolemy.kernel.util.IllegalActionException: SubscriberPorts cannot be used at the top level, use a Subscriber actor instead.
  in .PublisherSubscriberPortToplevel.SubscriberPort
	at ptolemy.actor.SubscriberPort.preinitialize(SubscriberPort.java:328)
	at ptolemy.actor.CompositeActor.preinitialize(CompositeActor.java:1769)
	at ptolemy.actor.Manager.preinitializeAndResolveTypes(Manager.java:1040)
	at ptolemy.actor.Manager.initialize(Manager.java:710)
	at ptolemy.actor.Manager.execute(Manager.java:356)
	at ptolemy.actor.Manager.run(Manager.java:1263)
	at ptolemy.actor.Manager$PtolemyRunThread.run(Manager.java:1933)
java.lang.reflect.InvocationTargetException
	at java.base/jdk.internal.reflect.NativeConstructorAccessorImpl.newInstance0(Native Method)
	at java.base/jdk.internal.reflect.NativeConstructorAccessorImpl.newInstance(NativeConstructorAccessorImpl.java:62)
	at java.base/jdk.internal.reflect.DelegatingConstructorAccessorImpl.newInstance(DelegatingConstructorAccessorImpl.java:45)
	at java.base/java.lang.reflect.Constructor.newInstance(Constructor.java:490)
	at ptolemy.util.test.junit.AutoKnownFailedTests.RunModel(AutoKnownFailedTests.java:105)
	at java.base/jdk.internal.reflect.NativeMethodAccessorImpl.invoke0(Native Method)
	at java.base/jdk.internal.reflect.NativeMethodAccessorImpl.invoke(NativeMethodAccessorImpl.java:62)
	at java.base/jdk.internal.reflect.DelegatingMethodAccessorImpl.invoke(DelegatingMethodAccessorImpl.java:43)
	at java.base/java.lang.reflect.Method.invoke(Method.java:566)
	at org.junit.runners.model.FrameworkMethod$1.runReflectiveCall(FrameworkMethod.java:44)
	at org.junit.internal.runners.model.ReflectiveCallable.run(ReflectiveCallable.java:15)
	at org.junit.runners.model.FrameworkMethod.invokeExplosively(FrameworkMethod.java:41)
	at junitparams.internal.InvokeParameterisedMethod.evaluate(InvokeParameterisedMethod.java:102)
	at org.junit.internal.runners.statements.FailOnTimeout$1.run(FailOnTimeout.java:28)
Caused by: ptolemy.kernel.util.IllegalActionException: SubscriberPorts cannot be used at the top level, use a Subscriber actor instead.
  in .PublisherSubscriberPortToplevel.SubscriberPort
	at ptolemy.actor.SubscriberPort.preinitialize(SubscriberPort.java:328)
	at ptolemy.actor.CompositeActor.preinitialize(CompositeActor.java:1769)
	at ptolemy.actor.Manager.preinitializeAndResolveTypes(Manager.java:1040)
	at ptolemy.actor.Manager.initialize(Manager.java:710)
	at ptolemy.actor.Manager.execute(Manager.java:356)
	at ptolemy.actor.Manager.run(Manager.java:1263)
	at ptolemy.actor.Manager$PtolemyRunThread.run(Manager.java:1933)
java.lang.RuntimeException: Execution failed
	at ptolemy.moml.MoMLSimpleApplication$UnloadThread.run(MoMLSimpleApplication.java:402)
Caused by: ptolemy.kernel.util.IllegalActionException: SubscriptionAggregatorPorts cannot be used at the top level, use a SubscriptionAggregator actor instead.
  in .PublisherSubscriptionAggregatorPort.SubscriptionAggregatorPort
	at ptolemy.actor.SubscriptionAggregatorPort.preinitialize(SubscriptionAggregatorPort.java:353)
	at ptolemy.actor.CompositeActor.preinitialize(CompositeActor.java:1769)
	at ptolemy.actor.Manager.preinitializeAndResolveTypes(Manager.java:1040)
	at ptolemy.actor.Manager.initialize(Manager.java:710)
	at ptolemy.actor.Manager.execute(Manager.java:356)
	at ptolemy.actor.Manager.run(Manager.java:1263)
	at ptolemy.actor.Manager$PtolemyRunThread.run(Manager.java:1933)
java.lang.reflect.InvocationTargetException
	at java.base/jdk.internal.reflect.NativeConstructorAccessorImpl.newInstance0(Native Method)
	at java.base/jdk.internal.reflect.NativeConstructorAccessorImpl.newInstance(NativeConstructorAccessorImpl.java:62)
	at java.base/jdk.internal.reflect.DelegatingConstructorAccessorImpl.newInstance(DelegatingConstructorAccessorImpl.java:45)
	at java.base/java.lang.reflect.Constructor.newInstance(Constructor.java:490)
	at ptolemy.util.test.junit.AutoKnownFailedTests.RunModel(AutoKnownFailedTests.java:105)
	at java.base/jdk.internal.reflect.NativeMethodAccessorImpl.invoke0(Native Method)
	at java.base/jdk.internal.reflect.NativeMethodAccessorImpl.invoke(NativeMethodAccessorImpl.java:62)
	at java.base/jdk.internal.reflect.DelegatingMethodAccessorImpl.invoke(DelegatingMethodAccessorImpl.java:43)
	at java.base/java.lang.reflect.Method.invoke(Method.java:566)
	at org.junit.runners.model.FrameworkMethod$1.runReflectiveCall(FrameworkMethod.java:44)
	at org.junit.internal.runners.model.ReflectiveCallable.run(ReflectiveCallable.java:15)
	at org.junit.runners.model.FrameworkMethod.invokeExplosively(FrameworkMethod.java:41)
	at junitparams.internal.InvokeParameterisedMethod.evaluate(InvokeParameterisedMethod.java:102)
	at org.junit.internal.runners.statements.FailOnTimeout$1.run(FailOnTimeout.java:28)
Caused by: ptolemy.kernel.util.IllegalActionException: SubscriptionAggregatorPorts cannot be used at the top level, use a SubscriptionAggregator actor instead.
  in .PublisherSubscriptionAggregatorPort.SubscriptionAggregatorPort
	at ptolemy.actor.SubscriptionAggregatorPort.preinitialize(SubscriptionAggregatorPort.java:353)
	at ptolemy.actor.CompositeActor.preinitialize(CompositeActor.java:1769)
	at ptolemy.actor.Manager.preinitializeAndResolveTypes(Manager.java:1040)
	at ptolemy.actor.Manager.initialize(Manager.java:710)
	at ptolemy.actor.Manager.execute(Manager.java:356)
	at ptolemy.actor.Manager.run(Manager.java:1263)
	at ptolemy.actor.Manager$PtolemyRunThread.run(Manager.java:1933)
java.lang.RuntimeException: Execution failed
	at ptolemy.moml.MoMLSimpleApplication$UnloadThread.run(MoMLSimpleApplication.java:402)
Caused by: ptolemy.kernel.util.IllegalActionException: TypeTest actor has no training data.
  in .sizedarray3.TypeTest
	at ptolemy.actor.lib.TypeTest.initialize(TypeTest.java:250)
	at ptolemy.actor.Director.initialize(Director.java:938)
	at ptolemy.actor.Director.initialize(Director.java:907)
	at ptolemy.actor.sched.StaticSchedulingDirector.initialize(StaticSchedulingDirector.java:159)
	at ptolemy.domains.sdf.kernel.SDFDirector.initialize(SDFDirector.java:544)
	at ptolemy.actor.CompositeActor.initialize(CompositeActor.java:935)
	at ptolemy.actor.Manager.initialize(Manager.java:724)
	at ptolemy.actor.Manager.execute(Manager.java:356)
	at ptolemy.actor.Manager.run(Manager.java:1263)
	at ptolemy.actor.Manager$PtolemyRunThread.run(Manager.java:1933)
java.lang.reflect.InvocationTargetException
	at java.base/jdk.internal.reflect.NativeConstructorAccessorImpl.newInstance0(Native Method)
	at java.base/jdk.internal.reflect.NativeConstructorAccessorImpl.newInstance(NativeConstructorAccessorImpl.java:62)
	at java.base/jdk.internal.reflect.DelegatingConstructorAccessorImpl.newInstance(DelegatingConstructorAccessorImpl.java:45)
	at java.base/java.lang.reflect.Constructor.newInstance(Constructor.java:490)
	at ptolemy.util.test.junit.AutoKnownFailedTests.RunModel(AutoKnownFailedTests.java:105)
	at java.base/jdk.internal.reflect.NativeMethodAccessorImpl.invoke0(Native Method)
	at java.base/jdk.internal.reflect.NativeMethodAccessorImpl.invoke(NativeMethodAccessorImpl.java:62)
	at java.base/jdk.internal.reflect.DelegatingMethodAccessorImpl.invoke(DelegatingMethodAccessorImpl.java:43)
	at java.base/java.lang.reflect.Method.invoke(Method.java:566)
	at org.junit.runners.model.FrameworkMethod$1.runReflectiveCall(FrameworkMethod.java:44)
	at org.junit.internal.runners.model.ReflectiveCallable.run(ReflectiveCallable.java:15)
	at org.junit.runners.model.FrameworkMethod.invokeExplosively(FrameworkMethod.java:41)
	at junitparams.internal.InvokeParameterisedMethod.evaluate(InvokeParameterisedMethod.java:102)
	at org.junit.internal.runners.statements.FailOnTimeout$1.run(FailOnTimeout.java:28)
Caused by: ptolemy.kernel.util.IllegalActionException: TypeTest actor has no training data.
  in .sizedarray3.TypeTest
	at ptolemy.actor.lib.TypeTest.initialize(TypeTest.java:250)
	at ptolemy.actor.Director.initialize(Director.java:938)
	at ptolemy.actor.Director.initialize(Director.java:907)
	at ptolemy.actor.sched.StaticSchedulingDirector.initialize(StaticSchedulingDirector.java:159)
	at ptolemy.domains.sdf.kernel.SDFDirector.initialize(SDFDirector.java:544)
	at ptolemy.actor.CompositeActor.initialize(CompositeActor.java:935)
	at ptolemy.actor.Manager.initialize(Manager.java:724)
	at ptolemy.actor.Manager.execute(Manager.java:356)
	at ptolemy.actor.Manager.run(Manager.java:1263)
	at ptolemy.actor.Manager$PtolemyRunThread.run(Manager.java:1933)
java.lang.RuntimeException: Execution failed
	at ptolemy.moml.MoMLSimpleApplication$UnloadThread.run(MoMLSimpleApplication.java:402)
Caused by: ptolemy.kernel.util.IllegalActionException: Test fails in iteration 0.
Value was: 6001L. Should have been: 6000L
  in .ExecutionTimeSDF.NonStrictTest
	at ptolemy.actor.lib.NonStrictTest.postfire(NonStrictTest.java:328)
	at ptolemy.actor.AtomicActor.iterate(AtomicActor.java:518)
	at ptolemy.actor.sched.StaticSchedulingDirector.fire(StaticSchedulingDirector.java:216)
	at ptolemy.domains.sdf.kernel.SDFDirector.fire(SDFDirector.java:500)
	at ptolemy.actor.CompositeActor.fire(CompositeActor.java:455)
	at ptolemy.actor.Manager.iterate(Manager.java:851)
	at ptolemy.actor.Manager.execute(Manager.java:369)
	at ptolemy.actor.Manager.run(Manager.java:1263)
	at ptolemy.actor.Manager$PtolemyRunThread.run(Manager.java:1933)
]]></system-err>
</testsuite>
