<?xml version="1.0" encoding="UTF-8" ?>
<testsuite errors="0" failures="0" hostname="travis-job-320be18c-05e9-4155-aa00-92bf82c895c7" name="ptolemy.cg.lib.test.junit.JUnitTclTest" skipped="0" tests="37" time="98.057" timestamp="2019-06-04T04:34:16">
  <properties>
    <property name="npm.executable" value="npm" />
    <property name="file.encoding.pkg" value="sun.io" />
    <property name="env.TRAVIS_ROOT" value="/" />
    <property name="ptII.mk.exists" value="true" />
    <property name="env.TRAVIS_APP_HOST" value="build.travis-ci.org" />
    <property name="env.rvm_bin_path" value="/home/travis/.rvm/bin" />
    <property name="java.home" value="/usr/lib/jvm/java-8-oracle/jre" />
    <property name="env.TRAVIS_JOB_NUMBER" value="1156.10" />
    <property name="env.TRAVIS_HOME" value="/home/travis" />
    <property name="env.DISPLAY" value=":99.0" />
    <property name="java.net.preferIPv4Stack" value="true" />
    <property name="env.TRAVIS_INIT" value="upstart" />
    <property name="env.SSH_TTY" value="/dev/pts/0" />
    <property name="env.RUN_TESTS" value="true" />
    <property name="timeout.short" value="1000000" />
    <property name="env.TRAVIS_JOB_NAME" value="" />
    <property name="env.TRAVIS_STACK_NODE_ATTRIBUTES" value="/.node-attributes.yml" />
    <property name="junit.formatter" value="xml" />
    <property name="java.endorsed.dirs" value="/usr/lib/jvm/java-8-oracle/jre/lib/endorsed" />
    <property name="env.TRAVIS_SUDO" value="true" />
    <property name="env.LOGNAME" value="travis" />
    <property name="jsdoc.home" value="node_modules/@terraswarm/jsdoc" />
    <property name="debuglevel" value="source,lines,vars" />
    <property name="checkstyle.formatter" value="xml" />
    <property name="bin.vergil.makeable" value="true" />
    <property name="env._system_version" value="14.04" />
    <property name="sun.os.patch.level" value="unknown" />
    <property name="java.vendor.url" value="http://java.oracle.com/" />
    <property name="env.TRAVIS_BUILD_WEB_URL" value="https://travis-ci.org/icyphy/ptII/builds/541053994" />
    <property name="java.version" value="1.8.0_151" />
    <property name="env.TZ" value="UTC" />
    <property name="env.PT_NO_NET" value="true" />
    <property name="env.TRAVIS_PULL_REQUEST_SHA" value="" />
    <property name="env.TRAVIS_SECURE_ENV_VARS" value="true" />
    <property name="env._system_type" value="Linux" />
    <property name="java.vendor.url.bug" value="http://bugreport.sun.com/bugreport/" />
    <property name="env.SSH_CLIENT" value="10.10.4.75 53474 22" />
    <property name="npmjs-org-is-up" value="true" />
    <property name="env.GEM_HOME" value="/home/travis/.rvm/gems/ruby-2.4.1" />
    <property name="env.HAS_ANTARES_THREE_LITTLE_FRONZIES_BADGE" value="true" />
    <property name="env.PS4" value="+" />
    <property name="ant.project.invoked-targets" value="build,test.core3.xml" />
    <property name="env.TRAVIS_PULL_REQUEST_BRANCH" value="" />
    <property name="env.TRAVIS_REPO_SLUG" value="icyphy/ptII" />
    <property name="env.TRAVIS_APT_PROXY" value="http://build-cache.travisci.net" />
    <property name="node.in.path" value="true" />
    <property name="java.maxmemory" value="1400m" />
    <property name="env.RUBY_VERSION" value="ruby-2.4.1" />
    <property name="user.name" value="travis" />
    <property name="env.LANG" value="en_US.UTF-8" />
    <property name="sun.io.unicode.encoding" value="UnicodeLittle" />
    <property name="sun.jnu.encoding" value="UTF-8" />
    <property name="java.runtime.name" value="Java(TM) SE Runtime Environment" />
    <property name="usefile" value="false" />
    <property name="return.code" value="0" />
    <property name="junit.single.formatter" value="plain" />
    <property name="env.DEBIAN_FRONTEND" value="noninteractive" />
    <property name="env.SSH_CONNECTION" value="10.10.4.75 53474 10.20.1.126 22" />
    <property name="env.MYSQL_UNIX_PORT" value="/var/run/mysqld/mysqld.sock" />
    <property name="env.TRAVIS_ALLOW_FAILURE" value="false" />
    <property name="env.LC_ALL" value="en_US.UTF-8" />
    <property name="env.TRAVIS_JOB_WEB_URL" value="https://travis-ci.org/icyphy/ptII/jobs/541054005" />
    <property name="java.specification.name" value="Java Platform API Specification" />
    <property name="node.works" value="true" />
    <property name="user.timezone" value="" />
    <property name="path.separator" value=":" />
    <property name="env.TRAVIS_ENABLE_INFRA_DETECTION" value="true" />
    <property name="env.PYTHON_CFLAGS" value="-g -fstack-protector --param=ssp-buffer-size=4 -Wformat -Werror=format-security" />
    <property name="timeout.long" value="4000000" />
    <property name="file.encoding" value="UTF-8" />
    <property name="ant.file.ptII" value="/home/travis/build/icyphy/ptII/build.xml" />
    <property name="javadoc.packagenames" value="com.*,diva.*,lbnl.*,org.hlacerti.*,org.json.*,org.ptolemy.*,org.terraswarm.*,ptolemy.*,ptserver.*" />
    <property name="env.TRAVIS_PULL_REQUEST_SLUG" value="" />
    <property name="ant.project.default-target" value="build" />
    <property name="env.GIT_ASKPASS" value="echo" />
    <property name="env.HOME" value="/home/travis" />
    <property name="sun.java.command" value="org.apache.tools.ant.taskdefs.optional.junit.JUnitTestRunner ptolemy.cg.lib.test.junit.JUnitTclTest skipNonTests=false filtertrace=true haltOnError=false haltOnFailure=false formatter=org.apache.tools.ant.taskdefs.optional.junit.OutErrSummaryJUnitResultFormatter showoutput=true outputtoformatters=true logfailedtests=true threadid=0 logtestlistenerevents=false formatter=org.apache.tools.ant.taskdefs.optional.junit.XMLJUnitResultFormatter,/home/travis/build/icyphy/ptII/reports/junit/TEST-ptolemy.cg.lib.test.junit.JUnitTclTest.xml crashfile=/home/travis/build/icyphy/ptII/junitvmwatcher2953278680596284870.properties propsfile=/home/travis/build/icyphy/ptII/junit5280150331743418518.properties" />
    <property name="env.MANPATH" value="/home/travis/.nvm/versions/node/v7.10.1/share/man:/home/travis/.kiex/elixirs/elixir-1.4.5/man:/home/travis/.rvm/rubies/ruby-2.4.1/share/man:/usr/local/man:/usr/local/cmake-3.9.2/man:/usr/local/clang-5.0.0/share/man:/usr/local/share/man:/usr/share/man:/home/travis/.rvm/man" />
    <property name="env.COMPOSER_NO_INTERACTION" value="1" />
    <property name="env.JDK_SWITCHER_DEFAULT" value="oraclejdk8" />
    <property name="env.TRAVIS_TIMER_ID" value="00690e19" />
    <property name="ant.file" value="/home/travis/build/icyphy/ptII/build.xml" />
    <property name="env.TRAVIS_COMMIT_RANGE" value="47abb69ce87b56ee6a792e39461460c56ccb059f...e5126a4801df799845d5f4b52ce416921306d716" />
    <property name="env._system_name" value="Ubuntu" />
    <property name="timeout" value="2400000" />
    <property name="ptII.classpath.optional.property" value="/home/travis/build/icyphy/ptII/lib/bsh-2.0b4.jar:/home/travis/build/icyphy/ptII/lib/ptCal.jar:/home/travis/build/icyphy/ptII/lib/java_cup.jar:/home/travis/build/icyphy/ptII/lib/saxon8.jar:/home/travis/build/icyphy/ptII/lib/saxon8-dom.jar:/home/travis/build/icyphy/ptII/lib/chic.jar:/home/travis/build/icyphy/ptII/lib/ptcolt.jar:/usr/lib/jvm/java-8-oracle/lib/tools.jar:/home/travis/build/icyphy/ptII/vendors/misc/itext/iText.jar:/home/travis/build/icyphy/ptII/lib/g4ltl.jar:/home/travis/build/icyphy/ptII/lib/StructuralCoder.jar:/home/travis/build/icyphy/ptII/vendors/jai-1_1_2_01/lib/jai_core.jar:/home/travis/build/icyphy/ptII/vendors/jai-1_1_2_01/lib/jai_codec.jar:/home/travis/build/icyphy/ptII/lib/jcerti.jar:/home/travis/build/icyphy/ptII/lib/javax.mail.jar:/home/travis/build/icyphy/ptII/vendors/JMF-2.1.1e/lib/jmf.jar:/home/travis/build/icyphy/ptII/lib/jna-4.0.0-variadic.jar:/home/travis/build/icyphy/ptII/vendors/misc/joystick/Joystick.jar:/home/travis/build/icyphy/ptII/lib/ptjacl.jar:/home/travis/build/icyphy/ptII/lib/jsoup-1.8.2.jar:/home/travis/build/icyphy/ptII/lib/junit-4.8.2.jar:/home/travis/build/icyphy/ptII/lib/JUnitParams-0.4.0.jar:/home/travis/build/icyphy/ptII/ptolemy/actor/lib/excel/jxl.jar:/home/travis/build/icyphy/ptII/lib/jython.jar:/home/travis/build/icyphy/ptII/lib/kieler.jar:/home/travis/build/icyphy/ptII/vendors/opencv/share/OpenCV/java/opencv-341.jar:/home/travis/build/icyphy/ptII/lib/oscP5.jar:/home/travis/build/icyphy/ptII/lib/nrjavaserial-3.11.0.devel.jar:/home/travis/build/icyphy/ptII/vendors/j3d/lib/j3dcore.jar:/home/travis/build/icyphy/ptII/vendors/j3d/lib/j3dutils.jar:/home/travis/build/icyphy/ptII/vendors/j3d/lib/vecmath.jar:/home/travis/build/icyphy/ptII/ptolemy/distributed/jini/jar/jini-core.jar:/home/travis/build/icyphy/ptII/ptolemy/distributed/jini/jar/jini-ext.jar:/home/travis/build/icyphy/ptII/ptolemy/distributed/jini/jar/sun-util.jar:/home/travis/build/icyphy/ptII/lib/protobuf-java-2.4.1.jar:/home/travis/build/icyphy/ptII/lib/org.eclipse.paho.client.mqttv3.jar:/home/travis/build/icyphy/ptII/lib/mapss.jar:/home/travis/build/icyphy/ptII/ptolemy/actor/ptalon/antlr/antlr.jar:/home/travis/build/icyphy/ptII/lib/JRI.jar:/home/travis/build/icyphy/ptII/lib/commons-lang-2.6.jar:/home/travis/build/icyphy/ptII/lib/commons-logging-1.1.1.jar:/home/travis/build/icyphy/ptII/lib/sootclasses.jar:/home/travis/build/icyphy/ptII/ptolemy/actor/lib/database/mysql-connector-java-5.1.6-bin.jar:/home/travis/build/icyphy/ptII/vendors/misc/sphinx4/sphinx4-data-5prealpha.jar:/home/travis/build/icyphy/ptII/vendors/misc/sphinx4/sphinx4-core-5prealpha.jar:/home/travis/build/icyphy/ptII/lib/PDFRenderer.jar:/home/travis/build/icyphy/ptII/lib/svgSalamander.jar:/home/travis/build/icyphy/ptII/lib/rsyntaxtextarea-2.6.0-SNAPSHOT.jar:/home/travis/build/icyphy/ptII/lib/hazelcast-3.8.2.jar:/home/travis/build/icyphy/ptII/lib/jackson-annotations-2.9.0.jar:/home/travis/build/icyphy/ptII/lib/jackson-core-2.9.3.jar:/home/travis/build/icyphy/ptII/lib/jackson-databind-2.9.3.jar:/home/travis/build/icyphy/ptII/lib/netty-buffer-4.1.19.Final.jar:/home/travis/build/icyphy/ptII/lib/netty-codec-4.1.19.Final.jar:/home/travis/build/icyphy/ptII/lib/netty-codec-dns-4.1.19.Final.jar:/home/travis/build/icyphy/ptII/lib/netty-codec-http-4.1.19.Final.jar:/home/travis/build/icyphy/ptII/lib/netty-codec-http2-4.1.19.Final.jar:/home/travis/build/icyphy/ptII/lib/netty-common-4.1.19.Final.jar:/home/travis/build/icyphy/ptII/lib/netty-handler-4.1.19.Final.jar:/home/travis/build/icyphy/ptII/lib/netty-resolver-4.1.19.Final.jar:/home/travis/build/icyphy/ptII/lib/netty-resolver-dns-4.1.19.Final.jar:/home/travis/build/icyphy/ptII/lib/netty-transport-4.1.19.Final.jar:/home/travis/build/icyphy/ptII/lib/vertx-codegen-3.5.1.jar:/home/travis/build/icyphy/ptII/lib/vertx-core-3.5.2-SNAPSHOT.jar:/home/travis/build/icyphy/ptII/lib/vertx-hazelcast-3.5.1.jar:/home/travis/build/icyphy/ptII/lib/vertx-lang-js-3.5.1.jar:/home/travis/build/icyphy/ptII/lib/vertx-service-proxy-3.5.1.jar:/home/travis/build/icyphy/ptII/lib/vertx-web-3.5.1.jar:/home/travis/build/icyphy/ptII/lib/slf4j-api-1.7.13.jar:/home/travis/build/icyphy/ptII/lib/slf4j-simple-1.7.13.jar:/home/travis/build/icyphy/ptII/lib/webcam-capture-0.3.12.jar:/home/travis/build/icyphy/ptII/lib/bridj-0.7.0.jar:/home/travis/build/icyphy/ptII/lib/xbjlib-1.1.0.nrjavaserial.jar" />
    <property name="test.batch" value="**/junit/*.java" />
    <property name="env._" value="/usr/bin/timeout" />
    <property name="java.io.tmpdir" value="/tmp" />
    <property name="env.TRAVIS_INTERNAL_RUBY_REGEX" value="^ruby-(2\.[0-4]\.[0-9]|1\.9\.3)" />
    <property name="user.language" value="en" />
    <property name="env.HISTCONTROL" value="ignoredups:ignorespace" />
    <property name="env.GOROOT" value="/home/travis/.gimme/versions/go1.7.4.linux.amd64" />
    <property name="line.separator" value="&#xa;" />
    <property name="target" value="1.8" />
    <property name="env.TRAVIS_BUILD_DIR" value="/home/travis/build/icyphy/ptII" />
    <property name="env.ANT_OPTS" value="-Xmx2048m" />
    <property name="ant.file.type" value="file" />
    <property name="ptolemy.ptII.batchMode" value="true" />
    <property name="env.HISTSIZE" value="1000" />
    <property name="env.MERB_ENV" value="test" />
    <property name="java.vm.info" value="mixed mode" />
    <property name="source" value="1.8" />
    <property name="java.vm.specification.name" value="Java Virtual Machine Specification" />
    <property name="env.TRAVIS_TEST_RESULT" value="0" />
    <property name="jsdoc.command" value="node_modules/@terraswarm/jsdoc/jsdoc.js" />
    <property name="npm.works" value="true" />
    <property name="cobertura.dir" value="/home/travis/build/icyphy/ptII/vendors/cobertura-2.0.3" />
    <property name="env.rvm_path" value="/home/travis/.rvm" />
    <property name="env.GEM_PATH" value="/home/travis/.rvm/gems/ruby-2.4.1:/home/travis/.rvm/gems/ruby-2.4.1@global" />
    <property name="env.LC_CTYPE" value="en_US.UTF-8" />
    <property name="java.awt.printerjob" value="sun.print.PSPrinterJob" />
    <property name="env.TRAVIS_CMD" value="$PTII/bin/ptIITravisBuild.sh $SECONDS" />
    <property name="env.TRAVIS_STACK_NAME" value="garnet" />
    <property name="env.TRAVIS_TIMER_START_TIME" value="1559622336783312324" />
    <property name="ant.version" value="Apache Ant(TM) version 1.10.1 compiled on February 2 2017" />
    <property name="ptII.reports" value="/home/travis/build/icyphy/ptII/reports" />
    <property name="env.TRAVIS_STACK_TIMESTAMP" value="2017-12-05 19:33:09 UTC" />
    <property name="ant.file.type.ptII" value="file" />
    <property name="env.PT_TRAVIS_TEST_CORE3_XML" value="true" />
    <property name="env.RBENV_SHELL" value="bash" />
    <property name="os.name" value="Linux" />
    <property name="java.specification.vendor" value="Oracle Corporation" />
    <property name="env.rvm_version" value="1.29.3 (latest)" />
    <property name="env.TRAVIS_INFRA" value="gce" />
    <property name="env.TERM" value="xterm" />
    <property name="java.vm.name" value="Java HotSpot(TM) 64-Bit Server VM" />
    <property name="env.TRAVIS_BUILD_NUMBER" value="1156" />
    <property name="env.CI" value="true" />
    <property name="java.library.path" value="/usr/lib/jni:/usr/local/share/OpenCV/java/:/usr/share/OpenCV/java::/usr/java/packages/lib/amd64:/usr/lib64:/lib64:/lib:/usr/lib" />
    <property name="env.rvm_prefix" value="/home/travis" />
    <property name="env.PATH" value="/home/travis/.rvm/gems/ruby-2.4.1/bin:/home/travis/.rvm/gems/ruby-2.4.1@global/bin:/home/travis/.rvm/rubies/ruby-2.4.1/bin:/home/travis/.rvm/bin:/home/travis/.nvm/versions/node/v7.10.1/bin:./node_modules/.bin:/home/travis/build/icyphy/ptII/bin:/home/travis/pthla/certi-tools/bin:/home/travis/bin:/home/travis/.local/bin:/opt/pyenv/shims:/home/travis/.phpenv/shims:/home/travis/perl5/perlbrew/bin:/home/travis/.kiex/elixirs/elixir-1.4.5/bin:/home/travis/.kiex/bin:/home/travis/gopath/bin:/home/travis/.gimme/versions/go1.7.4.linux.amd64/bin:/usr/local/phantomjs/bin:/usr/local/phantomjs:/usr/local/neo4j-3.2.7/bin:/usr/local/maven-3.5.2/bin:/usr/local/cmake-3.9.2/bin:/usr/local/clang-5.0.0/bin:/usr/local/sbin:/usr/local/bin:/usr/sbin:/usr/bin:/sbin:/bin:/home/travis/.phpenv/bin:/opt/pyenv/bin:/home/travis/.yarn/bin" />
    <property name="env.TRAVIS_OS_NAME" value="linux" />
    <property name="ant.java.version" value="1.8" />
    <property name="basedir" value="/home/travis/build/icyphy/ptII" />
    <property name="java.class.version" value="52.0" />
    <property name="env.SHLVL" value="3" />
    <property name="env.LD_LIBRARY_PATH" value="/usr/lib/jni:/usr/local/share/OpenCV/java/:/usr/share/OpenCV/java:" />
    <property name="env.RACK_ENV" value="test" />
    <property name="ant.home" value="/home/travis/build/icyphy/ptII/ant" />
    <property name="env.NVM_DIR" value="/home/travis/.nvm" />
    <property name="env.PERLBREW_BASHRC_VERSION" value="0.80" />
    <property name="env.TRAVIS_BUILD_ID" value="541053994" />
    <property name="env.PYENV_ROOT" value="/opt/pyenv" />
    <property name="env.TRAVIS_UID" value="2000" />
    <property name="env.rvm_pretty_print_flag" value="auto" />
    <property name="env.NVM_BIN" value="/home/travis/.nvm/versions/node/v7.10.1/bin" />
    <property name="env.TRAVIS_COMMIT" value="e5126a4801df799845d5f4b52ce416921306d716" />
    <property name="env._system_arch" value="x86_64" />
    <property name="node.executable" value="node" />
    <property name="sun.boot.library.path" value="/usr/lib/jvm/java-8-oracle/jre/lib/amd64" />
    <property name="sun.management.compiler" value="HotSpot 64-Bit Tiered Compilers" />
    <property name="env.GOPATH" value="/home/travis/gopath" />
    <property name="java.awt.graphicsenv" value="sun.awt.X11GraphicsEnvironment" />
    <property name="ptolemy.ptII.dir" value="/home/travis/build/icyphy/ptII" />
    <property name="env.USER" value="travis" />
    <property name="env.HISTFILESIZE" value="2000" />
    <property name="timeout.longest" value="19000000" />
    <property name="env.TRAVIS_STACK_FEATURES" value="basic cassandra chromium couchdb disabled-ipv6 docker docker-compose elasticsearch firefox go-toolchain google-chrome jdk memcached mongodb mysql neo4j nodejs_interpreter perl_interpreter perlbrew phantomjs postgresql python_interpreter rabbitmq redis riak ruby_interpreter sqlite xserver" />
    <property name="env.TRAVIS_PULL_REQUEST" value="false" />
    <property name="env.PYENV_SHELL" value="bash" />
    <property name="ant.project.name" value="ptII" />
    <property name="java.vm.specification.version" value="1.8" />
    <property name="env.ANSI_RESET" value="\033[0m" />
    <property name="env.TRAVIS_DIST" value="trusty" />
    <property name="env.NLSPATH" value="/usr/dt/lib/nls/msg/%L/%N.cat" />
    <property name="awt.toolkit" value="sun.awt.X11.XToolkit" />
    <property name="env.MY_RUBY_HOME" value="/home/travis/.rvm/rubies/ruby-2.4.1" />
    <property name="sun.cpu.isalist" value="" />
    <property name="env.TRAVIS_TMPDIR" value="/tmp/tmp.asaMb2cudL" />
    <property name="java.ext.dirs" value="/usr/lib/jvm/java-8-oracle/jre/lib/ext:/usr/java/packages/lib/ext" />
    <property name="os.version" value="4.4.0-101-generic" />
    <property name="user.home" value="/home/travis" />
    <property name="env.MIX_ARCHIVES" value="/home/travis/.kiex/mix/elixir-1.4.5" />
    <property name="java.vm.vendor" value="Oracle Corporation" />
    <property name="env.TRAVIS_TAG" value="nightly" />
    <property name="env.ANSI_YELLOW" value="\033[33;1m" />
    <property name="env.TRAVIS_FILTERED" value="redirect_io" />
    <property name="env.PTII" value="/home/travis/build/icyphy/ptII" />
    <property name="env.JAVA_HOME" value="/usr/lib/jvm/java-8-oracle" />
    <property name="javadoc.excludepackagenames" value="adm.cvs2svn.*,build.*,config.*,doc.coding.templates.*,jni.test.jni.meaningOfLife.*,jni.test.jni.testDeux.*,jni.test.jni.testTrois.*,org.terraswarm.accessor.accessors.web.node_modules.*,org.terraswarm.accessor.accessors.web.hosts.cordova.demo.*,org.terraswarm.accessor.accessors.web.hosts.cordova.plugins.*,org.terraswarm.accessor.accessors-svn.*,pt-modules.*,ptolemy.apps.agilent.*,ptolemy.apps.anytimecontrol.*,ptolemy.apps.apes.*,ptolemy.apps.charon.*,ptolemy.apps.crazyboard.*,ptolemy.apps.eclipse.*,ptolemy.apps.etherealSting.*,ptolemy.apps.fullscreen.*,ptolemy.apps.giotto.*,ptolemy.apps.ia.*,ptolemy.apps.interfaces.*,ptolemy.apps.jmf.*,ptolemy.apps.kurt.*,ptolemy.apps.kvm.*,ptolemy.apps.lego.*,ptolemy.apps.lejos.*,ptolemy.apps.midp.*,ptolemy.apps.mobileCoding.*,ptolemy.apps.pendulum.*,ptolemy.apps.rijndael.*,ptolemy.apps.robot.*,ptolemy.apps.security.*,ptolemy.apps.sobel.*,ptolemy.apps.soot.*,ptolemy.apps.throttle.*,ptolemy.apps.tini.*,ptolemy.apps.transmission.*,ptolemy.apps.vergil.*,ptolemy.apps.waba.*,ptolemy.apps.websensor.*,ptolemy.apps.webstart.*,ptolemy.apps.xsl.*,ptolemy.apps.zaurus.*,ptolemy.codegen.c.actor.lib.oldJavaFiles.*,ptolemy.codegen.dsp.lib.*,ptolemy.codegen.kernel.newInterfaces.*,ptolemy.codegen.lib.*,ptolemy.copernicus.kernel.fragment.*,ptolemy.copernicus.shallow.cg.*,ptolemy.domains.giotto.demo.Hierarchy.Hierarchy.*,ptolemy.domains.giotto.demo.Multimode.Multimode.*,ptolemy.domains.giotto.demo.Simple.Simple.*,ptolemy.domains.gr.lib.experimental.*,ptolemy.domains.gro.*,ptolemy.domains.pdf.*,ptolemy.domains.ptinyos.demo.Surge.output.*,ptolemy.moml.test.NoPackageActor.java*,ptolemy.plot.adm.*,ptolemy.plot.servlet.*,reports.*,signed.*,src.*,target.*,vendors.*,ptolemy.apps.eclipse.awt.*,ptolemy.backtrack.*,ptolemy.backtrack.ast.*,ptolemy.cg.adapter.generic.program.procedural.c.mbed*,ptolemy.homer.*,org.ptolemy.scala.*,diva.util.java2d.svg.*,ptolemy.domains.ptinyos.*,ptolemy.actor.lib.fmi.fmipp.*,,org.terraswarm.accessor.accessors.web.node_modules.*,org.terraswarm.accessor.accessors-svn,ptolemy.apps.*,ptolemy.actor.ptalon.demo.ptinyos.SendAndReceiveCnt.output,ptolemy.actor.ptalon.demo.ptinyos.SenseToLeds.output,ptolemy.domains.ptinyos.demo.CntToLedsAndRfm.output,ptolemy.domains.ptinyos.demo.RfmToLeds.output,ptolemy.domains.ptinyos.demo.SendAndReceiveCnt.output,ptolemy.domains.ptinyos.demo.SenseToLeds.output,ptolemy.actor.lib.jjs.modules.udpSocket.*" />
    <property name="env.ANSI_GREEN" value="\033[32;1m" />
    <property name="env.TRAVIS_COMMIT_MESSAGE" value="Minor editing" />
    <property name="keystore" value="ptKeystore" />
    <property name="env.XDG_SESSION_ID" value="2" />
    <property name="junit.output.dir" value="/home/travis/build/icyphy/ptII/reports/junit" />
    <property name="npm.return.code" value="0" />
    <property name="user.dir" value="/home/travis/build/icyphy/ptII/ptolemy/cg/lib/test" />
    <property name="env.XFILESEARCHPATH" value="/usr/dt/app-defaults/%L/Dt" />
    <property name="env.TRAVIS_NODE_VERSION" value="7" />
    <property name="env.MAIL" value="/var/mail/travis" />
    <property name="env.TRAVIS_EVENT_TYPE" value="cron" />
    <property name="env.PWD" value="/home/travis/build/icyphy/ptII" />
    <property name="env.PERLBREW_ROOT" value="/home/travis/perl5/perlbrew" />
    <property name="timeout.npm" value="45000" />
    <property name="env.TRAVIS_ARCH" value="amd64" />
    <property name="env.PAGER" value="cat" />
    <property name="sun.cpu.endian" value="little" />
    <property name="env.TRAVIS_BUILD_STAGE_NAME" value="Test" />
    <property name="env.PERLBREW_HOME" value="/home/travis/.perlbrew" />
    <property name="java.vm.version" value="25.151-b12" />
    <property name="env.RAILS_ENV" value="test" />
    <property name="java.class.path" value="/home/travis/build/icyphy/ptII:/home/travis/build/icyphy/ptII/lib/bsh-2.0b4.jar:/home/travis/build/icyphy/ptII/lib/ptCal.jar:/home/travis/build/icyphy/ptII/lib/java_cup.jar:/home/travis/build/icyphy/ptII/lib/saxon8.jar:/home/travis/build/icyphy/ptII/lib/saxon8-dom.jar:/home/travis/build/icyphy/ptII/lib/chic.jar:/home/travis/build/icyphy/ptII/lib/ptcolt.jar:/usr/lib/jvm/java-8-oracle/lib/tools.jar:/home/travis/build/icyphy/ptII/vendors/misc/itext/iText.jar:/home/travis/build/icyphy/ptII/lib/g4ltl.jar:/home/travis/build/icyphy/ptII/lib/StructuralCoder.jar:/home/travis/build/icyphy/ptII/vendors/jai-1_1_2_01/lib/jai_core.jar:/home/travis/build/icyphy/ptII/vendors/jai-1_1_2_01/lib/jai_codec.jar:/home/travis/build/icyphy/ptII/lib/jcerti.jar:/home/travis/build/icyphy/ptII/lib/javax.mail.jar:/home/travis/build/icyphy/ptII/vendors/JMF-2.1.1e/lib/jmf.jar:/home/travis/build/icyphy/ptII/lib/jna-4.0.0-variadic.jar:/home/travis/build/icyphy/ptII/vendors/misc/joystick/Joystick.jar:/home/travis/build/icyphy/ptII/lib/ptjacl.jar:/home/travis/build/icyphy/ptII/lib/jsoup-1.8.2.jar:/home/travis/build/icyphy/ptII/lib/junit-4.8.2.jar:/home/travis/build/icyphy/ptII/lib/JUnitParams-0.4.0.jar:/home/travis/build/icyphy/ptII/ptolemy/actor/lib/excel/jxl.jar:/home/travis/build/icyphy/ptII/lib/jython.jar:/home/travis/build/icyphy/ptII/lib/kieler.jar:/home/travis/build/icyphy/ptII/vendors/opencv/share/OpenCV/java/opencv-341.jar:/home/travis/build/icyphy/ptII/lib/oscP5.jar:/home/travis/build/icyphy/ptII/lib/nrjavaserial-3.11.0.devel.jar:/home/travis/build/icyphy/ptII/vendors/j3d/lib/j3dcore.jar:/home/travis/build/icyphy/ptII/vendors/j3d/lib/j3dutils.jar:/home/travis/build/icyphy/ptII/vendors/j3d/lib/vecmath.jar:/home/travis/build/icyphy/ptII/ptolemy/distributed/jini/jar/jini-core.jar:/home/travis/build/icyphy/ptII/ptolemy/distributed/jini/jar/jini-ext.jar:/home/travis/build/icyphy/ptII/ptolemy/distributed/jini/jar/sun-util.jar:/home/travis/build/icyphy/ptII/lib/protobuf-java-2.4.1.jar:/home/travis/build/icyphy/ptII/lib/org.eclipse.paho.client.mqttv3.jar:/home/travis/build/icyphy/ptII/lib/mapss.jar:/home/travis/build/icyphy/ptII/ptolemy/actor/ptalon/antlr/antlr.jar:/home/travis/build/icyphy/ptII/lib/JRI.jar:/home/travis/build/icyphy/ptII/lib/commons-lang-2.6.jar:/home/travis/build/icyphy/ptII/lib/commons-logging-1.1.1.jar:/home/travis/build/icyphy/ptII/lib/sootclasses.jar:/home/travis/build/icyphy/ptII/ptolemy/actor/lib/database/mysql-connector-java-5.1.6-bin.jar:/home/travis/build/icyphy/ptII/vendors/misc/sphinx4/sphinx4-data-5prealpha.jar:/home/travis/build/icyphy/ptII/vendors/misc/sphinx4/sphinx4-core-5prealpha.jar:/home/travis/build/icyphy/ptII/lib/PDFRenderer.jar:/home/travis/build/icyphy/ptII/lib/svgSalamander.jar:/home/travis/build/icyphy/ptII/lib/rsyntaxtextarea-2.6.0-SNAPSHOT.jar:/home/travis/build/icyphy/ptII/lib/hazelcast-3.8.2.jar:/home/travis/build/icyphy/ptII/lib/jackson-annotations-2.9.0.jar:/home/travis/build/icyphy/ptII/lib/jackson-core-2.9.3.jar:/home/travis/build/icyphy/ptII/lib/jackson-databind-2.9.3.jar:/home/travis/build/icyphy/ptII/lib/netty-buffer-4.1.19.Final.jar:/home/travis/build/icyphy/ptII/lib/netty-codec-4.1.19.Final.jar:/home/travis/build/icyphy/ptII/lib/netty-codec-dns-4.1.19.Final.jar:/home/travis/build/icyphy/ptII/lib/netty-codec-http-4.1.19.Final.jar:/home/travis/build/icyphy/ptII/lib/netty-codec-http2-4.1.19.Final.jar:/home/travis/build/icyphy/ptII/lib/netty-common-4.1.19.Final.jar:/home/travis/build/icyphy/ptII/lib/netty-handler-4.1.19.Final.jar:/home/travis/build/icyphy/ptII/lib/netty-resolver-4.1.19.Final.jar:/home/travis/build/icyphy/ptII/lib/netty-resolver-dns-4.1.19.Final.jar:/home/travis/build/icyphy/ptII/lib/netty-transport-4.1.19.Final.jar:/home/travis/build/icyphy/ptII/lib/vertx-codegen-3.5.1.jar:/home/travis/build/icyphy/ptII/lib/vertx-core-3.5.2-SNAPSHOT.jar:/home/travis/build/icyphy/ptII/lib/vertx-hazelcast-3.5.1.jar:/home/travis/build/icyphy/ptII/lib/vertx-lang-js-3.5.1.jar:/home/travis/build/icyphy/ptII/lib/vertx-service-proxy-3.5.1.jar:/home/travis/build/icyphy/ptII/lib/vertx-web-3.5.1.jar:/home/travis/build/icyphy/ptII/lib/slf4j-api-1.7.13.jar:/home/travis/build/icyphy/ptII/lib/slf4j-simple-1.7.13.jar:/home/travis/build/icyphy/ptII/lib/webcam-capture-0.3.12.jar:/home/travis/build/icyphy/ptII/lib/bridj-0.7.0.jar:/home/travis/build/icyphy/ptII/lib/xbjlib-1.1.0.nrjavaserial.jar:/home/travis/build/icyphy/ptII/ptolemy/moml/test:/home/travis/build/icyphy/ptII/ant/lib/ant-launcher.jar:/home/travis/build/icyphy/ptII/ant/lib/ant.jar:/home/travis/build/icyphy/ptII/ant/lib/ant-junit.jar:/home/travis/build/icyphy/ptII/ant/lib/ant-junit4.jar" />
    <property name="ant.library.dir" value="/home/travis/build/icyphy/ptII/ant/lib" />
    <property name="os.arch" value="amd64" />
    <property name="env.TRAVIS_LANGUAGE" value="node_js" />
    <property name="env.CONTINUOUS_INTEGRATION" value="true" />
    <property name="env.TRAVIS_STACK_LANGUAGES" value="__garnet__ c c++ clojure cplusplus cpp default go groovy java node_js php pure_java python ruby scala" />
    <property name="test.name" value="ptolemy.actor.lib.test.junit.JUnitTclTest" />
    <property name="sun.java.launcher" value="SUN_STANDARD" />
    <property name="env.PYTHON_CONFIGURE_OPTS" value="--enable-unicode=ucs4 --with-wide-unicode --enable-shared --enable-ipv6 --enable-loadable-sqlite-extensions --with-computed-gotos" />
    <property name="ant.core.lib" value="/home/travis/build/icyphy/ptII/ant/lib/ant.jar" />
    <property name="java.vm.specification.vendor" value="Oracle Corporation" />
    <property name="env.BCVTB_HOME" value="/home/travis/build/icyphy/ptII/lbnl" />
    <property name="file.separator" value="/" />
    <property name="java.runtime.version" value="1.8.0_151-b12" />
    <property name="spotbugs.home" value="/home/travis/build/icyphy/ptII/vendors/spotbugs-3.1.1" />
    <property name="sun.boot.class.path" value="/usr/lib/jvm/java-8-oracle/jre/lib/resources.jar:/usr/lib/jvm/java-8-oracle/jre/lib/rt.jar:/usr/lib/jvm/java-8-oracle/jre/lib/sunrsasign.jar:/usr/lib/jvm/java-8-oracle/jre/lib/jsse.jar:/usr/lib/jvm/java-8-oracle/jre/lib/jce.jar:/usr/lib/jvm/java-8-oracle/jre/lib/charsets.jar:/usr/lib/jvm/java-8-oracle/jre/lib/jfr.jar:/usr/lib/jvm/java-8-oracle/jre/classes" />
    <property name="env.ANSI_CLEAR" value="\033[0K" />
    <property name="env.HAS_JOSH_K_SEAL_OF_APPROVAL" value="true" />
    <property name="env.TRAVIS_OSX_IMAGE" value="" />
    <property name="env.XDG_RUNTIME_DIR" value="/run/user/2000" />
    <property name="env.TRAVIS_JOB_ID" value="541054005" />
    <property name="env.TRAVIS_BRANCH" value="master" />
    <property name="user.country" value="US" />
    <property name="env.CERTI_HOME_TRAVIS" value="/home/travis/pthla/certi-tools" />
    <property name="env.SHELL" value="/bin/bash" />
    <property name="java.maxmemory.large" value="5000m" />
    <property name="model" value="" />
    <property name="env.CASHER_DIR" value="/home/travis/.casher" />
    <property name="env.NVM_CD_FLAGS" value="" />
    <property name="jshint.executable" value="/home/travis/node_modules/jshint/bin/jshint" />
    <property name="java.vendor" value="Oracle Corporation" />
    <property name="env.JRUBY_OPTS" value=" --client -J-XX:+TieredCompilation -J-XX:TieredStopAtLevel=1 -J-Xss2m -Xcompile.invokedynamic=false" />
    <property name="env.TRAVIS_PRE_CHEF_BOOTSTRAP_TIME" value="2017-12-05T19:32:55" />
    <property name="env.TRAVIS_STACK_JOB_BOARD_REGISTER" value="/.job-board-register.yml" />
    <property name="env.ELIXIR_VERSION" value="1.4.5" />
    <property name="env.ANSI_RED" value="\033[31;1m" />
    <property name="java.specification.version" value="1.8" />
    <property name="env.TRAVIS" value="true" />
    <property name="env.IRBRC" value="/home/travis/.rvm/rubies/ruby-2.4.1/.irbrc" />
    <property name="sun.arch.data.model" value="64" />
  </properties>
  <testcase classname="ptolemy.util.test.junit.TclTests" name="[0] /home/travis/build/icyphy/ptII/ptolemy/cg/lib/test/ModularCodeGenTypedCompositeActor.tcl (RunTclFile)" time="9.718" />
  <testcase classname="ptolemy.util.test.junit.AutoKnownFailedTests" name="[0] ThereAreNoKnowFailedTests (RunModel)" time="0.001" />
  <testcase classname="ptolemy.util.test.junit.AutoNameArchTests" name="[0] ThereAreNoAutoArchTests (RunModel)" time="0.001" />
  <testcase classname="ptolemy.util.test.junit.AutoTests" name="[0] /home/travis/build/icyphy/ptII/ptolemy/cg/lib/test/auto/CompiledCompositeActor.xml (RunModel)" time="1.062" />
  <testcase classname="ptolemy.util.test.junit.AutoTests" name="[1] /home/travis/build/icyphy/ptII/ptolemy/cg/lib/test/auto/DECGClockRamp.xml (RunModel)" time="0.054" />
  <testcase classname="ptolemy.util.test.junit.AutoTests" name="[2] /home/travis/build/icyphy/ptII/ptolemy/cg/lib/test/auto/DECGDelay.xml (RunModel)" time="0.063" />
  <testcase classname="ptolemy.util.test.junit.AutoTests" name="[3] /home/travis/build/icyphy/ptII/ptolemy/cg/lib/test/auto/DECGHelloWorld.xml (RunModel)" time="0.056" />
  <testcase classname="ptolemy.util.test.junit.AutoTests" name="[4] /home/travis/build/icyphy/ptII/ptolemy/cg/lib/test/auto/DECGHeterogeneous.xml (RunModel)" time="0.129" />
  <testcase classname="ptolemy.util.test.junit.AutoTests" name="[5] /home/travis/build/icyphy/ptII/ptolemy/cg/lib/test/auto/DECGHeterogeneousMk2.xml (RunModel)" time="0.157" />
  <testcase classname="ptolemy.util.test.junit.AutoTests" name="[6] /home/travis/build/icyphy/ptII/ptolemy/cg/lib/test/auto/DECGMath.xml (RunModel)" time="0.059" />
  <testcase classname="ptolemy.util.test.junit.AutoTests" name="[7] /home/travis/build/icyphy/ptII/ptolemy/cg/lib/test/auto/DECGPi.xml (RunModel)" time="0.153" />
  <testcase classname="ptolemy.util.test.junit.AutoTests" name="[8] /home/travis/build/icyphy/ptII/ptolemy/cg/lib/test/auto/DECGPiSquare.xml (RunModel)" time="0.196" />
  <testcase classname="ptolemy.util.test.junit.AutoTests" name="[9] /home/travis/build/icyphy/ptII/ptolemy/cg/lib/test/auto/DECGPoisson.xml (RunModel)" time="0.02" />
  <testcase classname="ptolemy.util.test.junit.AutoTests" name="[10] /home/travis/build/icyphy/ptII/ptolemy/cg/lib/test/auto/JavaCompiledCompositeActor5.xml (RunModel)" time="0.948" />
  <testcase classname="ptolemy.util.test.junit.AutoTests" name="[11] /home/travis/build/icyphy/ptII/ptolemy/cg/lib/test/auto/JavaCompiledCompositeTest1.xml (RunModel)" time="0.983" />
  <testcase classname="ptolemy.util.test.junit.AutoTests" name="[12] /home/travis/build/icyphy/ptII/ptolemy/cg/lib/test/auto/JavaCompiledCompositeTest2.xml (RunModel)" time="0.959" />
  <testcase classname="ptolemy.util.test.junit.AutoTests" name="[13] /home/travis/build/icyphy/ptII/ptolemy/cg/lib/test/auto/JavaCompiledCompositeTest3.xml (RunModel)" time="1.306" />
  <testcase classname="ptolemy.util.test.junit.AutoTests" name="[14] /home/travis/build/icyphy/ptII/ptolemy/cg/lib/test/auto/JavaCompiledCompositeTest4.xml (RunModel)" time="0.925" />
  <testcase classname="ptolemy.util.test.junit.AutoTests" name="[15] /home/travis/build/icyphy/ptII/ptolemy/cg/lib/test/auto/ModularCG.xml (RunModel)" time="13.544" />
  <testcase classname="ptolemy.util.test.junit.AutoTests" name="[16] /home/travis/build/icyphy/ptII/ptolemy/cg/lib/test/auto/ModularCGPubSub.xml (RunModel)" time="4.432" />
  <testcase classname="ptolemy.util.test.junit.AutoTests" name="[17] /home/travis/build/icyphy/ptII/ptolemy/cg/lib/test/auto/ModularCodeGen.xml (RunModel)" time="2.164" />
  <testcase classname="ptolemy.util.test.junit.AutoTests" name="[18] /home/travis/build/icyphy/ptII/ptolemy/cg/lib/test/auto/ModularCodeGen2.xml (RunModel)" time="3.896" />
  <testcase classname="ptolemy.util.test.junit.AutoTests" name="[19] /home/travis/build/icyphy/ptII/ptolemy/cg/lib/test/auto/ModularCodeGen3.xml (RunModel)" time="12.311" />
  <testcase classname="ptolemy.util.test.junit.AutoTests" name="[20] /home/travis/build/icyphy/ptII/ptolemy/cg/lib/test/auto/ModularCodeGen4.xml (RunModel)" time="12.273" />
  <testcase classname="ptolemy.util.test.junit.AutoTests" name="[21] /home/travis/build/icyphy/ptII/ptolemy/cg/lib/test/auto/ModularCodeGen5.xml (RunModel)" time="4.305" />
  <testcase classname="ptolemy.util.test.junit.AutoTests" name="[22] /home/travis/build/icyphy/ptII/ptolemy/cg/lib/test/auto/ModularCodeGen6.xml (RunModel)" time="6.161" />
  <testcase classname="ptolemy.util.test.junit.AutoTests" name="[23] /home/travis/build/icyphy/ptII/ptolemy/cg/lib/test/auto/ModularCodeGenLazyPubSub.xml (RunModel)" time="2.356" />
  <testcase classname="ptolemy.util.test.junit.AutoTests" name="[24] /home/travis/build/icyphy/ptII/ptolemy/cg/lib/test/auto/ModularCodeGenLazyPubSubGlobal.xml (RunModel)" time="2.242" />
  <testcase classname="ptolemy.util.test.junit.AutoTests" name="[25] /home/travis/build/icyphy/ptII/ptolemy/cg/lib/test/auto/ModularCodeGenPubSub1.xml (RunModel)" time="2.396" />
  <testcase classname="ptolemy.util.test.junit.AutoTests" name="[26] /home/travis/build/icyphy/ptII/ptolemy/cg/lib/test/auto/ModularCodeGenPubSub2.xml (RunModel)" time="4.11" />
  <testcase classname="ptolemy.util.test.junit.AutoTests" name="[27] /home/travis/build/icyphy/ptII/ptolemy/cg/lib/test/auto/ModularCodeGenPubSub3.xml (RunModel)" time="3.948" />
  <testcase classname="ptolemy.util.test.junit.AutoTests" name="[28] /home/travis/build/icyphy/ptII/ptolemy/cg/lib/test/auto/ModularCodeGenPubSub4.xml (RunModel)" time="3.791" />
  <testcase classname="ptolemy.util.test.junit.AutoTests" name="[29] /home/travis/build/icyphy/ptII/ptolemy/cg/lib/test/auto/PubSubAggLazy.xml (RunModel)" time="0.024" />
  <testcase classname="ptolemy.util.test.junit.AutoTests" name="[30] /home/travis/build/icyphy/ptII/ptolemy/cg/lib/test/auto/PubSubAggModularCodeGen.xml (RunModel)" time="2.077" />
  <testcase classname="ptolemy.util.test.junit.AutoTests" name="[31] /home/travis/build/icyphy/ptII/ptolemy/cg/lib/test/auto/PubSubAggTypedComposite.xml (RunModel)" time="0.021" />
  <testcase classname="ptolemy.util.test.junit.AutoTests" name="[32] /home/travis/build/icyphy/ptII/ptolemy/cg/lib/test/auto/PubSubAggTypedCompositeWidth2.xml (RunModel)" time="0.031" />
  <testcase classname="ptolemy.util.test.junit.AutoTests" name="[33] /home/travis/build/icyphy/ptII/ptolemy/cg/lib/test/auto/ScaleJava.xml (RunModel)" time="0.816" />
  <system-out><![CDATA[/home/travis/build/icyphy/ptII/ptolemy/cg/lib/test/ModularCodeGenTypedCompositeActor.tcl
testDefs.tcl: setting time out to 9000 seconds at Tue Jun 04 04:34:16 UTC 2019
Warning: failed to delete /home/travis/cg: error deleting "/home/travis/cg/node_modules/.bin":  best guess at reason: permission denied
In "/home/travis/cg", about to execute:
    pwd
/home/travis/cg
In "/home/travis/cg", about to execute:
    ls -l
In "/home/travis/cg", about to execute:
    javac -classpath
.:/home/travis/build/icyphy/ptII:/home/travis/build/icyphy/ptII/lib/bsh-2.0b4.j
ar:/home/travis/build/icyphy/ptII/lib/ptCal.jar:/home/travis/build/icyphy/ptII/
lib/java_cup.jar:/home/travis/build/icyphy/ptII/lib/saxon8.jar:/home/travis/bui
ld/icyphy/ptII/lib/saxon8-dom.jar:/home/travis/build/icyphy/ptII/lib/chic.jar:/
home/travis/build/icyphy/ptII/lib/ptcolt.jar:/usr/lib/jvm/java-8-oracle/lib/too
ls.jar:/home/travis/build/icyphy/ptII/vendors/misc/itext/iText.jar:/home/travis
/build/icyphy/ptII/lib/g4ltl.jar:/home/travis/build/icyphy/ptII/lib/StructuralC
oder.jar:/home/travis/build/icyphy/ptII/vendors/jai-1_1_2_01/lib/jai_core.jar:/
home/travis/build/icyphy/ptII/vendors/jai-1_1_2_01/lib/jai_codec.jar:/home/trav
is/build/icyphy/ptII/lib/jcerti.jar:/home/travis/build/icyphy/ptII/lib/javax.ma
il.jar:/home/travis/build/icyphy/ptII/vendors/JMF-2.1.1e/lib/jmf.jar:/home/trav
is/build/icyphy/ptII/lib/jna-4.0.0-variadic.jar:/home/travis/build/icyphy/ptII/
vendors/misc/joystick/Joystick.jar:/home/travis/build/icyphy/ptII/lib/ptjacl.ja
r:/home/travis/build/icyphy/ptII/lib/jsoup-1.8.2.jar:/home/travis/build/icyphy/
ptII/lib/junit-4.8.2.jar:/home/travis/build/icyphy/ptII/lib/JUnitParams-0.4.0.j
ar:/home/travis/build/icyphy/ptII/ptolemy/actor/lib/excel/jxl.jar:/home/travis/
build/icyphy/ptII/lib/jython.jar:/home/travis/build/icyphy/ptII/lib/kieler.jar:
/home/travis/build/icyphy/ptII/vendors/opencv/share/OpenCV/java/opencv-341.jar:
/home/travis/build/icyphy/ptII/lib/oscP5.jar:/home/travis/build/icyphy/ptII/lib
/nrjavaserial-3.11.0.devel.jar:/home/travis/build/icyphy/ptII/vendors/j3d/lib/j
3dcore.jar:/home/travis/build/icyphy/ptII/vendors/j3d/lib/j3dutils.jar:/home/tr
avis/build/icyphy/ptII/vendors/j3d/lib/vecmath.jar:/home/travis/build/icyphy/pt
II/ptolemy/distributed/jini/jar/jini-core.jar:/home/travis/build/icyphy/ptII/pt
olemy/distributed/jini/jar/jini-ext.jar:/home/travis/build/icyphy/ptII/ptolemy/
distributed/jini/jar/sun-util.jar:/home/travis/build/icyphy/ptII/lib/protobuf-j
ava-2.4.1.jar:/home/travis/build/icyphy/ptII/lib/org.eclipse.paho.client.mqttv3
.jar:/home/travis/build/icyphy/ptII/lib/mapss.jar:/home/travis/build/icyphy/ptI
I/ptolemy/actor/ptalon/antlr/antlr.jar:/home/travis/build/icyphy/ptII/lib/JRI.j
ar:/home/travis/build/icyphy/ptII/lib/commons-lang-2.6.jar:/home/travis/build/i
cyphy/ptII/lib/commons-logging-1.1.1.jar:/home/travis/build/icyphy/ptII/lib/soo
tclasses.jar:/home/travis/build/icyphy/ptII/ptolemy/actor/lib/database/mysql-co
nnector-java-5.1.6-bin.jar:/home/travis/build/icyphy/ptII/vendors/misc/sphinx4/
sphinx4-data-5prealpha.jar:/home/travis/build/icyphy/ptII/vendors/misc/sphinx4/
sphinx4-core-5prealpha.jar:/home/travis/build/icyphy/ptII/lib/PDFRenderer.jar:/
home/travis/build/icyphy/ptII/lib/svgSalamander.jar:/home/travis/build/icyphy/p
tII/lib/rsyntaxtextarea-2.6.0-SNAPSHOT.jar:/home/travis/build/icyphy/ptII/lib/h
azelcast-3.8.2.jar:/home/travis/build/icyphy/ptII/lib/jackson-annotations-2.9.0
.jar:/home/travis/build/icyphy/ptII/lib/jackson-core-2.9.3.jar:/home/travis/bui
ld/icyphy/ptII/lib/jackson-databind-2.9.3.jar:/home/travis/build/icyphy/ptII/li
b/netty-buffer-4.1.19.Final.jar:/home/travis/build/icyphy/ptII/lib/netty-codec-
4.1.19.Final.jar:/home/travis/build/icyphy/ptII/lib/netty-codec-dns-4.1.19.Fina
l.jar:/home/travis/build/icyphy/ptII/lib/netty-codec-http-4.1.19.Final.jar:/hom
e/travis/build/icyphy/ptII/lib/netty-codec-http2-4.1.19.Final.jar:/home/travis/
build/icyphy/ptII/lib/netty-common-4.1.19.Final.jar:/home/travis/build/icyphy/p
tII/lib/netty-handler-4.1.19.Final.jar:/home/travis/build/icyphy/ptII/lib/netty
-resolver-4.1.19.Final.jar:/home/travis/build/icyphy/ptII/lib/netty-resolver-dn
s-4.1.19.Final.jar:/home/travis/build/icyphy/ptII/lib/netty-transport-4.1.19.Fi
nal.jar:/home/travis/build/icyphy/ptII/lib/vertx-codegen-3.5.1.jar:/home/travis
/build/icyphy/ptII/lib/vertx-core-3.5.2-SNAPSHOT.jar:/home/travis/build/icyphy/
ptII/lib/vertx-hazelcast-3.5.1.jar:/home/travis/build/icyphy/ptII/lib/vertx-lan
g-js-3.5.1.jar:/home/travis/build/icyphy/ptII/lib/vertx-service-proxy-3.5.1.jar
:/home/travis/build/icyphy/ptII/lib/vertx-web-3.5.1.jar:/home/travis/build/icyp
hy/ptII/lib/slf4j-api-1.7.13.jar:/home/travis/build/icyphy/ptII/lib/slf4j-simpl
e-1.7.13.jar:/home/travis/build/icyphy/ptII/lib/webcam-capture-0.3.12.jar:/home
/travis/build/icyphy/ptII/lib/bridj-0.7.0.jar:/home/travis/build/icyphy/ptII/li
b/xbjlib-1.1.0.nrjavaserial.jar:/home/travis/build/icyphy/ptII/ptolemy/moml/tes
t:/home/travis/build/icyphy/ptII/ant/lib/ant-launcher.jar:/home/travis/build/ic
yphy/ptII/ant/lib/ant.jar:/home/travis/build/icyphy/ptII/ant/lib/ant-junit.jar:
/home/travis/build/icyphy/ptII/ant/lib/ant-junit4.jar:/home/travis/build/icyphy
/ptII ModularCodeGenTest_A1_A2_profile.java
total 848
drwxrwxr-x   3 travis travis 12288 Jun  4 04:30 AbsoluteValue
drwxrwxr-x   3 travis travis 16384 Jun  4 04:30 Case1
drwxrwxr-x   3 travis travis 32768 Jun  4 04:30 Case2
drwxrwxr-x   3 travis travis 24576 Jun  4 04:32 DeScrambler
drwxrwxr-x   3 travis travis 16384 Jun  4 04:33 DotProduct
drwxrwxr-x   3 travis travis 12288 Jun  4 04:30 FileWriter1
drwxrwxr-x   3 travis travis 20480 Jun  4 04:29 FixToDoubleAndBack
drwxrwxr-x   3 travis travis 16384 Jun  4 04:30 Gaussian1
drwxrwxr-x   3 travis travis 20480 Jun  4 04:30 Gaussian2
drwxrwxr-x   3 travis travis 12288 Jun  4 04:30 LookupTable
drwxrwxr-x   3 travis travis 20480 Jun  4 04:31 MaxIndex
-rw-rw-r--   1 travis travis  1228 Jun  4 04:34 ModularCodeGenTest_A1_A2_profile.java
drwxrwxr-x   3 travis travis 36864 Jun  4 04:34 modulation2
drwxrwxr-x   3 travis travis 20480 Jun  4 04:31 Multiplexor
drwxrwxr-x 242 travis travis 12288 Jun  4 04:34 node_modules
drwxrwxr-x   3 travis travis 20480 Jun  4 04:31 PhaseUnwrap
-rw-rw-r--   1 travis travis   520 Jun  4 04:34 Repeat$_fireFunction_Repeat_Repeat$__f_sL_0.class
-rw-rw-r--   1 travis travis   522 Jun  4 04:34 Repeat$_fireFunction_Repeat_Repeat$__f_sL_10.class
-rw-rw-r--   1 travis travis   666 Jun  4 04:34 Repeat$_fireFunction_Repeat_Repeat$__f_sL_11.class
-rw-rw-r--   1 travis travis   522 Jun  4 04:34 Repeat$_fireFunction_Repeat_Repeat$__f_sL_13.class
-rw-rw-r--   1 travis travis   665 Jun  4 04:34 Repeat$_fireFunction_Repeat_Repeat$__f_sL_1.class
-rw-rw-r--   1 travis travis   520 Jun  4 04:34 Repeat$_fireFunction_Repeat_Repeat$__f_sL_2.class
-rw-rw-r--   1 travis travis   520 Jun  4 04:34 Repeat$_fireFunction_Repeat_Repeat$__f_sL_3.class
-rw-rw-r--   1 travis travis   520 Jun  4 04:34 Repeat$_fireFunction_Repeat_Repeat$__f_sL_5.class
-rw-rw-r--   1 travis travis   671 Jun  4 04:34 Repeat$_fireFunction_Repeat_Repeat$__f_sL_7.class
-rw-rw-r--   1 travis travis   520 Jun  4 04:34 Repeat$_fireFunction_Repeat_Repeat$__f_sL_9.class
-rw-rw-r--   1 travis travis   813 Jun  4 04:34 Repeat$_initialize_Repeat.class
-rw-rw-r--   1 travis travis   475 Jun  4 04:34 Repeat$_initialize_Repeat$__i_sL_0.class
-rw-rw-r--   1 travis travis   519 Jun  4 04:34 Repeat$_initialize_Repeat$__i_sL_3.class
-rw-rw-r--   1 travis travis 39778 Jun  4 04:34 Repeat.java
-rw-rw-r--   1 travis travis  1281 Jun  4 04:34 Repeat.mk
-rw-rw-r--   1 travis travis   520 Jun  4 04:34 Repeat$_preinitializeMethod_Repeat$__p_sL_0.class
-rw-rw-r--   1 travis travis   520 Jun  4 04:34 Repeat$_preinitializeMethod_Repeat$__p_sL_1.class
-rw-rw-r--   1 travis travis  1083 Jun  4 04:34 Repeat$_Repeat$_fireFunction_Repeat_AddSubtract_Repeat.class
-rw-rw-r--   1 travis travis   791 Jun  4 04:34 Repeat$_Repeat$_fireFunction_Repeat_AddSubtract_Repeat$__f_sL_0.class
-rw-rw-r--   1 travis travis   909 Jun  4 04:34 Repeat$_Repeat$_fireFunction_Repeat_AddSubtract_Repeat$__f_sL_1.class
-rw-rw-r--   1 travis travis   915 Jun  4 04:34 Repeat$_Repeat$_fireFunction_Repeat_AddSubtract_Repeat$__f_sL_2.class
-rw-rw-r--   1 travis travis   838 Jun  4 04:34 Repeat$_Repeat$_fireFunction_Repeat_Ramp2_Repeat$__f_sL_1.class
-rw-rw-r--   1 travis travis  1785 Jun  4 04:34 Repeat$_Repeat$_fireFunction_Repeat_Test_Repeat$__f_sL_2.class
-rw-rw-r--   1 travis travis   685 Jun  4 04:34 Repeat$_Repeat_SDF_Director_run_Repeat$__R_sL_0.class
-rw-rw-r--   1 travis travis   540 Jun  4 04:34 Repeat$_Repeat_SDF_Director_run_Repeat$__R_sL_1.class
-rw-rw-r--   1 travis travis   540 Jun  4 04:34 Repeat$_Repeat_SDF_Director_run_Repeat$__R_sL_2.class
-rw-rw-r--   1 travis travis   540 Jun  4 04:34 Repeat$_Repeat_SDF_Director_run_Repeat$__R_sL_4.class
-rw-rw-r--   1 travis travis   540 Jun  4 04:34 Repeat$_Repeat_SDF_Director_run_Repeat$__R_sL_5.class
-rw-rw-r--   1 travis travis   691 Jun  4 04:34 Repeat$_Repeat_SDF_Director_run_Repeat$__R_sL_6.class
-rw-rw-r--   1 travis travis   540 Jun  4 04:34 Repeat$_Repeat_SDF_Director_run_Repeat$__R_sL_7.class
-rw-rw-r--   1 travis travis   863 Jun  4 04:34 Repeat$_varinit_Repeat.class
-rw-rw-r--   1 travis travis   530 Jun  4 04:34 Repeat$_varinit_Repeat$__v_sL_1.class
-rw-rw-r--   1 travis travis   531 Jun  4 04:34 Repeat$_varinit_Repeat$__v_sL_2.class
-rw-rw-r--   1 travis travis   905 Jun  4 04:34 Repeat$_varinit_Repeat$__v_sL_4.class
-rw-rw-r--   1 travis travis   635 Jun  4 04:34 Repeat$_wrapup_Repeat.class
-rw-rw-r--   1 travis travis   965 Jun  4 04:34 Repeat$_wrapup_Repeat$__w_sL_1.class
-rw-rw-r--   1 travis travis   289 Jun  4 04:29 result.csv
drwxrwxr-x   3 travis travis 12288 Jun  4 04:32 Scrambler1
drwxrwxr-x   3 travis travis 20480 Jun  4 04:31 Sinewave2
drwxrwxr-x   3 travis travis 69632 Jun  4 04:32 StringCompare
drwxrwxr-x   3 travis travis 32768 Jun  4 04:32 StringFunction
drwxrwxr-x   3 travis travis 12288 Jun  4 04:32 StringLength
drwxrwxr-x   3 travis travis 57344 Jun  4 04:33 StringSimpleReplace
drwxrwxr-x   3 travis travis 12288 Jun  4 04:33 time2
drwxrwxr-x   3 travis travis 12288 Jun  4 04:34 time5
-rw-rw-r--   1 travis travis   432 Jun  4 04:34 Token.class
-rw-rw-r--   1 travis travis   251 Jun  4 04:34 Token.java
-rw-rw-r--   1 travis travis     0 Jun  4 04:34 top.
-rw-rw-r--   1 travis travis 20502 Jun  4 04:29 top.c
-rw-rw-r--   1 travis travis  3567 Jun  4 04:34 top.class
-rw-rw-r--   1 travis travis   169 Jun  4 04:29 top.html
-rw-rw-r--   1 travis travis  7552 Jun  4 04:34 top.java
-rw-rw-r--   1 travis travis 38888 Jun  4 04:29 top.o
drwxrwxr-x   3 travis travis 57344 Jun  4 04:31 UnaryMathFunction
All Done
Writing ModularCodeGenTest_A1_A2.java in file:/home/travis/cg/ (9163 characters)
Reading "ptolemy/cg/kernel/generic/program/procedural/java/modular/makefile.in",
    writing "/home/travis/cg/ModularCodeGenTest_A1_A2.mk"
Using ptolemy/cg/kernel/generic/program/procedural/java/modular/makefile.in
In "/home/travis/cg", about to execute:
    make -f ModularCodeGenTest_A1_A2.mk
javac -classpath ".:.."    ModularCodeGenTest_A1_A2.java
All Done
In "/home/travis/cg", about to execute:
    pwd
In "/home/travis/cg", about to execute:
    ls -l
/home/travis/cg
total 876
drwxrwxr-x   3 travis travis 12288 Jun  4 04:30 AbsoluteValue
drwxrwxr-x   3 travis travis 16384 Jun  4 04:30 Case1
drwxrwxr-x   3 travis travis 32768 Jun  4 04:30 Case2
drwxrwxr-x   3 travis travis 24576 Jun  4 04:32 DeScrambler
drwxrwxr-x   3 travis travis 16384 Jun  4 04:33 DotProduct
drwxrwxr-x   3 travis travis 12288 Jun  4 04:30 FileWriter1
drwxrwxr-x   3 travis travis 20480 Jun  4 04:29 FixToDoubleAndBack
drwxrwxr-x   3 travis travis 16384 Jun  4 04:30 Gaussian1
drwxrwxr-x   3 travis travis 20480 Jun  4 04:30 Gaussian2
drwxrwxr-x   3 travis travis 12288 Jun  4 04:30 LookupTable
In "/home/travis/cg", about to execute:
    javac -classpath
.:/home/travis/build/icyphy/ptII:/home/travis/build/icyphy/ptII/lib/bsh-2.0b4.j
ar:/home/travis/build/icyphy/ptII/lib/ptCal.jar:/home/travis/build/icyphy/ptII/
lib/java_cup.jar:/home/travis/build/icyphy/ptII/lib/saxon8.jar:/home/travis/bui
ld/icyphy/ptII/lib/saxon8-dom.jar:/home/travis/build/icyphy/ptII/lib/chic.jar:/
home/travis/build/icyphy/ptII/lib/ptcolt.jar:/usr/lib/jvm/java-8-oracle/lib/too
ls.jar:/home/travis/build/icyphy/ptII/vendors/misc/itext/iText.jar:/home/travis
/build/icyphy/ptII/lib/g4ltl.jar:/home/travis/build/icyphy/ptII/lib/StructuralC
oder.jar:/home/travis/build/icyphy/ptII/vendors/jai-1_1_2_01/lib/jai_core.jar:/
home/travis/build/icyphy/ptII/vendors/jai-1_1_2_01/lib/jai_codec.jar:/home/trav
is/build/icyphy/ptII/lib/jcerti.jar:/home/travis/build/icyphy/ptII/lib/javax.ma
il.jar:/home/travis/build/icyphy/ptII/vendors/JMF-2.1.1e/lib/jmf.jar:/home/trav
is/build/icyphy/ptII/lib/jna-4.0.0-variadic.jar:/home/travis/build/icyphy/ptII/
vendors/misc/joystick/Joystick.jar:/home/travis/build/icyphy/ptII/lib/ptjacl.ja
r:/home/travis/build/icyphy/ptII/lib/jsoup-1.8.2.jar:/home/travis/build/icyphy/
ptII/lib/junit-4.8.2.jar:/home/travis/build/icyphy/ptII/lib/JUnitParams-0.4.0.j
ar:/home/travis/build/icyphy/ptII/ptolemy/actor/lib/excel/jxl.jar:/home/travis/
build/icyphy/ptII/lib/jython.jar:/home/travis/build/icyphy/ptII/lib/kieler.jar:
/home/travis/build/icyphy/ptII/vendors/opencv/share/OpenCV/java/opencv-341.jar:
/home/travis/build/icyphy/ptII/lib/oscP5.jar:/home/travis/build/icyphy/ptII/lib
/nrjavaserial-3.11.0.devel.jar:/home/travis/build/icyphy/ptII/vendors/j3d/lib/j
3dcore.jar:/home/travis/build/icyphy/ptII/vendors/j3d/lib/j3dutils.jar:/home/tr
avis/build/icyphy/ptII/vendors/j3d/lib/vecmath.jar:/home/travis/build/icyphy/pt
II/ptolemy/distributed/jini/jar/jini-core.jar:/home/travis/build/icyphy/ptII/pt
olemy/distributed/jini/jar/jini-ext.jar:/home/travis/build/icyphy/ptII/ptolemy/
distributed/jini/jar/sun-util.jar:/home/travis/build/icyphy/ptII/lib/protobuf-j
ava-2.4.1.jar:/home/travis/build/icyphy/ptII/lib/org.eclipse.paho.client.mqttv3
.jar:/home/travis/build/icyphy/ptII/lib/mapss.jar:/home/travis/build/icyphy/ptI
I/ptolemy/actor/ptalon/antlr/antlr.jar:/home/travis/build/icyphy/ptII/lib/JRI.j
ar:/home/travis/build/icyphy/ptII/lib/commons-lang-2.6.jar:/home/travis/build/i
cyphy/ptII/lib/commons-logging-1.1.1.jar:/home/travis/build/icyphy/ptII/lib/soo
tclasses.jar:/home/travis/build/icyphy/ptII/ptolemy/actor/lib/database/mysql-co
nnector-java-5.1.6-bin.jar:/home/travis/build/icyphy/ptII/vendors/misc/sphinx4/
sphinx4-data-5prealpha.jar:/home/travis/build/icyphy/ptII/vendors/misc/sphinx4/
sphinx4-core-5prealpha.jar:/home/travis/build/icyphy/ptII/lib/PDFRenderer.jar:/
home/travis/build/icyphy/ptII/lib/svgSalamander.jar:/home/travis/build/icyphy/p
tII/lib/rsyntaxtextarea-2.6.0-SNAPSHOT.jar:/home/travis/build/icyphy/ptII/lib/h
azelcast-3.8.2.jar:/home/travis/build/icyphy/ptII/lib/jackson-annotations-2.9.0
.jar:/home/travis/build/icyphy/ptII/lib/jackson-core-2.9.3.jar:/home/travis/bui
ld/icyphy/ptII/lib/jackson-databind-2.9.3.jar:/home/travis/build/icyphy/ptII/li
b/netty-buffer-4.1.19.Final.jar:/home/travis/build/icyphy/ptII/lib/netty-codec-
4.1.19.Final.jar:/home/travis/build/icyphy/ptII/lib/netty-codec-dns-4.1.19.Fina
l.jar:/home/travis/build/icyphy/ptII/lib/netty-codec-http-4.1.19.Final.jar:/hom
e/travis/build/icyphy/ptII/lib/netty-codec-http2-4.1.19.Final.jar:/home/travis/
build/icyphy/ptII/lib/netty-common-4.1.19.Final.jar:/home/travis/build/icyphy/p
tII/lib/netty-handler-4.1.19.Final.jar:/home/travis/build/icyphy/ptII/lib/netty
-resolver-4.1.19.Final.jar:/home/travis/build/icyphy/ptII/lib/netty-resolver-dn
s-4.1.19.Final.jar:/home/travis/build/icyphy/ptII/lib/netty-transport-4.1.19.Fi
nal.jar:/home/travis/build/icyphy/ptII/lib/vertx-codegen-3.5.1.jar:/home/travis
/build/icyphy/ptII/lib/vertx-core-3.5.2-SNAPSHOT.jar:/home/travis/build/icyphy/
ptII/lib/vertx-hazelcast-3.5.1.jar:/home/travis/build/icyphy/ptII/lib/vertx-lan
g-js-3.5.1.jar:/home/travis/build/icyphy/ptII/lib/vertx-service-proxy-3.5.1.jar
:/home/travis/build/icyphy/ptII/lib/vertx-web-3.5.1.jar:/home/travis/build/icyp
hy/ptII/lib/slf4j-api-1.7.13.jar:/home/travis/build/icyphy/ptII/lib/slf4j-simpl
e-1.7.13.jar:/home/travis/build/icyphy/ptII/lib/webcam-capture-0.3.12.jar:/home
/travis/build/icyphy/ptII/lib/bridj-0.7.0.jar:/home/travis/build/icyphy/ptII/li
b/xbjlib-1.1.0.nrjavaserial.jar:/home/travis/build/icyphy/ptII/ptolemy/moml/tes
t:/home/travis/build/icyphy/ptII/ant/lib/ant-launcher.jar:/home/travis/build/ic
yphy/ptII/ant/lib/ant.jar:/home/travis/build/icyphy/ptII/ant/lib/ant-junit.jar:
/home/travis/build/icyphy/ptII/ant/lib/ant-junit4.jar:/home/travis/build/icyphy
/ptII ModularCodeGenTest_A1_profile.java
drwxrwxr-x   3 travis travis 20480 Jun  4 04:31 MaxIndex
-rw-rw-r--   1 travis travis  3491 Jun  4 04:34 ModularCodeGenTest_A1_A2.class
-rw-rw-r--   1 travis travis  9163 Jun  4 04:34 ModularCodeGenTest_A1_A2.java
-rw-rw-r--   1 travis travis   904 Jun  4 04:34 ModularCodeGenTest_A1_A2.mk
-rw-rw-r--   1 travis travis  1306 Jun  4 04:34 ModularCodeGenTest_A1_A2_profile.class
-rw-rw-r--   1 travis travis  1228 Jun  4 04:34 ModularCodeGenTest_A1_A2_profile.java
-rw-rw-r--   1 travis travis  1394 Jun  4 04:34 ModularCodeGenTest_A1_profile.java
drwxrwxr-x   3 travis travis 36864 Jun  4 04:34 modulation2
drwxrwxr-x   3 travis travis 20480 Jun  4 04:31 Multiplexor
drwxrwxr-x 242 travis travis 12288 Jun  4 04:34 node_modules
drwxrwxr-x   3 travis travis 20480 Jun  4 04:31 PhaseUnwrap
-rw-rw-r--   1 travis travis   520 Jun  4 04:34 Repeat$_fireFunction_Repeat_Repeat$__f_sL_0.class
-rw-rw-r--   1 travis travis   522 Jun  4 04:34 Repeat$_fireFunction_Repeat_Repeat$__f_sL_10.class
-rw-rw-r--   1 travis travis   666 Jun  4 04:34 Repeat$_fireFunction_Repeat_Repeat$__f_sL_11.class
-rw-rw-r--   1 travis travis   522 Jun  4 04:34 Repeat$_fireFunction_Repeat_Repeat$__f_sL_13.class
-rw-rw-r--   1 travis travis   665 Jun  4 04:34 Repeat$_fireFunction_Repeat_Repeat$__f_sL_1.class
-rw-rw-r--   1 travis travis   520 Jun  4 04:34 Repeat$_fireFunction_Repeat_Repeat$__f_sL_2.class
-rw-rw-r--   1 travis travis   520 Jun  4 04:34 Repeat$_fireFunction_Repeat_Repeat$__f_sL_3.class
-rw-rw-r--   1 travis travis   520 Jun  4 04:34 Repeat$_fireFunction_Repeat_Repeat$__f_sL_5.class
-rw-rw-r--   1 travis travis   671 Jun  4 04:34 Repeat$_fireFunction_Repeat_Repeat$__f_sL_7.class
-rw-rw-r--   1 travis travis   520 Jun  4 04:34 Repeat$_fireFunction_Repeat_Repeat$__f_sL_9.class
-rw-rw-r--   1 travis travis   813 Jun  4 04:34 Repeat$_initialize_Repeat.class
-rw-rw-r--   1 travis travis   475 Jun  4 04:34 Repeat$_initialize_Repeat$__i_sL_0.class
-rw-rw-r--   1 travis travis   519 Jun  4 04:34 Repeat$_initialize_Repeat$__i_sL_3.class
-rw-rw-r--   1 travis travis 39778 Jun  4 04:34 Repeat.java
-rw-rw-r--   1 travis travis  1281 Jun  4 04:34 Repeat.mk
-rw-rw-r--   1 travis travis   520 Jun  4 04:34 Repeat$_preinitializeMethod_Repeat$__p_sL_0.class
-rw-rw-r--   1 travis travis   520 Jun  4 04:34 Repeat$_preinitializeMethod_Repeat$__p_sL_1.class
-rw-rw-r--   1 travis travis  1083 Jun  4 04:34 Repeat$_Repeat$_fireFunction_Repeat_AddSubtract_Repeat.class
-rw-rw-r--   1 travis travis   791 Jun  4 04:34 Repeat$_Repeat$_fireFunction_Repeat_AddSubtract_Repeat$__f_sL_0.class
-rw-rw-r--   1 travis travis   909 Jun  4 04:34 Repeat$_Repeat$_fireFunction_Repeat_AddSubtract_Repeat$__f_sL_1.class
-rw-rw-r--   1 travis travis   915 Jun  4 04:34 Repeat$_Repeat$_fireFunction_Repeat_AddSubtract_Repeat$__f_sL_2.class
-rw-rw-r--   1 travis travis   838 Jun  4 04:34 Repeat$_Repeat$_fireFunction_Repeat_Ramp2_Repeat$__f_sL_1.class
-rw-rw-r--   1 travis travis  1785 Jun  4 04:34 Repeat$_Repeat$_fireFunction_Repeat_Test_Repeat$__f_sL_2.class
-rw-rw-r--   1 travis travis   685 Jun  4 04:34 Repeat$_Repeat_SDF_Director_run_Repeat$__R_sL_0.class
-rw-rw-r--   1 travis travis   540 Jun  4 04:34 Repeat$_Repeat_SDF_Director_run_Repeat$__R_sL_1.class
-rw-rw-r--   1 travis travis   540 Jun  4 04:34 Repeat$_Repeat_SDF_Director_run_Repeat$__R_sL_2.class
-rw-rw-r--   1 travis travis   540 Jun  4 04:34 Repeat$_Repeat_SDF_Director_run_Repeat$__R_sL_4.class
-rw-rw-r--   1 travis travis   540 Jun  4 04:34 Repeat$_Repeat_SDF_Director_run_Repeat$__R_sL_5.class
-rw-rw-r--   1 travis travis   691 Jun  4 04:34 Repeat$_Repeat_SDF_Director_run_Repeat$__R_sL_6.class
-rw-rw-r--   1 travis travis   540 Jun  4 04:34 Repeat$_Repeat_SDF_Director_run_Repeat$__R_sL_7.class
-rw-rw-r--   1 travis travis   863 Jun  4 04:34 Repeat$_varinit_Repeat.class
-rw-rw-r--   1 travis travis   530 Jun  4 04:34 Repeat$_varinit_Repeat$__v_sL_1.class
-rw-rw-r--   1 travis travis   531 Jun  4 04:34 Repeat$_varinit_Repeat$__v_sL_2.class
-rw-rw-r--   1 travis travis   905 Jun  4 04:34 Repeat$_varinit_Repeat$__v_sL_4.class
-rw-rw-r--   1 travis travis   635 Jun  4 04:34 Repeat$_wrapup_Repeat.class
-rw-rw-r--   1 travis travis   965 Jun  4 04:34 Repeat$_wrapup_Repeat$__w_sL_1.class
-rw-rw-r--   1 travis travis   289 Jun  4 04:29 result.csv
drwxrwxr-x   3 travis travis 12288 Jun  4 04:32 Scrambler1
drwxrwxr-x   3 travis travis 20480 Jun  4 04:31 Sinewave2
drwxrwxr-x   3 travis travis 69632 Jun  4 04:32 StringCompare
drwxrwxr-x   3 travis travis 32768 Jun  4 04:32 StringFunction
drwxrwxr-x   3 travis travis 12288 Jun  4 04:32 StringLength
drwxrwxr-x   3 travis travis 57344 Jun  4 04:33 StringSimpleReplace
drwxrwxr-x   3 travis travis 12288 Jun  4 04:33 time2
drwxrwxr-x   3 travis travis 12288 Jun  4 04:34 time5
-rw-rw-r--   1 travis travis   432 Jun  4 04:34 Token.class
-rw-rw-r--   1 travis travis   251 Jun  4 04:34 Token.java
-rw-rw-r--   1 travis travis     0 Jun  4 04:34 top.
-rw-rw-r--   1 travis travis 20502 Jun  4 04:29 top.c
-rw-rw-r--   1 travis travis  3567 Jun  4 04:34 top.class
-rw-rw-r--   1 travis travis   169 Jun  4 04:29 top.html
-rw-rw-r--   1 travis travis  7552 Jun  4 04:34 top.java
-rw-rw-r--   1 travis travis 38888 Jun  4 04:29 top.o
drwxrwxr-x   3 travis travis 57344 Jun  4 04:31 UnaryMathFunction
All Done
Writing ModularCodeGenTest_A1.java in file:/home/travis/cg/ (9968 characters)
Reading "ptolemy/cg/kernel/generic/program/procedural/java/modular/makefile.in",
    writing "/home/travis/cg/ModularCodeGenTest_A1.mk"
Using ptolemy/cg/kernel/generic/program/procedural/java/modular/makefile.in
In "/home/travis/cg", about to execute:
    make -f ModularCodeGenTest_A1.mk
javac -classpath ".:.."    ModularCodeGenTest_A1.java
All Done
4349 ms. Memory: 144896K Free: 99221K (68%)
18 ms. Memory: 144896K Free: 96995K (67%)
In "/home/travis/cg", about to execute:
    pwd
In "/home/travis/cg", about to execute:
    ls -l
/home/travis/cg
In "/home/travis/cg", about to execute:
    javac -classpath
.:/home/travis/build/icyphy/ptII:/home/travis/build/icyphy/ptII/lib/bsh-2.0b4.j
ar:/home/travis/build/icyphy/ptII/lib/ptCal.jar:/home/travis/build/icyphy/ptII/
lib/java_cup.jar:/home/travis/build/icyphy/ptII/lib/saxon8.jar:/home/travis/bui
ld/icyphy/ptII/lib/saxon8-dom.jar:/home/travis/build/icyphy/ptII/lib/chic.jar:/
home/travis/build/icyphy/ptII/lib/ptcolt.jar:/usr/lib/jvm/java-8-oracle/lib/too
ls.jar:/home/travis/build/icyphy/ptII/vendors/misc/itext/iText.jar:/home/travis
/build/icyphy/ptII/lib/g4ltl.jar:/home/travis/build/icyphy/ptII/lib/StructuralC
oder.jar:/home/travis/build/icyphy/ptII/vendors/jai-1_1_2_01/lib/jai_core.jar:/
home/travis/build/icyphy/ptII/vendors/jai-1_1_2_01/lib/jai_codec.jar:/home/trav
is/build/icyphy/ptII/lib/jcerti.jar:/home/travis/build/icyphy/ptII/lib/javax.ma
il.jar:/home/travis/build/icyphy/ptII/vendors/JMF-2.1.1e/lib/jmf.jar:/home/trav
is/build/icyphy/ptII/lib/jna-4.0.0-variadic.jar:/home/travis/build/icyphy/ptII/
vendors/misc/joystick/Joystick.jar:/home/travis/build/icyphy/ptII/lib/ptjacl.ja
r:/home/travis/build/icyphy/ptII/lib/jsoup-1.8.2.jar:/home/travis/build/icyphy/
ptII/lib/junit-4.8.2.jar:/home/travis/build/icyphy/ptII/lib/JUnitParams-0.4.0.j
ar:/home/travis/build/icyphy/ptII/ptolemy/actor/lib/excel/jxl.jar:/home/travis/
build/icyphy/ptII/lib/jython.jar:/home/travis/build/icyphy/ptII/lib/kieler.jar:
/home/travis/build/icyphy/ptII/vendors/opencv/share/OpenCV/java/opencv-341.jar:
/home/travis/build/icyphy/ptII/lib/oscP5.jar:/home/travis/build/icyphy/ptII/lib
/nrjavaserial-3.11.0.devel.jar:/home/travis/build/icyphy/ptII/vendors/j3d/lib/j
3dcore.jar:/home/travis/build/icyphy/ptII/vendors/j3d/lib/j3dutils.jar:/home/tr
avis/build/icyphy/ptII/vendors/j3d/lib/vecmath.jar:/home/travis/build/icyphy/pt
II/ptolemy/distributed/jini/jar/jini-core.jar:/home/travis/build/icyphy/ptII/pt
olemy/distributed/jini/jar/jini-ext.jar:/home/travis/build/icyphy/ptII/ptolemy/
distributed/jini/jar/sun-util.jar:/home/travis/build/icyphy/ptII/lib/protobuf-j
ava-2.4.1.jar:/home/travis/build/icyphy/ptII/lib/org.eclipse.paho.client.mqttv3
.jar:/home/travis/build/icyphy/ptII/lib/mapss.jar:/home/travis/build/icyphy/ptI
I/ptolemy/actor/ptalon/antlr/antlr.jar:/home/travis/build/icyphy/ptII/lib/JRI.j
ar:/home/travis/build/icyphy/ptII/lib/commons-lang-2.6.jar:/home/travis/build/i
cyphy/ptII/lib/commons-logging-1.1.1.jar:/home/travis/build/icyphy/ptII/lib/soo
tclasses.jar:/home/travis/build/icyphy/ptII/ptolemy/actor/lib/database/mysql-co
nnector-java-5.1.6-bin.jar:/home/travis/build/icyphy/ptII/vendors/misc/sphinx4/
sphinx4-data-5prealpha.jar:/home/travis/build/icyphy/ptII/vendors/misc/sphinx4/
sphinx4-core-5prealpha.jar:/home/travis/build/icyphy/ptII/lib/PDFRenderer.jar:/
home/travis/build/icyphy/ptII/lib/svgSalamander.jar:/home/travis/build/icyphy/p
tII/lib/rsyntaxtextarea-2.6.0-SNAPSHOT.jar:/home/travis/build/icyphy/ptII/lib/h
azelcast-3.8.2.jar:/home/travis/build/icyphy/ptII/lib/jackson-annotations-2.9.0
.jar:/home/travis/build/icyphy/ptII/lib/jackson-core-2.9.3.jar:/home/travis/bui
ld/icyphy/ptII/lib/jackson-databind-2.9.3.jar:/home/travis/build/icyphy/ptII/li
b/netty-buffer-4.1.19.Final.jar:/home/travis/build/icyphy/ptII/lib/netty-codec-
4.1.19.Final.jar:/home/travis/build/icyphy/ptII/lib/netty-codec-dns-4.1.19.Fina
l.jar:/home/travis/build/icyphy/ptII/lib/netty-codec-http-4.1.19.Final.jar:/hom
e/travis/build/icyphy/ptII/lib/netty-codec-http2-4.1.19.Final.jar:/home/travis/
build/icyphy/ptII/lib/netty-common-4.1.19.Final.jar:/home/travis/build/icyphy/p
tII/lib/netty-handler-4.1.19.Final.jar:/home/travis/build/icyphy/ptII/lib/netty
-resolver-4.1.19.Final.jar:/home/travis/build/icyphy/ptII/lib/netty-resolver-dn
s-4.1.19.Final.jar:/home/travis/build/icyphy/ptII/lib/netty-transport-4.1.19.Fi
nal.jar:/home/travis/build/icyphy/ptII/lib/vertx-codegen-3.5.1.jar:/home/travis
/build/icyphy/ptII/lib/vertx-core-3.5.2-SNAPSHOT.jar:/home/travis/build/icyphy/
ptII/lib/vertx-hazelcast-3.5.1.jar:/home/travis/build/icyphy/ptII/lib/vertx-lan
g-js-3.5.1.jar:/home/travis/build/icyphy/ptII/lib/vertx-service-proxy-3.5.1.jar
:/home/travis/build/icyphy/ptII/lib/vertx-web-3.5.1.jar:/home/travis/build/icyp
hy/ptII/lib/slf4j-api-1.7.13.jar:/home/travis/build/icyphy/ptII/lib/slf4j-simpl
e-1.7.13.jar:/home/travis/build/icyphy/ptII/lib/webcam-capture-0.3.12.jar:/home
/travis/build/icyphy/ptII/lib/bridj-0.7.0.jar:/home/travis/build/icyphy/ptII/li
b/xbjlib-1.1.0.nrjavaserial.jar:/home/travis/build/icyphy/ptII/ptolemy/moml/tes
t:/home/travis/build/icyphy/ptII/ant/lib/ant-launcher.jar:/home/travis/build/ic
yphy/ptII/ant/lib/ant.jar:/home/travis/build/icyphy/ptII/ant/lib/ant-junit.jar:
/home/travis/build/icyphy/ptII/ant/lib/ant-junit4.jar:/home/travis/build/icyphy
/ptII ModularCodeGenTest_A1_A2_profile.java
total 900
drwxrwxr-x   3 travis travis 12288 Jun  4 04:30 AbsoluteValue
drwxrwxr-x   3 travis travis 16384 Jun  4 04:30 Case1
drwxrwxr-x   3 travis travis 32768 Jun  4 04:30 Case2
drwxrwxr-x   3 travis travis 24576 Jun  4 04:32 DeScrambler
drwxrwxr-x   3 travis travis 16384 Jun  4 04:33 DotProduct
drwxrwxr-x   3 travis travis 12288 Jun  4 04:30 FileWriter1
drwxrwxr-x   3 travis travis 20480 Jun  4 04:29 FixToDoubleAndBack
drwxrwxr-x   3 travis travis 16384 Jun  4 04:30 Gaussian1
drwxrwxr-x   3 travis travis 20480 Jun  4 04:30 Gaussian2
drwxrwxr-x   3 travis travis 12288 Jun  4 04:30 LookupTable
drwxrwxr-x   3 travis travis 20480 Jun  4 04:31 MaxIndex
-rw-rw-r--   1 travis travis  3491 Jun  4 04:34 ModularCodeGenTest_A1_A2.class
-rw-rw-r--   1 travis travis  9163 Jun  4 04:34 ModularCodeGenTest_A1_A2.java
-rw-rw-r--   1 travis travis   904 Jun  4 04:34 ModularCodeGenTest_A1_A2.mk
-rw-rw-r--   1 travis travis  1306 Jun  4 04:34 ModularCodeGenTest_A1_A2_profile.class
-rw-rw-r--   1 travis travis  1228 Jun  4 04:34 ModularCodeGenTest_A1_A2_profile.java
-rw-rw-r--   1 travis travis  3823 Jun  4 04:34 ModularCodeGenTest_A1.class
-rw-rw-r--   1 travis travis  9968 Jun  4 04:34 ModularCodeGenTest_A1.java
-rw-rw-r--   1 travis travis   880 Jun  4 04:34 ModularCodeGenTest_A1.mk
-rw-rw-r--   1 travis travis  1352 Jun  4 04:34 ModularCodeGenTest_A1_profile.class
-rw-rw-r--   1 travis travis  1394 Jun  4 04:34 ModularCodeGenTest_A1_profile.java
drwxrwxr-x   3 travis travis 36864 Jun  4 04:34 modulation2
drwxrwxr-x   3 travis travis 20480 Jun  4 04:31 Multiplexor
drwxrwxr-x 242 travis travis 12288 Jun  4 04:34 node_modules
drwxrwxr-x   3 travis travis 20480 Jun  4 04:31 PhaseUnwrap
-rw-rw-r--   1 travis travis   520 Jun  4 04:34 Repeat$_fireFunction_Repeat_Repeat$__f_sL_0.class
-rw-rw-r--   1 travis travis   522 Jun  4 04:34 Repeat$_fireFunction_Repeat_Repeat$__f_sL_10.class
-rw-rw-r--   1 travis travis   666 Jun  4 04:34 Repeat$_fireFunction_Repeat_Repeat$__f_sL_11.class
-rw-rw-r--   1 travis travis   522 Jun  4 04:34 Repeat$_fireFunction_Repeat_Repeat$__f_sL_13.class
-rw-rw-r--   1 travis travis   665 Jun  4 04:34 Repeat$_fireFunction_Repeat_Repeat$__f_sL_1.class
-rw-rw-r--   1 travis travis   520 Jun  4 04:34 Repeat$_fireFunction_Repeat_Repeat$__f_sL_2.class
-rw-rw-r--   1 travis travis   520 Jun  4 04:34 Repeat$_fireFunction_Repeat_Repeat$__f_sL_3.class
-rw-rw-r--   1 travis travis   520 Jun  4 04:34 Repeat$_fireFunction_Repeat_Repeat$__f_sL_5.class
-rw-rw-r--   1 travis travis   671 Jun  4 04:34 Repeat$_fireFunction_Repeat_Repeat$__f_sL_7.class
-rw-rw-r--   1 travis travis   520 Jun  4 04:34 Repeat$_fireFunction_Repeat_Repeat$__f_sL_9.class
-rw-rw-r--   1 travis travis   813 Jun  4 04:34 Repeat$_initialize_Repeat.class
-rw-rw-r--   1 travis travis   475 Jun  4 04:34 Repeat$_initialize_Repeat$__i_sL_0.class
-rw-rw-r--   1 travis travis   519 Jun  4 04:34 Repeat$_initialize_Repeat$__i_sL_3.class
-rw-rw-r--   1 travis travis 39778 Jun  4 04:34 Repeat.java
-rw-rw-r--   1 travis travis  1281 Jun  4 04:34 Repeat.mk
-rw-rw-r--   1 travis travis   520 Jun  4 04:34 Repeat$_preinitializeMethod_Repeat$__p_sL_0.class
-rw-rw-r--   1 travis travis   520 Jun  4 04:34 Repeat$_preinitializeMethod_Repeat$__p_sL_1.class
-rw-rw-r--   1 travis travis  1083 Jun  4 04:34 Repeat$_Repeat$_fireFunction_Repeat_AddSubtract_Repeat.class
-rw-rw-r--   1 travis travis   791 Jun  4 04:34 Repeat$_Repeat$_fireFunction_Repeat_AddSubtract_Repeat$__f_sL_0.class
-rw-rw-r--   1 travis travis   909 Jun  4 04:34 Repeat$_Repeat$_fireFunction_Repeat_AddSubtract_Repeat$__f_sL_1.class
-rw-rw-r--   1 travis travis   915 Jun  4 04:34 Repeat$_Repeat$_fireFunction_Repeat_AddSubtract_Repeat$__f_sL_2.class
-rw-rw-r--   1 travis travis   838 Jun  4 04:34 Repeat$_Repeat$_fireFunction_Repeat_Ramp2_Repeat$__f_sL_1.class
-rw-rw-r--   1 travis travis  1785 Jun  4 04:34 Repeat$_Repeat$_fireFunction_Repeat_Test_Repeat$__f_sL_2.class
-rw-rw-r--   1 travis travis   685 Jun  4 04:34 Repeat$_Repeat_SDF_Director_run_Repeat$__R_sL_0.class
-rw-rw-r--   1 travis travis   540 Jun  4 04:34 Repeat$_Repeat_SDF_Director_run_Repeat$__R_sL_1.class
-rw-rw-r--   1 travis travis   540 Jun  4 04:34 Repeat$_Repeat_SDF_Director_run_Repeat$__R_sL_2.class
-rw-rw-r--   1 travis travis   540 Jun  4 04:34 Repeat$_Repeat_SDF_Director_run_Repeat$__R_sL_4.class
-rw-rw-r--   1 travis travis   540 Jun  4 04:34 Repeat$_Repeat_SDF_Director_run_Repeat$__R_sL_5.class
-rw-rw-r--   1 travis travis   691 Jun  4 04:34 Repeat$_Repeat_SDF_Director_run_Repeat$__R_sL_6.class
-rw-rw-r--   1 travis travis   540 Jun  4 04:34 Repeat$_Repeat_SDF_Director_run_Repeat$__R_sL_7.class
-rw-rw-r--   1 travis travis   863 Jun  4 04:34 Repeat$_varinit_Repeat.class
-rw-rw-r--   1 travis travis   530 Jun  4 04:34 Repeat$_varinit_Repeat$__v_sL_1.class
-rw-rw-r--   1 travis travis   531 Jun  4 04:34 Repeat$_varinit_Repeat$__v_sL_2.class
-rw-rw-r--   1 travis travis   905 Jun  4 04:34 Repeat$_varinit_Repeat$__v_sL_4.class
-rw-rw-r--   1 travis travis   635 Jun  4 04:34 Repeat$_wrapup_Repeat.class
-rw-rw-r--   1 travis travis   965 Jun  4 04:34 Repeat$_wrapup_Repeat$__w_sL_1.class
-rw-rw-r--   1 travis travis   289 Jun  4 04:29 result.csv
drwxrwxr-x   3 travis travis 12288 Jun  4 04:32 Scrambler1
drwxrwxr-x   3 travis travis 20480 Jun  4 04:31 Sinewave2
drwxrwxr-x   3 travis travis 69632 Jun  4 04:32 StringCompare
drwxrwxr-x   3 travis travis 32768 Jun  4 04:32 StringFunction
drwxrwxr-x   3 travis travis 12288 Jun  4 04:32 StringLength
drwxrwxr-x   3 travis travis 57344 Jun  4 04:33 StringSimpleReplace
drwxrwxr-x   3 travis travis 12288 Jun  4 04:33 time2
drwxrwxr-x   3 travis travis 12288 Jun  4 04:34 time5
-rw-rw-r--   1 travis travis   432 Jun  4 04:34 Token.class
-rw-rw-r--   1 travis travis   251 Jun  4 04:34 Token.java
-rw-rw-r--   1 travis travis     0 Jun  4 04:34 top.
-rw-rw-r--   1 travis travis 20502 Jun  4 04:29 top.c
-rw-rw-r--   1 travis travis  3567 Jun  4 04:34 top.class
-rw-rw-r--   1 travis travis   169 Jun  4 04:29 top.html
-rw-rw-r--   1 travis travis  7552 Jun  4 04:34 top.java
-rw-rw-r--   1 travis travis 38888 Jun  4 04:29 top.o
drwxrwxr-x   3 travis travis 57344 Jun  4 04:31 UnaryMathFunction
All Done
Writing ModularCodeGenTest_A1_A2.java in file:/home/travis/cg/ (9164 characters)
Reading "ptolemy/cg/kernel/generic/program/procedural/java/modular/makefile.in",
    writing "/home/travis/cg/ModularCodeGenTest_A1_A2.mk"
Using ptolemy/cg/kernel/generic/program/procedural/java/modular/makefile.in
In "/home/travis/cg", about to execute:
    make -f ModularCodeGenTest_A1_A2.mk
javac -classpath ".:.."    ModularCodeGenTest_A1_A2.java
All Done
2088 ms. Memory: 203776K Free: 140735K (69%)
Warning: failed to delete /home/travis/cg: error deleting "/home/travis/cg/node_modules/.bin":  best guess at reason: permission denied
In "/home/travis/cg", about to execute:
    pwd
In "/home/travis/cg", about to execute:
    ls -l
In "/home/travis/cg", about to execute:
    javac -classpath
.:/home/travis/build/icyphy/ptII:/home/travis/build/icyphy/ptII/lib/bsh-2.0b4.j
ar:/home/travis/build/icyphy/ptII/lib/ptCal.jar:/home/travis/build/icyphy/ptII/
lib/java_cup.jar:/home/travis/build/icyphy/ptII/lib/saxon8.jar:/home/travis/bui
ld/icyphy/ptII/lib/saxon8-dom.jar:/home/travis/build/icyphy/ptII/lib/chic.jar:/
home/travis/build/icyphy/ptII/lib/ptcolt.jar:/usr/lib/jvm/java-8-oracle/lib/too
ls.jar:/home/travis/build/icyphy/ptII/vendors/misc/itext/iText.jar:/home/travis
/build/icyphy/ptII/lib/g4ltl.jar:/home/travis/build/icyphy/ptII/lib/StructuralC
oder.jar:/home/travis/build/icyphy/ptII/vendors/jai-1_1_2_01/lib/jai_core.jar:/
home/travis/build/icyphy/ptII/vendors/jai-1_1_2_01/lib/jai_codec.jar:/home/trav
is/build/icyphy/ptII/lib/jcerti.jar:/home/travis/build/icyphy/ptII/lib/javax.ma
il.jar:/home/travis/build/icyphy/ptII/vendors/JMF-2.1.1e/lib/jmf.jar:/home/trav
is/build/icyphy/ptII/lib/jna-4.0.0-variadic.jar:/home/travis/build/icyphy/ptII/
vendors/misc/joystick/Joystick.jar:/home/travis/build/icyphy/ptII/lib/ptjacl.ja
r:/home/travis/build/icyphy/ptII/lib/jsoup-1.8.2.jar:/home/travis/build/icyphy/
ptII/lib/junit-4.8.2.jar:/home/travis/build/icyphy/ptII/lib/JUnitParams-0.4.0.j
ar:/home/travis/build/icyphy/ptII/ptolemy/actor/lib/excel/jxl.jar:/home/travis/
build/icyphy/ptII/lib/jython.jar:/home/travis/build/icyphy/ptII/lib/kieler.jar:
/home/travis/build/icyphy/ptII/vendors/opencv/share/OpenCV/java/opencv-341.jar:
/home/travis/build/icyphy/ptII/lib/oscP5.jar:/home/travis/build/icyphy/ptII/lib
/nrjavaserial-3.11.0.devel.jar:/home/travis/build/icyphy/ptII/vendors/j3d/lib/j
3dcore.jar:/home/travis/build/icyphy/ptII/vendors/j3d/lib/j3dutils.jar:/home/tr
avis/build/icyphy/ptII/vendors/j3d/lib/vecmath.jar:/home/travis/build/icyphy/pt
II/ptolemy/distributed/jini/jar/jini-core.jar:/home/travis/build/icyphy/ptII/pt
olemy/distributed/jini/jar/jini-ext.jar:/home/travis/build/icyphy/ptII/ptolemy/
distributed/jini/jar/sun-util.jar:/home/travis/build/icyphy/ptII/lib/protobuf-j
ava-2.4.1.jar:/home/travis/build/icyphy/ptII/lib/org.eclipse.paho.client.mqttv3
.jar:/home/travis/build/icyphy/ptII/lib/mapss.jar:/home/travis/build/icyphy/ptI
I/ptolemy/actor/ptalon/antlr/antlr.jar:/home/travis/build/icyphy/ptII/lib/JRI.j
ar:/home/travis/build/icyphy/ptII/lib/commons-lang-2.6.jar:/home/travis/build/i
cyphy/ptII/lib/commons-logging-1.1.1.jar:/home/travis/build/icyphy/ptII/lib/soo
tclasses.jar:/home/travis/build/icyphy/ptII/ptolemy/actor/lib/database/mysql-co
nnector-java-5.1.6-bin.jar:/home/travis/build/icyphy/ptII/vendors/misc/sphinx4/
sphinx4-data-5prealpha.jar:/home/travis/build/icyphy/ptII/vendors/misc/sphinx4/
sphinx4-core-5prealpha.jar:/home/travis/build/icyphy/ptII/lib/PDFRenderer.jar:/
home/travis/build/icyphy/ptII/lib/svgSalamander.jar:/home/travis/build/icyphy/p
tII/lib/rsyntaxtextarea-2.6.0-SNAPSHOT.jar:/home/travis/build/icyphy/ptII/lib/h
azelcast-3.8.2.jar:/home/travis/build/icyphy/ptII/lib/jackson-annotations-2.9.0
.jar:/home/travis/build/icyphy/ptII/lib/jackson-core-2.9.3.jar:/home/travis/bui
ld/icyphy/ptII/lib/jackson-databind-2.9.3.jar:/home/travis/build/icyphy/ptII/li
b/netty-buffer-4.1.19.Final.jar:/home/travis/build/icyphy/ptII/lib/netty-codec-
4.1.19.Final.jar:/home/travis/build/icyphy/ptII/lib/netty-codec-dns-4.1.19.Fina
l.jar:/home/travis/build/icyphy/ptII/lib/netty-codec-http-4.1.19.Final.jar:/hom
e/travis/build/icyphy/ptII/lib/netty-codec-http2-4.1.19.Final.jar:/home/travis/
build/icyphy/ptII/lib/netty-common-4.1.19.Final.jar:/home/travis/build/icyphy/p
tII/lib/netty-handler-4.1.19.Final.jar:/home/travis/build/icyphy/ptII/lib/netty
-resolver-4.1.19.Final.jar:/home/travis/build/icyphy/ptII/lib/netty-resolver-dn
s-4.1.19.Final.jar:/home/travis/build/icyphy/ptII/lib/netty-transport-4.1.19.Fi
nal.jar:/home/travis/build/icyphy/ptII/lib/vertx-codegen-3.5.1.jar:/home/travis
/build/icyphy/ptII/lib/vertx-core-3.5.2-SNAPSHOT.jar:/home/travis/build/icyphy/
ptII/lib/vertx-hazelcast-3.5.1.jar:/home/travis/build/icyphy/ptII/lib/vertx-lan
g-js-3.5.1.jar:/home/travis/build/icyphy/ptII/lib/vertx-service-proxy-3.5.1.jar
:/home/travis/build/icyphy/ptII/lib/vertx-web-3.5.1.jar:/home/travis/build/icyp
hy/ptII/lib/slf4j-api-1.7.13.jar:/home/travis/build/icyphy/ptII/lib/slf4j-simpl
e-1.7.13.jar:/home/travis/build/icyphy/ptII/lib/webcam-capture-0.3.12.jar:/home
/travis/build/icyphy/ptII/lib/bridj-0.7.0.jar:/home/travis/build/icyphy/ptII/li
b/xbjlib-1.1.0.nrjavaserial.jar:/home/travis/build/icyphy/ptII/ptolemy/moml/tes
t:/home/travis/build/icyphy/ptII/ant/lib/ant-launcher.jar:/home/travis/build/ic
yphy/ptII/ant/lib/ant.jar:/home/travis/build/icyphy/ptII/ant/lib/ant-junit.jar:
/home/travis/build/icyphy/ptII/ant/lib/ant-junit4.jar:/home/travis/build/icyphy
/ptII ModularCodeGenTest_A1_profile.java
/home/travis/cg
total 876
drwxrwxr-x   3 travis travis 12288 Jun  4 04:30 AbsoluteValue
drwxrwxr-x   3 travis travis 16384 Jun  4 04:30 Case1
drwxrwxr-x   3 travis travis 32768 Jun  4 04:30 Case2
drwxrwxr-x   3 travis travis 24576 Jun  4 04:32 DeScrambler
drwxrwxr-x   3 travis travis 16384 Jun  4 04:33 DotProduct
drwxrwxr-x   3 travis travis 12288 Jun  4 04:30 FileWriter1
drwxrwxr-x   3 travis travis 20480 Jun  4 04:29 FixToDoubleAndBack
drwxrwxr-x   3 travis travis 16384 Jun  4 04:30 Gaussian1
drwxrwxr-x   3 travis travis 20480 Jun  4 04:30 Gaussian2
drwxrwxr-x   3 travis travis 12288 Jun  4 04:30 LookupTable
drwxrwxr-x   3 travis travis 20480 Jun  4 04:31 MaxIndex
-rw-rw-r--   1 travis travis  3492 Jun  4 04:34 ModularCodeGenTest_A1_A2.class
-rw-rw-r--   1 travis travis   904 Jun  4 04:34 ModularCodeGenTest_A1_A2.mk
-rw-rw-r--   1 travis travis  1306 Jun  4 04:34 ModularCodeGenTest_A1_A2_profile.class
-rw-rw-r--   1 travis travis  9968 Jun  4 04:34 ModularCodeGenTest_A1.java
-rw-rw-r--   1 travis travis   880 Jun  4 04:34 ModularCodeGenTest_A1.mk
-rw-rw-r--   1 travis travis  1394 Jun  4 04:34 ModularCodeGenTest_A1_profile.java
drwxrwxr-x   3 travis travis 36864 Jun  4 04:34 modulation2
drwxrwxr-x   3 travis travis 20480 Jun  4 04:31 Multiplexor
drwxrwxr-x 242 travis travis 12288 Jun  4 04:34 node_modules
drwxrwxr-x   3 travis travis 20480 Jun  4 04:31 PhaseUnwrap
-rw-rw-r--   1 travis travis   520 Jun  4 04:34 Repeat$_fireFunction_Repeat_Repeat$__f_sL_0.class
-rw-rw-r--   1 travis travis   522 Jun  4 04:34 Repeat$_fireFunction_Repeat_Repeat$__f_sL_10.class
-rw-rw-r--   1 travis travis   666 Jun  4 04:34 Repeat$_fireFunction_Repeat_Repeat$__f_sL_11.class
-rw-rw-r--   1 travis travis   522 Jun  4 04:34 Repeat$_fireFunction_Repeat_Repeat$__f_sL_13.class
-rw-rw-r--   1 travis travis   665 Jun  4 04:34 Repeat$_fireFunction_Repeat_Repeat$__f_sL_1.class
-rw-rw-r--   1 travis travis   520 Jun  4 04:34 Repeat$_fireFunction_Repeat_Repeat$__f_sL_2.class
-rw-rw-r--   1 travis travis   520 Jun  4 04:34 Repeat$_fireFunction_Repeat_Repeat$__f_sL_3.class
-rw-rw-r--   1 travis travis   520 Jun  4 04:34 Repeat$_fireFunction_Repeat_Repeat$__f_sL_5.class
-rw-rw-r--   1 travis travis   671 Jun  4 04:34 Repeat$_fireFunction_Repeat_Repeat$__f_sL_7.class
-rw-rw-r--   1 travis travis   520 Jun  4 04:34 Repeat$_fireFunction_Repeat_Repeat$__f_sL_9.class
-rw-rw-r--   1 travis travis   813 Jun  4 04:34 Repeat$_initialize_Repeat.class
-rw-rw-r--   1 travis travis   475 Jun  4 04:34 Repeat$_initialize_Repeat$__i_sL_0.class
-rw-rw-r--   1 travis travis   519 Jun  4 04:34 Repeat$_initialize_Repeat$__i_sL_3.class
-rw-rw-r--   1 travis travis 39778 Jun  4 04:34 Repeat.java
-rw-rw-r--   1 travis travis  1281 Jun  4 04:34 Repeat.mk
-rw-rw-r--   1 travis travis   520 Jun  4 04:34 Repeat$_preinitializeMethod_Repeat$__p_sL_0.class
-rw-rw-r--   1 travis travis   520 Jun  4 04:34 Repeat$_preinitializeMethod_Repeat$__p_sL_1.class
-rw-rw-r--   1 travis travis  1083 Jun  4 04:34 Repeat$_Repeat$_fireFunction_Repeat_AddSubtract_Repeat.class
-rw-rw-r--   1 travis travis   791 Jun  4 04:34 Repeat$_Repeat$_fireFunction_Repeat_AddSubtract_Repeat$__f_sL_0.class
-rw-rw-r--   1 travis travis   909 Jun  4 04:34 Repeat$_Repeat$_fireFunction_Repeat_AddSubtract_Repeat$__f_sL_1.class
-rw-rw-r--   1 travis travis   915 Jun  4 04:34 Repeat$_Repeat$_fireFunction_Repeat_AddSubtract_Repeat$__f_sL_2.class
-rw-rw-r--   1 travis travis   838 Jun  4 04:34 Repeat$_Repeat$_fireFunction_Repeat_Ramp2_Repeat$__f_sL_1.class
-rw-rw-r--   1 travis travis  1785 Jun  4 04:34 Repeat$_Repeat$_fireFunction_Repeat_Test_Repeat$__f_sL_2.class
-rw-rw-r--   1 travis travis   685 Jun  4 04:34 Repeat$_Repeat_SDF_Director_run_Repeat$__R_sL_0.class
-rw-rw-r--   1 travis travis   540 Jun  4 04:34 Repeat$_Repeat_SDF_Director_run_Repeat$__R_sL_1.class
-rw-rw-r--   1 travis travis   540 Jun  4 04:34 Repeat$_Repeat_SDF_Director_run_Repeat$__R_sL_2.class
-rw-rw-r--   1 travis travis   540 Jun  4 04:34 Repeat$_Repeat_SDF_Director_run_Repeat$__R_sL_4.class
-rw-rw-r--   1 travis travis   540 Jun  4 04:34 Repeat$_Repeat_SDF_Director_run_Repeat$__R_sL_5.class
-rw-rw-r--   1 travis travis   691 Jun  4 04:34 Repeat$_Repeat_SDF_Director_run_Repeat$__R_sL_6.class
-rw-rw-r--   1 travis travis   540 Jun  4 04:34 Repeat$_Repeat_SDF_Director_run_Repeat$__R_sL_7.class
-rw-rw-r--   1 travis travis   863 Jun  4 04:34 Repeat$_varinit_Repeat.class
-rw-rw-r--   1 travis travis   530 Jun  4 04:34 Repeat$_varinit_Repeat$__v_sL_1.class
-rw-rw-r--   1 travis travis   531 Jun  4 04:34 Repeat$_varinit_Repeat$__v_sL_2.class
-rw-rw-r--   1 travis travis   905 Jun  4 04:34 Repeat$_varinit_Repeat$__v_sL_4.class
-rw-rw-r--   1 travis travis   635 Jun  4 04:34 Repeat$_wrapup_Repeat.class
-rw-rw-r--   1 travis travis   965 Jun  4 04:34 Repeat$_wrapup_Repeat$__w_sL_1.class
-rw-rw-r--   1 travis travis   289 Jun  4 04:29 result.csv
drwxrwxr-x   3 travis travis 12288 Jun  4 04:32 Scrambler1
drwxrwxr-x   3 travis travis 20480 Jun  4 04:31 Sinewave2
drwxrwxr-x   3 travis travis 69632 Jun  4 04:32 StringCompare
drwxrwxr-x   3 travis travis 32768 Jun  4 04:32 StringFunction
drwxrwxr-x   3 travis travis 12288 Jun  4 04:32 StringLength
drwxrwxr-x   3 travis travis 57344 Jun  4 04:33 StringSimpleReplace
drwxrwxr-x   3 travis travis 12288 Jun  4 04:33 time2
drwxrwxr-x   3 travis travis 12288 Jun  4 04:34 time5
-rw-rw-r--   1 travis travis   432 Jun  4 04:34 Token.class
-rw-rw-r--   1 travis travis   251 Jun  4 04:34 Token.java
-rw-rw-r--   1 travis travis     0 Jun  4 04:34 top.
-rw-rw-r--   1 travis travis 20502 Jun  4 04:29 top.c
-rw-rw-r--   1 travis travis  3567 Jun  4 04:34 top.class
-rw-rw-r--   1 travis travis   169 Jun  4 04:29 top.html
-rw-rw-r--   1 travis travis  7552 Jun  4 04:34 top.java
-rw-rw-r--   1 travis travis 38888 Jun  4 04:29 top.o
drwxrwxr-x   3 travis travis 57344 Jun  4 04:31 UnaryMathFunction
All Done
Writing ModularCodeGenTest_A1.java in file:/home/travis/cg/ (9968 characters)
Reading "ptolemy/cg/kernel/generic/program/procedural/java/modular/makefile.in",
    writing "/home/travis/cg/ModularCodeGenTest_A1.mk"
Using ptolemy/cg/kernel/generic/program/procedural/java/modular/makefile.in
In "/home/travis/cg", about to execute:
    make -f ModularCodeGenTest_A1.mk
javac -classpath ".:.."    ModularCodeGenTest_A1.java
All Done
2050 ms. Memory: 203776K Free: 195089K (96%)
06/04/19 04:34:26
Failed: 0  Total Tests: 3  ((Passed: 3, Newly Passed: 0)  Known Failed: 0) /home/travis/build/icyphy/ptII/ptolemy/cg/lib/test
No auto/knownFailedTests/*.xml tests in /home/travis/build/icyphy/ptII/ptolemy/cg/lib/test
No auto/linux-amd64/*.xml tests in /home/travis/build/icyphy/ptII/ptolemy/cg/lib/test
AutoTests.java: About to close Vertx.
AutoTests.java: Vertx closed.

===========================================================================================
----------------- testing Tue Jun 04 04:34:26 UTC 2019 /home/travis/build/icyphy/ptII/ptolemy/cg/lib/test/auto/CompiledCompositeActor.xml
----------------- Instantiating /home/travis/build/icyphy/ptII/ptolemy/cg/lib/test/auto/CompiledCompositeActor.xml
CompiledCompositeActor: Building shared object: The sharedObjectFile has a modification time that is earlier than the modelFile modification time.
Writing CompiledCompositeActor_CompiledCompositeActor.java in file:/home/travis/cg/ (13466 characters)
Reading "ptolemy/cg/kernel/generic/program/procedural/java/makefile.in",
    writing "/home/travis/cg/CompiledCompositeActor_CompiledCompositeActor.mk"
Using ptolemy/cg/kernel/generic/program/procedural/java/makefile.in
In "/home/travis/cg", about to execute:
    make -f CompiledCompositeActor_CompiledCompositeActor.mk
javac -classpath ".:."    CompiledCompositeActor_CompiledCompositeActor.java
All Done
903 ms. Memory: 203776K Free: 134589K (66%)
----------------- Invoking toplevel() on ptolemy.moml.MoMLSimpleApplication@69b3bae7
----------------- Done invoking toplevel() on ptolemy.moml.MoMLSimpleApplication@69b3bae7
reloadAllAccessors: .CompiledCompositeActor

===========================================================================================
----------------- testing Tue Jun 04 04:34:27 UTC 2019 /home/travis/build/icyphy/ptII/ptolemy/cg/lib/test/auto/DECGClockRamp.xml
----------------- Instantiating /home/travis/build/icyphy/ptII/ptolemy/cg/lib/test/auto/DECGClockRamp.xml
13 ms. Memory: 203776K Free: 129133K (63%)
----------------- Invoking toplevel() on ptolemy.moml.MoMLSimpleApplication@5a0124f3
----------------- Done invoking toplevel() on ptolemy.moml.MoMLSimpleApplication@5a0124f3
reloadAllAccessors: .DECGClockRamp

===========================================================================================
----------------- testing Tue Jun 04 04:34:27 UTC 2019 /home/travis/build/icyphy/ptII/ptolemy/cg/lib/test/auto/DECGDelay.xml
----------------- Instantiating /home/travis/build/icyphy/ptII/ptolemy/cg/lib/test/auto/DECGDelay.xml
24 ms. Memory: 203776K Free: 121901K (60%)
----------------- Invoking toplevel() on ptolemy.moml.MoMLSimpleApplication@3d4f0ddf
----------------- Done invoking toplevel() on ptolemy.moml.MoMLSimpleApplication@3d4f0ddf
reloadAllAccessors: .DECGDelay

===========================================================================================
----------------- testing Tue Jun 04 04:34:27 UTC 2019 /home/travis/build/icyphy/ptII/ptolemy/cg/lib/test/auto/DECGHelloWorld.xml
----------------- Instantiating /home/travis/build/icyphy/ptII/ptolemy/cg/lib/test/auto/DECGHelloWorld.xml
3 ms. Memory: 203776K Free: 117711K (58%)
----------------- Invoking toplevel() on ptolemy.moml.MoMLSimpleApplication@695a8e95
----------------- Done invoking toplevel() on ptolemy.moml.MoMLSimpleApplication@695a8e95
reloadAllAccessors: .DECGHelloWorld

===========================================================================================
----------------- testing Tue Jun 04 04:34:27 UTC 2019 /home/travis/build/icyphy/ptII/ptolemy/cg/lib/test/auto/DECGHeterogeneous.xml
----------------- Instantiating /home/travis/build/icyphy/ptII/ptolemy/cg/lib/test/auto/DECGHeterogeneous.xml
32 ms. Memory: 203776K Free: 103169K (51%)
----------------- Invoking toplevel() on ptolemy.moml.MoMLSimpleApplication@365552b9
----------------- Done invoking toplevel() on ptolemy.moml.MoMLSimpleApplication@365552b9
reloadAllAccessors: .DECGHeterogeneous

===========================================================================================
----------------- testing Tue Jun 04 04:34:27 UTC 2019 /home/travis/build/icyphy/ptII/ptolemy/cg/lib/test/auto/DECGHeterogeneousMk2.xml
----------------- Instantiating /home/travis/build/icyphy/ptII/ptolemy/cg/lib/test/auto/DECGHeterogeneousMk2.xml
50 ms. Memory: 203776K Free: 88112K (43%)
----------------- Invoking toplevel() on ptolemy.moml.MoMLSimpleApplication@1bcb0475
----------------- Done invoking toplevel() on ptolemy.moml.MoMLSimpleApplication@1bcb0475
reloadAllAccessors: .DECGHeterogeneousMk2

===========================================================================================
----------------- testing Tue Jun 04 04:34:27 UTC 2019 /home/travis/build/icyphy/ptII/ptolemy/cg/lib/test/auto/DECGMath.xml
----------------- Instantiating /home/travis/build/icyphy/ptII/ptolemy/cg/lib/test/auto/DECGMath.xml
8 ms. Memory: 203776K Free: 80896K (40%)
----------------- Invoking toplevel() on ptolemy.moml.MoMLSimpleApplication@621c4f44
----------------- Done invoking toplevel() on ptolemy.moml.MoMLSimpleApplication@621c4f44
reloadAllAccessors: .DECGMath

===========================================================================================
----------------- testing Tue Jun 04 04:34:28 UTC 2019 /home/travis/build/icyphy/ptII/ptolemy/cg/lib/test/auto/DECGPi.xml
----------------- Instantiating /home/travis/build/icyphy/ptII/ptolemy/cg/lib/test/auto/DECGPi.xml
77 ms. Memory: 322560K Free: 301087K (93%)
----------------- Invoking toplevel() on ptolemy.moml.MoMLSimpleApplication@118a50a8
----------------- Done invoking toplevel() on ptolemy.moml.MoMLSimpleApplication@118a50a8
reloadAllAccessors: .DECGPi

===========================================================================================
----------------- testing Tue Jun 04 04:34:28 UTC 2019 /home/travis/build/icyphy/ptII/ptolemy/cg/lib/test/auto/DECGPiSquare.xml
----------------- Instantiating /home/travis/build/icyphy/ptII/ptolemy/cg/lib/test/auto/DECGPiSquare.xml
140 ms. Memory: 322560K Free: 283694K (88%)
----------------- Invoking toplevel() on ptolemy.moml.MoMLSimpleApplication@495ef1d2
----------------- Done invoking toplevel() on ptolemy.moml.MoMLSimpleApplication@495ef1d2
reloadAllAccessors: .DECGPiSquare

===========================================================================================
----------------- testing Tue Jun 04 04:34:28 UTC 2019 /home/travis/build/icyphy/ptII/ptolemy/cg/lib/test/auto/DECGPoisson.xml
----------------- Instantiating /home/travis/build/icyphy/ptII/ptolemy/cg/lib/test/auto/DECGPoisson.xml
3 ms. Memory: 322560K Free: 278952K (86%)
----------------- Invoking toplevel() on ptolemy.moml.MoMLSimpleApplication@715cfe25
----------------- Done invoking toplevel() on ptolemy.moml.MoMLSimpleApplication@715cfe25
reloadAllAccessors: .DECGPoisson

===========================================================================================
----------------- testing Tue Jun 04 04:34:28 UTC 2019 /home/travis/build/icyphy/ptII/ptolemy/cg/lib/test/auto/JavaCompiledCompositeActor5.xml
----------------- Instantiating /home/travis/build/icyphy/ptII/ptolemy/cg/lib/test/auto/JavaCompiledCompositeActor5.xml
CompiledCompositeActor: Building shared object: No effigy.  This can happen when CodeGenerator.generateCode() is called from within the test suite.  The code will be recompiled.
Writing CompiledCompositeActor_CompiledCompositeActor.java in file:/home/travis/cg/ (13466 characters)
Reading "ptolemy/cg/kernel/generic/program/procedural/java/makefile.in",
    writing "/home/travis/cg/CompiledCompositeActor_CompiledCompositeActor.mk"
Using ptolemy/cg/kernel/generic/program/procedural/java/makefile.in
In "/home/travis/cg", about to execute:
    make -f CompiledCompositeActor_CompiledCompositeActor.mk
javac -classpath ".:."    CompiledCompositeActor_CompiledCompositeActor.java
All Done
925 ms. Memory: 322560K Free: 241153K (75%)
----------------- Invoking toplevel() on ptolemy.moml.MoMLSimpleApplication@5cedbd09
----------------- Done invoking toplevel() on ptolemy.moml.MoMLSimpleApplication@5cedbd09
reloadAllAccessors: .CompiledCompositeActor

===========================================================================================
----------------- testing Tue Jun 04 04:34:29 UTC 2019 /home/travis/build/icyphy/ptII/ptolemy/cg/lib/test/auto/JavaCompiledCompositeTest1.xml
----------------- Instantiating /home/travis/build/icyphy/ptII/ptolemy/cg/lib/test/auto/JavaCompiledCompositeTest1.xml
CompiledCompositeActor: Building shared object: The sharedObjectFile has a modification time that is earlier than the modelFile modification time.
Writing JavaCompiledCompositeTest1_CompiledCompositeActor.java in file:/home/travis/cg/ (11637 characters)
Reading "ptolemy/cg/kernel/generic/program/procedural/java/makefile.in",
    writing "/home/travis/cg/JavaCompiledCompositeTest1_CompiledCompositeActor.mk"
Using ptolemy/cg/kernel/generic/program/procedural/java/makefile.in
In "/home/travis/cg", about to execute:
    make -f JavaCompiledCompositeTest1_CompiledCompositeActor.mk
javac -classpath ".:."    JavaCompiledCompositeTest1_CompiledCompositeActor.java
All Done
966 ms. Memory: 322560K Free: 212403K (66%)
----------------- Invoking toplevel() on ptolemy.moml.MoMLSimpleApplication@1308ce9d
----------------- Done invoking toplevel() on ptolemy.moml.MoMLSimpleApplication@1308ce9d
reloadAllAccessors: .JavaCompiledCompositeTest1

===========================================================================================
----------------- testing Tue Jun 04 04:34:30 UTC 2019 /home/travis/build/icyphy/ptII/ptolemy/cg/lib/test/auto/JavaCompiledCompositeTest2.xml
----------------- Instantiating /home/travis/build/icyphy/ptII/ptolemy/cg/lib/test/auto/JavaCompiledCompositeTest2.xml
CompiledCompositeActor: Building shared object: The sharedObjectFile has a modification time that is earlier than the modelFile modification time.
Writing JavaCompiledCompositeTest2_CompiledCompositeActor.java in file:/home/travis/cg/ (14919 characters)
Reading "ptolemy/cg/kernel/generic/program/procedural/java/makefile.in",
    writing "/home/travis/cg/JavaCompiledCompositeTest2_CompiledCompositeActor.mk"
Using ptolemy/cg/kernel/generic/program/procedural/java/makefile.in
In "/home/travis/cg", about to execute:
    make -f JavaCompiledCompositeTest2_CompiledCompositeActor.mk
javac -classpath ".:."    JavaCompiledCompositeTest2_CompiledCompositeActor.java
All Done
935 ms. Memory: 322560K Free: 169293K (52%)
----------------- Invoking toplevel() on ptolemy.moml.MoMLSimpleApplication@56012c1b
----------------- Done invoking toplevel() on ptolemy.moml.MoMLSimpleApplication@56012c1b
reloadAllAccessors: .JavaCompiledCompositeTest2

===========================================================================================
----------------- testing Tue Jun 04 04:34:31 UTC 2019 /home/travis/build/icyphy/ptII/ptolemy/cg/lib/test/auto/JavaCompiledCompositeTest3.xml
----------------- Instantiating /home/travis/build/icyphy/ptII/ptolemy/cg/lib/test/auto/JavaCompiledCompositeTest3.xml
CompiledCompositeActor: Building shared object: The sharedObjectFile has a modification time that is earlier than the modelFile modification time.
Writing JavaCompiledCompositeTest3_CompiledCompositeActor.java in file:/home/travis/cg/ (13080 characters)
Reading "ptolemy/cg/kernel/generic/program/procedural/java/makefile.in",
    writing "/home/travis/cg/JavaCompiledCompositeTest3_CompiledCompositeActor.mk"
Using ptolemy/cg/kernel/generic/program/procedural/java/makefile.in
In "/home/travis/cg", about to execute:
    make -f JavaCompiledCompositeTest3_CompiledCompositeActor.mk
javac -classpath ".:."    JavaCompiledCompositeTest3_CompiledCompositeActor.java
All Done
1279 ms. Memory: 322560K Free: 134929K (42%)
----------------- Invoking toplevel() on ptolemy.moml.MoMLSimpleApplication@37f4711a
----------------- Done invoking toplevel() on ptolemy.moml.MoMLSimpleApplication@37f4711a
reloadAllAccessors: .JavaCompiledCompositeTest3

===========================================================================================
----------------- testing Tue Jun 04 04:34:32 UTC 2019 /home/travis/build/icyphy/ptII/ptolemy/cg/lib/test/auto/JavaCompiledCompositeTest4.xml
----------------- Instantiating /home/travis/build/icyphy/ptII/ptolemy/cg/lib/test/auto/JavaCompiledCompositeTest4.xml
CompiledCompositeActor: Building shared object: The sharedObjectFile has a modification time that is earlier than the modelFile modification time.
Writing JavaCompiledCompositeTest4_CompiledCompositeActor.java in file:/home/travis/cg/ (9687 characters)
Reading "ptolemy/cg/kernel/generic/program/procedural/java/makefile.in",
    writing "/home/travis/cg/JavaCompiledCompositeTest4_CompiledCompositeActor.mk"
Using ptolemy/cg/kernel/generic/program/procedural/java/makefile.in
In "/home/travis/cg", about to execute:
    make -f JavaCompiledCompositeTest4_CompiledCompositeActor.mk
javac -classpath ".:."    JavaCompiledCompositeTest4_CompiledCompositeActor.java
All Done
874 ms. Memory: 322560K Free: 109196K (34%)
----------------- Invoking toplevel() on ptolemy.moml.MoMLSimpleApplication@5e54a34a
----------------- Done invoking toplevel() on ptolemy.moml.MoMLSimpleApplication@5e54a34a
reloadAllAccessors: .JavaCompiledCompositeTest4

===========================================================================================
----------------- testing Tue Jun 04 04:34:33 UTC 2019 /home/travis/build/icyphy/ptII/ptolemy/cg/lib/test/auto/ModularCG.xml
----------------- Instantiating /home/travis/build/icyphy/ptII/ptolemy/cg/lib/test/auto/ModularCG.xml
In "/home/travis/cg", about to execute:
    pwd
In "/home/travis/cg", about to execute:
    ls -l
/home/travis/cg
In "/home/travis/cg", about to execute:
    javac -classpath
.:/home/travis/build/icyphy/ptII:/home/travis/build/icyphy/ptII/lib/bsh-2.0b4.j
ar:/home/travis/build/icyphy/ptII/lib/ptCal.jar:/home/travis/build/icyphy/ptII/
lib/java_cup.jar:/home/travis/build/icyphy/ptII/lib/saxon8.jar:/home/travis/bui
ld/icyphy/ptII/lib/saxon8-dom.jar:/home/travis/build/icyphy/ptII/lib/chic.jar:/
home/travis/build/icyphy/ptII/lib/ptcolt.jar:/usr/lib/jvm/java-8-oracle/lib/too
ls.jar:/home/travis/build/icyphy/ptII/vendors/misc/itext/iText.jar:/home/travis
/build/icyphy/ptII/lib/g4ltl.jar:/home/travis/build/icyphy/ptII/lib/StructuralC
oder.jar:/home/travis/build/icyphy/ptII/vendors/jai-1_1_2_01/lib/jai_core.jar:/
home/travis/build/icyphy/ptII/vendors/jai-1_1_2_01/lib/jai_codec.jar:/home/trav
is/build/icyphy/ptII/lib/jcerti.jar:/home/travis/build/icyphy/ptII/lib/javax.ma
il.jar:/home/travis/build/icyphy/ptII/vendors/JMF-2.1.1e/lib/jmf.jar:/home/trav
is/build/icyphy/ptII/lib/jna-4.0.0-variadic.jar:/home/travis/build/icyphy/ptII/
vendors/misc/joystick/Joystick.jar:/home/travis/build/icyphy/ptII/lib/ptjacl.ja
r:/home/travis/build/icyphy/ptII/lib/jsoup-1.8.2.jar:/home/travis/build/icyphy/
ptII/lib/junit-4.8.2.jar:/home/travis/build/icyphy/ptII/lib/JUnitParams-0.4.0.j
ar:/home/travis/build/icyphy/ptII/ptolemy/actor/lib/excel/jxl.jar:/home/travis/
build/icyphy/ptII/lib/jython.jar:/home/travis/build/icyphy/ptII/lib/kieler.jar:
/home/travis/build/icyphy/ptII/vendors/opencv/share/OpenCV/java/opencv-341.jar:
/home/travis/build/icyphy/ptII/lib/oscP5.jar:/home/travis/build/icyphy/ptII/lib
/nrjavaserial-3.11.0.devel.jar:/home/travis/build/icyphy/ptII/vendors/j3d/lib/j
3dcore.jar:/home/travis/build/icyphy/ptII/vendors/j3d/lib/j3dutils.jar:/home/tr
avis/build/icyphy/ptII/vendors/j3d/lib/vecmath.jar:/home/travis/build/icyphy/pt
II/ptolemy/distributed/jini/jar/jini-core.jar:/home/travis/build/icyphy/ptII/pt
olemy/distributed/jini/jar/jini-ext.jar:/home/travis/build/icyphy/ptII/ptolemy/
distributed/jini/jar/sun-util.jar:/home/travis/build/icyphy/ptII/lib/protobuf-j
ava-2.4.1.jar:/home/travis/build/icyphy/ptII/lib/org.eclipse.paho.client.mqttv3
.jar:/home/travis/build/icyphy/ptII/lib/mapss.jar:/home/travis/build/icyphy/ptI
I/ptolemy/actor/ptalon/antlr/antlr.jar:/home/travis/build/icyphy/ptII/lib/JRI.j
ar:/home/travis/build/icyphy/ptII/lib/commons-lang-2.6.jar:/home/travis/build/i
cyphy/ptII/lib/commons-logging-1.1.1.jar:/home/travis/build/icyphy/ptII/lib/soo
tclasses.jar:/home/travis/build/icyphy/ptII/ptolemy/actor/lib/database/mysql-co
nnector-java-5.1.6-bin.jar:/home/travis/build/icyphy/ptII/vendors/misc/sphinx4/
sphinx4-data-5prealpha.jar:/home/travis/build/icyphy/ptII/vendors/misc/sphinx4/
sphinx4-core-5prealpha.jar:/home/travis/build/icyphy/ptII/lib/PDFRenderer.jar:/
home/travis/build/icyphy/ptII/lib/svgSalamander.jar:/home/travis/build/icyphy/p
tII/lib/rsyntaxtextarea-2.6.0-SNAPSHOT.jar:/home/travis/build/icyphy/ptII/lib/h
azelcast-3.8.2.jar:/home/travis/build/icyphy/ptII/lib/jackson-annotations-2.9.0
.jar:/home/travis/build/icyphy/ptII/lib/jackson-core-2.9.3.jar:/home/travis/bui
ld/icyphy/ptII/lib/jackson-databind-2.9.3.jar:/home/travis/build/icyphy/ptII/li
b/netty-buffer-4.1.19.Final.jar:/home/travis/build/icyphy/ptII/lib/netty-codec-
4.1.19.Final.jar:/home/travis/build/icyphy/ptII/lib/netty-codec-dns-4.1.19.Fina
l.jar:/home/travis/build/icyphy/ptII/lib/netty-codec-http-4.1.19.Final.jar:/hom
e/travis/build/icyphy/ptII/lib/netty-codec-http2-4.1.19.Final.jar:/home/travis/
build/icyphy/ptII/lib/netty-common-4.1.19.Final.jar:/home/travis/build/icyphy/p
tII/lib/netty-handler-4.1.19.Final.jar:/home/travis/build/icyphy/ptII/lib/netty
-resolver-4.1.19.Final.jar:/home/travis/build/icyphy/ptII/lib/netty-resolver-dn
s-4.1.19.Final.jar:/home/travis/build/icyphy/ptII/lib/netty-transport-4.1.19.Fi
nal.jar:/home/travis/build/icyphy/ptII/lib/vertx-codegen-3.5.1.jar:/home/travis
/build/icyphy/ptII/lib/vertx-core-3.5.2-SNAPSHOT.jar:/home/travis/build/icyphy/
ptII/lib/vertx-hazelcast-3.5.1.jar:/home/travis/build/icyphy/ptII/lib/vertx-lan
g-js-3.5.1.jar:/home/travis/build/icyphy/ptII/lib/vertx-service-proxy-3.5.1.jar
:/home/travis/build/icyphy/ptII/lib/vertx-web-3.5.1.jar:/home/travis/build/icyp
hy/ptII/lib/slf4j-api-1.7.13.jar:/home/travis/build/icyphy/ptII/lib/slf4j-simpl
e-1.7.13.jar:/home/travis/build/icyphy/ptII/lib/webcam-capture-0.3.12.jar:/home
/travis/build/icyphy/ptII/lib/bridj-0.7.0.jar:/home/travis/build/icyphy/ptII/li
b/xbjlib-1.1.0.nrjavaserial.jar:/home/travis/build/icyphy/ptII/ptolemy/moml/tes
t:/home/travis/build/icyphy/ptII/ant/lib/ant-launcher.jar:/home/travis/build/ic
yphy/ptII/ant/lib/ant.jar:/home/travis/build/icyphy/ptII/ant/lib/ant-junit.jar:
/home/travis/build/icyphy/ptII/ant/lib/ant-junit4.jar:/home/travis/build/icyphy
/ptII ModularCG_A1_B1_profile.java
total 1036
drwxrwxr-x   3 travis travis 12288 Jun  4 04:30 AbsoluteValue
drwxrwxr-x   3 travis travis 16384 Jun  4 04:30 Case1
drwxrwxr-x   3 travis travis 32768 Jun  4 04:30 Case2
-rw-rw-r--   1 travis travis  4895 Jun  4 04:34 CompiledCompositeActor_CompiledCompositeActor.class
-rw-rw-r--   1 travis travis  1592 Jun  4 04:34 CompiledCompositeActor_CompiledCompositeActor$_CompiledCompositeActor_CompiledCompositeActor.class
-rw-rw-r--   1 travis travis 13466 Jun  4 04:34 CompiledCompositeActor_CompiledCompositeActor.java
-rw-rw-r--   1 travis travis  1593 Jun  4 04:34 CompiledCompositeActor_CompiledCompositeActor.mk
drwxrwxr-x   3 travis travis 24576 Jun  4 04:32 DeScrambler
drwxrwxr-x   3 travis travis 16384 Jun  4 04:33 DotProduct
drwxrwxr-x   3 travis travis 12288 Jun  4 04:30 FileWriter1
drwxrwxr-x   3 travis travis 20480 Jun  4 04:29 FixToDoubleAndBack
drwxrwxr-x   3 travis travis 16384 Jun  4 04:30 Gaussian1
drwxrwxr-x   3 travis travis 20480 Jun  4 04:30 Gaussian2
-rw-rw-r--   1 travis travis  4457 Jun  4 04:34 JavaCompiledCompositeTest1_CompiledCompositeActor.class
-rw-rw-r--   1 travis travis 11637 Jun  4 04:34 JavaCompiledCompositeTest1_CompiledCompositeActor.java
-rw-rw-r--   1 travis travis  1198 Jun  4 04:34 JavaCompiledCompositeTest1_CompiledCompositeActor$_JavaCompiledCompositeTest1_CompiledCompositeActor.class
-rw-rw-r--   1 travis travis  1625 Jun  4 04:34 JavaCompiledCompositeTest1_CompiledCompositeActor.mk
-rw-rw-r--   1 travis travis  4888 Jun  4 04:34 JavaCompiledCompositeTest2_CompiledCompositeActor.class
-rw-rw-r--   1 travis travis 14919 Jun  4 04:34 JavaCompiledCompositeTest2_CompiledCompositeActor.java
-rw-rw-r--   1 travis travis  1793 Jun  4 04:34 JavaCompiledCompositeTest2_CompiledCompositeActor$_JavaCompiledCompositeTest2_CompiledCompositeActor.class
-rw-rw-r--   1 travis travis  1625 Jun  4 04:34 JavaCompiledCompositeTest2_CompiledCompositeActor.mk
-rw-rw-r--   1 travis travis  4505 Jun  4 04:34 JavaCompiledCompositeTest3_CompiledCompositeActor.class
-rw-rw-r--   1 travis travis 13080 Jun  4 04:34 JavaCompiledCompositeTest3_CompiledCompositeActor.java
-rw-rw-r--   1 travis travis  1378 Jun  4 04:34 JavaCompiledCompositeTest3_CompiledCompositeActor$_JavaCompiledCompositeTest3_CompiledCompositeActor.class
-rw-rw-r--   1 travis travis  1625 Jun  4 04:34 JavaCompiledCompositeTest3_CompiledCompositeActor.mk
-rw-rw-r--   1 travis travis  3953 Jun  4 04:34 JavaCompiledCompositeTest4_CompiledCompositeActor.class
-rw-rw-r--   1 travis travis  9687 Jun  4 04:34 JavaCompiledCompositeTest4_CompiledCompositeActor.java
-rw-rw-r--   1 travis travis   857 Jun  4 04:34 JavaCompiledCompositeTest4_CompiledCompositeActor$_JavaCompiledCompositeTest4_CompiledCompositeActor.class
-rw-rw-r--   1 travis travis  1625 Jun  4 04:34 JavaCompiledCompositeTest4_CompiledCompositeActor.mk
drwxrwxr-x   3 travis travis 12288 Jun  4 04:30 LookupTable
drwxrwxr-x   3 travis travis 20480 Jun  4 04:31 MaxIndex
-rw-rw-r--   1 travis travis  1262 Jun  4 04:34 ModularCG_A1_B1_profile.java
-rw-rw-r--   1 travis travis  3492 Jun  4 04:34 ModularCodeGenTest_A1_A2.class
-rw-rw-r--   1 travis travis   904 Jun  4 04:34 ModularCodeGenTest_A1_A2.mk
-rw-rw-r--   1 travis travis  1306 Jun  4 04:34 ModularCodeGenTest_A1_A2_profile.class
-rw-rw-r--   1 travis travis  3823 Jun  4 04:34 ModularCodeGenTest_A1.class
-rw-rw-r--   1 travis travis  9968 Jun  4 04:34 ModularCodeGenTest_A1.java
-rw-rw-r--   1 travis travis   880 Jun  4 04:34 ModularCodeGenTest_A1.mk
-rw-rw-r--   1 travis travis  1352 Jun  4 04:34 ModularCodeGenTest_A1_profile.class
-rw-rw-r--   1 travis travis  1394 Jun  4 04:34 ModularCodeGenTest_A1_profile.java
drwxrwxr-x   3 travis travis 36864 Jun  4 04:34 modulation2
drwxrwxr-x   3 travis travis 20480 Jun  4 04:31 Multiplexor
drwxrwxr-x 242 travis travis 12288 Jun  4 04:34 node_modules
drwxrwxr-x   3 travis travis 20480 Jun  4 04:31 PhaseUnwrap
-rw-rw-r--   1 travis travis   520 Jun  4 04:34 Repeat$_fireFunction_Repeat_Repeat$__f_sL_0.class
-rw-rw-r--   1 travis travis   522 Jun  4 04:34 Repeat$_fireFunction_Repeat_Repeat$__f_sL_10.class
-rw-rw-r--   1 travis travis   666 Jun  4 04:34 Repeat$_fireFunction_Repeat_Repeat$__f_sL_11.class
-rw-rw-r--   1 travis travis   522 Jun  4 04:34 Repeat$_fireFunction_Repeat_Repeat$__f_sL_13.class
-rw-rw-r--   1 travis travis   665 Jun  4 04:34 Repeat$_fireFunction_Repeat_Repeat$__f_sL_1.class
-rw-rw-r--   1 travis travis   520 Jun  4 04:34 Repeat$_fireFunction_Repeat_Repeat$__f_sL_2.class
-rw-rw-r--   1 travis travis   520 Jun  4 04:34 Repeat$_fireFunction_Repeat_Repeat$__f_sL_3.class
-rw-rw-r--   1 travis travis   520 Jun  4 04:34 Repeat$_fireFunction_Repeat_Repeat$__f_sL_5.class
-rw-rw-r--   1 travis travis   671 Jun  4 04:34 Repeat$_fireFunction_Repeat_Repeat$__f_sL_7.class
-rw-rw-r--   1 travis travis   520 Jun  4 04:34 Repeat$_fireFunction_Repeat_Repeat$__f_sL_9.class
-rw-rw-r--   1 travis travis   813 Jun  4 04:34 Repeat$_initialize_Repeat.class
-rw-rw-r--   1 travis travis   475 Jun  4 04:34 Repeat$_initialize_Repeat$__i_sL_0.class
-rw-rw-r--   1 travis travis   519 Jun  4 04:34 Repeat$_initialize_Repeat$__i_sL_3.class
-rw-rw-r--   1 travis travis 39778 Jun  4 04:34 Repeat.java
-rw-rw-r--   1 travis travis  1281 Jun  4 04:34 Repeat.mk
-rw-rw-r--   1 travis travis   520 Jun  4 04:34 Repeat$_preinitializeMethod_Repeat$__p_sL_0.class
-rw-rw-r--   1 travis travis   520 Jun  4 04:34 Repeat$_preinitializeMethod_Repeat$__p_sL_1.class
-rw-rw-r--   1 travis travis  1083 Jun  4 04:34 Repeat$_Repeat$_fireFunction_Repeat_AddSubtract_Repeat.class
-rw-rw-r--   1 travis travis   791 Jun  4 04:34 Repeat$_Repeat$_fireFunction_Repeat_AddSubtract_Repeat$__f_sL_0.class
-rw-rw-r--   1 travis travis   909 Jun  4 04:34 Repeat$_Repeat$_fireFunction_Repeat_AddSubtract_Repeat$__f_sL_1.class
-rw-rw-r--   1 travis travis   915 Jun  4 04:34 Repeat$_Repeat$_fireFunction_Repeat_AddSubtract_Repeat$__f_sL_2.class
-rw-rw-r--   1 travis travis   838 Jun  4 04:34 Repeat$_Repeat$_fireFunction_Repeat_Ramp2_Repeat$__f_sL_1.class
-rw-rw-r--   1 travis travis  1785 Jun  4 04:34 Repeat$_Repeat$_fireFunction_Repeat_Test_Repeat$__f_sL_2.class
-rw-rw-r--   1 travis travis   685 Jun  4 04:34 Repeat$_Repeat_SDF_Director_run_Repeat$__R_sL_0.class
-rw-rw-r--   1 travis travis   540 Jun  4 04:34 Repeat$_Repeat_SDF_Director_run_Repeat$__R_sL_1.class
-rw-rw-r--   1 travis travis   540 Jun  4 04:34 Repeat$_Repeat_SDF_Director_run_Repeat$__R_sL_2.class
-rw-rw-r--   1 travis travis   540 Jun  4 04:34 Repeat$_Repeat_SDF_Director_run_Repeat$__R_sL_4.class
-rw-rw-r--   1 travis travis   540 Jun  4 04:34 Repeat$_Repeat_SDF_Director_run_Repeat$__R_sL_5.class
-rw-rw-r--   1 travis travis   691 Jun  4 04:34 Repeat$_Repeat_SDF_Director_run_Repeat$__R_sL_6.class
-rw-rw-r--   1 travis travis   540 Jun  4 04:34 Repeat$_Repeat_SDF_Director_run_Repeat$__R_sL_7.class
-rw-rw-r--   1 travis travis   863 Jun  4 04:34 Repeat$_varinit_Repeat.class
-rw-rw-r--   1 travis travis   530 Jun  4 04:34 Repeat$_varinit_Repeat$__v_sL_1.class
-rw-rw-r--   1 travis travis   531 Jun  4 04:34 Repeat$_varinit_Repeat$__v_sL_2.class
-rw-rw-r--   1 travis travis   905 Jun  4 04:34 Repeat$_varinit_Repeat$__v_sL_4.class
-rw-rw-r--   1 travis travis   635 Jun  4 04:34 Repeat$_wrapup_Repeat.class
-rw-rw-r--   1 travis travis   965 Jun  4 04:34 Repeat$_wrapup_Repeat$__w_sL_1.class
-rw-rw-r--   1 travis travis   289 Jun  4 04:29 result.csv
drwxrwxr-x   3 travis travis 12288 Jun  4 04:32 Scrambler1
drwxrwxr-x   3 travis travis 20480 Jun  4 04:31 Sinewave2
drwxrwxr-x   3 travis travis 69632 Jun  4 04:32 StringCompare
drwxrwxr-x   3 travis travis 32768 Jun  4 04:32 StringFunction
drwxrwxr-x   3 travis travis 12288 Jun  4 04:32 StringLength
drwxrwxr-x   3 travis travis 57344 Jun  4 04:33 StringSimpleReplace
drwxrwxr-x   3 travis travis 12288 Jun  4 04:33 time2
drwxrwxr-x   3 travis travis 12288 Jun  4 04:34 time5
-rw-rw-r--   1 travis travis   432 Jun  4 04:34 Token.class
-rw-rw-r--   1 travis travis   251 Jun  4 04:34 Token.java
-rw-rw-r--   1 travis travis     0 Jun  4 04:34 top.
-rw-rw-r--   1 travis travis 20502 Jun  4 04:29 top.c
-rw-rw-r--   1 travis travis  3567 Jun  4 04:34 top.class
-rw-rw-r--   1 travis travis   169 Jun  4 04:29 top.html
-rw-rw-r--   1 travis travis  7552 Jun  4 04:34 top.java
-rw-rw-r--   1 travis travis 38888 Jun  4 04:29 top.o
drwxrwxr-x   3 travis travis 57344 Jun  4 04:31 UnaryMathFunction
All Done
Writing ModularCG_A1_B1.java in file:/home/travis/cg/ (9730 characters)
Reading "ptolemy/cg/kernel/generic/program/procedural/java/modular/makefile.in",
    writing "/home/travis/cg/ModularCG_A1_B1.mk"
Using ptolemy/cg/kernel/generic/program/procedural/java/modular/makefile.in
In "/home/travis/cg", about to execute:
    make -f ModularCG_A1_B1.mk
javac -classpath ".:.."    ModularCG_A1_B1.java
All Done
In "/home/travis/cg", about to execute:
    pwd
In "/home/travis/cg", about to execute:
    ls -l
/home/travis/cg
total 1064
drwxrwxr-x   3 travis travis 12288 Jun  4 04:30 AbsoluteValue
drwxrwxr-x   3 travis travis 16384 Jun  4 04:30 Case1
drwxrwxr-x   3 travis travis 32768 Jun  4 04:30 Case2
-rw-rw-r--   1 travis travis  4895 Jun  4 04:34 CompiledCompositeActor_CompiledCompositeActor.class
-rw-rw-r--   1 travis travis  1592 Jun  4 04:34 CompiledCompositeActor_CompiledCompositeActor$_CompiledCompositeActor_CompiledCompositeActor.class
-rw-rw-r--   1 travis travis 13466 Jun  4 04:34 CompiledCompositeActor_CompiledCompositeActor.java
-rw-rw-r--   1 travis travis  1593 Jun  4 04:34 CompiledCompositeActor_CompiledCompositeActor.mk
drwxrwxr-x   3 travis travis 24576 Jun  4 04:32 DeScrambler
drwxrwxr-x   3 travis travis 16384 Jun  4 04:33 DotProduct
drwxrwxr-x   3 travis travis 12288 Jun  4 04:30 FileWriter1
drwxrwxr-x   3 travis travis 20480 Jun  4 04:29 FixToDoubleAndBack
drwxrwxr-x   3 travis travis 16384 Jun  4 04:30 Gaussian1
drwxrwxr-x   3 travis travis 20480 Jun  4 04:30 Gaussian2
-rw-rw-r--   1 travis travis  4457 Jun  4 04:34 JavaCompiledCompositeTest1_CompiledCompositeActor.class
-rw-rw-r--   1 travis travis 11637 Jun  4 04:34 JavaCompiledCompositeTest1_CompiledCompositeActor.java
-rw-rw-r--   1 travis travis  1198 Jun  4 04:34 JavaCompiledCompositeTest1_CompiledCompositeActor$_JavaCompiledCompositeTest1_CompiledCompositeActor.class
-rw-rw-r--   1 travis travis  1625 Jun  4 04:34 JavaCompiledCompositeTest1_CompiledCompositeActor.mk
-rw-rw-r--   1 travis travis  4888 Jun  4 04:34 JavaCompiledCompositeTest2_CompiledCompositeActor.class
-rw-rw-r--   1 travis travis 14919 Jun  4 04:34 JavaCompiledCompositeTest2_CompiledCompositeActor.java
-rw-rw-r--   1 travis travis  1793 Jun  4 04:34 JavaCompiledCompositeTest2_CompiledCompositeActor$_JavaCompiledCompositeTest2_CompiledCompositeActor.class
-rw-rw-r--   1 travis travis  1625 Jun  4 04:34 JavaCompiledCompositeTest2_CompiledCompositeActor.mk
-rw-rw-r--   1 travis travis  4505 Jun  4 04:34 JavaCompiledCompositeTest3_CompiledCompositeActor.class
-rw-rw-r--   1 travis travis 13080 Jun  4 04:34 JavaCompiledCompositeTest3_CompiledCompositeActor.java
-rw-rw-r--   1 travis travis  1378 Jun  4 04:34 JavaCompiledCompositeTest3_CompiledCompositeActor$_JavaCompiledCompositeTest3_CompiledCompositeActor.class
-rw-rw-r--   1 travis travis  1625 Jun  4 04:34 JavaCompiledCompositeTest3_CompiledCompositeActor.mk
-rw-rw-r--   1 travis travis  3953 Jun  4 04:34 JavaCompiledCompositeTest4_CompiledCompositeActor.class
-rw-rw-r--   1 travis travis  9687 Jun  4 04:34 JavaCompiledCompositeTest4_CompiledCompositeActor.java
-rw-rw-r--   1 travis travis   857 Jun  4 04:34 JavaCompiledCompositeTest4_CompiledCompositeActor$_JavaCompiledCompositeTest4_CompiledCompositeActor.class
-rw-rw-r--   1 travis travis  1625 Jun  4 04:34 JavaCompiledCompositeTest4_CompiledCompositeActor.mk
drwxrwxr-x   3 travis travis 12288 Jun  4 04:30 LookupTable
drwxrwxr-x   3 travis travis 20480 Jun  4 04:31 MaxIndex
-rw-rw-r--   1 travis travis  3693 Jun  4 04:34 ModularCG_A1_B1.class
-rw-rw-r--   1 travis travis  9730 Jun  4 04:34 ModularCG_A1_B1.java
-rw-rw-r--   1 travis travis   832 Jun  4 04:34 ModularCG_A1_B1.mk
-rw-rw-r--   1 travis travis  1318 Jun  4 04:34 ModularCG_A1_B1_profile.class
-rw-rw-r--   1 travis travis  1262 Jun  4 04:34 ModularCG_A1_B1_profile.java
-rw-rw-r--   1 travis travis  1262 Jun  4 04:34 ModularCG_A1_B2_profile.java
-rw-rw-r--   1 travis travis  3492 Jun  4 04:34 ModularCodeGenTest_A1_A2.class
-rw-rw-r--   1 travis travis   904 Jun  4 04:34 ModularCodeGenTest_A1_A2.mk
-rw-rw-r--   1 travis travis  1306 Jun  4 04:34 ModularCodeGenTest_A1_A2_profile.class
-rw-rw-r--   1 travis travis  3823 Jun  4 04:34 ModularCodeGenTest_A1.class
-rw-rw-r--   1 travis travis  9968 Jun  4 04:34 ModularCodeGenTest_A1.java
-rw-rw-r--   1 travis travis   880 Jun  4 04:34 ModularCodeGenTest_A1.mk
-rw-rw-r--   1 travis travis  1352 Jun  4 04:34 ModularCodeGenTest_A1_profile.class
-rw-rw-r--   1 travis travis  1394 Jun  4 04:34 ModularCodeGenTest_A1_profile.java
drwxrwxr-x   3 travis travis 36864 Jun  4 04:34 modulation2
drwxrwxr-x   3 travis travis 20480 Jun  4 04:31 Multiplexor
drwxrwxr-x 242 travis travis 12288 Jun  4 04:34 node_modules
drwxrwxr-x   3 travis travis 20480 Jun  4 04:31 PhaseUnwrap
-rw-rw-r--   1 travis travis   520 Jun  4 04:34 Repeat$_fireFunction_Repeat_Repeat$__f_sL_0.class
-rw-rw-r--   1 travis travis   522 Jun  4 04:34 Repeat$_fireFunction_Repeat_Repeat$__f_sL_10.class
-rw-rw-r--   1 travis travis   666 Jun  4 04:34 Repeat$_fireFunction_Repeat_Repeat$__f_sL_11.class
-rw-rw-r--   1 travis travis   522 Jun  4 04:34 Repeat$_fireFunction_Repeat_Repeat$__f_sL_13.class
-rw-rw-r--   1 travis travis   665 Jun  4 04:34 Repeat$_fireFunction_Repeat_Repeat$__f_sL_1.class
-rw-rw-r--   1 travis travis   520 Jun  4 04:34 Repeat$_fireFunction_Repeat_Repeat$__f_sL_2.class
-rw-rw-r--   1 travis travis   520 Jun  4 04:34 Repeat$_fireFunction_Repeat_Repeat$__f_sL_3.class
-rw-rw-r--   1 travis travis   520 Jun  4 04:34 Repeat$_fireFunction_Repeat_Repeat$__f_sL_5.class
-rw-rw-r--   1 travis travis   671 Jun  4 04:34 Repeat$_fireFunction_Repeat_Repeat$__f_sL_7.class
-rw-rw-r--   1 travis travis   520 Jun  4 04:34 Repeat$_fireFunction_Repeat_Repeat$__f_sL_9.class
-rw-rw-r--   1 travis travis   813 Jun  4 04:34 Repeat$_initialize_Repeat.class
-rw-rw-r--   1 travis travis   475 Jun  4 04:34 Repeat$_initialize_Repeat$__i_sL_0.class
-rw-rw-r--   1 travis travis   519 Jun  4 04:34 Repeat$_initialize_Repeat$__i_sL_3.class
-rw-rw-r--   1 travis travis 39778 Jun  4 04:34 Repeat.java
-rw-rw-r--   1 travis travis  1281 Jun  4 04:34 Repeat.mk
-rw-rw-r--   1 travis travis   520 Jun  4 04:34 Repeat$_preinitializeMethod_Repeat$__p_sL_0.class
-rw-rw-r--   1 travis travis   520 Jun  4 04:34 Repeat$_preinitializeMethod_Repeat$__p_sL_1.class
-rw-rw-r--   1 travis travis  1083 Jun  4 04:34 Repeat$_Repeat$_fireFunction_Repeat_AddSubtract_Repeat.class
-rw-rw-r--   1 travis travis   791 Jun  4 04:34 Repeat$_Repeat$_fireFunction_Repeat_AddSubtract_Repeat$__f_sL_0.class
-rw-rw-r--   1 travis travis   909 Jun  4 04:34 Repeat$_Repeat$_fireFunction_Repeat_AddSubtract_Repeat$__f_sL_1.class
-rw-rw-r--   1 travis travis   915 Jun  4 04:34 Repeat$_Repeat$_fireFunction_Repeat_AddSubtract_Repeat$__f_sL_2.class
-rw-rw-r--   1 travis travis   838 Jun  4 04:34 Repeat$_Repeat$_fireFunction_Repeat_Ramp2_Repeat$__f_sL_1.class
-rw-rw-r--   1 travis travis  1785 Jun  4 04:34 Repeat$_Repeat$_fireFunction_Repeat_Test_Repeat$__f_sL_2.class
-rw-rw-r--   1 travis travis   685 Jun  4 04:34 Repeat$_Repeat_SDF_Director_run_Repeat$__R_sL_0.class
-rw-rw-r--   1 travis travis   540 Jun  4 04:34 Repeat$_Repeat_SDF_Director_run_Repeat$__R_sL_1.class
-rw-rw-r--   1 travis travis   540 Jun  4 04:34 Repeat$_Repeat_SDF_Director_run_Repeat$__R_sL_2.class
-rw-rw-r--   1 travis travis   540 Jun  4 04:34 Repeat$_Repeat_SDF_Director_run_Repeat$__R_sL_4.class
-rw-rw-r--   1 travis travis   540 Jun  4 04:34 Repeat$_Repeat_SDF_Director_run_Repeat$__R_sL_5.class
-rw-rw-r--   1 travis travis   691 Jun  4 04:34 Repeat$_Repeat_SDF_Director_run_Repeat$__R_sL_6.class
-rw-rw-r--   1 travis travis   540 Jun  4 04:34 Repeat$_Repeat_SDF_Director_run_Repeat$__R_sL_7.class
-rw-rw-r--   1 travis travis   863 Jun  4 04:34 Repeat$_varinit_Repeat.class
-rw-rw-r--   1 travis travis   530 Jun  4 04:34 Repeat$_varinit_Repeat$__v_sL_1.class
-rw-rw-r--   1 travis travis   531 Jun  4 04:34 Repeat$_varinit_Repeat$__v_sL_2.class
-rw-rw-r--   1 travis travis   905 Jun  4 04:34 Repeat$_varinit_Repeat$__v_sL_4.class
-rw-rw-r--   1 travis travis   635 Jun  4 04:34 Repeat$_wrapup_Repeat.class
-rw-rw-r--   1 travis travis   965 Jun  4 04:34 Repeat$_wrapup_Repeat$__w_sL_1.class
-rw-rw-r--   1 travis travis   289 Jun  4 04:29 result.csv
drwxrwxr-x   3 travis travis 12288 Jun  4 04:32 Scrambler1
drwxrwxr-x   3 travis travis 20480 Jun  4 04:31 Sinewave2
drwxrwxr-x   3 travis travis 69632 Jun  4 04:32 StringCompare
drwxrwxr-x   3 travis travis 32768 Jun  4 04:32 StringFunction
drwxrwxr-x   3 travis travis 12288 Jun  4 04:32 StringLength
drwxrwxr-x   3 travis travis 57344 Jun  4 04:33 StringSimpleReplace
drwxrwxr-x   3 travis travis 12288 Jun  4 04:33 time2
drwxrwxr-x   3 travis travis 12288 Jun  4 04:34 time5
-rw-rw-r--   1 travis travis   432 Jun  4 04:34 Token.class
-rw-rw-r--   1 travis travis   251 Jun  4 04:34 Token.java
-rw-rw-r--   1 travis travis     0 Jun  4 04:34 top.
-rw-rw-r--   1 travis travis 20502 Jun  4 04:29 top.c
-rw-rw-r--   1 travis travis  3567 Jun  4 04:34 top.class
-rw-rw-r--   1 travis travis   169 Jun  4 04:29 top.html
-rw-rw-r--   1 travis travis  7552 Jun  4 04:34 top.java
-rw-rw-r--   1 travis travis 38888 Jun  4 04:29 top.o
drwxrwxr-x   3 travis travis 57344 Jun  4 04:31 UnaryMathFunction
In "/home/travis/cg", about to execute:
    javac -classpath
.:/home/travis/build/icyphy/ptII:/home/travis/build/icyphy/ptII/lib/bsh-2.0b4.j
ar:/home/travis/build/icyphy/ptII/lib/ptCal.jar:/home/travis/build/icyphy/ptII/
lib/java_cup.jar:/home/travis/build/icyphy/ptII/lib/saxon8.jar:/home/travis/bui
ld/icyphy/ptII/lib/saxon8-dom.jar:/home/travis/build/icyphy/ptII/lib/chic.jar:/
home/travis/build/icyphy/ptII/lib/ptcolt.jar:/usr/lib/jvm/java-8-oracle/lib/too
ls.jar:/home/travis/build/icyphy/ptII/vendors/misc/itext/iText.jar:/home/travis
/build/icyphy/ptII/lib/g4ltl.jar:/home/travis/build/icyphy/ptII/lib/StructuralC
oder.jar:/home/travis/build/icyphy/ptII/vendors/jai-1_1_2_01/lib/jai_core.jar:/
home/travis/build/icyphy/ptII/vendors/jai-1_1_2_01/lib/jai_codec.jar:/home/trav
is/build/icyphy/ptII/lib/jcerti.jar:/home/travis/build/icyphy/ptII/lib/javax.ma
il.jar:/home/travis/build/icyphy/ptII/vendors/JMF-2.1.1e/lib/jmf.jar:/home/trav
is/build/icyphy/ptII/lib/jna-4.0.0-variadic.jar:/home/travis/build/icyphy/ptII/
vendors/misc/joystick/Joystick.jar:/home/travis/build/icyphy/ptII/lib/ptjacl.ja
r:/home/travis/build/icyphy/ptII/lib/jsoup-1.8.2.jar:/home/travis/build/icyphy/
ptII/lib/junit-4.8.2.jar:/home/travis/build/icyphy/ptII/lib/JUnitParams-0.4.0.j
ar:/home/travis/build/icyphy/ptII/ptolemy/actor/lib/excel/jxl.jar:/home/travis/
build/icyphy/ptII/lib/jython.jar:/home/travis/build/icyphy/ptII/lib/kieler.jar:
/home/travis/build/icyphy/ptII/vendors/opencv/share/OpenCV/java/opencv-341.jar:
/home/travis/build/icyphy/ptII/lib/oscP5.jar:/home/travis/build/icyphy/ptII/lib
/nrjavaserial-3.11.0.devel.jar:/home/travis/build/icyphy/ptII/vendors/j3d/lib/j
3dcore.jar:/home/travis/build/icyphy/ptII/vendors/j3d/lib/j3dutils.jar:/home/tr
avis/build/icyphy/ptII/vendors/j3d/lib/vecmath.jar:/home/travis/build/icyphy/pt
II/ptolemy/distributed/jini/jar/jini-core.jar:/home/travis/build/icyphy/ptII/pt
olemy/distributed/jini/jar/jini-ext.jar:/home/travis/build/icyphy/ptII/ptolemy/
distributed/jini/jar/sun-util.jar:/home/travis/build/icyphy/ptII/lib/protobuf-j
ava-2.4.1.jar:/home/travis/build/icyphy/ptII/lib/org.eclipse.paho.client.mqttv3
.jar:/home/travis/build/icyphy/ptII/lib/mapss.jar:/home/travis/build/icyphy/ptI
I/ptolemy/actor/ptalon/antlr/antlr.jar:/home/travis/build/icyphy/ptII/lib/JRI.j
ar:/home/travis/build/icyphy/ptII/lib/commons-lang-2.6.jar:/home/travis/build/i
cyphy/ptII/lib/commons-logging-1.1.1.jar:/home/travis/build/icyphy/ptII/lib/soo
tclasses.jar:/home/travis/build/icyphy/ptII/ptolemy/actor/lib/database/mysql-co
nnector-java-5.1.6-bin.jar:/home/travis/build/icyphy/ptII/vendors/misc/sphinx4/
sphinx4-data-5prealpha.jar:/home/travis/build/icyphy/ptII/vendors/misc/sphinx4/
sphinx4-core-5prealpha.jar:/home/travis/build/icyphy/ptII/lib/PDFRenderer.jar:/
home/travis/build/icyphy/ptII/lib/svgSalamander.jar:/home/travis/build/icyphy/p
tII/lib/rsyntaxtextarea-2.6.0-SNAPSHOT.jar:/home/travis/build/icyphy/ptII/lib/h
azelcast-3.8.2.jar:/home/travis/build/icyphy/ptII/lib/jackson-annotations-2.9.0
.jar:/home/travis/build/icyphy/ptII/lib/jackson-core-2.9.3.jar:/home/travis/bui
ld/icyphy/ptII/lib/jackson-databind-2.9.3.jar:/home/travis/build/icyphy/ptII/li
b/netty-buffer-4.1.19.Final.jar:/home/travis/build/icyphy/ptII/lib/netty-codec-
4.1.19.Final.jar:/home/travis/build/icyphy/ptII/lib/netty-codec-dns-4.1.19.Fina
l.jar:/home/travis/build/icyphy/ptII/lib/netty-codec-http-4.1.19.Final.jar:/hom
e/travis/build/icyphy/ptII/lib/netty-codec-http2-4.1.19.Final.jar:/home/travis/
build/icyphy/ptII/lib/netty-common-4.1.19.Final.jar:/home/travis/build/icyphy/p
tII/lib/netty-handler-4.1.19.Final.jar:/home/travis/build/icyphy/ptII/lib/netty
-resolver-4.1.19.Final.jar:/home/travis/build/icyphy/ptII/lib/netty-resolver-dn
s-4.1.19.Final.jar:/home/travis/build/icyphy/ptII/lib/netty-transport-4.1.19.Fi
nal.jar:/home/travis/build/icyphy/ptII/lib/vertx-codegen-3.5.1.jar:/home/travis
/build/icyphy/ptII/lib/vertx-core-3.5.2-SNAPSHOT.jar:/home/travis/build/icyphy/
ptII/lib/vertx-hazelcast-3.5.1.jar:/home/travis/build/icyphy/ptII/lib/vertx-lan
g-js-3.5.1.jar:/home/travis/build/icyphy/ptII/lib/vertx-service-proxy-3.5.1.jar
:/home/travis/build/icyphy/ptII/lib/vertx-web-3.5.1.jar:/home/travis/build/icyp
hy/ptII/lib/slf4j-api-1.7.13.jar:/home/travis/build/icyphy/ptII/lib/slf4j-simpl
e-1.7.13.jar:/home/travis/build/icyphy/ptII/lib/webcam-capture-0.3.12.jar:/home
/travis/build/icyphy/ptII/lib/bridj-0.7.0.jar:/home/travis/build/icyphy/ptII/li
b/xbjlib-1.1.0.nrjavaserial.jar:/home/travis/build/icyphy/ptII/ptolemy/moml/tes
t:/home/travis/build/icyphy/ptII/ant/lib/ant-launcher.jar:/home/travis/build/ic
yphy/ptII/ant/lib/ant.jar:/home/travis/build/icyphy/ptII/ant/lib/ant-junit.jar:
/home/travis/build/icyphy/ptII/ant/lib/ant-junit4.jar:/home/travis/build/icyphy
/ptII ModularCG_A1_B2_profile.java
All Done
Writing ModularCG_A1_B2.java in file:/home/travis/cg/ (9730 characters)
Reading "ptolemy/cg/kernel/generic/program/procedural/java/modular/makefile.in",
    writing "/home/travis/cg/ModularCG_A1_B2.mk"
Using ptolemy/cg/kernel/generic/program/procedural/java/modular/makefile.in
In "/home/travis/cg", about to execute:
    make -f ModularCG_A1_B2.mk
javac -classpath ".:.."    ModularCG_A1_B2.java
All Done
In "/home/travis/cg", about to execute:
    pwd
In "/home/travis/cg", about to execute:
    ls -l
/home/travis/cg
In "/home/travis/cg", about to execute:
    javac -classpath
.:/home/travis/build/icyphy/ptII:/home/travis/build/icyphy/ptII/lib/bsh-2.0b4.j
ar:/home/travis/build/icyphy/ptII/lib/ptCal.jar:/home/travis/build/icyphy/ptII/
lib/java_cup.jar:/home/travis/build/icyphy/ptII/lib/saxon8.jar:/home/travis/bui
ld/icyphy/ptII/lib/saxon8-dom.jar:/home/travis/build/icyphy/ptII/lib/chic.jar:/
home/travis/build/icyphy/ptII/lib/ptcolt.jar:/usr/lib/jvm/java-8-oracle/lib/too
ls.jar:/home/travis/build/icyphy/ptII/vendors/misc/itext/iText.jar:/home/travis
/build/icyphy/ptII/lib/g4ltl.jar:/home/travis/build/icyphy/ptII/lib/StructuralC
oder.jar:/home/travis/build/icyphy/ptII/vendors/jai-1_1_2_01/lib/jai_core.jar:/
home/travis/build/icyphy/ptII/vendors/jai-1_1_2_01/lib/jai_codec.jar:/home/trav
is/build/icyphy/ptII/lib/jcerti.jar:/home/travis/build/icyphy/ptII/lib/javax.ma
il.jar:/home/travis/build/icyphy/ptII/vendors/JMF-2.1.1e/lib/jmf.jar:/home/trav
is/build/icyphy/ptII/lib/jna-4.0.0-variadic.jar:/home/travis/build/icyphy/ptII/
vendors/misc/joystick/Joystick.jar:/home/travis/build/icyphy/ptII/lib/ptjacl.ja
r:/home/travis/build/icyphy/ptII/lib/jsoup-1.8.2.jar:/home/travis/build/icyphy/
ptII/lib/junit-4.8.2.jar:/home/travis/build/icyphy/ptII/lib/JUnitParams-0.4.0.j
ar:/home/travis/build/icyphy/ptII/ptolemy/actor/lib/excel/jxl.jar:/home/travis/
build/icyphy/ptII/lib/jython.jar:/home/travis/build/icyphy/ptII/lib/kieler.jar:
/home/travis/build/icyphy/ptII/vendors/opencv/share/OpenCV/java/opencv-341.jar:
/home/travis/build/icyphy/ptII/lib/oscP5.jar:/home/travis/build/icyphy/ptII/lib
/nrjavaserial-3.11.0.devel.jar:/home/travis/build/icyphy/ptII/vendors/j3d/lib/j
3dcore.jar:/home/travis/build/icyphy/ptII/vendors/j3d/lib/j3dutils.jar:/home/tr
avis/build/icyphy/ptII/vendors/j3d/lib/vecmath.jar:/home/travis/build/icyphy/pt
II/ptolemy/distributed/jini/jar/jini-core.jar:/home/travis/build/icyphy/ptII/pt
olemy/distributed/jini/jar/jini-ext.jar:/home/travis/build/icyphy/ptII/ptolemy/
distributed/jini/jar/sun-util.jar:/home/travis/build/icyphy/ptII/lib/protobuf-j
ava-2.4.1.jar:/home/travis/build/icyphy/ptII/lib/org.eclipse.paho.client.mqttv3
.jar:/home/travis/build/icyphy/ptII/lib/mapss.jar:/home/travis/build/icyphy/ptI
I/ptolemy/actor/ptalon/antlr/antlr.jar:/home/travis/build/icyphy/ptII/lib/JRI.j
ar:/home/travis/build/icyphy/ptII/lib/commons-lang-2.6.jar:/home/travis/build/i
cyphy/ptII/lib/commons-logging-1.1.1.jar:/home/travis/build/icyphy/ptII/lib/soo
tclasses.jar:/home/travis/build/icyphy/ptII/ptolemy/actor/lib/database/mysql-co
nnector-java-5.1.6-bin.jar:/home/travis/build/icyphy/ptII/vendors/misc/sphinx4/
sphinx4-data-5prealpha.jar:/home/travis/build/icyphy/ptII/vendors/misc/sphinx4/
sphinx4-core-5prealpha.jar:/home/travis/build/icyphy/ptII/lib/PDFRenderer.jar:/
home/travis/build/icyphy/ptII/lib/svgSalamander.jar:/home/travis/build/icyphy/p
tII/lib/rsyntaxtextarea-2.6.0-SNAPSHOT.jar:/home/travis/build/icyphy/ptII/lib/h
azelcast-3.8.2.jar:/home/travis/build/icyphy/ptII/lib/jackson-annotations-2.9.0
.jar:/home/travis/build/icyphy/ptII/lib/jackson-core-2.9.3.jar:/home/travis/bui
ld/icyphy/ptII/lib/jackson-databind-2.9.3.jar:/home/travis/build/icyphy/ptII/li
b/netty-buffer-4.1.19.Final.jar:/home/travis/build/icyphy/ptII/lib/netty-codec-
4.1.19.Final.jar:/home/travis/build/icyphy/ptII/lib/netty-codec-dns-4.1.19.Fina
l.jar:/home/travis/build/icyphy/ptII/lib/netty-codec-http-4.1.19.Final.jar:/hom
e/travis/build/icyphy/ptII/lib/netty-codec-http2-4.1.19.Final.jar:/home/travis/
build/icyphy/ptII/lib/netty-common-4.1.19.Final.jar:/home/travis/build/icyphy/p
tII/lib/netty-handler-4.1.19.Final.jar:/home/travis/build/icyphy/ptII/lib/netty
-resolver-4.1.19.Final.jar:/home/travis/build/icyphy/ptII/lib/netty-resolver-dn
s-4.1.19.Final.jar:/home/travis/build/icyphy/ptII/lib/netty-transport-4.1.19.Fi
nal.jar:/home/travis/build/icyphy/ptII/lib/vertx-codegen-3.5.1.jar:/home/travis
/build/icyphy/ptII/lib/vertx-core-3.5.2-SNAPSHOT.jar:/home/travis/build/icyphy/
ptII/lib/vertx-hazelcast-3.5.1.jar:/home/travis/build/icyphy/ptII/lib/vertx-lan
g-js-3.5.1.jar:/home/travis/build/icyphy/ptII/lib/vertx-service-proxy-3.5.1.jar
:/home/travis/build/icyphy/ptII/lib/vertx-web-3.5.1.jar:/home/travis/build/icyp
hy/ptII/lib/slf4j-api-1.7.13.jar:/home/travis/build/icyphy/ptII/lib/slf4j-simpl
e-1.7.13.jar:/home/travis/build/icyphy/ptII/lib/webcam-capture-0.3.12.jar:/home
/travis/build/icyphy/ptII/lib/bridj-0.7.0.jar:/home/travis/build/icyphy/ptII/li
b/xbjlib-1.1.0.nrjavaserial.jar:/home/travis/build/icyphy/ptII/ptolemy/moml/tes
t:/home/travis/build/icyphy/ptII/ant/lib/ant-launcher.jar:/home/travis/build/ic
yphy/ptII/ant/lib/ant.jar:/home/travis/build/icyphy/ptII/ant/lib/ant-junit.jar:
/home/travis/build/icyphy/ptII/ant/lib/ant-junit4.jar:/home/travis/build/icyphy
/ptII ModularCG_A1_profile.java
total 1092
drwxrwxr-x   3 travis travis 12288 Jun  4 04:30 AbsoluteValue
drwxrwxr-x   3 travis travis 16384 Jun  4 04:30 Case1
drwxrwxr-x   3 travis travis 32768 Jun  4 04:30 Case2
-rw-rw-r--   1 travis travis  4895 Jun  4 04:34 CompiledCompositeActor_CompiledCompositeActor.class
-rw-rw-r--   1 travis travis  1592 Jun  4 04:34 CompiledCompositeActor_CompiledCompositeActor$_CompiledCompositeActor_CompiledCompositeActor.class
-rw-rw-r--   1 travis travis 13466 Jun  4 04:34 CompiledCompositeActor_CompiledCompositeActor.java
-rw-rw-r--   1 travis travis  1593 Jun  4 04:34 CompiledCompositeActor_CompiledCompositeActor.mk
drwxrwxr-x   3 travis travis 24576 Jun  4 04:32 DeScrambler
drwxrwxr-x   3 travis travis 16384 Jun  4 04:33 DotProduct
drwxrwxr-x   3 travis travis 12288 Jun  4 04:30 FileWriter1
drwxrwxr-x   3 travis travis 20480 Jun  4 04:29 FixToDoubleAndBack
drwxrwxr-x   3 travis travis 16384 Jun  4 04:30 Gaussian1
drwxrwxr-x   3 travis travis 20480 Jun  4 04:30 Gaussian2
-rw-rw-r--   1 travis travis  4457 Jun  4 04:34 JavaCompiledCompositeTest1_CompiledCompositeActor.class
-rw-rw-r--   1 travis travis 11637 Jun  4 04:34 JavaCompiledCompositeTest1_CompiledCompositeActor.java
-rw-rw-r--   1 travis travis  1198 Jun  4 04:34 JavaCompiledCompositeTest1_CompiledCompositeActor$_JavaCompiledCompositeTest1_CompiledCompositeActor.class
-rw-rw-r--   1 travis travis  1625 Jun  4 04:34 JavaCompiledCompositeTest1_CompiledCompositeActor.mk
-rw-rw-r--   1 travis travis  4888 Jun  4 04:34 JavaCompiledCompositeTest2_CompiledCompositeActor.class
-rw-rw-r--   1 travis travis 14919 Jun  4 04:34 JavaCompiledCompositeTest2_CompiledCompositeActor.java
-rw-rw-r--   1 travis travis  1793 Jun  4 04:34 JavaCompiledCompositeTest2_CompiledCompositeActor$_JavaCompiledCompositeTest2_CompiledCompositeActor.class
-rw-rw-r--   1 travis travis  1625 Jun  4 04:34 JavaCompiledCompositeTest2_CompiledCompositeActor.mk
-rw-rw-r--   1 travis travis  4505 Jun  4 04:34 JavaCompiledCompositeTest3_CompiledCompositeActor.class
-rw-rw-r--   1 travis travis 13080 Jun  4 04:34 JavaCompiledCompositeTest3_CompiledCompositeActor.java
-rw-rw-r--   1 travis travis  1378 Jun  4 04:34 JavaCompiledCompositeTest3_CompiledCompositeActor$_JavaCompiledCompositeTest3_CompiledCompositeActor.class
-rw-rw-r--   1 travis travis  1625 Jun  4 04:34 JavaCompiledCompositeTest3_CompiledCompositeActor.mk
-rw-rw-r--   1 travis travis  3953 Jun  4 04:34 JavaCompiledCompositeTest4_CompiledCompositeActor.class
-rw-rw-r--   1 travis travis  9687 Jun  4 04:34 JavaCompiledCompositeTest4_CompiledCompositeActor.java
-rw-rw-r--   1 travis travis   857 Jun  4 04:34 JavaCompiledCompositeTest4_CompiledCompositeActor$_JavaCompiledCompositeTest4_CompiledCompositeActor.class
-rw-rw-r--   1 travis travis  1625 Jun  4 04:34 JavaCompiledCompositeTest4_CompiledCompositeActor.mk
drwxrwxr-x   3 travis travis 12288 Jun  4 04:30 LookupTable
drwxrwxr-x   3 travis travis 20480 Jun  4 04:31 MaxIndex
-rw-rw-r--   1 travis travis  3693 Jun  4 04:34 ModularCG_A1_B1.class
-rw-rw-r--   1 travis travis  9730 Jun  4 04:34 ModularCG_A1_B1.java
-rw-rw-r--   1 travis travis   832 Jun  4 04:34 ModularCG_A1_B1.mk
-rw-rw-r--   1 travis travis  1318 Jun  4 04:34 ModularCG_A1_B1_profile.class
-rw-rw-r--   1 travis travis  1262 Jun  4 04:34 ModularCG_A1_B1_profile.java
-rw-rw-r--   1 travis travis  3693 Jun  4 04:34 ModularCG_A1_B2.class
-rw-rw-r--   1 travis travis  9730 Jun  4 04:34 ModularCG_A1_B2.java
-rw-rw-r--   1 travis travis   832 Jun  4 04:34 ModularCG_A1_B2.mk
-rw-rw-r--   1 travis travis  1318 Jun  4 04:34 ModularCG_A1_B2_profile.class
-rw-rw-r--   1 travis travis  1262 Jun  4 04:34 ModularCG_A1_B2_profile.java
-rw-rw-r--   1 travis travis  1704 Jun  4 04:34 ModularCG_A1_profile.java
-rw-rw-r--   1 travis travis  3492 Jun  4 04:34 ModularCodeGenTest_A1_A2.class
-rw-rw-r--   1 travis travis   904 Jun  4 04:34 ModularCodeGenTest_A1_A2.mk
-rw-rw-r--   1 travis travis  1306 Jun  4 04:34 ModularCodeGenTest_A1_A2_profile.class
-rw-rw-r--   1 travis travis  3823 Jun  4 04:34 ModularCodeGenTest_A1.class
-rw-rw-r--   1 travis travis  9968 Jun  4 04:34 ModularCodeGenTest_A1.java
-rw-rw-r--   1 travis travis   880 Jun  4 04:34 ModularCodeGenTest_A1.mk
-rw-rw-r--   1 travis travis  1352 Jun  4 04:34 ModularCodeGenTest_A1_profile.class
-rw-rw-r--   1 travis travis  1394 Jun  4 04:34 ModularCodeGenTest_A1_profile.java
drwxrwxr-x   3 travis travis 36864 Jun  4 04:34 modulation2
drwxrwxr-x   3 travis travis 20480 Jun  4 04:31 Multiplexor
drwxrwxr-x 242 travis travis 12288 Jun  4 04:34 node_modules
drwxrwxr-x   3 travis travis 20480 Jun  4 04:31 PhaseUnwrap
-rw-rw-r--   1 travis travis   520 Jun  4 04:34 Repeat$_fireFunction_Repeat_Repeat$__f_sL_0.class
-rw-rw-r--   1 travis travis   522 Jun  4 04:34 Repeat$_fireFunction_Repeat_Repeat$__f_sL_10.class
-rw-rw-r--   1 travis travis   666 Jun  4 04:34 Repeat$_fireFunction_Repeat_Repeat$__f_sL_11.class
-rw-rw-r--   1 travis travis   522 Jun  4 04:34 Repeat$_fireFunction_Repeat_Repeat$__f_sL_13.class
-rw-rw-r--   1 travis travis   665 Jun  4 04:34 Repeat$_fireFunction_Repeat_Repeat$__f_sL_1.class
-rw-rw-r--   1 travis travis   520 Jun  4 04:34 Repeat$_fireFunction_Repeat_Repeat$__f_sL_2.class
-rw-rw-r--   1 travis travis   520 Jun  4 04:34 Repeat$_fireFunction_Repeat_Repeat$__f_sL_3.class
-rw-rw-r--   1 travis travis   520 Jun  4 04:34 Repeat$_fireFunction_Repeat_Repeat$__f_sL_5.class
-rw-rw-r--   1 travis travis   671 Jun  4 04:34 Repeat$_fireFunction_Repeat_Repeat$__f_sL_7.class
-rw-rw-r--   1 travis travis   520 Jun  4 04:34 Repeat$_fireFunction_Repeat_Repeat$__f_sL_9.class
-rw-rw-r--   1 travis travis   813 Jun  4 04:34 Repeat$_initialize_Repeat.class
-rw-rw-r--   1 travis travis   475 Jun  4 04:34 Repeat$_initialize_Repeat$__i_sL_0.class
-rw-rw-r--   1 travis travis   519 Jun  4 04:34 Repeat$_initialize_Repeat$__i_sL_3.class
-rw-rw-r--   1 travis travis 39778 Jun  4 04:34 Repeat.java
-rw-rw-r--   1 travis travis  1281 Jun  4 04:34 Repeat.mk
-rw-rw-r--   1 travis travis   520 Jun  4 04:34 Repeat$_preinitializeMethod_Repeat$__p_sL_0.class
-rw-rw-r--   1 travis travis   520 Jun  4 04:34 Repeat$_preinitializeMethod_Repeat$__p_sL_1.class
-rw-rw-r--   1 travis travis  1083 Jun  4 04:34 Repeat$_Repeat$_fireFunction_Repeat_AddSubtract_Repeat.class
-rw-rw-r--   1 travis travis   791 Jun  4 04:34 Repeat$_Repeat$_fireFunction_Repeat_AddSubtract_Repeat$__f_sL_0.class
-rw-rw-r--   1 travis travis   909 Jun  4 04:34 Repeat$_Repeat$_fireFunction_Repeat_AddSubtract_Repeat$__f_sL_1.class
-rw-rw-r--   1 travis travis   915 Jun  4 04:34 Repeat$_Repeat$_fireFunction_Repeat_AddSubtract_Repeat$__f_sL_2.class
-rw-rw-r--   1 travis travis   838 Jun  4 04:34 Repeat$_Repeat$_fireFunction_Repeat_Ramp2_Repeat$__f_sL_1.class
-rw-rw-r--   1 travis travis  1785 Jun  4 04:34 Repeat$_Repeat$_fireFunction_Repeat_Test_Repeat$__f_sL_2.class
-rw-rw-r--   1 travis travis   685 Jun  4 04:34 Repeat$_Repeat_SDF_Director_run_Repeat$__R_sL_0.class
-rw-rw-r--   1 travis travis   540 Jun  4 04:34 Repeat$_Repeat_SDF_Director_run_Repeat$__R_sL_1.class
-rw-rw-r--   1 travis travis   540 Jun  4 04:34 Repeat$_Repeat_SDF_Director_run_Repeat$__R_sL_2.class
-rw-rw-r--   1 travis travis   540 Jun  4 04:34 Repeat$_Repeat_SDF_Director_run_Repeat$__R_sL_4.class
-rw-rw-r--   1 travis travis   540 Jun  4 04:34 Repeat$_Repeat_SDF_Director_run_Repeat$__R_sL_5.class
-rw-rw-r--   1 travis travis   691 Jun  4 04:34 Repeat$_Repeat_SDF_Director_run_Repeat$__R_sL_6.class
-rw-rw-r--   1 travis travis   540 Jun  4 04:34 Repeat$_Repeat_SDF_Director_run_Repeat$__R_sL_7.class
-rw-rw-r--   1 travis travis   863 Jun  4 04:34 Repeat$_varinit_Repeat.class
-rw-rw-r--   1 travis travis   530 Jun  4 04:34 Repeat$_varinit_Repeat$__v_sL_1.class
-rw-rw-r--   1 travis travis   531 Jun  4 04:34 Repeat$_varinit_Repeat$__v_sL_2.class
-rw-rw-r--   1 travis travis   905 Jun  4 04:34 Repeat$_varinit_Repeat$__v_sL_4.class
-rw-rw-r--   1 travis travis   635 Jun  4 04:34 Repeat$_wrapup_Repeat.class
-rw-rw-r--   1 travis travis   965 Jun  4 04:34 Repeat$_wrapup_Repeat$__w_sL_1.class
-rw-rw-r--   1 travis travis   289 Jun  4 04:29 result.csv
drwxrwxr-x   3 travis travis 12288 Jun  4 04:32 Scrambler1
drwxrwxr-x   3 travis travis 20480 Jun  4 04:31 Sinewave2
drwxrwxr-x   3 travis travis 69632 Jun  4 04:32 StringCompare
drwxrwxr-x   3 travis travis 32768 Jun  4 04:32 StringFunction
drwxrwxr-x   3 travis travis 12288 Jun  4 04:32 StringLength
drwxrwxr-x   3 travis travis 57344 Jun  4 04:33 StringSimpleReplace
drwxrwxr-x   3 travis travis 12288 Jun  4 04:33 time2
drwxrwxr-x   3 travis travis 12288 Jun  4 04:34 time5
-rw-rw-r--   1 travis travis   432 Jun  4 04:34 Token.class
-rw-rw-r--   1 travis travis   251 Jun  4 04:34 Token.java
-rw-rw-r--   1 travis travis     0 Jun  4 04:34 top.
-rw-rw-r--   1 travis travis 20502 Jun  4 04:29 top.c
-rw-rw-r--   1 travis travis  3567 Jun  4 04:34 top.class
-rw-rw-r--   1 travis travis   169 Jun  4 04:29 top.html
-rw-rw-r--   1 travis travis  7552 Jun  4 04:34 top.java
-rw-rw-r--   1 travis travis 38888 Jun  4 04:29 top.o
drwxrwxr-x   3 travis travis 57344 Jun  4 04:31 UnaryMathFunction
All Done
Writing ModularCG_A1.java in file:/home/travis/cg/ (14742 characters)
Reading "ptolemy/cg/kernel/generic/program/procedural/java/modular/makefile.in",
    writing "/home/travis/cg/ModularCG_A1.mk"
Using ptolemy/cg/kernel/generic/program/procedural/java/modular/makefile.in
In "/home/travis/cg", about to execute:
    make -f ModularCG_A1.mk
javac -classpath ".:.."    ModularCG_A1.java
All Done
In "/home/travis/cg", about to execute:
    pwd
/home/travis/cg
In "/home/travis/cg", about to execute:
    ls -l
In "/home/travis/cg", about to execute:
    javac -classpath
.:/home/travis/build/icyphy/ptII:/home/travis/build/icyphy/ptII/lib/bsh-2.0b4.j
ar:/home/travis/build/icyphy/ptII/lib/ptCal.jar:/home/travis/build/icyphy/ptII/
lib/java_cup.jar:/home/travis/build/icyphy/ptII/lib/saxon8.jar:/home/travis/bui
ld/icyphy/ptII/lib/saxon8-dom.jar:/home/travis/build/icyphy/ptII/lib/chic.jar:/
home/travis/build/icyphy/ptII/lib/ptcolt.jar:/usr/lib/jvm/java-8-oracle/lib/too
ls.jar:/home/travis/build/icyphy/ptII/vendors/misc/itext/iText.jar:/home/travis
/build/icyphy/ptII/lib/g4ltl.jar:/home/travis/build/icyphy/ptII/lib/StructuralC
oder.jar:/home/travis/build/icyphy/ptII/vendors/jai-1_1_2_01/lib/jai_core.jar:/
home/travis/build/icyphy/ptII/vendors/jai-1_1_2_01/lib/jai_codec.jar:/home/trav
is/build/icyphy/ptII/lib/jcerti.jar:/home/travis/build/icyphy/ptII/lib/javax.ma
il.jar:/home/travis/build/icyphy/ptII/vendors/JMF-2.1.1e/lib/jmf.jar:/home/trav
is/build/icyphy/ptII/lib/jna-4.0.0-variadic.jar:/home/travis/build/icyphy/ptII/
vendors/misc/joystick/Joystick.jar:/home/travis/build/icyphy/ptII/lib/ptjacl.ja
r:/home/travis/build/icyphy/ptII/lib/jsoup-1.8.2.jar:/home/travis/build/icyphy/
ptII/lib/junit-4.8.2.jar:/home/travis/build/icyphy/ptII/lib/JUnitParams-0.4.0.j
ar:/home/travis/build/icyphy/ptII/ptolemy/actor/lib/excel/jxl.jar:/home/travis/
build/icyphy/ptII/lib/jython.jar:/home/travis/build/icyphy/ptII/lib/kieler.jar:
/home/travis/build/icyphy/ptII/vendors/opencv/share/OpenCV/java/opencv-341.jar:
/home/travis/build/icyphy/ptII/lib/oscP5.jar:/home/travis/build/icyphy/ptII/lib
/nrjavaserial-3.11.0.devel.jar:/home/travis/build/icyphy/ptII/vendors/j3d/lib/j
3dcore.jar:/home/travis/build/icyphy/ptII/vendors/j3d/lib/j3dutils.jar:/home/tr
avis/build/icyphy/ptII/vendors/j3d/lib/vecmath.jar:/home/travis/build/icyphy/pt
II/ptolemy/distributed/jini/jar/jini-core.jar:/home/travis/build/icyphy/ptII/pt
olemy/distributed/jini/jar/jini-ext.jar:/home/travis/build/icyphy/ptII/ptolemy/
distributed/jini/jar/sun-util.jar:/home/travis/build/icyphy/ptII/lib/protobuf-j
ava-2.4.1.jar:/home/travis/build/icyphy/ptII/lib/org.eclipse.paho.client.mqttv3
.jar:/home/travis/build/icyphy/ptII/lib/mapss.jar:/home/travis/build/icyphy/ptI
I/ptolemy/actor/ptalon/antlr/antlr.jar:/home/travis/build/icyphy/ptII/lib/JRI.j
ar:/home/travis/build/icyphy/ptII/lib/commons-lang-2.6.jar:/home/travis/build/i
cyphy/ptII/lib/commons-logging-1.1.1.jar:/home/travis/build/icyphy/ptII/lib/soo
tclasses.jar:/home/travis/build/icyphy/ptII/ptolemy/actor/lib/database/mysql-co
nnector-java-5.1.6-bin.jar:/home/travis/build/icyphy/ptII/vendors/misc/sphinx4/
sphinx4-data-5prealpha.jar:/home/travis/build/icyphy/ptII/vendors/misc/sphinx4/
sphinx4-core-5prealpha.jar:/home/travis/build/icyphy/ptII/lib/PDFRenderer.jar:/
home/travis/build/icyphy/ptII/lib/svgSalamander.jar:/home/travis/build/icyphy/p
tII/lib/rsyntaxtextarea-2.6.0-SNAPSHOT.jar:/home/travis/build/icyphy/ptII/lib/h
azelcast-3.8.2.jar:/home/travis/build/icyphy/ptII/lib/jackson-annotations-2.9.0
.jar:/home/travis/build/icyphy/ptII/lib/jackson-core-2.9.3.jar:/home/travis/bui
ld/icyphy/ptII/lib/jackson-databind-2.9.3.jar:/home/travis/build/icyphy/ptII/li
b/netty-buffer-4.1.19.Final.jar:/home/travis/build/icyphy/ptII/lib/netty-codec-
4.1.19.Final.jar:/home/travis/build/icyphy/ptII/lib/netty-codec-dns-4.1.19.Fina
l.jar:/home/travis/build/icyphy/ptII/lib/netty-codec-http-4.1.19.Final.jar:/hom
e/travis/build/icyphy/ptII/lib/netty-codec-http2-4.1.19.Final.jar:/home/travis/
build/icyphy/ptII/lib/netty-common-4.1.19.Final.jar:/home/travis/build/icyphy/p
tII/lib/netty-handler-4.1.19.Final.jar:/home/travis/build/icyphy/ptII/lib/netty
-resolver-4.1.19.Final.jar:/home/travis/build/icyphy/ptII/lib/netty-resolver-dn
s-4.1.19.Final.jar:/home/travis/build/icyphy/ptII/lib/netty-transport-4.1.19.Fi
nal.jar:/home/travis/build/icyphy/ptII/lib/vertx-codegen-3.5.1.jar:/home/travis
/build/icyphy/ptII/lib/vertx-core-3.5.2-SNAPSHOT.jar:/home/travis/build/icyphy/
ptII/lib/vertx-hazelcast-3.5.1.jar:/home/travis/build/icyphy/ptII/lib/vertx-lan
g-js-3.5.1.jar:/home/travis/build/icyphy/ptII/lib/vertx-service-proxy-3.5.1.jar
:/home/travis/build/icyphy/ptII/lib/vertx-web-3.5.1.jar:/home/travis/build/icyp
hy/ptII/lib/slf4j-api-1.7.13.jar:/home/travis/build/icyphy/ptII/lib/slf4j-simpl
e-1.7.13.jar:/home/travis/build/icyphy/ptII/lib/webcam-capture-0.3.12.jar:/home
/travis/build/icyphy/ptII/lib/bridj-0.7.0.jar:/home/travis/build/icyphy/ptII/li
b/xbjlib-1.1.0.nrjavaserial.jar:/home/travis/build/icyphy/ptII/ptolemy/moml/tes
t:/home/travis/build/icyphy/ptII/ant/lib/ant-launcher.jar:/home/travis/build/ic
yphy/ptII/ant/lib/ant.jar:/home/travis/build/icyphy/ptII/ant/lib/ant-junit.jar:
/home/travis/build/icyphy/ptII/ant/lib/ant-junit4.jar:/home/travis/build/icyphy
/ptII ModularCG_A2_B1_profile.java
total 1128
drwxrwxr-x   3 travis travis 12288 Jun  4 04:30 AbsoluteValue
drwxrwxr-x   3 travis travis 16384 Jun  4 04:30 Case1
drwxrwxr-x   3 travis travis 32768 Jun  4 04:30 Case2
-rw-rw-r--   1 travis travis  4895 Jun  4 04:34 CompiledCompositeActor_CompiledCompositeActor.class
-rw-rw-r--   1 travis travis  1592 Jun  4 04:34 CompiledCompositeActor_CompiledCompositeActor$_CompiledCompositeActor_CompiledCompositeActor.class
-rw-rw-r--   1 travis travis 13466 Jun  4 04:34 CompiledCompositeActor_CompiledCompositeActor.java
-rw-rw-r--   1 travis travis  1593 Jun  4 04:34 CompiledCompositeActor_CompiledCompositeActor.mk
drwxrwxr-x   3 travis travis 24576 Jun  4 04:32 DeScrambler
drwxrwxr-x   3 travis travis 16384 Jun  4 04:33 DotProduct
drwxrwxr-x   3 travis travis 12288 Jun  4 04:30 FileWriter1
drwxrwxr-x   3 travis travis 20480 Jun  4 04:29 FixToDoubleAndBack
drwxrwxr-x   3 travis travis 16384 Jun  4 04:30 Gaussian1
drwxrwxr-x   3 travis travis 20480 Jun  4 04:30 Gaussian2
-rw-rw-r--   1 travis travis  4457 Jun  4 04:34 JavaCompiledCompositeTest1_CompiledCompositeActor.class
-rw-rw-r--   1 travis travis 11637 Jun  4 04:34 JavaCompiledCompositeTest1_CompiledCompositeActor.java
-rw-rw-r--   1 travis travis  1198 Jun  4 04:34 JavaCompiledCompositeTest1_CompiledCompositeActor$_JavaCompiledCompositeTest1_CompiledCompositeActor.class
-rw-rw-r--   1 travis travis  1625 Jun  4 04:34 JavaCompiledCompositeTest1_CompiledCompositeActor.mk
-rw-rw-r--   1 travis travis  4888 Jun  4 04:34 JavaCompiledCompositeTest2_CompiledCompositeActor.class
-rw-rw-r--   1 travis travis 14919 Jun  4 04:34 JavaCompiledCompositeTest2_CompiledCompositeActor.java
-rw-rw-r--   1 travis travis  1793 Jun  4 04:34 JavaCompiledCompositeTest2_CompiledCompositeActor$_JavaCompiledCompositeTest2_CompiledCompositeActor.class
-rw-rw-r--   1 travis travis  1625 Jun  4 04:34 JavaCompiledCompositeTest2_CompiledCompositeActor.mk
-rw-rw-r--   1 travis travis  4505 Jun  4 04:34 JavaCompiledCompositeTest3_CompiledCompositeActor.class
-rw-rw-r--   1 travis travis 13080 Jun  4 04:34 JavaCompiledCompositeTest3_CompiledCompositeActor.java
-rw-rw-r--   1 travis travis  1378 Jun  4 04:34 JavaCompiledCompositeTest3_CompiledCompositeActor$_JavaCompiledCompositeTest3_CompiledCompositeActor.class
-rw-rw-r--   1 travis travis  1625 Jun  4 04:34 JavaCompiledCompositeTest3_CompiledCompositeActor.mk
-rw-rw-r--   1 travis travis  3953 Jun  4 04:34 JavaCompiledCompositeTest4_CompiledCompositeActor.class
-rw-rw-r--   1 travis travis  9687 Jun  4 04:34 JavaCompiledCompositeTest4_CompiledCompositeActor.java
-rw-rw-r--   1 travis travis   857 Jun  4 04:34 JavaCompiledCompositeTest4_CompiledCompositeActor$_JavaCompiledCompositeTest4_CompiledCompositeActor.class
-rw-rw-r--   1 travis travis  1625 Jun  4 04:34 JavaCompiledCompositeTest4_CompiledCompositeActor.mk
drwxrwxr-x   3 travis travis 12288 Jun  4 04:30 LookupTable
drwxrwxr-x   3 travis travis 20480 Jun  4 04:31 MaxIndex
-rw-rw-r--   1 travis travis  3693 Jun  4 04:34 ModularCG_A1_B1.class
-rw-rw-r--   1 travis travis  9730 Jun  4 04:34 ModularCG_A1_B1.java
-rw-rw-r--   1 travis travis   832 Jun  4 04:34 ModularCG_A1_B1.mk
-rw-rw-r--   1 travis travis  1318 Jun  4 04:34 ModularCG_A1_B1_profile.class
-rw-rw-r--   1 travis travis  1262 Jun  4 04:34 ModularCG_A1_B1_profile.java
-rw-rw-r--   1 travis travis  3693 Jun  4 04:34 ModularCG_A1_B2.class
-rw-rw-r--   1 travis travis  9730 Jun  4 04:34 ModularCG_A1_B2.java
-rw-rw-r--   1 travis travis   832 Jun  4 04:34 ModularCG_A1_B2.mk
-rw-rw-r--   1 travis travis  1318 Jun  4 04:34 ModularCG_A1_B2_profile.class
-rw-rw-r--   1 travis travis  1262 Jun  4 04:34 ModularCG_A1_B2_profile.java
-rw-rw-r--   1 travis travis  4799 Jun  4 04:34 ModularCG_A1.class
-rw-rw-r--   1 travis travis 14742 Jun  4 04:34 ModularCG_A1.java
-rw-rw-r--   1 travis travis   808 Jun  4 04:34 ModularCG_A1.mk
-rw-rw-r--   1 travis travis  1433 Jun  4 04:34 ModularCG_A1_profile.class
-rw-rw-r--   1 travis travis  1704 Jun  4 04:34 ModularCG_A1_profile.java
-rw-rw-r--   1 travis travis  1446 Jun  4 04:34 ModularCG_A2_B1_profile.java
-rw-rw-r--   1 travis travis  3492 Jun  4 04:34 ModularCodeGenTest_A1_A2.class
-rw-rw-r--   1 travis travis   904 Jun  4 04:34 ModularCodeGenTest_A1_A2.mk
-rw-rw-r--   1 travis travis  1306 Jun  4 04:34 ModularCodeGenTest_A1_A2_profile.class
-rw-rw-r--   1 travis travis  3823 Jun  4 04:34 ModularCodeGenTest_A1.class
-rw-rw-r--   1 travis travis  9968 Jun  4 04:34 ModularCodeGenTest_A1.java
-rw-rw-r--   1 travis travis   880 Jun  4 04:34 ModularCodeGenTest_A1.mk
-rw-rw-r--   1 travis travis  1352 Jun  4 04:34 ModularCodeGenTest_A1_profile.class
-rw-rw-r--   1 travis travis  1394 Jun  4 04:34 ModularCodeGenTest_A1_profile.java
drwxrwxr-x   3 travis travis 36864 Jun  4 04:34 modulation2
drwxrwxr-x   3 travis travis 20480 Jun  4 04:31 Multiplexor
drwxrwxr-x 242 travis travis 12288 Jun  4 04:34 node_modules
drwxrwxr-x   3 travis travis 20480 Jun  4 04:31 PhaseUnwrap
-rw-rw-r--   1 travis travis   520 Jun  4 04:34 Repeat$_fireFunction_Repeat_Repeat$__f_sL_0.class
-rw-rw-r--   1 travis travis   522 Jun  4 04:34 Repeat$_fireFunction_Repeat_Repeat$__f_sL_10.class
-rw-rw-r--   1 travis travis   666 Jun  4 04:34 Repeat$_fireFunction_Repeat_Repeat$__f_sL_11.class
-rw-rw-r--   1 travis travis   522 Jun  4 04:34 Repeat$_fireFunction_Repeat_Repeat$__f_sL_13.class
-rw-rw-r--   1 travis travis   665 Jun  4 04:34 Repeat$_fireFunction_Repeat_Repeat$__f_sL_1.class
-rw-rw-r--   1 travis travis   520 Jun  4 04:34 Repeat$_fireFunction_Repeat_Repeat$__f_sL_2.class
-rw-rw-r--   1 travis travis   520 Jun  4 04:34 Repeat$_fireFunction_Repeat_Repeat$__f_sL_3.class
-rw-rw-r--   1 travis travis   520 Jun  4 04:34 Repeat$_fireFunction_Repeat_Repeat$__f_sL_5.class
-rw-rw-r--   1 travis travis   671 Jun  4 04:34 Repeat$_fireFunction_Repeat_Repeat$__f_sL_7.class
-rw-rw-r--   1 travis travis   520 Jun  4 04:34 Repeat$_fireFunction_Repeat_Repeat$__f_sL_9.class
-rw-rw-r--   1 travis travis   813 Jun  4 04:34 Repeat$_initialize_Repeat.class
-rw-rw-r--   1 travis travis   475 Jun  4 04:34 Repeat$_initialize_Repeat$__i_sL_0.class
-rw-rw-r--   1 travis travis   519 Jun  4 04:34 Repeat$_initialize_Repeat$__i_sL_3.class
-rw-rw-r--   1 travis travis 39778 Jun  4 04:34 Repeat.java
-rw-rw-r--   1 travis travis  1281 Jun  4 04:34 Repeat.mk
-rw-rw-r--   1 travis travis   520 Jun  4 04:34 Repeat$_preinitializeMethod_Repeat$__p_sL_0.class
-rw-rw-r--   1 travis travis   520 Jun  4 04:34 Repeat$_preinitializeMethod_Repeat$__p_sL_1.class
-rw-rw-r--   1 travis travis  1083 Jun  4 04:34 Repeat$_Repeat$_fireFunction_Repeat_AddSubtract_Repeat.class
-rw-rw-r--   1 travis travis   791 Jun  4 04:34 Repeat$_Repeat$_fireFunction_Repeat_AddSubtract_Repeat$__f_sL_0.class
-rw-rw-r--   1 travis travis   909 Jun  4 04:34 Repeat$_Repeat$_fireFunction_Repeat_AddSubtract_Repeat$__f_sL_1.class
-rw-rw-r--   1 travis travis   915 Jun  4 04:34 Repeat$_Repeat$_fireFunction_Repeat_AddSubtract_Repeat$__f_sL_2.class
-rw-rw-r--   1 travis travis   838 Jun  4 04:34 Repeat$_Repeat$_fireFunction_Repeat_Ramp2_Repeat$__f_sL_1.class
-rw-rw-r--   1 travis travis  1785 Jun  4 04:34 Repeat$_Repeat$_fireFunction_Repeat_Test_Repeat$__f_sL_2.class
-rw-rw-r--   1 travis travis   685 Jun  4 04:34 Repeat$_Repeat_SDF_Director_run_Repeat$__R_sL_0.class
-rw-rw-r--   1 travis travis   540 Jun  4 04:34 Repeat$_Repeat_SDF_Director_run_Repeat$__R_sL_1.class
-rw-rw-r--   1 travis travis   540 Jun  4 04:34 Repeat$_Repeat_SDF_Director_run_Repeat$__R_sL_2.class
-rw-rw-r--   1 travis travis   540 Jun  4 04:34 Repeat$_Repeat_SDF_Director_run_Repeat$__R_sL_4.class
-rw-rw-r--   1 travis travis   540 Jun  4 04:34 Repeat$_Repeat_SDF_Director_run_Repeat$__R_sL_5.class
-rw-rw-r--   1 travis travis   691 Jun  4 04:34 Repeat$_Repeat_SDF_Director_run_Repeat$__R_sL_6.class
-rw-rw-r--   1 travis travis   540 Jun  4 04:34 Repeat$_Repeat_SDF_Director_run_Repeat$__R_sL_7.class
-rw-rw-r--   1 travis travis   863 Jun  4 04:34 Repeat$_varinit_Repeat.class
-rw-rw-r--   1 travis travis   530 Jun  4 04:34 Repeat$_varinit_Repeat$__v_sL_1.class
-rw-rw-r--   1 travis travis   531 Jun  4 04:34 Repeat$_varinit_Repeat$__v_sL_2.class
-rw-rw-r--   1 travis travis   905 Jun  4 04:34 Repeat$_varinit_Repeat$__v_sL_4.class
-rw-rw-r--   1 travis travis   635 Jun  4 04:34 Repeat$_wrapup_Repeat.class
-rw-rw-r--   1 travis travis   965 Jun  4 04:34 Repeat$_wrapup_Repeat$__w_sL_1.class
-rw-rw-r--   1 travis travis   289 Jun  4 04:29 result.csv
drwxrwxr-x   3 travis travis 12288 Jun  4 04:32 Scrambler1
drwxrwxr-x   3 travis travis 20480 Jun  4 04:31 Sinewave2
drwxrwxr-x   3 travis travis 69632 Jun  4 04:32 StringCompare
drwxrwxr-x   3 travis travis 32768 Jun  4 04:32 StringFunction
drwxrwxr-x   3 travis travis 12288 Jun  4 04:32 StringLength
drwxrwxr-x   3 travis travis 57344 Jun  4 04:33 StringSimpleReplace
drwxrwxr-x   3 travis travis 12288 Jun  4 04:33 time2
drwxrwxr-x   3 travis travis 12288 Jun  4 04:34 time5
-rw-rw-r--   1 travis travis   432 Jun  4 04:34 Token.class
-rw-rw-r--   1 travis travis   251 Jun  4 04:34 Token.java
-rw-rw-r--   1 travis travis     0 Jun  4 04:34 top.
-rw-rw-r--   1 travis travis 20502 Jun  4 04:29 top.c
-rw-rw-r--   1 travis travis  3567 Jun  4 04:34 top.class
-rw-rw-r--   1 travis travis   169 Jun  4 04:29 top.html
-rw-rw-r--   1 travis travis  7552 Jun  4 04:34 top.java
-rw-rw-r--   1 travis travis 38888 Jun  4 04:29 top.o
drwxrwxr-x   3 travis travis 57344 Jun  4 04:31 UnaryMathFunction
All Done
Writing ModularCG_A2_B1.java in file:/home/travis/cg/ (10667 characters)
Reading "ptolemy/cg/kernel/generic/program/procedural/java/modular/makefile.in",
    writing "/home/travis/cg/ModularCG_A2_B1.mk"
Using ptolemy/cg/kernel/generic/program/procedural/java/modular/makefile.in
In "/home/travis/cg", about to execute:
    make -f ModularCG_A2_B1.mk
javac -classpath ".:.."    ModularCG_A2_B1.java
All Done
In "/home/travis/cg", about to execute:
    pwd
/home/travis/cg
In "/home/travis/cg", about to execute:
    ls -l
total 1156
drwxrwxr-x   3 travis travis 12288 Jun  4 04:30 AbsoluteValue
drwxrwxr-x   3 travis travis 16384 Jun  4 04:30 Case1
drwxrwxr-x   3 travis travis 32768 Jun  4 04:30 Case2
-rw-rw-r--   1 travis travis  4895 Jun  4 04:34 CompiledCompositeActor_CompiledCompositeActor.class
-rw-rw-r--   1 travis travis  1592 Jun  4 04:34 CompiledCompositeActor_CompiledCompositeActor$_CompiledCompositeActor_CompiledCompositeActor.class
-rw-rw-r--   1 travis travis 13466 Jun  4 04:34 CompiledCompositeActor_CompiledCompositeActor.java
-rw-rw-r--   1 travis travis  1593 Jun  4 04:34 CompiledCompositeActor_CompiledCompositeActor.mk
drwxrwxr-x   3 travis travis 24576 Jun  4 04:32 DeScrambler
drwxrwxr-x   3 travis travis 16384 Jun  4 04:33 DotProduct
drwxrwxr-x   3 travis travis 12288 Jun  4 04:30 FileWriter1
drwxrwxr-x   3 travis travis 20480 Jun  4 04:29 FixToDoubleAndBack
drwxrwxr-x   3 travis travis 16384 Jun  4 04:30 Gaussian1
drwxrwxr-x   3 travis travis 20480 Jun  4 04:30 Gaussian2
-rw-rw-r--   1 travis travis  4457 Jun  4 04:34 JavaCompiledCompositeTest1_CompiledCompositeActor.class
-rw-rw-r--   1 travis travis 11637 Jun  4 04:34 JavaCompiledCompositeTest1_CompiledCompositeActor.java
-rw-rw-r--   1 travis travis  1198 Jun  4 04:34 JavaCompiledCompositeTest1_CompiledCompositeActor$_JavaCompiledCompositeTest1_CompiledCompositeActor.class
-rw-rw-r--   1 travis travis  1625 Jun  4 04:34 JavaCompiledCompositeTest1_CompiledCompositeActor.mk
-rw-rw-r--   1 travis travis  4888 Jun  4 04:34 JavaCompiledCompositeTest2_CompiledCompositeActor.class
-rw-rw-r--   1 travis travis 14919 Jun  4 04:34 JavaCompiledCompositeTest2_CompiledCompositeActor.java
-rw-rw-r--   1 travis travis  1793 Jun  4 04:34 JavaCompiledCompositeTest2_CompiledCompositeActor$_JavaCompiledCompositeTest2_CompiledCompositeActor.class
-rw-rw-r--   1 travis travis  1625 Jun  4 04:34 JavaCompiledCompositeTest2_CompiledCompositeActor.mk
-rw-rw-r--   1 travis travis  4505 Jun  4 04:34 JavaCompiledCompositeTest3_CompiledCompositeActor.class
-rw-rw-r--   1 travis travis 13080 Jun  4 04:34 JavaCompiledCompositeTest3_CompiledCompositeActor.java
-rw-rw-r--   1 travis travis  1378 Jun  4 04:34 JavaCompiledCompositeTest3_CompiledCompositeActor$_JavaCompiledCompositeTest3_CompiledCompositeActor.class
-rw-rw-r--   1 travis travis  1625 Jun  4 04:34 JavaCompiledCompositeTest3_CompiledCompositeActor.mk
-rw-rw-r--   1 travis travis  3953 Jun  4 04:34 JavaCompiledCompositeTest4_CompiledCompositeActor.class
-rw-rw-r--   1 travis travis  9687 Jun  4 04:34 JavaCompiledCompositeTest4_CompiledCompositeActor.java
-rw-rw-r--   1 travis travis   857 Jun  4 04:34 JavaCompiledCompositeTest4_CompiledCompositeActor$_JavaCompiledCompositeTest4_CompiledCompositeActor.class
-rw-rw-r--   1 travis travis  1625 Jun  4 04:34 JavaCompiledCompositeTest4_CompiledCompositeActor.mk
drwxrwxr-x   3 travis travis 12288 Jun  4 04:30 LookupTable
drwxrwxr-x   3 travis travis 20480 Jun  4 04:31 MaxIndex
-rw-rw-r--   1 travis travis  3693 Jun  4 04:34 ModularCG_A1_B1.class
-rw-rw-r--   1 travis travis  9730 Jun  4 04:34 ModularCG_A1_B1.java
-rw-rw-r--   1 travis travis   832 Jun  4 04:34 ModularCG_A1_B1.mk
-rw-rw-r--   1 travis travis  1318 Jun  4 04:34 ModularCG_A1_B1_profile.class
-rw-rw-r--   1 travis travis  1262 Jun  4 04:34 ModularCG_A1_B1_profile.java
-rw-rw-r--   1 travis travis  3693 Jun  4 04:34 ModularCG_A1_B2.class
-rw-rw-r--   1 travis travis  9730 Jun  4 04:34 ModularCG_A1_B2.java
-rw-rw-r--   1 travis travis   832 Jun  4 04:34 ModularCG_A1_B2.mk
-rw-rw-r--   1 travis travis  1318 Jun  4 04:34 ModularCG_A1_B2_profile.class
-rw-rw-r--   1 travis travis  1262 Jun  4 04:34 ModularCG_A1_B2_profile.java
-rw-rw-r--   1 travis travis  4799 Jun  4 04:34 ModularCG_A1.class
-rw-rw-r--   1 travis travis 14742 Jun  4 04:34 ModularCG_A1.java
-rw-rw-r--   1 travis travis   808 Jun  4 04:34 ModularCG_A1.mk
-rw-rw-r--   1 travis travis  1433 Jun  4 04:34 ModularCG_A1_profile.class
-rw-rw-r--   1 travis travis  1704 Jun  4 04:34 ModularCG_A1_profile.java
-rw-rw-r--   1 travis travis  3827 Jun  4 04:34 ModularCG_A2_B1.class
-rw-rw-r--   1 travis travis 10667 Jun  4 04:34 ModularCG_A2_B1.java
-rw-rw-r--   1 travis travis   832 Jun  4 04:34 ModularCG_A2_B1.mk
-rw-rw-r--   1 travis travis  1381 Jun  4 04:34 ModularCG_A2_B1_profile.class
-rw-rw-r--   1 travis travis  1446 Jun  4 04:34 ModularCG_A2_B1_profile.java
-rw-rw-r--   1 travis travis  1262 Jun  4 04:34 ModularCG_A2_B2_profile.java
-rw-rw-r--   1 travis travis  3492 Jun  4 04:34 ModularCodeGenTest_A1_A2.class
-rw-rw-r--   1 travis travis   904 Jun  4 04:34 ModularCodeGenTest_A1_A2.mk
-rw-rw-r--   1 travis travis  1306 Jun  4 04:34 ModularCodeGenTest_A1_A2_profile.class
-rw-rw-r--   1 travis travis  3823 Jun  4 04:34 ModularCodeGenTest_A1.class
-rw-rw-r--   1 travis travis  9968 Jun  4 04:34 ModularCodeGenTest_A1.java
-rw-rw-r--   1 travis travis   880 Jun  4 04:34 ModularCodeGenTest_A1.mk
-rw-rw-r--   1 travis travis  1352 Jun  4 04:34 ModularCodeGenTest_A1_profile.class
-rw-rw-r--   1 travis travis  1394 Jun  4 04:34 ModularCodeGenTest_A1_profile.java
drwxrwxr-x   3 travis travis 36864 Jun  4 04:34 modulation2
drwxrwxr-x   3 travis travis 20480 Jun  4 04:31 Multiplexor
drwxrwxr-x 242 travis travis 12288 Jun  4 04:34 node_modules
drwxrwxr-x   3 travis travis 20480 Jun  4 04:31 PhaseUnwrap
-rw-rw-r--   1 travis travis   520 Jun  4 04:34 Repeat$_fireFunction_Repeat_Repeat$__f_sL_0.class
-rw-rw-r--   1 travis travis   522 Jun  4 04:34 Repeat$_fireFunction_Repeat_Repeat$__f_sL_10.class
-rw-rw-r--   1 travis travis   666 Jun  4 04:34 Repeat$_fireFunction_Repeat_Repeat$__f_sL_11.class
-rw-rw-r--   1 travis travis   522 Jun  4 04:34 Repeat$_fireFunction_Repeat_Repeat$__f_sL_13.class
-rw-rw-r--   1 travis travis   665 Jun  4 04:34 Repeat$_fireFunction_Repeat_Repeat$__f_sL_1.class
-rw-rw-r--   1 travis travis   520 Jun  4 04:34 Repeat$_fireFunction_Repeat_Repeat$__f_sL_2.class
-rw-rw-r--   1 travis travis   520 Jun  4 04:34 Repeat$_fireFunction_Repeat_Repeat$__f_sL_3.class
-rw-rw-r--   1 travis travis   520 Jun  4 04:34 Repeat$_fireFunction_Repeat_Repeat$__f_sL_5.class
-rw-rw-r--   1 travis travis   671 Jun  4 04:34 Repeat$_fireFunction_Repeat_Repeat$__f_sL_7.class
-rw-rw-r--   1 travis travis   520 Jun  4 04:34 Repeat$_fireFunction_Repeat_Repeat$__f_sL_9.class
-rw-rw-r--   1 travis travis   813 Jun  4 04:34 Repeat$_initialize_Repeat.class
-rw-rw-r--   1 travis travis   475 Jun  4 04:34 Repeat$_initialize_Repeat$__i_sL_0.class
-rw-rw-r--   1 travis travis   519 Jun  4 04:34 Repeat$_initialize_Repeat$__i_sL_3.class
-rw-rw-r--   1 travis travis 39778 Jun  4 04:34 Repeat.java
-rw-rw-r--   1 travis travis  1281 Jun  4 04:34 Repeat.mk
-rw-rw-r--   1 travis travis   520 Jun  4 04:34 Repeat$_preinitializeMethod_Repeat$__p_sL_0.class
-rw-rw-r--   1 travis travis   520 Jun  4 04:34 Repeat$_preinitializeMethod_Repeat$__p_sL_1.class
-rw-rw-r--   1 travis travis  1083 Jun  4 04:34 Repeat$_Repeat$_fireFunction_Repeat_AddSubtract_Repeat.class
-rw-rw-r--   1 travis travis   791 Jun  4 04:34 Repeat$_Repeat$_fireFunction_Repeat_AddSubtract_Repeat$__f_sL_0.class
-rw-rw-r--   1 travis travis   909 Jun  4 04:34 Repeat$_Repeat$_fireFunction_Repeat_AddSubtract_Repeat$__f_sL_1.class
In "/home/travis/cg", about to execute:
-rw-rw-r--   1 travis travis   915 Jun  4 04:34 Repeat$_Repeat$_fireFunction_Repeat_AddSubtract_Repeat$__f_sL_2.class
-rw-rw-r--   1 travis travis   838 Jun  4 04:34 Repeat$_Repeat$_fireFunction_Repeat_Ramp2_Repeat$__f_sL_1.class
-rw-rw-r--   1 travis travis  1785 Jun  4 04:34 Repeat$_Repeat$_fireFunction_Repeat_Test_Repeat$__f_sL_2.class
-rw-rw-r--   1 travis travis   685 Jun  4 04:34 Repeat$_Repeat_SDF_Director_run_Repeat$__R_sL_0.class
-rw-rw-r--   1 travis travis   540 Jun  4 04:34 Repeat$_Repeat_SDF_Director_run_Repeat$__R_sL_1.class
-rw-rw-r--   1 travis travis   540 Jun  4 04:34 Repeat$_Repeat_SDF_Director_run_Repeat$__R_sL_2.class
-rw-rw-r--   1 travis travis   540 Jun  4 04:34 Repeat$_Repeat_SDF_Director_run_Repeat$__R_sL_4.class
-rw-rw-r--   1 travis travis   540 Jun  4 04:34 Repeat$_Repeat_SDF_Director_run_Repeat$__R_sL_5.class
-rw-rw-r--   1 travis travis   691 Jun  4 04:34 Repeat$_Repeat_SDF_Director_run_Repeat$__R_sL_6.class
-rw-rw-r--   1 travis travis   540 Jun  4 04:34 Repeat$_Repeat_SDF_Director_run_Repeat$__R_sL_7.class
-rw-rw-r--   1 travis travis   863 Jun  4 04:34 Repeat$_varinit_Repeat.class
-rw-rw-r--   1 travis travis   530 Jun  4 04:34 Repeat$_varinit_Repeat$__v_sL_1.class
-rw-rw-r--   1 travis travis   531 Jun  4 04:34 Repeat$_varinit_Repeat$__v_sL_2.class
-rw-rw-r--   1 travis travis   905 Jun  4 04:34 Repeat$_varinit_Repeat$__v_sL_4.class
-rw-rw-r--   1 travis travis   635 Jun  4 04:34 Repeat$_wrapup_Repeat.class
-rw-rw-r--   1 travis travis   965 Jun  4 04:34 Repeat$_wrapup_Repeat$__w_sL_1.class
-rw-rw-r--   1 travis travis   289 Jun  4 04:29 result.csv
drwxrwxr-x   3 travis travis 12288 Jun  4 04:32 Scrambler1
drwxrwxr-x   3 travis travis 20480 Jun  4 04:31 Sinewave2
drwxrwxr-x   3 travis travis 69632 Jun  4 04:32 StringCompare
drwxrwxr-x   3 travis travis 32768 Jun  4 04:32 StringFunction
drwxrwxr-x   3 travis travis 12288 Jun  4 04:32 StringLength
drwxrwxr-x   3 travis travis 57344 Jun  4 04:33 StringSimpleReplace
    javac -classpath
.:/home/travis/build/icyphy/ptII:/home/travis/build/icyphy/ptII/lib/bsh-2.0b4.j
ar:/home/travis/build/icyphy/ptII/lib/ptCal.jar:/home/travis/build/icyphy/ptII/
lib/java_cup.jar:/home/travis/build/icyphy/ptII/lib/saxon8.jar:/home/travis/bui
ld/icyphy/ptII/lib/saxon8-dom.jar:/home/travis/build/icyphy/ptII/lib/chic.jar:/
home/travis/build/icyphy/ptII/lib/ptcolt.jar:/usr/lib/jvm/java-8-oracle/lib/too
ls.jar:/home/travis/build/icyphy/ptII/vendors/misc/itext/iText.jar:/home/travis
/build/icyphy/ptII/lib/g4ltl.jar:/home/travis/build/icyphy/ptII/lib/StructuralC
oder.jar:/home/travis/build/icyphy/ptII/vendors/jai-1_1_2_01/lib/jai_core.jar:/
home/travis/build/icyphy/ptII/vendors/jai-1_1_2_01/lib/jai_codec.jar:/home/trav
is/build/icyphy/ptII/lib/jcerti.jar:/home/travis/build/icyphy/ptII/lib/javax.ma
il.jar:/home/travis/build/icyphy/ptII/vendors/JMF-2.1.1e/lib/jmf.jar:/home/trav
is/build/icyphy/ptII/lib/jna-4.0.0-variadic.jar:/home/travis/build/icyphy/ptII/
vendors/misc/joystick/Joystick.jar:/home/travis/build/icyphy/ptII/lib/ptjacl.ja
r:/home/travis/build/icyphy/ptII/lib/jsoup-1.8.2.jar:/home/travis/build/icyphy/
ptII/lib/junit-4.8.2.jar:/home/travis/build/icyphy/ptII/lib/JUnitParams-0.4.0.j
ar:/home/travis/build/icyphy/ptII/ptolemy/actor/lib/excel/jxl.jar:/home/travis/
build/icyphy/ptII/lib/jython.jar:/home/travis/build/icyphy/ptII/lib/kieler.jar:
/home/travis/build/icyphy/ptII/vendors/opencv/share/OpenCV/java/opencv-341.jar:
/home/travis/build/icyphy/ptII/lib/oscP5.jar:/home/travis/build/icyphy/ptII/lib
/nrjavaserial-3.11.0.devel.jar:/home/travis/build/icyphy/ptII/vendors/j3d/lib/j
3dcore.jar:/home/travis/build/icyphy/ptII/vendors/j3d/lib/j3dutils.jar:/home/tr
avis/build/icyphy/ptII/vendors/j3d/lib/vecmath.jar:/home/travis/build/icyphy/pt
II/ptolemy/distributed/jini/jar/jini-core.jar:/home/travis/build/icyphy/ptII/pt
olemy/distributed/jini/jar/jini-ext.jar:/home/travis/build/icyphy/ptII/ptolemy/
distributed/jini/jar/sun-util.jar:/home/travis/build/icyphy/ptII/lib/protobuf-j
ava-2.4.1.jar:/home/travis/build/icyphy/ptII/lib/org.eclipse.paho.client.mqttv3
.jar:/home/travis/build/icyphy/ptII/lib/mapss.jar:/home/travis/build/icyphy/ptI
I/ptolemy/actor/ptalon/antlr/antlr.jar:/home/travis/build/icyphy/ptII/lib/JRI.j
ar:/home/travis/build/icyphy/ptII/lib/commons-lang-2.6.jar:/home/travis/build/i
cyphy/ptII/lib/commons-logging-1.1.1.jar:/home/travis/build/icyphy/ptII/lib/soo
tclasses.jar:/home/travis/build/icyphy/ptII/ptolemy/actor/lib/database/mysql-co
nnector-java-5.1.6-bin.jar:/home/travis/build/icyphy/ptII/vendors/misc/sphinx4/
sphinx4-data-5prealpha.jar:/home/travis/build/icyphy/ptII/vendors/misc/sphinx4/
sphinx4-core-5prealpha.jar:/home/travis/build/icyphy/ptII/lib/PDFRenderer.jar:/
home/travis/build/icyphy/ptII/lib/svgSalamander.jar:/home/travis/build/icyphy/p
tII/lib/rsyntaxtextarea-2.6.0-SNAPSHOT.jar:/home/travis/build/icyphy/ptII/lib/h
azelcast-3.8.2.jar:/home/travis/build/icyphy/ptII/lib/jackson-annotations-2.9.0
.jar:/home/travis/build/icyphy/ptII/lib/jackson-core-2.9.3.jar:/home/travis/bui
ld/icyphy/ptII/lib/jackson-databind-2.9.3.jar:/home/travis/build/icyphy/ptII/li
b/netty-buffer-4.1.19.Final.jar:/home/travis/build/icyphy/ptII/lib/netty-codec-
4.1.19.Final.jar:/home/travis/build/icyphy/ptII/lib/netty-codec-dns-4.1.19.Fina
l.jar:/home/travis/build/icyphy/ptII/lib/netty-codec-http-4.1.19.Final.jar:/hom
e/travis/build/icyphy/ptII/lib/netty-codec-http2-4.1.19.Final.jar:/home/travis/
build/icyphy/ptII/lib/netty-common-4.1.19.Final.jar:/home/travis/build/icyphy/p
tII/lib/netty-handler-4.1.19.Final.jar:/home/travis/build/icyphy/ptII/lib/netty
-resolver-4.1.19.Final.jar:/home/travis/build/icyphy/ptII/lib/netty-resolver-dn
s-4.1.19.Final.jar:/home/travis/build/icyphy/ptII/lib/netty-transport-4.1.19.Fi
nal.jar:/home/travis/build/icyphy/ptII/lib/vertx-codegen-3.5.1.jar:/home/travis
/build/icyphy/ptII/lib/vertx-core-3.5.2-SNAPSHOT.jar:/home/travis/build/icyphy/
ptII/lib/vertx-hazelcast-3.5.1.jar:/home/travis/build/icyphy/ptII/lib/vertx-lan
g-js-3.5.1.jar:/home/travis/build/icyphy/ptII/lib/vertx-service-proxy-3.5.1.jar
:/home/travis/build/icyphy/ptII/lib/vertx-web-3.5.1.jar:/home/travis/build/icyp
hy/ptII/lib/slf4j-api-1.7.13.jar:/home/travis/build/icyphy/ptII/lib/slf4j-simpl
e-1.7.13.jar:/home/travis/build/icyphy/ptII/lib/webcam-capture-0.3.12.jar:/home
/travis/build/icyphy/ptII/lib/bridj-0.7.0.jar:/home/travis/build/icyphy/ptII/li
b/xbjlib-1.1.0.nrjavaserial.jar:/home/travis/build/icyphy/ptII/ptolemy/moml/tes
t:/home/travis/build/icyphy/ptII/ant/lib/ant-launcher.jar:/home/travis/build/ic
yphy/ptII/ant/lib/ant.jar:/home/travis/build/icyphy/ptII/ant/lib/ant-junit.jar:
/home/travis/build/icyphy/ptII/ant/lib/ant-junit4.jar:/home/travis/build/icyphy
/ptII ModularCG_A2_B2_profile.java
drwxrwxr-x   3 travis travis 12288 Jun  4 04:33 time2
drwxrwxr-x   3 travis travis 12288 Jun  4 04:34 time5
-rw-rw-r--   1 travis travis   432 Jun  4 04:34 Token.class
-rw-rw-r--   1 travis travis   251 Jun  4 04:34 Token.java
-rw-rw-r--   1 travis travis     0 Jun  4 04:34 top.
-rw-rw-r--   1 travis travis 20502 Jun  4 04:29 top.c
-rw-rw-r--   1 travis travis  3567 Jun  4 04:34 top.class
-rw-rw-r--   1 travis travis   169 Jun  4 04:29 top.html
-rw-rw-r--   1 travis travis  7552 Jun  4 04:34 top.java
-rw-rw-r--   1 travis travis 38888 Jun  4 04:29 top.o
drwxrwxr-x   3 travis travis 57344 Jun  4 04:31 UnaryMathFunction
All Done
Writing ModularCG_A2_B2.java in file:/home/travis/cg/ (9730 characters)
Reading "ptolemy/cg/kernel/generic/program/procedural/java/modular/makefile.in",
    writing "/home/travis/cg/ModularCG_A2_B2.mk"
Using ptolemy/cg/kernel/generic/program/procedural/java/modular/makefile.in
In "/home/travis/cg", about to execute:
    make -f ModularCG_A2_B2.mk
javac -classpath ".:.."    ModularCG_A2_B2.java
All Done
In "/home/travis/cg", about to execute:
    pwd
/home/travis/cg
In "/home/travis/cg", about to execute:
    ls -l
In "/home/travis/cg", about to execute:
    javac -classpath
.:/home/travis/build/icyphy/ptII:/home/travis/build/icyphy/ptII/lib/bsh-2.0b4.j
ar:/home/travis/build/icyphy/ptII/lib/ptCal.jar:/home/travis/build/icyphy/ptII/
lib/java_cup.jar:/home/travis/build/icyphy/ptII/lib/saxon8.jar:/home/travis/bui
ld/icyphy/ptII/lib/saxon8-dom.jar:/home/travis/build/icyphy/ptII/lib/chic.jar:/
home/travis/build/icyphy/ptII/lib/ptcolt.jar:/usr/lib/jvm/java-8-oracle/lib/too
ls.jar:/home/travis/build/icyphy/ptII/vendors/misc/itext/iText.jar:/home/travis
/build/icyphy/ptII/lib/g4ltl.jar:/home/travis/build/icyphy/ptII/lib/StructuralC
oder.jar:/home/travis/build/icyphy/ptII/vendors/jai-1_1_2_01/lib/jai_core.jar:/
home/travis/build/icyphy/ptII/vendors/jai-1_1_2_01/lib/jai_codec.jar:/home/trav
is/build/icyphy/ptII/lib/jcerti.jar:/home/travis/build/icyphy/ptII/lib/javax.ma
il.jar:/home/travis/build/icyphy/ptII/vendors/JMF-2.1.1e/lib/jmf.jar:/home/trav
is/build/icyphy/ptII/lib/jna-4.0.0-variadic.jar:/home/travis/build/icyphy/ptII/
vendors/misc/joystick/Joystick.jar:/home/travis/build/icyphy/ptII/lib/ptjacl.ja
r:/home/travis/build/icyphy/ptII/lib/jsoup-1.8.2.jar:/home/travis/build/icyphy/
ptII/lib/junit-4.8.2.jar:/home/travis/build/icyphy/ptII/lib/JUnitParams-0.4.0.j
ar:/home/travis/build/icyphy/ptII/ptolemy/actor/lib/excel/jxl.jar:/home/travis/
build/icyphy/ptII/lib/jython.jar:/home/travis/build/icyphy/ptII/lib/kieler.jar:
/home/travis/build/icyphy/ptII/vendors/opencv/share/OpenCV/java/opencv-341.jar:
/home/travis/build/icyphy/ptII/lib/oscP5.jar:/home/travis/build/icyphy/ptII/lib
/nrjavaserial-3.11.0.devel.jar:/home/travis/build/icyphy/ptII/vendors/j3d/lib/j
3dcore.jar:/home/travis/build/icyphy/ptII/vendors/j3d/lib/j3dutils.jar:/home/tr
avis/build/icyphy/ptII/vendors/j3d/lib/vecmath.jar:/home/travis/build/icyphy/pt
II/ptolemy/distributed/jini/jar/jini-core.jar:/home/travis/build/icyphy/ptII/pt
olemy/distributed/jini/jar/jini-ext.jar:/home/travis/build/icyphy/ptII/ptolemy/
distributed/jini/jar/sun-util.jar:/home/travis/build/icyphy/ptII/lib/protobuf-j
ava-2.4.1.jar:/home/travis/build/icyphy/ptII/lib/org.eclipse.paho.client.mqttv3
.jar:/home/travis/build/icyphy/ptII/lib/mapss.jar:/home/travis/build/icyphy/ptI
I/ptolemy/actor/ptalon/antlr/antlr.jar:/home/travis/build/icyphy/ptII/lib/JRI.j
ar:/home/travis/build/icyphy/ptII/lib/commons-lang-2.6.jar:/home/travis/build/i
cyphy/ptII/lib/commons-logging-1.1.1.jar:/home/travis/build/icyphy/ptII/lib/soo
tclasses.jar:/home/travis/build/icyphy/ptII/ptolemy/actor/lib/database/mysql-co
nnector-java-5.1.6-bin.jar:/home/travis/build/icyphy/ptII/vendors/misc/sphinx4/
sphinx4-data-5prealpha.jar:/home/travis/build/icyphy/ptII/vendors/misc/sphinx4/
sphinx4-core-5prealpha.jar:/home/travis/build/icyphy/ptII/lib/PDFRenderer.jar:/
home/travis/build/icyphy/ptII/lib/svgSalamander.jar:/home/travis/build/icyphy/p
tII/lib/rsyntaxtextarea-2.6.0-SNAPSHOT.jar:/home/travis/build/icyphy/ptII/lib/h
azelcast-3.8.2.jar:/home/travis/build/icyphy/ptII/lib/jackson-annotations-2.9.0
.jar:/home/travis/build/icyphy/ptII/lib/jackson-core-2.9.3.jar:/home/travis/bui
ld/icyphy/ptII/lib/jackson-databind-2.9.3.jar:/home/travis/build/icyphy/ptII/li
b/netty-buffer-4.1.19.Final.jar:/home/travis/build/icyphy/ptII/lib/netty-codec-
4.1.19.Final.jar:/home/travis/build/icyphy/ptII/lib/netty-codec-dns-4.1.19.Fina
l.jar:/home/travis/build/icyphy/ptII/lib/netty-codec-http-4.1.19.Final.jar:/hom
e/travis/build/icyphy/ptII/lib/netty-codec-http2-4.1.19.Final.jar:/home/travis/
build/icyphy/ptII/lib/netty-common-4.1.19.Final.jar:/home/travis/build/icyphy/p
tII/lib/netty-handler-4.1.19.Final.jar:/home/travis/build/icyphy/ptII/lib/netty
-resolver-4.1.19.Final.jar:/home/travis/build/icyphy/ptII/lib/netty-resolver-dn
s-4.1.19.Final.jar:/home/travis/build/icyphy/ptII/lib/netty-transport-4.1.19.Fi
nal.jar:/home/travis/build/icyphy/ptII/lib/vertx-codegen-3.5.1.jar:/home/travis
/build/icyphy/ptII/lib/vertx-core-3.5.2-SNAPSHOT.jar:/home/travis/build/icyphy/
ptII/lib/vertx-hazelcast-3.5.1.jar:/home/travis/build/icyphy/ptII/lib/vertx-lan
g-js-3.5.1.jar:/home/travis/build/icyphy/ptII/lib/vertx-service-proxy-3.5.1.jar
:/home/travis/build/icyphy/ptII/lib/vertx-web-3.5.1.jar:/home/travis/build/icyp
hy/ptII/lib/slf4j-api-1.7.13.jar:/home/travis/build/icyphy/ptII/lib/slf4j-simpl
e-1.7.13.jar:/home/travis/build/icyphy/ptII/lib/webcam-capture-0.3.12.jar:/home
/travis/build/icyphy/ptII/lib/bridj-0.7.0.jar:/home/travis/build/icyphy/ptII/li
b/xbjlib-1.1.0.nrjavaserial.jar:/home/travis/build/icyphy/ptII/ptolemy/moml/tes
t:/home/travis/build/icyphy/ptII/ant/lib/ant-launcher.jar:/home/travis/build/ic
yphy/ptII/ant/lib/ant.jar:/home/travis/build/icyphy/ptII/ant/lib/ant-junit.jar:
/home/travis/build/icyphy/ptII/ant/lib/ant-junit4.jar:/home/travis/build/icyphy
/ptII ModularCG_A2_profile.java
total 1184
drwxrwxr-x   3 travis travis 12288 Jun  4 04:30 AbsoluteValue
drwxrwxr-x   3 travis travis 16384 Jun  4 04:30 Case1
drwxrwxr-x   3 travis travis 32768 Jun  4 04:30 Case2
-rw-rw-r--   1 travis travis  4895 Jun  4 04:34 CompiledCompositeActor_CompiledCompositeActor.class
-rw-rw-r--   1 travis travis  1592 Jun  4 04:34 CompiledCompositeActor_CompiledCompositeActor$_CompiledCompositeActor_CompiledCompositeActor.class
-rw-rw-r--   1 travis travis 13466 Jun  4 04:34 CompiledCompositeActor_CompiledCompositeActor.java
-rw-rw-r--   1 travis travis  1593 Jun  4 04:34 CompiledCompositeActor_CompiledCompositeActor.mk
drwxrwxr-x   3 travis travis 24576 Jun  4 04:32 DeScrambler
drwxrwxr-x   3 travis travis 16384 Jun  4 04:33 DotProduct
drwxrwxr-x   3 travis travis 12288 Jun  4 04:30 FileWriter1
drwxrwxr-x   3 travis travis 20480 Jun  4 04:29 FixToDoubleAndBack
drwxrwxr-x   3 travis travis 16384 Jun  4 04:30 Gaussian1
drwxrwxr-x   3 travis travis 20480 Jun  4 04:30 Gaussian2
-rw-rw-r--   1 travis travis  4457 Jun  4 04:34 JavaCompiledCompositeTest1_CompiledCompositeActor.class
-rw-rw-r--   1 travis travis 11637 Jun  4 04:34 JavaCompiledCompositeTest1_CompiledCompositeActor.java
-rw-rw-r--   1 travis travis  1198 Jun  4 04:34 JavaCompiledCompositeTest1_CompiledCompositeActor$_JavaCompiledCompositeTest1_CompiledCompositeActor.class
-rw-rw-r--   1 travis travis  1625 Jun  4 04:34 JavaCompiledCompositeTest1_CompiledCompositeActor.mk
-rw-rw-r--   1 travis travis  4888 Jun  4 04:34 JavaCompiledCompositeTest2_CompiledCompositeActor.class
-rw-rw-r--   1 travis travis 14919 Jun  4 04:34 JavaCompiledCompositeTest2_CompiledCompositeActor.java
-rw-rw-r--   1 travis travis  1793 Jun  4 04:34 JavaCompiledCompositeTest2_CompiledCompositeActor$_JavaCompiledCompositeTest2_CompiledCompositeActor.class
-rw-rw-r--   1 travis travis  1625 Jun  4 04:34 JavaCompiledCompositeTest2_CompiledCompositeActor.mk
-rw-rw-r--   1 travis travis  4505 Jun  4 04:34 JavaCompiledCompositeTest3_CompiledCompositeActor.class
-rw-rw-r--   1 travis travis 13080 Jun  4 04:34 JavaCompiledCompositeTest3_CompiledCompositeActor.java
-rw-rw-r--   1 travis travis  1378 Jun  4 04:34 JavaCompiledCompositeTest3_CompiledCompositeActor$_JavaCompiledCompositeTest3_CompiledCompositeActor.class
-rw-rw-r--   1 travis travis  1625 Jun  4 04:34 JavaCompiledCompositeTest3_CompiledCompositeActor.mk
-rw-rw-r--   1 travis travis  3953 Jun  4 04:34 JavaCompiledCompositeTest4_CompiledCompositeActor.class
-rw-rw-r--   1 travis travis  9687 Jun  4 04:34 JavaCompiledCompositeTest4_CompiledCompositeActor.java
-rw-rw-r--   1 travis travis   857 Jun  4 04:34 JavaCompiledCompositeTest4_CompiledCompositeActor$_JavaCompiledCompositeTest4_CompiledCompositeActor.class
-rw-rw-r--   1 travis travis  1625 Jun  4 04:34 JavaCompiledCompositeTest4_CompiledCompositeActor.mk
drwxrwxr-x   3 travis travis 12288 Jun  4 04:30 LookupTable
drwxrwxr-x   3 travis travis 20480 Jun  4 04:31 MaxIndex
-rw-rw-r--   1 travis travis  3693 Jun  4 04:34 ModularCG_A1_B1.class
-rw-rw-r--   1 travis travis  9730 Jun  4 04:34 ModularCG_A1_B1.java
-rw-rw-r--   1 travis travis   832 Jun  4 04:34 ModularCG_A1_B1.mk
-rw-rw-r--   1 travis travis  1318 Jun  4 04:34 ModularCG_A1_B1_profile.class
-rw-rw-r--   1 travis travis  1262 Jun  4 04:34 ModularCG_A1_B1_profile.java
-rw-rw-r--   1 travis travis  3693 Jun  4 04:34 ModularCG_A1_B2.class
-rw-rw-r--   1 travis travis  9730 Jun  4 04:34 ModularCG_A1_B2.java
-rw-rw-r--   1 travis travis   832 Jun  4 04:34 ModularCG_A1_B2.mk
-rw-rw-r--   1 travis travis  1318 Jun  4 04:34 ModularCG_A1_B2_profile.class
-rw-rw-r--   1 travis travis  1262 Jun  4 04:34 ModularCG_A1_B2_profile.java
-rw-rw-r--   1 travis travis  4799 Jun  4 04:34 ModularCG_A1.class
-rw-rw-r--   1 travis travis 14742 Jun  4 04:34 ModularCG_A1.java
-rw-rw-r--   1 travis travis   808 Jun  4 04:34 ModularCG_A1.mk
-rw-rw-r--   1 travis travis  1433 Jun  4 04:34 ModularCG_A1_profile.class
-rw-rw-r--   1 travis travis  1704 Jun  4 04:34 ModularCG_A1_profile.java
-rw-rw-r--   1 travis travis  3827 Jun  4 04:34 ModularCG_A2_B1.class
-rw-rw-r--   1 travis travis 10667 Jun  4 04:34 ModularCG_A2_B1.java
-rw-rw-r--   1 travis travis   832 Jun  4 04:34 ModularCG_A2_B1.mk
-rw-rw-r--   1 travis travis  1381 Jun  4 04:34 ModularCG_A2_B1_profile.class
-rw-rw-r--   1 travis travis  1446 Jun  4 04:34 ModularCG_A2_B1_profile.java
-rw-rw-r--   1 travis travis  3693 Jun  4 04:34 ModularCG_A2_B2.class
-rw-rw-r--   1 travis travis  9730 Jun  4 04:34 ModularCG_A2_B2.java
-rw-rw-r--   1 travis travis   832 Jun  4 04:34 ModularCG_A2_B2.mk
-rw-rw-r--   1 travis travis  1318 Jun  4 04:34 ModularCG_A2_B2_profile.class
-rw-rw-r--   1 travis travis  1262 Jun  4 04:34 ModularCG_A2_B2_profile.java
-rw-rw-r--   1 travis travis  1704 Jun  4 04:34 ModularCG_A2_profile.java
-rw-rw-r--   1 travis travis  3492 Jun  4 04:34 ModularCodeGenTest_A1_A2.class
-rw-rw-r--   1 travis travis   904 Jun  4 04:34 ModularCodeGenTest_A1_A2.mk
-rw-rw-r--   1 travis travis  1306 Jun  4 04:34 ModularCodeGenTest_A1_A2_profile.class
-rw-rw-r--   1 travis travis  3823 Jun  4 04:34 ModularCodeGenTest_A1.class
-rw-rw-r--   1 travis travis  9968 Jun  4 04:34 ModularCodeGenTest_A1.java
-rw-rw-r--   1 travis travis   880 Jun  4 04:34 ModularCodeGenTest_A1.mk
-rw-rw-r--   1 travis travis  1352 Jun  4 04:34 ModularCodeGenTest_A1_profile.class
-rw-rw-r--   1 travis travis  1394 Jun  4 04:34 ModularCodeGenTest_A1_profile.java
drwxrwxr-x   3 travis travis 36864 Jun  4 04:34 modulation2
drwxrwxr-x   3 travis travis 20480 Jun  4 04:31 Multiplexor
drwxrwxr-x 242 travis travis 12288 Jun  4 04:34 node_modules
drwxrwxr-x   3 travis travis 20480 Jun  4 04:31 PhaseUnwrap
-rw-rw-r--   1 travis travis   520 Jun  4 04:34 Repeat$_fireFunction_Repeat_Repeat$__f_sL_0.class
-rw-rw-r--   1 travis travis   522 Jun  4 04:34 Repeat$_fireFunction_Repeat_Repeat$__f_sL_10.class
-rw-rw-r--   1 travis travis   666 Jun  4 04:34 Repeat$_fireFunction_Repeat_Repeat$__f_sL_11.class
-rw-rw-r--   1 travis travis   522 Jun  4 04:34 Repeat$_fireFunction_Repeat_Repeat$__f_sL_13.class
-rw-rw-r--   1 travis travis   665 Jun  4 04:34 Repeat$_fireFunction_Repeat_Repeat$__f_sL_1.class
-rw-rw-r--   1 travis travis   520 Jun  4 04:34 Repeat$_fireFunction_Repeat_Repeat$__f_sL_2.class
-rw-rw-r--   1 travis travis   520 Jun  4 04:34 Repeat$_fireFunction_Repeat_Repeat$__f_sL_3.class
-rw-rw-r--   1 travis travis   520 Jun  4 04:34 Repeat$_fireFunction_Repeat_Repeat$__f_sL_5.class
-rw-rw-r--   1 travis travis   671 Jun  4 04:34 Repeat$_fireFunction_Repeat_Repeat$__f_sL_7.class
-rw-rw-r--   1 travis travis   520 Jun  4 04:34 Repeat$_fireFunction_Repeat_Repeat$__f_sL_9.class
-rw-rw-r--   1 travis travis   813 Jun  4 04:34 Repeat$_initialize_Repeat.class
-rw-rw-r--   1 travis travis   475 Jun  4 04:34 Repeat$_initialize_Repeat$__i_sL_0.class
-rw-rw-r--   1 travis travis   519 Jun  4 04:34 Repeat$_initialize_Repeat$__i_sL_3.class
-rw-rw-r--   1 travis travis 39778 Jun  4 04:34 Repeat.java
-rw-rw-r--   1 travis travis  1281 Jun  4 04:34 Repeat.mk
-rw-rw-r--   1 travis travis   520 Jun  4 04:34 Repeat$_preinitializeMethod_Repeat$__p_sL_0.class
-rw-rw-r--   1 travis travis   520 Jun  4 04:34 Repeat$_preinitializeMethod_Repeat$__p_sL_1.class
-rw-rw-r--   1 travis travis  1083 Jun  4 04:34 Repeat$_Repeat$_fireFunction_Repeat_AddSubtract_Repeat.class
-rw-rw-r--   1 travis travis   791 Jun  4 04:34 Repeat$_Repeat$_fireFunction_Repeat_AddSubtract_Repeat$__f_sL_0.class
-rw-rw-r--   1 travis travis   909 Jun  4 04:34 Repeat$_Repeat$_fireFunction_Repeat_AddSubtract_Repeat$__f_sL_1.class
-rw-rw-r--   1 travis travis   915 Jun  4 04:34 Repeat$_Repeat$_fireFunction_Repeat_AddSubtract_Repeat$__f_sL_2.class
-rw-rw-r--   1 travis travis   838 Jun  4 04:34 Repeat$_Repeat$_fireFunction_Repeat_Ramp2_Repeat$__f_sL_1.class
-rw-rw-r--   1 travis travis  1785 Jun  4 04:34 Repeat$_Repeat$_fireFunction_Repeat_Test_Repeat$__f_sL_2.class
-rw-rw-r--   1 travis travis   685 Jun  4 04:34 Repeat$_Repeat_SDF_Director_run_Repeat$__R_sL_0.class
-rw-rw-r--   1 travis travis   540 Jun  4 04:34 Repeat$_Repeat_SDF_Director_run_Repeat$__R_sL_1.class
-rw-rw-r--   1 travis travis   540 Jun  4 04:34 Repeat$_Repeat_SDF_Director_run_Repeat$__R_sL_2.class
-rw-rw-r--   1 travis travis   540 Jun  4 04:34 Repeat$_Repeat_SDF_Director_run_Repeat$__R_sL_4.class
-rw-rw-r--   1 travis travis   540 Jun  4 04:34 Repeat$_Repeat_SDF_Director_run_Repeat$__R_sL_5.class
-rw-rw-r--   1 travis travis   691 Jun  4 04:34 Repeat$_Repeat_SDF_Director_run_Repeat$__R_sL_6.class
-rw-rw-r--   1 travis travis   540 Jun  4 04:34 Repeat$_Repeat_SDF_Director_run_Repeat$__R_sL_7.class
-rw-rw-r--   1 travis travis   863 Jun  4 04:34 Repeat$_varinit_Repeat.class
-rw-rw-r--   1 travis travis   530 Jun  4 04:34 Repeat$_varinit_Repeat$__v_sL_1.class
-rw-rw-r--   1 travis travis   531 Jun  4 04:34 Repeat$_varinit_Repeat$__v_sL_2.class
-rw-rw-r--   1 travis travis   905 Jun  4 04:34 Repeat$_varinit_Repeat$__v_sL_4.class
-rw-rw-r--   1 travis travis   635 Jun  4 04:34 Repeat$_wrapup_Repeat.class
-rw-rw-r--   1 travis travis   965 Jun  4 04:34 Repeat$_wrapup_Repeat$__w_sL_1.class
-rw-rw-r--   1 travis travis   289 Jun  4 04:29 result.csv
drwxrwxr-x   3 travis travis 12288 Jun  4 04:32 Scrambler1
drwxrwxr-x   3 travis travis 20480 Jun  4 04:31 Sinewave2
drwxrwxr-x   3 travis travis 69632 Jun  4 04:32 StringCompare
drwxrwxr-x   3 travis travis 32768 Jun  4 04:32 StringFunction
drwxrwxr-x   3 travis travis 12288 Jun  4 04:32 StringLength
drwxrwxr-x   3 travis travis 57344 Jun  4 04:33 StringSimpleReplace
drwxrwxr-x   3 travis travis 12288 Jun  4 04:33 time2
drwxrwxr-x   3 travis travis 12288 Jun  4 04:34 time5
-rw-rw-r--   1 travis travis   432 Jun  4 04:34 Token.class
-rw-rw-r--   1 travis travis   251 Jun  4 04:34 Token.java
-rw-rw-r--   1 travis travis     0 Jun  4 04:34 top.
-rw-rw-r--   1 travis travis 20502 Jun  4 04:29 top.c
-rw-rw-r--   1 travis travis  3567 Jun  4 04:34 top.class
-rw-rw-r--   1 travis travis   169 Jun  4 04:29 top.html
-rw-rw-r--   1 travis travis  7552 Jun  4 04:34 top.java
-rw-rw-r--   1 travis travis 38888 Jun  4 04:29 top.o
drwxrwxr-x   3 travis travis 57344 Jun  4 04:31 UnaryMathFunction
All Done
Writing ModularCG_A2.java in file:/home/travis/cg/ (15129 characters)
Reading "ptolemy/cg/kernel/generic/program/procedural/java/modular/makefile.in",
    writing "/home/travis/cg/ModularCG_A2.mk"
Using ptolemy/cg/kernel/generic/program/procedural/java/modular/makefile.in
In "/home/travis/cg", about to execute:
    make -f ModularCG_A2.mk
javac -classpath ".:.."    ModularCG_A2.java
All Done
Manager.initialize() finished: 13510 ms. Memory: 298496K Free: 167783K (56%)
13514 ms. Memory: 298496K Free: 167783K (56%)
----------------- Invoking toplevel() on ptolemy.moml.MoMLSimpleApplication@3135dc2e
----------------- Done invoking toplevel() on ptolemy.moml.MoMLSimpleApplication@3135dc2e
reloadAllAccessors: .ModularCG

===========================================================================================
----------------- testing Tue Jun 04 04:34:47 UTC 2019 /home/travis/build/icyphy/ptII/ptolemy/cg/lib/test/auto/ModularCGPubSub.xml
----------------- Instantiating /home/travis/build/icyphy/ptII/ptolemy/cg/lib/test/auto/ModularCGPubSub.xml
In "/home/travis/cg", about to execute:
    pwd
/home/travis/cg
In "/home/travis/cg", about to execute:
    ls -l
In "/home/travis/cg", about to execute:
    javac -classpath
.:/home/travis/build/icyphy/ptII:/home/travis/build/icyphy/ptII/lib/bsh-2.0b4.j
ar:/home/travis/build/icyphy/ptII/lib/ptCal.jar:/home/travis/build/icyphy/ptII/
lib/java_cup.jar:/home/travis/build/icyphy/ptII/lib/saxon8.jar:/home/travis/bui
ld/icyphy/ptII/lib/saxon8-dom.jar:/home/travis/build/icyphy/ptII/lib/chic.jar:/
home/travis/build/icyphy/ptII/lib/ptcolt.jar:/usr/lib/jvm/java-8-oracle/lib/too
ls.jar:/home/travis/build/icyphy/ptII/vendors/misc/itext/iText.jar:/home/travis
/build/icyphy/ptII/lib/g4ltl.jar:/home/travis/build/icyphy/ptII/lib/StructuralC
oder.jar:/home/travis/build/icyphy/ptII/vendors/jai-1_1_2_01/lib/jai_core.jar:/
home/travis/build/icyphy/ptII/vendors/jai-1_1_2_01/lib/jai_codec.jar:/home/trav
is/build/icyphy/ptII/lib/jcerti.jar:/home/travis/build/icyphy/ptII/lib/javax.ma
il.jar:/home/travis/build/icyphy/ptII/vendors/JMF-2.1.1e/lib/jmf.jar:/home/trav
is/build/icyphy/ptII/lib/jna-4.0.0-variadic.jar:/home/travis/build/icyphy/ptII/
vendors/misc/joystick/Joystick.jar:/home/travis/build/icyphy/ptII/lib/ptjacl.ja
r:/home/travis/build/icyphy/ptII/lib/jsoup-1.8.2.jar:/home/travis/build/icyphy/
ptII/lib/junit-4.8.2.jar:/home/travis/build/icyphy/ptII/lib/JUnitParams-0.4.0.j
ar:/home/travis/build/icyphy/ptII/ptolemy/actor/lib/excel/jxl.jar:/home/travis/
build/icyphy/ptII/lib/jython.jar:/home/travis/build/icyphy/ptII/lib/kieler.jar:
/home/travis/build/icyphy/ptII/vendors/opencv/share/OpenCV/java/opencv-341.jar:
/home/travis/build/icyphy/ptII/lib/oscP5.jar:/home/travis/build/icyphy/ptII/lib
/nrjavaserial-3.11.0.devel.jar:/home/travis/build/icyphy/ptII/vendors/j3d/lib/j
3dcore.jar:/home/travis/build/icyphy/ptII/vendors/j3d/lib/j3dutils.jar:/home/tr
avis/build/icyphy/ptII/vendors/j3d/lib/vecmath.jar:/home/travis/build/icyphy/pt
II/ptolemy/distributed/jini/jar/jini-core.jar:/home/travis/build/icyphy/ptII/pt
olemy/distributed/jini/jar/jini-ext.jar:/home/travis/build/icyphy/ptII/ptolemy/
distributed/jini/jar/sun-util.jar:/home/travis/build/icyphy/ptII/lib/protobuf-j
ava-2.4.1.jar:/home/travis/build/icyphy/ptII/lib/org.eclipse.paho.client.mqttv3
.jar:/home/travis/build/icyphy/ptII/lib/mapss.jar:/home/travis/build/icyphy/ptI
I/ptolemy/actor/ptalon/antlr/antlr.jar:/home/travis/build/icyphy/ptII/lib/JRI.j
ar:/home/travis/build/icyphy/ptII/lib/commons-lang-2.6.jar:/home/travis/build/i
cyphy/ptII/lib/commons-logging-1.1.1.jar:/home/travis/build/icyphy/ptII/lib/soo
tclasses.jar:/home/travis/build/icyphy/ptII/ptolemy/actor/lib/database/mysql-co
nnector-java-5.1.6-bin.jar:/home/travis/build/icyphy/ptII/vendors/misc/sphinx4/
sphinx4-data-5prealpha.jar:/home/travis/build/icyphy/ptII/vendors/misc/sphinx4/
sphinx4-core-5prealpha.jar:/home/travis/build/icyphy/ptII/lib/PDFRenderer.jar:/
home/travis/build/icyphy/ptII/lib/svgSalamander.jar:/home/travis/build/icyphy/p
tII/lib/rsyntaxtextarea-2.6.0-SNAPSHOT.jar:/home/travis/build/icyphy/ptII/lib/h
azelcast-3.8.2.jar:/home/travis/build/icyphy/ptII/lib/jackson-annotations-2.9.0
.jar:/home/travis/build/icyphy/ptII/lib/jackson-core-2.9.3.jar:/home/travis/bui
ld/icyphy/ptII/lib/jackson-databind-2.9.3.jar:/home/travis/build/icyphy/ptII/li
b/netty-buffer-4.1.19.Final.jar:/home/travis/build/icyphy/ptII/lib/netty-codec-
4.1.19.Final.jar:/home/travis/build/icyphy/ptII/lib/netty-codec-dns-4.1.19.Fina
l.jar:/home/travis/build/icyphy/ptII/lib/netty-codec-http-4.1.19.Final.jar:/hom
e/travis/build/icyphy/ptII/lib/netty-codec-http2-4.1.19.Final.jar:/home/travis/
build/icyphy/ptII/lib/netty-common-4.1.19.Final.jar:/home/travis/build/icyphy/p
tII/lib/netty-handler-4.1.19.Final.jar:/home/travis/build/icyphy/ptII/lib/netty
-resolver-4.1.19.Final.jar:/home/travis/build/icyphy/ptII/lib/netty-resolver-dn
s-4.1.19.Final.jar:/home/travis/build/icyphy/ptII/lib/netty-transport-4.1.19.Fi
nal.jar:/home/travis/build/icyphy/ptII/lib/vertx-codegen-3.5.1.jar:/home/travis
/build/icyphy/ptII/lib/vertx-core-3.5.2-SNAPSHOT.jar:/home/travis/build/icyphy/
ptII/lib/vertx-hazelcast-3.5.1.jar:/home/travis/build/icyphy/ptII/lib/vertx-lan
g-js-3.5.1.jar:/home/travis/build/icyphy/ptII/lib/vertx-service-proxy-3.5.1.jar
:/home/travis/build/icyphy/ptII/lib/vertx-web-3.5.1.jar:/home/travis/build/icyp
hy/ptII/lib/slf4j-api-1.7.13.jar:/home/travis/build/icyphy/ptII/lib/slf4j-simpl
e-1.7.13.jar:/home/travis/build/icyphy/ptII/lib/webcam-capture-0.3.12.jar:/home
/travis/build/icyphy/ptII/lib/bridj-0.7.0.jar:/home/travis/build/icyphy/ptII/li
b/xbjlib-1.1.0.nrjavaserial.jar:/home/travis/build/icyphy/ptII/ptolemy/moml/tes
t:/home/travis/build/icyphy/ptII/ant/lib/ant-launcher.jar:/home/travis/build/ic
yphy/ptII/ant/lib/ant.jar:/home/travis/build/icyphy/ptII/ant/lib/ant-junit.jar:
/home/travis/build/icyphy/ptII/ant/lib/ant-junit4.jar:/home/travis/build/icyphy
/ptII ModularCGPubSub_A1_A2_profile.java
total 1220
drwxrwxr-x   3 travis travis 12288 Jun  4 04:30 AbsoluteValue
drwxrwxr-x   3 travis travis 16384 Jun  4 04:30 Case1
drwxrwxr-x   3 travis travis 32768 Jun  4 04:30 Case2
-rw-rw-r--   1 travis travis  4895 Jun  4 04:34 CompiledCompositeActor_CompiledCompositeActor.class
-rw-rw-r--   1 travis travis  1592 Jun  4 04:34 CompiledCompositeActor_CompiledCompositeActor$_CompiledCompositeActor_CompiledCompositeActor.class
-rw-rw-r--   1 travis travis 13466 Jun  4 04:34 CompiledCompositeActor_CompiledCompositeActor.java
-rw-rw-r--   1 travis travis  1593 Jun  4 04:34 CompiledCompositeActor_CompiledCompositeActor.mk
drwxrwxr-x   3 travis travis 24576 Jun  4 04:32 DeScrambler
drwxrwxr-x   3 travis travis 16384 Jun  4 04:33 DotProduct
drwxrwxr-x   3 travis travis 12288 Jun  4 04:30 FileWriter1
drwxrwxr-x   3 travis travis 20480 Jun  4 04:29 FixToDoubleAndBack
drwxrwxr-x   3 travis travis 16384 Jun  4 04:30 Gaussian1
drwxrwxr-x   3 travis travis 20480 Jun  4 04:30 Gaussian2
-rw-rw-r--   1 travis travis  4457 Jun  4 04:34 JavaCompiledCompositeTest1_CompiledCompositeActor.class
-rw-rw-r--   1 travis travis 11637 Jun  4 04:34 JavaCompiledCompositeTest1_CompiledCompositeActor.java
-rw-rw-r--   1 travis travis  1198 Jun  4 04:34 JavaCompiledCompositeTest1_CompiledCompositeActor$_JavaCompiledCompositeTest1_CompiledCompositeActor.class
-rw-rw-r--   1 travis travis  1625 Jun  4 04:34 JavaCompiledCompositeTest1_CompiledCompositeActor.mk
-rw-rw-r--   1 travis travis  4888 Jun  4 04:34 JavaCompiledCompositeTest2_CompiledCompositeActor.class
-rw-rw-r--   1 travis travis 14919 Jun  4 04:34 JavaCompiledCompositeTest2_CompiledCompositeActor.java
-rw-rw-r--   1 travis travis  1793 Jun  4 04:34 JavaCompiledCompositeTest2_CompiledCompositeActor$_JavaCompiledCompositeTest2_CompiledCompositeActor.class
-rw-rw-r--   1 travis travis  1625 Jun  4 04:34 JavaCompiledCompositeTest2_CompiledCompositeActor.mk
-rw-rw-r--   1 travis travis  4505 Jun  4 04:34 JavaCompiledCompositeTest3_CompiledCompositeActor.class
-rw-rw-r--   1 travis travis 13080 Jun  4 04:34 JavaCompiledCompositeTest3_CompiledCompositeActor.java
-rw-rw-r--   1 travis travis  1378 Jun  4 04:34 JavaCompiledCompositeTest3_CompiledCompositeActor$_JavaCompiledCompositeTest3_CompiledCompositeActor.class
-rw-rw-r--   1 travis travis  1625 Jun  4 04:34 JavaCompiledCompositeTest3_CompiledCompositeActor.mk
-rw-rw-r--   1 travis travis  3953 Jun  4 04:34 JavaCompiledCompositeTest4_CompiledCompositeActor.class
-rw-rw-r--   1 travis travis  9687 Jun  4 04:34 JavaCompiledCompositeTest4_CompiledCompositeActor.java
-rw-rw-r--   1 travis travis   857 Jun  4 04:34 JavaCompiledCompositeTest4_CompiledCompositeActor$_JavaCompiledCompositeTest4_CompiledCompositeActor.class
-rw-rw-r--   1 travis travis  1625 Jun  4 04:34 JavaCompiledCompositeTest4_CompiledCompositeActor.mk
drwxrwxr-x   3 travis travis 12288 Jun  4 04:30 LookupTable
drwxrwxr-x   3 travis travis 20480 Jun  4 04:31 MaxIndex
-rw-rw-r--   1 travis travis  3693 Jun  4 04:34 ModularCG_A1_B1.class
-rw-rw-r--   1 travis travis  9730 Jun  4 04:34 ModularCG_A1_B1.java
-rw-rw-r--   1 travis travis   832 Jun  4 04:34 ModularCG_A1_B1.mk
-rw-rw-r--   1 travis travis  1318 Jun  4 04:34 ModularCG_A1_B1_profile.class
-rw-rw-r--   1 travis travis  1262 Jun  4 04:34 ModularCG_A1_B1_profile.java
-rw-rw-r--   1 travis travis  3693 Jun  4 04:34 ModularCG_A1_B2.class
-rw-rw-r--   1 travis travis  9730 Jun  4 04:34 ModularCG_A1_B2.java
-rw-rw-r--   1 travis travis   832 Jun  4 04:34 ModularCG_A1_B2.mk
-rw-rw-r--   1 travis travis  1318 Jun  4 04:34 ModularCG_A1_B2_profile.class
-rw-rw-r--   1 travis travis  1262 Jun  4 04:34 ModularCG_A1_B2_profile.java
-rw-rw-r--   1 travis travis  4799 Jun  4 04:34 ModularCG_A1.class
-rw-rw-r--   1 travis travis 14742 Jun  4 04:34 ModularCG_A1.java
-rw-rw-r--   1 travis travis   808 Jun  4 04:34 ModularCG_A1.mk
-rw-rw-r--   1 travis travis  1433 Jun  4 04:34 ModularCG_A1_profile.class
-rw-rw-r--   1 travis travis  1704 Jun  4 04:34 ModularCG_A1_profile.java
-rw-rw-r--   1 travis travis  3827 Jun  4 04:34 ModularCG_A2_B1.class
-rw-rw-r--   1 travis travis 10667 Jun  4 04:34 ModularCG_A2_B1.java
-rw-rw-r--   1 travis travis   832 Jun  4 04:34 ModularCG_A2_B1.mk
-rw-rw-r--   1 travis travis  1381 Jun  4 04:34 ModularCG_A2_B1_profile.class
-rw-rw-r--   1 travis travis  1446 Jun  4 04:34 ModularCG_A2_B1_profile.java
-rw-rw-r--   1 travis travis  3693 Jun  4 04:34 ModularCG_A2_B2.class
-rw-rw-r--   1 travis travis  9730 Jun  4 04:34 ModularCG_A2_B2.java
-rw-rw-r--   1 travis travis   832 Jun  4 04:34 ModularCG_A2_B2.mk
-rw-rw-r--   1 travis travis  1318 Jun  4 04:34 ModularCG_A2_B2_profile.class
-rw-rw-r--   1 travis travis  1262 Jun  4 04:34 ModularCG_A2_B2_profile.java
-rw-rw-r--   1 travis travis  4870 Jun  4 04:34 ModularCG_A2.class
-rw-rw-r--   1 travis travis 15129 Jun  4 04:34 ModularCG_A2.java
-rw-rw-r--   1 travis travis   808 Jun  4 04:34 ModularCG_A2.mk
-rw-rw-r--   1 travis travis  1433 Jun  4 04:34 ModularCG_A2_profile.class
-rw-rw-r--   1 travis travis  1704 Jun  4 04:34 ModularCG_A2_profile.java
-rw-rw-r--   1 travis travis  1222 Jun  4 04:34 ModularCGPubSub_A1_A2_profile.java
-rw-rw-r--   1 travis travis  3492 Jun  4 04:34 ModularCodeGenTest_A1_A2.class
-rw-rw-r--   1 travis travis   904 Jun  4 04:34 ModularCodeGenTest_A1_A2.mk
-rw-rw-r--   1 travis travis  1306 Jun  4 04:34 ModularCodeGenTest_A1_A2_profile.class
-rw-rw-r--   1 travis travis  3823 Jun  4 04:34 ModularCodeGenTest_A1.class
-rw-rw-r--   1 travis travis  9968 Jun  4 04:34 ModularCodeGenTest_A1.java
-rw-rw-r--   1 travis travis   880 Jun  4 04:34 ModularCodeGenTest_A1.mk
-rw-rw-r--   1 travis travis  1352 Jun  4 04:34 ModularCodeGenTest_A1_profile.class
-rw-rw-r--   1 travis travis  1394 Jun  4 04:34 ModularCodeGenTest_A1_profile.java
drwxrwxr-x   3 travis travis 36864 Jun  4 04:34 modulation2
drwxrwxr-x   3 travis travis 20480 Jun  4 04:31 Multiplexor
drwxrwxr-x 242 travis travis 12288 Jun  4 04:34 node_modules
drwxrwxr-x   3 travis travis 20480 Jun  4 04:31 PhaseUnwrap
-rw-rw-r--   1 travis travis   520 Jun  4 04:34 Repeat$_fireFunction_Repeat_Repeat$__f_sL_0.class
-rw-rw-r--   1 travis travis   522 Jun  4 04:34 Repeat$_fireFunction_Repeat_Repeat$__f_sL_10.class
-rw-rw-r--   1 travis travis   666 Jun  4 04:34 Repeat$_fireFunction_Repeat_Repeat$__f_sL_11.class
-rw-rw-r--   1 travis travis   522 Jun  4 04:34 Repeat$_fireFunction_Repeat_Repeat$__f_sL_13.class
-rw-rw-r--   1 travis travis   665 Jun  4 04:34 Repeat$_fireFunction_Repeat_Repeat$__f_sL_1.class
-rw-rw-r--   1 travis travis   520 Jun  4 04:34 Repeat$_fireFunction_Repeat_Repeat$__f_sL_2.class
-rw-rw-r--   1 travis travis   520 Jun  4 04:34 Repeat$_fireFunction_Repeat_Repeat$__f_sL_3.class
-rw-rw-r--   1 travis travis   520 Jun  4 04:34 Repeat$_fireFunction_Repeat_Repeat$__f_sL_5.class
-rw-rw-r--   1 travis travis   671 Jun  4 04:34 Repeat$_fireFunction_Repeat_Repeat$__f_sL_7.class
-rw-rw-r--   1 travis travis   520 Jun  4 04:34 Repeat$_fireFunction_Repeat_Repeat$__f_sL_9.class
-rw-rw-r--   1 travis travis   813 Jun  4 04:34 Repeat$_initialize_Repeat.class
-rw-rw-r--   1 travis travis   475 Jun  4 04:34 Repeat$_initialize_Repeat$__i_sL_0.class
-rw-rw-r--   1 travis travis   519 Jun  4 04:34 Repeat$_initialize_Repeat$__i_sL_3.class
-rw-rw-r--   1 travis travis 39778 Jun  4 04:34 Repeat.java
-rw-rw-r--   1 travis travis  1281 Jun  4 04:34 Repeat.mk
-rw-rw-r--   1 travis travis   520 Jun  4 04:34 Repeat$_preinitializeMethod_Repeat$__p_sL_0.class
-rw-rw-r--   1 travis travis   520 Jun  4 04:34 Repeat$_preinitializeMethod_Repeat$__p_sL_1.class
-rw-rw-r--   1 travis travis  1083 Jun  4 04:34 Repeat$_Repeat$_fireFunction_Repeat_AddSubtract_Repeat.class
-rw-rw-r--   1 travis travis   791 Jun  4 04:34 Repeat$_Repeat$_fireFunction_Repeat_AddSubtract_Repeat$__f_sL_0.class
-rw-rw-r--   1 travis travis   909 Jun  4 04:34 Repeat$_Repeat$_fireFunction_Repeat_AddSubtract_Repeat$__f_sL_1.class
-rw-rw-r--   1 travis travis   915 Jun  4 04:34 Repeat$_Repeat$_fireFunction_Repeat_AddSubtract_Repeat$__f_sL_2.class
-rw-rw-r--   1 travis travis   838 Jun  4 04:34 Repeat$_Repeat$_fireFunction_Repeat_Ramp2_Repeat$__f_sL_1.class
-rw-rw-r--   1 travis travis  1785 Jun  4 04:34 Repeat$_Repeat$_fireFunction_Repeat_Test_Repeat$__f_sL_2.class
-rw-rw-r--   1 travis travis   685 Jun  4 04:34 Repeat$_Repeat_SDF_Director_run_Repeat$__R_sL_0.class
-rw-rw-r--   1 travis travis   540 Jun  4 04:34 Repeat$_Repeat_SDF_Director_run_Repeat$__R_sL_1.class
-rw-rw-r--   1 travis travis   540 Jun  4 04:34 Repeat$_Repeat_SDF_Director_run_Repeat$__R_sL_2.class
-rw-rw-r--   1 travis travis   540 Jun  4 04:34 Repeat$_Repeat_SDF_Director_run_Repeat$__R_sL_4.class
-rw-rw-r--   1 travis travis   540 Jun  4 04:34 Repeat$_Repeat_SDF_Director_run_Repeat$__R_sL_5.class
-rw-rw-r--   1 travis travis   691 Jun  4 04:34 Repeat$_Repeat_SDF_Director_run_Repeat$__R_sL_6.class
-rw-rw-r--   1 travis travis   540 Jun  4 04:34 Repeat$_Repeat_SDF_Director_run_Repeat$__R_sL_7.class
-rw-rw-r--   1 travis travis   863 Jun  4 04:34 Repeat$_varinit_Repeat.class
-rw-rw-r--   1 travis travis   530 Jun  4 04:34 Repeat$_varinit_Repeat$__v_sL_1.class
-rw-rw-r--   1 travis travis   531 Jun  4 04:34 Repeat$_varinit_Repeat$__v_sL_2.class
-rw-rw-r--   1 travis travis   905 Jun  4 04:34 Repeat$_varinit_Repeat$__v_sL_4.class
-rw-rw-r--   1 travis travis   635 Jun  4 04:34 Repeat$_wrapup_Repeat.class
-rw-rw-r--   1 travis travis   965 Jun  4 04:34 Repeat$_wrapup_Repeat$__w_sL_1.class
-rw-rw-r--   1 travis travis   289 Jun  4 04:29 result.csv
drwxrwxr-x   3 travis travis 12288 Jun  4 04:32 Scrambler1
drwxrwxr-x   3 travis travis 20480 Jun  4 04:31 Sinewave2
drwxrwxr-x   3 travis travis 69632 Jun  4 04:32 StringCompare
drwxrwxr-x   3 travis travis 32768 Jun  4 04:32 StringFunction
drwxrwxr-x   3 travis travis 12288 Jun  4 04:32 StringLength
drwxrwxr-x   3 travis travis 57344 Jun  4 04:33 StringSimpleReplace
drwxrwxr-x   3 travis travis 12288 Jun  4 04:33 time2
drwxrwxr-x   3 travis travis 12288 Jun  4 04:34 time5
-rw-rw-r--   1 travis travis   432 Jun  4 04:34 Token.class
-rw-rw-r--   1 travis travis   251 Jun  4 04:34 Token.java
-rw-rw-r--   1 travis travis     0 Jun  4 04:34 top.
-rw-rw-r--   1 travis travis 20502 Jun  4 04:29 top.c
-rw-rw-r--   1 travis travis  3567 Jun  4 04:34 top.class
-rw-rw-r--   1 travis travis   169 Jun  4 04:29 top.html
-rw-rw-r--   1 travis travis  7552 Jun  4 04:34 top.java
-rw-rw-r--   1 travis travis 38888 Jun  4 04:29 top.o
drwxrwxr-x   3 travis travis 57344 Jun  4 04:31 UnaryMathFunction
All Done
Writing ModularCGPubSub_A1_A2.java in file:/home/travis/cg/ (9076 characters)
Reading "ptolemy/cg/kernel/generic/program/procedural/java/modular/makefile.in",
    writing "/home/travis/cg/ModularCGPubSub_A1_A2.mk"
Using ptolemy/cg/kernel/generic/program/procedural/java/modular/makefile.in
In "/home/travis/cg", about to execute:
    make -f ModularCGPubSub_A1_A2.mk
javac -classpath ".:.."    ModularCGPubSub_A1_A2.java
All Done
In "/home/travis/cg", about to execute:
    pwd
/home/travis/cg
In "/home/travis/cg", about to execute:
    ls -l
total 1248
drwxrwxr-x   3 travis travis 12288 Jun  4 04:30 AbsoluteValue
drwxrwxr-x   3 travis travis 16384 Jun  4 04:30 Case1
drwxrwxr-x   3 travis travis 32768 Jun  4 04:30 Case2
-rw-rw-r--   1 travis travis  4895 Jun  4 04:34 CompiledCompositeActor_CompiledCompositeActor.class
-rw-rw-r--   1 travis travis  1592 Jun  4 04:34 CompiledCompositeActor_CompiledCompositeActor$_CompiledCompositeActor_CompiledCompositeActor.class
-rw-rw-r--   1 travis travis 13466 Jun  4 04:34 CompiledCompositeActor_CompiledCompositeActor.java
-rw-rw-r--   1 travis travis  1593 Jun  4 04:34 CompiledCompositeActor_CompiledCompositeActor.mk
drwxrwxr-x   3 travis travis 24576 Jun  4 04:32 DeScrambler
drwxrwxr-x   3 travis travis 16384 Jun  4 04:33 DotProduct
drwxrwxr-x   3 travis travis 12288 Jun  4 04:30 FileWriter1
drwxrwxr-x   3 travis travis 20480 Jun  4 04:29 FixToDoubleAndBack
drwxrwxr-x   3 travis travis 16384 Jun  4 04:30 Gaussian1
drwxrwxr-x   3 travis travis 20480 Jun  4 04:30 Gaussian2
-rw-rw-r--   1 travis travis  4457 Jun  4 04:34 JavaCompiledCompositeTest1_CompiledCompositeActor.class
-rw-rw-r--   1 travis travis 11637 Jun  4 04:34 JavaCompiledCompositeTest1_CompiledCompositeActor.java
-rw-rw-r--   1 travis travis  1198 Jun  4 04:34 JavaCompiledCompositeTest1_CompiledCompositeActor$_JavaCompiledCompositeTest1_CompiledCompositeActor.class
-rw-rw-r--   1 travis travis  1625 Jun  4 04:34 JavaCompiledCompositeTest1_CompiledCompositeActor.mk
-rw-rw-r--   1 travis travis  4888 Jun  4 04:34 JavaCompiledCompositeTest2_CompiledCompositeActor.class
-rw-rw-r--   1 travis travis 14919 Jun  4 04:34 JavaCompiledCompositeTest2_CompiledCompositeActor.java
-rw-rw-r--   1 travis travis  1793 Jun  4 04:34 JavaCompiledCompositeTest2_CompiledCompositeActor$_JavaCompiledCompositeTest2_CompiledCompositeActor.class
-rw-rw-r--   1 travis travis  1625 Jun  4 04:34 JavaCompiledCompositeTest2_CompiledCompositeActor.mk
-rw-rw-r--   1 travis travis  4505 Jun  4 04:34 JavaCompiledCompositeTest3_CompiledCompositeActor.class
-rw-rw-r--   1 travis travis 13080 Jun  4 04:34 JavaCompiledCompositeTest3_CompiledCompositeActor.java
-rw-rw-r--   1 travis travis  1378 Jun  4 04:34 JavaCompiledCompositeTest3_CompiledCompositeActor$_JavaCompiledCompositeTest3_CompiledCompositeActor.class
-rw-rw-r--   1 travis travis  1625 Jun  4 04:34 JavaCompiledCompositeTest3_CompiledCompositeActor.mk
-rw-rw-r--   1 travis travis  3953 Jun  4 04:34 JavaCompiledCompositeTest4_CompiledCompositeActor.class
-rw-rw-r--   1 travis travis  9687 Jun  4 04:34 JavaCompiledCompositeTest4_CompiledCompositeActor.java
-rw-rw-r--   1 travis travis   857 Jun  4 04:34 JavaCompiledCompositeTest4_CompiledCompositeActor$_JavaCompiledCompositeTest4_CompiledCompositeActor.class
-rw-rw-r--   1 travis travis  1625 Jun  4 04:34 JavaCompiledCompositeTest4_CompiledCompositeActor.mk
drwxrwxr-x   3 travis travis 12288 Jun  4 04:30 LookupTable
drwxrwxr-x   3 travis travis 20480 Jun  4 04:31 MaxIndex
-rw-rw-r--   1 travis travis  3693 Jun  4 04:34 ModularCG_A1_B1.class
-rw-rw-r--   1 travis travis  9730 Jun  4 04:34 ModularCG_A1_B1.java
-rw-rw-r--   1 travis travis   832 Jun  4 04:34 ModularCG_A1_B1.mk
-rw-rw-r--   1 travis travis  1318 Jun  4 04:34 ModularCG_A1_B1_profile.class
-rw-rw-r--   1 travis travis  1262 Jun  4 04:34 ModularCG_A1_B1_profile.java
-rw-rw-r--   1 travis travis  3693 Jun  4 04:34 ModularCG_A1_B2.class
-rw-rw-r--   1 travis travis  9730 Jun  4 04:34 ModularCG_A1_B2.java
-rw-rw-r--   1 travis travis   832 Jun  4 04:34 ModularCG_A1_B2.mk
-rw-rw-r--   1 travis travis  1318 Jun  4 04:34 ModularCG_A1_B2_profile.class
-rw-rw-r--   1 travis travis  1262 Jun  4 04:34 ModularCG_A1_B2_profile.java
-rw-rw-r--   1 travis travis  4799 Jun  4 04:34 ModularCG_A1.class
-rw-rw-r--   1 travis travis 14742 Jun  4 04:34 ModularCG_A1.java
-rw-rw-r--   1 travis travis   808 Jun  4 04:34 ModularCG_A1.mk
-rw-rw-r--   1 travis travis  1433 Jun  4 04:34 ModularCG_A1_profile.class
-rw-rw-r--   1 travis travis  1704 Jun  4 04:34 ModularCG_A1_profile.java
-rw-rw-r--   1 travis travis  3827 Jun  4 04:34 ModularCG_A2_B1.class
-rw-rw-r--   1 travis travis 10667 Jun  4 04:34 ModularCG_A2_B1.java
-rw-rw-r--   1 travis travis   832 Jun  4 04:34 ModularCG_A2_B1.mk
-rw-rw-r--   1 travis travis  1381 Jun  4 04:34 ModularCG_A2_B1_profile.class
-rw-rw-r--   1 travis travis  1446 Jun  4 04:34 ModularCG_A2_B1_profile.java
-rw-rw-r--   1 travis travis  3693 Jun  4 04:34 ModularCG_A2_B2.class
-rw-rw-r--   1 travis travis  9730 Jun  4 04:34 ModularCG_A2_B2.java
-rw-rw-r--   1 travis travis   832 Jun  4 04:34 ModularCG_A2_B2.mk
-rw-rw-r--   1 travis travis  1318 Jun  4 04:34 ModularCG_A2_B2_profile.class
-rw-rw-r--   1 travis travis  1262 Jun  4 04:34 ModularCG_A2_B2_profile.java
-rw-rw-r--   1 travis travis  4870 Jun  4 04:34 ModularCG_A2.class
-rw-rw-r--   1 travis travis 15129 Jun  4 04:34 ModularCG_A2.java
-rw-rw-r--   1 travis travis   808 Jun  4 04:34 ModularCG_A2.mk
-rw-rw-r--   1 travis travis  1433 Jun  4 04:34 ModularCG_A2_profile.class
-rw-rw-r--   1 travis travis  1704 Jun  4 04:34 ModularCG_A2_profile.java
-rw-rw-r--   1 travis travis  3473 Jun  4 04:34 ModularCGPubSub_A1_A2.class
-rw-rw-r--   1 travis travis  9076 Jun  4 04:34 ModularCGPubSub_A1_A2.java
-rw-rw-r--   1 travis travis   880 Jun  4 04:34 ModularCGPubSub_A1_A2.mk
-rw-rw-r--   1 travis travis  1300 Jun  4 04:34 ModularCGPubSub_A1_A2_profile.class
-rw-rw-r--   1 travis travis  1222 Jun  4 04:34 ModularCGPubSub_A1_A2_profile.java
-rw-rw-r--   1 travis travis  1388 Jun  4 04:34 ModularCGPubSub_A1_profile.java
-rw-rw-r--   1 travis travis  3492 Jun  4 04:34 ModularCodeGenTest_A1_A2.class
-rw-rw-r--   1 travis travis   904 Jun  4 04:34 ModularCodeGenTest_A1_A2.mk
-rw-rw-r--   1 travis travis  1306 Jun  4 04:34 ModularCodeGenTest_A1_A2_profile.class
-rw-rw-r--   1 travis travis  3823 Jun  4 04:34 ModularCodeGenTest_A1.class
-rw-rw-r--   1 travis travis  9968 Jun  4 04:34 ModularCodeGenTest_A1.java
-rw-rw-r--   1 travis travis   880 Jun  4 04:34 ModularCodeGenTest_A1.mk
-rw-rw-r--   1 travis travis  1352 Jun  4 04:34 ModularCodeGenTest_A1_profile.class
-rw-rw-r--   1 travis travis  1394 Jun  4 04:34 ModularCodeGenTest_A1_profile.java
drwxrwxr-x   3 travis travis 36864 Jun  4 04:34 modulation2
drwxrwxr-x   3 travis travis 20480 Jun  4 04:31 Multiplexor
drwxrwxr-x 242 travis travis 12288 Jun  4 04:34 node_modules
drwxrwxr-x   3 travis travis 20480 Jun  4 04:31 PhaseUnwrap
-rw-rw-r--   1 travis travis   520 Jun  4 04:34 Repeat$_fireFunction_Repeat_Repeat$__f_sL_0.class
-rw-rw-r--   1 travis travis   522 Jun  4 04:34 Repeat$_fireFunction_Repeat_Repeat$__f_sL_10.class
-rw-rw-r--   1 travis travis   666 Jun  4 04:34 Repeat$_fireFunction_Repeat_Repeat$__f_sL_11.class
-rw-rw-r--   1 travis travis   522 Jun  4 04:34 Repeat$_fireFunction_Repeat_Repeat$__f_sL_13.class
-rw-rw-r--   1 travis travis   665 Jun  4 04:34 Repeat$_fireFunction_Repeat_Repeat$__f_sL_1.class
-rw-rw-r--   1 travis travis   520 Jun  4 04:34 Repeat$_fireFunction_Repeat_Repeat$__f_sL_2.class
-rw-rw-r--   1 travis travis   520 Jun  4 04:34 Repeat$_fireFunction_Repeat_Repeat$__f_sL_3.class
-rw-rw-r--   1 travis travis   520 Jun  4 04:34 Repeat$_fireFunction_Repeat_Repeat$__f_sL_5.class
-rw-rw-r--   1 travis travis   671 Jun  4 04:34 Repeat$_fireFunction_Repeat_Repeat$__f_sL_7.class
-rw-rw-r--   1 travis travis   520 Jun  4 04:34 Repeat$_fireFunction_Repeat_Repeat$__f_sL_9.class
-rw-rw-r--   1 travis travis   813 Jun  4 04:34 Repeat$_initialize_Repeat.class
-rw-rw-r--   1 travis travis   475 Jun  4 04:34 Repeat$_initialize_Repeat$__i_sL_0.class
-rw-rw-r--   1 travis travis   519 Jun  4 04:34 Repeat$_initialize_Repeat$__i_sL_3.class
-rw-rw-r--   1 travis travis 39778 Jun  4 04:34 Repeat.java
-rw-rw-r--   1 travis travis  1281 Jun  4 04:34 Repeat.mk
-rw-rw-r--   1 travis travis   520 Jun  4 04:34 Repeat$_preinitializeMethod_Repeat$__p_sL_0.class
-rw-rw-r--   1 travis travis   520 Jun  4 04:34 Repeat$_preinitializeMethod_Repeat$__p_sL_1.class
-rw-rw-r--   1 travis travis  1083 Jun  4 04:34 Repeat$_Repeat$_fireFunction_Repeat_AddSubtract_Repeat.class
-rw-rw-r--   1 travis travis   791 Jun  4 04:34 Repeat$_Repeat$_fireFunction_Repeat_AddSubtract_Repeat$__f_sL_0.class
-rw-rw-r--   1 travis travis   909 Jun  4 04:34 Repeat$_Repeat$_fireFunction_Repeat_AddSubtract_Repeat$__f_sL_1.class
-rw-rw-r--   1 travis travis   915 Jun  4 04:34 Repeat$_Repeat$_fireFunction_Repeat_AddSubtract_Repeat$__f_sL_2.class
-rw-rw-r--   1 travis travis   838 Jun  4 04:34 Repeat$_Repeat$_fireFunction_Repeat_Ramp2_Repeat$__f_sL_1.class
-rw-rw-r--   1 travis travis  1785 Jun  4 04:34 Repeat$_Repeat$_fireFunction_Repeat_Test_Repeat$__f_sL_2.class
-rw-rw-r--   1 travis travis   685 Jun  4 04:34 Repeat$_Repeat_SDF_Director_run_Repeat$__R_sL_0.class
-rw-rw-r--   1 travis travis   540 Jun  4 04:34 Repeat$_Repeat_SDF_Director_run_Repeat$__R_sL_1.class
-rw-rw-r--   1 travis travis   540 Jun  4 04:34 Repeat$_Repeat_SDF_Director_run_Repeat$__R_sL_2.class
-rw-rw-r--   1 travis travis   540 Jun  4 04:34 Repeat$_Repeat_SDF_Director_run_Repeat$__R_sL_4.class
In "/home/travis/cg", about to execute:
-rw-rw-r--   1 travis travis   540 Jun  4 04:34 Repeat$_Repeat_SDF_Director_run_Repeat$__R_sL_5.class
-rw-rw-r--   1 travis travis   691 Jun  4 04:34 Repeat$_Repeat_SDF_Director_run_Repeat$__R_sL_6.class
-rw-rw-r--   1 travis travis   540 Jun  4 04:34 Repeat$_Repeat_SDF_Director_run_Repeat$__R_sL_7.class
-rw-rw-r--   1 travis travis   863 Jun  4 04:34 Repeat$_varinit_Repeat.class
-rw-rw-r--   1 travis travis   530 Jun  4 04:34 Repeat$_varinit_Repeat$__v_sL_1.class
-rw-rw-r--   1 travis travis   531 Jun  4 04:34 Repeat$_varinit_Repeat$__v_sL_2.class
-rw-rw-r--   1 travis travis   905 Jun  4 04:34 Repeat$_varinit_Repeat$__v_sL_4.class
-rw-rw-r--   1 travis travis   635 Jun  4 04:34 Repeat$_wrapup_Repeat.class
-rw-rw-r--   1 travis travis   965 Jun  4 04:34 Repeat$_wrapup_Repeat$__w_sL_1.class
-rw-rw-r--   1 travis travis   289 Jun  4 04:29 result.csv
drwxrwxr-x   3 travis travis 12288 Jun  4 04:32 Scrambler1
drwxrwxr-x   3 travis travis 20480 Jun  4 04:31 Sinewave2
drwxrwxr-x   3 travis travis 69632 Jun  4 04:32 StringCompare
drwxrwxr-x   3 travis travis 32768 Jun  4 04:32 StringFunction
drwxrwxr-x   3 travis travis 12288 Jun  4 04:32 StringLength
drwxrwxr-x   3 travis travis 57344 Jun  4 04:33 StringSimpleReplace
drwxrwxr-x   3 travis travis 12288 Jun  4 04:33 time2
drwxrwxr-x   3 travis travis 12288 Jun  4 04:34 time5
-rw-rw-r--   1 travis travis   432 Jun  4 04:34 Token.class
-rw-rw-r--   1 travis travis   251 Jun  4 04:34 Token.java
-rw-rw-r--   1 travis travis     0 Jun  4 04:34 top.
-rw-rw-r--   1 travis travis 20502 Jun  4 04:29 top.c
-rw-rw-r--   1 travis travis  3567 Jun  4 04:34 top.class
-rw-rw-r--   1 travis travis   169 Jun  4 04:29 top.html
-rw-rw-r--   1 travis travis  7552 Jun  4 04:34 top.java
-rw-rw-r--   1 travis travis 38888 Jun  4 04:29 top.o
drwxrwxr-x   3 travis travis 57344 Jun  4 04:31 UnaryMathFunction
    javac -classpath
.:/home/travis/build/icyphy/ptII:/home/travis/build/icyphy/ptII/lib/bsh-2.0b4.j
ar:/home/travis/build/icyphy/ptII/lib/ptCal.jar:/home/travis/build/icyphy/ptII/
lib/java_cup.jar:/home/travis/build/icyphy/ptII/lib/saxon8.jar:/home/travis/bui
ld/icyphy/ptII/lib/saxon8-dom.jar:/home/travis/build/icyphy/ptII/lib/chic.jar:/
home/travis/build/icyphy/ptII/lib/ptcolt.jar:/usr/lib/jvm/java-8-oracle/lib/too
ls.jar:/home/travis/build/icyphy/ptII/vendors/misc/itext/iText.jar:/home/travis
/build/icyphy/ptII/lib/g4ltl.jar:/home/travis/build/icyphy/ptII/lib/StructuralC
oder.jar:/home/travis/build/icyphy/ptII/vendors/jai-1_1_2_01/lib/jai_core.jar:/
home/travis/build/icyphy/ptII/vendors/jai-1_1_2_01/lib/jai_codec.jar:/home/trav
is/build/icyphy/ptII/lib/jcerti.jar:/home/travis/build/icyphy/ptII/lib/javax.ma
il.jar:/home/travis/build/icyphy/ptII/vendors/JMF-2.1.1e/lib/jmf.jar:/home/trav
is/build/icyphy/ptII/lib/jna-4.0.0-variadic.jar:/home/travis/build/icyphy/ptII/
vendors/misc/joystick/Joystick.jar:/home/travis/build/icyphy/ptII/lib/ptjacl.ja
r:/home/travis/build/icyphy/ptII/lib/jsoup-1.8.2.jar:/home/travis/build/icyphy/
ptII/lib/junit-4.8.2.jar:/home/travis/build/icyphy/ptII/lib/JUnitParams-0.4.0.j
ar:/home/travis/build/icyphy/ptII/ptolemy/actor/lib/excel/jxl.jar:/home/travis/
build/icyphy/ptII/lib/jython.jar:/home/travis/build/icyphy/ptII/lib/kieler.jar:
/home/travis/build/icyphy/ptII/vendors/opencv/share/OpenCV/java/opencv-341.jar:
/home/travis/build/icyphy/ptII/lib/oscP5.jar:/home/travis/build/icyphy/ptII/lib
/nrjavaserial-3.11.0.devel.jar:/home/travis/build/icyphy/ptII/vendors/j3d/lib/j
3dcore.jar:/home/travis/build/icyphy/ptII/vendors/j3d/lib/j3dutils.jar:/home/tr
avis/build/icyphy/ptII/vendors/j3d/lib/vecmath.jar:/home/travis/build/icyphy/pt
II/ptolemy/distributed/jini/jar/jini-core.jar:/home/travis/build/icyphy/ptII/pt
olemy/distributed/jini/jar/jini-ext.jar:/home/travis/build/icyphy/ptII/ptolemy/
distributed/jini/jar/sun-util.jar:/home/travis/build/icyphy/ptII/lib/protobuf-j
ava-2.4.1.jar:/home/travis/build/icyphy/ptII/lib/org.eclipse.paho.client.mqttv3
.jar:/home/travis/build/icyphy/ptII/lib/mapss.jar:/home/travis/build/icyphy/ptI
I/ptolemy/actor/ptalon/antlr/antlr.jar:/home/travis/build/icyphy/ptII/lib/JRI.j
ar:/home/travis/build/icyphy/ptII/lib/commons-lang-2.6.jar:/home/travis/build/i
cyphy/ptII/lib/commons-logging-1.1.1.jar:/home/travis/build/icyphy/ptII/lib/soo
tclasses.jar:/home/travis/build/icyphy/ptII/ptolemy/actor/lib/database/mysql-co
nnector-java-5.1.6-bin.jar:/home/travis/build/icyphy/ptII/vendors/misc/sphinx4/
sphinx4-data-5prealpha.jar:/home/travis/build/icyphy/ptII/vendors/misc/sphinx4/
sphinx4-core-5prealpha.jar:/home/travis/build/icyphy/ptII/lib/PDFRenderer.jar:/
home/travis/build/icyphy/ptII/lib/svgSalamander.jar:/home/travis/build/icyphy/p
tII/lib/rsyntaxtextarea-2.6.0-SNAPSHOT.jar:/home/travis/build/icyphy/ptII/lib/h
azelcast-3.8.2.jar:/home/travis/build/icyphy/ptII/lib/jackson-annotations-2.9.0
.jar:/home/travis/build/icyphy/ptII/lib/jackson-core-2.9.3.jar:/home/travis/bui
ld/icyphy/ptII/lib/jackson-databind-2.9.3.jar:/home/travis/build/icyphy/ptII/li
b/netty-buffer-4.1.19.Final.jar:/home/travis/build/icyphy/ptII/lib/netty-codec-
4.1.19.Final.jar:/home/travis/build/icyphy/ptII/lib/netty-codec-dns-4.1.19.Fina
l.jar:/home/travis/build/icyphy/ptII/lib/netty-codec-http-4.1.19.Final.jar:/hom
e/travis/build/icyphy/ptII/lib/netty-codec-http2-4.1.19.Final.jar:/home/travis/
build/icyphy/ptII/lib/netty-common-4.1.19.Final.jar:/home/travis/build/icyphy/p
tII/lib/netty-handler-4.1.19.Final.jar:/home/travis/build/icyphy/ptII/lib/netty
-resolver-4.1.19.Final.jar:/home/travis/build/icyphy/ptII/lib/netty-resolver-dn
s-4.1.19.Final.jar:/home/travis/build/icyphy/ptII/lib/netty-transport-4.1.19.Fi
nal.jar:/home/travis/build/icyphy/ptII/lib/vertx-codegen-3.5.1.jar:/home/travis
/build/icyphy/ptII/lib/vertx-core-3.5.2-SNAPSHOT.jar:/home/travis/build/icyphy/
ptII/lib/vertx-hazelcast-3.5.1.jar:/home/travis/build/icyphy/ptII/lib/vertx-lan
g-js-3.5.1.jar:/home/travis/build/icyphy/ptII/lib/vertx-service-proxy-3.5.1.jar
:/home/travis/build/icyphy/ptII/lib/vertx-web-3.5.1.jar:/home/travis/build/icyp
hy/ptII/lib/slf4j-api-1.7.13.jar:/home/travis/build/icyphy/ptII/lib/slf4j-simpl
e-1.7.13.jar:/home/travis/build/icyphy/ptII/lib/webcam-capture-0.3.12.jar:/home
/travis/build/icyphy/ptII/lib/bridj-0.7.0.jar:/home/travis/build/icyphy/ptII/li
b/xbjlib-1.1.0.nrjavaserial.jar:/home/travis/build/icyphy/ptII/ptolemy/moml/tes
t:/home/travis/build/icyphy/ptII/ant/lib/ant-launcher.jar:/home/travis/build/ic
yphy/ptII/ant/lib/ant.jar:/home/travis/build/icyphy/ptII/ant/lib/ant-junit.jar:
/home/travis/build/icyphy/ptII/ant/lib/ant-junit4.jar:/home/travis/build/icyphy
/ptII ModularCGPubSub_A1_profile.java
All Done
Writing ModularCGPubSub_A1.java in file:/home/travis/cg/ (9836 characters)
Reading "ptolemy/cg/kernel/generic/program/procedural/java/modular/makefile.in",
    writing "/home/travis/cg/ModularCGPubSub_A1.mk"
Using ptolemy/cg/kernel/generic/program/procedural/java/modular/makefile.in
In "/home/travis/cg", about to execute:
    make -f ModularCGPubSub_A1.mk
javac -classpath ".:.."    ModularCGPubSub_A1.java
All Done
4409 ms. Memory: 295936K Free: 269695K (91%)
----------------- Invoking toplevel() on ptolemy.moml.MoMLSimpleApplication@34be9c9d
----------------- Done invoking toplevel() on ptolemy.moml.MoMLSimpleApplication@34be9c9d
reloadAllAccessors: .ModularCGPubSub

===========================================================================================
----------------- testing Tue Jun 04 04:34:51 UTC 2019 /home/travis/build/icyphy/ptII/ptolemy/cg/lib/test/auto/ModularCodeGen.xml
----------------- Instantiating /home/travis/build/icyphy/ptII/ptolemy/cg/lib/test/auto/ModularCodeGen.xml
In "/home/travis/cg", about to execute:
    pwd
In "/home/travis/cg", about to execute:
    ls -l
/home/travis/cg
In "/home/travis/cg", about to execute:
    javac -classpath
.:/home/travis/build/icyphy/ptII:/home/travis/build/icyphy/ptII/lib/bsh-2.0b4.j
ar:/home/travis/build/icyphy/ptII/lib/ptCal.jar:/home/travis/build/icyphy/ptII/
lib/java_cup.jar:/home/travis/build/icyphy/ptII/lib/saxon8.jar:/home/travis/bui
ld/icyphy/ptII/lib/saxon8-dom.jar:/home/travis/build/icyphy/ptII/lib/chic.jar:/
home/travis/build/icyphy/ptII/lib/ptcolt.jar:/usr/lib/jvm/java-8-oracle/lib/too
ls.jar:/home/travis/build/icyphy/ptII/vendors/misc/itext/iText.jar:/home/travis
/build/icyphy/ptII/lib/g4ltl.jar:/home/travis/build/icyphy/ptII/lib/StructuralC
oder.jar:/home/travis/build/icyphy/ptII/vendors/jai-1_1_2_01/lib/jai_core.jar:/
home/travis/build/icyphy/ptII/vendors/jai-1_1_2_01/lib/jai_codec.jar:/home/trav
is/build/icyphy/ptII/lib/jcerti.jar:/home/travis/build/icyphy/ptII/lib/javax.ma
il.jar:/home/travis/build/icyphy/ptII/vendors/JMF-2.1.1e/lib/jmf.jar:/home/trav
is/build/icyphy/ptII/lib/jna-4.0.0-variadic.jar:/home/travis/build/icyphy/ptII/
vendors/misc/joystick/Joystick.jar:/home/travis/build/icyphy/ptII/lib/ptjacl.ja
r:/home/travis/build/icyphy/ptII/lib/jsoup-1.8.2.jar:/home/travis/build/icyphy/
ptII/lib/junit-4.8.2.jar:/home/travis/build/icyphy/ptII/lib/JUnitParams-0.4.0.j
ar:/home/travis/build/icyphy/ptII/ptolemy/actor/lib/excel/jxl.jar:/home/travis/
build/icyphy/ptII/lib/jython.jar:/home/travis/build/icyphy/ptII/lib/kieler.jar:
/home/travis/build/icyphy/ptII/vendors/opencv/share/OpenCV/java/opencv-341.jar:
/home/travis/build/icyphy/ptII/lib/oscP5.jar:/home/travis/build/icyphy/ptII/lib
/nrjavaserial-3.11.0.devel.jar:/home/travis/build/icyphy/ptII/vendors/j3d/lib/j
3dcore.jar:/home/travis/build/icyphy/ptII/vendors/j3d/lib/j3dutils.jar:/home/tr
avis/build/icyphy/ptII/vendors/j3d/lib/vecmath.jar:/home/travis/build/icyphy/pt
II/ptolemy/distributed/jini/jar/jini-core.jar:/home/travis/build/icyphy/ptII/pt
olemy/distributed/jini/jar/jini-ext.jar:/home/travis/build/icyphy/ptII/ptolemy/
distributed/jini/jar/sun-util.jar:/home/travis/build/icyphy/ptII/lib/protobuf-j
ava-2.4.1.jar:/home/travis/build/icyphy/ptII/lib/org.eclipse.paho.client.mqttv3
.jar:/home/travis/build/icyphy/ptII/lib/mapss.jar:/home/travis/build/icyphy/ptI
I/ptolemy/actor/ptalon/antlr/antlr.jar:/home/travis/build/icyphy/ptII/lib/JRI.j
ar:/home/travis/build/icyphy/ptII/lib/commons-lang-2.6.jar:/home/travis/build/i
cyphy/ptII/lib/commons-logging-1.1.1.jar:/home/travis/build/icyphy/ptII/lib/soo
tclasses.jar:/home/travis/build/icyphy/ptII/ptolemy/actor/lib/database/mysql-co
nnector-java-5.1.6-bin.jar:/home/travis/build/icyphy/ptII/vendors/misc/sphinx4/
sphinx4-data-5prealpha.jar:/home/travis/build/icyphy/ptII/vendors/misc/sphinx4/
sphinx4-core-5prealpha.jar:/home/travis/build/icyphy/ptII/lib/PDFRenderer.jar:/
home/travis/build/icyphy/ptII/lib/svgSalamander.jar:/home/travis/build/icyphy/p
tII/lib/rsyntaxtextarea-2.6.0-SNAPSHOT.jar:/home/travis/build/icyphy/ptII/lib/h
azelcast-3.8.2.jar:/home/travis/build/icyphy/ptII/lib/jackson-annotations-2.9.0
.jar:/home/travis/build/icyphy/ptII/lib/jackson-core-2.9.3.jar:/home/travis/bui
ld/icyphy/ptII/lib/jackson-databind-2.9.3.jar:/home/travis/build/icyphy/ptII/li
b/netty-buffer-4.1.19.Final.jar:/home/travis/build/icyphy/ptII/lib/netty-codec-
4.1.19.Final.jar:/home/travis/build/icyphy/ptII/lib/netty-codec-dns-4.1.19.Fina
l.jar:/home/travis/build/icyphy/ptII/lib/netty-codec-http-4.1.19.Final.jar:/hom
e/travis/build/icyphy/ptII/lib/netty-codec-http2-4.1.19.Final.jar:/home/travis/
build/icyphy/ptII/lib/netty-common-4.1.19.Final.jar:/home/travis/build/icyphy/p
tII/lib/netty-handler-4.1.19.Final.jar:/home/travis/build/icyphy/ptII/lib/netty
-resolver-4.1.19.Final.jar:/home/travis/build/icyphy/ptII/lib/netty-resolver-dn
s-4.1.19.Final.jar:/home/travis/build/icyphy/ptII/lib/netty-transport-4.1.19.Fi
nal.jar:/home/travis/build/icyphy/ptII/lib/vertx-codegen-3.5.1.jar:/home/travis
/build/icyphy/ptII/lib/vertx-core-3.5.2-SNAPSHOT.jar:/home/travis/build/icyphy/
ptII/lib/vertx-hazelcast-3.5.1.jar:/home/travis/build/icyphy/ptII/lib/vertx-lan
g-js-3.5.1.jar:/home/travis/build/icyphy/ptII/lib/vertx-service-proxy-3.5.1.jar
:/home/travis/build/icyphy/ptII/lib/vertx-web-3.5.1.jar:/home/travis/build/icyp
hy/ptII/lib/slf4j-api-1.7.13.jar:/home/travis/build/icyphy/ptII/lib/slf4j-simpl
e-1.7.13.jar:/home/travis/build/icyphy/ptII/lib/webcam-capture-0.3.12.jar:/home
/travis/build/icyphy/ptII/lib/bridj-0.7.0.jar:/home/travis/build/icyphy/ptII/li
b/xbjlib-1.1.0.nrjavaserial.jar:/home/travis/build/icyphy/ptII/ptolemy/moml/tes
t:/home/travis/build/icyphy/ptII/ant/lib/ant-launcher.jar:/home/travis/build/ic
yphy/ptII/ant/lib/ant.jar:/home/travis/build/icyphy/ptII/ant/lib/ant-junit.jar:
/home/travis/build/icyphy/ptII/ant/lib/ant-junit4.jar:/home/travis/build/icyphy
/ptII ModularCodeGen_ModularCodeGenTypedCompositeActor_profile.java
total 1276
drwxrwxr-x   3 travis travis 12288 Jun  4 04:30 AbsoluteValue
drwxrwxr-x   3 travis travis 16384 Jun  4 04:30 Case1
drwxrwxr-x   3 travis travis 32768 Jun  4 04:30 Case2
-rw-rw-r--   1 travis travis  4895 Jun  4 04:34 CompiledCompositeActor_CompiledCompositeActor.class
-rw-rw-r--   1 travis travis  1592 Jun  4 04:34 CompiledCompositeActor_CompiledCompositeActor$_CompiledCompositeActor_CompiledCompositeActor.class
-rw-rw-r--   1 travis travis 13466 Jun  4 04:34 CompiledCompositeActor_CompiledCompositeActor.java
-rw-rw-r--   1 travis travis  1593 Jun  4 04:34 CompiledCompositeActor_CompiledCompositeActor.mk
drwxrwxr-x   3 travis travis 24576 Jun  4 04:32 DeScrambler
drwxrwxr-x   3 travis travis 16384 Jun  4 04:33 DotProduct
drwxrwxr-x   3 travis travis 12288 Jun  4 04:30 FileWriter1
drwxrwxr-x   3 travis travis 20480 Jun  4 04:29 FixToDoubleAndBack
drwxrwxr-x   3 travis travis 16384 Jun  4 04:30 Gaussian1
drwxrwxr-x   3 travis travis 20480 Jun  4 04:30 Gaussian2
-rw-rw-r--   1 travis travis  4457 Jun  4 04:34 JavaCompiledCompositeTest1_CompiledCompositeActor.class
-rw-rw-r--   1 travis travis 11637 Jun  4 04:34 JavaCompiledCompositeTest1_CompiledCompositeActor.java
-rw-rw-r--   1 travis travis  1198 Jun  4 04:34 JavaCompiledCompositeTest1_CompiledCompositeActor$_JavaCompiledCompositeTest1_CompiledCompositeActor.class
-rw-rw-r--   1 travis travis  1625 Jun  4 04:34 JavaCompiledCompositeTest1_CompiledCompositeActor.mk
-rw-rw-r--   1 travis travis  4888 Jun  4 04:34 JavaCompiledCompositeTest2_CompiledCompositeActor.class
-rw-rw-r--   1 travis travis 14919 Jun  4 04:34 JavaCompiledCompositeTest2_CompiledCompositeActor.java
-rw-rw-r--   1 travis travis  1793 Jun  4 04:34 JavaCompiledCompositeTest2_CompiledCompositeActor$_JavaCompiledCompositeTest2_CompiledCompositeActor.class
-rw-rw-r--   1 travis travis  1625 Jun  4 04:34 JavaCompiledCompositeTest2_CompiledCompositeActor.mk
-rw-rw-r--   1 travis travis  4505 Jun  4 04:34 JavaCompiledCompositeTest3_CompiledCompositeActor.class
-rw-rw-r--   1 travis travis 13080 Jun  4 04:34 JavaCompiledCompositeTest3_CompiledCompositeActor.java
-rw-rw-r--   1 travis travis  1378 Jun  4 04:34 JavaCompiledCompositeTest3_CompiledCompositeActor$_JavaCompiledCompositeTest3_CompiledCompositeActor.class
-rw-rw-r--   1 travis travis  1625 Jun  4 04:34 JavaCompiledCompositeTest3_CompiledCompositeActor.mk
-rw-rw-r--   1 travis travis  3953 Jun  4 04:34 JavaCompiledCompositeTest4_CompiledCompositeActor.class
-rw-rw-r--   1 travis travis  9687 Jun  4 04:34 JavaCompiledCompositeTest4_CompiledCompositeActor.java
-rw-rw-r--   1 travis travis   857 Jun  4 04:34 JavaCompiledCompositeTest4_CompiledCompositeActor$_JavaCompiledCompositeTest4_CompiledCompositeActor.class
-rw-rw-r--   1 travis travis  1625 Jun  4 04:34 JavaCompiledCompositeTest4_CompiledCompositeActor.mk
drwxrwxr-x   3 travis travis 12288 Jun  4 04:30 LookupTable
drwxrwxr-x   3 travis travis 20480 Jun  4 04:31 MaxIndex
-rw-rw-r--   1 travis travis  3693 Jun  4 04:34 ModularCG_A1_B1.class
-rw-rw-r--   1 travis travis  9730 Jun  4 04:34 ModularCG_A1_B1.java
-rw-rw-r--   1 travis travis   832 Jun  4 04:34 ModularCG_A1_B1.mk
-rw-rw-r--   1 travis travis  1318 Jun  4 04:34 ModularCG_A1_B1_profile.class
-rw-rw-r--   1 travis travis  1262 Jun  4 04:34 ModularCG_A1_B1_profile.java
-rw-rw-r--   1 travis travis  3693 Jun  4 04:34 ModularCG_A1_B2.class
-rw-rw-r--   1 travis travis  9730 Jun  4 04:34 ModularCG_A1_B2.java
-rw-rw-r--   1 travis travis   832 Jun  4 04:34 ModularCG_A1_B2.mk
-rw-rw-r--   1 travis travis  1318 Jun  4 04:34 ModularCG_A1_B2_profile.class
-rw-rw-r--   1 travis travis  1262 Jun  4 04:34 ModularCG_A1_B2_profile.java
-rw-rw-r--   1 travis travis  4799 Jun  4 04:34 ModularCG_A1.class
-rw-rw-r--   1 travis travis 14742 Jun  4 04:34 ModularCG_A1.java
-rw-rw-r--   1 travis travis   808 Jun  4 04:34 ModularCG_A1.mk
-rw-rw-r--   1 travis travis  1433 Jun  4 04:34 ModularCG_A1_profile.class
-rw-rw-r--   1 travis travis  1704 Jun  4 04:34 ModularCG_A1_profile.java
-rw-rw-r--   1 travis travis  3827 Jun  4 04:34 ModularCG_A2_B1.class
-rw-rw-r--   1 travis travis 10667 Jun  4 04:34 ModularCG_A2_B1.java
-rw-rw-r--   1 travis travis   832 Jun  4 04:34 ModularCG_A2_B1.mk
-rw-rw-r--   1 travis travis  1381 Jun  4 04:34 ModularCG_A2_B1_profile.class
-rw-rw-r--   1 travis travis  1446 Jun  4 04:34 ModularCG_A2_B1_profile.java
-rw-rw-r--   1 travis travis  3693 Jun  4 04:34 ModularCG_A2_B2.class
-rw-rw-r--   1 travis travis  9730 Jun  4 04:34 ModularCG_A2_B2.java
-rw-rw-r--   1 travis travis   832 Jun  4 04:34 ModularCG_A2_B2.mk
-rw-rw-r--   1 travis travis  1318 Jun  4 04:34 ModularCG_A2_B2_profile.class
-rw-rw-r--   1 travis travis  1262 Jun  4 04:34 ModularCG_A2_B2_profile.java
-rw-rw-r--   1 travis travis  4870 Jun  4 04:34 ModularCG_A2.class
-rw-rw-r--   1 travis travis 15129 Jun  4 04:34 ModularCG_A2.java
-rw-rw-r--   1 travis travis   808 Jun  4 04:34 ModularCG_A2.mk
-rw-rw-r--   1 travis travis  1433 Jun  4 04:34 ModularCG_A2_profile.class
-rw-rw-r--   1 travis travis  1704 Jun  4 04:34 ModularCG_A2_profile.java
-rw-rw-r--   1 travis travis  3473 Jun  4 04:34 ModularCGPubSub_A1_A2.class
-rw-rw-r--   1 travis travis  9076 Jun  4 04:34 ModularCGPubSub_A1_A2.java
-rw-rw-r--   1 travis travis   880 Jun  4 04:34 ModularCGPubSub_A1_A2.mk
-rw-rw-r--   1 travis travis  1300 Jun  4 04:34 ModularCGPubSub_A1_A2_profile.class
-rw-rw-r--   1 travis travis  1222 Jun  4 04:34 ModularCGPubSub_A1_A2_profile.java
-rw-rw-r--   1 travis travis  3790 Jun  4 04:34 ModularCGPubSub_A1.class
-rw-rw-r--   1 travis travis  9836 Jun  4 04:34 ModularCGPubSub_A1.java
-rw-rw-r--   1 travis travis   856 Jun  4 04:34 ModularCGPubSub_A1.mk
-rw-rw-r--   1 travis travis  1346 Jun  4 04:34 ModularCGPubSub_A1_profile.class
-rw-rw-r--   1 travis travis  1388 Jun  4 04:34 ModularCGPubSub_A1_profile.java
-rw-rw-r--   1 travis travis  1328 Jun  4 04:34 ModularCodeGen_ModularCodeGenTypedCompositeActor_profile.java
-rw-rw-r--   1 travis travis  3492 Jun  4 04:34 ModularCodeGenTest_A1_A2.class
-rw-rw-r--   1 travis travis   904 Jun  4 04:34 ModularCodeGenTest_A1_A2.mk
-rw-rw-r--   1 travis travis  1306 Jun  4 04:34 ModularCodeGenTest_A1_A2_profile.class
-rw-rw-r--   1 travis travis  3823 Jun  4 04:34 ModularCodeGenTest_A1.class
-rw-rw-r--   1 travis travis  9968 Jun  4 04:34 ModularCodeGenTest_A1.java
-rw-rw-r--   1 travis travis   880 Jun  4 04:34 ModularCodeGenTest_A1.mk
-rw-rw-r--   1 travis travis  1352 Jun  4 04:34 ModularCodeGenTest_A1_profile.class
-rw-rw-r--   1 travis travis  1394 Jun  4 04:34 ModularCodeGenTest_A1_profile.java
drwxrwxr-x   3 travis travis 36864 Jun  4 04:34 modulation2
drwxrwxr-x   3 travis travis 20480 Jun  4 04:31 Multiplexor
drwxrwxr-x 242 travis travis 12288 Jun  4 04:34 node_modules
drwxrwxr-x   3 travis travis 20480 Jun  4 04:31 PhaseUnwrap
-rw-rw-r--   1 travis travis   520 Jun  4 04:34 Repeat$_fireFunction_Repeat_Repeat$__f_sL_0.class
-rw-rw-r--   1 travis travis   522 Jun  4 04:34 Repeat$_fireFunction_Repeat_Repeat$__f_sL_10.class
-rw-rw-r--   1 travis travis   666 Jun  4 04:34 Repeat$_fireFunction_Repeat_Repeat$__f_sL_11.class
-rw-rw-r--   1 travis travis   522 Jun  4 04:34 Repeat$_fireFunction_Repeat_Repeat$__f_sL_13.class
-rw-rw-r--   1 travis travis   665 Jun  4 04:34 Repeat$_fireFunction_Repeat_Repeat$__f_sL_1.class
-rw-rw-r--   1 travis travis   520 Jun  4 04:34 Repeat$_fireFunction_Repeat_Repeat$__f_sL_2.class
-rw-rw-r--   1 travis travis   520 Jun  4 04:34 Repeat$_fireFunction_Repeat_Repeat$__f_sL_3.class
-rw-rw-r--   1 travis travis   520 Jun  4 04:34 Repeat$_fireFunction_Repeat_Repeat$__f_sL_5.class
-rw-rw-r--   1 travis travis   671 Jun  4 04:34 Repeat$_fireFunction_Repeat_Repeat$__f_sL_7.class
-rw-rw-r--   1 travis travis   520 Jun  4 04:34 Repeat$_fireFunction_Repeat_Repeat$__f_sL_9.class
-rw-rw-r--   1 travis travis   813 Jun  4 04:34 Repeat$_initialize_Repeat.class
-rw-rw-r--   1 travis travis   475 Jun  4 04:34 Repeat$_initialize_Repeat$__i_sL_0.class
-rw-rw-r--   1 travis travis   519 Jun  4 04:34 Repeat$_initialize_Repeat$__i_sL_3.class
-rw-rw-r--   1 travis travis 39778 Jun  4 04:34 Repeat.java
-rw-rw-r--   1 travis travis  1281 Jun  4 04:34 Repeat.mk
-rw-rw-r--   1 travis travis   520 Jun  4 04:34 Repeat$_preinitializeMethod_Repeat$__p_sL_0.class
-rw-rw-r--   1 travis travis   520 Jun  4 04:34 Repeat$_preinitializeMethod_Repeat$__p_sL_1.class
-rw-rw-r--   1 travis travis  1083 Jun  4 04:34 Repeat$_Repeat$_fireFunction_Repeat_AddSubtract_Repeat.class
-rw-rw-r--   1 travis travis   791 Jun  4 04:34 Repeat$_Repeat$_fireFunction_Repeat_AddSubtract_Repeat$__f_sL_0.class
-rw-rw-r--   1 travis travis   909 Jun  4 04:34 Repeat$_Repeat$_fireFunction_Repeat_AddSubtract_Repeat$__f_sL_1.class
-rw-rw-r--   1 travis travis   915 Jun  4 04:34 Repeat$_Repeat$_fireFunction_Repeat_AddSubtract_Repeat$__f_sL_2.class
-rw-rw-r--   1 travis travis   838 Jun  4 04:34 Repeat$_Repeat$_fireFunction_Repeat_Ramp2_Repeat$__f_sL_1.class
-rw-rw-r--   1 travis travis  1785 Jun  4 04:34 Repeat$_Repeat$_fireFunction_Repeat_Test_Repeat$__f_sL_2.class
-rw-rw-r--   1 travis travis   685 Jun  4 04:34 Repeat$_Repeat_SDF_Director_run_Repeat$__R_sL_0.class
-rw-rw-r--   1 travis travis   540 Jun  4 04:34 Repeat$_Repeat_SDF_Director_run_Repeat$__R_sL_1.class
-rw-rw-r--   1 travis travis   540 Jun  4 04:34 Repeat$_Repeat_SDF_Director_run_Repeat$__R_sL_2.class
-rw-rw-r--   1 travis travis   540 Jun  4 04:34 Repeat$_Repeat_SDF_Director_run_Repeat$__R_sL_4.class
-rw-rw-r--   1 travis travis   540 Jun  4 04:34 Repeat$_Repeat_SDF_Director_run_Repeat$__R_sL_5.class
-rw-rw-r--   1 travis travis   691 Jun  4 04:34 Repeat$_Repeat_SDF_Director_run_Repeat$__R_sL_6.class
-rw-rw-r--   1 travis travis   540 Jun  4 04:34 Repeat$_Repeat_SDF_Director_run_Repeat$__R_sL_7.class
-rw-rw-r--   1 travis travis   863 Jun  4 04:34 Repeat$_varinit_Repeat.class
-rw-rw-r--   1 travis travis   530 Jun  4 04:34 Repeat$_varinit_Repeat$__v_sL_1.class
-rw-rw-r--   1 travis travis   531 Jun  4 04:34 Repeat$_varinit_Repeat$__v_sL_2.class
-rw-rw-r--   1 travis travis   905 Jun  4 04:34 Repeat$_varinit_Repeat$__v_sL_4.class
-rw-rw-r--   1 travis travis   635 Jun  4 04:34 Repeat$_wrapup_Repeat.class
-rw-rw-r--   1 travis travis   965 Jun  4 04:34 Repeat$_wrapup_Repeat$__w_sL_1.class
-rw-rw-r--   1 travis travis   289 Jun  4 04:29 result.csv
drwxrwxr-x   3 travis travis 12288 Jun  4 04:32 Scrambler1
drwxrwxr-x   3 travis travis 20480 Jun  4 04:31 Sinewave2
drwxrwxr-x   3 travis travis 69632 Jun  4 04:32 StringCompare
drwxrwxr-x   3 travis travis 32768 Jun  4 04:32 StringFunction
drwxrwxr-x   3 travis travis 12288 Jun  4 04:32 StringLength
drwxrwxr-x   3 travis travis 57344 Jun  4 04:33 StringSimpleReplace
drwxrwxr-x   3 travis travis 12288 Jun  4 04:33 time2
drwxrwxr-x   3 travis travis 12288 Jun  4 04:34 time5
-rw-rw-r--   1 travis travis   432 Jun  4 04:34 Token.class
-rw-rw-r--   1 travis travis   251 Jun  4 04:34 Token.java
-rw-rw-r--   1 travis travis     0 Jun  4 04:34 top.
-rw-rw-r--   1 travis travis 20502 Jun  4 04:29 top.c
-rw-rw-r--   1 travis travis  3567 Jun  4 04:34 top.class
-rw-rw-r--   1 travis travis   169 Jun  4 04:29 top.html
-rw-rw-r--   1 travis travis  7552 Jun  4 04:34 top.java
-rw-rw-r--   1 travis travis 38888 Jun  4 04:29 top.o
drwxrwxr-x   3 travis travis 57344 Jun  4 04:31 UnaryMathFunction
All Done
Writing ModularCodeGen_ModularCodeGenTypedCompositeActor.java in file:/home/travis/cg/ (10970 characters)
Reading "ptolemy/cg/kernel/generic/program/procedural/java/modular/makefile.in",
    writing "/home/travis/cg/ModularCodeGen_ModularCodeGenTypedCompositeActor.mk"
Using ptolemy/cg/kernel/generic/program/procedural/java/modular/makefile.in
In "/home/travis/cg", about to execute:
    make -f ModularCodeGen_ModularCodeGenTypedCompositeActor.mk
javac -classpath ".:.."    ModularCodeGen_ModularCodeGenTypedCompositeActor.java
All Done
2137 ms. Memory: 295936K Free: 225768K (76%)
----------------- Invoking toplevel() on ptolemy.moml.MoMLSimpleApplication@59b612be
----------------- Done invoking toplevel() on ptolemy.moml.MoMLSimpleApplication@59b612be
reloadAllAccessors: .ModularCodeGen

===========================================================================================
----------------- testing Tue Jun 04 04:34:53 UTC 2019 /home/travis/build/icyphy/ptII/ptolemy/cg/lib/test/auto/ModularCodeGen2.xml
----------------- Instantiating /home/travis/build/icyphy/ptII/ptolemy/cg/lib/test/auto/ModularCodeGen2.xml
In "/home/travis/cg", about to execute:
    pwd
In "/home/travis/cg", about to execute:
    ls -l
/home/travis/cg
In "/home/travis/cg", about to execute:
    javac -classpath
.:/home/travis/build/icyphy/ptII:/home/travis/build/icyphy/ptII/lib/bsh-2.0b4.j
ar:/home/travis/build/icyphy/ptII/lib/ptCal.jar:/home/travis/build/icyphy/ptII/
lib/java_cup.jar:/home/travis/build/icyphy/ptII/lib/saxon8.jar:/home/travis/bui
ld/icyphy/ptII/lib/saxon8-dom.jar:/home/travis/build/icyphy/ptII/lib/chic.jar:/
home/travis/build/icyphy/ptII/lib/ptcolt.jar:/usr/lib/jvm/java-8-oracle/lib/too
ls.jar:/home/travis/build/icyphy/ptII/vendors/misc/itext/iText.jar:/home/travis
/build/icyphy/ptII/lib/g4ltl.jar:/home/travis/build/icyphy/ptII/lib/StructuralC
oder.jar:/home/travis/build/icyphy/ptII/vendors/jai-1_1_2_01/lib/jai_core.jar:/
home/travis/build/icyphy/ptII/vendors/jai-1_1_2_01/lib/jai_codec.jar:/home/trav
is/build/icyphy/ptII/lib/jcerti.jar:/home/travis/build/icyphy/ptII/lib/javax.ma
il.jar:/home/travis/build/icyphy/ptII/vendors/JMF-2.1.1e/lib/jmf.jar:/home/trav
is/build/icyphy/ptII/lib/jna-4.0.0-variadic.jar:/home/travis/build/icyphy/ptII/
vendors/misc/joystick/Joystick.jar:/home/travis/build/icyphy/ptII/lib/ptjacl.ja
r:/home/travis/build/icyphy/ptII/lib/jsoup-1.8.2.jar:/home/travis/build/icyphy/
ptII/lib/junit-4.8.2.jar:/home/travis/build/icyphy/ptII/lib/JUnitParams-0.4.0.j
ar:/home/travis/build/icyphy/ptII/ptolemy/actor/lib/excel/jxl.jar:/home/travis/
build/icyphy/ptII/lib/jython.jar:/home/travis/build/icyphy/ptII/lib/kieler.jar:
/home/travis/build/icyphy/ptII/vendors/opencv/share/OpenCV/java/opencv-341.jar:
/home/travis/build/icyphy/ptII/lib/oscP5.jar:/home/travis/build/icyphy/ptII/lib
/nrjavaserial-3.11.0.devel.jar:/home/travis/build/icyphy/ptII/vendors/j3d/lib/j
3dcore.jar:/home/travis/build/icyphy/ptII/vendors/j3d/lib/j3dutils.jar:/home/tr
avis/build/icyphy/ptII/vendors/j3d/lib/vecmath.jar:/home/travis/build/icyphy/pt
II/ptolemy/distributed/jini/jar/jini-core.jar:/home/travis/build/icyphy/ptII/pt
olemy/distributed/jini/jar/jini-ext.jar:/home/travis/build/icyphy/ptII/ptolemy/
distributed/jini/jar/sun-util.jar:/home/travis/build/icyphy/ptII/lib/protobuf-j
ava-2.4.1.jar:/home/travis/build/icyphy/ptII/lib/org.eclipse.paho.client.mqttv3
.jar:/home/travis/build/icyphy/ptII/lib/mapss.jar:/home/travis/build/icyphy/ptI
I/ptolemy/actor/ptalon/antlr/antlr.jar:/home/travis/build/icyphy/ptII/lib/JRI.j
ar:/home/travis/build/icyphy/ptII/lib/commons-lang-2.6.jar:/home/travis/build/i
cyphy/ptII/lib/commons-logging-1.1.1.jar:/home/travis/build/icyphy/ptII/lib/soo
tclasses.jar:/home/travis/build/icyphy/ptII/ptolemy/actor/lib/database/mysql-co
nnector-java-5.1.6-bin.jar:/home/travis/build/icyphy/ptII/vendors/misc/sphinx4/
sphinx4-data-5prealpha.jar:/home/travis/build/icyphy/ptII/vendors/misc/sphinx4/
sphinx4-core-5prealpha.jar:/home/travis/build/icyphy/ptII/lib/PDFRenderer.jar:/
home/travis/build/icyphy/ptII/lib/svgSalamander.jar:/home/travis/build/icyphy/p
tII/lib/rsyntaxtextarea-2.6.0-SNAPSHOT.jar:/home/travis/build/icyphy/ptII/lib/h
azelcast-3.8.2.jar:/home/travis/build/icyphy/ptII/lib/jackson-annotations-2.9.0
.jar:/home/travis/build/icyphy/ptII/lib/jackson-core-2.9.3.jar:/home/travis/bui
ld/icyphy/ptII/lib/jackson-databind-2.9.3.jar:/home/travis/build/icyphy/ptII/li
b/netty-buffer-4.1.19.Final.jar:/home/travis/build/icyphy/ptII/lib/netty-codec-
4.1.19.Final.jar:/home/travis/build/icyphy/ptII/lib/netty-codec-dns-4.1.19.Fina
l.jar:/home/travis/build/icyphy/ptII/lib/netty-codec-http-4.1.19.Final.jar:/hom
e/travis/build/icyphy/ptII/lib/netty-codec-http2-4.1.19.Final.jar:/home/travis/
build/icyphy/ptII/lib/netty-common-4.1.19.Final.jar:/home/travis/build/icyphy/p
tII/lib/netty-handler-4.1.19.Final.jar:/home/travis/build/icyphy/ptII/lib/netty
-resolver-4.1.19.Final.jar:/home/travis/build/icyphy/ptII/lib/netty-resolver-dn
s-4.1.19.Final.jar:/home/travis/build/icyphy/ptII/lib/netty-transport-4.1.19.Fi
nal.jar:/home/travis/build/icyphy/ptII/lib/vertx-codegen-3.5.1.jar:/home/travis
/build/icyphy/ptII/lib/vertx-core-3.5.2-SNAPSHOT.jar:/home/travis/build/icyphy/
ptII/lib/vertx-hazelcast-3.5.1.jar:/home/travis/build/icyphy/ptII/lib/vertx-lan
g-js-3.5.1.jar:/home/travis/build/icyphy/ptII/lib/vertx-service-proxy-3.5.1.jar
:/home/travis/build/icyphy/ptII/lib/vertx-web-3.5.1.jar:/home/travis/build/icyp
hy/ptII/lib/slf4j-api-1.7.13.jar:/home/travis/build/icyphy/ptII/lib/slf4j-simpl
e-1.7.13.jar:/home/travis/build/icyphy/ptII/lib/webcam-capture-0.3.12.jar:/home
/travis/build/icyphy/ptII/lib/bridj-0.7.0.jar:/home/travis/build/icyphy/ptII/li
b/xbjlib-1.1.0.nrjavaserial.jar:/home/travis/build/icyphy/ptII/ptolemy/moml/tes
t:/home/travis/build/icyphy/ptII/ant/lib/ant-launcher.jar:/home/travis/build/ic
yphy/ptII/ant/lib/ant.jar:/home/travis/build/icyphy/ptII/ant/lib/ant-junit.jar:
/home/travis/build/icyphy/ptII/ant/lib/ant-junit4.jar:/home/travis/build/icyphy
/ptII
ModularCodeGen2_ModularCodeGenTypedCompositeActor_ModularCodeGenTypedCompositeA
ctor_profile.java
total 1304
drwxrwxr-x   3 travis travis 12288 Jun  4 04:30 AbsoluteValue
drwxrwxr-x   3 travis travis 16384 Jun  4 04:30 Case1
drwxrwxr-x   3 travis travis 32768 Jun  4 04:30 Case2
-rw-rw-r--   1 travis travis  4895 Jun  4 04:34 CompiledCompositeActor_CompiledCompositeActor.class
-rw-rw-r--   1 travis travis  1592 Jun  4 04:34 CompiledCompositeActor_CompiledCompositeActor$_CompiledCompositeActor_CompiledCompositeActor.class
-rw-rw-r--   1 travis travis 13466 Jun  4 04:34 CompiledCompositeActor_CompiledCompositeActor.java
-rw-rw-r--   1 travis travis  1593 Jun  4 04:34 CompiledCompositeActor_CompiledCompositeActor.mk
drwxrwxr-x   3 travis travis 24576 Jun  4 04:32 DeScrambler
drwxrwxr-x   3 travis travis 16384 Jun  4 04:33 DotProduct
drwxrwxr-x   3 travis travis 12288 Jun  4 04:30 FileWriter1
drwxrwxr-x   3 travis travis 20480 Jun  4 04:29 FixToDoubleAndBack
drwxrwxr-x   3 travis travis 16384 Jun  4 04:30 Gaussian1
drwxrwxr-x   3 travis travis 20480 Jun  4 04:30 Gaussian2
-rw-rw-r--   1 travis travis  4457 Jun  4 04:34 JavaCompiledCompositeTest1_CompiledCompositeActor.class
-rw-rw-r--   1 travis travis 11637 Jun  4 04:34 JavaCompiledCompositeTest1_CompiledCompositeActor.java
-rw-rw-r--   1 travis travis  1198 Jun  4 04:34 JavaCompiledCompositeTest1_CompiledCompositeActor$_JavaCompiledCompositeTest1_CompiledCompositeActor.class
-rw-rw-r--   1 travis travis  1625 Jun  4 04:34 JavaCompiledCompositeTest1_CompiledCompositeActor.mk
-rw-rw-r--   1 travis travis  4888 Jun  4 04:34 JavaCompiledCompositeTest2_CompiledCompositeActor.class
-rw-rw-r--   1 travis travis 14919 Jun  4 04:34 JavaCompiledCompositeTest2_CompiledCompositeActor.java
-rw-rw-r--   1 travis travis  1793 Jun  4 04:34 JavaCompiledCompositeTest2_CompiledCompositeActor$_JavaCompiledCompositeTest2_CompiledCompositeActor.class
-rw-rw-r--   1 travis travis  1625 Jun  4 04:34 JavaCompiledCompositeTest2_CompiledCompositeActor.mk
-rw-rw-r--   1 travis travis  4505 Jun  4 04:34 JavaCompiledCompositeTest3_CompiledCompositeActor.class
-rw-rw-r--   1 travis travis 13080 Jun  4 04:34 JavaCompiledCompositeTest3_CompiledCompositeActor.java
-rw-rw-r--   1 travis travis  1378 Jun  4 04:34 JavaCompiledCompositeTest3_CompiledCompositeActor$_JavaCompiledCompositeTest3_CompiledCompositeActor.class
-rw-rw-r--   1 travis travis  1625 Jun  4 04:34 JavaCompiledCompositeTest3_CompiledCompositeActor.mk
-rw-rw-r--   1 travis travis  3953 Jun  4 04:34 JavaCompiledCompositeTest4_CompiledCompositeActor.class
-rw-rw-r--   1 travis travis  9687 Jun  4 04:34 JavaCompiledCompositeTest4_CompiledCompositeActor.java
-rw-rw-r--   1 travis travis   857 Jun  4 04:34 JavaCompiledCompositeTest4_CompiledCompositeActor$_JavaCompiledCompositeTest4_CompiledCompositeActor.class
-rw-rw-r--   1 travis travis  1625 Jun  4 04:34 JavaCompiledCompositeTest4_CompiledCompositeActor.mk
drwxrwxr-x   3 travis travis 12288 Jun  4 04:30 LookupTable
drwxrwxr-x   3 travis travis 20480 Jun  4 04:31 MaxIndex
-rw-rw-r--   1 travis travis  3693 Jun  4 04:34 ModularCG_A1_B1.class
-rw-rw-r--   1 travis travis  9730 Jun  4 04:34 ModularCG_A1_B1.java
-rw-rw-r--   1 travis travis   832 Jun  4 04:34 ModularCG_A1_B1.mk
-rw-rw-r--   1 travis travis  1318 Jun  4 04:34 ModularCG_A1_B1_profile.class
-rw-rw-r--   1 travis travis  1262 Jun  4 04:34 ModularCG_A1_B1_profile.java
-rw-rw-r--   1 travis travis  3693 Jun  4 04:34 ModularCG_A1_B2.class
-rw-rw-r--   1 travis travis  9730 Jun  4 04:34 ModularCG_A1_B2.java
-rw-rw-r--   1 travis travis   832 Jun  4 04:34 ModularCG_A1_B2.mk
-rw-rw-r--   1 travis travis  1318 Jun  4 04:34 ModularCG_A1_B2_profile.class
-rw-rw-r--   1 travis travis  1262 Jun  4 04:34 ModularCG_A1_B2_profile.java
-rw-rw-r--   1 travis travis  4799 Jun  4 04:34 ModularCG_A1.class
-rw-rw-r--   1 travis travis 14742 Jun  4 04:34 ModularCG_A1.java
-rw-rw-r--   1 travis travis   808 Jun  4 04:34 ModularCG_A1.mk
-rw-rw-r--   1 travis travis  1433 Jun  4 04:34 ModularCG_A1_profile.class
-rw-rw-r--   1 travis travis  1704 Jun  4 04:34 ModularCG_A1_profile.java
-rw-rw-r--   1 travis travis  3827 Jun  4 04:34 ModularCG_A2_B1.class
-rw-rw-r--   1 travis travis 10667 Jun  4 04:34 ModularCG_A2_B1.java
-rw-rw-r--   1 travis travis   832 Jun  4 04:34 ModularCG_A2_B1.mk
-rw-rw-r--   1 travis travis  1381 Jun  4 04:34 ModularCG_A2_B1_profile.class
-rw-rw-r--   1 travis travis  1446 Jun  4 04:34 ModularCG_A2_B1_profile.java
-rw-rw-r--   1 travis travis  3693 Jun  4 04:34 ModularCG_A2_B2.class
-rw-rw-r--   1 travis travis  9730 Jun  4 04:34 ModularCG_A2_B2.java
-rw-rw-r--   1 travis travis   832 Jun  4 04:34 ModularCG_A2_B2.mk
-rw-rw-r--   1 travis travis  1318 Jun  4 04:34 ModularCG_A2_B2_profile.class
-rw-rw-r--   1 travis travis  1262 Jun  4 04:34 ModularCG_A2_B2_profile.java
-rw-rw-r--   1 travis travis  4870 Jun  4 04:34 ModularCG_A2.class
-rw-rw-r--   1 travis travis 15129 Jun  4 04:34 ModularCG_A2.java
-rw-rw-r--   1 travis travis   808 Jun  4 04:34 ModularCG_A2.mk
-rw-rw-r--   1 travis travis  1433 Jun  4 04:34 ModularCG_A2_profile.class
-rw-rw-r--   1 travis travis  1704 Jun  4 04:34 ModularCG_A2_profile.java
-rw-rw-r--   1 travis travis  3473 Jun  4 04:34 ModularCGPubSub_A1_A2.class
-rw-rw-r--   1 travis travis  9076 Jun  4 04:34 ModularCGPubSub_A1_A2.java
-rw-rw-r--   1 travis travis   880 Jun  4 04:34 ModularCGPubSub_A1_A2.mk
-rw-rw-r--   1 travis travis  1300 Jun  4 04:34 ModularCGPubSub_A1_A2_profile.class
-rw-rw-r--   1 travis travis  1222 Jun  4 04:34 ModularCGPubSub_A1_A2_profile.java
-rw-rw-r--   1 travis travis  3790 Jun  4 04:34 ModularCGPubSub_A1.class
-rw-rw-r--   1 travis travis  9836 Jun  4 04:34 ModularCGPubSub_A1.java
-rw-rw-r--   1 travis travis   856 Jun  4 04:34 ModularCGPubSub_A1.mk
-rw-rw-r--   1 travis travis  1346 Jun  4 04:34 ModularCGPubSub_A1_profile.class
-rw-rw-r--   1 travis travis  1388 Jun  4 04:34 ModularCGPubSub_A1_profile.java
-rw-rw-r--   1 travis travis  1294 Jun  4 04:34 ModularCodeGen2_ModularCodeGenTypedCompositeActor_ModularCodeGenTypedCompositeActor_profile.java
-rw-rw-r--   1 travis travis  3954 Jun  4 04:34 ModularCodeGen_ModularCodeGenTypedCompositeActor.class
-rw-rw-r--   1 travis travis 10970 Jun  4 04:34 ModularCodeGen_ModularCodeGenTypedCompositeActor.java
-rw-rw-r--   1 travis travis  1096 Jun  4 04:34 ModularCodeGen_ModularCodeGenTypedCompositeActor.mk
-rw-rw-r--   1 travis travis  1384 Jun  4 04:34 ModularCodeGen_ModularCodeGenTypedCompositeActor_profile.class
-rw-rw-r--   1 travis travis  1328 Jun  4 04:34 ModularCodeGen_ModularCodeGenTypedCompositeActor_profile.java
-rw-rw-r--   1 travis travis  3492 Jun  4 04:34 ModularCodeGenTest_A1_A2.class
-rw-rw-r--   1 travis travis   904 Jun  4 04:34 ModularCodeGenTest_A1_A2.mk
-rw-rw-r--   1 travis travis  1306 Jun  4 04:34 ModularCodeGenTest_A1_A2_profile.class
-rw-rw-r--   1 travis travis  3823 Jun  4 04:34 ModularCodeGenTest_A1.class
-rw-rw-r--   1 travis travis  9968 Jun  4 04:34 ModularCodeGenTest_A1.java
-rw-rw-r--   1 travis travis   880 Jun  4 04:34 ModularCodeGenTest_A1.mk
-rw-rw-r--   1 travis travis  1352 Jun  4 04:34 ModularCodeGenTest_A1_profile.class
-rw-rw-r--   1 travis travis  1394 Jun  4 04:34 ModularCodeGenTest_A1_profile.java
drwxrwxr-x   3 travis travis 36864 Jun  4 04:34 modulation2
drwxrwxr-x   3 travis travis 20480 Jun  4 04:31 Multiplexor
drwxrwxr-x 242 travis travis 12288 Jun  4 04:34 node_modules
drwxrwxr-x   3 travis travis 20480 Jun  4 04:31 PhaseUnwrap
-rw-rw-r--   1 travis travis   520 Jun  4 04:34 Repeat$_fireFunction_Repeat_Repeat$__f_sL_0.class
-rw-rw-r--   1 travis travis   522 Jun  4 04:34 Repeat$_fireFunction_Repeat_Repeat$__f_sL_10.class
-rw-rw-r--   1 travis travis   666 Jun  4 04:34 Repeat$_fireFunction_Repeat_Repeat$__f_sL_11.class
-rw-rw-r--   1 travis travis   522 Jun  4 04:34 Repeat$_fireFunction_Repeat_Repeat$__f_sL_13.class
-rw-rw-r--   1 travis travis   665 Jun  4 04:34 Repeat$_fireFunction_Repeat_Repeat$__f_sL_1.class
-rw-rw-r--   1 travis travis   520 Jun  4 04:34 Repeat$_fireFunction_Repeat_Repeat$__f_sL_2.class
-rw-rw-r--   1 travis travis   520 Jun  4 04:34 Repeat$_fireFunction_Repeat_Repeat$__f_sL_3.class
-rw-rw-r--   1 travis travis   520 Jun  4 04:34 Repeat$_fireFunction_Repeat_Repeat$__f_sL_5.class
-rw-rw-r--   1 travis travis   671 Jun  4 04:34 Repeat$_fireFunction_Repeat_Repeat$__f_sL_7.class
-rw-rw-r--   1 travis travis   520 Jun  4 04:34 Repeat$_fireFunction_Repeat_Repeat$__f_sL_9.class
-rw-rw-r--   1 travis travis   813 Jun  4 04:34 Repeat$_initialize_Repeat.class
-rw-rw-r--   1 travis travis   475 Jun  4 04:34 Repeat$_initialize_Repeat$__i_sL_0.class
-rw-rw-r--   1 travis travis   519 Jun  4 04:34 Repeat$_initialize_Repeat$__i_sL_3.class
-rw-rw-r--   1 travis travis 39778 Jun  4 04:34 Repeat.java
-rw-rw-r--   1 travis travis  1281 Jun  4 04:34 Repeat.mk
-rw-rw-r--   1 travis travis   520 Jun  4 04:34 Repeat$_preinitializeMethod_Repeat$__p_sL_0.class
-rw-rw-r--   1 travis travis   520 Jun  4 04:34 Repeat$_preinitializeMethod_Repeat$__p_sL_1.class
-rw-rw-r--   1 travis travis  1083 Jun  4 04:34 Repeat$_Repeat$_fireFunction_Repeat_AddSubtract_Repeat.class
-rw-rw-r--   1 travis travis   791 Jun  4 04:34 Repeat$_Repeat$_fireFunction_Repeat_AddSubtract_Repeat$__f_sL_0.class
-rw-rw-r--   1 travis travis   909 Jun  4 04:34 Repeat$_Repeat$_fireFunction_Repeat_AddSubtract_Repeat$__f_sL_1.class
-rw-rw-r--   1 travis travis   915 Jun  4 04:34 Repeat$_Repeat$_fireFunction_Repeat_AddSubtract_Repeat$__f_sL_2.class
-rw-rw-r--   1 travis travis   838 Jun  4 04:34 Repeat$_Repeat$_fireFunction_Repeat_Ramp2_Repeat$__f_sL_1.class
-rw-rw-r--   1 travis travis  1785 Jun  4 04:34 Repeat$_Repeat$_fireFunction_Repeat_Test_Repeat$__f_sL_2.class
-rw-rw-r--   1 travis travis   685 Jun  4 04:34 Repeat$_Repeat_SDF_Director_run_Repeat$__R_sL_0.class
-rw-rw-r--   1 travis travis   540 Jun  4 04:34 Repeat$_Repeat_SDF_Director_run_Repeat$__R_sL_1.class
-rw-rw-r--   1 travis travis   540 Jun  4 04:34 Repeat$_Repeat_SDF_Director_run_Repeat$__R_sL_2.class
-rw-rw-r--   1 travis travis   540 Jun  4 04:34 Repeat$_Repeat_SDF_Director_run_Repeat$__R_sL_4.class
-rw-rw-r--   1 travis travis   540 Jun  4 04:34 Repeat$_Repeat_SDF_Director_run_Repeat$__R_sL_5.class
-rw-rw-r--   1 travis travis   691 Jun  4 04:34 Repeat$_Repeat_SDF_Director_run_Repeat$__R_sL_6.class
-rw-rw-r--   1 travis travis   540 Jun  4 04:34 Repeat$_Repeat_SDF_Director_run_Repeat$__R_sL_7.class
-rw-rw-r--   1 travis travis   863 Jun  4 04:34 Repeat$_varinit_Repeat.class
-rw-rw-r--   1 travis travis   530 Jun  4 04:34 Repeat$_varinit_Repeat$__v_sL_1.class
-rw-rw-r--   1 travis travis   531 Jun  4 04:34 Repeat$_varinit_Repeat$__v_sL_2.class
-rw-rw-r--   1 travis travis   905 Jun  4 04:34 Repeat$_varinit_Repeat$__v_sL_4.class
-rw-rw-r--   1 travis travis   635 Jun  4 04:34 Repeat$_wrapup_Repeat.class
-rw-rw-r--   1 travis travis   965 Jun  4 04:34 Repeat$_wrapup_Repeat$__w_sL_1.class
-rw-rw-r--   1 travis travis   289 Jun  4 04:29 result.csv
drwxrwxr-x   3 travis travis 12288 Jun  4 04:32 Scrambler1
drwxrwxr-x   3 travis travis 20480 Jun  4 04:31 Sinewave2
drwxrwxr-x   3 travis travis 69632 Jun  4 04:32 StringCompare
drwxrwxr-x   3 travis travis 32768 Jun  4 04:32 StringFunction
drwxrwxr-x   3 travis travis 12288 Jun  4 04:32 StringLength
drwxrwxr-x   3 travis travis 57344 Jun  4 04:33 StringSimpleReplace
drwxrwxr-x   3 travis travis 12288 Jun  4 04:33 time2
drwxrwxr-x   3 travis travis 12288 Jun  4 04:34 time5
-rw-rw-r--   1 travis travis   432 Jun  4 04:34 Token.class
-rw-rw-r--   1 travis travis   251 Jun  4 04:34 Token.java
-rw-rw-r--   1 travis travis     0 Jun  4 04:34 top.
-rw-rw-r--   1 travis travis 20502 Jun  4 04:29 top.c
-rw-rw-r--   1 travis travis  3567 Jun  4 04:34 top.class
-rw-rw-r--   1 travis travis   169 Jun  4 04:29 top.html
-rw-rw-r--   1 travis travis  7552 Jun  4 04:34 top.java
-rw-rw-r--   1 travis travis 38888 Jun  4 04:29 top.o
drwxrwxr-x   3 travis travis 57344 Jun  4 04:31 UnaryMathFunction
All Done
Writing ModularCodeGen2_ModularCodeGenTypedCompositeActor_ModularCodeGenTypedCompositeActor.java in file:/home/travis/cg/ (11790 characters)
Reading "ptolemy/cg/kernel/generic/program/procedural/java/modular/makefile.in",
    writing "/home/travis/cg/ModularCodeGen2_ModularCodeGenTypedCompositeActor_ModularCodeGenTypedCompositeActor.mk"
Using ptolemy/cg/kernel/generic/program/procedural/java/modular/makefile.in
In "/home/travis/cg", about to execute:
    make -f
ModularCodeGen2_ModularCodeGenTypedCompositeActor_ModularCodeGenTypedCompositeA
ctor.mk
javac -classpath ".:.."    ModularCodeGen2_ModularCodeGenTypedCompositeActor_ModularCodeGenTypedCompositeActor.java
All Done
In "/home/travis/cg", about to execute:
    pwd
/home/travis/cg
In "/home/travis/cg", about to execute:
    ls -l
total 1336
drwxrwxr-x   3 travis travis 12288 Jun  4 04:30 AbsoluteValue
drwxrwxr-x   3 travis travis 16384 Jun  4 04:30 Case1
drwxrwxr-x   3 travis travis 32768 Jun  4 04:30 Case2
-rw-rw-r--   1 travis travis  4895 Jun  4 04:34 CompiledCompositeActor_CompiledCompositeActor.class
-rw-rw-r--   1 travis travis  1592 Jun  4 04:34 CompiledCompositeActor_CompiledCompositeActor$_CompiledCompositeActor_CompiledCompositeActor.class
-rw-rw-r--   1 travis travis 13466 Jun  4 04:34 CompiledCompositeActor_CompiledCompositeActor.java
-rw-rw-r--   1 travis travis  1593 Jun  4 04:34 CompiledCompositeActor_CompiledCompositeActor.mk
drwxrwxr-x   3 travis travis 24576 Jun  4 04:32 DeScrambler
drwxrwxr-x   3 travis travis 16384 Jun  4 04:33 DotProduct
drwxrwxr-x   3 travis travis 12288 Jun  4 04:30 FileWriter1
drwxrwxr-x   3 travis travis 20480 Jun  4 04:29 FixToDoubleAndBack
drwxrwxr-x   3 travis travis 16384 Jun  4 04:30 Gaussian1
drwxrwxr-x   3 travis travis 20480 Jun  4 04:30 Gaussian2
-rw-rw-r--   1 travis travis  4457 Jun  4 04:34 JavaCompiledCompositeTest1_CompiledCompositeActor.class
-rw-rw-r--   1 travis travis 11637 Jun  4 04:34 JavaCompiledCompositeTest1_CompiledCompositeActor.java
-rw-rw-r--   1 travis travis  1198 Jun  4 04:34 JavaCompiledCompositeTest1_CompiledCompositeActor$_JavaCompiledCompositeTest1_CompiledCompositeActor.class
-rw-rw-r--   1 travis travis  1625 Jun  4 04:34 JavaCompiledCompositeTest1_CompiledCompositeActor.mk
-rw-rw-r--   1 travis travis  4888 Jun  4 04:34 JavaCompiledCompositeTest2_CompiledCompositeActor.class
-rw-rw-r--   1 travis travis 14919 Jun  4 04:34 JavaCompiledCompositeTest2_CompiledCompositeActor.java
-rw-rw-r--   1 travis travis  1793 Jun  4 04:34 JavaCompiledCompositeTest2_CompiledCompositeActor$_JavaCompiledCompositeTest2_CompiledCompositeActor.class
-rw-rw-r--   1 travis travis  1625 Jun  4 04:34 JavaCompiledCompositeTest2_CompiledCompositeActor.mk
-rw-rw-r--   1 travis travis  4505 Jun  4 04:34 JavaCompiledCompositeTest3_CompiledCompositeActor.class
-rw-rw-r--   1 travis travis 13080 Jun  4 04:34 JavaCompiledCompositeTest3_CompiledCompositeActor.java
-rw-rw-r--   1 travis travis  1378 Jun  4 04:34 JavaCompiledCompositeTest3_CompiledCompositeActor$_JavaCompiledCompositeTest3_CompiledCompositeActor.class
-rw-rw-r--   1 travis travis  1625 Jun  4 04:34 JavaCompiledCompositeTest3_CompiledCompositeActor.mk
-rw-rw-r--   1 travis travis  3953 Jun  4 04:34 JavaCompiledCompositeTest4_CompiledCompositeActor.class
-rw-rw-r--   1 travis travis  9687 Jun  4 04:34 JavaCompiledCompositeTest4_CompiledCompositeActor.java
-rw-rw-r--   1 travis travis   857 Jun  4 04:34 JavaCompiledCompositeTest4_CompiledCompositeActor$_JavaCompiledCompositeTest4_CompiledCompositeActor.class
-rw-rw-r--   1 travis travis  1625 Jun  4 04:34 JavaCompiledCompositeTest4_CompiledCompositeActor.mk
drwxrwxr-x   3 travis travis 12288 Jun  4 04:30 LookupTable
drwxrwxr-x   3 travis travis 20480 Jun  4 04:31 MaxIndex
-rw-rw-r--   1 travis travis  3693 Jun  4 04:34 ModularCG_A1_B1.class
-rw-rw-r--   1 travis travis  9730 Jun  4 04:34 ModularCG_A1_B1.java
-rw-rw-r--   1 travis travis   832 Jun  4 04:34 ModularCG_A1_B1.mk
-rw-rw-r--   1 travis travis  1318 Jun  4 04:34 ModularCG_A1_B1_profile.class
-rw-rw-r--   1 travis travis  1262 Jun  4 04:34 ModularCG_A1_B1_profile.java
-rw-rw-r--   1 travis travis  3693 Jun  4 04:34 ModularCG_A1_B2.class
-rw-rw-r--   1 travis travis  9730 Jun  4 04:34 ModularCG_A1_B2.java
-rw-rw-r--   1 travis travis   832 Jun  4 04:34 ModularCG_A1_B2.mk
-rw-rw-r--   1 travis travis  1318 Jun  4 04:34 ModularCG_A1_B2_profile.class
-rw-rw-r--   1 travis travis  1262 Jun  4 04:34 ModularCG_A1_B2_profile.java
-rw-rw-r--   1 travis travis  4799 Jun  4 04:34 ModularCG_A1.class
-rw-rw-r--   1 travis travis 14742 Jun  4 04:34 ModularCG_A1.java
-rw-rw-r--   1 travis travis   808 Jun  4 04:34 ModularCG_A1.mk
-rw-rw-r--   1 travis travis  1433 Jun  4 04:34 ModularCG_A1_profile.class
-rw-rw-r--   1 travis travis  1704 Jun  4 04:34 ModularCG_A1_profile.java
-rw-rw-r--   1 travis travis  3827 Jun  4 04:34 ModularCG_A2_B1.class
-rw-rw-r--   1 travis travis 10667 Jun  4 04:34 ModularCG_A2_B1.java
-rw-rw-r--   1 travis travis   832 Jun  4 04:34 ModularCG_A2_B1.mk
-rw-rw-r--   1 travis travis  1381 Jun  4 04:34 ModularCG_A2_B1_profile.class
-rw-rw-r--   1 travis travis  1446 Jun  4 04:34 ModularCG_A2_B1_profile.java
-rw-rw-r--   1 travis travis  3693 Jun  4 04:34 ModularCG_A2_B2.class
-rw-rw-r--   1 travis travis  9730 Jun  4 04:34 ModularCG_A2_B2.java
-rw-rw-r--   1 travis travis   832 Jun  4 04:34 ModularCG_A2_B2.mk
-rw-rw-r--   1 travis travis  1318 Jun  4 04:34 ModularCG_A2_B2_profile.class
-rw-rw-r--   1 travis travis  1262 Jun  4 04:34 ModularCG_A2_B2_profile.java
-rw-rw-r--   1 travis travis  4870 Jun  4 04:34 ModularCG_A2.class
-rw-rw-r--   1 travis travis 15129 Jun  4 04:34 ModularCG_A2.java
-rw-rw-r--   1 travis travis   808 Jun  4 04:34 ModularCG_A2.mk
-rw-rw-r--   1 travis travis  1433 Jun  4 04:34 ModularCG_A2_profile.class
-rw-rw-r--   1 travis travis  1704 Jun  4 04:34 ModularCG_A2_profile.java
-rw-rw-r--   1 travis travis  3473 Jun  4 04:34 ModularCGPubSub_A1_A2.class
-rw-rw-r--   1 travis travis  9076 Jun  4 04:34 ModularCGPubSub_A1_A2.java
-rw-rw-r--   1 travis travis   880 Jun  4 04:34 ModularCGPubSub_A1_A2.mk
-rw-rw-r--   1 travis travis  1300 Jun  4 04:34 ModularCGPubSub_A1_A2_profile.class
-rw-rw-r--   1 travis travis  1222 Jun  4 04:34 ModularCGPubSub_A1_A2_profile.java
-rw-rw-r--   1 travis travis  3790 Jun  4 04:34 ModularCGPubSub_A1.class
-rw-rw-r--   1 travis travis  9836 Jun  4 04:34 ModularCGPubSub_A1.java
-rw-rw-r--   1 travis travis   856 Jun  4 04:34 ModularCGPubSub_A1.mk
-rw-rw-r--   1 travis travis  1346 Jun  4 04:34 ModularCGPubSub_A1_profile.class
-rw-rw-r--   1 travis travis  1388 Jun  4 04:34 ModularCGPubSub_A1_profile.java
-rw-rw-r--   1 travis travis  4272 Jun  4 04:34 ModularCodeGen2_ModularCodeGenTypedCompositeActor_ModularCodeGenTypedCompositeActor.class
-rw-rw-r--   1 travis travis 11790 Jun  4 04:34 ModularCodeGen2_ModularCodeGenTypedCompositeActor_ModularCodeGenTypedCompositeActor.java
-rw-rw-r--   1 travis travis  1376 Jun  4 04:34 ModularCodeGen2_ModularCodeGenTypedCompositeActor_ModularCodeGenTypedCompositeActor.mk
-rw-rw-r--   1 travis travis  1421 Jun  4 04:34 ModularCodeGen2_ModularCodeGenTypedCompositeActor_ModularCodeGenTypedCompositeActor_profile.class
-rw-rw-r--   1 travis travis  1294 Jun  4 04:34 ModularCodeGen2_ModularCodeGenTypedCompositeActor_ModularCodeGenTypedCompositeActor_profile.java
-rw-rw-r--   1 travis travis   693 Jun  4 04:34 ModularCodeGen2_ModularCodeGenTypedCompositeActor_profile.java
-rw-rw-r--   1 travis travis  3954 Jun  4 04:34 ModularCodeGen_ModularCodeGenTypedCompositeActor.class
-rw-rw-r--   1 travis travis 10970 Jun  4 04:34 ModularCodeGen_ModularCodeGenTypedCompositeActor.java
-rw-rw-r--   1 travis travis  1096 Jun  4 04:34 ModularCodeGen_ModularCodeGenTypedCompositeActor.mk
-rw-rw-r--   1 travis travis  1384 Jun  4 04:34 ModularCodeGen_ModularCodeGenTypedCompositeActor_profile.class
-rw-rw-r--   1 travis travis  1328 Jun  4 04:34 ModularCodeGen_ModularCodeGenTypedCompositeActor_profile.java
-rw-rw-r--   1 travis travis  3492 Jun  4 04:34 ModularCodeGenTest_A1_A2.class
-rw-rw-r--   1 travis travis   904 Jun  4 04:34 ModularCodeGenTest_A1_A2.mk
-rw-rw-r--   1 travis travis  1306 Jun  4 04:34 ModularCodeGenTest_A1_A2_profile.class
-rw-rw-r--   1 travis travis  3823 Jun  4 04:34 ModularCodeGenTest_A1.class
-rw-rw-r--   1 travis travis  9968 Jun  4 04:34 ModularCodeGenTest_A1.java
-rw-rw-r--   1 travis travis   880 Jun  4 04:34 ModularCodeGenTest_A1.mk
-rw-rw-r--   1 travis travis  1352 Jun  4 04:34 ModularCodeGenTest_A1_profile.class
-rw-rw-r--   1 travis travis  1394 Jun  4 04:34 ModularCodeGenTest_A1_profile.java
drwxrwxr-x   3 travis travis 36864 Jun  4 04:34 modulation2
drwxrwxr-x   3 travis travis 20480 Jun  4 04:31 Multiplexor
drwxrwxr-x 242 travis travis 12288 Jun  4 04:34 node_modules
drwxrwxr-x   3 travis travis 20480 Jun  4 04:31 PhaseUnwrap
-rw-rw-r--   1 travis travis   520 Jun  4 04:34 Repeat$_fireFunction_Repeat_Repeat$__f_sL_0.class
-rw-rw-r--   1 travis travis   522 Jun  4 04:34 Repeat$_fireFunction_Repeat_Repeat$__f_sL_10.class
-rw-rw-r--   1 travis travis   666 Jun  4 04:34 Repeat$_fireFunction_Repeat_Repeat$__f_sL_11.class
-rw-rw-r--   1 travis travis   522 Jun  4 04:34 Repeat$_fireFunction_Repeat_Repeat$__f_sL_13.class
-rw-rw-r--   1 travis travis   665 Jun  4 04:34 Repeat$_fireFunction_Repeat_Repeat$__f_sL_1.class
-rw-rw-r--   1 travis travis   520 Jun  4 04:34 Repeat$_fireFunction_Repeat_Repeat$__f_sL_2.class
-rw-rw-r--   1 travis travis   520 Jun  4 04:34 Repeat$_fireFunction_Repeat_Repeat$__f_sL_3.class
-rw-rw-r--   1 travis travis   520 Jun  4 04:34 Repeat$_fireFunction_Repeat_Repeat$__f_sL_5.class
-rw-rw-r--   1 travis travis   671 Jun  4 04:34 Repeat$_fireFunction_Repeat_Repeat$__f_sL_7.class
-rw-rw-r--   1 travis travis   520 Jun  4 04:34 Repeat$_fireFunction_Repeat_Repeat$__f_sL_9.class
-rw-rw-r--   1 travis travis   813 Jun  4 04:34 Repeat$_initialize_Repeat.class
-rw-rw-r--   1 travis travis   475 Jun  4 04:34 Repeat$_initialize_Repeat$__i_sL_0.class
-rw-rw-r--   1 travis travis   519 Jun  4 04:34 Repeat$_initialize_Repeat$__i_sL_3.class
-rw-rw-r--   1 travis travis 39778 Jun  4 04:34 Repeat.java
-rw-rw-r--   1 travis travis  1281 Jun  4 04:34 Repeat.mk
-rw-rw-r--   1 travis travis   520 Jun  4 04:34 Repeat$_preinitializeMethod_Repeat$__p_sL_0.class
-rw-rw-r--   1 travis travis   520 Jun  4 04:34 Repeat$_preinitializeMethod_Repeat$__p_sL_1.class
-rw-rw-r--   1 travis travis  1083 Jun  4 04:34 Repeat$_Repeat$_fireFunction_Repeat_AddSubtract_Repeat.class
-rw-rw-r--   1 travis travis   791 Jun  4 04:34 Repeat$_Repeat$_fireFunction_Repeat_AddSubtract_Repeat$__f_sL_0.class
-rw-rw-r--   1 travis travis   909 Jun  4 04:34 Repeat$_Repeat$_fireFunction_Repeat_AddSubtract_Repeat$__f_sL_1.class
-rw-rw-r--   1 travis travis   915 Jun  4 04:34 Repeat$_Repeat$_fireFunction_Repeat_AddSubtract_Repeat$__f_sL_2.class
-rw-rw-r--   1 travis travis   838 Jun  4 04:34 Repeat$_Repeat$_fireFunction_Repeat_Ramp2_Repeat$__f_sL_1.class
-rw-rw-r--   1 travis travis  1785 Jun  4 04:34 Repeat$_Repeat$_fireFunction_Repeat_Test_Repeat$__f_sL_2.class
-rw-rw-r--   1 travis travis   685 Jun  4 04:34 Repeat$_Repeat_SDF_Director_run_Repeat$__R_sL_0.class
-rw-rw-r--   1 travis travis   540 Jun  4 04:34 Repeat$_Repeat_SDF_Director_run_Repeat$__R_sL_1.class
-rw-rw-r--   1 travis travis   540 Jun  4 04:34 Repeat$_Repeat_SDF_Director_run_Repeat$__R_sL_2.class
-rw-rw-r--   1 travis travis   540 Jun  4 04:34 Repeat$_Repeat_SDF_Director_run_Repeat$__R_sL_4.class
-rw-rw-r--   1 travis travis   540 Jun  4 04:34 Repeat$_Repeat_SDF_Director_run_Repeat$__R_sL_5.class
-rw-rw-r--   1 travis travis   691 Jun  4 04:34 Repeat$_Repeat_SDF_Director_run_Repeat$__R_sL_6.class
-rw-rw-r--   1 travis travis   540 Jun  4 04:34 Repeat$_Repeat_SDF_Director_run_Repeat$__R_sL_7.class
-rw-rw-r--   1 travis travis   863 Jun  4 04:34 Repeat$_varinit_Repeat.class
-rw-rw-r--   1 travis travis   530 Jun  4 04:34 Repeat$_varinit_Repeat$__v_sL_1.class
-rw-rw-r--   1 travis travis   531 Jun  4 04:34 Repeat$_varinit_Repeat$__v_sL_2.class
-rw-rw-r--   1 travis travis   905 Jun  4 04:34 Repeat$_varinit_Repeat$__v_sL_4.class
-rw-rw-r--   1 travis travis   635 Jun  4 04:34 Repeat$_wrapup_Repeat.class
-rw-rw-r--   1 travis travis   965 Jun  4 04:34 Repeat$_wrapup_Repeat$__w_sL_1.class
-rw-rw-r--   1 travis travis   289 Jun  4 04:29 result.csv
drwxrwxr-x   3 travis travis 12288 Jun  4 04:32 Scrambler1
drwxrwxr-x   3 travis travis 20480 Jun  4 04:31 Sinewave2
drwxrwxr-x   3 travis travis 69632 Jun  4 04:32 StringCompare
drwxrwxr-x   3 travis travis 32768 Jun  4 04:32 StringFunction
drwxrwxr-x   3 travis travis 12288 Jun  4 04:32 StringLength
drwxrwxr-x   3 travis travis 57344 Jun  4 04:33 StringSimpleReplace
drwxrwxr-x   3 travis travis 12288 Jun  4 04:33 time2
drwxrwxr-x   3 travis travis 12288 Jun  4 04:34 time5
-rw-rw-r--   1 travis travis   432 Jun  4 04:34 Token.class
-rw-rw-r--   1 travis travis   251 Jun  4 04:34 Token.java
-rw-rw-r--   1 travis travis     0 Jun  4 04:34 top.
-rw-rw-r--   1 travis travis 20502 Jun  4 04:29 top.c
-rw-rw-r--   1 travis travis  3567 Jun  4 04:34 top.class
-rw-rw-r--   1 travis travis   169 Jun  4 04:29 top.html
-rw-rw-r--   1 travis travis  7552 Jun  4 04:34 top.java
-rw-rw-r--   1 travis travis 38888 Jun  4 04:29 top.o
drwxrwxr-x   3 travis travis 57344 Jun  4 04:31 UnaryMathFunction
In "/home/travis/cg", about to execute:
    javac -classpath
.:/home/travis/build/icyphy/ptII:/home/travis/build/icyphy/ptII/lib/bsh-2.0b4.j
ar:/home/travis/build/icyphy/ptII/lib/ptCal.jar:/home/travis/build/icyphy/ptII/
lib/java_cup.jar:/home/travis/build/icyphy/ptII/lib/saxon8.jar:/home/travis/bui
ld/icyphy/ptII/lib/saxon8-dom.jar:/home/travis/build/icyphy/ptII/lib/chic.jar:/
home/travis/build/icyphy/ptII/lib/ptcolt.jar:/usr/lib/jvm/java-8-oracle/lib/too
ls.jar:/home/travis/build/icyphy/ptII/vendors/misc/itext/iText.jar:/home/travis
/build/icyphy/ptII/lib/g4ltl.jar:/home/travis/build/icyphy/ptII/lib/StructuralC
oder.jar:/home/travis/build/icyphy/ptII/vendors/jai-1_1_2_01/lib/jai_core.jar:/
home/travis/build/icyphy/ptII/vendors/jai-1_1_2_01/lib/jai_codec.jar:/home/trav
is/build/icyphy/ptII/lib/jcerti.jar:/home/travis/build/icyphy/ptII/lib/javax.ma
il.jar:/home/travis/build/icyphy/ptII/vendors/JMF-2.1.1e/lib/jmf.jar:/home/trav
is/build/icyphy/ptII/lib/jna-4.0.0-variadic.jar:/home/travis/build/icyphy/ptII/
vendors/misc/joystick/Joystick.jar:/home/travis/build/icyphy/ptII/lib/ptjacl.ja
r:/home/travis/build/icyphy/ptII/lib/jsoup-1.8.2.jar:/home/travis/build/icyphy/
ptII/lib/junit-4.8.2.jar:/home/travis/build/icyphy/ptII/lib/JUnitParams-0.4.0.j
ar:/home/travis/build/icyphy/ptII/ptolemy/actor/lib/excel/jxl.jar:/home/travis/
build/icyphy/ptII/lib/jython.jar:/home/travis/build/icyphy/ptII/lib/kieler.jar:
/home/travis/build/icyphy/ptII/vendors/opencv/share/OpenCV/java/opencv-341.jar:
/home/travis/build/icyphy/ptII/lib/oscP5.jar:/home/travis/build/icyphy/ptII/lib
/nrjavaserial-3.11.0.devel.jar:/home/travis/build/icyphy/ptII/vendors/j3d/lib/j
3dcore.jar:/home/travis/build/icyphy/ptII/vendors/j3d/lib/j3dutils.jar:/home/tr
avis/build/icyphy/ptII/vendors/j3d/lib/vecmath.jar:/home/travis/build/icyphy/pt
II/ptolemy/distributed/jini/jar/jini-core.jar:/home/travis/build/icyphy/ptII/pt
olemy/distributed/jini/jar/jini-ext.jar:/home/travis/build/icyphy/ptII/ptolemy/
distributed/jini/jar/sun-util.jar:/home/travis/build/icyphy/ptII/lib/protobuf-j
ava-2.4.1.jar:/home/travis/build/icyphy/ptII/lib/org.eclipse.paho.client.mqttv3
.jar:/home/travis/build/icyphy/ptII/lib/mapss.jar:/home/travis/build/icyphy/ptI
I/ptolemy/actor/ptalon/antlr/antlr.jar:/home/travis/build/icyphy/ptII/lib/JRI.j
ar:/home/travis/build/icyphy/ptII/lib/commons-lang-2.6.jar:/home/travis/build/i
cyphy/ptII/lib/commons-logging-1.1.1.jar:/home/travis/build/icyphy/ptII/lib/soo
tclasses.jar:/home/travis/build/icyphy/ptII/ptolemy/actor/lib/database/mysql-co
nnector-java-5.1.6-bin.jar:/home/travis/build/icyphy/ptII/vendors/misc/sphinx4/
sphinx4-data-5prealpha.jar:/home/travis/build/icyphy/ptII/vendors/misc/sphinx4/
sphinx4-core-5prealpha.jar:/home/travis/build/icyphy/ptII/lib/PDFRenderer.jar:/
home/travis/build/icyphy/ptII/lib/svgSalamander.jar:/home/travis/build/icyphy/p
tII/lib/rsyntaxtextarea-2.6.0-SNAPSHOT.jar:/home/travis/build/icyphy/ptII/lib/h
azelcast-3.8.2.jar:/home/travis/build/icyphy/ptII/lib/jackson-annotations-2.9.0
.jar:/home/travis/build/icyphy/ptII/lib/jackson-core-2.9.3.jar:/home/travis/bui
ld/icyphy/ptII/lib/jackson-databind-2.9.3.jar:/home/travis/build/icyphy/ptII/li
b/netty-buffer-4.1.19.Final.jar:/home/travis/build/icyphy/ptII/lib/netty-codec-
4.1.19.Final.jar:/home/travis/build/icyphy/ptII/lib/netty-codec-dns-4.1.19.Fina
l.jar:/home/travis/build/icyphy/ptII/lib/netty-codec-http-4.1.19.Final.jar:/hom
e/travis/build/icyphy/ptII/lib/netty-codec-http2-4.1.19.Final.jar:/home/travis/
build/icyphy/ptII/lib/netty-common-4.1.19.Final.jar:/home/travis/build/icyphy/p
tII/lib/netty-handler-4.1.19.Final.jar:/home/travis/build/icyphy/ptII/lib/netty
-resolver-4.1.19.Final.jar:/home/travis/build/icyphy/ptII/lib/netty-resolver-dn
s-4.1.19.Final.jar:/home/travis/build/icyphy/ptII/lib/netty-transport-4.1.19.Fi
nal.jar:/home/travis/build/icyphy/ptII/lib/vertx-codegen-3.5.1.jar:/home/travis
/build/icyphy/ptII/lib/vertx-core-3.5.2-SNAPSHOT.jar:/home/travis/build/icyphy/
ptII/lib/vertx-hazelcast-3.5.1.jar:/home/travis/build/icyphy/ptII/lib/vertx-lan
g-js-3.5.1.jar:/home/travis/build/icyphy/ptII/lib/vertx-service-proxy-3.5.1.jar
:/home/travis/build/icyphy/ptII/lib/vertx-web-3.5.1.jar:/home/travis/build/icyp
hy/ptII/lib/slf4j-api-1.7.13.jar:/home/travis/build/icyphy/ptII/lib/slf4j-simpl
e-1.7.13.jar:/home/travis/build/icyphy/ptII/lib/webcam-capture-0.3.12.jar:/home
/travis/build/icyphy/ptII/lib/bridj-0.7.0.jar:/home/travis/build/icyphy/ptII/li
b/xbjlib-1.1.0.nrjavaserial.jar:/home/travis/build/icyphy/ptII/ptolemy/moml/tes
t:/home/travis/build/icyphy/ptII/ant/lib/ant-launcher.jar:/home/travis/build/ic
yphy/ptII/ant/lib/ant.jar:/home/travis/build/icyphy/ptII/ant/lib/ant-junit.jar:
/home/travis/build/icyphy/ptII/ant/lib/ant-junit4.jar:/home/travis/build/icyphy
/ptII ModularCodeGen2_ModularCodeGenTypedCompositeActor_profile.java
All Done
Writing ModularCodeGen2_ModularCodeGenTypedCompositeActor.java in file:/home/travis/cg/ (11690 characters)
Reading "ptolemy/cg/kernel/generic/program/procedural/java/modular/makefile.in",
    writing "/home/travis/cg/ModularCodeGen2_ModularCodeGenTypedCompositeActor.mk"
Using ptolemy/cg/kernel/generic/program/procedural/java/modular/makefile.in
In "/home/travis/cg", about to execute:
    make -f ModularCodeGen2_ModularCodeGenTypedCompositeActor.mk
javac -classpath ".:.."    ModularCodeGen2_ModularCodeGenTypedCompositeActor.java
All Done
3881 ms. Memory: 295936K Free: 144628K (49%)
----------------- Invoking toplevel() on ptolemy.moml.MoMLSimpleApplication@74bcbe3b
----------------- Done invoking toplevel() on ptolemy.moml.MoMLSimpleApplication@74bcbe3b
reloadAllAccessors: .ModularCodeGen2

===========================================================================================
----------------- testing Tue Jun 04 04:34:57 UTC 2019 /home/travis/build/icyphy/ptII/ptolemy/cg/lib/test/auto/ModularCodeGen3.xml
----------------- Instantiating /home/travis/build/icyphy/ptII/ptolemy/cg/lib/test/auto/ModularCodeGen3.xml
In "/home/travis/cg", about to execute:
    pwd
In "/home/travis/cg", about to execute:
    ls -l
/home/travis/cg
In "/home/travis/cg", about to execute:
total 1364
drwxrwxr-x   3 travis travis 12288 Jun  4 04:30 AbsoluteValue
drwxrwxr-x   3 travis travis 16384 Jun  4 04:30 Case1
drwxrwxr-x   3 travis travis 32768 Jun  4 04:30 Case2
-rw-rw-r--   1 travis travis  4895 Jun  4 04:34 CompiledCompositeActor_CompiledCompositeActor.class
-rw-rw-r--   1 travis travis  1592 Jun  4 04:34 CompiledCompositeActor_CompiledCompositeActor$_CompiledCompositeActor_CompiledCompositeActor.class
-rw-rw-r--   1 travis travis 13466 Jun  4 04:34 CompiledCompositeActor_CompiledCompositeActor.java
-rw-rw-r--   1 travis travis  1593 Jun  4 04:34 CompiledCompositeActor_CompiledCompositeActor.mk
drwxrwxr-x   3 travis travis 24576 Jun  4 04:32 DeScrambler
drwxrwxr-x   3 travis travis 16384 Jun  4 04:33 DotProduct
drwxrwxr-x   3 travis travis 12288 Jun  4 04:30 FileWriter1
drwxrwxr-x   3 travis travis 20480 Jun  4 04:29 FixToDoubleAndBack
    javac -classpath
.:/home/travis/build/icyphy/ptII:/home/travis/build/icyphy/ptII/lib/bsh-2.0b4.j
ar:/home/travis/build/icyphy/ptII/lib/ptCal.jar:/home/travis/build/icyphy/ptII/
lib/java_cup.jar:/home/travis/build/icyphy/ptII/lib/saxon8.jar:/home/travis/bui
ld/icyphy/ptII/lib/saxon8-dom.jar:/home/travis/build/icyphy/ptII/lib/chic.jar:/
home/travis/build/icyphy/ptII/lib/ptcolt.jar:/usr/lib/jvm/java-8-oracle/lib/too
ls.jar:/home/travis/build/icyphy/ptII/vendors/misc/itext/iText.jar:/home/travis
/build/icyphy/ptII/lib/g4ltl.jar:/home/travis/build/icyphy/ptII/lib/StructuralC
oder.jar:/home/travis/build/icyphy/ptII/vendors/jai-1_1_2_01/lib/jai_core.jar:/
home/travis/build/icyphy/ptII/vendors/jai-1_1_2_01/lib/jai_codec.jar:/home/trav
is/build/icyphy/ptII/lib/jcerti.jar:/home/travis/build/icyphy/ptII/lib/javax.ma
il.jar:/home/travis/build/icyphy/ptII/vendors/JMF-2.1.1e/lib/jmf.jar:/home/trav
is/build/icyphy/ptII/lib/jna-4.0.0-variadic.jar:/home/travis/build/icyphy/ptII/
vendors/misc/joystick/Joystick.jar:/home/travis/build/icyphy/ptII/lib/ptjacl.ja
r:/home/travis/build/icyphy/ptII/lib/jsoup-1.8.2.jar:/home/travis/build/icyphy/
ptII/lib/junit-4.8.2.jar:/home/travis/build/icyphy/ptII/lib/JUnitParams-0.4.0.j
ar:/home/travis/build/icyphy/ptII/ptolemy/actor/lib/excel/jxl.jar:/home/travis/
build/icyphy/ptII/lib/jython.jar:/home/travis/build/icyphy/ptII/lib/kieler.jar:
/home/travis/build/icyphy/ptII/vendors/opencv/share/OpenCV/java/opencv-341.jar:
/home/travis/build/icyphy/ptII/lib/oscP5.jar:/home/travis/build/icyphy/ptII/lib
/nrjavaserial-3.11.0.devel.jar:/home/travis/build/icyphy/ptII/vendors/j3d/lib/j
3dcore.jar:/home/travis/build/icyphy/ptII/vendors/j3d/lib/j3dutils.jar:/home/tr
avis/build/icyphy/ptII/vendors/j3d/lib/vecmath.jar:/home/travis/build/icyphy/pt
II/ptolemy/distributed/jini/jar/jini-core.jar:/home/travis/build/icyphy/ptII/pt
olemy/distributed/jini/jar/jini-ext.jar:/home/travis/build/icyphy/ptII/ptolemy/
distributed/jini/jar/sun-util.jar:/home/travis/build/icyphy/ptII/lib/protobuf-j
ava-2.4.1.jar:/home/travis/build/icyphy/ptII/lib/org.eclipse.paho.client.mqttv3
.jar:/home/travis/build/icyphy/ptII/lib/mapss.jar:/home/travis/build/icyphy/ptI
I/ptolemy/actor/ptalon/antlr/antlr.jar:/home/travis/build/icyphy/ptII/lib/JRI.j
ar:/home/travis/build/icyphy/ptII/lib/commons-lang-2.6.jar:/home/travis/build/i
cyphy/ptII/lib/commons-logging-1.1.1.jar:/home/travis/build/icyphy/ptII/lib/soo
tclasses.jar:/home/travis/build/icyphy/ptII/ptolemy/actor/lib/database/mysql-co
nnector-java-5.1.6-bin.jar:/home/travis/build/icyphy/ptII/vendors/misc/sphinx4/
sphinx4-data-5prealpha.jar:/home/travis/build/icyphy/ptII/vendors/misc/sphinx4/
sphinx4-core-5prealpha.jar:/home/travis/build/icyphy/ptII/lib/PDFRenderer.jar:/
home/travis/build/icyphy/ptII/lib/svgSalamander.jar:/home/travis/build/icyphy/p
tII/lib/rsyntaxtextarea-2.6.0-SNAPSHOT.jar:/home/travis/build/icyphy/ptII/lib/h
azelcast-3.8.2.jar:/home/travis/build/icyphy/ptII/lib/jackson-annotations-2.9.0
.jar:/home/travis/build/icyphy/ptII/lib/jackson-core-2.9.3.jar:/home/travis/bui
ld/icyphy/ptII/lib/jackson-databind-2.9.3.jar:/home/travis/build/icyphy/ptII/li
b/netty-buffer-4.1.19.Final.jar:/home/travis/build/icyphy/ptII/lib/netty-codec-
4.1.19.Final.jar:/home/travis/build/icyphy/ptII/lib/netty-codec-dns-4.1.19.Fina
l.jar:/home/travis/build/icyphy/ptII/lib/netty-codec-http-4.1.19.Final.jar:/hom
e/travis/build/icyphy/ptII/lib/netty-codec-http2-4.1.19.Final.jar:/home/travis/
build/icyphy/ptII/lib/netty-common-4.1.19.Final.jar:/home/travis/build/icyphy/p
tII/lib/netty-handler-4.1.19.Final.jar:/home/travis/build/icyphy/ptII/lib/netty
-resolver-4.1.19.Final.jar:/home/travis/build/icyphy/ptII/lib/netty-resolver-dn
s-4.1.19.Final.jar:/home/travis/build/icyphy/ptII/lib/netty-transport-4.1.19.Fi
nal.jar:/home/travis/build/icyphy/ptII/lib/vertx-codegen-3.5.1.jar:/home/travis
/build/icyphy/ptII/lib/vertx-core-3.5.2-SNAPSHOT.jar:/home/travis/build/icyphy/
ptII/lib/vertx-hazelcast-3.5.1.jar:/home/travis/build/icyphy/ptII/lib/vertx-lan
g-js-3.5.1.jar:/home/travis/build/icyphy/ptII/lib/vertx-service-proxy-3.5.1.jar
:/home/travis/build/icyphy/ptII/lib/vertx-web-3.5.1.jar:/home/travis/build/icyp
hy/ptII/lib/slf4j-api-1.7.13.jar:/home/travis/build/icyphy/ptII/lib/slf4j-simpl
e-1.7.13.jar:/home/travis/build/icyphy/ptII/lib/webcam-capture-0.3.12.jar:/home
/travis/build/icyphy/ptII/lib/bridj-0.7.0.jar:/home/travis/build/icyphy/ptII/li
b/xbjlib-1.1.0.nrjavaserial.jar:/home/travis/build/icyphy/ptII/ptolemy/moml/tes
t:/home/travis/build/icyphy/ptII/ant/lib/ant-launcher.jar:/home/travis/build/ic
yphy/ptII/ant/lib/ant.jar:/home/travis/build/icyphy/ptII/ant/lib/ant-junit.jar:
/home/travis/build/icyphy/ptII/ant/lib/ant-junit4.jar:/home/travis/build/icyphy
/ptII ModularCodeGen3_A1_B1_profile.java
drwxrwxr-x   3 travis travis 16384 Jun  4 04:30 Gaussian1
drwxrwxr-x   3 travis travis 20480 Jun  4 04:30 Gaussian2
-rw-rw-r--   1 travis travis  4457 Jun  4 04:34 JavaCompiledCompositeTest1_CompiledCompositeActor.class
-rw-rw-r--   1 travis travis 11637 Jun  4 04:34 JavaCompiledCompositeTest1_CompiledCompositeActor.java
-rw-rw-r--   1 travis travis  1198 Jun  4 04:34 JavaCompiledCompositeTest1_CompiledCompositeActor$_JavaCompiledCompositeTest1_CompiledCompositeActor.class
-rw-rw-r--   1 travis travis  1625 Jun  4 04:34 JavaCompiledCompositeTest1_CompiledCompositeActor.mk
-rw-rw-r--   1 travis travis  4888 Jun  4 04:34 JavaCompiledCompositeTest2_CompiledCompositeActor.class
-rw-rw-r--   1 travis travis 14919 Jun  4 04:34 JavaCompiledCompositeTest2_CompiledCompositeActor.java
-rw-rw-r--   1 travis travis  1793 Jun  4 04:34 JavaCompiledCompositeTest2_CompiledCompositeActor$_JavaCompiledCompositeTest2_CompiledCompositeActor.class
-rw-rw-r--   1 travis travis  1625 Jun  4 04:34 JavaCompiledCompositeTest2_CompiledCompositeActor.mk
-rw-rw-r--   1 travis travis  4505 Jun  4 04:34 JavaCompiledCompositeTest3_CompiledCompositeActor.class
-rw-rw-r--   1 travis travis 13080 Jun  4 04:34 JavaCompiledCompositeTest3_CompiledCompositeActor.java
-rw-rw-r--   1 travis travis  1378 Jun  4 04:34 JavaCompiledCompositeTest3_CompiledCompositeActor$_JavaCompiledCompositeTest3_CompiledCompositeActor.class
-rw-rw-r--   1 travis travis  1625 Jun  4 04:34 JavaCompiledCompositeTest3_CompiledCompositeActor.mk
-rw-rw-r--   1 travis travis  3953 Jun  4 04:34 JavaCompiledCompositeTest4_CompiledCompositeActor.class
-rw-rw-r--   1 travis travis  9687 Jun  4 04:34 JavaCompiledCompositeTest4_CompiledCompositeActor.java
-rw-rw-r--   1 travis travis   857 Jun  4 04:34 JavaCompiledCompositeTest4_CompiledCompositeActor$_JavaCompiledCompositeTest4_CompiledCompositeActor.class
-rw-rw-r--   1 travis travis  1625 Jun  4 04:34 JavaCompiledCompositeTest4_CompiledCompositeActor.mk
drwxrwxr-x   3 travis travis 12288 Jun  4 04:30 LookupTable
drwxrwxr-x   3 travis travis 20480 Jun  4 04:31 MaxIndex
-rw-rw-r--   1 travis travis  3693 Jun  4 04:34 ModularCG_A1_B1.class
-rw-rw-r--   1 travis travis  9730 Jun  4 04:34 ModularCG_A1_B1.java
-rw-rw-r--   1 travis travis   832 Jun  4 04:34 ModularCG_A1_B1.mk
-rw-rw-r--   1 travis travis  1318 Jun  4 04:34 ModularCG_A1_B1_profile.class
-rw-rw-r--   1 travis travis  1262 Jun  4 04:34 ModularCG_A1_B1_profile.java
-rw-rw-r--   1 travis travis  3693 Jun  4 04:34 ModularCG_A1_B2.class
-rw-rw-r--   1 travis travis  9730 Jun  4 04:34 ModularCG_A1_B2.java
-rw-rw-r--   1 travis travis   832 Jun  4 04:34 ModularCG_A1_B2.mk
-rw-rw-r--   1 travis travis  1318 Jun  4 04:34 ModularCG_A1_B2_profile.class
-rw-rw-r--   1 travis travis  1262 Jun  4 04:34 ModularCG_A1_B2_profile.java
-rw-rw-r--   1 travis travis  4799 Jun  4 04:34 ModularCG_A1.class
-rw-rw-r--   1 travis travis 14742 Jun  4 04:34 ModularCG_A1.java
-rw-rw-r--   1 travis travis   808 Jun  4 04:34 ModularCG_A1.mk
-rw-rw-r--   1 travis travis  1433 Jun  4 04:34 ModularCG_A1_profile.class
-rw-rw-r--   1 travis travis  1704 Jun  4 04:34 ModularCG_A1_profile.java
-rw-rw-r--   1 travis travis  3827 Jun  4 04:34 ModularCG_A2_B1.class
-rw-rw-r--   1 travis travis 10667 Jun  4 04:34 ModularCG_A2_B1.java
-rw-rw-r--   1 travis travis   832 Jun  4 04:34 ModularCG_A2_B1.mk
-rw-rw-r--   1 travis travis  1381 Jun  4 04:34 ModularCG_A2_B1_profile.class
-rw-rw-r--   1 travis travis  1446 Jun  4 04:34 ModularCG_A2_B1_profile.java
-rw-rw-r--   1 travis travis  3693 Jun  4 04:34 ModularCG_A2_B2.class
-rw-rw-r--   1 travis travis  9730 Jun  4 04:34 ModularCG_A2_B2.java
-rw-rw-r--   1 travis travis   832 Jun  4 04:34 ModularCG_A2_B2.mk
-rw-rw-r--   1 travis travis  1318 Jun  4 04:34 ModularCG_A2_B2_profile.class
-rw-rw-r--   1 travis travis  1262 Jun  4 04:34 ModularCG_A2_B2_profile.java
-rw-rw-r--   1 travis travis  4870 Jun  4 04:34 ModularCG_A2.class
-rw-rw-r--   1 travis travis 15129 Jun  4 04:34 ModularCG_A2.java
-rw-rw-r--   1 travis travis   808 Jun  4 04:34 ModularCG_A2.mk
-rw-rw-r--   1 travis travis  1433 Jun  4 04:34 ModularCG_A2_profile.class
-rw-rw-r--   1 travis travis  1704 Jun  4 04:34 ModularCG_A2_profile.java
-rw-rw-r--   1 travis travis  3473 Jun  4 04:34 ModularCGPubSub_A1_A2.class
-rw-rw-r--   1 travis travis  9076 Jun  4 04:34 ModularCGPubSub_A1_A2.java
-rw-rw-r--   1 travis travis   880 Jun  4 04:34 ModularCGPubSub_A1_A2.mk
-rw-rw-r--   1 travis travis  1300 Jun  4 04:34 ModularCGPubSub_A1_A2_profile.class
-rw-rw-r--   1 travis travis  1222 Jun  4 04:34 ModularCGPubSub_A1_A2_profile.java
-rw-rw-r--   1 travis travis  3790 Jun  4 04:34 ModularCGPubSub_A1.class
-rw-rw-r--   1 travis travis  9836 Jun  4 04:34 ModularCGPubSub_A1.java
-rw-rw-r--   1 travis travis   856 Jun  4 04:34 ModularCGPubSub_A1.mk
-rw-rw-r--   1 travis travis  1346 Jun  4 04:34 ModularCGPubSub_A1_profile.class
-rw-rw-r--   1 travis travis  1388 Jun  4 04:34 ModularCGPubSub_A1_profile.java
-rw-rw-r--   1 travis travis  3988 Jun  4 04:34 ModularCodeGen2_ModularCodeGenTypedCompositeActor.class
-rw-rw-r--   1 travis travis 11690 Jun  4 04:34 ModularCodeGen2_ModularCodeGenTypedCompositeActor.java
-rw-rw-r--   1 travis travis  1104 Jun  4 04:34 ModularCodeGen2_ModularCodeGenTypedCompositeActor.mk
-rw-rw-r--   1 travis travis  4272 Jun  4 04:34 ModularCodeGen2_ModularCodeGenTypedCompositeActor_ModularCodeGenTypedCompositeActor.class
-rw-rw-r--   1 travis travis 11790 Jun  4 04:34 ModularCodeGen2_ModularCodeGenTypedCompositeActor_ModularCodeGenTypedCompositeActor.java
-rw-rw-r--   1 travis travis  1376 Jun  4 04:34 ModularCodeGen2_ModularCodeGenTypedCompositeActor_ModularCodeGenTypedCompositeActor.mk
-rw-rw-r--   1 travis travis  1421 Jun  4 04:34 ModularCodeGen2_ModularCodeGenTypedCompositeActor_ModularCodeGenTypedCompositeActor_profile.class
-rw-rw-r--   1 travis travis  1294 Jun  4 04:34 ModularCodeGen2_ModularCodeGenTypedCompositeActor_ModularCodeGenTypedCompositeActor_profile.java
-rw-rw-r--   1 travis travis   820 Jun  4 04:34 ModularCodeGen2_ModularCodeGenTypedCompositeActor_profile.class
-rw-rw-r--   1 travis travis   693 Jun  4 04:34 ModularCodeGen2_ModularCodeGenTypedCompositeActor_profile.java
-rw-rw-r--   1 travis travis  1274 Jun  4 04:34 ModularCodeGen3_A1_B1_profile.java
-rw-rw-r--   1 travis travis  3954 Jun  4 04:34 ModularCodeGen_ModularCodeGenTypedCompositeActor.class
-rw-rw-r--   1 travis travis 10970 Jun  4 04:34 ModularCodeGen_ModularCodeGenTypedCompositeActor.java
-rw-rw-r--   1 travis travis  1096 Jun  4 04:34 ModularCodeGen_ModularCodeGenTypedCompositeActor.mk
-rw-rw-r--   1 travis travis  1384 Jun  4 04:34 ModularCodeGen_ModularCodeGenTypedCompositeActor_profile.class
-rw-rw-r--   1 travis travis  1328 Jun  4 04:34 ModularCodeGen_ModularCodeGenTypedCompositeActor_profile.java
-rw-rw-r--   1 travis travis  3492 Jun  4 04:34 ModularCodeGenTest_A1_A2.class
-rw-rw-r--   1 travis travis   904 Jun  4 04:34 ModularCodeGenTest_A1_A2.mk
-rw-rw-r--   1 travis travis  1306 Jun  4 04:34 ModularCodeGenTest_A1_A2_profile.class
-rw-rw-r--   1 travis travis  3823 Jun  4 04:34 ModularCodeGenTest_A1.class
-rw-rw-r--   1 travis travis  9968 Jun  4 04:34 ModularCodeGenTest_A1.java
-rw-rw-r--   1 travis travis   880 Jun  4 04:34 ModularCodeGenTest_A1.mk
-rw-rw-r--   1 travis travis  1352 Jun  4 04:34 ModularCodeGenTest_A1_profile.class
-rw-rw-r--   1 travis travis  1394 Jun  4 04:34 ModularCodeGenTest_A1_profile.java
drwxrwxr-x   3 travis travis 36864 Jun  4 04:34 modulation2
drwxrwxr-x   3 travis travis 20480 Jun  4 04:31 Multiplexor
drwxrwxr-x 242 travis travis 12288 Jun  4 04:34 node_modules
drwxrwxr-x   3 travis travis 20480 Jun  4 04:31 PhaseUnwrap
-rw-rw-r--   1 travis travis   520 Jun  4 04:34 Repeat$_fireFunction_Repeat_Repeat$__f_sL_0.class
-rw-rw-r--   1 travis travis   522 Jun  4 04:34 Repeat$_fireFunction_Repeat_Repeat$__f_sL_10.class
-rw-rw-r--   1 travis travis   666 Jun  4 04:34 Repeat$_fireFunction_Repeat_Repeat$__f_sL_11.class
-rw-rw-r--   1 travis travis   522 Jun  4 04:34 Repeat$_fireFunction_Repeat_Repeat$__f_sL_13.class
-rw-rw-r--   1 travis travis   665 Jun  4 04:34 Repeat$_fireFunction_Repeat_Repeat$__f_sL_1.class
-rw-rw-r--   1 travis travis   520 Jun  4 04:34 Repeat$_fireFunction_Repeat_Repeat$__f_sL_2.class
-rw-rw-r--   1 travis travis   520 Jun  4 04:34 Repeat$_fireFunction_Repeat_Repeat$__f_sL_3.class
-rw-rw-r--   1 travis travis   520 Jun  4 04:34 Repeat$_fireFunction_Repeat_Repeat$__f_sL_5.class
-rw-rw-r--   1 travis travis   671 Jun  4 04:34 Repeat$_fireFunction_Repeat_Repeat$__f_sL_7.class
-rw-rw-r--   1 travis travis   520 Jun  4 04:34 Repeat$_fireFunction_Repeat_Repeat$__f_sL_9.class
-rw-rw-r--   1 travis travis   813 Jun  4 04:34 Repeat$_initialize_Repeat.class
-rw-rw-r--   1 travis travis   475 Jun  4 04:34 Repeat$_initialize_Repeat$__i_sL_0.class
-rw-rw-r--   1 travis travis   519 Jun  4 04:34 Repeat$_initialize_Repeat$__i_sL_3.class
-rw-rw-r--   1 travis travis 39778 Jun  4 04:34 Repeat.java
-rw-rw-r--   1 travis travis  1281 Jun  4 04:34 Repeat.mk
-rw-rw-r--   1 travis travis   520 Jun  4 04:34 Repeat$_preinitializeMethod_Repeat$__p_sL_0.class
-rw-rw-r--   1 travis travis   520 Jun  4 04:34 Repeat$_preinitializeMethod_Repeat$__p_sL_1.class
-rw-rw-r--   1 travis travis  1083 Jun  4 04:34 Repeat$_Repeat$_fireFunction_Repeat_AddSubtract_Repeat.class
-rw-rw-r--   1 travis travis   791 Jun  4 04:34 Repeat$_Repeat$_fireFunction_Repeat_AddSubtract_Repeat$__f_sL_0.class
-rw-rw-r--   1 travis travis   909 Jun  4 04:34 Repeat$_Repeat$_fireFunction_Repeat_AddSubtract_Repeat$__f_sL_1.class
-rw-rw-r--   1 travis travis   915 Jun  4 04:34 Repeat$_Repeat$_fireFunction_Repeat_AddSubtract_Repeat$__f_sL_2.class
-rw-rw-r--   1 travis travis   838 Jun  4 04:34 Repeat$_Repeat$_fireFunction_Repeat_Ramp2_Repeat$__f_sL_1.class
-rw-rw-r--   1 travis travis  1785 Jun  4 04:34 Repeat$_Repeat$_fireFunction_Repeat_Test_Repeat$__f_sL_2.class
-rw-rw-r--   1 travis travis   685 Jun  4 04:34 Repeat$_Repeat_SDF_Director_run_Repeat$__R_sL_0.class
-rw-rw-r--   1 travis travis   540 Jun  4 04:34 Repeat$_Repeat_SDF_Director_run_Repeat$__R_sL_1.class
-rw-rw-r--   1 travis travis   540 Jun  4 04:34 Repeat$_Repeat_SDF_Director_run_Repeat$__R_sL_2.class
-rw-rw-r--   1 travis travis   540 Jun  4 04:34 Repeat$_Repeat_SDF_Director_run_Repeat$__R_sL_4.class
-rw-rw-r--   1 travis travis   540 Jun  4 04:34 Repeat$_Repeat_SDF_Director_run_Repeat$__R_sL_5.class
-rw-rw-r--   1 travis travis   691 Jun  4 04:34 Repeat$_Repeat_SDF_Director_run_Repeat$__R_sL_6.class
-rw-rw-r--   1 travis travis   540 Jun  4 04:34 Repeat$_Repeat_SDF_Director_run_Repeat$__R_sL_7.class
-rw-rw-r--   1 travis travis   863 Jun  4 04:34 Repeat$_varinit_Repeat.class
-rw-rw-r--   1 travis travis   530 Jun  4 04:34 Repeat$_varinit_Repeat$__v_sL_1.class
-rw-rw-r--   1 travis travis   531 Jun  4 04:34 Repeat$_varinit_Repeat$__v_sL_2.class
-rw-rw-r--   1 travis travis   905 Jun  4 04:34 Repeat$_varinit_Repeat$__v_sL_4.class
-rw-rw-r--   1 travis travis   635 Jun  4 04:34 Repeat$_wrapup_Repeat.class
-rw-rw-r--   1 travis travis   965 Jun  4 04:34 Repeat$_wrapup_Repeat$__w_sL_1.class
-rw-rw-r--   1 travis travis   289 Jun  4 04:29 result.csv
drwxrwxr-x   3 travis travis 12288 Jun  4 04:32 Scrambler1
drwxrwxr-x   3 travis travis 20480 Jun  4 04:31 Sinewave2
drwxrwxr-x   3 travis travis 69632 Jun  4 04:32 StringCompare
drwxrwxr-x   3 travis travis 32768 Jun  4 04:32 StringFunction
drwxrwxr-x   3 travis travis 12288 Jun  4 04:32 StringLength
drwxrwxr-x   3 travis travis 57344 Jun  4 04:33 StringSimpleReplace
drwxrwxr-x   3 travis travis 12288 Jun  4 04:33 time2
drwxrwxr-x   3 travis travis 12288 Jun  4 04:34 time5
-rw-rw-r--   1 travis travis   432 Jun  4 04:34 Token.class
-rw-rw-r--   1 travis travis   251 Jun  4 04:34 Token.java
-rw-rw-r--   1 travis travis     0 Jun  4 04:34 top.
-rw-rw-r--   1 travis travis 20502 Jun  4 04:29 top.c
-rw-rw-r--   1 travis travis  3567 Jun  4 04:34 top.class
-rw-rw-r--   1 travis travis   169 Jun  4 04:29 top.html
-rw-rw-r--   1 travis travis  7552 Jun  4 04:34 top.java
-rw-rw-r--   1 travis travis 38888 Jun  4 04:29 top.o
drwxrwxr-x   3 travis travis 57344 Jun  4 04:31 UnaryMathFunction
All Done
Writing ModularCodeGen3_A1_B1.java in file:/home/travis/cg/ (9958 characters)
Reading "ptolemy/cg/kernel/generic/program/procedural/java/modular/makefile.in",
    writing "/home/travis/cg/ModularCodeGen3_A1_B1.mk"
Using ptolemy/cg/kernel/generic/program/procedural/java/modular/makefile.in
In "/home/travis/cg", about to execute:
    make -f ModularCodeGen3_A1_B1.mk
javac -classpath ".:.."    ModularCodeGen3_A1_B1.java
All Done
In "/home/travis/cg", about to execute:
    pwd
In "/home/travis/cg", about to execute:
    ls -l
/home/travis/cg
In "/home/travis/cg", about to execute:
    javac -classpath
.:/home/travis/build/icyphy/ptII:/home/travis/build/icyphy/ptII/lib/bsh-2.0b4.j
ar:/home/travis/build/icyphy/ptII/lib/ptCal.jar:/home/travis/build/icyphy/ptII/
lib/java_cup.jar:/home/travis/build/icyphy/ptII/lib/saxon8.jar:/home/travis/bui
ld/icyphy/ptII/lib/saxon8-dom.jar:/home/travis/build/icyphy/ptII/lib/chic.jar:/
home/travis/build/icyphy/ptII/lib/ptcolt.jar:/usr/lib/jvm/java-8-oracle/lib/too
ls.jar:/home/travis/build/icyphy/ptII/vendors/misc/itext/iText.jar:/home/travis
/build/icyphy/ptII/lib/g4ltl.jar:/home/travis/build/icyphy/ptII/lib/StructuralC
oder.jar:/home/travis/build/icyphy/ptII/vendors/jai-1_1_2_01/lib/jai_core.jar:/
home/travis/build/icyphy/ptII/vendors/jai-1_1_2_01/lib/jai_codec.jar:/home/trav
is/build/icyphy/ptII/lib/jcerti.jar:/home/travis/build/icyphy/ptII/lib/javax.ma
il.jar:/home/travis/build/icyphy/ptII/vendors/JMF-2.1.1e/lib/jmf.jar:/home/trav
is/build/icyphy/ptII/lib/jna-4.0.0-variadic.jar:/home/travis/build/icyphy/ptII/
vendors/misc/joystick/Joystick.jar:/home/travis/build/icyphy/ptII/lib/ptjacl.ja
r:/home/travis/build/icyphy/ptII/lib/jsoup-1.8.2.jar:/home/travis/build/icyphy/
ptII/lib/junit-4.8.2.jar:/home/travis/build/icyphy/ptII/lib/JUnitParams-0.4.0.j
ar:/home/travis/build/icyphy/ptII/ptolemy/actor/lib/excel/jxl.jar:/home/travis/
build/icyphy/ptII/lib/jython.jar:/home/travis/build/icyphy/ptII/lib/kieler.jar:
/home/travis/build/icyphy/ptII/vendors/opencv/share/OpenCV/java/opencv-341.jar:
/home/travis/build/icyphy/ptII/lib/oscP5.jar:/home/travis/build/icyphy/ptII/lib
/nrjavaserial-3.11.0.devel.jar:/home/travis/build/icyphy/ptII/vendors/j3d/lib/j
3dcore.jar:/home/travis/build/icyphy/ptII/vendors/j3d/lib/j3dutils.jar:/home/tr
avis/build/icyphy/ptII/vendors/j3d/lib/vecmath.jar:/home/travis/build/icyphy/pt
II/ptolemy/distributed/jini/jar/jini-core.jar:/home/travis/build/icyphy/ptII/pt
olemy/distributed/jini/jar/jini-ext.jar:/home/travis/build/icyphy/ptII/ptolemy/
distributed/jini/jar/sun-util.jar:/home/travis/build/icyphy/ptII/lib/protobuf-j
ava-2.4.1.jar:/home/travis/build/icyphy/ptII/lib/org.eclipse.paho.client.mqttv3
.jar:/home/travis/build/icyphy/ptII/lib/mapss.jar:/home/travis/build/icyphy/ptI
I/ptolemy/actor/ptalon/antlr/antlr.jar:/home/travis/build/icyphy/ptII/lib/JRI.j
ar:/home/travis/build/icyphy/ptII/lib/commons-lang-2.6.jar:/home/travis/build/i
cyphy/ptII/lib/commons-logging-1.1.1.jar:/home/travis/build/icyphy/ptII/lib/soo
tclasses.jar:/home/travis/build/icyphy/ptII/ptolemy/actor/lib/database/mysql-co
nnector-java-5.1.6-bin.jar:/home/travis/build/icyphy/ptII/vendors/misc/sphinx4/
sphinx4-data-5prealpha.jar:/home/travis/build/icyphy/ptII/vendors/misc/sphinx4/
sphinx4-core-5prealpha.jar:/home/travis/build/icyphy/ptII/lib/PDFRenderer.jar:/
home/travis/build/icyphy/ptII/lib/svgSalamander.jar:/home/travis/build/icyphy/p
tII/lib/rsyntaxtextarea-2.6.0-SNAPSHOT.jar:/home/travis/build/icyphy/ptII/lib/h
azelcast-3.8.2.jar:/home/travis/build/icyphy/ptII/lib/jackson-annotations-2.9.0
.jar:/home/travis/build/icyphy/ptII/lib/jackson-core-2.9.3.jar:/home/travis/bui
ld/icyphy/ptII/lib/jackson-databind-2.9.3.jar:/home/travis/build/icyphy/ptII/li
b/netty-buffer-4.1.19.Final.jar:/home/travis/build/icyphy/ptII/lib/netty-codec-
4.1.19.Final.jar:/home/travis/build/icyphy/ptII/lib/netty-codec-dns-4.1.19.Fina
l.jar:/home/travis/build/icyphy/ptII/lib/netty-codec-http-4.1.19.Final.jar:/hom
e/travis/build/icyphy/ptII/lib/netty-codec-http2-4.1.19.Final.jar:/home/travis/
build/icyphy/ptII/lib/netty-common-4.1.19.Final.jar:/home/travis/build/icyphy/p
tII/lib/netty-handler-4.1.19.Final.jar:/home/travis/build/icyphy/ptII/lib/netty
-resolver-4.1.19.Final.jar:/home/travis/build/icyphy/ptII/lib/netty-resolver-dn
s-4.1.19.Final.jar:/home/travis/build/icyphy/ptII/lib/netty-transport-4.1.19.Fi
nal.jar:/home/travis/build/icyphy/ptII/lib/vertx-codegen-3.5.1.jar:/home/travis
/build/icyphy/ptII/lib/vertx-core-3.5.2-SNAPSHOT.jar:/home/travis/build/icyphy/
ptII/lib/vertx-hazelcast-3.5.1.jar:/home/travis/build/icyphy/ptII/lib/vertx-lan
g-js-3.5.1.jar:/home/travis/build/icyphy/ptII/lib/vertx-service-proxy-3.5.1.jar
:/home/travis/build/icyphy/ptII/lib/vertx-web-3.5.1.jar:/home/travis/build/icyp
hy/ptII/lib/slf4j-api-1.7.13.jar:/home/travis/build/icyphy/ptII/lib/slf4j-simpl
e-1.7.13.jar:/home/travis/build/icyphy/ptII/lib/webcam-capture-0.3.12.jar:/home
/travis/build/icyphy/ptII/lib/bridj-0.7.0.jar:/home/travis/build/icyphy/ptII/li
b/xbjlib-1.1.0.nrjavaserial.jar:/home/travis/build/icyphy/ptII/ptolemy/moml/tes
t:/home/travis/build/icyphy/ptII/ant/lib/ant-launcher.jar:/home/travis/build/ic
yphy/ptII/ant/lib/ant.jar:/home/travis/build/icyphy/ptII/ant/lib/ant-junit.jar:
/home/travis/build/icyphy/ptII/ant/lib/ant-junit4.jar:/home/travis/build/icyphy
/ptII ModularCodeGen3_A1_B2_profile.java
total 1392
drwxrwxr-x   3 travis travis 12288 Jun  4 04:30 AbsoluteValue
drwxrwxr-x   3 travis travis 16384 Jun  4 04:30 Case1
drwxrwxr-x   3 travis travis 32768 Jun  4 04:30 Case2
-rw-rw-r--   1 travis travis  4895 Jun  4 04:34 CompiledCompositeActor_CompiledCompositeActor.class
-rw-rw-r--   1 travis travis  1592 Jun  4 04:34 CompiledCompositeActor_CompiledCompositeActor$_CompiledCompositeActor_CompiledCompositeActor.class
-rw-rw-r--   1 travis travis 13466 Jun  4 04:34 CompiledCompositeActor_CompiledCompositeActor.java
-rw-rw-r--   1 travis travis  1593 Jun  4 04:34 CompiledCompositeActor_CompiledCompositeActor.mk
drwxrwxr-x   3 travis travis 24576 Jun  4 04:32 DeScrambler
drwxrwxr-x   3 travis travis 16384 Jun  4 04:33 DotProduct
drwxrwxr-x   3 travis travis 12288 Jun  4 04:30 FileWriter1
drwxrwxr-x   3 travis travis 20480 Jun  4 04:29 FixToDoubleAndBack
drwxrwxr-x   3 travis travis 16384 Jun  4 04:30 Gaussian1
drwxrwxr-x   3 travis travis 20480 Jun  4 04:30 Gaussian2
-rw-rw-r--   1 travis travis  4457 Jun  4 04:34 JavaCompiledCompositeTest1_CompiledCompositeActor.class
-rw-rw-r--   1 travis travis 11637 Jun  4 04:34 JavaCompiledCompositeTest1_CompiledCompositeActor.java
-rw-rw-r--   1 travis travis  1198 Jun  4 04:34 JavaCompiledCompositeTest1_CompiledCompositeActor$_JavaCompiledCompositeTest1_CompiledCompositeActor.class
-rw-rw-r--   1 travis travis  1625 Jun  4 04:34 JavaCompiledCompositeTest1_CompiledCompositeActor.mk
-rw-rw-r--   1 travis travis  4888 Jun  4 04:34 JavaCompiledCompositeTest2_CompiledCompositeActor.class
-rw-rw-r--   1 travis travis 14919 Jun  4 04:34 JavaCompiledCompositeTest2_CompiledCompositeActor.java
-rw-rw-r--   1 travis travis  1793 Jun  4 04:34 JavaCompiledCompositeTest2_CompiledCompositeActor$_JavaCompiledCompositeTest2_CompiledCompositeActor.class
-rw-rw-r--   1 travis travis  1625 Jun  4 04:34 JavaCompiledCompositeTest2_CompiledCompositeActor.mk
-rw-rw-r--   1 travis travis  4505 Jun  4 04:34 JavaCompiledCompositeTest3_CompiledCompositeActor.class
-rw-rw-r--   1 travis travis 13080 Jun  4 04:34 JavaCompiledCompositeTest3_CompiledCompositeActor.java
-rw-rw-r--   1 travis travis  1378 Jun  4 04:34 JavaCompiledCompositeTest3_CompiledCompositeActor$_JavaCompiledCompositeTest3_CompiledCompositeActor.class
-rw-rw-r--   1 travis travis  1625 Jun  4 04:34 JavaCompiledCompositeTest3_CompiledCompositeActor.mk
-rw-rw-r--   1 travis travis  3953 Jun  4 04:34 JavaCompiledCompositeTest4_CompiledCompositeActor.class
-rw-rw-r--   1 travis travis  9687 Jun  4 04:34 JavaCompiledCompositeTest4_CompiledCompositeActor.java
-rw-rw-r--   1 travis travis   857 Jun  4 04:34 JavaCompiledCompositeTest4_CompiledCompositeActor$_JavaCompiledCompositeTest4_CompiledCompositeActor.class
-rw-rw-r--   1 travis travis  1625 Jun  4 04:34 JavaCompiledCompositeTest4_CompiledCompositeActor.mk
drwxrwxr-x   3 travis travis 12288 Jun  4 04:30 LookupTable
drwxrwxr-x   3 travis travis 20480 Jun  4 04:31 MaxIndex
-rw-rw-r--   1 travis travis  3693 Jun  4 04:34 ModularCG_A1_B1.class
-rw-rw-r--   1 travis travis  9730 Jun  4 04:34 ModularCG_A1_B1.java
-rw-rw-r--   1 travis travis   832 Jun  4 04:34 ModularCG_A1_B1.mk
-rw-rw-r--   1 travis travis  1318 Jun  4 04:34 ModularCG_A1_B1_profile.class
-rw-rw-r--   1 travis travis  1262 Jun  4 04:34 ModularCG_A1_B1_profile.java
-rw-rw-r--   1 travis travis  3693 Jun  4 04:34 ModularCG_A1_B2.class
-rw-rw-r--   1 travis travis  9730 Jun  4 04:34 ModularCG_A1_B2.java
-rw-rw-r--   1 travis travis   832 Jun  4 04:34 ModularCG_A1_B2.mk
-rw-rw-r--   1 travis travis  1318 Jun  4 04:34 ModularCG_A1_B2_profile.class
-rw-rw-r--   1 travis travis  1262 Jun  4 04:34 ModularCG_A1_B2_profile.java
-rw-rw-r--   1 travis travis  4799 Jun  4 04:34 ModularCG_A1.class
-rw-rw-r--   1 travis travis 14742 Jun  4 04:34 ModularCG_A1.java
-rw-rw-r--   1 travis travis   808 Jun  4 04:34 ModularCG_A1.mk
-rw-rw-r--   1 travis travis  1433 Jun  4 04:34 ModularCG_A1_profile.class
-rw-rw-r--   1 travis travis  1704 Jun  4 04:34 ModularCG_A1_profile.java
-rw-rw-r--   1 travis travis  3827 Jun  4 04:34 ModularCG_A2_B1.class
-rw-rw-r--   1 travis travis 10667 Jun  4 04:34 ModularCG_A2_B1.java
-rw-rw-r--   1 travis travis   832 Jun  4 04:34 ModularCG_A2_B1.mk
-rw-rw-r--   1 travis travis  1381 Jun  4 04:34 ModularCG_A2_B1_profile.class
-rw-rw-r--   1 travis travis  1446 Jun  4 04:34 ModularCG_A2_B1_profile.java
-rw-rw-r--   1 travis travis  3693 Jun  4 04:34 ModularCG_A2_B2.class
-rw-rw-r--   1 travis travis  9730 Jun  4 04:34 ModularCG_A2_B2.java
-rw-rw-r--   1 travis travis   832 Jun  4 04:34 ModularCG_A2_B2.mk
-rw-rw-r--   1 travis travis  1318 Jun  4 04:34 ModularCG_A2_B2_profile.class
-rw-rw-r--   1 travis travis  1262 Jun  4 04:34 ModularCG_A2_B2_profile.java
-rw-rw-r--   1 travis travis  4870 Jun  4 04:34 ModularCG_A2.class
-rw-rw-r--   1 travis travis 15129 Jun  4 04:34 ModularCG_A2.java
-rw-rw-r--   1 travis travis   808 Jun  4 04:34 ModularCG_A2.mk
-rw-rw-r--   1 travis travis  1433 Jun  4 04:34 ModularCG_A2_profile.class
-rw-rw-r--   1 travis travis  1704 Jun  4 04:34 ModularCG_A2_profile.java
-rw-rw-r--   1 travis travis  3473 Jun  4 04:34 ModularCGPubSub_A1_A2.class
-rw-rw-r--   1 travis travis  9076 Jun  4 04:34 ModularCGPubSub_A1_A2.java
-rw-rw-r--   1 travis travis   880 Jun  4 04:34 ModularCGPubSub_A1_A2.mk
-rw-rw-r--   1 travis travis  1300 Jun  4 04:34 ModularCGPubSub_A1_A2_profile.class
-rw-rw-r--   1 travis travis  1222 Jun  4 04:34 ModularCGPubSub_A1_A2_profile.java
-rw-rw-r--   1 travis travis  3790 Jun  4 04:34 ModularCGPubSub_A1.class
-rw-rw-r--   1 travis travis  9836 Jun  4 04:34 ModularCGPubSub_A1.java
-rw-rw-r--   1 travis travis   856 Jun  4 04:34 ModularCGPubSub_A1.mk
-rw-rw-r--   1 travis travis  1346 Jun  4 04:34 ModularCGPubSub_A1_profile.class
-rw-rw-r--   1 travis travis  1388 Jun  4 04:34 ModularCGPubSub_A1_profile.java
-rw-rw-r--   1 travis travis  3988 Jun  4 04:34 ModularCodeGen2_ModularCodeGenTypedCompositeActor.class
-rw-rw-r--   1 travis travis 11690 Jun  4 04:34 ModularCodeGen2_ModularCodeGenTypedCompositeActor.java
-rw-rw-r--   1 travis travis  1104 Jun  4 04:34 ModularCodeGen2_ModularCodeGenTypedCompositeActor.mk
-rw-rw-r--   1 travis travis  4272 Jun  4 04:34 ModularCodeGen2_ModularCodeGenTypedCompositeActor_ModularCodeGenTypedCompositeActor.class
-rw-rw-r--   1 travis travis 11790 Jun  4 04:34 ModularCodeGen2_ModularCodeGenTypedCompositeActor_ModularCodeGenTypedCompositeActor.java
-rw-rw-r--   1 travis travis  1376 Jun  4 04:34 ModularCodeGen2_ModularCodeGenTypedCompositeActor_ModularCodeGenTypedCompositeActor.mk
-rw-rw-r--   1 travis travis  1421 Jun  4 04:34 ModularCodeGen2_ModularCodeGenTypedCompositeActor_ModularCodeGenTypedCompositeActor_profile.class
-rw-rw-r--   1 travis travis  1294 Jun  4 04:34 ModularCodeGen2_ModularCodeGenTypedCompositeActor_ModularCodeGenTypedCompositeActor_profile.java
-rw-rw-r--   1 travis travis   820 Jun  4 04:34 ModularCodeGen2_ModularCodeGenTypedCompositeActor_profile.class
-rw-rw-r--   1 travis travis   693 Jun  4 04:34 ModularCodeGen2_ModularCodeGenTypedCompositeActor_profile.java
-rw-rw-r--   1 travis travis  3741 Jun  4 04:34 ModularCodeGen3_A1_B1.class
-rw-rw-r--   1 travis travis  9958 Jun  4 04:34 ModularCodeGen3_A1_B1.java
-rw-rw-r--   1 travis travis   880 Jun  4 04:34 ModularCodeGen3_A1_B1.mk
-rw-rw-r--   1 travis travis  1330 Jun  4 04:34 ModularCodeGen3_A1_B1_profile.class
-rw-rw-r--   1 travis travis  1274 Jun  4 04:34 ModularCodeGen3_A1_B1_profile.java
-rw-rw-r--   1 travis travis  1274 Jun  4 04:34 ModularCodeGen3_A1_B2_profile.java
-rw-rw-r--   1 travis travis  3954 Jun  4 04:34 ModularCodeGen_ModularCodeGenTypedCompositeActor.class
-rw-rw-r--   1 travis travis 10970 Jun  4 04:34 ModularCodeGen_ModularCodeGenTypedCompositeActor.java
-rw-rw-r--   1 travis travis  1096 Jun  4 04:34 ModularCodeGen_ModularCodeGenTypedCompositeActor.mk
-rw-rw-r--   1 travis travis  1384 Jun  4 04:34 ModularCodeGen_ModularCodeGenTypedCompositeActor_profile.class
-rw-rw-r--   1 travis travis  1328 Jun  4 04:34 ModularCodeGen_ModularCodeGenTypedCompositeActor_profile.java
-rw-rw-r--   1 travis travis  3492 Jun  4 04:34 ModularCodeGenTest_A1_A2.class
-rw-rw-r--   1 travis travis   904 Jun  4 04:34 ModularCodeGenTest_A1_A2.mk
-rw-rw-r--   1 travis travis  1306 Jun  4 04:34 ModularCodeGenTest_A1_A2_profile.class
-rw-rw-r--   1 travis travis  3823 Jun  4 04:34 ModularCodeGenTest_A1.class
-rw-rw-r--   1 travis travis  9968 Jun  4 04:34 ModularCodeGenTest_A1.java
-rw-rw-r--   1 travis travis   880 Jun  4 04:34 ModularCodeGenTest_A1.mk
-rw-rw-r--   1 travis travis  1352 Jun  4 04:34 ModularCodeGenTest_A1_profile.class
-rw-rw-r--   1 travis travis  1394 Jun  4 04:34 ModularCodeGenTest_A1_profile.java
drwxrwxr-x   3 travis travis 36864 Jun  4 04:34 modulation2
drwxrwxr-x   3 travis travis 20480 Jun  4 04:31 Multiplexor
drwxrwxr-x 242 travis travis 12288 Jun  4 04:34 node_modules
drwxrwxr-x   3 travis travis 20480 Jun  4 04:31 PhaseUnwrap
-rw-rw-r--   1 travis travis   520 Jun  4 04:34 Repeat$_fireFunction_Repeat_Repeat$__f_sL_0.class
-rw-rw-r--   1 travis travis   522 Jun  4 04:34 Repeat$_fireFunction_Repeat_Repeat$__f_sL_10.class
-rw-rw-r--   1 travis travis   666 Jun  4 04:34 Repeat$_fireFunction_Repeat_Repeat$__f_sL_11.class
-rw-rw-r--   1 travis travis   522 Jun  4 04:34 Repeat$_fireFunction_Repeat_Repeat$__f_sL_13.class
-rw-rw-r--   1 travis travis   665 Jun  4 04:34 Repeat$_fireFunction_Repeat_Repeat$__f_sL_1.class
-rw-rw-r--   1 travis travis   520 Jun  4 04:34 Repeat$_fireFunction_Repeat_Repeat$__f_sL_2.class
-rw-rw-r--   1 travis travis   520 Jun  4 04:34 Repeat$_fireFunction_Repeat_Repeat$__f_sL_3.class
-rw-rw-r--   1 travis travis   520 Jun  4 04:34 Repeat$_fireFunction_Repeat_Repeat$__f_sL_5.class
-rw-rw-r--   1 travis travis   671 Jun  4 04:34 Repeat$_fireFunction_Repeat_Repeat$__f_sL_7.class
-rw-rw-r--   1 travis travis   520 Jun  4 04:34 Repeat$_fireFunction_Repeat_Repeat$__f_sL_9.class
-rw-rw-r--   1 travis travis   813 Jun  4 04:34 Repeat$_initialize_Repeat.class
-rw-rw-r--   1 travis travis   475 Jun  4 04:34 Repeat$_initialize_Repeat$__i_sL_0.class
-rw-rw-r--   1 travis travis   519 Jun  4 04:34 Repeat$_initialize_Repeat$__i_sL_3.class
-rw-rw-r--   1 travis travis 39778 Jun  4 04:34 Repeat.java
-rw-rw-r--   1 travis travis  1281 Jun  4 04:34 Repeat.mk
-rw-rw-r--   1 travis travis   520 Jun  4 04:34 Repeat$_preinitializeMethod_Repeat$__p_sL_0.class
-rw-rw-r--   1 travis travis   520 Jun  4 04:34 Repeat$_preinitializeMethod_Repeat$__p_sL_1.class
-rw-rw-r--   1 travis travis  1083 Jun  4 04:34 Repeat$_Repeat$_fireFunction_Repeat_AddSubtract_Repeat.class
-rw-rw-r--   1 travis travis   791 Jun  4 04:34 Repeat$_Repeat$_fireFunction_Repeat_AddSubtract_Repeat$__f_sL_0.class
-rw-rw-r--   1 travis travis   909 Jun  4 04:34 Repeat$_Repeat$_fireFunction_Repeat_AddSubtract_Repeat$__f_sL_1.class
-rw-rw-r--   1 travis travis   915 Jun  4 04:34 Repeat$_Repeat$_fireFunction_Repeat_AddSubtract_Repeat$__f_sL_2.class
-rw-rw-r--   1 travis travis   838 Jun  4 04:34 Repeat$_Repeat$_fireFunction_Repeat_Ramp2_Repeat$__f_sL_1.class
-rw-rw-r--   1 travis travis  1785 Jun  4 04:34 Repeat$_Repeat$_fireFunction_Repeat_Test_Repeat$__f_sL_2.class
-rw-rw-r--   1 travis travis   685 Jun  4 04:34 Repeat$_Repeat_SDF_Director_run_Repeat$__R_sL_0.class
-rw-rw-r--   1 travis travis   540 Jun  4 04:34 Repeat$_Repeat_SDF_Director_run_Repeat$__R_sL_1.class
-rw-rw-r--   1 travis travis   540 Jun  4 04:34 Repeat$_Repeat_SDF_Director_run_Repeat$__R_sL_2.class
-rw-rw-r--   1 travis travis   540 Jun  4 04:34 Repeat$_Repeat_SDF_Director_run_Repeat$__R_sL_4.class
-rw-rw-r--   1 travis travis   540 Jun  4 04:34 Repeat$_Repeat_SDF_Director_run_Repeat$__R_sL_5.class
-rw-rw-r--   1 travis travis   691 Jun  4 04:34 Repeat$_Repeat_SDF_Director_run_Repeat$__R_sL_6.class
-rw-rw-r--   1 travis travis   540 Jun  4 04:34 Repeat$_Repeat_SDF_Director_run_Repeat$__R_sL_7.class
-rw-rw-r--   1 travis travis   863 Jun  4 04:34 Repeat$_varinit_Repeat.class
-rw-rw-r--   1 travis travis   530 Jun  4 04:34 Repeat$_varinit_Repeat$__v_sL_1.class
-rw-rw-r--   1 travis travis   531 Jun  4 04:34 Repeat$_varinit_Repeat$__v_sL_2.class
-rw-rw-r--   1 travis travis   905 Jun  4 04:34 Repeat$_varinit_Repeat$__v_sL_4.class
-rw-rw-r--   1 travis travis   635 Jun  4 04:34 Repeat$_wrapup_Repeat.class
-rw-rw-r--   1 travis travis   965 Jun  4 04:34 Repeat$_wrapup_Repeat$__w_sL_1.class
-rw-rw-r--   1 travis travis   289 Jun  4 04:29 result.csv
drwxrwxr-x   3 travis travis 12288 Jun  4 04:32 Scrambler1
drwxrwxr-x   3 travis travis 20480 Jun  4 04:31 Sinewave2
drwxrwxr-x   3 travis travis 69632 Jun  4 04:32 StringCompare
drwxrwxr-x   3 travis travis 32768 Jun  4 04:32 StringFunction
drwxrwxr-x   3 travis travis 12288 Jun  4 04:32 StringLength
drwxrwxr-x   3 travis travis 57344 Jun  4 04:33 StringSimpleReplace
drwxrwxr-x   3 travis travis 12288 Jun  4 04:33 time2
drwxrwxr-x   3 travis travis 12288 Jun  4 04:34 time5
-rw-rw-r--   1 travis travis   432 Jun  4 04:34 Token.class
-rw-rw-r--   1 travis travis   251 Jun  4 04:34 Token.java
-rw-rw-r--   1 travis travis     0 Jun  4 04:34 top.
-rw-rw-r--   1 travis travis 20502 Jun  4 04:29 top.c
-rw-rw-r--   1 travis travis  3567 Jun  4 04:34 top.class
-rw-rw-r--   1 travis travis   169 Jun  4 04:29 top.html
-rw-rw-r--   1 travis travis  7552 Jun  4 04:34 top.java
-rw-rw-r--   1 travis travis 38888 Jun  4 04:29 top.o
drwxrwxr-x   3 travis travis 57344 Jun  4 04:31 UnaryMathFunction
All Done
Writing ModularCodeGen3_A1_B2.java in file:/home/travis/cg/ (9958 characters)
Reading "ptolemy/cg/kernel/generic/program/procedural/java/modular/makefile.in",
    writing "/home/travis/cg/ModularCodeGen3_A1_B2.mk"
Using ptolemy/cg/kernel/generic/program/procedural/java/modular/makefile.in
In "/home/travis/cg", about to execute:
    make -f ModularCodeGen3_A1_B2.mk
javac -classpath ".:.."    ModularCodeGen3_A1_B2.java
All Done
In "/home/travis/cg", about to execute:
    pwd
In "/home/travis/cg", about to execute:
    ls -l
/home/travis/cg
In "/home/travis/cg", about to execute:
    javac -classpath
.:/home/travis/build/icyphy/ptII:/home/travis/build/icyphy/ptII/lib/bsh-2.0b4.j
ar:/home/travis/build/icyphy/ptII/lib/ptCal.jar:/home/travis/build/icyphy/ptII/
lib/java_cup.jar:/home/travis/build/icyphy/ptII/lib/saxon8.jar:/home/travis/bui
ld/icyphy/ptII/lib/saxon8-dom.jar:/home/travis/build/icyphy/ptII/lib/chic.jar:/
home/travis/build/icyphy/ptII/lib/ptcolt.jar:/usr/lib/jvm/java-8-oracle/lib/too
ls.jar:/home/travis/build/icyphy/ptII/vendors/misc/itext/iText.jar:/home/travis
/build/icyphy/ptII/lib/g4ltl.jar:/home/travis/build/icyphy/ptII/lib/StructuralC
oder.jar:/home/travis/build/icyphy/ptII/vendors/jai-1_1_2_01/lib/jai_core.jar:/
home/travis/build/icyphy/ptII/vendors/jai-1_1_2_01/lib/jai_codec.jar:/home/trav
is/build/icyphy/ptII/lib/jcerti.jar:/home/travis/build/icyphy/ptII/lib/javax.ma
il.jar:/home/travis/build/icyphy/ptII/vendors/JMF-2.1.1e/lib/jmf.jar:/home/trav
is/build/icyphy/ptII/lib/jna-4.0.0-variadic.jar:/home/travis/build/icyphy/ptII/
vendors/misc/joystick/Joystick.jar:/home/travis/build/icyphy/ptII/lib/ptjacl.ja
r:/home/travis/build/icyphy/ptII/lib/jsoup-1.8.2.jar:/home/travis/build/icyphy/
ptII/lib/junit-4.8.2.jar:/home/travis/build/icyphy/ptII/lib/JUnitParams-0.4.0.j
ar:/home/travis/build/icyphy/ptII/ptolemy/actor/lib/excel/jxl.jar:/home/travis/
build/icyphy/ptII/lib/jython.jar:/home/travis/build/icyphy/ptII/lib/kieler.jar:
/home/travis/build/icyphy/ptII/vendors/opencv/share/OpenCV/java/opencv-341.jar:
/home/travis/build/icyphy/ptII/lib/oscP5.jar:/home/travis/build/icyphy/ptII/lib
/nrjavaserial-3.11.0.devel.jar:/home/travis/build/icyphy/ptII/vendors/j3d/lib/j
3dcore.jar:/home/travis/build/icyphy/ptII/vendors/j3d/lib/j3dutils.jar:/home/tr
avis/build/icyphy/ptII/vendors/j3d/lib/vecmath.jar:/home/travis/build/icyphy/pt
II/ptolemy/distributed/jini/jar/jini-core.jar:/home/travis/build/icyphy/ptII/pt
olemy/distributed/jini/jar/jini-ext.jar:/home/travis/build/icyphy/ptII/ptolemy/
distributed/jini/jar/sun-util.jar:/home/travis/build/icyphy/ptII/lib/protobuf-j
ava-2.4.1.jar:/home/travis/build/icyphy/ptII/lib/org.eclipse.paho.client.mqttv3
.jar:/home/travis/build/icyphy/ptII/lib/mapss.jar:/home/travis/build/icyphy/ptI
I/ptolemy/actor/ptalon/antlr/antlr.jar:/home/travis/build/icyphy/ptII/lib/JRI.j
ar:/home/travis/build/icyphy/ptII/lib/commons-lang-2.6.jar:/home/travis/build/i
cyphy/ptII/lib/commons-logging-1.1.1.jar:/home/travis/build/icyphy/ptII/lib/soo
tclasses.jar:/home/travis/build/icyphy/ptII/ptolemy/actor/lib/database/mysql-co
nnector-java-5.1.6-bin.jar:/home/travis/build/icyphy/ptII/vendors/misc/sphinx4/
sphinx4-data-5prealpha.jar:/home/travis/build/icyphy/ptII/vendors/misc/sphinx4/
sphinx4-core-5prealpha.jar:/home/travis/build/icyphy/ptII/lib/PDFRenderer.jar:/
home/travis/build/icyphy/ptII/lib/svgSalamander.jar:/home/travis/build/icyphy/p
tII/lib/rsyntaxtextarea-2.6.0-SNAPSHOT.jar:/home/travis/build/icyphy/ptII/lib/h
azelcast-3.8.2.jar:/home/travis/build/icyphy/ptII/lib/jackson-annotations-2.9.0
.jar:/home/travis/build/icyphy/ptII/lib/jackson-core-2.9.3.jar:/home/travis/bui
ld/icyphy/ptII/lib/jackson-databind-2.9.3.jar:/home/travis/build/icyphy/ptII/li
b/netty-buffer-4.1.19.Final.jar:/home/travis/build/icyphy/ptII/lib/netty-codec-
4.1.19.Final.jar:/home/travis/build/icyphy/ptII/lib/netty-codec-dns-4.1.19.Fina
l.jar:/home/travis/build/icyphy/ptII/lib/netty-codec-http-4.1.19.Final.jar:/hom
e/travis/build/icyphy/ptII/lib/netty-codec-http2-4.1.19.Final.jar:/home/travis/
build/icyphy/ptII/lib/netty-common-4.1.19.Final.jar:/home/travis/build/icyphy/p
tII/lib/netty-handler-4.1.19.Final.jar:/home/travis/build/icyphy/ptII/lib/netty
-resolver-4.1.19.Final.jar:/home/travis/build/icyphy/ptII/lib/netty-resolver-dn
s-4.1.19.Final.jar:/home/travis/build/icyphy/ptII/lib/netty-transport-4.1.19.Fi
nal.jar:/home/travis/build/icyphy/ptII/lib/vertx-codegen-3.5.1.jar:/home/travis
/build/icyphy/ptII/lib/vertx-core-3.5.2-SNAPSHOT.jar:/home/travis/build/icyphy/
ptII/lib/vertx-hazelcast-3.5.1.jar:/home/travis/build/icyphy/ptII/lib/vertx-lan
g-js-3.5.1.jar:/home/travis/build/icyphy/ptII/lib/vertx-service-proxy-3.5.1.jar
:/home/travis/build/icyphy/ptII/lib/vertx-web-3.5.1.jar:/home/travis/build/icyp
hy/ptII/lib/slf4j-api-1.7.13.jar:/home/travis/build/icyphy/ptII/lib/slf4j-simpl
e-1.7.13.jar:/home/travis/build/icyphy/ptII/lib/webcam-capture-0.3.12.jar:/home
/travis/build/icyphy/ptII/lib/bridj-0.7.0.jar:/home/travis/build/icyphy/ptII/li
b/xbjlib-1.1.0.nrjavaserial.jar:/home/travis/build/icyphy/ptII/ptolemy/moml/tes
t:/home/travis/build/icyphy/ptII/ant/lib/ant-launcher.jar:/home/travis/build/ic
yphy/ptII/ant/lib/ant.jar:/home/travis/build/icyphy/ptII/ant/lib/ant-junit.jar:
/home/travis/build/icyphy/ptII/ant/lib/ant-junit4.jar:/home/travis/build/icyphy
/ptII ModularCodeGen3_A1_profile.java
total 1420
drwxrwxr-x   3 travis travis 12288 Jun  4 04:30 AbsoluteValue
drwxrwxr-x   3 travis travis 16384 Jun  4 04:30 Case1
drwxrwxr-x   3 travis travis 32768 Jun  4 04:30 Case2
-rw-rw-r--   1 travis travis  4895 Jun  4 04:34 CompiledCompositeActor_CompiledCompositeActor.class
-rw-rw-r--   1 travis travis  1592 Jun  4 04:34 CompiledCompositeActor_CompiledCompositeActor$_CompiledCompositeActor_CompiledCompositeActor.class
-rw-rw-r--   1 travis travis 13466 Jun  4 04:34 CompiledCompositeActor_CompiledCompositeActor.java
-rw-rw-r--   1 travis travis  1593 Jun  4 04:34 CompiledCompositeActor_CompiledCompositeActor.mk
drwxrwxr-x   3 travis travis 24576 Jun  4 04:32 DeScrambler
drwxrwxr-x   3 travis travis 16384 Jun  4 04:33 DotProduct
drwxrwxr-x   3 travis travis 12288 Jun  4 04:30 FileWriter1
drwxrwxr-x   3 travis travis 20480 Jun  4 04:29 FixToDoubleAndBack
drwxrwxr-x   3 travis travis 16384 Jun  4 04:30 Gaussian1
drwxrwxr-x   3 travis travis 20480 Jun  4 04:30 Gaussian2
-rw-rw-r--   1 travis travis  4457 Jun  4 04:34 JavaCompiledCompositeTest1_CompiledCompositeActor.class
-rw-rw-r--   1 travis travis 11637 Jun  4 04:34 JavaCompiledCompositeTest1_CompiledCompositeActor.java
-rw-rw-r--   1 travis travis  1198 Jun  4 04:34 JavaCompiledCompositeTest1_CompiledCompositeActor$_JavaCompiledCompositeTest1_CompiledCompositeActor.class
-rw-rw-r--   1 travis travis  1625 Jun  4 04:34 JavaCompiledCompositeTest1_CompiledCompositeActor.mk
-rw-rw-r--   1 travis travis  4888 Jun  4 04:34 JavaCompiledCompositeTest2_CompiledCompositeActor.class
-rw-rw-r--   1 travis travis 14919 Jun  4 04:34 JavaCompiledCompositeTest2_CompiledCompositeActor.java
-rw-rw-r--   1 travis travis  1793 Jun  4 04:34 JavaCompiledCompositeTest2_CompiledCompositeActor$_JavaCompiledCompositeTest2_CompiledCompositeActor.class
-rw-rw-r--   1 travis travis  1625 Jun  4 04:34 JavaCompiledCompositeTest2_CompiledCompositeActor.mk
-rw-rw-r--   1 travis travis  4505 Jun  4 04:34 JavaCompiledCompositeTest3_CompiledCompositeActor.class
-rw-rw-r--   1 travis travis 13080 Jun  4 04:34 JavaCompiledCompositeTest3_CompiledCompositeActor.java
-rw-rw-r--   1 travis travis  1378 Jun  4 04:34 JavaCompiledCompositeTest3_CompiledCompositeActor$_JavaCompiledCompositeTest3_CompiledCompositeActor.class
-rw-rw-r--   1 travis travis  1625 Jun  4 04:34 JavaCompiledCompositeTest3_CompiledCompositeActor.mk
-rw-rw-r--   1 travis travis  3953 Jun  4 04:34 JavaCompiledCompositeTest4_CompiledCompositeActor.class
-rw-rw-r--   1 travis travis  9687 Jun  4 04:34 JavaCompiledCompositeTest4_CompiledCompositeActor.java
-rw-rw-r--   1 travis travis   857 Jun  4 04:34 JavaCompiledCompositeTest4_CompiledCompositeActor$_JavaCompiledCompositeTest4_CompiledCompositeActor.class
-rw-rw-r--   1 travis travis  1625 Jun  4 04:34 JavaCompiledCompositeTest4_CompiledCompositeActor.mk
drwxrwxr-x   3 travis travis 12288 Jun  4 04:30 LookupTable
drwxrwxr-x   3 travis travis 20480 Jun  4 04:31 MaxIndex
-rw-rw-r--   1 travis travis  3693 Jun  4 04:34 ModularCG_A1_B1.class
-rw-rw-r--   1 travis travis  9730 Jun  4 04:34 ModularCG_A1_B1.java
-rw-rw-r--   1 travis travis   832 Jun  4 04:34 ModularCG_A1_B1.mk
-rw-rw-r--   1 travis travis  1318 Jun  4 04:34 ModularCG_A1_B1_profile.class
-rw-rw-r--   1 travis travis  1262 Jun  4 04:34 ModularCG_A1_B1_profile.java
-rw-rw-r--   1 travis travis  3693 Jun  4 04:34 ModularCG_A1_B2.class
-rw-rw-r--   1 travis travis  9730 Jun  4 04:34 ModularCG_A1_B2.java
-rw-rw-r--   1 travis travis   832 Jun  4 04:34 ModularCG_A1_B2.mk
-rw-rw-r--   1 travis travis  1318 Jun  4 04:34 ModularCG_A1_B2_profile.class
-rw-rw-r--   1 travis travis  1262 Jun  4 04:34 ModularCG_A1_B2_profile.java
-rw-rw-r--   1 travis travis  4799 Jun  4 04:34 ModularCG_A1.class
-rw-rw-r--   1 travis travis 14742 Jun  4 04:34 ModularCG_A1.java
-rw-rw-r--   1 travis travis   808 Jun  4 04:34 ModularCG_A1.mk
-rw-rw-r--   1 travis travis  1433 Jun  4 04:34 ModularCG_A1_profile.class
-rw-rw-r--   1 travis travis  1704 Jun  4 04:34 ModularCG_A1_profile.java
-rw-rw-r--   1 travis travis  3827 Jun  4 04:34 ModularCG_A2_B1.class
-rw-rw-r--   1 travis travis 10667 Jun  4 04:34 ModularCG_A2_B1.java
-rw-rw-r--   1 travis travis   832 Jun  4 04:34 ModularCG_A2_B1.mk
-rw-rw-r--   1 travis travis  1381 Jun  4 04:34 ModularCG_A2_B1_profile.class
-rw-rw-r--   1 travis travis  1446 Jun  4 04:34 ModularCG_A2_B1_profile.java
-rw-rw-r--   1 travis travis  3693 Jun  4 04:34 ModularCG_A2_B2.class
-rw-rw-r--   1 travis travis  9730 Jun  4 04:34 ModularCG_A2_B2.java
-rw-rw-r--   1 travis travis   832 Jun  4 04:34 ModularCG_A2_B2.mk
-rw-rw-r--   1 travis travis  1318 Jun  4 04:34 ModularCG_A2_B2_profile.class
-rw-rw-r--   1 travis travis  1262 Jun  4 04:34 ModularCG_A2_B2_profile.java
-rw-rw-r--   1 travis travis  4870 Jun  4 04:34 ModularCG_A2.class
-rw-rw-r--   1 travis travis 15129 Jun  4 04:34 ModularCG_A2.java
-rw-rw-r--   1 travis travis   808 Jun  4 04:34 ModularCG_A2.mk
-rw-rw-r--   1 travis travis  1433 Jun  4 04:34 ModularCG_A2_profile.class
-rw-rw-r--   1 travis travis  1704 Jun  4 04:34 ModularCG_A2_profile.java
-rw-rw-r--   1 travis travis  3473 Jun  4 04:34 ModularCGPubSub_A1_A2.class
-rw-rw-r--   1 travis travis  9076 Jun  4 04:34 ModularCGPubSub_A1_A2.java
-rw-rw-r--   1 travis travis   880 Jun  4 04:34 ModularCGPubSub_A1_A2.mk
-rw-rw-r--   1 travis travis  1300 Jun  4 04:34 ModularCGPubSub_A1_A2_profile.class
-rw-rw-r--   1 travis travis  1222 Jun  4 04:34 ModularCGPubSub_A1_A2_profile.java
-rw-rw-r--   1 travis travis  3790 Jun  4 04:34 ModularCGPubSub_A1.class
-rw-rw-r--   1 travis travis  9836 Jun  4 04:34 ModularCGPubSub_A1.java
-rw-rw-r--   1 travis travis   856 Jun  4 04:34 ModularCGPubSub_A1.mk
-rw-rw-r--   1 travis travis  1346 Jun  4 04:34 ModularCGPubSub_A1_profile.class
-rw-rw-r--   1 travis travis  1388 Jun  4 04:34 ModularCGPubSub_A1_profile.java
-rw-rw-r--   1 travis travis  3988 Jun  4 04:34 ModularCodeGen2_ModularCodeGenTypedCompositeActor.class
-rw-rw-r--   1 travis travis 11690 Jun  4 04:34 ModularCodeGen2_ModularCodeGenTypedCompositeActor.java
-rw-rw-r--   1 travis travis  1104 Jun  4 04:34 ModularCodeGen2_ModularCodeGenTypedCompositeActor.mk
-rw-rw-r--   1 travis travis  4272 Jun  4 04:34 ModularCodeGen2_ModularCodeGenTypedCompositeActor_ModularCodeGenTypedCompositeActor.class
-rw-rw-r--   1 travis travis 11790 Jun  4 04:34 ModularCodeGen2_ModularCodeGenTypedCompositeActor_ModularCodeGenTypedCompositeActor.java
-rw-rw-r--   1 travis travis  1376 Jun  4 04:34 ModularCodeGen2_ModularCodeGenTypedCompositeActor_ModularCodeGenTypedCompositeActor.mk
-rw-rw-r--   1 travis travis  1421 Jun  4 04:34 ModularCodeGen2_ModularCodeGenTypedCompositeActor_ModularCodeGenTypedCompositeActor_profile.class
-rw-rw-r--   1 travis travis  1294 Jun  4 04:34 ModularCodeGen2_ModularCodeGenTypedCompositeActor_ModularCodeGenTypedCompositeActor_profile.java
-rw-rw-r--   1 travis travis   820 Jun  4 04:34 ModularCodeGen2_ModularCodeGenTypedCompositeActor_profile.class
-rw-rw-r--   1 travis travis   693 Jun  4 04:34 ModularCodeGen2_ModularCodeGenTypedCompositeActor_profile.java
-rw-rw-r--   1 travis travis  3741 Jun  4 04:34 ModularCodeGen3_A1_B1.class
-rw-rw-r--   1 travis travis  9958 Jun  4 04:34 ModularCodeGen3_A1_B1.java
-rw-rw-r--   1 travis travis   880 Jun  4 04:34 ModularCodeGen3_A1_B1.mk
-rw-rw-r--   1 travis travis  1330 Jun  4 04:34 ModularCodeGen3_A1_B1_profile.class
-rw-rw-r--   1 travis travis  1274 Jun  4 04:34 ModularCodeGen3_A1_B1_profile.java
-rw-rw-r--   1 travis travis  3741 Jun  4 04:35 ModularCodeGen3_A1_B2.class
-rw-rw-r--   1 travis travis  9958 Jun  4 04:35 ModularCodeGen3_A1_B2.java
-rw-rw-r--   1 travis travis   880 Jun  4 04:35 ModularCodeGen3_A1_B2.mk
-rw-rw-r--   1 travis travis  1330 Jun  4 04:35 ModularCodeGen3_A1_B2_profile.class
-rw-rw-r--   1 travis travis  1274 Jun  4 04:34 ModularCodeGen3_A1_B2_profile.java
-rw-rw-r--   1 travis travis  1716 Jun  4 04:35 ModularCodeGen3_A1_profile.java
-rw-rw-r--   1 travis travis  3954 Jun  4 04:34 ModularCodeGen_ModularCodeGenTypedCompositeActor.class
-rw-rw-r--   1 travis travis 10970 Jun  4 04:34 ModularCodeGen_ModularCodeGenTypedCompositeActor.java
-rw-rw-r--   1 travis travis  1096 Jun  4 04:34 ModularCodeGen_ModularCodeGenTypedCompositeActor.mk
-rw-rw-r--   1 travis travis  1384 Jun  4 04:34 ModularCodeGen_ModularCodeGenTypedCompositeActor_profile.class
-rw-rw-r--   1 travis travis  1328 Jun  4 04:34 ModularCodeGen_ModularCodeGenTypedCompositeActor_profile.java
-rw-rw-r--   1 travis travis  3492 Jun  4 04:34 ModularCodeGenTest_A1_A2.class
-rw-rw-r--   1 travis travis   904 Jun  4 04:34 ModularCodeGenTest_A1_A2.mk
-rw-rw-r--   1 travis travis  1306 Jun  4 04:34 ModularCodeGenTest_A1_A2_profile.class
-rw-rw-r--   1 travis travis  3823 Jun  4 04:34 ModularCodeGenTest_A1.class
-rw-rw-r--   1 travis travis  9968 Jun  4 04:34 ModularCodeGenTest_A1.java
-rw-rw-r--   1 travis travis   880 Jun  4 04:34 ModularCodeGenTest_A1.mk
-rw-rw-r--   1 travis travis  1352 Jun  4 04:34 ModularCodeGenTest_A1_profile.class
-rw-rw-r--   1 travis travis  1394 Jun  4 04:34 ModularCodeGenTest_A1_profile.java
drwxrwxr-x   3 travis travis 36864 Jun  4 04:34 modulation2
drwxrwxr-x   3 travis travis 20480 Jun  4 04:31 Multiplexor
drwxrwxr-x 242 travis travis 12288 Jun  4 04:34 node_modules
drwxrwxr-x   3 travis travis 20480 Jun  4 04:31 PhaseUnwrap
-rw-rw-r--   1 travis travis   520 Jun  4 04:34 Repeat$_fireFunction_Repeat_Repeat$__f_sL_0.class
-rw-rw-r--   1 travis travis   522 Jun  4 04:34 Repeat$_fireFunction_Repeat_Repeat$__f_sL_10.class
-rw-rw-r--   1 travis travis   666 Jun  4 04:34 Repeat$_fireFunction_Repeat_Repeat$__f_sL_11.class
-rw-rw-r--   1 travis travis   522 Jun  4 04:34 Repeat$_fireFunction_Repeat_Repeat$__f_sL_13.class
-rw-rw-r--   1 travis travis   665 Jun  4 04:34 Repeat$_fireFunction_Repeat_Repeat$__f_sL_1.class
-rw-rw-r--   1 travis travis   520 Jun  4 04:34 Repeat$_fireFunction_Repeat_Repeat$__f_sL_2.class
-rw-rw-r--   1 travis travis   520 Jun  4 04:34 Repeat$_fireFunction_Repeat_Repeat$__f_sL_3.class
-rw-rw-r--   1 travis travis   520 Jun  4 04:34 Repeat$_fireFunction_Repeat_Repeat$__f_sL_5.class
-rw-rw-r--   1 travis travis   671 Jun  4 04:34 Repeat$_fireFunction_Repeat_Repeat$__f_sL_7.class
-rw-rw-r--   1 travis travis   520 Jun  4 04:34 Repeat$_fireFunction_Repeat_Repeat$__f_sL_9.class
-rw-rw-r--   1 travis travis   813 Jun  4 04:34 Repeat$_initialize_Repeat.class
-rw-rw-r--   1 travis travis   475 Jun  4 04:34 Repeat$_initialize_Repeat$__i_sL_0.class
-rw-rw-r--   1 travis travis   519 Jun  4 04:34 Repeat$_initialize_Repeat$__i_sL_3.class
-rw-rw-r--   1 travis travis 39778 Jun  4 04:34 Repeat.java
-rw-rw-r--   1 travis travis  1281 Jun  4 04:34 Repeat.mk
-rw-rw-r--   1 travis travis   520 Jun  4 04:34 Repeat$_preinitializeMethod_Repeat$__p_sL_0.class
-rw-rw-r--   1 travis travis   520 Jun  4 04:34 Repeat$_preinitializeMethod_Repeat$__p_sL_1.class
-rw-rw-r--   1 travis travis  1083 Jun  4 04:34 Repeat$_Repeat$_fireFunction_Repeat_AddSubtract_Repeat.class
-rw-rw-r--   1 travis travis   791 Jun  4 04:34 Repeat$_Repeat$_fireFunction_Repeat_AddSubtract_Repeat$__f_sL_0.class
-rw-rw-r--   1 travis travis   909 Jun  4 04:34 Repeat$_Repeat$_fireFunction_Repeat_AddSubtract_Repeat$__f_sL_1.class
-rw-rw-r--   1 travis travis   915 Jun  4 04:34 Repeat$_Repeat$_fireFunction_Repeat_AddSubtract_Repeat$__f_sL_2.class
-rw-rw-r--   1 travis travis   838 Jun  4 04:34 Repeat$_Repeat$_fireFunction_Repeat_Ramp2_Repeat$__f_sL_1.class
-rw-rw-r--   1 travis travis  1785 Jun  4 04:34 Repeat$_Repeat$_fireFunction_Repeat_Test_Repeat$__f_sL_2.class
-rw-rw-r--   1 travis travis   685 Jun  4 04:34 Repeat$_Repeat_SDF_Director_run_Repeat$__R_sL_0.class
-rw-rw-r--   1 travis travis   540 Jun  4 04:34 Repeat$_Repeat_SDF_Director_run_Repeat$__R_sL_1.class
-rw-rw-r--   1 travis travis   540 Jun  4 04:34 Repeat$_Repeat_SDF_Director_run_Repeat$__R_sL_2.class
-rw-rw-r--   1 travis travis   540 Jun  4 04:34 Repeat$_Repeat_SDF_Director_run_Repeat$__R_sL_4.class
-rw-rw-r--   1 travis travis   540 Jun  4 04:34 Repeat$_Repeat_SDF_Director_run_Repeat$__R_sL_5.class
-rw-rw-r--   1 travis travis   691 Jun  4 04:34 Repeat$_Repeat_SDF_Director_run_Repeat$__R_sL_6.class
-rw-rw-r--   1 travis travis   540 Jun  4 04:34 Repeat$_Repeat_SDF_Director_run_Repeat$__R_sL_7.class
-rw-rw-r--   1 travis travis   863 Jun  4 04:34 Repeat$_varinit_Repeat.class
-rw-rw-r--   1 travis travis   530 Jun  4 04:34 Repeat$_varinit_Repeat$__v_sL_1.class
-rw-rw-r--   1 travis travis   531 Jun  4 04:34 Repeat$_varinit_Repeat$__v_sL_2.class
-rw-rw-r--   1 travis travis   905 Jun  4 04:34 Repeat$_varinit_Repeat$__v_sL_4.class
-rw-rw-r--   1 travis travis   635 Jun  4 04:34 Repeat$_wrapup_Repeat.class
-rw-rw-r--   1 travis travis   965 Jun  4 04:34 Repeat$_wrapup_Repeat$__w_sL_1.class
-rw-rw-r--   1 travis travis   289 Jun  4 04:29 result.csv
drwxrwxr-x   3 travis travis 12288 Jun  4 04:32 Scrambler1
drwxrwxr-x   3 travis travis 20480 Jun  4 04:31 Sinewave2
drwxrwxr-x   3 travis travis 69632 Jun  4 04:32 StringCompare
drwxrwxr-x   3 travis travis 32768 Jun  4 04:32 StringFunction
drwxrwxr-x   3 travis travis 12288 Jun  4 04:32 StringLength
drwxrwxr-x   3 travis travis 57344 Jun  4 04:33 StringSimpleReplace
drwxrwxr-x   3 travis travis 12288 Jun  4 04:33 time2
drwxrwxr-x   3 travis travis 12288 Jun  4 04:34 time5
-rw-rw-r--   1 travis travis   432 Jun  4 04:35 Token.class
-rw-rw-r--   1 travis travis   251 Jun  4 04:35 Token.java
-rw-rw-r--   1 travis travis     0 Jun  4 04:34 top.
-rw-rw-r--   1 travis travis 20502 Jun  4 04:29 top.c
-rw-rw-r--   1 travis travis  3567 Jun  4 04:34 top.class
-rw-rw-r--   1 travis travis   169 Jun  4 04:29 top.html
-rw-rw-r--   1 travis travis  7552 Jun  4 04:34 top.java
-rw-rw-r--   1 travis travis 38888 Jun  4 04:29 top.o
drwxrwxr-x   3 travis travis 57344 Jun  4 04:31 UnaryMathFunction
All Done
Writing ModularCodeGen3_A1.java in file:/home/travis/cg/ (15564 characters)
Reading "ptolemy/cg/kernel/generic/program/procedural/java/modular/makefile.in",
    writing "/home/travis/cg/ModularCodeGen3_A1.mk"
Using ptolemy/cg/kernel/generic/program/procedural/java/modular/makefile.in
In "/home/travis/cg", about to execute:
    make -f ModularCodeGen3_A1.mk
javac -classpath ".:.."    ModularCodeGen3_A1.java
All Done
In "/home/travis/cg", about to execute:
    pwd
/home/travis/cg
In "/home/travis/cg", about to execute:
    ls -l
total 1456
drwxrwxr-x   3 travis travis 12288 Jun  4 04:30 AbsoluteValue
drwxrwxr-x   3 travis travis 16384 Jun  4 04:30 Case1
drwxrwxr-x   3 travis travis 32768 Jun  4 04:30 Case2
-rw-rw-r--   1 travis travis  4895 Jun  4 04:34 CompiledCompositeActor_CompiledCompositeActor.class
-rw-rw-r--   1 travis travis  1592 Jun  4 04:34 CompiledCompositeActor_CompiledCompositeActor$_CompiledCompositeActor_CompiledCompositeActor.class
-rw-rw-r--   1 travis travis 13466 Jun  4 04:34 CompiledCompositeActor_CompiledCompositeActor.java
-rw-rw-r--   1 travis travis  1593 Jun  4 04:34 CompiledCompositeActor_CompiledCompositeActor.mk
drwxrwxr-x   3 travis travis 24576 Jun  4 04:32 DeScrambler
drwxrwxr-x   3 travis travis 16384 Jun  4 04:33 DotProduct
drwxrwxr-x   3 travis travis 12288 Jun  4 04:30 FileWriter1
drwxrwxr-x   3 travis travis 20480 Jun  4 04:29 FixToDoubleAndBack
drwxrwxr-x   3 travis travis 16384 Jun  4 04:30 Gaussian1
drwxrwxr-x   3 travis travis 20480 Jun  4 04:30 Gaussian2
-rw-rw-r--   1 travis travis  4457 Jun  4 04:34 JavaCompiledCompositeTest1_CompiledCompositeActor.class
-rw-rw-r--   1 travis travis 11637 Jun  4 04:34 JavaCompiledCompositeTest1_CompiledCompositeActor.java
-rw-rw-r--   1 travis travis  1198 Jun  4 04:34 JavaCompiledCompositeTest1_CompiledCompositeActor$_JavaCompiledCompositeTest1_CompiledCompositeActor.class
-rw-rw-r--   1 travis travis  1625 Jun  4 04:34 JavaCompiledCompositeTest1_CompiledCompositeActor.mk
-rw-rw-r--   1 travis travis  4888 Jun  4 04:34 JavaCompiledCompositeTest2_CompiledCompositeActor.class
-rw-rw-r--   1 travis travis 14919 Jun  4 04:34 JavaCompiledCompositeTest2_CompiledCompositeActor.java
-rw-rw-r--   1 travis travis  1793 Jun  4 04:34 JavaCompiledCompositeTest2_CompiledCompositeActor$_JavaCompiledCompositeTest2_CompiledCompositeActor.class
-rw-rw-r--   1 travis travis  1625 Jun  4 04:34 JavaCompiledCompositeTest2_CompiledCompositeActor.mk
-rw-rw-r--   1 travis travis  4505 Jun  4 04:34 JavaCompiledCompositeTest3_CompiledCompositeActor.class
-rw-rw-r--   1 travis travis 13080 Jun  4 04:34 JavaCompiledCompositeTest3_CompiledCompositeActor.java
-rw-rw-r--   1 travis travis  1378 Jun  4 04:34 JavaCompiledCompositeTest3_CompiledCompositeActor$_JavaCompiledCompositeTest3_CompiledCompositeActor.class
-rw-rw-r--   1 travis travis  1625 Jun  4 04:34 JavaCompiledCompositeTest3_CompiledCompositeActor.mk
-rw-rw-r--   1 travis travis  3953 Jun  4 04:34 JavaCompiledCompositeTest4_CompiledCompositeActor.class
-rw-rw-r--   1 travis travis  9687 Jun  4 04:34 JavaCompiledCompositeTest4_CompiledCompositeActor.java
-rw-rw-r--   1 travis travis   857 Jun  4 04:34 JavaCompiledCompositeTest4_CompiledCompositeActor$_JavaCompiledCompositeTest4_CompiledCompositeActor.class
-rw-rw-r--   1 travis travis  1625 Jun  4 04:34 JavaCompiledCompositeTest4_CompiledCompositeActor.mk
drwxrwxr-x   3 travis travis 12288 Jun  4 04:30 LookupTable
drwxrwxr-x   3 travis travis 20480 Jun  4 04:31 MaxIndex
-rw-rw-r--   1 travis travis  3693 Jun  4 04:34 ModularCG_A1_B1.class
-rw-rw-r--   1 travis travis  9730 Jun  4 04:34 ModularCG_A1_B1.java
-rw-rw-r--   1 travis travis   832 Jun  4 04:34 ModularCG_A1_B1.mk
-rw-rw-r--   1 travis travis  1318 Jun  4 04:34 ModularCG_A1_B1_profile.class
-rw-rw-r--   1 travis travis  1262 Jun  4 04:34 ModularCG_A1_B1_profile.java
-rw-rw-r--   1 travis travis  3693 Jun  4 04:34 ModularCG_A1_B2.class
-rw-rw-r--   1 travis travis  9730 Jun  4 04:34 ModularCG_A1_B2.java
-rw-rw-r--   1 travis travis   832 Jun  4 04:34 ModularCG_A1_B2.mk
-rw-rw-r--   1 travis travis  1318 Jun  4 04:34 ModularCG_A1_B2_profile.class
-rw-rw-r--   1 travis travis  1262 Jun  4 04:34 ModularCG_A1_B2_profile.java
-rw-rw-r--   1 travis travis  4799 Jun  4 04:34 ModularCG_A1.class
-rw-rw-r--   1 travis travis 14742 Jun  4 04:34 ModularCG_A1.java
-rw-rw-r--   1 travis travis   808 Jun  4 04:34 ModularCG_A1.mk
-rw-rw-r--   1 travis travis  1433 Jun  4 04:34 ModularCG_A1_profile.class
-rw-rw-r--   1 travis travis  1704 Jun  4 04:34 ModularCG_A1_profile.java
-rw-rw-r--   1 travis travis  3827 Jun  4 04:34 ModularCG_A2_B1.class
-rw-rw-r--   1 travis travis 10667 Jun  4 04:34 ModularCG_A2_B1.java
-rw-rw-r--   1 travis travis   832 Jun  4 04:34 ModularCG_A2_B1.mk
-rw-rw-r--   1 travis travis  1381 Jun  4 04:34 ModularCG_A2_B1_profile.class
-rw-rw-r--   1 travis travis  1446 Jun  4 04:34 ModularCG_A2_B1_profile.java
-rw-rw-r--   1 travis travis  3693 Jun  4 04:34 ModularCG_A2_B2.class
-rw-rw-r--   1 travis travis  9730 Jun  4 04:34 ModularCG_A2_B2.java
-rw-rw-r--   1 travis travis   832 Jun  4 04:34 ModularCG_A2_B2.mk
-rw-rw-r--   1 travis travis  1318 Jun  4 04:34 ModularCG_A2_B2_profile.class
-rw-rw-r--   1 travis travis  1262 Jun  4 04:34 ModularCG_A2_B2_profile.java
-rw-rw-r--   1 travis travis  4870 Jun  4 04:34 ModularCG_A2.class
-rw-rw-r--   1 travis travis 15129 Jun  4 04:34 ModularCG_A2.java
-rw-rw-r--   1 travis travis   808 Jun  4 04:34 ModularCG_A2.mk
-rw-rw-r--   1 travis travis  1433 Jun  4 04:34 ModularCG_A2_profile.class
-rw-rw-r--   1 travis travis  1704 Jun  4 04:34 ModularCG_A2_profile.java
-rw-rw-r--   1 travis travis  3473 Jun  4 04:34 ModularCGPubSub_A1_A2.class
-rw-rw-r--   1 travis travis  9076 Jun  4 04:34 ModularCGPubSub_A1_A2.java
-rw-rw-r--   1 travis travis   880 Jun  4 04:34 ModularCGPubSub_A1_A2.mk
-rw-rw-r--   1 travis travis  1300 Jun  4 04:34 ModularCGPubSub_A1_A2_profile.class
-rw-rw-r--   1 travis travis  1222 Jun  4 04:34 ModularCGPubSub_A1_A2_profile.java
-rw-rw-r--   1 travis travis  3790 Jun  4 04:34 ModularCGPubSub_A1.class
-rw-rw-r--   1 travis travis  9836 Jun  4 04:34 ModularCGPubSub_A1.java
-rw-rw-r--   1 travis travis   856 Jun  4 04:34 ModularCGPubSub_A1.mk
-rw-rw-r--   1 travis travis  1346 Jun  4 04:34 ModularCGPubSub_A1_profile.class
-rw-rw-r--   1 travis travis  1388 Jun  4 04:34 ModularCGPubSub_A1_profile.java
-rw-rw-r--   1 travis travis  3988 Jun  4 04:34 ModularCodeGen2_ModularCodeGenTypedCompositeActor.class
-rw-rw-r--   1 travis travis 11690 Jun  4 04:34 ModularCodeGen2_ModularCodeGenTypedCompositeActor.java
-rw-rw-r--   1 travis travis  1104 Jun  4 04:34 ModularCodeGen2_ModularCodeGenTypedCompositeActor.mk
-rw-rw-r--   1 travis travis  4272 Jun  4 04:34 ModularCodeGen2_ModularCodeGenTypedCompositeActor_ModularCodeGenTypedCompositeActor.class
-rw-rw-r--   1 travis travis 11790 Jun  4 04:34 ModularCodeGen2_ModularCodeGenTypedCompositeActor_ModularCodeGenTypedCompositeActor.java
-rw-rw-r--   1 travis travis  1376 Jun  4 04:34 ModularCodeGen2_ModularCodeGenTypedCompositeActor_ModularCodeGenTypedCompositeActor.mk
-rw-rw-r--   1 travis travis  1421 Jun  4 04:34 ModularCodeGen2_ModularCodeGenTypedCompositeActor_ModularCodeGenTypedCompositeActor_profile.class
-rw-rw-r--   1 travis travis  1294 Jun  4 04:34 ModularCodeGen2_ModularCodeGenTypedCompositeActor_ModularCodeGenTypedCompositeActor_profile.java
-rw-rw-r--   1 travis travis   820 Jun  4 04:34 ModularCodeGen2_ModularCodeGenTypedCompositeActor_profile.class
-rw-rw-r--   1 travis travis   693 Jun  4 04:34 ModularCodeGen2_ModularCodeGenTypedCompositeActor_profile.java
-rw-rw-r--   1 travis travis  3741 Jun  4 04:34 ModularCodeGen3_A1_B1.class
-rw-rw-r--   1 travis travis  9958 Jun  4 04:34 ModularCodeGen3_A1_B1.java
-rw-rw-r--   1 travis travis   880 Jun  4 04:34 ModularCodeGen3_A1_B1.mk
-rw-rw-r--   1 travis travis  1330 Jun  4 04:34 ModularCodeGen3_A1_B1_profile.class
-rw-rw-r--   1 travis travis  1274 Jun  4 04:34 ModularCodeGen3_A1_B1_profile.java
-rw-rw-r--   1 travis travis  3741 Jun  4 04:35 ModularCodeGen3_A1_B2.class
-rw-rw-r--   1 travis travis  9958 Jun  4 04:35 ModularCodeGen3_A1_B2.java
-rw-rw-r--   1 travis travis   880 Jun  4 04:35 ModularCodeGen3_A1_B2.mk
-rw-rw-r--   1 travis travis  1330 Jun  4 04:35 ModularCodeGen3_A1_B2_profile.class
-rw-rw-r--   1 travis travis  1274 Jun  4 04:34 ModularCodeGen3_A1_B2_profile.java
-rw-rw-r--   1 travis travis  4961 Jun  4 04:35 ModularCodeGen3_A1.class
-rw-rw-r--   1 travis travis 15564 Jun  4 04:35 ModularCodeGen3_A1.java
-rw-rw-r--   1 travis travis   856 Jun  4 04:35 ModularCodeGen3_A1.mk
-rw-rw-r--   1 travis travis  1445 Jun  4 04:35 ModularCodeGen3_A1_profile.class
-rw-rw-r--   1 travis travis  1716 Jun  4 04:35 ModularCodeGen3_A1_profile.java
-rw-rw-r--   1 travis travis  1458 Jun  4 04:35 ModularCodeGen3_A2_B1_profile.java
-rw-rw-r--   1 travis travis  3954 Jun  4 04:34 ModularCodeGen_ModularCodeGenTypedCompositeActor.class
-rw-rw-r--   1 travis travis 10970 Jun  4 04:34 ModularCodeGen_ModularCodeGenTypedCompositeActor.java
-rw-rw-r--   1 travis travis  1096 Jun  4 04:34 ModularCodeGen_ModularCodeGenTypedCompositeActor.mk
-rw-rw-r--   1 travis travis  1384 Jun  4 04:34 ModularCodeGen_ModularCodeGenTypedCompositeActor_profile.class
-rw-rw-r--   1 travis travis  1328 Jun  4 04:34 ModularCodeGen_ModularCodeGenTypedCompositeActor_profile.java
-rw-rw-r--   1 travis travis  3492 Jun  4 04:34 ModularCodeGenTest_A1_A2.class
-rw-rw-r--   1 travis travis   904 Jun  4 04:34 ModularCodeGenTest_A1_A2.mk
-rw-rw-r--   1 travis travis  1306 Jun  4 04:34 ModularCodeGenTest_A1_A2_profile.class
-rw-rw-r--   1 travis travis  3823 Jun  4 04:34 ModularCodeGenTest_A1.class
-rw-rw-r--   1 travis travis  9968 Jun  4 04:34 ModularCodeGenTest_A1.java
-rw-rw-r--   1 travis travis   880 Jun  4 04:34 ModularCodeGenTest_A1.mk
-rw-rw-r--   1 travis travis  1352 Jun  4 04:34 ModularCodeGenTest_A1_profile.class
-rw-rw-r--   1 travis travis  1394 Jun  4 04:34 ModularCodeGenTest_A1_profile.java
drwxrwxr-x   3 travis travis 36864 Jun  4 04:34 modulation2
drwxrwxr-x   3 travis travis 20480 Jun  4 04:31 Multiplexor
drwxrwxr-x 242 travis travis 12288 Jun  4 04:34 node_modules
drwxrwxr-x   3 travis travis 20480 Jun  4 04:31 PhaseUnwrap
-rw-rw-r--   1 travis travis   520 Jun  4 04:34 Repeat$_fireFunction_Repeat_Repeat$__f_sL_0.class
-rw-rw-r--   1 travis travis   522 Jun  4 04:34 Repeat$_fireFunction_Repeat_Repeat$__f_sL_10.class
-rw-rw-r--   1 travis travis   666 Jun  4 04:34 Repeat$_fireFunction_Repeat_Repeat$__f_sL_11.class
-rw-rw-r--   1 travis travis   522 Jun  4 04:34 Repeat$_fireFunction_Repeat_Repeat$__f_sL_13.class
-rw-rw-r--   1 travis travis   665 Jun  4 04:34 Repeat$_fireFunction_Repeat_Repeat$__f_sL_1.class
-rw-rw-r--   1 travis travis   520 Jun  4 04:34 Repeat$_fireFunction_Repeat_Repeat$__f_sL_2.class
-rw-rw-r--   1 travis travis   520 Jun  4 04:34 Repeat$_fireFunction_Repeat_Repeat$__f_sL_3.class
-rw-rw-r--   1 travis travis   520 Jun  4 04:34 Repeat$_fireFunction_Repeat_Repeat$__f_sL_5.class
-rw-rw-r--   1 travis travis   671 Jun  4 04:34 Repeat$_fireFunction_Repeat_Repeat$__f_sL_7.class
In "/home/travis/cg", about to execute:
    javac -classpath
.:/home/travis/build/icyphy/ptII:/home/travis/build/icyphy/ptII/lib/bsh-2.0b4.j
ar:/home/travis/build/icyphy/ptII/lib/ptCal.jar:/home/travis/build/icyphy/ptII/
lib/java_cup.jar:/home/travis/build/icyphy/ptII/lib/saxon8.jar:/home/travis/bui
ld/icyphy/ptII/lib/saxon8-dom.jar:/home/travis/build/icyphy/ptII/lib/chic.jar:/
home/travis/build/icyphy/ptII/lib/ptcolt.jar:/usr/lib/jvm/java-8-oracle/lib/too
ls.jar:/home/travis/build/icyphy/ptII/vendors/misc/itext/iText.jar:/home/travis
/build/icyphy/ptII/lib/g4ltl.jar:/home/travis/build/icyphy/ptII/lib/StructuralC
oder.jar:/home/travis/build/icyphy/ptII/vendors/jai-1_1_2_01/lib/jai_core.jar:/
home/travis/build/icyphy/ptII/vendors/jai-1_1_2_01/lib/jai_codec.jar:/home/trav
is/build/icyphy/ptII/lib/jcerti.jar:/home/travis/build/icyphy/ptII/lib/javax.ma
il.jar:/home/travis/build/icyphy/ptII/vendors/JMF-2.1.1e/lib/jmf.jar:/home/trav
is/build/icyphy/ptII/lib/jna-4.0.0-variadic.jar:/home/travis/build/icyphy/ptII/
vendors/misc/joystick/Joystick.jar:/home/travis/build/icyphy/ptII/lib/ptjacl.ja
r:/home/travis/build/icyphy/ptII/lib/jsoup-1.8.2.jar:/home/travis/build/icyphy/
ptII/lib/junit-4.8.2.jar:/home/travis/build/icyphy/ptII/lib/JUnitParams-0.4.0.j
ar:/home/travis/build/icyphy/ptII/ptolemy/actor/lib/excel/jxl.jar:/home/travis/
build/icyphy/ptII/lib/jython.jar:/home/travis/build/icyphy/ptII/lib/kieler.jar:
/home/travis/build/icyphy/ptII/vendors/opencv/share/OpenCV/java/opencv-341.jar:
/home/travis/build/icyphy/ptII/lib/oscP5.jar:/home/travis/build/icyphy/ptII/lib
/nrjavaserial-3.11.0.devel.jar:/home/travis/build/icyphy/ptII/vendors/j3d/lib/j
3dcore.jar:/home/travis/build/icyphy/ptII/vendors/j3d/lib/j3dutils.jar:/home/tr
avis/build/icyphy/ptII/vendors/j3d/lib/vecmath.jar:/home/travis/build/icyphy/pt
II/ptolemy/distributed/jini/jar/jini-core.jar:/home/travis/build/icyphy/ptII/pt
olemy/distributed/jini/jar/jini-ext.jar:/home/travis/build/icyphy/ptII/ptolemy/
distributed/jini/jar/sun-util.jar:/home/travis/build/icyphy/ptII/lib/protobuf-j
ava-2.4.1.jar:/home/travis/build/icyphy/ptII/lib/org.eclipse.paho.client.mqttv3
.jar:/home/travis/build/icyphy/ptII/lib/mapss.jar:/home/travis/build/icyphy/ptI
I/ptolemy/actor/ptalon/antlr/antlr.jar:/home/travis/build/icyphy/ptII/lib/JRI.j
ar:/home/travis/build/icyphy/ptII/lib/commons-lang-2.6.jar:/home/travis/build/i
cyphy/ptII/lib/commons-logging-1.1.1.jar:/home/travis/build/icyphy/ptII/lib/soo
tclasses.jar:/home/travis/build/icyphy/ptII/ptolemy/actor/lib/database/mysql-co
nnector-java-5.1.6-bin.jar:/home/travis/build/icyphy/ptII/vendors/misc/sphinx4/
sphinx4-data-5prealpha.jar:/home/travis/build/icyphy/ptII/vendors/misc/sphinx4/
sphinx4-core-5prealpha.jar:/home/travis/build/icyphy/ptII/lib/PDFRenderer.jar:/
home/travis/build/icyphy/ptII/lib/svgSalamander.jar:/home/travis/build/icyphy/p
tII/lib/rsyntaxtextarea-2.6.0-SNAPSHOT.jar:/home/travis/build/icyphy/ptII/lib/h
azelcast-3.8.2.jar:/home/travis/build/icyphy/ptII/lib/jackson-annotations-2.9.0
.jar:/home/travis/build/icyphy/ptII/lib/jackson-core-2.9.3.jar:/home/travis/bui
ld/icyphy/ptII/lib/jackson-databind-2.9.3.jar:/home/travis/build/icyphy/ptII/li
b/netty-buffer-4.1.19.Final.jar:/home/travis/build/icyphy/ptII/lib/netty-codec-
4.1.19.Final.jar:/home/travis/build/icyphy/ptII/lib/netty-codec-dns-4.1.19.Fina
l.jar:/home/travis/build/icyphy/ptII/lib/netty-codec-http-4.1.19.Final.jar:/hom
e/travis/build/icyphy/ptII/lib/netty-codec-http2-4.1.19.Final.jar:/home/travis/
build/icyphy/ptII/lib/netty-common-4.1.19.Final.jar:/home/travis/build/icyphy/p
tII/lib/netty-handler-4.1.19.Final.jar:/home/travis/build/icyphy/ptII/lib/netty
-resolver-4.1.19.Final.jar:/home/travis/build/icyphy/ptII/lib/netty-resolver-dn
s-4.1.19.Final.jar:/home/travis/build/icyphy/ptII/lib/netty-transport-4.1.19.Fi
nal.jar:/home/travis/build/icyphy/ptII/lib/vertx-codegen-3.5.1.jar:/home/travis
/build/icyphy/ptII/lib/vertx-core-3.5.2-SNAPSHOT.jar:/home/travis/build/icyphy/
ptII/lib/vertx-hazelcast-3.5.1.jar:/home/travis/build/icyphy/ptII/lib/vertx-lan
g-js-3.5.1.jar:/home/travis/build/icyphy/ptII/lib/vertx-service-proxy-3.5.1.jar
:/home/travis/build/icyphy/ptII/lib/vertx-web-3.5.1.jar:/home/travis/build/icyp
hy/ptII/lib/slf4j-api-1.7.13.jar:/home/travis/build/icyphy/ptII/lib/slf4j-simpl
e-1.7.13.jar:/home/travis/build/icyphy/ptII/lib/webcam-capture-0.3.12.jar:/home
/travis/build/icyphy/ptII/lib/bridj-0.7.0.jar:/home/travis/build/icyphy/ptII/li
b/xbjlib-1.1.0.nrjavaserial.jar:/home/travis/build/icyphy/ptII/ptolemy/moml/tes
t:/home/travis/build/icyphy/ptII/ant/lib/ant-launcher.jar:/home/travis/build/ic
yphy/ptII/ant/lib/ant.jar:/home/travis/build/icyphy/ptII/ant/lib/ant-junit.jar:
/home/travis/build/icyphy/ptII/ant/lib/ant-junit4.jar:/home/travis/build/icyphy
/ptII ModularCodeGen3_A2_B1_profile.java
-rw-rw-r--   1 travis travis   520 Jun  4 04:34 Repeat$_fireFunction_Repeat_Repeat$__f_sL_9.class
-rw-rw-r--   1 travis travis   813 Jun  4 04:34 Repeat$_initialize_Repeat.class
-rw-rw-r--   1 travis travis   475 Jun  4 04:34 Repeat$_initialize_Repeat$__i_sL_0.class
-rw-rw-r--   1 travis travis   519 Jun  4 04:34 Repeat$_initialize_Repeat$__i_sL_3.class
-rw-rw-r--   1 travis travis 39778 Jun  4 04:34 Repeat.java
-rw-rw-r--   1 travis travis  1281 Jun  4 04:34 Repeat.mk
-rw-rw-r--   1 travis travis   520 Jun  4 04:34 Repeat$_preinitializeMethod_Repeat$__p_sL_0.class
-rw-rw-r--   1 travis travis   520 Jun  4 04:34 Repeat$_preinitializeMethod_Repeat$__p_sL_1.class
-rw-rw-r--   1 travis travis  1083 Jun  4 04:34 Repeat$_Repeat$_fireFunction_Repeat_AddSubtract_Repeat.class
-rw-rw-r--   1 travis travis   791 Jun  4 04:34 Repeat$_Repeat$_fireFunction_Repeat_AddSubtract_Repeat$__f_sL_0.class
-rw-rw-r--   1 travis travis   909 Jun  4 04:34 Repeat$_Repeat$_fireFunction_Repeat_AddSubtract_Repeat$__f_sL_1.class
-rw-rw-r--   1 travis travis   915 Jun  4 04:34 Repeat$_Repeat$_fireFunction_Repeat_AddSubtract_Repeat$__f_sL_2.class
-rw-rw-r--   1 travis travis   838 Jun  4 04:34 Repeat$_Repeat$_fireFunction_Repeat_Ramp2_Repeat$__f_sL_1.class
-rw-rw-r--   1 travis travis  1785 Jun  4 04:34 Repeat$_Repeat$_fireFunction_Repeat_Test_Repeat$__f_sL_2.class
-rw-rw-r--   1 travis travis   685 Jun  4 04:34 Repeat$_Repeat_SDF_Director_run_Repeat$__R_sL_0.class
-rw-rw-r--   1 travis travis   540 Jun  4 04:34 Repeat$_Repeat_SDF_Director_run_Repeat$__R_sL_1.class
-rw-rw-r--   1 travis travis   540 Jun  4 04:34 Repeat$_Repeat_SDF_Director_run_Repeat$__R_sL_2.class
-rw-rw-r--   1 travis travis   540 Jun  4 04:34 Repeat$_Repeat_SDF_Director_run_Repeat$__R_sL_4.class
-rw-rw-r--   1 travis travis   540 Jun  4 04:34 Repeat$_Repeat_SDF_Director_run_Repeat$__R_sL_5.class
-rw-rw-r--   1 travis travis   691 Jun  4 04:34 Repeat$_Repeat_SDF_Director_run_Repeat$__R_sL_6.class
-rw-rw-r--   1 travis travis   540 Jun  4 04:34 Repeat$_Repeat_SDF_Director_run_Repeat$__R_sL_7.class
-rw-rw-r--   1 travis travis   863 Jun  4 04:34 Repeat$_varinit_Repeat.class
-rw-rw-r--   1 travis travis   530 Jun  4 04:34 Repeat$_varinit_Repeat$__v_sL_1.class
-rw-rw-r--   1 travis travis   531 Jun  4 04:34 Repeat$_varinit_Repeat$__v_sL_2.class
-rw-rw-r--   1 travis travis   905 Jun  4 04:34 Repeat$_varinit_Repeat$__v_sL_4.class
-rw-rw-r--   1 travis travis   635 Jun  4 04:34 Repeat$_wrapup_Repeat.class
-rw-rw-r--   1 travis travis   965 Jun  4 04:34 Repeat$_wrapup_Repeat$__w_sL_1.class
-rw-rw-r--   1 travis travis   289 Jun  4 04:29 result.csv
drwxrwxr-x   3 travis travis 12288 Jun  4 04:32 Scrambler1
drwxrwxr-x   3 travis travis 20480 Jun  4 04:31 Sinewave2
drwxrwxr-x   3 travis travis 69632 Jun  4 04:32 StringCompare
drwxrwxr-x   3 travis travis 32768 Jun  4 04:32 StringFunction
drwxrwxr-x   3 travis travis 12288 Jun  4 04:32 StringLength
drwxrwxr-x   3 travis travis 57344 Jun  4 04:33 StringSimpleReplace
drwxrwxr-x   3 travis travis 12288 Jun  4 04:33 time2
drwxrwxr-x   3 travis travis 12288 Jun  4 04:34 time5
-rw-rw-r--   1 travis travis   432 Jun  4 04:35 Token.class
-rw-rw-r--   1 travis travis   251 Jun  4 04:35 Token.java
-rw-rw-r--   1 travis travis     0 Jun  4 04:34 top.
-rw-rw-r--   1 travis travis 20502 Jun  4 04:29 top.c
-rw-rw-r--   1 travis travis  3567 Jun  4 04:34 top.class
-rw-rw-r--   1 travis travis   169 Jun  4 04:29 top.html
-rw-rw-r--   1 travis travis  7552 Jun  4 04:34 top.java
-rw-rw-r--   1 travis travis 38888 Jun  4 04:29 top.o
drwxrwxr-x   3 travis travis 57344 Jun  4 04:31 UnaryMathFunction
All Done
Writing ModularCodeGen3_A2_B1.java in file:/home/travis/cg/ (10955 characters)
Reading "ptolemy/cg/kernel/generic/program/procedural/java/modular/makefile.in",
    writing "/home/travis/cg/ModularCodeGen3_A2_B1.mk"
Using ptolemy/cg/kernel/generic/program/procedural/java/modular/makefile.in
In "/home/travis/cg", about to execute:
    make -f ModularCodeGen3_A2_B1.mk
javac -classpath ".:.."    ModularCodeGen3_A2_B1.java
All Done
In "/home/travis/cg", about to execute:
    pwd
/home/travis/cg
In "/home/travis/cg", about to execute:
    ls -l
total 1484
drwxrwxr-x   3 travis travis 12288 Jun  4 04:30 AbsoluteValue
drwxrwxr-x   3 travis travis 16384 Jun  4 04:30 Case1
drwxrwxr-x   3 travis travis 32768 Jun  4 04:30 Case2
-rw-rw-r--   1 travis travis  4895 Jun  4 04:34 CompiledCompositeActor_CompiledCompositeActor.class
-rw-rw-r--   1 travis travis  1592 Jun  4 04:34 CompiledCompositeActor_CompiledCompositeActor$_CompiledCompositeActor_CompiledCompositeActor.class
-rw-rw-r--   1 travis travis 13466 Jun  4 04:34 CompiledCompositeActor_CompiledCompositeActor.java
-rw-rw-r--   1 travis travis  1593 Jun  4 04:34 CompiledCompositeActor_CompiledCompositeActor.mk
drwxrwxr-x   3 travis travis 24576 Jun  4 04:32 DeScrambler
drwxrwxr-x   3 travis travis 16384 Jun  4 04:33 DotProduct
drwxrwxr-x   3 travis travis 12288 Jun  4 04:30 FileWriter1
drwxrwxr-x   3 travis travis 20480 Jun  4 04:29 FixToDoubleAndBack
drwxrwxr-x   3 travis travis 16384 Jun  4 04:30 Gaussian1
drwxrwxr-x   3 travis travis 20480 Jun  4 04:30 Gaussian2
-rw-rw-r--   1 travis travis  4457 Jun  4 04:34 JavaCompiledCompositeTest1_CompiledCompositeActor.class
-rw-rw-r--   1 travis travis 11637 Jun  4 04:34 JavaCompiledCompositeTest1_CompiledCompositeActor.java
-rw-rw-r--   1 travis travis  1198 Jun  4 04:34 JavaCompiledCompositeTest1_CompiledCompositeActor$_JavaCompiledCompositeTest1_CompiledCompositeActor.class
-rw-rw-r--   1 travis travis  1625 Jun  4 04:34 JavaCompiledCompositeTest1_CompiledCompositeActor.mk
-rw-rw-r--   1 travis travis  4888 Jun  4 04:34 JavaCompiledCompositeTest2_CompiledCompositeActor.class
-rw-rw-r--   1 travis travis 14919 Jun  4 04:34 JavaCompiledCompositeTest2_CompiledCompositeActor.java
-rw-rw-r--   1 travis travis  1793 Jun  4 04:34 JavaCompiledCompositeTest2_CompiledCompositeActor$_JavaCompiledCompositeTest2_CompiledCompositeActor.class
-rw-rw-r--   1 travis travis  1625 Jun  4 04:34 JavaCompiledCompositeTest2_CompiledCompositeActor.mk
-rw-rw-r--   1 travis travis  4505 Jun  4 04:34 JavaCompiledCompositeTest3_CompiledCompositeActor.class
-rw-rw-r--   1 travis travis 13080 Jun  4 04:34 JavaCompiledCompositeTest3_CompiledCompositeActor.java
-rw-rw-r--   1 travis travis  1378 Jun  4 04:34 JavaCompiledCompositeTest3_CompiledCompositeActor$_JavaCompiledCompositeTest3_CompiledCompositeActor.class
-rw-rw-r--   1 travis travis  1625 Jun  4 04:34 JavaCompiledCompositeTest3_CompiledCompositeActor.mk
-rw-rw-r--   1 travis travis  3953 Jun  4 04:34 JavaCompiledCompositeTest4_CompiledCompositeActor.class
-rw-rw-r--   1 travis travis  9687 Jun  4 04:34 JavaCompiledCompositeTest4_CompiledCompositeActor.java
-rw-rw-r--   1 travis travis   857 Jun  4 04:34 JavaCompiledCompositeTest4_CompiledCompositeActor$_JavaCompiledCompositeTest4_CompiledCompositeActor.class
-rw-rw-r--   1 travis travis  1625 Jun  4 04:34 JavaCompiledCompositeTest4_CompiledCompositeActor.mk
drwxrwxr-x   3 travis travis 12288 Jun  4 04:30 LookupTable
drwxrwxr-x   3 travis travis 20480 Jun  4 04:31 MaxIndex
-rw-rw-r--   1 travis travis  3693 Jun  4 04:34 ModularCG_A1_B1.class
-rw-rw-r--   1 travis travis  9730 Jun  4 04:34 ModularCG_A1_B1.java
-rw-rw-r--   1 travis travis   832 Jun  4 04:34 ModularCG_A1_B1.mk
-rw-rw-r--   1 travis travis  1318 Jun  4 04:34 ModularCG_A1_B1_profile.class
-rw-rw-r--   1 travis travis  1262 Jun  4 04:34 ModularCG_A1_B1_profile.java
-rw-rw-r--   1 travis travis  3693 Jun  4 04:34 ModularCG_A1_B2.class
-rw-rw-r--   1 travis travis  9730 Jun  4 04:34 ModularCG_A1_B2.java
-rw-rw-r--   1 travis travis   832 Jun  4 04:34 ModularCG_A1_B2.mk
-rw-rw-r--   1 travis travis  1318 Jun  4 04:34 ModularCG_A1_B2_profile.class
-rw-rw-r--   1 travis travis  1262 Jun  4 04:34 ModularCG_A1_B2_profile.java
-rw-rw-r--   1 travis travis  4799 Jun  4 04:34 ModularCG_A1.class
-rw-rw-r--   1 travis travis 14742 Jun  4 04:34 ModularCG_A1.java
-rw-rw-r--   1 travis travis   808 Jun  4 04:34 ModularCG_A1.mk
-rw-rw-r--   1 travis travis  1433 Jun  4 04:34 ModularCG_A1_profile.class
-rw-rw-r--   1 travis travis  1704 Jun  4 04:34 ModularCG_A1_profile.java
-rw-rw-r--   1 travis travis  3827 Jun  4 04:34 ModularCG_A2_B1.class
-rw-rw-r--   1 travis travis 10667 Jun  4 04:34 ModularCG_A2_B1.java
-rw-rw-r--   1 travis travis   832 Jun  4 04:34 ModularCG_A2_B1.mk
-rw-rw-r--   1 travis travis  1381 Jun  4 04:34 ModularCG_A2_B1_profile.class
-rw-rw-r--   1 travis travis  1446 Jun  4 04:34 ModularCG_A2_B1_profile.java
-rw-rw-r--   1 travis travis  3693 Jun  4 04:34 ModularCG_A2_B2.class
-rw-rw-r--   1 travis travis  9730 Jun  4 04:34 ModularCG_A2_B2.java
-rw-rw-r--   1 travis travis   832 Jun  4 04:34 ModularCG_A2_B2.mk
-rw-rw-r--   1 travis travis  1318 Jun  4 04:34 ModularCG_A2_B2_profile.class
-rw-rw-r--   1 travis travis  1262 Jun  4 04:34 ModularCG_A2_B2_profile.java
-rw-rw-r--   1 travis travis  4870 Jun  4 04:34 ModularCG_A2.class
-rw-rw-r--   1 travis travis 15129 Jun  4 04:34 ModularCG_A2.java
-rw-rw-r--   1 travis travis   808 Jun  4 04:34 ModularCG_A2.mk
-rw-rw-r--   1 travis travis  1433 Jun  4 04:34 ModularCG_A2_profile.class
-rw-rw-r--   1 travis travis  1704 Jun  4 04:34 ModularCG_A2_profile.java
-rw-rw-r--   1 travis travis  3473 Jun  4 04:34 ModularCGPubSub_A1_A2.class
-rw-rw-r--   1 travis travis  9076 Jun  4 04:34 ModularCGPubSub_A1_A2.java
-rw-rw-r--   1 travis travis   880 Jun  4 04:34 ModularCGPubSub_A1_A2.mk
-rw-rw-r--   1 travis travis  1300 Jun  4 04:34 ModularCGPubSub_A1_A2_profile.class
-rw-rw-r--   1 travis travis  1222 Jun  4 04:34 ModularCGPubSub_A1_A2_profile.java
-rw-rw-r--   1 travis travis  3790 Jun  4 04:34 ModularCGPubSub_A1.class
-rw-rw-r--   1 travis travis  9836 Jun  4 04:34 ModularCGPubSub_A1.java
-rw-rw-r--   1 travis travis   856 Jun  4 04:34 ModularCGPubSub_A1.mk
-rw-rw-r--   1 travis travis  1346 Jun  4 04:34 ModularCGPubSub_A1_profile.class
-rw-rw-r--   1 travis travis  1388 Jun  4 04:34 ModularCGPubSub_A1_profile.java
-rw-rw-r--   1 travis travis  3988 Jun  4 04:34 ModularCodeGen2_ModularCodeGenTypedCompositeActor.class
-rw-rw-r--   1 travis travis 11690 Jun  4 04:34 ModularCodeGen2_ModularCodeGenTypedCompositeActor.java
-rw-rw-r--   1 travis travis  1104 Jun  4 04:34 ModularCodeGen2_ModularCodeGenTypedCompositeActor.mk
-rw-rw-r--   1 travis travis  4272 Jun  4 04:34 ModularCodeGen2_ModularCodeGenTypedCompositeActor_ModularCodeGenTypedCompositeActor.class
-rw-rw-r--   1 travis travis 11790 Jun  4 04:34 ModularCodeGen2_ModularCodeGenTypedCompositeActor_ModularCodeGenTypedCompositeActor.java
-rw-rw-r--   1 travis travis  1376 Jun  4 04:34 ModularCodeGen2_ModularCodeGenTypedCompositeActor_ModularCodeGenTypedCompositeActor.mk
-rw-rw-r--   1 travis travis  1421 Jun  4 04:34 ModularCodeGen2_ModularCodeGenTypedCompositeActor_ModularCodeGenTypedCompositeActor_profile.class
-rw-rw-r--   1 travis travis  1294 Jun  4 04:34 ModularCodeGen2_ModularCodeGenTypedCompositeActor_ModularCodeGenTypedCompositeActor_profile.java
-rw-rw-r--   1 travis travis   820 Jun  4 04:34 ModularCodeGen2_ModularCodeGenTypedCompositeActor_profile.class
-rw-rw-r--   1 travis travis   693 Jun  4 04:34 ModularCodeGen2_ModularCodeGenTypedCompositeActor_profile.java
-rw-rw-r--   1 travis travis  3741 Jun  4 04:34 ModularCodeGen3_A1_B1.class
-rw-rw-r--   1 travis travis  9958 Jun  4 04:34 ModularCodeGen3_A1_B1.java
-rw-rw-r--   1 travis travis   880 Jun  4 04:34 ModularCodeGen3_A1_B1.mk
-rw-rw-r--   1 travis travis  1330 Jun  4 04:34 ModularCodeGen3_A1_B1_profile.class
-rw-rw-r--   1 travis travis  1274 Jun  4 04:34 ModularCodeGen3_A1_B1_profile.java
-rw-rw-r--   1 travis travis  3741 Jun  4 04:35 ModularCodeGen3_A1_B2.class
-rw-rw-r--   1 travis travis  9958 Jun  4 04:35 ModularCodeGen3_A1_B2.java
-rw-rw-r--   1 travis travis   880 Jun  4 04:35 ModularCodeGen3_A1_B2.mk
-rw-rw-r--   1 travis travis  1330 Jun  4 04:35 ModularCodeGen3_A1_B2_profile.class
-rw-rw-r--   1 travis travis  1274 Jun  4 04:34 ModularCodeGen3_A1_B2_profile.java
-rw-rw-r--   1 travis travis  4961 Jun  4 04:35 ModularCodeGen3_A1.class
-rw-rw-r--   1 travis travis 15564 Jun  4 04:35 ModularCodeGen3_A1.java
-rw-rw-r--   1 travis travis   856 Jun  4 04:35 ModularCodeGen3_A1.mk
-rw-rw-r--   1 travis travis  1445 Jun  4 04:35 ModularCodeGen3_A1_profile.class
-rw-rw-r--   1 travis travis  1716 Jun  4 04:35 ModularCodeGen3_A1_profile.java
-rw-rw-r--   1 travis travis  3887 Jun  4 04:35 ModularCodeGen3_A2_B1.class
-rw-rw-r--   1 travis travis 10955 Jun  4 04:35 ModularCodeGen3_A2_B1.java
-rw-rw-r--   1 travis travis   880 Jun  4 04:35 ModularCodeGen3_A2_B1.mk
-rw-rw-r--   1 travis travis  1393 Jun  4 04:35 ModularCodeGen3_A2_B1_profile.class
-rw-rw-r--   1 travis travis  1458 Jun  4 04:35 ModularCodeGen3_A2_B1_profile.java
-rw-rw-r--   1 travis travis  1274 Jun  4 04:35 ModularCodeGen3_A2_B2_profile.java
-rw-rw-r--   1 travis travis  3954 Jun  4 04:34 ModularCodeGen_ModularCodeGenTypedCompositeActor.class
-rw-rw-r--   1 travis travis 10970 Jun  4 04:34 ModularCodeGen_ModularCodeGenTypedCompositeActor.java
-rw-rw-r--   1 travis travis  1096 Jun  4 04:34 ModularCodeGen_ModularCodeGenTypedCompositeActor.mk
-rw-rw-r--   1 travis travis  1384 Jun  4 04:34 ModularCodeGen_ModularCodeGenTypedCompositeActor_profile.class
-rw-rw-r--   1 travis travis  1328 Jun  4 04:34 ModularCodeGen_ModularCodeGenTypedCompositeActor_profile.java
-rw-rw-r--   1 travis travis  3492 Jun  4 04:34 ModularCodeGenTest_A1_A2.class
-rw-rw-r--   1 travis travis   904 Jun  4 04:34 ModularCodeGenTest_A1_A2.mk
-rw-rw-r--   1 travis travis  1306 Jun  4 04:34 ModularCodeGenTest_A1_A2_profile.class
-rw-rw-r--   1 travis travis  3823 Jun  4 04:34 ModularCodeGenTest_A1.class
-rw-rw-r--   1 travis travis  9968 Jun  4 04:34 ModularCodeGenTest_A1.java
-rw-rw-r--   1 travis travis   880 Jun  4 04:34 ModularCodeGenTest_A1.mk
-rw-rw-r--   1 travis travis  1352 Jun  4 04:34 ModularCodeGenTest_A1_profile.class
-rw-rw-r--   1 travis travis  1394 Jun  4 04:34 ModularCodeGenTest_A1_profile.java
drwxrwxr-x   3 travis travis 36864 Jun  4 04:34 modulation2
drwxrwxr-x   3 travis travis 20480 Jun  4 04:31 Multiplexor
drwxrwxr-x 242 travis travis 12288 Jun  4 04:34 node_modules
drwxrwxr-x   3 travis travis 20480 Jun  4 04:31 PhaseUnwrap
-rw-rw-r--   1 travis travis   520 Jun  4 04:34 Repeat$_fireFunction_Repeat_Repeat$__f_sL_0.class
-rw-rw-r--   1 travis travis   522 Jun  4 04:34 Repeat$_fireFunction_Repeat_Repeat$__f_sL_10.class
-rw-rw-r--   1 travis travis   666 Jun  4 04:34 Repeat$_fireFunction_Repeat_Repeat$__f_sL_11.class
-rw-rw-r--   1 travis travis   522 Jun  4 04:34 Repeat$_fireFunction_Repeat_Repeat$__f_sL_13.class
-rw-rw-r--   1 travis travis   665 Jun  4 04:34 Repeat$_fireFunction_Repeat_Repeat$__f_sL_1.class
-rw-rw-r--   1 travis travis   520 Jun  4 04:34 Repeat$_fireFunction_Repeat_Repeat$__f_sL_2.class
-rw-rw-r--   1 travis travis   520 Jun  4 04:34 Repeat$_fireFunction_Repeat_Repeat$__f_sL_3.class
-rw-rw-r--   1 travis travis   520 Jun  4 04:34 Repeat$_fireFunction_Repeat_Repeat$__f_sL_5.class
-rw-rw-r--   1 travis travis   671 Jun  4 04:34 Repeat$_fireFunction_Repeat_Repeat$__f_sL_7.class
-rw-rw-r--   1 travis travis   520 Jun  4 04:34 Repeat$_fireFunction_Repeat_Repeat$__f_sL_9.class
-rw-rw-r--   1 travis travis   813 Jun  4 04:34 Repeat$_initialize_Repeat.class
-rw-rw-r--   1 travis travis   475 Jun  4 04:34 Repeat$_initialize_Repeat$__i_sL_0.class
-rw-rw-r--   1 travis travis   519 Jun  4 04:34 Repeat$_initialize_Repeat$__i_sL_3.class
-rw-rw-r--   1 travis travis 39778 Jun  4 04:34 Repeat.java
-rw-rw-r--   1 travis travis  1281 Jun  4 04:34 Repeat.mk
-rw-rw-r--   1 travis travis   520 Jun  4 04:34 Repeat$_preinitializeMethod_Repeat$__p_sL_0.class
-rw-rw-r--   1 travis travis   520 Jun  4 04:34 Repeat$_preinitializeMethod_Repeat$__p_sL_1.class
-rw-rw-r--   1 travis travis  1083 Jun  4 04:34 Repeat$_Repeat$_fireFunction_Repeat_AddSubtract_Repeat.class
-rw-rw-r--   1 travis travis   791 Jun  4 04:34 Repeat$_Repeat$_fireFunction_Repeat_AddSubtract_Repeat$__f_sL_0.class
-rw-rw-r--   1 travis travis   909 Jun  4 04:34 Repeat$_Repeat$_fireFunction_Repeat_AddSubtract_Repeat$__f_sL_1.class
-rw-rw-r--   1 travis travis   915 Jun  4 04:34 Repeat$_Repeat$_fireFunction_Repeat_AddSubtract_Repeat$__f_sL_2.class
-rw-rw-r--   1 travis travis   838 Jun  4 04:34 Repeat$_Repeat$_fireFunction_Repeat_Ramp2_Repeat$__f_sL_1.class
-rw-rw-r--   1 travis travis  1785 Jun  4 04:34 Repeat$_Repeat$_fireFunction_Repeat_Test_Repeat$__f_sL_2.class
-rw-rw-r--   1 travis travis   685 Jun  4 04:34 Repeat$_Repeat_SDF_Director_run_Repeat$__R_sL_0.class
-rw-rw-r--   1 travis travis   540 Jun  4 04:34 Repeat$_Repeat_SDF_Director_run_Repeat$__R_sL_1.class
-rw-rw-r--   1 travis travis   540 Jun  4 04:34 Repeat$_Repeat_SDF_Director_run_Repeat$__R_sL_2.class
-rw-rw-r--   1 travis travis   540 Jun  4 04:34 Repeat$_Repeat_SDF_Director_run_Repeat$__R_sL_4.class
-rw-rw-r--   1 travis travis   540 Jun  4 04:34 Repeat$_Repeat_SDF_Director_run_Repeat$__R_sL_5.class
-rw-rw-r--   1 travis travis   691 Jun  4 04:34 Repeat$_Repeat_SDF_Director_run_Repeat$__R_sL_6.class
-rw-rw-r--   1 travis travis   540 Jun  4 04:34 Repeat$_Repeat_SDF_Director_run_Repeat$__R_sL_7.class
-rw-rw-r--   1 travis travis   863 Jun  4 04:34 Repeat$_varinit_Repeat.class
-rw-rw-r--   1 travis travis   530 Jun  4 04:34 Repeat$_varinit_Repeat$__v_sL_1.class
-rw-rw-r--   1 travis travis   531 Jun  4 04:34 Repeat$_varinit_Repeat$__v_sL_2.class
-rw-rw-r--   1 travis travis   905 Jun  4 04:34 Repeat$_varinit_Repeat$__v_sL_4.class
-rw-rw-r--   1 travis travis   635 Jun  4 04:34 Repeat$_wrapup_Repeat.class
-rw-rw-r--   1 travis travis   965 Jun  4 04:34 Repeat$_wrapup_Repeat$__w_sL_1.class
-rw-rw-r--   1 travis travis   289 Jun  4 04:29 result.csv
drwxrwxr-x   3 travis travis 12288 Jun  4 04:32 Scrambler1
drwxrwxr-x   3 travis travis 20480 Jun  4 04:31 Sinewave2
drwxrwxr-x   3 travis travis 69632 Jun  4 04:32 StringCompare
drwxrwxr-x   3 travis travis 32768 Jun  4 04:32 StringFunction
drwxrwxr-x   3 travis travis 12288 Jun  4 04:32 StringLength
drwxrwxr-x   3 travis travis 57344 Jun  4 04:33 StringSimpleReplace
drwxrwxr-x   3 travis travis 12288 Jun  4 04:33 time2
drwxrwxr-x   3 travis travis 12288 Jun  4 04:34 time5
-rw-rw-r--   1 travis travis   432 Jun  4 04:35 Token.class
-rw-rw-r--   1 travis travis   251 Jun  4 04:35 Token.java
-rw-rw-r--   1 travis travis     0 Jun  4 04:34 top.
-rw-rw-r--   1 travis travis 20502 Jun  4 04:29 top.c
-rw-rw-r--   1 travis travis  3567 Jun  4 04:34 top.class
-rw-rw-r--   1 travis travis   169 Jun  4 04:29 top.html
-rw-rw-r--   1 travis travis  7552 Jun  4 04:34 top.java
-rw-rw-r--   1 travis travis 38888 Jun  4 04:29 top.o
drwxrwxr-x   3 travis travis 57344 Jun  4 04:31 UnaryMathFunction
In "/home/travis/cg", about to execute:
    javac -classpath
.:/home/travis/build/icyphy/ptII:/home/travis/build/icyphy/ptII/lib/bsh-2.0b4.j
ar:/home/travis/build/icyphy/ptII/lib/ptCal.jar:/home/travis/build/icyphy/ptII/
lib/java_cup.jar:/home/travis/build/icyphy/ptII/lib/saxon8.jar:/home/travis/bui
ld/icyphy/ptII/lib/saxon8-dom.jar:/home/travis/build/icyphy/ptII/lib/chic.jar:/
home/travis/build/icyphy/ptII/lib/ptcolt.jar:/usr/lib/jvm/java-8-oracle/lib/too
ls.jar:/home/travis/build/icyphy/ptII/vendors/misc/itext/iText.jar:/home/travis
/build/icyphy/ptII/lib/g4ltl.jar:/home/travis/build/icyphy/ptII/lib/StructuralC
oder.jar:/home/travis/build/icyphy/ptII/vendors/jai-1_1_2_01/lib/jai_core.jar:/
home/travis/build/icyphy/ptII/vendors/jai-1_1_2_01/lib/jai_codec.jar:/home/trav
is/build/icyphy/ptII/lib/jcerti.jar:/home/travis/build/icyphy/ptII/lib/javax.ma
il.jar:/home/travis/build/icyphy/ptII/vendors/JMF-2.1.1e/lib/jmf.jar:/home/trav
is/build/icyphy/ptII/lib/jna-4.0.0-variadic.jar:/home/travis/build/icyphy/ptII/
vendors/misc/joystick/Joystick.jar:/home/travis/build/icyphy/ptII/lib/ptjacl.ja
r:/home/travis/build/icyphy/ptII/lib/jsoup-1.8.2.jar:/home/travis/build/icyphy/
ptII/lib/junit-4.8.2.jar:/home/travis/build/icyphy/ptII/lib/JUnitParams-0.4.0.j
ar:/home/travis/build/icyphy/ptII/ptolemy/actor/lib/excel/jxl.jar:/home/travis/
build/icyphy/ptII/lib/jython.jar:/home/travis/build/icyphy/ptII/lib/kieler.jar:
/home/travis/build/icyphy/ptII/vendors/opencv/share/OpenCV/java/opencv-341.jar:
/home/travis/build/icyphy/ptII/lib/oscP5.jar:/home/travis/build/icyphy/ptII/lib
/nrjavaserial-3.11.0.devel.jar:/home/travis/build/icyphy/ptII/vendors/j3d/lib/j
3dcore.jar:/home/travis/build/icyphy/ptII/vendors/j3d/lib/j3dutils.jar:/home/tr
avis/build/icyphy/ptII/vendors/j3d/lib/vecmath.jar:/home/travis/build/icyphy/pt
II/ptolemy/distributed/jini/jar/jini-core.jar:/home/travis/build/icyphy/ptII/pt
olemy/distributed/jini/jar/jini-ext.jar:/home/travis/build/icyphy/ptII/ptolemy/
distributed/jini/jar/sun-util.jar:/home/travis/build/icyphy/ptII/lib/protobuf-j
ava-2.4.1.jar:/home/travis/build/icyphy/ptII/lib/org.eclipse.paho.client.mqttv3
.jar:/home/travis/build/icyphy/ptII/lib/mapss.jar:/home/travis/build/icyphy/ptI
I/ptolemy/actor/ptalon/antlr/antlr.jar:/home/travis/build/icyphy/ptII/lib/JRI.j
ar:/home/travis/build/icyphy/ptII/lib/commons-lang-2.6.jar:/home/travis/build/i
cyphy/ptII/lib/commons-logging-1.1.1.jar:/home/travis/build/icyphy/ptII/lib/soo
tclasses.jar:/home/travis/build/icyphy/ptII/ptolemy/actor/lib/database/mysql-co
nnector-java-5.1.6-bin.jar:/home/travis/build/icyphy/ptII/vendors/misc/sphinx4/
sphinx4-data-5prealpha.jar:/home/travis/build/icyphy/ptII/vendors/misc/sphinx4/
sphinx4-core-5prealpha.jar:/home/travis/build/icyphy/ptII/lib/PDFRenderer.jar:/
home/travis/build/icyphy/ptII/lib/svgSalamander.jar:/home/travis/build/icyphy/p
tII/lib/rsyntaxtextarea-2.6.0-SNAPSHOT.jar:/home/travis/build/icyphy/ptII/lib/h
azelcast-3.8.2.jar:/home/travis/build/icyphy/ptII/lib/jackson-annotations-2.9.0
.jar:/home/travis/build/icyphy/ptII/lib/jackson-core-2.9.3.jar:/home/travis/bui
ld/icyphy/ptII/lib/jackson-databind-2.9.3.jar:/home/travis/build/icyphy/ptII/li
b/netty-buffer-4.1.19.Final.jar:/home/travis/build/icyphy/ptII/lib/netty-codec-
4.1.19.Final.jar:/home/travis/build/icyphy/ptII/lib/netty-codec-dns-4.1.19.Fina
l.jar:/home/travis/build/icyphy/ptII/lib/netty-codec-http-4.1.19.Final.jar:/hom
e/travis/build/icyphy/ptII/lib/netty-codec-http2-4.1.19.Final.jar:/home/travis/
build/icyphy/ptII/lib/netty-common-4.1.19.Final.jar:/home/travis/build/icyphy/p
tII/lib/netty-handler-4.1.19.Final.jar:/home/travis/build/icyphy/ptII/lib/netty
-resolver-4.1.19.Final.jar:/home/travis/build/icyphy/ptII/lib/netty-resolver-dn
s-4.1.19.Final.jar:/home/travis/build/icyphy/ptII/lib/netty-transport-4.1.19.Fi
nal.jar:/home/travis/build/icyphy/ptII/lib/vertx-codegen-3.5.1.jar:/home/travis
/build/icyphy/ptII/lib/vertx-core-3.5.2-SNAPSHOT.jar:/home/travis/build/icyphy/
ptII/lib/vertx-hazelcast-3.5.1.jar:/home/travis/build/icyphy/ptII/lib/vertx-lan
g-js-3.5.1.jar:/home/travis/build/icyphy/ptII/lib/vertx-service-proxy-3.5.1.jar
:/home/travis/build/icyphy/ptII/lib/vertx-web-3.5.1.jar:/home/travis/build/icyp
hy/ptII/lib/slf4j-api-1.7.13.jar:/home/travis/build/icyphy/ptII/lib/slf4j-simpl
e-1.7.13.jar:/home/travis/build/icyphy/ptII/lib/webcam-capture-0.3.12.jar:/home
/travis/build/icyphy/ptII/lib/bridj-0.7.0.jar:/home/travis/build/icyphy/ptII/li
b/xbjlib-1.1.0.nrjavaserial.jar:/home/travis/build/icyphy/ptII/ptolemy/moml/tes
t:/home/travis/build/icyphy/ptII/ant/lib/ant-launcher.jar:/home/travis/build/ic
yphy/ptII/ant/lib/ant.jar:/home/travis/build/icyphy/ptII/ant/lib/ant-junit.jar:
/home/travis/build/icyphy/ptII/ant/lib/ant-junit4.jar:/home/travis/build/icyphy
/ptII ModularCodeGen3_A2_B2_profile.java
All Done
Writing ModularCodeGen3_A2_B2.java in file:/home/travis/cg/ (9958 characters)
Reading "ptolemy/cg/kernel/generic/program/procedural/java/modular/makefile.in",
    writing "/home/travis/cg/ModularCodeGen3_A2_B2.mk"
Using ptolemy/cg/kernel/generic/program/procedural/java/modular/makefile.in
In "/home/travis/cg", about to execute:
    make -f ModularCodeGen3_A2_B2.mk
javac -classpath ".:.."    ModularCodeGen3_A2_B2.java
All Done
In "/home/travis/cg", about to execute:
    pwd
In "/home/travis/cg", about to execute:
    ls -l
/home/travis/cg
In "/home/travis/cg", about to execute:
    javac -classpath
.:/home/travis/build/icyphy/ptII:/home/travis/build/icyphy/ptII/lib/bsh-2.0b4.j
ar:/home/travis/build/icyphy/ptII/lib/ptCal.jar:/home/travis/build/icyphy/ptII/
lib/java_cup.jar:/home/travis/build/icyphy/ptII/lib/saxon8.jar:/home/travis/bui
ld/icyphy/ptII/lib/saxon8-dom.jar:/home/travis/build/icyphy/ptII/lib/chic.jar:/
home/travis/build/icyphy/ptII/lib/ptcolt.jar:/usr/lib/jvm/java-8-oracle/lib/too
ls.jar:/home/travis/build/icyphy/ptII/vendors/misc/itext/iText.jar:/home/travis
/build/icyphy/ptII/lib/g4ltl.jar:/home/travis/build/icyphy/ptII/lib/StructuralC
oder.jar:/home/travis/build/icyphy/ptII/vendors/jai-1_1_2_01/lib/jai_core.jar:/
home/travis/build/icyphy/ptII/vendors/jai-1_1_2_01/lib/jai_codec.jar:/home/trav
is/build/icyphy/ptII/lib/jcerti.jar:/home/travis/build/icyphy/ptII/lib/javax.ma
il.jar:/home/travis/build/icyphy/ptII/vendors/JMF-2.1.1e/lib/jmf.jar:/home/trav
is/build/icyphy/ptII/lib/jna-4.0.0-variadic.jar:/home/travis/build/icyphy/ptII/
vendors/misc/joystick/Joystick.jar:/home/travis/build/icyphy/ptII/lib/ptjacl.ja
r:/home/travis/build/icyphy/ptII/lib/jsoup-1.8.2.jar:/home/travis/build/icyphy/
ptII/lib/junit-4.8.2.jar:/home/travis/build/icyphy/ptII/lib/JUnitParams-0.4.0.j
ar:/home/travis/build/icyphy/ptII/ptolemy/actor/lib/excel/jxl.jar:/home/travis/
build/icyphy/ptII/lib/jython.jar:/home/travis/build/icyphy/ptII/lib/kieler.jar:
/home/travis/build/icyphy/ptII/vendors/opencv/share/OpenCV/java/opencv-341.jar:
/home/travis/build/icyphy/ptII/lib/oscP5.jar:/home/travis/build/icyphy/ptII/lib
/nrjavaserial-3.11.0.devel.jar:/home/travis/build/icyphy/ptII/vendors/j3d/lib/j
3dcore.jar:/home/travis/build/icyphy/ptII/vendors/j3d/lib/j3dutils.jar:/home/tr
avis/build/icyphy/ptII/vendors/j3d/lib/vecmath.jar:/home/travis/build/icyphy/pt
II/ptolemy/distributed/jini/jar/jini-core.jar:/home/travis/build/icyphy/ptII/pt
olemy/distributed/jini/jar/jini-ext.jar:/home/travis/build/icyphy/ptII/ptolemy/
distributed/jini/jar/sun-util.jar:/home/travis/build/icyphy/ptII/lib/protobuf-j
ava-2.4.1.jar:/home/travis/build/icyphy/ptII/lib/org.eclipse.paho.client.mqttv3
.jar:/home/travis/build/icyphy/ptII/lib/mapss.jar:/home/travis/build/icyphy/ptI
I/ptolemy/actor/ptalon/antlr/antlr.jar:/home/travis/build/icyphy/ptII/lib/JRI.j
ar:/home/travis/build/icyphy/ptII/lib/commons-lang-2.6.jar:/home/travis/build/i
cyphy/ptII/lib/commons-logging-1.1.1.jar:/home/travis/build/icyphy/ptII/lib/soo
tclasses.jar:/home/travis/build/icyphy/ptII/ptolemy/actor/lib/database/mysql-co
nnector-java-5.1.6-bin.jar:/home/travis/build/icyphy/ptII/vendors/misc/sphinx4/
sphinx4-data-5prealpha.jar:/home/travis/build/icyphy/ptII/vendors/misc/sphinx4/
sphinx4-core-5prealpha.jar:/home/travis/build/icyphy/ptII/lib/PDFRenderer.jar:/
home/travis/build/icyphy/ptII/lib/svgSalamander.jar:/home/travis/build/icyphy/p
tII/lib/rsyntaxtextarea-2.6.0-SNAPSHOT.jar:/home/travis/build/icyphy/ptII/lib/h
azelcast-3.8.2.jar:/home/travis/build/icyphy/ptII/lib/jackson-annotations-2.9.0
.jar:/home/travis/build/icyphy/ptII/lib/jackson-core-2.9.3.jar:/home/travis/bui
ld/icyphy/ptII/lib/jackson-databind-2.9.3.jar:/home/travis/build/icyphy/ptII/li
b/netty-buffer-4.1.19.Final.jar:/home/travis/build/icyphy/ptII/lib/netty-codec-
4.1.19.Final.jar:/home/travis/build/icyphy/ptII/lib/netty-codec-dns-4.1.19.Fina
l.jar:/home/travis/build/icyphy/ptII/lib/netty-codec-http-4.1.19.Final.jar:/hom
e/travis/build/icyphy/ptII/lib/netty-codec-http2-4.1.19.Final.jar:/home/travis/
build/icyphy/ptII/lib/netty-common-4.1.19.Final.jar:/home/travis/build/icyphy/p
tII/lib/netty-handler-4.1.19.Final.jar:/home/travis/build/icyphy/ptII/lib/netty
-resolver-4.1.19.Final.jar:/home/travis/build/icyphy/ptII/lib/netty-resolver-dn
s-4.1.19.Final.jar:/home/travis/build/icyphy/ptII/lib/netty-transport-4.1.19.Fi
nal.jar:/home/travis/build/icyphy/ptII/lib/vertx-codegen-3.5.1.jar:/home/travis
/build/icyphy/ptII/lib/vertx-core-3.5.2-SNAPSHOT.jar:/home/travis/build/icyphy/
ptII/lib/vertx-hazelcast-3.5.1.jar:/home/travis/build/icyphy/ptII/lib/vertx-lan
g-js-3.5.1.jar:/home/travis/build/icyphy/ptII/lib/vertx-service-proxy-3.5.1.jar
:/home/travis/build/icyphy/ptII/lib/vertx-web-3.5.1.jar:/home/travis/build/icyp
hy/ptII/lib/slf4j-api-1.7.13.jar:/home/travis/build/icyphy/ptII/lib/slf4j-simpl
e-1.7.13.jar:/home/travis/build/icyphy/ptII/lib/webcam-capture-0.3.12.jar:/home
/travis/build/icyphy/ptII/lib/bridj-0.7.0.jar:/home/travis/build/icyphy/ptII/li
b/xbjlib-1.1.0.nrjavaserial.jar:/home/travis/build/icyphy/ptII/ptolemy/moml/tes
t:/home/travis/build/icyphy/ptII/ant/lib/ant-launcher.jar:/home/travis/build/ic
yphy/ptII/ant/lib/ant.jar:/home/travis/build/icyphy/ptII/ant/lib/ant-junit.jar:
/home/travis/build/icyphy/ptII/ant/lib/ant-junit4.jar:/home/travis/build/icyphy
/ptII ModularCodeGen3_A2_profile.java
total 1512
drwxrwxr-x   3 travis travis 12288 Jun  4 04:30 AbsoluteValue
drwxrwxr-x   3 travis travis 16384 Jun  4 04:30 Case1
drwxrwxr-x   3 travis travis 32768 Jun  4 04:30 Case2
-rw-rw-r--   1 travis travis  4895 Jun  4 04:34 CompiledCompositeActor_CompiledCompositeActor.class
-rw-rw-r--   1 travis travis  1592 Jun  4 04:34 CompiledCompositeActor_CompiledCompositeActor$_CompiledCompositeActor_CompiledCompositeActor.class
-rw-rw-r--   1 travis travis 13466 Jun  4 04:34 CompiledCompositeActor_CompiledCompositeActor.java
-rw-rw-r--   1 travis travis  1593 Jun  4 04:34 CompiledCompositeActor_CompiledCompositeActor.mk
drwxrwxr-x   3 travis travis 24576 Jun  4 04:32 DeScrambler
drwxrwxr-x   3 travis travis 16384 Jun  4 04:33 DotProduct
drwxrwxr-x   3 travis travis 12288 Jun  4 04:30 FileWriter1
drwxrwxr-x   3 travis travis 20480 Jun  4 04:29 FixToDoubleAndBack
drwxrwxr-x   3 travis travis 16384 Jun  4 04:30 Gaussian1
drwxrwxr-x   3 travis travis 20480 Jun  4 04:30 Gaussian2
-rw-rw-r--   1 travis travis  4457 Jun  4 04:34 JavaCompiledCompositeTest1_CompiledCompositeActor.class
-rw-rw-r--   1 travis travis 11637 Jun  4 04:34 JavaCompiledCompositeTest1_CompiledCompositeActor.java
-rw-rw-r--   1 travis travis  1198 Jun  4 04:34 JavaCompiledCompositeTest1_CompiledCompositeActor$_JavaCompiledCompositeTest1_CompiledCompositeActor.class
-rw-rw-r--   1 travis travis  1625 Jun  4 04:34 JavaCompiledCompositeTest1_CompiledCompositeActor.mk
-rw-rw-r--   1 travis travis  4888 Jun  4 04:34 JavaCompiledCompositeTest2_CompiledCompositeActor.class
-rw-rw-r--   1 travis travis 14919 Jun  4 04:34 JavaCompiledCompositeTest2_CompiledCompositeActor.java
-rw-rw-r--   1 travis travis  1793 Jun  4 04:34 JavaCompiledCompositeTest2_CompiledCompositeActor$_JavaCompiledCompositeTest2_CompiledCompositeActor.class
-rw-rw-r--   1 travis travis  1625 Jun  4 04:34 JavaCompiledCompositeTest2_CompiledCompositeActor.mk
-rw-rw-r--   1 travis travis  4505 Jun  4 04:34 JavaCompiledCompositeTest3_CompiledCompositeActor.class
-rw-rw-r--   1 travis travis 13080 Jun  4 04:34 JavaCompiledCompositeTest3_CompiledCompositeActor.java
-rw-rw-r--   1 travis travis  1378 Jun  4 04:34 JavaCompiledCompositeTest3_CompiledCompositeActor$_JavaCompiledCompositeTest3_CompiledCompositeActor.class
-rw-rw-r--   1 travis travis  1625 Jun  4 04:34 JavaCompiledCompositeTest3_CompiledCompositeActor.mk
-rw-rw-r--   1 travis travis  3953 Jun  4 04:34 JavaCompiledCompositeTest4_CompiledCompositeActor.class
-rw-rw-r--   1 travis travis  9687 Jun  4 04:34 JavaCompiledCompositeTest4_CompiledCompositeActor.java
-rw-rw-r--   1 travis travis   857 Jun  4 04:34 JavaCompiledCompositeTest4_CompiledCompositeActor$_JavaCompiledCompositeTest4_CompiledCompositeActor.class
-rw-rw-r--   1 travis travis  1625 Jun  4 04:34 JavaCompiledCompositeTest4_CompiledCompositeActor.mk
drwxrwxr-x   3 travis travis 12288 Jun  4 04:30 LookupTable
drwxrwxr-x   3 travis travis 20480 Jun  4 04:31 MaxIndex
-rw-rw-r--   1 travis travis  3693 Jun  4 04:34 ModularCG_A1_B1.class
-rw-rw-r--   1 travis travis  9730 Jun  4 04:34 ModularCG_A1_B1.java
-rw-rw-r--   1 travis travis   832 Jun  4 04:34 ModularCG_A1_B1.mk
-rw-rw-r--   1 travis travis  1318 Jun  4 04:34 ModularCG_A1_B1_profile.class
-rw-rw-r--   1 travis travis  1262 Jun  4 04:34 ModularCG_A1_B1_profile.java
-rw-rw-r--   1 travis travis  3693 Jun  4 04:34 ModularCG_A1_B2.class
-rw-rw-r--   1 travis travis  9730 Jun  4 04:34 ModularCG_A1_B2.java
-rw-rw-r--   1 travis travis   832 Jun  4 04:34 ModularCG_A1_B2.mk
-rw-rw-r--   1 travis travis  1318 Jun  4 04:34 ModularCG_A1_B2_profile.class
-rw-rw-r--   1 travis travis  1262 Jun  4 04:34 ModularCG_A1_B2_profile.java
-rw-rw-r--   1 travis travis  4799 Jun  4 04:34 ModularCG_A1.class
-rw-rw-r--   1 travis travis 14742 Jun  4 04:34 ModularCG_A1.java
-rw-rw-r--   1 travis travis   808 Jun  4 04:34 ModularCG_A1.mk
-rw-rw-r--   1 travis travis  1433 Jun  4 04:34 ModularCG_A1_profile.class
-rw-rw-r--   1 travis travis  1704 Jun  4 04:34 ModularCG_A1_profile.java
-rw-rw-r--   1 travis travis  3827 Jun  4 04:34 ModularCG_A2_B1.class
-rw-rw-r--   1 travis travis 10667 Jun  4 04:34 ModularCG_A2_B1.java
-rw-rw-r--   1 travis travis   832 Jun  4 04:34 ModularCG_A2_B1.mk
-rw-rw-r--   1 travis travis  1381 Jun  4 04:34 ModularCG_A2_B1_profile.class
-rw-rw-r--   1 travis travis  1446 Jun  4 04:34 ModularCG_A2_B1_profile.java
-rw-rw-r--   1 travis travis  3693 Jun  4 04:34 ModularCG_A2_B2.class
-rw-rw-r--   1 travis travis  9730 Jun  4 04:34 ModularCG_A2_B2.java
-rw-rw-r--   1 travis travis   832 Jun  4 04:34 ModularCG_A2_B2.mk
-rw-rw-r--   1 travis travis  1318 Jun  4 04:34 ModularCG_A2_B2_profile.class
-rw-rw-r--   1 travis travis  1262 Jun  4 04:34 ModularCG_A2_B2_profile.java
-rw-rw-r--   1 travis travis  4870 Jun  4 04:34 ModularCG_A2.class
-rw-rw-r--   1 travis travis 15129 Jun  4 04:34 ModularCG_A2.java
-rw-rw-r--   1 travis travis   808 Jun  4 04:34 ModularCG_A2.mk
-rw-rw-r--   1 travis travis  1433 Jun  4 04:34 ModularCG_A2_profile.class
-rw-rw-r--   1 travis travis  1704 Jun  4 04:34 ModularCG_A2_profile.java
-rw-rw-r--   1 travis travis  3473 Jun  4 04:34 ModularCGPubSub_A1_A2.class
-rw-rw-r--   1 travis travis  9076 Jun  4 04:34 ModularCGPubSub_A1_A2.java
-rw-rw-r--   1 travis travis   880 Jun  4 04:34 ModularCGPubSub_A1_A2.mk
-rw-rw-r--   1 travis travis  1300 Jun  4 04:34 ModularCGPubSub_A1_A2_profile.class
-rw-rw-r--   1 travis travis  1222 Jun  4 04:34 ModularCGPubSub_A1_A2_profile.java
-rw-rw-r--   1 travis travis  3790 Jun  4 04:34 ModularCGPubSub_A1.class
-rw-rw-r--   1 travis travis  9836 Jun  4 04:34 ModularCGPubSub_A1.java
-rw-rw-r--   1 travis travis   856 Jun  4 04:34 ModularCGPubSub_A1.mk
-rw-rw-r--   1 travis travis  1346 Jun  4 04:34 ModularCGPubSub_A1_profile.class
-rw-rw-r--   1 travis travis  1388 Jun  4 04:34 ModularCGPubSub_A1_profile.java
-rw-rw-r--   1 travis travis  3988 Jun  4 04:34 ModularCodeGen2_ModularCodeGenTypedCompositeActor.class
-rw-rw-r--   1 travis travis 11690 Jun  4 04:34 ModularCodeGen2_ModularCodeGenTypedCompositeActor.java
-rw-rw-r--   1 travis travis  1104 Jun  4 04:34 ModularCodeGen2_ModularCodeGenTypedCompositeActor.mk
-rw-rw-r--   1 travis travis  4272 Jun  4 04:34 ModularCodeGen2_ModularCodeGenTypedCompositeActor_ModularCodeGenTypedCompositeActor.class
-rw-rw-r--   1 travis travis 11790 Jun  4 04:34 ModularCodeGen2_ModularCodeGenTypedCompositeActor_ModularCodeGenTypedCompositeActor.java
-rw-rw-r--   1 travis travis  1376 Jun  4 04:34 ModularCodeGen2_ModularCodeGenTypedCompositeActor_ModularCodeGenTypedCompositeActor.mk
-rw-rw-r--   1 travis travis  1421 Jun  4 04:34 ModularCodeGen2_ModularCodeGenTypedCompositeActor_ModularCodeGenTypedCompositeActor_profile.class
-rw-rw-r--   1 travis travis  1294 Jun  4 04:34 ModularCodeGen2_ModularCodeGenTypedCompositeActor_ModularCodeGenTypedCompositeActor_profile.java
-rw-rw-r--   1 travis travis   820 Jun  4 04:34 ModularCodeGen2_ModularCodeGenTypedCompositeActor_profile.class
-rw-rw-r--   1 travis travis   693 Jun  4 04:34 ModularCodeGen2_ModularCodeGenTypedCompositeActor_profile.java
-rw-rw-r--   1 travis travis  3741 Jun  4 04:34 ModularCodeGen3_A1_B1.class
-rw-rw-r--   1 travis travis  9958 Jun  4 04:34 ModularCodeGen3_A1_B1.java
-rw-rw-r--   1 travis travis   880 Jun  4 04:34 ModularCodeGen3_A1_B1.mk
-rw-rw-r--   1 travis travis  1330 Jun  4 04:34 ModularCodeGen3_A1_B1_profile.class
-rw-rw-r--   1 travis travis  1274 Jun  4 04:34 ModularCodeGen3_A1_B1_profile.java
-rw-rw-r--   1 travis travis  3741 Jun  4 04:35 ModularCodeGen3_A1_B2.class
-rw-rw-r--   1 travis travis  9958 Jun  4 04:35 ModularCodeGen3_A1_B2.java
-rw-rw-r--   1 travis travis   880 Jun  4 04:35 ModularCodeGen3_A1_B2.mk
-rw-rw-r--   1 travis travis  1330 Jun  4 04:35 ModularCodeGen3_A1_B2_profile.class
-rw-rw-r--   1 travis travis  1274 Jun  4 04:34 ModularCodeGen3_A1_B2_profile.java
-rw-rw-r--   1 travis travis  4961 Jun  4 04:35 ModularCodeGen3_A1.class
-rw-rw-r--   1 travis travis 15564 Jun  4 04:35 ModularCodeGen3_A1.java
-rw-rw-r--   1 travis travis   856 Jun  4 04:35 ModularCodeGen3_A1.mk
-rw-rw-r--   1 travis travis  1445 Jun  4 04:35 ModularCodeGen3_A1_profile.class
-rw-rw-r--   1 travis travis  1716 Jun  4 04:35 ModularCodeGen3_A1_profile.java
-rw-rw-r--   1 travis travis  3887 Jun  4 04:35 ModularCodeGen3_A2_B1.class
-rw-rw-r--   1 travis travis 10955 Jun  4 04:35 ModularCodeGen3_A2_B1.java
-rw-rw-r--   1 travis travis   880 Jun  4 04:35 ModularCodeGen3_A2_B1.mk
-rw-rw-r--   1 travis travis  1393 Jun  4 04:35 ModularCodeGen3_A2_B1_profile.class
-rw-rw-r--   1 travis travis  1458 Jun  4 04:35 ModularCodeGen3_A2_B1_profile.java
-rw-rw-r--   1 travis travis  3741 Jun  4 04:35 ModularCodeGen3_A2_B2.class
-rw-rw-r--   1 travis travis  9958 Jun  4 04:35 ModularCodeGen3_A2_B2.java
-rw-rw-r--   1 travis travis   880 Jun  4 04:35 ModularCodeGen3_A2_B2.mk
-rw-rw-r--   1 travis travis  1330 Jun  4 04:35 ModularCodeGen3_A2_B2_profile.class
-rw-rw-r--   1 travis travis  1274 Jun  4 04:35 ModularCodeGen3_A2_B2_profile.java
-rw-rw-r--   1 travis travis  1716 Jun  4 04:35 ModularCodeGen3_A2_profile.java
-rw-rw-r--   1 travis travis  3954 Jun  4 04:34 ModularCodeGen_ModularCodeGenTypedCompositeActor.class
-rw-rw-r--   1 travis travis 10970 Jun  4 04:34 ModularCodeGen_ModularCodeGenTypedCompositeActor.java
-rw-rw-r--   1 travis travis  1096 Jun  4 04:34 ModularCodeGen_ModularCodeGenTypedCompositeActor.mk
-rw-rw-r--   1 travis travis  1384 Jun  4 04:34 ModularCodeGen_ModularCodeGenTypedCompositeActor_profile.class
-rw-rw-r--   1 travis travis  1328 Jun  4 04:34 ModularCodeGen_ModularCodeGenTypedCompositeActor_profile.java
-rw-rw-r--   1 travis travis  3492 Jun  4 04:34 ModularCodeGenTest_A1_A2.class
-rw-rw-r--   1 travis travis   904 Jun  4 04:34 ModularCodeGenTest_A1_A2.mk
-rw-rw-r--   1 travis travis  1306 Jun  4 04:34 ModularCodeGenTest_A1_A2_profile.class
-rw-rw-r--   1 travis travis  3823 Jun  4 04:34 ModularCodeGenTest_A1.class
-rw-rw-r--   1 travis travis  9968 Jun  4 04:34 ModularCodeGenTest_A1.java
-rw-rw-r--   1 travis travis   880 Jun  4 04:34 ModularCodeGenTest_A1.mk
-rw-rw-r--   1 travis travis  1352 Jun  4 04:34 ModularCodeGenTest_A1_profile.class
-rw-rw-r--   1 travis travis  1394 Jun  4 04:34 ModularCodeGenTest_A1_profile.java
drwxrwxr-x   3 travis travis 36864 Jun  4 04:34 modulation2
drwxrwxr-x   3 travis travis 20480 Jun  4 04:31 Multiplexor
drwxrwxr-x 242 travis travis 12288 Jun  4 04:34 node_modules
drwxrwxr-x   3 travis travis 20480 Jun  4 04:31 PhaseUnwrap
-rw-rw-r--   1 travis travis   520 Jun  4 04:34 Repeat$_fireFunction_Repeat_Repeat$__f_sL_0.class
-rw-rw-r--   1 travis travis   522 Jun  4 04:34 Repeat$_fireFunction_Repeat_Repeat$__f_sL_10.class
-rw-rw-r--   1 travis travis   666 Jun  4 04:34 Repeat$_fireFunction_Repeat_Repeat$__f_sL_11.class
-rw-rw-r--   1 travis travis   522 Jun  4 04:34 Repeat$_fireFunction_Repeat_Repeat$__f_sL_13.class
-rw-rw-r--   1 travis travis   665 Jun  4 04:34 Repeat$_fireFunction_Repeat_Repeat$__f_sL_1.class
-rw-rw-r--   1 travis travis   520 Jun  4 04:34 Repeat$_fireFunction_Repeat_Repeat$__f_sL_2.class
-rw-rw-r--   1 travis travis   520 Jun  4 04:34 Repeat$_fireFunction_Repeat_Repeat$__f_sL_3.class
-rw-rw-r--   1 travis travis   520 Jun  4 04:34 Repeat$_fireFunction_Repeat_Repeat$__f_sL_5.class
-rw-rw-r--   1 travis travis   671 Jun  4 04:34 Repeat$_fireFunction_Repeat_Repeat$__f_sL_7.class
-rw-rw-r--   1 travis travis   520 Jun  4 04:34 Repeat$_fireFunction_Repeat_Repeat$__f_sL_9.class
-rw-rw-r--   1 travis travis   813 Jun  4 04:34 Repeat$_initialize_Repeat.class
-rw-rw-r--   1 travis travis   475 Jun  4 04:34 Repeat$_initialize_Repeat$__i_sL_0.class
-rw-rw-r--   1 travis travis   519 Jun  4 04:34 Repeat$_initialize_Repeat$__i_sL_3.class
-rw-rw-r--   1 travis travis 39778 Jun  4 04:34 Repeat.java
-rw-rw-r--   1 travis travis  1281 Jun  4 04:34 Repeat.mk
-rw-rw-r--   1 travis travis   520 Jun  4 04:34 Repeat$_preinitializeMethod_Repeat$__p_sL_0.class
-rw-rw-r--   1 travis travis   520 Jun  4 04:34 Repeat$_preinitializeMethod_Repeat$__p_sL_1.class
-rw-rw-r--   1 travis travis  1083 Jun  4 04:34 Repeat$_Repeat$_fireFunction_Repeat_AddSubtract_Repeat.class
-rw-rw-r--   1 travis travis   791 Jun  4 04:34 Repeat$_Repeat$_fireFunction_Repeat_AddSubtract_Repeat$__f_sL_0.class
-rw-rw-r--   1 travis travis   909 Jun  4 04:34 Repeat$_Repeat$_fireFunction_Repeat_AddSubtract_Repeat$__f_sL_1.class
-rw-rw-r--   1 travis travis   915 Jun  4 04:34 Repeat$_Repeat$_fireFunction_Repeat_AddSubtract_Repeat$__f_sL_2.class
-rw-rw-r--   1 travis travis   838 Jun  4 04:34 Repeat$_Repeat$_fireFunction_Repeat_Ramp2_Repeat$__f_sL_1.class
-rw-rw-r--   1 travis travis  1785 Jun  4 04:34 Repeat$_Repeat$_fireFunction_Repeat_Test_Repeat$__f_sL_2.class
-rw-rw-r--   1 travis travis   685 Jun  4 04:34 Repeat$_Repeat_SDF_Director_run_Repeat$__R_sL_0.class
-rw-rw-r--   1 travis travis   540 Jun  4 04:34 Repeat$_Repeat_SDF_Director_run_Repeat$__R_sL_1.class
-rw-rw-r--   1 travis travis   540 Jun  4 04:34 Repeat$_Repeat_SDF_Director_run_Repeat$__R_sL_2.class
-rw-rw-r--   1 travis travis   540 Jun  4 04:34 Repeat$_Repeat_SDF_Director_run_Repeat$__R_sL_4.class
-rw-rw-r--   1 travis travis   540 Jun  4 04:34 Repeat$_Repeat_SDF_Director_run_Repeat$__R_sL_5.class
-rw-rw-r--   1 travis travis   691 Jun  4 04:34 Repeat$_Repeat_SDF_Director_run_Repeat$__R_sL_6.class
-rw-rw-r--   1 travis travis   540 Jun  4 04:34 Repeat$_Repeat_SDF_Director_run_Repeat$__R_sL_7.class
-rw-rw-r--   1 travis travis   863 Jun  4 04:34 Repeat$_varinit_Repeat.class
-rw-rw-r--   1 travis travis   530 Jun  4 04:34 Repeat$_varinit_Repeat$__v_sL_1.class
-rw-rw-r--   1 travis travis   531 Jun  4 04:34 Repeat$_varinit_Repeat$__v_sL_2.class
-rw-rw-r--   1 travis travis   905 Jun  4 04:34 Repeat$_varinit_Repeat$__v_sL_4.class
-rw-rw-r--   1 travis travis   635 Jun  4 04:34 Repeat$_wrapup_Repeat.class
-rw-rw-r--   1 travis travis   965 Jun  4 04:34 Repeat$_wrapup_Repeat$__w_sL_1.class
-rw-rw-r--   1 travis travis   289 Jun  4 04:29 result.csv
drwxrwxr-x   3 travis travis 12288 Jun  4 04:32 Scrambler1
drwxrwxr-x   3 travis travis 20480 Jun  4 04:31 Sinewave2
drwxrwxr-x   3 travis travis 69632 Jun  4 04:32 StringCompare
drwxrwxr-x   3 travis travis 32768 Jun  4 04:32 StringFunction
drwxrwxr-x   3 travis travis 12288 Jun  4 04:32 StringLength
drwxrwxr-x   3 travis travis 57344 Jun  4 04:33 StringSimpleReplace
drwxrwxr-x   3 travis travis 12288 Jun  4 04:33 time2
drwxrwxr-x   3 travis travis 12288 Jun  4 04:34 time5
-rw-rw-r--   1 travis travis   432 Jun  4 04:35 Token.class
-rw-rw-r--   1 travis travis   251 Jun  4 04:35 Token.java
-rw-rw-r--   1 travis travis     0 Jun  4 04:34 top.
-rw-rw-r--   1 travis travis 20502 Jun  4 04:29 top.c
-rw-rw-r--   1 travis travis  3567 Jun  4 04:34 top.class
-rw-rw-r--   1 travis travis   169 Jun  4 04:29 top.html
-rw-rw-r--   1 travis travis  7552 Jun  4 04:34 top.java
-rw-rw-r--   1 travis travis 38888 Jun  4 04:29 top.o
drwxrwxr-x   3 travis travis 57344 Jun  4 04:31 UnaryMathFunction
All Done
Writing ModularCodeGen3_A2.java in file:/home/travis/cg/ (15957 characters)
Reading "ptolemy/cg/kernel/generic/program/procedural/java/modular/makefile.in",
    writing "/home/travis/cg/ModularCodeGen3_A2.mk"
Using ptolemy/cg/kernel/generic/program/procedural/java/modular/makefile.in
In "/home/travis/cg", about to execute:
    make -f ModularCodeGen3_A2.mk
javac -classpath ".:.."    ModularCodeGen3_A2.java
All Done
Manager.initialize() finished: 12273 ms. Memory: 273920K Free: 161790K (59%)
12275 ms. Memory: 273920K Free: 161790K (59%)
----------------- Invoking toplevel() on ptolemy.moml.MoMLSimpleApplication@7a3d7bbe
----------------- Done invoking toplevel() on ptolemy.moml.MoMLSimpleApplication@7a3d7bbe
reloadAllAccessors: .ModularCodeGen3

===========================================================================================
----------------- testing Tue Jun 04 04:35:09 UTC 2019 /home/travis/build/icyphy/ptII/ptolemy/cg/lib/test/auto/ModularCodeGen4.xml
----------------- Instantiating /home/travis/build/icyphy/ptII/ptolemy/cg/lib/test/auto/ModularCodeGen4.xml
In "/home/travis/cg", about to execute:
    pwd
/home/travis/cg
In "/home/travis/cg", about to execute:
    ls -l
In "/home/travis/cg", about to execute:
    javac -classpath
.:/home/travis/build/icyphy/ptII:/home/travis/build/icyphy/ptII/lib/bsh-2.0b4.j
ar:/home/travis/build/icyphy/ptII/lib/ptCal.jar:/home/travis/build/icyphy/ptII/
lib/java_cup.jar:/home/travis/build/icyphy/ptII/lib/saxon8.jar:/home/travis/bui
ld/icyphy/ptII/lib/saxon8-dom.jar:/home/travis/build/icyphy/ptII/lib/chic.jar:/
home/travis/build/icyphy/ptII/lib/ptcolt.jar:/usr/lib/jvm/java-8-oracle/lib/too
ls.jar:/home/travis/build/icyphy/ptII/vendors/misc/itext/iText.jar:/home/travis
/build/icyphy/ptII/lib/g4ltl.jar:/home/travis/build/icyphy/ptII/lib/StructuralC
oder.jar:/home/travis/build/icyphy/ptII/vendors/jai-1_1_2_01/lib/jai_core.jar:/
home/travis/build/icyphy/ptII/vendors/jai-1_1_2_01/lib/jai_codec.jar:/home/trav
is/build/icyphy/ptII/lib/jcerti.jar:/home/travis/build/icyphy/ptII/lib/javax.ma
il.jar:/home/travis/build/icyphy/ptII/vendors/JMF-2.1.1e/lib/jmf.jar:/home/trav
is/build/icyphy/ptII/lib/jna-4.0.0-variadic.jar:/home/travis/build/icyphy/ptII/
vendors/misc/joystick/Joystick.jar:/home/travis/build/icyphy/ptII/lib/ptjacl.ja
r:/home/travis/build/icyphy/ptII/lib/jsoup-1.8.2.jar:/home/travis/build/icyphy/
ptII/lib/junit-4.8.2.jar:/home/travis/build/icyphy/ptII/lib/JUnitParams-0.4.0.j
ar:/home/travis/build/icyphy/ptII/ptolemy/actor/lib/excel/jxl.jar:/home/travis/
build/icyphy/ptII/lib/jython.jar:/home/travis/build/icyphy/ptII/lib/kieler.jar:
/home/travis/build/icyphy/ptII/vendors/opencv/share/OpenCV/java/opencv-341.jar:
/home/travis/build/icyphy/ptII/lib/oscP5.jar:/home/travis/build/icyphy/ptII/lib
/nrjavaserial-3.11.0.devel.jar:/home/travis/build/icyphy/ptII/vendors/j3d/lib/j
3dcore.jar:/home/travis/build/icyphy/ptII/vendors/j3d/lib/j3dutils.jar:/home/tr
avis/build/icyphy/ptII/vendors/j3d/lib/vecmath.jar:/home/travis/build/icyphy/pt
II/ptolemy/distributed/jini/jar/jini-core.jar:/home/travis/build/icyphy/ptII/pt
olemy/distributed/jini/jar/jini-ext.jar:/home/travis/build/icyphy/ptII/ptolemy/
distributed/jini/jar/sun-util.jar:/home/travis/build/icyphy/ptII/lib/protobuf-j
ava-2.4.1.jar:/home/travis/build/icyphy/ptII/lib/org.eclipse.paho.client.mqttv3
.jar:/home/travis/build/icyphy/ptII/lib/mapss.jar:/home/travis/build/icyphy/ptI
I/ptolemy/actor/ptalon/antlr/antlr.jar:/home/travis/build/icyphy/ptII/lib/JRI.j
ar:/home/travis/build/icyphy/ptII/lib/commons-lang-2.6.jar:/home/travis/build/i
cyphy/ptII/lib/commons-logging-1.1.1.jar:/home/travis/build/icyphy/ptII/lib/soo
tclasses.jar:/home/travis/build/icyphy/ptII/ptolemy/actor/lib/database/mysql-co
nnector-java-5.1.6-bin.jar:/home/travis/build/icyphy/ptII/vendors/misc/sphinx4/
sphinx4-data-5prealpha.jar:/home/travis/build/icyphy/ptII/vendors/misc/sphinx4/
sphinx4-core-5prealpha.jar:/home/travis/build/icyphy/ptII/lib/PDFRenderer.jar:/
home/travis/build/icyphy/ptII/lib/svgSalamander.jar:/home/travis/build/icyphy/p
tII/lib/rsyntaxtextarea-2.6.0-SNAPSHOT.jar:/home/travis/build/icyphy/ptII/lib/h
azelcast-3.8.2.jar:/home/travis/build/icyphy/ptII/lib/jackson-annotations-2.9.0
.jar:/home/travis/build/icyphy/ptII/lib/jackson-core-2.9.3.jar:/home/travis/bui
ld/icyphy/ptII/lib/jackson-databind-2.9.3.jar:/home/travis/build/icyphy/ptII/li
b/netty-buffer-4.1.19.Final.jar:/home/travis/build/icyphy/ptII/lib/netty-codec-
4.1.19.Final.jar:/home/travis/build/icyphy/ptII/lib/netty-codec-dns-4.1.19.Fina
l.jar:/home/travis/build/icyphy/ptII/lib/netty-codec-http-4.1.19.Final.jar:/hom
e/travis/build/icyphy/ptII/lib/netty-codec-http2-4.1.19.Final.jar:/home/travis/
build/icyphy/ptII/lib/netty-common-4.1.19.Final.jar:/home/travis/build/icyphy/p
tII/lib/netty-handler-4.1.19.Final.jar:/home/travis/build/icyphy/ptII/lib/netty
-resolver-4.1.19.Final.jar:/home/travis/build/icyphy/ptII/lib/netty-resolver-dn
s-4.1.19.Final.jar:/home/travis/build/icyphy/ptII/lib/netty-transport-4.1.19.Fi
nal.jar:/home/travis/build/icyphy/ptII/lib/vertx-codegen-3.5.1.jar:/home/travis
/build/icyphy/ptII/lib/vertx-core-3.5.2-SNAPSHOT.jar:/home/travis/build/icyphy/
ptII/lib/vertx-hazelcast-3.5.1.jar:/home/travis/build/icyphy/ptII/lib/vertx-lan
g-js-3.5.1.jar:/home/travis/build/icyphy/ptII/lib/vertx-service-proxy-3.5.1.jar
:/home/travis/build/icyphy/ptII/lib/vertx-web-3.5.1.jar:/home/travis/build/icyp
hy/ptII/lib/slf4j-api-1.7.13.jar:/home/travis/build/icyphy/ptII/lib/slf4j-simpl
e-1.7.13.jar:/home/travis/build/icyphy/ptII/lib/webcam-capture-0.3.12.jar:/home
/travis/build/icyphy/ptII/lib/bridj-0.7.0.jar:/home/travis/build/icyphy/ptII/li
b/xbjlib-1.1.0.nrjavaserial.jar:/home/travis/build/icyphy/ptII/ptolemy/moml/tes
t:/home/travis/build/icyphy/ptII/ant/lib/ant-launcher.jar:/home/travis/build/ic
yphy/ptII/ant/lib/ant.jar:/home/travis/build/icyphy/ptII/ant/lib/ant-junit.jar:
/home/travis/build/icyphy/ptII/ant/lib/ant-junit4.jar:/home/travis/build/icyphy
/ptII ModularCodeGen4_A1_B1_profile.java
total 1548
drwxrwxr-x   3 travis travis 12288 Jun  4 04:30 AbsoluteValue
drwxrwxr-x   3 travis travis 16384 Jun  4 04:30 Case1
drwxrwxr-x   3 travis travis 32768 Jun  4 04:30 Case2
-rw-rw-r--   1 travis travis  4895 Jun  4 04:34 CompiledCompositeActor_CompiledCompositeActor.class
-rw-rw-r--   1 travis travis  1592 Jun  4 04:34 CompiledCompositeActor_CompiledCompositeActor$_CompiledCompositeActor_CompiledCompositeActor.class
-rw-rw-r--   1 travis travis 13466 Jun  4 04:34 CompiledCompositeActor_CompiledCompositeActor.java
-rw-rw-r--   1 travis travis  1593 Jun  4 04:34 CompiledCompositeActor_CompiledCompositeActor.mk
drwxrwxr-x   3 travis travis 24576 Jun  4 04:32 DeScrambler
drwxrwxr-x   3 travis travis 16384 Jun  4 04:33 DotProduct
drwxrwxr-x   3 travis travis 12288 Jun  4 04:30 FileWriter1
drwxrwxr-x   3 travis travis 20480 Jun  4 04:29 FixToDoubleAndBack
drwxrwxr-x   3 travis travis 16384 Jun  4 04:30 Gaussian1
drwxrwxr-x   3 travis travis 20480 Jun  4 04:30 Gaussian2
-rw-rw-r--   1 travis travis  4457 Jun  4 04:34 JavaCompiledCompositeTest1_CompiledCompositeActor.class
-rw-rw-r--   1 travis travis 11637 Jun  4 04:34 JavaCompiledCompositeTest1_CompiledCompositeActor.java
-rw-rw-r--   1 travis travis  1198 Jun  4 04:34 JavaCompiledCompositeTest1_CompiledCompositeActor$_JavaCompiledCompositeTest1_CompiledCompositeActor.class
-rw-rw-r--   1 travis travis  1625 Jun  4 04:34 JavaCompiledCompositeTest1_CompiledCompositeActor.mk
-rw-rw-r--   1 travis travis  4888 Jun  4 04:34 JavaCompiledCompositeTest2_CompiledCompositeActor.class
-rw-rw-r--   1 travis travis 14919 Jun  4 04:34 JavaCompiledCompositeTest2_CompiledCompositeActor.java
-rw-rw-r--   1 travis travis  1793 Jun  4 04:34 JavaCompiledCompositeTest2_CompiledCompositeActor$_JavaCompiledCompositeTest2_CompiledCompositeActor.class
-rw-rw-r--   1 travis travis  1625 Jun  4 04:34 JavaCompiledCompositeTest2_CompiledCompositeActor.mk
-rw-rw-r--   1 travis travis  4505 Jun  4 04:34 JavaCompiledCompositeTest3_CompiledCompositeActor.class
-rw-rw-r--   1 travis travis 13080 Jun  4 04:34 JavaCompiledCompositeTest3_CompiledCompositeActor.java
-rw-rw-r--   1 travis travis  1378 Jun  4 04:34 JavaCompiledCompositeTest3_CompiledCompositeActor$_JavaCompiledCompositeTest3_CompiledCompositeActor.class
-rw-rw-r--   1 travis travis  1625 Jun  4 04:34 JavaCompiledCompositeTest3_CompiledCompositeActor.mk
-rw-rw-r--   1 travis travis  3953 Jun  4 04:34 JavaCompiledCompositeTest4_CompiledCompositeActor.class
-rw-rw-r--   1 travis travis  9687 Jun  4 04:34 JavaCompiledCompositeTest4_CompiledCompositeActor.java
-rw-rw-r--   1 travis travis   857 Jun  4 04:34 JavaCompiledCompositeTest4_CompiledCompositeActor$_JavaCompiledCompositeTest4_CompiledCompositeActor.class
-rw-rw-r--   1 travis travis  1625 Jun  4 04:34 JavaCompiledCompositeTest4_CompiledCompositeActor.mk
drwxrwxr-x   3 travis travis 12288 Jun  4 04:30 LookupTable
drwxrwxr-x   3 travis travis 20480 Jun  4 04:31 MaxIndex
-rw-rw-r--   1 travis travis  3693 Jun  4 04:34 ModularCG_A1_B1.class
-rw-rw-r--   1 travis travis  9730 Jun  4 04:34 ModularCG_A1_B1.java
-rw-rw-r--   1 travis travis   832 Jun  4 04:34 ModularCG_A1_B1.mk
-rw-rw-r--   1 travis travis  1318 Jun  4 04:34 ModularCG_A1_B1_profile.class
-rw-rw-r--   1 travis travis  1262 Jun  4 04:34 ModularCG_A1_B1_profile.java
-rw-rw-r--   1 travis travis  3693 Jun  4 04:34 ModularCG_A1_B2.class
-rw-rw-r--   1 travis travis  9730 Jun  4 04:34 ModularCG_A1_B2.java
-rw-rw-r--   1 travis travis   832 Jun  4 04:34 ModularCG_A1_B2.mk
-rw-rw-r--   1 travis travis  1318 Jun  4 04:34 ModularCG_A1_B2_profile.class
-rw-rw-r--   1 travis travis  1262 Jun  4 04:34 ModularCG_A1_B2_profile.java
-rw-rw-r--   1 travis travis  4799 Jun  4 04:34 ModularCG_A1.class
-rw-rw-r--   1 travis travis 14742 Jun  4 04:34 ModularCG_A1.java
-rw-rw-r--   1 travis travis   808 Jun  4 04:34 ModularCG_A1.mk
-rw-rw-r--   1 travis travis  1433 Jun  4 04:34 ModularCG_A1_profile.class
-rw-rw-r--   1 travis travis  1704 Jun  4 04:34 ModularCG_A1_profile.java
-rw-rw-r--   1 travis travis  3827 Jun  4 04:34 ModularCG_A2_B1.class
-rw-rw-r--   1 travis travis 10667 Jun  4 04:34 ModularCG_A2_B1.java
-rw-rw-r--   1 travis travis   832 Jun  4 04:34 ModularCG_A2_B1.mk
-rw-rw-r--   1 travis travis  1381 Jun  4 04:34 ModularCG_A2_B1_profile.class
-rw-rw-r--   1 travis travis  1446 Jun  4 04:34 ModularCG_A2_B1_profile.java
-rw-rw-r--   1 travis travis  3693 Jun  4 04:34 ModularCG_A2_B2.class
-rw-rw-r--   1 travis travis  9730 Jun  4 04:34 ModularCG_A2_B2.java
-rw-rw-r--   1 travis travis   832 Jun  4 04:34 ModularCG_A2_B2.mk
-rw-rw-r--   1 travis travis  1318 Jun  4 04:34 ModularCG_A2_B2_profile.class
-rw-rw-r--   1 travis travis  1262 Jun  4 04:34 ModularCG_A2_B2_profile.java
-rw-rw-r--   1 travis travis  4870 Jun  4 04:34 ModularCG_A2.class
-rw-rw-r--   1 travis travis 15129 Jun  4 04:34 ModularCG_A2.java
-rw-rw-r--   1 travis travis   808 Jun  4 04:34 ModularCG_A2.mk
-rw-rw-r--   1 travis travis  1433 Jun  4 04:34 ModularCG_A2_profile.class
-rw-rw-r--   1 travis travis  1704 Jun  4 04:34 ModularCG_A2_profile.java
-rw-rw-r--   1 travis travis  3473 Jun  4 04:34 ModularCGPubSub_A1_A2.class
-rw-rw-r--   1 travis travis  9076 Jun  4 04:34 ModularCGPubSub_A1_A2.java
-rw-rw-r--   1 travis travis   880 Jun  4 04:34 ModularCGPubSub_A1_A2.mk
-rw-rw-r--   1 travis travis  1300 Jun  4 04:34 ModularCGPubSub_A1_A2_profile.class
-rw-rw-r--   1 travis travis  1222 Jun  4 04:34 ModularCGPubSub_A1_A2_profile.java
-rw-rw-r--   1 travis travis  3790 Jun  4 04:34 ModularCGPubSub_A1.class
-rw-rw-r--   1 travis travis  9836 Jun  4 04:34 ModularCGPubSub_A1.java
-rw-rw-r--   1 travis travis   856 Jun  4 04:34 ModularCGPubSub_A1.mk
-rw-rw-r--   1 travis travis  1346 Jun  4 04:34 ModularCGPubSub_A1_profile.class
-rw-rw-r--   1 travis travis  1388 Jun  4 04:34 ModularCGPubSub_A1_profile.java
-rw-rw-r--   1 travis travis  3988 Jun  4 04:34 ModularCodeGen2_ModularCodeGenTypedCompositeActor.class
-rw-rw-r--   1 travis travis 11690 Jun  4 04:34 ModularCodeGen2_ModularCodeGenTypedCompositeActor.java
-rw-rw-r--   1 travis travis  1104 Jun  4 04:34 ModularCodeGen2_ModularCodeGenTypedCompositeActor.mk
-rw-rw-r--   1 travis travis  4272 Jun  4 04:34 ModularCodeGen2_ModularCodeGenTypedCompositeActor_ModularCodeGenTypedCompositeActor.class
-rw-rw-r--   1 travis travis 11790 Jun  4 04:34 ModularCodeGen2_ModularCodeGenTypedCompositeActor_ModularCodeGenTypedCompositeActor.java
-rw-rw-r--   1 travis travis  1376 Jun  4 04:34 ModularCodeGen2_ModularCodeGenTypedCompositeActor_ModularCodeGenTypedCompositeActor.mk
-rw-rw-r--   1 travis travis  1421 Jun  4 04:34 ModularCodeGen2_ModularCodeGenTypedCompositeActor_ModularCodeGenTypedCompositeActor_profile.class
-rw-rw-r--   1 travis travis  1294 Jun  4 04:34 ModularCodeGen2_ModularCodeGenTypedCompositeActor_ModularCodeGenTypedCompositeActor_profile.java
-rw-rw-r--   1 travis travis   820 Jun  4 04:34 ModularCodeGen2_ModularCodeGenTypedCompositeActor_profile.class
-rw-rw-r--   1 travis travis   693 Jun  4 04:34 ModularCodeGen2_ModularCodeGenTypedCompositeActor_profile.java
-rw-rw-r--   1 travis travis  3741 Jun  4 04:34 ModularCodeGen3_A1_B1.class
-rw-rw-r--   1 travis travis  9958 Jun  4 04:34 ModularCodeGen3_A1_B1.java
-rw-rw-r--   1 travis travis   880 Jun  4 04:34 ModularCodeGen3_A1_B1.mk
-rw-rw-r--   1 travis travis  1330 Jun  4 04:34 ModularCodeGen3_A1_B1_profile.class
-rw-rw-r--   1 travis travis  1274 Jun  4 04:34 ModularCodeGen3_A1_B1_profile.java
-rw-rw-r--   1 travis travis  3741 Jun  4 04:35 ModularCodeGen3_A1_B2.class
-rw-rw-r--   1 travis travis  9958 Jun  4 04:35 ModularCodeGen3_A1_B2.java
-rw-rw-r--   1 travis travis   880 Jun  4 04:35 ModularCodeGen3_A1_B2.mk
-rw-rw-r--   1 travis travis  1330 Jun  4 04:35 ModularCodeGen3_A1_B2_profile.class
-rw-rw-r--   1 travis travis  1274 Jun  4 04:34 ModularCodeGen3_A1_B2_profile.java
-rw-rw-r--   1 travis travis  4961 Jun  4 04:35 ModularCodeGen3_A1.class
-rw-rw-r--   1 travis travis 15564 Jun  4 04:35 ModularCodeGen3_A1.java
-rw-rw-r--   1 travis travis   856 Jun  4 04:35 ModularCodeGen3_A1.mk
-rw-rw-r--   1 travis travis  1445 Jun  4 04:35 ModularCodeGen3_A1_profile.class
-rw-rw-r--   1 travis travis  1716 Jun  4 04:35 ModularCodeGen3_A1_profile.java
-rw-rw-r--   1 travis travis  3887 Jun  4 04:35 ModularCodeGen3_A2_B1.class
-rw-rw-r--   1 travis travis 10955 Jun  4 04:35 ModularCodeGen3_A2_B1.java
-rw-rw-r--   1 travis travis   880 Jun  4 04:35 ModularCodeGen3_A2_B1.mk
-rw-rw-r--   1 travis travis  1393 Jun  4 04:35 ModularCodeGen3_A2_B1_profile.class
-rw-rw-r--   1 travis travis  1458 Jun  4 04:35 ModularCodeGen3_A2_B1_profile.java
-rw-rw-r--   1 travis travis  3741 Jun  4 04:35 ModularCodeGen3_A2_B2.class
-rw-rw-r--   1 travis travis  9958 Jun  4 04:35 ModularCodeGen3_A2_B2.java
-rw-rw-r--   1 travis travis   880 Jun  4 04:35 ModularCodeGen3_A2_B2.mk
-rw-rw-r--   1 travis travis  1330 Jun  4 04:35 ModularCodeGen3_A2_B2_profile.class
-rw-rw-r--   1 travis travis  1274 Jun  4 04:35 ModularCodeGen3_A2_B2_profile.java
-rw-rw-r--   1 travis travis  5038 Jun  4 04:35 ModularCodeGen3_A2.class
-rw-rw-r--   1 travis travis 15957 Jun  4 04:35 ModularCodeGen3_A2.java
-rw-rw-r--   1 travis travis   856 Jun  4 04:35 ModularCodeGen3_A2.mk
-rw-rw-r--   1 travis travis  1445 Jun  4 04:35 ModularCodeGen3_A2_profile.class
-rw-rw-r--   1 travis travis  1716 Jun  4 04:35 ModularCodeGen3_A2_profile.java
-rw-rw-r--   1 travis travis  1273 Jun  4 04:35 ModularCodeGen4_A1_B1_profile.java
-rw-rw-r--   1 travis travis  3954 Jun  4 04:34 ModularCodeGen_ModularCodeGenTypedCompositeActor.class
-rw-rw-r--   1 travis travis 10970 Jun  4 04:34 ModularCodeGen_ModularCodeGenTypedCompositeActor.java
-rw-rw-r--   1 travis travis  1096 Jun  4 04:34 ModularCodeGen_ModularCodeGenTypedCompositeActor.mk
-rw-rw-r--   1 travis travis  1384 Jun  4 04:34 ModularCodeGen_ModularCodeGenTypedCompositeActor_profile.class
-rw-rw-r--   1 travis travis  1328 Jun  4 04:34 ModularCodeGen_ModularCodeGenTypedCompositeActor_profile.java
-rw-rw-r--   1 travis travis  3492 Jun  4 04:34 ModularCodeGenTest_A1_A2.class
-rw-rw-r--   1 travis travis   904 Jun  4 04:34 ModularCodeGenTest_A1_A2.mk
-rw-rw-r--   1 travis travis  1306 Jun  4 04:34 ModularCodeGenTest_A1_A2_profile.class
-rw-rw-r--   1 travis travis  3823 Jun  4 04:34 ModularCodeGenTest_A1.class
-rw-rw-r--   1 travis travis  9968 Jun  4 04:34 ModularCodeGenTest_A1.java
-rw-rw-r--   1 travis travis   880 Jun  4 04:34 ModularCodeGenTest_A1.mk
-rw-rw-r--   1 travis travis  1352 Jun  4 04:34 ModularCodeGenTest_A1_profile.class
-rw-rw-r--   1 travis travis  1394 Jun  4 04:34 ModularCodeGenTest_A1_profile.java
drwxrwxr-x   3 travis travis 36864 Jun  4 04:34 modulation2
drwxrwxr-x   3 travis travis 20480 Jun  4 04:31 Multiplexor
drwxrwxr-x 242 travis travis 12288 Jun  4 04:34 node_modules
drwxrwxr-x   3 travis travis 20480 Jun  4 04:31 PhaseUnwrap
-rw-rw-r--   1 travis travis   520 Jun  4 04:34 Repeat$_fireFunction_Repeat_Repeat$__f_sL_0.class
-rw-rw-r--   1 travis travis   522 Jun  4 04:34 Repeat$_fireFunction_Repeat_Repeat$__f_sL_10.class
-rw-rw-r--   1 travis travis   666 Jun  4 04:34 Repeat$_fireFunction_Repeat_Repeat$__f_sL_11.class
-rw-rw-r--   1 travis travis   522 Jun  4 04:34 Repeat$_fireFunction_Repeat_Repeat$__f_sL_13.class
-rw-rw-r--   1 travis travis   665 Jun  4 04:34 Repeat$_fireFunction_Repeat_Repeat$__f_sL_1.class
-rw-rw-r--   1 travis travis   520 Jun  4 04:34 Repeat$_fireFunction_Repeat_Repeat$__f_sL_2.class
-rw-rw-r--   1 travis travis   520 Jun  4 04:34 Repeat$_fireFunction_Repeat_Repeat$__f_sL_3.class
-rw-rw-r--   1 travis travis   520 Jun  4 04:34 Repeat$_fireFunction_Repeat_Repeat$__f_sL_5.class
-rw-rw-r--   1 travis travis   671 Jun  4 04:34 Repeat$_fireFunction_Repeat_Repeat$__f_sL_7.class
-rw-rw-r--   1 travis travis   520 Jun  4 04:34 Repeat$_fireFunction_Repeat_Repeat$__f_sL_9.class
-rw-rw-r--   1 travis travis   813 Jun  4 04:34 Repeat$_initialize_Repeat.class
-rw-rw-r--   1 travis travis   475 Jun  4 04:34 Repeat$_initialize_Repeat$__i_sL_0.class
-rw-rw-r--   1 travis travis   519 Jun  4 04:34 Repeat$_initialize_Repeat$__i_sL_3.class
-rw-rw-r--   1 travis travis 39778 Jun  4 04:34 Repeat.java
-rw-rw-r--   1 travis travis  1281 Jun  4 04:34 Repeat.mk
-rw-rw-r--   1 travis travis   520 Jun  4 04:34 Repeat$_preinitializeMethod_Repeat$__p_sL_0.class
-rw-rw-r--   1 travis travis   520 Jun  4 04:34 Repeat$_preinitializeMethod_Repeat$__p_sL_1.class
-rw-rw-r--   1 travis travis  1083 Jun  4 04:34 Repeat$_Repeat$_fireFunction_Repeat_AddSubtract_Repeat.class
-rw-rw-r--   1 travis travis   791 Jun  4 04:34 Repeat$_Repeat$_fireFunction_Repeat_AddSubtract_Repeat$__f_sL_0.class
-rw-rw-r--   1 travis travis   909 Jun  4 04:34 Repeat$_Repeat$_fireFunction_Repeat_AddSubtract_Repeat$__f_sL_1.class
-rw-rw-r--   1 travis travis   915 Jun  4 04:34 Repeat$_Repeat$_fireFunction_Repeat_AddSubtract_Repeat$__f_sL_2.class
-rw-rw-r--   1 travis travis   838 Jun  4 04:34 Repeat$_Repeat$_fireFunction_Repeat_Ramp2_Repeat$__f_sL_1.class
-rw-rw-r--   1 travis travis  1785 Jun  4 04:34 Repeat$_Repeat$_fireFunction_Repeat_Test_Repeat$__f_sL_2.class
-rw-rw-r--   1 travis travis   685 Jun  4 04:34 Repeat$_Repeat_SDF_Director_run_Repeat$__R_sL_0.class
-rw-rw-r--   1 travis travis   540 Jun  4 04:34 Repeat$_Repeat_SDF_Director_run_Repeat$__R_sL_1.class
-rw-rw-r--   1 travis travis   540 Jun  4 04:34 Repeat$_Repeat_SDF_Director_run_Repeat$__R_sL_2.class
-rw-rw-r--   1 travis travis   540 Jun  4 04:34 Repeat$_Repeat_SDF_Director_run_Repeat$__R_sL_4.class
-rw-rw-r--   1 travis travis   540 Jun  4 04:34 Repeat$_Repeat_SDF_Director_run_Repeat$__R_sL_5.class
-rw-rw-r--   1 travis travis   691 Jun  4 04:34 Repeat$_Repeat_SDF_Director_run_Repeat$__R_sL_6.class
-rw-rw-r--   1 travis travis   540 Jun  4 04:34 Repeat$_Repeat_SDF_Director_run_Repeat$__R_sL_7.class
-rw-rw-r--   1 travis travis   863 Jun  4 04:34 Repeat$_varinit_Repeat.class
-rw-rw-r--   1 travis travis   530 Jun  4 04:34 Repeat$_varinit_Repeat$__v_sL_1.class
-rw-rw-r--   1 travis travis   531 Jun  4 04:34 Repeat$_varinit_Repeat$__v_sL_2.class
-rw-rw-r--   1 travis travis   905 Jun  4 04:34 Repeat$_varinit_Repeat$__v_sL_4.class
-rw-rw-r--   1 travis travis   635 Jun  4 04:34 Repeat$_wrapup_Repeat.class
-rw-rw-r--   1 travis travis   965 Jun  4 04:34 Repeat$_wrapup_Repeat$__w_sL_1.class
-rw-rw-r--   1 travis travis   289 Jun  4 04:29 result.csv
drwxrwxr-x   3 travis travis 12288 Jun  4 04:32 Scrambler1
drwxrwxr-x   3 travis travis 20480 Jun  4 04:31 Sinewave2
drwxrwxr-x   3 travis travis 69632 Jun  4 04:32 StringCompare
drwxrwxr-x   3 travis travis 32768 Jun  4 04:32 StringFunction
drwxrwxr-x   3 travis travis 12288 Jun  4 04:32 StringLength
drwxrwxr-x   3 travis travis 57344 Jun  4 04:33 StringSimpleReplace
drwxrwxr-x   3 travis travis 12288 Jun  4 04:33 time2
drwxrwxr-x   3 travis travis 12288 Jun  4 04:34 time5
-rw-rw-r--   1 travis travis   432 Jun  4 04:35 Token.class
-rw-rw-r--   1 travis travis   251 Jun  4 04:35 Token.java
-rw-rw-r--   1 travis travis     0 Jun  4 04:34 top.
-rw-rw-r--   1 travis travis 20502 Jun  4 04:29 top.c
-rw-rw-r--   1 travis travis  3567 Jun  4 04:34 top.class
-rw-rw-r--   1 travis travis   169 Jun  4 04:29 top.html
-rw-rw-r--   1 travis travis  7552 Jun  4 04:34 top.java
-rw-rw-r--   1 travis travis 38888 Jun  4 04:29 top.o
drwxrwxr-x   3 travis travis 57344 Jun  4 04:31 UnaryMathFunction
All Done
Writing ModularCodeGen4_A1_B1.java in file:/home/travis/cg/ (10312 characters)
Reading "ptolemy/cg/kernel/generic/program/procedural/java/modular/makefile.in",
    writing "/home/travis/cg/ModularCodeGen4_A1_B1.mk"
Using ptolemy/cg/kernel/generic/program/procedural/java/modular/makefile.in
In "/home/travis/cg", about to execute:
    make -f ModularCodeGen4_A1_B1.mk
javac -classpath ".:.."    ModularCodeGen4_A1_B1.java
All Done
In "/home/travis/cg", about to execute:
    pwd
/home/travis/cg
In "/home/travis/cg", about to execute:
    ls -l
total 1576
drwxrwxr-x   3 travis travis 12288 Jun  4 04:30 AbsoluteValue
drwxrwxr-x   3 travis travis 16384 Jun  4 04:30 Case1
drwxrwxr-x   3 travis travis 32768 Jun  4 04:30 Case2
-rw-rw-r--   1 travis travis  4895 Jun  4 04:34 CompiledCompositeActor_CompiledCompositeActor.class
-rw-rw-r--   1 travis travis  1592 Jun  4 04:34 CompiledCompositeActor_CompiledCompositeActor$_CompiledCompositeActor_CompiledCompositeActor.class
-rw-rw-r--   1 travis travis 13466 Jun  4 04:34 CompiledCompositeActor_CompiledCompositeActor.java
-rw-rw-r--   1 travis travis  1593 Jun  4 04:34 CompiledCompositeActor_CompiledCompositeActor.mk
drwxrwxr-x   3 travis travis 24576 Jun  4 04:32 DeScrambler
drwxrwxr-x   3 travis travis 16384 Jun  4 04:33 DotProduct
drwxrwxr-x   3 travis travis 12288 Jun  4 04:30 FileWriter1
drwxrwxr-x   3 travis travis 20480 Jun  4 04:29 FixToDoubleAndBack
drwxrwxr-x   3 travis travis 16384 Jun  4 04:30 Gaussian1
drwxrwxr-x   3 travis travis 20480 Jun  4 04:30 Gaussian2
-rw-rw-r--   1 travis travis  4457 Jun  4 04:34 JavaCompiledCompositeTest1_CompiledCompositeActor.class
-rw-rw-r--   1 travis travis 11637 Jun  4 04:34 JavaCompiledCompositeTest1_CompiledCompositeActor.java
-rw-rw-r--   1 travis travis  1198 Jun  4 04:34 JavaCompiledCompositeTest1_CompiledCompositeActor$_JavaCompiledCompositeTest1_CompiledCompositeActor.class
-rw-rw-r--   1 travis travis  1625 Jun  4 04:34 JavaCompiledCompositeTest1_CompiledCompositeActor.mk
-rw-rw-r--   1 travis travis  4888 Jun  4 04:34 JavaCompiledCompositeTest2_CompiledCompositeActor.class
-rw-rw-r--   1 travis travis 14919 Jun  4 04:34 JavaCompiledCompositeTest2_CompiledCompositeActor.java
-rw-rw-r--   1 travis travis  1793 Jun  4 04:34 JavaCompiledCompositeTest2_CompiledCompositeActor$_JavaCompiledCompositeTest2_CompiledCompositeActor.class
-rw-rw-r--   1 travis travis  1625 Jun  4 04:34 JavaCompiledCompositeTest2_CompiledCompositeActor.mk
-rw-rw-r--   1 travis travis  4505 Jun  4 04:34 JavaCompiledCompositeTest3_CompiledCompositeActor.class
-rw-rw-r--   1 travis travis 13080 Jun  4 04:34 JavaCompiledCompositeTest3_CompiledCompositeActor.java
-rw-rw-r--   1 travis travis  1378 Jun  4 04:34 JavaCompiledCompositeTest3_CompiledCompositeActor$_JavaCompiledCompositeTest3_CompiledCompositeActor.class
-rw-rw-r--   1 travis travis  1625 Jun  4 04:34 JavaCompiledCompositeTest3_CompiledCompositeActor.mk
-rw-rw-r--   1 travis travis  3953 Jun  4 04:34 JavaCompiledCompositeTest4_CompiledCompositeActor.class
-rw-rw-r--   1 travis travis  9687 Jun  4 04:34 JavaCompiledCompositeTest4_CompiledCompositeActor.java
-rw-rw-r--   1 travis travis   857 Jun  4 04:34 JavaCompiledCompositeTest4_CompiledCompositeActor$_JavaCompiledCompositeTest4_CompiledCompositeActor.class
-rw-rw-r--   1 travis travis  1625 Jun  4 04:34 JavaCompiledCompositeTest4_CompiledCompositeActor.mk
drwxrwxr-x   3 travis travis 12288 Jun  4 04:30 LookupTable
drwxrwxr-x   3 travis travis 20480 Jun  4 04:31 MaxIndex
-rw-rw-r--   1 travis travis  3693 Jun  4 04:34 ModularCG_A1_B1.class
-rw-rw-r--   1 travis travis  9730 Jun  4 04:34 ModularCG_A1_B1.java
-rw-rw-r--   1 travis travis   832 Jun  4 04:34 ModularCG_A1_B1.mk
-rw-rw-r--   1 travis travis  1318 Jun  4 04:34 ModularCG_A1_B1_profile.class
-rw-rw-r--   1 travis travis  1262 Jun  4 04:34 ModularCG_A1_B1_profile.java
-rw-rw-r--   1 travis travis  3693 Jun  4 04:34 ModularCG_A1_B2.class
-rw-rw-r--   1 travis travis  9730 Jun  4 04:34 ModularCG_A1_B2.java
-rw-rw-r--   1 travis travis   832 Jun  4 04:34 ModularCG_A1_B2.mk
-rw-rw-r--   1 travis travis  1318 Jun  4 04:34 ModularCG_A1_B2_profile.class
-rw-rw-r--   1 travis travis  1262 Jun  4 04:34 ModularCG_A1_B2_profile.java
-rw-rw-r--   1 travis travis  4799 Jun  4 04:34 ModularCG_A1.class
-rw-rw-r--   1 travis travis 14742 Jun  4 04:34 ModularCG_A1.java
-rw-rw-r--   1 travis travis   808 Jun  4 04:34 ModularCG_A1.mk
-rw-rw-r--   1 travis travis  1433 Jun  4 04:34 ModularCG_A1_profile.class
-rw-rw-r--   1 travis travis  1704 Jun  4 04:34 ModularCG_A1_profile.java
-rw-rw-r--   1 travis travis  3827 Jun  4 04:34 ModularCG_A2_B1.class
-rw-rw-r--   1 travis travis 10667 Jun  4 04:34 ModularCG_A2_B1.java
-rw-rw-r--   1 travis travis   832 Jun  4 04:34 ModularCG_A2_B1.mk
-rw-rw-r--   1 travis travis  1381 Jun  4 04:34 ModularCG_A2_B1_profile.class
-rw-rw-r--   1 travis travis  1446 Jun  4 04:34 ModularCG_A2_B1_profile.java
-rw-rw-r--   1 travis travis  3693 Jun  4 04:34 ModularCG_A2_B2.class
-rw-rw-r--   1 travis travis  9730 Jun  4 04:34 ModularCG_A2_B2.java
-rw-rw-r--   1 travis travis   832 Jun  4 04:34 ModularCG_A2_B2.mk
-rw-rw-r--   1 travis travis  1318 Jun  4 04:34 ModularCG_A2_B2_profile.class
-rw-rw-r--   1 travis travis  1262 Jun  4 04:34 ModularCG_A2_B2_profile.java
-rw-rw-r--   1 travis travis  4870 Jun  4 04:34 ModularCG_A2.class
-rw-rw-r--   1 travis travis 15129 Jun  4 04:34 ModularCG_A2.java
-rw-rw-r--   1 travis travis   808 Jun  4 04:34 ModularCG_A2.mk
-rw-rw-r--   1 travis travis  1433 Jun  4 04:34 ModularCG_A2_profile.class
-rw-rw-r--   1 travis travis  1704 Jun  4 04:34 ModularCG_A2_profile.java
-rw-rw-r--   1 travis travis  3473 Jun  4 04:34 ModularCGPubSub_A1_A2.class
-rw-rw-r--   1 travis travis  9076 Jun  4 04:34 ModularCGPubSub_A1_A2.java
-rw-rw-r--   1 travis travis   880 Jun  4 04:34 ModularCGPubSub_A1_A2.mk
-rw-rw-r--   1 travis travis  1300 Jun  4 04:34 ModularCGPubSub_A1_A2_profile.class
-rw-rw-r--   1 travis travis  1222 Jun  4 04:34 ModularCGPubSub_A1_A2_profile.java
-rw-rw-r--   1 travis travis  3790 Jun  4 04:34 ModularCGPubSub_A1.class
-rw-rw-r--   1 travis travis  9836 Jun  4 04:34 ModularCGPubSub_A1.java
-rw-rw-r--   1 travis travis   856 Jun  4 04:34 ModularCGPubSub_A1.mk
-rw-rw-r--   1 travis travis  1346 Jun  4 04:34 ModularCGPubSub_A1_profile.class
-rw-rw-r--   1 travis travis  1388 Jun  4 04:34 ModularCGPubSub_A1_profile.java
-rw-rw-r--   1 travis travis  3988 Jun  4 04:34 ModularCodeGen2_ModularCodeGenTypedCompositeActor.class
-rw-rw-r--   1 travis travis 11690 Jun  4 04:34 ModularCodeGen2_ModularCodeGenTypedCompositeActor.java
-rw-rw-r--   1 travis travis  1104 Jun  4 04:34 ModularCodeGen2_ModularCodeGenTypedCompositeActor.mk
-rw-rw-r--   1 travis travis  4272 Jun  4 04:34 ModularCodeGen2_ModularCodeGenTypedCompositeActor_ModularCodeGenTypedCompositeActor.class
-rw-rw-r--   1 travis travis 11790 Jun  4 04:34 ModularCodeGen2_ModularCodeGenTypedCompositeActor_ModularCodeGenTypedCompositeActor.java
-rw-rw-r--   1 travis travis  1376 Jun  4 04:34 ModularCodeGen2_ModularCodeGenTypedCompositeActor_ModularCodeGenTypedCompositeActor.mk
-rw-rw-r--   1 travis travis  1421 Jun  4 04:34 ModularCodeGen2_ModularCodeGenTypedCompositeActor_ModularCodeGenTypedCompositeActor_profile.class
-rw-rw-r--   1 travis travis  1294 Jun  4 04:34 ModularCodeGen2_ModularCodeGenTypedCompositeActor_ModularCodeGenTypedCompositeActor_profile.java
-rw-rw-r--   1 travis travis   820 Jun  4 04:34 ModularCodeGen2_ModularCodeGenTypedCompositeActor_profile.class
-rw-rw-r--   1 travis travis   693 Jun  4 04:34 ModularCodeGen2_ModularCodeGenTypedCompositeActor_profile.java
-rw-rw-r--   1 travis travis  3741 Jun  4 04:34 ModularCodeGen3_A1_B1.class
-rw-rw-r--   1 travis travis  9958 Jun  4 04:34 ModularCodeGen3_A1_B1.java
-rw-rw-r--   1 travis travis   880 Jun  4 04:34 ModularCodeGen3_A1_B1.mk
-rw-rw-r--   1 travis travis  1330 Jun  4 04:34 ModularCodeGen3_A1_B1_profile.class
-rw-rw-r--   1 travis travis  1274 Jun  4 04:34 ModularCodeGen3_A1_B1_profile.java
-rw-rw-r--   1 travis travis  3741 Jun  4 04:35 ModularCodeGen3_A1_B2.class
-rw-rw-r--   1 travis travis  9958 Jun  4 04:35 ModularCodeGen3_A1_B2.java
-rw-rw-r--   1 travis travis   880 Jun  4 04:35 ModularCodeGen3_A1_B2.mk
-rw-rw-r--   1 travis travis  1330 Jun  4 04:35 ModularCodeGen3_A1_B2_profile.class
-rw-rw-r--   1 travis travis  1274 Jun  4 04:34 ModularCodeGen3_A1_B2_profile.java
-rw-rw-r--   1 travis travis  4961 Jun  4 04:35 ModularCodeGen3_A1.class
-rw-rw-r--   1 travis travis 15564 Jun  4 04:35 ModularCodeGen3_A1.java
-rw-rw-r--   1 travis travis   856 Jun  4 04:35 ModularCodeGen3_A1.mk
-rw-rw-r--   1 travis travis  1445 Jun  4 04:35 ModularCodeGen3_A1_profile.class
-rw-rw-r--   1 travis travis  1716 Jun  4 04:35 ModularCodeGen3_A1_profile.java
-rw-rw-r--   1 travis travis  3887 Jun  4 04:35 ModularCodeGen3_A2_B1.class
-rw-rw-r--   1 travis travis 10955 Jun  4 04:35 ModularCodeGen3_A2_B1.java
-rw-rw-r--   1 travis travis   880 Jun  4 04:35 ModularCodeGen3_A2_B1.mk
-rw-rw-r--   1 travis travis  1393 Jun  4 04:35 ModularCodeGen3_A2_B1_profile.class
-rw-rw-r--   1 travis travis  1458 Jun  4 04:35 ModularCodeGen3_A2_B1_profile.java
-rw-rw-r--   1 travis travis  3741 Jun  4 04:35 ModularCodeGen3_A2_B2.class
-rw-rw-r--   1 travis travis  9958 Jun  4 04:35 ModularCodeGen3_A2_B2.java
-rw-rw-r--   1 travis travis   880 Jun  4 04:35 ModularCodeGen3_A2_B2.mk
-rw-rw-r--   1 travis travis  1330 Jun  4 04:35 ModularCodeGen3_A2_B2_profile.class
-rw-rw-r--   1 travis travis  1274 Jun  4 04:35 ModularCodeGen3_A2_B2_profile.java
-rw-rw-r--   1 travis travis  5038 Jun  4 04:35 ModularCodeGen3_A2.class
-rw-rw-r--   1 travis travis 15957 Jun  4 04:35 ModularCodeGen3_A2.java
-rw-rw-r--   1 travis travis   856 Jun  4 04:35 ModularCodeGen3_A2.mk
-rw-rw-r--   1 travis travis  1445 Jun  4 04:35 ModularCodeGen3_A2_profile.class
-rw-rw-r--   1 travis travis  1716 Jun  4 04:35 ModularCodeGen3_A2_profile.java
-rw-rw-r--   1 travis travis  3794 Jun  4 04:35 ModularCodeGen4_A1_B1.class
-rw-rw-r--   1 travis travis 10312 Jun  4 04:35 ModularCodeGen4_A1_B1.java
-rw-rw-r--   1 travis travis   880 Jun  4 04:35 ModularCodeGen4_A1_B1.mk
-rw-rw-r--   1 travis travis  1330 Jun  4 04:35 ModularCodeGen4_A1_B1_profile.class
-rw-rw-r--   1 travis travis  1273 Jun  4 04:35 ModularCodeGen4_A1_B1_profile.java
-rw-rw-r--   1 travis travis  1273 Jun  4 04:35 ModularCodeGen4_A1_B2_profile.java
-rw-rw-r--   1 travis travis  3954 Jun  4 04:34 ModularCodeGen_ModularCodeGenTypedCompositeActor.class
-rw-rw-r--   1 travis travis 10970 Jun  4 04:34 ModularCodeGen_ModularCodeGenTypedCompositeActor.java
-rw-rw-r--   1 travis travis  1096 Jun  4 04:34 ModularCodeGen_ModularCodeGenTypedCompositeActor.mk
-rw-rw-r--   1 travis travis  1384 Jun  4 04:34 ModularCodeGen_ModularCodeGenTypedCompositeActor_profile.class
-rw-rw-r--   1 travis travis  1328 Jun  4 04:34 ModularCodeGen_ModularCodeGenTypedCompositeActor_profile.java
-rw-rw-r--   1 travis travis  3492 Jun  4 04:34 ModularCodeGenTest_A1_A2.class
-rw-rw-r--   1 travis travis   904 Jun  4 04:34 ModularCodeGenTest_A1_A2.mk
-rw-rw-r--   1 travis travis  1306 Jun  4 04:34 ModularCodeGenTest_A1_A2_profile.class
-rw-rw-r--   1 travis travis  3823 Jun  4 04:34 ModularCodeGenTest_A1.class
-rw-rw-r--   1 travis travis  9968 Jun  4 04:34 ModularCodeGenTest_A1.java
-rw-rw-r--   1 travis travis   880 Jun  4 04:34 ModularCodeGenTest_A1.mk
-rw-rw-r--   1 travis travis  1352 Jun  4 04:34 ModularCodeGenTest_A1_profile.class
-rw-rw-r--   1 travis travis  1394 Jun  4 04:34 ModularCodeGenTest_A1_profile.java
drwxrwxr-x   3 travis travis 36864 Jun  4 04:34 modulation2
drwxrwxr-x   3 travis travis 20480 Jun  4 04:31 Multiplexor
drwxrwxr-x 242 travis travis 12288 Jun  4 04:34 node_modules
drwxrwxr-x   3 travis travis 20480 Jun  4 04:31 PhaseUnwrap
-rw-rw-r--   1 travis travis   520 Jun  4 04:34 Repeat$_fireFunction_Repeat_Repeat$__f_sL_0.class
-rw-rw-r--   1 travis travis   522 Jun  4 04:34 Repeat$_fireFunction_Repeat_Repeat$__f_sL_10.class
-rw-rw-r--   1 travis travis   666 Jun  4 04:34 Repeat$_fireFunction_Repeat_Repeat$__f_sL_11.class
-rw-rw-r--   1 travis travis   522 Jun  4 04:34 Repeat$_fireFunction_Repeat_Repeat$__f_sL_13.class
-rw-rw-r--   1 travis travis   665 Jun  4 04:34 Repeat$_fireFunction_Repeat_Repeat$__f_sL_1.class
-rw-rw-r--   1 travis travis   520 Jun  4 04:34 Repeat$_fireFunction_Repeat_Repeat$__f_sL_2.class
-rw-rw-r--   1 travis travis   520 Jun  4 04:34 Repeat$_fireFunction_Repeat_Repeat$__f_sL_3.class
-rw-rw-r--   1 travis travis   520 Jun  4 04:34 Repeat$_fireFunction_Repeat_Repeat$__f_sL_5.class
-rw-rw-r--   1 travis travis   671 Jun  4 04:34 Repeat$_fireFunction_Repeat_Repeat$__f_sL_7.class
-rw-rw-r--   1 travis travis   520 Jun  4 04:34 Repeat$_fireFunction_Repeat_Repeat$__f_sL_9.class
-rw-rw-r--   1 travis travis   813 Jun  4 04:34 Repeat$_initialize_Repeat.class
-rw-rw-r--   1 travis travis   475 Jun  4 04:34 Repeat$_initialize_Repeat$__i_sL_0.class
-rw-rw-r--   1 travis travis   519 Jun  4 04:34 Repeat$_initialize_Repeat$__i_sL_3.class
-rw-rw-r--   1 travis travis 39778 Jun  4 04:34 Repeat.java
-rw-rw-r--   1 travis travis  1281 Jun  4 04:34 Repeat.mk
-rw-rw-r--   1 travis travis   520 Jun  4 04:34 Repeat$_preinitializeMethod_Repeat$__p_sL_0.class
-rw-rw-r--   1 travis travis   520 Jun  4 04:34 Repeat$_preinitializeMethod_Repeat$__p_sL_1.class
-rw-rw-r--   1 travis travis  1083 Jun  4 04:34 Repeat$_Repeat$_fireFunction_Repeat_AddSubtract_Repeat.class
-rw-rw-r--   1 travis travis   791 Jun  4 04:34 Repeat$_Repeat$_fireFunction_Repeat_AddSubtract_Repeat$__f_sL_0.class
-rw-rw-r--   1 travis travis   909 Jun  4 04:34 Repeat$_Repeat$_fireFunction_Repeat_AddSubtract_Repeat$__f_sL_1.class
-rw-rw-r--   1 travis travis   915 Jun  4 04:34 Repeat$_Repeat$_fireFunction_Repeat_AddSubtract_Repeat$__f_sL_2.class
-rw-rw-r--   1 travis travis   838 Jun  4 04:34 Repeat$_Repeat$_fireFunction_Repeat_Ramp2_Repeat$__f_sL_1.class
-rw-rw-r--   1 travis travis  1785 Jun  4 04:34 Repeat$_Repeat$_fireFunction_Repeat_Test_Repeat$__f_sL_2.class
-rw-rw-r--   1 travis travis   685 Jun  4 04:34 Repeat$_Repeat_SDF_Director_run_Repeat$__R_sL_0.class
-rw-rw-r--   1 travis travis   540 Jun  4 04:34 Repeat$_Repeat_SDF_Director_run_Repeat$__R_sL_1.class
-rw-rw-r--   1 travis travis   540 Jun  4 04:34 Repeat$_Repeat_SDF_Director_run_Repeat$__R_sL_2.class
-rw-rw-r--   1 travis travis   540 Jun  4 04:34 Repeat$_Repeat_SDF_Director_run_Repeat$__R_sL_4.class
-rw-rw-r--   1 travis travis   540 Jun  4 04:34 Repeat$_Repeat_SDF_Director_run_Repeat$__R_sL_5.class
-rw-rw-r--   1 travis travis   691 Jun  4 04:34 Repeat$_Repeat_SDF_Director_run_Repeat$__R_sL_6.class
-rw-rw-r--   1 travis travis   540 Jun  4 04:34 Repeat$_Repeat_SDF_Director_run_Repeat$__R_sL_7.class
-rw-rw-r--   1 travis travis   863 Jun  4 04:34 Repeat$_varinit_Repeat.class
-rw-rw-r--   1 travis travis   530 Jun  4 04:34 Repeat$_varinit_Repeat$__v_sL_1.class
-rw-rw-r--   1 travis travis   531 Jun  4 04:34 Repeat$_varinit_Repeat$__v_sL_2.class
-rw-rw-r--   1 travis travis   905 Jun  4 04:34 Repeat$_varinit_Repeat$__v_sL_4.class
-rw-rw-r--   1 travis travis   635 Jun  4 04:34 Repeat$_wrapup_Repeat.class
-rw-rw-r--   1 travis travis   965 Jun  4 04:34 Repeat$_wrapup_Repeat$__w_sL_1.class
-rw-rw-r--   1 travis travis   289 Jun  4 04:29 result.csv
drwxrwxr-x   3 travis travis 12288 Jun  4 04:32 Scrambler1
drwxrwxr-x   3 travis travis 20480 Jun  4 04:31 Sinewave2
drwxrwxr-x   3 travis travis 69632 Jun  4 04:32 StringCompare
drwxrwxr-x   3 travis travis 32768 Jun  4 04:32 StringFunction
drwxrwxr-x   3 travis travis 12288 Jun  4 04:32 StringLength
drwxrwxr-x   3 travis travis 57344 Jun  4 04:33 StringSimpleReplace
drwxrwxr-x   3 travis travis 12288 Jun  4 04:33 time2
drwxrwxr-x   3 travis travis 12288 Jun  4 04:34 time5
-rw-rw-r--   1 travis travis   432 Jun  4 04:35 Token.class
-rw-rw-r--   1 travis travis   251 Jun  4 04:35 Token.java
-rw-rw-r--   1 travis travis     0 Jun  4 04:34 top.
-rw-rw-r--   1 travis travis 20502 Jun  4 04:29 top.c
-rw-rw-r--   1 travis travis  3567 Jun  4 04:34 top.class
-rw-rw-r--   1 travis travis   169 Jun  4 04:29 top.html
-rw-rw-r--   1 travis travis  7552 Jun  4 04:34 top.java
-rw-rw-r--   1 travis travis 38888 Jun  4 04:29 top.o
drwxrwxr-x   3 travis travis 57344 Jun  4 04:31 UnaryMathFunction
In "/home/travis/cg", about to execute:
    javac -classpath
.:/home/travis/build/icyphy/ptII:/home/travis/build/icyphy/ptII/lib/bsh-2.0b4.j
ar:/home/travis/build/icyphy/ptII/lib/ptCal.jar:/home/travis/build/icyphy/ptII/
lib/java_cup.jar:/home/travis/build/icyphy/ptII/lib/saxon8.jar:/home/travis/bui
ld/icyphy/ptII/lib/saxon8-dom.jar:/home/travis/build/icyphy/ptII/lib/chic.jar:/
home/travis/build/icyphy/ptII/lib/ptcolt.jar:/usr/lib/jvm/java-8-oracle/lib/too
ls.jar:/home/travis/build/icyphy/ptII/vendors/misc/itext/iText.jar:/home/travis
/build/icyphy/ptII/lib/g4ltl.jar:/home/travis/build/icyphy/ptII/lib/StructuralC
oder.jar:/home/travis/build/icyphy/ptII/vendors/jai-1_1_2_01/lib/jai_core.jar:/
home/travis/build/icyphy/ptII/vendors/jai-1_1_2_01/lib/jai_codec.jar:/home/trav
is/build/icyphy/ptII/lib/jcerti.jar:/home/travis/build/icyphy/ptII/lib/javax.ma
il.jar:/home/travis/build/icyphy/ptII/vendors/JMF-2.1.1e/lib/jmf.jar:/home/trav
is/build/icyphy/ptII/lib/jna-4.0.0-variadic.jar:/home/travis/build/icyphy/ptII/
vendors/misc/joystick/Joystick.jar:/home/travis/build/icyphy/ptII/lib/ptjacl.ja
r:/home/travis/build/icyphy/ptII/lib/jsoup-1.8.2.jar:/home/travis/build/icyphy/
ptII/lib/junit-4.8.2.jar:/home/travis/build/icyphy/ptII/lib/JUnitParams-0.4.0.j
ar:/home/travis/build/icyphy/ptII/ptolemy/actor/lib/excel/jxl.jar:/home/travis/
build/icyphy/ptII/lib/jython.jar:/home/travis/build/icyphy/ptII/lib/kieler.jar:
/home/travis/build/icyphy/ptII/vendors/opencv/share/OpenCV/java/opencv-341.jar:
/home/travis/build/icyphy/ptII/lib/oscP5.jar:/home/travis/build/icyphy/ptII/lib
/nrjavaserial-3.11.0.devel.jar:/home/travis/build/icyphy/ptII/vendors/j3d/lib/j
3dcore.jar:/home/travis/build/icyphy/ptII/vendors/j3d/lib/j3dutils.jar:/home/tr
avis/build/icyphy/ptII/vendors/j3d/lib/vecmath.jar:/home/travis/build/icyphy/pt
II/ptolemy/distributed/jini/jar/jini-core.jar:/home/travis/build/icyphy/ptII/pt
olemy/distributed/jini/jar/jini-ext.jar:/home/travis/build/icyphy/ptII/ptolemy/
distributed/jini/jar/sun-util.jar:/home/travis/build/icyphy/ptII/lib/protobuf-j
ava-2.4.1.jar:/home/travis/build/icyphy/ptII/lib/org.eclipse.paho.client.mqttv3
.jar:/home/travis/build/icyphy/ptII/lib/mapss.jar:/home/travis/build/icyphy/ptI
I/ptolemy/actor/ptalon/antlr/antlr.jar:/home/travis/build/icyphy/ptII/lib/JRI.j
ar:/home/travis/build/icyphy/ptII/lib/commons-lang-2.6.jar:/home/travis/build/i
cyphy/ptII/lib/commons-logging-1.1.1.jar:/home/travis/build/icyphy/ptII/lib/soo
tclasses.jar:/home/travis/build/icyphy/ptII/ptolemy/actor/lib/database/mysql-co
nnector-java-5.1.6-bin.jar:/home/travis/build/icyphy/ptII/vendors/misc/sphinx4/
sphinx4-data-5prealpha.jar:/home/travis/build/icyphy/ptII/vendors/misc/sphinx4/
sphinx4-core-5prealpha.jar:/home/travis/build/icyphy/ptII/lib/PDFRenderer.jar:/
home/travis/build/icyphy/ptII/lib/svgSalamander.jar:/home/travis/build/icyphy/p
tII/lib/rsyntaxtextarea-2.6.0-SNAPSHOT.jar:/home/travis/build/icyphy/ptII/lib/h
azelcast-3.8.2.jar:/home/travis/build/icyphy/ptII/lib/jackson-annotations-2.9.0
.jar:/home/travis/build/icyphy/ptII/lib/jackson-core-2.9.3.jar:/home/travis/bui
ld/icyphy/ptII/lib/jackson-databind-2.9.3.jar:/home/travis/build/icyphy/ptII/li
b/netty-buffer-4.1.19.Final.jar:/home/travis/build/icyphy/ptII/lib/netty-codec-
4.1.19.Final.jar:/home/travis/build/icyphy/ptII/lib/netty-codec-dns-4.1.19.Fina
l.jar:/home/travis/build/icyphy/ptII/lib/netty-codec-http-4.1.19.Final.jar:/hom
e/travis/build/icyphy/ptII/lib/netty-codec-http2-4.1.19.Final.jar:/home/travis/
build/icyphy/ptII/lib/netty-common-4.1.19.Final.jar:/home/travis/build/icyphy/p
tII/lib/netty-handler-4.1.19.Final.jar:/home/travis/build/icyphy/ptII/lib/netty
-resolver-4.1.19.Final.jar:/home/travis/build/icyphy/ptII/lib/netty-resolver-dn
s-4.1.19.Final.jar:/home/travis/build/icyphy/ptII/lib/netty-transport-4.1.19.Fi
nal.jar:/home/travis/build/icyphy/ptII/lib/vertx-codegen-3.5.1.jar:/home/travis
/build/icyphy/ptII/lib/vertx-core-3.5.2-SNAPSHOT.jar:/home/travis/build/icyphy/
ptII/lib/vertx-hazelcast-3.5.1.jar:/home/travis/build/icyphy/ptII/lib/vertx-lan
g-js-3.5.1.jar:/home/travis/build/icyphy/ptII/lib/vertx-service-proxy-3.5.1.jar
:/home/travis/build/icyphy/ptII/lib/vertx-web-3.5.1.jar:/home/travis/build/icyp
hy/ptII/lib/slf4j-api-1.7.13.jar:/home/travis/build/icyphy/ptII/lib/slf4j-simpl
e-1.7.13.jar:/home/travis/build/icyphy/ptII/lib/webcam-capture-0.3.12.jar:/home
/travis/build/icyphy/ptII/lib/bridj-0.7.0.jar:/home/travis/build/icyphy/ptII/li
b/xbjlib-1.1.0.nrjavaserial.jar:/home/travis/build/icyphy/ptII/ptolemy/moml/tes
t:/home/travis/build/icyphy/ptII/ant/lib/ant-launcher.jar:/home/travis/build/ic
yphy/ptII/ant/lib/ant.jar:/home/travis/build/icyphy/ptII/ant/lib/ant-junit.jar:
/home/travis/build/icyphy/ptII/ant/lib/ant-junit4.jar:/home/travis/build/icyphy
/ptII ModularCodeGen4_A1_B2_profile.java
All Done
Writing ModularCodeGen4_A1_B2.java in file:/home/travis/cg/ (10312 characters)
Reading "ptolemy/cg/kernel/generic/program/procedural/java/modular/makefile.in",
    writing "/home/travis/cg/ModularCodeGen4_A1_B2.mk"
Using ptolemy/cg/kernel/generic/program/procedural/java/modular/makefile.in
In "/home/travis/cg", about to execute:
    make -f ModularCodeGen4_A1_B2.mk
javac -classpath ".:.."    ModularCodeGen4_A1_B2.java
All Done
In "/home/travis/cg", about to execute:
    pwd
/home/travis/cg
In "/home/travis/cg", about to execute:
    ls -l
In "/home/travis/cg", about to execute:
    javac -classpath
.:/home/travis/build/icyphy/ptII:/home/travis/build/icyphy/ptII/lib/bsh-2.0b4.j
ar:/home/travis/build/icyphy/ptII/lib/ptCal.jar:/home/travis/build/icyphy/ptII/
lib/java_cup.jar:/home/travis/build/icyphy/ptII/lib/saxon8.jar:/home/travis/bui
ld/icyphy/ptII/lib/saxon8-dom.jar:/home/travis/build/icyphy/ptII/lib/chic.jar:/
home/travis/build/icyphy/ptII/lib/ptcolt.jar:/usr/lib/jvm/java-8-oracle/lib/too
ls.jar:/home/travis/build/icyphy/ptII/vendors/misc/itext/iText.jar:/home/travis
/build/icyphy/ptII/lib/g4ltl.jar:/home/travis/build/icyphy/ptII/lib/StructuralC
oder.jar:/home/travis/build/icyphy/ptII/vendors/jai-1_1_2_01/lib/jai_core.jar:/
home/travis/build/icyphy/ptII/vendors/jai-1_1_2_01/lib/jai_codec.jar:/home/trav
is/build/icyphy/ptII/lib/jcerti.jar:/home/travis/build/icyphy/ptII/lib/javax.ma
il.jar:/home/travis/build/icyphy/ptII/vendors/JMF-2.1.1e/lib/jmf.jar:/home/trav
is/build/icyphy/ptII/lib/jna-4.0.0-variadic.jar:/home/travis/build/icyphy/ptII/
vendors/misc/joystick/Joystick.jar:/home/travis/build/icyphy/ptII/lib/ptjacl.ja
r:/home/travis/build/icyphy/ptII/lib/jsoup-1.8.2.jar:/home/travis/build/icyphy/
ptII/lib/junit-4.8.2.jar:/home/travis/build/icyphy/ptII/lib/JUnitParams-0.4.0.j
ar:/home/travis/build/icyphy/ptII/ptolemy/actor/lib/excel/jxl.jar:/home/travis/
build/icyphy/ptII/lib/jython.jar:/home/travis/build/icyphy/ptII/lib/kieler.jar:
/home/travis/build/icyphy/ptII/vendors/opencv/share/OpenCV/java/opencv-341.jar:
/home/travis/build/icyphy/ptII/lib/oscP5.jar:/home/travis/build/icyphy/ptII/lib
/nrjavaserial-3.11.0.devel.jar:/home/travis/build/icyphy/ptII/vendors/j3d/lib/j
3dcore.jar:/home/travis/build/icyphy/ptII/vendors/j3d/lib/j3dutils.jar:/home/tr
avis/build/icyphy/ptII/vendors/j3d/lib/vecmath.jar:/home/travis/build/icyphy/pt
II/ptolemy/distributed/jini/jar/jini-core.jar:/home/travis/build/icyphy/ptII/pt
olemy/distributed/jini/jar/jini-ext.jar:/home/travis/build/icyphy/ptII/ptolemy/
distributed/jini/jar/sun-util.jar:/home/travis/build/icyphy/ptII/lib/protobuf-j
ava-2.4.1.jar:/home/travis/build/icyphy/ptII/lib/org.eclipse.paho.client.mqttv3
.jar:/home/travis/build/icyphy/ptII/lib/mapss.jar:/home/travis/build/icyphy/ptI
I/ptolemy/actor/ptalon/antlr/antlr.jar:/home/travis/build/icyphy/ptII/lib/JRI.j
ar:/home/travis/build/icyphy/ptII/lib/commons-lang-2.6.jar:/home/travis/build/i
cyphy/ptII/lib/commons-logging-1.1.1.jar:/home/travis/build/icyphy/ptII/lib/soo
tclasses.jar:/home/travis/build/icyphy/ptII/ptolemy/actor/lib/database/mysql-co
nnector-java-5.1.6-bin.jar:/home/travis/build/icyphy/ptII/vendors/misc/sphinx4/
sphinx4-data-5prealpha.jar:/home/travis/build/icyphy/ptII/vendors/misc/sphinx4/
sphinx4-core-5prealpha.jar:/home/travis/build/icyphy/ptII/lib/PDFRenderer.jar:/
home/travis/build/icyphy/ptII/lib/svgSalamander.jar:/home/travis/build/icyphy/p
tII/lib/rsyntaxtextarea-2.6.0-SNAPSHOT.jar:/home/travis/build/icyphy/ptII/lib/h
azelcast-3.8.2.jar:/home/travis/build/icyphy/ptII/lib/jackson-annotations-2.9.0
.jar:/home/travis/build/icyphy/ptII/lib/jackson-core-2.9.3.jar:/home/travis/bui
ld/icyphy/ptII/lib/jackson-databind-2.9.3.jar:/home/travis/build/icyphy/ptII/li
b/netty-buffer-4.1.19.Final.jar:/home/travis/build/icyphy/ptII/lib/netty-codec-
4.1.19.Final.jar:/home/travis/build/icyphy/ptII/lib/netty-codec-dns-4.1.19.Fina
l.jar:/home/travis/build/icyphy/ptII/lib/netty-codec-http-4.1.19.Final.jar:/hom
e/travis/build/icyphy/ptII/lib/netty-codec-http2-4.1.19.Final.jar:/home/travis/
build/icyphy/ptII/lib/netty-common-4.1.19.Final.jar:/home/travis/build/icyphy/p
tII/lib/netty-handler-4.1.19.Final.jar:/home/travis/build/icyphy/ptII/lib/netty
-resolver-4.1.19.Final.jar:/home/travis/build/icyphy/ptII/lib/netty-resolver-dn
s-4.1.19.Final.jar:/home/travis/build/icyphy/ptII/lib/netty-transport-4.1.19.Fi
nal.jar:/home/travis/build/icyphy/ptII/lib/vertx-codegen-3.5.1.jar:/home/travis
/build/icyphy/ptII/lib/vertx-core-3.5.2-SNAPSHOT.jar:/home/travis/build/icyphy/
ptII/lib/vertx-hazelcast-3.5.1.jar:/home/travis/build/icyphy/ptII/lib/vertx-lan
g-js-3.5.1.jar:/home/travis/build/icyphy/ptII/lib/vertx-service-proxy-3.5.1.jar
:/home/travis/build/icyphy/ptII/lib/vertx-web-3.5.1.jar:/home/travis/build/icyp
hy/ptII/lib/slf4j-api-1.7.13.jar:/home/travis/build/icyphy/ptII/lib/slf4j-simpl
e-1.7.13.jar:/home/travis/build/icyphy/ptII/lib/webcam-capture-0.3.12.jar:/home
/travis/build/icyphy/ptII/lib/bridj-0.7.0.jar:/home/travis/build/icyphy/ptII/li
b/xbjlib-1.1.0.nrjavaserial.jar:/home/travis/build/icyphy/ptII/ptolemy/moml/tes
t:/home/travis/build/icyphy/ptII/ant/lib/ant-launcher.jar:/home/travis/build/ic
yphy/ptII/ant/lib/ant.jar:/home/travis/build/icyphy/ptII/ant/lib/ant-junit.jar:
/home/travis/build/icyphy/ptII/ant/lib/ant-junit4.jar:/home/travis/build/icyphy
/ptII ModularCodeGen4_A1_profile.java
total 1604
drwxrwxr-x   3 travis travis 12288 Jun  4 04:30 AbsoluteValue
drwxrwxr-x   3 travis travis 16384 Jun  4 04:30 Case1
drwxrwxr-x   3 travis travis 32768 Jun  4 04:30 Case2
-rw-rw-r--   1 travis travis  4895 Jun  4 04:34 CompiledCompositeActor_CompiledCompositeActor.class
-rw-rw-r--   1 travis travis  1592 Jun  4 04:34 CompiledCompositeActor_CompiledCompositeActor$_CompiledCompositeActor_CompiledCompositeActor.class
-rw-rw-r--   1 travis travis 13466 Jun  4 04:34 CompiledCompositeActor_CompiledCompositeActor.java
-rw-rw-r--   1 travis travis  1593 Jun  4 04:34 CompiledCompositeActor_CompiledCompositeActor.mk
drwxrwxr-x   3 travis travis 24576 Jun  4 04:32 DeScrambler
drwxrwxr-x   3 travis travis 16384 Jun  4 04:33 DotProduct
drwxrwxr-x   3 travis travis 12288 Jun  4 04:30 FileWriter1
drwxrwxr-x   3 travis travis 20480 Jun  4 04:29 FixToDoubleAndBack
drwxrwxr-x   3 travis travis 16384 Jun  4 04:30 Gaussian1
drwxrwxr-x   3 travis travis 20480 Jun  4 04:30 Gaussian2
-rw-rw-r--   1 travis travis  4457 Jun  4 04:34 JavaCompiledCompositeTest1_CompiledCompositeActor.class
-rw-rw-r--   1 travis travis 11637 Jun  4 04:34 JavaCompiledCompositeTest1_CompiledCompositeActor.java
-rw-rw-r--   1 travis travis  1198 Jun  4 04:34 JavaCompiledCompositeTest1_CompiledCompositeActor$_JavaCompiledCompositeTest1_CompiledCompositeActor.class
-rw-rw-r--   1 travis travis  1625 Jun  4 04:34 JavaCompiledCompositeTest1_CompiledCompositeActor.mk
-rw-rw-r--   1 travis travis  4888 Jun  4 04:34 JavaCompiledCompositeTest2_CompiledCompositeActor.class
-rw-rw-r--   1 travis travis 14919 Jun  4 04:34 JavaCompiledCompositeTest2_CompiledCompositeActor.java
-rw-rw-r--   1 travis travis  1793 Jun  4 04:34 JavaCompiledCompositeTest2_CompiledCompositeActor$_JavaCompiledCompositeTest2_CompiledCompositeActor.class
-rw-rw-r--   1 travis travis  1625 Jun  4 04:34 JavaCompiledCompositeTest2_CompiledCompositeActor.mk
-rw-rw-r--   1 travis travis  4505 Jun  4 04:34 JavaCompiledCompositeTest3_CompiledCompositeActor.class
-rw-rw-r--   1 travis travis 13080 Jun  4 04:34 JavaCompiledCompositeTest3_CompiledCompositeActor.java
-rw-rw-r--   1 travis travis  1378 Jun  4 04:34 JavaCompiledCompositeTest3_CompiledCompositeActor$_JavaCompiledCompositeTest3_CompiledCompositeActor.class
-rw-rw-r--   1 travis travis  1625 Jun  4 04:34 JavaCompiledCompositeTest3_CompiledCompositeActor.mk
-rw-rw-r--   1 travis travis  3953 Jun  4 04:34 JavaCompiledCompositeTest4_CompiledCompositeActor.class
-rw-rw-r--   1 travis travis  9687 Jun  4 04:34 JavaCompiledCompositeTest4_CompiledCompositeActor.java
-rw-rw-r--   1 travis travis   857 Jun  4 04:34 JavaCompiledCompositeTest4_CompiledCompositeActor$_JavaCompiledCompositeTest4_CompiledCompositeActor.class
-rw-rw-r--   1 travis travis  1625 Jun  4 04:34 JavaCompiledCompositeTest4_CompiledCompositeActor.mk
drwxrwxr-x   3 travis travis 12288 Jun  4 04:30 LookupTable
drwxrwxr-x   3 travis travis 20480 Jun  4 04:31 MaxIndex
-rw-rw-r--   1 travis travis  3693 Jun  4 04:34 ModularCG_A1_B1.class
-rw-rw-r--   1 travis travis  9730 Jun  4 04:34 ModularCG_A1_B1.java
-rw-rw-r--   1 travis travis   832 Jun  4 04:34 ModularCG_A1_B1.mk
-rw-rw-r--   1 travis travis  1318 Jun  4 04:34 ModularCG_A1_B1_profile.class
-rw-rw-r--   1 travis travis  1262 Jun  4 04:34 ModularCG_A1_B1_profile.java
-rw-rw-r--   1 travis travis  3693 Jun  4 04:34 ModularCG_A1_B2.class
-rw-rw-r--   1 travis travis  9730 Jun  4 04:34 ModularCG_A1_B2.java
-rw-rw-r--   1 travis travis   832 Jun  4 04:34 ModularCG_A1_B2.mk
-rw-rw-r--   1 travis travis  1318 Jun  4 04:34 ModularCG_A1_B2_profile.class
-rw-rw-r--   1 travis travis  1262 Jun  4 04:34 ModularCG_A1_B2_profile.java
-rw-rw-r--   1 travis travis  4799 Jun  4 04:34 ModularCG_A1.class
-rw-rw-r--   1 travis travis 14742 Jun  4 04:34 ModularCG_A1.java
-rw-rw-r--   1 travis travis   808 Jun  4 04:34 ModularCG_A1.mk
-rw-rw-r--   1 travis travis  1433 Jun  4 04:34 ModularCG_A1_profile.class
-rw-rw-r--   1 travis travis  1704 Jun  4 04:34 ModularCG_A1_profile.java
-rw-rw-r--   1 travis travis  3827 Jun  4 04:34 ModularCG_A2_B1.class
-rw-rw-r--   1 travis travis 10667 Jun  4 04:34 ModularCG_A2_B1.java
-rw-rw-r--   1 travis travis   832 Jun  4 04:34 ModularCG_A2_B1.mk
-rw-rw-r--   1 travis travis  1381 Jun  4 04:34 ModularCG_A2_B1_profile.class
-rw-rw-r--   1 travis travis  1446 Jun  4 04:34 ModularCG_A2_B1_profile.java
-rw-rw-r--   1 travis travis  3693 Jun  4 04:34 ModularCG_A2_B2.class
-rw-rw-r--   1 travis travis  9730 Jun  4 04:34 ModularCG_A2_B2.java
-rw-rw-r--   1 travis travis   832 Jun  4 04:34 ModularCG_A2_B2.mk
-rw-rw-r--   1 travis travis  1318 Jun  4 04:34 ModularCG_A2_B2_profile.class
-rw-rw-r--   1 travis travis  1262 Jun  4 04:34 ModularCG_A2_B2_profile.java
-rw-rw-r--   1 travis travis  4870 Jun  4 04:34 ModularCG_A2.class
-rw-rw-r--   1 travis travis 15129 Jun  4 04:34 ModularCG_A2.java
-rw-rw-r--   1 travis travis   808 Jun  4 04:34 ModularCG_A2.mk
-rw-rw-r--   1 travis travis  1433 Jun  4 04:34 ModularCG_A2_profile.class
-rw-rw-r--   1 travis travis  1704 Jun  4 04:34 ModularCG_A2_profile.java
-rw-rw-r--   1 travis travis  3473 Jun  4 04:34 ModularCGPubSub_A1_A2.class
-rw-rw-r--   1 travis travis  9076 Jun  4 04:34 ModularCGPubSub_A1_A2.java
-rw-rw-r--   1 travis travis   880 Jun  4 04:34 ModularCGPubSub_A1_A2.mk
-rw-rw-r--   1 travis travis  1300 Jun  4 04:34 ModularCGPubSub_A1_A2_profile.class
-rw-rw-r--   1 travis travis  1222 Jun  4 04:34 ModularCGPubSub_A1_A2_profile.java
-rw-rw-r--   1 travis travis  3790 Jun  4 04:34 ModularCGPubSub_A1.class
-rw-rw-r--   1 travis travis  9836 Jun  4 04:34 ModularCGPubSub_A1.java
-rw-rw-r--   1 travis travis   856 Jun  4 04:34 ModularCGPubSub_A1.mk
-rw-rw-r--   1 travis travis  1346 Jun  4 04:34 ModularCGPubSub_A1_profile.class
-rw-rw-r--   1 travis travis  1388 Jun  4 04:34 ModularCGPubSub_A1_profile.java
-rw-rw-r--   1 travis travis  3988 Jun  4 04:34 ModularCodeGen2_ModularCodeGenTypedCompositeActor.class
-rw-rw-r--   1 travis travis 11690 Jun  4 04:34 ModularCodeGen2_ModularCodeGenTypedCompositeActor.java
-rw-rw-r--   1 travis travis  1104 Jun  4 04:34 ModularCodeGen2_ModularCodeGenTypedCompositeActor.mk
-rw-rw-r--   1 travis travis  4272 Jun  4 04:34 ModularCodeGen2_ModularCodeGenTypedCompositeActor_ModularCodeGenTypedCompositeActor.class
-rw-rw-r--   1 travis travis 11790 Jun  4 04:34 ModularCodeGen2_ModularCodeGenTypedCompositeActor_ModularCodeGenTypedCompositeActor.java
-rw-rw-r--   1 travis travis  1376 Jun  4 04:34 ModularCodeGen2_ModularCodeGenTypedCompositeActor_ModularCodeGenTypedCompositeActor.mk
-rw-rw-r--   1 travis travis  1421 Jun  4 04:34 ModularCodeGen2_ModularCodeGenTypedCompositeActor_ModularCodeGenTypedCompositeActor_profile.class
-rw-rw-r--   1 travis travis  1294 Jun  4 04:34 ModularCodeGen2_ModularCodeGenTypedCompositeActor_ModularCodeGenTypedCompositeActor_profile.java
-rw-rw-r--   1 travis travis   820 Jun  4 04:34 ModularCodeGen2_ModularCodeGenTypedCompositeActor_profile.class
-rw-rw-r--   1 travis travis   693 Jun  4 04:34 ModularCodeGen2_ModularCodeGenTypedCompositeActor_profile.java
-rw-rw-r--   1 travis travis  3741 Jun  4 04:34 ModularCodeGen3_A1_B1.class
-rw-rw-r--   1 travis travis  9958 Jun  4 04:34 ModularCodeGen3_A1_B1.java
-rw-rw-r--   1 travis travis   880 Jun  4 04:34 ModularCodeGen3_A1_B1.mk
-rw-rw-r--   1 travis travis  1330 Jun  4 04:34 ModularCodeGen3_A1_B1_profile.class
-rw-rw-r--   1 travis travis  1274 Jun  4 04:34 ModularCodeGen3_A1_B1_profile.java
-rw-rw-r--   1 travis travis  3741 Jun  4 04:35 ModularCodeGen3_A1_B2.class
-rw-rw-r--   1 travis travis  9958 Jun  4 04:35 ModularCodeGen3_A1_B2.java
-rw-rw-r--   1 travis travis   880 Jun  4 04:35 ModularCodeGen3_A1_B2.mk
-rw-rw-r--   1 travis travis  1330 Jun  4 04:35 ModularCodeGen3_A1_B2_profile.class
-rw-rw-r--   1 travis travis  1274 Jun  4 04:34 ModularCodeGen3_A1_B2_profile.java
-rw-rw-r--   1 travis travis  4961 Jun  4 04:35 ModularCodeGen3_A1.class
-rw-rw-r--   1 travis travis 15564 Jun  4 04:35 ModularCodeGen3_A1.java
-rw-rw-r--   1 travis travis   856 Jun  4 04:35 ModularCodeGen3_A1.mk
-rw-rw-r--   1 travis travis  1445 Jun  4 04:35 ModularCodeGen3_A1_profile.class
-rw-rw-r--   1 travis travis  1716 Jun  4 04:35 ModularCodeGen3_A1_profile.java
-rw-rw-r--   1 travis travis  3887 Jun  4 04:35 ModularCodeGen3_A2_B1.class
-rw-rw-r--   1 travis travis 10955 Jun  4 04:35 ModularCodeGen3_A2_B1.java
-rw-rw-r--   1 travis travis   880 Jun  4 04:35 ModularCodeGen3_A2_B1.mk
-rw-rw-r--   1 travis travis  1393 Jun  4 04:35 ModularCodeGen3_A2_B1_profile.class
-rw-rw-r--   1 travis travis  1458 Jun  4 04:35 ModularCodeGen3_A2_B1_profile.java
-rw-rw-r--   1 travis travis  3741 Jun  4 04:35 ModularCodeGen3_A2_B2.class
-rw-rw-r--   1 travis travis  9958 Jun  4 04:35 ModularCodeGen3_A2_B2.java
-rw-rw-r--   1 travis travis   880 Jun  4 04:35 ModularCodeGen3_A2_B2.mk
-rw-rw-r--   1 travis travis  1330 Jun  4 04:35 ModularCodeGen3_A2_B2_profile.class
-rw-rw-r--   1 travis travis  1274 Jun  4 04:35 ModularCodeGen3_A2_B2_profile.java
-rw-rw-r--   1 travis travis  5038 Jun  4 04:35 ModularCodeGen3_A2.class
-rw-rw-r--   1 travis travis 15957 Jun  4 04:35 ModularCodeGen3_A2.java
-rw-rw-r--   1 travis travis   856 Jun  4 04:35 ModularCodeGen3_A2.mk
-rw-rw-r--   1 travis travis  1445 Jun  4 04:35 ModularCodeGen3_A2_profile.class
-rw-rw-r--   1 travis travis  1716 Jun  4 04:35 ModularCodeGen3_A2_profile.java
-rw-rw-r--   1 travis travis  3794 Jun  4 04:35 ModularCodeGen4_A1_B1.class
-rw-rw-r--   1 travis travis 10312 Jun  4 04:35 ModularCodeGen4_A1_B1.java
-rw-rw-r--   1 travis travis   880 Jun  4 04:35 ModularCodeGen4_A1_B1.mk
-rw-rw-r--   1 travis travis  1330 Jun  4 04:35 ModularCodeGen4_A1_B1_profile.class
-rw-rw-r--   1 travis travis  1273 Jun  4 04:35 ModularCodeGen4_A1_B1_profile.java
-rw-rw-r--   1 travis travis  3794 Jun  4 04:35 ModularCodeGen4_A1_B2.class
-rw-rw-r--   1 travis travis 10312 Jun  4 04:35 ModularCodeGen4_A1_B2.java
-rw-rw-r--   1 travis travis   880 Jun  4 04:35 ModularCodeGen4_A1_B2.mk
-rw-rw-r--   1 travis travis  1330 Jun  4 04:35 ModularCodeGen4_A1_B2_profile.class
-rw-rw-r--   1 travis travis  1273 Jun  4 04:35 ModularCodeGen4_A1_B2_profile.java
-rw-rw-r--   1 travis travis  1712 Jun  4 04:35 ModularCodeGen4_A1_profile.java
-rw-rw-r--   1 travis travis  3954 Jun  4 04:34 ModularCodeGen_ModularCodeGenTypedCompositeActor.class
-rw-rw-r--   1 travis travis 10970 Jun  4 04:34 ModularCodeGen_ModularCodeGenTypedCompositeActor.java
-rw-rw-r--   1 travis travis  1096 Jun  4 04:34 ModularCodeGen_ModularCodeGenTypedCompositeActor.mk
-rw-rw-r--   1 travis travis  1384 Jun  4 04:34 ModularCodeGen_ModularCodeGenTypedCompositeActor_profile.class
-rw-rw-r--   1 travis travis  1328 Jun  4 04:34 ModularCodeGen_ModularCodeGenTypedCompositeActor_profile.java
-rw-rw-r--   1 travis travis  3492 Jun  4 04:34 ModularCodeGenTest_A1_A2.class
-rw-rw-r--   1 travis travis   904 Jun  4 04:34 ModularCodeGenTest_A1_A2.mk
-rw-rw-r--   1 travis travis  1306 Jun  4 04:34 ModularCodeGenTest_A1_A2_profile.class
-rw-rw-r--   1 travis travis  3823 Jun  4 04:34 ModularCodeGenTest_A1.class
-rw-rw-r--   1 travis travis  9968 Jun  4 04:34 ModularCodeGenTest_A1.java
-rw-rw-r--   1 travis travis   880 Jun  4 04:34 ModularCodeGenTest_A1.mk
-rw-rw-r--   1 travis travis  1352 Jun  4 04:34 ModularCodeGenTest_A1_profile.class
-rw-rw-r--   1 travis travis  1394 Jun  4 04:34 ModularCodeGenTest_A1_profile.java
drwxrwxr-x   3 travis travis 36864 Jun  4 04:34 modulation2
drwxrwxr-x   3 travis travis 20480 Jun  4 04:31 Multiplexor
drwxrwxr-x 242 travis travis 12288 Jun  4 04:34 node_modules
drwxrwxr-x   3 travis travis 20480 Jun  4 04:31 PhaseUnwrap
-rw-rw-r--   1 travis travis   520 Jun  4 04:34 Repeat$_fireFunction_Repeat_Repeat$__f_sL_0.class
-rw-rw-r--   1 travis travis   522 Jun  4 04:34 Repeat$_fireFunction_Repeat_Repeat$__f_sL_10.class
-rw-rw-r--   1 travis travis   666 Jun  4 04:34 Repeat$_fireFunction_Repeat_Repeat$__f_sL_11.class
-rw-rw-r--   1 travis travis   522 Jun  4 04:34 Repeat$_fireFunction_Repeat_Repeat$__f_sL_13.class
-rw-rw-r--   1 travis travis   665 Jun  4 04:34 Repeat$_fireFunction_Repeat_Repeat$__f_sL_1.class
-rw-rw-r--   1 travis travis   520 Jun  4 04:34 Repeat$_fireFunction_Repeat_Repeat$__f_sL_2.class
-rw-rw-r--   1 travis travis   520 Jun  4 04:34 Repeat$_fireFunction_Repeat_Repeat$__f_sL_3.class
-rw-rw-r--   1 travis travis   520 Jun  4 04:34 Repeat$_fireFunction_Repeat_Repeat$__f_sL_5.class
-rw-rw-r--   1 travis travis   671 Jun  4 04:34 Repeat$_fireFunction_Repeat_Repeat$__f_sL_7.class
-rw-rw-r--   1 travis travis   520 Jun  4 04:34 Repeat$_fireFunction_Repeat_Repeat$__f_sL_9.class
-rw-rw-r--   1 travis travis   813 Jun  4 04:34 Repeat$_initialize_Repeat.class
-rw-rw-r--   1 travis travis   475 Jun  4 04:34 Repeat$_initialize_Repeat$__i_sL_0.class
-rw-rw-r--   1 travis travis   519 Jun  4 04:34 Repeat$_initialize_Repeat$__i_sL_3.class
-rw-rw-r--   1 travis travis 39778 Jun  4 04:34 Repeat.java
-rw-rw-r--   1 travis travis  1281 Jun  4 04:34 Repeat.mk
-rw-rw-r--   1 travis travis   520 Jun  4 04:34 Repeat$_preinitializeMethod_Repeat$__p_sL_0.class
-rw-rw-r--   1 travis travis   520 Jun  4 04:34 Repeat$_preinitializeMethod_Repeat$__p_sL_1.class
-rw-rw-r--   1 travis travis  1083 Jun  4 04:34 Repeat$_Repeat$_fireFunction_Repeat_AddSubtract_Repeat.class
-rw-rw-r--   1 travis travis   791 Jun  4 04:34 Repeat$_Repeat$_fireFunction_Repeat_AddSubtract_Repeat$__f_sL_0.class
-rw-rw-r--   1 travis travis   909 Jun  4 04:34 Repeat$_Repeat$_fireFunction_Repeat_AddSubtract_Repeat$__f_sL_1.class
-rw-rw-r--   1 travis travis   915 Jun  4 04:34 Repeat$_Repeat$_fireFunction_Repeat_AddSubtract_Repeat$__f_sL_2.class
-rw-rw-r--   1 travis travis   838 Jun  4 04:34 Repeat$_Repeat$_fireFunction_Repeat_Ramp2_Repeat$__f_sL_1.class
-rw-rw-r--   1 travis travis  1785 Jun  4 04:34 Repeat$_Repeat$_fireFunction_Repeat_Test_Repeat$__f_sL_2.class
-rw-rw-r--   1 travis travis   685 Jun  4 04:34 Repeat$_Repeat_SDF_Director_run_Repeat$__R_sL_0.class
-rw-rw-r--   1 travis travis   540 Jun  4 04:34 Repeat$_Repeat_SDF_Director_run_Repeat$__R_sL_1.class
-rw-rw-r--   1 travis travis   540 Jun  4 04:34 Repeat$_Repeat_SDF_Director_run_Repeat$__R_sL_2.class
-rw-rw-r--   1 travis travis   540 Jun  4 04:34 Repeat$_Repeat_SDF_Director_run_Repeat$__R_sL_4.class
-rw-rw-r--   1 travis travis   540 Jun  4 04:34 Repeat$_Repeat_SDF_Director_run_Repeat$__R_sL_5.class
-rw-rw-r--   1 travis travis   691 Jun  4 04:34 Repeat$_Repeat_SDF_Director_run_Repeat$__R_sL_6.class
-rw-rw-r--   1 travis travis   540 Jun  4 04:34 Repeat$_Repeat_SDF_Director_run_Repeat$__R_sL_7.class
-rw-rw-r--   1 travis travis   863 Jun  4 04:34 Repeat$_varinit_Repeat.class
-rw-rw-r--   1 travis travis   530 Jun  4 04:34 Repeat$_varinit_Repeat$__v_sL_1.class
-rw-rw-r--   1 travis travis   531 Jun  4 04:34 Repeat$_varinit_Repeat$__v_sL_2.class
-rw-rw-r--   1 travis travis   905 Jun  4 04:34 Repeat$_varinit_Repeat$__v_sL_4.class
-rw-rw-r--   1 travis travis   635 Jun  4 04:34 Repeat$_wrapup_Repeat.class
-rw-rw-r--   1 travis travis   965 Jun  4 04:34 Repeat$_wrapup_Repeat$__w_sL_1.class
-rw-rw-r--   1 travis travis   289 Jun  4 04:29 result.csv
drwxrwxr-x   3 travis travis 12288 Jun  4 04:32 Scrambler1
drwxrwxr-x   3 travis travis 20480 Jun  4 04:31 Sinewave2
drwxrwxr-x   3 travis travis 69632 Jun  4 04:32 StringCompare
drwxrwxr-x   3 travis travis 32768 Jun  4 04:32 StringFunction
drwxrwxr-x   3 travis travis 12288 Jun  4 04:32 StringLength
drwxrwxr-x   3 travis travis 57344 Jun  4 04:33 StringSimpleReplace
drwxrwxr-x   3 travis travis 12288 Jun  4 04:33 time2
drwxrwxr-x   3 travis travis 12288 Jun  4 04:34 time5
-rw-rw-r--   1 travis travis   432 Jun  4 04:35 Token.class
-rw-rw-r--   1 travis travis   251 Jun  4 04:35 Token.java
-rw-rw-r--   1 travis travis     0 Jun  4 04:34 top.
-rw-rw-r--   1 travis travis 20502 Jun  4 04:29 top.c
-rw-rw-r--   1 travis travis  3567 Jun  4 04:34 top.class
-rw-rw-r--   1 travis travis   169 Jun  4 04:29 top.html
-rw-rw-r--   1 travis travis  7552 Jun  4 04:34 top.java
-rw-rw-r--   1 travis travis 38888 Jun  4 04:29 top.o
drwxrwxr-x   3 travis travis 57344 Jun  4 04:31 UnaryMathFunction
All Done
Writing ModularCodeGen4_A1.java in file:/home/travis/cg/ (16245 characters)
Reading "ptolemy/cg/kernel/generic/program/procedural/java/modular/makefile.in",
    writing "/home/travis/cg/ModularCodeGen4_A1.mk"
Using ptolemy/cg/kernel/generic/program/procedural/java/modular/makefile.in
In "/home/travis/cg", about to execute:
    make -f ModularCodeGen4_A1.mk
javac -classpath ".:.."    ModularCodeGen4_A1.java
All Done
In "/home/travis/cg", about to execute:
    pwd
/home/travis/cg
In "/home/travis/cg", about to execute:
    ls -l
total 1640
drwxrwxr-x   3 travis travis 12288 Jun  4 04:30 AbsoluteValue
drwxrwxr-x   3 travis travis 16384 Jun  4 04:30 Case1
drwxrwxr-x   3 travis travis 32768 Jun  4 04:30 Case2
-rw-rw-r--   1 travis travis  4895 Jun  4 04:34 CompiledCompositeActor_CompiledCompositeActor.class
-rw-rw-r--   1 travis travis  1592 Jun  4 04:34 CompiledCompositeActor_CompiledCompositeActor$_CompiledCompositeActor_CompiledCompositeActor.class
-rw-rw-r--   1 travis travis 13466 Jun  4 04:34 CompiledCompositeActor_CompiledCompositeActor.java
-rw-rw-r--   1 travis travis  1593 Jun  4 04:34 CompiledCompositeActor_CompiledCompositeActor.mk
drwxrwxr-x   3 travis travis 24576 Jun  4 04:32 DeScrambler
drwxrwxr-x   3 travis travis 16384 Jun  4 04:33 DotProduct
drwxrwxr-x   3 travis travis 12288 Jun  4 04:30 FileWriter1
drwxrwxr-x   3 travis travis 20480 Jun  4 04:29 FixToDoubleAndBack
drwxrwxr-x   3 travis travis 16384 Jun  4 04:30 Gaussian1
drwxrwxr-x   3 travis travis 20480 Jun  4 04:30 Gaussian2
-rw-rw-r--   1 travis travis  4457 Jun  4 04:34 JavaCompiledCompositeTest1_CompiledCompositeActor.class
-rw-rw-r--   1 travis travis 11637 Jun  4 04:34 JavaCompiledCompositeTest1_CompiledCompositeActor.java
-rw-rw-r--   1 travis travis  1198 Jun  4 04:34 JavaCompiledCompositeTest1_CompiledCompositeActor$_JavaCompiledCompositeTest1_CompiledCompositeActor.class
-rw-rw-r--   1 travis travis  1625 Jun  4 04:34 JavaCompiledCompositeTest1_CompiledCompositeActor.mk
-rw-rw-r--   1 travis travis  4888 Jun  4 04:34 JavaCompiledCompositeTest2_CompiledCompositeActor.class
-rw-rw-r--   1 travis travis 14919 Jun  4 04:34 JavaCompiledCompositeTest2_CompiledCompositeActor.java
-rw-rw-r--   1 travis travis  1793 Jun  4 04:34 JavaCompiledCompositeTest2_CompiledCompositeActor$_JavaCompiledCompositeTest2_CompiledCompositeActor.class
-rw-rw-r--   1 travis travis  1625 Jun  4 04:34 JavaCompiledCompositeTest2_CompiledCompositeActor.mk
-rw-rw-r--   1 travis travis  4505 Jun  4 04:34 JavaCompiledCompositeTest3_CompiledCompositeActor.class
-rw-rw-r--   1 travis travis 13080 Jun  4 04:34 JavaCompiledCompositeTest3_CompiledCompositeActor.java
-rw-rw-r--   1 travis travis  1378 Jun  4 04:34 JavaCompiledCompositeTest3_CompiledCompositeActor$_JavaCompiledCompositeTest3_CompiledCompositeActor.class
-rw-rw-r--   1 travis travis  1625 Jun  4 04:34 JavaCompiledCompositeTest3_CompiledCompositeActor.mk
-rw-rw-r--   1 travis travis  3953 Jun  4 04:34 JavaCompiledCompositeTest4_CompiledCompositeActor.class
-rw-rw-r--   1 travis travis  9687 Jun  4 04:34 JavaCompiledCompositeTest4_CompiledCompositeActor.java
-rw-rw-r--   1 travis travis   857 Jun  4 04:34 JavaCompiledCompositeTest4_CompiledCompositeActor$_JavaCompiledCompositeTest4_CompiledCompositeActor.class
-rw-rw-r--   1 travis travis  1625 Jun  4 04:34 JavaCompiledCompositeTest4_CompiledCompositeActor.mk
drwxrwxr-x   3 travis travis 12288 Jun  4 04:30 LookupTable
drwxrwxr-x   3 travis travis 20480 Jun  4 04:31 MaxIndex
-rw-rw-r--   1 travis travis  3693 Jun  4 04:34 ModularCG_A1_B1.class
-rw-rw-r--   1 travis travis  9730 Jun  4 04:34 ModularCG_A1_B1.java
-rw-rw-r--   1 travis travis   832 Jun  4 04:34 ModularCG_A1_B1.mk
-rw-rw-r--   1 travis travis  1318 Jun  4 04:34 ModularCG_A1_B1_profile.class
-rw-rw-r--   1 travis travis  1262 Jun  4 04:34 ModularCG_A1_B1_profile.java
-rw-rw-r--   1 travis travis  3693 Jun  4 04:34 ModularCG_A1_B2.class
-rw-rw-r--   1 travis travis  9730 Jun  4 04:34 ModularCG_A1_B2.java
-rw-rw-r--   1 travis travis   832 Jun  4 04:34 ModularCG_A1_B2.mk
-rw-rw-r--   1 travis travis  1318 Jun  4 04:34 ModularCG_A1_B2_profile.class
-rw-rw-r--   1 travis travis  1262 Jun  4 04:34 ModularCG_A1_B2_profile.java
-rw-rw-r--   1 travis travis  4799 Jun  4 04:34 ModularCG_A1.class
-rw-rw-r--   1 travis travis 14742 Jun  4 04:34 ModularCG_A1.java
-rw-rw-r--   1 travis travis   808 Jun  4 04:34 ModularCG_A1.mk
-rw-rw-r--   1 travis travis  1433 Jun  4 04:34 ModularCG_A1_profile.class
-rw-rw-r--   1 travis travis  1704 Jun  4 04:34 ModularCG_A1_profile.java
-rw-rw-r--   1 travis travis  3827 Jun  4 04:34 ModularCG_A2_B1.class
-rw-rw-r--   1 travis travis 10667 Jun  4 04:34 ModularCG_A2_B1.java
-rw-rw-r--   1 travis travis   832 Jun  4 04:34 ModularCG_A2_B1.mk
-rw-rw-r--   1 travis travis  1381 Jun  4 04:34 ModularCG_A2_B1_profile.class
-rw-rw-r--   1 travis travis  1446 Jun  4 04:34 ModularCG_A2_B1_profile.java
-rw-rw-r--   1 travis travis  3693 Jun  4 04:34 ModularCG_A2_B2.class
-rw-rw-r--   1 travis travis  9730 Jun  4 04:34 ModularCG_A2_B2.java
-rw-rw-r--   1 travis travis   832 Jun  4 04:34 ModularCG_A2_B2.mk
-rw-rw-r--   1 travis travis  1318 Jun  4 04:34 ModularCG_A2_B2_profile.class
-rw-rw-r--   1 travis travis  1262 Jun  4 04:34 ModularCG_A2_B2_profile.java
-rw-rw-r--   1 travis travis  4870 Jun  4 04:34 ModularCG_A2.class
-rw-rw-r--   1 travis travis 15129 Jun  4 04:34 ModularCG_A2.java
-rw-rw-r--   1 travis travis   808 Jun  4 04:34 ModularCG_A2.mk
-rw-rw-r--   1 travis travis  1433 Jun  4 04:34 ModularCG_A2_profile.class
-rw-rw-r--   1 travis travis  1704 Jun  4 04:34 ModularCG_A2_profile.java
-rw-rw-r--   1 travis travis  3473 Jun  4 04:34 ModularCGPubSub_A1_A2.class
-rw-rw-r--   1 travis travis  9076 Jun  4 04:34 ModularCGPubSub_A1_A2.java
-rw-rw-r--   1 travis travis   880 Jun  4 04:34 ModularCGPubSub_A1_A2.mk
-rw-rw-r--   1 travis travis  1300 Jun  4 04:34 ModularCGPubSub_A1_A2_profile.class
-rw-rw-r--   1 travis travis  1222 Jun  4 04:34 ModularCGPubSub_A1_A2_profile.java
-rw-rw-r--   1 travis travis  3790 Jun  4 04:34 ModularCGPubSub_A1.class
-rw-rw-r--   1 travis travis  9836 Jun  4 04:34 ModularCGPubSub_A1.java
-rw-rw-r--   1 travis travis   856 Jun  4 04:34 ModularCGPubSub_A1.mk
-rw-rw-r--   1 travis travis  1346 Jun  4 04:34 ModularCGPubSub_A1_profile.class
-rw-rw-r--   1 travis travis  1388 Jun  4 04:34 ModularCGPubSub_A1_profile.java
-rw-rw-r--   1 travis travis  3988 Jun  4 04:34 ModularCodeGen2_ModularCodeGenTypedCompositeActor.class
-rw-rw-r--   1 travis travis 11690 Jun  4 04:34 ModularCodeGen2_ModularCodeGenTypedCompositeActor.java
-rw-rw-r--   1 travis travis  1104 Jun  4 04:34 ModularCodeGen2_ModularCodeGenTypedCompositeActor.mk
-rw-rw-r--   1 travis travis  4272 Jun  4 04:34 ModularCodeGen2_ModularCodeGenTypedCompositeActor_ModularCodeGenTypedCompositeActor.class
-rw-rw-r--   1 travis travis 11790 Jun  4 04:34 ModularCodeGen2_ModularCodeGenTypedCompositeActor_ModularCodeGenTypedCompositeActor.java
-rw-rw-r--   1 travis travis  1376 Jun  4 04:34 ModularCodeGen2_ModularCodeGenTypedCompositeActor_ModularCodeGenTypedCompositeActor.mk
-rw-rw-r--   1 travis travis  1421 Jun  4 04:34 ModularCodeGen2_ModularCodeGenTypedCompositeActor_ModularCodeGenTypedCompositeActor_profile.class
-rw-rw-r--   1 travis travis  1294 Jun  4 04:34 ModularCodeGen2_ModularCodeGenTypedCompositeActor_ModularCodeGenTypedCompositeActor_profile.java
-rw-rw-r--   1 travis travis   820 Jun  4 04:34 ModularCodeGen2_ModularCodeGenTypedCompositeActor_profile.class
-rw-rw-r--   1 travis travis   693 Jun  4 04:34 ModularCodeGen2_ModularCodeGenTypedCompositeActor_profile.java
-rw-rw-r--   1 travis travis  3741 Jun  4 04:34 ModularCodeGen3_A1_B1.class
-rw-rw-r--   1 travis travis  9958 Jun  4 04:34 ModularCodeGen3_A1_B1.java
-rw-rw-r--   1 travis travis   880 Jun  4 04:34 ModularCodeGen3_A1_B1.mk
-rw-rw-r--   1 travis travis  1330 Jun  4 04:34 ModularCodeGen3_A1_B1_profile.class
-rw-rw-r--   1 travis travis  1274 Jun  4 04:34 ModularCodeGen3_A1_B1_profile.java
-rw-rw-r--   1 travis travis  3741 Jun  4 04:35 ModularCodeGen3_A1_B2.class
-rw-rw-r--   1 travis travis  9958 Jun  4 04:35 ModularCodeGen3_A1_B2.java
-rw-rw-r--   1 travis travis   880 Jun  4 04:35 ModularCodeGen3_A1_B2.mk
-rw-rw-r--   1 travis travis  1330 Jun  4 04:35 ModularCodeGen3_A1_B2_profile.class
-rw-rw-r--   1 travis travis  1274 Jun  4 04:34 ModularCodeGen3_A1_B2_profile.java
-rw-rw-r--   1 travis travis  4961 Jun  4 04:35 ModularCodeGen3_A1.class
-rw-rw-r--   1 travis travis 15564 Jun  4 04:35 ModularCodeGen3_A1.java
-rw-rw-r--   1 travis travis   856 Jun  4 04:35 ModularCodeGen3_A1.mk
-rw-rw-r--   1 travis travis  1445 Jun  4 04:35 ModularCodeGen3_A1_profile.class
-rw-rw-r--   1 travis travis  1716 Jun  4 04:35 ModularCodeGen3_A1_profile.java
-rw-rw-r--   1 travis travis  3887 Jun  4 04:35 ModularCodeGen3_A2_B1.class
-rw-rw-r--   1 travis travis 10955 Jun  4 04:35 ModularCodeGen3_A2_B1.java
-rw-rw-r--   1 travis travis   880 Jun  4 04:35 ModularCodeGen3_A2_B1.mk
-rw-rw-r--   1 travis travis  1393 Jun  4 04:35 ModularCodeGen3_A2_B1_profile.class
-rw-rw-r--   1 travis travis  1458 Jun  4 04:35 ModularCodeGen3_A2_B1_profile.java
-rw-rw-r--   1 travis travis  3741 Jun  4 04:35 ModularCodeGen3_A2_B2.class
-rw-rw-r--   1 travis travis  9958 Jun  4 04:35 ModularCodeGen3_A2_B2.java
-rw-rw-r--   1 travis travis   880 Jun  4 04:35 ModularCodeGen3_A2_B2.mk
-rw-rw-r--   1 travis travis  1330 Jun  4 04:35 ModularCodeGen3_A2_B2_profile.class
-rw-rw-r--   1 travis travis  1274 Jun  4 04:35 ModularCodeGen3_A2_B2_profile.java
-rw-rw-r--   1 travis travis  5038 Jun  4 04:35 ModularCodeGen3_A2.class
-rw-rw-r--   1 travis travis 15957 Jun  4 04:35 ModularCodeGen3_A2.java
-rw-rw-r--   1 travis travis   856 Jun  4 04:35 ModularCodeGen3_A2.mk
-rw-rw-r--   1 travis travis  1445 Jun  4 04:35 ModularCodeGen3_A2_profile.class
-rw-rw-r--   1 travis travis  1716 Jun  4 04:35 ModularCodeGen3_A2_profile.java
-rw-rw-r--   1 travis travis  3794 Jun  4 04:35 ModularCodeGen4_A1_B1.class
-rw-rw-r--   1 travis travis 10312 Jun  4 04:35 ModularCodeGen4_A1_B1.java
-rw-rw-r--   1 travis travis   880 Jun  4 04:35 ModularCodeGen4_A1_B1.mk
-rw-rw-r--   1 travis travis  1330 Jun  4 04:35 ModularCodeGen4_A1_B1_profile.class
-rw-rw-r--   1 travis travis  1273 Jun  4 04:35 ModularCodeGen4_A1_B1_profile.java
-rw-rw-r--   1 travis travis  3794 Jun  4 04:35 ModularCodeGen4_A1_B2.class
-rw-rw-r--   1 travis travis 10312 Jun  4 04:35 ModularCodeGen4_A1_B2.java
-rw-rw-r--   1 travis travis   880 Jun  4 04:35 ModularCodeGen4_A1_B2.mk
-rw-rw-r--   1 travis travis  1330 Jun  4 04:35 ModularCodeGen4_A1_B2_profile.class
-rw-rw-r--   1 travis travis  1273 Jun  4 04:35 ModularCodeGen4_A1_B2_profile.java
-rw-rw-r--   1 travis travis  5101 Jun  4 04:35 ModularCodeGen4_A1.class
-rw-rw-r--   1 travis travis 16245 Jun  4 04:35 ModularCodeGen4_A1.java
-rw-rw-r--   1 travis travis   856 Jun  4 04:35 ModularCodeGen4_A1.mk
-rw-rw-r--   1 travis travis  1445 Jun  4 04:35 ModularCodeGen4_A1_profile.class
-rw-rw-r--   1 travis travis  1712 Jun  4 04:35 ModularCodeGen4_A1_profile.java
-rw-rw-r--   1 travis travis  1454 Jun  4 04:35 ModularCodeGen4_A2_B1_profile.java
-rw-rw-r--   1 travis travis  3954 Jun  4 04:34 ModularCodeGen_ModularCodeGenTypedCompositeActor.class
-rw-rw-r--   1 travis travis 10970 Jun  4 04:34 ModularCodeGen_ModularCodeGenTypedCompositeActor.java
-rw-rw-r--   1 travis travis  1096 Jun  4 04:34 ModularCodeGen_ModularCodeGenTypedCompositeActor.mk
-rw-rw-r--   1 travis travis  1384 Jun  4 04:34 ModularCodeGen_ModularCodeGenTypedCompositeActor_profile.class
-rw-rw-r--   1 travis travis  1328 Jun  4 04:34 ModularCodeGen_ModularCodeGenTypedCompositeActor_profile.java
-rw-rw-r--   1 travis travis  3492 Jun  4 04:34 ModularCodeGenTest_A1_A2.class
-rw-rw-r--   1 travis travis   904 Jun  4 04:34 ModularCodeGenTest_A1_A2.mk
-rw-rw-r--   1 travis travis  1306 Jun  4 04:34 ModularCodeGenTest_A1_A2_profile.class
-rw-rw-r--   1 travis travis  3823 Jun  4 04:34 ModularCodeGenTest_A1.class
-rw-rw-r--   1 travis travis  9968 Jun  4 04:34 ModularCodeGenTest_A1.java
-rw-rw-r--   1 travis travis   880 Jun  4 04:34 ModularCodeGenTest_A1.mk
-rw-rw-r--   1 travis travis  1352 Jun  4 04:34 ModularCodeGenTest_A1_profile.class
-rw-rw-r--   1 travis travis  1394 Jun  4 04:34 ModularCodeGenTest_A1_profile.java
drwxrwxr-x   3 travis travis 36864 Jun  4 04:34 modulation2
drwxrwxr-x   3 travis travis 20480 Jun  4 04:31 Multiplexor
drwxrwxr-x 242 travis travis 12288 Jun  4 04:34 node_modules
drwxrwxr-x   3 travis travis 20480 Jun  4 04:31 PhaseUnwrap
-rw-rw-r--   1 travis travis   520 Jun  4 04:34 Repeat$_fireFunction_Repeat_Repeat$__f_sL_0.class
-rw-rw-r--   1 travis travis   522 Jun  4 04:34 Repeat$_fireFunction_Repeat_Repeat$__f_sL_10.class
-rw-rw-r--   1 travis travis   666 Jun  4 04:34 Repeat$_fireFunction_Repeat_Repeat$__f_sL_11.class
-rw-rw-r--   1 travis travis   522 Jun  4 04:34 Repeat$_fireFunction_Repeat_Repeat$__f_sL_13.class
-rw-rw-r--   1 travis travis   665 Jun  4 04:34 Repeat$_fireFunction_Repeat_Repeat$__f_sL_1.class
-rw-rw-r--   1 travis travis   520 Jun  4 04:34 Repeat$_fireFunction_Repeat_Repeat$__f_sL_2.class
-rw-rw-r--   1 travis travis   520 Jun  4 04:34 Repeat$_fireFunction_Repeat_Repeat$__f_sL_3.class
-rw-rw-r--   1 travis travis   520 Jun  4 04:34 Repeat$_fireFunction_Repeat_Repeat$__f_sL_5.class
-rw-rw-r--   1 travis travis   671 Jun  4 04:34 Repeat$_fireFunction_Repeat_Repeat$__f_sL_7.class
-rw-rw-r--   1 travis travis   520 Jun  4 04:34 Repeat$_fireFunction_Repeat_Repeat$__f_sL_9.class
-rw-rw-r--   1 travis travis   813 Jun  4 04:34 Repeat$_initialize_Repeat.class
-rw-rw-r--   1 travis travis   475 Jun  4 04:34 Repeat$_initialize_Repeat$__i_sL_0.class
-rw-rw-r--   1 travis travis   519 Jun  4 04:34 Repeat$_initialize_Repeat$__i_sL_3.class
-rw-rw-r--   1 travis travis 39778 Jun  4 04:34 Repeat.java
-rw-rw-r--   1 travis travis  1281 Jun  4 04:34 Repeat.mk
-rw-rw-r--   1 travis travis   520 Jun  4 04:34 Repeat$_preinitializeMethod_Repeat$__p_sL_0.class
-rw-rw-r--   1 travis travis   520 Jun  4 04:34 Repeat$_preinitializeMethod_Repeat$__p_sL_1.class
-rw-rw-r--   1 travis travis  1083 Jun  4 04:34 Repeat$_Repeat$_fireFunction_Repeat_AddSubtract_Repeat.class
-rw-rw-r--   1 travis travis   791 Jun  4 04:34 Repeat$_Repeat$_fireFunction_Repeat_AddSubtract_Repeat$__f_sL_0.class
-rw-rw-r--   1 travis travis   909 Jun  4 04:34 Repeat$_Repeat$_fireFunction_Repeat_AddSubtract_Repeat$__f_sL_1.class
-rw-rw-r--   1 travis travis   915 Jun  4 04:34 Repeat$_Repeat$_fireFunction_Repeat_AddSubtract_Repeat$__f_sL_2.class
-rw-rw-r--   1 travis travis   838 Jun  4 04:34 Repeat$_Repeat$_fireFunction_Repeat_Ramp2_Repeat$__f_sL_1.class
-rw-rw-r--   1 travis travis  1785 Jun  4 04:34 Repeat$_Repeat$_fireFunction_Repeat_Test_Repeat$__f_sL_2.class
-rw-rw-r--   1 travis travis   685 Jun  4 04:34 Repeat$_Repeat_SDF_Director_run_Repeat$__R_sL_0.class
-rw-rw-r--   1 travis travis   540 Jun  4 04:34 Repeat$_Repeat_SDF_Director_run_Repeat$__R_sL_1.class
-rw-rw-r--   1 travis travis   540 Jun  4 04:34 Repeat$_Repeat_SDF_Director_run_Repeat$__R_sL_2.class
-rw-rw-r--   1 travis travis   540 Jun  4 04:34 Repeat$_Repeat_SDF_Director_run_Repeat$__R_sL_4.class
-rw-rw-r--   1 travis travis   540 Jun  4 04:34 Repeat$_Repeat_SDF_Director_run_Repeat$__R_sL_5.class
-rw-rw-r--   1 travis travis   691 Jun  4 04:34 Repeat$_Repeat_SDF_Director_run_Repeat$__R_sL_6.class
-rw-rw-r--   1 travis travis   540 Jun  4 04:34 Repeat$_Repeat_SDF_Director_run_Repeat$__R_sL_7.class
-rw-rw-r--   1 travis travis   863 Jun  4 04:34 Repeat$_varinit_Repeat.class
-rw-rw-r--   1 travis travis   530 Jun  4 04:34 Repeat$_varinit_Repeat$__v_sL_1.class
-rw-rw-r--   1 travis travis   531 Jun  4 04:34 Repeat$_varinit_Repeat$__v_sL_2.class
-rw-rw-r--   1 travis travis   905 Jun  4 04:34 Repeat$_varinit_Repeat$__v_sL_4.class
-rw-rw-r--   1 travis travis   635 Jun  4 04:34 Repeat$_wrapup_Repeat.class
-rw-rw-r--   1 travis travis   965 Jun  4 04:34 Repeat$_wrapup_Repeat$__w_sL_1.class
In "/home/travis/cg", about to execute:
-rw-rw-r--   1 travis travis   289 Jun  4 04:29 result.csv
drwxrwxr-x   3 travis travis 12288 Jun  4 04:32 Scrambler1
drwxrwxr-x   3 travis travis 20480 Jun  4 04:31 Sinewave2
drwxrwxr-x   3 travis travis 69632 Jun  4 04:32 StringCompare
drwxrwxr-x   3 travis travis 32768 Jun  4 04:32 StringFunction
drwxrwxr-x   3 travis travis 12288 Jun  4 04:32 StringLength
drwxrwxr-x   3 travis travis 57344 Jun  4 04:33 StringSimpleReplace
drwxrwxr-x   3 travis travis 12288 Jun  4 04:33 time2
drwxrwxr-x   3 travis travis 12288 Jun  4 04:34 time5
-rw-rw-r--   1 travis travis   432 Jun  4 04:35 Token.class
-rw-rw-r--   1 travis travis   251 Jun  4 04:35 Token.java
-rw-rw-r--   1 travis travis     0 Jun  4 04:34 top.
-rw-rw-r--   1 travis travis 20502 Jun  4 04:29 top.c
-rw-rw-r--   1 travis travis  3567 Jun  4 04:34 top.class
-rw-rw-r--   1 travis travis   169 Jun  4 04:29 top.html
-rw-rw-r--   1 travis travis  7552 Jun  4 04:34 top.java
-rw-rw-r--   1 travis travis 38888 Jun  4 04:29 top.o
drwxrwxr-x   3 travis travis 57344 Jun  4 04:31 UnaryMathFunction
    javac -classpath
.:/home/travis/build/icyphy/ptII:/home/travis/build/icyphy/ptII/lib/bsh-2.0b4.j
ar:/home/travis/build/icyphy/ptII/lib/ptCal.jar:/home/travis/build/icyphy/ptII/
lib/java_cup.jar:/home/travis/build/icyphy/ptII/lib/saxon8.jar:/home/travis/bui
ld/icyphy/ptII/lib/saxon8-dom.jar:/home/travis/build/icyphy/ptII/lib/chic.jar:/
home/travis/build/icyphy/ptII/lib/ptcolt.jar:/usr/lib/jvm/java-8-oracle/lib/too
ls.jar:/home/travis/build/icyphy/ptII/vendors/misc/itext/iText.jar:/home/travis
/build/icyphy/ptII/lib/g4ltl.jar:/home/travis/build/icyphy/ptII/lib/StructuralC
oder.jar:/home/travis/build/icyphy/ptII/vendors/jai-1_1_2_01/lib/jai_core.jar:/
home/travis/build/icyphy/ptII/vendors/jai-1_1_2_01/lib/jai_codec.jar:/home/trav
is/build/icyphy/ptII/lib/jcerti.jar:/home/travis/build/icyphy/ptII/lib/javax.ma
il.jar:/home/travis/build/icyphy/ptII/vendors/JMF-2.1.1e/lib/jmf.jar:/home/trav
is/build/icyphy/ptII/lib/jna-4.0.0-variadic.jar:/home/travis/build/icyphy/ptII/
vendors/misc/joystick/Joystick.jar:/home/travis/build/icyphy/ptII/lib/ptjacl.ja
r:/home/travis/build/icyphy/ptII/lib/jsoup-1.8.2.jar:/home/travis/build/icyphy/
ptII/lib/junit-4.8.2.jar:/home/travis/build/icyphy/ptII/lib/JUnitParams-0.4.0.j
ar:/home/travis/build/icyphy/ptII/ptolemy/actor/lib/excel/jxl.jar:/home/travis/
build/icyphy/ptII/lib/jython.jar:/home/travis/build/icyphy/ptII/lib/kieler.jar:
/home/travis/build/icyphy/ptII/vendors/opencv/share/OpenCV/java/opencv-341.jar:
/home/travis/build/icyphy/ptII/lib/oscP5.jar:/home/travis/build/icyphy/ptII/lib
/nrjavaserial-3.11.0.devel.jar:/home/travis/build/icyphy/ptII/vendors/j3d/lib/j
3dcore.jar:/home/travis/build/icyphy/ptII/vendors/j3d/lib/j3dutils.jar:/home/tr
avis/build/icyphy/ptII/vendors/j3d/lib/vecmath.jar:/home/travis/build/icyphy/pt
II/ptolemy/distributed/jini/jar/jini-core.jar:/home/travis/build/icyphy/ptII/pt
olemy/distributed/jini/jar/jini-ext.jar:/home/travis/build/icyphy/ptII/ptolemy/
distributed/jini/jar/sun-util.jar:/home/travis/build/icyphy/ptII/lib/protobuf-j
ava-2.4.1.jar:/home/travis/build/icyphy/ptII/lib/org.eclipse.paho.client.mqttv3
.jar:/home/travis/build/icyphy/ptII/lib/mapss.jar:/home/travis/build/icyphy/ptI
I/ptolemy/actor/ptalon/antlr/antlr.jar:/home/travis/build/icyphy/ptII/lib/JRI.j
ar:/home/travis/build/icyphy/ptII/lib/commons-lang-2.6.jar:/home/travis/build/i
cyphy/ptII/lib/commons-logging-1.1.1.jar:/home/travis/build/icyphy/ptII/lib/soo
tclasses.jar:/home/travis/build/icyphy/ptII/ptolemy/actor/lib/database/mysql-co
nnector-java-5.1.6-bin.jar:/home/travis/build/icyphy/ptII/vendors/misc/sphinx4/
sphinx4-data-5prealpha.jar:/home/travis/build/icyphy/ptII/vendors/misc/sphinx4/
sphinx4-core-5prealpha.jar:/home/travis/build/icyphy/ptII/lib/PDFRenderer.jar:/
home/travis/build/icyphy/ptII/lib/svgSalamander.jar:/home/travis/build/icyphy/p
tII/lib/rsyntaxtextarea-2.6.0-SNAPSHOT.jar:/home/travis/build/icyphy/ptII/lib/h
azelcast-3.8.2.jar:/home/travis/build/icyphy/ptII/lib/jackson-annotations-2.9.0
.jar:/home/travis/build/icyphy/ptII/lib/jackson-core-2.9.3.jar:/home/travis/bui
ld/icyphy/ptII/lib/jackson-databind-2.9.3.jar:/home/travis/build/icyphy/ptII/li
b/netty-buffer-4.1.19.Final.jar:/home/travis/build/icyphy/ptII/lib/netty-codec-
4.1.19.Final.jar:/home/travis/build/icyphy/ptII/lib/netty-codec-dns-4.1.19.Fina
l.jar:/home/travis/build/icyphy/ptII/lib/netty-codec-http-4.1.19.Final.jar:/hom
e/travis/build/icyphy/ptII/lib/netty-codec-http2-4.1.19.Final.jar:/home/travis/
build/icyphy/ptII/lib/netty-common-4.1.19.Final.jar:/home/travis/build/icyphy/p
tII/lib/netty-handler-4.1.19.Final.jar:/home/travis/build/icyphy/ptII/lib/netty
-resolver-4.1.19.Final.jar:/home/travis/build/icyphy/ptII/lib/netty-resolver-dn
s-4.1.19.Final.jar:/home/travis/build/icyphy/ptII/lib/netty-transport-4.1.19.Fi
nal.jar:/home/travis/build/icyphy/ptII/lib/vertx-codegen-3.5.1.jar:/home/travis
/build/icyphy/ptII/lib/vertx-core-3.5.2-SNAPSHOT.jar:/home/travis/build/icyphy/
ptII/lib/vertx-hazelcast-3.5.1.jar:/home/travis/build/icyphy/ptII/lib/vertx-lan
g-js-3.5.1.jar:/home/travis/build/icyphy/ptII/lib/vertx-service-proxy-3.5.1.jar
:/home/travis/build/icyphy/ptII/lib/vertx-web-3.5.1.jar:/home/travis/build/icyp
hy/ptII/lib/slf4j-api-1.7.13.jar:/home/travis/build/icyphy/ptII/lib/slf4j-simpl
e-1.7.13.jar:/home/travis/build/icyphy/ptII/lib/webcam-capture-0.3.12.jar:/home
/travis/build/icyphy/ptII/lib/bridj-0.7.0.jar:/home/travis/build/icyphy/ptII/li
b/xbjlib-1.1.0.nrjavaserial.jar:/home/travis/build/icyphy/ptII/ptolemy/moml/tes
t:/home/travis/build/icyphy/ptII/ant/lib/ant-launcher.jar:/home/travis/build/ic
yphy/ptII/ant/lib/ant.jar:/home/travis/build/icyphy/ptII/ant/lib/ant-junit.jar:
/home/travis/build/icyphy/ptII/ant/lib/ant-junit4.jar:/home/travis/build/icyphy
/ptII ModularCodeGen4_A2_B1_profile.java
All Done
Writing ModularCodeGen4_A2_B1.java in file:/home/travis/cg/ (11375 characters)
Reading "ptolemy/cg/kernel/generic/program/procedural/java/modular/makefile.in",
    writing "/home/travis/cg/ModularCodeGen4_A2_B1.mk"
Using ptolemy/cg/kernel/generic/program/procedural/java/modular/makefile.in
In "/home/travis/cg", about to execute:
    make -f ModularCodeGen4_A2_B1.mk
javac -classpath ".:.."    ModularCodeGen4_A2_B1.java
All Done
In "/home/travis/cg", about to execute:
    pwd
/home/travis/cg
In "/home/travis/cg", about to execute:
    ls -l
In "/home/travis/cg", about to execute:
    javac -classpath
.:/home/travis/build/icyphy/ptII:/home/travis/build/icyphy/ptII/lib/bsh-2.0b4.j
ar:/home/travis/build/icyphy/ptII/lib/ptCal.jar:/home/travis/build/icyphy/ptII/
lib/java_cup.jar:/home/travis/build/icyphy/ptII/lib/saxon8.jar:/home/travis/bui
ld/icyphy/ptII/lib/saxon8-dom.jar:/home/travis/build/icyphy/ptII/lib/chic.jar:/
home/travis/build/icyphy/ptII/lib/ptcolt.jar:/usr/lib/jvm/java-8-oracle/lib/too
ls.jar:/home/travis/build/icyphy/ptII/vendors/misc/itext/iText.jar:/home/travis
/build/icyphy/ptII/lib/g4ltl.jar:/home/travis/build/icyphy/ptII/lib/StructuralC
oder.jar:/home/travis/build/icyphy/ptII/vendors/jai-1_1_2_01/lib/jai_core.jar:/
home/travis/build/icyphy/ptII/vendors/jai-1_1_2_01/lib/jai_codec.jar:/home/trav
is/build/icyphy/ptII/lib/jcerti.jar:/home/travis/build/icyphy/ptII/lib/javax.ma
il.jar:/home/travis/build/icyphy/ptII/vendors/JMF-2.1.1e/lib/jmf.jar:/home/trav
is/build/icyphy/ptII/lib/jna-4.0.0-variadic.jar:/home/travis/build/icyphy/ptII/
vendors/misc/joystick/Joystick.jar:/home/travis/build/icyphy/ptII/lib/ptjacl.ja
r:/home/travis/build/icyphy/ptII/lib/jsoup-1.8.2.jar:/home/travis/build/icyphy/
ptII/lib/junit-4.8.2.jar:/home/travis/build/icyphy/ptII/lib/JUnitParams-0.4.0.j
ar:/home/travis/build/icyphy/ptII/ptolemy/actor/lib/excel/jxl.jar:/home/travis/
build/icyphy/ptII/lib/jython.jar:/home/travis/build/icyphy/ptII/lib/kieler.jar:
/home/travis/build/icyphy/ptII/vendors/opencv/share/OpenCV/java/opencv-341.jar:
/home/travis/build/icyphy/ptII/lib/oscP5.jar:/home/travis/build/icyphy/ptII/lib
/nrjavaserial-3.11.0.devel.jar:/home/travis/build/icyphy/ptII/vendors/j3d/lib/j
3dcore.jar:/home/travis/build/icyphy/ptII/vendors/j3d/lib/j3dutils.jar:/home/tr
avis/build/icyphy/ptII/vendors/j3d/lib/vecmath.jar:/home/travis/build/icyphy/pt
II/ptolemy/distributed/jini/jar/jini-core.jar:/home/travis/build/icyphy/ptII/pt
olemy/distributed/jini/jar/jini-ext.jar:/home/travis/build/icyphy/ptII/ptolemy/
distributed/jini/jar/sun-util.jar:/home/travis/build/icyphy/ptII/lib/protobuf-j
ava-2.4.1.jar:/home/travis/build/icyphy/ptII/lib/org.eclipse.paho.client.mqttv3
.jar:/home/travis/build/icyphy/ptII/lib/mapss.jar:/home/travis/build/icyphy/ptI
I/ptolemy/actor/ptalon/antlr/antlr.jar:/home/travis/build/icyphy/ptII/lib/JRI.j
ar:/home/travis/build/icyphy/ptII/lib/commons-lang-2.6.jar:/home/travis/build/i
cyphy/ptII/lib/commons-logging-1.1.1.jar:/home/travis/build/icyphy/ptII/lib/soo
tclasses.jar:/home/travis/build/icyphy/ptII/ptolemy/actor/lib/database/mysql-co
nnector-java-5.1.6-bin.jar:/home/travis/build/icyphy/ptII/vendors/misc/sphinx4/
sphinx4-data-5prealpha.jar:/home/travis/build/icyphy/ptII/vendors/misc/sphinx4/
sphinx4-core-5prealpha.jar:/home/travis/build/icyphy/ptII/lib/PDFRenderer.jar:/
home/travis/build/icyphy/ptII/lib/svgSalamander.jar:/home/travis/build/icyphy/p
tII/lib/rsyntaxtextarea-2.6.0-SNAPSHOT.jar:/home/travis/build/icyphy/ptII/lib/h
azelcast-3.8.2.jar:/home/travis/build/icyphy/ptII/lib/jackson-annotations-2.9.0
.jar:/home/travis/build/icyphy/ptII/lib/jackson-core-2.9.3.jar:/home/travis/bui
ld/icyphy/ptII/lib/jackson-databind-2.9.3.jar:/home/travis/build/icyphy/ptII/li
b/netty-buffer-4.1.19.Final.jar:/home/travis/build/icyphy/ptII/lib/netty-codec-
4.1.19.Final.jar:/home/travis/build/icyphy/ptII/lib/netty-codec-dns-4.1.19.Fina
l.jar:/home/travis/build/icyphy/ptII/lib/netty-codec-http-4.1.19.Final.jar:/hom
e/travis/build/icyphy/ptII/lib/netty-codec-http2-4.1.19.Final.jar:/home/travis/
build/icyphy/ptII/lib/netty-common-4.1.19.Final.jar:/home/travis/build/icyphy/p
tII/lib/netty-handler-4.1.19.Final.jar:/home/travis/build/icyphy/ptII/lib/netty
-resolver-4.1.19.Final.jar:/home/travis/build/icyphy/ptII/lib/netty-resolver-dn
s-4.1.19.Final.jar:/home/travis/build/icyphy/ptII/lib/netty-transport-4.1.19.Fi
nal.jar:/home/travis/build/icyphy/ptII/lib/vertx-codegen-3.5.1.jar:/home/travis
/build/icyphy/ptII/lib/vertx-core-3.5.2-SNAPSHOT.jar:/home/travis/build/icyphy/
ptII/lib/vertx-hazelcast-3.5.1.jar:/home/travis/build/icyphy/ptII/lib/vertx-lan
g-js-3.5.1.jar:/home/travis/build/icyphy/ptII/lib/vertx-service-proxy-3.5.1.jar
:/home/travis/build/icyphy/ptII/lib/vertx-web-3.5.1.jar:/home/travis/build/icyp
hy/ptII/lib/slf4j-api-1.7.13.jar:/home/travis/build/icyphy/ptII/lib/slf4j-simpl
e-1.7.13.jar:/home/travis/build/icyphy/ptII/lib/webcam-capture-0.3.12.jar:/home
/travis/build/icyphy/ptII/lib/bridj-0.7.0.jar:/home/travis/build/icyphy/ptII/li
b/xbjlib-1.1.0.nrjavaserial.jar:/home/travis/build/icyphy/ptII/ptolemy/moml/tes
t:/home/travis/build/icyphy/ptII/ant/lib/ant-launcher.jar:/home/travis/build/ic
yphy/ptII/ant/lib/ant.jar:/home/travis/build/icyphy/ptII/ant/lib/ant-junit.jar:
/home/travis/build/icyphy/ptII/ant/lib/ant-junit4.jar:/home/travis/build/icyphy
/ptII ModularCodeGen4_A2_B2_profile.java
total 1668
drwxrwxr-x   3 travis travis 12288 Jun  4 04:30 AbsoluteValue
drwxrwxr-x   3 travis travis 16384 Jun  4 04:30 Case1
drwxrwxr-x   3 travis travis 32768 Jun  4 04:30 Case2
-rw-rw-r--   1 travis travis  4895 Jun  4 04:34 CompiledCompositeActor_CompiledCompositeActor.class
-rw-rw-r--   1 travis travis  1592 Jun  4 04:34 CompiledCompositeActor_CompiledCompositeActor$_CompiledCompositeActor_CompiledCompositeActor.class
-rw-rw-r--   1 travis travis 13466 Jun  4 04:34 CompiledCompositeActor_CompiledCompositeActor.java
-rw-rw-r--   1 travis travis  1593 Jun  4 04:34 CompiledCompositeActor_CompiledCompositeActor.mk
drwxrwxr-x   3 travis travis 24576 Jun  4 04:32 DeScrambler
drwxrwxr-x   3 travis travis 16384 Jun  4 04:33 DotProduct
drwxrwxr-x   3 travis travis 12288 Jun  4 04:30 FileWriter1
drwxrwxr-x   3 travis travis 20480 Jun  4 04:29 FixToDoubleAndBack
drwxrwxr-x   3 travis travis 16384 Jun  4 04:30 Gaussian1
drwxrwxr-x   3 travis travis 20480 Jun  4 04:30 Gaussian2
-rw-rw-r--   1 travis travis  4457 Jun  4 04:34 JavaCompiledCompositeTest1_CompiledCompositeActor.class
-rw-rw-r--   1 travis travis 11637 Jun  4 04:34 JavaCompiledCompositeTest1_CompiledCompositeActor.java
-rw-rw-r--   1 travis travis  1198 Jun  4 04:34 JavaCompiledCompositeTest1_CompiledCompositeActor$_JavaCompiledCompositeTest1_CompiledCompositeActor.class
-rw-rw-r--   1 travis travis  1625 Jun  4 04:34 JavaCompiledCompositeTest1_CompiledCompositeActor.mk
-rw-rw-r--   1 travis travis  4888 Jun  4 04:34 JavaCompiledCompositeTest2_CompiledCompositeActor.class
-rw-rw-r--   1 travis travis 14919 Jun  4 04:34 JavaCompiledCompositeTest2_CompiledCompositeActor.java
-rw-rw-r--   1 travis travis  1793 Jun  4 04:34 JavaCompiledCompositeTest2_CompiledCompositeActor$_JavaCompiledCompositeTest2_CompiledCompositeActor.class
-rw-rw-r--   1 travis travis  1625 Jun  4 04:34 JavaCompiledCompositeTest2_CompiledCompositeActor.mk
-rw-rw-r--   1 travis travis  4505 Jun  4 04:34 JavaCompiledCompositeTest3_CompiledCompositeActor.class
-rw-rw-r--   1 travis travis 13080 Jun  4 04:34 JavaCompiledCompositeTest3_CompiledCompositeActor.java
-rw-rw-r--   1 travis travis  1378 Jun  4 04:34 JavaCompiledCompositeTest3_CompiledCompositeActor$_JavaCompiledCompositeTest3_CompiledCompositeActor.class
-rw-rw-r--   1 travis travis  1625 Jun  4 04:34 JavaCompiledCompositeTest3_CompiledCompositeActor.mk
-rw-rw-r--   1 travis travis  3953 Jun  4 04:34 JavaCompiledCompositeTest4_CompiledCompositeActor.class
-rw-rw-r--   1 travis travis  9687 Jun  4 04:34 JavaCompiledCompositeTest4_CompiledCompositeActor.java
-rw-rw-r--   1 travis travis   857 Jun  4 04:34 JavaCompiledCompositeTest4_CompiledCompositeActor$_JavaCompiledCompositeTest4_CompiledCompositeActor.class
-rw-rw-r--   1 travis travis  1625 Jun  4 04:34 JavaCompiledCompositeTest4_CompiledCompositeActor.mk
drwxrwxr-x   3 travis travis 12288 Jun  4 04:30 LookupTable
drwxrwxr-x   3 travis travis 20480 Jun  4 04:31 MaxIndex
-rw-rw-r--   1 travis travis  3693 Jun  4 04:34 ModularCG_A1_B1.class
-rw-rw-r--   1 travis travis  9730 Jun  4 04:34 ModularCG_A1_B1.java
-rw-rw-r--   1 travis travis   832 Jun  4 04:34 ModularCG_A1_B1.mk
-rw-rw-r--   1 travis travis  1318 Jun  4 04:34 ModularCG_A1_B1_profile.class
-rw-rw-r--   1 travis travis  1262 Jun  4 04:34 ModularCG_A1_B1_profile.java
-rw-rw-r--   1 travis travis  3693 Jun  4 04:34 ModularCG_A1_B2.class
-rw-rw-r--   1 travis travis  9730 Jun  4 04:34 ModularCG_A1_B2.java
-rw-rw-r--   1 travis travis   832 Jun  4 04:34 ModularCG_A1_B2.mk
-rw-rw-r--   1 travis travis  1318 Jun  4 04:34 ModularCG_A1_B2_profile.class
-rw-rw-r--   1 travis travis  1262 Jun  4 04:34 ModularCG_A1_B2_profile.java
-rw-rw-r--   1 travis travis  4799 Jun  4 04:34 ModularCG_A1.class
-rw-rw-r--   1 travis travis 14742 Jun  4 04:34 ModularCG_A1.java
-rw-rw-r--   1 travis travis   808 Jun  4 04:34 ModularCG_A1.mk
-rw-rw-r--   1 travis travis  1433 Jun  4 04:34 ModularCG_A1_profile.class
-rw-rw-r--   1 travis travis  1704 Jun  4 04:34 ModularCG_A1_profile.java
-rw-rw-r--   1 travis travis  3827 Jun  4 04:34 ModularCG_A2_B1.class
-rw-rw-r--   1 travis travis 10667 Jun  4 04:34 ModularCG_A2_B1.java
-rw-rw-r--   1 travis travis   832 Jun  4 04:34 ModularCG_A2_B1.mk
-rw-rw-r--   1 travis travis  1381 Jun  4 04:34 ModularCG_A2_B1_profile.class
-rw-rw-r--   1 travis travis  1446 Jun  4 04:34 ModularCG_A2_B1_profile.java
-rw-rw-r--   1 travis travis  3693 Jun  4 04:34 ModularCG_A2_B2.class
-rw-rw-r--   1 travis travis  9730 Jun  4 04:34 ModularCG_A2_B2.java
-rw-rw-r--   1 travis travis   832 Jun  4 04:34 ModularCG_A2_B2.mk
-rw-rw-r--   1 travis travis  1318 Jun  4 04:34 ModularCG_A2_B2_profile.class
-rw-rw-r--   1 travis travis  1262 Jun  4 04:34 ModularCG_A2_B2_profile.java
-rw-rw-r--   1 travis travis  4870 Jun  4 04:34 ModularCG_A2.class
-rw-rw-r--   1 travis travis 15129 Jun  4 04:34 ModularCG_A2.java
-rw-rw-r--   1 travis travis   808 Jun  4 04:34 ModularCG_A2.mk
-rw-rw-r--   1 travis travis  1433 Jun  4 04:34 ModularCG_A2_profile.class
-rw-rw-r--   1 travis travis  1704 Jun  4 04:34 ModularCG_A2_profile.java
-rw-rw-r--   1 travis travis  3473 Jun  4 04:34 ModularCGPubSub_A1_A2.class
-rw-rw-r--   1 travis travis  9076 Jun  4 04:34 ModularCGPubSub_A1_A2.java
-rw-rw-r--   1 travis travis   880 Jun  4 04:34 ModularCGPubSub_A1_A2.mk
-rw-rw-r--   1 travis travis  1300 Jun  4 04:34 ModularCGPubSub_A1_A2_profile.class
-rw-rw-r--   1 travis travis  1222 Jun  4 04:34 ModularCGPubSub_A1_A2_profile.java
-rw-rw-r--   1 travis travis  3790 Jun  4 04:34 ModularCGPubSub_A1.class
-rw-rw-r--   1 travis travis  9836 Jun  4 04:34 ModularCGPubSub_A1.java
-rw-rw-r--   1 travis travis   856 Jun  4 04:34 ModularCGPubSub_A1.mk
-rw-rw-r--   1 travis travis  1346 Jun  4 04:34 ModularCGPubSub_A1_profile.class
-rw-rw-r--   1 travis travis  1388 Jun  4 04:34 ModularCGPubSub_A1_profile.java
-rw-rw-r--   1 travis travis  3988 Jun  4 04:34 ModularCodeGen2_ModularCodeGenTypedCompositeActor.class
-rw-rw-r--   1 travis travis 11690 Jun  4 04:34 ModularCodeGen2_ModularCodeGenTypedCompositeActor.java
-rw-rw-r--   1 travis travis  1104 Jun  4 04:34 ModularCodeGen2_ModularCodeGenTypedCompositeActor.mk
-rw-rw-r--   1 travis travis  4272 Jun  4 04:34 ModularCodeGen2_ModularCodeGenTypedCompositeActor_ModularCodeGenTypedCompositeActor.class
-rw-rw-r--   1 travis travis 11790 Jun  4 04:34 ModularCodeGen2_ModularCodeGenTypedCompositeActor_ModularCodeGenTypedCompositeActor.java
-rw-rw-r--   1 travis travis  1376 Jun  4 04:34 ModularCodeGen2_ModularCodeGenTypedCompositeActor_ModularCodeGenTypedCompositeActor.mk
-rw-rw-r--   1 travis travis  1421 Jun  4 04:34 ModularCodeGen2_ModularCodeGenTypedCompositeActor_ModularCodeGenTypedCompositeActor_profile.class
-rw-rw-r--   1 travis travis  1294 Jun  4 04:34 ModularCodeGen2_ModularCodeGenTypedCompositeActor_ModularCodeGenTypedCompositeActor_profile.java
-rw-rw-r--   1 travis travis   820 Jun  4 04:34 ModularCodeGen2_ModularCodeGenTypedCompositeActor_profile.class
-rw-rw-r--   1 travis travis   693 Jun  4 04:34 ModularCodeGen2_ModularCodeGenTypedCompositeActor_profile.java
-rw-rw-r--   1 travis travis  3741 Jun  4 04:34 ModularCodeGen3_A1_B1.class
-rw-rw-r--   1 travis travis  9958 Jun  4 04:34 ModularCodeGen3_A1_B1.java
-rw-rw-r--   1 travis travis   880 Jun  4 04:34 ModularCodeGen3_A1_B1.mk
-rw-rw-r--   1 travis travis  1330 Jun  4 04:34 ModularCodeGen3_A1_B1_profile.class
-rw-rw-r--   1 travis travis  1274 Jun  4 04:34 ModularCodeGen3_A1_B1_profile.java
-rw-rw-r--   1 travis travis  3741 Jun  4 04:35 ModularCodeGen3_A1_B2.class
-rw-rw-r--   1 travis travis  9958 Jun  4 04:35 ModularCodeGen3_A1_B2.java
-rw-rw-r--   1 travis travis   880 Jun  4 04:35 ModularCodeGen3_A1_B2.mk
-rw-rw-r--   1 travis travis  1330 Jun  4 04:35 ModularCodeGen3_A1_B2_profile.class
-rw-rw-r--   1 travis travis  1274 Jun  4 04:34 ModularCodeGen3_A1_B2_profile.java
-rw-rw-r--   1 travis travis  4961 Jun  4 04:35 ModularCodeGen3_A1.class
-rw-rw-r--   1 travis travis 15564 Jun  4 04:35 ModularCodeGen3_A1.java
-rw-rw-r--   1 travis travis   856 Jun  4 04:35 ModularCodeGen3_A1.mk
-rw-rw-r--   1 travis travis  1445 Jun  4 04:35 ModularCodeGen3_A1_profile.class
-rw-rw-r--   1 travis travis  1716 Jun  4 04:35 ModularCodeGen3_A1_profile.java
-rw-rw-r--   1 travis travis  3887 Jun  4 04:35 ModularCodeGen3_A2_B1.class
-rw-rw-r--   1 travis travis 10955 Jun  4 04:35 ModularCodeGen3_A2_B1.java
-rw-rw-r--   1 travis travis   880 Jun  4 04:35 ModularCodeGen3_A2_B1.mk
-rw-rw-r--   1 travis travis  1393 Jun  4 04:35 ModularCodeGen3_A2_B1_profile.class
-rw-rw-r--   1 travis travis  1458 Jun  4 04:35 ModularCodeGen3_A2_B1_profile.java
-rw-rw-r--   1 travis travis  3741 Jun  4 04:35 ModularCodeGen3_A2_B2.class
-rw-rw-r--   1 travis travis  9958 Jun  4 04:35 ModularCodeGen3_A2_B2.java
-rw-rw-r--   1 travis travis   880 Jun  4 04:35 ModularCodeGen3_A2_B2.mk
-rw-rw-r--   1 travis travis  1330 Jun  4 04:35 ModularCodeGen3_A2_B2_profile.class
-rw-rw-r--   1 travis travis  1274 Jun  4 04:35 ModularCodeGen3_A2_B2_profile.java
-rw-rw-r--   1 travis travis  5038 Jun  4 04:35 ModularCodeGen3_A2.class
-rw-rw-r--   1 travis travis 15957 Jun  4 04:35 ModularCodeGen3_A2.java
-rw-rw-r--   1 travis travis   856 Jun  4 04:35 ModularCodeGen3_A2.mk
-rw-rw-r--   1 travis travis  1445 Jun  4 04:35 ModularCodeGen3_A2_profile.class
-rw-rw-r--   1 travis travis  1716 Jun  4 04:35 ModularCodeGen3_A2_profile.java
-rw-rw-r--   1 travis travis  3794 Jun  4 04:35 ModularCodeGen4_A1_B1.class
-rw-rw-r--   1 travis travis 10312 Jun  4 04:35 ModularCodeGen4_A1_B1.java
-rw-rw-r--   1 travis travis   880 Jun  4 04:35 ModularCodeGen4_A1_B1.mk
-rw-rw-r--   1 travis travis  1330 Jun  4 04:35 ModularCodeGen4_A1_B1_profile.class
-rw-rw-r--   1 travis travis  1273 Jun  4 04:35 ModularCodeGen4_A1_B1_profile.java
-rw-rw-r--   1 travis travis  3794 Jun  4 04:35 ModularCodeGen4_A1_B2.class
-rw-rw-r--   1 travis travis 10312 Jun  4 04:35 ModularCodeGen4_A1_B2.java
-rw-rw-r--   1 travis travis   880 Jun  4 04:35 ModularCodeGen4_A1_B2.mk
-rw-rw-r--   1 travis travis  1330 Jun  4 04:35 ModularCodeGen4_A1_B2_profile.class
-rw-rw-r--   1 travis travis  1273 Jun  4 04:35 ModularCodeGen4_A1_B2_profile.java
-rw-rw-r--   1 travis travis  5101 Jun  4 04:35 ModularCodeGen4_A1.class
-rw-rw-r--   1 travis travis 16245 Jun  4 04:35 ModularCodeGen4_A1.java
-rw-rw-r--   1 travis travis   856 Jun  4 04:35 ModularCodeGen4_A1.mk
-rw-rw-r--   1 travis travis  1445 Jun  4 04:35 ModularCodeGen4_A1_profile.class
-rw-rw-r--   1 travis travis  1712 Jun  4 04:35 ModularCodeGen4_A1_profile.java
-rw-rw-r--   1 travis travis  3988 Jun  4 04:35 ModularCodeGen4_A2_B1.class
-rw-rw-r--   1 travis travis 11375 Jun  4 04:35 ModularCodeGen4_A2_B1.java
-rw-rw-r--   1 travis travis   880 Jun  4 04:35 ModularCodeGen4_A2_B1.mk
-rw-rw-r--   1 travis travis  1393 Jun  4 04:35 ModularCodeGen4_A2_B1_profile.class
-rw-rw-r--   1 travis travis  1454 Jun  4 04:35 ModularCodeGen4_A2_B1_profile.java
-rw-rw-r--   1 travis travis  1270 Jun  4 04:35 ModularCodeGen4_A2_B2_profile.java
-rw-rw-r--   1 travis travis  3954 Jun  4 04:34 ModularCodeGen_ModularCodeGenTypedCompositeActor.class
-rw-rw-r--   1 travis travis 10970 Jun  4 04:34 ModularCodeGen_ModularCodeGenTypedCompositeActor.java
-rw-rw-r--   1 travis travis  1096 Jun  4 04:34 ModularCodeGen_ModularCodeGenTypedCompositeActor.mk
-rw-rw-r--   1 travis travis  1384 Jun  4 04:34 ModularCodeGen_ModularCodeGenTypedCompositeActor_profile.class
-rw-rw-r--   1 travis travis  1328 Jun  4 04:34 ModularCodeGen_ModularCodeGenTypedCompositeActor_profile.java
-rw-rw-r--   1 travis travis  3492 Jun  4 04:34 ModularCodeGenTest_A1_A2.class
-rw-rw-r--   1 travis travis   904 Jun  4 04:34 ModularCodeGenTest_A1_A2.mk
-rw-rw-r--   1 travis travis  1306 Jun  4 04:34 ModularCodeGenTest_A1_A2_profile.class
-rw-rw-r--   1 travis travis  3823 Jun  4 04:34 ModularCodeGenTest_A1.class
-rw-rw-r--   1 travis travis  9968 Jun  4 04:34 ModularCodeGenTest_A1.java
-rw-rw-r--   1 travis travis   880 Jun  4 04:34 ModularCodeGenTest_A1.mk
-rw-rw-r--   1 travis travis  1352 Jun  4 04:34 ModularCodeGenTest_A1_profile.class
-rw-rw-r--   1 travis travis  1394 Jun  4 04:34 ModularCodeGenTest_A1_profile.java
drwxrwxr-x   3 travis travis 36864 Jun  4 04:34 modulation2
drwxrwxr-x   3 travis travis 20480 Jun  4 04:31 Multiplexor
drwxrwxr-x 242 travis travis 12288 Jun  4 04:34 node_modules
drwxrwxr-x   3 travis travis 20480 Jun  4 04:31 PhaseUnwrap
-rw-rw-r--   1 travis travis   520 Jun  4 04:34 Repeat$_fireFunction_Repeat_Repeat$__f_sL_0.class
-rw-rw-r--   1 travis travis   522 Jun  4 04:34 Repeat$_fireFunction_Repeat_Repeat$__f_sL_10.class
-rw-rw-r--   1 travis travis   666 Jun  4 04:34 Repeat$_fireFunction_Repeat_Repeat$__f_sL_11.class
-rw-rw-r--   1 travis travis   522 Jun  4 04:34 Repeat$_fireFunction_Repeat_Repeat$__f_sL_13.class
-rw-rw-r--   1 travis travis   665 Jun  4 04:34 Repeat$_fireFunction_Repeat_Repeat$__f_sL_1.class
-rw-rw-r--   1 travis travis   520 Jun  4 04:34 Repeat$_fireFunction_Repeat_Repeat$__f_sL_2.class
-rw-rw-r--   1 travis travis   520 Jun  4 04:34 Repeat$_fireFunction_Repeat_Repeat$__f_sL_3.class
-rw-rw-r--   1 travis travis   520 Jun  4 04:34 Repeat$_fireFunction_Repeat_Repeat$__f_sL_5.class
-rw-rw-r--   1 travis travis   671 Jun  4 04:34 Repeat$_fireFunction_Repeat_Repeat$__f_sL_7.class
-rw-rw-r--   1 travis travis   520 Jun  4 04:34 Repeat$_fireFunction_Repeat_Repeat$__f_sL_9.class
-rw-rw-r--   1 travis travis   813 Jun  4 04:34 Repeat$_initialize_Repeat.class
-rw-rw-r--   1 travis travis   475 Jun  4 04:34 Repeat$_initialize_Repeat$__i_sL_0.class
-rw-rw-r--   1 travis travis   519 Jun  4 04:34 Repeat$_initialize_Repeat$__i_sL_3.class
-rw-rw-r--   1 travis travis 39778 Jun  4 04:34 Repeat.java
-rw-rw-r--   1 travis travis  1281 Jun  4 04:34 Repeat.mk
-rw-rw-r--   1 travis travis   520 Jun  4 04:34 Repeat$_preinitializeMethod_Repeat$__p_sL_0.class
-rw-rw-r--   1 travis travis   520 Jun  4 04:34 Repeat$_preinitializeMethod_Repeat$__p_sL_1.class
-rw-rw-r--   1 travis travis  1083 Jun  4 04:34 Repeat$_Repeat$_fireFunction_Repeat_AddSubtract_Repeat.class
-rw-rw-r--   1 travis travis   791 Jun  4 04:34 Repeat$_Repeat$_fireFunction_Repeat_AddSubtract_Repeat$__f_sL_0.class
-rw-rw-r--   1 travis travis   909 Jun  4 04:34 Repeat$_Repeat$_fireFunction_Repeat_AddSubtract_Repeat$__f_sL_1.class
-rw-rw-r--   1 travis travis   915 Jun  4 04:34 Repeat$_Repeat$_fireFunction_Repeat_AddSubtract_Repeat$__f_sL_2.class
-rw-rw-r--   1 travis travis   838 Jun  4 04:34 Repeat$_Repeat$_fireFunction_Repeat_Ramp2_Repeat$__f_sL_1.class
-rw-rw-r--   1 travis travis  1785 Jun  4 04:34 Repeat$_Repeat$_fireFunction_Repeat_Test_Repeat$__f_sL_2.class
-rw-rw-r--   1 travis travis   685 Jun  4 04:34 Repeat$_Repeat_SDF_Director_run_Repeat$__R_sL_0.class
-rw-rw-r--   1 travis travis   540 Jun  4 04:34 Repeat$_Repeat_SDF_Director_run_Repeat$__R_sL_1.class
-rw-rw-r--   1 travis travis   540 Jun  4 04:34 Repeat$_Repeat_SDF_Director_run_Repeat$__R_sL_2.class
-rw-rw-r--   1 travis travis   540 Jun  4 04:34 Repeat$_Repeat_SDF_Director_run_Repeat$__R_sL_4.class
-rw-rw-r--   1 travis travis   540 Jun  4 04:34 Repeat$_Repeat_SDF_Director_run_Repeat$__R_sL_5.class
-rw-rw-r--   1 travis travis   691 Jun  4 04:34 Repeat$_Repeat_SDF_Director_run_Repeat$__R_sL_6.class
-rw-rw-r--   1 travis travis   540 Jun  4 04:34 Repeat$_Repeat_SDF_Director_run_Repeat$__R_sL_7.class
-rw-rw-r--   1 travis travis   863 Jun  4 04:34 Repeat$_varinit_Repeat.class
-rw-rw-r--   1 travis travis   530 Jun  4 04:34 Repeat$_varinit_Repeat$__v_sL_1.class
-rw-rw-r--   1 travis travis   531 Jun  4 04:34 Repeat$_varinit_Repeat$__v_sL_2.class
-rw-rw-r--   1 travis travis   905 Jun  4 04:34 Repeat$_varinit_Repeat$__v_sL_4.class
-rw-rw-r--   1 travis travis   635 Jun  4 04:34 Repeat$_wrapup_Repeat.class
-rw-rw-r--   1 travis travis   965 Jun  4 04:34 Repeat$_wrapup_Repeat$__w_sL_1.class
-rw-rw-r--   1 travis travis   289 Jun  4 04:29 result.csv
drwxrwxr-x   3 travis travis 12288 Jun  4 04:32 Scrambler1
drwxrwxr-x   3 travis travis 20480 Jun  4 04:31 Sinewave2
drwxrwxr-x   3 travis travis 69632 Jun  4 04:32 StringCompare
drwxrwxr-x   3 travis travis 32768 Jun  4 04:32 StringFunction
drwxrwxr-x   3 travis travis 12288 Jun  4 04:32 StringLength
drwxrwxr-x   3 travis travis 57344 Jun  4 04:33 StringSimpleReplace
drwxrwxr-x   3 travis travis 12288 Jun  4 04:33 time2
drwxrwxr-x   3 travis travis 12288 Jun  4 04:34 time5
-rw-rw-r--   1 travis travis   432 Jun  4 04:35 Token.class
-rw-rw-r--   1 travis travis   251 Jun  4 04:35 Token.java
-rw-rw-r--   1 travis travis     0 Jun  4 04:34 top.
-rw-rw-r--   1 travis travis 20502 Jun  4 04:29 top.c
-rw-rw-r--   1 travis travis  3567 Jun  4 04:34 top.class
-rw-rw-r--   1 travis travis   169 Jun  4 04:29 top.html
-rw-rw-r--   1 travis travis  7552 Jun  4 04:34 top.java
-rw-rw-r--   1 travis travis 38888 Jun  4 04:29 top.o
drwxrwxr-x   3 travis travis 57344 Jun  4 04:31 UnaryMathFunction
All Done
Writing ModularCodeGen4_A2_B2.java in file:/home/travis/cg/ (10378 characters)
Reading "ptolemy/cg/kernel/generic/program/procedural/java/modular/makefile.in",
    writing "/home/travis/cg/ModularCodeGen4_A2_B2.mk"
Using ptolemy/cg/kernel/generic/program/procedural/java/modular/makefile.in
In "/home/travis/cg", about to execute:
    make -f ModularCodeGen4_A2_B2.mk
javac -classpath ".:.."    ModularCodeGen4_A2_B2.java
All Done
In "/home/travis/cg", about to execute:
    pwd
In "/home/travis/cg", about to execute:
    ls -l
/home/travis/cg
In "/home/travis/cg", about to execute:
    javac -classpath
.:/home/travis/build/icyphy/ptII:/home/travis/build/icyphy/ptII/lib/bsh-2.0b4.j
ar:/home/travis/build/icyphy/ptII/lib/ptCal.jar:/home/travis/build/icyphy/ptII/
lib/java_cup.jar:/home/travis/build/icyphy/ptII/lib/saxon8.jar:/home/travis/bui
ld/icyphy/ptII/lib/saxon8-dom.jar:/home/travis/build/icyphy/ptII/lib/chic.jar:/
home/travis/build/icyphy/ptII/lib/ptcolt.jar:/usr/lib/jvm/java-8-oracle/lib/too
ls.jar:/home/travis/build/icyphy/ptII/vendors/misc/itext/iText.jar:/home/travis
/build/icyphy/ptII/lib/g4ltl.jar:/home/travis/build/icyphy/ptII/lib/StructuralC
oder.jar:/home/travis/build/icyphy/ptII/vendors/jai-1_1_2_01/lib/jai_core.jar:/
home/travis/build/icyphy/ptII/vendors/jai-1_1_2_01/lib/jai_codec.jar:/home/trav
is/build/icyphy/ptII/lib/jcerti.jar:/home/travis/build/icyphy/ptII/lib/javax.ma
il.jar:/home/travis/build/icyphy/ptII/vendors/JMF-2.1.1e/lib/jmf.jar:/home/trav
is/build/icyphy/ptII/lib/jna-4.0.0-variadic.jar:/home/travis/build/icyphy/ptII/
vendors/misc/joystick/Joystick.jar:/home/travis/build/icyphy/ptII/lib/ptjacl.ja
r:/home/travis/build/icyphy/ptII/lib/jsoup-1.8.2.jar:/home/travis/build/icyphy/
ptII/lib/junit-4.8.2.jar:/home/travis/build/icyphy/ptII/lib/JUnitParams-0.4.0.j
ar:/home/travis/build/icyphy/ptII/ptolemy/actor/lib/excel/jxl.jar:/home/travis/
build/icyphy/ptII/lib/jython.jar:/home/travis/build/icyphy/ptII/lib/kieler.jar:
/home/travis/build/icyphy/ptII/vendors/opencv/share/OpenCV/java/opencv-341.jar:
/home/travis/build/icyphy/ptII/lib/oscP5.jar:/home/travis/build/icyphy/ptII/lib
/nrjavaserial-3.11.0.devel.jar:/home/travis/build/icyphy/ptII/vendors/j3d/lib/j
3dcore.jar:/home/travis/build/icyphy/ptII/vendors/j3d/lib/j3dutils.jar:/home/tr
avis/build/icyphy/ptII/vendors/j3d/lib/vecmath.jar:/home/travis/build/icyphy/pt
II/ptolemy/distributed/jini/jar/jini-core.jar:/home/travis/build/icyphy/ptII/pt
olemy/distributed/jini/jar/jini-ext.jar:/home/travis/build/icyphy/ptII/ptolemy/
distributed/jini/jar/sun-util.jar:/home/travis/build/icyphy/ptII/lib/protobuf-j
ava-2.4.1.jar:/home/travis/build/icyphy/ptII/lib/org.eclipse.paho.client.mqttv3
.jar:/home/travis/build/icyphy/ptII/lib/mapss.jar:/home/travis/build/icyphy/ptI
I/ptolemy/actor/ptalon/antlr/antlr.jar:/home/travis/build/icyphy/ptII/lib/JRI.j
ar:/home/travis/build/icyphy/ptII/lib/commons-lang-2.6.jar:/home/travis/build/i
cyphy/ptII/lib/commons-logging-1.1.1.jar:/home/travis/build/icyphy/ptII/lib/soo
tclasses.jar:/home/travis/build/icyphy/ptII/ptolemy/actor/lib/database/mysql-co
nnector-java-5.1.6-bin.jar:/home/travis/build/icyphy/ptII/vendors/misc/sphinx4/
sphinx4-data-5prealpha.jar:/home/travis/build/icyphy/ptII/vendors/misc/sphinx4/
sphinx4-core-5prealpha.jar:/home/travis/build/icyphy/ptII/lib/PDFRenderer.jar:/
home/travis/build/icyphy/ptII/lib/svgSalamander.jar:/home/travis/build/icyphy/p
tII/lib/rsyntaxtextarea-2.6.0-SNAPSHOT.jar:/home/travis/build/icyphy/ptII/lib/h
azelcast-3.8.2.jar:/home/travis/build/icyphy/ptII/lib/jackson-annotations-2.9.0
.jar:/home/travis/build/icyphy/ptII/lib/jackson-core-2.9.3.jar:/home/travis/bui
ld/icyphy/ptII/lib/jackson-databind-2.9.3.jar:/home/travis/build/icyphy/ptII/li
b/netty-buffer-4.1.19.Final.jar:/home/travis/build/icyphy/ptII/lib/netty-codec-
4.1.19.Final.jar:/home/travis/build/icyphy/ptII/lib/netty-codec-dns-4.1.19.Fina
l.jar:/home/travis/build/icyphy/ptII/lib/netty-codec-http-4.1.19.Final.jar:/hom
e/travis/build/icyphy/ptII/lib/netty-codec-http2-4.1.19.Final.jar:/home/travis/
build/icyphy/ptII/lib/netty-common-4.1.19.Final.jar:/home/travis/build/icyphy/p
tII/lib/netty-handler-4.1.19.Final.jar:/home/travis/build/icyphy/ptII/lib/netty
-resolver-4.1.19.Final.jar:/home/travis/build/icyphy/ptII/lib/netty-resolver-dn
s-4.1.19.Final.jar:/home/travis/build/icyphy/ptII/lib/netty-transport-4.1.19.Fi
nal.jar:/home/travis/build/icyphy/ptII/lib/vertx-codegen-3.5.1.jar:/home/travis
/build/icyphy/ptII/lib/vertx-core-3.5.2-SNAPSHOT.jar:/home/travis/build/icyphy/
ptII/lib/vertx-hazelcast-3.5.1.jar:/home/travis/build/icyphy/ptII/lib/vertx-lan
g-js-3.5.1.jar:/home/travis/build/icyphy/ptII/lib/vertx-service-proxy-3.5.1.jar
:/home/travis/build/icyphy/ptII/lib/vertx-web-3.5.1.jar:/home/travis/build/icyp
hy/ptII/lib/slf4j-api-1.7.13.jar:/home/travis/build/icyphy/ptII/lib/slf4j-simpl
e-1.7.13.jar:/home/travis/build/icyphy/ptII/lib/webcam-capture-0.3.12.jar:/home
/travis/build/icyphy/ptII/lib/bridj-0.7.0.jar:/home/travis/build/icyphy/ptII/li
b/xbjlib-1.1.0.nrjavaserial.jar:/home/travis/build/icyphy/ptII/ptolemy/moml/tes
t:/home/travis/build/icyphy/ptII/ant/lib/ant-launcher.jar:/home/travis/build/ic
yphy/ptII/ant/lib/ant.jar:/home/travis/build/icyphy/ptII/ant/lib/ant-junit.jar:
/home/travis/build/icyphy/ptII/ant/lib/ant-junit4.jar:/home/travis/build/icyphy
/ptII ModularCodeGen4_A2_profile.java
total 1696
drwxrwxr-x   3 travis travis 12288 Jun  4 04:30 AbsoluteValue
drwxrwxr-x   3 travis travis 16384 Jun  4 04:30 Case1
drwxrwxr-x   3 travis travis 32768 Jun  4 04:30 Case2
-rw-rw-r--   1 travis travis  4895 Jun  4 04:34 CompiledCompositeActor_CompiledCompositeActor.class
-rw-rw-r--   1 travis travis  1592 Jun  4 04:34 CompiledCompositeActor_CompiledCompositeActor$_CompiledCompositeActor_CompiledCompositeActor.class
-rw-rw-r--   1 travis travis 13466 Jun  4 04:34 CompiledCompositeActor_CompiledCompositeActor.java
-rw-rw-r--   1 travis travis  1593 Jun  4 04:34 CompiledCompositeActor_CompiledCompositeActor.mk
drwxrwxr-x   3 travis travis 24576 Jun  4 04:32 DeScrambler
drwxrwxr-x   3 travis travis 16384 Jun  4 04:33 DotProduct
drwxrwxr-x   3 travis travis 12288 Jun  4 04:30 FileWriter1
drwxrwxr-x   3 travis travis 20480 Jun  4 04:29 FixToDoubleAndBack
drwxrwxr-x   3 travis travis 16384 Jun  4 04:30 Gaussian1
drwxrwxr-x   3 travis travis 20480 Jun  4 04:30 Gaussian2
-rw-rw-r--   1 travis travis  4457 Jun  4 04:34 JavaCompiledCompositeTest1_CompiledCompositeActor.class
-rw-rw-r--   1 travis travis 11637 Jun  4 04:34 JavaCompiledCompositeTest1_CompiledCompositeActor.java
-rw-rw-r--   1 travis travis  1198 Jun  4 04:34 JavaCompiledCompositeTest1_CompiledCompositeActor$_JavaCompiledCompositeTest1_CompiledCompositeActor.class
-rw-rw-r--   1 travis travis  1625 Jun  4 04:34 JavaCompiledCompositeTest1_CompiledCompositeActor.mk
-rw-rw-r--   1 travis travis  4888 Jun  4 04:34 JavaCompiledCompositeTest2_CompiledCompositeActor.class
-rw-rw-r--   1 travis travis 14919 Jun  4 04:34 JavaCompiledCompositeTest2_CompiledCompositeActor.java
-rw-rw-r--   1 travis travis  1793 Jun  4 04:34 JavaCompiledCompositeTest2_CompiledCompositeActor$_JavaCompiledCompositeTest2_CompiledCompositeActor.class
-rw-rw-r--   1 travis travis  1625 Jun  4 04:34 JavaCompiledCompositeTest2_CompiledCompositeActor.mk
-rw-rw-r--   1 travis travis  4505 Jun  4 04:34 JavaCompiledCompositeTest3_CompiledCompositeActor.class
-rw-rw-r--   1 travis travis 13080 Jun  4 04:34 JavaCompiledCompositeTest3_CompiledCompositeActor.java
-rw-rw-r--   1 travis travis  1378 Jun  4 04:34 JavaCompiledCompositeTest3_CompiledCompositeActor$_JavaCompiledCompositeTest3_CompiledCompositeActor.class
-rw-rw-r--   1 travis travis  1625 Jun  4 04:34 JavaCompiledCompositeTest3_CompiledCompositeActor.mk
-rw-rw-r--   1 travis travis  3953 Jun  4 04:34 JavaCompiledCompositeTest4_CompiledCompositeActor.class
-rw-rw-r--   1 travis travis  9687 Jun  4 04:34 JavaCompiledCompositeTest4_CompiledCompositeActor.java
-rw-rw-r--   1 travis travis   857 Jun  4 04:34 JavaCompiledCompositeTest4_CompiledCompositeActor$_JavaCompiledCompositeTest4_CompiledCompositeActor.class
-rw-rw-r--   1 travis travis  1625 Jun  4 04:34 JavaCompiledCompositeTest4_CompiledCompositeActor.mk
drwxrwxr-x   3 travis travis 12288 Jun  4 04:30 LookupTable
drwxrwxr-x   3 travis travis 20480 Jun  4 04:31 MaxIndex
-rw-rw-r--   1 travis travis  3693 Jun  4 04:34 ModularCG_A1_B1.class
-rw-rw-r--   1 travis travis  9730 Jun  4 04:34 ModularCG_A1_B1.java
-rw-rw-r--   1 travis travis   832 Jun  4 04:34 ModularCG_A1_B1.mk
-rw-rw-r--   1 travis travis  1318 Jun  4 04:34 ModularCG_A1_B1_profile.class
-rw-rw-r--   1 travis travis  1262 Jun  4 04:34 ModularCG_A1_B1_profile.java
-rw-rw-r--   1 travis travis  3693 Jun  4 04:34 ModularCG_A1_B2.class
-rw-rw-r--   1 travis travis  9730 Jun  4 04:34 ModularCG_A1_B2.java
-rw-rw-r--   1 travis travis   832 Jun  4 04:34 ModularCG_A1_B2.mk
-rw-rw-r--   1 travis travis  1318 Jun  4 04:34 ModularCG_A1_B2_profile.class
-rw-rw-r--   1 travis travis  1262 Jun  4 04:34 ModularCG_A1_B2_profile.java
-rw-rw-r--   1 travis travis  4799 Jun  4 04:34 ModularCG_A1.class
-rw-rw-r--   1 travis travis 14742 Jun  4 04:34 ModularCG_A1.java
-rw-rw-r--   1 travis travis   808 Jun  4 04:34 ModularCG_A1.mk
-rw-rw-r--   1 travis travis  1433 Jun  4 04:34 ModularCG_A1_profile.class
-rw-rw-r--   1 travis travis  1704 Jun  4 04:34 ModularCG_A1_profile.java
-rw-rw-r--   1 travis travis  3827 Jun  4 04:34 ModularCG_A2_B1.class
-rw-rw-r--   1 travis travis 10667 Jun  4 04:34 ModularCG_A2_B1.java
-rw-rw-r--   1 travis travis   832 Jun  4 04:34 ModularCG_A2_B1.mk
-rw-rw-r--   1 travis travis  1381 Jun  4 04:34 ModularCG_A2_B1_profile.class
-rw-rw-r--   1 travis travis  1446 Jun  4 04:34 ModularCG_A2_B1_profile.java
-rw-rw-r--   1 travis travis  3693 Jun  4 04:34 ModularCG_A2_B2.class
-rw-rw-r--   1 travis travis  9730 Jun  4 04:34 ModularCG_A2_B2.java
-rw-rw-r--   1 travis travis   832 Jun  4 04:34 ModularCG_A2_B2.mk
-rw-rw-r--   1 travis travis  1318 Jun  4 04:34 ModularCG_A2_B2_profile.class
-rw-rw-r--   1 travis travis  1262 Jun  4 04:34 ModularCG_A2_B2_profile.java
-rw-rw-r--   1 travis travis  4870 Jun  4 04:34 ModularCG_A2.class
-rw-rw-r--   1 travis travis 15129 Jun  4 04:34 ModularCG_A2.java
-rw-rw-r--   1 travis travis   808 Jun  4 04:34 ModularCG_A2.mk
-rw-rw-r--   1 travis travis  1433 Jun  4 04:34 ModularCG_A2_profile.class
-rw-rw-r--   1 travis travis  1704 Jun  4 04:34 ModularCG_A2_profile.java
-rw-rw-r--   1 travis travis  3473 Jun  4 04:34 ModularCGPubSub_A1_A2.class
-rw-rw-r--   1 travis travis  9076 Jun  4 04:34 ModularCGPubSub_A1_A2.java
-rw-rw-r--   1 travis travis   880 Jun  4 04:34 ModularCGPubSub_A1_A2.mk
-rw-rw-r--   1 travis travis  1300 Jun  4 04:34 ModularCGPubSub_A1_A2_profile.class
-rw-rw-r--   1 travis travis  1222 Jun  4 04:34 ModularCGPubSub_A1_A2_profile.java
-rw-rw-r--   1 travis travis  3790 Jun  4 04:34 ModularCGPubSub_A1.class
-rw-rw-r--   1 travis travis  9836 Jun  4 04:34 ModularCGPubSub_A1.java
-rw-rw-r--   1 travis travis   856 Jun  4 04:34 ModularCGPubSub_A1.mk
-rw-rw-r--   1 travis travis  1346 Jun  4 04:34 ModularCGPubSub_A1_profile.class
-rw-rw-r--   1 travis travis  1388 Jun  4 04:34 ModularCGPubSub_A1_profile.java
-rw-rw-r--   1 travis travis  3988 Jun  4 04:34 ModularCodeGen2_ModularCodeGenTypedCompositeActor.class
-rw-rw-r--   1 travis travis 11690 Jun  4 04:34 ModularCodeGen2_ModularCodeGenTypedCompositeActor.java
-rw-rw-r--   1 travis travis  1104 Jun  4 04:34 ModularCodeGen2_ModularCodeGenTypedCompositeActor.mk
-rw-rw-r--   1 travis travis  4272 Jun  4 04:34 ModularCodeGen2_ModularCodeGenTypedCompositeActor_ModularCodeGenTypedCompositeActor.class
-rw-rw-r--   1 travis travis 11790 Jun  4 04:34 ModularCodeGen2_ModularCodeGenTypedCompositeActor_ModularCodeGenTypedCompositeActor.java
-rw-rw-r--   1 travis travis  1376 Jun  4 04:34 ModularCodeGen2_ModularCodeGenTypedCompositeActor_ModularCodeGenTypedCompositeActor.mk
-rw-rw-r--   1 travis travis  1421 Jun  4 04:34 ModularCodeGen2_ModularCodeGenTypedCompositeActor_ModularCodeGenTypedCompositeActor_profile.class
-rw-rw-r--   1 travis travis  1294 Jun  4 04:34 ModularCodeGen2_ModularCodeGenTypedCompositeActor_ModularCodeGenTypedCompositeActor_profile.java
-rw-rw-r--   1 travis travis   820 Jun  4 04:34 ModularCodeGen2_ModularCodeGenTypedCompositeActor_profile.class
-rw-rw-r--   1 travis travis   693 Jun  4 04:34 ModularCodeGen2_ModularCodeGenTypedCompositeActor_profile.java
-rw-rw-r--   1 travis travis  3741 Jun  4 04:34 ModularCodeGen3_A1_B1.class
-rw-rw-r--   1 travis travis  9958 Jun  4 04:34 ModularCodeGen3_A1_B1.java
-rw-rw-r--   1 travis travis   880 Jun  4 04:34 ModularCodeGen3_A1_B1.mk
-rw-rw-r--   1 travis travis  1330 Jun  4 04:34 ModularCodeGen3_A1_B1_profile.class
-rw-rw-r--   1 travis travis  1274 Jun  4 04:34 ModularCodeGen3_A1_B1_profile.java
-rw-rw-r--   1 travis travis  3741 Jun  4 04:35 ModularCodeGen3_A1_B2.class
-rw-rw-r--   1 travis travis  9958 Jun  4 04:35 ModularCodeGen3_A1_B2.java
-rw-rw-r--   1 travis travis   880 Jun  4 04:35 ModularCodeGen3_A1_B2.mk
-rw-rw-r--   1 travis travis  1330 Jun  4 04:35 ModularCodeGen3_A1_B2_profile.class
-rw-rw-r--   1 travis travis  1274 Jun  4 04:34 ModularCodeGen3_A1_B2_profile.java
-rw-rw-r--   1 travis travis  4961 Jun  4 04:35 ModularCodeGen3_A1.class
-rw-rw-r--   1 travis travis 15564 Jun  4 04:35 ModularCodeGen3_A1.java
-rw-rw-r--   1 travis travis   856 Jun  4 04:35 ModularCodeGen3_A1.mk
-rw-rw-r--   1 travis travis  1445 Jun  4 04:35 ModularCodeGen3_A1_profile.class
-rw-rw-r--   1 travis travis  1716 Jun  4 04:35 ModularCodeGen3_A1_profile.java
-rw-rw-r--   1 travis travis  3887 Jun  4 04:35 ModularCodeGen3_A2_B1.class
-rw-rw-r--   1 travis travis 10955 Jun  4 04:35 ModularCodeGen3_A2_B1.java
-rw-rw-r--   1 travis travis   880 Jun  4 04:35 ModularCodeGen3_A2_B1.mk
-rw-rw-r--   1 travis travis  1393 Jun  4 04:35 ModularCodeGen3_A2_B1_profile.class
-rw-rw-r--   1 travis travis  1458 Jun  4 04:35 ModularCodeGen3_A2_B1_profile.java
-rw-rw-r--   1 travis travis  3741 Jun  4 04:35 ModularCodeGen3_A2_B2.class
-rw-rw-r--   1 travis travis  9958 Jun  4 04:35 ModularCodeGen3_A2_B2.java
-rw-rw-r--   1 travis travis   880 Jun  4 04:35 ModularCodeGen3_A2_B2.mk
-rw-rw-r--   1 travis travis  1330 Jun  4 04:35 ModularCodeGen3_A2_B2_profile.class
-rw-rw-r--   1 travis travis  1274 Jun  4 04:35 ModularCodeGen3_A2_B2_profile.java
-rw-rw-r--   1 travis travis  5038 Jun  4 04:35 ModularCodeGen3_A2.class
-rw-rw-r--   1 travis travis 15957 Jun  4 04:35 ModularCodeGen3_A2.java
-rw-rw-r--   1 travis travis   856 Jun  4 04:35 ModularCodeGen3_A2.mk
-rw-rw-r--   1 travis travis  1445 Jun  4 04:35 ModularCodeGen3_A2_profile.class
-rw-rw-r--   1 travis travis  1716 Jun  4 04:35 ModularCodeGen3_A2_profile.java
-rw-rw-r--   1 travis travis  3794 Jun  4 04:35 ModularCodeGen4_A1_B1.class
-rw-rw-r--   1 travis travis 10312 Jun  4 04:35 ModularCodeGen4_A1_B1.java
-rw-rw-r--   1 travis travis   880 Jun  4 04:35 ModularCodeGen4_A1_B1.mk
-rw-rw-r--   1 travis travis  1330 Jun  4 04:35 ModularCodeGen4_A1_B1_profile.class
-rw-rw-r--   1 travis travis  1273 Jun  4 04:35 ModularCodeGen4_A1_B1_profile.java
-rw-rw-r--   1 travis travis  3794 Jun  4 04:35 ModularCodeGen4_A1_B2.class
-rw-rw-r--   1 travis travis 10312 Jun  4 04:35 ModularCodeGen4_A1_B2.java
-rw-rw-r--   1 travis travis   880 Jun  4 04:35 ModularCodeGen4_A1_B2.mk
-rw-rw-r--   1 travis travis  1330 Jun  4 04:35 ModularCodeGen4_A1_B2_profile.class
-rw-rw-r--   1 travis travis  1273 Jun  4 04:35 ModularCodeGen4_A1_B2_profile.java
-rw-rw-r--   1 travis travis  5101 Jun  4 04:35 ModularCodeGen4_A1.class
-rw-rw-r--   1 travis travis 16245 Jun  4 04:35 ModularCodeGen4_A1.java
-rw-rw-r--   1 travis travis   856 Jun  4 04:35 ModularCodeGen4_A1.mk
-rw-rw-r--   1 travis travis  1445 Jun  4 04:35 ModularCodeGen4_A1_profile.class
-rw-rw-r--   1 travis travis  1712 Jun  4 04:35 ModularCodeGen4_A1_profile.java
-rw-rw-r--   1 travis travis  3988 Jun  4 04:35 ModularCodeGen4_A2_B1.class
-rw-rw-r--   1 travis travis 11375 Jun  4 04:35 ModularCodeGen4_A2_B1.java
-rw-rw-r--   1 travis travis   880 Jun  4 04:35 ModularCodeGen4_A2_B1.mk
-rw-rw-r--   1 travis travis  1393 Jun  4 04:35 ModularCodeGen4_A2_B1_profile.class
-rw-rw-r--   1 travis travis  1454 Jun  4 04:35 ModularCodeGen4_A2_B1_profile.java
-rw-rw-r--   1 travis travis  3842 Jun  4 04:35 ModularCodeGen4_A2_B2.class
-rw-rw-r--   1 travis travis 10378 Jun  4 04:35 ModularCodeGen4_A2_B2.java
-rw-rw-r--   1 travis travis   880 Jun  4 04:35 ModularCodeGen4_A2_B2.mk
-rw-rw-r--   1 travis travis  1330 Jun  4 04:35 ModularCodeGen4_A2_B2_profile.class
-rw-rw-r--   1 travis travis  1270 Jun  4 04:35 ModularCodeGen4_A2_B2_profile.java
-rw-rw-r--   1 travis travis  1712 Jun  4 04:35 ModularCodeGen4_A2_profile.java
-rw-rw-r--   1 travis travis  3954 Jun  4 04:34 ModularCodeGen_ModularCodeGenTypedCompositeActor.class
-rw-rw-r--   1 travis travis 10970 Jun  4 04:34 ModularCodeGen_ModularCodeGenTypedCompositeActor.java
-rw-rw-r--   1 travis travis  1096 Jun  4 04:34 ModularCodeGen_ModularCodeGenTypedCompositeActor.mk
-rw-rw-r--   1 travis travis  1384 Jun  4 04:34 ModularCodeGen_ModularCodeGenTypedCompositeActor_profile.class
-rw-rw-r--   1 travis travis  1328 Jun  4 04:34 ModularCodeGen_ModularCodeGenTypedCompositeActor_profile.java
-rw-rw-r--   1 travis travis  3492 Jun  4 04:34 ModularCodeGenTest_A1_A2.class
-rw-rw-r--   1 travis travis   904 Jun  4 04:34 ModularCodeGenTest_A1_A2.mk
-rw-rw-r--   1 travis travis  1306 Jun  4 04:34 ModularCodeGenTest_A1_A2_profile.class
-rw-rw-r--   1 travis travis  3823 Jun  4 04:34 ModularCodeGenTest_A1.class
-rw-rw-r--   1 travis travis  9968 Jun  4 04:34 ModularCodeGenTest_A1.java
-rw-rw-r--   1 travis travis   880 Jun  4 04:34 ModularCodeGenTest_A1.mk
-rw-rw-r--   1 travis travis  1352 Jun  4 04:34 ModularCodeGenTest_A1_profile.class
-rw-rw-r--   1 travis travis  1394 Jun  4 04:34 ModularCodeGenTest_A1_profile.java
drwxrwxr-x   3 travis travis 36864 Jun  4 04:34 modulation2
drwxrwxr-x   3 travis travis 20480 Jun  4 04:31 Multiplexor
drwxrwxr-x 242 travis travis 12288 Jun  4 04:34 node_modules
drwxrwxr-x   3 travis travis 20480 Jun  4 04:31 PhaseUnwrap
-rw-rw-r--   1 travis travis   520 Jun  4 04:34 Repeat$_fireFunction_Repeat_Repeat$__f_sL_0.class
-rw-rw-r--   1 travis travis   522 Jun  4 04:34 Repeat$_fireFunction_Repeat_Repeat$__f_sL_10.class
-rw-rw-r--   1 travis travis   666 Jun  4 04:34 Repeat$_fireFunction_Repeat_Repeat$__f_sL_11.class
-rw-rw-r--   1 travis travis   522 Jun  4 04:34 Repeat$_fireFunction_Repeat_Repeat$__f_sL_13.class
-rw-rw-r--   1 travis travis   665 Jun  4 04:34 Repeat$_fireFunction_Repeat_Repeat$__f_sL_1.class
-rw-rw-r--   1 travis travis   520 Jun  4 04:34 Repeat$_fireFunction_Repeat_Repeat$__f_sL_2.class
-rw-rw-r--   1 travis travis   520 Jun  4 04:34 Repeat$_fireFunction_Repeat_Repeat$__f_sL_3.class
-rw-rw-r--   1 travis travis   520 Jun  4 04:34 Repeat$_fireFunction_Repeat_Repeat$__f_sL_5.class
-rw-rw-r--   1 travis travis   671 Jun  4 04:34 Repeat$_fireFunction_Repeat_Repeat$__f_sL_7.class
-rw-rw-r--   1 travis travis   520 Jun  4 04:34 Repeat$_fireFunction_Repeat_Repeat$__f_sL_9.class
-rw-rw-r--   1 travis travis   813 Jun  4 04:34 Repeat$_initialize_Repeat.class
-rw-rw-r--   1 travis travis   475 Jun  4 04:34 Repeat$_initialize_Repeat$__i_sL_0.class
-rw-rw-r--   1 travis travis   519 Jun  4 04:34 Repeat$_initialize_Repeat$__i_sL_3.class
-rw-rw-r--   1 travis travis 39778 Jun  4 04:34 Repeat.java
-rw-rw-r--   1 travis travis  1281 Jun  4 04:34 Repeat.mk
-rw-rw-r--   1 travis travis   520 Jun  4 04:34 Repeat$_preinitializeMethod_Repeat$__p_sL_0.class
-rw-rw-r--   1 travis travis   520 Jun  4 04:34 Repeat$_preinitializeMethod_Repeat$__p_sL_1.class
-rw-rw-r--   1 travis travis  1083 Jun  4 04:34 Repeat$_Repeat$_fireFunction_Repeat_AddSubtract_Repeat.class
-rw-rw-r--   1 travis travis   791 Jun  4 04:34 Repeat$_Repeat$_fireFunction_Repeat_AddSubtract_Repeat$__f_sL_0.class
-rw-rw-r--   1 travis travis   909 Jun  4 04:34 Repeat$_Repeat$_fireFunction_Repeat_AddSubtract_Repeat$__f_sL_1.class
-rw-rw-r--   1 travis travis   915 Jun  4 04:34 Repeat$_Repeat$_fireFunction_Repeat_AddSubtract_Repeat$__f_sL_2.class
-rw-rw-r--   1 travis travis   838 Jun  4 04:34 Repeat$_Repeat$_fireFunction_Repeat_Ramp2_Repeat$__f_sL_1.class
-rw-rw-r--   1 travis travis  1785 Jun  4 04:34 Repeat$_Repeat$_fireFunction_Repeat_Test_Repeat$__f_sL_2.class
-rw-rw-r--   1 travis travis   685 Jun  4 04:34 Repeat$_Repeat_SDF_Director_run_Repeat$__R_sL_0.class
-rw-rw-r--   1 travis travis   540 Jun  4 04:34 Repeat$_Repeat_SDF_Director_run_Repeat$__R_sL_1.class
-rw-rw-r--   1 travis travis   540 Jun  4 04:34 Repeat$_Repeat_SDF_Director_run_Repeat$__R_sL_2.class
-rw-rw-r--   1 travis travis   540 Jun  4 04:34 Repeat$_Repeat_SDF_Director_run_Repeat$__R_sL_4.class
-rw-rw-r--   1 travis travis   540 Jun  4 04:34 Repeat$_Repeat_SDF_Director_run_Repeat$__R_sL_5.class
-rw-rw-r--   1 travis travis   691 Jun  4 04:34 Repeat$_Repeat_SDF_Director_run_Repeat$__R_sL_6.class
-rw-rw-r--   1 travis travis   540 Jun  4 04:34 Repeat$_Repeat_SDF_Director_run_Repeat$__R_sL_7.class
-rw-rw-r--   1 travis travis   863 Jun  4 04:34 Repeat$_varinit_Repeat.class
-rw-rw-r--   1 travis travis   530 Jun  4 04:34 Repeat$_varinit_Repeat$__v_sL_1.class
-rw-rw-r--   1 travis travis   531 Jun  4 04:34 Repeat$_varinit_Repeat$__v_sL_2.class
-rw-rw-r--   1 travis travis   905 Jun  4 04:34 Repeat$_varinit_Repeat$__v_sL_4.class
-rw-rw-r--   1 travis travis   635 Jun  4 04:34 Repeat$_wrapup_Repeat.class
-rw-rw-r--   1 travis travis   965 Jun  4 04:34 Repeat$_wrapup_Repeat$__w_sL_1.class
-rw-rw-r--   1 travis travis   289 Jun  4 04:29 result.csv
drwxrwxr-x   3 travis travis 12288 Jun  4 04:32 Scrambler1
drwxrwxr-x   3 travis travis 20480 Jun  4 04:31 Sinewave2
drwxrwxr-x   3 travis travis 69632 Jun  4 04:32 StringCompare
drwxrwxr-x   3 travis travis 32768 Jun  4 04:32 StringFunction
drwxrwxr-x   3 travis travis 12288 Jun  4 04:32 StringLength
drwxrwxr-x   3 travis travis 57344 Jun  4 04:33 StringSimpleReplace
drwxrwxr-x   3 travis travis 12288 Jun  4 04:33 time2
drwxrwxr-x   3 travis travis 12288 Jun  4 04:34 time5
-rw-rw-r--   1 travis travis   432 Jun  4 04:35 Token.class
-rw-rw-r--   1 travis travis   251 Jun  4 04:35 Token.java
-rw-rw-r--   1 travis travis     0 Jun  4 04:34 top.
-rw-rw-r--   1 travis travis 20502 Jun  4 04:29 top.c
-rw-rw-r--   1 travis travis  3567 Jun  4 04:34 top.class
-rw-rw-r--   1 travis travis   169 Jun  4 04:29 top.html
-rw-rw-r--   1 travis travis  7552 Jun  4 04:34 top.java
-rw-rw-r--   1 travis travis 38888 Jun  4 04:29 top.o
drwxrwxr-x   3 travis travis 57344 Jun  4 04:31 UnaryMathFunction
All Done
Writing ModularCodeGen4_A2.java in file:/home/travis/cg/ (16770 characters)
Reading "ptolemy/cg/kernel/generic/program/procedural/java/modular/makefile.in",
    writing "/home/travis/cg/ModularCodeGen4_A2.mk"
Using ptolemy/cg/kernel/generic/program/procedural/java/modular/makefile.in
In "/home/travis/cg", about to execute:
    make -f ModularCodeGen4_A2.mk
javac -classpath ".:.."    ModularCodeGen4_A2.java
All Done
Manager.initialize() finished: 12251 ms. Memory: 258048K Free: 150222K (58%)
12254 ms. Memory: 258048K Free: 150222K (58%)
----------------- Invoking toplevel() on ptolemy.moml.MoMLSimpleApplication@32b479a
----------------- Done invoking toplevel() on ptolemy.moml.MoMLSimpleApplication@32b479a
reloadAllAccessors: .ModularCodeGen4

===========================================================================================
----------------- testing Tue Jun 04 04:35:22 UTC 2019 /home/travis/build/icyphy/ptII/ptolemy/cg/lib/test/auto/ModularCodeGen5.xml
----------------- Instantiating /home/travis/build/icyphy/ptII/ptolemy/cg/lib/test/auto/ModularCodeGen5.xml
In "/home/travis/cg", about to execute:
    pwd
In "/home/travis/cg", about to execute:
    ls -l
/home/travis/cg
In "/home/travis/cg", about to execute:
    javac -classpath
.:/home/travis/build/icyphy/ptII:/home/travis/build/icyphy/ptII/lib/bsh-2.0b4.j
ar:/home/travis/build/icyphy/ptII/lib/ptCal.jar:/home/travis/build/icyphy/ptII/
lib/java_cup.jar:/home/travis/build/icyphy/ptII/lib/saxon8.jar:/home/travis/bui
ld/icyphy/ptII/lib/saxon8-dom.jar:/home/travis/build/icyphy/ptII/lib/chic.jar:/
home/travis/build/icyphy/ptII/lib/ptcolt.jar:/usr/lib/jvm/java-8-oracle/lib/too
ls.jar:/home/travis/build/icyphy/ptII/vendors/misc/itext/iText.jar:/home/travis
/build/icyphy/ptII/lib/g4ltl.jar:/home/travis/build/icyphy/ptII/lib/StructuralC
oder.jar:/home/travis/build/icyphy/ptII/vendors/jai-1_1_2_01/lib/jai_core.jar:/
home/travis/build/icyphy/ptII/vendors/jai-1_1_2_01/lib/jai_codec.jar:/home/trav
is/build/icyphy/ptII/lib/jcerti.jar:/home/travis/build/icyphy/ptII/lib/javax.ma
il.jar:/home/travis/build/icyphy/ptII/vendors/JMF-2.1.1e/lib/jmf.jar:/home/trav
is/build/icyphy/ptII/lib/jna-4.0.0-variadic.jar:/home/travis/build/icyphy/ptII/
vendors/misc/joystick/Joystick.jar:/home/travis/build/icyphy/ptII/lib/ptjacl.ja
r:/home/travis/build/icyphy/ptII/lib/jsoup-1.8.2.jar:/home/travis/build/icyphy/
ptII/lib/junit-4.8.2.jar:/home/travis/build/icyphy/ptII/lib/JUnitParams-0.4.0.j
ar:/home/travis/build/icyphy/ptII/ptolemy/actor/lib/excel/jxl.jar:/home/travis/
build/icyphy/ptII/lib/jython.jar:/home/travis/build/icyphy/ptII/lib/kieler.jar:
/home/travis/build/icyphy/ptII/vendors/opencv/share/OpenCV/java/opencv-341.jar:
/home/travis/build/icyphy/ptII/lib/oscP5.jar:/home/travis/build/icyphy/ptII/lib
/nrjavaserial-3.11.0.devel.jar:/home/travis/build/icyphy/ptII/vendors/j3d/lib/j
3dcore.jar:/home/travis/build/icyphy/ptII/vendors/j3d/lib/j3dutils.jar:/home/tr
avis/build/icyphy/ptII/vendors/j3d/lib/vecmath.jar:/home/travis/build/icyphy/pt
II/ptolemy/distributed/jini/jar/jini-core.jar:/home/travis/build/icyphy/ptII/pt
olemy/distributed/jini/jar/jini-ext.jar:/home/travis/build/icyphy/ptII/ptolemy/
distributed/jini/jar/sun-util.jar:/home/travis/build/icyphy/ptII/lib/protobuf-j
ava-2.4.1.jar:/home/travis/build/icyphy/ptII/lib/org.eclipse.paho.client.mqttv3
.jar:/home/travis/build/icyphy/ptII/lib/mapss.jar:/home/travis/build/icyphy/ptI
I/ptolemy/actor/ptalon/antlr/antlr.jar:/home/travis/build/icyphy/ptII/lib/JRI.j
ar:/home/travis/build/icyphy/ptII/lib/commons-lang-2.6.jar:/home/travis/build/i
cyphy/ptII/lib/commons-logging-1.1.1.jar:/home/travis/build/icyphy/ptII/lib/soo
tclasses.jar:/home/travis/build/icyphy/ptII/ptolemy/actor/lib/database/mysql-co
nnector-java-5.1.6-bin.jar:/home/travis/build/icyphy/ptII/vendors/misc/sphinx4/
sphinx4-data-5prealpha.jar:/home/travis/build/icyphy/ptII/vendors/misc/sphinx4/
sphinx4-core-5prealpha.jar:/home/travis/build/icyphy/ptII/lib/PDFRenderer.jar:/
home/travis/build/icyphy/ptII/lib/svgSalamander.jar:/home/travis/build/icyphy/p
tII/lib/rsyntaxtextarea-2.6.0-SNAPSHOT.jar:/home/travis/build/icyphy/ptII/lib/h
azelcast-3.8.2.jar:/home/travis/build/icyphy/ptII/lib/jackson-annotations-2.9.0
.jar:/home/travis/build/icyphy/ptII/lib/jackson-core-2.9.3.jar:/home/travis/bui
ld/icyphy/ptII/lib/jackson-databind-2.9.3.jar:/home/travis/build/icyphy/ptII/li
b/netty-buffer-4.1.19.Final.jar:/home/travis/build/icyphy/ptII/lib/netty-codec-
4.1.19.Final.jar:/home/travis/build/icyphy/ptII/lib/netty-codec-dns-4.1.19.Fina
l.jar:/home/travis/build/icyphy/ptII/lib/netty-codec-http-4.1.19.Final.jar:/hom
e/travis/build/icyphy/ptII/lib/netty-codec-http2-4.1.19.Final.jar:/home/travis/
build/icyphy/ptII/lib/netty-common-4.1.19.Final.jar:/home/travis/build/icyphy/p
tII/lib/netty-handler-4.1.19.Final.jar:/home/travis/build/icyphy/ptII/lib/netty
-resolver-4.1.19.Final.jar:/home/travis/build/icyphy/ptII/lib/netty-resolver-dn
s-4.1.19.Final.jar:/home/travis/build/icyphy/ptII/lib/netty-transport-4.1.19.Fi
nal.jar:/home/travis/build/icyphy/ptII/lib/vertx-codegen-3.5.1.jar:/home/travis
/build/icyphy/ptII/lib/vertx-core-3.5.2-SNAPSHOT.jar:/home/travis/build/icyphy/
ptII/lib/vertx-hazelcast-3.5.1.jar:/home/travis/build/icyphy/ptII/lib/vertx-lan
g-js-3.5.1.jar:/home/travis/build/icyphy/ptII/lib/vertx-service-proxy-3.5.1.jar
:/home/travis/build/icyphy/ptII/lib/vertx-web-3.5.1.jar:/home/travis/build/icyp
hy/ptII/lib/slf4j-api-1.7.13.jar:/home/travis/build/icyphy/ptII/lib/slf4j-simpl
e-1.7.13.jar:/home/travis/build/icyphy/ptII/lib/webcam-capture-0.3.12.jar:/home
/travis/build/icyphy/ptII/lib/bridj-0.7.0.jar:/home/travis/build/icyphy/ptII/li
b/xbjlib-1.1.0.nrjavaserial.jar:/home/travis/build/icyphy/ptII/ptolemy/moml/tes
t:/home/travis/build/icyphy/ptII/ant/lib/ant-launcher.jar:/home/travis/build/ic
yphy/ptII/ant/lib/ant.jar:/home/travis/build/icyphy/ptII/ant/lib/ant-junit.jar:
/home/travis/build/icyphy/ptII/ant/lib/ant-junit4.jar:/home/travis/build/icyphy
/ptII ModularCodeGen5_A_A_profile.java
total 1736
drwxrwxr-x   3 travis travis 12288 Jun  4 04:30 AbsoluteValue
drwxrwxr-x   3 travis travis 16384 Jun  4 04:30 Case1
drwxrwxr-x   3 travis travis 32768 Jun  4 04:30 Case2
-rw-rw-r--   1 travis travis  4895 Jun  4 04:34 CompiledCompositeActor_CompiledCompositeActor.class
-rw-rw-r--   1 travis travis  1592 Jun  4 04:34 CompiledCompositeActor_CompiledCompositeActor$_CompiledCompositeActor_CompiledCompositeActor.class
-rw-rw-r--   1 travis travis 13466 Jun  4 04:34 CompiledCompositeActor_CompiledCompositeActor.java
-rw-rw-r--   1 travis travis  1593 Jun  4 04:34 CompiledCompositeActor_CompiledCompositeActor.mk
drwxrwxr-x   3 travis travis 24576 Jun  4 04:32 DeScrambler
drwxrwxr-x   3 travis travis 16384 Jun  4 04:33 DotProduct
drwxrwxr-x   3 travis travis 12288 Jun  4 04:30 FileWriter1
drwxrwxr-x   3 travis travis 20480 Jun  4 04:29 FixToDoubleAndBack
drwxrwxr-x   3 travis travis 16384 Jun  4 04:30 Gaussian1
drwxrwxr-x   3 travis travis 20480 Jun  4 04:30 Gaussian2
-rw-rw-r--   1 travis travis  4457 Jun  4 04:34 JavaCompiledCompositeTest1_CompiledCompositeActor.class
-rw-rw-r--   1 travis travis 11637 Jun  4 04:34 JavaCompiledCompositeTest1_CompiledCompositeActor.java
-rw-rw-r--   1 travis travis  1198 Jun  4 04:34 JavaCompiledCompositeTest1_CompiledCompositeActor$_JavaCompiledCompositeTest1_CompiledCompositeActor.class
-rw-rw-r--   1 travis travis  1625 Jun  4 04:34 JavaCompiledCompositeTest1_CompiledCompositeActor.mk
-rw-rw-r--   1 travis travis  4888 Jun  4 04:34 JavaCompiledCompositeTest2_CompiledCompositeActor.class
-rw-rw-r--   1 travis travis 14919 Jun  4 04:34 JavaCompiledCompositeTest2_CompiledCompositeActor.java
-rw-rw-r--   1 travis travis  1793 Jun  4 04:34 JavaCompiledCompositeTest2_CompiledCompositeActor$_JavaCompiledCompositeTest2_CompiledCompositeActor.class
-rw-rw-r--   1 travis travis  1625 Jun  4 04:34 JavaCompiledCompositeTest2_CompiledCompositeActor.mk
-rw-rw-r--   1 travis travis  4505 Jun  4 04:34 JavaCompiledCompositeTest3_CompiledCompositeActor.class
-rw-rw-r--   1 travis travis 13080 Jun  4 04:34 JavaCompiledCompositeTest3_CompiledCompositeActor.java
-rw-rw-r--   1 travis travis  1378 Jun  4 04:34 JavaCompiledCompositeTest3_CompiledCompositeActor$_JavaCompiledCompositeTest3_CompiledCompositeActor.class
-rw-rw-r--   1 travis travis  1625 Jun  4 04:34 JavaCompiledCompositeTest3_CompiledCompositeActor.mk
-rw-rw-r--   1 travis travis  3953 Jun  4 04:34 JavaCompiledCompositeTest4_CompiledCompositeActor.class
-rw-rw-r--   1 travis travis  9687 Jun  4 04:34 JavaCompiledCompositeTest4_CompiledCompositeActor.java
-rw-rw-r--   1 travis travis   857 Jun  4 04:34 JavaCompiledCompositeTest4_CompiledCompositeActor$_JavaCompiledCompositeTest4_CompiledCompositeActor.class
-rw-rw-r--   1 travis travis  1625 Jun  4 04:34 JavaCompiledCompositeTest4_CompiledCompositeActor.mk
drwxrwxr-x   3 travis travis 12288 Jun  4 04:30 LookupTable
drwxrwxr-x   3 travis travis 20480 Jun  4 04:31 MaxIndex
-rw-rw-r--   1 travis travis  3693 Jun  4 04:34 ModularCG_A1_B1.class
-rw-rw-r--   1 travis travis  9730 Jun  4 04:34 ModularCG_A1_B1.java
-rw-rw-r--   1 travis travis   832 Jun  4 04:34 ModularCG_A1_B1.mk
-rw-rw-r--   1 travis travis  1318 Jun  4 04:34 ModularCG_A1_B1_profile.class
-rw-rw-r--   1 travis travis  1262 Jun  4 04:34 ModularCG_A1_B1_profile.java
-rw-rw-r--   1 travis travis  3693 Jun  4 04:34 ModularCG_A1_B2.class
-rw-rw-r--   1 travis travis  9730 Jun  4 04:34 ModularCG_A1_B2.java
-rw-rw-r--   1 travis travis   832 Jun  4 04:34 ModularCG_A1_B2.mk
-rw-rw-r--   1 travis travis  1318 Jun  4 04:34 ModularCG_A1_B2_profile.class
-rw-rw-r--   1 travis travis  1262 Jun  4 04:34 ModularCG_A1_B2_profile.java
-rw-rw-r--   1 travis travis  4799 Jun  4 04:34 ModularCG_A1.class
-rw-rw-r--   1 travis travis 14742 Jun  4 04:34 ModularCG_A1.java
-rw-rw-r--   1 travis travis   808 Jun  4 04:34 ModularCG_A1.mk
-rw-rw-r--   1 travis travis  1433 Jun  4 04:34 ModularCG_A1_profile.class
-rw-rw-r--   1 travis travis  1704 Jun  4 04:34 ModularCG_A1_profile.java
-rw-rw-r--   1 travis travis  3827 Jun  4 04:34 ModularCG_A2_B1.class
-rw-rw-r--   1 travis travis 10667 Jun  4 04:34 ModularCG_A2_B1.java
-rw-rw-r--   1 travis travis   832 Jun  4 04:34 ModularCG_A2_B1.mk
-rw-rw-r--   1 travis travis  1381 Jun  4 04:34 ModularCG_A2_B1_profile.class
-rw-rw-r--   1 travis travis  1446 Jun  4 04:34 ModularCG_A2_B1_profile.java
-rw-rw-r--   1 travis travis  3693 Jun  4 04:34 ModularCG_A2_B2.class
-rw-rw-r--   1 travis travis  9730 Jun  4 04:34 ModularCG_A2_B2.java
-rw-rw-r--   1 travis travis   832 Jun  4 04:34 ModularCG_A2_B2.mk
-rw-rw-r--   1 travis travis  1318 Jun  4 04:34 ModularCG_A2_B2_profile.class
-rw-rw-r--   1 travis travis  1262 Jun  4 04:34 ModularCG_A2_B2_profile.java
-rw-rw-r--   1 travis travis  4870 Jun  4 04:34 ModularCG_A2.class
-rw-rw-r--   1 travis travis 15129 Jun  4 04:34 ModularCG_A2.java
-rw-rw-r--   1 travis travis   808 Jun  4 04:34 ModularCG_A2.mk
-rw-rw-r--   1 travis travis  1433 Jun  4 04:34 ModularCG_A2_profile.class
-rw-rw-r--   1 travis travis  1704 Jun  4 04:34 ModularCG_A2_profile.java
-rw-rw-r--   1 travis travis  3473 Jun  4 04:34 ModularCGPubSub_A1_A2.class
-rw-rw-r--   1 travis travis  9076 Jun  4 04:34 ModularCGPubSub_A1_A2.java
-rw-rw-r--   1 travis travis   880 Jun  4 04:34 ModularCGPubSub_A1_A2.mk
-rw-rw-r--   1 travis travis  1300 Jun  4 04:34 ModularCGPubSub_A1_A2_profile.class
-rw-rw-r--   1 travis travis  1222 Jun  4 04:34 ModularCGPubSub_A1_A2_profile.java
-rw-rw-r--   1 travis travis  3790 Jun  4 04:34 ModularCGPubSub_A1.class
-rw-rw-r--   1 travis travis  9836 Jun  4 04:34 ModularCGPubSub_A1.java
-rw-rw-r--   1 travis travis   856 Jun  4 04:34 ModularCGPubSub_A1.mk
-rw-rw-r--   1 travis travis  1346 Jun  4 04:34 ModularCGPubSub_A1_profile.class
-rw-rw-r--   1 travis travis  1388 Jun  4 04:34 ModularCGPubSub_A1_profile.java
-rw-rw-r--   1 travis travis  3988 Jun  4 04:34 ModularCodeGen2_ModularCodeGenTypedCompositeActor.class
-rw-rw-r--   1 travis travis 11690 Jun  4 04:34 ModularCodeGen2_ModularCodeGenTypedCompositeActor.java
-rw-rw-r--   1 travis travis  1104 Jun  4 04:34 ModularCodeGen2_ModularCodeGenTypedCompositeActor.mk
-rw-rw-r--   1 travis travis  4272 Jun  4 04:34 ModularCodeGen2_ModularCodeGenTypedCompositeActor_ModularCodeGenTypedCompositeActor.class
-rw-rw-r--   1 travis travis 11790 Jun  4 04:34 ModularCodeGen2_ModularCodeGenTypedCompositeActor_ModularCodeGenTypedCompositeActor.java
-rw-rw-r--   1 travis travis  1376 Jun  4 04:34 ModularCodeGen2_ModularCodeGenTypedCompositeActor_ModularCodeGenTypedCompositeActor.mk
-rw-rw-r--   1 travis travis  1421 Jun  4 04:34 ModularCodeGen2_ModularCodeGenTypedCompositeActor_ModularCodeGenTypedCompositeActor_profile.class
-rw-rw-r--   1 travis travis  1294 Jun  4 04:34 ModularCodeGen2_ModularCodeGenTypedCompositeActor_ModularCodeGenTypedCompositeActor_profile.java
-rw-rw-r--   1 travis travis   820 Jun  4 04:34 ModularCodeGen2_ModularCodeGenTypedCompositeActor_profile.class
-rw-rw-r--   1 travis travis   693 Jun  4 04:34 ModularCodeGen2_ModularCodeGenTypedCompositeActor_profile.java
-rw-rw-r--   1 travis travis  3741 Jun  4 04:34 ModularCodeGen3_A1_B1.class
-rw-rw-r--   1 travis travis  9958 Jun  4 04:34 ModularCodeGen3_A1_B1.java
-rw-rw-r--   1 travis travis   880 Jun  4 04:34 ModularCodeGen3_A1_B1.mk
-rw-rw-r--   1 travis travis  1330 Jun  4 04:34 ModularCodeGen3_A1_B1_profile.class
-rw-rw-r--   1 travis travis  1274 Jun  4 04:34 ModularCodeGen3_A1_B1_profile.java
-rw-rw-r--   1 travis travis  3741 Jun  4 04:35 ModularCodeGen3_A1_B2.class
-rw-rw-r--   1 travis travis  9958 Jun  4 04:35 ModularCodeGen3_A1_B2.java
-rw-rw-r--   1 travis travis   880 Jun  4 04:35 ModularCodeGen3_A1_B2.mk
-rw-rw-r--   1 travis travis  1330 Jun  4 04:35 ModularCodeGen3_A1_B2_profile.class
-rw-rw-r--   1 travis travis  1274 Jun  4 04:34 ModularCodeGen3_A1_B2_profile.java
-rw-rw-r--   1 travis travis  4961 Jun  4 04:35 ModularCodeGen3_A1.class
-rw-rw-r--   1 travis travis 15564 Jun  4 04:35 ModularCodeGen3_A1.java
-rw-rw-r--   1 travis travis   856 Jun  4 04:35 ModularCodeGen3_A1.mk
-rw-rw-r--   1 travis travis  1445 Jun  4 04:35 ModularCodeGen3_A1_profile.class
-rw-rw-r--   1 travis travis  1716 Jun  4 04:35 ModularCodeGen3_A1_profile.java
-rw-rw-r--   1 travis travis  3887 Jun  4 04:35 ModularCodeGen3_A2_B1.class
-rw-rw-r--   1 travis travis 10955 Jun  4 04:35 ModularCodeGen3_A2_B1.java
-rw-rw-r--   1 travis travis   880 Jun  4 04:35 ModularCodeGen3_A2_B1.mk
-rw-rw-r--   1 travis travis  1393 Jun  4 04:35 ModularCodeGen3_A2_B1_profile.class
-rw-rw-r--   1 travis travis  1458 Jun  4 04:35 ModularCodeGen3_A2_B1_profile.java
-rw-rw-r--   1 travis travis  3741 Jun  4 04:35 ModularCodeGen3_A2_B2.class
-rw-rw-r--   1 travis travis  9958 Jun  4 04:35 ModularCodeGen3_A2_B2.java
-rw-rw-r--   1 travis travis   880 Jun  4 04:35 ModularCodeGen3_A2_B2.mk
-rw-rw-r--   1 travis travis  1330 Jun  4 04:35 ModularCodeGen3_A2_B2_profile.class
-rw-rw-r--   1 travis travis  1274 Jun  4 04:35 ModularCodeGen3_A2_B2_profile.java
-rw-rw-r--   1 travis travis  5038 Jun  4 04:35 ModularCodeGen3_A2.class
-rw-rw-r--   1 travis travis 15957 Jun  4 04:35 ModularCodeGen3_A2.java
-rw-rw-r--   1 travis travis   856 Jun  4 04:35 ModularCodeGen3_A2.mk
-rw-rw-r--   1 travis travis  1445 Jun  4 04:35 ModularCodeGen3_A2_profile.class
-rw-rw-r--   1 travis travis  1716 Jun  4 04:35 ModularCodeGen3_A2_profile.java
-rw-rw-r--   1 travis travis  3794 Jun  4 04:35 ModularCodeGen4_A1_B1.class
-rw-rw-r--   1 travis travis 10312 Jun  4 04:35 ModularCodeGen4_A1_B1.java
-rw-rw-r--   1 travis travis   880 Jun  4 04:35 ModularCodeGen4_A1_B1.mk
-rw-rw-r--   1 travis travis  1330 Jun  4 04:35 ModularCodeGen4_A1_B1_profile.class
-rw-rw-r--   1 travis travis  1273 Jun  4 04:35 ModularCodeGen4_A1_B1_profile.java
-rw-rw-r--   1 travis travis  3794 Jun  4 04:35 ModularCodeGen4_A1_B2.class
-rw-rw-r--   1 travis travis 10312 Jun  4 04:35 ModularCodeGen4_A1_B2.java
-rw-rw-r--   1 travis travis   880 Jun  4 04:35 ModularCodeGen4_A1_B2.mk
-rw-rw-r--   1 travis travis  1330 Jun  4 04:35 ModularCodeGen4_A1_B2_profile.class
-rw-rw-r--   1 travis travis  1273 Jun  4 04:35 ModularCodeGen4_A1_B2_profile.java
-rw-rw-r--   1 travis travis  5101 Jun  4 04:35 ModularCodeGen4_A1.class
-rw-rw-r--   1 travis travis 16245 Jun  4 04:35 ModularCodeGen4_A1.java
-rw-rw-r--   1 travis travis   856 Jun  4 04:35 ModularCodeGen4_A1.mk
-rw-rw-r--   1 travis travis  1445 Jun  4 04:35 ModularCodeGen4_A1_profile.class
-rw-rw-r--   1 travis travis  1712 Jun  4 04:35 ModularCodeGen4_A1_profile.java
-rw-rw-r--   1 travis travis  3988 Jun  4 04:35 ModularCodeGen4_A2_B1.class
-rw-rw-r--   1 travis travis 11375 Jun  4 04:35 ModularCodeGen4_A2_B1.java
-rw-rw-r--   1 travis travis   880 Jun  4 04:35 ModularCodeGen4_A2_B1.mk
-rw-rw-r--   1 travis travis  1393 Jun  4 04:35 ModularCodeGen4_A2_B1_profile.class
-rw-rw-r--   1 travis travis  1454 Jun  4 04:35 ModularCodeGen4_A2_B1_profile.java
-rw-rw-r--   1 travis travis  3842 Jun  4 04:35 ModularCodeGen4_A2_B2.class
-rw-rw-r--   1 travis travis 10378 Jun  4 04:35 ModularCodeGen4_A2_B2.java
-rw-rw-r--   1 travis travis   880 Jun  4 04:35 ModularCodeGen4_A2_B2.mk
-rw-rw-r--   1 travis travis  1330 Jun  4 04:35 ModularCodeGen4_A2_B2_profile.class
-rw-rw-r--   1 travis travis  1270 Jun  4 04:35 ModularCodeGen4_A2_B2_profile.java
-rw-rw-r--   1 travis travis  5274 Jun  4 04:35 ModularCodeGen4_A2.class
-rw-rw-r--   1 travis travis 16770 Jun  4 04:35 ModularCodeGen4_A2.java
-rw-rw-r--   1 travis travis   856 Jun  4 04:35 ModularCodeGen4_A2.mk
-rw-rw-r--   1 travis travis  1445 Jun  4 04:35 ModularCodeGen4_A2_profile.class
-rw-rw-r--   1 travis travis  1712 Jun  4 04:35 ModularCodeGen4_A2_profile.java
-rw-rw-r--   1 travis travis  1815 Jun  4 04:35 ModularCodeGen5_A_A_profile.java
-rw-rw-r--   1 travis travis  3954 Jun  4 04:34 ModularCodeGen_ModularCodeGenTypedCompositeActor.class
-rw-rw-r--   1 travis travis 10970 Jun  4 04:34 ModularCodeGen_ModularCodeGenTypedCompositeActor.java
-rw-rw-r--   1 travis travis  1096 Jun  4 04:34 ModularCodeGen_ModularCodeGenTypedCompositeActor.mk
-rw-rw-r--   1 travis travis  1384 Jun  4 04:34 ModularCodeGen_ModularCodeGenTypedCompositeActor_profile.class
-rw-rw-r--   1 travis travis  1328 Jun  4 04:34 ModularCodeGen_ModularCodeGenTypedCompositeActor_profile.java
-rw-rw-r--   1 travis travis  3492 Jun  4 04:34 ModularCodeGenTest_A1_A2.class
-rw-rw-r--   1 travis travis   904 Jun  4 04:34 ModularCodeGenTest_A1_A2.mk
-rw-rw-r--   1 travis travis  1306 Jun  4 04:34 ModularCodeGenTest_A1_A2_profile.class
-rw-rw-r--   1 travis travis  3823 Jun  4 04:34 ModularCodeGenTest_A1.class
-rw-rw-r--   1 travis travis  9968 Jun  4 04:34 ModularCodeGenTest_A1.java
-rw-rw-r--   1 travis travis   880 Jun  4 04:34 ModularCodeGenTest_A1.mk
-rw-rw-r--   1 travis travis  1352 Jun  4 04:34 ModularCodeGenTest_A1_profile.class
-rw-rw-r--   1 travis travis  1394 Jun  4 04:34 ModularCodeGenTest_A1_profile.java
drwxrwxr-x   3 travis travis 36864 Jun  4 04:34 modulation2
drwxrwxr-x   3 travis travis 20480 Jun  4 04:31 Multiplexor
drwxrwxr-x 242 travis travis 12288 Jun  4 04:34 node_modules
drwxrwxr-x   3 travis travis 20480 Jun  4 04:31 PhaseUnwrap
-rw-rw-r--   1 travis travis   520 Jun  4 04:34 Repeat$_fireFunction_Repeat_Repeat$__f_sL_0.class
-rw-rw-r--   1 travis travis   522 Jun  4 04:34 Repeat$_fireFunction_Repeat_Repeat$__f_sL_10.class
-rw-rw-r--   1 travis travis   666 Jun  4 04:34 Repeat$_fireFunction_Repeat_Repeat$__f_sL_11.class
-rw-rw-r--   1 travis travis   522 Jun  4 04:34 Repeat$_fireFunction_Repeat_Repeat$__f_sL_13.class
-rw-rw-r--   1 travis travis   665 Jun  4 04:34 Repeat$_fireFunction_Repeat_Repeat$__f_sL_1.class
-rw-rw-r--   1 travis travis   520 Jun  4 04:34 Repeat$_fireFunction_Repeat_Repeat$__f_sL_2.class
-rw-rw-r--   1 travis travis   520 Jun  4 04:34 Repeat$_fireFunction_Repeat_Repeat$__f_sL_3.class
-rw-rw-r--   1 travis travis   520 Jun  4 04:34 Repeat$_fireFunction_Repeat_Repeat$__f_sL_5.class
-rw-rw-r--   1 travis travis   671 Jun  4 04:34 Repeat$_fireFunction_Repeat_Repeat$__f_sL_7.class
-rw-rw-r--   1 travis travis   520 Jun  4 04:34 Repeat$_fireFunction_Repeat_Repeat$__f_sL_9.class
-rw-rw-r--   1 travis travis   813 Jun  4 04:34 Repeat$_initialize_Repeat.class
-rw-rw-r--   1 travis travis   475 Jun  4 04:34 Repeat$_initialize_Repeat$__i_sL_0.class
-rw-rw-r--   1 travis travis   519 Jun  4 04:34 Repeat$_initialize_Repeat$__i_sL_3.class
-rw-rw-r--   1 travis travis 39778 Jun  4 04:34 Repeat.java
-rw-rw-r--   1 travis travis  1281 Jun  4 04:34 Repeat.mk
-rw-rw-r--   1 travis travis   520 Jun  4 04:34 Repeat$_preinitializeMethod_Repeat$__p_sL_0.class
-rw-rw-r--   1 travis travis   520 Jun  4 04:34 Repeat$_preinitializeMethod_Repeat$__p_sL_1.class
-rw-rw-r--   1 travis travis  1083 Jun  4 04:34 Repeat$_Repeat$_fireFunction_Repeat_AddSubtract_Repeat.class
-rw-rw-r--   1 travis travis   791 Jun  4 04:34 Repeat$_Repeat$_fireFunction_Repeat_AddSubtract_Repeat$__f_sL_0.class
-rw-rw-r--   1 travis travis   909 Jun  4 04:34 Repeat$_Repeat$_fireFunction_Repeat_AddSubtract_Repeat$__f_sL_1.class
-rw-rw-r--   1 travis travis   915 Jun  4 04:34 Repeat$_Repeat$_fireFunction_Repeat_AddSubtract_Repeat$__f_sL_2.class
-rw-rw-r--   1 travis travis   838 Jun  4 04:34 Repeat$_Repeat$_fireFunction_Repeat_Ramp2_Repeat$__f_sL_1.class
-rw-rw-r--   1 travis travis  1785 Jun  4 04:34 Repeat$_Repeat$_fireFunction_Repeat_Test_Repeat$__f_sL_2.class
-rw-rw-r--   1 travis travis   685 Jun  4 04:34 Repeat$_Repeat_SDF_Director_run_Repeat$__R_sL_0.class
-rw-rw-r--   1 travis travis   540 Jun  4 04:34 Repeat$_Repeat_SDF_Director_run_Repeat$__R_sL_1.class
-rw-rw-r--   1 travis travis   540 Jun  4 04:34 Repeat$_Repeat_SDF_Director_run_Repeat$__R_sL_2.class
-rw-rw-r--   1 travis travis   540 Jun  4 04:34 Repeat$_Repeat_SDF_Director_run_Repeat$__R_sL_4.class
-rw-rw-r--   1 travis travis   540 Jun  4 04:34 Repeat$_Repeat_SDF_Director_run_Repeat$__R_sL_5.class
-rw-rw-r--   1 travis travis   691 Jun  4 04:34 Repeat$_Repeat_SDF_Director_run_Repeat$__R_sL_6.class
-rw-rw-r--   1 travis travis   540 Jun  4 04:34 Repeat$_Repeat_SDF_Director_run_Repeat$__R_sL_7.class
-rw-rw-r--   1 travis travis   863 Jun  4 04:34 Repeat$_varinit_Repeat.class
-rw-rw-r--   1 travis travis   530 Jun  4 04:34 Repeat$_varinit_Repeat$__v_sL_1.class
-rw-rw-r--   1 travis travis   531 Jun  4 04:34 Repeat$_varinit_Repeat$__v_sL_2.class
-rw-rw-r--   1 travis travis   905 Jun  4 04:34 Repeat$_varinit_Repeat$__v_sL_4.class
-rw-rw-r--   1 travis travis   635 Jun  4 04:34 Repeat$_wrapup_Repeat.class
-rw-rw-r--   1 travis travis   965 Jun  4 04:34 Repeat$_wrapup_Repeat$__w_sL_1.class
-rw-rw-r--   1 travis travis   289 Jun  4 04:29 result.csv
drwxrwxr-x   3 travis travis 12288 Jun  4 04:32 Scrambler1
drwxrwxr-x   3 travis travis 20480 Jun  4 04:31 Sinewave2
drwxrwxr-x   3 travis travis 69632 Jun  4 04:32 StringCompare
drwxrwxr-x   3 travis travis 32768 Jun  4 04:32 StringFunction
drwxrwxr-x   3 travis travis 12288 Jun  4 04:32 StringLength
drwxrwxr-x   3 travis travis 57344 Jun  4 04:33 StringSimpleReplace
drwxrwxr-x   3 travis travis 12288 Jun  4 04:33 time2
drwxrwxr-x   3 travis travis 12288 Jun  4 04:34 time5
-rw-rw-r--   1 travis travis   432 Jun  4 04:35 Token.class
-rw-rw-r--   1 travis travis   251 Jun  4 04:35 Token.java
-rw-rw-r--   1 travis travis     0 Jun  4 04:34 top.
-rw-rw-r--   1 travis travis 20502 Jun  4 04:29 top.c
-rw-rw-r--   1 travis travis  3567 Jun  4 04:34 top.class
-rw-rw-r--   1 travis travis   169 Jun  4 04:29 top.html
-rw-rw-r--   1 travis travis  7552 Jun  4 04:34 top.java
-rw-rw-r--   1 travis travis 38888 Jun  4 04:29 top.o
drwxrwxr-x   3 travis travis 57344 Jun  4 04:31 UnaryMathFunction
All Done
Writing ModularCodeGen5_A_A.java in file:/home/travis/cg/ (28721 characters)
Reading "ptolemy/cg/kernel/generic/program/procedural/java/modular/makefile.in",
    writing "/home/travis/cg/ModularCodeGen5_A_A.mk"
Using ptolemy/cg/kernel/generic/program/procedural/java/modular/makefile.in
In "/home/travis/cg", about to execute:
    make -f ModularCodeGen5_A_A.mk
javac -classpath ".:.."    ModularCodeGen5_A_A.java
All Done
In "/home/travis/cg", about to execute:
    pwd
In "/home/travis/cg", about to execute:
    ls -l
/home/travis/cg
In "/home/travis/cg", about to execute:
total 1788
drwxrwxr-x   3 travis travis 12288 Jun  4 04:30 AbsoluteValue
drwxrwxr-x   3 travis travis 16384 Jun  4 04:30 Case1
drwxrwxr-x   3 travis travis 32768 Jun  4 04:30 Case2
-rw-rw-r--   1 travis travis  4895 Jun  4 04:34 CompiledCompositeActor_CompiledCompositeActor.class
-rw-rw-r--   1 travis travis  1592 Jun  4 04:34 CompiledCompositeActor_CompiledCompositeActor$_CompiledCompositeActor_CompiledCompositeActor.class
-rw-rw-r--   1 travis travis 13466 Jun  4 04:34 CompiledCompositeActor_CompiledCompositeActor.java
-rw-rw-r--   1 travis travis  1593 Jun  4 04:34 CompiledCompositeActor_CompiledCompositeActor.mk
drwxrwxr-x   3 travis travis 24576 Jun  4 04:32 DeScrambler
drwxrwxr-x   3 travis travis 16384 Jun  4 04:33 DotProduct
drwxrwxr-x   3 travis travis 12288 Jun  4 04:30 FileWriter1
drwxrwxr-x   3 travis travis 20480 Jun  4 04:29 FixToDoubleAndBack
drwxrwxr-x   3 travis travis 16384 Jun  4 04:30 Gaussian1
drwxrwxr-x   3 travis travis 20480 Jun  4 04:30 Gaussian2
-rw-rw-r--   1 travis travis  4457 Jun  4 04:34 JavaCompiledCompositeTest1_CompiledCompositeActor.class
-rw-rw-r--   1 travis travis 11637 Jun  4 04:34 JavaCompiledCompositeTest1_CompiledCompositeActor.java
-rw-rw-r--   1 travis travis  1198 Jun  4 04:34 JavaCompiledCompositeTest1_CompiledCompositeActor$_JavaCompiledCompositeTest1_CompiledCompositeActor.class
-rw-rw-r--   1 travis travis  1625 Jun  4 04:34 JavaCompiledCompositeTest1_CompiledCompositeActor.mk
-rw-rw-r--   1 travis travis  4888 Jun  4 04:34 JavaCompiledCompositeTest2_CompiledCompositeActor.class
-rw-rw-r--   1 travis travis 14919 Jun  4 04:34 JavaCompiledCompositeTest2_CompiledCompositeActor.java
-rw-rw-r--   1 travis travis  1793 Jun  4 04:34 JavaCompiledCompositeTest2_CompiledCompositeActor$_JavaCompiledCompositeTest2_CompiledCompositeActor.class
    javac -classpath
.:/home/travis/build/icyphy/ptII:/home/travis/build/icyphy/ptII/lib/bsh-2.0b4.j
ar:/home/travis/build/icyphy/ptII/lib/ptCal.jar:/home/travis/build/icyphy/ptII/
lib/java_cup.jar:/home/travis/build/icyphy/ptII/lib/saxon8.jar:/home/travis/bui
ld/icyphy/ptII/lib/saxon8-dom.jar:/home/travis/build/icyphy/ptII/lib/chic.jar:/
home/travis/build/icyphy/ptII/lib/ptcolt.jar:/usr/lib/jvm/java-8-oracle/lib/too
ls.jar:/home/travis/build/icyphy/ptII/vendors/misc/itext/iText.jar:/home/travis
/build/icyphy/ptII/lib/g4ltl.jar:/home/travis/build/icyphy/ptII/lib/StructuralC
oder.jar:/home/travis/build/icyphy/ptII/vendors/jai-1_1_2_01/lib/jai_core.jar:/
home/travis/build/icyphy/ptII/vendors/jai-1_1_2_01/lib/jai_codec.jar:/home/trav
is/build/icyphy/ptII/lib/jcerti.jar:/home/travis/build/icyphy/ptII/lib/javax.ma
il.jar:/home/travis/build/icyphy/ptII/vendors/JMF-2.1.1e/lib/jmf.jar:/home/trav
is/build/icyphy/ptII/lib/jna-4.0.0-variadic.jar:/home/travis/build/icyphy/ptII/
vendors/misc/joystick/Joystick.jar:/home/travis/build/icyphy/ptII/lib/ptjacl.ja
r:/home/travis/build/icyphy/ptII/lib/jsoup-1.8.2.jar:/home/travis/build/icyphy/
ptII/lib/junit-4.8.2.jar:/home/travis/build/icyphy/ptII/lib/JUnitParams-0.4.0.j
ar:/home/travis/build/icyphy/ptII/ptolemy/actor/lib/excel/jxl.jar:/home/travis/
build/icyphy/ptII/lib/jython.jar:/home/travis/build/icyphy/ptII/lib/kieler.jar:
/home/travis/build/icyphy/ptII/vendors/opencv/share/OpenCV/java/opencv-341.jar:
/home/travis/build/icyphy/ptII/lib/oscP5.jar:/home/travis/build/icyphy/ptII/lib
/nrjavaserial-3.11.0.devel.jar:/home/travis/build/icyphy/ptII/vendors/j3d/lib/j
3dcore.jar:/home/travis/build/icyphy/ptII/vendors/j3d/lib/j3dutils.jar:/home/tr
avis/build/icyphy/ptII/vendors/j3d/lib/vecmath.jar:/home/travis/build/icyphy/pt
II/ptolemy/distributed/jini/jar/jini-core.jar:/home/travis/build/icyphy/ptII/pt
olemy/distributed/jini/jar/jini-ext.jar:/home/travis/build/icyphy/ptII/ptolemy/
distributed/jini/jar/sun-util.jar:/home/travis/build/icyphy/ptII/lib/protobuf-j
ava-2.4.1.jar:/home/travis/build/icyphy/ptII/lib/org.eclipse.paho.client.mqttv3
.jar:/home/travis/build/icyphy/ptII/lib/mapss.jar:/home/travis/build/icyphy/ptI
I/ptolemy/actor/ptalon/antlr/antlr.jar:/home/travis/build/icyphy/ptII/lib/JRI.j
ar:/home/travis/build/icyphy/ptII/lib/commons-lang-2.6.jar:/home/travis/build/i
cyphy/ptII/lib/commons-logging-1.1.1.jar:/home/travis/build/icyphy/ptII/lib/soo
tclasses.jar:/home/travis/build/icyphy/ptII/ptolemy/actor/lib/database/mysql-co
nnector-java-5.1.6-bin.jar:/home/travis/build/icyphy/ptII/vendors/misc/sphinx4/
sphinx4-data-5prealpha.jar:/home/travis/build/icyphy/ptII/vendors/misc/sphinx4/
sphinx4-core-5prealpha.jar:/home/travis/build/icyphy/ptII/lib/PDFRenderer.jar:/
home/travis/build/icyphy/ptII/lib/svgSalamander.jar:/home/travis/build/icyphy/p
tII/lib/rsyntaxtextarea-2.6.0-SNAPSHOT.jar:/home/travis/build/icyphy/ptII/lib/h
azelcast-3.8.2.jar:/home/travis/build/icyphy/ptII/lib/jackson-annotations-2.9.0
.jar:/home/travis/build/icyphy/ptII/lib/jackson-core-2.9.3.jar:/home/travis/bui
ld/icyphy/ptII/lib/jackson-databind-2.9.3.jar:/home/travis/build/icyphy/ptII/li
b/netty-buffer-4.1.19.Final.jar:/home/travis/build/icyphy/ptII/lib/netty-codec-
4.1.19.Final.jar:/home/travis/build/icyphy/ptII/lib/netty-codec-dns-4.1.19.Fina
l.jar:/home/travis/build/icyphy/ptII/lib/netty-codec-http-4.1.19.Final.jar:/hom
e/travis/build/icyphy/ptII/lib/netty-codec-http2-4.1.19.Final.jar:/home/travis/
build/icyphy/ptII/lib/netty-common-4.1.19.Final.jar:/home/travis/build/icyphy/p
tII/lib/netty-handler-4.1.19.Final.jar:/home/travis/build/icyphy/ptII/lib/netty
-resolver-4.1.19.Final.jar:/home/travis/build/icyphy/ptII/lib/netty-resolver-dn
s-4.1.19.Final.jar:/home/travis/build/icyphy/ptII/lib/netty-transport-4.1.19.Fi
nal.jar:/home/travis/build/icyphy/ptII/lib/vertx-codegen-3.5.1.jar:/home/travis
/build/icyphy/ptII/lib/vertx-core-3.5.2-SNAPSHOT.jar:/home/travis/build/icyphy/
ptII/lib/vertx-hazelcast-3.5.1.jar:/home/travis/build/icyphy/ptII/lib/vertx-lan
g-js-3.5.1.jar:/home/travis/build/icyphy/ptII/lib/vertx-service-proxy-3.5.1.jar
:/home/travis/build/icyphy/ptII/lib/vertx-web-3.5.1.jar:/home/travis/build/icyp
hy/ptII/lib/slf4j-api-1.7.13.jar:/home/travis/build/icyphy/ptII/lib/slf4j-simpl
e-1.7.13.jar:/home/travis/build/icyphy/ptII/lib/webcam-capture-0.3.12.jar:/home
/travis/build/icyphy/ptII/lib/bridj-0.7.0.jar:/home/travis/build/icyphy/ptII/li
b/xbjlib-1.1.0.nrjavaserial.jar:/home/travis/build/icyphy/ptII/ptolemy/moml/tes
t:/home/travis/build/icyphy/ptII/ant/lib/ant-launcher.jar:/home/travis/build/ic
yphy/ptII/ant/lib/ant.jar:/home/travis/build/icyphy/ptII/ant/lib/ant-junit.jar:
/home/travis/build/icyphy/ptII/ant/lib/ant-junit4.jar:/home/travis/build/icyphy
/ptII ModularCodeGen5_A_profile.java
-rw-rw-r--   1 travis travis  1625 Jun  4 04:34 JavaCompiledCompositeTest2_CompiledCompositeActor.mk
-rw-rw-r--   1 travis travis  4505 Jun  4 04:34 JavaCompiledCompositeTest3_CompiledCompositeActor.class
-rw-rw-r--   1 travis travis 13080 Jun  4 04:34 JavaCompiledCompositeTest3_CompiledCompositeActor.java
-rw-rw-r--   1 travis travis  1378 Jun  4 04:34 JavaCompiledCompositeTest3_CompiledCompositeActor$_JavaCompiledCompositeTest3_CompiledCompositeActor.class
-rw-rw-r--   1 travis travis  1625 Jun  4 04:34 JavaCompiledCompositeTest3_CompiledCompositeActor.mk
-rw-rw-r--   1 travis travis  3953 Jun  4 04:34 JavaCompiledCompositeTest4_CompiledCompositeActor.class
-rw-rw-r--   1 travis travis  9687 Jun  4 04:34 JavaCompiledCompositeTest4_CompiledCompositeActor.java
-rw-rw-r--   1 travis travis   857 Jun  4 04:34 JavaCompiledCompositeTest4_CompiledCompositeActor$_JavaCompiledCompositeTest4_CompiledCompositeActor.class
-rw-rw-r--   1 travis travis  1625 Jun  4 04:34 JavaCompiledCompositeTest4_CompiledCompositeActor.mk
drwxrwxr-x   3 travis travis 12288 Jun  4 04:30 LookupTable
drwxrwxr-x   3 travis travis 20480 Jun  4 04:31 MaxIndex
-rw-rw-r--   1 travis travis  3693 Jun  4 04:34 ModularCG_A1_B1.class
-rw-rw-r--   1 travis travis  9730 Jun  4 04:34 ModularCG_A1_B1.java
-rw-rw-r--   1 travis travis   832 Jun  4 04:34 ModularCG_A1_B1.mk
-rw-rw-r--   1 travis travis  1318 Jun  4 04:34 ModularCG_A1_B1_profile.class
-rw-rw-r--   1 travis travis  1262 Jun  4 04:34 ModularCG_A1_B1_profile.java
-rw-rw-r--   1 travis travis  3693 Jun  4 04:34 ModularCG_A1_B2.class
-rw-rw-r--   1 travis travis  9730 Jun  4 04:34 ModularCG_A1_B2.java
-rw-rw-r--   1 travis travis   832 Jun  4 04:34 ModularCG_A1_B2.mk
-rw-rw-r--   1 travis travis  1318 Jun  4 04:34 ModularCG_A1_B2_profile.class
-rw-rw-r--   1 travis travis  1262 Jun  4 04:34 ModularCG_A1_B2_profile.java
-rw-rw-r--   1 travis travis  4799 Jun  4 04:34 ModularCG_A1.class
-rw-rw-r--   1 travis travis 14742 Jun  4 04:34 ModularCG_A1.java
-rw-rw-r--   1 travis travis   808 Jun  4 04:34 ModularCG_A1.mk
-rw-rw-r--   1 travis travis  1433 Jun  4 04:34 ModularCG_A1_profile.class
-rw-rw-r--   1 travis travis  1704 Jun  4 04:34 ModularCG_A1_profile.java
-rw-rw-r--   1 travis travis  3827 Jun  4 04:34 ModularCG_A2_B1.class
-rw-rw-r--   1 travis travis 10667 Jun  4 04:34 ModularCG_A2_B1.java
-rw-rw-r--   1 travis travis   832 Jun  4 04:34 ModularCG_A2_B1.mk
-rw-rw-r--   1 travis travis  1381 Jun  4 04:34 ModularCG_A2_B1_profile.class
-rw-rw-r--   1 travis travis  1446 Jun  4 04:34 ModularCG_A2_B1_profile.java
-rw-rw-r--   1 travis travis  3693 Jun  4 04:34 ModularCG_A2_B2.class
-rw-rw-r--   1 travis travis  9730 Jun  4 04:34 ModularCG_A2_B2.java
-rw-rw-r--   1 travis travis   832 Jun  4 04:34 ModularCG_A2_B2.mk
-rw-rw-r--   1 travis travis  1318 Jun  4 04:34 ModularCG_A2_B2_profile.class
-rw-rw-r--   1 travis travis  1262 Jun  4 04:34 ModularCG_A2_B2_profile.java
-rw-rw-r--   1 travis travis  4870 Jun  4 04:34 ModularCG_A2.class
-rw-rw-r--   1 travis travis 15129 Jun  4 04:34 ModularCG_A2.java
-rw-rw-r--   1 travis travis   808 Jun  4 04:34 ModularCG_A2.mk
-rw-rw-r--   1 travis travis  1433 Jun  4 04:34 ModularCG_A2_profile.class
-rw-rw-r--   1 travis travis  1704 Jun  4 04:34 ModularCG_A2_profile.java
-rw-rw-r--   1 travis travis  3473 Jun  4 04:34 ModularCGPubSub_A1_A2.class
-rw-rw-r--   1 travis travis  9076 Jun  4 04:34 ModularCGPubSub_A1_A2.java
-rw-rw-r--   1 travis travis   880 Jun  4 04:34 ModularCGPubSub_A1_A2.mk
-rw-rw-r--   1 travis travis  1300 Jun  4 04:34 ModularCGPubSub_A1_A2_profile.class
-rw-rw-r--   1 travis travis  1222 Jun  4 04:34 ModularCGPubSub_A1_A2_profile.java
-rw-rw-r--   1 travis travis  3790 Jun  4 04:34 ModularCGPubSub_A1.class
-rw-rw-r--   1 travis travis  9836 Jun  4 04:34 ModularCGPubSub_A1.java
-rw-rw-r--   1 travis travis   856 Jun  4 04:34 ModularCGPubSub_A1.mk
-rw-rw-r--   1 travis travis  1346 Jun  4 04:34 ModularCGPubSub_A1_profile.class
-rw-rw-r--   1 travis travis  1388 Jun  4 04:34 ModularCGPubSub_A1_profile.java
-rw-rw-r--   1 travis travis  3988 Jun  4 04:34 ModularCodeGen2_ModularCodeGenTypedCompositeActor.class
-rw-rw-r--   1 travis travis 11690 Jun  4 04:34 ModularCodeGen2_ModularCodeGenTypedCompositeActor.java
-rw-rw-r--   1 travis travis  1104 Jun  4 04:34 ModularCodeGen2_ModularCodeGenTypedCompositeActor.mk
-rw-rw-r--   1 travis travis  4272 Jun  4 04:34 ModularCodeGen2_ModularCodeGenTypedCompositeActor_ModularCodeGenTypedCompositeActor.class
-rw-rw-r--   1 travis travis 11790 Jun  4 04:34 ModularCodeGen2_ModularCodeGenTypedCompositeActor_ModularCodeGenTypedCompositeActor.java
-rw-rw-r--   1 travis travis  1376 Jun  4 04:34 ModularCodeGen2_ModularCodeGenTypedCompositeActor_ModularCodeGenTypedCompositeActor.mk
-rw-rw-r--   1 travis travis  1421 Jun  4 04:34 ModularCodeGen2_ModularCodeGenTypedCompositeActor_ModularCodeGenTypedCompositeActor_profile.class
-rw-rw-r--   1 travis travis  1294 Jun  4 04:34 ModularCodeGen2_ModularCodeGenTypedCompositeActor_ModularCodeGenTypedCompositeActor_profile.java
-rw-rw-r--   1 travis travis   820 Jun  4 04:34 ModularCodeGen2_ModularCodeGenTypedCompositeActor_profile.class
-rw-rw-r--   1 travis travis   693 Jun  4 04:34 ModularCodeGen2_ModularCodeGenTypedCompositeActor_profile.java
-rw-rw-r--   1 travis travis  3741 Jun  4 04:34 ModularCodeGen3_A1_B1.class
-rw-rw-r--   1 travis travis  9958 Jun  4 04:34 ModularCodeGen3_A1_B1.java
-rw-rw-r--   1 travis travis   880 Jun  4 04:34 ModularCodeGen3_A1_B1.mk
-rw-rw-r--   1 travis travis  1330 Jun  4 04:34 ModularCodeGen3_A1_B1_profile.class
-rw-rw-r--   1 travis travis  1274 Jun  4 04:34 ModularCodeGen3_A1_B1_profile.java
-rw-rw-r--   1 travis travis  3741 Jun  4 04:35 ModularCodeGen3_A1_B2.class
-rw-rw-r--   1 travis travis  9958 Jun  4 04:35 ModularCodeGen3_A1_B2.java
-rw-rw-r--   1 travis travis   880 Jun  4 04:35 ModularCodeGen3_A1_B2.mk
-rw-rw-r--   1 travis travis  1330 Jun  4 04:35 ModularCodeGen3_A1_B2_profile.class
-rw-rw-r--   1 travis travis  1274 Jun  4 04:34 ModularCodeGen3_A1_B2_profile.java
-rw-rw-r--   1 travis travis  4961 Jun  4 04:35 ModularCodeGen3_A1.class
-rw-rw-r--   1 travis travis 15564 Jun  4 04:35 ModularCodeGen3_A1.java
-rw-rw-r--   1 travis travis   856 Jun  4 04:35 ModularCodeGen3_A1.mk
-rw-rw-r--   1 travis travis  1445 Jun  4 04:35 ModularCodeGen3_A1_profile.class
-rw-rw-r--   1 travis travis  1716 Jun  4 04:35 ModularCodeGen3_A1_profile.java
-rw-rw-r--   1 travis travis  3887 Jun  4 04:35 ModularCodeGen3_A2_B1.class
-rw-rw-r--   1 travis travis 10955 Jun  4 04:35 ModularCodeGen3_A2_B1.java
-rw-rw-r--   1 travis travis   880 Jun  4 04:35 ModularCodeGen3_A2_B1.mk
-rw-rw-r--   1 travis travis  1393 Jun  4 04:35 ModularCodeGen3_A2_B1_profile.class
-rw-rw-r--   1 travis travis  1458 Jun  4 04:35 ModularCodeGen3_A2_B1_profile.java
-rw-rw-r--   1 travis travis  3741 Jun  4 04:35 ModularCodeGen3_A2_B2.class
-rw-rw-r--   1 travis travis  9958 Jun  4 04:35 ModularCodeGen3_A2_B2.java
-rw-rw-r--   1 travis travis   880 Jun  4 04:35 ModularCodeGen3_A2_B2.mk
-rw-rw-r--   1 travis travis  1330 Jun  4 04:35 ModularCodeGen3_A2_B2_profile.class
-rw-rw-r--   1 travis travis  1274 Jun  4 04:35 ModularCodeGen3_A2_B2_profile.java
-rw-rw-r--   1 travis travis  5038 Jun  4 04:35 ModularCodeGen3_A2.class
-rw-rw-r--   1 travis travis 15957 Jun  4 04:35 ModularCodeGen3_A2.java
-rw-rw-r--   1 travis travis   856 Jun  4 04:35 ModularCodeGen3_A2.mk
-rw-rw-r--   1 travis travis  1445 Jun  4 04:35 ModularCodeGen3_A2_profile.class
-rw-rw-r--   1 travis travis  1716 Jun  4 04:35 ModularCodeGen3_A2_profile.java
-rw-rw-r--   1 travis travis  3794 Jun  4 04:35 ModularCodeGen4_A1_B1.class
-rw-rw-r--   1 travis travis 10312 Jun  4 04:35 ModularCodeGen4_A1_B1.java
-rw-rw-r--   1 travis travis   880 Jun  4 04:35 ModularCodeGen4_A1_B1.mk
-rw-rw-r--   1 travis travis  1330 Jun  4 04:35 ModularCodeGen4_A1_B1_profile.class
-rw-rw-r--   1 travis travis  1273 Jun  4 04:35 ModularCodeGen4_A1_B1_profile.java
-rw-rw-r--   1 travis travis  3794 Jun  4 04:35 ModularCodeGen4_A1_B2.class
-rw-rw-r--   1 travis travis 10312 Jun  4 04:35 ModularCodeGen4_A1_B2.java
-rw-rw-r--   1 travis travis   880 Jun  4 04:35 ModularCodeGen4_A1_B2.mk
-rw-rw-r--   1 travis travis  1330 Jun  4 04:35 ModularCodeGen4_A1_B2_profile.class
-rw-rw-r--   1 travis travis  1273 Jun  4 04:35 ModularCodeGen4_A1_B2_profile.java
-rw-rw-r--   1 travis travis  5101 Jun  4 04:35 ModularCodeGen4_A1.class
-rw-rw-r--   1 travis travis 16245 Jun  4 04:35 ModularCodeGen4_A1.java
-rw-rw-r--   1 travis travis   856 Jun  4 04:35 ModularCodeGen4_A1.mk
-rw-rw-r--   1 travis travis  1445 Jun  4 04:35 ModularCodeGen4_A1_profile.class
-rw-rw-r--   1 travis travis  1712 Jun  4 04:35 ModularCodeGen4_A1_profile.java
-rw-rw-r--   1 travis travis  3988 Jun  4 04:35 ModularCodeGen4_A2_B1.class
-rw-rw-r--   1 travis travis 11375 Jun  4 04:35 ModularCodeGen4_A2_B1.java
-rw-rw-r--   1 travis travis   880 Jun  4 04:35 ModularCodeGen4_A2_B1.mk
-rw-rw-r--   1 travis travis  1393 Jun  4 04:35 ModularCodeGen4_A2_B1_profile.class
-rw-rw-r--   1 travis travis  1454 Jun  4 04:35 ModularCodeGen4_A2_B1_profile.java
-rw-rw-r--   1 travis travis  3842 Jun  4 04:35 ModularCodeGen4_A2_B2.class
-rw-rw-r--   1 travis travis 10378 Jun  4 04:35 ModularCodeGen4_A2_B2.java
-rw-rw-r--   1 travis travis   880 Jun  4 04:35 ModularCodeGen4_A2_B2.mk
-rw-rw-r--   1 travis travis  1330 Jun  4 04:35 ModularCodeGen4_A2_B2_profile.class
-rw-rw-r--   1 travis travis  1270 Jun  4 04:35 ModularCodeGen4_A2_B2_profile.java
-rw-rw-r--   1 travis travis  5274 Jun  4 04:35 ModularCodeGen4_A2.class
-rw-rw-r--   1 travis travis 16770 Jun  4 04:35 ModularCodeGen4_A2.java
-rw-rw-r--   1 travis travis   856 Jun  4 04:35 ModularCodeGen4_A2.mk
-rw-rw-r--   1 travis travis  1445 Jun  4 04:35 ModularCodeGen4_A2_profile.class
-rw-rw-r--   1 travis travis  1712 Jun  4 04:35 ModularCodeGen4_A2_profile.java
-rw-rw-r--   1 travis travis  6838 Jun  4 04:35 ModularCodeGen5_A_A.class
-rw-rw-r--   1 travis travis 28721 Jun  4 04:35 ModularCodeGen5_A_A.java
-rw-rw-r--   1 travis travis   864 Jun  4 04:35 ModularCodeGen5_A_A.mk
-rw-rw-r--   1 travis travis  1520 Jun  4 04:35 ModularCodeGen5_A_A_profile.class
-rw-rw-r--   1 travis travis  1815 Jun  4 04:35 ModularCodeGen5_A_A_profile.java
-rw-rw-r--   1 travis travis  1605 Jun  4 04:35 ModularCodeGen5_A_profile.java
-rw-rw-r--   1 travis travis  3954 Jun  4 04:34 ModularCodeGen_ModularCodeGenTypedCompositeActor.class
-rw-rw-r--   1 travis travis 10970 Jun  4 04:34 ModularCodeGen_ModularCodeGenTypedCompositeActor.java
-rw-rw-r--   1 travis travis  1096 Jun  4 04:34 ModularCodeGen_ModularCodeGenTypedCompositeActor.mk
-rw-rw-r--   1 travis travis  1384 Jun  4 04:34 ModularCodeGen_ModularCodeGenTypedCompositeActor_profile.class
-rw-rw-r--   1 travis travis  1328 Jun  4 04:34 ModularCodeGen_ModularCodeGenTypedCompositeActor_profile.java
-rw-rw-r--   1 travis travis  3492 Jun  4 04:34 ModularCodeGenTest_A1_A2.class
-rw-rw-r--   1 travis travis   904 Jun  4 04:34 ModularCodeGenTest_A1_A2.mk
-rw-rw-r--   1 travis travis  1306 Jun  4 04:34 ModularCodeGenTest_A1_A2_profile.class
-rw-rw-r--   1 travis travis  3823 Jun  4 04:34 ModularCodeGenTest_A1.class
-rw-rw-r--   1 travis travis  9968 Jun  4 04:34 ModularCodeGenTest_A1.java
-rw-rw-r--   1 travis travis   880 Jun  4 04:34 ModularCodeGenTest_A1.mk
-rw-rw-r--   1 travis travis  1352 Jun  4 04:34 ModularCodeGenTest_A1_profile.class
-rw-rw-r--   1 travis travis  1394 Jun  4 04:34 ModularCodeGenTest_A1_profile.java
drwxrwxr-x   3 travis travis 36864 Jun  4 04:34 modulation2
drwxrwxr-x   3 travis travis 20480 Jun  4 04:31 Multiplexor
drwxrwxr-x 242 travis travis 12288 Jun  4 04:34 node_modules
drwxrwxr-x   3 travis travis 20480 Jun  4 04:31 PhaseUnwrap
-rw-rw-r--   1 travis travis   520 Jun  4 04:34 Repeat$_fireFunction_Repeat_Repeat$__f_sL_0.class
-rw-rw-r--   1 travis travis   522 Jun  4 04:34 Repeat$_fireFunction_Repeat_Repeat$__f_sL_10.class
-rw-rw-r--   1 travis travis   666 Jun  4 04:34 Repeat$_fireFunction_Repeat_Repeat$__f_sL_11.class
-rw-rw-r--   1 travis travis   522 Jun  4 04:34 Repeat$_fireFunction_Repeat_Repeat$__f_sL_13.class
-rw-rw-r--   1 travis travis   665 Jun  4 04:34 Repeat$_fireFunction_Repeat_Repeat$__f_sL_1.class
-rw-rw-r--   1 travis travis   520 Jun  4 04:34 Repeat$_fireFunction_Repeat_Repeat$__f_sL_2.class
-rw-rw-r--   1 travis travis   520 Jun  4 04:34 Repeat$_fireFunction_Repeat_Repeat$__f_sL_3.class
-rw-rw-r--   1 travis travis   520 Jun  4 04:34 Repeat$_fireFunction_Repeat_Repeat$__f_sL_5.class
-rw-rw-r--   1 travis travis   671 Jun  4 04:34 Repeat$_fireFunction_Repeat_Repeat$__f_sL_7.class
-rw-rw-r--   1 travis travis   520 Jun  4 04:34 Repeat$_fireFunction_Repeat_Repeat$__f_sL_9.class
-rw-rw-r--   1 travis travis   813 Jun  4 04:34 Repeat$_initialize_Repeat.class
-rw-rw-r--   1 travis travis   475 Jun  4 04:34 Repeat$_initialize_Repeat$__i_sL_0.class
-rw-rw-r--   1 travis travis   519 Jun  4 04:34 Repeat$_initialize_Repeat$__i_sL_3.class
-rw-rw-r--   1 travis travis 39778 Jun  4 04:34 Repeat.java
-rw-rw-r--   1 travis travis  1281 Jun  4 04:34 Repeat.mk
-rw-rw-r--   1 travis travis   520 Jun  4 04:34 Repeat$_preinitializeMethod_Repeat$__p_sL_0.class
-rw-rw-r--   1 travis travis   520 Jun  4 04:34 Repeat$_preinitializeMethod_Repeat$__p_sL_1.class
-rw-rw-r--   1 travis travis  1083 Jun  4 04:34 Repeat$_Repeat$_fireFunction_Repeat_AddSubtract_Repeat.class
-rw-rw-r--   1 travis travis   791 Jun  4 04:34 Repeat$_Repeat$_fireFunction_Repeat_AddSubtract_Repeat$__f_sL_0.class
-rw-rw-r--   1 travis travis   909 Jun  4 04:34 Repeat$_Repeat$_fireFunction_Repeat_AddSubtract_Repeat$__f_sL_1.class
-rw-rw-r--   1 travis travis   915 Jun  4 04:34 Repeat$_Repeat$_fireFunction_Repeat_AddSubtract_Repeat$__f_sL_2.class
-rw-rw-r--   1 travis travis   838 Jun  4 04:34 Repeat$_Repeat$_fireFunction_Repeat_Ramp2_Repeat$__f_sL_1.class
-rw-rw-r--   1 travis travis  1785 Jun  4 04:34 Repeat$_Repeat$_fireFunction_Repeat_Test_Repeat$__f_sL_2.class
-rw-rw-r--   1 travis travis   685 Jun  4 04:34 Repeat$_Repeat_SDF_Director_run_Repeat$__R_sL_0.class
-rw-rw-r--   1 travis travis   540 Jun  4 04:34 Repeat$_Repeat_SDF_Director_run_Repeat$__R_sL_1.class
-rw-rw-r--   1 travis travis   540 Jun  4 04:34 Repeat$_Repeat_SDF_Director_run_Repeat$__R_sL_2.class
-rw-rw-r--   1 travis travis   540 Jun  4 04:34 Repeat$_Repeat_SDF_Director_run_Repeat$__R_sL_4.class
-rw-rw-r--   1 travis travis   540 Jun  4 04:34 Repeat$_Repeat_SDF_Director_run_Repeat$__R_sL_5.class
-rw-rw-r--   1 travis travis   691 Jun  4 04:34 Repeat$_Repeat_SDF_Director_run_Repeat$__R_sL_6.class
-rw-rw-r--   1 travis travis   540 Jun  4 04:34 Repeat$_Repeat_SDF_Director_run_Repeat$__R_sL_7.class
-rw-rw-r--   1 travis travis   863 Jun  4 04:34 Repeat$_varinit_Repeat.class
-rw-rw-r--   1 travis travis   530 Jun  4 04:34 Repeat$_varinit_Repeat$__v_sL_1.class
-rw-rw-r--   1 travis travis   531 Jun  4 04:34 Repeat$_varinit_Repeat$__v_sL_2.class
-rw-rw-r--   1 travis travis   905 Jun  4 04:34 Repeat$_varinit_Repeat$__v_sL_4.class
-rw-rw-r--   1 travis travis   635 Jun  4 04:34 Repeat$_wrapup_Repeat.class
-rw-rw-r--   1 travis travis   965 Jun  4 04:34 Repeat$_wrapup_Repeat$__w_sL_1.class
-rw-rw-r--   1 travis travis   289 Jun  4 04:29 result.csv
drwxrwxr-x   3 travis travis 12288 Jun  4 04:32 Scrambler1
drwxrwxr-x   3 travis travis 20480 Jun  4 04:31 Sinewave2
drwxrwxr-x   3 travis travis 69632 Jun  4 04:32 StringCompare
drwxrwxr-x   3 travis travis 32768 Jun  4 04:32 StringFunction
drwxrwxr-x   3 travis travis 12288 Jun  4 04:32 StringLength
drwxrwxr-x   3 travis travis 57344 Jun  4 04:33 StringSimpleReplace
drwxrwxr-x   3 travis travis 12288 Jun  4 04:33 time2
drwxrwxr-x   3 travis travis 12288 Jun  4 04:34 time5
-rw-rw-r--   1 travis travis   432 Jun  4 04:35 Token.class
-rw-rw-r--   1 travis travis   251 Jun  4 04:35 Token.java
-rw-rw-r--   1 travis travis     0 Jun  4 04:34 top.
-rw-rw-r--   1 travis travis 20502 Jun  4 04:29 top.c
-rw-rw-r--   1 travis travis  3567 Jun  4 04:34 top.class
-rw-rw-r--   1 travis travis   169 Jun  4 04:29 top.html
-rw-rw-r--   1 travis travis  7552 Jun  4 04:34 top.java
-rw-rw-r--   1 travis travis 38888 Jun  4 04:29 top.o
drwxrwxr-x   3 travis travis 57344 Jun  4 04:31 UnaryMathFunction
All Done
Writing ModularCodeGen5_A.java in file:/home/travis/cg/ (13769 characters)
Reading "ptolemy/cg/kernel/generic/program/procedural/java/modular/makefile.in",
    writing "/home/travis/cg/ModularCodeGen5_A.mk"
Using ptolemy/cg/kernel/generic/program/procedural/java/modular/makefile.in
In "/home/travis/cg", about to execute:
    make -f ModularCodeGen5_A.mk
javac -classpath ".:.."    ModularCodeGen5_A.java
All Done
4281 ms. Memory: 250880K Free: 149363K (60%)
----------------- Invoking toplevel() on ptolemy.moml.MoMLSimpleApplication@615b8eef
----------------- Done invoking toplevel() on ptolemy.moml.MoMLSimpleApplication@615b8eef
reloadAllAccessors: .ModularCodeGen5

===========================================================================================
----------------- testing Tue Jun 04 04:35:26 UTC 2019 /home/travis/build/icyphy/ptII/ptolemy/cg/lib/test/auto/ModularCodeGen6.xml
----------------- Instantiating /home/travis/build/icyphy/ptII/ptolemy/cg/lib/test/auto/ModularCodeGen6.xml
In "/home/travis/cg", about to execute:
    pwd
In "/home/travis/cg", about to execute:
    ls -l
/home/travis/cg
In "/home/travis/cg", about to execute:
    javac -classpath
.:/home/travis/build/icyphy/ptII:/home/travis/build/icyphy/ptII/lib/bsh-2.0b4.j
ar:/home/travis/build/icyphy/ptII/lib/ptCal.jar:/home/travis/build/icyphy/ptII/
lib/java_cup.jar:/home/travis/build/icyphy/ptII/lib/saxon8.jar:/home/travis/bui
ld/icyphy/ptII/lib/saxon8-dom.jar:/home/travis/build/icyphy/ptII/lib/chic.jar:/
home/travis/build/icyphy/ptII/lib/ptcolt.jar:/usr/lib/jvm/java-8-oracle/lib/too
ls.jar:/home/travis/build/icyphy/ptII/vendors/misc/itext/iText.jar:/home/travis
/build/icyphy/ptII/lib/g4ltl.jar:/home/travis/build/icyphy/ptII/lib/StructuralC
oder.jar:/home/travis/build/icyphy/ptII/vendors/jai-1_1_2_01/lib/jai_core.jar:/
home/travis/build/icyphy/ptII/vendors/jai-1_1_2_01/lib/jai_codec.jar:/home/trav
is/build/icyphy/ptII/lib/jcerti.jar:/home/travis/build/icyphy/ptII/lib/javax.ma
il.jar:/home/travis/build/icyphy/ptII/vendors/JMF-2.1.1e/lib/jmf.jar:/home/trav
is/build/icyphy/ptII/lib/jna-4.0.0-variadic.jar:/home/travis/build/icyphy/ptII/
vendors/misc/joystick/Joystick.jar:/home/travis/build/icyphy/ptII/lib/ptjacl.ja
r:/home/travis/build/icyphy/ptII/lib/jsoup-1.8.2.jar:/home/travis/build/icyphy/
ptII/lib/junit-4.8.2.jar:/home/travis/build/icyphy/ptII/lib/JUnitParams-0.4.0.j
ar:/home/travis/build/icyphy/ptII/ptolemy/actor/lib/excel/jxl.jar:/home/travis/
build/icyphy/ptII/lib/jython.jar:/home/travis/build/icyphy/ptII/lib/kieler.jar:
/home/travis/build/icyphy/ptII/vendors/opencv/share/OpenCV/java/opencv-341.jar:
/home/travis/build/icyphy/ptII/lib/oscP5.jar:/home/travis/build/icyphy/ptII/lib
/nrjavaserial-3.11.0.devel.jar:/home/travis/build/icyphy/ptII/vendors/j3d/lib/j
3dcore.jar:/home/travis/build/icyphy/ptII/vendors/j3d/lib/j3dutils.jar:/home/tr
avis/build/icyphy/ptII/vendors/j3d/lib/vecmath.jar:/home/travis/build/icyphy/pt
II/ptolemy/distributed/jini/jar/jini-core.jar:/home/travis/build/icyphy/ptII/pt
olemy/distributed/jini/jar/jini-ext.jar:/home/travis/build/icyphy/ptII/ptolemy/
distributed/jini/jar/sun-util.jar:/home/travis/build/icyphy/ptII/lib/protobuf-j
ava-2.4.1.jar:/home/travis/build/icyphy/ptII/lib/org.eclipse.paho.client.mqttv3
.jar:/home/travis/build/icyphy/ptII/lib/mapss.jar:/home/travis/build/icyphy/ptI
I/ptolemy/actor/ptalon/antlr/antlr.jar:/home/travis/build/icyphy/ptII/lib/JRI.j
ar:/home/travis/build/icyphy/ptII/lib/commons-lang-2.6.jar:/home/travis/build/i
cyphy/ptII/lib/commons-logging-1.1.1.jar:/home/travis/build/icyphy/ptII/lib/soo
tclasses.jar:/home/travis/build/icyphy/ptII/ptolemy/actor/lib/database/mysql-co
nnector-java-5.1.6-bin.jar:/home/travis/build/icyphy/ptII/vendors/misc/sphinx4/
sphinx4-data-5prealpha.jar:/home/travis/build/icyphy/ptII/vendors/misc/sphinx4/
sphinx4-core-5prealpha.jar:/home/travis/build/icyphy/ptII/lib/PDFRenderer.jar:/
home/travis/build/icyphy/ptII/lib/svgSalamander.jar:/home/travis/build/icyphy/p
tII/lib/rsyntaxtextarea-2.6.0-SNAPSHOT.jar:/home/travis/build/icyphy/ptII/lib/h
azelcast-3.8.2.jar:/home/travis/build/icyphy/ptII/lib/jackson-annotations-2.9.0
.jar:/home/travis/build/icyphy/ptII/lib/jackson-core-2.9.3.jar:/home/travis/bui
ld/icyphy/ptII/lib/jackson-databind-2.9.3.jar:/home/travis/build/icyphy/ptII/li
b/netty-buffer-4.1.19.Final.jar:/home/travis/build/icyphy/ptII/lib/netty-codec-
4.1.19.Final.jar:/home/travis/build/icyphy/ptII/lib/netty-codec-dns-4.1.19.Fina
l.jar:/home/travis/build/icyphy/ptII/lib/netty-codec-http-4.1.19.Final.jar:/hom
e/travis/build/icyphy/ptII/lib/netty-codec-http2-4.1.19.Final.jar:/home/travis/
build/icyphy/ptII/lib/netty-common-4.1.19.Final.jar:/home/travis/build/icyphy/p
tII/lib/netty-handler-4.1.19.Final.jar:/home/travis/build/icyphy/ptII/lib/netty
-resolver-4.1.19.Final.jar:/home/travis/build/icyphy/ptII/lib/netty-resolver-dn
s-4.1.19.Final.jar:/home/travis/build/icyphy/ptII/lib/netty-transport-4.1.19.Fi
nal.jar:/home/travis/build/icyphy/ptII/lib/vertx-codegen-3.5.1.jar:/home/travis
/build/icyphy/ptII/lib/vertx-core-3.5.2-SNAPSHOT.jar:/home/travis/build/icyphy/
ptII/lib/vertx-hazelcast-3.5.1.jar:/home/travis/build/icyphy/ptII/lib/vertx-lan
g-js-3.5.1.jar:/home/travis/build/icyphy/ptII/lib/vertx-service-proxy-3.5.1.jar
:/home/travis/build/icyphy/ptII/lib/vertx-web-3.5.1.jar:/home/travis/build/icyp
hy/ptII/lib/slf4j-api-1.7.13.jar:/home/travis/build/icyphy/ptII/lib/slf4j-simpl
e-1.7.13.jar:/home/travis/build/icyphy/ptII/lib/webcam-capture-0.3.12.jar:/home
/travis/build/icyphy/ptII/lib/bridj-0.7.0.jar:/home/travis/build/icyphy/ptII/li
b/xbjlib-1.1.0.nrjavaserial.jar:/home/travis/build/icyphy/ptII/ptolemy/moml/tes
t:/home/travis/build/icyphy/ptII/ant/lib/ant-launcher.jar:/home/travis/build/ic
yphy/ptII/ant/lib/ant.jar:/home/travis/build/icyphy/ptII/ant/lib/ant-junit.jar:
/home/travis/build/icyphy/ptII/ant/lib/ant-junit4.jar:/home/travis/build/icyphy
/ptII ModularCodeGen6_A_A_profile.java
total 1824
drwxrwxr-x   3 travis travis 12288 Jun  4 04:30 AbsoluteValue
drwxrwxr-x   3 travis travis 16384 Jun  4 04:30 Case1
drwxrwxr-x   3 travis travis 32768 Jun  4 04:30 Case2
-rw-rw-r--   1 travis travis  4895 Jun  4 04:34 CompiledCompositeActor_CompiledCompositeActor.class
-rw-rw-r--   1 travis travis  1592 Jun  4 04:34 CompiledCompositeActor_CompiledCompositeActor$_CompiledCompositeActor_CompiledCompositeActor.class
-rw-rw-r--   1 travis travis 13466 Jun  4 04:34 CompiledCompositeActor_CompiledCompositeActor.java
-rw-rw-r--   1 travis travis  1593 Jun  4 04:34 CompiledCompositeActor_CompiledCompositeActor.mk
drwxrwxr-x   3 travis travis 24576 Jun  4 04:32 DeScrambler
drwxrwxr-x   3 travis travis 16384 Jun  4 04:33 DotProduct
drwxrwxr-x   3 travis travis 12288 Jun  4 04:30 FileWriter1
drwxrwxr-x   3 travis travis 20480 Jun  4 04:29 FixToDoubleAndBack
drwxrwxr-x   3 travis travis 16384 Jun  4 04:30 Gaussian1
drwxrwxr-x   3 travis travis 20480 Jun  4 04:30 Gaussian2
-rw-rw-r--   1 travis travis  4457 Jun  4 04:34 JavaCompiledCompositeTest1_CompiledCompositeActor.class
-rw-rw-r--   1 travis travis 11637 Jun  4 04:34 JavaCompiledCompositeTest1_CompiledCompositeActor.java
-rw-rw-r--   1 travis travis  1198 Jun  4 04:34 JavaCompiledCompositeTest1_CompiledCompositeActor$_JavaCompiledCompositeTest1_CompiledCompositeActor.class
-rw-rw-r--   1 travis travis  1625 Jun  4 04:34 JavaCompiledCompositeTest1_CompiledCompositeActor.mk
-rw-rw-r--   1 travis travis  4888 Jun  4 04:34 JavaCompiledCompositeTest2_CompiledCompositeActor.class
-rw-rw-r--   1 travis travis 14919 Jun  4 04:34 JavaCompiledCompositeTest2_CompiledCompositeActor.java
-rw-rw-r--   1 travis travis  1793 Jun  4 04:34 JavaCompiledCompositeTest2_CompiledCompositeActor$_JavaCompiledCompositeTest2_CompiledCompositeActor.class
-rw-rw-r--   1 travis travis  1625 Jun  4 04:34 JavaCompiledCompositeTest2_CompiledCompositeActor.mk
-rw-rw-r--   1 travis travis  4505 Jun  4 04:34 JavaCompiledCompositeTest3_CompiledCompositeActor.class
-rw-rw-r--   1 travis travis 13080 Jun  4 04:34 JavaCompiledCompositeTest3_CompiledCompositeActor.java
-rw-rw-r--   1 travis travis  1378 Jun  4 04:34 JavaCompiledCompositeTest3_CompiledCompositeActor$_JavaCompiledCompositeTest3_CompiledCompositeActor.class
-rw-rw-r--   1 travis travis  1625 Jun  4 04:34 JavaCompiledCompositeTest3_CompiledCompositeActor.mk
-rw-rw-r--   1 travis travis  3953 Jun  4 04:34 JavaCompiledCompositeTest4_CompiledCompositeActor.class
-rw-rw-r--   1 travis travis  9687 Jun  4 04:34 JavaCompiledCompositeTest4_CompiledCompositeActor.java
-rw-rw-r--   1 travis travis   857 Jun  4 04:34 JavaCompiledCompositeTest4_CompiledCompositeActor$_JavaCompiledCompositeTest4_CompiledCompositeActor.class
-rw-rw-r--   1 travis travis  1625 Jun  4 04:34 JavaCompiledCompositeTest4_CompiledCompositeActor.mk
drwxrwxr-x   3 travis travis 12288 Jun  4 04:30 LookupTable
drwxrwxr-x   3 travis travis 20480 Jun  4 04:31 MaxIndex
-rw-rw-r--   1 travis travis  3693 Jun  4 04:34 ModularCG_A1_B1.class
-rw-rw-r--   1 travis travis  9730 Jun  4 04:34 ModularCG_A1_B1.java
-rw-rw-r--   1 travis travis   832 Jun  4 04:34 ModularCG_A1_B1.mk
-rw-rw-r--   1 travis travis  1318 Jun  4 04:34 ModularCG_A1_B1_profile.class
-rw-rw-r--   1 travis travis  1262 Jun  4 04:34 ModularCG_A1_B1_profile.java
-rw-rw-r--   1 travis travis  3693 Jun  4 04:34 ModularCG_A1_B2.class
-rw-rw-r--   1 travis travis  9730 Jun  4 04:34 ModularCG_A1_B2.java
-rw-rw-r--   1 travis travis   832 Jun  4 04:34 ModularCG_A1_B2.mk
-rw-rw-r--   1 travis travis  1318 Jun  4 04:34 ModularCG_A1_B2_profile.class
-rw-rw-r--   1 travis travis  1262 Jun  4 04:34 ModularCG_A1_B2_profile.java
-rw-rw-r--   1 travis travis  4799 Jun  4 04:34 ModularCG_A1.class
-rw-rw-r--   1 travis travis 14742 Jun  4 04:34 ModularCG_A1.java
-rw-rw-r--   1 travis travis   808 Jun  4 04:34 ModularCG_A1.mk
-rw-rw-r--   1 travis travis  1433 Jun  4 04:34 ModularCG_A1_profile.class
-rw-rw-r--   1 travis travis  1704 Jun  4 04:34 ModularCG_A1_profile.java
-rw-rw-r--   1 travis travis  3827 Jun  4 04:34 ModularCG_A2_B1.class
-rw-rw-r--   1 travis travis 10667 Jun  4 04:34 ModularCG_A2_B1.java
-rw-rw-r--   1 travis travis   832 Jun  4 04:34 ModularCG_A2_B1.mk
-rw-rw-r--   1 travis travis  1381 Jun  4 04:34 ModularCG_A2_B1_profile.class
-rw-rw-r--   1 travis travis  1446 Jun  4 04:34 ModularCG_A2_B1_profile.java
-rw-rw-r--   1 travis travis  3693 Jun  4 04:34 ModularCG_A2_B2.class
-rw-rw-r--   1 travis travis  9730 Jun  4 04:34 ModularCG_A2_B2.java
-rw-rw-r--   1 travis travis   832 Jun  4 04:34 ModularCG_A2_B2.mk
-rw-rw-r--   1 travis travis  1318 Jun  4 04:34 ModularCG_A2_B2_profile.class
-rw-rw-r--   1 travis travis  1262 Jun  4 04:34 ModularCG_A2_B2_profile.java
-rw-rw-r--   1 travis travis  4870 Jun  4 04:34 ModularCG_A2.class
-rw-rw-r--   1 travis travis 15129 Jun  4 04:34 ModularCG_A2.java
-rw-rw-r--   1 travis travis   808 Jun  4 04:34 ModularCG_A2.mk
-rw-rw-r--   1 travis travis  1433 Jun  4 04:34 ModularCG_A2_profile.class
-rw-rw-r--   1 travis travis  1704 Jun  4 04:34 ModularCG_A2_profile.java
-rw-rw-r--   1 travis travis  3473 Jun  4 04:34 ModularCGPubSub_A1_A2.class
-rw-rw-r--   1 travis travis  9076 Jun  4 04:34 ModularCGPubSub_A1_A2.java
-rw-rw-r--   1 travis travis   880 Jun  4 04:34 ModularCGPubSub_A1_A2.mk
-rw-rw-r--   1 travis travis  1300 Jun  4 04:34 ModularCGPubSub_A1_A2_profile.class
-rw-rw-r--   1 travis travis  1222 Jun  4 04:34 ModularCGPubSub_A1_A2_profile.java
-rw-rw-r--   1 travis travis  3790 Jun  4 04:34 ModularCGPubSub_A1.class
-rw-rw-r--   1 travis travis  9836 Jun  4 04:34 ModularCGPubSub_A1.java
-rw-rw-r--   1 travis travis   856 Jun  4 04:34 ModularCGPubSub_A1.mk
-rw-rw-r--   1 travis travis  1346 Jun  4 04:34 ModularCGPubSub_A1_profile.class
-rw-rw-r--   1 travis travis  1388 Jun  4 04:34 ModularCGPubSub_A1_profile.java
-rw-rw-r--   1 travis travis  3988 Jun  4 04:34 ModularCodeGen2_ModularCodeGenTypedCompositeActor.class
-rw-rw-r--   1 travis travis 11690 Jun  4 04:34 ModularCodeGen2_ModularCodeGenTypedCompositeActor.java
-rw-rw-r--   1 travis travis  1104 Jun  4 04:34 ModularCodeGen2_ModularCodeGenTypedCompositeActor.mk
-rw-rw-r--   1 travis travis  4272 Jun  4 04:34 ModularCodeGen2_ModularCodeGenTypedCompositeActor_ModularCodeGenTypedCompositeActor.class
-rw-rw-r--   1 travis travis 11790 Jun  4 04:34 ModularCodeGen2_ModularCodeGenTypedCompositeActor_ModularCodeGenTypedCompositeActor.java
-rw-rw-r--   1 travis travis  1376 Jun  4 04:34 ModularCodeGen2_ModularCodeGenTypedCompositeActor_ModularCodeGenTypedCompositeActor.mk
-rw-rw-r--   1 travis travis  1421 Jun  4 04:34 ModularCodeGen2_ModularCodeGenTypedCompositeActor_ModularCodeGenTypedCompositeActor_profile.class
-rw-rw-r--   1 travis travis  1294 Jun  4 04:34 ModularCodeGen2_ModularCodeGenTypedCompositeActor_ModularCodeGenTypedCompositeActor_profile.java
-rw-rw-r--   1 travis travis   820 Jun  4 04:34 ModularCodeGen2_ModularCodeGenTypedCompositeActor_profile.class
-rw-rw-r--   1 travis travis   693 Jun  4 04:34 ModularCodeGen2_ModularCodeGenTypedCompositeActor_profile.java
-rw-rw-r--   1 travis travis  3741 Jun  4 04:34 ModularCodeGen3_A1_B1.class
-rw-rw-r--   1 travis travis  9958 Jun  4 04:34 ModularCodeGen3_A1_B1.java
-rw-rw-r--   1 travis travis   880 Jun  4 04:34 ModularCodeGen3_A1_B1.mk
-rw-rw-r--   1 travis travis  1330 Jun  4 04:34 ModularCodeGen3_A1_B1_profile.class
-rw-rw-r--   1 travis travis  1274 Jun  4 04:34 ModularCodeGen3_A1_B1_profile.java
-rw-rw-r--   1 travis travis  3741 Jun  4 04:35 ModularCodeGen3_A1_B2.class
-rw-rw-r--   1 travis travis  9958 Jun  4 04:35 ModularCodeGen3_A1_B2.java
-rw-rw-r--   1 travis travis   880 Jun  4 04:35 ModularCodeGen3_A1_B2.mk
-rw-rw-r--   1 travis travis  1330 Jun  4 04:35 ModularCodeGen3_A1_B2_profile.class
-rw-rw-r--   1 travis travis  1274 Jun  4 04:34 ModularCodeGen3_A1_B2_profile.java
-rw-rw-r--   1 travis travis  4961 Jun  4 04:35 ModularCodeGen3_A1.class
-rw-rw-r--   1 travis travis 15564 Jun  4 04:35 ModularCodeGen3_A1.java
-rw-rw-r--   1 travis travis   856 Jun  4 04:35 ModularCodeGen3_A1.mk
-rw-rw-r--   1 travis travis  1445 Jun  4 04:35 ModularCodeGen3_A1_profile.class
-rw-rw-r--   1 travis travis  1716 Jun  4 04:35 ModularCodeGen3_A1_profile.java
-rw-rw-r--   1 travis travis  3887 Jun  4 04:35 ModularCodeGen3_A2_B1.class
-rw-rw-r--   1 travis travis 10955 Jun  4 04:35 ModularCodeGen3_A2_B1.java
-rw-rw-r--   1 travis travis   880 Jun  4 04:35 ModularCodeGen3_A2_B1.mk
-rw-rw-r--   1 travis travis  1393 Jun  4 04:35 ModularCodeGen3_A2_B1_profile.class
-rw-rw-r--   1 travis travis  1458 Jun  4 04:35 ModularCodeGen3_A2_B1_profile.java
-rw-rw-r--   1 travis travis  3741 Jun  4 04:35 ModularCodeGen3_A2_B2.class
-rw-rw-r--   1 travis travis  9958 Jun  4 04:35 ModularCodeGen3_A2_B2.java
-rw-rw-r--   1 travis travis   880 Jun  4 04:35 ModularCodeGen3_A2_B2.mk
-rw-rw-r--   1 travis travis  1330 Jun  4 04:35 ModularCodeGen3_A2_B2_profile.class
-rw-rw-r--   1 travis travis  1274 Jun  4 04:35 ModularCodeGen3_A2_B2_profile.java
-rw-rw-r--   1 travis travis  5038 Jun  4 04:35 ModularCodeGen3_A2.class
-rw-rw-r--   1 travis travis 15957 Jun  4 04:35 ModularCodeGen3_A2.java
-rw-rw-r--   1 travis travis   856 Jun  4 04:35 ModularCodeGen3_A2.mk
-rw-rw-r--   1 travis travis  1445 Jun  4 04:35 ModularCodeGen3_A2_profile.class
-rw-rw-r--   1 travis travis  1716 Jun  4 04:35 ModularCodeGen3_A2_profile.java
-rw-rw-r--   1 travis travis  3794 Jun  4 04:35 ModularCodeGen4_A1_B1.class
-rw-rw-r--   1 travis travis 10312 Jun  4 04:35 ModularCodeGen4_A1_B1.java
-rw-rw-r--   1 travis travis   880 Jun  4 04:35 ModularCodeGen4_A1_B1.mk
-rw-rw-r--   1 travis travis  1330 Jun  4 04:35 ModularCodeGen4_A1_B1_profile.class
-rw-rw-r--   1 travis travis  1273 Jun  4 04:35 ModularCodeGen4_A1_B1_profile.java
-rw-rw-r--   1 travis travis  3794 Jun  4 04:35 ModularCodeGen4_A1_B2.class
-rw-rw-r--   1 travis travis 10312 Jun  4 04:35 ModularCodeGen4_A1_B2.java
-rw-rw-r--   1 travis travis   880 Jun  4 04:35 ModularCodeGen4_A1_B2.mk
-rw-rw-r--   1 travis travis  1330 Jun  4 04:35 ModularCodeGen4_A1_B2_profile.class
-rw-rw-r--   1 travis travis  1273 Jun  4 04:35 ModularCodeGen4_A1_B2_profile.java
-rw-rw-r--   1 travis travis  5101 Jun  4 04:35 ModularCodeGen4_A1.class
-rw-rw-r--   1 travis travis 16245 Jun  4 04:35 ModularCodeGen4_A1.java
-rw-rw-r--   1 travis travis   856 Jun  4 04:35 ModularCodeGen4_A1.mk
-rw-rw-r--   1 travis travis  1445 Jun  4 04:35 ModularCodeGen4_A1_profile.class
-rw-rw-r--   1 travis travis  1712 Jun  4 04:35 ModularCodeGen4_A1_profile.java
-rw-rw-r--   1 travis travis  3988 Jun  4 04:35 ModularCodeGen4_A2_B1.class
-rw-rw-r--   1 travis travis 11375 Jun  4 04:35 ModularCodeGen4_A2_B1.java
-rw-rw-r--   1 travis travis   880 Jun  4 04:35 ModularCodeGen4_A2_B1.mk
-rw-rw-r--   1 travis travis  1393 Jun  4 04:35 ModularCodeGen4_A2_B1_profile.class
-rw-rw-r--   1 travis travis  1454 Jun  4 04:35 ModularCodeGen4_A2_B1_profile.java
-rw-rw-r--   1 travis travis  3842 Jun  4 04:35 ModularCodeGen4_A2_B2.class
-rw-rw-r--   1 travis travis 10378 Jun  4 04:35 ModularCodeGen4_A2_B2.java
-rw-rw-r--   1 travis travis   880 Jun  4 04:35 ModularCodeGen4_A2_B2.mk
-rw-rw-r--   1 travis travis  1330 Jun  4 04:35 ModularCodeGen4_A2_B2_profile.class
-rw-rw-r--   1 travis travis  1270 Jun  4 04:35 ModularCodeGen4_A2_B2_profile.java
-rw-rw-r--   1 travis travis  5274 Jun  4 04:35 ModularCodeGen4_A2.class
-rw-rw-r--   1 travis travis 16770 Jun  4 04:35 ModularCodeGen4_A2.java
-rw-rw-r--   1 travis travis   856 Jun  4 04:35 ModularCodeGen4_A2.mk
-rw-rw-r--   1 travis travis  1445 Jun  4 04:35 ModularCodeGen4_A2_profile.class
-rw-rw-r--   1 travis travis  1712 Jun  4 04:35 ModularCodeGen4_A2_profile.java
-rw-rw-r--   1 travis travis  6838 Jun  4 04:35 ModularCodeGen5_A_A.class
-rw-rw-r--   1 travis travis 28721 Jun  4 04:35 ModularCodeGen5_A_A.java
-rw-rw-r--   1 travis travis   864 Jun  4 04:35 ModularCodeGen5_A_A.mk
-rw-rw-r--   1 travis travis  1520 Jun  4 04:35 ModularCodeGen5_A_A_profile.class
-rw-rw-r--   1 travis travis  1815 Jun  4 04:35 ModularCodeGen5_A_A_profile.java
-rw-rw-r--   1 travis travis  5115 Jun  4 04:35 ModularCodeGen5_A.class
-rw-rw-r--   1 travis travis 13769 Jun  4 04:35 ModularCodeGen5_A.java
-rw-rw-r--   1 travis travis   848 Jun  4 04:35 ModularCodeGen5_A.mk
-rw-rw-r--   1 travis travis  1422 Jun  4 04:35 ModularCodeGen5_A_profile.class
-rw-rw-r--   1 travis travis  1605 Jun  4 04:35 ModularCodeGen5_A_profile.java
-rw-rw-r--   1 travis travis  1361 Jun  4 04:35 ModularCodeGen6_A_A_profile.java
-rw-rw-r--   1 travis travis  3954 Jun  4 04:34 ModularCodeGen_ModularCodeGenTypedCompositeActor.class
-rw-rw-r--   1 travis travis 10970 Jun  4 04:34 ModularCodeGen_ModularCodeGenTypedCompositeActor.java
-rw-rw-r--   1 travis travis  1096 Jun  4 04:34 ModularCodeGen_ModularCodeGenTypedCompositeActor.mk
-rw-rw-r--   1 travis travis  1384 Jun  4 04:34 ModularCodeGen_ModularCodeGenTypedCompositeActor_profile.class
-rw-rw-r--   1 travis travis  1328 Jun  4 04:34 ModularCodeGen_ModularCodeGenTypedCompositeActor_profile.java
-rw-rw-r--   1 travis travis  3492 Jun  4 04:34 ModularCodeGenTest_A1_A2.class
-rw-rw-r--   1 travis travis   904 Jun  4 04:34 ModularCodeGenTest_A1_A2.mk
-rw-rw-r--   1 travis travis  1306 Jun  4 04:34 ModularCodeGenTest_A1_A2_profile.class
-rw-rw-r--   1 travis travis  3823 Jun  4 04:34 ModularCodeGenTest_A1.class
-rw-rw-r--   1 travis travis  9968 Jun  4 04:34 ModularCodeGenTest_A1.java
-rw-rw-r--   1 travis travis   880 Jun  4 04:34 ModularCodeGenTest_A1.mk
-rw-rw-r--   1 travis travis  1352 Jun  4 04:34 ModularCodeGenTest_A1_profile.class
-rw-rw-r--   1 travis travis  1394 Jun  4 04:34 ModularCodeGenTest_A1_profile.java
drwxrwxr-x   3 travis travis 36864 Jun  4 04:34 modulation2
drwxrwxr-x   3 travis travis 20480 Jun  4 04:31 Multiplexor
drwxrwxr-x 242 travis travis 12288 Jun  4 04:34 node_modules
drwxrwxr-x   3 travis travis 20480 Jun  4 04:31 PhaseUnwrap
-rw-rw-r--   1 travis travis   520 Jun  4 04:34 Repeat$_fireFunction_Repeat_Repeat$__f_sL_0.class
-rw-rw-r--   1 travis travis   522 Jun  4 04:34 Repeat$_fireFunction_Repeat_Repeat$__f_sL_10.class
-rw-rw-r--   1 travis travis   666 Jun  4 04:34 Repeat$_fireFunction_Repeat_Repeat$__f_sL_11.class
-rw-rw-r--   1 travis travis   522 Jun  4 04:34 Repeat$_fireFunction_Repeat_Repeat$__f_sL_13.class
-rw-rw-r--   1 travis travis   665 Jun  4 04:34 Repeat$_fireFunction_Repeat_Repeat$__f_sL_1.class
-rw-rw-r--   1 travis travis   520 Jun  4 04:34 Repeat$_fireFunction_Repeat_Repeat$__f_sL_2.class
-rw-rw-r--   1 travis travis   520 Jun  4 04:34 Repeat$_fireFunction_Repeat_Repeat$__f_sL_3.class
-rw-rw-r--   1 travis travis   520 Jun  4 04:34 Repeat$_fireFunction_Repeat_Repeat$__f_sL_5.class
-rw-rw-r--   1 travis travis   671 Jun  4 04:34 Repeat$_fireFunction_Repeat_Repeat$__f_sL_7.class
-rw-rw-r--   1 travis travis   520 Jun  4 04:34 Repeat$_fireFunction_Repeat_Repeat$__f_sL_9.class
-rw-rw-r--   1 travis travis   813 Jun  4 04:34 Repeat$_initialize_Repeat.class
-rw-rw-r--   1 travis travis   475 Jun  4 04:34 Repeat$_initialize_Repeat$__i_sL_0.class
-rw-rw-r--   1 travis travis   519 Jun  4 04:34 Repeat$_initialize_Repeat$__i_sL_3.class
-rw-rw-r--   1 travis travis 39778 Jun  4 04:34 Repeat.java
-rw-rw-r--   1 travis travis  1281 Jun  4 04:34 Repeat.mk
-rw-rw-r--   1 travis travis   520 Jun  4 04:34 Repeat$_preinitializeMethod_Repeat$__p_sL_0.class
-rw-rw-r--   1 travis travis   520 Jun  4 04:34 Repeat$_preinitializeMethod_Repeat$__p_sL_1.class
-rw-rw-r--   1 travis travis  1083 Jun  4 04:34 Repeat$_Repeat$_fireFunction_Repeat_AddSubtract_Repeat.class
-rw-rw-r--   1 travis travis   791 Jun  4 04:34 Repeat$_Repeat$_fireFunction_Repeat_AddSubtract_Repeat$__f_sL_0.class
-rw-rw-r--   1 travis travis   909 Jun  4 04:34 Repeat$_Repeat$_fireFunction_Repeat_AddSubtract_Repeat$__f_sL_1.class
-rw-rw-r--   1 travis travis   915 Jun  4 04:34 Repeat$_Repeat$_fireFunction_Repeat_AddSubtract_Repeat$__f_sL_2.class
-rw-rw-r--   1 travis travis   838 Jun  4 04:34 Repeat$_Repeat$_fireFunction_Repeat_Ramp2_Repeat$__f_sL_1.class
-rw-rw-r--   1 travis travis  1785 Jun  4 04:34 Repeat$_Repeat$_fireFunction_Repeat_Test_Repeat$__f_sL_2.class
-rw-rw-r--   1 travis travis   685 Jun  4 04:34 Repeat$_Repeat_SDF_Director_run_Repeat$__R_sL_0.class
-rw-rw-r--   1 travis travis   540 Jun  4 04:34 Repeat$_Repeat_SDF_Director_run_Repeat$__R_sL_1.class
-rw-rw-r--   1 travis travis   540 Jun  4 04:34 Repeat$_Repeat_SDF_Director_run_Repeat$__R_sL_2.class
-rw-rw-r--   1 travis travis   540 Jun  4 04:34 Repeat$_Repeat_SDF_Director_run_Repeat$__R_sL_4.class
-rw-rw-r--   1 travis travis   540 Jun  4 04:34 Repeat$_Repeat_SDF_Director_run_Repeat$__R_sL_5.class
-rw-rw-r--   1 travis travis   691 Jun  4 04:34 Repeat$_Repeat_SDF_Director_run_Repeat$__R_sL_6.class
-rw-rw-r--   1 travis travis   540 Jun  4 04:34 Repeat$_Repeat_SDF_Director_run_Repeat$__R_sL_7.class
-rw-rw-r--   1 travis travis   863 Jun  4 04:34 Repeat$_varinit_Repeat.class
-rw-rw-r--   1 travis travis   530 Jun  4 04:34 Repeat$_varinit_Repeat$__v_sL_1.class
-rw-rw-r--   1 travis travis   531 Jun  4 04:34 Repeat$_varinit_Repeat$__v_sL_2.class
-rw-rw-r--   1 travis travis   905 Jun  4 04:34 Repeat$_varinit_Repeat$__v_sL_4.class
-rw-rw-r--   1 travis travis   635 Jun  4 04:34 Repeat$_wrapup_Repeat.class
-rw-rw-r--   1 travis travis   965 Jun  4 04:34 Repeat$_wrapup_Repeat$__w_sL_1.class
-rw-rw-r--   1 travis travis   289 Jun  4 04:29 result.csv
drwxrwxr-x   3 travis travis 12288 Jun  4 04:32 Scrambler1
drwxrwxr-x   3 travis travis 20480 Jun  4 04:31 Sinewave2
drwxrwxr-x   3 travis travis 69632 Jun  4 04:32 StringCompare
drwxrwxr-x   3 travis travis 32768 Jun  4 04:32 StringFunction
drwxrwxr-x   3 travis travis 12288 Jun  4 04:32 StringLength
drwxrwxr-x   3 travis travis 57344 Jun  4 04:33 StringSimpleReplace
drwxrwxr-x   3 travis travis 12288 Jun  4 04:33 time2
drwxrwxr-x   3 travis travis 12288 Jun  4 04:34 time5
-rw-rw-r--   1 travis travis   432 Jun  4 04:35 Token.class
-rw-rw-r--   1 travis travis   251 Jun  4 04:35 Token.java
-rw-rw-r--   1 travis travis     0 Jun  4 04:34 top.
-rw-rw-r--   1 travis travis 20502 Jun  4 04:29 top.c
-rw-rw-r--   1 travis travis  3567 Jun  4 04:34 top.class
-rw-rw-r--   1 travis travis   169 Jun  4 04:29 top.html
-rw-rw-r--   1 travis travis  7552 Jun  4 04:34 top.java
-rw-rw-r--   1 travis travis 38888 Jun  4 04:29 top.o
drwxrwxr-x   3 travis travis 57344 Jun  4 04:31 UnaryMathFunction
All Done
Writing ModularCodeGen6_A_A.java in file:/home/travis/cg/ (11221 characters)
Reading "ptolemy/cg/kernel/generic/program/procedural/java/modular/makefile.in",
    writing "/home/travis/cg/ModularCodeGen6_A_A.mk"
Using ptolemy/cg/kernel/generic/program/procedural/java/modular/makefile.in
In "/home/travis/cg", about to execute:
    make -f ModularCodeGen6_A_A.mk
javac -classpath ".:.."    ModularCodeGen6_A_A.java
All Done
In "/home/travis/cg", about to execute:
    pwd
/home/travis/cg
In "/home/travis/cg", about to execute:
    ls -l
In "/home/travis/cg", about to execute:
    javac -classpath
.:/home/travis/build/icyphy/ptII:/home/travis/build/icyphy/ptII/lib/bsh-2.0b4.j
ar:/home/travis/build/icyphy/ptII/lib/ptCal.jar:/home/travis/build/icyphy/ptII/
lib/java_cup.jar:/home/travis/build/icyphy/ptII/lib/saxon8.jar:/home/travis/bui
ld/icyphy/ptII/lib/saxon8-dom.jar:/home/travis/build/icyphy/ptII/lib/chic.jar:/
home/travis/build/icyphy/ptII/lib/ptcolt.jar:/usr/lib/jvm/java-8-oracle/lib/too
ls.jar:/home/travis/build/icyphy/ptII/vendors/misc/itext/iText.jar:/home/travis
/build/icyphy/ptII/lib/g4ltl.jar:/home/travis/build/icyphy/ptII/lib/StructuralC
oder.jar:/home/travis/build/icyphy/ptII/vendors/jai-1_1_2_01/lib/jai_core.jar:/
home/travis/build/icyphy/ptII/vendors/jai-1_1_2_01/lib/jai_codec.jar:/home/trav
is/build/icyphy/ptII/lib/jcerti.jar:/home/travis/build/icyphy/ptII/lib/javax.ma
il.jar:/home/travis/build/icyphy/ptII/vendors/JMF-2.1.1e/lib/jmf.jar:/home/trav
is/build/icyphy/ptII/lib/jna-4.0.0-variadic.jar:/home/travis/build/icyphy/ptII/
vendors/misc/joystick/Joystick.jar:/home/travis/build/icyphy/ptII/lib/ptjacl.ja
r:/home/travis/build/icyphy/ptII/lib/jsoup-1.8.2.jar:/home/travis/build/icyphy/
ptII/lib/junit-4.8.2.jar:/home/travis/build/icyphy/ptII/lib/JUnitParams-0.4.0.j
ar:/home/travis/build/icyphy/ptII/ptolemy/actor/lib/excel/jxl.jar:/home/travis/
build/icyphy/ptII/lib/jython.jar:/home/travis/build/icyphy/ptII/lib/kieler.jar:
/home/travis/build/icyphy/ptII/vendors/opencv/share/OpenCV/java/opencv-341.jar:
/home/travis/build/icyphy/ptII/lib/oscP5.jar:/home/travis/build/icyphy/ptII/lib
/nrjavaserial-3.11.0.devel.jar:/home/travis/build/icyphy/ptII/vendors/j3d/lib/j
3dcore.jar:/home/travis/build/icyphy/ptII/vendors/j3d/lib/j3dutils.jar:/home/tr
avis/build/icyphy/ptII/vendors/j3d/lib/vecmath.jar:/home/travis/build/icyphy/pt
II/ptolemy/distributed/jini/jar/jini-core.jar:/home/travis/build/icyphy/ptII/pt
olemy/distributed/jini/jar/jini-ext.jar:/home/travis/build/icyphy/ptII/ptolemy/
distributed/jini/jar/sun-util.jar:/home/travis/build/icyphy/ptII/lib/protobuf-j
ava-2.4.1.jar:/home/travis/build/icyphy/ptII/lib/org.eclipse.paho.client.mqttv3
.jar:/home/travis/build/icyphy/ptII/lib/mapss.jar:/home/travis/build/icyphy/ptI
I/ptolemy/actor/ptalon/antlr/antlr.jar:/home/travis/build/icyphy/ptII/lib/JRI.j
ar:/home/travis/build/icyphy/ptII/lib/commons-lang-2.6.jar:/home/travis/build/i
cyphy/ptII/lib/commons-logging-1.1.1.jar:/home/travis/build/icyphy/ptII/lib/soo
tclasses.jar:/home/travis/build/icyphy/ptII/ptolemy/actor/lib/database/mysql-co
nnector-java-5.1.6-bin.jar:/home/travis/build/icyphy/ptII/vendors/misc/sphinx4/
sphinx4-data-5prealpha.jar:/home/travis/build/icyphy/ptII/vendors/misc/sphinx4/
sphinx4-core-5prealpha.jar:/home/travis/build/icyphy/ptII/lib/PDFRenderer.jar:/
home/travis/build/icyphy/ptII/lib/svgSalamander.jar:/home/travis/build/icyphy/p
tII/lib/rsyntaxtextarea-2.6.0-SNAPSHOT.jar:/home/travis/build/icyphy/ptII/lib/h
azelcast-3.8.2.jar:/home/travis/build/icyphy/ptII/lib/jackson-annotations-2.9.0
.jar:/home/travis/build/icyphy/ptII/lib/jackson-core-2.9.3.jar:/home/travis/bui
ld/icyphy/ptII/lib/jackson-databind-2.9.3.jar:/home/travis/build/icyphy/ptII/li
b/netty-buffer-4.1.19.Final.jar:/home/travis/build/icyphy/ptII/lib/netty-codec-
4.1.19.Final.jar:/home/travis/build/icyphy/ptII/lib/netty-codec-dns-4.1.19.Fina
l.jar:/home/travis/build/icyphy/ptII/lib/netty-codec-http-4.1.19.Final.jar:/hom
e/travis/build/icyphy/ptII/lib/netty-codec-http2-4.1.19.Final.jar:/home/travis/
build/icyphy/ptII/lib/netty-common-4.1.19.Final.jar:/home/travis/build/icyphy/p
tII/lib/netty-handler-4.1.19.Final.jar:/home/travis/build/icyphy/ptII/lib/netty
-resolver-4.1.19.Final.jar:/home/travis/build/icyphy/ptII/lib/netty-resolver-dn
s-4.1.19.Final.jar:/home/travis/build/icyphy/ptII/lib/netty-transport-4.1.19.Fi
nal.jar:/home/travis/build/icyphy/ptII/lib/vertx-codegen-3.5.1.jar:/home/travis
/build/icyphy/ptII/lib/vertx-core-3.5.2-SNAPSHOT.jar:/home/travis/build/icyphy/
ptII/lib/vertx-hazelcast-3.5.1.jar:/home/travis/build/icyphy/ptII/lib/vertx-lan
g-js-3.5.1.jar:/home/travis/build/icyphy/ptII/lib/vertx-service-proxy-3.5.1.jar
:/home/travis/build/icyphy/ptII/lib/vertx-web-3.5.1.jar:/home/travis/build/icyp
hy/ptII/lib/slf4j-api-1.7.13.jar:/home/travis/build/icyphy/ptII/lib/slf4j-simpl
e-1.7.13.jar:/home/travis/build/icyphy/ptII/lib/webcam-capture-0.3.12.jar:/home
/travis/build/icyphy/ptII/lib/bridj-0.7.0.jar:/home/travis/build/icyphy/ptII/li
b/xbjlib-1.1.0.nrjavaserial.jar:/home/travis/build/icyphy/ptII/ptolemy/moml/tes
t:/home/travis/build/icyphy/ptII/ant/lib/ant-launcher.jar:/home/travis/build/ic
yphy/ptII/ant/lib/ant.jar:/home/travis/build/icyphy/ptII/ant/lib/ant-junit.jar:
/home/travis/build/icyphy/ptII/ant/lib/ant-junit4.jar:/home/travis/build/icyphy
/ptII ModularCodeGen6_A_A2_profile.java
total 1856
drwxrwxr-x   3 travis travis 12288 Jun  4 04:30 AbsoluteValue
drwxrwxr-x   3 travis travis 16384 Jun  4 04:30 Case1
drwxrwxr-x   3 travis travis 32768 Jun  4 04:30 Case2
-rw-rw-r--   1 travis travis  4895 Jun  4 04:34 CompiledCompositeActor_CompiledCompositeActor.class
-rw-rw-r--   1 travis travis  1592 Jun  4 04:34 CompiledCompositeActor_CompiledCompositeActor$_CompiledCompositeActor_CompiledCompositeActor.class
-rw-rw-r--   1 travis travis 13466 Jun  4 04:34 CompiledCompositeActor_CompiledCompositeActor.java
-rw-rw-r--   1 travis travis  1593 Jun  4 04:34 CompiledCompositeActor_CompiledCompositeActor.mk
drwxrwxr-x   3 travis travis 24576 Jun  4 04:32 DeScrambler
drwxrwxr-x   3 travis travis 16384 Jun  4 04:33 DotProduct
drwxrwxr-x   3 travis travis 12288 Jun  4 04:30 FileWriter1
drwxrwxr-x   3 travis travis 20480 Jun  4 04:29 FixToDoubleAndBack
drwxrwxr-x   3 travis travis 16384 Jun  4 04:30 Gaussian1
drwxrwxr-x   3 travis travis 20480 Jun  4 04:30 Gaussian2
-rw-rw-r--   1 travis travis  4457 Jun  4 04:34 JavaCompiledCompositeTest1_CompiledCompositeActor.class
-rw-rw-r--   1 travis travis 11637 Jun  4 04:34 JavaCompiledCompositeTest1_CompiledCompositeActor.java
-rw-rw-r--   1 travis travis  1198 Jun  4 04:34 JavaCompiledCompositeTest1_CompiledCompositeActor$_JavaCompiledCompositeTest1_CompiledCompositeActor.class
-rw-rw-r--   1 travis travis  1625 Jun  4 04:34 JavaCompiledCompositeTest1_CompiledCompositeActor.mk
-rw-rw-r--   1 travis travis  4888 Jun  4 04:34 JavaCompiledCompositeTest2_CompiledCompositeActor.class
-rw-rw-r--   1 travis travis 14919 Jun  4 04:34 JavaCompiledCompositeTest2_CompiledCompositeActor.java
-rw-rw-r--   1 travis travis  1793 Jun  4 04:34 JavaCompiledCompositeTest2_CompiledCompositeActor$_JavaCompiledCompositeTest2_CompiledCompositeActor.class
-rw-rw-r--   1 travis travis  1625 Jun  4 04:34 JavaCompiledCompositeTest2_CompiledCompositeActor.mk
-rw-rw-r--   1 travis travis  4505 Jun  4 04:34 JavaCompiledCompositeTest3_CompiledCompositeActor.class
-rw-rw-r--   1 travis travis 13080 Jun  4 04:34 JavaCompiledCompositeTest3_CompiledCompositeActor.java
-rw-rw-r--   1 travis travis  1378 Jun  4 04:34 JavaCompiledCompositeTest3_CompiledCompositeActor$_JavaCompiledCompositeTest3_CompiledCompositeActor.class
-rw-rw-r--   1 travis travis  1625 Jun  4 04:34 JavaCompiledCompositeTest3_CompiledCompositeActor.mk
-rw-rw-r--   1 travis travis  3953 Jun  4 04:34 JavaCompiledCompositeTest4_CompiledCompositeActor.class
-rw-rw-r--   1 travis travis  9687 Jun  4 04:34 JavaCompiledCompositeTest4_CompiledCompositeActor.java
-rw-rw-r--   1 travis travis   857 Jun  4 04:34 JavaCompiledCompositeTest4_CompiledCompositeActor$_JavaCompiledCompositeTest4_CompiledCompositeActor.class
-rw-rw-r--   1 travis travis  1625 Jun  4 04:34 JavaCompiledCompositeTest4_CompiledCompositeActor.mk
drwxrwxr-x   3 travis travis 12288 Jun  4 04:30 LookupTable
drwxrwxr-x   3 travis travis 20480 Jun  4 04:31 MaxIndex
-rw-rw-r--   1 travis travis  3693 Jun  4 04:34 ModularCG_A1_B1.class
-rw-rw-r--   1 travis travis  9730 Jun  4 04:34 ModularCG_A1_B1.java
-rw-rw-r--   1 travis travis   832 Jun  4 04:34 ModularCG_A1_B1.mk
-rw-rw-r--   1 travis travis  1318 Jun  4 04:34 ModularCG_A1_B1_profile.class
-rw-rw-r--   1 travis travis  1262 Jun  4 04:34 ModularCG_A1_B1_profile.java
-rw-rw-r--   1 travis travis  3693 Jun  4 04:34 ModularCG_A1_B2.class
-rw-rw-r--   1 travis travis  9730 Jun  4 04:34 ModularCG_A1_B2.java
-rw-rw-r--   1 travis travis   832 Jun  4 04:34 ModularCG_A1_B2.mk
-rw-rw-r--   1 travis travis  1318 Jun  4 04:34 ModularCG_A1_B2_profile.class
-rw-rw-r--   1 travis travis  1262 Jun  4 04:34 ModularCG_A1_B2_profile.java
-rw-rw-r--   1 travis travis  4799 Jun  4 04:34 ModularCG_A1.class
-rw-rw-r--   1 travis travis 14742 Jun  4 04:34 ModularCG_A1.java
-rw-rw-r--   1 travis travis   808 Jun  4 04:34 ModularCG_A1.mk
-rw-rw-r--   1 travis travis  1433 Jun  4 04:34 ModularCG_A1_profile.class
-rw-rw-r--   1 travis travis  1704 Jun  4 04:34 ModularCG_A1_profile.java
-rw-rw-r--   1 travis travis  3827 Jun  4 04:34 ModularCG_A2_B1.class
-rw-rw-r--   1 travis travis 10667 Jun  4 04:34 ModularCG_A2_B1.java
-rw-rw-r--   1 travis travis   832 Jun  4 04:34 ModularCG_A2_B1.mk
-rw-rw-r--   1 travis travis  1381 Jun  4 04:34 ModularCG_A2_B1_profile.class
-rw-rw-r--   1 travis travis  1446 Jun  4 04:34 ModularCG_A2_B1_profile.java
-rw-rw-r--   1 travis travis  3693 Jun  4 04:34 ModularCG_A2_B2.class
-rw-rw-r--   1 travis travis  9730 Jun  4 04:34 ModularCG_A2_B2.java
-rw-rw-r--   1 travis travis   832 Jun  4 04:34 ModularCG_A2_B2.mk
-rw-rw-r--   1 travis travis  1318 Jun  4 04:34 ModularCG_A2_B2_profile.class
-rw-rw-r--   1 travis travis  1262 Jun  4 04:34 ModularCG_A2_B2_profile.java
-rw-rw-r--   1 travis travis  4870 Jun  4 04:34 ModularCG_A2.class
-rw-rw-r--   1 travis travis 15129 Jun  4 04:34 ModularCG_A2.java
-rw-rw-r--   1 travis travis   808 Jun  4 04:34 ModularCG_A2.mk
-rw-rw-r--   1 travis travis  1433 Jun  4 04:34 ModularCG_A2_profile.class
-rw-rw-r--   1 travis travis  1704 Jun  4 04:34 ModularCG_A2_profile.java
-rw-rw-r--   1 travis travis  3473 Jun  4 04:34 ModularCGPubSub_A1_A2.class
-rw-rw-r--   1 travis travis  9076 Jun  4 04:34 ModularCGPubSub_A1_A2.java
-rw-rw-r--   1 travis travis   880 Jun  4 04:34 ModularCGPubSub_A1_A2.mk
-rw-rw-r--   1 travis travis  1300 Jun  4 04:34 ModularCGPubSub_A1_A2_profile.class
-rw-rw-r--   1 travis travis  1222 Jun  4 04:34 ModularCGPubSub_A1_A2_profile.java
-rw-rw-r--   1 travis travis  3790 Jun  4 04:34 ModularCGPubSub_A1.class
-rw-rw-r--   1 travis travis  9836 Jun  4 04:34 ModularCGPubSub_A1.java
-rw-rw-r--   1 travis travis   856 Jun  4 04:34 ModularCGPubSub_A1.mk
-rw-rw-r--   1 travis travis  1346 Jun  4 04:34 ModularCGPubSub_A1_profile.class
-rw-rw-r--   1 travis travis  1388 Jun  4 04:34 ModularCGPubSub_A1_profile.java
-rw-rw-r--   1 travis travis  3988 Jun  4 04:34 ModularCodeGen2_ModularCodeGenTypedCompositeActor.class
-rw-rw-r--   1 travis travis 11690 Jun  4 04:34 ModularCodeGen2_ModularCodeGenTypedCompositeActor.java
-rw-rw-r--   1 travis travis  1104 Jun  4 04:34 ModularCodeGen2_ModularCodeGenTypedCompositeActor.mk
-rw-rw-r--   1 travis travis  4272 Jun  4 04:34 ModularCodeGen2_ModularCodeGenTypedCompositeActor_ModularCodeGenTypedCompositeActor.class
-rw-rw-r--   1 travis travis 11790 Jun  4 04:34 ModularCodeGen2_ModularCodeGenTypedCompositeActor_ModularCodeGenTypedCompositeActor.java
-rw-rw-r--   1 travis travis  1376 Jun  4 04:34 ModularCodeGen2_ModularCodeGenTypedCompositeActor_ModularCodeGenTypedCompositeActor.mk
-rw-rw-r--   1 travis travis  1421 Jun  4 04:34 ModularCodeGen2_ModularCodeGenTypedCompositeActor_ModularCodeGenTypedCompositeActor_profile.class
-rw-rw-r--   1 travis travis  1294 Jun  4 04:34 ModularCodeGen2_ModularCodeGenTypedCompositeActor_ModularCodeGenTypedCompositeActor_profile.java
-rw-rw-r--   1 travis travis   820 Jun  4 04:34 ModularCodeGen2_ModularCodeGenTypedCompositeActor_profile.class
-rw-rw-r--   1 travis travis   693 Jun  4 04:34 ModularCodeGen2_ModularCodeGenTypedCompositeActor_profile.java
-rw-rw-r--   1 travis travis  3741 Jun  4 04:34 ModularCodeGen3_A1_B1.class
-rw-rw-r--   1 travis travis  9958 Jun  4 04:34 ModularCodeGen3_A1_B1.java
-rw-rw-r--   1 travis travis   880 Jun  4 04:34 ModularCodeGen3_A1_B1.mk
-rw-rw-r--   1 travis travis  1330 Jun  4 04:34 ModularCodeGen3_A1_B1_profile.class
-rw-rw-r--   1 travis travis  1274 Jun  4 04:34 ModularCodeGen3_A1_B1_profile.java
-rw-rw-r--   1 travis travis  3741 Jun  4 04:35 ModularCodeGen3_A1_B2.class
-rw-rw-r--   1 travis travis  9958 Jun  4 04:35 ModularCodeGen3_A1_B2.java
-rw-rw-r--   1 travis travis   880 Jun  4 04:35 ModularCodeGen3_A1_B2.mk
-rw-rw-r--   1 travis travis  1330 Jun  4 04:35 ModularCodeGen3_A1_B2_profile.class
-rw-rw-r--   1 travis travis  1274 Jun  4 04:34 ModularCodeGen3_A1_B2_profile.java
-rw-rw-r--   1 travis travis  4961 Jun  4 04:35 ModularCodeGen3_A1.class
-rw-rw-r--   1 travis travis 15564 Jun  4 04:35 ModularCodeGen3_A1.java
-rw-rw-r--   1 travis travis   856 Jun  4 04:35 ModularCodeGen3_A1.mk
-rw-rw-r--   1 travis travis  1445 Jun  4 04:35 ModularCodeGen3_A1_profile.class
-rw-rw-r--   1 travis travis  1716 Jun  4 04:35 ModularCodeGen3_A1_profile.java
-rw-rw-r--   1 travis travis  3887 Jun  4 04:35 ModularCodeGen3_A2_B1.class
-rw-rw-r--   1 travis travis 10955 Jun  4 04:35 ModularCodeGen3_A2_B1.java
-rw-rw-r--   1 travis travis   880 Jun  4 04:35 ModularCodeGen3_A2_B1.mk
-rw-rw-r--   1 travis travis  1393 Jun  4 04:35 ModularCodeGen3_A2_B1_profile.class
-rw-rw-r--   1 travis travis  1458 Jun  4 04:35 ModularCodeGen3_A2_B1_profile.java
-rw-rw-r--   1 travis travis  3741 Jun  4 04:35 ModularCodeGen3_A2_B2.class
-rw-rw-r--   1 travis travis  9958 Jun  4 04:35 ModularCodeGen3_A2_B2.java
-rw-rw-r--   1 travis travis   880 Jun  4 04:35 ModularCodeGen3_A2_B2.mk
-rw-rw-r--   1 travis travis  1330 Jun  4 04:35 ModularCodeGen3_A2_B2_profile.class
-rw-rw-r--   1 travis travis  1274 Jun  4 04:35 ModularCodeGen3_A2_B2_profile.java
-rw-rw-r--   1 travis travis  5038 Jun  4 04:35 ModularCodeGen3_A2.class
-rw-rw-r--   1 travis travis 15957 Jun  4 04:35 ModularCodeGen3_A2.java
-rw-rw-r--   1 travis travis   856 Jun  4 04:35 ModularCodeGen3_A2.mk
-rw-rw-r--   1 travis travis  1445 Jun  4 04:35 ModularCodeGen3_A2_profile.class
-rw-rw-r--   1 travis travis  1716 Jun  4 04:35 ModularCodeGen3_A2_profile.java
-rw-rw-r--   1 travis travis  3794 Jun  4 04:35 ModularCodeGen4_A1_B1.class
-rw-rw-r--   1 travis travis 10312 Jun  4 04:35 ModularCodeGen4_A1_B1.java
-rw-rw-r--   1 travis travis   880 Jun  4 04:35 ModularCodeGen4_A1_B1.mk
-rw-rw-r--   1 travis travis  1330 Jun  4 04:35 ModularCodeGen4_A1_B1_profile.class
-rw-rw-r--   1 travis travis  1273 Jun  4 04:35 ModularCodeGen4_A1_B1_profile.java
-rw-rw-r--   1 travis travis  3794 Jun  4 04:35 ModularCodeGen4_A1_B2.class
-rw-rw-r--   1 travis travis 10312 Jun  4 04:35 ModularCodeGen4_A1_B2.java
-rw-rw-r--   1 travis travis   880 Jun  4 04:35 ModularCodeGen4_A1_B2.mk
-rw-rw-r--   1 travis travis  1330 Jun  4 04:35 ModularCodeGen4_A1_B2_profile.class
-rw-rw-r--   1 travis travis  1273 Jun  4 04:35 ModularCodeGen4_A1_B2_profile.java
-rw-rw-r--   1 travis travis  5101 Jun  4 04:35 ModularCodeGen4_A1.class
-rw-rw-r--   1 travis travis 16245 Jun  4 04:35 ModularCodeGen4_A1.java
-rw-rw-r--   1 travis travis   856 Jun  4 04:35 ModularCodeGen4_A1.mk
-rw-rw-r--   1 travis travis  1445 Jun  4 04:35 ModularCodeGen4_A1_profile.class
-rw-rw-r--   1 travis travis  1712 Jun  4 04:35 ModularCodeGen4_A1_profile.java
-rw-rw-r--   1 travis travis  3988 Jun  4 04:35 ModularCodeGen4_A2_B1.class
-rw-rw-r--   1 travis travis 11375 Jun  4 04:35 ModularCodeGen4_A2_B1.java
-rw-rw-r--   1 travis travis   880 Jun  4 04:35 ModularCodeGen4_A2_B1.mk
-rw-rw-r--   1 travis travis  1393 Jun  4 04:35 ModularCodeGen4_A2_B1_profile.class
-rw-rw-r--   1 travis travis  1454 Jun  4 04:35 ModularCodeGen4_A2_B1_profile.java
-rw-rw-r--   1 travis travis  3842 Jun  4 04:35 ModularCodeGen4_A2_B2.class
-rw-rw-r--   1 travis travis 10378 Jun  4 04:35 ModularCodeGen4_A2_B2.java
-rw-rw-r--   1 travis travis   880 Jun  4 04:35 ModularCodeGen4_A2_B2.mk
-rw-rw-r--   1 travis travis  1330 Jun  4 04:35 ModularCodeGen4_A2_B2_profile.class
-rw-rw-r--   1 travis travis  1270 Jun  4 04:35 ModularCodeGen4_A2_B2_profile.java
-rw-rw-r--   1 travis travis  5274 Jun  4 04:35 ModularCodeGen4_A2.class
-rw-rw-r--   1 travis travis 16770 Jun  4 04:35 ModularCodeGen4_A2.java
-rw-rw-r--   1 travis travis   856 Jun  4 04:35 ModularCodeGen4_A2.mk
-rw-rw-r--   1 travis travis  1445 Jun  4 04:35 ModularCodeGen4_A2_profile.class
-rw-rw-r--   1 travis travis  1712 Jun  4 04:35 ModularCodeGen4_A2_profile.java
-rw-rw-r--   1 travis travis  6838 Jun  4 04:35 ModularCodeGen5_A_A.class
-rw-rw-r--   1 travis travis 28721 Jun  4 04:35 ModularCodeGen5_A_A.java
-rw-rw-r--   1 travis travis   864 Jun  4 04:35 ModularCodeGen5_A_A.mk
-rw-rw-r--   1 travis travis  1520 Jun  4 04:35 ModularCodeGen5_A_A_profile.class
-rw-rw-r--   1 travis travis  1815 Jun  4 04:35 ModularCodeGen5_A_A_profile.java
-rw-rw-r--   1 travis travis  5115 Jun  4 04:35 ModularCodeGen5_A.class
-rw-rw-r--   1 travis travis 13769 Jun  4 04:35 ModularCodeGen5_A.java
-rw-rw-r--   1 travis travis   848 Jun  4 04:35 ModularCodeGen5_A.mk
-rw-rw-r--   1 travis travis  1422 Jun  4 04:35 ModularCodeGen5_A_profile.class
-rw-rw-r--   1 travis travis  1605 Jun  4 04:35 ModularCodeGen5_A_profile.java
-rw-rw-r--   1 travis travis  1364 Jun  4 04:35 ModularCodeGen6_A_A2_profile.java
-rw-rw-r--   1 travis travis  4108 Jun  4 04:35 ModularCodeGen6_A_A.class
-rw-rw-r--   1 travis travis 11221 Jun  4 04:35 ModularCodeGen6_A_A.java
-rw-rw-r--   1 travis travis   864 Jun  4 04:35 ModularCodeGen6_A_A.mk
-rw-rw-r--   1 travis travis  1348 Jun  4 04:35 ModularCodeGen6_A_A_profile.class
-rw-rw-r--   1 travis travis  1361 Jun  4 04:35 ModularCodeGen6_A_A_profile.java
-rw-rw-r--   1 travis travis  3954 Jun  4 04:34 ModularCodeGen_ModularCodeGenTypedCompositeActor.class
-rw-rw-r--   1 travis travis 10970 Jun  4 04:34 ModularCodeGen_ModularCodeGenTypedCompositeActor.java
-rw-rw-r--   1 travis travis  1096 Jun  4 04:34 ModularCodeGen_ModularCodeGenTypedCompositeActor.mk
-rw-rw-r--   1 travis travis  1384 Jun  4 04:34 ModularCodeGen_ModularCodeGenTypedCompositeActor_profile.class
-rw-rw-r--   1 travis travis  1328 Jun  4 04:34 ModularCodeGen_ModularCodeGenTypedCompositeActor_profile.java
-rw-rw-r--   1 travis travis  3492 Jun  4 04:34 ModularCodeGenTest_A1_A2.class
-rw-rw-r--   1 travis travis   904 Jun  4 04:34 ModularCodeGenTest_A1_A2.mk
-rw-rw-r--   1 travis travis  1306 Jun  4 04:34 ModularCodeGenTest_A1_A2_profile.class
-rw-rw-r--   1 travis travis  3823 Jun  4 04:34 ModularCodeGenTest_A1.class
-rw-rw-r--   1 travis travis  9968 Jun  4 04:34 ModularCodeGenTest_A1.java
-rw-rw-r--   1 travis travis   880 Jun  4 04:34 ModularCodeGenTest_A1.mk
-rw-rw-r--   1 travis travis  1352 Jun  4 04:34 ModularCodeGenTest_A1_profile.class
-rw-rw-r--   1 travis travis  1394 Jun  4 04:34 ModularCodeGenTest_A1_profile.java
drwxrwxr-x   3 travis travis 36864 Jun  4 04:34 modulation2
drwxrwxr-x   3 travis travis 20480 Jun  4 04:31 Multiplexor
drwxrwxr-x 242 travis travis 12288 Jun  4 04:34 node_modules
drwxrwxr-x   3 travis travis 20480 Jun  4 04:31 PhaseUnwrap
-rw-rw-r--   1 travis travis   520 Jun  4 04:34 Repeat$_fireFunction_Repeat_Repeat$__f_sL_0.class
-rw-rw-r--   1 travis travis   522 Jun  4 04:34 Repeat$_fireFunction_Repeat_Repeat$__f_sL_10.class
-rw-rw-r--   1 travis travis   666 Jun  4 04:34 Repeat$_fireFunction_Repeat_Repeat$__f_sL_11.class
-rw-rw-r--   1 travis travis   522 Jun  4 04:34 Repeat$_fireFunction_Repeat_Repeat$__f_sL_13.class
-rw-rw-r--   1 travis travis   665 Jun  4 04:34 Repeat$_fireFunction_Repeat_Repeat$__f_sL_1.class
-rw-rw-r--   1 travis travis   520 Jun  4 04:34 Repeat$_fireFunction_Repeat_Repeat$__f_sL_2.class
-rw-rw-r--   1 travis travis   520 Jun  4 04:34 Repeat$_fireFunction_Repeat_Repeat$__f_sL_3.class
-rw-rw-r--   1 travis travis   520 Jun  4 04:34 Repeat$_fireFunction_Repeat_Repeat$__f_sL_5.class
-rw-rw-r--   1 travis travis   671 Jun  4 04:34 Repeat$_fireFunction_Repeat_Repeat$__f_sL_7.class
-rw-rw-r--   1 travis travis   520 Jun  4 04:34 Repeat$_fireFunction_Repeat_Repeat$__f_sL_9.class
-rw-rw-r--   1 travis travis   813 Jun  4 04:34 Repeat$_initialize_Repeat.class
-rw-rw-r--   1 travis travis   475 Jun  4 04:34 Repeat$_initialize_Repeat$__i_sL_0.class
-rw-rw-r--   1 travis travis   519 Jun  4 04:34 Repeat$_initialize_Repeat$__i_sL_3.class
-rw-rw-r--   1 travis travis 39778 Jun  4 04:34 Repeat.java
-rw-rw-r--   1 travis travis  1281 Jun  4 04:34 Repeat.mk
-rw-rw-r--   1 travis travis   520 Jun  4 04:34 Repeat$_preinitializeMethod_Repeat$__p_sL_0.class
-rw-rw-r--   1 travis travis   520 Jun  4 04:34 Repeat$_preinitializeMethod_Repeat$__p_sL_1.class
-rw-rw-r--   1 travis travis  1083 Jun  4 04:34 Repeat$_Repeat$_fireFunction_Repeat_AddSubtract_Repeat.class
-rw-rw-r--   1 travis travis   791 Jun  4 04:34 Repeat$_Repeat$_fireFunction_Repeat_AddSubtract_Repeat$__f_sL_0.class
-rw-rw-r--   1 travis travis   909 Jun  4 04:34 Repeat$_Repeat$_fireFunction_Repeat_AddSubtract_Repeat$__f_sL_1.class
-rw-rw-r--   1 travis travis   915 Jun  4 04:34 Repeat$_Repeat$_fireFunction_Repeat_AddSubtract_Repeat$__f_sL_2.class
-rw-rw-r--   1 travis travis   838 Jun  4 04:34 Repeat$_Repeat$_fireFunction_Repeat_Ramp2_Repeat$__f_sL_1.class
-rw-rw-r--   1 travis travis  1785 Jun  4 04:34 Repeat$_Repeat$_fireFunction_Repeat_Test_Repeat$__f_sL_2.class
-rw-rw-r--   1 travis travis   685 Jun  4 04:34 Repeat$_Repeat_SDF_Director_run_Repeat$__R_sL_0.class
-rw-rw-r--   1 travis travis   540 Jun  4 04:34 Repeat$_Repeat_SDF_Director_run_Repeat$__R_sL_1.class
-rw-rw-r--   1 travis travis   540 Jun  4 04:34 Repeat$_Repeat_SDF_Director_run_Repeat$__R_sL_2.class
-rw-rw-r--   1 travis travis   540 Jun  4 04:34 Repeat$_Repeat_SDF_Director_run_Repeat$__R_sL_4.class
-rw-rw-r--   1 travis travis   540 Jun  4 04:34 Repeat$_Repeat_SDF_Director_run_Repeat$__R_sL_5.class
-rw-rw-r--   1 travis travis   691 Jun  4 04:34 Repeat$_Repeat_SDF_Director_run_Repeat$__R_sL_6.class
-rw-rw-r--   1 travis travis   540 Jun  4 04:34 Repeat$_Repeat_SDF_Director_run_Repeat$__R_sL_7.class
-rw-rw-r--   1 travis travis   863 Jun  4 04:34 Repeat$_varinit_Repeat.class
-rw-rw-r--   1 travis travis   530 Jun  4 04:34 Repeat$_varinit_Repeat$__v_sL_1.class
-rw-rw-r--   1 travis travis   531 Jun  4 04:34 Repeat$_varinit_Repeat$__v_sL_2.class
-rw-rw-r--   1 travis travis   905 Jun  4 04:34 Repeat$_varinit_Repeat$__v_sL_4.class
-rw-rw-r--   1 travis travis   635 Jun  4 04:34 Repeat$_wrapup_Repeat.class
-rw-rw-r--   1 travis travis   965 Jun  4 04:34 Repeat$_wrapup_Repeat$__w_sL_1.class
-rw-rw-r--   1 travis travis   289 Jun  4 04:29 result.csv
drwxrwxr-x   3 travis travis 12288 Jun  4 04:32 Scrambler1
drwxrwxr-x   3 travis travis 20480 Jun  4 04:31 Sinewave2
drwxrwxr-x   3 travis travis 69632 Jun  4 04:32 StringCompare
drwxrwxr-x   3 travis travis 32768 Jun  4 04:32 StringFunction
drwxrwxr-x   3 travis travis 12288 Jun  4 04:32 StringLength
drwxrwxr-x   3 travis travis 57344 Jun  4 04:33 StringSimpleReplace
drwxrwxr-x   3 travis travis 12288 Jun  4 04:33 time2
drwxrwxr-x   3 travis travis 12288 Jun  4 04:34 time5
-rw-rw-r--   1 travis travis   432 Jun  4 04:35 Token.class
-rw-rw-r--   1 travis travis   251 Jun  4 04:35 Token.java
-rw-rw-r--   1 travis travis     0 Jun  4 04:34 top.
-rw-rw-r--   1 travis travis 20502 Jun  4 04:29 top.c
-rw-rw-r--   1 travis travis  3567 Jun  4 04:34 top.class
-rw-rw-r--   1 travis travis   169 Jun  4 04:29 top.html
-rw-rw-r--   1 travis travis  7552 Jun  4 04:34 top.java
-rw-rw-r--   1 travis travis 38888 Jun  4 04:29 top.o
drwxrwxr-x   3 travis travis 57344 Jun  4 04:31 UnaryMathFunction
All Done
Writing ModularCodeGen6_A_A2.java in file:/home/travis/cg/ (11329 characters)
Reading "ptolemy/cg/kernel/generic/program/procedural/java/modular/makefile.in",
    writing "/home/travis/cg/ModularCodeGen6_A_A2.mk"
Using ptolemy/cg/kernel/generic/program/procedural/java/modular/makefile.in
In "/home/travis/cg", about to execute:
    make -f ModularCodeGen6_A_A2.mk
javac -classpath ".:.."    ModularCodeGen6_A_A2.java
All Done
In "/home/travis/cg", about to execute:
    pwd
In "/home/travis/cg", about to execute:
    ls -l
/home/travis/cg
total 1888
drwxrwxr-x   3 travis travis 12288 Jun  4 04:30 AbsoluteValue
drwxrwxr-x   3 travis travis 16384 Jun  4 04:30 Case1
drwxrwxr-x   3 travis travis 32768 Jun  4 04:30 Case2
-rw-rw-r--   1 travis travis  4895 Jun  4 04:34 CompiledCompositeActor_CompiledCompositeActor.class
-rw-rw-r--   1 travis travis  1592 Jun  4 04:34 CompiledCompositeActor_CompiledCompositeActor$_CompiledCompositeActor_CompiledCompositeActor.class
-rw-rw-r--   1 travis travis 13466 Jun  4 04:34 CompiledCompositeActor_CompiledCompositeActor.java
-rw-rw-r--   1 travis travis  1593 Jun  4 04:34 CompiledCompositeActor_CompiledCompositeActor.mk
drwxrwxr-x   3 travis travis 24576 Jun  4 04:32 DeScrambler
drwxrwxr-x   3 travis travis 16384 Jun  4 04:33 DotProduct
drwxrwxr-x   3 travis travis 12288 Jun  4 04:30 FileWriter1
drwxrwxr-x   3 travis travis 20480 Jun  4 04:29 FixToDoubleAndBack
drwxrwxr-x   3 travis travis 16384 Jun  4 04:30 Gaussian1
drwxrwxr-x   3 travis travis 20480 Jun  4 04:30 Gaussian2
-rw-rw-r--   1 travis travis  4457 Jun  4 04:34 JavaCompiledCompositeTest1_CompiledCompositeActor.class
-rw-rw-r--   1 travis travis 11637 Jun  4 04:34 JavaCompiledCompositeTest1_CompiledCompositeActor.java
-rw-rw-r--   1 travis travis  1198 Jun  4 04:34 JavaCompiledCompositeTest1_CompiledCompositeActor$_JavaCompiledCompositeTest1_CompiledCompositeActor.class
-rw-rw-r--   1 travis travis  1625 Jun  4 04:34 JavaCompiledCompositeTest1_CompiledCompositeActor.mk
-rw-rw-r--   1 travis travis  4888 Jun  4 04:34 JavaCompiledCompositeTest2_CompiledCompositeActor.class
-rw-rw-r--   1 travis travis 14919 Jun  4 04:34 JavaCompiledCompositeTest2_CompiledCompositeActor.java
-rw-rw-r--   1 travis travis  1793 Jun  4 04:34 JavaCompiledCompositeTest2_CompiledCompositeActor$_JavaCompiledCompositeTest2_CompiledCompositeActor.class
-rw-rw-r--   1 travis travis  1625 Jun  4 04:34 JavaCompiledCompositeTest2_CompiledCompositeActor.mk
-rw-rw-r--   1 travis travis  4505 Jun  4 04:34 JavaCompiledCompositeTest3_CompiledCompositeActor.class
-rw-rw-r--   1 travis travis 13080 Jun  4 04:34 JavaCompiledCompositeTest3_CompiledCompositeActor.java
-rw-rw-r--   1 travis travis  1378 Jun  4 04:34 JavaCompiledCompositeTest3_CompiledCompositeActor$_JavaCompiledCompositeTest3_CompiledCompositeActor.class
-rw-rw-r--   1 travis travis  1625 Jun  4 04:34 JavaCompiledCompositeTest3_CompiledCompositeActor.mk
-rw-rw-r--   1 travis travis  3953 Jun  4 04:34 JavaCompiledCompositeTest4_CompiledCompositeActor.class
-rw-rw-r--   1 travis travis  9687 Jun  4 04:34 JavaCompiledCompositeTest4_CompiledCompositeActor.java
-rw-rw-r--   1 travis travis   857 Jun  4 04:34 JavaCompiledCompositeTest4_CompiledCompositeActor$_JavaCompiledCompositeTest4_CompiledCompositeActor.class
-rw-rw-r--   1 travis travis  1625 Jun  4 04:34 JavaCompiledCompositeTest4_CompiledCompositeActor.mk
drwxrwxr-x   3 travis travis 12288 Jun  4 04:30 LookupTable
drwxrwxr-x   3 travis travis 20480 Jun  4 04:31 MaxIndex
-rw-rw-r--   1 travis travis  3693 Jun  4 04:34 ModularCG_A1_B1.class
-rw-rw-r--   1 travis travis  9730 Jun  4 04:34 ModularCG_A1_B1.java
-rw-rw-r--   1 travis travis   832 Jun  4 04:34 ModularCG_A1_B1.mk
-rw-rw-r--   1 travis travis  1318 Jun  4 04:34 ModularCG_A1_B1_profile.class
-rw-rw-r--   1 travis travis  1262 Jun  4 04:34 ModularCG_A1_B1_profile.java
-rw-rw-r--   1 travis travis  3693 Jun  4 04:34 ModularCG_A1_B2.class
-rw-rw-r--   1 travis travis  9730 Jun  4 04:34 ModularCG_A1_B2.java
-rw-rw-r--   1 travis travis   832 Jun  4 04:34 ModularCG_A1_B2.mk
-rw-rw-r--   1 travis travis  1318 Jun  4 04:34 ModularCG_A1_B2_profile.class
-rw-rw-r--   1 travis travis  1262 Jun  4 04:34 ModularCG_A1_B2_profile.java
-rw-rw-r--   1 travis travis  4799 Jun  4 04:34 ModularCG_A1.class
-rw-rw-r--   1 travis travis 14742 Jun  4 04:34 ModularCG_A1.java
-rw-rw-r--   1 travis travis   808 Jun  4 04:34 ModularCG_A1.mk
-rw-rw-r--   1 travis travis  1433 Jun  4 04:34 ModularCG_A1_profile.class
-rw-rw-r--   1 travis travis  1704 Jun  4 04:34 ModularCG_A1_profile.java
-rw-rw-r--   1 travis travis  3827 Jun  4 04:34 ModularCG_A2_B1.class
-rw-rw-r--   1 travis travis 10667 Jun  4 04:34 ModularCG_A2_B1.java
-rw-rw-r--   1 travis travis   832 Jun  4 04:34 ModularCG_A2_B1.mk
-rw-rw-r--   1 travis travis  1381 Jun  4 04:34 ModularCG_A2_B1_profile.class
-rw-rw-r--   1 travis travis  1446 Jun  4 04:34 ModularCG_A2_B1_profile.java
-rw-rw-r--   1 travis travis  3693 Jun  4 04:34 ModularCG_A2_B2.class
-rw-rw-r--   1 travis travis  9730 Jun  4 04:34 ModularCG_A2_B2.java
-rw-rw-r--   1 travis travis   832 Jun  4 04:34 ModularCG_A2_B2.mk
-rw-rw-r--   1 travis travis  1318 Jun  4 04:34 ModularCG_A2_B2_profile.class
-rw-rw-r--   1 travis travis  1262 Jun  4 04:34 ModularCG_A2_B2_profile.java
-rw-rw-r--   1 travis travis  4870 Jun  4 04:34 ModularCG_A2.class
-rw-rw-r--   1 travis travis 15129 Jun  4 04:34 ModularCG_A2.java
-rw-rw-r--   1 travis travis   808 Jun  4 04:34 ModularCG_A2.mk
-rw-rw-r--   1 travis travis  1433 Jun  4 04:34 ModularCG_A2_profile.class
-rw-rw-r--   1 travis travis  1704 Jun  4 04:34 ModularCG_A2_profile.java
-rw-rw-r--   1 travis travis  3473 Jun  4 04:34 ModularCGPubSub_A1_A2.class
-rw-rw-r--   1 travis travis  9076 Jun  4 04:34 ModularCGPubSub_A1_A2.java
-rw-rw-r--   1 travis travis   880 Jun  4 04:34 ModularCGPubSub_A1_A2.mk
-rw-rw-r--   1 travis travis  1300 Jun  4 04:34 ModularCGPubSub_A1_A2_profile.class
-rw-rw-r--   1 travis travis  1222 Jun  4 04:34 ModularCGPubSub_A1_A2_profile.java
-rw-rw-r--   1 travis travis  3790 Jun  4 04:34 ModularCGPubSub_A1.class
-rw-rw-r--   1 travis travis  9836 Jun  4 04:34 ModularCGPubSub_A1.java
-rw-rw-r--   1 travis travis   856 Jun  4 04:34 ModularCGPubSub_A1.mk
-rw-rw-r--   1 travis travis  1346 Jun  4 04:34 ModularCGPubSub_A1_profile.class
-rw-rw-r--   1 travis travis  1388 Jun  4 04:34 ModularCGPubSub_A1_profile.java
-rw-rw-r--   1 travis travis  3988 Jun  4 04:34 ModularCodeGen2_ModularCodeGenTypedCompositeActor.class
-rw-rw-r--   1 travis travis 11690 Jun  4 04:34 ModularCodeGen2_ModularCodeGenTypedCompositeActor.java
-rw-rw-r--   1 travis travis  1104 Jun  4 04:34 ModularCodeGen2_ModularCodeGenTypedCompositeActor.mk
-rw-rw-r--   1 travis travis  4272 Jun  4 04:34 ModularCodeGen2_ModularCodeGenTypedCompositeActor_ModularCodeGenTypedCompositeActor.class
-rw-rw-r--   1 travis travis 11790 Jun  4 04:34 ModularCodeGen2_ModularCodeGenTypedCompositeActor_ModularCodeGenTypedCompositeActor.java
-rw-rw-r--   1 travis travis  1376 Jun  4 04:34 ModularCodeGen2_ModularCodeGenTypedCompositeActor_ModularCodeGenTypedCompositeActor.mk
-rw-rw-r--   1 travis travis  1421 Jun  4 04:34 ModularCodeGen2_ModularCodeGenTypedCompositeActor_ModularCodeGenTypedCompositeActor_profile.class
-rw-rw-r--   1 travis travis  1294 Jun  4 04:34 ModularCodeGen2_ModularCodeGenTypedCompositeActor_ModularCodeGenTypedCompositeActor_profile.java
-rw-rw-r--   1 travis travis   820 Jun  4 04:34 ModularCodeGen2_ModularCodeGenTypedCompositeActor_profile.class
-rw-rw-r--   1 travis travis   693 Jun  4 04:34 ModularCodeGen2_ModularCodeGenTypedCompositeActor_profile.java
-rw-rw-r--   1 travis travis  3741 Jun  4 04:34 ModularCodeGen3_A1_B1.class
-rw-rw-r--   1 travis travis  9958 Jun  4 04:34 ModularCodeGen3_A1_B1.java
-rw-rw-r--   1 travis travis   880 Jun  4 04:34 ModularCodeGen3_A1_B1.mk
-rw-rw-r--   1 travis travis  1330 Jun  4 04:34 ModularCodeGen3_A1_B1_profile.class
-rw-rw-r--   1 travis travis  1274 Jun  4 04:34 ModularCodeGen3_A1_B1_profile.java
-rw-rw-r--   1 travis travis  3741 Jun  4 04:35 ModularCodeGen3_A1_B2.class
-rw-rw-r--   1 travis travis  9958 Jun  4 04:35 ModularCodeGen3_A1_B2.java
-rw-rw-r--   1 travis travis   880 Jun  4 04:35 ModularCodeGen3_A1_B2.mk
-rw-rw-r--   1 travis travis  1330 Jun  4 04:35 ModularCodeGen3_A1_B2_profile.class
-rw-rw-r--   1 travis travis  1274 Jun  4 04:34 ModularCodeGen3_A1_B2_profile.java
-rw-rw-r--   1 travis travis  4961 Jun  4 04:35 ModularCodeGen3_A1.class
-rw-rw-r--   1 travis travis 15564 Jun  4 04:35 ModularCodeGen3_A1.java
-rw-rw-r--   1 travis travis   856 Jun  4 04:35 ModularCodeGen3_A1.mk
-rw-rw-r--   1 travis travis  1445 Jun  4 04:35 ModularCodeGen3_A1_profile.class
-rw-rw-r--   1 travis travis  1716 Jun  4 04:35 ModularCodeGen3_A1_profile.java
-rw-rw-r--   1 travis travis  3887 Jun  4 04:35 ModularCodeGen3_A2_B1.class
-rw-rw-r--   1 travis travis 10955 Jun  4 04:35 ModularCodeGen3_A2_B1.java
-rw-rw-r--   1 travis travis   880 Jun  4 04:35 ModularCodeGen3_A2_B1.mk
-rw-rw-r--   1 travis travis  1393 Jun  4 04:35 ModularCodeGen3_A2_B1_profile.class
-rw-rw-r--   1 travis travis  1458 Jun  4 04:35 ModularCodeGen3_A2_B1_profile.java
-rw-rw-r--   1 travis travis  3741 Jun  4 04:35 ModularCodeGen3_A2_B2.class
-rw-rw-r--   1 travis travis  9958 Jun  4 04:35 ModularCodeGen3_A2_B2.java
-rw-rw-r--   1 travis travis   880 Jun  4 04:35 ModularCodeGen3_A2_B2.mk
-rw-rw-r--   1 travis travis  1330 Jun  4 04:35 ModularCodeGen3_A2_B2_profile.class
-rw-rw-r--   1 travis travis  1274 Jun  4 04:35 ModularCodeGen3_A2_B2_profile.java
-rw-rw-r--   1 travis travis  5038 Jun  4 04:35 ModularCodeGen3_A2.class
-rw-rw-r--   1 travis travis 15957 Jun  4 04:35 ModularCodeGen3_A2.java
-rw-rw-r--   1 travis travis   856 Jun  4 04:35 ModularCodeGen3_A2.mk
-rw-rw-r--   1 travis travis  1445 Jun  4 04:35 ModularCodeGen3_A2_profile.class
-rw-rw-r--   1 travis travis  1716 Jun  4 04:35 ModularCodeGen3_A2_profile.java
-rw-rw-r--   1 travis travis  3794 Jun  4 04:35 ModularCodeGen4_A1_B1.class
-rw-rw-r--   1 travis travis 10312 Jun  4 04:35 ModularCodeGen4_A1_B1.java
-rw-rw-r--   1 travis travis   880 Jun  4 04:35 ModularCodeGen4_A1_B1.mk
-rw-rw-r--   1 travis travis  1330 Jun  4 04:35 ModularCodeGen4_A1_B1_profile.class
-rw-rw-r--   1 travis travis  1273 Jun  4 04:35 ModularCodeGen4_A1_B1_profile.java
-rw-rw-r--   1 travis travis  3794 Jun  4 04:35 ModularCodeGen4_A1_B2.class
-rw-rw-r--   1 travis travis 10312 Jun  4 04:35 ModularCodeGen4_A1_B2.java
-rw-rw-r--   1 travis travis   880 Jun  4 04:35 ModularCodeGen4_A1_B2.mk
-rw-rw-r--   1 travis travis  1330 Jun  4 04:35 ModularCodeGen4_A1_B2_profile.class
-rw-rw-r--   1 travis travis  1273 Jun  4 04:35 ModularCodeGen4_A1_B2_profile.java
-rw-rw-r--   1 travis travis  5101 Jun  4 04:35 ModularCodeGen4_A1.class
-rw-rw-r--   1 travis travis 16245 Jun  4 04:35 ModularCodeGen4_A1.java
-rw-rw-r--   1 travis travis   856 Jun  4 04:35 ModularCodeGen4_A1.mk
-rw-rw-r--   1 travis travis  1445 Jun  4 04:35 ModularCodeGen4_A1_profile.class
-rw-rw-r--   1 travis travis  1712 Jun  4 04:35 ModularCodeGen4_A1_profile.java
-rw-rw-r--   1 travis travis  3988 Jun  4 04:35 ModularCodeGen4_A2_B1.class
-rw-rw-r--   1 travis travis 11375 Jun  4 04:35 ModularCodeGen4_A2_B1.java
-rw-rw-r--   1 travis travis   880 Jun  4 04:35 ModularCodeGen4_A2_B1.mk
-rw-rw-r--   1 travis travis  1393 Jun  4 04:35 ModularCodeGen4_A2_B1_profile.class
-rw-rw-r--   1 travis travis  1454 Jun  4 04:35 ModularCodeGen4_A2_B1_profile.java
-rw-rw-r--   1 travis travis  3842 Jun  4 04:35 ModularCodeGen4_A2_B2.class
-rw-rw-r--   1 travis travis 10378 Jun  4 04:35 ModularCodeGen4_A2_B2.java
-rw-rw-r--   1 travis travis   880 Jun  4 04:35 ModularCodeGen4_A2_B2.mk
-rw-rw-r--   1 travis travis  1330 Jun  4 04:35 ModularCodeGen4_A2_B2_profile.class
-rw-rw-r--   1 travis travis  1270 Jun  4 04:35 ModularCodeGen4_A2_B2_profile.java
-rw-rw-r--   1 travis travis  5274 Jun  4 04:35 ModularCodeGen4_A2.class
-rw-rw-r--   1 travis travis 16770 Jun  4 04:35 ModularCodeGen4_A2.java
-rw-rw-r--   1 travis travis   856 Jun  4 04:35 ModularCodeGen4_A2.mk
-rw-rw-r--   1 travis travis  1445 Jun  4 04:35 ModularCodeGen4_A2_profile.class
-rw-rw-r--   1 travis travis  1712 Jun  4 04:35 ModularCodeGen4_A2_profile.java
-rw-rw-r--   1 travis travis  6838 Jun  4 04:35 ModularCodeGen5_A_A.class
-rw-rw-r--   1 travis travis 28721 Jun  4 04:35 ModularCodeGen5_A_A.java
-rw-rw-r--   1 travis travis   864 Jun  4 04:35 ModularCodeGen5_A_A.mk
-rw-rw-r--   1 travis travis  1520 Jun  4 04:35 ModularCodeGen5_A_A_profile.class
-rw-rw-r--   1 travis travis  1815 Jun  4 04:35 ModularCodeGen5_A_A_profile.java
-rw-rw-r--   1 travis travis  5115 Jun  4 04:35 ModularCodeGen5_A.class
-rw-rw-r--   1 travis travis 13769 Jun  4 04:35 ModularCodeGen5_A.java
-rw-rw-r--   1 travis travis   848 Jun  4 04:35 ModularCodeGen5_A.mk
-rw-rw-r--   1 travis travis  1422 Jun  4 04:35 ModularCodeGen5_A_profile.class
-rw-rw-r--   1 travis travis  1605 Jun  4 04:35 ModularCodeGen5_A_profile.java
-rw-rw-r--   1 travis travis  4125 Jun  4 04:35 ModularCodeGen6_A_A2.class
-rw-rw-r--   1 travis travis 11329 Jun  4 04:35 ModularCodeGen6_A_A2.java
-rw-rw-r--   1 travis travis   872 Jun  4 04:35 ModularCodeGen6_A_A2.mk
-rw-rw-r--   1 travis travis  1351 Jun  4 04:35 ModularCodeGen6_A_A2_profile.class
-rw-rw-r--   1 travis travis  1364 Jun  4 04:35 ModularCodeGen6_A_A2_profile.java
-rw-rw-r--   1 travis travis  4108 Jun  4 04:35 ModularCodeGen6_A_A.class
-rw-rw-r--   1 travis travis 11221 Jun  4 04:35 ModularCodeGen6_A_A.java
-rw-rw-r--   1 travis travis   864 Jun  4 04:35 ModularCodeGen6_A_A.mk
-rw-rw-r--   1 travis travis  1348 Jun  4 04:35 ModularCodeGen6_A_A_profile.class
-rw-rw-r--   1 travis travis  1361 Jun  4 04:35 ModularCodeGen6_A_A_profile.java
-rw-rw-r--   1 travis travis  1810 Jun  4 04:35 ModularCodeGen6_A_profile.java
-rw-rw-r--   1 travis travis  3954 Jun  4 04:34 ModularCodeGen_ModularCodeGenTypedCompositeActor.class
-rw-rw-r--   1 travis travis 10970 Jun  4 04:34 ModularCodeGen_ModularCodeGenTypedCompositeActor.java
-rw-rw-r--   1 travis travis  1096 Jun  4 04:34 ModularCodeGen_ModularCodeGenTypedCompositeActor.mk
-rw-rw-r--   1 travis travis  1384 Jun  4 04:34 ModularCodeGen_ModularCodeGenTypedCompositeActor_profile.class
-rw-rw-r--   1 travis travis  1328 Jun  4 04:34 ModularCodeGen_ModularCodeGenTypedCompositeActor_profile.java
-rw-rw-r--   1 travis travis  3492 Jun  4 04:34 ModularCodeGenTest_A1_A2.class
-rw-rw-r--   1 travis travis   904 Jun  4 04:34 ModularCodeGenTest_A1_A2.mk
-rw-rw-r--   1 travis travis  1306 Jun  4 04:34 ModularCodeGenTest_A1_A2_profile.class
-rw-rw-r--   1 travis travis  3823 Jun  4 04:34 ModularCodeGenTest_A1.class
-rw-rw-r--   1 travis travis  9968 Jun  4 04:34 ModularCodeGenTest_A1.java
-rw-rw-r--   1 travis travis   880 Jun  4 04:34 ModularCodeGenTest_A1.mk
-rw-rw-r--   1 travis travis  1352 Jun  4 04:34 ModularCodeGenTest_A1_profile.class
-rw-rw-r--   1 travis travis  1394 Jun  4 04:34 ModularCodeGenTest_A1_profile.java
drwxrwxr-x   3 travis travis 36864 Jun  4 04:34 modulation2
drwxrwxr-x   3 travis travis 20480 Jun  4 04:31 Multiplexor
drwxrwxr-x 242 travis travis 12288 Jun  4 04:34 node_modules
drwxrwxr-x   3 travis travis 20480 Jun  4 04:31 PhaseUnwrap
-rw-rw-r--   1 travis travis   520 Jun  4 04:34 Repeat$_fireFunction_Repeat_Repeat$__f_sL_0.class
-rw-rw-r--   1 travis travis   522 Jun  4 04:34 Repeat$_fireFunction_Repeat_Repeat$__f_sL_10.class
-rw-rw-r--   1 travis travis   666 Jun  4 04:34 Repeat$_fireFunction_Repeat_Repeat$__f_sL_11.class
-rw-rw-r--   1 travis travis   522 Jun  4 04:34 Repeat$_fireFunction_Repeat_Repeat$__f_sL_13.class
-rw-rw-r--   1 travis travis   665 Jun  4 04:34 Repeat$_fireFunction_Repeat_Repeat$__f_sL_1.class
-rw-rw-r--   1 travis travis   520 Jun  4 04:34 Repeat$_fireFunction_Repeat_Repeat$__f_sL_2.class
-rw-rw-r--   1 travis travis   520 Jun  4 04:34 Repeat$_fireFunction_Repeat_Repeat$__f_sL_3.class
-rw-rw-r--   1 travis travis   520 Jun  4 04:34 Repeat$_fireFunction_Repeat_Repeat$__f_sL_5.class
-rw-rw-r--   1 travis travis   671 Jun  4 04:34 Repeat$_fireFunction_Repeat_Repeat$__f_sL_7.class
-rw-rw-r--   1 travis travis   520 Jun  4 04:34 Repeat$_fireFunction_Repeat_Repeat$__f_sL_9.class
-rw-rw-r--   1 travis travis   813 Jun  4 04:34 Repeat$_initialize_Repeat.class
-rw-rw-r--   1 travis travis   475 Jun  4 04:34 Repeat$_initialize_Repeat$__i_sL_0.class
-rw-rw-r--   1 travis travis   519 Jun  4 04:34 Repeat$_initialize_Repeat$__i_sL_3.class
-rw-rw-r--   1 travis travis 39778 Jun  4 04:34 Repeat.java
-rw-rw-r--   1 travis travis  1281 Jun  4 04:34 Repeat.mk
-rw-rw-r--   1 travis travis   520 Jun  4 04:34 Repeat$_preinitializeMethod_Repeat$__p_sL_0.class
-rw-rw-r--   1 travis travis   520 Jun  4 04:34 Repeat$_preinitializeMethod_Repeat$__p_sL_1.class
-rw-rw-r--   1 travis travis  1083 Jun  4 04:34 Repeat$_Repeat$_fireFunction_Repeat_AddSubtract_Repeat.class
-rw-rw-r--   1 travis travis   791 Jun  4 04:34 Repeat$_Repeat$_fireFunction_Repeat_AddSubtract_Repeat$__f_sL_0.class
-rw-rw-r--   1 travis travis   909 Jun  4 04:34 Repeat$_Repeat$_fireFunction_Repeat_AddSubtract_Repeat$__f_sL_1.class
-rw-rw-r--   1 travis travis   915 Jun  4 04:34 Repeat$_Repeat$_fireFunction_Repeat_AddSubtract_Repeat$__f_sL_2.class
-rw-rw-r--   1 travis travis   838 Jun  4 04:34 Repeat$_Repeat$_fireFunction_Repeat_Ramp2_Repeat$__f_sL_1.class
-rw-rw-r--   1 travis travis  1785 Jun  4 04:34 Repeat$_Repeat$_fireFunction_Repeat_Test_Repeat$__f_sL_2.class
-rw-rw-r--   1 travis travis   685 Jun  4 04:34 Repeat$_Repeat_SDF_Director_run_Repeat$__R_sL_0.class
-rw-rw-r--   1 travis travis   540 Jun  4 04:34 Repeat$_Repeat_SDF_Director_run_Repeat$__R_sL_1.class
-rw-rw-r--   1 travis travis   540 Jun  4 04:34 Repeat$_Repeat_SDF_Director_run_Repeat$__R_sL_2.class
-rw-rw-r--   1 travis travis   540 Jun  4 04:34 Repeat$_Repeat_SDF_Director_run_Repeat$__R_sL_4.class
-rw-rw-r--   1 travis travis   540 Jun  4 04:34 Repeat$_Repeat_SDF_Director_run_Repeat$__R_sL_5.class
-rw-rw-r--   1 travis travis   691 Jun  4 04:34 Repeat$_Repeat_SDF_Director_run_Repeat$__R_sL_6.class
-rw-rw-r--   1 travis travis   540 Jun  4 04:34 Repeat$_Repeat_SDF_Director_run_Repeat$__R_sL_7.class
-rw-rw-r--   1 travis travis   863 Jun  4 04:34 Repeat$_varinit_Repeat.class
-rw-rw-r--   1 travis travis   530 Jun  4 04:34 Repeat$_varinit_Repeat$__v_sL_1.class
-rw-rw-r--   1 travis travis   531 Jun  4 04:34 Repeat$_varinit_Repeat$__v_sL_2.class
-rw-rw-r--   1 travis travis   905 Jun  4 04:34 Repeat$_varinit_Repeat$__v_sL_4.class
-rw-rw-r--   1 travis travis   635 Jun  4 04:34 Repeat$_wrapup_Repeat.class
-rw-rw-r--   1 travis travis   965 Jun  4 04:34 Repeat$_wrapup_Repeat$__w_sL_1.class
-rw-rw-r--   1 travis travis   289 Jun  4 04:29 result.csv
drwxrwxr-x   3 travis travis 12288 Jun  4 04:32 Scrambler1
drwxrwxr-x   3 travis travis 20480 Jun  4 04:31 Sinewave2
drwxrwxr-x   3 travis travis 69632 Jun  4 04:32 StringCompare
drwxrwxr-x   3 travis travis 32768 Jun  4 04:32 StringFunction
drwxrwxr-x   3 travis travis 12288 Jun  4 04:32 StringLength
In "/home/travis/cg", about to execute:
drwxrwxr-x   3 travis travis 57344 Jun  4 04:33 StringSimpleReplace
drwxrwxr-x   3 travis travis 12288 Jun  4 04:33 time2
drwxrwxr-x   3 travis travis 12288 Jun  4 04:34 time5
-rw-rw-r--   1 travis travis   432 Jun  4 04:35 Token.class
-rw-rw-r--   1 travis travis   251 Jun  4 04:35 Token.java
-rw-rw-r--   1 travis travis     0 Jun  4 04:34 top.
-rw-rw-r--   1 travis travis 20502 Jun  4 04:29 top.c
-rw-rw-r--   1 travis travis  3567 Jun  4 04:34 top.class
-rw-rw-r--   1 travis travis   169 Jun  4 04:29 top.html
-rw-rw-r--   1 travis travis  7552 Jun  4 04:34 top.java
-rw-rw-r--   1 travis travis 38888 Jun  4 04:29 top.o
drwxrwxr-x   3 travis travis 57344 Jun  4 04:31 UnaryMathFunction
    javac -classpath
.:/home/travis/build/icyphy/ptII:/home/travis/build/icyphy/ptII/lib/bsh-2.0b4.j
ar:/home/travis/build/icyphy/ptII/lib/ptCal.jar:/home/travis/build/icyphy/ptII/
lib/java_cup.jar:/home/travis/build/icyphy/ptII/lib/saxon8.jar:/home/travis/bui
ld/icyphy/ptII/lib/saxon8-dom.jar:/home/travis/build/icyphy/ptII/lib/chic.jar:/
home/travis/build/icyphy/ptII/lib/ptcolt.jar:/usr/lib/jvm/java-8-oracle/lib/too
ls.jar:/home/travis/build/icyphy/ptII/vendors/misc/itext/iText.jar:/home/travis
/build/icyphy/ptII/lib/g4ltl.jar:/home/travis/build/icyphy/ptII/lib/StructuralC
oder.jar:/home/travis/build/icyphy/ptII/vendors/jai-1_1_2_01/lib/jai_core.jar:/
home/travis/build/icyphy/ptII/vendors/jai-1_1_2_01/lib/jai_codec.jar:/home/trav
is/build/icyphy/ptII/lib/jcerti.jar:/home/travis/build/icyphy/ptII/lib/javax.ma
il.jar:/home/travis/build/icyphy/ptII/vendors/JMF-2.1.1e/lib/jmf.jar:/home/trav
is/build/icyphy/ptII/lib/jna-4.0.0-variadic.jar:/home/travis/build/icyphy/ptII/
vendors/misc/joystick/Joystick.jar:/home/travis/build/icyphy/ptII/lib/ptjacl.ja
r:/home/travis/build/icyphy/ptII/lib/jsoup-1.8.2.jar:/home/travis/build/icyphy/
ptII/lib/junit-4.8.2.jar:/home/travis/build/icyphy/ptII/lib/JUnitParams-0.4.0.j
ar:/home/travis/build/icyphy/ptII/ptolemy/actor/lib/excel/jxl.jar:/home/travis/
build/icyphy/ptII/lib/jython.jar:/home/travis/build/icyphy/ptII/lib/kieler.jar:
/home/travis/build/icyphy/ptII/vendors/opencv/share/OpenCV/java/opencv-341.jar:
/home/travis/build/icyphy/ptII/lib/oscP5.jar:/home/travis/build/icyphy/ptII/lib
/nrjavaserial-3.11.0.devel.jar:/home/travis/build/icyphy/ptII/vendors/j3d/lib/j
3dcore.jar:/home/travis/build/icyphy/ptII/vendors/j3d/lib/j3dutils.jar:/home/tr
avis/build/icyphy/ptII/vendors/j3d/lib/vecmath.jar:/home/travis/build/icyphy/pt
II/ptolemy/distributed/jini/jar/jini-core.jar:/home/travis/build/icyphy/ptII/pt
olemy/distributed/jini/jar/jini-ext.jar:/home/travis/build/icyphy/ptII/ptolemy/
distributed/jini/jar/sun-util.jar:/home/travis/build/icyphy/ptII/lib/protobuf-j
ava-2.4.1.jar:/home/travis/build/icyphy/ptII/lib/org.eclipse.paho.client.mqttv3
.jar:/home/travis/build/icyphy/ptII/lib/mapss.jar:/home/travis/build/icyphy/ptI
I/ptolemy/actor/ptalon/antlr/antlr.jar:/home/travis/build/icyphy/ptII/lib/JRI.j
ar:/home/travis/build/icyphy/ptII/lib/commons-lang-2.6.jar:/home/travis/build/i
cyphy/ptII/lib/commons-logging-1.1.1.jar:/home/travis/build/icyphy/ptII/lib/soo
tclasses.jar:/home/travis/build/icyphy/ptII/ptolemy/actor/lib/database/mysql-co
nnector-java-5.1.6-bin.jar:/home/travis/build/icyphy/ptII/vendors/misc/sphinx4/
sphinx4-data-5prealpha.jar:/home/travis/build/icyphy/ptII/vendors/misc/sphinx4/
sphinx4-core-5prealpha.jar:/home/travis/build/icyphy/ptII/lib/PDFRenderer.jar:/
home/travis/build/icyphy/ptII/lib/svgSalamander.jar:/home/travis/build/icyphy/p
tII/lib/rsyntaxtextarea-2.6.0-SNAPSHOT.jar:/home/travis/build/icyphy/ptII/lib/h
azelcast-3.8.2.jar:/home/travis/build/icyphy/ptII/lib/jackson-annotations-2.9.0
.jar:/home/travis/build/icyphy/ptII/lib/jackson-core-2.9.3.jar:/home/travis/bui
ld/icyphy/ptII/lib/jackson-databind-2.9.3.jar:/home/travis/build/icyphy/ptII/li
b/netty-buffer-4.1.19.Final.jar:/home/travis/build/icyphy/ptII/lib/netty-codec-
4.1.19.Final.jar:/home/travis/build/icyphy/ptII/lib/netty-codec-dns-4.1.19.Fina
l.jar:/home/travis/build/icyphy/ptII/lib/netty-codec-http-4.1.19.Final.jar:/hom
e/travis/build/icyphy/ptII/lib/netty-codec-http2-4.1.19.Final.jar:/home/travis/
build/icyphy/ptII/lib/netty-common-4.1.19.Final.jar:/home/travis/build/icyphy/p
tII/lib/netty-handler-4.1.19.Final.jar:/home/travis/build/icyphy/ptII/lib/netty
-resolver-4.1.19.Final.jar:/home/travis/build/icyphy/ptII/lib/netty-resolver-dn
s-4.1.19.Final.jar:/home/travis/build/icyphy/ptII/lib/netty-transport-4.1.19.Fi
nal.jar:/home/travis/build/icyphy/ptII/lib/vertx-codegen-3.5.1.jar:/home/travis
/build/icyphy/ptII/lib/vertx-core-3.5.2-SNAPSHOT.jar:/home/travis/build/icyphy/
ptII/lib/vertx-hazelcast-3.5.1.jar:/home/travis/build/icyphy/ptII/lib/vertx-lan
g-js-3.5.1.jar:/home/travis/build/icyphy/ptII/lib/vertx-service-proxy-3.5.1.jar
:/home/travis/build/icyphy/ptII/lib/vertx-web-3.5.1.jar:/home/travis/build/icyp
hy/ptII/lib/slf4j-api-1.7.13.jar:/home/travis/build/icyphy/ptII/lib/slf4j-simpl
e-1.7.13.jar:/home/travis/build/icyphy/ptII/lib/webcam-capture-0.3.12.jar:/home
/travis/build/icyphy/ptII/lib/bridj-0.7.0.jar:/home/travis/build/icyphy/ptII/li
b/xbjlib-1.1.0.nrjavaserial.jar:/home/travis/build/icyphy/ptII/ptolemy/moml/tes
t:/home/travis/build/icyphy/ptII/ant/lib/ant-launcher.jar:/home/travis/build/ic
yphy/ptII/ant/lib/ant.jar:/home/travis/build/icyphy/ptII/ant/lib/ant-junit.jar:
/home/travis/build/icyphy/ptII/ant/lib/ant-junit4.jar:/home/travis/build/icyphy
/ptII ModularCodeGen6_A_profile.java
All Done
Writing ModularCodeGen6_A.java in file:/home/travis/cg/ (26535 characters)
Reading "ptolemy/cg/kernel/generic/program/procedural/java/modular/makefile.in",
    writing "/home/travis/cg/ModularCodeGen6_A.mk"
Using ptolemy/cg/kernel/generic/program/procedural/java/modular/makefile.in
In "/home/travis/cg", about to execute:
    make -f ModularCodeGen6_A.mk
javac -classpath ".:.."    ModularCodeGen6_A.java
All Done
6135 ms. Memory: 244224K Free: 128859K (53%)
----------------- Invoking toplevel() on ptolemy.moml.MoMLSimpleApplication@3a1bf2e
----------------- Done invoking toplevel() on ptolemy.moml.MoMLSimpleApplication@3a1bf2e
reloadAllAccessors: .ModularCodeGen6

===========================================================================================
----------------- testing Tue Jun 04 04:35:32 UTC 2019 /home/travis/build/icyphy/ptII/ptolemy/cg/lib/test/auto/ModularCodeGenLazyPubSub.xml
----------------- Instantiating /home/travis/build/icyphy/ptII/ptolemy/cg/lib/test/auto/ModularCodeGenLazyPubSub.xml
In "/home/travis/cg", about to execute:
    pwd
In "/home/travis/cg", about to execute:
    ls -l
/home/travis/cg
In "/home/travis/cg", about to execute:
    javac -classpath
.:/home/travis/build/icyphy/ptII:/home/travis/build/icyphy/ptII/lib/bsh-2.0b4.j
ar:/home/travis/build/icyphy/ptII/lib/ptCal.jar:/home/travis/build/icyphy/ptII/
lib/java_cup.jar:/home/travis/build/icyphy/ptII/lib/saxon8.jar:/home/travis/bui
ld/icyphy/ptII/lib/saxon8-dom.jar:/home/travis/build/icyphy/ptII/lib/chic.jar:/
home/travis/build/icyphy/ptII/lib/ptcolt.jar:/usr/lib/jvm/java-8-oracle/lib/too
ls.jar:/home/travis/build/icyphy/ptII/vendors/misc/itext/iText.jar:/home/travis
/build/icyphy/ptII/lib/g4ltl.jar:/home/travis/build/icyphy/ptII/lib/StructuralC
oder.jar:/home/travis/build/icyphy/ptII/vendors/jai-1_1_2_01/lib/jai_core.jar:/
home/travis/build/icyphy/ptII/vendors/jai-1_1_2_01/lib/jai_codec.jar:/home/trav
is/build/icyphy/ptII/lib/jcerti.jar:/home/travis/build/icyphy/ptII/lib/javax.ma
il.jar:/home/travis/build/icyphy/ptII/vendors/JMF-2.1.1e/lib/jmf.jar:/home/trav
is/build/icyphy/ptII/lib/jna-4.0.0-variadic.jar:/home/travis/build/icyphy/ptII/
vendors/misc/joystick/Joystick.jar:/home/travis/build/icyphy/ptII/lib/ptjacl.ja
r:/home/travis/build/icyphy/ptII/lib/jsoup-1.8.2.jar:/home/travis/build/icyphy/
ptII/lib/junit-4.8.2.jar:/home/travis/build/icyphy/ptII/lib/JUnitParams-0.4.0.j
ar:/home/travis/build/icyphy/ptII/ptolemy/actor/lib/excel/jxl.jar:/home/travis/
build/icyphy/ptII/lib/jython.jar:/home/travis/build/icyphy/ptII/lib/kieler.jar:
/home/travis/build/icyphy/ptII/vendors/opencv/share/OpenCV/java/opencv-341.jar:
/home/travis/build/icyphy/ptII/lib/oscP5.jar:/home/travis/build/icyphy/ptII/lib
/nrjavaserial-3.11.0.devel.jar:/home/travis/build/icyphy/ptII/vendors/j3d/lib/j
3dcore.jar:/home/travis/build/icyphy/ptII/vendors/j3d/lib/j3dutils.jar:/home/tr
avis/build/icyphy/ptII/vendors/j3d/lib/vecmath.jar:/home/travis/build/icyphy/pt
II/ptolemy/distributed/jini/jar/jini-core.jar:/home/travis/build/icyphy/ptII/pt
olemy/distributed/jini/jar/jini-ext.jar:/home/travis/build/icyphy/ptII/ptolemy/
distributed/jini/jar/sun-util.jar:/home/travis/build/icyphy/ptII/lib/protobuf-j
ava-2.4.1.jar:/home/travis/build/icyphy/ptII/lib/org.eclipse.paho.client.mqttv3
.jar:/home/travis/build/icyphy/ptII/lib/mapss.jar:/home/travis/build/icyphy/ptI
I/ptolemy/actor/ptalon/antlr/antlr.jar:/home/travis/build/icyphy/ptII/lib/JRI.j
ar:/home/travis/build/icyphy/ptII/lib/commons-lang-2.6.jar:/home/travis/build/i
cyphy/ptII/lib/commons-logging-1.1.1.jar:/home/travis/build/icyphy/ptII/lib/soo
tclasses.jar:/home/travis/build/icyphy/ptII/ptolemy/actor/lib/database/mysql-co
nnector-java-5.1.6-bin.jar:/home/travis/build/icyphy/ptII/vendors/misc/sphinx4/
sphinx4-data-5prealpha.jar:/home/travis/build/icyphy/ptII/vendors/misc/sphinx4/
sphinx4-core-5prealpha.jar:/home/travis/build/icyphy/ptII/lib/PDFRenderer.jar:/
home/travis/build/icyphy/ptII/lib/svgSalamander.jar:/home/travis/build/icyphy/p
tII/lib/rsyntaxtextarea-2.6.0-SNAPSHOT.jar:/home/travis/build/icyphy/ptII/lib/h
azelcast-3.8.2.jar:/home/travis/build/icyphy/ptII/lib/jackson-annotations-2.9.0
.jar:/home/travis/build/icyphy/ptII/lib/jackson-core-2.9.3.jar:/home/travis/bui
ld/icyphy/ptII/lib/jackson-databind-2.9.3.jar:/home/travis/build/icyphy/ptII/li
b/netty-buffer-4.1.19.Final.jar:/home/travis/build/icyphy/ptII/lib/netty-codec-
4.1.19.Final.jar:/home/travis/build/icyphy/ptII/lib/netty-codec-dns-4.1.19.Fina
l.jar:/home/travis/build/icyphy/ptII/lib/netty-codec-http-4.1.19.Final.jar:/hom
e/travis/build/icyphy/ptII/lib/netty-codec-http2-4.1.19.Final.jar:/home/travis/
build/icyphy/ptII/lib/netty-common-4.1.19.Final.jar:/home/travis/build/icyphy/p
tII/lib/netty-handler-4.1.19.Final.jar:/home/travis/build/icyphy/ptII/lib/netty
-resolver-4.1.19.Final.jar:/home/travis/build/icyphy/ptII/lib/netty-resolver-dn
s-4.1.19.Final.jar:/home/travis/build/icyphy/ptII/lib/netty-transport-4.1.19.Fi
nal.jar:/home/travis/build/icyphy/ptII/lib/vertx-codegen-3.5.1.jar:/home/travis
/build/icyphy/ptII/lib/vertx-core-3.5.2-SNAPSHOT.jar:/home/travis/build/icyphy/
ptII/lib/vertx-hazelcast-3.5.1.jar:/home/travis/build/icyphy/ptII/lib/vertx-lan
g-js-3.5.1.jar:/home/travis/build/icyphy/ptII/lib/vertx-service-proxy-3.5.1.jar
:/home/travis/build/icyphy/ptII/lib/vertx-web-3.5.1.jar:/home/travis/build/icyp
hy/ptII/lib/slf4j-api-1.7.13.jar:/home/travis/build/icyphy/ptII/lib/slf4j-simpl
e-1.7.13.jar:/home/travis/build/icyphy/ptII/lib/webcam-capture-0.3.12.jar:/home
/travis/build/icyphy/ptII/lib/bridj-0.7.0.jar:/home/travis/build/icyphy/ptII/li
b/xbjlib-1.1.0.nrjavaserial.jar:/home/travis/build/icyphy/ptII/ptolemy/moml/tes
t:/home/travis/build/icyphy/ptII/ant/lib/ant-launcher.jar:/home/travis/build/ic
yphy/ptII/ant/lib/ant.jar:/home/travis/build/icyphy/ptII/ant/lib/ant-junit.jar:
/home/travis/build/icyphy/ptII/ant/lib/ant-junit4.jar:/home/travis/build/icyphy
/ptII ModularCodeGenLazyPubSub_LazyCompositeActor_profile.java
total 1936
drwxrwxr-x   3 travis travis 12288 Jun  4 04:30 AbsoluteValue
drwxrwxr-x   3 travis travis 16384 Jun  4 04:30 Case1
drwxrwxr-x   3 travis travis 32768 Jun  4 04:30 Case2
-rw-rw-r--   1 travis travis  4895 Jun  4 04:34 CompiledCompositeActor_CompiledCompositeActor.class
-rw-rw-r--   1 travis travis  1592 Jun  4 04:34 CompiledCompositeActor_CompiledCompositeActor$_CompiledCompositeActor_CompiledCompositeActor.class
-rw-rw-r--   1 travis travis 13466 Jun  4 04:34 CompiledCompositeActor_CompiledCompositeActor.java
-rw-rw-r--   1 travis travis  1593 Jun  4 04:34 CompiledCompositeActor_CompiledCompositeActor.mk
drwxrwxr-x   3 travis travis 24576 Jun  4 04:32 DeScrambler
drwxrwxr-x   3 travis travis 16384 Jun  4 04:33 DotProduct
drwxrwxr-x   3 travis travis 12288 Jun  4 04:30 FileWriter1
drwxrwxr-x   3 travis travis 20480 Jun  4 04:29 FixToDoubleAndBack
drwxrwxr-x   3 travis travis 16384 Jun  4 04:30 Gaussian1
drwxrwxr-x   3 travis travis 20480 Jun  4 04:30 Gaussian2
-rw-rw-r--   1 travis travis  4457 Jun  4 04:34 JavaCompiledCompositeTest1_CompiledCompositeActor.class
-rw-rw-r--   1 travis travis 11637 Jun  4 04:34 JavaCompiledCompositeTest1_CompiledCompositeActor.java
-rw-rw-r--   1 travis travis  1198 Jun  4 04:34 JavaCompiledCompositeTest1_CompiledCompositeActor$_JavaCompiledCompositeTest1_CompiledCompositeActor.class
-rw-rw-r--   1 travis travis  1625 Jun  4 04:34 JavaCompiledCompositeTest1_CompiledCompositeActor.mk
-rw-rw-r--   1 travis travis  4888 Jun  4 04:34 JavaCompiledCompositeTest2_CompiledCompositeActor.class
-rw-rw-r--   1 travis travis 14919 Jun  4 04:34 JavaCompiledCompositeTest2_CompiledCompositeActor.java
-rw-rw-r--   1 travis travis  1793 Jun  4 04:34 JavaCompiledCompositeTest2_CompiledCompositeActor$_JavaCompiledCompositeTest2_CompiledCompositeActor.class
-rw-rw-r--   1 travis travis  1625 Jun  4 04:34 JavaCompiledCompositeTest2_CompiledCompositeActor.mk
-rw-rw-r--   1 travis travis  4505 Jun  4 04:34 JavaCompiledCompositeTest3_CompiledCompositeActor.class
-rw-rw-r--   1 travis travis 13080 Jun  4 04:34 JavaCompiledCompositeTest3_CompiledCompositeActor.java
-rw-rw-r--   1 travis travis  1378 Jun  4 04:34 JavaCompiledCompositeTest3_CompiledCompositeActor$_JavaCompiledCompositeTest3_CompiledCompositeActor.class
-rw-rw-r--   1 travis travis  1625 Jun  4 04:34 JavaCompiledCompositeTest3_CompiledCompositeActor.mk
-rw-rw-r--   1 travis travis  3953 Jun  4 04:34 JavaCompiledCompositeTest4_CompiledCompositeActor.class
-rw-rw-r--   1 travis travis  9687 Jun  4 04:34 JavaCompiledCompositeTest4_CompiledCompositeActor.java
-rw-rw-r--   1 travis travis   857 Jun  4 04:34 JavaCompiledCompositeTest4_CompiledCompositeActor$_JavaCompiledCompositeTest4_CompiledCompositeActor.class
-rw-rw-r--   1 travis travis  1625 Jun  4 04:34 JavaCompiledCompositeTest4_CompiledCompositeActor.mk
drwxrwxr-x   3 travis travis 12288 Jun  4 04:30 LookupTable
drwxrwxr-x   3 travis travis 20480 Jun  4 04:31 MaxIndex
-rw-rw-r--   1 travis travis  3693 Jun  4 04:34 ModularCG_A1_B1.class
-rw-rw-r--   1 travis travis  9730 Jun  4 04:34 ModularCG_A1_B1.java
-rw-rw-r--   1 travis travis   832 Jun  4 04:34 ModularCG_A1_B1.mk
-rw-rw-r--   1 travis travis  1318 Jun  4 04:34 ModularCG_A1_B1_profile.class
-rw-rw-r--   1 travis travis  1262 Jun  4 04:34 ModularCG_A1_B1_profile.java
-rw-rw-r--   1 travis travis  3693 Jun  4 04:34 ModularCG_A1_B2.class
-rw-rw-r--   1 travis travis  9730 Jun  4 04:34 ModularCG_A1_B2.java
-rw-rw-r--   1 travis travis   832 Jun  4 04:34 ModularCG_A1_B2.mk
-rw-rw-r--   1 travis travis  1318 Jun  4 04:34 ModularCG_A1_B2_profile.class
-rw-rw-r--   1 travis travis  1262 Jun  4 04:34 ModularCG_A1_B2_profile.java
-rw-rw-r--   1 travis travis  4799 Jun  4 04:34 ModularCG_A1.class
-rw-rw-r--   1 travis travis 14742 Jun  4 04:34 ModularCG_A1.java
-rw-rw-r--   1 travis travis   808 Jun  4 04:34 ModularCG_A1.mk
-rw-rw-r--   1 travis travis  1433 Jun  4 04:34 ModularCG_A1_profile.class
-rw-rw-r--   1 travis travis  1704 Jun  4 04:34 ModularCG_A1_profile.java
-rw-rw-r--   1 travis travis  3827 Jun  4 04:34 ModularCG_A2_B1.class
-rw-rw-r--   1 travis travis 10667 Jun  4 04:34 ModularCG_A2_B1.java
-rw-rw-r--   1 travis travis   832 Jun  4 04:34 ModularCG_A2_B1.mk
-rw-rw-r--   1 travis travis  1381 Jun  4 04:34 ModularCG_A2_B1_profile.class
-rw-rw-r--   1 travis travis  1446 Jun  4 04:34 ModularCG_A2_B1_profile.java
-rw-rw-r--   1 travis travis  3693 Jun  4 04:34 ModularCG_A2_B2.class
-rw-rw-r--   1 travis travis  9730 Jun  4 04:34 ModularCG_A2_B2.java
-rw-rw-r--   1 travis travis   832 Jun  4 04:34 ModularCG_A2_B2.mk
-rw-rw-r--   1 travis travis  1318 Jun  4 04:34 ModularCG_A2_B2_profile.class
-rw-rw-r--   1 travis travis  1262 Jun  4 04:34 ModularCG_A2_B2_profile.java
-rw-rw-r--   1 travis travis  4870 Jun  4 04:34 ModularCG_A2.class
-rw-rw-r--   1 travis travis 15129 Jun  4 04:34 ModularCG_A2.java
-rw-rw-r--   1 travis travis   808 Jun  4 04:34 ModularCG_A2.mk
-rw-rw-r--   1 travis travis  1433 Jun  4 04:34 ModularCG_A2_profile.class
-rw-rw-r--   1 travis travis  1704 Jun  4 04:34 ModularCG_A2_profile.java
-rw-rw-r--   1 travis travis  3473 Jun  4 04:34 ModularCGPubSub_A1_A2.class
-rw-rw-r--   1 travis travis  9076 Jun  4 04:34 ModularCGPubSub_A1_A2.java
-rw-rw-r--   1 travis travis   880 Jun  4 04:34 ModularCGPubSub_A1_A2.mk
-rw-rw-r--   1 travis travis  1300 Jun  4 04:34 ModularCGPubSub_A1_A2_profile.class
-rw-rw-r--   1 travis travis  1222 Jun  4 04:34 ModularCGPubSub_A1_A2_profile.java
-rw-rw-r--   1 travis travis  3790 Jun  4 04:34 ModularCGPubSub_A1.class
-rw-rw-r--   1 travis travis  9836 Jun  4 04:34 ModularCGPubSub_A1.java
-rw-rw-r--   1 travis travis   856 Jun  4 04:34 ModularCGPubSub_A1.mk
-rw-rw-r--   1 travis travis  1346 Jun  4 04:34 ModularCGPubSub_A1_profile.class
-rw-rw-r--   1 travis travis  1388 Jun  4 04:34 ModularCGPubSub_A1_profile.java
-rw-rw-r--   1 travis travis  3988 Jun  4 04:34 ModularCodeGen2_ModularCodeGenTypedCompositeActor.class
-rw-rw-r--   1 travis travis 11690 Jun  4 04:34 ModularCodeGen2_ModularCodeGenTypedCompositeActor.java
-rw-rw-r--   1 travis travis  1104 Jun  4 04:34 ModularCodeGen2_ModularCodeGenTypedCompositeActor.mk
-rw-rw-r--   1 travis travis  4272 Jun  4 04:34 ModularCodeGen2_ModularCodeGenTypedCompositeActor_ModularCodeGenTypedCompositeActor.class
-rw-rw-r--   1 travis travis 11790 Jun  4 04:34 ModularCodeGen2_ModularCodeGenTypedCompositeActor_ModularCodeGenTypedCompositeActor.java
-rw-rw-r--   1 travis travis  1376 Jun  4 04:34 ModularCodeGen2_ModularCodeGenTypedCompositeActor_ModularCodeGenTypedCompositeActor.mk
-rw-rw-r--   1 travis travis  1421 Jun  4 04:34 ModularCodeGen2_ModularCodeGenTypedCompositeActor_ModularCodeGenTypedCompositeActor_profile.class
-rw-rw-r--   1 travis travis  1294 Jun  4 04:34 ModularCodeGen2_ModularCodeGenTypedCompositeActor_ModularCodeGenTypedCompositeActor_profile.java
-rw-rw-r--   1 travis travis   820 Jun  4 04:34 ModularCodeGen2_ModularCodeGenTypedCompositeActor_profile.class
-rw-rw-r--   1 travis travis   693 Jun  4 04:34 ModularCodeGen2_ModularCodeGenTypedCompositeActor_profile.java
-rw-rw-r--   1 travis travis  3741 Jun  4 04:34 ModularCodeGen3_A1_B1.class
-rw-rw-r--   1 travis travis  9958 Jun  4 04:34 ModularCodeGen3_A1_B1.java
-rw-rw-r--   1 travis travis   880 Jun  4 04:34 ModularCodeGen3_A1_B1.mk
-rw-rw-r--   1 travis travis  1330 Jun  4 04:34 ModularCodeGen3_A1_B1_profile.class
-rw-rw-r--   1 travis travis  1274 Jun  4 04:34 ModularCodeGen3_A1_B1_profile.java
-rw-rw-r--   1 travis travis  3741 Jun  4 04:35 ModularCodeGen3_A1_B2.class
-rw-rw-r--   1 travis travis  9958 Jun  4 04:35 ModularCodeGen3_A1_B2.java
-rw-rw-r--   1 travis travis   880 Jun  4 04:35 ModularCodeGen3_A1_B2.mk
-rw-rw-r--   1 travis travis  1330 Jun  4 04:35 ModularCodeGen3_A1_B2_profile.class
-rw-rw-r--   1 travis travis  1274 Jun  4 04:34 ModularCodeGen3_A1_B2_profile.java
-rw-rw-r--   1 travis travis  4961 Jun  4 04:35 ModularCodeGen3_A1.class
-rw-rw-r--   1 travis travis 15564 Jun  4 04:35 ModularCodeGen3_A1.java
-rw-rw-r--   1 travis travis   856 Jun  4 04:35 ModularCodeGen3_A1.mk
-rw-rw-r--   1 travis travis  1445 Jun  4 04:35 ModularCodeGen3_A1_profile.class
-rw-rw-r--   1 travis travis  1716 Jun  4 04:35 ModularCodeGen3_A1_profile.java
-rw-rw-r--   1 travis travis  3887 Jun  4 04:35 ModularCodeGen3_A2_B1.class
-rw-rw-r--   1 travis travis 10955 Jun  4 04:35 ModularCodeGen3_A2_B1.java
-rw-rw-r--   1 travis travis   880 Jun  4 04:35 ModularCodeGen3_A2_B1.mk
-rw-rw-r--   1 travis travis  1393 Jun  4 04:35 ModularCodeGen3_A2_B1_profile.class
-rw-rw-r--   1 travis travis  1458 Jun  4 04:35 ModularCodeGen3_A2_B1_profile.java
-rw-rw-r--   1 travis travis  3741 Jun  4 04:35 ModularCodeGen3_A2_B2.class
-rw-rw-r--   1 travis travis  9958 Jun  4 04:35 ModularCodeGen3_A2_B2.java
-rw-rw-r--   1 travis travis   880 Jun  4 04:35 ModularCodeGen3_A2_B2.mk
-rw-rw-r--   1 travis travis  1330 Jun  4 04:35 ModularCodeGen3_A2_B2_profile.class
-rw-rw-r--   1 travis travis  1274 Jun  4 04:35 ModularCodeGen3_A2_B2_profile.java
-rw-rw-r--   1 travis travis  5038 Jun  4 04:35 ModularCodeGen3_A2.class
-rw-rw-r--   1 travis travis 15957 Jun  4 04:35 ModularCodeGen3_A2.java
-rw-rw-r--   1 travis travis   856 Jun  4 04:35 ModularCodeGen3_A2.mk
-rw-rw-r--   1 travis travis  1445 Jun  4 04:35 ModularCodeGen3_A2_profile.class
-rw-rw-r--   1 travis travis  1716 Jun  4 04:35 ModularCodeGen3_A2_profile.java
-rw-rw-r--   1 travis travis  3794 Jun  4 04:35 ModularCodeGen4_A1_B1.class
-rw-rw-r--   1 travis travis 10312 Jun  4 04:35 ModularCodeGen4_A1_B1.java
-rw-rw-r--   1 travis travis   880 Jun  4 04:35 ModularCodeGen4_A1_B1.mk
-rw-rw-r--   1 travis travis  1330 Jun  4 04:35 ModularCodeGen4_A1_B1_profile.class
-rw-rw-r--   1 travis travis  1273 Jun  4 04:35 ModularCodeGen4_A1_B1_profile.java
-rw-rw-r--   1 travis travis  3794 Jun  4 04:35 ModularCodeGen4_A1_B2.class
-rw-rw-r--   1 travis travis 10312 Jun  4 04:35 ModularCodeGen4_A1_B2.java
-rw-rw-r--   1 travis travis   880 Jun  4 04:35 ModularCodeGen4_A1_B2.mk
-rw-rw-r--   1 travis travis  1330 Jun  4 04:35 ModularCodeGen4_A1_B2_profile.class
-rw-rw-r--   1 travis travis  1273 Jun  4 04:35 ModularCodeGen4_A1_B2_profile.java
-rw-rw-r--   1 travis travis  5101 Jun  4 04:35 ModularCodeGen4_A1.class
-rw-rw-r--   1 travis travis 16245 Jun  4 04:35 ModularCodeGen4_A1.java
-rw-rw-r--   1 travis travis   856 Jun  4 04:35 ModularCodeGen4_A1.mk
-rw-rw-r--   1 travis travis  1445 Jun  4 04:35 ModularCodeGen4_A1_profile.class
-rw-rw-r--   1 travis travis  1712 Jun  4 04:35 ModularCodeGen4_A1_profile.java
-rw-rw-r--   1 travis travis  3988 Jun  4 04:35 ModularCodeGen4_A2_B1.class
-rw-rw-r--   1 travis travis 11375 Jun  4 04:35 ModularCodeGen4_A2_B1.java
-rw-rw-r--   1 travis travis   880 Jun  4 04:35 ModularCodeGen4_A2_B1.mk
-rw-rw-r--   1 travis travis  1393 Jun  4 04:35 ModularCodeGen4_A2_B1_profile.class
-rw-rw-r--   1 travis travis  1454 Jun  4 04:35 ModularCodeGen4_A2_B1_profile.java
-rw-rw-r--   1 travis travis  3842 Jun  4 04:35 ModularCodeGen4_A2_B2.class
-rw-rw-r--   1 travis travis 10378 Jun  4 04:35 ModularCodeGen4_A2_B2.java
-rw-rw-r--   1 travis travis   880 Jun  4 04:35 ModularCodeGen4_A2_B2.mk
-rw-rw-r--   1 travis travis  1330 Jun  4 04:35 ModularCodeGen4_A2_B2_profile.class
-rw-rw-r--   1 travis travis  1270 Jun  4 04:35 ModularCodeGen4_A2_B2_profile.java
-rw-rw-r--   1 travis travis  5274 Jun  4 04:35 ModularCodeGen4_A2.class
-rw-rw-r--   1 travis travis 16770 Jun  4 04:35 ModularCodeGen4_A2.java
-rw-rw-r--   1 travis travis   856 Jun  4 04:35 ModularCodeGen4_A2.mk
-rw-rw-r--   1 travis travis  1445 Jun  4 04:35 ModularCodeGen4_A2_profile.class
-rw-rw-r--   1 travis travis  1712 Jun  4 04:35 ModularCodeGen4_A2_profile.java
-rw-rw-r--   1 travis travis  6838 Jun  4 04:35 ModularCodeGen5_A_A.class
-rw-rw-r--   1 travis travis 28721 Jun  4 04:35 ModularCodeGen5_A_A.java
-rw-rw-r--   1 travis travis   864 Jun  4 04:35 ModularCodeGen5_A_A.mk
-rw-rw-r--   1 travis travis  1520 Jun  4 04:35 ModularCodeGen5_A_A_profile.class
-rw-rw-r--   1 travis travis  1815 Jun  4 04:35 ModularCodeGen5_A_A_profile.java
-rw-rw-r--   1 travis travis  5115 Jun  4 04:35 ModularCodeGen5_A.class
-rw-rw-r--   1 travis travis 13769 Jun  4 04:35 ModularCodeGen5_A.java
-rw-rw-r--   1 travis travis   848 Jun  4 04:35 ModularCodeGen5_A.mk
-rw-rw-r--   1 travis travis  1422 Jun  4 04:35 ModularCodeGen5_A_profile.class
-rw-rw-r--   1 travis travis  1605 Jun  4 04:35 ModularCodeGen5_A_profile.java
-rw-rw-r--   1 travis travis  4125 Jun  4 04:35 ModularCodeGen6_A_A2.class
-rw-rw-r--   1 travis travis 11329 Jun  4 04:35 ModularCodeGen6_A_A2.java
-rw-rw-r--   1 travis travis   872 Jun  4 04:35 ModularCodeGen6_A_A2.mk
-rw-rw-r--   1 travis travis  1351 Jun  4 04:35 ModularCodeGen6_A_A2_profile.class
-rw-rw-r--   1 travis travis  1364 Jun  4 04:35 ModularCodeGen6_A_A2_profile.java
-rw-rw-r--   1 travis travis  4108 Jun  4 04:35 ModularCodeGen6_A_A.class
-rw-rw-r--   1 travis travis 11221 Jun  4 04:35 ModularCodeGen6_A_A.java
-rw-rw-r--   1 travis travis   864 Jun  4 04:35 ModularCodeGen6_A_A.mk
-rw-rw-r--   1 travis travis  1348 Jun  4 04:35 ModularCodeGen6_A_A_profile.class
-rw-rw-r--   1 travis travis  1361 Jun  4 04:35 ModularCodeGen6_A_A_profile.java
-rw-rw-r--   1 travis travis  7237 Jun  4 04:35 ModularCodeGen6_A.class
-rw-rw-r--   1 travis travis 26535 Jun  4 04:35 ModularCodeGen6_A.java
-rw-rw-r--   1 travis travis   848 Jun  4 04:35 ModularCodeGen6_A.mk
-rw-rw-r--   1 travis travis  1483 Jun  4 04:35 ModularCodeGen6_A_profile.class
-rw-rw-r--   1 travis travis  1810 Jun  4 04:35 ModularCodeGen6_A_profile.java
-rw-rw-r--   1 travis travis  1091 Jun  4 04:35 ModularCodeGenLazyPubSub_LazyCompositeActor_profile.java
-rw-rw-r--   1 travis travis  3954 Jun  4 04:34 ModularCodeGen_ModularCodeGenTypedCompositeActor.class
-rw-rw-r--   1 travis travis 10970 Jun  4 04:34 ModularCodeGen_ModularCodeGenTypedCompositeActor.java
-rw-rw-r--   1 travis travis  1096 Jun  4 04:34 ModularCodeGen_ModularCodeGenTypedCompositeActor.mk
-rw-rw-r--   1 travis travis  1384 Jun  4 04:34 ModularCodeGen_ModularCodeGenTypedCompositeActor_profile.class
-rw-rw-r--   1 travis travis  1328 Jun  4 04:34 ModularCodeGen_ModularCodeGenTypedCompositeActor_profile.java
-rw-rw-r--   1 travis travis  3492 Jun  4 04:34 ModularCodeGenTest_A1_A2.class
-rw-rw-r--   1 travis travis   904 Jun  4 04:34 ModularCodeGenTest_A1_A2.mk
-rw-rw-r--   1 travis travis  1306 Jun  4 04:34 ModularCodeGenTest_A1_A2_profile.class
-rw-rw-r--   1 travis travis  3823 Jun  4 04:34 ModularCodeGenTest_A1.class
-rw-rw-r--   1 travis travis  9968 Jun  4 04:34 ModularCodeGenTest_A1.java
-rw-rw-r--   1 travis travis   880 Jun  4 04:34 ModularCodeGenTest_A1.mk
-rw-rw-r--   1 travis travis  1352 Jun  4 04:34 ModularCodeGenTest_A1_profile.class
-rw-rw-r--   1 travis travis  1394 Jun  4 04:34 ModularCodeGenTest_A1_profile.java
drwxrwxr-x   3 travis travis 36864 Jun  4 04:34 modulation2
drwxrwxr-x   3 travis travis 20480 Jun  4 04:31 Multiplexor
drwxrwxr-x 242 travis travis 12288 Jun  4 04:34 node_modules
drwxrwxr-x   3 travis travis 20480 Jun  4 04:31 PhaseUnwrap
-rw-rw-r--   1 travis travis   520 Jun  4 04:34 Repeat$_fireFunction_Repeat_Repeat$__f_sL_0.class
-rw-rw-r--   1 travis travis   522 Jun  4 04:34 Repeat$_fireFunction_Repeat_Repeat$__f_sL_10.class
-rw-rw-r--   1 travis travis   666 Jun  4 04:34 Repeat$_fireFunction_Repeat_Repeat$__f_sL_11.class
-rw-rw-r--   1 travis travis   522 Jun  4 04:34 Repeat$_fireFunction_Repeat_Repeat$__f_sL_13.class
-rw-rw-r--   1 travis travis   665 Jun  4 04:34 Repeat$_fireFunction_Repeat_Repeat$__f_sL_1.class
-rw-rw-r--   1 travis travis   520 Jun  4 04:34 Repeat$_fireFunction_Repeat_Repeat$__f_sL_2.class
-rw-rw-r--   1 travis travis   520 Jun  4 04:34 Repeat$_fireFunction_Repeat_Repeat$__f_sL_3.class
-rw-rw-r--   1 travis travis   520 Jun  4 04:34 Repeat$_fireFunction_Repeat_Repeat$__f_sL_5.class
-rw-rw-r--   1 travis travis   671 Jun  4 04:34 Repeat$_fireFunction_Repeat_Repeat$__f_sL_7.class
-rw-rw-r--   1 travis travis   520 Jun  4 04:34 Repeat$_fireFunction_Repeat_Repeat$__f_sL_9.class
-rw-rw-r--   1 travis travis   813 Jun  4 04:34 Repeat$_initialize_Repeat.class
-rw-rw-r--   1 travis travis   475 Jun  4 04:34 Repeat$_initialize_Repeat$__i_sL_0.class
-rw-rw-r--   1 travis travis   519 Jun  4 04:34 Repeat$_initialize_Repeat$__i_sL_3.class
-rw-rw-r--   1 travis travis 39778 Jun  4 04:34 Repeat.java
-rw-rw-r--   1 travis travis  1281 Jun  4 04:34 Repeat.mk
-rw-rw-r--   1 travis travis   520 Jun  4 04:34 Repeat$_preinitializeMethod_Repeat$__p_sL_0.class
-rw-rw-r--   1 travis travis   520 Jun  4 04:34 Repeat$_preinitializeMethod_Repeat$__p_sL_1.class
-rw-rw-r--   1 travis travis  1083 Jun  4 04:34 Repeat$_Repeat$_fireFunction_Repeat_AddSubtract_Repeat.class
-rw-rw-r--   1 travis travis   791 Jun  4 04:34 Repeat$_Repeat$_fireFunction_Repeat_AddSubtract_Repeat$__f_sL_0.class
-rw-rw-r--   1 travis travis   909 Jun  4 04:34 Repeat$_Repeat$_fireFunction_Repeat_AddSubtract_Repeat$__f_sL_1.class
-rw-rw-r--   1 travis travis   915 Jun  4 04:34 Repeat$_Repeat$_fireFunction_Repeat_AddSubtract_Repeat$__f_sL_2.class
-rw-rw-r--   1 travis travis   838 Jun  4 04:34 Repeat$_Repeat$_fireFunction_Repeat_Ramp2_Repeat$__f_sL_1.class
-rw-rw-r--   1 travis travis  1785 Jun  4 04:34 Repeat$_Repeat$_fireFunction_Repeat_Test_Repeat$__f_sL_2.class
-rw-rw-r--   1 travis travis   685 Jun  4 04:34 Repeat$_Repeat_SDF_Director_run_Repeat$__R_sL_0.class
-rw-rw-r--   1 travis travis   540 Jun  4 04:34 Repeat$_Repeat_SDF_Director_run_Repeat$__R_sL_1.class
-rw-rw-r--   1 travis travis   540 Jun  4 04:34 Repeat$_Repeat_SDF_Director_run_Repeat$__R_sL_2.class
-rw-rw-r--   1 travis travis   540 Jun  4 04:34 Repeat$_Repeat_SDF_Director_run_Repeat$__R_sL_4.class
-rw-rw-r--   1 travis travis   540 Jun  4 04:34 Repeat$_Repeat_SDF_Director_run_Repeat$__R_sL_5.class
-rw-rw-r--   1 travis travis   691 Jun  4 04:34 Repeat$_Repeat_SDF_Director_run_Repeat$__R_sL_6.class
-rw-rw-r--   1 travis travis   540 Jun  4 04:34 Repeat$_Repeat_SDF_Director_run_Repeat$__R_sL_7.class
-rw-rw-r--   1 travis travis   863 Jun  4 04:34 Repeat$_varinit_Repeat.class
-rw-rw-r--   1 travis travis   530 Jun  4 04:34 Repeat$_varinit_Repeat$__v_sL_1.class
-rw-rw-r--   1 travis travis   531 Jun  4 04:34 Repeat$_varinit_Repeat$__v_sL_2.class
-rw-rw-r--   1 travis travis   905 Jun  4 04:34 Repeat$_varinit_Repeat$__v_sL_4.class
-rw-rw-r--   1 travis travis   635 Jun  4 04:34 Repeat$_wrapup_Repeat.class
-rw-rw-r--   1 travis travis   965 Jun  4 04:34 Repeat$_wrapup_Repeat$__w_sL_1.class
-rw-rw-r--   1 travis travis   289 Jun  4 04:29 result.csv
drwxrwxr-x   3 travis travis 12288 Jun  4 04:32 Scrambler1
drwxrwxr-x   3 travis travis 20480 Jun  4 04:31 Sinewave2
drwxrwxr-x   3 travis travis 69632 Jun  4 04:32 StringCompare
drwxrwxr-x   3 travis travis 32768 Jun  4 04:32 StringFunction
drwxrwxr-x   3 travis travis 12288 Jun  4 04:32 StringLength
drwxrwxr-x   3 travis travis 57344 Jun  4 04:33 StringSimpleReplace
drwxrwxr-x   3 travis travis 12288 Jun  4 04:33 time2
drwxrwxr-x   3 travis travis 12288 Jun  4 04:34 time5
-rw-rw-r--   1 travis travis   432 Jun  4 04:35 Token.class
-rw-rw-r--   1 travis travis   251 Jun  4 04:35 Token.java
-rw-rw-r--   1 travis travis     0 Jun  4 04:34 top.
-rw-rw-r--   1 travis travis 20502 Jun  4 04:29 top.c
-rw-rw-r--   1 travis travis  3567 Jun  4 04:34 top.class
-rw-rw-r--   1 travis travis   169 Jun  4 04:29 top.html
-rw-rw-r--   1 travis travis  7552 Jun  4 04:34 top.java
-rw-rw-r--   1 travis travis 38888 Jun  4 04:29 top.o
drwxrwxr-x   3 travis travis 57344 Jun  4 04:31 UnaryMathFunction
All Done
Writing ModularCodeGenLazyPubSub_LazyCompositeActor.java in file:/home/travis/cg/ (11122 characters)
Reading "ptolemy/cg/kernel/generic/program/procedural/java/modular/makefile.in",
    writing "/home/travis/cg/ModularCodeGenLazyPubSub_LazyCompositeActor.mk"
Using ptolemy/cg/kernel/generic/program/procedural/java/modular/makefile.in
In "/home/travis/cg", about to execute:
    make -f ModularCodeGenLazyPubSub_LazyCompositeActor.mk
javac -classpath ".:.."    ModularCodeGenLazyPubSub_LazyCompositeActor.java
All Done
2334 ms. Memory: 244224K Free: 71503K (29%)
----------------- Invoking toplevel() on ptolemy.moml.MoMLSimpleApplication@723acd2f
----------------- Done invoking toplevel() on ptolemy.moml.MoMLSimpleApplication@723acd2f
reloadAllAccessors: .ModularCodeGenLazyPubSub

===========================================================================================
----------------- testing Tue Jun 04 04:35:35 UTC 2019 /home/travis/build/icyphy/ptII/ptolemy/cg/lib/test/auto/ModularCodeGenLazyPubSubGlobal.xml
----------------- Instantiating /home/travis/build/icyphy/ptII/ptolemy/cg/lib/test/auto/ModularCodeGenLazyPubSubGlobal.xml
In "/home/travis/cg", about to execute:
    pwd
In "/home/travis/cg", about to execute:
    ls -l
/home/travis/cg
In "/home/travis/cg", about to execute:
total 1964
drwxrwxr-x   3 travis travis 12288 Jun  4 04:30 AbsoluteValue
drwxrwxr-x   3 travis travis 16384 Jun  4 04:30 Case1
drwxrwxr-x   3 travis travis 32768 Jun  4 04:30 Case2
-rw-rw-r--   1 travis travis  4895 Jun  4 04:34 CompiledCompositeActor_CompiledCompositeActor.class
-rw-rw-r--   1 travis travis  1592 Jun  4 04:34 CompiledCompositeActor_CompiledCompositeActor$_CompiledCompositeActor_CompiledCompositeActor.class
-rw-rw-r--   1 travis travis 13466 Jun  4 04:34 CompiledCompositeActor_CompiledCompositeActor.java
-rw-rw-r--   1 travis travis  1593 Jun  4 04:34 CompiledCompositeActor_CompiledCompositeActor.mk
drwxrwxr-x   3 travis travis 24576 Jun  4 04:32 DeScrambler
drwxrwxr-x   3 travis travis 16384 Jun  4 04:33 DotProduct
drwxrwxr-x   3 travis travis 12288 Jun  4 04:30 FileWriter1
drwxrwxr-x   3 travis travis 20480 Jun  4 04:29 FixToDoubleAndBack
drwxrwxr-x   3 travis travis 16384 Jun  4 04:30 Gaussian1
drwxrwxr-x   3 travis travis 20480 Jun  4 04:30 Gaussian2
-rw-rw-r--   1 travis travis  4457 Jun  4 04:34 JavaCompiledCompositeTest1_CompiledCompositeActor.class
-rw-rw-r--   1 travis travis 11637 Jun  4 04:34 JavaCompiledCompositeTest1_CompiledCompositeActor.java
-rw-rw-r--   1 travis travis  1198 Jun  4 04:34 JavaCompiledCompositeTest1_CompiledCompositeActor$_JavaCompiledCompositeTest1_CompiledCompositeActor.class
-rw-rw-r--   1 travis travis  1625 Jun  4 04:34 JavaCompiledCompositeTest1_CompiledCompositeActor.mk
-rw-rw-r--   1 travis travis  4888 Jun  4 04:34 JavaCompiledCompositeTest2_CompiledCompositeActor.class
-rw-rw-r--   1 travis travis 14919 Jun  4 04:34 JavaCompiledCompositeTest2_CompiledCompositeActor.java
-rw-rw-r--   1 travis travis  1793 Jun  4 04:34 JavaCompiledCompositeTest2_CompiledCompositeActor$_JavaCompiledCompositeTest2_CompiledCompositeActor.class
-rw-rw-r--   1 travis travis  1625 Jun  4 04:34 JavaCompiledCompositeTest2_CompiledCompositeActor.mk
-rw-rw-r--   1 travis travis  4505 Jun  4 04:34 JavaCompiledCompositeTest3_CompiledCompositeActor.class
-rw-rw-r--   1 travis travis 13080 Jun  4 04:34 JavaCompiledCompositeTest3_CompiledCompositeActor.java
-rw-rw-r--   1 travis travis  1378 Jun  4 04:34 JavaCompiledCompositeTest3_CompiledCompositeActor$_JavaCompiledCompositeTest3_CompiledCompositeActor.class
-rw-rw-r--   1 travis travis  1625 Jun  4 04:34 JavaCompiledCompositeTest3_CompiledCompositeActor.mk
-rw-rw-r--   1 travis travis  3953 Jun  4 04:34 JavaCompiledCompositeTest4_CompiledCompositeActor.class
-rw-rw-r--   1 travis travis  9687 Jun  4 04:34 JavaCompiledCompositeTest4_CompiledCompositeActor.java
-rw-rw-r--   1 travis travis   857 Jun  4 04:34 JavaCompiledCompositeTest4_CompiledCompositeActor$_JavaCompiledCompositeTest4_CompiledCompositeActor.class
-rw-rw-r--   1 travis travis  1625 Jun  4 04:34 JavaCompiledCompositeTest4_CompiledCompositeActor.mk
drwxrwxr-x   3 travis travis 12288 Jun  4 04:30 LookupTable
    javac -classpath
.:/home/travis/build/icyphy/ptII:/home/travis/build/icyphy/ptII/lib/bsh-2.0b4.j
ar:/home/travis/build/icyphy/ptII/lib/ptCal.jar:/home/travis/build/icyphy/ptII/
lib/java_cup.jar:/home/travis/build/icyphy/ptII/lib/saxon8.jar:/home/travis/bui
ld/icyphy/ptII/lib/saxon8-dom.jar:/home/travis/build/icyphy/ptII/lib/chic.jar:/
home/travis/build/icyphy/ptII/lib/ptcolt.jar:/usr/lib/jvm/java-8-oracle/lib/too
ls.jar:/home/travis/build/icyphy/ptII/vendors/misc/itext/iText.jar:/home/travis
/build/icyphy/ptII/lib/g4ltl.jar:/home/travis/build/icyphy/ptII/lib/StructuralC
oder.jar:/home/travis/build/icyphy/ptII/vendors/jai-1_1_2_01/lib/jai_core.jar:/
home/travis/build/icyphy/ptII/vendors/jai-1_1_2_01/lib/jai_codec.jar:/home/trav
is/build/icyphy/ptII/lib/jcerti.jar:/home/travis/build/icyphy/ptII/lib/javax.ma
il.jar:/home/travis/build/icyphy/ptII/vendors/JMF-2.1.1e/lib/jmf.jar:/home/trav
is/build/icyphy/ptII/lib/jna-4.0.0-variadic.jar:/home/travis/build/icyphy/ptII/
vendors/misc/joystick/Joystick.jar:/home/travis/build/icyphy/ptII/lib/ptjacl.ja
r:/home/travis/build/icyphy/ptII/lib/jsoup-1.8.2.jar:/home/travis/build/icyphy/
ptII/lib/junit-4.8.2.jar:/home/travis/build/icyphy/ptII/lib/JUnitParams-0.4.0.j
ar:/home/travis/build/icyphy/ptII/ptolemy/actor/lib/excel/jxl.jar:/home/travis/
build/icyphy/ptII/lib/jython.jar:/home/travis/build/icyphy/ptII/lib/kieler.jar:
/home/travis/build/icyphy/ptII/vendors/opencv/share/OpenCV/java/opencv-341.jar:
/home/travis/build/icyphy/ptII/lib/oscP5.jar:/home/travis/build/icyphy/ptII/lib
/nrjavaserial-3.11.0.devel.jar:/home/travis/build/icyphy/ptII/vendors/j3d/lib/j
3dcore.jar:/home/travis/build/icyphy/ptII/vendors/j3d/lib/j3dutils.jar:/home/tr
avis/build/icyphy/ptII/vendors/j3d/lib/vecmath.jar:/home/travis/build/icyphy/pt
II/ptolemy/distributed/jini/jar/jini-core.jar:/home/travis/build/icyphy/ptII/pt
olemy/distributed/jini/jar/jini-ext.jar:/home/travis/build/icyphy/ptII/ptolemy/
distributed/jini/jar/sun-util.jar:/home/travis/build/icyphy/ptII/lib/protobuf-j
ava-2.4.1.jar:/home/travis/build/icyphy/ptII/lib/org.eclipse.paho.client.mqttv3
.jar:/home/travis/build/icyphy/ptII/lib/mapss.jar:/home/travis/build/icyphy/ptI
I/ptolemy/actor/ptalon/antlr/antlr.jar:/home/travis/build/icyphy/ptII/lib/JRI.j
ar:/home/travis/build/icyphy/ptII/lib/commons-lang-2.6.jar:/home/travis/build/i
cyphy/ptII/lib/commons-logging-1.1.1.jar:/home/travis/build/icyphy/ptII/lib/soo
tclasses.jar:/home/travis/build/icyphy/ptII/ptolemy/actor/lib/database/mysql-co
nnector-java-5.1.6-bin.jar:/home/travis/build/icyphy/ptII/vendors/misc/sphinx4/
sphinx4-data-5prealpha.jar:/home/travis/build/icyphy/ptII/vendors/misc/sphinx4/
sphinx4-core-5prealpha.jar:/home/travis/build/icyphy/ptII/lib/PDFRenderer.jar:/
home/travis/build/icyphy/ptII/lib/svgSalamander.jar:/home/travis/build/icyphy/p
tII/lib/rsyntaxtextarea-2.6.0-SNAPSHOT.jar:/home/travis/build/icyphy/ptII/lib/h
azelcast-3.8.2.jar:/home/travis/build/icyphy/ptII/lib/jackson-annotations-2.9.0
.jar:/home/travis/build/icyphy/ptII/lib/jackson-core-2.9.3.jar:/home/travis/bui
ld/icyphy/ptII/lib/jackson-databind-2.9.3.jar:/home/travis/build/icyphy/ptII/li
b/netty-buffer-4.1.19.Final.jar:/home/travis/build/icyphy/ptII/lib/netty-codec-
4.1.19.Final.jar:/home/travis/build/icyphy/ptII/lib/netty-codec-dns-4.1.19.Fina
l.jar:/home/travis/build/icyphy/ptII/lib/netty-codec-http-4.1.19.Final.jar:/hom
e/travis/build/icyphy/ptII/lib/netty-codec-http2-4.1.19.Final.jar:/home/travis/
build/icyphy/ptII/lib/netty-common-4.1.19.Final.jar:/home/travis/build/icyphy/p
tII/lib/netty-handler-4.1.19.Final.jar:/home/travis/build/icyphy/ptII/lib/netty
-resolver-4.1.19.Final.jar:/home/travis/build/icyphy/ptII/lib/netty-resolver-dn
s-4.1.19.Final.jar:/home/travis/build/icyphy/ptII/lib/netty-transport-4.1.19.Fi
nal.jar:/home/travis/build/icyphy/ptII/lib/vertx-codegen-3.5.1.jar:/home/travis
/build/icyphy/ptII/lib/vertx-core-3.5.2-SNAPSHOT.jar:/home/travis/build/icyphy/
ptII/lib/vertx-hazelcast-3.5.1.jar:/home/travis/build/icyphy/ptII/lib/vertx-lan
g-js-3.5.1.jar:/home/travis/build/icyphy/ptII/lib/vertx-service-proxy-3.5.1.jar
:/home/travis/build/icyphy/ptII/lib/vertx-web-3.5.1.jar:/home/travis/build/icyp
hy/ptII/lib/slf4j-api-1.7.13.jar:/home/travis/build/icyphy/ptII/lib/slf4j-simpl
e-1.7.13.jar:/home/travis/build/icyphy/ptII/lib/webcam-capture-0.3.12.jar:/home
/travis/build/icyphy/ptII/lib/bridj-0.7.0.jar:/home/travis/build/icyphy/ptII/li
b/xbjlib-1.1.0.nrjavaserial.jar:/home/travis/build/icyphy/ptII/ptolemy/moml/tes
t:/home/travis/build/icyphy/ptII/ant/lib/ant-launcher.jar:/home/travis/build/ic
yphy/ptII/ant/lib/ant.jar:/home/travis/build/icyphy/ptII/ant/lib/ant-junit.jar:
/home/travis/build/icyphy/ptII/ant/lib/ant-junit4.jar:/home/travis/build/icyphy
/ptII
ModularCodeGenLazyPubSubGlobal_CompositeActor_ModularCodeGenTypedComposite_prof
ile.java
drwxrwxr-x   3 travis travis 20480 Jun  4 04:31 MaxIndex
-rw-rw-r--   1 travis travis  3693 Jun  4 04:34 ModularCG_A1_B1.class
-rw-rw-r--   1 travis travis  9730 Jun  4 04:34 ModularCG_A1_B1.java
-rw-rw-r--   1 travis travis   832 Jun  4 04:34 ModularCG_A1_B1.mk
-rw-rw-r--   1 travis travis  1318 Jun  4 04:34 ModularCG_A1_B1_profile.class
-rw-rw-r--   1 travis travis  1262 Jun  4 04:34 ModularCG_A1_B1_profile.java
-rw-rw-r--   1 travis travis  3693 Jun  4 04:34 ModularCG_A1_B2.class
-rw-rw-r--   1 travis travis  9730 Jun  4 04:34 ModularCG_A1_B2.java
-rw-rw-r--   1 travis travis   832 Jun  4 04:34 ModularCG_A1_B2.mk
-rw-rw-r--   1 travis travis  1318 Jun  4 04:34 ModularCG_A1_B2_profile.class
-rw-rw-r--   1 travis travis  1262 Jun  4 04:34 ModularCG_A1_B2_profile.java
-rw-rw-r--   1 travis travis  4799 Jun  4 04:34 ModularCG_A1.class
-rw-rw-r--   1 travis travis 14742 Jun  4 04:34 ModularCG_A1.java
-rw-rw-r--   1 travis travis   808 Jun  4 04:34 ModularCG_A1.mk
-rw-rw-r--   1 travis travis  1433 Jun  4 04:34 ModularCG_A1_profile.class
-rw-rw-r--   1 travis travis  1704 Jun  4 04:34 ModularCG_A1_profile.java
-rw-rw-r--   1 travis travis  3827 Jun  4 04:34 ModularCG_A2_B1.class
-rw-rw-r--   1 travis travis 10667 Jun  4 04:34 ModularCG_A2_B1.java
-rw-rw-r--   1 travis travis   832 Jun  4 04:34 ModularCG_A2_B1.mk
-rw-rw-r--   1 travis travis  1381 Jun  4 04:34 ModularCG_A2_B1_profile.class
-rw-rw-r--   1 travis travis  1446 Jun  4 04:34 ModularCG_A2_B1_profile.java
-rw-rw-r--   1 travis travis  3693 Jun  4 04:34 ModularCG_A2_B2.class
-rw-rw-r--   1 travis travis  9730 Jun  4 04:34 ModularCG_A2_B2.java
-rw-rw-r--   1 travis travis   832 Jun  4 04:34 ModularCG_A2_B2.mk
-rw-rw-r--   1 travis travis  1318 Jun  4 04:34 ModularCG_A2_B2_profile.class
-rw-rw-r--   1 travis travis  1262 Jun  4 04:34 ModularCG_A2_B2_profile.java
-rw-rw-r--   1 travis travis  4870 Jun  4 04:34 ModularCG_A2.class
-rw-rw-r--   1 travis travis 15129 Jun  4 04:34 ModularCG_A2.java
-rw-rw-r--   1 travis travis   808 Jun  4 04:34 ModularCG_A2.mk
-rw-rw-r--   1 travis travis  1433 Jun  4 04:34 ModularCG_A2_profile.class
-rw-rw-r--   1 travis travis  1704 Jun  4 04:34 ModularCG_A2_profile.java
-rw-rw-r--   1 travis travis  3473 Jun  4 04:34 ModularCGPubSub_A1_A2.class
-rw-rw-r--   1 travis travis  9076 Jun  4 04:34 ModularCGPubSub_A1_A2.java
-rw-rw-r--   1 travis travis   880 Jun  4 04:34 ModularCGPubSub_A1_A2.mk
-rw-rw-r--   1 travis travis  1300 Jun  4 04:34 ModularCGPubSub_A1_A2_profile.class
-rw-rw-r--   1 travis travis  1222 Jun  4 04:34 ModularCGPubSub_A1_A2_profile.java
-rw-rw-r--   1 travis travis  3790 Jun  4 04:34 ModularCGPubSub_A1.class
-rw-rw-r--   1 travis travis  9836 Jun  4 04:34 ModularCGPubSub_A1.java
-rw-rw-r--   1 travis travis   856 Jun  4 04:34 ModularCGPubSub_A1.mk
-rw-rw-r--   1 travis travis  1346 Jun  4 04:34 ModularCGPubSub_A1_profile.class
-rw-rw-r--   1 travis travis  1388 Jun  4 04:34 ModularCGPubSub_A1_profile.java
-rw-rw-r--   1 travis travis  3988 Jun  4 04:34 ModularCodeGen2_ModularCodeGenTypedCompositeActor.class
-rw-rw-r--   1 travis travis 11690 Jun  4 04:34 ModularCodeGen2_ModularCodeGenTypedCompositeActor.java
-rw-rw-r--   1 travis travis  1104 Jun  4 04:34 ModularCodeGen2_ModularCodeGenTypedCompositeActor.mk
-rw-rw-r--   1 travis travis  4272 Jun  4 04:34 ModularCodeGen2_ModularCodeGenTypedCompositeActor_ModularCodeGenTypedCompositeActor.class
-rw-rw-r--   1 travis travis 11790 Jun  4 04:34 ModularCodeGen2_ModularCodeGenTypedCompositeActor_ModularCodeGenTypedCompositeActor.java
-rw-rw-r--   1 travis travis  1376 Jun  4 04:34 ModularCodeGen2_ModularCodeGenTypedCompositeActor_ModularCodeGenTypedCompositeActor.mk
-rw-rw-r--   1 travis travis  1421 Jun  4 04:34 ModularCodeGen2_ModularCodeGenTypedCompositeActor_ModularCodeGenTypedCompositeActor_profile.class
-rw-rw-r--   1 travis travis  1294 Jun  4 04:34 ModularCodeGen2_ModularCodeGenTypedCompositeActor_ModularCodeGenTypedCompositeActor_profile.java
-rw-rw-r--   1 travis travis   820 Jun  4 04:34 ModularCodeGen2_ModularCodeGenTypedCompositeActor_profile.class
-rw-rw-r--   1 travis travis   693 Jun  4 04:34 ModularCodeGen2_ModularCodeGenTypedCompositeActor_profile.java
-rw-rw-r--   1 travis travis  3741 Jun  4 04:34 ModularCodeGen3_A1_B1.class
-rw-rw-r--   1 travis travis  9958 Jun  4 04:34 ModularCodeGen3_A1_B1.java
-rw-rw-r--   1 travis travis   880 Jun  4 04:34 ModularCodeGen3_A1_B1.mk
-rw-rw-r--   1 travis travis  1330 Jun  4 04:34 ModularCodeGen3_A1_B1_profile.class
-rw-rw-r--   1 travis travis  1274 Jun  4 04:34 ModularCodeGen3_A1_B1_profile.java
-rw-rw-r--   1 travis travis  3741 Jun  4 04:35 ModularCodeGen3_A1_B2.class
-rw-rw-r--   1 travis travis  9958 Jun  4 04:35 ModularCodeGen3_A1_B2.java
-rw-rw-r--   1 travis travis   880 Jun  4 04:35 ModularCodeGen3_A1_B2.mk
-rw-rw-r--   1 travis travis  1330 Jun  4 04:35 ModularCodeGen3_A1_B2_profile.class
-rw-rw-r--   1 travis travis  1274 Jun  4 04:34 ModularCodeGen3_A1_B2_profile.java
-rw-rw-r--   1 travis travis  4961 Jun  4 04:35 ModularCodeGen3_A1.class
-rw-rw-r--   1 travis travis 15564 Jun  4 04:35 ModularCodeGen3_A1.java
-rw-rw-r--   1 travis travis   856 Jun  4 04:35 ModularCodeGen3_A1.mk
-rw-rw-r--   1 travis travis  1445 Jun  4 04:35 ModularCodeGen3_A1_profile.class
-rw-rw-r--   1 travis travis  1716 Jun  4 04:35 ModularCodeGen3_A1_profile.java
-rw-rw-r--   1 travis travis  3887 Jun  4 04:35 ModularCodeGen3_A2_B1.class
-rw-rw-r--   1 travis travis 10955 Jun  4 04:35 ModularCodeGen3_A2_B1.java
-rw-rw-r--   1 travis travis   880 Jun  4 04:35 ModularCodeGen3_A2_B1.mk
-rw-rw-r--   1 travis travis  1393 Jun  4 04:35 ModularCodeGen3_A2_B1_profile.class
-rw-rw-r--   1 travis travis  1458 Jun  4 04:35 ModularCodeGen3_A2_B1_profile.java
-rw-rw-r--   1 travis travis  3741 Jun  4 04:35 ModularCodeGen3_A2_B2.class
-rw-rw-r--   1 travis travis  9958 Jun  4 04:35 ModularCodeGen3_A2_B2.java
-rw-rw-r--   1 travis travis   880 Jun  4 04:35 ModularCodeGen3_A2_B2.mk
-rw-rw-r--   1 travis travis  1330 Jun  4 04:35 ModularCodeGen3_A2_B2_profile.class
-rw-rw-r--   1 travis travis  1274 Jun  4 04:35 ModularCodeGen3_A2_B2_profile.java
-rw-rw-r--   1 travis travis  5038 Jun  4 04:35 ModularCodeGen3_A2.class
-rw-rw-r--   1 travis travis 15957 Jun  4 04:35 ModularCodeGen3_A2.java
-rw-rw-r--   1 travis travis   856 Jun  4 04:35 ModularCodeGen3_A2.mk
-rw-rw-r--   1 travis travis  1445 Jun  4 04:35 ModularCodeGen3_A2_profile.class
-rw-rw-r--   1 travis travis  1716 Jun  4 04:35 ModularCodeGen3_A2_profile.java
-rw-rw-r--   1 travis travis  3794 Jun  4 04:35 ModularCodeGen4_A1_B1.class
-rw-rw-r--   1 travis travis 10312 Jun  4 04:35 ModularCodeGen4_A1_B1.java
-rw-rw-r--   1 travis travis   880 Jun  4 04:35 ModularCodeGen4_A1_B1.mk
-rw-rw-r--   1 travis travis  1330 Jun  4 04:35 ModularCodeGen4_A1_B1_profile.class
-rw-rw-r--   1 travis travis  1273 Jun  4 04:35 ModularCodeGen4_A1_B1_profile.java
-rw-rw-r--   1 travis travis  3794 Jun  4 04:35 ModularCodeGen4_A1_B2.class
-rw-rw-r--   1 travis travis 10312 Jun  4 04:35 ModularCodeGen4_A1_B2.java
-rw-rw-r--   1 travis travis   880 Jun  4 04:35 ModularCodeGen4_A1_B2.mk
-rw-rw-r--   1 travis travis  1330 Jun  4 04:35 ModularCodeGen4_A1_B2_profile.class
-rw-rw-r--   1 travis travis  1273 Jun  4 04:35 ModularCodeGen4_A1_B2_profile.java
-rw-rw-r--   1 travis travis  5101 Jun  4 04:35 ModularCodeGen4_A1.class
-rw-rw-r--   1 travis travis 16245 Jun  4 04:35 ModularCodeGen4_A1.java
-rw-rw-r--   1 travis travis   856 Jun  4 04:35 ModularCodeGen4_A1.mk
-rw-rw-r--   1 travis travis  1445 Jun  4 04:35 ModularCodeGen4_A1_profile.class
-rw-rw-r--   1 travis travis  1712 Jun  4 04:35 ModularCodeGen4_A1_profile.java
-rw-rw-r--   1 travis travis  3988 Jun  4 04:35 ModularCodeGen4_A2_B1.class
-rw-rw-r--   1 travis travis 11375 Jun  4 04:35 ModularCodeGen4_A2_B1.java
-rw-rw-r--   1 travis travis   880 Jun  4 04:35 ModularCodeGen4_A2_B1.mk
-rw-rw-r--   1 travis travis  1393 Jun  4 04:35 ModularCodeGen4_A2_B1_profile.class
-rw-rw-r--   1 travis travis  1454 Jun  4 04:35 ModularCodeGen4_A2_B1_profile.java
-rw-rw-r--   1 travis travis  3842 Jun  4 04:35 ModularCodeGen4_A2_B2.class
-rw-rw-r--   1 travis travis 10378 Jun  4 04:35 ModularCodeGen4_A2_B2.java
-rw-rw-r--   1 travis travis   880 Jun  4 04:35 ModularCodeGen4_A2_B2.mk
-rw-rw-r--   1 travis travis  1330 Jun  4 04:35 ModularCodeGen4_A2_B2_profile.class
-rw-rw-r--   1 travis travis  1270 Jun  4 04:35 ModularCodeGen4_A2_B2_profile.java
-rw-rw-r--   1 travis travis  5274 Jun  4 04:35 ModularCodeGen4_A2.class
-rw-rw-r--   1 travis travis 16770 Jun  4 04:35 ModularCodeGen4_A2.java
-rw-rw-r--   1 travis travis   856 Jun  4 04:35 ModularCodeGen4_A2.mk
-rw-rw-r--   1 travis travis  1445 Jun  4 04:35 ModularCodeGen4_A2_profile.class
-rw-rw-r--   1 travis travis  1712 Jun  4 04:35 ModularCodeGen4_A2_profile.java
-rw-rw-r--   1 travis travis  6838 Jun  4 04:35 ModularCodeGen5_A_A.class
-rw-rw-r--   1 travis travis 28721 Jun  4 04:35 ModularCodeGen5_A_A.java
-rw-rw-r--   1 travis travis   864 Jun  4 04:35 ModularCodeGen5_A_A.mk
-rw-rw-r--   1 travis travis  1520 Jun  4 04:35 ModularCodeGen5_A_A_profile.class
-rw-rw-r--   1 travis travis  1815 Jun  4 04:35 ModularCodeGen5_A_A_profile.java
-rw-rw-r--   1 travis travis  5115 Jun  4 04:35 ModularCodeGen5_A.class
-rw-rw-r--   1 travis travis 13769 Jun  4 04:35 ModularCodeGen5_A.java
-rw-rw-r--   1 travis travis   848 Jun  4 04:35 ModularCodeGen5_A.mk
-rw-rw-r--   1 travis travis  1422 Jun  4 04:35 ModularCodeGen5_A_profile.class
-rw-rw-r--   1 travis travis  1605 Jun  4 04:35 ModularCodeGen5_A_profile.java
-rw-rw-r--   1 travis travis  4125 Jun  4 04:35 ModularCodeGen6_A_A2.class
-rw-rw-r--   1 travis travis 11329 Jun  4 04:35 ModularCodeGen6_A_A2.java
-rw-rw-r--   1 travis travis   872 Jun  4 04:35 ModularCodeGen6_A_A2.mk
-rw-rw-r--   1 travis travis  1351 Jun  4 04:35 ModularCodeGen6_A_A2_profile.class
-rw-rw-r--   1 travis travis  1364 Jun  4 04:35 ModularCodeGen6_A_A2_profile.java
-rw-rw-r--   1 travis travis  4108 Jun  4 04:35 ModularCodeGen6_A_A.class
-rw-rw-r--   1 travis travis 11221 Jun  4 04:35 ModularCodeGen6_A_A.java
-rw-rw-r--   1 travis travis   864 Jun  4 04:35 ModularCodeGen6_A_A.mk
-rw-rw-r--   1 travis travis  1348 Jun  4 04:35 ModularCodeGen6_A_A_profile.class
-rw-rw-r--   1 travis travis  1361 Jun  4 04:35 ModularCodeGen6_A_A_profile.java
-rw-rw-r--   1 travis travis  7237 Jun  4 04:35 ModularCodeGen6_A.class
-rw-rw-r--   1 travis travis 26535 Jun  4 04:35 ModularCodeGen6_A.java
-rw-rw-r--   1 travis travis   848 Jun  4 04:35 ModularCodeGen6_A.mk
-rw-rw-r--   1 travis travis  1483 Jun  4 04:35 ModularCodeGen6_A_profile.class
-rw-rw-r--   1 travis travis  1810 Jun  4 04:35 ModularCodeGen6_A_profile.java
-rw-rw-r--   1 travis travis  1384 Jun  4 04:35 ModularCodeGenLazyPubSubGlobal_CompositeActor_ModularCodeGenTypedComposite_profile.java
-rw-rw-r--   1 travis travis  3952 Jun  4 04:35 ModularCodeGenLazyPubSub_LazyCompositeActor.class
-rw-rw-r--   1 travis travis 11122 Jun  4 04:35 ModularCodeGenLazyPubSub_LazyCompositeActor.java
-rw-rw-r--   1 travis travis  1056 Jun  4 04:35 ModularCodeGenLazyPubSub_LazyCompositeActor.mk
-rw-rw-r--   1 travis travis  1286 Jun  4 04:35 ModularCodeGenLazyPubSub_LazyCompositeActor_profile.class
-rw-rw-r--   1 travis travis  1091 Jun  4 04:35 ModularCodeGenLazyPubSub_LazyCompositeActor_profile.java
-rw-rw-r--   1 travis travis  3954 Jun  4 04:34 ModularCodeGen_ModularCodeGenTypedCompositeActor.class
-rw-rw-r--   1 travis travis 10970 Jun  4 04:34 ModularCodeGen_ModularCodeGenTypedCompositeActor.java
-rw-rw-r--   1 travis travis  1096 Jun  4 04:34 ModularCodeGen_ModularCodeGenTypedCompositeActor.mk
-rw-rw-r--   1 travis travis  1384 Jun  4 04:34 ModularCodeGen_ModularCodeGenTypedCompositeActor_profile.class
-rw-rw-r--   1 travis travis  1328 Jun  4 04:34 ModularCodeGen_ModularCodeGenTypedCompositeActor_profile.java
-rw-rw-r--   1 travis travis  3492 Jun  4 04:34 ModularCodeGenTest_A1_A2.class
-rw-rw-r--   1 travis travis   904 Jun  4 04:34 ModularCodeGenTest_A1_A2.mk
-rw-rw-r--   1 travis travis  1306 Jun  4 04:34 ModularCodeGenTest_A1_A2_profile.class
-rw-rw-r--   1 travis travis  3823 Jun  4 04:34 ModularCodeGenTest_A1.class
-rw-rw-r--   1 travis travis  9968 Jun  4 04:34 ModularCodeGenTest_A1.java
-rw-rw-r--   1 travis travis   880 Jun  4 04:34 ModularCodeGenTest_A1.mk
-rw-rw-r--   1 travis travis  1352 Jun  4 04:34 ModularCodeGenTest_A1_profile.class
-rw-rw-r--   1 travis travis  1394 Jun  4 04:34 ModularCodeGenTest_A1_profile.java
drwxrwxr-x   3 travis travis 36864 Jun  4 04:34 modulation2
drwxrwxr-x   3 travis travis 20480 Jun  4 04:31 Multiplexor
drwxrwxr-x 242 travis travis 12288 Jun  4 04:34 node_modules
drwxrwxr-x   3 travis travis 20480 Jun  4 04:31 PhaseUnwrap
-rw-rw-r--   1 travis travis   520 Jun  4 04:34 Repeat$_fireFunction_Repeat_Repeat$__f_sL_0.class
-rw-rw-r--   1 travis travis   522 Jun  4 04:34 Repeat$_fireFunction_Repeat_Repeat$__f_sL_10.class
-rw-rw-r--   1 travis travis   666 Jun  4 04:34 Repeat$_fireFunction_Repeat_Repeat$__f_sL_11.class
-rw-rw-r--   1 travis travis   522 Jun  4 04:34 Repeat$_fireFunction_Repeat_Repeat$__f_sL_13.class
-rw-rw-r--   1 travis travis   665 Jun  4 04:34 Repeat$_fireFunction_Repeat_Repeat$__f_sL_1.class
-rw-rw-r--   1 travis travis   520 Jun  4 04:34 Repeat$_fireFunction_Repeat_Repeat$__f_sL_2.class
-rw-rw-r--   1 travis travis   520 Jun  4 04:34 Repeat$_fireFunction_Repeat_Repeat$__f_sL_3.class
-rw-rw-r--   1 travis travis   520 Jun  4 04:34 Repeat$_fireFunction_Repeat_Repeat$__f_sL_5.class
-rw-rw-r--   1 travis travis   671 Jun  4 04:34 Repeat$_fireFunction_Repeat_Repeat$__f_sL_7.class
-rw-rw-r--   1 travis travis   520 Jun  4 04:34 Repeat$_fireFunction_Repeat_Repeat$__f_sL_9.class
-rw-rw-r--   1 travis travis   813 Jun  4 04:34 Repeat$_initialize_Repeat.class
-rw-rw-r--   1 travis travis   475 Jun  4 04:34 Repeat$_initialize_Repeat$__i_sL_0.class
-rw-rw-r--   1 travis travis   519 Jun  4 04:34 Repeat$_initialize_Repeat$__i_sL_3.class
-rw-rw-r--   1 travis travis 39778 Jun  4 04:34 Repeat.java
-rw-rw-r--   1 travis travis  1281 Jun  4 04:34 Repeat.mk
-rw-rw-r--   1 travis travis   520 Jun  4 04:34 Repeat$_preinitializeMethod_Repeat$__p_sL_0.class
-rw-rw-r--   1 travis travis   520 Jun  4 04:34 Repeat$_preinitializeMethod_Repeat$__p_sL_1.class
-rw-rw-r--   1 travis travis  1083 Jun  4 04:34 Repeat$_Repeat$_fireFunction_Repeat_AddSubtract_Repeat.class
-rw-rw-r--   1 travis travis   791 Jun  4 04:34 Repeat$_Repeat$_fireFunction_Repeat_AddSubtract_Repeat$__f_sL_0.class
-rw-rw-r--   1 travis travis   909 Jun  4 04:34 Repeat$_Repeat$_fireFunction_Repeat_AddSubtract_Repeat$__f_sL_1.class
-rw-rw-r--   1 travis travis   915 Jun  4 04:34 Repeat$_Repeat$_fireFunction_Repeat_AddSubtract_Repeat$__f_sL_2.class
-rw-rw-r--   1 travis travis   838 Jun  4 04:34 Repeat$_Repeat$_fireFunction_Repeat_Ramp2_Repeat$__f_sL_1.class
-rw-rw-r--   1 travis travis  1785 Jun  4 04:34 Repeat$_Repeat$_fireFunction_Repeat_Test_Repeat$__f_sL_2.class
-rw-rw-r--   1 travis travis   685 Jun  4 04:34 Repeat$_Repeat_SDF_Director_run_Repeat$__R_sL_0.class
-rw-rw-r--   1 travis travis   540 Jun  4 04:34 Repeat$_Repeat_SDF_Director_run_Repeat$__R_sL_1.class
-rw-rw-r--   1 travis travis   540 Jun  4 04:34 Repeat$_Repeat_SDF_Director_run_Repeat$__R_sL_2.class
-rw-rw-r--   1 travis travis   540 Jun  4 04:34 Repeat$_Repeat_SDF_Director_run_Repeat$__R_sL_4.class
-rw-rw-r--   1 travis travis   540 Jun  4 04:34 Repeat$_Repeat_SDF_Director_run_Repeat$__R_sL_5.class
-rw-rw-r--   1 travis travis   691 Jun  4 04:34 Repeat$_Repeat_SDF_Director_run_Repeat$__R_sL_6.class
-rw-rw-r--   1 travis travis   540 Jun  4 04:34 Repeat$_Repeat_SDF_Director_run_Repeat$__R_sL_7.class
-rw-rw-r--   1 travis travis   863 Jun  4 04:34 Repeat$_varinit_Repeat.class
-rw-rw-r--   1 travis travis   530 Jun  4 04:34 Repeat$_varinit_Repeat$__v_sL_1.class
-rw-rw-r--   1 travis travis   531 Jun  4 04:34 Repeat$_varinit_Repeat$__v_sL_2.class
-rw-rw-r--   1 travis travis   905 Jun  4 04:34 Repeat$_varinit_Repeat$__v_sL_4.class
-rw-rw-r--   1 travis travis   635 Jun  4 04:34 Repeat$_wrapup_Repeat.class
-rw-rw-r--   1 travis travis   965 Jun  4 04:34 Repeat$_wrapup_Repeat$__w_sL_1.class
-rw-rw-r--   1 travis travis   289 Jun  4 04:29 result.csv
drwxrwxr-x   3 travis travis 12288 Jun  4 04:32 Scrambler1
drwxrwxr-x   3 travis travis 20480 Jun  4 04:31 Sinewave2
drwxrwxr-x   3 travis travis 69632 Jun  4 04:32 StringCompare
drwxrwxr-x   3 travis travis 32768 Jun  4 04:32 StringFunction
drwxrwxr-x   3 travis travis 12288 Jun  4 04:32 StringLength
drwxrwxr-x   3 travis travis 57344 Jun  4 04:33 StringSimpleReplace
drwxrwxr-x   3 travis travis 12288 Jun  4 04:33 time2
drwxrwxr-x   3 travis travis 12288 Jun  4 04:34 time5
-rw-rw-r--   1 travis travis   432 Jun  4 04:35 Token.class
-rw-rw-r--   1 travis travis   251 Jun  4 04:35 Token.java
-rw-rw-r--   1 travis travis     0 Jun  4 04:34 top.
-rw-rw-r--   1 travis travis 20502 Jun  4 04:29 top.c
-rw-rw-r--   1 travis travis  3567 Jun  4 04:34 top.class
-rw-rw-r--   1 travis travis   169 Jun  4 04:29 top.html
-rw-rw-r--   1 travis travis  7552 Jun  4 04:34 top.java
-rw-rw-r--   1 travis travis 38888 Jun  4 04:29 top.o
drwxrwxr-x   3 travis travis 57344 Jun  4 04:31 UnaryMathFunction
All Done
Writing ModularCodeGenLazyPubSubGlobal_CompositeActor_ModularCodeGenTypedComposite.java in file:/home/travis/cg/ (30161 characters)
Reading "ptolemy/cg/kernel/generic/program/procedural/java/modular/makefile.in",
    writing "/home/travis/cg/ModularCodeGenLazyPubSubGlobal_CompositeActor_ModularCodeGenTypedComposite.mk"
Using ptolemy/cg/kernel/generic/program/procedural/java/modular/makefile.in
In "/home/travis/cg", about to execute:
    make -f
ModularCodeGenLazyPubSubGlobal_CompositeActor_ModularCodeGenTypedComposite.mk
javac -classpath ".:.."    ModularCodeGenLazyPubSubGlobal_CompositeActor_ModularCodeGenTypedComposite.java
All Done
2224 ms. Memory: 237568K Free: 139598K (59%)
----------------- Invoking toplevel() on ptolemy.moml.MoMLSimpleApplication@9d3d622
----------------- Done invoking toplevel() on ptolemy.moml.MoMLSimpleApplication@9d3d622
reloadAllAccessors: .ModularCodeGenLazyPubSubGlobal

===========================================================================================
----------------- testing Tue Jun 04 04:35:37 UTC 2019 /home/travis/build/icyphy/ptII/ptolemy/cg/lib/test/auto/ModularCodeGenPubSub1.xml
----------------- Instantiating /home/travis/build/icyphy/ptII/ptolemy/cg/lib/test/auto/ModularCodeGenPubSub1.xml
In "/home/travis/cg", about to execute:
    pwd
In "/home/travis/cg", about to execute:
    ls -l
/home/travis/cg
In "/home/travis/cg", about to execute:
    javac -classpath
.:/home/travis/build/icyphy/ptII:/home/travis/build/icyphy/ptII/lib/bsh-2.0b4.j
ar:/home/travis/build/icyphy/ptII/lib/ptCal.jar:/home/travis/build/icyphy/ptII/
lib/java_cup.jar:/home/travis/build/icyphy/ptII/lib/saxon8.jar:/home/travis/bui
ld/icyphy/ptII/lib/saxon8-dom.jar:/home/travis/build/icyphy/ptII/lib/chic.jar:/
home/travis/build/icyphy/ptII/lib/ptcolt.jar:/usr/lib/jvm/java-8-oracle/lib/too
ls.jar:/home/travis/build/icyphy/ptII/vendors/misc/itext/iText.jar:/home/travis
/build/icyphy/ptII/lib/g4ltl.jar:/home/travis/build/icyphy/ptII/lib/StructuralC
oder.jar:/home/travis/build/icyphy/ptII/vendors/jai-1_1_2_01/lib/jai_core.jar:/
home/travis/build/icyphy/ptII/vendors/jai-1_1_2_01/lib/jai_codec.jar:/home/trav
is/build/icyphy/ptII/lib/jcerti.jar:/home/travis/build/icyphy/ptII/lib/javax.ma
il.jar:/home/travis/build/icyphy/ptII/vendors/JMF-2.1.1e/lib/jmf.jar:/home/trav
is/build/icyphy/ptII/lib/jna-4.0.0-variadic.jar:/home/travis/build/icyphy/ptII/
vendors/misc/joystick/Joystick.jar:/home/travis/build/icyphy/ptII/lib/ptjacl.ja
r:/home/travis/build/icyphy/ptII/lib/jsoup-1.8.2.jar:/home/travis/build/icyphy/
ptII/lib/junit-4.8.2.jar:/home/travis/build/icyphy/ptII/lib/JUnitParams-0.4.0.j
ar:/home/travis/build/icyphy/ptII/ptolemy/actor/lib/excel/jxl.jar:/home/travis/
build/icyphy/ptII/lib/jython.jar:/home/travis/build/icyphy/ptII/lib/kieler.jar:
/home/travis/build/icyphy/ptII/vendors/opencv/share/OpenCV/java/opencv-341.jar:
/home/travis/build/icyphy/ptII/lib/oscP5.jar:/home/travis/build/icyphy/ptII/lib
/nrjavaserial-3.11.0.devel.jar:/home/travis/build/icyphy/ptII/vendors/j3d/lib/j
3dcore.jar:/home/travis/build/icyphy/ptII/vendors/j3d/lib/j3dutils.jar:/home/tr
avis/build/icyphy/ptII/vendors/j3d/lib/vecmath.jar:/home/travis/build/icyphy/pt
II/ptolemy/distributed/jini/jar/jini-core.jar:/home/travis/build/icyphy/ptII/pt
olemy/distributed/jini/jar/jini-ext.jar:/home/travis/build/icyphy/ptII/ptolemy/
distributed/jini/jar/sun-util.jar:/home/travis/build/icyphy/ptII/lib/protobuf-j
ava-2.4.1.jar:/home/travis/build/icyphy/ptII/lib/org.eclipse.paho.client.mqttv3
.jar:/home/travis/build/icyphy/ptII/lib/mapss.jar:/home/travis/build/icyphy/ptI
I/ptolemy/actor/ptalon/antlr/antlr.jar:/home/travis/build/icyphy/ptII/lib/JRI.j
ar:/home/travis/build/icyphy/ptII/lib/commons-lang-2.6.jar:/home/travis/build/i
cyphy/ptII/lib/commons-logging-1.1.1.jar:/home/travis/build/icyphy/ptII/lib/soo
tclasses.jar:/home/travis/build/icyphy/ptII/ptolemy/actor/lib/database/mysql-co
nnector-java-5.1.6-bin.jar:/home/travis/build/icyphy/ptII/vendors/misc/sphinx4/
sphinx4-data-5prealpha.jar:/home/travis/build/icyphy/ptII/vendors/misc/sphinx4/
sphinx4-core-5prealpha.jar:/home/travis/build/icyphy/ptII/lib/PDFRenderer.jar:/
home/travis/build/icyphy/ptII/lib/svgSalamander.jar:/home/travis/build/icyphy/p
tII/lib/rsyntaxtextarea-2.6.0-SNAPSHOT.jar:/home/travis/build/icyphy/ptII/lib/h
azelcast-3.8.2.jar:/home/travis/build/icyphy/ptII/lib/jackson-annotations-2.9.0
.jar:/home/travis/build/icyphy/ptII/lib/jackson-core-2.9.3.jar:/home/travis/bui
ld/icyphy/ptII/lib/jackson-databind-2.9.3.jar:/home/travis/build/icyphy/ptII/li
b/netty-buffer-4.1.19.Final.jar:/home/travis/build/icyphy/ptII/lib/netty-codec-
4.1.19.Final.jar:/home/travis/build/icyphy/ptII/lib/netty-codec-dns-4.1.19.Fina
l.jar:/home/travis/build/icyphy/ptII/lib/netty-codec-http-4.1.19.Final.jar:/hom
e/travis/build/icyphy/ptII/lib/netty-codec-http2-4.1.19.Final.jar:/home/travis/
build/icyphy/ptII/lib/netty-common-4.1.19.Final.jar:/home/travis/build/icyphy/p
tII/lib/netty-handler-4.1.19.Final.jar:/home/travis/build/icyphy/ptII/lib/netty
-resolver-4.1.19.Final.jar:/home/travis/build/icyphy/ptII/lib/netty-resolver-dn
s-4.1.19.Final.jar:/home/travis/build/icyphy/ptII/lib/netty-transport-4.1.19.Fi
nal.jar:/home/travis/build/icyphy/ptII/lib/vertx-codegen-3.5.1.jar:/home/travis
/build/icyphy/ptII/lib/vertx-core-3.5.2-SNAPSHOT.jar:/home/travis/build/icyphy/
ptII/lib/vertx-hazelcast-3.5.1.jar:/home/travis/build/icyphy/ptII/lib/vertx-lan
g-js-3.5.1.jar:/home/travis/build/icyphy/ptII/lib/vertx-service-proxy-3.5.1.jar
:/home/travis/build/icyphy/ptII/lib/vertx-web-3.5.1.jar:/home/travis/build/icyp
hy/ptII/lib/slf4j-api-1.7.13.jar:/home/travis/build/icyphy/ptII/lib/slf4j-simpl
e-1.7.13.jar:/home/travis/build/icyphy/ptII/lib/webcam-capture-0.3.12.jar:/home
/travis/build/icyphy/ptII/lib/bridj-0.7.0.jar:/home/travis/build/icyphy/ptII/li
b/xbjlib-1.1.0.nrjavaserial.jar:/home/travis/build/icyphy/ptII/ptolemy/moml/tes
t:/home/travis/build/icyphy/ptII/ant/lib/ant-launcher.jar:/home/travis/build/ic
yphy/ptII/ant/lib/ant.jar:/home/travis/build/icyphy/ptII/ant/lib/ant-junit.jar:
/home/travis/build/icyphy/ptII/ant/lib/ant-junit4.jar:/home/travis/build/icyphy
/ptII ModularCodeGenPubSub_A1_profile.java
total 2028
drwxrwxr-x   3 travis travis 12288 Jun  4 04:30 AbsoluteValue
-rw-rw-r--   1 travis travis   233 Jun  4 04:35 Array.class
-rw-rw-r--   1 travis travis   459 Jun  4 04:35 Array.java
drwxrwxr-x   3 travis travis 16384 Jun  4 04:30 Case1
drwxrwxr-x   3 travis travis 32768 Jun  4 04:30 Case2
-rw-rw-r--   1 travis travis  4895 Jun  4 04:34 CompiledCompositeActor_CompiledCompositeActor.class
-rw-rw-r--   1 travis travis  1592 Jun  4 04:34 CompiledCompositeActor_CompiledCompositeActor$_CompiledCompositeActor_CompiledCompositeActor.class
-rw-rw-r--   1 travis travis 13466 Jun  4 04:34 CompiledCompositeActor_CompiledCompositeActor.java
-rw-rw-r--   1 travis travis  1593 Jun  4 04:34 CompiledCompositeActor_CompiledCompositeActor.mk
drwxrwxr-x   3 travis travis 24576 Jun  4 04:32 DeScrambler
drwxrwxr-x   3 travis travis 16384 Jun  4 04:33 DotProduct
drwxrwxr-x   3 travis travis 12288 Jun  4 04:30 FileWriter1
drwxrwxr-x   3 travis travis 20480 Jun  4 04:29 FixToDoubleAndBack
drwxrwxr-x   3 travis travis 16384 Jun  4 04:30 Gaussian1
drwxrwxr-x   3 travis travis 20480 Jun  4 04:30 Gaussian2
-rw-rw-r--   1 travis travis  4457 Jun  4 04:34 JavaCompiledCompositeTest1_CompiledCompositeActor.class
-rw-rw-r--   1 travis travis 11637 Jun  4 04:34 JavaCompiledCompositeTest1_CompiledCompositeActor.java
-rw-rw-r--   1 travis travis  1198 Jun  4 04:34 JavaCompiledCompositeTest1_CompiledCompositeActor$_JavaCompiledCompositeTest1_CompiledCompositeActor.class
-rw-rw-r--   1 travis travis  1625 Jun  4 04:34 JavaCompiledCompositeTest1_CompiledCompositeActor.mk
-rw-rw-r--   1 travis travis  4888 Jun  4 04:34 JavaCompiledCompositeTest2_CompiledCompositeActor.class
-rw-rw-r--   1 travis travis 14919 Jun  4 04:34 JavaCompiledCompositeTest2_CompiledCompositeActor.java
-rw-rw-r--   1 travis travis  1793 Jun  4 04:34 JavaCompiledCompositeTest2_CompiledCompositeActor$_JavaCompiledCompositeTest2_CompiledCompositeActor.class
-rw-rw-r--   1 travis travis  1625 Jun  4 04:34 JavaCompiledCompositeTest2_CompiledCompositeActor.mk
-rw-rw-r--   1 travis travis  4505 Jun  4 04:34 JavaCompiledCompositeTest3_CompiledCompositeActor.class
-rw-rw-r--   1 travis travis 13080 Jun  4 04:34 JavaCompiledCompositeTest3_CompiledCompositeActor.java
-rw-rw-r--   1 travis travis  1378 Jun  4 04:34 JavaCompiledCompositeTest3_CompiledCompositeActor$_JavaCompiledCompositeTest3_CompiledCompositeActor.class
-rw-rw-r--   1 travis travis  1625 Jun  4 04:34 JavaCompiledCompositeTest3_CompiledCompositeActor.mk
-rw-rw-r--   1 travis travis  3953 Jun  4 04:34 JavaCompiledCompositeTest4_CompiledCompositeActor.class
-rw-rw-r--   1 travis travis  9687 Jun  4 04:34 JavaCompiledCompositeTest4_CompiledCompositeActor.java
-rw-rw-r--   1 travis travis   857 Jun  4 04:34 JavaCompiledCompositeTest4_CompiledCompositeActor$_JavaCompiledCompositeTest4_CompiledCompositeActor.class
-rw-rw-r--   1 travis travis  1625 Jun  4 04:34 JavaCompiledCompositeTest4_CompiledCompositeActor.mk
drwxrwxr-x   3 travis travis 12288 Jun  4 04:30 LookupTable
drwxrwxr-x   3 travis travis 20480 Jun  4 04:31 MaxIndex
-rw-rw-r--   1 travis travis  3693 Jun  4 04:34 ModularCG_A1_B1.class
-rw-rw-r--   1 travis travis  9730 Jun  4 04:34 ModularCG_A1_B1.java
-rw-rw-r--   1 travis travis   832 Jun  4 04:34 ModularCG_A1_B1.mk
-rw-rw-r--   1 travis travis  1318 Jun  4 04:34 ModularCG_A1_B1_profile.class
-rw-rw-r--   1 travis travis  1262 Jun  4 04:34 ModularCG_A1_B1_profile.java
-rw-rw-r--   1 travis travis  3693 Jun  4 04:34 ModularCG_A1_B2.class
-rw-rw-r--   1 travis travis  9730 Jun  4 04:34 ModularCG_A1_B2.java
-rw-rw-r--   1 travis travis   832 Jun  4 04:34 ModularCG_A1_B2.mk
-rw-rw-r--   1 travis travis  1318 Jun  4 04:34 ModularCG_A1_B2_profile.class
-rw-rw-r--   1 travis travis  1262 Jun  4 04:34 ModularCG_A1_B2_profile.java
-rw-rw-r--   1 travis travis  4799 Jun  4 04:34 ModularCG_A1.class
-rw-rw-r--   1 travis travis 14742 Jun  4 04:34 ModularCG_A1.java
-rw-rw-r--   1 travis travis   808 Jun  4 04:34 ModularCG_A1.mk
-rw-rw-r--   1 travis travis  1433 Jun  4 04:34 ModularCG_A1_profile.class
-rw-rw-r--   1 travis travis  1704 Jun  4 04:34 ModularCG_A1_profile.java
-rw-rw-r--   1 travis travis  3827 Jun  4 04:34 ModularCG_A2_B1.class
-rw-rw-r--   1 travis travis 10667 Jun  4 04:34 ModularCG_A2_B1.java
-rw-rw-r--   1 travis travis   832 Jun  4 04:34 ModularCG_A2_B1.mk
-rw-rw-r--   1 travis travis  1381 Jun  4 04:34 ModularCG_A2_B1_profile.class
-rw-rw-r--   1 travis travis  1446 Jun  4 04:34 ModularCG_A2_B1_profile.java
-rw-rw-r--   1 travis travis  3693 Jun  4 04:34 ModularCG_A2_B2.class
-rw-rw-r--   1 travis travis  9730 Jun  4 04:34 ModularCG_A2_B2.java
-rw-rw-r--   1 travis travis   832 Jun  4 04:34 ModularCG_A2_B2.mk
-rw-rw-r--   1 travis travis  1318 Jun  4 04:34 ModularCG_A2_B2_profile.class
-rw-rw-r--   1 travis travis  1262 Jun  4 04:34 ModularCG_A2_B2_profile.java
-rw-rw-r--   1 travis travis  4870 Jun  4 04:34 ModularCG_A2.class
-rw-rw-r--   1 travis travis 15129 Jun  4 04:34 ModularCG_A2.java
-rw-rw-r--   1 travis travis   808 Jun  4 04:34 ModularCG_A2.mk
-rw-rw-r--   1 travis travis  1433 Jun  4 04:34 ModularCG_A2_profile.class
-rw-rw-r--   1 travis travis  1704 Jun  4 04:34 ModularCG_A2_profile.java
-rw-rw-r--   1 travis travis  3473 Jun  4 04:34 ModularCGPubSub_A1_A2.class
-rw-rw-r--   1 travis travis  9076 Jun  4 04:34 ModularCGPubSub_A1_A2.java
-rw-rw-r--   1 travis travis   880 Jun  4 04:34 ModularCGPubSub_A1_A2.mk
-rw-rw-r--   1 travis travis  1300 Jun  4 04:34 ModularCGPubSub_A1_A2_profile.class
-rw-rw-r--   1 travis travis  1222 Jun  4 04:34 ModularCGPubSub_A1_A2_profile.java
-rw-rw-r--   1 travis travis  3790 Jun  4 04:34 ModularCGPubSub_A1.class
-rw-rw-r--   1 travis travis  9836 Jun  4 04:34 ModularCGPubSub_A1.java
-rw-rw-r--   1 travis travis   856 Jun  4 04:34 ModularCGPubSub_A1.mk
-rw-rw-r--   1 travis travis  1346 Jun  4 04:34 ModularCGPubSub_A1_profile.class
-rw-rw-r--   1 travis travis  1388 Jun  4 04:34 ModularCGPubSub_A1_profile.java
-rw-rw-r--   1 travis travis  3988 Jun  4 04:34 ModularCodeGen2_ModularCodeGenTypedCompositeActor.class
-rw-rw-r--   1 travis travis 11690 Jun  4 04:34 ModularCodeGen2_ModularCodeGenTypedCompositeActor.java
-rw-rw-r--   1 travis travis  1104 Jun  4 04:34 ModularCodeGen2_ModularCodeGenTypedCompositeActor.mk
-rw-rw-r--   1 travis travis  4272 Jun  4 04:34 ModularCodeGen2_ModularCodeGenTypedCompositeActor_ModularCodeGenTypedCompositeActor.class
-rw-rw-r--   1 travis travis 11790 Jun  4 04:34 ModularCodeGen2_ModularCodeGenTypedCompositeActor_ModularCodeGenTypedCompositeActor.java
-rw-rw-r--   1 travis travis  1376 Jun  4 04:34 ModularCodeGen2_ModularCodeGenTypedCompositeActor_ModularCodeGenTypedCompositeActor.mk
-rw-rw-r--   1 travis travis  1421 Jun  4 04:34 ModularCodeGen2_ModularCodeGenTypedCompositeActor_ModularCodeGenTypedCompositeActor_profile.class
-rw-rw-r--   1 travis travis  1294 Jun  4 04:34 ModularCodeGen2_ModularCodeGenTypedCompositeActor_ModularCodeGenTypedCompositeActor_profile.java
-rw-rw-r--   1 travis travis   820 Jun  4 04:34 ModularCodeGen2_ModularCodeGenTypedCompositeActor_profile.class
-rw-rw-r--   1 travis travis   693 Jun  4 04:34 ModularCodeGen2_ModularCodeGenTypedCompositeActor_profile.java
-rw-rw-r--   1 travis travis  3741 Jun  4 04:34 ModularCodeGen3_A1_B1.class
-rw-rw-r--   1 travis travis  9958 Jun  4 04:34 ModularCodeGen3_A1_B1.java
-rw-rw-r--   1 travis travis   880 Jun  4 04:34 ModularCodeGen3_A1_B1.mk
-rw-rw-r--   1 travis travis  1330 Jun  4 04:34 ModularCodeGen3_A1_B1_profile.class
-rw-rw-r--   1 travis travis  1274 Jun  4 04:34 ModularCodeGen3_A1_B1_profile.java
-rw-rw-r--   1 travis travis  3741 Jun  4 04:35 ModularCodeGen3_A1_B2.class
-rw-rw-r--   1 travis travis  9958 Jun  4 04:35 ModularCodeGen3_A1_B2.java
-rw-rw-r--   1 travis travis   880 Jun  4 04:35 ModularCodeGen3_A1_B2.mk
-rw-rw-r--   1 travis travis  1330 Jun  4 04:35 ModularCodeGen3_A1_B2_profile.class
-rw-rw-r--   1 travis travis  1274 Jun  4 04:34 ModularCodeGen3_A1_B2_profile.java
-rw-rw-r--   1 travis travis  4961 Jun  4 04:35 ModularCodeGen3_A1.class
-rw-rw-r--   1 travis travis 15564 Jun  4 04:35 ModularCodeGen3_A1.java
-rw-rw-r--   1 travis travis   856 Jun  4 04:35 ModularCodeGen3_A1.mk
-rw-rw-r--   1 travis travis  1445 Jun  4 04:35 ModularCodeGen3_A1_profile.class
-rw-rw-r--   1 travis travis  1716 Jun  4 04:35 ModularCodeGen3_A1_profile.java
-rw-rw-r--   1 travis travis  3887 Jun  4 04:35 ModularCodeGen3_A2_B1.class
-rw-rw-r--   1 travis travis 10955 Jun  4 04:35 ModularCodeGen3_A2_B1.java
-rw-rw-r--   1 travis travis   880 Jun  4 04:35 ModularCodeGen3_A2_B1.mk
-rw-rw-r--   1 travis travis  1393 Jun  4 04:35 ModularCodeGen3_A2_B1_profile.class
-rw-rw-r--   1 travis travis  1458 Jun  4 04:35 ModularCodeGen3_A2_B1_profile.java
-rw-rw-r--   1 travis travis  3741 Jun  4 04:35 ModularCodeGen3_A2_B2.class
-rw-rw-r--   1 travis travis  9958 Jun  4 04:35 ModularCodeGen3_A2_B2.java
-rw-rw-r--   1 travis travis   880 Jun  4 04:35 ModularCodeGen3_A2_B2.mk
-rw-rw-r--   1 travis travis  1330 Jun  4 04:35 ModularCodeGen3_A2_B2_profile.class
-rw-rw-r--   1 travis travis  1274 Jun  4 04:35 ModularCodeGen3_A2_B2_profile.java
-rw-rw-r--   1 travis travis  5038 Jun  4 04:35 ModularCodeGen3_A2.class
-rw-rw-r--   1 travis travis 15957 Jun  4 04:35 ModularCodeGen3_A2.java
-rw-rw-r--   1 travis travis   856 Jun  4 04:35 ModularCodeGen3_A2.mk
-rw-rw-r--   1 travis travis  1445 Jun  4 04:35 ModularCodeGen3_A2_profile.class
-rw-rw-r--   1 travis travis  1716 Jun  4 04:35 ModularCodeGen3_A2_profile.java
-rw-rw-r--   1 travis travis  3794 Jun  4 04:35 ModularCodeGen4_A1_B1.class
-rw-rw-r--   1 travis travis 10312 Jun  4 04:35 ModularCodeGen4_A1_B1.java
-rw-rw-r--   1 travis travis   880 Jun  4 04:35 ModularCodeGen4_A1_B1.mk
-rw-rw-r--   1 travis travis  1330 Jun  4 04:35 ModularCodeGen4_A1_B1_profile.class
-rw-rw-r--   1 travis travis  1273 Jun  4 04:35 ModularCodeGen4_A1_B1_profile.java
-rw-rw-r--   1 travis travis  3794 Jun  4 04:35 ModularCodeGen4_A1_B2.class
-rw-rw-r--   1 travis travis 10312 Jun  4 04:35 ModularCodeGen4_A1_B2.java
-rw-rw-r--   1 travis travis   880 Jun  4 04:35 ModularCodeGen4_A1_B2.mk
-rw-rw-r--   1 travis travis  1330 Jun  4 04:35 ModularCodeGen4_A1_B2_profile.class
-rw-rw-r--   1 travis travis  1273 Jun  4 04:35 ModularCodeGen4_A1_B2_profile.java
-rw-rw-r--   1 travis travis  5101 Jun  4 04:35 ModularCodeGen4_A1.class
-rw-rw-r--   1 travis travis 16245 Jun  4 04:35 ModularCodeGen4_A1.java
-rw-rw-r--   1 travis travis   856 Jun  4 04:35 ModularCodeGen4_A1.mk
-rw-rw-r--   1 travis travis  1445 Jun  4 04:35 ModularCodeGen4_A1_profile.class
-rw-rw-r--   1 travis travis  1712 Jun  4 04:35 ModularCodeGen4_A1_profile.java
-rw-rw-r--   1 travis travis  3988 Jun  4 04:35 ModularCodeGen4_A2_B1.class
-rw-rw-r--   1 travis travis 11375 Jun  4 04:35 ModularCodeGen4_A2_B1.java
-rw-rw-r--   1 travis travis   880 Jun  4 04:35 ModularCodeGen4_A2_B1.mk
-rw-rw-r--   1 travis travis  1393 Jun  4 04:35 ModularCodeGen4_A2_B1_profile.class
-rw-rw-r--   1 travis travis  1454 Jun  4 04:35 ModularCodeGen4_A2_B1_profile.java
-rw-rw-r--   1 travis travis  3842 Jun  4 04:35 ModularCodeGen4_A2_B2.class
-rw-rw-r--   1 travis travis 10378 Jun  4 04:35 ModularCodeGen4_A2_B2.java
-rw-rw-r--   1 travis travis   880 Jun  4 04:35 ModularCodeGen4_A2_B2.mk
-rw-rw-r--   1 travis travis  1330 Jun  4 04:35 ModularCodeGen4_A2_B2_profile.class
-rw-rw-r--   1 travis travis  1270 Jun  4 04:35 ModularCodeGen4_A2_B2_profile.java
-rw-rw-r--   1 travis travis  5274 Jun  4 04:35 ModularCodeGen4_A2.class
-rw-rw-r--   1 travis travis 16770 Jun  4 04:35 ModularCodeGen4_A2.java
-rw-rw-r--   1 travis travis   856 Jun  4 04:35 ModularCodeGen4_A2.mk
-rw-rw-r--   1 travis travis  1445 Jun  4 04:35 ModularCodeGen4_A2_profile.class
-rw-rw-r--   1 travis travis  1712 Jun  4 04:35 ModularCodeGen4_A2_profile.java
-rw-rw-r--   1 travis travis  6838 Jun  4 04:35 ModularCodeGen5_A_A.class
-rw-rw-r--   1 travis travis 28721 Jun  4 04:35 ModularCodeGen5_A_A.java
-rw-rw-r--   1 travis travis   864 Jun  4 04:35 ModularCodeGen5_A_A.mk
-rw-rw-r--   1 travis travis  1520 Jun  4 04:35 ModularCodeGen5_A_A_profile.class
-rw-rw-r--   1 travis travis  1815 Jun  4 04:35 ModularCodeGen5_A_A_profile.java
-rw-rw-r--   1 travis travis  5115 Jun  4 04:35 ModularCodeGen5_A.class
-rw-rw-r--   1 travis travis 13769 Jun  4 04:35 ModularCodeGen5_A.java
-rw-rw-r--   1 travis travis   848 Jun  4 04:35 ModularCodeGen5_A.mk
-rw-rw-r--   1 travis travis  1422 Jun  4 04:35 ModularCodeGen5_A_profile.class
-rw-rw-r--   1 travis travis  1605 Jun  4 04:35 ModularCodeGen5_A_profile.java
-rw-rw-r--   1 travis travis  4125 Jun  4 04:35 ModularCodeGen6_A_A2.class
-rw-rw-r--   1 travis travis 11329 Jun  4 04:35 ModularCodeGen6_A_A2.java
-rw-rw-r--   1 travis travis   872 Jun  4 04:35 ModularCodeGen6_A_A2.mk
-rw-rw-r--   1 travis travis  1351 Jun  4 04:35 ModularCodeGen6_A_A2_profile.class
-rw-rw-r--   1 travis travis  1364 Jun  4 04:35 ModularCodeGen6_A_A2_profile.java
-rw-rw-r--   1 travis travis  4108 Jun  4 04:35 ModularCodeGen6_A_A.class
-rw-rw-r--   1 travis travis 11221 Jun  4 04:35 ModularCodeGen6_A_A.java
-rw-rw-r--   1 travis travis   864 Jun  4 04:35 ModularCodeGen6_A_A.mk
-rw-rw-r--   1 travis travis  1348 Jun  4 04:35 ModularCodeGen6_A_A_profile.class
-rw-rw-r--   1 travis travis  1361 Jun  4 04:35 ModularCodeGen6_A_A_profile.java
-rw-rw-r--   1 travis travis  7237 Jun  4 04:35 ModularCodeGen6_A.class
-rw-rw-r--   1 travis travis 26535 Jun  4 04:35 ModularCodeGen6_A.java
-rw-rw-r--   1 travis travis   848 Jun  4 04:35 ModularCodeGen6_A.mk
-rw-rw-r--   1 travis travis  1483 Jun  4 04:35 ModularCodeGen6_A_profile.class
-rw-rw-r--   1 travis travis  1810 Jun  4 04:35 ModularCodeGen6_A_profile.java
-rw-rw-r--   1 travis travis  9439 Jun  4 04:35 ModularCodeGenLazyPubSubGlobal_CompositeActor_ModularCodeGenTypedComposite.class
-rw-rw-r--   1 travis travis 30161 Jun  4 04:35 ModularCodeGenLazyPubSubGlobal_CompositeActor_ModularCodeGenTypedComposite.java
-rw-rw-r--   1 travis travis  1304 Jun  4 04:35 ModularCodeGenLazyPubSubGlobal_CompositeActor_ModularCodeGenTypedComposite.mk
-rw-rw-r--   1 travis travis  1438 Jun  4 04:35 ModularCodeGenLazyPubSubGlobal_CompositeActor_ModularCodeGenTypedComposite_profile.class
-rw-rw-r--   1 travis travis  1384 Jun  4 04:35 ModularCodeGenLazyPubSubGlobal_CompositeActor_ModularCodeGenTypedComposite_profile.java
-rw-rw-r--   1 travis travis  3952 Jun  4 04:35 ModularCodeGenLazyPubSub_LazyCompositeActor.class
-rw-rw-r--   1 travis travis 11122 Jun  4 04:35 ModularCodeGenLazyPubSub_LazyCompositeActor.java
-rw-rw-r--   1 travis travis  1056 Jun  4 04:35 ModularCodeGenLazyPubSub_LazyCompositeActor.mk
-rw-rw-r--   1 travis travis  1286 Jun  4 04:35 ModularCodeGenLazyPubSub_LazyCompositeActor_profile.class
-rw-rw-r--   1 travis travis  1091 Jun  4 04:35 ModularCodeGenLazyPubSub_LazyCompositeActor_profile.java
-rw-rw-r--   1 travis travis  3954 Jun  4 04:34 ModularCodeGen_ModularCodeGenTypedCompositeActor.class
-rw-rw-r--   1 travis travis 10970 Jun  4 04:34 ModularCodeGen_ModularCodeGenTypedCompositeActor.java
-rw-rw-r--   1 travis travis  1096 Jun  4 04:34 ModularCodeGen_ModularCodeGenTypedCompositeActor.mk
-rw-rw-r--   1 travis travis  1384 Jun  4 04:34 ModularCodeGen_ModularCodeGenTypedCompositeActor_profile.class
-rw-rw-r--   1 travis travis  1328 Jun  4 04:34 ModularCodeGen_ModularCodeGenTypedCompositeActor_profile.java
-rw-rw-r--   1 travis travis  1195 Jun  4 04:35 ModularCodeGenPubSub_A1_profile.java
-rw-rw-r--   1 travis travis  3492 Jun  4 04:34 ModularCodeGenTest_A1_A2.class
-rw-rw-r--   1 travis travis   904 Jun  4 04:34 ModularCodeGenTest_A1_A2.mk
-rw-rw-r--   1 travis travis  1306 Jun  4 04:34 ModularCodeGenTest_A1_A2_profile.class
-rw-rw-r--   1 travis travis  3823 Jun  4 04:34 ModularCodeGenTest_A1.class
-rw-rw-r--   1 travis travis  9968 Jun  4 04:34 ModularCodeGenTest_A1.java
-rw-rw-r--   1 travis travis   880 Jun  4 04:34 ModularCodeGenTest_A1.mk
-rw-rw-r--   1 travis travis  1352 Jun  4 04:34 ModularCodeGenTest_A1_profile.class
-rw-rw-r--   1 travis travis  1394 Jun  4 04:34 ModularCodeGenTest_A1_profile.java
drwxrwxr-x   3 travis travis 36864 Jun  4 04:34 modulation2
drwxrwxr-x   3 travis travis 20480 Jun  4 04:31 Multiplexor
drwxrwxr-x 242 travis travis 12288 Jun  4 04:34 node_modules
drwxrwxr-x   3 travis travis 20480 Jun  4 04:31 PhaseUnwrap
-rw-rw-r--   1 travis travis   520 Jun  4 04:34 Repeat$_fireFunction_Repeat_Repeat$__f_sL_0.class
-rw-rw-r--   1 travis travis   522 Jun  4 04:34 Repeat$_fireFunction_Repeat_Repeat$__f_sL_10.class
-rw-rw-r--   1 travis travis   666 Jun  4 04:34 Repeat$_fireFunction_Repeat_Repeat$__f_sL_11.class
-rw-rw-r--   1 travis travis   522 Jun  4 04:34 Repeat$_fireFunction_Repeat_Repeat$__f_sL_13.class
-rw-rw-r--   1 travis travis   665 Jun  4 04:34 Repeat$_fireFunction_Repeat_Repeat$__f_sL_1.class
-rw-rw-r--   1 travis travis   520 Jun  4 04:34 Repeat$_fireFunction_Repeat_Repeat$__f_sL_2.class
-rw-rw-r--   1 travis travis   520 Jun  4 04:34 Repeat$_fireFunction_Repeat_Repeat$__f_sL_3.class
-rw-rw-r--   1 travis travis   520 Jun  4 04:34 Repeat$_fireFunction_Repeat_Repeat$__f_sL_5.class
-rw-rw-r--   1 travis travis   671 Jun  4 04:34 Repeat$_fireFunction_Repeat_Repeat$__f_sL_7.class
-rw-rw-r--   1 travis travis   520 Jun  4 04:34 Repeat$_fireFunction_Repeat_Repeat$__f_sL_9.class
-rw-rw-r--   1 travis travis   813 Jun  4 04:34 Repeat$_initialize_Repeat.class
-rw-rw-r--   1 travis travis   475 Jun  4 04:34 Repeat$_initialize_Repeat$__i_sL_0.class
-rw-rw-r--   1 travis travis   519 Jun  4 04:34 Repeat$_initialize_Repeat$__i_sL_3.class
-rw-rw-r--   1 travis travis 39778 Jun  4 04:34 Repeat.java
-rw-rw-r--   1 travis travis  1281 Jun  4 04:34 Repeat.mk
-rw-rw-r--   1 travis travis   520 Jun  4 04:34 Repeat$_preinitializeMethod_Repeat$__p_sL_0.class
-rw-rw-r--   1 travis travis   520 Jun  4 04:34 Repeat$_preinitializeMethod_Repeat$__p_sL_1.class
-rw-rw-r--   1 travis travis  1083 Jun  4 04:34 Repeat$_Repeat$_fireFunction_Repeat_AddSubtract_Repeat.class
-rw-rw-r--   1 travis travis   791 Jun  4 04:34 Repeat$_Repeat$_fireFunction_Repeat_AddSubtract_Repeat$__f_sL_0.class
-rw-rw-r--   1 travis travis   909 Jun  4 04:34 Repeat$_Repeat$_fireFunction_Repeat_AddSubtract_Repeat$__f_sL_1.class
-rw-rw-r--   1 travis travis   915 Jun  4 04:34 Repeat$_Repeat$_fireFunction_Repeat_AddSubtract_Repeat$__f_sL_2.class
-rw-rw-r--   1 travis travis   838 Jun  4 04:34 Repeat$_Repeat$_fireFunction_Repeat_Ramp2_Repeat$__f_sL_1.class
-rw-rw-r--   1 travis travis  1785 Jun  4 04:34 Repeat$_Repeat$_fireFunction_Repeat_Test_Repeat$__f_sL_2.class
-rw-rw-r--   1 travis travis   685 Jun  4 04:34 Repeat$_Repeat_SDF_Director_run_Repeat$__R_sL_0.class
-rw-rw-r--   1 travis travis   540 Jun  4 04:34 Repeat$_Repeat_SDF_Director_run_Repeat$__R_sL_1.class
-rw-rw-r--   1 travis travis   540 Jun  4 04:34 Repeat$_Repeat_SDF_Director_run_Repeat$__R_sL_2.class
-rw-rw-r--   1 travis travis   540 Jun  4 04:34 Repeat$_Repeat_SDF_Director_run_Repeat$__R_sL_4.class
-rw-rw-r--   1 travis travis   540 Jun  4 04:34 Repeat$_Repeat_SDF_Director_run_Repeat$__R_sL_5.class
-rw-rw-r--   1 travis travis   691 Jun  4 04:34 Repeat$_Repeat_SDF_Director_run_Repeat$__R_sL_6.class
-rw-rw-r--   1 travis travis   540 Jun  4 04:34 Repeat$_Repeat_SDF_Director_run_Repeat$__R_sL_7.class
-rw-rw-r--   1 travis travis   863 Jun  4 04:34 Repeat$_varinit_Repeat.class
-rw-rw-r--   1 travis travis   530 Jun  4 04:34 Repeat$_varinit_Repeat$__v_sL_1.class
-rw-rw-r--   1 travis travis   531 Jun  4 04:34 Repeat$_varinit_Repeat$__v_sL_2.class
-rw-rw-r--   1 travis travis   905 Jun  4 04:34 Repeat$_varinit_Repeat$__v_sL_4.class
-rw-rw-r--   1 travis travis   635 Jun  4 04:34 Repeat$_wrapup_Repeat.class
-rw-rw-r--   1 travis travis   965 Jun  4 04:34 Repeat$_wrapup_Repeat$__w_sL_1.class
-rw-rw-r--   1 travis travis   289 Jun  4 04:29 result.csv
drwxrwxr-x   3 travis travis 12288 Jun  4 04:32 Scrambler1
drwxrwxr-x   3 travis travis 20480 Jun  4 04:31 Sinewave2
drwxrwxr-x   3 travis travis 69632 Jun  4 04:32 StringCompare
drwxrwxr-x   3 travis travis 32768 Jun  4 04:32 StringFunction
drwxrwxr-x   3 travis travis 12288 Jun  4 04:32 StringLength
drwxrwxr-x   3 travis travis 57344 Jun  4 04:33 StringSimpleReplace
drwxrwxr-x   3 travis travis 12288 Jun  4 04:33 time2
drwxrwxr-x   3 travis travis 12288 Jun  4 04:34 time5
-rw-rw-r--   1 travis travis   432 Jun  4 04:35 Token.class
-rw-rw-r--   1 travis travis   251 Jun  4 04:35 Token.java
-rw-rw-r--   1 travis travis     0 Jun  4 04:34 top.
-rw-rw-r--   1 travis travis 20502 Jun  4 04:29 top.c
-rw-rw-r--   1 travis travis  3567 Jun  4 04:34 top.class
-rw-rw-r--   1 travis travis   169 Jun  4 04:29 top.html
-rw-rw-r--   1 travis travis  7552 Jun  4 04:34 top.java
-rw-rw-r--   1 travis travis 38888 Jun  4 04:29 top.o
drwxrwxr-x   3 travis travis 57344 Jun  4 04:31 UnaryMathFunction
All Done
Writing ModularCodeGenPubSub_A1.java in file:/home/travis/cg/ (9060 characters)
Reading "ptolemy/cg/kernel/generic/program/procedural/java/modular/makefile.in",
    writing "/home/travis/cg/ModularCodeGenPubSub_A1.mk"
Using ptolemy/cg/kernel/generic/program/procedural/java/modular/makefile.in
In "/home/travis/cg", about to execute:
    make -f ModularCodeGenPubSub_A1.mk
javac -classpath ".:.."    ModularCodeGenPubSub_A1.java
All Done
2384 ms. Memory: 237568K Free: 84995K (36%)
----------------- Invoking toplevel() on ptolemy.moml.MoMLSimpleApplication@75ec15e6
----------------- Done invoking toplevel() on ptolemy.moml.MoMLSimpleApplication@75ec15e6
reloadAllAccessors: .ModularCodeGenPubSub

===========================================================================================
----------------- testing Tue Jun 04 04:35:39 UTC 2019 /home/travis/build/icyphy/ptII/ptolemy/cg/lib/test/auto/ModularCodeGenPubSub2.xml
----------------- Instantiating /home/travis/build/icyphy/ptII/ptolemy/cg/lib/test/auto/ModularCodeGenPubSub2.xml
In "/home/travis/cg", about to execute:
    pwd
In "/home/travis/cg", about to execute:
    ls -l
/home/travis/cg
In "/home/travis/cg", about to execute:
    javac -classpath
.:/home/travis/build/icyphy/ptII:/home/travis/build/icyphy/ptII/lib/bsh-2.0b4.j
ar:/home/travis/build/icyphy/ptII/lib/ptCal.jar:/home/travis/build/icyphy/ptII/
lib/java_cup.jar:/home/travis/build/icyphy/ptII/lib/saxon8.jar:/home/travis/bui
ld/icyphy/ptII/lib/saxon8-dom.jar:/home/travis/build/icyphy/ptII/lib/chic.jar:/
home/travis/build/icyphy/ptII/lib/ptcolt.jar:/usr/lib/jvm/java-8-oracle/lib/too
ls.jar:/home/travis/build/icyphy/ptII/vendors/misc/itext/iText.jar:/home/travis
/build/icyphy/ptII/lib/g4ltl.jar:/home/travis/build/icyphy/ptII/lib/StructuralC
oder.jar:/home/travis/build/icyphy/ptII/vendors/jai-1_1_2_01/lib/jai_core.jar:/
home/travis/build/icyphy/ptII/vendors/jai-1_1_2_01/lib/jai_codec.jar:/home/trav
is/build/icyphy/ptII/lib/jcerti.jar:/home/travis/build/icyphy/ptII/lib/javax.ma
il.jar:/home/travis/build/icyphy/ptII/vendors/JMF-2.1.1e/lib/jmf.jar:/home/trav
is/build/icyphy/ptII/lib/jna-4.0.0-variadic.jar:/home/travis/build/icyphy/ptII/
vendors/misc/joystick/Joystick.jar:/home/travis/build/icyphy/ptII/lib/ptjacl.ja
r:/home/travis/build/icyphy/ptII/lib/jsoup-1.8.2.jar:/home/travis/build/icyphy/
ptII/lib/junit-4.8.2.jar:/home/travis/build/icyphy/ptII/lib/JUnitParams-0.4.0.j
ar:/home/travis/build/icyphy/ptII/ptolemy/actor/lib/excel/jxl.jar:/home/travis/
build/icyphy/ptII/lib/jython.jar:/home/travis/build/icyphy/ptII/lib/kieler.jar:
/home/travis/build/icyphy/ptII/vendors/opencv/share/OpenCV/java/opencv-341.jar:
/home/travis/build/icyphy/ptII/lib/oscP5.jar:/home/travis/build/icyphy/ptII/lib
/nrjavaserial-3.11.0.devel.jar:/home/travis/build/icyphy/ptII/vendors/j3d/lib/j
3dcore.jar:/home/travis/build/icyphy/ptII/vendors/j3d/lib/j3dutils.jar:/home/tr
avis/build/icyphy/ptII/vendors/j3d/lib/vecmath.jar:/home/travis/build/icyphy/pt
II/ptolemy/distributed/jini/jar/jini-core.jar:/home/travis/build/icyphy/ptII/pt
olemy/distributed/jini/jar/jini-ext.jar:/home/travis/build/icyphy/ptII/ptolemy/
distributed/jini/jar/sun-util.jar:/home/travis/build/icyphy/ptII/lib/protobuf-j
ava-2.4.1.jar:/home/travis/build/icyphy/ptII/lib/org.eclipse.paho.client.mqttv3
.jar:/home/travis/build/icyphy/ptII/lib/mapss.jar:/home/travis/build/icyphy/ptI
I/ptolemy/actor/ptalon/antlr/antlr.jar:/home/travis/build/icyphy/ptII/lib/JRI.j
ar:/home/travis/build/icyphy/ptII/lib/commons-lang-2.6.jar:/home/travis/build/i
cyphy/ptII/lib/commons-logging-1.1.1.jar:/home/travis/build/icyphy/ptII/lib/soo
tclasses.jar:/home/travis/build/icyphy/ptII/ptolemy/actor/lib/database/mysql-co
nnector-java-5.1.6-bin.jar:/home/travis/build/icyphy/ptII/vendors/misc/sphinx4/
sphinx4-data-5prealpha.jar:/home/travis/build/icyphy/ptII/vendors/misc/sphinx4/
sphinx4-core-5prealpha.jar:/home/travis/build/icyphy/ptII/lib/PDFRenderer.jar:/
home/travis/build/icyphy/ptII/lib/svgSalamander.jar:/home/travis/build/icyphy/p
tII/lib/rsyntaxtextarea-2.6.0-SNAPSHOT.jar:/home/travis/build/icyphy/ptII/lib/h
azelcast-3.8.2.jar:/home/travis/build/icyphy/ptII/lib/jackson-annotations-2.9.0
.jar:/home/travis/build/icyphy/ptII/lib/jackson-core-2.9.3.jar:/home/travis/bui
ld/icyphy/ptII/lib/jackson-databind-2.9.3.jar:/home/travis/build/icyphy/ptII/li
b/netty-buffer-4.1.19.Final.jar:/home/travis/build/icyphy/ptII/lib/netty-codec-
4.1.19.Final.jar:/home/travis/build/icyphy/ptII/lib/netty-codec-dns-4.1.19.Fina
l.jar:/home/travis/build/icyphy/ptII/lib/netty-codec-http-4.1.19.Final.jar:/hom
e/travis/build/icyphy/ptII/lib/netty-codec-http2-4.1.19.Final.jar:/home/travis/
build/icyphy/ptII/lib/netty-common-4.1.19.Final.jar:/home/travis/build/icyphy/p
tII/lib/netty-handler-4.1.19.Final.jar:/home/travis/build/icyphy/ptII/lib/netty
-resolver-4.1.19.Final.jar:/home/travis/build/icyphy/ptII/lib/netty-resolver-dn
s-4.1.19.Final.jar:/home/travis/build/icyphy/ptII/lib/netty-transport-4.1.19.Fi
nal.jar:/home/travis/build/icyphy/ptII/lib/vertx-codegen-3.5.1.jar:/home/travis
/build/icyphy/ptII/lib/vertx-core-3.5.2-SNAPSHOT.jar:/home/travis/build/icyphy/
ptII/lib/vertx-hazelcast-3.5.1.jar:/home/travis/build/icyphy/ptII/lib/vertx-lan
g-js-3.5.1.jar:/home/travis/build/icyphy/ptII/lib/vertx-service-proxy-3.5.1.jar
:/home/travis/build/icyphy/ptII/lib/vertx-web-3.5.1.jar:/home/travis/build/icyp
hy/ptII/lib/slf4j-api-1.7.13.jar:/home/travis/build/icyphy/ptII/lib/slf4j-simpl
e-1.7.13.jar:/home/travis/build/icyphy/ptII/lib/webcam-capture-0.3.12.jar:/home
/travis/build/icyphy/ptII/lib/bridj-0.7.0.jar:/home/travis/build/icyphy/ptII/li
b/xbjlib-1.1.0.nrjavaserial.jar:/home/travis/build/icyphy/ptII/ptolemy/moml/tes
t:/home/travis/build/icyphy/ptII/ant/lib/ant-launcher.jar:/home/travis/build/ic
yphy/ptII/ant/lib/ant.jar:/home/travis/build/icyphy/ptII/ant/lib/ant-junit.jar:
/home/travis/build/icyphy/ptII/ant/lib/ant-junit4.jar:/home/travis/build/icyphy
/ptII ModularCodeGenPubSub2_A1_A_profile.java
total 2056
drwxrwxr-x   3 travis travis 12288 Jun  4 04:30 AbsoluteValue
-rw-rw-r--   1 travis travis   233 Jun  4 04:35 Array.class
-rw-rw-r--   1 travis travis   459 Jun  4 04:35 Array.java
drwxrwxr-x   3 travis travis 16384 Jun  4 04:30 Case1
drwxrwxr-x   3 travis travis 32768 Jun  4 04:30 Case2
-rw-rw-r--   1 travis travis  4895 Jun  4 04:34 CompiledCompositeActor_CompiledCompositeActor.class
-rw-rw-r--   1 travis travis  1592 Jun  4 04:34 CompiledCompositeActor_CompiledCompositeActor$_CompiledCompositeActor_CompiledCompositeActor.class
-rw-rw-r--   1 travis travis 13466 Jun  4 04:34 CompiledCompositeActor_CompiledCompositeActor.java
-rw-rw-r--   1 travis travis  1593 Jun  4 04:34 CompiledCompositeActor_CompiledCompositeActor.mk
drwxrwxr-x   3 travis travis 24576 Jun  4 04:32 DeScrambler
drwxrwxr-x   3 travis travis 16384 Jun  4 04:33 DotProduct
drwxrwxr-x   3 travis travis 12288 Jun  4 04:30 FileWriter1
drwxrwxr-x   3 travis travis 20480 Jun  4 04:29 FixToDoubleAndBack
drwxrwxr-x   3 travis travis 16384 Jun  4 04:30 Gaussian1
drwxrwxr-x   3 travis travis 20480 Jun  4 04:30 Gaussian2
-rw-rw-r--   1 travis travis  4457 Jun  4 04:34 JavaCompiledCompositeTest1_CompiledCompositeActor.class
-rw-rw-r--   1 travis travis 11637 Jun  4 04:34 JavaCompiledCompositeTest1_CompiledCompositeActor.java
-rw-rw-r--   1 travis travis  1198 Jun  4 04:34 JavaCompiledCompositeTest1_CompiledCompositeActor$_JavaCompiledCompositeTest1_CompiledCompositeActor.class
-rw-rw-r--   1 travis travis  1625 Jun  4 04:34 JavaCompiledCompositeTest1_CompiledCompositeActor.mk
-rw-rw-r--   1 travis travis  4888 Jun  4 04:34 JavaCompiledCompositeTest2_CompiledCompositeActor.class
-rw-rw-r--   1 travis travis 14919 Jun  4 04:34 JavaCompiledCompositeTest2_CompiledCompositeActor.java
-rw-rw-r--   1 travis travis  1793 Jun  4 04:34 JavaCompiledCompositeTest2_CompiledCompositeActor$_JavaCompiledCompositeTest2_CompiledCompositeActor.class
-rw-rw-r--   1 travis travis  1625 Jun  4 04:34 JavaCompiledCompositeTest2_CompiledCompositeActor.mk
-rw-rw-r--   1 travis travis  4505 Jun  4 04:34 JavaCompiledCompositeTest3_CompiledCompositeActor.class
-rw-rw-r--   1 travis travis 13080 Jun  4 04:34 JavaCompiledCompositeTest3_CompiledCompositeActor.java
-rw-rw-r--   1 travis travis  1378 Jun  4 04:34 JavaCompiledCompositeTest3_CompiledCompositeActor$_JavaCompiledCompositeTest3_CompiledCompositeActor.class
-rw-rw-r--   1 travis travis  1625 Jun  4 04:34 JavaCompiledCompositeTest3_CompiledCompositeActor.mk
-rw-rw-r--   1 travis travis  3953 Jun  4 04:34 JavaCompiledCompositeTest4_CompiledCompositeActor.class
-rw-rw-r--   1 travis travis  9687 Jun  4 04:34 JavaCompiledCompositeTest4_CompiledCompositeActor.java
-rw-rw-r--   1 travis travis   857 Jun  4 04:34 JavaCompiledCompositeTest4_CompiledCompositeActor$_JavaCompiledCompositeTest4_CompiledCompositeActor.class
-rw-rw-r--   1 travis travis  1625 Jun  4 04:34 JavaCompiledCompositeTest4_CompiledCompositeActor.mk
drwxrwxr-x   3 travis travis 12288 Jun  4 04:30 LookupTable
drwxrwxr-x   3 travis travis 20480 Jun  4 04:31 MaxIndex
-rw-rw-r--   1 travis travis  3693 Jun  4 04:34 ModularCG_A1_B1.class
-rw-rw-r--   1 travis travis  9730 Jun  4 04:34 ModularCG_A1_B1.java
-rw-rw-r--   1 travis travis   832 Jun  4 04:34 ModularCG_A1_B1.mk
-rw-rw-r--   1 travis travis  1318 Jun  4 04:34 ModularCG_A1_B1_profile.class
-rw-rw-r--   1 travis travis  1262 Jun  4 04:34 ModularCG_A1_B1_profile.java
-rw-rw-r--   1 travis travis  3693 Jun  4 04:34 ModularCG_A1_B2.class
-rw-rw-r--   1 travis travis  9730 Jun  4 04:34 ModularCG_A1_B2.java
-rw-rw-r--   1 travis travis   832 Jun  4 04:34 ModularCG_A1_B2.mk
-rw-rw-r--   1 travis travis  1318 Jun  4 04:34 ModularCG_A1_B2_profile.class
-rw-rw-r--   1 travis travis  1262 Jun  4 04:34 ModularCG_A1_B2_profile.java
-rw-rw-r--   1 travis travis  4799 Jun  4 04:34 ModularCG_A1.class
-rw-rw-r--   1 travis travis 14742 Jun  4 04:34 ModularCG_A1.java
-rw-rw-r--   1 travis travis   808 Jun  4 04:34 ModularCG_A1.mk
-rw-rw-r--   1 travis travis  1433 Jun  4 04:34 ModularCG_A1_profile.class
-rw-rw-r--   1 travis travis  1704 Jun  4 04:34 ModularCG_A1_profile.java
-rw-rw-r--   1 travis travis  3827 Jun  4 04:34 ModularCG_A2_B1.class
-rw-rw-r--   1 travis travis 10667 Jun  4 04:34 ModularCG_A2_B1.java
-rw-rw-r--   1 travis travis   832 Jun  4 04:34 ModularCG_A2_B1.mk
-rw-rw-r--   1 travis travis  1381 Jun  4 04:34 ModularCG_A2_B1_profile.class
-rw-rw-r--   1 travis travis  1446 Jun  4 04:34 ModularCG_A2_B1_profile.java
-rw-rw-r--   1 travis travis  3693 Jun  4 04:34 ModularCG_A2_B2.class
-rw-rw-r--   1 travis travis  9730 Jun  4 04:34 ModularCG_A2_B2.java
-rw-rw-r--   1 travis travis   832 Jun  4 04:34 ModularCG_A2_B2.mk
-rw-rw-r--   1 travis travis  1318 Jun  4 04:34 ModularCG_A2_B2_profile.class
-rw-rw-r--   1 travis travis  1262 Jun  4 04:34 ModularCG_A2_B2_profile.java
-rw-rw-r--   1 travis travis  4870 Jun  4 04:34 ModularCG_A2.class
-rw-rw-r--   1 travis travis 15129 Jun  4 04:34 ModularCG_A2.java
-rw-rw-r--   1 travis travis   808 Jun  4 04:34 ModularCG_A2.mk
-rw-rw-r--   1 travis travis  1433 Jun  4 04:34 ModularCG_A2_profile.class
-rw-rw-r--   1 travis travis  1704 Jun  4 04:34 ModularCG_A2_profile.java
-rw-rw-r--   1 travis travis  3473 Jun  4 04:34 ModularCGPubSub_A1_A2.class
-rw-rw-r--   1 travis travis  9076 Jun  4 04:34 ModularCGPubSub_A1_A2.java
-rw-rw-r--   1 travis travis   880 Jun  4 04:34 ModularCGPubSub_A1_A2.mk
-rw-rw-r--   1 travis travis  1300 Jun  4 04:34 ModularCGPubSub_A1_A2_profile.class
-rw-rw-r--   1 travis travis  1222 Jun  4 04:34 ModularCGPubSub_A1_A2_profile.java
-rw-rw-r--   1 travis travis  3790 Jun  4 04:34 ModularCGPubSub_A1.class
-rw-rw-r--   1 travis travis  9836 Jun  4 04:34 ModularCGPubSub_A1.java
-rw-rw-r--   1 travis travis   856 Jun  4 04:34 ModularCGPubSub_A1.mk
-rw-rw-r--   1 travis travis  1346 Jun  4 04:34 ModularCGPubSub_A1_profile.class
-rw-rw-r--   1 travis travis  1388 Jun  4 04:34 ModularCGPubSub_A1_profile.java
-rw-rw-r--   1 travis travis  3988 Jun  4 04:34 ModularCodeGen2_ModularCodeGenTypedCompositeActor.class
-rw-rw-r--   1 travis travis 11690 Jun  4 04:34 ModularCodeGen2_ModularCodeGenTypedCompositeActor.java
-rw-rw-r--   1 travis travis  1104 Jun  4 04:34 ModularCodeGen2_ModularCodeGenTypedCompositeActor.mk
-rw-rw-r--   1 travis travis  4272 Jun  4 04:34 ModularCodeGen2_ModularCodeGenTypedCompositeActor_ModularCodeGenTypedCompositeActor.class
-rw-rw-r--   1 travis travis 11790 Jun  4 04:34 ModularCodeGen2_ModularCodeGenTypedCompositeActor_ModularCodeGenTypedCompositeActor.java
-rw-rw-r--   1 travis travis  1376 Jun  4 04:34 ModularCodeGen2_ModularCodeGenTypedCompositeActor_ModularCodeGenTypedCompositeActor.mk
-rw-rw-r--   1 travis travis  1421 Jun  4 04:34 ModularCodeGen2_ModularCodeGenTypedCompositeActor_ModularCodeGenTypedCompositeActor_profile.class
-rw-rw-r--   1 travis travis  1294 Jun  4 04:34 ModularCodeGen2_ModularCodeGenTypedCompositeActor_ModularCodeGenTypedCompositeActor_profile.java
-rw-rw-r--   1 travis travis   820 Jun  4 04:34 ModularCodeGen2_ModularCodeGenTypedCompositeActor_profile.class
-rw-rw-r--   1 travis travis   693 Jun  4 04:34 ModularCodeGen2_ModularCodeGenTypedCompositeActor_profile.java
-rw-rw-r--   1 travis travis  3741 Jun  4 04:34 ModularCodeGen3_A1_B1.class
-rw-rw-r--   1 travis travis  9958 Jun  4 04:34 ModularCodeGen3_A1_B1.java
-rw-rw-r--   1 travis travis   880 Jun  4 04:34 ModularCodeGen3_A1_B1.mk
-rw-rw-r--   1 travis travis  1330 Jun  4 04:34 ModularCodeGen3_A1_B1_profile.class
-rw-rw-r--   1 travis travis  1274 Jun  4 04:34 ModularCodeGen3_A1_B1_profile.java
-rw-rw-r--   1 travis travis  3741 Jun  4 04:35 ModularCodeGen3_A1_B2.class
-rw-rw-r--   1 travis travis  9958 Jun  4 04:35 ModularCodeGen3_A1_B2.java
-rw-rw-r--   1 travis travis   880 Jun  4 04:35 ModularCodeGen3_A1_B2.mk
-rw-rw-r--   1 travis travis  1330 Jun  4 04:35 ModularCodeGen3_A1_B2_profile.class
-rw-rw-r--   1 travis travis  1274 Jun  4 04:34 ModularCodeGen3_A1_B2_profile.java
-rw-rw-r--   1 travis travis  4961 Jun  4 04:35 ModularCodeGen3_A1.class
-rw-rw-r--   1 travis travis 15564 Jun  4 04:35 ModularCodeGen3_A1.java
-rw-rw-r--   1 travis travis   856 Jun  4 04:35 ModularCodeGen3_A1.mk
-rw-rw-r--   1 travis travis  1445 Jun  4 04:35 ModularCodeGen3_A1_profile.class
-rw-rw-r--   1 travis travis  1716 Jun  4 04:35 ModularCodeGen3_A1_profile.java
-rw-rw-r--   1 travis travis  3887 Jun  4 04:35 ModularCodeGen3_A2_B1.class
-rw-rw-r--   1 travis travis 10955 Jun  4 04:35 ModularCodeGen3_A2_B1.java
-rw-rw-r--   1 travis travis   880 Jun  4 04:35 ModularCodeGen3_A2_B1.mk
-rw-rw-r--   1 travis travis  1393 Jun  4 04:35 ModularCodeGen3_A2_B1_profile.class
-rw-rw-r--   1 travis travis  1458 Jun  4 04:35 ModularCodeGen3_A2_B1_profile.java
-rw-rw-r--   1 travis travis  3741 Jun  4 04:35 ModularCodeGen3_A2_B2.class
-rw-rw-r--   1 travis travis  9958 Jun  4 04:35 ModularCodeGen3_A2_B2.java
-rw-rw-r--   1 travis travis   880 Jun  4 04:35 ModularCodeGen3_A2_B2.mk
-rw-rw-r--   1 travis travis  1330 Jun  4 04:35 ModularCodeGen3_A2_B2_profile.class
-rw-rw-r--   1 travis travis  1274 Jun  4 04:35 ModularCodeGen3_A2_B2_profile.java
-rw-rw-r--   1 travis travis  5038 Jun  4 04:35 ModularCodeGen3_A2.class
-rw-rw-r--   1 travis travis 15957 Jun  4 04:35 ModularCodeGen3_A2.java
-rw-rw-r--   1 travis travis   856 Jun  4 04:35 ModularCodeGen3_A2.mk
-rw-rw-r--   1 travis travis  1445 Jun  4 04:35 ModularCodeGen3_A2_profile.class
-rw-rw-r--   1 travis travis  1716 Jun  4 04:35 ModularCodeGen3_A2_profile.java
-rw-rw-r--   1 travis travis  3794 Jun  4 04:35 ModularCodeGen4_A1_B1.class
-rw-rw-r--   1 travis travis 10312 Jun  4 04:35 ModularCodeGen4_A1_B1.java
-rw-rw-r--   1 travis travis   880 Jun  4 04:35 ModularCodeGen4_A1_B1.mk
-rw-rw-r--   1 travis travis  1330 Jun  4 04:35 ModularCodeGen4_A1_B1_profile.class
-rw-rw-r--   1 travis travis  1273 Jun  4 04:35 ModularCodeGen4_A1_B1_profile.java
-rw-rw-r--   1 travis travis  3794 Jun  4 04:35 ModularCodeGen4_A1_B2.class
-rw-rw-r--   1 travis travis 10312 Jun  4 04:35 ModularCodeGen4_A1_B2.java
-rw-rw-r--   1 travis travis   880 Jun  4 04:35 ModularCodeGen4_A1_B2.mk
-rw-rw-r--   1 travis travis  1330 Jun  4 04:35 ModularCodeGen4_A1_B2_profile.class
-rw-rw-r--   1 travis travis  1273 Jun  4 04:35 ModularCodeGen4_A1_B2_profile.java
-rw-rw-r--   1 travis travis  5101 Jun  4 04:35 ModularCodeGen4_A1.class
-rw-rw-r--   1 travis travis 16245 Jun  4 04:35 ModularCodeGen4_A1.java
-rw-rw-r--   1 travis travis   856 Jun  4 04:35 ModularCodeGen4_A1.mk
-rw-rw-r--   1 travis travis  1445 Jun  4 04:35 ModularCodeGen4_A1_profile.class
-rw-rw-r--   1 travis travis  1712 Jun  4 04:35 ModularCodeGen4_A1_profile.java
-rw-rw-r--   1 travis travis  3988 Jun  4 04:35 ModularCodeGen4_A2_B1.class
-rw-rw-r--   1 travis travis 11375 Jun  4 04:35 ModularCodeGen4_A2_B1.java
-rw-rw-r--   1 travis travis   880 Jun  4 04:35 ModularCodeGen4_A2_B1.mk
-rw-rw-r--   1 travis travis  1393 Jun  4 04:35 ModularCodeGen4_A2_B1_profile.class
-rw-rw-r--   1 travis travis  1454 Jun  4 04:35 ModularCodeGen4_A2_B1_profile.java
-rw-rw-r--   1 travis travis  3842 Jun  4 04:35 ModularCodeGen4_A2_B2.class
-rw-rw-r--   1 travis travis 10378 Jun  4 04:35 ModularCodeGen4_A2_B2.java
-rw-rw-r--   1 travis travis   880 Jun  4 04:35 ModularCodeGen4_A2_B2.mk
-rw-rw-r--   1 travis travis  1330 Jun  4 04:35 ModularCodeGen4_A2_B2_profile.class
-rw-rw-r--   1 travis travis  1270 Jun  4 04:35 ModularCodeGen4_A2_B2_profile.java
-rw-rw-r--   1 travis travis  5274 Jun  4 04:35 ModularCodeGen4_A2.class
-rw-rw-r--   1 travis travis 16770 Jun  4 04:35 ModularCodeGen4_A2.java
-rw-rw-r--   1 travis travis   856 Jun  4 04:35 ModularCodeGen4_A2.mk
-rw-rw-r--   1 travis travis  1445 Jun  4 04:35 ModularCodeGen4_A2_profile.class
-rw-rw-r--   1 travis travis  1712 Jun  4 04:35 ModularCodeGen4_A2_profile.java
-rw-rw-r--   1 travis travis  6838 Jun  4 04:35 ModularCodeGen5_A_A.class
-rw-rw-r--   1 travis travis 28721 Jun  4 04:35 ModularCodeGen5_A_A.java
-rw-rw-r--   1 travis travis   864 Jun  4 04:35 ModularCodeGen5_A_A.mk
-rw-rw-r--   1 travis travis  1520 Jun  4 04:35 ModularCodeGen5_A_A_profile.class
-rw-rw-r--   1 travis travis  1815 Jun  4 04:35 ModularCodeGen5_A_A_profile.java
-rw-rw-r--   1 travis travis  5115 Jun  4 04:35 ModularCodeGen5_A.class
-rw-rw-r--   1 travis travis 13769 Jun  4 04:35 ModularCodeGen5_A.java
-rw-rw-r--   1 travis travis   848 Jun  4 04:35 ModularCodeGen5_A.mk
-rw-rw-r--   1 travis travis  1422 Jun  4 04:35 ModularCodeGen5_A_profile.class
-rw-rw-r--   1 travis travis  1605 Jun  4 04:35 ModularCodeGen5_A_profile.java
-rw-rw-r--   1 travis travis  4125 Jun  4 04:35 ModularCodeGen6_A_A2.class
-rw-rw-r--   1 travis travis 11329 Jun  4 04:35 ModularCodeGen6_A_A2.java
-rw-rw-r--   1 travis travis   872 Jun  4 04:35 ModularCodeGen6_A_A2.mk
-rw-rw-r--   1 travis travis  1351 Jun  4 04:35 ModularCodeGen6_A_A2_profile.class
-rw-rw-r--   1 travis travis  1364 Jun  4 04:35 ModularCodeGen6_A_A2_profile.java
-rw-rw-r--   1 travis travis  4108 Jun  4 04:35 ModularCodeGen6_A_A.class
-rw-rw-r--   1 travis travis 11221 Jun  4 04:35 ModularCodeGen6_A_A.java
-rw-rw-r--   1 travis travis   864 Jun  4 04:35 ModularCodeGen6_A_A.mk
-rw-rw-r--   1 travis travis  1348 Jun  4 04:35 ModularCodeGen6_A_A_profile.class
-rw-rw-r--   1 travis travis  1361 Jun  4 04:35 ModularCodeGen6_A_A_profile.java
-rw-rw-r--   1 travis travis  7237 Jun  4 04:35 ModularCodeGen6_A.class
-rw-rw-r--   1 travis travis 26535 Jun  4 04:35 ModularCodeGen6_A.java
-rw-rw-r--   1 travis travis   848 Jun  4 04:35 ModularCodeGen6_A.mk
-rw-rw-r--   1 travis travis  1483 Jun  4 04:35 ModularCodeGen6_A_profile.class
-rw-rw-r--   1 travis travis  1810 Jun  4 04:35 ModularCodeGen6_A_profile.java
-rw-rw-r--   1 travis travis  9439 Jun  4 04:35 ModularCodeGenLazyPubSubGlobal_CompositeActor_ModularCodeGenTypedComposite.class
-rw-rw-r--   1 travis travis 30161 Jun  4 04:35 ModularCodeGenLazyPubSubGlobal_CompositeActor_ModularCodeGenTypedComposite.java
-rw-rw-r--   1 travis travis  1304 Jun  4 04:35 ModularCodeGenLazyPubSubGlobal_CompositeActor_ModularCodeGenTypedComposite.mk
-rw-rw-r--   1 travis travis  1438 Jun  4 04:35 ModularCodeGenLazyPubSubGlobal_CompositeActor_ModularCodeGenTypedComposite_profile.class
-rw-rw-r--   1 travis travis  1384 Jun  4 04:35 ModularCodeGenLazyPubSubGlobal_CompositeActor_ModularCodeGenTypedComposite_profile.java
-rw-rw-r--   1 travis travis  3952 Jun  4 04:35 ModularCodeGenLazyPubSub_LazyCompositeActor.class
-rw-rw-r--   1 travis travis 11122 Jun  4 04:35 ModularCodeGenLazyPubSub_LazyCompositeActor.java
-rw-rw-r--   1 travis travis  1056 Jun  4 04:35 ModularCodeGenLazyPubSub_LazyCompositeActor.mk
-rw-rw-r--   1 travis travis  1286 Jun  4 04:35 ModularCodeGenLazyPubSub_LazyCompositeActor_profile.class
-rw-rw-r--   1 travis travis  1091 Jun  4 04:35 ModularCodeGenLazyPubSub_LazyCompositeActor_profile.java
-rw-rw-r--   1 travis travis  3954 Jun  4 04:34 ModularCodeGen_ModularCodeGenTypedCompositeActor.class
-rw-rw-r--   1 travis travis 10970 Jun  4 04:34 ModularCodeGen_ModularCodeGenTypedCompositeActor.java
-rw-rw-r--   1 travis travis  1096 Jun  4 04:34 ModularCodeGen_ModularCodeGenTypedCompositeActor.mk
-rw-rw-r--   1 travis travis  1384 Jun  4 04:34 ModularCodeGen_ModularCodeGenTypedCompositeActor_profile.class
-rw-rw-r--   1 travis travis  1328 Jun  4 04:34 ModularCodeGen_ModularCodeGenTypedCompositeActor_profile.java
-rw-rw-r--   1 travis travis  1128 Jun  4 04:35 ModularCodeGenPubSub2_A1_A_profile.java
-rw-rw-r--   1 travis travis  3475 Jun  4 04:35 ModularCodeGenPubSub_A1.class
-rw-rw-r--   1 travis travis  9060 Jun  4 04:35 ModularCodeGenPubSub_A1.java
-rw-rw-r--   1 travis travis   896 Jun  4 04:35 ModularCodeGenPubSub_A1.mk
-rw-rw-r--   1 travis travis  1278 Jun  4 04:35 ModularCodeGenPubSub_A1_profile.class
-rw-rw-r--   1 travis travis  1195 Jun  4 04:35 ModularCodeGenPubSub_A1_profile.java
-rw-rw-r--   1 travis travis  3492 Jun  4 04:34 ModularCodeGenTest_A1_A2.class
-rw-rw-r--   1 travis travis   904 Jun  4 04:34 ModularCodeGenTest_A1_A2.mk
-rw-rw-r--   1 travis travis  1306 Jun  4 04:34 ModularCodeGenTest_A1_A2_profile.class
-rw-rw-r--   1 travis travis  3823 Jun  4 04:34 ModularCodeGenTest_A1.class
-rw-rw-r--   1 travis travis  9968 Jun  4 04:34 ModularCodeGenTest_A1.java
-rw-rw-r--   1 travis travis   880 Jun  4 04:34 ModularCodeGenTest_A1.mk
-rw-rw-r--   1 travis travis  1352 Jun  4 04:34 ModularCodeGenTest_A1_profile.class
-rw-rw-r--   1 travis travis  1394 Jun  4 04:34 ModularCodeGenTest_A1_profile.java
drwxrwxr-x   3 travis travis 36864 Jun  4 04:34 modulation2
drwxrwxr-x   3 travis travis 20480 Jun  4 04:31 Multiplexor
drwxrwxr-x 242 travis travis 12288 Jun  4 04:34 node_modules
drwxrwxr-x   3 travis travis 20480 Jun  4 04:31 PhaseUnwrap
-rw-rw-r--   1 travis travis   520 Jun  4 04:34 Repeat$_fireFunction_Repeat_Repeat$__f_sL_0.class
-rw-rw-r--   1 travis travis   522 Jun  4 04:34 Repeat$_fireFunction_Repeat_Repeat$__f_sL_10.class
-rw-rw-r--   1 travis travis   666 Jun  4 04:34 Repeat$_fireFunction_Repeat_Repeat$__f_sL_11.class
-rw-rw-r--   1 travis travis   522 Jun  4 04:34 Repeat$_fireFunction_Repeat_Repeat$__f_sL_13.class
-rw-rw-r--   1 travis travis   665 Jun  4 04:34 Repeat$_fireFunction_Repeat_Repeat$__f_sL_1.class
-rw-rw-r--   1 travis travis   520 Jun  4 04:34 Repeat$_fireFunction_Repeat_Repeat$__f_sL_2.class
-rw-rw-r--   1 travis travis   520 Jun  4 04:34 Repeat$_fireFunction_Repeat_Repeat$__f_sL_3.class
-rw-rw-r--   1 travis travis   520 Jun  4 04:34 Repeat$_fireFunction_Repeat_Repeat$__f_sL_5.class
-rw-rw-r--   1 travis travis   671 Jun  4 04:34 Repeat$_fireFunction_Repeat_Repeat$__f_sL_7.class
-rw-rw-r--   1 travis travis   520 Jun  4 04:34 Repeat$_fireFunction_Repeat_Repeat$__f_sL_9.class
-rw-rw-r--   1 travis travis   813 Jun  4 04:34 Repeat$_initialize_Repeat.class
-rw-rw-r--   1 travis travis   475 Jun  4 04:34 Repeat$_initialize_Repeat$__i_sL_0.class
-rw-rw-r--   1 travis travis   519 Jun  4 04:34 Repeat$_initialize_Repeat$__i_sL_3.class
-rw-rw-r--   1 travis travis 39778 Jun  4 04:34 Repeat.java
-rw-rw-r--   1 travis travis  1281 Jun  4 04:34 Repeat.mk
-rw-rw-r--   1 travis travis   520 Jun  4 04:34 Repeat$_preinitializeMethod_Repeat$__p_sL_0.class
-rw-rw-r--   1 travis travis   520 Jun  4 04:34 Repeat$_preinitializeMethod_Repeat$__p_sL_1.class
-rw-rw-r--   1 travis travis  1083 Jun  4 04:34 Repeat$_Repeat$_fireFunction_Repeat_AddSubtract_Repeat.class
-rw-rw-r--   1 travis travis   791 Jun  4 04:34 Repeat$_Repeat$_fireFunction_Repeat_AddSubtract_Repeat$__f_sL_0.class
-rw-rw-r--   1 travis travis   909 Jun  4 04:34 Repeat$_Repeat$_fireFunction_Repeat_AddSubtract_Repeat$__f_sL_1.class
-rw-rw-r--   1 travis travis   915 Jun  4 04:34 Repeat$_Repeat$_fireFunction_Repeat_AddSubtract_Repeat$__f_sL_2.class
-rw-rw-r--   1 travis travis   838 Jun  4 04:34 Repeat$_Repeat$_fireFunction_Repeat_Ramp2_Repeat$__f_sL_1.class
-rw-rw-r--   1 travis travis  1785 Jun  4 04:34 Repeat$_Repeat$_fireFunction_Repeat_Test_Repeat$__f_sL_2.class
-rw-rw-r--   1 travis travis   685 Jun  4 04:34 Repeat$_Repeat_SDF_Director_run_Repeat$__R_sL_0.class
-rw-rw-r--   1 travis travis   540 Jun  4 04:34 Repeat$_Repeat_SDF_Director_run_Repeat$__R_sL_1.class
-rw-rw-r--   1 travis travis   540 Jun  4 04:34 Repeat$_Repeat_SDF_Director_run_Repeat$__R_sL_2.class
-rw-rw-r--   1 travis travis   540 Jun  4 04:34 Repeat$_Repeat_SDF_Director_run_Repeat$__R_sL_4.class
-rw-rw-r--   1 travis travis   540 Jun  4 04:34 Repeat$_Repeat_SDF_Director_run_Repeat$__R_sL_5.class
-rw-rw-r--   1 travis travis   691 Jun  4 04:34 Repeat$_Repeat_SDF_Director_run_Repeat$__R_sL_6.class
-rw-rw-r--   1 travis travis   540 Jun  4 04:34 Repeat$_Repeat_SDF_Director_run_Repeat$__R_sL_7.class
-rw-rw-r--   1 travis travis   863 Jun  4 04:34 Repeat$_varinit_Repeat.class
-rw-rw-r--   1 travis travis   530 Jun  4 04:34 Repeat$_varinit_Repeat$__v_sL_1.class
-rw-rw-r--   1 travis travis   531 Jun  4 04:34 Repeat$_varinit_Repeat$__v_sL_2.class
-rw-rw-r--   1 travis travis   905 Jun  4 04:34 Repeat$_varinit_Repeat$__v_sL_4.class
-rw-rw-r--   1 travis travis   635 Jun  4 04:34 Repeat$_wrapup_Repeat.class
-rw-rw-r--   1 travis travis   965 Jun  4 04:34 Repeat$_wrapup_Repeat$__w_sL_1.class
-rw-rw-r--   1 travis travis   289 Jun  4 04:29 result.csv
drwxrwxr-x   3 travis travis 12288 Jun  4 04:32 Scrambler1
drwxrwxr-x   3 travis travis 20480 Jun  4 04:31 Sinewave2
drwxrwxr-x   3 travis travis 69632 Jun  4 04:32 StringCompare
drwxrwxr-x   3 travis travis 32768 Jun  4 04:32 StringFunction
drwxrwxr-x   3 travis travis 12288 Jun  4 04:32 StringLength
drwxrwxr-x   3 travis travis 57344 Jun  4 04:33 StringSimpleReplace
drwxrwxr-x   3 travis travis 12288 Jun  4 04:33 time2
drwxrwxr-x   3 travis travis 12288 Jun  4 04:34 time5
-rw-rw-r--   1 travis travis   432 Jun  4 04:35 Token.class
-rw-rw-r--   1 travis travis   251 Jun  4 04:35 Token.java
-rw-rw-r--   1 travis travis     0 Jun  4 04:34 top.
-rw-rw-r--   1 travis travis 20502 Jun  4 04:29 top.c
-rw-rw-r--   1 travis travis  3567 Jun  4 04:34 top.class
-rw-rw-r--   1 travis travis   169 Jun  4 04:29 top.html
-rw-rw-r--   1 travis travis  7552 Jun  4 04:34 top.java
-rw-rw-r--   1 travis travis 38888 Jun  4 04:29 top.o
drwxrwxr-x   3 travis travis 57344 Jun  4 04:31 UnaryMathFunction
All Done
Writing ModularCodeGenPubSub2_A1_A.java in file:/home/travis/cg/ (8578 characters)
Reading "ptolemy/cg/kernel/generic/program/procedural/java/modular/makefile.in",
    writing "/home/travis/cg/ModularCodeGenPubSub2_A1_A.mk"
Using ptolemy/cg/kernel/generic/program/procedural/java/modular/makefile.in
In "/home/travis/cg", about to execute:
    make -f ModularCodeGenPubSub2_A1_A.mk
javac -classpath ".:.."    ModularCodeGenPubSub2_A1_A.java
All Done
In "/home/travis/cg", about to execute:
    pwd
/home/travis/cg
In "/home/travis/cg", about to execute:
    ls -l
total 2084
drwxrwxr-x   3 travis travis 12288 Jun  4 04:30 AbsoluteValue
-rw-rw-r--   1 travis travis   233 Jun  4 04:35 Array.class
-rw-rw-r--   1 travis travis   459 Jun  4 04:35 Array.java
drwxrwxr-x   3 travis travis 16384 Jun  4 04:30 Case1
drwxrwxr-x   3 travis travis 32768 Jun  4 04:30 Case2
-rw-rw-r--   1 travis travis  4895 Jun  4 04:34 CompiledCompositeActor_CompiledCompositeActor.class
-rw-rw-r--   1 travis travis  1592 Jun  4 04:34 CompiledCompositeActor_CompiledCompositeActor$_CompiledCompositeActor_CompiledCompositeActor.class
-rw-rw-r--   1 travis travis 13466 Jun  4 04:34 CompiledCompositeActor_CompiledCompositeActor.java
-rw-rw-r--   1 travis travis  1593 Jun  4 04:34 CompiledCompositeActor_CompiledCompositeActor.mk
drwxrwxr-x   3 travis travis 24576 Jun  4 04:32 DeScrambler
drwxrwxr-x   3 travis travis 16384 Jun  4 04:33 DotProduct
drwxrwxr-x   3 travis travis 12288 Jun  4 04:30 FileWriter1
drwxrwxr-x   3 travis travis 20480 Jun  4 04:29 FixToDoubleAndBack
drwxrwxr-x   3 travis travis 16384 Jun  4 04:30 Gaussian1
drwxrwxr-x   3 travis travis 20480 Jun  4 04:30 Gaussian2
-rw-rw-r--   1 travis travis  4457 Jun  4 04:34 JavaCompiledCompositeTest1_CompiledCompositeActor.class
-rw-rw-r--   1 travis travis 11637 Jun  4 04:34 JavaCompiledCompositeTest1_CompiledCompositeActor.java
-rw-rw-r--   1 travis travis  1198 Jun  4 04:34 JavaCompiledCompositeTest1_CompiledCompositeActor$_JavaCompiledCompositeTest1_CompiledCompositeActor.class
-rw-rw-r--   1 travis travis  1625 Jun  4 04:34 JavaCompiledCompositeTest1_CompiledCompositeActor.mk
-rw-rw-r--   1 travis travis  4888 Jun  4 04:34 JavaCompiledCompositeTest2_CompiledCompositeActor.class
-rw-rw-r--   1 travis travis 14919 Jun  4 04:34 JavaCompiledCompositeTest2_CompiledCompositeActor.java
-rw-rw-r--   1 travis travis  1793 Jun  4 04:34 JavaCompiledCompositeTest2_CompiledCompositeActor$_JavaCompiledCompositeTest2_CompiledCompositeActor.class
-rw-rw-r--   1 travis travis  1625 Jun  4 04:34 JavaCompiledCompositeTest2_CompiledCompositeActor.mk
-rw-rw-r--   1 travis travis  4505 Jun  4 04:34 JavaCompiledCompositeTest3_CompiledCompositeActor.class
-rw-rw-r--   1 travis travis 13080 Jun  4 04:34 JavaCompiledCompositeTest3_CompiledCompositeActor.java
-rw-rw-r--   1 travis travis  1378 Jun  4 04:34 JavaCompiledCompositeTest3_CompiledCompositeActor$_JavaCompiledCompositeTest3_CompiledCompositeActor.class
-rw-rw-r--   1 travis travis  1625 Jun  4 04:34 JavaCompiledCompositeTest3_CompiledCompositeActor.mk
In "/home/travis/cg", about to execute:
    javac -classpath
.:/home/travis/build/icyphy/ptII:/home/travis/build/icyphy/ptII/lib/bsh-2.0b4.j
ar:/home/travis/build/icyphy/ptII/lib/ptCal.jar:/home/travis/build/icyphy/ptII/
lib/java_cup.jar:/home/travis/build/icyphy/ptII/lib/saxon8.jar:/home/travis/bui
ld/icyphy/ptII/lib/saxon8-dom.jar:/home/travis/build/icyphy/ptII/lib/chic.jar:/
home/travis/build/icyphy/ptII/lib/ptcolt.jar:/usr/lib/jvm/java-8-oracle/lib/too
ls.jar:/home/travis/build/icyphy/ptII/vendors/misc/itext/iText.jar:/home/travis
/build/icyphy/ptII/lib/g4ltl.jar:/home/travis/build/icyphy/ptII/lib/StructuralC
oder.jar:/home/travis/build/icyphy/ptII/vendors/jai-1_1_2_01/lib/jai_core.jar:/
home/travis/build/icyphy/ptII/vendors/jai-1_1_2_01/lib/jai_codec.jar:/home/trav
is/build/icyphy/ptII/lib/jcerti.jar:/home/travis/build/icyphy/ptII/lib/javax.ma
il.jar:/home/travis/build/icyphy/ptII/vendors/JMF-2.1.1e/lib/jmf.jar:/home/trav
is/build/icyphy/ptII/lib/jna-4.0.0-variadic.jar:/home/travis/build/icyphy/ptII/
vendors/misc/joystick/Joystick.jar:/home/travis/build/icyphy/ptII/lib/ptjacl.ja
r:/home/travis/build/icyphy/ptII/lib/jsoup-1.8.2.jar:/home/travis/build/icyphy/
ptII/lib/junit-4.8.2.jar:/home/travis/build/icyphy/ptII/lib/JUnitParams-0.4.0.j
ar:/home/travis/build/icyphy/ptII/ptolemy/actor/lib/excel/jxl.jar:/home/travis/
build/icyphy/ptII/lib/jython.jar:/home/travis/build/icyphy/ptII/lib/kieler.jar:
/home/travis/build/icyphy/ptII/vendors/opencv/share/OpenCV/java/opencv-341.jar:
/home/travis/build/icyphy/ptII/lib/oscP5.jar:/home/travis/build/icyphy/ptII/lib
/nrjavaserial-3.11.0.devel.jar:/home/travis/build/icyphy/ptII/vendors/j3d/lib/j
3dcore.jar:/home/travis/build/icyphy/ptII/vendors/j3d/lib/j3dutils.jar:/home/tr
avis/build/icyphy/ptII/vendors/j3d/lib/vecmath.jar:/home/travis/build/icyphy/pt
II/ptolemy/distributed/jini/jar/jini-core.jar:/home/travis/build/icyphy/ptII/pt
olemy/distributed/jini/jar/jini-ext.jar:/home/travis/build/icyphy/ptII/ptolemy/
distributed/jini/jar/sun-util.jar:/home/travis/build/icyphy/ptII/lib/protobuf-j
ava-2.4.1.jar:/home/travis/build/icyphy/ptII/lib/org.eclipse.paho.client.mqttv3
.jar:/home/travis/build/icyphy/ptII/lib/mapss.jar:/home/travis/build/icyphy/ptI
I/ptolemy/actor/ptalon/antlr/antlr.jar:/home/travis/build/icyphy/ptII/lib/JRI.j
ar:/home/travis/build/icyphy/ptII/lib/commons-lang-2.6.jar:/home/travis/build/i
cyphy/ptII/lib/commons-logging-1.1.1.jar:/home/travis/build/icyphy/ptII/lib/soo
tclasses.jar:/home/travis/build/icyphy/ptII/ptolemy/actor/lib/database/mysql-co
nnector-java-5.1.6-bin.jar:/home/travis/build/icyphy/ptII/vendors/misc/sphinx4/
sphinx4-data-5prealpha.jar:/home/travis/build/icyphy/ptII/vendors/misc/sphinx4/
sphinx4-core-5prealpha.jar:/home/travis/build/icyphy/ptII/lib/PDFRenderer.jar:/
home/travis/build/icyphy/ptII/lib/svgSalamander.jar:/home/travis/build/icyphy/p
tII/lib/rsyntaxtextarea-2.6.0-SNAPSHOT.jar:/home/travis/build/icyphy/ptII/lib/h
azelcast-3.8.2.jar:/home/travis/build/icyphy/ptII/lib/jackson-annotations-2.9.0
.jar:/home/travis/build/icyphy/ptII/lib/jackson-core-2.9.3.jar:/home/travis/bui
ld/icyphy/ptII/lib/jackson-databind-2.9.3.jar:/home/travis/build/icyphy/ptII/li
b/netty-buffer-4.1.19.Final.jar:/home/travis/build/icyphy/ptII/lib/netty-codec-
4.1.19.Final.jar:/home/travis/build/icyphy/ptII/lib/netty-codec-dns-4.1.19.Fina
l.jar:/home/travis/build/icyphy/ptII/lib/netty-codec-http-4.1.19.Final.jar:/hom
e/travis/build/icyphy/ptII/lib/netty-codec-http2-4.1.19.Final.jar:/home/travis/
build/icyphy/ptII/lib/netty-common-4.1.19.Final.jar:/home/travis/build/icyphy/p
tII/lib/netty-handler-4.1.19.Final.jar:/home/travis/build/icyphy/ptII/lib/netty
-resolver-4.1.19.Final.jar:/home/travis/build/icyphy/ptII/lib/netty-resolver-dn
s-4.1.19.Final.jar:/home/travis/build/icyphy/ptII/lib/netty-transport-4.1.19.Fi
nal.jar:/home/travis/build/icyphy/ptII/lib/vertx-codegen-3.5.1.jar:/home/travis
/build/icyphy/ptII/lib/vertx-core-3.5.2-SNAPSHOT.jar:/home/travis/build/icyphy/
ptII/lib/vertx-hazelcast-3.5.1.jar:/home/travis/build/icyphy/ptII/lib/vertx-lan
g-js-3.5.1.jar:/home/travis/build/icyphy/ptII/lib/vertx-service-proxy-3.5.1.jar
:/home/travis/build/icyphy/ptII/lib/vertx-web-3.5.1.jar:/home/travis/build/icyp
hy/ptII/lib/slf4j-api-1.7.13.jar:/home/travis/build/icyphy/ptII/lib/slf4j-simpl
e-1.7.13.jar:/home/travis/build/icyphy/ptII/lib/webcam-capture-0.3.12.jar:/home
/travis/build/icyphy/ptII/lib/bridj-0.7.0.jar:/home/travis/build/icyphy/ptII/li
b/xbjlib-1.1.0.nrjavaserial.jar:/home/travis/build/icyphy/ptII/ptolemy/moml/tes
t:/home/travis/build/icyphy/ptII/ant/lib/ant-launcher.jar:/home/travis/build/ic
yphy/ptII/ant/lib/ant.jar:/home/travis/build/icyphy/ptII/ant/lib/ant-junit.jar:
/home/travis/build/icyphy/ptII/ant/lib/ant-junit4.jar:/home/travis/build/icyphy
/ptII ModularCodeGenPubSub2_A1_profile.java
-rw-rw-r--   1 travis travis  3953 Jun  4 04:34 JavaCompiledCompositeTest4_CompiledCompositeActor.class
-rw-rw-r--   1 travis travis  9687 Jun  4 04:34 JavaCompiledCompositeTest4_CompiledCompositeActor.java
-rw-rw-r--   1 travis travis   857 Jun  4 04:34 JavaCompiledCompositeTest4_CompiledCompositeActor$_JavaCompiledCompositeTest4_CompiledCompositeActor.class
-rw-rw-r--   1 travis travis  1625 Jun  4 04:34 JavaCompiledCompositeTest4_CompiledCompositeActor.mk
drwxrwxr-x   3 travis travis 12288 Jun  4 04:30 LookupTable
drwxrwxr-x   3 travis travis 20480 Jun  4 04:31 MaxIndex
-rw-rw-r--   1 travis travis  3693 Jun  4 04:34 ModularCG_A1_B1.class
-rw-rw-r--   1 travis travis  9730 Jun  4 04:34 ModularCG_A1_B1.java
-rw-rw-r--   1 travis travis   832 Jun  4 04:34 ModularCG_A1_B1.mk
-rw-rw-r--   1 travis travis  1318 Jun  4 04:34 ModularCG_A1_B1_profile.class
-rw-rw-r--   1 travis travis  1262 Jun  4 04:34 ModularCG_A1_B1_profile.java
-rw-rw-r--   1 travis travis  3693 Jun  4 04:34 ModularCG_A1_B2.class
-rw-rw-r--   1 travis travis  9730 Jun  4 04:34 ModularCG_A1_B2.java
-rw-rw-r--   1 travis travis   832 Jun  4 04:34 ModularCG_A1_B2.mk
-rw-rw-r--   1 travis travis  1318 Jun  4 04:34 ModularCG_A1_B2_profile.class
-rw-rw-r--   1 travis travis  1262 Jun  4 04:34 ModularCG_A1_B2_profile.java
-rw-rw-r--   1 travis travis  4799 Jun  4 04:34 ModularCG_A1.class
-rw-rw-r--   1 travis travis 14742 Jun  4 04:34 ModularCG_A1.java
-rw-rw-r--   1 travis travis   808 Jun  4 04:34 ModularCG_A1.mk
-rw-rw-r--   1 travis travis  1433 Jun  4 04:34 ModularCG_A1_profile.class
-rw-rw-r--   1 travis travis  1704 Jun  4 04:34 ModularCG_A1_profile.java
-rw-rw-r--   1 travis travis  3827 Jun  4 04:34 ModularCG_A2_B1.class
-rw-rw-r--   1 travis travis 10667 Jun  4 04:34 ModularCG_A2_B1.java
-rw-rw-r--   1 travis travis   832 Jun  4 04:34 ModularCG_A2_B1.mk
-rw-rw-r--   1 travis travis  1381 Jun  4 04:34 ModularCG_A2_B1_profile.class
-rw-rw-r--   1 travis travis  1446 Jun  4 04:34 ModularCG_A2_B1_profile.java
-rw-rw-r--   1 travis travis  3693 Jun  4 04:34 ModularCG_A2_B2.class
-rw-rw-r--   1 travis travis  9730 Jun  4 04:34 ModularCG_A2_B2.java
-rw-rw-r--   1 travis travis   832 Jun  4 04:34 ModularCG_A2_B2.mk
-rw-rw-r--   1 travis travis  1318 Jun  4 04:34 ModularCG_A2_B2_profile.class
-rw-rw-r--   1 travis travis  1262 Jun  4 04:34 ModularCG_A2_B2_profile.java
-rw-rw-r--   1 travis travis  4870 Jun  4 04:34 ModularCG_A2.class
-rw-rw-r--   1 travis travis 15129 Jun  4 04:34 ModularCG_A2.java
-rw-rw-r--   1 travis travis   808 Jun  4 04:34 ModularCG_A2.mk
-rw-rw-r--   1 travis travis  1433 Jun  4 04:34 ModularCG_A2_profile.class
-rw-rw-r--   1 travis travis  1704 Jun  4 04:34 ModularCG_A2_profile.java
-rw-rw-r--   1 travis travis  3473 Jun  4 04:34 ModularCGPubSub_A1_A2.class
-rw-rw-r--   1 travis travis  9076 Jun  4 04:34 ModularCGPubSub_A1_A2.java
-rw-rw-r--   1 travis travis   880 Jun  4 04:34 ModularCGPubSub_A1_A2.mk
-rw-rw-r--   1 travis travis  1300 Jun  4 04:34 ModularCGPubSub_A1_A2_profile.class
-rw-rw-r--   1 travis travis  1222 Jun  4 04:34 ModularCGPubSub_A1_A2_profile.java
-rw-rw-r--   1 travis travis  3790 Jun  4 04:34 ModularCGPubSub_A1.class
-rw-rw-r--   1 travis travis  9836 Jun  4 04:34 ModularCGPubSub_A1.java
-rw-rw-r--   1 travis travis   856 Jun  4 04:34 ModularCGPubSub_A1.mk
-rw-rw-r--   1 travis travis  1346 Jun  4 04:34 ModularCGPubSub_A1_profile.class
-rw-rw-r--   1 travis travis  1388 Jun  4 04:34 ModularCGPubSub_A1_profile.java
-rw-rw-r--   1 travis travis  3988 Jun  4 04:34 ModularCodeGen2_ModularCodeGenTypedCompositeActor.class
-rw-rw-r--   1 travis travis 11690 Jun  4 04:34 ModularCodeGen2_ModularCodeGenTypedCompositeActor.java
-rw-rw-r--   1 travis travis  1104 Jun  4 04:34 ModularCodeGen2_ModularCodeGenTypedCompositeActor.mk
-rw-rw-r--   1 travis travis  4272 Jun  4 04:34 ModularCodeGen2_ModularCodeGenTypedCompositeActor_ModularCodeGenTypedCompositeActor.class
-rw-rw-r--   1 travis travis 11790 Jun  4 04:34 ModularCodeGen2_ModularCodeGenTypedCompositeActor_ModularCodeGenTypedCompositeActor.java
-rw-rw-r--   1 travis travis  1376 Jun  4 04:34 ModularCodeGen2_ModularCodeGenTypedCompositeActor_ModularCodeGenTypedCompositeActor.mk
-rw-rw-r--   1 travis travis  1421 Jun  4 04:34 ModularCodeGen2_ModularCodeGenTypedCompositeActor_ModularCodeGenTypedCompositeActor_profile.class
-rw-rw-r--   1 travis travis  1294 Jun  4 04:34 ModularCodeGen2_ModularCodeGenTypedCompositeActor_ModularCodeGenTypedCompositeActor_profile.java
-rw-rw-r--   1 travis travis   820 Jun  4 04:34 ModularCodeGen2_ModularCodeGenTypedCompositeActor_profile.class
-rw-rw-r--   1 travis travis   693 Jun  4 04:34 ModularCodeGen2_ModularCodeGenTypedCompositeActor_profile.java
-rw-rw-r--   1 travis travis  3741 Jun  4 04:34 ModularCodeGen3_A1_B1.class
-rw-rw-r--   1 travis travis  9958 Jun  4 04:34 ModularCodeGen3_A1_B1.java
-rw-rw-r--   1 travis travis   880 Jun  4 04:34 ModularCodeGen3_A1_B1.mk
-rw-rw-r--   1 travis travis  1330 Jun  4 04:34 ModularCodeGen3_A1_B1_profile.class
-rw-rw-r--   1 travis travis  1274 Jun  4 04:34 ModularCodeGen3_A1_B1_profile.java
-rw-rw-r--   1 travis travis  3741 Jun  4 04:35 ModularCodeGen3_A1_B2.class
-rw-rw-r--   1 travis travis  9958 Jun  4 04:35 ModularCodeGen3_A1_B2.java
-rw-rw-r--   1 travis travis   880 Jun  4 04:35 ModularCodeGen3_A1_B2.mk
-rw-rw-r--   1 travis travis  1330 Jun  4 04:35 ModularCodeGen3_A1_B2_profile.class
-rw-rw-r--   1 travis travis  1274 Jun  4 04:34 ModularCodeGen3_A1_B2_profile.java
-rw-rw-r--   1 travis travis  4961 Jun  4 04:35 ModularCodeGen3_A1.class
-rw-rw-r--   1 travis travis 15564 Jun  4 04:35 ModularCodeGen3_A1.java
-rw-rw-r--   1 travis travis   856 Jun  4 04:35 ModularCodeGen3_A1.mk
-rw-rw-r--   1 travis travis  1445 Jun  4 04:35 ModularCodeGen3_A1_profile.class
-rw-rw-r--   1 travis travis  1716 Jun  4 04:35 ModularCodeGen3_A1_profile.java
-rw-rw-r--   1 travis travis  3887 Jun  4 04:35 ModularCodeGen3_A2_B1.class
-rw-rw-r--   1 travis travis 10955 Jun  4 04:35 ModularCodeGen3_A2_B1.java
-rw-rw-r--   1 travis travis   880 Jun  4 04:35 ModularCodeGen3_A2_B1.mk
-rw-rw-r--   1 travis travis  1393 Jun  4 04:35 ModularCodeGen3_A2_B1_profile.class
-rw-rw-r--   1 travis travis  1458 Jun  4 04:35 ModularCodeGen3_A2_B1_profile.java
-rw-rw-r--   1 travis travis  3741 Jun  4 04:35 ModularCodeGen3_A2_B2.class
-rw-rw-r--   1 travis travis  9958 Jun  4 04:35 ModularCodeGen3_A2_B2.java
-rw-rw-r--   1 travis travis   880 Jun  4 04:35 ModularCodeGen3_A2_B2.mk
-rw-rw-r--   1 travis travis  1330 Jun  4 04:35 ModularCodeGen3_A2_B2_profile.class
-rw-rw-r--   1 travis travis  1274 Jun  4 04:35 ModularCodeGen3_A2_B2_profile.java
-rw-rw-r--   1 travis travis  5038 Jun  4 04:35 ModularCodeGen3_A2.class
-rw-rw-r--   1 travis travis 15957 Jun  4 04:35 ModularCodeGen3_A2.java
-rw-rw-r--   1 travis travis   856 Jun  4 04:35 ModularCodeGen3_A2.mk
-rw-rw-r--   1 travis travis  1445 Jun  4 04:35 ModularCodeGen3_A2_profile.class
-rw-rw-r--   1 travis travis  1716 Jun  4 04:35 ModularCodeGen3_A2_profile.java
-rw-rw-r--   1 travis travis  3794 Jun  4 04:35 ModularCodeGen4_A1_B1.class
-rw-rw-r--   1 travis travis 10312 Jun  4 04:35 ModularCodeGen4_A1_B1.java
-rw-rw-r--   1 travis travis   880 Jun  4 04:35 ModularCodeGen4_A1_B1.mk
-rw-rw-r--   1 travis travis  1330 Jun  4 04:35 ModularCodeGen4_A1_B1_profile.class
-rw-rw-r--   1 travis travis  1273 Jun  4 04:35 ModularCodeGen4_A1_B1_profile.java
-rw-rw-r--   1 travis travis  3794 Jun  4 04:35 ModularCodeGen4_A1_B2.class
-rw-rw-r--   1 travis travis 10312 Jun  4 04:35 ModularCodeGen4_A1_B2.java
-rw-rw-r--   1 travis travis   880 Jun  4 04:35 ModularCodeGen4_A1_B2.mk
-rw-rw-r--   1 travis travis  1330 Jun  4 04:35 ModularCodeGen4_A1_B2_profile.class
-rw-rw-r--   1 travis travis  1273 Jun  4 04:35 ModularCodeGen4_A1_B2_profile.java
-rw-rw-r--   1 travis travis  5101 Jun  4 04:35 ModularCodeGen4_A1.class
-rw-rw-r--   1 travis travis 16245 Jun  4 04:35 ModularCodeGen4_A1.java
-rw-rw-r--   1 travis travis   856 Jun  4 04:35 ModularCodeGen4_A1.mk
-rw-rw-r--   1 travis travis  1445 Jun  4 04:35 ModularCodeGen4_A1_profile.class
-rw-rw-r--   1 travis travis  1712 Jun  4 04:35 ModularCodeGen4_A1_profile.java
-rw-rw-r--   1 travis travis  3988 Jun  4 04:35 ModularCodeGen4_A2_B1.class
-rw-rw-r--   1 travis travis 11375 Jun  4 04:35 ModularCodeGen4_A2_B1.java
-rw-rw-r--   1 travis travis   880 Jun  4 04:35 ModularCodeGen4_A2_B1.mk
-rw-rw-r--   1 travis travis  1393 Jun  4 04:35 ModularCodeGen4_A2_B1_profile.class
-rw-rw-r--   1 travis travis  1454 Jun  4 04:35 ModularCodeGen4_A2_B1_profile.java
-rw-rw-r--   1 travis travis  3842 Jun  4 04:35 ModularCodeGen4_A2_B2.class
-rw-rw-r--   1 travis travis 10378 Jun  4 04:35 ModularCodeGen4_A2_B2.java
-rw-rw-r--   1 travis travis   880 Jun  4 04:35 ModularCodeGen4_A2_B2.mk
-rw-rw-r--   1 travis travis  1330 Jun  4 04:35 ModularCodeGen4_A2_B2_profile.class
-rw-rw-r--   1 travis travis  1270 Jun  4 04:35 ModularCodeGen4_A2_B2_profile.java
-rw-rw-r--   1 travis travis  5274 Jun  4 04:35 ModularCodeGen4_A2.class
-rw-rw-r--   1 travis travis 16770 Jun  4 04:35 ModularCodeGen4_A2.java
-rw-rw-r--   1 travis travis   856 Jun  4 04:35 ModularCodeGen4_A2.mk
-rw-rw-r--   1 travis travis  1445 Jun  4 04:35 ModularCodeGen4_A2_profile.class
-rw-rw-r--   1 travis travis  1712 Jun  4 04:35 ModularCodeGen4_A2_profile.java
-rw-rw-r--   1 travis travis  6838 Jun  4 04:35 ModularCodeGen5_A_A.class
-rw-rw-r--   1 travis travis 28721 Jun  4 04:35 ModularCodeGen5_A_A.java
-rw-rw-r--   1 travis travis   864 Jun  4 04:35 ModularCodeGen5_A_A.mk
-rw-rw-r--   1 travis travis  1520 Jun  4 04:35 ModularCodeGen5_A_A_profile.class
-rw-rw-r--   1 travis travis  1815 Jun  4 04:35 ModularCodeGen5_A_A_profile.java
-rw-rw-r--   1 travis travis  5115 Jun  4 04:35 ModularCodeGen5_A.class
-rw-rw-r--   1 travis travis 13769 Jun  4 04:35 ModularCodeGen5_A.java
-rw-rw-r--   1 travis travis   848 Jun  4 04:35 ModularCodeGen5_A.mk
-rw-rw-r--   1 travis travis  1422 Jun  4 04:35 ModularCodeGen5_A_profile.class
-rw-rw-r--   1 travis travis  1605 Jun  4 04:35 ModularCodeGen5_A_profile.java
-rw-rw-r--   1 travis travis  4125 Jun  4 04:35 ModularCodeGen6_A_A2.class
-rw-rw-r--   1 travis travis 11329 Jun  4 04:35 ModularCodeGen6_A_A2.java
-rw-rw-r--   1 travis travis   872 Jun  4 04:35 ModularCodeGen6_A_A2.mk
-rw-rw-r--   1 travis travis  1351 Jun  4 04:35 ModularCodeGen6_A_A2_profile.class
-rw-rw-r--   1 travis travis  1364 Jun  4 04:35 ModularCodeGen6_A_A2_profile.java
-rw-rw-r--   1 travis travis  4108 Jun  4 04:35 ModularCodeGen6_A_A.class
-rw-rw-r--   1 travis travis 11221 Jun  4 04:35 ModularCodeGen6_A_A.java
-rw-rw-r--   1 travis travis   864 Jun  4 04:35 ModularCodeGen6_A_A.mk
-rw-rw-r--   1 travis travis  1348 Jun  4 04:35 ModularCodeGen6_A_A_profile.class
-rw-rw-r--   1 travis travis  1361 Jun  4 04:35 ModularCodeGen6_A_A_profile.java
-rw-rw-r--   1 travis travis  7237 Jun  4 04:35 ModularCodeGen6_A.class
-rw-rw-r--   1 travis travis 26535 Jun  4 04:35 ModularCodeGen6_A.java
-rw-rw-r--   1 travis travis   848 Jun  4 04:35 ModularCodeGen6_A.mk
-rw-rw-r--   1 travis travis  1483 Jun  4 04:35 ModularCodeGen6_A_profile.class
-rw-rw-r--   1 travis travis  1810 Jun  4 04:35 ModularCodeGen6_A_profile.java
-rw-rw-r--   1 travis travis  9439 Jun  4 04:35 ModularCodeGenLazyPubSubGlobal_CompositeActor_ModularCodeGenTypedComposite.class
-rw-rw-r--   1 travis travis 30161 Jun  4 04:35 ModularCodeGenLazyPubSubGlobal_CompositeActor_ModularCodeGenTypedComposite.java
-rw-rw-r--   1 travis travis  1304 Jun  4 04:35 ModularCodeGenLazyPubSubGlobal_CompositeActor_ModularCodeGenTypedComposite.mk
-rw-rw-r--   1 travis travis  1438 Jun  4 04:35 ModularCodeGenLazyPubSubGlobal_CompositeActor_ModularCodeGenTypedComposite_profile.class
-rw-rw-r--   1 travis travis  1384 Jun  4 04:35 ModularCodeGenLazyPubSubGlobal_CompositeActor_ModularCodeGenTypedComposite_profile.java
-rw-rw-r--   1 travis travis  3952 Jun  4 04:35 ModularCodeGenLazyPubSub_LazyCompositeActor.class
-rw-rw-r--   1 travis travis 11122 Jun  4 04:35 ModularCodeGenLazyPubSub_LazyCompositeActor.java
-rw-rw-r--   1 travis travis  1056 Jun  4 04:35 ModularCodeGenLazyPubSub_LazyCompositeActor.mk
-rw-rw-r--   1 travis travis  1286 Jun  4 04:35 ModularCodeGenLazyPubSub_LazyCompositeActor_profile.class
-rw-rw-r--   1 travis travis  1091 Jun  4 04:35 ModularCodeGenLazyPubSub_LazyCompositeActor_profile.java
-rw-rw-r--   1 travis travis  3954 Jun  4 04:34 ModularCodeGen_ModularCodeGenTypedCompositeActor.class
-rw-rw-r--   1 travis travis 10970 Jun  4 04:34 ModularCodeGen_ModularCodeGenTypedCompositeActor.java
-rw-rw-r--   1 travis travis  1096 Jun  4 04:34 ModularCodeGen_ModularCodeGenTypedCompositeActor.mk
-rw-rw-r--   1 travis travis  1384 Jun  4 04:34 ModularCodeGen_ModularCodeGenTypedCompositeActor_profile.class
-rw-rw-r--   1 travis travis  1328 Jun  4 04:34 ModularCodeGen_ModularCodeGenTypedCompositeActor_profile.java
-rw-rw-r--   1 travis travis  3441 Jun  4 04:35 ModularCodeGenPubSub2_A1_A.class
-rw-rw-r--   1 travis travis  8578 Jun  4 04:35 ModularCodeGenPubSub2_A1_A.java
-rw-rw-r--   1 travis travis   920 Jun  4 04:35 ModularCodeGenPubSub2_A1_A.mk
-rw-rw-r--   1 travis travis  1274 Jun  4 04:35 ModularCodeGenPubSub2_A1_A_profile.class
-rw-rw-r--   1 travis travis  1128 Jun  4 04:35 ModularCodeGenPubSub2_A1_A_profile.java
-rw-rw-r--   1 travis travis  1196 Jun  4 04:35 ModularCodeGenPubSub2_A1_profile.java
-rw-rw-r--   1 travis travis  3475 Jun  4 04:35 ModularCodeGenPubSub_A1.class
-rw-rw-r--   1 travis travis  9060 Jun  4 04:35 ModularCodeGenPubSub_A1.java
-rw-rw-r--   1 travis travis   896 Jun  4 04:35 ModularCodeGenPubSub_A1.mk
-rw-rw-r--   1 travis travis  1278 Jun  4 04:35 ModularCodeGenPubSub_A1_profile.class
-rw-rw-r--   1 travis travis  1195 Jun  4 04:35 ModularCodeGenPubSub_A1_profile.java
-rw-rw-r--   1 travis travis  3492 Jun  4 04:34 ModularCodeGenTest_A1_A2.class
-rw-rw-r--   1 travis travis   904 Jun  4 04:34 ModularCodeGenTest_A1_A2.mk
-rw-rw-r--   1 travis travis  1306 Jun  4 04:34 ModularCodeGenTest_A1_A2_profile.class
-rw-rw-r--   1 travis travis  3823 Jun  4 04:34 ModularCodeGenTest_A1.class
-rw-rw-r--   1 travis travis  9968 Jun  4 04:34 ModularCodeGenTest_A1.java
-rw-rw-r--   1 travis travis   880 Jun  4 04:34 ModularCodeGenTest_A1.mk
-rw-rw-r--   1 travis travis  1352 Jun  4 04:34 ModularCodeGenTest_A1_profile.class
-rw-rw-r--   1 travis travis  1394 Jun  4 04:34 ModularCodeGenTest_A1_profile.java
drwxrwxr-x   3 travis travis 36864 Jun  4 04:34 modulation2
drwxrwxr-x   3 travis travis 20480 Jun  4 04:31 Multiplexor
drwxrwxr-x 242 travis travis 12288 Jun  4 04:34 node_modules
drwxrwxr-x   3 travis travis 20480 Jun  4 04:31 PhaseUnwrap
-rw-rw-r--   1 travis travis   520 Jun  4 04:34 Repeat$_fireFunction_Repeat_Repeat$__f_sL_0.class
-rw-rw-r--   1 travis travis   522 Jun  4 04:34 Repeat$_fireFunction_Repeat_Repeat$__f_sL_10.class
-rw-rw-r--   1 travis travis   666 Jun  4 04:34 Repeat$_fireFunction_Repeat_Repeat$__f_sL_11.class
-rw-rw-r--   1 travis travis   522 Jun  4 04:34 Repeat$_fireFunction_Repeat_Repeat$__f_sL_13.class
-rw-rw-r--   1 travis travis   665 Jun  4 04:34 Repeat$_fireFunction_Repeat_Repeat$__f_sL_1.class
-rw-rw-r--   1 travis travis   520 Jun  4 04:34 Repeat$_fireFunction_Repeat_Repeat$__f_sL_2.class
-rw-rw-r--   1 travis travis   520 Jun  4 04:34 Repeat$_fireFunction_Repeat_Repeat$__f_sL_3.class
-rw-rw-r--   1 travis travis   520 Jun  4 04:34 Repeat$_fireFunction_Repeat_Repeat$__f_sL_5.class
-rw-rw-r--   1 travis travis   671 Jun  4 04:34 Repeat$_fireFunction_Repeat_Repeat$__f_sL_7.class
-rw-rw-r--   1 travis travis   520 Jun  4 04:34 Repeat$_fireFunction_Repeat_Repeat$__f_sL_9.class
-rw-rw-r--   1 travis travis   813 Jun  4 04:34 Repeat$_initialize_Repeat.class
-rw-rw-r--   1 travis travis   475 Jun  4 04:34 Repeat$_initialize_Repeat$__i_sL_0.class
-rw-rw-r--   1 travis travis   519 Jun  4 04:34 Repeat$_initialize_Repeat$__i_sL_3.class
-rw-rw-r--   1 travis travis 39778 Jun  4 04:34 Repeat.java
-rw-rw-r--   1 travis travis  1281 Jun  4 04:34 Repeat.mk
-rw-rw-r--   1 travis travis   520 Jun  4 04:34 Repeat$_preinitializeMethod_Repeat$__p_sL_0.class
-rw-rw-r--   1 travis travis   520 Jun  4 04:34 Repeat$_preinitializeMethod_Repeat$__p_sL_1.class
-rw-rw-r--   1 travis travis  1083 Jun  4 04:34 Repeat$_Repeat$_fireFunction_Repeat_AddSubtract_Repeat.class
-rw-rw-r--   1 travis travis   791 Jun  4 04:34 Repeat$_Repeat$_fireFunction_Repeat_AddSubtract_Repeat$__f_sL_0.class
-rw-rw-r--   1 travis travis   909 Jun  4 04:34 Repeat$_Repeat$_fireFunction_Repeat_AddSubtract_Repeat$__f_sL_1.class
-rw-rw-r--   1 travis travis   915 Jun  4 04:34 Repeat$_Repeat$_fireFunction_Repeat_AddSubtract_Repeat$__f_sL_2.class
-rw-rw-r--   1 travis travis   838 Jun  4 04:34 Repeat$_Repeat$_fireFunction_Repeat_Ramp2_Repeat$__f_sL_1.class
-rw-rw-r--   1 travis travis  1785 Jun  4 04:34 Repeat$_Repeat$_fireFunction_Repeat_Test_Repeat$__f_sL_2.class
-rw-rw-r--   1 travis travis   685 Jun  4 04:34 Repeat$_Repeat_SDF_Director_run_Repeat$__R_sL_0.class
-rw-rw-r--   1 travis travis   540 Jun  4 04:34 Repeat$_Repeat_SDF_Director_run_Repeat$__R_sL_1.class
-rw-rw-r--   1 travis travis   540 Jun  4 04:34 Repeat$_Repeat_SDF_Director_run_Repeat$__R_sL_2.class
-rw-rw-r--   1 travis travis   540 Jun  4 04:34 Repeat$_Repeat_SDF_Director_run_Repeat$__R_sL_4.class
-rw-rw-r--   1 travis travis   540 Jun  4 04:34 Repeat$_Repeat_SDF_Director_run_Repeat$__R_sL_5.class
-rw-rw-r--   1 travis travis   691 Jun  4 04:34 Repeat$_Repeat_SDF_Director_run_Repeat$__R_sL_6.class
-rw-rw-r--   1 travis travis   540 Jun  4 04:34 Repeat$_Repeat_SDF_Director_run_Repeat$__R_sL_7.class
-rw-rw-r--   1 travis travis   863 Jun  4 04:34 Repeat$_varinit_Repeat.class
-rw-rw-r--   1 travis travis   530 Jun  4 04:34 Repeat$_varinit_Repeat$__v_sL_1.class
-rw-rw-r--   1 travis travis   531 Jun  4 04:34 Repeat$_varinit_Repeat$__v_sL_2.class
-rw-rw-r--   1 travis travis   905 Jun  4 04:34 Repeat$_varinit_Repeat$__v_sL_4.class
-rw-rw-r--   1 travis travis   635 Jun  4 04:34 Repeat$_wrapup_Repeat.class
-rw-rw-r--   1 travis travis   965 Jun  4 04:34 Repeat$_wrapup_Repeat$__w_sL_1.class
-rw-rw-r--   1 travis travis   289 Jun  4 04:29 result.csv
drwxrwxr-x   3 travis travis 12288 Jun  4 04:32 Scrambler1
drwxrwxr-x   3 travis travis 20480 Jun  4 04:31 Sinewave2
drwxrwxr-x   3 travis travis 69632 Jun  4 04:32 StringCompare
drwxrwxr-x   3 travis travis 32768 Jun  4 04:32 StringFunction
drwxrwxr-x   3 travis travis 12288 Jun  4 04:32 StringLength
drwxrwxr-x   3 travis travis 57344 Jun  4 04:33 StringSimpleReplace
drwxrwxr-x   3 travis travis 12288 Jun  4 04:33 time2
drwxrwxr-x   3 travis travis 12288 Jun  4 04:34 time5
-rw-rw-r--   1 travis travis   432 Jun  4 04:35 Token.class
-rw-rw-r--   1 travis travis   251 Jun  4 04:35 Token.java
-rw-rw-r--   1 travis travis     0 Jun  4 04:34 top.
-rw-rw-r--   1 travis travis 20502 Jun  4 04:29 top.c
-rw-rw-r--   1 travis travis  3567 Jun  4 04:34 top.class
-rw-rw-r--   1 travis travis   169 Jun  4 04:29 top.html
-rw-rw-r--   1 travis travis  7552 Jun  4 04:34 top.java
-rw-rw-r--   1 travis travis 38888 Jun  4 04:29 top.o
drwxrwxr-x   3 travis travis 57344 Jun  4 04:31 UnaryMathFunction
All Done
Writing ModularCodeGenPubSub2_A1.java in file:/home/travis/cg/ (9781 characters)
Reading "ptolemy/cg/kernel/generic/program/procedural/java/modular/makefile.in",
    writing "/home/travis/cg/ModularCodeGenPubSub2_A1.mk"
Using ptolemy/cg/kernel/generic/program/procedural/java/modular/makefile.in
In "/home/travis/cg", about to execute:
    make -f ModularCodeGenPubSub2_A1.mk
javac -classpath ".:.."    ModularCodeGenPubSub2_A1.java
All Done
4097 ms. Memory: 204800K Free: 177109K (86%)
----------------- Invoking toplevel() on ptolemy.moml.MoMLSimpleApplication@ec1bc3c
----------------- Done invoking toplevel() on ptolemy.moml.MoMLSimpleApplication@ec1bc3c
reloadAllAccessors: .ModularCodeGenPubSub2

===========================================================================================
----------------- testing Tue Jun 04 04:35:43 UTC 2019 /home/travis/build/icyphy/ptII/ptolemy/cg/lib/test/auto/ModularCodeGenPubSub3.xml
----------------- Instantiating /home/travis/build/icyphy/ptII/ptolemy/cg/lib/test/auto/ModularCodeGenPubSub3.xml
In "/home/travis/cg", about to execute:
    pwd
In "/home/travis/cg", about to execute:
    ls -l
/home/travis/cg
total 2112
drwxrwxr-x   3 travis travis 12288 Jun  4 04:30 AbsoluteValue
-rw-rw-r--   1 travis travis   233 Jun  4 04:35 Array.class
-rw-rw-r--   1 travis travis   459 Jun  4 04:35 Array.java
drwxrwxr-x   3 travis travis 16384 Jun  4 04:30 Case1
drwxrwxr-x   3 travis travis 32768 Jun  4 04:30 Case2
-rw-rw-r--   1 travis travis  4895 Jun  4 04:34 CompiledCompositeActor_CompiledCompositeActor.class
-rw-rw-r--   1 travis travis  1592 Jun  4 04:34 CompiledCompositeActor_CompiledCompositeActor$_CompiledCompositeActor_CompiledCompositeActor.class
-rw-rw-r--   1 travis travis 13466 Jun  4 04:34 CompiledCompositeActor_CompiledCompositeActor.java
-rw-rw-r--   1 travis travis  1593 Jun  4 04:34 CompiledCompositeActor_CompiledCompositeActor.mk
drwxrwxr-x   3 travis travis 24576 Jun  4 04:32 DeScrambler
drwxrwxr-x   3 travis travis 16384 Jun  4 04:33 DotProduct
drwxrwxr-x   3 travis travis 12288 Jun  4 04:30 FileWriter1
drwxrwxr-x   3 travis travis 20480 Jun  4 04:29 FixToDoubleAndBack
drwxrwxr-x   3 travis travis 16384 Jun  4 04:30 Gaussian1
drwxrwxr-x   3 travis travis 20480 Jun  4 04:30 Gaussian2
-rw-rw-r--   1 travis travis  4457 Jun  4 04:34 JavaCompiledCompositeTest1_CompiledCompositeActor.class
-rw-rw-r--   1 travis travis 11637 Jun  4 04:34 JavaCompiledCompositeTest1_CompiledCompositeActor.java
-rw-rw-r--   1 travis travis  1198 Jun  4 04:34 JavaCompiledCompositeTest1_CompiledCompositeActor$_JavaCompiledCompositeTest1_CompiledCompositeActor.class
-rw-rw-r--   1 travis travis  1625 Jun  4 04:34 JavaCompiledCompositeTest1_CompiledCompositeActor.mk
-rw-rw-r--   1 travis travis  4888 Jun  4 04:34 JavaCompiledCompositeTest2_CompiledCompositeActor.class
-rw-rw-r--   1 travis travis 14919 Jun  4 04:34 JavaCompiledCompositeTest2_CompiledCompositeActor.java
-rw-rw-r--   1 travis travis  1793 Jun  4 04:34 JavaCompiledCompositeTest2_CompiledCompositeActor$_JavaCompiledCompositeTest2_CompiledCompositeActor.class
-rw-rw-r--   1 travis travis  1625 Jun  4 04:34 JavaCompiledCompositeTest2_CompiledCompositeActor.mk
-rw-rw-r--   1 travis travis  4505 Jun  4 04:34 JavaCompiledCompositeTest3_CompiledCompositeActor.class
-rw-rw-r--   1 travis travis 13080 Jun  4 04:34 JavaCompiledCompositeTest3_CompiledCompositeActor.java
-rw-rw-r--   1 travis travis  1378 Jun  4 04:34 JavaCompiledCompositeTest3_CompiledCompositeActor$_JavaCompiledCompositeTest3_CompiledCompositeActor.class
-rw-rw-r--   1 travis travis  1625 Jun  4 04:34 JavaCompiledCompositeTest3_CompiledCompositeActor.mk
-rw-rw-r--   1 travis travis  3953 Jun  4 04:34 JavaCompiledCompositeTest4_CompiledCompositeActor.class
-rw-rw-r--   1 travis travis  9687 Jun  4 04:34 JavaCompiledCompositeTest4_CompiledCompositeActor.java
-rw-rw-r--   1 travis travis   857 Jun  4 04:34 JavaCompiledCompositeTest4_CompiledCompositeActor$_JavaCompiledCompositeTest4_CompiledCompositeActor.class
-rw-rw-r--   1 travis travis  1625 Jun  4 04:34 JavaCompiledCompositeTest4_CompiledCompositeActor.mk
drwxrwxr-x   3 travis travis 12288 Jun  4 04:30 LookupTable
drwxrwxr-x   3 travis travis 20480 Jun  4 04:31 MaxIndex
-rw-rw-r--   1 travis travis  3693 Jun  4 04:34 ModularCG_A1_B1.class
-rw-rw-r--   1 travis travis  9730 Jun  4 04:34 ModularCG_A1_B1.java
-rw-rw-r--   1 travis travis   832 Jun  4 04:34 ModularCG_A1_B1.mk
-rw-rw-r--   1 travis travis  1318 Jun  4 04:34 ModularCG_A1_B1_profile.class
-rw-rw-r--   1 travis travis  1262 Jun  4 04:34 ModularCG_A1_B1_profile.java
-rw-rw-r--   1 travis travis  3693 Jun  4 04:34 ModularCG_A1_B2.class
-rw-rw-r--   1 travis travis  9730 Jun  4 04:34 ModularCG_A1_B2.java
-rw-rw-r--   1 travis travis   832 Jun  4 04:34 ModularCG_A1_B2.mk
-rw-rw-r--   1 travis travis  1318 Jun  4 04:34 ModularCG_A1_B2_profile.class
-rw-rw-r--   1 travis travis  1262 Jun  4 04:34 ModularCG_A1_B2_profile.java
-rw-rw-r--   1 travis travis  4799 Jun  4 04:34 ModularCG_A1.class
-rw-rw-r--   1 travis travis 14742 Jun  4 04:34 ModularCG_A1.java
-rw-rw-r--   1 travis travis   808 Jun  4 04:34 ModularCG_A1.mk
-rw-rw-r--   1 travis travis  1433 Jun  4 04:34 ModularCG_A1_profile.class
-rw-rw-r--   1 travis travis  1704 Jun  4 04:34 ModularCG_A1_profile.java
-rw-rw-r--   1 travis travis  3827 Jun  4 04:34 ModularCG_A2_B1.class
-rw-rw-r--   1 travis travis 10667 Jun  4 04:34 ModularCG_A2_B1.java
-rw-rw-r--   1 travis travis   832 Jun  4 04:34 ModularCG_A2_B1.mk
-rw-rw-r--   1 travis travis  1381 Jun  4 04:34 ModularCG_A2_B1_profile.class
-rw-rw-r--   1 travis travis  1446 Jun  4 04:34 ModularCG_A2_B1_profile.java
-rw-rw-r--   1 travis travis  3693 Jun  4 04:34 ModularCG_A2_B2.class
-rw-rw-r--   1 travis travis  9730 Jun  4 04:34 ModularCG_A2_B2.java
-rw-rw-r--   1 travis travis   832 Jun  4 04:34 ModularCG_A2_B2.mk
-rw-rw-r--   1 travis travis  1318 Jun  4 04:34 ModularCG_A2_B2_profile.class
-rw-rw-r--   1 travis travis  1262 Jun  4 04:34 ModularCG_A2_B2_profile.java
-rw-rw-r--   1 travis travis  4870 Jun  4 04:34 ModularCG_A2.class
-rw-rw-r--   1 travis travis 15129 Jun  4 04:34 ModularCG_A2.java
-rw-rw-r--   1 travis travis   808 Jun  4 04:34 ModularCG_A2.mk
-rw-rw-r--   1 travis travis  1433 Jun  4 04:34 ModularCG_A2_profile.class
-rw-rw-r--   1 travis travis  1704 Jun  4 04:34 ModularCG_A2_profile.java
-rw-rw-r--   1 travis travis  3473 Jun  4 04:34 ModularCGPubSub_A1_A2.class
-rw-rw-r--   1 travis travis  9076 Jun  4 04:34 ModularCGPubSub_A1_A2.java
-rw-rw-r--   1 travis travis   880 Jun  4 04:34 ModularCGPubSub_A1_A2.mk
-rw-rw-r--   1 travis travis  1300 Jun  4 04:34 ModularCGPubSub_A1_A2_profile.class
-rw-rw-r--   1 travis travis  1222 Jun  4 04:34 ModularCGPubSub_A1_A2_profile.java
-rw-rw-r--   1 travis travis  3790 Jun  4 04:34 ModularCGPubSub_A1.class
-rw-rw-r--   1 travis travis  9836 Jun  4 04:34 ModularCGPubSub_A1.java
-rw-rw-r--   1 travis travis   856 Jun  4 04:34 ModularCGPubSub_A1.mk
-rw-rw-r--   1 travis travis  1346 Jun  4 04:34 ModularCGPubSub_A1_profile.class
-rw-rw-r--   1 travis travis  1388 Jun  4 04:34 ModularCGPubSub_A1_profile.java
-rw-rw-r--   1 travis travis  3988 Jun  4 04:34 ModularCodeGen2_ModularCodeGenTypedCompositeActor.class
-rw-rw-r--   1 travis travis 11690 Jun  4 04:34 ModularCodeGen2_ModularCodeGenTypedCompositeActor.java
-rw-rw-r--   1 travis travis  1104 Jun  4 04:34 ModularCodeGen2_ModularCodeGenTypedCompositeActor.mk
-rw-rw-r--   1 travis travis  4272 Jun  4 04:34 ModularCodeGen2_ModularCodeGenTypedCompositeActor_ModularCodeGenTypedCompositeActor.class
-rw-rw-r--   1 travis travis 11790 Jun  4 04:34 ModularCodeGen2_ModularCodeGenTypedCompositeActor_ModularCodeGenTypedCompositeActor.java
-rw-rw-r--   1 travis travis  1376 Jun  4 04:34 ModularCodeGen2_ModularCodeGenTypedCompositeActor_ModularCodeGenTypedCompositeActor.mk
-rw-rw-r--   1 travis travis  1421 Jun  4 04:34 ModularCodeGen2_ModularCodeGenTypedCompositeActor_ModularCodeGenTypedCompositeActor_profile.class
-rw-rw-r--   1 travis travis  1294 Jun  4 04:34 ModularCodeGen2_ModularCodeGenTypedCompositeActor_ModularCodeGenTypedCompositeActor_profile.java
-rw-rw-r--   1 travis travis   820 Jun  4 04:34 ModularCodeGen2_ModularCodeGenTypedCompositeActor_profile.class
-rw-rw-r--   1 travis travis   693 Jun  4 04:34 ModularCodeGen2_ModularCodeGenTypedCompositeActor_profile.java
-rw-rw-r--   1 travis travis  3741 Jun  4 04:34 ModularCodeGen3_A1_B1.class
-rw-rw-r--   1 travis travis  9958 Jun  4 04:34 ModularCodeGen3_A1_B1.java
-rw-rw-r--   1 travis travis   880 Jun  4 04:34 ModularCodeGen3_A1_B1.mk
-rw-rw-r--   1 travis travis  1330 Jun  4 04:34 ModularCodeGen3_A1_B1_profile.class
-rw-rw-r--   1 travis travis  1274 Jun  4 04:34 ModularCodeGen3_A1_B1_profile.java
-rw-rw-r--   1 travis travis  3741 Jun  4 04:35 ModularCodeGen3_A1_B2.class
-rw-rw-r--   1 travis travis  9958 Jun  4 04:35 ModularCodeGen3_A1_B2.java
-rw-rw-r--   1 travis travis   880 Jun  4 04:35 ModularCodeGen3_A1_B2.mk
-rw-rw-r--   1 travis travis  1330 Jun  4 04:35 ModularCodeGen3_A1_B2_profile.class
-rw-rw-r--   1 travis travis  1274 Jun  4 04:34 ModularCodeGen3_A1_B2_profile.java
-rw-rw-r--   1 travis travis  4961 Jun  4 04:35 ModularCodeGen3_A1.class
-rw-rw-r--   1 travis travis 15564 Jun  4 04:35 ModularCodeGen3_A1.java
-rw-rw-r--   1 travis travis   856 Jun  4 04:35 ModularCodeGen3_A1.mk
-rw-rw-r--   1 travis travis  1445 Jun  4 04:35 ModularCodeGen3_A1_profile.class
-rw-rw-r--   1 travis travis  1716 Jun  4 04:35 ModularCodeGen3_A1_profile.java
-rw-rw-r--   1 travis travis  3887 Jun  4 04:35 ModularCodeGen3_A2_B1.class
-rw-rw-r--   1 travis travis 10955 Jun  4 04:35 ModularCodeGen3_A2_B1.java
-rw-rw-r--   1 travis travis   880 Jun  4 04:35 ModularCodeGen3_A2_B1.mk
-rw-rw-r--   1 travis travis  1393 Jun  4 04:35 ModularCodeGen3_A2_B1_profile.class
-rw-rw-r--   1 travis travis  1458 Jun  4 04:35 ModularCodeGen3_A2_B1_profile.java
-rw-rw-r--   1 travis travis  3741 Jun  4 04:35 ModularCodeGen3_A2_B2.class
-rw-rw-r--   1 travis travis  9958 Jun  4 04:35 ModularCodeGen3_A2_B2.java
-rw-rw-r--   1 travis travis   880 Jun  4 04:35 ModularCodeGen3_A2_B2.mk
-rw-rw-r--   1 travis travis  1330 Jun  4 04:35 ModularCodeGen3_A2_B2_profile.class
-rw-rw-r--   1 travis travis  1274 Jun  4 04:35 ModularCodeGen3_A2_B2_profile.java
-rw-rw-r--   1 travis travis  5038 Jun  4 04:35 ModularCodeGen3_A2.class
-rw-rw-r--   1 travis travis 15957 Jun  4 04:35 ModularCodeGen3_A2.java
-rw-rw-r--   1 travis travis   856 Jun  4 04:35 ModularCodeGen3_A2.mk
-rw-rw-r--   1 travis travis  1445 Jun  4 04:35 ModularCodeGen3_A2_profile.class
-rw-rw-r--   1 travis travis  1716 Jun  4 04:35 ModularCodeGen3_A2_profile.java
-rw-rw-r--   1 travis travis  3794 Jun  4 04:35 ModularCodeGen4_A1_B1.class
-rw-rw-r--   1 travis travis 10312 Jun  4 04:35 ModularCodeGen4_A1_B1.java
-rw-rw-r--   1 travis travis   880 Jun  4 04:35 ModularCodeGen4_A1_B1.mk
-rw-rw-r--   1 travis travis  1330 Jun  4 04:35 ModularCodeGen4_A1_B1_profile.class
-rw-rw-r--   1 travis travis  1273 Jun  4 04:35 ModularCodeGen4_A1_B1_profile.java
-rw-rw-r--   1 travis travis  3794 Jun  4 04:35 ModularCodeGen4_A1_B2.class
-rw-rw-r--   1 travis travis 10312 Jun  4 04:35 ModularCodeGen4_A1_B2.java
-rw-rw-r--   1 travis travis   880 Jun  4 04:35 ModularCodeGen4_A1_B2.mk
-rw-rw-r--   1 travis travis  1330 Jun  4 04:35 ModularCodeGen4_A1_B2_profile.class
-rw-rw-r--   1 travis travis  1273 Jun  4 04:35 ModularCodeGen4_A1_B2_profile.java
-rw-rw-r--   1 travis travis  5101 Jun  4 04:35 ModularCodeGen4_A1.class
-rw-rw-r--   1 travis travis 16245 Jun  4 04:35 ModularCodeGen4_A1.java
-rw-rw-r--   1 travis travis   856 Jun  4 04:35 ModularCodeGen4_A1.mk
-rw-rw-r--   1 travis travis  1445 Jun  4 04:35 ModularCodeGen4_A1_profile.class
-rw-rw-r--   1 travis travis  1712 Jun  4 04:35 ModularCodeGen4_A1_profile.java
-rw-rw-r--   1 travis travis  3988 Jun  4 04:35 ModularCodeGen4_A2_B1.class
-rw-rw-r--   1 travis travis 11375 Jun  4 04:35 ModularCodeGen4_A2_B1.java
-rw-rw-r--   1 travis travis   880 Jun  4 04:35 ModularCodeGen4_A2_B1.mk
-rw-rw-r--   1 travis travis  1393 Jun  4 04:35 ModularCodeGen4_A2_B1_profile.class
-rw-rw-r--   1 travis travis  1454 Jun  4 04:35 ModularCodeGen4_A2_B1_profile.java
-rw-rw-r--   1 travis travis  3842 Jun  4 04:35 ModularCodeGen4_A2_B2.class
-rw-rw-r--   1 travis travis 10378 Jun  4 04:35 ModularCodeGen4_A2_B2.java
-rw-rw-r--   1 travis travis   880 Jun  4 04:35 ModularCodeGen4_A2_B2.mk
-rw-rw-r--   1 travis travis  1330 Jun  4 04:35 ModularCodeGen4_A2_B2_profile.class
-rw-rw-r--   1 travis travis  1270 Jun  4 04:35 ModularCodeGen4_A2_B2_profile.java
-rw-rw-r--   1 travis travis  5274 Jun  4 04:35 ModularCodeGen4_A2.class
-rw-rw-r--   1 travis travis 16770 Jun  4 04:35 ModularCodeGen4_A2.java
-rw-rw-r--   1 travis travis   856 Jun  4 04:35 ModularCodeGen4_A2.mk
-rw-rw-r--   1 travis travis  1445 Jun  4 04:35 ModularCodeGen4_A2_profile.class
-rw-rw-r--   1 travis travis  1712 Jun  4 04:35 ModularCodeGen4_A2_profile.java
-rw-rw-r--   1 travis travis  6838 Jun  4 04:35 ModularCodeGen5_A_A.class
-rw-rw-r--   1 travis travis 28721 Jun  4 04:35 ModularCodeGen5_A_A.java
-rw-rw-r--   1 travis travis   864 Jun  4 04:35 ModularCodeGen5_A_A.mk
-rw-rw-r--   1 travis travis  1520 Jun  4 04:35 ModularCodeGen5_A_A_profile.class
-rw-rw-r--   1 travis travis  1815 Jun  4 04:35 ModularCodeGen5_A_A_profile.java
-rw-rw-r--   1 travis travis  5115 Jun  4 04:35 ModularCodeGen5_A.class
-rw-rw-r--   1 travis travis 13769 Jun  4 04:35 ModularCodeGen5_A.java
-rw-rw-r--   1 travis travis   848 Jun  4 04:35 ModularCodeGen5_A.mk
-rw-rw-r--   1 travis travis  1422 Jun  4 04:35 ModularCodeGen5_A_profile.class
-rw-rw-r--   1 travis travis  1605 Jun  4 04:35 ModularCodeGen5_A_profile.java
-rw-rw-r--   1 travis travis  4125 Jun  4 04:35 ModularCodeGen6_A_A2.class
-rw-rw-r--   1 travis travis 11329 Jun  4 04:35 ModularCodeGen6_A_A2.java
-rw-rw-r--   1 travis travis   872 Jun  4 04:35 ModularCodeGen6_A_A2.mk
-rw-rw-r--   1 travis travis  1351 Jun  4 04:35 ModularCodeGen6_A_A2_profile.class
-rw-rw-r--   1 travis travis  1364 Jun  4 04:35 ModularCodeGen6_A_A2_profile.java
-rw-rw-r--   1 travis travis  4108 Jun  4 04:35 ModularCodeGen6_A_A.class
-rw-rw-r--   1 travis travis 11221 Jun  4 04:35 ModularCodeGen6_A_A.java
-rw-rw-r--   1 travis travis   864 Jun  4 04:35 ModularCodeGen6_A_A.mk
-rw-rw-r--   1 travis travis  1348 Jun  4 04:35 ModularCodeGen6_A_A_profile.class
-rw-rw-r--   1 travis travis  1361 Jun  4 04:35 ModularCodeGen6_A_A_profile.java
-rw-rw-r--   1 travis travis  7237 Jun  4 04:35 ModularCodeGen6_A.class
-rw-rw-r--   1 travis travis 26535 Jun  4 04:35 ModularCodeGen6_A.java
-rw-rw-r--   1 travis travis   848 Jun  4 04:35 ModularCodeGen6_A.mk
-rw-rw-r--   1 travis travis  1483 Jun  4 04:35 ModularCodeGen6_A_profile.class
-rw-rw-r--   1 travis travis  1810 Jun  4 04:35 ModularCodeGen6_A_profile.java
-rw-rw-r--   1 travis travis  9439 Jun  4 04:35 ModularCodeGenLazyPubSubGlobal_CompositeActor_ModularCodeGenTypedComposite.class
-rw-rw-r--   1 travis travis 30161 Jun  4 04:35 ModularCodeGenLazyPubSubGlobal_CompositeActor_ModularCodeGenTypedComposite.java
-rw-rw-r--   1 travis travis  1304 Jun  4 04:35 ModularCodeGenLazyPubSubGlobal_CompositeActor_ModularCodeGenTypedComposite.mk
-rw-rw-r--   1 travis travis  1438 Jun  4 04:35 ModularCodeGenLazyPubSubGlobal_CompositeActor_ModularCodeGenTypedComposite_profile.class
-rw-rw-r--   1 travis travis  1384 Jun  4 04:35 ModularCodeGenLazyPubSubGlobal_CompositeActor_ModularCodeGenTypedComposite_profile.java
-rw-rw-r--   1 travis travis  3952 Jun  4 04:35 ModularCodeGenLazyPubSub_LazyCompositeActor.class
-rw-rw-r--   1 travis travis 11122 Jun  4 04:35 ModularCodeGenLazyPubSub_LazyCompositeActor.java
-rw-rw-r--   1 travis travis  1056 Jun  4 04:35 ModularCodeGenLazyPubSub_LazyCompositeActor.mk
-rw-rw-r--   1 travis travis  1286 Jun  4 04:35 ModularCodeGenLazyPubSub_LazyCompositeActor_profile.class
-rw-rw-r--   1 travis travis  1091 Jun  4 04:35 ModularCodeGenLazyPubSub_LazyCompositeActor_profile.java
-rw-rw-r--   1 travis travis  3954 Jun  4 04:34 ModularCodeGen_ModularCodeGenTypedCompositeActor.class
-rw-rw-r--   1 travis travis 10970 Jun  4 04:34 ModularCodeGen_ModularCodeGenTypedCompositeActor.java
-rw-rw-r--   1 travis travis  1096 Jun  4 04:34 ModularCodeGen_ModularCodeGenTypedCompositeActor.mk
-rw-rw-r--   1 travis travis  1384 Jun  4 04:34 ModularCodeGen_ModularCodeGenTypedCompositeActor_profile.class
-rw-rw-r--   1 travis travis  1328 Jun  4 04:34 ModularCodeGen_ModularCodeGenTypedCompositeActor_profile.java
-rw-rw-r--   1 travis travis  3441 Jun  4 04:35 ModularCodeGenPubSub2_A1_A.class
-rw-rw-r--   1 travis travis  8578 Jun  4 04:35 ModularCodeGenPubSub2_A1_A.java
-rw-rw-r--   1 travis travis   920 Jun  4 04:35 ModularCodeGenPubSub2_A1_A.mk
-rw-rw-r--   1 travis travis  1274 Jun  4 04:35 ModularCodeGenPubSub2_A1_A_profile.class
-rw-rw-r--   1 travis travis  1128 Jun  4 04:35 ModularCodeGenPubSub2_A1_A_profile.java
-rw-rw-r--   1 travis travis  3733 Jun  4 04:35 ModularCodeGenPubSub2_A1.class
-rw-rw-r--   1 travis travis  9781 Jun  4 04:35 ModularCodeGenPubSub2_A1.java
-rw-rw-r--   1 travis travis   904 Jun  4 04:35 ModularCodeGenPubSub2_A1.mk
-rw-rw-r--   1 travis travis  1268 Jun  4 04:35 ModularCodeGenPubSub2_A1_profile.class
-rw-rw-r--   1 travis travis  1196 Jun  4 04:35 ModularCodeGenPubSub2_A1_profile.java
-rw-rw-r--   1 travis travis  1132 Jun  4 04:35 ModularCodeGenPubSub3_A1_A2_profile.java
-rw-rw-r--   1 travis travis  3475 Jun  4 04:35 ModularCodeGenPubSub_A1.class
-rw-rw-r--   1 travis travis  9060 Jun  4 04:35 ModularCodeGenPubSub_A1.java
-rw-rw-r--   1 travis travis   896 Jun  4 04:35 ModularCodeGenPubSub_A1.mk
-rw-rw-r--   1 travis travis  1278 Jun  4 04:35 ModularCodeGenPubSub_A1_profile.class
-rw-rw-r--   1 travis travis  1195 Jun  4 04:35 ModularCodeGenPubSub_A1_profile.java
-rw-rw-r--   1 travis travis  3492 Jun  4 04:34 ModularCodeGenTest_A1_A2.class
-rw-rw-r--   1 travis travis   904 Jun  4 04:34 ModularCodeGenTest_A1_A2.mk
-rw-rw-r--   1 travis travis  1306 Jun  4 04:34 ModularCodeGenTest_A1_A2_profile.class
-rw-rw-r--   1 travis travis  3823 Jun  4 04:34 ModularCodeGenTest_A1.class
-rw-rw-r--   1 travis travis  9968 Jun  4 04:34 ModularCodeGenTest_A1.java
-rw-rw-r--   1 travis travis   880 Jun  4 04:34 ModularCodeGenTest_A1.mk
-rw-rw-r--   1 travis travis  1352 Jun  4 04:34 ModularCodeGenTest_A1_profile.class
-rw-rw-r--   1 travis travis  1394 Jun  4 04:34 ModularCodeGenTest_A1_profile.java
drwxrwxr-x   3 travis travis 36864 Jun  4 04:34 modulation2
drwxrwxr-x   3 travis travis 20480 Jun  4 04:31 Multiplexor
drwxrwxr-x 242 travis travis 12288 Jun  4 04:34 node_modules
drwxrwxr-x   3 travis travis 20480 Jun  4 04:31 PhaseUnwrap
-rw-rw-r--   1 travis travis   520 Jun  4 04:34 Repeat$_fireFunction_Repeat_Repeat$__f_sL_0.class
-rw-rw-r--   1 travis travis   522 Jun  4 04:34 Repeat$_fireFunction_Repeat_Repeat$__f_sL_10.class
-rw-rw-r--   1 travis travis   666 Jun  4 04:34 Repeat$_fireFunction_Repeat_Repeat$__f_sL_11.class
-rw-rw-r--   1 travis travis   522 Jun  4 04:34 Repeat$_fireFunction_Repeat_Repeat$__f_sL_13.class
-rw-rw-r--   1 travis travis   665 Jun  4 04:34 Repeat$_fireFunction_Repeat_Repeat$__f_sL_1.class
-rw-rw-r--   1 travis travis   520 Jun  4 04:34 Repeat$_fireFunction_Repeat_Repeat$__f_sL_2.class
-rw-rw-r--   1 travis travis   520 Jun  4 04:34 Repeat$_fireFunction_Repeat_Repeat$__f_sL_3.class
-rw-rw-r--   1 travis travis   520 Jun  4 04:34 Repeat$_fireFunction_Repeat_Repeat$__f_sL_5.class
-rw-rw-r--   1 travis travis   671 Jun  4 04:34 Repeat$_fireFunction_Repeat_Repeat$__f_sL_7.class
-rw-rw-r--   1 travis travis   520 Jun  4 04:34 Repeat$_fireFunction_Repeat_Repeat$__f_sL_9.class
-rw-rw-r--   1 travis travis   813 Jun  4 04:34 Repeat$_initialize_Repeat.class
-rw-rw-r--   1 travis travis   475 Jun  4 04:34 Repeat$_initialize_Repeat$__i_sL_0.class
-rw-rw-r--   1 travis travis   519 Jun  4 04:34 Repeat$_initialize_Repeat$__i_sL_3.class
-rw-rw-r--   1 travis travis 39778 Jun  4 04:34 Repeat.java
-rw-rw-r--   1 travis travis  1281 Jun  4 04:34 Repeat.mk
-rw-rw-r--   1 travis travis   520 Jun  4 04:34 Repeat$_preinitializeMethod_Repeat$__p_sL_0.class
-rw-rw-r--   1 travis travis   520 Jun  4 04:34 Repeat$_preinitializeMethod_Repeat$__p_sL_1.class
-rw-rw-r--   1 travis travis  1083 Jun  4 04:34 Repeat$_Repeat$_fireFunction_Repeat_AddSubtract_Repeat.class
-rw-rw-r--   1 travis travis   791 Jun  4 04:34 Repeat$_Repeat$_fireFunction_Repeat_AddSubtract_Repeat$__f_sL_0.class
-rw-rw-r--   1 travis travis   909 Jun  4 04:34 Repeat$_Repeat$_fireFunction_Repeat_AddSubtract_Repeat$__f_sL_1.class
-rw-rw-r--   1 travis travis   915 Jun  4 04:34 Repeat$_Repeat$_fireFunction_Repeat_AddSubtract_Repeat$__f_sL_2.class
-rw-rw-r--   1 travis travis   838 Jun  4 04:34 Repeat$_Repeat$_fireFunction_Repeat_Ramp2_Repeat$__f_sL_1.class
-rw-rw-r--   1 travis travis  1785 Jun  4 04:34 Repeat$_Repeat$_fireFunction_Repeat_Test_Repeat$__f_sL_2.class
-rw-rw-r--   1 travis travis   685 Jun  4 04:34 Repeat$_Repeat_SDF_Director_run_Repeat$__R_sL_0.class
-rw-rw-r--   1 travis travis   540 Jun  4 04:34 Repeat$_Repeat_SDF_Director_run_Repeat$__R_sL_1.class
-rw-rw-r--   1 travis travis   540 Jun  4 04:34 Repeat$_Repeat_SDF_Director_run_Repeat$__R_sL_2.class
-rw-rw-r--   1 travis travis   540 Jun  4 04:34 Repeat$_Repeat_SDF_Director_run_Repeat$__R_sL_4.class
-rw-rw-r--   1 travis travis   540 Jun  4 04:34 Repeat$_Repeat_SDF_Director_run_Repeat$__R_sL_5.class
-rw-rw-r--   1 travis travis   691 Jun  4 04:34 Repeat$_Repeat_SDF_Director_run_Repeat$__R_sL_6.class
-rw-rw-r--   1 travis travis   540 Jun  4 04:34 Repeat$_Repeat_SDF_Director_run_Repeat$__R_sL_7.class
-rw-rw-r--   1 travis travis   863 Jun  4 04:34 Repeat$_varinit_Repeat.class
-rw-rw-r--   1 travis travis   530 Jun  4 04:34 Repeat$_varinit_Repeat$__v_sL_1.class
-rw-rw-r--   1 travis travis   531 Jun  4 04:34 Repeat$_varinit_Repeat$__v_sL_2.class
-rw-rw-r--   1 travis travis   905 Jun  4 04:34 Repeat$_varinit_Repeat$__v_sL_4.class
-rw-rw-r--   1 travis travis   635 Jun  4 04:34 Repeat$_wrapup_Repeat.class
-rw-rw-r--   1 travis travis   965 Jun  4 04:34 Repeat$_wrapup_Repeat$__w_sL_1.class
-rw-rw-r--   1 travis travis   289 Jun  4 04:29 result.csv
drwxrwxr-x   3 travis travis 12288 Jun  4 04:32 Scrambler1
drwxrwxr-x   3 travis travis 20480 Jun  4 04:31 Sinewave2
drwxrwxr-x   3 travis travis 69632 Jun  4 04:32 StringCompare
drwxrwxr-x   3 travis travis 32768 Jun  4 04:32 StringFunction
drwxrwxr-x   3 travis travis 12288 Jun  4 04:32 StringLength
drwxrwxr-x   3 travis travis 57344 Jun  4 04:33 StringSimpleReplace
drwxrwxr-x   3 travis travis 12288 Jun  4 04:33 time2
drwxrwxr-x   3 travis travis 12288 Jun  4 04:34 time5
-rw-rw-r--   1 travis travis   432 Jun  4 04:35 Token.class
-rw-rw-r--   1 travis travis   251 Jun  4 04:35 Token.java
-rw-rw-r--   1 travis travis     0 Jun  4 04:34 top.
-rw-rw-r--   1 travis travis 20502 Jun  4 04:29 top.c
-rw-rw-r--   1 travis travis  3567 Jun  4 04:34 top.class
-rw-rw-r--   1 travis travis   169 Jun  4 04:29 top.html
-rw-rw-r--   1 travis travis  7552 Jun  4 04:34 top.java
-rw-rw-r--   1 travis travis 38888 Jun  4 04:29 top.o
drwxrwxr-x   3 travis travis 57344 Jun  4 04:31 UnaryMathFunction
In "/home/travis/cg", about to execute:
    javac -classpath
.:/home/travis/build/icyphy/ptII:/home/travis/build/icyphy/ptII/lib/bsh-2.0b4.j
ar:/home/travis/build/icyphy/ptII/lib/ptCal.jar:/home/travis/build/icyphy/ptII/
lib/java_cup.jar:/home/travis/build/icyphy/ptII/lib/saxon8.jar:/home/travis/bui
ld/icyphy/ptII/lib/saxon8-dom.jar:/home/travis/build/icyphy/ptII/lib/chic.jar:/
home/travis/build/icyphy/ptII/lib/ptcolt.jar:/usr/lib/jvm/java-8-oracle/lib/too
ls.jar:/home/travis/build/icyphy/ptII/vendors/misc/itext/iText.jar:/home/travis
/build/icyphy/ptII/lib/g4ltl.jar:/home/travis/build/icyphy/ptII/lib/StructuralC
oder.jar:/home/travis/build/icyphy/ptII/vendors/jai-1_1_2_01/lib/jai_core.jar:/
home/travis/build/icyphy/ptII/vendors/jai-1_1_2_01/lib/jai_codec.jar:/home/trav
is/build/icyphy/ptII/lib/jcerti.jar:/home/travis/build/icyphy/ptII/lib/javax.ma
il.jar:/home/travis/build/icyphy/ptII/vendors/JMF-2.1.1e/lib/jmf.jar:/home/trav
is/build/icyphy/ptII/lib/jna-4.0.0-variadic.jar:/home/travis/build/icyphy/ptII/
vendors/misc/joystick/Joystick.jar:/home/travis/build/icyphy/ptII/lib/ptjacl.ja
r:/home/travis/build/icyphy/ptII/lib/jsoup-1.8.2.jar:/home/travis/build/icyphy/
ptII/lib/junit-4.8.2.jar:/home/travis/build/icyphy/ptII/lib/JUnitParams-0.4.0.j
ar:/home/travis/build/icyphy/ptII/ptolemy/actor/lib/excel/jxl.jar:/home/travis/
build/icyphy/ptII/lib/jython.jar:/home/travis/build/icyphy/ptII/lib/kieler.jar:
/home/travis/build/icyphy/ptII/vendors/opencv/share/OpenCV/java/opencv-341.jar:
/home/travis/build/icyphy/ptII/lib/oscP5.jar:/home/travis/build/icyphy/ptII/lib
/nrjavaserial-3.11.0.devel.jar:/home/travis/build/icyphy/ptII/vendors/j3d/lib/j
3dcore.jar:/home/travis/build/icyphy/ptII/vendors/j3d/lib/j3dutils.jar:/home/tr
avis/build/icyphy/ptII/vendors/j3d/lib/vecmath.jar:/home/travis/build/icyphy/pt
II/ptolemy/distributed/jini/jar/jini-core.jar:/home/travis/build/icyphy/ptII/pt
olemy/distributed/jini/jar/jini-ext.jar:/home/travis/build/icyphy/ptII/ptolemy/
distributed/jini/jar/sun-util.jar:/home/travis/build/icyphy/ptII/lib/protobuf-j
ava-2.4.1.jar:/home/travis/build/icyphy/ptII/lib/org.eclipse.paho.client.mqttv3
.jar:/home/travis/build/icyphy/ptII/lib/mapss.jar:/home/travis/build/icyphy/ptI
I/ptolemy/actor/ptalon/antlr/antlr.jar:/home/travis/build/icyphy/ptII/lib/JRI.j
ar:/home/travis/build/icyphy/ptII/lib/commons-lang-2.6.jar:/home/travis/build/i
cyphy/ptII/lib/commons-logging-1.1.1.jar:/home/travis/build/icyphy/ptII/lib/soo
tclasses.jar:/home/travis/build/icyphy/ptII/ptolemy/actor/lib/database/mysql-co
nnector-java-5.1.6-bin.jar:/home/travis/build/icyphy/ptII/vendors/misc/sphinx4/
sphinx4-data-5prealpha.jar:/home/travis/build/icyphy/ptII/vendors/misc/sphinx4/
sphinx4-core-5prealpha.jar:/home/travis/build/icyphy/ptII/lib/PDFRenderer.jar:/
home/travis/build/icyphy/ptII/lib/svgSalamander.jar:/home/travis/build/icyphy/p
tII/lib/rsyntaxtextarea-2.6.0-SNAPSHOT.jar:/home/travis/build/icyphy/ptII/lib/h
azelcast-3.8.2.jar:/home/travis/build/icyphy/ptII/lib/jackson-annotations-2.9.0
.jar:/home/travis/build/icyphy/ptII/lib/jackson-core-2.9.3.jar:/home/travis/bui
ld/icyphy/ptII/lib/jackson-databind-2.9.3.jar:/home/travis/build/icyphy/ptII/li
b/netty-buffer-4.1.19.Final.jar:/home/travis/build/icyphy/ptII/lib/netty-codec-
4.1.19.Final.jar:/home/travis/build/icyphy/ptII/lib/netty-codec-dns-4.1.19.Fina
l.jar:/home/travis/build/icyphy/ptII/lib/netty-codec-http-4.1.19.Final.jar:/hom
e/travis/build/icyphy/ptII/lib/netty-codec-http2-4.1.19.Final.jar:/home/travis/
build/icyphy/ptII/lib/netty-common-4.1.19.Final.jar:/home/travis/build/icyphy/p
tII/lib/netty-handler-4.1.19.Final.jar:/home/travis/build/icyphy/ptII/lib/netty
-resolver-4.1.19.Final.jar:/home/travis/build/icyphy/ptII/lib/netty-resolver-dn
s-4.1.19.Final.jar:/home/travis/build/icyphy/ptII/lib/netty-transport-4.1.19.Fi
nal.jar:/home/travis/build/icyphy/ptII/lib/vertx-codegen-3.5.1.jar:/home/travis
/build/icyphy/ptII/lib/vertx-core-3.5.2-SNAPSHOT.jar:/home/travis/build/icyphy/
ptII/lib/vertx-hazelcast-3.5.1.jar:/home/travis/build/icyphy/ptII/lib/vertx-lan
g-js-3.5.1.jar:/home/travis/build/icyphy/ptII/lib/vertx-service-proxy-3.5.1.jar
:/home/travis/build/icyphy/ptII/lib/vertx-web-3.5.1.jar:/home/travis/build/icyp
hy/ptII/lib/slf4j-api-1.7.13.jar:/home/travis/build/icyphy/ptII/lib/slf4j-simpl
e-1.7.13.jar:/home/travis/build/icyphy/ptII/lib/webcam-capture-0.3.12.jar:/home
/travis/build/icyphy/ptII/lib/bridj-0.7.0.jar:/home/travis/build/icyphy/ptII/li
b/xbjlib-1.1.0.nrjavaserial.jar:/home/travis/build/icyphy/ptII/ptolemy/moml/tes
t:/home/travis/build/icyphy/ptII/ant/lib/ant-launcher.jar:/home/travis/build/ic
yphy/ptII/ant/lib/ant.jar:/home/travis/build/icyphy/ptII/ant/lib/ant-junit.jar:
/home/travis/build/icyphy/ptII/ant/lib/ant-junit4.jar:/home/travis/build/icyphy
/ptII ModularCodeGenPubSub3_A1_A2_profile.java
All Done
Writing ModularCodeGenPubSub3_A1_A2.java in file:/home/travis/cg/ (8599 characters)
Reading "ptolemy/cg/kernel/generic/program/procedural/java/modular/makefile.in",
    writing "/home/travis/cg/ModularCodeGenPubSub3_A1_A2.mk"
Using ptolemy/cg/kernel/generic/program/procedural/java/modular/makefile.in
In "/home/travis/cg", about to execute:
    make -f ModularCodeGenPubSub3_A1_A2.mk
javac -classpath ".:.."    ModularCodeGenPubSub3_A1_A2.java
All Done
In "/home/travis/cg", about to execute:
    pwd
/home/travis/cg
In "/home/travis/cg", about to execute:
    ls -l
In "/home/travis/cg", about to execute:
    javac -classpath
.:/home/travis/build/icyphy/ptII:/home/travis/build/icyphy/ptII/lib/bsh-2.0b4.j
ar:/home/travis/build/icyphy/ptII/lib/ptCal.jar:/home/travis/build/icyphy/ptII/
lib/java_cup.jar:/home/travis/build/icyphy/ptII/lib/saxon8.jar:/home/travis/bui
ld/icyphy/ptII/lib/saxon8-dom.jar:/home/travis/build/icyphy/ptII/lib/chic.jar:/
home/travis/build/icyphy/ptII/lib/ptcolt.jar:/usr/lib/jvm/java-8-oracle/lib/too
ls.jar:/home/travis/build/icyphy/ptII/vendors/misc/itext/iText.jar:/home/travis
/build/icyphy/ptII/lib/g4ltl.jar:/home/travis/build/icyphy/ptII/lib/StructuralC
oder.jar:/home/travis/build/icyphy/ptII/vendors/jai-1_1_2_01/lib/jai_core.jar:/
home/travis/build/icyphy/ptII/vendors/jai-1_1_2_01/lib/jai_codec.jar:/home/trav
is/build/icyphy/ptII/lib/jcerti.jar:/home/travis/build/icyphy/ptII/lib/javax.ma
il.jar:/home/travis/build/icyphy/ptII/vendors/JMF-2.1.1e/lib/jmf.jar:/home/trav
is/build/icyphy/ptII/lib/jna-4.0.0-variadic.jar:/home/travis/build/icyphy/ptII/
vendors/misc/joystick/Joystick.jar:/home/travis/build/icyphy/ptII/lib/ptjacl.ja
r:/home/travis/build/icyphy/ptII/lib/jsoup-1.8.2.jar:/home/travis/build/icyphy/
ptII/lib/junit-4.8.2.jar:/home/travis/build/icyphy/ptII/lib/JUnitParams-0.4.0.j
ar:/home/travis/build/icyphy/ptII/ptolemy/actor/lib/excel/jxl.jar:/home/travis/
build/icyphy/ptII/lib/jython.jar:/home/travis/build/icyphy/ptII/lib/kieler.jar:
/home/travis/build/icyphy/ptII/vendors/opencv/share/OpenCV/java/opencv-341.jar:
/home/travis/build/icyphy/ptII/lib/oscP5.jar:/home/travis/build/icyphy/ptII/lib
/nrjavaserial-3.11.0.devel.jar:/home/travis/build/icyphy/ptII/vendors/j3d/lib/j
3dcore.jar:/home/travis/build/icyphy/ptII/vendors/j3d/lib/j3dutils.jar:/home/tr
avis/build/icyphy/ptII/vendors/j3d/lib/vecmath.jar:/home/travis/build/icyphy/pt
II/ptolemy/distributed/jini/jar/jini-core.jar:/home/travis/build/icyphy/ptII/pt
olemy/distributed/jini/jar/jini-ext.jar:/home/travis/build/icyphy/ptII/ptolemy/
distributed/jini/jar/sun-util.jar:/home/travis/build/icyphy/ptII/lib/protobuf-j
ava-2.4.1.jar:/home/travis/build/icyphy/ptII/lib/org.eclipse.paho.client.mqttv3
.jar:/home/travis/build/icyphy/ptII/lib/mapss.jar:/home/travis/build/icyphy/ptI
I/ptolemy/actor/ptalon/antlr/antlr.jar:/home/travis/build/icyphy/ptII/lib/JRI.j
ar:/home/travis/build/icyphy/ptII/lib/commons-lang-2.6.jar:/home/travis/build/i
cyphy/ptII/lib/commons-logging-1.1.1.jar:/home/travis/build/icyphy/ptII/lib/soo
tclasses.jar:/home/travis/build/icyphy/ptII/ptolemy/actor/lib/database/mysql-co
nnector-java-5.1.6-bin.jar:/home/travis/build/icyphy/ptII/vendors/misc/sphinx4/
sphinx4-data-5prealpha.jar:/home/travis/build/icyphy/ptII/vendors/misc/sphinx4/
sphinx4-core-5prealpha.jar:/home/travis/build/icyphy/ptII/lib/PDFRenderer.jar:/
home/travis/build/icyphy/ptII/lib/svgSalamander.jar:/home/travis/build/icyphy/p
tII/lib/rsyntaxtextarea-2.6.0-SNAPSHOT.jar:/home/travis/build/icyphy/ptII/lib/h
azelcast-3.8.2.jar:/home/travis/build/icyphy/ptII/lib/jackson-annotations-2.9.0
.jar:/home/travis/build/icyphy/ptII/lib/jackson-core-2.9.3.jar:/home/travis/bui
ld/icyphy/ptII/lib/jackson-databind-2.9.3.jar:/home/travis/build/icyphy/ptII/li
b/netty-buffer-4.1.19.Final.jar:/home/travis/build/icyphy/ptII/lib/netty-codec-
4.1.19.Final.jar:/home/travis/build/icyphy/ptII/lib/netty-codec-dns-4.1.19.Fina
l.jar:/home/travis/build/icyphy/ptII/lib/netty-codec-http-4.1.19.Final.jar:/hom
e/travis/build/icyphy/ptII/lib/netty-codec-http2-4.1.19.Final.jar:/home/travis/
build/icyphy/ptII/lib/netty-common-4.1.19.Final.jar:/home/travis/build/icyphy/p
tII/lib/netty-handler-4.1.19.Final.jar:/home/travis/build/icyphy/ptII/lib/netty
-resolver-4.1.19.Final.jar:/home/travis/build/icyphy/ptII/lib/netty-resolver-dn
s-4.1.19.Final.jar:/home/travis/build/icyphy/ptII/lib/netty-transport-4.1.19.Fi
nal.jar:/home/travis/build/icyphy/ptII/lib/vertx-codegen-3.5.1.jar:/home/travis
/build/icyphy/ptII/lib/vertx-core-3.5.2-SNAPSHOT.jar:/home/travis/build/icyphy/
ptII/lib/vertx-hazelcast-3.5.1.jar:/home/travis/build/icyphy/ptII/lib/vertx-lan
g-js-3.5.1.jar:/home/travis/build/icyphy/ptII/lib/vertx-service-proxy-3.5.1.jar
:/home/travis/build/icyphy/ptII/lib/vertx-web-3.5.1.jar:/home/travis/build/icyp
hy/ptII/lib/slf4j-api-1.7.13.jar:/home/travis/build/icyphy/ptII/lib/slf4j-simpl
e-1.7.13.jar:/home/travis/build/icyphy/ptII/lib/webcam-capture-0.3.12.jar:/home
/travis/build/icyphy/ptII/lib/bridj-0.7.0.jar:/home/travis/build/icyphy/ptII/li
b/xbjlib-1.1.0.nrjavaserial.jar:/home/travis/build/icyphy/ptII/ptolemy/moml/tes
t:/home/travis/build/icyphy/ptII/ant/lib/ant-launcher.jar:/home/travis/build/ic
yphy/ptII/ant/lib/ant.jar:/home/travis/build/icyphy/ptII/ant/lib/ant-junit.jar:
/home/travis/build/icyphy/ptII/ant/lib/ant-junit4.jar:/home/travis/build/icyphy
/ptII ModularCodeGenPubSub3_A1_profile.java
total 2140
drwxrwxr-x   3 travis travis 12288 Jun  4 04:30 AbsoluteValue
-rw-rw-r--   1 travis travis   233 Jun  4 04:35 Array.class
-rw-rw-r--   1 travis travis   459 Jun  4 04:35 Array.java
drwxrwxr-x   3 travis travis 16384 Jun  4 04:30 Case1
drwxrwxr-x   3 travis travis 32768 Jun  4 04:30 Case2
-rw-rw-r--   1 travis travis  4895 Jun  4 04:34 CompiledCompositeActor_CompiledCompositeActor.class
-rw-rw-r--   1 travis travis  1592 Jun  4 04:34 CompiledCompositeActor_CompiledCompositeActor$_CompiledCompositeActor_CompiledCompositeActor.class
-rw-rw-r--   1 travis travis 13466 Jun  4 04:34 CompiledCompositeActor_CompiledCompositeActor.java
-rw-rw-r--   1 travis travis  1593 Jun  4 04:34 CompiledCompositeActor_CompiledCompositeActor.mk
drwxrwxr-x   3 travis travis 24576 Jun  4 04:32 DeScrambler
drwxrwxr-x   3 travis travis 16384 Jun  4 04:33 DotProduct
drwxrwxr-x   3 travis travis 12288 Jun  4 04:30 FileWriter1
drwxrwxr-x   3 travis travis 20480 Jun  4 04:29 FixToDoubleAndBack
drwxrwxr-x   3 travis travis 16384 Jun  4 04:30 Gaussian1
drwxrwxr-x   3 travis travis 20480 Jun  4 04:30 Gaussian2
-rw-rw-r--   1 travis travis  4457 Jun  4 04:34 JavaCompiledCompositeTest1_CompiledCompositeActor.class
-rw-rw-r--   1 travis travis 11637 Jun  4 04:34 JavaCompiledCompositeTest1_CompiledCompositeActor.java
-rw-rw-r--   1 travis travis  1198 Jun  4 04:34 JavaCompiledCompositeTest1_CompiledCompositeActor$_JavaCompiledCompositeTest1_CompiledCompositeActor.class
-rw-rw-r--   1 travis travis  1625 Jun  4 04:34 JavaCompiledCompositeTest1_CompiledCompositeActor.mk
-rw-rw-r--   1 travis travis  4888 Jun  4 04:34 JavaCompiledCompositeTest2_CompiledCompositeActor.class
-rw-rw-r--   1 travis travis 14919 Jun  4 04:34 JavaCompiledCompositeTest2_CompiledCompositeActor.java
-rw-rw-r--   1 travis travis  1793 Jun  4 04:34 JavaCompiledCompositeTest2_CompiledCompositeActor$_JavaCompiledCompositeTest2_CompiledCompositeActor.class
-rw-rw-r--   1 travis travis  1625 Jun  4 04:34 JavaCompiledCompositeTest2_CompiledCompositeActor.mk
-rw-rw-r--   1 travis travis  4505 Jun  4 04:34 JavaCompiledCompositeTest3_CompiledCompositeActor.class
-rw-rw-r--   1 travis travis 13080 Jun  4 04:34 JavaCompiledCompositeTest3_CompiledCompositeActor.java
-rw-rw-r--   1 travis travis  1378 Jun  4 04:34 JavaCompiledCompositeTest3_CompiledCompositeActor$_JavaCompiledCompositeTest3_CompiledCompositeActor.class
-rw-rw-r--   1 travis travis  1625 Jun  4 04:34 JavaCompiledCompositeTest3_CompiledCompositeActor.mk
-rw-rw-r--   1 travis travis  3953 Jun  4 04:34 JavaCompiledCompositeTest4_CompiledCompositeActor.class
-rw-rw-r--   1 travis travis  9687 Jun  4 04:34 JavaCompiledCompositeTest4_CompiledCompositeActor.java
-rw-rw-r--   1 travis travis   857 Jun  4 04:34 JavaCompiledCompositeTest4_CompiledCompositeActor$_JavaCompiledCompositeTest4_CompiledCompositeActor.class
-rw-rw-r--   1 travis travis  1625 Jun  4 04:34 JavaCompiledCompositeTest4_CompiledCompositeActor.mk
drwxrwxr-x   3 travis travis 12288 Jun  4 04:30 LookupTable
drwxrwxr-x   3 travis travis 20480 Jun  4 04:31 MaxIndex
-rw-rw-r--   1 travis travis  3693 Jun  4 04:34 ModularCG_A1_B1.class
-rw-rw-r--   1 travis travis  9730 Jun  4 04:34 ModularCG_A1_B1.java
-rw-rw-r--   1 travis travis   832 Jun  4 04:34 ModularCG_A1_B1.mk
-rw-rw-r--   1 travis travis  1318 Jun  4 04:34 ModularCG_A1_B1_profile.class
-rw-rw-r--   1 travis travis  1262 Jun  4 04:34 ModularCG_A1_B1_profile.java
-rw-rw-r--   1 travis travis  3693 Jun  4 04:34 ModularCG_A1_B2.class
-rw-rw-r--   1 travis travis  9730 Jun  4 04:34 ModularCG_A1_B2.java
-rw-rw-r--   1 travis travis   832 Jun  4 04:34 ModularCG_A1_B2.mk
-rw-rw-r--   1 travis travis  1318 Jun  4 04:34 ModularCG_A1_B2_profile.class
-rw-rw-r--   1 travis travis  1262 Jun  4 04:34 ModularCG_A1_B2_profile.java
-rw-rw-r--   1 travis travis  4799 Jun  4 04:34 ModularCG_A1.class
-rw-rw-r--   1 travis travis 14742 Jun  4 04:34 ModularCG_A1.java
-rw-rw-r--   1 travis travis   808 Jun  4 04:34 ModularCG_A1.mk
-rw-rw-r--   1 travis travis  1433 Jun  4 04:34 ModularCG_A1_profile.class
-rw-rw-r--   1 travis travis  1704 Jun  4 04:34 ModularCG_A1_profile.java
-rw-rw-r--   1 travis travis  3827 Jun  4 04:34 ModularCG_A2_B1.class
-rw-rw-r--   1 travis travis 10667 Jun  4 04:34 ModularCG_A2_B1.java
-rw-rw-r--   1 travis travis   832 Jun  4 04:34 ModularCG_A2_B1.mk
-rw-rw-r--   1 travis travis  1381 Jun  4 04:34 ModularCG_A2_B1_profile.class
-rw-rw-r--   1 travis travis  1446 Jun  4 04:34 ModularCG_A2_B1_profile.java
-rw-rw-r--   1 travis travis  3693 Jun  4 04:34 ModularCG_A2_B2.class
-rw-rw-r--   1 travis travis  9730 Jun  4 04:34 ModularCG_A2_B2.java
-rw-rw-r--   1 travis travis   832 Jun  4 04:34 ModularCG_A2_B2.mk
-rw-rw-r--   1 travis travis  1318 Jun  4 04:34 ModularCG_A2_B2_profile.class
-rw-rw-r--   1 travis travis  1262 Jun  4 04:34 ModularCG_A2_B2_profile.java
-rw-rw-r--   1 travis travis  4870 Jun  4 04:34 ModularCG_A2.class
-rw-rw-r--   1 travis travis 15129 Jun  4 04:34 ModularCG_A2.java
-rw-rw-r--   1 travis travis   808 Jun  4 04:34 ModularCG_A2.mk
-rw-rw-r--   1 travis travis  1433 Jun  4 04:34 ModularCG_A2_profile.class
-rw-rw-r--   1 travis travis  1704 Jun  4 04:34 ModularCG_A2_profile.java
-rw-rw-r--   1 travis travis  3473 Jun  4 04:34 ModularCGPubSub_A1_A2.class
-rw-rw-r--   1 travis travis  9076 Jun  4 04:34 ModularCGPubSub_A1_A2.java
-rw-rw-r--   1 travis travis   880 Jun  4 04:34 ModularCGPubSub_A1_A2.mk
-rw-rw-r--   1 travis travis  1300 Jun  4 04:34 ModularCGPubSub_A1_A2_profile.class
-rw-rw-r--   1 travis travis  1222 Jun  4 04:34 ModularCGPubSub_A1_A2_profile.java
-rw-rw-r--   1 travis travis  3790 Jun  4 04:34 ModularCGPubSub_A1.class
-rw-rw-r--   1 travis travis  9836 Jun  4 04:34 ModularCGPubSub_A1.java
-rw-rw-r--   1 travis travis   856 Jun  4 04:34 ModularCGPubSub_A1.mk
-rw-rw-r--   1 travis travis  1346 Jun  4 04:34 ModularCGPubSub_A1_profile.class
-rw-rw-r--   1 travis travis  1388 Jun  4 04:34 ModularCGPubSub_A1_profile.java
-rw-rw-r--   1 travis travis  3988 Jun  4 04:34 ModularCodeGen2_ModularCodeGenTypedCompositeActor.class
-rw-rw-r--   1 travis travis 11690 Jun  4 04:34 ModularCodeGen2_ModularCodeGenTypedCompositeActor.java
-rw-rw-r--   1 travis travis  1104 Jun  4 04:34 ModularCodeGen2_ModularCodeGenTypedCompositeActor.mk
-rw-rw-r--   1 travis travis  4272 Jun  4 04:34 ModularCodeGen2_ModularCodeGenTypedCompositeActor_ModularCodeGenTypedCompositeActor.class
-rw-rw-r--   1 travis travis 11790 Jun  4 04:34 ModularCodeGen2_ModularCodeGenTypedCompositeActor_ModularCodeGenTypedCompositeActor.java
-rw-rw-r--   1 travis travis  1376 Jun  4 04:34 ModularCodeGen2_ModularCodeGenTypedCompositeActor_ModularCodeGenTypedCompositeActor.mk
-rw-rw-r--   1 travis travis  1421 Jun  4 04:34 ModularCodeGen2_ModularCodeGenTypedCompositeActor_ModularCodeGenTypedCompositeActor_profile.class
-rw-rw-r--   1 travis travis  1294 Jun  4 04:34 ModularCodeGen2_ModularCodeGenTypedCompositeActor_ModularCodeGenTypedCompositeActor_profile.java
-rw-rw-r--   1 travis travis   820 Jun  4 04:34 ModularCodeGen2_ModularCodeGenTypedCompositeActor_profile.class
-rw-rw-r--   1 travis travis   693 Jun  4 04:34 ModularCodeGen2_ModularCodeGenTypedCompositeActor_profile.java
-rw-rw-r--   1 travis travis  3741 Jun  4 04:34 ModularCodeGen3_A1_B1.class
-rw-rw-r--   1 travis travis  9958 Jun  4 04:34 ModularCodeGen3_A1_B1.java
-rw-rw-r--   1 travis travis   880 Jun  4 04:34 ModularCodeGen3_A1_B1.mk
-rw-rw-r--   1 travis travis  1330 Jun  4 04:34 ModularCodeGen3_A1_B1_profile.class
-rw-rw-r--   1 travis travis  1274 Jun  4 04:34 ModularCodeGen3_A1_B1_profile.java
-rw-rw-r--   1 travis travis  3741 Jun  4 04:35 ModularCodeGen3_A1_B2.class
-rw-rw-r--   1 travis travis  9958 Jun  4 04:35 ModularCodeGen3_A1_B2.java
-rw-rw-r--   1 travis travis   880 Jun  4 04:35 ModularCodeGen3_A1_B2.mk
-rw-rw-r--   1 travis travis  1330 Jun  4 04:35 ModularCodeGen3_A1_B2_profile.class
-rw-rw-r--   1 travis travis  1274 Jun  4 04:34 ModularCodeGen3_A1_B2_profile.java
-rw-rw-r--   1 travis travis  4961 Jun  4 04:35 ModularCodeGen3_A1.class
-rw-rw-r--   1 travis travis 15564 Jun  4 04:35 ModularCodeGen3_A1.java
-rw-rw-r--   1 travis travis   856 Jun  4 04:35 ModularCodeGen3_A1.mk
-rw-rw-r--   1 travis travis  1445 Jun  4 04:35 ModularCodeGen3_A1_profile.class
-rw-rw-r--   1 travis travis  1716 Jun  4 04:35 ModularCodeGen3_A1_profile.java
-rw-rw-r--   1 travis travis  3887 Jun  4 04:35 ModularCodeGen3_A2_B1.class
-rw-rw-r--   1 travis travis 10955 Jun  4 04:35 ModularCodeGen3_A2_B1.java
-rw-rw-r--   1 travis travis   880 Jun  4 04:35 ModularCodeGen3_A2_B1.mk
-rw-rw-r--   1 travis travis  1393 Jun  4 04:35 ModularCodeGen3_A2_B1_profile.class
-rw-rw-r--   1 travis travis  1458 Jun  4 04:35 ModularCodeGen3_A2_B1_profile.java
-rw-rw-r--   1 travis travis  3741 Jun  4 04:35 ModularCodeGen3_A2_B2.class
-rw-rw-r--   1 travis travis  9958 Jun  4 04:35 ModularCodeGen3_A2_B2.java
-rw-rw-r--   1 travis travis   880 Jun  4 04:35 ModularCodeGen3_A2_B2.mk
-rw-rw-r--   1 travis travis  1330 Jun  4 04:35 ModularCodeGen3_A2_B2_profile.class
-rw-rw-r--   1 travis travis  1274 Jun  4 04:35 ModularCodeGen3_A2_B2_profile.java
-rw-rw-r--   1 travis travis  5038 Jun  4 04:35 ModularCodeGen3_A2.class
-rw-rw-r--   1 travis travis 15957 Jun  4 04:35 ModularCodeGen3_A2.java
-rw-rw-r--   1 travis travis   856 Jun  4 04:35 ModularCodeGen3_A2.mk
-rw-rw-r--   1 travis travis  1445 Jun  4 04:35 ModularCodeGen3_A2_profile.class
-rw-rw-r--   1 travis travis  1716 Jun  4 04:35 ModularCodeGen3_A2_profile.java
-rw-rw-r--   1 travis travis  3794 Jun  4 04:35 ModularCodeGen4_A1_B1.class
-rw-rw-r--   1 travis travis 10312 Jun  4 04:35 ModularCodeGen4_A1_B1.java
-rw-rw-r--   1 travis travis   880 Jun  4 04:35 ModularCodeGen4_A1_B1.mk
-rw-rw-r--   1 travis travis  1330 Jun  4 04:35 ModularCodeGen4_A1_B1_profile.class
-rw-rw-r--   1 travis travis  1273 Jun  4 04:35 ModularCodeGen4_A1_B1_profile.java
-rw-rw-r--   1 travis travis  3794 Jun  4 04:35 ModularCodeGen4_A1_B2.class
-rw-rw-r--   1 travis travis 10312 Jun  4 04:35 ModularCodeGen4_A1_B2.java
-rw-rw-r--   1 travis travis   880 Jun  4 04:35 ModularCodeGen4_A1_B2.mk
-rw-rw-r--   1 travis travis  1330 Jun  4 04:35 ModularCodeGen4_A1_B2_profile.class
-rw-rw-r--   1 travis travis  1273 Jun  4 04:35 ModularCodeGen4_A1_B2_profile.java
-rw-rw-r--   1 travis travis  5101 Jun  4 04:35 ModularCodeGen4_A1.class
-rw-rw-r--   1 travis travis 16245 Jun  4 04:35 ModularCodeGen4_A1.java
-rw-rw-r--   1 travis travis   856 Jun  4 04:35 ModularCodeGen4_A1.mk
-rw-rw-r--   1 travis travis  1445 Jun  4 04:35 ModularCodeGen4_A1_profile.class
-rw-rw-r--   1 travis travis  1712 Jun  4 04:35 ModularCodeGen4_A1_profile.java
-rw-rw-r--   1 travis travis  3988 Jun  4 04:35 ModularCodeGen4_A2_B1.class
-rw-rw-r--   1 travis travis 11375 Jun  4 04:35 ModularCodeGen4_A2_B1.java
-rw-rw-r--   1 travis travis   880 Jun  4 04:35 ModularCodeGen4_A2_B1.mk
-rw-rw-r--   1 travis travis  1393 Jun  4 04:35 ModularCodeGen4_A2_B1_profile.class
-rw-rw-r--   1 travis travis  1454 Jun  4 04:35 ModularCodeGen4_A2_B1_profile.java
-rw-rw-r--   1 travis travis  3842 Jun  4 04:35 ModularCodeGen4_A2_B2.class
-rw-rw-r--   1 travis travis 10378 Jun  4 04:35 ModularCodeGen4_A2_B2.java
-rw-rw-r--   1 travis travis   880 Jun  4 04:35 ModularCodeGen4_A2_B2.mk
-rw-rw-r--   1 travis travis  1330 Jun  4 04:35 ModularCodeGen4_A2_B2_profile.class
-rw-rw-r--   1 travis travis  1270 Jun  4 04:35 ModularCodeGen4_A2_B2_profile.java
-rw-rw-r--   1 travis travis  5274 Jun  4 04:35 ModularCodeGen4_A2.class
-rw-rw-r--   1 travis travis 16770 Jun  4 04:35 ModularCodeGen4_A2.java
-rw-rw-r--   1 travis travis   856 Jun  4 04:35 ModularCodeGen4_A2.mk
-rw-rw-r--   1 travis travis  1445 Jun  4 04:35 ModularCodeGen4_A2_profile.class
-rw-rw-r--   1 travis travis  1712 Jun  4 04:35 ModularCodeGen4_A2_profile.java
-rw-rw-r--   1 travis travis  6838 Jun  4 04:35 ModularCodeGen5_A_A.class
-rw-rw-r--   1 travis travis 28721 Jun  4 04:35 ModularCodeGen5_A_A.java
-rw-rw-r--   1 travis travis   864 Jun  4 04:35 ModularCodeGen5_A_A.mk
-rw-rw-r--   1 travis travis  1520 Jun  4 04:35 ModularCodeGen5_A_A_profile.class
-rw-rw-r--   1 travis travis  1815 Jun  4 04:35 ModularCodeGen5_A_A_profile.java
-rw-rw-r--   1 travis travis  5115 Jun  4 04:35 ModularCodeGen5_A.class
-rw-rw-r--   1 travis travis 13769 Jun  4 04:35 ModularCodeGen5_A.java
-rw-rw-r--   1 travis travis   848 Jun  4 04:35 ModularCodeGen5_A.mk
-rw-rw-r--   1 travis travis  1422 Jun  4 04:35 ModularCodeGen5_A_profile.class
-rw-rw-r--   1 travis travis  1605 Jun  4 04:35 ModularCodeGen5_A_profile.java
-rw-rw-r--   1 travis travis  4125 Jun  4 04:35 ModularCodeGen6_A_A2.class
-rw-rw-r--   1 travis travis 11329 Jun  4 04:35 ModularCodeGen6_A_A2.java
-rw-rw-r--   1 travis travis   872 Jun  4 04:35 ModularCodeGen6_A_A2.mk
-rw-rw-r--   1 travis travis  1351 Jun  4 04:35 ModularCodeGen6_A_A2_profile.class
-rw-rw-r--   1 travis travis  1364 Jun  4 04:35 ModularCodeGen6_A_A2_profile.java
-rw-rw-r--   1 travis travis  4108 Jun  4 04:35 ModularCodeGen6_A_A.class
-rw-rw-r--   1 travis travis 11221 Jun  4 04:35 ModularCodeGen6_A_A.java
-rw-rw-r--   1 travis travis   864 Jun  4 04:35 ModularCodeGen6_A_A.mk
-rw-rw-r--   1 travis travis  1348 Jun  4 04:35 ModularCodeGen6_A_A_profile.class
-rw-rw-r--   1 travis travis  1361 Jun  4 04:35 ModularCodeGen6_A_A_profile.java
-rw-rw-r--   1 travis travis  7237 Jun  4 04:35 ModularCodeGen6_A.class
-rw-rw-r--   1 travis travis 26535 Jun  4 04:35 ModularCodeGen6_A.java
-rw-rw-r--   1 travis travis   848 Jun  4 04:35 ModularCodeGen6_A.mk
-rw-rw-r--   1 travis travis  1483 Jun  4 04:35 ModularCodeGen6_A_profile.class
-rw-rw-r--   1 travis travis  1810 Jun  4 04:35 ModularCodeGen6_A_profile.java
-rw-rw-r--   1 travis travis  9439 Jun  4 04:35 ModularCodeGenLazyPubSubGlobal_CompositeActor_ModularCodeGenTypedComposite.class
-rw-rw-r--   1 travis travis 30161 Jun  4 04:35 ModularCodeGenLazyPubSubGlobal_CompositeActor_ModularCodeGenTypedComposite.java
-rw-rw-r--   1 travis travis  1304 Jun  4 04:35 ModularCodeGenLazyPubSubGlobal_CompositeActor_ModularCodeGenTypedComposite.mk
-rw-rw-r--   1 travis travis  1438 Jun  4 04:35 ModularCodeGenLazyPubSubGlobal_CompositeActor_ModularCodeGenTypedComposite_profile.class
-rw-rw-r--   1 travis travis  1384 Jun  4 04:35 ModularCodeGenLazyPubSubGlobal_CompositeActor_ModularCodeGenTypedComposite_profile.java
-rw-rw-r--   1 travis travis  3952 Jun  4 04:35 ModularCodeGenLazyPubSub_LazyCompositeActor.class
-rw-rw-r--   1 travis travis 11122 Jun  4 04:35 ModularCodeGenLazyPubSub_LazyCompositeActor.java
-rw-rw-r--   1 travis travis  1056 Jun  4 04:35 ModularCodeGenLazyPubSub_LazyCompositeActor.mk
-rw-rw-r--   1 travis travis  1286 Jun  4 04:35 ModularCodeGenLazyPubSub_LazyCompositeActor_profile.class
-rw-rw-r--   1 travis travis  1091 Jun  4 04:35 ModularCodeGenLazyPubSub_LazyCompositeActor_profile.java
-rw-rw-r--   1 travis travis  3954 Jun  4 04:34 ModularCodeGen_ModularCodeGenTypedCompositeActor.class
-rw-rw-r--   1 travis travis 10970 Jun  4 04:34 ModularCodeGen_ModularCodeGenTypedCompositeActor.java
-rw-rw-r--   1 travis travis  1096 Jun  4 04:34 ModularCodeGen_ModularCodeGenTypedCompositeActor.mk
-rw-rw-r--   1 travis travis  1384 Jun  4 04:34 ModularCodeGen_ModularCodeGenTypedCompositeActor_profile.class
-rw-rw-r--   1 travis travis  1328 Jun  4 04:34 ModularCodeGen_ModularCodeGenTypedCompositeActor_profile.java
-rw-rw-r--   1 travis travis  3441 Jun  4 04:35 ModularCodeGenPubSub2_A1_A.class
-rw-rw-r--   1 travis travis  8578 Jun  4 04:35 ModularCodeGenPubSub2_A1_A.java
-rw-rw-r--   1 travis travis   920 Jun  4 04:35 ModularCodeGenPubSub2_A1_A.mk
-rw-rw-r--   1 travis travis  1274 Jun  4 04:35 ModularCodeGenPubSub2_A1_A_profile.class
-rw-rw-r--   1 travis travis  1128 Jun  4 04:35 ModularCodeGenPubSub2_A1_A_profile.java
-rw-rw-r--   1 travis travis  3733 Jun  4 04:35 ModularCodeGenPubSub2_A1.class
-rw-rw-r--   1 travis travis  9781 Jun  4 04:35 ModularCodeGenPubSub2_A1.java
-rw-rw-r--   1 travis travis   904 Jun  4 04:35 ModularCodeGenPubSub2_A1.mk
-rw-rw-r--   1 travis travis  1268 Jun  4 04:35 ModularCodeGenPubSub2_A1_profile.class
-rw-rw-r--   1 travis travis  1196 Jun  4 04:35 ModularCodeGenPubSub2_A1_profile.java
-rw-rw-r--   1 travis travis  3437 Jun  4 04:35 ModularCodeGenPubSub3_A1_A2.class
-rw-rw-r--   1 travis travis  8599 Jun  4 04:35 ModularCodeGenPubSub3_A1_A2.java
-rw-rw-r--   1 travis travis   928 Jun  4 04:35 ModularCodeGenPubSub3_A1_A2.mk
-rw-rw-r--   1 travis travis  1287 Jun  4 04:35 ModularCodeGenPubSub3_A1_A2_profile.class
-rw-rw-r--   1 travis travis  1132 Jun  4 04:35 ModularCodeGenPubSub3_A1_A2_profile.java
-rw-rw-r--   1 travis travis  1400 Jun  4 04:35 ModularCodeGenPubSub3_A1_profile.java
-rw-rw-r--   1 travis travis  3475 Jun  4 04:35 ModularCodeGenPubSub_A1.class
-rw-rw-r--   1 travis travis  9060 Jun  4 04:35 ModularCodeGenPubSub_A1.java
-rw-rw-r--   1 travis travis   896 Jun  4 04:35 ModularCodeGenPubSub_A1.mk
-rw-rw-r--   1 travis travis  1278 Jun  4 04:35 ModularCodeGenPubSub_A1_profile.class
-rw-rw-r--   1 travis travis  1195 Jun  4 04:35 ModularCodeGenPubSub_A1_profile.java
-rw-rw-r--   1 travis travis  3492 Jun  4 04:34 ModularCodeGenTest_A1_A2.class
-rw-rw-r--   1 travis travis   904 Jun  4 04:34 ModularCodeGenTest_A1_A2.mk
-rw-rw-r--   1 travis travis  1306 Jun  4 04:34 ModularCodeGenTest_A1_A2_profile.class
-rw-rw-r--   1 travis travis  3823 Jun  4 04:34 ModularCodeGenTest_A1.class
-rw-rw-r--   1 travis travis  9968 Jun  4 04:34 ModularCodeGenTest_A1.java
-rw-rw-r--   1 travis travis   880 Jun  4 04:34 ModularCodeGenTest_A1.mk
-rw-rw-r--   1 travis travis  1352 Jun  4 04:34 ModularCodeGenTest_A1_profile.class
-rw-rw-r--   1 travis travis  1394 Jun  4 04:34 ModularCodeGenTest_A1_profile.java
drwxrwxr-x   3 travis travis 36864 Jun  4 04:34 modulation2
drwxrwxr-x   3 travis travis 20480 Jun  4 04:31 Multiplexor
drwxrwxr-x 242 travis travis 12288 Jun  4 04:34 node_modules
drwxrwxr-x   3 travis travis 20480 Jun  4 04:31 PhaseUnwrap
-rw-rw-r--   1 travis travis   520 Jun  4 04:34 Repeat$_fireFunction_Repeat_Repeat$__f_sL_0.class
-rw-rw-r--   1 travis travis   522 Jun  4 04:34 Repeat$_fireFunction_Repeat_Repeat$__f_sL_10.class
-rw-rw-r--   1 travis travis   666 Jun  4 04:34 Repeat$_fireFunction_Repeat_Repeat$__f_sL_11.class
-rw-rw-r--   1 travis travis   522 Jun  4 04:34 Repeat$_fireFunction_Repeat_Repeat$__f_sL_13.class
-rw-rw-r--   1 travis travis   665 Jun  4 04:34 Repeat$_fireFunction_Repeat_Repeat$__f_sL_1.class
-rw-rw-r--   1 travis travis   520 Jun  4 04:34 Repeat$_fireFunction_Repeat_Repeat$__f_sL_2.class
-rw-rw-r--   1 travis travis   520 Jun  4 04:34 Repeat$_fireFunction_Repeat_Repeat$__f_sL_3.class
-rw-rw-r--   1 travis travis   520 Jun  4 04:34 Repeat$_fireFunction_Repeat_Repeat$__f_sL_5.class
-rw-rw-r--   1 travis travis   671 Jun  4 04:34 Repeat$_fireFunction_Repeat_Repeat$__f_sL_7.class
-rw-rw-r--   1 travis travis   520 Jun  4 04:34 Repeat$_fireFunction_Repeat_Repeat$__f_sL_9.class
-rw-rw-r--   1 travis travis   813 Jun  4 04:34 Repeat$_initialize_Repeat.class
-rw-rw-r--   1 travis travis   475 Jun  4 04:34 Repeat$_initialize_Repeat$__i_sL_0.class
-rw-rw-r--   1 travis travis   519 Jun  4 04:34 Repeat$_initialize_Repeat$__i_sL_3.class
-rw-rw-r--   1 travis travis 39778 Jun  4 04:34 Repeat.java
-rw-rw-r--   1 travis travis  1281 Jun  4 04:34 Repeat.mk
-rw-rw-r--   1 travis travis   520 Jun  4 04:34 Repeat$_preinitializeMethod_Repeat$__p_sL_0.class
-rw-rw-r--   1 travis travis   520 Jun  4 04:34 Repeat$_preinitializeMethod_Repeat$__p_sL_1.class
-rw-rw-r--   1 travis travis  1083 Jun  4 04:34 Repeat$_Repeat$_fireFunction_Repeat_AddSubtract_Repeat.class
-rw-rw-r--   1 travis travis   791 Jun  4 04:34 Repeat$_Repeat$_fireFunction_Repeat_AddSubtract_Repeat$__f_sL_0.class
-rw-rw-r--   1 travis travis   909 Jun  4 04:34 Repeat$_Repeat$_fireFunction_Repeat_AddSubtract_Repeat$__f_sL_1.class
-rw-rw-r--   1 travis travis   915 Jun  4 04:34 Repeat$_Repeat$_fireFunction_Repeat_AddSubtract_Repeat$__f_sL_2.class
-rw-rw-r--   1 travis travis   838 Jun  4 04:34 Repeat$_Repeat$_fireFunction_Repeat_Ramp2_Repeat$__f_sL_1.class
-rw-rw-r--   1 travis travis  1785 Jun  4 04:34 Repeat$_Repeat$_fireFunction_Repeat_Test_Repeat$__f_sL_2.class
-rw-rw-r--   1 travis travis   685 Jun  4 04:34 Repeat$_Repeat_SDF_Director_run_Repeat$__R_sL_0.class
-rw-rw-r--   1 travis travis   540 Jun  4 04:34 Repeat$_Repeat_SDF_Director_run_Repeat$__R_sL_1.class
-rw-rw-r--   1 travis travis   540 Jun  4 04:34 Repeat$_Repeat_SDF_Director_run_Repeat$__R_sL_2.class
-rw-rw-r--   1 travis travis   540 Jun  4 04:34 Repeat$_Repeat_SDF_Director_run_Repeat$__R_sL_4.class
-rw-rw-r--   1 travis travis   540 Jun  4 04:34 Repeat$_Repeat_SDF_Director_run_Repeat$__R_sL_5.class
-rw-rw-r--   1 travis travis   691 Jun  4 04:34 Repeat$_Repeat_SDF_Director_run_Repeat$__R_sL_6.class
-rw-rw-r--   1 travis travis   540 Jun  4 04:34 Repeat$_Repeat_SDF_Director_run_Repeat$__R_sL_7.class
-rw-rw-r--   1 travis travis   863 Jun  4 04:34 Repeat$_varinit_Repeat.class
-rw-rw-r--   1 travis travis   530 Jun  4 04:34 Repeat$_varinit_Repeat$__v_sL_1.class
-rw-rw-r--   1 travis travis   531 Jun  4 04:34 Repeat$_varinit_Repeat$__v_sL_2.class
-rw-rw-r--   1 travis travis   905 Jun  4 04:34 Repeat$_varinit_Repeat$__v_sL_4.class
-rw-rw-r--   1 travis travis   635 Jun  4 04:34 Repeat$_wrapup_Repeat.class
-rw-rw-r--   1 travis travis   965 Jun  4 04:34 Repeat$_wrapup_Repeat$__w_sL_1.class
-rw-rw-r--   1 travis travis   289 Jun  4 04:29 result.csv
drwxrwxr-x   3 travis travis 12288 Jun  4 04:32 Scrambler1
drwxrwxr-x   3 travis travis 20480 Jun  4 04:31 Sinewave2
drwxrwxr-x   3 travis travis 69632 Jun  4 04:32 StringCompare
drwxrwxr-x   3 travis travis 32768 Jun  4 04:32 StringFunction
drwxrwxr-x   3 travis travis 12288 Jun  4 04:32 StringLength
drwxrwxr-x   3 travis travis 57344 Jun  4 04:33 StringSimpleReplace
drwxrwxr-x   3 travis travis 12288 Jun  4 04:33 time2
drwxrwxr-x   3 travis travis 12288 Jun  4 04:34 time5
-rw-rw-r--   1 travis travis   432 Jun  4 04:35 Token.class
-rw-rw-r--   1 travis travis   251 Jun  4 04:35 Token.java
-rw-rw-r--   1 travis travis     0 Jun  4 04:34 top.
-rw-rw-r--   1 travis travis 20502 Jun  4 04:29 top.c
-rw-rw-r--   1 travis travis  3567 Jun  4 04:34 top.class
-rw-rw-r--   1 travis travis   169 Jun  4 04:29 top.html
-rw-rw-r--   1 travis travis  7552 Jun  4 04:34 top.java
-rw-rw-r--   1 travis travis 38888 Jun  4 04:29 top.o
drwxrwxr-x   3 travis travis 57344 Jun  4 04:31 UnaryMathFunction
All Done
Writing ModularCodeGenPubSub3_A1.java in file:/home/travis/cg/ (10100 characters)
Reading "ptolemy/cg/kernel/generic/program/procedural/java/modular/makefile.in",
    writing "/home/travis/cg/ModularCodeGenPubSub3_A1.mk"
Using ptolemy/cg/kernel/generic/program/procedural/java/modular/makefile.in
In "/home/travis/cg", about to execute:
    make -f ModularCodeGenPubSub3_A1.mk
javac -classpath ".:.."    ModularCodeGenPubSub3_A1.java
All Done
3932 ms. Memory: 204800K Free: 98242K (48%)
----------------- Invoking toplevel() on ptolemy.moml.MoMLSimpleApplication@35afcd9e
----------------- Done invoking toplevel() on ptolemy.moml.MoMLSimpleApplication@35afcd9e
reloadAllAccessors: .ModularCodeGenPubSub3

===========================================================================================
----------------- testing Tue Jun 04 04:35:47 UTC 2019 /home/travis/build/icyphy/ptII/ptolemy/cg/lib/test/auto/ModularCodeGenPubSub4.xml
----------------- Instantiating /home/travis/build/icyphy/ptII/ptolemy/cg/lib/test/auto/ModularCodeGenPubSub4.xml
In "/home/travis/cg", about to execute:
    pwd
In "/home/travis/cg", about to execute:
    ls -l
/home/travis/cg
In "/home/travis/cg", about to execute:
    javac -classpath
.:/home/travis/build/icyphy/ptII:/home/travis/build/icyphy/ptII/lib/bsh-2.0b4.j
ar:/home/travis/build/icyphy/ptII/lib/ptCal.jar:/home/travis/build/icyphy/ptII/
lib/java_cup.jar:/home/travis/build/icyphy/ptII/lib/saxon8.jar:/home/travis/bui
ld/icyphy/ptII/lib/saxon8-dom.jar:/home/travis/build/icyphy/ptII/lib/chic.jar:/
home/travis/build/icyphy/ptII/lib/ptcolt.jar:/usr/lib/jvm/java-8-oracle/lib/too
ls.jar:/home/travis/build/icyphy/ptII/vendors/misc/itext/iText.jar:/home/travis
/build/icyphy/ptII/lib/g4ltl.jar:/home/travis/build/icyphy/ptII/lib/StructuralC
oder.jar:/home/travis/build/icyphy/ptII/vendors/jai-1_1_2_01/lib/jai_core.jar:/
home/travis/build/icyphy/ptII/vendors/jai-1_1_2_01/lib/jai_codec.jar:/home/trav
is/build/icyphy/ptII/lib/jcerti.jar:/home/travis/build/icyphy/ptII/lib/javax.ma
il.jar:/home/travis/build/icyphy/ptII/vendors/JMF-2.1.1e/lib/jmf.jar:/home/trav
is/build/icyphy/ptII/lib/jna-4.0.0-variadic.jar:/home/travis/build/icyphy/ptII/
vendors/misc/joystick/Joystick.jar:/home/travis/build/icyphy/ptII/lib/ptjacl.ja
r:/home/travis/build/icyphy/ptII/lib/jsoup-1.8.2.jar:/home/travis/build/icyphy/
ptII/lib/junit-4.8.2.jar:/home/travis/build/icyphy/ptII/lib/JUnitParams-0.4.0.j
ar:/home/travis/build/icyphy/ptII/ptolemy/actor/lib/excel/jxl.jar:/home/travis/
build/icyphy/ptII/lib/jython.jar:/home/travis/build/icyphy/ptII/lib/kieler.jar:
/home/travis/build/icyphy/ptII/vendors/opencv/share/OpenCV/java/opencv-341.jar:
/home/travis/build/icyphy/ptII/lib/oscP5.jar:/home/travis/build/icyphy/ptII/lib
/nrjavaserial-3.11.0.devel.jar:/home/travis/build/icyphy/ptII/vendors/j3d/lib/j
3dcore.jar:/home/travis/build/icyphy/ptII/vendors/j3d/lib/j3dutils.jar:/home/tr
avis/build/icyphy/ptII/vendors/j3d/lib/vecmath.jar:/home/travis/build/icyphy/pt
II/ptolemy/distributed/jini/jar/jini-core.jar:/home/travis/build/icyphy/ptII/pt
olemy/distributed/jini/jar/jini-ext.jar:/home/travis/build/icyphy/ptII/ptolemy/
distributed/jini/jar/sun-util.jar:/home/travis/build/icyphy/ptII/lib/protobuf-j
ava-2.4.1.jar:/home/travis/build/icyphy/ptII/lib/org.eclipse.paho.client.mqttv3
.jar:/home/travis/build/icyphy/ptII/lib/mapss.jar:/home/travis/build/icyphy/ptI
I/ptolemy/actor/ptalon/antlr/antlr.jar:/home/travis/build/icyphy/ptII/lib/JRI.j
ar:/home/travis/build/icyphy/ptII/lib/commons-lang-2.6.jar:/home/travis/build/i
cyphy/ptII/lib/commons-logging-1.1.1.jar:/home/travis/build/icyphy/ptII/lib/soo
tclasses.jar:/home/travis/build/icyphy/ptII/ptolemy/actor/lib/database/mysql-co
nnector-java-5.1.6-bin.jar:/home/travis/build/icyphy/ptII/vendors/misc/sphinx4/
sphinx4-data-5prealpha.jar:/home/travis/build/icyphy/ptII/vendors/misc/sphinx4/
sphinx4-core-5prealpha.jar:/home/travis/build/icyphy/ptII/lib/PDFRenderer.jar:/
home/travis/build/icyphy/ptII/lib/svgSalamander.jar:/home/travis/build/icyphy/p
tII/lib/rsyntaxtextarea-2.6.0-SNAPSHOT.jar:/home/travis/build/icyphy/ptII/lib/h
azelcast-3.8.2.jar:/home/travis/build/icyphy/ptII/lib/jackson-annotations-2.9.0
.jar:/home/travis/build/icyphy/ptII/lib/jackson-core-2.9.3.jar:/home/travis/bui
ld/icyphy/ptII/lib/jackson-databind-2.9.3.jar:/home/travis/build/icyphy/ptII/li
b/netty-buffer-4.1.19.Final.jar:/home/travis/build/icyphy/ptII/lib/netty-codec-
4.1.19.Final.jar:/home/travis/build/icyphy/ptII/lib/netty-codec-dns-4.1.19.Fina
l.jar:/home/travis/build/icyphy/ptII/lib/netty-codec-http-4.1.19.Final.jar:/hom
e/travis/build/icyphy/ptII/lib/netty-codec-http2-4.1.19.Final.jar:/home/travis/
build/icyphy/ptII/lib/netty-common-4.1.19.Final.jar:/home/travis/build/icyphy/p
tII/lib/netty-handler-4.1.19.Final.jar:/home/travis/build/icyphy/ptII/lib/netty
-resolver-4.1.19.Final.jar:/home/travis/build/icyphy/ptII/lib/netty-resolver-dn
s-4.1.19.Final.jar:/home/travis/build/icyphy/ptII/lib/netty-transport-4.1.19.Fi
nal.jar:/home/travis/build/icyphy/ptII/lib/vertx-codegen-3.5.1.jar:/home/travis
/build/icyphy/ptII/lib/vertx-core-3.5.2-SNAPSHOT.jar:/home/travis/build/icyphy/
ptII/lib/vertx-hazelcast-3.5.1.jar:/home/travis/build/icyphy/ptII/lib/vertx-lan
g-js-3.5.1.jar:/home/travis/build/icyphy/ptII/lib/vertx-service-proxy-3.5.1.jar
:/home/travis/build/icyphy/ptII/lib/vertx-web-3.5.1.jar:/home/travis/build/icyp
hy/ptII/lib/slf4j-api-1.7.13.jar:/home/travis/build/icyphy/ptII/lib/slf4j-simpl
e-1.7.13.jar:/home/travis/build/icyphy/ptII/lib/webcam-capture-0.3.12.jar:/home
/travis/build/icyphy/ptII/lib/bridj-0.7.0.jar:/home/travis/build/icyphy/ptII/li
b/xbjlib-1.1.0.nrjavaserial.jar:/home/travis/build/icyphy/ptII/ptolemy/moml/tes
t:/home/travis/build/icyphy/ptII/ant/lib/ant-launcher.jar:/home/travis/build/ic
yphy/ptII/ant/lib/ant.jar:/home/travis/build/icyphy/ptII/ant/lib/ant-junit.jar:
/home/travis/build/icyphy/ptII/ant/lib/ant-junit4.jar:/home/travis/build/icyphy
/ptII ModularCodeGenPubSub4_A1_A_profile.java
total 2168
drwxrwxr-x   3 travis travis 12288 Jun  4 04:30 AbsoluteValue
-rw-rw-r--   1 travis travis   233 Jun  4 04:35 Array.class
-rw-rw-r--   1 travis travis   459 Jun  4 04:35 Array.java
drwxrwxr-x   3 travis travis 16384 Jun  4 04:30 Case1
drwxrwxr-x   3 travis travis 32768 Jun  4 04:30 Case2
-rw-rw-r--   1 travis travis  4895 Jun  4 04:34 CompiledCompositeActor_CompiledCompositeActor.class
-rw-rw-r--   1 travis travis  1592 Jun  4 04:34 CompiledCompositeActor_CompiledCompositeActor$_CompiledCompositeActor_CompiledCompositeActor.class
-rw-rw-r--   1 travis travis 13466 Jun  4 04:34 CompiledCompositeActor_CompiledCompositeActor.java
-rw-rw-r--   1 travis travis  1593 Jun  4 04:34 CompiledCompositeActor_CompiledCompositeActor.mk
drwxrwxr-x   3 travis travis 24576 Jun  4 04:32 DeScrambler
drwxrwxr-x   3 travis travis 16384 Jun  4 04:33 DotProduct
drwxrwxr-x   3 travis travis 12288 Jun  4 04:30 FileWriter1
drwxrwxr-x   3 travis travis 20480 Jun  4 04:29 FixToDoubleAndBack
drwxrwxr-x   3 travis travis 16384 Jun  4 04:30 Gaussian1
drwxrwxr-x   3 travis travis 20480 Jun  4 04:30 Gaussian2
-rw-rw-r--   1 travis travis  4457 Jun  4 04:34 JavaCompiledCompositeTest1_CompiledCompositeActor.class
-rw-rw-r--   1 travis travis 11637 Jun  4 04:34 JavaCompiledCompositeTest1_CompiledCompositeActor.java
-rw-rw-r--   1 travis travis  1198 Jun  4 04:34 JavaCompiledCompositeTest1_CompiledCompositeActor$_JavaCompiledCompositeTest1_CompiledCompositeActor.class
-rw-rw-r--   1 travis travis  1625 Jun  4 04:34 JavaCompiledCompositeTest1_CompiledCompositeActor.mk
-rw-rw-r--   1 travis travis  4888 Jun  4 04:34 JavaCompiledCompositeTest2_CompiledCompositeActor.class
-rw-rw-r--   1 travis travis 14919 Jun  4 04:34 JavaCompiledCompositeTest2_CompiledCompositeActor.java
-rw-rw-r--   1 travis travis  1793 Jun  4 04:34 JavaCompiledCompositeTest2_CompiledCompositeActor$_JavaCompiledCompositeTest2_CompiledCompositeActor.class
-rw-rw-r--   1 travis travis  1625 Jun  4 04:34 JavaCompiledCompositeTest2_CompiledCompositeActor.mk
-rw-rw-r--   1 travis travis  4505 Jun  4 04:34 JavaCompiledCompositeTest3_CompiledCompositeActor.class
-rw-rw-r--   1 travis travis 13080 Jun  4 04:34 JavaCompiledCompositeTest3_CompiledCompositeActor.java
-rw-rw-r--   1 travis travis  1378 Jun  4 04:34 JavaCompiledCompositeTest3_CompiledCompositeActor$_JavaCompiledCompositeTest3_CompiledCompositeActor.class
-rw-rw-r--   1 travis travis  1625 Jun  4 04:34 JavaCompiledCompositeTest3_CompiledCompositeActor.mk
-rw-rw-r--   1 travis travis  3953 Jun  4 04:34 JavaCompiledCompositeTest4_CompiledCompositeActor.class
-rw-rw-r--   1 travis travis  9687 Jun  4 04:34 JavaCompiledCompositeTest4_CompiledCompositeActor.java
-rw-rw-r--   1 travis travis   857 Jun  4 04:34 JavaCompiledCompositeTest4_CompiledCompositeActor$_JavaCompiledCompositeTest4_CompiledCompositeActor.class
-rw-rw-r--   1 travis travis  1625 Jun  4 04:34 JavaCompiledCompositeTest4_CompiledCompositeActor.mk
drwxrwxr-x   3 travis travis 12288 Jun  4 04:30 LookupTable
drwxrwxr-x   3 travis travis 20480 Jun  4 04:31 MaxIndex
-rw-rw-r--   1 travis travis  3693 Jun  4 04:34 ModularCG_A1_B1.class
-rw-rw-r--   1 travis travis  9730 Jun  4 04:34 ModularCG_A1_B1.java
-rw-rw-r--   1 travis travis   832 Jun  4 04:34 ModularCG_A1_B1.mk
-rw-rw-r--   1 travis travis  1318 Jun  4 04:34 ModularCG_A1_B1_profile.class
-rw-rw-r--   1 travis travis  1262 Jun  4 04:34 ModularCG_A1_B1_profile.java
-rw-rw-r--   1 travis travis  3693 Jun  4 04:34 ModularCG_A1_B2.class
-rw-rw-r--   1 travis travis  9730 Jun  4 04:34 ModularCG_A1_B2.java
-rw-rw-r--   1 travis travis   832 Jun  4 04:34 ModularCG_A1_B2.mk
-rw-rw-r--   1 travis travis  1318 Jun  4 04:34 ModularCG_A1_B2_profile.class
-rw-rw-r--   1 travis travis  1262 Jun  4 04:34 ModularCG_A1_B2_profile.java
-rw-rw-r--   1 travis travis  4799 Jun  4 04:34 ModularCG_A1.class
-rw-rw-r--   1 travis travis 14742 Jun  4 04:34 ModularCG_A1.java
-rw-rw-r--   1 travis travis   808 Jun  4 04:34 ModularCG_A1.mk
-rw-rw-r--   1 travis travis  1433 Jun  4 04:34 ModularCG_A1_profile.class
-rw-rw-r--   1 travis travis  1704 Jun  4 04:34 ModularCG_A1_profile.java
-rw-rw-r--   1 travis travis  3827 Jun  4 04:34 ModularCG_A2_B1.class
-rw-rw-r--   1 travis travis 10667 Jun  4 04:34 ModularCG_A2_B1.java
-rw-rw-r--   1 travis travis   832 Jun  4 04:34 ModularCG_A2_B1.mk
-rw-rw-r--   1 travis travis  1381 Jun  4 04:34 ModularCG_A2_B1_profile.class
-rw-rw-r--   1 travis travis  1446 Jun  4 04:34 ModularCG_A2_B1_profile.java
-rw-rw-r--   1 travis travis  3693 Jun  4 04:34 ModularCG_A2_B2.class
-rw-rw-r--   1 travis travis  9730 Jun  4 04:34 ModularCG_A2_B2.java
-rw-rw-r--   1 travis travis   832 Jun  4 04:34 ModularCG_A2_B2.mk
-rw-rw-r--   1 travis travis  1318 Jun  4 04:34 ModularCG_A2_B2_profile.class
-rw-rw-r--   1 travis travis  1262 Jun  4 04:34 ModularCG_A2_B2_profile.java
-rw-rw-r--   1 travis travis  4870 Jun  4 04:34 ModularCG_A2.class
-rw-rw-r--   1 travis travis 15129 Jun  4 04:34 ModularCG_A2.java
-rw-rw-r--   1 travis travis   808 Jun  4 04:34 ModularCG_A2.mk
-rw-rw-r--   1 travis travis  1433 Jun  4 04:34 ModularCG_A2_profile.class
-rw-rw-r--   1 travis travis  1704 Jun  4 04:34 ModularCG_A2_profile.java
-rw-rw-r--   1 travis travis  3473 Jun  4 04:34 ModularCGPubSub_A1_A2.class
-rw-rw-r--   1 travis travis  9076 Jun  4 04:34 ModularCGPubSub_A1_A2.java
-rw-rw-r--   1 travis travis   880 Jun  4 04:34 ModularCGPubSub_A1_A2.mk
-rw-rw-r--   1 travis travis  1300 Jun  4 04:34 ModularCGPubSub_A1_A2_profile.class
-rw-rw-r--   1 travis travis  1222 Jun  4 04:34 ModularCGPubSub_A1_A2_profile.java
-rw-rw-r--   1 travis travis  3790 Jun  4 04:34 ModularCGPubSub_A1.class
-rw-rw-r--   1 travis travis  9836 Jun  4 04:34 ModularCGPubSub_A1.java
-rw-rw-r--   1 travis travis   856 Jun  4 04:34 ModularCGPubSub_A1.mk
-rw-rw-r--   1 travis travis  1346 Jun  4 04:34 ModularCGPubSub_A1_profile.class
-rw-rw-r--   1 travis travis  1388 Jun  4 04:34 ModularCGPubSub_A1_profile.java
-rw-rw-r--   1 travis travis  3988 Jun  4 04:34 ModularCodeGen2_ModularCodeGenTypedCompositeActor.class
-rw-rw-r--   1 travis travis 11690 Jun  4 04:34 ModularCodeGen2_ModularCodeGenTypedCompositeActor.java
-rw-rw-r--   1 travis travis  1104 Jun  4 04:34 ModularCodeGen2_ModularCodeGenTypedCompositeActor.mk
-rw-rw-r--   1 travis travis  4272 Jun  4 04:34 ModularCodeGen2_ModularCodeGenTypedCompositeActor_ModularCodeGenTypedCompositeActor.class
-rw-rw-r--   1 travis travis 11790 Jun  4 04:34 ModularCodeGen2_ModularCodeGenTypedCompositeActor_ModularCodeGenTypedCompositeActor.java
-rw-rw-r--   1 travis travis  1376 Jun  4 04:34 ModularCodeGen2_ModularCodeGenTypedCompositeActor_ModularCodeGenTypedCompositeActor.mk
-rw-rw-r--   1 travis travis  1421 Jun  4 04:34 ModularCodeGen2_ModularCodeGenTypedCompositeActor_ModularCodeGenTypedCompositeActor_profile.class
-rw-rw-r--   1 travis travis  1294 Jun  4 04:34 ModularCodeGen2_ModularCodeGenTypedCompositeActor_ModularCodeGenTypedCompositeActor_profile.java
-rw-rw-r--   1 travis travis   820 Jun  4 04:34 ModularCodeGen2_ModularCodeGenTypedCompositeActor_profile.class
-rw-rw-r--   1 travis travis   693 Jun  4 04:34 ModularCodeGen2_ModularCodeGenTypedCompositeActor_profile.java
-rw-rw-r--   1 travis travis  3741 Jun  4 04:34 ModularCodeGen3_A1_B1.class
-rw-rw-r--   1 travis travis  9958 Jun  4 04:34 ModularCodeGen3_A1_B1.java
-rw-rw-r--   1 travis travis   880 Jun  4 04:34 ModularCodeGen3_A1_B1.mk
-rw-rw-r--   1 travis travis  1330 Jun  4 04:34 ModularCodeGen3_A1_B1_profile.class
-rw-rw-r--   1 travis travis  1274 Jun  4 04:34 ModularCodeGen3_A1_B1_profile.java
-rw-rw-r--   1 travis travis  3741 Jun  4 04:35 ModularCodeGen3_A1_B2.class
-rw-rw-r--   1 travis travis  9958 Jun  4 04:35 ModularCodeGen3_A1_B2.java
-rw-rw-r--   1 travis travis   880 Jun  4 04:35 ModularCodeGen3_A1_B2.mk
-rw-rw-r--   1 travis travis  1330 Jun  4 04:35 ModularCodeGen3_A1_B2_profile.class
-rw-rw-r--   1 travis travis  1274 Jun  4 04:34 ModularCodeGen3_A1_B2_profile.java
-rw-rw-r--   1 travis travis  4961 Jun  4 04:35 ModularCodeGen3_A1.class
-rw-rw-r--   1 travis travis 15564 Jun  4 04:35 ModularCodeGen3_A1.java
-rw-rw-r--   1 travis travis   856 Jun  4 04:35 ModularCodeGen3_A1.mk
-rw-rw-r--   1 travis travis  1445 Jun  4 04:35 ModularCodeGen3_A1_profile.class
-rw-rw-r--   1 travis travis  1716 Jun  4 04:35 ModularCodeGen3_A1_profile.java
-rw-rw-r--   1 travis travis  3887 Jun  4 04:35 ModularCodeGen3_A2_B1.class
-rw-rw-r--   1 travis travis 10955 Jun  4 04:35 ModularCodeGen3_A2_B1.java
-rw-rw-r--   1 travis travis   880 Jun  4 04:35 ModularCodeGen3_A2_B1.mk
-rw-rw-r--   1 travis travis  1393 Jun  4 04:35 ModularCodeGen3_A2_B1_profile.class
-rw-rw-r--   1 travis travis  1458 Jun  4 04:35 ModularCodeGen3_A2_B1_profile.java
-rw-rw-r--   1 travis travis  3741 Jun  4 04:35 ModularCodeGen3_A2_B2.class
-rw-rw-r--   1 travis travis  9958 Jun  4 04:35 ModularCodeGen3_A2_B2.java
-rw-rw-r--   1 travis travis   880 Jun  4 04:35 ModularCodeGen3_A2_B2.mk
-rw-rw-r--   1 travis travis  1330 Jun  4 04:35 ModularCodeGen3_A2_B2_profile.class
-rw-rw-r--   1 travis travis  1274 Jun  4 04:35 ModularCodeGen3_A2_B2_profile.java
-rw-rw-r--   1 travis travis  5038 Jun  4 04:35 ModularCodeGen3_A2.class
-rw-rw-r--   1 travis travis 15957 Jun  4 04:35 ModularCodeGen3_A2.java
-rw-rw-r--   1 travis travis   856 Jun  4 04:35 ModularCodeGen3_A2.mk
-rw-rw-r--   1 travis travis  1445 Jun  4 04:35 ModularCodeGen3_A2_profile.class
-rw-rw-r--   1 travis travis  1716 Jun  4 04:35 ModularCodeGen3_A2_profile.java
-rw-rw-r--   1 travis travis  3794 Jun  4 04:35 ModularCodeGen4_A1_B1.class
-rw-rw-r--   1 travis travis 10312 Jun  4 04:35 ModularCodeGen4_A1_B1.java
-rw-rw-r--   1 travis travis   880 Jun  4 04:35 ModularCodeGen4_A1_B1.mk
-rw-rw-r--   1 travis travis  1330 Jun  4 04:35 ModularCodeGen4_A1_B1_profile.class
-rw-rw-r--   1 travis travis  1273 Jun  4 04:35 ModularCodeGen4_A1_B1_profile.java
-rw-rw-r--   1 travis travis  3794 Jun  4 04:35 ModularCodeGen4_A1_B2.class
-rw-rw-r--   1 travis travis 10312 Jun  4 04:35 ModularCodeGen4_A1_B2.java
-rw-rw-r--   1 travis travis   880 Jun  4 04:35 ModularCodeGen4_A1_B2.mk
-rw-rw-r--   1 travis travis  1330 Jun  4 04:35 ModularCodeGen4_A1_B2_profile.class
-rw-rw-r--   1 travis travis  1273 Jun  4 04:35 ModularCodeGen4_A1_B2_profile.java
-rw-rw-r--   1 travis travis  5101 Jun  4 04:35 ModularCodeGen4_A1.class
-rw-rw-r--   1 travis travis 16245 Jun  4 04:35 ModularCodeGen4_A1.java
-rw-rw-r--   1 travis travis   856 Jun  4 04:35 ModularCodeGen4_A1.mk
-rw-rw-r--   1 travis travis  1445 Jun  4 04:35 ModularCodeGen4_A1_profile.class
-rw-rw-r--   1 travis travis  1712 Jun  4 04:35 ModularCodeGen4_A1_profile.java
-rw-rw-r--   1 travis travis  3988 Jun  4 04:35 ModularCodeGen4_A2_B1.class
-rw-rw-r--   1 travis travis 11375 Jun  4 04:35 ModularCodeGen4_A2_B1.java
-rw-rw-r--   1 travis travis   880 Jun  4 04:35 ModularCodeGen4_A2_B1.mk
-rw-rw-r--   1 travis travis  1393 Jun  4 04:35 ModularCodeGen4_A2_B1_profile.class
-rw-rw-r--   1 travis travis  1454 Jun  4 04:35 ModularCodeGen4_A2_B1_profile.java
-rw-rw-r--   1 travis travis  3842 Jun  4 04:35 ModularCodeGen4_A2_B2.class
-rw-rw-r--   1 travis travis 10378 Jun  4 04:35 ModularCodeGen4_A2_B2.java
-rw-rw-r--   1 travis travis   880 Jun  4 04:35 ModularCodeGen4_A2_B2.mk
-rw-rw-r--   1 travis travis  1330 Jun  4 04:35 ModularCodeGen4_A2_B2_profile.class
-rw-rw-r--   1 travis travis  1270 Jun  4 04:35 ModularCodeGen4_A2_B2_profile.java
-rw-rw-r--   1 travis travis  5274 Jun  4 04:35 ModularCodeGen4_A2.class
-rw-rw-r--   1 travis travis 16770 Jun  4 04:35 ModularCodeGen4_A2.java
-rw-rw-r--   1 travis travis   856 Jun  4 04:35 ModularCodeGen4_A2.mk
-rw-rw-r--   1 travis travis  1445 Jun  4 04:35 ModularCodeGen4_A2_profile.class
-rw-rw-r--   1 travis travis  1712 Jun  4 04:35 ModularCodeGen4_A2_profile.java
-rw-rw-r--   1 travis travis  6838 Jun  4 04:35 ModularCodeGen5_A_A.class
-rw-rw-r--   1 travis travis 28721 Jun  4 04:35 ModularCodeGen5_A_A.java
-rw-rw-r--   1 travis travis   864 Jun  4 04:35 ModularCodeGen5_A_A.mk
-rw-rw-r--   1 travis travis  1520 Jun  4 04:35 ModularCodeGen5_A_A_profile.class
-rw-rw-r--   1 travis travis  1815 Jun  4 04:35 ModularCodeGen5_A_A_profile.java
-rw-rw-r--   1 travis travis  5115 Jun  4 04:35 ModularCodeGen5_A.class
-rw-rw-r--   1 travis travis 13769 Jun  4 04:35 ModularCodeGen5_A.java
-rw-rw-r--   1 travis travis   848 Jun  4 04:35 ModularCodeGen5_A.mk
-rw-rw-r--   1 travis travis  1422 Jun  4 04:35 ModularCodeGen5_A_profile.class
-rw-rw-r--   1 travis travis  1605 Jun  4 04:35 ModularCodeGen5_A_profile.java
-rw-rw-r--   1 travis travis  4125 Jun  4 04:35 ModularCodeGen6_A_A2.class
-rw-rw-r--   1 travis travis 11329 Jun  4 04:35 ModularCodeGen6_A_A2.java
-rw-rw-r--   1 travis travis   872 Jun  4 04:35 ModularCodeGen6_A_A2.mk
-rw-rw-r--   1 travis travis  1351 Jun  4 04:35 ModularCodeGen6_A_A2_profile.class
-rw-rw-r--   1 travis travis  1364 Jun  4 04:35 ModularCodeGen6_A_A2_profile.java
-rw-rw-r--   1 travis travis  4108 Jun  4 04:35 ModularCodeGen6_A_A.class
-rw-rw-r--   1 travis travis 11221 Jun  4 04:35 ModularCodeGen6_A_A.java
-rw-rw-r--   1 travis travis   864 Jun  4 04:35 ModularCodeGen6_A_A.mk
-rw-rw-r--   1 travis travis  1348 Jun  4 04:35 ModularCodeGen6_A_A_profile.class
-rw-rw-r--   1 travis travis  1361 Jun  4 04:35 ModularCodeGen6_A_A_profile.java
-rw-rw-r--   1 travis travis  7237 Jun  4 04:35 ModularCodeGen6_A.class
-rw-rw-r--   1 travis travis 26535 Jun  4 04:35 ModularCodeGen6_A.java
-rw-rw-r--   1 travis travis   848 Jun  4 04:35 ModularCodeGen6_A.mk
-rw-rw-r--   1 travis travis  1483 Jun  4 04:35 ModularCodeGen6_A_profile.class
-rw-rw-r--   1 travis travis  1810 Jun  4 04:35 ModularCodeGen6_A_profile.java
-rw-rw-r--   1 travis travis  9439 Jun  4 04:35 ModularCodeGenLazyPubSubGlobal_CompositeActor_ModularCodeGenTypedComposite.class
-rw-rw-r--   1 travis travis 30161 Jun  4 04:35 ModularCodeGenLazyPubSubGlobal_CompositeActor_ModularCodeGenTypedComposite.java
-rw-rw-r--   1 travis travis  1304 Jun  4 04:35 ModularCodeGenLazyPubSubGlobal_CompositeActor_ModularCodeGenTypedComposite.mk
-rw-rw-r--   1 travis travis  1438 Jun  4 04:35 ModularCodeGenLazyPubSubGlobal_CompositeActor_ModularCodeGenTypedComposite_profile.class
-rw-rw-r--   1 travis travis  1384 Jun  4 04:35 ModularCodeGenLazyPubSubGlobal_CompositeActor_ModularCodeGenTypedComposite_profile.java
-rw-rw-r--   1 travis travis  3952 Jun  4 04:35 ModularCodeGenLazyPubSub_LazyCompositeActor.class
-rw-rw-r--   1 travis travis 11122 Jun  4 04:35 ModularCodeGenLazyPubSub_LazyCompositeActor.java
-rw-rw-r--   1 travis travis  1056 Jun  4 04:35 ModularCodeGenLazyPubSub_LazyCompositeActor.mk
-rw-rw-r--   1 travis travis  1286 Jun  4 04:35 ModularCodeGenLazyPubSub_LazyCompositeActor_profile.class
-rw-rw-r--   1 travis travis  1091 Jun  4 04:35 ModularCodeGenLazyPubSub_LazyCompositeActor_profile.java
-rw-rw-r--   1 travis travis  3954 Jun  4 04:34 ModularCodeGen_ModularCodeGenTypedCompositeActor.class
-rw-rw-r--   1 travis travis 10970 Jun  4 04:34 ModularCodeGen_ModularCodeGenTypedCompositeActor.java
-rw-rw-r--   1 travis travis  1096 Jun  4 04:34 ModularCodeGen_ModularCodeGenTypedCompositeActor.mk
-rw-rw-r--   1 travis travis  1384 Jun  4 04:34 ModularCodeGen_ModularCodeGenTypedCompositeActor_profile.class
-rw-rw-r--   1 travis travis  1328 Jun  4 04:34 ModularCodeGen_ModularCodeGenTypedCompositeActor_profile.java
-rw-rw-r--   1 travis travis  3441 Jun  4 04:35 ModularCodeGenPubSub2_A1_A.class
-rw-rw-r--   1 travis travis  8578 Jun  4 04:35 ModularCodeGenPubSub2_A1_A.java
-rw-rw-r--   1 travis travis   920 Jun  4 04:35 ModularCodeGenPubSub2_A1_A.mk
-rw-rw-r--   1 travis travis  1274 Jun  4 04:35 ModularCodeGenPubSub2_A1_A_profile.class
-rw-rw-r--   1 travis travis  1128 Jun  4 04:35 ModularCodeGenPubSub2_A1_A_profile.java
-rw-rw-r--   1 travis travis  3733 Jun  4 04:35 ModularCodeGenPubSub2_A1.class
-rw-rw-r--   1 travis travis  9781 Jun  4 04:35 ModularCodeGenPubSub2_A1.java
-rw-rw-r--   1 travis travis   904 Jun  4 04:35 ModularCodeGenPubSub2_A1.mk
-rw-rw-r--   1 travis travis  1268 Jun  4 04:35 ModularCodeGenPubSub2_A1_profile.class
-rw-rw-r--   1 travis travis  1196 Jun  4 04:35 ModularCodeGenPubSub2_A1_profile.java
-rw-rw-r--   1 travis travis  3437 Jun  4 04:35 ModularCodeGenPubSub3_A1_A2.class
-rw-rw-r--   1 travis travis  8599 Jun  4 04:35 ModularCodeGenPubSub3_A1_A2.java
-rw-rw-r--   1 travis travis   928 Jun  4 04:35 ModularCodeGenPubSub3_A1_A2.mk
-rw-rw-r--   1 travis travis  1287 Jun  4 04:35 ModularCodeGenPubSub3_A1_A2_profile.class
-rw-rw-r--   1 travis travis  1132 Jun  4 04:35 ModularCodeGenPubSub3_A1_A2_profile.java
-rw-rw-r--   1 travis travis  3856 Jun  4 04:35 ModularCodeGenPubSub3_A1.class
-rw-rw-r--   1 travis travis 10100 Jun  4 04:35 ModularCodeGenPubSub3_A1.java
-rw-rw-r--   1 travis travis   904 Jun  4 04:35 ModularCodeGenPubSub3_A1.mk
-rw-rw-r--   1 travis travis  1358 Jun  4 04:35 ModularCodeGenPubSub3_A1_profile.class
-rw-rw-r--   1 travis travis  1400 Jun  4 04:35 ModularCodeGenPubSub3_A1_profile.java
-rw-rw-r--   1 travis travis  1128 Jun  4 04:35 ModularCodeGenPubSub4_A1_A_profile.java
-rw-rw-r--   1 travis travis  3475 Jun  4 04:35 ModularCodeGenPubSub_A1.class
-rw-rw-r--   1 travis travis  9060 Jun  4 04:35 ModularCodeGenPubSub_A1.java
-rw-rw-r--   1 travis travis   896 Jun  4 04:35 ModularCodeGenPubSub_A1.mk
-rw-rw-r--   1 travis travis  1278 Jun  4 04:35 ModularCodeGenPubSub_A1_profile.class
-rw-rw-r--   1 travis travis  1195 Jun  4 04:35 ModularCodeGenPubSub_A1_profile.java
-rw-rw-r--   1 travis travis  3492 Jun  4 04:34 ModularCodeGenTest_A1_A2.class
-rw-rw-r--   1 travis travis   904 Jun  4 04:34 ModularCodeGenTest_A1_A2.mk
-rw-rw-r--   1 travis travis  1306 Jun  4 04:34 ModularCodeGenTest_A1_A2_profile.class
-rw-rw-r--   1 travis travis  3823 Jun  4 04:34 ModularCodeGenTest_A1.class
-rw-rw-r--   1 travis travis  9968 Jun  4 04:34 ModularCodeGenTest_A1.java
-rw-rw-r--   1 travis travis   880 Jun  4 04:34 ModularCodeGenTest_A1.mk
-rw-rw-r--   1 travis travis  1352 Jun  4 04:34 ModularCodeGenTest_A1_profile.class
-rw-rw-r--   1 travis travis  1394 Jun  4 04:34 ModularCodeGenTest_A1_profile.java
drwxrwxr-x   3 travis travis 36864 Jun  4 04:34 modulation2
drwxrwxr-x   3 travis travis 20480 Jun  4 04:31 Multiplexor
drwxrwxr-x 242 travis travis 12288 Jun  4 04:34 node_modules
drwxrwxr-x   3 travis travis 20480 Jun  4 04:31 PhaseUnwrap
-rw-rw-r--   1 travis travis   520 Jun  4 04:34 Repeat$_fireFunction_Repeat_Repeat$__f_sL_0.class
-rw-rw-r--   1 travis travis   522 Jun  4 04:34 Repeat$_fireFunction_Repeat_Repeat$__f_sL_10.class
-rw-rw-r--   1 travis travis   666 Jun  4 04:34 Repeat$_fireFunction_Repeat_Repeat$__f_sL_11.class
-rw-rw-r--   1 travis travis   522 Jun  4 04:34 Repeat$_fireFunction_Repeat_Repeat$__f_sL_13.class
-rw-rw-r--   1 travis travis   665 Jun  4 04:34 Repeat$_fireFunction_Repeat_Repeat$__f_sL_1.class
-rw-rw-r--   1 travis travis   520 Jun  4 04:34 Repeat$_fireFunction_Repeat_Repeat$__f_sL_2.class
-rw-rw-r--   1 travis travis   520 Jun  4 04:34 Repeat$_fireFunction_Repeat_Repeat$__f_sL_3.class
-rw-rw-r--   1 travis travis   520 Jun  4 04:34 Repeat$_fireFunction_Repeat_Repeat$__f_sL_5.class
-rw-rw-r--   1 travis travis   671 Jun  4 04:34 Repeat$_fireFunction_Repeat_Repeat$__f_sL_7.class
-rw-rw-r--   1 travis travis   520 Jun  4 04:34 Repeat$_fireFunction_Repeat_Repeat$__f_sL_9.class
-rw-rw-r--   1 travis travis   813 Jun  4 04:34 Repeat$_initialize_Repeat.class
-rw-rw-r--   1 travis travis   475 Jun  4 04:34 Repeat$_initialize_Repeat$__i_sL_0.class
-rw-rw-r--   1 travis travis   519 Jun  4 04:34 Repeat$_initialize_Repeat$__i_sL_3.class
-rw-rw-r--   1 travis travis 39778 Jun  4 04:34 Repeat.java
-rw-rw-r--   1 travis travis  1281 Jun  4 04:34 Repeat.mk
-rw-rw-r--   1 travis travis   520 Jun  4 04:34 Repeat$_preinitializeMethod_Repeat$__p_sL_0.class
-rw-rw-r--   1 travis travis   520 Jun  4 04:34 Repeat$_preinitializeMethod_Repeat$__p_sL_1.class
-rw-rw-r--   1 travis travis  1083 Jun  4 04:34 Repeat$_Repeat$_fireFunction_Repeat_AddSubtract_Repeat.class
-rw-rw-r--   1 travis travis   791 Jun  4 04:34 Repeat$_Repeat$_fireFunction_Repeat_AddSubtract_Repeat$__f_sL_0.class
-rw-rw-r--   1 travis travis   909 Jun  4 04:34 Repeat$_Repeat$_fireFunction_Repeat_AddSubtract_Repeat$__f_sL_1.class
-rw-rw-r--   1 travis travis   915 Jun  4 04:34 Repeat$_Repeat$_fireFunction_Repeat_AddSubtract_Repeat$__f_sL_2.class
-rw-rw-r--   1 travis travis   838 Jun  4 04:34 Repeat$_Repeat$_fireFunction_Repeat_Ramp2_Repeat$__f_sL_1.class
-rw-rw-r--   1 travis travis  1785 Jun  4 04:34 Repeat$_Repeat$_fireFunction_Repeat_Test_Repeat$__f_sL_2.class
-rw-rw-r--   1 travis travis   685 Jun  4 04:34 Repeat$_Repeat_SDF_Director_run_Repeat$__R_sL_0.class
-rw-rw-r--   1 travis travis   540 Jun  4 04:34 Repeat$_Repeat_SDF_Director_run_Repeat$__R_sL_1.class
-rw-rw-r--   1 travis travis   540 Jun  4 04:34 Repeat$_Repeat_SDF_Director_run_Repeat$__R_sL_2.class
-rw-rw-r--   1 travis travis   540 Jun  4 04:34 Repeat$_Repeat_SDF_Director_run_Repeat$__R_sL_4.class
-rw-rw-r--   1 travis travis   540 Jun  4 04:34 Repeat$_Repeat_SDF_Director_run_Repeat$__R_sL_5.class
-rw-rw-r--   1 travis travis   691 Jun  4 04:34 Repeat$_Repeat_SDF_Director_run_Repeat$__R_sL_6.class
-rw-rw-r--   1 travis travis   540 Jun  4 04:34 Repeat$_Repeat_SDF_Director_run_Repeat$__R_sL_7.class
-rw-rw-r--   1 travis travis   863 Jun  4 04:34 Repeat$_varinit_Repeat.class
-rw-rw-r--   1 travis travis   530 Jun  4 04:34 Repeat$_varinit_Repeat$__v_sL_1.class
-rw-rw-r--   1 travis travis   531 Jun  4 04:34 Repeat$_varinit_Repeat$__v_sL_2.class
-rw-rw-r--   1 travis travis   905 Jun  4 04:34 Repeat$_varinit_Repeat$__v_sL_4.class
-rw-rw-r--   1 travis travis   635 Jun  4 04:34 Repeat$_wrapup_Repeat.class
-rw-rw-r--   1 travis travis   965 Jun  4 04:34 Repeat$_wrapup_Repeat$__w_sL_1.class
-rw-rw-r--   1 travis travis   289 Jun  4 04:29 result.csv
drwxrwxr-x   3 travis travis 12288 Jun  4 04:32 Scrambler1
drwxrwxr-x   3 travis travis 20480 Jun  4 04:31 Sinewave2
drwxrwxr-x   3 travis travis 69632 Jun  4 04:32 StringCompare
drwxrwxr-x   3 travis travis 32768 Jun  4 04:32 StringFunction
drwxrwxr-x   3 travis travis 12288 Jun  4 04:32 StringLength
drwxrwxr-x   3 travis travis 57344 Jun  4 04:33 StringSimpleReplace
drwxrwxr-x   3 travis travis 12288 Jun  4 04:33 time2
drwxrwxr-x   3 travis travis 12288 Jun  4 04:34 time5
-rw-rw-r--   1 travis travis   432 Jun  4 04:35 Token.class
-rw-rw-r--   1 travis travis   251 Jun  4 04:35 Token.java
-rw-rw-r--   1 travis travis     0 Jun  4 04:34 top.
-rw-rw-r--   1 travis travis 20502 Jun  4 04:29 top.c
-rw-rw-r--   1 travis travis  3567 Jun  4 04:34 top.class
-rw-rw-r--   1 travis travis   169 Jun  4 04:29 top.html
-rw-rw-r--   1 travis travis  7552 Jun  4 04:34 top.java
-rw-rw-r--   1 travis travis 38888 Jun  4 04:29 top.o
drwxrwxr-x   3 travis travis 57344 Jun  4 04:31 UnaryMathFunction
All Done
Writing ModularCodeGenPubSub4_A1_A.java in file:/home/travis/cg/ (8578 characters)
Reading "ptolemy/cg/kernel/generic/program/procedural/java/modular/makefile.in",
    writing "/home/travis/cg/ModularCodeGenPubSub4_A1_A.mk"
Using ptolemy/cg/kernel/generic/program/procedural/java/modular/makefile.in
In "/home/travis/cg", about to execute:
    make -f ModularCodeGenPubSub4_A1_A.mk
javac -classpath ".:.."    ModularCodeGenPubSub4_A1_A.java
All Done
In "/home/travis/cg", about to execute:
    pwd
/home/travis/cg
In "/home/travis/cg", about to execute:
    ls -l
total 2196
drwxrwxr-x   3 travis travis 12288 Jun  4 04:30 AbsoluteValue
-rw-rw-r--   1 travis travis   233 Jun  4 04:35 Array.class
-rw-rw-r--   1 travis travis   459 Jun  4 04:35 Array.java
drwxrwxr-x   3 travis travis 16384 Jun  4 04:30 Case1
drwxrwxr-x   3 travis travis 32768 Jun  4 04:30 Case2
-rw-rw-r--   1 travis travis  4895 Jun  4 04:34 CompiledCompositeActor_CompiledCompositeActor.class
-rw-rw-r--   1 travis travis  1592 Jun  4 04:34 CompiledCompositeActor_CompiledCompositeActor$_CompiledCompositeActor_CompiledCompositeActor.class
-rw-rw-r--   1 travis travis 13466 Jun  4 04:34 CompiledCompositeActor_CompiledCompositeActor.java
-rw-rw-r--   1 travis travis  1593 Jun  4 04:34 CompiledCompositeActor_CompiledCompositeActor.mk
drwxrwxr-x   3 travis travis 24576 Jun  4 04:32 DeScrambler
drwxrwxr-x   3 travis travis 16384 Jun  4 04:33 DotProduct
drwxrwxr-x   3 travis travis 12288 Jun  4 04:30 FileWriter1
drwxrwxr-x   3 travis travis 20480 Jun  4 04:29 FixToDoubleAndBack
drwxrwxr-x   3 travis travis 16384 Jun  4 04:30 Gaussian1
drwxrwxr-x   3 travis travis 20480 Jun  4 04:30 Gaussian2
-rw-rw-r--   1 travis travis  4457 Jun  4 04:34 JavaCompiledCompositeTest1_CompiledCompositeActor.class
-rw-rw-r--   1 travis travis 11637 Jun  4 04:34 JavaCompiledCompositeTest1_CompiledCompositeActor.java
-rw-rw-r--   1 travis travis  1198 Jun  4 04:34 JavaCompiledCompositeTest1_CompiledCompositeActor$_JavaCompiledCompositeTest1_CompiledCompositeActor.class
-rw-rw-r--   1 travis travis  1625 Jun  4 04:34 JavaCompiledCompositeTest1_CompiledCompositeActor.mk
-rw-rw-r--   1 travis travis  4888 Jun  4 04:34 JavaCompiledCompositeTest2_CompiledCompositeActor.class
-rw-rw-r--   1 travis travis 14919 Jun  4 04:34 JavaCompiledCompositeTest2_CompiledCompositeActor.java
-rw-rw-r--   1 travis travis  1793 Jun  4 04:34 JavaCompiledCompositeTest2_CompiledCompositeActor$_JavaCompiledCompositeTest2_CompiledCompositeActor.class
-rw-rw-r--   1 travis travis  1625 Jun  4 04:34 JavaCompiledCompositeTest2_CompiledCompositeActor.mk
-rw-rw-r--   1 travis travis  4505 Jun  4 04:34 JavaCompiledCompositeTest3_CompiledCompositeActor.class
-rw-rw-r--   1 travis travis 13080 Jun  4 04:34 JavaCompiledCompositeTest3_CompiledCompositeActor.java
-rw-rw-r--   1 travis travis  1378 Jun  4 04:34 JavaCompiledCompositeTest3_CompiledCompositeActor$_JavaCompiledCompositeTest3_CompiledCompositeActor.class
-rw-rw-r--   1 travis travis  1625 Jun  4 04:34 JavaCompiledCompositeTest3_CompiledCompositeActor.mk
-rw-rw-r--   1 travis travis  3953 Jun  4 04:34 JavaCompiledCompositeTest4_CompiledCompositeActor.class
-rw-rw-r--   1 travis travis  9687 Jun  4 04:34 JavaCompiledCompositeTest4_CompiledCompositeActor.java
-rw-rw-r--   1 travis travis   857 Jun  4 04:34 JavaCompiledCompositeTest4_CompiledCompositeActor$_JavaCompiledCompositeTest4_CompiledCompositeActor.class
-rw-rw-r--   1 travis travis  1625 Jun  4 04:34 JavaCompiledCompositeTest4_CompiledCompositeActor.mk
drwxrwxr-x   3 travis travis 12288 Jun  4 04:30 LookupTable
drwxrwxr-x   3 travis travis 20480 Jun  4 04:31 MaxIndex
-rw-rw-r--   1 travis travis  3693 Jun  4 04:34 ModularCG_A1_B1.class
-rw-rw-r--   1 travis travis  9730 Jun  4 04:34 ModularCG_A1_B1.java
-rw-rw-r--   1 travis travis   832 Jun  4 04:34 ModularCG_A1_B1.mk
-rw-rw-r--   1 travis travis  1318 Jun  4 04:34 ModularCG_A1_B1_profile.class
-rw-rw-r--   1 travis travis  1262 Jun  4 04:34 ModularCG_A1_B1_profile.java
-rw-rw-r--   1 travis travis  3693 Jun  4 04:34 ModularCG_A1_B2.class
-rw-rw-r--   1 travis travis  9730 Jun  4 04:34 ModularCG_A1_B2.java
-rw-rw-r--   1 travis travis   832 Jun  4 04:34 ModularCG_A1_B2.mk
-rw-rw-r--   1 travis travis  1318 Jun  4 04:34 ModularCG_A1_B2_profile.class
-rw-rw-r--   1 travis travis  1262 Jun  4 04:34 ModularCG_A1_B2_profile.java
-rw-rw-r--   1 travis travis  4799 Jun  4 04:34 ModularCG_A1.class
-rw-rw-r--   1 travis travis 14742 Jun  4 04:34 ModularCG_A1.java
-rw-rw-r--   1 travis travis   808 Jun  4 04:34 ModularCG_A1.mk
-rw-rw-r--   1 travis travis  1433 Jun  4 04:34 ModularCG_A1_profile.class
-rw-rw-r--   1 travis travis  1704 Jun  4 04:34 ModularCG_A1_profile.java
-rw-rw-r--   1 travis travis  3827 Jun  4 04:34 ModularCG_A2_B1.class
-rw-rw-r--   1 travis travis 10667 Jun  4 04:34 ModularCG_A2_B1.java
-rw-rw-r--   1 travis travis   832 Jun  4 04:34 ModularCG_A2_B1.mk
-rw-rw-r--   1 travis travis  1381 Jun  4 04:34 ModularCG_A2_B1_profile.class
-rw-rw-r--   1 travis travis  1446 Jun  4 04:34 ModularCG_A2_B1_profile.java
-rw-rw-r--   1 travis travis  3693 Jun  4 04:34 ModularCG_A2_B2.class
-rw-rw-r--   1 travis travis  9730 Jun  4 04:34 ModularCG_A2_B2.java
-rw-rw-r--   1 travis travis   832 Jun  4 04:34 ModularCG_A2_B2.mk
-rw-rw-r--   1 travis travis  1318 Jun  4 04:34 ModularCG_A2_B2_profile.class
-rw-rw-r--   1 travis travis  1262 Jun  4 04:34 ModularCG_A2_B2_profile.java
-rw-rw-r--   1 travis travis  4870 Jun  4 04:34 ModularCG_A2.class
-rw-rw-r--   1 travis travis 15129 Jun  4 04:34 ModularCG_A2.java
-rw-rw-r--   1 travis travis   808 Jun  4 04:34 ModularCG_A2.mk
-rw-rw-r--   1 travis travis  1433 Jun  4 04:34 ModularCG_A2_profile.class
-rw-rw-r--   1 travis travis  1704 Jun  4 04:34 ModularCG_A2_profile.java
-rw-rw-r--   1 travis travis  3473 Jun  4 04:34 ModularCGPubSub_A1_A2.class
-rw-rw-r--   1 travis travis  9076 Jun  4 04:34 ModularCGPubSub_A1_A2.java
-rw-rw-r--   1 travis travis   880 Jun  4 04:34 ModularCGPubSub_A1_A2.mk
-rw-rw-r--   1 travis travis  1300 Jun  4 04:34 ModularCGPubSub_A1_A2_profile.class
-rw-rw-r--   1 travis travis  1222 Jun  4 04:34 ModularCGPubSub_A1_A2_profile.java
-rw-rw-r--   1 travis travis  3790 Jun  4 04:34 ModularCGPubSub_A1.class
-rw-rw-r--   1 travis travis  9836 Jun  4 04:34 ModularCGPubSub_A1.java
-rw-rw-r--   1 travis travis   856 Jun  4 04:34 ModularCGPubSub_A1.mk
-rw-rw-r--   1 travis travis  1346 Jun  4 04:34 ModularCGPubSub_A1_profile.class
-rw-rw-r--   1 travis travis  1388 Jun  4 04:34 ModularCGPubSub_A1_profile.java
-rw-rw-r--   1 travis travis  3988 Jun  4 04:34 ModularCodeGen2_ModularCodeGenTypedCompositeActor.class
-rw-rw-r--   1 travis travis 11690 Jun  4 04:34 ModularCodeGen2_ModularCodeGenTypedCompositeActor.java
-rw-rw-r--   1 travis travis  1104 Jun  4 04:34 ModularCodeGen2_ModularCodeGenTypedCompositeActor.mk
-rw-rw-r--   1 travis travis  4272 Jun  4 04:34 ModularCodeGen2_ModularCodeGenTypedCompositeActor_ModularCodeGenTypedCompositeActor.class
-rw-rw-r--   1 travis travis 11790 Jun  4 04:34 ModularCodeGen2_ModularCodeGenTypedCompositeActor_ModularCodeGenTypedCompositeActor.java
-rw-rw-r--   1 travis travis  1376 Jun  4 04:34 ModularCodeGen2_ModularCodeGenTypedCompositeActor_ModularCodeGenTypedCompositeActor.mk
-rw-rw-r--   1 travis travis  1421 Jun  4 04:34 ModularCodeGen2_ModularCodeGenTypedCompositeActor_ModularCodeGenTypedCompositeActor_profile.class
-rw-rw-r--   1 travis travis  1294 Jun  4 04:34 ModularCodeGen2_ModularCodeGenTypedCompositeActor_ModularCodeGenTypedCompositeActor_profile.java
-rw-rw-r--   1 travis travis   820 Jun  4 04:34 ModularCodeGen2_ModularCodeGenTypedCompositeActor_profile.class
-rw-rw-r--   1 travis travis   693 Jun  4 04:34 ModularCodeGen2_ModularCodeGenTypedCompositeActor_profile.java
-rw-rw-r--   1 travis travis  3741 Jun  4 04:34 ModularCodeGen3_A1_B1.class
-rw-rw-r--   1 travis travis  9958 Jun  4 04:34 ModularCodeGen3_A1_B1.java
-rw-rw-r--   1 travis travis   880 Jun  4 04:34 ModularCodeGen3_A1_B1.mk
-rw-rw-r--   1 travis travis  1330 Jun  4 04:34 ModularCodeGen3_A1_B1_profile.class
-rw-rw-r--   1 travis travis  1274 Jun  4 04:34 ModularCodeGen3_A1_B1_profile.java
-rw-rw-r--   1 travis travis  3741 Jun  4 04:35 ModularCodeGen3_A1_B2.class
-rw-rw-r--   1 travis travis  9958 Jun  4 04:35 ModularCodeGen3_A1_B2.java
-rw-rw-r--   1 travis travis   880 Jun  4 04:35 ModularCodeGen3_A1_B2.mk
-rw-rw-r--   1 travis travis  1330 Jun  4 04:35 ModularCodeGen3_A1_B2_profile.class
-rw-rw-r--   1 travis travis  1274 Jun  4 04:34 ModularCodeGen3_A1_B2_profile.java
-rw-rw-r--   1 travis travis  4961 Jun  4 04:35 ModularCodeGen3_A1.class
-rw-rw-r--   1 travis travis 15564 Jun  4 04:35 ModularCodeGen3_A1.java
-rw-rw-r--   1 travis travis   856 Jun  4 04:35 ModularCodeGen3_A1.mk
-rw-rw-r--   1 travis travis  1445 Jun  4 04:35 ModularCodeGen3_A1_profile.class
-rw-rw-r--   1 travis travis  1716 Jun  4 04:35 ModularCodeGen3_A1_profile.java
-rw-rw-r--   1 travis travis  3887 Jun  4 04:35 ModularCodeGen3_A2_B1.class
-rw-rw-r--   1 travis travis 10955 Jun  4 04:35 ModularCodeGen3_A2_B1.java
-rw-rw-r--   1 travis travis   880 Jun  4 04:35 ModularCodeGen3_A2_B1.mk
-rw-rw-r--   1 travis travis  1393 Jun  4 04:35 ModularCodeGen3_A2_B1_profile.class
-rw-rw-r--   1 travis travis  1458 Jun  4 04:35 ModularCodeGen3_A2_B1_profile.java
-rw-rw-r--   1 travis travis  3741 Jun  4 04:35 ModularCodeGen3_A2_B2.class
-rw-rw-r--   1 travis travis  9958 Jun  4 04:35 ModularCodeGen3_A2_B2.java
-rw-rw-r--   1 travis travis   880 Jun  4 04:35 ModularCodeGen3_A2_B2.mk
-rw-rw-r--   1 travis travis  1330 Jun  4 04:35 ModularCodeGen3_A2_B2_profile.class
-rw-rw-r--   1 travis travis  1274 Jun  4 04:35 ModularCodeGen3_A2_B2_profile.java
-rw-rw-r--   1 travis travis  5038 Jun  4 04:35 ModularCodeGen3_A2.class
-rw-rw-r--   1 travis travis 15957 Jun  4 04:35 ModularCodeGen3_A2.java
-rw-rw-r--   1 travis travis   856 Jun  4 04:35 ModularCodeGen3_A2.mk
-rw-rw-r--   1 travis travis  1445 Jun  4 04:35 ModularCodeGen3_A2_profile.class
-rw-rw-r--   1 travis travis  1716 Jun  4 04:35 ModularCodeGen3_A2_profile.java
-rw-rw-r--   1 travis travis  3794 Jun  4 04:35 ModularCodeGen4_A1_B1.class
-rw-rw-r--   1 travis travis 10312 Jun  4 04:35 ModularCodeGen4_A1_B1.java
-rw-rw-r--   1 travis travis   880 Jun  4 04:35 ModularCodeGen4_A1_B1.mk
-rw-rw-r--   1 travis travis  1330 Jun  4 04:35 ModularCodeGen4_A1_B1_profile.class
-rw-rw-r--   1 travis travis  1273 Jun  4 04:35 ModularCodeGen4_A1_B1_profile.java
-rw-rw-r--   1 travis travis  3794 Jun  4 04:35 ModularCodeGen4_A1_B2.class
-rw-rw-r--   1 travis travis 10312 Jun  4 04:35 ModularCodeGen4_A1_B2.java
-rw-rw-r--   1 travis travis   880 Jun  4 04:35 ModularCodeGen4_A1_B2.mk
-rw-rw-r--   1 travis travis  1330 Jun  4 04:35 ModularCodeGen4_A1_B2_profile.class
-rw-rw-r--   1 travis travis  1273 Jun  4 04:35 ModularCodeGen4_A1_B2_profile.java
-rw-rw-r--   1 travis travis  5101 Jun  4 04:35 ModularCodeGen4_A1.class
-rw-rw-r--   1 travis travis 16245 Jun  4 04:35 ModularCodeGen4_A1.java
-rw-rw-r--   1 travis travis   856 Jun  4 04:35 ModularCodeGen4_A1.mk
-rw-rw-r--   1 travis travis  1445 Jun  4 04:35 ModularCodeGen4_A1_profile.class
-rw-rw-r--   1 travis travis  1712 Jun  4 04:35 ModularCodeGen4_A1_profile.java
-rw-rw-r--   1 travis travis  3988 Jun  4 04:35 ModularCodeGen4_A2_B1.class
-rw-rw-r--   1 travis travis 11375 Jun  4 04:35 ModularCodeGen4_A2_B1.java
-rw-rw-r--   1 travis travis   880 Jun  4 04:35 ModularCodeGen4_A2_B1.mk
-rw-rw-r--   1 travis travis  1393 Jun  4 04:35 ModularCodeGen4_A2_B1_profile.class
-rw-rw-r--   1 travis travis  1454 Jun  4 04:35 ModularCodeGen4_A2_B1_profile.java
-rw-rw-r--   1 travis travis  3842 Jun  4 04:35 ModularCodeGen4_A2_B2.class
-rw-rw-r--   1 travis travis 10378 Jun  4 04:35 ModularCodeGen4_A2_B2.java
-rw-rw-r--   1 travis travis   880 Jun  4 04:35 ModularCodeGen4_A2_B2.mk
-rw-rw-r--   1 travis travis  1330 Jun  4 04:35 ModularCodeGen4_A2_B2_profile.class
-rw-rw-r--   1 travis travis  1270 Jun  4 04:35 ModularCodeGen4_A2_B2_profile.java
-rw-rw-r--   1 travis travis  5274 Jun  4 04:35 ModularCodeGen4_A2.class
-rw-rw-r--   1 travis travis 16770 Jun  4 04:35 ModularCodeGen4_A2.java
-rw-rw-r--   1 travis travis   856 Jun  4 04:35 ModularCodeGen4_A2.mk
-rw-rw-r--   1 travis travis  1445 Jun  4 04:35 ModularCodeGen4_A2_profile.class
-rw-rw-r--   1 travis travis  1712 Jun  4 04:35 ModularCodeGen4_A2_profile.java
-rw-rw-r--   1 travis travis  6838 Jun  4 04:35 ModularCodeGen5_A_A.class
-rw-rw-r--   1 travis travis 28721 Jun  4 04:35 ModularCodeGen5_A_A.java
-rw-rw-r--   1 travis travis   864 Jun  4 04:35 ModularCodeGen5_A_A.mk
-rw-rw-r--   1 travis travis  1520 Jun  4 04:35 ModularCodeGen5_A_A_profile.class
-rw-rw-r--   1 travis travis  1815 Jun  4 04:35 ModularCodeGen5_A_A_profile.java
-rw-rw-r--   1 travis travis  5115 Jun  4 04:35 ModularCodeGen5_A.class
-rw-rw-r--   1 travis travis 13769 Jun  4 04:35 ModularCodeGen5_A.java
-rw-rw-r--   1 travis travis   848 Jun  4 04:35 ModularCodeGen5_A.mk
-rw-rw-r--   1 travis travis  1422 Jun  4 04:35 ModularCodeGen5_A_profile.class
-rw-rw-r--   1 travis travis  1605 Jun  4 04:35 ModularCodeGen5_A_profile.java
-rw-rw-r--   1 travis travis  4125 Jun  4 04:35 ModularCodeGen6_A_A2.class
-rw-rw-r--   1 travis travis 11329 Jun  4 04:35 ModularCodeGen6_A_A2.java
-rw-rw-r--   1 travis travis   872 Jun  4 04:35 ModularCodeGen6_A_A2.mk
-rw-rw-r--   1 travis travis  1351 Jun  4 04:35 ModularCodeGen6_A_A2_profile.class
-rw-rw-r--   1 travis travis  1364 Jun  4 04:35 ModularCodeGen6_A_A2_profile.java
-rw-rw-r--   1 travis travis  4108 Jun  4 04:35 ModularCodeGen6_A_A.class
-rw-rw-r--   1 travis travis 11221 Jun  4 04:35 ModularCodeGen6_A_A.java
-rw-rw-r--   1 travis travis   864 Jun  4 04:35 ModularCodeGen6_A_A.mk
-rw-rw-r--   1 travis travis  1348 Jun  4 04:35 ModularCodeGen6_A_A_profile.class
-rw-rw-r--   1 travis travis  1361 Jun  4 04:35 ModularCodeGen6_A_A_profile.java
-rw-rw-r--   1 travis travis  7237 Jun  4 04:35 ModularCodeGen6_A.class
-rw-rw-r--   1 travis travis 26535 Jun  4 04:35 ModularCodeGen6_A.java
-rw-rw-r--   1 travis travis   848 Jun  4 04:35 ModularCodeGen6_A.mk
-rw-rw-r--   1 travis travis  1483 Jun  4 04:35 ModularCodeGen6_A_profile.class
-rw-rw-r--   1 travis travis  1810 Jun  4 04:35 ModularCodeGen6_A_profile.java
-rw-rw-r--   1 travis travis  9439 Jun  4 04:35 ModularCodeGenLazyPubSubGlobal_CompositeActor_ModularCodeGenTypedComposite.class
-rw-rw-r--   1 travis travis 30161 Jun  4 04:35 ModularCodeGenLazyPubSubGlobal_CompositeActor_ModularCodeGenTypedComposite.java
-rw-rw-r--   1 travis travis  1304 Jun  4 04:35 ModularCodeGenLazyPubSubGlobal_CompositeActor_ModularCodeGenTypedComposite.mk
-rw-rw-r--   1 travis travis  1438 Jun  4 04:35 ModularCodeGenLazyPubSubGlobal_CompositeActor_ModularCodeGenTypedComposite_profile.class
-rw-rw-r--   1 travis travis  1384 Jun  4 04:35 ModularCodeGenLazyPubSubGlobal_CompositeActor_ModularCodeGenTypedComposite_profile.java
-rw-rw-r--   1 travis travis  3952 Jun  4 04:35 ModularCodeGenLazyPubSub_LazyCompositeActor.class
-rw-rw-r--   1 travis travis 11122 Jun  4 04:35 ModularCodeGenLazyPubSub_LazyCompositeActor.java
-rw-rw-r--   1 travis travis  1056 Jun  4 04:35 ModularCodeGenLazyPubSub_LazyCompositeActor.mk
-rw-rw-r--   1 travis travis  1286 Jun  4 04:35 ModularCodeGenLazyPubSub_LazyCompositeActor_profile.class
-rw-rw-r--   1 travis travis  1091 Jun  4 04:35 ModularCodeGenLazyPubSub_LazyCompositeActor_profile.java
-rw-rw-r--   1 travis travis  3954 Jun  4 04:34 ModularCodeGen_ModularCodeGenTypedCompositeActor.class
-rw-rw-r--   1 travis travis 10970 Jun  4 04:34 ModularCodeGen_ModularCodeGenTypedCompositeActor.java
-rw-rw-r--   1 travis travis  1096 Jun  4 04:34 ModularCodeGen_ModularCodeGenTypedCompositeActor.mk
-rw-rw-r--   1 travis travis  1384 Jun  4 04:34 ModularCodeGen_ModularCodeGenTypedCompositeActor_profile.class
-rw-rw-r--   1 travis travis  1328 Jun  4 04:34 ModularCodeGen_ModularCodeGenTypedCompositeActor_profile.java
-rw-rw-r--   1 travis travis  3441 Jun  4 04:35 ModularCodeGenPubSub2_A1_A.class
-rw-rw-r--   1 travis travis  8578 Jun  4 04:35 ModularCodeGenPubSub2_A1_A.java
-rw-rw-r--   1 travis travis   920 Jun  4 04:35 ModularCodeGenPubSub2_A1_A.mk
-rw-rw-r--   1 travis travis  1274 Jun  4 04:35 ModularCodeGenPubSub2_A1_A_profile.class
-rw-rw-r--   1 travis travis  1128 Jun  4 04:35 ModularCodeGenPubSub2_A1_A_profile.java
-rw-rw-r--   1 travis travis  3733 Jun  4 04:35 ModularCodeGenPubSub2_A1.class
-rw-rw-r--   1 travis travis  9781 Jun  4 04:35 ModularCodeGenPubSub2_A1.java
-rw-rw-r--   1 travis travis   904 Jun  4 04:35 ModularCodeGenPubSub2_A1.mk
-rw-rw-r--   1 travis travis  1268 Jun  4 04:35 ModularCodeGenPubSub2_A1_profile.class
-rw-rw-r--   1 travis travis  1196 Jun  4 04:35 ModularCodeGenPubSub2_A1_profile.java
-rw-rw-r--   1 travis travis  3437 Jun  4 04:35 ModularCodeGenPubSub3_A1_A2.class
-rw-rw-r--   1 travis travis  8599 Jun  4 04:35 ModularCodeGenPubSub3_A1_A2.java
-rw-rw-r--   1 travis travis   928 Jun  4 04:35 ModularCodeGenPubSub3_A1_A2.mk
-rw-rw-r--   1 travis travis  1287 Jun  4 04:35 ModularCodeGenPubSub3_A1_A2_profile.class
-rw-rw-r--   1 travis travis  1132 Jun  4 04:35 ModularCodeGenPubSub3_A1_A2_profile.java
-rw-rw-r--   1 travis travis  3856 Jun  4 04:35 ModularCodeGenPubSub3_A1.class
-rw-rw-r--   1 travis travis 10100 Jun  4 04:35 ModularCodeGenPubSub3_A1.java
-rw-rw-r--   1 travis travis   904 Jun  4 04:35 ModularCodeGenPubSub3_A1.mk
-rw-rw-r--   1 travis travis  1358 Jun  4 04:35 ModularCodeGenPubSub3_A1_profile.class
-rw-rw-r--   1 travis travis  1400 Jun  4 04:35 ModularCodeGenPubSub3_A1_profile.java
-rw-rw-r--   1 travis travis  3441 Jun  4 04:35 ModularCodeGenPubSub4_A1_A.class
-rw-rw-r--   1 travis travis  8578 Jun  4 04:35 ModularCodeGenPubSub4_A1_A.java
-rw-rw-r--   1 travis travis   920 Jun  4 04:35 ModularCodeGenPubSub4_A1_A.mk
-rw-rw-r--   1 travis travis  1274 Jun  4 04:35 ModularCodeGenPubSub4_A1_A_profile.class
-rw-rw-r--   1 travis travis  1128 Jun  4 04:35 ModularCodeGenPubSub4_A1_A_profile.java
-rw-rw-r--   1 travis travis  1137 Jun  4 04:35 ModularCodeGenPubSub4_A1_profile.java
-rw-rw-r--   1 travis travis  3475 Jun  4 04:35 ModularCodeGenPubSub_A1.class
-rw-rw-r--   1 travis travis  9060 Jun  4 04:35 ModularCodeGenPubSub_A1.java
-rw-rw-r--   1 travis travis   896 Jun  4 04:35 ModularCodeGenPubSub_A1.mk
-rw-rw-r--   1 travis travis  1278 Jun  4 04:35 ModularCodeGenPubSub_A1_profile.class
-rw-rw-r--   1 travis travis  1195 Jun  4 04:35 ModularCodeGenPubSub_A1_profile.java
-rw-rw-r--   1 travis travis  3492 Jun  4 04:34 ModularCodeGenTest_A1_A2.class
-rw-rw-r--   1 travis travis   904 Jun  4 04:34 ModularCodeGenTest_A1_A2.mk
-rw-rw-r--   1 travis travis  1306 Jun  4 04:34 ModularCodeGenTest_A1_A2_profile.class
-rw-rw-r--   1 travis travis  3823 Jun  4 04:34 ModularCodeGenTest_A1.class
-rw-rw-r--   1 travis travis  9968 Jun  4 04:34 ModularCodeGenTest_A1.java
-rw-rw-r--   1 travis travis   880 Jun  4 04:34 ModularCodeGenTest_A1.mk
-rw-rw-r--   1 travis travis  1352 Jun  4 04:34 ModularCodeGenTest_A1_profile.class
-rw-rw-r--   1 travis travis  1394 Jun  4 04:34 ModularCodeGenTest_A1_profile.java
drwxrwxr-x   3 travis travis 36864 Jun  4 04:34 modulation2
drwxrwxr-x   3 travis travis 20480 Jun  4 04:31 Multiplexor
drwxrwxr-x 242 travis travis 12288 Jun  4 04:34 node_modules
drwxrwxr-x   3 travis travis 20480 Jun  4 04:31 PhaseUnwrap
-rw-rw-r--   1 travis travis   520 Jun  4 04:34 Repeat$_fireFunction_Repeat_Repeat$__f_sL_0.class
-rw-rw-r--   1 travis travis   522 Jun  4 04:34 Repeat$_fireFunction_Repeat_Repeat$__f_sL_10.class
-rw-rw-r--   1 travis travis   666 Jun  4 04:34 Repeat$_fireFunction_Repeat_Repeat$__f_sL_11.class
-rw-rw-r--   1 travis travis   522 Jun  4 04:34 Repeat$_fireFunction_Repeat_Repeat$__f_sL_13.class
-rw-rw-r--   1 travis travis   665 Jun  4 04:34 Repeat$_fireFunction_Repeat_Repeat$__f_sL_1.class
-rw-rw-r--   1 travis travis   520 Jun  4 04:34 Repeat$_fireFunction_Repeat_Repeat$__f_sL_2.class
-rw-rw-r--   1 travis travis   520 Jun  4 04:34 Repeat$_fireFunction_Repeat_Repeat$__f_sL_3.class
-rw-rw-r--   1 travis travis   520 Jun  4 04:34 Repeat$_fireFunction_Repeat_Repeat$__f_sL_5.class
-rw-rw-r--   1 travis travis   671 Jun  4 04:34 Repeat$_fireFunction_Repeat_Repeat$__f_sL_7.class
-rw-rw-r--   1 travis travis   520 Jun  4 04:34 Repeat$_fireFunction_Repeat_Repeat$__f_sL_9.class
-rw-rw-r--   1 travis travis   813 Jun  4 04:34 Repeat$_initialize_Repeat.class
-rw-rw-r--   1 travis travis   475 Jun  4 04:34 Repeat$_initialize_Repeat$__i_sL_0.class
-rw-rw-r--   1 travis travis   519 Jun  4 04:34 Repeat$_initialize_Repeat$__i_sL_3.class
-rw-rw-r--   1 travis travis 39778 Jun  4 04:34 Repeat.java
-rw-rw-r--   1 travis travis  1281 Jun  4 04:34 Repeat.mk
-rw-rw-r--   1 travis travis   520 Jun  4 04:34 Repeat$_preinitializeMethod_Repeat$__p_sL_0.class
-rw-rw-r--   1 travis travis   520 Jun  4 04:34 Repeat$_preinitializeMethod_Repeat$__p_sL_1.class
-rw-rw-r--   1 travis travis  1083 Jun  4 04:34 Repeat$_Repeat$_fireFunction_Repeat_AddSubtract_Repeat.class
-rw-rw-r--   1 travis travis   791 Jun  4 04:34 Repeat$_Repeat$_fireFunction_Repeat_AddSubtract_Repeat$__f_sL_0.class
-rw-rw-r--   1 travis travis   909 Jun  4 04:34 Repeat$_Repeat$_fireFunction_Repeat_AddSubtract_Repeat$__f_sL_1.class
-rw-rw-r--   1 travis travis   915 Jun  4 04:34 Repeat$_Repeat$_fireFunction_Repeat_AddSubtract_Repeat$__f_sL_2.class
-rw-rw-r--   1 travis travis   838 Jun  4 04:34 Repeat$_Repeat$_fireFunction_Repeat_Ramp2_Repeat$__f_sL_1.class
-rw-rw-r--   1 travis travis  1785 Jun  4 04:34 Repeat$_Repeat$_fireFunction_Repeat_Test_Repeat$__f_sL_2.class
-rw-rw-r--   1 travis travis   685 Jun  4 04:34 Repeat$_Repeat_SDF_Director_run_Repeat$__R_sL_0.class
-rw-rw-r--   1 travis travis   540 Jun  4 04:34 Repeat$_Repeat_SDF_Director_run_Repeat$__R_sL_1.class
-rw-rw-r--   1 travis travis   540 Jun  4 04:34 Repeat$_Repeat_SDF_Director_run_Repeat$__R_sL_2.class
-rw-rw-r--   1 travis travis   540 Jun  4 04:34 Repeat$_Repeat_SDF_Director_run_Repeat$__R_sL_4.class
-rw-rw-r--   1 travis travis   540 Jun  4 04:34 Repeat$_Repeat_SDF_Director_run_Repeat$__R_sL_5.class
-rw-rw-r--   1 travis travis   691 Jun  4 04:34 Repeat$_Repeat_SDF_Director_run_Repeat$__R_sL_6.class
-rw-rw-r--   1 travis travis   540 Jun  4 04:34 Repeat$_Repeat_SDF_Director_run_Repeat$__R_sL_7.class
-rw-rw-r--   1 travis travis   863 Jun  4 04:34 Repeat$_varinit_Repeat.class
-rw-rw-r--   1 travis travis   530 Jun  4 04:34 Repeat$_varinit_Repeat$__v_sL_1.class
-rw-rw-r--   1 travis travis   531 Jun  4 04:34 Repeat$_varinit_Repeat$__v_sL_2.class
-rw-rw-r--   1 travis travis   905 Jun  4 04:34 Repeat$_varinit_Repeat$__v_sL_4.class
-rw-rw-r--   1 travis travis   635 Jun  4 04:34 Repeat$_wrapup_Repeat.class
-rw-rw-r--   1 travis travis   965 Jun  4 04:34 Repeat$_wrapup_Repeat$__w_sL_1.class
-rw-rw-r--   1 travis travis   289 Jun  4 04:29 result.csv
drwxrwxr-x   3 travis travis 12288 Jun  4 04:32 Scrambler1
drwxrwxr-x   3 travis travis 20480 Jun  4 04:31 Sinewave2
drwxrwxr-x   3 travis travis 69632 Jun  4 04:32 StringCompare
drwxrwxr-x   3 travis travis 32768 Jun  4 04:32 StringFunction
drwxrwxr-x   3 travis travis 12288 Jun  4 04:32 StringLength
drwxrwxr-x   3 travis travis 57344 Jun  4 04:33 StringSimpleReplace
drwxrwxr-x   3 travis travis 12288 Jun  4 04:33 time2
drwxrwxr-x   3 travis travis 12288 Jun  4 04:34 time5
-rw-rw-r--   1 travis travis   432 Jun  4 04:35 Token.class
-rw-rw-r--   1 travis travis   251 Jun  4 04:35 Token.java
-rw-rw-r--   1 travis travis     0 Jun  4 04:34 top.
-rw-rw-r--   1 travis travis 20502 Jun  4 04:29 top.c
-rw-rw-r--   1 travis travis  3567 Jun  4 04:34 top.class
-rw-rw-r--   1 travis travis   169 Jun  4 04:29 top.html
-rw-rw-r--   1 travis travis  7552 Jun  4 04:34 top.java
-rw-rw-r--   1 travis travis 38888 Jun  4 04:29 top.o
drwxrwxr-x   3 travis travis 57344 Jun  4 04:31 UnaryMathFunction
In "/home/travis/cg", about to execute:
    javac -classpath
.:/home/travis/build/icyphy/ptII:/home/travis/build/icyphy/ptII/lib/bsh-2.0b4.j
ar:/home/travis/build/icyphy/ptII/lib/ptCal.jar:/home/travis/build/icyphy/ptII/
lib/java_cup.jar:/home/travis/build/icyphy/ptII/lib/saxon8.jar:/home/travis/bui
ld/icyphy/ptII/lib/saxon8-dom.jar:/home/travis/build/icyphy/ptII/lib/chic.jar:/
home/travis/build/icyphy/ptII/lib/ptcolt.jar:/usr/lib/jvm/java-8-oracle/lib/too
ls.jar:/home/travis/build/icyphy/ptII/vendors/misc/itext/iText.jar:/home/travis
/build/icyphy/ptII/lib/g4ltl.jar:/home/travis/build/icyphy/ptII/lib/StructuralC
oder.jar:/home/travis/build/icyphy/ptII/vendors/jai-1_1_2_01/lib/jai_core.jar:/
home/travis/build/icyphy/ptII/vendors/jai-1_1_2_01/lib/jai_codec.jar:/home/trav
is/build/icyphy/ptII/lib/jcerti.jar:/home/travis/build/icyphy/ptII/lib/javax.ma
il.jar:/home/travis/build/icyphy/ptII/vendors/JMF-2.1.1e/lib/jmf.jar:/home/trav
is/build/icyphy/ptII/lib/jna-4.0.0-variadic.jar:/home/travis/build/icyphy/ptII/
vendors/misc/joystick/Joystick.jar:/home/travis/build/icyphy/ptII/lib/ptjacl.ja
r:/home/travis/build/icyphy/ptII/lib/jsoup-1.8.2.jar:/home/travis/build/icyphy/
ptII/lib/junit-4.8.2.jar:/home/travis/build/icyphy/ptII/lib/JUnitParams-0.4.0.j
ar:/home/travis/build/icyphy/ptII/ptolemy/actor/lib/excel/jxl.jar:/home/travis/
build/icyphy/ptII/lib/jython.jar:/home/travis/build/icyphy/ptII/lib/kieler.jar:
/home/travis/build/icyphy/ptII/vendors/opencv/share/OpenCV/java/opencv-341.jar:
/home/travis/build/icyphy/ptII/lib/oscP5.jar:/home/travis/build/icyphy/ptII/lib
/nrjavaserial-3.11.0.devel.jar:/home/travis/build/icyphy/ptII/vendors/j3d/lib/j
3dcore.jar:/home/travis/build/icyphy/ptII/vendors/j3d/lib/j3dutils.jar:/home/tr
avis/build/icyphy/ptII/vendors/j3d/lib/vecmath.jar:/home/travis/build/icyphy/pt
II/ptolemy/distributed/jini/jar/jini-core.jar:/home/travis/build/icyphy/ptII/pt
olemy/distributed/jini/jar/jini-ext.jar:/home/travis/build/icyphy/ptII/ptolemy/
distributed/jini/jar/sun-util.jar:/home/travis/build/icyphy/ptII/lib/protobuf-j
ava-2.4.1.jar:/home/travis/build/icyphy/ptII/lib/org.eclipse.paho.client.mqttv3
.jar:/home/travis/build/icyphy/ptII/lib/mapss.jar:/home/travis/build/icyphy/ptI
I/ptolemy/actor/ptalon/antlr/antlr.jar:/home/travis/build/icyphy/ptII/lib/JRI.j
ar:/home/travis/build/icyphy/ptII/lib/commons-lang-2.6.jar:/home/travis/build/i
cyphy/ptII/lib/commons-logging-1.1.1.jar:/home/travis/build/icyphy/ptII/lib/soo
tclasses.jar:/home/travis/build/icyphy/ptII/ptolemy/actor/lib/database/mysql-co
nnector-java-5.1.6-bin.jar:/home/travis/build/icyphy/ptII/vendors/misc/sphinx4/
sphinx4-data-5prealpha.jar:/home/travis/build/icyphy/ptII/vendors/misc/sphinx4/
sphinx4-core-5prealpha.jar:/home/travis/build/icyphy/ptII/lib/PDFRenderer.jar:/
home/travis/build/icyphy/ptII/lib/svgSalamander.jar:/home/travis/build/icyphy/p
tII/lib/rsyntaxtextarea-2.6.0-SNAPSHOT.jar:/home/travis/build/icyphy/ptII/lib/h
azelcast-3.8.2.jar:/home/travis/build/icyphy/ptII/lib/jackson-annotations-2.9.0
.jar:/home/travis/build/icyphy/ptII/lib/jackson-core-2.9.3.jar:/home/travis/bui
ld/icyphy/ptII/lib/jackson-databind-2.9.3.jar:/home/travis/build/icyphy/ptII/li
b/netty-buffer-4.1.19.Final.jar:/home/travis/build/icyphy/ptII/lib/netty-codec-
4.1.19.Final.jar:/home/travis/build/icyphy/ptII/lib/netty-codec-dns-4.1.19.Fina
l.jar:/home/travis/build/icyphy/ptII/lib/netty-codec-http-4.1.19.Final.jar:/hom
e/travis/build/icyphy/ptII/lib/netty-codec-http2-4.1.19.Final.jar:/home/travis/
build/icyphy/ptII/lib/netty-common-4.1.19.Final.jar:/home/travis/build/icyphy/p
tII/lib/netty-handler-4.1.19.Final.jar:/home/travis/build/icyphy/ptII/lib/netty
-resolver-4.1.19.Final.jar:/home/travis/build/icyphy/ptII/lib/netty-resolver-dn
s-4.1.19.Final.jar:/home/travis/build/icyphy/ptII/lib/netty-transport-4.1.19.Fi
nal.jar:/home/travis/build/icyphy/ptII/lib/vertx-codegen-3.5.1.jar:/home/travis
/build/icyphy/ptII/lib/vertx-core-3.5.2-SNAPSHOT.jar:/home/travis/build/icyphy/
ptII/lib/vertx-hazelcast-3.5.1.jar:/home/travis/build/icyphy/ptII/lib/vertx-lan
g-js-3.5.1.jar:/home/travis/build/icyphy/ptII/lib/vertx-service-proxy-3.5.1.jar
:/home/travis/build/icyphy/ptII/lib/vertx-web-3.5.1.jar:/home/travis/build/icyp
hy/ptII/lib/slf4j-api-1.7.13.jar:/home/travis/build/icyphy/ptII/lib/slf4j-simpl
e-1.7.13.jar:/home/travis/build/icyphy/ptII/lib/webcam-capture-0.3.12.jar:/home
/travis/build/icyphy/ptII/lib/bridj-0.7.0.jar:/home/travis/build/icyphy/ptII/li
b/xbjlib-1.1.0.nrjavaserial.jar:/home/travis/build/icyphy/ptII/ptolemy/moml/tes
t:/home/travis/build/icyphy/ptII/ant/lib/ant-launcher.jar:/home/travis/build/ic
yphy/ptII/ant/lib/ant.jar:/home/travis/build/icyphy/ptII/ant/lib/ant-junit.jar:
/home/travis/build/icyphy/ptII/ant/lib/ant-junit4.jar:/home/travis/build/icyphy
/ptII ModularCodeGenPubSub4_A1_profile.java
All Done
Writing ModularCodeGenPubSub4_A1.java in file:/home/travis/cg/ (9231 characters)
Reading "ptolemy/cg/kernel/generic/program/procedural/java/modular/makefile.in",
    writing "/home/travis/cg/ModularCodeGenPubSub4_A1.mk"
Using ptolemy/cg/kernel/generic/program/procedural/java/modular/makefile.in
In "/home/travis/cg", about to execute:
    make -f ModularCodeGenPubSub4_A1.mk
javac -classpath ".:.."    ModularCodeGenPubSub4_A1.java
All Done
3776 ms. Memory: 204800K Free: 36390K (18%)
----------------- Invoking toplevel() on ptolemy.moml.MoMLSimpleApplication@4b6dfa22
----------------- Done invoking toplevel() on ptolemy.moml.MoMLSimpleApplication@4b6dfa22
reloadAllAccessors: .ModularCodeGenPubSub4

===========================================================================================
----------------- testing Tue Jun 04 04:35:51 UTC 2019 /home/travis/build/icyphy/ptII/ptolemy/cg/lib/test/auto/PubSubAggLazy.xml
----------------- Instantiating /home/travis/build/icyphy/ptII/ptolemy/cg/lib/test/auto/PubSubAggLazy.xml
9 ms. Memory: 205312K Free: 170822K (83%)
----------------- Invoking toplevel() on ptolemy.moml.MoMLSimpleApplication@5d07270d
----------------- Done invoking toplevel() on ptolemy.moml.MoMLSimpleApplication@5d07270d
reloadAllAccessors: .PubSubAggLazy

===========================================================================================
----------------- testing Tue Jun 04 04:35:51 UTC 2019 /home/travis/build/icyphy/ptII/ptolemy/cg/lib/test/auto/PubSubAggModularCodeGen.xml
----------------- Instantiating /home/travis/build/icyphy/ptII/ptolemy/cg/lib/test/auto/PubSubAggModularCodeGen.xml
In "/home/travis/cg", about to execute:
    pwd
/home/travis/cg
In "/home/travis/cg", about to execute:
    ls -l
total 2224
drwxrwxr-x   3 travis travis 12288 Jun  4 04:30 AbsoluteValue
-rw-rw-r--   1 travis travis   233 Jun  4 04:35 Array.class
-rw-rw-r--   1 travis travis   459 Jun  4 04:35 Array.java
drwxrwxr-x   3 travis travis 16384 Jun  4 04:30 Case1
drwxrwxr-x   3 travis travis 32768 Jun  4 04:30 Case2
-rw-rw-r--   1 travis travis  4895 Jun  4 04:34 CompiledCompositeActor_CompiledCompositeActor.class
-rw-rw-r--   1 travis travis  1592 Jun  4 04:34 CompiledCompositeActor_CompiledCompositeActor$_CompiledCompositeActor_CompiledCompositeActor.class
-rw-rw-r--   1 travis travis 13466 Jun  4 04:34 CompiledCompositeActor_CompiledCompositeActor.java
-rw-rw-r--   1 travis travis  1593 Jun  4 04:34 CompiledCompositeActor_CompiledCompositeActor.mk
drwxrwxr-x   3 travis travis 24576 Jun  4 04:32 DeScrambler
drwxrwxr-x   3 travis travis 16384 Jun  4 04:33 DotProduct
drwxrwxr-x   3 travis travis 12288 Jun  4 04:30 FileWriter1
drwxrwxr-x   3 travis travis 20480 Jun  4 04:29 FixToDoubleAndBack
drwxrwxr-x   3 travis travis 16384 Jun  4 04:30 Gaussian1
drwxrwxr-x   3 travis travis 20480 Jun  4 04:30 Gaussian2
-rw-rw-r--   1 travis travis  4457 Jun  4 04:34 JavaCompiledCompositeTest1_CompiledCompositeActor.class
-rw-rw-r--   1 travis travis 11637 Jun  4 04:34 JavaCompiledCompositeTest1_CompiledCompositeActor.java
-rw-rw-r--   1 travis travis  1198 Jun  4 04:34 JavaCompiledCompositeTest1_CompiledCompositeActor$_JavaCompiledCompositeTest1_CompiledCompositeActor.class
-rw-rw-r--   1 travis travis  1625 Jun  4 04:34 JavaCompiledCompositeTest1_CompiledCompositeActor.mk
-rw-rw-r--   1 travis travis  4888 Jun  4 04:34 JavaCompiledCompositeTest2_CompiledCompositeActor.class
-rw-rw-r--   1 travis travis 14919 Jun  4 04:34 JavaCompiledCompositeTest2_CompiledCompositeActor.java
-rw-rw-r--   1 travis travis  1793 Jun  4 04:34 JavaCompiledCompositeTest2_CompiledCompositeActor$_JavaCompiledCompositeTest2_CompiledCompositeActor.class
-rw-rw-r--   1 travis travis  1625 Jun  4 04:34 JavaCompiledCompositeTest2_CompiledCompositeActor.mk
-rw-rw-r--   1 travis travis  4505 Jun  4 04:34 JavaCompiledCompositeTest3_CompiledCompositeActor.class
-rw-rw-r--   1 travis travis 13080 Jun  4 04:34 JavaCompiledCompositeTest3_CompiledCompositeActor.java
-rw-rw-r--   1 travis travis  1378 Jun  4 04:34 JavaCompiledCompositeTest3_CompiledCompositeActor$_JavaCompiledCompositeTest3_CompiledCompositeActor.class
-rw-rw-r--   1 travis travis  1625 Jun  4 04:34 JavaCompiledCompositeTest3_CompiledCompositeActor.mk
-rw-rw-r--   1 travis travis  3953 Jun  4 04:34 JavaCompiledCompositeTest4_CompiledCompositeActor.class
-rw-rw-r--   1 travis travis  9687 Jun  4 04:34 JavaCompiledCompositeTest4_CompiledCompositeActor.java
-rw-rw-r--   1 travis travis   857 Jun  4 04:34 JavaCompiledCompositeTest4_CompiledCompositeActor$_JavaCompiledCompositeTest4_CompiledCompositeActor.class
-rw-rw-r--   1 travis travis  1625 Jun  4 04:34 JavaCompiledCompositeTest4_CompiledCompositeActor.mk
drwxrwxr-x   3 travis travis 12288 Jun  4 04:30 LookupTable
drwxrwxr-x   3 travis travis 20480 Jun  4 04:31 MaxIndex
-rw-rw-r--   1 travis travis  3693 Jun  4 04:34 ModularCG_A1_B1.class
-rw-rw-r--   1 travis travis  9730 Jun  4 04:34 ModularCG_A1_B1.java
-rw-rw-r--   1 travis travis   832 Jun  4 04:34 ModularCG_A1_B1.mk
-rw-rw-r--   1 travis travis  1318 Jun  4 04:34 ModularCG_A1_B1_profile.class
-rw-rw-r--   1 travis travis  1262 Jun  4 04:34 ModularCG_A1_B1_profile.java
-rw-rw-r--   1 travis travis  3693 Jun  4 04:34 ModularCG_A1_B2.class
-rw-rw-r--   1 travis travis  9730 Jun  4 04:34 ModularCG_A1_B2.java
-rw-rw-r--   1 travis travis   832 Jun  4 04:34 ModularCG_A1_B2.mk
-rw-rw-r--   1 travis travis  1318 Jun  4 04:34 ModularCG_A1_B2_profile.class
-rw-rw-r--   1 travis travis  1262 Jun  4 04:34 ModularCG_A1_B2_profile.java
-rw-rw-r--   1 travis travis  4799 Jun  4 04:34 ModularCG_A1.class
-rw-rw-r--   1 travis travis 14742 Jun  4 04:34 ModularCG_A1.java
-rw-rw-r--   1 travis travis   808 Jun  4 04:34 ModularCG_A1.mk
-rw-rw-r--   1 travis travis  1433 Jun  4 04:34 ModularCG_A1_profile.class
-rw-rw-r--   1 travis travis  1704 Jun  4 04:34 ModularCG_A1_profile.java
-rw-rw-r--   1 travis travis  3827 Jun  4 04:34 ModularCG_A2_B1.class
-rw-rw-r--   1 travis travis 10667 Jun  4 04:34 ModularCG_A2_B1.java
-rw-rw-r--   1 travis travis   832 Jun  4 04:34 ModularCG_A2_B1.mk
-rw-rw-r--   1 travis travis  1381 Jun  4 04:34 ModularCG_A2_B1_profile.class
-rw-rw-r--   1 travis travis  1446 Jun  4 04:34 ModularCG_A2_B1_profile.java
-rw-rw-r--   1 travis travis  3693 Jun  4 04:34 ModularCG_A2_B2.class
-rw-rw-r--   1 travis travis  9730 Jun  4 04:34 ModularCG_A2_B2.java
-rw-rw-r--   1 travis travis   832 Jun  4 04:34 ModularCG_A2_B2.mk
-rw-rw-r--   1 travis travis  1318 Jun  4 04:34 ModularCG_A2_B2_profile.class
-rw-rw-r--   1 travis travis  1262 Jun  4 04:34 ModularCG_A2_B2_profile.java
-rw-rw-r--   1 travis travis  4870 Jun  4 04:34 ModularCG_A2.class
-rw-rw-r--   1 travis travis 15129 Jun  4 04:34 ModularCG_A2.java
-rw-rw-r--   1 travis travis   808 Jun  4 04:34 ModularCG_A2.mk
-rw-rw-r--   1 travis travis  1433 Jun  4 04:34 ModularCG_A2_profile.class
-rw-rw-r--   1 travis travis  1704 Jun  4 04:34 ModularCG_A2_profile.java
-rw-rw-r--   1 travis travis  3473 Jun  4 04:34 ModularCGPubSub_A1_A2.class
-rw-rw-r--   1 travis travis  9076 Jun  4 04:34 ModularCGPubSub_A1_A2.java
-rw-rw-r--   1 travis travis   880 Jun  4 04:34 ModularCGPubSub_A1_A2.mk
-rw-rw-r--   1 travis travis  1300 Jun  4 04:34 ModularCGPubSub_A1_A2_profile.class
-rw-rw-r--   1 travis travis  1222 Jun  4 04:34 ModularCGPubSub_A1_A2_profile.java
-rw-rw-r--   1 travis travis  3790 Jun  4 04:34 ModularCGPubSub_A1.class
-rw-rw-r--   1 travis travis  9836 Jun  4 04:34 ModularCGPubSub_A1.java
-rw-rw-r--   1 travis travis   856 Jun  4 04:34 ModularCGPubSub_A1.mk
-rw-rw-r--   1 travis travis  1346 Jun  4 04:34 ModularCGPubSub_A1_profile.class
-rw-rw-r--   1 travis travis  1388 Jun  4 04:34 ModularCGPubSub_A1_profile.java
-rw-rw-r--   1 travis travis  3988 Jun  4 04:34 ModularCodeGen2_ModularCodeGenTypedCompositeActor.class
-rw-rw-r--   1 travis travis 11690 Jun  4 04:34 ModularCodeGen2_ModularCodeGenTypedCompositeActor.java
-rw-rw-r--   1 travis travis  1104 Jun  4 04:34 ModularCodeGen2_ModularCodeGenTypedCompositeActor.mk
-rw-rw-r--   1 travis travis  4272 Jun  4 04:34 ModularCodeGen2_ModularCodeGenTypedCompositeActor_ModularCodeGenTypedCompositeActor.class
-rw-rw-r--   1 travis travis 11790 Jun  4 04:34 ModularCodeGen2_ModularCodeGenTypedCompositeActor_ModularCodeGenTypedCompositeActor.java
-rw-rw-r--   1 travis travis  1376 Jun  4 04:34 ModularCodeGen2_ModularCodeGenTypedCompositeActor_ModularCodeGenTypedCompositeActor.mk
-rw-rw-r--   1 travis travis  1421 Jun  4 04:34 ModularCodeGen2_ModularCodeGenTypedCompositeActor_ModularCodeGenTypedCompositeActor_profile.class
-rw-rw-r--   1 travis travis  1294 Jun  4 04:34 ModularCodeGen2_ModularCodeGenTypedCompositeActor_ModularCodeGenTypedCompositeActor_profile.java
-rw-rw-r--   1 travis travis   820 Jun  4 04:34 ModularCodeGen2_ModularCodeGenTypedCompositeActor_profile.class
-rw-rw-r--   1 travis travis   693 Jun  4 04:34 ModularCodeGen2_ModularCodeGenTypedCompositeActor_profile.java
-rw-rw-r--   1 travis travis  3741 Jun  4 04:34 ModularCodeGen3_A1_B1.class
-rw-rw-r--   1 travis travis  9958 Jun  4 04:34 ModularCodeGen3_A1_B1.java
-rw-rw-r--   1 travis travis   880 Jun  4 04:34 ModularCodeGen3_A1_B1.mk
-rw-rw-r--   1 travis travis  1330 Jun  4 04:34 ModularCodeGen3_A1_B1_profile.class
-rw-rw-r--   1 travis travis  1274 Jun  4 04:34 ModularCodeGen3_A1_B1_profile.java
-rw-rw-r--   1 travis travis  3741 Jun  4 04:35 ModularCodeGen3_A1_B2.class
-rw-rw-r--   1 travis travis  9958 Jun  4 04:35 ModularCodeGen3_A1_B2.java
-rw-rw-r--   1 travis travis   880 Jun  4 04:35 ModularCodeGen3_A1_B2.mk
-rw-rw-r--   1 travis travis  1330 Jun  4 04:35 ModularCodeGen3_A1_B2_profile.class
-rw-rw-r--   1 travis travis  1274 Jun  4 04:34 ModularCodeGen3_A1_B2_profile.java
-rw-rw-r--   1 travis travis  4961 Jun  4 04:35 ModularCodeGen3_A1.class
-rw-rw-r--   1 travis travis 15564 Jun  4 04:35 ModularCodeGen3_A1.java
In "/home/travis/cg", about to execute:
-rw-rw-r--   1 travis travis   856 Jun  4 04:35 ModularCodeGen3_A1.mk
-rw-rw-r--   1 travis travis  1445 Jun  4 04:35 ModularCodeGen3_A1_profile.class
-rw-rw-r--   1 travis travis  1716 Jun  4 04:35 ModularCodeGen3_A1_profile.java
-rw-rw-r--   1 travis travis  3887 Jun  4 04:35 ModularCodeGen3_A2_B1.class
-rw-rw-r--   1 travis travis 10955 Jun  4 04:35 ModularCodeGen3_A2_B1.java
-rw-rw-r--   1 travis travis   880 Jun  4 04:35 ModularCodeGen3_A2_B1.mk
-rw-rw-r--   1 travis travis  1393 Jun  4 04:35 ModularCodeGen3_A2_B1_profile.class
-rw-rw-r--   1 travis travis  1458 Jun  4 04:35 ModularCodeGen3_A2_B1_profile.java
-rw-rw-r--   1 travis travis  3741 Jun  4 04:35 ModularCodeGen3_A2_B2.class
-rw-rw-r--   1 travis travis  9958 Jun  4 04:35 ModularCodeGen3_A2_B2.java
-rw-rw-r--   1 travis travis   880 Jun  4 04:35 ModularCodeGen3_A2_B2.mk
-rw-rw-r--   1 travis travis  1330 Jun  4 04:35 ModularCodeGen3_A2_B2_profile.class
-rw-rw-r--   1 travis travis  1274 Jun  4 04:35 ModularCodeGen3_A2_B2_profile.java
-rw-rw-r--   1 travis travis  5038 Jun  4 04:35 ModularCodeGen3_A2.class
-rw-rw-r--   1 travis travis 15957 Jun  4 04:35 ModularCodeGen3_A2.java
-rw-rw-r--   1 travis travis   856 Jun  4 04:35 ModularCodeGen3_A2.mk
-rw-rw-r--   1 travis travis  1445 Jun  4 04:35 ModularCodeGen3_A2_profile.class
-rw-rw-r--   1 travis travis  1716 Jun  4 04:35 ModularCodeGen3_A2_profile.java
-rw-rw-r--   1 travis travis  3794 Jun  4 04:35 ModularCodeGen4_A1_B1.class
-rw-rw-r--   1 travis travis 10312 Jun  4 04:35 ModularCodeGen4_A1_B1.java
-rw-rw-r--   1 travis travis   880 Jun  4 04:35 ModularCodeGen4_A1_B1.mk
-rw-rw-r--   1 travis travis  1330 Jun  4 04:35 ModularCodeGen4_A1_B1_profile.class
-rw-rw-r--   1 travis travis  1273 Jun  4 04:35 ModularCodeGen4_A1_B1_profile.java
-rw-rw-r--   1 travis travis  3794 Jun  4 04:35 ModularCodeGen4_A1_B2.class
-rw-rw-r--   1 travis travis 10312 Jun  4 04:35 ModularCodeGen4_A1_B2.java
-rw-rw-r--   1 travis travis   880 Jun  4 04:35 ModularCodeGen4_A1_B2.mk
-rw-rw-r--   1 travis travis  1330 Jun  4 04:35 ModularCodeGen4_A1_B2_profile.class
-rw-rw-r--   1 travis travis  1273 Jun  4 04:35 ModularCodeGen4_A1_B2_profile.java
    javac -classpath
.:/home/travis/build/icyphy/ptII:/home/travis/build/icyphy/ptII/lib/bsh-2.0b4.j
ar:/home/travis/build/icyphy/ptII/lib/ptCal.jar:/home/travis/build/icyphy/ptII/
lib/java_cup.jar:/home/travis/build/icyphy/ptII/lib/saxon8.jar:/home/travis/bui
ld/icyphy/ptII/lib/saxon8-dom.jar:/home/travis/build/icyphy/ptII/lib/chic.jar:/
home/travis/build/icyphy/ptII/lib/ptcolt.jar:/usr/lib/jvm/java-8-oracle/lib/too
ls.jar:/home/travis/build/icyphy/ptII/vendors/misc/itext/iText.jar:/home/travis
/build/icyphy/ptII/lib/g4ltl.jar:/home/travis/build/icyphy/ptII/lib/StructuralC
oder.jar:/home/travis/build/icyphy/ptII/vendors/jai-1_1_2_01/lib/jai_core.jar:/
home/travis/build/icyphy/ptII/vendors/jai-1_1_2_01/lib/jai_codec.jar:/home/trav
is/build/icyphy/ptII/lib/jcerti.jar:/home/travis/build/icyphy/ptII/lib/javax.ma
il.jar:/home/travis/build/icyphy/ptII/vendors/JMF-2.1.1e/lib/jmf.jar:/home/trav
is/build/icyphy/ptII/lib/jna-4.0.0-variadic.jar:/home/travis/build/icyphy/ptII/
vendors/misc/joystick/Joystick.jar:/home/travis/build/icyphy/ptII/lib/ptjacl.ja
r:/home/travis/build/icyphy/ptII/lib/jsoup-1.8.2.jar:/home/travis/build/icyphy/
ptII/lib/junit-4.8.2.jar:/home/travis/build/icyphy/ptII/lib/JUnitParams-0.4.0.j
ar:/home/travis/build/icyphy/ptII/ptolemy/actor/lib/excel/jxl.jar:/home/travis/
build/icyphy/ptII/lib/jython.jar:/home/travis/build/icyphy/ptII/lib/kieler.jar:
/home/travis/build/icyphy/ptII/vendors/opencv/share/OpenCV/java/opencv-341.jar:
/home/travis/build/icyphy/ptII/lib/oscP5.jar:/home/travis/build/icyphy/ptII/lib
/nrjavaserial-3.11.0.devel.jar:/home/travis/build/icyphy/ptII/vendors/j3d/lib/j
3dcore.jar:/home/travis/build/icyphy/ptII/vendors/j3d/lib/j3dutils.jar:/home/tr
avis/build/icyphy/ptII/vendors/j3d/lib/vecmath.jar:/home/travis/build/icyphy/pt
II/ptolemy/distributed/jini/jar/jini-core.jar:/home/travis/build/icyphy/ptII/pt
olemy/distributed/jini/jar/jini-ext.jar:/home/travis/build/icyphy/ptII/ptolemy/
distributed/jini/jar/sun-util.jar:/home/travis/build/icyphy/ptII/lib/protobuf-j
ava-2.4.1.jar:/home/travis/build/icyphy/ptII/lib/org.eclipse.paho.client.mqttv3
.jar:/home/travis/build/icyphy/ptII/lib/mapss.jar:/home/travis/build/icyphy/ptI
I/ptolemy/actor/ptalon/antlr/antlr.jar:/home/travis/build/icyphy/ptII/lib/JRI.j
ar:/home/travis/build/icyphy/ptII/lib/commons-lang-2.6.jar:/home/travis/build/i
cyphy/ptII/lib/commons-logging-1.1.1.jar:/home/travis/build/icyphy/ptII/lib/soo
tclasses.jar:/home/travis/build/icyphy/ptII/ptolemy/actor/lib/database/mysql-co
nnector-java-5.1.6-bin.jar:/home/travis/build/icyphy/ptII/vendors/misc/sphinx4/
sphinx4-data-5prealpha.jar:/home/travis/build/icyphy/ptII/vendors/misc/sphinx4/
sphinx4-core-5prealpha.jar:/home/travis/build/icyphy/ptII/lib/PDFRenderer.jar:/
home/travis/build/icyphy/ptII/lib/svgSalamander.jar:/home/travis/build/icyphy/p
tII/lib/rsyntaxtextarea-2.6.0-SNAPSHOT.jar:/home/travis/build/icyphy/ptII/lib/h
azelcast-3.8.2.jar:/home/travis/build/icyphy/ptII/lib/jackson-annotations-2.9.0
.jar:/home/travis/build/icyphy/ptII/lib/jackson-core-2.9.3.jar:/home/travis/bui
ld/icyphy/ptII/lib/jackson-databind-2.9.3.jar:/home/travis/build/icyphy/ptII/li
b/netty-buffer-4.1.19.Final.jar:/home/travis/build/icyphy/ptII/lib/netty-codec-
4.1.19.Final.jar:/home/travis/build/icyphy/ptII/lib/netty-codec-dns-4.1.19.Fina
l.jar:/home/travis/build/icyphy/ptII/lib/netty-codec-http-4.1.19.Final.jar:/hom
e/travis/build/icyphy/ptII/lib/netty-codec-http2-4.1.19.Final.jar:/home/travis/
build/icyphy/ptII/lib/netty-common-4.1.19.Final.jar:/home/travis/build/icyphy/p
tII/lib/netty-handler-4.1.19.Final.jar:/home/travis/build/icyphy/ptII/lib/netty
-resolver-4.1.19.Final.jar:/home/travis/build/icyphy/ptII/lib/netty-resolver-dn
s-4.1.19.Final.jar:/home/travis/build/icyphy/ptII/lib/netty-transport-4.1.19.Fi
nal.jar:/home/travis/build/icyphy/ptII/lib/vertx-codegen-3.5.1.jar:/home/travis
/build/icyphy/ptII/lib/vertx-core-3.5.2-SNAPSHOT.jar:/home/travis/build/icyphy/
ptII/lib/vertx-hazelcast-3.5.1.jar:/home/travis/build/icyphy/ptII/lib/vertx-lan
g-js-3.5.1.jar:/home/travis/build/icyphy/ptII/lib/vertx-service-proxy-3.5.1.jar
:/home/travis/build/icyphy/ptII/lib/vertx-web-3.5.1.jar:/home/travis/build/icyp
hy/ptII/lib/slf4j-api-1.7.13.jar:/home/travis/build/icyphy/ptII/lib/slf4j-simpl
e-1.7.13.jar:/home/travis/build/icyphy/ptII/lib/webcam-capture-0.3.12.jar:/home
/travis/build/icyphy/ptII/lib/bridj-0.7.0.jar:/home/travis/build/icyphy/ptII/li
b/xbjlib-1.1.0.nrjavaserial.jar:/home/travis/build/icyphy/ptII/ptolemy/moml/tes
t:/home/travis/build/icyphy/ptII/ant/lib/ant-launcher.jar:/home/travis/build/ic
yphy/ptII/ant/lib/ant.jar:/home/travis/build/icyphy/ptII/ant/lib/ant-junit.jar:
/home/travis/build/icyphy/ptII/ant/lib/ant-junit4.jar:/home/travis/build/icyphy
/ptII PubSubAggModularCodeGen_ModularCodeGenTypedComposite_profile.java
-rw-rw-r--   1 travis travis  5101 Jun  4 04:35 ModularCodeGen4_A1.class
-rw-rw-r--   1 travis travis 16245 Jun  4 04:35 ModularCodeGen4_A1.java
-rw-rw-r--   1 travis travis   856 Jun  4 04:35 ModularCodeGen4_A1.mk
-rw-rw-r--   1 travis travis  1445 Jun  4 04:35 ModularCodeGen4_A1_profile.class
-rw-rw-r--   1 travis travis  1712 Jun  4 04:35 ModularCodeGen4_A1_profile.java
-rw-rw-r--   1 travis travis  3988 Jun  4 04:35 ModularCodeGen4_A2_B1.class
-rw-rw-r--   1 travis travis 11375 Jun  4 04:35 ModularCodeGen4_A2_B1.java
-rw-rw-r--   1 travis travis   880 Jun  4 04:35 ModularCodeGen4_A2_B1.mk
-rw-rw-r--   1 travis travis  1393 Jun  4 04:35 ModularCodeGen4_A2_B1_profile.class
-rw-rw-r--   1 travis travis  1454 Jun  4 04:35 ModularCodeGen4_A2_B1_profile.java
-rw-rw-r--   1 travis travis  3842 Jun  4 04:35 ModularCodeGen4_A2_B2.class
-rw-rw-r--   1 travis travis 10378 Jun  4 04:35 ModularCodeGen4_A2_B2.java
-rw-rw-r--   1 travis travis   880 Jun  4 04:35 ModularCodeGen4_A2_B2.mk
-rw-rw-r--   1 travis travis  1330 Jun  4 04:35 ModularCodeGen4_A2_B2_profile.class
-rw-rw-r--   1 travis travis  1270 Jun  4 04:35 ModularCodeGen4_A2_B2_profile.java
-rw-rw-r--   1 travis travis  5274 Jun  4 04:35 ModularCodeGen4_A2.class
-rw-rw-r--   1 travis travis 16770 Jun  4 04:35 ModularCodeGen4_A2.java
-rw-rw-r--   1 travis travis   856 Jun  4 04:35 ModularCodeGen4_A2.mk
-rw-rw-r--   1 travis travis  1445 Jun  4 04:35 ModularCodeGen4_A2_profile.class
-rw-rw-r--   1 travis travis  1712 Jun  4 04:35 ModularCodeGen4_A2_profile.java
-rw-rw-r--   1 travis travis  6838 Jun  4 04:35 ModularCodeGen5_A_A.class
-rw-rw-r--   1 travis travis 28721 Jun  4 04:35 ModularCodeGen5_A_A.java
-rw-rw-r--   1 travis travis   864 Jun  4 04:35 ModularCodeGen5_A_A.mk
-rw-rw-r--   1 travis travis  1520 Jun  4 04:35 ModularCodeGen5_A_A_profile.class
-rw-rw-r--   1 travis travis  1815 Jun  4 04:35 ModularCodeGen5_A_A_profile.java
-rw-rw-r--   1 travis travis  5115 Jun  4 04:35 ModularCodeGen5_A.class
-rw-rw-r--   1 travis travis 13769 Jun  4 04:35 ModularCodeGen5_A.java
-rw-rw-r--   1 travis travis   848 Jun  4 04:35 ModularCodeGen5_A.mk
-rw-rw-r--   1 travis travis  1422 Jun  4 04:35 ModularCodeGen5_A_profile.class
-rw-rw-r--   1 travis travis  1605 Jun  4 04:35 ModularCodeGen5_A_profile.java
-rw-rw-r--   1 travis travis  4125 Jun  4 04:35 ModularCodeGen6_A_A2.class
-rw-rw-r--   1 travis travis 11329 Jun  4 04:35 ModularCodeGen6_A_A2.java
-rw-rw-r--   1 travis travis   872 Jun  4 04:35 ModularCodeGen6_A_A2.mk
-rw-rw-r--   1 travis travis  1351 Jun  4 04:35 ModularCodeGen6_A_A2_profile.class
-rw-rw-r--   1 travis travis  1364 Jun  4 04:35 ModularCodeGen6_A_A2_profile.java
-rw-rw-r--   1 travis travis  4108 Jun  4 04:35 ModularCodeGen6_A_A.class
-rw-rw-r--   1 travis travis 11221 Jun  4 04:35 ModularCodeGen6_A_A.java
-rw-rw-r--   1 travis travis   864 Jun  4 04:35 ModularCodeGen6_A_A.mk
-rw-rw-r--   1 travis travis  1348 Jun  4 04:35 ModularCodeGen6_A_A_profile.class
-rw-rw-r--   1 travis travis  1361 Jun  4 04:35 ModularCodeGen6_A_A_profile.java
-rw-rw-r--   1 travis travis  7237 Jun  4 04:35 ModularCodeGen6_A.class
-rw-rw-r--   1 travis travis 26535 Jun  4 04:35 ModularCodeGen6_A.java
-rw-rw-r--   1 travis travis   848 Jun  4 04:35 ModularCodeGen6_A.mk
-rw-rw-r--   1 travis travis  1483 Jun  4 04:35 ModularCodeGen6_A_profile.class
-rw-rw-r--   1 travis travis  1810 Jun  4 04:35 ModularCodeGen6_A_profile.java
-rw-rw-r--   1 travis travis  9439 Jun  4 04:35 ModularCodeGenLazyPubSubGlobal_CompositeActor_ModularCodeGenTypedComposite.class
-rw-rw-r--   1 travis travis 30161 Jun  4 04:35 ModularCodeGenLazyPubSubGlobal_CompositeActor_ModularCodeGenTypedComposite.java
-rw-rw-r--   1 travis travis  1304 Jun  4 04:35 ModularCodeGenLazyPubSubGlobal_CompositeActor_ModularCodeGenTypedComposite.mk
-rw-rw-r--   1 travis travis  1438 Jun  4 04:35 ModularCodeGenLazyPubSubGlobal_CompositeActor_ModularCodeGenTypedComposite_profile.class
-rw-rw-r--   1 travis travis  1384 Jun  4 04:35 ModularCodeGenLazyPubSubGlobal_CompositeActor_ModularCodeGenTypedComposite_profile.java
-rw-rw-r--   1 travis travis  3952 Jun  4 04:35 ModularCodeGenLazyPubSub_LazyCompositeActor.class
-rw-rw-r--   1 travis travis 11122 Jun  4 04:35 ModularCodeGenLazyPubSub_LazyCompositeActor.java
-rw-rw-r--   1 travis travis  1056 Jun  4 04:35 ModularCodeGenLazyPubSub_LazyCompositeActor.mk
-rw-rw-r--   1 travis travis  1286 Jun  4 04:35 ModularCodeGenLazyPubSub_LazyCompositeActor_profile.class
-rw-rw-r--   1 travis travis  1091 Jun  4 04:35 ModularCodeGenLazyPubSub_LazyCompositeActor_profile.java
-rw-rw-r--   1 travis travis  3954 Jun  4 04:34 ModularCodeGen_ModularCodeGenTypedCompositeActor.class
-rw-rw-r--   1 travis travis 10970 Jun  4 04:34 ModularCodeGen_ModularCodeGenTypedCompositeActor.java
-rw-rw-r--   1 travis travis  1096 Jun  4 04:34 ModularCodeGen_ModularCodeGenTypedCompositeActor.mk
-rw-rw-r--   1 travis travis  1384 Jun  4 04:34 ModularCodeGen_ModularCodeGenTypedCompositeActor_profile.class
-rw-rw-r--   1 travis travis  1328 Jun  4 04:34 ModularCodeGen_ModularCodeGenTypedCompositeActor_profile.java
-rw-rw-r--   1 travis travis  3441 Jun  4 04:35 ModularCodeGenPubSub2_A1_A.class
-rw-rw-r--   1 travis travis  8578 Jun  4 04:35 ModularCodeGenPubSub2_A1_A.java
-rw-rw-r--   1 travis travis   920 Jun  4 04:35 ModularCodeGenPubSub2_A1_A.mk
-rw-rw-r--   1 travis travis  1274 Jun  4 04:35 ModularCodeGenPubSub2_A1_A_profile.class
-rw-rw-r--   1 travis travis  1128 Jun  4 04:35 ModularCodeGenPubSub2_A1_A_profile.java
-rw-rw-r--   1 travis travis  3733 Jun  4 04:35 ModularCodeGenPubSub2_A1.class
-rw-rw-r--   1 travis travis  9781 Jun  4 04:35 ModularCodeGenPubSub2_A1.java
-rw-rw-r--   1 travis travis   904 Jun  4 04:35 ModularCodeGenPubSub2_A1.mk
-rw-rw-r--   1 travis travis  1268 Jun  4 04:35 ModularCodeGenPubSub2_A1_profile.class
-rw-rw-r--   1 travis travis  1196 Jun  4 04:35 ModularCodeGenPubSub2_A1_profile.java
-rw-rw-r--   1 travis travis  3437 Jun  4 04:35 ModularCodeGenPubSub3_A1_A2.class
-rw-rw-r--   1 travis travis  8599 Jun  4 04:35 ModularCodeGenPubSub3_A1_A2.java
-rw-rw-r--   1 travis travis   928 Jun  4 04:35 ModularCodeGenPubSub3_A1_A2.mk
-rw-rw-r--   1 travis travis  1287 Jun  4 04:35 ModularCodeGenPubSub3_A1_A2_profile.class
-rw-rw-r--   1 travis travis  1132 Jun  4 04:35 ModularCodeGenPubSub3_A1_A2_profile.java
-rw-rw-r--   1 travis travis  3856 Jun  4 04:35 ModularCodeGenPubSub3_A1.class
-rw-rw-r--   1 travis travis 10100 Jun  4 04:35 ModularCodeGenPubSub3_A1.java
-rw-rw-r--   1 travis travis   904 Jun  4 04:35 ModularCodeGenPubSub3_A1.mk
-rw-rw-r--   1 travis travis  1358 Jun  4 04:35 ModularCodeGenPubSub3_A1_profile.class
-rw-rw-r--   1 travis travis  1400 Jun  4 04:35 ModularCodeGenPubSub3_A1_profile.java
-rw-rw-r--   1 travis travis  3441 Jun  4 04:35 ModularCodeGenPubSub4_A1_A.class
-rw-rw-r--   1 travis travis  8578 Jun  4 04:35 ModularCodeGenPubSub4_A1_A.java
-rw-rw-r--   1 travis travis   920 Jun  4 04:35 ModularCodeGenPubSub4_A1_A.mk
-rw-rw-r--   1 travis travis  1274 Jun  4 04:35 ModularCodeGenPubSub4_A1_A_profile.class
-rw-rw-r--   1 travis travis  1128 Jun  4 04:35 ModularCodeGenPubSub4_A1_A_profile.java
-rw-rw-r--   1 travis travis  3683 Jun  4 04:35 ModularCodeGenPubSub4_A1.class
-rw-rw-r--   1 travis travis  9231 Jun  4 04:35 ModularCodeGenPubSub4_A1.java
-rw-rw-r--   1 travis travis   904 Jun  4 04:35 ModularCodeGenPubSub4_A1.mk
-rw-rw-r--   1 travis travis  1247 Jun  4 04:35 ModularCodeGenPubSub4_A1_profile.class
-rw-rw-r--   1 travis travis  1137 Jun  4 04:35 ModularCodeGenPubSub4_A1_profile.java
-rw-rw-r--   1 travis travis  3475 Jun  4 04:35 ModularCodeGenPubSub_A1.class
-rw-rw-r--   1 travis travis  9060 Jun  4 04:35 ModularCodeGenPubSub_A1.java
-rw-rw-r--   1 travis travis   896 Jun  4 04:35 ModularCodeGenPubSub_A1.mk
-rw-rw-r--   1 travis travis  1278 Jun  4 04:35 ModularCodeGenPubSub_A1_profile.class
-rw-rw-r--   1 travis travis  1195 Jun  4 04:35 ModularCodeGenPubSub_A1_profile.java
-rw-rw-r--   1 travis travis  3492 Jun  4 04:34 ModularCodeGenTest_A1_A2.class
-rw-rw-r--   1 travis travis   904 Jun  4 04:34 ModularCodeGenTest_A1_A2.mk
-rw-rw-r--   1 travis travis  1306 Jun  4 04:34 ModularCodeGenTest_A1_A2_profile.class
-rw-rw-r--   1 travis travis  3823 Jun  4 04:34 ModularCodeGenTest_A1.class
-rw-rw-r--   1 travis travis  9968 Jun  4 04:34 ModularCodeGenTest_A1.java
-rw-rw-r--   1 travis travis   880 Jun  4 04:34 ModularCodeGenTest_A1.mk
-rw-rw-r--   1 travis travis  1352 Jun  4 04:34 ModularCodeGenTest_A1_profile.class
-rw-rw-r--   1 travis travis  1394 Jun  4 04:34 ModularCodeGenTest_A1_profile.java
drwxrwxr-x   3 travis travis 36864 Jun  4 04:34 modulation2
drwxrwxr-x   3 travis travis 20480 Jun  4 04:31 Multiplexor
drwxrwxr-x 242 travis travis 12288 Jun  4 04:34 node_modules
drwxrwxr-x   3 travis travis 20480 Jun  4 04:31 PhaseUnwrap
-rw-rw-r--   1 travis travis  1007 Jun  4 04:35 PubSubAggModularCodeGen_ModularCodeGenTypedComposite_profile.java
-rw-rw-r--   1 travis travis   520 Jun  4 04:34 Repeat$_fireFunction_Repeat_Repeat$__f_sL_0.class
-rw-rw-r--   1 travis travis   522 Jun  4 04:34 Repeat$_fireFunction_Repeat_Repeat$__f_sL_10.class
-rw-rw-r--   1 travis travis   666 Jun  4 04:34 Repeat$_fireFunction_Repeat_Repeat$__f_sL_11.class
-rw-rw-r--   1 travis travis   522 Jun  4 04:34 Repeat$_fireFunction_Repeat_Repeat$__f_sL_13.class
-rw-rw-r--   1 travis travis   665 Jun  4 04:34 Repeat$_fireFunction_Repeat_Repeat$__f_sL_1.class
-rw-rw-r--   1 travis travis   520 Jun  4 04:34 Repeat$_fireFunction_Repeat_Repeat$__f_sL_2.class
-rw-rw-r--   1 travis travis   520 Jun  4 04:34 Repeat$_fireFunction_Repeat_Repeat$__f_sL_3.class
-rw-rw-r--   1 travis travis   520 Jun  4 04:34 Repeat$_fireFunction_Repeat_Repeat$__f_sL_5.class
-rw-rw-r--   1 travis travis   671 Jun  4 04:34 Repeat$_fireFunction_Repeat_Repeat$__f_sL_7.class
-rw-rw-r--   1 travis travis   520 Jun  4 04:34 Repeat$_fireFunction_Repeat_Repeat$__f_sL_9.class
-rw-rw-r--   1 travis travis   813 Jun  4 04:34 Repeat$_initialize_Repeat.class
-rw-rw-r--   1 travis travis   475 Jun  4 04:34 Repeat$_initialize_Repeat$__i_sL_0.class
-rw-rw-r--   1 travis travis   519 Jun  4 04:34 Repeat$_initialize_Repeat$__i_sL_3.class
-rw-rw-r--   1 travis travis 39778 Jun  4 04:34 Repeat.java
-rw-rw-r--   1 travis travis  1281 Jun  4 04:34 Repeat.mk
-rw-rw-r--   1 travis travis   520 Jun  4 04:34 Repeat$_preinitializeMethod_Repeat$__p_sL_0.class
-rw-rw-r--   1 travis travis   520 Jun  4 04:34 Repeat$_preinitializeMethod_Repeat$__p_sL_1.class
-rw-rw-r--   1 travis travis  1083 Jun  4 04:34 Repeat$_Repeat$_fireFunction_Repeat_AddSubtract_Repeat.class
-rw-rw-r--   1 travis travis   791 Jun  4 04:34 Repeat$_Repeat$_fireFunction_Repeat_AddSubtract_Repeat$__f_sL_0.class
-rw-rw-r--   1 travis travis   909 Jun  4 04:34 Repeat$_Repeat$_fireFunction_Repeat_AddSubtract_Repeat$__f_sL_1.class
-rw-rw-r--   1 travis travis   915 Jun  4 04:34 Repeat$_Repeat$_fireFunction_Repeat_AddSubtract_Repeat$__f_sL_2.class
-rw-rw-r--   1 travis travis   838 Jun  4 04:34 Repeat$_Repeat$_fireFunction_Repeat_Ramp2_Repeat$__f_sL_1.class
-rw-rw-r--   1 travis travis  1785 Jun  4 04:34 Repeat$_Repeat$_fireFunction_Repeat_Test_Repeat$__f_sL_2.class
-rw-rw-r--   1 travis travis   685 Jun  4 04:34 Repeat$_Repeat_SDF_Director_run_Repeat$__R_sL_0.class
-rw-rw-r--   1 travis travis   540 Jun  4 04:34 Repeat$_Repeat_SDF_Director_run_Repeat$__R_sL_1.class
-rw-rw-r--   1 travis travis   540 Jun  4 04:34 Repeat$_Repeat_SDF_Director_run_Repeat$__R_sL_2.class
-rw-rw-r--   1 travis travis   540 Jun  4 04:34 Repeat$_Repeat_SDF_Director_run_Repeat$__R_sL_4.class
-rw-rw-r--   1 travis travis   540 Jun  4 04:34 Repeat$_Repeat_SDF_Director_run_Repeat$__R_sL_5.class
-rw-rw-r--   1 travis travis   691 Jun  4 04:34 Repeat$_Repeat_SDF_Director_run_Repeat$__R_sL_6.class
-rw-rw-r--   1 travis travis   540 Jun  4 04:34 Repeat$_Repeat_SDF_Director_run_Repeat$__R_sL_7.class
-rw-rw-r--   1 travis travis   863 Jun  4 04:34 Repeat$_varinit_Repeat.class
-rw-rw-r--   1 travis travis   530 Jun  4 04:34 Repeat$_varinit_Repeat$__v_sL_1.class
-rw-rw-r--   1 travis travis   531 Jun  4 04:34 Repeat$_varinit_Repeat$__v_sL_2.class
-rw-rw-r--   1 travis travis   905 Jun  4 04:34 Repeat$_varinit_Repeat$__v_sL_4.class
-rw-rw-r--   1 travis travis   635 Jun  4 04:34 Repeat$_wrapup_Repeat.class
-rw-rw-r--   1 travis travis   965 Jun  4 04:34 Repeat$_wrapup_Repeat$__w_sL_1.class
-rw-rw-r--   1 travis travis   289 Jun  4 04:29 result.csv
drwxrwxr-x   3 travis travis 12288 Jun  4 04:32 Scrambler1
drwxrwxr-x   3 travis travis 20480 Jun  4 04:31 Sinewave2
drwxrwxr-x   3 travis travis 69632 Jun  4 04:32 StringCompare
drwxrwxr-x   3 travis travis 32768 Jun  4 04:32 StringFunction
drwxrwxr-x   3 travis travis 12288 Jun  4 04:32 StringLength
drwxrwxr-x   3 travis travis 57344 Jun  4 04:33 StringSimpleReplace
drwxrwxr-x   3 travis travis 12288 Jun  4 04:33 time2
drwxrwxr-x   3 travis travis 12288 Jun  4 04:34 time5
-rw-rw-r--   1 travis travis   432 Jun  4 04:35 Token.class
-rw-rw-r--   1 travis travis   251 Jun  4 04:35 Token.java
-rw-rw-r--   1 travis travis     0 Jun  4 04:34 top.
-rw-rw-r--   1 travis travis 20502 Jun  4 04:29 top.c
-rw-rw-r--   1 travis travis  3567 Jun  4 04:34 top.class
-rw-rw-r--   1 travis travis   169 Jun  4 04:29 top.html
-rw-rw-r--   1 travis travis  7552 Jun  4 04:34 top.java
-rw-rw-r--   1 travis travis 38888 Jun  4 04:29 top.o
drwxrwxr-x   3 travis travis 57344 Jun  4 04:31 UnaryMathFunction
All Done
Writing PubSubAggModularCodeGen_ModularCodeGenTypedComposite.java in file:/home/travis/cg/ (27850 characters)
Reading "ptolemy/cg/kernel/generic/program/procedural/java/modular/makefile.in",
    writing "/home/travis/cg/PubSubAggModularCodeGen_ModularCodeGenTypedComposite.mk"
Using ptolemy/cg/kernel/generic/program/procedural/java/modular/makefile.in
In "/home/travis/cg", about to execute:
    make -f PubSubAggModularCodeGen_ModularCodeGenTypedComposite.mk
javac -classpath ".:.."    PubSubAggModularCodeGen_ModularCodeGenTypedComposite.java
All Done
2067 ms. Memory: 205312K Free: 101912K (50%)
----------------- Invoking toplevel() on ptolemy.moml.MoMLSimpleApplication@7c899f34
----------------- Done invoking toplevel() on ptolemy.moml.MoMLSimpleApplication@7c899f34
reloadAllAccessors: .PubSubAggModularCodeGen

===========================================================================================
----------------- testing Tue Jun 04 04:35:53 UTC 2019 /home/travis/build/icyphy/ptII/ptolemy/cg/lib/test/auto/PubSubAggTypedComposite.xml
----------------- Instantiating /home/travis/build/icyphy/ptII/ptolemy/cg/lib/test/auto/PubSubAggTypedComposite.xml
8 ms. Memory: 205312K Free: 94466K (46%)
----------------- Invoking toplevel() on ptolemy.moml.MoMLSimpleApplication@91d716
----------------- Done invoking toplevel() on ptolemy.moml.MoMLSimpleApplication@91d716
reloadAllAccessors: .PubSubAggTypedComposite

===========================================================================================
----------------- testing Tue Jun 04 04:35:53 UTC 2019 /home/travis/build/icyphy/ptII/ptolemy/cg/lib/test/auto/PubSubAggTypedCompositeWidth2.xml
----------------- Instantiating /home/travis/build/icyphy/ptII/ptolemy/cg/lib/test/auto/PubSubAggTypedCompositeWidth2.xml
6 ms. Memory: 205312K Free: 85330K (42%)
----------------- Invoking toplevel() on ptolemy.moml.MoMLSimpleApplication@558a47d6
----------------- Done invoking toplevel() on ptolemy.moml.MoMLSimpleApplication@558a47d6
reloadAllAccessors: .PubSubAggTypedCompositeWidth2

===========================================================================================
----------------- testing Tue Jun 04 04:35:53 UTC 2019 /home/travis/build/icyphy/ptII/ptolemy/cg/lib/test/auto/ScaleJava.xml
----------------- Instantiating /home/travis/build/icyphy/ptII/ptolemy/cg/lib/test/auto/ScaleJava.xml
CompiledCompositeActor: Building shared object: The sharedObjectFile has a modification time that is earlier than the modelFile modification time.
Writing ScaleJava_EmbeddedActor.java in file:/home/travis/cg/ (9202 characters)
Reading "ptolemy/cg/kernel/generic/program/procedural/java/makefile.in",
    writing "/home/travis/cg/ScaleJava_EmbeddedActor.mk"
Using ptolemy/cg/kernel/generic/program/procedural/java/makefile.in
In "/home/travis/cg", about to execute:
    make -f ScaleJava_EmbeddedActor.mk
javac -classpath ".:."    ScaleJava_EmbeddedActor.java
All Done
797 ms. Memory: 205312K Free: 63879K (31%)
----------------- Invoking toplevel() on ptolemy.moml.MoMLSimpleApplication@4074a732
----------------- Done invoking toplevel() on ptolemy.moml.MoMLSimpleApplication@4074a732
reloadAllAccessors: .ScaleJava
AutoTests.java: About to close Vertx.
AutoTests.java: Vertx closed.
]]></system-out>
  <system-err><![CDATA[]]></system-err>
</testsuite>
