<?xml version="1.0" encoding="UTF-8" ?>
<testsuite errors="2" failures="2" hostname="travis-job-f9ef38b3-f897-4413-8622-d98664ab4fbd" name="ptolemy.actor.lib.test.junit.JUnitTclTest" skipped="0" tests="517" time="63.411" timestamp="2019-07-12T17:13:49">
  <properties>
    <property name="npm.executable" value="npm" />
    <property name="env.TRAVIS_ROOT" value="/" />
    <property name="ptII.mk.exists" value="true" />
    <property name="env.TRAVIS_APP_HOST" value="build.travis-ci.org" />
    <property name="env.rvm_bin_path" value="/home/travis/.rvm/bin" />
    <property name="java.home" value="/usr/local/lib/jvm/openjdk11" />
    <property name="env.TRAVIS_JOB_NUMBER" value="1226.8" />
    <property name="env.TRAVIS_HOME" value="/home/travis" />
    <property name="env.DISPLAY" value=":99.0" />
    <property name="env.TRAVIS_INIT" value="systemd" />
    <property name="env.SSH_TTY" value="/dev/pts/0" />
    <property name="java.net.preferIPv4Stack" value="true" />
    <property name="env.RUN_TESTS" value="true" />
    <property name="timeout.short" value="1000000" />
    <property name="junit.formatter" value="xml" />
    <property name="env.TRAVIS_SUDO" value="true" />
    <property name="env.TRAVIS_JOB_NAME" value="" />
    <property name="env.TRAVIS_STACK_NODE_ATTRIBUTES" value="/.node-attributes.yml" />
    <property name="env.LOGNAME" value="travis" />
    <property name="env.PT_TRAVIS_TEST_CORE1_XML" value="true" />
    <property name="jsdoc.home" value="node_modules/@terraswarm/jsdoc" />
    <property name="debuglevel" value="source,lines,vars" />
    <property name="checkstyle.formatter" value="xml" />
    <property name="env._system_version" value="16.04" />
    <property name="bin.vergil.makeable" value="true" />
    <property name="sun.os.patch.level" value="unknown" />
    <property name="java.vendor.url" value="http://java.oracle.com/" />
    <property name="env.TRAVIS_BUILD_WEB_URL" value="https://travis-ci.org/icyphy/ptII/builds/557933619" />
    <property name="java.version" value="11.0.2" />
    <property name="env.TZ" value="UTC" />
    <property name="env.TRAVIS_PULL_REQUEST_SHA" value="" />
    <property name="env.PT_NO_NET" value="true" />
    <property name="env.TRAVIS_SECURE_ENV_VARS" value="true" />
    <property name="env._system_type" value="Linux" />
    <property name="java.vendor.url.bug" value="http://bugreport.java.com/bugreport/" />
    <property name="npmjs-org-is-up" value="true" />
    <property name="env.LANGUAGE" value="en_US.UTF-8" />
    <property name="env.SSH_CLIENT" value="10.10.16.165 50698 22" />
    <property name="env.GEM_HOME" value="/home/travis/.rvm/gems/ruby-2.5.3" />
    <property name="env.HAS_ANTARES_THREE_LITTLE_FRONZIES_BADGE" value="true" />
    <property name="java.version.date" value="2019-01-15" />
    <property name="env.PS4" value="+" />
    <property name="ant.project.invoked-targets" value="build,test.core1.xml" />
    <property name="env.TRAVIS_PULL_REQUEST_BRANCH" value="" />
    <property name="env.TRAVIS_REPO_SLUG" value="icyphy/ptII" />
    <property name="env.XDG_DATA_DIRS" value="/usr/local/share:/usr/share:/var/lib/snapd/desktop" />
    <property name="jdk.debug" value="release" />
    <property name="env.TRAVIS_APT_PROXY" value="http://apt.cache.travis-ci.com" />
    <property name="node.in.path" value="true" />
    <property name="user.name" value="travis" />
    <property name="java.maxmemory" value="1400m" />
    <property name="env.RUBY_VERSION" value="ruby-2.5.3" />
    <property name="env.LANG" value="en_US.UTF-8" />
    <property name="sun.io.unicode.encoding" value="UnicodeLittle" />
    <property name="sun.jnu.encoding" value="UTF-8" />
    <property name="java.runtime.name" value="OpenJDK Runtime Environment" />
    <property name="usefile" value="false" />
    <property name="return.code" value="0" />
    <property name="junit.single.formatter" value="plain" />
    <property name="env.DYLD_LIBRARY_PATH" value="/home/travis/pthla/certi-tools/lib:" />
    <property name="env.DEBIAN_FRONTEND" value="noninteractive" />
    <property name="env.SSH_CONNECTION" value="10.10.16.165 50698 10.20.4.95 22" />
    <property name="env.MYSQL_UNIX_PORT" value="/var/run/mysqld/mysqld.sock" />
    <property name="env.LC_ALL" value="en_US.UTF-8" />
    <property name="env.TRAVIS_ALLOW_FAILURE" value="false" />
    <property name="env.TRAVIS_JOB_WEB_URL" value="https://travis-ci.org/icyphy/ptII/jobs/557933627" />
    <property name="java.specification.name" value="Java Platform API Specification" />
    <property name="node.works" value="true" />
    <property name="user.timezone" value="" />
    <property name="path.separator" value=":" />
    <property name="env.TRAVIS_ENABLE_INFRA_DETECTION" value="true" />
    <property name="env.PYTHON_CFLAGS" value="-g -fstack-protector --param=ssp-buffer-size=4 -Wformat -Werror=format-security" />
    <property name="timeout.long" value="4000000" />
    <property name="env.CERTI_HOME" value="/home/travis/pthla/certi-tools" />
    <property name="ant.file.ptII" value="/home/travis/build/icyphy/ptII/build.xml" />
    <property name="javadoc.packagenames" value="com.*,diva.*,lbnl.*,org.hlacerti.*,org.json.*,org.ptolemy.*,org.terraswarm.*,ptolemy.*,ptserver.*" />
    <property name="file.encoding" value="UTF-8" />
    <property name="env.TRAVIS_PULL_REQUEST_SLUG" value="" />
    <property name="ant.project.default-target" value="build" />
    <property name="env.GIT_ASKPASS" value="echo" />
    <property name="env.HOME" value="/home/travis" />
    <property name="sun.java.command" value="org.apache.tools.ant.taskdefs.optional.junit.JUnitTestRunner ptolemy.actor.lib.test.junit.JUnitTclTest skipNonTests=false filtertrace=true haltOnError=false haltOnFailure=false formatter=org.apache.tools.ant.taskdefs.optional.junit.OutErrSummaryJUnitResultFormatter showoutput=true outputtoformatters=true logfailedtests=true threadid=0 logtestlistenerevents=false formatter=org.apache.tools.ant.taskdefs.optional.junit.XMLJUnitResultFormatter,/home/travis/build/icyphy/ptII/reports/junit/TEST-ptolemy.actor.lib.test.junit.JUnitTclTest.xml crashfile=/home/travis/build/icyphy/ptII/junitvmwatcher3815561575991034873.properties propsfile=/home/travis/build/icyphy/ptII/junit8513164603168638026.properties" />
    <property name="env.COMPOSER_NO_INTERACTION" value="1" />
    <property name="env.MANPATH" value="/home/travis/.nvm/versions/node/v7.10.1/share/man:/home/travis/.rvm/rubies/ruby-2.5.3/share/man:/usr/local/cmake-3.12.4/man:/usr/local/clang-7.0.0/share/man:/usr/local/man:/usr/local/share/man:/usr/share/man:/home/travis/.rvm/man" />
    <property name="env.TRAVIS_TIMER_ID" value="1426f660" />
    <property name="ant.file" value="/home/travis/build/icyphy/ptII/build.xml" />
    <property name="env.TRAVIS_COMMIT_RANGE" value="53805d6ca7ec...aa5e03f30a7f" />
    <property name="env._system_name" value="Ubuntu" />
    <property name="ptII.classpath.optional.property" value="/home/travis/build/icyphy/ptII/lib/bsh-2.0b4.jar:/home/travis/build/icyphy/ptII/lib/ptCal.jar:/home/travis/build/icyphy/ptII/lib/java_cup.jar:/home/travis/build/icyphy/ptII/lib/saxon8.jar:/home/travis/build/icyphy/ptII/lib/saxon8-dom.jar:/home/travis/build/icyphy/ptII/lib/chic.jar:/home/travis/build/icyphy/ptII/lib/ptcolt.jar:/home/travis/build/icyphy/ptII/vendors/misc/itext/iText.jar:/home/travis/build/icyphy/ptII/lib/g4ltl.jar:/home/travis/build/icyphy/ptII/lib/StructuralCoder.jar:/home/travis/build/icyphy/ptII/vendors/jai-1_1_2_01/lib/jai_core.jar:/home/travis/build/icyphy/ptII/vendors/jai-1_1_2_01/lib/jai_codec.jar:/home/travis/build/icyphy/ptII/lib/jcerti.jar:/home/travis/build/icyphy/ptII/lib/javax.mail.jar:/home/travis/build/icyphy/ptII/vendors/JMF-2.1.1e/lib/jmf.jar:/home/travis/build/icyphy/ptII/lib/jna-4.0.0-variadic.jar:/home/travis/build/icyphy/ptII/vendors/misc/joystick/Joystick.jar:/home/travis/build/icyphy/ptII/lib/ptjacl.jar:/home/travis/build/icyphy/ptII/lib/jsoup-1.8.2.jar:/home/travis/build/icyphy/ptII/lib/junit-4.8.2.jar:/home/travis/build/icyphy/ptII/lib/JUnitParams-0.4.0.jar:/home/travis/build/icyphy/ptII/ptolemy/actor/lib/excel/jxl.jar:/home/travis/build/icyphy/ptII/lib/jython.jar:/home/travis/build/icyphy/ptII/lib/kieler.jar:/home/travis/build/icyphy/ptII/vendors/opencv/share/OpenCV/java/opencv-341.jar:/home/travis/build/icyphy/ptII/lib/oscP5.jar:/home/travis/build/icyphy/ptII/lib/nrjavaserial-3.11.0.devel.jar:/home/travis/build/icyphy/ptII/vendors/j3d/lib/j3dcore.jar:/home/travis/build/icyphy/ptII/vendors/j3d/lib/j3dutils.jar:/home/travis/build/icyphy/ptII/vendors/j3d/lib/vecmath.jar:/home/travis/build/icyphy/ptII/ptolemy/distributed/jini/jar/jini-core.jar:/home/travis/build/icyphy/ptII/ptolemy/distributed/jini/jar/jini-ext.jar:/home/travis/build/icyphy/ptII/ptolemy/distributed/jini/jar/sun-util.jar:/home/travis/build/icyphy/ptII/lib/protobuf-java-2.4.1.jar:/home/travis/build/icyphy/ptII/lib/org.eclipse.paho.client.mqttv3.jar:/home/travis/build/icyphy/ptII/lib/mapss.jar:/home/travis/build/icyphy/ptII/ptolemy/actor/ptalon/antlr/antlr.jar:/home/travis/build/icyphy/ptII/lib/JRI.jar:/home/travis/build/icyphy/ptII/lib/commons-lang-2.6.jar:/home/travis/build/icyphy/ptII/lib/commons-logging-1.1.1.jar:/home/travis/build/icyphy/ptII/lib/sootclasses.jar:/home/travis/build/icyphy/ptII/ptolemy/actor/lib/database/mysql-connector-java-5.1.6-bin.jar:/home/travis/build/icyphy/ptII/vendors/misc/sphinx4/sphinx4-data-5prealpha.jar:/home/travis/build/icyphy/ptII/vendors/misc/sphinx4/sphinx4-core-5prealpha.jar:/home/travis/build/icyphy/ptII/lib/PDFRenderer.jar:/home/travis/build/icyphy/ptII/lib/svgSalamander.jar:/home/travis/build/icyphy/ptII/lib/rsyntaxtextarea-2.6.0-SNAPSHOT.jar:/home/travis/build/icyphy/ptII/lib/hazelcast-3.8.2.jar:/home/travis/build/icyphy/ptII/lib/jackson-annotations-2.9.0.jar:/home/travis/build/icyphy/ptII/lib/jackson-core-2.9.3.jar:/home/travis/build/icyphy/ptII/lib/jackson-databind-2.9.3.jar:/home/travis/build/icyphy/ptII/lib/netty-buffer-4.1.19.Final.jar:/home/travis/build/icyphy/ptII/lib/netty-codec-4.1.19.Final.jar:/home/travis/build/icyphy/ptII/lib/netty-codec-dns-4.1.19.Final.jar:/home/travis/build/icyphy/ptII/lib/netty-codec-http-4.1.19.Final.jar:/home/travis/build/icyphy/ptII/lib/netty-codec-http2-4.1.19.Final.jar:/home/travis/build/icyphy/ptII/lib/netty-common-4.1.19.Final.jar:/home/travis/build/icyphy/ptII/lib/netty-handler-4.1.19.Final.jar:/home/travis/build/icyphy/ptII/lib/netty-resolver-4.1.19.Final.jar:/home/travis/build/icyphy/ptII/lib/netty-resolver-dns-4.1.19.Final.jar:/home/travis/build/icyphy/ptII/lib/netty-transport-4.1.19.Final.jar:/home/travis/build/icyphy/ptII/lib/vertx-codegen-3.5.1.jar:/home/travis/build/icyphy/ptII/lib/vertx-core-3.5.2-SNAPSHOT.jar:/home/travis/build/icyphy/ptII/lib/vertx-hazelcast-3.5.1.jar:/home/travis/build/icyphy/ptII/lib/vertx-lang-js-3.5.1.jar:/home/travis/build/icyphy/ptII/lib/vertx-service-proxy-3.5.1.jar:/home/travis/build/icyphy/ptII/lib/vertx-web-3.5.1.jar:/home/travis/build/icyphy/ptII/lib/slf4j-api-1.7.13.jar:/home/travis/build/icyphy/ptII/lib/slf4j-simple-1.7.13.jar:/home/travis/build/icyphy/ptII/lib/webcam-capture-0.3.12.jar:/home/travis/build/icyphy/ptII/lib/bridj-0.7.0.jar:/home/travis/build/icyphy/ptII/lib/xbjlib-1.1.0.nrjavaserial.jar" />
    <property name="timeout" value="2400000" />
    <property name="test.batch" value="**/junit/*.java" />
    <property name="env._" value="/usr/bin/timeout" />
    <property name="java.io.tmpdir" value="/tmp" />
    <property name="user.language" value="en" />
    <property name="env.TRAVIS_INTERNAL_RUBY_REGEX" value="^ruby-(2\.[0-4]\.[0-9]|1\.9\.3)" />
    <property name="env.HISTCONTROL" value="ignoredups:ignorespace" />
    <property name="env.GOROOT" value="/home/travis/.gimme/versions/go1.11.1.linux.amd64" />
    <property name="line.separator" value="&#xa;" />
    <property name="target" value="11" />
    <property name="env.TRAVIS_BUILD_DIR" value="/home/travis/build/icyphy/ptII" />
    <property name="env.ANT_OPTS" value="-Xmx2048m" />
    <property name="ant.file.type" value="file" />
    <property name="ptolemy.ptII.batchMode" value="true" />
    <property name="env.HISTSIZE" value="1000" />
    <property name="env.MERB_ENV" value="test" />
    <property name="java.vm.info" value="mixed mode" />
    <property name="source" value="11" />
    <property name="java.vm.specification.name" value="Java Virtual Machine Specification" />
    <property name="env.TRAVIS_TEST_RESULT" value="0" />
    <property name="jsdoc.command" value="node_modules/@terraswarm/jsdoc/jsdoc.js" />
    <property name="npm.works" value="true" />
    <property name="cobertura.dir" value="/home/travis/build/icyphy/ptII/vendors/cobertura-2.0.3" />
    <property name="jsdoc.command.exists" value="true" />
    <property name="env.rvm_path" value="/home/travis/.rvm" />
    <property name="env.GEM_PATH" value="/home/travis/.rvm/gems/ruby-2.5.3:/home/travis/.rvm/gems/ruby-2.5.3@global" />
    <property name="env.LC_CTYPE" value="en_US.UTF-8" />
    <property name="env.TRAVIS_CMD" value="$PTII/bin/ptIITravisBuild.sh $SECONDS" />
    <property name="java.awt.printerjob" value="sun.print.PSPrinterJob" />
    <property name="env.TRAVIS_STACK_NAME" value="sardonyx" />
    <property name="env.TRAVIS_TIMER_START_TIME" value="1562950970799244935" />
    <property name="ant.version" value="Apache Ant(TM) version 1.10.1 compiled on February 2 2017" />
    <property name="ptII.reports" value="/home/travis/build/icyphy/ptII/reports" />
    <property name="env.TRAVIS_STACK_TIMESTAMP" value="2019-03-25 16:16:56 UTC" />
    <property name="ant.file.type.ptII" value="file" />
    <property name="env.RBENV_SHELL" value="bash" />
    <property name="os.name" value="Linux" />
    <property name="java.specification.vendor" value="Oracle Corporation" />
    <property name="env.rvm_version" value="1.29.7 (latest)" />
    <property name="env.TRAVIS_INFRA" value="gce" />
    <property name="env.TERM" value="xterm" />
    <property name="java.vm.name" value="OpenJDK 64-Bit Server VM" />
    <property name="env.TRAVIS_BUILD_NUMBER" value="1226" />
    <property name="env.CI" value="true" />
    <property name="java.library.path" value="/home/travis/pthla/certi-tools/lib:/usr/lib/jni:/usr/local/share/OpenCV/java/:/usr/share/OpenCV/java::/usr/java/packages/lib:/usr/lib64:/lib64:/lib:/usr/lib" />
    <property name="env.rvm_prefix" value="/home/travis" />
    <property name="env.PATH" value="/home/travis/pthla/certi-tools/share/scripts:/home/travis/.rvm/gems/ruby-2.5.3/bin:/home/travis/.rvm/gems/ruby-2.5.3@global/bin:/home/travis/.rvm/rubies/ruby-2.5.3/bin:/home/travis/.rvm/bin:/home/travis/.nvm/versions/node/v7.10.1/bin:./node_modules/.bin:/home/travis/build/icyphy/ptII/bin:/home/travis/pthla/certi-tools/bin:/home/travis/bin:/home/travis/.local/bin:/usr/local/lib/jvm/openjdk11/bin:/opt/pyenv/shims:/home/travis/.phpenv/shims:/home/travis/perl5/perlbrew/bin:/home/travis/gopath/bin:/home/travis/.gimme/versions/go1.11.1.linux.amd64/bin:/usr/local/maven-3.6.0/bin:/usr/local/cmake-3.12.4/bin:/usr/local/clang-7.0.0/bin:/usr/local/sbin:/usr/local/bin:/usr/sbin:/usr/bin:/sbin:/bin:/snap/bin:/home/travis/.phpenv/bin:/opt/pyenv/bin:/home/travis/.yarn/bin" />
    <property name="env.TRAVIS_OS_NAME" value="linux" />
    <property name="ant.java.version" value="9" />
    <property name="basedir" value="/home/travis/build/icyphy/ptII" />
    <property name="java.class.version" value="55.0" />
    <property name="env.SHLVL" value="3" />
    <property name="env.LD_LIBRARY_PATH" value="/home/travis/pthla/certi-tools/lib:/usr/lib/jni:/usr/local/share/OpenCV/java/:/usr/share/OpenCV/java:" />
    <property name="env.RACK_ENV" value="test" />
    <property name="ant.home" value="/home/travis/build/icyphy/ptII/ant" />
    <property name="env.NVM_DIR" value="/home/travis/.nvm" />
    <property name="env.CERTI_FOM_PATH" value="/home/travis/pthla/certi-tools/share/federations" />
    <property name="env.TRAVIS_BUILD_ID" value="557933619" />
    <property name="env.PYENV_ROOT" value="/opt/pyenv" />
    <property name="env.TRAVIS_UID" value="2000" />
    <property name="prism.verbose" value="true" />
    <property name="env.NVM_BIN" value="/home/travis/.nvm/versions/node/v7.10.1/bin" />
    <property name="env.TRAVIS_COMMIT" value="aa5e03f30a7f3baf2d5cbffb2a12aab89a8bcb1e" />
    <property name="env._system_arch" value="x86_64" />
    <property name="node.executable" value="node" />
    <property name="sun.boot.library.path" value="/usr/local/lib/jvm/openjdk11/lib" />
    <property name="sun.management.compiler" value="HotSpot 64-Bit Tiered Compilers" />
    <property name="java.awt.graphicsenv" value="sun.awt.X11GraphicsEnvironment" />
    <property name="env.GOPATH" value="/home/travis/gopath" />
    <property name="ptolemy.ptII.dir" value="/home/travis/build/icyphy/ptII" />
    <property name="env.USER" value="travis" />
    <property name="env.HISTFILESIZE" value="2000" />
    <property name="timeout.longest" value="19000000" />
    <property name="env.PERLBREW_SHELLRC_VERSION" value="0.86" />
    <property name="env.TRAVIS_STACK_FEATURES" value="basic couchdb disabled-ipv6 docker docker-compose elasticsearch firefox go-toolchain google-chrome jdk memcached mongodb mysql nodejs_interpreter perl_interpreter perlbrew phantomjs postgresql python_interpreter redis ruby_interpreter sqlite xserver" />
    <property name="env.TRAVIS_PULL_REQUEST" value="false" />
    <property name="env.PYENV_SHELL" value="bash" />
    <property name="ant.project.name" value="ptII" />
    <property name="env.ANSI_RESET" value="\033[0m" />
    <property name="java.vm.specification.version" value="11" />
    <property name="env.TRAVIS_DIST" value="xenial" />
    <property name="env.CERTI_VERSION" value="4.0.0" />
    <property name="env.CERTI_HOST" value="localhost" />
    <property name="awt.toolkit" value="sun.awt.X11.XToolkit" />
    <property name="env.MY_RUBY_HOME" value="/home/travis/.rvm/rubies/ruby-2.5.3" />
    <property name="sun.cpu.isalist" value="" />
    <property name="env.TRAVIS_TMPDIR" value="/tmp/tmp.AMLezDzWtn" />
    <property name="java.vm.compressedOopsMode" value="Zero based" />
    <property name="os.version" value="4.15.0-1028-gcp" />
    <property name="user.home" value="/home/travis" />
    <property name="java.vm.vendor" value="Oracle Corporation" />
    <property name="env.TRAVIS_TAG" value="nightly" />
    <property name="env.ANSI_YELLOW" value="\033[33;1m" />
    <property name="env.TRAVIS_FILTERED" value="redirect_io" />
    <property name="env.ANSI_GREEN" value="\033[32;1m" />
    <property name="env.JAVA_HOME" value="/usr/local/lib/jvm/openjdk11" />
    <property name="javadoc.excludepackagenames" value="adm.cvs2svn.*,build.*,config.*,doc.coding.templates.*,jni.test.jni.meaningOfLife.*,jni.test.jni.testDeux.*,jni.test.jni.testTrois.*,org.terraswarm.accessor.accessors.web.node_modules.*,org.terraswarm.accessor.accessors.web.hosts.cordova.demo.*,org.terraswarm.accessor.accessors.web.hosts.cordova.plugins.*,org.terraswarm.accessor.accessors-svn.*,pt-modules.*,ptolemy.apps.agilent.*,ptolemy.apps.anytimecontrol.*,ptolemy.apps.apes.*,ptolemy.apps.charon.*,ptolemy.apps.crazyboard.*,ptolemy.apps.eclipse.*,ptolemy.apps.etherealSting.*,ptolemy.apps.fullscreen.*,ptolemy.apps.giotto.*,ptolemy.apps.ia.*,ptolemy.apps.interfaces.*,ptolemy.apps.jmf.*,ptolemy.apps.kurt.*,ptolemy.apps.kvm.*,ptolemy.apps.lego.*,ptolemy.apps.lejos.*,ptolemy.apps.midp.*,ptolemy.apps.mobileCoding.*,ptolemy.apps.pendulum.*,ptolemy.apps.rijndael.*,ptolemy.apps.robot.*,ptolemy.apps.security.*,ptolemy.apps.sobel.*,ptolemy.apps.soot.*,ptolemy.apps.throttle.*,ptolemy.apps.tini.*,ptolemy.apps.transmission.*,ptolemy.apps.vergil.*,ptolemy.apps.waba.*,ptolemy.apps.websensor.*,ptolemy.apps.webstart.*,ptolemy.apps.xsl.*,ptolemy.apps.zaurus.*,ptolemy.codegen.c.actor.lib.oldJavaFiles.*,ptolemy.codegen.dsp.lib.*,ptolemy.codegen.kernel.newInterfaces.*,ptolemy.codegen.lib.*,ptolemy.copernicus.kernel.fragment.*,ptolemy.copernicus.shallow.cg.*,ptolemy.domains.giotto.demo.Hierarchy.Hierarchy.*,ptolemy.domains.giotto.demo.Multimode.Multimode.*,ptolemy.domains.giotto.demo.Simple.Simple.*,ptolemy.domains.gr.lib.experimental.*,ptolemy.domains.gro.*,ptolemy.domains.pdf.*,ptolemy.domains.ptinyos.demo.Surge.output.*,ptolemy.moml.test.NoPackageActor.java*,ptolemy.plot.adm.*,ptolemy.plot.servlet.*,reports.*,signed.*,src.*,target.*,vendors.*,ptolemy.copernicus.applet.*,ptolemy.media.viewer.*,ptolemy.actor.corba.*,doc.doclets.*,ptolemy.apps.eclipse.awt.*,ptolemy.backtrack.*,ptolemy.backtrack.ast.*,ptolemy.cg.adapter.generic.program.procedural.c.mbed*,ptolemy.homer.*,org.ptolemy.scala.*,diva.util.java2d.svg.*,ptolemy.domains.ptinyos.*,ptolemy.actor.lib.fmi.fmipp.*,,org.terraswarm.accessor.accessors.web.node_modules.*,org.terraswarm.accessor.accessors-svn,ptolemy.apps.*,ptolemy.actor.ptalon.demo.ptinyos.SendAndReceiveCnt.output,ptolemy.actor.ptalon.demo.ptinyos.SenseToLeds.output,ptolemy.domains.ptinyos.demo.CntToLedsAndRfm.output,ptolemy.domains.ptinyos.demo.RfmToLeds.output,ptolemy.domains.ptinyos.demo.SendAndReceiveCnt.output,ptolemy.domains.ptinyos.demo.SenseToLeds.output,ptolemy.actor.lib.jjs.modules.udpSocket.*" />
    <property name="env.PTII" value="/home/travis/build/icyphy/ptII" />
    <property name="env.XDG_SESSION_ID" value="2" />
    <property name="keystore" value="ptKeystore" />
    <property name="env.TRAVIS_COMMIT_MESSAGE" value="solving buggy execution under node for lf generated code. The sorting criteria of zerodelayed callbacks in the queue should be arriral time, and not priority" />
    <property name="junit.output.dir" value="/home/travis/build/icyphy/ptII/reports/junit" />
    <property name="npm.return.code" value="0" />
    <property name="user.dir" value="/home/travis/build/icyphy/ptII/ptolemy/actor/lib/test" />
    <property name="env.TRAVIS_NODE_VERSION" value="7" />
    <property name="env.TRAVIS_EVENT_TYPE" value="push" />
    <property name="env.MAIL" value="/var/mail/travis" />
    <property name="env.PERLBREW_ROOT" value="/home/travis/perl5/perlbrew" />
    <property name="env.PWD" value="/home/travis/build/icyphy/ptII" />
    <property name="timeout.npm" value="45000" />
    <property name="env.TRAVIS_ARCH" value="amd64" />
    <property name="sun.cpu.endian" value="little" />
    <property name="env.PAGER" value="cat" />
    <property name="env.TRAVIS_BUILD_STAGE_NAME" value="Test" />
    <property name="env.PERLBREW_HOME" value="/home/travis/.perlbrew" />
    <property name="java.vm.version" value="11.0.2+9" />
    <property name="env.RAILS_ENV" value="test" />
    <property name="java.class.path" value="/home/travis/.ptolemyII:/home/travis/.ptolemyII/*:/home/travis/build/icyphy/ptII:/home/travis/build/icyphy/ptII/lib/bsh-2.0b4.jar:/home/travis/build/icyphy/ptII/lib/ptCal.jar:/home/travis/build/icyphy/ptII/lib/java_cup.jar:/home/travis/build/icyphy/ptII/lib/saxon8.jar:/home/travis/build/icyphy/ptII/lib/saxon8-dom.jar:/home/travis/build/icyphy/ptII/lib/chic.jar:/home/travis/build/icyphy/ptII/lib/ptcolt.jar:/home/travis/build/icyphy/ptII/vendors/misc/itext/iText.jar:/home/travis/build/icyphy/ptII/lib/g4ltl.jar:/home/travis/build/icyphy/ptII/lib/StructuralCoder.jar:/home/travis/build/icyphy/ptII/vendors/jai-1_1_2_01/lib/jai_core.jar:/home/travis/build/icyphy/ptII/vendors/jai-1_1_2_01/lib/jai_codec.jar:/home/travis/build/icyphy/ptII/lib/jcerti.jar:/home/travis/build/icyphy/ptII/lib/javax.mail.jar:/home/travis/build/icyphy/ptII/vendors/JMF-2.1.1e/lib/jmf.jar:/home/travis/build/icyphy/ptII/lib/jna-4.0.0-variadic.jar:/home/travis/build/icyphy/ptII/vendors/misc/joystick/Joystick.jar:/home/travis/build/icyphy/ptII/lib/ptjacl.jar:/home/travis/build/icyphy/ptII/lib/jsoup-1.8.2.jar:/home/travis/build/icyphy/ptII/lib/junit-4.8.2.jar:/home/travis/build/icyphy/ptII/lib/JUnitParams-0.4.0.jar:/home/travis/build/icyphy/ptII/ptolemy/actor/lib/excel/jxl.jar:/home/travis/build/icyphy/ptII/lib/jython.jar:/home/travis/build/icyphy/ptII/lib/kieler.jar:/home/travis/build/icyphy/ptII/vendors/opencv/share/OpenCV/java/opencv-341.jar:/home/travis/build/icyphy/ptII/lib/oscP5.jar:/home/travis/build/icyphy/ptII/lib/nrjavaserial-3.11.0.devel.jar:/home/travis/build/icyphy/ptII/vendors/j3d/lib/j3dcore.jar:/home/travis/build/icyphy/ptII/vendors/j3d/lib/j3dutils.jar:/home/travis/build/icyphy/ptII/vendors/j3d/lib/vecmath.jar:/home/travis/build/icyphy/ptII/ptolemy/distributed/jini/jar/jini-core.jar:/home/travis/build/icyphy/ptII/ptolemy/distributed/jini/jar/jini-ext.jar:/home/travis/build/icyphy/ptII/ptolemy/distributed/jini/jar/sun-util.jar:/home/travis/build/icyphy/ptII/lib/protobuf-java-2.4.1.jar:/home/travis/build/icyphy/ptII/lib/org.eclipse.paho.client.mqttv3.jar:/home/travis/build/icyphy/ptII/lib/mapss.jar:/home/travis/build/icyphy/ptII/ptolemy/actor/ptalon/antlr/antlr.jar:/home/travis/build/icyphy/ptII/lib/JRI.jar:/home/travis/build/icyphy/ptII/lib/commons-lang-2.6.jar:/home/travis/build/icyphy/ptII/lib/commons-logging-1.1.1.jar:/home/travis/build/icyphy/ptII/lib/sootclasses.jar:/home/travis/build/icyphy/ptII/ptolemy/actor/lib/database/mysql-connector-java-5.1.6-bin.jar:/home/travis/build/icyphy/ptII/vendors/misc/sphinx4/sphinx4-data-5prealpha.jar:/home/travis/build/icyphy/ptII/vendors/misc/sphinx4/sphinx4-core-5prealpha.jar:/home/travis/build/icyphy/ptII/lib/PDFRenderer.jar:/home/travis/build/icyphy/ptII/lib/svgSalamander.jar:/home/travis/build/icyphy/ptII/lib/rsyntaxtextarea-2.6.0-SNAPSHOT.jar:/home/travis/build/icyphy/ptII/lib/hazelcast-3.8.2.jar:/home/travis/build/icyphy/ptII/lib/jackson-annotations-2.9.0.jar:/home/travis/build/icyphy/ptII/lib/jackson-core-2.9.3.jar:/home/travis/build/icyphy/ptII/lib/jackson-databind-2.9.3.jar:/home/travis/build/icyphy/ptII/lib/netty-buffer-4.1.19.Final.jar:/home/travis/build/icyphy/ptII/lib/netty-codec-4.1.19.Final.jar:/home/travis/build/icyphy/ptII/lib/netty-codec-dns-4.1.19.Final.jar:/home/travis/build/icyphy/ptII/lib/netty-codec-http-4.1.19.Final.jar:/home/travis/build/icyphy/ptII/lib/netty-codec-http2-4.1.19.Final.jar:/home/travis/build/icyphy/ptII/lib/netty-common-4.1.19.Final.jar:/home/travis/build/icyphy/ptII/lib/netty-handler-4.1.19.Final.jar:/home/travis/build/icyphy/ptII/lib/netty-resolver-4.1.19.Final.jar:/home/travis/build/icyphy/ptII/lib/netty-resolver-dns-4.1.19.Final.jar:/home/travis/build/icyphy/ptII/lib/netty-transport-4.1.19.Final.jar:/home/travis/build/icyphy/ptII/lib/vertx-codegen-3.5.1.jar:/home/travis/build/icyphy/ptII/lib/vertx-core-3.5.2-SNAPSHOT.jar:/home/travis/build/icyphy/ptII/lib/vertx-hazelcast-3.5.1.jar:/home/travis/build/icyphy/ptII/lib/vertx-lang-js-3.5.1.jar:/home/travis/build/icyphy/ptII/lib/vertx-service-proxy-3.5.1.jar:/home/travis/build/icyphy/ptII/lib/vertx-web-3.5.1.jar:/home/travis/build/icyphy/ptII/lib/slf4j-api-1.7.13.jar:/home/travis/build/icyphy/ptII/lib/slf4j-simple-1.7.13.jar:/home/travis/build/icyphy/ptII/lib/webcam-capture-0.3.12.jar:/home/travis/build/icyphy/ptII/lib/bridj-0.7.0.jar:/home/travis/build/icyphy/ptII/lib/xbjlib-1.1.0.nrjavaserial.jar:/home/travis/build/icyphy/ptII/ptolemy/moml/test:/home/travis/build/icyphy/ptII/ant/lib/ant-launcher.jar:/home/travis/build/icyphy/ptII/ant/lib/ant.jar:/home/travis/build/icyphy/ptII/ant/lib/ant-junit.jar:/home/travis/build/icyphy/ptII/ant/lib/ant-junit4.jar" />
    <property name="ant.library.dir" value="/home/travis/build/icyphy/ptII/ant/lib" />
    <property name="os.arch" value="amd64" />
    <property name="env.CONTINUOUS_INTEGRATION" value="true" />
    <property name="env.TRAVIS_LANGUAGE" value="node_js" />
    <property name="env.TRAVIS_STACK_LANGUAGES" value="__sardonyx__ c c++ clojure cplusplus cpp default generic go groovy java node_js php pure_java python ruby scala" />
    <property name="test.name" value="ptolemy.actor.lib.test.junit.JUnitTclTest" />
    <property name="env.APT_KEY_DONT_WARN_ON_DANGEROUS_USAGE" value="1" />
    <property name="sun.java.launcher" value="SUN_STANDARD" />
    <property name="env.PYTHON_CONFIGURE_OPTS" value="--enable-unicode=ucs4 --with-wide-unicode --enable-shared --enable-ipv6 --enable-loadable-sqlite-extensions --with-computed-gotos" />
    <property name="ant.core.lib" value="/home/travis/build/icyphy/ptII/ant/lib/ant.jar" />
    <property name="java.vm.specification.vendor" value="Oracle Corporation" />
    <property name="env.BCVTB_HOME" value="/home/travis/build/icyphy/ptII/lbnl" />
    <property name="file.separator" value="/" />
    <property name="spotbugs.home" value="/home/travis/build/icyphy/ptII/vendors/spotbugs-3.1.1" />
    <property name="java.runtime.version" value="11.0.2+9" />
    <property name="env.ANSI_CLEAR" value="\033[0K" />
    <property name="javafx.verbose" value="true" />
    <property name="env.HAS_JOSH_K_SEAL_OF_APPROVAL" value="true" />
    <property name="env.XDG_RUNTIME_DIR" value="/run/user/2000" />
    <property name="env.TRAVIS_OSX_IMAGE" value="" />
    <property name="env.TRAVIS_JOB_ID" value="557933627" />
    <property name="env.TRAVIS_BRANCH" value="master" />
    <property name="user.country" value="US" />
    <property name="env.CERTI_HOME_TRAVIS" value="/home/travis/pthla/certi-tools" />
    <property name="env.SHELL" value="/bin/bash" />
    <property name="java.maxmemory.large" value="5000m" />
    <property name="model" value="" />
    <property name="env.CASHER_DIR" value="/home/travis/.casher" />
    <property name="env.NVM_CD_FLAGS" value="" />
    <property name="java.vendor.version" value="18.9" />
    <property name="jshint.executable" value="/home/travis/node_modules/jshint/bin/jshint" />
    <property name="env.JRUBY_OPTS" value=" --client -J-XX:+TieredCompilation -J-XX:TieredStopAtLevel=1 -J-Xss2m -Xcompile.invokedynamic=false" />
    <property name="java.vendor" value="Oracle Corporation" />
    <property name="env.TRAVIS_PRE_CHEF_BOOTSTRAP_TIME" value="2019-03-25T16:16:42" />
    <property name="env.TRAVIS_STACK_JOB_BOARD_REGISTER" value="/.job-board-register.yml" />
    <property name="env.ANSI_RED" value="\033[31;1m" />
    <property name="java.specification.version" value="11" />
    <property name="env.IRBRC" value="/home/travis/.rvm/rubies/ruby-2.5.3/.irbrc" />
    <property name="env.TRAVIS" value="true" />
    <property name="sun.arch.data.model" value="64" />
  </properties>
  <testcase classname="ptolemy.util.test.junit.TclTests" name="[0] /home/travis/build/icyphy/ptII/ptolemy/actor/lib/test/AbsoluteValue.tcl (RunTclFile)" time="0.499" />
  <testcase classname="ptolemy.util.test.junit.TclTests" name="[1] /home/travis/build/icyphy/ptII/ptolemy/actor/lib/test/AddSubtract.tcl (RunTclFile)" time="0.133" />
  <testcase classname="ptolemy.util.test.junit.TclTests" name="[2] /home/travis/build/icyphy/ptII/ptolemy/actor/lib/test/Average.tcl (RunTclFile)" time="0.042" />
  <testcase classname="ptolemy.util.test.junit.TclTests" name="[3] /home/travis/build/icyphy/ptII/ptolemy/actor/lib/test/Bernoulli.tcl (RunTclFile)" time="0.044" />
  <testcase classname="ptolemy.util.test.junit.TclTests" name="[4] /home/travis/build/icyphy/ptII/ptolemy/actor/lib/test/Clock.tcl (RunTclFile)" time="0.123" />
  <testcase classname="ptolemy.util.test.junit.TclTests" name="[5] /home/travis/build/icyphy/ptII/ptolemy/actor/lib/test/Commutator.tcl (RunTclFile)" time="0.183">
    <failure message="Number of failed tests is has increased. expected:&lt;0&gt; but was:&lt;1&gt;" type="junit.framework.AssertionFailedError">junit.framework.AssertionFailedError: Number of failed tests is has increased. expected:&lt;0&gt; but was:&lt;1&gt;
	at ptolemy.util.test.junit.TclTests.RunTclFile(TclTests.java:286)
	at java.base/jdk.internal.reflect.NativeMethodAccessorImpl.invoke0(Native Method)
	at java.base/jdk.internal.reflect.NativeMethodAccessorImpl.invoke(NativeMethodAccessorImpl.java:62)
	at java.base/jdk.internal.reflect.DelegatingMethodAccessorImpl.invoke(DelegatingMethodAccessorImpl.java:43)
	at junitparams.internal.InvokeParameterisedMethod.evaluate(InvokeParameterisedMethod.java:102)
	at junitparams.internal.ParameterisedTestMethodRunner.runMethodInvoker(ParameterisedTestMethodRunner.java:47)
	at junitparams.internal.ParameterisedTestMethodRunner.runTestMethod(ParameterisedTestMethodRunner.java:41)
	at junitparams.internal.ParameterisedTestClassRunner.runParameterisedTest(ParameterisedTestClassRunner.java:143)
	at junitparams.JUnitParamsRunner.runChild(JUnitParamsRunner.java:237)
	at junitparams.JUnitParamsRunner.runChild(JUnitParamsRunner.java:215)
</failure>
  </testcase>
  <testcase classname="ptolemy.util.test.junit.TclTests" name="[6] /home/travis/build/icyphy/ptII/ptolemy/actor/lib/test/Const.tcl (RunTclFile)" time="0.156" />
  <testcase classname="ptolemy.util.test.junit.TclTests" name="[7] /home/travis/build/icyphy/ptII/ptolemy/actor/lib/test/CurrentTime.tcl (RunTclFile)" time="0.049" />
  <testcase classname="ptolemy.util.test.junit.TclTests" name="[8] /home/travis/build/icyphy/ptII/ptolemy/actor/lib/test/DB.tcl (RunTclFile)" time="0.046" />
  <testcase classname="ptolemy.util.test.junit.TclTests" name="[9] /home/travis/build/icyphy/ptII/ptolemy/actor/lib/test/DiscreteRandomSource.tcl (RunTclFile)" time="0.058" />
  <testcase classname="ptolemy.util.test.junit.TclTests" name="[10] /home/travis/build/icyphy/ptII/ptolemy/actor/lib/test/Distributor.tcl (RunTclFile)" time="0.048" />
  <testcase classname="ptolemy.util.test.junit.TclTests" name="[11] /home/travis/build/icyphy/ptII/ptolemy/actor/lib/test/Exit.tcl (RunTclFile)" time="0.09" />
  <testcase classname="ptolemy.util.test.junit.TclTests" name="[12] /home/travis/build/icyphy/ptII/ptolemy/actor/lib/test/Expression.tcl (RunTclFile)" time="0.116" />
  <testcase classname="ptolemy.util.test.junit.TclTests" name="[13] /home/travis/build/icyphy/ptII/ptolemy/actor/lib/test/Gaussian.tcl (RunTclFile)" time="0.577" />
  <testcase classname="ptolemy.util.test.junit.TclTests" name="[14] /home/travis/build/icyphy/ptII/ptolemy/actor/lib/test/IIR.tcl (RunTclFile)" time="0.035" />
  <testcase classname="ptolemy.util.test.junit.TclTests" name="[15] /home/travis/build/icyphy/ptII/ptolemy/actor/lib/test/Interpolator.tcl (RunTclFile)" time="0.099" />
  <testcase classname="ptolemy.util.test.junit.TclTests" name="[16] /home/travis/build/icyphy/ptII/ptolemy/actor/lib/test/MathFunction.tcl (RunTclFile)" time="0.092" />
  <testcase classname="ptolemy.util.test.junit.TclTests" name="[17] /home/travis/build/icyphy/ptII/ptolemy/actor/lib/test/Maximum.tcl (RunTclFile)" time="0.033" />
  <testcase classname="ptolemy.util.test.junit.TclTests" name="[18] /home/travis/build/icyphy/ptII/ptolemy/actor/lib/test/Minimum.tcl (RunTclFile)" time="0.049" />
  <testcase classname="ptolemy.util.test.junit.TclTests" name="[19] /home/travis/build/icyphy/ptII/ptolemy/actor/lib/test/MultiplyDivide.tcl (RunTclFile)" time="0.045" />
  <testcase classname="ptolemy.util.test.junit.TclTests" name="[20] /home/travis/build/icyphy/ptII/ptolemy/actor/lib/test/OrderedMerge.tcl (RunTclFile)" time="0.127" />
  <testcase classname="ptolemy.util.test.junit.TclTests" name="[21] /home/travis/build/icyphy/ptII/ptolemy/actor/lib/test/Publisher.tcl (RunTclFile)" time="0.823" />
  <testcase classname="ptolemy.util.test.junit.TclTests" name="[22] /home/travis/build/icyphy/ptII/ptolemy/actor/lib/test/Pulse.tcl (RunTclFile)" time="0.074" />
  <testcase classname="ptolemy.util.test.junit.TclTests" name="[23] /home/travis/build/icyphy/ptII/ptolemy/actor/lib/test/Ramp.tcl (RunTclFile)" time="2.136" />
  <testcase classname="ptolemy.util.test.junit.TclTests" name="[24] /home/travis/build/icyphy/ptII/ptolemy/actor/lib/test/RampContinuous.tcl (RunTclFile)" time="0.019" />
  <testcase classname="ptolemy.util.test.junit.TclTests" name="[25] /home/travis/build/icyphy/ptII/ptolemy/actor/lib/test/RecordAssembler.tcl (RunTclFile)" time="0.04" />
  <testcase classname="ptolemy.util.test.junit.TclTests" name="[26] /home/travis/build/icyphy/ptII/ptolemy/actor/lib/test/RecordDisassembler.tcl (RunTclFile)" time="0.043" />
  <testcase classname="ptolemy.util.test.junit.TclTests" name="[27] /home/travis/build/icyphy/ptII/ptolemy/actor/lib/test/Scale.tcl (RunTclFile)" time="0.029" />
  <testcase classname="ptolemy.util.test.junit.TclTests" name="[28] /home/travis/build/icyphy/ptII/ptolemy/actor/lib/test/SequentialClock.tcl (RunTclFile)" time="0.021" />
  <testcase classname="ptolemy.util.test.junit.TclTests" name="[29] /home/travis/build/icyphy/ptII/ptolemy/actor/lib/test/SetVariable.tcl (RunTclFile)" time="0.026">
    <failure message="Number of failed tests is has increased. expected:&lt;1&gt; but was:&lt;2&gt;" type="junit.framework.AssertionFailedError">junit.framework.AssertionFailedError: Number of failed tests is has increased. expected:&lt;1&gt; but was:&lt;2&gt;
	at ptolemy.util.test.junit.TclTests.RunTclFile(TclTests.java:286)
	at jdk.internal.reflect.GeneratedMethodAccessor19.invoke(Unknown Source)
	at java.base/jdk.internal.reflect.DelegatingMethodAccessorImpl.invoke(DelegatingMethodAccessorImpl.java:43)
	at junitparams.internal.InvokeParameterisedMethod.evaluate(InvokeParameterisedMethod.java:102)
	at junitparams.internal.ParameterisedTestMethodRunner.runMethodInvoker(ParameterisedTestMethodRunner.java:47)
	at junitparams.internal.ParameterisedTestMethodRunner.runTestMethod(ParameterisedTestMethodRunner.java:41)
	at junitparams.internal.ParameterisedTestClassRunner.runParameterisedTest(ParameterisedTestClassRunner.java:143)
	at junitparams.JUnitParamsRunner.runChild(JUnitParamsRunner.java:237)
	at junitparams.JUnitParamsRunner.runChild(JUnitParamsRunner.java:215)
</failure>
  </testcase>
  <testcase classname="ptolemy.util.test.junit.TclTests" name="[30] /home/travis/build/icyphy/ptII/ptolemy/actor/lib/test/Sinewave.tcl (RunTclFile)" time="0.05" />
  <testcase classname="ptolemy.util.test.junit.TclTests" name="[31] /home/travis/build/icyphy/ptII/ptolemy/actor/lib/test/SubscriptionAggregator.tcl (RunTclFile)" time="2.286" />
  <testcase classname="ptolemy.util.test.junit.TclTests" name="[32] /home/travis/build/icyphy/ptII/ptolemy/actor/lib/test/Test.tcl (RunTclFile)" time="0.08" />
  <testcase classname="ptolemy.util.test.junit.TclTests" name="[33] /home/travis/build/icyphy/ptII/ptolemy/actor/lib/test/TestExceptionHandler.tcl (RunTclFile)" time="0.011" />
  <testcase classname="ptolemy.util.test.junit.TclTests" name="[34] /home/travis/build/icyphy/ptII/ptolemy/actor/lib/test/UnionDisassembler.tcl (RunTclFile)" time="0.06" />
  <testcase classname="ptolemy.util.test.junit.TclTests" name="[35] /home/travis/build/icyphy/ptII/ptolemy/actor/lib/test/VariableClock.tcl (RunTclFile)" time="0.029" />
  <testcase classname="ptolemy.util.test.junit.AutoKnownFailedTests" name="[0] /home/travis/build/icyphy/ptII/ptolemy/actor/lib/test/auto/knownFailedTests/PublisherPortToplevelSubscriber.xml (RunModel)" time="0.028" />
  <testcase classname="ptolemy.util.test.junit.AutoKnownFailedTests" name="[1] /home/travis/build/icyphy/ptII/ptolemy/actor/lib/test/auto/knownFailedTests/PublisherSubscriberPortToplevel.xml (RunModel)" time="0.019" />
  <testcase classname="ptolemy.util.test.junit.AutoKnownFailedTests" name="[2] /home/travis/build/icyphy/ptII/ptolemy/actor/lib/test/auto/knownFailedTests/PublisherSubscriptionAggregatorPort.xml (RunModel)" time="0.022" />
  <testcase classname="ptolemy.util.test.junit.AutoKnownFailedTests" name="[3] /home/travis/build/icyphy/ptII/ptolemy/actor/lib/test/auto/knownFailedTests/sizedarray3.xml (RunModel)" time="0.036" />
  <testcase classname="ptolemy.util.test.junit.AutoNameArchTests" name="[0] ThereAreNoAutoArchTests (RunModel)" time="0.003" />
  <testcase classname="ptolemy.util.test.junit.AutoTests" name="[0] /home/travis/build/icyphy/ptII/ptolemy/actor/lib/test/auto/AbsoluteValue.xml (RunModel)" time="0.108" />
  <testcase classname="ptolemy.util.test.junit.AutoTests" name="[1] /home/travis/build/icyphy/ptII/ptolemy/actor/lib/test/auto/AbsoluteValue2.xml (RunModel)" time="0.165" />
  <testcase classname="ptolemy.util.test.junit.AutoTests" name="[2] /home/travis/build/icyphy/ptII/ptolemy/actor/lib/test/auto/Accumulator.xml (RunModel)" time="0.064" />
  <testcase classname="ptolemy.util.test.junit.AutoTests" name="[3] /home/travis/build/icyphy/ptII/ptolemy/actor/lib/test/auto/Accumulator2.xml (RunModel)" time="0.056" />
  <testcase classname="ptolemy.util.test.junit.AutoTests" name="[4] /home/travis/build/icyphy/ptII/ptolemy/actor/lib/test/auto/Accumulator3.xml (RunModel)" time="0.033" />
  <testcase classname="ptolemy.util.test.junit.AutoTests" name="[5] /home/travis/build/icyphy/ptII/ptolemy/actor/lib/test/auto/ArrayAppend.xml (RunModel)" time="0.041" />
  <testcase classname="ptolemy.util.test.junit.AutoTests" name="[6] /home/travis/build/icyphy/ptII/ptolemy/actor/lib/test/auto/ArrayAppend2.xml (RunModel)" time="0.471" />
  <testcase classname="ptolemy.util.test.junit.AutoTests" name="[7] /home/travis/build/icyphy/ptII/ptolemy/actor/lib/test/auto/ArrayAppend3.xml (RunModel)" time="0.041" />
  <testcase classname="ptolemy.util.test.junit.AutoTests" name="[8] /home/travis/build/icyphy/ptII/ptolemy/actor/lib/test/auto/ArrayAppend4.xml (RunModel)" time="0.026" />
  <testcase classname="ptolemy.util.test.junit.AutoTests" name="[9] /home/travis/build/icyphy/ptII/ptolemy/actor/lib/test/auto/ArrayAppend5.xml (RunModel)" time="0.014" />
  <testcase classname="ptolemy.util.test.junit.AutoTests" name="[10] /home/travis/build/icyphy/ptII/ptolemy/actor/lib/test/auto/ArrayAppend6.xml (RunModel)" time="0.014" />
  <testcase classname="ptolemy.util.test.junit.AutoTests" name="[11] /home/travis/build/icyphy/ptII/ptolemy/actor/lib/test/auto/ArrayAppendPerformanceTest.xml (RunModel)" time="0.059" />
  <testcase classname="ptolemy.util.test.junit.AutoTests" name="[12] /home/travis/build/icyphy/ptII/ptolemy/actor/lib/test/auto/ArrayAppendWithEmptyInput.xml (RunModel)" time="0.037" />
  <testcase classname="ptolemy.util.test.junit.AutoTests" name="[13] /home/travis/build/icyphy/ptII/ptolemy/actor/lib/test/auto/ArrayAverage.xml (RunModel)" time="0.066" />
  <testcase classname="ptolemy.util.test.junit.AutoTests" name="[14] /home/travis/build/icyphy/ptII/ptolemy/actor/lib/test/auto/ArrayContains.xml (RunModel)" time="0.028" />
  <testcase classname="ptolemy.util.test.junit.AutoTests" name="[15] /home/travis/build/icyphy/ptII/ptolemy/actor/lib/test/auto/ArrayElement.xml (RunModel)" time="0.022" />
  <testcase classname="ptolemy.util.test.junit.AutoTests" name="[16] /home/travis/build/icyphy/ptII/ptolemy/actor/lib/test/auto/ArrayElementAsMatrix.xml (RunModel)" time="0.055" />
  <testcase classname="ptolemy.util.test.junit.AutoTests" name="[17] /home/travis/build/icyphy/ptII/ptolemy/actor/lib/test/auto/ArrayElementI.xml (RunModel)" time="0.02" />
  <testcase classname="ptolemy.util.test.junit.AutoTests" name="[18] /home/travis/build/icyphy/ptII/ptolemy/actor/lib/test/auto/ArrayExtract.xml (RunModel)" time="0.036" />
  <testcase classname="ptolemy.util.test.junit.AutoTests" name="[19] /home/travis/build/icyphy/ptII/ptolemy/actor/lib/test/auto/ArrayExtract2.xml (RunModel)" time="0.02" />
  <testcase classname="ptolemy.util.test.junit.AutoTests" name="[20] /home/travis/build/icyphy/ptII/ptolemy/actor/lib/test/auto/ArrayLength.xml (RunModel)" time="0.036" />
  <testcase classname="ptolemy.util.test.junit.AutoTests" name="[21] /home/travis/build/icyphy/ptII/ptolemy/actor/lib/test/auto/ArrayLevelCrossing.xml (RunModel)" time="0.035" />
  <testcase classname="ptolemy.util.test.junit.AutoTests" name="[22] /home/travis/build/icyphy/ptII/ptolemy/actor/lib/test/auto/ArrayLevelCrossing2.xml (RunModel)" time="0.037" />
  <testcase classname="ptolemy.util.test.junit.AutoTests" name="[23] /home/travis/build/icyphy/ptII/ptolemy/actor/lib/test/auto/ArrayPeakSearch.xml (RunModel)" time="0.039" />
  <testcase classname="ptolemy.util.test.junit.AutoTests" name="[24] /home/travis/build/icyphy/ptII/ptolemy/actor/lib/test/auto/ArrayPeakSearch2.xml (RunModel)" time="0.042" />
  <testcase classname="ptolemy.util.test.junit.AutoTests" name="[25] /home/travis/build/icyphy/ptII/ptolemy/actor/lib/test/auto/ArrayPeakSearch3.xml (RunModel)" time="0.034" />
  <testcase classname="ptolemy.util.test.junit.AutoTests" name="[26] /home/travis/build/icyphy/ptII/ptolemy/actor/lib/test/auto/ArrayRemoveElement.xml (RunModel)" time="0.033" />
  <testcase classname="ptolemy.util.test.junit.AutoTests" name="[27] /home/travis/build/icyphy/ptII/ptolemy/actor/lib/test/auto/ArraySort.xml (RunModel)" time="0.042" />
  <testcase classname="ptolemy.util.test.junit.AutoTests" name="[28] /home/travis/build/icyphy/ptII/ptolemy/actor/lib/test/auto/ArraySum.xml (RunModel)" time="0.025" />
  <testcase classname="ptolemy.util.test.junit.AutoTests" name="[29] /home/travis/build/icyphy/ptII/ptolemy/actor/lib/test/auto/ArrayToElements.xml (RunModel)" time="0.027" />
  <testcase classname="ptolemy.util.test.junit.AutoTests" name="[30] /home/travis/build/icyphy/ptII/ptolemy/actor/lib/test/auto/ArrayToMatrix.xml (RunModel)" time="0.06" />
  <testcase classname="ptolemy.util.test.junit.AutoTests" name="[31] /home/travis/build/icyphy/ptII/ptolemy/actor/lib/test/auto/ArrayUpdate1.xml (RunModel)" time="0.031" />
  <testcase classname="ptolemy.util.test.junit.AutoTests" name="[32] /home/travis/build/icyphy/ptII/ptolemy/actor/lib/test/auto/ArrayUpdate2.xml (RunModel)" time="0.022" />
  <testcase classname="ptolemy.util.test.junit.AutoTests" name="[33] /home/travis/build/icyphy/ptII/ptolemy/actor/lib/test/auto/ArrayUpdate3.xml (RunModel)" time="0.036" />
  <testcase classname="ptolemy.util.test.junit.AutoTests" name="[34] /home/travis/build/icyphy/ptII/ptolemy/actor/lib/test/auto/Assert1.xml (RunModel)" time="0.019" />
  <testcase classname="ptolemy.util.test.junit.AutoTests" name="[35] /home/travis/build/icyphy/ptII/ptolemy/actor/lib/test/auto/Assert2.xml (RunModel)" time="0.016" />
  <testcase classname="ptolemy.util.test.junit.AutoTests" name="[36] /home/travis/build/icyphy/ptII/ptolemy/actor/lib/test/auto/BooleanMultiplexor.xml (RunModel)" time="0.018" />
  <testcase classname="ptolemy.util.test.junit.AutoTests" name="[37] /home/travis/build/icyphy/ptII/ptolemy/actor/lib/test/auto/BooleanMultiplexor2.xml (RunModel)" time="0.027" />
  <testcase classname="ptolemy.util.test.junit.AutoTests" name="[38] /home/travis/build/icyphy/ptII/ptolemy/actor/lib/test/auto/BooleanMultiplexor3.xml (RunModel)" time="0.016" />
  <testcase classname="ptolemy.util.test.junit.AutoTests" name="[39] /home/travis/build/icyphy/ptII/ptolemy/actor/lib/test/auto/BooleanSelect.xml (RunModel)" time="0.026" />
  <testcase classname="ptolemy.util.test.junit.AutoTests" name="[40] /home/travis/build/icyphy/ptII/ptolemy/actor/lib/test/auto/BooleanSelect2.xml (RunModel)" time="0.019" />
  <testcase classname="ptolemy.util.test.junit.AutoTests" name="[41] /home/travis/build/icyphy/ptII/ptolemy/actor/lib/test/auto/BooleanSwitch.xml (RunModel)" time="0.026" />
  <testcase classname="ptolemy.util.test.junit.AutoTests" name="[42] /home/travis/build/icyphy/ptII/ptolemy/actor/lib/test/auto/BooleanSwitch2.xml (RunModel)" time="0.018" />
  <testcase classname="ptolemy.util.test.junit.AutoTests" name="[43] /home/travis/build/icyphy/ptII/ptolemy/actor/lib/test/auto/BooleanSwitchCloningBugWithClassRelationGroup.xml (RunModel)" time="0.03" />
  <testcase classname="ptolemy.util.test.junit.AutoTests" name="[44] /home/travis/build/icyphy/ptII/ptolemy/actor/lib/test/auto/BusActors.xml (RunModel)" time="0.034" />
  <testcase classname="ptolemy.util.test.junit.AutoTests" name="[45] /home/travis/build/icyphy/ptII/ptolemy/actor/lib/test/auto/ClassWrapper.xml (RunModel)" time="0.033" />
  <testcase classname="ptolemy.util.test.junit.AutoTests" name="[46] /home/travis/build/icyphy/ptII/ptolemy/actor/lib/test/auto/Clock.xml (RunModel)" time="0.014" />
  <testcase classname="ptolemy.util.test.junit.AutoTests" name="[47] /home/travis/build/icyphy/ptII/ptolemy/actor/lib/test/auto/Clock10.xml (RunModel)" time="0.03" />
  <testcase classname="ptolemy.util.test.junit.AutoTests" name="[48] /home/travis/build/icyphy/ptII/ptolemy/actor/lib/test/auto/Clock11.xml (RunModel)" time="0.025" />
  <testcase classname="ptolemy.util.test.junit.AutoTests" name="[49] /home/travis/build/icyphy/ptII/ptolemy/actor/lib/test/auto/Clock12.xml (RunModel)" time="0.031" />
  <testcase classname="ptolemy.util.test.junit.AutoTests" name="[50] /home/travis/build/icyphy/ptII/ptolemy/actor/lib/test/auto/Clock13.xml (RunModel)" time="0.021" />
  <testcase classname="ptolemy.util.test.junit.AutoTests" name="[51] /home/travis/build/icyphy/ptII/ptolemy/actor/lib/test/auto/Clock14.xml (RunModel)" time="0.02" />
  <testcase classname="ptolemy.util.test.junit.AutoTests" name="[52] /home/travis/build/icyphy/ptII/ptolemy/actor/lib/test/auto/Clock15.xml (RunModel)" time="0.017" />
  <testcase classname="ptolemy.util.test.junit.AutoTests" name="[53] /home/travis/build/icyphy/ptII/ptolemy/actor/lib/test/auto/Clock16.xml (RunModel)" time="0.099" />
  <testcase classname="ptolemy.util.test.junit.AutoTests" name="[54] /home/travis/build/icyphy/ptII/ptolemy/actor/lib/test/auto/Clock17.xml (RunModel)" time="0.038" />
  <testcase classname="ptolemy.util.test.junit.AutoTests" name="[55] /home/travis/build/icyphy/ptII/ptolemy/actor/lib/test/auto/Clock18.xml (RunModel)" time="0.049" />
  <testcase classname="ptolemy.util.test.junit.AutoTests" name="[56] /home/travis/build/icyphy/ptII/ptolemy/actor/lib/test/auto/Clock19.xml (RunModel)" time="0.042" />
  <testcase classname="ptolemy.util.test.junit.AutoTests" name="[57] /home/travis/build/icyphy/ptII/ptolemy/actor/lib/test/auto/Clock2.xml (RunModel)" time="0.014" />
  <testcase classname="ptolemy.util.test.junit.AutoTests" name="[58] /home/travis/build/icyphy/ptII/ptolemy/actor/lib/test/auto/Clock20.xml (RunModel)" time="0.025" />
  <testcase classname="ptolemy.util.test.junit.AutoTests" name="[59] /home/travis/build/icyphy/ptII/ptolemy/actor/lib/test/auto/Clock21.xml (RunModel)" time="0.015" />
  <testcase classname="ptolemy.util.test.junit.AutoTests" name="[60] /home/travis/build/icyphy/ptII/ptolemy/actor/lib/test/auto/Clock22.xml (RunModel)" time="0.013" />
  <testcase classname="ptolemy.util.test.junit.AutoTests" name="[61] /home/travis/build/icyphy/ptII/ptolemy/actor/lib/test/auto/Clock23.xml (RunModel)" time="0.016" />
  <testcase classname="ptolemy.util.test.junit.AutoTests" name="[62] /home/travis/build/icyphy/ptII/ptolemy/actor/lib/test/auto/Clock24.xml (RunModel)" time="0.015" />
  <testcase classname="ptolemy.util.test.junit.AutoTests" name="[63] /home/travis/build/icyphy/ptII/ptolemy/actor/lib/test/auto/Clock4.xml (RunModel)" time="0.011" />
  <testcase classname="ptolemy.util.test.junit.AutoTests" name="[64] /home/travis/build/icyphy/ptII/ptolemy/actor/lib/test/auto/Clock5.xml (RunModel)" time="0.024" />
  <testcase classname="ptolemy.util.test.junit.AutoTests" name="[65] /home/travis/build/icyphy/ptII/ptolemy/actor/lib/test/auto/Clock6.xml (RunModel)" time="0.01" />
  <testcase classname="ptolemy.util.test.junit.AutoTests" name="[66] /home/travis/build/icyphy/ptII/ptolemy/actor/lib/test/auto/Clock7.xml (RunModel)" time="0.011" />
  <testcase classname="ptolemy.util.test.junit.AutoTests" name="[67] /home/travis/build/icyphy/ptII/ptolemy/actor/lib/test/auto/Clock8.xml (RunModel)" time="0.017" />
  <testcase classname="ptolemy.util.test.junit.AutoTests" name="[68] /home/travis/build/icyphy/ptII/ptolemy/actor/lib/test/auto/Clock9.xml (RunModel)" time="0.016" />
  <testcase classname="ptolemy.util.test.junit.AutoTests" name="[69] /home/travis/build/icyphy/ptII/ptolemy/actor/lib/test/auto/CommDistDiscard.xml (RunModel)" time="0.024" />
  <testcase classname="ptolemy.util.test.junit.AutoTests" name="[70] /home/travis/build/icyphy/ptII/ptolemy/actor/lib/test/auto/Commutator.xml (RunModel)" time="0.018" />
  <testcase classname="ptolemy.util.test.junit.AutoTests" name="[71] /home/travis/build/icyphy/ptII/ptolemy/actor/lib/test/auto/Commutator2.xml (RunModel)" time="0.011" />
  <testcase classname="ptolemy.util.test.junit.AutoTests" name="[72] /home/travis/build/icyphy/ptII/ptolemy/actor/lib/test/auto/Commutator3.xml (RunModel)" time="0.011" />
  <testcase classname="ptolemy.util.test.junit.AutoTests" name="[73] /home/travis/build/icyphy/ptII/ptolemy/actor/lib/test/auto/Compare.xml (RunModel)" time="0.021" />
  <testcase classname="ptolemy.util.test.junit.AutoTests" name="[74] /home/travis/build/icyphy/ptII/ptolemy/actor/lib/test/auto/CompareDE.xml (RunModel)" time="0.022" />
  <testcase classname="ptolemy.util.test.junit.AutoTests" name="[75] /home/travis/build/icyphy/ptII/ptolemy/actor/lib/test/auto/ComplexDivide.xml (RunModel)" time="0.009" />
  <testcase classname="ptolemy.util.test.junit.AutoTests" name="[76] /home/travis/build/icyphy/ptII/ptolemy/actor/lib/test/auto/ComputeHistogram.xml (RunModel)" time="0.074" />
  <testcase classname="ptolemy.util.test.junit.AutoTests" name="[77] /home/travis/build/icyphy/ptII/ptolemy/actor/lib/test/auto/ConfigurationSelect.xml (RunModel)" time="0.024" />
  <testcase classname="ptolemy.util.test.junit.AutoTests" name="[78] /home/travis/build/icyphy/ptII/ptolemy/actor/lib/test/auto/ConfigurationSelect2.xml (RunModel)" time="0.014" />
  <testcase classname="ptolemy.util.test.junit.AutoTests" name="[79] /home/travis/build/icyphy/ptII/ptolemy/actor/lib/test/auto/ConfigurationSwitch.xml (RunModel)" time="0.027" />
  <testcase classname="ptolemy.util.test.junit.AutoTests" name="[80] /home/travis/build/icyphy/ptII/ptolemy/actor/lib/test/auto/ConfigurationSwitch2.xml (RunModel)" time="0.03" />
  <testcase classname="ptolemy.util.test.junit.AutoTests" name="[81] /home/travis/build/icyphy/ptII/ptolemy/actor/lib/test/auto/ConfigurationSwitchCloningBugWithClassRelationGroup.xml (RunModel)" time="0.022" />
  <testcase classname="ptolemy.util.test.junit.AutoTests" name="[82] /home/travis/build/icyphy/ptII/ptolemy/actor/lib/test/auto/ConfigurationSwitchSelectSDF.xml (RunModel)" time="0.015" />
  <testcase classname="ptolemy.util.test.junit.AutoTests" name="[83] /home/travis/build/icyphy/ptII/ptolemy/actor/lib/test/auto/ConfigurationSwitchSelectSDF2.xml (RunModel)" time="0.014" />
  <testcase classname="ptolemy.util.test.junit.AutoTests" name="[84] /home/travis/build/icyphy/ptII/ptolemy/actor/lib/test/auto/Const.xml (RunModel)" time="0.008" />
  <testcase classname="ptolemy.util.test.junit.AutoTests" name="[85] /home/travis/build/icyphy/ptII/ptolemy/actor/lib/test/auto/Const2.xml (RunModel)" time="0.012" />
  <testcase classname="ptolemy.util.test.junit.AutoTests" name="[86] /home/travis/build/icyphy/ptII/ptolemy/actor/lib/test/auto/Const3.xml (RunModel)" time="0.007" />
  <testcase classname="ptolemy.util.test.junit.AutoTests" name="[87] /home/travis/build/icyphy/ptII/ptolemy/actor/lib/test/auto/ConstantPublisherPort1.xml (RunModel)" time="0.031" />
  <testcase classname="ptolemy.util.test.junit.AutoTests" name="[88] /home/travis/build/icyphy/ptII/ptolemy/actor/lib/test/auto/ConstantPublisherPort2.xml (RunModel)" time="0.03" />
  <testcase classname="ptolemy.util.test.junit.AutoTests" name="[89] /home/travis/build/icyphy/ptII/ptolemy/actor/lib/test/auto/ConstantPublisherPort3.xml (RunModel)" time="0.023" />
  <testcase classname="ptolemy.util.test.junit.AutoTests" name="[90] /home/travis/build/icyphy/ptII/ptolemy/actor/lib/test/auto/ConstantPublisherPort4.xml (RunModel)" time="0.018" />
  <testcase classname="ptolemy.util.test.junit.AutoTests" name="[91] /home/travis/build/icyphy/ptII/ptolemy/actor/lib/test/auto/ConstantPublisherPort5.xml (RunModel)" time="0.05" />
  <testcase classname="ptolemy.util.test.junit.AutoTests" name="[92] /home/travis/build/icyphy/ptII/ptolemy/actor/lib/test/auto/ConstantPublisherPort6.xml (RunModel)" time="0.031" />
  <testcase classname="ptolemy.util.test.junit.AutoTests" name="[93] /home/travis/build/icyphy/ptII/ptolemy/actor/lib/test/auto/ConstantPublisherPort7.xml (RunModel)" time="0.034" />
  <testcase classname="ptolemy.util.test.junit.AutoTests" name="[94] /home/travis/build/icyphy/ptII/ptolemy/actor/lib/test/auto/ConstraintMonitor1.xml (RunModel)" time="0.04" />
  <testcase classname="ptolemy.util.test.junit.AutoTests" name="[95] /home/travis/build/icyphy/ptII/ptolemy/actor/lib/test/auto/ConstraintMonitor2.xml (RunModel)" time="0.011" />
  <testcase classname="ptolemy.util.test.junit.AutoTests" name="[96] /home/travis/build/icyphy/ptII/ptolemy/actor/lib/test/auto/ConstraintMonitor3.xml (RunModel)" time="0.02" />
  <testcase classname="ptolemy.util.test.junit.AutoTests" name="[97] /home/travis/build/icyphy/ptII/ptolemy/actor/lib/test/auto/ConstraintMonitor4.xml (RunModel)" time="0.016" />
  <testcase classname="ptolemy.util.test.junit.AutoTests" name="[98] /home/travis/build/icyphy/ptII/ptolemy/actor/lib/test/auto/ConstraintMonitor5.xml (RunModel)" time="0.01" />
  <testcase classname="ptolemy.util.test.junit.AutoTests" name="[99] /home/travis/build/icyphy/ptII/ptolemy/actor/lib/test/auto/ConstraintMonitor6.xml (RunModel)" time="0.018" />
  <testcase classname="ptolemy.util.test.junit.AutoTests" name="[100] /home/travis/build/icyphy/ptII/ptolemy/actor/lib/test/auto/ConstraintMonitor7.xml (RunModel)" time="0.014" />
  <testcase classname="ptolemy.util.test.junit.AutoTests" name="[101] /home/travis/build/icyphy/ptII/ptolemy/actor/lib/test/auto/ConstraintMonitor8.xml (RunModel)" time="0.013" />
  <testcase classname="ptolemy.util.test.junit.AutoTests" name="[102] /home/travis/build/icyphy/ptII/ptolemy/actor/lib/test/auto/Counter.xml (RunModel)" time="0.011" />
  <testcase classname="ptolemy.util.test.junit.AutoTests" name="[103] /home/travis/build/icyphy/ptII/ptolemy/actor/lib/test/auto/CurrentTimeSDF.xml (RunModel)" time="0.008" />
  <testcase classname="ptolemy.util.test.junit.AutoTests" name="[104] /home/travis/build/icyphy/ptII/ptolemy/actor/lib/test/auto/DB.xml (RunModel)" time="0.011" />
  <testcase classname="ptolemy.util.test.junit.AutoTests" name="[105] /home/travis/build/icyphy/ptII/ptolemy/actor/lib/test/auto/DBDE.xml (RunModel)" time="0.011" />
  <testcase classname="ptolemy.util.test.junit.AutoTests" name="[106] /home/travis/build/icyphy/ptII/ptolemy/actor/lib/test/auto/DateConstructor.xml (RunModel)" time="0.073" />
  <testcase classname="ptolemy.util.test.junit.AutoTests" name="[107] /home/travis/build/icyphy/ptII/ptolemy/actor/lib/test/auto/DelayTime.xml (RunModel)" time="0.023" />
  <testcase classname="ptolemy.util.test.junit.AutoTests" name="[108] /home/travis/build/icyphy/ptII/ptolemy/actor/lib/test/auto/Dictionary1.xml (RunModel)" time="0.022" />
  <testcase classname="ptolemy.util.test.junit.AutoTests" name="[109] /home/travis/build/icyphy/ptII/ptolemy/actor/lib/test/auto/Dictionary2.xml (RunModel)" time="0.018" />
  <testcase classname="ptolemy.util.test.junit.AutoTests" name="[110] /home/travis/build/icyphy/ptII/ptolemy/actor/lib/test/auto/Dictionary3.xml (RunModel)" time="0.015" />
  <testcase classname="ptolemy.util.test.junit.AutoTests" name="[111] /home/travis/build/icyphy/ptII/ptolemy/actor/lib/test/auto/Dictionary4.xml (RunModel)" time="0.015" />
  <testcase classname="ptolemy.util.test.junit.AutoTests" name="[112] /home/travis/build/icyphy/ptII/ptolemy/actor/lib/test/auto/Differential.xml (RunModel)" time="0.015" />
  <testcase classname="ptolemy.util.test.junit.AutoTests" name="[113] /home/travis/build/icyphy/ptII/ptolemy/actor/lib/test/auto/Director.xml (RunModel)" time="0.011" />
  <testcase classname="ptolemy.util.test.junit.AutoTests" name="[114] /home/travis/build/icyphy/ptII/ptolemy/actor/lib/test/auto/DiscreteClock.xml (RunModel)" time="0.008" />
  <testcase classname="ptolemy.util.test.junit.AutoTests" name="[115] /home/travis/build/icyphy/ptII/ptolemy/actor/lib/test/auto/DiscreteClock10.xml (RunModel)" time="0.014" />
  <testcase classname="ptolemy.util.test.junit.AutoTests" name="[116] /home/travis/build/icyphy/ptII/ptolemy/actor/lib/test/auto/DiscreteClock11.xml (RunModel)" time="0.012" />
  <testcase classname="ptolemy.util.test.junit.AutoTests" name="[117] /home/travis/build/icyphy/ptII/ptolemy/actor/lib/test/auto/DiscreteClock12.xml (RunModel)" time="0.014" />
  <testcase classname="ptolemy.util.test.junit.AutoTests" name="[118] /home/travis/build/icyphy/ptII/ptolemy/actor/lib/test/auto/DiscreteClock13.xml (RunModel)" time="0.015" />
  <testcase classname="ptolemy.util.test.junit.AutoTests" name="[119] /home/travis/build/icyphy/ptII/ptolemy/actor/lib/test/auto/DiscreteClock14.xml (RunModel)" time="0.015" />
  <testcase classname="ptolemy.util.test.junit.AutoTests" name="[120] /home/travis/build/icyphy/ptII/ptolemy/actor/lib/test/auto/DiscreteClock15.xml (RunModel)" time="0.014" />
  <testcase classname="ptolemy.util.test.junit.AutoTests" name="[121] /home/travis/build/icyphy/ptII/ptolemy/actor/lib/test/auto/DiscreteClock16.xml (RunModel)" time="0.044" />
  <testcase classname="ptolemy.util.test.junit.AutoTests" name="[122] /home/travis/build/icyphy/ptII/ptolemy/actor/lib/test/auto/DiscreteClock17.xml (RunModel)" time="0.037" />
  <testcase classname="ptolemy.util.test.junit.AutoTests" name="[123] /home/travis/build/icyphy/ptII/ptolemy/actor/lib/test/auto/DiscreteClock18.xml (RunModel)" time="0.046" />
  <testcase classname="ptolemy.util.test.junit.AutoTests" name="[124] /home/travis/build/icyphy/ptII/ptolemy/actor/lib/test/auto/DiscreteClock19.xml (RunModel)" time="0.049" />
  <testcase classname="ptolemy.util.test.junit.AutoTests" name="[125] /home/travis/build/icyphy/ptII/ptolemy/actor/lib/test/auto/DiscreteClock2.xml (RunModel)" time="0.01" />
  <testcase classname="ptolemy.util.test.junit.AutoTests" name="[126] /home/travis/build/icyphy/ptII/ptolemy/actor/lib/test/auto/DiscreteClock20.xml (RunModel)" time="0.019" />
  <testcase classname="ptolemy.util.test.junit.AutoTests" name="[127] /home/travis/build/icyphy/ptII/ptolemy/actor/lib/test/auto/DiscreteClock21.xml (RunModel)" time="0.016" />
  <testcase classname="ptolemy.util.test.junit.AutoTests" name="[128] /home/travis/build/icyphy/ptII/ptolemy/actor/lib/test/auto/DiscreteClock22.xml (RunModel)" time="0.013" />
  <testcase classname="ptolemy.util.test.junit.AutoTests" name="[129] /home/travis/build/icyphy/ptII/ptolemy/actor/lib/test/auto/DiscreteClock23.xml (RunModel)" time="0.02" />
  <testcase classname="ptolemy.util.test.junit.AutoTests" name="[130] /home/travis/build/icyphy/ptII/ptolemy/actor/lib/test/auto/DiscreteClock24.xml (RunModel)" time="0.012" />
  <testcase classname="ptolemy.util.test.junit.AutoTests" name="[131] /home/travis/build/icyphy/ptII/ptolemy/actor/lib/test/auto/DiscreteClock4.xml (RunModel)" time="0.011" />
  <testcase classname="ptolemy.util.test.junit.AutoTests" name="[132] /home/travis/build/icyphy/ptII/ptolemy/actor/lib/test/auto/DiscreteClock5.xml (RunModel)" time="0.011" />
  <testcase classname="ptolemy.util.test.junit.AutoTests" name="[133] /home/travis/build/icyphy/ptII/ptolemy/actor/lib/test/auto/DiscreteClock6.xml (RunModel)" time="0.012" />
  <testcase classname="ptolemy.util.test.junit.AutoTests" name="[134] /home/travis/build/icyphy/ptII/ptolemy/actor/lib/test/auto/DiscreteClock7.xml (RunModel)" time="0.01" />
  <testcase classname="ptolemy.util.test.junit.AutoTests" name="[135] /home/travis/build/icyphy/ptII/ptolemy/actor/lib/test/auto/DiscreteClock8.xml (RunModel)" time="0.03" />
  <testcase classname="ptolemy.util.test.junit.AutoTests" name="[136] /home/travis/build/icyphy/ptII/ptolemy/actor/lib/test/auto/DiscreteClock9.xml (RunModel)" time="0.014" />
  <testcase classname="ptolemy.util.test.junit.AutoTests" name="[137] /home/travis/build/icyphy/ptII/ptolemy/actor/lib/test/auto/DisplayArray.xml (RunModel)" time="0.011" />
  <testcase classname="ptolemy.util.test.junit.AutoTests" name="[138] /home/travis/build/icyphy/ptII/ptolemy/actor/lib/test/auto/Distributor.xml (RunModel)" time="0.009" />
  <testcase classname="ptolemy.util.test.junit.AutoTests" name="[139] /home/travis/build/icyphy/ptII/ptolemy/actor/lib/test/auto/Distributor2.xml (RunModel)" time="0.011" />
  <testcase classname="ptolemy.util.test.junit.AutoTests" name="[140] /home/travis/build/icyphy/ptII/ptolemy/actor/lib/test/auto/DownSample.xml (RunModel)" time="0.012" />
  <testcase classname="ptolemy.util.test.junit.AutoTests" name="[141] /home/travis/build/icyphy/ptII/ptolemy/actor/lib/test/auto/ElectronicUnitBase1.xml (RunModel)" time="0.063" />
  <testcase classname="ptolemy.util.test.junit.AutoTests" name="[142] /home/travis/build/icyphy/ptII/ptolemy/actor/lib/test/auto/ElementsToArray.xml (RunModel)" time="0.01" />
  <testcase classname="ptolemy.util.test.junit.AutoTests" name="[143] /home/travis/build/icyphy/ptII/ptolemy/actor/lib/test/auto/Equals.xml (RunModel)" time="0.012" />
  <testcase classname="ptolemy.util.test.junit.AutoTests" name="[144] /home/travis/build/icyphy/ptII/ptolemy/actor/lib/test/auto/Exec.xml (RunModel)" time="0.031" />
  <testcase classname="ptolemy.util.test.junit.AutoTests" name="[145] /home/travis/build/icyphy/ptII/ptolemy/actor/lib/test/auto/ExecEnvironment.xml (RunModel)" time="0.038" />
  <testcase classname="ptolemy.util.test.junit.AutoTests" name="[146] /home/travis/build/icyphy/ptII/ptolemy/actor/lib/test/auto/ExecNonZeroReturnOutput.xml (RunModel)" time="0.22" />
  <testcase classname="ptolemy.util.test.junit.AutoTests" name="[147] /home/travis/build/icyphy/ptII/ptolemy/actor/lib/test/auto/ExecRunDemos.xml (RunModel)" time="10.683">
    <error type="java.lang.reflect.InvocationTargetException">java.lang.reflect.InvocationTargetException
	at jdk.internal.reflect.GeneratedConstructorAccessor36.newInstance(Unknown Source)
	at java.base/jdk.internal.reflect.DelegatingConstructorAccessorImpl.newInstance(DelegatingConstructorAccessorImpl.java:45)
	at java.base/java.lang.reflect.Constructor.newInstance(Constructor.java:490)
	at ptolemy.util.test.junit.AutoTests.RunModel(AutoTests.java:193)
	at jdk.internal.reflect.GeneratedMethodAccessor43.invoke(Unknown Source)
	at java.base/jdk.internal.reflect.DelegatingMethodAccessorImpl.invoke(DelegatingMethodAccessorImpl.java:43)
	at junitparams.internal.InvokeParameterisedMethod.evaluate(InvokeParameterisedMethod.java:102)
Caused by: ptolemy.kernel.util.IllegalActionException: Test fails in iteration 0.
Value was: &quot;WARNING: An illegal reflective access operation has occurred\nWARNING: Illegal reflective access by io.netty.util.internal.ReflectionUtil (file:/home/travis/build/icyphy/ptII/lib/netty-common-4.1.19.Final.jar) to constructor java.nio.DirectByteBuffer(long,int)\nWARNING: Please consider reporting this to the maintainers of io.netty.util.internal.ReflectionUtil\nWARNING: Use --illegal-access=warn to enable warnings of further illegal reflective access operations\nWARNING: All illegal access operations will be denied in a future release\n&quot;. Should have been: &quot;&quot;
  in .ExecRunDemos.Test
	at ptolemy.actor.lib.Test.fire(Test.java:268)
	at ptolemy.actor.AtomicActor.iterate(AtomicActor.java:512)
	at ptolemy.actor.sched.StaticSchedulingDirector.fire(StaticSchedulingDirector.java:216)
	at ptolemy.domains.sdf.kernel.SDFDirector.fire(SDFDirector.java:500)
	at ptolemy.actor.CompositeActor.fire(CompositeActor.java:455)
	at ptolemy.actor.Manager.iterate(Manager.java:851)
	at ptolemy.actor.Manager.execute(Manager.java:369)
	at ptolemy.actor.Manager.run(Manager.java:1263)
	at ptolemy.actor.Manager$PtolemyRunThread.run(Manager.java:1915)
</error>
  </testcase>
  <testcase classname="ptolemy.util.test.junit.AutoTests" name="[148] /home/travis/build/icyphy/ptII/ptolemy/actor/lib/test/auto/ExecStop.xml (RunModel)" time="5.043" />
  <testcase classname="ptolemy.util.test.junit.AutoTests" name="[149] /home/travis/build/icyphy/ptII/ptolemy/actor/lib/test/auto/ExecutionTimeSDF.xml (RunModel)" time="6.034">
    <error type="java.lang.reflect.InvocationTargetException">java.lang.reflect.InvocationTargetException
	at jdk.internal.reflect.GeneratedConstructorAccessor36.newInstance(Unknown Source)
	at java.base/jdk.internal.reflect.DelegatingConstructorAccessorImpl.newInstance(DelegatingConstructorAccessorImpl.java:45)
	at java.base/java.lang.reflect.Constructor.newInstance(Constructor.java:490)
	at ptolemy.util.test.junit.AutoTests.RunModel(AutoTests.java:193)
	at jdk.internal.reflect.GeneratedMethodAccessor43.invoke(Unknown Source)
	at java.base/jdk.internal.reflect.DelegatingMethodAccessorImpl.invoke(DelegatingMethodAccessorImpl.java:43)
	at junitparams.internal.InvokeParameterisedMethod.evaluate(InvokeParameterisedMethod.java:102)
Caused by: ptolemy.kernel.util.IllegalActionException: Test fails in iteration 0.
Value was: 6001L. Should have been: 6000L
  in .ExecutionTimeSDF.NonStrictTest
	at ptolemy.actor.lib.NonStrictTest.postfire(NonStrictTest.java:328)
	at ptolemy.actor.AtomicActor.iterate(AtomicActor.java:518)
	at ptolemy.actor.sched.StaticSchedulingDirector.fire(StaticSchedulingDirector.java:216)
	at ptolemy.domains.sdf.kernel.SDFDirector.fire(SDFDirector.java:500)
	at ptolemy.actor.CompositeActor.fire(CompositeActor.java:455)
	at ptolemy.actor.Manager.iterate(Manager.java:851)
	at ptolemy.actor.Manager.execute(Manager.java:369)
	at ptolemy.actor.Manager.run(Manager.java:1263)
	at ptolemy.actor.Manager$PtolemyRunThread.run(Manager.java:1915)
</error>
  </testcase>
  <testcase classname="ptolemy.util.test.junit.AutoTests" name="[150] /home/travis/build/icyphy/ptII/ptolemy/actor/lib/test/auto/Expression1.xml (RunModel)" time="0.028" />
  <testcase classname="ptolemy.util.test.junit.AutoTests" name="[151] /home/travis/build/icyphy/ptII/ptolemy/actor/lib/test/auto/Expression10.xml (RunModel)" time="0.031" />
  <testcase classname="ptolemy.util.test.junit.AutoTests" name="[152] /home/travis/build/icyphy/ptII/ptolemy/actor/lib/test/auto/Expression11.xml (RunModel)" time="0.015" />
  <testcase classname="ptolemy.util.test.junit.AutoTests" name="[153] /home/travis/build/icyphy/ptII/ptolemy/actor/lib/test/auto/Expression12.xml (RunModel)" time="0.014" />
  <testcase classname="ptolemy.util.test.junit.AutoTests" name="[154] /home/travis/build/icyphy/ptII/ptolemy/actor/lib/test/auto/Expression13.xml (RunModel)" time="0.012" />
  <testcase classname="ptolemy.util.test.junit.AutoTests" name="[155] /home/travis/build/icyphy/ptII/ptolemy/actor/lib/test/auto/Expression14.xml (RunModel)" time="0.022" />
  <testcase classname="ptolemy.util.test.junit.AutoTests" name="[156] /home/travis/build/icyphy/ptII/ptolemy/actor/lib/test/auto/Expression15.xml (RunModel)" time="0.007" />
  <testcase classname="ptolemy.util.test.junit.AutoTests" name="[157] /home/travis/build/icyphy/ptII/ptolemy/actor/lib/test/auto/Expression16.xml (RunModel)" time="0.011" />
  <testcase classname="ptolemy.util.test.junit.AutoTests" name="[158] /home/travis/build/icyphy/ptII/ptolemy/actor/lib/test/auto/Expression17.xml (RunModel)" time="0.01" />
  <testcase classname="ptolemy.util.test.junit.AutoTests" name="[159] /home/travis/build/icyphy/ptII/ptolemy/actor/lib/test/auto/Expression18.xml (RunModel)" time="0.011" />
  <testcase classname="ptolemy.util.test.junit.AutoTests" name="[160] /home/travis/build/icyphy/ptII/ptolemy/actor/lib/test/auto/Expression2.xml (RunModel)" time="0.012" />
  <testcase classname="ptolemy.util.test.junit.AutoTests" name="[161] /home/travis/build/icyphy/ptII/ptolemy/actor/lib/test/auto/Expression3.xml (RunModel)" time="0.013" />
  <testcase classname="ptolemy.util.test.junit.AutoTests" name="[162] /home/travis/build/icyphy/ptII/ptolemy/actor/lib/test/auto/Expression4.xml (RunModel)" time="0.02" />
  <testcase classname="ptolemy.util.test.junit.AutoTests" name="[163] /home/travis/build/icyphy/ptII/ptolemy/actor/lib/test/auto/Expression5.xml (RunModel)" time="0.011" />
  <testcase classname="ptolemy.util.test.junit.AutoTests" name="[164] /home/travis/build/icyphy/ptII/ptolemy/actor/lib/test/auto/Expression6.xml (RunModel)" time="0.009" />
  <testcase classname="ptolemy.util.test.junit.AutoTests" name="[165] /home/travis/build/icyphy/ptII/ptolemy/actor/lib/test/auto/Expression7.xml (RunModel)" time="0.011" />
  <testcase classname="ptolemy.util.test.junit.AutoTests" name="[166] /home/travis/build/icyphy/ptII/ptolemy/actor/lib/test/auto/Expression8.xml (RunModel)" time="0.015" />
  <testcase classname="ptolemy.util.test.junit.AutoTests" name="[167] /home/travis/build/icyphy/ptII/ptolemy/actor/lib/test/auto/Expression9.xml (RunModel)" time="0.01" />
  <testcase classname="ptolemy.util.test.junit.AutoTests" name="[168] /home/travis/build/icyphy/ptII/ptolemy/actor/lib/test/auto/ExpressionConcatenateArrayType.xml (RunModel)" time="0.031" />
  <testcase classname="ptolemy.util.test.junit.AutoTests" name="[169] /home/travis/build/icyphy/ptII/ptolemy/actor/lib/test/auto/ExpressionConcatenateArrayType2.xml (RunModel)" time="0.022" />
  <testcase classname="ptolemy.util.test.junit.AutoTests" name="[170] /home/travis/build/icyphy/ptII/ptolemy/actor/lib/test/auto/ExpressionFix.xml (RunModel)" time="0.039" />
  <testcase classname="ptolemy.util.test.junit.AutoTests" name="[171] /home/travis/build/icyphy/ptII/ptolemy/actor/lib/test/auto/ExpressionFix2.xml (RunModel)" time="0.015" />
  <testcase classname="ptolemy.util.test.junit.AutoTests" name="[172] /home/travis/build/icyphy/ptII/ptolemy/actor/lib/test/auto/ExpressionFix3.xml (RunModel)" time="0.013" />
  <testcase classname="ptolemy.util.test.junit.AutoTests" name="[173] /home/travis/build/icyphy/ptII/ptolemy/actor/lib/test/auto/FileWriter1.xml (RunModel)" time="0.009" />
  <testcase classname="ptolemy.util.test.junit.AutoTests" name="[174] /home/travis/build/icyphy/ptII/ptolemy/actor/lib/test/auto/FileWriter2.xml (RunModel)" time="0.013" />
  <testcase classname="ptolemy.util.test.junit.AutoTests" name="[175] /home/travis/build/icyphy/ptII/ptolemy/actor/lib/test/auto/FileWriter3.xml (RunModel)" time="0.016" />
  <testcase classname="ptolemy.util.test.junit.AutoTests" name="[176] /home/travis/build/icyphy/ptII/ptolemy/actor/lib/test/auto/Gaussian.xml (RunModel)" time="0.015" />
  <testcase classname="ptolemy.util.test.junit.AutoTests" name="[177] /home/travis/build/icyphy/ptII/ptolemy/actor/lib/test/auto/Gaussian1.xml (RunModel)" time="0.013" />
  <testcase classname="ptolemy.util.test.junit.AutoTests" name="[178] /home/travis/build/icyphy/ptII/ptolemy/actor/lib/test/auto/Gaussian2.xml (RunModel)" time="0.019" />
  <testcase classname="ptolemy.util.test.junit.AutoTests" name="[179] /home/travis/build/icyphy/ptII/ptolemy/actor/lib/test/auto/GradientAdaptiveLattice.xml (RunModel)" time="0.025" />
  <testcase classname="ptolemy.util.test.junit.AutoTests" name="[180] /home/travis/build/icyphy/ptII/ptolemy/actor/lib/test/auto/IIR.xml (RunModel)" time="0.013" />
  <testcase classname="ptolemy.util.test.junit.AutoTests" name="[181] /home/travis/build/icyphy/ptII/ptolemy/actor/lib/test/auto/InputOutputTransparentPorts.xml (RunModel)" time="0.02" />
  <testcase classname="ptolemy.util.test.junit.AutoTests" name="[182] /home/travis/build/icyphy/ptII/ptolemy/actor/lib/test/auto/Interpolator.xml (RunModel)" time="0.012" />
  <testcase classname="ptolemy.util.test.junit.AutoTests" name="[183] /home/travis/build/icyphy/ptII/ptolemy/actor/lib/test/auto/InterpolatorFiringLimitDE.xml (RunModel)" time="0.013" />
  <testcase classname="ptolemy.util.test.junit.AutoTests" name="[184] /home/travis/build/icyphy/ptII/ptolemy/actor/lib/test/auto/Lattice.xml (RunModel)" time="0.01" />
  <testcase classname="ptolemy.util.test.junit.AutoTests" name="[185] /home/travis/build/icyphy/ptII/ptolemy/actor/lib/test/auto/LazyAOCTestLazy.xml (RunModel)" time="0.029" />
  <testcase classname="ptolemy.util.test.junit.AutoTests" name="[186] /home/travis/build/icyphy/ptII/ptolemy/actor/lib/test/auto/LazyAOCTestNonLazy.xml (RunModel)" time="0.047" />
  <testcase classname="ptolemy.util.test.junit.AutoTests" name="[187] /home/travis/build/icyphy/ptII/ptolemy/actor/lib/test/auto/LazyInnerClass.xml (RunModel)" time="0.056" />
  <testcase classname="ptolemy.util.test.junit.AutoTests" name="[188] /home/travis/build/icyphy/ptII/ptolemy/actor/lib/test/auto/LazyPubSub.xml (RunModel)" time="0.062" />
  <testcase classname="ptolemy.util.test.junit.AutoTests" name="[189] /home/travis/build/icyphy/ptII/ptolemy/actor/lib/test/auto/LazyPubSub2.xml (RunModel)" time="0.066" />
  <testcase classname="ptolemy.util.test.junit.AutoTests" name="[190] /home/travis/build/icyphy/ptII/ptolemy/actor/lib/test/auto/LazyPubSub3.xml (RunModel)" time="0.026" />
  <testcase classname="ptolemy.util.test.junit.AutoTests" name="[191] /home/travis/build/icyphy/ptII/ptolemy/actor/lib/test/auto/LazySubClassModel.xml (RunModel)" time="0.022" />
  <testcase classname="ptolemy.util.test.junit.AutoTests" name="[192] /home/travis/build/icyphy/ptII/ptolemy/actor/lib/test/auto/LevelCrossTest1.xml (RunModel)" time="0.01" />
  <testcase classname="ptolemy.util.test.junit.AutoTests" name="[193] /home/travis/build/icyphy/ptII/ptolemy/actor/lib/test/auto/LevelCrossTest10.xml (RunModel)" time="0.017" />
  <testcase classname="ptolemy.util.test.junit.AutoTests" name="[194] /home/travis/build/icyphy/ptII/ptolemy/actor/lib/test/auto/LevelCrossTest11.xml (RunModel)" time="0.015" />
  <testcase classname="ptolemy.util.test.junit.AutoTests" name="[195] /home/travis/build/icyphy/ptII/ptolemy/actor/lib/test/auto/LevelCrossTest12.xml (RunModel)" time="0.017" />
  <testcase classname="ptolemy.util.test.junit.AutoTests" name="[196] /home/travis/build/icyphy/ptII/ptolemy/actor/lib/test/auto/LevelCrossTest13.xml (RunModel)" time="0.014" />
  <testcase classname="ptolemy.util.test.junit.AutoTests" name="[197] /home/travis/build/icyphy/ptII/ptolemy/actor/lib/test/auto/LevelCrossTest2.xml (RunModel)" time="0.01" />
  <testcase classname="ptolemy.util.test.junit.AutoTests" name="[198] /home/travis/build/icyphy/ptII/ptolemy/actor/lib/test/auto/LevelCrossTest3.xml (RunModel)" time="0.013" />
  <testcase classname="ptolemy.util.test.junit.AutoTests" name="[199] /home/travis/build/icyphy/ptII/ptolemy/actor/lib/test/auto/LevelCrossTest4.xml (RunModel)" time="0.012" />
  <testcase classname="ptolemy.util.test.junit.AutoTests" name="[200] /home/travis/build/icyphy/ptII/ptolemy/actor/lib/test/auto/LevelCrossTest5.xml (RunModel)" time="0.012" />
  <testcase classname="ptolemy.util.test.junit.AutoTests" name="[201] /home/travis/build/icyphy/ptII/ptolemy/actor/lib/test/auto/LevelCrossTest6.xml (RunModel)" time="0.02" />
  <testcase classname="ptolemy.util.test.junit.AutoTests" name="[202] /home/travis/build/icyphy/ptII/ptolemy/actor/lib/test/auto/LevelCrossTest7.xml (RunModel)" time="0.021" />
  <testcase classname="ptolemy.util.test.junit.AutoTests" name="[203] /home/travis/build/icyphy/ptII/ptolemy/actor/lib/test/auto/LevelCrossTest8.xml (RunModel)" time="0.016" />
  <testcase classname="ptolemy.util.test.junit.AutoTests" name="[204] /home/travis/build/icyphy/ptII/ptolemy/actor/lib/test/auto/LevelCrossTest9.xml (RunModel)" time="0.013" />
  <testcase classname="ptolemy.util.test.junit.AutoTests" name="[205] /home/travis/build/icyphy/ptII/ptolemy/actor/lib/test/auto/LevinsonDurbin.xml (RunModel)" time="0.009" />
  <testcase classname="ptolemy.util.test.junit.AutoTests" name="[206] /home/travis/build/icyphy/ptII/ptolemy/actor/lib/test/auto/LevinsonDurbin2.xml (RunModel)" time="0.007" />
  <testcase classname="ptolemy.util.test.junit.AutoTests" name="[207] /home/travis/build/icyphy/ptII/ptolemy/actor/lib/test/auto/LevinsonDurbin3.xml (RunModel)" time="0.012" />
  <testcase classname="ptolemy.util.test.junit.AutoTests" name="[208] /home/travis/build/icyphy/ptII/ptolemy/actor/lib/test/auto/Limiter.xml (RunModel)" time="0.042" />
  <testcase classname="ptolemy.util.test.junit.AutoTests" name="[209] /home/travis/build/icyphy/ptII/ptolemy/actor/lib/test/auto/LinearDifferenceEquationSystem.xml (RunModel)" time="0.021" />
  <testcase classname="ptolemy.util.test.junit.AutoTests" name="[210] /home/travis/build/icyphy/ptII/ptolemy/actor/lib/test/auto/LookupTable.xml (RunModel)" time="0.011" />
  <testcase classname="ptolemy.util.test.junit.AutoTests" name="[211] /home/travis/build/icyphy/ptII/ptolemy/actor/lib/test/auto/MathFunction.xml (RunModel)" time="0.032" />
  <testcase classname="ptolemy.util.test.junit.AutoTests" name="[212] /home/travis/build/icyphy/ptII/ptolemy/actor/lib/test/auto/MathFunction2.xml (RunModel)" time="0.018" />
  <testcase classname="ptolemy.util.test.junit.AutoTests" name="[213] /home/travis/build/icyphy/ptII/ptolemy/actor/lib/test/auto/MathFunction3.xml (RunModel)" time="0.019" />
  <testcase classname="ptolemy.util.test.junit.AutoTests" name="[214] /home/travis/build/icyphy/ptII/ptolemy/actor/lib/test/auto/MatrixCropBoolean.xml (RunModel)" time="0.011" />
  <testcase classname="ptolemy.util.test.junit.AutoTests" name="[215] /home/travis/build/icyphy/ptII/ptolemy/actor/lib/test/auto/MatrixCropComplex.xml (RunModel)" time="0.009" />
  <testcase classname="ptolemy.util.test.junit.AutoTests" name="[216] /home/travis/build/icyphy/ptII/ptolemy/actor/lib/test/auto/MatrixCropDouble.xml (RunModel)" time="0.009" />
  <testcase classname="ptolemy.util.test.junit.AutoTests" name="[217] /home/travis/build/icyphy/ptII/ptolemy/actor/lib/test/auto/MatrixCropFix.xml (RunModel)" time="0.011" />
  <testcase classname="ptolemy.util.test.junit.AutoTests" name="[218] /home/travis/build/icyphy/ptII/ptolemy/actor/lib/test/auto/MatrixCropInt.xml (RunModel)" time="0.011" />
  <testcase classname="ptolemy.util.test.junit.AutoTests" name="[219] /home/travis/build/icyphy/ptII/ptolemy/actor/lib/test/auto/MatrixCropLong.xml (RunModel)" time="0.009" />
  <testcase classname="ptolemy.util.test.junit.AutoTests" name="[220] /home/travis/build/icyphy/ptII/ptolemy/actor/lib/test/auto/MatrixToArray.xml (RunModel)" time="0.056" />
  <testcase classname="ptolemy.util.test.junit.AutoTests" name="[221] /home/travis/build/icyphy/ptII/ptolemy/actor/lib/test/auto/MaxIndex.xml (RunModel)" time="0.023" />
  <testcase classname="ptolemy.util.test.junit.AutoTests" name="[222] /home/travis/build/icyphy/ptII/ptolemy/actor/lib/test/auto/Maximum.xml (RunModel)" time="0.013" />
  <testcase classname="ptolemy.util.test.junit.AutoTests" name="[223] /home/travis/build/icyphy/ptII/ptolemy/actor/lib/test/auto/MaximumComplex.xml (RunModel)" time="0.017" />
  <testcase classname="ptolemy.util.test.junit.AutoTests" name="[224] /home/travis/build/icyphy/ptII/ptolemy/actor/lib/test/auto/MethodCallTest.xml (RunModel)" time="0.02" />
  <testcase classname="ptolemy.util.test.junit.AutoTests" name="[225] /home/travis/build/icyphy/ptII/ptolemy/actor/lib/test/auto/Minimum.xml (RunModel)" time="0.013" />
  <testcase classname="ptolemy.util.test.junit.AutoTests" name="[226] /home/travis/build/icyphy/ptII/ptolemy/actor/lib/test/auto/MinimumComplex.xml (RunModel)" time="0.022" />
  <testcase classname="ptolemy.util.test.junit.AutoTests" name="[227] /home/travis/build/icyphy/ptII/ptolemy/actor/lib/test/auto/MinimumMultiports.xml (RunModel)" time="0.022" />
  <testcase classname="ptolemy.util.test.junit.AutoTests" name="[228] /home/travis/build/icyphy/ptII/ptolemy/actor/lib/test/auto/ModifyDate.xml (RunModel)" time="0.054" />
  <testcase classname="ptolemy.util.test.junit.AutoTests" name="[229] /home/travis/build/icyphy/ptII/ptolemy/actor/lib/test/auto/ModifyDate2.xml (RunModel)" time="0.025" />
  <testcase classname="ptolemy.util.test.junit.AutoTests" name="[230] /home/travis/build/icyphy/ptII/ptolemy/actor/lib/test/auto/MovingAverage.xml (RunModel)" time="0.012" />
  <testcase classname="ptolemy.util.test.junit.AutoTests" name="[231] /home/travis/build/icyphy/ptII/ptolemy/actor/lib/test/auto/MovingMaximum.xml (RunModel)" time="0.011" />
  <testcase classname="ptolemy.util.test.junit.AutoTests" name="[232] /home/travis/build/icyphy/ptII/ptolemy/actor/lib/test/auto/MultipleLinksToSameRelation.xml (RunModel)" time="0.008" />
  <testcase classname="ptolemy.util.test.junit.AutoTests" name="[233] /home/travis/build/icyphy/ptII/ptolemy/actor/lib/test/auto/MultipleLinksToSameRelationDE.xml (RunModel)" time="0.017" />
  <testcase classname="ptolemy.util.test.junit.AutoTests" name="[234] /home/travis/build/icyphy/ptII/ptolemy/actor/lib/test/auto/Multiplexor.xml (RunModel)" time="0.013" />
  <testcase classname="ptolemy.util.test.junit.AutoTests" name="[235] /home/travis/build/icyphy/ptII/ptolemy/actor/lib/test/auto/Multiplexor1.xml (RunModel)" time="0.012" />
  <testcase classname="ptolemy.util.test.junit.AutoTests" name="[236] /home/travis/build/icyphy/ptII/ptolemy/actor/lib/test/auto/Multiplexor2.xml (RunModel)" time="0.016" />
  <testcase classname="ptolemy.util.test.junit.AutoTests" name="[237] /home/travis/build/icyphy/ptII/ptolemy/actor/lib/test/auto/Multiplexor3.xml (RunModel)" time="0.01" />
  <testcase classname="ptolemy.util.test.junit.AutoTests" name="[238] /home/travis/build/icyphy/ptII/ptolemy/actor/lib/test/auto/MultiplexorDE.xml (RunModel)" time="0.018" />
  <testcase classname="ptolemy.util.test.junit.AutoTests" name="[239] /home/travis/build/icyphy/ptII/ptolemy/actor/lib/test/auto/MultiportBroadcastTest.xml (RunModel)" time="0.095" />
  <testcase classname="ptolemy.util.test.junit.AutoTests" name="[240] /home/travis/build/icyphy/ptII/ptolemy/actor/lib/test/auto/MultiportOutHangDuringGetWidth.xml (RunModel)" time="0.033" />
  <testcase classname="ptolemy.util.test.junit.AutoTests" name="[241] /home/travis/build/icyphy/ptII/ptolemy/actor/lib/test/auto/NilToken.xml (RunModel)" time="0.012" />
  <testcase classname="ptolemy.util.test.junit.AutoTests" name="[242] /home/travis/build/icyphy/ptII/ptolemy/actor/lib/test/auto/NilTokenNonStrictTest.xml (RunModel)" time="0.009" />
  <testcase classname="ptolemy.util.test.junit.AutoTests" name="[243] /home/travis/build/icyphy/ptII/ptolemy/actor/lib/test/auto/NilTokenRecord.xml (RunModel)" time="0.019" />
  <testcase classname="ptolemy.util.test.junit.AutoTests" name="[244] /home/travis/build/icyphy/ptII/ptolemy/actor/lib/test/auto/NilTokenTypeTest.xml (RunModel)" time="0.028" />
  <testcase classname="ptolemy.util.test.junit.AutoTests" name="[245] /home/travis/build/icyphy/ptII/ptolemy/actor/lib/test/auto/ObjectToken1.xml (RunModel)" time="0.008" />
  <testcase classname="ptolemy.util.test.junit.AutoTests" name="[246] /home/travis/build/icyphy/ptII/ptolemy/actor/lib/test/auto/OrderedMerge.xml (RunModel)" time="0.03" />
  <testcase classname="ptolemy.util.test.junit.AutoTests" name="[247] /home/travis/build/icyphy/ptII/ptolemy/actor/lib/test/auto/OrderedRecordDisassembler.xml (RunModel)" time="0.017" />
  <testcase classname="ptolemy.util.test.junit.AutoTests" name="[248] /home/travis/build/icyphy/ptII/ptolemy/actor/lib/test/auto/OrderedRecordDisassembler2.xml (RunModel)" time="0.018" />
  <testcase classname="ptolemy.util.test.junit.AutoTests" name="[249] /home/travis/build/icyphy/ptII/ptolemy/actor/lib/test/auto/OrderedRecordUpdater.xml (RunModel)" time="0.01" />
  <testcase classname="ptolemy.util.test.junit.AutoTests" name="[250] /home/travis/build/icyphy/ptII/ptolemy/actor/lib/test/auto/OrderedRecordUpdater2.xml (RunModel)" time="0.019" />
  <testcase classname="ptolemy.util.test.junit.AutoTests" name="[251] /home/travis/build/icyphy/ptII/ptolemy/actor/lib/test/auto/PhaseUnwrap.xml (RunModel)" time="0.013" />
  <testcase classname="ptolemy.util.test.junit.AutoTests" name="[252] /home/travis/build/icyphy/ptII/ptolemy/actor/lib/test/auto/PoissonClock.xml (RunModel)" time="0.009" />
  <testcase classname="ptolemy.util.test.junit.AutoTests" name="[253] /home/travis/build/icyphy/ptII/ptolemy/actor/lib/test/auto/PoissonClock2.xml (RunModel)" time="0.007" />
  <testcase classname="ptolemy.util.test.junit.AutoTests" name="[254] /home/travis/build/icyphy/ptII/ptolemy/actor/lib/test/auto/PoissonClock3.xml (RunModel)" time="0.027" />
  <testcase classname="ptolemy.util.test.junit.AutoTests" name="[255] /home/travis/build/icyphy/ptII/ptolemy/actor/lib/test/auto/PubSubWithInitialTokens.xml (RunModel)" time="0.01" />
  <testcase classname="ptolemy.util.test.junit.AutoTests" name="[256] /home/travis/build/icyphy/ptII/ptolemy/actor/lib/test/auto/PubSubWithInitialTokens2.xml (RunModel)" time="0.014" />
  <testcase classname="ptolemy.util.test.junit.AutoTests" name="[257] /home/travis/build/icyphy/ptII/ptolemy/actor/lib/test/auto/PublisherClassNoParameter.xml (RunModel)" time="0.02" />
  <testcase classname="ptolemy.util.test.junit.AutoTests" name="[258] /home/travis/build/icyphy/ptII/ptolemy/actor/lib/test/auto/PublisherClassParameter.xml (RunModel)" time="0.02" />
  <testcase classname="ptolemy.util.test.junit.AutoTests" name="[259] /home/travis/build/icyphy/ptII/ptolemy/actor/lib/test/auto/PublisherNonStrictTest.xml (RunModel)" time="0.014" />
  <testcase classname="ptolemy.util.test.junit.AutoTests" name="[260] /home/travis/build/icyphy/ptII/ptolemy/actor/lib/test/auto/PublisherPort1.xml (RunModel)" time="0.009" />
  <testcase classname="ptolemy.util.test.junit.AutoTests" name="[261] /home/travis/build/icyphy/ptII/ptolemy/actor/lib/test/auto/PublisherPort2.xml (RunModel)" time="0.008" />
  <testcase classname="ptolemy.util.test.junit.AutoTests" name="[262] /home/travis/build/icyphy/ptII/ptolemy/actor/lib/test/auto/PublisherPort3.xml (RunModel)" time="0.025" />
  <testcase classname="ptolemy.util.test.junit.AutoTests" name="[263] /home/travis/build/icyphy/ptII/ptolemy/actor/lib/test/auto/PublisherPort4.xml (RunModel)" time="0.012" />
  <testcase classname="ptolemy.util.test.junit.AutoTests" name="[264] /home/travis/build/icyphy/ptII/ptolemy/actor/lib/test/auto/PublisherPort5.xml (RunModel)" time="0.014" />
  <testcase classname="ptolemy.util.test.junit.AutoTests" name="[265] /home/travis/build/icyphy/ptII/ptolemy/actor/lib/test/auto/PublisherPort5LookAlike.xml (RunModel)" time="0.017" />
  <testcase classname="ptolemy.util.test.junit.AutoTests" name="[266] /home/travis/build/icyphy/ptII/ptolemy/actor/lib/test/auto/PublisherPort6.xml (RunModel)" time="0.011" />
  <testcase classname="ptolemy.util.test.junit.AutoTests" name="[267] /home/travis/build/icyphy/ptII/ptolemy/actor/lib/test/auto/PublisherPort7.xml (RunModel)" time="0.013" />
  <testcase classname="ptolemy.util.test.junit.AutoTests" name="[268] /home/travis/build/icyphy/ptII/ptolemy/actor/lib/test/auto/PublisherPort8.xml (RunModel)" time="0.015" />
  <testcase classname="ptolemy.util.test.junit.AutoTests" name="[269] /home/travis/build/icyphy/ptII/ptolemy/actor/lib/test/auto/PublisherPortSubscriberChannelVariablesAOC2.xml (RunModel)" time="0.039" />
  <testcase classname="ptolemy.util.test.junit.AutoTests" name="[270] /home/travis/build/icyphy/ptII/ptolemy/actor/lib/test/auto/PublisherPortSubscriberOpaqueWidthInference.xml (RunModel)" time="0.016" />
  <testcase classname="ptolemy.util.test.junit.AutoTests" name="[271] /home/travis/build/icyphy/ptII/ptolemy/actor/lib/test/auto/PublisherPortSubscriberPortAdjacent.xml (RunModel)" time="0.018" />
  <testcase classname="ptolemy.util.test.junit.AutoTests" name="[272] /home/travis/build/icyphy/ptII/ptolemy/actor/lib/test/auto/PublisherPortSubscriberPortExpression.xml (RunModel)" time="0.018" />
  <testcase classname="ptolemy.util.test.junit.AutoTests" name="[273] /home/travis/build/icyphy/ptII/ptolemy/actor/lib/test/auto/PublisherPortSubscriberPortOpaqueD3Reverse.xml (RunModel)" time="0.036" />
  <testcase classname="ptolemy.util.test.junit.AutoTests" name="[274] /home/travis/build/icyphy/ptII/ptolemy/actor/lib/test/auto/PublisherPortSubscriberPortOpaqueWidthInference.xml (RunModel)" time="0.032" />
  <testcase classname="ptolemy.util.test.junit.AutoTests" name="[275] /home/travis/build/icyphy/ptII/ptolemy/actor/lib/test/auto/PublisherPortToplevelSubscriberPortAOC.xml (RunModel)" time="0.01" />
  <testcase classname="ptolemy.util.test.junit.AutoTests" name="[276] /home/travis/build/icyphy/ptII/ptolemy/actor/lib/test/auto/PublisherSubscriber.xml (RunModel)" time="0.012" />
  <testcase classname="ptolemy.util.test.junit.AutoTests" name="[277] /home/travis/build/icyphy/ptII/ptolemy/actor/lib/test/auto/PublisherSubscriber10.xml (RunModel)" time="0.018" />
  <testcase classname="ptolemy.util.test.junit.AutoTests" name="[278] /home/travis/build/icyphy/ptII/ptolemy/actor/lib/test/auto/PublisherSubscriber10InitialOutputs.xml (RunModel)" time="0.026" />
  <testcase classname="ptolemy.util.test.junit.AutoTests" name="[279] /home/travis/build/icyphy/ptII/ptolemy/actor/lib/test/auto/PublisherSubscriber11.xml (RunModel)" time="0.018" />
  <testcase classname="ptolemy.util.test.junit.AutoTests" name="[280] /home/travis/build/icyphy/ptII/ptolemy/actor/lib/test/auto/PublisherSubscriber12.xml (RunModel)" time="0.02" />
  <testcase classname="ptolemy.util.test.junit.AutoTests" name="[281] /home/travis/build/icyphy/ptII/ptolemy/actor/lib/test/auto/PublisherSubscriber13.xml (RunModel)" time="0.01" />
  <testcase classname="ptolemy.util.test.junit.AutoTests" name="[282] /home/travis/build/icyphy/ptII/ptolemy/actor/lib/test/auto/PublisherSubscriber14.xml (RunModel)" time="0.02" />
  <testcase classname="ptolemy.util.test.junit.AutoTests" name="[283] /home/travis/build/icyphy/ptII/ptolemy/actor/lib/test/auto/PublisherSubscriber2.xml (RunModel)" time="0.01" />
  <testcase classname="ptolemy.util.test.junit.AutoTests" name="[284] /home/travis/build/icyphy/ptII/ptolemy/actor/lib/test/auto/PublisherSubscriber3.xml (RunModel)" time="0.008" />
  <testcase classname="ptolemy.util.test.junit.AutoTests" name="[285] /home/travis/build/icyphy/ptII/ptolemy/actor/lib/test/auto/PublisherSubscriber4.xml (RunModel)" time="0.008" />
  <testcase classname="ptolemy.util.test.junit.AutoTests" name="[286] /home/travis/build/icyphy/ptII/ptolemy/actor/lib/test/auto/PublisherSubscriber5.xml (RunModel)" time="0.013" />
  <testcase classname="ptolemy.util.test.junit.AutoTests" name="[287] /home/travis/build/icyphy/ptII/ptolemy/actor/lib/test/auto/PublisherSubscriber6.xml (RunModel)" time="0.013" />
  <testcase classname="ptolemy.util.test.junit.AutoTests" name="[288] /home/travis/build/icyphy/ptII/ptolemy/actor/lib/test/auto/PublisherSubscriber7.xml (RunModel)" time="0.017" />
  <testcase classname="ptolemy.util.test.junit.AutoTests" name="[289] /home/travis/build/icyphy/ptII/ptolemy/actor/lib/test/auto/PublisherSubscriber8.xml (RunModel)" time="0.03" />
  <testcase classname="ptolemy.util.test.junit.AutoTests" name="[290] /home/travis/build/icyphy/ptII/ptolemy/actor/lib/test/auto/PublisherSubscriber9.xml (RunModel)" time="0.016" />
  <testcase classname="ptolemy.util.test.junit.AutoTests" name="[291] /home/travis/build/icyphy/ptII/ptolemy/actor/lib/test/auto/PublisherSubscriberAdjacent.xml (RunModel)" time="0.014" />
  <testcase classname="ptolemy.util.test.junit.AutoTests" name="[292] /home/travis/build/icyphy/ptII/ptolemy/actor/lib/test/auto/PublisherSubscriberChannelVariablesAOC2.xml (RunModel)" time="0.028" />
  <testcase classname="ptolemy.util.test.junit.AutoTests" name="[293] /home/travis/build/icyphy/ptII/ptolemy/actor/lib/test/auto/PublisherSubscriberD3.xml (RunModel)" time="0.035" />
  <testcase classname="ptolemy.util.test.junit.AutoTests" name="[294] /home/travis/build/icyphy/ptII/ptolemy/actor/lib/test/auto/PublisherSubscriberD3Reverse.xml (RunModel)" time="0.01" />
  <testcase classname="ptolemy.util.test.junit.AutoTests" name="[295] /home/travis/build/icyphy/ptII/ptolemy/actor/lib/test/auto/PublisherSubscriberExpression.xml (RunModel)" time="0.022" />
  <testcase classname="ptolemy.util.test.junit.AutoTests" name="[296] /home/travis/build/icyphy/ptII/ptolemy/actor/lib/test/auto/PublisherSubscriberOpaque.xml (RunModel)" time="0.014" />
  <testcase classname="ptolemy.util.test.junit.AutoTests" name="[297] /home/travis/build/icyphy/ptII/ptolemy/actor/lib/test/auto/PublisherSubscriberOpaqueD3.xml (RunModel)" time="0.021" />
  <testcase classname="ptolemy.util.test.junit.AutoTests" name="[298] /home/travis/build/icyphy/ptII/ptolemy/actor/lib/test/auto/PublisherSubscriberOpaqueD3Reverse.xml (RunModel)" time="0.021" />
  <testcase classname="ptolemy.util.test.junit.AutoTests" name="[299] /home/travis/build/icyphy/ptII/ptolemy/actor/lib/test/auto/PublisherSubscriberOpaqueWidthInference.xml (RunModel)" time="0.019" />
  <testcase classname="ptolemy.util.test.junit.AutoTests" name="[300] /home/travis/build/icyphy/ptII/ptolemy/actor/lib/test/auto/PublisherTestSubscriber.xml (RunModel)" time="0.014" />
  <testcase classname="ptolemy.util.test.junit.AutoTests" name="[301] /home/travis/build/icyphy/ptII/ptolemy/actor/lib/test/auto/PublisherToplevelSubscriberPortAOC.xml (RunModel)" time="0.015" />
  <testcase classname="ptolemy.util.test.junit.AutoTests" name="[302] /home/travis/build/icyphy/ptII/ptolemy/actor/lib/test/auto/PulseFiringLimitDE.xml (RunModel)" time="0.017" />
  <testcase classname="ptolemy.util.test.junit.AutoTests" name="[303] /home/travis/build/icyphy/ptII/ptolemy/actor/lib/test/auto/Ramp1.xml (RunModel)" time="0.006" />
  <testcase classname="ptolemy.util.test.junit.AutoTests" name="[304] /home/travis/build/icyphy/ptII/ptolemy/actor/lib/test/auto/RampFiringLimitDE.xml (RunModel)" time="0.01" />
  <testcase classname="ptolemy.util.test.junit.AutoTests" name="[305] /home/travis/build/icyphy/ptII/ptolemy/actor/lib/test/auto/RampFiringLimitSDF.xml (RunModel)" time="0.009" />
  <testcase classname="ptolemy.util.test.junit.AutoTests" name="[306] /home/travis/build/icyphy/ptII/ptolemy/actor/lib/test/auto/RandomInteger.xml (RunModel)" time="0.008" />
  <testcase classname="ptolemy.util.test.junit.AutoTests" name="[307] /home/travis/build/icyphy/ptII/ptolemy/actor/lib/test/auto/ReadFile1.xml (RunModel)" time="0.007" />
  <testcase classname="ptolemy.util.test.junit.AutoTests" name="[308] /home/travis/build/icyphy/ptII/ptolemy/actor/lib/test/auto/ReadFile2.xml (RunModel)" time="0.007" />
  <testcase classname="ptolemy.util.test.junit.AutoTests" name="[309] /home/travis/build/icyphy/ptII/ptolemy/actor/lib/test/auto/Reader.xml (RunModel)" time="0.011" />
  <testcase classname="ptolemy.util.test.junit.AutoTests" name="[310] /home/travis/build/icyphy/ptII/ptolemy/actor/lib/test/auto/RecordAssemblerDisplayNameTest.xml (RunModel)" time="3.919" />
  <testcase classname="ptolemy.util.test.junit.AutoTests" name="[311] /home/travis/build/icyphy/ptII/ptolemy/actor/lib/test/auto/RecordAssemblerTypeError.xml (RunModel)" time="0.036" />
  <testcase classname="ptolemy.util.test.junit.AutoTests" name="[312] /home/travis/build/icyphy/ptII/ptolemy/actor/lib/test/auto/RecordDisassember.xml (RunModel)" time="0.009" />
  <testcase classname="ptolemy.util.test.junit.AutoTests" name="[313] /home/travis/build/icyphy/ptII/ptolemy/actor/lib/test/auto/RecordDisassemberDisplayNameTest.xml (RunModel)" time="0.017" />
  <testcase classname="ptolemy.util.test.junit.AutoTests" name="[314] /home/travis/build/icyphy/ptII/ptolemy/actor/lib/test/auto/RecordDisassembler.xml (RunModel)" time="0.011" />
  <testcase classname="ptolemy.util.test.junit.AutoTests" name="[315] /home/travis/build/icyphy/ptII/ptolemy/actor/lib/test/auto/RecordDisassembler2.xml (RunModel)" time="0.009" />
  <testcase classname="ptolemy.util.test.junit.AutoTests" name="[316] /home/travis/build/icyphy/ptII/ptolemy/actor/lib/test/auto/RecordUpdater.xml (RunModel)" time="0.008" />
  <testcase classname="ptolemy.util.test.junit.AutoTests" name="[317] /home/travis/build/icyphy/ptII/ptolemy/actor/lib/test/auto/RecordUpdater2.xml (RunModel)" time="0.007" />
  <testcase classname="ptolemy.util.test.junit.AutoTests" name="[318] /home/travis/build/icyphy/ptII/ptolemy/actor/lib/test/auto/RecursiveLattice.xml (RunModel)" time="0.007" />
  <testcase classname="ptolemy.util.test.junit.AutoTests" name="[319] /home/travis/build/icyphy/ptII/ptolemy/actor/lib/test/auto/Router.xml (RunModel)" time="3.029" />
  <testcase classname="ptolemy.util.test.junit.AutoTests" name="[320] /home/travis/build/icyphy/ptII/ptolemy/actor/lib/test/auto/Router2.xml (RunModel)" time="3.031" />
  <testcase classname="ptolemy.util.test.junit.AutoTests" name="[321] /home/travis/build/icyphy/ptII/ptolemy/actor/lib/test/auto/RunningMaximum.xml (RunModel)" time="0.018" />
  <testcase classname="ptolemy.util.test.junit.AutoTests" name="[322] /home/travis/build/icyphy/ptII/ptolemy/actor/lib/test/auto/RunningMinimum.xml (RunModel)" time="0.044" />
  <testcase classname="ptolemy.util.test.junit.AutoTests" name="[323] /home/travis/build/icyphy/ptII/ptolemy/actor/lib/test/auto/Scale.xml (RunModel)" time="0.025" />
  <testcase classname="ptolemy.util.test.junit.AutoTests" name="[324] /home/travis/build/icyphy/ptII/ptolemy/actor/lib/test/auto/Scale2.xml (RunModel)" time="0.009" />
  <testcase classname="ptolemy.util.test.junit.AutoTests" name="[325] /home/travis/build/icyphy/ptII/ptolemy/actor/lib/test/auto/Scale3.xml (RunModel)" time="0.012" />
  <testcase classname="ptolemy.util.test.junit.AutoTests" name="[326] /home/travis/build/icyphy/ptII/ptolemy/actor/lib/test/auto/ScaleArray.xml (RunModel)" time="0.008" />
  <testcase classname="ptolemy.util.test.junit.AutoTests" name="[327] /home/travis/build/icyphy/ptII/ptolemy/actor/lib/test/auto/ScaleArray2.xml (RunModel)" time="0.008" />
  <testcase classname="ptolemy.util.test.junit.AutoTests" name="[328] /home/travis/build/icyphy/ptII/ptolemy/actor/lib/test/auto/ScaleMatrix.xml (RunModel)" time="0.194" />
  <testcase classname="ptolemy.util.test.junit.AutoTests" name="[329] /home/travis/build/icyphy/ptII/ptolemy/actor/lib/test/auto/Select.xml (RunModel)" time="0.053" />
  <testcase classname="ptolemy.util.test.junit.AutoTests" name="[330] /home/travis/build/icyphy/ptII/ptolemy/actor/lib/test/auto/Select2.xml (RunModel)" time="0.023" />
  <testcase classname="ptolemy.util.test.junit.AutoTests" name="[331] /home/travis/build/icyphy/ptII/ptolemy/actor/lib/test/auto/SequenceToArray2.xml (RunModel)" time="0.131" />
  <testcase classname="ptolemy.util.test.junit.AutoTests" name="[332] /home/travis/build/icyphy/ptII/ptolemy/actor/lib/test/auto/SequentialClock.xml (RunModel)" time="0.01" />
  <testcase classname="ptolemy.util.test.junit.AutoTests" name="[333] /home/travis/build/icyphy/ptII/ptolemy/actor/lib/test/auto/SetVariable.xml (RunModel)" time="0.01" />
  <testcase classname="ptolemy.util.test.junit.AutoTests" name="[334] /home/travis/build/icyphy/ptII/ptolemy/actor/lib/test/auto/SetVariable2.xml (RunModel)" time="0.009" />
  <testcase classname="ptolemy.util.test.junit.AutoTests" name="[335] /home/travis/build/icyphy/ptII/ptolemy/actor/lib/test/auto/SetVariable3.xml (RunModel)" time="0.013" />
  <testcase classname="ptolemy.util.test.junit.AutoTests" name="[336] /home/travis/build/icyphy/ptII/ptolemy/actor/lib/test/auto/SetVariable4.xml (RunModel)" time="0.028" />
  <testcase classname="ptolemy.util.test.junit.AutoTests" name="[337] /home/travis/build/icyphy/ptII/ptolemy/actor/lib/test/auto/SetVariable5.xml (RunModel)" time="0.033" />
  <testcase classname="ptolemy.util.test.junit.AutoTests" name="[338] /home/travis/build/icyphy/ptII/ptolemy/actor/lib/test/auto/Sinewave.xml (RunModel)" time="0.022" />
  <testcase classname="ptolemy.util.test.junit.AutoTests" name="[339] /home/travis/build/icyphy/ptII/ptolemy/actor/lib/test/auto/Sinewave2.xml (RunModel)" time="0.017" />
  <testcase classname="ptolemy.util.test.junit.AutoTests" name="[340] /home/travis/build/icyphy/ptII/ptolemy/actor/lib/test/auto/Sinewave3.xml (RunModel)" time="0.021" />
  <testcase classname="ptolemy.util.test.junit.AutoTests" name="[341] /home/travis/build/icyphy/ptII/ptolemy/actor/lib/test/auto/SingleEvent.xml (RunModel)" time="0.006" />
  <testcase classname="ptolemy.util.test.junit.AutoTests" name="[342] /home/travis/build/icyphy/ptII/ptolemy/actor/lib/test/auto/Sleep.xml (RunModel)" time="6.015" />
  <testcase classname="ptolemy.util.test.junit.AutoTests" name="[343] /home/travis/build/icyphy/ptII/ptolemy/actor/lib/test/auto/SleepMultipleFire.xml (RunModel)" time="1.017" />
  <testcase classname="ptolemy.util.test.junit.AutoTests" name="[344] /home/travis/build/icyphy/ptII/ptolemy/actor/lib/test/auto/StopDE.xml (RunModel)" time="0.014" />
  <testcase classname="ptolemy.util.test.junit.AutoTests" name="[345] /home/travis/build/icyphy/ptII/ptolemy/actor/lib/test/auto/StopSDF.xml (RunModel)" time="0.01" />
  <testcase classname="ptolemy.util.test.junit.AutoTests" name="[346] /home/travis/build/icyphy/ptII/ptolemy/actor/lib/test/auto/StringConstant.xml (RunModel)" time="0.015" />
  <testcase classname="ptolemy.util.test.junit.AutoTests" name="[347] /home/travis/build/icyphy/ptII/ptolemy/actor/lib/test/auto/SubscriberPortInitialValues1.xml (RunModel)" time="0.019" />
  <testcase classname="ptolemy.util.test.junit.AutoTests" name="[348] /home/travis/build/icyphy/ptII/ptolemy/actor/lib/test/auto/SubscriberPortInitialValues13.xml (RunModel)" time="0.03" />
  <testcase classname="ptolemy.util.test.junit.AutoTests" name="[349] /home/travis/build/icyphy/ptII/ptolemy/actor/lib/test/auto/SubscriberPortInitialValues14.xml (RunModel)" time="0.014" />
  <testcase classname="ptolemy.util.test.junit.AutoTests" name="[350] /home/travis/build/icyphy/ptII/ptolemy/actor/lib/test/auto/SubscriberPortInitialValues2.xml (RunModel)" time="0.014" />
  <testcase classname="ptolemy.util.test.junit.AutoTests" name="[351] /home/travis/build/icyphy/ptII/ptolemy/actor/lib/test/auto/SubscriberPortInitialValues3.xml (RunModel)" time="0.02" />
  <testcase classname="ptolemy.util.test.junit.AutoTests" name="[352] /home/travis/build/icyphy/ptII/ptolemy/actor/lib/test/auto/SubscriptionAggregator.xml (RunModel)" time="0.01" />
  <testcase classname="ptolemy.util.test.junit.AutoTests" name="[353] /home/travis/build/icyphy/ptII/ptolemy/actor/lib/test/auto/SubscriptionAggregator2.xml (RunModel)" time="0.01" />
  <testcase classname="ptolemy.util.test.junit.AutoTests" name="[354] /home/travis/build/icyphy/ptII/ptolemy/actor/lib/test/auto/SubscriptionAggregator3.xml (RunModel)" time="0.014" />
  <testcase classname="ptolemy.util.test.junit.AutoTests" name="[355] /home/travis/build/icyphy/ptII/ptolemy/actor/lib/test/auto/SubscriptionAggregatorMultiply.xml (RunModel)" time="0.022" />
  <testcase classname="ptolemy.util.test.junit.AutoTests" name="[356] /home/travis/build/icyphy/ptII/ptolemy/actor/lib/test/auto/SubscriptionAggregatorPortMultiply1.xml (RunModel)" time="0.014" />
  <testcase classname="ptolemy.util.test.junit.AutoTests" name="[357] /home/travis/build/icyphy/ptII/ptolemy/actor/lib/test/auto/Switch.xml (RunModel)" time="0.021" />
  <testcase classname="ptolemy.util.test.junit.AutoTests" name="[358] /home/travis/build/icyphy/ptII/ptolemy/actor/lib/test/auto/Switch2.xml (RunModel)" time="0.011" />
  <testcase classname="ptolemy.util.test.junit.AutoTests" name="[359] /home/travis/build/icyphy/ptII/ptolemy/actor/lib/test/auto/SwitchDE.xml (RunModel)" time="0.012" />
  <testcase classname="ptolemy.util.test.junit.AutoTests" name="[360] /home/travis/build/icyphy/ptII/ptolemy/actor/lib/test/auto/SynchronizerDE.xml (RunModel)" time="0.02" />
  <testcase classname="ptolemy.util.test.junit.AutoTests" name="[361] /home/travis/build/icyphy/ptII/ptolemy/actor/lib/test/auto/Test.xml (RunModel)" time="0.017" />
  <testcase classname="ptolemy.util.test.junit.AutoTests" name="[362] /home/travis/build/icyphy/ptII/ptolemy/actor/lib/test/auto/TestExceptionAttribute1.xml (RunModel)" time="0.006" />
  <testcase classname="ptolemy.util.test.junit.AutoTests" name="[363] /home/travis/build/icyphy/ptII/ptolemy/actor/lib/test/auto/TestExceptionAttribute2.xml (RunModel)" time="0.006" />
  <testcase classname="ptolemy.util.test.junit.AutoTests" name="[364] /home/travis/build/icyphy/ptII/ptolemy/actor/lib/test/auto/TestExceptionAttribute3.xml (RunModel)" time="0.018" />
  <testcase classname="ptolemy.util.test.junit.AutoTests" name="[365] /home/travis/build/icyphy/ptII/ptolemy/actor/lib/test/auto/TestExceptionAttribute4.xml (RunModel)" time="0.006" />
  <testcase classname="ptolemy.util.test.junit.AutoTests" name="[366] /home/travis/build/icyphy/ptII/ptolemy/actor/lib/test/auto/TestExceptionHandler1.xml (RunModel)" time="0.007" />
  <testcase classname="ptolemy.util.test.junit.AutoTests" name="[367] /home/travis/build/icyphy/ptII/ptolemy/actor/lib/test/auto/TestExceptionHandler2.xml (RunModel)" time="0.014" />
  <testcase classname="ptolemy.util.test.junit.AutoTests" name="[368] /home/travis/build/icyphy/ptII/ptolemy/actor/lib/test/auto/TestExceptionHandler3.xml (RunModel)" time="0.007" />
  <testcase classname="ptolemy.util.test.junit.AutoTests" name="[369] /home/travis/build/icyphy/ptII/ptolemy/actor/lib/test/auto/TestExceptionHandler4.xml (RunModel)" time="0.006" />
  <testcase classname="ptolemy.util.test.junit.AutoTests" name="[370] /home/travis/build/icyphy/ptII/ptolemy/actor/lib/test/auto/TestRequireCorrectOrder.xml (RunModel)" time="0.012" />
  <testcase classname="ptolemy.util.test.junit.AutoTests" name="[371] /home/travis/build/icyphy/ptII/ptolemy/actor/lib/test/auto/TestSimple.xml (RunModel)" time="0.006" />
  <testcase classname="ptolemy.util.test.junit.AutoTests" name="[372] /home/travis/build/icyphy/ptII/ptolemy/actor/lib/test/auto/ThrowModelError.xml (RunModel)" time="0.009" />
  <testcase classname="ptolemy.util.test.junit.AutoTests" name="[373] /home/travis/build/icyphy/ptII/ptolemy/actor/lib/test/auto/TimeDelayMicrosteps.xml (RunModel)" time="0.015" />
  <testcase classname="ptolemy.util.test.junit.AutoTests" name="[374] /home/travis/build/icyphy/ptII/ptolemy/actor/lib/test/auto/TimeDelayMicrosteps2.xml (RunModel)" time="0.035" />
  <testcase classname="ptolemy.util.test.junit.AutoTests" name="[375] /home/travis/build/icyphy/ptII/ptolemy/actor/lib/test/auto/TimeDelayMicrosteps3.xml (RunModel)" time="0.012" />
  <testcase classname="ptolemy.util.test.junit.AutoTests" name="[376] /home/travis/build/icyphy/ptII/ptolemy/actor/lib/test/auto/TimeDelayVariableMicrosteps.xml (RunModel)" time="0.01" />
  <testcase classname="ptolemy.util.test.junit.AutoTests" name="[377] /home/travis/build/icyphy/ptII/ptolemy/actor/lib/test/auto/TimeGap.xml (RunModel)" time="0.014" />
  <testcase classname="ptolemy.util.test.junit.AutoTests" name="[378] /home/travis/build/icyphy/ptII/ptolemy/actor/lib/test/auto/TimeGap2.xml (RunModel)" time="0.009" />
  <testcase classname="ptolemy.util.test.junit.AutoTests" name="[379] /home/travis/build/icyphy/ptII/ptolemy/actor/lib/test/auto/TimedSinewave.xml (RunModel)" time="0.05" />
  <testcase classname="ptolemy.util.test.junit.AutoTests" name="[380] /home/travis/build/icyphy/ptII/ptolemy/actor/lib/test/auto/TimedSinewavePhase.xml (RunModel)" time="0.026" />
  <testcase classname="ptolemy.util.test.junit.AutoTests" name="[381] /home/travis/build/icyphy/ptII/ptolemy/actor/lib/test/auto/Timer.xml (RunModel)" time="0.012" />
  <testcase classname="ptolemy.util.test.junit.AutoTests" name="[382] /home/travis/build/icyphy/ptII/ptolemy/actor/lib/test/auto/TriangularDistTestModel.xml (RunModel)" time="0.015" />
  <testcase classname="ptolemy.util.test.junit.AutoTests" name="[383] /home/travis/build/icyphy/ptII/ptolemy/actor/lib/test/auto/TrigFunction.xml (RunModel)" time="0.007" />
  <testcase classname="ptolemy.util.test.junit.AutoTests" name="[384] /home/travis/build/icyphy/ptII/ptolemy/actor/lib/test/auto/TrigFunctionDE.xml (RunModel)" time="0.01" />
  <testcase classname="ptolemy.util.test.junit.AutoTests" name="[385] /home/travis/build/icyphy/ptII/ptolemy/actor/lib/test/auto/TrigFunctionInverse.xml (RunModel)" time="0.009" />
  <testcase classname="ptolemy.util.test.junit.AutoTests" name="[386] /home/travis/build/icyphy/ptII/ptolemy/actor/lib/test/auto/TrigFunctionTan.xml (RunModel)" time="0.006" />
  <testcase classname="ptolemy.util.test.junit.AutoTests" name="[387] /home/travis/build/icyphy/ptII/ptolemy/actor/lib/test/auto/TriggeredClock.xml (RunModel)" time="0.007" />
  <testcase classname="ptolemy.util.test.junit.AutoTests" name="[388] /home/travis/build/icyphy/ptII/ptolemy/actor/lib/test/auto/URLDirectoryReader.xml (RunModel)" time="0.119" />
  <testcase classname="ptolemy.util.test.junit.AutoTests" name="[389] /home/travis/build/icyphy/ptII/ptolemy/actor/lib/test/auto/URLDirectoryReader3.xml (RunModel)" time="1.306" />
  <testcase classname="ptolemy.util.test.junit.AutoTests" name="[390] /home/travis/build/icyphy/ptII/ptolemy/actor/lib/test/auto/UnaryMathFunction.xml (RunModel)" time="0.023" />
  <testcase classname="ptolemy.util.test.junit.AutoTests" name="[391] /home/travis/build/icyphy/ptII/ptolemy/actor/lib/test/auto/Uniform.xml (RunModel)" time="0.014" />
  <testcase classname="ptolemy.util.test.junit.AutoTests" name="[392] /home/travis/build/icyphy/ptII/ptolemy/actor/lib/test/auto/UnionDisassemblerTest.xml (RunModel)" time="0.017" />
  <testcase classname="ptolemy.util.test.junit.AutoTests" name="[393] /home/travis/build/icyphy/ptII/ptolemy/actor/lib/test/auto/UtilityFunctions.xml (RunModel)" time="0.007" />
  <testcase classname="ptolemy.util.test.junit.AutoTests" name="[394] /home/travis/build/icyphy/ptII/ptolemy/actor/lib/test/auto/VariableSleep.xml (RunModel)" time="0.512" />
  <testcase classname="ptolemy.util.test.junit.AutoTests" name="[395] /home/travis/build/icyphy/ptII/ptolemy/actor/lib/test/auto/VectorAssemblerDisassemblerCT.xml (RunModel)" time="0.088" />
  <testcase classname="ptolemy.util.test.junit.AutoTests" name="[396] /home/travis/build/icyphy/ptII/ptolemy/actor/lib/test/auto/VectorAssemblerDisassemblerDE.xml (RunModel)" time="0.024" />
  <testcase classname="ptolemy.util.test.junit.AutoTests" name="[397] /home/travis/build/icyphy/ptII/ptolemy/actor/lib/test/auto/VectorAssemblerDisassemblerSDF.xml (RunModel)" time="0.021" />
  <testcase classname="ptolemy.util.test.junit.AutoTests" name="[398] /home/travis/build/icyphy/ptII/ptolemy/actor/lib/test/auto/WallClockTime.xml (RunModel)" time="1.012" />
  <testcase classname="ptolemy.util.test.junit.AutoTests" name="[399] /home/travis/build/icyphy/ptII/ptolemy/actor/lib/test/auto/WidthTestWithSubscriberPublisher.xml (RunModel)" time="0.045" />
  <testcase classname="ptolemy.util.test.junit.AutoTests" name="[400] /home/travis/build/icyphy/ptII/ptolemy/actor/lib/test/auto/WidthTestWithSubscriberPublisher2.xml (RunModel)" time="0.014" />
  <testcase classname="ptolemy.util.test.junit.AutoTests" name="[401] /home/travis/build/icyphy/ptII/ptolemy/actor/lib/test/auto/WidthTestWithSubscriberPublisher3.xml (RunModel)" time="0.011" />
  <testcase classname="ptolemy.util.test.junit.AutoTests" name="[402] /home/travis/build/icyphy/ptII/ptolemy/actor/lib/test/auto/Writer.xml (RunModel)" time="0.007" />
  <testcase classname="ptolemy.util.test.junit.AutoTests" name="[403] /home/travis/build/icyphy/ptII/ptolemy/actor/lib/test/auto/array.xml (RunModel)" time="0.008" />
  <testcase classname="ptolemy.util.test.junit.AutoTests" name="[404] /home/travis/build/icyphy/ptII/ptolemy/actor/lib/test/auto/array2.xml (RunModel)" time="0.03" />
  <testcase classname="ptolemy.util.test.junit.AutoTests" name="[405] /home/travis/build/icyphy/ptII/ptolemy/actor/lib/test/auto/arrayType.xml (RunModel)" time="0.012" />
  <testcase classname="ptolemy.util.test.junit.AutoTests" name="[406] /home/travis/build/icyphy/ptII/ptolemy/actor/lib/test/auto/arrayType10.xml (RunModel)" time="0.008" />
  <testcase classname="ptolemy.util.test.junit.AutoTests" name="[407] /home/travis/build/icyphy/ptII/ptolemy/actor/lib/test/auto/arrayType11.xml (RunModel)" time="0.008" />
  <testcase classname="ptolemy.util.test.junit.AutoTests" name="[408] /home/travis/build/icyphy/ptII/ptolemy/actor/lib/test/auto/arrayType12.xml (RunModel)" time="0.008" />
  <testcase classname="ptolemy.util.test.junit.AutoTests" name="[409] /home/travis/build/icyphy/ptII/ptolemy/actor/lib/test/auto/arrayType13.xml (RunModel)" time="0.008" />
  <testcase classname="ptolemy.util.test.junit.AutoTests" name="[410] /home/travis/build/icyphy/ptII/ptolemy/actor/lib/test/auto/arrayType14.xml (RunModel)" time="0.011" />
  <testcase classname="ptolemy.util.test.junit.AutoTests" name="[411] /home/travis/build/icyphy/ptII/ptolemy/actor/lib/test/auto/arrayType15.xml (RunModel)" time="0.012" />
  <testcase classname="ptolemy.util.test.junit.AutoTests" name="[412] /home/travis/build/icyphy/ptII/ptolemy/actor/lib/test/auto/arrayType16.xml (RunModel)" time="0.009" />
  <testcase classname="ptolemy.util.test.junit.AutoTests" name="[413] /home/travis/build/icyphy/ptII/ptolemy/actor/lib/test/auto/arrayType17.xml (RunModel)" time="0.014" />
  <testcase classname="ptolemy.util.test.junit.AutoTests" name="[414] /home/travis/build/icyphy/ptII/ptolemy/actor/lib/test/auto/arrayType18.xml (RunModel)" time="0.007" />
  <testcase classname="ptolemy.util.test.junit.AutoTests" name="[415] /home/travis/build/icyphy/ptII/ptolemy/actor/lib/test/auto/arrayType19.xml (RunModel)" time="0.007" />
  <testcase classname="ptolemy.util.test.junit.AutoTests" name="[416] /home/travis/build/icyphy/ptII/ptolemy/actor/lib/test/auto/arrayType2.xml (RunModel)" time="0.008" />
  <testcase classname="ptolemy.util.test.junit.AutoTests" name="[417] /home/travis/build/icyphy/ptII/ptolemy/actor/lib/test/auto/arrayType20.xml (RunModel)" time="0.008" />
  <testcase classname="ptolemy.util.test.junit.AutoTests" name="[418] /home/travis/build/icyphy/ptII/ptolemy/actor/lib/test/auto/arrayType21.xml (RunModel)" time="0.008" />
  <testcase classname="ptolemy.util.test.junit.AutoTests" name="[419] /home/travis/build/icyphy/ptII/ptolemy/actor/lib/test/auto/arrayType22.xml (RunModel)" time="0.007" />
  <testcase classname="ptolemy.util.test.junit.AutoTests" name="[420] /home/travis/build/icyphy/ptII/ptolemy/actor/lib/test/auto/arrayType23.xml (RunModel)" time="0.007" />
  <testcase classname="ptolemy.util.test.junit.AutoTests" name="[421] /home/travis/build/icyphy/ptII/ptolemy/actor/lib/test/auto/arrayType24.xml (RunModel)" time="0.007" />
  <testcase classname="ptolemy.util.test.junit.AutoTests" name="[422] /home/travis/build/icyphy/ptII/ptolemy/actor/lib/test/auto/arrayType25.xml (RunModel)" time="0.007" />
  <testcase classname="ptolemy.util.test.junit.AutoTests" name="[423] /home/travis/build/icyphy/ptII/ptolemy/actor/lib/test/auto/arrayType26.xml (RunModel)" time="0.008" />
  <testcase classname="ptolemy.util.test.junit.AutoTests" name="[424] /home/travis/build/icyphy/ptII/ptolemy/actor/lib/test/auto/arrayType27.xml (RunModel)" time="0.008" />
  <testcase classname="ptolemy.util.test.junit.AutoTests" name="[425] /home/travis/build/icyphy/ptII/ptolemy/actor/lib/test/auto/arrayType28.xml (RunModel)" time="0.009" />
  <testcase classname="ptolemy.util.test.junit.AutoTests" name="[426] /home/travis/build/icyphy/ptII/ptolemy/actor/lib/test/auto/arrayType3.xml (RunModel)" time="0.008" />
  <testcase classname="ptolemy.util.test.junit.AutoTests" name="[427] /home/travis/build/icyphy/ptII/ptolemy/actor/lib/test/auto/arrayType4.xml (RunModel)" time="0.008" />
  <testcase classname="ptolemy.util.test.junit.AutoTests" name="[428] /home/travis/build/icyphy/ptII/ptolemy/actor/lib/test/auto/arrayType5.xml (RunModel)" time="0.007" />
  <testcase classname="ptolemy.util.test.junit.AutoTests" name="[429] /home/travis/build/icyphy/ptII/ptolemy/actor/lib/test/auto/arrayType6.xml (RunModel)" time="0.02" />
  <testcase classname="ptolemy.util.test.junit.AutoTests" name="[430] /home/travis/build/icyphy/ptII/ptolemy/actor/lib/test/auto/arrayType7.xml (RunModel)" time="0.008" />
  <testcase classname="ptolemy.util.test.junit.AutoTests" name="[431] /home/travis/build/icyphy/ptII/ptolemy/actor/lib/test/auto/arrayType8.xml (RunModel)" time="0.007" />
  <testcase classname="ptolemy.util.test.junit.AutoTests" name="[432] /home/travis/build/icyphy/ptII/ptolemy/actor/lib/test/auto/arrayType9.xml (RunModel)" time="0.015" />
  <testcase classname="ptolemy.util.test.junit.AutoTests" name="[433] /home/travis/build/icyphy/ptII/ptolemy/actor/lib/test/auto/cast.xml (RunModel)" time="0.009" />
  <testcase classname="ptolemy.util.test.junit.AutoTests" name="[434] /home/travis/build/icyphy/ptII/ptolemy/actor/lib/test/auto/compositeMultiPort.xml (RunModel)" time="0.018" />
  <testcase classname="ptolemy.util.test.junit.AutoTests" name="[435] /home/travis/build/icyphy/ptII/ptolemy/actor/lib/test/auto/expressionCastInference.xml (RunModel)" time="0.007" />
  <testcase classname="ptolemy.util.test.junit.AutoTests" name="[436] /home/travis/build/icyphy/ptII/ptolemy/actor/lib/test/auto/expressionCastInference2.xml (RunModel)" time="0.007" />
  <testcase classname="ptolemy.util.test.junit.AutoTests" name="[437] /home/travis/build/icyphy/ptII/ptolemy/actor/lib/test/auto/expressionInference.xml (RunModel)" time="0.006" />
  <testcase classname="ptolemy.util.test.junit.AutoTests" name="[438] /home/travis/build/icyphy/ptII/ptolemy/actor/lib/test/auto/expression_bug.xml (RunModel)" time="0.007" />
  <testcase classname="ptolemy.util.test.junit.AutoTests" name="[439] /home/travis/build/icyphy/ptII/ptolemy/actor/lib/test/auto/factorial.xml (RunModel)" time="0.047" />
  <testcase classname="ptolemy.util.test.junit.AutoTests" name="[440] /home/travis/build/icyphy/ptII/ptolemy/actor/lib/test/auto/filterTest1.xml (RunModel)" time="0.012" />
  <testcase classname="ptolemy.util.test.junit.AutoTests" name="[441] /home/travis/build/icyphy/ptII/ptolemy/actor/lib/test/auto/funcApplyInConst.xml (RunModel)" time="0.006" />
  <testcase classname="ptolemy.util.test.junit.AutoTests" name="[442] /home/travis/build/icyphy/ptII/ptolemy/actor/lib/test/auto/funcApplyInExpr.xml (RunModel)" time="0.005" />
  <testcase classname="ptolemy.util.test.junit.AutoTests" name="[443] /home/travis/build/icyphy/ptII/ptolemy/actor/lib/test/auto/function.xml (RunModel)" time="0.014" />
  <testcase classname="ptolemy.util.test.junit.AutoTests" name="[444] /home/travis/build/icyphy/ptII/ptolemy/actor/lib/test/auto/function2.xml (RunModel)" time="0.008" />
  <testcase classname="ptolemy.util.test.junit.AutoTests" name="[445] /home/travis/build/icyphy/ptII/ptolemy/actor/lib/test/auto/function3.xml (RunModel)" time="0.006" />
  <testcase classname="ptolemy.util.test.junit.AutoTests" name="[446] /home/travis/build/icyphy/ptII/ptolemy/actor/lib/test/auto/functionClosureTest1.xml (RunModel)" time="0.009" />
  <testcase classname="ptolemy.util.test.junit.AutoTests" name="[447] /home/travis/build/icyphy/ptII/ptolemy/actor/lib/test/auto/functionClosureTest2.xml (RunModel)" time="0.006" />
  <testcase classname="ptolemy.util.test.junit.AutoTests" name="[448] /home/travis/build/icyphy/ptII/ptolemy/actor/lib/test/auto/functionClosureTest3.xml (RunModel)" time="0.008" />
  <testcase classname="ptolemy.util.test.junit.AutoTests" name="[449] /home/travis/build/icyphy/ptII/ptolemy/actor/lib/test/auto/functionClosureTest4.xml (RunModel)" time="0.047" />
  <testcase classname="ptolemy.util.test.junit.AutoTests" name="[450] /home/travis/build/icyphy/ptII/ptolemy/actor/lib/test/auto/functionClosureTest5.xml (RunModel)" time="0.046" />
  <testcase classname="ptolemy.util.test.junit.AutoTests" name="[451] /home/travis/build/icyphy/ptII/ptolemy/actor/lib/test/auto/functionClosureTest6.xml (RunModel)" time="0.029" />
  <testcase classname="ptolemy.util.test.junit.AutoTests" name="[452] /home/travis/build/icyphy/ptII/ptolemy/actor/lib/test/auto/functionsOnArcs.xml (RunModel)" time="0.041" />
  <testcase classname="ptolemy.util.test.junit.AutoTests" name="[453] /home/travis/build/icyphy/ptII/ptolemy/actor/lib/test/auto/functionsOnArcsHOF.xml (RunModel)" time="0.049" />
  <testcase classname="ptolemy.util.test.junit.AutoTests" name="[454] /home/travis/build/icyphy/ptII/ptolemy/actor/lib/test/auto/logic.xml (RunModel)" time="0.025" />
  <testcase classname="ptolemy.util.test.junit.AutoTests" name="[455] /home/travis/build/icyphy/ptII/ptolemy/actor/lib/test/auto/matrixType.xml (RunModel)" time="0.025" />
  <testcase classname="ptolemy.util.test.junit.AutoTests" name="[456] /home/travis/build/icyphy/ptII/ptolemy/actor/lib/test/auto/matrixType10.xml (RunModel)" time="0.027" />
  <testcase classname="ptolemy.util.test.junit.AutoTests" name="[457] /home/travis/build/icyphy/ptII/ptolemy/actor/lib/test/auto/matrixType11.xml (RunModel)" time="0.025" />
  <testcase classname="ptolemy.util.test.junit.AutoTests" name="[458] /home/travis/build/icyphy/ptII/ptolemy/actor/lib/test/auto/matrixType12.xml (RunModel)" time="0.01" />
  <testcase classname="ptolemy.util.test.junit.AutoTests" name="[459] /home/travis/build/icyphy/ptII/ptolemy/actor/lib/test/auto/matrixType13.xml (RunModel)" time="0.009" />
  <testcase classname="ptolemy.util.test.junit.AutoTests" name="[460] /home/travis/build/icyphy/ptII/ptolemy/actor/lib/test/auto/matrixType14.xml (RunModel)" time="0.009" />
  <testcase classname="ptolemy.util.test.junit.AutoTests" name="[461] /home/travis/build/icyphy/ptII/ptolemy/actor/lib/test/auto/matrixType2.xml (RunModel)" time="0.008" />
  <testcase classname="ptolemy.util.test.junit.AutoTests" name="[462] /home/travis/build/icyphy/ptII/ptolemy/actor/lib/test/auto/matrixType3.xml (RunModel)" time="0.01" />
  <testcase classname="ptolemy.util.test.junit.AutoTests" name="[463] /home/travis/build/icyphy/ptII/ptolemy/actor/lib/test/auto/matrixType4.xml (RunModel)" time="0.008" />
  <testcase classname="ptolemy.util.test.junit.AutoTests" name="[464] /home/travis/build/icyphy/ptII/ptolemy/actor/lib/test/auto/matrixType5.xml (RunModel)" time="0.007" />
  <testcase classname="ptolemy.util.test.junit.AutoTests" name="[465] /home/travis/build/icyphy/ptII/ptolemy/actor/lib/test/auto/matrixType6.xml (RunModel)" time="0.007" />
  <testcase classname="ptolemy.util.test.junit.AutoTests" name="[466] /home/travis/build/icyphy/ptII/ptolemy/actor/lib/test/auto/matrixType7.xml (RunModel)" time="0.007" />
  <testcase classname="ptolemy.util.test.junit.AutoTests" name="[467] /home/travis/build/icyphy/ptII/ptolemy/actor/lib/test/auto/matrixType8.xml (RunModel)" time="0.008" />
  <testcase classname="ptolemy.util.test.junit.AutoTests" name="[468] /home/travis/build/icyphy/ptII/ptolemy/actor/lib/test/auto/matrixType9.xml (RunModel)" time="0.007" />
  <testcase classname="ptolemy.util.test.junit.AutoTests" name="[469] /home/travis/build/icyphy/ptII/ptolemy/actor/lib/test/auto/paraFunctest.xml (RunModel)" time="0.006" />
  <testcase classname="ptolemy.util.test.junit.AutoTests" name="[470] /home/travis/build/icyphy/ptII/ptolemy/actor/lib/test/auto/paraFunctest2.xml (RunModel)" time="0.01" />
  <testcase classname="ptolemy.util.test.junit.AutoTests" name="[471] /home/travis/build/icyphy/ptII/ptolemy/actor/lib/test/auto/parameterPassing.xml (RunModel)" time="0.006" />
  <testcase classname="ptolemy.util.test.junit.AutoTests" name="[472] /home/travis/build/icyphy/ptII/ptolemy/actor/lib/test/auto/record.xml (RunModel)" time="0.008" />
  <testcase classname="ptolemy.util.test.junit.AutoTests" name="[473] /home/travis/build/icyphy/ptII/ptolemy/actor/lib/test/auto/sizedarray1.xml (RunModel)" time="0.008" />
  <testcase classname="ptolemy.util.test.junit.AutoTests" name="[474] /home/travis/build/icyphy/ptII/ptolemy/actor/lib/test/auto/sizedarray2.xml (RunModel)" time="0.009" />
  <testcase classname="ptolemy.util.test.junit.AutoTests" name="[475] /home/travis/build/icyphy/ptII/ptolemy/actor/lib/test/auto/twoPublishers.xml (RunModel)" time="0.032" />
  <system-out><![CDATA[/home/travis/build/icyphy/ptII/ptolemy/actor/lib/test/AbsoluteValue.tcl
testDefs.tcl: setting time out to 9000 seconds at Fri Jul 12 17:13:49 UTC 2019
89 ms. Memory: 120832K Free: 100453K (83%)
5 ms. Memory: 120832K Free: 98515K (82%)
5 ms. Memory: 120832K Free: 97768K (81%)
5 ms. Memory: 120832K Free: 97058K (80%)
/home/travis/build/icyphy/ptII/ptolemy/actor/lib/test/AddSubtract.tcl
13 ms. Memory: 120832K Free: 107750K (89%)
12 ms. Memory: 120832K Free: 106726K (88%)
6 ms. Memory: 120832K Free: 106296K (88%)
7 ms. Memory: 120832K Free: 105309K (87%)
44 ms. Memory: 120832K Free: 102238K (85%)
6 ms. Memory: 120832K Free: 101636K (84%)
/home/travis/build/icyphy/ptII/ptolemy/actor/lib/test/Average.tcl
10 ms. Memory: 120832K Free: 100152K (83%)
11 ms. Memory: 120832K Free: 98971K (82%)
/home/travis/build/icyphy/ptII/ptolemy/actor/lib/test/Bernoulli.tcl
12 ms. Memory: 120832K Free: 97072K (80%)
2 ms. Memory: 120832K Free: 96939K (80%)
/home/travis/build/icyphy/ptII/ptolemy/actor/lib/test/Clock.tcl
preinitializing
resolving types
initializing
executing number 1
wrapping up
idle
41 ms. Memory: 120832K Free: 94045K (78%)
Completed execution with 5 iterations
preinitializing
resolving types
initializing
executing number 1
wrapping up
idle
3 ms. Memory: 120832K Free: 93429K (77%)
Completed execution with 5 iterations
preinitializing
resolving types
initializing
executing number 1
wrapping up
idle
4 ms. Memory: 120832K Free: 92843K (77%)
Completed execution with 5 iterations
/home/travis/build/icyphy/ptII/ptolemy/actor/lib/test/Commutator.tcl
24 ms. Memory: 120832K Free: 90920K (75%)
10 ms. Memory: 120832K Free: 89771K (74%)


==== $PTII/ptolemy/actor/lib/test/Commutator.tcl: Commutator-4.1 run with mutations
==== Contents of test case:

    # Grab stdout and put it into results
    jdkCapture {
	$m addChangeListener  [java::new ptolemy.kernel.util.StreamChangeListener]

	set dir [$e0 getDirector]
	#	$dir addDebugListener  #		[java::new ptolemy.kernel.util.StreamListener]
	$m initialize
	$m iterate
	set c1 [java::new ptolemy.moml.MoMLChangeRequest $e0 $e0  {<deleteEntity name="ramp1"/>}]
	set c2 [java::new ptolemy.moml.MoMLChangeRequest $e0 $e0  {<deleteRelation name="r1"/>}]
	$e0 requestChange $c1
	$e0 requestChange $c2
	$m iterate
	$m wrapup
    } results
    # The MoML within <group> ...</group> comes 
    # from SDFScheduler._setBufferSize
    list $results  [enumToTokenValues [$rec getRecord 0]]

==== Result was:
{} {0 0 1}
---- Result should have been:
{StreamChangeRequest.changeExecuted(): <deleteEntity name="ramp1"/> succeeded
StreamChangeRequest.changeExecuted(): <deleteRelation name="r1"/> succeeded
StreamChangeRequest.changeExecuted(): Record firings per iteration succeeded
} {0 0 1}
---- Commutator-4.1 FAILED
10 ms. Memory: 159744K Free: 143289K (90%)
/home/travis/build/icyphy/ptII/ptolemy/actor/lib/test/Const.tcl
12 ms. Memory: 159744K Free: 141737K (89%)
3 ms. Memory: 159744K Free: 141241K (88%)
9 ms. Memory: 159744K Free: 140727K (88%)
6 ms. Memory: 159744K Free: 140215K (88%)
6 ms. Memory: 159744K Free: 139193K (87%)
28 ms. Memory: 159744K Free: 137655K (86%)
9 ms. Memory: 159744K Free: 136631K (86%)
5 ms. Memory: 159744K Free: 135577K (85%)
/home/travis/build/icyphy/ptII/ptolemy/actor/lib/test/CurrentTime.tcl
preinitializing
resolving types
initializing
executing number 1
wrapping up
idle
24 ms. Memory: 159744K Free: 133559K (84%)
Completed execution with 11 iterations
/home/travis/build/icyphy/ptII/ptolemy/actor/lib/test/DB.tcl
12 ms. Memory: 159744K Free: 132025K (83%)
4 ms. Memory: 159744K Free: 131511K (82%)
1 ms. Memory: 159744K Free: 131001K (82%)
/home/travis/build/icyphy/ptII/ptolemy/actor/lib/test/DiscreteRandomSource.tcl
preinitializing
resolving types
initializing
executing number 1
wrapping up
idle
7 ms. Memory: 159744K Free: 129463K (81%)
Completed execution with 4 iterations
preinitializing
resolving types
initializing
executing number 1
wrapping up
idle
6 ms. Memory: 159744K Free: 129463K (81%)
Completed execution with 4 iterations
preinitializing
resolving types
initializing
executing number 1
wrapping up
idle
7 ms. Memory: 159744K Free: 128953K (81%)
Completed execution with 4 iterations
preinitializing
resolving types
initializing
executing number 1
wrapping up
idle
13 ms. Memory: 159744K Free: 128409K (80%)
Completed execution with 4 iterations
preinitializing
resolving types
initializing
executing number 1
wrapping up
idle
8 ms. Memory: 159744K Free: 127929K (80%)
Completed execution with 4 iterations
/home/travis/build/icyphy/ptII/ptolemy/actor/lib/test/Distributor.tcl
5 ms. Memory: 159744K Free: 126385K (79%)
4 ms. Memory: 159744K Free: 125353K (78%)
StreamChangeRequest.changeExecuted(): <deleteEntity name="rec2"/> succeeded
StreamChangeRequest.changeExecuted(): <deleteRelation name="r2"/> succeeded
StreamChangeRequest.changeExecuted(): Record firings per iteration succeeded
6 ms. Memory: 159744K Free: 123305K (77%)
/home/travis/build/icyphy/ptII/ptolemy/actor/lib/test/Exit.tcl
Exit.tcl: this will print a message about Manager.exitAfterWrapup, which can be ignored.
9 ms. Memory: 159744K Free: 120088K (75%)
/home/travis/build/icyphy/ptII/ptolemy/actor/lib/test/Expression.tcl
15 ms. Memory: 159744K Free: 116137K (73%)
3 ms. Memory: 159744K Free: 115641K (72%)
3 ms. Memory: 159744K Free: 115097K (72%)
preinitializing
24 ms. Memory: 159744K Free: 145012K (91%)
8 ms. Memory: 159744K Free: 143988K (90%)
8 ms. Memory: 159744K Free: 143444K (90%)
4 ms. Memory: 159744K Free: 141940K (89%)
5 ms. Memory: 159744K Free: 140388K (88%)
10 ms. Memory: 159744K Free: 138868K (87%)
/home/travis/build/icyphy/ptII/ptolemy/actor/lib/test/Gaussian.tcl
10 ms. Memory: 159744K Free: 137316K (86%)
sleeping 1 seconds: ......................................................................................................................................................................................................................................................................................................................................................................................................................................................................................................................................................................................................................................................................................................................................................................................................................................................................................................................................................................................................................................................................................................................................................................................................................................................................................................................................................................................................................................................................................................................................................................................................................................................................................................................................................................................................................................................................................................................................................................................................................................................................................................................................................................................................................................................................................................................................................................................................................................................................................................................................................................................................................................................................................................................................................................................................................................................................................................................................................................................................................................................................................................................................................................................................................................................................................................................................................................................................................................................................................................................................................................................................................................................................................................................................................................................................................................................................................................................................................................................................................................................................................................................................................................................................................................................................................................................................................................................................................................................................................................................................................................................................................................................................................................................................................................................................................................................................................................................................................................................................................................................................................................................................................................................................................................................................................................................................................................................................................................................................................................................................................................................................................................................................................................................................................................................................................................................................................................................................................................................................................................................................................................................................................................................................................................................................................................................................................................................................................................................................................................................................................................................................................................................................................................................................................................................................................................................................................................................................................................................................................................................................................................................................................................................................................................................................................................................................................................................................................................................................................................................................................................................................................................................................................................................................................................................................................................................................................................................................................................................................................................................................................................................................................................................................................................................................................................................................................................................................................................................................................................................................................................................................................................................................................................................................................................................................................................................................................................................................................................................................................................................................................................................................................................................................................................................................................................................................................................................................................................................................................................................................................................................................................................................................................................................................................................................................................................................................................................................................................................................................................................................................................................................................................................................................................................................................................................................................................................................................................................................................................................................................................................................................................................................................................................................................................................................................................................................................................................................................................................................................................................................................................................................................................................................................................................................................................................................................................................................................................................................................................................................................................................................................................................................................................................................................................................................................................................................................................................................................................................................................................................................................................................................................................................................................................................................................................................................................................................................................................................................................................................................................................................................................................................................................................................................................................................................................................................................................................................................................................................................................................................................................................................................................................................................................................................................................................................................................................................................................................................................................................................................................................................................................................................................................................................................................................................................................................................................................................................................................................................................................................................................................................................................................................................................................................................................................................................................................................................................................................................................................................................................................................................................................................................................................................................................................................................................................................................................................................................................................................................................................................................................................................................................................................................................................................................................................................................................................................................................................................................................................................................................................................................................................................................................................................................................................................................................................................................................................................................................................................................................................................................................................................................................................................................................................................................................................................................................................................................................................................................................................................................................................................................................................................................................................................................................................................................................................................................................................................................................................................................................................................................................................................................................................................................................................................................................................................................................................................................................................................................................................................................................................................................................................................................................................................................................................................................................................................................................................................................................................................................................................................................................................................................................................................................................................................................................................................................................................................................................................................................................................................................................................................................................................................................................................................................................................................................................................................................................................................................................................................................................................................................................................................................................................................................................................................................................................................................................................................................................................................................................................................................................................................................................................................................................................................................................................................................................................................................................................................................................................................................................................................................................................................................................................................................................................................................................................................................................................................................................................................................................................................................................................................................................................................................................................................................................................................................................................................................................................................................................................................................................................................................................................................................................................................................................................................................................................................................................................................................................................................................................................................................................................................................................................................................................................................................................................................................................................................................................................................................................................................................................................................................................................................................................................................................................................................................................................................................................................................................................................................................................................................................................................................................................................................................................................................................................................................................................................................................................................................................................................................................................................................................................................................................................................................................................................................................................................................................................................................................................................................................................................................................................................................................................................................................................................................................................................................................................................................................................................................................................................................................................................................................................................................................................................................................................................................................................................................................................................................................................................................................................................................................................................................................................................................................................................................................................................................................................................................................................................................................................................................................................................................................................................................................................................................................................................................................................................................................................................................................................................................................................................................................................................................................................................................................................................................................................................................................................................................................................................................................................................................................................................................................................................................................................................................................................................................................................................................................................................................................................................................................................................................................................................................................................................................................................................................................................................................................................................................................................................................................................................................................................................................................................................................................................................................................................................................................................................................................................................................................................................................................................................................................................................................................................................................................................................................................................................................................................................................................................................................................................................................................................................................................................................................................................................................................................................................................................................................................................................................................................................................................................................................................................................................................................................................................................................................................................................................................................................................................................................................................................................................................................3 ms. Memory: 159744K Free: 84784K (53%)
4 ms. Memory: 159744K Free: 83774K (52%)
2 ms. Memory: 159744K Free: 83264K (52%)
3 ms. Memory: 159744K Free: 82669K (52%)
3 ms. Memory: 159744K Free: 82240K (51%)
/home/travis/build/icyphy/ptII/ptolemy/actor/lib/test/IIR.tcl
/home/travis/build/icyphy/ptII/ptolemy/actor/lib/test/Interpolator.tcl
6 ms. Memory: 159744K Free: 78144K (49%)
1 ms. Memory: 159744K Free: 77600K (49%)
1 ms. Memory: 159744K Free: 77120K (48%)
4 ms. Memory: 159744K Free: 76600K (48%)
6 ms. Memory: 159744K Free: 75568K (47%)
2 ms. Memory: 159744K Free: 75072K (47%)
3 ms. Memory: 159744K Free: 74048K (46%)
3 ms. Memory: 159744K Free: 73024K (46%)
5 ms. Memory: 159744K Free: 72000K (45%)
8 ms. Memory: 159744K Free: 71472K (45%)
/home/travis/build/icyphy/ptII/ptolemy/actor/lib/test/MathFunction.tcl
6 ms. Memory: 159744K Free: 69438K (43%)
3 ms. Memory: 159744K Free: 67904K (43%)
11 ms. Memory: 159744K Free: 66880K (42%)
2 ms. Memory: 159744K Free: 66360K (42%)
4 ms. Memory: 159744K Free: 64832K (41%)
11 ms. Memory: 159744K Free: 62784K (39%)
/home/travis/build/icyphy/ptII/ptolemy/actor/lib/test/Maximum.tcl
4 ms. Memory: 159744K Free: 61240K (38%)
2 ms. Memory: 159744K Free: 60208K (38%)
2 ms. Memory: 159744K Free: 59712K (37%)
3 ms. Memory: 159744K Free: 59192K (37%)
/home/travis/build/icyphy/ptII/ptolemy/actor/lib/test/Minimum.tcl
9 ms. Memory: 159744K Free: 57664K (36%)
4 ms. Memory: 159744K Free: 144255K (90%)
2 ms. Memory: 159744K Free: 143741K (90%)
2 ms. Memory: 159744K Free: 143231K (90%)
/home/travis/build/icyphy/ptII/ptolemy/actor/lib/test/MultiplyDivide.tcl
10 ms. Memory: 159744K Free: 141183K (88%)
8 ms. Memory: 159744K Free: 140638K (88%)
7 ms. Memory: 159744K Free: 139645K (87%)
4 ms. Memory: 159744K Free: 139135K (87%)
3 ms. Memory: 159744K Free: 138111K (86%)
/home/travis/build/icyphy/ptII/ptolemy/actor/lib/test/OrderedMerge.tcl
Connections changed on port: inputA
Connections changed on port: inputB
Connections changed on port: output
Connections changed on port: output
Connections changed on port: output
Connections changed on port: input
.top. Preinitializing ...
Invoking preinitialize():  .top.OrderedMerge
Called preinitialize()
Invoking preinitialize():  .top.Ramp
Called preinitialize()
Invoking preinitialize():  .top.Ramp2
Called preinitialize()
Invoking preinitialize():  .top.Test
Called preinitialize()
Connections changed on port: inputA
Connections changed on port: output
Connections changed on port: output
Connections changed on port: input
Connections changed on port: inputB
Connections changed on port: output
.top. Finished preinitialize().
Called initialize().
Invoking initialize():  .top.OrderedMerge
Initializing actor: .top.OrderedMerge
Adding a thread: .top.OrderedMerge
Invoking initialize():  .top.Ramp
Initializing actor: .top.Ramp
Adding a thread: .top.Ramp
Invoking initialize():  .top.Ramp2
Initializing actor: .top.Ramp2
Adding a thread: .top.Ramp2
Invoking initialize():  .top.Test
Initializing actor: .top.Test
Adding a thread: .top.Test
Called fire().
Checking for deadlock:
-- Starting thread.
Called initialize()
Called prefire()
Called fire()
-- Starting thread.
Called initialize()
Called prefire()
Called fire()
-- Starting thread.
Called initialize()
Called prefire()
Called fire()
-- Starting thread.
Called initialize()
Called prefire()
Called fire()
There are 0 Blocked actors, 0 Stopped actors, and 4 active threads.
Waiting for actors to stop.
Called postfire()
Called postfire()
Called prefire()
Called fire()
Called postfire()
Called prefire()
Called fire()
Checking for deadlock:
There are 2 Blocked actors, 0 Stopped actors, and 4 active threads.
Waiting for actors to stop.
Read input token from inputA with value 0.0
Next port to read input from is inputB
Called postfire()
Called prefire()
Called fire()
Read input token from inputB with value 0.0
Called prefire()
Called fire()
Sent output token with value 0.0
Next port to read input from is inputA
Called postfire()
Called prefire()
Called fire()
Read input token from inputA with value 1.0
-- Read input: 0.0, which is expected to match: 0.0
Sent output token with value 0.0
Next port to read input from is inputB
Called prefire()
Called postfire()
Called prefire()
Called fire()
Called postfire()
Called prefire()
Called fire()
Called fire()
-- Read input: 0.0, which is expected to match: 0.0
Called prefire()
Called fire()
Checking for deadlock:
There are 2 Blocked actors, 0 Stopped actors, and 4 active threads.
Waiting for actors to stop.
Called postfire()
Called prefire()
Called fire()
Read input token from inputB with value 1.5
Sent output token with value 1.0
Next port to read input from is inputA
Called postfire()
Called prefire()
Called fire()
Called postfire()
Called prefire()
Called fire()
Checking for deadlock:
There are 2 Blocked actors, 0 Stopped actors, and 4 active threads.
Waiting for actors to stop.
-- Read input: 1.0, which is expected to match: 1.0
Called prefire()
Called fire()
Read input token from inputA with value 2.0
Sent output token with value 1.5
Next port to read input from is inputB
Called postfire()
Called prefire()
Called fire()
Read input token from inputB with value 3.0
Checking for deadlock:
There are 1 Blocked actors, 0 Stopped actors, and 4 active threads.
Waiting for actors to stop.
Called postfire()
Called postfire()
Called prefire()
Called fire()
Called prefire()
Called fire()
-- Read input: 1.5, which is expected to match: 1.5
Called prefire()
Called fire()
Sent output token with value 2.0
Next port to read input from is inputA
Called postfire()
Called prefire()
Called fire()
Read input token from inputA with value 3.0
Checking for deadlock:
There are 2 Blocked actors, 0 Stopped actors, and 4 active threads.
Waiting for actors to stop.
Called postfire()
Called prefire()
Called fire()
-- Read input: 2.0, which is expected to match: 2.0
Called prefire()
Called fire()
Sent output token with value 3.0
Next port to read input from is inputB
Called postfire()
Called prefire()
Called fire()
Read input token from inputB with value 4.5
Checking for deadlock:
There are 2 Blocked actors, 0 Stopped actors, and 4 active threads.
Waiting for actors to stop.
Called postfire()
Called prefire()
Called fire()
-- Read input: 3.0, which is expected to match: 3.0
Called prefire()
Called fire()
Checking for deadlock:
There are 3 Blocked actors, 0 Stopped actors, and 4 active threads.
Waiting for actors to stop.
Sent output token with value 3.0
Next port to read input from is inputA
Called postfire()
Called prefire()
Called fire()
Read input token from inputA with value 4.0
Checking for deadlock:
There are 2 Blocked actors, 0 Stopped actors, and 4 active threads.
Waiting for actors to stop.
-- Read input: 3.0, which is expected to match: 3.0
Called postfire()
Called prefire()
Called prefire()
Called fire()
Called fire()
Checking for deadlock:
There are 3 Blocked actors, 0 Stopped actors, and 4 active threads.
Waiting for actors to stop.
Sent output token with value 4.0
Next port to read input from is inputA
Called postfire()
Called prefire()
Called fire()
Read input token from inputA with value 5.0
-- Read input: 4.0, which is expected to match: 4.0
Called prefire()
Called fire()
Past the end of training data. Read and discard all inputs.
Sent output token with value 4.5
Next port to read input from is inputB
Called postfire()
Called prefire()
Called fire()
Read input token from inputB with value 6.0
Checking for deadlock:
There are 1 Blocked actors, 0 Stopped actors, and 4 active threads.
Waiting for actors to stop.
Called postfire()
Called prefire()
Called prefire()
Called fire()
Past the end of training data. Read and discard all inputs.
Called postfire()
Checking for deadlock:
Called prefire()
Called fire()
Called fire()
There are 1 Blocked actors, 0 Stopped actors, and 4 active threads.
Waiting for actors to stop.
Sent output token with value 5.0
Next port to read input from is inputA
Called postfire()
Called prefire()
Called fire()
Read input token from inputA with value 6.0
Checking for deadlock:
There are 2 Blocked actors, 0 Stopped actors, and 4 active threads.
Waiting for actors to stop.
Called prefire()
Called postfire()
Checking for deadlock:
Called fire()
Called prefire()
Past the end of training data. Read and discard all inputs.
Called fire()
There are 1 Blocked actors, 0 Stopped actors, and 4 active threads.
Waiting for actors to stop.
Sent output token with value 6.0
Next port to read input from is inputB
Called postfire()
Called prefire()
Called fire()
Read input token from inputB with value 7.5
Checking for deadlock:
There are 2 Blocked actors, 0 Stopped actors, and 4 active threads.
Waiting for actors to stop.
Called postfire()
Called prefire()
Called fire()
Called prefire()
Called fire()
Past the end of training data. Read and discard all inputs.
Checking for deadlock:
There are 3 Blocked actors, 0 Stopped actors, and 4 active threads.
Waiting for actors to stop.
Sent output token with value 6.0
Next port to read input from is inputA
Called postfire()
Called prefire()
Called fire()
Read input token from inputA with value 7.0
Checking for deadlock:
There are 2 Blocked actors, 0 Stopped actors, and 4 active threads.
Waiting for actors to stop.
Called prefire()
Called fire()
Past the end of training data. Read and discard all inputs.
Called postfire()
Checking for deadlock:
Called prefire()
There are 2 Blocked actors, 0 Stopped actors, and 4 active threads.
Called fire()
Waiting for actors to stop.
Sent output token with value 7.0
Next port to read input from is inputA
Called postfire()
Called prefire()
Called fire()
Read input token from inputA with value 8.0
Checking for deadlock:
There are 2 Blocked actors, 0 Stopped actors, and 4 active threads.
Waiting for actors to stop.
Called prefire()
Called fire()
Past the end of training data. Read and discard all inputs.
-- Thread wrapup() called.
Checking for deadlock:
Called wrapup()
There are 2 Blocked actors, 0 Stopped actors, and 4 active threads.
Waiting for actors to stop.
Thread .top.Ramp is exiting.
-- Thread stopped.
Sent output token with value 7.5
Next port to read input from is inputB
Called postfire()
Called prefire()
Called fire()
Read input token from inputB with value 9.0
Called postfire()
Called prefire()
Checking for deadlock:
Called fire()
There are 1 Blocked actors, 0 Stopped actors, and 3 active threads.
Waiting for actors to stop.
Called prefire()
Called fire()
Past the end of training data. Read and discard all inputs.
Checking for deadlock:
There are 2 Blocked actors, 0 Stopped actors, and 3 active threads.
Waiting for actors to stop.
Sent output token with value 8.0
Next port to read input from is inputA
Called postfire()
Called prefire()
Called fire()
Read input token from inputA with value 9.0
Called prefire()
Called fire()
Past the end of training data. Read and discard all inputs.
Checking for deadlock:
There are 2 Blocked actors, 0 Stopped actors, and 3 active threads.
Waiting for actors to stop.
Sent output token with value 9.0
Next port to read input from is inputB
Called postfire()
Called prefire()
Called fire()
Read input token from inputB with value 10.5
Called prefire()
Called postfire()
Checking for deadlock:
There are 0 Blocked actors, 0 Stopped actors, and 3 active threads.
Waiting for actors to stop.
Called fire()
Called prefire()
Past the end of training data. Read and discard all inputs.
Called fire()
Sent output token with value 9.0
Next port to read input from is inputA
Called postfire()
Called prefire()
Called fire()
Called prefire()
Called fire()
Past the end of training data. Read and discard all inputs.
Checking for deadlock:
There are 3 Blocked actors, 0 Stopped actors, and 3 active threads.
Actors have stopped.
Checking for deadlock:
There are 3 Blocked actors, 0 Stopped actors, and 3 active threads.
Deadlock detected.
Resolving Deadlock
Checking for deadlock:
There are 3 Blocked actors, 0 Stopped actors, and 3 active threads.
Artificial Deadlock - increasing queue capacity.
increasing the capacity of receiver ptolemy.actor.TypedIOPort {.top.OrderedMerge.inputB} to 2
-- Thread wrapup() called.
Called wrapup()
Thread .top.Ramp2 is exiting.
-- Thread stopped.
Director: Called postfire().
Called postfire().
_stopRequested = false
_stopFireRequested = false
Returning from postfire(): true
Called fire().
Checking for deadlock:
There are 2 Blocked actors, 0 Stopped actors, and 2 active threads.
Actors have stopped.
Checking for deadlock:
There are 2 Blocked actors, 0 Stopped actors, and 2 active threads.
Deadlock detected.
Resolving Deadlock
Checking for deadlock:
There are 2 Blocked actors, 0 Stopped actors, and 2 active threads.
Deadlock detected: no processes blocked on write, but some are blocked on read.
Called postfire().
_stopRequested = false
_stopFireRequested = false
Returning from postfire(): false
Finished deactivating branches.
Called wrapup().
-- Thread wrapup() called.
Called wrapup()
Thread .top.Test is exiting.
-- Thread stopped.
-- Blocked Receiver call threw TerminateProcessException.
-- Thread wrapup() called.
Called wrapup()
Thread .top.OrderedMerge is exiting.
-- Thread stopped.
-- Blocked Receiver call threw TerminateProcessException.
68 ms. Memory: 159744K Free: 132991K (83%)
.top. Preinitializing ...
Invoking preinitialize():  .top.OrderedMerge
Called preinitialize()
Invoking preinitialize():  .top.Ramp
Called preinitialize()
Invoking preinitialize():  .top.Ramp2
Called preinitialize()
Invoking preinitialize():  .top.Test
Called preinitialize()
.top. Finished preinitialize().
Called initialize().
Invoking initialize():  .top.OrderedMerge
Initializing actor: .top.OrderedMerge
Adding a thread: .top.OrderedMerge
Invoking initialize():  .top.Ramp
Initializing actor: .top.Ramp
Adding a thread: .top.Ramp
Invoking initialize():  .top.Ramp2
Initializing actor: .top.Ramp2
Adding a thread: .top.Ramp2
Invoking initialize():  .top.Test
Initializing actor: .top.Test
Adding a thread: .top.Test
-- Starting thread.
Called initialize()
Called prefire()
Called fire()
-- Starting thread.
Called initialize()
Called prefire()
Called fire()
Called postfire()
Called prefire()
Called fire()
-- Starting thread.
Called initialize()
Called prefire()
Called fire()
Called postfire()
Called prefire()
Called fire()
Called fire().
Checking for deadlock:
There are 3 Blocked actors, 0 Stopped actors, and 4 active threads.
Waiting for actors to stop.
-- Starting thread.
Called initialize()
Called prefire()
Called fire()
Checking for deadlock:
There are 2 Blocked actors, 0 Stopped actors, and 4 active threads.
Waiting for actors to stop.
Called postfire()
Called prefire()
Called fire()
Checking for deadlock:
There are 3 Blocked actors, 0 Stopped actors, and 4 active threads.
Waiting for actors to stop.
Read input token from inputA with value 0.0
Next port to read input from is inputB
Called postfire()
Called prefire()
Called fire()
Checking for deadlock:
There are 2 Blocked actors, 0 Stopped actors, and 4 active threads.
Waiting for actors to stop.
Called postfire()
Called prefire()
Called fire()
Checking for deadlock:
There are 3 Blocked actors, 0 Stopped actors, and 4 active threads.
Waiting for actors to stop.
Read input token from inputB with value 0.0
Checking for deadlock:
Sent output token with value 0.0
There are 2 Blocked actors, 0 Stopped actors, and 4 active threads.
Waiting for actors to stop.
-- Read input: 0.0, which is expected to match: 0.0
Called prefire()
Called fire()
Checking for deadlock:
Next port to read input from is inputA
There are 3 Blocked actors, 0 Stopped actors, and 4 active threads.
Waiting for actors to stop.
Called postfire()
Called prefire()
Called fire()
Checking for deadlock:
There are 2 Blocked actors, 0 Stopped actors, and 4 active threads.
Waiting for actors to stop.
Called postfire()
Called prefire()
Called fire()
Checking for deadlock:
There are 3 Blocked actors, 0 Stopped actors, and 4 active threads.
Waiting for actors to stop.
Read input token from inputA with value 1.0
Checking for deadlock:
There are 2 Blocked actors, 0 Stopped actors, and 4 active threads.
Waiting for actors to stop.
-- Read input: 0.0, which is expected to match: 0.0
Called prefire()
Called fire()
Checking for deadlock:
Sent output token with value 0.0
There are 3 Blocked actors, 0 Stopped actors, and 4 active threads.
Waiting for actors to stop.
Next port to read input from is inputB
Called postfire()
Called prefire()
Called fire()
Checking for deadlock:
There are 2 Blocked actors, 0 Stopped actors, and 4 active threads.
Waiting for actors to stop.
Called postfire()
Called prefire()
Called fire()
Checking for deadlock:
There are 3 Blocked actors, 0 Stopped actors, and 4 active threads.
Read input token from inputB with value 1.5
Waiting for actors to stop.
Checking for deadlock:
There are 2 Blocked actors, 0 Stopped actors, and 4 active threads.
Waiting for actors to stop.
-- Read input: 1.0, which is expected to match: 1.0
Called prefire()
Called fire()
Checking for deadlock:
There are 3 Blocked actors, 0 Stopped actors, and 4 active threads.
Waiting for actors to stop.
Sent output token with value 1.0
Next port to read input from is inputA
Called postfire()
Called prefire()
Called fire()
Checking for deadlock:
There are 2 Blocked actors, 0 Stopped actors, and 4 active threads.
Waiting for actors to stop.
Called postfire()
Called prefire()
Called fire()
Checking for deadlock:
Read input token from inputA with value 2.0
There are 3 Blocked actors, 0 Stopped actors, and 4 active threads.
Waiting for actors to stop.
Checking for deadlock:
There are 2 Blocked actors, 0 Stopped actors, and 4 active threads.
Waiting for actors to stop.
-- Read input: 1.5, which is expected to match: 1.5
Called prefire()
Called fire()
Checking for deadlock:
Sent output token with value 1.5
There are 3 Blocked actors, 0 Stopped actors, and 4 active threads.
Waiting for actors to stop.
Next port to read input from is inputB
Called postfire()
Called prefire()
Called fire()
Checking for deadlock:
There are 2 Blocked actors, 0 Stopped actors, and 4 active threads.
Waiting for actors to stop.
Called postfire()
Called prefire()
Called fire()
Checking for deadlock:
Read input token from inputB with value 3.0
There are 3 Blocked actors, 0 Stopped actors, and 4 active threads.
Waiting for actors to stop.
Checking for deadlock:
There are 2 Blocked actors, 0 Stopped actors, and 4 active threads.
Waiting for actors to stop.
-- Read input: 2.0, which is expected to match: 2.0
Called prefire()
Called fire()
Checking for deadlock:
There are 3 Blocked actors, 0 Stopped actors, and 4 active threads.
Waiting for actors to stop.
Sent output token with value 2.0
Next port to read input from is inputA
Called postfire()
Called prefire()
Called fire()
Checking for deadlock:
There are 2 Blocked actors, 0 Stopped actors, and 4 active threads.
Waiting for actors to stop.
Called postfire()
Called prefire()
Called fire()
Checking for deadlock:
Read input token from inputA with value 3.0
There are 3 Blocked actors, 0 Stopped actors, and 4 active threads.
Waiting for actors to stop.
Checking for deadlock:
There are 2 Blocked actors, 0 Stopped actors, and 4 active threads.
Waiting for actors to stop.
Sent output token with value 3.0
-- Read input: 3.0, which is expected to match: 3.0
Called prefire()
Called fire()
Checking for deadlock:
There are 3 Blocked actors, 0 Stopped actors, and 4 active threads.
Waiting for actors to stop.
Next port to read input from is inputB
Called postfire()
Called prefire()
Called fire()
Checking for deadlock:
There are 2 Blocked actors, 0 Stopped actors, and 4 active threads.
Waiting for actors to stop.
Called postfire()
Called prefire()
Called fire()
Checking for deadlock:
There are 3 Blocked actors, 0 Stopped actors, and 4 active threads.
Waiting for actors to stop.
Read input token from inputB with value 4.5
Checking for deadlock:
There are 2 Blocked actors, 0 Stopped actors, and 4 active threads.
Waiting for actors to stop.
Sent output token with value 3.0
-- Read input: 3.0, which is expected to match: 3.0
Called prefire()
Called fire()
Checking for deadlock:
There are 3 Blocked actors, 0 Stopped actors, and 4 active threads.
Waiting for actors to stop.
Next port to read input from is inputA
Called postfire()
Called prefire()
Called fire()
Checking for deadlock:
There are 2 Blocked actors, 0 Stopped actors, and 4 active threads.
Waiting for actors to stop.
Called postfire()
Called prefire()
Called fire()
Checking for deadlock:
There are 3 Blocked actors, 0 Stopped actors, and 4 active threads.
Waiting for actors to stop.
Read input token from inputA with value 4.0
Checking for deadlock:
There are 2 Blocked actors, 0 Stopped actors, and 4 active threads.
Waiting for actors to stop.
-- Read input: 4.0, which is expected to match: 4.0
Called prefire()
Called fire()
Past the end of training data. Read and discard all inputs.
Checking for deadlock:
There are 3 Blocked actors, 0 Stopped actors, and 4 active threads.
Waiting for actors to stop.
Sent output token with value 4.0
Next port to read input from is inputA
Called postfire()
Called prefire()
Called fire()
Called postfire()
Called prefire()
Called fire()
Checking for deadlock:
There are 3 Blocked actors, 0 Stopped actors, and 4 active threads.
Waiting for actors to stop.
Read input token from inputA with value 5.0
Called prefire()
Called fire()
Past the end of training data. Read and discard all inputs.
Checking for deadlock:
There are 3 Blocked actors, 0 Stopped actors, and 4 active threads.
Waiting for actors to stop.
Sent output token with value 4.5
Next port to read input from is inputB
Called postfire()
Called prefire()
Called fire()
Checking for deadlock:
There are 2 Blocked actors, 0 Stopped actors, and 4 active threads.
Waiting for actors to stop.
Called postfire()
Called prefire()
Called fire()
Checking for deadlock:
There are 3 Blocked actors, 0 Stopped actors, and 4 active threads.
Waiting for actors to stop.
Read input token from inputB with value 6.0
Checking for deadlock:
There are 2 Blocked actors, 0 Stopped actors, and 4 active threads.
Waiting for actors to stop.
Called prefire()
Called fire()
Past the end of training data. Read and discard all inputs.
Sent output token with value 5.0
Checking for deadlock:
There are 3 Blocked actors, 0 Stopped actors, and 4 active threads.
Waiting for actors to stop.
Next port to read input from is inputA
Called postfire()
Called prefire()
Called fire()
Checking for deadlock:
There are 2 Blocked actors, 0 Stopped actors, and 4 active threads.
Waiting for actors to stop.
Called postfire()
Called prefire()
Called fire()
Checking for deadlock:
There are 3 Blocked actors, 0 Stopped actors, and 4 active threads.
Read input token from inputA with value 6.0
Waiting for actors to stop.
Checking for deadlock:
Called prefire()
Called fire()
There are 2 Blocked actors, 0 Stopped actors, and 4 active threads.
Waiting for actors to stop.
Past the end of training data. Read and discard all inputs.
Checking for deadlock:
There are 3 Blocked actors, 0 Stopped actors, and 4 active threads.
Waiting for actors to stop.
Sent output token with value 6.0
Next port to read input from is inputB
Called postfire()
Called prefire()
Called fire()
Called postfire()
Called prefire()
Called fire()
Checking for deadlock:
There are 3 Blocked actors, 0 Stopped actors, and 4 active threads.
Waiting for actors to stop.
Read input token from inputB with value 7.5
Called prefire()
Called fire()
Past the end of training data. Read and discard all inputs.
Checking for deadlock:
There are 3 Blocked actors, 0 Stopped actors, and 4 active threads.
Waiting for actors to stop.
Sent output token with value 6.0
Next port to read input from is inputA
Called postfire()
Called prefire()
Called fire()
Checking for deadlock:
There are 2 Blocked actors, 0 Stopped actors, and 4 active threads.
Waiting for actors to stop.
Called postfire()
Called prefire()
Called fire()
Checking for deadlock:
Read input token from inputA with value 7.0
There are 3 Blocked actors, 0 Stopped actors, and 4 active threads.
Waiting for actors to stop.
Checking for deadlock:
There are 2 Blocked actors, 0 Stopped actors, and 4 active threads.
Waiting for actors to stop.
Sent output token with value 7.0
Called prefire()
Called fire()
Past the end of training data. Read and discard all inputs.
Checking for deadlock:
There are 3 Blocked actors, 0 Stopped actors, and 4 active threads.
Next port to read input from is inputA
Called postfire()
Called prefire()
Waiting for actors to stop.
Called fire()
-- Thread wrapup() called.
Called wrapup()
Thread .top.Ramp is exiting.
-- Thread stopped.
Checking for deadlock:
There are 2 Blocked actors, 0 Stopped actors, and 3 active threads.
Waiting for actors to stop.
Read input token from inputA with value 8.0
Checking for deadlock:
There are 1 Blocked actors, 0 Stopped actors, and 3 active threads.
Waiting for actors to stop.
Called prefire()
Called fire()
Past the end of training data. Read and discard all inputs.
Checking for deadlock:
There are 2 Blocked actors, 0 Stopped actors, and 3 active threads.
Waiting for actors to stop.
Sent output token with value 7.5
Next port to read input from is inputB
Called postfire()
Called prefire()
Called fire()
Checking for deadlock:
There are 1 Blocked actors, 0 Stopped actors, and 3 active threads.
Waiting for actors to stop.
Called postfire()
Called prefire()
Called fire()
Checking for deadlock:
Read input token from inputB with value 9.0
There are 2 Blocked actors, 0 Stopped actors, and 3 active threads.
Waiting for actors to stop.
Checking for deadlock:
There are 1 Blocked actors, 0 Stopped actors, and 3 active threads.
Sent output token with value 8.0
Waiting for actors to stop.
Called prefire()
Called fire()
Past the end of training data. Read and discard all inputs.
Checking for deadlock:
Next port to read input from is inputA
Called postfire()
There are 2 Blocked actors, 0 Stopped actors, and 3 active threads.
Called prefire()
Called fire()
Waiting for actors to stop.
Read input token from inputA with value 9.0
Sent output token with value 9.0
Next port to read input from is inputB
Called postfire()
Called prefire()
Called fire()
Read input token from inputB with value 10.5
Called prefire()
Called fire()
Past the end of training data. Read and discard all inputs.
Checking for deadlock:
There are 1 Blocked actors, 0 Stopped actors, and 3 active threads.
Waiting for actors to stop.
Called postfire()
Called prefire()
Called fire()
Checking for deadlock:
There are 2 Blocked actors, 0 Stopped actors, and 3 active threads.
Waiting for actors to stop.
Sent output token with value 9.0
Next port to read input from is inputA
Called postfire()
Called prefire()
Called fire()
Checking for deadlock:
Called prefire()
There are 2 Blocked actors, 0 Stopped actors, and 3 active threads.
Called fire()
Waiting for actors to stop.
Past the end of training data. Read and discard all inputs.
Checking for deadlock:
There are 3 Blocked actors, 0 Stopped actors, and 3 active threads.
Actors have stopped.
Checking for deadlock:
There are 3 Blocked actors, 0 Stopped actors, and 3 active threads.
Deadlock detected.
Resolving Deadlock
Checking for deadlock:
There are 3 Blocked actors, 0 Stopped actors, and 3 active threads.
Artificial Deadlock - increasing queue capacity.
increasing the capacity of receiver ptolemy.actor.TypedIOPort {.top.OrderedMerge.inputB} to 2
Director: Called postfire().
Called postfire().
-- Thread wrapup() called.
_stopRequested = false
Called wrapup()
_stopFireRequested = false
Returning from postfire(): true
Thread .top.Ramp2 is exiting.
-- Thread stopped.
Called fire().
Checking for deadlock:
There are 2 Blocked actors, 0 Stopped actors, and 2 active threads.
Actors have stopped.
Checking for deadlock:
There are 2 Blocked actors, 0 Stopped actors, and 2 active threads.
Deadlock detected.
Resolving Deadlock
Checking for deadlock:
There are 2 Blocked actors, 0 Stopped actors, and 2 active threads.
Deadlock detected: no processes blocked on write, but some are blocked on read.
Called postfire().
_stopRequested = false
_stopFireRequested = false
Returning from postfire(): false
Finished deactivating branches.
Called wrapup().
-- Thread wrapup() called.
Called wrapup()
Thread .top.OrderedMerge is exiting.
-- Thread stopped.
-- Blocked Receiver call threw TerminateProcessException.
-- Thread wrapup() called.
Called wrapup()
Thread .top.Test is exiting.
-- Thread stopped.
-- Blocked Receiver call threw TerminateProcessException.
38 ms. Memory: 159744K Free: 130943K (82%)
/home/travis/build/icyphy/ptII/ptolemy/actor/lib/test/Publisher.tcl
14 ms. Memory: 159744K Free: 124799K (78%)
4 ms. Memory: 159744K Free: 119151K (75%)
6 ms. Memory: 159744K Free: 115583K (72%)
3 ms. Memory: 159744K Free: 114559K (72%)
2 ms. Memory: 159744K Free: 113535K (71%)
3 ms. Memory: 159744K Free: 113007K (71%)
2 ms. Memory: 159744K Free: 111983K (70%)
3 ms. Memory: 159744K Free: 110959K (69%)
17 ms. Memory: 159744K Free: 101247K (63%)
3 ms. Memory: 159744K Free: 97151K (61%)
1 ms. Memory: 159744K Free: 96623K (60%)
3 ms. Memory: 159744K Free: 94589K (59%)
6 ms. Memory: 159744K Free: 86911K (54%)
5 ms. Memory: 159744K Free: 77695K (49%)
5 ms. Memory: 159744K Free: 66431K (42%)
/home/travis/build/icyphy/ptII/ptolemy/actor/lib/test/Pulse.tcl
7 ms. Memory: 215040K Free: 189656K (88%)
11 ms. Memory: 215040K Free: 189142K (88%)
2 ms. Memory: 215040K Free: 188632K (88%)
2 ms. Memory: 215040K Free: 187608K (87%)
1 ms. Memory: 215040K Free: 187080K (87%)
5 ms. Memory: 215040K Free: 186070K (87%)
2 ms. Memory: 215040K Free: 185032K (86%)
1 ms. Memory: 215040K Free: 184536K (86%)
1 ms. Memory: 215040K Free: 183512K (85%)
/home/travis/build/icyphy/ptII/ptolemy/actor/lib/test/Ramp.tcl
2 ms. Memory: 215040K Free: 181944K (85%)
2 ms. Memory: 215040K Free: 180944K (84%)
2 ms. Memory: 215040K Free: 180440K (84%)
1 ms. Memory: 215040K Free: 179416K (83%)
5 ms. Memory: 215040K Free: 178872K (83%)
8 ms. Memory: 215040K Free: 177878K (83%)
8 ms. Memory: 215040K Free: 176840K (82%)
5 actors
4000 microseconds per iteration to create
11 ms. Memory: 215040K Free: 174296K (81%)
2 ms. Memory: 215040K Free: 173768K (81%)
1 ms. Memory: 215040K Free: 173272K (81%)
4 ms. Memory: 215040K Free: 172248K (80%)
50 actors
48000 microseconds per iteration to create
33 ms. Memory: 215040K Free: 156888K (73%)
5 ms. Memory: 215040K Free: 155864K (72%)
5 ms. Memory: 215040K Free: 154840K (72%)
5 ms. Memory: 215040K Free: 153816K (72%)
500 actors
1557000 microseconds per iteration to create
263 ms. Memory: 215040K Free: 99032K (46%)
46 ms. Memory: 215040K Free: 93912K (44%)
47 ms. Memory: 215040K Free: 88792K (41%)
42 ms. Memory: 215040K Free: 83672K (39%)
/home/travis/build/icyphy/ptII/ptolemy/actor/lib/test/RampContinuous.tcl
7 ms. Memory: 215040K Free: 82128K (38%)
/home/travis/build/icyphy/ptII/ptolemy/actor/lib/test/RecordAssembler.tcl
27 ms. Memory: 215040K Free: 192859K (90%)
4 ms. Memory: 215040K Free: 191835K (89%)
/home/travis/build/icyphy/ptII/ptolemy/actor/lib/test/RecordDisassembler.tcl
9 ms. Memory: 215040K Free: 190282K (88%)
5 ms. Memory: 215040K Free: 189266K (88%)
13 ms. Memory: 215040K Free: 188234K (88%)
/home/travis/build/icyphy/ptII/ptolemy/actor/lib/test/Scale.tcl
6 ms. Memory: 215040K Free: 186201K (87%)
1 ms. Memory: 215040K Free: 185691K (86%)
1 ms. Memory: 215040K Free: 184667K (86%)
3 ms. Memory: 215040K Free: 184122K (86%)
3 ms. Memory: 215040K Free: 183129K (85%)
/home/travis/build/icyphy/ptII/ptolemy/actor/lib/test/SequentialClock.tcl
preinitializing
resolving types
initializing
executing number 1
wrapping up
idle
4 ms. Memory: 215040K Free: 182090K (85%)
Completed execution with 5 iterations
preinitializing
resolving types
initializing
executing number 1
wrapping up
idle
2 ms. Memory: 215040K Free: 181595K (84%)
Completed execution with 5 iterations
preinitializing
resolving types
initializing
executing number 1
wrapping up
idle
1 ms. Memory: 215040K Free: 181081K (84%)
Completed execution with 5 iterations
/home/travis/build/icyphy/ptII/ptolemy/actor/lib/test/SetVariable.tcl
4 ms. Memory: 215040K Free: 179026K (83%)


==== $PTII/ptolemy/actor/lib/test/SetVariable.tcl: SetVariable-3.1 changeFailed
==== Contents of test case:

    #Uses 2.1 above
    jdkCaptureErr {
        # This test was failing if we ran Exit.tcl and then this test.
        # MessageHandler.error() now actually throws the Exception.
	catch {$setVariable changeFailed [java::null]  [java::new Exception {Test exception for SetVariable.changeFailed()}]} errMsg
    } results
    list [string range $results 0 89] "\n" $errMsg

==== Result was:
{java.lang.Exception: Test exception for SetVariable.changeFailed()
	at java.base/jdk.inter} {
} {java.lang.RuntimeException: java.lang.Exception: Test exception for SetVariable.changeFailed()}
---- Result should have been:
{java.lang.Exception: Test exception for SetVariable.changeFailed()
	at sun.reflect.NativeC} {
} {java.lang.RuntimeException: java.lang.Exception: Test exception for SetVariable.changeFailed()}
---- SetVariable-3.1 FAILED
/home/travis/build/icyphy/ptII/ptolemy/actor/lib/test/Sinewave.tcl
/home/travis/build/icyphy/ptII/ptolemy/actor/lib/test/SubscriptionAggregator.tcl
4 ms. Memory: 215040K Free: 167259K (78%)
3 ms. Memory: 215040K Free: 166730K (78%)
1 ms. Memory: 215040K Free: 166235K (77%)
1 ms. Memory: 215040K Free: 165721K (77%)
2 ms. Memory: 215040K Free: 162139K (75%)
10 ms. Memory: 215040K Free: 160091K (74%)
...............................................................1047 ms. Memory: 304128K Free: 174137K (57%)
/home/travis/build/icyphy/ptII/ptolemy/actor/lib/test/Test.tcl
 The next command will produce a warning about training mode,
   which may be ignored.
11 ms. Memory: 304128K Free: 172089K (57%)
3 ms. Memory: 304128K Free: 171065K (56%)
1 ms. Memory: 304128K Free: 170555K (56%)
1 ms. Memory: 304128K Free: 170041K (56%)
2 ms. Memory: 304128K Free: 169531K (56%)
2 ms. Memory: 304128K Free: 167979K (55%)
2 ms. Memory: 304128K Free: 166969K (55%)
 The next command will produce a warning about training mode,
   which may be ignored.
4 ms. Memory: 304128K Free: 164411K (54%)
 The next command will produce a warning about training mode,
   which may be ignored.
2 ms. Memory: 304128K Free: 163387K (54%)
1 ms. Memory: 304128K Free: 162873K (54%)
1 ms. Memory: 304128K Free: 162363K (53%)
1 ms. Memory: 304128K Free: 161849K (53%)
5 ms. Memory: 304128K Free: 160825K (53%)
3 ms. Memory: 304128K Free: 157243K (52%)
/home/travis/build/icyphy/ptII/ptolemy/actor/lib/test/TestExceptionHandler.tcl
 The next command will produce a warning about training mode,
   which may be ignored.
3 ms. Memory: 304128K Free: 155705K (51%)
0 ms. Memory: 304128K Free: 155195K (51%)
1 ms. Memory: 304128K Free: 154667K (51%)
/home/travis/build/icyphy/ptII/ptolemy/actor/lib/test/UnionDisassembler.tcl
27 ms. Memory: 304128K Free: 147513K (49%)
/home/travis/build/icyphy/ptII/ptolemy/actor/lib/test/VariableClock.tcl
preinitializing
resolving types
initializing
executing number 1
wrapping up
idle
3 ms. Memory: 304128K Free: 145979K (48%)
Completed execution with 11 iterations
preinitializing
resolving types
initializing
executing number 1
wrapping up
idle
9 ms. Memory: 304128K Free: 144411K (47%)
Completed execution with 10 iterations
07/12/19 05:13:58
Failed: 2  Total Tests: 234  ((Passed: 232, Newly Passed: 0)  Known Failed: 0) /home/travis/build/icyphy/ptII/ptolemy/actor/lib/test
----------------- testing (KnownFailure) /home/travis/build/icyphy/ptII/ptolemy/actor/lib/test/auto/knownFailedTests/PublisherPortToplevelSubscriber.xml
0 ms. Memory: 304128K Free: 140859K (46%)
Known Failure: java.lang.reflect.InvocationTargetException
----------------- testing (KnownFailure) /home/travis/build/icyphy/ptII/ptolemy/actor/lib/test/auto/knownFailedTests/PublisherSubscriberPortToplevel.xml
0 ms. Memory: 304128K Free: 137273K (45%)
Known Failure: java.lang.reflect.InvocationTargetException
----------------- testing (KnownFailure) /home/travis/build/icyphy/ptII/ptolemy/actor/lib/test/auto/knownFailedTests/PublisherSubscriptionAggregatorPort.xml
0 ms. Memory: 304128K Free: 133177K (44%)
Known Failure: java.lang.reflect.InvocationTargetException
----------------- testing (KnownFailure) /home/travis/build/icyphy/ptII/ptolemy/actor/lib/test/auto/knownFailedTests/sizedarray3.xml
6 ms. Memory: 304128K Free: 128571K (42%)
Known Failure: java.lang.reflect.InvocationTargetException
No auto/linux-amd64/*.xml tests in /home/travis/build/icyphy/ptII/ptolemy/actor/lib/test
AutoTests.java: About to close Vertx.
AutoTests.java: Vertx closed.

===========================================================================================
----------------- testing Fri Jul 12 17:13:58 UTC 2019 /home/travis/build/icyphy/ptII/ptolemy/actor/lib/test/auto/AbsoluteValue.xml
----------------- Instantiating /home/travis/build/icyphy/ptII/ptolemy/actor/lib/test/auto/AbsoluteValue.xml
7 ms. Memory: 304128K Free: 105019K (35%)
----------------- Invoking toplevel() on ptolemy.moml.MoMLSimpleApplication@4bc9b065
----------------- Done invoking toplevel() on ptolemy.moml.MoMLSimpleApplication@4bc9b065
reloadAllAccessors: .AbsoluteValue

===========================================================================================
----------------- testing Fri Jul 12 17:13:58 UTC 2019 /home/travis/build/icyphy/ptII/ptolemy/actor/lib/test/auto/AbsoluteValue2.xml
----------------- Instantiating /home/travis/build/icyphy/ptII/ptolemy/actor/lib/test/auto/AbsoluteValue2.xml
5 ms. Memory: 304128K Free: 253547K (83%)
----------------- Invoking toplevel() on ptolemy.moml.MoMLSimpleApplication@6c036b8e
----------------- Done invoking toplevel() on ptolemy.moml.MoMLSimpleApplication@6c036b8e
reloadAllAccessors: .AbsoluteValue2

===========================================================================================
----------------- testing Fri Jul 12 17:13:58 UTC 2019 /home/travis/build/icyphy/ptII/ptolemy/actor/lib/test/auto/Accumulator.xml
----------------- Instantiating /home/travis/build/icyphy/ptII/ptolemy/actor/lib/test/auto/Accumulator.xml
6 ms. Memory: 304128K Free: 246889K (81%)
----------------- Invoking toplevel() on ptolemy.moml.MoMLSimpleApplication@6bd375ae
----------------- Done invoking toplevel() on ptolemy.moml.MoMLSimpleApplication@6bd375ae
reloadAllAccessors: .Accumulator

===========================================================================================
----------------- testing Fri Jul 12 17:13:59 UTC 2019 /home/travis/build/icyphy/ptII/ptolemy/actor/lib/test/auto/Accumulator2.xml
----------------- Instantiating /home/travis/build/icyphy/ptII/ptolemy/actor/lib/test/auto/Accumulator2.xml
5 ms. Memory: 304128K Free: 241769K (79%)
----------------- Invoking toplevel() on ptolemy.moml.MoMLSimpleApplication@5e839ed0
----------------- Done invoking toplevel() on ptolemy.moml.MoMLSimpleApplication@5e839ed0
reloadAllAccessors: .Accumulator2

===========================================================================================
----------------- testing Fri Jul 12 17:13:59 UTC 2019 /home/travis/build/icyphy/ptII/ptolemy/actor/lib/test/auto/Accumulator3.xml
----------------- Instantiating /home/travis/build/icyphy/ptII/ptolemy/actor/lib/test/auto/Accumulator3.xml
3 ms. Memory: 304128K Free: 236649K (78%)
----------------- Invoking toplevel() on ptolemy.moml.MoMLSimpleApplication@294ce998
----------------- Done invoking toplevel() on ptolemy.moml.MoMLSimpleApplication@294ce998
reloadAllAccessors: .Accumulator3

===========================================================================================
----------------- testing Fri Jul 12 17:13:59 UTC 2019 /home/travis/build/icyphy/ptII/ptolemy/actor/lib/test/auto/ArrayAppend.xml
----------------- Instantiating /home/travis/build/icyphy/ptII/ptolemy/actor/lib/test/auto/ArrayAppend.xml
7 ms. Memory: 304128K Free: 231019K (76%)
----------------- Invoking toplevel() on ptolemy.moml.MoMLSimpleApplication@f123056
----------------- Done invoking toplevel() on ptolemy.moml.MoMLSimpleApplication@f123056
reloadAllAccessors: .ArrayAppend

===========================================================================================
----------------- testing Fri Jul 12 17:13:59 UTC 2019 /home/travis/build/icyphy/ptII/ptolemy/actor/lib/test/auto/ArrayAppend2.xml
----------------- Instantiating /home/travis/build/icyphy/ptII/ptolemy/actor/lib/test/auto/ArrayAppend2.xml
444 ms. Memory: 304128K Free: 153195K (50%)
----------------- Invoking toplevel() on ptolemy.moml.MoMLSimpleApplication@30ac0aea
----------------- Done invoking toplevel() on ptolemy.moml.MoMLSimpleApplication@30ac0aea
reloadAllAccessors: .ArrayAppend2

===========================================================================================
----------------- testing Fri Jul 12 17:13:59 UTC 2019 /home/travis/build/icyphy/ptII/ptolemy/actor/lib/test/auto/ArrayAppend3.xml
----------------- Instantiating /home/travis/build/icyphy/ptII/ptolemy/actor/lib/test/auto/ArrayAppend3.xml
5 ms. Memory: 304128K Free: 148585K (49%)
----------------- Invoking toplevel() on ptolemy.moml.MoMLSimpleApplication@29e240c2
----------------- Done invoking toplevel() on ptolemy.moml.MoMLSimpleApplication@29e240c2
reloadAllAccessors: .ArrayAppend3

===========================================================================================
----------------- testing Fri Jul 12 17:13:59 UTC 2019 /home/travis/build/icyphy/ptII/ptolemy/actor/lib/test/auto/ArrayAppend4.xml
----------------- Instantiating /home/travis/build/icyphy/ptII/ptolemy/actor/lib/test/auto/ArrayAppend4.xml
2 ms. Memory: 304128K Free: 143465K (47%)
----------------- Invoking toplevel() on ptolemy.moml.MoMLSimpleApplication@4af09d75
----------------- Done invoking toplevel() on ptolemy.moml.MoMLSimpleApplication@4af09d75
reloadAllAccessors: .ArrayAppend4

===========================================================================================
----------------- testing Fri Jul 12 17:13:59 UTC 2019 /home/travis/build/icyphy/ptII/ptolemy/actor/lib/test/auto/ArrayAppend5.xml
----------------- Instantiating /home/travis/build/icyphy/ptII/ptolemy/actor/lib/test/auto/ArrayAppend5.xml
1 ms. Memory: 304128K Free: 138345K (45%)
----------------- Invoking toplevel() on ptolemy.moml.MoMLSimpleApplication@2b38773a
----------------- Done invoking toplevel() on ptolemy.moml.MoMLSimpleApplication@2b38773a
reloadAllAccessors: .ArrayAppend5

===========================================================================================
----------------- testing Fri Jul 12 17:13:59 UTC 2019 /home/travis/build/icyphy/ptII/ptolemy/actor/lib/test/auto/ArrayAppend6.xml
----------------- Instantiating /home/travis/build/icyphy/ptII/ptolemy/actor/lib/test/auto/ArrayAppend6.xml
2 ms. Memory: 304128K Free: 133225K (44%)
----------------- Invoking toplevel() on ptolemy.moml.MoMLSimpleApplication@6021f0e7
----------------- Done invoking toplevel() on ptolemy.moml.MoMLSimpleApplication@6021f0e7
reloadAllAccessors: .ArrayAppend6

===========================================================================================
----------------- testing Fri Jul 12 17:13:59 UTC 2019 /home/travis/build/icyphy/ptII/ptolemy/actor/lib/test/auto/ArrayAppendPerformanceTest.xml
----------------- Instantiating /home/travis/build/icyphy/ptII/ptolemy/actor/lib/test/auto/ArrayAppendPerformanceTest.xml
32 ms. Memory: 304128K Free: 121961K (40%)
----------------- Invoking toplevel() on ptolemy.moml.MoMLSimpleApplication@56c8a093
----------------- Done invoking toplevel() on ptolemy.moml.MoMLSimpleApplication@56c8a093
reloadAllAccessors: .ArrayAppendPerformanceTest

===========================================================================================
----------------- testing Fri Jul 12 17:13:59 UTC 2019 /home/travis/build/icyphy/ptII/ptolemy/actor/lib/test/auto/ArrayAppendWithEmptyInput.xml
----------------- Instantiating /home/travis/build/icyphy/ptII/ptolemy/actor/lib/test/auto/ArrayAppendWithEmptyInput.xml
14 ms. Memory: 304128K Free: 114283K (38%)
----------------- Invoking toplevel() on ptolemy.moml.MoMLSimpleApplication@65a4a7ba
----------------- Done invoking toplevel() on ptolemy.moml.MoMLSimpleApplication@65a4a7ba
reloadAllAccessors: .ArrayAppendWithEmptyInput

===========================================================================================
----------------- testing Fri Jul 12 17:13:59 UTC 2019 /home/travis/build/icyphy/ptII/ptolemy/actor/lib/test/auto/ArrayAverage.xml
----------------- Instantiating /home/travis/build/icyphy/ptII/ptolemy/actor/lib/test/auto/ArrayAverage.xml
9 ms. Memory: 304128K Free: 106091K (35%)
----------------- Invoking toplevel() on ptolemy.moml.MoMLSimpleApplication@34d52474
----------------- Done invoking toplevel() on ptolemy.moml.MoMLSimpleApplication@34d52474
reloadAllAccessors: .ArrayAverage

===========================================================================================
----------------- testing Fri Jul 12 17:13:59 UTC 2019 /home/travis/build/icyphy/ptII/ptolemy/actor/lib/test/auto/ArrayContains.xml
----------------- Instantiating /home/travis/build/icyphy/ptII/ptolemy/actor/lib/test/auto/ArrayContains.xml
2 ms. Memory: 304128K Free: 100457K (33%)
----------------- Invoking toplevel() on ptolemy.moml.MoMLSimpleApplication@46227e44
----------------- Done invoking toplevel() on ptolemy.moml.MoMLSimpleApplication@46227e44
reloadAllAccessors: .ArrayContains

===========================================================================================
----------------- testing Fri Jul 12 17:14:00 UTC 2019 /home/travis/build/icyphy/ptII/ptolemy/actor/lib/test/auto/ArrayElement.xml
----------------- Instantiating /home/travis/build/icyphy/ptII/ptolemy/actor/lib/test/auto/ArrayElement.xml
6 ms. Memory: 583680K Free: 531794K (91%)
----------------- Invoking toplevel() on ptolemy.moml.MoMLSimpleApplication@2821483c
----------------- Done invoking toplevel() on ptolemy.moml.MoMLSimpleApplication@2821483c
reloadAllAccessors: .ArrayElement

===========================================================================================
----------------- testing Fri Jul 12 17:14:00 UTC 2019 /home/travis/build/icyphy/ptII/ptolemy/actor/lib/test/auto/ArrayElementAsMatrix.xml
----------------- Instantiating /home/travis/build/icyphy/ptII/ptolemy/actor/lib/test/auto/ArrayElementAsMatrix.xml
18 ms. Memory: 583680K Free: 521554K (89%)
----------------- Invoking toplevel() on ptolemy.moml.MoMLSimpleApplication@14fd0f34
----------------- Done invoking toplevel() on ptolemy.moml.MoMLSimpleApplication@14fd0f34
reloadAllAccessors: .ArrayElementAsMatrix

===========================================================================================
----------------- testing Fri Jul 12 17:14:00 UTC 2019 /home/travis/build/icyphy/ptII/ptolemy/actor/lib/test/auto/ArrayElementI.xml
----------------- Instantiating /home/travis/build/icyphy/ptII/ptolemy/actor/lib/test/auto/ArrayElementI.xml
3 ms. Memory: 583680K Free: 516944K (89%)
----------------- Invoking toplevel() on ptolemy.moml.MoMLSimpleApplication@4ff53069
----------------- Done invoking toplevel() on ptolemy.moml.MoMLSimpleApplication@4ff53069
reloadAllAccessors: .ArrayElementI

===========================================================================================
----------------- testing Fri Jul 12 17:14:00 UTC 2019 /home/travis/build/icyphy/ptII/ptolemy/actor/lib/test/auto/ArrayExtract.xml
----------------- Instantiating /home/travis/build/icyphy/ptII/ptolemy/actor/lib/test/auto/ArrayExtract.xml
5 ms. Memory: 583680K Free: 508242K (87%)
----------------- Invoking toplevel() on ptolemy.moml.MoMLSimpleApplication@69731536
----------------- Done invoking toplevel() on ptolemy.moml.MoMLSimpleApplication@69731536
reloadAllAccessors: .ArrayExtract

===========================================================================================
----------------- testing Fri Jul 12 17:14:00 UTC 2019 /home/travis/build/icyphy/ptII/ptolemy/actor/lib/test/auto/ArrayExtract2.xml
----------------- Instantiating /home/travis/build/icyphy/ptII/ptolemy/actor/lib/test/auto/ArrayExtract2.xml
3 ms. Memory: 583680K Free: 503122K (86%)
----------------- Invoking toplevel() on ptolemy.moml.MoMLSimpleApplication@4d1f694a
----------------- Done invoking toplevel() on ptolemy.moml.MoMLSimpleApplication@4d1f694a
reloadAllAccessors: .ArrayExtract2

===========================================================================================
----------------- testing Fri Jul 12 17:14:00 UTC 2019 /home/travis/build/icyphy/ptII/ptolemy/actor/lib/test/auto/ArrayLength.xml
----------------- Instantiating /home/travis/build/icyphy/ptII/ptolemy/actor/lib/test/auto/ArrayLength.xml
2 ms. Memory: 583680K Free: 499026K (85%)
----------------- Invoking toplevel() on ptolemy.moml.MoMLSimpleApplication@76b7b4a4
----------------- Done invoking toplevel() on ptolemy.moml.MoMLSimpleApplication@76b7b4a4
reloadAllAccessors: .ArrayLength

===========================================================================================
----------------- testing Fri Jul 12 17:14:00 UTC 2019 /home/travis/build/icyphy/ptII/ptolemy/actor/lib/test/auto/ArrayLevelCrossing.xml
----------------- Instantiating /home/travis/build/icyphy/ptII/ptolemy/actor/lib/test/auto/ArrayLevelCrossing.xml
4 ms. Memory: 583680K Free: 491344K (84%)
----------------- Invoking toplevel() on ptolemy.moml.MoMLSimpleApplication@b67cb8f
----------------- Done invoking toplevel() on ptolemy.moml.MoMLSimpleApplication@b67cb8f
reloadAllAccessors: .ArrayLevelCrossing

===========================================================================================
----------------- testing Fri Jul 12 17:14:00 UTC 2019 /home/travis/build/icyphy/ptII/ptolemy/actor/lib/test/auto/ArrayLevelCrossing2.xml
----------------- Instantiating /home/travis/build/icyphy/ptII/ptolemy/actor/lib/test/auto/ArrayLevelCrossing2.xml
7 ms. Memory: 583680K Free: 483666K (83%)
----------------- Invoking toplevel() on ptolemy.moml.MoMLSimpleApplication@2da4c34
----------------- Done invoking toplevel() on ptolemy.moml.MoMLSimpleApplication@2da4c34
reloadAllAccessors: .ArrayLevelCrossing2

===========================================================================================
----------------- testing Fri Jul 12 17:14:00 UTC 2019 /home/travis/build/icyphy/ptII/ptolemy/actor/lib/test/auto/ArrayPeakSearch.xml
----------------- Instantiating /home/travis/build/icyphy/ptII/ptolemy/actor/lib/test/auto/ArrayPeakSearch.xml
8 ms. Memory: 583680K Free: 474960K (81%)
----------------- Invoking toplevel() on ptolemy.moml.MoMLSimpleApplication@660cb36
----------------- Done invoking toplevel() on ptolemy.moml.MoMLSimpleApplication@660cb36
reloadAllAccessors: .ArrayPeakSearch

===========================================================================================
----------------- testing Fri Jul 12 17:14:00 UTC 2019 /home/travis/build/icyphy/ptII/ptolemy/actor/lib/test/auto/ArrayPeakSearch2.xml
----------------- Instantiating /home/travis/build/icyphy/ptII/ptolemy/actor/lib/test/auto/ArrayPeakSearch2.xml
9 ms. Memory: 583680K Free: 464210K (80%)
----------------- Invoking toplevel() on ptolemy.moml.MoMLSimpleApplication@79552053
----------------- Done invoking toplevel() on ptolemy.moml.MoMLSimpleApplication@79552053
reloadAllAccessors: .ArrayPeakSearch2

===========================================================================================
----------------- testing Fri Jul 12 17:14:00 UTC 2019 /home/travis/build/icyphy/ptII/ptolemy/actor/lib/test/auto/ArrayPeakSearch3.xml
----------------- Instantiating /home/travis/build/icyphy/ptII/ptolemy/actor/lib/test/auto/ArrayPeakSearch3.xml
4 ms. Memory: 583680K Free: 455504K (78%)
----------------- Invoking toplevel() on ptolemy.moml.MoMLSimpleApplication@2304356d
----------------- Done invoking toplevel() on ptolemy.moml.MoMLSimpleApplication@2304356d
reloadAllAccessors: .ArrayPeakSearch3

===========================================================================================
----------------- testing Fri Jul 12 17:14:00 UTC 2019 /home/travis/build/icyphy/ptII/ptolemy/actor/lib/test/auto/ArrayRemoveElement.xml
----------------- Instantiating /home/travis/build/icyphy/ptII/ptolemy/actor/lib/test/auto/ArrayRemoveElement.xml
3 ms. Memory: 583680K Free: 447312K (77%)
----------------- Invoking toplevel() on ptolemy.moml.MoMLSimpleApplication@a0da9b
----------------- Done invoking toplevel() on ptolemy.moml.MoMLSimpleApplication@a0da9b
reloadAllAccessors: .ArrayRemoveElement

===========================================================================================
----------------- testing Fri Jul 12 17:14:00 UTC 2019 /home/travis/build/icyphy/ptII/ptolemy/actor/lib/test/auto/ArraySort.xml
----------------- Instantiating /home/travis/build/icyphy/ptII/ptolemy/actor/lib/test/auto/ArraySort.xml
11 ms. Memory: 583680K Free: 438610K (75%)
----------------- Invoking toplevel() on ptolemy.moml.MoMLSimpleApplication@1e76aba1
----------------- Done invoking toplevel() on ptolemy.moml.MoMLSimpleApplication@1e76aba1
reloadAllAccessors: .ArraySort

===========================================================================================
----------------- testing Fri Jul 12 17:14:00 UTC 2019 /home/travis/build/icyphy/ptII/ptolemy/actor/lib/test/auto/ArraySum.xml
----------------- Instantiating /home/travis/build/icyphy/ptII/ptolemy/actor/lib/test/auto/ArraySum.xml
7 ms. Memory: 583680K Free: 432976K (74%)
----------------- Invoking toplevel() on ptolemy.moml.MoMLSimpleApplication@759670f1
----------------- Done invoking toplevel() on ptolemy.moml.MoMLSimpleApplication@759670f1
reloadAllAccessors: .ArraySum

===========================================================================================
----------------- testing Fri Jul 12 17:14:00 UTC 2019 /home/travis/build/icyphy/ptII/ptolemy/actor/lib/test/auto/ArrayToElements.xml
----------------- Instantiating /home/travis/build/icyphy/ptII/ptolemy/actor/lib/test/auto/ArrayToElements.xml
7 ms. Memory: 583680K Free: 427856K (73%)
----------------- Invoking toplevel() on ptolemy.moml.MoMLSimpleApplication@5803159f
----------------- Done invoking toplevel() on ptolemy.moml.MoMLSimpleApplication@5803159f
reloadAllAccessors: .ArrayToElements

===========================================================================================
----------------- testing Fri Jul 12 17:14:00 UTC 2019 /home/travis/build/icyphy/ptII/ptolemy/actor/lib/test/auto/ArrayToMatrix.xml
----------------- Instantiating /home/travis/build/icyphy/ptII/ptolemy/actor/lib/test/auto/ArrayToMatrix.xml
11 ms. Memory: 583680K Free: 413520K (71%)
----------------- Invoking toplevel() on ptolemy.moml.MoMLSimpleApplication@6cd2edab
----------------- Done invoking toplevel() on ptolemy.moml.MoMLSimpleApplication@6cd2edab
reloadAllAccessors: .ArrayToMatrix

===========================================================================================
----------------- testing Fri Jul 12 17:14:00 UTC 2019 /home/travis/build/icyphy/ptII/ptolemy/actor/lib/test/auto/ArrayUpdate1.xml
----------------- Instantiating /home/travis/build/icyphy/ptII/ptolemy/actor/lib/test/auto/ArrayUpdate1.xml
12 ms. Memory: 583680K Free: 408914K (70%)
----------------- Invoking toplevel() on ptolemy.moml.MoMLSimpleApplication@16b02d6f
----------------- Done invoking toplevel() on ptolemy.moml.MoMLSimpleApplication@16b02d6f
reloadAllAccessors: .ArrayUpdate1

===========================================================================================
----------------- testing Fri Jul 12 17:14:00 UTC 2019 /home/travis/build/icyphy/ptII/ptolemy/actor/lib/test/auto/ArrayUpdate2.xml
----------------- Instantiating /home/travis/build/icyphy/ptII/ptolemy/actor/lib/test/auto/ArrayUpdate2.xml
7 ms. Memory: 583680K Free: 402770K (69%)
----------------- Invoking toplevel() on ptolemy.moml.MoMLSimpleApplication@418e5f58
----------------- Done invoking toplevel() on ptolemy.moml.MoMLSimpleApplication@418e5f58
reloadAllAccessors: .ArrayUpdate2

===========================================================================================
----------------- testing Fri Jul 12 17:14:00 UTC 2019 /home/travis/build/icyphy/ptII/ptolemy/actor/lib/test/auto/ArrayUpdate3.xml
----------------- Instantiating /home/travis/build/icyphy/ptII/ptolemy/actor/lib/test/auto/ArrayUpdate3.xml
2 ms. Memory: 583680K Free: 397650K (68%)
----------------- Invoking toplevel() on ptolemy.moml.MoMLSimpleApplication@332a6d17
----------------- Done invoking toplevel() on ptolemy.moml.MoMLSimpleApplication@332a6d17
reloadAllAccessors: .ArrayUpdate3

===========================================================================================
----------------- testing Fri Jul 12 17:14:00 UTC 2019 /home/travis/build/icyphy/ptII/ptolemy/actor/lib/test/auto/Assert1.xml
----------------- Instantiating /home/travis/build/icyphy/ptII/ptolemy/actor/lib/test/auto/Assert1.xml
4 ms. Memory: 583680K Free: 393554K (67%)
----------------- Invoking toplevel() on ptolemy.moml.MoMLSimpleApplication@f6cfb9c
----------------- Done invoking toplevel() on ptolemy.moml.MoMLSimpleApplication@f6cfb9c
reloadAllAccessors: .Assert1

===========================================================================================
----------------- testing Fri Jul 12 17:14:00 UTC 2019 /home/travis/build/icyphy/ptII/ptolemy/actor/lib/test/auto/Assert2.xml
----------------- Instantiating /home/travis/build/icyphy/ptII/ptolemy/actor/lib/test/auto/Assert2.xml
2 ms. Memory: 583680K Free: 387920K (66%)
----------------- Invoking toplevel() on ptolemy.moml.MoMLSimpleApplication@38df404d
----------------- Done invoking toplevel() on ptolemy.moml.MoMLSimpleApplication@38df404d
reloadAllAccessors: .Assert2

===========================================================================================
----------------- testing Fri Jul 12 17:14:00 UTC 2019 /home/travis/build/icyphy/ptII/ptolemy/actor/lib/test/auto/BooleanMultiplexor.xml
----------------- Instantiating /home/travis/build/icyphy/ptII/ptolemy/actor/lib/test/auto/BooleanMultiplexor.xml
3 ms. Memory: 583680K Free: 382770K (66%)
----------------- Invoking toplevel() on ptolemy.moml.MoMLSimpleApplication@1572ba1d
----------------- Done invoking toplevel() on ptolemy.moml.MoMLSimpleApplication@1572ba1d
reloadAllAccessors: .BooleanMultiplexor

===========================================================================================
----------------- testing Fri Jul 12 17:14:00 UTC 2019 /home/travis/build/icyphy/ptII/ptolemy/actor/lib/test/auto/BooleanMultiplexor2.xml
----------------- Instantiating /home/travis/build/icyphy/ptII/ptolemy/actor/lib/test/auto/BooleanMultiplexor2.xml
13 ms. Memory: 583680K Free: 376144K (64%)
----------------- Invoking toplevel() on ptolemy.moml.MoMLSimpleApplication@46943861
----------------- Done invoking toplevel() on ptolemy.moml.MoMLSimpleApplication@46943861
reloadAllAccessors: .BooleanMultiplexor2

===========================================================================================
----------------- testing Fri Jul 12 17:14:00 UTC 2019 /home/travis/build/icyphy/ptII/ptolemy/actor/lib/test/auto/BooleanMultiplexor3.xml
----------------- Instantiating /home/travis/build/icyphy/ptII/ptolemy/actor/lib/test/auto/BooleanMultiplexor3.xml
3 ms. Memory: 583680K Free: 372050K (64%)
----------------- Invoking toplevel() on ptolemy.moml.MoMLSimpleApplication@5bea8a62
----------------- Done invoking toplevel() on ptolemy.moml.MoMLSimpleApplication@5bea8a62
reloadAllAccessors: .BooleanMultiplexor3

===========================================================================================
----------------- testing Fri Jul 12 17:14:01 UTC 2019 /home/travis/build/icyphy/ptII/ptolemy/actor/lib/test/auto/BooleanSelect.xml
----------------- Instantiating /home/travis/build/icyphy/ptII/ptolemy/actor/lib/test/auto/BooleanSelect.xml
9 ms. Memory: 583680K Free: 366402K (63%)
----------------- Invoking toplevel() on ptolemy.moml.MoMLSimpleApplication@23d3adc0
----------------- Done invoking toplevel() on ptolemy.moml.MoMLSimpleApplication@23d3adc0
reloadAllAccessors: .BooleanSelect

===========================================================================================
----------------- testing Fri Jul 12 17:14:01 UTC 2019 /home/travis/build/icyphy/ptII/ptolemy/actor/lib/test/auto/BooleanSelect2.xml
----------------- Instantiating /home/travis/build/icyphy/ptII/ptolemy/actor/lib/test/auto/BooleanSelect2.xml
2 ms. Memory: 583680K Free: 361810K (62%)
----------------- Invoking toplevel() on ptolemy.moml.MoMLSimpleApplication@29491591
----------------- Done invoking toplevel() on ptolemy.moml.MoMLSimpleApplication@29491591
reloadAllAccessors: .BooleanSelect2

===========================================================================================
----------------- testing Fri Jul 12 17:14:01 UTC 2019 /home/travis/build/icyphy/ptII/ptolemy/actor/lib/test/auto/BooleanSwitch.xml
----------------- Instantiating /home/travis/build/icyphy/ptII/ptolemy/actor/lib/test/auto/BooleanSwitch.xml
6 ms. Memory: 583680K Free: 355666K (61%)
----------------- Invoking toplevel() on ptolemy.moml.MoMLSimpleApplication@4c08d78f
----------------- Done invoking toplevel() on ptolemy.moml.MoMLSimpleApplication@4c08d78f
reloadAllAccessors: .BooleanSwitch

===========================================================================================
----------------- testing Fri Jul 12 17:14:01 UTC 2019 /home/travis/build/icyphy/ptII/ptolemy/actor/lib/test/auto/BooleanSwitch2.xml
----------------- Instantiating /home/travis/build/icyphy/ptII/ptolemy/actor/lib/test/auto/BooleanSwitch2.xml
2 ms. Memory: 583680K Free: 351056K (60%)
----------------- Invoking toplevel() on ptolemy.moml.MoMLSimpleApplication@4f5b2170
----------------- Done invoking toplevel() on ptolemy.moml.MoMLSimpleApplication@4f5b2170
reloadAllAccessors: .BooleanSwitch2

===========================================================================================
----------------- testing Fri Jul 12 17:14:01 UTC 2019 /home/travis/build/icyphy/ptII/ptolemy/actor/lib/test/auto/BooleanSwitchCloningBugWithClassRelationGroup.xml
----------------- Instantiating /home/travis/build/icyphy/ptII/ptolemy/actor/lib/test/auto/BooleanSwitchCloningBugWithClassRelationGroup.xml
3 ms. Memory: 583680K Free: 344912K (59%)
----------------- Invoking toplevel() on ptolemy.moml.MoMLSimpleApplication@e6eb008
----------------- Done invoking toplevel() on ptolemy.moml.MoMLSimpleApplication@e6eb008
reloadAllAccessors: .BooleanSwitchCloningBugWithClassRelationGroup

===========================================================================================
----------------- testing Fri Jul 12 17:14:01 UTC 2019 /home/travis/build/icyphy/ptII/ptolemy/actor/lib/test/auto/BusActors.xml
----------------- Instantiating /home/travis/build/icyphy/ptII/ptolemy/actor/lib/test/auto/BusActors.xml
4 ms. Memory: 583680K Free: 336720K (58%)
----------------- Invoking toplevel() on ptolemy.moml.MoMLSimpleApplication@785f0f99
----------------- Done invoking toplevel() on ptolemy.moml.MoMLSimpleApplication@785f0f99
reloadAllAccessors: .BusActors

===========================================================================================
----------------- testing Fri Jul 12 17:14:01 UTC 2019 /home/travis/build/icyphy/ptII/ptolemy/actor/lib/test/auto/ClassWrapper.xml
----------------- Instantiating /home/travis/build/icyphy/ptII/ptolemy/actor/lib/test/auto/ClassWrapper.xml
11 ms. Memory: 583680K Free: 332624K (57%)
----------------- Invoking toplevel() on ptolemy.moml.MoMLSimpleApplication@4278d6c9
----------------- Done invoking toplevel() on ptolemy.moml.MoMLSimpleApplication@4278d6c9
reloadAllAccessors: .ClassWrapper

===========================================================================================
----------------- testing Fri Jul 12 17:14:01 UTC 2019 /home/travis/build/icyphy/ptII/ptolemy/actor/lib/test/auto/Clock.xml
----------------- Instantiating /home/travis/build/icyphy/ptII/ptolemy/actor/lib/test/auto/Clock.xml
1 ms. Memory: 583680K Free: 328528K (56%)
----------------- Invoking toplevel() on ptolemy.moml.MoMLSimpleApplication@1e9be10
----------------- Done invoking toplevel() on ptolemy.moml.MoMLSimpleApplication@1e9be10
reloadAllAccessors: .Clock

===========================================================================================
----------------- testing Fri Jul 12 17:14:01 UTC 2019 /home/travis/build/icyphy/ptII/ptolemy/actor/lib/test/auto/Clock10.xml
----------------- Instantiating /home/travis/build/icyphy/ptII/ptolemy/actor/lib/test/auto/Clock10.xml
4 ms. Memory: 583680K Free: 322898K (55%)
----------------- Invoking toplevel() on ptolemy.moml.MoMLSimpleApplication@6d92b2be
----------------- Done invoking toplevel() on ptolemy.moml.MoMLSimpleApplication@6d92b2be
reloadAllAccessors: .Clock10

===========================================================================================
----------------- testing Fri Jul 12 17:14:01 UTC 2019 /home/travis/build/icyphy/ptII/ptolemy/actor/lib/test/auto/Clock11.xml
----------------- Instantiating /home/travis/build/icyphy/ptII/ptolemy/actor/lib/test/auto/Clock11.xml
10 ms. Memory: 583680K Free: 316752K (54%)
----------------- Invoking toplevel() on ptolemy.moml.MoMLSimpleApplication@1f1c236b
----------------- Done invoking toplevel() on ptolemy.moml.MoMLSimpleApplication@1f1c236b
reloadAllAccessors: .Clock11

===========================================================================================
----------------- testing Fri Jul 12 17:14:01 UTC 2019 /home/travis/build/icyphy/ptII/ptolemy/actor/lib/test/auto/Clock12.xml
----------------- Instantiating /home/travis/build/icyphy/ptII/ptolemy/actor/lib/test/auto/Clock12.xml
6 ms. Memory: 583680K Free: 532944K (91%)
----------------- Invoking toplevel() on ptolemy.moml.MoMLSimpleApplication@723e9760
----------------- Done invoking toplevel() on ptolemy.moml.MoMLSimpleApplication@723e9760
reloadAllAccessors: .Clock12

===========================================================================================
----------------- testing Fri Jul 12 17:14:01 UTC 2019 /home/travis/build/icyphy/ptII/ptolemy/actor/lib/test/auto/Clock13.xml
----------------- Instantiating /home/travis/build/icyphy/ptII/ptolemy/actor/lib/test/auto/Clock13.xml
3 ms. Memory: 583680K Free: 526784K (90%)
----------------- Invoking toplevel() on ptolemy.moml.MoMLSimpleApplication@4eba0f59
----------------- Done invoking toplevel() on ptolemy.moml.MoMLSimpleApplication@4eba0f59
reloadAllAccessors: .Clock13

===========================================================================================
----------------- testing Fri Jul 12 17:14:01 UTC 2019 /home/travis/build/icyphy/ptII/ptolemy/actor/lib/test/auto/Clock14.xml
----------------- Instantiating /home/travis/build/icyphy/ptII/ptolemy/actor/lib/test/auto/Clock14.xml
3 ms. Memory: 583680K Free: 520640K (89%)
----------------- Invoking toplevel() on ptolemy.moml.MoMLSimpleApplication@4dd3128
----------------- Done invoking toplevel() on ptolemy.moml.MoMLSimpleApplication@4dd3128
reloadAllAccessors: .Clock14

===========================================================================================
----------------- testing Fri Jul 12 17:14:01 UTC 2019 /home/travis/build/icyphy/ptII/ptolemy/actor/lib/test/auto/Clock15.xml
----------------- Instantiating /home/travis/build/icyphy/ptII/ptolemy/actor/lib/test/auto/Clock15.xml
3 ms. Memory: 583680K Free: 515040K (88%)
----------------- Invoking toplevel() on ptolemy.moml.MoMLSimpleApplication@7dbe4714
----------------- Done invoking toplevel() on ptolemy.moml.MoMLSimpleApplication@7dbe4714
reloadAllAccessors: .Clock15

===========================================================================================
----------------- testing Fri Jul 12 17:14:01 UTC 2019 /home/travis/build/icyphy/ptII/ptolemy/actor/lib/test/auto/Clock16.xml
----------------- Instantiating /home/travis/build/icyphy/ptII/ptolemy/actor/lib/test/auto/Clock16.xml
34 ms. Memory: 583680K Free: 500190K (86%)
----------------- Invoking toplevel() on ptolemy.moml.MoMLSimpleApplication@3bfe9b61
----------------- Done invoking toplevel() on ptolemy.moml.MoMLSimpleApplication@3bfe9b61
reloadAllAccessors: .Clock16

===========================================================================================
----------------- testing Fri Jul 12 17:14:01 UTC 2019 /home/travis/build/icyphy/ptII/ptolemy/actor/lib/test/auto/Clock17.xml
----------------- Instantiating /home/travis/build/icyphy/ptII/ptolemy/actor/lib/test/auto/Clock17.xml
13 ms. Memory: 583680K Free: 486368K (83%)
----------------- Invoking toplevel() on ptolemy.moml.MoMLSimpleApplication@17465c95
----------------- Done invoking toplevel() on ptolemy.moml.MoMLSimpleApplication@17465c95
reloadAllAccessors: .Clock17

===========================================================================================
----------------- testing Fri Jul 12 17:14:01 UTC 2019 /home/travis/build/icyphy/ptII/ptolemy/actor/lib/test/auto/Clock18.xml
----------------- Instantiating /home/travis/build/icyphy/ptII/ptolemy/actor/lib/test/auto/Clock18.xml
21 ms. Memory: 583680K Free: 472528K (81%)
----------------- Invoking toplevel() on ptolemy.moml.MoMLSimpleApplication@14fe8a13
----------------- Done invoking toplevel() on ptolemy.moml.MoMLSimpleApplication@14fe8a13
reloadAllAccessors: .Clock18

===========================================================================================
----------------- testing Fri Jul 12 17:14:01 UTC 2019 /home/travis/build/icyphy/ptII/ptolemy/actor/lib/test/auto/Clock19.xml
----------------- Instantiating /home/travis/build/icyphy/ptII/ptolemy/actor/lib/test/auto/Clock19.xml
11 ms. Memory: 583680K Free: 459230K (79%)
----------------- Invoking toplevel() on ptolemy.moml.MoMLSimpleApplication@7f3a3a75
----------------- Done invoking toplevel() on ptolemy.moml.MoMLSimpleApplication@7f3a3a75
reloadAllAccessors: .Clock19

===========================================================================================
----------------- testing Fri Jul 12 17:14:01 UTC 2019 /home/travis/build/icyphy/ptII/ptolemy/actor/lib/test/auto/Clock2.xml
----------------- Instantiating /home/travis/build/icyphy/ptII/ptolemy/actor/lib/test/auto/Clock2.xml
7 ms. Memory: 583680K Free: 455128K (78%)
----------------- Invoking toplevel() on ptolemy.moml.MoMLSimpleApplication@4fa29ccf
----------------- Done invoking toplevel() on ptolemy.moml.MoMLSimpleApplication@4fa29ccf
reloadAllAccessors: .Clock2

===========================================================================================
----------------- testing Fri Jul 12 17:14:01 UTC 2019 /home/travis/build/icyphy/ptII/ptolemy/actor/lib/test/auto/Clock20.xml
----------------- Instantiating /home/travis/build/icyphy/ptII/ptolemy/actor/lib/test/auto/Clock20.xml
14 ms. Memory: 583680K Free: 448990K (77%)
----------------- Invoking toplevel() on ptolemy.moml.MoMLSimpleApplication@359f3926
----------------- Done invoking toplevel() on ptolemy.moml.MoMLSimpleApplication@359f3926
reloadAllAccessors: .Clock20

===========================================================================================
----------------- testing Fri Jul 12 17:14:01 UTC 2019 /home/travis/build/icyphy/ptII/ptolemy/actor/lib/test/auto/Clock21.xml
----------------- Instantiating /home/travis/build/icyphy/ptII/ptolemy/actor/lib/test/auto/Clock21.xml
5 ms. Memory: 583680K Free: 443870K (76%)
----------------- Invoking toplevel() on ptolemy.moml.MoMLSimpleApplication@7a79de71
----------------- Done invoking toplevel() on ptolemy.moml.MoMLSimpleApplication@7a79de71
reloadAllAccessors: .Clock21

===========================================================================================
----------------- testing Fri Jul 12 17:14:01 UTC 2019 /home/travis/build/icyphy/ptII/ptolemy/actor/lib/test/auto/Clock22.xml
----------------- Instantiating /home/travis/build/icyphy/ptII/ptolemy/actor/lib/test/auto/Clock22.xml
5 ms. Memory: 583680K Free: 438240K (75%)
----------------- Invoking toplevel() on ptolemy.moml.MoMLSimpleApplication@4c2e2ed7
----------------- Done invoking toplevel() on ptolemy.moml.MoMLSimpleApplication@4c2e2ed7
reloadAllAccessors: .Clock22

===========================================================================================
----------------- testing Fri Jul 12 17:14:01 UTC 2019 /home/travis/build/icyphy/ptII/ptolemy/actor/lib/test/auto/Clock23.xml
----------------- Instantiating /home/travis/build/icyphy/ptII/ptolemy/actor/lib/test/auto/Clock23.xml
6 ms. Memory: 583680K Free: 433120K (74%)
----------------- Invoking toplevel() on ptolemy.moml.MoMLSimpleApplication@18b1b706
----------------- Done invoking toplevel() on ptolemy.moml.MoMLSimpleApplication@18b1b706
reloadAllAccessors: .Clock23

===========================================================================================
----------------- testing Fri Jul 12 17:14:01 UTC 2019 /home/travis/build/icyphy/ptII/ptolemy/actor/lib/test/auto/Clock24.xml
----------------- Instantiating /home/travis/build/icyphy/ptII/ptolemy/actor/lib/test/auto/Clock24.xml
5 ms. Memory: 583680K Free: 427486K (73%)
----------------- Invoking toplevel() on ptolemy.moml.MoMLSimpleApplication@6e459f51
----------------- Done invoking toplevel() on ptolemy.moml.MoMLSimpleApplication@6e459f51
reloadAllAccessors: .Clock24

===========================================================================================
----------------- testing Fri Jul 12 17:14:01 UTC 2019 /home/travis/build/icyphy/ptII/ptolemy/actor/lib/test/auto/Clock4.xml
----------------- Instantiating /home/travis/build/icyphy/ptII/ptolemy/actor/lib/test/auto/Clock4.xml
1 ms. Memory: 583680K Free: 422360K (72%)
----------------- Invoking toplevel() on ptolemy.moml.MoMLSimpleApplication@ff68b36
----------------- Done invoking toplevel() on ptolemy.moml.MoMLSimpleApplication@ff68b36
reloadAllAccessors: .Clock4

===========================================================================================
----------------- testing Fri Jul 12 17:14:01 UTC 2019 /home/travis/build/icyphy/ptII/ptolemy/actor/lib/test/auto/Clock5.xml
----------------- Instantiating /home/travis/build/icyphy/ptII/ptolemy/actor/lib/test/auto/Clock5.xml
15 ms. Memory: 583680K Free: 417246K (71%)
----------------- Invoking toplevel() on ptolemy.moml.MoMLSimpleApplication@6d670c0
----------------- Done invoking toplevel() on ptolemy.moml.MoMLSimpleApplication@6d670c0
reloadAllAccessors: .Clock5

===========================================================================================
----------------- testing Fri Jul 12 17:14:01 UTC 2019 /home/travis/build/icyphy/ptII/ptolemy/actor/lib/test/auto/Clock6.xml
----------------- Instantiating /home/travis/build/icyphy/ptII/ptolemy/actor/lib/test/auto/Clock6.xml
2 ms. Memory: 583680K Free: 412640K (71%)
----------------- Invoking toplevel() on ptolemy.moml.MoMLSimpleApplication@7238ec9c
----------------- Done invoking toplevel() on ptolemy.moml.MoMLSimpleApplication@7238ec9c
reloadAllAccessors: .Clock6

===========================================================================================
----------------- testing Fri Jul 12 17:14:01 UTC 2019 /home/travis/build/icyphy/ptII/ptolemy/actor/lib/test/auto/Clock7.xml
----------------- Instantiating /home/travis/build/icyphy/ptII/ptolemy/actor/lib/test/auto/Clock7.xml
3 ms. Memory: 583680K Free: 408030K (70%)
----------------- Invoking toplevel() on ptolemy.moml.MoMLSimpleApplication@70797e82
----------------- Done invoking toplevel() on ptolemy.moml.MoMLSimpleApplication@70797e82
reloadAllAccessors: .Clock7

===========================================================================================
----------------- testing Fri Jul 12 17:14:01 UTC 2019 /home/travis/build/icyphy/ptII/ptolemy/actor/lib/test/auto/Clock8.xml
----------------- Instantiating /home/travis/build/icyphy/ptII/ptolemy/actor/lib/test/auto/Clock8.xml
6 ms. Memory: 583680K Free: 402400K (69%)
----------------- Invoking toplevel() on ptolemy.moml.MoMLSimpleApplication@6597723c
----------------- Done invoking toplevel() on ptolemy.moml.MoMLSimpleApplication@6597723c
reloadAllAccessors: .Clock8

===========================================================================================
----------------- testing Fri Jul 12 17:14:01 UTC 2019 /home/travis/build/icyphy/ptII/ptolemy/actor/lib/test/auto/Clock9.xml
----------------- Instantiating /home/travis/build/icyphy/ptII/ptolemy/actor/lib/test/auto/Clock9.xml
7 ms. Memory: 583680K Free: 397280K (68%)
----------------- Invoking toplevel() on ptolemy.moml.MoMLSimpleApplication@535c23e3
----------------- Done invoking toplevel() on ptolemy.moml.MoMLSimpleApplication@535c23e3
reloadAllAccessors: .Clock9

===========================================================================================
----------------- testing Fri Jul 12 17:14:02 UTC 2019 /home/travis/build/icyphy/ptII/ptolemy/actor/lib/test/auto/CommDistDiscard.xml
----------------- Instantiating /home/travis/build/icyphy/ptII/ptolemy/actor/lib/test/auto/CommDistDiscard.xml
4 ms. Memory: 583680K Free: 391646K (67%)
----------------- Invoking toplevel() on ptolemy.moml.MoMLSimpleApplication@2a327ee8
----------------- Done invoking toplevel() on ptolemy.moml.MoMLSimpleApplication@2a327ee8
reloadAllAccessors: .CommDistDiscard

===========================================================================================
----------------- testing Fri Jul 12 17:14:02 UTC 2019 /home/travis/build/icyphy/ptII/ptolemy/actor/lib/test/auto/Commutator.xml
----------------- Instantiating /home/travis/build/icyphy/ptII/ptolemy/actor/lib/test/auto/Commutator.xml
4 ms. Memory: 583680K Free: 387040K (66%)
----------------- Invoking toplevel() on ptolemy.moml.MoMLSimpleApplication@53162114
----------------- Done invoking toplevel() on ptolemy.moml.MoMLSimpleApplication@53162114
reloadAllAccessors: .Commutator

===========================================================================================
----------------- testing Fri Jul 12 17:14:02 UTC 2019 /home/travis/build/icyphy/ptII/ptolemy/actor/lib/test/auto/Commutator2.xml
----------------- Instantiating /home/travis/build/icyphy/ptII/ptolemy/actor/lib/test/auto/Commutator2.xml
2 ms. Memory: 583680K Free: 382944K (66%)
----------------- Invoking toplevel() on ptolemy.moml.MoMLSimpleApplication@5ba44083
----------------- Done invoking toplevel() on ptolemy.moml.MoMLSimpleApplication@5ba44083
reloadAllAccessors: .Commutator2

===========================================================================================
----------------- testing Fri Jul 12 17:14:02 UTC 2019 /home/travis/build/icyphy/ptII/ptolemy/actor/lib/test/auto/Commutator3.xml
----------------- Instantiating /home/travis/build/icyphy/ptII/ptolemy/actor/lib/test/auto/Commutator3.xml
2 ms. Memory: 583680K Free: 378334K (65%)
----------------- Invoking toplevel() on ptolemy.moml.MoMLSimpleApplication@28aa1f2d
----------------- Done invoking toplevel() on ptolemy.moml.MoMLSimpleApplication@28aa1f2d
reloadAllAccessors: .Commutator3

===========================================================================================
----------------- testing Fri Jul 12 17:14:02 UTC 2019 /home/travis/build/icyphy/ptII/ptolemy/actor/lib/test/auto/Compare.xml
----------------- Instantiating /home/travis/build/icyphy/ptII/ptolemy/actor/lib/test/auto/Compare.xml
2 ms. Memory: 583680K Free: 372190K (64%)
----------------- Invoking toplevel() on ptolemy.moml.MoMLSimpleApplication@3ad40fe5
----------------- Done invoking toplevel() on ptolemy.moml.MoMLSimpleApplication@3ad40fe5
reloadAllAccessors: .Compare

===========================================================================================
----------------- testing Fri Jul 12 17:14:02 UTC 2019 /home/travis/build/icyphy/ptII/ptolemy/actor/lib/test/auto/CompareDE.xml
----------------- Instantiating /home/travis/build/icyphy/ptII/ptolemy/actor/lib/test/auto/CompareDE.xml
4 ms. Memory: 583680K Free: 365008K (63%)
----------------- Invoking toplevel() on ptolemy.moml.MoMLSimpleApplication@2b63723c
----------------- Done invoking toplevel() on ptolemy.moml.MoMLSimpleApplication@2b63723c
reloadAllAccessors: .CompareDE

===========================================================================================
----------------- testing Fri Jul 12 17:14:02 UTC 2019 /home/travis/build/icyphy/ptII/ptolemy/actor/lib/test/auto/ComplexDivide.xml
----------------- Instantiating /home/travis/build/icyphy/ptII/ptolemy/actor/lib/test/auto/ComplexDivide.xml
1 ms. Memory: 583680K Free: 360926K (62%)
----------------- Invoking toplevel() on ptolemy.moml.MoMLSimpleApplication@73317091
----------------- Done invoking toplevel() on ptolemy.moml.MoMLSimpleApplication@73317091
reloadAllAccessors: .ComplexDivide

===========================================================================================
----------------- testing Fri Jul 12 17:14:02 UTC 2019 /home/travis/build/icyphy/ptII/ptolemy/actor/lib/test/auto/ComputeHistogram.xml
----------------- Instantiating /home/travis/build/icyphy/ptII/ptolemy/actor/lib/test/auto/ComputeHistogram.xml
35 ms. Memory: 583680K Free: 348638K (60%)
----------------- Invoking toplevel() on ptolemy.moml.MoMLSimpleApplication@4d2b27b4
----------------- Done invoking toplevel() on ptolemy.moml.MoMLSimpleApplication@4d2b27b4
reloadAllAccessors: .ComputeHistogram

===========================================================================================
----------------- testing Fri Jul 12 17:14:02 UTC 2019 /home/travis/build/icyphy/ptII/ptolemy/actor/lib/test/auto/ConfigurationSelect.xml
----------------- Instantiating /home/travis/build/icyphy/ptII/ptolemy/actor/lib/test/auto/ConfigurationSelect.xml
8 ms. Memory: 583680K Free: 343008K (59%)
----------------- Invoking toplevel() on ptolemy.moml.MoMLSimpleApplication@546d4439
----------------- Done invoking toplevel() on ptolemy.moml.MoMLSimpleApplication@546d4439
reloadAllAccessors: .ConfigurationSelect

===========================================================================================
----------------- testing Fri Jul 12 17:14:02 UTC 2019 /home/travis/build/icyphy/ptII/ptolemy/actor/lib/test/auto/ConfigurationSelect2.xml
----------------- Instantiating /home/travis/build/icyphy/ptII/ptolemy/actor/lib/test/auto/ConfigurationSelect2.xml
2 ms. Memory: 583680K Free: 338398K (58%)
----------------- Invoking toplevel() on ptolemy.moml.MoMLSimpleApplication@3ab02f09
----------------- Done invoking toplevel() on ptolemy.moml.MoMLSimpleApplication@3ab02f09
reloadAllAccessors: .ConfigurationSelect2

===========================================================================================
----------------- testing Fri Jul 12 17:14:02 UTC 2019 /home/travis/build/icyphy/ptII/ptolemy/actor/lib/test/auto/ConfigurationSwitch.xml
----------------- Instantiating /home/travis/build/icyphy/ptII/ptolemy/actor/lib/test/auto/ConfigurationSwitch.xml
1 ms. Memory: 583680K Free: 333278K (57%)
----------------- Invoking toplevel() on ptolemy.moml.MoMLSimpleApplication@f69ff91
----------------- Done invoking toplevel() on ptolemy.moml.MoMLSimpleApplication@f69ff91
reloadAllAccessors: .ConfigurationSwitch

===========================================================================================
----------------- testing Fri Jul 12 17:14:02 UTC 2019 /home/travis/build/icyphy/ptII/ptolemy/actor/lib/test/auto/ConfigurationSwitch2.xml
----------------- Instantiating /home/travis/build/icyphy/ptII/ptolemy/actor/lib/test/auto/ConfigurationSwitch2.xml
4 ms. Memory: 583680K Free: 327648K (56%)
----------------- Invoking toplevel() on ptolemy.moml.MoMLSimpleApplication@17476435
----------------- Done invoking toplevel() on ptolemy.moml.MoMLSimpleApplication@17476435
reloadAllAccessors: .ConfigurationSwitch2

===========================================================================================
----------------- testing Fri Jul 12 17:14:02 UTC 2019 /home/travis/build/icyphy/ptII/ptolemy/actor/lib/test/auto/ConfigurationSwitchCloningBugWithClassRelationGroup.xml
----------------- Instantiating /home/travis/build/icyphy/ptII/ptolemy/actor/lib/test/auto/ConfigurationSwitchCloningBugWithClassRelationGroup.xml
2 ms. Memory: 583680K Free: 321504K (55%)
----------------- Invoking toplevel() on ptolemy.moml.MoMLSimpleApplication@489b38ed
----------------- Done invoking toplevel() on ptolemy.moml.MoMLSimpleApplication@489b38ed
reloadAllAccessors: .ConfigurationSwitchCloningBugWithClassRelationGroup

===========================================================================================
----------------- testing Fri Jul 12 17:14:02 UTC 2019 /home/travis/build/icyphy/ptII/ptolemy/actor/lib/test/auto/ConfigurationSwitchSelectSDF.xml
----------------- Instantiating /home/travis/build/icyphy/ptII/ptolemy/actor/lib/test/auto/ConfigurationSwitchSelectSDF.xml
3 ms. Memory: 583680K Free: 315870K (54%)
----------------- Invoking toplevel() on ptolemy.moml.MoMLSimpleApplication@3ac998ee
----------------- Done invoking toplevel() on ptolemy.moml.MoMLSimpleApplication@3ac998ee
reloadAllAccessors: .ConfigurationSwitchSelectSDF

===========================================================================================
----------------- testing Fri Jul 12 17:14:02 UTC 2019 /home/travis/build/icyphy/ptII/ptolemy/actor/lib/test/auto/ConfigurationSwitchSelectSDF2.xml
----------------- Instantiating /home/travis/build/icyphy/ptII/ptolemy/actor/lib/test/auto/ConfigurationSwitchSelectSDF2.xml
3 ms. Memory: 583680K Free: 310240K (53%)
----------------- Invoking toplevel() on ptolemy.moml.MoMLSimpleApplication@156adaf4
----------------- Done invoking toplevel() on ptolemy.moml.MoMLSimpleApplication@156adaf4
reloadAllAccessors: .ConfigurationSwitchSelectSDF2

===========================================================================================
----------------- testing Fri Jul 12 17:14:02 UTC 2019 /home/travis/build/icyphy/ptII/ptolemy/actor/lib/test/auto/Const.xml
----------------- Instantiating /home/travis/build/icyphy/ptII/ptolemy/actor/lib/test/auto/Const.xml
1 ms. Memory: 583680K Free: 307168K (53%)
----------------- Invoking toplevel() on ptolemy.moml.MoMLSimpleApplication@7b261d30
----------------- Done invoking toplevel() on ptolemy.moml.MoMLSimpleApplication@7b261d30
reloadAllAccessors: .Const

===========================================================================================
----------------- testing Fri Jul 12 17:14:02 UTC 2019 /home/travis/build/icyphy/ptII/ptolemy/actor/lib/test/auto/Const2.xml
----------------- Instantiating /home/travis/build/icyphy/ptII/ptolemy/actor/lib/test/auto/Const2.xml
2 ms. Memory: 583680K Free: 303072K (52%)
----------------- Invoking toplevel() on ptolemy.moml.MoMLSimpleApplication@12ff77ed
----------------- Done invoking toplevel() on ptolemy.moml.MoMLSimpleApplication@12ff77ed
reloadAllAccessors: .Const2

===========================================================================================
----------------- testing Fri Jul 12 17:14:02 UTC 2019 /home/travis/build/icyphy/ptII/ptolemy/actor/lib/test/auto/Const3.xml
----------------- Instantiating /home/travis/build/icyphy/ptII/ptolemy/actor/lib/test/auto/Const3.xml
1 ms. Memory: 583680K Free: 300000K (51%)
----------------- Invoking toplevel() on ptolemy.moml.MoMLSimpleApplication@45a2a221
----------------- Done invoking toplevel() on ptolemy.moml.MoMLSimpleApplication@45a2a221
reloadAllAccessors: .Const3

===========================================================================================
----------------- testing Fri Jul 12 17:14:02 UTC 2019 /home/travis/build/icyphy/ptII/ptolemy/actor/lib/test/auto/ConstantPublisherPort1.xml
----------------- Instantiating /home/travis/build/icyphy/ptII/ptolemy/actor/lib/test/auto/ConstantPublisherPort1.xml
11 ms. Memory: 583680K Free: 291808K (50%)
----------------- Invoking toplevel() on ptolemy.moml.MoMLSimpleApplication@714199b5
----------------- Done invoking toplevel() on ptolemy.moml.MoMLSimpleApplication@714199b5
reloadAllAccessors: .ConstantPublisherPort1

===========================================================================================
----------------- testing Fri Jul 12 17:14:02 UTC 2019 /home/travis/build/icyphy/ptII/ptolemy/actor/lib/test/auto/ConstantPublisherPort2.xml
----------------- Instantiating /home/travis/build/icyphy/ptII/ptolemy/actor/lib/test/auto/ConstantPublisherPort2.xml
12 ms. Memory: 583680K Free: 284126K (49%)
----------------- Invoking toplevel() on ptolemy.moml.MoMLSimpleApplication@2932c22f
----------------- Done invoking toplevel() on ptolemy.moml.MoMLSimpleApplication@2932c22f
reloadAllAccessors: .ConstantPublisherPort2

===========================================================================================
----------------- testing Fri Jul 12 17:14:02 UTC 2019 /home/travis/build/icyphy/ptII/ptolemy/actor/lib/test/auto/ConstantPublisherPort3.xml
----------------- Instantiating /home/travis/build/icyphy/ptII/ptolemy/actor/lib/test/auto/ConstantPublisherPort3.xml
6 ms. Memory: 583680K Free: 275934K (47%)
----------------- Invoking toplevel() on ptolemy.moml.MoMLSimpleApplication@362b3c98
----------------- Done invoking toplevel() on ptolemy.moml.MoMLSimpleApplication@362b3c98
reloadAllAccessors: .ConstantPublisherPort3

===========================================================================================
----------------- testing Fri Jul 12 17:14:02 UTC 2019 /home/travis/build/icyphy/ptII/ptolemy/actor/lib/test/auto/ConstantPublisherPort4.xml
----------------- Instantiating /home/travis/build/icyphy/ptII/ptolemy/actor/lib/test/auto/ConstantPublisherPort4.xml
3 ms. Memory: 583680K Free: 269280K (46%)
----------------- Invoking toplevel() on ptolemy.moml.MoMLSimpleApplication@5585b9b5
----------------- Done invoking toplevel() on ptolemy.moml.MoMLSimpleApplication@5585b9b5
reloadAllAccessors: .ConstantPublisherPort4

===========================================================================================
----------------- testing Fri Jul 12 17:14:02 UTC 2019 /home/travis/build/icyphy/ptII/ptolemy/actor/lib/test/auto/ConstantPublisherPort5.xml
----------------- Instantiating /home/travis/build/icyphy/ptII/ptolemy/actor/lib/test/auto/ConstantPublisherPort5.xml
28 ms. Memory: 583680K Free: 259550K (44%)
----------------- Invoking toplevel() on ptolemy.moml.MoMLSimpleApplication@50d43eb6
----------------- Done invoking toplevel() on ptolemy.moml.MoMLSimpleApplication@50d43eb6
reloadAllAccessors: .ConstantPublisherPort5

===========================================================================================
----------------- testing Fri Jul 12 17:14:02 UTC 2019 /home/travis/build/icyphy/ptII/ptolemy/actor/lib/test/auto/ConstantPublisherPort6.xml
----------------- Instantiating /home/travis/build/icyphy/ptII/ptolemy/actor/lib/test/auto/ConstantPublisherPort6.xml
17 ms. Memory: 583680K Free: 250334K (43%)
----------------- Invoking toplevel() on ptolemy.moml.MoMLSimpleApplication@2bac2bfb
----------------- Done invoking toplevel() on ptolemy.moml.MoMLSimpleApplication@2bac2bfb
reloadAllAccessors: .ConstantPublisherPort6

===========================================================================================
----------------- testing Fri Jul 12 17:14:02 UTC 2019 /home/travis/build/icyphy/ptII/ptolemy/actor/lib/test/auto/ConstantPublisherPort7.xml
----------------- Instantiating /home/travis/build/icyphy/ptII/ptolemy/actor/lib/test/auto/ConstantPublisherPort7.xml
14 ms. Memory: 583680K Free: 241632K (41%)
----------------- Invoking toplevel() on ptolemy.moml.MoMLSimpleApplication@759eddaf
----------------- Done invoking toplevel() on ptolemy.moml.MoMLSimpleApplication@759eddaf
reloadAllAccessors: .ConstantPublisherPort7

===========================================================================================
----------------- testing Fri Jul 12 17:14:02 UTC 2019 /home/travis/build/icyphy/ptII/ptolemy/actor/lib/test/auto/ConstraintMonitor1.xml
----------------- Instantiating /home/travis/build/icyphy/ptII/ptolemy/actor/lib/test/auto/ConstraintMonitor1.xml
7 ms. Memory: 583680K Free: 236510K (41%)
----------------- Invoking toplevel() on ptolemy.moml.MoMLSimpleApplication@74271b05
----------------- Done invoking toplevel() on ptolemy.moml.MoMLSimpleApplication@74271b05
reloadAllAccessors: .ConstraintMonitor1

===========================================================================================
----------------- testing Fri Jul 12 17:14:02 UTC 2019 /home/travis/build/icyphy/ptII/ptolemy/actor/lib/test/auto/ConstraintMonitor2.xml
----------------- Instantiating /home/travis/build/icyphy/ptII/ptolemy/actor/lib/test/auto/ConstraintMonitor2.xml
1 ms. Memory: 583680K Free: 232416K (40%)
----------------- Invoking toplevel() on ptolemy.moml.MoMLSimpleApplication@24794eda
----------------- Done invoking toplevel() on ptolemy.moml.MoMLSimpleApplication@24794eda
reloadAllAccessors: .ConstraintMonitor2

===========================================================================================
----------------- testing Fri Jul 12 17:14:02 UTC 2019 /home/travis/build/icyphy/ptII/ptolemy/actor/lib/test/auto/ConstraintMonitor3.xml
----------------- Instantiating /home/travis/build/icyphy/ptII/ptolemy/actor/lib/test/auto/ConstraintMonitor3.xml
6 ms. Memory: 583680K Free: 227296K (39%)
----------------- Invoking toplevel() on ptolemy.moml.MoMLSimpleApplication@c8b2b4a
----------------- Done invoking toplevel() on ptolemy.moml.MoMLSimpleApplication@c8b2b4a
reloadAllAccessors: .ConstraintMonitor3

===========================================================================================
----------------- testing Fri Jul 12 17:14:02 UTC 2019 /home/travis/build/icyphy/ptII/ptolemy/actor/lib/test/auto/ConstraintMonitor4.xml
----------------- Instantiating /home/travis/build/icyphy/ptII/ptolemy/actor/lib/test/auto/ConstraintMonitor4.xml
5 ms. Memory: 583680K Free: 222176K (38%)
----------------- Invoking toplevel() on ptolemy.moml.MoMLSimpleApplication@55853e2f
----------------- Done invoking toplevel() on ptolemy.moml.MoMLSimpleApplication@55853e2f
reloadAllAccessors: .ConstraintMonitor4

===========================================================================================
----------------- testing Fri Jul 12 17:14:02 UTC 2019 /home/travis/build/icyphy/ptII/ptolemy/actor/lib/test/auto/ConstraintMonitor5.xml
----------------- Instantiating /home/travis/build/icyphy/ptII/ptolemy/actor/lib/test/auto/ConstraintMonitor5.xml
1 ms. Memory: 583680K Free: 217056K (37%)
----------------- Invoking toplevel() on ptolemy.moml.MoMLSimpleApplication@88144b7
----------------- Done invoking toplevel() on ptolemy.moml.MoMLSimpleApplication@88144b7
reloadAllAccessors: .ConstraintMonitor5

===========================================================================================
----------------- testing Fri Jul 12 17:14:02 UTC 2019 /home/travis/build/icyphy/ptII/ptolemy/actor/lib/test/auto/ConstraintMonitor6.xml
----------------- Instantiating /home/travis/build/icyphy/ptII/ptolemy/actor/lib/test/auto/ConstraintMonitor6.xml
3 ms. Memory: 583680K Free: 210912K (36%)
----------------- Invoking toplevel() on ptolemy.moml.MoMLSimpleApplication@4cc63cc4
----------------- Done invoking toplevel() on ptolemy.moml.MoMLSimpleApplication@4cc63cc4
reloadAllAccessors: .ConstraintMonitor6

===========================================================================================
----------------- testing Fri Jul 12 17:14:02 UTC 2019 /home/travis/build/icyphy/ptII/ptolemy/actor/lib/test/auto/ConstraintMonitor7.xml
----------------- Instantiating /home/travis/build/icyphy/ptII/ptolemy/actor/lib/test/auto/ConstraintMonitor7.xml
2 ms. Memory: 583680K Free: 204768K (35%)
----------------- Invoking toplevel() on ptolemy.moml.MoMLSimpleApplication@55597a6d
----------------- Done invoking toplevel() on ptolemy.moml.MoMLSimpleApplication@55597a6d
reloadAllAccessors: .ConstraintMonitor7

===========================================================================================
----------------- testing Fri Jul 12 17:14:02 UTC 2019 /home/travis/build/icyphy/ptII/ptolemy/actor/lib/test/auto/ConstraintMonitor8.xml
----------------- Instantiating /home/travis/build/icyphy/ptII/ptolemy/actor/lib/test/auto/ConstraintMonitor8.xml
3 ms. Memory: 583680K Free: 197080K (34%)
----------------- Invoking toplevel() on ptolemy.moml.MoMLSimpleApplication@67d794c9
----------------- Done invoking toplevel() on ptolemy.moml.MoMLSimpleApplication@67d794c9
reloadAllAccessors: .ConstraintMonitor8

===========================================================================================
----------------- testing Fri Jul 12 17:14:02 UTC 2019 /home/travis/build/icyphy/ptII/ptolemy/actor/lib/test/auto/Counter.xml
----------------- Instantiating /home/travis/build/icyphy/ptII/ptolemy/actor/lib/test/auto/Counter.xml
2 ms. Memory: 583680K Free: 191966K (33%)
----------------- Invoking toplevel() on ptolemy.moml.MoMLSimpleApplication@6db017af
----------------- Done invoking toplevel() on ptolemy.moml.MoMLSimpleApplication@6db017af
reloadAllAccessors: .Counter

===========================================================================================
----------------- testing Fri Jul 12 17:14:02 UTC 2019 /home/travis/build/icyphy/ptII/ptolemy/actor/lib/test/auto/CurrentTimeSDF.xml
----------------- Instantiating /home/travis/build/icyphy/ptII/ptolemy/actor/lib/test/auto/CurrentTimeSDF.xml
1 ms. Memory: 583680K Free: 188384K (32%)
----------------- Invoking toplevel() on ptolemy.moml.MoMLSimpleApplication@6dc8b5ff
----------------- Done invoking toplevel() on ptolemy.moml.MoMLSimpleApplication@6dc8b5ff
reloadAllAccessors: .CurrentTimeSDF

===========================================================================================
----------------- testing Fri Jul 12 17:14:02 UTC 2019 /home/travis/build/icyphy/ptII/ptolemy/actor/lib/test/auto/DB.xml
----------------- Instantiating /home/travis/build/icyphy/ptII/ptolemy/actor/lib/test/auto/DB.xml
1 ms. Memory: 583680K Free: 531583K (91%)
----------------- Invoking toplevel() on ptolemy.moml.MoMLSimpleApplication@3d25b01d
----------------- Done invoking toplevel() on ptolemy.moml.MoMLSimpleApplication@3d25b01d
reloadAllAccessors: .DB

===========================================================================================
----------------- testing Fri Jul 12 17:14:02 UTC 2019 /home/travis/build/icyphy/ptII/ptolemy/actor/lib/test/auto/DBDE.xml
----------------- Instantiating /home/travis/build/icyphy/ptII/ptolemy/actor/lib/test/auto/DBDE.xml
2 ms. Memory: 583680K Free: 525439K (90%)
----------------- Invoking toplevel() on ptolemy.moml.MoMLSimpleApplication@366889ea
----------------- Done invoking toplevel() on ptolemy.moml.MoMLSimpleApplication@366889ea
reloadAllAccessors: .DBDE

===========================================================================================
----------------- testing Fri Jul 12 17:14:02 UTC 2019 /home/travis/build/icyphy/ptII/ptolemy/actor/lib/test/auto/DateConstructor.xml
----------------- Instantiating /home/travis/build/icyphy/ptII/ptolemy/actor/lib/test/auto/DateConstructor.xml
30 ms. Memory: 583680K Free: 508541K (87%)
----------------- Invoking toplevel() on ptolemy.moml.MoMLSimpleApplication@6057ca56
----------------- Done invoking toplevel() on ptolemy.moml.MoMLSimpleApplication@6057ca56
reloadAllAccessors: .DateConstructor

===========================================================================================
----------------- testing Fri Jul 12 17:14:03 UTC 2019 /home/travis/build/icyphy/ptII/ptolemy/actor/lib/test/auto/DelayTime.xml
----------------- Instantiating /home/travis/build/icyphy/ptII/ptolemy/actor/lib/test/auto/DelayTime.xml
6 ms. Memory: 583680K Free: 503421K (86%)
----------------- Invoking toplevel() on ptolemy.moml.MoMLSimpleApplication@19dc1541
----------------- Done invoking toplevel() on ptolemy.moml.MoMLSimpleApplication@19dc1541
reloadAllAccessors: .DelayTime

===========================================================================================
----------------- testing Fri Jul 12 17:14:03 UTC 2019 /home/travis/build/icyphy/ptII/ptolemy/actor/lib/test/auto/Dictionary1.xml
----------------- Instantiating /home/travis/build/icyphy/ptII/ptolemy/actor/lib/test/auto/Dictionary1.xml
1 ms. Memory: 583680K Free: 497791K (85%)
----------------- Invoking toplevel() on ptolemy.moml.MoMLSimpleApplication@467f4921
----------------- Done invoking toplevel() on ptolemy.moml.MoMLSimpleApplication@467f4921
reloadAllAccessors: .Dictionary1

===========================================================================================
----------------- testing Fri Jul 12 17:14:03 UTC 2019 /home/travis/build/icyphy/ptII/ptolemy/actor/lib/test/auto/Dictionary2.xml
----------------- Instantiating /home/travis/build/icyphy/ptII/ptolemy/actor/lib/test/auto/Dictionary2.xml
4 ms. Memory: 583680K Free: 492671K (84%)
----------------- Invoking toplevel() on ptolemy.moml.MoMLSimpleApplication@291c80af
----------------- Done invoking toplevel() on ptolemy.moml.MoMLSimpleApplication@291c80af
reloadAllAccessors: .Dictionary2

===========================================================================================
----------------- testing Fri Jul 12 17:14:03 UTC 2019 /home/travis/build/icyphy/ptII/ptolemy/actor/lib/test/auto/Dictionary3.xml
----------------- Instantiating /home/travis/build/icyphy/ptII/ptolemy/actor/lib/test/auto/Dictionary3.xml
1 ms. Memory: 583680K Free: 487037K (83%)
----------------- Invoking toplevel() on ptolemy.moml.MoMLSimpleApplication@a5b976c
----------------- Done invoking toplevel() on ptolemy.moml.MoMLSimpleApplication@a5b976c
reloadAllAccessors: .Dictionary3

===========================================================================================
----------------- testing Fri Jul 12 17:14:03 UTC 2019 /home/travis/build/icyphy/ptII/ptolemy/actor/lib/test/auto/Dictionary4.xml
----------------- Instantiating /home/travis/build/icyphy/ptII/ptolemy/actor/lib/test/auto/Dictionary4.xml
3 ms. Memory: 583680K Free: 479863K (82%)
----------------- Invoking toplevel() on ptolemy.moml.MoMLSimpleApplication@2421df37
----------------- Done invoking toplevel() on ptolemy.moml.MoMLSimpleApplication@2421df37
reloadAllAccessors: .Dictionary4

===========================================================================================
----------------- testing Fri Jul 12 17:14:03 UTC 2019 /home/travis/build/icyphy/ptII/ptolemy/actor/lib/test/auto/Differential.xml
----------------- Instantiating /home/travis/build/icyphy/ptII/ptolemy/actor/lib/test/auto/Differential.xml
3 ms. Memory: 583680K Free: 475263K (81%)
----------------- Invoking toplevel() on ptolemy.moml.MoMLSimpleApplication@416b64f3
----------------- Done invoking toplevel() on ptolemy.moml.MoMLSimpleApplication@416b64f3
reloadAllAccessors: .Differential

===========================================================================================
----------------- testing Fri Jul 12 17:14:03 UTC 2019 /home/travis/build/icyphy/ptII/ptolemy/actor/lib/test/auto/Director.xml
----------------- Instantiating /home/travis/build/icyphy/ptII/ptolemy/actor/lib/test/auto/Director.xml
1 ms. Memory: 583680K Free: 472191K (81%)
----------------- Invoking toplevel() on ptolemy.moml.MoMLSimpleApplication@1feb156
----------------- Done invoking toplevel() on ptolemy.moml.MoMLSimpleApplication@1feb156
reloadAllAccessors: .Director

===========================================================================================
----------------- testing Fri Jul 12 17:14:03 UTC 2019 /home/travis/build/icyphy/ptII/ptolemy/actor/lib/test/auto/DiscreteClock.xml
----------------- Instantiating /home/travis/build/icyphy/ptII/ptolemy/actor/lib/test/auto/DiscreteClock.xml
1 ms. Memory: 583680K Free: 468095K (80%)
----------------- Invoking toplevel() on ptolemy.moml.MoMLSimpleApplication@44b8123d
----------------- Done invoking toplevel() on ptolemy.moml.MoMLSimpleApplication@44b8123d
reloadAllAccessors: .DiscreteClock

===========================================================================================
----------------- testing Fri Jul 12 17:14:03 UTC 2019 /home/travis/build/icyphy/ptII/ptolemy/actor/lib/test/auto/DiscreteClock10.xml
----------------- Instantiating /home/travis/build/icyphy/ptII/ptolemy/actor/lib/test/auto/DiscreteClock10.xml
6 ms. Memory: 583680K Free: 461951K (79%)
----------------- Invoking toplevel() on ptolemy.moml.MoMLSimpleApplication@63c52736
----------------- Done invoking toplevel() on ptolemy.moml.MoMLSimpleApplication@63c52736
reloadAllAccessors: .DiscreteClock10

===========================================================================================
----------------- testing Fri Jul 12 17:14:03 UTC 2019 /home/travis/build/icyphy/ptII/ptolemy/actor/lib/test/auto/DiscreteClock11.xml
----------------- Instantiating /home/travis/build/icyphy/ptII/ptolemy/actor/lib/test/auto/DiscreteClock11.xml
2 ms. Memory: 583680K Free: 456317K (78%)
----------------- Invoking toplevel() on ptolemy.moml.MoMLSimpleApplication@1a4aba4b
----------------- Done invoking toplevel() on ptolemy.moml.MoMLSimpleApplication@1a4aba4b
reloadAllAccessors: .DiscreteClock11

===========================================================================================
----------------- testing Fri Jul 12 17:14:03 UTC 2019 /home/travis/build/icyphy/ptII/ptolemy/actor/lib/test/auto/DiscreteClock12.xml
----------------- Instantiating /home/travis/build/icyphy/ptII/ptolemy/actor/lib/test/auto/DiscreteClock12.xml
3 ms. Memory: 583680K Free: 450173K (77%)
----------------- Invoking toplevel() on ptolemy.moml.MoMLSimpleApplication@62760c61
----------------- Done invoking toplevel() on ptolemy.moml.MoMLSimpleApplication@62760c61
reloadAllAccessors: .DiscreteClock12

===========================================================================================
----------------- testing Fri Jul 12 17:14:03 UTC 2019 /home/travis/build/icyphy/ptII/ptolemy/actor/lib/test/auto/DiscreteClock13.xml
----------------- Instantiating /home/travis/build/icyphy/ptII/ptolemy/actor/lib/test/auto/DiscreteClock13.xml
5 ms. Memory: 583680K Free: 443999K (76%)
----------------- Invoking toplevel() on ptolemy.moml.MoMLSimpleApplication@e04d05c
----------------- Done invoking toplevel() on ptolemy.moml.MoMLSimpleApplication@e04d05c
reloadAllAccessors: .DiscreteClock13

===========================================================================================
----------------- testing Fri Jul 12 17:14:03 UTC 2019 /home/travis/build/icyphy/ptII/ptolemy/actor/lib/test/auto/DiscreteClock14.xml
----------------- Instantiating /home/travis/build/icyphy/ptII/ptolemy/actor/lib/test/auto/DiscreteClock14.xml
6 ms. Memory: 583680K Free: 437855K (75%)
----------------- Invoking toplevel() on ptolemy.moml.MoMLSimpleApplication@968d7df
----------------- Done invoking toplevel() on ptolemy.moml.MoMLSimpleApplication@968d7df
reloadAllAccessors: .DiscreteClock14

===========================================================================================
----------------- testing Fri Jul 12 17:14:03 UTC 2019 /home/travis/build/icyphy/ptII/ptolemy/actor/lib/test/auto/DiscreteClock15.xml
----------------- Instantiating /home/travis/build/icyphy/ptII/ptolemy/actor/lib/test/auto/DiscreteClock15.xml
5 ms. Memory: 583680K Free: 431711K (74%)
----------------- Invoking toplevel() on ptolemy.moml.MoMLSimpleApplication@59dcc581
----------------- Done invoking toplevel() on ptolemy.moml.MoMLSimpleApplication@59dcc581
reloadAllAccessors: .DiscreteClock15

===========================================================================================
----------------- testing Fri Jul 12 17:14:03 UTC 2019 /home/travis/build/icyphy/ptII/ptolemy/actor/lib/test/auto/DiscreteClock16.xml
----------------- Instantiating /home/travis/build/icyphy/ptII/ptolemy/actor/lib/test/auto/DiscreteClock16.xml
18 ms. Memory: 583680K Free: 418415K (72%)
----------------- Invoking toplevel() on ptolemy.moml.MoMLSimpleApplication@5230921d
----------------- Done invoking toplevel() on ptolemy.moml.MoMLSimpleApplication@5230921d
reloadAllAccessors: .DiscreteClock16

===========================================================================================
----------------- testing Fri Jul 12 17:14:03 UTC 2019 /home/travis/build/icyphy/ptII/ptolemy/actor/lib/test/auto/DiscreteClock17.xml
----------------- Instantiating /home/travis/build/icyphy/ptII/ptolemy/actor/lib/test/auto/DiscreteClock17.xml
15 ms. Memory: 583680K Free: 404079K (69%)
----------------- Invoking toplevel() on ptolemy.moml.MoMLSimpleApplication@2357e971
----------------- Done invoking toplevel() on ptolemy.moml.MoMLSimpleApplication@2357e971
reloadAllAccessors: .DiscreteClock17

===========================================================================================
----------------- testing Fri Jul 12 17:14:03 UTC 2019 /home/travis/build/icyphy/ptII/ptolemy/actor/lib/test/auto/DiscreteClock18.xml
----------------- Instantiating /home/travis/build/icyphy/ptII/ptolemy/actor/lib/test/auto/DiscreteClock18.xml
25 ms. Memory: 583680K Free: 390775K (67%)
----------------- Invoking toplevel() on ptolemy.moml.MoMLSimpleApplication@33ac3454
----------------- Done invoking toplevel() on ptolemy.moml.MoMLSimpleApplication@33ac3454
reloadAllAccessors: .DiscreteClock18

===========================================================================================
----------------- testing Fri Jul 12 17:14:03 UTC 2019 /home/travis/build/icyphy/ptII/ptolemy/actor/lib/test/auto/DiscreteClock19.xml
----------------- Instantiating /home/travis/build/icyphy/ptII/ptolemy/actor/lib/test/auto/DiscreteClock19.xml
18 ms. Memory: 583680K Free: 376427K (64%)
----------------- Invoking toplevel() on ptolemy.moml.MoMLSimpleApplication@7847635b
----------------- Done invoking toplevel() on ptolemy.moml.MoMLSimpleApplication@7847635b
reloadAllAccessors: .DiscreteClock19

===========================================================================================
----------------- testing Fri Jul 12 17:14:03 UTC 2019 /home/travis/build/icyphy/ptII/ptolemy/actor/lib/test/auto/DiscreteClock2.xml
----------------- Instantiating /home/travis/build/icyphy/ptII/ptolemy/actor/lib/test/auto/DiscreteClock2.xml
4 ms. Memory: 583680K Free: 371839K (64%)
----------------- Invoking toplevel() on ptolemy.moml.MoMLSimpleApplication@2bdd78cb
----------------- Done invoking toplevel() on ptolemy.moml.MoMLSimpleApplication@2bdd78cb
reloadAllAccessors: .DiscreteClock2

===========================================================================================
----------------- testing Fri Jul 12 17:14:03 UTC 2019 /home/travis/build/icyphy/ptII/ptolemy/actor/lib/test/auto/DiscreteClock20.xml
----------------- Instantiating /home/travis/build/icyphy/ptII/ptolemy/actor/lib/test/auto/DiscreteClock20.xml
7 ms. Memory: 583680K Free: 366205K (63%)
----------------- Invoking toplevel() on ptolemy.moml.MoMLSimpleApplication@53e45cc3
----------------- Done invoking toplevel() on ptolemy.moml.MoMLSimpleApplication@53e45cc3
reloadAllAccessors: .DiscreteClock20

===========================================================================================
----------------- testing Fri Jul 12 17:14:03 UTC 2019 /home/travis/build/icyphy/ptII/ptolemy/actor/lib/test/auto/DiscreteClock21.xml
----------------- Instantiating /home/travis/build/icyphy/ptII/ptolemy/actor/lib/test/auto/DiscreteClock21.xml
6 ms. Memory: 583680K Free: 360575K (62%)
----------------- Invoking toplevel() on ptolemy.moml.MoMLSimpleApplication@b95433b
----------------- Done invoking toplevel() on ptolemy.moml.MoMLSimpleApplication@b95433b
reloadAllAccessors: .DiscreteClock21

===========================================================================================
----------------- testing Fri Jul 12 17:14:03 UTC 2019 /home/travis/build/icyphy/ptII/ptolemy/actor/lib/test/auto/DiscreteClock22.xml
----------------- Instantiating /home/travis/build/icyphy/ptII/ptolemy/actor/lib/test/auto/DiscreteClock22.xml
6 ms. Memory: 583680K Free: 354941K (61%)
----------------- Invoking toplevel() on ptolemy.moml.MoMLSimpleApplication@46d37452
----------------- Done invoking toplevel() on ptolemy.moml.MoMLSimpleApplication@46d37452
reloadAllAccessors: .DiscreteClock22

===========================================================================================
----------------- testing Fri Jul 12 17:14:03 UTC 2019 /home/travis/build/icyphy/ptII/ptolemy/actor/lib/test/auto/DiscreteClock23.xml
----------------- Instantiating /home/travis/build/icyphy/ptII/ptolemy/actor/lib/test/auto/DiscreteClock23.xml
10 ms. Memory: 583680K Free: 349311K (60%)
----------------- Invoking toplevel() on ptolemy.moml.MoMLSimpleApplication@129d669
----------------- Done invoking toplevel() on ptolemy.moml.MoMLSimpleApplication@129d669
reloadAllAccessors: .DiscreteClock23

===========================================================================================
----------------- testing Fri Jul 12 17:14:03 UTC 2019 /home/travis/build/icyphy/ptII/ptolemy/actor/lib/test/auto/DiscreteClock24.xml
----------------- Instantiating /home/travis/build/icyphy/ptII/ptolemy/actor/lib/test/auto/DiscreteClock24.xml
5 ms. Memory: 583680K Free: 343677K (59%)
----------------- Invoking toplevel() on ptolemy.moml.MoMLSimpleApplication@49a08349
----------------- Done invoking toplevel() on ptolemy.moml.MoMLSimpleApplication@49a08349
reloadAllAccessors: .DiscreteClock24

===========================================================================================
----------------- testing Fri Jul 12 17:14:03 UTC 2019 /home/travis/build/icyphy/ptII/ptolemy/actor/lib/test/auto/DiscreteClock4.xml
----------------- Instantiating /home/travis/build/icyphy/ptII/ptolemy/actor/lib/test/auto/DiscreteClock4.xml
3 ms. Memory: 583680K Free: 338047K (58%)
----------------- Invoking toplevel() on ptolemy.moml.MoMLSimpleApplication@74aa3090
----------------- Done invoking toplevel() on ptolemy.moml.MoMLSimpleApplication@74aa3090
reloadAllAccessors: .DiscreteClock4

===========================================================================================
----------------- testing Fri Jul 12 17:14:03 UTC 2019 /home/travis/build/icyphy/ptII/ptolemy/actor/lib/test/auto/DiscreteClock5.xml
----------------- Instantiating /home/travis/build/icyphy/ptII/ptolemy/actor/lib/test/auto/DiscreteClock5.xml
2 ms. Memory: 583680K Free: 332927K (57%)
----------------- Invoking toplevel() on ptolemy.moml.MoMLSimpleApplication@534f391d
----------------- Done invoking toplevel() on ptolemy.moml.MoMLSimpleApplication@534f391d
reloadAllAccessors: .DiscreteClock5

===========================================================================================
----------------- testing Fri Jul 12 17:14:03 UTC 2019 /home/travis/build/icyphy/ptII/ptolemy/actor/lib/test/auto/DiscreteClock6.xml
----------------- Instantiating /home/travis/build/icyphy/ptII/ptolemy/actor/lib/test/auto/DiscreteClock6.xml
2 ms. Memory: 583680K Free: 328317K (56%)
----------------- Invoking toplevel() on ptolemy.moml.MoMLSimpleApplication@7a2f99c1
----------------- Done invoking toplevel() on ptolemy.moml.MoMLSimpleApplication@7a2f99c1
reloadAllAccessors: .DiscreteClock6

===========================================================================================
----------------- testing Fri Jul 12 17:14:03 UTC 2019 /home/travis/build/icyphy/ptII/ptolemy/actor/lib/test/auto/DiscreteClock7.xml
----------------- Instantiating /home/travis/build/icyphy/ptII/ptolemy/actor/lib/test/auto/DiscreteClock7.xml
1 ms. Memory: 583680K Free: 323197K (55%)
----------------- Invoking toplevel() on ptolemy.moml.MoMLSimpleApplication@4c0b2f92
----------------- Done invoking toplevel() on ptolemy.moml.MoMLSimpleApplication@4c0b2f92
reloadAllAccessors: .DiscreteClock7

===========================================================================================
----------------- testing Fri Jul 12 17:14:03 UTC 2019 /home/travis/build/icyphy/ptII/ptolemy/actor/lib/test/auto/DiscreteClock8.xml
----------------- Instantiating /home/travis/build/icyphy/ptII/ptolemy/actor/lib/test/auto/DiscreteClock8.xml
8 ms. Memory: 583680K Free: 317567K (54%)
----------------- Invoking toplevel() on ptolemy.moml.MoMLSimpleApplication@1eff6fe1
----------------- Done invoking toplevel() on ptolemy.moml.MoMLSimpleApplication@1eff6fe1
reloadAllAccessors: .DiscreteClock8

===========================================================================================
----------------- testing Fri Jul 12 17:14:03 UTC 2019 /home/travis/build/icyphy/ptII/ptolemy/actor/lib/test/auto/DiscreteClock9.xml
----------------- Instantiating /home/travis/build/icyphy/ptII/ptolemy/actor/lib/test/auto/DiscreteClock9.xml
4 ms. Memory: 583680K Free: 311903K (53%)
----------------- Invoking toplevel() on ptolemy.moml.MoMLSimpleApplication@22d36348
----------------- Done invoking toplevel() on ptolemy.moml.MoMLSimpleApplication@22d36348
reloadAllAccessors: .DiscreteClock9

===========================================================================================
----------------- testing Fri Jul 12 17:14:03 UTC 2019 /home/travis/build/icyphy/ptII/ptolemy/actor/lib/test/auto/DisplayArray.xml
----------------- Instantiating /home/travis/build/icyphy/ptII/ptolemy/actor/lib/test/auto/DisplayArray.xml
1 ms. Memory: 583680K Free: 308351K (53%)
----------------- Invoking toplevel() on ptolemy.moml.MoMLSimpleApplication@407d3efe
----------------- Done invoking toplevel() on ptolemy.moml.MoMLSimpleApplication@407d3efe
reloadAllAccessors: .DisplayArray

===========================================================================================
----------------- testing Fri Jul 12 17:14:03 UTC 2019 /home/travis/build/icyphy/ptII/ptolemy/actor/lib/test/auto/Distributor.xml
----------------- Instantiating /home/travis/build/icyphy/ptII/ptolemy/actor/lib/test/auto/Distributor.xml
1 ms. Memory: 583680K Free: 303231K (52%)
----------------- Invoking toplevel() on ptolemy.moml.MoMLSimpleApplication@cfa47e7
----------------- Done invoking toplevel() on ptolemy.moml.MoMLSimpleApplication@cfa47e7
reloadAllAccessors: .Distributor

===========================================================================================
----------------- testing Fri Jul 12 17:14:03 UTC 2019 /home/travis/build/icyphy/ptII/ptolemy/actor/lib/test/auto/Distributor2.xml
----------------- Instantiating /home/travis/build/icyphy/ptII/ptolemy/actor/lib/test/auto/Distributor2.xml
2 ms. Memory: 583680K Free: 298111K (51%)
----------------- Invoking toplevel() on ptolemy.moml.MoMLSimpleApplication@3ecafe83
----------------- Done invoking toplevel() on ptolemy.moml.MoMLSimpleApplication@3ecafe83
reloadAllAccessors: .Distributor2

===========================================================================================
----------------- testing Fri Jul 12 17:14:03 UTC 2019 /home/travis/build/icyphy/ptII/ptolemy/actor/lib/test/auto/DownSample.xml
----------------- Instantiating /home/travis/build/icyphy/ptII/ptolemy/actor/lib/test/auto/DownSample.xml
2 ms. Memory: 583680K Free: 293501K (50%)
----------------- Invoking toplevel() on ptolemy.moml.MoMLSimpleApplication@40d9e20c
----------------- Done invoking toplevel() on ptolemy.moml.MoMLSimpleApplication@40d9e20c
reloadAllAccessors: .DownSample

===========================================================================================
----------------- testing Fri Jul 12 17:14:03 UTC 2019 /home/travis/build/icyphy/ptII/ptolemy/actor/lib/test/auto/ElectronicUnitBase1.xml
----------------- Instantiating /home/travis/build/icyphy/ptII/ptolemy/actor/lib/test/auto/ElectronicUnitBase1.xml
17 ms. Memory: 583680K Free: 278141K (48%)
----------------- Invoking toplevel() on ptolemy.moml.MoMLSimpleApplication@5c6f5a11
----------------- Done invoking toplevel() on ptolemy.moml.MoMLSimpleApplication@5c6f5a11
reloadAllAccessors: .ElectronicUnitBase1

===========================================================================================
----------------- testing Fri Jul 12 17:14:03 UTC 2019 /home/travis/build/icyphy/ptII/ptolemy/actor/lib/test/auto/ElementsToArray.xml
----------------- Instantiating /home/travis/build/icyphy/ptII/ptolemy/actor/lib/test/auto/ElementsToArray.xml
2 ms. Memory: 583680K Free: 273021K (47%)
----------------- Invoking toplevel() on ptolemy.moml.MoMLSimpleApplication@100fa5f4
----------------- Done invoking toplevel() on ptolemy.moml.MoMLSimpleApplication@100fa5f4
reloadAllAccessors: .ElementsToArray

===========================================================================================
----------------- testing Fri Jul 12 17:14:03 UTC 2019 /home/travis/build/icyphy/ptII/ptolemy/actor/lib/test/auto/Equals.xml
----------------- Instantiating /home/travis/build/icyphy/ptII/ptolemy/actor/lib/test/auto/Equals.xml
3 ms. Memory: 583680K Free: 268415K (46%)
----------------- Invoking toplevel() on ptolemy.moml.MoMLSimpleApplication@40d93800
----------------- Done invoking toplevel() on ptolemy.moml.MoMLSimpleApplication@40d93800
reloadAllAccessors: .Equals

===========================================================================================
----------------- testing Fri Jul 12 17:14:03 UTC 2019 /home/travis/build/icyphy/ptII/ptolemy/actor/lib/test/auto/Exec.xml
----------------- Instantiating /home/travis/build/icyphy/ptII/ptolemy/actor/lib/test/auto/Exec.xml
19 ms. Memory: 583680K Free: 262781K (45%)
----------------- Invoking toplevel() on ptolemy.moml.MoMLSimpleApplication@7aaec236
----------------- Done invoking toplevel() on ptolemy.moml.MoMLSimpleApplication@7aaec236
reloadAllAccessors: .Exec

===========================================================================================
----------------- testing Fri Jul 12 17:14:03 UTC 2019 /home/travis/build/icyphy/ptII/ptolemy/actor/lib/test/auto/ExecEnvironment.xml
----------------- Instantiating /home/travis/build/icyphy/ptII/ptolemy/actor/lib/test/auto/ExecEnvironment.xml
23 ms. Memory: 583680K Free: 257647K (44%)
----------------- Invoking toplevel() on ptolemy.moml.MoMLSimpleApplication@78163baa
----------------- Done invoking toplevel() on ptolemy.moml.MoMLSimpleApplication@78163baa
reloadAllAccessors: .ExecEnvironment

===========================================================================================
----------------- testing Fri Jul 12 17:14:04 UTC 2019 /home/travis/build/icyphy/ptII/ptolemy/actor/lib/test/auto/ExecNonZeroReturnOutput.xml
----------------- Instantiating /home/travis/build/icyphy/ptII/ptolemy/actor/lib/test/auto/ExecNonZeroReturnOutput.xml
198 ms. Memory: 583680K Free: 246911K (42%)
----------------- Invoking toplevel() on ptolemy.moml.MoMLSimpleApplication@5040b03e
----------------- Done invoking toplevel() on ptolemy.moml.MoMLSimpleApplication@5040b03e
reloadAllAccessors: .ExecNonZeroReturnOutput

===========================================================================================
----------------- testing Fri Jul 12 17:14:04 UTC 2019 /home/travis/build/icyphy/ptII/ptolemy/actor/lib/test/auto/ExecRunDemos.xml
----------------- Instantiating /home/travis/build/icyphy/ptII/ptolemy/actor/lib/test/auto/ExecRunDemos.xml
10621 ms. Memory: 583680K Free: 227455K (39%)

===========================================================================================
----------------- testing Fri Jul 12 17:14:14 UTC 2019 /home/travis/build/icyphy/ptII/ptolemy/actor/lib/test/auto/ExecStop.xml
----------------- Instantiating /home/travis/build/icyphy/ptII/ptolemy/actor/lib/test/auto/ExecStop.xml
5024 ms. Memory: 583680K Free: 448319K (77%)
----------------- Invoking toplevel() on ptolemy.moml.MoMLSimpleApplication@605289df
----------------- Done invoking toplevel() on ptolemy.moml.MoMLSimpleApplication@605289df
reloadAllAccessors: .ExecStop

===========================================================================================
----------------- testing Fri Jul 12 17:14:19 UTC 2019 /home/travis/build/icyphy/ptII/ptolemy/actor/lib/test/auto/ExecutionTimeSDF.xml
----------------- Instantiating /home/travis/build/icyphy/ptII/ptolemy/actor/lib/test/auto/ExecutionTimeSDF.xml
Fired ExecutionTime: 2072000000
Fired ExecutionTime: 1070400000
Fired ExecutionTime: -1099767296
6007 ms. Memory: 583680K Free: 435264K (75%)

===========================================================================================
----------------- testing Fri Jul 12 17:14:26 UTC 2019 /home/travis/build/icyphy/ptII/ptolemy/actor/lib/test/auto/Expression1.xml
----------------- Instantiating /home/travis/build/icyphy/ptII/ptolemy/actor/lib/test/auto/Expression1.xml
2 ms. Memory: 583680K Free: 431168K (74%)
----------------- Invoking toplevel() on ptolemy.moml.MoMLSimpleApplication@376c8bfe
----------------- Done invoking toplevel() on ptolemy.moml.MoMLSimpleApplication@376c8bfe
reloadAllAccessors: .Expression1

===========================================================================================
----------------- testing Fri Jul 12 17:14:26 UTC 2019 /home/travis/build/icyphy/ptII/ptolemy/actor/lib/test/auto/Expression10.xml
----------------- Instantiating /home/travis/build/icyphy/ptII/ptolemy/actor/lib/test/auto/Expression10.xml
6 ms. Memory: 583680K Free: 425534K (73%)
----------------- Invoking toplevel() on ptolemy.moml.MoMLSimpleApplication@7bb85515
----------------- Done invoking toplevel() on ptolemy.moml.MoMLSimpleApplication@7bb85515
reloadAllAccessors: .Expression10

===========================================================================================
----------------- testing Fri Jul 12 17:14:26 UTC 2019 /home/travis/build/icyphy/ptII/ptolemy/actor/lib/test/auto/Expression11.xml
----------------- Instantiating /home/travis/build/icyphy/ptII/ptolemy/actor/lib/test/auto/Expression11.xml
2 ms. Memory: 583680K Free: 420414K (72%)
----------------- Invoking toplevel() on ptolemy.moml.MoMLSimpleApplication@2973c512
----------------- Done invoking toplevel() on ptolemy.moml.MoMLSimpleApplication@2973c512
reloadAllAccessors: .Expression11

===========================================================================================
----------------- testing Fri Jul 12 17:14:26 UTC 2019 /home/travis/build/icyphy/ptII/ptolemy/actor/lib/test/auto/Expression12.xml
----------------- Instantiating /home/travis/build/icyphy/ptII/ptolemy/actor/lib/test/auto/Expression12.xml
4 ms. Memory: 583680K Free: 414784K (71%)
----------------- Invoking toplevel() on ptolemy.moml.MoMLSimpleApplication@66a1ab38
----------------- Done invoking toplevel() on ptolemy.moml.MoMLSimpleApplication@66a1ab38
reloadAllAccessors: .Expression12

===========================================================================================
----------------- testing Fri Jul 12 17:14:26 UTC 2019 /home/travis/build/icyphy/ptII/ptolemy/actor/lib/test/auto/Expression13.xml
----------------- Instantiating /home/travis/build/icyphy/ptII/ptolemy/actor/lib/test/auto/Expression13.xml
4 ms. Memory: 583680K Free: 410174K (70%)
----------------- Invoking toplevel() on ptolemy.moml.MoMLSimpleApplication@27a95d81
----------------- Done invoking toplevel() on ptolemy.moml.MoMLSimpleApplication@27a95d81
reloadAllAccessors: .Expression13

===========================================================================================
----------------- testing Fri Jul 12 17:14:26 UTC 2019 /home/travis/build/icyphy/ptII/ptolemy/actor/lib/test/auto/Expression14.xml
----------------- Instantiating /home/travis/build/icyphy/ptII/ptolemy/actor/lib/test/auto/Expression14.xml
11 ms. Memory: 583680K Free: 404030K (69%)
----------------- Invoking toplevel() on ptolemy.moml.MoMLSimpleApplication@47172647
----------------- Done invoking toplevel() on ptolemy.moml.MoMLSimpleApplication@47172647
reloadAllAccessors: .Expression14

===========================================================================================
----------------- testing Fri Jul 12 17:14:26 UTC 2019 /home/travis/build/icyphy/ptII/ptolemy/actor/lib/test/auto/Expression15.xml
----------------- Instantiating /home/travis/build/icyphy/ptII/ptolemy/actor/lib/test/auto/Expression15.xml
1 ms. Memory: 583680K Free: 399934K (69%)
----------------- Invoking toplevel() on ptolemy.moml.MoMLSimpleApplication@165df0a8
----------------- Done invoking toplevel() on ptolemy.moml.MoMLSimpleApplication@165df0a8
reloadAllAccessors: .Expression15

===========================================================================================
----------------- testing Fri Jul 12 17:14:26 UTC 2019 /home/travis/build/icyphy/ptII/ptolemy/actor/lib/test/auto/Expression16.xml
----------------- Instantiating /home/travis/build/icyphy/ptII/ptolemy/actor/lib/test/auto/Expression16.xml
4 ms. Memory: 583680K Free: 394814K (68%)
----------------- Invoking toplevel() on ptolemy.moml.MoMLSimpleApplication@597f5b13
----------------- Done invoking toplevel() on ptolemy.moml.MoMLSimpleApplication@597f5b13
reloadAllAccessors: .Expression16

===========================================================================================
----------------- testing Fri Jul 12 17:14:26 UTC 2019 /home/travis/build/icyphy/ptII/ptolemy/actor/lib/test/auto/Expression17.xml
----------------- Instantiating /home/travis/build/icyphy/ptII/ptolemy/actor/lib/test/auto/Expression17.xml
2 ms. Memory: 583680K Free: 389694K (67%)
----------------- Invoking toplevel() on ptolemy.moml.MoMLSimpleApplication@18346889
----------------- Done invoking toplevel() on ptolemy.moml.MoMLSimpleApplication@18346889
reloadAllAccessors: .Expression17

===========================================================================================
----------------- testing Fri Jul 12 17:14:26 UTC 2019 /home/travis/build/icyphy/ptII/ptolemy/actor/lib/test/auto/Expression18.xml
----------------- Instantiating /home/travis/build/icyphy/ptII/ptolemy/actor/lib/test/auto/Expression18.xml
1 ms. Memory: 583680K Free: 384574K (66%)
----------------- Invoking toplevel() on ptolemy.moml.MoMLSimpleApplication@4a54a932
----------------- Done invoking toplevel() on ptolemy.moml.MoMLSimpleApplication@4a54a932
reloadAllAccessors: .Expression18

===========================================================================================
----------------- testing Fri Jul 12 17:14:26 UTC 2019 /home/travis/build/icyphy/ptII/ptolemy/actor/lib/test/auto/Expression2.xml
----------------- Instantiating /home/travis/build/icyphy/ptII/ptolemy/actor/lib/test/auto/Expression2.xml
3 ms. Memory: 583680K Free: 379454K (65%)
----------------- Invoking toplevel() on ptolemy.moml.MoMLSimpleApplication@6209d8ea
----------------- Done invoking toplevel() on ptolemy.moml.MoMLSimpleApplication@6209d8ea
reloadAllAccessors: .Expression2

===========================================================================================
----------------- testing Fri Jul 12 17:14:26 UTC 2019 /home/travis/build/icyphy/ptII/ptolemy/actor/lib/test/auto/Expression3.xml
----------------- Instantiating /home/travis/build/icyphy/ptII/ptolemy/actor/lib/test/auto/Expression3.xml
6 ms. Memory: 583680K Free: 374334K (64%)
----------------- Invoking toplevel() on ptolemy.moml.MoMLSimpleApplication@56b7c488
----------------- Done invoking toplevel() on ptolemy.moml.MoMLSimpleApplication@56b7c488
reloadAllAccessors: .Expression3

===========================================================================================
----------------- testing Fri Jul 12 17:14:26 UTC 2019 /home/travis/build/icyphy/ptII/ptolemy/actor/lib/test/auto/Expression4.xml
----------------- Instantiating /home/travis/build/icyphy/ptII/ptolemy/actor/lib/test/auto/Expression4.xml
7 ms. Memory: 583680K Free: 366656K (63%)
----------------- Invoking toplevel() on ptolemy.moml.MoMLSimpleApplication@76f207db
----------------- Done invoking toplevel() on ptolemy.moml.MoMLSimpleApplication@76f207db
reloadAllAccessors: .Expression4

===========================================================================================
----------------- testing Fri Jul 12 17:14:26 UTC 2019 /home/travis/build/icyphy/ptII/ptolemy/actor/lib/test/auto/Expression5.xml
----------------- Instantiating /home/travis/build/icyphy/ptII/ptolemy/actor/lib/test/auto/Expression5.xml
4 ms. Memory: 583680K Free: 361536K (62%)
----------------- Invoking toplevel() on ptolemy.moml.MoMLSimpleApplication@7a8b10b8
----------------- Done invoking toplevel() on ptolemy.moml.MoMLSimpleApplication@7a8b10b8
reloadAllAccessors: .Expression5

===========================================================================================
----------------- testing Fri Jul 12 17:14:26 UTC 2019 /home/travis/build/icyphy/ptII/ptolemy/actor/lib/test/auto/Expression6.xml
----------------- Instantiating /home/travis/build/icyphy/ptII/ptolemy/actor/lib/test/auto/Expression6.xml
2 ms. Memory: 583680K Free: 356926K (61%)
----------------- Invoking toplevel() on ptolemy.moml.MoMLSimpleApplication@7d690ead
----------------- Done invoking toplevel() on ptolemy.moml.MoMLSimpleApplication@7d690ead
reloadAllAccessors: .Expression6

===========================================================================================
----------------- testing Fri Jul 12 17:14:26 UTC 2019 /home/travis/build/icyphy/ptII/ptolemy/actor/lib/test/auto/Expression7.xml
----------------- Instantiating /home/travis/build/icyphy/ptII/ptolemy/actor/lib/test/auto/Expression7.xml
2 ms. Memory: 583680K Free: 352320K (60%)
----------------- Invoking toplevel() on ptolemy.moml.MoMLSimpleApplication@61c8c9f5
----------------- Done invoking toplevel() on ptolemy.moml.MoMLSimpleApplication@61c8c9f5
reloadAllAccessors: .Expression7

===========================================================================================
----------------- testing Fri Jul 12 17:14:26 UTC 2019 /home/travis/build/icyphy/ptII/ptolemy/actor/lib/test/auto/Expression8.xml
----------------- Instantiating /home/travis/build/icyphy/ptII/ptolemy/actor/lib/test/auto/Expression8.xml
8 ms. Memory: 583680K Free: 347200K (59%)
----------------- Invoking toplevel() on ptolemy.moml.MoMLSimpleApplication@120825db
----------------- Done invoking toplevel() on ptolemy.moml.MoMLSimpleApplication@120825db
reloadAllAccessors: .Expression8

===========================================================================================
----------------- testing Fri Jul 12 17:14:26 UTC 2019 /home/travis/build/icyphy/ptII/ptolemy/actor/lib/test/auto/Expression9.xml
----------------- Instantiating /home/travis/build/icyphy/ptII/ptolemy/actor/lib/test/auto/Expression9.xml
1 ms. Memory: 583680K Free: 343104K (59%)
----------------- Invoking toplevel() on ptolemy.moml.MoMLSimpleApplication@f7119c6
----------------- Done invoking toplevel() on ptolemy.moml.MoMLSimpleApplication@f7119c6
reloadAllAccessors: .Expression9

===========================================================================================
----------------- testing Fri Jul 12 17:14:26 UTC 2019 /home/travis/build/icyphy/ptII/ptolemy/actor/lib/test/auto/ExpressionConcatenateArrayType.xml
----------------- Instantiating /home/travis/build/icyphy/ptII/ptolemy/actor/lib/test/auto/ExpressionConcatenateArrayType.xml
3 ms. Memory: 583680K Free: 336446K (58%)
----------------- Invoking toplevel() on ptolemy.moml.MoMLSimpleApplication@24e3d00d
----------------- Done invoking toplevel() on ptolemy.moml.MoMLSimpleApplication@24e3d00d
reloadAllAccessors: .ExpressionConcatenateArrayType

===========================================================================================
----------------- testing Fri Jul 12 17:14:26 UTC 2019 /home/travis/build/icyphy/ptII/ptolemy/actor/lib/test/auto/ExpressionConcatenateArrayType2.xml
----------------- Instantiating /home/travis/build/icyphy/ptII/ptolemy/actor/lib/test/auto/ExpressionConcatenateArrayType2.xml
2 ms. Memory: 583680K Free: 330816K (57%)
----------------- Invoking toplevel() on ptolemy.moml.MoMLSimpleApplication@7852dbc1
----------------- Done invoking toplevel() on ptolemy.moml.MoMLSimpleApplication@7852dbc1
reloadAllAccessors: .ExpressionConcatenateArrayType2

===========================================================================================
----------------- testing Fri Jul 12 17:14:26 UTC 2019 /home/travis/build/icyphy/ptII/ptolemy/actor/lib/test/auto/ExpressionFix.xml
----------------- Instantiating /home/travis/build/icyphy/ptII/ptolemy/actor/lib/test/auto/ExpressionFix.xml
15 ms. Memory: 583680K Free: 324158K (56%)
----------------- Invoking toplevel() on ptolemy.moml.MoMLSimpleApplication@25b6534c
----------------- Done invoking toplevel() on ptolemy.moml.MoMLSimpleApplication@25b6534c
reloadAllAccessors: .ExpressionFix

===========================================================================================
----------------- testing Fri Jul 12 17:14:26 UTC 2019 /home/travis/build/icyphy/ptII/ptolemy/actor/lib/test/auto/ExpressionFix2.xml
----------------- Instantiating /home/travis/build/icyphy/ptII/ptolemy/actor/lib/test/auto/ExpressionFix2.xml
6 ms. Memory: 583680K Free: 320062K (55%)
----------------- Invoking toplevel() on ptolemy.moml.MoMLSimpleApplication@e30d017
----------------- Done invoking toplevel() on ptolemy.moml.MoMLSimpleApplication@e30d017
reloadAllAccessors: .ExpressionFix2

===========================================================================================
----------------- testing Fri Jul 12 17:14:26 UTC 2019 /home/travis/build/icyphy/ptII/ptolemy/actor/lib/test/auto/ExpressionFix3.xml
----------------- Instantiating /home/travis/build/icyphy/ptII/ptolemy/actor/lib/test/auto/ExpressionFix3.xml
3 ms. Memory: 583680K Free: 315456K (54%)
----------------- Invoking toplevel() on ptolemy.moml.MoMLSimpleApplication@416e524a
----------------- Done invoking toplevel() on ptolemy.moml.MoMLSimpleApplication@416e524a
reloadAllAccessors: .ExpressionFix3

===========================================================================================
----------------- testing Fri Jul 12 17:14:26 UTC 2019 /home/travis/build/icyphy/ptII/ptolemy/actor/lib/test/auto/FileWriter1.xml
----------------- Instantiating /home/travis/build/icyphy/ptII/ptolemy/actor/lib/test/auto/FileWriter1.xml
2 ms. Memory: 583680K Free: 311360K (53%)
----------------- Invoking toplevel() on ptolemy.moml.MoMLSimpleApplication@63207aa2
----------------- Done invoking toplevel() on ptolemy.moml.MoMLSimpleApplication@63207aa2
reloadAllAccessors: .FileWriter1

===========================================================================================
----------------- testing Fri Jul 12 17:14:26 UTC 2019 /home/travis/build/icyphy/ptII/ptolemy/actor/lib/test/auto/FileWriter2.xml
----------------- Instantiating /home/travis/build/icyphy/ptII/ptolemy/actor/lib/test/auto/FileWriter2.xml
6 ms. Memory: 583680K Free: 306736K (53%)
----------------- Invoking toplevel() on ptolemy.moml.MoMLSimpleApplication@5b67ca50
----------------- Done invoking toplevel() on ptolemy.moml.MoMLSimpleApplication@5b67ca50
reloadAllAccessors: .FileWriter2

===========================================================================================
----------------- testing Fri Jul 12 17:14:26 UTC 2019 /home/travis/build/icyphy/ptII/ptolemy/actor/lib/test/auto/FileWriter3.xml
----------------- Instantiating /home/travis/build/icyphy/ptII/ptolemy/actor/lib/test/auto/FileWriter3.xml
4 ms. Memory: 583680K Free: 302654K (52%)
----------------- Invoking toplevel() on ptolemy.moml.MoMLSimpleApplication@241a8f67
----------------- Done invoking toplevel() on ptolemy.moml.MoMLSimpleApplication@241a8f67
reloadAllAccessors: .FileWriter3

===========================================================================================
----------------- testing Fri Jul 12 17:14:26 UTC 2019 /home/travis/build/icyphy/ptII/ptolemy/actor/lib/test/auto/Gaussian.xml
----------------- Instantiating /home/travis/build/icyphy/ptII/ptolemy/actor/lib/test/auto/Gaussian.xml
4 ms. Memory: 583680K Free: 298048K (51%)
----------------- Invoking toplevel() on ptolemy.moml.MoMLSimpleApplication@2b542a90
----------------- Done invoking toplevel() on ptolemy.moml.MoMLSimpleApplication@2b542a90
reloadAllAccessors: .Gaussian

===========================================================================================
----------------- testing Fri Jul 12 17:14:26 UTC 2019 /home/travis/build/icyphy/ptII/ptolemy/actor/lib/test/auto/Gaussian1.xml
----------------- Instantiating /home/travis/build/icyphy/ptII/ptolemy/actor/lib/test/auto/Gaussian1.xml
2 ms. Memory: 583680K Free: 292928K (50%)
----------------- Invoking toplevel() on ptolemy.moml.MoMLSimpleApplication@5b74489
----------------- Done invoking toplevel() on ptolemy.moml.MoMLSimpleApplication@5b74489
reloadAllAccessors: .Gaussian1

===========================================================================================
----------------- testing Fri Jul 12 17:14:26 UTC 2019 /home/travis/build/icyphy/ptII/ptolemy/actor/lib/test/auto/Gaussian2.xml
----------------- Instantiating /home/travis/build/icyphy/ptII/ptolemy/actor/lib/test/auto/Gaussian2.xml
3 ms. Memory: 583680K Free: 287280K (49%)
----------------- Invoking toplevel() on ptolemy.moml.MoMLSimpleApplication@283e2224
----------------- Done invoking toplevel() on ptolemy.moml.MoMLSimpleApplication@283e2224
reloadAllAccessors: .Gaussian2

===========================================================================================
----------------- testing Fri Jul 12 17:14:26 UTC 2019 /home/travis/build/icyphy/ptII/ptolemy/actor/lib/test/auto/GradientAdaptiveLattice.xml
----------------- Instantiating /home/travis/build/icyphy/ptII/ptolemy/actor/lib/test/auto/GradientAdaptiveLattice.xml
11 ms. Memory: 583680K Free: 282174K (48%)
----------------- Invoking toplevel() on ptolemy.moml.MoMLSimpleApplication@77765477
----------------- Done invoking toplevel() on ptolemy.moml.MoMLSimpleApplication@77765477
reloadAllAccessors: .GradientAdaptiveLattice

===========================================================================================
----------------- testing Fri Jul 12 17:14:26 UTC 2019 /home/travis/build/icyphy/ptII/ptolemy/actor/lib/test/auto/IIR.xml
----------------- Instantiating /home/travis/build/icyphy/ptII/ptolemy/actor/lib/test/auto/IIR.xml
1 ms. Memory: 583680K Free: 277568K (48%)
----------------- Invoking toplevel() on ptolemy.moml.MoMLSimpleApplication@4ba64563
----------------- Done invoking toplevel() on ptolemy.moml.MoMLSimpleApplication@4ba64563
reloadAllAccessors: .IIR

===========================================================================================
----------------- testing Fri Jul 12 17:14:26 UTC 2019 /home/travis/build/icyphy/ptII/ptolemy/actor/lib/test/auto/InputOutputTransparentPorts.xml
----------------- Instantiating /home/travis/build/icyphy/ptII/ptolemy/actor/lib/test/auto/InputOutputTransparentPorts.xml
1 ms. Memory: 583680K Free: 269886K (46%)
----------------- Invoking toplevel() on ptolemy.moml.MoMLSimpleApplication@4ff5d2da
----------------- Done invoking toplevel() on ptolemy.moml.MoMLSimpleApplication@4ff5d2da
reloadAllAccessors: .InputOutputTransparentPorts

===========================================================================================
----------------- testing Fri Jul 12 17:14:26 UTC 2019 /home/travis/build/icyphy/ptII/ptolemy/actor/lib/test/auto/Interpolator.xml
----------------- Instantiating /home/travis/build/icyphy/ptII/ptolemy/actor/lib/test/auto/Interpolator.xml
3 ms. Memory: 583680K Free: 265790K (46%)
----------------- Invoking toplevel() on ptolemy.moml.MoMLSimpleApplication@6ed566bb
----------------- Done invoking toplevel() on ptolemy.moml.MoMLSimpleApplication@6ed566bb
reloadAllAccessors: .Interpolator

===========================================================================================
----------------- testing Fri Jul 12 17:14:26 UTC 2019 /home/travis/build/icyphy/ptII/ptolemy/actor/lib/test/auto/InterpolatorFiringLimitDE.xml
----------------- Instantiating /home/travis/build/icyphy/ptII/ptolemy/actor/lib/test/auto/InterpolatorFiringLimitDE.xml
1 ms. Memory: 583680K Free: 259646K (44%)
----------------- Invoking toplevel() on ptolemy.moml.MoMLSimpleApplication@3e7e023c
----------------- Done invoking toplevel() on ptolemy.moml.MoMLSimpleApplication@3e7e023c
reloadAllAccessors: .InterpolatorFiringLimitDE

===========================================================================================
----------------- testing Fri Jul 12 17:14:26 UTC 2019 /home/travis/build/icyphy/ptII/ptolemy/actor/lib/test/auto/Lattice.xml
----------------- Instantiating /home/travis/build/icyphy/ptII/ptolemy/actor/lib/test/auto/Lattice.xml
1 ms. Memory: 583680K Free: 255550K (44%)
----------------- Invoking toplevel() on ptolemy.moml.MoMLSimpleApplication@10b8924d
----------------- Done invoking toplevel() on ptolemy.moml.MoMLSimpleApplication@10b8924d
reloadAllAccessors: .Lattice

===========================================================================================
----------------- testing Fri Jul 12 17:14:26 UTC 2019 /home/travis/build/icyphy/ptII/ptolemy/actor/lib/test/auto/LazyAOCTestLazy.xml
----------------- Instantiating /home/travis/build/icyphy/ptII/ptolemy/actor/lib/test/auto/LazyAOCTestLazy.xml
16 ms. Memory: 583680K Free: 249920K (43%)
----------------- Invoking toplevel() on ptolemy.moml.MoMLSimpleApplication@3faa2f02
----------------- Done invoking toplevel() on ptolemy.moml.MoMLSimpleApplication@3faa2f02
reloadAllAccessors: .LazyAOCTestLazy

===========================================================================================
----------------- testing Fri Jul 12 17:14:26 UTC 2019 /home/travis/build/icyphy/ptII/ptolemy/actor/lib/test/auto/LazyAOCTestNonLazy.xml
----------------- Instantiating /home/travis/build/icyphy/ptII/ptolemy/actor/lib/test/auto/LazyAOCTestNonLazy.xml
1 ms. Memory: 583680K Free: 243262K (42%)
----------------- Invoking toplevel() on ptolemy.moml.MoMLSimpleApplication@4d652942
----------------- Done invoking toplevel() on ptolemy.moml.MoMLSimpleApplication@4d652942
reloadAllAccessors: .LazyAOCTestNonLazy

===========================================================================================
----------------- testing Fri Jul 12 17:14:26 UTC 2019 /home/travis/build/icyphy/ptII/ptolemy/actor/lib/test/auto/LazyInnerClass.xml
----------------- Instantiating /home/travis/build/icyphy/ptII/ptolemy/actor/lib/test/auto/LazyInnerClass.xml
19 ms. Memory: 583680K Free: 234560K (40%)
----------------- Invoking toplevel() on ptolemy.moml.MoMLSimpleApplication@6d05587f
----------------- Done invoking toplevel() on ptolemy.moml.MoMLSimpleApplication@6d05587f
reloadAllAccessors: .LazyInnerClass

===========================================================================================
----------------- testing Fri Jul 12 17:14:26 UTC 2019 /home/travis/build/icyphy/ptII/ptolemy/actor/lib/test/auto/LazyPubSub.xml
----------------- Instantiating /home/travis/build/icyphy/ptII/ptolemy/actor/lib/test/auto/LazyPubSub.xml
22 ms. Memory: 583680K Free: 224320K (38%)
----------------- Invoking toplevel() on ptolemy.moml.MoMLSimpleApplication@57011739
----------------- Done invoking toplevel() on ptolemy.moml.MoMLSimpleApplication@57011739
reloadAllAccessors: .LazyPubSub

===========================================================================================
----------------- testing Fri Jul 12 17:14:26 UTC 2019 /home/travis/build/icyphy/ptII/ptolemy/actor/lib/test/auto/LazyPubSub2.xml
----------------- Instantiating /home/travis/build/icyphy/ptII/ptolemy/actor/lib/test/auto/LazyPubSub2.xml
23 ms. Memory: 583680K Free: 214576K (37%)
----------------- Invoking toplevel() on ptolemy.moml.MoMLSimpleApplication@286ae3bd
----------------- Done invoking toplevel() on ptolemy.moml.MoMLSimpleApplication@286ae3bd
reloadAllAccessors: .LazyPubSub2

===========================================================================================
----------------- testing Fri Jul 12 17:14:26 UTC 2019 /home/travis/build/icyphy/ptII/ptolemy/actor/lib/test/auto/LazyPubSub3.xml
----------------- Instantiating /home/travis/build/icyphy/ptII/ptolemy/actor/lib/test/auto/LazyPubSub3.xml
12 ms. Memory: 583680K Free: 204350K (35%)
----------------- Invoking toplevel() on ptolemy.moml.MoMLSimpleApplication@32d01b9e
----------------- Done invoking toplevel() on ptolemy.moml.MoMLSimpleApplication@32d01b9e
reloadAllAccessors: .LazyPubSub3

===========================================================================================
----------------- testing Fri Jul 12 17:14:27 UTC 2019 /home/travis/build/icyphy/ptII/ptolemy/actor/lib/test/auto/LazySubClassModel.xml
----------------- Instantiating /home/travis/build/icyphy/ptII/ptolemy/actor/lib/test/auto/LazySubClassModel.xml
2 ms. Memory: 583680K Free: 195134K (33%)
----------------- Invoking toplevel() on ptolemy.moml.MoMLSimpleApplication@5da72551
----------------- Done invoking toplevel() on ptolemy.moml.MoMLSimpleApplication@5da72551
reloadAllAccessors: .LazySubClassModel

===========================================================================================
----------------- testing Fri Jul 12 17:14:27 UTC 2019 /home/travis/build/icyphy/ptII/ptolemy/actor/lib/test/auto/LevelCrossTest1.xml
----------------- Instantiating /home/travis/build/icyphy/ptII/ptolemy/actor/lib/test/auto/LevelCrossTest1.xml
1 ms. Memory: 583680K Free: 189504K (32%)
----------------- Invoking toplevel() on ptolemy.moml.MoMLSimpleApplication@546b804e
----------------- Done invoking toplevel() on ptolemy.moml.MoMLSimpleApplication@546b804e
reloadAllAccessors: .broken

===========================================================================================
----------------- testing Fri Jul 12 17:14:27 UTC 2019 /home/travis/build/icyphy/ptII/ptolemy/actor/lib/test/auto/LevelCrossTest10.xml
----------------- Instantiating /home/travis/build/icyphy/ptII/ptolemy/actor/lib/test/auto/LevelCrossTest10.xml
1 ms. Memory: 583680K Free: 528370K (91%)
----------------- Invoking toplevel() on ptolemy.moml.MoMLSimpleApplication@4d8441fe
----------------- Done invoking toplevel() on ptolemy.moml.MoMLSimpleApplication@4d8441fe
reloadAllAccessors: .LevelCrossTest10

===========================================================================================
----------------- testing Fri Jul 12 17:14:27 UTC 2019 /home/travis/build/icyphy/ptII/ptolemy/actor/lib/test/auto/LevelCrossTest11.xml
----------------- Instantiating /home/travis/build/icyphy/ptII/ptolemy/actor/lib/test/auto/LevelCrossTest11.xml
1 ms. Memory: 583680K Free: 522226K (89%)
----------------- Invoking toplevel() on ptolemy.moml.MoMLSimpleApplication@40b1e3c7
----------------- Done invoking toplevel() on ptolemy.moml.MoMLSimpleApplication@40b1e3c7
reloadAllAccessors: .LevelCrossTest11

===========================================================================================
----------------- testing Fri Jul 12 17:14:27 UTC 2019 /home/travis/build/icyphy/ptII/ptolemy/actor/lib/test/auto/LevelCrossTest12.xml
----------------- Instantiating /home/travis/build/icyphy/ptII/ptolemy/actor/lib/test/auto/LevelCrossTest12.xml
1 ms. Memory: 583680K Free: 515572K (88%)
----------------- Invoking toplevel() on ptolemy.moml.MoMLSimpleApplication@69a11ed4
----------------- Done invoking toplevel() on ptolemy.moml.MoMLSimpleApplication@69a11ed4
reloadAllAccessors: .LevelCrossTest12

===========================================================================================
----------------- testing Fri Jul 12 17:14:27 UTC 2019 /home/travis/build/icyphy/ptII/ptolemy/actor/lib/test/auto/LevelCrossTest13.xml
----------------- Instantiating /home/travis/build/icyphy/ptII/ptolemy/actor/lib/test/auto/LevelCrossTest13.xml
1 ms. Memory: 583680K Free: 507890K (87%)
----------------- Invoking toplevel() on ptolemy.moml.MoMLSimpleApplication@7e6c8ec5
----------------- Done invoking toplevel() on ptolemy.moml.MoMLSimpleApplication@7e6c8ec5
reloadAllAccessors: .LevelCrossTest13

===========================================================================================
----------------- testing Fri Jul 12 17:14:27 UTC 2019 /home/travis/build/icyphy/ptII/ptolemy/actor/lib/test/auto/LevelCrossTest2.xml
----------------- Instantiating /home/travis/build/icyphy/ptII/ptolemy/actor/lib/test/auto/LevelCrossTest2.xml
1 ms. Memory: 583680K Free: 502260K (86%)
----------------- Invoking toplevel() on ptolemy.moml.MoMLSimpleApplication@21acb6f7
----------------- Done invoking toplevel() on ptolemy.moml.MoMLSimpleApplication@21acb6f7
reloadAllAccessors: .broken

===========================================================================================
----------------- testing Fri Jul 12 17:14:27 UTC 2019 /home/travis/build/icyphy/ptII/ptolemy/actor/lib/test/auto/LevelCrossTest3.xml
----------------- Instantiating /home/travis/build/icyphy/ptII/ptolemy/actor/lib/test/auto/LevelCrossTest3.xml
1 ms. Memory: 583680K Free: 495602K (85%)
----------------- Invoking toplevel() on ptolemy.moml.MoMLSimpleApplication@37b85f0
----------------- Done invoking toplevel() on ptolemy.moml.MoMLSimpleApplication@37b85f0
reloadAllAccessors: .LevelCrossTest3

===========================================================================================
----------------- testing Fri Jul 12 17:14:27 UTC 2019 /home/travis/build/icyphy/ptII/ptolemy/actor/lib/test/auto/LevelCrossTest4.xml
----------------- Instantiating /home/travis/build/icyphy/ptII/ptolemy/actor/lib/test/auto/LevelCrossTest4.xml
1 ms. Memory: 583680K Free: 489972K (84%)
----------------- Invoking toplevel() on ptolemy.moml.MoMLSimpleApplication@1ffb9cdd
----------------- Done invoking toplevel() on ptolemy.moml.MoMLSimpleApplication@1ffb9cdd
reloadAllAccessors: .broken

===========================================================================================
----------------- testing Fri Jul 12 17:14:27 UTC 2019 /home/travis/build/icyphy/ptII/ptolemy/actor/lib/test/auto/LevelCrossTest5.xml
----------------- Instantiating /home/travis/build/icyphy/ptII/ptolemy/actor/lib/test/auto/LevelCrossTest5.xml
2 ms. Memory: 583680K Free: 483314K (83%)
----------------- Invoking toplevel() on ptolemy.moml.MoMLSimpleApplication@622f2806
----------------- Done invoking toplevel() on ptolemy.moml.MoMLSimpleApplication@622f2806
reloadAllAccessors: .LevelCrossTest5

===========================================================================================
----------------- testing Fri Jul 12 17:14:27 UTC 2019 /home/travis/build/icyphy/ptII/ptolemy/actor/lib/test/auto/LevelCrossTest6.xml
----------------- Instantiating /home/travis/build/icyphy/ptII/ptolemy/actor/lib/test/auto/LevelCrossTest6.xml
6 ms. Memory: 583680K Free: 476660K (82%)
----------------- Invoking toplevel() on ptolemy.moml.MoMLSimpleApplication@7527aafd
----------------- Done invoking toplevel() on ptolemy.moml.MoMLSimpleApplication@7527aafd
reloadAllAccessors: .LevelCrossTest6

===========================================================================================
----------------- testing Fri Jul 12 17:14:27 UTC 2019 /home/travis/build/icyphy/ptII/ptolemy/actor/lib/test/auto/LevelCrossTest7.xml
----------------- Instantiating /home/travis/build/icyphy/ptII/ptolemy/actor/lib/test/auto/LevelCrossTest7.xml
1 ms. Memory: 583680K Free: 468468K (80%)
----------------- Invoking toplevel() on ptolemy.moml.MoMLSimpleApplication@68f51c46
----------------- Done invoking toplevel() on ptolemy.moml.MoMLSimpleApplication@68f51c46
reloadAllAccessors: .LevelCrossTest7

===========================================================================================
----------------- testing Fri Jul 12 17:14:27 UTC 2019 /home/travis/build/icyphy/ptII/ptolemy/actor/lib/test/auto/LevelCrossTest8.xml
----------------- Instantiating /home/travis/build/icyphy/ptII/ptolemy/actor/lib/test/auto/LevelCrossTest8.xml
1 ms. Memory: 583680K Free: 460786K (79%)
----------------- Invoking toplevel() on ptolemy.moml.MoMLSimpleApplication@3aab2aaf
----------------- Done invoking toplevel() on ptolemy.moml.MoMLSimpleApplication@3aab2aaf
reloadAllAccessors: .LevelCrossTest8

===========================================================================================
----------------- testing Fri Jul 12 17:14:27 UTC 2019 /home/travis/build/icyphy/ptII/ptolemy/actor/lib/test/auto/LevelCrossTest9.xml
----------------- Instantiating /home/travis/build/icyphy/ptII/ptolemy/actor/lib/test/auto/LevelCrossTest9.xml
2 ms. Memory: 583680K Free: 453618K (78%)
----------------- Invoking toplevel() on ptolemy.moml.MoMLSimpleApplication@36b75b02
----------------- Done invoking toplevel() on ptolemy.moml.MoMLSimpleApplication@36b75b02
reloadAllAccessors: .LevelCrossTest9

===========================================================================================
----------------- testing Fri Jul 12 17:14:27 UTC 2019 /home/travis/build/icyphy/ptII/ptolemy/actor/lib/test/auto/LevinsonDurbin.xml
----------------- Instantiating /home/travis/build/icyphy/ptII/ptolemy/actor/lib/test/auto/LevinsonDurbin.xml
1 ms. Memory: 583680K Free: 449522K (77%)
----------------- Invoking toplevel() on ptolemy.moml.MoMLSimpleApplication@1f74c751
----------------- Done invoking toplevel() on ptolemy.moml.MoMLSimpleApplication@1f74c751
reloadAllAccessors: .LevinsonDurbin

===========================================================================================
----------------- testing Fri Jul 12 17:14:27 UTC 2019 /home/travis/build/icyphy/ptII/ptolemy/actor/lib/test/auto/LevinsonDurbin2.xml
----------------- Instantiating /home/travis/build/icyphy/ptII/ptolemy/actor/lib/test/auto/LevinsonDurbin2.xml
1 ms. Memory: 583680K Free: 445426K (76%)
----------------- Invoking toplevel() on ptolemy.moml.MoMLSimpleApplication@212e2b3a
----------------- Done invoking toplevel() on ptolemy.moml.MoMLSimpleApplication@212e2b3a
reloadAllAccessors: .LevinsonDurbin2

===========================================================================================
----------------- testing Fri Jul 12 17:14:27 UTC 2019 /home/travis/build/icyphy/ptII/ptolemy/actor/lib/test/auto/LevinsonDurbin3.xml
----------------- Instantiating /home/travis/build/icyphy/ptII/ptolemy/actor/lib/test/auto/LevinsonDurbin3.xml
1 ms. Memory: 583680K Free: 441844K (76%)
----------------- Invoking toplevel() on ptolemy.moml.MoMLSimpleApplication@6d18453f
----------------- Done invoking toplevel() on ptolemy.moml.MoMLSimpleApplication@6d18453f
reloadAllAccessors: .LevinsonDurbin3

===========================================================================================
----------------- testing Fri Jul 12 17:14:27 UTC 2019 /home/travis/build/icyphy/ptII/ptolemy/actor/lib/test/auto/Limiter.xml
----------------- Instantiating /home/travis/build/icyphy/ptII/ptolemy/actor/lib/test/auto/Limiter.xml
3 ms. Memory: 583680K Free: 432628K (74%)
----------------- Invoking toplevel() on ptolemy.moml.MoMLSimpleApplication@46a20780
----------------- Done invoking toplevel() on ptolemy.moml.MoMLSimpleApplication@46a20780
reloadAllAccessors: .Limiter

===========================================================================================
----------------- testing Fri Jul 12 17:14:27 UTC 2019 /home/travis/build/icyphy/ptII/ptolemy/actor/lib/test/auto/LinearDifferenceEquationSystem.xml
----------------- Instantiating /home/travis/build/icyphy/ptII/ptolemy/actor/lib/test/auto/LinearDifferenceEquationSystem.xml
4 ms. Memory: 583680K Free: 424946K (73%)
----------------- Invoking toplevel() on ptolemy.moml.MoMLSimpleApplication@19741901
----------------- Done invoking toplevel() on ptolemy.moml.MoMLSimpleApplication@19741901
reloadAllAccessors: .LinearDifferenceEquationSystem

===========================================================================================
----------------- testing Fri Jul 12 17:14:27 UTC 2019 /home/travis/build/icyphy/ptII/ptolemy/actor/lib/test/auto/LookupTable.xml
----------------- Instantiating /home/travis/build/icyphy/ptII/ptolemy/actor/lib/test/auto/LookupTable.xml
1 ms. Memory: 583680K Free: 420340K (72%)
----------------- Invoking toplevel() on ptolemy.moml.MoMLSimpleApplication@5b27fe80
----------------- Done invoking toplevel() on ptolemy.moml.MoMLSimpleApplication@5b27fe80
reloadAllAccessors: .LookupTable

===========================================================================================
----------------- testing Fri Jul 12 17:14:27 UTC 2019 /home/travis/build/icyphy/ptII/ptolemy/actor/lib/test/auto/MathFunction.xml
----------------- Instantiating /home/travis/build/icyphy/ptII/ptolemy/actor/lib/test/auto/MathFunction.xml
11 ms. Memory: 583680K Free: 412148K (71%)
----------------- Invoking toplevel() on ptolemy.moml.MoMLSimpleApplication@514e92ad
----------------- Done invoking toplevel() on ptolemy.moml.MoMLSimpleApplication@514e92ad
reloadAllAccessors: .MathFunction

===========================================================================================
----------------- testing Fri Jul 12 17:14:27 UTC 2019 /home/travis/build/icyphy/ptII/ptolemy/actor/lib/test/auto/MathFunction2.xml
----------------- Instantiating /home/travis/build/icyphy/ptII/ptolemy/actor/lib/test/auto/MathFunction2.xml
1 ms. Memory: 583680K Free: 408052K (70%)
----------------- Invoking toplevel() on ptolemy.moml.MoMLSimpleApplication@67e85c4e
----------------- Done invoking toplevel() on ptolemy.moml.MoMLSimpleApplication@67e85c4e
reloadAllAccessors: .MathFunction2

===========================================================================================
----------------- testing Fri Jul 12 17:14:27 UTC 2019 /home/travis/build/icyphy/ptII/ptolemy/actor/lib/test/auto/MathFunction3.xml
----------------- Instantiating /home/travis/build/icyphy/ptII/ptolemy/actor/lib/test/auto/MathFunction3.xml
5 ms. Memory: 583680K Free: 400884K (69%)
----------------- Invoking toplevel() on ptolemy.moml.MoMLSimpleApplication@62c46413
----------------- Done invoking toplevel() on ptolemy.moml.MoMLSimpleApplication@62c46413
reloadAllAccessors: .MathFunction3

===========================================================================================
----------------- testing Fri Jul 12 17:14:27 UTC 2019 /home/travis/build/icyphy/ptII/ptolemy/actor/lib/test/auto/MatrixCropBoolean.xml
----------------- Instantiating /home/travis/build/icyphy/ptII/ptolemy/actor/lib/test/auto/MatrixCropBoolean.xml
1 ms. Memory: 583680K Free: 395764K (68%)
----------------- Invoking toplevel() on ptolemy.moml.MoMLSimpleApplication@e6835fc
----------------- Done invoking toplevel() on ptolemy.moml.MoMLSimpleApplication@e6835fc
reloadAllAccessors: .MatrixCropBoolean

===========================================================================================
----------------- testing Fri Jul 12 17:14:27 UTC 2019 /home/travis/build/icyphy/ptII/ptolemy/actor/lib/test/auto/MatrixCropComplex.xml
----------------- Instantiating /home/travis/build/icyphy/ptII/ptolemy/actor/lib/test/auto/MatrixCropComplex.xml
2 ms. Memory: 583680K Free: 390644K (67%)
----------------- Invoking toplevel() on ptolemy.moml.MoMLSimpleApplication@222b30d8
----------------- Done invoking toplevel() on ptolemy.moml.MoMLSimpleApplication@222b30d8
reloadAllAccessors: .MatrixCropComplex

===========================================================================================
----------------- testing Fri Jul 12 17:14:27 UTC 2019 /home/travis/build/icyphy/ptII/ptolemy/actor/lib/test/auto/MatrixCropDouble.xml
----------------- Instantiating /home/travis/build/icyphy/ptII/ptolemy/actor/lib/test/auto/MatrixCropDouble.xml
3 ms. Memory: 583680K Free: 385524K (66%)
----------------- Invoking toplevel() on ptolemy.moml.MoMLSimpleApplication@55ef6afb
----------------- Done invoking toplevel() on ptolemy.moml.MoMLSimpleApplication@55ef6afb
reloadAllAccessors: .MatrixCropDouble

===========================================================================================
----------------- testing Fri Jul 12 17:14:27 UTC 2019 /home/travis/build/icyphy/ptII/ptolemy/actor/lib/test/auto/MatrixCropFix.xml
----------------- Instantiating /home/travis/build/icyphy/ptII/ptolemy/actor/lib/test/auto/MatrixCropFix.xml
2 ms. Memory: 583680K Free: 380404K (65%)
----------------- Invoking toplevel() on ptolemy.moml.MoMLSimpleApplication@1c3a6a82
----------------- Done invoking toplevel() on ptolemy.moml.MoMLSimpleApplication@1c3a6a82
reloadAllAccessors: .MatrixCropFix

===========================================================================================
----------------- testing Fri Jul 12 17:14:27 UTC 2019 /home/travis/build/icyphy/ptII/ptolemy/actor/lib/test/auto/MatrixCropInt.xml
----------------- Instantiating /home/travis/build/icyphy/ptII/ptolemy/actor/lib/test/auto/MatrixCropInt.xml
2 ms. Memory: 583680K Free: 375284K (64%)
----------------- Invoking toplevel() on ptolemy.moml.MoMLSimpleApplication@55cd00ec
----------------- Done invoking toplevel() on ptolemy.moml.MoMLSimpleApplication@55cd00ec
reloadAllAccessors: .MatrixCropInt

===========================================================================================
----------------- testing Fri Jul 12 17:14:27 UTC 2019 /home/travis/build/icyphy/ptII/ptolemy/actor/lib/test/auto/MatrixCropLong.xml
----------------- Instantiating /home/travis/build/icyphy/ptII/ptolemy/actor/lib/test/auto/MatrixCropLong.xml
1 ms. Memory: 583680K Free: 370164K (63%)
----------------- Invoking toplevel() on ptolemy.moml.MoMLSimpleApplication@5fe43225
----------------- Done invoking toplevel() on ptolemy.moml.MoMLSimpleApplication@5fe43225
reloadAllAccessors: .MatrixCropLong

===========================================================================================
----------------- testing Fri Jul 12 17:14:27 UTC 2019 /home/travis/build/icyphy/ptII/ptolemy/actor/lib/test/auto/MatrixToArray.xml
----------------- Instantiating /home/travis/build/icyphy/ptII/ptolemy/actor/lib/test/auto/MatrixToArray.xml
12 ms. Memory: 583680K Free: 355314K (61%)
----------------- Invoking toplevel() on ptolemy.moml.MoMLSimpleApplication@1deb1175
----------------- Done invoking toplevel() on ptolemy.moml.MoMLSimpleApplication@1deb1175
reloadAllAccessors: .MatrixToArray

===========================================================================================
----------------- testing Fri Jul 12 17:14:27 UTC 2019 /home/travis/build/icyphy/ptII/ptolemy/actor/lib/test/auto/MaxIndex.xml
----------------- Instantiating /home/travis/build/icyphy/ptII/ptolemy/actor/lib/test/auto/MaxIndex.xml
2 ms. Memory: 583680K Free: 350194K (60%)
----------------- Invoking toplevel() on ptolemy.moml.MoMLSimpleApplication@63849570
----------------- Done invoking toplevel() on ptolemy.moml.MoMLSimpleApplication@63849570
reloadAllAccessors: .MaxIndex

===========================================================================================
----------------- testing Fri Jul 12 17:14:27 UTC 2019 /home/travis/build/icyphy/ptII/ptolemy/actor/lib/test/auto/Maximum.xml
----------------- Instantiating /home/travis/build/icyphy/ptII/ptolemy/actor/lib/test/auto/Maximum.xml
2 ms. Memory: 583680K Free: 343540K (59%)
----------------- Invoking toplevel() on ptolemy.moml.MoMLSimpleApplication@15b16257
----------------- Done invoking toplevel() on ptolemy.moml.MoMLSimpleApplication@15b16257
reloadAllAccessors: .Maximum

===========================================================================================
----------------- testing Fri Jul 12 17:14:27 UTC 2019 /home/travis/build/icyphy/ptII/ptolemy/actor/lib/test/auto/MaximumComplex.xml
----------------- Instantiating /home/travis/build/icyphy/ptII/ptolemy/actor/lib/test/auto/MaximumComplex.xml
3 ms. Memory: 583680K Free: 337396K (58%)
----------------- Invoking toplevel() on ptolemy.moml.MoMLSimpleApplication@4061ef23
----------------- Done invoking toplevel() on ptolemy.moml.MoMLSimpleApplication@4061ef23
reloadAllAccessors: .MaximumComplex

===========================================================================================
----------------- testing Fri Jul 12 17:14:27 UTC 2019 /home/travis/build/icyphy/ptII/ptolemy/actor/lib/test/auto/MethodCallTest.xml
----------------- Instantiating /home/travis/build/icyphy/ptII/ptolemy/actor/lib/test/auto/MethodCallTest.xml
2 ms. Memory: 583680K Free: 330738K (57%)
----------------- Invoking toplevel() on ptolemy.moml.MoMLSimpleApplication@230f863b
----------------- Done invoking toplevel() on ptolemy.moml.MoMLSimpleApplication@230f863b
reloadAllAccessors: .MethodCallTest

===========================================================================================
----------------- testing Fri Jul 12 17:14:27 UTC 2019 /home/travis/build/icyphy/ptII/ptolemy/actor/lib/test/auto/Minimum.xml
----------------- Instantiating /home/travis/build/icyphy/ptII/ptolemy/actor/lib/test/auto/Minimum.xml
2 ms. Memory: 583680K Free: 324084K (56%)
----------------- Invoking toplevel() on ptolemy.moml.MoMLSimpleApplication@10c6d95e
----------------- Done invoking toplevel() on ptolemy.moml.MoMLSimpleApplication@10c6d95e
reloadAllAccessors: .Minimum

===========================================================================================
----------------- testing Fri Jul 12 17:14:27 UTC 2019 /home/travis/build/icyphy/ptII/ptolemy/actor/lib/test/auto/MinimumComplex.xml
----------------- Instantiating /home/travis/build/icyphy/ptII/ptolemy/actor/lib/test/auto/MinimumComplex.xml
3 ms. Memory: 583680K Free: 317940K (54%)
----------------- Invoking toplevel() on ptolemy.moml.MoMLSimpleApplication@2c0daa9c
----------------- Done invoking toplevel() on ptolemy.moml.MoMLSimpleApplication@2c0daa9c
reloadAllAccessors: .MinimumComplex

===========================================================================================
----------------- testing Fri Jul 12 17:14:27 UTC 2019 /home/travis/build/icyphy/ptII/ptolemy/actor/lib/test/auto/MinimumMultiports.xml
----------------- Instantiating /home/travis/build/icyphy/ptII/ptolemy/actor/lib/test/auto/MinimumMultiports.xml
4 ms. Memory: 583680K Free: 309234K (53%)
----------------- Invoking toplevel() on ptolemy.moml.MoMLSimpleApplication@5023d762
----------------- Done invoking toplevel() on ptolemy.moml.MoMLSimpleApplication@5023d762
reloadAllAccessors: .MinimumMultiports

===========================================================================================
----------------- testing Fri Jul 12 17:14:27 UTC 2019 /home/travis/build/icyphy/ptII/ptolemy/actor/lib/test/auto/ModifyDate.xml
----------------- Instantiating /home/travis/build/icyphy/ptII/ptolemy/actor/lib/test/auto/ModifyDate.xml
9 ms. Memory: 583680K Free: 296436K (51%)
----------------- Invoking toplevel() on ptolemy.moml.MoMLSimpleApplication@45bfac01
----------------- Done invoking toplevel() on ptolemy.moml.MoMLSimpleApplication@45bfac01
reloadAllAccessors: .ModifyDate

===========================================================================================
----------------- testing Fri Jul 12 17:14:27 UTC 2019 /home/travis/build/icyphy/ptII/ptolemy/actor/lib/test/auto/ModifyDate2.xml
----------------- Instantiating /home/travis/build/icyphy/ptII/ptolemy/actor/lib/test/auto/ModifyDate2.xml
4 ms. Memory: 583680K Free: 287730K (49%)
----------------- Invoking toplevel() on ptolemy.moml.MoMLSimpleApplication@5f8ab1a8
----------------- Done invoking toplevel() on ptolemy.moml.MoMLSimpleApplication@5f8ab1a8
reloadAllAccessors: .ModifyDate2

===========================================================================================
----------------- testing Fri Jul 12 17:14:27 UTC 2019 /home/travis/build/icyphy/ptII/ptolemy/actor/lib/test/auto/MovingAverage.xml
----------------- Instantiating /home/travis/build/icyphy/ptII/ptolemy/actor/lib/test/auto/MovingAverage.xml
1 ms. Memory: 583680K Free: 282610K (48%)
----------------- Invoking toplevel() on ptolemy.moml.MoMLSimpleApplication@ace75de
----------------- Done invoking toplevel() on ptolemy.moml.MoMLSimpleApplication@ace75de
reloadAllAccessors: .MovingAverage

===========================================================================================
----------------- testing Fri Jul 12 17:14:27 UTC 2019 /home/travis/build/icyphy/ptII/ptolemy/actor/lib/test/auto/MovingMaximum.xml
----------------- Instantiating /home/travis/build/icyphy/ptII/ptolemy/actor/lib/test/auto/MovingMaximum.xml
2 ms. Memory: 583680K Free: 278004K (48%)
----------------- Invoking toplevel() on ptolemy.moml.MoMLSimpleApplication@64e7a86b
----------------- Done invoking toplevel() on ptolemy.moml.MoMLSimpleApplication@64e7a86b
reloadAllAccessors: .MovingMaximum

===========================================================================================
----------------- testing Fri Jul 12 17:14:27 UTC 2019 /home/travis/build/icyphy/ptII/ptolemy/actor/lib/test/auto/MultipleLinksToSameRelation.xml
----------------- Instantiating /home/travis/build/icyphy/ptII/ptolemy/actor/lib/test/auto/MultipleLinksToSameRelation.xml
2 ms. Memory: 583680K Free: 273908K (47%)
----------------- Invoking toplevel() on ptolemy.moml.MoMLSimpleApplication@e550d87
----------------- Done invoking toplevel() on ptolemy.moml.MoMLSimpleApplication@e550d87
reloadAllAccessors: .MultipleLinksToSameRelation

===========================================================================================
----------------- testing Fri Jul 12 17:14:27 UTC 2019 /home/travis/build/icyphy/ptII/ptolemy/actor/lib/test/auto/MultipleLinksToSameRelationDE.xml
----------------- Instantiating /home/travis/build/icyphy/ptII/ptolemy/actor/lib/test/auto/MultipleLinksToSameRelationDE.xml
10 ms. Memory: 583680K Free: 269267K (46%)
----------------- Invoking toplevel() on ptolemy.moml.MoMLSimpleApplication@613a37ac
----------------- Done invoking toplevel() on ptolemy.moml.MoMLSimpleApplication@613a37ac
reloadAllAccessors: .MultipleLinksToSameRelationDE

===========================================================================================
----------------- testing Fri Jul 12 17:14:27 UTC 2019 /home/travis/build/icyphy/ptII/ptolemy/actor/lib/test/auto/Multiplexor.xml
----------------- Instantiating /home/travis/build/icyphy/ptII/ptolemy/actor/lib/test/auto/Multiplexor.xml
2 ms. Memory: 583680K Free: 263668K (45%)
----------------- Invoking toplevel() on ptolemy.moml.MoMLSimpleApplication@45e889e0
----------------- Done invoking toplevel() on ptolemy.moml.MoMLSimpleApplication@45e889e0
reloadAllAccessors: .Multiplexor

===========================================================================================
----------------- testing Fri Jul 12 17:14:27 UTC 2019 /home/travis/build/icyphy/ptII/ptolemy/actor/lib/test/auto/Multiplexor1.xml
----------------- Instantiating /home/travis/build/icyphy/ptII/ptolemy/actor/lib/test/auto/Multiplexor1.xml
2 ms. Memory: 583680K Free: 258003K (44%)
----------------- Invoking toplevel() on ptolemy.moml.MoMLSimpleApplication@80e0e89
----------------- Done invoking toplevel() on ptolemy.moml.MoMLSimpleApplication@80e0e89
reloadAllAccessors: .Multiplexor1

===========================================================================================
----------------- testing Fri Jul 12 17:14:28 UTC 2019 /home/travis/build/icyphy/ptII/ptolemy/actor/lib/test/auto/Multiplexor2.xml
----------------- Instantiating /home/travis/build/icyphy/ptII/ptolemy/actor/lib/test/auto/Multiplexor2.xml
7 ms. Memory: 583680K Free: 251378K (43%)
----------------- Invoking toplevel() on ptolemy.moml.MoMLSimpleApplication@526a3707
----------------- Done invoking toplevel() on ptolemy.moml.MoMLSimpleApplication@526a3707
reloadAllAccessors: .Multiplexor2

===========================================================================================
----------------- testing Fri Jul 12 17:14:28 UTC 2019 /home/travis/build/icyphy/ptII/ptolemy/actor/lib/test/auto/Multiplexor3.xml
----------------- Instantiating /home/travis/build/icyphy/ptII/ptolemy/actor/lib/test/auto/Multiplexor3.xml
2 ms. Memory: 583680K Free: 247284K (42%)
----------------- Invoking toplevel() on ptolemy.moml.MoMLSimpleApplication@3d96c8e9
----------------- Done invoking toplevel() on ptolemy.moml.MoMLSimpleApplication@3d96c8e9
reloadAllAccessors: .Multiplexor3

===========================================================================================
----------------- testing Fri Jul 12 17:14:28 UTC 2019 /home/travis/build/icyphy/ptII/ptolemy/actor/lib/test/auto/MultiplexorDE.xml
----------------- Instantiating /home/travis/build/icyphy/ptII/ptolemy/actor/lib/test/auto/MultiplexorDE.xml
3 ms. Memory: 583680K Free: 239588K (41%)
----------------- Invoking toplevel() on ptolemy.moml.MoMLSimpleApplication@155cd109
----------------- Done invoking toplevel() on ptolemy.moml.MoMLSimpleApplication@155cd109
reloadAllAccessors: .MultiplexorDE

===========================================================================================
----------------- testing Fri Jul 12 17:14:28 UTC 2019 /home/travis/build/icyphy/ptII/ptolemy/actor/lib/test/auto/MultiportBroadcastTest.xml
----------------- Instantiating /home/travis/build/icyphy/ptII/ptolemy/actor/lib/test/auto/MultiportBroadcastTest.xml
85 ms. Memory: 583680K Free: 233452K (40%)
----------------- Invoking toplevel() on ptolemy.moml.MoMLSimpleApplication@1e448bde
----------------- Done invoking toplevel() on ptolemy.moml.MoMLSimpleApplication@1e448bde
reloadAllAccessors: .MultiportBroadcastTest

===========================================================================================
----------------- testing Fri Jul 12 17:14:28 UTC 2019 /home/travis/build/icyphy/ptII/ptolemy/actor/lib/test/auto/MultiportOutHangDuringGetWidth.xml
----------------- Instantiating /home/travis/build/icyphy/ptII/ptolemy/actor/lib/test/auto/MultiportOutHangDuringGetWidth.xml
4 ms. Memory: 583680K Free: 220660K (38%)
----------------- Invoking toplevel() on ptolemy.moml.MoMLSimpleApplication@606e1fd8
----------------- Done invoking toplevel() on ptolemy.moml.MoMLSimpleApplication@606e1fd8
reloadAllAccessors: .MultiportOutHangDuringGetWidth

===========================================================================================
----------------- testing Fri Jul 12 17:14:28 UTC 2019 /home/travis/build/icyphy/ptII/ptolemy/actor/lib/test/auto/NilToken.xml
----------------- Instantiating /home/travis/build/icyphy/ptII/ptolemy/actor/lib/test/auto/NilToken.xml
1 ms. Memory: 583680K Free: 216564K (37%)
----------------- Invoking toplevel() on ptolemy.moml.MoMLSimpleApplication@34644b20
----------------- Done invoking toplevel() on ptolemy.moml.MoMLSimpleApplication@34644b20
reloadAllAccessors: .NilToken

===========================================================================================
----------------- testing Fri Jul 12 17:14:28 UTC 2019 /home/travis/build/icyphy/ptII/ptolemy/actor/lib/test/auto/NilTokenNonStrictTest.xml
----------------- Instantiating /home/travis/build/icyphy/ptII/ptolemy/actor/lib/test/auto/NilTokenNonStrictTest.xml
2 ms. Memory: 583680K Free: 211954K (36%)
----------------- Invoking toplevel() on ptolemy.moml.MoMLSimpleApplication@79e171cb
----------------- Done invoking toplevel() on ptolemy.moml.MoMLSimpleApplication@79e171cb
reloadAllAccessors: .NilTokenNonStrictTest

===========================================================================================
----------------- testing Fri Jul 12 17:14:28 UTC 2019 /home/travis/build/icyphy/ptII/ptolemy/actor/lib/test/auto/NilTokenRecord.xml
----------------- Instantiating /home/travis/build/icyphy/ptII/ptolemy/actor/lib/test/auto/NilTokenRecord.xml
6 ms. Memory: 583680K Free: 205300K (35%)
----------------- Invoking toplevel() on ptolemy.moml.MoMLSimpleApplication@22516642
----------------- Done invoking toplevel() on ptolemy.moml.MoMLSimpleApplication@22516642
reloadAllAccessors: .NilTokenRecord

===========================================================================================
----------------- testing Fri Jul 12 17:14:28 UTC 2019 /home/travis/build/icyphy/ptII/ptolemy/actor/lib/test/auto/NilTokenTypeTest.xml
----------------- Instantiating /home/travis/build/icyphy/ptII/ptolemy/actor/lib/test/auto/NilTokenTypeTest.xml
6 ms. Memory: 583680K Free: 195570K (34%)
----------------- Invoking toplevel() on ptolemy.moml.MoMLSimpleApplication@31d4e853
----------------- Done invoking toplevel() on ptolemy.moml.MoMLSimpleApplication@31d4e853
reloadAllAccessors: .NilTokenTypeTest

===========================================================================================
----------------- testing Fri Jul 12 17:14:28 UTC 2019 /home/travis/build/icyphy/ptII/ptolemy/actor/lib/test/auto/ObjectToken1.xml
----------------- Instantiating /home/travis/build/icyphy/ptII/ptolemy/actor/lib/test/auto/ObjectToken1.xml
3 ms. Memory: 583680K Free: 191474K (33%)
----------------- Invoking toplevel() on ptolemy.moml.MoMLSimpleApplication@48086ac4
----------------- Done invoking toplevel() on ptolemy.moml.MoMLSimpleApplication@48086ac4
reloadAllAccessors: .ObjectToken1

===========================================================================================
----------------- testing Fri Jul 12 17:14:28 UTC 2019 /home/travis/build/icyphy/ptII/ptolemy/actor/lib/test/auto/OrderedMerge.xml
----------------- Instantiating /home/travis/build/icyphy/ptII/ptolemy/actor/lib/test/auto/OrderedMerge.xml
20 ms. Memory: 583680K Free: 532909K (91%)
----------------- Invoking toplevel() on ptolemy.moml.MoMLSimpleApplication@7bb1b569
----------------- Done invoking toplevel() on ptolemy.moml.MoMLSimpleApplication@7bb1b569
reloadAllAccessors: .OrderedMerge

===========================================================================================
----------------- testing Fri Jul 12 17:14:28 UTC 2019 /home/travis/build/icyphy/ptII/ptolemy/actor/lib/test/auto/OrderedRecordDisassembler.xml
----------------- Instantiating /home/travis/build/icyphy/ptII/ptolemy/actor/lib/test/auto/OrderedRecordDisassembler.xml
3 ms. Memory: 583680K Free: 527023K (90%)
----------------- Invoking toplevel() on ptolemy.moml.MoMLSimpleApplication@336a63ec
----------------- Done invoking toplevel() on ptolemy.moml.MoMLSimpleApplication@336a63ec
reloadAllAccessors: .OrderedRecordDisassembler

===========================================================================================
----------------- testing Fri Jul 12 17:14:28 UTC 2019 /home/travis/build/icyphy/ptII/ptolemy/actor/lib/test/auto/OrderedRecordDisassembler2.xml
----------------- Instantiating /home/travis/build/icyphy/ptII/ptolemy/actor/lib/test/auto/OrderedRecordDisassembler2.xml
5 ms. Memory: 583680K Free: 519327K (89%)
----------------- Invoking toplevel() on ptolemy.moml.MoMLSimpleApplication@392e2162
----------------- Done invoking toplevel() on ptolemy.moml.MoMLSimpleApplication@392e2162
reloadAllAccessors: .OrderedRecordDisassembler2

===========================================================================================
----------------- testing Fri Jul 12 17:14:28 UTC 2019 /home/travis/build/icyphy/ptII/ptolemy/actor/lib/test/auto/OrderedRecordUpdater.xml
----------------- Instantiating /home/travis/build/icyphy/ptII/ptolemy/actor/lib/test/auto/OrderedRecordUpdater.xml
2 ms. Memory: 583680K Free: 514735K (88%)
----------------- Invoking toplevel() on ptolemy.moml.MoMLSimpleApplication@4e7ca2a
----------------- Done invoking toplevel() on ptolemy.moml.MoMLSimpleApplication@4e7ca2a
reloadAllAccessors: .RecordUpdater

===========================================================================================
----------------- testing Fri Jul 12 17:14:28 UTC 2019 /home/travis/build/icyphy/ptII/ptolemy/actor/lib/test/auto/OrderedRecordUpdater2.xml
----------------- Instantiating /home/travis/build/icyphy/ptII/ptolemy/actor/lib/test/auto/OrderedRecordUpdater2.xml
3 ms. Memory: 583680K Free: 509615K (87%)
----------------- Invoking toplevel() on ptolemy.moml.MoMLSimpleApplication@7c95630d
----------------- Done invoking toplevel() on ptolemy.moml.MoMLSimpleApplication@7c95630d
reloadAllAccessors: .RecordUpdater2

===========================================================================================
----------------- testing Fri Jul 12 17:14:28 UTC 2019 /home/travis/build/icyphy/ptII/ptolemy/actor/lib/test/auto/PhaseUnwrap.xml
----------------- Instantiating /home/travis/build/icyphy/ptII/ptolemy/actor/lib/test/auto/PhaseUnwrap.xml
2 ms. Memory: 583680K Free: 505005K (87%)
----------------- Invoking toplevel() on ptolemy.moml.MoMLSimpleApplication@d237746
----------------- Done invoking toplevel() on ptolemy.moml.MoMLSimpleApplication@d237746
reloadAllAccessors: .PhaseUnwrap

===========================================================================================
----------------- testing Fri Jul 12 17:14:28 UTC 2019 /home/travis/build/icyphy/ptII/ptolemy/actor/lib/test/auto/PoissonClock.xml
----------------- Instantiating /home/travis/build/icyphy/ptII/ptolemy/actor/lib/test/auto/PoissonClock.xml
2 ms. Memory: 583680K Free: 500909K (86%)
----------------- Invoking toplevel() on ptolemy.moml.MoMLSimpleApplication@81bf49f
----------------- Done invoking toplevel() on ptolemy.moml.MoMLSimpleApplication@81bf49f
reloadAllAccessors: .PoissonClock

===========================================================================================
----------------- testing Fri Jul 12 17:14:28 UTC 2019 /home/travis/build/icyphy/ptII/ptolemy/actor/lib/test/auto/PoissonClock2.xml
----------------- Instantiating /home/travis/build/icyphy/ptII/ptolemy/actor/lib/test/auto/PoissonClock2.xml
1 ms. Memory: 583680K Free: 496303K (85%)
----------------- Invoking toplevel() on ptolemy.moml.MoMLSimpleApplication@5ae90a06
----------------- Done invoking toplevel() on ptolemy.moml.MoMLSimpleApplication@5ae90a06
reloadAllAccessors: .PoissonClock2

===========================================================================================
----------------- testing Fri Jul 12 17:14:28 UTC 2019 /home/travis/build/icyphy/ptII/ptolemy/actor/lib/test/auto/PoissonClock3.xml
----------------- Instantiating /home/travis/build/icyphy/ptII/ptolemy/actor/lib/test/auto/PoissonClock3.xml
1 ms. Memory: 583680K Free: 491693K (84%)
----------------- Invoking toplevel() on ptolemy.moml.MoMLSimpleApplication@756f090c
----------------- Done invoking toplevel() on ptolemy.moml.MoMLSimpleApplication@756f090c
reloadAllAccessors: .PoissonClock3

===========================================================================================
----------------- testing Fri Jul 12 17:14:28 UTC 2019 /home/travis/build/icyphy/ptII/ptolemy/actor/lib/test/auto/PubSubWithInitialTokens.xml
----------------- Instantiating /home/travis/build/icyphy/ptII/ptolemy/actor/lib/test/auto/PubSubWithInitialTokens.xml
2 ms. Memory: 583680K Free: 486063K (83%)
----------------- Invoking toplevel() on ptolemy.moml.MoMLSimpleApplication@70812b1f
----------------- Done invoking toplevel() on ptolemy.moml.MoMLSimpleApplication@70812b1f
reloadAllAccessors: .PubSubWithInitialTokens

===========================================================================================
----------------- testing Fri Jul 12 17:14:28 UTC 2019 /home/travis/build/icyphy/ptII/ptolemy/actor/lib/test/auto/PubSubWithInitialTokens2.xml
----------------- Instantiating /home/travis/build/icyphy/ptII/ptolemy/actor/lib/test/auto/PubSubWithInitialTokens2.xml
2 ms. Memory: 583680K Free: 479919K (82%)
----------------- Invoking toplevel() on ptolemy.moml.MoMLSimpleApplication@b33c9cd
----------------- Done invoking toplevel() on ptolemy.moml.MoMLSimpleApplication@b33c9cd
reloadAllAccessors: .PubSubWithInitialTokens2

===========================================================================================
----------------- testing Fri Jul 12 17:14:28 UTC 2019 /home/travis/build/icyphy/ptII/ptolemy/actor/lib/test/auto/PublisherClassNoParameter.xml
----------------- Instantiating /home/travis/build/icyphy/ptII/ptolemy/actor/lib/test/auto/PublisherClassNoParameter.xml
2 ms. Memory: 583680K Free: 470189K (81%)
----------------- Invoking toplevel() on ptolemy.moml.MoMLSimpleApplication@3c8973ba
----------------- Done invoking toplevel() on ptolemy.moml.MoMLSimpleApplication@3c8973ba
reloadAllAccessors: .PublisherClassNoParameter

===========================================================================================
----------------- testing Fri Jul 12 17:14:28 UTC 2019 /home/travis/build/icyphy/ptII/ptolemy/actor/lib/test/auto/PublisherClassParameter.xml
----------------- Instantiating /home/travis/build/icyphy/ptII/ptolemy/actor/lib/test/auto/PublisherClassParameter.xml
2 ms. Memory: 583680K Free: 459949K (79%)
----------------- Invoking toplevel() on ptolemy.moml.MoMLSimpleApplication@513a2929
----------------- Done invoking toplevel() on ptolemy.moml.MoMLSimpleApplication@513a2929
reloadAllAccessors: .PublisherClassParameter

===========================================================================================
----------------- testing Fri Jul 12 17:14:28 UTC 2019 /home/travis/build/icyphy/ptII/ptolemy/actor/lib/test/auto/PublisherNonStrictTest.xml
----------------- Instantiating /home/travis/build/icyphy/ptII/ptolemy/actor/lib/test/auto/PublisherNonStrictTest.xml
2 ms. Memory: 583680K Free: 452271K (77%)
----------------- Invoking toplevel() on ptolemy.moml.MoMLSimpleApplication@2d33a77c
----------------- Done invoking toplevel() on ptolemy.moml.MoMLSimpleApplication@2d33a77c
reloadAllAccessors: .PublisherNonStrictTest

===========================================================================================
----------------- testing Fri Jul 12 17:14:28 UTC 2019 /home/travis/build/icyphy/ptII/ptolemy/actor/lib/test/auto/PublisherPort1.xml
----------------- Instantiating /home/travis/build/icyphy/ptII/ptolemy/actor/lib/test/auto/PublisherPort1.xml
3 ms. Memory: 583680K Free: 446623K (77%)
----------------- Invoking toplevel() on ptolemy.moml.MoMLSimpleApplication@7f3a5508
----------------- Done invoking toplevel() on ptolemy.moml.MoMLSimpleApplication@7f3a5508
reloadAllAccessors: .PublisherPort1

===========================================================================================
----------------- testing Fri Jul 12 17:14:28 UTC 2019 /home/travis/build/icyphy/ptII/ptolemy/actor/lib/test/auto/PublisherPort2.xml
----------------- Instantiating /home/travis/build/icyphy/ptII/ptolemy/actor/lib/test/auto/PublisherPort2.xml
2 ms. Memory: 583680K Free: 441007K (76%)
----------------- Invoking toplevel() on ptolemy.moml.MoMLSimpleApplication@37f80d54
----------------- Done invoking toplevel() on ptolemy.moml.MoMLSimpleApplication@37f80d54
reloadAllAccessors: .PublisherPort2

===========================================================================================
----------------- testing Fri Jul 12 17:14:28 UTC 2019 /home/travis/build/icyphy/ptII/ptolemy/actor/lib/test/auto/PublisherPort3.xml
----------------- Instantiating /home/travis/build/icyphy/ptII/ptolemy/actor/lib/test/auto/PublisherPort3.xml
17 ms. Memory: 583680K Free: 434319K (74%)
----------------- Invoking toplevel() on ptolemy.moml.MoMLSimpleApplication@1cd6194b
----------------- Done invoking toplevel() on ptolemy.moml.MoMLSimpleApplication@1cd6194b
reloadAllAccessors: .PublisherPort3

===========================================================================================
----------------- testing Fri Jul 12 17:14:28 UTC 2019 /home/travis/build/icyphy/ptII/ptolemy/actor/lib/test/auto/PublisherPort4.xml
----------------- Instantiating /home/travis/build/icyphy/ptII/ptolemy/actor/lib/test/auto/PublisherPort4.xml
2 ms. Memory: 583680K Free: 428719K (73%)
----------------- Invoking toplevel() on ptolemy.moml.MoMLSimpleApplication@5d580fd4
----------------- Done invoking toplevel() on ptolemy.moml.MoMLSimpleApplication@5d580fd4
reloadAllAccessors: .PublisherPort4

===========================================================================================
----------------- testing Fri Jul 12 17:14:28 UTC 2019 /home/travis/build/icyphy/ptII/ptolemy/actor/lib/test/auto/PublisherPort5.xml
----------------- Instantiating /home/travis/build/icyphy/ptII/ptolemy/actor/lib/test/auto/PublisherPort5.xml
3 ms. Memory: 583680K Free: 421037K (72%)
----------------- Invoking toplevel() on ptolemy.moml.MoMLSimpleApplication@65eb65ef
----------------- Done invoking toplevel() on ptolemy.moml.MoMLSimpleApplication@65eb65ef
reloadAllAccessors: .PublisherPort5

===========================================================================================
----------------- testing Fri Jul 12 17:14:28 UTC 2019 /home/travis/build/icyphy/ptII/ptolemy/actor/lib/test/auto/PublisherPort5LookAlike.xml
----------------- Instantiating /home/travis/build/icyphy/ptII/ptolemy/actor/lib/test/auto/PublisherPort5LookAlike.xml
8 ms. Memory: 583680K Free: 413359K (71%)
----------------- Invoking toplevel() on ptolemy.moml.MoMLSimpleApplication@1ac972ad
----------------- Done invoking toplevel() on ptolemy.moml.MoMLSimpleApplication@1ac972ad
reloadAllAccessors: .PublisherPort5LookAlike

===========================================================================================
----------------- testing Fri Jul 12 17:14:28 UTC 2019 /home/travis/build/icyphy/ptII/ptolemy/actor/lib/test/auto/PublisherPort6.xml
----------------- Instantiating /home/travis/build/icyphy/ptII/ptolemy/actor/lib/test/auto/PublisherPort6.xml
2 ms. Memory: 583680K Free: 406701K (70%)
----------------- Invoking toplevel() on ptolemy.moml.MoMLSimpleApplication@5b574ceb
----------------- Done invoking toplevel() on ptolemy.moml.MoMLSimpleApplication@5b574ceb
reloadAllAccessors: .PublisherPort6

===========================================================================================
----------------- testing Fri Jul 12 17:14:28 UTC 2019 /home/travis/build/icyphy/ptII/ptolemy/actor/lib/test/auto/PublisherPort7.xml
----------------- Instantiating /home/travis/build/icyphy/ptII/ptolemy/actor/lib/test/auto/PublisherPort7.xml
3 ms. Memory: 583680K Free: 399023K (68%)
----------------- Invoking toplevel() on ptolemy.moml.MoMLSimpleApplication@315eebcf
----------------- Done invoking toplevel() on ptolemy.moml.MoMLSimpleApplication@315eebcf
reloadAllAccessors: .PublisherPort7

===========================================================================================
----------------- testing Fri Jul 12 17:14:28 UTC 2019 /home/travis/build/icyphy/ptII/ptolemy/actor/lib/test/auto/PublisherPort8.xml
----------------- Instantiating /home/travis/build/icyphy/ptII/ptolemy/actor/lib/test/auto/PublisherPort8.xml
4 ms. Memory: 583680K Free: 390317K (67%)
----------------- Invoking toplevel() on ptolemy.moml.MoMLSimpleApplication@470ca8a2
----------------- Done invoking toplevel() on ptolemy.moml.MoMLSimpleApplication@470ca8a2
reloadAllAccessors: .PublisherPort8

===========================================================================================
----------------- testing Fri Jul 12 17:14:28 UTC 2019 /home/travis/build/icyphy/ptII/ptolemy/actor/lib/test/auto/PublisherPortSubscriberChannelVariablesAOC2.xml
----------------- Instantiating /home/travis/build/icyphy/ptII/ptolemy/actor/lib/test/auto/PublisherPortSubscriberChannelVariablesAOC2.xml
3 ms. Memory: 583680K Free: 372399K (64%)
----------------- Invoking toplevel() on ptolemy.moml.MoMLSimpleApplication@2bd2954
----------------- Done invoking toplevel() on ptolemy.moml.MoMLSimpleApplication@2bd2954
reloadAllAccessors: .PublisherPortSubscriberChannelVariablesAOC2

===========================================================================================
----------------- testing Fri Jul 12 17:14:28 UTC 2019 /home/travis/build/icyphy/ptII/ptolemy/actor/lib/test/auto/PublisherPortSubscriberOpaqueWidthInference.xml
----------------- Instantiating /home/travis/build/icyphy/ptII/ptolemy/actor/lib/test/auto/PublisherPortSubscriberOpaqueWidthInference.xml
3 ms. Memory: 583680K Free: 363679K (62%)
----------------- Invoking toplevel() on ptolemy.moml.MoMLSimpleApplication@289c7669
----------------- Done invoking toplevel() on ptolemy.moml.MoMLSimpleApplication@289c7669
reloadAllAccessors: .PublisherPortSubscriberOpaqueWidthInference

===========================================================================================
----------------- testing Fri Jul 12 17:14:28 UTC 2019 /home/travis/build/icyphy/ptII/ptolemy/actor/lib/test/auto/PublisherPortSubscriberPortAdjacent.xml
----------------- Instantiating /home/travis/build/icyphy/ptII/ptolemy/actor/lib/test/auto/PublisherPortSubscriberPortAdjacent.xml
2 ms. Memory: 583680K Free: 355501K (61%)
----------------- Invoking toplevel() on ptolemy.moml.MoMLSimpleApplication@3497735a
----------------- Done invoking toplevel() on ptolemy.moml.MoMLSimpleApplication@3497735a
reloadAllAccessors: .PublisherPortSubscriberPortAdjacent

===========================================================================================
----------------- testing Fri Jul 12 17:14:28 UTC 2019 /home/travis/build/icyphy/ptII/ptolemy/actor/lib/test/auto/PublisherPortSubscriberPortExpression.xml
----------------- Instantiating /home/travis/build/icyphy/ptII/ptolemy/actor/lib/test/auto/PublisherPortSubscriberPortExpression.xml
4 ms. Memory: 583680K Free: 347823K (60%)
----------------- Invoking toplevel() on ptolemy.moml.MoMLSimpleApplication@47a9cd5a
----------------- Done invoking toplevel() on ptolemy.moml.MoMLSimpleApplication@47a9cd5a
reloadAllAccessors: .PublisherPortSubscriberPortExpression

===========================================================================================
----------------- testing Fri Jul 12 17:14:28 UTC 2019 /home/travis/build/icyphy/ptII/ptolemy/actor/lib/test/auto/PublisherPortSubscriberPortOpaqueD3Reverse.xml
----------------- Instantiating /home/travis/build/icyphy/ptII/ptolemy/actor/lib/test/auto/PublisherPortSubscriberPortOpaqueD3Reverse.xml
5 ms. Memory: 583680K Free: 337583K (58%)
----------------- Invoking toplevel() on ptolemy.moml.MoMLSimpleApplication@6b13fbea
----------------- Done invoking toplevel() on ptolemy.moml.MoMLSimpleApplication@6b13fbea
reloadAllAccessors: .PublisherPortSubscriberPortOpaqueD3Reverse

===========================================================================================
----------------- testing Fri Jul 12 17:14:28 UTC 2019 /home/travis/build/icyphy/ptII/ptolemy/actor/lib/test/auto/PublisherPortSubscriberPortOpaqueWidthInference.xml
----------------- Instantiating /home/travis/build/icyphy/ptII/ptolemy/actor/lib/test/auto/PublisherPortSubscriberPortOpaqueWidthInference.xml
2 ms. Memory: 583680K Free: 329887K (57%)
----------------- Invoking toplevel() on ptolemy.moml.MoMLSimpleApplication@52cd376c
----------------- Done invoking toplevel() on ptolemy.moml.MoMLSimpleApplication@52cd376c
reloadAllAccessors: .PublisherPortSubscriberPortOpaqueWidthInference

===========================================================================================
----------------- testing Fri Jul 12 17:14:28 UTC 2019 /home/travis/build/icyphy/ptII/ptolemy/actor/lib/test/auto/PublisherPortToplevelSubscriberPortAOC.xml
----------------- Instantiating /home/travis/build/icyphy/ptII/ptolemy/actor/lib/test/auto/PublisherPortToplevelSubscriberPortAOC.xml
.PublisherPortToplevelSubscriberPortAOC.TestExceptionAttribute: initialize() was not invoked, but wrapup() was.  This is unusual, but not always a problem.  For example, exporting JNLP will do this.
1 ms. Memory: 583680K Free: 324271K (56%)
----------------- Invoking toplevel() on ptolemy.moml.MoMLSimpleApplication@64a7a29b
----------------- Done invoking toplevel() on ptolemy.moml.MoMLSimpleApplication@64a7a29b
reloadAllAccessors: .PublisherPortToplevelSubscriberPortAOC

===========================================================================================
----------------- testing Fri Jul 12 17:14:28 UTC 2019 /home/travis/build/icyphy/ptII/ptolemy/actor/lib/test/auto/PublisherSubscriber.xml
----------------- Instantiating /home/travis/build/icyphy/ptII/ptolemy/actor/lib/test/auto/PublisherSubscriber.xml
3 ms. Memory: 583680K Free: 316559K (54%)
----------------- Invoking toplevel() on ptolemy.moml.MoMLSimpleApplication@330ab9a9
----------------- Done invoking toplevel() on ptolemy.moml.MoMLSimpleApplication@330ab9a9
reloadAllAccessors: .PublisherSubscriber

===========================================================================================
----------------- testing Fri Jul 12 17:14:28 UTC 2019 /home/travis/build/icyphy/ptII/ptolemy/actor/lib/test/auto/PublisherSubscriber10.xml
----------------- Instantiating /home/travis/build/icyphy/ptII/ptolemy/actor/lib/test/auto/PublisherSubscriber10.xml
6 ms. Memory: 583680K Free: 306863K (53%)
----------------- Invoking toplevel() on ptolemy.moml.MoMLSimpleApplication@406b5392
----------------- Done invoking toplevel() on ptolemy.moml.MoMLSimpleApplication@406b5392
reloadAllAccessors: .PublisherSubscriber10

===========================================================================================
----------------- testing Fri Jul 12 17:14:28 UTC 2019 /home/travis/build/icyphy/ptII/ptolemy/actor/lib/test/auto/PublisherSubscriber10InitialOutputs.xml
----------------- Instantiating /home/travis/build/icyphy/ptII/ptolemy/actor/lib/test/auto/PublisherSubscriber10InitialOutputs.xml
12 ms. Memory: 583680K Free: 297133K (51%)
----------------- Invoking toplevel() on ptolemy.moml.MoMLSimpleApplication@5d758142
----------------- Done invoking toplevel() on ptolemy.moml.MoMLSimpleApplication@5d758142
reloadAllAccessors: .PublisherSubscriber10InitialOutputs

===========================================================================================
----------------- testing Fri Jul 12 17:14:29 UTC 2019 /home/travis/build/icyphy/ptII/ptolemy/actor/lib/test/auto/PublisherSubscriber11.xml
----------------- Instantiating /home/travis/build/icyphy/ptII/ptolemy/actor/lib/test/auto/PublisherSubscriber11.xml
3 ms. Memory: 583680K Free: 290479K (50%)
----------------- Invoking toplevel() on ptolemy.moml.MoMLSimpleApplication@11183173
----------------- Done invoking toplevel() on ptolemy.moml.MoMLSimpleApplication@11183173
reloadAllAccessors: .PublisherSubscriber11

===========================================================================================
----------------- testing Fri Jul 12 17:14:29 UTC 2019 /home/travis/build/icyphy/ptII/ptolemy/actor/lib/test/auto/PublisherSubscriber12.xml
----------------- Instantiating /home/travis/build/icyphy/ptII/ptolemy/actor/lib/test/auto/PublisherSubscriber12.xml
4 ms. Memory: 583680K Free: 283311K (49%)
----------------- Invoking toplevel() on ptolemy.moml.MoMLSimpleApplication@7d7ee4f3
----------------- Done invoking toplevel() on ptolemy.moml.MoMLSimpleApplication@7d7ee4f3
reloadAllAccessors: .PublisherSubscriber12

===========================================================================================
----------------- testing Fri Jul 12 17:14:29 UTC 2019 /home/travis/build/icyphy/ptII/ptolemy/actor/lib/test/auto/PublisherSubscriber13.xml
----------------- Instantiating /home/travis/build/icyphy/ptII/ptolemy/actor/lib/test/auto/PublisherSubscriber13.xml
3 ms. Memory: 583680K Free: 277647K (48%)
----------------- Invoking toplevel() on ptolemy.moml.MoMLSimpleApplication@78f651cd
----------------- Done invoking toplevel() on ptolemy.moml.MoMLSimpleApplication@78f651cd
reloadAllAccessors: .PublisherSubscriber13

===========================================================================================
----------------- testing Fri Jul 12 17:14:29 UTC 2019 /home/travis/build/icyphy/ptII/ptolemy/actor/lib/test/auto/PublisherSubscriber14.xml
----------------- Instantiating /home/travis/build/icyphy/ptII/ptolemy/actor/lib/test/auto/PublisherSubscriber14.xml
4 ms. Memory: 583680K Free: 268975K (46%)
----------------- Invoking toplevel() on ptolemy.moml.MoMLSimpleApplication@2a3b1acb
----------------- Done invoking toplevel() on ptolemy.moml.MoMLSimpleApplication@2a3b1acb
reloadAllAccessors: .PublisherSubscriber14

===========================================================================================
----------------- testing Fri Jul 12 17:14:29 UTC 2019 /home/travis/build/icyphy/ptII/ptolemy/actor/lib/test/auto/PublisherSubscriber2.xml
----------------- Instantiating /home/travis/build/icyphy/ptII/ptolemy/actor/lib/test/auto/PublisherSubscriber2.xml
3 ms. Memory: 583680K Free: 263327K (45%)
----------------- Invoking toplevel() on ptolemy.moml.MoMLSimpleApplication@6d343518
----------------- Done invoking toplevel() on ptolemy.moml.MoMLSimpleApplication@6d343518
reloadAllAccessors: .PublisherSubscriber2

===========================================================================================
----------------- testing Fri Jul 12 17:14:29 UTC 2019 /home/travis/build/icyphy/ptII/ptolemy/actor/lib/test/auto/PublisherSubscriber3.xml
----------------- Instantiating /home/travis/build/icyphy/ptII/ptolemy/actor/lib/test/auto/PublisherSubscriber3.xml
2 ms. Memory: 583680K Free: 257167K (44%)
----------------- Invoking toplevel() on ptolemy.moml.MoMLSimpleApplication@74d70090
----------------- Done invoking toplevel() on ptolemy.moml.MoMLSimpleApplication@74d70090
reloadAllAccessors: .PublisherSubscriber3

===========================================================================================
----------------- testing Fri Jul 12 17:14:29 UTC 2019 /home/travis/build/icyphy/ptII/ptolemy/actor/lib/test/auto/PublisherSubscriber4.xml
----------------- Instantiating /home/travis/build/icyphy/ptII/ptolemy/actor/lib/test/auto/PublisherSubscriber4.xml
1 ms. Memory: 583680K Free: 252047K (43%)
----------------- Invoking toplevel() on ptolemy.moml.MoMLSimpleApplication@188a1fbb
----------------- Done invoking toplevel() on ptolemy.moml.MoMLSimpleApplication@188a1fbb
reloadAllAccessors: .PublisherSubscriber4

===========================================================================================
----------------- testing Fri Jul 12 17:14:29 UTC 2019 /home/travis/build/icyphy/ptII/ptolemy/actor/lib/test/auto/PublisherSubscriber5.xml
----------------- Instantiating /home/travis/build/icyphy/ptII/ptolemy/actor/lib/test/auto/PublisherSubscriber5.xml
2 ms. Memory: 583680K Free: 245423K (42%)
----------------- Invoking toplevel() on ptolemy.moml.MoMLSimpleApplication@73b13722
----------------- Done invoking toplevel() on ptolemy.moml.MoMLSimpleApplication@73b13722
reloadAllAccessors: .PublisherSubscriber5

===========================================================================================
----------------- testing Fri Jul 12 17:14:29 UTC 2019 /home/travis/build/icyphy/ptII/ptolemy/actor/lib/test/auto/PublisherSubscriber6.xml
----------------- Instantiating /home/travis/build/icyphy/ptII/ptolemy/actor/lib/test/auto/PublisherSubscriber6.xml
4 ms. Memory: 583680K Free: 238765K (41%)
----------------- Invoking toplevel() on ptolemy.moml.MoMLSimpleApplication@7d52cd1d
----------------- Done invoking toplevel() on ptolemy.moml.MoMLSimpleApplication@7d52cd1d
reloadAllAccessors: .PublisherSubscriber6

===========================================================================================
----------------- testing Fri Jul 12 17:14:29 UTC 2019 /home/travis/build/icyphy/ptII/ptolemy/actor/lib/test/auto/PublisherSubscriber7.xml
----------------- Instantiating /home/travis/build/icyphy/ptII/ptolemy/actor/lib/test/auto/PublisherSubscriber7.xml
7 ms. Memory: 583680K Free: 232111K (40%)
----------------- Invoking toplevel() on ptolemy.moml.MoMLSimpleApplication@204c2d39
----------------- Done invoking toplevel() on ptolemy.moml.MoMLSimpleApplication@204c2d39
reloadAllAccessors: .PublisherSubscriber7

===========================================================================================
----------------- testing Fri Jul 12 17:14:29 UTC 2019 /home/travis/build/icyphy/ptII/ptolemy/actor/lib/test/auto/PublisherSubscriber8.xml
----------------- Instantiating /home/travis/build/icyphy/ptII/ptolemy/actor/lib/test/auto/PublisherSubscriber8.xml
19 ms. Memory: 583680K Free: 220333K (38%)
----------------- Invoking toplevel() on ptolemy.moml.MoMLSimpleApplication@5db2fbb2
----------------- Done invoking toplevel() on ptolemy.moml.MoMLSimpleApplication@5db2fbb2
reloadAllAccessors: .PublisherSubscriber8

===========================================================================================
----------------- testing Fri Jul 12 17:14:29 UTC 2019 /home/travis/build/icyphy/ptII/ptolemy/actor/lib/test/auto/PublisherSubscriber9.xml
----------------- Instantiating /home/travis/build/icyphy/ptII/ptolemy/actor/lib/test/auto/PublisherSubscriber9.xml
3 ms. Memory: 583680K Free: 212655K (36%)
----------------- Invoking toplevel() on ptolemy.moml.MoMLSimpleApplication@3dfa21aa
----------------- Done invoking toplevel() on ptolemy.moml.MoMLSimpleApplication@3dfa21aa
reloadAllAccessors: .PublisherSubscriber9

===========================================================================================
----------------- testing Fri Jul 12 17:14:29 UTC 2019 /home/travis/build/icyphy/ptII/ptolemy/actor/lib/test/auto/PublisherSubscriberAdjacent.xml
----------------- Instantiating /home/travis/build/icyphy/ptII/ptolemy/actor/lib/test/auto/PublisherSubscriberAdjacent.xml
2 ms. Memory: 583680K Free: 204463K (35%)
----------------- Invoking toplevel() on ptolemy.moml.MoMLSimpleApplication@35de4377
----------------- Done invoking toplevel() on ptolemy.moml.MoMLSimpleApplication@35de4377
reloadAllAccessors: .PublisherSubscriberAdjacent

===========================================================================================
----------------- testing Fri Jul 12 17:14:29 UTC 2019 /home/travis/build/icyphy/ptII/ptolemy/actor/lib/test/auto/PublisherSubscriberChannelVariablesAOC2.xml
----------------- Instantiating /home/travis/build/icyphy/ptII/ptolemy/actor/lib/test/auto/PublisherSubscriberChannelVariablesAOC2.xml
3 ms. Memory: 583680K Free: 189613K (32%)
----------------- Invoking toplevel() on ptolemy.moml.MoMLSimpleApplication@6088556f
----------------- Done invoking toplevel() on ptolemy.moml.MoMLSimpleApplication@6088556f
reloadAllAccessors: .PublisherSubscriberChannelVariablesAOC2

===========================================================================================
----------------- testing Fri Jul 12 17:14:29 UTC 2019 /home/travis/build/icyphy/ptII/ptolemy/actor/lib/test/auto/PublisherSubscriberD3.xml
----------------- Instantiating /home/travis/build/icyphy/ptII/ptolemy/actor/lib/test/auto/PublisherSubscriberD3.xml
2 ms. Memory: 583680K Free: 529374K (91%)
----------------- Invoking toplevel() on ptolemy.moml.MoMLSimpleApplication@4664eac2
----------------- Done invoking toplevel() on ptolemy.moml.MoMLSimpleApplication@4664eac2
reloadAllAccessors: .PublisherSubscriberD3

===========================================================================================
----------------- testing Fri Jul 12 17:14:29 UTC 2019 /home/travis/build/icyphy/ptII/ptolemy/actor/lib/test/auto/PublisherSubscriberD3Reverse.xml
----------------- Instantiating /home/travis/build/icyphy/ptII/ptolemy/actor/lib/test/auto/PublisherSubscriberD3Reverse.xml
1 ms. Memory: 583680K Free: 522720K (90%)
----------------- Invoking toplevel() on ptolemy.moml.MoMLSimpleApplication@2c276e9c
----------------- Done invoking toplevel() on ptolemy.moml.MoMLSimpleApplication@2c276e9c
reloadAllAccessors: .PublisherSubscriberD3Reverse

===========================================================================================
----------------- testing Fri Jul 12 17:14:29 UTC 2019 /home/travis/build/icyphy/ptII/ptolemy/actor/lib/test/auto/PublisherSubscriberExpression.xml
----------------- Instantiating /home/travis/build/icyphy/ptII/ptolemy/actor/lib/test/auto/PublisherSubscriberExpression.xml
3 ms. Memory: 583680K Free: 513984K (88%)
----------------- Invoking toplevel() on ptolemy.moml.MoMLSimpleApplication@48f0cd15
----------------- Done invoking toplevel() on ptolemy.moml.MoMLSimpleApplication@48f0cd15
reloadAllAccessors: .PublisherSubscriberExpression

===========================================================================================
----------------- testing Fri Jul 12 17:14:29 UTC 2019 /home/travis/build/icyphy/ptII/ptolemy/actor/lib/test/auto/PublisherSubscriberOpaque.xml
----------------- Instantiating /home/travis/build/icyphy/ptII/ptolemy/actor/lib/test/auto/PublisherSubscriberOpaque.xml
4 ms. Memory: 583680K Free: 505822K (87%)
----------------- Invoking toplevel() on ptolemy.moml.MoMLSimpleApplication@64d12dce
----------------- Done invoking toplevel() on ptolemy.moml.MoMLSimpleApplication@64d12dce
reloadAllAccessors: .PublisherSubscriberOpaque

===========================================================================================
----------------- testing Fri Jul 12 17:14:29 UTC 2019 /home/travis/build/icyphy/ptII/ptolemy/actor/lib/test/auto/PublisherSubscriberOpaqueD3.xml
----------------- Instantiating /home/travis/build/icyphy/ptII/ptolemy/actor/lib/test/auto/PublisherSubscriberOpaqueD3.xml
6 ms. Memory: 583680K Free: 494558K (85%)
----------------- Invoking toplevel() on ptolemy.moml.MoMLSimpleApplication@7993235
----------------- Done invoking toplevel() on ptolemy.moml.MoMLSimpleApplication@7993235
reloadAllAccessors: .PublisherSubscriberOpaqueD3

===========================================================================================
----------------- testing Fri Jul 12 17:14:29 UTC 2019 /home/travis/build/icyphy/ptII/ptolemy/actor/lib/test/auto/PublisherSubscriberOpaqueD3Reverse.xml
----------------- Instantiating /home/travis/build/icyphy/ptII/ptolemy/actor/lib/test/auto/PublisherSubscriberOpaqueD3Reverse.xml
7 ms. Memory: 583680K Free: 483808K (83%)
----------------- Invoking toplevel() on ptolemy.moml.MoMLSimpleApplication@37cc1751
----------------- Done invoking toplevel() on ptolemy.moml.MoMLSimpleApplication@37cc1751
reloadAllAccessors: .PublisherSubscriberOpaqueD3Reverse

===========================================================================================
----------------- testing Fri Jul 12 17:14:29 UTC 2019 /home/travis/build/icyphy/ptII/ptolemy/actor/lib/test/auto/PublisherSubscriberOpaqueWidthInference.xml
----------------- Instantiating /home/travis/build/icyphy/ptII/ptolemy/actor/lib/test/auto/PublisherSubscriberOpaqueWidthInference.xml
4 ms. Memory: 583680K Free: 475088K (81%)
----------------- Invoking toplevel() on ptolemy.moml.MoMLSimpleApplication@6e8d26e2
----------------- Done invoking toplevel() on ptolemy.moml.MoMLSimpleApplication@6e8d26e2
reloadAllAccessors: .PublisherSubscriberOpaqueWidthInference

===========================================================================================
----------------- testing Fri Jul 12 17:14:29 UTC 2019 /home/travis/build/icyphy/ptII/ptolemy/actor/lib/test/auto/PublisherTestSubscriber.xml
----------------- Instantiating /home/travis/build/icyphy/ptII/ptolemy/actor/lib/test/auto/PublisherTestSubscriber.xml
2 ms. Memory: 583680K Free: 467424K (80%)
----------------- Invoking toplevel() on ptolemy.moml.MoMLSimpleApplication@68d329b7
----------------- Done invoking toplevel() on ptolemy.moml.MoMLSimpleApplication@68d329b7
reloadAllAccessors: .PublisherTestSubscriber

===========================================================================================
----------------- testing Fri Jul 12 17:14:29 UTC 2019 /home/travis/build/icyphy/ptII/ptolemy/actor/lib/test/auto/PublisherToplevelSubscriberPortAOC.xml
----------------- Instantiating /home/travis/build/icyphy/ptII/ptolemy/actor/lib/test/auto/PublisherToplevelSubscriberPortAOC.xml
2 ms. Memory: 583680K Free: 460752K (79%)
----------------- Invoking toplevel() on ptolemy.moml.MoMLSimpleApplication@4c653934
----------------- Done invoking toplevel() on ptolemy.moml.MoMLSimpleApplication@4c653934
reloadAllAccessors: .PublisherToplevelSubscriberPortAOC

===========================================================================================
----------------- testing Fri Jul 12 17:14:29 UTC 2019 /home/travis/build/icyphy/ptII/ptolemy/actor/lib/test/auto/PulseFiringLimitDE.xml
----------------- Instantiating /home/travis/build/icyphy/ptII/ptolemy/actor/lib/test/auto/PulseFiringLimitDE.xml
1 ms. Memory: 583680K Free: 454112K (78%)
----------------- Invoking toplevel() on ptolemy.moml.MoMLSimpleApplication@23e317fc
----------------- Done invoking toplevel() on ptolemy.moml.MoMLSimpleApplication@23e317fc
reloadAllAccessors: .PulseFiringLimitDE

===========================================================================================
----------------- testing Fri Jul 12 17:14:29 UTC 2019 /home/travis/build/icyphy/ptII/ptolemy/actor/lib/test/auto/Ramp1.xml
----------------- Instantiating /home/travis/build/icyphy/ptII/ptolemy/actor/lib/test/auto/Ramp1.xml
1 ms. Memory: 583680K Free: 449496K (77%)
----------------- Invoking toplevel() on ptolemy.moml.MoMLSimpleApplication@4fe4ed3e
----------------- Done invoking toplevel() on ptolemy.moml.MoMLSimpleApplication@4fe4ed3e
reloadAllAccessors: .Ramp1

===========================================================================================
----------------- testing Fri Jul 12 17:14:29 UTC 2019 /home/travis/build/icyphy/ptII/ptolemy/actor/lib/test/auto/RampFiringLimitDE.xml
----------------- Instantiating /home/travis/build/icyphy/ptII/ptolemy/actor/lib/test/auto/RampFiringLimitDE.xml
2 ms. Memory: 583680K Free: 443344K (76%)
----------------- Invoking toplevel() on ptolemy.moml.MoMLSimpleApplication@4bc5a715
----------------- Done invoking toplevel() on ptolemy.moml.MoMLSimpleApplication@4bc5a715
reloadAllAccessors: .RampFiringLimitDE

===========================================================================================
----------------- testing Fri Jul 12 17:14:29 UTC 2019 /home/travis/build/icyphy/ptII/ptolemy/actor/lib/test/auto/RampFiringLimitSDF.xml
----------------- Instantiating /home/travis/build/icyphy/ptII/ptolemy/actor/lib/test/auto/RampFiringLimitSDF.xml
1 ms. Memory: 583680K Free: 438208K (75%)
----------------- Invoking toplevel() on ptolemy.moml.MoMLSimpleApplication@73c24467
----------------- Done invoking toplevel() on ptolemy.moml.MoMLSimpleApplication@73c24467
reloadAllAccessors: .RampFiringLimitSDF

===========================================================================================
----------------- testing Fri Jul 12 17:14:29 UTC 2019 /home/travis/build/icyphy/ptII/ptolemy/actor/lib/test/auto/RandomInteger.xml
----------------- Instantiating /home/travis/build/icyphy/ptII/ptolemy/actor/lib/test/auto/RandomInteger.xml
1 ms. Memory: 583680K Free: 434142K (74%)
----------------- Invoking toplevel() on ptolemy.moml.MoMLSimpleApplication@7fdbdc49
----------------- Done invoking toplevel() on ptolemy.moml.MoMLSimpleApplication@7fdbdc49
reloadAllAccessors: .RandomInteger

===========================================================================================
----------------- testing Fri Jul 12 17:14:29 UTC 2019 /home/travis/build/icyphy/ptII/ptolemy/actor/lib/test/auto/ReadFile1.xml
----------------- Instantiating /home/travis/build/icyphy/ptII/ptolemy/actor/lib/test/auto/ReadFile1.xml
2 ms. Memory: 583680K Free: 429536K (74%)
----------------- Invoking toplevel() on ptolemy.moml.MoMLSimpleApplication@1753dad7
----------------- Done invoking toplevel() on ptolemy.moml.MoMLSimpleApplication@1753dad7
reloadAllAccessors: .ReadFile1

===========================================================================================
----------------- testing Fri Jul 12 17:14:29 UTC 2019 /home/travis/build/icyphy/ptII/ptolemy/actor/lib/test/auto/ReadFile2.xml
----------------- Instantiating /home/travis/build/icyphy/ptII/ptolemy/actor/lib/test/auto/ReadFile2.xml
1 ms. Memory: 583680K Free: 424926K (73%)
----------------- Invoking toplevel() on ptolemy.moml.MoMLSimpleApplication@3151262a
----------------- Done invoking toplevel() on ptolemy.moml.MoMLSimpleApplication@3151262a
reloadAllAccessors: .ReadFile2

===========================================================================================
----------------- testing Fri Jul 12 17:14:29 UTC 2019 /home/travis/build/icyphy/ptII/ptolemy/actor/lib/test/auto/Reader.xml
----------------- Instantiating /home/travis/build/icyphy/ptII/ptolemy/actor/lib/test/auto/Reader.xml
actor.lib.Reader is obsolete, use actor.lib.io.ExpressionReader instead
4 ms. Memory: 583680K Free: 420830K (72%)
----------------- Invoking toplevel() on ptolemy.moml.MoMLSimpleApplication@3929de75
----------------- Done invoking toplevel() on ptolemy.moml.MoMLSimpleApplication@3929de75
reloadAllAccessors: .Reader

===========================================================================================
----------------- testing Fri Jul 12 17:14:29 UTC 2019 /home/travis/build/icyphy/ptII/ptolemy/actor/lib/test/auto/RecordAssemblerDisplayNameTest.xml
----------------- Instantiating /home/travis/build/icyphy/ptII/ptolemy/actor/lib/test/auto/RecordAssemblerDisplayNameTest.xml
3910 ms. Memory: 583680K Free: 269792K (46%)
----------------- Invoking toplevel() on ptolemy.moml.MoMLSimpleApplication@4c2436f3
----------------- Done invoking toplevel() on ptolemy.moml.MoMLSimpleApplication@4c2436f3
reloadAllAccessors: .RecordAssemblerDisplayNameTest

===========================================================================================
----------------- testing Fri Jul 12 17:14:33 UTC 2019 /home/travis/build/icyphy/ptII/ptolemy/actor/lib/test/auto/RecordAssemblerTypeError.xml
----------------- Instantiating /home/travis/build/icyphy/ptII/ptolemy/actor/lib/test/auto/RecordAssemblerTypeError.xml
12 ms. Memory: 583680K Free: 260062K (45%)
----------------- Invoking toplevel() on ptolemy.moml.MoMLSimpleApplication@531398c0
----------------- Done invoking toplevel() on ptolemy.moml.MoMLSimpleApplication@531398c0
reloadAllAccessors: .RecordAssemblerTypeError

===========================================================================================
----------------- testing Fri Jul 12 17:14:33 UTC 2019 /home/travis/build/icyphy/ptII/ptolemy/actor/lib/test/auto/RecordDisassember.xml
----------------- Instantiating /home/travis/build/icyphy/ptII/ptolemy/actor/lib/test/auto/RecordDisassember.xml
2 ms. Memory: 583680K Free: 254936K (44%)
----------------- Invoking toplevel() on ptolemy.moml.MoMLSimpleApplication@577f2f5c
----------------- Done invoking toplevel() on ptolemy.moml.MoMLSimpleApplication@577f2f5c
reloadAllAccessors: .RecordDisassember

===========================================================================================
----------------- testing Fri Jul 12 17:14:33 UTC 2019 /home/travis/build/icyphy/ptII/ptolemy/actor/lib/test/auto/RecordDisassemberDisplayNameTest.xml
----------------- Instantiating /home/travis/build/icyphy/ptII/ptolemy/actor/lib/test/auto/RecordDisassemberDisplayNameTest.xml
4 ms. Memory: 583680K Free: 246750K (42%)
----------------- Invoking toplevel() on ptolemy.moml.MoMLSimpleApplication@7fda1177
----------------- Done invoking toplevel() on ptolemy.moml.MoMLSimpleApplication@7fda1177
reloadAllAccessors: .RecordDisassemberDisplayNameTest

===========================================================================================
----------------- testing Fri Jul 12 17:14:33 UTC 2019 /home/travis/build/icyphy/ptII/ptolemy/actor/lib/test/auto/RecordDisassembler.xml
----------------- Instantiating /home/travis/build/icyphy/ptII/ptolemy/actor/lib/test/auto/RecordDisassembler.xml
3 ms. Memory: 583680K Free: 241624K (41%)
----------------- Invoking toplevel() on ptolemy.moml.MoMLSimpleApplication@7413b4c8
----------------- Done invoking toplevel() on ptolemy.moml.MoMLSimpleApplication@7413b4c8
reloadAllAccessors: .RecordDisassembler

===========================================================================================
----------------- testing Fri Jul 12 17:14:33 UTC 2019 /home/travis/build/icyphy/ptII/ptolemy/actor/lib/test/auto/RecordDisassembler2.xml
----------------- Instantiating /home/travis/build/icyphy/ptII/ptolemy/actor/lib/test/auto/RecordDisassembler2.xml
2 ms. Memory: 583680K Free: 236496K (41%)
----------------- Invoking toplevel() on ptolemy.moml.MoMLSimpleApplication@35169dcf
----------------- Done invoking toplevel() on ptolemy.moml.MoMLSimpleApplication@35169dcf
reloadAllAccessors: .RecordDisassembler2

===========================================================================================
----------------- testing Fri Jul 12 17:14:33 UTC 2019 /home/travis/build/icyphy/ptII/ptolemy/actor/lib/test/auto/RecordUpdater.xml
----------------- Instantiating /home/travis/build/icyphy/ptII/ptolemy/actor/lib/test/auto/RecordUpdater.xml
2 ms. Memory: 583680K Free: 231904K (40%)
----------------- Invoking toplevel() on ptolemy.moml.MoMLSimpleApplication@533f2ea1
----------------- Done invoking toplevel() on ptolemy.moml.MoMLSimpleApplication@533f2ea1
reloadAllAccessors: .RecordUpdater

===========================================================================================
----------------- testing Fri Jul 12 17:14:33 UTC 2019 /home/travis/build/icyphy/ptII/ptolemy/actor/lib/test/auto/RecordUpdater2.xml
----------------- Instantiating /home/travis/build/icyphy/ptII/ptolemy/actor/lib/test/auto/RecordUpdater2.xml
1 ms. Memory: 583680K Free: 226270K (39%)
----------------- Invoking toplevel() on ptolemy.moml.MoMLSimpleApplication@2f6ef2dc
----------------- Done invoking toplevel() on ptolemy.moml.MoMLSimpleApplication@2f6ef2dc
reloadAllAccessors: .RecordUpdater2

===========================================================================================
----------------- testing Fri Jul 12 17:14:33 UTC 2019 /home/travis/build/icyphy/ptII/ptolemy/actor/lib/test/auto/RecursiveLattice.xml
----------------- Instantiating /home/travis/build/icyphy/ptII/ptolemy/actor/lib/test/auto/RecursiveLattice.xml
2 ms. Memory: 583680K Free: 222174K (38%)
----------------- Invoking toplevel() on ptolemy.moml.MoMLSimpleApplication@24e818a
----------------- Done invoking toplevel() on ptolemy.moml.MoMLSimpleApplication@24e818a
reloadAllAccessors: .RecursiveLattice

===========================================================================================
----------------- testing Fri Jul 12 17:14:33 UTC 2019 /home/travis/build/icyphy/ptII/ptolemy/actor/lib/test/auto/Router.xml
----------------- Instantiating /home/travis/build/icyphy/ptII/ptolemy/actor/lib/test/auto/Router.xml
3006 ms. Memory: 583680K Free: 211424K (36%)
----------------- Invoking toplevel() on ptolemy.moml.MoMLSimpleApplication@31d18f6c
----------------- Done invoking toplevel() on ptolemy.moml.MoMLSimpleApplication@31d18f6c
reloadAllAccessors: .Router

===========================================================================================
----------------- testing Fri Jul 12 17:14:36 UTC 2019 /home/travis/build/icyphy/ptII/ptolemy/actor/lib/test/auto/Router2.xml
----------------- Instantiating /home/travis/build/icyphy/ptII/ptolemy/actor/lib/test/auto/Router2.xml
3007 ms. Memory: 583680K Free: 200670K (34%)
----------------- Invoking toplevel() on ptolemy.moml.MoMLSimpleApplication@4ffbc341
----------------- Done invoking toplevel() on ptolemy.moml.MoMLSimpleApplication@4ffbc341
reloadAllAccessors: .Router2

===========================================================================================
----------------- testing Fri Jul 12 17:14:39 UTC 2019 /home/travis/build/icyphy/ptII/ptolemy/actor/lib/test/auto/RunningMaximum.xml
----------------- Instantiating /home/travis/build/icyphy/ptII/ptolemy/actor/lib/test/auto/RunningMaximum.xml
2 ms. Memory: 583680K Free: 195550K (34%)
----------------- Invoking toplevel() on ptolemy.moml.MoMLSimpleApplication@4d128ed7
----------------- Done invoking toplevel() on ptolemy.moml.MoMLSimpleApplication@4d128ed7
reloadAllAccessors: .RunningMaximum

===========================================================================================
----------------- testing Fri Jul 12 17:14:39 UTC 2019 /home/travis/build/icyphy/ptII/ptolemy/actor/lib/test/auto/RunningMinimum.xml
----------------- Instantiating /home/travis/build/icyphy/ptII/ptolemy/actor/lib/test/auto/RunningMinimum.xml
7 ms. Memory: 583680K Free: 190944K (33%)
----------------- Invoking toplevel() on ptolemy.moml.MoMLSimpleApplication@73710136
----------------- Done invoking toplevel() on ptolemy.moml.MoMLSimpleApplication@73710136
reloadAllAccessors: .RunningMinimum

===========================================================================================
----------------- testing Fri Jul 12 17:14:39 UTC 2019 /home/travis/build/icyphy/ptII/ptolemy/actor/lib/test/auto/Scale.xml
----------------- Instantiating /home/travis/build/icyphy/ptII/ptolemy/actor/lib/test/auto/Scale.xml
2 ms. Memory: 583680K Free: 533724K (91%)
----------------- Invoking toplevel() on ptolemy.moml.MoMLSimpleApplication@6d7a46c3
----------------- Done invoking toplevel() on ptolemy.moml.MoMLSimpleApplication@6d7a46c3
reloadAllAccessors: .Scale

===========================================================================================
----------------- testing Fri Jul 12 17:14:39 UTC 2019 /home/travis/build/icyphy/ptII/ptolemy/actor/lib/test/auto/Scale2.xml
----------------- Instantiating /home/travis/build/icyphy/ptII/ptolemy/actor/lib/test/auto/Scale2.xml
1 ms. Memory: 583680K Free: 528604K (91%)
----------------- Invoking toplevel() on ptolemy.moml.MoMLSimpleApplication@7828836d
----------------- Done invoking toplevel() on ptolemy.moml.MoMLSimpleApplication@7828836d
reloadAllAccessors: .Scale2

===========================================================================================
----------------- testing Fri Jul 12 17:14:39 UTC 2019 /home/travis/build/icyphy/ptII/ptolemy/actor/lib/test/auto/Scale3.xml
----------------- Instantiating /home/travis/build/icyphy/ptII/ptolemy/actor/lib/test/auto/Scale3.xml
3 ms. Memory: 583680K Free: 522460K (90%)
----------------- Invoking toplevel() on ptolemy.moml.MoMLSimpleApplication@27ec0250
----------------- Done invoking toplevel() on ptolemy.moml.MoMLSimpleApplication@27ec0250
reloadAllAccessors: .Scale3

===========================================================================================
----------------- testing Fri Jul 12 17:14:39 UTC 2019 /home/travis/build/icyphy/ptII/ptolemy/actor/lib/test/auto/ScaleArray.xml
----------------- Instantiating /home/travis/build/icyphy/ptII/ptolemy/actor/lib/test/auto/ScaleArray.xml
1 ms. Memory: 583680K Free: 517340K (89%)
----------------- Invoking toplevel() on ptolemy.moml.MoMLSimpleApplication@11dbf69a
----------------- Done invoking toplevel() on ptolemy.moml.MoMLSimpleApplication@11dbf69a
reloadAllAccessors: .ScaleArray

===========================================================================================
----------------- testing Fri Jul 12 17:14:39 UTC 2019 /home/travis/build/icyphy/ptII/ptolemy/actor/lib/test/auto/ScaleArray2.xml
----------------- Instantiating /home/travis/build/icyphy/ptII/ptolemy/actor/lib/test/auto/ScaleArray2.xml
1 ms. Memory: 583680K Free: 512730K (88%)
----------------- Invoking toplevel() on ptolemy.moml.MoMLSimpleApplication@6db6db2f
----------------- Done invoking toplevel() on ptolemy.moml.MoMLSimpleApplication@6db6db2f
reloadAllAccessors: .ScaleArray2

===========================================================================================
----------------- testing Fri Jul 12 17:14:39 UTC 2019 /home/travis/build/icyphy/ptII/ptolemy/actor/lib/test/auto/ScaleMatrix.xml
----------------- Instantiating /home/travis/build/icyphy/ptII/ptolemy/actor/lib/test/auto/ScaleMatrix.xml
187 ms. Memory: 583680K Free: 497370K (85%)
----------------- Invoking toplevel() on ptolemy.moml.MoMLSimpleApplication@28b6d71a
----------------- Done invoking toplevel() on ptolemy.moml.MoMLSimpleApplication@28b6d71a
reloadAllAccessors: .ScaleMatrix

===========================================================================================
----------------- testing Fri Jul 12 17:14:40 UTC 2019 /home/travis/build/icyphy/ptII/ptolemy/actor/lib/test/auto/Select.xml
----------------- Instantiating /home/travis/build/icyphy/ptII/ptolemy/actor/lib/test/auto/Select.xml
16 ms. Memory: 583680K Free: 490172K (84%)
----------------- Invoking toplevel() on ptolemy.moml.MoMLSimpleApplication@7873e60f
----------------- Done invoking toplevel() on ptolemy.moml.MoMLSimpleApplication@7873e60f
reloadAllAccessors: .Select

===========================================================================================
----------------- testing Fri Jul 12 17:14:40 UTC 2019 /home/travis/build/icyphy/ptII/ptolemy/actor/lib/test/auto/Select2.xml
----------------- Instantiating /home/travis/build/icyphy/ptII/ptolemy/actor/lib/test/auto/Select2.xml
2 ms. Memory: 583680K Free: 485596K (83%)
----------------- Invoking toplevel() on ptolemy.moml.MoMLSimpleApplication@514bc19d
----------------- Done invoking toplevel() on ptolemy.moml.MoMLSimpleApplication@514bc19d
reloadAllAccessors: .Select2

===========================================================================================
----------------- testing Fri Jul 12 17:14:40 UTC 2019 /home/travis/build/icyphy/ptII/ptolemy/actor/lib/test/auto/SequenceToArray2.xml
----------------- Instantiating /home/travis/build/icyphy/ptII/ptolemy/actor/lib/test/auto/SequenceToArray2.xml
95 ms. Memory: 583680K Free: 461530K (79%)
----------------- Invoking toplevel() on ptolemy.moml.MoMLSimpleApplication@2577e158
----------------- Done invoking toplevel() on ptolemy.moml.MoMLSimpleApplication@2577e158
reloadAllAccessors: .SequenceToArray2

===========================================================================================
----------------- testing Fri Jul 12 17:14:40 UTC 2019 /home/travis/build/icyphy/ptII/ptolemy/actor/lib/test/auto/SequentialClock.xml
----------------- Instantiating /home/travis/build/icyphy/ptII/ptolemy/actor/lib/test/auto/SequentialClock.xml
1 ms. Memory: 583680K Free: 457434K (78%)
----------------- Invoking toplevel() on ptolemy.moml.MoMLSimpleApplication@d3662f5
----------------- Done invoking toplevel() on ptolemy.moml.MoMLSimpleApplication@d3662f5
reloadAllAccessors: .SequentialClock

===========================================================================================
----------------- testing Fri Jul 12 17:14:40 UTC 2019 /home/travis/build/icyphy/ptII/ptolemy/actor/lib/test/auto/SetVariable.xml
----------------- Instantiating /home/travis/build/icyphy/ptII/ptolemy/actor/lib/test/auto/SetVariable.xml
2 ms. Memory: 583680K Free: 452314K (77%)
----------------- Invoking toplevel() on ptolemy.moml.MoMLSimpleApplication@24770d81
----------------- Done invoking toplevel() on ptolemy.moml.MoMLSimpleApplication@24770d81
reloadAllAccessors: .SetVariable

===========================================================================================
----------------- testing Fri Jul 12 17:14:40 UTC 2019 /home/travis/build/icyphy/ptII/ptolemy/actor/lib/test/auto/SetVariable2.xml
----------------- Instantiating /home/travis/build/icyphy/ptII/ptolemy/actor/lib/test/auto/SetVariable2.xml
4 ms. Memory: 583680K Free: 446684K (77%)
----------------- Invoking toplevel() on ptolemy.moml.MoMLSimpleApplication@41b20eb4
----------------- Done invoking toplevel() on ptolemy.moml.MoMLSimpleApplication@41b20eb4
reloadAllAccessors: .SetVariable2

===========================================================================================
----------------- testing Fri Jul 12 17:14:40 UTC 2019 /home/travis/build/icyphy/ptII/ptolemy/actor/lib/test/auto/SetVariable3.xml
----------------- Instantiating /home/travis/build/icyphy/ptII/ptolemy/actor/lib/test/auto/SetVariable3.xml
7 ms. Memory: 583680K Free: 441564K (76%)
----------------- Invoking toplevel() on ptolemy.moml.MoMLSimpleApplication@7d4f0c11
----------------- Done invoking toplevel() on ptolemy.moml.MoMLSimpleApplication@7d4f0c11
reloadAllAccessors: .SetVariable3

===========================================================================================
----------------- testing Fri Jul 12 17:14:40 UTC 2019 /home/travis/build/icyphy/ptII/ptolemy/actor/lib/test/auto/SetVariable4.xml
----------------- Instantiating /home/travis/build/icyphy/ptII/ptolemy/actor/lib/test/auto/SetVariable4.xml
17 ms. Memory: 583680K Free: 432348K (74%)
----------------- Invoking toplevel() on ptolemy.moml.MoMLSimpleApplication@2e7b96cd
----------------- Done invoking toplevel() on ptolemy.moml.MoMLSimpleApplication@2e7b96cd
reloadAllAccessors: .SetVariable4

===========================================================================================
----------------- testing Fri Jul 12 17:14:40 UTC 2019 /home/travis/build/icyphy/ptII/ptolemy/actor/lib/test/auto/SetVariable5.xml
----------------- Instantiating /home/travis/build/icyphy/ptII/ptolemy/actor/lib/test/auto/SetVariable5.xml
15 ms. Memory: 583680K Free: 423132K (72%)
----------------- Invoking toplevel() on ptolemy.moml.MoMLSimpleApplication@7173b2d
----------------- Done invoking toplevel() on ptolemy.moml.MoMLSimpleApplication@7173b2d
reloadAllAccessors: .SetVariable5

===========================================================================================
----------------- testing Fri Jul 12 17:14:40 UTC 2019 /home/travis/build/icyphy/ptII/ptolemy/actor/lib/test/auto/Sinewave.xml
----------------- Instantiating /home/travis/build/icyphy/ptII/ptolemy/actor/lib/test/auto/Sinewave.xml
4 ms. Memory: 583680K Free: 412892K (71%)
----------------- Invoking toplevel() on ptolemy.moml.MoMLSimpleApplication@2ffae7
----------------- Done invoking toplevel() on ptolemy.moml.MoMLSimpleApplication@2ffae7
reloadAllAccessors: .Sinewave

===========================================================================================
----------------- testing Fri Jul 12 17:14:40 UTC 2019 /home/travis/build/icyphy/ptII/ptolemy/actor/lib/test/auto/Sinewave2.xml
----------------- Instantiating /home/travis/build/icyphy/ptII/ptolemy/actor/lib/test/auto/Sinewave2.xml
7 ms. Memory: 583680K Free: 404172K (69%)
----------------- Invoking toplevel() on ptolemy.moml.MoMLSimpleApplication@2eebb2c1
----------------- Done invoking toplevel() on ptolemy.moml.MoMLSimpleApplication@2eebb2c1
reloadAllAccessors: .Sinewave2

===========================================================================================
----------------- testing Fri Jul 12 17:14:40 UTC 2019 /home/travis/build/icyphy/ptII/ptolemy/actor/lib/test/auto/Sinewave3.xml
----------------- Instantiating /home/travis/build/icyphy/ptII/ptolemy/actor/lib/test/auto/Sinewave3.xml
9 ms. Memory: 583680K Free: 395980K (68%)
----------------- Invoking toplevel() on ptolemy.moml.MoMLSimpleApplication@7d8f18bf
----------------- Done invoking toplevel() on ptolemy.moml.MoMLSimpleApplication@7d8f18bf
reloadAllAccessors: .Sinewave3

===========================================================================================
----------------- testing Fri Jul 12 17:14:40 UTC 2019 /home/travis/build/icyphy/ptII/ptolemy/actor/lib/test/auto/SingleEvent.xml
----------------- Instantiating /home/travis/build/icyphy/ptII/ptolemy/actor/lib/test/auto/SingleEvent.xml
1 ms. Memory: 583680K Free: 391898K (67%)
----------------- Invoking toplevel() on ptolemy.moml.MoMLSimpleApplication@452470b9
----------------- Done invoking toplevel() on ptolemy.moml.MoMLSimpleApplication@452470b9
reloadAllAccessors: .SingleEvent

===========================================================================================
----------------- testing Fri Jul 12 17:14:40 UTC 2019 /home/travis/build/icyphy/ptII/ptolemy/actor/lib/test/auto/Sleep.xml
----------------- Instantiating /home/travis/build/icyphy/ptII/ptolemy/actor/lib/test/auto/Sleep.xml
6003 ms. Memory: 583680K Free: 385754K (66%)
----------------- Invoking toplevel() on ptolemy.moml.MoMLSimpleApplication@5422a77
----------------- Done invoking toplevel() on ptolemy.moml.MoMLSimpleApplication@5422a77
reloadAllAccessors: .Sleep

===========================================================================================
----------------- testing Fri Jul 12 17:14:46 UTC 2019 /home/travis/build/icyphy/ptII/ptolemy/actor/lib/test/auto/SleepMultipleFire.xml
----------------- Instantiating /home/travis/build/icyphy/ptII/ptolemy/actor/lib/test/auto/SleepMultipleFire.xml
1006 ms. Memory: 583680K Free: 379610K (65%)
----------------- Invoking toplevel() on ptolemy.moml.MoMLSimpleApplication@5d9fd973
----------------- Done invoking toplevel() on ptolemy.moml.MoMLSimpleApplication@5d9fd973
reloadAllAccessors: .SleepMultipleFire

===========================================================================================
----------------- testing Fri Jul 12 17:14:47 UTC 2019 /home/travis/build/icyphy/ptII/ptolemy/actor/lib/test/auto/StopDE.xml
----------------- Instantiating /home/travis/build/icyphy/ptII/ptolemy/actor/lib/test/auto/StopDE.xml
4 ms. Memory: 583680K Free: 373980K (64%)
----------------- Invoking toplevel() on ptolemy.moml.MoMLSimpleApplication@72f319cb
----------------- Done invoking toplevel() on ptolemy.moml.MoMLSimpleApplication@72f319cb
reloadAllAccessors: .StopDE

===========================================================================================
----------------- testing Fri Jul 12 17:14:47 UTC 2019 /home/travis/build/icyphy/ptII/ptolemy/actor/lib/test/auto/StopSDF.xml
----------------- Instantiating /home/travis/build/icyphy/ptII/ptolemy/actor/lib/test/auto/StopSDF.xml
2 ms. Memory: 583680K Free: 368860K (63%)
----------------- Invoking toplevel() on ptolemy.moml.MoMLSimpleApplication@5dd2f84d
----------------- Done invoking toplevel() on ptolemy.moml.MoMLSimpleApplication@5dd2f84d
reloadAllAccessors: .StopSDF

===========================================================================================
----------------- testing Fri Jul 12 17:14:47 UTC 2019 /home/travis/build/icyphy/ptII/ptolemy/actor/lib/test/auto/StringConstant.xml
----------------- Instantiating /home/travis/build/icyphy/ptII/ptolemy/actor/lib/test/auto/StringConstant.xml
9 ms. Memory: 583680K Free: 364764K (62%)
----------------- Invoking toplevel() on ptolemy.moml.MoMLSimpleApplication@43cbae72
----------------- Done invoking toplevel() on ptolemy.moml.MoMLSimpleApplication@43cbae72
reloadAllAccessors: .StringConstant

===========================================================================================
----------------- testing Fri Jul 12 17:14:47 UTC 2019 /home/travis/build/icyphy/ptII/ptolemy/actor/lib/test/auto/SubscriberPortInitialValues1.xml
----------------- Instantiating /home/travis/build/icyphy/ptII/ptolemy/actor/lib/test/auto/SubscriberPortInitialValues1.xml
7 ms. Memory: 583680K Free: 356058K (61%)
----------------- Invoking toplevel() on ptolemy.moml.MoMLSimpleApplication@1a3fb116
----------------- Done invoking toplevel() on ptolemy.moml.MoMLSimpleApplication@1a3fb116
reloadAllAccessors: .SubscriberPortInitialValues1

===========================================================================================
----------------- testing Fri Jul 12 17:14:47 UTC 2019 /home/travis/build/icyphy/ptII/ptolemy/actor/lib/test/auto/SubscriberPortInitialValues13.xml
----------------- Instantiating /home/travis/build/icyphy/ptII/ptolemy/actor/lib/test/auto/SubscriberPortInitialValues13.xml
6 ms. Memory: 583680K Free: 343260K (59%)
----------------- Invoking toplevel() on ptolemy.moml.MoMLSimpleApplication@7bce310f
----------------- Done invoking toplevel() on ptolemy.moml.MoMLSimpleApplication@7bce310f
reloadAllAccessors: .SubscriberPortInitialValues13

===========================================================================================
----------------- testing Fri Jul 12 17:14:47 UTC 2019 /home/travis/build/icyphy/ptII/ptolemy/actor/lib/test/auto/SubscriberPortInitialValues14.xml
----------------- Instantiating /home/travis/build/icyphy/ptII/ptolemy/actor/lib/test/auto/SubscriberPortInitialValues14.xml
4 ms. Memory: 583680K Free: 335068K (57%)
----------------- Invoking toplevel() on ptolemy.moml.MoMLSimpleApplication@6dec6d89
----------------- Done invoking toplevel() on ptolemy.moml.MoMLSimpleApplication@6dec6d89
reloadAllAccessors: .SubscriberPortInitialValues14

===========================================================================================
----------------- testing Fri Jul 12 17:14:47 UTC 2019 /home/travis/build/icyphy/ptII/ptolemy/actor/lib/test/auto/SubscriberPortInitialValues2.xml
----------------- Instantiating /home/travis/build/icyphy/ptII/ptolemy/actor/lib/test/auto/SubscriberPortInitialValues2.xml
4 ms. Memory: 583680K Free: 327386K (56%)
----------------- Invoking toplevel() on ptolemy.moml.MoMLSimpleApplication@1dd0579e
----------------- Done invoking toplevel() on ptolemy.moml.MoMLSimpleApplication@1dd0579e
reloadAllAccessors: .SubscriberPortInitialValues2

===========================================================================================
----------------- testing Fri Jul 12 17:14:47 UTC 2019 /home/travis/build/icyphy/ptII/ptolemy/actor/lib/test/auto/SubscriberPortInitialValues3.xml
----------------- Instantiating /home/travis/build/icyphy/ptII/ptolemy/actor/lib/test/auto/SubscriberPortInitialValues3.xml
4 ms. Memory: 583680K Free: 316122K (54%)
----------------- Invoking toplevel() on ptolemy.moml.MoMLSimpleApplication@684ae88a
----------------- Done invoking toplevel() on ptolemy.moml.MoMLSimpleApplication@684ae88a
reloadAllAccessors: .SubscriberPortInitialValues3

===========================================================================================
----------------- testing Fri Jul 12 17:14:47 UTC 2019 /home/travis/build/icyphy/ptII/ptolemy/actor/lib/test/auto/SubscriptionAggregator.xml
----------------- Instantiating /home/travis/build/icyphy/ptII/ptolemy/actor/lib/test/auto/SubscriptionAggregator.xml
2 ms. Memory: 583680K Free: 309468K (53%)
----------------- Invoking toplevel() on ptolemy.moml.MoMLSimpleApplication@2b96665f
----------------- Done invoking toplevel() on ptolemy.moml.MoMLSimpleApplication@2b96665f
reloadAllAccessors: .SubscriptionAggregator

===========================================================================================
----------------- testing Fri Jul 12 17:14:47 UTC 2019 /home/travis/build/icyphy/ptII/ptolemy/actor/lib/test/auto/SubscriptionAggregator2.xml
----------------- Instantiating /home/travis/build/icyphy/ptII/ptolemy/actor/lib/test/auto/SubscriptionAggregator2.xml
2 ms. Memory: 583680K Free: 302300K (52%)
----------------- Invoking toplevel() on ptolemy.moml.MoMLSimpleApplication@46f2ec00
----------------- Done invoking toplevel() on ptolemy.moml.MoMLSimpleApplication@46f2ec00
reloadAllAccessors: .SubscriptionAggregator2

===========================================================================================
----------------- testing Fri Jul 12 17:14:47 UTC 2019 /home/travis/build/icyphy/ptII/ptolemy/actor/lib/test/auto/SubscriptionAggregator3.xml
----------------- Instantiating /home/travis/build/icyphy/ptII/ptolemy/actor/lib/test/auto/SubscriptionAggregator3.xml
3 ms. Memory: 583680K Free: 293084K (50%)
----------------- Invoking toplevel() on ptolemy.moml.MoMLSimpleApplication@735cb7d9
----------------- Done invoking toplevel() on ptolemy.moml.MoMLSimpleApplication@735cb7d9
reloadAllAccessors: .SubscriptionAggregator3

===========================================================================================
----------------- testing Fri Jul 12 17:14:47 UTC 2019 /home/travis/build/icyphy/ptII/ptolemy/actor/lib/test/auto/SubscriptionAggregatorMultiply.xml
----------------- Instantiating /home/travis/build/icyphy/ptII/ptolemy/actor/lib/test/auto/SubscriptionAggregatorMultiply.xml
12 ms. Memory: 583680K Free: 284892K (49%)
----------------- Invoking toplevel() on ptolemy.moml.MoMLSimpleApplication@63f357e7
----------------- Done invoking toplevel() on ptolemy.moml.MoMLSimpleApplication@63f357e7
reloadAllAccessors: .SubscriptionAggregatorMultiply

===========================================================================================
----------------- testing Fri Jul 12 17:14:47 UTC 2019 /home/travis/build/icyphy/ptII/ptolemy/actor/lib/test/auto/SubscriptionAggregatorPortMultiply1.xml
----------------- Instantiating /home/travis/build/icyphy/ptII/ptolemy/actor/lib/test/auto/SubscriptionAggregatorPortMultiply1.xml
3 ms. Memory: 583680K Free: 276700K (47%)
----------------- Invoking toplevel() on ptolemy.moml.MoMLSimpleApplication@6f446757
----------------- Done invoking toplevel() on ptolemy.moml.MoMLSimpleApplication@6f446757
reloadAllAccessors: .SubscriptionAggregatorPortMultiply1

===========================================================================================
----------------- testing Fri Jul 12 17:14:47 UTC 2019 /home/travis/build/icyphy/ptII/ptolemy/actor/lib/test/auto/Switch.xml
----------------- Instantiating /home/travis/build/icyphy/ptII/ptolemy/actor/lib/test/auto/Switch.xml
11 ms. Memory: 583680K Free: 268508K (46%)
----------------- Invoking toplevel() on ptolemy.moml.MoMLSimpleApplication@6c360c5
----------------- Done invoking toplevel() on ptolemy.moml.MoMLSimpleApplication@6c360c5
reloadAllAccessors: .Switch

===========================================================================================
----------------- testing Fri Jul 12 17:14:47 UTC 2019 /home/travis/build/icyphy/ptII/ptolemy/actor/lib/test/auto/Switch2.xml
----------------- Instantiating /home/travis/build/icyphy/ptII/ptolemy/actor/lib/test/auto/Switch2.xml
1 ms. Memory: 583680K Free: 263898K (45%)
----------------- Invoking toplevel() on ptolemy.moml.MoMLSimpleApplication@2e38a08d
----------------- Done invoking toplevel() on ptolemy.moml.MoMLSimpleApplication@2e38a08d
reloadAllAccessors: .Switch2

===========================================================================================
----------------- testing Fri Jul 12 17:14:47 UTC 2019 /home/travis/build/icyphy/ptII/ptolemy/actor/lib/test/auto/SwitchDE.xml
----------------- Instantiating /home/travis/build/icyphy/ptII/ptolemy/actor/lib/test/auto/SwitchDE.xml
3 ms. Memory: 583680K Free: 257244K (44%)
----------------- Invoking toplevel() on ptolemy.moml.MoMLSimpleApplication@3bc69bb2
----------------- Done invoking toplevel() on ptolemy.moml.MoMLSimpleApplication@3bc69bb2
reloadAllAccessors: .SwitchDE

===========================================================================================
----------------- testing Fri Jul 12 17:14:47 UTC 2019 /home/travis/build/icyphy/ptII/ptolemy/actor/lib/test/auto/SynchronizerDE.xml
----------------- Instantiating /home/travis/build/icyphy/ptII/ptolemy/actor/lib/test/auto/SynchronizerDE.xml
8 ms. Memory: 583680K Free: 249052K (43%)
----------------- Invoking toplevel() on ptolemy.moml.MoMLSimpleApplication@6b9b626
----------------- Done invoking toplevel() on ptolemy.moml.MoMLSimpleApplication@6b9b626
reloadAllAccessors: .SynchronizerDE

===========================================================================================
----------------- testing Fri Jul 12 17:14:47 UTC 2019 /home/travis/build/icyphy/ptII/ptolemy/actor/lib/test/auto/Test.xml
----------------- Instantiating /home/travis/build/icyphy/ptII/ptolemy/actor/lib/test/auto/Test.xml
11 ms. Memory: 583680K Free: 243932K (42%)
----------------- Invoking toplevel() on ptolemy.moml.MoMLSimpleApplication@7f1dcc47
----------------- Done invoking toplevel() on ptolemy.moml.MoMLSimpleApplication@7f1dcc47
reloadAllAccessors: .Test

===========================================================================================
----------------- testing Fri Jul 12 17:14:47 UTC 2019 /home/travis/build/icyphy/ptII/ptolemy/actor/lib/test/auto/TestExceptionAttribute1.xml
----------------- Instantiating /home/travis/build/icyphy/ptII/ptolemy/actor/lib/test/auto/TestExceptionAttribute1.xml
2 ms. Memory: 583680K Free: 240346K (41%)
----------------- Invoking toplevel() on ptolemy.moml.MoMLSimpleApplication@724a0d95
----------------- Done invoking toplevel() on ptolemy.moml.MoMLSimpleApplication@724a0d95
reloadAllAccessors: .TestExceptionAttribute1

===========================================================================================
----------------- testing Fri Jul 12 17:14:47 UTC 2019 /home/travis/build/icyphy/ptII/ptolemy/actor/lib/test/auto/TestExceptionAttribute2.xml
----------------- Instantiating /home/travis/build/icyphy/ptII/ptolemy/actor/lib/test/auto/TestExceptionAttribute2.xml
1 ms. Memory: 583680K Free: 236764K (41%)
----------------- Invoking toplevel() on ptolemy.moml.MoMLSimpleApplication@6f8a298a
----------------- Done invoking toplevel() on ptolemy.moml.MoMLSimpleApplication@6f8a298a
reloadAllAccessors: .TestExceptionAttribute2

===========================================================================================
----------------- testing Fri Jul 12 17:14:47 UTC 2019 /home/travis/build/icyphy/ptII/ptolemy/actor/lib/test/auto/TestExceptionAttribute3.xml
----------------- Instantiating /home/travis/build/icyphy/ptII/ptolemy/actor/lib/test/auto/TestExceptionAttribute3.xml
.TestExceptionAttribute3.TestExceptionAttribute: initialize() was not invoked, but wrapup() was.  This is unusual, but not always a problem.  For example, exporting JNLP will do this.
4 ms. Memory: 583680K Free: 232668K (40%)
----------------- Invoking toplevel() on ptolemy.moml.MoMLSimpleApplication@5a84416b
----------------- Done invoking toplevel() on ptolemy.moml.MoMLSimpleApplication@5a84416b
reloadAllAccessors: .TestExceptionAttribute3

===========================================================================================
----------------- testing Fri Jul 12 17:14:47 UTC 2019 /home/travis/build/icyphy/ptII/ptolemy/actor/lib/test/auto/TestExceptionAttribute4.xml
----------------- Instantiating /home/travis/build/icyphy/ptII/ptolemy/actor/lib/test/auto/TestExceptionAttribute4.xml
.TestExceptionAttribute4.TestExceptionAttribute: initialize() was not invoked, but wrapup() was.  This is unusual, but not always a problem.  For example, exporting JNLP will do this.
.TestExceptionAttribute4.TestExceptionAttribute2: initialize() was not invoked, but wrapup() was.  This is unusual, but not always a problem.  For example, exporting JNLP will do this.
0 ms. Memory: 583680K Free: 228572K (39%)
----------------- Invoking toplevel() on ptolemy.moml.MoMLSimpleApplication@98311ed
----------------- Done invoking toplevel() on ptolemy.moml.MoMLSimpleApplication@98311ed
reloadAllAccessors: .TestExceptionAttribute4

===========================================================================================
----------------- testing Fri Jul 12 17:14:47 UTC 2019 /home/travis/build/icyphy/ptII/ptolemy/actor/lib/test/auto/TestExceptionHandler1.xml
----------------- Instantiating /home/travis/build/icyphy/ptII/ptolemy/actor/lib/test/auto/TestExceptionHandler1.xml
1 ms. Memory: 583680K Free: 224986K (39%)
----------------- Invoking toplevel() on ptolemy.moml.MoMLSimpleApplication@5347f291
----------------- Done invoking toplevel() on ptolemy.moml.MoMLSimpleApplication@5347f291
reloadAllAccessors: .TestExceptionHandler1

===========================================================================================
----------------- testing Fri Jul 12 17:14:48 UTC 2019 /home/travis/build/icyphy/ptII/ptolemy/actor/lib/test/auto/TestExceptionHandler2.xml
----------------- Instantiating /home/travis/build/icyphy/ptII/ptolemy/actor/lib/test/auto/TestExceptionHandler2.xml
1 ms. Memory: 583680K Free: 221404K (38%)
----------------- Invoking toplevel() on ptolemy.moml.MoMLSimpleApplication@4c39e89d
----------------- Done invoking toplevel() on ptolemy.moml.MoMLSimpleApplication@4c39e89d
reloadAllAccessors: .TestExceptionHandler2

===========================================================================================
----------------- testing Fri Jul 12 17:14:48 UTC 2019 /home/travis/build/icyphy/ptII/ptolemy/actor/lib/test/auto/TestExceptionHandler3.xml
----------------- Instantiating /home/travis/build/icyphy/ptII/ptolemy/actor/lib/test/auto/TestExceptionHandler3.xml
0 ms. Memory: 583680K Free: 217818K (37%)
----------------- Invoking toplevel() on ptolemy.moml.MoMLSimpleApplication@53a5516a
----------------- Done invoking toplevel() on ptolemy.moml.MoMLSimpleApplication@53a5516a
reloadAllAccessors: .TestExceptionHandler3

===========================================================================================
----------------- testing Fri Jul 12 17:14:48 UTC 2019 /home/travis/build/icyphy/ptII/ptolemy/actor/lib/test/auto/TestExceptionHandler4.xml
----------------- Instantiating /home/travis/build/icyphy/ptII/ptolemy/actor/lib/test/auto/TestExceptionHandler4.xml
0 ms. Memory: 583680K Free: 213212K (37%)
----------------- Invoking toplevel() on ptolemy.moml.MoMLSimpleApplication@c674144
----------------- Done invoking toplevel() on ptolemy.moml.MoMLSimpleApplication@c674144
reloadAllAccessors: .TestExceptionHandler4

===========================================================================================
----------------- testing Fri Jul 12 17:14:48 UTC 2019 /home/travis/build/icyphy/ptII/ptolemy/actor/lib/test/auto/TestRequireCorrectOrder.xml
----------------- Instantiating /home/travis/build/icyphy/ptII/ptolemy/actor/lib/test/auto/TestRequireCorrectOrder.xml
6 ms. Memory: 583680K Free: 208092K (36%)
----------------- Invoking toplevel() on ptolemy.moml.MoMLSimpleApplication@29a59796
----------------- Done invoking toplevel() on ptolemy.moml.MoMLSimpleApplication@29a59796
reloadAllAccessors: .TestRequireCorrectOrder

===========================================================================================
----------------- testing Fri Jul 12 17:14:48 UTC 2019 /home/travis/build/icyphy/ptII/ptolemy/actor/lib/test/auto/TestSimple.xml
----------------- Instantiating /home/travis/build/icyphy/ptII/ptolemy/actor/lib/test/auto/TestSimple.xml
2 ms. Memory: 583680K Free: 202458K (35%)
----------------- Invoking toplevel() on ptolemy.moml.MoMLSimpleApplication@271e0e80
----------------- Done invoking toplevel() on ptolemy.moml.MoMLSimpleApplication@271e0e80
reloadAllAccessors: .TestSimple

===========================================================================================
----------------- testing Fri Jul 12 17:14:48 UTC 2019 /home/travis/build/icyphy/ptII/ptolemy/actor/lib/test/auto/ThrowModelError.xml
----------------- Instantiating /home/travis/build/icyphy/ptII/ptolemy/actor/lib/test/auto/ThrowModelError.xml
1 ms. Memory: 583680K Free: 197852K (34%)
----------------- Invoking toplevel() on ptolemy.moml.MoMLSimpleApplication@dd1484f
----------------- Done invoking toplevel() on ptolemy.moml.MoMLSimpleApplication@dd1484f
reloadAllAccessors: .ThrowModelError

===========================================================================================
----------------- testing Fri Jul 12 17:14:48 UTC 2019 /home/travis/build/icyphy/ptII/ptolemy/actor/lib/test/auto/TimeDelayMicrosteps.xml
----------------- Instantiating /home/travis/build/icyphy/ptII/ptolemy/actor/lib/test/auto/TimeDelayMicrosteps.xml
3 ms. Memory: 583680K Free: 190684K (33%)
----------------- Invoking toplevel() on ptolemy.moml.MoMLSimpleApplication@1759b3f4
----------------- Done invoking toplevel() on ptolemy.moml.MoMLSimpleApplication@1759b3f4
reloadAllAccessors: .TimeDelayMicrosteps

===========================================================================================
----------------- testing Fri Jul 12 17:14:48 UTC 2019 /home/travis/build/icyphy/ptII/ptolemy/actor/lib/test/auto/TimeDelayMicrosteps2.xml
----------------- Instantiating /home/travis/build/icyphy/ptII/ptolemy/actor/lib/test/auto/TimeDelayMicrosteps2.xml
3 ms. Memory: 583680K Free: 529359K (91%)
----------------- Invoking toplevel() on ptolemy.moml.MoMLSimpleApplication@1f891e45
----------------- Done invoking toplevel() on ptolemy.moml.MoMLSimpleApplication@1f891e45
reloadAllAccessors: .TimeDelayMicrosteps2

===========================================================================================
----------------- testing Fri Jul 12 17:14:48 UTC 2019 /home/travis/build/icyphy/ptII/ptolemy/actor/lib/test/auto/TimeDelayMicrosteps3.xml
----------------- Instantiating /home/travis/build/icyphy/ptII/ptolemy/actor/lib/test/auto/TimeDelayMicrosteps3.xml
2 ms. Memory: 583680K Free: 522191K (89%)
----------------- Invoking toplevel() on ptolemy.moml.MoMLSimpleApplication@5530a856
----------------- Done invoking toplevel() on ptolemy.moml.MoMLSimpleApplication@5530a856
reloadAllAccessors: .TimeDelayMicrosteps3

===========================================================================================
----------------- testing Fri Jul 12 17:14:48 UTC 2019 /home/travis/build/icyphy/ptII/ptolemy/actor/lib/test/auto/TimeDelayVariableMicrosteps.xml
----------------- Instantiating /home/travis/build/icyphy/ptII/ptolemy/actor/lib/test/auto/TimeDelayVariableMicrosteps.xml
3 ms. Memory: 583680K Free: 515533K (88%)
----------------- Invoking toplevel() on ptolemy.moml.MoMLSimpleApplication@5cbbcc33
----------------- Done invoking toplevel() on ptolemy.moml.MoMLSimpleApplication@5cbbcc33
reloadAllAccessors: .TimeDelayVariableMicrosteps

===========================================================================================
----------------- testing Fri Jul 12 17:14:48 UTC 2019 /home/travis/build/icyphy/ptII/ptolemy/actor/lib/test/auto/TimeGap.xml
----------------- Instantiating /home/travis/build/icyphy/ptII/ptolemy/actor/lib/test/auto/TimeGap.xml
3 ms. Memory: 583680K Free: 510407K (87%)
----------------- Invoking toplevel() on ptolemy.moml.MoMLSimpleApplication@31d58a45
----------------- Done invoking toplevel() on ptolemy.moml.MoMLSimpleApplication@31d58a45
reloadAllAccessors: .TimeGap

===========================================================================================
----------------- testing Fri Jul 12 17:14:48 UTC 2019 /home/travis/build/icyphy/ptII/ptolemy/actor/lib/test/auto/TimeGap2.xml
----------------- Instantiating /home/travis/build/icyphy/ptII/ptolemy/actor/lib/test/auto/TimeGap2.xml
2 ms. Memory: 583680K Free: 504239K (86%)
----------------- Invoking toplevel() on ptolemy.moml.MoMLSimpleApplication@7615804f
----------------- Done invoking toplevel() on ptolemy.moml.MoMLSimpleApplication@7615804f
reloadAllAccessors: .TimeGap2

===========================================================================================
----------------- testing Fri Jul 12 17:14:48 UTC 2019 /home/travis/build/icyphy/ptII/ptolemy/actor/lib/test/auto/TimedSinewave.xml
----------------- Instantiating /home/travis/build/icyphy/ptII/ptolemy/actor/lib/test/auto/TimedSinewave.xml
27 ms. Memory: 583680K Free: 490447K (84%)
----------------- Invoking toplevel() on ptolemy.moml.MoMLSimpleApplication@2df5f62e
----------------- Done invoking toplevel() on ptolemy.moml.MoMLSimpleApplication@2df5f62e
reloadAllAccessors: .TimedSinewave

===========================================================================================
----------------- testing Fri Jul 12 17:14:48 UTC 2019 /home/travis/build/icyphy/ptII/ptolemy/actor/lib/test/auto/TimedSinewavePhase.xml
----------------- Instantiating /home/travis/build/icyphy/ptII/ptolemy/actor/lib/test/auto/TimedSinewavePhase.xml
9 ms. Memory: 583680K Free: 480717K (82%)
----------------- Invoking toplevel() on ptolemy.moml.MoMLSimpleApplication@77342fd8
----------------- Done invoking toplevel() on ptolemy.moml.MoMLSimpleApplication@77342fd8
reloadAllAccessors: .TimedSinewavePhase

===========================================================================================
----------------- testing Fri Jul 12 17:14:48 UTC 2019 /home/travis/build/icyphy/ptII/ptolemy/actor/lib/test/auto/Timer.xml
----------------- Instantiating /home/travis/build/icyphy/ptII/ptolemy/actor/lib/test/auto/Timer.xml
2 ms. Memory: 583680K Free: 475087K (81%)
----------------- Invoking toplevel() on ptolemy.moml.MoMLSimpleApplication@2ff15d35
----------------- Done invoking toplevel() on ptolemy.moml.MoMLSimpleApplication@2ff15d35
reloadAllAccessors: .Timer

===========================================================================================
----------------- testing Fri Jul 12 17:14:48 UTC 2019 /home/travis/build/icyphy/ptII/ptolemy/actor/lib/test/auto/TriangularDistTestModel.xml
----------------- Instantiating /home/travis/build/icyphy/ptII/ptolemy/actor/lib/test/auto/TriangularDistTestModel.xml
2 ms. Memory: 583680K Free: 468943K (80%)
----------------- Invoking toplevel() on ptolemy.moml.MoMLSimpleApplication@223b1719
----------------- Done invoking toplevel() on ptolemy.moml.MoMLSimpleApplication@223b1719
reloadAllAccessors: .TriangularDistTestModel

===========================================================================================
----------------- testing Fri Jul 12 17:14:48 UTC 2019 /home/travis/build/icyphy/ptII/ptolemy/actor/lib/test/auto/TrigFunction.xml
----------------- Instantiating /home/travis/build/icyphy/ptII/ptolemy/actor/lib/test/auto/TrigFunction.xml
1 ms. Memory: 583680K Free: 464333K (80%)
----------------- Invoking toplevel() on ptolemy.moml.MoMLSimpleApplication@3e1b274d
----------------- Done invoking toplevel() on ptolemy.moml.MoMLSimpleApplication@3e1b274d
reloadAllAccessors: .TrigFunction

===========================================================================================
----------------- testing Fri Jul 12 17:14:48 UTC 2019 /home/travis/build/icyphy/ptII/ptolemy/actor/lib/test/auto/TrigFunctionDE.xml
----------------- Instantiating /home/travis/build/icyphy/ptII/ptolemy/actor/lib/test/auto/TrigFunctionDE.xml
1 ms. Memory: 583680K Free: 458703K (79%)
----------------- Invoking toplevel() on ptolemy.moml.MoMLSimpleApplication@42654b42
----------------- Done invoking toplevel() on ptolemy.moml.MoMLSimpleApplication@42654b42
reloadAllAccessors: .TrigFunctionDE

===========================================================================================
----------------- testing Fri Jul 12 17:14:48 UTC 2019 /home/travis/build/icyphy/ptII/ptolemy/actor/lib/test/auto/TrigFunctionInverse.xml
----------------- Instantiating /home/travis/build/icyphy/ptII/ptolemy/actor/lib/test/auto/TrigFunctionInverse.xml
3 ms. Memory: 583680K Free: 453583K (78%)
----------------- Invoking toplevel() on ptolemy.moml.MoMLSimpleApplication@568a41
----------------- Done invoking toplevel() on ptolemy.moml.MoMLSimpleApplication@568a41
reloadAllAccessors: .TrigFunctionInverse

===========================================================================================
----------------- testing Fri Jul 12 17:14:48 UTC 2019 /home/travis/build/icyphy/ptII/ptolemy/actor/lib/test/auto/TrigFunctionTan.xml
----------------- Instantiating /home/travis/build/icyphy/ptII/ptolemy/actor/lib/test/auto/TrigFunctionTan.xml
2 ms. Memory: 583680K Free: 448973K (77%)
----------------- Invoking toplevel() on ptolemy.moml.MoMLSimpleApplication@3231f3dc
----------------- Done invoking toplevel() on ptolemy.moml.MoMLSimpleApplication@3231f3dc
reloadAllAccessors: .TrigFunctionTan

===========================================================================================
----------------- testing Fri Jul 12 17:14:48 UTC 2019 /home/travis/build/icyphy/ptII/ptolemy/actor/lib/test/auto/TriggeredClock.xml
----------------- Instantiating /home/travis/build/icyphy/ptII/ptolemy/actor/lib/test/auto/TriggeredClock.xml
1 ms. Memory: 583680K Free: 443847K (76%)
----------------- Invoking toplevel() on ptolemy.moml.MoMLSimpleApplication@72704e51
----------------- Done invoking toplevel() on ptolemy.moml.MoMLSimpleApplication@72704e51
reloadAllAccessors: .TriggeredClock

===========================================================================================
----------------- testing Fri Jul 12 17:14:48 UTC 2019 /home/travis/build/icyphy/ptII/ptolemy/actor/lib/test/auto/URLDirectoryReader.xml
----------------- Instantiating /home/travis/build/icyphy/ptII/ptolemy/actor/lib/test/auto/URLDirectoryReader.xml
35 ms. Memory: 583680K Free: 434127K (74%)
----------------- Invoking toplevel() on ptolemy.moml.MoMLSimpleApplication@6a0fd74a
----------------- Done invoking toplevel() on ptolemy.moml.MoMLSimpleApplication@6a0fd74a
reloadAllAccessors: .URLDirectoryReader

===========================================================================================
----------------- testing Fri Jul 12 17:14:48 UTC 2019 /home/travis/build/icyphy/ptII/ptolemy/actor/lib/test/auto/URLDirectoryReader3.xml
----------------- Instantiating /home/travis/build/icyphy/ptII/ptolemy/actor/lib/test/auto/URLDirectoryReader3.xml
1087 ms. Memory: 583680K Free: 525490K (90%)
----------------- Invoking toplevel() on ptolemy.moml.MoMLSimpleApplication@130bdf52
----------------- Done invoking toplevel() on ptolemy.moml.MoMLSimpleApplication@130bdf52
reloadAllAccessors: .URLDirectoryReader3

===========================================================================================
----------------- testing Fri Jul 12 17:14:49 UTC 2019 /home/travis/build/icyphy/ptII/ptolemy/actor/lib/test/auto/UnaryMathFunction.xml
----------------- Instantiating /home/travis/build/icyphy/ptII/ptolemy/actor/lib/test/auto/UnaryMathFunction.xml
3 ms. Memory: 583680K Free: 517297K (89%)
----------------- Invoking toplevel() on ptolemy.moml.MoMLSimpleApplication@22738a91
----------------- Done invoking toplevel() on ptolemy.moml.MoMLSimpleApplication@22738a91
reloadAllAccessors: .UnaryMathFunction

===========================================================================================
----------------- testing Fri Jul 12 17:14:49 UTC 2019 /home/travis/build/icyphy/ptII/ptolemy/actor/lib/test/auto/Uniform.xml
----------------- Instantiating /home/travis/build/icyphy/ptII/ptolemy/actor/lib/test/auto/Uniform.xml
2 ms. Memory: 583680K Free: 512177K (88%)
----------------- Invoking toplevel() on ptolemy.moml.MoMLSimpleApplication@1972e600
----------------- Done invoking toplevel() on ptolemy.moml.MoMLSimpleApplication@1972e600
reloadAllAccessors: .Uniform

===========================================================================================
----------------- testing Fri Jul 12 17:14:49 UTC 2019 /home/travis/build/icyphy/ptII/ptolemy/actor/lib/test/auto/UnionDisassemblerTest.xml
----------------- Instantiating /home/travis/build/icyphy/ptII/ptolemy/actor/lib/test/auto/UnionDisassemblerTest.xml
17 ms. Memory: 583680K Free: 508577K (87%)
----------------- Invoking toplevel() on ptolemy.moml.MoMLSimpleApplication@6b27b1c7
----------------- Done invoking toplevel() on ptolemy.moml.MoMLSimpleApplication@6b27b1c7
reloadAllAccessors: .UnionDisassemblerTest

===========================================================================================
----------------- testing Fri Jul 12 17:14:49 UTC 2019 /home/travis/build/icyphy/ptII/ptolemy/actor/lib/test/auto/UtilityFunctions.xml
----------------- Instantiating /home/travis/build/icyphy/ptII/ptolemy/actor/lib/test/auto/UtilityFunctions.xml
1 ms. Memory: 583680K Free: 504481K (86%)
----------------- Invoking toplevel() on ptolemy.moml.MoMLSimpleApplication@38e8f66d
----------------- Done invoking toplevel() on ptolemy.moml.MoMLSimpleApplication@38e8f66d
reloadAllAccessors: .UtilityFunctions

===========================================================================================
----------------- testing Fri Jul 12 17:14:49 UTC 2019 /home/travis/build/icyphy/ptII/ptolemy/actor/lib/test/auto/VariableSleep.xml
----------------- Instantiating /home/travis/build/icyphy/ptII/ptolemy/actor/lib/test/auto/VariableSleep.xml
503 ms. Memory: 583680K Free: 499375K (86%)
----------------- Invoking toplevel() on ptolemy.moml.MoMLSimpleApplication@665d0e10
----------------- Done invoking toplevel() on ptolemy.moml.MoMLSimpleApplication@665d0e10
reloadAllAccessors: .VariableSleep

===========================================================================================
----------------- testing Fri Jul 12 17:14:50 UTC 2019 /home/travis/build/icyphy/ptII/ptolemy/actor/lib/test/auto/VectorAssemblerDisassemblerCT.xml
----------------- Instantiating /home/travis/build/icyphy/ptII/ptolemy/actor/lib/test/auto/VectorAssemblerDisassemblerCT.xml
51 ms. Memory: 583680K Free: 479919K (82%)
----------------- Invoking toplevel() on ptolemy.moml.MoMLSimpleApplication@7e082ec4
----------------- Done invoking toplevel() on ptolemy.moml.MoMLSimpleApplication@7e082ec4
reloadAllAccessors: .VectorAssemblerDisassemblerCT

===========================================================================================
----------------- testing Fri Jul 12 17:14:50 UTC 2019 /home/travis/build/icyphy/ptII/ptolemy/actor/lib/test/auto/VectorAssemblerDisassemblerDE.xml
----------------- Instantiating /home/travis/build/icyphy/ptII/ptolemy/actor/lib/test/auto/VectorAssemblerDisassemblerDE.xml
11 ms. Memory: 583680K Free: 472241K (81%)
----------------- Invoking toplevel() on ptolemy.moml.MoMLSimpleApplication@3aee636d
----------------- Done invoking toplevel() on ptolemy.moml.MoMLSimpleApplication@3aee636d
reloadAllAccessors: .VectorAssemblerDisassemblerDE

===========================================================================================
----------------- testing Fri Jul 12 17:14:50 UTC 2019 /home/travis/build/icyphy/ptII/ptolemy/actor/lib/test/auto/VectorAssemblerDisassemblerSDF.xml
----------------- Instantiating /home/travis/build/icyphy/ptII/ptolemy/actor/lib/test/auto/VectorAssemblerDisassemblerSDF.xml
3 ms. Memory: 583680K Free: 466097K (80%)
----------------- Invoking toplevel() on ptolemy.moml.MoMLSimpleApplication@1c797321
----------------- Done invoking toplevel() on ptolemy.moml.MoMLSimpleApplication@1c797321
reloadAllAccessors: .VectorAssemblerDisassemblerSDF

===========================================================================================
----------------- testing Fri Jul 12 17:14:50 UTC 2019 /home/travis/build/icyphy/ptII/ptolemy/actor/lib/test/auto/WallClockTime.xml
----------------- Instantiating /home/travis/build/icyphy/ptII/ptolemy/actor/lib/test/auto/WallClockTime.xml
1005 ms. Memory: 583680K Free: 460977K (79%)
----------------- Invoking toplevel() on ptolemy.moml.MoMLSimpleApplication@11d8d25c
----------------- Done invoking toplevel() on ptolemy.moml.MoMLSimpleApplication@11d8d25c
reloadAllAccessors: .WallClockTime

===========================================================================================
----------------- testing Fri Jul 12 17:14:51 UTC 2019 /home/travis/build/icyphy/ptII/ptolemy/actor/lib/test/auto/WidthTestWithSubscriberPublisher.xml
----------------- Instantiating /home/travis/build/icyphy/ptII/ptolemy/actor/lib/test/auto/WidthTestWithSubscriberPublisher.xml
10 ms. Memory: 583680K Free: 443055K (76%)
----------------- Invoking toplevel() on ptolemy.moml.MoMLSimpleApplication@440e58b7
----------------- Done invoking toplevel() on ptolemy.moml.MoMLSimpleApplication@440e58b7
reloadAllAccessors: .WidthTestWithSubscriberPublisher

===========================================================================================
----------------- testing Fri Jul 12 17:14:51 UTC 2019 /home/travis/build/icyphy/ptII/ptolemy/actor/lib/test/auto/WidthTestWithSubscriberPublisher2.xml
----------------- Instantiating /home/travis/build/icyphy/ptII/ptolemy/actor/lib/test/auto/WidthTestWithSubscriberPublisher2.xml
2 ms. Memory: 583680K Free: 436911K (75%)
----------------- Invoking toplevel() on ptolemy.moml.MoMLSimpleApplication@27cfbca9
----------------- Done invoking toplevel() on ptolemy.moml.MoMLSimpleApplication@27cfbca9
reloadAllAccessors: .WidthTestWithSubscriberPublisher2

===========================================================================================
----------------- testing Fri Jul 12 17:14:51 UTC 2019 /home/travis/build/icyphy/ptII/ptolemy/actor/lib/test/auto/WidthTestWithSubscriberPublisher3.xml
----------------- Instantiating /home/travis/build/icyphy/ptII/ptolemy/actor/lib/test/auto/WidthTestWithSubscriberPublisher3.xml
2 ms. Memory: 583680K Free: 430767K (74%)
----------------- Invoking toplevel() on ptolemy.moml.MoMLSimpleApplication@34e559a2
----------------- Done invoking toplevel() on ptolemy.moml.MoMLSimpleApplication@34e559a2
reloadAllAccessors: .WidthTestWithSubscriberPublisher3

===========================================================================================
----------------- testing Fri Jul 12 17:14:51 UTC 2019 /home/travis/build/icyphy/ptII/ptolemy/actor/lib/test/auto/Writer.xml
----------------- Instantiating /home/travis/build/icyphy/ptII/ptolemy/actor/lib/test/auto/Writer.xml
0
1
2
3
4
3 ms. Memory: 583680K Free: 426161K (73%)
----------------- Invoking toplevel() on ptolemy.moml.MoMLSimpleApplication@1cc2b64e
----------------- Done invoking toplevel() on ptolemy.moml.MoMLSimpleApplication@1cc2b64e
reloadAllAccessors: .Writer

===========================================================================================
----------------- testing Fri Jul 12 17:14:51 UTC 2019 /home/travis/build/icyphy/ptII/ptolemy/actor/lib/test/auto/array.xml
----------------- Instantiating /home/travis/build/icyphy/ptII/ptolemy/actor/lib/test/auto/array.xml
2 ms. Memory: 583680K Free: 421551K (72%)
----------------- Invoking toplevel() on ptolemy.moml.MoMLSimpleApplication@7f14d9af
----------------- Done invoking toplevel() on ptolemy.moml.MoMLSimpleApplication@7f14d9af
reloadAllAccessors: .array

===========================================================================================
----------------- testing Fri Jul 12 17:14:51 UTC 2019 /home/travis/build/icyphy/ptII/ptolemy/actor/lib/test/auto/array2.xml
----------------- Instantiating /home/travis/build/icyphy/ptII/ptolemy/actor/lib/test/auto/array2.xml
6 ms. Memory: 583680K Free: 416417K (71%)
----------------- Invoking toplevel() on ptolemy.moml.MoMLSimpleApplication@4becc32c
----------------- Done invoking toplevel() on ptolemy.moml.MoMLSimpleApplication@4becc32c
reloadAllAccessors: .array2

===========================================================================================
----------------- testing Fri Jul 12 17:14:51 UTC 2019 /home/travis/build/icyphy/ptII/ptolemy/actor/lib/test/auto/arrayType.xml
----------------- Instantiating /home/travis/build/icyphy/ptII/ptolemy/actor/lib/test/auto/arrayType.xml
1 ms. Memory: 583680K Free: 410801K (70%)
----------------- Invoking toplevel() on ptolemy.moml.MoMLSimpleApplication@4b767210
----------------- Done invoking toplevel() on ptolemy.moml.MoMLSimpleApplication@4b767210
reloadAllAccessors: .arrayType

===========================================================================================
----------------- testing Fri Jul 12 17:14:51 UTC 2019 /home/travis/build/icyphy/ptII/ptolemy/actor/lib/test/auto/arrayType10.xml
----------------- Instantiating /home/travis/build/icyphy/ptII/ptolemy/actor/lib/test/auto/arrayType10.xml
1 ms. Memory: 583680K Free: 406191K (70%)
----------------- Invoking toplevel() on ptolemy.moml.MoMLSimpleApplication@c9b59c8
----------------- Done invoking toplevel() on ptolemy.moml.MoMLSimpleApplication@c9b59c8
reloadAllAccessors: .arrayType10

===========================================================================================
----------------- testing Fri Jul 12 17:14:51 UTC 2019 /home/travis/build/icyphy/ptII/ptolemy/actor/lib/test/auto/arrayType11.xml
----------------- Instantiating /home/travis/build/icyphy/ptII/ptolemy/actor/lib/test/auto/arrayType11.xml
2 ms. Memory: 583680K Free: 401071K (69%)
----------------- Invoking toplevel() on ptolemy.moml.MoMLSimpleApplication@6ef6f5f9
----------------- Done invoking toplevel() on ptolemy.moml.MoMLSimpleApplication@6ef6f5f9
reloadAllAccessors: .arrayType11

===========================================================================================
----------------- testing Fri Jul 12 17:14:51 UTC 2019 /home/travis/build/icyphy/ptII/ptolemy/actor/lib/test/auto/arrayType12.xml
----------------- Instantiating /home/travis/build/icyphy/ptII/ptolemy/actor/lib/test/auto/arrayType12.xml
1 ms. Memory: 583680K Free: 396465K (68%)
----------------- Invoking toplevel() on ptolemy.moml.MoMLSimpleApplication@577ea058
----------------- Done invoking toplevel() on ptolemy.moml.MoMLSimpleApplication@577ea058
reloadAllAccessors: .arrayType12

===========================================================================================
----------------- testing Fri Jul 12 17:14:51 UTC 2019 /home/travis/build/icyphy/ptII/ptolemy/actor/lib/test/auto/arrayType13.xml
----------------- Instantiating /home/travis/build/icyphy/ptII/ptolemy/actor/lib/test/auto/arrayType13.xml
2 ms. Memory: 583680K Free: 391345K (67%)
----------------- Invoking toplevel() on ptolemy.moml.MoMLSimpleApplication@3c0bddee
----------------- Done invoking toplevel() on ptolemy.moml.MoMLSimpleApplication@3c0bddee
reloadAllAccessors: .arrayType13

===========================================================================================
----------------- testing Fri Jul 12 17:14:51 UTC 2019 /home/travis/build/icyphy/ptII/ptolemy/actor/lib/test/auto/arrayType14.xml
----------------- Instantiating /home/travis/build/icyphy/ptII/ptolemy/actor/lib/test/auto/arrayType14.xml
2 ms. Memory: 583680K Free: 385711K (66%)
----------------- Invoking toplevel() on ptolemy.moml.MoMLSimpleApplication@449319f3
----------------- Done invoking toplevel() on ptolemy.moml.MoMLSimpleApplication@449319f3
reloadAllAccessors: .arrayType14

===========================================================================================
----------------- testing Fri Jul 12 17:14:51 UTC 2019 /home/travis/build/icyphy/ptII/ptolemy/actor/lib/test/auto/arrayType15.xml
----------------- Instantiating /home/travis/build/icyphy/ptII/ptolemy/actor/lib/test/auto/arrayType15.xml
4 ms. Memory: 583680K Free: 380591K (65%)
----------------- Invoking toplevel() on ptolemy.moml.MoMLSimpleApplication@71c90c95
----------------- Done invoking toplevel() on ptolemy.moml.MoMLSimpleApplication@71c90c95
reloadAllAccessors: .arrayType15

===========================================================================================
----------------- testing Fri Jul 12 17:14:51 UTC 2019 /home/travis/build/icyphy/ptII/ptolemy/actor/lib/test/auto/arrayType16.xml
----------------- Instantiating /home/travis/build/icyphy/ptII/ptolemy/actor/lib/test/auto/arrayType16.xml
1 ms. Memory: 583680K Free: 375471K (64%)
----------------- Invoking toplevel() on ptolemy.moml.MoMLSimpleApplication@ef5d466
----------------- Done invoking toplevel() on ptolemy.moml.MoMLSimpleApplication@ef5d466
reloadAllAccessors: .arrayType16

===========================================================================================
----------------- testing Fri Jul 12 17:14:51 UTC 2019 /home/travis/build/icyphy/ptII/ptolemy/actor/lib/test/auto/arrayType17.xml
----------------- Instantiating /home/travis/build/icyphy/ptII/ptolemy/actor/lib/test/auto/arrayType17.xml
1 ms. Memory: 583680K Free: 369841K (63%)
----------------- Invoking toplevel() on ptolemy.moml.MoMLSimpleApplication@7f8bbd49
----------------- Done invoking toplevel() on ptolemy.moml.MoMLSimpleApplication@7f8bbd49
reloadAllAccessors: .arrayType17

===========================================================================================
----------------- testing Fri Jul 12 17:14:51 UTC 2019 /home/travis/build/icyphy/ptII/ptolemy/actor/lib/test/auto/arrayType18.xml
----------------- Instantiating /home/travis/build/icyphy/ptII/ptolemy/actor/lib/test/auto/arrayType18.xml
1 ms. Memory: 583680K Free: 365231K (63%)
----------------- Invoking toplevel() on ptolemy.moml.MoMLSimpleApplication@63d934a5
----------------- Done invoking toplevel() on ptolemy.moml.MoMLSimpleApplication@63d934a5
reloadAllAccessors: .arrayType18

===========================================================================================
----------------- testing Fri Jul 12 17:14:51 UTC 2019 /home/travis/build/icyphy/ptII/ptolemy/actor/lib/test/auto/arrayType19.xml
----------------- Instantiating /home/travis/build/icyphy/ptII/ptolemy/actor/lib/test/auto/arrayType19.xml
1 ms. Memory: 583680K Free: 360111K (62%)
----------------- Invoking toplevel() on ptolemy.moml.MoMLSimpleApplication@32378ee6
----------------- Done invoking toplevel() on ptolemy.moml.MoMLSimpleApplication@32378ee6
reloadAllAccessors: .arrayType19

===========================================================================================
----------------- testing Fri Jul 12 17:14:51 UTC 2019 /home/travis/build/icyphy/ptII/ptolemy/actor/lib/test/auto/arrayType2.xml
----------------- Instantiating /home/travis/build/icyphy/ptII/ptolemy/actor/lib/test/auto/arrayType2.xml
1 ms. Memory: 583680K Free: 354991K (61%)
----------------- Invoking toplevel() on ptolemy.moml.MoMLSimpleApplication@4cb2a262
----------------- Done invoking toplevel() on ptolemy.moml.MoMLSimpleApplication@4cb2a262
reloadAllAccessors: .arrayType2

===========================================================================================
----------------- testing Fri Jul 12 17:14:51 UTC 2019 /home/travis/build/icyphy/ptII/ptolemy/actor/lib/test/auto/arrayType20.xml
----------------- Instantiating /home/travis/build/icyphy/ptII/ptolemy/actor/lib/test/auto/arrayType20.xml
2 ms. Memory: 583680K Free: 350385K (60%)
----------------- Invoking toplevel() on ptolemy.moml.MoMLSimpleApplication@77a54d26
----------------- Done invoking toplevel() on ptolemy.moml.MoMLSimpleApplication@77a54d26
reloadAllAccessors: .arrayType20

===========================================================================================
----------------- testing Fri Jul 12 17:14:51 UTC 2019 /home/travis/build/icyphy/ptII/ptolemy/actor/lib/test/auto/arrayType21.xml
----------------- Instantiating /home/travis/build/icyphy/ptII/ptolemy/actor/lib/test/auto/arrayType21.xml
3 ms. Memory: 583680K Free: 345265K (59%)
----------------- Invoking toplevel() on ptolemy.moml.MoMLSimpleApplication@22da5b6c
----------------- Done invoking toplevel() on ptolemy.moml.MoMLSimpleApplication@22da5b6c
reloadAllAccessors: .arrayType21

===========================================================================================
----------------- testing Fri Jul 12 17:14:51 UTC 2019 /home/travis/build/icyphy/ptII/ptolemy/actor/lib/test/auto/arrayType22.xml
----------------- Instantiating /home/travis/build/icyphy/ptII/ptolemy/actor/lib/test/auto/arrayType22.xml
1 ms. Memory: 583680K Free: 340655K (58%)
----------------- Invoking toplevel() on ptolemy.moml.MoMLSimpleApplication@3d31e8db
----------------- Done invoking toplevel() on ptolemy.moml.MoMLSimpleApplication@3d31e8db
reloadAllAccessors: .arrayType22

===========================================================================================
----------------- testing Fri Jul 12 17:14:51 UTC 2019 /home/travis/build/icyphy/ptII/ptolemy/actor/lib/test/auto/arrayType23.xml
----------------- Instantiating /home/travis/build/icyphy/ptII/ptolemy/actor/lib/test/auto/arrayType23.xml
1 ms. Memory: 583680K Free: 336049K (58%)
----------------- Invoking toplevel() on ptolemy.moml.MoMLSimpleApplication@1e6debe0
----------------- Done invoking toplevel() on ptolemy.moml.MoMLSimpleApplication@1e6debe0
reloadAllAccessors: .arrayType23

===========================================================================================
----------------- testing Fri Jul 12 17:14:51 UTC 2019 /home/travis/build/icyphy/ptII/ptolemy/actor/lib/test/auto/arrayType24.xml
----------------- Instantiating /home/travis/build/icyphy/ptII/ptolemy/actor/lib/test/auto/arrayType24.xml
2 ms. Memory: 583680K Free: 330929K (57%)
----------------- Invoking toplevel() on ptolemy.moml.MoMLSimpleApplication@12b14f8c
----------------- Done invoking toplevel() on ptolemy.moml.MoMLSimpleApplication@12b14f8c
reloadAllAccessors: .arrayType24

===========================================================================================
----------------- testing Fri Jul 12 17:14:51 UTC 2019 /home/travis/build/icyphy/ptII/ptolemy/actor/lib/test/auto/arrayType25.xml
----------------- Instantiating /home/travis/build/icyphy/ptII/ptolemy/actor/lib/test/auto/arrayType25.xml
1 ms. Memory: 583680K Free: 325809K (56%)
----------------- Invoking toplevel() on ptolemy.moml.MoMLSimpleApplication@64ac6562
----------------- Done invoking toplevel() on ptolemy.moml.MoMLSimpleApplication@64ac6562
reloadAllAccessors: .arrayType25

===========================================================================================
----------------- testing Fri Jul 12 17:14:51 UTC 2019 /home/travis/build/icyphy/ptII/ptolemy/actor/lib/test/auto/arrayType26.xml
----------------- Instantiating /home/travis/build/icyphy/ptII/ptolemy/actor/lib/test/auto/arrayType26.xml
1 ms. Memory: 583680K Free: 320175K (55%)
----------------- Invoking toplevel() on ptolemy.moml.MoMLSimpleApplication@4f7501c0
----------------- Done invoking toplevel() on ptolemy.moml.MoMLSimpleApplication@4f7501c0
reloadAllAccessors: .arrayType26

===========================================================================================
----------------- testing Fri Jul 12 17:14:51 UTC 2019 /home/travis/build/icyphy/ptII/ptolemy/actor/lib/test/auto/arrayType27.xml
----------------- Instantiating /home/travis/build/icyphy/ptII/ptolemy/actor/lib/test/auto/arrayType27.xml
1 ms. Memory: 583680K Free: 315055K (54%)
----------------- Invoking toplevel() on ptolemy.moml.MoMLSimpleApplication@ae77db5
----------------- Done invoking toplevel() on ptolemy.moml.MoMLSimpleApplication@ae77db5
reloadAllAccessors: .arrayType27

===========================================================================================
----------------- testing Fri Jul 12 17:14:51 UTC 2019 /home/travis/build/icyphy/ptII/ptolemy/actor/lib/test/auto/arrayType28.xml
----------------- Instantiating /home/travis/build/icyphy/ptII/ptolemy/actor/lib/test/auto/arrayType28.xml
1 ms. Memory: 583680K Free: 309935K (53%)
----------------- Invoking toplevel() on ptolemy.moml.MoMLSimpleApplication@7f6c6bb8
----------------- Done invoking toplevel() on ptolemy.moml.MoMLSimpleApplication@7f6c6bb8
reloadAllAccessors: .arrayType28

===========================================================================================
----------------- testing Fri Jul 12 17:14:52 UTC 2019 /home/travis/build/icyphy/ptII/ptolemy/actor/lib/test/auto/arrayType3.xml
----------------- Instantiating /home/travis/build/icyphy/ptII/ptolemy/actor/lib/test/auto/arrayType3.xml
1 ms. Memory: 583680K Free: 304305K (52%)
----------------- Invoking toplevel() on ptolemy.moml.MoMLSimpleApplication@61162c7e
----------------- Done invoking toplevel() on ptolemy.moml.MoMLSimpleApplication@61162c7e
reloadAllAccessors: .arrayType3

===========================================================================================
----------------- testing Fri Jul 12 17:14:52 UTC 2019 /home/travis/build/icyphy/ptII/ptolemy/actor/lib/test/auto/arrayType4.xml
----------------- Instantiating /home/travis/build/icyphy/ptII/ptolemy/actor/lib/test/auto/arrayType4.xml
1 ms. Memory: 583680K Free: 299185K (51%)
----------------- Invoking toplevel() on ptolemy.moml.MoMLSimpleApplication@45da3021
----------------- Done invoking toplevel() on ptolemy.moml.MoMLSimpleApplication@45da3021
reloadAllAccessors: .arrayType4

===========================================================================================
----------------- testing Fri Jul 12 17:14:52 UTC 2019 /home/travis/build/icyphy/ptII/ptolemy/actor/lib/test/auto/arrayType5.xml
----------------- Instantiating /home/travis/build/icyphy/ptII/ptolemy/actor/lib/test/auto/arrayType5.xml
1 ms. Memory: 583680K Free: 293537K (50%)
----------------- Invoking toplevel() on ptolemy.moml.MoMLSimpleApplication@2d08233a
----------------- Done invoking toplevel() on ptolemy.moml.MoMLSimpleApplication@2d08233a
reloadAllAccessors: .arrayType5

===========================================================================================
----------------- testing Fri Jul 12 17:14:52 UTC 2019 /home/travis/build/icyphy/ptII/ptolemy/actor/lib/test/auto/arrayType6.xml
----------------- Instantiating /home/travis/build/icyphy/ptII/ptolemy/actor/lib/test/auto/arrayType6.xml
1 ms. Memory: 583680K Free: 288945K (50%)
----------------- Invoking toplevel() on ptolemy.moml.MoMLSimpleApplication@6ac76ded
----------------- Done invoking toplevel() on ptolemy.moml.MoMLSimpleApplication@6ac76ded
reloadAllAccessors: .arrayType6

===========================================================================================
----------------- testing Fri Jul 12 17:14:52 UTC 2019 /home/travis/build/icyphy/ptII/ptolemy/actor/lib/test/auto/arrayType7.xml
----------------- Instantiating /home/travis/build/icyphy/ptII/ptolemy/actor/lib/test/auto/arrayType7.xml
2 ms. Memory: 583680K Free: 283825K (49%)
----------------- Invoking toplevel() on ptolemy.moml.MoMLSimpleApplication@2a65e894
----------------- Done invoking toplevel() on ptolemy.moml.MoMLSimpleApplication@2a65e894
reloadAllAccessors: .arrayType7

===========================================================================================
----------------- testing Fri Jul 12 17:14:52 UTC 2019 /home/travis/build/icyphy/ptII/ptolemy/actor/lib/test/auto/arrayType8.xml
----------------- Instantiating /home/travis/build/icyphy/ptII/ptolemy/actor/lib/test/auto/arrayType8.xml
1 ms. Memory: 583680K Free: 279215K (48%)
----------------- Invoking toplevel() on ptolemy.moml.MoMLSimpleApplication@69a14ccf
----------------- Done invoking toplevel() on ptolemy.moml.MoMLSimpleApplication@69a14ccf
reloadAllAccessors: .arrayType8

===========================================================================================
----------------- testing Fri Jul 12 17:14:52 UTC 2019 /home/travis/build/icyphy/ptII/ptolemy/actor/lib/test/auto/arrayType9.xml
----------------- Instantiating /home/travis/build/icyphy/ptII/ptolemy/actor/lib/test/auto/arrayType9.xml
6 ms. Memory: 583680K Free: 274607K (47%)
----------------- Invoking toplevel() on ptolemy.moml.MoMLSimpleApplication@1757e11d
----------------- Done invoking toplevel() on ptolemy.moml.MoMLSimpleApplication@1757e11d
reloadAllAccessors: .arrayType9

===========================================================================================
----------------- testing Fri Jul 12 17:14:52 UTC 2019 /home/travis/build/icyphy/ptII/ptolemy/actor/lib/test/auto/cast.xml
----------------- Instantiating /home/travis/build/icyphy/ptII/ptolemy/actor/lib/test/auto/cast.xml
2 ms. Memory: 583680K Free: 269489K (46%)
----------------- Invoking toplevel() on ptolemy.moml.MoMLSimpleApplication@3e6058fd
----------------- Done invoking toplevel() on ptolemy.moml.MoMLSimpleApplication@3e6058fd
reloadAllAccessors: .cast

===========================================================================================
----------------- testing Fri Jul 12 17:14:52 UTC 2019 /home/travis/build/icyphy/ptII/ptolemy/actor/lib/test/auto/compositeMultiPort.xml
----------------- Instantiating /home/travis/build/icyphy/ptII/ptolemy/actor/lib/test/auto/compositeMultiPort.xml
3 ms. Memory: 583680K Free: 260777K (45%)
----------------- Invoking toplevel() on ptolemy.moml.MoMLSimpleApplication@46e74043
----------------- Done invoking toplevel() on ptolemy.moml.MoMLSimpleApplication@46e74043
reloadAllAccessors: .compositeMultiPort

===========================================================================================
----------------- testing Fri Jul 12 17:14:52 UTC 2019 /home/travis/build/icyphy/ptII/ptolemy/actor/lib/test/auto/expressionCastInference.xml
----------------- Instantiating /home/travis/build/icyphy/ptII/ptolemy/actor/lib/test/auto/expressionCastInference.xml
3 ms. Memory: 583680K Free: 255663K (44%)
----------------- Invoking toplevel() on ptolemy.moml.MoMLSimpleApplication@22df9793
----------------- Done invoking toplevel() on ptolemy.moml.MoMLSimpleApplication@22df9793
reloadAllAccessors: .expressionCastInference

===========================================================================================
----------------- testing Fri Jul 12 17:14:52 UTC 2019 /home/travis/build/icyphy/ptII/ptolemy/actor/lib/test/auto/expressionCastInference2.xml
----------------- Instantiating /home/travis/build/icyphy/ptII/ptolemy/actor/lib/test/auto/expressionCastInference2.xml
2 ms. Memory: 583680K Free: 251057K (43%)
----------------- Invoking toplevel() on ptolemy.moml.MoMLSimpleApplication@6588d169
----------------- Done invoking toplevel() on ptolemy.moml.MoMLSimpleApplication@6588d169
reloadAllAccessors: .expressionCastInference2

===========================================================================================
----------------- testing Fri Jul 12 17:14:52 UTC 2019 /home/travis/build/icyphy/ptII/ptolemy/actor/lib/test/auto/expressionInference.xml
----------------- Instantiating /home/travis/build/icyphy/ptII/ptolemy/actor/lib/test/auto/expressionInference.xml
1 ms. Memory: 583680K Free: 246447K (42%)
----------------- Invoking toplevel() on ptolemy.moml.MoMLSimpleApplication@21a46a67
----------------- Done invoking toplevel() on ptolemy.moml.MoMLSimpleApplication@21a46a67
reloadAllAccessors: .expressionInference

===========================================================================================
----------------- testing Fri Jul 12 17:14:52 UTC 2019 /home/travis/build/icyphy/ptII/ptolemy/actor/lib/test/auto/expression_bug.xml
----------------- Instantiating /home/travis/build/icyphy/ptII/ptolemy/actor/lib/test/auto/expression_bug.xml
1 ms. Memory: 583680K Free: 242351K (42%)
----------------- Invoking toplevel() on ptolemy.moml.MoMLSimpleApplication@4fa47527
----------------- Done invoking toplevel() on ptolemy.moml.MoMLSimpleApplication@4fa47527
reloadAllAccessors: .expression_bug

===========================================================================================
----------------- testing Fri Jul 12 17:14:52 UTC 2019 /home/travis/build/icyphy/ptII/ptolemy/actor/lib/test/auto/factorial.xml
----------------- Instantiating /home/travis/build/icyphy/ptII/ptolemy/actor/lib/test/auto/factorial.xml
29 ms. Memory: 583680K Free: 234159K (40%)
----------------- Invoking toplevel() on ptolemy.moml.MoMLSimpleApplication@3815e717
----------------- Done invoking toplevel() on ptolemy.moml.MoMLSimpleApplication@3815e717
reloadAllAccessors: .factorial

===========================================================================================
----------------- testing Fri Jul 12 17:14:52 UTC 2019 /home/travis/build/icyphy/ptII/ptolemy/actor/lib/test/auto/filterTest1.xml
----------------- Instantiating /home/travis/build/icyphy/ptII/ptolemy/actor/lib/test/auto/filterTest1.xml
2 ms. Memory: 583680K Free: 228001K (39%)
----------------- Invoking toplevel() on ptolemy.moml.MoMLSimpleApplication@61671365
----------------- Done invoking toplevel() on ptolemy.moml.MoMLSimpleApplication@61671365
reloadAllAccessors: .filterTest1

===========================================================================================
----------------- testing Fri Jul 12 17:14:52 UTC 2019 /home/travis/build/icyphy/ptII/ptolemy/actor/lib/test/auto/funcApplyInConst.xml
----------------- Instantiating /home/travis/build/icyphy/ptII/ptolemy/actor/lib/test/auto/funcApplyInConst.xml
1 ms. Memory: 583680K Free: 224433K (38%)
----------------- Invoking toplevel() on ptolemy.moml.MoMLSimpleApplication@6bc37243
----------------- Done invoking toplevel() on ptolemy.moml.MoMLSimpleApplication@6bc37243
reloadAllAccessors: .funcApplyInConst

===========================================================================================
----------------- testing Fri Jul 12 17:14:52 UTC 2019 /home/travis/build/icyphy/ptII/ptolemy/actor/lib/test/auto/funcApplyInExpr.xml
----------------- Instantiating /home/travis/build/icyphy/ptII/ptolemy/actor/lib/test/auto/funcApplyInExpr.xml
1 ms. Memory: 583680K Free: 220337K (38%)
----------------- Invoking toplevel() on ptolemy.moml.MoMLSimpleApplication@632198df
----------------- Done invoking toplevel() on ptolemy.moml.MoMLSimpleApplication@632198df
reloadAllAccessors: .funcApplyInExpr

===========================================================================================
----------------- testing Fri Jul 12 17:14:52 UTC 2019 /home/travis/build/icyphy/ptII/ptolemy/actor/lib/test/auto/function.xml
----------------- Instantiating /home/travis/build/icyphy/ptII/ptolemy/actor/lib/test/auto/function.xml
1 ms. Memory: 583680K Free: 215727K (37%)
----------------- Invoking toplevel() on ptolemy.moml.MoMLSimpleApplication@5b627cb
----------------- Done invoking toplevel() on ptolemy.moml.MoMLSimpleApplication@5b627cb
reloadAllAccessors: .function

===========================================================================================
----------------- testing Fri Jul 12 17:14:52 UTC 2019 /home/travis/build/icyphy/ptII/ptolemy/actor/lib/test/auto/function2.xml
----------------- Instantiating /home/travis/build/icyphy/ptII/ptolemy/actor/lib/test/auto/function2.xml
2 ms. Memory: 583680K Free: 210607K (36%)
----------------- Invoking toplevel() on ptolemy.moml.MoMLSimpleApplication@6d3a968b
----------------- Done invoking toplevel() on ptolemy.moml.MoMLSimpleApplication@6d3a968b
reloadAllAccessors: .function2

===========================================================================================
----------------- testing Fri Jul 12 17:14:52 UTC 2019 /home/travis/build/icyphy/ptII/ptolemy/actor/lib/test/auto/function3.xml
----------------- Instantiating /home/travis/build/icyphy/ptII/ptolemy/actor/lib/test/auto/function3.xml
2 ms. Memory: 583680K Free: 207025K (35%)
----------------- Invoking toplevel() on ptolemy.moml.MoMLSimpleApplication@9cc515a
----------------- Done invoking toplevel() on ptolemy.moml.MoMLSimpleApplication@9cc515a
reloadAllAccessors: .function3

===========================================================================================
----------------- testing Fri Jul 12 17:14:52 UTC 2019 /home/travis/build/icyphy/ptII/ptolemy/actor/lib/test/auto/functionClosureTest1.xml
----------------- Instantiating /home/travis/build/icyphy/ptII/ptolemy/actor/lib/test/auto/functionClosureTest1.xml
2 ms. Memory: 583680K Free: 200881K (34%)
----------------- Invoking toplevel() on ptolemy.moml.MoMLSimpleApplication@4ffccbbf
----------------- Done invoking toplevel() on ptolemy.moml.MoMLSimpleApplication@4ffccbbf
reloadAllAccessors: .functionClosureTest1

===========================================================================================
----------------- testing Fri Jul 12 17:14:52 UTC 2019 /home/travis/build/icyphy/ptII/ptolemy/actor/lib/test/auto/functionClosureTest2.xml
----------------- Instantiating /home/travis/build/icyphy/ptII/ptolemy/actor/lib/test/auto/functionClosureTest2.xml
1 ms. Memory: 583680K Free: 197295K (34%)
----------------- Invoking toplevel() on ptolemy.moml.MoMLSimpleApplication@5f1b9405
----------------- Done invoking toplevel() on ptolemy.moml.MoMLSimpleApplication@5f1b9405
reloadAllAccessors: .functionClosureTest2

===========================================================================================
----------------- testing Fri Jul 12 17:14:52 UTC 2019 /home/travis/build/icyphy/ptII/ptolemy/actor/lib/test/auto/functionClosureTest3.xml
----------------- Instantiating /home/travis/build/icyphy/ptII/ptolemy/actor/lib/test/auto/functionClosureTest3.xml
1 ms. Memory: 583680K Free: 191665K (33%)
----------------- Invoking toplevel() on ptolemy.moml.MoMLSimpleApplication@48a771b9
----------------- Done invoking toplevel() on ptolemy.moml.MoMLSimpleApplication@48a771b9
reloadAllAccessors: .functionClosureTest3

===========================================================================================
----------------- testing Fri Jul 12 17:14:52 UTC 2019 /home/travis/build/icyphy/ptII/ptolemy/actor/lib/test/auto/functionClosureTest4.xml
----------------- Instantiating /home/travis/build/icyphy/ptII/ptolemy/actor/lib/test/auto/functionClosureTest4.xml
7 ms. Memory: 583680K Free: 528864K (91%)
----------------- Invoking toplevel() on ptolemy.moml.MoMLSimpleApplication@5e483d93
----------------- Done invoking toplevel() on ptolemy.moml.MoMLSimpleApplication@5e483d93
reloadAllAccessors: .functionClosureTest4

===========================================================================================
----------------- testing Fri Jul 12 17:14:52 UTC 2019 /home/travis/build/icyphy/ptII/ptolemy/actor/lib/test/auto/functionClosureTest5.xml
----------------- Instantiating /home/travis/build/icyphy/ptII/ptolemy/actor/lib/test/auto/functionClosureTest5.xml
6 ms. Memory: 583680K Free: 523227K (90%)
----------------- Invoking toplevel() on ptolemy.moml.MoMLSimpleApplication@2deab7f5
----------------- Done invoking toplevel() on ptolemy.moml.MoMLSimpleApplication@2deab7f5
reloadAllAccessors: .functionClosureTest5

===========================================================================================
----------------- testing Fri Jul 12 17:14:52 UTC 2019 /home/travis/build/icyphy/ptII/ptolemy/actor/lib/test/auto/functionClosureTest6.xml
----------------- Instantiating /home/travis/build/icyphy/ptII/ptolemy/actor/lib/test/auto/functionClosureTest6.xml
2 ms. Memory: 583680K Free: 518624K (89%)
----------------- Invoking toplevel() on ptolemy.moml.MoMLSimpleApplication@6eeb80c0
----------------- Done invoking toplevel() on ptolemy.moml.MoMLSimpleApplication@6eeb80c0
reloadAllAccessors: .functionClosureTest6

===========================================================================================
----------------- testing Fri Jul 12 17:14:52 UTC 2019 /home/travis/build/icyphy/ptII/ptolemy/actor/lib/test/auto/functionsOnArcs.xml
----------------- Instantiating /home/travis/build/icyphy/ptII/ptolemy/actor/lib/test/auto/functionsOnArcs.xml
2 ms. Memory: 583680K Free: 512990K (88%)
----------------- Invoking toplevel() on ptolemy.moml.MoMLSimpleApplication@4d5ed286
----------------- Done invoking toplevel() on ptolemy.moml.MoMLSimpleApplication@4d5ed286
reloadAllAccessors: .functionsOnArcs

===========================================================================================
----------------- testing Fri Jul 12 17:14:52 UTC 2019 /home/travis/build/icyphy/ptII/ptolemy/actor/lib/test/auto/functionsOnArcsHOF.xml
----------------- Instantiating /home/travis/build/icyphy/ptII/ptolemy/actor/lib/test/auto/functionsOnArcsHOF.xml
18 ms. Memory: 583680K Free: 507360K (87%)
----------------- Invoking toplevel() on ptolemy.moml.MoMLSimpleApplication@11995b97
----------------- Done invoking toplevel() on ptolemy.moml.MoMLSimpleApplication@11995b97
reloadAllAccessors: .functionsOnArcsHOF

===========================================================================================
----------------- testing Fri Jul 12 17:14:52 UTC 2019 /home/travis/build/icyphy/ptII/ptolemy/actor/lib/test/auto/logic.xml
----------------- Instantiating /home/travis/build/icyphy/ptII/ptolemy/actor/lib/test/auto/logic.xml
2 ms. Memory: 583680K Free: 499678K (86%)
----------------- Invoking toplevel() on ptolemy.moml.MoMLSimpleApplication@113a611f
----------------- Done invoking toplevel() on ptolemy.moml.MoMLSimpleApplication@113a611f
reloadAllAccessors: .logic

===========================================================================================
----------------- testing Fri Jul 12 17:14:52 UTC 2019 /home/travis/build/icyphy/ptII/ptolemy/actor/lib/test/auto/matrixType.xml
----------------- Instantiating /home/travis/build/icyphy/ptII/ptolemy/actor/lib/test/auto/matrixType.xml
1 ms. Memory: 583680K Free: 494544K (85%)
----------------- Invoking toplevel() on ptolemy.moml.MoMLSimpleApplication@5f3fa5a1
----------------- Done invoking toplevel() on ptolemy.moml.MoMLSimpleApplication@5f3fa5a1
reloadAllAccessors: .matrixType

===========================================================================================
----------------- testing Fri Jul 12 17:14:52 UTC 2019 /home/travis/build/icyphy/ptII/ptolemy/actor/lib/test/auto/matrixType10.xml
----------------- Instantiating /home/travis/build/icyphy/ptII/ptolemy/actor/lib/test/auto/matrixType10.xml
2 ms. Memory: 583680K Free: 489438K (84%)
----------------- Invoking toplevel() on ptolemy.moml.MoMLSimpleApplication@76bc414c
----------------- Done invoking toplevel() on ptolemy.moml.MoMLSimpleApplication@76bc414c
reloadAllAccessors: .matrixType10

===========================================================================================
----------------- testing Fri Jul 12 17:14:52 UTC 2019 /home/travis/build/icyphy/ptII/ptolemy/actor/lib/test/auto/matrixType11.xml
----------------- Instantiating /home/travis/build/icyphy/ptII/ptolemy/actor/lib/test/auto/matrixType11.xml
1 ms. Memory: 583680K Free: 484832K (83%)
----------------- Invoking toplevel() on ptolemy.moml.MoMLSimpleApplication@5856c69b
----------------- Done invoking toplevel() on ptolemy.moml.MoMLSimpleApplication@5856c69b
reloadAllAccessors: .matrixType11

===========================================================================================
----------------- testing Fri Jul 12 17:14:52 UTC 2019 /home/travis/build/icyphy/ptII/ptolemy/actor/lib/test/auto/matrixType12.xml
----------------- Instantiating /home/travis/build/icyphy/ptII/ptolemy/actor/lib/test/auto/matrixType12.xml
2 ms. Memory: 583680K Free: 479712K (82%)
----------------- Invoking toplevel() on ptolemy.moml.MoMLSimpleApplication@2426bf3d
----------------- Done invoking toplevel() on ptolemy.moml.MoMLSimpleApplication@2426bf3d
reloadAllAccessors: .matrixType12

===========================================================================================
----------------- testing Fri Jul 12 17:14:52 UTC 2019 /home/travis/build/icyphy/ptII/ptolemy/actor/lib/test/auto/matrixType13.xml
----------------- Instantiating /home/travis/build/icyphy/ptII/ptolemy/actor/lib/test/auto/matrixType13.xml
1 ms. Memory: 583680K Free: 475102K (81%)
----------------- Invoking toplevel() on ptolemy.moml.MoMLSimpleApplication@15792f01
----------------- Done invoking toplevel() on ptolemy.moml.MoMLSimpleApplication@15792f01
reloadAllAccessors: .matrixType13

===========================================================================================
----------------- testing Fri Jul 12 17:14:52 UTC 2019 /home/travis/build/icyphy/ptII/ptolemy/actor/lib/test/auto/matrixType14.xml
----------------- Instantiating /home/travis/build/icyphy/ptII/ptolemy/actor/lib/test/auto/matrixType14.xml
2 ms. Memory: 583680K Free: 469982K (81%)
----------------- Invoking toplevel() on ptolemy.moml.MoMLSimpleApplication@78764691
----------------- Done invoking toplevel() on ptolemy.moml.MoMLSimpleApplication@78764691
reloadAllAccessors: .matrixType14

===========================================================================================
----------------- testing Fri Jul 12 17:14:52 UTC 2019 /home/travis/build/icyphy/ptII/ptolemy/actor/lib/test/auto/matrixType2.xml
----------------- Instantiating /home/travis/build/icyphy/ptII/ptolemy/actor/lib/test/auto/matrixType2.xml
2 ms. Memory: 583680K Free: 464848K (80%)
----------------- Invoking toplevel() on ptolemy.moml.MoMLSimpleApplication@34cec531
----------------- Done invoking toplevel() on ptolemy.moml.MoMLSimpleApplication@34cec531
reloadAllAccessors: .matrixType2

===========================================================================================
----------------- testing Fri Jul 12 17:14:52 UTC 2019 /home/travis/build/icyphy/ptII/ptolemy/actor/lib/test/auto/matrixType3.xml
----------------- Instantiating /home/travis/build/icyphy/ptII/ptolemy/actor/lib/test/auto/matrixType3.xml
5 ms. Memory: 583680K Free: 459742K (79%)
----------------- Invoking toplevel() on ptolemy.moml.MoMLSimpleApplication@7ee715e
----------------- Done invoking toplevel() on ptolemy.moml.MoMLSimpleApplication@7ee715e
reloadAllAccessors: .matrixType3

===========================================================================================
----------------- testing Fri Jul 12 17:14:52 UTC 2019 /home/travis/build/icyphy/ptII/ptolemy/actor/lib/test/auto/matrixType4.xml
----------------- Instantiating /home/travis/build/icyphy/ptII/ptolemy/actor/lib/test/auto/matrixType4.xml
1 ms. Memory: 583680K Free: 455136K (78%)
----------------- Invoking toplevel() on ptolemy.moml.MoMLSimpleApplication@4f340471
----------------- Done invoking toplevel() on ptolemy.moml.MoMLSimpleApplication@4f340471
reloadAllAccessors: .matrixType4

===========================================================================================
----------------- testing Fri Jul 12 17:14:52 UTC 2019 /home/travis/build/icyphy/ptII/ptolemy/actor/lib/test/auto/matrixType5.xml
----------------- Instantiating /home/travis/build/icyphy/ptII/ptolemy/actor/lib/test/auto/matrixType5.xml
1 ms. Memory: 583680K Free: 450016K (77%)
----------------- Invoking toplevel() on ptolemy.moml.MoMLSimpleApplication@28f91c39
----------------- Done invoking toplevel() on ptolemy.moml.MoMLSimpleApplication@28f91c39
reloadAllAccessors: .matrixType5

===========================================================================================
----------------- testing Fri Jul 12 17:14:52 UTC 2019 /home/travis/build/icyphy/ptII/ptolemy/actor/lib/test/auto/matrixType6.xml
----------------- Instantiating /home/travis/build/icyphy/ptII/ptolemy/actor/lib/test/auto/matrixType6.xml
1 ms. Memory: 583680K Free: 444896K (76%)
----------------- Invoking toplevel() on ptolemy.moml.MoMLSimpleApplication@70f16052
----------------- Done invoking toplevel() on ptolemy.moml.MoMLSimpleApplication@70f16052
reloadAllAccessors: .matrixType6

===========================================================================================
----------------- testing Fri Jul 12 17:14:52 UTC 2019 /home/travis/build/icyphy/ptII/ptolemy/actor/lib/test/auto/matrixType7.xml
----------------- Instantiating /home/travis/build/icyphy/ptII/ptolemy/actor/lib/test/auto/matrixType7.xml
2 ms. Memory: 583680K Free: 440286K (75%)
----------------- Invoking toplevel() on ptolemy.moml.MoMLSimpleApplication@fc5dd3f
----------------- Done invoking toplevel() on ptolemy.moml.MoMLSimpleApplication@fc5dd3f
reloadAllAccessors: .matrixType7

===========================================================================================
----------------- testing Fri Jul 12 17:14:52 UTC 2019 /home/travis/build/icyphy/ptII/ptolemy/actor/lib/test/auto/matrixType8.xml
----------------- Instantiating /home/travis/build/icyphy/ptII/ptolemy/actor/lib/test/auto/matrixType8.xml
1 ms. Memory: 583680K Free: 435166K (75%)
----------------- Invoking toplevel() on ptolemy.moml.MoMLSimpleApplication@3350f2c8
----------------- Done invoking toplevel() on ptolemy.moml.MoMLSimpleApplication@3350f2c8
reloadAllAccessors: .matrixType8

===========================================================================================
----------------- testing Fri Jul 12 17:14:52 UTC 2019 /home/travis/build/icyphy/ptII/ptolemy/actor/lib/test/auto/matrixType9.xml
----------------- Instantiating /home/travis/build/icyphy/ptII/ptolemy/actor/lib/test/auto/matrixType9.xml
2 ms. Memory: 583680K Free: 430560K (74%)
----------------- Invoking toplevel() on ptolemy.moml.MoMLSimpleApplication@196de597
----------------- Done invoking toplevel() on ptolemy.moml.MoMLSimpleApplication@196de597
reloadAllAccessors: .matrixType9

===========================================================================================
----------------- testing Fri Jul 12 17:14:52 UTC 2019 /home/travis/build/icyphy/ptII/ptolemy/actor/lib/test/auto/paraFunctest.xml
----------------- Instantiating /home/travis/build/icyphy/ptII/ptolemy/actor/lib/test/auto/paraFunctest.xml
2 ms. Memory: 583680K Free: 425950K (73%)
----------------- Invoking toplevel() on ptolemy.moml.MoMLSimpleApplication@26f8bc93
----------------- Done invoking toplevel() on ptolemy.moml.MoMLSimpleApplication@26f8bc93
reloadAllAccessors: .paraFunctest

===========================================================================================
----------------- testing Fri Jul 12 17:14:52 UTC 2019 /home/travis/build/icyphy/ptII/ptolemy/actor/lib/test/auto/paraFunctest2.xml
----------------- Instantiating /home/travis/build/icyphy/ptII/ptolemy/actor/lib/test/auto/paraFunctest2.xml
1 ms. Memory: 583680K Free: 421854K (72%)
----------------- Invoking toplevel() on ptolemy.moml.MoMLSimpleApplication@7e9054ad
----------------- Done invoking toplevel() on ptolemy.moml.MoMLSimpleApplication@7e9054ad
reloadAllAccessors: .paraFunctest2

===========================================================================================
----------------- testing Fri Jul 12 17:14:52 UTC 2019 /home/travis/build/icyphy/ptII/ptolemy/actor/lib/test/auto/parameterPassing.xml
----------------- Instantiating /home/travis/build/icyphy/ptII/ptolemy/actor/lib/test/auto/parameterPassing.xml
1 ms. Memory: 583680K Free: 417248K (71%)
----------------- Invoking toplevel() on ptolemy.moml.MoMLSimpleApplication@777a7e5b
----------------- Done invoking toplevel() on ptolemy.moml.MoMLSimpleApplication@777a7e5b
reloadAllAccessors: .parameterPassing

===========================================================================================
----------------- testing Fri Jul 12 17:14:52 UTC 2019 /home/travis/build/icyphy/ptII/ptolemy/actor/lib/test/auto/record.xml
----------------- Instantiating /home/travis/build/icyphy/ptII/ptolemy/actor/lib/test/auto/record.xml
2 ms. Memory: 583680K Free: 412638K (71%)
----------------- Invoking toplevel() on ptolemy.moml.MoMLSimpleApplication@22981dc0
----------------- Done invoking toplevel() on ptolemy.moml.MoMLSimpleApplication@22981dc0
reloadAllAccessors: .record

===========================================================================================
----------------- testing Fri Jul 12 17:14:52 UTC 2019 /home/travis/build/icyphy/ptII/ptolemy/actor/lib/test/auto/sizedarray1.xml
----------------- Instantiating /home/travis/build/icyphy/ptII/ptolemy/actor/lib/test/auto/sizedarray1.xml
1 ms. Memory: 583680K Free: 407008K (70%)
----------------- Invoking toplevel() on ptolemy.moml.MoMLSimpleApplication@765c5bfd
----------------- Done invoking toplevel() on ptolemy.moml.MoMLSimpleApplication@765c5bfd
reloadAllAccessors: .sizedarray1

===========================================================================================
----------------- testing Fri Jul 12 17:14:52 UTC 2019 /home/travis/build/icyphy/ptII/ptolemy/actor/lib/test/auto/sizedarray2.xml
----------------- Instantiating /home/travis/build/icyphy/ptII/ptolemy/actor/lib/test/auto/sizedarray2.xml
2 ms. Memory: 583680K Free: 401374K (69%)
----------------- Invoking toplevel() on ptolemy.moml.MoMLSimpleApplication@482c7727
----------------- Done invoking toplevel() on ptolemy.moml.MoMLSimpleApplication@482c7727
reloadAllAccessors: .sizedarray2

===========================================================================================
----------------- testing Fri Jul 12 17:14:52 UTC 2019 /home/travis/build/icyphy/ptII/ptolemy/actor/lib/test/auto/twoPublishers.xml
----------------- Instantiating /home/travis/build/icyphy/ptII/ptolemy/actor/lib/test/auto/twoPublishers.xml
6 ms. Memory: 583680K Free: 390624K (67%)
----------------- Invoking toplevel() on ptolemy.moml.MoMLSimpleApplication@4ad325c4
----------------- Done invoking toplevel() on ptolemy.moml.MoMLSimpleApplication@4ad325c4
reloadAllAccessors: .twoPublishers
AutoTests.java: About to close Vertx.
AutoTests.java: Vertx closed.
]]></system-out>
  <system-err><![CDATA[java.lang.RuntimeException: Execution failed
	at ptolemy.moml.MoMLSimpleApplication$UnloadThread.run(MoMLSimpleApplication.java:402)
Caused by: java.lang.RuntimeException: StringUtilities.exit() was called. Normally, we would exit here because Manager.exitAfterWrapup() was called.  However, because the ptolemy.ptII.exitAfterWrapup property is set, we throw this exception instead.
	at ptolemy.util.StringUtilities.exit(StringUtilities.java:363)
	at ptolemy.actor.Manager.wrapup(Manager.java:1531)
	at ptolemy.actor.Manager.execute(Manager.java:407)
	at ptolemy.actor.Manager.run(Manager.java:1263)
	at ptolemy.actor.Manager$PtolemyRunThread.run(Manager.java:1915)
Warning: '.top.test' is in training mode, set the trainingMode parameter to false before checking in
Warning: '.top.test' is in training mode, set the trainingMode parameter to false before checking in
Warning: '.top.test' is in training mode, set the trainingMode parameter to false before checking in
Warning: '.BooleanSwitch_RegressionTest_WrongTrainingValues.Test' is in training mode, set the trainingMode parameter to false before checking in
Warning: '.BooleanSwitch_RegressionTest_WrongTrainingValues.Test2' is in training mode, set the trainingMode parameter to false before checking in
Warning: '.BooleanSwitch_RegressionTest_WrongTrainingValues.Test2' The test produced 0 tokens.
Warning: '.top.testExceptionHandler' is in training mode, set the trainingMode parameter to false before checking in
java.lang.RuntimeException: Execution failed
	at ptolemy.moml.MoMLSimpleApplication$UnloadThread.run(MoMLSimpleApplication.java:402)
Caused by: ptolemy.kernel.util.IllegalActionException: PublisherPorts cannot be used at the top level, use a Publisher actor instead.
  in .PublisherPortToplevelSubscriber.PublisherPort
	at ptolemy.actor.PublisherPort.preinitialize(PublisherPort.java:403)
	at ptolemy.actor.CompositeActor.preinitialize(CompositeActor.java:1769)
	at ptolemy.actor.Manager.preinitializeAndResolveTypes(Manager.java:1040)
	at ptolemy.actor.Manager.initialize(Manager.java:710)
	at ptolemy.actor.Manager.execute(Manager.java:356)
	at ptolemy.actor.Manager.run(Manager.java:1263)
	at ptolemy.actor.Manager$PtolemyRunThread.run(Manager.java:1915)
java.lang.reflect.InvocationTargetException
	at java.base/jdk.internal.reflect.NativeConstructorAccessorImpl.newInstance0(Native Method)
	at java.base/jdk.internal.reflect.NativeConstructorAccessorImpl.newInstance(NativeConstructorAccessorImpl.java:62)
	at java.base/jdk.internal.reflect.DelegatingConstructorAccessorImpl.newInstance(DelegatingConstructorAccessorImpl.java:45)
	at java.base/java.lang.reflect.Constructor.newInstance(Constructor.java:490)
	at ptolemy.util.test.junit.AutoKnownFailedTests.RunModel(AutoKnownFailedTests.java:105)
	at java.base/jdk.internal.reflect.NativeMethodAccessorImpl.invoke0(Native Method)
	at java.base/jdk.internal.reflect.NativeMethodAccessorImpl.invoke(NativeMethodAccessorImpl.java:62)
	at java.base/jdk.internal.reflect.DelegatingMethodAccessorImpl.invoke(DelegatingMethodAccessorImpl.java:43)
	at java.base/java.lang.reflect.Method.invoke(Method.java:566)
	at org.junit.runners.model.FrameworkMethod$1.runReflectiveCall(FrameworkMethod.java:44)
	at org.junit.internal.runners.model.ReflectiveCallable.run(ReflectiveCallable.java:15)
	at org.junit.runners.model.FrameworkMethod.invokeExplosively(FrameworkMethod.java:41)
	at junitparams.internal.InvokeParameterisedMethod.evaluate(InvokeParameterisedMethod.java:102)
	at org.junit.internal.runners.statements.FailOnTimeout$1.run(FailOnTimeout.java:28)
Caused by: ptolemy.kernel.util.IllegalActionException: PublisherPorts cannot be used at the top level, use a Publisher actor instead.
  in .PublisherPortToplevelSubscriber.PublisherPort
	at ptolemy.actor.PublisherPort.preinitialize(PublisherPort.java:403)
	at ptolemy.actor.CompositeActor.preinitialize(CompositeActor.java:1769)
	at ptolemy.actor.Manager.preinitializeAndResolveTypes(Manager.java:1040)
	at ptolemy.actor.Manager.initialize(Manager.java:710)
	at ptolemy.actor.Manager.execute(Manager.java:356)
	at ptolemy.actor.Manager.run(Manager.java:1263)
	at ptolemy.actor.Manager$PtolemyRunThread.run(Manager.java:1915)
java.lang.RuntimeException: Execution failed
	at ptolemy.moml.MoMLSimpleApplication$UnloadThread.run(MoMLSimpleApplication.java:402)
Caused by: ptolemy.kernel.util.IllegalActionException: SubscriberPorts cannot be used at the top level, use a Subscriber actor instead.
  in .PublisherSubscriberPortToplevel.SubscriberPort
	at ptolemy.actor.SubscriberPort.preinitialize(SubscriberPort.java:328)
	at ptolemy.actor.CompositeActor.preinitialize(CompositeActor.java:1769)
	at ptolemy.actor.Manager.preinitializeAndResolveTypes(Manager.java:1040)
	at ptolemy.actor.Manager.initialize(Manager.java:710)
	at ptolemy.actor.Manager.execute(Manager.java:356)
	at ptolemy.actor.Manager.run(Manager.java:1263)
	at ptolemy.actor.Manager$PtolemyRunThread.run(Manager.java:1915)
java.lang.reflect.InvocationTargetException
	at java.base/jdk.internal.reflect.NativeConstructorAccessorImpl.newInstance0(Native Method)
	at java.base/jdk.internal.reflect.NativeConstructorAccessorImpl.newInstance(NativeConstructorAccessorImpl.java:62)
	at java.base/jdk.internal.reflect.DelegatingConstructorAccessorImpl.newInstance(DelegatingConstructorAccessorImpl.java:45)
	at java.base/java.lang.reflect.Constructor.newInstance(Constructor.java:490)
	at ptolemy.util.test.junit.AutoKnownFailedTests.RunModel(AutoKnownFailedTests.java:105)
	at java.base/jdk.internal.reflect.NativeMethodAccessorImpl.invoke0(Native Method)
	at java.base/jdk.internal.reflect.NativeMethodAccessorImpl.invoke(NativeMethodAccessorImpl.java:62)
	at java.base/jdk.internal.reflect.DelegatingMethodAccessorImpl.invoke(DelegatingMethodAccessorImpl.java:43)
	at java.base/java.lang.reflect.Method.invoke(Method.java:566)
	at org.junit.runners.model.FrameworkMethod$1.runReflectiveCall(FrameworkMethod.java:44)
	at org.junit.internal.runners.model.ReflectiveCallable.run(ReflectiveCallable.java:15)
	at org.junit.runners.model.FrameworkMethod.invokeExplosively(FrameworkMethod.java:41)
	at junitparams.internal.InvokeParameterisedMethod.evaluate(InvokeParameterisedMethod.java:102)
	at org.junit.internal.runners.statements.FailOnTimeout$1.run(FailOnTimeout.java:28)
Caused by: ptolemy.kernel.util.IllegalActionException: SubscriberPorts cannot be used at the top level, use a Subscriber actor instead.
  in .PublisherSubscriberPortToplevel.SubscriberPort
	at ptolemy.actor.SubscriberPort.preinitialize(SubscriberPort.java:328)
	at ptolemy.actor.CompositeActor.preinitialize(CompositeActor.java:1769)
	at ptolemy.actor.Manager.preinitializeAndResolveTypes(Manager.java:1040)
	at ptolemy.actor.Manager.initialize(Manager.java:710)
	at ptolemy.actor.Manager.execute(Manager.java:356)
	at ptolemy.actor.Manager.run(Manager.java:1263)
	at ptolemy.actor.Manager$PtolemyRunThread.run(Manager.java:1915)
java.lang.RuntimeException: Execution failed
	at ptolemy.moml.MoMLSimpleApplication$UnloadThread.run(MoMLSimpleApplication.java:402)
Caused by: ptolemy.kernel.util.IllegalActionException: SubscriptionAggregatorPorts cannot be used at the top level, use a SubscriptionAggregator actor instead.
  in .PublisherSubscriptionAggregatorPort.SubscriptionAggregatorPort
	at ptolemy.actor.SubscriptionAggregatorPort.preinitialize(SubscriptionAggregatorPort.java:353)
	at ptolemy.actor.CompositeActor.preinitialize(CompositeActor.java:1769)
	at ptolemy.actor.Manager.preinitializeAndResolveTypes(Manager.java:1040)
	at ptolemy.actor.Manager.initialize(Manager.java:710)
	at ptolemy.actor.Manager.execute(Manager.java:356)
	at ptolemy.actor.Manager.run(Manager.java:1263)
	at ptolemy.actor.Manager$PtolemyRunThread.run(Manager.java:1915)
java.lang.reflect.InvocationTargetException
	at java.base/jdk.internal.reflect.NativeConstructorAccessorImpl.newInstance0(Native Method)
	at java.base/jdk.internal.reflect.NativeConstructorAccessorImpl.newInstance(NativeConstructorAccessorImpl.java:62)
	at java.base/jdk.internal.reflect.DelegatingConstructorAccessorImpl.newInstance(DelegatingConstructorAccessorImpl.java:45)
	at java.base/java.lang.reflect.Constructor.newInstance(Constructor.java:490)
	at ptolemy.util.test.junit.AutoKnownFailedTests.RunModel(AutoKnownFailedTests.java:105)
	at java.base/jdk.internal.reflect.NativeMethodAccessorImpl.invoke0(Native Method)
	at java.base/jdk.internal.reflect.NativeMethodAccessorImpl.invoke(NativeMethodAccessorImpl.java:62)
	at java.base/jdk.internal.reflect.DelegatingMethodAccessorImpl.invoke(DelegatingMethodAccessorImpl.java:43)
	at java.base/java.lang.reflect.Method.invoke(Method.java:566)
	at org.junit.runners.model.FrameworkMethod$1.runReflectiveCall(FrameworkMethod.java:44)
	at org.junit.internal.runners.model.ReflectiveCallable.run(ReflectiveCallable.java:15)
	at org.junit.runners.model.FrameworkMethod.invokeExplosively(FrameworkMethod.java:41)
	at junitparams.internal.InvokeParameterisedMethod.evaluate(InvokeParameterisedMethod.java:102)
	at org.junit.internal.runners.statements.FailOnTimeout$1.run(FailOnTimeout.java:28)
Caused by: ptolemy.kernel.util.IllegalActionException: SubscriptionAggregatorPorts cannot be used at the top level, use a SubscriptionAggregator actor instead.
  in .PublisherSubscriptionAggregatorPort.SubscriptionAggregatorPort
	at ptolemy.actor.SubscriptionAggregatorPort.preinitialize(SubscriptionAggregatorPort.java:353)
	at ptolemy.actor.CompositeActor.preinitialize(CompositeActor.java:1769)
	at ptolemy.actor.Manager.preinitializeAndResolveTypes(Manager.java:1040)
	at ptolemy.actor.Manager.initialize(Manager.java:710)
	at ptolemy.actor.Manager.execute(Manager.java:356)
	at ptolemy.actor.Manager.run(Manager.java:1263)
	at ptolemy.actor.Manager$PtolemyRunThread.run(Manager.java:1915)
java.lang.RuntimeException: Execution failed
	at ptolemy.moml.MoMLSimpleApplication$UnloadThread.run(MoMLSimpleApplication.java:402)
Caused by: ptolemy.kernel.util.IllegalActionException: TypeTest actor has no training data.
  in .sizedarray3.TypeTest
	at ptolemy.actor.lib.TypeTest.initialize(TypeTest.java:250)
	at ptolemy.actor.Director.initialize(Director.java:938)
	at ptolemy.actor.Director.initialize(Director.java:907)
	at ptolemy.actor.sched.StaticSchedulingDirector.initialize(StaticSchedulingDirector.java:159)
	at ptolemy.domains.sdf.kernel.SDFDirector.initialize(SDFDirector.java:544)
	at ptolemy.actor.CompositeActor.initialize(CompositeActor.java:935)
	at ptolemy.actor.Manager.initialize(Manager.java:724)
	at ptolemy.actor.Manager.execute(Manager.java:356)
	at ptolemy.actor.Manager.run(Manager.java:1263)
	at ptolemy.actor.Manager$PtolemyRunThread.run(Manager.java:1915)
java.lang.reflect.InvocationTargetException
	at java.base/jdk.internal.reflect.NativeConstructorAccessorImpl.newInstance0(Native Method)
	at java.base/jdk.internal.reflect.NativeConstructorAccessorImpl.newInstance(NativeConstructorAccessorImpl.java:62)
	at java.base/jdk.internal.reflect.DelegatingConstructorAccessorImpl.newInstance(DelegatingConstructorAccessorImpl.java:45)
	at java.base/java.lang.reflect.Constructor.newInstance(Constructor.java:490)
	at ptolemy.util.test.junit.AutoKnownFailedTests.RunModel(AutoKnownFailedTests.java:105)
	at java.base/jdk.internal.reflect.NativeMethodAccessorImpl.invoke0(Native Method)
	at java.base/jdk.internal.reflect.NativeMethodAccessorImpl.invoke(NativeMethodAccessorImpl.java:62)
	at java.base/jdk.internal.reflect.DelegatingMethodAccessorImpl.invoke(DelegatingMethodAccessorImpl.java:43)
	at java.base/java.lang.reflect.Method.invoke(Method.java:566)
	at org.junit.runners.model.FrameworkMethod$1.runReflectiveCall(FrameworkMethod.java:44)
	at org.junit.internal.runners.model.ReflectiveCallable.run(ReflectiveCallable.java:15)
	at org.junit.runners.model.FrameworkMethod.invokeExplosively(FrameworkMethod.java:41)
	at junitparams.internal.InvokeParameterisedMethod.evaluate(InvokeParameterisedMethod.java:102)
	at org.junit.internal.runners.statements.FailOnTimeout$1.run(FailOnTimeout.java:28)
Caused by: ptolemy.kernel.util.IllegalActionException: TypeTest actor has no training data.
  in .sizedarray3.TypeTest
	at ptolemy.actor.lib.TypeTest.initialize(TypeTest.java:250)
	at ptolemy.actor.Director.initialize(Director.java:938)
	at ptolemy.actor.Director.initialize(Director.java:907)
	at ptolemy.actor.sched.StaticSchedulingDirector.initialize(StaticSchedulingDirector.java:159)
	at ptolemy.domains.sdf.kernel.SDFDirector.initialize(SDFDirector.java:544)
	at ptolemy.actor.CompositeActor.initialize(CompositeActor.java:935)
	at ptolemy.actor.Manager.initialize(Manager.java:724)
	at ptolemy.actor.Manager.execute(Manager.java:356)
	at ptolemy.actor.Manager.run(Manager.java:1263)
	at ptolemy.actor.Manager$PtolemyRunThread.run(Manager.java:1915)
java.lang.RuntimeException: Execution failed
	at ptolemy.moml.MoMLSimpleApplication$UnloadThread.run(MoMLSimpleApplication.java:402)
Caused by: ptolemy.kernel.util.IllegalActionException: Test fails in iteration 0.
Value was: "WARNING: An illegal reflective access operation has occurred\nWARNING: Illegal reflective access by io.netty.util.internal.ReflectionUtil (file:/home/travis/build/icyphy/ptII/lib/netty-common-4.1.19.Final.jar) to constructor java.nio.DirectByteBuffer(long,int)\nWARNING: Please consider reporting this to the maintainers of io.netty.util.internal.ReflectionUtil\nWARNING: Use --illegal-access=warn to enable warnings of further illegal reflective access operations\nWARNING: All illegal access operations will be denied in a future release\n". Should have been: ""
  in .ExecRunDemos.Test
	at ptolemy.actor.lib.Test.fire(Test.java:268)
	at ptolemy.actor.AtomicActor.iterate(AtomicActor.java:512)
	at ptolemy.actor.sched.StaticSchedulingDirector.fire(StaticSchedulingDirector.java:216)
	at ptolemy.domains.sdf.kernel.SDFDirector.fire(SDFDirector.java:500)
	at ptolemy.actor.CompositeActor.fire(CompositeActor.java:455)
	at ptolemy.actor.Manager.iterate(Manager.java:851)
	at ptolemy.actor.Manager.execute(Manager.java:369)
	at ptolemy.actor.Manager.run(Manager.java:1263)
	at ptolemy.actor.Manager$PtolemyRunThread.run(Manager.java:1915)
java.lang.RuntimeException: Execution failed
	at ptolemy.moml.MoMLSimpleApplication$UnloadThread.run(MoMLSimpleApplication.java:402)
Caused by: ptolemy.kernel.util.IllegalActionException: Test fails in iteration 0.
Value was: 6001L. Should have been: 6000L
  in .ExecutionTimeSDF.NonStrictTest
	at ptolemy.actor.lib.NonStrictTest.postfire(NonStrictTest.java:328)
	at ptolemy.actor.AtomicActor.iterate(AtomicActor.java:518)
	at ptolemy.actor.sched.StaticSchedulingDirector.fire(StaticSchedulingDirector.java:216)
	at ptolemy.domains.sdf.kernel.SDFDirector.fire(SDFDirector.java:500)
	at ptolemy.actor.CompositeActor.fire(CompositeActor.java:455)
	at ptolemy.actor.Manager.iterate(Manager.java:851)
	at ptolemy.actor.Manager.execute(Manager.java:369)
	at ptolemy.actor.Manager.run(Manager.java:1263)
	at ptolemy.actor.Manager$PtolemyRunThread.run(Manager.java:1915)
]]></system-err>
</testsuite>
