<?xml version="1.0" encoding="UTF-8" ?>
<testsuite errors="0" failures="0" hostname="travis-job-8970af98-7f99-482e-8431-30ef48033ac5" name="ptolemy.actor.lib.test.junit.JUnitTclTest" skipped="0" tests="517" time="61.893" timestamp="2020-07-06T15:01:28">
  <properties>
    <property name="npm.executable" value="npm" />
    <property name="env.TRAVIS_ROOT" value="/" />
    <property name="ptII.mk.exists" value="true" />
    <property name="env.TRAVIS_APP_HOST" value="build.travis-ci.org" />
    <property name="env.rvm_bin_path" value="/home/travis/.rvm/bin" />
    <property name="java.home" value="/usr/local/lib/jvm/openjdk11" />
    <property name="env.TRAVIS_JOB_NUMBER" value="1683.8" />
    <property name="env.TRAVIS_HOME" value="/home/travis" />
    <property name="env.DISPLAY" value=":99.0" />
    <property name="env.TRAVIS_INIT" value="systemd" />
    <property name="env.SSH_TTY" value="/dev/pts/0" />
    <property name="java.net.preferIPv4Stack" value="true" />
    <property name="env.RUN_TESTS" value="true" />
    <property name="timeout.short" value="1000000" />
    <property name="junit.formatter" value="xml" />
    <property name="env.TRAVIS_SUDO" value="true" />
    <property name="env.TRAVIS_JOB_NAME" value="" />
    <property name="env.TRAVIS_STACK_NODE_ATTRIBUTES" value="/.node-attributes.yml" />
    <property name="env.LOGNAME" value="travis" />
    <property name="env.PT_TRAVIS_TEST_CORE1_XML" value="true" />
    <property name="jsdoc.home" value="node_modules/@terraswarm/jsdoc" />
    <property name="debuglevel" value="source,lines,vars" />
    <property name="checkstyle.formatter" value="xml" />
    <property name="env._system_version" value="16.04" />
    <property name="bin.vergil.makeable" value="true" />
    <property name="sun.os.patch.level" value="unknown" />
    <property name="java.vendor.url" value="http://java.oracle.com/" />
    <property name="env.TRAVIS_BUILD_WEB_URL" value="https://travis-ci.org/icyphy/ptII/builds/705432616" />
    <property name="java.version" value="11.0.2" />
    <property name="env.TZ" value="UTC" />
    <property name="env.TRAVIS_PULL_REQUEST_SHA" value="" />
    <property name="env.PT_NO_NET" value="true" />
    <property name="env.TRAVIS_SECURE_ENV_VARS" value="true" />
    <property name="env._system_type" value="Linux" />
    <property name="java.vendor.url.bug" value="http://bugreport.java.com/bugreport/" />
    <property name="npmjs-org-is-up" value="true" />
    <property name="env.LANGUAGE" value="en_US.UTF-8" />
    <property name="env.SSH_CLIENT" value="10.24.6.82 33708 22" />
    <property name="env.GEM_HOME" value="/home/travis/.rvm/gems/ruby-2.5.3" />
    <property name="env.HAS_ANTARES_THREE_LITTLE_FRONZIES_BADGE" value="true" />
    <property name="java.version.date" value="2019-01-15" />
    <property name="env.PS4" value="+" />
    <property name="ant.project.invoked-targets" value="build,test.core1.xml" />
    <property name="env.TRAVIS_PULL_REQUEST_BRANCH" value="" />
    <property name="env.TRAVIS_REPO_SLUG" value="icyphy/ptII" />
    <property name="env.XDG_DATA_DIRS" value="/usr/local/share:/usr/share:/var/lib/snapd/desktop" />
    <property name="jdk.debug" value="release" />
    <property name="env.TRAVIS_APT_PROXY" value="http://build-cache.travisci.net" />
    <property name="env.TRAVIS_CPU_ARCH" value="amd64" />
    <property name="node.in.path" value="true" />
    <property name="user.name" value="travis" />
    <property name="java.maxmemory" value="1400m" />
    <property name="env.RUBY_VERSION" value="ruby-2.5.3" />
    <property name="env.LANG" value="en_US.UTF-8" />
    <property name="sun.io.unicode.encoding" value="UnicodeLittle" />
    <property name="sun.jnu.encoding" value="UTF-8" />
    <property name="java.runtime.name" value="OpenJDK Runtime Environment" />
    <property name="usefile" value="false" />
    <property name="return.code" value="0" />
    <property name="junit.single.formatter" value="plain" />
    <property name="env.DYLD_LIBRARY_PATH" value="/home/travis/pthla/certi-tools/lib:" />
    <property name="env.DEBIAN_FRONTEND" value="noninteractive" />
    <property name="env.SSH_CONNECTION" value="10.24.6.82 33708 10.20.0.72 22" />
    <property name="env.MYSQL_UNIX_PORT" value="/var/run/mysqld/mysqld.sock" />
    <property name="env.LC_ALL" value="en_US.UTF-8" />
    <property name="env.TRAVIS_ALLOW_FAILURE" value="" />
    <property name="env.TRAVIS_JOB_WEB_URL" value="https://travis-ci.org/icyphy/ptII/jobs/705432624" />
    <property name="java.specification.name" value="Java Platform API Specification" />
    <property name="node.works" value="true" />
    <property name="user.timezone" value="" />
    <property name="path.separator" value=":" />
    <property name="env.TRAVIS_ENABLE_INFRA_DETECTION" value="true" />
    <property name="env.PYTHON_CFLAGS" value="-g -fstack-protector --param=ssp-buffer-size=4 -Wformat -Werror=format-security" />
    <property name="timeout.long" value="4000000" />
    <property name="env.CERTI_HOME" value="/home/travis/pthla/certi-tools" />
    <property name="ant.file.ptII" value="/home/travis/build/icyphy/ptII/build.xml" />
    <property name="javadoc.packagenames" value="com.*,diva.*,lbnl.*,org.hlacerti.*,org.json.*,org.ptolemy.*,org.terraswarm.*,ptolemy.*,ptserver.*" />
    <property name="file.encoding" value="UTF-8" />
    <property name="env.TRAVIS_PULL_REQUEST_SLUG" value="" />
    <property name="ant.project.default-target" value="build" />
    <property name="env.GIT_ASKPASS" value="echo" />
    <property name="env.HOME" value="/home/travis" />
    <property name="sun.java.command" value="org.apache.tools.ant.taskdefs.optional.junit.JUnitTestRunner ptolemy.actor.lib.test.junit.JUnitTclTest skipNonTests=false filtertrace=true haltOnError=false haltOnFailure=false formatter=org.apache.tools.ant.taskdefs.optional.junit.OutErrSummaryJUnitResultFormatter showoutput=true outputtoformatters=true logfailedtests=true threadid=0 logtestlistenerevents=false formatter=org.apache.tools.ant.taskdefs.optional.junit.XMLJUnitResultFormatter,/home/travis/build/icyphy/ptII/reports/junit/TEST-ptolemy.actor.lib.test.junit.JUnitTclTest.xml crashfile=/home/travis/build/icyphy/ptII/junitvmwatcher9605703524131915046.properties propsfile=/home/travis/build/icyphy/ptII/junit2510554883530630593.properties" />
    <property name="env.COMPOSER_NO_INTERACTION" value="1" />
    <property name="env.MANPATH" value="/home/travis/.nvm/versions/node/v7.10.1/share/man:/home/travis/.rvm/rubies/ruby-2.5.3/share/man:/usr/local/cmake-3.12.4/man:/usr/local/clang-7.0.0/share/man:/usr/local/man:/usr/local/share/man:/usr/share/man:/home/travis/.rvm/man" />
    <property name="env.TRAVIS_TIMER_ID" value="007ef51c" />
    <property name="ant.file" value="/home/travis/build/icyphy/ptII/build.xml" />
    <property name="env.TRAVIS_COMMIT_RANGE" value="3e950cfe0f3c004454147d0a7dfedd7f8d8e77cc...52bfcaaec950ad6b43d11ffdb9cd3f924b0c1f76" />
    <property name="env._system_name" value="Ubuntu" />
    <property name="ptII.classpath.optional.property" value="/home/travis/build/icyphy/ptII/lib/bsh-2.0b4.jar:/home/travis/build/icyphy/ptII/lib/ptCal.jar:/home/travis/build/icyphy/ptII/lib/java_cup.jar:/home/travis/build/icyphy/ptII/lib/saxon8.jar:/home/travis/build/icyphy/ptII/lib/saxon8-dom.jar:/home/travis/build/icyphy/ptII/lib/chic.jar:/home/travis/build/icyphy/ptII/lib/ptcolt.jar:/home/travis/build/icyphy/ptII/vendors/misc/itext/iText.jar:/home/travis/build/icyphy/ptII/lib/g4ltl.jar:/home/travis/build/icyphy/ptII/lib/StructuralCoder.jar:/home/travis/build/icyphy/ptII/lib/jcerti.jar:/home/travis/build/icyphy/ptII/lib/javax.mail.jar:/home/travis/build/icyphy/ptII/vendors/JMF-2.1.1e/lib/jmf.jar:/home/travis/build/icyphy/ptII/lib/jna-4.0.0-variadic.jar:/home/travis/build/icyphy/ptII/vendors/misc/joystick/Joystick.jar:/home/travis/build/icyphy/ptII/lib/ptjacl.jar:/home/travis/build/icyphy/ptII/lib/jsoup-1.8.2.jar:/home/travis/build/icyphy/ptII/lib/junit-4.8.2.jar:/home/travis/build/icyphy/ptII/lib/JUnitParams-0.4.0.jar:/home/travis/build/icyphy/ptII/ptolemy/actor/lib/excel/jxl.jar:/home/travis/build/icyphy/ptII/lib/jython.jar:/home/travis/build/icyphy/ptII/lib/kieler.jar:/home/travis/build/icyphy/ptII/vendors/opencv/share/OpenCV/java/opencv-341.jar:/home/travis/build/icyphy/ptII/lib/oscP5.jar:/home/travis/build/icyphy/ptII/lib/nrjavaserial-3.11.0.devel.jar:/home/travis/build/icyphy/ptII/vendors/j3d/lib/Linux/j3dcore.jar:/home/travis/build/icyphy/ptII/vendors/j3d/lib/Linux/j3dutils.jar:/home/travis/build/icyphy/ptII/vendors/j3d/lib/Linux/vecmath.jar:/home/travis/build/icyphy/ptII/vendors/jogl/lib/Linux/gluegen-rt-natives-linux-amd64.jar:/home/travis/build/icyphy/ptII/vendors/jogl/lib/Linux/gluegen-rt.jar:/home/travis/build/icyphy/ptII/vendors/jogl/lib/Linux/jogl-all-natives-linux-amd64.jar:/home/travis/build/icyphy/ptII/vendors/jogl/lib/Linux/jogl-all.jar:/home/travis/build/icyphy/ptII/ptolemy/distributed/jini/jar/jini-core.jar:/home/travis/build/icyphy/ptII/ptolemy/distributed/jini/jar/jini-ext.jar:/home/travis/build/icyphy/ptII/ptolemy/distributed/jini/jar/sun-util.jar:/home/travis/build/icyphy/ptII/lib/protobuf-java-2.4.1.jar:/home/travis/build/icyphy/ptII/lib/org.eclipse.paho.client.mqttv3.jar:/home/travis/build/icyphy/ptII/lib/mapss.jar:/home/travis/build/icyphy/ptII/ptolemy/actor/ptalon/antlr/antlr.jar:/home/travis/build/icyphy/ptII/lib/JRI.jar:/home/travis/build/icyphy/ptII/lib/commons-lang-2.6.jar:/home/travis/build/icyphy/ptII/lib/commons-logging-1.1.1.jar:/home/travis/build/icyphy/ptII/lib/sootclasses.jar:/home/travis/build/icyphy/ptII/ptolemy/actor/lib/database/mysql-connector-java-5.1.6-bin.jar:/home/travis/build/icyphy/ptII/vendors/misc/sphinx4/sphinx4-data-5prealpha.jar:/home/travis/build/icyphy/ptII/vendors/misc/sphinx4/sphinx4-core-5prealpha.jar:/home/travis/build/icyphy/ptII/lib/PDFRenderer.jar:/home/travis/build/icyphy/ptII/lib/svgSalamander.jar:/home/travis/build/icyphy/ptII/lib/rsyntaxtextarea-2.6.0-SNAPSHOT.jar:/home/travis/build/icyphy/ptII/lib/hazelcast-3.8.2.jar:/home/travis/build/icyphy/ptII/lib/jackson-annotations-2.9.0.jar:/home/travis/build/icyphy/ptII/lib/jackson-core-2.9.3.jar:/home/travis/build/icyphy/ptII/lib/jackson-databind-2.9.3.jar:/home/travis/build/icyphy/ptII/lib/netty-buffer-4.1.19.Final.jar:/home/travis/build/icyphy/ptII/lib/netty-codec-4.1.19.Final.jar:/home/travis/build/icyphy/ptII/lib/netty-codec-dns-4.1.19.Final.jar:/home/travis/build/icyphy/ptII/lib/netty-codec-http-4.1.19.Final.jar:/home/travis/build/icyphy/ptII/lib/netty-codec-http2-4.1.19.Final.jar:/home/travis/build/icyphy/ptII/lib/netty-common-4.1.19.Final.jar:/home/travis/build/icyphy/ptII/lib/netty-handler-4.1.19.Final.jar:/home/travis/build/icyphy/ptII/lib/netty-resolver-4.1.19.Final.jar:/home/travis/build/icyphy/ptII/lib/netty-resolver-dns-4.1.19.Final.jar:/home/travis/build/icyphy/ptII/lib/netty-transport-4.1.19.Final.jar:/home/travis/build/icyphy/ptII/lib/vertx-codegen-3.5.1.jar:/home/travis/build/icyphy/ptII/lib/vertx-core-3.5.2-SNAPSHOT.jar:/home/travis/build/icyphy/ptII/lib/vertx-hazelcast-3.5.1.jar:/home/travis/build/icyphy/ptII/lib/vertx-lang-js-3.5.1.jar:/home/travis/build/icyphy/ptII/lib/vertx-service-proxy-3.5.1.jar:/home/travis/build/icyphy/ptII/lib/vertx-web-3.5.1.jar:/home/travis/build/icyphy/ptII/lib/slf4j-api-1.7.13.jar:/home/travis/build/icyphy/ptII/lib/slf4j-simple-1.7.13.jar:/home/travis/build/icyphy/ptII/lib/webcam-capture-0.3.12.jar:/home/travis/build/icyphy/ptII/lib/bridj-0.7.0.jar:/home/travis/build/icyphy/ptII/lib/xbjlib-1.1.0.nrjavaserial.jar" />
    <property name="timeout" value="2400000" />
    <property name="test.batch" value="**/junit/*.java" />
    <property name="env._" value="/usr/bin/timeout" />
    <property name="java.io.tmpdir" value="/tmp" />
    <property name="user.language" value="en" />
    <property name="env.TRAVIS_INTERNAL_RUBY_REGEX" value="^ruby-(2\.[0-4]\.[0-9]|1\.9\.3)" />
    <property name="env.HISTCONTROL" value="ignoredups:ignorespace" />
    <property name="env.GOROOT" value="/home/travis/.gimme/versions/go1.11.1.linux.amd64" />
    <property name="line.separator" value="&#xa;" />
    <property name="target" value="11" />
    <property name="env.TRAVIS_BUILD_DIR" value="/home/travis/build/icyphy/ptII" />
    <property name="env.ANT_OPTS" value="-Xmx2048m" />
    <property name="ant.file.type" value="file" />
    <property name="ptolemy.ptII.batchMode" value="true" />
    <property name="env.HISTSIZE" value="1000" />
    <property name="env.MERB_ENV" value="test" />
    <property name="java.vm.info" value="mixed mode" />
    <property name="source" value="11" />
    <property name="java.vm.specification.name" value="Java Virtual Machine Specification" />
    <property name="env.TRAVIS_TEST_RESULT" value="0" />
    <property name="jsdoc.command" value="node_modules/@terraswarm/jsdoc/jsdoc.js" />
    <property name="npm.works" value="true" />
    <property name="cobertura.dir" value="/home/travis/build/icyphy/ptII/vendors/cobertura-2.0.3" />
    <property name="jsdoc.command.exists" value="true" />
    <property name="env.rvm_path" value="/home/travis/.rvm" />
    <property name="env.GEM_PATH" value="/home/travis/.rvm/gems/ruby-2.5.3:/home/travis/.rvm/gems/ruby-2.5.3@global" />
    <property name="env.LC_CTYPE" value="en_US.UTF-8" />
    <property name="env.TRAVIS_CMD" value="$PTII/bin/ptIITravisBuild.sh $SECONDS" />
    <property name="java.awt.printerjob" value="sun.print.PSPrinterJob" />
    <property name="env.TRAVIS_STACK_NAME" value="sardonyx" />
    <property name="env.TRAVIS_TIMER_START_TIME" value="1594047062682695944" />
    <property name="ant.version" value="Apache Ant(TM) version 1.10.1 compiled on February 2 2017" />
    <property name="ptII.reports" value="/home/travis/build/icyphy/ptII/reports" />
    <property name="env.TRAVIS_STACK_TIMESTAMP" value="2019-03-25 16:16:56 UTC" />
    <property name="ant.file.type.ptII" value="file" />
    <property name="env.RBENV_SHELL" value="bash" />
    <property name="os.name" value="Linux" />
    <property name="java.specification.vendor" value="Oracle Corporation" />
    <property name="env.rvm_version" value="1.29.7 (latest)" />
    <property name="env.TRAVIS_INFRA" value="gce" />
    <property name="env.TERM" value="xterm" />
    <property name="java.vm.name" value="OpenJDK 64-Bit Server VM" />
    <property name="env.TRAVIS_BUILD_NUMBER" value="1683" />
    <property name="env.CI" value="true" />
    <property name="java.library.path" value="/home/travis/pthla/certi-tools/lib:/usr/lib/jni:/usr/local/share/OpenCV/java/:/usr/share/OpenCV/java::/usr/java/packages/lib:/usr/lib64:/lib64:/lib:/usr/lib" />
    <property name="jdk.module.path" value="/home/travis/build/icyphy/ptII/vendors/javafx/javafx-sdk-11.0.2/lib:" />
    <property name="env.rvm_prefix" value="/home/travis" />
    <property name="env.PATH" value="/home/travis/pthla/certi-tools/share/scripts:/home/travis/.rvm/gems/ruby-2.5.3/bin:/home/travis/.rvm/gems/ruby-2.5.3@global/bin:/home/travis/.rvm/rubies/ruby-2.5.3/bin:/home/travis/.rvm/bin:/home/travis/.nvm/versions/node/v7.10.1/bin:./node_modules/.bin:/home/travis/build/icyphy/ptII/bin:/home/travis/pthla/certi-tools/bin:/home/travis/bin:/home/travis/.local/bin:/usr/local/lib/jvm/openjdk11/bin:/opt/pyenv/shims:/home/travis/.phpenv/shims:/home/travis/perl5/perlbrew/bin:/home/travis/gopath/bin:/home/travis/.gimme/versions/go1.11.1.linux.amd64/bin:/usr/local/maven-3.6.0/bin:/usr/local/cmake-3.12.4/bin:/usr/local/clang-7.0.0/bin:/usr/local/sbin:/usr/local/bin:/usr/sbin:/usr/bin:/sbin:/bin:/snap/bin:/home/travis/.phpenv/bin:/opt/pyenv/bin:/home/travis/.yarn/bin" />
    <property name="env.TRAVIS_OS_NAME" value="linux" />
    <property name="ant.java.version" value="9" />
    <property name="basedir" value="/home/travis/build/icyphy/ptII" />
    <property name="java.class.version" value="55.0" />
    <property name="env.SHLVL" value="3" />
    <property name="env.LD_LIBRARY_PATH" value="/home/travis/pthla/certi-tools/lib:/usr/lib/jni:/usr/local/share/OpenCV/java/:/usr/share/OpenCV/java:" />
    <property name="env.RACK_ENV" value="test" />
    <property name="ant.home" value="/home/travis/build/icyphy/ptII/ant" />
    <property name="env.NVM_DIR" value="/home/travis/.nvm" />
    <property name="env.CERTI_FOM_PATH" value="/home/travis/pthla/certi-tools/share/federations" />
    <property name="env.TRAVIS_BUILD_ID" value="705432616" />
    <property name="env.PYENV_ROOT" value="/opt/pyenv" />
    <property name="env.TRAVIS_UID" value="2000" />
    <property name="prism.verbose" value="true" />
    <property name="env.NVM_BIN" value="/home/travis/.nvm/versions/node/v7.10.1/bin" />
    <property name="env.TRAVIS_COMMIT" value="52bfcaaec950ad6b43d11ffdb9cd3f924b0c1f76" />
    <property name="env._system_arch" value="x86_64" />
    <property name="node.executable" value="node" />
    <property name="sun.boot.library.path" value="/usr/local/lib/jvm/openjdk11/lib" />
    <property name="sun.management.compiler" value="HotSpot 64-Bit Tiered Compilers" />
    <property name="java.awt.graphicsenv" value="sun.awt.X11GraphicsEnvironment" />
    <property name="env.GOPATH" value="/home/travis/gopath" />
    <property name="ptolemy.ptII.dir" value="/home/travis/build/icyphy/ptII" />
    <property name="env.USER" value="travis" />
    <property name="env.HISTFILESIZE" value="2000" />
    <property name="env.NVM_INC" value="/home/travis/.nvm/versions/node/v7.10.1/include/node" />
    <property name="timeout.longest" value="19000000" />
    <property name="env.PERLBREW_SHELLRC_VERSION" value="0.86" />
    <property name="env.TRAVIS_STACK_FEATURES" value="basic couchdb disabled-ipv6 docker docker-compose elasticsearch firefox go-toolchain google-chrome jdk memcached mongodb mysql nodejs_interpreter perl_interpreter perlbrew phantomjs postgresql python_interpreter redis ruby_interpreter sqlite xserver" />
    <property name="env.TRAVIS_PULL_REQUEST" value="false" />
    <property name="env.PYENV_SHELL" value="bash" />
    <property name="ant.project.name" value="ptII" />
    <property name="env.ANSI_RESET" value="\033[0m" />
    <property name="java.vm.specification.version" value="11" />
    <property name="env.TRAVIS_DIST" value="xenial" />
    <property name="env.CERTI_VERSION" value="4.0.0" />
    <property name="env.CERTI_HOST" value="localhost" />
    <property name="awt.toolkit" value="sun.awt.X11.XToolkit" />
    <property name="env.MY_RUBY_HOME" value="/home/travis/.rvm/rubies/ruby-2.5.3" />
    <property name="sun.cpu.isalist" value="" />
    <property name="env.TRAVIS_TMPDIR" value="/tmp/tmp.jJGLU2E6xw" />
    <property name="java.vm.compressedOopsMode" value="Zero based" />
    <property name="os.version" value="4.15.0-1028-gcp" />
    <property name="user.home" value="/home/travis" />
    <property name="java.vm.vendor" value="Oracle Corporation" />
    <property name="env.TRAVIS_TAG" value="nightly" />
    <property name="env.ANSI_YELLOW" value="\033[33;1m" />
    <property name="env.TRAVIS_FILTERED" value="redirect_io" />
    <property name="env.ANSI_GREEN" value="\033[32;1m" />
    <property name="env.JAVA_HOME" value="/usr/local/lib/jvm/openjdk11" />
    <property name="javadoc.excludepackagenames" value="adm.cvs2svn.*,build.*,config.*,doc.coding.templates.*,jni.test.jni.meaningOfLife.*,jni.test.jni.testDeux.*,jni.test.jni.testTrois.*,org.terraswarm.accessor.accessors.web.node_modules.*,org.terraswarm.accessor.accessors.web.hosts.cordova.demo.*,org.terraswarm.accessor.accessors.web.hosts.cordova.plugins.*,org.terraswarm.accessor.accessors-svn.*,pt-modules.*,ptolemy.apps.agilent.*,ptolemy.apps.anytimecontrol.*,ptolemy.apps.apes.*,ptolemy.apps.charon.*,ptolemy.apps.crazyboard.*,ptolemy.apps.eclipse.*,ptolemy.apps.etherealSting.*,ptolemy.apps.fullscreen.*,ptolemy.apps.giotto.*,ptolemy.apps.ia.*,ptolemy.apps.interfaces.*,ptolemy.apps.jmf.*,ptolemy.apps.kurt.*,ptolemy.apps.kvm.*,ptolemy.apps.lego.*,ptolemy.apps.lejos.*,ptolemy.apps.midp.*,ptolemy.apps.mobileCoding.*,ptolemy.apps.pendulum.*,ptolemy.apps.rijndael.*,ptolemy.apps.robot.*,ptolemy.apps.security.*,ptolemy.apps.sobel.*,ptolemy.apps.soot.*,ptolemy.apps.throttle.*,ptolemy.apps.tini.*,ptolemy.apps.transmission.*,ptolemy.apps.vergil.*,ptolemy.apps.waba.*,ptolemy.apps.websensor.*,ptolemy.apps.webstart.*,ptolemy.apps.xsl.*,ptolemy.apps.zaurus.*,ptolemy.codegen.c.actor.lib.oldJavaFiles.*,ptolemy.codegen.dsp.lib.*,ptolemy.codegen.kernel.newInterfaces.*,ptolemy.codegen.lib.*,ptolemy.copernicus.kernel.fragment.*,ptolemy.copernicus.shallow.cg.*,ptolemy.domains.giotto.demo.Hierarchy.Hierarchy.*,ptolemy.domains.giotto.demo.Multimode.Multimode.*,ptolemy.domains.giotto.demo.Simple.Simple.*,ptolemy.domains.gr.lib.experimental.*,ptolemy.domains.gro.*,ptolemy.domains.pdf.*,ptolemy.domains.ptinyos.demo.Surge.output.*,ptolemy.moml.test.NoPackageActor.java*,ptolemy.plot.adm.*,ptolemy.plot.servlet.*,reports.*,signed.*,src.*,target.*,vendors.*,ptolemy.copernicus.applet.*,ptolemy.media.viewer.*,ptolemy.actor.corba.*,doc.doclets.*,ptolemy.apps.eclipse.awt.*,ptolemy.backtrack.*,ptolemy.backtrack.ast.*,ptolemy.cg.adapter.generic.program.procedural.c.mbed*,ptolemy.homer.*,ptolemy.actor.lib.jai.*,org.ptolemy.scala.*,diva.util.java2d.svg.*,ptolemy.domains.ptinyos.*,ptolemy.actor.lib.fmi.fmipp.*,,org.terraswarm.accessor.accessors.web.node_modules.*,org.terraswarm.accessor.accessors-svn,ptolemy.apps.*,ptolemy.actor.ptalon.demo.ptinyos.SendAndReceiveCnt.output,ptolemy.actor.ptalon.demo.ptinyos.SenseToLeds.output,ptolemy.domains.ptinyos.demo.CntToLedsAndRfm.output,ptolemy.domains.ptinyos.demo.RfmToLeds.output,ptolemy.domains.ptinyos.demo.SendAndReceiveCnt.output,ptolemy.domains.ptinyos.demo.SenseToLeds.output,ptolemy.actor.lib.jjs.modules.udpSocket.*" />
    <property name="env.PTII" value="/home/travis/build/icyphy/ptII" />
    <property name="env.XDG_SESSION_ID" value="2" />
    <property name="keystore" value="ptKeystore" />
    <property name="env.TRAVIS_COMMIT_MESSAGE" value="Updating models using array data type." />
    <property name="junit.output.dir" value="/home/travis/build/icyphy/ptII/reports/junit" />
    <property name="npm.return.code" value="0" />
    <property name="user.dir" value="/home/travis/build/icyphy/ptII/ptolemy/actor/lib/test" />
    <property name="env.TRAVIS_NODE_VERSION" value="7" />
    <property name="env.TRAVIS_EVENT_TYPE" value="cron" />
    <property name="env.MAIL" value="/var/mail/travis" />
    <property name="env.PERLBREW_ROOT" value="/home/travis/perl5/perlbrew" />
    <property name="env.PWD" value="/home/travis/build/icyphy/ptII" />
    <property name="timeout.npm" value="45000" />
    <property name="env.TRAVIS_ARCH" value="amd64" />
    <property name="sun.cpu.endian" value="little" />
    <property name="env.PAGER" value="cat" />
    <property name="env.TRAVIS_BUILD_STAGE_NAME" value="test" />
    <property name="env.PERLBREW_HOME" value="/home/travis/.perlbrew" />
    <property name="java.vm.version" value="11.0.2+9" />
    <property name="env.RAILS_ENV" value="test" />
    <property name="java.class.path" value="/home/travis/.ptolemyII:/home/travis/.ptolemyII/*:/home/travis/build/icyphy/ptII:/home/travis/build/icyphy/ptII/lib/bsh-2.0b4.jar:/home/travis/build/icyphy/ptII/lib/ptCal.jar:/home/travis/build/icyphy/ptII/lib/java_cup.jar:/home/travis/build/icyphy/ptII/lib/saxon8.jar:/home/travis/build/icyphy/ptII/lib/saxon8-dom.jar:/home/travis/build/icyphy/ptII/lib/chic.jar:/home/travis/build/icyphy/ptII/lib/ptcolt.jar:/home/travis/build/icyphy/ptII/vendors/misc/itext/iText.jar:/home/travis/build/icyphy/ptII/lib/g4ltl.jar:/home/travis/build/icyphy/ptII/lib/StructuralCoder.jar:/home/travis/build/icyphy/ptII/lib/jcerti.jar:/home/travis/build/icyphy/ptII/lib/javax.mail.jar:/home/travis/build/icyphy/ptII/vendors/JMF-2.1.1e/lib/jmf.jar:/home/travis/build/icyphy/ptII/lib/jna-4.0.0-variadic.jar:/home/travis/build/icyphy/ptII/vendors/misc/joystick/Joystick.jar:/home/travis/build/icyphy/ptII/lib/ptjacl.jar:/home/travis/build/icyphy/ptII/lib/jsoup-1.8.2.jar:/home/travis/build/icyphy/ptII/lib/junit-4.8.2.jar:/home/travis/build/icyphy/ptII/lib/JUnitParams-0.4.0.jar:/home/travis/build/icyphy/ptII/ptolemy/actor/lib/excel/jxl.jar:/home/travis/build/icyphy/ptII/lib/jython.jar:/home/travis/build/icyphy/ptII/lib/kieler.jar:/home/travis/build/icyphy/ptII/vendors/opencv/share/OpenCV/java/opencv-341.jar:/home/travis/build/icyphy/ptII/lib/oscP5.jar:/home/travis/build/icyphy/ptII/lib/nrjavaserial-3.11.0.devel.jar:/home/travis/build/icyphy/ptII/vendors/j3d/lib/Linux/j3dcore.jar:/home/travis/build/icyphy/ptII/vendors/j3d/lib/Linux/j3dutils.jar:/home/travis/build/icyphy/ptII/vendors/j3d/lib/Linux/vecmath.jar:/home/travis/build/icyphy/ptII/vendors/jogl/lib/Linux/gluegen-rt-natives-linux-amd64.jar:/home/travis/build/icyphy/ptII/vendors/jogl/lib/Linux/gluegen-rt.jar:/home/travis/build/icyphy/ptII/vendors/jogl/lib/Linux/jogl-all-natives-linux-amd64.jar:/home/travis/build/icyphy/ptII/vendors/jogl/lib/Linux/jogl-all.jar:/home/travis/build/icyphy/ptII/ptolemy/distributed/jini/jar/jini-core.jar:/home/travis/build/icyphy/ptII/ptolemy/distributed/jini/jar/jini-ext.jar:/home/travis/build/icyphy/ptII/ptolemy/distributed/jini/jar/sun-util.jar:/home/travis/build/icyphy/ptII/lib/protobuf-java-2.4.1.jar:/home/travis/build/icyphy/ptII/lib/org.eclipse.paho.client.mqttv3.jar:/home/travis/build/icyphy/ptII/lib/mapss.jar:/home/travis/build/icyphy/ptII/ptolemy/actor/ptalon/antlr/antlr.jar:/home/travis/build/icyphy/ptII/lib/JRI.jar:/home/travis/build/icyphy/ptII/lib/commons-lang-2.6.jar:/home/travis/build/icyphy/ptII/lib/commons-logging-1.1.1.jar:/home/travis/build/icyphy/ptII/lib/sootclasses.jar:/home/travis/build/icyphy/ptII/ptolemy/actor/lib/database/mysql-connector-java-5.1.6-bin.jar:/home/travis/build/icyphy/ptII/vendors/misc/sphinx4/sphinx4-data-5prealpha.jar:/home/travis/build/icyphy/ptII/vendors/misc/sphinx4/sphinx4-core-5prealpha.jar:/home/travis/build/icyphy/ptII/lib/PDFRenderer.jar:/home/travis/build/icyphy/ptII/lib/svgSalamander.jar:/home/travis/build/icyphy/ptII/lib/rsyntaxtextarea-2.6.0-SNAPSHOT.jar:/home/travis/build/icyphy/ptII/lib/hazelcast-3.8.2.jar:/home/travis/build/icyphy/ptII/lib/jackson-annotations-2.9.0.jar:/home/travis/build/icyphy/ptII/lib/jackson-core-2.9.3.jar:/home/travis/build/icyphy/ptII/lib/jackson-databind-2.9.3.jar:/home/travis/build/icyphy/ptII/lib/netty-buffer-4.1.19.Final.jar:/home/travis/build/icyphy/ptII/lib/netty-codec-4.1.19.Final.jar:/home/travis/build/icyphy/ptII/lib/netty-codec-dns-4.1.19.Final.jar:/home/travis/build/icyphy/ptII/lib/netty-codec-http-4.1.19.Final.jar:/home/travis/build/icyphy/ptII/lib/netty-codec-http2-4.1.19.Final.jar:/home/travis/build/icyphy/ptII/lib/netty-common-4.1.19.Final.jar:/home/travis/build/icyphy/ptII/lib/netty-handler-4.1.19.Final.jar:/home/travis/build/icyphy/ptII/lib/netty-resolver-4.1.19.Final.jar:/home/travis/build/icyphy/ptII/lib/netty-resolver-dns-4.1.19.Final.jar:/home/travis/build/icyphy/ptII/lib/netty-transport-4.1.19.Final.jar:/home/travis/build/icyphy/ptII/lib/vertx-codegen-3.5.1.jar:/home/travis/build/icyphy/ptII/lib/vertx-core-3.5.2-SNAPSHOT.jar:/home/travis/build/icyphy/ptII/lib/vertx-hazelcast-3.5.1.jar:/home/travis/build/icyphy/ptII/lib/vertx-lang-js-3.5.1.jar:/home/travis/build/icyphy/ptII/lib/vertx-service-proxy-3.5.1.jar:/home/travis/build/icyphy/ptII/lib/vertx-web-3.5.1.jar:/home/travis/build/icyphy/ptII/lib/slf4j-api-1.7.13.jar:/home/travis/build/icyphy/ptII/lib/slf4j-simple-1.7.13.jar:/home/travis/build/icyphy/ptII/lib/webcam-capture-0.3.12.jar:/home/travis/build/icyphy/ptII/lib/bridj-0.7.0.jar:/home/travis/build/icyphy/ptII/lib/xbjlib-1.1.0.nrjavaserial.jar:/home/travis/build/icyphy/ptII/ptolemy/moml/test:/home/travis/build/icyphy/ptII/ant/lib/ant-launcher.jar:/home/travis/build/icyphy/ptII/ant/lib/ant.jar:/home/travis/build/icyphy/ptII/ant/lib/ant-junit.jar:/home/travis/build/icyphy/ptII/ant/lib/ant-junit4.jar" />
    <property name="ant.library.dir" value="/home/travis/build/icyphy/ptII/ant/lib" />
    <property name="os.arch" value="amd64" />
    <property name="env.CONTINUOUS_INTEGRATION" value="true" />
    <property name="env.TRAVIS_LANGUAGE" value="node_js" />
    <property name="env.TRAVIS_STACK_LANGUAGES" value="__sardonyx__ c c++ clojure cplusplus cpp default generic go groovy java node_js php pure_java python ruby scala" />
    <property name="test.name" value="ptolemy.actor.lib.test.junit.JUnitTclTest" />
    <property name="env.APT_KEY_DONT_WARN_ON_DANGEROUS_USAGE" value="1" />
    <property name="sun.java.launcher" value="SUN_STANDARD" />
    <property name="env.PYTHON_CONFIGURE_OPTS" value="--enable-unicode=ucs4 --with-wide-unicode --enable-shared --enable-ipv6 --enable-loadable-sqlite-extensions --with-computed-gotos" />
    <property name="ant.core.lib" value="/home/travis/build/icyphy/ptII/ant/lib/ant.jar" />
    <property name="java.vm.specification.vendor" value="Oracle Corporation" />
    <property name="env.BCVTB_HOME" value="/home/travis/build/icyphy/ptII/lbnl" />
    <property name="file.separator" value="/" />
    <property name="spotbugs.home" value="/home/travis/build/icyphy/ptII/vendors/spotbugs-3.1.1" />
    <property name="java.runtime.version" value="11.0.2+9" />
    <property name="env.ANSI_CLEAR" value="\033[0K" />
    <property name="javafx.verbose" value="true" />
    <property name="env.HAS_JOSH_K_SEAL_OF_APPROVAL" value="true" />
    <property name="env.XDG_RUNTIME_DIR" value="/run/user/2000" />
    <property name="env.TRAVIS_OSX_IMAGE" value="" />
    <property name="env.TRAVIS_JOB_ID" value="705432624" />
    <property name="env.TRAVIS_BRANCH" value="master" />
    <property name="user.country" value="US" />
    <property name="env.CERTI_HOME_TRAVIS" value="/home/travis/pthla/certi-tools" />
    <property name="env.SHELL" value="/bin/bash" />
    <property name="java.maxmemory.large" value="3200m" />
    <property name="model" value="" />
    <property name="env.CASHER_DIR" value="/home/travis/.casher" />
    <property name="env.NVM_CD_FLAGS" value="" />
    <property name="java.vendor.version" value="18.9" />
    <property name="jshint.executable" value="/home/travis/node_modules/jshint/bin/jshint" />
    <property name="env.JRUBY_OPTS" value=" --client -J-XX:+TieredCompilation -J-XX:TieredStopAtLevel=1 -J-Xss2m -Xcompile.invokedynamic=false" />
    <property name="java.vendor" value="Oracle Corporation" />
    <property name="env.TRAVIS_PRE_CHEF_BOOTSTRAP_TIME" value="2019-03-25T16:16:42" />
    <property name="env.TRAVIS_STACK_JOB_BOARD_REGISTER" value="/.job-board-register.yml" />
    <property name="env.ANSI_RED" value="\033[31;1m" />
    <property name="java.specification.version" value="11" />
    <property name="env.IRBRC" value="/home/travis/.rvm/rubies/ruby-2.5.3/.irbrc" />
    <property name="env.TRAVIS" value="true" />
    <property name="sun.arch.data.model" value="64" />
  </properties>
  <testcase classname="ptolemy.util.test.junit.TclTests" name="[0] /home/travis/build/icyphy/ptII/ptolemy/actor/lib/test/AbsoluteValue.tcl (RunTclFile)" time="0.503" />
  <testcase classname="ptolemy.util.test.junit.TclTests" name="[1] /home/travis/build/icyphy/ptII/ptolemy/actor/lib/test/AddSubtract.tcl (RunTclFile)" time="0.13" />
  <testcase classname="ptolemy.util.test.junit.TclTests" name="[2] /home/travis/build/icyphy/ptII/ptolemy/actor/lib/test/Average.tcl (RunTclFile)" time="0.059" />
  <testcase classname="ptolemy.util.test.junit.TclTests" name="[3] /home/travis/build/icyphy/ptII/ptolemy/actor/lib/test/Bernoulli.tcl (RunTclFile)" time="0.035" />
  <testcase classname="ptolemy.util.test.junit.TclTests" name="[4] /home/travis/build/icyphy/ptII/ptolemy/actor/lib/test/Clock.tcl (RunTclFile)" time="0.109" />
  <testcase classname="ptolemy.util.test.junit.TclTests" name="[5] /home/travis/build/icyphy/ptII/ptolemy/actor/lib/test/Commutator.tcl (RunTclFile)" time="0.13" />
  <testcase classname="ptolemy.util.test.junit.TclTests" name="[6] /home/travis/build/icyphy/ptII/ptolemy/actor/lib/test/Const.tcl (RunTclFile)" time="0.099" />
  <testcase classname="ptolemy.util.test.junit.TclTests" name="[7] /home/travis/build/icyphy/ptII/ptolemy/actor/lib/test/CurrentTime.tcl (RunTclFile)" time="0.037" />
  <testcase classname="ptolemy.util.test.junit.TclTests" name="[8] /home/travis/build/icyphy/ptII/ptolemy/actor/lib/test/DB.tcl (RunTclFile)" time="0.04" />
  <testcase classname="ptolemy.util.test.junit.TclTests" name="[9] /home/travis/build/icyphy/ptII/ptolemy/actor/lib/test/DiscreteRandomSource.tcl (RunTclFile)" time="0.054" />
  <testcase classname="ptolemy.util.test.junit.TclTests" name="[10] /home/travis/build/icyphy/ptII/ptolemy/actor/lib/test/Distributor.tcl (RunTclFile)" time="0.098" />
  <testcase classname="ptolemy.util.test.junit.TclTests" name="[11] /home/travis/build/icyphy/ptII/ptolemy/actor/lib/test/Exit.tcl (RunTclFile)" time="0.113" />
  <testcase classname="ptolemy.util.test.junit.TclTests" name="[12] /home/travis/build/icyphy/ptII/ptolemy/actor/lib/test/Expression.tcl (RunTclFile)" time="0.126" />
  <testcase classname="ptolemy.util.test.junit.TclTests" name="[13] /home/travis/build/icyphy/ptII/ptolemy/actor/lib/test/Gaussian.tcl (RunTclFile)" time="0.655" />
  <testcase classname="ptolemy.util.test.junit.TclTests" name="[14] /home/travis/build/icyphy/ptII/ptolemy/actor/lib/test/IIR.tcl (RunTclFile)" time="0.05" />
  <testcase classname="ptolemy.util.test.junit.TclTests" name="[15] /home/travis/build/icyphy/ptII/ptolemy/actor/lib/test/Interpolator.tcl (RunTclFile)" time="0.101" />
  <testcase classname="ptolemy.util.test.junit.TclTests" name="[16] /home/travis/build/icyphy/ptII/ptolemy/actor/lib/test/MathFunction.tcl (RunTclFile)" time="0.076" />
  <testcase classname="ptolemy.util.test.junit.TclTests" name="[17] /home/travis/build/icyphy/ptII/ptolemy/actor/lib/test/Maximum.tcl (RunTclFile)" time="0.035" />
  <testcase classname="ptolemy.util.test.junit.TclTests" name="[18] /home/travis/build/icyphy/ptII/ptolemy/actor/lib/test/Minimum.tcl (RunTclFile)" time="0.029" />
  <testcase classname="ptolemy.util.test.junit.TclTests" name="[19] /home/travis/build/icyphy/ptII/ptolemy/actor/lib/test/MultiplyDivide.tcl (RunTclFile)" time="0.038" />
  <testcase classname="ptolemy.util.test.junit.TclTests" name="[20] /home/travis/build/icyphy/ptII/ptolemy/actor/lib/test/OrderedMerge.tcl (RunTclFile)" time="0.161" />
  <testcase classname="ptolemy.util.test.junit.TclTests" name="[21] /home/travis/build/icyphy/ptII/ptolemy/actor/lib/test/Publisher.tcl (RunTclFile)" time="0.877" />
  <testcase classname="ptolemy.util.test.junit.TclTests" name="[22] /home/travis/build/icyphy/ptII/ptolemy/actor/lib/test/Pulse.tcl (RunTclFile)" time="0.036" />
  <testcase classname="ptolemy.util.test.junit.TclTests" name="[23] /home/travis/build/icyphy/ptII/ptolemy/actor/lib/test/Ramp.tcl (RunTclFile)" time="2.147" />
  <testcase classname="ptolemy.util.test.junit.TclTests" name="[24] /home/travis/build/icyphy/ptII/ptolemy/actor/lib/test/RampContinuous.tcl (RunTclFile)" time="0.02" />
  <testcase classname="ptolemy.util.test.junit.TclTests" name="[25] /home/travis/build/icyphy/ptII/ptolemy/actor/lib/test/RecordAssembler.tcl (RunTclFile)" time="0.017" />
  <testcase classname="ptolemy.util.test.junit.TclTests" name="[26] /home/travis/build/icyphy/ptII/ptolemy/actor/lib/test/RecordDisassembler.tcl (RunTclFile)" time="0.034" />
  <testcase classname="ptolemy.util.test.junit.TclTests" name="[27] /home/travis/build/icyphy/ptII/ptolemy/actor/lib/test/Scale.tcl (RunTclFile)" time="0.027" />
  <testcase classname="ptolemy.util.test.junit.TclTests" name="[28] /home/travis/build/icyphy/ptII/ptolemy/actor/lib/test/SequentialClock.tcl (RunTclFile)" time="0.017" />
  <testcase classname="ptolemy.util.test.junit.TclTests" name="[29] /home/travis/build/icyphy/ptII/ptolemy/actor/lib/test/SetVariable.tcl (RunTclFile)" time="0.011" />
  <testcase classname="ptolemy.util.test.junit.TclTests" name="[30] /home/travis/build/icyphy/ptII/ptolemy/actor/lib/test/Sinewave.tcl (RunTclFile)" time="0.057" />
  <testcase classname="ptolemy.util.test.junit.TclTests" name="[31] /home/travis/build/icyphy/ptII/ptolemy/actor/lib/test/SubscriptionAggregator.tcl (RunTclFile)" time="2.022" />
  <testcase classname="ptolemy.util.test.junit.TclTests" name="[32] /home/travis/build/icyphy/ptII/ptolemy/actor/lib/test/Test.tcl (RunTclFile)" time="0.125" />
  <testcase classname="ptolemy.util.test.junit.TclTests" name="[33] /home/travis/build/icyphy/ptII/ptolemy/actor/lib/test/TestExceptionHandler.tcl (RunTclFile)" time="0.021" />
  <testcase classname="ptolemy.util.test.junit.TclTests" name="[34] /home/travis/build/icyphy/ptII/ptolemy/actor/lib/test/UnionDisassembler.tcl (RunTclFile)" time="0.07" />
  <testcase classname="ptolemy.util.test.junit.TclTests" name="[35] /home/travis/build/icyphy/ptII/ptolemy/actor/lib/test/VariableClock.tcl (RunTclFile)" time="0.028" />
  <testcase classname="ptolemy.util.test.junit.AutoKnownFailedTests" name="[0] /home/travis/build/icyphy/ptII/ptolemy/actor/lib/test/auto/knownFailedTests/PublisherPortToplevelSubscriber.xml (RunModel)" time="0.028" />
  <testcase classname="ptolemy.util.test.junit.AutoKnownFailedTests" name="[1] /home/travis/build/icyphy/ptII/ptolemy/actor/lib/test/auto/knownFailedTests/PublisherSubscriberPortToplevel.xml (RunModel)" time="0.019" />
  <testcase classname="ptolemy.util.test.junit.AutoKnownFailedTests" name="[2] /home/travis/build/icyphy/ptII/ptolemy/actor/lib/test/auto/knownFailedTests/PublisherSubscriptionAggregatorPort.xml (RunModel)" time="0.02" />
  <testcase classname="ptolemy.util.test.junit.AutoKnownFailedTests" name="[3] /home/travis/build/icyphy/ptII/ptolemy/actor/lib/test/auto/knownFailedTests/sizedarray3.xml (RunModel)" time="0.027" />
  <testcase classname="ptolemy.util.test.junit.AutoNameArchTests" name="[0] ThereAreNoAutoArchTests (RunModel)" time="0.002" />
  <testcase classname="ptolemy.util.test.junit.AutoTests" name="[0] /home/travis/build/icyphy/ptII/ptolemy/actor/lib/test/auto/AbsoluteValue.xml (RunModel)" time="0.087" />
  <testcase classname="ptolemy.util.test.junit.AutoTests" name="[1] /home/travis/build/icyphy/ptII/ptolemy/actor/lib/test/auto/AbsoluteValue2.xml (RunModel)" time="0.071" />
  <testcase classname="ptolemy.util.test.junit.AutoTests" name="[2] /home/travis/build/icyphy/ptII/ptolemy/actor/lib/test/auto/Accumulator.xml (RunModel)" time="0.12" />
  <testcase classname="ptolemy.util.test.junit.AutoTests" name="[3] /home/travis/build/icyphy/ptII/ptolemy/actor/lib/test/auto/Accumulator2.xml (RunModel)" time="0.055" />
  <testcase classname="ptolemy.util.test.junit.AutoTests" name="[4] /home/travis/build/icyphy/ptII/ptolemy/actor/lib/test/auto/Accumulator3.xml (RunModel)" time="0.022" />
  <testcase classname="ptolemy.util.test.junit.AutoTests" name="[5] /home/travis/build/icyphy/ptII/ptolemy/actor/lib/test/auto/ArrayAppend.xml (RunModel)" time="0.035" />
  <testcase classname="ptolemy.util.test.junit.AutoTests" name="[6] /home/travis/build/icyphy/ptII/ptolemy/actor/lib/test/auto/ArrayAppend2.xml (RunModel)" time="0.267" />
  <testcase classname="ptolemy.util.test.junit.AutoTests" name="[7] /home/travis/build/icyphy/ptII/ptolemy/actor/lib/test/auto/ArrayAppend3.xml (RunModel)" time="0.036" />
  <testcase classname="ptolemy.util.test.junit.AutoTests" name="[8] /home/travis/build/icyphy/ptII/ptolemy/actor/lib/test/auto/ArrayAppend4.xml (RunModel)" time="0.021" />
  <testcase classname="ptolemy.util.test.junit.AutoTests" name="[9] /home/travis/build/icyphy/ptII/ptolemy/actor/lib/test/auto/ArrayAppend5.xml (RunModel)" time="0.016" />
  <testcase classname="ptolemy.util.test.junit.AutoTests" name="[10] /home/travis/build/icyphy/ptII/ptolemy/actor/lib/test/auto/ArrayAppend6.xml (RunModel)" time="0.021" />
  <testcase classname="ptolemy.util.test.junit.AutoTests" name="[11] /home/travis/build/icyphy/ptII/ptolemy/actor/lib/test/auto/ArrayAppendPerformanceTest.xml (RunModel)" time="0.053" />
  <testcase classname="ptolemy.util.test.junit.AutoTests" name="[12] /home/travis/build/icyphy/ptII/ptolemy/actor/lib/test/auto/ArrayAppendWithEmptyInput.xml (RunModel)" time="0.03" />
  <testcase classname="ptolemy.util.test.junit.AutoTests" name="[13] /home/travis/build/icyphy/ptII/ptolemy/actor/lib/test/auto/ArrayAverage.xml (RunModel)" time="0.04" />
  <testcase classname="ptolemy.util.test.junit.AutoTests" name="[14] /home/travis/build/icyphy/ptII/ptolemy/actor/lib/test/auto/ArrayContains.xml (RunModel)" time="0.019" />
  <testcase classname="ptolemy.util.test.junit.AutoTests" name="[15] /home/travis/build/icyphy/ptII/ptolemy/actor/lib/test/auto/ArrayElement.xml (RunModel)" time="0.02" />
  <testcase classname="ptolemy.util.test.junit.AutoTests" name="[16] /home/travis/build/icyphy/ptII/ptolemy/actor/lib/test/auto/ArrayElementAsMatrix.xml (RunModel)" time="0.111" />
  <testcase classname="ptolemy.util.test.junit.AutoTests" name="[17] /home/travis/build/icyphy/ptII/ptolemy/actor/lib/test/auto/ArrayElementI.xml (RunModel)" time="0.028" />
  <testcase classname="ptolemy.util.test.junit.AutoTests" name="[18] /home/travis/build/icyphy/ptII/ptolemy/actor/lib/test/auto/ArrayExtract.xml (RunModel)" time="0.036" />
  <testcase classname="ptolemy.util.test.junit.AutoTests" name="[19] /home/travis/build/icyphy/ptII/ptolemy/actor/lib/test/auto/ArrayExtract2.xml (RunModel)" time="0.021" />
  <testcase classname="ptolemy.util.test.junit.AutoTests" name="[20] /home/travis/build/icyphy/ptII/ptolemy/actor/lib/test/auto/ArrayLength.xml (RunModel)" time="0.029" />
  <testcase classname="ptolemy.util.test.junit.AutoTests" name="[21] /home/travis/build/icyphy/ptII/ptolemy/actor/lib/test/auto/ArrayLevelCrossing.xml (RunModel)" time="0.036" />
  <testcase classname="ptolemy.util.test.junit.AutoTests" name="[22] /home/travis/build/icyphy/ptII/ptolemy/actor/lib/test/auto/ArrayLevelCrossing2.xml (RunModel)" time="0.031" />
  <testcase classname="ptolemy.util.test.junit.AutoTests" name="[23] /home/travis/build/icyphy/ptII/ptolemy/actor/lib/test/auto/ArrayPeakSearch.xml (RunModel)" time="0.054" />
  <testcase classname="ptolemy.util.test.junit.AutoTests" name="[24] /home/travis/build/icyphy/ptII/ptolemy/actor/lib/test/auto/ArrayPeakSearch2.xml (RunModel)" time="0.045" />
  <testcase classname="ptolemy.util.test.junit.AutoTests" name="[25] /home/travis/build/icyphy/ptII/ptolemy/actor/lib/test/auto/ArrayPeakSearch3.xml (RunModel)" time="0.045" />
  <testcase classname="ptolemy.util.test.junit.AutoTests" name="[26] /home/travis/build/icyphy/ptII/ptolemy/actor/lib/test/auto/ArrayRemoveElement.xml (RunModel)" time="0.032" />
  <testcase classname="ptolemy.util.test.junit.AutoTests" name="[27] /home/travis/build/icyphy/ptII/ptolemy/actor/lib/test/auto/ArraySort.xml (RunModel)" time="0.042" />
  <testcase classname="ptolemy.util.test.junit.AutoTests" name="[28] /home/travis/build/icyphy/ptII/ptolemy/actor/lib/test/auto/ArraySum.xml (RunModel)" time="0.02" />
  <testcase classname="ptolemy.util.test.junit.AutoTests" name="[29] /home/travis/build/icyphy/ptII/ptolemy/actor/lib/test/auto/ArrayToElements.xml (RunModel)" time="0.019" />
  <testcase classname="ptolemy.util.test.junit.AutoTests" name="[30] /home/travis/build/icyphy/ptII/ptolemy/actor/lib/test/auto/ArrayToMatrix.xml (RunModel)" time="0.059" />
  <testcase classname="ptolemy.util.test.junit.AutoTests" name="[31] /home/travis/build/icyphy/ptII/ptolemy/actor/lib/test/auto/ArrayUpdate1.xml (RunModel)" time="0.023" />
  <testcase classname="ptolemy.util.test.junit.AutoTests" name="[32] /home/travis/build/icyphy/ptII/ptolemy/actor/lib/test/auto/ArrayUpdate2.xml (RunModel)" time="0.021" />
  <testcase classname="ptolemy.util.test.junit.AutoTests" name="[33] /home/travis/build/icyphy/ptII/ptolemy/actor/lib/test/auto/ArrayUpdate3.xml (RunModel)" time="0.012" />
  <testcase classname="ptolemy.util.test.junit.AutoTests" name="[34] /home/travis/build/icyphy/ptII/ptolemy/actor/lib/test/auto/Assert1.xml (RunModel)" time="0.024" />
  <testcase classname="ptolemy.util.test.junit.AutoTests" name="[35] /home/travis/build/icyphy/ptII/ptolemy/actor/lib/test/auto/Assert2.xml (RunModel)" time="0.014" />
  <testcase classname="ptolemy.util.test.junit.AutoTests" name="[36] /home/travis/build/icyphy/ptII/ptolemy/actor/lib/test/auto/BooleanMultiplexor.xml (RunModel)" time="0.016" />
  <testcase classname="ptolemy.util.test.junit.AutoTests" name="[37] /home/travis/build/icyphy/ptII/ptolemy/actor/lib/test/auto/BooleanMultiplexor2.xml (RunModel)" time="0.03" />
  <testcase classname="ptolemy.util.test.junit.AutoTests" name="[38] /home/travis/build/icyphy/ptII/ptolemy/actor/lib/test/auto/BooleanMultiplexor3.xml (RunModel)" time="0.015" />
  <testcase classname="ptolemy.util.test.junit.AutoTests" name="[39] /home/travis/build/icyphy/ptII/ptolemy/actor/lib/test/auto/BooleanSelect.xml (RunModel)" time="0.025" />
  <testcase classname="ptolemy.util.test.junit.AutoTests" name="[40] /home/travis/build/icyphy/ptII/ptolemy/actor/lib/test/auto/BooleanSelect2.xml (RunModel)" time="0.017" />
  <testcase classname="ptolemy.util.test.junit.AutoTests" name="[41] /home/travis/build/icyphy/ptII/ptolemy/actor/lib/test/auto/BooleanSwitch.xml (RunModel)" time="0.02" />
  <testcase classname="ptolemy.util.test.junit.AutoTests" name="[42] /home/travis/build/icyphy/ptII/ptolemy/actor/lib/test/auto/BooleanSwitch2.xml (RunModel)" time="0.017" />
  <testcase classname="ptolemy.util.test.junit.AutoTests" name="[43] /home/travis/build/icyphy/ptII/ptolemy/actor/lib/test/auto/BooleanSwitchCloningBugWithClassRelationGroup.xml (RunModel)" time="0.029" />
  <testcase classname="ptolemy.util.test.junit.AutoTests" name="[44] /home/travis/build/icyphy/ptII/ptolemy/actor/lib/test/auto/BusActors.xml (RunModel)" time="0.053" />
  <testcase classname="ptolemy.util.test.junit.AutoTests" name="[45] /home/travis/build/icyphy/ptII/ptolemy/actor/lib/test/auto/ClassWrapper.xml (RunModel)" time="0.017" />
  <testcase classname="ptolemy.util.test.junit.AutoTests" name="[46] /home/travis/build/icyphy/ptII/ptolemy/actor/lib/test/auto/Clock.xml (RunModel)" time="0.01" />
  <testcase classname="ptolemy.util.test.junit.AutoTests" name="[47] /home/travis/build/icyphy/ptII/ptolemy/actor/lib/test/auto/Clock10.xml (RunModel)" time="0.016" />
  <testcase classname="ptolemy.util.test.junit.AutoTests" name="[48] /home/travis/build/icyphy/ptII/ptolemy/actor/lib/test/auto/Clock11.xml (RunModel)" time="0.019" />
  <testcase classname="ptolemy.util.test.junit.AutoTests" name="[49] /home/travis/build/icyphy/ptII/ptolemy/actor/lib/test/auto/Clock12.xml (RunModel)" time="0.019" />
  <testcase classname="ptolemy.util.test.junit.AutoTests" name="[50] /home/travis/build/icyphy/ptII/ptolemy/actor/lib/test/auto/Clock13.xml (RunModel)" time="0.02" />
  <testcase classname="ptolemy.util.test.junit.AutoTests" name="[51] /home/travis/build/icyphy/ptII/ptolemy/actor/lib/test/auto/Clock14.xml (RunModel)" time="0.02" />
  <testcase classname="ptolemy.util.test.junit.AutoTests" name="[52] /home/travis/build/icyphy/ptII/ptolemy/actor/lib/test/auto/Clock15.xml (RunModel)" time="0.016" />
  <testcase classname="ptolemy.util.test.junit.AutoTests" name="[53] /home/travis/build/icyphy/ptII/ptolemy/actor/lib/test/auto/Clock16.xml (RunModel)" time="0.104" />
  <testcase classname="ptolemy.util.test.junit.AutoTests" name="[54] /home/travis/build/icyphy/ptII/ptolemy/actor/lib/test/auto/Clock17.xml (RunModel)" time="0.087" />
  <testcase classname="ptolemy.util.test.junit.AutoTests" name="[55] /home/travis/build/icyphy/ptII/ptolemy/actor/lib/test/auto/Clock18.xml (RunModel)" time="0.061" />
  <testcase classname="ptolemy.util.test.junit.AutoTests" name="[56] /home/travis/build/icyphy/ptII/ptolemy/actor/lib/test/auto/Clock19.xml (RunModel)" time="0.044" />
  <testcase classname="ptolemy.util.test.junit.AutoTests" name="[57] /home/travis/build/icyphy/ptII/ptolemy/actor/lib/test/auto/Clock2.xml (RunModel)" time="0.015" />
  <testcase classname="ptolemy.util.test.junit.AutoTests" name="[58] /home/travis/build/icyphy/ptII/ptolemy/actor/lib/test/auto/Clock20.xml (RunModel)" time="0.025" />
  <testcase classname="ptolemy.util.test.junit.AutoTests" name="[59] /home/travis/build/icyphy/ptII/ptolemy/actor/lib/test/auto/Clock21.xml (RunModel)" time="0.018" />
  <testcase classname="ptolemy.util.test.junit.AutoTests" name="[60] /home/travis/build/icyphy/ptII/ptolemy/actor/lib/test/auto/Clock22.xml (RunModel)" time="0.017" />
  <testcase classname="ptolemy.util.test.junit.AutoTests" name="[61] /home/travis/build/icyphy/ptII/ptolemy/actor/lib/test/auto/Clock23.xml (RunModel)" time="0.017" />
  <testcase classname="ptolemy.util.test.junit.AutoTests" name="[62] /home/travis/build/icyphy/ptII/ptolemy/actor/lib/test/auto/Clock24.xml (RunModel)" time="0.018" />
  <testcase classname="ptolemy.util.test.junit.AutoTests" name="[63] /home/travis/build/icyphy/ptII/ptolemy/actor/lib/test/auto/Clock4.xml (RunModel)" time="0.014" />
  <testcase classname="ptolemy.util.test.junit.AutoTests" name="[64] /home/travis/build/icyphy/ptII/ptolemy/actor/lib/test/auto/Clock5.xml (RunModel)" time="0.016" />
  <testcase classname="ptolemy.util.test.junit.AutoTests" name="[65] /home/travis/build/icyphy/ptII/ptolemy/actor/lib/test/auto/Clock6.xml (RunModel)" time="0.01" />
  <testcase classname="ptolemy.util.test.junit.AutoTests" name="[66] /home/travis/build/icyphy/ptII/ptolemy/actor/lib/test/auto/Clock7.xml (RunModel)" time="0.014" />
  <testcase classname="ptolemy.util.test.junit.AutoTests" name="[67] /home/travis/build/icyphy/ptII/ptolemy/actor/lib/test/auto/Clock8.xml (RunModel)" time="0.015" />
  <testcase classname="ptolemy.util.test.junit.AutoTests" name="[68] /home/travis/build/icyphy/ptII/ptolemy/actor/lib/test/auto/Clock9.xml (RunModel)" time="0.013" />
  <testcase classname="ptolemy.util.test.junit.AutoTests" name="[69] /home/travis/build/icyphy/ptII/ptolemy/actor/lib/test/auto/CommDistDiscard.xml (RunModel)" time="0.019" />
  <testcase classname="ptolemy.util.test.junit.AutoTests" name="[70] /home/travis/build/icyphy/ptII/ptolemy/actor/lib/test/auto/Commutator.xml (RunModel)" time="0.016" />
  <testcase classname="ptolemy.util.test.junit.AutoTests" name="[71] /home/travis/build/icyphy/ptII/ptolemy/actor/lib/test/auto/Commutator2.xml (RunModel)" time="0.009" />
  <testcase classname="ptolemy.util.test.junit.AutoTests" name="[72] /home/travis/build/icyphy/ptII/ptolemy/actor/lib/test/auto/Commutator3.xml (RunModel)" time="0.014" />
  <testcase classname="ptolemy.util.test.junit.AutoTests" name="[73] /home/travis/build/icyphy/ptII/ptolemy/actor/lib/test/auto/Compare.xml (RunModel)" time="0.016" />
  <testcase classname="ptolemy.util.test.junit.AutoTests" name="[74] /home/travis/build/icyphy/ptII/ptolemy/actor/lib/test/auto/CompareDE.xml (RunModel)" time="0.019" />
  <testcase classname="ptolemy.util.test.junit.AutoTests" name="[75] /home/travis/build/icyphy/ptII/ptolemy/actor/lib/test/auto/ComplexDivide.xml (RunModel)" time="0.008" />
  <testcase classname="ptolemy.util.test.junit.AutoTests" name="[76] /home/travis/build/icyphy/ptII/ptolemy/actor/lib/test/auto/ComputeHistogram.xml (RunModel)" time="0.045" />
  <testcase classname="ptolemy.util.test.junit.AutoTests" name="[77] /home/travis/build/icyphy/ptII/ptolemy/actor/lib/test/auto/ConfigurationSelect.xml (RunModel)" time="0.016" />
  <testcase classname="ptolemy.util.test.junit.AutoTests" name="[78] /home/travis/build/icyphy/ptII/ptolemy/actor/lib/test/auto/ConfigurationSelect2.xml (RunModel)" time="0.016" />
  <testcase classname="ptolemy.util.test.junit.AutoTests" name="[79] /home/travis/build/icyphy/ptII/ptolemy/actor/lib/test/auto/ConfigurationSwitch.xml (RunModel)" time="0.021" />
  <testcase classname="ptolemy.util.test.junit.AutoTests" name="[80] /home/travis/build/icyphy/ptII/ptolemy/actor/lib/test/auto/ConfigurationSwitch2.xml (RunModel)" time="0.024" />
  <testcase classname="ptolemy.util.test.junit.AutoTests" name="[81] /home/travis/build/icyphy/ptII/ptolemy/actor/lib/test/auto/ConfigurationSwitchCloningBugWithClassRelationGroup.xml (RunModel)" time="0.02" />
  <testcase classname="ptolemy.util.test.junit.AutoTests" name="[82] /home/travis/build/icyphy/ptII/ptolemy/actor/lib/test/auto/ConfigurationSwitchSelectSDF.xml (RunModel)" time="0.012" />
  <testcase classname="ptolemy.util.test.junit.AutoTests" name="[83] /home/travis/build/icyphy/ptII/ptolemy/actor/lib/test/auto/ConfigurationSwitchSelectSDF2.xml (RunModel)" time="0.011" />
  <testcase classname="ptolemy.util.test.junit.AutoTests" name="[84] /home/travis/build/icyphy/ptII/ptolemy/actor/lib/test/auto/Const.xml (RunModel)" time="0.005" />
  <testcase classname="ptolemy.util.test.junit.AutoTests" name="[85] /home/travis/build/icyphy/ptII/ptolemy/actor/lib/test/auto/Const2.xml (RunModel)" time="0.007" />
  <testcase classname="ptolemy.util.test.junit.AutoTests" name="[86] /home/travis/build/icyphy/ptII/ptolemy/actor/lib/test/auto/Const3.xml (RunModel)" time="0.006" />
  <testcase classname="ptolemy.util.test.junit.AutoTests" name="[87] /home/travis/build/icyphy/ptII/ptolemy/actor/lib/test/auto/ConstantPublisherPort1.xml (RunModel)" time="0.017" />
  <testcase classname="ptolemy.util.test.junit.AutoTests" name="[88] /home/travis/build/icyphy/ptII/ptolemy/actor/lib/test/auto/ConstantPublisherPort2.xml (RunModel)" time="0.021" />
  <testcase classname="ptolemy.util.test.junit.AutoTests" name="[89] /home/travis/build/icyphy/ptII/ptolemy/actor/lib/test/auto/ConstantPublisherPort3.xml (RunModel)" time="0.022" />
  <testcase classname="ptolemy.util.test.junit.AutoTests" name="[90] /home/travis/build/icyphy/ptII/ptolemy/actor/lib/test/auto/ConstantPublisherPort4.xml (RunModel)" time="0.015" />
  <testcase classname="ptolemy.util.test.junit.AutoTests" name="[91] /home/travis/build/icyphy/ptII/ptolemy/actor/lib/test/auto/ConstantPublisherPort5.xml (RunModel)" time="0.041" />
  <testcase classname="ptolemy.util.test.junit.AutoTests" name="[92] /home/travis/build/icyphy/ptII/ptolemy/actor/lib/test/auto/ConstantPublisherPort6.xml (RunModel)" time="0.035" />
  <testcase classname="ptolemy.util.test.junit.AutoTests" name="[93] /home/travis/build/icyphy/ptII/ptolemy/actor/lib/test/auto/ConstantPublisherPort7.xml (RunModel)" time="0.032" />
  <testcase classname="ptolemy.util.test.junit.AutoTests" name="[94] /home/travis/build/icyphy/ptII/ptolemy/actor/lib/test/auto/ConstraintMonitor1.xml (RunModel)" time="0.033" />
  <testcase classname="ptolemy.util.test.junit.AutoTests" name="[95] /home/travis/build/icyphy/ptII/ptolemy/actor/lib/test/auto/ConstraintMonitor2.xml (RunModel)" time="0.015" />
  <testcase classname="ptolemy.util.test.junit.AutoTests" name="[96] /home/travis/build/icyphy/ptII/ptolemy/actor/lib/test/auto/ConstraintMonitor3.xml (RunModel)" time="0.019" />
  <testcase classname="ptolemy.util.test.junit.AutoTests" name="[97] /home/travis/build/icyphy/ptII/ptolemy/actor/lib/test/auto/ConstraintMonitor4.xml (RunModel)" time="0.01" />
  <testcase classname="ptolemy.util.test.junit.AutoTests" name="[98] /home/travis/build/icyphy/ptII/ptolemy/actor/lib/test/auto/ConstraintMonitor5.xml (RunModel)" time="0.015" />
  <testcase classname="ptolemy.util.test.junit.AutoTests" name="[99] /home/travis/build/icyphy/ptII/ptolemy/actor/lib/test/auto/ConstraintMonitor6.xml (RunModel)" time="0.015" />
  <testcase classname="ptolemy.util.test.junit.AutoTests" name="[100] /home/travis/build/icyphy/ptII/ptolemy/actor/lib/test/auto/ConstraintMonitor7.xml (RunModel)" time="0.014" />
  <testcase classname="ptolemy.util.test.junit.AutoTests" name="[101] /home/travis/build/icyphy/ptII/ptolemy/actor/lib/test/auto/ConstraintMonitor8.xml (RunModel)" time="0.013" />
  <testcase classname="ptolemy.util.test.junit.AutoTests" name="[102] /home/travis/build/icyphy/ptII/ptolemy/actor/lib/test/auto/Counter.xml (RunModel)" time="0.01" />
  <testcase classname="ptolemy.util.test.junit.AutoTests" name="[103] /home/travis/build/icyphy/ptII/ptolemy/actor/lib/test/auto/CurrentTimeSDF.xml (RunModel)" time="0.007" />
  <testcase classname="ptolemy.util.test.junit.AutoTests" name="[104] /home/travis/build/icyphy/ptII/ptolemy/actor/lib/test/auto/DB.xml (RunModel)" time="0.012" />
  <testcase classname="ptolemy.util.test.junit.AutoTests" name="[105] /home/travis/build/icyphy/ptII/ptolemy/actor/lib/test/auto/DBDE.xml (RunModel)" time="0.012" />
  <testcase classname="ptolemy.util.test.junit.AutoTests" name="[106] /home/travis/build/icyphy/ptII/ptolemy/actor/lib/test/auto/DateConstructor.xml (RunModel)" time="0.122" />
  <testcase classname="ptolemy.util.test.junit.AutoTests" name="[107] /home/travis/build/icyphy/ptII/ptolemy/actor/lib/test/auto/DelayTime.xml (RunModel)" time="0.018" />
  <testcase classname="ptolemy.util.test.junit.AutoTests" name="[108] /home/travis/build/icyphy/ptII/ptolemy/actor/lib/test/auto/Dictionary1.xml (RunModel)" time="0.018" />
  <testcase classname="ptolemy.util.test.junit.AutoTests" name="[109] /home/travis/build/icyphy/ptII/ptolemy/actor/lib/test/auto/Dictionary2.xml (RunModel)" time="0.016" />
  <testcase classname="ptolemy.util.test.junit.AutoTests" name="[110] /home/travis/build/icyphy/ptII/ptolemy/actor/lib/test/auto/Dictionary3.xml (RunModel)" time="0.015" />
  <testcase classname="ptolemy.util.test.junit.AutoTests" name="[111] /home/travis/build/icyphy/ptII/ptolemy/actor/lib/test/auto/Dictionary4.xml (RunModel)" time="0.029" />
  <testcase classname="ptolemy.util.test.junit.AutoTests" name="[112] /home/travis/build/icyphy/ptII/ptolemy/actor/lib/test/auto/Differential.xml (RunModel)" time="0.012" />
  <testcase classname="ptolemy.util.test.junit.AutoTests" name="[113] /home/travis/build/icyphy/ptII/ptolemy/actor/lib/test/auto/Director.xml (RunModel)" time="0.012" />
  <testcase classname="ptolemy.util.test.junit.AutoTests" name="[114] /home/travis/build/icyphy/ptII/ptolemy/actor/lib/test/auto/DiscreteClock.xml (RunModel)" time="0.008" />
  <testcase classname="ptolemy.util.test.junit.AutoTests" name="[115] /home/travis/build/icyphy/ptII/ptolemy/actor/lib/test/auto/DiscreteClock10.xml (RunModel)" time="0.011" />
  <testcase classname="ptolemy.util.test.junit.AutoTests" name="[116] /home/travis/build/icyphy/ptII/ptolemy/actor/lib/test/auto/DiscreteClock11.xml (RunModel)" time="0.012" />
  <testcase classname="ptolemy.util.test.junit.AutoTests" name="[117] /home/travis/build/icyphy/ptII/ptolemy/actor/lib/test/auto/DiscreteClock12.xml (RunModel)" time="0.013" />
  <testcase classname="ptolemy.util.test.junit.AutoTests" name="[118] /home/travis/build/icyphy/ptII/ptolemy/actor/lib/test/auto/DiscreteClock13.xml (RunModel)" time="0.014" />
  <testcase classname="ptolemy.util.test.junit.AutoTests" name="[119] /home/travis/build/icyphy/ptII/ptolemy/actor/lib/test/auto/DiscreteClock14.xml (RunModel)" time="0.013" />
  <testcase classname="ptolemy.util.test.junit.AutoTests" name="[120] /home/travis/build/icyphy/ptII/ptolemy/actor/lib/test/auto/DiscreteClock15.xml (RunModel)" time="0.018" />
  <testcase classname="ptolemy.util.test.junit.AutoTests" name="[121] /home/travis/build/icyphy/ptII/ptolemy/actor/lib/test/auto/DiscreteClock16.xml (RunModel)" time="0.044" />
  <testcase classname="ptolemy.util.test.junit.AutoTests" name="[122] /home/travis/build/icyphy/ptII/ptolemy/actor/lib/test/auto/DiscreteClock17.xml (RunModel)" time="0.038" />
  <testcase classname="ptolemy.util.test.junit.AutoTests" name="[123] /home/travis/build/icyphy/ptII/ptolemy/actor/lib/test/auto/DiscreteClock18.xml (RunModel)" time="0.046" />
  <testcase classname="ptolemy.util.test.junit.AutoTests" name="[124] /home/travis/build/icyphy/ptII/ptolemy/actor/lib/test/auto/DiscreteClock19.xml (RunModel)" time="0.04" />
  <testcase classname="ptolemy.util.test.junit.AutoTests" name="[125] /home/travis/build/icyphy/ptII/ptolemy/actor/lib/test/auto/DiscreteClock2.xml (RunModel)" time="0.01" />
  <testcase classname="ptolemy.util.test.junit.AutoTests" name="[126] /home/travis/build/icyphy/ptII/ptolemy/actor/lib/test/auto/DiscreteClock20.xml (RunModel)" time="0.017" />
  <testcase classname="ptolemy.util.test.junit.AutoTests" name="[127] /home/travis/build/icyphy/ptII/ptolemy/actor/lib/test/auto/DiscreteClock21.xml (RunModel)" time="0.018" />
  <testcase classname="ptolemy.util.test.junit.AutoTests" name="[128] /home/travis/build/icyphy/ptII/ptolemy/actor/lib/test/auto/DiscreteClock22.xml (RunModel)" time="0.015" />
  <testcase classname="ptolemy.util.test.junit.AutoTests" name="[129] /home/travis/build/icyphy/ptII/ptolemy/actor/lib/test/auto/DiscreteClock23.xml (RunModel)" time="0.019" />
  <testcase classname="ptolemy.util.test.junit.AutoTests" name="[130] /home/travis/build/icyphy/ptII/ptolemy/actor/lib/test/auto/DiscreteClock24.xml (RunModel)" time="0.013" />
  <testcase classname="ptolemy.util.test.junit.AutoTests" name="[131] /home/travis/build/icyphy/ptII/ptolemy/actor/lib/test/auto/DiscreteClock4.xml (RunModel)" time="0.011" />
  <testcase classname="ptolemy.util.test.junit.AutoTests" name="[132] /home/travis/build/icyphy/ptII/ptolemy/actor/lib/test/auto/DiscreteClock5.xml (RunModel)" time="0.01" />
  <testcase classname="ptolemy.util.test.junit.AutoTests" name="[133] /home/travis/build/icyphy/ptII/ptolemy/actor/lib/test/auto/DiscreteClock6.xml (RunModel)" time="0.01" />
  <testcase classname="ptolemy.util.test.junit.AutoTests" name="[134] /home/travis/build/icyphy/ptII/ptolemy/actor/lib/test/auto/DiscreteClock7.xml (RunModel)" time="0.01" />
  <testcase classname="ptolemy.util.test.junit.AutoTests" name="[135] /home/travis/build/icyphy/ptII/ptolemy/actor/lib/test/auto/DiscreteClock8.xml (RunModel)" time="0.011" />
  <testcase classname="ptolemy.util.test.junit.AutoTests" name="[136] /home/travis/build/icyphy/ptII/ptolemy/actor/lib/test/auto/DiscreteClock9.xml (RunModel)" time="0.013" />
  <testcase classname="ptolemy.util.test.junit.AutoTests" name="[137] /home/travis/build/icyphy/ptII/ptolemy/actor/lib/test/auto/DisplayArray.xml (RunModel)" time="0.021" />
  <testcase classname="ptolemy.util.test.junit.AutoTests" name="[138] /home/travis/build/icyphy/ptII/ptolemy/actor/lib/test/auto/Distributor.xml (RunModel)" time="0.01" />
  <testcase classname="ptolemy.util.test.junit.AutoTests" name="[139] /home/travis/build/icyphy/ptII/ptolemy/actor/lib/test/auto/Distributor2.xml (RunModel)" time="0.009" />
  <testcase classname="ptolemy.util.test.junit.AutoTests" name="[140] /home/travis/build/icyphy/ptII/ptolemy/actor/lib/test/auto/DownSample.xml (RunModel)" time="0.014" />
  <testcase classname="ptolemy.util.test.junit.AutoTests" name="[141] /home/travis/build/icyphy/ptII/ptolemy/actor/lib/test/auto/ElectronicUnitBase1.xml (RunModel)" time="0.051" />
  <testcase classname="ptolemy.util.test.junit.AutoTests" name="[142] /home/travis/build/icyphy/ptII/ptolemy/actor/lib/test/auto/ElementsToArray.xml (RunModel)" time="0.011" />
  <testcase classname="ptolemy.util.test.junit.AutoTests" name="[143] /home/travis/build/icyphy/ptII/ptolemy/actor/lib/test/auto/Equals.xml (RunModel)" time="0.015" />
  <testcase classname="ptolemy.util.test.junit.AutoTests" name="[144] /home/travis/build/icyphy/ptII/ptolemy/actor/lib/test/auto/Exec.xml (RunModel)" time="0.024" />
  <testcase classname="ptolemy.util.test.junit.AutoTests" name="[145] /home/travis/build/icyphy/ptII/ptolemy/actor/lib/test/auto/ExecEnvironment.xml (RunModel)" time="0.028" />
  <testcase classname="ptolemy.util.test.junit.AutoTests" name="[146] /home/travis/build/icyphy/ptII/ptolemy/actor/lib/test/auto/ExecNonZeroReturnOutput.xml (RunModel)" time="0.182" />
  <testcase classname="ptolemy.util.test.junit.AutoTests" name="[147] /home/travis/build/icyphy/ptII/ptolemy/actor/lib/test/auto/ExecRunDemos.xml (RunModel)" time="10.847" />
  <testcase classname="ptolemy.util.test.junit.AutoTests" name="[148] /home/travis/build/icyphy/ptII/ptolemy/actor/lib/test/auto/ExecStop.xml (RunModel)" time="5.038" />
  <testcase classname="ptolemy.util.test.junit.AutoTests" name="[149] /home/travis/build/icyphy/ptII/ptolemy/actor/lib/test/auto/ExecutionTimeSDF.xml (RunModel)" time="6.028" />
  <testcase classname="ptolemy.util.test.junit.AutoTests" name="[150] /home/travis/build/icyphy/ptII/ptolemy/actor/lib/test/auto/Expression1.xml (RunModel)" time="0.01" />
  <testcase classname="ptolemy.util.test.junit.AutoTests" name="[151] /home/travis/build/icyphy/ptII/ptolemy/actor/lib/test/auto/Expression10.xml (RunModel)" time="0.031" />
  <testcase classname="ptolemy.util.test.junit.AutoTests" name="[152] /home/travis/build/icyphy/ptII/ptolemy/actor/lib/test/auto/Expression11.xml (RunModel)" time="0.016" />
  <testcase classname="ptolemy.util.test.junit.AutoTests" name="[153] /home/travis/build/icyphy/ptII/ptolemy/actor/lib/test/auto/Expression12.xml (RunModel)" time="0.014" />
  <testcase classname="ptolemy.util.test.junit.AutoTests" name="[154] /home/travis/build/icyphy/ptII/ptolemy/actor/lib/test/auto/Expression13.xml (RunModel)" time="0.012" />
  <testcase classname="ptolemy.util.test.junit.AutoTests" name="[155] /home/travis/build/icyphy/ptII/ptolemy/actor/lib/test/auto/Expression14.xml (RunModel)" time="0.022" />
  <testcase classname="ptolemy.util.test.junit.AutoTests" name="[156] /home/travis/build/icyphy/ptII/ptolemy/actor/lib/test/auto/Expression15.xml (RunModel)" time="0.008" />
  <testcase classname="ptolemy.util.test.junit.AutoTests" name="[157] /home/travis/build/icyphy/ptII/ptolemy/actor/lib/test/auto/Expression16.xml (RunModel)" time="0.012" />
  <testcase classname="ptolemy.util.test.junit.AutoTests" name="[158] /home/travis/build/icyphy/ptII/ptolemy/actor/lib/test/auto/Expression17.xml (RunModel)" time="0.01" />
  <testcase classname="ptolemy.util.test.junit.AutoTests" name="[159] /home/travis/build/icyphy/ptII/ptolemy/actor/lib/test/auto/Expression18.xml (RunModel)" time="0.013" />
  <testcase classname="ptolemy.util.test.junit.AutoTests" name="[160] /home/travis/build/icyphy/ptII/ptolemy/actor/lib/test/auto/Expression2.xml (RunModel)" time="0.013" />
  <testcase classname="ptolemy.util.test.junit.AutoTests" name="[161] /home/travis/build/icyphy/ptII/ptolemy/actor/lib/test/auto/Expression3.xml (RunModel)" time="0.012" />
  <testcase classname="ptolemy.util.test.junit.AutoTests" name="[162] /home/travis/build/icyphy/ptII/ptolemy/actor/lib/test/auto/Expression4.xml (RunModel)" time="0.021" />
  <testcase classname="ptolemy.util.test.junit.AutoTests" name="[163] /home/travis/build/icyphy/ptII/ptolemy/actor/lib/test/auto/Expression5.xml (RunModel)" time="0.011" />
  <testcase classname="ptolemy.util.test.junit.AutoTests" name="[164] /home/travis/build/icyphy/ptII/ptolemy/actor/lib/test/auto/Expression6.xml (RunModel)" time="0.009" />
  <testcase classname="ptolemy.util.test.junit.AutoTests" name="[165] /home/travis/build/icyphy/ptII/ptolemy/actor/lib/test/auto/Expression7.xml (RunModel)" time="0.011" />
  <testcase classname="ptolemy.util.test.junit.AutoTests" name="[166] /home/travis/build/icyphy/ptII/ptolemy/actor/lib/test/auto/Expression8.xml (RunModel)" time="0.016" />
  <testcase classname="ptolemy.util.test.junit.AutoTests" name="[167] /home/travis/build/icyphy/ptII/ptolemy/actor/lib/test/auto/Expression9.xml (RunModel)" time="0.008" />
  <testcase classname="ptolemy.util.test.junit.AutoTests" name="[168] /home/travis/build/icyphy/ptII/ptolemy/actor/lib/test/auto/ExpressionConcatenateArrayType.xml (RunModel)" time="0.027" />
  <testcase classname="ptolemy.util.test.junit.AutoTests" name="[169] /home/travis/build/icyphy/ptII/ptolemy/actor/lib/test/auto/ExpressionConcatenateArrayType2.xml (RunModel)" time="0.025" />
  <testcase classname="ptolemy.util.test.junit.AutoTests" name="[170] /home/travis/build/icyphy/ptII/ptolemy/actor/lib/test/auto/ExpressionFix.xml (RunModel)" time="0.053" />
  <testcase classname="ptolemy.util.test.junit.AutoTests" name="[171] /home/travis/build/icyphy/ptII/ptolemy/actor/lib/test/auto/ExpressionFix2.xml (RunModel)" time="0.012" />
  <testcase classname="ptolemy.util.test.junit.AutoTests" name="[172] /home/travis/build/icyphy/ptII/ptolemy/actor/lib/test/auto/ExpressionFix3.xml (RunModel)" time="0.018" />
  <testcase classname="ptolemy.util.test.junit.AutoTests" name="[173] /home/travis/build/icyphy/ptII/ptolemy/actor/lib/test/auto/FileWriter1.xml (RunModel)" time="0.012" />
  <testcase classname="ptolemy.util.test.junit.AutoTests" name="[174] /home/travis/build/icyphy/ptII/ptolemy/actor/lib/test/auto/FileWriter2.xml (RunModel)" time="0.014" />
  <testcase classname="ptolemy.util.test.junit.AutoTests" name="[175] /home/travis/build/icyphy/ptII/ptolemy/actor/lib/test/auto/FileWriter3.xml (RunModel)" time="0.013" />
  <testcase classname="ptolemy.util.test.junit.AutoTests" name="[176] /home/travis/build/icyphy/ptII/ptolemy/actor/lib/test/auto/Gaussian.xml (RunModel)" time="0.012" />
  <testcase classname="ptolemy.util.test.junit.AutoTests" name="[177] /home/travis/build/icyphy/ptII/ptolemy/actor/lib/test/auto/Gaussian1.xml (RunModel)" time="0.013" />
  <testcase classname="ptolemy.util.test.junit.AutoTests" name="[178] /home/travis/build/icyphy/ptII/ptolemy/actor/lib/test/auto/Gaussian2.xml (RunModel)" time="0.027" />
  <testcase classname="ptolemy.util.test.junit.AutoTests" name="[179] /home/travis/build/icyphy/ptII/ptolemy/actor/lib/test/auto/GradientAdaptiveLattice.xml (RunModel)" time="0.021" />
  <testcase classname="ptolemy.util.test.junit.AutoTests" name="[180] /home/travis/build/icyphy/ptII/ptolemy/actor/lib/test/auto/IIR.xml (RunModel)" time="0.011" />
  <testcase classname="ptolemy.util.test.junit.AutoTests" name="[181] /home/travis/build/icyphy/ptII/ptolemy/actor/lib/test/auto/InputOutputTransparentPorts.xml (RunModel)" time="0.019" />
  <testcase classname="ptolemy.util.test.junit.AutoTests" name="[182] /home/travis/build/icyphy/ptII/ptolemy/actor/lib/test/auto/Interpolator.xml (RunModel)" time="0.013" />
  <testcase classname="ptolemy.util.test.junit.AutoTests" name="[183] /home/travis/build/icyphy/ptII/ptolemy/actor/lib/test/auto/InterpolatorFiringLimitDE.xml (RunModel)" time="0.016" />
  <testcase classname="ptolemy.util.test.junit.AutoTests" name="[184] /home/travis/build/icyphy/ptII/ptolemy/actor/lib/test/auto/Lattice.xml (RunModel)" time="0.01" />
  <testcase classname="ptolemy.util.test.junit.AutoTests" name="[185] /home/travis/build/icyphy/ptII/ptolemy/actor/lib/test/auto/LazyAOCTestLazy.xml (RunModel)" time="0.032" />
  <testcase classname="ptolemy.util.test.junit.AutoTests" name="[186] /home/travis/build/icyphy/ptII/ptolemy/actor/lib/test/auto/LazyAOCTestNonLazy.xml (RunModel)" time="0.051" />
  <testcase classname="ptolemy.util.test.junit.AutoTests" name="[187] /home/travis/build/icyphy/ptII/ptolemy/actor/lib/test/auto/LazyInnerClass.xml (RunModel)" time="0.04" />
  <testcase classname="ptolemy.util.test.junit.AutoTests" name="[188] /home/travis/build/icyphy/ptII/ptolemy/actor/lib/test/auto/LazyPubSub.xml (RunModel)" time="0.081" />
  <testcase classname="ptolemy.util.test.junit.AutoTests" name="[189] /home/travis/build/icyphy/ptII/ptolemy/actor/lib/test/auto/LazyPubSub2.xml (RunModel)" time="0.037" />
  <testcase classname="ptolemy.util.test.junit.AutoTests" name="[190] /home/travis/build/icyphy/ptII/ptolemy/actor/lib/test/auto/LazyPubSub3.xml (RunModel)" time="0.036" />
  <testcase classname="ptolemy.util.test.junit.AutoTests" name="[191] /home/travis/build/icyphy/ptII/ptolemy/actor/lib/test/auto/LazySubClassModel.xml (RunModel)" time="0.026" />
  <testcase classname="ptolemy.util.test.junit.AutoTests" name="[192] /home/travis/build/icyphy/ptII/ptolemy/actor/lib/test/auto/LevelCrossTest1.xml (RunModel)" time="0.012" />
  <testcase classname="ptolemy.util.test.junit.AutoTests" name="[193] /home/travis/build/icyphy/ptII/ptolemy/actor/lib/test/auto/LevelCrossTest10.xml (RunModel)" time="0.016" />
  <testcase classname="ptolemy.util.test.junit.AutoTests" name="[194] /home/travis/build/icyphy/ptII/ptolemy/actor/lib/test/auto/LevelCrossTest11.xml (RunModel)" time="0.019" />
  <testcase classname="ptolemy.util.test.junit.AutoTests" name="[195] /home/travis/build/icyphy/ptII/ptolemy/actor/lib/test/auto/LevelCrossTest12.xml (RunModel)" time="0.02" />
  <testcase classname="ptolemy.util.test.junit.AutoTests" name="[196] /home/travis/build/icyphy/ptII/ptolemy/actor/lib/test/auto/LevelCrossTest13.xml (RunModel)" time="0.016" />
  <testcase classname="ptolemy.util.test.junit.AutoTests" name="[197] /home/travis/build/icyphy/ptII/ptolemy/actor/lib/test/auto/LevelCrossTest2.xml (RunModel)" time="0.012" />
  <testcase classname="ptolemy.util.test.junit.AutoTests" name="[198] /home/travis/build/icyphy/ptII/ptolemy/actor/lib/test/auto/LevelCrossTest3.xml (RunModel)" time="0.014" />
  <testcase classname="ptolemy.util.test.junit.AutoTests" name="[199] /home/travis/build/icyphy/ptII/ptolemy/actor/lib/test/auto/LevelCrossTest4.xml (RunModel)" time="0.013" />
  <testcase classname="ptolemy.util.test.junit.AutoTests" name="[200] /home/travis/build/icyphy/ptII/ptolemy/actor/lib/test/auto/LevelCrossTest5.xml (RunModel)" time="0.02" />
  <testcase classname="ptolemy.util.test.junit.AutoTests" name="[201] /home/travis/build/icyphy/ptII/ptolemy/actor/lib/test/auto/LevelCrossTest6.xml (RunModel)" time="0.018" />
  <testcase classname="ptolemy.util.test.junit.AutoTests" name="[202] /home/travis/build/icyphy/ptII/ptolemy/actor/lib/test/auto/LevelCrossTest7.xml (RunModel)" time="0.03" />
  <testcase classname="ptolemy.util.test.junit.AutoTests" name="[203] /home/travis/build/icyphy/ptII/ptolemy/actor/lib/test/auto/LevelCrossTest8.xml (RunModel)" time="0.017" />
  <testcase classname="ptolemy.util.test.junit.AutoTests" name="[204] /home/travis/build/icyphy/ptII/ptolemy/actor/lib/test/auto/LevelCrossTest9.xml (RunModel)" time="0.016" />
  <testcase classname="ptolemy.util.test.junit.AutoTests" name="[205] /home/travis/build/icyphy/ptII/ptolemy/actor/lib/test/auto/LevinsonDurbin.xml (RunModel)" time="0.009" />
  <testcase classname="ptolemy.util.test.junit.AutoTests" name="[206] /home/travis/build/icyphy/ptII/ptolemy/actor/lib/test/auto/LevinsonDurbin2.xml (RunModel)" time="0.008" />
  <testcase classname="ptolemy.util.test.junit.AutoTests" name="[207] /home/travis/build/icyphy/ptII/ptolemy/actor/lib/test/auto/LevinsonDurbin3.xml (RunModel)" time="0.012" />
  <testcase classname="ptolemy.util.test.junit.AutoTests" name="[208] /home/travis/build/icyphy/ptII/ptolemy/actor/lib/test/auto/Limiter.xml (RunModel)" time="0.038" />
  <testcase classname="ptolemy.util.test.junit.AutoTests" name="[209] /home/travis/build/icyphy/ptII/ptolemy/actor/lib/test/auto/LinearDifferenceEquationSystem.xml (RunModel)" time="0.03" />
  <testcase classname="ptolemy.util.test.junit.AutoTests" name="[210] /home/travis/build/icyphy/ptII/ptolemy/actor/lib/test/auto/LookupTable.xml (RunModel)" time="0.025" />
  <testcase classname="ptolemy.util.test.junit.AutoTests" name="[211] /home/travis/build/icyphy/ptII/ptolemy/actor/lib/test/auto/MathFunction.xml (RunModel)" time="0.019" />
  <testcase classname="ptolemy.util.test.junit.AutoTests" name="[212] /home/travis/build/icyphy/ptII/ptolemy/actor/lib/test/auto/MathFunction2.xml (RunModel)" time="0.016" />
  <testcase classname="ptolemy.util.test.junit.AutoTests" name="[213] /home/travis/build/icyphy/ptII/ptolemy/actor/lib/test/auto/MathFunction3.xml (RunModel)" time="0.02" />
  <testcase classname="ptolemy.util.test.junit.AutoTests" name="[214] /home/travis/build/icyphy/ptII/ptolemy/actor/lib/test/auto/MatrixCropBoolean.xml (RunModel)" time="0.014" />
  <testcase classname="ptolemy.util.test.junit.AutoTests" name="[215] /home/travis/build/icyphy/ptII/ptolemy/actor/lib/test/auto/MatrixCropComplex.xml (RunModel)" time="0.016" />
  <testcase classname="ptolemy.util.test.junit.AutoTests" name="[216] /home/travis/build/icyphy/ptII/ptolemy/actor/lib/test/auto/MatrixCropDouble.xml (RunModel)" time="0.01" />
  <testcase classname="ptolemy.util.test.junit.AutoTests" name="[217] /home/travis/build/icyphy/ptII/ptolemy/actor/lib/test/auto/MatrixCropFix.xml (RunModel)" time="0.013" />
  <testcase classname="ptolemy.util.test.junit.AutoTests" name="[218] /home/travis/build/icyphy/ptII/ptolemy/actor/lib/test/auto/MatrixCropInt.xml (RunModel)" time="0.011" />
  <testcase classname="ptolemy.util.test.junit.AutoTests" name="[219] /home/travis/build/icyphy/ptII/ptolemy/actor/lib/test/auto/MatrixCropLong.xml (RunModel)" time="0.009" />
  <testcase classname="ptolemy.util.test.junit.AutoTests" name="[220] /home/travis/build/icyphy/ptII/ptolemy/actor/lib/test/auto/MatrixToArray.xml (RunModel)" time="0.054" />
  <testcase classname="ptolemy.util.test.junit.AutoTests" name="[221] /home/travis/build/icyphy/ptII/ptolemy/actor/lib/test/auto/MaxIndex.xml (RunModel)" time="0.014" />
  <testcase classname="ptolemy.util.test.junit.AutoTests" name="[222] /home/travis/build/icyphy/ptII/ptolemy/actor/lib/test/auto/Maximum.xml (RunModel)" time="0.012" />
  <testcase classname="ptolemy.util.test.junit.AutoTests" name="[223] /home/travis/build/icyphy/ptII/ptolemy/actor/lib/test/auto/MaximumComplex.xml (RunModel)" time="0.016" />
  <testcase classname="ptolemy.util.test.junit.AutoTests" name="[224] /home/travis/build/icyphy/ptII/ptolemy/actor/lib/test/auto/MethodCallTest.xml (RunModel)" time="0.059" />
  <testcase classname="ptolemy.util.test.junit.AutoTests" name="[225] /home/travis/build/icyphy/ptII/ptolemy/actor/lib/test/auto/Minimum.xml (RunModel)" time="0.02" />
  <testcase classname="ptolemy.util.test.junit.AutoTests" name="[226] /home/travis/build/icyphy/ptII/ptolemy/actor/lib/test/auto/MinimumComplex.xml (RunModel)" time="0.026" />
  <testcase classname="ptolemy.util.test.junit.AutoTests" name="[227] /home/travis/build/icyphy/ptII/ptolemy/actor/lib/test/auto/MinimumMultiports.xml (RunModel)" time="0.017" />
  <testcase classname="ptolemy.util.test.junit.AutoTests" name="[228] /home/travis/build/icyphy/ptII/ptolemy/actor/lib/test/auto/ModifyDate.xml (RunModel)" time="0.044" />
  <testcase classname="ptolemy.util.test.junit.AutoTests" name="[229] /home/travis/build/icyphy/ptII/ptolemy/actor/lib/test/auto/ModifyDate2.xml (RunModel)" time="0.033" />
  <testcase classname="ptolemy.util.test.junit.AutoTests" name="[230] /home/travis/build/icyphy/ptII/ptolemy/actor/lib/test/auto/MovingAverage.xml (RunModel)" time="0.02" />
  <testcase classname="ptolemy.util.test.junit.AutoTests" name="[231] /home/travis/build/icyphy/ptII/ptolemy/actor/lib/test/auto/MovingMaximum.xml (RunModel)" time="0.012" />
  <testcase classname="ptolemy.util.test.junit.AutoTests" name="[232] /home/travis/build/icyphy/ptII/ptolemy/actor/lib/test/auto/MultipleLinksToSameRelation.xml (RunModel)" time="0.009" />
  <testcase classname="ptolemy.util.test.junit.AutoTests" name="[233] /home/travis/build/icyphy/ptII/ptolemy/actor/lib/test/auto/MultipleLinksToSameRelationDE.xml (RunModel)" time="0.01" />
  <testcase classname="ptolemy.util.test.junit.AutoTests" name="[234] /home/travis/build/icyphy/ptII/ptolemy/actor/lib/test/auto/Multiplexor.xml (RunModel)" time="0.012" />
  <testcase classname="ptolemy.util.test.junit.AutoTests" name="[235] /home/travis/build/icyphy/ptII/ptolemy/actor/lib/test/auto/Multiplexor1.xml (RunModel)" time="0.012" />
  <testcase classname="ptolemy.util.test.junit.AutoTests" name="[236] /home/travis/build/icyphy/ptII/ptolemy/actor/lib/test/auto/Multiplexor2.xml (RunModel)" time="0.014" />
  <testcase classname="ptolemy.util.test.junit.AutoTests" name="[237] /home/travis/build/icyphy/ptII/ptolemy/actor/lib/test/auto/Multiplexor3.xml (RunModel)" time="0.009" />
  <testcase classname="ptolemy.util.test.junit.AutoTests" name="[238] /home/travis/build/icyphy/ptII/ptolemy/actor/lib/test/auto/MultiplexorDE.xml (RunModel)" time="0.02" />
  <testcase classname="ptolemy.util.test.junit.AutoTests" name="[239] /home/travis/build/icyphy/ptII/ptolemy/actor/lib/test/auto/MultiportBroadcastTest.xml (RunModel)" time="0.101" />
  <testcase classname="ptolemy.util.test.junit.AutoTests" name="[240] /home/travis/build/icyphy/ptII/ptolemy/actor/lib/test/auto/MultiportOutHangDuringGetWidth.xml (RunModel)" time="0.032" />
  <testcase classname="ptolemy.util.test.junit.AutoTests" name="[241] /home/travis/build/icyphy/ptII/ptolemy/actor/lib/test/auto/NilToken.xml (RunModel)" time="0.007" />
  <testcase classname="ptolemy.util.test.junit.AutoTests" name="[242] /home/travis/build/icyphy/ptII/ptolemy/actor/lib/test/auto/NilTokenNonStrictTest.xml (RunModel)" time="0.009" />
  <testcase classname="ptolemy.util.test.junit.AutoTests" name="[243] /home/travis/build/icyphy/ptII/ptolemy/actor/lib/test/auto/NilTokenRecord.xml (RunModel)" time="0.019" />
  <testcase classname="ptolemy.util.test.junit.AutoTests" name="[244] /home/travis/build/icyphy/ptII/ptolemy/actor/lib/test/auto/NilTokenTypeTest.xml (RunModel)" time="0.032" />
  <testcase classname="ptolemy.util.test.junit.AutoTests" name="[245] /home/travis/build/icyphy/ptII/ptolemy/actor/lib/test/auto/ObjectToken1.xml (RunModel)" time="0.009" />
  <testcase classname="ptolemy.util.test.junit.AutoTests" name="[246] /home/travis/build/icyphy/ptII/ptolemy/actor/lib/test/auto/OrderedMerge.xml (RunModel)" time="0.019" />
  <testcase classname="ptolemy.util.test.junit.AutoTests" name="[247] /home/travis/build/icyphy/ptII/ptolemy/actor/lib/test/auto/OrderedRecordDisassembler.xml (RunModel)" time="0.017" />
  <testcase classname="ptolemy.util.test.junit.AutoTests" name="[248] /home/travis/build/icyphy/ptII/ptolemy/actor/lib/test/auto/OrderedRecordDisassembler2.xml (RunModel)" time="0.018" />
  <testcase classname="ptolemy.util.test.junit.AutoTests" name="[249] /home/travis/build/icyphy/ptII/ptolemy/actor/lib/test/auto/OrderedRecordUpdater.xml (RunModel)" time="0.01" />
  <testcase classname="ptolemy.util.test.junit.AutoTests" name="[250] /home/travis/build/icyphy/ptII/ptolemy/actor/lib/test/auto/OrderedRecordUpdater2.xml (RunModel)" time="0.018" />
  <testcase classname="ptolemy.util.test.junit.AutoTests" name="[251] /home/travis/build/icyphy/ptII/ptolemy/actor/lib/test/auto/PhaseUnwrap.xml (RunModel)" time="0.012" />
  <testcase classname="ptolemy.util.test.junit.AutoTests" name="[252] /home/travis/build/icyphy/ptII/ptolemy/actor/lib/test/auto/PoissonClock.xml (RunModel)" time="0.01" />
  <testcase classname="ptolemy.util.test.junit.AutoTests" name="[253] /home/travis/build/icyphy/ptII/ptolemy/actor/lib/test/auto/PoissonClock2.xml (RunModel)" time="0.007" />
  <testcase classname="ptolemy.util.test.junit.AutoTests" name="[254] /home/travis/build/icyphy/ptII/ptolemy/actor/lib/test/auto/PoissonClock3.xml (RunModel)" time="0.023" />
  <testcase classname="ptolemy.util.test.junit.AutoTests" name="[255] /home/travis/build/icyphy/ptII/ptolemy/actor/lib/test/auto/PubSubWithInitialTokens.xml (RunModel)" time="0.022" />
  <testcase classname="ptolemy.util.test.junit.AutoTests" name="[256] /home/travis/build/icyphy/ptII/ptolemy/actor/lib/test/auto/PubSubWithInitialTokens2.xml (RunModel)" time="0.014" />
  <testcase classname="ptolemy.util.test.junit.AutoTests" name="[257] /home/travis/build/icyphy/ptII/ptolemy/actor/lib/test/auto/PublisherClassNoParameter.xml (RunModel)" time="0.024" />
  <testcase classname="ptolemy.util.test.junit.AutoTests" name="[258] /home/travis/build/icyphy/ptII/ptolemy/actor/lib/test/auto/PublisherClassParameter.xml (RunModel)" time="0.02" />
  <testcase classname="ptolemy.util.test.junit.AutoTests" name="[259] /home/travis/build/icyphy/ptII/ptolemy/actor/lib/test/auto/PublisherNonStrictTest.xml (RunModel)" time="0.015" />
  <testcase classname="ptolemy.util.test.junit.AutoTests" name="[260] /home/travis/build/icyphy/ptII/ptolemy/actor/lib/test/auto/PublisherPort1.xml (RunModel)" time="0.011" />
  <testcase classname="ptolemy.util.test.junit.AutoTests" name="[261] /home/travis/build/icyphy/ptII/ptolemy/actor/lib/test/auto/PublisherPort2.xml (RunModel)" time="0.01" />
  <testcase classname="ptolemy.util.test.junit.AutoTests" name="[262] /home/travis/build/icyphy/ptII/ptolemy/actor/lib/test/auto/PublisherPort3.xml (RunModel)" time="0.021" />
  <testcase classname="ptolemy.util.test.junit.AutoTests" name="[263] /home/travis/build/icyphy/ptII/ptolemy/actor/lib/test/auto/PublisherPort4.xml (RunModel)" time="0.015" />
  <testcase classname="ptolemy.util.test.junit.AutoTests" name="[264] /home/travis/build/icyphy/ptII/ptolemy/actor/lib/test/auto/PublisherPort5.xml (RunModel)" time="0.014" />
  <testcase classname="ptolemy.util.test.junit.AutoTests" name="[265] /home/travis/build/icyphy/ptII/ptolemy/actor/lib/test/auto/PublisherPort5LookAlike.xml (RunModel)" time="0.018" />
  <testcase classname="ptolemy.util.test.junit.AutoTests" name="[266] /home/travis/build/icyphy/ptII/ptolemy/actor/lib/test/auto/PublisherPort6.xml (RunModel)" time="0.012" />
  <testcase classname="ptolemy.util.test.junit.AutoTests" name="[267] /home/travis/build/icyphy/ptII/ptolemy/actor/lib/test/auto/PublisherPort7.xml (RunModel)" time="0.015" />
  <testcase classname="ptolemy.util.test.junit.AutoTests" name="[268] /home/travis/build/icyphy/ptII/ptolemy/actor/lib/test/auto/PublisherPort8.xml (RunModel)" time="0.023" />
  <testcase classname="ptolemy.util.test.junit.AutoTests" name="[269] /home/travis/build/icyphy/ptII/ptolemy/actor/lib/test/auto/PublisherPortSubscriberChannelVariablesAOC2.xml (RunModel)" time="0.031" />
  <testcase classname="ptolemy.util.test.junit.AutoTests" name="[270] /home/travis/build/icyphy/ptII/ptolemy/actor/lib/test/auto/PublisherPortSubscriberOpaqueWidthInference.xml (RunModel)" time="0.014" />
  <testcase classname="ptolemy.util.test.junit.AutoTests" name="[271] /home/travis/build/icyphy/ptII/ptolemy/actor/lib/test/auto/PublisherPortSubscriberPortAdjacent.xml (RunModel)" time="0.02" />
  <testcase classname="ptolemy.util.test.junit.AutoTests" name="[272] /home/travis/build/icyphy/ptII/ptolemy/actor/lib/test/auto/PublisherPortSubscriberPortExpression.xml (RunModel)" time="0.023" />
  <testcase classname="ptolemy.util.test.junit.AutoTests" name="[273] /home/travis/build/icyphy/ptII/ptolemy/actor/lib/test/auto/PublisherPortSubscriberPortOpaqueD3Reverse.xml (RunModel)" time="0.021" />
  <testcase classname="ptolemy.util.test.junit.AutoTests" name="[274] /home/travis/build/icyphy/ptII/ptolemy/actor/lib/test/auto/PublisherPortSubscriberPortOpaqueWidthInference.xml (RunModel)" time="0.014" />
  <testcase classname="ptolemy.util.test.junit.AutoTests" name="[275] /home/travis/build/icyphy/ptII/ptolemy/actor/lib/test/auto/PublisherPortToplevelSubscriberPortAOC.xml (RunModel)" time="0.012" />
  <testcase classname="ptolemy.util.test.junit.AutoTests" name="[276] /home/travis/build/icyphy/ptII/ptolemy/actor/lib/test/auto/PublisherSubscriber.xml (RunModel)" time="0.012" />
  <testcase classname="ptolemy.util.test.junit.AutoTests" name="[277] /home/travis/build/icyphy/ptII/ptolemy/actor/lib/test/auto/PublisherSubscriber10.xml (RunModel)" time="0.028" />
  <testcase classname="ptolemy.util.test.junit.AutoTests" name="[278] /home/travis/build/icyphy/ptII/ptolemy/actor/lib/test/auto/PublisherSubscriber10InitialOutputs.xml (RunModel)" time="0.028" />
  <testcase classname="ptolemy.util.test.junit.AutoTests" name="[279] /home/travis/build/icyphy/ptII/ptolemy/actor/lib/test/auto/PublisherSubscriber11.xml (RunModel)" time="0.019" />
  <testcase classname="ptolemy.util.test.junit.AutoTests" name="[280] /home/travis/build/icyphy/ptII/ptolemy/actor/lib/test/auto/PublisherSubscriber12.xml (RunModel)" time="0.051" />
  <testcase classname="ptolemy.util.test.junit.AutoTests" name="[281] /home/travis/build/icyphy/ptII/ptolemy/actor/lib/test/auto/PublisherSubscriber13.xml (RunModel)" time="0.01" />
  <testcase classname="ptolemy.util.test.junit.AutoTests" name="[282] /home/travis/build/icyphy/ptII/ptolemy/actor/lib/test/auto/PublisherSubscriber14.xml (RunModel)" time="0.022" />
  <testcase classname="ptolemy.util.test.junit.AutoTests" name="[283] /home/travis/build/icyphy/ptII/ptolemy/actor/lib/test/auto/PublisherSubscriber2.xml (RunModel)" time="0.01" />
  <testcase classname="ptolemy.util.test.junit.AutoTests" name="[284] /home/travis/build/icyphy/ptII/ptolemy/actor/lib/test/auto/PublisherSubscriber3.xml (RunModel)" time="0.008" />
  <testcase classname="ptolemy.util.test.junit.AutoTests" name="[285] /home/travis/build/icyphy/ptII/ptolemy/actor/lib/test/auto/PublisherSubscriber4.xml (RunModel)" time="0.008" />
  <testcase classname="ptolemy.util.test.junit.AutoTests" name="[286] /home/travis/build/icyphy/ptII/ptolemy/actor/lib/test/auto/PublisherSubscriber5.xml (RunModel)" time="0.01" />
  <testcase classname="ptolemy.util.test.junit.AutoTests" name="[287] /home/travis/build/icyphy/ptII/ptolemy/actor/lib/test/auto/PublisherSubscriber6.xml (RunModel)" time="0.014" />
  <testcase classname="ptolemy.util.test.junit.AutoTests" name="[288] /home/travis/build/icyphy/ptII/ptolemy/actor/lib/test/auto/PublisherSubscriber7.xml (RunModel)" time="0.016" />
  <testcase classname="ptolemy.util.test.junit.AutoTests" name="[289] /home/travis/build/icyphy/ptII/ptolemy/actor/lib/test/auto/PublisherSubscriber8.xml (RunModel)" time="0.034" />
  <testcase classname="ptolemy.util.test.junit.AutoTests" name="[290] /home/travis/build/icyphy/ptII/ptolemy/actor/lib/test/auto/PublisherSubscriber9.xml (RunModel)" time="0.017" />
  <testcase classname="ptolemy.util.test.junit.AutoTests" name="[291] /home/travis/build/icyphy/ptII/ptolemy/actor/lib/test/auto/PublisherSubscriberAdjacent.xml (RunModel)" time="0.015" />
  <testcase classname="ptolemy.util.test.junit.AutoTests" name="[292] /home/travis/build/icyphy/ptII/ptolemy/actor/lib/test/auto/PublisherSubscriberChannelVariablesAOC2.xml (RunModel)" time="0.025" />
  <testcase classname="ptolemy.util.test.junit.AutoTests" name="[293] /home/travis/build/icyphy/ptII/ptolemy/actor/lib/test/auto/PublisherSubscriberD3.xml (RunModel)" time="0.012" />
  <testcase classname="ptolemy.util.test.junit.AutoTests" name="[294] /home/travis/build/icyphy/ptII/ptolemy/actor/lib/test/auto/PublisherSubscriberD3Reverse.xml (RunModel)" time="0.01" />
  <testcase classname="ptolemy.util.test.junit.AutoTests" name="[295] /home/travis/build/icyphy/ptII/ptolemy/actor/lib/test/auto/PublisherSubscriberExpression.xml (RunModel)" time="0.016" />
  <testcase classname="ptolemy.util.test.junit.AutoTests" name="[296] /home/travis/build/icyphy/ptII/ptolemy/actor/lib/test/auto/PublisherSubscriberOpaque.xml (RunModel)" time="0.015" />
  <testcase classname="ptolemy.util.test.junit.AutoTests" name="[297] /home/travis/build/icyphy/ptII/ptolemy/actor/lib/test/auto/PublisherSubscriberOpaqueD3.xml (RunModel)" time="0.022" />
  <testcase classname="ptolemy.util.test.junit.AutoTests" name="[298] /home/travis/build/icyphy/ptII/ptolemy/actor/lib/test/auto/PublisherSubscriberOpaqueD3Reverse.xml (RunModel)" time="0.022" />
  <testcase classname="ptolemy.util.test.junit.AutoTests" name="[299] /home/travis/build/icyphy/ptII/ptolemy/actor/lib/test/auto/PublisherSubscriberOpaqueWidthInference.xml (RunModel)" time="0.016" />
  <testcase classname="ptolemy.util.test.junit.AutoTests" name="[300] /home/travis/build/icyphy/ptII/ptolemy/actor/lib/test/auto/PublisherTestSubscriber.xml (RunModel)" time="0.016" />
  <testcase classname="ptolemy.util.test.junit.AutoTests" name="[301] /home/travis/build/icyphy/ptII/ptolemy/actor/lib/test/auto/PublisherToplevelSubscriberPortAOC.xml (RunModel)" time="0.011" />
  <testcase classname="ptolemy.util.test.junit.AutoTests" name="[302] /home/travis/build/icyphy/ptII/ptolemy/actor/lib/test/auto/PulseFiringLimitDE.xml (RunModel)" time="0.013" />
  <testcase classname="ptolemy.util.test.junit.AutoTests" name="[303] /home/travis/build/icyphy/ptII/ptolemy/actor/lib/test/auto/Ramp1.xml (RunModel)" time="0.008" />
  <testcase classname="ptolemy.util.test.junit.AutoTests" name="[304] /home/travis/build/icyphy/ptII/ptolemy/actor/lib/test/auto/RampFiringLimitDE.xml (RunModel)" time="0.012" />
  <testcase classname="ptolemy.util.test.junit.AutoTests" name="[305] /home/travis/build/icyphy/ptII/ptolemy/actor/lib/test/auto/RampFiringLimitSDF.xml (RunModel)" time="0.009" />
  <testcase classname="ptolemy.util.test.junit.AutoTests" name="[306] /home/travis/build/icyphy/ptII/ptolemy/actor/lib/test/auto/RandomInteger.xml (RunModel)" time="0.008" />
  <testcase classname="ptolemy.util.test.junit.AutoTests" name="[307] /home/travis/build/icyphy/ptII/ptolemy/actor/lib/test/auto/ReadFile1.xml (RunModel)" time="0.008" />
  <testcase classname="ptolemy.util.test.junit.AutoTests" name="[308] /home/travis/build/icyphy/ptII/ptolemy/actor/lib/test/auto/ReadFile2.xml (RunModel)" time="0.008" />
  <testcase classname="ptolemy.util.test.junit.AutoTests" name="[309] /home/travis/build/icyphy/ptII/ptolemy/actor/lib/test/auto/Reader.xml (RunModel)" time="0.011" />
  <testcase classname="ptolemy.util.test.junit.AutoTests" name="[310] /home/travis/build/icyphy/ptII/ptolemy/actor/lib/test/auto/RecordAssemblerDisplayNameTest.xml (RunModel)" time="3.29" />
  <testcase classname="ptolemy.util.test.junit.AutoTests" name="[311] /home/travis/build/icyphy/ptII/ptolemy/actor/lib/test/auto/RecordAssemblerTypeError.xml (RunModel)" time="0.037" />
  <testcase classname="ptolemy.util.test.junit.AutoTests" name="[312] /home/travis/build/icyphy/ptII/ptolemy/actor/lib/test/auto/RecordDisassember.xml (RunModel)" time="0.021" />
  <testcase classname="ptolemy.util.test.junit.AutoTests" name="[313] /home/travis/build/icyphy/ptII/ptolemy/actor/lib/test/auto/RecordDisassemberDisplayNameTest.xml (RunModel)" time="0.019" />
  <testcase classname="ptolemy.util.test.junit.AutoTests" name="[314] /home/travis/build/icyphy/ptII/ptolemy/actor/lib/test/auto/RecordDisassembler.xml (RunModel)" time="0.011" />
  <testcase classname="ptolemy.util.test.junit.AutoTests" name="[315] /home/travis/build/icyphy/ptII/ptolemy/actor/lib/test/auto/RecordDisassembler2.xml (RunModel)" time="0.011" />
  <testcase classname="ptolemy.util.test.junit.AutoTests" name="[316] /home/travis/build/icyphy/ptII/ptolemy/actor/lib/test/auto/RecordUpdater.xml (RunModel)" time="0.01" />
  <testcase classname="ptolemy.util.test.junit.AutoTests" name="[317] /home/travis/build/icyphy/ptII/ptolemy/actor/lib/test/auto/RecordUpdater2.xml (RunModel)" time="0.009" />
  <testcase classname="ptolemy.util.test.junit.AutoTests" name="[318] /home/travis/build/icyphy/ptII/ptolemy/actor/lib/test/auto/RecursiveLattice.xml (RunModel)" time="0.008" />
  <testcase classname="ptolemy.util.test.junit.AutoTests" name="[319] /home/travis/build/icyphy/ptII/ptolemy/actor/lib/test/auto/Router.xml (RunModel)" time="3.026" />
  <testcase classname="ptolemy.util.test.junit.AutoTests" name="[320] /home/travis/build/icyphy/ptII/ptolemy/actor/lib/test/auto/Router2.xml (RunModel)" time="3.029" />
  <testcase classname="ptolemy.util.test.junit.AutoTests" name="[321] /home/travis/build/icyphy/ptII/ptolemy/actor/lib/test/auto/RunningMaximum.xml (RunModel)" time="0.023" />
  <testcase classname="ptolemy.util.test.junit.AutoTests" name="[322] /home/travis/build/icyphy/ptII/ptolemy/actor/lib/test/auto/RunningMinimum.xml (RunModel)" time="0.023" />
  <testcase classname="ptolemy.util.test.junit.AutoTests" name="[323] /home/travis/build/icyphy/ptII/ptolemy/actor/lib/test/auto/Scale.xml (RunModel)" time="0.008" />
  <testcase classname="ptolemy.util.test.junit.AutoTests" name="[324] /home/travis/build/icyphy/ptII/ptolemy/actor/lib/test/auto/Scale2.xml (RunModel)" time="0.01" />
  <testcase classname="ptolemy.util.test.junit.AutoTests" name="[325] /home/travis/build/icyphy/ptII/ptolemy/actor/lib/test/auto/Scale3.xml (RunModel)" time="0.017" />
  <testcase classname="ptolemy.util.test.junit.AutoTests" name="[326] /home/travis/build/icyphy/ptII/ptolemy/actor/lib/test/auto/ScaleArray.xml (RunModel)" time="0.008" />
  <testcase classname="ptolemy.util.test.junit.AutoTests" name="[327] /home/travis/build/icyphy/ptII/ptolemy/actor/lib/test/auto/ScaleArray2.xml (RunModel)" time="0.007" />
  <testcase classname="ptolemy.util.test.junit.AutoTests" name="[328] /home/travis/build/icyphy/ptII/ptolemy/actor/lib/test/auto/ScaleMatrix.xml (RunModel)" time="0.154" />
  <testcase classname="ptolemy.util.test.junit.AutoTests" name="[329] /home/travis/build/icyphy/ptII/ptolemy/actor/lib/test/auto/Select.xml (RunModel)" time="0.014" />
  <testcase classname="ptolemy.util.test.junit.AutoTests" name="[330] /home/travis/build/icyphy/ptII/ptolemy/actor/lib/test/auto/Select2.xml (RunModel)" time="0.008" />
  <testcase classname="ptolemy.util.test.junit.AutoTests" name="[331] /home/travis/build/icyphy/ptII/ptolemy/actor/lib/test/auto/SequenceToArray2.xml (RunModel)" time="0.123" />
  <testcase classname="ptolemy.util.test.junit.AutoTests" name="[332] /home/travis/build/icyphy/ptII/ptolemy/actor/lib/test/auto/SequentialClock.xml (RunModel)" time="0.01" />
  <testcase classname="ptolemy.util.test.junit.AutoTests" name="[333] /home/travis/build/icyphy/ptII/ptolemy/actor/lib/test/auto/SetVariable.xml (RunModel)" time="0.011" />
  <testcase classname="ptolemy.util.test.junit.AutoTests" name="[334] /home/travis/build/icyphy/ptII/ptolemy/actor/lib/test/auto/SetVariable2.xml (RunModel)" time="0.01" />
  <testcase classname="ptolemy.util.test.junit.AutoTests" name="[335] /home/travis/build/icyphy/ptII/ptolemy/actor/lib/test/auto/SetVariable3.xml (RunModel)" time="0.015" />
  <testcase classname="ptolemy.util.test.junit.AutoTests" name="[336] /home/travis/build/icyphy/ptII/ptolemy/actor/lib/test/auto/SetVariable4.xml (RunModel)" time="0.019" />
  <testcase classname="ptolemy.util.test.junit.AutoTests" name="[337] /home/travis/build/icyphy/ptII/ptolemy/actor/lib/test/auto/SetVariable5.xml (RunModel)" time="0.078" />
  <testcase classname="ptolemy.util.test.junit.AutoTests" name="[338] /home/travis/build/icyphy/ptII/ptolemy/actor/lib/test/auto/Sinewave.xml (RunModel)" time="0.032" />
  <testcase classname="ptolemy.util.test.junit.AutoTests" name="[339] /home/travis/build/icyphy/ptII/ptolemy/actor/lib/test/auto/Sinewave2.xml (RunModel)" time="0.015" />
  <testcase classname="ptolemy.util.test.junit.AutoTests" name="[340] /home/travis/build/icyphy/ptII/ptolemy/actor/lib/test/auto/Sinewave3.xml (RunModel)" time="0.019" />
  <testcase classname="ptolemy.util.test.junit.AutoTests" name="[341] /home/travis/build/icyphy/ptII/ptolemy/actor/lib/test/auto/SingleEvent.xml (RunModel)" time="0.007" />
  <testcase classname="ptolemy.util.test.junit.AutoTests" name="[342] /home/travis/build/icyphy/ptII/ptolemy/actor/lib/test/auto/Sleep.xml (RunModel)" time="6.016" />
  <testcase classname="ptolemy.util.test.junit.AutoTests" name="[343] /home/travis/build/icyphy/ptII/ptolemy/actor/lib/test/auto/SleepMultipleFire.xml (RunModel)" time="1.022" />
  <testcase classname="ptolemy.util.test.junit.AutoTests" name="[344] /home/travis/build/icyphy/ptII/ptolemy/actor/lib/test/auto/StopDE.xml (RunModel)" time="0.011" />
  <testcase classname="ptolemy.util.test.junit.AutoTests" name="[345] /home/travis/build/icyphy/ptII/ptolemy/actor/lib/test/auto/StopSDF.xml (RunModel)" time="0.012" />
  <testcase classname="ptolemy.util.test.junit.AutoTests" name="[346] /home/travis/build/icyphy/ptII/ptolemy/actor/lib/test/auto/StringConstant.xml (RunModel)" time="0.018" />
  <testcase classname="ptolemy.util.test.junit.AutoTests" name="[347] /home/travis/build/icyphy/ptII/ptolemy/actor/lib/test/auto/SubscriberPortInitialValues1.xml (RunModel)" time="0.019" />
  <testcase classname="ptolemy.util.test.junit.AutoTests" name="[348] /home/travis/build/icyphy/ptII/ptolemy/actor/lib/test/auto/SubscriberPortInitialValues13.xml (RunModel)" time="0.031" />
  <testcase classname="ptolemy.util.test.junit.AutoTests" name="[349] /home/travis/build/icyphy/ptII/ptolemy/actor/lib/test/auto/SubscriberPortInitialValues14.xml (RunModel)" time="0.016" />
  <testcase classname="ptolemy.util.test.junit.AutoTests" name="[350] /home/travis/build/icyphy/ptII/ptolemy/actor/lib/test/auto/SubscriberPortInitialValues2.xml (RunModel)" time="0.016" />
  <testcase classname="ptolemy.util.test.junit.AutoTests" name="[351] /home/travis/build/icyphy/ptII/ptolemy/actor/lib/test/auto/SubscriberPortInitialValues3.xml (RunModel)" time="0.019" />
  <testcase classname="ptolemy.util.test.junit.AutoTests" name="[352] /home/travis/build/icyphy/ptII/ptolemy/actor/lib/test/auto/SubscriptionAggregator.xml (RunModel)" time="0.01" />
  <testcase classname="ptolemy.util.test.junit.AutoTests" name="[353] /home/travis/build/icyphy/ptII/ptolemy/actor/lib/test/auto/SubscriptionAggregator2.xml (RunModel)" time="0.011" />
  <testcase classname="ptolemy.util.test.junit.AutoTests" name="[354] /home/travis/build/icyphy/ptII/ptolemy/actor/lib/test/auto/SubscriptionAggregator3.xml (RunModel)" time="0.017" />
  <testcase classname="ptolemy.util.test.junit.AutoTests" name="[355] /home/travis/build/icyphy/ptII/ptolemy/actor/lib/test/auto/SubscriptionAggregatorMultiply.xml (RunModel)" time="0.02" />
  <testcase classname="ptolemy.util.test.junit.AutoTests" name="[356] /home/travis/build/icyphy/ptII/ptolemy/actor/lib/test/auto/SubscriptionAggregatorPortMultiply1.xml (RunModel)" time="0.019" />
  <testcase classname="ptolemy.util.test.junit.AutoTests" name="[357] /home/travis/build/icyphy/ptII/ptolemy/actor/lib/test/auto/Switch.xml (RunModel)" time="0.016" />
  <testcase classname="ptolemy.util.test.junit.AutoTests" name="[358] /home/travis/build/icyphy/ptII/ptolemy/actor/lib/test/auto/Switch2.xml (RunModel)" time="0.012" />
  <testcase classname="ptolemy.util.test.junit.AutoTests" name="[359] /home/travis/build/icyphy/ptII/ptolemy/actor/lib/test/auto/SwitchDE.xml (RunModel)" time="0.017" />
  <testcase classname="ptolemy.util.test.junit.AutoTests" name="[360] /home/travis/build/icyphy/ptII/ptolemy/actor/lib/test/auto/SynchronizerDE.xml (RunModel)" time="0.019" />
  <testcase classname="ptolemy.util.test.junit.AutoTests" name="[361] /home/travis/build/icyphy/ptII/ptolemy/actor/lib/test/auto/Test.xml (RunModel)" time="0.008" />
  <testcase classname="ptolemy.util.test.junit.AutoTests" name="[362] /home/travis/build/icyphy/ptII/ptolemy/actor/lib/test/auto/TestExceptionAttribute1.xml (RunModel)" time="0.007" />
  <testcase classname="ptolemy.util.test.junit.AutoTests" name="[363] /home/travis/build/icyphy/ptII/ptolemy/actor/lib/test/auto/TestExceptionAttribute2.xml (RunModel)" time="0.011" />
  <testcase classname="ptolemy.util.test.junit.AutoTests" name="[364] /home/travis/build/icyphy/ptII/ptolemy/actor/lib/test/auto/TestExceptionAttribute3.xml (RunModel)" time="0.01" />
  <testcase classname="ptolemy.util.test.junit.AutoTests" name="[365] /home/travis/build/icyphy/ptII/ptolemy/actor/lib/test/auto/TestExceptionAttribute4.xml (RunModel)" time="0.006" />
  <testcase classname="ptolemy.util.test.junit.AutoTests" name="[366] /home/travis/build/icyphy/ptII/ptolemy/actor/lib/test/auto/TestExceptionHandler1.xml (RunModel)" time="0.008" />
  <testcase classname="ptolemy.util.test.junit.AutoTests" name="[367] /home/travis/build/icyphy/ptII/ptolemy/actor/lib/test/auto/TestExceptionHandler2.xml (RunModel)" time="0.008" />
  <testcase classname="ptolemy.util.test.junit.AutoTests" name="[368] /home/travis/build/icyphy/ptII/ptolemy/actor/lib/test/auto/TestExceptionHandler3.xml (RunModel)" time="0.008" />
  <testcase classname="ptolemy.util.test.junit.AutoTests" name="[369] /home/travis/build/icyphy/ptII/ptolemy/actor/lib/test/auto/TestExceptionHandler4.xml (RunModel)" time="0.006" />
  <testcase classname="ptolemy.util.test.junit.AutoTests" name="[370] /home/travis/build/icyphy/ptII/ptolemy/actor/lib/test/auto/TestRequireCorrectOrder.xml (RunModel)" time="0.016" />
  <testcase classname="ptolemy.util.test.junit.AutoTests" name="[371] /home/travis/build/icyphy/ptII/ptolemy/actor/lib/test/auto/TestSimple.xml (RunModel)" time="0.011" />
  <testcase classname="ptolemy.util.test.junit.AutoTests" name="[372] /home/travis/build/icyphy/ptII/ptolemy/actor/lib/test/auto/ThrowModelError.xml (RunModel)" time="0.011" />
  <testcase classname="ptolemy.util.test.junit.AutoTests" name="[373] /home/travis/build/icyphy/ptII/ptolemy/actor/lib/test/auto/TimeDelayMicrosteps.xml (RunModel)" time="0.013" />
  <testcase classname="ptolemy.util.test.junit.AutoTests" name="[374] /home/travis/build/icyphy/ptII/ptolemy/actor/lib/test/auto/TimeDelayMicrosteps2.xml (RunModel)" time="0.014" />
  <testcase classname="ptolemy.util.test.junit.AutoTests" name="[375] /home/travis/build/icyphy/ptII/ptolemy/actor/lib/test/auto/TimeDelayMicrosteps3.xml (RunModel)" time="0.011" />
  <testcase classname="ptolemy.util.test.junit.AutoTests" name="[376] /home/travis/build/icyphy/ptII/ptolemy/actor/lib/test/auto/TimeDelayVariableMicrosteps.xml (RunModel)" time="0.011" />
  <testcase classname="ptolemy.util.test.junit.AutoTests" name="[377] /home/travis/build/icyphy/ptII/ptolemy/actor/lib/test/auto/TimeGap.xml (RunModel)" time="0.014" />
  <testcase classname="ptolemy.util.test.junit.AutoTests" name="[378] /home/travis/build/icyphy/ptII/ptolemy/actor/lib/test/auto/TimeGap2.xml (RunModel)" time="0.011" />
  <testcase classname="ptolemy.util.test.junit.AutoTests" name="[379] /home/travis/build/icyphy/ptII/ptolemy/actor/lib/test/auto/TimedSinewave.xml (RunModel)" time="0.05" />
  <testcase classname="ptolemy.util.test.junit.AutoTests" name="[380] /home/travis/build/icyphy/ptII/ptolemy/actor/lib/test/auto/TimedSinewavePhase.xml (RunModel)" time="0.044" />
  <testcase classname="ptolemy.util.test.junit.AutoTests" name="[381] /home/travis/build/icyphy/ptII/ptolemy/actor/lib/test/auto/Timer.xml (RunModel)" time="0.016" />
  <testcase classname="ptolemy.util.test.junit.AutoTests" name="[382] /home/travis/build/icyphy/ptII/ptolemy/actor/lib/test/auto/TriangularDistTestModel.xml (RunModel)" time="0.016" />
  <testcase classname="ptolemy.util.test.junit.AutoTests" name="[383] /home/travis/build/icyphy/ptII/ptolemy/actor/lib/test/auto/TrigFunction.xml (RunModel)" time="0.009" />
  <testcase classname="ptolemy.util.test.junit.AutoTests" name="[384] /home/travis/build/icyphy/ptII/ptolemy/actor/lib/test/auto/TrigFunctionDE.xml (RunModel)" time="0.012" />
  <testcase classname="ptolemy.util.test.junit.AutoTests" name="[385] /home/travis/build/icyphy/ptII/ptolemy/actor/lib/test/auto/TrigFunctionInverse.xml (RunModel)" time="0.009" />
  <testcase classname="ptolemy.util.test.junit.AutoTests" name="[386] /home/travis/build/icyphy/ptII/ptolemy/actor/lib/test/auto/TrigFunctionTan.xml (RunModel)" time="0.007" />
  <testcase classname="ptolemy.util.test.junit.AutoTests" name="[387] /home/travis/build/icyphy/ptII/ptolemy/actor/lib/test/auto/TriggeredClock.xml (RunModel)" time="0.008" />
  <testcase classname="ptolemy.util.test.junit.AutoTests" name="[388] /home/travis/build/icyphy/ptII/ptolemy/actor/lib/test/auto/URLDirectoryReader.xml (RunModel)" time="0.094" />
  <testcase classname="ptolemy.util.test.junit.AutoTests" name="[389] /home/travis/build/icyphy/ptII/ptolemy/actor/lib/test/auto/URLDirectoryReader3.xml (RunModel)" time="1.263" />
  <testcase classname="ptolemy.util.test.junit.AutoTests" name="[390] /home/travis/build/icyphy/ptII/ptolemy/actor/lib/test/auto/UnaryMathFunction.xml (RunModel)" time="0.028" />
  <testcase classname="ptolemy.util.test.junit.AutoTests" name="[391] /home/travis/build/icyphy/ptII/ptolemy/actor/lib/test/auto/Uniform.xml (RunModel)" time="0.012" />
  <testcase classname="ptolemy.util.test.junit.AutoTests" name="[392] /home/travis/build/icyphy/ptII/ptolemy/actor/lib/test/auto/UnionDisassemblerTest.xml (RunModel)" time="0.011" />
  <testcase classname="ptolemy.util.test.junit.AutoTests" name="[393] /home/travis/build/icyphy/ptII/ptolemy/actor/lib/test/auto/UtilityFunctions.xml (RunModel)" time="0.007" />
  <testcase classname="ptolemy.util.test.junit.AutoTests" name="[394] /home/travis/build/icyphy/ptII/ptolemy/actor/lib/test/auto/VariableSleep.xml (RunModel)" time="0.51" />
  <testcase classname="ptolemy.util.test.junit.AutoTests" name="[395] /home/travis/build/icyphy/ptII/ptolemy/actor/lib/test/auto/VectorAssemblerDisassemblerCT.xml (RunModel)" time="0.113" />
  <testcase classname="ptolemy.util.test.junit.AutoTests" name="[396] /home/travis/build/icyphy/ptII/ptolemy/actor/lib/test/auto/VectorAssemblerDisassemblerDE.xml (RunModel)" time="0.013" />
  <testcase classname="ptolemy.util.test.junit.AutoTests" name="[397] /home/travis/build/icyphy/ptII/ptolemy/actor/lib/test/auto/VectorAssemblerDisassemblerSDF.xml (RunModel)" time="0.011" />
  <testcase classname="ptolemy.util.test.junit.AutoTests" name="[398] /home/travis/build/icyphy/ptII/ptolemy/actor/lib/test/auto/WallClockTime.xml (RunModel)" time="1.011" />
  <testcase classname="ptolemy.util.test.junit.AutoTests" name="[399] /home/travis/build/icyphy/ptII/ptolemy/actor/lib/test/auto/WidthTestWithSubscriberPublisher.xml (RunModel)" time="0.035" />
  <testcase classname="ptolemy.util.test.junit.AutoTests" name="[400] /home/travis/build/icyphy/ptII/ptolemy/actor/lib/test/auto/WidthTestWithSubscriberPublisher2.xml (RunModel)" time="0.018" />
  <testcase classname="ptolemy.util.test.junit.AutoTests" name="[401] /home/travis/build/icyphy/ptII/ptolemy/actor/lib/test/auto/WidthTestWithSubscriberPublisher3.xml (RunModel)" time="0.011" />
  <testcase classname="ptolemy.util.test.junit.AutoTests" name="[402] /home/travis/build/icyphy/ptII/ptolemy/actor/lib/test/auto/Writer.xml (RunModel)" time="0.007" />
  <testcase classname="ptolemy.util.test.junit.AutoTests" name="[403] /home/travis/build/icyphy/ptII/ptolemy/actor/lib/test/auto/array.xml (RunModel)" time="0.007" />
  <testcase classname="ptolemy.util.test.junit.AutoTests" name="[404] /home/travis/build/icyphy/ptII/ptolemy/actor/lib/test/auto/array2.xml (RunModel)" time="0.01" />
  <testcase classname="ptolemy.util.test.junit.AutoTests" name="[405] /home/travis/build/icyphy/ptII/ptolemy/actor/lib/test/auto/arrayType.xml (RunModel)" time="0.009" />
  <testcase classname="ptolemy.util.test.junit.AutoTests" name="[406] /home/travis/build/icyphy/ptII/ptolemy/actor/lib/test/auto/arrayType10.xml (RunModel)" time="0.007" />
  <testcase classname="ptolemy.util.test.junit.AutoTests" name="[407] /home/travis/build/icyphy/ptII/ptolemy/actor/lib/test/auto/arrayType11.xml (RunModel)" time="0.009" />
  <testcase classname="ptolemy.util.test.junit.AutoTests" name="[408] /home/travis/build/icyphy/ptII/ptolemy/actor/lib/test/auto/arrayType12.xml (RunModel)" time="0.008" />
  <testcase classname="ptolemy.util.test.junit.AutoTests" name="[409] /home/travis/build/icyphy/ptII/ptolemy/actor/lib/test/auto/arrayType13.xml (RunModel)" time="0.008" />
  <testcase classname="ptolemy.util.test.junit.AutoTests" name="[410] /home/travis/build/icyphy/ptII/ptolemy/actor/lib/test/auto/arrayType14.xml (RunModel)" time="0.008" />
  <testcase classname="ptolemy.util.test.junit.AutoTests" name="[411] /home/travis/build/icyphy/ptII/ptolemy/actor/lib/test/auto/arrayType15.xml (RunModel)" time="0.008" />
  <testcase classname="ptolemy.util.test.junit.AutoTests" name="[412] /home/travis/build/icyphy/ptII/ptolemy/actor/lib/test/auto/arrayType16.xml (RunModel)" time="0.008" />
  <testcase classname="ptolemy.util.test.junit.AutoTests" name="[413] /home/travis/build/icyphy/ptII/ptolemy/actor/lib/test/auto/arrayType17.xml (RunModel)" time="0.009" />
  <testcase classname="ptolemy.util.test.junit.AutoTests" name="[414] /home/travis/build/icyphy/ptII/ptolemy/actor/lib/test/auto/arrayType18.xml (RunModel)" time="0.007" />
  <testcase classname="ptolemy.util.test.junit.AutoTests" name="[415] /home/travis/build/icyphy/ptII/ptolemy/actor/lib/test/auto/arrayType19.xml (RunModel)" time="0.007" />
  <testcase classname="ptolemy.util.test.junit.AutoTests" name="[416] /home/travis/build/icyphy/ptII/ptolemy/actor/lib/test/auto/arrayType2.xml (RunModel)" time="0.008" />
  <testcase classname="ptolemy.util.test.junit.AutoTests" name="[417] /home/travis/build/icyphy/ptII/ptolemy/actor/lib/test/auto/arrayType20.xml (RunModel)" time="0.008" />
  <testcase classname="ptolemy.util.test.junit.AutoTests" name="[418] /home/travis/build/icyphy/ptII/ptolemy/actor/lib/test/auto/arrayType21.xml (RunModel)" time="0.007" />
  <testcase classname="ptolemy.util.test.junit.AutoTests" name="[419] /home/travis/build/icyphy/ptII/ptolemy/actor/lib/test/auto/arrayType22.xml (RunModel)" time="0.008" />
  <testcase classname="ptolemy.util.test.junit.AutoTests" name="[420] /home/travis/build/icyphy/ptII/ptolemy/actor/lib/test/auto/arrayType23.xml (RunModel)" time="0.007" />
  <testcase classname="ptolemy.util.test.junit.AutoTests" name="[421] /home/travis/build/icyphy/ptII/ptolemy/actor/lib/test/auto/arrayType24.xml (RunModel)" time="0.008" />
  <testcase classname="ptolemy.util.test.junit.AutoTests" name="[422] /home/travis/build/icyphy/ptII/ptolemy/actor/lib/test/auto/arrayType25.xml (RunModel)" time="0.008" />
  <testcase classname="ptolemy.util.test.junit.AutoTests" name="[423] /home/travis/build/icyphy/ptII/ptolemy/actor/lib/test/auto/arrayType26.xml (RunModel)" time="0.007" />
  <testcase classname="ptolemy.util.test.junit.AutoTests" name="[424] /home/travis/build/icyphy/ptII/ptolemy/actor/lib/test/auto/arrayType27.xml (RunModel)" time="0.008" />
  <testcase classname="ptolemy.util.test.junit.AutoTests" name="[425] /home/travis/build/icyphy/ptII/ptolemy/actor/lib/test/auto/arrayType28.xml (RunModel)" time="0.01" />
  <testcase classname="ptolemy.util.test.junit.AutoTests" name="[426] /home/travis/build/icyphy/ptII/ptolemy/actor/lib/test/auto/arrayType3.xml (RunModel)" time="0.008" />
  <testcase classname="ptolemy.util.test.junit.AutoTests" name="[427] /home/travis/build/icyphy/ptII/ptolemy/actor/lib/test/auto/arrayType4.xml (RunModel)" time="0.007" />
  <testcase classname="ptolemy.util.test.junit.AutoTests" name="[428] /home/travis/build/icyphy/ptII/ptolemy/actor/lib/test/auto/arrayType5.xml (RunModel)" time="0.013" />
  <testcase classname="ptolemy.util.test.junit.AutoTests" name="[429] /home/travis/build/icyphy/ptII/ptolemy/actor/lib/test/auto/arrayType6.xml (RunModel)" time="0.011" />
  <testcase classname="ptolemy.util.test.junit.AutoTests" name="[430] /home/travis/build/icyphy/ptII/ptolemy/actor/lib/test/auto/arrayType7.xml (RunModel)" time="0.019" />
  <testcase classname="ptolemy.util.test.junit.AutoTests" name="[431] /home/travis/build/icyphy/ptII/ptolemy/actor/lib/test/auto/arrayType8.xml (RunModel)" time="0.009" />
  <testcase classname="ptolemy.util.test.junit.AutoTests" name="[432] /home/travis/build/icyphy/ptII/ptolemy/actor/lib/test/auto/arrayType9.xml (RunModel)" time="0.007" />
  <testcase classname="ptolemy.util.test.junit.AutoTests" name="[433] /home/travis/build/icyphy/ptII/ptolemy/actor/lib/test/auto/cast.xml (RunModel)" time="0.007" />
  <testcase classname="ptolemy.util.test.junit.AutoTests" name="[434] /home/travis/build/icyphy/ptII/ptolemy/actor/lib/test/auto/compositeMultiPort.xml (RunModel)" time="0.014" />
  <testcase classname="ptolemy.util.test.junit.AutoTests" name="[435] /home/travis/build/icyphy/ptII/ptolemy/actor/lib/test/auto/expressionCastInference.xml (RunModel)" time="0.008" />
  <testcase classname="ptolemy.util.test.junit.AutoTests" name="[436] /home/travis/build/icyphy/ptII/ptolemy/actor/lib/test/auto/expressionCastInference2.xml (RunModel)" time="0.007" />
  <testcase classname="ptolemy.util.test.junit.AutoTests" name="[437] /home/travis/build/icyphy/ptII/ptolemy/actor/lib/test/auto/expressionInference.xml (RunModel)" time="0.008" />
  <testcase classname="ptolemy.util.test.junit.AutoTests" name="[438] /home/travis/build/icyphy/ptII/ptolemy/actor/lib/test/auto/expression_bug.xml (RunModel)" time="0.008" />
  <testcase classname="ptolemy.util.test.junit.AutoTests" name="[439] /home/travis/build/icyphy/ptII/ptolemy/actor/lib/test/auto/factorial.xml (RunModel)" time="0.051" />
  <testcase classname="ptolemy.util.test.junit.AutoTests" name="[440] /home/travis/build/icyphy/ptII/ptolemy/actor/lib/test/auto/filterTest1.xml (RunModel)" time="0.012" />
  <testcase classname="ptolemy.util.test.junit.AutoTests" name="[441] /home/travis/build/icyphy/ptII/ptolemy/actor/lib/test/auto/funcApplyInConst.xml (RunModel)" time="0.005" />
  <testcase classname="ptolemy.util.test.junit.AutoTests" name="[442] /home/travis/build/icyphy/ptII/ptolemy/actor/lib/test/auto/funcApplyInExpr.xml (RunModel)" time="0.005" />
  <testcase classname="ptolemy.util.test.junit.AutoTests" name="[443] /home/travis/build/icyphy/ptII/ptolemy/actor/lib/test/auto/function.xml (RunModel)" time="0.01" />
  <testcase classname="ptolemy.util.test.junit.AutoTests" name="[444] /home/travis/build/icyphy/ptII/ptolemy/actor/lib/test/auto/function2.xml (RunModel)" time="0.007" />
  <testcase classname="ptolemy.util.test.junit.AutoTests" name="[445] /home/travis/build/icyphy/ptII/ptolemy/actor/lib/test/auto/function3.xml (RunModel)" time="0.005" />
  <testcase classname="ptolemy.util.test.junit.AutoTests" name="[446] /home/travis/build/icyphy/ptII/ptolemy/actor/lib/test/auto/functionClosureTest1.xml (RunModel)" time="0.009" />
  <testcase classname="ptolemy.util.test.junit.AutoTests" name="[447] /home/travis/build/icyphy/ptII/ptolemy/actor/lib/test/auto/functionClosureTest2.xml (RunModel)" time="0.007" />
  <testcase classname="ptolemy.util.test.junit.AutoTests" name="[448] /home/travis/build/icyphy/ptII/ptolemy/actor/lib/test/auto/functionClosureTest3.xml (RunModel)" time="0.01" />
  <testcase classname="ptolemy.util.test.junit.AutoTests" name="[449] /home/travis/build/icyphy/ptII/ptolemy/actor/lib/test/auto/functionClosureTest4.xml (RunModel)" time="0.014" />
  <testcase classname="ptolemy.util.test.junit.AutoTests" name="[450] /home/travis/build/icyphy/ptII/ptolemy/actor/lib/test/auto/functionClosureTest5.xml (RunModel)" time="0.011" />
  <testcase classname="ptolemy.util.test.junit.AutoTests" name="[451] /home/travis/build/icyphy/ptII/ptolemy/actor/lib/test/auto/functionClosureTest6.xml (RunModel)" time="0.007" />
  <testcase classname="ptolemy.util.test.junit.AutoTests" name="[452] /home/travis/build/icyphy/ptII/ptolemy/actor/lib/test/auto/functionsOnArcs.xml (RunModel)" time="0.011" />
  <testcase classname="ptolemy.util.test.junit.AutoTests" name="[453] /home/travis/build/icyphy/ptII/ptolemy/actor/lib/test/auto/functionsOnArcsHOF.xml (RunModel)" time="0.012" />
  <testcase classname="ptolemy.util.test.junit.AutoTests" name="[454] /home/travis/build/icyphy/ptII/ptolemy/actor/lib/test/auto/logic.xml (RunModel)" time="0.016" />
  <testcase classname="ptolemy.util.test.junit.AutoTests" name="[455] /home/travis/build/icyphy/ptII/ptolemy/actor/lib/test/auto/matrixType.xml (RunModel)" time="0.007" />
  <testcase classname="ptolemy.util.test.junit.AutoTests" name="[456] /home/travis/build/icyphy/ptII/ptolemy/actor/lib/test/auto/matrixType10.xml (RunModel)" time="0.008" />
  <testcase classname="ptolemy.util.test.junit.AutoTests" name="[457] /home/travis/build/icyphy/ptII/ptolemy/actor/lib/test/auto/matrixType11.xml (RunModel)" time="0.007" />
  <testcase classname="ptolemy.util.test.junit.AutoTests" name="[458] /home/travis/build/icyphy/ptII/ptolemy/actor/lib/test/auto/matrixType12.xml (RunModel)" time="0.01" />
  <testcase classname="ptolemy.util.test.junit.AutoTests" name="[459] /home/travis/build/icyphy/ptII/ptolemy/actor/lib/test/auto/matrixType13.xml (RunModel)" time="0.007" />
  <testcase classname="ptolemy.util.test.junit.AutoTests" name="[460] /home/travis/build/icyphy/ptII/ptolemy/actor/lib/test/auto/matrixType14.xml (RunModel)" time="0.069" />
  <testcase classname="ptolemy.util.test.junit.AutoTests" name="[461] /home/travis/build/icyphy/ptII/ptolemy/actor/lib/test/auto/matrixType2.xml (RunModel)" time="0.03" />
  <testcase classname="ptolemy.util.test.junit.AutoTests" name="[462] /home/travis/build/icyphy/ptII/ptolemy/actor/lib/test/auto/matrixType3.xml (RunModel)" time="0.032" />
  <testcase classname="ptolemy.util.test.junit.AutoTests" name="[463] /home/travis/build/icyphy/ptII/ptolemy/actor/lib/test/auto/matrixType4.xml (RunModel)" time="0.05" />
  <testcase classname="ptolemy.util.test.junit.AutoTests" name="[464] /home/travis/build/icyphy/ptII/ptolemy/actor/lib/test/auto/matrixType5.xml (RunModel)" time="0.038" />
  <testcase classname="ptolemy.util.test.junit.AutoTests" name="[465] /home/travis/build/icyphy/ptII/ptolemy/actor/lib/test/auto/matrixType6.xml (RunModel)" time="0.007" />
  <testcase classname="ptolemy.util.test.junit.AutoTests" name="[466] /home/travis/build/icyphy/ptII/ptolemy/actor/lib/test/auto/matrixType7.xml (RunModel)" time="0.028" />
  <testcase classname="ptolemy.util.test.junit.AutoTests" name="[467] /home/travis/build/icyphy/ptII/ptolemy/actor/lib/test/auto/matrixType8.xml (RunModel)" time="0.008" />
  <testcase classname="ptolemy.util.test.junit.AutoTests" name="[468] /home/travis/build/icyphy/ptII/ptolemy/actor/lib/test/auto/matrixType9.xml (RunModel)" time="0.008" />
  <testcase classname="ptolemy.util.test.junit.AutoTests" name="[469] /home/travis/build/icyphy/ptII/ptolemy/actor/lib/test/auto/paraFunctest.xml (RunModel)" time="0.007" />
  <testcase classname="ptolemy.util.test.junit.AutoTests" name="[470] /home/travis/build/icyphy/ptII/ptolemy/actor/lib/test/auto/paraFunctest2.xml (RunModel)" time="0.011" />
  <testcase classname="ptolemy.util.test.junit.AutoTests" name="[471] /home/travis/build/icyphy/ptII/ptolemy/actor/lib/test/auto/parameterPassing.xml (RunModel)" time="0.011" />
  <testcase classname="ptolemy.util.test.junit.AutoTests" name="[472] /home/travis/build/icyphy/ptII/ptolemy/actor/lib/test/auto/record.xml (RunModel)" time="0.009" />
  <testcase classname="ptolemy.util.test.junit.AutoTests" name="[473] /home/travis/build/icyphy/ptII/ptolemy/actor/lib/test/auto/sizedarray1.xml (RunModel)" time="0.009" />
  <testcase classname="ptolemy.util.test.junit.AutoTests" name="[474] /home/travis/build/icyphy/ptII/ptolemy/actor/lib/test/auto/sizedarray2.xml (RunModel)" time="0.009" />
  <testcase classname="ptolemy.util.test.junit.AutoTests" name="[475] /home/travis/build/icyphy/ptII/ptolemy/actor/lib/test/auto/twoPublishers.xml (RunModel)" time="0.02" />
  <system-out><![CDATA[/home/travis/build/icyphy/ptII/ptolemy/actor/lib/test/AbsoluteValue.tcl
testDefs.tcl: setting time out to 9000 seconds at Mon Jul 06 15:01:28 UTC 2020
75 ms. Memory: 129024K Free: 93124K (72%)
4 ms. Memory: 129024K Free: 91076K (71%)
11 ms. Memory: 129024K Free: 90052K (70%)
5 ms. Memory: 129024K Free: 89538K (69%)
/home/travis/build/icyphy/ptII/ptolemy/actor/lib/test/AddSubtract.tcl
14 ms. Memory: 129024K Free: 87475K (68%)
6 ms. Memory: 129024K Free: 86980K (67%)
12 ms. Memory: 129024K Free: 85956K (67%)
12 ms. Memory: 129024K Free: 85427K (66%)
39 ms. Memory: 129024K Free: 82370K (64%)
6 ms. Memory: 129024K Free: 81331K (63%)
/home/travis/build/icyphy/ptII/ptolemy/actor/lib/test/Average.tcl
16 ms. Memory: 129024K Free: 79812K (62%)
14 ms. Memory: 129024K Free: 78788K (61%)
/home/travis/build/icyphy/ptII/ptolemy/actor/lib/test/Bernoulli.tcl
11 ms. Memory: 129024K Free: 77243K (60%)
1 ms. Memory: 129024K Free: 76740K (59%)
/home/travis/build/icyphy/ptII/ptolemy/actor/lib/test/Clock.tcl
preinitializing
resolving types
initializing
executing number 1
wrapping up
idle
29 ms. Memory: 129024K Free: 74178K (57%)
Completed execution with 5 iterations
preinitializing
resolving types
initializing
executing number 1
wrapping up
idle
7 ms. Memory: 129024K Free: 73139K (57%)
Completed execution with 5 iterations
preinitializing
resolving types
initializing
executing number 1
wrapping up
idle
8 ms. Memory: 129024K Free: 72644K (56%)
Completed execution with 5 iterations
/home/travis/build/icyphy/ptII/ptolemy/actor/lib/test/Commutator.tcl
9 ms. Memory: 129024K Free: 70596K (55%)
11 ms. Memory: 129024K Free: 69572K (54%)
9 ms. Memory: 129024K Free: 63923K (50%)
/home/travis/build/icyphy/ptII/ptolemy/actor/lib/test/Const.tcl
4 ms. Memory: 129024K Free: 62404K (48%)
2 ms. Memory: 129024K Free: 61875K (48%)
3 ms. Memory: 129024K Free: 61380K (48%)
2 ms. Memory: 129024K Free: 60866K (47%)
3 ms. Memory: 129024K Free: 60356K (47%)
14 ms. Memory: 129024K Free: 58308K (45%)
14 ms. Memory: 129024K Free: 57284K (44%)
9 ms. Memory: 129024K Free: 56763K (44%)
/home/travis/build/icyphy/ptII/ptolemy/actor/lib/test/CurrentTime.tcl
preinitializing
resolving types
initializing
executing number 1
wrapping up
idle
7 ms. Memory: 129024K Free: 54707K (42%)
Completed execution with 11 iterations
/home/travis/build/icyphy/ptII/ptolemy/actor/lib/test/DB.tcl
5 ms. Memory: 129024K Free: 53188K (41%)
8 ms. Memory: 129024K Free: 52164K (40%)
2 ms. Memory: 129024K Free: 52164K (40%)
/home/travis/build/icyphy/ptII/ptolemy/actor/lib/test/DiscreteRandomSource.tcl
preinitializing
resolving types
initializing
executing number 1
wrapping up
idle
9 ms. Memory: 129024K Free: 50611K (39%)
Completed execution with 4 iterations
preinitializing
resolving types
initializing
executing number 1
wrapping up
idle
6 ms. Memory: 129024K Free: 50116K (39%)
Completed execution with 4 iterations
preinitializing
resolving types
initializing
executing number 1
wrapping up
idle
4 ms. Memory: 129024K Free: 49587K (38%)
Completed execution with 4 iterations
preinitializing
resolving types
initializing
executing number 1
wrapping up
idle
12 ms. Memory: 129024K Free: 49092K (38%)
Completed execution with 4 iterations
preinitializing
resolving types
initializing
executing number 1
wrapping up
idle
4 ms. Memory: 129024K Free: 48563K (38%)
Completed execution with 4 iterations
/home/travis/build/icyphy/ptII/ptolemy/actor/lib/test/Distributor.tcl
33 ms. Memory: 129024K Free: 113704K (88%)
8 ms. Memory: 129024K Free: 113044K (88%)
StreamChangeRequest.changeExecuted(): <deleteEntity name="rec2"/> succeeded
StreamChangeRequest.changeExecuted(): <deleteRelation name="r2"/> succeeded
StreamChangeRequest.changeExecuted(): Record firings per iteration succeeded
12 ms. Memory: 129024K Free: 110632K (86%)
/home/travis/build/icyphy/ptII/ptolemy/actor/lib/test/Exit.tcl
Exit.tcl: this will print a message about Manager.exitAfterWrapup, which can be ignored.
8 ms. Memory: 129024K Free: 107568K (83%)
/home/travis/build/icyphy/ptII/ptolemy/actor/lib/test/Expression.tcl
19 ms. Memory: 129024K Free: 104002K (81%)
5 ms. Memory: 129024K Free: 103493K (80%)
4 ms. Memory: 129024K Free: 102447K (79%)
preinitializing
resolving types
initializing
executing number 1
wrapping up
idle
11 ms. Memory: 129024K Free: 100930K (78%)
Completed execution with 6 iterations
10 ms. Memory: 129024K Free: 100429K (78%)
3 ms. Memory: 129024K Free: 99399K (77%)
13 ms. Memory: 129024K Free: 98383K (76%)
7 ms. Memory: 129024K Free: 97320K (75%)
9 ms. Memory: 129024K Free: 95810K (74%)
/home/travis/build/icyphy/ptII/ptolemy/actor/lib/test/Gaussian.tcl
6 ms. Memory: 129024K Free: 94263K (73%)
sleeping 1 seconds: .............................................................................................................................................................................................................................................................................................................................................................................................................................................................................................................................................................................................................................................................................................................................................................................................................................................................................................................................................................................................................................................................................................................................................................................................................................................................................................................................................................................................................................................................................................................................................................................................................................................................................................................................................................................................................................................................................................................................................................................................................................................................................................................................................................................................................................................................................................................................................................................................................................................................................................................................................................................................................................................................................................................................................................................................................................................................................................................................................................................................................................................................................................................................................................................................................................................................................................................................................................................................................................................................................................................................................................................................................................................................................................................................................................................................................................................................................................................................................................................................................................................................................................................................................................................................................................................................................................................................................................................................................................................................................................................................................................................................................................................................................................................................................................................................................................................................................................................................................................................................................................................................................................................................................................................................................................................................................................................................................................................................................................................................................................................................................................................................................................................................................................................................................................................................................................................................................................................................................................................................................................................................................................................................................................................................................................................................................................................................................................................................................................................................................................................................................................................................................................................................................................................................................................................................................................................................................................................................................................................................................................................................................................................................................................................................................................................................................................................................................................................................................................................................................................................................................................................................................................................................................................................................................................................................................................................................................................................................................................................................................................................................................................................................................................................................................................................................................................................................................................................................................................................................................................................................................................................................................................................................................................................................................................................................................................................................................................................................................................................................................................................................................................................................................................................................................................................................................................................................................................................................................................................................................................................................................................................................................................................................................................................................................................................................................................................................................................................................................................................................................................................................................................................................................................................................................................................................................................................................................................................................................................................................................................................................................................................................................................................................................................................................................................................................................................................................................................................................................................................................................................................................................................................................................................................................................................................................................................................................................................................................................................................................................................................................................................................................................................................................................................................................................................................................................................................................................................................................................................................................................................................................................................................................................................................................................................................................................................................................................................................................................................................................................................................................................................................................................................................................................................................................................................................................................................................................................................................................................................................................................................................................................................................................................................................................................................................................................................................................................................................................................................................................................................................................................................................................................................................................................................................................................................................................................................................................................................................................................................................................................................................................................................................................................................................................................................................................................................................................................................................................................................................................................................................................................................................................................................................................................................................................................................................................................................................................................................................................................................................................................................................................................................................................................................................................................................................................................................................................................................................................................................................................................................................................................................................................................................................................................................................................................................................................................................................................................................................................................................................................................................................................................................................................................................................................................................................................................................................................................................................................................................................................................................................................................................................................................................................................................................................................................................................................................................................................................................................................................................................................................................................................................................................................................................................................................................................................................................................................................................................................................................................................................................................................................................................................................................................................................................................................................................................................................................................................................................................................................................................................................................................................................................................................................................................................................................................................................................................................................................................................................................................................................................................................................................................................................................................................................................................................................................................................................................................................................................................................................................................................................................................................................................................................................................................................................................................................................................................................................................................................................................................................................................................................................................................................................................................................................................................................................................................................................................................................................................................................................................................................................................................................................................................................................................................................................................................................................................................................................................................................................................................................................................................................................................................................................................................................................................................................................................................................................................................................................................................................................................................................................................................................................................................................................................................................................................................................................................................................................................................................................................................................................................................................................................................................................................................................................................................................................................................................................................................................................................................................................................................................................................................................................................................................................................................................................................................................................................................................................................................................................................................................................................................................................................................................................................................................................................................................................................................................................................................................................................................................................................................................................................................................................................................................................................................................................................................................................................................................................................................................................................................................................................................................................................................................................................................................................................................................................................................................................................................................................................................................................................................................................................................................................................................................................................................................................................................................................................................................................................................................................................................................................................................................................................................................................................................................................................................................................................................................................................................................................................................................................................................................................................................................................................................................................................................................................................................................................................................................................................................................................................................................................................................................................................................................................................................................................................................................................................................................................................................................................................................................................................................................................................................................................................................................................................................................................................................................................................................................................................................................................................................................................................................................................................................................................................................................................................................................................................................................................................................................................................................................................................................................................................................................................................................................................................................................................................................................................................................................................................................................................................................................................................................................................................................................................................................................................................................................................................................................................................................................................................................................................................................................................................................................................................................................................................................................................................................................................................................................................................................................................................................................................................................................................................................................................................................................................................................................................................................................................................................................................................................................................................................................................................................................................................................................................................................................................................................................................................................................................................................................................................................................................................................................................................................................................................................................................................................................................................................................................................................................................................................................................................................................................................................................................................................................................................................................................................................................................................................................................................................................................................................................................................................................................................................................................................................................................................................................................................................................................................................................................................................................................................................................................................................................................................................................................................................................................................................................................................................................................................................................................................................................................................................................................................................................................................................................................................................................................................................................................................................................................................................................................................................................................................................................................................................................................................................................................................................................................................................................................................................................................................................................................................................................................................................................................................................................................................................................................................................................................................................................................................................................................................................................................................................................................................................................................................................................................................................................................................................................................................................................................................................................................................................................................................................................................................................................................................................................................................................................................................................................................................................................................................................................................................................................................................................................................................................................................................................................................................................................................................................................................................................................................................................................................................................................................................................................................................................................................................................................................................................................................................................................................................................................................................................................................................................................................................................................................................................................................................................................................................................................................................................................................................................................................................................................................................................................................................................................................................................................................................................................................................................................................................................................................................................................................................................................................................................................................................................................................................................................................................................................................................................................................................................................................................................................................................................................................................................................................................................................................................................................................................................................................................................................................................................................................................................................................................................................................................................................................................................................................................................................................................................................................................................................................................................................................................................................................................................................................................................................................................................................................................................................................................................................................................................................................................................................................................................................................................................................................................................................................................................................................................................................................................................4 ms. Memory: 129024K Free: 108254K (84%)
2 ms. Memory: 129024K Free: 107744K (84%)
2 ms. Memory: 129024K Free: 106720K (83%)
2 ms. Memory: 129024K Free: 106015K (82%)
2 ms. Memory: 129024K Free: 105696K (82%)
/home/travis/build/icyphy/ptII/ptolemy/actor/lib/test/IIR.tcl
/home/travis/build/icyphy/ptII/ptolemy/actor/lib/test/Interpolator.tcl
4 ms. Memory: 129024K Free: 101600K (79%)
1 ms. Memory: 129024K Free: 101072K (78%)
3 ms. Memory: 129024K Free: 100576K (78%)
2 ms. Memory: 129024K Free: 100048K (78%)
6 ms. Memory: 129024K Free: 99024K (77%)
4 ms. Memory: 129024K Free: 98528K (76%)
2 ms. Memory: 129024K Free: 97504K (76%)
8 ms. Memory: 129024K Free: 96480K (75%)
2 ms. Memory: 129024K Free: 95966K (74%)
4 ms. Memory: 129024K Free: 94928K (74%)
/home/travis/build/icyphy/ptII/ptolemy/actor/lib/test/MathFunction.tcl
5 ms. Memory: 129024K Free: 92880K (72%)
2 ms. Memory: 129024K Free: 91856K (71%)
2 ms. Memory: 129024K Free: 90840K (70%)
2 ms. Memory: 129024K Free: 89808K (70%)
7 ms. Memory: 129024K Free: 88288K (68%)
6 ms. Memory: 129024K Free: 86750K (67%)
/home/travis/build/icyphy/ptII/ptolemy/actor/lib/test/Maximum.tcl
4 ms. Memory: 129024K Free: 84702K (66%)
3 ms. Memory: 129024K Free: 83678K (65%)
6 ms. Memory: 129024K Free: 83168K (64%)
5 ms. Memory: 129024K Free: 82654K (64%)
/home/travis/build/icyphy/ptII/ptolemy/actor/lib/test/Minimum.tcl
7 ms. Memory: 129024K Free: 81120K (63%)
3 ms. Memory: 129024K Free: 80096K (62%)
3 ms. Memory: 129024K Free: 79582K (62%)
3 ms. Memory: 129024K Free: 79072K (61%)
/home/travis/build/icyphy/ptII/ptolemy/actor/lib/test/MultiplyDivide.tcl
9 ms. Memory: 129024K Free: 77024K (60%)
8 ms. Memory: 129024K Free: 76480K (59%)
3 ms. Memory: 129024K Free: 75486K (59%)
3 ms. Memory: 129024K Free: 74976K (58%)
3 ms. Memory: 129024K Free: 73952K (57%)
/home/travis/build/icyphy/ptII/ptolemy/actor/lib/test/OrderedMerge.tcl
Connections changed on port: inputA
Connections changed on port: inputB
Connections changed on port: output
Connections changed on port: output
Connections changed on port: output
Connections changed on port: input
.top. Preinitializing ...
Invoking preinitialize():  .top.OrderedMerge
Called preinitialize()
Invoking preinitialize():  .top.Ramp
Called preinitialize()
Invoking preinitialize():  .top.Ramp2
Called preinitialize()
Invoking preinitialize():  .top.Test
Called preinitialize()
Connections changed on port: inputA
Connections changed on port: output
Connections changed on port: output
Connections changed on port: input
Connections changed on port: inputB
Connections changed on port: output
.top. Finished preinitialize().
Called initialize().
Invoking initialize():  .top.OrderedMerge
Initializing actor: .top.OrderedMerge
Adding a thread: .top.OrderedMerge
Invoking initialize():  .top.Ramp
Initializing actor: .top.Ramp
Adding a thread: .top.Ramp
Invoking initialize():  .top.Ramp2
Initializing actor: .top.Ramp2
Adding a thread: .top.Ramp2
Invoking initialize():  .top.Test
Initializing actor: .top.Test
Adding a thread: .top.Test
Called fire().
Checking for deadlock:
-- Starting thread.
Called initialize()
Called prefire()
Called fire()
-- Starting thread.
Called initialize()
-- Starting thread.
Called initialize()
Called prefire()
Called prefire()
Called fire()
Called fire()
-- Starting thread.
Called initialize()
Called prefire()
Called fire()
There are 0 Blocked actors, 0 Stopped actors, and 4 active threads.
Waiting for actors to stop.
Called postfire()
Called prefire()
Called fire()
Called postfire()
Called prefire()
Called fire()
Read input token from inputA with value 0.0
Next port to read input from is inputB
Called postfire()
Called prefire()
Called fire()
Read input token from inputB with value 0.0
Sent output token with value 0.0
Next port to read input from is inputA
Called postfire()
Called prefire()
Called fire()
Checking for deadlock:
There are 1 Blocked actors, 0 Stopped actors, and 4 active threads.
Waiting for actors to stop.
Called postfire()
Called prefire()
Called fire()
Called postfire()
Called prefire()
Called fire()
-- Read input: 0.0, which is expected to match: 0.0
Called prefire()
Called fire()
Checking for deadlock:
There are 3 Blocked actors, 0 Stopped actors, and 4 active threads.
Waiting for actors to stop.
Called postfire()
Called prefire()
Called fire()
Read input token from inputA with value 1.0
Sent output token with value 0.0
Next port to read input from is inputB
Called postfire()
Called prefire()
Called fire()
Read input token from inputB with value 1.5
Checking for deadlock:
There are 2 Blocked actors, 0 Stopped actors, and 4 active threads.
Waiting for actors to stop.
Called postfire()
Called prefire()
Called fire()
-- Read input: 0.0, which is expected to match: 0.0
Called prefire()
Called fire()
Checking for deadlock:
There are 3 Blocked actors, 0 Stopped actors, and 4 active threads.
Waiting for actors to stop.
-- Read input: 1.0, which is expected to match: 1.0
Called prefire()
Called fire()
Sent output token with value 1.0
Next port to read input from is inputA
Called postfire()
Called prefire()
Called fire()
Read input token from inputA with value 2.0
Sent output token with value 1.5
Next port to read input from is inputB
Called postfire()
Called prefire()
Called fire()
Read input token from inputB with value 3.0
Checking for deadlock:
There are 1 Blocked actors, 0 Stopped actors, and 4 active threads.
Waiting for actors to stop.
Called postfire()
Called prefire()
Called fire()
Called postfire()
Called prefire()
Called fire()
-- Read input: 1.5, which is expected to match: 1.5
Called prefire()
Called fire()
Checking for deadlock:
There are 3 Blocked actors, 0 Stopped actors, and 4 active threads.
Waiting for actors to stop.
-- Read input: 2.0, which is expected to match: 2.0
Called prefire()
Called fire()
Sent output token with value 2.0
Next port to read input from is inputA
Called postfire()
Called prefire()
Called fire()
Read input token from inputA with value 3.0
Sent output token with value 3.0
Next port to read input from is inputB
Called postfire()
Called prefire()
Called fire()
Read input token from inputB with value 4.5
Checking for deadlock:
There are 1 Blocked actors, 0 Stopped actors, and 4 active threads.
Waiting for actors to stop.
Called postfire()
Called prefire()
Called fire()
Called postfire()
Called prefire()
Called fire()
-- Read input: 3.0, which is expected to match: 3.0
Called prefire()
Called fire()
Checking for deadlock:
There are 3 Blocked actors, 0 Stopped actors, and 4 active threads.
Waiting for actors to stop.
-- Read input: 3.0, which is expected to match: 3.0
Called prefire()
Called fire()
Checking for deadlock:
There are 3 Blocked actors, 0 Stopped actors, and 4 active threads.
Waiting for actors to stop.
Sent output token with value 3.0
Next port to read input from is inputA
Called postfire()
Called prefire()
Called fire()
Called postfire()
Called prefire()
Called fire()
Checking for deadlock:
There are 3 Blocked actors, 0 Stopped actors, and 4 active threads.
Waiting for actors to stop.
Read input token from inputA with value 4.0
-- Read input: 4.0, which is expected to match: 4.0
Called prefire()
Called fire()
Past the end of training data. Read and discard all inputs.
Checking for deadlock:
There are 3 Blocked actors, 0 Stopped actors, and 4 active threads.
Waiting for actors to stop.
Sent output token with value 4.0
Next port to read input from is inputA
Called postfire()
Called prefire()
Called fire()
Called postfire()
Called prefire()
Called fire()
Checking for deadlock:
There are 3 Blocked actors, 0 Stopped actors, and 4 active threads.
Waiting for actors to stop.
Read input token from inputA with value 5.0
Called prefire()
Called fire()
Past the end of training data. Read and discard all inputs.
Checking for deadlock:
There are 3 Blocked actors, 0 Stopped actors, and 4 active threads.
Waiting for actors to stop.
Sent output token with value 4.5
Next port to read input from is inputB
Called postfire()
Called prefire()
Called fire()
Checking for deadlock:
There are 2 Blocked actors, 0 Stopped actors, and 4 active threads.
Waiting for actors to stop.
Called postfire()
Called prefire()
Called fire()
Checking for deadlock:
There are 3 Blocked actors, 0 Stopped actors, and 4 active threads.
Waiting for actors to stop.
Read input token from inputB with value 6.0
Checking for deadlock:
There are 2 Blocked actors, 0 Stopped actors, and 4 active threads.
Waiting for actors to stop.
Called prefire()
Called fire()
Past the end of training data. Read and discard all inputs.
Checking for deadlock:
There are 3 Blocked actors, 0 Stopped actors, and 4 active threads.
Waiting for actors to stop.
Sent output token with value 5.0
Next port to read input from is inputA
Called postfire()
Called prefire()
Called fire()
Called postfire()
Called prefire()
Called fire()
Checking for deadlock:
There are 3 Blocked actors, 0 Stopped actors, and 4 active threads.
Waiting for actors to stop.
Read input token from inputA with value 6.0
Called prefire()
Called fire()
Past the end of training data. Read and discard all inputs.
Checking for deadlock:
There are 3 Blocked actors, 0 Stopped actors, and 4 active threads.
Waiting for actors to stop.
Sent output token with value 6.0
Next port to read input from is inputB
Called postfire()
Called prefire()
Called fire()
Checking for deadlock:
There are 2 Blocked actors, 0 Stopped actors, and 4 active threads.
Waiting for actors to stop.
Called postfire()
Called prefire()
Called fire()
Checking for deadlock:
There are 3 Blocked actors, 0 Stopped actors, and 4 active threads.
Waiting for actors to stop.
Read input token from inputB with value 7.5
Checking for deadlock:
There are 2 Blocked actors, 0 Stopped actors, and 4 active threads.
Waiting for actors to stop.
Called prefire()
Called fire()
Past the end of training data. Read and discard all inputs.
Checking for deadlock:
There are 3 Blocked actors, 0 Stopped actors, and 4 active threads.
Waiting for actors to stop.
Sent output token with value 6.0
Next port to read input from is inputA
Called postfire()
Called prefire()
Called fire()
Called postfire()
Called prefire()
Called fire()
Checking for deadlock:
There are 3 Blocked actors, 0 Stopped actors, and 4 active threads.
Waiting for actors to stop.
Read input token from inputA with value 7.0
Called prefire()
Called fire()
Past the end of training data. Read and discard all inputs.
Checking for deadlock:
There are 3 Blocked actors, 0 Stopped actors, and 4 active threads.
Waiting for actors to stop.
Sent output token with value 7.0
Next port to read input from is inputA
Called postfire()
Called prefire()
Called fire()
-- Thread wrapup() called.
Called wrapup()
Thread .top.Ramp is exiting.
-- Thread stopped.
Read input token from inputA with value 8.0
Sent output token with value 7.5
Next port to read input from is inputB
Called postfire()
Called prefire()
Called fire()
Read input token from inputB with value 9.0
Checking for deadlock:
There are 1 Blocked actors, 0 Stopped actors, and 3 active threads.
Waiting for actors to stop.
Called postfire()
Called prefire()
Called fire()
Called prefire()
Called fire()
Past the end of training data. Read and discard all inputs.
Checking for deadlock:
There are 2 Blocked actors, 0 Stopped actors, and 3 active threads.
Waiting for actors to stop.
Called prefire()
Called fire()
Past the end of training data. Read and discard all inputs.
Checking for deadlock:
There are 2 Blocked actors, 0 Stopped actors, and 3 active threads.
Waiting for actors to stop.
Sent output token with value 8.0
Next port to read input from is inputA
Called postfire()
Called prefire()
Called fire()
Read input token from inputA with value 9.0
Called prefire()
Called fire()
Past the end of training data. Read and discard all inputs.
Checking for deadlock:
There are 2 Blocked actors, 0 Stopped actors, and 3 active threads.
Waiting for actors to stop.
Sent output token with value 9.0
Next port to read input from is inputB
Called postfire()
Called prefire()
Called fire()
Called postfire()
Called prefire()
Called fire()
Checking for deadlock:
There are 2 Blocked actors, 0 Stopped actors, and 3 active threads.
Waiting for actors to stop.
Read input token from inputB with value 10.5
Called prefire()
Called fire()
Past the end of training data. Read and discard all inputs.
Checking for deadlock:
There are 2 Blocked actors, 0 Stopped actors, and 3 active threads.
Waiting for actors to stop.
Sent output token with value 9.0
Next port to read input from is inputA
Called postfire()
Called prefire()
Called fire()
Checking for deadlock:
There are 3 Blocked actors, 0 Stopped actors, and 3 active threads.
Actors have stopped.
Checking for deadlock:
There are 3 Blocked actors, 0 Stopped actors, and 3 active threads.
Deadlock detected.
Resolving Deadlock
Checking for deadlock:
There are 3 Blocked actors, 0 Stopped actors, and 3 active threads.
Artificial Deadlock - increasing queue capacity.
increasing the capacity of receiver ptolemy.actor.TypedIOPort {.top.OrderedMerge.inputB} to 2
Director: Called postfire().
Called postfire().
_stopRequested = false
_stopFireRequested = false
Returning from postfire(): true
-- Thread wrapup() called.
Called wrapup()
Thread .top.Ramp2 is exiting.
-- Thread stopped.
Called fire().
Checking for deadlock:
There are 2 Blocked actors, 0 Stopped actors, and 2 active threads.
Actors have stopped.
Checking for deadlock:
There are 2 Blocked actors, 0 Stopped actors, and 2 active threads.
Deadlock detected.
Resolving Deadlock
Checking for deadlock:
There are 2 Blocked actors, 0 Stopped actors, and 2 active threads.
Deadlock detected: no processes blocked on write, but some are blocked on read.
Called postfire().
_stopRequested = false
_stopFireRequested = false
Returning from postfire(): false
Finished deactivating branches.
Called wrapup().
-- Thread wrapup() called.
Called wrapup()
Thread .top.Test is exiting.
-- Thread stopped.
-- Blocked Receiver call threw TerminateProcessException.
-- Thread wrapup() called.
Called wrapup()
Thread .top.OrderedMerge is exiting.
-- Thread stopped.
-- Blocked Receiver call threw TerminateProcessException.
83 ms. Memory: 129024K Free: 69342K (54%)
.top. Preinitializing ...
Invoking preinitialize():  .top.OrderedMerge
Called preinitialize()
Invoking preinitialize():  .top.Ramp
Called preinitialize()
Invoking preinitialize():  .top.Ramp2
Called preinitialize()
Invoking preinitialize():  .top.Test
Called preinitialize()
.top. Finished preinitialize().
Called initialize().
Invoking initialize():  .top.OrderedMerge
Initializing actor: .top.OrderedMerge
Adding a thread: .top.OrderedMerge
Invoking initialize():  .top.Ramp
Initializing actor: .top.Ramp
Adding a thread: .top.Ramp
Invoking initialize():  .top.Ramp2
Initializing actor: .top.Ramp2
Adding a thread: .top.Ramp2
Invoking initialize():  .top.Test
Initializing actor: .top.Test
Adding a thread: .top.Test
-- Starting thread.
Called initialize()
Called prefire()
Called fire()
-- Starting thread.
Called initialize()
Called prefire()
Called fire()
Called postfire()
Called prefire()
Called fire()
-- Starting thread.
Called initialize()
Called prefire()
Called fire()
Called postfire()
Called prefire()
Called fire()
Called fire().
Checking for deadlock:
There are 3 Blocked actors, 0 Stopped actors, and 4 active threads.
Waiting for actors to stop.
-- Starting thread.
Called initialize()
Called prefire()
Called fire()
Called postfire()
Called prefire()
Read input token from inputA with value 0.0
Checking for deadlock:
There are 2 Blocked actors, 0 Stopped actors, and 4 active threads.
Waiting for actors to stop.
Called fire()
Next port to read input from is inputB
Called postfire()
Called prefire()
Called fire()
Read input token from inputB with value 0.0
Sent output token with value 0.0
Next port to read input from is inputA
Called postfire()
Called prefire()
Called fire()
Read input token from inputA with value 1.0
Checking for deadlock:
There are 1 Blocked actors, 0 Stopped actors, and 4 active threads.
Waiting for actors to stop.
Called postfire()
Called prefire()
Called fire()
-- Read input: 0.0, which is expected to match: 0.0
Called prefire()
Called fire()
Called postfire()
Called prefire()
Called fire()
Sent output token with value 0.0
Next port to read input from is inputB
Called postfire()
Called prefire()
Called fire()
Read input token from inputB with value 1.5
-- Read input: 0.0, which is expected to match: 0.0
Called prefire()
Called fire()
Checking for deadlock:
There are 2 Blocked actors, 0 Stopped actors, and 4 active threads.
Waiting for actors to stop.
Sent output token with value 1.0
Next port to read input from is inputA
Called postfire()
Called prefire()
Called fire()
Read input token from inputA with value 2.0
Checking for deadlock:
There are 1 Blocked actors, 0 Stopped actors, and 4 active threads.
Waiting for actors to stop.
Called postfire()
Called prefire()
Called fire()
-- Read input: 1.0, which is expected to match: 1.0
Called prefire()
Called fire()
Called postfire()
Called prefire()
Called fire()
Checking for deadlock:
There are 3 Blocked actors, 0 Stopped actors, and 4 active threads.
Waiting for actors to stop.
Sent output token with value 1.5
Next port to read input from is inputB
Called postfire()
Called prefire()
Called fire()
Read input token from inputB with value 3.0
Checking for deadlock:
There are 1 Blocked actors, 0 Stopped actors, and 4 active threads.
Waiting for actors to stop.
-- Read input: 1.5, which is expected to match: 1.5
Called prefire()
Called fire()
Checking for deadlock:
Called postfire()
There are 2 Blocked actors, 0 Stopped actors, and 4 active threads.
Called prefire()
Waiting for actors to stop.
Called fire()
Checking for deadlock:
There are 3 Blocked actors, 0 Stopped actors, and 4 active threads.
Waiting for actors to stop.
Sent output token with value 2.0
Next port to read input from is inputA
Called postfire()
Called prefire()
Called fire()
Read input token from inputA with value 3.0
Called postfire()
Called prefire()
Called fire()
-- Read input: 2.0, which is expected to match: 2.0
Checking for deadlock:
Called prefire()
Called fire()
There are 2 Blocked actors, 0 Stopped actors, and 4 active threads.
Waiting for actors to stop.
Sent output token with value 3.0
Next port to read input from is inputB
Called postfire()
Called prefire()
Called fire()
Read input token from inputB with value 4.5
Checking for deadlock:
There are 2 Blocked actors, 0 Stopped actors, and 4 active threads.
Waiting for actors to stop.
-- Read input: 3.0, which is expected to match: 3.0
Called prefire()
Called fire()
Called postfire()
Checking for deadlock:
Called prefire()
There are 2 Blocked actors, 0 Stopped actors, and 4 active threads.
Waiting for actors to stop.
Called fire()
Checking for deadlock:
There are 3 Blocked actors, 0 Stopped actors, and 4 active threads.
Waiting for actors to stop.
Sent output token with value 3.0
Next port to read input from is inputA
Called postfire()
Called prefire()
Called fire()
Read input token from inputA with value 4.0
Called postfire()
Called prefire()
Called fire()
-- Read input: 3.0, which is expected to match: 3.0
Called prefire()
Called fire()
Checking for deadlock:
There are 3 Blocked actors, 0 Stopped actors, and 4 active threads.
Waiting for actors to stop.
Sent output token with value 4.0
Next port to read input from is inputA
Called postfire()
Called prefire()
Called fire()
Read input token from inputA with value 5.0
Checking for deadlock:
There are 2 Blocked actors, 0 Stopped actors, and 4 active threads.
Waiting for actors to stop.
Called postfire()
Called prefire()
-- Read input: 4.0, which is expected to match: 4.0
Called fire()
Called prefire()
Called fire()
Past the end of training data. Read and discard all inputs.
Checking for deadlock:
There are 3 Blocked actors, 0 Stopped actors, and 4 active threads.
Waiting for actors to stop.
Sent output token with value 4.5
Next port to read input from is inputB
Called postfire()
Called prefire()
Called fire()
Read input token from inputB with value 6.0
Called prefire()
Called fire()
Past the end of training data. Read and discard all inputs.
Called postfire()
Called prefire()
Called fire()
Checking for deadlock:
There are 3 Blocked actors, 0 Stopped actors, and 4 active threads.
Waiting for actors to stop.
Sent output token with value 5.0
Next port to read input from is inputA
Called postfire()
Called prefire()
Called fire()
Read input token from inputA with value 6.0
Called postfire()
Called prefire()
Called prefire()
Checking for deadlock:
There are 1 Blocked actors, 0 Stopped actors, and 4 active threads.
Waiting for actors to stop.
Called fire()
Called fire()
Checking for deadlock:
Past the end of training data. Read and discard all inputs.
There are 2 Blocked actors, 0 Stopped actors, and 4 active threads.
Waiting for actors to stop.
Sent output token with value 6.0
Next port to read input from is inputB
Called postfire()
Called prefire()
Called fire()
Read input token from inputB with value 7.5
Called prefire()
Called fire()
Past the end of training data. Read and discard all inputs.
Called postfire()
Called prefire()
Called fire()
Checking for deadlock:
There are 3 Blocked actors, 0 Stopped actors, and 4 active threads.
Waiting for actors to stop.
Sent output token with value 6.0
Next port to read input from is inputA
Called postfire()
Called prefire()
Called fire()
Read input token from inputA with value 7.0
Called prefire()
Called fire()
Past the end of training data. Read and discard all inputs.
Checking for deadlock:
There are 1 Blocked actors, 0 Stopped actors, and 4 active threads.
Waiting for actors to stop.
Called postfire()
Called prefire()
Called fire()
Sent output token with value 7.0
Next port to read input from is inputA
Called postfire()
Called prefire()
Called fire()
Read input token from inputA with value 8.0
Checking for deadlock:
There are 2 Blocked actors, 0 Stopped actors, and 4 active threads.
Waiting for actors to stop.
Called prefire()
Called fire()
-- Thread wrapup() called.
Called wrapup()
Thread .top.Ramp is exiting.
Sent output token with value 7.5
Next port to read input from is inputB
Called postfire()
Called prefire()
Called fire()
Read input token from inputB with value 9.0
Checking for deadlock:
Past the end of training data. Read and discard all inputs.
There are 1 Blocked actors, 0 Stopped actors, and 3 active threads.
Waiting for actors to stop.
-- Thread stopped.
Called prefire()
Called fire()
Past the end of training data. Read and discard all inputs.
Called postfire()
Called prefire()
Called fire()
Checking for deadlock:
There are 2 Blocked actors, 0 Stopped actors, and 3 active threads.
Waiting for actors to stop.
Sent output token with value 8.0
Next port to read input from is inputA
Called postfire()
Called prefire()
Called fire()
Read input token from inputA with value 9.0
Checking for deadlock:
Called prefire()
Called fire()
Past the end of training data. Read and discard all inputs.
There are 1 Blocked actors, 0 Stopped actors, and 3 active threads.
Waiting for actors to stop.
Sent output token with value 9.0
Next port to read input from is inputB
Called postfire()
Called prefire()
Called fire()
Read input token from inputB with value 10.5
Checking for deadlock:
There are 1 Blocked actors, 0 Stopped actors, and 3 active threads.
Waiting for actors to stop.
Called postfire()
Called prefire()
Called fire()
Checking for deadlock:
Called prefire()
Called fire()
There are 1 Blocked actors, 0 Stopped actors, and 3 active threads.
Past the end of training data. Read and discard all inputs.
Waiting for actors to stop.
Sent output token with value 9.0
Next port to read input from is inputA
Called postfire()
Called prefire()
Called fire()
Called prefire()
Called fire()
Past the end of training data. Read and discard all inputs.
Checking for deadlock:
There are 3 Blocked actors, 0 Stopped actors, and 3 active threads.
Actors have stopped.
Checking for deadlock:
There are 3 Blocked actors, 0 Stopped actors, and 3 active threads.
Deadlock detected.
Resolving Deadlock
Checking for deadlock:
There are 3 Blocked actors, 0 Stopped actors, and 3 active threads.
Artificial Deadlock - increasing queue capacity.
increasing the capacity of receiver ptolemy.actor.TypedIOPort {.top.OrderedMerge.inputB} to 2
Director: Called postfire().
Called postfire().
_stopRequested = false
_stopFireRequested = false
Returning from postfire(): true
-- Thread wrapup() called.
Called fire().
Checking for deadlock:
There are 2 Blocked actors, 0 Stopped actors, and 3 active threads.
Called wrapup()
Waiting for actors to stop.
Thread .top.Ramp2 is exiting.
-- Thread stopped.
Checking for deadlock:
There are 2 Blocked actors, 0 Stopped actors, and 2 active threads.
Actors have stopped.
Checking for deadlock:
There are 2 Blocked actors, 0 Stopped actors, and 2 active threads.
Deadlock detected.
Resolving Deadlock
Checking for deadlock:
There are 2 Blocked actors, 0 Stopped actors, and 2 active threads.
Deadlock detected: no processes blocked on write, but some are blocked on read.
Called postfire().
_stopRequested = false
_stopFireRequested = false
Returning from postfire(): false
Finished deactivating branches.
Called wrapup().
-- Thread wrapup() called.
Called wrapup()
Thread .top.OrderedMerge is exiting.
-- Thread stopped.
-- Blocked Receiver call threw TerminateProcessException.
-- Thread wrapup() called.
Called wrapup()
Thread .top.Test is exiting.
-- Thread stopped.
-- Blocked Receiver call threw TerminateProcessException.
56 ms. Memory: 129024K Free: 66784K (52%)
/home/travis/build/icyphy/ptII/ptolemy/actor/lib/test/Publisher.tcl
17 ms. Memory: 129024K Free: 60640K (47%)
7 ms. Memory: 129024K Free: 55520K (43%)
2 ms. Memory: 129024K Free: 51424K (40%)
6 ms. Memory: 129024K Free: 50896K (39%)
7 ms. Memory: 129024K Free: 49872K (39%)
11 ms. Memory: 129024K Free: 112295K (87%)
3 ms. Memory: 129024K Free: 111785K (87%)
2 ms. Memory: 129024K Free: 110761K (86%)
17 ms. Memory: 155648K Free: 129551K (83%)
6 ms. Memory: 155648K Free: 125455K (81%)
5 ms. Memory: 155648K Free: 124945K (80%)
5 ms. Memory: 155648K Free: 122897K (79%)
14 ms. Memory: 155648K Free: 115215K (74%)
16 ms. Memory: 155648K Free: 105489K (68%)
14 ms. Memory: 155648K Free: 94720K (61%)
/home/travis/build/icyphy/ptII/ptolemy/actor/lib/test/Pulse.tcl
2 ms. Memory: 155648K Free: 117422K (75%)
2 ms. Memory: 155648K Free: 116927K (75%)
2 ms. Memory: 155648K Free: 116413K (75%)
2 ms. Memory: 155648K Free: 115903K (74%)
1 ms. Memory: 155648K Free: 115389K (74%)
5 ms. Memory: 155648K Free: 114365K (73%)
2 ms. Memory: 155648K Free: 113334K (73%)
2 ms. Memory: 155648K Free: 112831K (72%)
1 ms. Memory: 155648K Free: 111807K (72%)
/home/travis/build/icyphy/ptII/ptolemy/actor/lib/test/Ramp.tcl
2 ms. Memory: 155648K Free: 109759K (71%)
6 ms. Memory: 155648K Free: 109230K (70%)
2 ms. Memory: 155648K Free: 108735K (70%)
2 ms. Memory: 155648K Free: 107711K (69%)
5 ms. Memory: 155648K Free: 107197K (69%)
9 ms. Memory: 155648K Free: 106166K (68%)
8 ms. Memory: 155648K Free: 105149K (68%)
5 actors
5000 microseconds per iteration to create
10 ms. Memory: 155648K Free: 102589K (66%)
1 ms. Memory: 155648K Free: 101567K (65%)
1 ms. Memory: 155648K Free: 101053K (65%)
2 ms. Memory: 155648K Free: 100543K (65%)
50 actors
45000 microseconds per iteration to create
25 ms. Memory: 155648K Free: 85183K (55%)
5 ms. Memory: 155648K Free: 84159K (54%)
18 ms. Memory: 155648K Free: 83135K (53%)
6 ms. Memory: 155648K Free: 82111K (53%)
500 actors
1571000 microseconds per iteration to create
262 ms. Memory: 187392K Free: 153555K (82%)
46 ms. Memory: 187392K Free: 148435K (79%)
37 ms. Memory: 187392K Free: 143315K (76%)
36 ms. Memory: 187392K Free: 138195K (74%)
/home/travis/build/icyphy/ptII/ptolemy/actor/lib/test/RampContinuous.tcl
9 ms. Memory: 187392K Free: 136627K (73%)
/home/travis/build/icyphy/ptII/ptolemy/actor/lib/test/RecordAssembler.tcl
5 ms. Memory: 187392K Free: 135123K (72%)
3 ms. Memory: 187392K Free: 134099K (72%)
/home/travis/build/icyphy/ptII/ptolemy/actor/lib/test/RecordDisassembler.tcl
16 ms. Memory: 187392K Free: 132051K (70%)
3 ms. Memory: 187392K Free: 131523K (70%)
4 ms. Memory: 187392K Free: 130499K (70%)
/home/travis/build/icyphy/ptII/ptolemy/actor/lib/test/Scale.tcl
3 ms. Memory: 187392K Free: 128451K (69%)
2 ms. Memory: 187392K Free: 127955K (68%)
1 ms. Memory: 187392K Free: 126931K (68%)
3 ms. Memory: 187392K Free: 125907K (67%)
2 ms. Memory: 187392K Free: 125379K (67%)
/home/travis/build/icyphy/ptII/ptolemy/actor/lib/test/SequentialClock.tcl
preinitializing
resolving types
initializing
executing number 1
wrapping up
idle
3 ms. Memory: 187392K Free: 123859K (66%)
Completed execution with 5 iterations
preinitializing
resolving types
initializing
executing number 1
wrapping up
idle
2 ms. Memory: 187392K Free: 123331K (66%)
Completed execution with 5 iterations
preinitializing
resolving types
initializing
executing number 1
wrapping up
idle
1 ms. Memory: 187392K Free: 122835K (66%)
Completed execution with 5 iterations
/home/travis/build/icyphy/ptII/ptolemy/actor/lib/test/SetVariable.tcl
6 ms. Memory: 187392K Free: 121267K (65%)
/home/travis/build/icyphy/ptII/ptolemy/actor/lib/test/Sinewave.tcl
/home/travis/build/icyphy/ptII/ptolemy/actor/lib/test/SubscriptionAggregator.tcl
5 ms. Memory: 187392K Free: 109523K (58%)
3 ms. Memory: 187392K Free: 109003K (58%)
1 ms. Memory: 187392K Free: 108499K (58%)
1 ms. Memory: 187392K Free: 107985K (58%)
3 ms. Memory: 187392K Free: 104403K (56%)
7 ms. Memory: 187392K Free: 102355K (55%)
...............................................................920 ms. Memory: 262144K Free: 163200K (62%)
/home/travis/build/icyphy/ptII/ptolemy/actor/lib/test/Test.tcl
 The next command will produce a warning about training mode,
   which may be ignored.
4 ms. Memory: 262144K Free: 161154K (61%)
12 ms. Memory: 262144K Free: 160626K (61%)
1 ms. Memory: 262144K Free: 159602K (61%)
2 ms. Memory: 262144K Free: 159106K (61%)
2 ms. Memory: 262144K Free: 158578K (60%)
6 ms. Memory: 262144K Free: 157554K (60%)
3 ms. Memory: 262144K Free: 156034K (60%)
 The next command will produce a warning about training mode,
   which may be ignored.
6 ms. Memory: 262144K Free: 153986K (59%)
 The next command will produce a warning about training mode,
   which may be ignored.
3 ms. Memory: 262144K Free: 152434K (58%)
1 ms. Memory: 262144K Free: 151938K (58%)
1 ms. Memory: 262144K Free: 151424K (58%)
3 ms. Memory: 262144K Free: 150914K (58%)
8 ms. Memory: 262144K Free: 149890K (57%)
4 ms. Memory: 262144K Free: 146290K (56%)
/home/travis/build/icyphy/ptII/ptolemy/actor/lib/test/TestExceptionHandler.tcl
 The next command will produce a warning about training mode,
   which may be ignored.
3 ms. Memory: 262144K Free: 145274K (55%)
1 ms. Memory: 262144K Free: 144754K (55%)
1 ms. Memory: 262144K Free: 144210K (55%)
/home/travis/build/icyphy/ptII/ptolemy/actor/lib/test/UnionDisassembler.tcl
29 ms. Memory: 262144K Free: 136578K (52%)
/home/travis/build/icyphy/ptII/ptolemy/actor/lib/test/VariableClock.tcl
preinitializing
resolving types
initializing
executing number 1
wrapping up
idle
9 ms. Memory: 262144K Free: 134530K (51%)
Completed execution with 11 iterations
preinitializing
resolving types
initializing
executing number 1
wrapping up
idle
3 ms. Memory: 262144K Free: 132978K (51%)
Completed execution with 10 iterations
07/06/20 03:01:37
Failed: 0  Total Tests: 233  ((Passed: 233, Newly Passed: 0)  Known Failed: 0) /home/travis/build/icyphy/ptII/ptolemy/actor/lib/test
----------------- testing (KnownFailure) /home/travis/build/icyphy/ptII/ptolemy/actor/lib/test/auto/knownFailedTests/PublisherPortToplevelSubscriber.xml
0 ms. Memory: 262144K Free: 129920K (50%)
Known Failure: java.lang.reflect.InvocationTargetException
----------------- testing (KnownFailure) /home/travis/build/icyphy/ptII/ptolemy/actor/lib/test/auto/knownFailedTests/PublisherSubscriberPortToplevel.xml
1 ms. Memory: 262144K Free: 125824K (48%)
Known Failure: java.lang.reflect.InvocationTargetException
----------------- testing (KnownFailure) /home/travis/build/icyphy/ptII/ptolemy/actor/lib/test/auto/knownFailedTests/PublisherSubscriptionAggregatorPort.xml
1 ms. Memory: 262144K Free: 121728K (46%)
Known Failure: java.lang.reflect.InvocationTargetException
----------------- testing (KnownFailure) /home/travis/build/icyphy/ptII/ptolemy/actor/lib/test/auto/knownFailedTests/sizedarray3.xml
8 ms. Memory: 262144K Free: 117632K (45%)
Known Failure: java.lang.reflect.InvocationTargetException
No auto/linux-amd64/*.xml tests in /home/travis/build/icyphy/ptII/ptolemy/actor/lib/test
AutoTests.java: About to close Vertx.
AutoTests.java: Vertx closed.

===========================================================================================
----------------- testing Mon Jul 06 15:01:37 UTC 2020 /home/travis/build/icyphy/ptII/ptolemy/actor/lib/test/auto/AbsoluteValue.xml
----------------- Instantiating /home/travis/build/icyphy/ptII/ptolemy/actor/lib/test/auto/AbsoluteValue.xml
5 ms. Memory: 262144K Free: 94080K (36%)
----------------- Invoking toplevel() on ptolemy.moml.MoMLSimpleApplication@665c87ab
----------------- Done invoking toplevel() on ptolemy.moml.MoMLSimpleApplication@665c87ab
reloadAllAccessors: .AbsoluteValue

===========================================================================================
----------------- testing Mon Jul 06 15:01:37 UTC 2020 /home/travis/build/icyphy/ptII/ptolemy/actor/lib/test/auto/AbsoluteValue2.xml
----------------- Instantiating /home/travis/build/icyphy/ptII/ptolemy/actor/lib/test/auto/AbsoluteValue2.xml
5 ms. Memory: 262144K Free: 87426K (33%)
----------------- Invoking toplevel() on ptolemy.moml.MoMLSimpleApplication@53ac03af
----------------- Done invoking toplevel() on ptolemy.moml.MoMLSimpleApplication@53ac03af
reloadAllAccessors: .AbsoluteValue2

===========================================================================================
----------------- testing Mon Jul 06 15:01:37 UTC 2020 /home/travis/build/icyphy/ptII/ptolemy/actor/lib/test/auto/Accumulator.xml
----------------- Instantiating /home/travis/build/icyphy/ptII/ptolemy/actor/lib/test/auto/Accumulator.xml
73 ms. Memory: 262144K Free: 214439K (82%)
----------------- Invoking toplevel() on ptolemy.moml.MoMLSimpleApplication@29c272c
----------------- Done invoking toplevel() on ptolemy.moml.MoMLSimpleApplication@29c272c
reloadAllAccessors: .Accumulator

===========================================================================================
----------------- testing Mon Jul 06 15:01:37 UTC 2020 /home/travis/build/icyphy/ptII/ptolemy/actor/lib/test/auto/Accumulator2.xml
----------------- Instantiating /home/travis/build/icyphy/ptII/ptolemy/actor/lib/test/auto/Accumulator2.xml
4 ms. Memory: 262144K Free: 207799K (79%)
----------------- Invoking toplevel() on ptolemy.moml.MoMLSimpleApplication@458adbc2
----------------- Done invoking toplevel() on ptolemy.moml.MoMLSimpleApplication@458adbc2
reloadAllAccessors: .Accumulator2

===========================================================================================
----------------- testing Mon Jul 06 15:01:37 UTC 2020 /home/travis/build/icyphy/ptII/ptolemy/actor/lib/test/auto/Accumulator3.xml
----------------- Instantiating /home/travis/build/icyphy/ptII/ptolemy/actor/lib/test/auto/Accumulator3.xml
2 ms. Memory: 262144K Free: 203703K (78%)
----------------- Invoking toplevel() on ptolemy.moml.MoMLSimpleApplication@667537e0
----------------- Done invoking toplevel() on ptolemy.moml.MoMLSimpleApplication@667537e0
reloadAllAccessors: .Accumulator3

===========================================================================================
----------------- testing Mon Jul 06 15:01:37 UTC 2020 /home/travis/build/icyphy/ptII/ptolemy/actor/lib/test/auto/ArrayAppend.xml
----------------- Instantiating /home/travis/build/icyphy/ptII/ptolemy/actor/lib/test/auto/ArrayAppend.xml
5 ms. Memory: 262144K Free: 198039K (76%)
----------------- Invoking toplevel() on ptolemy.moml.MoMLSimpleApplication@1a89d021
----------------- Done invoking toplevel() on ptolemy.moml.MoMLSimpleApplication@1a89d021
reloadAllAccessors: .ArrayAppend

===========================================================================================
----------------- testing Mon Jul 06 15:01:37 UTC 2020 /home/travis/build/icyphy/ptII/ptolemy/actor/lib/test/auto/ArrayAppend2.xml
----------------- Instantiating /home/travis/build/icyphy/ptII/ptolemy/actor/lib/test/auto/ArrayAppend2.xml
228 ms. Memory: 262144K Free: 138675K (53%)
----------------- Invoking toplevel() on ptolemy.moml.MoMLSimpleApplication@18cab961
----------------- Done invoking toplevel() on ptolemy.moml.MoMLSimpleApplication@18cab961
reloadAllAccessors: .ArrayAppend2

===========================================================================================
----------------- testing Mon Jul 06 15:01:38 UTC 2020 /home/travis/build/icyphy/ptII/ptolemy/actor/lib/test/auto/ArrayAppend3.xml
----------------- Instantiating /home/travis/build/icyphy/ptII/ptolemy/actor/lib/test/auto/ArrayAppend3.xml
3 ms. Memory: 262144K Free: 133557K (51%)
----------------- Invoking toplevel() on ptolemy.moml.MoMLSimpleApplication@4cd1d19b
----------------- Done invoking toplevel() on ptolemy.moml.MoMLSimpleApplication@4cd1d19b
reloadAllAccessors: .ArrayAppend3

===========================================================================================
----------------- testing Mon Jul 06 15:01:38 UTC 2020 /home/travis/build/icyphy/ptII/ptolemy/actor/lib/test/auto/ArrayAppend4.xml
----------------- Instantiating /home/travis/build/icyphy/ptII/ptolemy/actor/lib/test/auto/ArrayAppend4.xml
2 ms. Memory: 262144K Free: 127927K (49%)
----------------- Invoking toplevel() on ptolemy.moml.MoMLSimpleApplication@4245a56e
----------------- Done invoking toplevel() on ptolemy.moml.MoMLSimpleApplication@4245a56e
reloadAllAccessors: .ArrayAppend4

===========================================================================================
----------------- testing Mon Jul 06 15:01:38 UTC 2020 /home/travis/build/icyphy/ptII/ptolemy/actor/lib/test/auto/ArrayAppend5.xml
----------------- Instantiating /home/travis/build/icyphy/ptII/ptolemy/actor/lib/test/auto/ArrayAppend5.xml
2 ms. Memory: 262144K Free: 122807K (47%)
----------------- Invoking toplevel() on ptolemy.moml.MoMLSimpleApplication@59640231
----------------- Done invoking toplevel() on ptolemy.moml.MoMLSimpleApplication@59640231
reloadAllAccessors: .ArrayAppend5

===========================================================================================
----------------- testing Mon Jul 06 15:01:38 UTC 2020 /home/travis/build/icyphy/ptII/ptolemy/actor/lib/test/auto/ArrayAppend6.xml
----------------- Instantiating /home/travis/build/icyphy/ptII/ptolemy/actor/lib/test/auto/ArrayAppend6.xml
3 ms. Memory: 262144K Free: 117173K (45%)
----------------- Invoking toplevel() on ptolemy.moml.MoMLSimpleApplication@1a0a2a63
----------------- Done invoking toplevel() on ptolemy.moml.MoMLSimpleApplication@1a0a2a63
reloadAllAccessors: .ArrayAppend6

===========================================================================================
----------------- testing Mon Jul 06 15:01:38 UTC 2020 /home/travis/build/icyphy/ptII/ptolemy/actor/lib/test/auto/ArrayAppendPerformanceTest.xml
----------------- Instantiating /home/travis/build/icyphy/ptII/ptolemy/actor/lib/test/auto/ArrayAppendPerformanceTest.xml
22 ms. Memory: 262144K Free: 106423K (41%)
----------------- Invoking toplevel() on ptolemy.moml.MoMLSimpleApplication@152d16da
----------------- Done invoking toplevel() on ptolemy.moml.MoMLSimpleApplication@152d16da
reloadAllAccessors: .ArrayAppendPerformanceTest

===========================================================================================
----------------- testing Mon Jul 06 15:01:38 UTC 2020 /home/travis/build/icyphy/ptII/ptolemy/actor/lib/test/auto/ArrayAppendWithEmptyInput.xml
----------------- Instantiating /home/travis/build/icyphy/ptII/ptolemy/actor/lib/test/auto/ArrayAppendWithEmptyInput.xml
7 ms. Memory: 262144K Free: 98741K (38%)
----------------- Invoking toplevel() on ptolemy.moml.MoMLSimpleApplication@45a49c5a
----------------- Done invoking toplevel() on ptolemy.moml.MoMLSimpleApplication@45a49c5a
reloadAllAccessors: .ArrayAppendWithEmptyInput

===========================================================================================
----------------- testing Mon Jul 06 15:01:38 UTC 2020 /home/travis/build/icyphy/ptII/ptolemy/actor/lib/test/auto/ArrayAverage.xml
----------------- Instantiating /home/travis/build/icyphy/ptII/ptolemy/actor/lib/test/auto/ArrayAverage.xml
11 ms. Memory: 262144K Free: 90549K (35%)
----------------- Invoking toplevel() on ptolemy.moml.MoMLSimpleApplication@bde57a3
----------------- Done invoking toplevel() on ptolemy.moml.MoMLSimpleApplication@bde57a3
reloadAllAccessors: .ArrayAverage

===========================================================================================
----------------- testing Mon Jul 06 15:01:38 UTC 2020 /home/travis/build/icyphy/ptII/ptolemy/actor/lib/test/auto/ArrayContains.xml
----------------- Instantiating /home/travis/build/icyphy/ptII/ptolemy/actor/lib/test/auto/ArrayContains.xml
3 ms. Memory: 262144K Free: 84919K (32%)
----------------- Invoking toplevel() on ptolemy.moml.MoMLSimpleApplication@3d982c0a
----------------- Done invoking toplevel() on ptolemy.moml.MoMLSimpleApplication@3d982c0a
reloadAllAccessors: .ArrayContains

===========================================================================================
----------------- testing Mon Jul 06 15:01:38 UTC 2020 /home/travis/build/icyphy/ptII/ptolemy/actor/lib/test/auto/ArrayElement.xml
----------------- Instantiating /home/travis/build/icyphy/ptII/ptolemy/actor/lib/test/auto/ArrayElement.xml
4 ms. Memory: 262144K Free: 78775K (30%)
----------------- Invoking toplevel() on ptolemy.moml.MoMLSimpleApplication@448a4d88
----------------- Done invoking toplevel() on ptolemy.moml.MoMLSimpleApplication@448a4d88
reloadAllAccessors: .ArrayElement

===========================================================================================
----------------- testing Mon Jul 06 15:01:38 UTC 2020 /home/travis/build/icyphy/ptII/ptolemy/actor/lib/test/auto/ArrayElementAsMatrix.xml
----------------- Instantiating /home/travis/build/icyphy/ptII/ptolemy/actor/lib/test/auto/ArrayElementAsMatrix.xml
23 ms. Memory: 262144K Free: 208382K (79%)
----------------- Invoking toplevel() on ptolemy.moml.MoMLSimpleApplication@21d7bc69
----------------- Done invoking toplevel() on ptolemy.moml.MoMLSimpleApplication@21d7bc69
reloadAllAccessors: .ArrayElementAsMatrix

===========================================================================================
----------------- testing Mon Jul 06 15:01:38 UTC 2020 /home/travis/build/icyphy/ptII/ptolemy/actor/lib/test/auto/ArrayElementI.xml
----------------- Instantiating /home/travis/build/icyphy/ptII/ptolemy/actor/lib/test/auto/ArrayElementI.xml
4 ms. Memory: 262144K Free: 202752K (77%)
----------------- Invoking toplevel() on ptolemy.moml.MoMLSimpleApplication@1509cf49
----------------- Done invoking toplevel() on ptolemy.moml.MoMLSimpleApplication@1509cf49
reloadAllAccessors: .ArrayElementI

===========================================================================================
----------------- testing Mon Jul 06 15:01:38 UTC 2020 /home/travis/build/icyphy/ptII/ptolemy/actor/lib/test/auto/ArrayExtract.xml
----------------- Instantiating /home/travis/build/icyphy/ptII/ptolemy/actor/lib/test/auto/ArrayExtract.xml
5 ms. Memory: 262144K Free: 194560K (74%)
----------------- Invoking toplevel() on ptolemy.moml.MoMLSimpleApplication@77c5cca1
----------------- Done invoking toplevel() on ptolemy.moml.MoMLSimpleApplication@77c5cca1
reloadAllAccessors: .ArrayExtract

===========================================================================================
----------------- testing Mon Jul 06 15:01:38 UTC 2020 /home/travis/build/icyphy/ptII/ptolemy/actor/lib/test/auto/ArrayExtract2.xml
----------------- Instantiating /home/travis/build/icyphy/ptII/ptolemy/actor/lib/test/auto/ArrayExtract2.xml
3 ms. Memory: 262144K Free: 188911K (72%)
----------------- Invoking toplevel() on ptolemy.moml.MoMLSimpleApplication@23748e01
----------------- Done invoking toplevel() on ptolemy.moml.MoMLSimpleApplication@23748e01
reloadAllAccessors: .ArrayExtract2

===========================================================================================
----------------- testing Mon Jul 06 15:01:38 UTC 2020 /home/travis/build/icyphy/ptII/ptolemy/actor/lib/test/auto/ArrayLength.xml
----------------- Instantiating /home/travis/build/icyphy/ptII/ptolemy/actor/lib/test/auto/ArrayLength.xml
3 ms. Memory: 262144K Free: 185344K (71%)
----------------- Invoking toplevel() on ptolemy.moml.MoMLSimpleApplication@582cb755
----------------- Done invoking toplevel() on ptolemy.moml.MoMLSimpleApplication@582cb755
reloadAllAccessors: .ArrayLength

===========================================================================================
----------------- testing Mon Jul 06 15:01:38 UTC 2020 /home/travis/build/icyphy/ptII/ptolemy/actor/lib/test/auto/ArrayLevelCrossing.xml
----------------- Instantiating /home/travis/build/icyphy/ptII/ptolemy/actor/lib/test/auto/ArrayLevelCrossing.xml
5 ms. Memory: 262144K Free: 177152K (68%)
----------------- Invoking toplevel() on ptolemy.moml.MoMLSimpleApplication@669febe6
----------------- Done invoking toplevel() on ptolemy.moml.MoMLSimpleApplication@669febe6
reloadAllAccessors: .ArrayLevelCrossing

===========================================================================================
----------------- testing Mon Jul 06 15:01:38 UTC 2020 /home/travis/build/icyphy/ptII/ptolemy/actor/lib/test/auto/ArrayLevelCrossing2.xml
----------------- Instantiating /home/travis/build/icyphy/ptII/ptolemy/actor/lib/test/auto/ArrayLevelCrossing2.xml
3 ms. Memory: 262144K Free: 169984K (65%)
----------------- Invoking toplevel() on ptolemy.moml.MoMLSimpleApplication@159b1824
----------------- Done invoking toplevel() on ptolemy.moml.MoMLSimpleApplication@159b1824
reloadAllAccessors: .ArrayLevelCrossing2

===========================================================================================
----------------- testing Mon Jul 06 15:01:38 UTC 2020 /home/travis/build/icyphy/ptII/ptolemy/actor/lib/test/auto/ArrayPeakSearch.xml
----------------- Instantiating /home/travis/build/icyphy/ptII/ptolemy/actor/lib/test/auto/ArrayPeakSearch.xml
6 ms. Memory: 262144K Free: 160768K (61%)
----------------- Invoking toplevel() on ptolemy.moml.MoMLSimpleApplication@281a3822
----------------- Done invoking toplevel() on ptolemy.moml.MoMLSimpleApplication@281a3822
reloadAllAccessors: .ArrayPeakSearch

===========================================================================================
----------------- testing Mon Jul 06 15:01:38 UTC 2020 /home/travis/build/icyphy/ptII/ptolemy/actor/lib/test/auto/ArrayPeakSearch2.xml
----------------- Instantiating /home/travis/build/icyphy/ptII/ptolemy/actor/lib/test/auto/ArrayPeakSearch2.xml
5 ms. Memory: 262144K Free: 150528K (57%)
----------------- Invoking toplevel() on ptolemy.moml.MoMLSimpleApplication@88b36a0
----------------- Done invoking toplevel() on ptolemy.moml.MoMLSimpleApplication@88b36a0
reloadAllAccessors: .ArrayPeakSearch2

===========================================================================================
----------------- testing Mon Jul 06 15:01:38 UTC 2020 /home/travis/build/icyphy/ptII/ptolemy/actor/lib/test/auto/ArrayPeakSearch3.xml
----------------- Instantiating /home/travis/build/icyphy/ptII/ptolemy/actor/lib/test/auto/ArrayPeakSearch3.xml
4 ms. Memory: 262144K Free: 141312K (54%)
----------------- Invoking toplevel() on ptolemy.moml.MoMLSimpleApplication@6a1774c3
----------------- Done invoking toplevel() on ptolemy.moml.MoMLSimpleApplication@6a1774c3
reloadAllAccessors: .ArrayPeakSearch3

===========================================================================================
----------------- testing Mon Jul 06 15:01:39 UTC 2020 /home/travis/build/icyphy/ptII/ptolemy/actor/lib/test/auto/ArrayRemoveElement.xml
----------------- Instantiating /home/travis/build/icyphy/ptII/ptolemy/actor/lib/test/auto/ArrayRemoveElement.xml
6 ms. Memory: 262144K Free: 133630K (51%)
----------------- Invoking toplevel() on ptolemy.moml.MoMLSimpleApplication@7feebd66
----------------- Done invoking toplevel() on ptolemy.moml.MoMLSimpleApplication@7feebd66
reloadAllAccessors: .ArrayRemoveElement

===========================================================================================
----------------- testing Mon Jul 06 15:01:39 UTC 2020 /home/travis/build/icyphy/ptII/ptolemy/actor/lib/test/auto/ArraySort.xml
----------------- Instantiating /home/travis/build/icyphy/ptII/ptolemy/actor/lib/test/auto/ArraySort.xml
8 ms. Memory: 262144K Free: 124414K (47%)
----------------- Invoking toplevel() on ptolemy.moml.MoMLSimpleApplication@f3fdac1
----------------- Done invoking toplevel() on ptolemy.moml.MoMLSimpleApplication@f3fdac1
reloadAllAccessors: .ArraySort

===========================================================================================
----------------- testing Mon Jul 06 15:01:39 UTC 2020 /home/travis/build/icyphy/ptII/ptolemy/actor/lib/test/auto/ArraySum.xml
----------------- Instantiating /home/travis/build/icyphy/ptII/ptolemy/actor/lib/test/auto/ArraySum.xml
2 ms. Memory: 262144K Free: 119294K (46%)
----------------- Invoking toplevel() on ptolemy.moml.MoMLSimpleApplication@591bbe20
----------------- Done invoking toplevel() on ptolemy.moml.MoMLSimpleApplication@591bbe20
reloadAllAccessors: .ArraySum

===========================================================================================
----------------- testing Mon Jul 06 15:01:39 UTC 2020 /home/travis/build/icyphy/ptII/ptolemy/actor/lib/test/auto/ArrayToElements.xml
----------------- Instantiating /home/travis/build/icyphy/ptII/ptolemy/actor/lib/test/auto/ArrayToElements.xml
5 ms. Memory: 262144K Free: 113664K (43%)
----------------- Invoking toplevel() on ptolemy.moml.MoMLSimpleApplication@7eb68284
----------------- Done invoking toplevel() on ptolemy.moml.MoMLSimpleApplication@7eb68284
reloadAllAccessors: .ArrayToElements

===========================================================================================
----------------- testing Mon Jul 06 15:01:39 UTC 2020 /home/travis/build/icyphy/ptII/ptolemy/actor/lib/test/auto/ArrayToMatrix.xml
----------------- Instantiating /home/travis/build/icyphy/ptII/ptolemy/actor/lib/test/auto/ArrayToMatrix.xml
8 ms. Memory: 262144K Free: 99328K (38%)
----------------- Invoking toplevel() on ptolemy.moml.MoMLSimpleApplication@2f2deb62
----------------- Done invoking toplevel() on ptolemy.moml.MoMLSimpleApplication@2f2deb62
reloadAllAccessors: .ArrayToMatrix

===========================================================================================
----------------- testing Mon Jul 06 15:01:39 UTC 2020 /home/travis/build/icyphy/ptII/ptolemy/actor/lib/test/auto/ArrayUpdate1.xml
----------------- Instantiating /home/travis/build/icyphy/ptII/ptolemy/actor/lib/test/auto/ArrayUpdate1.xml
4 ms. Memory: 262144K Free: 94208K (36%)
----------------- Invoking toplevel() on ptolemy.moml.MoMLSimpleApplication@276e3734
----------------- Done invoking toplevel() on ptolemy.moml.MoMLSimpleApplication@276e3734
reloadAllAccessors: .ArrayUpdate1

===========================================================================================
----------------- testing Mon Jul 06 15:01:39 UTC 2020 /home/travis/build/icyphy/ptII/ptolemy/actor/lib/test/auto/ArrayUpdate2.xml
----------------- Instantiating /home/travis/build/icyphy/ptII/ptolemy/actor/lib/test/auto/ArrayUpdate2.xml
5 ms. Memory: 262144K Free: 88064K (34%)
----------------- Invoking toplevel() on ptolemy.moml.MoMLSimpleApplication@5b597c43
----------------- Done invoking toplevel() on ptolemy.moml.MoMLSimpleApplication@5b597c43
reloadAllAccessors: .ArrayUpdate2

===========================================================================================
----------------- testing Mon Jul 06 15:01:39 UTC 2020 /home/travis/build/icyphy/ptII/ptolemy/actor/lib/test/auto/ArrayUpdate3.xml
----------------- Instantiating /home/travis/build/icyphy/ptII/ptolemy/actor/lib/test/auto/ArrayUpdate3.xml
2 ms. Memory: 262144K Free: 82944K (32%)
----------------- Invoking toplevel() on ptolemy.moml.MoMLSimpleApplication@106c702e
----------------- Done invoking toplevel() on ptolemy.moml.MoMLSimpleApplication@106c702e
reloadAllAccessors: .ArrayUpdate3

===========================================================================================
----------------- testing Mon Jul 06 15:01:39 UTC 2020 /home/travis/build/icyphy/ptII/ptolemy/actor/lib/test/auto/Assert1.xml
----------------- Instantiating /home/travis/build/icyphy/ptII/ptolemy/actor/lib/test/auto/Assert1.xml
3 ms. Memory: 262144K Free: 78848K (30%)
----------------- Invoking toplevel() on ptolemy.moml.MoMLSimpleApplication@349552ef
----------------- Done invoking toplevel() on ptolemy.moml.MoMLSimpleApplication@349552ef
reloadAllAccessors: .Assert1

===========================================================================================
----------------- testing Mon Jul 06 15:01:39 UTC 2020 /home/travis/build/icyphy/ptII/ptolemy/actor/lib/test/auto/Assert2.xml
----------------- Instantiating /home/travis/build/icyphy/ptII/ptolemy/actor/lib/test/auto/Assert2.xml
3 ms. Memory: 262144K Free: 73214K (28%)
----------------- Invoking toplevel() on ptolemy.moml.MoMLSimpleApplication@70c9128c
----------------- Done invoking toplevel() on ptolemy.moml.MoMLSimpleApplication@70c9128c
reloadAllAccessors: .Assert2

===========================================================================================
----------------- testing Mon Jul 06 15:01:39 UTC 2020 /home/travis/build/icyphy/ptII/ptolemy/actor/lib/test/auto/BooleanMultiplexor.xml
----------------- Instantiating /home/travis/build/icyphy/ptII/ptolemy/actor/lib/test/auto/BooleanMultiplexor.xml
2 ms. Memory: 262144K Free: 68079K (26%)
----------------- Invoking toplevel() on ptolemy.moml.MoMLSimpleApplication@50778b13
----------------- Done invoking toplevel() on ptolemy.moml.MoMLSimpleApplication@50778b13
reloadAllAccessors: .BooleanMultiplexor

===========================================================================================
----------------- testing Mon Jul 06 15:01:39 UTC 2020 /home/travis/build/icyphy/ptII/ptolemy/actor/lib/test/auto/BooleanMultiplexor2.xml
----------------- Instantiating /home/travis/build/icyphy/ptII/ptolemy/actor/lib/test/auto/BooleanMultiplexor2.xml
14 ms. Memory: 478208K Free: 423936K (89%)
----------------- Invoking toplevel() on ptolemy.moml.MoMLSimpleApplication@56931e72
----------------- Done invoking toplevel() on ptolemy.moml.MoMLSimpleApplication@56931e72
reloadAllAccessors: .BooleanMultiplexor2

===========================================================================================
----------------- testing Mon Jul 06 15:01:39 UTC 2020 /home/travis/build/icyphy/ptII/ptolemy/actor/lib/test/auto/BooleanMultiplexor3.xml
----------------- Instantiating /home/travis/build/icyphy/ptII/ptolemy/actor/lib/test/auto/BooleanMultiplexor3.xml
1 ms. Memory: 478208K Free: 420350K (88%)
----------------- Invoking toplevel() on ptolemy.moml.MoMLSimpleApplication@37f62086
----------------- Done invoking toplevel() on ptolemy.moml.MoMLSimpleApplication@37f62086
reloadAllAccessors: .BooleanMultiplexor3

===========================================================================================
----------------- testing Mon Jul 06 15:01:39 UTC 2020 /home/travis/build/icyphy/ptII/ptolemy/actor/lib/test/auto/BooleanSelect.xml
----------------- Instantiating /home/travis/build/icyphy/ptII/ptolemy/actor/lib/test/auto/BooleanSelect.xml
3 ms. Memory: 478208K Free: 414175K (87%)
----------------- Invoking toplevel() on ptolemy.moml.MoMLSimpleApplication@6a3248c2
----------------- Done invoking toplevel() on ptolemy.moml.MoMLSimpleApplication@6a3248c2
reloadAllAccessors: .BooleanSelect

===========================================================================================
----------------- testing Mon Jul 06 15:01:39 UTC 2020 /home/travis/build/icyphy/ptII/ptolemy/actor/lib/test/auto/BooleanSelect2.xml
----------------- Instantiating /home/travis/build/icyphy/ptII/ptolemy/actor/lib/test/auto/BooleanSelect2.xml
1 ms. Memory: 478208K Free: 410110K (86%)
----------------- Invoking toplevel() on ptolemy.moml.MoMLSimpleApplication@2ebe0702
----------------- Done invoking toplevel() on ptolemy.moml.MoMLSimpleApplication@2ebe0702
reloadAllAccessors: .BooleanSelect2

===========================================================================================
----------------- testing Mon Jul 06 15:01:39 UTC 2020 /home/travis/build/icyphy/ptII/ptolemy/actor/lib/test/auto/BooleanSwitch.xml
----------------- Instantiating /home/travis/build/icyphy/ptII/ptolemy/actor/lib/test/auto/BooleanSwitch.xml
5 ms. Memory: 478208K Free: 403966K (84%)
----------------- Invoking toplevel() on ptolemy.moml.MoMLSimpleApplication@7ed1ca15
----------------- Done invoking toplevel() on ptolemy.moml.MoMLSimpleApplication@7ed1ca15
reloadAllAccessors: .BooleanSwitch

===========================================================================================
----------------- testing Mon Jul 06 15:01:39 UTC 2020 /home/travis/build/icyphy/ptII/ptolemy/actor/lib/test/auto/BooleanSwitch2.xml
----------------- Instantiating /home/travis/build/icyphy/ptII/ptolemy/actor/lib/test/auto/BooleanSwitch2.xml
2 ms. Memory: 478208K Free: 399870K (84%)
----------------- Invoking toplevel() on ptolemy.moml.MoMLSimpleApplication@3997afc1
----------------- Done invoking toplevel() on ptolemy.moml.MoMLSimpleApplication@3997afc1
reloadAllAccessors: .BooleanSwitch2

===========================================================================================
----------------- testing Mon Jul 06 15:01:39 UTC 2020 /home/travis/build/icyphy/ptII/ptolemy/actor/lib/test/auto/BooleanSwitchCloningBugWithClassRelationGroup.xml
----------------- Instantiating /home/travis/build/icyphy/ptII/ptolemy/actor/lib/test/auto/BooleanSwitchCloningBugWithClassRelationGroup.xml
4 ms. Memory: 478208K Free: 393216K (82%)
----------------- Invoking toplevel() on ptolemy.moml.MoMLSimpleApplication@5bb49ef1
----------------- Done invoking toplevel() on ptolemy.moml.MoMLSimpleApplication@5bb49ef1
reloadAllAccessors: .BooleanSwitchCloningBugWithClassRelationGroup

===========================================================================================
----------------- testing Mon Jul 06 15:01:39 UTC 2020 /home/travis/build/icyphy/ptII/ptolemy/actor/lib/test/auto/BusActors.xml
----------------- Instantiating /home/travis/build/icyphy/ptII/ptolemy/actor/lib/test/auto/BusActors.xml
8 ms. Memory: 478208K Free: 385534K (81%)
----------------- Invoking toplevel() on ptolemy.moml.MoMLSimpleApplication@2f646348
----------------- Done invoking toplevel() on ptolemy.moml.MoMLSimpleApplication@2f646348
reloadAllAccessors: .BusActors

===========================================================================================
----------------- testing Mon Jul 06 15:01:39 UTC 2020 /home/travis/build/icyphy/ptII/ptolemy/actor/lib/test/auto/ClassWrapper.xml
----------------- Instantiating /home/travis/build/icyphy/ptII/ptolemy/actor/lib/test/auto/ClassWrapper.xml
3 ms. Memory: 478208K Free: 380928K (80%)
----------------- Invoking toplevel() on ptolemy.moml.MoMLSimpleApplication@1f8643f4
----------------- Done invoking toplevel() on ptolemy.moml.MoMLSimpleApplication@1f8643f4
reloadAllAccessors: .ClassWrapper

===========================================================================================
----------------- testing Mon Jul 06 15:01:39 UTC 2020 /home/travis/build/icyphy/ptII/ptolemy/actor/lib/test/auto/Clock.xml
----------------- Instantiating /home/travis/build/icyphy/ptII/ptolemy/actor/lib/test/auto/Clock.xml
1 ms. Memory: 478208K Free: 377342K (79%)
----------------- Invoking toplevel() on ptolemy.moml.MoMLSimpleApplication@130fa4fd
----------------- Done invoking toplevel() on ptolemy.moml.MoMLSimpleApplication@130fa4fd
reloadAllAccessors: .Clock

===========================================================================================
----------------- testing Mon Jul 06 15:01:39 UTC 2020 /home/travis/build/icyphy/ptII/ptolemy/actor/lib/test/auto/Clock10.xml
----------------- Instantiating /home/travis/build/icyphy/ptII/ptolemy/actor/lib/test/auto/Clock10.xml
3 ms. Memory: 478208K Free: 371198K (78%)
----------------- Invoking toplevel() on ptolemy.moml.MoMLSimpleApplication@24ee2ea1
----------------- Done invoking toplevel() on ptolemy.moml.MoMLSimpleApplication@24ee2ea1
reloadAllAccessors: .Clock10

===========================================================================================
----------------- testing Mon Jul 06 15:01:39 UTC 2020 /home/travis/build/icyphy/ptII/ptolemy/actor/lib/test/auto/Clock11.xml
----------------- Instantiating /home/travis/build/icyphy/ptII/ptolemy/actor/lib/test/auto/Clock11.xml
5 ms. Memory: 478208K Free: 365568K (76%)
----------------- Invoking toplevel() on ptolemy.moml.MoMLSimpleApplication@34565297
----------------- Done invoking toplevel() on ptolemy.moml.MoMLSimpleApplication@34565297
reloadAllAccessors: .Clock11

===========================================================================================
----------------- testing Mon Jul 06 15:01:39 UTC 2020 /home/travis/build/icyphy/ptII/ptolemy/actor/lib/test/auto/Clock12.xml
----------------- Instantiating /home/travis/build/icyphy/ptII/ptolemy/actor/lib/test/auto/Clock12.xml
4 ms. Memory: 478208K Free: 359424K (75%)
----------------- Invoking toplevel() on ptolemy.moml.MoMLSimpleApplication@76b92c6c
----------------- Done invoking toplevel() on ptolemy.moml.MoMLSimpleApplication@76b92c6c
reloadAllAccessors: .Clock12

===========================================================================================
----------------- testing Mon Jul 06 15:01:39 UTC 2020 /home/travis/build/icyphy/ptII/ptolemy/actor/lib/test/auto/Clock13.xml
----------------- Instantiating /home/travis/build/icyphy/ptII/ptolemy/actor/lib/test/auto/Clock13.xml
6 ms. Memory: 478208K Free: 353783K (74%)
----------------- Invoking toplevel() on ptolemy.moml.MoMLSimpleApplication@578ff9a3
----------------- Done invoking toplevel() on ptolemy.moml.MoMLSimpleApplication@578ff9a3
reloadAllAccessors: .Clock13

===========================================================================================
----------------- testing Mon Jul 06 15:01:39 UTC 2020 /home/travis/build/icyphy/ptII/ptolemy/actor/lib/test/auto/Clock14.xml
----------------- Instantiating /home/travis/build/icyphy/ptII/ptolemy/actor/lib/test/auto/Clock14.xml
5 ms. Memory: 478208K Free: 347639K (73%)
----------------- Invoking toplevel() on ptolemy.moml.MoMLSimpleApplication@e355f8e
----------------- Done invoking toplevel() on ptolemy.moml.MoMLSimpleApplication@e355f8e
reloadAllAccessors: .Clock14

===========================================================================================
----------------- testing Mon Jul 06 15:01:39 UTC 2020 /home/travis/build/icyphy/ptII/ptolemy/actor/lib/test/auto/Clock15.xml
----------------- Instantiating /home/travis/build/icyphy/ptII/ptolemy/actor/lib/test/auto/Clock15.xml
4 ms. Memory: 478208K Free: 341495K (71%)
----------------- Invoking toplevel() on ptolemy.moml.MoMLSimpleApplication@57b10702
----------------- Done invoking toplevel() on ptolemy.moml.MoMLSimpleApplication@57b10702
reloadAllAccessors: .Clock15

===========================================================================================
----------------- testing Mon Jul 06 15:01:39 UTC 2020 /home/travis/build/icyphy/ptII/ptolemy/actor/lib/test/auto/Clock16.xml
----------------- Instantiating /home/travis/build/icyphy/ptII/ptolemy/actor/lib/test/auto/Clock16.xml
42 ms. Memory: 478208K Free: 327151K (68%)
----------------- Invoking toplevel() on ptolemy.moml.MoMLSimpleApplication@6c72c407
----------------- Done invoking toplevel() on ptolemy.moml.MoMLSimpleApplication@6c72c407
reloadAllAccessors: .Clock16

===========================================================================================
----------------- testing Mon Jul 06 15:01:39 UTC 2020 /home/travis/build/icyphy/ptII/ptolemy/actor/lib/test/auto/Clock17.xml
----------------- Instantiating /home/travis/build/icyphy/ptII/ptolemy/actor/lib/test/auto/Clock17.xml
25 ms. Memory: 478208K Free: 312815K (65%)
----------------- Invoking toplevel() on ptolemy.moml.MoMLSimpleApplication@6e49512c
----------------- Done invoking toplevel() on ptolemy.moml.MoMLSimpleApplication@6e49512c
reloadAllAccessors: .Clock17

===========================================================================================
----------------- testing Mon Jul 06 15:01:40 UTC 2020 /home/travis/build/icyphy/ptII/ptolemy/actor/lib/test/auto/Clock18.xml
----------------- Instantiating /home/travis/build/icyphy/ptII/ptolemy/actor/lib/test/auto/Clock18.xml
27 ms. Memory: 478208K Free: 300032K (63%)
----------------- Invoking toplevel() on ptolemy.moml.MoMLSimpleApplication@8a2cc08
----------------- Done invoking toplevel() on ptolemy.moml.MoMLSimpleApplication@8a2cc08
reloadAllAccessors: .Clock18

===========================================================================================
----------------- testing Mon Jul 06 15:01:40 UTC 2020 /home/travis/build/icyphy/ptII/ptolemy/actor/lib/test/auto/Clock19.xml
----------------- Instantiating /home/travis/build/icyphy/ptII/ptolemy/actor/lib/test/auto/Clock19.xml
14 ms. Memory: 478208K Free: 286720K (60%)
----------------- Invoking toplevel() on ptolemy.moml.MoMLSimpleApplication@6aa72685
----------------- Done invoking toplevel() on ptolemy.moml.MoMLSimpleApplication@6aa72685
reloadAllAccessors: .Clock19

===========================================================================================
----------------- testing Mon Jul 06 15:01:40 UTC 2020 /home/travis/build/icyphy/ptII/ptolemy/actor/lib/test/auto/Clock2.xml
----------------- Instantiating /home/travis/build/icyphy/ptII/ptolemy/actor/lib/test/auto/Clock2.xml
6 ms. Memory: 478208K Free: 282079K (59%)
----------------- Invoking toplevel() on ptolemy.moml.MoMLSimpleApplication@26e7bce4
----------------- Done invoking toplevel() on ptolemy.moml.MoMLSimpleApplication@26e7bce4
reloadAllAccessors: .Clock2

===========================================================================================
----------------- testing Mon Jul 06 15:01:40 UTC 2020 /home/travis/build/icyphy/ptII/ptolemy/actor/lib/test/auto/Clock20.xml
----------------- Instantiating /home/travis/build/icyphy/ptII/ptolemy/actor/lib/test/auto/Clock20.xml
10 ms. Memory: 478208K Free: 276478K (58%)
----------------- Invoking toplevel() on ptolemy.moml.MoMLSimpleApplication@226b6838
----------------- Done invoking toplevel() on ptolemy.moml.MoMLSimpleApplication@226b6838
reloadAllAccessors: .Clock20

===========================================================================================
----------------- testing Mon Jul 06 15:01:40 UTC 2020 /home/travis/build/icyphy/ptII/ptolemy/actor/lib/test/auto/Clock21.xml
----------------- Instantiating /home/travis/build/icyphy/ptII/ptolemy/actor/lib/test/auto/Clock21.xml
5 ms. Memory: 478208K Free: 270336K (57%)
----------------- Invoking toplevel() on ptolemy.moml.MoMLSimpleApplication@6dd6eb55
----------------- Done invoking toplevel() on ptolemy.moml.MoMLSimpleApplication@6dd6eb55
reloadAllAccessors: .Clock21

===========================================================================================
----------------- testing Mon Jul 06 15:01:40 UTC 2020 /home/travis/build/icyphy/ptII/ptolemy/actor/lib/test/auto/Clock22.xml
----------------- Instantiating /home/travis/build/icyphy/ptII/ptolemy/actor/lib/test/auto/Clock22.xml
6 ms. Memory: 478208K Free: 265216K (55%)
----------------- Invoking toplevel() on ptolemy.moml.MoMLSimpleApplication@5e9a9513
----------------- Done invoking toplevel() on ptolemy.moml.MoMLSimpleApplication@5e9a9513
reloadAllAccessors: .Clock22

===========================================================================================
----------------- testing Mon Jul 06 15:01:40 UTC 2020 /home/travis/build/icyphy/ptII/ptolemy/actor/lib/test/auto/Clock23.xml
----------------- Instantiating /home/travis/build/icyphy/ptII/ptolemy/actor/lib/test/auto/Clock23.xml
3 ms. Memory: 478208K Free: 259582K (54%)
----------------- Invoking toplevel() on ptolemy.moml.MoMLSimpleApplication@746f1a89
----------------- Done invoking toplevel() on ptolemy.moml.MoMLSimpleApplication@746f1a89
reloadAllAccessors: .Clock23

===========================================================================================
----------------- testing Mon Jul 06 15:01:40 UTC 2020 /home/travis/build/icyphy/ptII/ptolemy/actor/lib/test/auto/Clock24.xml
----------------- Instantiating /home/travis/build/icyphy/ptII/ptolemy/actor/lib/test/auto/Clock24.xml
3 ms. Memory: 478208K Free: 254462K (53%)
----------------- Invoking toplevel() on ptolemy.moml.MoMLSimpleApplication@50dc00ab
----------------- Done invoking toplevel() on ptolemy.moml.MoMLSimpleApplication@50dc00ab
reloadAllAccessors: .Clock24

===========================================================================================
----------------- testing Mon Jul 06 15:01:40 UTC 2020 /home/travis/build/icyphy/ptII/ptolemy/actor/lib/test/auto/Clock4.xml
----------------- Instantiating /home/travis/build/icyphy/ptII/ptolemy/actor/lib/test/auto/Clock4.xml
2 ms. Memory: 478208K Free: 249311K (52%)
----------------- Invoking toplevel() on ptolemy.moml.MoMLSimpleApplication@19917441
----------------- Done invoking toplevel() on ptolemy.moml.MoMLSimpleApplication@19917441
reloadAllAccessors: .Clock4

===========================================================================================
----------------- testing Mon Jul 06 15:01:40 UTC 2020 /home/travis/build/icyphy/ptII/ptolemy/actor/lib/test/auto/Clock5.xml
----------------- Instantiating /home/travis/build/icyphy/ptII/ptolemy/actor/lib/test/auto/Clock5.xml
3 ms. Memory: 478208K Free: 243712K (51%)
----------------- Invoking toplevel() on ptolemy.moml.MoMLSimpleApplication@7c7d1fe3
----------------- Done invoking toplevel() on ptolemy.moml.MoMLSimpleApplication@7c7d1fe3
reloadAllAccessors: .Clock5

===========================================================================================
----------------- testing Mon Jul 06 15:01:40 UTC 2020 /home/travis/build/icyphy/ptII/ptolemy/actor/lib/test/auto/Clock6.xml
----------------- Instantiating /home/travis/build/icyphy/ptII/ptolemy/actor/lib/test/auto/Clock6.xml
1 ms. Memory: 478208K Free: 240111K (50%)
----------------- Invoking toplevel() on ptolemy.moml.MoMLSimpleApplication@5952eb4b
----------------- Done invoking toplevel() on ptolemy.moml.MoMLSimpleApplication@5952eb4b
reloadAllAccessors: .Clock6

===========================================================================================
----------------- testing Mon Jul 06 15:01:40 UTC 2020 /home/travis/build/icyphy/ptII/ptolemy/actor/lib/test/auto/Clock7.xml
----------------- Instantiating /home/travis/build/icyphy/ptII/ptolemy/actor/lib/test/auto/Clock7.xml
2 ms. Memory: 478208K Free: 425470K (89%)
----------------- Invoking toplevel() on ptolemy.moml.MoMLSimpleApplication@562d5a86
----------------- Done invoking toplevel() on ptolemy.moml.MoMLSimpleApplication@562d5a86
reloadAllAccessors: .Clock7

===========================================================================================
----------------- testing Mon Jul 06 15:01:40 UTC 2020 /home/travis/build/icyphy/ptII/ptolemy/actor/lib/test/auto/Clock8.xml
----------------- Instantiating /home/travis/build/icyphy/ptII/ptolemy/actor/lib/test/auto/Clock8.xml
7 ms. Memory: 478208K Free: 420335K (88%)
----------------- Invoking toplevel() on ptolemy.moml.MoMLSimpleApplication@450885f
----------------- Done invoking toplevel() on ptolemy.moml.MoMLSimpleApplication@450885f
reloadAllAccessors: .Clock8

===========================================================================================
----------------- testing Mon Jul 06 15:01:40 UTC 2020 /home/travis/build/icyphy/ptII/ptolemy/actor/lib/test/auto/Clock9.xml
----------------- Instantiating /home/travis/build/icyphy/ptII/ptolemy/actor/lib/test/auto/Clock9.xml
4 ms. Memory: 478208K Free: 414720K (87%)
----------------- Invoking toplevel() on ptolemy.moml.MoMLSimpleApplication@35276e03
----------------- Done invoking toplevel() on ptolemy.moml.MoMLSimpleApplication@35276e03
reloadAllAccessors: .Clock9

===========================================================================================
----------------- testing Mon Jul 06 15:01:40 UTC 2020 /home/travis/build/icyphy/ptII/ptolemy/actor/lib/test/auto/CommDistDiscard.xml
----------------- Instantiating /home/travis/build/icyphy/ptII/ptolemy/actor/lib/test/auto/CommDistDiscard.xml
2 ms. Memory: 478208K Free: 409086K (86%)
----------------- Invoking toplevel() on ptolemy.moml.MoMLSimpleApplication@33eca9d7
----------------- Done invoking toplevel() on ptolemy.moml.MoMLSimpleApplication@33eca9d7
reloadAllAccessors: .CommDistDiscard

===========================================================================================
----------------- testing Mon Jul 06 15:01:40 UTC 2020 /home/travis/build/icyphy/ptII/ptolemy/actor/lib/test/auto/Commutator.xml
----------------- Instantiating /home/travis/build/icyphy/ptII/ptolemy/actor/lib/test/auto/Commutator.xml
1 ms. Memory: 478208K Free: 404990K (85%)
----------------- Invoking toplevel() on ptolemy.moml.MoMLSimpleApplication@180626a
----------------- Done invoking toplevel() on ptolemy.moml.MoMLSimpleApplication@180626a
reloadAllAccessors: .Commutator

===========================================================================================
----------------- testing Mon Jul 06 15:01:40 UTC 2020 /home/travis/build/icyphy/ptII/ptolemy/actor/lib/test/auto/Commutator2.xml
----------------- Instantiating /home/travis/build/icyphy/ptII/ptolemy/actor/lib/test/auto/Commutator2.xml
1 ms. Memory: 478208K Free: 400384K (84%)
----------------- Invoking toplevel() on ptolemy.moml.MoMLSimpleApplication@5c7ae1c4
----------------- Done invoking toplevel() on ptolemy.moml.MoMLSimpleApplication@5c7ae1c4
reloadAllAccessors: .Commutator2

===========================================================================================
----------------- testing Mon Jul 06 15:01:40 UTC 2020 /home/travis/build/icyphy/ptII/ptolemy/actor/lib/test/auto/Commutator3.xml
----------------- Instantiating /home/travis/build/icyphy/ptII/ptolemy/actor/lib/test/auto/Commutator3.xml
2 ms. Memory: 478208K Free: 396288K (83%)
----------------- Invoking toplevel() on ptolemy.moml.MoMLSimpleApplication@58093c6b
----------------- Done invoking toplevel() on ptolemy.moml.MoMLSimpleApplication@58093c6b
reloadAllAccessors: .Commutator3

===========================================================================================
----------------- testing Mon Jul 06 15:01:40 UTC 2020 /home/travis/build/icyphy/ptII/ptolemy/actor/lib/test/auto/Compare.xml
----------------- Instantiating /home/travis/build/icyphy/ptII/ptolemy/actor/lib/test/auto/Compare.xml
2 ms. Memory: 478208K Free: 389630K (81%)
----------------- Invoking toplevel() on ptolemy.moml.MoMLSimpleApplication@1aae6fbb
----------------- Done invoking toplevel() on ptolemy.moml.MoMLSimpleApplication@1aae6fbb
reloadAllAccessors: .Compare

===========================================================================================
----------------- testing Mon Jul 06 15:01:40 UTC 2020 /home/travis/build/icyphy/ptII/ptolemy/actor/lib/test/auto/CompareDE.xml
----------------- Instantiating /home/travis/build/icyphy/ptII/ptolemy/actor/lib/test/auto/CompareDE.xml
3 ms. Memory: 478208K Free: 382447K (80%)
----------------- Invoking toplevel() on ptolemy.moml.MoMLSimpleApplication@7ea9dad2
----------------- Done invoking toplevel() on ptolemy.moml.MoMLSimpleApplication@7ea9dad2
reloadAllAccessors: .CompareDE

===========================================================================================
----------------- testing Mon Jul 06 15:01:40 UTC 2020 /home/travis/build/icyphy/ptII/ptolemy/actor/lib/test/auto/ComplexDivide.xml
----------------- Instantiating /home/travis/build/icyphy/ptII/ptolemy/actor/lib/test/auto/ComplexDivide.xml
1 ms. Memory: 478208K Free: 378880K (79%)
----------------- Invoking toplevel() on ptolemy.moml.MoMLSimpleApplication@4472ec5f
----------------- Done invoking toplevel() on ptolemy.moml.MoMLSimpleApplication@4472ec5f
reloadAllAccessors: .ComplexDivide

===========================================================================================
----------------- testing Mon Jul 06 15:01:40 UTC 2020 /home/travis/build/icyphy/ptII/ptolemy/actor/lib/test/auto/ComputeHistogram.xml
----------------- Instantiating /home/travis/build/icyphy/ptII/ptolemy/actor/lib/test/auto/ComputeHistogram.xml
20 ms. Memory: 478208K Free: 366078K (77%)
----------------- Invoking toplevel() on ptolemy.moml.MoMLSimpleApplication@622fcd86
----------------- Done invoking toplevel() on ptolemy.moml.MoMLSimpleApplication@622fcd86
reloadAllAccessors: .ComputeHistogram

===========================================================================================
----------------- testing Mon Jul 06 15:01:40 UTC 2020 /home/travis/build/icyphy/ptII/ptolemy/actor/lib/test/auto/ConfigurationSelect.xml
----------------- Instantiating /home/travis/build/icyphy/ptII/ptolemy/actor/lib/test/auto/ConfigurationSelect.xml
2 ms. Memory: 478208K Free: 360927K (75%)
----------------- Invoking toplevel() on ptolemy.moml.MoMLSimpleApplication@f69e526
----------------- Done invoking toplevel() on ptolemy.moml.MoMLSimpleApplication@f69e526
reloadAllAccessors: .ConfigurationSelect

===========================================================================================
----------------- testing Mon Jul 06 15:01:40 UTC 2020 /home/travis/build/icyphy/ptII/ptolemy/actor/lib/test/auto/ConfigurationSelect2.xml
----------------- Instantiating /home/travis/build/icyphy/ptII/ptolemy/actor/lib/test/auto/ConfigurationSelect2.xml
2 ms. Memory: 478208K Free: 356352K (75%)
----------------- Invoking toplevel() on ptolemy.moml.MoMLSimpleApplication@6293abd2
----------------- Done invoking toplevel() on ptolemy.moml.MoMLSimpleApplication@6293abd2
reloadAllAccessors: .ConfigurationSelect2

===========================================================================================
----------------- testing Mon Jul 06 15:01:40 UTC 2020 /home/travis/build/icyphy/ptII/ptolemy/actor/lib/test/auto/ConfigurationSwitch.xml
----------------- Instantiating /home/travis/build/icyphy/ptII/ptolemy/actor/lib/test/auto/ConfigurationSwitch.xml
2 ms. Memory: 478208K Free: 350718K (73%)
----------------- Invoking toplevel() on ptolemy.moml.MoMLSimpleApplication@6d9bf521
----------------- Done invoking toplevel() on ptolemy.moml.MoMLSimpleApplication@6d9bf521
reloadAllAccessors: .ConfigurationSwitch

===========================================================================================
----------------- testing Mon Jul 06 15:01:40 UTC 2020 /home/travis/build/icyphy/ptII/ptolemy/actor/lib/test/auto/ConfigurationSwitch2.xml
----------------- Instantiating /home/travis/build/icyphy/ptII/ptolemy/actor/lib/test/auto/ConfigurationSwitch2.xml
1 ms. Memory: 478208K Free: 345598K (72%)
----------------- Invoking toplevel() on ptolemy.moml.MoMLSimpleApplication@6cb70a28
----------------- Done invoking toplevel() on ptolemy.moml.MoMLSimpleApplication@6cb70a28
reloadAllAccessors: .ConfigurationSwitch2

===========================================================================================
----------------- testing Mon Jul 06 15:01:40 UTC 2020 /home/travis/build/icyphy/ptII/ptolemy/actor/lib/test/auto/ConfigurationSwitchCloningBugWithClassRelationGroup.xml
----------------- Instantiating /home/travis/build/icyphy/ptII/ptolemy/actor/lib/test/auto/ConfigurationSwitchCloningBugWithClassRelationGroup.xml
2 ms. Memory: 478208K Free: 338944K (71%)
----------------- Invoking toplevel() on ptolemy.moml.MoMLSimpleApplication@728fe156
----------------- Done invoking toplevel() on ptolemy.moml.MoMLSimpleApplication@728fe156
reloadAllAccessors: .ConfigurationSwitchCloningBugWithClassRelationGroup

===========================================================================================
----------------- testing Mon Jul 06 15:01:40 UTC 2020 /home/travis/build/icyphy/ptII/ptolemy/actor/lib/test/auto/ConfigurationSwitchSelectSDF.xml
----------------- Instantiating /home/travis/build/icyphy/ptII/ptolemy/actor/lib/test/auto/ConfigurationSwitchSelectSDF.xml
2 ms. Memory: 478208K Free: 333310K (70%)
----------------- Invoking toplevel() on ptolemy.moml.MoMLSimpleApplication@764577e9
----------------- Done invoking toplevel() on ptolemy.moml.MoMLSimpleApplication@764577e9
reloadAllAccessors: .ConfigurationSwitchSelectSDF

===========================================================================================
----------------- testing Mon Jul 06 15:01:40 UTC 2020 /home/travis/build/icyphy/ptII/ptolemy/actor/lib/test/auto/ConfigurationSwitchSelectSDF2.xml
----------------- Instantiating /home/travis/build/icyphy/ptII/ptolemy/actor/lib/test/auto/ConfigurationSwitchSelectSDF2.xml
2 ms. Memory: 478208K Free: 327680K (69%)
----------------- Invoking toplevel() on ptolemy.moml.MoMLSimpleApplication@7fd90fd1
----------------- Done invoking toplevel() on ptolemy.moml.MoMLSimpleApplication@7fd90fd1
reloadAllAccessors: .ConfigurationSwitchSelectSDF2

===========================================================================================
----------------- testing Mon Jul 06 15:01:40 UTC 2020 /home/travis/build/icyphy/ptII/ptolemy/actor/lib/test/auto/Const.xml
----------------- Instantiating /home/travis/build/icyphy/ptII/ptolemy/actor/lib/test/auto/Const.xml
1 ms. Memory: 478208K Free: 324094K (68%)
----------------- Invoking toplevel() on ptolemy.moml.MoMLSimpleApplication@33599ff
----------------- Done invoking toplevel() on ptolemy.moml.MoMLSimpleApplication@33599ff
reloadAllAccessors: .Const

===========================================================================================
----------------- testing Mon Jul 06 15:01:40 UTC 2020 /home/travis/build/icyphy/ptII/ptolemy/actor/lib/test/auto/Const2.xml
----------------- Instantiating /home/travis/build/icyphy/ptII/ptolemy/actor/lib/test/auto/Const2.xml
1 ms. Memory: 478208K Free: 319998K (67%)
----------------- Invoking toplevel() on ptolemy.moml.MoMLSimpleApplication@467e93f7
----------------- Done invoking toplevel() on ptolemy.moml.MoMLSimpleApplication@467e93f7
reloadAllAccessors: .Const2

===========================================================================================
----------------- testing Mon Jul 06 15:01:40 UTC 2020 /home/travis/build/icyphy/ptII/ptolemy/actor/lib/test/auto/Const3.xml
----------------- Instantiating /home/travis/build/icyphy/ptII/ptolemy/actor/lib/test/auto/Const3.xml
0 ms. Memory: 478208K Free: 317440K (66%)
----------------- Invoking toplevel() on ptolemy.moml.MoMLSimpleApplication@4f10d8d7
----------------- Done invoking toplevel() on ptolemy.moml.MoMLSimpleApplication@4f10d8d7
reloadAllAccessors: .Const3

===========================================================================================
----------------- testing Mon Jul 06 15:01:40 UTC 2020 /home/travis/build/icyphy/ptII/ptolemy/actor/lib/test/auto/ConstantPublisherPort1.xml
----------------- Instantiating /home/travis/build/icyphy/ptII/ptolemy/actor/lib/test/auto/ConstantPublisherPort1.xml
5 ms. Memory: 478208K Free: 308734K (65%)
----------------- Invoking toplevel() on ptolemy.moml.MoMLSimpleApplication@6670cb4f
----------------- Done invoking toplevel() on ptolemy.moml.MoMLSimpleApplication@6670cb4f
reloadAllAccessors: .ConstantPublisherPort1

===========================================================================================
----------------- testing Mon Jul 06 15:01:40 UTC 2020 /home/travis/build/icyphy/ptII/ptolemy/actor/lib/test/auto/ConstantPublisherPort2.xml
----------------- Instantiating /home/travis/build/icyphy/ptII/ptolemy/actor/lib/test/auto/ConstantPublisherPort2.xml
5 ms. Memory: 478208K Free: 301056K (63%)
----------------- Invoking toplevel() on ptolemy.moml.MoMLSimpleApplication@57a32b62
----------------- Done invoking toplevel() on ptolemy.moml.MoMLSimpleApplication@57a32b62
reloadAllAccessors: .ConstantPublisherPort2

===========================================================================================
----------------- testing Mon Jul 06 15:01:40 UTC 2020 /home/travis/build/icyphy/ptII/ptolemy/actor/lib/test/auto/ConstantPublisherPort3.xml
----------------- Instantiating /home/travis/build/icyphy/ptII/ptolemy/actor/lib/test/auto/ConstantPublisherPort3.xml
5 ms. Memory: 478208K Free: 293888K (61%)
----------------- Invoking toplevel() on ptolemy.moml.MoMLSimpleApplication@7ad29d05
----------------- Done invoking toplevel() on ptolemy.moml.MoMLSimpleApplication@7ad29d05
reloadAllAccessors: .ConstantPublisherPort3

===========================================================================================
----------------- testing Mon Jul 06 15:01:40 UTC 2020 /home/travis/build/icyphy/ptII/ptolemy/actor/lib/test/auto/ConstantPublisherPort4.xml
----------------- Instantiating /home/travis/build/icyphy/ptII/ptolemy/actor/lib/test/auto/ConstantPublisherPort4.xml
3 ms. Memory: 478208K Free: 286720K (60%)
----------------- Invoking toplevel() on ptolemy.moml.MoMLSimpleApplication@6e5c15e2
----------------- Done invoking toplevel() on ptolemy.moml.MoMLSimpleApplication@6e5c15e2
reloadAllAccessors: .ConstantPublisherPort4

===========================================================================================
----------------- testing Mon Jul 06 15:01:40 UTC 2020 /home/travis/build/icyphy/ptII/ptolemy/actor/lib/test/auto/ConstantPublisherPort5.xml
----------------- Instantiating /home/travis/build/icyphy/ptII/ptolemy/actor/lib/test/auto/ConstantPublisherPort5.xml
27 ms. Memory: 478208K Free: 277504K (58%)
----------------- Invoking toplevel() on ptolemy.moml.MoMLSimpleApplication@5a0a8e93
----------------- Done invoking toplevel() on ptolemy.moml.MoMLSimpleApplication@5a0a8e93
reloadAllAccessors: .ConstantPublisherPort5

===========================================================================================
----------------- testing Mon Jul 06 15:01:40 UTC 2020 /home/travis/build/icyphy/ptII/ptolemy/actor/lib/test/auto/ConstantPublisherPort6.xml
----------------- Instantiating /home/travis/build/icyphy/ptII/ptolemy/actor/lib/test/auto/ConstantPublisherPort6.xml
20 ms. Memory: 478208K Free: 267774K (56%)
----------------- Invoking toplevel() on ptolemy.moml.MoMLSimpleApplication@21432d12
----------------- Done invoking toplevel() on ptolemy.moml.MoMLSimpleApplication@21432d12
reloadAllAccessors: .ConstantPublisherPort6

===========================================================================================
----------------- testing Mon Jul 06 15:01:40 UTC 2020 /home/travis/build/icyphy/ptII/ptolemy/actor/lib/test/auto/ConstantPublisherPort7.xml
----------------- Instantiating /home/travis/build/icyphy/ptII/ptolemy/actor/lib/test/auto/ConstantPublisherPort7.xml
18 ms. Memory: 478208K Free: 258048K (54%)
----------------- Invoking toplevel() on ptolemy.moml.MoMLSimpleApplication@2d9a04a2
----------------- Done invoking toplevel() on ptolemy.moml.MoMLSimpleApplication@2d9a04a2
reloadAllAccessors: .ConstantPublisherPort7

===========================================================================================
----------------- testing Mon Jul 06 15:01:41 UTC 2020 /home/travis/build/icyphy/ptII/ptolemy/actor/lib/test/auto/ConstraintMonitor1.xml
----------------- Instantiating /home/travis/build/icyphy/ptII/ptolemy/actor/lib/test/auto/ConstraintMonitor1.xml
5 ms. Memory: 478208K Free: 252928K (53%)
----------------- Invoking toplevel() on ptolemy.moml.MoMLSimpleApplication@15b8710a
----------------- Done invoking toplevel() on ptolemy.moml.MoMLSimpleApplication@15b8710a
reloadAllAccessors: .ConstraintMonitor1

===========================================================================================
----------------- testing Mon Jul 06 15:01:41 UTC 2020 /home/travis/build/icyphy/ptII/ptolemy/actor/lib/test/auto/ConstraintMonitor2.xml
----------------- Instantiating /home/travis/build/icyphy/ptII/ptolemy/actor/lib/test/auto/ConstraintMonitor2.xml
4 ms. Memory: 478208K Free: 248318K (52%)
----------------- Invoking toplevel() on ptolemy.moml.MoMLSimpleApplication@7bf8474e
----------------- Done invoking toplevel() on ptolemy.moml.MoMLSimpleApplication@7bf8474e
reloadAllAccessors: .ConstraintMonitor2

===========================================================================================
----------------- testing Mon Jul 06 15:01:41 UTC 2020 /home/travis/build/icyphy/ptII/ptolemy/actor/lib/test/auto/ConstraintMonitor3.xml
----------------- Instantiating /home/travis/build/icyphy/ptII/ptolemy/actor/lib/test/auto/ConstraintMonitor3.xml
4 ms. Memory: 478208K Free: 243712K (51%)
----------------- Invoking toplevel() on ptolemy.moml.MoMLSimpleApplication@57954e21
----------------- Done invoking toplevel() on ptolemy.moml.MoMLSimpleApplication@57954e21
reloadAllAccessors: .ConstraintMonitor3

===========================================================================================
----------------- testing Mon Jul 06 15:01:41 UTC 2020 /home/travis/build/icyphy/ptII/ptolemy/actor/lib/test/auto/ConstraintMonitor4.xml
----------------- Instantiating /home/travis/build/icyphy/ptII/ptolemy/actor/lib/test/auto/ConstraintMonitor4.xml
2 ms. Memory: 478208K Free: 239102K (50%)
----------------- Invoking toplevel() on ptolemy.moml.MoMLSimpleApplication@71a827de
----------------- Done invoking toplevel() on ptolemy.moml.MoMLSimpleApplication@71a827de
reloadAllAccessors: .ConstraintMonitor4

===========================================================================================
----------------- testing Mon Jul 06 15:01:41 UTC 2020 /home/travis/build/icyphy/ptII/ptolemy/actor/lib/test/auto/ConstraintMonitor5.xml
----------------- Instantiating /home/travis/build/icyphy/ptII/ptolemy/actor/lib/test/auto/ConstraintMonitor5.xml
4 ms. Memory: 478208K Free: 233982K (49%)
----------------- Invoking toplevel() on ptolemy.moml.MoMLSimpleApplication@49da2407
----------------- Done invoking toplevel() on ptolemy.moml.MoMLSimpleApplication@49da2407
reloadAllAccessors: .ConstraintMonitor5

===========================================================================================
----------------- testing Mon Jul 06 15:01:41 UTC 2020 /home/travis/build/icyphy/ptII/ptolemy/actor/lib/test/auto/ConstraintMonitor6.xml
----------------- Instantiating /home/travis/build/icyphy/ptII/ptolemy/actor/lib/test/auto/ConstraintMonitor6.xml
3 ms. Memory: 478208K Free: 228352K (48%)
----------------- Invoking toplevel() on ptolemy.moml.MoMLSimpleApplication@29af55c
----------------- Done invoking toplevel() on ptolemy.moml.MoMLSimpleApplication@29af55c
reloadAllAccessors: .ConstraintMonitor6

===========================================================================================
----------------- testing Mon Jul 06 15:01:41 UTC 2020 /home/travis/build/icyphy/ptII/ptolemy/actor/lib/test/auto/ConstraintMonitor7.xml
----------------- Instantiating /home/travis/build/icyphy/ptII/ptolemy/actor/lib/test/auto/ConstraintMonitor7.xml
2 ms. Memory: 478208K Free: 221679K (46%)
----------------- Invoking toplevel() on ptolemy.moml.MoMLSimpleApplication@fb9b831
----------------- Done invoking toplevel() on ptolemy.moml.MoMLSimpleApplication@fb9b831
reloadAllAccessors: .ConstraintMonitor7

===========================================================================================
----------------- testing Mon Jul 06 15:01:41 UTC 2020 /home/travis/build/icyphy/ptII/ptolemy/actor/lib/test/auto/ConstraintMonitor8.xml
----------------- Instantiating /home/travis/build/icyphy/ptII/ptolemy/actor/lib/test/auto/ConstraintMonitor8.xml
3 ms. Memory: 478208K Free: 213495K (45%)
----------------- Invoking toplevel() on ptolemy.moml.MoMLSimpleApplication@781eb369
----------------- Done invoking toplevel() on ptolemy.moml.MoMLSimpleApplication@781eb369
reloadAllAccessors: .ConstraintMonitor8

===========================================================================================
----------------- testing Mon Jul 06 15:01:41 UTC 2020 /home/travis/build/icyphy/ptII/ptolemy/actor/lib/test/auto/Counter.xml
----------------- Instantiating /home/travis/build/icyphy/ptII/ptolemy/actor/lib/test/auto/Counter.xml
2 ms. Memory: 478208K Free: 208896K (44%)
----------------- Invoking toplevel() on ptolemy.moml.MoMLSimpleApplication@4db3b424
----------------- Done invoking toplevel() on ptolemy.moml.MoMLSimpleApplication@4db3b424
reloadAllAccessors: .Counter

===========================================================================================
----------------- testing Mon Jul 06 15:01:41 UTC 2020 /home/travis/build/icyphy/ptII/ptolemy/actor/lib/test/auto/CurrentTimeSDF.xml
----------------- Instantiating /home/travis/build/icyphy/ptII/ptolemy/actor/lib/test/auto/CurrentTimeSDF.xml
1 ms. Memory: 478208K Free: 204800K (43%)
----------------- Invoking toplevel() on ptolemy.moml.MoMLSimpleApplication@5d794c02
----------------- Done invoking toplevel() on ptolemy.moml.MoMLSimpleApplication@5d794c02
reloadAllAccessors: .CurrentTimeSDF

===========================================================================================
----------------- testing Mon Jul 06 15:01:41 UTC 2020 /home/travis/build/icyphy/ptII/ptolemy/actor/lib/test/auto/DB.xml
----------------- Instantiating /home/travis/build/icyphy/ptII/ptolemy/actor/lib/test/auto/DB.xml
1 ms. Memory: 478208K Free: 199166K (42%)
----------------- Invoking toplevel() on ptolemy.moml.MoMLSimpleApplication@7a64a050
----------------- Done invoking toplevel() on ptolemy.moml.MoMLSimpleApplication@7a64a050
reloadAllAccessors: .DB

===========================================================================================
----------------- testing Mon Jul 06 15:01:41 UTC 2020 /home/travis/build/icyphy/ptII/ptolemy/actor/lib/test/auto/DBDE.xml
----------------- Instantiating /home/travis/build/icyphy/ptII/ptolemy/actor/lib/test/auto/DBDE.xml
2 ms. Memory: 478208K Free: 193536K (40%)
----------------- Invoking toplevel() on ptolemy.moml.MoMLSimpleApplication@5dcd03bc
----------------- Done invoking toplevel() on ptolemy.moml.MoMLSimpleApplication@5dcd03bc
reloadAllAccessors: .DBDE

===========================================================================================
----------------- testing Mon Jul 06 15:01:41 UTC 2020 /home/travis/build/icyphy/ptII/ptolemy/actor/lib/test/auto/DateConstructor.xml
----------------- Instantiating /home/travis/build/icyphy/ptII/ptolemy/actor/lib/test/auto/DateConstructor.xml
82 ms. Memory: 478208K Free: 422613K (88%)
----------------- Invoking toplevel() on ptolemy.moml.MoMLSimpleApplication@761486b0
----------------- Done invoking toplevel() on ptolemy.moml.MoMLSimpleApplication@761486b0
reloadAllAccessors: .DateConstructor

===========================================================================================
----------------- testing Mon Jul 06 15:01:41 UTC 2020 /home/travis/build/icyphy/ptII/ptolemy/actor/lib/test/auto/DelayTime.xml
----------------- Instantiating /home/travis/build/icyphy/ptII/ptolemy/actor/lib/test/auto/DelayTime.xml
5 ms. Memory: 478208K Free: 416768K (87%)
----------------- Invoking toplevel() on ptolemy.moml.MoMLSimpleApplication@53391edc
----------------- Done invoking toplevel() on ptolemy.moml.MoMLSimpleApplication@53391edc
reloadAllAccessors: .DelayTime

===========================================================================================
----------------- testing Mon Jul 06 15:01:41 UTC 2020 /home/travis/build/icyphy/ptII/ptolemy/actor/lib/test/auto/Dictionary1.xml
----------------- Instantiating /home/travis/build/icyphy/ptII/ptolemy/actor/lib/test/auto/Dictionary1.xml
1 ms. Memory: 478208K Free: 411648K (86%)
----------------- Invoking toplevel() on ptolemy.moml.MoMLSimpleApplication@59028655
----------------- Done invoking toplevel() on ptolemy.moml.MoMLSimpleApplication@59028655
reloadAllAccessors: .Dictionary1

===========================================================================================
----------------- testing Mon Jul 06 15:01:41 UTC 2020 /home/travis/build/icyphy/ptII/ptolemy/actor/lib/test/auto/Dictionary2.xml
----------------- Instantiating /home/travis/build/icyphy/ptII/ptolemy/actor/lib/test/auto/Dictionary2.xml
4 ms. Memory: 478208K Free: 406014K (85%)
----------------- Invoking toplevel() on ptolemy.moml.MoMLSimpleApplication@6bb64262
----------------- Done invoking toplevel() on ptolemy.moml.MoMLSimpleApplication@6bb64262
reloadAllAccessors: .Dictionary2

===========================================================================================
----------------- testing Mon Jul 06 15:01:41 UTC 2020 /home/travis/build/icyphy/ptII/ptolemy/actor/lib/test/auto/Dictionary3.xml
----------------- Instantiating /home/travis/build/icyphy/ptII/ptolemy/actor/lib/test/auto/Dictionary3.xml
2 ms. Memory: 478208K Free: 400384K (84%)
----------------- Invoking toplevel() on ptolemy.moml.MoMLSimpleApplication@5ae2b7c4
----------------- Done invoking toplevel() on ptolemy.moml.MoMLSimpleApplication@5ae2b7c4
reloadAllAccessors: .Dictionary3

===========================================================================================
----------------- testing Mon Jul 06 15:01:41 UTC 2020 /home/travis/build/icyphy/ptII/ptolemy/actor/lib/test/auto/Dictionary4.xml
----------------- Instantiating /home/travis/build/icyphy/ptII/ptolemy/actor/lib/test/auto/Dictionary4.xml
9 ms. Memory: 478208K Free: 393711K (82%)
----------------- Invoking toplevel() on ptolemy.moml.MoMLSimpleApplication@3e00b889
----------------- Done invoking toplevel() on ptolemy.moml.MoMLSimpleApplication@3e00b889
reloadAllAccessors: .Dictionary4

===========================================================================================
----------------- testing Mon Jul 06 15:01:41 UTC 2020 /home/travis/build/icyphy/ptII/ptolemy/actor/lib/test/auto/Differential.xml
----------------- Instantiating /home/travis/build/icyphy/ptII/ptolemy/actor/lib/test/auto/Differential.xml
3 ms. Memory: 478208K Free: 389120K (81%)
----------------- Invoking toplevel() on ptolemy.moml.MoMLSimpleApplication@631734ff
----------------- Done invoking toplevel() on ptolemy.moml.MoMLSimpleApplication@631734ff
reloadAllAccessors: .Differential

===========================================================================================
----------------- testing Mon Jul 06 15:01:41 UTC 2020 /home/travis/build/icyphy/ptII/ptolemy/actor/lib/test/auto/Director.xml
----------------- Instantiating /home/travis/build/icyphy/ptII/ptolemy/actor/lib/test/auto/Director.xml
4 ms. Memory: 478208K Free: 385534K (81%)
----------------- Invoking toplevel() on ptolemy.moml.MoMLSimpleApplication@11b8bf31
----------------- Done invoking toplevel() on ptolemy.moml.MoMLSimpleApplication@11b8bf31
reloadAllAccessors: .Director

===========================================================================================
----------------- testing Mon Jul 06 15:01:41 UTC 2020 /home/travis/build/icyphy/ptII/ptolemy/actor/lib/test/auto/DiscreteClock.xml
----------------- Instantiating /home/travis/build/icyphy/ptII/ptolemy/actor/lib/test/auto/DiscreteClock.xml
1 ms. Memory: 478208K Free: 381438K (80%)
----------------- Invoking toplevel() on ptolemy.moml.MoMLSimpleApplication@2554c73b
----------------- Done invoking toplevel() on ptolemy.moml.MoMLSimpleApplication@2554c73b
reloadAllAccessors: .DiscreteClock

===========================================================================================
----------------- testing Mon Jul 06 15:01:41 UTC 2020 /home/travis/build/icyphy/ptII/ptolemy/actor/lib/test/auto/DiscreteClock10.xml
----------------- Instantiating /home/travis/build/icyphy/ptII/ptolemy/actor/lib/test/auto/DiscreteClock10.xml
2 ms. Memory: 478208K Free: 375808K (79%)
----------------- Invoking toplevel() on ptolemy.moml.MoMLSimpleApplication@755a4a89
----------------- Done invoking toplevel() on ptolemy.moml.MoMLSimpleApplication@755a4a89
reloadAllAccessors: .DiscreteClock10

===========================================================================================
----------------- testing Mon Jul 06 15:01:41 UTC 2020 /home/travis/build/icyphy/ptII/ptolemy/actor/lib/test/auto/DiscreteClock11.xml
----------------- Instantiating /home/travis/build/icyphy/ptII/ptolemy/actor/lib/test/auto/DiscreteClock11.xml
2 ms. Memory: 478208K Free: 369664K (77%)
----------------- Invoking toplevel() on ptolemy.moml.MoMLSimpleApplication@77ad0f9e
----------------- Done invoking toplevel() on ptolemy.moml.MoMLSimpleApplication@77ad0f9e
reloadAllAccessors: .DiscreteClock11

===========================================================================================
----------------- testing Mon Jul 06 15:01:41 UTC 2020 /home/travis/build/icyphy/ptII/ptolemy/actor/lib/test/auto/DiscreteClock12.xml
----------------- Instantiating /home/travis/build/icyphy/ptII/ptolemy/actor/lib/test/auto/DiscreteClock12.xml
1 ms. Memory: 478208K Free: 363520K (76%)
----------------- Invoking toplevel() on ptolemy.moml.MoMLSimpleApplication@6ae4c276
----------------- Done invoking toplevel() on ptolemy.moml.MoMLSimpleApplication@6ae4c276
reloadAllAccessors: .DiscreteClock12

===========================================================================================
----------------- testing Mon Jul 06 15:01:41 UTC 2020 /home/travis/build/icyphy/ptII/ptolemy/actor/lib/test/auto/DiscreteClock13.xml
----------------- Instantiating /home/travis/build/icyphy/ptII/ptolemy/actor/lib/test/auto/DiscreteClock13.xml
4 ms. Memory: 478208K Free: 357855K (75%)
----------------- Invoking toplevel() on ptolemy.moml.MoMLSimpleApplication@5c718688
----------------- Done invoking toplevel() on ptolemy.moml.MoMLSimpleApplication@5c718688
reloadAllAccessors: .DiscreteClock13

===========================================================================================
----------------- testing Mon Jul 06 15:01:41 UTC 2020 /home/travis/build/icyphy/ptII/ptolemy/actor/lib/test/auto/DiscreteClock14.xml
----------------- Instantiating /home/travis/build/icyphy/ptII/ptolemy/actor/lib/test/auto/DiscreteClock14.xml
4 ms. Memory: 478208K Free: 351711K (74%)
----------------- Invoking toplevel() on ptolemy.moml.MoMLSimpleApplication@119375d7
----------------- Done invoking toplevel() on ptolemy.moml.MoMLSimpleApplication@119375d7
reloadAllAccessors: .DiscreteClock14

===========================================================================================
----------------- testing Mon Jul 06 15:01:41 UTC 2020 /home/travis/build/icyphy/ptII/ptolemy/actor/lib/test/auto/DiscreteClock15.xml
----------------- Instantiating /home/travis/build/icyphy/ptII/ptolemy/actor/lib/test/auto/DiscreteClock15.xml
5 ms. Memory: 478208K Free: 345567K (72%)
----------------- Invoking toplevel() on ptolemy.moml.MoMLSimpleApplication@13077d80
----------------- Done invoking toplevel() on ptolemy.moml.MoMLSimpleApplication@13077d80
reloadAllAccessors: .DiscreteClock15

===========================================================================================
----------------- testing Mon Jul 06 15:01:41 UTC 2020 /home/travis/build/icyphy/ptII/ptolemy/actor/lib/test/auto/DiscreteClock16.xml
----------------- Instantiating /home/travis/build/icyphy/ptII/ptolemy/actor/lib/test/auto/DiscreteClock16.xml
18 ms. Memory: 478208K Free: 331776K (69%)
----------------- Invoking toplevel() on ptolemy.moml.MoMLSimpleApplication@2dc57374
----------------- Done invoking toplevel() on ptolemy.moml.MoMLSimpleApplication@2dc57374
reloadAllAccessors: .DiscreteClock16

===========================================================================================
----------------- testing Mon Jul 06 15:01:41 UTC 2020 /home/travis/build/icyphy/ptII/ptolemy/actor/lib/test/auto/DiscreteClock17.xml
----------------- Instantiating /home/travis/build/icyphy/ptII/ptolemy/actor/lib/test/auto/DiscreteClock17.xml
17 ms. Memory: 478208K Free: 316911K (66%)
----------------- Invoking toplevel() on ptolemy.moml.MoMLSimpleApplication@6ec1421
----------------- Done invoking toplevel() on ptolemy.moml.MoMLSimpleApplication@6ec1421
reloadAllAccessors: .DiscreteClock17

===========================================================================================
----------------- testing Mon Jul 06 15:01:41 UTC 2020 /home/travis/build/icyphy/ptII/ptolemy/actor/lib/test/auto/DiscreteClock18.xml
----------------- Instantiating /home/travis/build/icyphy/ptII/ptolemy/actor/lib/test/auto/DiscreteClock18.xml
26 ms. Memory: 478208K Free: 303614K (63%)
----------------- Invoking toplevel() on ptolemy.moml.MoMLSimpleApplication@7decb552
----------------- Done invoking toplevel() on ptolemy.moml.MoMLSimpleApplication@7decb552
reloadAllAccessors: .DiscreteClock18

===========================================================================================
----------------- testing Mon Jul 06 15:01:41 UTC 2020 /home/travis/build/icyphy/ptII/ptolemy/actor/lib/test/auto/DiscreteClock19.xml
----------------- Instantiating /home/travis/build/icyphy/ptII/ptolemy/actor/lib/test/auto/DiscreteClock19.xml
17 ms. Memory: 478208K Free: 289792K (61%)
----------------- Invoking toplevel() on ptolemy.moml.MoMLSimpleApplication@3fdb4292
----------------- Done invoking toplevel() on ptolemy.moml.MoMLSimpleApplication@3fdb4292
reloadAllAccessors: .DiscreteClock19

===========================================================================================
----------------- testing Mon Jul 06 15:01:41 UTC 2020 /home/travis/build/icyphy/ptII/ptolemy/actor/lib/test/auto/DiscreteClock2.xml
----------------- Instantiating /home/travis/build/icyphy/ptII/ptolemy/actor/lib/test/auto/DiscreteClock2.xml
3 ms. Memory: 478208K Free: 284672K (60%)
----------------- Invoking toplevel() on ptolemy.moml.MoMLSimpleApplication@1a1d5d87
----------------- Done invoking toplevel() on ptolemy.moml.MoMLSimpleApplication@1a1d5d87
reloadAllAccessors: .DiscreteClock2

===========================================================================================
----------------- testing Mon Jul 06 15:01:41 UTC 2020 /home/travis/build/icyphy/ptII/ptolemy/actor/lib/test/auto/DiscreteClock20.xml
----------------- Instantiating /home/travis/build/icyphy/ptII/ptolemy/actor/lib/test/auto/DiscreteClock20.xml
7 ms. Memory: 478208K Free: 279038K (58%)
----------------- Invoking toplevel() on ptolemy.moml.MoMLSimpleApplication@66fdcba6
----------------- Done invoking toplevel() on ptolemy.moml.MoMLSimpleApplication@66fdcba6
reloadAllAccessors: .DiscreteClock20

===========================================================================================
----------------- testing Mon Jul 06 15:01:41 UTC 2020 /home/travis/build/icyphy/ptII/ptolemy/actor/lib/test/auto/DiscreteClock21.xml
----------------- Instantiating /home/travis/build/icyphy/ptII/ptolemy/actor/lib/test/auto/DiscreteClock21.xml
5 ms. Memory: 478208K Free: 273918K (57%)
----------------- Invoking toplevel() on ptolemy.moml.MoMLSimpleApplication@7820915e
----------------- Done invoking toplevel() on ptolemy.moml.MoMLSimpleApplication@7820915e
reloadAllAccessors: .DiscreteClock21

===========================================================================================
----------------- testing Mon Jul 06 15:01:41 UTC 2020 /home/travis/build/icyphy/ptII/ptolemy/actor/lib/test/auto/DiscreteClock22.xml
----------------- Instantiating /home/travis/build/icyphy/ptII/ptolemy/actor/lib/test/auto/DiscreteClock22.xml
5 ms. Memory: 478208K Free: 268288K (56%)
----------------- Invoking toplevel() on ptolemy.moml.MoMLSimpleApplication@319efdb7
----------------- Done invoking toplevel() on ptolemy.moml.MoMLSimpleApplication@319efdb7
reloadAllAccessors: .DiscreteClock22

===========================================================================================
----------------- testing Mon Jul 06 15:01:41 UTC 2020 /home/travis/build/icyphy/ptII/ptolemy/actor/lib/test/auto/DiscreteClock23.xml
----------------- Instantiating /home/travis/build/icyphy/ptII/ptolemy/actor/lib/test/auto/DiscreteClock23.xml
9 ms. Memory: 478208K Free: 262654K (55%)
----------------- Invoking toplevel() on ptolemy.moml.MoMLSimpleApplication@1f0cc784
----------------- Done invoking toplevel() on ptolemy.moml.MoMLSimpleApplication@1f0cc784
reloadAllAccessors: .DiscreteClock23

===========================================================================================
----------------- testing Mon Jul 06 15:01:41 UTC 2020 /home/travis/build/icyphy/ptII/ptolemy/actor/lib/test/auto/DiscreteClock24.xml
----------------- Instantiating /home/travis/build/icyphy/ptII/ptolemy/actor/lib/test/auto/DiscreteClock24.xml
4 ms. Memory: 478208K Free: 257024K (54%)
----------------- Invoking toplevel() on ptolemy.moml.MoMLSimpleApplication@49cd9642
----------------- Done invoking toplevel() on ptolemy.moml.MoMLSimpleApplication@49cd9642
reloadAllAccessors: .DiscreteClock24

===========================================================================================
----------------- testing Mon Jul 06 15:01:41 UTC 2020 /home/travis/build/icyphy/ptII/ptolemy/actor/lib/test/auto/DiscreteClock4.xml
----------------- Instantiating /home/travis/build/icyphy/ptII/ptolemy/actor/lib/test/auto/DiscreteClock4.xml
4 ms. Memory: 478208K Free: 251904K (53%)
----------------- Invoking toplevel() on ptolemy.moml.MoMLSimpleApplication@320241ec
----------------- Done invoking toplevel() on ptolemy.moml.MoMLSimpleApplication@320241ec
reloadAllAccessors: .DiscreteClock4

===========================================================================================
----------------- testing Mon Jul 06 15:01:41 UTC 2020 /home/travis/build/icyphy/ptII/ptolemy/actor/lib/test/auto/DiscreteClock5.xml
----------------- Instantiating /home/travis/build/icyphy/ptII/ptolemy/actor/lib/test/auto/DiscreteClock5.xml
2 ms. Memory: 478208K Free: 246270K (51%)
----------------- Invoking toplevel() on ptolemy.moml.MoMLSimpleApplication@78928672
----------------- Done invoking toplevel() on ptolemy.moml.MoMLSimpleApplication@78928672
reloadAllAccessors: .DiscreteClock5

===========================================================================================
----------------- testing Mon Jul 06 15:01:42 UTC 2020 /home/travis/build/icyphy/ptII/ptolemy/actor/lib/test/auto/DiscreteClock6.xml
----------------- Instantiating /home/travis/build/icyphy/ptII/ptolemy/actor/lib/test/auto/DiscreteClock6.xml
1 ms. Memory: 478208K Free: 241664K (51%)
----------------- Invoking toplevel() on ptolemy.moml.MoMLSimpleApplication@12547ecb
----------------- Done invoking toplevel() on ptolemy.moml.MoMLSimpleApplication@12547ecb
reloadAllAccessors: .DiscreteClock6

===========================================================================================
----------------- testing Mon Jul 06 15:01:42 UTC 2020 /home/travis/build/icyphy/ptII/ptolemy/actor/lib/test/auto/DiscreteClock7.xml
----------------- Instantiating /home/travis/build/icyphy/ptII/ptolemy/actor/lib/test/auto/DiscreteClock7.xml
1 ms. Memory: 478208K Free: 237054K (50%)
----------------- Invoking toplevel() on ptolemy.moml.MoMLSimpleApplication@10fb7643
----------------- Done invoking toplevel() on ptolemy.moml.MoMLSimpleApplication@10fb7643
reloadAllAccessors: .DiscreteClock7

===========================================================================================
----------------- testing Mon Jul 06 15:01:42 UTC 2020 /home/travis/build/icyphy/ptII/ptolemy/actor/lib/test/auto/DiscreteClock8.xml
----------------- Instantiating /home/travis/build/icyphy/ptII/ptolemy/actor/lib/test/auto/DiscreteClock8.xml
4 ms. Memory: 478208K Free: 231927K (48%)
----------------- Invoking toplevel() on ptolemy.moml.MoMLSimpleApplication@4bb6cb21
----------------- Done invoking toplevel() on ptolemy.moml.MoMLSimpleApplication@4bb6cb21
reloadAllAccessors: .DiscreteClock8

===========================================================================================
----------------- testing Mon Jul 06 15:01:42 UTC 2020 /home/travis/build/icyphy/ptII/ptolemy/actor/lib/test/auto/DiscreteClock9.xml
----------------- Instantiating /home/travis/build/icyphy/ptII/ptolemy/actor/lib/test/auto/DiscreteClock9.xml
4 ms. Memory: 478208K Free: 225775K (47%)
----------------- Invoking toplevel() on ptolemy.moml.MoMLSimpleApplication@3a4fb9ce
----------------- Done invoking toplevel() on ptolemy.moml.MoMLSimpleApplication@3a4fb9ce
reloadAllAccessors: .DiscreteClock9

===========================================================================================
----------------- testing Mon Jul 06 15:01:42 UTC 2020 /home/travis/build/icyphy/ptII/ptolemy/actor/lib/test/auto/DisplayArray.xml
----------------- Instantiating /home/travis/build/icyphy/ptII/ptolemy/actor/lib/test/auto/DisplayArray.xml
1 ms. Memory: 478208K Free: 222208K (46%)
----------------- Invoking toplevel() on ptolemy.moml.MoMLSimpleApplication@732556ad
----------------- Done invoking toplevel() on ptolemy.moml.MoMLSimpleApplication@732556ad
reloadAllAccessors: .DisplayArray

===========================================================================================
----------------- testing Mon Jul 06 15:01:42 UTC 2020 /home/travis/build/icyphy/ptII/ptolemy/actor/lib/test/auto/Distributor.xml
----------------- Instantiating /home/travis/build/icyphy/ptII/ptolemy/actor/lib/test/auto/Distributor.xml
2 ms. Memory: 478208K Free: 217598K (46%)
----------------- Invoking toplevel() on ptolemy.moml.MoMLSimpleApplication@6d4dd405
----------------- Done invoking toplevel() on ptolemy.moml.MoMLSimpleApplication@6d4dd405
reloadAllAccessors: .Distributor

===========================================================================================
----------------- testing Mon Jul 06 15:01:42 UTC 2020 /home/travis/build/icyphy/ptII/ptolemy/actor/lib/test/auto/Distributor2.xml
----------------- Instantiating /home/travis/build/icyphy/ptII/ptolemy/actor/lib/test/auto/Distributor2.xml
1 ms. Memory: 478208K Free: 212478K (44%)
----------------- Invoking toplevel() on ptolemy.moml.MoMLSimpleApplication@4208006d
----------------- Done invoking toplevel() on ptolemy.moml.MoMLSimpleApplication@4208006d
reloadAllAccessors: .Distributor2

===========================================================================================
----------------- testing Mon Jul 06 15:01:42 UTC 2020 /home/travis/build/icyphy/ptII/ptolemy/actor/lib/test/auto/DownSample.xml
----------------- Instantiating /home/travis/build/icyphy/ptII/ptolemy/actor/lib/test/auto/DownSample.xml
1 ms. Memory: 478208K Free: 208382K (44%)
----------------- Invoking toplevel() on ptolemy.moml.MoMLSimpleApplication@473d71c8
----------------- Done invoking toplevel() on ptolemy.moml.MoMLSimpleApplication@473d71c8
reloadAllAccessors: .DownSample

===========================================================================================
----------------- testing Mon Jul 06 15:01:42 UTC 2020 /home/travis/build/icyphy/ptII/ptolemy/actor/lib/test/auto/ElectronicUnitBase1.xml
----------------- Instantiating /home/travis/build/icyphy/ptII/ptolemy/actor/lib/test/auto/ElectronicUnitBase1.xml
12 ms. Memory: 478208K Free: 192512K (40%)
----------------- Invoking toplevel() on ptolemy.moml.MoMLSimpleApplication@99c9262
----------------- Done invoking toplevel() on ptolemy.moml.MoMLSimpleApplication@99c9262
reloadAllAccessors: .ElectronicUnitBase1

===========================================================================================
----------------- testing Mon Jul 06 15:01:42 UTC 2020 /home/travis/build/icyphy/ptII/ptolemy/actor/lib/test/auto/ElementsToArray.xml
----------------- Instantiating /home/travis/build/icyphy/ptII/ptolemy/actor/lib/test/auto/ElementsToArray.xml
3 ms. Memory: 478208K Free: 187392K (39%)
----------------- Invoking toplevel() on ptolemy.moml.MoMLSimpleApplication@68e2e9dc
----------------- Done invoking toplevel() on ptolemy.moml.MoMLSimpleApplication@68e2e9dc
reloadAllAccessors: .ElementsToArray

===========================================================================================
----------------- testing Mon Jul 06 15:01:42 UTC 2020 /home/travis/build/icyphy/ptII/ptolemy/actor/lib/test/auto/Equals.xml
----------------- Instantiating /home/travis/build/icyphy/ptII/ptolemy/actor/lib/test/auto/Equals.xml
3 ms. Memory: 478208K Free: 182782K (38%)
----------------- Invoking toplevel() on ptolemy.moml.MoMLSimpleApplication@4ae52477
----------------- Done invoking toplevel() on ptolemy.moml.MoMLSimpleApplication@4ae52477
reloadAllAccessors: .Equals

===========================================================================================
----------------- testing Mon Jul 06 15:01:42 UTC 2020 /home/travis/build/icyphy/ptII/ptolemy/actor/lib/test/auto/Exec.xml
----------------- Instantiating /home/travis/build/icyphy/ptII/ptolemy/actor/lib/test/auto/Exec.xml
14 ms. Memory: 478208K Free: 176638K (37%)
----------------- Invoking toplevel() on ptolemy.moml.MoMLSimpleApplication@6d05587f
----------------- Done invoking toplevel() on ptolemy.moml.MoMLSimpleApplication@6d05587f
reloadAllAccessors: .Exec

===========================================================================================
----------------- testing Mon Jul 06 15:01:42 UTC 2020 /home/travis/build/icyphy/ptII/ptolemy/actor/lib/test/auto/ExecEnvironment.xml
----------------- Instantiating /home/travis/build/icyphy/ptII/ptolemy/actor/lib/test/auto/ExecEnvironment.xml
17 ms. Memory: 478208K Free: 172032K (36%)
----------------- Invoking toplevel() on ptolemy.moml.MoMLSimpleApplication@290c1efb
----------------- Done invoking toplevel() on ptolemy.moml.MoMLSimpleApplication@290c1efb
reloadAllAccessors: .ExecEnvironment

===========================================================================================
----------------- testing Mon Jul 06 15:01:42 UTC 2020 /home/travis/build/icyphy/ptII/ptolemy/actor/lib/test/auto/ExecNonZeroReturnOutput.xml
----------------- Instantiating /home/travis/build/icyphy/ptII/ptolemy/actor/lib/test/auto/ExecNonZeroReturnOutput.xml
163 ms. Memory: 478208K Free: 160768K (34%)
----------------- Invoking toplevel() on ptolemy.moml.MoMLSimpleApplication@524cd611
----------------- Done invoking toplevel() on ptolemy.moml.MoMLSimpleApplication@524cd611
reloadAllAccessors: .ExecNonZeroReturnOutput

===========================================================================================
----------------- testing Mon Jul 06 15:01:42 UTC 2020 /home/travis/build/icyphy/ptII/ptolemy/actor/lib/test/auto/ExecRunDemos.xml
----------------- Instantiating /home/travis/build/icyphy/ptII/ptolemy/actor/lib/test/auto/ExecRunDemos.xml
Finished: 89 ms. Memory: 129024K Free: 112148K (87%)

Finished: 53 ms. Memory: 129024K Free: 109401K (85%)

Finished: 86 ms. Memory: 129024K Free: 109609K (85%)

Finished: 67 ms. Memory: 129024K Free: 111069K (86%)

Finished: 76 ms. Memory: 129024K Free: 111947K (87%)

10764 ms. Memory: 478208K Free: 414720K (87%)
----------------- Invoking toplevel() on ptolemy.moml.MoMLSimpleApplication@3e445c9
----------------- Done invoking toplevel() on ptolemy.moml.MoMLSimpleApplication@3e445c9
reloadAllAccessors: .ExecRunDemos

===========================================================================================
----------------- testing Mon Jul 06 15:01:53 UTC 2020 /home/travis/build/icyphy/ptII/ptolemy/actor/lib/test/auto/ExecStop.xml
----------------- Instantiating /home/travis/build/icyphy/ptII/ptolemy/actor/lib/test/auto/ExecStop.xml
5020 ms. Memory: 478208K Free: 277504K (58%)
----------------- Invoking toplevel() on ptolemy.moml.MoMLSimpleApplication@615d4986
----------------- Done invoking toplevel() on ptolemy.moml.MoMLSimpleApplication@615d4986
reloadAllAccessors: .ExecStop

===========================================================================================
----------------- testing Mon Jul 06 15:01:58 UTC 2020 /home/travis/build/icyphy/ptII/ptolemy/actor/lib/test/auto/ExecutionTimeSDF.xml
----------------- Instantiating /home/travis/build/icyphy/ptII/ptolemy/actor/lib/test/auto/ExecutionTimeSDF.xml
Fired ExecutionTime: -1458167296
Fired ExecutionTime: 1333600000
Fired ExecutionTime: -42567296
6004 ms. Memory: 478208K Free: 265216K (55%)
----------------- Invoking toplevel() on ptolemy.moml.MoMLSimpleApplication@787c30c7
----------------- Done invoking toplevel() on ptolemy.moml.MoMLSimpleApplication@787c30c7
reloadAllAccessors: .ExecutionTimeSDF

===========================================================================================
----------------- testing Mon Jul 06 15:02:04 UTC 2020 /home/travis/build/icyphy/ptII/ptolemy/actor/lib/test/auto/Expression1.xml
----------------- Instantiating /home/travis/build/icyphy/ptII/ptolemy/actor/lib/test/auto/Expression1.xml
2 ms. Memory: 478208K Free: 261630K (55%)
----------------- Invoking toplevel() on ptolemy.moml.MoMLSimpleApplication@27c7b84a
----------------- Done invoking toplevel() on ptolemy.moml.MoMLSimpleApplication@27c7b84a
reloadAllAccessors: .Expression1

===========================================================================================
----------------- testing Mon Jul 06 15:02:04 UTC 2020 /home/travis/build/icyphy/ptII/ptolemy/actor/lib/test/auto/Expression10.xml
----------------- Instantiating /home/travis/build/icyphy/ptII/ptolemy/actor/lib/test/auto/Expression10.xml
19 ms. Memory: 478208K Free: 256510K (54%)
----------------- Invoking toplevel() on ptolemy.moml.MoMLSimpleApplication@a878519
----------------- Done invoking toplevel() on ptolemy.moml.MoMLSimpleApplication@a878519
reloadAllAccessors: .Expression10

===========================================================================================
----------------- testing Mon Jul 06 15:02:04 UTC 2020 /home/travis/build/icyphy/ptII/ptolemy/actor/lib/test/auto/Expression11.xml
----------------- Instantiating /home/travis/build/icyphy/ptII/ptolemy/actor/lib/test/auto/Expression11.xml
2 ms. Memory: 478208K Free: 251904K (53%)
----------------- Invoking toplevel() on ptolemy.moml.MoMLSimpleApplication@66f6fdee
----------------- Done invoking toplevel() on ptolemy.moml.MoMLSimpleApplication@66f6fdee
reloadAllAccessors: .Expression11

===========================================================================================
----------------- testing Mon Jul 06 15:02:04 UTC 2020 /home/travis/build/icyphy/ptII/ptolemy/actor/lib/test/auto/Expression12.xml
----------------- Instantiating /home/travis/build/icyphy/ptII/ptolemy/actor/lib/test/auto/Expression12.xml
2 ms. Memory: 478208K Free: 246784K (52%)
----------------- Invoking toplevel() on ptolemy.moml.MoMLSimpleApplication@3d0b4ff8
----------------- Done invoking toplevel() on ptolemy.moml.MoMLSimpleApplication@3d0b4ff8
reloadAllAccessors: .Expression12

===========================================================================================
----------------- testing Mon Jul 06 15:02:04 UTC 2020 /home/travis/build/icyphy/ptII/ptolemy/actor/lib/test/auto/Expression13.xml
----------------- Instantiating /home/travis/build/icyphy/ptII/ptolemy/actor/lib/test/auto/Expression13.xml
3 ms. Memory: 478208K Free: 241664K (51%)
----------------- Invoking toplevel() on ptolemy.moml.MoMLSimpleApplication@169797f5
----------------- Done invoking toplevel() on ptolemy.moml.MoMLSimpleApplication@169797f5
reloadAllAccessors: .Expression13

===========================================================================================
----------------- testing Mon Jul 06 15:02:04 UTC 2020 /home/travis/build/icyphy/ptII/ptolemy/actor/lib/test/auto/Expression14.xml
----------------- Instantiating /home/travis/build/icyphy/ptII/ptolemy/actor/lib/test/auto/Expression14.xml
8 ms. Memory: 478208K Free: 236030K (49%)
----------------- Invoking toplevel() on ptolemy.moml.MoMLSimpleApplication@679d620c
----------------- Done invoking toplevel() on ptolemy.moml.MoMLSimpleApplication@679d620c
reloadAllAccessors: .Expression14

===========================================================================================
----------------- testing Mon Jul 06 15:02:04 UTC 2020 /home/travis/build/icyphy/ptII/ptolemy/actor/lib/test/auto/Expression15.xml
----------------- Instantiating /home/travis/build/icyphy/ptII/ptolemy/actor/lib/test/auto/Expression15.xml
1 ms. Memory: 478208K Free: 231934K (49%)
----------------- Invoking toplevel() on ptolemy.moml.MoMLSimpleApplication@7c8ffab8
----------------- Done invoking toplevel() on ptolemy.moml.MoMLSimpleApplication@7c8ffab8
reloadAllAccessors: .Expression15

===========================================================================================
----------------- testing Mon Jul 06 15:02:04 UTC 2020 /home/travis/build/icyphy/ptII/ptolemy/actor/lib/test/auto/Expression16.xml
----------------- Instantiating /home/travis/build/icyphy/ptII/ptolemy/actor/lib/test/auto/Expression16.xml
3 ms. Memory: 478208K Free: 226814K (47%)
----------------- Invoking toplevel() on ptolemy.moml.MoMLSimpleApplication@1591d466
----------------- Done invoking toplevel() on ptolemy.moml.MoMLSimpleApplication@1591d466
reloadAllAccessors: .Expression16

===========================================================================================
----------------- testing Mon Jul 06 15:02:04 UTC 2020 /home/travis/build/icyphy/ptII/ptolemy/actor/lib/test/auto/Expression17.xml
----------------- Instantiating /home/travis/build/icyphy/ptII/ptolemy/actor/lib/test/auto/Expression17.xml
3 ms. Memory: 478208K Free: 222208K (46%)
----------------- Invoking toplevel() on ptolemy.moml.MoMLSimpleApplication@44910131
----------------- Done invoking toplevel() on ptolemy.moml.MoMLSimpleApplication@44910131
reloadAllAccessors: .Expression17

===========================================================================================
----------------- testing Mon Jul 06 15:02:04 UTC 2020 /home/travis/build/icyphy/ptII/ptolemy/actor/lib/test/auto/Expression18.xml
----------------- Instantiating /home/travis/build/icyphy/ptII/ptolemy/actor/lib/test/auto/Expression18.xml
3 ms. Memory: 478208K Free: 216574K (45%)
----------------- Invoking toplevel() on ptolemy.moml.MoMLSimpleApplication@513b4819
----------------- Done invoking toplevel() on ptolemy.moml.MoMLSimpleApplication@513b4819
reloadAllAccessors: .Expression18

===========================================================================================
----------------- testing Mon Jul 06 15:02:04 UTC 2020 /home/travis/build/icyphy/ptII/ptolemy/actor/lib/test/auto/Expression2.xml
----------------- Instantiating /home/travis/build/icyphy/ptII/ptolemy/actor/lib/test/auto/Expression2.xml
2 ms. Memory: 478208K Free: 211968K (44%)
----------------- Invoking toplevel() on ptolemy.moml.MoMLSimpleApplication@520a972
----------------- Done invoking toplevel() on ptolemy.moml.MoMLSimpleApplication@520a972
reloadAllAccessors: .Expression2

===========================================================================================
----------------- testing Mon Jul 06 15:02:04 UTC 2020 /home/travis/build/icyphy/ptII/ptolemy/actor/lib/test/auto/Expression3.xml
----------------- Instantiating /home/travis/build/icyphy/ptII/ptolemy/actor/lib/test/auto/Expression3.xml
5 ms. Memory: 478208K Free: 206848K (43%)
----------------- Invoking toplevel() on ptolemy.moml.MoMLSimpleApplication@7f2c2ba4
----------------- Done invoking toplevel() on ptolemy.moml.MoMLSimpleApplication@7f2c2ba4
reloadAllAccessors: .Expression3

===========================================================================================
----------------- testing Mon Jul 06 15:02:04 UTC 2020 /home/travis/build/icyphy/ptII/ptolemy/actor/lib/test/auto/Expression4.xml
----------------- Instantiating /home/travis/build/icyphy/ptII/ptolemy/actor/lib/test/auto/Expression4.xml
5 ms. Memory: 478208K Free: 199680K (42%)
----------------- Invoking toplevel() on ptolemy.moml.MoMLSimpleApplication@624ddb69
----------------- Done invoking toplevel() on ptolemy.moml.MoMLSimpleApplication@624ddb69
reloadAllAccessors: .Expression4

===========================================================================================
----------------- testing Mon Jul 06 15:02:04 UTC 2020 /home/travis/build/icyphy/ptII/ptolemy/actor/lib/test/auto/Expression5.xml
----------------- Instantiating /home/travis/build/icyphy/ptII/ptolemy/actor/lib/test/auto/Expression5.xml
3 ms. Memory: 478208K Free: 194560K (41%)
----------------- Invoking toplevel() on ptolemy.moml.MoMLSimpleApplication@4dac54f7
----------------- Done invoking toplevel() on ptolemy.moml.MoMLSimpleApplication@4dac54f7
reloadAllAccessors: .Expression5

===========================================================================================
----------------- testing Mon Jul 06 15:02:04 UTC 2020 /home/travis/build/icyphy/ptII/ptolemy/actor/lib/test/auto/Expression6.xml
----------------- Instantiating /home/travis/build/icyphy/ptII/ptolemy/actor/lib/test/auto/Expression6.xml
2 ms. Memory: 478208K Free: 189950K (40%)
----------------- Invoking toplevel() on ptolemy.moml.MoMLSimpleApplication@6f24e0fc
----------------- Done invoking toplevel() on ptolemy.moml.MoMLSimpleApplication@6f24e0fc
reloadAllAccessors: .Expression6

===========================================================================================
----------------- testing Mon Jul 06 15:02:04 UTC 2020 /home/travis/build/icyphy/ptII/ptolemy/actor/lib/test/auto/Expression7.xml
----------------- Instantiating /home/travis/build/icyphy/ptII/ptolemy/actor/lib/test/auto/Expression7.xml
2 ms. Memory: 478208K Free: 185344K (39%)
----------------- Invoking toplevel() on ptolemy.moml.MoMLSimpleApplication@44d672da
----------------- Done invoking toplevel() on ptolemy.moml.MoMLSimpleApplication@44d672da
reloadAllAccessors: .Expression7

===========================================================================================
----------------- testing Mon Jul 06 15:02:04 UTC 2020 /home/travis/build/icyphy/ptII/ptolemy/actor/lib/test/auto/Expression8.xml
----------------- Instantiating /home/travis/build/icyphy/ptII/ptolemy/actor/lib/test/auto/Expression8.xml
8 ms. Memory: 478208K Free: 180224K (38%)
----------------- Invoking toplevel() on ptolemy.moml.MoMLSimpleApplication@67fada22
----------------- Done invoking toplevel() on ptolemy.moml.MoMLSimpleApplication@67fada22
reloadAllAccessors: .Expression8

===========================================================================================
----------------- testing Mon Jul 06 15:02:04 UTC 2020 /home/travis/build/icyphy/ptII/ptolemy/actor/lib/test/auto/Expression9.xml
----------------- Instantiating /home/travis/build/icyphy/ptII/ptolemy/actor/lib/test/auto/Expression9.xml
2 ms. Memory: 478208K Free: 176638K (37%)
----------------- Invoking toplevel() on ptolemy.moml.MoMLSimpleApplication@21399fb0
----------------- Done invoking toplevel() on ptolemy.moml.MoMLSimpleApplication@21399fb0
reloadAllAccessors: .Expression9

===========================================================================================
----------------- testing Mon Jul 06 15:02:04 UTC 2020 /home/travis/build/icyphy/ptII/ptolemy/actor/lib/test/auto/ExpressionConcatenateArrayType.xml
----------------- Instantiating /home/travis/build/icyphy/ptII/ptolemy/actor/lib/test/auto/ExpressionConcatenateArrayType.xml
3 ms. Memory: 478208K Free: 169984K (36%)
----------------- Invoking toplevel() on ptolemy.moml.MoMLSimpleApplication@2792395c
----------------- Done invoking toplevel() on ptolemy.moml.MoMLSimpleApplication@2792395c
reloadAllAccessors: .ExpressionConcatenateArrayType

===========================================================================================
----------------- testing Mon Jul 06 15:02:04 UTC 2020 /home/travis/build/icyphy/ptII/ptolemy/actor/lib/test/auto/ExpressionConcatenateArrayType2.xml
----------------- Instantiating /home/travis/build/icyphy/ptII/ptolemy/actor/lib/test/auto/ExpressionConcatenateArrayType2.xml
3 ms. Memory: 478208K Free: 164350K (34%)
----------------- Invoking toplevel() on ptolemy.moml.MoMLSimpleApplication@2dcae85a
----------------- Done invoking toplevel() on ptolemy.moml.MoMLSimpleApplication@2dcae85a
reloadAllAccessors: .ExpressionConcatenateArrayType2

===========================================================================================
----------------- testing Mon Jul 06 15:02:04 UTC 2020 /home/travis/build/icyphy/ptII/ptolemy/actor/lib/test/auto/ExpressionFix.xml
----------------- Instantiating /home/travis/build/icyphy/ptII/ptolemy/actor/lib/test/auto/ExpressionFix.xml
25 ms. Memory: 478208K Free: 158206K (33%)
----------------- Invoking toplevel() on ptolemy.moml.MoMLSimpleApplication@379c6a7b
----------------- Done invoking toplevel() on ptolemy.moml.MoMLSimpleApplication@379c6a7b
reloadAllAccessors: .ExpressionFix

===========================================================================================
----------------- testing Mon Jul 06 15:02:04 UTC 2020 /home/travis/build/icyphy/ptII/ptolemy/actor/lib/test/auto/ExpressionFix2.xml
----------------- Instantiating /home/travis/build/icyphy/ptII/ptolemy/actor/lib/test/auto/ExpressionFix2.xml
4 ms. Memory: 478208K Free: 154110K (32%)
----------------- Invoking toplevel() on ptolemy.moml.MoMLSimpleApplication@ad13aca
----------------- Done invoking toplevel() on ptolemy.moml.MoMLSimpleApplication@ad13aca
reloadAllAccessors: .ExpressionFix2

===========================================================================================
----------------- testing Mon Jul 06 15:02:04 UTC 2020 /home/travis/build/icyphy/ptII/ptolemy/actor/lib/test/auto/ExpressionFix3.xml
----------------- Instantiating /home/travis/build/icyphy/ptII/ptolemy/actor/lib/test/auto/ExpressionFix3.xml
3 ms. Memory: 688128K Free: 635390K (92%)
----------------- Invoking toplevel() on ptolemy.moml.MoMLSimpleApplication@5a9611b7
----------------- Done invoking toplevel() on ptolemy.moml.MoMLSimpleApplication@5a9611b7
reloadAllAccessors: .ExpressionFix3

===========================================================================================
----------------- testing Mon Jul 06 15:02:04 UTC 2020 /home/travis/build/icyphy/ptII/ptolemy/actor/lib/test/auto/FileWriter1.xml
----------------- Instantiating /home/travis/build/icyphy/ptII/ptolemy/actor/lib/test/auto/FileWriter1.xml
3 ms. Memory: 688128K Free: 631294K (92%)
----------------- Invoking toplevel() on ptolemy.moml.MoMLSimpleApplication@324e667e
----------------- Done invoking toplevel() on ptolemy.moml.MoMLSimpleApplication@324e667e
reloadAllAccessors: .FileWriter1

===========================================================================================
----------------- testing Mon Jul 06 15:02:04 UTC 2020 /home/travis/build/icyphy/ptII/ptolemy/actor/lib/test/auto/FileWriter2.xml
----------------- Instantiating /home/travis/build/icyphy/ptII/ptolemy/actor/lib/test/auto/FileWriter2.xml
3 ms. Memory: 688128K Free: 626688K (91%)
----------------- Invoking toplevel() on ptolemy.moml.MoMLSimpleApplication@8ff2b3
----------------- Done invoking toplevel() on ptolemy.moml.MoMLSimpleApplication@8ff2b3
reloadAllAccessors: .FileWriter2

===========================================================================================
----------------- testing Mon Jul 06 15:02:04 UTC 2020 /home/travis/build/icyphy/ptII/ptolemy/actor/lib/test/auto/FileWriter3.xml
----------------- Instantiating /home/travis/build/icyphy/ptII/ptolemy/actor/lib/test/auto/FileWriter3.xml
3 ms. Memory: 688128K Free: 623102K (91%)
----------------- Invoking toplevel() on ptolemy.moml.MoMLSimpleApplication@6c332920
----------------- Done invoking toplevel() on ptolemy.moml.MoMLSimpleApplication@6c332920
reloadAllAccessors: .FileWriter3

===========================================================================================
----------------- testing Mon Jul 06 15:02:04 UTC 2020 /home/travis/build/icyphy/ptII/ptolemy/actor/lib/test/auto/Gaussian.xml
----------------- Instantiating /home/travis/build/icyphy/ptII/ptolemy/actor/lib/test/auto/Gaussian.xml
1 ms. Memory: 688128K Free: 618496K (90%)
----------------- Invoking toplevel() on ptolemy.moml.MoMLSimpleApplication@56cce53b
----------------- Done invoking toplevel() on ptolemy.moml.MoMLSimpleApplication@56cce53b
reloadAllAccessors: .Gaussian

===========================================================================================
----------------- testing Mon Jul 06 15:02:05 UTC 2020 /home/travis/build/icyphy/ptII/ptolemy/actor/lib/test/auto/Gaussian1.xml
----------------- Instantiating /home/travis/build/icyphy/ptII/ptolemy/actor/lib/test/auto/Gaussian1.xml
2 ms. Memory: 688128K Free: 612847K (89%)
----------------- Invoking toplevel() on ptolemy.moml.MoMLSimpleApplication@6e8d04e
----------------- Done invoking toplevel() on ptolemy.moml.MoMLSimpleApplication@6e8d04e
reloadAllAccessors: .Gaussian1

===========================================================================================
----------------- testing Mon Jul 06 15:02:05 UTC 2020 /home/travis/build/icyphy/ptII/ptolemy/actor/lib/test/auto/Gaussian2.xml
----------------- Instantiating /home/travis/build/icyphy/ptII/ptolemy/actor/lib/test/auto/Gaussian2.xml
12 ms. Memory: 688128K Free: 607727K (88%)
----------------- Invoking toplevel() on ptolemy.moml.MoMLSimpleApplication@5058fc84
----------------- Done invoking toplevel() on ptolemy.moml.MoMLSimpleApplication@5058fc84
reloadAllAccessors: .Gaussian2

===========================================================================================
----------------- testing Mon Jul 06 15:02:05 UTC 2020 /home/travis/build/icyphy/ptII/ptolemy/actor/lib/test/auto/GradientAdaptiveLattice.xml
----------------- Instantiating /home/travis/build/icyphy/ptII/ptolemy/actor/lib/test/auto/GradientAdaptiveLattice.xml
5 ms. Memory: 688128K Free: 602622K (88%)
----------------- Invoking toplevel() on ptolemy.moml.MoMLSimpleApplication@609845a4
----------------- Done invoking toplevel() on ptolemy.moml.MoMLSimpleApplication@609845a4
reloadAllAccessors: .GradientAdaptiveLattice

===========================================================================================
----------------- testing Mon Jul 06 15:02:05 UTC 2020 /home/travis/build/icyphy/ptII/ptolemy/actor/lib/test/auto/IIR.xml
----------------- Instantiating /home/travis/build/icyphy/ptII/ptolemy/actor/lib/test/auto/IIR.xml
1 ms. Memory: 688128K Free: 598016K (87%)
----------------- Invoking toplevel() on ptolemy.moml.MoMLSimpleApplication@725fa4de
----------------- Done invoking toplevel() on ptolemy.moml.MoMLSimpleApplication@725fa4de
reloadAllAccessors: .IIR

===========================================================================================
----------------- testing Mon Jul 06 15:02:05 UTC 2020 /home/travis/build/icyphy/ptII/ptolemy/actor/lib/test/auto/InputOutputTransparentPorts.xml
----------------- Instantiating /home/travis/build/icyphy/ptII/ptolemy/actor/lib/test/auto/InputOutputTransparentPorts.xml
2 ms. Memory: 688128K Free: 591358K (86%)
----------------- Invoking toplevel() on ptolemy.moml.MoMLSimpleApplication@141b2ff1
----------------- Done invoking toplevel() on ptolemy.moml.MoMLSimpleApplication@141b2ff1
reloadAllAccessors: .InputOutputTransparentPorts

===========================================================================================
----------------- testing Mon Jul 06 15:02:05 UTC 2020 /home/travis/build/icyphy/ptII/ptolemy/actor/lib/test/auto/Interpolator.xml
----------------- Instantiating /home/travis/build/icyphy/ptII/ptolemy/actor/lib/test/auto/Interpolator.xml
4 ms. Memory: 688128K Free: 587262K (85%)
----------------- Invoking toplevel() on ptolemy.moml.MoMLSimpleApplication@7833d45e
----------------- Done invoking toplevel() on ptolemy.moml.MoMLSimpleApplication@7833d45e
reloadAllAccessors: .Interpolator

===========================================================================================
----------------- testing Mon Jul 06 15:02:05 UTC 2020 /home/travis/build/icyphy/ptII/ptolemy/actor/lib/test/auto/InterpolatorFiringLimitDE.xml
----------------- Instantiating /home/travis/build/icyphy/ptII/ptolemy/actor/lib/test/auto/InterpolatorFiringLimitDE.xml
3 ms. Memory: 688128K Free: 581118K (84%)
----------------- Invoking toplevel() on ptolemy.moml.MoMLSimpleApplication@67932b25
----------------- Done invoking toplevel() on ptolemy.moml.MoMLSimpleApplication@67932b25
reloadAllAccessors: .InterpolatorFiringLimitDE

===========================================================================================
----------------- testing Mon Jul 06 15:02:05 UTC 2020 /home/travis/build/icyphy/ptII/ptolemy/actor/lib/test/auto/Lattice.xml
----------------- Instantiating /home/travis/build/icyphy/ptII/ptolemy/actor/lib/test/auto/Lattice.xml
2 ms. Memory: 688128K Free: 577022K (84%)
----------------- Invoking toplevel() on ptolemy.moml.MoMLSimpleApplication@6bfbb644
----------------- Done invoking toplevel() on ptolemy.moml.MoMLSimpleApplication@6bfbb644
reloadAllAccessors: .Lattice

===========================================================================================
----------------- testing Mon Jul 06 15:02:05 UTC 2020 /home/travis/build/icyphy/ptII/ptolemy/actor/lib/test/auto/LazyAOCTestLazy.xml
----------------- Instantiating /home/travis/build/icyphy/ptII/ptolemy/actor/lib/test/auto/LazyAOCTestLazy.xml
17 ms. Memory: 688128K Free: 570847K (83%)
----------------- Invoking toplevel() on ptolemy.moml.MoMLSimpleApplication@46c70666
----------------- Done invoking toplevel() on ptolemy.moml.MoMLSimpleApplication@46c70666
reloadAllAccessors: .LazyAOCTestLazy

===========================================================================================
----------------- testing Mon Jul 06 15:02:05 UTC 2020 /home/travis/build/icyphy/ptII/ptolemy/actor/lib/test/auto/LazyAOCTestNonLazy.xml
----------------- Instantiating /home/travis/build/icyphy/ptII/ptolemy/actor/lib/test/auto/LazyAOCTestNonLazy.xml
2 ms. Memory: 688128K Free: 564734K (82%)
----------------- Invoking toplevel() on ptolemy.moml.MoMLSimpleApplication@58387923
----------------- Done invoking toplevel() on ptolemy.moml.MoMLSimpleApplication@58387923
reloadAllAccessors: .LazyAOCTestNonLazy

===========================================================================================
----------------- testing Mon Jul 06 15:02:05 UTC 2020 /home/travis/build/icyphy/ptII/ptolemy/actor/lib/test/auto/LazyInnerClass.xml
----------------- Instantiating /home/travis/build/icyphy/ptII/ptolemy/actor/lib/test/auto/LazyInnerClass.xml
14 ms. Memory: 688128K Free: 556032K (81%)
----------------- Invoking toplevel() on ptolemy.moml.MoMLSimpleApplication@dc89ac0
----------------- Done invoking toplevel() on ptolemy.moml.MoMLSimpleApplication@dc89ac0
reloadAllAccessors: .LazyInnerClass

===========================================================================================
----------------- testing Mon Jul 06 15:02:05 UTC 2020 /home/travis/build/icyphy/ptII/ptolemy/actor/lib/test/auto/LazyPubSub.xml
----------------- Instantiating /home/travis/build/icyphy/ptII/ptolemy/actor/lib/test/auto/LazyPubSub.xml
40 ms. Memory: 688128K Free: 545792K (79%)
----------------- Invoking toplevel() on ptolemy.moml.MoMLSimpleApplication@7a03c218
----------------- Done invoking toplevel() on ptolemy.moml.MoMLSimpleApplication@7a03c218
reloadAllAccessors: .LazyPubSub

===========================================================================================
----------------- testing Mon Jul 06 15:02:05 UTC 2020 /home/travis/build/icyphy/ptII/ptolemy/actor/lib/test/auto/LazyPubSub2.xml
----------------- Instantiating /home/travis/build/icyphy/ptII/ptolemy/actor/lib/test/auto/LazyPubSub2.xml
15 ms. Memory: 688128K Free: 536576K (78%)
----------------- Invoking toplevel() on ptolemy.moml.MoMLSimpleApplication@3794cc1a
----------------- Done invoking toplevel() on ptolemy.moml.MoMLSimpleApplication@3794cc1a
reloadAllAccessors: .LazyPubSub2

===========================================================================================
----------------- testing Mon Jul 06 15:02:05 UTC 2020 /home/travis/build/icyphy/ptII/ptolemy/actor/lib/test/auto/LazyPubSub3.xml
----------------- Instantiating /home/travis/build/icyphy/ptII/ptolemy/actor/lib/test/auto/LazyPubSub3.xml
19 ms. Memory: 688128K Free: 526336K (76%)
----------------- Invoking toplevel() on ptolemy.moml.MoMLSimpleApplication@510d828a
----------------- Done invoking toplevel() on ptolemy.moml.MoMLSimpleApplication@510d828a
reloadAllAccessors: .LazyPubSub3

===========================================================================================
----------------- testing Mon Jul 06 15:02:05 UTC 2020 /home/travis/build/icyphy/ptII/ptolemy/actor/lib/test/auto/LazySubClassModel.xml
----------------- Instantiating /home/travis/build/icyphy/ptII/ptolemy/actor/lib/test/auto/LazySubClassModel.xml
2 ms. Memory: 688128K Free: 517120K (75%)
----------------- Invoking toplevel() on ptolemy.moml.MoMLSimpleApplication@4fd0ad6a
----------------- Done invoking toplevel() on ptolemy.moml.MoMLSimpleApplication@4fd0ad6a
reloadAllAccessors: .LazySubClassModel

===========================================================================================
----------------- testing Mon Jul 06 15:02:05 UTC 2020 /home/travis/build/icyphy/ptII/ptolemy/actor/lib/test/auto/LevelCrossTest1.xml
----------------- Instantiating /home/travis/build/icyphy/ptII/ptolemy/actor/lib/test/auto/LevelCrossTest1.xml
1 ms. Memory: 688128K Free: 512000K (74%)
----------------- Invoking toplevel() on ptolemy.moml.MoMLSimpleApplication@351e0270
----------------- Done invoking toplevel() on ptolemy.moml.MoMLSimpleApplication@351e0270
reloadAllAccessors: .broken

===========================================================================================
----------------- testing Mon Jul 06 15:02:05 UTC 2020 /home/travis/build/icyphy/ptII/ptolemy/actor/lib/test/auto/LevelCrossTest10.xml
----------------- Instantiating /home/travis/build/icyphy/ptII/ptolemy/actor/lib/test/auto/LevelCrossTest10.xml
2 ms. Memory: 688128K Free: 504318K (73%)
----------------- Invoking toplevel() on ptolemy.moml.MoMLSimpleApplication@75f4185a
----------------- Done invoking toplevel() on ptolemy.moml.MoMLSimpleApplication@75f4185a
reloadAllAccessors: .LevelCrossTest10

===========================================================================================
----------------- testing Mon Jul 06 15:02:05 UTC 2020 /home/travis/build/icyphy/ptII/ptolemy/actor/lib/test/auto/LevelCrossTest11.xml
----------------- Instantiating /home/travis/build/icyphy/ptII/ptolemy/actor/lib/test/auto/LevelCrossTest11.xml
4 ms. Memory: 688128K Free: 496640K (72%)
----------------- Invoking toplevel() on ptolemy.moml.MoMLSimpleApplication@7a0123bf
----------------- Done invoking toplevel() on ptolemy.moml.MoMLSimpleApplication@7a0123bf
reloadAllAccessors: .LevelCrossTest11

===========================================================================================
----------------- testing Mon Jul 06 15:02:05 UTC 2020 /home/travis/build/icyphy/ptII/ptolemy/actor/lib/test/auto/LevelCrossTest12.xml
----------------- Instantiating /home/travis/build/icyphy/ptII/ptolemy/actor/lib/test/auto/LevelCrossTest12.xml
1 ms. Memory: 688128K Free: 489982K (71%)
----------------- Invoking toplevel() on ptolemy.moml.MoMLSimpleApplication@55efd847
----------------- Done invoking toplevel() on ptolemy.moml.MoMLSimpleApplication@55efd847
reloadAllAccessors: .LevelCrossTest12

===========================================================================================
----------------- testing Mon Jul 06 15:02:05 UTC 2020 /home/travis/build/icyphy/ptII/ptolemy/actor/lib/test/auto/LevelCrossTest13.xml
----------------- Instantiating /home/travis/build/icyphy/ptII/ptolemy/actor/lib/test/auto/LevelCrossTest13.xml
2 ms. Memory: 688128K Free: 481790K (70%)
----------------- Invoking toplevel() on ptolemy.moml.MoMLSimpleApplication@530b8269
----------------- Done invoking toplevel() on ptolemy.moml.MoMLSimpleApplication@530b8269
reloadAllAccessors: .LevelCrossTest13

===========================================================================================
----------------- testing Mon Jul 06 15:02:05 UTC 2020 /home/travis/build/icyphy/ptII/ptolemy/actor/lib/test/auto/LevelCrossTest2.xml
----------------- Instantiating /home/travis/build/icyphy/ptII/ptolemy/actor/lib/test/auto/LevelCrossTest2.xml
1 ms. Memory: 688128K Free: 476160K (69%)
----------------- Invoking toplevel() on ptolemy.moml.MoMLSimpleApplication@6aab9378
----------------- Done invoking toplevel() on ptolemy.moml.MoMLSimpleApplication@6aab9378
reloadAllAccessors: .broken

===========================================================================================
----------------- testing Mon Jul 06 15:02:05 UTC 2020 /home/travis/build/icyphy/ptII/ptolemy/actor/lib/test/auto/LevelCrossTest3.xml
----------------- Instantiating /home/travis/build/icyphy/ptII/ptolemy/actor/lib/test/auto/LevelCrossTest3.xml
1 ms. Memory: 688128K Free: 470016K (68%)
----------------- Invoking toplevel() on ptolemy.moml.MoMLSimpleApplication@17cd798e
----------------- Done invoking toplevel() on ptolemy.moml.MoMLSimpleApplication@17cd798e
reloadAllAccessors: .LevelCrossTest3

===========================================================================================
----------------- testing Mon Jul 06 15:02:05 UTC 2020 /home/travis/build/icyphy/ptII/ptolemy/actor/lib/test/auto/LevelCrossTest4.xml
----------------- Instantiating /home/travis/build/icyphy/ptII/ptolemy/actor/lib/test/auto/LevelCrossTest4.xml
2 ms. Memory: 688128K Free: 464382K (67%)
----------------- Invoking toplevel() on ptolemy.moml.MoMLSimpleApplication@595c8854
----------------- Done invoking toplevel() on ptolemy.moml.MoMLSimpleApplication@595c8854
reloadAllAccessors: .broken

===========================================================================================
----------------- testing Mon Jul 06 15:02:05 UTC 2020 /home/travis/build/icyphy/ptII/ptolemy/actor/lib/test/auto/LevelCrossTest5.xml
----------------- Instantiating /home/travis/build/icyphy/ptII/ptolemy/actor/lib/test/auto/LevelCrossTest5.xml
1 ms. Memory: 688128K Free: 457728K (67%)
----------------- Invoking toplevel() on ptolemy.moml.MoMLSimpleApplication@5f2a9cae
----------------- Done invoking toplevel() on ptolemy.moml.MoMLSimpleApplication@5f2a9cae
reloadAllAccessors: .LevelCrossTest5

===========================================================================================
----------------- testing Mon Jul 06 15:02:05 UTC 2020 /home/travis/build/icyphy/ptII/ptolemy/actor/lib/test/auto/LevelCrossTest6.xml
----------------- Instantiating /home/travis/build/icyphy/ptII/ptolemy/actor/lib/test/auto/LevelCrossTest6.xml
1 ms. Memory: 688128K Free: 450560K (65%)
----------------- Invoking toplevel() on ptolemy.moml.MoMLSimpleApplication@299552fd
----------------- Done invoking toplevel() on ptolemy.moml.MoMLSimpleApplication@299552fd
reloadAllAccessors: .LevelCrossTest6

===========================================================================================
----------------- testing Mon Jul 06 15:02:05 UTC 2020 /home/travis/build/icyphy/ptII/ptolemy/actor/lib/test/auto/LevelCrossTest7.xml
----------------- Instantiating /home/travis/build/icyphy/ptII/ptolemy/actor/lib/test/auto/LevelCrossTest7.xml
1 ms. Memory: 688128K Free: 442878K (64%)
----------------- Invoking toplevel() on ptolemy.moml.MoMLSimpleApplication@6bf7bceb
----------------- Done invoking toplevel() on ptolemy.moml.MoMLSimpleApplication@6bf7bceb
reloadAllAccessors: .LevelCrossTest7

===========================================================================================
----------------- testing Mon Jul 06 15:02:05 UTC 2020 /home/travis/build/icyphy/ptII/ptolemy/actor/lib/test/auto/LevelCrossTest8.xml
----------------- Instantiating /home/travis/build/icyphy/ptII/ptolemy/actor/lib/test/auto/LevelCrossTest8.xml
1 ms. Memory: 688128K Free: 435710K (63%)
----------------- Invoking toplevel() on ptolemy.moml.MoMLSimpleApplication@350faba6
----------------- Done invoking toplevel() on ptolemy.moml.MoMLSimpleApplication@350faba6
reloadAllAccessors: .LevelCrossTest8

===========================================================================================
----------------- testing Mon Jul 06 15:02:05 UTC 2020 /home/travis/build/icyphy/ptII/ptolemy/actor/lib/test/auto/LevelCrossTest9.xml
----------------- Instantiating /home/travis/build/icyphy/ptII/ptolemy/actor/lib/test/auto/LevelCrossTest9.xml
1 ms. Memory: 688128K Free: 429056K (62%)
----------------- Invoking toplevel() on ptolemy.moml.MoMLSimpleApplication@404e2933
----------------- Done invoking toplevel() on ptolemy.moml.MoMLSimpleApplication@404e2933
reloadAllAccessors: .LevelCrossTest9

===========================================================================================
----------------- testing Mon Jul 06 15:02:05 UTC 2020 /home/travis/build/icyphy/ptII/ptolemy/actor/lib/test/auto/LevinsonDurbin.xml
----------------- Instantiating /home/travis/build/icyphy/ptII/ptolemy/actor/lib/test/auto/LevinsonDurbin.xml
2 ms. Memory: 688128K Free: 425470K (62%)
----------------- Invoking toplevel() on ptolemy.moml.MoMLSimpleApplication@5b76f15a
----------------- Done invoking toplevel() on ptolemy.moml.MoMLSimpleApplication@5b76f15a
reloadAllAccessors: .LevinsonDurbin

===========================================================================================
----------------- testing Mon Jul 06 15:02:05 UTC 2020 /home/travis/build/icyphy/ptII/ptolemy/actor/lib/test/auto/LevinsonDurbin2.xml
----------------- Instantiating /home/travis/build/icyphy/ptII/ptolemy/actor/lib/test/auto/LevinsonDurbin2.xml
1 ms. Memory: 688128K Free: 421374K (61%)
----------------- Invoking toplevel() on ptolemy.moml.MoMLSimpleApplication@745c7679
----------------- Done invoking toplevel() on ptolemy.moml.MoMLSimpleApplication@745c7679
reloadAllAccessors: .LevinsonDurbin2

===========================================================================================
----------------- testing Mon Jul 06 15:02:05 UTC 2020 /home/travis/build/icyphy/ptII/ptolemy/actor/lib/test/auto/LevinsonDurbin3.xml
----------------- Instantiating /home/travis/build/icyphy/ptII/ptolemy/actor/lib/test/auto/LevinsonDurbin3.xml
3 ms. Memory: 688128K Free: 417278K (61%)
----------------- Invoking toplevel() on ptolemy.moml.MoMLSimpleApplication@4525af
----------------- Done invoking toplevel() on ptolemy.moml.MoMLSimpleApplication@4525af
reloadAllAccessors: .LevinsonDurbin3

===========================================================================================
----------------- testing Mon Jul 06 15:02:05 UTC 2020 /home/travis/build/icyphy/ptII/ptolemy/actor/lib/test/auto/Limiter.xml
----------------- Instantiating /home/travis/build/icyphy/ptII/ptolemy/actor/lib/test/auto/Limiter.xml
4 ms. Memory: 688128K Free: 408576K (59%)
----------------- Invoking toplevel() on ptolemy.moml.MoMLSimpleApplication@2fc5eb4f
----------------- Done invoking toplevel() on ptolemy.moml.MoMLSimpleApplication@2fc5eb4f
reloadAllAccessors: .Limiter

===========================================================================================
----------------- testing Mon Jul 06 15:02:05 UTC 2020 /home/travis/build/icyphy/ptII/ptolemy/actor/lib/test/auto/LinearDifferenceEquationSystem.xml
----------------- Instantiating /home/travis/build/icyphy/ptII/ptolemy/actor/lib/test/auto/LinearDifferenceEquationSystem.xml
11 ms. Memory: 688128K Free: 400894K (58%)
----------------- Invoking toplevel() on ptolemy.moml.MoMLSimpleApplication@8682ef0
----------------- Done invoking toplevel() on ptolemy.moml.MoMLSimpleApplication@8682ef0
reloadAllAccessors: .LinearDifferenceEquationSystem

===========================================================================================
----------------- testing Mon Jul 06 15:02:05 UTC 2020 /home/travis/build/icyphy/ptII/ptolemy/actor/lib/test/auto/LookupTable.xml
----------------- Instantiating /home/travis/build/icyphy/ptII/ptolemy/actor/lib/test/auto/LookupTable.xml
4 ms. Memory: 688128K Free: 396288K (58%)
----------------- Invoking toplevel() on ptolemy.moml.MoMLSimpleApplication@2bba68c
----------------- Done invoking toplevel() on ptolemy.moml.MoMLSimpleApplication@2bba68c
reloadAllAccessors: .LookupTable

===========================================================================================
----------------- testing Mon Jul 06 15:02:05 UTC 2020 /home/travis/build/icyphy/ptII/ptolemy/actor/lib/test/auto/MathFunction.xml
----------------- Instantiating /home/travis/build/icyphy/ptII/ptolemy/actor/lib/test/auto/MathFunction.xml
2 ms. Memory: 688128K Free: 388096K (56%)
----------------- Invoking toplevel() on ptolemy.moml.MoMLSimpleApplication@6100ec22
----------------- Done invoking toplevel() on ptolemy.moml.MoMLSimpleApplication@6100ec22
reloadAllAccessors: .MathFunction

===========================================================================================
----------------- testing Mon Jul 06 15:02:05 UTC 2020 /home/travis/build/icyphy/ptII/ptolemy/actor/lib/test/auto/MathFunction2.xml
----------------- Instantiating /home/travis/build/icyphy/ptII/ptolemy/actor/lib/test/auto/MathFunction2.xml
5 ms. Memory: 688128K Free: 384510K (56%)
----------------- Invoking toplevel() on ptolemy.moml.MoMLSimpleApplication@7476f85d
----------------- Done invoking toplevel() on ptolemy.moml.MoMLSimpleApplication@7476f85d
reloadAllAccessors: .MathFunction2

===========================================================================================
----------------- testing Mon Jul 06 15:02:05 UTC 2020 /home/travis/build/icyphy/ptII/ptolemy/actor/lib/test/auto/MathFunction3.xml
----------------- Instantiating /home/travis/build/icyphy/ptII/ptolemy/actor/lib/test/auto/MathFunction3.xml
2 ms. Memory: 688128K Free: 377342K (55%)
----------------- Invoking toplevel() on ptolemy.moml.MoMLSimpleApplication@1954bfe4
----------------- Done invoking toplevel() on ptolemy.moml.MoMLSimpleApplication@1954bfe4
reloadAllAccessors: .MathFunction3

===========================================================================================
----------------- testing Mon Jul 06 15:02:05 UTC 2020 /home/travis/build/icyphy/ptII/ptolemy/actor/lib/test/auto/MatrixCropBoolean.xml
----------------- Instantiating /home/travis/build/icyphy/ptII/ptolemy/actor/lib/test/auto/MatrixCropBoolean.xml
1 ms. Memory: 688128K Free: 372207K (54%)
----------------- Invoking toplevel() on ptolemy.moml.MoMLSimpleApplication@413ee57a
----------------- Done invoking toplevel() on ptolemy.moml.MoMLSimpleApplication@413ee57a
reloadAllAccessors: .MatrixCropBoolean

===========================================================================================
----------------- testing Mon Jul 06 15:02:06 UTC 2020 /home/travis/build/icyphy/ptII/ptolemy/actor/lib/test/auto/MatrixCropComplex.xml
----------------- Instantiating /home/travis/build/icyphy/ptII/ptolemy/actor/lib/test/auto/MatrixCropComplex.xml
1 ms. Memory: 688128K Free: 367616K (53%)
----------------- Invoking toplevel() on ptolemy.moml.MoMLSimpleApplication@30f5ca93
----------------- Done invoking toplevel() on ptolemy.moml.MoMLSimpleApplication@30f5ca93
reloadAllAccessors: .MatrixCropComplex

===========================================================================================
----------------- testing Mon Jul 06 15:02:06 UTC 2020 /home/travis/build/icyphy/ptII/ptolemy/actor/lib/test/auto/MatrixCropDouble.xml
----------------- Instantiating /home/travis/build/icyphy/ptII/ptolemy/actor/lib/test/auto/MatrixCropDouble.xml
2 ms. Memory: 688128K Free: 362975K (53%)
----------------- Invoking toplevel() on ptolemy.moml.MoMLSimpleApplication@ed36f9
----------------- Done invoking toplevel() on ptolemy.moml.MoMLSimpleApplication@ed36f9
reloadAllAccessors: .MatrixCropDouble

===========================================================================================
----------------- testing Mon Jul 06 15:02:06 UTC 2020 /home/travis/build/icyphy/ptII/ptolemy/actor/lib/test/auto/MatrixCropFix.xml
----------------- Instantiating /home/travis/build/icyphy/ptII/ptolemy/actor/lib/test/auto/MatrixCropFix.xml
1 ms. Memory: 688128K Free: 357871K (52%)
----------------- Invoking toplevel() on ptolemy.moml.MoMLSimpleApplication@29e21cc0
----------------- Done invoking toplevel() on ptolemy.moml.MoMLSimpleApplication@29e21cc0
reloadAllAccessors: .MatrixCropFix

===========================================================================================
----------------- testing Mon Jul 06 15:02:06 UTC 2020 /home/travis/build/icyphy/ptII/ptolemy/actor/lib/test/auto/MatrixCropInt.xml
----------------- Instantiating /home/travis/build/icyphy/ptII/ptolemy/actor/lib/test/auto/MatrixCropInt.xml
2 ms. Memory: 688128K Free: 353280K (51%)
----------------- Invoking toplevel() on ptolemy.moml.MoMLSimpleApplication@63f096d0
----------------- Done invoking toplevel() on ptolemy.moml.MoMLSimpleApplication@63f096d0
reloadAllAccessors: .MatrixCropInt

===========================================================================================
----------------- testing Mon Jul 06 15:02:06 UTC 2020 /home/travis/build/icyphy/ptII/ptolemy/actor/lib/test/auto/MatrixCropLong.xml
----------------- Instantiating /home/travis/build/icyphy/ptII/ptolemy/actor/lib/test/auto/MatrixCropLong.xml
3 ms. Memory: 688128K Free: 348160K (51%)
----------------- Invoking toplevel() on ptolemy.moml.MoMLSimpleApplication@716f2744
----------------- Done invoking toplevel() on ptolemy.moml.MoMLSimpleApplication@716f2744
reloadAllAccessors: .MatrixCropLong

===========================================================================================
----------------- testing Mon Jul 06 15:02:06 UTC 2020 /home/travis/build/icyphy/ptII/ptolemy/actor/lib/test/auto/MatrixToArray.xml
----------------- Instantiating /home/travis/build/icyphy/ptII/ptolemy/actor/lib/test/auto/MatrixToArray.xml
7 ms. Memory: 688128K Free: 333310K (48%)
----------------- Invoking toplevel() on ptolemy.moml.MoMLSimpleApplication@2b30f3cf
----------------- Done invoking toplevel() on ptolemy.moml.MoMLSimpleApplication@2b30f3cf
reloadAllAccessors: .MatrixToArray

===========================================================================================
----------------- testing Mon Jul 06 15:02:06 UTC 2020 /home/travis/build/icyphy/ptII/ptolemy/actor/lib/test/auto/MaxIndex.xml
----------------- Instantiating /home/travis/build/icyphy/ptII/ptolemy/actor/lib/test/auto/MaxIndex.xml
2 ms. Memory: 688128K Free: 328190K (48%)
----------------- Invoking toplevel() on ptolemy.moml.MoMLSimpleApplication@22c1e38c
----------------- Done invoking toplevel() on ptolemy.moml.MoMLSimpleApplication@22c1e38c
reloadAllAccessors: .MaxIndex

===========================================================================================
----------------- testing Mon Jul 06 15:02:06 UTC 2020 /home/travis/build/icyphy/ptII/ptolemy/actor/lib/test/auto/Maximum.xml
----------------- Instantiating /home/travis/build/icyphy/ptII/ptolemy/actor/lib/test/auto/Maximum.xml
2 ms. Memory: 688128K Free: 321536K (47%)
----------------- Invoking toplevel() on ptolemy.moml.MoMLSimpleApplication@7d422805
----------------- Done invoking toplevel() on ptolemy.moml.MoMLSimpleApplication@7d422805
reloadAllAccessors: .Maximum

===========================================================================================
----------------- testing Mon Jul 06 15:02:06 UTC 2020 /home/travis/build/icyphy/ptII/ptolemy/actor/lib/test/auto/MaximumComplex.xml
----------------- Instantiating /home/travis/build/icyphy/ptII/ptolemy/actor/lib/test/auto/MaximumComplex.xml
6 ms. Memory: 688128K Free: 315392K (46%)
----------------- Invoking toplevel() on ptolemy.moml.MoMLSimpleApplication@35346a0c
----------------- Done invoking toplevel() on ptolemy.moml.MoMLSimpleApplication@35346a0c
reloadAllAccessors: .MaximumComplex

===========================================================================================
----------------- testing Mon Jul 06 15:02:06 UTC 2020 /home/travis/build/icyphy/ptII/ptolemy/actor/lib/test/auto/MethodCallTest.xml
----------------- Instantiating /home/travis/build/icyphy/ptII/ptolemy/actor/lib/test/auto/MethodCallTest.xml
36 ms. Memory: 688128K Free: 637440K (93%)
----------------- Invoking toplevel() on ptolemy.moml.MoMLSimpleApplication@6402d133
----------------- Done invoking toplevel() on ptolemy.moml.MoMLSimpleApplication@6402d133
reloadAllAccessors: .MethodCallTest

===========================================================================================
----------------- testing Mon Jul 06 15:02:06 UTC 2020 /home/travis/build/icyphy/ptII/ptolemy/actor/lib/test/auto/Minimum.xml
----------------- Instantiating /home/travis/build/icyphy/ptII/ptolemy/actor/lib/test/auto/Minimum.xml
2 ms. Memory: 688128K Free: 630272K (92%)
----------------- Invoking toplevel() on ptolemy.moml.MoMLSimpleApplication@56114019
----------------- Done invoking toplevel() on ptolemy.moml.MoMLSimpleApplication@56114019
reloadAllAccessors: .Minimum

===========================================================================================
----------------- testing Mon Jul 06 15:02:06 UTC 2020 /home/travis/build/icyphy/ptII/ptolemy/actor/lib/test/auto/MinimumComplex.xml
----------------- Instantiating /home/travis/build/icyphy/ptII/ptolemy/actor/lib/test/auto/MinimumComplex.xml
3 ms. Memory: 688128K Free: 624128K (91%)
----------------- Invoking toplevel() on ptolemy.moml.MoMLSimpleApplication@e2190a0
----------------- Done invoking toplevel() on ptolemy.moml.MoMLSimpleApplication@e2190a0
reloadAllAccessors: .MinimumComplex

===========================================================================================
----------------- testing Mon Jul 06 15:02:06 UTC 2020 /home/travis/build/icyphy/ptII/ptolemy/actor/lib/test/auto/MinimumMultiports.xml
----------------- Instantiating /home/travis/build/icyphy/ptII/ptolemy/actor/lib/test/auto/MinimumMultiports.xml
4 ms. Memory: 688128K Free: 615936K (90%)
----------------- Invoking toplevel() on ptolemy.moml.MoMLSimpleApplication@394bfe58
----------------- Done invoking toplevel() on ptolemy.moml.MoMLSimpleApplication@394bfe58
reloadAllAccessors: .MinimumMultiports

===========================================================================================
----------------- testing Mon Jul 06 15:02:06 UTC 2020 /home/travis/build/icyphy/ptII/ptolemy/actor/lib/test/auto/ModifyDate.xml
----------------- Instantiating /home/travis/build/icyphy/ptII/ptolemy/actor/lib/test/auto/ModifyDate.xml
8 ms. Memory: 688128K Free: 602624K (88%)
----------------- Invoking toplevel() on ptolemy.moml.MoMLSimpleApplication@496918f4
----------------- Done invoking toplevel() on ptolemy.moml.MoMLSimpleApplication@496918f4
reloadAllAccessors: .ModifyDate

===========================================================================================
----------------- testing Mon Jul 06 15:02:06 UTC 2020 /home/travis/build/icyphy/ptII/ptolemy/actor/lib/test/auto/ModifyDate2.xml
----------------- Instantiating /home/travis/build/icyphy/ptII/ptolemy/actor/lib/test/auto/ModifyDate2.xml
3 ms. Memory: 688128K Free: 593918K (86%)
----------------- Invoking toplevel() on ptolemy.moml.MoMLSimpleApplication@64ee12d2
----------------- Done invoking toplevel() on ptolemy.moml.MoMLSimpleApplication@64ee12d2
reloadAllAccessors: .ModifyDate2

===========================================================================================
----------------- testing Mon Jul 06 15:02:06 UTC 2020 /home/travis/build/icyphy/ptII/ptolemy/actor/lib/test/auto/MovingAverage.xml
----------------- Instantiating /home/travis/build/icyphy/ptII/ptolemy/actor/lib/test/auto/MovingAverage.xml
10 ms. Memory: 688128K Free: 588798K (86%)
----------------- Invoking toplevel() on ptolemy.moml.MoMLSimpleApplication@ebdd10c
----------------- Done invoking toplevel() on ptolemy.moml.MoMLSimpleApplication@ebdd10c
reloadAllAccessors: .MovingAverage

===========================================================================================
----------------- testing Mon Jul 06 15:02:06 UTC 2020 /home/travis/build/icyphy/ptII/ptolemy/actor/lib/test/auto/MovingMaximum.xml
----------------- Instantiating /home/travis/build/icyphy/ptII/ptolemy/actor/lib/test/auto/MovingMaximum.xml
1 ms. Memory: 688128K Free: 584192K (85%)
----------------- Invoking toplevel() on ptolemy.moml.MoMLSimpleApplication@66680c29
----------------- Done invoking toplevel() on ptolemy.moml.MoMLSimpleApplication@66680c29
reloadAllAccessors: .MovingMaximum

===========================================================================================
----------------- testing Mon Jul 06 15:02:06 UTC 2020 /home/travis/build/icyphy/ptII/ptolemy/actor/lib/test/auto/MultipleLinksToSameRelation.xml
----------------- Instantiating /home/travis/build/icyphy/ptII/ptolemy/actor/lib/test/auto/MultipleLinksToSameRelation.xml
2 ms. Memory: 688128K Free: 580606K (84%)
----------------- Invoking toplevel() on ptolemy.moml.MoMLSimpleApplication@5d8c4724
----------------- Done invoking toplevel() on ptolemy.moml.MoMLSimpleApplication@5d8c4724
reloadAllAccessors: .MultipleLinksToSameRelation

===========================================================================================
----------------- testing Mon Jul 06 15:02:06 UTC 2020 /home/travis/build/icyphy/ptII/ptolemy/actor/lib/test/auto/MultipleLinksToSameRelationDE.xml
----------------- Instantiating /home/travis/build/icyphy/ptII/ptolemy/actor/lib/test/auto/MultipleLinksToSameRelationDE.xml
4 ms. Memory: 688128K Free: 576000K (84%)
----------------- Invoking toplevel() on ptolemy.moml.MoMLSimpleApplication@67239330
----------------- Done invoking toplevel() on ptolemy.moml.MoMLSimpleApplication@67239330
reloadAllAccessors: .MultipleLinksToSameRelationDE

===========================================================================================
----------------- testing Mon Jul 06 15:02:06 UTC 2020 /home/travis/build/icyphy/ptII/ptolemy/actor/lib/test/auto/Multiplexor.xml
----------------- Instantiating /home/travis/build/icyphy/ptII/ptolemy/actor/lib/test/auto/Multiplexor.xml
2 ms. Memory: 688128K Free: 570366K (83%)
----------------- Invoking toplevel() on ptolemy.moml.MoMLSimpleApplication@926369e
----------------- Done invoking toplevel() on ptolemy.moml.MoMLSimpleApplication@926369e
reloadAllAccessors: .Multiplexor

===========================================================================================
----------------- testing Mon Jul 06 15:02:06 UTC 2020 /home/travis/build/icyphy/ptII/ptolemy/actor/lib/test/auto/Multiplexor1.xml
----------------- Instantiating /home/travis/build/icyphy/ptII/ptolemy/actor/lib/test/auto/Multiplexor1.xml
2 ms. Memory: 688128K Free: 564736K (82%)
----------------- Invoking toplevel() on ptolemy.moml.MoMLSimpleApplication@3fbfdffb
----------------- Done invoking toplevel() on ptolemy.moml.MoMLSimpleApplication@3fbfdffb
reloadAllAccessors: .Multiplexor1

===========================================================================================
----------------- testing Mon Jul 06 15:02:06 UTC 2020 /home/travis/build/icyphy/ptII/ptolemy/actor/lib/test/auto/Multiplexor2.xml
----------------- Instantiating /home/travis/build/icyphy/ptII/ptolemy/actor/lib/test/auto/Multiplexor2.xml
3 ms. Memory: 688128K Free: 558590K (81%)
----------------- Invoking toplevel() on ptolemy.moml.MoMLSimpleApplication@4059fc27
----------------- Done invoking toplevel() on ptolemy.moml.MoMLSimpleApplication@4059fc27
reloadAllAccessors: .Multiplexor2

===========================================================================================
----------------- testing Mon Jul 06 15:02:06 UTC 2020 /home/travis/build/icyphy/ptII/ptolemy/actor/lib/test/auto/Multiplexor3.xml
----------------- Instantiating /home/travis/build/icyphy/ptII/ptolemy/actor/lib/test/auto/Multiplexor3.xml
1 ms. Memory: 688128K Free: 554496K (81%)
----------------- Invoking toplevel() on ptolemy.moml.MoMLSimpleApplication@1e36e439
----------------- Done invoking toplevel() on ptolemy.moml.MoMLSimpleApplication@1e36e439
reloadAllAccessors: .Multiplexor3

===========================================================================================
----------------- testing Mon Jul 06 15:02:06 UTC 2020 /home/travis/build/icyphy/ptII/ptolemy/actor/lib/test/auto/MultiplexorDE.xml
----------------- Instantiating /home/travis/build/icyphy/ptII/ptolemy/actor/lib/test/auto/MultiplexorDE.xml
3 ms. Memory: 688128K Free: 546783K (79%)
----------------- Invoking toplevel() on ptolemy.moml.MoMLSimpleApplication@9c73ed8
----------------- Done invoking toplevel() on ptolemy.moml.MoMLSimpleApplication@9c73ed8
reloadAllAccessors: .MultiplexorDE

===========================================================================================
----------------- testing Mon Jul 06 15:02:06 UTC 2020 /home/travis/build/icyphy/ptII/ptolemy/actor/lib/test/auto/MultiportBroadcastTest.xml
----------------- Instantiating /home/travis/build/icyphy/ptII/ptolemy/actor/lib/test/auto/MultiportBroadcastTest.xml
91 ms. Memory: 688128K Free: 540663K (79%)
----------------- Invoking toplevel() on ptolemy.moml.MoMLSimpleApplication@18b16a8f
----------------- Done invoking toplevel() on ptolemy.moml.MoMLSimpleApplication@18b16a8f
reloadAllAccessors: .MultiportBroadcastTest

===========================================================================================
----------------- testing Mon Jul 06 15:02:06 UTC 2020 /home/travis/build/icyphy/ptII/ptolemy/actor/lib/test/auto/MultiportOutHangDuringGetWidth.xml
----------------- Instantiating /home/travis/build/icyphy/ptII/ptolemy/actor/lib/test/auto/MultiportOutHangDuringGetWidth.xml
5 ms. Memory: 688128K Free: 528367K (77%)
----------------- Invoking toplevel() on ptolemy.moml.MoMLSimpleApplication@14e4adf1
----------------- Done invoking toplevel() on ptolemy.moml.MoMLSimpleApplication@14e4adf1
reloadAllAccessors: .MultiportOutHangDuringGetWidth

===========================================================================================
----------------- testing Mon Jul 06 15:02:06 UTC 2020 /home/travis/build/icyphy/ptII/ptolemy/actor/lib/test/auto/NilToken.xml
----------------- Instantiating /home/travis/build/icyphy/ptII/ptolemy/actor/lib/test/auto/NilToken.xml
1 ms. Memory: 688128K Free: 524286K (76%)
----------------- Invoking toplevel() on ptolemy.moml.MoMLSimpleApplication@fbde83f
----------------- Done invoking toplevel() on ptolemy.moml.MoMLSimpleApplication@fbde83f
reloadAllAccessors: .NilToken

===========================================================================================
----------------- testing Mon Jul 06 15:02:06 UTC 2020 /home/travis/build/icyphy/ptII/ptolemy/actor/lib/test/auto/NilTokenNonStrictTest.xml
----------------- Instantiating /home/travis/build/icyphy/ptII/ptolemy/actor/lib/test/auto/NilTokenNonStrictTest.xml
2 ms. Memory: 688128K Free: 519680K (76%)
----------------- Invoking toplevel() on ptolemy.moml.MoMLSimpleApplication@f8eba73
----------------- Done invoking toplevel() on ptolemy.moml.MoMLSimpleApplication@f8eba73
reloadAllAccessors: .NilTokenNonStrictTest

===========================================================================================
----------------- testing Mon Jul 06 15:02:06 UTC 2020 /home/travis/build/icyphy/ptII/ptolemy/actor/lib/test/auto/NilTokenRecord.xml
----------------- Instantiating /home/travis/build/icyphy/ptII/ptolemy/actor/lib/test/auto/NilTokenRecord.xml
5 ms. Memory: 688128K Free: 513022K (75%)
----------------- Invoking toplevel() on ptolemy.moml.MoMLSimpleApplication@461802e2
----------------- Done invoking toplevel() on ptolemy.moml.MoMLSimpleApplication@461802e2
reloadAllAccessors: .NilTokenRecord

===========================================================================================
----------------- testing Mon Jul 06 15:02:06 UTC 2020 /home/travis/build/icyphy/ptII/ptolemy/actor/lib/test/auto/NilTokenTypeTest.xml
----------------- Instantiating /home/travis/build/icyphy/ptII/ptolemy/actor/lib/test/auto/NilTokenTypeTest.xml
11 ms. Memory: 688128K Free: 503296K (73%)
----------------- Invoking toplevel() on ptolemy.moml.MoMLSimpleApplication@65e38b2f
----------------- Done invoking toplevel() on ptolemy.moml.MoMLSimpleApplication@65e38b2f
reloadAllAccessors: .NilTokenTypeTest

===========================================================================================
----------------- testing Mon Jul 06 15:02:06 UTC 2020 /home/travis/build/icyphy/ptII/ptolemy/actor/lib/test/auto/ObjectToken1.xml
----------------- Instantiating /home/travis/build/icyphy/ptII/ptolemy/actor/lib/test/auto/ObjectToken1.xml
2 ms. Memory: 688128K Free: 499200K (73%)
----------------- Invoking toplevel() on ptolemy.moml.MoMLSimpleApplication@198085f6
----------------- Done invoking toplevel() on ptolemy.moml.MoMLSimpleApplication@198085f6
reloadAllAccessors: .ObjectToken1

===========================================================================================
----------------- testing Mon Jul 06 15:02:06 UTC 2020 /home/travis/build/icyphy/ptII/ptolemy/actor/lib/test/auto/OrderedMerge.xml
----------------- Instantiating /home/travis/build/icyphy/ptII/ptolemy/actor/lib/test/auto/OrderedMerge.xml
9 ms. Memory: 688128K Free: 493566K (72%)
----------------- Invoking toplevel() on ptolemy.moml.MoMLSimpleApplication@48b1d8fc
----------------- Done invoking toplevel() on ptolemy.moml.MoMLSimpleApplication@48b1d8fc
reloadAllAccessors: .OrderedMerge

===========================================================================================
----------------- testing Mon Jul 06 15:02:06 UTC 2020 /home/travis/build/icyphy/ptII/ptolemy/actor/lib/test/auto/OrderedRecordDisassembler.xml
----------------- Instantiating /home/travis/build/icyphy/ptII/ptolemy/actor/lib/test/auto/OrderedRecordDisassembler.xml
2 ms. Memory: 688128K Free: 488960K (71%)
----------------- Invoking toplevel() on ptolemy.moml.MoMLSimpleApplication@602de3e
----------------- Done invoking toplevel() on ptolemy.moml.MoMLSimpleApplication@602de3e
reloadAllAccessors: .OrderedRecordDisassembler

===========================================================================================
----------------- testing Mon Jul 06 15:02:06 UTC 2020 /home/travis/build/icyphy/ptII/ptolemy/actor/lib/test/auto/OrderedRecordDisassembler2.xml
----------------- Instantiating /home/travis/build/icyphy/ptII/ptolemy/actor/lib/test/auto/OrderedRecordDisassembler2.xml
4 ms. Memory: 688128K Free: 481263K (70%)
----------------- Invoking toplevel() on ptolemy.moml.MoMLSimpleApplication@6b82b58b
----------------- Done invoking toplevel() on ptolemy.moml.MoMLSimpleApplication@6b82b58b
reloadAllAccessors: .OrderedRecordDisassembler2

===========================================================================================
----------------- testing Mon Jul 06 15:02:06 UTC 2020 /home/travis/build/icyphy/ptII/ptolemy/actor/lib/test/auto/OrderedRecordUpdater.xml
----------------- Instantiating /home/travis/build/icyphy/ptII/ptolemy/actor/lib/test/auto/OrderedRecordUpdater.xml
1 ms. Memory: 688128K Free: 476158K (69%)
----------------- Invoking toplevel() on ptolemy.moml.MoMLSimpleApplication@36aa87b5
----------------- Done invoking toplevel() on ptolemy.moml.MoMLSimpleApplication@36aa87b5
reloadAllAccessors: .RecordUpdater

===========================================================================================
----------------- testing Mon Jul 06 15:02:06 UTC 2020 /home/travis/build/icyphy/ptII/ptolemy/actor/lib/test/auto/OrderedRecordUpdater2.xml
----------------- Instantiating /home/travis/build/icyphy/ptII/ptolemy/actor/lib/test/auto/OrderedRecordUpdater2.xml
3 ms. Memory: 688128K Free: 471038K (68%)
----------------- Invoking toplevel() on ptolemy.moml.MoMLSimpleApplication@691aad5c
----------------- Done invoking toplevel() on ptolemy.moml.MoMLSimpleApplication@691aad5c
reloadAllAccessors: .RecordUpdater2

===========================================================================================
----------------- testing Mon Jul 06 15:02:06 UTC 2020 /home/travis/build/icyphy/ptII/ptolemy/actor/lib/test/auto/PhaseUnwrap.xml
----------------- Instantiating /home/travis/build/icyphy/ptII/ptolemy/actor/lib/test/auto/PhaseUnwrap.xml
2 ms. Memory: 688128K Free: 466432K (68%)
----------------- Invoking toplevel() on ptolemy.moml.MoMLSimpleApplication@3761dac3
----------------- Done invoking toplevel() on ptolemy.moml.MoMLSimpleApplication@3761dac3
reloadAllAccessors: .PhaseUnwrap

===========================================================================================
----------------- testing Mon Jul 06 15:02:06 UTC 2020 /home/travis/build/icyphy/ptII/ptolemy/actor/lib/test/auto/PoissonClock.xml
----------------- Instantiating /home/travis/build/icyphy/ptII/ptolemy/actor/lib/test/auto/PoissonClock.xml
1 ms. Memory: 688128K Free: 462336K (67%)
----------------- Invoking toplevel() on ptolemy.moml.MoMLSimpleApplication@391d7e17
----------------- Done invoking toplevel() on ptolemy.moml.MoMLSimpleApplication@391d7e17
reloadAllAccessors: .PoissonClock

===========================================================================================
----------------- testing Mon Jul 06 15:02:06 UTC 2020 /home/travis/build/icyphy/ptII/ptolemy/actor/lib/test/auto/PoissonClock2.xml
----------------- Instantiating /home/travis/build/icyphy/ptII/ptolemy/actor/lib/test/auto/PoissonClock2.xml
1 ms. Memory: 688128K Free: 458240K (67%)
----------------- Invoking toplevel() on ptolemy.moml.MoMLSimpleApplication@c87e020
----------------- Done invoking toplevel() on ptolemy.moml.MoMLSimpleApplication@c87e020
reloadAllAccessors: .PoissonClock2

===========================================================================================
----------------- testing Mon Jul 06 15:02:06 UTC 2020 /home/travis/build/icyphy/ptII/ptolemy/actor/lib/test/auto/PoissonClock3.xml
----------------- Instantiating /home/travis/build/icyphy/ptII/ptolemy/actor/lib/test/auto/PoissonClock3.xml
1 ms. Memory: 688128K Free: 453630K (66%)
----------------- Invoking toplevel() on ptolemy.moml.MoMLSimpleApplication@44ad3487
----------------- Done invoking toplevel() on ptolemy.moml.MoMLSimpleApplication@44ad3487
reloadAllAccessors: .PoissonClock3

===========================================================================================
----------------- testing Mon Jul 06 15:02:06 UTC 2020 /home/travis/build/icyphy/ptII/ptolemy/actor/lib/test/auto/PubSubWithInitialTokens.xml
----------------- Instantiating /home/travis/build/icyphy/ptII/ptolemy/actor/lib/test/auto/PubSubWithInitialTokens.xml
4 ms. Memory: 688128K Free: 448000K (65%)
----------------- Invoking toplevel() on ptolemy.moml.MoMLSimpleApplication@4d9c6d63
----------------- Done invoking toplevel() on ptolemy.moml.MoMLSimpleApplication@4d9c6d63
reloadAllAccessors: .PubSubWithInitialTokens

===========================================================================================
----------------- testing Mon Jul 06 15:02:06 UTC 2020 /home/travis/build/icyphy/ptII/ptolemy/actor/lib/test/auto/PubSubWithInitialTokens2.xml
----------------- Instantiating /home/travis/build/icyphy/ptII/ptolemy/actor/lib/test/auto/PubSubWithInitialTokens2.xml
2 ms. Memory: 688128K Free: 441856K (64%)
----------------- Invoking toplevel() on ptolemy.moml.MoMLSimpleApplication@3adce53f
----------------- Done invoking toplevel() on ptolemy.moml.MoMLSimpleApplication@3adce53f
reloadAllAccessors: .PubSubWithInitialTokens2

===========================================================================================
----------------- testing Mon Jul 06 15:02:07 UTC 2020 /home/travis/build/icyphy/ptII/ptolemy/actor/lib/test/auto/PublisherClassNoParameter.xml
----------------- Instantiating /home/travis/build/icyphy/ptII/ptolemy/actor/lib/test/auto/PublisherClassNoParameter.xml
3 ms. Memory: 688128K Free: 432126K (63%)
----------------- Invoking toplevel() on ptolemy.moml.MoMLSimpleApplication@4871101c
----------------- Done invoking toplevel() on ptolemy.moml.MoMLSimpleApplication@4871101c
reloadAllAccessors: .PublisherClassNoParameter

===========================================================================================
----------------- testing Mon Jul 06 15:02:07 UTC 2020 /home/travis/build/icyphy/ptII/ptolemy/actor/lib/test/auto/PublisherClassParameter.xml
----------------- Instantiating /home/travis/build/icyphy/ptII/ptolemy/actor/lib/test/auto/PublisherClassParameter.xml
2 ms. Memory: 688128K Free: 421871K (61%)
----------------- Invoking toplevel() on ptolemy.moml.MoMLSimpleApplication@578df91d
----------------- Done invoking toplevel() on ptolemy.moml.MoMLSimpleApplication@578df91d
reloadAllAccessors: .PublisherClassParameter

===========================================================================================
----------------- testing Mon Jul 06 15:02:07 UTC 2020 /home/travis/build/icyphy/ptII/ptolemy/actor/lib/test/auto/PublisherNonStrictTest.xml
----------------- Instantiating /home/travis/build/icyphy/ptII/ptolemy/actor/lib/test/auto/PublisherNonStrictTest.xml
3 ms. Memory: 688128K Free: 414208K (60%)
----------------- Invoking toplevel() on ptolemy.moml.MoMLSimpleApplication@2f1149d8
----------------- Done invoking toplevel() on ptolemy.moml.MoMLSimpleApplication@2f1149d8
reloadAllAccessors: .PublisherNonStrictTest

===========================================================================================
----------------- testing Mon Jul 06 15:02:07 UTC 2020 /home/travis/build/icyphy/ptII/ptolemy/actor/lib/test/auto/PublisherPort1.xml
----------------- Instantiating /home/travis/build/icyphy/ptII/ptolemy/actor/lib/test/auto/PublisherPort1.xml
3 ms. Memory: 688128K Free: 409088K (59%)
----------------- Invoking toplevel() on ptolemy.moml.MoMLSimpleApplication@431ef0e2
----------------- Done invoking toplevel() on ptolemy.moml.MoMLSimpleApplication@431ef0e2
reloadAllAccessors: .PublisherPort1

===========================================================================================
----------------- testing Mon Jul 06 15:02:07 UTC 2020 /home/travis/build/icyphy/ptII/ptolemy/actor/lib/test/auto/PublisherPort2.xml
----------------- Instantiating /home/travis/build/icyphy/ptII/ptolemy/actor/lib/test/auto/PublisherPort2.xml
1 ms. Memory: 688128K Free: 403968K (59%)
----------------- Invoking toplevel() on ptolemy.moml.MoMLSimpleApplication@39f1517c
----------------- Done invoking toplevel() on ptolemy.moml.MoMLSimpleApplication@39f1517c
reloadAllAccessors: .PublisherPort2

===========================================================================================
----------------- testing Mon Jul 06 15:02:07 UTC 2020 /home/travis/build/icyphy/ptII/ptolemy/actor/lib/test/auto/PublisherPort3.xml
----------------- Instantiating /home/travis/build/icyphy/ptII/ptolemy/actor/lib/test/auto/PublisherPort3.xml
13 ms. Memory: 688128K Free: 397279K (58%)
----------------- Invoking toplevel() on ptolemy.moml.MoMLSimpleApplication@3ad92302
----------------- Done invoking toplevel() on ptolemy.moml.MoMLSimpleApplication@3ad92302
reloadAllAccessors: .PublisherPort3

===========================================================================================
----------------- testing Mon Jul 06 15:02:07 UTC 2020 /home/travis/build/icyphy/ptII/ptolemy/actor/lib/test/auto/PublisherPort4.xml
----------------- Instantiating /home/travis/build/icyphy/ptII/ptolemy/actor/lib/test/auto/PublisherPort4.xml
3 ms. Memory: 688128K Free: 391680K (57%)
----------------- Invoking toplevel() on ptolemy.moml.MoMLSimpleApplication@e7f2487
----------------- Done invoking toplevel() on ptolemy.moml.MoMLSimpleApplication@e7f2487
reloadAllAccessors: .PublisherPort4

===========================================================================================
----------------- testing Mon Jul 06 15:02:07 UTC 2020 /home/travis/build/icyphy/ptII/ptolemy/actor/lib/test/auto/PublisherPort5.xml
----------------- Instantiating /home/travis/build/icyphy/ptII/ptolemy/actor/lib/test/auto/PublisherPort5.xml
4 ms. Memory: 688128K Free: 383998K (56%)
----------------- Invoking toplevel() on ptolemy.moml.MoMLSimpleApplication@464b076f
----------------- Done invoking toplevel() on ptolemy.moml.MoMLSimpleApplication@464b076f
reloadAllAccessors: .PublisherPort5

===========================================================================================
----------------- testing Mon Jul 06 15:02:07 UTC 2020 /home/travis/build/icyphy/ptII/ptolemy/actor/lib/test/auto/PublisherPort5LookAlike.xml
----------------- Instantiating /home/travis/build/icyphy/ptII/ptolemy/actor/lib/test/auto/PublisherPort5LookAlike.xml
7 ms. Memory: 688128K Free: 376320K (55%)
----------------- Invoking toplevel() on ptolemy.moml.MoMLSimpleApplication@2e7d66f1
----------------- Done invoking toplevel() on ptolemy.moml.MoMLSimpleApplication@2e7d66f1
reloadAllAccessors: .PublisherPort5LookAlike

===========================================================================================
----------------- testing Mon Jul 06 15:02:07 UTC 2020 /home/travis/build/icyphy/ptII/ptolemy/actor/lib/test/auto/PublisherPort6.xml
----------------- Instantiating /home/travis/build/icyphy/ptII/ptolemy/actor/lib/test/auto/PublisherPort6.xml
2 ms. Memory: 688128K Free: 369647K (54%)
----------------- Invoking toplevel() on ptolemy.moml.MoMLSimpleApplication@2ea4aba5
----------------- Done invoking toplevel() on ptolemy.moml.MoMLSimpleApplication@2ea4aba5
reloadAllAccessors: .PublisherPort6

===========================================================================================
----------------- testing Mon Jul 06 15:02:07 UTC 2020 /home/travis/build/icyphy/ptII/ptolemy/actor/lib/test/auto/PublisherPort7.xml
----------------- Instantiating /home/travis/build/icyphy/ptII/ptolemy/actor/lib/test/auto/PublisherPort7.xml
3 ms. Memory: 688128K Free: 361984K (53%)
----------------- Invoking toplevel() on ptolemy.moml.MoMLSimpleApplication@777c5dfa
----------------- Done invoking toplevel() on ptolemy.moml.MoMLSimpleApplication@777c5dfa
reloadAllAccessors: .PublisherPort7

===========================================================================================
----------------- testing Mon Jul 06 15:02:07 UTC 2020 /home/travis/build/icyphy/ptII/ptolemy/actor/lib/test/auto/PublisherPort8.xml
----------------- Instantiating /home/travis/build/icyphy/ptII/ptolemy/actor/lib/test/auto/PublisherPort8.xml
12 ms. Memory: 688128K Free: 353792K (51%)
----------------- Invoking toplevel() on ptolemy.moml.MoMLSimpleApplication@59a82e75
----------------- Done invoking toplevel() on ptolemy.moml.MoMLSimpleApplication@59a82e75
reloadAllAccessors: .PublisherPort8

===========================================================================================
----------------- testing Mon Jul 06 15:02:07 UTC 2020 /home/travis/build/icyphy/ptII/ptolemy/actor/lib/test/auto/PublisherPortSubscriberChannelVariablesAOC2.xml
----------------- Instantiating /home/travis/build/icyphy/ptII/ptolemy/actor/lib/test/auto/PublisherPortSubscriberChannelVariablesAOC2.xml
2 ms. Memory: 688128K Free: 336384K (49%)
----------------- Invoking toplevel() on ptolemy.moml.MoMLSimpleApplication@19271f09
----------------- Done invoking toplevel() on ptolemy.moml.MoMLSimpleApplication@19271f09
reloadAllAccessors: .PublisherPortSubscriberChannelVariablesAOC2

===========================================================================================
----------------- testing Mon Jul 06 15:02:07 UTC 2020 /home/travis/build/icyphy/ptII/ptolemy/actor/lib/test/auto/PublisherPortSubscriberOpaqueWidthInference.xml
----------------- Instantiating /home/travis/build/icyphy/ptII/ptolemy/actor/lib/test/auto/PublisherPortSubscriberOpaqueWidthInference.xml
4 ms. Memory: 688128K Free: 328687K (48%)
----------------- Invoking toplevel() on ptolemy.moml.MoMLSimpleApplication@2e29e60e
----------------- Done invoking toplevel() on ptolemy.moml.MoMLSimpleApplication@2e29e60e
reloadAllAccessors: .PublisherPortSubscriberOpaqueWidthInference

===========================================================================================
----------------- testing Mon Jul 06 15:02:07 UTC 2020 /home/travis/build/icyphy/ptII/ptolemy/actor/lib/test/auto/PublisherPortSubscriberPortAdjacent.xml
----------------- Instantiating /home/travis/build/icyphy/ptII/ptolemy/actor/lib/test/auto/PublisherPortSubscriberPortAdjacent.xml
2 ms. Memory: 688128K Free: 320510K (47%)
----------------- Invoking toplevel() on ptolemy.moml.MoMLSimpleApplication@60ff5e4f
----------------- Done invoking toplevel() on ptolemy.moml.MoMLSimpleApplication@60ff5e4f
reloadAllAccessors: .PublisherPortSubscriberPortAdjacent

===========================================================================================
----------------- testing Mon Jul 06 15:02:07 UTC 2020 /home/travis/build/icyphy/ptII/ptolemy/actor/lib/test/auto/PublisherPortSubscriberPortExpression.xml
----------------- Instantiating /home/travis/build/icyphy/ptII/ptolemy/actor/lib/test/auto/PublisherPortSubscriberPortExpression.xml
11 ms. Memory: 688128K Free: 312832K (45%)
----------------- Invoking toplevel() on ptolemy.moml.MoMLSimpleApplication@1107f0e4
----------------- Done invoking toplevel() on ptolemy.moml.MoMLSimpleApplication@1107f0e4
reloadAllAccessors: .PublisherPortSubscriberPortExpression

===========================================================================================
----------------- testing Mon Jul 06 15:02:07 UTC 2020 /home/travis/build/icyphy/ptII/ptolemy/actor/lib/test/auto/PublisherPortSubscriberPortOpaqueD3Reverse.xml
----------------- Instantiating /home/travis/build/icyphy/ptII/ptolemy/actor/lib/test/auto/PublisherPortSubscriberPortOpaqueD3Reverse.xml
7 ms. Memory: 688128K Free: 302592K (44%)
----------------- Invoking toplevel() on ptolemy.moml.MoMLSimpleApplication@2e57fc07
----------------- Done invoking toplevel() on ptolemy.moml.MoMLSimpleApplication@2e57fc07
reloadAllAccessors: .PublisherPortSubscriberPortOpaqueD3Reverse

===========================================================================================
----------------- testing Mon Jul 06 15:02:07 UTC 2020 /home/travis/build/icyphy/ptII/ptolemy/actor/lib/test/auto/PublisherPortSubscriberPortOpaqueWidthInference.xml
----------------- Instantiating /home/travis/build/icyphy/ptII/ptolemy/actor/lib/test/auto/PublisherPortSubscriberPortOpaqueWidthInference.xml
4 ms. Memory: 688128K Free: 294895K (43%)
----------------- Invoking toplevel() on ptolemy.moml.MoMLSimpleApplication@660e8d4f
----------------- Done invoking toplevel() on ptolemy.moml.MoMLSimpleApplication@660e8d4f
reloadAllAccessors: .PublisherPortSubscriberPortOpaqueWidthInference

===========================================================================================
----------------- testing Mon Jul 06 15:02:07 UTC 2020 /home/travis/build/icyphy/ptII/ptolemy/actor/lib/test/auto/PublisherPortToplevelSubscriberPortAOC.xml
----------------- Instantiating /home/travis/build/icyphy/ptII/ptolemy/actor/lib/test/auto/PublisherPortToplevelSubscriberPortAOC.xml
.PublisherPortToplevelSubscriberPortAOC.TestExceptionAttribute: initialize() was not invoked, but wrapup() was.  This is unusual, but not always a problem.  For example, exporting JNLP will do this.
1 ms. Memory: 688128K Free: 289280K (42%)
----------------- Invoking toplevel() on ptolemy.moml.MoMLSimpleApplication@68952bd7
----------------- Done invoking toplevel() on ptolemy.moml.MoMLSimpleApplication@68952bd7
reloadAllAccessors: .PublisherPortToplevelSubscriberPortAOC

===========================================================================================
----------------- testing Mon Jul 06 15:02:07 UTC 2020 /home/travis/build/icyphy/ptII/ptolemy/actor/lib/test/auto/PublisherSubscriber.xml
----------------- Instantiating /home/travis/build/icyphy/ptII/ptolemy/actor/lib/test/auto/PublisherSubscriber.xml
3 ms. Memory: 688128K Free: 282112K (41%)
----------------- Invoking toplevel() on ptolemy.moml.MoMLSimpleApplication@3f3be110
----------------- Done invoking toplevel() on ptolemy.moml.MoMLSimpleApplication@3f3be110
reloadAllAccessors: .PublisherSubscriber

===========================================================================================
----------------- testing Mon Jul 06 15:02:07 UTC 2020 /home/travis/build/icyphy/ptII/ptolemy/actor/lib/test/auto/PublisherSubscriber10.xml
----------------- Instantiating /home/travis/build/icyphy/ptII/ptolemy/actor/lib/test/auto/PublisherSubscriber10.xml
7 ms. Memory: 688128K Free: 272896K (40%)
----------------- Invoking toplevel() on ptolemy.moml.MoMLSimpleApplication@687f180b
----------------- Done invoking toplevel() on ptolemy.moml.MoMLSimpleApplication@687f180b
reloadAllAccessors: .PublisherSubscriber10

===========================================================================================
----------------- testing Mon Jul 06 15:02:07 UTC 2020 /home/travis/build/icyphy/ptII/ptolemy/actor/lib/test/auto/PublisherSubscriber10InitialOutputs.xml
----------------- Instantiating /home/travis/build/icyphy/ptII/ptolemy/actor/lib/test/auto/PublisherSubscriber10InitialOutputs.xml
13 ms. Memory: 688128K Free: 263680K (38%)
----------------- Invoking toplevel() on ptolemy.moml.MoMLSimpleApplication@209a2c33
----------------- Done invoking toplevel() on ptolemy.moml.MoMLSimpleApplication@209a2c33
reloadAllAccessors: .PublisherSubscriber10InitialOutputs

===========================================================================================
----------------- testing Mon Jul 06 15:02:07 UTC 2020 /home/travis/build/icyphy/ptII/ptolemy/actor/lib/test/auto/PublisherSubscriber11.xml
----------------- Instantiating /home/travis/build/icyphy/ptII/ptolemy/actor/lib/test/auto/PublisherSubscriber11.xml
3 ms. Memory: 688128K Free: 257536K (37%)
----------------- Invoking toplevel() on ptolemy.moml.MoMLSimpleApplication@36151677
----------------- Done invoking toplevel() on ptolemy.moml.MoMLSimpleApplication@36151677
reloadAllAccessors: .PublisherSubscriber11

===========================================================================================
----------------- testing Mon Jul 06 15:02:07 UTC 2020 /home/travis/build/icyphy/ptII/ptolemy/actor/lib/test/auto/PublisherSubscriber12.xml
----------------- Instantiating /home/travis/build/icyphy/ptII/ptolemy/actor/lib/test/auto/PublisherSubscriber12.xml
5 ms. Memory: 688128K Free: 634878K (92%)
----------------- Invoking toplevel() on ptolemy.moml.MoMLSimpleApplication@13232fb3
----------------- Done invoking toplevel() on ptolemy.moml.MoMLSimpleApplication@13232fb3
reloadAllAccessors: .PublisherSubscriber12

===========================================================================================
----------------- testing Mon Jul 06 15:02:07 UTC 2020 /home/travis/build/icyphy/ptII/ptolemy/actor/lib/test/auto/PublisherSubscriber13.xml
----------------- Instantiating /home/travis/build/icyphy/ptII/ptolemy/actor/lib/test/auto/PublisherSubscriber13.xml
2 ms. Memory: 688128K Free: 629248K (91%)
----------------- Invoking toplevel() on ptolemy.moml.MoMLSimpleApplication@38e6087d
----------------- Done invoking toplevel() on ptolemy.moml.MoMLSimpleApplication@38e6087d
reloadAllAccessors: .PublisherSubscriber13

===========================================================================================
----------------- testing Mon Jul 06 15:02:07 UTC 2020 /home/travis/build/icyphy/ptII/ptolemy/actor/lib/test/auto/PublisherSubscriber14.xml
----------------- Instantiating /home/travis/build/icyphy/ptII/ptolemy/actor/lib/test/auto/PublisherSubscriber14.xml
2 ms. Memory: 688128K Free: 620511K (90%)
----------------- Invoking toplevel() on ptolemy.moml.MoMLSimpleApplication@3eb619b
----------------- Done invoking toplevel() on ptolemy.moml.MoMLSimpleApplication@3eb619b
reloadAllAccessors: .PublisherSubscriber14

===========================================================================================
----------------- testing Mon Jul 06 15:02:07 UTC 2020 /home/travis/build/icyphy/ptII/ptolemy/actor/lib/test/auto/PublisherSubscriber2.xml
----------------- Instantiating /home/travis/build/icyphy/ptII/ptolemy/actor/lib/test/auto/PublisherSubscriber2.xml
3 ms. Memory: 688128K Free: 614912K (89%)
----------------- Invoking toplevel() on ptolemy.moml.MoMLSimpleApplication@26e7ba93
----------------- Done invoking toplevel() on ptolemy.moml.MoMLSimpleApplication@26e7ba93
reloadAllAccessors: .PublisherSubscriber2

===========================================================================================
----------------- testing Mon Jul 06 15:02:07 UTC 2020 /home/travis/build/icyphy/ptII/ptolemy/actor/lib/test/auto/PublisherSubscriber3.xml
----------------- Instantiating /home/travis/build/icyphy/ptII/ptolemy/actor/lib/test/auto/PublisherSubscriber3.xml
2 ms. Memory: 688128K Free: 609247K (89%)
----------------- Invoking toplevel() on ptolemy.moml.MoMLSimpleApplication@31c1bc64
----------------- Done invoking toplevel() on ptolemy.moml.MoMLSimpleApplication@31c1bc64
reloadAllAccessors: .PublisherSubscriber3

===========================================================================================
----------------- testing Mon Jul 06 15:02:07 UTC 2020 /home/travis/build/icyphy/ptII/ptolemy/actor/lib/test/auto/PublisherSubscriber4.xml
----------------- Instantiating /home/travis/build/icyphy/ptII/ptolemy/actor/lib/test/auto/PublisherSubscriber4.xml
2 ms. Memory: 688128K Free: 604127K (88%)
----------------- Invoking toplevel() on ptolemy.moml.MoMLSimpleApplication@36897174
----------------- Done invoking toplevel() on ptolemy.moml.MoMLSimpleApplication@36897174
reloadAllAccessors: .PublisherSubscriber4

===========================================================================================
----------------- testing Mon Jul 06 15:02:07 UTC 2020 /home/travis/build/icyphy/ptII/ptolemy/actor/lib/test/auto/PublisherSubscriber5.xml
----------------- Instantiating /home/travis/build/icyphy/ptII/ptolemy/actor/lib/test/auto/PublisherSubscriber5.xml
2 ms. Memory: 688128K Free: 597504K (87%)
----------------- Invoking toplevel() on ptolemy.moml.MoMLSimpleApplication@3e1ddb64
----------------- Done invoking toplevel() on ptolemy.moml.MoMLSimpleApplication@3e1ddb64
reloadAllAccessors: .PublisherSubscriber5

===========================================================================================
----------------- testing Mon Jul 06 15:02:07 UTC 2020 /home/travis/build/icyphy/ptII/ptolemy/actor/lib/test/auto/PublisherSubscriber6.xml
----------------- Instantiating /home/travis/build/icyphy/ptII/ptolemy/actor/lib/test/auto/PublisherSubscriber6.xml
4 ms. Memory: 688128K Free: 590831K (86%)
----------------- Invoking toplevel() on ptolemy.moml.MoMLSimpleApplication@4bf45a3b
----------------- Done invoking toplevel() on ptolemy.moml.MoMLSimpleApplication@4bf45a3b
reloadAllAccessors: .PublisherSubscriber6

===========================================================================================
----------------- testing Mon Jul 06 15:02:07 UTC 2020 /home/travis/build/icyphy/ptII/ptolemy/actor/lib/test/auto/PublisherSubscriber7.xml
----------------- Instantiating /home/travis/build/icyphy/ptII/ptolemy/actor/lib/test/auto/PublisherSubscriber7.xml
7 ms. Memory: 688128K Free: 584192K (85%)
----------------- Invoking toplevel() on ptolemy.moml.MoMLSimpleApplication@1049b78f
----------------- Done invoking toplevel() on ptolemy.moml.MoMLSimpleApplication@1049b78f
reloadAllAccessors: .PublisherSubscriber7

===========================================================================================
----------------- testing Mon Jul 06 15:02:07 UTC 2020 /home/travis/build/icyphy/ptII/ptolemy/actor/lib/test/auto/PublisherSubscriber8.xml
----------------- Instantiating /home/travis/build/icyphy/ptII/ptolemy/actor/lib/test/auto/PublisherSubscriber8.xml
18 ms. Memory: 688128K Free: 572414K (83%)
----------------- Invoking toplevel() on ptolemy.moml.MoMLSimpleApplication@1b7fee1c
----------------- Done invoking toplevel() on ptolemy.moml.MoMLSimpleApplication@1b7fee1c
reloadAllAccessors: .PublisherSubscriber8

===========================================================================================
----------------- testing Mon Jul 06 15:02:07 UTC 2020 /home/travis/build/icyphy/ptII/ptolemy/actor/lib/test/auto/PublisherSubscriber9.xml
----------------- Instantiating /home/travis/build/icyphy/ptII/ptolemy/actor/lib/test/auto/PublisherSubscriber9.xml
2 ms. Memory: 688128K Free: 565231K (82%)
----------------- Invoking toplevel() on ptolemy.moml.MoMLSimpleApplication@1b954be3
----------------- Done invoking toplevel() on ptolemy.moml.MoMLSimpleApplication@1b954be3
reloadAllAccessors: .PublisherSubscriber9

===========================================================================================
----------------- testing Mon Jul 06 15:02:07 UTC 2020 /home/travis/build/icyphy/ptII/ptolemy/actor/lib/test/auto/PublisherSubscriberAdjacent.xml
----------------- Instantiating /home/travis/build/icyphy/ptII/ptolemy/actor/lib/test/auto/PublisherSubscriberAdjacent.xml
2 ms. Memory: 688128K Free: 556544K (81%)
----------------- Invoking toplevel() on ptolemy.moml.MoMLSimpleApplication@da6cde0
----------------- Done invoking toplevel() on ptolemy.moml.MoMLSimpleApplication@da6cde0
reloadAllAccessors: .PublisherSubscriberAdjacent

===========================================================================================
----------------- testing Mon Jul 06 15:02:07 UTC 2020 /home/travis/build/icyphy/ptII/ptolemy/actor/lib/test/auto/PublisherSubscriberChannelVariablesAOC2.xml
----------------- Instantiating /home/travis/build/icyphy/ptII/ptolemy/actor/lib/test/auto/PublisherSubscriberChannelVariablesAOC2.xml
3 ms. Memory: 688128K Free: 541694K (79%)
----------------- Invoking toplevel() on ptolemy.moml.MoMLSimpleApplication@2e61f293
----------------- Done invoking toplevel() on ptolemy.moml.MoMLSimpleApplication@2e61f293
reloadAllAccessors: .PublisherSubscriberChannelVariablesAOC2

===========================================================================================
----------------- testing Mon Jul 06 15:02:07 UTC 2020 /home/travis/build/icyphy/ptII/ptolemy/actor/lib/test/auto/PublisherSubscriberD3.xml
----------------- Instantiating /home/travis/build/icyphy/ptII/ptolemy/actor/lib/test/auto/PublisherSubscriberD3.xml
2 ms. Memory: 688128K Free: 534526K (78%)
----------------- Invoking toplevel() on ptolemy.moml.MoMLSimpleApplication@60a1fdb2
----------------- Done invoking toplevel() on ptolemy.moml.MoMLSimpleApplication@60a1fdb2
reloadAllAccessors: .PublisherSubscriberD3

===========================================================================================
----------------- testing Mon Jul 06 15:02:07 UTC 2020 /home/travis/build/icyphy/ptII/ptolemy/actor/lib/test/auto/PublisherSubscriberD3Reverse.xml
----------------- Instantiating /home/travis/build/icyphy/ptII/ptolemy/actor/lib/test/auto/PublisherSubscriberD3Reverse.xml
2 ms. Memory: 688128K Free: 528382K (77%)
----------------- Invoking toplevel() on ptolemy.moml.MoMLSimpleApplication@5218e8dd
----------------- Done invoking toplevel() on ptolemy.moml.MoMLSimpleApplication@5218e8dd
reloadAllAccessors: .PublisherSubscriberD3Reverse

===========================================================================================
----------------- testing Mon Jul 06 15:02:07 UTC 2020 /home/travis/build/icyphy/ptII/ptolemy/actor/lib/test/auto/PublisherSubscriberExpression.xml
----------------- Instantiating /home/travis/build/icyphy/ptII/ptolemy/actor/lib/test/auto/PublisherSubscriberExpression.xml
3 ms. Memory: 688128K Free: 519680K (76%)
----------------- Invoking toplevel() on ptolemy.moml.MoMLSimpleApplication@6aa782eb
----------------- Done invoking toplevel() on ptolemy.moml.MoMLSimpleApplication@6aa782eb
reloadAllAccessors: .PublisherSubscriberExpression

===========================================================================================
----------------- testing Mon Jul 06 15:02:07 UTC 2020 /home/travis/build/icyphy/ptII/ptolemy/actor/lib/test/auto/PublisherSubscriberOpaque.xml
----------------- Instantiating /home/travis/build/icyphy/ptII/ptolemy/actor/lib/test/auto/PublisherSubscriberOpaque.xml
4 ms. Memory: 688128K Free: 511488K (74%)
----------------- Invoking toplevel() on ptolemy.moml.MoMLSimpleApplication@dbae60
----------------- Done invoking toplevel() on ptolemy.moml.MoMLSimpleApplication@dbae60
reloadAllAccessors: .PublisherSubscriberOpaque

===========================================================================================
----------------- testing Mon Jul 06 15:02:07 UTC 2020 /home/travis/build/icyphy/ptII/ptolemy/actor/lib/test/auto/PublisherSubscriberOpaqueD3.xml
----------------- Instantiating /home/travis/build/icyphy/ptII/ptolemy/actor/lib/test/auto/PublisherSubscriberOpaqueD3.xml
5 ms. Memory: 688128K Free: 500224K (73%)
----------------- Invoking toplevel() on ptolemy.moml.MoMLSimpleApplication@66090567
----------------- Done invoking toplevel() on ptolemy.moml.MoMLSimpleApplication@66090567
reloadAllAccessors: .PublisherSubscriberOpaqueD3

===========================================================================================
----------------- testing Mon Jul 06 15:02:07 UTC 2020 /home/travis/build/icyphy/ptII/ptolemy/actor/lib/test/auto/PublisherSubscriberOpaqueD3Reverse.xml
----------------- Instantiating /home/travis/build/icyphy/ptII/ptolemy/actor/lib/test/auto/PublisherSubscriberOpaqueD3Reverse.xml
8 ms. Memory: 688128K Free: 489470K (71%)
----------------- Invoking toplevel() on ptolemy.moml.MoMLSimpleApplication@7ae0f4a5
----------------- Done invoking toplevel() on ptolemy.moml.MoMLSimpleApplication@7ae0f4a5
reloadAllAccessors: .PublisherSubscriberOpaqueD3Reverse

===========================================================================================
----------------- testing Mon Jul 06 15:02:07 UTC 2020 /home/travis/build/icyphy/ptII/ptolemy/actor/lib/test/auto/PublisherSubscriberOpaqueWidthInference.xml
----------------- Instantiating /home/travis/build/icyphy/ptII/ptolemy/actor/lib/test/auto/PublisherSubscriberOpaqueWidthInference.xml
5 ms. Memory: 688128K Free: 481263K (70%)
----------------- Invoking toplevel() on ptolemy.moml.MoMLSimpleApplication@2a245183
----------------- Done invoking toplevel() on ptolemy.moml.MoMLSimpleApplication@2a245183
reloadAllAccessors: .PublisherSubscriberOpaqueWidthInference

===========================================================================================
----------------- testing Mon Jul 06 15:02:07 UTC 2020 /home/travis/build/icyphy/ptII/ptolemy/actor/lib/test/auto/PublisherTestSubscriber.xml
----------------- Instantiating /home/travis/build/icyphy/ptII/ptolemy/actor/lib/test/auto/PublisherTestSubscriber.xml
3 ms. Memory: 688128K Free: 473600K (69%)
----------------- Invoking toplevel() on ptolemy.moml.MoMLSimpleApplication@7d5881bc
----------------- Done invoking toplevel() on ptolemy.moml.MoMLSimpleApplication@7d5881bc
reloadAllAccessors: .PublisherTestSubscriber

===========================================================================================
----------------- testing Mon Jul 06 15:02:07 UTC 2020 /home/travis/build/icyphy/ptII/ptolemy/actor/lib/test/auto/PublisherToplevelSubscriberPortAOC.xml
----------------- Instantiating /home/travis/build/icyphy/ptII/ptolemy/actor/lib/test/auto/PublisherToplevelSubscriberPortAOC.xml
1 ms. Memory: 688128K Free: 466927K (68%)
----------------- Invoking toplevel() on ptolemy.moml.MoMLSimpleApplication@13cd68ff
----------------- Done invoking toplevel() on ptolemy.moml.MoMLSimpleApplication@13cd68ff
reloadAllAccessors: .PublisherToplevelSubscriberPortAOC

===========================================================================================
----------------- testing Mon Jul 06 15:02:07 UTC 2020 /home/travis/build/icyphy/ptII/ptolemy/actor/lib/test/auto/PulseFiringLimitDE.xml
----------------- Instantiating /home/travis/build/icyphy/ptII/ptolemy/actor/lib/test/auto/PulseFiringLimitDE.xml
2 ms. Memory: 688128K Free: 460288K (67%)
----------------- Invoking toplevel() on ptolemy.moml.MoMLSimpleApplication@a3a4352
----------------- Done invoking toplevel() on ptolemy.moml.MoMLSimpleApplication@a3a4352
reloadAllAccessors: .PulseFiringLimitDE

===========================================================================================
----------------- testing Mon Jul 06 15:02:07 UTC 2020 /home/travis/build/icyphy/ptII/ptolemy/actor/lib/test/auto/Ramp1.xml
----------------- Instantiating /home/travis/build/icyphy/ptII/ptolemy/actor/lib/test/auto/Ramp1.xml
1 ms. Memory: 688128K Free: 456192K (66%)
----------------- Invoking toplevel() on ptolemy.moml.MoMLSimpleApplication@180d0124
----------------- Done invoking toplevel() on ptolemy.moml.MoMLSimpleApplication@180d0124
reloadAllAccessors: .Ramp1

===========================================================================================
----------------- testing Mon Jul 06 15:02:07 UTC 2020 /home/travis/build/icyphy/ptII/ptolemy/actor/lib/test/auto/RampFiringLimitDE.xml
----------------- Instantiating /home/travis/build/icyphy/ptII/ptolemy/actor/lib/test/auto/RampFiringLimitDE.xml
2 ms. Memory: 688128K Free: 450048K (65%)
----------------- Invoking toplevel() on ptolemy.moml.MoMLSimpleApplication@54abbc26
----------------- Done invoking toplevel() on ptolemy.moml.MoMLSimpleApplication@54abbc26
reloadAllAccessors: .RampFiringLimitDE

===========================================================================================
----------------- testing Mon Jul 06 15:02:08 UTC 2020 /home/travis/build/icyphy/ptII/ptolemy/actor/lib/test/auto/RampFiringLimitSDF.xml
----------------- Instantiating /home/travis/build/icyphy/ptII/ptolemy/actor/lib/test/auto/RampFiringLimitSDF.xml
2 ms. Memory: 688128K Free: 444928K (65%)
----------------- Invoking toplevel() on ptolemy.moml.MoMLSimpleApplication@74d1a166
----------------- Done invoking toplevel() on ptolemy.moml.MoMLSimpleApplication@74d1a166
reloadAllAccessors: .RampFiringLimitSDF

===========================================================================================
----------------- testing Mon Jul 06 15:02:08 UTC 2020 /home/travis/build/icyphy/ptII/ptolemy/actor/lib/test/auto/RandomInteger.xml
----------------- Instantiating /home/travis/build/icyphy/ptII/ptolemy/actor/lib/test/auto/RandomInteger.xml
1 ms. Memory: 688128K Free: 441342K (64%)
----------------- Invoking toplevel() on ptolemy.moml.MoMLSimpleApplication@76ece378
----------------- Done invoking toplevel() on ptolemy.moml.MoMLSimpleApplication@76ece378
reloadAllAccessors: .RandomInteger

===========================================================================================
----------------- testing Mon Jul 06 15:02:08 UTC 2020 /home/travis/build/icyphy/ptII/ptolemy/actor/lib/test/auto/ReadFile1.xml
----------------- Instantiating /home/travis/build/icyphy/ptII/ptolemy/actor/lib/test/auto/ReadFile1.xml
1 ms. Memory: 688128K Free: 436736K (63%)
----------------- Invoking toplevel() on ptolemy.moml.MoMLSimpleApplication@6b42f48c
----------------- Done invoking toplevel() on ptolemy.moml.MoMLSimpleApplication@6b42f48c
reloadAllAccessors: .ReadFile1

===========================================================================================
----------------- testing Mon Jul 06 15:02:08 UTC 2020 /home/travis/build/icyphy/ptII/ptolemy/actor/lib/test/auto/ReadFile2.xml
----------------- Instantiating /home/travis/build/icyphy/ptII/ptolemy/actor/lib/test/auto/ReadFile2.xml
1 ms. Memory: 688128K Free: 432640K (63%)
----------------- Invoking toplevel() on ptolemy.moml.MoMLSimpleApplication@3a43d09b
----------------- Done invoking toplevel() on ptolemy.moml.MoMLSimpleApplication@3a43d09b
reloadAllAccessors: .ReadFile2

===========================================================================================
----------------- testing Mon Jul 06 15:02:08 UTC 2020 /home/travis/build/icyphy/ptII/ptolemy/actor/lib/test/auto/Reader.xml
----------------- Instantiating /home/travis/build/icyphy/ptII/ptolemy/actor/lib/test/auto/Reader.xml
actor.lib.Reader is obsolete, use actor.lib.io.ExpressionReader instead
4 ms. Memory: 688128K Free: 428544K (62%)
----------------- Invoking toplevel() on ptolemy.moml.MoMLSimpleApplication@2bbfc01f
----------------- Done invoking toplevel() on ptolemy.moml.MoMLSimpleApplication@2bbfc01f
reloadAllAccessors: .Reader

===========================================================================================
----------------- testing Mon Jul 06 15:02:08 UTC 2020 /home/travis/build/icyphy/ptII/ptolemy/actor/lib/test/auto/RecordAssemblerDisplayNameTest.xml
----------------- Instantiating /home/travis/build/icyphy/ptII/ptolemy/actor/lib/test/auto/RecordAssemblerDisplayNameTest.xml
3281 ms. Memory: 688128K Free: 424958K (62%)
----------------- Invoking toplevel() on ptolemy.moml.MoMLSimpleApplication@3d68c31e
----------------- Done invoking toplevel() on ptolemy.moml.MoMLSimpleApplication@3d68c31e
reloadAllAccessors: .RecordAssemblerDisplayNameTest

===========================================================================================
----------------- testing Mon Jul 06 15:02:11 UTC 2020 /home/travis/build/icyphy/ptII/ptolemy/actor/lib/test/auto/RecordAssemblerTypeError.xml
----------------- Instantiating /home/travis/build/icyphy/ptII/ptolemy/actor/lib/test/auto/RecordAssemblerTypeError.xml
8 ms. Memory: 688128K Free: 415232K (60%)
----------------- Invoking toplevel() on ptolemy.moml.MoMLSimpleApplication@763d921a
----------------- Done invoking toplevel() on ptolemy.moml.MoMLSimpleApplication@763d921a
reloadAllAccessors: .RecordAssemblerTypeError

===========================================================================================
----------------- testing Mon Jul 06 15:02:11 UTC 2020 /home/travis/build/icyphy/ptII/ptolemy/actor/lib/test/auto/RecordDisassember.xml
----------------- Instantiating /home/travis/build/icyphy/ptII/ptolemy/actor/lib/test/auto/RecordDisassember.xml
6 ms. Memory: 688128K Free: 410591K (60%)
----------------- Invoking toplevel() on ptolemy.moml.MoMLSimpleApplication@6b412202
----------------- Done invoking toplevel() on ptolemy.moml.MoMLSimpleApplication@6b412202
reloadAllAccessors: .RecordDisassember

===========================================================================================
----------------- testing Mon Jul 06 15:02:11 UTC 2020 /home/travis/build/icyphy/ptII/ptolemy/actor/lib/test/auto/RecordDisassemberDisplayNameTest.xml
----------------- Instantiating /home/travis/build/icyphy/ptII/ptolemy/actor/lib/test/auto/RecordDisassemberDisplayNameTest.xml
6 ms. Memory: 688128K Free: 402944K (59%)
----------------- Invoking toplevel() on ptolemy.moml.MoMLSimpleApplication@1e350780
----------------- Done invoking toplevel() on ptolemy.moml.MoMLSimpleApplication@1e350780
reloadAllAccessors: .RecordDisassemberDisplayNameTest

===========================================================================================
----------------- testing Mon Jul 06 15:02:11 UTC 2020 /home/travis/build/icyphy/ptII/ptolemy/actor/lib/test/auto/RecordDisassembler.xml
----------------- Instantiating /home/travis/build/icyphy/ptII/ptolemy/actor/lib/test/auto/RecordDisassembler.xml
3 ms. Memory: 688128K Free: 397824K (58%)
----------------- Invoking toplevel() on ptolemy.moml.MoMLSimpleApplication@6b1115fd
----------------- Done invoking toplevel() on ptolemy.moml.MoMLSimpleApplication@6b1115fd
reloadAllAccessors: .RecordDisassembler

===========================================================================================
----------------- testing Mon Jul 06 15:02:11 UTC 2020 /home/travis/build/icyphy/ptII/ptolemy/actor/lib/test/auto/RecordDisassembler2.xml
----------------- Instantiating /home/travis/build/icyphy/ptII/ptolemy/actor/lib/test/auto/RecordDisassembler2.xml
3 ms. Memory: 688128K Free: 392704K (57%)
----------------- Invoking toplevel() on ptolemy.moml.MoMLSimpleApplication@3ff295ed
----------------- Done invoking toplevel() on ptolemy.moml.MoMLSimpleApplication@3ff295ed
reloadAllAccessors: .RecordDisassembler2

===========================================================================================
----------------- testing Mon Jul 06 15:02:11 UTC 2020 /home/travis/build/icyphy/ptII/ptolemy/actor/lib/test/auto/RecordUpdater.xml
----------------- Instantiating /home/travis/build/icyphy/ptII/ptolemy/actor/lib/test/auto/RecordUpdater.xml
1 ms. Memory: 688128K Free: 388094K (56%)
----------------- Invoking toplevel() on ptolemy.moml.MoMLSimpleApplication@33d9c906
----------------- Done invoking toplevel() on ptolemy.moml.MoMLSimpleApplication@33d9c906
reloadAllAccessors: .RecordUpdater

===========================================================================================
----------------- testing Mon Jul 06 15:02:11 UTC 2020 /home/travis/build/icyphy/ptII/ptolemy/actor/lib/test/auto/RecordUpdater2.xml
----------------- Instantiating /home/travis/build/icyphy/ptII/ptolemy/actor/lib/test/auto/RecordUpdater2.xml
2 ms. Memory: 688128K Free: 382974K (56%)
----------------- Invoking toplevel() on ptolemy.moml.MoMLSimpleApplication@4ecf6d80
----------------- Done invoking toplevel() on ptolemy.moml.MoMLSimpleApplication@4ecf6d80
reloadAllAccessors: .RecordUpdater2

===========================================================================================
----------------- testing Mon Jul 06 15:02:11 UTC 2020 /home/travis/build/icyphy/ptII/ptolemy/actor/lib/test/auto/RecursiveLattice.xml
----------------- Instantiating /home/travis/build/icyphy/ptII/ptolemy/actor/lib/test/auto/RecursiveLattice.xml
1 ms. Memory: 688128K Free: 378878K (55%)
----------------- Invoking toplevel() on ptolemy.moml.MoMLSimpleApplication@3cc70250
----------------- Done invoking toplevel() on ptolemy.moml.MoMLSimpleApplication@3cc70250
reloadAllAccessors: .RecursiveLattice

===========================================================================================
----------------- testing Mon Jul 06 15:02:11 UTC 2020 /home/travis/build/icyphy/ptII/ptolemy/actor/lib/test/auto/Router.xml
----------------- Instantiating /home/travis/build/icyphy/ptII/ptolemy/actor/lib/test/auto/Router.xml
3004 ms. Memory: 688128K Free: 368128K (53%)
----------------- Invoking toplevel() on ptolemy.moml.MoMLSimpleApplication@4b4062d8
----------------- Done invoking toplevel() on ptolemy.moml.MoMLSimpleApplication@4b4062d8
reloadAllAccessors: .Router

===========================================================================================
----------------- testing Mon Jul 06 15:02:14 UTC 2020 /home/travis/build/icyphy/ptII/ptolemy/actor/lib/test/auto/Router2.xml
----------------- Instantiating /home/travis/build/icyphy/ptII/ptolemy/actor/lib/test/auto/Router2.xml
3004 ms. Memory: 688128K Free: 357888K (52%)
----------------- Invoking toplevel() on ptolemy.moml.MoMLSimpleApplication@3b07854d
----------------- Done invoking toplevel() on ptolemy.moml.MoMLSimpleApplication@3b07854d
reloadAllAccessors: .Router2

===========================================================================================
----------------- testing Mon Jul 06 15:02:17 UTC 2020 /home/travis/build/icyphy/ptII/ptolemy/actor/lib/test/auto/RunningMaximum.xml
----------------- Instantiating /home/travis/build/icyphy/ptII/ptolemy/actor/lib/test/auto/RunningMaximum.xml
2 ms. Memory: 688128K Free: 353278K (51%)
----------------- Invoking toplevel() on ptolemy.moml.MoMLSimpleApplication@1e234ff9
----------------- Done invoking toplevel() on ptolemy.moml.MoMLSimpleApplication@1e234ff9
reloadAllAccessors: .RunningMaximum

===========================================================================================
----------------- testing Mon Jul 06 15:02:17 UTC 2020 /home/travis/build/icyphy/ptII/ptolemy/actor/lib/test/auto/RunningMinimum.xml
----------------- Instantiating /home/travis/build/icyphy/ptII/ptolemy/actor/lib/test/auto/RunningMinimum.xml
8 ms. Memory: 688128K Free: 348672K (51%)
----------------- Invoking toplevel() on ptolemy.moml.MoMLSimpleApplication@70380d8d
----------------- Done invoking toplevel() on ptolemy.moml.MoMLSimpleApplication@70380d8d
reloadAllAccessors: .RunningMinimum

===========================================================================================
----------------- testing Mon Jul 06 15:02:17 UTC 2020 /home/travis/build/icyphy/ptII/ptolemy/actor/lib/test/auto/Scale.xml
----------------- Instantiating /home/travis/build/icyphy/ptII/ptolemy/actor/lib/test/auto/Scale.xml
2 ms. Memory: 688128K Free: 344062K (50%)
----------------- Invoking toplevel() on ptolemy.moml.MoMLSimpleApplication@7eccfd74
----------------- Done invoking toplevel() on ptolemy.moml.MoMLSimpleApplication@7eccfd74
reloadAllAccessors: .Scale

===========================================================================================
----------------- testing Mon Jul 06 15:02:17 UTC 2020 /home/travis/build/icyphy/ptII/ptolemy/actor/lib/test/auto/Scale2.xml
----------------- Instantiating /home/travis/build/icyphy/ptII/ptolemy/actor/lib/test/auto/Scale2.xml
1 ms. Memory: 688128K Free: 339456K (49%)
----------------- Invoking toplevel() on ptolemy.moml.MoMLSimpleApplication@144912fa
----------------- Done invoking toplevel() on ptolemy.moml.MoMLSimpleApplication@144912fa
reloadAllAccessors: .Scale2

===========================================================================================
----------------- testing Mon Jul 06 15:02:17 UTC 2020 /home/travis/build/icyphy/ptII/ptolemy/actor/lib/test/auto/Scale3.xml
----------------- Instantiating /home/travis/build/icyphy/ptII/ptolemy/actor/lib/test/auto/Scale3.xml
6 ms. Memory: 688128K Free: 332798K (48%)
----------------- Invoking toplevel() on ptolemy.moml.MoMLSimpleApplication@2ad2bcff
----------------- Done invoking toplevel() on ptolemy.moml.MoMLSimpleApplication@2ad2bcff
reloadAllAccessors: .Scale3

===========================================================================================
----------------- testing Mon Jul 06 15:02:17 UTC 2020 /home/travis/build/icyphy/ptII/ptolemy/actor/lib/test/auto/ScaleArray.xml
----------------- Instantiating /home/travis/build/icyphy/ptII/ptolemy/actor/lib/test/auto/ScaleArray.xml
2 ms. Memory: 688128K Free: 328192K (48%)
----------------- Invoking toplevel() on ptolemy.moml.MoMLSimpleApplication@7f396ee0
----------------- Done invoking toplevel() on ptolemy.moml.MoMLSimpleApplication@7f396ee0
reloadAllAccessors: .ScaleArray

===========================================================================================
----------------- testing Mon Jul 06 15:02:17 UTC 2020 /home/travis/build/icyphy/ptII/ptolemy/actor/lib/test/auto/ScaleArray2.xml
----------------- Instantiating /home/travis/build/icyphy/ptII/ptolemy/actor/lib/test/auto/ScaleArray2.xml
1 ms. Memory: 688128K Free: 324096K (47%)
----------------- Invoking toplevel() on ptolemy.moml.MoMLSimpleApplication@174312e3
----------------- Done invoking toplevel() on ptolemy.moml.MoMLSimpleApplication@174312e3
reloadAllAccessors: .ScaleArray2

===========================================================================================
----------------- testing Mon Jul 06 15:02:17 UTC 2020 /home/travis/build/icyphy/ptII/ptolemy/actor/lib/test/auto/ScaleMatrix.xml
----------------- Instantiating /home/travis/build/icyphy/ptII/ptolemy/actor/lib/test/auto/ScaleMatrix.xml
147 ms. Memory: 688128K Free: 308736K (45%)
----------------- Invoking toplevel() on ptolemy.moml.MoMLSimpleApplication@37fca815
----------------- Done invoking toplevel() on ptolemy.moml.MoMLSimpleApplication@37fca815
reloadAllAccessors: .ScaleMatrix

===========================================================================================
----------------- testing Mon Jul 06 15:02:17 UTC 2020 /home/travis/build/icyphy/ptII/ptolemy/actor/lib/test/auto/Select.xml
----------------- Instantiating /home/travis/build/icyphy/ptII/ptolemy/actor/lib/test/auto/Select.xml
3 ms. Memory: 688128K Free: 302063K (44%)
----------------- Invoking toplevel() on ptolemy.moml.MoMLSimpleApplication@50708a8c
----------------- Done invoking toplevel() on ptolemy.moml.MoMLSimpleApplication@50708a8c
reloadAllAccessors: .Select

===========================================================================================
----------------- testing Mon Jul 06 15:02:17 UTC 2020 /home/travis/build/icyphy/ptII/ptolemy/actor/lib/test/auto/Select2.xml
----------------- Instantiating /home/travis/build/icyphy/ptII/ptolemy/actor/lib/test/auto/Select2.xml
1 ms. Memory: 688128K Free: 297472K (43%)
----------------- Invoking toplevel() on ptolemy.moml.MoMLSimpleApplication@1fd491cc
----------------- Done invoking toplevel() on ptolemy.moml.MoMLSimpleApplication@1fd491cc
reloadAllAccessors: .Select2

===========================================================================================
----------------- testing Mon Jul 06 15:02:17 UTC 2020 /home/travis/build/icyphy/ptII/ptolemy/actor/lib/test/auto/SequenceToArray2.xml
----------------- Instantiating /home/travis/build/icyphy/ptII/ptolemy/actor/lib/test/auto/SequenceToArray2.xml
90 ms. Memory: 688128K Free: 273391K (40%)
----------------- Invoking toplevel() on ptolemy.moml.MoMLSimpleApplication@7b94db21
----------------- Done invoking toplevel() on ptolemy.moml.MoMLSimpleApplication@7b94db21
reloadAllAccessors: .SequenceToArray2

===========================================================================================
----------------- testing Mon Jul 06 15:02:18 UTC 2020 /home/travis/build/icyphy/ptII/ptolemy/actor/lib/test/auto/SequentialClock.xml
----------------- Instantiating /home/travis/build/icyphy/ptII/ptolemy/actor/lib/test/auto/SequentialClock.xml
1 ms. Memory: 688128K Free: 269310K (39%)
----------------- Invoking toplevel() on ptolemy.moml.MoMLSimpleApplication@87adcdb
----------------- Done invoking toplevel() on ptolemy.moml.MoMLSimpleApplication@87adcdb
reloadAllAccessors: .SequentialClock

===========================================================================================
----------------- testing Mon Jul 06 15:02:18 UTC 2020 /home/travis/build/icyphy/ptII/ptolemy/actor/lib/test/auto/SetVariable.xml
----------------- Instantiating /home/travis/build/icyphy/ptII/ptolemy/actor/lib/test/auto/SetVariable.xml
4 ms. Memory: 688128K Free: 264704K (38%)
----------------- Invoking toplevel() on ptolemy.moml.MoMLSimpleApplication@ef4ae11
----------------- Done invoking toplevel() on ptolemy.moml.MoMLSimpleApplication@ef4ae11
reloadAllAccessors: .SetVariable

===========================================================================================
----------------- testing Mon Jul 06 15:02:18 UTC 2020 /home/travis/build/icyphy/ptII/ptolemy/actor/lib/test/auto/SetVariable2.xml
----------------- Instantiating /home/travis/build/icyphy/ptII/ptolemy/actor/lib/test/auto/SetVariable2.xml
3 ms. Memory: 688128K Free: 259584K (38%)
----------------- Invoking toplevel() on ptolemy.moml.MoMLSimpleApplication@6a57979b
----------------- Done invoking toplevel() on ptolemy.moml.MoMLSimpleApplication@6a57979b
reloadAllAccessors: .SetVariable2

===========================================================================================
----------------- testing Mon Jul 06 15:02:18 UTC 2020 /home/travis/build/icyphy/ptII/ptolemy/actor/lib/test/auto/SetVariable3.xml
----------------- Instantiating /home/travis/build/icyphy/ptII/ptolemy/actor/lib/test/auto/SetVariable3.xml
8 ms. Memory: 688128K Free: 254464K (37%)
----------------- Invoking toplevel() on ptolemy.moml.MoMLSimpleApplication@1b5b52ad
----------------- Done invoking toplevel() on ptolemy.moml.MoMLSimpleApplication@1b5b52ad
reloadAllAccessors: .SetVariable3

===========================================================================================
----------------- testing Mon Jul 06 15:02:18 UTC 2020 /home/travis/build/icyphy/ptII/ptolemy/actor/lib/test/auto/SetVariable4.xml
----------------- Instantiating /home/travis/build/icyphy/ptII/ptolemy/actor/lib/test/auto/SetVariable4.xml
10 ms. Memory: 688128K Free: 245246K (36%)
----------------- Invoking toplevel() on ptolemy.moml.MoMLSimpleApplication@6acede4
----------------- Done invoking toplevel() on ptolemy.moml.MoMLSimpleApplication@6acede4
reloadAllAccessors: .SetVariable4

===========================================================================================
----------------- testing Mon Jul 06 15:02:18 UTC 2020 /home/travis/build/icyphy/ptII/ptolemy/actor/lib/test/auto/SetVariable5.xml
----------------- Instantiating /home/travis/build/icyphy/ptII/ptolemy/actor/lib/test/auto/SetVariable5.xml
63 ms. Memory: 688128K Free: 635904K (92%)
----------------- Invoking toplevel() on ptolemy.moml.MoMLSimpleApplication@2a22f3ff
----------------- Done invoking toplevel() on ptolemy.moml.MoMLSimpleApplication@2a22f3ff
reloadAllAccessors: .SetVariable5

===========================================================================================
----------------- testing Mon Jul 06 15:02:18 UTC 2020 /home/travis/build/icyphy/ptII/ptolemy/actor/lib/test/auto/Sinewave.xml
----------------- Instantiating /home/travis/build/icyphy/ptII/ptolemy/actor/lib/test/auto/Sinewave.xml
9 ms. Memory: 688128K Free: 625150K (91%)
----------------- Invoking toplevel() on ptolemy.moml.MoMLSimpleApplication@28ae31d3
----------------- Done invoking toplevel() on ptolemy.moml.MoMLSimpleApplication@28ae31d3
reloadAllAccessors: .Sinewave

===========================================================================================
----------------- testing Mon Jul 06 15:02:18 UTC 2020 /home/travis/build/icyphy/ptII/ptolemy/actor/lib/test/auto/Sinewave2.xml
----------------- Instantiating /home/travis/build/icyphy/ptII/ptolemy/actor/lib/test/auto/Sinewave2.xml
4 ms. Memory: 688128K Free: 616943K (90%)
----------------- Invoking toplevel() on ptolemy.moml.MoMLSimpleApplication@a8673e2
----------------- Done invoking toplevel() on ptolemy.moml.MoMLSimpleApplication@a8673e2
reloadAllAccessors: .Sinewave2

===========================================================================================
----------------- testing Mon Jul 06 15:02:18 UTC 2020 /home/travis/build/icyphy/ptII/ptolemy/actor/lib/test/auto/Sinewave3.xml
----------------- Instantiating /home/travis/build/icyphy/ptII/ptolemy/actor/lib/test/auto/Sinewave3.xml
7 ms. Memory: 688128K Free: 608751K (88%)
----------------- Invoking toplevel() on ptolemy.moml.MoMLSimpleApplication@25780c9a
----------------- Done invoking toplevel() on ptolemy.moml.MoMLSimpleApplication@25780c9a
reloadAllAccessors: .Sinewave3

===========================================================================================
----------------- testing Mon Jul 06 15:02:18 UTC 2020 /home/travis/build/icyphy/ptII/ptolemy/actor/lib/test/auto/SingleEvent.xml
----------------- Instantiating /home/travis/build/icyphy/ptII/ptolemy/actor/lib/test/auto/SingleEvent.xml
1 ms. Memory: 688128K Free: 604670K (88%)
----------------- Invoking toplevel() on ptolemy.moml.MoMLSimpleApplication@63c09758
----------------- Done invoking toplevel() on ptolemy.moml.MoMLSimpleApplication@63c09758
reloadAllAccessors: .SingleEvent

===========================================================================================
----------------- testing Mon Jul 06 15:02:18 UTC 2020 /home/travis/build/icyphy/ptII/ptolemy/actor/lib/test/auto/Sleep.xml
----------------- Instantiating /home/travis/build/icyphy/ptII/ptolemy/actor/lib/test/auto/Sleep.xml
6003 ms. Memory: 688128K Free: 598526K (87%)
----------------- Invoking toplevel() on ptolemy.moml.MoMLSimpleApplication@76375e4
----------------- Done invoking toplevel() on ptolemy.moml.MoMLSimpleApplication@76375e4
reloadAllAccessors: .Sleep

===========================================================================================
----------------- testing Mon Jul 06 15:02:24 UTC 2020 /home/travis/build/icyphy/ptII/ptolemy/actor/lib/test/auto/SleepMultipleFire.xml
----------------- Instantiating /home/travis/build/icyphy/ptII/ptolemy/actor/lib/test/auto/SleepMultipleFire.xml
1005 ms. Memory: 688128K Free: 592896K (86%)
----------------- Invoking toplevel() on ptolemy.moml.MoMLSimpleApplication@1b979184
----------------- Done invoking toplevel() on ptolemy.moml.MoMLSimpleApplication@1b979184
reloadAllAccessors: .SleepMultipleFire

===========================================================================================
----------------- testing Mon Jul 06 15:02:25 UTC 2020 /home/travis/build/icyphy/ptII/ptolemy/actor/lib/test/auto/StopDE.xml
----------------- Instantiating /home/travis/build/icyphy/ptII/ptolemy/actor/lib/test/auto/StopDE.xml
2 ms. Memory: 688128K Free: 587262K (85%)
----------------- Invoking toplevel() on ptolemy.moml.MoMLSimpleApplication@24cbfba
----------------- Done invoking toplevel() on ptolemy.moml.MoMLSimpleApplication@24cbfba
reloadAllAccessors: .StopDE

===========================================================================================
----------------- testing Mon Jul 06 15:02:25 UTC 2020 /home/travis/build/icyphy/ptII/ptolemy/actor/lib/test/auto/StopSDF.xml
----------------- Instantiating /home/travis/build/icyphy/ptII/ptolemy/actor/lib/test/auto/StopSDF.xml
3 ms. Memory: 688128K Free: 582142K (85%)
----------------- Invoking toplevel() on ptolemy.moml.MoMLSimpleApplication@1811099a
----------------- Done invoking toplevel() on ptolemy.moml.MoMLSimpleApplication@1811099a
reloadAllAccessors: .StopSDF

===========================================================================================
----------------- testing Mon Jul 06 15:02:25 UTC 2020 /home/travis/build/icyphy/ptII/ptolemy/actor/lib/test/auto/StringConstant.xml
----------------- Instantiating /home/travis/build/icyphy/ptII/ptolemy/actor/lib/test/auto/StringConstant.xml
9 ms. Memory: 688128K Free: 577534K (84%)
----------------- Invoking toplevel() on ptolemy.moml.MoMLSimpleApplication@41d556bf
----------------- Done invoking toplevel() on ptolemy.moml.MoMLSimpleApplication@41d556bf
reloadAllAccessors: .StringConstant

===========================================================================================
----------------- testing Mon Jul 06 15:02:25 UTC 2020 /home/travis/build/icyphy/ptII/ptolemy/actor/lib/test/auto/SubscriberPortInitialValues1.xml
----------------- Instantiating /home/travis/build/icyphy/ptII/ptolemy/actor/lib/test/auto/SubscriberPortInitialValues1.xml
8 ms. Memory: 688128K Free: 568830K (83%)
----------------- Invoking toplevel() on ptolemy.moml.MoMLSimpleApplication@316d3b7
----------------- Done invoking toplevel() on ptolemy.moml.MoMLSimpleApplication@316d3b7
reloadAllAccessors: .SubscriberPortInitialValues1

===========================================================================================
----------------- testing Mon Jul 06 15:02:25 UTC 2020 /home/travis/build/icyphy/ptII/ptolemy/actor/lib/test/auto/SubscriberPortInitialValues13.xml
----------------- Instantiating /home/travis/build/icyphy/ptII/ptolemy/actor/lib/test/auto/SubscriberPortInitialValues13.xml
6 ms. Memory: 688128K Free: 556032K (81%)
----------------- Invoking toplevel() on ptolemy.moml.MoMLSimpleApplication@7f79badc
----------------- Done invoking toplevel() on ptolemy.moml.MoMLSimpleApplication@7f79badc
reloadAllAccessors: .SubscriberPortInitialValues13

===========================================================================================
----------------- testing Mon Jul 06 15:02:25 UTC 2020 /home/travis/build/icyphy/ptII/ptolemy/actor/lib/test/auto/SubscriberPortInitialValues14.xml
----------------- Instantiating /home/travis/build/icyphy/ptII/ptolemy/actor/lib/test/auto/SubscriberPortInitialValues14.xml
4 ms. Memory: 688128K Free: 548350K (80%)
----------------- Invoking toplevel() on ptolemy.moml.MoMLSimpleApplication@8c8599
----------------- Done invoking toplevel() on ptolemy.moml.MoMLSimpleApplication@8c8599
reloadAllAccessors: .SubscriberPortInitialValues14

===========================================================================================
----------------- testing Mon Jul 06 15:02:25 UTC 2020 /home/travis/build/icyphy/ptII/ptolemy/actor/lib/test/auto/SubscriberPortInitialValues2.xml
----------------- Instantiating /home/travis/build/icyphy/ptII/ptolemy/actor/lib/test/auto/SubscriberPortInitialValues2.xml
4 ms. Memory: 688128K Free: 540672K (79%)
----------------- Invoking toplevel() on ptolemy.moml.MoMLSimpleApplication@1bc0cb5f
----------------- Done invoking toplevel() on ptolemy.moml.MoMLSimpleApplication@1bc0cb5f
reloadAllAccessors: .SubscriberPortInitialValues2

===========================================================================================
----------------- testing Mon Jul 06 15:02:25 UTC 2020 /home/travis/build/icyphy/ptII/ptolemy/actor/lib/test/auto/SubscriberPortInitialValues3.xml
----------------- Instantiating /home/travis/build/icyphy/ptII/ptolemy/actor/lib/test/auto/SubscriberPortInitialValues3.xml
5 ms. Memory: 688128K Free: 529918K (77%)
----------------- Invoking toplevel() on ptolemy.moml.MoMLSimpleApplication@37931e6a
----------------- Done invoking toplevel() on ptolemy.moml.MoMLSimpleApplication@37931e6a
reloadAllAccessors: .SubscriberPortInitialValues3

===========================================================================================
----------------- testing Mon Jul 06 15:02:25 UTC 2020 /home/travis/build/icyphy/ptII/ptolemy/actor/lib/test/auto/SubscriptionAggregator.xml
----------------- Instantiating /home/travis/build/icyphy/ptII/ptolemy/actor/lib/test/auto/SubscriptionAggregator.xml
2 ms. Memory: 688128K Free: 523264K (76%)
----------------- Invoking toplevel() on ptolemy.moml.MoMLSimpleApplication@5774ec64
----------------- Done invoking toplevel() on ptolemy.moml.MoMLSimpleApplication@5774ec64
reloadAllAccessors: .SubscriptionAggregator

===========================================================================================
----------------- testing Mon Jul 06 15:02:25 UTC 2020 /home/travis/build/icyphy/ptII/ptolemy/actor/lib/test/auto/SubscriptionAggregator2.xml
----------------- Instantiating /home/travis/build/icyphy/ptII/ptolemy/actor/lib/test/auto/SubscriptionAggregator2.xml
3 ms. Memory: 688128K Free: 516599K (75%)
----------------- Invoking toplevel() on ptolemy.moml.MoMLSimpleApplication@129db82d
----------------- Done invoking toplevel() on ptolemy.moml.MoMLSimpleApplication@129db82d
reloadAllAccessors: .SubscriptionAggregator2

===========================================================================================
----------------- testing Mon Jul 06 15:02:25 UTC 2020 /home/travis/build/icyphy/ptII/ptolemy/actor/lib/test/auto/SubscriptionAggregator3.xml
----------------- Instantiating /home/travis/build/icyphy/ptII/ptolemy/actor/lib/test/auto/SubscriptionAggregator3.xml
4 ms. Memory: 688128K Free: 507904K (74%)
----------------- Invoking toplevel() on ptolemy.moml.MoMLSimpleApplication@435352de
----------------- Done invoking toplevel() on ptolemy.moml.MoMLSimpleApplication@435352de
reloadAllAccessors: .SubscriptionAggregator3

===========================================================================================
----------------- testing Mon Jul 06 15:02:25 UTC 2020 /home/travis/build/icyphy/ptII/ptolemy/actor/lib/test/auto/SubscriptionAggregatorMultiply.xml
----------------- Instantiating /home/travis/build/icyphy/ptII/ptolemy/actor/lib/test/auto/SubscriptionAggregatorMultiply.xml
9 ms. Memory: 688128K Free: 499712K (73%)
----------------- Invoking toplevel() on ptolemy.moml.MoMLSimpleApplication@2e8cafef
----------------- Done invoking toplevel() on ptolemy.moml.MoMLSimpleApplication@2e8cafef
reloadAllAccessors: .SubscriptionAggregatorMultiply

===========================================================================================
----------------- testing Mon Jul 06 15:02:25 UTC 2020 /home/travis/build/icyphy/ptII/ptolemy/actor/lib/test/auto/SubscriptionAggregatorPortMultiply1.xml
----------------- Instantiating /home/travis/build/icyphy/ptII/ptolemy/actor/lib/test/auto/SubscriptionAggregatorPortMultiply1.xml
4 ms. Memory: 688128K Free: 492030K (72%)
----------------- Invoking toplevel() on ptolemy.moml.MoMLSimpleApplication@7653bea0
----------------- Done invoking toplevel() on ptolemy.moml.MoMLSimpleApplication@7653bea0
reloadAllAccessors: .SubscriptionAggregatorPortMultiply1

===========================================================================================
----------------- testing Mon Jul 06 15:02:25 UTC 2020 /home/travis/build/icyphy/ptII/ptolemy/actor/lib/test/auto/Switch.xml
----------------- Instantiating /home/travis/build/icyphy/ptII/ptolemy/actor/lib/test/auto/Switch.xml
6 ms. Memory: 688128K Free: 483328K (70%)
----------------- Invoking toplevel() on ptolemy.moml.MoMLSimpleApplication@486d5601
----------------- Done invoking toplevel() on ptolemy.moml.MoMLSimpleApplication@486d5601
reloadAllAccessors: .Switch

===========================================================================================
----------------- testing Mon Jul 06 15:02:25 UTC 2020 /home/travis/build/icyphy/ptII/ptolemy/actor/lib/test/auto/Switch2.xml
----------------- Instantiating /home/travis/build/icyphy/ptII/ptolemy/actor/lib/test/auto/Switch2.xml
1 ms. Memory: 688128K Free: 478718K (70%)
----------------- Invoking toplevel() on ptolemy.moml.MoMLSimpleApplication@6333339f
----------------- Done invoking toplevel() on ptolemy.moml.MoMLSimpleApplication@6333339f
reloadAllAccessors: .Switch2

===========================================================================================
----------------- testing Mon Jul 06 15:02:25 UTC 2020 /home/travis/build/icyphy/ptII/ptolemy/actor/lib/test/auto/SwitchDE.xml
----------------- Instantiating /home/travis/build/icyphy/ptII/ptolemy/actor/lib/test/auto/SwitchDE.xml
6 ms. Memory: 688128K Free: 472543K (69%)
----------------- Invoking toplevel() on ptolemy.moml.MoMLSimpleApplication@6851fea5
----------------- Done invoking toplevel() on ptolemy.moml.MoMLSimpleApplication@6851fea5
reloadAllAccessors: .SwitchDE

===========================================================================================
----------------- testing Mon Jul 06 15:02:25 UTC 2020 /home/travis/build/icyphy/ptII/ptolemy/actor/lib/test/auto/SynchronizerDE.xml
----------------- Instantiating /home/travis/build/icyphy/ptII/ptolemy/actor/lib/test/auto/SynchronizerDE.xml
6 ms. Memory: 688128K Free: 464351K (67%)
----------------- Invoking toplevel() on ptolemy.moml.MoMLSimpleApplication@15c39977
----------------- Done invoking toplevel() on ptolemy.moml.MoMLSimpleApplication@15c39977
reloadAllAccessors: .SynchronizerDE

===========================================================================================
----------------- testing Mon Jul 06 15:02:25 UTC 2020 /home/travis/build/icyphy/ptII/ptolemy/actor/lib/test/auto/Test.xml
----------------- Instantiating /home/travis/build/icyphy/ptII/ptolemy/actor/lib/test/auto/Test.xml
1 ms. Memory: 688128K Free: 459247K (67%)
----------------- Invoking toplevel() on ptolemy.moml.MoMLSimpleApplication@354952e
----------------- Done invoking toplevel() on ptolemy.moml.MoMLSimpleApplication@354952e
reloadAllAccessors: .Test

===========================================================================================
----------------- testing Mon Jul 06 15:02:25 UTC 2020 /home/travis/build/icyphy/ptII/ptolemy/actor/lib/test/auto/TestExceptionAttribute1.xml
----------------- Instantiating /home/travis/build/icyphy/ptII/ptolemy/actor/lib/test/auto/TestExceptionAttribute1.xml
1 ms. Memory: 688128K Free: 455680K (66%)
----------------- Invoking toplevel() on ptolemy.moml.MoMLSimpleApplication@5baebda7
----------------- Done invoking toplevel() on ptolemy.moml.MoMLSimpleApplication@5baebda7
reloadAllAccessors: .TestExceptionAttribute1

===========================================================================================
----------------- testing Mon Jul 06 15:02:25 UTC 2020 /home/travis/build/icyphy/ptII/ptolemy/actor/lib/test/auto/TestExceptionAttribute2.xml
----------------- Instantiating /home/travis/build/icyphy/ptII/ptolemy/actor/lib/test/auto/TestExceptionAttribute2.xml
1 ms. Memory: 688128K Free: 452094K (66%)
----------------- Invoking toplevel() on ptolemy.moml.MoMLSimpleApplication@1b11c3d3
----------------- Done invoking toplevel() on ptolemy.moml.MoMLSimpleApplication@1b11c3d3
reloadAllAccessors: .TestExceptionAttribute2

===========================================================================================
----------------- testing Mon Jul 06 15:02:25 UTC 2020 /home/travis/build/icyphy/ptII/ptolemy/actor/lib/test/auto/TestExceptionAttribute3.xml
----------------- Instantiating /home/travis/build/icyphy/ptII/ptolemy/actor/lib/test/auto/TestExceptionAttribute3.xml
.TestExceptionAttribute3.TestExceptionAttribute: initialize() was not invoked, but wrapup() was.  This is unusual, but not always a problem.  For example, exporting JNLP will do this.
1 ms. Memory: 688128K Free: 447488K (65%)
----------------- Invoking toplevel() on ptolemy.moml.MoMLSimpleApplication@146a4271
----------------- Done invoking toplevel() on ptolemy.moml.MoMLSimpleApplication@146a4271
reloadAllAccessors: .TestExceptionAttribute3

===========================================================================================
----------------- testing Mon Jul 06 15:02:25 UTC 2020 /home/travis/build/icyphy/ptII/ptolemy/actor/lib/test/auto/TestExceptionAttribute4.xml
----------------- Instantiating /home/travis/build/icyphy/ptII/ptolemy/actor/lib/test/auto/TestExceptionAttribute4.xml
.TestExceptionAttribute4.TestExceptionAttribute: initialize() was not invoked, but wrapup() was.  This is unusual, but not always a problem.  For example, exporting JNLP will do this.
.TestExceptionAttribute4.TestExceptionAttribute2: initialize() was not invoked, but wrapup() was.  This is unusual, but not always a problem.  For example, exporting JNLP will do this.
1 ms. Memory: 688128K Free: 443392K (64%)
----------------- Invoking toplevel() on ptolemy.moml.MoMLSimpleApplication@5d51cf84
----------------- Done invoking toplevel() on ptolemy.moml.MoMLSimpleApplication@5d51cf84
reloadAllAccessors: .TestExceptionAttribute4

===========================================================================================
----------------- testing Mon Jul 06 15:02:25 UTC 2020 /home/travis/build/icyphy/ptII/ptolemy/actor/lib/test/auto/TestExceptionHandler1.xml
----------------- Instantiating /home/travis/build/icyphy/ptII/ptolemy/actor/lib/test/auto/TestExceptionHandler1.xml
1 ms. Memory: 688128K Free: 439806K (64%)
----------------- Invoking toplevel() on ptolemy.moml.MoMLSimpleApplication@62e17398
----------------- Done invoking toplevel() on ptolemy.moml.MoMLSimpleApplication@62e17398
reloadAllAccessors: .TestExceptionHandler1

===========================================================================================
----------------- testing Mon Jul 06 15:02:25 UTC 2020 /home/travis/build/icyphy/ptII/ptolemy/actor/lib/test/auto/TestExceptionHandler2.xml
----------------- Instantiating /home/travis/build/icyphy/ptII/ptolemy/actor/lib/test/auto/TestExceptionHandler2.xml
1 ms. Memory: 688128K Free: 436224K (63%)
----------------- Invoking toplevel() on ptolemy.moml.MoMLSimpleApplication@615a7b46
----------------- Done invoking toplevel() on ptolemy.moml.MoMLSimpleApplication@615a7b46
reloadAllAccessors: .TestExceptionHandler2

===========================================================================================
----------------- testing Mon Jul 06 15:02:25 UTC 2020 /home/travis/build/icyphy/ptII/ptolemy/actor/lib/test/auto/TestExceptionHandler3.xml
----------------- Instantiating /home/travis/build/icyphy/ptII/ptolemy/actor/lib/test/auto/TestExceptionHandler3.xml
0 ms. Memory: 688128K Free: 432638K (63%)
----------------- Invoking toplevel() on ptolemy.moml.MoMLSimpleApplication@404d846b
----------------- Done invoking toplevel() on ptolemy.moml.MoMLSimpleApplication@404d846b
reloadAllAccessors: .TestExceptionHandler3

===========================================================================================
----------------- testing Mon Jul 06 15:02:25 UTC 2020 /home/travis/build/icyphy/ptII/ptolemy/actor/lib/test/auto/TestExceptionHandler4.xml
----------------- Instantiating /home/travis/build/icyphy/ptII/ptolemy/actor/lib/test/auto/TestExceptionHandler4.xml
1 ms. Memory: 688128K Free: 428032K (62%)
----------------- Invoking toplevel() on ptolemy.moml.MoMLSimpleApplication@446cfa3d
----------------- Done invoking toplevel() on ptolemy.moml.MoMLSimpleApplication@446cfa3d
reloadAllAccessors: .TestExceptionHandler4

===========================================================================================
----------------- testing Mon Jul 06 15:02:25 UTC 2020 /home/travis/build/icyphy/ptII/ptolemy/actor/lib/test/auto/TestRequireCorrectOrder.xml
----------------- Instantiating /home/travis/build/icyphy/ptII/ptolemy/actor/lib/test/auto/TestRequireCorrectOrder.xml
10 ms. Memory: 688128K Free: 422912K (61%)
----------------- Invoking toplevel() on ptolemy.moml.MoMLSimpleApplication@39efbc2b
----------------- Done invoking toplevel() on ptolemy.moml.MoMLSimpleApplication@39efbc2b
reloadAllAccessors: .TestRequireCorrectOrder

===========================================================================================
----------------- testing Mon Jul 06 15:02:25 UTC 2020 /home/travis/build/icyphy/ptII/ptolemy/actor/lib/test/auto/TestSimple.xml
----------------- Instantiating /home/travis/build/icyphy/ptII/ptolemy/actor/lib/test/auto/TestSimple.xml
2 ms. Memory: 688128K Free: 418295K (61%)
----------------- Invoking toplevel() on ptolemy.moml.MoMLSimpleApplication@2147fe14
----------------- Done invoking toplevel() on ptolemy.moml.MoMLSimpleApplication@2147fe14
reloadAllAccessors: .TestSimple

===========================================================================================
----------------- testing Mon Jul 06 15:02:25 UTC 2020 /home/travis/build/icyphy/ptII/ptolemy/actor/lib/test/auto/ThrowModelError.xml
----------------- Instantiating /home/travis/build/icyphy/ptII/ptolemy/actor/lib/test/auto/ThrowModelError.xml
2 ms. Memory: 688128K Free: 413696K (60%)
----------------- Invoking toplevel() on ptolemy.moml.MoMLSimpleApplication@31a850b5
----------------- Done invoking toplevel() on ptolemy.moml.MoMLSimpleApplication@31a850b5
reloadAllAccessors: .ThrowModelError

===========================================================================================
----------------- testing Mon Jul 06 15:02:25 UTC 2020 /home/travis/build/icyphy/ptII/ptolemy/actor/lib/test/auto/TimeDelayMicrosteps.xml
----------------- Instantiating /home/travis/build/icyphy/ptII/ptolemy/actor/lib/test/auto/TimeDelayMicrosteps.xml
3 ms. Memory: 688128K Free: 407031K (59%)
----------------- Invoking toplevel() on ptolemy.moml.MoMLSimpleApplication@7df332e2
----------------- Done invoking toplevel() on ptolemy.moml.MoMLSimpleApplication@7df332e2
reloadAllAccessors: .TimeDelayMicrosteps

===========================================================================================
----------------- testing Mon Jul 06 15:02:25 UTC 2020 /home/travis/build/icyphy/ptII/ptolemy/actor/lib/test/auto/TimeDelayMicrosteps2.xml
----------------- Instantiating /home/travis/build/icyphy/ptII/ptolemy/actor/lib/test/auto/TimeDelayMicrosteps2.xml
2 ms. Memory: 688128K Free: 399839K (58%)
----------------- Invoking toplevel() on ptolemy.moml.MoMLSimpleApplication@639728bd
----------------- Done invoking toplevel() on ptolemy.moml.MoMLSimpleApplication@639728bd
reloadAllAccessors: .TimeDelayMicrosteps2

===========================================================================================
----------------- testing Mon Jul 06 15:02:25 UTC 2020 /home/travis/build/icyphy/ptII/ptolemy/actor/lib/test/auto/TimeDelayMicrosteps3.xml
----------------- Instantiating /home/travis/build/icyphy/ptII/ptolemy/actor/lib/test/auto/TimeDelayMicrosteps3.xml
3 ms. Memory: 688128K Free: 393216K (57%)
----------------- Invoking toplevel() on ptolemy.moml.MoMLSimpleApplication@28b5f2e0
----------------- Done invoking toplevel() on ptolemy.moml.MoMLSimpleApplication@28b5f2e0
reloadAllAccessors: .TimeDelayMicrosteps3

===========================================================================================
----------------- testing Mon Jul 06 15:02:25 UTC 2020 /home/travis/build/icyphy/ptII/ptolemy/actor/lib/test/auto/TimeDelayVariableMicrosteps.xml
----------------- Instantiating /home/travis/build/icyphy/ptII/ptolemy/actor/lib/test/auto/TimeDelayVariableMicrosteps.xml
3 ms. Memory: 688128K Free: 386558K (56%)
----------------- Invoking toplevel() on ptolemy.moml.MoMLSimpleApplication@6e7c9d52
----------------- Done invoking toplevel() on ptolemy.moml.MoMLSimpleApplication@6e7c9d52
reloadAllAccessors: .TimeDelayVariableMicrosteps

===========================================================================================
----------------- testing Mon Jul 06 15:02:25 UTC 2020 /home/travis/build/icyphy/ptII/ptolemy/actor/lib/test/auto/TimeGap.xml
----------------- Instantiating /home/travis/build/icyphy/ptII/ptolemy/actor/lib/test/auto/TimeGap.xml
3 ms. Memory: 688128K Free: 381407K (55%)
----------------- Invoking toplevel() on ptolemy.moml.MoMLSimpleApplication@1a708cec
----------------- Done invoking toplevel() on ptolemy.moml.MoMLSimpleApplication@1a708cec
reloadAllAccessors: .TimeGap

===========================================================================================
----------------- testing Mon Jul 06 15:02:25 UTC 2020 /home/travis/build/icyphy/ptII/ptolemy/actor/lib/test/auto/TimeGap2.xml
----------------- Instantiating /home/travis/build/icyphy/ptII/ptolemy/actor/lib/test/auto/TimeGap2.xml
3 ms. Memory: 688128K Free: 375287K (55%)
----------------- Invoking toplevel() on ptolemy.moml.MoMLSimpleApplication@472ca2da
----------------- Done invoking toplevel() on ptolemy.moml.MoMLSimpleApplication@472ca2da
reloadAllAccessors: .TimeGap2

===========================================================================================
----------------- testing Mon Jul 06 15:02:25 UTC 2020 /home/travis/build/icyphy/ptII/ptolemy/actor/lib/test/auto/TimedSinewave.xml
----------------- Instantiating /home/travis/build/icyphy/ptII/ptolemy/actor/lib/test/auto/TimedSinewave.xml
21 ms. Memory: 688128K Free: 360958K (52%)
----------------- Invoking toplevel() on ptolemy.moml.MoMLSimpleApplication@54168646
----------------- Done invoking toplevel() on ptolemy.moml.MoMLSimpleApplication@54168646
reloadAllAccessors: .TimedSinewave

===========================================================================================
----------------- testing Mon Jul 06 15:02:25 UTC 2020 /home/travis/build/icyphy/ptII/ptolemy/actor/lib/test/auto/TimedSinewavePhase.xml
----------------- Instantiating /home/travis/build/icyphy/ptII/ptolemy/actor/lib/test/auto/TimedSinewavePhase.xml
22 ms. Memory: 688128K Free: 351232K (51%)
----------------- Invoking toplevel() on ptolemy.moml.MoMLSimpleApplication@4e7cf54f
----------------- Done invoking toplevel() on ptolemy.moml.MoMLSimpleApplication@4e7cf54f
reloadAllAccessors: .TimedSinewavePhase

===========================================================================================
----------------- testing Mon Jul 06 15:02:26 UTC 2020 /home/travis/build/icyphy/ptII/ptolemy/actor/lib/test/auto/Timer.xml
----------------- Instantiating /home/travis/build/icyphy/ptII/ptolemy/actor/lib/test/auto/Timer.xml
2 ms. Memory: 688128K Free: 345591K (50%)
----------------- Invoking toplevel() on ptolemy.moml.MoMLSimpleApplication@1ab30825
----------------- Done invoking toplevel() on ptolemy.moml.MoMLSimpleApplication@1ab30825
reloadAllAccessors: .Timer

===========================================================================================
----------------- testing Mon Jul 06 15:02:26 UTC 2020 /home/travis/build/icyphy/ptII/ptolemy/actor/lib/test/auto/TriangularDistTestModel.xml
----------------- Instantiating /home/travis/build/icyphy/ptII/ptolemy/actor/lib/test/auto/TriangularDistTestModel.xml
2 ms. Memory: 688128K Free: 339968K (49%)
----------------- Invoking toplevel() on ptolemy.moml.MoMLSimpleApplication@65a052ae
----------------- Done invoking toplevel() on ptolemy.moml.MoMLSimpleApplication@65a052ae
reloadAllAccessors: .TriangularDistTestModel

===========================================================================================
----------------- testing Mon Jul 06 15:02:26 UTC 2020 /home/travis/build/icyphy/ptII/ptolemy/actor/lib/test/auto/TrigFunction.xml
----------------- Instantiating /home/travis/build/icyphy/ptII/ptolemy/actor/lib/test/auto/TrigFunction.xml
2 ms. Memory: 688128K Free: 335358K (49%)
----------------- Invoking toplevel() on ptolemy.moml.MoMLSimpleApplication@1f33a70e
----------------- Done invoking toplevel() on ptolemy.moml.MoMLSimpleApplication@1f33a70e
reloadAllAccessors: .TrigFunction

===========================================================================================
----------------- testing Mon Jul 06 15:02:26 UTC 2020 /home/travis/build/icyphy/ptII/ptolemy/actor/lib/test/auto/TrigFunctionDE.xml
----------------- Instantiating /home/travis/build/icyphy/ptII/ptolemy/actor/lib/test/auto/TrigFunctionDE.xml
2 ms. Memory: 688128K Free: 329728K (48%)
----------------- Invoking toplevel() on ptolemy.moml.MoMLSimpleApplication@248b96d8
----------------- Done invoking toplevel() on ptolemy.moml.MoMLSimpleApplication@248b96d8
reloadAllAccessors: .TrigFunctionDE

===========================================================================================
----------------- testing Mon Jul 06 15:02:26 UTC 2020 /home/travis/build/icyphy/ptII/ptolemy/actor/lib/test/auto/TrigFunctionInverse.xml
----------------- Instantiating /home/travis/build/icyphy/ptII/ptolemy/actor/lib/test/auto/TrigFunctionInverse.xml
2 ms. Memory: 688128K Free: 324608K (47%)
----------------- Invoking toplevel() on ptolemy.moml.MoMLSimpleApplication@4fff3f2d
----------------- Done invoking toplevel() on ptolemy.moml.MoMLSimpleApplication@4fff3f2d
reloadAllAccessors: .TrigFunctionInverse

===========================================================================================
----------------- testing Mon Jul 06 15:02:26 UTC 2020 /home/travis/build/icyphy/ptII/ptolemy/actor/lib/test/auto/TrigFunctionTan.xml
----------------- Instantiating /home/travis/build/icyphy/ptII/ptolemy/actor/lib/test/auto/TrigFunctionTan.xml
1 ms. Memory: 688128K Free: 319998K (47%)
----------------- Invoking toplevel() on ptolemy.moml.MoMLSimpleApplication@3d149e08
----------------- Done invoking toplevel() on ptolemy.moml.MoMLSimpleApplication@3d149e08
reloadAllAccessors: .TrigFunctionTan

===========================================================================================
----------------- testing Mon Jul 06 15:02:26 UTC 2020 /home/travis/build/icyphy/ptII/ptolemy/actor/lib/test/auto/TriggeredClock.xml
----------------- Instantiating /home/travis/build/icyphy/ptII/ptolemy/actor/lib/test/auto/TriggeredClock.xml
2 ms. Memory: 688128K Free: 315359K (46%)
----------------- Invoking toplevel() on ptolemy.moml.MoMLSimpleApplication@33dc0b68
----------------- Done invoking toplevel() on ptolemy.moml.MoMLSimpleApplication@33dc0b68
reloadAllAccessors: .TriggeredClock

===========================================================================================
----------------- testing Mon Jul 06 15:02:26 UTC 2020 /home/travis/build/icyphy/ptII/ptolemy/actor/lib/test/auto/URLDirectoryReader.xml
----------------- Instantiating /home/travis/build/icyphy/ptII/ptolemy/actor/lib/test/auto/URLDirectoryReader.xml
37 ms. Memory: 688128K Free: 306176K (44%)
----------------- Invoking toplevel() on ptolemy.moml.MoMLSimpleApplication@6c1801f6
----------------- Done invoking toplevel() on ptolemy.moml.MoMLSimpleApplication@6c1801f6
reloadAllAccessors: .URLDirectoryReader

===========================================================================================
----------------- testing Mon Jul 06 15:02:26 UTC 2020 /home/travis/build/icyphy/ptII/ptolemy/actor/lib/test/auto/URLDirectoryReader3.xml
----------------- Instantiating /home/travis/build/icyphy/ptII/ptolemy/actor/lib/test/auto/URLDirectoryReader3.xml
1053 ms. Memory: 688128K Free: 628873K (91%)
----------------- Invoking toplevel() on ptolemy.moml.MoMLSimpleApplication@2a697fa9
----------------- Done invoking toplevel() on ptolemy.moml.MoMLSimpleApplication@2a697fa9
reloadAllAccessors: .URLDirectoryReader3

===========================================================================================
----------------- testing Mon Jul 06 15:02:27 UTC 2020 /home/travis/build/icyphy/ptII/ptolemy/actor/lib/test/auto/UnaryMathFunction.xml
----------------- Instantiating /home/travis/build/icyphy/ptII/ptolemy/actor/lib/test/auto/UnaryMathFunction.xml
2 ms. Memory: 688128K Free: 621056K (90%)
----------------- Invoking toplevel() on ptolemy.moml.MoMLSimpleApplication@2db684b8
----------------- Done invoking toplevel() on ptolemy.moml.MoMLSimpleApplication@2db684b8
reloadAllAccessors: .UnaryMathFunction

===========================================================================================
----------------- testing Mon Jul 06 15:02:27 UTC 2020 /home/travis/build/icyphy/ptII/ptolemy/actor/lib/test/auto/Uniform.xml
----------------- Instantiating /home/travis/build/icyphy/ptII/ptolemy/actor/lib/test/auto/Uniform.xml
2 ms. Memory: 688128K Free: 616446K (90%)
----------------- Invoking toplevel() on ptolemy.moml.MoMLSimpleApplication@77329b1e
----------------- Done invoking toplevel() on ptolemy.moml.MoMLSimpleApplication@77329b1e
reloadAllAccessors: .Uniform

===========================================================================================
----------------- testing Mon Jul 06 15:02:27 UTC 2020 /home/travis/build/icyphy/ptII/ptolemy/actor/lib/test/auto/UnionDisassemblerTest.xml
----------------- Instantiating /home/travis/build/icyphy/ptII/ptolemy/actor/lib/test/auto/UnionDisassemblerTest.xml
8 ms. Memory: 688128K Free: 612864K (89%)
----------------- Invoking toplevel() on ptolemy.moml.MoMLSimpleApplication@643d1f0e
----------------- Done invoking toplevel() on ptolemy.moml.MoMLSimpleApplication@643d1f0e
reloadAllAccessors: .UnionDisassemblerTest

===========================================================================================
----------------- testing Mon Jul 06 15:02:27 UTC 2020 /home/travis/build/icyphy/ptII/ptolemy/actor/lib/test/auto/UtilityFunctions.xml
----------------- Instantiating /home/travis/build/icyphy/ptII/ptolemy/actor/lib/test/auto/UtilityFunctions.xml
1 ms. Memory: 688128K Free: 608768K (88%)
----------------- Invoking toplevel() on ptolemy.moml.MoMLSimpleApplication@39ca516d
----------------- Done invoking toplevel() on ptolemy.moml.MoMLSimpleApplication@39ca516d
reloadAllAccessors: .UtilityFunctions

===========================================================================================
----------------- testing Mon Jul 06 15:02:27 UTC 2020 /home/travis/build/icyphy/ptII/ptolemy/actor/lib/test/auto/VariableSleep.xml
----------------- Instantiating /home/travis/build/icyphy/ptII/ptolemy/actor/lib/test/auto/VariableSleep.xml
503 ms. Memory: 688128K Free: 603134K (88%)
----------------- Invoking toplevel() on ptolemy.moml.MoMLSimpleApplication@25beaeda
----------------- Done invoking toplevel() on ptolemy.moml.MoMLSimpleApplication@25beaeda
reloadAllAccessors: .VariableSleep

===========================================================================================
----------------- testing Mon Jul 06 15:02:28 UTC 2020 /home/travis/build/icyphy/ptII/ptolemy/actor/lib/test/auto/VectorAssemblerDisassemblerCT.xml
----------------- Instantiating /home/travis/build/icyphy/ptII/ptolemy/actor/lib/test/auto/VectorAssemblerDisassemblerCT.xml
75 ms. Memory: 688128K Free: 583168K (85%)
----------------- Invoking toplevel() on ptolemy.moml.MoMLSimpleApplication@2ec4e76a
----------------- Done invoking toplevel() on ptolemy.moml.MoMLSimpleApplication@2ec4e76a
reloadAllAccessors: .VectorAssemblerDisassemblerCT

===========================================================================================
----------------- testing Mon Jul 06 15:02:28 UTC 2020 /home/travis/build/icyphy/ptII/ptolemy/actor/lib/test/auto/VectorAssemblerDisassemblerDE.xml
----------------- Instantiating /home/travis/build/icyphy/ptII/ptolemy/actor/lib/test/auto/VectorAssemblerDisassemblerDE.xml
2 ms. Memory: 688128K Free: 576000K (84%)
----------------- Invoking toplevel() on ptolemy.moml.MoMLSimpleApplication@4c86f5f7
----------------- Done invoking toplevel() on ptolemy.moml.MoMLSimpleApplication@4c86f5f7
reloadAllAccessors: .VectorAssemblerDisassemblerDE

===========================================================================================
----------------- testing Mon Jul 06 15:02:28 UTC 2020 /home/travis/build/icyphy/ptII/ptolemy/actor/lib/test/auto/VectorAssemblerDisassemblerSDF.xml
----------------- Instantiating /home/travis/build/icyphy/ptII/ptolemy/actor/lib/test/auto/VectorAssemblerDisassemblerSDF.xml
2 ms. Memory: 688128K Free: 569342K (83%)
----------------- Invoking toplevel() on ptolemy.moml.MoMLSimpleApplication@1c94ce27
----------------- Done invoking toplevel() on ptolemy.moml.MoMLSimpleApplication@1c94ce27
reloadAllAccessors: .VectorAssemblerDisassemblerSDF

===========================================================================================
----------------- testing Mon Jul 06 15:02:28 UTC 2020 /home/travis/build/icyphy/ptII/ptolemy/actor/lib/test/auto/WallClockTime.xml
----------------- Instantiating /home/travis/build/icyphy/ptII/ptolemy/actor/lib/test/auto/WallClockTime.xml
1004 ms. Memory: 688128K Free: 564222K (82%)
----------------- Invoking toplevel() on ptolemy.moml.MoMLSimpleApplication@37c170a4
----------------- Done invoking toplevel() on ptolemy.moml.MoMLSimpleApplication@37c170a4
reloadAllAccessors: .WallClockTime

===========================================================================================
----------------- testing Mon Jul 06 15:02:29 UTC 2020 /home/travis/build/icyphy/ptII/ptolemy/actor/lib/test/auto/WidthTestWithSubscriberPublisher.xml
----------------- Instantiating /home/travis/build/icyphy/ptII/ptolemy/actor/lib/test/auto/WidthTestWithSubscriberPublisher.xml
7 ms. Memory: 688128K Free: 546304K (79%)
----------------- Invoking toplevel() on ptolemy.moml.MoMLSimpleApplication@666e7628
----------------- Done invoking toplevel() on ptolemy.moml.MoMLSimpleApplication@666e7628
reloadAllAccessors: .WidthTestWithSubscriberPublisher

===========================================================================================
----------------- testing Mon Jul 06 15:02:29 UTC 2020 /home/travis/build/icyphy/ptII/ptolemy/actor/lib/test/auto/WidthTestWithSubscriberPublisher2.xml
----------------- Instantiating /home/travis/build/icyphy/ptII/ptolemy/actor/lib/test/auto/WidthTestWithSubscriberPublisher2.xml
2 ms. Memory: 688128K Free: 539646K (78%)
----------------- Invoking toplevel() on ptolemy.moml.MoMLSimpleApplication@6604b82b
----------------- Done invoking toplevel() on ptolemy.moml.MoMLSimpleApplication@6604b82b
reloadAllAccessors: .WidthTestWithSubscriberPublisher2

===========================================================================================
----------------- testing Mon Jul 06 15:02:29 UTC 2020 /home/travis/build/icyphy/ptII/ptolemy/actor/lib/test/auto/WidthTestWithSubscriberPublisher3.xml
----------------- Instantiating /home/travis/build/icyphy/ptII/ptolemy/actor/lib/test/auto/WidthTestWithSubscriberPublisher3.xml
1 ms. Memory: 688128K Free: 534016K (78%)
----------------- Invoking toplevel() on ptolemy.moml.MoMLSimpleApplication@7b07c7
----------------- Done invoking toplevel() on ptolemy.moml.MoMLSimpleApplication@7b07c7
reloadAllAccessors: .WidthTestWithSubscriberPublisher3

===========================================================================================
----------------- testing Mon Jul 06 15:02:29 UTC 2020 /home/travis/build/icyphy/ptII/ptolemy/actor/lib/test/auto/Writer.xml
----------------- Instantiating /home/travis/build/icyphy/ptII/ptolemy/actor/lib/test/auto/Writer.xml
0
1
2
3
4
1 ms. Memory: 688128K Free: 529920K (77%)
----------------- Invoking toplevel() on ptolemy.moml.MoMLSimpleApplication@2eed2f41
----------------- Done invoking toplevel() on ptolemy.moml.MoMLSimpleApplication@2eed2f41
reloadAllAccessors: .Writer

===========================================================================================
----------------- testing Mon Jul 06 15:02:29 UTC 2020 /home/travis/build/icyphy/ptII/ptolemy/actor/lib/test/auto/array.xml
----------------- Instantiating /home/travis/build/icyphy/ptII/ptolemy/actor/lib/test/auto/array.xml
2 ms. Memory: 688128K Free: 525310K (76%)
----------------- Invoking toplevel() on ptolemy.moml.MoMLSimpleApplication@36bb8a08
----------------- Done invoking toplevel() on ptolemy.moml.MoMLSimpleApplication@36bb8a08
reloadAllAccessors: .array

===========================================================================================
----------------- testing Mon Jul 06 15:02:29 UTC 2020 /home/travis/build/icyphy/ptII/ptolemy/actor/lib/test/auto/array2.xml
----------------- Instantiating /home/travis/build/icyphy/ptII/ptolemy/actor/lib/test/auto/array2.xml
2 ms. Memory: 688128K Free: 520704K (76%)
----------------- Invoking toplevel() on ptolemy.moml.MoMLSimpleApplication@46770274
----------------- Done invoking toplevel() on ptolemy.moml.MoMLSimpleApplication@46770274
reloadAllAccessors: .array2

===========================================================================================
----------------- testing Mon Jul 06 15:02:29 UTC 2020 /home/travis/build/icyphy/ptII/ptolemy/actor/lib/test/auto/arrayType.xml
----------------- Instantiating /home/travis/build/icyphy/ptII/ptolemy/actor/lib/test/auto/arrayType.xml
2 ms. Memory: 688128K Free: 515584K (75%)
----------------- Invoking toplevel() on ptolemy.moml.MoMLSimpleApplication@112d663e
----------------- Done invoking toplevel() on ptolemy.moml.MoMLSimpleApplication@112d663e
reloadAllAccessors: .arrayType

===========================================================================================
----------------- testing Mon Jul 06 15:02:29 UTC 2020 /home/travis/build/icyphy/ptII/ptolemy/actor/lib/test/auto/arrayType10.xml
----------------- Instantiating /home/travis/build/icyphy/ptII/ptolemy/actor/lib/test/auto/arrayType10.xml
1 ms. Memory: 688128K Free: 510464K (74%)
----------------- Invoking toplevel() on ptolemy.moml.MoMLSimpleApplication@744e9f97
----------------- Done invoking toplevel() on ptolemy.moml.MoMLSimpleApplication@744e9f97
reloadAllAccessors: .arrayType10

===========================================================================================
----------------- testing Mon Jul 06 15:02:29 UTC 2020 /home/travis/build/icyphy/ptII/ptolemy/actor/lib/test/auto/arrayType11.xml
----------------- Instantiating /home/travis/build/icyphy/ptII/ptolemy/actor/lib/test/auto/arrayType11.xml
1 ms. Memory: 688128K Free: 505854K (74%)
----------------- Invoking toplevel() on ptolemy.moml.MoMLSimpleApplication@2009d22e
----------------- Done invoking toplevel() on ptolemy.moml.MoMLSimpleApplication@2009d22e
reloadAllAccessors: .arrayType11

===========================================================================================
----------------- testing Mon Jul 06 15:02:29 UTC 2020 /home/travis/build/icyphy/ptII/ptolemy/actor/lib/test/auto/arrayType12.xml
----------------- Instantiating /home/travis/build/icyphy/ptII/ptolemy/actor/lib/test/auto/arrayType12.xml
1 ms. Memory: 688128K Free: 501248K (73%)
----------------- Invoking toplevel() on ptolemy.moml.MoMLSimpleApplication@2fc7177a
----------------- Done invoking toplevel() on ptolemy.moml.MoMLSimpleApplication@2fc7177a
reloadAllAccessors: .arrayType12

===========================================================================================
----------------- testing Mon Jul 06 15:02:29 UTC 2020 /home/travis/build/icyphy/ptII/ptolemy/actor/lib/test/auto/arrayType13.xml
----------------- Instantiating /home/travis/build/icyphy/ptII/ptolemy/actor/lib/test/auto/arrayType13.xml
1 ms. Memory: 688128K Free: 496128K (72%)
----------------- Invoking toplevel() on ptolemy.moml.MoMLSimpleApplication@771d7f39
----------------- Done invoking toplevel() on ptolemy.moml.MoMLSimpleApplication@771d7f39
reloadAllAccessors: .arrayType13

===========================================================================================
----------------- testing Mon Jul 06 15:02:29 UTC 2020 /home/travis/build/icyphy/ptII/ptolemy/actor/lib/test/auto/arrayType14.xml
----------------- Instantiating /home/travis/build/icyphy/ptII/ptolemy/actor/lib/test/auto/arrayType14.xml
2 ms. Memory: 688128K Free: 491008K (71%)
----------------- Invoking toplevel() on ptolemy.moml.MoMLSimpleApplication@645fbc6e
----------------- Done invoking toplevel() on ptolemy.moml.MoMLSimpleApplication@645fbc6e
reloadAllAccessors: .arrayType14

===========================================================================================
----------------- testing Mon Jul 06 15:02:29 UTC 2020 /home/travis/build/icyphy/ptII/ptolemy/actor/lib/test/auto/arrayType15.xml
----------------- Instantiating /home/travis/build/icyphy/ptII/ptolemy/actor/lib/test/auto/arrayType15.xml
2 ms. Memory: 688128K Free: 485374K (71%)
----------------- Invoking toplevel() on ptolemy.moml.MoMLSimpleApplication@195e25e1
----------------- Done invoking toplevel() on ptolemy.moml.MoMLSimpleApplication@195e25e1
reloadAllAccessors: .arrayType15

===========================================================================================
----------------- testing Mon Jul 06 15:02:29 UTC 2020 /home/travis/build/icyphy/ptII/ptolemy/actor/lib/test/auto/arrayType16.xml
----------------- Instantiating /home/travis/build/icyphy/ptII/ptolemy/actor/lib/test/auto/arrayType16.xml
2 ms. Memory: 688128K Free: 480254K (70%)
----------------- Invoking toplevel() on ptolemy.moml.MoMLSimpleApplication@69c22a93
----------------- Done invoking toplevel() on ptolemy.moml.MoMLSimpleApplication@69c22a93
reloadAllAccessors: .arrayType16

===========================================================================================
----------------- testing Mon Jul 06 15:02:29 UTC 2020 /home/travis/build/icyphy/ptII/ptolemy/actor/lib/test/auto/arrayType17.xml
----------------- Instantiating /home/travis/build/icyphy/ptII/ptolemy/actor/lib/test/auto/arrayType17.xml
1 ms. Memory: 688128K Free: 475134K (69%)
----------------- Invoking toplevel() on ptolemy.moml.MoMLSimpleApplication@6996b160
----------------- Done invoking toplevel() on ptolemy.moml.MoMLSimpleApplication@6996b160
reloadAllAccessors: .arrayType17

===========================================================================================
----------------- testing Mon Jul 06 15:02:29 UTC 2020 /home/travis/build/icyphy/ptII/ptolemy/actor/lib/test/auto/arrayType18.xml
----------------- Instantiating /home/travis/build/icyphy/ptII/ptolemy/actor/lib/test/auto/arrayType18.xml
1 ms. Memory: 688128K Free: 470528K (68%)
----------------- Invoking toplevel() on ptolemy.moml.MoMLSimpleApplication@71b6cc39
----------------- Done invoking toplevel() on ptolemy.moml.MoMLSimpleApplication@71b6cc39
reloadAllAccessors: .arrayType18

===========================================================================================
----------------- testing Mon Jul 06 15:02:29 UTC 2020 /home/travis/build/icyphy/ptII/ptolemy/actor/lib/test/auto/arrayType19.xml
----------------- Instantiating /home/travis/build/icyphy/ptII/ptolemy/actor/lib/test/auto/arrayType19.xml
1 ms. Memory: 688128K Free: 465918K (68%)
----------------- Invoking toplevel() on ptolemy.moml.MoMLSimpleApplication@40ec7dba
----------------- Done invoking toplevel() on ptolemy.moml.MoMLSimpleApplication@40ec7dba
reloadAllAccessors: .arrayType19

===========================================================================================
----------------- testing Mon Jul 06 15:02:29 UTC 2020 /home/travis/build/icyphy/ptII/ptolemy/actor/lib/test/auto/arrayType2.xml
----------------- Instantiating /home/travis/build/icyphy/ptII/ptolemy/actor/lib/test/auto/arrayType2.xml
1 ms. Memory: 688128K Free: 460288K (67%)
----------------- Invoking toplevel() on ptolemy.moml.MoMLSimpleApplication@64f011a3
----------------- Done invoking toplevel() on ptolemy.moml.MoMLSimpleApplication@64f011a3
reloadAllAccessors: .arrayType2

===========================================================================================
----------------- testing Mon Jul 06 15:02:29 UTC 2020 /home/travis/build/icyphy/ptII/ptolemy/actor/lib/test/auto/arrayType20.xml
----------------- Instantiating /home/travis/build/icyphy/ptII/ptolemy/actor/lib/test/auto/arrayType20.xml
1 ms. Memory: 688128K Free: 455678K (66%)
----------------- Invoking toplevel() on ptolemy.moml.MoMLSimpleApplication@3637b3b6
----------------- Done invoking toplevel() on ptolemy.moml.MoMLSimpleApplication@3637b3b6
reloadAllAccessors: .arrayType20

===========================================================================================
----------------- testing Mon Jul 06 15:02:29 UTC 2020 /home/travis/build/icyphy/ptII/ptolemy/actor/lib/test/auto/arrayType21.xml
----------------- Instantiating /home/travis/build/icyphy/ptII/ptolemy/actor/lib/test/auto/arrayType21.xml
1 ms. Memory: 688128K Free: 451072K (66%)
----------------- Invoking toplevel() on ptolemy.moml.MoMLSimpleApplication@35743a17
----------------- Done invoking toplevel() on ptolemy.moml.MoMLSimpleApplication@35743a17
reloadAllAccessors: .arrayType21

===========================================================================================
----------------- testing Mon Jul 06 15:02:29 UTC 2020 /home/travis/build/icyphy/ptII/ptolemy/actor/lib/test/auto/arrayType22.xml
----------------- Instantiating /home/travis/build/icyphy/ptII/ptolemy/actor/lib/test/auto/arrayType22.xml
1 ms. Memory: 688128K Free: 446462K (65%)
----------------- Invoking toplevel() on ptolemy.moml.MoMLSimpleApplication@787e0d89
----------------- Done invoking toplevel() on ptolemy.moml.MoMLSimpleApplication@787e0d89
reloadAllAccessors: .arrayType22

===========================================================================================
----------------- testing Mon Jul 06 15:02:29 UTC 2020 /home/travis/build/icyphy/ptII/ptolemy/actor/lib/test/auto/arrayType23.xml
----------------- Instantiating /home/travis/build/icyphy/ptII/ptolemy/actor/lib/test/auto/arrayType23.xml
2 ms. Memory: 688128K Free: 441342K (64%)
----------------- Invoking toplevel() on ptolemy.moml.MoMLSimpleApplication@2dc4f63b
----------------- Done invoking toplevel() on ptolemy.moml.MoMLSimpleApplication@2dc4f63b
reloadAllAccessors: .arrayType23

===========================================================================================
----------------- testing Mon Jul 06 15:02:29 UTC 2020 /home/travis/build/icyphy/ptII/ptolemy/actor/lib/test/auto/arrayType24.xml
----------------- Instantiating /home/travis/build/icyphy/ptII/ptolemy/actor/lib/test/auto/arrayType24.xml
2 ms. Memory: 688128K Free: 436736K (63%)
----------------- Invoking toplevel() on ptolemy.moml.MoMLSimpleApplication@393d51bf
----------------- Done invoking toplevel() on ptolemy.moml.MoMLSimpleApplication@393d51bf
reloadAllAccessors: .arrayType24

===========================================================================================
----------------- testing Mon Jul 06 15:02:29 UTC 2020 /home/travis/build/icyphy/ptII/ptolemy/actor/lib/test/auto/arrayType25.xml
----------------- Instantiating /home/travis/build/icyphy/ptII/ptolemy/actor/lib/test/auto/arrayType25.xml
2 ms. Memory: 688128K Free: 431616K (63%)
----------------- Invoking toplevel() on ptolemy.moml.MoMLSimpleApplication@7231b342
----------------- Done invoking toplevel() on ptolemy.moml.MoMLSimpleApplication@7231b342
reloadAllAccessors: .arrayType25

===========================================================================================
----------------- testing Mon Jul 06 15:02:29 UTC 2020 /home/travis/build/icyphy/ptII/ptolemy/actor/lib/test/auto/arrayType26.xml
----------------- Instantiating /home/travis/build/icyphy/ptII/ptolemy/actor/lib/test/auto/arrayType26.xml
1 ms. Memory: 688128K Free: 426496K (62%)
----------------- Invoking toplevel() on ptolemy.moml.MoMLSimpleApplication@1edcd49e
----------------- Done invoking toplevel() on ptolemy.moml.MoMLSimpleApplication@1edcd49e
reloadAllAccessors: .arrayType26

===========================================================================================
----------------- testing Mon Jul 06 15:02:29 UTC 2020 /home/travis/build/icyphy/ptII/ptolemy/actor/lib/test/auto/arrayType27.xml
----------------- Instantiating /home/travis/build/icyphy/ptII/ptolemy/actor/lib/test/auto/arrayType27.xml
1 ms. Memory: 688128K Free: 420862K (61%)
----------------- Invoking toplevel() on ptolemy.moml.MoMLSimpleApplication@1f518e2d
----------------- Done invoking toplevel() on ptolemy.moml.MoMLSimpleApplication@1f518e2d
reloadAllAccessors: .arrayType27

===========================================================================================
----------------- testing Mon Jul 06 15:02:29 UTC 2020 /home/travis/build/icyphy/ptII/ptolemy/actor/lib/test/auto/arrayType28.xml
----------------- Instantiating /home/travis/build/icyphy/ptII/ptolemy/actor/lib/test/auto/arrayType28.xml
2 ms. Memory: 688128K Free: 415742K (60%)
----------------- Invoking toplevel() on ptolemy.moml.MoMLSimpleApplication@fe1f8d
----------------- Done invoking toplevel() on ptolemy.moml.MoMLSimpleApplication@fe1f8d
reloadAllAccessors: .arrayType28

===========================================================================================
----------------- testing Mon Jul 06 15:02:29 UTC 2020 /home/travis/build/icyphy/ptII/ptolemy/actor/lib/test/auto/arrayType3.xml
----------------- Instantiating /home/travis/build/icyphy/ptII/ptolemy/actor/lib/test/auto/arrayType3.xml
1 ms. Memory: 688128K Free: 410622K (60%)
----------------- Invoking toplevel() on ptolemy.moml.MoMLSimpleApplication@619042d3
----------------- Done invoking toplevel() on ptolemy.moml.MoMLSimpleApplication@619042d3
reloadAllAccessors: .arrayType3

===========================================================================================
----------------- testing Mon Jul 06 15:02:29 UTC 2020 /home/travis/build/icyphy/ptII/ptolemy/actor/lib/test/auto/arrayType4.xml
----------------- Instantiating /home/travis/build/icyphy/ptII/ptolemy/actor/lib/test/auto/arrayType4.xml
2 ms. Memory: 688128K Free: 405502K (59%)
----------------- Invoking toplevel() on ptolemy.moml.MoMLSimpleApplication@45985676
----------------- Done invoking toplevel() on ptolemy.moml.MoMLSimpleApplication@45985676
reloadAllAccessors: .arrayType4

===========================================================================================
----------------- testing Mon Jul 06 15:02:29 UTC 2020 /home/travis/build/icyphy/ptII/ptolemy/actor/lib/test/auto/arrayType5.xml
----------------- Instantiating /home/travis/build/icyphy/ptII/ptolemy/actor/lib/test/auto/arrayType5.xml
6 ms. Memory: 688128K Free: 399872K (58%)
----------------- Invoking toplevel() on ptolemy.moml.MoMLSimpleApplication@7c4cc82e
----------------- Done invoking toplevel() on ptolemy.moml.MoMLSimpleApplication@7c4cc82e
reloadAllAccessors: .arrayType5

===========================================================================================
----------------- testing Mon Jul 06 15:02:29 UTC 2020 /home/travis/build/icyphy/ptII/ptolemy/actor/lib/test/auto/arrayType6.xml
----------------- Instantiating /home/travis/build/icyphy/ptII/ptolemy/actor/lib/test/auto/arrayType6.xml
1 ms. Memory: 688128K Free: 395262K (57%)
----------------- Invoking toplevel() on ptolemy.moml.MoMLSimpleApplication@4139bc58
----------------- Done invoking toplevel() on ptolemy.moml.MoMLSimpleApplication@4139bc58
reloadAllAccessors: .arrayType6

===========================================================================================
----------------- testing Mon Jul 06 15:02:29 UTC 2020 /home/travis/build/icyphy/ptII/ptolemy/actor/lib/test/auto/arrayType7.xml
----------------- Instantiating /home/travis/build/icyphy/ptII/ptolemy/actor/lib/test/auto/arrayType7.xml
1 ms. Memory: 688128K Free: 390656K (57%)
----------------- Invoking toplevel() on ptolemy.moml.MoMLSimpleApplication@1c58cbf3
----------------- Done invoking toplevel() on ptolemy.moml.MoMLSimpleApplication@1c58cbf3
reloadAllAccessors: .arrayType7

===========================================================================================
----------------- testing Mon Jul 06 15:02:29 UTC 2020 /home/travis/build/icyphy/ptII/ptolemy/actor/lib/test/auto/arrayType8.xml
----------------- Instantiating /home/travis/build/icyphy/ptII/ptolemy/actor/lib/test/auto/arrayType8.xml
1 ms. Memory: 688128K Free: 385536K (56%)
----------------- Invoking toplevel() on ptolemy.moml.MoMLSimpleApplication@17d65c60
----------------- Done invoking toplevel() on ptolemy.moml.MoMLSimpleApplication@17d65c60
reloadAllAccessors: .arrayType8

===========================================================================================
----------------- testing Mon Jul 06 15:02:29 UTC 2020 /home/travis/build/icyphy/ptII/ptolemy/actor/lib/test/auto/arrayType9.xml
----------------- Instantiating /home/travis/build/icyphy/ptII/ptolemy/actor/lib/test/auto/arrayType9.xml
1 ms. Memory: 688128K Free: 380416K (55%)
----------------- Invoking toplevel() on ptolemy.moml.MoMLSimpleApplication@2eaa957c
----------------- Done invoking toplevel() on ptolemy.moml.MoMLSimpleApplication@2eaa957c
reloadAllAccessors: .arrayType9

===========================================================================================
----------------- testing Mon Jul 06 15:02:29 UTC 2020 /home/travis/build/icyphy/ptII/ptolemy/actor/lib/test/auto/cast.xml
----------------- Instantiating /home/travis/build/icyphy/ptII/ptolemy/actor/lib/test/auto/cast.xml
1 ms. Memory: 688128K Free: 375806K (55%)
----------------- Invoking toplevel() on ptolemy.moml.MoMLSimpleApplication@3bb96987
----------------- Done invoking toplevel() on ptolemy.moml.MoMLSimpleApplication@3bb96987
reloadAllAccessors: .cast

===========================================================================================
----------------- testing Mon Jul 06 15:02:29 UTC 2020 /home/travis/build/icyphy/ptII/ptolemy/actor/lib/test/auto/compositeMultiPort.xml
----------------- Instantiating /home/travis/build/icyphy/ptII/ptolemy/actor/lib/test/auto/compositeMultiPort.xml
3 ms. Memory: 688128K Free: 367104K (53%)
----------------- Invoking toplevel() on ptolemy.moml.MoMLSimpleApplication@4eb722d
----------------- Done invoking toplevel() on ptolemy.moml.MoMLSimpleApplication@4eb722d
reloadAllAccessors: .compositeMultiPort

===========================================================================================
----------------- testing Mon Jul 06 15:02:29 UTC 2020 /home/travis/build/icyphy/ptII/ptolemy/actor/lib/test/auto/expressionCastInference.xml
----------------- Instantiating /home/travis/build/icyphy/ptII/ptolemy/actor/lib/test/auto/expressionCastInference.xml
2 ms. Memory: 688128K Free: 362494K (53%)
----------------- Invoking toplevel() on ptolemy.moml.MoMLSimpleApplication@3209f4e5
----------------- Done invoking toplevel() on ptolemy.moml.MoMLSimpleApplication@3209f4e5
reloadAllAccessors: .expressionCastInference

===========================================================================================
----------------- testing Mon Jul 06 15:02:29 UTC 2020 /home/travis/build/icyphy/ptII/ptolemy/actor/lib/test/auto/expressionCastInference2.xml
----------------- Instantiating /home/travis/build/icyphy/ptII/ptolemy/actor/lib/test/auto/expressionCastInference2.xml
2 ms. Memory: 688128K Free: 357374K (52%)
----------------- Invoking toplevel() on ptolemy.moml.MoMLSimpleApplication@1ba43b2f
----------------- Done invoking toplevel() on ptolemy.moml.MoMLSimpleApplication@1ba43b2f
reloadAllAccessors: .expressionCastInference2

===========================================================================================
----------------- testing Mon Jul 06 15:02:29 UTC 2020 /home/travis/build/icyphy/ptII/ptolemy/actor/lib/test/auto/expressionInference.xml
----------------- Instantiating /home/travis/build/icyphy/ptII/ptolemy/actor/lib/test/auto/expressionInference.xml
2 ms. Memory: 688128K Free: 353278K (51%)
----------------- Invoking toplevel() on ptolemy.moml.MoMLSimpleApplication@3bd60249
----------------- Done invoking toplevel() on ptolemy.moml.MoMLSimpleApplication@3bd60249
reloadAllAccessors: .expressionInference

===========================================================================================
----------------- testing Mon Jul 06 15:02:29 UTC 2020 /home/travis/build/icyphy/ptII/ptolemy/actor/lib/test/auto/expression_bug.xml
----------------- Instantiating /home/travis/build/icyphy/ptII/ptolemy/actor/lib/test/auto/expression_bug.xml
1 ms. Memory: 688128K Free: 349182K (51%)
----------------- Invoking toplevel() on ptolemy.moml.MoMLSimpleApplication@5c6e5e10
----------------- Done invoking toplevel() on ptolemy.moml.MoMLSimpleApplication@5c6e5e10
reloadAllAccessors: .expression_bug

===========================================================================================
----------------- testing Mon Jul 06 15:02:29 UTC 2020 /home/travis/build/icyphy/ptII/ptolemy/actor/lib/test/auto/factorial.xml
----------------- Instantiating /home/travis/build/icyphy/ptII/ptolemy/actor/lib/test/auto/factorial.xml
39 ms. Memory: 688128K Free: 340990K (50%)
----------------- Invoking toplevel() on ptolemy.moml.MoMLSimpleApplication@52626436
----------------- Done invoking toplevel() on ptolemy.moml.MoMLSimpleApplication@52626436
reloadAllAccessors: .factorial

===========================================================================================
----------------- testing Mon Jul 06 15:02:29 UTC 2020 /home/travis/build/icyphy/ptII/ptolemy/actor/lib/test/auto/filterTest1.xml
----------------- Instantiating /home/travis/build/icyphy/ptII/ptolemy/actor/lib/test/auto/filterTest1.xml
3 ms. Memory: 688128K Free: 334831K (49%)
----------------- Invoking toplevel() on ptolemy.moml.MoMLSimpleApplication@3dcefd94
----------------- Done invoking toplevel() on ptolemy.moml.MoMLSimpleApplication@3dcefd94
reloadAllAccessors: .filterTest1

===========================================================================================
----------------- testing Mon Jul 06 15:02:29 UTC 2020 /home/travis/build/icyphy/ptII/ptolemy/actor/lib/test/auto/funcApplyInConst.xml
----------------- Instantiating /home/travis/build/icyphy/ptII/ptolemy/actor/lib/test/auto/funcApplyInConst.xml
1 ms. Memory: 688128K Free: 331264K (48%)
----------------- Invoking toplevel() on ptolemy.moml.MoMLSimpleApplication@e2e37ee
----------------- Done invoking toplevel() on ptolemy.moml.MoMLSimpleApplication@e2e37ee
reloadAllAccessors: .funcApplyInConst

===========================================================================================
----------------- testing Mon Jul 06 15:02:29 UTC 2020 /home/travis/build/icyphy/ptII/ptolemy/actor/lib/test/auto/funcApplyInExpr.xml
----------------- Instantiating /home/travis/build/icyphy/ptII/ptolemy/actor/lib/test/auto/funcApplyInExpr.xml
2 ms. Memory: 688128K Free: 327678K (48%)
----------------- Invoking toplevel() on ptolemy.moml.MoMLSimpleApplication@1ff9aa7b
----------------- Done invoking toplevel() on ptolemy.moml.MoMLSimpleApplication@1ff9aa7b
reloadAllAccessors: .funcApplyInExpr

===========================================================================================
----------------- testing Mon Jul 06 15:02:29 UTC 2020 /home/travis/build/icyphy/ptII/ptolemy/actor/lib/test/auto/function.xml
----------------- Instantiating /home/travis/build/icyphy/ptII/ptolemy/actor/lib/test/auto/function.xml
2 ms. Memory: 688128K Free: 322558K (47%)
----------------- Invoking toplevel() on ptolemy.moml.MoMLSimpleApplication@3fff8970
----------------- Done invoking toplevel() on ptolemy.moml.MoMLSimpleApplication@3fff8970
reloadAllAccessors: .function

===========================================================================================
----------------- testing Mon Jul 06 15:02:29 UTC 2020 /home/travis/build/icyphy/ptII/ptolemy/actor/lib/test/auto/function2.xml
----------------- Instantiating /home/travis/build/icyphy/ptII/ptolemy/actor/lib/test/auto/function2.xml
1 ms. Memory: 688128K Free: 317952K (46%)
----------------- Invoking toplevel() on ptolemy.moml.MoMLSimpleApplication@3c4396f1
----------------- Done invoking toplevel() on ptolemy.moml.MoMLSimpleApplication@3c4396f1
reloadAllAccessors: .function2

===========================================================================================
----------------- testing Mon Jul 06 15:02:29 UTC 2020 /home/travis/build/icyphy/ptII/ptolemy/actor/lib/test/auto/function3.xml
----------------- Instantiating /home/travis/build/icyphy/ptII/ptolemy/actor/lib/test/auto/function3.xml
1 ms. Memory: 688128K Free: 314366K (46%)
----------------- Invoking toplevel() on ptolemy.moml.MoMLSimpleApplication@43333d58
----------------- Done invoking toplevel() on ptolemy.moml.MoMLSimpleApplication@43333d58
reloadAllAccessors: .function3

===========================================================================================
----------------- testing Mon Jul 06 15:02:29 UTC 2020 /home/travis/build/icyphy/ptII/ptolemy/actor/lib/test/auto/functionClosureTest1.xml
----------------- Instantiating /home/travis/build/icyphy/ptII/ptolemy/actor/lib/test/auto/functionClosureTest1.xml
2 ms. Memory: 688128K Free: 308222K (45%)
----------------- Invoking toplevel() on ptolemy.moml.MoMLSimpleApplication@678a1b9a
----------------- Done invoking toplevel() on ptolemy.moml.MoMLSimpleApplication@678a1b9a
reloadAllAccessors: .functionClosureTest1

===========================================================================================
----------------- testing Mon Jul 06 15:02:29 UTC 2020 /home/travis/build/icyphy/ptII/ptolemy/actor/lib/test/auto/functionClosureTest2.xml
----------------- Instantiating /home/travis/build/icyphy/ptII/ptolemy/actor/lib/test/auto/functionClosureTest2.xml
1 ms. Memory: 688128K Free: 304640K (44%)
----------------- Invoking toplevel() on ptolemy.moml.MoMLSimpleApplication@17f25128
----------------- Done invoking toplevel() on ptolemy.moml.MoMLSimpleApplication@17f25128
reloadAllAccessors: .functionClosureTest2

===========================================================================================
----------------- testing Mon Jul 06 15:02:29 UTC 2020 /home/travis/build/icyphy/ptII/ptolemy/actor/lib/test/auto/functionClosureTest3.xml
----------------- Instantiating /home/travis/build/icyphy/ptII/ptolemy/actor/lib/test/auto/functionClosureTest3.xml
2 ms. Memory: 688128K Free: 299520K (44%)
----------------- Invoking toplevel() on ptolemy.moml.MoMLSimpleApplication@7464b4f6
----------------- Done invoking toplevel() on ptolemy.moml.MoMLSimpleApplication@7464b4f6
reloadAllAccessors: .functionClosureTest3

===========================================================================================
----------------- testing Mon Jul 06 15:02:29 UTC 2020 /home/travis/build/icyphy/ptII/ptolemy/actor/lib/test/auto/functionClosureTest4.xml
----------------- Instantiating /home/travis/build/icyphy/ptII/ptolemy/actor/lib/test/auto/functionClosureTest4.xml
4 ms. Memory: 688128K Free: 293376K (43%)
----------------- Invoking toplevel() on ptolemy.moml.MoMLSimpleApplication@420f788e
----------------- Done invoking toplevel() on ptolemy.moml.MoMLSimpleApplication@420f788e
reloadAllAccessors: .functionClosureTest4

===========================================================================================
----------------- testing Mon Jul 06 15:02:29 UTC 2020 /home/travis/build/icyphy/ptII/ptolemy/actor/lib/test/auto/functionClosureTest5.xml
----------------- Instantiating /home/travis/build/icyphy/ptII/ptolemy/actor/lib/test/auto/functionClosureTest5.xml
3 ms. Memory: 688128K Free: 287727K (42%)
----------------- Invoking toplevel() on ptolemy.moml.MoMLSimpleApplication@6ded9c7c
----------------- Done invoking toplevel() on ptolemy.moml.MoMLSimpleApplication@6ded9c7c
reloadAllAccessors: .functionClosureTest5

===========================================================================================
----------------- testing Mon Jul 06 15:02:29 UTC 2020 /home/travis/build/icyphy/ptII/ptolemy/actor/lib/test/auto/functionClosureTest6.xml
----------------- Instantiating /home/travis/build/icyphy/ptII/ptolemy/actor/lib/test/auto/functionClosureTest6.xml
2 ms. Memory: 688128K Free: 283136K (41%)
----------------- Invoking toplevel() on ptolemy.moml.MoMLSimpleApplication@49b1c2f
----------------- Done invoking toplevel() on ptolemy.moml.MoMLSimpleApplication@49b1c2f
reloadAllAccessors: .functionClosureTest6

===========================================================================================
----------------- testing Mon Jul 06 15:02:29 UTC 2020 /home/travis/build/icyphy/ptII/ptolemy/actor/lib/test/auto/functionsOnArcs.xml
----------------- Instantiating /home/travis/build/icyphy/ptII/ptolemy/actor/lib/test/auto/functionsOnArcs.xml
5 ms. Memory: 688128K Free: 278016K (40%)
----------------- Invoking toplevel() on ptolemy.moml.MoMLSimpleApplication@4b0bb15
----------------- Done invoking toplevel() on ptolemy.moml.MoMLSimpleApplication@4b0bb15
reloadAllAccessors: .functionsOnArcs

===========================================================================================
----------------- testing Mon Jul 06 15:02:29 UTC 2020 /home/travis/build/icyphy/ptII/ptolemy/actor/lib/test/auto/functionsOnArcsHOF.xml
----------------- Instantiating /home/travis/build/icyphy/ptII/ptolemy/actor/lib/test/auto/functionsOnArcsHOF.xml
3 ms. Memory: 688128K Free: 271872K (40%)
----------------- Invoking toplevel() on ptolemy.moml.MoMLSimpleApplication@7c77b583
----------------- Done invoking toplevel() on ptolemy.moml.MoMLSimpleApplication@7c77b583
reloadAllAccessors: .functionsOnArcsHOF

===========================================================================================
----------------- testing Mon Jul 06 15:02:29 UTC 2020 /home/travis/build/icyphy/ptII/ptolemy/actor/lib/test/auto/logic.xml
----------------- Instantiating /home/travis/build/icyphy/ptII/ptolemy/actor/lib/test/auto/logic.xml
1 ms. Memory: 688128K Free: 264704K (38%)
----------------- Invoking toplevel() on ptolemy.moml.MoMLSimpleApplication@1f3ad983
----------------- Done invoking toplevel() on ptolemy.moml.MoMLSimpleApplication@1f3ad983
reloadAllAccessors: .logic

===========================================================================================
----------------- testing Mon Jul 06 15:02:30 UTC 2020 /home/travis/build/icyphy/ptII/ptolemy/actor/lib/test/auto/matrixType.xml
----------------- Instantiating /home/travis/build/icyphy/ptII/ptolemy/actor/lib/test/auto/matrixType.xml
2 ms. Memory: 688128K Free: 260094K (38%)
----------------- Invoking toplevel() on ptolemy.moml.MoMLSimpleApplication@13f6eba9
----------------- Done invoking toplevel() on ptolemy.moml.MoMLSimpleApplication@13f6eba9
reloadAllAccessors: .matrixType

===========================================================================================
----------------- testing Mon Jul 06 15:02:30 UTC 2020 /home/travis/build/icyphy/ptII/ptolemy/actor/lib/test/auto/matrixType10.xml
----------------- Instantiating /home/travis/build/icyphy/ptII/ptolemy/actor/lib/test/auto/matrixType10.xml
2 ms. Memory: 688128K Free: 254974K (37%)
----------------- Invoking toplevel() on ptolemy.moml.MoMLSimpleApplication@4e4b015c
----------------- Done invoking toplevel() on ptolemy.moml.MoMLSimpleApplication@4e4b015c
reloadAllAccessors: .matrixType10

===========================================================================================
----------------- testing Mon Jul 06 15:02:30 UTC 2020 /home/travis/build/icyphy/ptII/ptolemy/actor/lib/test/auto/matrixType11.xml
----------------- Instantiating /home/travis/build/icyphy/ptII/ptolemy/actor/lib/test/auto/matrixType11.xml
1 ms. Memory: 688128K Free: 250368K (36%)
----------------- Invoking toplevel() on ptolemy.moml.MoMLSimpleApplication@18bf2740
----------------- Done invoking toplevel() on ptolemy.moml.MoMLSimpleApplication@18bf2740
reloadAllAccessors: .matrixType11

===========================================================================================
----------------- testing Mon Jul 06 15:02:30 UTC 2020 /home/travis/build/icyphy/ptII/ptolemy/actor/lib/test/auto/matrixType12.xml
----------------- Instantiating /home/travis/build/icyphy/ptII/ptolemy/actor/lib/test/auto/matrixType12.xml
1 ms. Memory: 688128K Free: 245758K (36%)
----------------- Invoking toplevel() on ptolemy.moml.MoMLSimpleApplication@7e317899
----------------- Done invoking toplevel() on ptolemy.moml.MoMLSimpleApplication@7e317899
reloadAllAccessors: .matrixType12

===========================================================================================
----------------- testing Mon Jul 06 15:02:30 UTC 2020 /home/travis/build/icyphy/ptII/ptolemy/actor/lib/test/auto/matrixType13.xml
----------------- Instantiating /home/travis/build/icyphy/ptII/ptolemy/actor/lib/test/auto/matrixType13.xml
1 ms. Memory: 688128K Free: 240638K (35%)
----------------- Invoking toplevel() on ptolemy.moml.MoMLSimpleApplication@65281f11
----------------- Done invoking toplevel() on ptolemy.moml.MoMLSimpleApplication@65281f11
reloadAllAccessors: .matrixType13

===========================================================================================
----------------- testing Mon Jul 06 15:02:30 UTC 2020 /home/travis/build/icyphy/ptII/ptolemy/actor/lib/test/auto/matrixType14.xml
----------------- Instantiating /home/travis/build/icyphy/ptII/ptolemy/actor/lib/test/auto/matrixType14.xml
1 ms. Memory: 688128K Free: 633342K (92%)
----------------- Invoking toplevel() on ptolemy.moml.MoMLSimpleApplication@14a20fa
----------------- Done invoking toplevel() on ptolemy.moml.MoMLSimpleApplication@14a20fa
reloadAllAccessors: .matrixType14

===========================================================================================
----------------- testing Mon Jul 06 15:02:30 UTC 2020 /home/travis/build/icyphy/ptII/ptolemy/actor/lib/test/auto/matrixType2.xml
----------------- Instantiating /home/travis/build/icyphy/ptII/ptolemy/actor/lib/test/auto/matrixType2.xml
2 ms. Memory: 688128K Free: 627198K (91%)
----------------- Invoking toplevel() on ptolemy.moml.MoMLSimpleApplication@5028bfca
----------------- Done invoking toplevel() on ptolemy.moml.MoMLSimpleApplication@5028bfca
reloadAllAccessors: .matrixType2

===========================================================================================
----------------- testing Mon Jul 06 15:02:30 UTC 2020 /home/travis/build/icyphy/ptII/ptolemy/actor/lib/test/auto/matrixType3.xml
----------------- Instantiating /home/travis/build/icyphy/ptII/ptolemy/actor/lib/test/auto/matrixType3.xml
4 ms. Memory: 688128K Free: 622592K (90%)
----------------- Invoking toplevel() on ptolemy.moml.MoMLSimpleApplication@37cc48ae
----------------- Done invoking toplevel() on ptolemy.moml.MoMLSimpleApplication@37cc48ae
reloadAllAccessors: .matrixType3

===========================================================================================
----------------- testing Mon Jul 06 15:02:30 UTC 2020 /home/travis/build/icyphy/ptII/ptolemy/actor/lib/test/auto/matrixType4.xml
----------------- Instantiating /home/travis/build/icyphy/ptII/ptolemy/actor/lib/test/auto/matrixType4.xml
2 ms. Memory: 688128K Free: 617472K (90%)
----------------- Invoking toplevel() on ptolemy.moml.MoMLSimpleApplication@6f87adeb
----------------- Done invoking toplevel() on ptolemy.moml.MoMLSimpleApplication@6f87adeb
reloadAllAccessors: .matrixType4

===========================================================================================
----------------- testing Mon Jul 06 15:02:30 UTC 2020 /home/travis/build/icyphy/ptII/ptolemy/actor/lib/test/auto/matrixType5.xml
----------------- Instantiating /home/travis/build/icyphy/ptII/ptolemy/actor/lib/test/auto/matrixType5.xml
2 ms. Memory: 688128K Free: 612862K (89%)
----------------- Invoking toplevel() on ptolemy.moml.MoMLSimpleApplication@16a110d0
----------------- Done invoking toplevel() on ptolemy.moml.MoMLSimpleApplication@16a110d0
reloadAllAccessors: .matrixType5

===========================================================================================
----------------- testing Mon Jul 06 15:02:30 UTC 2020 /home/travis/build/icyphy/ptII/ptolemy/actor/lib/test/auto/matrixType6.xml
----------------- Instantiating /home/travis/build/icyphy/ptII/ptolemy/actor/lib/test/auto/matrixType6.xml
2 ms. Memory: 688128K Free: 608256K (88%)
----------------- Invoking toplevel() on ptolemy.moml.MoMLSimpleApplication@225e439
----------------- Done invoking toplevel() on ptolemy.moml.MoMLSimpleApplication@225e439
reloadAllAccessors: .matrixType6

===========================================================================================
----------------- testing Mon Jul 06 15:02:30 UTC 2020 /home/travis/build/icyphy/ptII/ptolemy/actor/lib/test/auto/matrixType7.xml
----------------- Instantiating /home/travis/build/icyphy/ptII/ptolemy/actor/lib/test/auto/matrixType7.xml
2 ms. Memory: 688128K Free: 603136K (88%)
----------------- Invoking toplevel() on ptolemy.moml.MoMLSimpleApplication@671d92b1
----------------- Done invoking toplevel() on ptolemy.moml.MoMLSimpleApplication@671d92b1
reloadAllAccessors: .matrixType7

===========================================================================================
----------------- testing Mon Jul 06 15:02:30 UTC 2020 /home/travis/build/icyphy/ptII/ptolemy/actor/lib/test/auto/matrixType8.xml
----------------- Instantiating /home/travis/build/icyphy/ptII/ptolemy/actor/lib/test/auto/matrixType8.xml
1 ms. Memory: 688128K Free: 598526K (87%)
----------------- Invoking toplevel() on ptolemy.moml.MoMLSimpleApplication@3633f754
----------------- Done invoking toplevel() on ptolemy.moml.MoMLSimpleApplication@3633f754
reloadAllAccessors: .matrixType8

===========================================================================================
----------------- testing Mon Jul 06 15:02:30 UTC 2020 /home/travis/build/icyphy/ptII/ptolemy/actor/lib/test/auto/matrixType9.xml
----------------- Instantiating /home/travis/build/icyphy/ptII/ptolemy/actor/lib/test/auto/matrixType9.xml
1 ms. Memory: 688128K Free: 593920K (86%)
----------------- Invoking toplevel() on ptolemy.moml.MoMLSimpleApplication@61c8e207
----------------- Done invoking toplevel() on ptolemy.moml.MoMLSimpleApplication@61c8e207
reloadAllAccessors: .matrixType9

===========================================================================================
----------------- testing Mon Jul 06 15:02:30 UTC 2020 /home/travis/build/icyphy/ptII/ptolemy/actor/lib/test/auto/paraFunctest.xml
----------------- Instantiating /home/travis/build/icyphy/ptII/ptolemy/actor/lib/test/auto/paraFunctest.xml
2 ms. Memory: 688128K Free: 589310K (86%)
----------------- Invoking toplevel() on ptolemy.moml.MoMLSimpleApplication@6d8d69ec
----------------- Done invoking toplevel() on ptolemy.moml.MoMLSimpleApplication@6d8d69ec
reloadAllAccessors: .paraFunctest

===========================================================================================
----------------- testing Mon Jul 06 15:02:30 UTC 2020 /home/travis/build/icyphy/ptII/ptolemy/actor/lib/test/auto/paraFunctest2.xml
----------------- Instantiating /home/travis/build/icyphy/ptII/ptolemy/actor/lib/test/auto/paraFunctest2.xml
1 ms. Memory: 688128K Free: 585214K (85%)
----------------- Invoking toplevel() on ptolemy.moml.MoMLSimpleApplication@37013455
----------------- Done invoking toplevel() on ptolemy.moml.MoMLSimpleApplication@37013455
reloadAllAccessors: .paraFunctest2

===========================================================================================
----------------- testing Mon Jul 06 15:02:30 UTC 2020 /home/travis/build/icyphy/ptII/ptolemy/actor/lib/test/auto/parameterPassing.xml
----------------- Instantiating /home/travis/build/icyphy/ptII/ptolemy/actor/lib/test/auto/parameterPassing.xml
1 ms. Memory: 688128K Free: 581118K (84%)
----------------- Invoking toplevel() on ptolemy.moml.MoMLSimpleApplication@39a6350
----------------- Done invoking toplevel() on ptolemy.moml.MoMLSimpleApplication@39a6350
reloadAllAccessors: .parameterPassing

===========================================================================================
----------------- testing Mon Jul 06 15:02:30 UTC 2020 /home/travis/build/icyphy/ptII/ptolemy/actor/lib/test/auto/record.xml
----------------- Instantiating /home/travis/build/icyphy/ptII/ptolemy/actor/lib/test/auto/record.xml
2 ms. Memory: 688128K Free: 575998K (84%)
----------------- Invoking toplevel() on ptolemy.moml.MoMLSimpleApplication@5aac0123
----------------- Done invoking toplevel() on ptolemy.moml.MoMLSimpleApplication@5aac0123
reloadAllAccessors: .record

===========================================================================================
----------------- testing Mon Jul 06 15:02:30 UTC 2020 /home/travis/build/icyphy/ptII/ptolemy/actor/lib/test/auto/sizedarray1.xml
----------------- Instantiating /home/travis/build/icyphy/ptII/ptolemy/actor/lib/test/auto/sizedarray1.xml
1 ms. Memory: 688128K Free: 570878K (83%)
----------------- Invoking toplevel() on ptolemy.moml.MoMLSimpleApplication@5d16e7ff
----------------- Done invoking toplevel() on ptolemy.moml.MoMLSimpleApplication@5d16e7ff
reloadAllAccessors: .sizedarray1

===========================================================================================
----------------- testing Mon Jul 06 15:02:30 UTC 2020 /home/travis/build/icyphy/ptII/ptolemy/actor/lib/test/auto/sizedarray2.xml
----------------- Instantiating /home/travis/build/icyphy/ptII/ptolemy/actor/lib/test/auto/sizedarray2.xml
3 ms. Memory: 688128K Free: 564734K (82%)
----------------- Invoking toplevel() on ptolemy.moml.MoMLSimpleApplication@78689fd8
----------------- Done invoking toplevel() on ptolemy.moml.MoMLSimpleApplication@78689fd8
reloadAllAccessors: .sizedarray2

===========================================================================================
----------------- testing Mon Jul 06 15:02:30 UTC 2020 /home/travis/build/icyphy/ptII/ptolemy/actor/lib/test/auto/twoPublishers.xml
----------------- Instantiating /home/travis/build/icyphy/ptII/ptolemy/actor/lib/test/auto/twoPublishers.xml
5 ms. Memory: 688128K Free: 553984K (81%)
----------------- Invoking toplevel() on ptolemy.moml.MoMLSimpleApplication@5c2db3f7
----------------- Done invoking toplevel() on ptolemy.moml.MoMLSimpleApplication@5c2db3f7
reloadAllAccessors: .twoPublishers
AutoTests.java: About to close Vertx.
AutoTests.java: Vertx closed.
]]></system-out>
  <system-err><![CDATA[java.lang.RuntimeException: Execution failed
	at ptolemy.moml.MoMLSimpleApplication$UnloadThread.run(MoMLSimpleApplication.java:402)
Caused by: java.lang.RuntimeException: StringUtilities.exit() was called. Normally, we would exit here because Manager.exitAfterWrapup() was called.  However, because the ptolemy.ptII.exitAfterWrapup property is set, we throw this exception instead.
	at ptolemy.util.StringUtilities.exit(StringUtilities.java:365)
	at ptolemy.actor.Manager.wrapup(Manager.java:1549)
	at ptolemy.actor.Manager.execute(Manager.java:407)
	at ptolemy.actor.Manager.run(Manager.java:1263)
	at ptolemy.actor.Manager$PtolemyRunThread.run(Manager.java:1933)
Warning: '.top.test' is in training mode, set the trainingMode parameter to false before checking in
Warning: '.top.test' is in training mode, set the trainingMode parameter to false before checking in
Warning: '.top.test' is in training mode, set the trainingMode parameter to false before checking in
Warning: '.BooleanSwitch_RegressionTest_WrongTrainingValues.Test' is in training mode, set the trainingMode parameter to false before checking in
Warning: '.BooleanSwitch_RegressionTest_WrongTrainingValues.Test2' is in training mode, set the trainingMode parameter to false before checking in
Warning: '.BooleanSwitch_RegressionTest_WrongTrainingValues.Test2' The test produced 0 tokens.
Warning: '.top.testExceptionHandler' is in training mode, set the trainingMode parameter to false before checking in
java.lang.RuntimeException: Execution failed
	at ptolemy.moml.MoMLSimpleApplication$UnloadThread.run(MoMLSimpleApplication.java:402)
Caused by: ptolemy.kernel.util.IllegalActionException: PublisherPorts cannot be used at the top level, use a Publisher actor instead.
  in .PublisherPortToplevelSubscriber.PublisherPort
	at ptolemy.actor.PublisherPort.preinitialize(PublisherPort.java:403)
	at ptolemy.actor.CompositeActor.preinitialize(CompositeActor.java:1769)
	at ptolemy.actor.Manager.preinitializeAndResolveTypes(Manager.java:1040)
	at ptolemy.actor.Manager.initialize(Manager.java:710)
	at ptolemy.actor.Manager.execute(Manager.java:356)
	at ptolemy.actor.Manager.run(Manager.java:1263)
	at ptolemy.actor.Manager$PtolemyRunThread.run(Manager.java:1933)
java.lang.reflect.InvocationTargetException
	at java.base/jdk.internal.reflect.NativeConstructorAccessorImpl.newInstance0(Native Method)
	at java.base/jdk.internal.reflect.NativeConstructorAccessorImpl.newInstance(NativeConstructorAccessorImpl.java:62)
	at java.base/jdk.internal.reflect.DelegatingConstructorAccessorImpl.newInstance(DelegatingConstructorAccessorImpl.java:45)
	at java.base/java.lang.reflect.Constructor.newInstance(Constructor.java:490)
	at ptolemy.util.test.junit.AutoKnownFailedTests.RunModel(AutoKnownFailedTests.java:105)
	at java.base/jdk.internal.reflect.NativeMethodAccessorImpl.invoke0(Native Method)
	at java.base/jdk.internal.reflect.NativeMethodAccessorImpl.invoke(NativeMethodAccessorImpl.java:62)
	at java.base/jdk.internal.reflect.DelegatingMethodAccessorImpl.invoke(DelegatingMethodAccessorImpl.java:43)
	at java.base/java.lang.reflect.Method.invoke(Method.java:566)
	at org.junit.runners.model.FrameworkMethod$1.runReflectiveCall(FrameworkMethod.java:44)
	at org.junit.internal.runners.model.ReflectiveCallable.run(ReflectiveCallable.java:15)
	at org.junit.runners.model.FrameworkMethod.invokeExplosively(FrameworkMethod.java:41)
	at junitparams.internal.InvokeParameterisedMethod.evaluate(InvokeParameterisedMethod.java:102)
	at org.junit.internal.runners.statements.FailOnTimeout$1.run(FailOnTimeout.java:28)
Caused by: ptolemy.kernel.util.IllegalActionException: PublisherPorts cannot be used at the top level, use a Publisher actor instead.
  in .PublisherPortToplevelSubscriber.PublisherPort
	at ptolemy.actor.PublisherPort.preinitialize(PublisherPort.java:403)
	at ptolemy.actor.CompositeActor.preinitialize(CompositeActor.java:1769)
	at ptolemy.actor.Manager.preinitializeAndResolveTypes(Manager.java:1040)
	at ptolemy.actor.Manager.initialize(Manager.java:710)
	at ptolemy.actor.Manager.execute(Manager.java:356)
	at ptolemy.actor.Manager.run(Manager.java:1263)
	at ptolemy.actor.Manager$PtolemyRunThread.run(Manager.java:1933)
java.lang.RuntimeException: Execution failed
	at ptolemy.moml.MoMLSimpleApplication$UnloadThread.run(MoMLSimpleApplication.java:402)
Caused by: ptolemy.kernel.util.IllegalActionException: SubscriberPorts cannot be used at the top level, use a Subscriber actor instead.
  in .PublisherSubscriberPortToplevel.SubscriberPort
	at ptolemy.actor.SubscriberPort.preinitialize(SubscriberPort.java:328)
	at ptolemy.actor.CompositeActor.preinitialize(CompositeActor.java:1769)
	at ptolemy.actor.Manager.preinitializeAndResolveTypes(Manager.java:1040)
	at ptolemy.actor.Manager.initialize(Manager.java:710)
	at ptolemy.actor.Manager.execute(Manager.java:356)
	at ptolemy.actor.Manager.run(Manager.java:1263)
	at ptolemy.actor.Manager$PtolemyRunThread.run(Manager.java:1933)
java.lang.reflect.InvocationTargetException
	at java.base/jdk.internal.reflect.NativeConstructorAccessorImpl.newInstance0(Native Method)
	at java.base/jdk.internal.reflect.NativeConstructorAccessorImpl.newInstance(NativeConstructorAccessorImpl.java:62)
	at java.base/jdk.internal.reflect.DelegatingConstructorAccessorImpl.newInstance(DelegatingConstructorAccessorImpl.java:45)
	at java.base/java.lang.reflect.Constructor.newInstance(Constructor.java:490)
	at ptolemy.util.test.junit.AutoKnownFailedTests.RunModel(AutoKnownFailedTests.java:105)
	at java.base/jdk.internal.reflect.NativeMethodAccessorImpl.invoke0(Native Method)
	at java.base/jdk.internal.reflect.NativeMethodAccessorImpl.invoke(NativeMethodAccessorImpl.java:62)
	at java.base/jdk.internal.reflect.DelegatingMethodAccessorImpl.invoke(DelegatingMethodAccessorImpl.java:43)
	at java.base/java.lang.reflect.Method.invoke(Method.java:566)
	at org.junit.runners.model.FrameworkMethod$1.runReflectiveCall(FrameworkMethod.java:44)
	at org.junit.internal.runners.model.ReflectiveCallable.run(ReflectiveCallable.java:15)
	at org.junit.runners.model.FrameworkMethod.invokeExplosively(FrameworkMethod.java:41)
	at junitparams.internal.InvokeParameterisedMethod.evaluate(InvokeParameterisedMethod.java:102)
	at org.junit.internal.runners.statements.FailOnTimeout$1.run(FailOnTimeout.java:28)
Caused by: ptolemy.kernel.util.IllegalActionException: SubscriberPorts cannot be used at the top level, use a Subscriber actor instead.
  in .PublisherSubscriberPortToplevel.SubscriberPort
	at ptolemy.actor.SubscriberPort.preinitialize(SubscriberPort.java:328)
	at ptolemy.actor.CompositeActor.preinitialize(CompositeActor.java:1769)
	at ptolemy.actor.Manager.preinitializeAndResolveTypes(Manager.java:1040)
	at ptolemy.actor.Manager.initialize(Manager.java:710)
	at ptolemy.actor.Manager.execute(Manager.java:356)
	at ptolemy.actor.Manager.run(Manager.java:1263)
	at ptolemy.actor.Manager$PtolemyRunThread.run(Manager.java:1933)
java.lang.RuntimeException: Execution failed
	at ptolemy.moml.MoMLSimpleApplication$UnloadThread.run(MoMLSimpleApplication.java:402)
Caused by: ptolemy.kernel.util.IllegalActionException: SubscriptionAggregatorPorts cannot be used at the top level, use a SubscriptionAggregator actor instead.
  in .PublisherSubscriptionAggregatorPort.SubscriptionAggregatorPort
	at ptolemy.actor.SubscriptionAggregatorPort.preinitialize(SubscriptionAggregatorPort.java:353)
	at ptolemy.actor.CompositeActor.preinitialize(CompositeActor.java:1769)
	at ptolemy.actor.Manager.preinitializeAndResolveTypes(Manager.java:1040)
	at ptolemy.actor.Manager.initialize(Manager.java:710)
	at ptolemy.actor.Manager.execute(Manager.java:356)
	at ptolemy.actor.Manager.run(Manager.java:1263)
	at ptolemy.actor.Manager$PtolemyRunThread.run(Manager.java:1933)
java.lang.reflect.InvocationTargetException
	at java.base/jdk.internal.reflect.NativeConstructorAccessorImpl.newInstance0(Native Method)
	at java.base/jdk.internal.reflect.NativeConstructorAccessorImpl.newInstance(NativeConstructorAccessorImpl.java:62)
	at java.base/jdk.internal.reflect.DelegatingConstructorAccessorImpl.newInstance(DelegatingConstructorAccessorImpl.java:45)
	at java.base/java.lang.reflect.Constructor.newInstance(Constructor.java:490)
	at ptolemy.util.test.junit.AutoKnownFailedTests.RunModel(AutoKnownFailedTests.java:105)
	at java.base/jdk.internal.reflect.NativeMethodAccessorImpl.invoke0(Native Method)
	at java.base/jdk.internal.reflect.NativeMethodAccessorImpl.invoke(NativeMethodAccessorImpl.java:62)
	at java.base/jdk.internal.reflect.DelegatingMethodAccessorImpl.invoke(DelegatingMethodAccessorImpl.java:43)
	at java.base/java.lang.reflect.Method.invoke(Method.java:566)
	at org.junit.runners.model.FrameworkMethod$1.runReflectiveCall(FrameworkMethod.java:44)
	at org.junit.internal.runners.model.ReflectiveCallable.run(ReflectiveCallable.java:15)
	at org.junit.runners.model.FrameworkMethod.invokeExplosively(FrameworkMethod.java:41)
	at junitparams.internal.InvokeParameterisedMethod.evaluate(InvokeParameterisedMethod.java:102)
	at org.junit.internal.runners.statements.FailOnTimeout$1.run(FailOnTimeout.java:28)
Caused by: ptolemy.kernel.util.IllegalActionException: SubscriptionAggregatorPorts cannot be used at the top level, use a SubscriptionAggregator actor instead.
  in .PublisherSubscriptionAggregatorPort.SubscriptionAggregatorPort
	at ptolemy.actor.SubscriptionAggregatorPort.preinitialize(SubscriptionAggregatorPort.java:353)
	at ptolemy.actor.CompositeActor.preinitialize(CompositeActor.java:1769)
	at ptolemy.actor.Manager.preinitializeAndResolveTypes(Manager.java:1040)
	at ptolemy.actor.Manager.initialize(Manager.java:710)
	at ptolemy.actor.Manager.execute(Manager.java:356)
	at ptolemy.actor.Manager.run(Manager.java:1263)
	at ptolemy.actor.Manager$PtolemyRunThread.run(Manager.java:1933)
java.lang.RuntimeException: Execution failed
	at ptolemy.moml.MoMLSimpleApplication$UnloadThread.run(MoMLSimpleApplication.java:402)
Caused by: ptolemy.kernel.util.IllegalActionException: TypeTest actor has no training data.
  in .sizedarray3.TypeTest
	at ptolemy.actor.lib.TypeTest.initialize(TypeTest.java:250)
	at ptolemy.actor.Director.initialize(Director.java:938)
	at ptolemy.actor.Director.initialize(Director.java:907)
	at ptolemy.actor.sched.StaticSchedulingDirector.initialize(StaticSchedulingDirector.java:159)
	at ptolemy.domains.sdf.kernel.SDFDirector.initialize(SDFDirector.java:544)
	at ptolemy.actor.CompositeActor.initialize(CompositeActor.java:935)
	at ptolemy.actor.Manager.initialize(Manager.java:724)
	at ptolemy.actor.Manager.execute(Manager.java:356)
	at ptolemy.actor.Manager.run(Manager.java:1263)
	at ptolemy.actor.Manager$PtolemyRunThread.run(Manager.java:1933)
java.lang.reflect.InvocationTargetException
	at java.base/jdk.internal.reflect.NativeConstructorAccessorImpl.newInstance0(Native Method)
	at java.base/jdk.internal.reflect.NativeConstructorAccessorImpl.newInstance(NativeConstructorAccessorImpl.java:62)
	at java.base/jdk.internal.reflect.DelegatingConstructorAccessorImpl.newInstance(DelegatingConstructorAccessorImpl.java:45)
	at java.base/java.lang.reflect.Constructor.newInstance(Constructor.java:490)
	at ptolemy.util.test.junit.AutoKnownFailedTests.RunModel(AutoKnownFailedTests.java:105)
	at java.base/jdk.internal.reflect.NativeMethodAccessorImpl.invoke0(Native Method)
	at java.base/jdk.internal.reflect.NativeMethodAccessorImpl.invoke(NativeMethodAccessorImpl.java:62)
	at java.base/jdk.internal.reflect.DelegatingMethodAccessorImpl.invoke(DelegatingMethodAccessorImpl.java:43)
	at java.base/java.lang.reflect.Method.invoke(Method.java:566)
	at org.junit.runners.model.FrameworkMethod$1.runReflectiveCall(FrameworkMethod.java:44)
	at org.junit.internal.runners.model.ReflectiveCallable.run(ReflectiveCallable.java:15)
	at org.junit.runners.model.FrameworkMethod.invokeExplosively(FrameworkMethod.java:41)
	at junitparams.internal.InvokeParameterisedMethod.evaluate(InvokeParameterisedMethod.java:102)
	at org.junit.internal.runners.statements.FailOnTimeout$1.run(FailOnTimeout.java:28)
Caused by: ptolemy.kernel.util.IllegalActionException: TypeTest actor has no training data.
  in .sizedarray3.TypeTest
	at ptolemy.actor.lib.TypeTest.initialize(TypeTest.java:250)
	at ptolemy.actor.Director.initialize(Director.java:938)
	at ptolemy.actor.Director.initialize(Director.java:907)
	at ptolemy.actor.sched.StaticSchedulingDirector.initialize(StaticSchedulingDirector.java:159)
	at ptolemy.domains.sdf.kernel.SDFDirector.initialize(SDFDirector.java:544)
	at ptolemy.actor.CompositeActor.initialize(CompositeActor.java:935)
	at ptolemy.actor.Manager.initialize(Manager.java:724)
	at ptolemy.actor.Manager.execute(Manager.java:356)
	at ptolemy.actor.Manager.run(Manager.java:1263)
	at ptolemy.actor.Manager$PtolemyRunThread.run(Manager.java:1933)
]]></system-err>
</testsuite>
