<?xml version="1.0" encoding="UTF-8" ?>
<testsuite errors="1" failures="2" hostname="travis-job-f64cfd27-2216-412b-80a0-92ad6d548574" name="ptolemy.configs.test.junit.JUnitTclTest" skipped="0" tests="9" time="935.855" timestamp="2020-02-07T07:26:55">
  <properties>
    <property name="npm.executable" value="npm" />
    <property name="env.TRAVIS_ROOT" value="/" />
    <property name="ptII.mk.exists" value="true" />
    <property name="env.TRAVIS_APP_HOST" value="build.travis-ci.org" />
    <property name="env.rvm_bin_path" value="/home/travis/.rvm/bin" />
    <property name="java.home" value="/usr/local/lib/jvm/openjdk11" />
    <property name="env.TRAVIS_JOB_NUMBER" value="1503.12" />
    <property name="env.TRAVIS_HOME" value="/home/travis" />
    <property name="env.DISPLAY" value=":99.0" />
    <property name="env.TRAVIS_INIT" value="systemd" />
    <property name="env.SSH_TTY" value="/dev/pts/0" />
    <property name="java.net.preferIPv4Stack" value="true" />
    <property name="env.RUN_TESTS" value="true" />
    <property name="timeout.short" value="1000000" />
    <property name="junit.formatter" value="xml" />
    <property name="env.TRAVIS_SUDO" value="true" />
    <property name="env.TRAVIS_JOB_NAME" value="" />
    <property name="env.TRAVIS_STACK_NODE_ATTRIBUTES" value="/.node-attributes.yml" />
    <property name="env.LOGNAME" value="travis" />
    <property name="jsdoc.home" value="node_modules/@terraswarm/jsdoc" />
    <property name="debuglevel" value="source,lines,vars" />
    <property name="checkstyle.formatter" value="xml" />
    <property name="env._system_version" value="16.04" />
    <property name="bin.vergil.makeable" value="true" />
    <property name="sun.os.patch.level" value="unknown" />
    <property name="java.vendor.url" value="http://java.oracle.com/" />
    <property name="env.TRAVIS_BUILD_WEB_URL" value="https://travis-ci.org/icyphy/ptII/builds/647197574" />
    <property name="java.version" value="11.0.2" />
    <property name="env.TZ" value="UTC" />
    <property name="env.TRAVIS_PULL_REQUEST_SHA" value="" />
    <property name="env.PT_NO_NET" value="true" />
    <property name="env.TRAVIS_SECURE_ENV_VARS" value="true" />
    <property name="env._system_type" value="Linux" />
    <property name="java.vendor.url.bug" value="http://bugreport.java.com/bugreport/" />
    <property name="env.LANGUAGE" value="en_US.UTF-8" />
    <property name="env.SSH_CLIENT" value="10.52.4.15 40152 22" />
    <property name="env.GEM_HOME" value="/home/travis/.rvm/gems/ruby-2.5.3" />
    <property name="env.HAS_ANTARES_THREE_LITTLE_FRONZIES_BADGE" value="true" />
    <property name="java.version.date" value="2019-01-15" />
    <property name="env.PS4" value="+" />
    <property name="ant.project.invoked-targets" value="build,test.core5.xml" />
    <property name="env.TRAVIS_PULL_REQUEST_BRANCH" value="" />
    <property name="env.TRAVIS_REPO_SLUG" value="icyphy/ptII" />
    <property name="env.XDG_DATA_DIRS" value="/usr/local/share:/usr/share:/var/lib/snapd/desktop" />
    <property name="jdk.debug" value="release" />
    <property name="env.TRAVIS_APT_PROXY" value="http://build-cache.travisci.net" />
    <property name="env.TRAVIS_CPU_ARCH" value="amd64" />
    <property name="node.in.path" value="true" />
    <property name="user.name" value="travis" />
    <property name="java.maxmemory" value="1400m" />
    <property name="env.RUBY_VERSION" value="ruby-2.5.3" />
    <property name="env.LANG" value="en_US.UTF-8" />
    <property name="sun.io.unicode.encoding" value="UnicodeLittle" />
    <property name="sun.jnu.encoding" value="UTF-8" />
    <property name="java.runtime.name" value="OpenJDK Runtime Environment" />
    <property name="usefile" value="false" />
    <property name="return.code" value="0" />
    <property name="junit.single.formatter" value="plain" />
    <property name="env.DYLD_LIBRARY_PATH" value="/home/travis/pthla/certi-tools/lib:" />
    <property name="env.DEBIAN_FRONTEND" value="noninteractive" />
    <property name="env.SSH_CONNECTION" value="10.52.4.15 40152 10.20.0.73 22" />
    <property name="env.MYSQL_UNIX_PORT" value="/var/run/mysqld/mysqld.sock" />
    <property name="env.LC_ALL" value="en_US.UTF-8" />
    <property name="env.TRAVIS_ALLOW_FAILURE" value="false" />
    <property name="env.TRAVIS_JOB_WEB_URL" value="https://travis-ci.org/icyphy/ptII/jobs/647197586" />
    <property name="java.specification.name" value="Java Platform API Specification" />
    <property name="node.works" value="true" />
    <property name="user.timezone" value="" />
    <property name="path.separator" value=":" />
    <property name="env.TRAVIS_ENABLE_INFRA_DETECTION" value="true" />
    <property name="env.PYTHON_CFLAGS" value="-g -fstack-protector --param=ssp-buffer-size=4 -Wformat -Werror=format-security" />
    <property name="timeout.long" value="4000000" />
    <property name="env.CERTI_HOME" value="/home/travis/pthla/certi-tools" />
    <property name="ant.file.ptII" value="/home/travis/build/icyphy/ptII/build.xml" />
    <property name="javadoc.packagenames" value="com.*,diva.*,lbnl.*,org.hlacerti.*,org.json.*,org.ptolemy.*,org.terraswarm.*,ptolemy.*,ptserver.*" />
    <property name="file.encoding" value="UTF-8" />
    <property name="env.TRAVIS_PULL_REQUEST_SLUG" value="" />
    <property name="ant.project.default-target" value="build" />
    <property name="env.GIT_ASKPASS" value="echo" />
    <property name="env.HOME" value="/home/travis" />
    <property name="sun.java.command" value="org.apache.tools.ant.taskdefs.optional.junit.JUnitTestRunner ptolemy.configs.test.junit.JUnitTclTest skipNonTests=false filtertrace=true haltOnError=false haltOnFailure=false formatter=org.apache.tools.ant.taskdefs.optional.junit.OutErrSummaryJUnitResultFormatter showoutput=true outputtoformatters=true logfailedtests=true threadid=0 logtestlistenerevents=false formatter=org.apache.tools.ant.taskdefs.optional.junit.XMLJUnitResultFormatter,/home/travis/build/icyphy/ptII/reports/junit/TEST-ptolemy.configs.test.junit.JUnitTclTest.xml crashfile=/home/travis/build/icyphy/ptII/junitvmwatcher17215439020783853558.properties propsfile=/home/travis/build/icyphy/ptII/junit16302240257008656457.properties" />
    <property name="env.COMPOSER_NO_INTERACTION" value="1" />
    <property name="env.MANPATH" value="/home/travis/.nvm/versions/node/v7.10.1/share/man:/home/travis/.rvm/rubies/ruby-2.5.3/share/man:/usr/local/cmake-3.12.4/man:/usr/local/clang-7.0.0/share/man:/usr/local/man:/usr/local/share/man:/usr/share/man:/home/travis/.rvm/man" />
    <property name="env.TRAVIS_TIMER_ID" value="0d1865c9" />
    <property name="ant.file" value="/home/travis/build/icyphy/ptII/build.xml" />
    <property name="env.TRAVIS_COMMIT_RANGE" value="c5f12d15b0991ef590d3e5799426839badb33c4b...b63f92b7e99116e6021a9191bd9f4d9e886ca49e" />
    <property name="env._system_name" value="Ubuntu" />
    <property name="ptII.classpath.optional.property" value="/home/travis/build/icyphy/ptII/lib/bsh-2.0b4.jar:/home/travis/build/icyphy/ptII/lib/ptCal.jar:/home/travis/build/icyphy/ptII/lib/java_cup.jar:/home/travis/build/icyphy/ptII/lib/saxon8.jar:/home/travis/build/icyphy/ptII/lib/saxon8-dom.jar:/home/travis/build/icyphy/ptII/lib/chic.jar:/home/travis/build/icyphy/ptII/lib/ptcolt.jar:/home/travis/build/icyphy/ptII/vendors/misc/itext/iText.jar:/home/travis/build/icyphy/ptII/lib/g4ltl.jar:/home/travis/build/icyphy/ptII/lib/StructuralCoder.jar:/home/travis/build/icyphy/ptII/lib/jcerti.jar:/home/travis/build/icyphy/ptII/lib/javax.mail.jar:/home/travis/build/icyphy/ptII/vendors/JMF-2.1.1e/lib/jmf.jar:/home/travis/build/icyphy/ptII/lib/jna-4.0.0-variadic.jar:/home/travis/build/icyphy/ptII/vendors/misc/joystick/Joystick.jar:/home/travis/build/icyphy/ptII/lib/ptjacl.jar:/home/travis/build/icyphy/ptII/lib/jsoup-1.8.2.jar:/home/travis/build/icyphy/ptII/lib/junit-4.8.2.jar:/home/travis/build/icyphy/ptII/lib/JUnitParams-0.4.0.jar:/home/travis/build/icyphy/ptII/ptolemy/actor/lib/excel/jxl.jar:/home/travis/build/icyphy/ptII/lib/jython.jar:/home/travis/build/icyphy/ptII/lib/kieler.jar:/home/travis/build/icyphy/ptII/vendors/opencv/share/OpenCV/java/opencv-341.jar:/home/travis/build/icyphy/ptII/lib/oscP5.jar:/home/travis/build/icyphy/ptII/lib/nrjavaserial-3.11.0.devel.jar:/home/travis/build/icyphy/ptII/vendors/j3d/lib/Linux/j3dcore.jar:/home/travis/build/icyphy/ptII/vendors/j3d/lib/Linux/j3dutils.jar:/home/travis/build/icyphy/ptII/vendors/j3d/lib/Linux/vecmath.jar:/home/travis/build/icyphy/ptII/vendors/jogl/lib/Linux/gluegen-rt-natives-linux-amd64.jar:/home/travis/build/icyphy/ptII/vendors/jogl/lib/Linux/gluegen-rt.jar:/home/travis/build/icyphy/ptII/vendors/jogl/lib/Linux/jogl-all-natives-linux-amd64.jar:/home/travis/build/icyphy/ptII/vendors/jogl/lib/Linux/jogl-all.jar:/home/travis/build/icyphy/ptII/ptolemy/distributed/jini/jar/jini-core.jar:/home/travis/build/icyphy/ptII/ptolemy/distributed/jini/jar/jini-ext.jar:/home/travis/build/icyphy/ptII/ptolemy/distributed/jini/jar/sun-util.jar:/home/travis/build/icyphy/ptII/lib/protobuf-java-2.4.1.jar:/home/travis/build/icyphy/ptII/lib/org.eclipse.paho.client.mqttv3.jar:/home/travis/build/icyphy/ptII/lib/mapss.jar:/home/travis/build/icyphy/ptII/ptolemy/actor/ptalon/antlr/antlr.jar:/home/travis/build/icyphy/ptII/lib/JRI.jar:/home/travis/build/icyphy/ptII/lib/commons-lang-2.6.jar:/home/travis/build/icyphy/ptII/lib/commons-logging-1.1.1.jar:/home/travis/build/icyphy/ptII/lib/sootclasses.jar:/home/travis/build/icyphy/ptII/ptolemy/actor/lib/database/mysql-connector-java-5.1.6-bin.jar:/home/travis/build/icyphy/ptII/vendors/misc/sphinx4/sphinx4-data-5prealpha.jar:/home/travis/build/icyphy/ptII/vendors/misc/sphinx4/sphinx4-core-5prealpha.jar:/home/travis/build/icyphy/ptII/lib/PDFRenderer.jar:/home/travis/build/icyphy/ptII/lib/svgSalamander.jar:/home/travis/build/icyphy/ptII/lib/rsyntaxtextarea-2.6.0-SNAPSHOT.jar:/home/travis/build/icyphy/ptII/lib/hazelcast-3.8.2.jar:/home/travis/build/icyphy/ptII/lib/jackson-annotations-2.9.0.jar:/home/travis/build/icyphy/ptII/lib/jackson-core-2.9.3.jar:/home/travis/build/icyphy/ptII/lib/jackson-databind-2.9.3.jar:/home/travis/build/icyphy/ptII/lib/netty-buffer-4.1.19.Final.jar:/home/travis/build/icyphy/ptII/lib/netty-codec-4.1.19.Final.jar:/home/travis/build/icyphy/ptII/lib/netty-codec-dns-4.1.19.Final.jar:/home/travis/build/icyphy/ptII/lib/netty-codec-http-4.1.19.Final.jar:/home/travis/build/icyphy/ptII/lib/netty-codec-http2-4.1.19.Final.jar:/home/travis/build/icyphy/ptII/lib/netty-common-4.1.19.Final.jar:/home/travis/build/icyphy/ptII/lib/netty-handler-4.1.19.Final.jar:/home/travis/build/icyphy/ptII/lib/netty-resolver-4.1.19.Final.jar:/home/travis/build/icyphy/ptII/lib/netty-resolver-dns-4.1.19.Final.jar:/home/travis/build/icyphy/ptII/lib/netty-transport-4.1.19.Final.jar:/home/travis/build/icyphy/ptII/lib/vertx-codegen-3.5.1.jar:/home/travis/build/icyphy/ptII/lib/vertx-core-3.5.2-SNAPSHOT.jar:/home/travis/build/icyphy/ptII/lib/vertx-hazelcast-3.5.1.jar:/home/travis/build/icyphy/ptII/lib/vertx-lang-js-3.5.1.jar:/home/travis/build/icyphy/ptII/lib/vertx-service-proxy-3.5.1.jar:/home/travis/build/icyphy/ptII/lib/vertx-web-3.5.1.jar:/home/travis/build/icyphy/ptII/lib/slf4j-api-1.7.13.jar:/home/travis/build/icyphy/ptII/lib/slf4j-simple-1.7.13.jar:/home/travis/build/icyphy/ptII/lib/webcam-capture-0.3.12.jar:/home/travis/build/icyphy/ptII/lib/bridj-0.7.0.jar:/home/travis/build/icyphy/ptII/lib/xbjlib-1.1.0.nrjavaserial.jar" />
    <property name="timeout" value="2400000" />
    <property name="test.batch" value="**/junit/*.java" />
    <property name="env._" value="/usr/bin/timeout" />
    <property name="java.io.tmpdir" value="/tmp" />
    <property name="user.language" value="en" />
    <property name="env.TRAVIS_INTERNAL_RUBY_REGEX" value="^ruby-(2\.[0-4]\.[0-9]|1\.9\.3)" />
    <property name="env.HISTCONTROL" value="ignoredups:ignorespace" />
    <property name="env.GOROOT" value="/home/travis/.gimme/versions/go1.11.1.linux.amd64" />
    <property name="line.separator" value="&#xa;" />
    <property name="target" value="11" />
    <property name="env.TRAVIS_BUILD_DIR" value="/home/travis/build/icyphy/ptII" />
    <property name="env.ANT_OPTS" value="-Xmx2048m" />
    <property name="ant.file.type" value="file" />
    <property name="ptolemy.ptII.batchMode" value="true" />
    <property name="env.HISTSIZE" value="1000" />
    <property name="env.MERB_ENV" value="test" />
    <property name="java.vm.info" value="mixed mode" />
    <property name="source" value="11" />
    <property name="java.vm.specification.name" value="Java Virtual Machine Specification" />
    <property name="env.TRAVIS_TEST_RESULT" value="0" />
    <property name="jsdoc.command" value="node_modules/@terraswarm/jsdoc/jsdoc.js" />
    <property name="npm.works" value="true" />
    <property name="cobertura.dir" value="/home/travis/build/icyphy/ptII/vendors/cobertura-2.0.3" />
    <property name="jsdoc.command.exists" value="true" />
    <property name="env.rvm_path" value="/home/travis/.rvm" />
    <property name="env.GEM_PATH" value="/home/travis/.rvm/gems/ruby-2.5.3:/home/travis/.rvm/gems/ruby-2.5.3@global" />
    <property name="env.LC_CTYPE" value="en_US.UTF-8" />
    <property name="env.TRAVIS_CMD" value="$PTII/bin/ptIITravisBuild.sh $SECONDS" />
    <property name="java.awt.printerjob" value="sun.print.PSPrinterJob" />
    <property name="env.TRAVIS_STACK_NAME" value="sardonyx" />
    <property name="env.TRAVIS_TIMER_START_TIME" value="1581059989666744693" />
    <property name="ant.version" value="Apache Ant(TM) version 1.10.1 compiled on February 2 2017" />
    <property name="ptII.reports" value="/home/travis/build/icyphy/ptII/reports" />
    <property name="env.TRAVIS_STACK_TIMESTAMP" value="2019-03-25 16:16:56 UTC" />
    <property name="ant.file.type.ptII" value="file" />
    <property name="env.RBENV_SHELL" value="bash" />
    <property name="os.name" value="Linux" />
    <property name="java.specification.vendor" value="Oracle Corporation" />
    <property name="env.rvm_version" value="1.29.7 (latest)" />
    <property name="env.TRAVIS_INFRA" value="unknown" />
    <property name="env.TERM" value="xterm" />
    <property name="java.vm.name" value="OpenJDK 64-Bit Server VM" />
    <property name="env.TRAVIS_BUILD_NUMBER" value="1503" />
    <property name="env.CI" value="true" />
    <property name="java.library.path" value="/home/travis/pthla/certi-tools/lib:/usr/lib/jni:/usr/local/share/OpenCV/java/:/usr/share/OpenCV/java::/usr/java/packages/lib:/usr/lib64:/lib64:/lib:/usr/lib" />
    <property name="env.rvm_prefix" value="/home/travis" />
    <property name="env.PATH" value="/home/travis/pthla/certi-tools/share/scripts:/home/travis/.rvm/gems/ruby-2.5.3/bin:/home/travis/.rvm/gems/ruby-2.5.3@global/bin:/home/travis/.rvm/rubies/ruby-2.5.3/bin:/home/travis/.rvm/bin:/home/travis/.nvm/versions/node/v7.10.1/bin:./node_modules/.bin:/home/travis/build/icyphy/ptII/bin:/home/travis/pthla/certi-tools/bin:/home/travis/bin:/home/travis/.local/bin:/usr/local/lib/jvm/openjdk11/bin:/opt/pyenv/shims:/home/travis/.phpenv/shims:/home/travis/perl5/perlbrew/bin:/home/travis/gopath/bin:/home/travis/.gimme/versions/go1.11.1.linux.amd64/bin:/usr/local/maven-3.6.0/bin:/usr/local/cmake-3.12.4/bin:/usr/local/clang-7.0.0/bin:/usr/local/sbin:/usr/local/bin:/usr/sbin:/usr/bin:/sbin:/bin:/snap/bin:/home/travis/.phpenv/bin:/opt/pyenv/bin:/home/travis/.yarn/bin" />
    <property name="env.TRAVIS_OS_NAME" value="linux" />
    <property name="ant.java.version" value="9" />
    <property name="basedir" value="/home/travis/build/icyphy/ptII" />
    <property name="java.class.version" value="55.0" />
    <property name="env.SHLVL" value="3" />
    <property name="env.LD_LIBRARY_PATH" value="/home/travis/pthla/certi-tools/lib:/usr/lib/jni:/usr/local/share/OpenCV/java/:/usr/share/OpenCV/java:" />
    <property name="env.RACK_ENV" value="test" />
    <property name="ant.home" value="/home/travis/build/icyphy/ptII/ant" />
    <property name="env.NVM_DIR" value="/home/travis/.nvm" />
    <property name="env.CERTI_FOM_PATH" value="/home/travis/pthla/certi-tools/share/federations" />
    <property name="env.TRAVIS_BUILD_ID" value="647197574" />
    <property name="env.PYENV_ROOT" value="/opt/pyenv" />
    <property name="env.TRAVIS_UID" value="2000" />
    <property name="prism.verbose" value="true" />
    <property name="env.NVM_BIN" value="/home/travis/.nvm/versions/node/v7.10.1/bin" />
    <property name="env.TRAVIS_COMMIT" value="b63f92b7e99116e6021a9191bd9f4d9e886ca49e" />
    <property name="env._system_arch" value="x86_64" />
    <property name="node.executable" value="node" />
    <property name="sun.boot.library.path" value="/usr/local/lib/jvm/openjdk11/lib" />
    <property name="sun.management.compiler" value="HotSpot 64-Bit Tiered Compilers" />
    <property name="java.awt.graphicsenv" value="sun.awt.X11GraphicsEnvironment" />
    <property name="env.GOPATH" value="/home/travis/gopath" />
    <property name="ptolemy.ptII.dir" value="/home/travis/build/icyphy/ptII" />
    <property name="env.USER" value="travis" />
    <property name="env.HISTFILESIZE" value="2000" />
    <property name="timeout.longest" value="19000000" />
    <property name="env.PERLBREW_SHELLRC_VERSION" value="0.86" />
    <property name="env.TRAVIS_STACK_FEATURES" value="basic couchdb disabled-ipv6 docker docker-compose elasticsearch firefox go-toolchain google-chrome jdk memcached mongodb mysql nodejs_interpreter perl_interpreter perlbrew phantomjs postgresql python_interpreter redis ruby_interpreter sqlite xserver" />
    <property name="env.TRAVIS_PULL_REQUEST" value="false" />
    <property name="env.PYENV_SHELL" value="bash" />
    <property name="ant.project.name" value="ptII" />
    <property name="env.ANSI_RESET" value="\033[0m" />
    <property name="java.vm.specification.version" value="11" />
    <property name="env.TRAVIS_DIST" value="xenial" />
    <property name="env.CERTI_VERSION" value="4.0.0" />
    <property name="env.CERTI_HOST" value="localhost" />
    <property name="awt.toolkit" value="sun.awt.X11.XToolkit" />
    <property name="env.MY_RUBY_HOME" value="/home/travis/.rvm/rubies/ruby-2.5.3" />
    <property name="sun.cpu.isalist" value="" />
    <property name="env.TRAVIS_TMPDIR" value="/tmp/tmp.X6Ztp2fLil" />
    <property name="java.vm.compressedOopsMode" value="Zero based" />
    <property name="os.version" value="4.15.0-1028-gcp" />
    <property name="user.home" value="/home/travis" />
    <property name="java.vm.vendor" value="Oracle Corporation" />
    <property name="env.TRAVIS_TAG" value="nightly" />
    <property name="env.ANSI_YELLOW" value="\033[33;1m" />
    <property name="env.TRAVIS_FILTERED" value="redirect_io" />
    <property name="env.ANSI_GREEN" value="\033[32;1m" />
    <property name="env.JAVA_HOME" value="/usr/local/lib/jvm/openjdk11" />
    <property name="javadoc.excludepackagenames" value="adm.cvs2svn.*,build.*,config.*,doc.coding.templates.*,jni.test.jni.meaningOfLife.*,jni.test.jni.testDeux.*,jni.test.jni.testTrois.*,org.terraswarm.accessor.accessors.web.node_modules.*,org.terraswarm.accessor.accessors.web.hosts.cordova.demo.*,org.terraswarm.accessor.accessors.web.hosts.cordova.plugins.*,org.terraswarm.accessor.accessors-svn.*,pt-modules.*,ptolemy.apps.agilent.*,ptolemy.apps.anytimecontrol.*,ptolemy.apps.apes.*,ptolemy.apps.charon.*,ptolemy.apps.crazyboard.*,ptolemy.apps.eclipse.*,ptolemy.apps.etherealSting.*,ptolemy.apps.fullscreen.*,ptolemy.apps.giotto.*,ptolemy.apps.ia.*,ptolemy.apps.interfaces.*,ptolemy.apps.jmf.*,ptolemy.apps.kurt.*,ptolemy.apps.kvm.*,ptolemy.apps.lego.*,ptolemy.apps.lejos.*,ptolemy.apps.midp.*,ptolemy.apps.mobileCoding.*,ptolemy.apps.pendulum.*,ptolemy.apps.rijndael.*,ptolemy.apps.robot.*,ptolemy.apps.security.*,ptolemy.apps.sobel.*,ptolemy.apps.soot.*,ptolemy.apps.throttle.*,ptolemy.apps.tini.*,ptolemy.apps.transmission.*,ptolemy.apps.vergil.*,ptolemy.apps.waba.*,ptolemy.apps.websensor.*,ptolemy.apps.webstart.*,ptolemy.apps.xsl.*,ptolemy.apps.zaurus.*,ptolemy.codegen.c.actor.lib.oldJavaFiles.*,ptolemy.codegen.dsp.lib.*,ptolemy.codegen.kernel.newInterfaces.*,ptolemy.codegen.lib.*,ptolemy.copernicus.kernel.fragment.*,ptolemy.copernicus.shallow.cg.*,ptolemy.domains.giotto.demo.Hierarchy.Hierarchy.*,ptolemy.domains.giotto.demo.Multimode.Multimode.*,ptolemy.domains.giotto.demo.Simple.Simple.*,ptolemy.domains.gr.lib.experimental.*,ptolemy.domains.gro.*,ptolemy.domains.pdf.*,ptolemy.domains.ptinyos.demo.Surge.output.*,ptolemy.moml.test.NoPackageActor.java*,ptolemy.plot.adm.*,ptolemy.plot.servlet.*,reports.*,signed.*,src.*,target.*,vendors.*,ptolemy.copernicus.applet.*,ptolemy.media.viewer.*,ptolemy.actor.corba.*,doc.doclets.*,ptolemy.apps.eclipse.awt.*,ptolemy.backtrack.*,ptolemy.backtrack.ast.*,ptolemy.cg.adapter.generic.program.procedural.c.mbed*,ptolemy.homer.*,ptolemy.actor.lib.jai.*,ptolemy.actor.lib.jjs.modules.audio.*,org.ptolemy.scala.*,diva.util.java2d.svg.*,ptolemy.domains.ptinyos.*,ptolemy.actor.lib.fmi.fmipp.*,,org.terraswarm.accessor.accessors.web.node_modules.*,org.terraswarm.accessor.accessors-svn,ptolemy.apps.*,ptolemy.actor.ptalon.demo.ptinyos.SendAndReceiveCnt.output,ptolemy.actor.ptalon.demo.ptinyos.SenseToLeds.output,ptolemy.domains.ptinyos.demo.CntToLedsAndRfm.output,ptolemy.domains.ptinyos.demo.RfmToLeds.output,ptolemy.domains.ptinyos.demo.SendAndReceiveCnt.output,ptolemy.domains.ptinyos.demo.SenseToLeds.output,ptolemy.actor.lib.jjs.modules.udpSocket.*" />
    <property name="env.PTII" value="/home/travis/build/icyphy/ptII" />
    <property name="env.XDG_SESSION_ID" value="2" />
    <property name="keystore" value="ptKeystore" />
    <property name="env.TRAVIS_COMMIT_MESSAGE" value="Do not ignore internal RTI exceptions. Also, update jcerti jar with timeout on socket reads and other changes" />
    <property name="junit.output.dir" value="/home/travis/build/icyphy/ptII/reports/junit" />
    <property name="npm.return.code" value="0" />
    <property name="user.dir" value="/home/travis/build/icyphy/ptII/ptolemy/configs/test" />
    <property name="env.TRAVIS_NODE_VERSION" value="7" />
    <property name="env.TRAVIS_EVENT_TYPE" value="cron" />
    <property name="env.MAIL" value="/var/mail/travis" />
    <property name="env.PERLBREW_ROOT" value="/home/travis/perl5/perlbrew" />
    <property name="env.PWD" value="/home/travis/build/icyphy/ptII" />
    <property name="timeout.npm" value="45000" />
    <property name="env.TRAVIS_ARCH" value="amd64" />
    <property name="sun.cpu.endian" value="little" />
    <property name="env.PAGER" value="cat" />
    <property name="env.TRAVIS_BUILD_STAGE_NAME" value="Test" />
    <property name="env.PERLBREW_HOME" value="/home/travis/.perlbrew" />
    <property name="java.vm.version" value="11.0.2+9" />
    <property name="env.RAILS_ENV" value="test" />
    <property name="java.class.path" value="/home/travis/build/icyphy/ptII:/home/travis/build/icyphy/ptII/lib/bsh-2.0b4.jar:/home/travis/build/icyphy/ptII/lib/ptCal.jar:/home/travis/build/icyphy/ptII/lib/java_cup.jar:/home/travis/build/icyphy/ptII/lib/saxon8.jar:/home/travis/build/icyphy/ptII/lib/saxon8-dom.jar:/home/travis/build/icyphy/ptII/lib/chic.jar:/home/travis/build/icyphy/ptII/lib/ptcolt.jar:/home/travis/build/icyphy/ptII/vendors/misc/itext/iText.jar:/home/travis/build/icyphy/ptII/lib/g4ltl.jar:/home/travis/build/icyphy/ptII/lib/StructuralCoder.jar:/home/travis/build/icyphy/ptII/lib/jcerti.jar:/home/travis/build/icyphy/ptII/lib/javax.mail.jar:/home/travis/build/icyphy/ptII/vendors/JMF-2.1.1e/lib/jmf.jar:/home/travis/build/icyphy/ptII/lib/jna-4.0.0-variadic.jar:/home/travis/build/icyphy/ptII/vendors/misc/joystick/Joystick.jar:/home/travis/build/icyphy/ptII/lib/ptjacl.jar:/home/travis/build/icyphy/ptII/lib/jsoup-1.8.2.jar:/home/travis/build/icyphy/ptII/lib/junit-4.8.2.jar:/home/travis/build/icyphy/ptII/lib/JUnitParams-0.4.0.jar:/home/travis/build/icyphy/ptII/ptolemy/actor/lib/excel/jxl.jar:/home/travis/build/icyphy/ptII/lib/jython.jar:/home/travis/build/icyphy/ptII/lib/kieler.jar:/home/travis/build/icyphy/ptII/vendors/opencv/share/OpenCV/java/opencv-341.jar:/home/travis/build/icyphy/ptII/lib/oscP5.jar:/home/travis/build/icyphy/ptII/lib/nrjavaserial-3.11.0.devel.jar:/home/travis/build/icyphy/ptII/vendors/j3d/lib/Linux/j3dcore.jar:/home/travis/build/icyphy/ptII/vendors/j3d/lib/Linux/j3dutils.jar:/home/travis/build/icyphy/ptII/vendors/j3d/lib/Linux/vecmath.jar:/home/travis/build/icyphy/ptII/vendors/jogl/lib/Linux/gluegen-rt-natives-linux-amd64.jar:/home/travis/build/icyphy/ptII/vendors/jogl/lib/Linux/gluegen-rt.jar:/home/travis/build/icyphy/ptII/vendors/jogl/lib/Linux/jogl-all-natives-linux-amd64.jar:/home/travis/build/icyphy/ptII/vendors/jogl/lib/Linux/jogl-all.jar:/home/travis/build/icyphy/ptII/ptolemy/distributed/jini/jar/jini-core.jar:/home/travis/build/icyphy/ptII/ptolemy/distributed/jini/jar/jini-ext.jar:/home/travis/build/icyphy/ptII/ptolemy/distributed/jini/jar/sun-util.jar:/home/travis/build/icyphy/ptII/lib/protobuf-java-2.4.1.jar:/home/travis/build/icyphy/ptII/lib/org.eclipse.paho.client.mqttv3.jar:/home/travis/build/icyphy/ptII/lib/mapss.jar:/home/travis/build/icyphy/ptII/ptolemy/actor/ptalon/antlr/antlr.jar:/home/travis/build/icyphy/ptII/lib/JRI.jar:/home/travis/build/icyphy/ptII/lib/commons-lang-2.6.jar:/home/travis/build/icyphy/ptII/lib/commons-logging-1.1.1.jar:/home/travis/build/icyphy/ptII/lib/sootclasses.jar:/home/travis/build/icyphy/ptII/ptolemy/actor/lib/database/mysql-connector-java-5.1.6-bin.jar:/home/travis/build/icyphy/ptII/vendors/misc/sphinx4/sphinx4-data-5prealpha.jar:/home/travis/build/icyphy/ptII/vendors/misc/sphinx4/sphinx4-core-5prealpha.jar:/home/travis/build/icyphy/ptII/lib/PDFRenderer.jar:/home/travis/build/icyphy/ptII/lib/svgSalamander.jar:/home/travis/build/icyphy/ptII/lib/rsyntaxtextarea-2.6.0-SNAPSHOT.jar:/home/travis/build/icyphy/ptII/lib/hazelcast-3.8.2.jar:/home/travis/build/icyphy/ptII/lib/jackson-annotations-2.9.0.jar:/home/travis/build/icyphy/ptII/lib/jackson-core-2.9.3.jar:/home/travis/build/icyphy/ptII/lib/jackson-databind-2.9.3.jar:/home/travis/build/icyphy/ptII/lib/netty-buffer-4.1.19.Final.jar:/home/travis/build/icyphy/ptII/lib/netty-codec-4.1.19.Final.jar:/home/travis/build/icyphy/ptII/lib/netty-codec-dns-4.1.19.Final.jar:/home/travis/build/icyphy/ptII/lib/netty-codec-http-4.1.19.Final.jar:/home/travis/build/icyphy/ptII/lib/netty-codec-http2-4.1.19.Final.jar:/home/travis/build/icyphy/ptII/lib/netty-common-4.1.19.Final.jar:/home/travis/build/icyphy/ptII/lib/netty-handler-4.1.19.Final.jar:/home/travis/build/icyphy/ptII/lib/netty-resolver-4.1.19.Final.jar:/home/travis/build/icyphy/ptII/lib/netty-resolver-dns-4.1.19.Final.jar:/home/travis/build/icyphy/ptII/lib/netty-transport-4.1.19.Final.jar:/home/travis/build/icyphy/ptII/lib/vertx-codegen-3.5.1.jar:/home/travis/build/icyphy/ptII/lib/vertx-core-3.5.2-SNAPSHOT.jar:/home/travis/build/icyphy/ptII/lib/vertx-hazelcast-3.5.1.jar:/home/travis/build/icyphy/ptII/lib/vertx-lang-js-3.5.1.jar:/home/travis/build/icyphy/ptII/lib/vertx-service-proxy-3.5.1.jar:/home/travis/build/icyphy/ptII/lib/vertx-web-3.5.1.jar:/home/travis/build/icyphy/ptII/lib/slf4j-api-1.7.13.jar:/home/travis/build/icyphy/ptII/lib/slf4j-simple-1.7.13.jar:/home/travis/build/icyphy/ptII/lib/webcam-capture-0.3.12.jar:/home/travis/build/icyphy/ptII/lib/bridj-0.7.0.jar:/home/travis/build/icyphy/ptII/lib/xbjlib-1.1.0.nrjavaserial.jar:/home/travis/build/icyphy/ptII/ptolemy/moml/test:/home/travis/build/icyphy/ptII/ant/lib/ant-launcher.jar:/home/travis/build/icyphy/ptII/ant/lib/ant.jar:/home/travis/build/icyphy/ptII/ant/lib/ant-junit.jar:/home/travis/build/icyphy/ptII/ant/lib/ant-junit4.jar" />
    <property name="ant.library.dir" value="/home/travis/build/icyphy/ptII/ant/lib" />
    <property name="os.arch" value="amd64" />
    <property name="env.CONTINUOUS_INTEGRATION" value="true" />
    <property name="env.TRAVIS_LANGUAGE" value="node_js" />
    <property name="env.TRAVIS_STACK_LANGUAGES" value="__sardonyx__ c c++ clojure cplusplus cpp default generic go groovy java node_js php pure_java python ruby scala" />
    <property name="test.name" value="ptolemy.actor.lib.test.junit.JUnitTclTest" />
    <property name="env.APT_KEY_DONT_WARN_ON_DANGEROUS_USAGE" value="1" />
    <property name="sun.java.launcher" value="SUN_STANDARD" />
    <property name="env.PYTHON_CONFIGURE_OPTS" value="--enable-unicode=ucs4 --with-wide-unicode --enable-shared --enable-ipv6 --enable-loadable-sqlite-extensions --with-computed-gotos" />
    <property name="ant.core.lib" value="/home/travis/build/icyphy/ptII/ant/lib/ant.jar" />
    <property name="java.vm.specification.vendor" value="Oracle Corporation" />
    <property name="env.BCVTB_HOME" value="/home/travis/build/icyphy/ptII/lbnl" />
    <property name="file.separator" value="/" />
    <property name="spotbugs.home" value="/home/travis/build/icyphy/ptII/vendors/spotbugs-3.1.1" />
    <property name="java.runtime.version" value="11.0.2+9" />
    <property name="env.ANSI_CLEAR" value="\033[0K" />
    <property name="javafx.verbose" value="true" />
    <property name="env.HAS_JOSH_K_SEAL_OF_APPROVAL" value="true" />
    <property name="env.XDG_RUNTIME_DIR" value="/run/user/2000" />
    <property name="env.TRAVIS_OSX_IMAGE" value="" />
    <property name="env.TRAVIS_JOB_ID" value="647197586" />
    <property name="env.TRAVIS_BRANCH" value="master" />
    <property name="user.country" value="US" />
    <property name="env.CERTI_HOME_TRAVIS" value="/home/travis/pthla/certi-tools" />
    <property name="env.SHELL" value="/bin/bash" />
    <property name="java.maxmemory.large" value="3200m" />
    <property name="model" value="" />
    <property name="env.PT_TRAVIS_TEST_CORE5_XML" value="true" />
    <property name="env.CASHER_DIR" value="/home/travis/.casher" />
    <property name="env.NVM_CD_FLAGS" value="" />
    <property name="java.vendor.version" value="18.9" />
    <property name="jshint.executable" value="/home/travis/node_modules/jshint/bin/jshint" />
    <property name="env.JRUBY_OPTS" value=" --client -J-XX:+TieredCompilation -J-XX:TieredStopAtLevel=1 -J-Xss2m -Xcompile.invokedynamic=false" />
    <property name="java.vendor" value="Oracle Corporation" />
    <property name="env.TRAVIS_PRE_CHEF_BOOTSTRAP_TIME" value="2019-03-25T16:16:42" />
    <property name="env.TRAVIS_STACK_JOB_BOARD_REGISTER" value="/.job-board-register.yml" />
    <property name="env.ANSI_RED" value="\033[31;1m" />
    <property name="java.specification.version" value="11" />
    <property name="env.IRBRC" value="/home/travis/.rvm/rubies/ruby-2.5.3/.irbrc" />
    <property name="env.TRAVIS" value="true" />
    <property name="sun.arch.data.model" value="64" />
  </properties>
  <testcase classname="ptolemy.util.test.junit.TclTests" name="[0] /home/travis/build/icyphy/ptII/ptolemy/configs/test/allConfigs.tcl (RunTclFile)" time="605.129">
    <error message="Evaluating the Tcl file &quot;/home/travis/build/icyphy/ptII/ptolemy/configs/test/allConfigs.tcl&quot;resulted in a TclException being thrown.&#xa;The Tcl errorInfo variable could not be obtained.&#xa;java.lang.Exception: Evaluating the Tcl file &quot;/home/travis/build/icyphy/ptII/ptolemy/configs/test/allConfigs.tcl&quot;resulted in a TclException being thrown.&#xa;The Tcl errorInfo global variable has the value:&#xa;ptolemy.kernel.util.InvalidStateException: Failed to populate Library&#xa;  in .configuration.actor library.MoreLibraries.Accessors.robotics&#xa;Because:&#xa;Loading accessor failed: RosNavigationPose.js&#xa;  in .configuration.actor library.MoreLibraries.Accessors.robotics&#xa;Because:&#xa;Error evaluating expression:&#xa;/** Accessor for directing a ROS robot to navigate to navigation goal, expres...&#xa;...&#xa;  in .configuration.actor library.MoreLibraries.Accessors.robotics.RosNavigationPose.script&#xa;Because:&#xa;Failed to evaluate script.&#xa;  in .configuration.actor library.MoreLibraries.Accessors.robotics.RosNavigationPose&#xa;Because:&#xa;Accessor robotics/RosPublisher.js not found on path: /home/travis/build/icyphy/ptII/org/terraswarm/accessor/accessors/web/,/home/travis/build/icyphy/ptII/org/terraswarm/accessor/test/auto/accessors/,/home/travis/build/icyphy/ptII/ptolemy/actor/lib/jjs/,/home/travis/build/icyphy/ptII/ptolemy/actor/lib/jjs/modules/,/home/travis/build/icyphy/ptII/ptolemy/actor/lib/jjs/node/,/home/travis/build/icyphy/ptII/ptolemy/actor/lib/jjs/node_modules/,/home/travis/build/icyphy/ptII/org/terraswarm/accessor/accessors/web/hosts/,/home/travis/build/icyphy/ptII/org/terraswarm/accessor/accessors/web/,/home/travis/build/icyphy/ptII/org/terraswarm/accessor/accessors/web/hosts/common/modules/ or relative path: $CLASSPATH/org/terraswarm/accessor/test/auto/accessors/,$CLASSPATH/ptolemy/actor/lib/jjs/,$CLASSPATH/ptolemy/actor/lib/jjs/modules/,$CLASSPATH/ptolemy/actor/lib/jjs/node/,$CLASSPATH/ptolemy/actor/lib/jjs/node_modules/,$CLASSPATH/org/terraswarm/accessor/accessors/web/hosts/,$CLASSPATH/org/terraswarm/accessor/accessors/web/ in &lt;eval&gt; at line number 384 at column number 8&#xa;  in .configuration.actor library.MoreLibraries.Accessors.robotics.RosNavigationPose.script&#xa;Because:&#xa;Error evaluating expression:&#xa;/** Accessor for directing a ROS robot to navigate to navigation goal, expres...&#xa;...&#xa;  in .configuration.actor library.MoreLibraries.Accessors.robotics.RosNavigationPose.script&#xa;Because:&#xa;Failed to evaluate script.&#xa;  in .configuration.actor library.MoreLibraries.Accessors.robotics.RosNavigationPose&#xa;Because:&#xa;Accessor robotics/RosPublisher.js not found on path: /home/travis/build/icyphy/ptII/org/terraswarm/accessor/accessors/web/,/home/travis/build/icyphy/ptII/org/terraswarm/accessor/test/auto/accessors/,/home/travis/build/icyphy/ptII/ptolemy/actor/lib/jjs/,/home/travis/build/icyphy/ptII/ptolemy/actor/lib/jjs/modules/,/home/travis/build/icyphy/ptII/ptolemy/actor/lib/jjs/node/,/home/travis/build/icyphy/ptII/ptolemy/actor/lib/jjs/node_modules/,/home/travis/build/icyphy/ptII/org/terraswarm/accessor/accessors/web/hosts/,/home/travis/build/icyphy/ptII/org/terraswarm/accessor/accessors/web/,/home/travis/build/icyphy/ptII/org/terraswarm/accessor/accessors/web/hosts/common/modules/ or relative path: $CLASSPATH/org/terraswarm/accessor/test/auto/accessors/,$CLASSPATH/ptolemy/actor/lib/jjs/,$CLASSPATH/ptolemy/actor/lib/jjs/modules/,$CLASSPATH/ptolemy/actor/lib/jjs/node/,$CLASSPATH/ptolemy/actor/lib/jjs/node_modules/,$CLASSPATH/org/terraswarm/accessor/accessors/web/hosts/,$CLASSPATH/org/terraswarm/accessor/accessors/web/ in &lt;eval&gt; at line number 384 at column number 8&#xa;    while executing&#xa;&quot;$configuration allAtomicEntityList&quot;&#xa;    invoked from within&#xa;&quot;set entityList [$configuration allAtomicEntityList]&quot;&#xa;    (&quot;foreach&quot; body line 295)&#xa;    invoked from within&#xa;&quot;foreach i $configs {&#xa;&#xa;    &#xa;    if {[regexp &quot;jxta/&quot; $i] == 1} {&#xa;&#x9;puts &quot;Skipping $i, running vergil -jxta brings up a window&quot;&#xa;&#x9;continue&#xa;    }&#xa;&#xa;    if {[...&quot;&#xa;    (file &quot;/home/travis/build/icyphy/ptII/ptolemy/configs/test/allConfigs.tcl&quot; line 165)" type="java.lang.Exception">java.lang.Exception: Evaluating the Tcl file &quot;/home/travis/build/icyphy/ptII/ptolemy/configs/test/allConfigs.tcl&quot;resulted in a TclException being thrown.
The Tcl errorInfo variable could not be obtained.
java.lang.Exception: Evaluating the Tcl file &quot;/home/travis/build/icyphy/ptII/ptolemy/configs/test/allConfigs.tcl&quot;resulted in a TclException being thrown.
The Tcl errorInfo global variable has the value:
ptolemy.kernel.util.InvalidStateException: Failed to populate Library
  in .configuration.actor library.MoreLibraries.Accessors.robotics
Because:
Loading accessor failed: RosNavigationPose.js
  in .configuration.actor library.MoreLibraries.Accessors.robotics
Because:
Error evaluating expression:
/** Accessor for directing a ROS robot to navigate to navigation goal, expres...
...
  in .configuration.actor library.MoreLibraries.Accessors.robotics.RosNavigationPose.script
Because:
Failed to evaluate script.
  in .configuration.actor library.MoreLibraries.Accessors.robotics.RosNavigationPose
Because:
Accessor robotics/RosPublisher.js not found on path: /home/travis/build/icyphy/ptII/org/terraswarm/accessor/accessors/web/,/home/travis/build/icyphy/ptII/org/terraswarm/accessor/test/auto/accessors/,/home/travis/build/icyphy/ptII/ptolemy/actor/lib/jjs/,/home/travis/build/icyphy/ptII/ptolemy/actor/lib/jjs/modules/,/home/travis/build/icyphy/ptII/ptolemy/actor/lib/jjs/node/,/home/travis/build/icyphy/ptII/ptolemy/actor/lib/jjs/node_modules/,/home/travis/build/icyphy/ptII/org/terraswarm/accessor/accessors/web/hosts/,/home/travis/build/icyphy/ptII/org/terraswarm/accessor/accessors/web/,/home/travis/build/icyphy/ptII/org/terraswarm/accessor/accessors/web/hosts/common/modules/ or relative path: $CLASSPATH/org/terraswarm/accessor/test/auto/accessors/,$CLASSPATH/ptolemy/actor/lib/jjs/,$CLASSPATH/ptolemy/actor/lib/jjs/modules/,$CLASSPATH/ptolemy/actor/lib/jjs/node/,$CLASSPATH/ptolemy/actor/lib/jjs/node_modules/,$CLASSPATH/org/terraswarm/accessor/accessors/web/hosts/,$CLASSPATH/org/terraswarm/accessor/accessors/web/ in &lt;eval&gt; at line number 384 at column number 8
  in .configuration.actor library.MoreLibraries.Accessors.robotics.RosNavigationPose.script
Because:
Error evaluating expression:
/** Accessor for directing a ROS robot to navigate to navigation goal, expres...
...
  in .configuration.actor library.MoreLibraries.Accessors.robotics.RosNavigationPose.script
Because:
Failed to evaluate script.
  in .configuration.actor library.MoreLibraries.Accessors.robotics.RosNavigationPose
Because:
Accessor robotics/RosPublisher.js not found on path: /home/travis/build/icyphy/ptII/org/terraswarm/accessor/accessors/web/,/home/travis/build/icyphy/ptII/org/terraswarm/accessor/test/auto/accessors/,/home/travis/build/icyphy/ptII/ptolemy/actor/lib/jjs/,/home/travis/build/icyphy/ptII/ptolemy/actor/lib/jjs/modules/,/home/travis/build/icyphy/ptII/ptolemy/actor/lib/jjs/node/,/home/travis/build/icyphy/ptII/ptolemy/actor/lib/jjs/node_modules/,/home/travis/build/icyphy/ptII/org/terraswarm/accessor/accessors/web/hosts/,/home/travis/build/icyphy/ptII/org/terraswarm/accessor/accessors/web/,/home/travis/build/icyphy/ptII/org/terraswarm/accessor/accessors/web/hosts/common/modules/ or relative path: $CLASSPATH/org/terraswarm/accessor/test/auto/accessors/,$CLASSPATH/ptolemy/actor/lib/jjs/,$CLASSPATH/ptolemy/actor/lib/jjs/modules/,$CLASSPATH/ptolemy/actor/lib/jjs/node/,$CLASSPATH/ptolemy/actor/lib/jjs/node_modules/,$CLASSPATH/org/terraswarm/accessor/accessors/web/hosts/,$CLASSPATH/org/terraswarm/accessor/accessors/web/ in &lt;eval&gt; at line number 384 at column number 8
    while executing
&quot;$configuration allAtomicEntityList&quot;
    invoked from within
&quot;set entityList [$configuration allAtomicEntityList]&quot;
    (&quot;foreach&quot; body line 295)
    invoked from within
&quot;foreach i $configs {

    
    if {[regexp &quot;jxta/&quot; $i] == 1} {
	puts &quot;Skipping $i, running vergil -jxta brings up a window&quot;
	continue
    }

    if {[...&quot;
    (file &quot;/home/travis/build/icyphy/ptII/ptolemy/configs/test/allConfigs.tcl&quot; line 165)
	at ptolemy.util.test.junit.TclTests.RunTclFile(TclTests.java:260)
	at java.base/jdk.internal.reflect.NativeMethodAccessorImpl.invoke0(Native Method)
	at java.base/jdk.internal.reflect.NativeMethodAccessorImpl.invoke(NativeMethodAccessorImpl.java:62)
	at java.base/jdk.internal.reflect.DelegatingMethodAccessorImpl.invoke(DelegatingMethodAccessorImpl.java:43)
	at junitparams.internal.InvokeParameterisedMethod.evaluate(InvokeParameterisedMethod.java:102)
	at junitparams.internal.ParameterisedTestMethodRunner.runMethodInvoker(ParameterisedTestMethodRunner.java:47)
	at junitparams.internal.ParameterisedTestMethodRunner.runTestMethod(ParameterisedTestMethodRunner.java:41)
	at junitparams.internal.ParameterisedTestClassRunner.runParameterisedTest(ParameterisedTestClassRunner.java:143)
	at junitparams.JUnitParamsRunner.runChild(JUnitParamsRunner.java:237)
	at junitparams.JUnitParamsRunner.runChild(JUnitParamsRunner.java:215)
Caused by: java.lang.reflect.InvocationTargetException
	at java.base/jdk.internal.reflect.NativeMethodAccessorImpl.invoke0(Native Method)
	at java.base/jdk.internal.reflect.NativeMethodAccessorImpl.invoke(NativeMethodAccessorImpl.java:62)
	at java.base/jdk.internal.reflect.DelegatingMethodAccessorImpl.invoke(DelegatingMethodAccessorImpl.java:43)
	at ptolemy.util.test.junit.TclTests.RunTclFile(TclTests.java:233)
Caused by: tcl.lang.ReflectException
	at tcl.lang.JavaInvoke.call(JavaInvoke.java:257)
	at tcl.lang.JavaInvoke.callMethod(JavaInvoke.java:116)
	at tcl.lang.ReflectObject.cmdProc(ReflectObject.java:727)
	at tcl.lang.Parser.evalObjv(Parser.java:740)
	at tcl.lang.Parser.eval2(Parser.java:1138)
	at tcl.lang.Parser.evalTokens(Parser.java:930)
	at tcl.lang.Parser.eval2(Parser.java:1125)
	at tcl.lang.Interp.eval(Interp.java:1782)
	at tcl.lang.Interp.eval(Interp.java:1841)
	at tcl.lang.ForeachCmd.cmdProc(ForeachCmd.java:116)
	at tcl.lang.AutoloadStub.cmdProc(Extension.java:144)
	at tcl.lang.Parser.evalObjv(Parser.java:740)
	at tcl.lang.Parser.eval2(Parser.java:1138)
	at tcl.lang.Interp.eval(Interp.java:1782)
	at tcl.lang.Interp.evalFile(Interp.java:1880)
</error>
  </testcase>
  <testcase classname="ptolemy.util.test.junit.TclTests" name="[1] /home/travis/build/icyphy/ptII/ptolemy/configs/test/allDemos.tcl (RunTclFile)" time="0.002">
    <failure message="Number of failed tests is has increased. expected:&lt;0&gt; but was:&lt;5&gt;" type="junit.framework.AssertionFailedError">junit.framework.AssertionFailedError: Number of failed tests is has increased. expected:&lt;0&gt; but was:&lt;5&gt;
	at ptolemy.util.test.junit.TclTests.RunTclFile(TclTests.java:286)
	at java.base/jdk.internal.reflect.NativeMethodAccessorImpl.invoke0(Native Method)
	at java.base/jdk.internal.reflect.NativeMethodAccessorImpl.invoke(NativeMethodAccessorImpl.java:62)
	at java.base/jdk.internal.reflect.DelegatingMethodAccessorImpl.invoke(DelegatingMethodAccessorImpl.java:43)
	at junitparams.internal.InvokeParameterisedMethod.evaluate(InvokeParameterisedMethod.java:102)
	at junitparams.internal.ParameterisedTestMethodRunner.runMethodInvoker(ParameterisedTestMethodRunner.java:47)
	at junitparams.internal.ParameterisedTestMethodRunner.runTestMethod(ParameterisedTestMethodRunner.java:41)
	at junitparams.internal.ParameterisedTestClassRunner.runParameterisedTest(ParameterisedTestClassRunner.java:143)
	at junitparams.JUnitParamsRunner.runChild(JUnitParamsRunner.java:237)
	at junitparams.JUnitParamsRunner.runChild(JUnitParamsRunner.java:215)
</failure>
  </testcase>
  <testcase classname="ptolemy.util.test.junit.TclTests" name="[2] /home/travis/build/icyphy/ptII/ptolemy/configs/test/cloneTest.tcl (RunTclFile)" time="0.019" />
  <testcase classname="ptolemy.util.test.junit.TclTests" name="[3] /home/travis/build/icyphy/ptII/ptolemy/configs/test/configurationTools.tcl (RunTclFile)" time="0.0" />
  <testcase classname="ptolemy.util.test.junit.TclTests" name="[4] /home/travis/build/icyphy/ptII/ptolemy/configs/test/missingDemos.tcl (RunTclFile)" time="305.828" />
  <testcase classname="ptolemy.util.test.junit.TclTests" name="[5] /home/travis/build/icyphy/ptII/ptolemy/configs/test/validDemos.tcl (RunTclFile)" time="24.558">
    <failure message="Number of failed tests is has increased. expected:&lt;5&gt; but was:&lt;15&gt;" type="junit.framework.AssertionFailedError">junit.framework.AssertionFailedError: Number of failed tests is has increased. expected:&lt;5&gt; but was:&lt;15&gt;
	at ptolemy.util.test.junit.TclTests.RunTclFile(TclTests.java:286)
	at java.base/jdk.internal.reflect.NativeMethodAccessorImpl.invoke0(Native Method)
	at java.base/jdk.internal.reflect.NativeMethodAccessorImpl.invoke(NativeMethodAccessorImpl.java:62)
	at java.base/jdk.internal.reflect.DelegatingMethodAccessorImpl.invoke(DelegatingMethodAccessorImpl.java:43)
	at junitparams.internal.InvokeParameterisedMethod.evaluate(InvokeParameterisedMethod.java:102)
	at junitparams.internal.ParameterisedTestMethodRunner.runMethodInvoker(ParameterisedTestMethodRunner.java:47)
	at junitparams.internal.ParameterisedTestMethodRunner.runTestMethod(ParameterisedTestMethodRunner.java:41)
	at junitparams.internal.ParameterisedTestClassRunner.runParameterisedTest(ParameterisedTestClassRunner.java:143)
	at junitparams.JUnitParamsRunner.runChild(JUnitParamsRunner.java:237)
	at junitparams.JUnitParamsRunner.runChild(JUnitParamsRunner.java:215)
</failure>
  </testcase>
  <testcase classname="ptolemy.util.test.junit.AutoKnownFailedTests" name="[0] ThereAreNoKnowFailedTests (RunModel)" time="0.002" />
  <testcase classname="ptolemy.util.test.junit.AutoNameArchTests" name="[0] ThereAreNoAutoArchTests (RunModel)" time="0.001" />
  <testcase classname="ptolemy.util.test.junit.AutoTests" name="[0] ThereAreNoAutoTests (RunModel)" time="0.003" />
  <system-out><![CDATA[/home/travis/build/icyphy/ptII/ptolemy/configs/test/allConfigs.tcl
testDefs.tcl: setting time out to 9000 seconds at Fri Feb 07 07:26:55 UTC 2020
18 ms. Memory: 129024K Free: 112206K (87%)
Skipping jxta/configuration.xml, running vergil -jxta brings up a window
 Force everything to get expanded ptolemy/configs/full/configuration.xml
    (Skipping certain optional packages, jxta and viptos)
JSAccessor: Could not create symbolic links.
JSAccessor: PT_NO_NET environment variable is set, so git pull and ptdoc are not being run.
Retrieving library from https://accessors.org/index.json
Retrieving library from https://accessors.org/adapters/index.json
Loading accessor failed: Adapter.js


==== $PTII/ptolemy/configs/test/allConfigs.tcl: full/configuration.xml-1.1 Test to see if full/configuration.xml contains any bad XML
==== Contents of test case:

        # force everything to get expanded
        expr [string length [$configuration description]] > 0
    
==== Test generated error:
    while executing
ptolemy.kernel.util.InvalidStateException: Failed to populate Library
  in .configuration.actor library.MoreLibraries.Accessors.adapters
Because:
Loading accessor failed: Adapter.js
  in .configuration.actor library.MoreLibraries.Accessors.adapters
Because:
Connection timed out (Connection timed out)
	at org.terraswarm.accessor.AccessorLibrary.populate(AccessorLibrary.java:307)
	at ptolemy.moml.EntityLibrary.classDefinitionList(EntityLibrary.java:307)
	at ptolemy.kernel.CompositeEntity._description(CompositeEntity.java:2292)
	at ptolemy.kernel.CompositeEntity._description(CompositeEntity.java:2307)
	at ptolemy.kernel.CompositeEntity._description(CompositeEntity.java:2307)
	at ptolemy.kernel.CompositeEntity._description(CompositeEntity.java:2307)
	at ptolemy.kernel.CompositeEntity._description(CompositeEntity.java:2307)
	at ptolemy.kernel.util.NamedObj.description(NamedObj.java:731)
	at ptolemy.kernel.util.NamedObj.description(NamedObj.java:715)
	at java.base/jdk.internal.reflect.NativeMethodAccessorImpl.invoke0(Native Method)
	at java.base/jdk.internal.reflect.NativeMethodAccessorImpl.invoke(NativeMethodAccessorImpl.java:62)
	at java.base/jdk.internal.reflect.DelegatingMethodAccessorImpl.invoke(DelegatingMethodAccessorImpl.java:43)
	at java.base/java.lang.reflect.Method.invoke(Method.java:566)
	at tcl.lang.reflect.PkgInvoker.invokeMethod(PkgInvoker.java:129)
	at tcl.lang.JavaInvoke.call(JavaInvoke.java:253)
	at tcl.lang.JavaInvoke.callMethod(JavaInvoke.java:116)
	at tcl.lang.ReflectObject.cmdProc(ReflectObject.java:727)
	at tcl.lang.Parser.evalObjv(Parser.java:740)
	at tcl.lang.Parser.eval2(Parser.java:1138)
	at tcl.lang.Parser.evalTokens(Parser.java:930)
	at tcl.lang.Parser.eval2(Parser.java:1125)
	at tcl.lang.Parser.evalTokens(Parser.java:930)
	at tcl.lang.Parser.eval2(Parser.java:1125)
	at tcl.lang.Interp.eval(Interp.java:1782)
	at tcl.lang.Interp.eval(Interp.java:1841)
	at tcl.lang.UplevelCmd.cmdProc(UplevelCmd.java:93)
	at tcl.lang.AutoloadStub.cmdProc(Extension.java:144)
	at tcl.lang.Parser.evalObjv(Parser.java:740)
	at tcl.lang.Parser.eval2(Parser.java:1138)
	at tcl.lang.Interp.eval(Interp.java:1782)
	at tcl.lang.Interp.eval(Interp.java:1841)
	at tcl.lang.CatchCmd.cmdProc(CatchCmd.java:42)
	at tcl.lang.Parser.evalObjv(Parser.java:740)
	at tcl.lang.Parser.eval2(Parser.java:1138)
	at tcl.lang.Parser.evalTokens(Parser.java:930)
	at tcl.lang.Parser.eval2(Parser.java:1125)
	at tcl.lang.Procedure.cmdProc(Procedure.java:175)
	at tcl.lang.Parser.evalObjv(Parser.java:740)
	at tcl.lang.Parser.eval2(Parser.java:1138)
	at tcl.lang.Interp.eval(Interp.java:1782)
	at tcl.lang.Interp.eval(Interp.java:1841)
	at tcl.lang.ForeachCmd.cmdProc(ForeachCmd.java:116)
	at tcl.lang.AutoloadStub.cmdProc(Extension.java:144)
	at tcl.lang.Parser.evalObjv(Parser.java:740)
	at tcl.lang.Parser.eval2(Parser.java:1138)
	at tcl.lang.Interp.eval(Interp.java:1782)
	at tcl.lang.Interp.evalFile(Interp.java:1880)
	at java.base/jdk.internal.reflect.NativeMethodAccessorImpl.invoke0(Native Method)
	at java.base/jdk.internal.reflect.NativeMethodAccessorImpl.invoke(NativeMethodAccessorImpl.java:62)
	at java.base/jdk.internal.reflect.DelegatingMethodAccessorImpl.invoke(DelegatingMethodAccessorImpl.java:43)
	at java.base/java.lang.reflect.Method.invoke(Method.java:566)
	at ptolemy.util.test.junit.TclTests.RunTclFile(TclTests.java:233)
	at java.base/jdk.internal.reflect.NativeMethodAccessorImpl.invoke0(Native Method)
	at java.base/jdk.internal.reflect.NativeMethodAccessorImpl.invoke(NativeMethodAccessorImpl.java:62)
	at java.base/jdk.internal.reflect.DelegatingMethodAccessorImpl.invoke(DelegatingMethodAccessorImpl.java:43)
	at java.base/java.lang.reflect.Method.invoke(Method.java:566)
	at org.junit.runners.model.FrameworkMethod$1.runReflectiveCall(FrameworkMethod.java:44)
	at org.junit.internal.runners.model.ReflectiveCallable.run(ReflectiveCallable.java:15)
	at org.junit.runners.model.FrameworkMethod.invokeExplosively(FrameworkMethod.java:41)
	at junitparams.internal.InvokeParameterisedMethod.evaluate(InvokeParameterisedMethod.java:102)
	at junitparams.internal.ParameterisedTestMethodRunner.runMethodInvoker(ParameterisedTestMethodRunner.java:47)
	at junitparams.internal.ParameterisedTestMethodRunner.runTestMethod(ParameterisedTestMethodRunner.java:41)
	at junitparams.internal.ParameterisedTestClassRunner.runParameterisedTest(ParameterisedTestClassRunner.java:143)
	at junitparams.JUnitParamsRunner.runChild(JUnitParamsRunner.java:237)
	at junitparams.JUnitParamsRunner.runChild(JUnitParamsRunner.java:215)
	at org.junit.runners.ParentRunner$3.run(ParentRunner.java:193)
	at org.junit.runners.ParentRunner$1.schedule(ParentRunner.java:52)
	at org.junit.runners.ParentRunner.runChildren(ParentRunner.java:191)
	at org.junit.runners.ParentRunner.access$000(ParentRunner.java:42)
	at org.junit.runners.ParentRunner$2.evaluate(ParentRunner.java:184)
	at org.junit.internal.runners.statements.RunAfters.evaluate(RunAfters.java:31)
	at org.junit.runners.ParentRunner.run(ParentRunner.java:236)
	at org.junit.runners.Suite.runChild(Suite.java:128)
	at org.junit.runners.Suite.runChild(Suite.java:24)
	at org.junit.runners.ParentRunner$3.run(ParentRunner.java:193)
	at org.junit.runners.ParentRunner$1.schedule(ParentRunner.java:52)
	at org.junit.runners.ParentRunner.runChildren(ParentRunner.java:191)
	at org.junit.runners.ParentRunner.access$000(ParentRunner.java:42)
	at org.junit.runners.ParentRunner$2.evaluate(ParentRunner.java:184)
	at org.junit.runners.ParentRunner.run(ParentRunner.java:236)
	at junit.framework.JUnit4TestAdapter.run(JUnit4TestAdapter.java:39)
	at org.apache.tools.ant.taskdefs.optional.junit.JUnitTestRunner.run(JUnitTestRunner.java:535)
	at org.apache.tools.ant.taskdefs.optional.junit.JUnitTestRunner.launch(JUnitTestRunner.java:1182)
	at org.apache.tools.ant.taskdefs.optional.junit.JUnitTestRunner.main(JUnitTestRunner.java:1033)
Caused by: ptolemy.kernel.util.InternalErrorException: Loading accessor failed: Adapter.js
  in .configuration.actor library.MoreLibraries.Accessors.adapters
Because:
Connection timed out (Connection timed out)
	at org.terraswarm.accessor.AccessorLibrary.populate(AccessorLibrary.java:224)
	... 83 more
Caused by: java.net.ConnectException: Connection timed out (Connection timed out)
	at java.base/java.net.PlainSocketImpl.socketConnect(Native Method)
	at java.base/java.net.AbstractPlainSocketImpl.doConnect(AbstractPlainSocketImpl.java:399)
	at java.base/java.net.AbstractPlainSocketImpl.connectToAddress(AbstractPlainSocketImpl.java:242)
	at java.base/java.net.AbstractPlainSocketImpl.connect(AbstractPlainSocketImpl.java:224)
	at java.base/java.net.SocksSocketImpl.connect(SocksSocketImpl.java:403)
	at java.base/java.net.Socket.connect(Socket.java:591)
	at java.base/sun.security.ssl.SSLSocketImpl.connect(SSLSocketImpl.java:285)
	at java.base/sun.security.ssl.BaseSSLSocketImpl.connect(BaseSSLSocketImpl.java:173)
	at java.base/sun.net.NetworkClient.doConnect(NetworkClient.java:182)
	at java.base/sun.net.www.http.HttpClient.openServer(HttpClient.java:474)
	at java.base/sun.net.www.http.HttpClient.openServer(HttpClient.java:569)
	at java.base/sun.net.www.protocol.https.HttpsClient.<init>(HttpsClient.java:265)
	at java.base/sun.net.www.protocol.https.HttpsClient.New(HttpsClient.java:372)
	at java.base/sun.net.www.protocol.https.AbstractDelegateHttpsURLConnection.getNewHttpClient(AbstractDelegateHttpsURLConnection.java:191)
	at java.base/sun.net.www.protocol.http.HttpURLConnection.plainConnect0(HttpURLConnection.java:1181)
	at java.base/sun.net.www.protocol.http.HttpURLConnection.plainConnect(HttpURLConnection.java:1075)
	at java.base/sun.net.www.protocol.https.AbstractDelegateHttpsURLConnection.connect(AbstractDelegateHttpsURLConnection.java:177)
	at java.base/sun.net.www.protocol.http.HttpURLConnection.getInputStream0(HttpURLConnection.java:1581)
	at java.base/sun.net.www.protocol.http.HttpURLConnection.getInputStream(HttpURLConnection.java:1509)
	at java.base/sun.net.www.protocol.https.HttpsURLConnectionImpl.getInputStream(HttpsURLConnectionImpl.java:245)
	at java.base/java.net.URL.openStream(URL.java:1117)
	at ptolemy.util.FileUtilities.openStreamFollowingRedirectsReturningBoth(FileUtilities.java:1012)
	at ptolemy.util.FileUtilities.openStreamFollowingRedirects(FileUtilities.java:952)
	at org.terraswarm.accessor.JSAccessor._accessorToMoML(JSAccessor.java:1100)
	at org.terraswarm.accessor.JSAccessor.accessorToMoML(JSAccessor.java:293)
	at org.terraswarm.accessor.AccessorLibrary.populate(AccessorLibrary.java:191)
	... 83 more
Caused by: ptolemy.kernel.util.InternalErrorException: Loading accessor failed: Adapter.js
  in .configuration.actor library.MoreLibraries.Accessors.adapters
Because:
Connection timed out (Connection timed out)
	at org.terraswarm.accessor.AccessorLibrary.populate(AccessorLibrary.java:224)
	at ptolemy.moml.EntityLibrary.classDefinitionList(EntityLibrary.java:307)
	at ptolemy.kernel.CompositeEntity._description(CompositeEntity.java:2292)
	at ptolemy.kernel.CompositeEntity._description(CompositeEntity.java:2307)
	at ptolemy.kernel.CompositeEntity._description(CompositeEntity.java:2307)
	at ptolemy.kernel.CompositeEntity._description(CompositeEntity.java:2307)
	at ptolemy.kernel.CompositeEntity._description(CompositeEntity.java:2307)
	at ptolemy.kernel.util.NamedObj.description(NamedObj.java:731)
	at ptolemy.kernel.util.NamedObj.description(NamedObj.java:715)
	at java.base/jdk.internal.reflect.NativeMethodAccessorImpl.invoke0(Native Method)
	at java.base/jdk.internal.reflect.NativeMethodAccessorImpl.invoke(NativeMethodAccessorImpl.java:62)
	at java.base/jdk.internal.reflect.DelegatingMethodAccessorImpl.invoke(DelegatingMethodAccessorImpl.java:43)
	at java.base/java.lang.reflect.Method.invoke(Method.java:566)
	at tcl.lang.reflect.PkgInvoker.invokeMethod(PkgInvoker.java:129)
	at tcl.lang.JavaInvoke.call(JavaInvoke.java:253)
	at tcl.lang.JavaInvoke.callMethod(JavaInvoke.java:116)
	at tcl.lang.ReflectObject.cmdProc(ReflectObject.java:727)
	at tcl.lang.Parser.evalObjv(Parser.java:740)
	at tcl.lang.Parser.eval2(Parser.java:1138)
	at tcl.lang.Parser.evalTokens(Parser.java:930)
	at tcl.lang.Parser.eval2(Parser.java:1125)
	at tcl.lang.Parser.evalTokens(Parser.java:930)
	at tcl.lang.Parser.eval2(Parser.java:1125)
	at tcl.lang.Interp.eval(Interp.java:1782)
	at tcl.lang.Interp.eval(Interp.java:1841)
	at tcl.lang.UplevelCmd.cmdProc(UplevelCmd.java:93)
	at tcl.lang.AutoloadStub.cmdProc(Extension.java:144)
	at tcl.lang.Parser.evalObjv(Parser.java:740)
	at tcl.lang.Parser.eval2(Parser.java:1138)
	at tcl.lang.Interp.eval(Interp.java:1782)
	at tcl.lang.Interp.eval(Interp.java:1841)
	at tcl.lang.CatchCmd.cmdProc(CatchCmd.java:42)
	at tcl.lang.Parser.evalObjv(Parser.java:740)
	at tcl.lang.Parser.eval2(Parser.java:1138)
	at tcl.lang.Parser.evalTokens(Parser.java:930)
	at tcl.lang.Parser.eval2(Parser.java:1125)
	at tcl.lang.Procedure.cmdProc(Procedure.java:175)
	at tcl.lang.Parser.evalObjv(Parser.java:740)
	at tcl.lang.Parser.eval2(Parser.java:1138)
	at tcl.lang.Interp.eval(Interp.java:1782)
	at tcl.lang.Interp.eval(Interp.java:1841)
	at tcl.lang.ForeachCmd.cmdProc(ForeachCmd.java:116)
	at tcl.lang.AutoloadStub.cmdProc(Extension.java:144)
	at tcl.lang.Parser.evalObjv(Parser.java:740)
	at tcl.lang.Parser.eval2(Parser.java:1138)
	at tcl.lang.Interp.eval(Interp.java:1782)
	at tcl.lang.Interp.evalFile(Interp.java:1880)
	at java.base/jdk.internal.reflect.NativeMethodAccessorImpl.invoke0(Native Method)
	at java.base/jdk.internal.reflect.NativeMethodAccessorImpl.invoke(NativeMethodAccessorImpl.java:62)
	at java.base/jdk.internal.reflect.DelegatingMethodAccessorImpl.invoke(DelegatingMethodAccessorImpl.java:43)
	at java.base/java.lang.reflect.Method.invoke(Method.java:566)
	at ptolemy.util.test.junit.TclTests.RunTclFile(TclTests.java:233)
	at java.base/jdk.internal.reflect.NativeMethodAccessorImpl.invoke0(Native Method)
	at java.base/jdk.internal.reflect.NativeMethodAccessorImpl.invoke(NativeMethodAccessorImpl.java:62)
	at java.base/jdk.internal.reflect.DelegatingMethodAccessorImpl.invoke(DelegatingMethodAccessorImpl.java:43)
	at java.base/java.lang.reflect.Method.invoke(Method.java:566)
	at org.junit.runners.model.FrameworkMethod$1.runReflectiveCall(FrameworkMethod.java:44)
	at org.junit.internal.runners.model.ReflectiveCallable.run(ReflectiveCallable.java:15)
	at org.junit.runners.model.FrameworkMethod.invokeExplosively(FrameworkMethod.java:41)
	at junitparams.internal.InvokeParameterisedMethod.evaluate(InvokeParameterisedMethod.java:102)
	at junitparams.internal.ParameterisedTestMethodRunner.runMethodInvoker(ParameterisedTestMethodRunner.java:47)
	at junitparams.internal.ParameterisedTestMethodRunner.runTestMethod(ParameterisedTestMethodRunner.java:41)
	at junitparams.internal.ParameterisedTestClassRunner.runParameterisedTest(ParameterisedTestClassRunner.java:143)
	at junitparams.JUnitParamsRunner.runChild(JUnitParamsRunner.java:237)
	at junitparams.JUnitParamsRunner.runChild(JUnitParamsRunner.java:215)
	at org.junit.runners.ParentRunner$3.run(ParentRunner.java:193)
	at org.junit.runners.ParentRunner$1.schedule(ParentRunner.java:52)
	at org.junit.runners.ParentRunner.runChildren(ParentRunner.java:191)
	at org.junit.runners.ParentRunner.access$000(ParentRunner.java:42)
	at org.junit.runners.ParentRunner$2.evaluate(ParentRunner.java:184)
	at org.junit.internal.runners.statements.RunAfters.evaluate(RunAfters.java:31)
	at org.junit.runners.ParentRunner.run(ParentRunner.java:236)
	at org.junit.runners.Suite.runChild(Suite.java:128)
	at org.junit.runners.Suite.runChild(Suite.java:24)
	at org.junit.runners.ParentRunner$3.run(ParentRunner.java:193)
	at org.junit.runners.ParentRunner$1.schedule(ParentRunner.java:52)
	at org.junit.runners.ParentRunner.runChildren(ParentRunner.java:191)
	at org.junit.runners.ParentRunner.access$000(ParentRunner.java:42)
	at org.junit.runners.ParentRunner$2.evaluate(ParentRunner.java:184)
	at org.junit.runners.ParentRunner.run(ParentRunner.java:236)
	at junit.framework.JUnit4TestAdapter.run(JUnit4TestAdapter.java:39)
	at org.apache.tools.ant.taskdefs.optional.junit.JUnitTestRunner.run(JUnitTestRunner.java:535)
	at org.apache.tools.ant.taskdefs.optional.junit.JUnitTestRunner.launch(JUnitTestRunner.java:1182)
	at org.apache.tools.ant.taskdefs.optional.junit.JUnitTestRunner.main(JUnitTestRunner.java:1033)
Caused by: java.net.ConnectException: Connection timed out (Connection timed out)
	at java.base/java.net.PlainSocketImpl.socketConnect(Native Method)
	at java.base/java.net.AbstractPlainSocketImpl.doConnect(AbstractPlainSocketImpl.java:399)
	at java.base/java.net.AbstractPlainSocketImpl.connectToAddress(AbstractPlainSocketImpl.java:242)
	at java.base/java.net.AbstractPlainSocketImpl.connect(AbstractPlainSocketImpl.java:224)
	at java.base/java.net.SocksSocketImpl.connect(SocksSocketImpl.java:403)
	at java.base/java.net.Socket.connect(Socket.java:591)
	at java.base/sun.security.ssl.SSLSocketImpl.connect(SSLSocketImpl.java:285)
	at java.base/sun.security.ssl.BaseSSLSocketImpl.connect(BaseSSLSocketImpl.java:173)
	at java.base/sun.net.NetworkClient.doConnect(NetworkClient.java:182)
	at java.base/sun.net.www.http.HttpClient.openServer(HttpClient.java:474)
	at java.base/sun.net.www.http.HttpClient.openServer(HttpClient.java:569)
	at java.base/sun.net.www.protocol.https.HttpsClient.<init>(HttpsClient.java:265)
	at java.base/sun.net.www.protocol.https.HttpsClient.New(HttpsClient.java:372)
	at java.base/sun.net.www.protocol.https.AbstractDelegateHttpsURLConnection.getNewHttpClient(AbstractDelegateHttpsURLConnection.java:191)
	at java.base/sun.net.www.protocol.http.HttpURLConnection.plainConnect0(HttpURLConnection.java:1181)
	at java.base/sun.net.www.protocol.http.HttpURLConnection.plainConnect(HttpURLConnection.java:1075)
	at java.base/sun.net.www.protocol.https.AbstractDelegateHttpsURLConnection.connect(AbstractDelegateHttpsURLConnection.java:177)
	at java.base/sun.net.www.protocol.http.HttpURLConnection.getInputStream0(HttpURLConnection.java:1581)
	at java.base/sun.net.www.protocol.http.HttpURLConnection.getInputStream(HttpURLConnection.java:1509)
	at java.base/sun.net.www.protocol.https.HttpsURLConnectionImpl.getInputStream(HttpsURLConnectionImpl.java:245)
	at java.base/java.net.URL.openStream(URL.java:1117)
	at ptolemy.util.FileUtilities.openStreamFollowingRedirectsReturningBoth(FileUtilities.java:1012)
	at ptolemy.util.FileUtilities.openStreamFollowingRedirects(FileUtilities.java:952)
	at org.terraswarm.accessor.JSAccessor._accessorToMoML(JSAccessor.java:1100)
	at org.terraswarm.accessor.JSAccessor.accessorToMoML(JSAccessor.java:293)
	at org.terraswarm.accessor.AccessorLibrary.populate(AccessorLibrary.java:191)
	... 83 more
Caused by: java.net.ConnectException: Connection timed out (Connection timed out)
	at java.base/java.net.PlainSocketImpl.socketConnect(Native Method)
	at java.base/java.net.AbstractPlainSocketImpl.doConnect(AbstractPlainSocketImpl.java:399)
	at java.base/java.net.AbstractPlainSocketImpl.connectToAddress(AbstractPlainSocketImpl.java:242)
	at java.base/java.net.AbstractPlainSocketImpl.connect(AbstractPlainSocketImpl.java:224)
	at java.base/java.net.SocksSocketImpl.connect(SocksSocketImpl.java:403)
	at java.base/java.net.Socket.connect(Socket.java:591)
	at java.base/sun.security.ssl.SSLSocketImpl.connect(SSLSocketImpl.java:285)
	at java.base/sun.security.ssl.BaseSSLSocketImpl.connect(BaseSSLSocketImpl.java:173)
	at java.base/sun.net.NetworkClient.doConnect(NetworkClient.java:182)
	at java.base/sun.net.www.http.HttpClient.openServer(HttpClient.java:474)
	at java.base/sun.net.www.http.HttpClient.openServer(HttpClient.java:569)
	at java.base/sun.net.www.protocol.https.HttpsClient.<init>(HttpsClient.java:265)
	at java.base/sun.net.www.protocol.https.HttpsClient.New(HttpsClient.java:372)
	at java.base/sun.net.www.protocol.https.AbstractDelegateHttpsURLConnection.getNewHttpClient(AbstractDelegateHttpsURLConnection.java:191)
	at java.base/sun.net.www.protocol.http.HttpURLConnection.plainConnect0(HttpURLConnection.java:1181)
	at java.base/sun.net.www.protocol.http.HttpURLConnection.plainConnect(HttpURLConnection.java:1075)
	at java.base/sun.net.www.protocol.https.AbstractDelegateHttpsURLConnection.connect(AbstractDelegateHttpsURLConnection.java:177)
	at java.base/sun.net.www.protocol.http.HttpURLConnection.getInputStream0(HttpURLConnection.java:1581)
	at java.base/sun.net.www.protocol.http.HttpURLConnection.getInputStream(HttpURLConnection.java:1509)
	at java.base/sun.net.www.protocol.https.HttpsURLConnectionImpl.getInputStream(HttpsURLConnectionImpl.java:245)
	at java.base/java.net.URL.openStream(URL.java:1117)
	at ptolemy.util.FileUtilities.openStreamFollowingRedirectsReturningBoth(FileUtilities.java:1012)
	at ptolemy.util.FileUtilities.openStreamFollowingRedirects(FileUtilities.java:952)
	at org.terraswarm.accessor.JSAccessor._accessorToMoML(JSAccessor.java:1100)
	at org.terraswarm.accessor.JSAccessor.accessorToMoML(JSAccessor.java:293)
	at org.terraswarm.accessor.AccessorLibrary.populate(AccessorLibrary.java:191)
	at ptolemy.moml.EntityLibrary.classDefinitionList(EntityLibrary.java:307)
	at ptolemy.kernel.CompositeEntity._description(CompositeEntity.java:2292)
	at ptolemy.kernel.CompositeEntity._description(CompositeEntity.java:2307)
	at ptolemy.kernel.CompositeEntity._description(CompositeEntity.java:2307)
	at ptolemy.kernel.CompositeEntity._description(CompositeEntity.java:2307)
	at ptolemy.kernel.CompositeEntity._description(CompositeEntity.java:2307)
	at ptolemy.kernel.util.NamedObj.description(NamedObj.java:731)
	at ptolemy.kernel.util.NamedObj.description(NamedObj.java:715)
	at java.base/jdk.internal.reflect.NativeMethodAccessorImpl.invoke0(Native Method)
	at java.base/jdk.internal.reflect.NativeMethodAccessorImpl.invoke(NativeMethodAccessorImpl.java:62)
	at java.base/jdk.internal.reflect.DelegatingMethodAccessorImpl.invoke(DelegatingMethodAccessorImpl.java:43)
	at java.base/java.lang.reflect.Method.invoke(Method.java:566)
	at tcl.lang.reflect.PkgInvoker.invokeMethod(PkgInvoker.java:129)
	at tcl.lang.JavaInvoke.call(JavaInvoke.java:253)
	at tcl.lang.JavaInvoke.callMethod(JavaInvoke.java:116)
	at tcl.lang.ReflectObject.cmdProc(ReflectObject.java:727)
	at tcl.lang.Parser.evalObjv(Parser.java:740)
	at tcl.lang.Parser.eval2(Parser.java:1138)
	at tcl.lang.Parser.evalTokens(Parser.java:930)
	at tcl.lang.Parser.eval2(Parser.java:1125)
	at tcl.lang.Parser.evalTokens(Parser.java:930)
	at tcl.lang.Parser.eval2(Parser.java:1125)
	at tcl.lang.Interp.eval(Interp.java:1782)
	at tcl.lang.Interp.eval(Interp.java:1841)
	at tcl.lang.UplevelCmd.cmdProc(UplevelCmd.java:93)
	at tcl.lang.AutoloadStub.cmdProc(Extension.java:144)
	at tcl.lang.Parser.evalObjv(Parser.java:740)
	at tcl.lang.Parser.eval2(Parser.java:1138)
	at tcl.lang.Interp.eval(Interp.java:1782)
	at tcl.lang.Interp.eval(Interp.java:1841)
	at tcl.lang.CatchCmd.cmdProc(CatchCmd.java:42)
	at tcl.lang.Parser.evalObjv(Parser.java:740)
	at tcl.lang.Parser.eval2(Parser.java:1138)
	at tcl.lang.Parser.evalTokens(Parser.java:930)
	at tcl.lang.Parser.eval2(Parser.java:1125)
	at tcl.lang.Procedure.cmdProc(Procedure.java:175)
	at tcl.lang.Parser.evalObjv(Parser.java:740)
	at tcl.lang.Parser.eval2(Parser.java:1138)
	at tcl.lang.Interp.eval(Interp.java:1782)
	at tcl.lang.Interp.eval(Interp.java:1841)
	at tcl.lang.ForeachCmd.cmdProc(ForeachCmd.java:116)
	at tcl.lang.AutoloadStub.cmdProc(Extension.java:144)
	at tcl.lang.Parser.evalObjv(Parser.java:740)
	at tcl.lang.Parser.eval2(Parser.java:1138)
	at tcl.lang.Interp.eval(Interp.java:1782)
	at tcl.lang.Interp.evalFile(Interp.java:1880)
	at java.base/jdk.internal.reflect.NativeMethodAccessorImpl.invoke0(Native Method)
	at java.base/jdk.internal.reflect.NativeMethodAccessorImpl.invoke(NativeMethodAccessorImpl.java:62)
	at java.base/jdk.internal.reflect.DelegatingMethodAccessorImpl.invoke(DelegatingMethodAccessorImpl.java:43)
	at java.base/java.lang.reflect.Method.invoke(Method.java:566)
	at ptolemy.util.test.junit.TclTests.RunTclFile(TclTests.java:233)
	at java.base/jdk.internal.reflect.NativeMethodAccessorImpl.invoke0(Native Method)
	at java.base/jdk.internal.reflect.NativeMethodAccessorImpl.invoke(NativeMethodAccessorImpl.java:62)
	at java.base/jdk.internal.reflect.DelegatingMethodAccessorImpl.invoke(DelegatingMethodAccessorImpl.java:43)
	at java.base/java.lang.reflect.Method.invoke(Method.java:566)
	at org.junit.runners.model.FrameworkMethod$1.runReflectiveCall(FrameworkMethod.java:44)
	at org.junit.internal.runners.model.ReflectiveCallable.run(ReflectiveCallable.java:15)
	at org.junit.runners.model.FrameworkMethod.invokeExplosively(FrameworkMethod.java:41)
	at junitparams.internal.InvokeParameterisedMethod.evaluate(InvokeParameterisedMethod.java:102)
	at junitparams.internal.ParameterisedTestMethodRunner.runMethodInvoker(ParameterisedTestMethodRunner.java:47)
	at junitparams.internal.ParameterisedTestMethodRunner.runTestMethod(ParameterisedTestMethodRunner.java:41)
	at junitparams.internal.ParameterisedTestClassRunner.runParameterisedTest(ParameterisedTestClassRunner.java:143)
	at junitparams.JUnitParamsRunner.runChild(JUnitParamsRunner.java:237)
	at junitparams.JUnitParamsRunner.runChild(JUnitParamsRunner.java:215)
	at org.junit.runners.ParentRunner$3.run(ParentRunner.java:193)
	at org.junit.runners.ParentRunner$1.schedule(ParentRunner.java:52)
	at org.junit.runners.ParentRunner.runChildren(ParentRunner.java:191)
	at org.junit.runners.ParentRunner.access$000(ParentRunner.java:42)
	at org.junit.runners.ParentRunner$2.evaluate(ParentRunner.java:184)
	at org.junit.internal.runners.statements.RunAfters.evaluate(RunAfters.java:31)
	at org.junit.runners.ParentRunner.run(ParentRunner.java:236)
	at org.junit.runners.Suite.runChild(Suite.java:128)
	at org.junit.runners.Suite.runChild(Suite.java:24)
	at org.junit.runners.ParentRunner$3.run(ParentRunner.java:193)
	at org.junit.runners.ParentRunner$1.schedule(ParentRunner.java:52)
	at org.junit.runners.ParentRunner.runChildren(ParentRunner.java:191)
	at org.junit.runners.ParentRunner.access$000(ParentRunner.java:42)
	at org.junit.runners.ParentRunner$2.evaluate(ParentRunner.java:184)
	at org.junit.runners.ParentRunner.run(ParentRunner.java:236)
	at junit.framework.JUnit4TestAdapter.run(JUnit4TestAdapter.java:39)
	at org.apache.tools.ant.taskdefs.optional.junit.JUnitTestRunner.run(JUnitTestRunner.java:535)
	at org.apache.tools.ant.taskdefs.optional.junit.JUnitTestRunner.launch(JUnitTestRunner.java:1182)
	at org.apache.tools.ant.taskdefs.optional.junit.JUnitTestRunner.main(JUnitTestRunner.java:1033)

    while executing
ptolemy.kernel.util.InvalidStateException: Failed to populate Library
  in .configuration.actor library.MoreLibraries.Accessors.adapters
Because:
Loading accessor failed: Adapter.js
  in .configuration.actor library.MoreLibraries.Accessors.adapters
Because:
Connection timed out (Connection timed out)
    while executing
"$configuration description"
    invoked from within
"string length [$configuration description]"
    invoked from within
"expr [string length [$configuration description]] > 0"
    ("uplevel" body line 3)
    invoked from within
"uplevel $contents_of_test"
-------> Before clone
-------> after clone
Retrieving library from https://accessors.org/audio/index.json
Retrieving library from https://accessors.org/cameras/index.json
No physical cameras found, using WebcamDummyDriver.
Loading accessor failed: Foscam.js
Loading accessor failed: AudioCapture.js


==== $PTII/ptolemy/configs/test/allConfigs.tcl: full/configuration.xml-2.1 Test to see if full/configuration.xml has fields with names that are wrong
==== Contents of test case:

        # In general, if we call getName on a public field in an actor,
        # then the name that is returned should be the same as the name
        # of the field.
        puts "-------> Before clone"
        set cloneConfiguration [java::cast ptolemy.kernel.CompositeEntity [$configuration clone [java::new ptolemy.kernel.util.Workspace {clonedWorkspace}]]]
        puts "-------> after clone"
        set entityList [$configuration allAtomicEntityList]
        set results {}
        set logfile [open logfile2-1 "w"]
        for {set iterator [$entityList iterator]}  {[$iterator hasNext] == 1} {} {
            set entity [$iterator next]
            if [java::instanceof $entity ptolemy.actor.TypedAtomicActor] {
        	set actor [java::cast ptolemy.actor.TypedAtomicActor $entity]
        	set className [$actor getClassName]
        	if [java::instanceof $entity $className] {
        	    set realActor [java::cast $className $entity]
        	    set fields [java::info fields $realActor]
        	    # This puts seems to be necessary, or else we get
        	    # field being set to 'tcl.lang.FieldSig@2b6fc7'
        	    # instead of 'factor'
        	    puts $logfile "actor: $className fields: $fields"
        	    foreach field $fields {
        		# If the field is actually defined in the parent class
        		# then java::field will not find the field
        		set fieldObj [java::null]
        		catch {
        		    # We use -noconvert here in case there is a public
        		    # int or double. hde.ArrayMem has a public int.
        		    set fieldObj [java::field -noconvert  $realActor $field]
        		}
        		if {![java::isnull $fieldObj]} {
        		    if [catch {set dottedName [$fieldObj getName $entity]} errMsg] {
        			set msg "\n\nIn '$className'\n On the field '$field'\n The getName() method failed:\n $errMsg\n Perhaps the field is a basic type?\n"
        			lappend results $msg
        		    } else {
        			set sanitizedName [java::call ptolemy.util.StringUtilities sanitizeName $dottedName]
        			if {"$sanitizedName" != "$field"} {
        			    if { "${sanitizedName}Port" == "$field"} {
        				# FileReader needs this:
        				puts "\nWarning: In '$className'\n  The getName() method returns\n   '[$fieldObj getName]' but the  field is named\n   '$field'\n   This is technically a violation  of the coding standard,\n   but permissible because the name  ends in 'Port'"

        			    } else {
        				set msg "\n\nIn '$className'\n The getName() method returns\n  '$sanitizedName' != '$field'  '[$fieldObj getName]' but the  field is named\n  '$field'.\n  Perhaps you should use an  underscore followed by the field  name\n, see how SDFTransformer  keeps a reference to objecs that  are not directly contained."
        			lappend results $msg
        			    }
        			}
        		    }
        		}
        	    }
        	}
            }
        }
        close $logfile
        file delete logfile2-1
        $cloneConfiguration setContainer [java::null]
        list $results
    
==== Test generated error:
    while executing
ptolemy.kernel.util.InvalidStateException: Failed to populate Library
  in .configuration.actor library.MoreLibraries.Accessors.audio
Because:
Loading accessor failed: AudioCapture.js
  in .configuration.actor library.MoreLibraries.Accessors.audio
Because:
Error evaluating expression:
// Copyright (c) 2015-2017 The Regents of the University of California.
...
  in .configuration.actor library.MoreLibraries.Accessors.audio.AudioCapture.script
Because:
Failed to evaluate script.
  in .configuration.actor library.MoreLibraries.Accessors.audio.AudioCapture
Because:
Error: Error executing module audio line #undefined : ptolemy.actor.lib.jjs.modules.audio.AudioHelper
In file: /home/travis/build/icyphy/ptII/ptolemy/actor/lib/jjs/modules/audio/audio.js

java.lang.ClassNotFoundException: ptolemy.actor.lib.jjs.modules.audio.AudioHelper
	at java.base/jdk.internal.loader.BuiltinClassLoader.loadClass(BuiltinClassLoader.java:583)
	at java.base/jdk.internal.loader.ClassLoaders$AppClassLoader.loadClass(ClassLoaders.java:178)
	at java.base/java.lang.ClassLoader.loadClass(ClassLoader.java:521)
	at java.base/java.lang.Class.forName0(Native Method)
	at java.base/java.lang.Class.forName(Class.java:398)
	at jdk.scripting.nashorn/jdk.nashorn.internal.runtime.Context.findClass(Context.java:1180)
	at jdk.scripting.nashorn/jdk.nashorn.internal.objects.NativeJava.simpleType(NativeJava.java:546)
	at jdk.scripting.nashorn/jdk.nashorn.internal.objects.NativeJava.type(NativeJava.java:326)
	at jdk.scripting.nashorn/jdk.nashorn.internal.objects.NativeJava.type(NativeJava.java:318)
	at jdk.scripting.nashorn/jdk.nashorn.internal.objects.NativeJava.type(NativeJava.java:314)
	at jdk.scripting.nashorn.scripts/jdk.nashorn.internal.scripts.Script$Recompilation$539$require.L:1(/home/travis/build/icyphy/ptII/ptolemy/actor/lib/jjs/external/require.js#409:30<eval>:48)
	at jdk.scripting.nashorn.scripts/jdk.nashorn.internal.scripts.Script$Recompilation$449$require.L:45#_require(/home/travis/build/icyphy/ptII/ptolemy/actor/lib/jjs/external/require.js:429)
	at jdk.scripting.nashorn.scripts/jdk.nashorn.internal.scripts.Script$Recompilation$453$21065A$require.L:45#_requireClosure#L:466(/home/travis/build/icyphy/ptII/ptolemy/actor/lib/jjs/external/require.js:467)
	at jdk.scripting.nashorn.scripts/jdk.nashorn.internal.scripts.Script$Recompilation$527$1AAAAAAAAAAAAAA$\^function\_.L:1(<function>:97)
	at jdk.scripting.nashorn.scripts/jdk.nashorn.internal.scripts.Script$Recompilation$526$17933AAAAAA$require$cu1$restOf.L:1#Accessor(/home/travis/build/icyphy/ptII/ptolemy/actor/lib/jjs/external/require.js#409:30<eval>:545)
	at jdk.scripting.nashorn.scripts/jdk.nashorn.internal.scripts.Script$Recompilation$512$2801AAA$\^eval\_.evaluateCode(<eval>:96)
	at jdk.scripting.nashorn/jdk.nashorn.internal.runtime.ScriptFunctionData.invoke(ScriptFunctionData.java:661)
	at jdk.scripting.nashorn/jdk.nashorn.internal.runtime.ScriptFunction.invoke(ScriptFunction.java:513)
	at jdk.scripting.nashorn/jdk.nashorn.internal.runtime.ScriptRuntime.apply(ScriptRuntime.java:527)
	at jdk.scripting.nashorn/jdk.nashorn.api.scripting.ScriptObjectMirror.callMember(ScriptObjectMirror.java:202)
	at jdk.scripting.nashorn/jdk.nashorn.api.scripting.NashornScriptEngine.invokeImpl(NashornScriptEngine.java:393)
	at jdk.scripting.nashorn/jdk.nashorn.api.scripting.NashornScriptEngine.invokeFunction(NashornScriptEngine.java:197)
	at ptolemy.actor.lib.jjs.JavaScript._createEngineAndEvaluateSetup(JavaScript.java:2493)
	at ptolemy.actor.lib.jjs.JavaScript.attributeChanged(JavaScript.java:548)
	at org.terraswarm.accessor.JSAccessor.attributeChanged(JSAccessor.java:312)
	at ptolemy.data.expr.Variable._setTokenAndNotify(Variable.java:2271)
	at ptolemy.data.expr.Variable._evaluate(Variable.java:1873)
	at ptolemy.data.expr.Variable._propagate(Variable.java:1984)
	at ptolemy.data.expr.Variable.validate(Variable.java:1596)
	at ptolemy.moml.MoMLParser.endDocument(MoMLParser.java:867)
	at com.microstar.xml.XmlParser.doParse(XmlParser.java:162)
	at com.microstar.xml.XmlParser.parse(XmlParser.java:132)
	at ptolemy.moml.MoMLParser.parse(MoMLParser.java:1676)
	at ptolemy.moml.MoMLParser.parse(MoMLParser.java:1617)
	at ptolemy.moml.MoMLParser.parse(MoMLParser.java:1792)
	at org.terraswarm.accessor.AccessorLibrary.populate(AccessorLibrary.java:194)
	at ptolemy.moml.EntityLibrary.deepEntityList(EntityLibrary.java:349)
	at ptolemy.kernel.CompositeEntity.deepEntityList(CompositeEntity.java:714)
	at ptolemy.moml.EntityLibrary.deepEntityList(EntityLibrary.java:350)
	at ptolemy.kernel.CompositeEntity.deepEntityList(CompositeEntity.java:714)
	at ptolemy.moml.EntityLibrary.deepEntityList(EntityLibrary.java:350)
	at ptolemy.kernel.CompositeEntity.deepEntityList(CompositeEntity.java:714)
	at ptolemy.kernel.CompositeEntity.deepEntityList(CompositeEntity.java:714)
	at ptolemy.kernel.CompositeEntity.allAtomicEntityList(CompositeEntity.java:188)
	at java.base/jdk.internal.reflect.NativeMethodAccessorImpl.invoke0(Native Method)
	at java.base/jdk.internal.reflect.NativeMethodAccessorImpl.invoke(NativeMethodAccessorImpl.java:62)
	at java.base/jdk.internal.reflect.DelegatingMethodAccessorImpl.invoke(DelegatingMethodAccessorImpl.java:43)
	at java.base/java.lang.reflect.Method.invoke(Method.java:566)
	at tcl.lang.reflect.PkgInvoker.invokeMethod(PkgInvoker.java:129)
	at tcl.lang.JavaInvoke.call(JavaInvoke.java:253)
	at tcl.lang.JavaInvoke.callMethod(JavaInvoke.java:116)
	at tcl.lang.ReflectObject.cmdProc(ReflectObject.java:727)
	at tcl.lang.Parser.evalObjv(Parser.java:740)
	at tcl.lang.Parser.eval2(Parser.java:1138)
	at tcl.lang.Parser.evalTokens(Parser.java:930)
	at tcl.lang.Parser.eval2(Parser.java:1125)
	at tcl.lang.Interp.eval(Interp.java:1782)
	at tcl.lang.Interp.eval(Interp.java:1841)
	at tcl.lang.UplevelCmd.cmdProc(UplevelCmd.java:93)
	at tcl.lang.Parser.evalObjv(Parser.java:740)
	at tcl.lang.Parser.eval2(Parser.java:1138)
	at tcl.lang.Interp.eval(Interp.java:1782)
	at tcl.lang.Interp.eval(Interp.java:1841)
	at tcl.lang.CatchCmd.cmdProc(CatchCmd.java:42)
	at tcl.lang.Parser.evalObjv(Parser.java:740)
	at tcl.lang.Parser.eval2(Parser.java:1138)
	at tcl.lang.Parser.evalTokens(Parser.java:930)
	at tcl.lang.Parser.eval2(Parser.java:1125)
	at tcl.lang.Procedure.cmdProc(Procedure.java:175)
	at tcl.lang.Parser.evalObjv(Parser.java:740)
	at tcl.lang.Parser.eval2(Parser.java:1138)
	at tcl.lang.Interp.eval(Interp.java:1782)
	at tcl.lang.Interp.eval(Interp.java:1841)
	at tcl.lang.ForeachCmd.cmdProc(ForeachCmd.java:116)
	at tcl.lang.AutoloadStub.cmdProc(Extension.java:144)
	at tcl.lang.Parser.evalObjv(Parser.java:740)
	at tcl.lang.Parser.eval2(Parser.java:1138)
	at tcl.lang.Interp.eval(Interp.java:1782)
	at tcl.lang.Interp.evalFile(Interp.java:1880)
	at java.base/jdk.internal.reflect.NativeMethodAccessorImpl.invoke0(Native Method)
	at java.base/jdk.internal.reflect.NativeMethodAccessorImpl.invoke(NativeMethodAccessorImpl.java:62)
	at java.base/jdk.internal.reflect.DelegatingMethodAccessorImpl.invoke(DelegatingMethodAccessorImpl.java:43)
	at java.base/java.lang.reflect.Method.invoke(Method.java:566)
	at ptolemy.util.test.junit.TclTests.RunTclFile(TclTests.java:233)
	at java.base/jdk.internal.reflect.NativeMethodAccessorImpl.invoke0(Native Method)
	at java.base/jdk.internal.reflect.NativeMethodAccessorImpl.invoke(NativeMethodAccessorImpl.java:62)
	at java.base/jdk.internal.reflect.DelegatingMethodAccessorImpl.invoke(DelegatingMethodAccessorImpl.java:43)
	at java.base/java.lang.reflect.Method.invoke(Method.java:566)
	at org.junit.runners.model.FrameworkMethod$1.runReflectiveCall(FrameworkMethod.java:44)
	at org.junit.internal.runners.model.ReflectiveCallable.run(ReflectiveCallable.java:15)
	at org.junit.runners.model.FrameworkMethod.invokeExplosively(FrameworkMethod.java:41)
	at junitparams.internal.InvokeParameterisedMethod.evaluate(InvokeParameterisedMethod.java:102)
	at junitparams.internal.ParameterisedTestMethodRunner.runMethodInvoker(ParameterisedTestMethodRunner.java:47)
	at junitparams.internal.ParameterisedTestMethodRunner.runTestMethod(ParameterisedTestMethodRunner.java:41)
	at junitparams.internal.ParameterisedTestClassRunner.runParameterisedTest(ParameterisedTestClassRunner.java:143)
	at junitparams.JUnitParamsRunner.runChild(JUnitParamsRunner.java:237)
	at junitparams.JUnitParamsRunner.runChild(JUnitParamsRunner.java:215)
	at org.junit.runners.ParentRunner$3.run(ParentRunner.java:193)
	at org.junit.runners.ParentRunner$1.schedule(ParentRunner.java:52)
	at org.junit.runners.ParentRunner.runChildren(ParentRunner.java:191)
	at org.junit.runners.ParentRunner.access$000(ParentRunner.java:42)
	at org.junit.runners.ParentRunner$2.evaluate(ParentRunner.java:184)
	at org.junit.internal.runners.statements.RunAfters.evaluate(RunAfters.java:31)
	at org.junit.runners.ParentRunner.run(ParentRunner.java:236)
	at org.junit.runners.Suite.runChild(Suite.java:128)
	at org.junit.runners.Suite.runChild(Suite.java:24)
	at org.junit.runners.ParentRunner$3.run(ParentRunner.java:193)
	at org.junit.runners.ParentRunner$1.schedule(ParentRunner.java:52)
	at org.junit.runners.ParentRunner.runChildren(ParentRunner.java:191)
	at org.junit.runners.ParentRunner.access$000(ParentRunner.java:42)
	at org.junit.runners.ParentRunner$2.evaluate(ParentRunner.java:184)
	at org.junit.runners.ParentRunner.run(ParentRunner.java:236)
	at junit.framework.JUnit4TestAdapter.run(JUnit4TestAdapter.java:39)
	at org.apache.tools.ant.taskdefs.optional.junit.JUnitTestRunner.run(JUnitTestRunner.java:535)
	at org.apache.tools.ant.taskdefs.optional.junit.JUnitTestRunner.launch(JUnitTestRunner.java:1182)
	at org.apache.tools.ant.taskdefs.optional.junit.JUnitTestRunner.main(JUnitTestRunner.java:1033)
 in /home/travis/build/icyphy/ptII/ptolemy/actor/lib/jjs/external/require.js at line number 454 at column number 12
  in .configuration.actor library.MoreLibraries.Accessors.audio.AudioCapture.script
Because:
Error evaluating expression:
// Copyright (c) 2015-2017 The Regents of the University of California.
...
  in .configuration.actor library.MoreLibraries.Accessors.audio.AudioCapture.script
Because:
Failed to evaluate script.
  in .configuration.actor library.MoreLibraries.Accessors.audio.AudioCapture
Because:
Error: Error executing module audio line #undefined : ptolemy.actor.lib.jjs.modules.audio.AudioHelper
In file: /home/travis/build/icyphy/ptII/ptolemy/actor/lib/jjs/modules/audio/audio.js

java.lang.ClassNotFoundException: ptolemy.actor.lib.jjs.modules.audio.AudioHelper
	at java.base/jdk.internal.loader.BuiltinClassLoader.loadClass(BuiltinClassLoader.java:583)
	at java.base/jdk.internal.loader.ClassLoaders$AppClassLoader.loadClass(ClassLoaders.java:178)
	at java.base/java.lang.ClassLoader.loadClass(ClassLoader.java:521)
	at java.base/java.lang.Class.forName0(Native Method)
	at java.base/java.lang.Class.forName(Class.java:398)
	at jdk.scripting.nashorn/jdk.nashorn.internal.runtime.Context.findClass(Context.java:1180)
	at jdk.scripting.nashorn/jdk.nashorn.internal.objects.NativeJava.simpleType(NativeJava.java:546)
	at jdk.scripting.nashorn/jdk.nashorn.internal.objects.NativeJava.type(NativeJava.java:326)
	at jdk.scripting.nashorn/jdk.nashorn.internal.objects.NativeJava.type(NativeJava.java:318)
	at jdk.scripting.nashorn/jdk.nashorn.internal.objects.NativeJava.type(NativeJava.java:314)
	at jdk.scripting.nashorn.scripts/jdk.nashorn.internal.scripts.Script$Recompilation$539$require.L:1(/home/travis/build/icyphy/ptII/ptolemy/actor/lib/jjs/external/require.js#409:30<eval>:48)
	at jdk.scripting.nashorn.scripts/jdk.nashorn.internal.scripts.Script$Recompilation$449$require.L:45#_require(/home/travis/build/icyphy/ptII/ptolemy/actor/lib/jjs/external/require.js:429)
	at jdk.scripting.nashorn.scripts/jdk.nashorn.internal.scripts.Script$Recompilation$453$21065A$require.L:45#_requireClosure#L:466(/home/travis/build/icyphy/ptII/ptolemy/actor/lib/jjs/external/require.js:467)
	at jdk.scripting.nashorn.scripts/jdk.nashorn.internal.scripts.Script$Recompilation$527$1AAAAAAAAAAAAAA$\^function\_.L:1(<function>:97)
	at jdk.scripting.nashorn.scripts/jdk.nashorn.internal.scripts.Script$Recompilation$526$17933AAAAAA$require$cu1$restOf.L:1#Accessor(/home/travis/build/icyphy/ptII/ptolemy/actor/lib/jjs/external/require.js#409:30<eval>:545)
	at jdk.scripting.nashorn.scripts/jdk.nashorn.internal.scripts.Script$Recompilation$512$2801AAA$\^eval\_.evaluateCode(<eval>:96)
	at jdk.scripting.nashorn/jdk.nashorn.internal.runtime.ScriptFunctionData.invoke(ScriptFunctionData.java:661)
	at jdk.scripting.nashorn/jdk.nashorn.internal.runtime.ScriptFunction.invoke(ScriptFunction.java:513)
	at jdk.scripting.nashorn/jdk.nashorn.internal.runtime.ScriptRuntime.apply(ScriptRuntime.java:527)
	at jdk.scripting.nashorn/jdk.nashorn.api.scripting.ScriptObjectMirror.callMember(ScriptObjectMirror.java:202)
	at jdk.scripting.nashorn/jdk.nashorn.api.scripting.NashornScriptEngine.invokeImpl(NashornScriptEngine.java:393)
	at jdk.scripting.nashorn/jdk.nashorn.api.scripting.NashornScriptEngine.invokeFunction(NashornScriptEngine.java:197)
	at ptolemy.actor.lib.jjs.JavaScript._createEngineAndEvaluateSetup(JavaScript.java:2493)
	at ptolemy.actor.lib.jjs.JavaScript.attributeChanged(JavaScript.java:548)
	at org.terraswarm.accessor.JSAccessor.attributeChanged(JSAccessor.java:312)
	at ptolemy.data.expr.Variable._setTokenAndNotify(Variable.java:2271)
	at ptolemy.data.expr.Variable._evaluate(Variable.java:1873)
	at ptolemy.data.expr.Variable._propagate(Variable.java:1984)
	at ptolemy.data.expr.Variable.validate(Variable.java:1596)
	at ptolemy.moml.MoMLParser.endDocument(MoMLParser.java:867)
	at com.microstar.xml.XmlParser.doParse(XmlParser.java:162)
	at com.microstar.xml.XmlParser.parse(XmlParser.java:132)
	at ptolemy.moml.MoMLParser.parse(MoMLParser.java:1676)
	at ptolemy.moml.MoMLParser.parse(MoMLParser.java:1617)
	at ptolemy.moml.MoMLParser.parse(MoMLParser.java:1792)
	at org.terraswarm.accessor.AccessorLibrary.populate(AccessorLibrary.java:194)
	at ptolemy.moml.EntityLibrary.deepEntityList(EntityLibrary.java:349)
	at ptolemy.kernel.CompositeEntity.deepEntityList(CompositeEntity.java:714)
	at ptolemy.moml.EntityLibrary.deepEntityList(EntityLibrary.java:350)
	at ptolemy.kernel.CompositeEntity.deepEntityList(CompositeEntity.java:714)
	at ptolemy.moml.EntityLibrary.deepEntityList(EntityLibrary.java:350)
	at ptolemy.kernel.CompositeEntity.deepEntityList(CompositeEntity.java:714)
	at ptolemy.kernel.CompositeEntity.deepEntityList(CompositeEntity.java:714)
	at ptolemy.kernel.CompositeEntity.allAtomicEntityList(CompositeEntity.java:188)
	at java.base/jdk.internal.reflect.NativeMethodAccessorImpl.invoke0(Native Method)
	at java.base/jdk.internal.reflect.NativeMethodAccessorImpl.invoke(NativeMethodAccessorImpl.java:62)
	at java.base/jdk.internal.reflect.DelegatingMethodAccessorImpl.invoke(DelegatingMethodAccessorImpl.java:43)
	at java.base/java.lang.reflect.Method.invoke(Method.java:566)
	at tcl.lang.reflect.PkgInvoker.invokeMethod(PkgInvoker.java:129)
	at tcl.lang.JavaInvoke.call(JavaInvoke.java:253)
	at tcl.lang.JavaInvoke.callMethod(JavaInvoke.java:116)
	at tcl.lang.ReflectObject.cmdProc(ReflectObject.java:727)
	at tcl.lang.Parser.evalObjv(Parser.java:740)
	at tcl.lang.Parser.eval2(Parser.java:1138)
	at tcl.lang.Parser.evalTokens(Parser.java:930)
	at tcl.lang.Parser.eval2(Parser.java:1125)
	at tcl.lang.Interp.eval(Interp.java:1782)
	at tcl.lang.Interp.eval(Interp.java:1841)
	at tcl.lang.UplevelCmd.cmdProc(UplevelCmd.java:93)
	at tcl.lang.Parser.evalObjv(Parser.java:740)
	at tcl.lang.Parser.eval2(Parser.java:1138)
	at tcl.lang.Interp.eval(Interp.java:1782)
	at tcl.lang.Interp.eval(Interp.java:1841)
	at tcl.lang.CatchCmd.cmdProc(CatchCmd.java:42)
	at tcl.lang.Parser.evalObjv(Parser.java:740)
	at tcl.lang.Parser.eval2(Parser.java:1138)
	at tcl.lang.Parser.evalTokens(Parser.java:930)
	at tcl.lang.Parser.eval2(Parser.java:1125)
	at tcl.lang.Procedure.cmdProc(Procedure.java:175)
	at tcl.lang.Parser.evalObjv(Parser.java:740)
	at tcl.lang.Parser.eval2(Parser.java:1138)
	at tcl.lang.Interp.eval(Interp.java:1782)
	at tcl.lang.Interp.eval(Interp.java:1841)
	at tcl.lang.ForeachCmd.cmdProc(ForeachCmd.java:116)
	at tcl.lang.AutoloadStub.cmdProc(Extension.java:144)
	at tcl.lang.Parser.evalObjv(Parser.java:740)
	at tcl.lang.Parser.eval2(Parser.java:1138)
	at tcl.lang.Interp.eval(Interp.java:1782)
	at tcl.lang.Interp.evalFile(Interp.java:1880)
	at java.base/jdk.internal.reflect.NativeMethodAccessorImpl.invoke0(Native Method)
	at java.base/jdk.internal.reflect.NativeMethodAccessorImpl.invoke(NativeMethodAccessorImpl.java:62)
	at java.base/jdk.internal.reflect.DelegatingMethodAccessorImpl.invoke(DelegatingMethodAccessorImpl.java:43)
	at java.base/java.lang.reflect.Method.invoke(Method.java:566)
	at ptolemy.util.test.junit.TclTests.RunTclFile(TclTests.java:233)
	at java.base/jdk.internal.reflect.NativeMethodAccessorImpl.invoke0(Native Method)
	at java.base/jdk.internal.reflect.NativeMethodAccessorImpl.invoke(NativeMethodAccessorImpl.java:62)
	at java.base/jdk.internal.reflect.DelegatingMethodAccessorImpl.invoke(DelegatingMethodAccessorImpl.java:43)
	at java.base/java.lang.reflect.Method.invoke(Method.java:566)
	at org.junit.runners.model.FrameworkMethod$1.runReflectiveCall(FrameworkMethod.java:44)
	at org.junit.internal.runners.model.ReflectiveCallable.run(ReflectiveCallable.java:15)
	at org.junit.runners.model.FrameworkMethod.invokeExplosively(FrameworkMethod.java:41)
	at junitparams.internal.InvokeParameterisedMethod.evaluate(InvokeParameterisedMethod.java:102)
	at junitparams.internal.ParameterisedTestMethodRunner.runMethodInvoker(ParameterisedTestMethodRunner.java:47)
	at junitparams.internal.ParameterisedTestMethodRunner.runTestMethod(ParameterisedTestMethodRunner.java:41)
	at junitparams.internal.ParameterisedTestClassRunner.runParameterisedTest(ParameterisedTestClassRunner.java:143)
	at junitparams.JUnitParamsRunner.runChild(JUnitParamsRunner.java:237)
	at junitparams.JUnitParamsRunner.runChild(JUnitParamsRunner.java:215)
	at org.junit.runners.ParentRunner$3.run(ParentRunner.java:193)
	at org.junit.runners.ParentRunner$1.schedule(ParentRunner.java:52)
	at org.junit.runners.ParentRunner.runChildren(ParentRunner.java:191)
	at org.junit.runners.ParentRunner.access$000(ParentRunner.java:42)
	at org.junit.runners.ParentRunner$2.evaluate(ParentRunner.java:184)
	at org.junit.internal.runners.statements.RunAfters.evaluate(RunAfters.java:31)
	at org.junit.runners.ParentRunner.run(ParentRunner.java:236)
	at org.junit.runners.Suite.runChild(Suite.java:128)
	at org.junit.runners.Suite.runChild(Suite.java:24)
	at org.junit.runners.ParentRunner$3.run(ParentRunner.java:193)
	at org.junit.runners.ParentRunner$1.schedule(ParentRunner.java:52)
	at org.junit.runners.ParentRunner.runChildren(ParentRunner.java:191)
	at org.junit.runners.ParentRunner.access$000(ParentRunner.java:42)
	at org.junit.runners.ParentRunner$2.evaluate(ParentRunner.java:184)
	at org.junit.runners.ParentRunner.run(ParentRunner.java:236)
	at junit.framework.JUnit4TestAdapter.run(JUnit4TestAdapter.java:39)
	at org.apache.tools.ant.taskdefs.optional.junit.JUnitTestRunner.run(JUnitTestRunner.java:535)
	at org.apache.tools.ant.taskdefs.optional.junit.JUnitTestRunner.launch(JUnitTestRunner.java:1182)
	at org.apache.tools.ant.taskdefs.optional.junit.JUnitTestRunner.main(JUnitTestRunner.java:1033)
 in /home/travis/build/icyphy/ptII/ptolemy/actor/lib/jjs/external/require.js at line number 454 at column number 12
	at org.terraswarm.accessor.AccessorLibrary.populate(AccessorLibrary.java:307)
	at ptolemy.moml.EntityLibrary.deepEntityList(EntityLibrary.java:349)
	at ptolemy.kernel.CompositeEntity.deepEntityList(CompositeEntity.java:714)
	at ptolemy.moml.EntityLibrary.deepEntityList(EntityLibrary.java:350)
	at ptolemy.kernel.CompositeEntity.deepEntityList(CompositeEntity.java:714)
	at ptolemy.moml.EntityLibrary.deepEntityList(EntityLibrary.java:350)
	at ptolemy.kernel.CompositeEntity.deepEntityList(CompositeEntity.java:714)
	at ptolemy.kernel.CompositeEntity.deepEntityList(CompositeEntity.java:714)
	at ptolemy.kernel.CompositeEntity.allAtomicEntityList(CompositeEntity.java:188)
	at java.base/jdk.internal.reflect.NativeMethodAccessorImpl.invoke0(Native Method)
	at java.base/jdk.internal.reflect.NativeMethodAccessorImpl.invoke(NativeMethodAccessorImpl.java:62)
	at java.base/jdk.internal.reflect.DelegatingMethodAccessorImpl.invoke(DelegatingMethodAccessorImpl.java:43)
	at java.base/java.lang.reflect.Method.invoke(Method.java:566)
	at tcl.lang.reflect.PkgInvoker.invokeMethod(PkgInvoker.java:129)
	at tcl.lang.JavaInvoke.call(JavaInvoke.java:253)
	at tcl.lang.JavaInvoke.callMethod(JavaInvoke.java:116)
	at tcl.lang.ReflectObject.cmdProc(ReflectObject.java:727)
	at tcl.lang.Parser.evalObjv(Parser.java:740)
	at tcl.lang.Parser.eval2(Parser.java:1138)
	at tcl.lang.Parser.evalTokens(Parser.java:930)
	at tcl.lang.Parser.eval2(Parser.java:1125)
	at tcl.lang.Interp.eval(Interp.java:1782)
	at tcl.lang.Interp.eval(Interp.java:1841)
	at tcl.lang.UplevelCmd.cmdProc(UplevelCmd.java:93)
	at tcl.lang.Parser.evalObjv(Parser.java:740)
	at tcl.lang.Parser.eval2(Parser.java:1138)
	at tcl.lang.Interp.eval(Interp.java:1782)
	at tcl.lang.Interp.eval(Interp.java:1841)
	at tcl.lang.CatchCmd.cmdProc(CatchCmd.java:42)
	at tcl.lang.Parser.evalObjv(Parser.java:740)
	at tcl.lang.Parser.eval2(Parser.java:1138)
	at tcl.lang.Parser.evalTokens(Parser.java:930)
	at tcl.lang.Parser.eval2(Parser.java:1125)
	at tcl.lang.Procedure.cmdProc(Procedure.java:175)
	at tcl.lang.Parser.evalObjv(Parser.java:740)
	at tcl.lang.Parser.eval2(Parser.java:1138)
	at tcl.lang.Interp.eval(Interp.java:1782)
	at tcl.lang.Interp.eval(Interp.java:1841)
	at tcl.lang.ForeachCmd.cmdProc(ForeachCmd.java:116)
	at tcl.lang.AutoloadStub.cmdProc(Extension.java:144)
	at tcl.lang.Parser.evalObjv(Parser.java:740)
	at tcl.lang.Parser.eval2(Parser.java:1138)
	at tcl.lang.Interp.eval(Interp.java:1782)
	at tcl.lang.Interp.evalFile(Interp.java:1880)
	at java.base/jdk.internal.reflect.NativeMethodAccessorImpl.invoke0(Native Method)
	at java.base/jdk.internal.reflect.NativeMethodAccessorImpl.invoke(NativeMethodAccessorImpl.java:62)
	at java.base/jdk.internal.reflect.DelegatingMethodAccessorImpl.invoke(DelegatingMethodAccessorImpl.java:43)
	at java.base/java.lang.reflect.Method.invoke(Method.java:566)
	at ptolemy.util.test.junit.TclTests.RunTclFile(TclTests.java:233)
	at java.base/jdk.internal.reflect.NativeMethodAccessorImpl.invoke0(Native Method)
	at java.base/jdk.internal.reflect.NativeMethodAccessorImpl.invoke(NativeMethodAccessorImpl.java:62)
	at java.base/jdk.internal.reflect.DelegatingMethodAccessorImpl.invoke(DelegatingMethodAccessorImpl.java:43)
	at java.base/java.lang.reflect.Method.invoke(Method.java:566)
	at org.junit.runners.model.FrameworkMethod$1.runReflectiveCall(FrameworkMethod.java:44)
	at org.junit.internal.runners.model.ReflectiveCallable.run(ReflectiveCallable.java:15)
	at org.junit.runners.model.FrameworkMethod.invokeExplosively(FrameworkMethod.java:41)
	at junitparams.internal.InvokeParameterisedMethod.evaluate(InvokeParameterisedMethod.java:102)
	at junitparams.internal.ParameterisedTestMethodRunner.runMethodInvoker(ParameterisedTestMethodRunner.java:47)
	at junitparams.internal.ParameterisedTestMethodRunner.runTestMethod(ParameterisedTestMethodRunner.java:41)
	at junitparams.internal.ParameterisedTestClassRunner.runParameterisedTest(ParameterisedTestClassRunner.java:143)
	at junitparams.JUnitParamsRunner.runChild(JUnitParamsRunner.java:237)
	at junitparams.JUnitParamsRunner.runChild(JUnitParamsRunner.java:215)
	at org.junit.runners.ParentRunner$3.run(ParentRunner.java:193)
	at org.junit.runners.ParentRunner$1.schedule(ParentRunner.java:52)
	at org.junit.runners.ParentRunner.runChildren(ParentRunner.java:191)
	at org.junit.runners.ParentRunner.access$000(ParentRunner.java:42)
	at org.junit.runners.ParentRunner$2.evaluate(ParentRunner.java:184)
	at org.junit.internal.runners.statements.RunAfters.evaluate(RunAfters.java:31)
	at org.junit.runners.ParentRunner.run(ParentRunner.java:236)
	at org.junit.runners.Suite.runChild(Suite.java:128)
	at org.junit.runners.Suite.runChild(Suite.java:24)
	at org.junit.runners.ParentRunner$3.run(ParentRunner.java:193)
	at org.junit.runners.ParentRunner$1.schedule(ParentRunner.java:52)
	at org.junit.runners.ParentRunner.runChildren(ParentRunner.java:191)
	at org.junit.runners.ParentRunner.access$000(ParentRunner.java:42)
	at org.junit.runners.ParentRunner$2.evaluate(ParentRunner.java:184)
	at org.junit.runners.ParentRunner.run(ParentRunner.java:236)
	at junit.framework.JUnit4TestAdapter.run(JUnit4TestAdapter.java:39)
	at org.apache.tools.ant.taskdefs.optional.junit.JUnitTestRunner.run(JUnitTestRunner.java:535)
	at org.apache.tools.ant.taskdefs.optional.junit.JUnitTestRunner.launch(JUnitTestRunner.java:1182)
	at org.apache.tools.ant.taskdefs.optional.junit.JUnitTestRunner.main(JUnitTestRunner.java:1033)
Caused by: ptolemy.kernel.util.InternalErrorException: Loading accessor failed: AudioCapture.js
  in .configuration.actor library.MoreLibraries.Accessors.audio
Because:
Error evaluating expression:
// Copyright (c) 2015-2017 The Regents of the University of California.
...
  in .configuration.actor library.MoreLibraries.Accessors.audio.AudioCapture.script
Because:
Failed to evaluate script.
  in .configuration.actor library.MoreLibraries.Accessors.audio.AudioCapture
Because:
Error: Error executing module audio line #undefined : ptolemy.actor.lib.jjs.modules.audio.AudioHelper
In file: /home/travis/build/icyphy/ptII/ptolemy/actor/lib/jjs/modules/audio/audio.js

java.lang.ClassNotFoundException: ptolemy.actor.lib.jjs.modules.audio.AudioHelper
	at java.base/jdk.internal.loader.BuiltinClassLoader.loadClass(BuiltinClassLoader.java:583)
	at java.base/jdk.internal.loader.ClassLoaders$AppClassLoader.loadClass(ClassLoaders.java:178)
	at java.base/java.lang.ClassLoader.loadClass(ClassLoader.java:521)
	at java.base/java.lang.Class.forName0(Native Method)
	at java.base/java.lang.Class.forName(Class.java:398)
	at jdk.scripting.nashorn/jdk.nashorn.internal.runtime.Context.findClass(Context.java:1180)
	at jdk.scripting.nashorn/jdk.nashorn.internal.objects.NativeJava.simpleType(NativeJava.java:546)
	at jdk.scripting.nashorn/jdk.nashorn.internal.objects.NativeJava.type(NativeJava.java:326)
	at jdk.scripting.nashorn/jdk.nashorn.internal.objects.NativeJava.type(NativeJava.java:318)
	at jdk.scripting.nashorn/jdk.nashorn.internal.objects.NativeJava.type(NativeJava.java:314)
	at jdk.scripting.nashorn.scripts/jdk.nashorn.internal.scripts.Script$Recompilation$539$require.L:1(/home/travis/build/icyphy/ptII/ptolemy/actor/lib/jjs/external/require.js#409:30<eval>:48)
	at jdk.scripting.nashorn.scripts/jdk.nashorn.internal.scripts.Script$Recompilation$449$require.L:45#_require(/home/travis/build/icyphy/ptII/ptolemy/actor/lib/jjs/external/require.js:429)
	at jdk.scripting.nashorn.scripts/jdk.nashorn.internal.scripts.Script$Recompilation$453$21065A$require.L:45#_requireClosure#L:466(/home/travis/build/icyphy/ptII/ptolemy/actor/lib/jjs/external/require.js:467)
	at jdk.scripting.nashorn.scripts/jdk.nashorn.internal.scripts.Script$Recompilation$527$1AAAAAAAAAAAAAA$\^function\_.L:1(<function>:97)
	at jdk.scripting.nashorn.scripts/jdk.nashorn.internal.scripts.Script$Recompilation$526$17933AAAAAA$require$cu1$restOf.L:1#Accessor(/home/travis/build/icyphy/ptII/ptolemy/actor/lib/jjs/external/require.js#409:30<eval>:545)
	at jdk.scripting.nashorn.scripts/jdk.nashorn.internal.scripts.Script$Recompilation$512$2801AAA$\^eval\_.evaluateCode(<eval>:96)
	at jdk.scripting.nashorn/jdk.nashorn.internal.runtime.ScriptFunctionData.invoke(ScriptFunctionData.java:661)
	at jdk.scripting.nashorn/jdk.nashorn.internal.runtime.ScriptFunction.invoke(ScriptFunction.java:513)
	at jdk.scripting.nashorn/jdk.nashorn.internal.runtime.ScriptRuntime.apply(ScriptRuntime.java:527)
	at jdk.scripting.nashorn/jdk.nashorn.api.scripting.ScriptObjectMirror.callMember(ScriptObjectMirror.java:202)
	at jdk.scripting.nashorn/jdk.nashorn.api.scripting.NashornScriptEngine.invokeImpl(NashornScriptEngine.java:393)
	at jdk.scripting.nashorn/jdk.nashorn.api.scripting.NashornScriptEngine.invokeFunction(NashornScriptEngine.java:197)
	at ptolemy.actor.lib.jjs.JavaScript._createEngineAndEvaluateSetup(JavaScript.java:2493)
	at ptolemy.actor.lib.jjs.JavaScript.attributeChanged(JavaScript.java:548)
	at org.terraswarm.accessor.JSAccessor.attributeChanged(JSAccessor.java:312)
	at ptolemy.data.expr.Variable._setTokenAndNotify(Variable.java:2271)
	at ptolemy.data.expr.Variable._evaluate(Variable.java:1873)
	at ptolemy.data.expr.Variable._propagate(Variable.java:1984)
	at ptolemy.data.expr.Variable.validate(Variable.java:1596)
	at ptolemy.moml.MoMLParser.endDocument(MoMLParser.java:867)
	at com.microstar.xml.XmlParser.doParse(XmlParser.java:162)
	at com.microstar.xml.XmlParser.parse(XmlParser.java:132)
	at ptolemy.moml.MoMLParser.parse(MoMLParser.java:1676)
	at ptolemy.moml.MoMLParser.parse(MoMLParser.java:1617)
	at ptolemy.moml.MoMLParser.parse(MoMLParser.java:1792)
	at org.terraswarm.accessor.AccessorLibrary.populate(AccessorLibrary.java:194)
	at ptolemy.moml.EntityLibrary.deepEntityList(EntityLibrary.java:349)
	at ptolemy.kernel.CompositeEntity.deepEntityList(CompositeEntity.java:714)
	at ptolemy.moml.EntityLibrary.deepEntityList(EntityLibrary.java:350)
	at ptolemy.kernel.CompositeEntity.deepEntityList(CompositeEntity.java:714)
	at ptolemy.moml.EntityLibrary.deepEntityList(EntityLibrary.java:350)
	at ptolemy.kernel.CompositeEntity.deepEntityList(CompositeEntity.java:714)
	at ptolemy.kernel.CompositeEntity.deepEntityList(CompositeEntity.java:714)
	at ptolemy.kernel.CompositeEntity.allAtomicEntityList(CompositeEntity.java:188)
	at java.base/jdk.internal.reflect.NativeMethodAccessorImpl.invoke0(Native Method)
	at java.base/jdk.internal.reflect.NativeMethodAccessorImpl.invoke(NativeMethodAccessorImpl.java:62)
	at java.base/jdk.internal.reflect.DelegatingMethodAccessorImpl.invoke(DelegatingMethodAccessorImpl.java:43)
	at java.base/java.lang.reflect.Method.invoke(Method.java:566)
	at tcl.lang.reflect.PkgInvoker.invokeMethod(PkgInvoker.java:129)
	at tcl.lang.JavaInvoke.call(JavaInvoke.java:253)
	at tcl.lang.JavaInvoke.callMethod(JavaInvoke.java:116)
	at tcl.lang.ReflectObject.cmdProc(ReflectObject.java:727)
	at tcl.lang.Parser.evalObjv(Parser.java:740)
	at tcl.lang.Parser.eval2(Parser.java:1138)
	at tcl.lang.Parser.evalTokens(Parser.java:930)
	at tcl.lang.Parser.eval2(Parser.java:1125)
	at tcl.lang.Interp.eval(Interp.java:1782)
	at tcl.lang.Interp.eval(Interp.java:1841)
	at tcl.lang.UplevelCmd.cmdProc(UplevelCmd.java:93)
	at tcl.lang.Parser.evalObjv(Parser.java:740)
	at tcl.lang.Parser.eval2(Parser.java:1138)
	at tcl.lang.Interp.eval(Interp.java:1782)
	at tcl.lang.Interp.eval(Interp.java:1841)
	at tcl.lang.CatchCmd.cmdProc(CatchCmd.java:42)
	at tcl.lang.Parser.evalObjv(Parser.java:740)
	at tcl.lang.Parser.eval2(Parser.java:1138)
	at tcl.lang.Parser.evalTokens(Parser.java:930)
	at tcl.lang.Parser.eval2(Parser.java:1125)
	at tcl.lang.Procedure.cmdProc(Procedure.java:175)
	at tcl.lang.Parser.evalObjv(Parser.java:740)
	at tcl.lang.Parser.eval2(Parser.java:1138)
	at tcl.lang.Interp.eval(Interp.java:1782)
	at tcl.lang.Interp.eval(Interp.java:1841)
	at tcl.lang.ForeachCmd.cmdProc(ForeachCmd.java:116)
	at tcl.lang.AutoloadStub.cmdProc(Extension.java:144)
	at tcl.lang.Parser.evalObjv(Parser.java:740)
	at tcl.lang.Parser.eval2(Parser.java:1138)
	at tcl.lang.Interp.eval(Interp.java:1782)
	at tcl.lang.Interp.evalFile(Interp.java:1880)
	at java.base/jdk.internal.reflect.NativeMethodAccessorImpl.invoke0(Native Method)
	at java.base/jdk.internal.reflect.NativeMethodAccessorImpl.invoke(NativeMethodAccessorImpl.java:62)
	at java.base/jdk.internal.reflect.DelegatingMethodAccessorImpl.invoke(DelegatingMethodAccessorImpl.java:43)
	at java.base/java.lang.reflect.Method.invoke(Method.java:566)
	at ptolemy.util.test.junit.TclTests.RunTclFile(TclTests.java:233)
	at java.base/jdk.internal.reflect.NativeMethodAccessorImpl.invoke0(Native Method)
	at java.base/jdk.internal.reflect.NativeMethodAccessorImpl.invoke(NativeMethodAccessorImpl.java:62)
	at java.base/jdk.internal.reflect.DelegatingMethodAccessorImpl.invoke(DelegatingMethodAccessorImpl.java:43)
	at java.base/java.lang.reflect.Method.invoke(Method.java:566)
	at org.junit.runners.model.FrameworkMethod$1.runReflectiveCall(FrameworkMethod.java:44)
	at org.junit.internal.runners.model.ReflectiveCallable.run(ReflectiveCallable.java:15)
	at org.junit.runners.model.FrameworkMethod.invokeExplosively(FrameworkMethod.java:41)
	at junitparams.internal.InvokeParameterisedMethod.evaluate(InvokeParameterisedMethod.java:102)
	at junitparams.internal.ParameterisedTestMethodRunner.runMethodInvoker(ParameterisedTestMethodRunner.java:47)
	at junitparams.internal.ParameterisedTestMethodRunner.runTestMethod(ParameterisedTestMethodRunner.java:41)
	at junitparams.internal.ParameterisedTestClassRunner.runParameterisedTest(ParameterisedTestClassRunner.java:143)
	at junitparams.JUnitParamsRunner.runChild(JUnitParamsRunner.java:237)
	at junitparams.JUnitParamsRunner.runChild(JUnitParamsRunner.java:215)
	at org.junit.runners.ParentRunner$3.run(ParentRunner.java:193)
	at org.junit.runners.ParentRunner$1.schedule(ParentRunner.java:52)
	at org.junit.runners.ParentRunner.runChildren(ParentRunner.java:191)
	at org.junit.runners.ParentRunner.access$000(ParentRunner.java:42)
	at org.junit.runners.ParentRunner$2.evaluate(ParentRunner.java:184)
	at org.junit.internal.runners.statements.RunAfters.evaluate(RunAfters.java:31)
	at org.junit.runners.ParentRunner.run(ParentRunner.java:236)
	at org.junit.runners.Suite.runChild(Suite.java:128)
	at org.junit.runners.Suite.runChild(Suite.java:24)
	at org.junit.runners.ParentRunner$3.run(ParentRunner.java:193)
	at org.junit.runners.ParentRunner$1.schedule(ParentRunner.java:52)
	at org.junit.runners.ParentRunner.runChildren(ParentRunner.java:191)
	at org.junit.runners.ParentRunner.access$000(ParentRunner.java:42)
	at org.junit.runners.ParentRunner$2.evaluate(ParentRunner.java:184)
	at org.junit.runners.ParentRunner.run(ParentRunner.java:236)
	at junit.framework.JUnit4TestAdapter.run(JUnit4TestAdapter.java:39)
	at org.apache.tools.ant.taskdefs.optional.junit.JUnitTestRunner.run(JUnitTestRunner.java:535)
	at org.apache.tools.ant.taskdefs.optional.junit.JUnitTestRunner.launch(JUnitTestRunner.java:1182)
	at org.apache.tools.ant.taskdefs.optional.junit.JUnitTestRunner.main(JUnitTestRunner.java:1033)
 in /home/travis/build/icyphy/ptII/ptolemy/actor/lib/jjs/external/require.js at line number 454 at column number 12
  in .configuration.actor library.MoreLibraries.Accessors.audio.AudioCapture.script
Because:
Error evaluating expression:
// Copyright (c) 2015-2017 The Regents of the University of California.
...
  in .configuration.actor library.MoreLibraries.Accessors.audio.AudioCapture.script
Because:
Failed to evaluate script.
  in .configuration.actor library.MoreLibraries.Accessors.audio.AudioCapture
Because:
Error: Error executing module audio line #undefined : ptolemy.actor.lib.jjs.modules.audio.AudioHelper
In file: /home/travis/build/icyphy/ptII/ptolemy/actor/lib/jjs/modules/audio/audio.js

java.lang.ClassNotFoundException: ptolemy.actor.lib.jjs.modules.audio.AudioHelper
	at java.base/jdk.internal.loader.BuiltinClassLoader.loadClass(BuiltinClassLoader.java:583)
	at java.base/jdk.internal.loader.ClassLoaders$AppClassLoader.loadClass(ClassLoaders.java:178)
	at java.base/java.lang.ClassLoader.loadClass(ClassLoader.java:521)
	at java.base/java.lang.Class.forName0(Native Method)
	at java.base/java.lang.Class.forName(Class.java:398)
	at jdk.scripting.nashorn/jdk.nashorn.internal.runtime.Context.findClass(Context.java:1180)
	at jdk.scripting.nashorn/jdk.nashorn.internal.objects.NativeJava.simpleType(NativeJava.java:546)
	at jdk.scripting.nashorn/jdk.nashorn.internal.objects.NativeJava.type(NativeJava.java:326)
	at jdk.scripting.nashorn/jdk.nashorn.internal.objects.NativeJava.type(NativeJava.java:318)
	at jdk.scripting.nashorn/jdk.nashorn.internal.objects.NativeJava.type(NativeJava.java:314)
	at jdk.scripting.nashorn.scripts/jdk.nashorn.internal.scripts.Script$Recompilation$539$require.L:1(/home/travis/build/icyphy/ptII/ptolemy/actor/lib/jjs/external/require.js#409:30<eval>:48)
	at jdk.scripting.nashorn.scripts/jdk.nashorn.internal.scripts.Script$Recompilation$449$require.L:45#_require(/home/travis/build/icyphy/ptII/ptolemy/actor/lib/jjs/external/require.js:429)
	at jdk.scripting.nashorn.scripts/jdk.nashorn.internal.scripts.Script$Recompilation$453$21065A$require.L:45#_requireClosure#L:466(/home/travis/build/icyphy/ptII/ptolemy/actor/lib/jjs/external/require.js:467)
	at jdk.scripting.nashorn.scripts/jdk.nashorn.internal.scripts.Script$Recompilation$527$1AAAAAAAAAAAAAA$\^function\_.L:1(<function>:97)
	at jdk.scripting.nashorn.scripts/jdk.nashorn.internal.scripts.Script$Recompilation$526$17933AAAAAA$require$cu1$restOf.L:1#Accessor(/home/travis/build/icyphy/ptII/ptolemy/actor/lib/jjs/external/require.js#409:30<eval>:545)
	at jdk.scripting.nashorn.scripts/jdk.nashorn.internal.scripts.Script$Recompilation$512$2801AAA$\^eval\_.evaluateCode(<eval>:96)
	at jdk.scripting.nashorn/jdk.nashorn.internal.runtime.ScriptFunctionData.invoke(ScriptFunctionData.java:661)
	at jdk.scripting.nashorn/jdk.nashorn.internal.runtime.ScriptFunction.invoke(ScriptFunction.java:513)
	at jdk.scripting.nashorn/jdk.nashorn.internal.runtime.ScriptRuntime.apply(ScriptRuntime.java:527)
	at jdk.scripting.nashorn/jdk.nashorn.api.scripting.ScriptObjectMirror.callMember(ScriptObjectMirror.java:202)
	at jdk.scripting.nashorn/jdk.nashorn.api.scripting.NashornScriptEngine.invokeImpl(NashornScriptEngine.java:393)
	at jdk.scripting.nashorn/jdk.nashorn.api.scripting.NashornScriptEngine.invokeFunction(NashornScriptEngine.java:197)
	at ptolemy.actor.lib.jjs.JavaScript._createEngineAndEvaluateSetup(JavaScript.java:2493)
	at ptolemy.actor.lib.jjs.JavaScript.attributeChanged(JavaScript.java:548)
	at org.terraswarm.accessor.JSAccessor.attributeChanged(JSAccessor.java:312)
	at ptolemy.data.expr.Variable._setTokenAndNotify(Variable.java:2271)
	at ptolemy.data.expr.Variable._evaluate(Variable.java:1873)
	at ptolemy.data.expr.Variable._propagate(Variable.java:1984)
	at ptolemy.data.expr.Variable.validate(Variable.java:1596)
	at ptolemy.moml.MoMLParser.endDocument(MoMLParser.java:867)
	at com.microstar.xml.XmlParser.doParse(XmlParser.java:162)
	at com.microstar.xml.XmlParser.parse(XmlParser.java:132)
	at ptolemy.moml.MoMLParser.parse(MoMLParser.java:1676)
	at ptolemy.moml.MoMLParser.parse(MoMLParser.java:1617)
	at ptolemy.moml.MoMLParser.parse(MoMLParser.java:1792)
	at org.terraswarm.accessor.AccessorLibrary.populate(AccessorLibrary.java:194)
	at ptolemy.moml.EntityLibrary.deepEntityList(EntityLibrary.java:349)
	at ptolemy.kernel.CompositeEntity.deepEntityList(CompositeEntity.java:714)
	at ptolemy.moml.EntityLibrary.deepEntityList(EntityLibrary.java:350)
	at ptolemy.kernel.CompositeEntity.deepEntityList(CompositeEntity.java:714)
	at ptolemy.moml.EntityLibrary.deepEntityList(EntityLibrary.java:350)
	at ptolemy.kernel.CompositeEntity.deepEntityList(CompositeEntity.java:714)
	at ptolemy.kernel.CompositeEntity.deepEntityList(CompositeEntity.java:714)
	at ptolemy.kernel.CompositeEntity.allAtomicEntityList(CompositeEntity.java:188)
	at java.base/jdk.internal.reflect.NativeMethodAccessorImpl.invoke0(Native Method)
	at java.base/jdk.internal.reflect.NativeMethodAccessorImpl.invoke(NativeMethodAccessorImpl.java:62)
	at java.base/jdk.internal.reflect.DelegatingMethodAccessorImpl.invoke(DelegatingMethodAccessorImpl.java:43)
	at java.base/java.lang.reflect.Method.invoke(Method.java:566)
	at tcl.lang.reflect.PkgInvoker.invokeMethod(PkgInvoker.java:129)
	at tcl.lang.JavaInvoke.call(JavaInvoke.java:253)
	at tcl.lang.JavaInvoke.callMethod(JavaInvoke.java:116)
	at tcl.lang.ReflectObject.cmdProc(ReflectObject.java:727)
	at tcl.lang.Parser.evalObjv(Parser.java:740)
	at tcl.lang.Parser.eval2(Parser.java:1138)
	at tcl.lang.Parser.evalTokens(Parser.java:930)
	at tcl.lang.Parser.eval2(Parser.java:1125)
	at tcl.lang.Interp.eval(Interp.java:1782)
	at tcl.lang.Interp.eval(Interp.java:1841)
	at tcl.lang.UplevelCmd.cmdProc(UplevelCmd.java:93)
	at tcl.lang.Parser.evalObjv(Parser.java:740)
	at tcl.lang.Parser.eval2(Parser.java:1138)
	at tcl.lang.Interp.eval(Interp.java:1782)
	at tcl.lang.Interp.eval(Interp.java:1841)
	at tcl.lang.CatchCmd.cmdProc(CatchCmd.java:42)
	at tcl.lang.Parser.evalObjv(Parser.java:740)
	at tcl.lang.Parser.eval2(Parser.java:1138)
	at tcl.lang.Parser.evalTokens(Parser.java:930)
	at tcl.lang.Parser.eval2(Parser.java:1125)
	at tcl.lang.Procedure.cmdProc(Procedure.java:175)
	at tcl.lang.Parser.evalObjv(Parser.java:740)
	at tcl.lang.Parser.eval2(Parser.java:1138)
	at tcl.lang.Interp.eval(Interp.java:1782)
	at tcl.lang.Interp.eval(Interp.java:1841)
	at tcl.lang.ForeachCmd.cmdProc(ForeachCmd.java:116)
	at tcl.lang.AutoloadStub.cmdProc(Extension.java:144)
	at tcl.lang.Parser.evalObjv(Parser.java:740)
	at tcl.lang.Parser.eval2(Parser.java:1138)
	at tcl.lang.Interp.eval(Interp.java:1782)
	at tcl.lang.Interp.evalFile(Interp.java:1880)
	at java.base/jdk.internal.reflect.NativeMethodAccessorImpl.invoke0(Native Method)
	at java.base/jdk.internal.reflect.NativeMethodAccessorImpl.invoke(NativeMethodAccessorImpl.java:62)
	at java.base/jdk.internal.reflect.DelegatingMethodAccessorImpl.invoke(DelegatingMethodAccessorImpl.java:43)
	at java.base/java.lang.reflect.Method.invoke(Method.java:566)
	at ptolemy.util.test.junit.TclTests.RunTclFile(TclTests.java:233)
	at java.base/jdk.internal.reflect.NativeMethodAccessorImpl.invoke0(Native Method)
	at java.base/jdk.internal.reflect.NativeMethodAccessorImpl.invoke(NativeMethodAccessorImpl.java:62)
	at java.base/jdk.internal.reflect.DelegatingMethodAccessorImpl.invoke(DelegatingMethodAccessorImpl.java:43)
	at java.base/java.lang.reflect.Method.invoke(Method.java:566)
	at org.junit.runners.model.FrameworkMethod$1.runReflectiveCall(FrameworkMethod.java:44)
	at org.junit.internal.runners.model.ReflectiveCallable.run(ReflectiveCallable.java:15)
	at org.junit.runners.model.FrameworkMethod.invokeExplosively(FrameworkMethod.java:41)
	at junitparams.internal.InvokeParameterisedMethod.evaluate(InvokeParameterisedMethod.java:102)
	at junitparams.internal.ParameterisedTestMethodRunner.runMethodInvoker(ParameterisedTestMethodRunner.java:47)
	at junitparams.internal.ParameterisedTestMethodRunner.runTestMethod(ParameterisedTestMethodRunner.java:41)
	at junitparams.internal.ParameterisedTestClassRunner.runParameterisedTest(ParameterisedTestClassRunner.java:143)
	at junitparams.JUnitParamsRunner.runChild(JUnitParamsRunner.java:237)
	at junitparams.JUnitParamsRunner.runChild(JUnitParamsRunner.java:215)
	at org.junit.runners.ParentRunner$3.run(ParentRunner.java:193)
	at org.junit.runners.ParentRunner$1.schedule(ParentRunner.java:52)
	at org.junit.runners.ParentRunner.runChildren(ParentRunner.java:191)
	at org.junit.runners.ParentRunner.access$000(ParentRunner.java:42)
	at org.junit.runners.ParentRunner$2.evaluate(ParentRunner.java:184)
	at org.junit.internal.runners.statements.RunAfters.evaluate(RunAfters.java:31)
	at org.junit.runners.ParentRunner.run(ParentRunner.java:236)
	at org.junit.runners.Suite.runChild(Suite.java:128)
	at org.junit.runners.Suite.runChild(Suite.java:24)
	at org.junit.runners.ParentRunner$3.run(ParentRunner.java:193)
	at org.junit.runners.ParentRunner$1.schedule(ParentRunner.java:52)
	at org.junit.runners.ParentRunner.runChildren(ParentRunner.java:191)
	at org.junit.runners.ParentRunner.access$000(ParentRunner.java:42)
	at org.junit.runners.ParentRunner$2.evaluate(ParentRunner.java:184)
	at org.junit.runners.ParentRunner.run(ParentRunner.java:236)
	at junit.framework.JUnit4TestAdapter.run(JUnit4TestAdapter.java:39)
	at org.apache.tools.ant.taskdefs.optional.junit.JUnitTestRunner.run(JUnitTestRunner.java:535)
	at org.apache.tools.ant.taskdefs.optional.junit.JUnitTestRunner.launch(JUnitTestRunner.java:1182)
	at org.apache.tools.ant.taskdefs.optional.junit.JUnitTestRunner.main(JUnitTestRunner.java:1033)
 in /home/travis/build/icyphy/ptII/ptolemy/actor/lib/jjs/external/require.js at line number 454 at column number 12
	at org.terraswarm.accessor.AccessorLibrary.populate(AccessorLibrary.java:224)
	... 80 more
Caused by: ptolemy.kernel.util.IllegalActionException: Error evaluating expression:
// Copyright (c) 2015-2017 The Regents of the University of California.
...
  in .configuration.actor library.MoreLibraries.Accessors.audio.AudioCapture.script
Because:
Failed to evaluate script.
  in .configuration.actor library.MoreLibraries.Accessors.audio.AudioCapture
Because:
Error: Error executing module audio line #undefined : ptolemy.actor.lib.jjs.modules.audio.AudioHelper
In file: /home/travis/build/icyphy/ptII/ptolemy/actor/lib/jjs/modules/audio/audio.js

java.lang.ClassNotFoundException: ptolemy.actor.lib.jjs.modules.audio.AudioHelper
	at java.base/jdk.internal.loader.BuiltinClassLoader.loadClass(BuiltinClassLoader.java:583)
	at java.base/jdk.internal.loader.ClassLoaders$AppClassLoader.loadClass(ClassLoaders.java:178)
	at java.base/java.lang.ClassLoader.loadClass(ClassLoader.java:521)
	at java.base/java.lang.Class.forName0(Native Method)
	at java.base/java.lang.Class.forName(Class.java:398)
	at jdk.scripting.nashorn/jdk.nashorn.internal.runtime.Context.findClass(Context.java:1180)
	at jdk.scripting.nashorn/jdk.nashorn.internal.objects.NativeJava.simpleType(NativeJava.java:546)
	at jdk.scripting.nashorn/jdk.nashorn.internal.objects.NativeJava.type(NativeJava.java:326)
	at jdk.scripting.nashorn/jdk.nashorn.internal.objects.NativeJava.type(NativeJava.java:318)
	at jdk.scripting.nashorn/jdk.nashorn.internal.objects.NativeJava.type(NativeJava.java:314)
	at jdk.scripting.nashorn.scripts/jdk.nashorn.internal.scripts.Script$Recompilation$539$require.L:1(/home/travis/build/icyphy/ptII/ptolemy/actor/lib/jjs/external/require.js#409:30<eval>:48)
	at jdk.scripting.nashorn.scripts/jdk.nashorn.internal.scripts.Script$Recompilation$449$require.L:45#_require(/home/travis/build/icyphy/ptII/ptolemy/actor/lib/jjs/external/require.js:429)
	at jdk.scripting.nashorn.scripts/jdk.nashorn.internal.scripts.Script$Recompilation$453$21065A$require.L:45#_requireClosure#L:466(/home/travis/build/icyphy/ptII/ptolemy/actor/lib/jjs/external/require.js:467)
	at jdk.scripting.nashorn.scripts/jdk.nashorn.internal.scripts.Script$Recompilation$527$1AAAAAAAAAAAAAA$\^function\_.L:1(<function>:97)
	at jdk.scripting.nashorn.scripts/jdk.nashorn.internal.scripts.Script$Recompilation$526$17933AAAAAA$require$cu1$restOf.L:1#Accessor(/home/travis/build/icyphy/ptII/ptolemy/actor/lib/jjs/external/require.js#409:30<eval>:545)
	at jdk.scripting.nashorn.scripts/jdk.nashorn.internal.scripts.Script$Recompilation$512$2801AAA$\^eval\_.evaluateCode(<eval>:96)
	at jdk.scripting.nashorn/jdk.nashorn.internal.runtime.ScriptFunctionData.invoke(ScriptFunctionData.java:661)
	at jdk.scripting.nashorn/jdk.nashorn.internal.runtime.ScriptFunction.invoke(ScriptFunction.java:513)
	at jdk.scripting.nashorn/jdk.nashorn.internal.runtime.ScriptRuntime.apply(ScriptRuntime.java:527)
	at jdk.scripting.nashorn/jdk.nashorn.api.scripting.ScriptObjectMirror.callMember(ScriptObjectMirror.java:202)
	at jdk.scripting.nashorn/jdk.nashorn.api.scripting.NashornScriptEngine.invokeImpl(NashornScriptEngine.java:393)
	at jdk.scripting.nashorn/jdk.nashorn.api.scripting.NashornScriptEngine.invokeFunction(NashornScriptEngine.java:197)
	at ptolemy.actor.lib.jjs.JavaScript._createEngineAndEvaluateSetup(JavaScript.java:2493)
	at ptolemy.actor.lib.jjs.JavaScript.attributeChanged(JavaScript.java:548)
	at org.terraswarm.accessor.JSAccessor.attributeChanged(JSAccessor.java:312)
	at ptolemy.data.expr.Variable._setTokenAndNotify(Variable.java:2271)
	at ptolemy.data.expr.Variable._evaluate(Variable.java:1873)
	at ptolemy.data.expr.Variable._propagate(Variable.java:1984)
	at ptolemy.data.expr.Variable.validate(Variable.java:1596)
	at ptolemy.moml.MoMLParser.endDocument(MoMLParser.java:867)
	at com.microstar.xml.XmlParser.doParse(XmlParser.java:162)
	at com.microstar.xml.XmlParser.parse(XmlParser.java:132)
	at ptolemy.moml.MoMLParser.parse(MoMLParser.java:1676)
	at ptolemy.moml.MoMLParser.parse(MoMLParser.java:1617)
	at ptolemy.moml.MoMLParser.parse(MoMLParser.java:1792)
	at org.terraswarm.accessor.AccessorLibrary.populate(AccessorLibrary.java:194)
	at ptolemy.moml.EntityLibrary.deepEntityList(EntityLibrary.java:349)
	at ptolemy.kernel.CompositeEntity.deepEntityList(CompositeEntity.java:714)
	at ptolemy.moml.EntityLibrary.deepEntityList(EntityLibrary.java:350)
	at ptolemy.kernel.CompositeEntity.deepEntityList(CompositeEntity.java:714)
	at ptolemy.moml.EntityLibrary.deepEntityList(EntityLibrary.java:350)
	at ptolemy.kernel.CompositeEntity.deepEntityList(CompositeEntity.java:714)
	at ptolemy.kernel.CompositeEntity.deepEntityList(CompositeEntity.java:714)
	at ptolemy.kernel.CompositeEntity.allAtomicEntityList(CompositeEntity.java:188)
	at java.base/jdk.internal.reflect.NativeMethodAccessorImpl.invoke0(Native Method)
	at java.base/jdk.internal.reflect.NativeMethodAccessorImpl.invoke(NativeMethodAccessorImpl.java:62)
	at java.base/jdk.internal.reflect.DelegatingMethodAccessorImpl.invoke(DelegatingMethodAccessorImpl.java:43)
	at java.base/java.lang.reflect.Method.invoke(Method.java:566)
	at tcl.lang.reflect.PkgInvoker.invokeMethod(PkgInvoker.java:129)
	at tcl.lang.JavaInvoke.call(JavaInvoke.java:253)
	at tcl.lang.JavaInvoke.callMethod(JavaInvoke.java:116)
	at tcl.lang.ReflectObject.cmdProc(ReflectObject.java:727)
	at tcl.lang.Parser.evalObjv(Parser.java:740)
	at tcl.lang.Parser.eval2(Parser.java:1138)
	at tcl.lang.Parser.evalTokens(Parser.java:930)
	at tcl.lang.Parser.eval2(Parser.java:1125)
	at tcl.lang.Interp.eval(Interp.java:1782)
	at tcl.lang.Interp.eval(Interp.java:1841)
	at tcl.lang.UplevelCmd.cmdProc(UplevelCmd.java:93)
	at tcl.lang.Parser.evalObjv(Parser.java:740)
	at tcl.lang.Parser.eval2(Parser.java:1138)
	at tcl.lang.Interp.eval(Interp.java:1782)
	at tcl.lang.Interp.eval(Interp.java:1841)
	at tcl.lang.CatchCmd.cmdProc(CatchCmd.java:42)
	at tcl.lang.Parser.evalObjv(Parser.java:740)
	at tcl.lang.Parser.eval2(Parser.java:1138)
	at tcl.lang.Parser.evalTokens(Parser.java:930)
	at tcl.lang.Parser.eval2(Parser.java:1125)
	at tcl.lang.Procedure.cmdProc(Procedure.java:175)
	at tcl.lang.Parser.evalObjv(Parser.java:740)
	at tcl.lang.Parser.eval2(Parser.java:1138)
	at tcl.lang.Interp.eval(Interp.java:1782)
	at tcl.lang.Interp.eval(Interp.java:1841)
	at tcl.lang.ForeachCmd.cmdProc(ForeachCmd.java:116)
	at tcl.lang.AutoloadStub.cmdProc(Extension.java:144)
	at tcl.lang.Parser.evalObjv(Parser.java:740)
	at tcl.lang.Parser.eval2(Parser.java:1138)
	at tcl.lang.Interp.eval(Interp.java:1782)
	at tcl.lang.Interp.evalFile(Interp.java:1880)
	at java.base/jdk.internal.reflect.NativeMethodAccessorImpl.invoke0(Native Method)
	at java.base/jdk.internal.reflect.NativeMethodAccessorImpl.invoke(NativeMethodAccessorImpl.java:62)
	at java.base/jdk.internal.reflect.DelegatingMethodAccessorImpl.invoke(DelegatingMethodAccessorImpl.java:43)
	at java.base/java.lang.reflect.Method.invoke(Method.java:566)
	at ptolemy.util.test.junit.TclTests.RunTclFile(TclTests.java:233)
	at java.base/jdk.internal.reflect.NativeMethodAccessorImpl.invoke0(Native Method)
	at java.base/jdk.internal.reflect.NativeMethodAccessorImpl.invoke(NativeMethodAccessorImpl.java:62)
	at java.base/jdk.internal.reflect.DelegatingMethodAccessorImpl.invoke(DelegatingMethodAccessorImpl.java:43)
	at java.base/java.lang.reflect.Method.invoke(Method.java:566)
	at org.junit.runners.model.FrameworkMethod$1.runReflectiveCall(FrameworkMethod.java:44)
	at org.junit.internal.runners.model.ReflectiveCallable.run(ReflectiveCallable.java:15)
	at org.junit.runners.model.FrameworkMethod.invokeExplosively(FrameworkMethod.java:41)
	at junitparams.internal.InvokeParameterisedMethod.evaluate(InvokeParameterisedMethod.java:102)
	at junitparams.internal.ParameterisedTestMethodRunner.runMethodInvoker(ParameterisedTestMethodRunner.java:47)
	at junitparams.internal.ParameterisedTestMethodRunner.runTestMethod(ParameterisedTestMethodRunner.java:41)
	at junitparams.internal.ParameterisedTestClassRunner.runParameterisedTest(ParameterisedTestClassRunner.java:143)
	at junitparams.JUnitParamsRunner.runChild(JUnitParamsRunner.java:237)
	at junitparams.JUnitParamsRunner.runChild(JUnitParamsRunner.java:215)
	at org.junit.runners.ParentRunner$3.run(ParentRunner.java:193)
	at org.junit.runners.ParentRunner$1.schedule(ParentRunner.java:52)
	at org.junit.runners.ParentRunner.runChildren(ParentRunner.java:191)
	at org.junit.runners.ParentRunner.access$000(ParentRunner.java:42)
	at org.junit.runners.ParentRunner$2.evaluate(ParentRunner.java:184)
	at org.junit.internal.runners.statements.RunAfters.evaluate(RunAfters.java:31)
	at org.junit.runners.ParentRunner.run(ParentRunner.java:236)
	at org.junit.runners.Suite.runChild(Suite.java:128)
	at org.junit.runners.Suite.runChild(Suite.java:24)
	at org.junit.runners.ParentRunner$3.run(ParentRunner.java:193)
	at org.junit.runners.ParentRunner$1.schedule(ParentRunner.java:52)
	at org.junit.runners.ParentRunner.runChildren(ParentRunner.java:191)
	at org.junit.runners.ParentRunner.access$000(ParentRunner.java:42)
	at org.junit.runners.ParentRunner$2.evaluate(ParentRunner.java:184)
	at org.junit.runners.ParentRunner.run(ParentRunner.java:236)
	at junit.framework.JUnit4TestAdapter.run(JUnit4TestAdapter.java:39)
	at org.apache.tools.ant.taskdefs.optional.junit.JUnitTestRunner.run(JUnitTestRunner.java:535)
	at org.apache.tools.ant.taskdefs.optional.junit.JUnitTestRunner.launch(JUnitTestRunner.java:1182)
	at org.apache.tools.ant.taskdefs.optional.junit.JUnitTestRunner.main(JUnitTestRunner.java:1033)
 in /home/travis/build/icyphy/ptII/ptolemy/actor/lib/jjs/external/require.js at line number 454 at column number 12
  in .configuration.actor library.MoreLibraries.Accessors.audio.AudioCapture.script
Because:
Error evaluating expression:
// Copyright (c) 2015-2017 The Regents of the University of California.
...
  in .configuration.actor library.MoreLibraries.Accessors.audio.AudioCapture.script
Because:
Failed to evaluate script.
  in .configuration.actor library.MoreLibraries.Accessors.audio.AudioCapture
Because:
Error: Error executing module audio line #undefined : ptolemy.actor.lib.jjs.modules.audio.AudioHelper
In file: /home/travis/build/icyphy/ptII/ptolemy/actor/lib/jjs/modules/audio/audio.js

java.lang.ClassNotFoundException: ptolemy.actor.lib.jjs.modules.audio.AudioHelper
	at java.base/jdk.internal.loader.BuiltinClassLoader.loadClass(BuiltinClassLoader.java:583)
	at java.base/jdk.internal.loader.ClassLoaders$AppClassLoader.loadClass(ClassLoaders.java:178)
	at java.base/java.lang.ClassLoader.loadClass(ClassLoader.java:521)
	at java.base/java.lang.Class.forName0(Native Method)
	at java.base/java.lang.Class.forName(Class.java:398)
	at jdk.scripting.nashorn/jdk.nashorn.internal.runtime.Context.findClass(Context.java:1180)
	at jdk.scripting.nashorn/jdk.nashorn.internal.objects.NativeJava.simpleType(NativeJava.java:546)
	at jdk.scripting.nashorn/jdk.nashorn.internal.objects.NativeJava.type(NativeJava.java:326)
	at jdk.scripting.nashorn/jdk.nashorn.internal.objects.NativeJava.type(NativeJava.java:318)
	at jdk.scripting.nashorn/jdk.nashorn.internal.objects.NativeJava.type(NativeJava.java:314)
	at jdk.scripting.nashorn.scripts/jdk.nashorn.internal.scripts.Script$Recompilation$539$require.L:1(/home/travis/build/icyphy/ptII/ptolemy/actor/lib/jjs/external/require.js#409:30<eval>:48)
	at jdk.scripting.nashorn.scripts/jdk.nashorn.internal.scripts.Script$Recompilation$449$require.L:45#_require(/home/travis/build/icyphy/ptII/ptolemy/actor/lib/jjs/external/require.js:429)
	at jdk.scripting.nashorn.scripts/jdk.nashorn.internal.scripts.Script$Recompilation$453$21065A$require.L:45#_requireClosure#L:466(/home/travis/build/icyphy/ptII/ptolemy/actor/lib/jjs/external/require.js:467)
	at jdk.scripting.nashorn.scripts/jdk.nashorn.internal.scripts.Script$Recompilation$527$1AAAAAAAAAAAAAA$\^function\_.L:1(<function>:97)
	at jdk.scripting.nashorn.scripts/jdk.nashorn.internal.scripts.Script$Recompilation$526$17933AAAAAA$require$cu1$restOf.L:1#Accessor(/home/travis/build/icyphy/ptII/ptolemy/actor/lib/jjs/external/require.js#409:30<eval>:545)
	at jdk.scripting.nashorn.scripts/jdk.nashorn.internal.scripts.Script$Recompilation$512$2801AAA$\^eval\_.evaluateCode(<eval>:96)
	at jdk.scripting.nashorn/jdk.nashorn.internal.runtime.ScriptFunctionData.invoke(ScriptFunctionData.java:661)
	at jdk.scripting.nashorn/jdk.nashorn.internal.runtime.ScriptFunction.invoke(ScriptFunction.java:513)
	at jdk.scripting.nashorn/jdk.nashorn.internal.runtime.ScriptRuntime.apply(ScriptRuntime.java:527)
	at jdk.scripting.nashorn/jdk.nashorn.api.scripting.ScriptObjectMirror.callMember(ScriptObjectMirror.java:202)
	at jdk.scripting.nashorn/jdk.nashorn.api.scripting.NashornScriptEngine.invokeImpl(NashornScriptEngine.java:393)
	at jdk.scripting.nashorn/jdk.nashorn.api.scripting.NashornScriptEngine.invokeFunction(NashornScriptEngine.java:197)
	at ptolemy.actor.lib.jjs.JavaScript._createEngineAndEvaluateSetup(JavaScript.java:2493)
	at ptolemy.actor.lib.jjs.JavaScript.attributeChanged(JavaScript.java:548)
	at org.terraswarm.accessor.JSAccessor.attributeChanged(JSAccessor.java:312)
	at ptolemy.data.expr.Variable._setTokenAndNotify(Variable.java:2271)
	at ptolemy.data.expr.Variable._evaluate(Variable.java:1873)
	at ptolemy.data.expr.Variable._propagate(Variable.java:1984)
	at ptolemy.data.expr.Variable.validate(Variable.java:1596)
	at ptolemy.moml.MoMLParser.endDocument(MoMLParser.java:867)
	at com.microstar.xml.XmlParser.doParse(XmlParser.java:162)
	at com.microstar.xml.XmlParser.parse(XmlParser.java:132)
	at ptolemy.moml.MoMLParser.parse(MoMLParser.java:1676)
	at ptolemy.moml.MoMLParser.parse(MoMLParser.java:1617)
	at ptolemy.moml.MoMLParser.parse(MoMLParser.java:1792)
	at org.terraswarm.accessor.AccessorLibrary.populate(AccessorLibrary.java:194)
	at ptolemy.moml.EntityLibrary.deepEntityList(EntityLibrary.java:349)
	at ptolemy.kernel.CompositeEntity.deepEntityList(CompositeEntity.java:714)
	at ptolemy.moml.EntityLibrary.deepEntityList(EntityLibrary.java:350)
	at ptolemy.kernel.CompositeEntity.deepEntityList(CompositeEntity.java:714)
	at ptolemy.moml.EntityLibrary.deepEntityList(EntityLibrary.java:350)
	at ptolemy.kernel.CompositeEntity.deepEntityList(CompositeEntity.java:714)
	at ptolemy.kernel.CompositeEntity.deepEntityList(CompositeEntity.java:714)
	at ptolemy.kernel.CompositeEntity.allAtomicEntityList(CompositeEntity.java:188)
	at java.base/jdk.internal.reflect.NativeMethodAccessorImpl.invoke0(Native Method)
	at java.base/jdk.internal.reflect.NativeMethodAccessorImpl.invoke(NativeMethodAccessorImpl.java:62)
	at java.base/jdk.internal.reflect.DelegatingMethodAccessorImpl.invoke(DelegatingMethodAccessorImpl.java:43)
	at java.base/java.lang.reflect.Method.invoke(Method.java:566)
	at tcl.lang.reflect.PkgInvoker.invokeMethod(PkgInvoker.java:129)
	at tcl.lang.JavaInvoke.call(JavaInvoke.java:253)
	at tcl.lang.JavaInvoke.callMethod(JavaInvoke.java:116)
	at tcl.lang.ReflectObject.cmdProc(ReflectObject.java:727)
	at tcl.lang.Parser.evalObjv(Parser.java:740)
	at tcl.lang.Parser.eval2(Parser.java:1138)
	at tcl.lang.Parser.evalTokens(Parser.java:930)
	at tcl.lang.Parser.eval2(Parser.java:1125)
	at tcl.lang.Interp.eval(Interp.java:1782)
	at tcl.lang.Interp.eval(Interp.java:1841)
	at tcl.lang.UplevelCmd.cmdProc(UplevelCmd.java:93)
	at tcl.lang.Parser.evalObjv(Parser.java:740)
	at tcl.lang.Parser.eval2(Parser.java:1138)
	at tcl.lang.Interp.eval(Interp.java:1782)
	at tcl.lang.Interp.eval(Interp.java:1841)
	at tcl.lang.CatchCmd.cmdProc(CatchCmd.java:42)
	at tcl.lang.Parser.evalObjv(Parser.java:740)
	at tcl.lang.Parser.eval2(Parser.java:1138)
	at tcl.lang.Parser.evalTokens(Parser.java:930)
	at tcl.lang.Parser.eval2(Parser.java:1125)
	at tcl.lang.Procedure.cmdProc(Procedure.java:175)
	at tcl.lang.Parser.evalObjv(Parser.java:740)
	at tcl.lang.Parser.eval2(Parser.java:1138)
	at tcl.lang.Interp.eval(Interp.java:1782)
	at tcl.lang.Interp.eval(Interp.java:1841)
	at tcl.lang.ForeachCmd.cmdProc(ForeachCmd.java:116)
	at tcl.lang.AutoloadStub.cmdProc(Extension.java:144)
	at tcl.lang.Parser.evalObjv(Parser.java:740)
	at tcl.lang.Parser.eval2(Parser.java:1138)
	at tcl.lang.Interp.eval(Interp.java:1782)
	at tcl.lang.Interp.evalFile(Interp.java:1880)
	at java.base/jdk.internal.reflect.NativeMethodAccessorImpl.invoke0(Native Method)
	at java.base/jdk.internal.reflect.NativeMethodAccessorImpl.invoke(NativeMethodAccessorImpl.java:62)
	at java.base/jdk.internal.reflect.DelegatingMethodAccessorImpl.invoke(DelegatingMethodAccessorImpl.java:43)
	at java.base/java.lang.reflect.Method.invoke(Method.java:566)
	at ptolemy.util.test.junit.TclTests.RunTclFile(TclTests.java:233)
	at java.base/jdk.internal.reflect.NativeMethodAccessorImpl.invoke0(Native Method)
	at java.base/jdk.internal.reflect.NativeMethodAccessorImpl.invoke(NativeMethodAccessorImpl.java:62)
	at java.base/jdk.internal.reflect.DelegatingMethodAccessorImpl.invoke(DelegatingMethodAccessorImpl.java:43)
	at java.base/java.lang.reflect.Method.invoke(Method.java:566)
	at org.junit.runners.model.FrameworkMethod$1.runReflectiveCall(FrameworkMethod.java:44)
	at org.junit.internal.runners.model.ReflectiveCallable.run(ReflectiveCallable.java:15)
	at org.junit.runners.model.FrameworkMethod.invokeExplosively(FrameworkMethod.java:41)
	at junitparams.internal.InvokeParameterisedMethod.evaluate(InvokeParameterisedMethod.java:102)
	at junitparams.internal.ParameterisedTestMethodRunner.runMethodInvoker(ParameterisedTestMethodRunner.java:47)
	at junitparams.internal.ParameterisedTestMethodRunner.runTestMethod(ParameterisedTestMethodRunner.java:41)
	at junitparams.internal.ParameterisedTestClassRunner.runParameterisedTest(ParameterisedTestClassRunner.java:143)
	at junitparams.JUnitParamsRunner.runChild(JUnitParamsRunner.java:237)
	at junitparams.JUnitParamsRunner.runChild(JUnitParamsRunner.java:215)
	at org.junit.runners.ParentRunner$3.run(ParentRunner.java:193)
	at org.junit.runners.ParentRunner$1.schedule(ParentRunner.java:52)
	at org.junit.runners.ParentRunner.runChildren(ParentRunner.java:191)
	at org.junit.runners.ParentRunner.access$000(ParentRunner.java:42)
	at org.junit.runners.ParentRunner$2.evaluate(ParentRunner.java:184)
	at org.junit.internal.runners.statements.RunAfters.evaluate(RunAfters.java:31)
	at org.junit.runners.ParentRunner.run(ParentRunner.java:236)
	at org.junit.runners.Suite.runChild(Suite.java:128)
	at org.junit.runners.Suite.runChild(Suite.java:24)
	at org.junit.runners.ParentRunner$3.run(ParentRunner.java:193)
	at org.junit.runners.ParentRunner$1.schedule(ParentRunner.java:52)
	at org.junit.runners.ParentRunner.runChildren(ParentRunner.java:191)
	at org.junit.runners.ParentRunner.access$000(ParentRunner.java:42)
	at org.junit.runners.ParentRunner$2.evaluate(ParentRunner.java:184)
	at org.junit.runners.ParentRunner.run(ParentRunner.java:236)
	at junit.framework.JUnit4TestAdapter.run(JUnit4TestAdapter.java:39)
	at org.apache.tools.ant.taskdefs.optional.junit.JUnitTestRunner.run(JUnitTestRunner.java:535)
	at org.apache.tools.ant.taskdefs.optional.junit.JUnitTestRunner.launch(JUnitTestRunner.java:1182)
	at org.apache.tools.ant.taskdefs.optional.junit.JUnitTestRunner.main(JUnitTestRunner.java:1033)
 in /home/travis/build/icyphy/ptII/ptolemy/actor/lib/jjs/external/require.js at line number 454 at column number 12
	at ptolemy.data.expr.Variable.validate(Variable.java:1619)
	at ptolemy.moml.MoMLParser.endDocument(MoMLParser.java:867)
	at com.microstar.xml.XmlParser.doParse(XmlParser.java:162)
	at com.microstar.xml.XmlParser.parse(XmlParser.java:132)
	at ptolemy.moml.MoMLParser.parse(MoMLParser.java:1676)
	at ptolemy.moml.MoMLParser.parse(MoMLParser.java:1617)
	at ptolemy.moml.MoMLParser.parse(MoMLParser.java:1792)
	at org.terraswarm.accessor.AccessorLibrary.populate(AccessorLibrary.java:194)
	... 80 more
Caused by: ptolemy.kernel.util.IllegalActionException: Error evaluating expression:
// Copyright (c) 2015-2017 The Regents of the University of California.
...
  in .configuration.actor library.MoreLibraries.Accessors.audio.AudioCapture.script
Because:
Failed to evaluate script.
  in .configuration.actor library.MoreLibraries.Accessors.audio.AudioCapture
Because:
Error: Error executing module audio line #undefined : ptolemy.actor.lib.jjs.modules.audio.AudioHelper
In file: /home/travis/build/icyphy/ptII/ptolemy/actor/lib/jjs/modules/audio/audio.js

java.lang.ClassNotFoundException: ptolemy.actor.lib.jjs.modules.audio.AudioHelper
	at java.base/jdk.internal.loader.BuiltinClassLoader.loadClass(BuiltinClassLoader.java:583)
	at java.base/jdk.internal.loader.ClassLoaders$AppClassLoader.loadClass(ClassLoaders.java:178)
	at java.base/java.lang.ClassLoader.loadClass(ClassLoader.java:521)
	at java.base/java.lang.Class.forName0(Native Method)
	at java.base/java.lang.Class.forName(Class.java:398)
	at jdk.scripting.nashorn/jdk.nashorn.internal.runtime.Context.findClass(Context.java:1180)
	at jdk.scripting.nashorn/jdk.nashorn.internal.objects.NativeJava.simpleType(NativeJava.java:546)
	at jdk.scripting.nashorn/jdk.nashorn.internal.objects.NativeJava.type(NativeJava.java:326)
	at jdk.scripting.nashorn/jdk.nashorn.internal.objects.NativeJava.type(NativeJava.java:318)
	at jdk.scripting.nashorn/jdk.nashorn.internal.objects.NativeJava.type(NativeJava.java:314)
	at jdk.scripting.nashorn.scripts/jdk.nashorn.internal.scripts.Script$Recompilation$539$require.L:1(/home/travis/build/icyphy/ptII/ptolemy/actor/lib/jjs/external/require.js#409:30<eval>:48)
	at jdk.scripting.nashorn.scripts/jdk.nashorn.internal.scripts.Script$Recompilation$449$require.L:45#_require(/home/travis/build/icyphy/ptII/ptolemy/actor/lib/jjs/external/require.js:429)
	at jdk.scripting.nashorn.scripts/jdk.nashorn.internal.scripts.Script$Recompilation$453$21065A$require.L:45#_requireClosure#L:466(/home/travis/build/icyphy/ptII/ptolemy/actor/lib/jjs/external/require.js:467)
	at jdk.scripting.nashorn.scripts/jdk.nashorn.internal.scripts.Script$Recompilation$527$1AAAAAAAAAAAAAA$\^function\_.L:1(<function>:97)
	at jdk.scripting.nashorn.scripts/jdk.nashorn.internal.scripts.Script$Recompilation$526$17933AAAAAA$require$cu1$restOf.L:1#Accessor(/home/travis/build/icyphy/ptII/ptolemy/actor/lib/jjs/external/require.js#409:30<eval>:545)
	at jdk.scripting.nashorn.scripts/jdk.nashorn.internal.scripts.Script$Recompilation$512$2801AAA$\^eval\_.evaluateCode(<eval>:96)
	at jdk.scripting.nashorn/jdk.nashorn.internal.runtime.ScriptFunctionData.invoke(ScriptFunctionData.java:661)
	at jdk.scripting.nashorn/jdk.nashorn.internal.runtime.ScriptFunction.invoke(ScriptFunction.java:513)
	at jdk.scripting.nashorn/jdk.nashorn.internal.runtime.ScriptRuntime.apply(ScriptRuntime.java:527)
	at jdk.scripting.nashorn/jdk.nashorn.api.scripting.ScriptObjectMirror.callMember(ScriptObjectMirror.java:202)
	at jdk.scripting.nashorn/jdk.nashorn.api.scripting.NashornScriptEngine.invokeImpl(NashornScriptEngine.java:393)
	at jdk.scripting.nashorn/jdk.nashorn.api.scripting.NashornScriptEngine.invokeFunction(NashornScriptEngine.java:197)
	at ptolemy.actor.lib.jjs.JavaScript._createEngineAndEvaluateSetup(JavaScript.java:2493)
	at ptolemy.actor.lib.jjs.JavaScript.attributeChanged(JavaScript.java:548)
	at org.terraswarm.accessor.JSAccessor.attributeChanged(JSAccessor.java:312)
	at ptolemy.data.expr.Variable._setTokenAndNotify(Variable.java:2271)
	at ptolemy.data.expr.Variable._evaluate(Variable.java:1873)
	at ptolemy.data.expr.Variable._propagate(Variable.java:1984)
	at ptolemy.data.expr.Variable.validate(Variable.java:1596)
	at ptolemy.moml.MoMLParser.endDocument(MoMLParser.java:867)
	at com.microstar.xml.XmlParser.doParse(XmlParser.java:162)
	at com.microstar.xml.XmlParser.parse(XmlParser.java:132)
	at ptolemy.moml.MoMLParser.parse(MoMLParser.java:1676)
	at ptolemy.moml.MoMLParser.parse(MoMLParser.java:1617)
	at ptolemy.moml.MoMLParser.parse(MoMLParser.java:1792)
	at org.terraswarm.accessor.AccessorLibrary.populate(AccessorLibrary.java:194)
	at ptolemy.moml.EntityLibrary.deepEntityList(EntityLibrary.java:349)
	at ptolemy.kernel.CompositeEntity.deepEntityList(CompositeEntity.java:714)
	at ptolemy.moml.EntityLibrary.deepEntityList(EntityLibrary.java:350)
	at ptolemy.kernel.CompositeEntity.deepEntityList(CompositeEntity.java:714)
	at ptolemy.moml.EntityLibrary.deepEntityList(EntityLibrary.java:350)
	at ptolemy.kernel.CompositeEntity.deepEntityList(CompositeEntity.java:714)
	at ptolemy.kernel.CompositeEntity.deepEntityList(CompositeEntity.java:714)
	at ptolemy.kernel.CompositeEntity.allAtomicEntityList(CompositeEntity.java:188)
	at java.base/jdk.internal.reflect.NativeMethodAccessorImpl.invoke0(Native Method)
	at java.base/jdk.internal.reflect.NativeMethodAccessorImpl.invoke(NativeMethodAccessorImpl.java:62)
	at java.base/jdk.internal.reflect.DelegatingMethodAccessorImpl.invoke(DelegatingMethodAccessorImpl.java:43)
	at java.base/java.lang.reflect.Method.invoke(Method.java:566)
	at tcl.lang.reflect.PkgInvoker.invokeMethod(PkgInvoker.java:129)
	at tcl.lang.JavaInvoke.call(JavaInvoke.java:253)
	at tcl.lang.JavaInvoke.callMethod(JavaInvoke.java:116)
	at tcl.lang.ReflectObject.cmdProc(ReflectObject.java:727)
	at tcl.lang.Parser.evalObjv(Parser.java:740)
	at tcl.lang.Parser.eval2(Parser.java:1138)
	at tcl.lang.Parser.evalTokens(Parser.java:930)
	at tcl.lang.Parser.eval2(Parser.java:1125)
	at tcl.lang.Interp.eval(Interp.java:1782)
	at tcl.lang.Interp.eval(Interp.java:1841)
	at tcl.lang.UplevelCmd.cmdProc(UplevelCmd.java:93)
	at tcl.lang.Parser.evalObjv(Parser.java:740)
	at tcl.lang.Parser.eval2(Parser.java:1138)
	at tcl.lang.Interp.eval(Interp.java:1782)
	at tcl.lang.Interp.eval(Interp.java:1841)
	at tcl.lang.CatchCmd.cmdProc(CatchCmd.java:42)
	at tcl.lang.Parser.evalObjv(Parser.java:740)
	at tcl.lang.Parser.eval2(Parser.java:1138)
	at tcl.lang.Parser.evalTokens(Parser.java:930)
	at tcl.lang.Parser.eval2(Parser.java:1125)
	at tcl.lang.Procedure.cmdProc(Procedure.java:175)
	at tcl.lang.Parser.evalObjv(Parser.java:740)
	at tcl.lang.Parser.eval2(Parser.java:1138)
	at tcl.lang.Interp.eval(Interp.java:1782)
	at tcl.lang.Interp.eval(Interp.java:1841)
	at tcl.lang.ForeachCmd.cmdProc(ForeachCmd.java:116)
	at tcl.lang.AutoloadStub.cmdProc(Extension.java:144)
	at tcl.lang.Parser.evalObjv(Parser.java:740)
	at tcl.lang.Parser.eval2(Parser.java:1138)
	at tcl.lang.Interp.eval(Interp.java:1782)
	at tcl.lang.Interp.evalFile(Interp.java:1880)
	at java.base/jdk.internal.reflect.NativeMethodAccessorImpl.invoke0(Native Method)
	at java.base/jdk.internal.reflect.NativeMethodAccessorImpl.invoke(NativeMethodAccessorImpl.java:62)
	at java.base/jdk.internal.reflect.DelegatingMethodAccessorImpl.invoke(DelegatingMethodAccessorImpl.java:43)
	at java.base/java.lang.reflect.Method.invoke(Method.java:566)
	at ptolemy.util.test.junit.TclTests.RunTclFile(TclTests.java:233)
	at java.base/jdk.internal.reflect.NativeMethodAccessorImpl.invoke0(Native Method)
	at java.base/jdk.internal.reflect.NativeMethodAccessorImpl.invoke(NativeMethodAccessorImpl.java:62)
	at java.base/jdk.internal.reflect.DelegatingMethodAccessorImpl.invoke(DelegatingMethodAccessorImpl.java:43)
	at java.base/java.lang.reflect.Method.invoke(Method.java:566)
	at org.junit.runners.model.FrameworkMethod$1.runReflectiveCall(FrameworkMethod.java:44)
	at org.junit.internal.runners.model.ReflectiveCallable.run(ReflectiveCallable.java:15)
	at org.junit.runners.model.FrameworkMethod.invokeExplosively(FrameworkMethod.java:41)
	at junitparams.internal.InvokeParameterisedMethod.evaluate(InvokeParameterisedMethod.java:102)
	at junitparams.internal.ParameterisedTestMethodRunner.runMethodInvoker(ParameterisedTestMethodRunner.java:47)
	at junitparams.internal.ParameterisedTestMethodRunner.runTestMethod(ParameterisedTestMethodRunner.java:41)
	at junitparams.internal.ParameterisedTestClassRunner.runParameterisedTest(ParameterisedTestClassRunner.java:143)
	at junitparams.JUnitParamsRunner.runChild(JUnitParamsRunner.java:237)
	at junitparams.JUnitParamsRunner.runChild(JUnitParamsRunner.java:215)
	at org.junit.runners.ParentRunner$3.run(ParentRunner.java:193)
	at org.junit.runners.ParentRunner$1.schedule(ParentRunner.java:52)
	at org.junit.runners.ParentRunner.runChildren(ParentRunner.java:191)
	at org.junit.runners.ParentRunner.access$000(ParentRunner.java:42)
	at org.junit.runners.ParentRunner$2.evaluate(ParentRunner.java:184)
	at org.junit.internal.runners.statements.RunAfters.evaluate(RunAfters.java:31)
	at org.junit.runners.ParentRunner.run(ParentRunner.java:236)
	at org.junit.runners.Suite.runChild(Suite.java:128)
	at org.junit.runners.Suite.runChild(Suite.java:24)
	at org.junit.runners.ParentRunner$3.run(ParentRunner.java:193)
	at org.junit.runners.ParentRunner$1.schedule(ParentRunner.java:52)
	at org.junit.runners.ParentRunner.runChildren(ParentRunner.java:191)
	at org.junit.runners.ParentRunner.access$000(ParentRunner.java:42)
	at org.junit.runners.ParentRunner$2.evaluate(ParentRunner.java:184)
	at org.junit.runners.ParentRunner.run(ParentRunner.java:236)
	at junit.framework.JUnit4TestAdapter.run(JUnit4TestAdapter.java:39)
	at org.apache.tools.ant.taskdefs.optional.junit.JUnitTestRunner.run(JUnitTestRunner.java:535)
	at org.apache.tools.ant.taskdefs.optional.junit.JUnitTestRunner.launch(JUnitTestRunner.java:1182)
	at org.apache.tools.ant.taskdefs.optional.junit.JUnitTestRunner.main(JUnitTestRunner.java:1033)
 in /home/travis/build/icyphy/ptII/ptolemy/actor/lib/jjs/external/require.js at line number 454 at column number 12
	at ptolemy.data.expr.Variable._evaluate(Variable.java:1891)
	at ptolemy.data.expr.Variable._propagate(Variable.java:1984)
	at ptolemy.data.expr.Variable.validate(Variable.java:1596)
	... 87 more
Caused by: ptolemy.kernel.util.IllegalActionException: Failed to evaluate script.
  in .configuration.actor library.MoreLibraries.Accessors.audio.AudioCapture
Because:
Error: Error executing module audio line #undefined : ptolemy.actor.lib.jjs.modules.audio.AudioHelper
In file: /home/travis/build/icyphy/ptII/ptolemy/actor/lib/jjs/modules/audio/audio.js

java.lang.ClassNotFoundException: ptolemy.actor.lib.jjs.modules.audio.AudioHelper
	at java.base/jdk.internal.loader.BuiltinClassLoader.loadClass(BuiltinClassLoader.java:583)
	at java.base/jdk.internal.loader.ClassLoaders$AppClassLoader.loadClass(ClassLoaders.java:178)
	at java.base/java.lang.ClassLoader.loadClass(ClassLoader.java:521)
	at java.base/java.lang.Class.forName0(Native Method)
	at java.base/java.lang.Class.forName(Class.java:398)
	at jdk.scripting.nashorn/jdk.nashorn.internal.runtime.Context.findClass(Context.java:1180)
	at jdk.scripting.nashorn/jdk.nashorn.internal.objects.NativeJava.simpleType(NativeJava.java:546)
	at jdk.scripting.nashorn/jdk.nashorn.internal.objects.NativeJava.type(NativeJava.java:326)
	at jdk.scripting.nashorn/jdk.nashorn.internal.objects.NativeJava.type(NativeJava.java:318)
	at jdk.scripting.nashorn/jdk.nashorn.internal.objects.NativeJava.type(NativeJava.java:314)
	at jdk.scripting.nashorn.scripts/jdk.nashorn.internal.scripts.Script$Recompilation$539$require.L:1(/home/travis/build/icyphy/ptII/ptolemy/actor/lib/jjs/external/require.js#409:30<eval>:48)
	at jdk.scripting.nashorn.scripts/jdk.nashorn.internal.scripts.Script$Recompilation$449$require.L:45#_require(/home/travis/build/icyphy/ptII/ptolemy/actor/lib/jjs/external/require.js:429)
	at jdk.scripting.nashorn.scripts/jdk.nashorn.internal.scripts.Script$Recompilation$453$21065A$require.L:45#_requireClosure#L:466(/home/travis/build/icyphy/ptII/ptolemy/actor/lib/jjs/external/require.js:467)
	at jdk.scripting.nashorn.scripts/jdk.nashorn.internal.scripts.Script$Recompilation$527$1AAAAAAAAAAAAAA$\^function\_.L:1(<function>:97)
	at jdk.scripting.nashorn.scripts/jdk.nashorn.internal.scripts.Script$Recompilation$526$17933AAAAAA$require$cu1$restOf.L:1#Accessor(/home/travis/build/icyphy/ptII/ptolemy/actor/lib/jjs/external/require.js#409:30<eval>:545)
	at jdk.scripting.nashorn.scripts/jdk.nashorn.internal.scripts.Script$Recompilation$512$2801AAA$\^eval\_.evaluateCode(<eval>:96)
	at jdk.scripting.nashorn/jdk.nashorn.internal.runtime.ScriptFunctionData.invoke(ScriptFunctionData.java:661)
	at jdk.scripting.nashorn/jdk.nashorn.internal.runtime.ScriptFunction.invoke(ScriptFunction.java:513)
	at jdk.scripting.nashorn/jdk.nashorn.internal.runtime.ScriptRuntime.apply(ScriptRuntime.java:527)
	at jdk.scripting.nashorn/jdk.nashorn.api.scripting.ScriptObjectMirror.callMember(ScriptObjectMirror.java:202)
	at jdk.scripting.nashorn/jdk.nashorn.api.scripting.NashornScriptEngine.invokeImpl(NashornScriptEngine.java:393)
	at jdk.scripting.nashorn/jdk.nashorn.api.scripting.NashornScriptEngine.invokeFunction(NashornScriptEngine.java:197)
	at ptolemy.actor.lib.jjs.JavaScript._createEngineAndEvaluateSetup(JavaScript.java:2493)
	at ptolemy.actor.lib.jjs.JavaScript.attributeChanged(JavaScript.java:548)
	at org.terraswarm.accessor.JSAccessor.attributeChanged(JSAccessor.java:312)
	at ptolemy.data.expr.Variable._setTokenAndNotify(Variable.java:2271)
	at ptolemy.data.expr.Variable._evaluate(Variable.java:1873)
	at ptolemy.data.expr.Variable._propagate(Variable.java:1984)
	at ptolemy.data.expr.Variable.validate(Variable.java:1596)
	at ptolemy.moml.MoMLParser.endDocument(MoMLParser.java:867)
	at com.microstar.xml.XmlParser.doParse(XmlParser.java:162)
	at com.microstar.xml.XmlParser.parse(XmlParser.java:132)
	at ptolemy.moml.MoMLParser.parse(MoMLParser.java:1676)
	at ptolemy.moml.MoMLParser.parse(MoMLParser.java:1617)
	at ptolemy.moml.MoMLParser.parse(MoMLParser.java:1792)
	at org.terraswarm.accessor.AccessorLibrary.populate(AccessorLibrary.java:194)
	at ptolemy.moml.EntityLibrary.deepEntityList(EntityLibrary.java:349)
	at ptolemy.kernel.CompositeEntity.deepEntityList(CompositeEntity.java:714)
	at ptolemy.moml.EntityLibrary.deepEntityList(EntityLibrary.java:350)
	at ptolemy.kernel.CompositeEntity.deepEntityList(CompositeEntity.java:714)
	at ptolemy.moml.EntityLibrary.deepEntityList(EntityLibrary.java:350)
	at ptolemy.kernel.CompositeEntity.deepEntityList(CompositeEntity.java:714)
	at ptolemy.kernel.CompositeEntity.deepEntityList(CompositeEntity.java:714)
	at ptolemy.kernel.CompositeEntity.allAtomicEntityList(CompositeEntity.java:188)
	at java.base/jdk.internal.reflect.NativeMethodAccessorImpl.invoke0(Native Method)
	at java.base/jdk.internal.reflect.NativeMethodAccessorImpl.invoke(NativeMethodAccessorImpl.java:62)
	at java.base/jdk.internal.reflect.DelegatingMethodAccessorImpl.invoke(DelegatingMethodAccessorImpl.java:43)
	at java.base/java.lang.reflect.Method.invoke(Method.java:566)
	at tcl.lang.reflect.PkgInvoker.invokeMethod(PkgInvoker.java:129)
	at tcl.lang.JavaInvoke.call(JavaInvoke.java:253)
	at tcl.lang.JavaInvoke.callMethod(JavaInvoke.java:116)
	at tcl.lang.ReflectObject.cmdProc(ReflectObject.java:727)
	at tcl.lang.Parser.evalObjv(Parser.java:740)
	at tcl.lang.Parser.eval2(Parser.java:1138)
	at tcl.lang.Parser.evalTokens(Parser.java:930)
	at tcl.lang.Parser.eval2(Parser.java:1125)
	at tcl.lang.Interp.eval(Interp.java:1782)
	at tcl.lang.Interp.eval(Interp.java:1841)
	at tcl.lang.UplevelCmd.cmdProc(UplevelCmd.java:93)
	at tcl.lang.Parser.evalObjv(Parser.java:740)
	at tcl.lang.Parser.eval2(Parser.java:1138)
	at tcl.lang.Interp.eval(Interp.java:1782)
	at tcl.lang.Interp.eval(Interp.java:1841)
	at tcl.lang.CatchCmd.cmdProc(CatchCmd.java:42)
	at tcl.lang.Parser.evalObjv(Parser.java:740)
	at tcl.lang.Parser.eval2(Parser.java:1138)
	at tcl.lang.Parser.evalTokens(Parser.java:930)
	at tcl.lang.Parser.eval2(Parser.java:1125)
	at tcl.lang.Procedure.cmdProc(Procedure.java:175)
	at tcl.lang.Parser.evalObjv(Parser.java:740)
	at tcl.lang.Parser.eval2(Parser.java:1138)
	at tcl.lang.Interp.eval(Interp.java:1782)
	at tcl.lang.Interp.eval(Interp.java:1841)
	at tcl.lang.ForeachCmd.cmdProc(ForeachCmd.java:116)
	at tcl.lang.AutoloadStub.cmdProc(Extension.java:144)
	at tcl.lang.Parser.evalObjv(Parser.java:740)
	at tcl.lang.Parser.eval2(Parser.java:1138)
	at tcl.lang.Interp.eval(Interp.java:1782)
	at tcl.lang.Interp.evalFile(Interp.java:1880)
	at java.base/jdk.internal.reflect.NativeMethodAccessorImpl.invoke0(Native Method)
	at java.base/jdk.internal.reflect.NativeMethodAccessorImpl.invoke(NativeMethodAccessorImpl.java:62)
	at java.base/jdk.internal.reflect.DelegatingMethodAccessorImpl.invoke(DelegatingMethodAccessorImpl.java:43)
	at java.base/java.lang.reflect.Method.invoke(Method.java:566)
	at ptolemy.util.test.junit.TclTests.RunTclFile(TclTests.java:233)
	at java.base/jdk.internal.reflect.NativeMethodAccessorImpl.invoke0(Native Method)
	at java.base/jdk.internal.reflect.NativeMethodAccessorImpl.invoke(NativeMethodAccessorImpl.java:62)
	at java.base/jdk.internal.reflect.DelegatingMethodAccessorImpl.invoke(DelegatingMethodAccessorImpl.java:43)
	at java.base/java.lang.reflect.Method.invoke(Method.java:566)
	at org.junit.runners.model.FrameworkMethod$1.runReflectiveCall(FrameworkMethod.java:44)
	at org.junit.internal.runners.model.ReflectiveCallable.run(ReflectiveCallable.java:15)
	at org.junit.runners.model.FrameworkMethod.invokeExplosively(FrameworkMethod.java:41)
	at junitparams.internal.InvokeParameterisedMethod.evaluate(InvokeParameterisedMethod.java:102)
	at junitparams.internal.ParameterisedTestMethodRunner.runMethodInvoker(ParameterisedTestMethodRunner.java:47)
	at junitparams.internal.ParameterisedTestMethodRunner.runTestMethod(ParameterisedTestMethodRunner.java:41)
	at junitparams.internal.ParameterisedTestClassRunner.runParameterisedTest(ParameterisedTestClassRunner.java:143)
	at junitparams.JUnitParamsRunner.runChild(JUnitParamsRunner.java:237)
	at junitparams.JUnitParamsRunner.runChild(JUnitParamsRunner.java:215)
	at org.junit.runners.ParentRunner$3.run(ParentRunner.java:193)
	at org.junit.runners.ParentRunner$1.schedule(ParentRunner.java:52)
	at org.junit.runners.ParentRunner.runChildren(ParentRunner.java:191)
	at org.junit.runners.ParentRunner.access$000(ParentRunner.java:42)
	at org.junit.runners.ParentRunner$2.evaluate(ParentRunner.java:184)
	at org.junit.internal.runners.statements.RunAfters.evaluate(RunAfters.java:31)
	at org.junit.runners.ParentRunner.run(ParentRunner.java:236)
	at org.junit.runners.Suite.runChild(Suite.java:128)
	at org.junit.runners.Suite.runChild(Suite.java:24)
	at org.junit.runners.ParentRunner$3.run(ParentRunner.java:193)
	at org.junit.runners.ParentRunner$1.schedule(ParentRunner.java:52)
	at org.junit.runners.ParentRunner.runChildren(ParentRunner.java:191)
	at org.junit.runners.ParentRunner.access$000(ParentRunner.java:42)
	at org.junit.runners.ParentRunner$2.evaluate(ParentRunner.java:184)
	at org.junit.runners.ParentRunner.run(ParentRunner.java:236)
	at junit.framework.JUnit4TestAdapter.run(JUnit4TestAdapter.java:39)
	at org.apache.tools.ant.taskdefs.optional.junit.JUnitTestRunner.run(JUnitTestRunner.java:535)
	at org.apache.tools.ant.taskdefs.optional.junit.JUnitTestRunner.launch(JUnitTestRunner.java:1182)
	at org.apache.tools.ant.taskdefs.optional.junit.JUnitTestRunner.main(JUnitTestRunner.java:1033)
 in /home/travis/build/icyphy/ptII/ptolemy/actor/lib/jjs/external/require.js at line number 454 at column number 12
	at ptolemy.actor.lib.jjs.JavaScript._createEngineAndEvaluateSetup(JavaScript.java:2497)
	at ptolemy.actor.lib.jjs.JavaScript.attributeChanged(JavaScript.java:548)
	at org.terraswarm.accessor.JSAccessor.attributeChanged(JSAccessor.java:312)
	at ptolemy.data.expr.Variable._setTokenAndNotify(Variable.java:2271)
	at ptolemy.data.expr.Variable._evaluate(Variable.java:1873)
	... 89 more
Caused by: javax.script.ScriptException: Error: Error executing module audio line #undefined : ptolemy.actor.lib.jjs.modules.audio.AudioHelper
In file: /home/travis/build/icyphy/ptII/ptolemy/actor/lib/jjs/modules/audio/audio.js

java.lang.ClassNotFoundException: ptolemy.actor.lib.jjs.modules.audio.AudioHelper
	at java.base/jdk.internal.loader.BuiltinClassLoader.loadClass(BuiltinClassLoader.java:583)
	at java.base/jdk.internal.loader.ClassLoaders$AppClassLoader.loadClass(ClassLoaders.java:178)
	at java.base/java.lang.ClassLoader.loadClass(ClassLoader.java:521)
	at java.base/java.lang.Class.forName0(Native Method)
	at java.base/java.lang.Class.forName(Class.java:398)
	at jdk.scripting.nashorn/jdk.nashorn.internal.runtime.Context.findClass(Context.java:1180)
	at jdk.scripting.nashorn/jdk.nashorn.internal.objects.NativeJava.simpleType(NativeJava.java:546)
	at jdk.scripting.nashorn/jdk.nashorn.internal.objects.NativeJava.type(NativeJava.java:326)
	at jdk.scripting.nashorn/jdk.nashorn.internal.objects.NativeJava.type(NativeJava.java:318)
	at jdk.scripting.nashorn/jdk.nashorn.internal.objects.NativeJava.type(NativeJava.java:314)
	at jdk.scripting.nashorn.scripts/jdk.nashorn.internal.scripts.Script$Recompilation$539$require.L:1(/home/travis/build/icyphy/ptII/ptolemy/actor/lib/jjs/external/require.js#409:30<eval>:48)
	at jdk.scripting.nashorn.scripts/jdk.nashorn.internal.scripts.Script$Recompilation$449$require.L:45#_require(/home/travis/build/icyphy/ptII/ptolemy/actor/lib/jjs/external/require.js:429)
	at jdk.scripting.nashorn.scripts/jdk.nashorn.internal.scripts.Script$Recompilation$453$21065A$require.L:45#_requireClosure#L:466(/home/travis/build/icyphy/ptII/ptolemy/actor/lib/jjs/external/require.js:467)
	at jdk.scripting.nashorn.scripts/jdk.nashorn.internal.scripts.Script$Recompilation$527$1AAAAAAAAAAAAAA$\^function\_.L:1(<function>:97)
	at jdk.scripting.nashorn.scripts/jdk.nashorn.internal.scripts.Script$Recompilation$526$17933AAAAAA$require$cu1$restOf.L:1#Accessor(/home/travis/build/icyphy/ptII/ptolemy/actor/lib/jjs/external/require.js#409:30<eval>:545)
	at jdk.scripting.nashorn.scripts/jdk.nashorn.internal.scripts.Script$Recompilation$512$2801AAA$\^eval\_.evaluateCode(<eval>:96)
	at jdk.scripting.nashorn/jdk.nashorn.internal.runtime.ScriptFunctionData.invoke(ScriptFunctionData.java:661)
	at jdk.scripting.nashorn/jdk.nashorn.internal.runtime.ScriptFunction.invoke(ScriptFunction.java:513)
	at jdk.scripting.nashorn/jdk.nashorn.internal.runtime.ScriptRuntime.apply(ScriptRuntime.java:527)
	at jdk.scripting.nashorn/jdk.nashorn.api.scripting.ScriptObjectMirror.callMember(ScriptObjectMirror.java:202)
	at jdk.scripting.nashorn/jdk.nashorn.api.scripting.NashornScriptEngine.invokeImpl(NashornScriptEngine.java:393)
	at jdk.scripting.nashorn/jdk.nashorn.api.scripting.NashornScriptEngine.invokeFunction(NashornScriptEngine.java:197)
	at ptolemy.actor.lib.jjs.JavaScript._createEngineAndEvaluateSetup(JavaScript.java:2493)
	at ptolemy.actor.lib.jjs.JavaScript.attributeChanged(JavaScript.java:548)
	at org.terraswarm.accessor.JSAccessor.attributeChanged(JSAccessor.java:312)
	at ptolemy.data.expr.Variable._setTokenAndNotify(Variable.java:2271)
	at ptolemy.data.expr.Variable._evaluate(Variable.java:1873)
	at ptolemy.data.expr.Variable._propagate(Variable.java:1984)
	at ptolemy.data.expr.Variable.validate(Variable.java:1596)
	at ptolemy.moml.MoMLParser.endDocument(MoMLParser.java:867)
	at com.microstar.xml.XmlParser.doParse(XmlParser.java:162)
	at com.microstar.xml.XmlParser.parse(XmlParser.java:132)
	at ptolemy.moml.MoMLParser.parse(MoMLParser.java:1676)
	at ptolemy.moml.MoMLParser.parse(MoMLParser.java:1617)
	at ptolemy.moml.MoMLParser.parse(MoMLParser.java:1792)
	at org.terraswarm.accessor.AccessorLibrary.populate(AccessorLibrary.java:194)
	at ptolemy.moml.EntityLibrary.deepEntityList(EntityLibrary.java:349)
	at ptolemy.kernel.CompositeEntity.deepEntityList(CompositeEntity.java:714)
	at ptolemy.moml.EntityLibrary.deepEntityList(EntityLibrary.java:350)
	at ptolemy.kernel.CompositeEntity.deepEntityList(CompositeEntity.java:714)
	at ptolemy.moml.EntityLibrary.deepEntityList(EntityLibrary.java:350)
	at ptolemy.kernel.CompositeEntity.deepEntityList(CompositeEntity.java:714)
	at ptolemy.kernel.CompositeEntity.deepEntityList(CompositeEntity.java:714)
	at ptolemy.kernel.CompositeEntity.allAtomicEntityList(CompositeEntity.java:188)
	at java.base/jdk.internal.reflect.NativeMethodAccessorImpl.invoke0(Native Method)
	at java.base/jdk.internal.reflect.NativeMethodAccessorImpl.invoke(NativeMethodAccessorImpl.java:62)
	at java.base/jdk.internal.reflect.DelegatingMethodAccessorImpl.invoke(DelegatingMethodAccessorImpl.java:43)
	at java.base/java.lang.reflect.Method.invoke(Method.java:566)
	at tcl.lang.reflect.PkgInvoker.invokeMethod(PkgInvoker.java:129)
	at tcl.lang.JavaInvoke.call(JavaInvoke.java:253)
	at tcl.lang.JavaInvoke.callMethod(JavaInvoke.java:116)
	at tcl.lang.ReflectObject.cmdProc(ReflectObject.java:727)
	at tcl.lang.Parser.evalObjv(Parser.java:740)
	at tcl.lang.Parser.eval2(Parser.java:1138)
	at tcl.lang.Parser.evalTokens(Parser.java:930)
	at tcl.lang.Parser.eval2(Parser.java:1125)
	at tcl.lang.Interp.eval(Interp.java:1782)
	at tcl.lang.Interp.eval(Interp.java:1841)
	at tcl.lang.UplevelCmd.cmdProc(UplevelCmd.java:93)
	at tcl.lang.Parser.evalObjv(Parser.java:740)
	at tcl.lang.Parser.eval2(Parser.java:1138)
	at tcl.lang.Interp.eval(Interp.java:1782)
	at tcl.lang.Interp.eval(Interp.java:1841)
	at tcl.lang.CatchCmd.cmdProc(CatchCmd.java:42)
	at tcl.lang.Parser.evalObjv(Parser.java:740)
	at tcl.lang.Parser.eval2(Parser.java:1138)
	at tcl.lang.Parser.evalTokens(Parser.java:930)
	at tcl.lang.Parser.eval2(Parser.java:1125)
	at tcl.lang.Procedure.cmdProc(Procedure.java:175)
	at tcl.lang.Parser.evalObjv(Parser.java:740)
	at tcl.lang.Parser.eval2(Parser.java:1138)
	at tcl.lang.Interp.eval(Interp.java:1782)
	at tcl.lang.Interp.eval(Interp.java:1841)
	at tcl.lang.ForeachCmd.cmdProc(ForeachCmd.java:116)
	at tcl.lang.AutoloadStub.cmdProc(Extension.java:144)
	at tcl.lang.Parser.evalObjv(Parser.java:740)
	at tcl.lang.Parser.eval2(Parser.java:1138)
	at tcl.lang.Interp.eval(Interp.java:1782)
	at tcl.lang.Interp.evalFile(Interp.java:1880)
	at java.base/jdk.internal.reflect.NativeMethodAccessorImpl.invoke0(Native Method)
	at java.base/jdk.internal.reflect.NativeMethodAccessorImpl.invoke(NativeMethodAccessorImpl.java:62)
	at java.base/jdk.internal.reflect.DelegatingMethodAccessorImpl.invoke(DelegatingMethodAccessorImpl.java:43)
	at java.base/java.lang.reflect.Method.invoke(Method.java:566)
	at ptolemy.util.test.junit.TclTests.RunTclFile(TclTests.java:233)
	at java.base/jdk.internal.reflect.NativeMethodAccessorImpl.invoke0(Native Method)
	at java.base/jdk.internal.reflect.NativeMethodAccessorImpl.invoke(NativeMethodAccessorImpl.java:62)
	at java.base/jdk.internal.reflect.DelegatingMethodAccessorImpl.invoke(DelegatingMethodAccessorImpl.java:43)
	at java.base/java.lang.reflect.Method.invoke(Method.java:566)
	at org.junit.runners.model.FrameworkMethod$1.runReflectiveCall(FrameworkMethod.java:44)
	at org.junit.internal.runners.model.ReflectiveCallable.run(ReflectiveCallable.java:15)
	at org.junit.runners.model.FrameworkMethod.invokeExplosively(FrameworkMethod.java:41)
	at junitparams.internal.InvokeParameterisedMethod.evaluate(InvokeParameterisedMethod.java:102)
	at junitparams.internal.ParameterisedTestMethodRunner.runMethodInvoker(ParameterisedTestMethodRunner.java:47)
	at junitparams.internal.ParameterisedTestMethodRunner.runTestMethod(ParameterisedTestMethodRunner.java:41)
	at junitparams.internal.ParameterisedTestClassRunner.runParameterisedTest(ParameterisedTestClassRunner.java:143)
	at junitparams.JUnitParamsRunner.runChild(JUnitParamsRunner.java:237)
	at junitparams.JUnitParamsRunner.runChild(JUnitParamsRunner.java:215)
	at org.junit.runners.ParentRunner$3.run(ParentRunner.java:193)
	at org.junit.runners.ParentRunner$1.schedule(ParentRunner.java:52)
	at org.junit.runners.ParentRunner.runChildren(ParentRunner.java:191)
	at org.junit.runners.ParentRunner.access$000(ParentRunner.java:42)
	at org.junit.runners.ParentRunner$2.evaluate(ParentRunner.java:184)
	at org.junit.internal.runners.statements.RunAfters.evaluate(RunAfters.java:31)
	at org.junit.runners.ParentRunner.run(ParentRunner.java:236)
	at org.junit.runners.Suite.runChild(Suite.java:128)
	at org.junit.runners.Suite.runChild(Suite.java:24)
	at org.junit.runners.ParentRunner$3.run(ParentRunner.java:193)
	at org.junit.runners.ParentRunner$1.schedule(ParentRunner.java:52)
	at org.junit.runners.ParentRunner.runChildren(ParentRunner.java:191)
	at org.junit.runners.ParentRunner.access$000(ParentRunner.java:42)
	at org.junit.runners.ParentRunner$2.evaluate(ParentRunner.java:184)
	at org.junit.runners.ParentRunner.run(ParentRunner.java:236)
	at junit.framework.JUnit4TestAdapter.run(JUnit4TestAdapter.java:39)
	at org.apache.tools.ant.taskdefs.optional.junit.JUnitTestRunner.run(JUnitTestRunner.java:535)
	at org.apache.tools.ant.taskdefs.optional.junit.JUnitTestRunner.launch(JUnitTestRunner.java:1182)
	at org.apache.tools.ant.taskdefs.optional.junit.JUnitTestRunner.main(JUnitTestRunner.java:1033)
 in /home/travis/build/icyphy/ptII/ptolemy/actor/lib/jjs/external/require.js at line number 454 at column number 12
	at jdk.scripting.nashorn/jdk.nashorn.api.scripting.NashornScriptEngine.throwAsScriptException(NashornScriptEngine.java:477)
	at jdk.scripting.nashorn/jdk.nashorn.api.scripting.NashornScriptEngine.invokeImpl(NashornScriptEngine.java:399)
	at jdk.scripting.nashorn/jdk.nashorn.api.scripting.NashornScriptEngine.invokeFunction(NashornScriptEngine.java:197)
	at ptolemy.actor.lib.jjs.JavaScript._createEngineAndEvaluateSetup(JavaScript.java:2493)
	... 93 more
Caused by: /home/travis/build/icyphy/ptII/ptolemy/actor/lib/jjs/external/require.js:454:12 Error: Error executing module audio line #undefined : ptolemy.actor.lib.jjs.modules.audio.AudioHelper
In file: /home/travis/build/icyphy/ptII/ptolemy/actor/lib/jjs/modules/audio/audio.js

java.lang.ClassNotFoundException: ptolemy.actor.lib.jjs.modules.audio.AudioHelper
	at java.base/jdk.internal.loader.BuiltinClassLoader.loadClass(BuiltinClassLoader.java:583)
	at java.base/jdk.internal.loader.ClassLoaders$AppClassLoader.loadClass(ClassLoaders.java:178)
	at java.base/java.lang.ClassLoader.loadClass(ClassLoader.java:521)
	at java.base/java.lang.Class.forName0(Native Method)
	at java.base/java.lang.Class.forName(Class.java:398)
	at jdk.scripting.nashorn/jdk.nashorn.internal.runtime.Context.findClass(Context.java:1180)
	at jdk.scripting.nashorn/jdk.nashorn.internal.objects.NativeJava.simpleType(NativeJava.java:546)
	at jdk.scripting.nashorn/jdk.nashorn.internal.objects.NativeJava.type(NativeJava.java:326)
	at jdk.scripting.nashorn/jdk.nashorn.internal.objects.NativeJava.type(NativeJava.java:318)
	at jdk.scripting.nashorn/jdk.nashorn.internal.objects.NativeJava.type(NativeJava.java:314)
	at jdk.scripting.nashorn.scripts/jdk.nashorn.internal.scripts.Script$Recompilation$539$require.L:1(/home/travis/build/icyphy/ptII/ptolemy/actor/lib/jjs/external/require.js#409:30<eval>:48)
	at jdk.scripting.nashorn.scripts/jdk.nashorn.internal.scripts.Script$Recompilation$449$require.L:45#_require(/home/travis/build/icyphy/ptII/ptolemy/actor/lib/jjs/external/require.js:429)
	at jdk.scripting.nashorn.scripts/jdk.nashorn.internal.scripts.Script$Recompilation$453$21065A$require.L:45#_requireClosure#L:466(/home/travis/build/icyphy/ptII/ptolemy/actor/lib/jjs/external/require.js:467)
	at jdk.scripting.nashorn.scripts/jdk.nashorn.internal.scripts.Script$Recompilation$527$1AAAAAAAAAAAAAA$\^function\_.L:1(<function>:97)
	at jdk.scripting.nashorn.scripts/jdk.nashorn.internal.scripts.Script$Recompilation$526$17933AAAAAA$require$cu1$restOf.L:1#Accessor(/home/travis/build/icyphy/ptII/ptolemy/actor/lib/jjs/external/require.js#409:30<eval>:545)
	at jdk.scripting.nashorn.scripts/jdk.nashorn.internal.scripts.Script$Recompilation$512$2801AAA$\^eval\_.evaluateCode(<eval>:96)
	at jdk.scripting.nashorn/jdk.nashorn.internal.runtime.ScriptFunctionData.invoke(ScriptFunctionData.java:661)
	at jdk.scripting.nashorn/jdk.nashorn.internal.runtime.ScriptFunction.invoke(ScriptFunction.java:513)
	at jdk.scripting.nashorn/jdk.nashorn.internal.runtime.ScriptRuntime.apply(ScriptRuntime.java:527)
	at jdk.scripting.nashorn/jdk.nashorn.api.scripting.ScriptObjectMirror.callMember(ScriptObjectMirror.java:202)
	at jdk.scripting.nashorn/jdk.nashorn.api.scripting.NashornScriptEngine.invokeImpl(NashornScriptEngine.java:393)
	at jdk.scripting.nashorn/jdk.nashorn.api.scripting.NashornScriptEngine.invokeFunction(NashornScriptEngine.java:197)
	at ptolemy.actor.lib.jjs.JavaScript._createEngineAndEvaluateSetup(JavaScript.java:2493)
	at ptolemy.actor.lib.jjs.JavaScript.attributeChanged(JavaScript.java:548)
	at org.terraswarm.accessor.JSAccessor.attributeChanged(JSAccessor.java:312)
	at ptolemy.data.expr.Variable._setTokenAndNotify(Variable.java:2271)
	at ptolemy.data.expr.Variable._evaluate(Variable.java:1873)
	at ptolemy.data.expr.Variable._propagate(Variable.java:1984)
	at ptolemy.data.expr.Variable.validate(Variable.java:1596)
	at ptolemy.moml.MoMLParser.endDocument(MoMLParser.java:867)
	at com.microstar.xml.XmlParser.doParse(XmlParser.java:162)
	at com.microstar.xml.XmlParser.parse(XmlParser.java:132)
	at ptolemy.moml.MoMLParser.parse(MoMLParser.java:1676)
	at ptolemy.moml.MoMLParser.parse(MoMLParser.java:1617)
	at ptolemy.moml.MoMLParser.parse(MoMLParser.java:1792)
	at org.terraswarm.accessor.AccessorLibrary.populate(AccessorLibrary.java:194)
	at ptolemy.moml.EntityLibrary.deepEntityList(EntityLibrary.java:349)
	at ptolemy.kernel.CompositeEntity.deepEntityList(CompositeEntity.java:714)
	at ptolemy.moml.EntityLibrary.deepEntityList(EntityLibrary.java:350)
	at ptolemy.kernel.CompositeEntity.deepEntityList(CompositeEntity.java:714)
	at ptolemy.moml.EntityLibrary.deepEntityList(EntityLibrary.java:350)
	at ptolemy.kernel.CompositeEntity.deepEntityList(CompositeEntity.java:714)
	at ptolemy.kernel.CompositeEntity.deepEntityList(CompositeEntity.java:714)
	at ptolemy.kernel.CompositeEntity.allAtomicEntityList(CompositeEntity.java:188)
	at java.base/jdk.internal.reflect.NativeMethodAccessorImpl.invoke0(Native Method)
	at java.base/jdk.internal.reflect.NativeMethodAccessorImpl.invoke(NativeMethodAccessorImpl.java:62)
	at java.base/jdk.internal.reflect.DelegatingMethodAccessorImpl.invoke(DelegatingMethodAccessorImpl.java:43)
	at java.base/java.lang.reflect.Method.invoke(Method.java:566)
	at tcl.lang.reflect.PkgInvoker.invokeMethod(PkgInvoker.java:129)
	at tcl.lang.JavaInvoke.call(JavaInvoke.java:253)
	at tcl.lang.JavaInvoke.callMethod(JavaInvoke.java:116)
	at tcl.lang.ReflectObject.cmdProc(ReflectObject.java:727)
	at tcl.lang.Parser.evalObjv(Parser.java:740)
	at tcl.lang.Parser.eval2(Parser.java:1138)
	at tcl.lang.Parser.evalTokens(Parser.java:930)
	at tcl.lang.Parser.eval2(Parser.java:1125)
	at tcl.lang.Interp.eval(Interp.java:1782)
	at tcl.lang.Interp.eval(Interp.java:1841)
	at tcl.lang.UplevelCmd.cmdProc(UplevelCmd.java:93)
	at tcl.lang.Parser.evalObjv(Parser.java:740)
	at tcl.lang.Parser.eval2(Parser.java:1138)
	at tcl.lang.Interp.eval(Interp.java:1782)
	at tcl.lang.Interp.eval(Interp.java:1841)
	at tcl.lang.CatchCmd.cmdProc(CatchCmd.java:42)
	at tcl.lang.Parser.evalObjv(Parser.java:740)
	at tcl.lang.Parser.eval2(Parser.java:1138)
	at tcl.lang.Parser.evalTokens(Parser.java:930)
	at tcl.lang.Parser.eval2(Parser.java:1125)
	at tcl.lang.Procedure.cmdProc(Procedure.java:175)
	at tcl.lang.Parser.evalObjv(Parser.java:740)
	at tcl.lang.Parser.eval2(Parser.java:1138)
	at tcl.lang.Interp.eval(Interp.java:1782)
	at tcl.lang.Interp.eval(Interp.java:1841)
	at tcl.lang.ForeachCmd.cmdProc(ForeachCmd.java:116)
	at tcl.lang.AutoloadStub.cmdProc(Extension.java:144)
	at tcl.lang.Parser.evalObjv(Parser.java:740)
	at tcl.lang.Parser.eval2(Parser.java:1138)
	at tcl.lang.Interp.eval(Interp.java:1782)
	at tcl.lang.Interp.evalFile(Interp.java:1880)
	at java.base/jdk.internal.reflect.NativeMethodAccessorImpl.invoke0(Native Method)
	at java.base/jdk.internal.reflect.NativeMethodAccessorImpl.invoke(NativeMethodAccessorImpl.java:62)
	at java.base/jdk.internal.reflect.DelegatingMethodAccessorImpl.invoke(DelegatingMethodAccessorImpl.java:43)
	at java.base/java.lang.reflect.Method.invoke(Method.java:566)
	at ptolemy.util.test.junit.TclTests.RunTclFile(TclTests.java:233)
	at java.base/jdk.internal.reflect.NativeMethodAccessorImpl.invoke0(Native Method)
	at java.base/jdk.internal.reflect.NativeMethodAccessorImpl.invoke(NativeMethodAccessorImpl.java:62)
	at java.base/jdk.internal.reflect.DelegatingMethodAccessorImpl.invoke(DelegatingMethodAccessorImpl.java:43)
	at java.base/java.lang.reflect.Method.invoke(Method.java:566)
	at org.junit.runners.model.FrameworkMethod$1.runReflectiveCall(FrameworkMethod.java:44)
	at org.junit.internal.runners.model.ReflectiveCallable.run(ReflectiveCallable.java:15)
	at org.junit.runners.model.FrameworkMethod.invokeExplosively(FrameworkMethod.java:41)
	at junitparams.internal.InvokeParameterisedMethod.evaluate(InvokeParameterisedMethod.java:102)
	at junitparams.internal.ParameterisedTestMethodRunner.runMethodInvoker(ParameterisedTestMethodRunner.java:47)
	at junitparams.internal.ParameterisedTestMethodRunner.runTestMethod(ParameterisedTestMethodRunner.java:41)
	at junitparams.internal.ParameterisedTestClassRunner.runParameterisedTest(ParameterisedTestClassRunner.java:143)
	at junitparams.JUnitParamsRunner.runChild(JUnitParamsRunner.java:237)
	at junitparams.JUnitParamsRunner.runChild(JUnitParamsRunner.java:215)
	at org.junit.runners.ParentRunner$3.run(ParentRunner.java:193)
	at org.junit.runners.ParentRunner$1.schedule(ParentRunner.java:52)
	at org.junit.runners.ParentRunner.runChildren(ParentRunner.java:191)
	at org.junit.runners.ParentRunner.access$000(ParentRunner.java:42)
	at org.junit.runners.ParentRunner$2.evaluate(ParentRunner.java:184)
	at org.junit.internal.runners.statements.RunAfters.evaluate(RunAfters.java:31)
	at org.junit.runners.ParentRunner.run(ParentRunner.java:236)
	at org.junit.runners.Suite.runChild(Suite.java:128)
	at org.junit.runners.Suite.runChild(Suite.java:24)
	at org.junit.runners.ParentRunner$3.run(ParentRunner.java:193)
	at org.junit.runners.ParentRunner$1.schedule(ParentRunner.java:52)
	at org.junit.runners.ParentRunner.runChildren(ParentRunner.java:191)
	at org.junit.runners.ParentRunner.access$000(ParentRunner.java:42)
	at org.junit.runners.ParentRunner$2.evaluate(ParentRunner.java:184)
	at org.junit.runners.ParentRunner.run(ParentRunner.java:236)
	at junit.framework.JUnit4TestAdapter.run(JUnit4TestAd . . .
    while executing
ptolemy.kernel.util.InvalidStateException: Failed to populate Library
  in .configuration.actor library.MoreLibraries.Accessors.audio
Because:
Loading accessor failed: AudioCapture.js
  in .configuration.actor library.MoreLibraries.Accessors.audio
Because:
Error evaluating expression:
// Copyright (c) 2015-2017 The Regents of the University of California.
...
  in .configuration.actor library.MoreLibraries.Accessors.audio.AudioCapture.script
Because:
Failed to evaluate script.
  in .configuration.actor library.MoreLibraries.Accessors.audio.AudioCapture
Because:
Error: Error executing module audio line #undefined : ptolemy.actor.lib.jjs.modules.audio.AudioHelper
In file: /home/travis/build/icyphy/ptII/ptolemy/actor/lib/jjs/modules/audio/audio.js

java.lang.ClassNotFoundException: ptolemy.actor.lib.jjs.modules.audio.AudioHelper
	at java.base/jdk.internal.loader.BuiltinClassLoader.loadClass(BuiltinClassLoader.java:583)
	at java.base/jdk.internal.loader.ClassLoaders$AppClassLoader.loadClass(ClassLoaders.java:178)
	at java.base/java.lang.ClassLoader.loadClass(ClassLoader.java:521)
	at java.base/java.lang.Class.forName0(Native Method)
	at java.base/java.lang.Class.forName(Class.java:398)
	at jdk.scripting.nashorn/jdk.nashorn.internal.runtime.Context.findClass(Context.java:1180)
	at jdk.scripting.nashorn/jdk.nashorn.internal.objects.NativeJava.simpleType(NativeJava.java:546)
	at jdk.scripting.nashorn/jdk.nashorn.internal.objects.NativeJava.type(NativeJava.java:326)
	at jdk.scripting.nashorn/jdk.nashorn.internal.objects.NativeJava.type(NativeJava.java:318)
	at jdk.scripting.nashorn/jdk.nashorn.internal.objects.NativeJava.type(NativeJava.java:314)
	at jdk.scripting.nashorn.scripts/jdk.nashorn.internal.scripts.Script$Recompilation$539$require.L:1(/home/travis/build/icyphy/ptII/ptolemy/actor/lib/jjs/external/require.js#409:30<eval>:48)
	at jdk.scripting.nashorn.scripts/jdk.nashorn.internal.scripts.Script$Recompilation$449$require.L:45#_require(/home/travis/build/icyphy/ptII/ptolemy/actor/lib/jjs/external/require.js:429)
	at jdk.scripting.nashorn.scripts/jdk.nashorn.internal.scripts.Script$Recompilation$453$21065A$require.L:45#_requireClosure#L:466(/home/travis/build/icyphy/ptII/ptolemy/actor/lib/jjs/external/require.js:467)
	at jdk.scripting.nashorn.scripts/jdk.nashorn.internal.scripts.Script$Recompilation$527$1AAAAAAAAAAAAAA$\^function\_.L:1(<function>:97)
	at jdk.scripting.nashorn.scripts/jdk.nashorn.internal.scripts.Script$Recompilation$526$17933AAAAAA$require$cu1$restOf.L:1#Accessor(/home/travis/build/icyphy/ptII/ptolemy/actor/lib/jjs/external/require.js#409:30<eval>:545)
	at jdk.scripting.nashorn.scripts/jdk.nashorn.internal.scripts.Script$Recompilation$512$2801AAA$\^eval\_.evaluateCode(<eval>:96)
	at jdk.scripting.nashorn/jdk.nashorn.internal.runtime.ScriptFunctionData.invoke(ScriptFunctionData.java:661)
	at jdk.scripting.nashorn/jdk.nashorn.internal.runtime.ScriptFunction.invoke(ScriptFunction.java:513)
	at jdk.scripting.nashorn/jdk.nashorn.internal.runtime.ScriptRuntime.apply(ScriptRuntime.java:527)
	at jdk.scripting.nashorn/jdk.nashorn.api.scripting.ScriptObjectMirror.callMember(ScriptObjectMirror.java:202)
	at jdk.scripting.nashorn/jdk.nashorn.api.scripting.NashornScriptEngine.invokeImpl(NashornScriptEngine.java:393)
	at jdk.scripting.nashorn/jdk.nashorn.api.scripting.NashornScriptEngine.invokeFunction(NashornScriptEngine.java:197)
	at ptolemy.actor.lib.jjs.JavaScript._createEngineAndEvaluateSetup(JavaScript.java:2493)
	at ptolemy.actor.lib.jjs.JavaScript.attributeChanged(JavaScript.java:548)
	at org.terraswarm.accessor.JSAccessor.attributeChanged(JSAccessor.java:312)
	at ptolemy.data.expr.Variable._setTokenAndNotify(Variable.java:2271)
	at ptolemy.data.expr.Variable._evaluate(Variable.java:1873)
	at ptolemy.data.expr.Variable._propagate(Variable.java:1984)
	at ptolemy.data.expr.Variable.validate(Variable.java:1596)
	at ptolemy.moml.MoMLParser.endDocument(MoMLParser.java:867)
	at com.microstar.xml.XmlParser.doParse(XmlParser.java:162)
	at com.microstar.xml.XmlParser.parse(XmlParser.java:132)
	at ptolemy.moml.MoMLParser.parse(MoMLParser.java:1676)
	at ptolemy.moml.MoMLParser.parse(MoMLParser.java:1617)
	at ptolemy.moml.MoMLParser.parse(MoMLParser.java:1792)
	at org.terraswarm.accessor.AccessorLibrary.populate(AccessorLibrary.java:194)
	at ptolemy.moml.EntityLibrary.deepEntityList(EntityLibrary.java:349)
	at ptolemy.kernel.CompositeEntity.deepEntityList(CompositeEntity.java:714)
	at ptolemy.moml.EntityLibrary.deepEntityList(EntityLibrary.java:350)
	at ptolemy.kernel.CompositeEntity.deepEntityList(CompositeEntity.java:714)
	at ptolemy.moml.EntityLibrary.deepEntityList(EntityLibrary.java:350)
	at ptolemy.kernel.CompositeEntity.deepEntityList(CompositeEntity.java:714)
	at ptolemy.kernel.CompositeEntity.deepEntityList(CompositeEntity.java:714)
	at ptolemy.kernel.CompositeEntity.allAtomicEntityList(CompositeEntity.java:188)
	at java.base/jdk.internal.reflect.NativeMethodAccessorImpl.invoke0(Native Method)
	at java.base/jdk.internal.reflect.NativeMethodAccessorImpl.invoke(NativeMethodAccessorImpl.java:62)
	at java.base/jdk.internal.reflect.DelegatingMethodAccessorImpl.invoke(DelegatingMethodAccessorImpl.java:43)
	at java.base/java.lang.reflect.Method.invoke(Method.java:566)
	at tcl.lang.reflect.PkgInvoker.invokeMethod(PkgInvoker.java:129)
	at tcl.lang.JavaInvoke.call(JavaInvoke.java:253)
	at tcl.lang.JavaInvoke.callMethod(JavaInvoke.java:116)
	at tcl.lang.ReflectObject.cmdProc(ReflectObject.java:727)
	at tcl.lang.Parser.evalObjv(Parser.java:740)
	at tcl.lang.Parser.eval2(Parser.java:1138)
	at tcl.lang.Parser.evalTokens(Parser.java:930)
	at tcl.lang.Parser.eval2(Parser.java:1125)
	at tcl.lang.Interp.eval(Interp.java:1782)
	at tcl.lang.Interp.eval(Interp.java:1841)
	at tcl.lang.UplevelCmd.cmdProc(UplevelCmd.java:93)
	at tcl.lang.Parser.evalObjv(Parser.java:740)
	at tcl.lang.Parser.eval2(Parser.java:1138)
	at tcl.lang.Interp.eval(Interp.java:1782)
	at tcl.lang.Interp.eval(Interp.java:1841)
	at tcl.lang.CatchCmd.cmdProc(CatchCmd.java:42)
	at tcl.lang.Parser.evalObjv(Parser.java:740)
	at tcl.lang.Parser.eval2(Parser.java:1138)
	at tcl.lang.Parser.evalTokens(Parser.java:930)
	at tcl.lang.Parser.eval2(Parser.java:1125)
	at tcl.lang.Procedure.cmdProc(Procedure.java:175)
	at tcl.lang.Parser.evalObjv(Parser.java:740)
	at tcl.lang.Parser.eval2(Parser.java:1138)
	at tcl.lang.Interp.eval(Interp.java:1782)
	at tcl.lang.Interp.eval(Interp.java:1841)
	at tcl.lang.ForeachCmd.cmdProc(ForeachCmd.java:116)
	at tcl.lang.AutoloadStub.cmdProc(Extension.java:144)
	at tcl.lang.Parser.evalObjv(Parser.java:740)
	at tcl.lang.Parser.eval2(Parser.java:1138)
	at tcl.lang.Interp.eval(Interp.java:1782)
	at tcl.lang.Interp.evalFile(Interp.java:1880)
	at java.base/jdk.internal.reflect.NativeMethodAccessorImpl.invoke0(Native Method)
	at java.base/jdk.internal.reflect.NativeMethodAccessorImpl.invoke(NativeMethodAccessorImpl.java:62)
	at java.base/jdk.internal.reflect.DelegatingMethodAccessorImpl.invoke(DelegatingMethodAccessorImpl.java:43)
	at java.base/java.lang.reflect.Method.invoke(Method.java:566)
	at ptolemy.util.test.junit.TclTests.RunTclFile(TclTests.java:233)
	at java.base/jdk.internal.reflect.NativeMethodAccessorImpl.invoke0(Native Method)
	at java.base/jdk.internal.reflect.NativeMethodAccessorImpl.invoke(NativeMethodAccessorImpl.java:62)
	at java.base/jdk.internal.reflect.DelegatingMethodAccessorImpl.invoke(DelegatingMethodAccessorImpl.java:43)
	at java.base/java.lang.reflect.Method.invoke(Method.java:566)
	at org.junit.runners.model.FrameworkMethod$1.runReflectiveCall(FrameworkMethod.java:44)
	at org.junit.internal.runners.model.ReflectiveCallable.run(ReflectiveCallable.java:15)
	at org.junit.runners.model.FrameworkMethod.invokeExplosively(FrameworkMethod.java:41)
	at junitparams.internal.InvokeParameterisedMethod.evaluate(InvokeParameterisedMethod.java:102)
	at junitparams.internal.ParameterisedTestMethodRunner.runMethodInvoker(ParameterisedTestMethodRunner.java:47)
	at junitparams.internal.ParameterisedTestMethodRunner.runTestMethod(ParameterisedTestMethodRunner.java:41)
	at junitparams.internal.ParameterisedTestClassRunner.runParameterisedTest(ParameterisedTestClassRunner.java:143)
	at junitparams.JUnitParamsRunner.runChild(JUnitParamsRunner.java:237)
	at junitparams.JUnitParamsRunner.runChild(JUnitParamsRunner.java:215)
	at org.junit.runners.ParentRunner$3.run(ParentRunner.java:193)
	at org.junit.runners.ParentRunner$1.schedule(ParentRunner.java:52)
	at org.junit.runners.ParentRunner.runChildren(ParentRunner.java:191)
	at org.junit.runners.ParentRunner.access$000(ParentRunner.java:42)
	at org.junit.runners.ParentRunner$2.evaluate(ParentRunner.java:184)
	at org.junit.internal.runners.statements.RunAfters.evaluate(RunAfters.java:31)
	at org.junit.runners.ParentRunner.run(ParentRunner.java:236)
	at org.junit.runners.Suite.runChild(Suite.java:128)
	at org.junit.runners.Suite.runChild(Suite.java:24)
	at org.junit.runners.ParentRunner$3.run(ParentRunner.java:193)
	at org.junit.runners.ParentRunner$1.schedule(ParentRunner.java:52)
	at org.junit.runners.ParentRunner.runChildren(ParentRunner.java:191)
	at org.junit.runners.ParentRunner.access$000(ParentRunner.java:42)
	at org.junit.runners.ParentRunner$2.evaluate(ParentRunner.java:184)
	at org.junit.runners.ParentRunner.run(ParentRunner.java:236)
	at junit.framework.JUnit4TestAdapter.run(JUnit4TestAdapter.java:39)
	at org.apache.tools.ant.taskdefs.optional.junit.JUnitTestRunner.run(JUnitTestRunner.java:535)
	at org.apache.tools.ant.taskdefs.optional.junit.JUnitTestRunner.launch(JUnitTestRunner.java:1182)
	at org.apache.tools.ant.taskdefs.optional.junit.JUnitTestRunner.main(JUnitTestRunner.java:1033)
 in /home/travis/build/icyphy/ptII/ptolemy/actor/lib/jjs/external/require.js at line number 454 at column number 12
  in .configuration.actor library.MoreLibraries.Accessors.audio.AudioCapture.script
Because:
Error evaluating expression:
// Copyright (c) 2015-2017 The Regents of the University of California.
...
  in .configuration.actor library.MoreLibraries.Accessors.audio.AudioCapture.script
Because:
Failed to evaluate script.
  in .configuration.actor library.MoreLibraries.Accessors.audio.AudioCapture
Because:
Error: Error executing module audio line #undefined : ptolemy.actor.lib.jjs.modules.audio.AudioHelper
In file: /home/travis/build/icyphy/ptII/ptolemy/actor/lib/jjs/modules/audio/audio.js

java.lang.ClassNotFoundException: ptolemy.actor.lib.jjs.modules.audio.AudioHelper
	at java.base/jdk.internal.loader.BuiltinClassLoader.loadClass(BuiltinClassLoader.java:583)
	at java.base/jdk.internal.loader.ClassLoaders$AppClassLoader.loadClass(ClassLoaders.java:178)
	at java.base/java.lang.ClassLoader.loadClass(ClassLoader.java:521)
	at java.base/java.lang.Class.forName0(Native Method)
	at java.base/java.lang.Class.forName(Class.java:398)
	at jdk.scripting.nashorn/jdk.nashorn.internal.runtime.Context.findClass(Context.java:1180)
	at jdk.scripting.nashorn/jdk.nashorn.internal.objects.NativeJava.simpleType(NativeJava.java:546)
	at jdk.scripting.nashorn/jdk.nashorn.internal.objects.NativeJava.type(NativeJava.java:326)
	at jdk.scripting.nashorn/jdk.nashorn.internal.objects.NativeJava.type(NativeJava.java:318)
	at jdk.scripting.nashorn/jdk.nashorn.internal.objects.NativeJava.type(NativeJava.java:314)
	at jdk.scripting.nashorn.scripts/jdk.nashorn.internal.scripts.Script$Recompilation$539$require.L:1(/home/travis/build/icyphy/ptII/ptolemy/actor/lib/jjs/external/require.js#409:30<eval>:48)
	at jdk.scripting.nashorn.scripts/jdk.nashorn.internal.scripts.Script$Recompilation$449$require.L:45#_require(/home/travis/build/icyphy/ptII/ptolemy/actor/lib/jjs/external/require.js:429)
	at jdk.scripting.nashorn.scripts/jdk.nashorn.internal.scripts.Script$Recompilation$453$21065A$require.L:45#_requireClosure#L:466(/home/travis/build/icyphy/ptII/ptolemy/actor/lib/jjs/external/require.js:467)
	at jdk.scripting.nashorn.scripts/jdk.nashorn.internal.scripts.Script$Recompilation$527$1AAAAAAAAAAAAAA$\^function\_.L:1(<function>:97)
	at jdk.scripting.nashorn.scripts/jdk.nashorn.internal.scripts.Script$Recompilation$526$17933AAAAAA$require$cu1$restOf.L:1#Accessor(/home/travis/build/icyphy/ptII/ptolemy/actor/lib/jjs/external/require.js#409:30<eval>:545)
	at jdk.scripting.nashorn.scripts/jdk.nashorn.internal.scripts.Script$Recompilation$512$2801AAA$\^eval\_.evaluateCode(<eval>:96)
	at jdk.scripting.nashorn/jdk.nashorn.internal.runtime.ScriptFunctionData.invoke(ScriptFunctionData.java:661)
	at jdk.scripting.nashorn/jdk.nashorn.internal.runtime.ScriptFunction.invoke(ScriptFunction.java:513)
	at jdk.scripting.nashorn/jdk.nashorn.internal.runtime.ScriptRuntime.apply(ScriptRuntime.java:527)
	at jdk.scripting.nashorn/jdk.nashorn.api.scripting.ScriptObjectMirror.callMember(ScriptObjectMirror.java:202)
	at jdk.scripting.nashorn/jdk.nashorn.api.scripting.NashornScriptEngine.invokeImpl(NashornScriptEngine.java:393)
	at jdk.scripting.nashorn/jdk.nashorn.api.scripting.NashornScriptEngine.invokeFunction(NashornScriptEngine.java:197)
	at ptolemy.actor.lib.jjs.JavaScript._createEngineAndEvaluateSetup(JavaScript.java:2493)
	at ptolemy.actor.lib.jjs.JavaScript.attributeChanged(JavaScript.java:548)
	at org.terraswarm.accessor.JSAccessor.attributeChanged(JSAccessor.java:312)
	at ptolemy.data.expr.Variable._setTokenAndNotify(Variable.java:2271)
	at ptolemy.data.expr.Variable._evaluate(Variable.java:1873)
	at ptolemy.data.expr.Variable._propagate(Variable.java:1984)
	at ptolemy.data.expr.Variable.validate(Variable.java:1596)
	at ptolemy.moml.MoMLParser.endDocument(MoMLParser.java:867)
	at com.microstar.xml.XmlParser.doParse(XmlParser.java:162)
	at com.microstar.xml.XmlParser.parse(XmlParser.java:132)
	at ptolemy.moml.MoMLParser.parse(MoMLParser.java:1676)
	at ptolemy.moml.MoMLParser.parse(MoMLParser.java:1617)
	at ptolemy.moml.MoMLParser.parse(MoMLParser.java:1792)
	at org.terraswarm.accessor.AccessorLibrary.populate(AccessorLibrary.java:194)
	at ptolemy.moml.EntityLibrary.deepEntityList(EntityLibrary.java:349)
	at ptolemy.kernel.CompositeEntity.deepEntityList(CompositeEntity.java:714)
	at ptolemy.moml.EntityLibrary.deepEntityList(EntityLibrary.java:350)
	at ptolemy.kernel.CompositeEntity.deepEntityList(CompositeEntity.java:714)
	at ptolemy.moml.EntityLibrary.deepEntityList(EntityLibrary.java:350)
	at ptolemy.kernel.CompositeEntity.deepEntityList(CompositeEntity.java:714)
	at ptolemy.kernel.CompositeEntity.deepEntityList(CompositeEntity.java:714)
	at ptolemy.kernel.CompositeEntity.allAtomicEntityList(CompositeEntity.java:188)
	at java.base/jdk.internal.reflect.NativeMethodAccessorImpl.invoke0(Native Method)
	at java.base/jdk.internal.reflect.NativeMethodAccessorImpl.invoke(NativeMethodAccessorImpl.java:62)
	at java.base/jdk.internal.reflect.DelegatingMethodAccessorImpl.invoke(DelegatingMethodAccessorImpl.java:43)
	at java.base/java.lang.reflect.Method.invoke(Method.java:566)
	at tcl.lang.reflect.PkgInvoker.invokeMethod(PkgInvoker.java:129)
	at tcl.lang.JavaInvoke.call(JavaInvoke.java:253)
	at tcl.lang.JavaInvoke.callMethod(JavaInvoke.java:116)
	at tcl.lang.ReflectObject.cmdProc(ReflectObject.java:727)
	at tcl.lang.Parser.evalObjv(Parser.java:740)
	at tcl.lang.Parser.eval2(Parser.java:1138)
	at tcl.lang.Parser.evalTokens(Parser.java:930)
	at tcl.lang.Parser.eval2(Parser.java:1125)
	at tcl.lang.Interp.eval(Interp.java:1782)
	at tcl.lang.Interp.eval(Interp.java:1841)
	at tcl.lang.UplevelCmd.cmdProc(UplevelCmd.java:93)
	at tcl.lang.Parser.evalObjv(Parser.java:740)
	at tcl.lang.Parser.eval2(Parser.java:1138)
	at tcl.lang.Interp.eval(Interp.java:1782)
	at tcl.lang.Interp.eval(Interp.java:1841)
	at tcl.lang.CatchCmd.cmdProc(CatchCmd.java:42)
	at tcl.lang.Parser.evalObjv(Parser.java:740)
	at tcl.lang.Parser.eval2(Parser.java:1138)
	at tcl.lang.Parser.evalTokens(Parser.java:930)
	at tcl.lang.Parser.eval2(Parser.java:1125)
	at tcl.lang.Procedure.cmdProc(Procedure.java:175)
	at tcl.lang.Parser.evalObjv(Parser.java:740)
	at tcl.lang.Parser.eval2(Parser.java:1138)
	at tcl.lang.Interp.eval(Interp.java:1782)
	at tcl.lang.Interp.eval(Interp.java:1841)
	at tcl.lang.ForeachCmd.cmdProc(ForeachCmd.java:116)
	at tcl.lang.AutoloadStub.cmdProc(Extension.java:144)
	at tcl.lang.Parser.evalObjv(Parser.java:740)
	at tcl.lang.Parser.eval2(Parser.java:1138)
	at tcl.lang.Interp.eval(Interp.java:1782)
	at tcl.lang.Interp.evalFile(Interp.java:1880)
	at java.base/jdk.internal.reflect.NativeMethodAccessorImpl.invoke0(Native Method)
	at java.base/jdk.internal.reflect.NativeMethodAccessorImpl.invoke(NativeMethodAccessorImpl.java:62)
	at java.base/jdk.internal.reflect.DelegatingMethodAccessorImpl.invoke(DelegatingMethodAccessorImpl.java:43)
	at java.base/java.lang.reflect.Method.invoke(Method.java:566)
	at ptolemy.util.test.junit.TclTests.RunTclFile(TclTests.java:233)
	at java.base/jdk.internal.reflect.NativeMethodAccessorImpl.invoke0(Native Method)
	at java.base/jdk.internal.reflect.NativeMethodAccessorImpl.invoke(NativeMethodAccessorImpl.java:62)
	at java.base/jdk.internal.reflect.DelegatingMethodAccessorImpl.invoke(DelegatingMethodAccessorImpl.java:43)
	at java.base/java.lang.reflect.Method.invoke(Method.java:566)
	at org.junit.runners.model.FrameworkMethod$1.runReflectiveCall(FrameworkMethod.java:44)
	at org.junit.internal.runners.model.ReflectiveCallable.run(ReflectiveCallable.java:15)
	at org.junit.runners.model.FrameworkMethod.invokeExplosively(FrameworkMethod.java:41)
	at junitparams.internal.InvokeParameterisedMethod.evaluate(InvokeParameterisedMethod.java:102)
	at junitparams.internal.ParameterisedTestMethodRunner.runMethodInvoker(ParameterisedTestMethodRunner.java:47)
	at junitparams.internal.ParameterisedTestMethodRunner.runTestMethod(ParameterisedTestMethodRunner.java:41)
	at junitparams.internal.ParameterisedTestClassRunner.runParameterisedTest(ParameterisedTestClassRunner.java:143)
	at junitparams.JUnitParamsRunner.runChild(JUnitParamsRunner.java:237)
	at junitparams.JUnitParamsRunner.runChild(JUnitParamsRunner.java:215)
	at org.junit.runners.ParentRunner$3.run(ParentRunner.java:193)
	at org.junit.runners.ParentRunner$1.schedule(ParentRunner.java:52)
	at org.junit.runners.ParentRunner.runChildren(ParentRunner.java:191)
	at org.junit.runners.ParentRunner.access$000(ParentRunner.java:42)
	at org.junit.runners.ParentRunner$2.evaluate(ParentRunner.java:184)
	at org.junit.internal.runners.statements.RunAfters.evaluate(RunAfters.java:31)
	at org.junit.runners.ParentRunner.run(ParentRunner.java:236)
	at org.junit.runners.Suite.runChild(Suite.java:128)
	at org.junit.runners.Suite.runChild(Suite.java:24)
	at org.junit.runners.ParentRunner$3.run(ParentRunner.java:193)
	at org.junit.runners.ParentRunner$1.schedule(ParentRunner.java:52)
	at org.junit.runners.ParentRunner.runChildren(ParentRunner.java:191)
	at org.junit.runners.ParentRunner.access$000(ParentRunner.java:42)
	at org.junit.runners.ParentRunner$2.evaluate(ParentRunner.java:184)
	at org.junit.runners.ParentRunner.run(ParentRunner.java:236)
	at junit.framework.JUnit4TestAdapter.run(JUnit4TestAdapter.java:39)
	at org.apache.tools.ant.taskdefs.optional.junit.JUnitTestRunner.run(JUnitTestRunner.java:535)
	at org.apache.tools.ant.taskdefs.optional.junit.JUnitTestRunner.launch(JUnitTestRunner.java:1182)
	at org.apache.tools.ant.taskdefs.optional.junit.JUnitTestRunner.main(JUnitTestRunner.java:1033)
 in /home/travis/build/icyphy/ptII/ptolemy/actor/lib/jjs/external/require.js at line number 454 at column number 12
    while executing
"$configuration allAtomicEntityList"
    invoked from within
"set entityList [$configuration allAtomicEntityList]"
    ("uplevel" body line 8)
    invoked from within
"uplevel $contents_of_test"
Retrieving library from https://accessors.org/dashboard/index.json
Cannot open index file: https://accessors.org/dashboard/index.json


==== $PTII/ptolemy/configs/test/allConfigs.tcl: full/configuration.xml-4.1 Test to see if full/configuration.xml contains any actors that might not drag and drop properly by creating ChangeRequests 
==== Contents of test case:


        # This test caught a problem with AudioReader, where the initial
        # default source URL parameter had a bogus value.

        # Create a base model.
        set baseModel {<?xml version="1.0" standalone="no"?>
            <!DOCTYPE entity PUBLIC "-//UC Berkeley//DTD MoML 1//EN"
            "http://ptolemy.eecs.berkeley.edu/xml/dtd/MoML_1.dtd">
            <entity name="top" class="ptolemy.actor.TypedCompositeActor">
            <property name="dir" class="ptolemy.domains.sdf.kernel.SDFDirector">
            <property name="iterations" value="2"/>
            </property>
            </entity>
        }

        set parser [java::new ptolemy.moml.MoMLParser]
        $parser reset
        set toplevel [java::cast ptolemy.actor.CompositeActor  [$parser parse $baseModel]]
        set manager [java::new ptolemy.actor.Manager [$toplevel workspace] "w"]
        $toplevel setManager $manager
	

        # Set up a StreamChangeListener to listen for errors
        set stream [java::new java.io.ByteArrayOutputStream]
        set printStream [java::new  {java.io.PrintStream java.io.OutputStream} $stream]
        set listener [java::new ptolemy.kernel.util.StreamChangeListener  $printStream]
        $toplevel addChangeListener $listener

        set cloneConfiguration  [java::cast ptolemy.kernel.CompositeEntity [$configuration clone]]

        set entityList [$configuration allAtomicEntityList]
        set results {}
        for {set iterator [$entityList iterator]}  {[$iterator hasNext] == 1} {} {
            set entity [$iterator next]
	    
            #puts [$entity toString]
            #if [java::instanceof $entity ptolemy.kernel.util.NamedObj] {
            #	puts [[java::cast ptolemy.kernel.util.NamedObj $entity]  #		  getName]
            #}

            if [java::instanceof $entity ptolemy.actor.TypedAtomicActor] {
        	set actor [java::cast ptolemy.actor.TypedAtomicActor $entity]
        	#puts "Actor: [$actor getFullName]"
        	set actorName [$actor getFullName]
                if [regexp {StateSpaceModel} $actorName] {
                    puts "Skipping StateSpaceModel as this test iterates through the attributes and calls attributeChanged, which triggers a ConcurrentModificationException.  See org/ptolemy/ssm/test/SSMTest.java"
                }  {
        	    if [catch {set r [_dropTest $toplevel $actor $cloneConfiguration $stream $printStream 0]} errMsg] {
        		lappend results "Drag and Drop test of actor: [$actor getFullName] failed:\n$errMsg\n[jdkStackTrace]"
        	    }
        	}
        	if {[llength $r] != 0} {
        	    lappend results $r
        	}
                $actor setContainer [java::null]
            }

        }
        $cloneConfiguration setContainer [java::null]
        list $results
    
==== Test generated error:
    while executing
ptolemy.kernel.util.InvalidStateException: Failed to populate Library
  in .configuration.actor library.MoreLibraries.Accessors.dashboard
Because:
Cannot open index file: https://accessors.org/dashboard/index.json
  in .configuration.actor library.MoreLibraries.Accessors.dashboard
Because:
connect timed out
	at org.terraswarm.accessor.AccessorLibrary.populate(AccessorLibrary.java:307)
	at ptolemy.moml.EntityLibrary.deepEntityList(EntityLibrary.java:349)
	at ptolemy.kernel.CompositeEntity.deepEntityList(CompositeEntity.java:714)
	at ptolemy.moml.EntityLibrary.deepEntityList(EntityLibrary.java:350)
	at ptolemy.kernel.CompositeEntity.deepEntityList(CompositeEntity.java:714)
	at ptolemy.moml.EntityLibrary.deepEntityList(EntityLibrary.java:350)
	at ptolemy.kernel.CompositeEntity.deepEntityList(CompositeEntity.java:714)
	at ptolemy.kernel.CompositeEntity.deepEntityList(CompositeEntity.java:714)
	at ptolemy.kernel.CompositeEntity.allAtomicEntityList(CompositeEntity.java:188)
	at java.base/jdk.internal.reflect.NativeMethodAccessorImpl.invoke0(Native Method)
	at java.base/jdk.internal.reflect.NativeMethodAccessorImpl.invoke(NativeMethodAccessorImpl.java:62)
	at java.base/jdk.internal.reflect.DelegatingMethodAccessorImpl.invoke(DelegatingMethodAccessorImpl.java:43)
	at java.base/java.lang.reflect.Method.invoke(Method.java:566)
	at tcl.lang.reflect.PkgInvoker.invokeMethod(PkgInvoker.java:129)
	at tcl.lang.JavaInvoke.call(JavaInvoke.java:253)
	at tcl.lang.JavaInvoke.callMethod(JavaInvoke.java:116)
	at tcl.lang.ReflectObject.cmdProc(ReflectObject.java:727)
	at tcl.lang.Parser.evalObjv(Parser.java:740)
	at tcl.lang.Parser.eval2(Parser.java:1138)
	at tcl.lang.Parser.evalTokens(Parser.java:930)
	at tcl.lang.Parser.eval2(Parser.java:1125)
	at tcl.lang.Interp.eval(Interp.java:1782)
	at tcl.lang.Interp.eval(Interp.java:1841)
	at tcl.lang.UplevelCmd.cmdProc(UplevelCmd.java:93)
	at tcl.lang.Parser.evalObjv(Parser.java:740)
	at tcl.lang.Parser.eval2(Parser.java:1138)
	at tcl.lang.Interp.eval(Interp.java:1782)
	at tcl.lang.Interp.eval(Interp.java:1841)
	at tcl.lang.CatchCmd.cmdProc(CatchCmd.java:42)
	at tcl.lang.Parser.evalObjv(Parser.java:740)
	at tcl.lang.Parser.eval2(Parser.java:1138)
	at tcl.lang.Parser.evalTokens(Parser.java:930)
	at tcl.lang.Parser.eval2(Parser.java:1125)
	at tcl.lang.Procedure.cmdProc(Procedure.java:175)
	at tcl.lang.Parser.evalObjv(Parser.java:740)
	at tcl.lang.Parser.eval2(Parser.java:1138)
	at tcl.lang.Interp.eval(Interp.java:1782)
	at tcl.lang.Interp.eval(Interp.java:1841)
	at tcl.lang.ForeachCmd.cmdProc(ForeachCmd.java:116)
	at tcl.lang.AutoloadStub.cmdProc(Extension.java:144)
	at tcl.lang.Parser.evalObjv(Parser.java:740)
	at tcl.lang.Parser.eval2(Parser.java:1138)
	at tcl.lang.Interp.eval(Interp.java:1782)
	at tcl.lang.Interp.evalFile(Interp.java:1880)
	at java.base/jdk.internal.reflect.NativeMethodAccessorImpl.invoke0(Native Method)
	at java.base/jdk.internal.reflect.NativeMethodAccessorImpl.invoke(NativeMethodAccessorImpl.java:62)
	at java.base/jdk.internal.reflect.DelegatingMethodAccessorImpl.invoke(DelegatingMethodAccessorImpl.java:43)
	at java.base/java.lang.reflect.Method.invoke(Method.java:566)
	at ptolemy.util.test.junit.TclTests.RunTclFile(TclTests.java:233)
	at java.base/jdk.internal.reflect.NativeMethodAccessorImpl.invoke0(Native Method)
	at java.base/jdk.internal.reflect.NativeMethodAccessorImpl.invoke(NativeMethodAccessorImpl.java:62)
	at java.base/jdk.internal.reflect.DelegatingMethodAccessorImpl.invoke(DelegatingMethodAccessorImpl.java:43)
	at java.base/java.lang.reflect.Method.invoke(Method.java:566)
	at org.junit.runners.model.FrameworkMethod$1.runReflectiveCall(FrameworkMethod.java:44)
	at org.junit.internal.runners.model.ReflectiveCallable.run(ReflectiveCallable.java:15)
	at org.junit.runners.model.FrameworkMethod.invokeExplosively(FrameworkMethod.java:41)
	at junitparams.internal.InvokeParameterisedMethod.evaluate(InvokeParameterisedMethod.java:102)
	at junitparams.internal.ParameterisedTestMethodRunner.runMethodInvoker(ParameterisedTestMethodRunner.java:47)
	at junitparams.internal.ParameterisedTestMethodRunner.runTestMethod(ParameterisedTestMethodRunner.java:41)
	at junitparams.internal.ParameterisedTestClassRunner.runParameterisedTest(ParameterisedTestClassRunner.java:143)
	at junitparams.JUnitParamsRunner.runChild(JUnitParamsRunner.java:237)
	at junitparams.JUnitParamsRunner.runChild(JUnitParamsRunner.java:215)
	at org.junit.runners.ParentRunner$3.run(ParentRunner.java:193)
	at org.junit.runners.ParentRunner$1.schedule(ParentRunner.java:52)
	at org.junit.runners.ParentRunner.runChildren(ParentRunner.java:191)
	at org.junit.runners.ParentRunner.access$000(ParentRunner.java:42)
	at org.junit.runners.ParentRunner$2.evaluate(ParentRunner.java:184)
	at org.junit.internal.runners.statements.RunAfters.evaluate(RunAfters.java:31)
	at org.junit.runners.ParentRunner.run(ParentRunner.java:236)
	at org.junit.runners.Suite.runChild(Suite.java:128)
	at org.junit.runners.Suite.runChild(Suite.java:24)
	at org.junit.runners.ParentRunner$3.run(ParentRunner.java:193)
	at org.junit.runners.ParentRunner$1.schedule(ParentRunner.java:52)
	at org.junit.runners.ParentRunner.runChildren(ParentRunner.java:191)
	at org.junit.runners.ParentRunner.access$000(ParentRunner.java:42)
	at org.junit.runners.ParentRunner$2.evaluate(ParentRunner.java:184)
	at org.junit.runners.ParentRunner.run(ParentRunner.java:236)
	at junit.framework.JUnit4TestAdapter.run(JUnit4TestAdapter.java:39)
	at org.apache.tools.ant.taskdefs.optional.junit.JUnitTestRunner.run(JUnitTestRunner.java:535)
	at org.apache.tools.ant.taskdefs.optional.junit.JUnitTestRunner.launch(JUnitTestRunner.java:1182)
	at org.apache.tools.ant.taskdefs.optional.junit.JUnitTestRunner.main(JUnitTestRunner.java:1033)
Caused by: ptolemy.kernel.util.InternalErrorException: Cannot open index file: https://accessors.org/dashboard/index.json
  in .configuration.actor library.MoreLibraries.Accessors.dashboard
Because:
connect timed out
	at org.terraswarm.accessor.AccessorLibrary.populate(AccessorLibrary.java:249)
	... 80 more
Caused by: java.net.SocketTimeoutException: connect timed out
	at java.base/java.net.PlainSocketImpl.socketConnect(Native Method)
	at java.base/java.net.AbstractPlainSocketImpl.doConnect(AbstractPlainSocketImpl.java:399)
	at java.base/java.net.AbstractPlainSocketImpl.connectToAddress(AbstractPlainSocketImpl.java:242)
	at java.base/java.net.AbstractPlainSocketImpl.connect(AbstractPlainSocketImpl.java:224)
	at java.base/java.net.SocksSocketImpl.connect(SocksSocketImpl.java:403)
	at java.base/java.net.Socket.connect(Socket.java:591)
	at java.base/sun.security.ssl.SSLSocketImpl.connect(SSLSocketImpl.java:285)
	at java.base/sun.net.NetworkClient.doConnect(NetworkClient.java:177)
	at java.base/sun.net.www.http.HttpClient.openServer(HttpClient.java:474)
	at java.base/sun.net.www.http.HttpClient.openServer(HttpClient.java:569)
	at java.base/sun.net.www.protocol.https.HttpsClient.<init>(HttpsClient.java:265)
	at java.base/sun.net.www.protocol.https.HttpsClient.New(HttpsClient.java:372)
	at java.base/sun.net.www.protocol.https.AbstractDelegateHttpsURLConnection.getNewHttpClient(AbstractDelegateHttpsURLConnection.java:191)
	at java.base/sun.net.www.protocol.http.HttpURLConnection.plainConnect0(HttpURLConnection.java:1181)
	at java.base/sun.net.www.protocol.http.HttpURLConnection.plainConnect(HttpURLConnection.java:1075)
	at java.base/sun.net.www.protocol.https.AbstractDelegateHttpsURLConnection.connect(AbstractDelegateHttpsURLConnection.java:177)
	at java.base/sun.net.www.protocol.http.HttpURLConnection.getInputStream0(HttpURLConnection.java:1581)
	at java.base/sun.net.www.protocol.http.HttpURLConnection.getInputStream(HttpURLConnection.java:1509)
	at java.base/java.net.HttpURLConnection.getResponseCode(HttpURLConnection.java:527)
	at java.base/sun.net.www.protocol.https.HttpsURLConnectionImpl.getResponseCode(HttpsURLConnectionImpl.java:329)
	at ptolemy.util.FileUtilities.followRedirects(FileUtilities.java:434)
	at ptolemy.util.FileUtilities.openStreamFollowingRedirectsReturningBoth(FileUtilities.java:1011)
	at ptolemy.util.FileUtilities.openStreamFollowingRedirects(FileUtilities.java:952)
	at org.terraswarm.accessor.AccessorLibrary.populate(AccessorLibrary.java:161)
	... 80 more
Caused by: ptolemy.kernel.util.InternalErrorException: Cannot open index file: https://accessors.org/dashboard/index.json
  in .configuration.actor library.MoreLibraries.Accessors.dashboard
Because:
connect timed out
	at org.terraswarm.accessor.AccessorLibrary.populate(AccessorLibrary.java:249)
	at ptolemy.moml.EntityLibrary.deepEntityList(EntityLibrary.java:349)
	at ptolemy.kernel.CompositeEntity.deepEntityList(CompositeEntity.java:714)
	at ptolemy.moml.EntityLibrary.deepEntityList(EntityLibrary.java:350)
	at ptolemy.kernel.CompositeEntity.deepEntityList(CompositeEntity.java:714)
	at ptolemy.moml.EntityLibrary.deepEntityList(EntityLibrary.java:350)
	at ptolemy.kernel.CompositeEntity.deepEntityList(CompositeEntity.java:714)
	at ptolemy.kernel.CompositeEntity.deepEntityList(CompositeEntity.java:714)
	at ptolemy.kernel.CompositeEntity.allAtomicEntityList(CompositeEntity.java:188)
	at java.base/jdk.internal.reflect.NativeMethodAccessorImpl.invoke0(Native Method)
	at java.base/jdk.internal.reflect.NativeMethodAccessorImpl.invoke(NativeMethodAccessorImpl.java:62)
	at java.base/jdk.internal.reflect.DelegatingMethodAccessorImpl.invoke(DelegatingMethodAccessorImpl.java:43)
	at java.base/java.lang.reflect.Method.invoke(Method.java:566)
	at tcl.lang.reflect.PkgInvoker.invokeMethod(PkgInvoker.java:129)
	at tcl.lang.JavaInvoke.call(JavaInvoke.java:253)
	at tcl.lang.JavaInvoke.callMethod(JavaInvoke.java:116)
	at tcl.lang.ReflectObject.cmdProc(ReflectObject.java:727)
	at tcl.lang.Parser.evalObjv(Parser.java:740)
	at tcl.lang.Parser.eval2(Parser.java:1138)
	at tcl.lang.Parser.evalTokens(Parser.java:930)
	at tcl.lang.Parser.eval2(Parser.java:1125)
	at tcl.lang.Interp.eval(Interp.java:1782)
	at tcl.lang.Interp.eval(Interp.java:1841)
	at tcl.lang.UplevelCmd.cmdProc(UplevelCmd.java:93)
	at tcl.lang.Parser.evalObjv(Parser.java:740)
	at tcl.lang.Parser.eval2(Parser.java:1138)
	at tcl.lang.Interp.eval(Interp.java:1782)
	at tcl.lang.Interp.eval(Interp.java:1841)
	at tcl.lang.CatchCmd.cmdProc(CatchCmd.java:42)
	at tcl.lang.Parser.evalObjv(Parser.java:740)
	at tcl.lang.Parser.eval2(Parser.java:1138)
	at tcl.lang.Parser.evalTokens(Parser.java:930)
	at tcl.lang.Parser.eval2(Parser.java:1125)
	at tcl.lang.Procedure.cmdProc(Procedure.java:175)
	at tcl.lang.Parser.evalObjv(Parser.java:740)
	at tcl.lang.Parser.eval2(Parser.java:1138)
	at tcl.lang.Interp.eval(Interp.java:1782)
	at tcl.lang.Interp.eval(Interp.java:1841)
	at tcl.lang.ForeachCmd.cmdProc(ForeachCmd.java:116)
	at tcl.lang.AutoloadStub.cmdProc(Extension.java:144)
	at tcl.lang.Parser.evalObjv(Parser.java:740)
	at tcl.lang.Parser.eval2(Parser.java:1138)
	at tcl.lang.Interp.eval(Interp.java:1782)
	at tcl.lang.Interp.evalFile(Interp.java:1880)
	at java.base/jdk.internal.reflect.NativeMethodAccessorImpl.invoke0(Native Method)
	at java.base/jdk.internal.reflect.NativeMethodAccessorImpl.invoke(NativeMethodAccessorImpl.java:62)
	at java.base/jdk.internal.reflect.DelegatingMethodAccessorImpl.invoke(DelegatingMethodAccessorImpl.java:43)
	at java.base/java.lang.reflect.Method.invoke(Method.java:566)
	at ptolemy.util.test.junit.TclTests.RunTclFile(TclTests.java:233)
	at java.base/jdk.internal.reflect.NativeMethodAccessorImpl.invoke0(Native Method)
	at java.base/jdk.internal.reflect.NativeMethodAccessorImpl.invoke(NativeMethodAccessorImpl.java:62)
	at java.base/jdk.internal.reflect.DelegatingMethodAccessorImpl.invoke(DelegatingMethodAccessorImpl.java:43)
	at java.base/java.lang.reflect.Method.invoke(Method.java:566)
	at org.junit.runners.model.FrameworkMethod$1.runReflectiveCall(FrameworkMethod.java:44)
	at org.junit.internal.runners.model.ReflectiveCallable.run(ReflectiveCallable.java:15)
	at org.junit.runners.model.FrameworkMethod.invokeExplosively(FrameworkMethod.java:41)
	at junitparams.internal.InvokeParameterisedMethod.evaluate(InvokeParameterisedMethod.java:102)
	at junitparams.internal.ParameterisedTestMethodRunner.runMethodInvoker(ParameterisedTestMethodRunner.java:47)
	at junitparams.internal.ParameterisedTestMethodRunner.runTestMethod(ParameterisedTestMethodRunner.java:41)
	at junitparams.internal.ParameterisedTestClassRunner.runParameterisedTest(ParameterisedTestClassRunner.java:143)
	at junitparams.JUnitParamsRunner.runChild(JUnitParamsRunner.java:237)
	at junitparams.JUnitParamsRunner.runChild(JUnitParamsRunner.java:215)
	at org.junit.runners.ParentRunner$3.run(ParentRunner.java:193)
	at org.junit.runners.ParentRunner$1.schedule(ParentRunner.java:52)
	at org.junit.runners.ParentRunner.runChildren(ParentRunner.java:191)
	at org.junit.runners.ParentRunner.access$000(ParentRunner.java:42)
	at org.junit.runners.ParentRunner$2.evaluate(ParentRunner.java:184)
	at org.junit.internal.runners.statements.RunAfters.evaluate(RunAfters.java:31)
	at org.junit.runners.ParentRunner.run(ParentRunner.java:236)
	at org.junit.runners.Suite.runChild(Suite.java:128)
	at org.junit.runners.Suite.runChild(Suite.java:24)
	at org.junit.runners.ParentRunner$3.run(ParentRunner.java:193)
	at org.junit.runners.ParentRunner$1.schedule(ParentRunner.java:52)
	at org.junit.runners.ParentRunner.runChildren(ParentRunner.java:191)
	at org.junit.runners.ParentRunner.access$000(ParentRunner.java:42)
	at org.junit.runners.ParentRunner$2.evaluate(ParentRunner.java:184)
	at org.junit.runners.ParentRunner.run(ParentRunner.java:236)
	at junit.framework.JUnit4TestAdapter.run(JUnit4TestAdapter.java:39)
	at org.apache.tools.ant.taskdefs.optional.junit.JUnitTestRunner.run(JUnitTestRunner.java:535)
	at org.apache.tools.ant.taskdefs.optional.junit.JUnitTestRunner.launch(JUnitTestRunner.java:1182)
	at org.apache.tools.ant.taskdefs.optional.junit.JUnitTestRunner.main(JUnitTestRunner.java:1033)
Caused by: java.net.SocketTimeoutException: connect timed out
	at java.base/java.net.PlainSocketImpl.socketConnect(Native Method)
	at java.base/java.net.AbstractPlainSocketImpl.doConnect(AbstractPlainSocketImpl.java:399)
	at java.base/java.net.AbstractPlainSocketImpl.connectToAddress(AbstractPlainSocketImpl.java:242)
	at java.base/java.net.AbstractPlainSocketImpl.connect(AbstractPlainSocketImpl.java:224)
	at java.base/java.net.SocksSocketImpl.connect(SocksSocketImpl.java:403)
	at java.base/java.net.Socket.connect(Socket.java:591)
	at java.base/sun.security.ssl.SSLSocketImpl.connect(SSLSocketImpl.java:285)
	at java.base/sun.net.NetworkClient.doConnect(NetworkClient.java:177)
	at java.base/sun.net.www.http.HttpClient.openServer(HttpClient.java:474)
	at java.base/sun.net.www.http.HttpClient.openServer(HttpClient.java:569)
	at java.base/sun.net.www.protocol.https.HttpsClient.<init>(HttpsClient.java:265)
	at java.base/sun.net.www.protocol.https.HttpsClient.New(HttpsClient.java:372)
	at java.base/sun.net.www.protocol.https.AbstractDelegateHttpsURLConnection.getNewHttpClient(AbstractDelegateHttpsURLConnection.java:191)
	at java.base/sun.net.www.protocol.http.HttpURLConnection.plainConnect0(HttpURLConnection.java:1181)
	at java.base/sun.net.www.protocol.http.HttpURLConnection.plainConnect(HttpURLConnection.java:1075)
	at java.base/sun.net.www.protocol.https.AbstractDelegateHttpsURLConnection.connect(AbstractDelegateHttpsURLConnection.java:177)
	at java.base/sun.net.www.protocol.http.HttpURLConnection.getInputStream0(HttpURLConnection.java:1581)
	at java.base/sun.net.www.protocol.http.HttpURLConnection.getInputStream(HttpURLConnection.java:1509)
	at java.base/java.net.HttpURLConnection.getResponseCode(HttpURLConnection.java:527)
	at java.base/sun.net.www.protocol.https.HttpsURLConnectionImpl.getResponseCode(HttpsURLConnectionImpl.java:329)
	at ptolemy.util.FileUtilities.followRedirects(FileUtilities.java:434)
	at ptolemy.util.FileUtilities.openStreamFollowingRedirectsReturningBoth(FileUtilities.java:1011)
	at ptolemy.util.FileUtilities.openStreamFollowingRedirects(FileUtilities.java:952)
	at org.terraswarm.accessor.AccessorLibrary.populate(AccessorLibrary.java:161)
	... 80 more
Caused by: java.net.SocketTimeoutException: connect timed out
	at java.base/java.net.PlainSocketImpl.socketConnect(Native Method)
	at java.base/java.net.AbstractPlainSocketImpl.doConnect(AbstractPlainSocketImpl.java:399)
	at java.base/java.net.AbstractPlainSocketImpl.connectToAddress(AbstractPlainSocketImpl.java:242)
	at java.base/java.net.AbstractPlainSocketImpl.connect(AbstractPlainSocketImpl.java:224)
	at java.base/java.net.SocksSocketImpl.connect(SocksSocketImpl.java:403)
	at java.base/java.net.Socket.connect(Socket.java:591)
	at java.base/sun.security.ssl.SSLSocketImpl.connect(SSLSocketImpl.java:285)
	at java.base/sun.net.NetworkClient.doConnect(NetworkClient.java:177)
	at java.base/sun.net.www.http.HttpClient.openServer(HttpClient.java:474)
	at java.base/sun.net.www.http.HttpClient.openServer(HttpClient.java:569)
	at java.base/sun.net.www.protocol.https.HttpsClient.<init>(HttpsClient.java:265)
	at java.base/sun.net.www.protocol.https.HttpsClient.New(HttpsClient.java:372)
	at java.base/sun.net.www.protocol.https.AbstractDelegateHttpsURLConnection.getNewHttpClient(AbstractDelegateHttpsURLConnection.java:191)
	at java.base/sun.net.www.protocol.http.HttpURLConnection.plainConnect0(HttpURLConnection.java:1181)
	at java.base/sun.net.www.protocol.http.HttpURLConnection.plainConnect(HttpURLConnection.java:1075)
	at java.base/sun.net.www.protocol.https.AbstractDelegateHttpsURLConnection.connect(AbstractDelegateHttpsURLConnection.java:177)
	at java.base/sun.net.www.protocol.http.HttpURLConnection.getInputStream0(HttpURLConnection.java:1581)
	at java.base/sun.net.www.protocol.http.HttpURLConnection.getInputStream(HttpURLConnection.java:1509)
	at java.base/java.net.HttpURLConnection.getResponseCode(HttpURLConnection.java:527)
	at java.base/sun.net.www.protocol.https.HttpsURLConnectionImpl.getResponseCode(HttpsURLConnectionImpl.java:329)
	at ptolemy.util.FileUtilities.followRedirects(FileUtilities.java:434)
	at ptolemy.util.FileUtilities.openStreamFollowingRedirectsReturningBoth(FileUtilities.java:1011)
	at ptolemy.util.FileUtilities.openStreamFollowingRedirects(FileUtilities.java:952)
	at org.terraswarm.accessor.AccessorLibrary.populate(AccessorLibrary.java:161)
	at ptolemy.moml.EntityLibrary.deepEntityList(EntityLibrary.java:349)
	at ptolemy.kernel.CompositeEntity.deepEntityList(CompositeEntity.java:714)
	at ptolemy.moml.EntityLibrary.deepEntityList(EntityLibrary.java:350)
	at ptolemy.kernel.CompositeEntity.deepEntityList(CompositeEntity.java:714)
	at ptolemy.moml.EntityLibrary.deepEntityList(EntityLibrary.java:350)
	at ptolemy.kernel.CompositeEntity.deepEntityList(CompositeEntity.java:714)
	at ptolemy.kernel.CompositeEntity.deepEntityList(CompositeEntity.java:714)
	at ptolemy.kernel.CompositeEntity.allAtomicEntityList(CompositeEntity.java:188)
	at java.base/jdk.internal.reflect.NativeMethodAccessorImpl.invoke0(Native Method)
	at java.base/jdk.internal.reflect.NativeMethodAccessorImpl.invoke(NativeMethodAccessorImpl.java:62)
	at java.base/jdk.internal.reflect.DelegatingMethodAccessorImpl.invoke(DelegatingMethodAccessorImpl.java:43)
	at java.base/java.lang.reflect.Method.invoke(Method.java:566)
	at tcl.lang.reflect.PkgInvoker.invokeMethod(PkgInvoker.java:129)
	at tcl.lang.JavaInvoke.call(JavaInvoke.java:253)
	at tcl.lang.JavaInvoke.callMethod(JavaInvoke.java:116)
	at tcl.lang.ReflectObject.cmdProc(ReflectObject.java:727)
	at tcl.lang.Parser.evalObjv(Parser.java:740)
	at tcl.lang.Parser.eval2(Parser.java:1138)
	at tcl.lang.Parser.evalTokens(Parser.java:930)
	at tcl.lang.Parser.eval2(Parser.java:1125)
	at tcl.lang.Interp.eval(Interp.java:1782)
	at tcl.lang.Interp.eval(Interp.java:1841)
	at tcl.lang.UplevelCmd.cmdProc(UplevelCmd.java:93)
	at tcl.lang.Parser.evalObjv(Parser.java:740)
	at tcl.lang.Parser.eval2(Parser.java:1138)
	at tcl.lang.Interp.eval(Interp.java:1782)
	at tcl.lang.Interp.eval(Interp.java:1841)
	at tcl.lang.CatchCmd.cmdProc(CatchCmd.java:42)
	at tcl.lang.Parser.evalObjv(Parser.java:740)
	at tcl.lang.Parser.eval2(Parser.java:1138)
	at tcl.lang.Parser.evalTokens(Parser.java:930)
	at tcl.lang.Parser.eval2(Parser.java:1125)
	at tcl.lang.Procedure.cmdProc(Procedure.java:175)
	at tcl.lang.Parser.evalObjv(Parser.java:740)
	at tcl.lang.Parser.eval2(Parser.java:1138)
	at tcl.lang.Interp.eval(Interp.java:1782)
	at tcl.lang.Interp.eval(Interp.java:1841)
	at tcl.lang.ForeachCmd.cmdProc(ForeachCmd.java:116)
	at tcl.lang.AutoloadStub.cmdProc(Extension.java:144)
	at tcl.lang.Parser.evalObjv(Parser.java:740)
	at tcl.lang.Parser.eval2(Parser.java:1138)
	at tcl.lang.Interp.eval(Interp.java:1782)
	at tcl.lang.Interp.evalFile(Interp.java:1880)
	at java.base/jdk.internal.reflect.NativeMethodAccessorImpl.invoke0(Native Method)
	at java.base/jdk.internal.reflect.NativeMethodAccessorImpl.invoke(NativeMethodAccessorImpl.java:62)
	at java.base/jdk.internal.reflect.DelegatingMethodAccessorImpl.invoke(DelegatingMethodAccessorImpl.java:43)
	at java.base/java.lang.reflect.Method.invoke(Method.java:566)
	at ptolemy.util.test.junit.TclTests.RunTclFile(TclTests.java:233)
	at java.base/jdk.internal.reflect.NativeMethodAccessorImpl.invoke0(Native Method)
	at java.base/jdk.internal.reflect.NativeMethodAccessorImpl.invoke(NativeMethodAccessorImpl.java:62)
	at java.base/jdk.internal.reflect.DelegatingMethodAccessorImpl.invoke(DelegatingMethodAccessorImpl.java:43)
	at java.base/java.lang.reflect.Method.invoke(Method.java:566)
	at org.junit.runners.model.FrameworkMethod$1.runReflectiveCall(FrameworkMethod.java:44)
	at org.junit.internal.runners.model.ReflectiveCallable.run(ReflectiveCallable.java:15)
	at org.junit.runners.model.FrameworkMethod.invokeExplosively(FrameworkMethod.java:41)
	at junitparams.internal.InvokeParameterisedMethod.evaluate(InvokeParameterisedMethod.java:102)
	at junitparams.internal.ParameterisedTestMethodRunner.runMethodInvoker(ParameterisedTestMethodRunner.java:47)
	at junitparams.internal.ParameterisedTestMethodRunner.runTestMethod(ParameterisedTestMethodRunner.java:41)
	at junitparams.internal.ParameterisedTestClassRunner.runParameterisedTest(ParameterisedTestClassRunner.java:143)
	at junitparams.JUnitParamsRunner.runChild(JUnitParamsRunner.java:237)
	at junitparams.JUnitParamsRunner.runChild(JUnitParamsRunner.java:215)
	at org.junit.runners.ParentRunner$3.run(ParentRunner.java:193)
	at org.junit.runners.ParentRunner$1.schedule(ParentRunner.java:52)
	at org.junit.runners.ParentRunner.runChildren(ParentRunner.java:191)
	at org.junit.runners.ParentRunner.access$000(ParentRunner.java:42)
	at org.junit.runners.ParentRunner$2.evaluate(ParentRunner.java:184)
	at org.junit.internal.runners.statements.RunAfters.evaluate(RunAfters.java:31)
	at org.junit.runners.ParentRunner.run(ParentRunner.java:236)
	at org.junit.runners.Suite.runChild(Suite.java:128)
	at org.junit.runners.Suite.runChild(Suite.java:24)
	at org.junit.runners.ParentRunner$3.run(ParentRunner.java:193)
	at org.junit.runners.ParentRunner$1.schedule(ParentRunner.java:52)
	at org.junit.runners.ParentRunner.runChildren(ParentRunner.java:191)
	at org.junit.runners.ParentRunner.access$000(ParentRunner.java:42)
	at org.junit.runners.ParentRunner$2.evaluate(ParentRunner.java:184)
	at org.junit.runners.ParentRunner.run(ParentRunner.java:236)
	at junit.framework.JUnit4TestAdapter.run(JUnit4TestAdapter.java:39)
	at org.apache.tools.ant.taskdefs.optional.junit.JUnitTestRunner.run(JUnitTestRunner.java:535)
	at org.apache.tools.ant.taskdefs.optional.junit.JUnitTestRunner.launch(JUnitTestRunner.java:1182)
	at org.apache.tools.ant.taskdefs.optional.junit.JUnitTestRunner.main(JUnitTestRunner.java:1033)

    while executing
ptolemy.kernel.util.InvalidStateException: Failed to populate Library
  in .configuration.actor library.MoreLibraries.Accessors.dashboard
Because:
Cannot open index file: https://accessors.org/dashboard/index.json
  in .configuration.actor library.MoreLibraries.Accessors.dashboard
Because:
connect timed out
    while executing
"$configuration allAtomicEntityList"
    invoked from within
"set entityList [$configuration allAtomicEntityList]"
    ("uplevel" body line 32)
    invoked from within
"uplevel $contents_of_test"
Retrieving library from https://accessors.org/devices/index.json
Cannot open index file: https://accessors.org/devices/index.json


==== $PTII/ptolemy/configs/test/allConfigs.tcl: full/configuration.xml-4.2 Test to see if full/configuration.xml contains any attributes that might not drag and drop properly by creating ChangeRequests 
==== Contents of test case:


        # Use the baseModel from 4.1 above

        # Set up a StreamChangeListener to listen for errors
        set stream [java::new java.io.ByteArrayOutputStream]
        set printStream [java::new  {java.io.PrintStream java.io.OutputStream} $stream]
        set listener [java::new ptolemy.kernel.util.StreamChangeListener  $printStream]
        $toplevel addChangeListener $listener

        set cloneConfiguration  [java::cast ptolemy.kernel.CompositeEntity [$configuration clone]]

        set entityList [$configuration deepNamedObjList]
        set results {}
        set count 0
        for {set iterator [$entityList iterator]}  {[$iterator hasNext] == 1} {} {
        	set object [$iterator next]
        	#puts "6Attribute: [$object toString]"
        	if [java::instanceof $object ptolemy.moml.EntityLibrary] {
        	    #puts "---------- [$object toString]"

        	    # FIXME: I don't understand why I need to expand the entityLibraries
        	    # and get the attributes?
        	    set entityLibrary [java::cast ptolemy.moml.EntityLibrary $object]
        	    #puts [$entityLibrary exportMoML]
        	    set attributes [$entityLibrary attributeList]
        	    #puts [listToFullNames $attributes]
        	    for {set iterator2 [$attributes iterator]} {[$iterator2 hasNext] == 1} {} {
        		set attr [$iterator2 next]
        		#puts "attr: [java::instanceof $attr ptolemy.kernel.util.Attribute] [$attr toString] "
			
        		set attribute [java::cast ptolemy.kernel.util.Attribute $attr]

        		if [java::instanceof $attribute ptolemy.domains.tm.kernel.SchedulePlotter] {
        		    puts "Skipping drop test of tm.kernel.SchedulePlotter because it must be dropped into a container that has a TMDirector"
        		    continue
        		}

        		set r [_dropTest $toplevel $attribute $cloneConfiguration $stream $printStream 1]
        		if {[llength $r] != 0} {
        		    lappend results $r
        		}
        	    }
        	}
            }
        $cloneConfiguration setContainer [java::null]
        list $results
    
==== Test generated error:
    while executing
ptolemy.kernel.util.InvalidStateException: Failed to populate Library
  in .configuration.actor library.MoreLibraries.Accessors.devices
Because:
Cannot open index file: https://accessors.org/devices/index.json
  in .configuration.actor library.MoreLibraries.Accessors.devices
Because:
connect timed out
	at org.terraswarm.accessor.AccessorLibrary.populate(AccessorLibrary.java:307)
	at ptolemy.moml.EntityLibrary.attributeList(EntityLibrary.java:226)
	at jdk.internal.reflect.GeneratedMethodAccessor20.invoke(Unknown Source)
	at java.base/jdk.internal.reflect.DelegatingMethodAccessorImpl.invoke(DelegatingMethodAccessorImpl.java:43)
	at java.base/java.lang.reflect.Method.invoke(Method.java:566)
	at tcl.lang.reflect.PkgInvoker.invokeMethod(PkgInvoker.java:129)
	at tcl.lang.JavaInvoke.call(JavaInvoke.java:253)
	at tcl.lang.JavaInvoke.callMethod(JavaInvoke.java:116)
	at tcl.lang.ReflectObject.cmdProc(ReflectObject.java:727)
	at tcl.lang.Parser.evalObjv(Parser.java:740)
	at tcl.lang.Parser.eval2(Parser.java:1138)
	at tcl.lang.Parser.evalTokens(Parser.java:930)
	at tcl.lang.Parser.eval2(Parser.java:1125)
	at tcl.lang.Interp.eval(Interp.java:1782)
	at tcl.lang.Interp.eval(Interp.java:1841)
	at tcl.lang.IfCmd.cmdProc(IfCmd.java:57)
	at tcl.lang.Parser.evalObjv(Parser.java:740)
	at tcl.lang.Parser.eval2(Parser.java:1138)
	at tcl.lang.Interp.eval(Interp.java:1782)
	at tcl.lang.Interp.eval(Interp.java:1841)
	at tcl.lang.ForCmd.cmdProc(ForCmd.java:57)
	at tcl.lang.AutoloadStub.cmdProc(Extension.java:144)
	at tcl.lang.Parser.evalObjv(Parser.java:740)
	at tcl.lang.Parser.eval2(Parser.java:1138)
	at tcl.lang.Interp.eval(Interp.java:1782)
	at tcl.lang.Interp.eval(Interp.java:1841)
	at tcl.lang.UplevelCmd.cmdProc(UplevelCmd.java:93)
	at tcl.lang.Parser.evalObjv(Parser.java:740)
	at tcl.lang.Parser.eval2(Parser.java:1138)
	at tcl.lang.Interp.eval(Interp.java:1782)
	at tcl.lang.Interp.eval(Interp.java:1841)
	at tcl.lang.CatchCmd.cmdProc(CatchCmd.java:42)
	at tcl.lang.Parser.evalObjv(Parser.java:740)
	at tcl.lang.Parser.eval2(Parser.java:1138)
	at tcl.lang.Parser.evalTokens(Parser.java:930)
	at tcl.lang.Parser.eval2(Parser.java:1125)
	at tcl.lang.Procedure.cmdProc(Procedure.java:175)
	at tcl.lang.Parser.evalObjv(Parser.java:740)
	at tcl.lang.Parser.eval2(Parser.java:1138)
	at tcl.lang.Interp.eval(Interp.java:1782)
	at tcl.lang.Interp.eval(Interp.java:1841)
	at tcl.lang.ForeachCmd.cmdProc(ForeachCmd.java:116)
	at tcl.lang.AutoloadStub.cmdProc(Extension.java:144)
	at tcl.lang.Parser.evalObjv(Parser.java:740)
	at tcl.lang.Parser.eval2(Parser.java:1138)
	at tcl.lang.Interp.eval(Interp.java:1782)
	at tcl.lang.Interp.evalFile(Interp.java:1880)
	at java.base/jdk.internal.reflect.NativeMethodAccessorImpl.invoke0(Native Method)
	at java.base/jdk.internal.reflect.NativeMethodAccessorImpl.invoke(NativeMethodAccessorImpl.java:62)
	at java.base/jdk.internal.reflect.DelegatingMethodAccessorImpl.invoke(DelegatingMethodAccessorImpl.java:43)
	at java.base/java.lang.reflect.Method.invoke(Method.java:566)
	at ptolemy.util.test.junit.TclTests.RunTclFile(TclTests.java:233)
	at java.base/jdk.internal.reflect.NativeMethodAccessorImpl.invoke0(Native Method)
	at java.base/jdk.internal.reflect.NativeMethodAccessorImpl.invoke(NativeMethodAccessorImpl.java:62)
	at java.base/jdk.internal.reflect.DelegatingMethodAccessorImpl.invoke(DelegatingMethodAccessorImpl.java:43)
	at java.base/java.lang.reflect.Method.invoke(Method.java:566)
	at org.junit.runners.model.FrameworkMethod$1.runReflectiveCall(FrameworkMethod.java:44)
	at org.junit.internal.runners.model.ReflectiveCallable.run(ReflectiveCallable.java:15)
	at org.junit.runners.model.FrameworkMethod.invokeExplosively(FrameworkMethod.java:41)
	at junitparams.internal.InvokeParameterisedMethod.evaluate(InvokeParameterisedMethod.java:102)
	at junitparams.internal.ParameterisedTestMethodRunner.runMethodInvoker(ParameterisedTestMethodRunner.java:47)
	at junitparams.internal.ParameterisedTestMethodRunner.runTestMethod(ParameterisedTestMethodRunner.java:41)
	at junitparams.internal.ParameterisedTestClassRunner.runParameterisedTest(ParameterisedTestClassRunner.java:143)
	at junitparams.JUnitParamsRunner.runChild(JUnitParamsRunner.java:237)
	at junitparams.JUnitParamsRunner.runChild(JUnitParamsRunner.java:215)
	at org.junit.runners.ParentRunner$3.run(ParentRunner.java:193)
	at org.junit.runners.ParentRunner$1.schedule(ParentRunner.java:52)
	at org.junit.runners.ParentRunner.runChildren(ParentRunner.java:191)
	at org.junit.runners.ParentRunner.access$000(ParentRunner.java:42)
	at org.junit.runners.ParentRunner$2.evaluate(ParentRunner.java:184)
	at org.junit.internal.runners.statements.RunAfters.evaluate(RunAfters.java:31)
	at org.junit.runners.ParentRunner.run(ParentRunner.java:236)
	at org.junit.runners.Suite.runChild(Suite.java:128)
	at org.junit.runners.Suite.runChild(Suite.java:24)
	at org.junit.runners.ParentRunner$3.run(ParentRunner.java:193)
	at org.junit.runners.ParentRunner$1.schedule(ParentRunner.java:52)
	at org.junit.runners.ParentRunner.runChildren(ParentRunner.java:191)
	at org.junit.runners.ParentRunner.access$000(ParentRunner.java:42)
	at org.junit.runners.ParentRunner$2.evaluate(ParentRunner.java:184)
	at org.junit.runners.ParentRunner.run(ParentRunner.java:236)
	at junit.framework.JUnit4TestAdapter.run(JUnit4TestAdapter.java:39)
	at org.apache.tools.ant.taskdefs.optional.junit.JUnitTestRunner.run(JUnitTestRunner.java:535)
	at org.apache.tools.ant.taskdefs.optional.junit.JUnitTestRunner.launch(JUnitTestRunner.java:1182)
	at org.apache.tools.ant.taskdefs.optional.junit.JUnitTestRunner.main(JUnitTestRunner.java:1033)
Caused by: ptolemy.kernel.util.InternalErrorException: Cannot open index file: https://accessors.org/devices/index.json
  in .configuration.actor library.MoreLibraries.Accessors.devices
Because:
connect timed out
	at org.terraswarm.accessor.AccessorLibrary.populate(AccessorLibrary.java:249)
	... 83 more
Caused by: java.net.SocketTimeoutException: connect timed out
	at java.base/java.net.PlainSocketImpl.socketConnect(Native Method)
	at java.base/java.net.AbstractPlainSocketImpl.doConnect(AbstractPlainSocketImpl.java:399)
	at java.base/java.net.AbstractPlainSocketImpl.connectToAddress(AbstractPlainSocketImpl.java:242)
	at java.base/java.net.AbstractPlainSocketImpl.connect(AbstractPlainSocketImpl.java:224)
	at java.base/java.net.SocksSocketImpl.connect(SocksSocketImpl.java:403)
	at java.base/java.net.Socket.connect(Socket.java:591)
	at java.base/sun.security.ssl.SSLSocketImpl.connect(SSLSocketImpl.java:285)
	at java.base/sun.net.NetworkClient.doConnect(NetworkClient.java:177)
	at java.base/sun.net.www.http.HttpClient.openServer(HttpClient.java:474)
	at java.base/sun.net.www.http.HttpClient.openServer(HttpClient.java:569)
	at java.base/sun.net.www.protocol.https.HttpsClient.<init>(HttpsClient.java:265)
	at java.base/sun.net.www.protocol.https.HttpsClient.New(HttpsClient.java:372)
	at java.base/sun.net.www.protocol.https.AbstractDelegateHttpsURLConnection.getNewHttpClient(AbstractDelegateHttpsURLConnection.java:191)
	at java.base/sun.net.www.protocol.http.HttpURLConnection.plainConnect0(HttpURLConnection.java:1181)
	at java.base/sun.net.www.protocol.http.HttpURLConnection.plainConnect(HttpURLConnection.java:1075)
	at java.base/sun.net.www.protocol.https.AbstractDelegateHttpsURLConnection.connect(AbstractDelegateHttpsURLConnection.java:177)
	at java.base/sun.net.www.protocol.http.HttpURLConnection.getInputStream0(HttpURLConnection.java:1581)
	at java.base/sun.net.www.protocol.http.HttpURLConnection.getInputStream(HttpURLConnection.java:1509)
	at java.base/java.net.HttpURLConnection.getResponseCode(HttpURLConnection.java:527)
	at java.base/sun.net.www.protocol.https.HttpsURLConnectionImpl.getResponseCode(HttpsURLConnectionImpl.java:329)
	at ptolemy.util.FileUtilities.followRedirects(FileUtilities.java:434)
	at ptolemy.util.FileUtilities.openStreamFollowingRedirectsReturningBoth(FileUtilities.java:1011)
	at ptolemy.util.FileUtilities.openStreamFollowingRedirects(FileUtilities.java:952)
	at org.terraswarm.accessor.AccessorLibrary.populate(AccessorLibrary.java:161)
	... 83 more
Caused by: ptolemy.kernel.util.InternalErrorException: Cannot open index file: https://accessors.org/devices/index.json
  in .configuration.actor library.MoreLibraries.Accessors.devices
Because:
connect timed out
	at org.terraswarm.accessor.AccessorLibrary.populate(AccessorLibrary.java:249)
	at ptolemy.moml.EntityLibrary.attributeList(EntityLibrary.java:226)
	at jdk.internal.reflect.GeneratedMethodAccessor20.invoke(Unknown Source)
	at java.base/jdk.internal.reflect.DelegatingMethodAccessorImpl.invoke(DelegatingMethodAccessorImpl.java:43)
	at java.base/java.lang.reflect.Method.invoke(Method.java:566)
	at tcl.lang.reflect.PkgInvoker.invokeMethod(PkgInvoker.java:129)
	at tcl.lang.JavaInvoke.call(JavaInvoke.java:253)
	at tcl.lang.JavaInvoke.callMethod(JavaInvoke.java:116)
	at tcl.lang.ReflectObject.cmdProc(ReflectObject.java:727)
	at tcl.lang.Parser.evalObjv(Parser.java:740)
	at tcl.lang.Parser.eval2(Parser.java:1138)
	at tcl.lang.Parser.evalTokens(Parser.java:930)
	at tcl.lang.Parser.eval2(Parser.java:1125)
	at tcl.lang.Interp.eval(Interp.java:1782)
	at tcl.lang.Interp.eval(Interp.java:1841)
	at tcl.lang.IfCmd.cmdProc(IfCmd.java:57)
	at tcl.lang.Parser.evalObjv(Parser.java:740)
	at tcl.lang.Parser.eval2(Parser.java:1138)
	at tcl.lang.Interp.eval(Interp.java:1782)
	at tcl.lang.Interp.eval(Interp.java:1841)
	at tcl.lang.ForCmd.cmdProc(ForCmd.java:57)
	at tcl.lang.AutoloadStub.cmdProc(Extension.java:144)
	at tcl.lang.Parser.evalObjv(Parser.java:740)
	at tcl.lang.Parser.eval2(Parser.java:1138)
	at tcl.lang.Interp.eval(Interp.java:1782)
	at tcl.lang.Interp.eval(Interp.java:1841)
	at tcl.lang.UplevelCmd.cmdProc(UplevelCmd.java:93)
	at tcl.lang.Parser.evalObjv(Parser.java:740)
	at tcl.lang.Parser.eval2(Parser.java:1138)
	at tcl.lang.Interp.eval(Interp.java:1782)
	at tcl.lang.Interp.eval(Interp.java:1841)
	at tcl.lang.CatchCmd.cmdProc(CatchCmd.java:42)
	at tcl.lang.Parser.evalObjv(Parser.java:740)
	at tcl.lang.Parser.eval2(Parser.java:1138)
	at tcl.lang.Parser.evalTokens(Parser.java:930)
	at tcl.lang.Parser.eval2(Parser.java:1125)
	at tcl.lang.Procedure.cmdProc(Procedure.java:175)
	at tcl.lang.Parser.evalObjv(Parser.java:740)
	at tcl.lang.Parser.eval2(Parser.java:1138)
	at tcl.lang.Interp.eval(Interp.java:1782)
	at tcl.lang.Interp.eval(Interp.java:1841)
	at tcl.lang.ForeachCmd.cmdProc(ForeachCmd.java:116)
	at tcl.lang.AutoloadStub.cmdProc(Extension.java:144)
	at tcl.lang.Parser.evalObjv(Parser.java:740)
	at tcl.lang.Parser.eval2(Parser.java:1138)
	at tcl.lang.Interp.eval(Interp.java:1782)
	at tcl.lang.Interp.evalFile(Interp.java:1880)
	at java.base/jdk.internal.reflect.NativeMethodAccessorImpl.invoke0(Native Method)
	at java.base/jdk.internal.reflect.NativeMethodAccessorImpl.invoke(NativeMethodAccessorImpl.java:62)
	at java.base/jdk.internal.reflect.DelegatingMethodAccessorImpl.invoke(DelegatingMethodAccessorImpl.java:43)
	at java.base/java.lang.reflect.Method.invoke(Method.java:566)
	at ptolemy.util.test.junit.TclTests.RunTclFile(TclTests.java:233)
	at java.base/jdk.internal.reflect.NativeMethodAccessorImpl.invoke0(Native Method)
	at java.base/jdk.internal.reflect.NativeMethodAccessorImpl.invoke(NativeMethodAccessorImpl.java:62)
	at java.base/jdk.internal.reflect.DelegatingMethodAccessorImpl.invoke(DelegatingMethodAccessorImpl.java:43)
	at java.base/java.lang.reflect.Method.invoke(Method.java:566)
	at org.junit.runners.model.FrameworkMethod$1.runReflectiveCall(FrameworkMethod.java:44)
	at org.junit.internal.runners.model.ReflectiveCallable.run(ReflectiveCallable.java:15)
	at org.junit.runners.model.FrameworkMethod.invokeExplosively(FrameworkMethod.java:41)
	at junitparams.internal.InvokeParameterisedMethod.evaluate(InvokeParameterisedMethod.java:102)
	at junitparams.internal.ParameterisedTestMethodRunner.runMethodInvoker(ParameterisedTestMethodRunner.java:47)
	at junitparams.internal.ParameterisedTestMethodRunner.runTestMethod(ParameterisedTestMethodRunner.java:41)
	at junitparams.internal.ParameterisedTestClassRunner.runParameterisedTest(ParameterisedTestClassRunner.java:143)
	at junitparams.JUnitParamsRunner.runChild(JUnitParamsRunner.java:237)
	at junitparams.JUnitParamsRunner.runChild(JUnitParamsRunner.java:215)
	at org.junit.runners.ParentRunner$3.run(ParentRunner.java:193)
	at org.junit.runners.ParentRunner$1.schedule(ParentRunner.java:52)
	at org.junit.runners.ParentRunner.runChildren(ParentRunner.java:191)
	at org.junit.runners.ParentRunner.access$000(ParentRunner.java:42)
	at org.junit.runners.ParentRunner$2.evaluate(ParentRunner.java:184)
	at org.junit.internal.runners.statements.RunAfters.evaluate(RunAfters.java:31)
	at org.junit.runners.ParentRunner.run(ParentRunner.java:236)
	at org.junit.runners.Suite.runChild(Suite.java:128)
	at org.junit.runners.Suite.runChild(Suite.java:24)
	at org.junit.runners.ParentRunner$3.run(ParentRunner.java:193)
	at org.junit.runners.ParentRunner$1.schedule(ParentRunner.java:52)
	at org.junit.runners.ParentRunner.runChildren(ParentRunner.java:191)
	at org.junit.runners.ParentRunner.access$000(ParentRunner.java:42)
	at org.junit.runners.ParentRunner$2.evaluate(ParentRunner.java:184)
	at org.junit.runners.ParentRunner.run(ParentRunner.java:236)
	at junit.framework.JUnit4TestAdapter.run(JUnit4TestAdapter.java:39)
	at org.apache.tools.ant.taskdefs.optional.junit.JUnitTestRunner.run(JUnitTestRunner.java:535)
	at org.apache.tools.ant.taskdefs.optional.junit.JUnitTestRunner.launch(JUnitTestRunner.java:1182)
	at org.apache.tools.ant.taskdefs.optional.junit.JUnitTestRunner.main(JUnitTestRunner.java:1033)
Caused by: java.net.SocketTimeoutException: connect timed out
	at java.base/java.net.PlainSocketImpl.socketConnect(Native Method)
	at java.base/java.net.AbstractPlainSocketImpl.doConnect(AbstractPlainSocketImpl.java:399)
	at java.base/java.net.AbstractPlainSocketImpl.connectToAddress(AbstractPlainSocketImpl.java:242)
	at java.base/java.net.AbstractPlainSocketImpl.connect(AbstractPlainSocketImpl.java:224)
	at java.base/java.net.SocksSocketImpl.connect(SocksSocketImpl.java:403)
	at java.base/java.net.Socket.connect(Socket.java:591)
	at java.base/sun.security.ssl.SSLSocketImpl.connect(SSLSocketImpl.java:285)
	at java.base/sun.net.NetworkClient.doConnect(NetworkClient.java:177)
	at java.base/sun.net.www.http.HttpClient.openServer(HttpClient.java:474)
	at java.base/sun.net.www.http.HttpClient.openServer(HttpClient.java:569)
	at java.base/sun.net.www.protocol.https.HttpsClient.<init>(HttpsClient.java:265)
	at java.base/sun.net.www.protocol.https.HttpsClient.New(HttpsClient.java:372)
	at java.base/sun.net.www.protocol.https.AbstractDelegateHttpsURLConnection.getNewHttpClient(AbstractDelegateHttpsURLConnection.java:191)
	at java.base/sun.net.www.protocol.http.HttpURLConnection.plainConnect0(HttpURLConnection.java:1181)
	at java.base/sun.net.www.protocol.http.HttpURLConnection.plainConnect(HttpURLConnection.java:1075)
	at java.base/sun.net.www.protocol.https.AbstractDelegateHttpsURLConnection.connect(AbstractDelegateHttpsURLConnection.java:177)
	at java.base/sun.net.www.protocol.http.HttpURLConnection.getInputStream0(HttpURLConnection.java:1581)
	at java.base/sun.net.www.protocol.http.HttpURLConnection.getInputStream(HttpURLConnection.java:1509)
	at java.base/java.net.HttpURLConnection.getResponseCode(HttpURLConnection.java:527)
	at java.base/sun.net.www.protocol.https.HttpsURLConnectionImpl.getResponseCode(HttpsURLConnectionImpl.java:329)
	at ptolemy.util.FileUtilities.followRedirects(FileUtilities.java:434)
	at ptolemy.util.FileUtilities.openStreamFollowingRedirectsReturningBoth(FileUtilities.java:1011)
	at ptolemy.util.FileUtilities.openStreamFollowingRedirects(FileUtilities.java:952)
	at org.terraswarm.accessor.AccessorLibrary.populate(AccessorLibrary.java:161)
	... 83 more
Caused by: java.net.SocketTimeoutException: connect timed out
	at java.base/java.net.PlainSocketImpl.socketConnect(Native Method)
	at java.base/java.net.AbstractPlainSocketImpl.doConnect(AbstractPlainSocketImpl.java:399)
	at java.base/java.net.AbstractPlainSocketImpl.connectToAddress(AbstractPlainSocketImpl.java:242)
	at java.base/java.net.AbstractPlainSocketImpl.connect(AbstractPlainSocketImpl.java:224)
	at java.base/java.net.SocksSocketImpl.connect(SocksSocketImpl.java:403)
	at java.base/java.net.Socket.connect(Socket.java:591)
	at java.base/sun.security.ssl.SSLSocketImpl.connect(SSLSocketImpl.java:285)
	at java.base/sun.net.NetworkClient.doConnect(NetworkClient.java:177)
	at java.base/sun.net.www.http.HttpClient.openServer(HttpClient.java:474)
	at java.base/sun.net.www.http.HttpClient.openServer(HttpClient.java:569)
	at java.base/sun.net.www.protocol.https.HttpsClient.<init>(HttpsClient.java:265)
	at java.base/sun.net.www.protocol.https.HttpsClient.New(HttpsClient.java:372)
	at java.base/sun.net.www.protocol.https.AbstractDelegateHttpsURLConnection.getNewHttpClient(AbstractDelegateHttpsURLConnection.java:191)
	at java.base/sun.net.www.protocol.http.HttpURLConnection.plainConnect0(HttpURLConnection.java:1181)
	at java.base/sun.net.www.protocol.http.HttpURLConnection.plainConnect(HttpURLConnection.java:1075)
	at java.base/sun.net.www.protocol.https.AbstractDelegateHttpsURLConnection.connect(AbstractDelegateHttpsURLConnection.java:177)
	at java.base/sun.net.www.protocol.http.HttpURLConnection.getInputStream0(HttpURLConnection.java:1581)
	at java.base/sun.net.www.protocol.http.HttpURLConnection.getInputStream(HttpURLConnection.java:1509)
	at java.base/java.net.HttpURLConnection.getResponseCode(HttpURLConnection.java:527)
	at java.base/sun.net.www.protocol.https.HttpsURLConnectionImpl.getResponseCode(HttpsURLConnectionImpl.java:329)
	at ptolemy.util.FileUtilities.followRedirects(FileUtilities.java:434)
	at ptolemy.util.FileUtilities.openStreamFollowingRedirectsReturningBoth(FileUtilities.java:1011)
	at ptolemy.util.FileUtilities.openStreamFollowingRedirects(FileUtilities.java:952)
	at org.terraswarm.accessor.AccessorLibrary.populate(AccessorLibrary.java:161)
	at ptolemy.moml.EntityLibrary.attributeList(EntityLibrary.java:226)
	at jdk.internal.reflect.GeneratedMethodAccessor20.invoke(Unknown Source)
	at java.base/jdk.internal.reflect.DelegatingMethodAccessorImpl.invoke(DelegatingMethodAccessorImpl.java:43)
	at java.base/java.lang.reflect.Method.invoke(Method.java:566)
	at tcl.lang.reflect.PkgInvoker.invokeMethod(PkgInvoker.java:129)
	at tcl.lang.JavaInvoke.call(JavaInvoke.java:253)
	at tcl.lang.JavaInvoke.callMethod(JavaInvoke.java:116)
	at tcl.lang.ReflectObject.cmdProc(ReflectObject.java:727)
	at tcl.lang.Parser.evalObjv(Parser.java:740)
	at tcl.lang.Parser.eval2(Parser.java:1138)
	at tcl.lang.Parser.evalTokens(Parser.java:930)
	at tcl.lang.Parser.eval2(Parser.java:1125)
	at tcl.lang.Interp.eval(Interp.java:1782)
	at tcl.lang.Interp.eval(Interp.java:1841)
	at tcl.lang.IfCmd.cmdProc(IfCmd.java:57)
	at tcl.lang.Parser.evalObjv(Parser.java:740)
	at tcl.lang.Parser.eval2(Parser.java:1138)
	at tcl.lang.Interp.eval(Interp.java:1782)
	at tcl.lang.Interp.eval(Interp.java:1841)
	at tcl.lang.ForCmd.cmdProc(ForCmd.java:57)
	at tcl.lang.AutoloadStub.cmdProc(Extension.java:144)
	at tcl.lang.Parser.evalObjv(Parser.java:740)
	at tcl.lang.Parser.eval2(Parser.java:1138)
	at tcl.lang.Interp.eval(Interp.java:1782)
	at tcl.lang.Interp.eval(Interp.java:1841)
	at tcl.lang.UplevelCmd.cmdProc(UplevelCmd.java:93)
	at tcl.lang.Parser.evalObjv(Parser.java:740)
	at tcl.lang.Parser.eval2(Parser.java:1138)
	at tcl.lang.Interp.eval(Interp.java:1782)
	at tcl.lang.Interp.eval(Interp.java:1841)
	at tcl.lang.CatchCmd.cmdProc(CatchCmd.java:42)
	at tcl.lang.Parser.evalObjv(Parser.java:740)
	at tcl.lang.Parser.eval2(Parser.java:1138)
	at tcl.lang.Parser.evalTokens(Parser.java:930)
	at tcl.lang.Parser.eval2(Parser.java:1125)
	at tcl.lang.Procedure.cmdProc(Procedure.java:175)
	at tcl.lang.Parser.evalObjv(Parser.java:740)
	at tcl.lang.Parser.eval2(Parser.java:1138)
	at tcl.lang.Interp.eval(Interp.java:1782)
	at tcl.lang.Interp.eval(Interp.java:1841)
	at tcl.lang.ForeachCmd.cmdProc(ForeachCmd.java:116)
	at tcl.lang.AutoloadStub.cmdProc(Extension.java:144)
	at tcl.lang.Parser.evalObjv(Parser.java:740)
	at tcl.lang.Parser.eval2(Parser.java:1138)
	at tcl.lang.Interp.eval(Interp.java:1782)
	at tcl.lang.Interp.evalFile(Interp.java:1880)
	at java.base/jdk.internal.reflect.NativeMethodAccessorImpl.invoke0(Native Method)
	at java.base/jdk.internal.reflect.NativeMethodAccessorImpl.invoke(NativeMethodAccessorImpl.java:62)
	at java.base/jdk.internal.reflect.DelegatingMethodAccessorImpl.invoke(DelegatingMethodAccessorImpl.java:43)
	at java.base/java.lang.reflect.Method.invoke(Method.java:566)
	at ptolemy.util.test.junit.TclTests.RunTclFile(TclTests.java:233)
	at java.base/jdk.internal.reflect.NativeMethodAccessorImpl.invoke0(Native Method)
	at java.base/jdk.internal.reflect.NativeMethodAccessorImpl.invoke(NativeMethodAccessorImpl.java:62)
	at java.base/jdk.internal.reflect.DelegatingMethodAccessorImpl.invoke(DelegatingMethodAccessorImpl.java:43)
	at java.base/java.lang.reflect.Method.invoke(Method.java:566)
	at org.junit.runners.model.FrameworkMethod$1.runReflectiveCall(FrameworkMethod.java:44)
	at org.junit.internal.runners.model.ReflectiveCallable.run(ReflectiveCallable.java:15)
	at org.junit.runners.model.FrameworkMethod.invokeExplosively(FrameworkMethod.java:41)
	at junitparams.internal.InvokeParameterisedMethod.evaluate(InvokeParameterisedMethod.java:102)
	at junitparams.internal.ParameterisedTestMethodRunner.runMethodInvoker(ParameterisedTestMethodRunner.java:47)
	at junitparams.internal.ParameterisedTestMethodRunner.runTestMethod(ParameterisedTestMethodRunner.java:41)
	at junitparams.internal.ParameterisedTestClassRunner.runParameterisedTest(ParameterisedTestClassRunner.java:143)
	at junitparams.JUnitParamsRunner.runChild(JUnitParamsRunner.java:237)
	at junitparams.JUnitParamsRunner.runChild(JUnitParamsRunner.java:215)
	at org.junit.runners.ParentRunner$3.run(ParentRunner.java:193)
	at org.junit.runners.ParentRunner$1.schedule(ParentRunner.java:52)
	at org.junit.runners.ParentRunner.runChildren(ParentRunner.java:191)
	at org.junit.runners.ParentRunner.access$000(ParentRunner.java:42)
	at org.junit.runners.ParentRunner$2.evaluate(ParentRunner.java:184)
	at org.junit.internal.runners.statements.RunAfters.evaluate(RunAfters.java:31)
	at org.junit.runners.ParentRunner.run(ParentRunner.java:236)
	at org.junit.runners.Suite.runChild(Suite.java:128)
	at org.junit.runners.Suite.runChild(Suite.java:24)
	at org.junit.runners.ParentRunner$3.run(ParentRunner.java:193)
	at org.junit.runners.ParentRunner$1.schedule(ParentRunner.java:52)
	at org.junit.runners.ParentRunner.runChildren(ParentRunner.java:191)
	at org.junit.runners.ParentRunner.access$000(ParentRunner.java:42)
	at org.junit.runners.ParentRunner$2.evaluate(ParentRunner.java:184)
	at org.junit.runners.ParentRunner.run(ParentRunner.java:236)
	at junit.framework.JUnit4TestAdapter.run(JUnit4TestAdapter.java:39)
	at org.apache.tools.ant.taskdefs.optional.junit.JUnitTestRunner.run(JUnitTestRunner.java:535)
	at org.apache.tools.ant.taskdefs.optional.junit.JUnitTestRunner.launch(JUnitTestRunner.java:1182)
	at org.apache.tools.ant.taskdefs.optional.junit.JUnitTestRunner.main(JUnitTestRunner.java:1033)

    while executing
ptolemy.kernel.util.InvalidStateException: Failed to populate Library
  in .configuration.actor library.MoreLibraries.Accessors.devices
Because:
Cannot open index file: https://accessors.org/devices/index.json
  in .configuration.actor library.MoreLibraries.Accessors.devices
Because:
connect timed out
    while executing
"$entityLibrary attributeList"
    invoked from within
"set attributes [$entityLibrary attributeList]"
    invoked from within
"if [java::instanceof $object ptolemy.moml.EntityLibrary] {
        	    #puts "---------- [$object toString]"

        	    # FIXME: I don't understan..."
    ("for" body line 4)
    invoked from within
"for {set iterator [$entityList iterator]}  {[$iterator hasNext] == 1} {} {
        	set object [$iterator next]
        	#puts "6Attribute: [$object t..."
    ("uplevel" body line 16)
    invoked from within
"uplevel $contents_of_test"
-------> Before clone
-------> after clone
Retrieving library from https://accessors.org/image/index.json
Retrieving library from https://accessors.org/net/index.json
Loading accessor failed: Discovery.js
Loading accessor failed: AprilTags.js


==== $PTII/ptolemy/configs/test/allConfigs.tcl: full/configuration.xml-6.1 Test that clone(Workspace) works on a new Actor.  Creating kars in Kepler does this.
==== Contents of test case:

        # In general, if we call getName on a public field in an actor,
        # then the name that is returned should be the same as the name
        # of the field.
        puts "-------> Before clone"
        set cloneConfiguration [java::cast ptolemy.kernel.CompositeEntity [$configuration clone [java::new ptolemy.kernel.util.Workspace {clonedWorkspace}]]]
        puts "-------> after clone"
        set workspace61 [java::new ptolemy.kernel.util.Workspace "workspace61"]
        set compositeEntity61 [java::new ptolemy.kernel.CompositeEntity $workspace61]
        set workspace61Clone [java::new ptolemy.kernel.util.Workspace "workspace61Clone"]
        set entityList [$configuration allAtomicEntityList]
        set results {}
        for {set iterator [$entityList iterator]}  {[$iterator hasNext] == 1} {} {
            set entity [$iterator next]
            if [java::instanceof $entity ptolemy.actor.TypedAtomicActor] {
        	set actor [java::cast ptolemy.actor.TypedAtomicActor $entity]
        	set className [$actor getClassName]
        	# Create a new actor
        	set newActor [java::new $className $compositeEntity61 [$compositeEntity61 uniqueName [split $className . ]]]
        	# Clone it.
        	if [catch {set clonedActor [$newActor clone $workspace61Clone]} errMsg] {
        	    lappend $results "Cloning $className failed:\n$errMsg:\n[jdkStackTrace]\n"
        	}
        	[java::cast ptolemy.kernel.ComponentEntity $clonedActor] setContainer [java::null]
                $newActor setContainer [java::null]
                $actor setContainer [java::null]
            }
        }
        [java::cast ptolemy.kernel.CompositeEntity $compositeEntity61] setContainer [java::null]
        $cloneConfiguration setContainer [java::null]
        list $results
    
==== Test generated error:
    while executing
ptolemy.kernel.util.InvalidStateException: Failed to populate Library
  in .configuration.actor library.MoreLibraries.Accessors.image
Because:
Loading accessor failed: AprilTags.js
  in .configuration.actor library.MoreLibraries.Accessors.image
Because:
connect timed out
	at org.terraswarm.accessor.AccessorLibrary.populate(AccessorLibrary.java:307)
	at ptolemy.moml.EntityLibrary.deepEntityList(EntityLibrary.java:349)
	at ptolemy.kernel.CompositeEntity.deepEntityList(CompositeEntity.java:714)
	at ptolemy.moml.EntityLibrary.deepEntityList(EntityLibrary.java:350)
	at ptolemy.kernel.CompositeEntity.deepEntityList(CompositeEntity.java:714)
	at ptolemy.moml.EntityLibrary.deepEntityList(EntityLibrary.java:350)
	at ptolemy.kernel.CompositeEntity.deepEntityList(CompositeEntity.java:714)
	at ptolemy.kernel.CompositeEntity.deepEntityList(CompositeEntity.java:714)
	at ptolemy.kernel.CompositeEntity.allAtomicEntityList(CompositeEntity.java:188)
	at java.base/jdk.internal.reflect.NativeMethodAccessorImpl.invoke0(Native Method)
	at java.base/jdk.internal.reflect.NativeMethodAccessorImpl.invoke(NativeMethodAccessorImpl.java:62)
	at java.base/jdk.internal.reflect.DelegatingMethodAccessorImpl.invoke(DelegatingMethodAccessorImpl.java:43)
	at java.base/java.lang.reflect.Method.invoke(Method.java:566)
	at tcl.lang.reflect.PkgInvoker.invokeMethod(PkgInvoker.java:129)
	at tcl.lang.JavaInvoke.call(JavaInvoke.java:253)
	at tcl.lang.JavaInvoke.callMethod(JavaInvoke.java:116)
	at tcl.lang.ReflectObject.cmdProc(ReflectObject.java:727)
	at tcl.lang.Parser.evalObjv(Parser.java:740)
	at tcl.lang.Parser.eval2(Parser.java:1138)
	at tcl.lang.Parser.evalTokens(Parser.java:930)
	at tcl.lang.Parser.eval2(Parser.java:1125)
	at tcl.lang.Interp.eval(Interp.java:1782)
	at tcl.lang.Interp.eval(Interp.java:1841)
	at tcl.lang.UplevelCmd.cmdProc(UplevelCmd.java:93)
	at tcl.lang.Parser.evalObjv(Parser.java:740)
	at tcl.lang.Parser.eval2(Parser.java:1138)
	at tcl.lang.Interp.eval(Interp.java:1782)
	at tcl.lang.Interp.eval(Interp.java:1841)
	at tcl.lang.CatchCmd.cmdProc(CatchCmd.java:42)
	at tcl.lang.Parser.evalObjv(Parser.java:740)
	at tcl.lang.Parser.eval2(Parser.java:1138)
	at tcl.lang.Parser.evalTokens(Parser.java:930)
	at tcl.lang.Parser.eval2(Parser.java:1125)
	at tcl.lang.Procedure.cmdProc(Procedure.java:175)
	at tcl.lang.Parser.evalObjv(Parser.java:740)
	at tcl.lang.Parser.eval2(Parser.java:1138)
	at tcl.lang.Interp.eval(Interp.java:1782)
	at tcl.lang.Interp.eval(Interp.java:1841)
	at tcl.lang.ForeachCmd.cmdProc(ForeachCmd.java:116)
	at tcl.lang.AutoloadStub.cmdProc(Extension.java:144)
	at tcl.lang.Parser.evalObjv(Parser.java:740)
	at tcl.lang.Parser.eval2(Parser.java:1138)
	at tcl.lang.Interp.eval(Interp.java:1782)
	at tcl.lang.Interp.evalFile(Interp.java:1880)
	at java.base/jdk.internal.reflect.NativeMethodAccessorImpl.invoke0(Native Method)
	at java.base/jdk.internal.reflect.NativeMethodAccessorImpl.invoke(NativeMethodAccessorImpl.java:62)
	at java.base/jdk.internal.reflect.DelegatingMethodAccessorImpl.invoke(DelegatingMethodAccessorImpl.java:43)
	at java.base/java.lang.reflect.Method.invoke(Method.java:566)
	at ptolemy.util.test.junit.TclTests.RunTclFile(TclTests.java:233)
	at java.base/jdk.internal.reflect.NativeMethodAccessorImpl.invoke0(Native Method)
	at java.base/jdk.internal.reflect.NativeMethodAccessorImpl.invoke(NativeMethodAccessorImpl.java:62)
	at java.base/jdk.internal.reflect.DelegatingMethodAccessorImpl.invoke(DelegatingMethodAccessorImpl.java:43)
	at java.base/java.lang.reflect.Method.invoke(Method.java:566)
	at org.junit.runners.model.FrameworkMethod$1.runReflectiveCall(FrameworkMethod.java:44)
	at org.junit.internal.runners.model.ReflectiveCallable.run(ReflectiveCallable.java:15)
	at org.junit.runners.model.FrameworkMethod.invokeExplosively(FrameworkMethod.java:41)
	at junitparams.internal.InvokeParameterisedMethod.evaluate(InvokeParameterisedMethod.java:102)
	at junitparams.internal.ParameterisedTestMethodRunner.runMethodInvoker(ParameterisedTestMethodRunner.java:47)
	at junitparams.internal.ParameterisedTestMethodRunner.runTestMethod(ParameterisedTestMethodRunner.java:41)
	at junitparams.internal.ParameterisedTestClassRunner.runParameterisedTest(ParameterisedTestClassRunner.java:143)
	at junitparams.JUnitParamsRunner.runChild(JUnitParamsRunner.java:237)
	at junitparams.JUnitParamsRunner.runChild(JUnitParamsRunner.java:215)
	at org.junit.runners.ParentRunner$3.run(ParentRunner.java:193)
	at org.junit.runners.ParentRunner$1.schedule(ParentRunner.java:52)
	at org.junit.runners.ParentRunner.runChildren(ParentRunner.java:191)
	at org.junit.runners.ParentRunner.access$000(ParentRunner.java:42)
	at org.junit.runners.ParentRunner$2.evaluate(ParentRunner.java:184)
	at org.junit.internal.runners.statements.RunAfters.evaluate(RunAfters.java:31)
	at org.junit.runners.ParentRunner.run(ParentRunner.java:236)
	at org.junit.runners.Suite.runChild(Suite.java:128)
	at org.junit.runners.Suite.runChild(Suite.java:24)
	at org.junit.runners.ParentRunner$3.run(ParentRunner.java:193)
	at org.junit.runners.ParentRunner$1.schedule(ParentRunner.java:52)
	at org.junit.runners.ParentRunner.runChildren(ParentRunner.java:191)
	at org.junit.runners.ParentRunner.access$000(ParentRunner.java:42)
	at org.junit.runners.ParentRunner$2.evaluate(ParentRunner.java:184)
	at org.junit.runners.ParentRunner.run(ParentRunner.java:236)
	at junit.framework.JUnit4TestAdapter.run(JUnit4TestAdapter.java:39)
	at org.apache.tools.ant.taskdefs.optional.junit.JUnitTestRunner.run(JUnitTestRunner.java:535)
	at org.apache.tools.ant.taskdefs.optional.junit.JUnitTestRunner.launch(JUnitTestRunner.java:1182)
	at org.apache.tools.ant.taskdefs.optional.junit.JUnitTestRunner.main(JUnitTestRunner.java:1033)
Caused by: ptolemy.kernel.util.InternalErrorException: Loading accessor failed: AprilTags.js
  in .configuration.actor library.MoreLibraries.Accessors.image
Because:
connect timed out
	at org.terraswarm.accessor.AccessorLibrary.populate(AccessorLibrary.java:224)
	... 80 more
Caused by: java.net.SocketTimeoutException: connect timed out
	at java.base/java.net.PlainSocketImpl.socketConnect(Native Method)
	at java.base/java.net.AbstractPlainSocketImpl.doConnect(AbstractPlainSocketImpl.java:399)
	at java.base/java.net.AbstractPlainSocketImpl.connectToAddress(AbstractPlainSocketImpl.java:242)
	at java.base/java.net.AbstractPlainSocketImpl.connect(AbstractPlainSocketImpl.java:224)
	at java.base/java.net.SocksSocketImpl.connect(SocksSocketImpl.java:403)
	at java.base/java.net.Socket.connect(Socket.java:591)
	at java.base/sun.security.ssl.SSLSocketImpl.connect(SSLSocketImpl.java:285)
	at java.base/sun.net.NetworkClient.doConnect(NetworkClient.java:177)
	at java.base/sun.net.www.http.HttpClient.openServer(HttpClient.java:474)
	at java.base/sun.net.www.http.HttpClient.openServer(HttpClient.java:569)
	at java.base/sun.net.www.protocol.https.HttpsClient.<init>(HttpsClient.java:265)
	at java.base/sun.net.www.protocol.https.HttpsClient.New(HttpsClient.java:372)
	at java.base/sun.net.www.protocol.https.AbstractDelegateHttpsURLConnection.getNewHttpClient(AbstractDelegateHttpsURLConnection.java:191)
	at java.base/sun.net.www.protocol.http.HttpURLConnection.plainConnect0(HttpURLConnection.java:1181)
	at java.base/sun.net.www.protocol.http.HttpURLConnection.plainConnect(HttpURLConnection.java:1075)
	at java.base/sun.net.www.protocol.https.AbstractDelegateHttpsURLConnection.connect(AbstractDelegateHttpsURLConnection.java:177)
	at java.base/sun.net.www.protocol.http.HttpURLConnection.getInputStream0(HttpURLConnection.java:1581)
	at java.base/sun.net.www.protocol.http.HttpURLConnection.getInputStream(HttpURLConnection.java:1509)
	at java.base/java.net.HttpURLConnection.getResponseCode(HttpURLConnection.java:527)
	at java.base/sun.net.www.protocol.https.HttpsURLConnectionImpl.getResponseCode(HttpsURLConnectionImpl.java:329)
	at ptolemy.util.FileUtilities.followRedirects(FileUtilities.java:434)
	at ptolemy.moml.MoMLParser.parse(MoMLParser.java:1676)
	at ptolemy.moml.MoMLParser.parse(MoMLParser.java:1617)
	at ptolemy.moml.MoMLParser.parse(MoMLParser.java:1792)
	at org.terraswarm.accessor.AccessorLibrary.populate(AccessorLibrary.java:194)
	... 80 more
Caused by: ptolemy.kernel.util.InternalErrorException: Loading accessor failed: AprilTags.js
  in .configuration.actor library.MoreLibraries.Accessors.image
Because:
connect timed out
	at org.terraswarm.accessor.AccessorLibrary.populate(AccessorLibrary.java:224)
	at ptolemy.moml.EntityLibrary.deepEntityList(EntityLibrary.java:349)
	at ptolemy.kernel.CompositeEntity.deepEntityList(CompositeEntity.java:714)
	at ptolemy.moml.EntityLibrary.deepEntityList(EntityLibrary.java:350)
	at ptolemy.kernel.CompositeEntity.deepEntityList(CompositeEntity.java:714)
	at ptolemy.moml.EntityLibrary.deepEntityList(EntityLibrary.java:350)
	at ptolemy.kernel.CompositeEntity.deepEntityList(CompositeEntity.java:714)
	at ptolemy.kernel.CompositeEntity.deepEntityList(CompositeEntity.java:714)
	at ptolemy.kernel.CompositeEntity.allAtomicEntityList(CompositeEntity.java:188)
	at java.base/jdk.internal.reflect.NativeMethodAccessorImpl.invoke0(Native Method)
	at java.base/jdk.internal.reflect.NativeMethodAccessorImpl.invoke(NativeMethodAccessorImpl.java:62)
	at java.base/jdk.internal.reflect.DelegatingMethodAccessorImpl.invoke(DelegatingMethodAccessorImpl.java:43)
	at java.base/java.lang.reflect.Method.invoke(Method.java:566)
	at tcl.lang.reflect.PkgInvoker.invokeMethod(PkgInvoker.java:129)
	at tcl.lang.JavaInvoke.call(JavaInvoke.java:253)
	at tcl.lang.JavaInvoke.callMethod(JavaInvoke.java:116)
	at tcl.lang.ReflectObject.cmdProc(ReflectObject.java:727)
	at tcl.lang.Parser.evalObjv(Parser.java:740)
	at tcl.lang.Parser.eval2(Parser.java:1138)
	at tcl.lang.Parser.evalTokens(Parser.java:930)
	at tcl.lang.Parser.eval2(Parser.java:1125)
	at tcl.lang.Interp.eval(Interp.java:1782)
	at tcl.lang.Interp.eval(Interp.java:1841)
	at tcl.lang.UplevelCmd.cmdProc(UplevelCmd.java:93)
	at tcl.lang.Parser.evalObjv(Parser.java:740)
	at tcl.lang.Parser.eval2(Parser.java:1138)
	at tcl.lang.Interp.eval(Interp.java:1782)
	at tcl.lang.Interp.eval(Interp.java:1841)
	at tcl.lang.CatchCmd.cmdProc(CatchCmd.java:42)
	at tcl.lang.Parser.evalObjv(Parser.java:740)
	at tcl.lang.Parser.eval2(Parser.java:1138)
	at tcl.lang.Parser.evalTokens(Parser.java:930)
	at tcl.lang.Parser.eval2(Parser.java:1125)
	at tcl.lang.Procedure.cmdProc(Procedure.java:175)
	at tcl.lang.Parser.evalObjv(Parser.java:740)
	at tcl.lang.Parser.eval2(Parser.java:1138)
	at tcl.lang.Interp.eval(Interp.java:1782)
	at tcl.lang.Interp.eval(Interp.java:1841)
	at tcl.lang.ForeachCmd.cmdProc(ForeachCmd.java:116)
	at tcl.lang.AutoloadStub.cmdProc(Extension.java:144)
	at tcl.lang.Parser.evalObjv(Parser.java:740)
	at tcl.lang.Parser.eval2(Parser.java:1138)
	at tcl.lang.Interp.eval(Interp.java:1782)
	at tcl.lang.Interp.evalFile(Interp.java:1880)
	at java.base/jdk.internal.reflect.NativeMethodAccessorImpl.invoke0(Native Method)
	at java.base/jdk.internal.reflect.NativeMethodAccessorImpl.invoke(NativeMethodAccessorImpl.java:62)
	at java.base/jdk.internal.reflect.DelegatingMethodAccessorImpl.invoke(DelegatingMethodAccessorImpl.java:43)
	at java.base/java.lang.reflect.Method.invoke(Method.java:566)
	at ptolemy.util.test.junit.TclTests.RunTclFile(TclTests.java:233)
	at java.base/jdk.internal.reflect.NativeMethodAccessorImpl.invoke0(Native Method)
	at java.base/jdk.internal.reflect.NativeMethodAccessorImpl.invoke(NativeMethodAccessorImpl.java:62)
	at java.base/jdk.internal.reflect.DelegatingMethodAccessorImpl.invoke(DelegatingMethodAccessorImpl.java:43)
	at java.base/java.lang.reflect.Method.invoke(Method.java:566)
	at org.junit.runners.model.FrameworkMethod$1.runReflectiveCall(FrameworkMethod.java:44)
	at org.junit.internal.runners.model.ReflectiveCallable.run(ReflectiveCallable.java:15)
	at org.junit.runners.model.FrameworkMethod.invokeExplosively(FrameworkMethod.java:41)
	at junitparams.internal.InvokeParameterisedMethod.evaluate(InvokeParameterisedMethod.java:102)
	at junitparams.internal.ParameterisedTestMethodRunner.runMethodInvoker(ParameterisedTestMethodRunner.java:47)
	at junitparams.internal.ParameterisedTestMethodRunner.runTestMethod(ParameterisedTestMethodRunner.java:41)
	at junitparams.internal.ParameterisedTestClassRunner.runParameterisedTest(ParameterisedTestClassRunner.java:143)
	at junitparams.JUnitParamsRunner.runChild(JUnitParamsRunner.java:237)
	at junitparams.JUnitParamsRunner.runChild(JUnitParamsRunner.java:215)
	at org.junit.runners.ParentRunner$3.run(ParentRunner.java:193)
	at org.junit.runners.ParentRunner$1.schedule(ParentRunner.java:52)
	at org.junit.runners.ParentRunner.runChildren(ParentRunner.java:191)
	at org.junit.runners.ParentRunner.access$000(ParentRunner.java:42)
	at org.junit.runners.ParentRunner$2.evaluate(ParentRunner.java:184)
	at org.junit.internal.runners.statements.RunAfters.evaluate(RunAfters.java:31)
	at org.junit.runners.ParentRunner.run(ParentRunner.java:236)
	at org.junit.runners.Suite.runChild(Suite.java:128)
	at org.junit.runners.Suite.runChild(Suite.java:24)
	at org.junit.runners.ParentRunner$3.run(ParentRunner.java:193)
	at org.junit.runners.ParentRunner$1.schedule(ParentRunner.java:52)
	at org.junit.runners.ParentRunner.runChildren(ParentRunner.java:191)
	at org.junit.runners.ParentRunner.access$000(ParentRunner.java:42)
	at org.junit.runners.ParentRunner$2.evaluate(ParentRunner.java:184)
	at org.junit.runners.ParentRunner.run(ParentRunner.java:236)
	at junit.framework.JUnit4TestAdapter.run(JUnit4TestAdapter.java:39)
	at org.apache.tools.ant.taskdefs.optional.junit.JUnitTestRunner.run(JUnitTestRunner.java:535)
	at org.apache.tools.ant.taskdefs.optional.junit.JUnitTestRunner.launch(JUnitTestRunner.java:1182)
	at org.apache.tools.ant.taskdefs.optional.junit.JUnitTestRunner.main(JUnitTestRunner.java:1033)
Caused by: java.net.SocketTimeoutException: connect timed out
	at java.base/java.net.PlainSocketImpl.socketConnect(Native Method)
	at java.base/java.net.AbstractPlainSocketImpl.doConnect(AbstractPlainSocketImpl.java:399)
	at java.base/java.net.AbstractPlainSocketImpl.connectToAddress(AbstractPlainSocketImpl.java:242)
	at java.base/java.net.AbstractPlainSocketImpl.connect(AbstractPlainSocketImpl.java:224)
	at java.base/java.net.SocksSocketImpl.connect(SocksSocketImpl.java:403)
	at java.base/java.net.Socket.connect(Socket.java:591)
	at java.base/sun.security.ssl.SSLSocketImpl.connect(SSLSocketImpl.java:285)
	at java.base/sun.net.NetworkClient.doConnect(NetworkClient.java:177)
	at java.base/sun.net.www.http.HttpClient.openServer(HttpClient.java:474)
	at java.base/sun.net.www.http.HttpClient.openServer(HttpClient.java:569)
	at java.base/sun.net.www.protocol.https.HttpsClient.<init>(HttpsClient.java:265)
	at java.base/sun.net.www.protocol.https.HttpsClient.New(HttpsClient.java:372)
	at java.base/sun.net.www.protocol.https.AbstractDelegateHttpsURLConnection.getNewHttpClient(AbstractDelegateHttpsURLConnection.java:191)
	at java.base/sun.net.www.protocol.http.HttpURLConnection.plainConnect0(HttpURLConnection.java:1181)
	at java.base/sun.net.www.protocol.http.HttpURLConnection.plainConnect(HttpURLConnection.java:1075)
	at java.base/sun.net.www.protocol.https.AbstractDelegateHttpsURLConnection.connect(AbstractDelegateHttpsURLConnection.java:177)
	at java.base/sun.net.www.protocol.http.HttpURLConnection.getInputStream0(HttpURLConnection.java:1581)
	at java.base/sun.net.www.protocol.http.HttpURLConnection.getInputStream(HttpURLConnection.java:1509)
	at java.base/java.net.HttpURLConnection.getResponseCode(HttpURLConnection.java:527)
	at java.base/sun.net.www.protocol.https.HttpsURLConnectionImpl.getResponseCode(HttpsURLConnectionImpl.java:329)
	at ptolemy.util.FileUtilities.followRedirects(FileUtilities.java:434)
	at ptolemy.moml.MoMLParser.parse(MoMLParser.java:1676)
	at ptolemy.moml.MoMLParser.parse(MoMLParser.java:1617)
	at ptolemy.moml.MoMLParser.parse(MoMLParser.java:1792)
	at org.terraswarm.accessor.AccessorLibrary.populate(AccessorLibrary.java:194)
	... 80 more
Caused by: java.net.SocketTimeoutException: connect timed out
	at java.base/java.net.PlainSocketImpl.socketConnect(Native Method)
	at java.base/java.net.AbstractPlainSocketImpl.doConnect(AbstractPlainSocketImpl.java:399)
	at java.base/java.net.AbstractPlainSocketImpl.connectToAddress(AbstractPlainSocketImpl.java:242)
	at java.base/java.net.AbstractPlainSocketImpl.connect(AbstractPlainSocketImpl.java:224)
	at java.base/java.net.SocksSocketImpl.connect(SocksSocketImpl.java:403)
	at java.base/java.net.Socket.connect(Socket.java:591)
	at java.base/sun.security.ssl.SSLSocketImpl.connect(SSLSocketImpl.java:285)
	at java.base/sun.net.NetworkClient.doConnect(NetworkClient.java:177)
	at java.base/sun.net.www.http.HttpClient.openServer(HttpClient.java:474)
	at java.base/sun.net.www.http.HttpClient.openServer(HttpClient.java:569)
	at java.base/sun.net.www.protocol.https.HttpsClient.<init>(HttpsClient.java:265)
	at java.base/sun.net.www.protocol.https.HttpsClient.New(HttpsClient.java:372)
	at java.base/sun.net.www.protocol.https.AbstractDelegateHttpsURLConnection.getNewHttpClient(AbstractDelegateHttpsURLConnection.java:191)
	at java.base/sun.net.www.protocol.http.HttpURLConnection.plainConnect0(HttpURLConnection.java:1181)
	at java.base/sun.net.www.protocol.http.HttpURLConnection.plainConnect(HttpURLConnection.java:1075)
	at java.base/sun.net.www.protocol.https.AbstractDelegateHttpsURLConnection.connect(AbstractDelegateHttpsURLConnection.java:177)
	at java.base/sun.net.www.protocol.http.HttpURLConnection.getInputStream0(HttpURLConnection.java:1581)
	at java.base/sun.net.www.protocol.http.HttpURLConnection.getInputStream(HttpURLConnection.java:1509)
	at java.base/java.net.HttpURLConnection.getResponseCode(HttpURLConnection.java:527)
	at java.base/sun.net.www.protocol.https.HttpsURLConnectionImpl.getResponseCode(HttpsURLConnectionImpl.java:329)
	at ptolemy.util.FileUtilities.followRedirects(FileUtilities.java:434)
	at ptolemy.moml.MoMLParser.parse(MoMLParser.java:1676)
	at ptolemy.moml.MoMLParser.parse(MoMLParser.java:1617)
	at ptolemy.moml.MoMLParser.parse(MoMLParser.java:1792)
	at org.terraswarm.accessor.AccessorLibrary.populate(AccessorLibrary.java:194)
	at ptolemy.moml.EntityLibrary.deepEntityList(EntityLibrary.java:349)
	at ptolemy.kernel.CompositeEntity.deepEntityList(CompositeEntity.java:714)
	at ptolemy.moml.EntityLibrary.deepEntityList(EntityLibrary.java:350)
	at ptolemy.kernel.CompositeEntity.deepEntityList(CompositeEntity.java:714)
	at ptolemy.moml.EntityLibrary.deepEntityList(EntityLibrary.java:350)
	at ptolemy.kernel.CompositeEntity.deepEntityList(CompositeEntity.java:714)
	at ptolemy.kernel.CompositeEntity.deepEntityList(CompositeEntity.java:714)
	at ptolemy.kernel.CompositeEntity.allAtomicEntityList(CompositeEntity.java:188)
	at java.base/jdk.internal.reflect.NativeMethodAccessorImpl.invoke0(Native Method)
	at java.base/jdk.internal.reflect.NativeMethodAccessorImpl.invoke(NativeMethodAccessorImpl.java:62)
	at java.base/jdk.internal.reflect.DelegatingMethodAccessorImpl.invoke(DelegatingMethodAccessorImpl.java:43)
	at java.base/java.lang.reflect.Method.invoke(Method.java:566)
	at tcl.lang.reflect.PkgInvoker.invokeMethod(PkgInvoker.java:129)
	at tcl.lang.JavaInvoke.call(JavaInvoke.java:253)
	at tcl.lang.JavaInvoke.callMethod(JavaInvoke.java:116)
	at tcl.lang.ReflectObject.cmdProc(ReflectObject.java:727)
	at tcl.lang.Parser.evalObjv(Parser.java:740)
	at tcl.lang.Parser.eval2(Parser.java:1138)
	at tcl.lang.Parser.evalTokens(Parser.java:930)
	at tcl.lang.Parser.eval2(Parser.java:1125)
	at tcl.lang.Interp.eval(Interp.java:1782)
	at tcl.lang.Interp.eval(Interp.java:1841)
	at tcl.lang.UplevelCmd.cmdProc(UplevelCmd.java:93)
	at tcl.lang.Parser.evalObjv(Parser.java:740)
	at tcl.lang.Parser.eval2(Parser.java:1138)
	at tcl.lang.Interp.eval(Interp.java:1782)
	at tcl.lang.Interp.eval(Interp.java:1841)
	at tcl.lang.CatchCmd.cmdProc(CatchCmd.java:42)
	at tcl.lang.Parser.evalObjv(Parser.java:740)
	at tcl.lang.Parser.eval2(Parser.java:1138)
	at tcl.lang.Parser.evalTokens(Parser.java:930)
	at tcl.lang.Parser.eval2(Parser.java:1125)
	at tcl.lang.Procedure.cmdProc(Procedure.java:175)
	at tcl.lang.Parser.evalObjv(Parser.java:740)
	at tcl.lang.Parser.eval2(Parser.java:1138)
	at tcl.lang.Interp.eval(Interp.java:1782)
	at tcl.lang.Interp.eval(Interp.java:1841)
	at tcl.lang.ForeachCmd.cmdProc(ForeachCmd.java:116)
	at tcl.lang.AutoloadStub.cmdProc(Extension.java:144)
	at tcl.lang.Parser.evalObjv(Parser.java:740)
	at tcl.lang.Parser.eval2(Parser.java:1138)
	at tcl.lang.Interp.eval(Interp.java:1782)
	at tcl.lang.Interp.evalFile(Interp.java:1880)
	at java.base/jdk.internal.reflect.NativeMethodAccessorImpl.invoke0(Native Method)
	at java.base/jdk.internal.reflect.NativeMethodAccessorImpl.invoke(NativeMethodAccessorImpl.java:62)
	at java.base/jdk.internal.reflect.DelegatingMethodAccessorImpl.invoke(DelegatingMethodAccessorImpl.java:43)
	at java.base/java.lang.reflect.Method.invoke(Method.java:566)
	at ptolemy.util.test.junit.TclTests.RunTclFile(TclTests.java:233)
	at java.base/jdk.internal.reflect.NativeMethodAccessorImpl.invoke0(Native Method)
	at java.base/jdk.internal.reflect.NativeMethodAccessorImpl.invoke(NativeMethodAccessorImpl.java:62)
	at java.base/jdk.internal.reflect.DelegatingMethodAccessorImpl.invoke(DelegatingMethodAccessorImpl.java:43)
	at java.base/java.lang.reflect.Method.invoke(Method.java:566)
	at org.junit.runners.model.FrameworkMethod$1.runReflectiveCall(FrameworkMethod.java:44)
	at org.junit.internal.runners.model.ReflectiveCallable.run(ReflectiveCallable.java:15)
	at org.junit.runners.model.FrameworkMethod.invokeExplosively(FrameworkMethod.java:41)
	at junitparams.internal.InvokeParameterisedMethod.evaluate(InvokeParameterisedMethod.java:102)
	at junitparams.internal.ParameterisedTestMethodRunner.runMethodInvoker(ParameterisedTestMethodRunner.java:47)
	at junitparams.internal.ParameterisedTestMethodRunner.runTestMethod(ParameterisedTestMethodRunner.java:41)
	at junitparams.internal.ParameterisedTestClassRunner.runParameterisedTest(ParameterisedTestClassRunner.java:143)
	at junitparams.JUnitParamsRunner.runChild(JUnitParamsRunner.java:237)
	at junitparams.JUnitParamsRunner.runChild(JUnitParamsRunner.java:215)
	at org.junit.runners.ParentRunner$3.run(ParentRunner.java:193)
	at org.junit.runners.ParentRunner$1.schedule(ParentRunner.java:52)
	at org.junit.runners.ParentRunner.runChildren(ParentRunner.java:191)
	at org.junit.runners.ParentRunner.access$000(ParentRunner.java:42)
	at org.junit.runners.ParentRunner$2.evaluate(ParentRunner.java:184)
	at org.junit.internal.runners.statements.RunAfters.evaluate(RunAfters.java:31)
	at org.junit.runners.ParentRunner.run(ParentRunner.java:236)
	at org.junit.runners.Suite.runChild(Suite.java:128)
	at org.junit.runners.Suite.runChild(Suite.java:24)
	at org.junit.runners.ParentRunner$3.run(ParentRunner.java:193)
	at org.junit.runners.ParentRunner$1.schedule(ParentRunner.java:52)
	at org.junit.runners.ParentRunner.runChildren(ParentRunner.java:191)
	at org.junit.runners.ParentRunner.access$000(ParentRunner.java:42)
	at org.junit.runners.ParentRunner$2.evaluate(ParentRunner.java:184)
	at org.junit.runners.ParentRunner.run(ParentRunner.java:236)
	at junit.framework.JUnit4TestAdapter.run(JUnit4TestAdapter.java:39)
	at org.apache.tools.ant.taskdefs.optional.junit.JUnitTestRunner.run(JUnitTestRunner.java:535)
	at org.apache.tools.ant.taskdefs.optional.junit.JUnitTestRunner.launch(JUnitTestRunner.java:1182)
	at org.apache.tools.ant.taskdefs.optional.junit.JUnitTestRunner.main(JUnitTestRunner.java:1033)

    while executing
ptolemy.kernel.util.InvalidStateException: Failed to populate Library
  in .configuration.actor library.MoreLibraries.Accessors.image
Because:
Loading accessor failed: AprilTags.js
  in .configuration.actor library.MoreLibraries.Accessors.image
Because:
connect timed out
    while executing
"$configuration allAtomicEntityList"
    invoked from within
"set entityList [$configuration allAtomicEntityList]"
    ("uplevel" body line 11)
    invoked from within
"uplevel $contents_of_test"
471798 ms. Memory: 550912K Free: 274362K (50%)
The time is 07:34:47
Setting containers of atomic entities to null
Retrieving library from https://accessors.org/robotics/index.json
Retrieving library from https://accessors.org/geodesy/index.json
Cannot open index file: https://accessors.org/geodesy/index.json
Loading accessor failed: RosNavigationPose.js
/home/travis/build/icyphy/ptII/ptolemy/configs/test/allDemos.tcl
Skipping allDemos-1.0, use cd /home/travis/build/icyphy/ptII/ptolemy/configs/test/../../..; ant test.single -Dtest.name=ptolemy.vergil.basic.export.test.junit.ExportModelJUnitTest
/home/travis/build/icyphy/ptII/ptolemy/configs/test/cloneTest.tcl
Simple standalone clone test
The constraints of the master:
  1. (TypeConstant, arrayType(double,2)) <= (variable .Top.Map.origin: arrayType(double))
  2. (TypeConstant, double) <= (variable .Top.Map.resolution: double)
  3. (TypeConstant, {grid = arrayType(int,2), height = int, width = int}) <= (variable .Top.Map.map: {grid = arrayType(int), height = int, width = int})
  4. (port .Top.Map.map: unknown) <= (variable .Top.Map.map: {grid = arrayType(int), height = int, width = int})
  5. (variable .Top.Map.map: {grid = arrayType(int), height = int, width = int}) <= (port .Top.Map.map: unknown)
The constraints of the clone:
  1. (TypeConstant, arrayType(double,2)) <= (variable .Top.Map.origin: arrayType(double))
  2. (TypeConstant, double) <= (variable .Top.Map.resolution: double)
  3. (TypeConstant, {grid = arrayType(int,2), height = int, width = int}) <= (variable .Top.Map.map: {grid = arrayType(int), height = int, width = int})
  4. (port .Top.Map.map: unknown) <= (variable .Top.Map.map: {grid = arrayType(int), height = int, width = int})
  5. (variable .Top.Map.map: {grid = arrayType(int), height = int, width = int}) <= (port .Top.Map.map: unknown)
Congrats, the constraints are the same.
/home/travis/build/icyphy/ptII/ptolemy/configs/test/configurationTools.tcl
/home/travis/build/icyphy/ptII/ptolemy/configs/test/missingDemos.tcl
Updating /home/travis/build/icyphy/ptII/ptolemy/configs/test/../../../ptolemy/configs/doc/models.txt.  This could take a minute.
Done updating /home/travis/build/icyphy/ptII/ptolemy/configs/test/../../../ptolemy/configs/doc/models.txt
Stderr for 'make -C ../doc missingDemos' was
--start--

--end--
Stderr for '/home/travis/build/icyphy/ptII/ptolemy/configs/test/../../../ptolemy/configs/test/missingDemos' was
--start--

--end--
/home/travis/build/icyphy/ptII/ptolemy/configs/test/validDemos.tcl
Validating the xml in /auto/ xml files after removing the configure blocks
.........................................................................................................................................................................................................................................................................................................................................................................................................................................................................................................................................................................................................................................................................................................................................................................................................................................................................................................................................................................................................................................................................................................................................................................................................................................................................................................................................................................................................................................................................................................................................................................................................................................................................................................................................................................................................................................................................................................................................................................................................................................................................................................................................................................................................................................................................................................................................................................................................................................................................................................................................................................................................................................................................................................................................................................................................Could not parse /home/travis/build/icyphy/ptII/ptolemy/configs/test/../../../org/terraswarm/accessor/test/auto/accessors/Accessor2.xml, file /tmp/validDemos11018728543212824880.xml was
<?xml version="1.0" encoding="utf-8"?>
<!DOCTYPE class PUBLIC "-//TerraSwarm//DTD Accessor 1//EN"
    "https://accessors.org/Accessor_1.dtd">
<class name="Accessor2" extends="org.terraswarm.JSAccessor">
  <version>0.1</version>
  <author>Edward A. Lee</author>
  <input
    name="typelessInput"
    description="Input with neither a type nor a value."/>
  <input
    name="quasiTypelessInput"
    value="true"
    description="Input without a type, but with a value."/>
  <output
    name="typelessOutput"
    description="Output without a type."/>       
  <output
    name="quasiTypelessOutput"/>
    <!--  Leave out the description to test description element. -->
  <description type="text/html">
    <![CDATA[
This is a test accessor used to test Import-->Accessor.
It checks that inputs and outputs without types are handled correctly.
	]]]]><![CDATA[>
  </description>
  <script type="text/javascript">
    // <![CDATA[
	exports.fire = function() {
	  var value = this.get('typelessInput');
	  this.send('typelessOutput', value);
	  value = this.get('quasiTypelessInput');
	  this.send('quasiTypelessOutput', value);
	}
	// ]]]]><![CDATA[>
  </script>
</class>




==== $PTII/ptolemy/configs/test/validDemos.tcl: validDemos-2697 Validating parse of /home/travis/build/icyphy/ptII/ptolemy/configs/test/../../../org/terraswarm/accessor/test/auto/accessors/Accessor2.xml after removing configure
==== Contents of test case:

	    set errMsg {}
	    if [catch {java::call ptolemy.configs.test.ValidatingXMLParser parse $filename} errMsg] {
		puts "Could not parse $modelPath, file $filename was"
		# Print out the contents of the failed file.
		# A common failure is a version control system conflict.
		set fp [open $filename r]
		puts [read $fp]
		close $fp
	    }

	    list $errMsg
	
==== Result was:
{java.io.IOException: Cannot find file 'org/terraswarm/accessor/accessors/web/Accessor_1.dtd' in classpath}
---- Result should have been:
{}
---- validDemos-2697 FAILED
.Could not parse /home/travis/build/icyphy/ptII/ptolemy/configs/test/../../../org/terraswarm/accessor/test/auto/accessors/Accessor1.xml, file /tmp/validDemos11018728543212824880.xml was
<?xml version="1.0" encoding="utf-8"?>
<!DOCTYPE class PUBLIC "-//TerraSwarm//DTD Accessor 1//EN"
    "https://accessors.org/Accessor_1.dtd">
<class name="Accessor1" extends="org.terraswarm.JSAccessor">
  <version>0.1</version>
  <author>Edward A. Lee</author>
  <input
    name="stringInput"
    value="Foo"
    type="string"
    description="String input."/>
  <input
    name="numericInput"
    value="0"
    type="number"
    description="Numeric input."/>
  <input
    name="stringInputWithoutValue"
    type="string"
    description="String input without a value attribute."/>
  <output
    name="stringOutput"
    type="string"
    description="String output."/>       
  <output
    name="numericOutput"
    type="number"
    description="Numeric output."/>       
  <output
    name="stringOutputWithoutValue"
    type="string"
    description="String output for input without a value field."/>       
  <output
    name="inputIsAbsent"
    type="boolean"
    description="Output used to indicate that an input is missing."/>       
  <description type="text/html">
    <![CDATA[
This is a test accessor used to test Import-->Accessor.
It also tests handling of absent inputs and sending null to an output.
	]]]]><![CDATA[>
  </description>
  <script type="text/javascript">
    // <![CDATA[
	exports.fire = function() {
	  var stringValue = this.get('stringInput');
	  this.send('stringOutput', stringValue);
	  var numericValue = this.get('numericInput');
	  this.send('numericOutput', numericValue);
	  stringValue = this.get('stringInputWithoutValue');
	  this.send('stringOutputWithoutValue', stringValue);
	  this.send('inputIsAbsent', stringValue == null);
	}
	// ]]]]><![CDATA[>
  </script>
</class>




==== $PTII/ptolemy/configs/test/validDemos.tcl: validDemos-2698 Validating parse of /home/travis/build/icyphy/ptII/ptolemy/configs/test/../../../org/terraswarm/accessor/test/auto/accessors/Accessor1.xml after removing configure
==== Contents of test case:

	    set errMsg {}
	    if [catch {java::call ptolemy.configs.test.ValidatingXMLParser parse $filename} errMsg] {
		puts "Could not parse $modelPath, file $filename was"
		# Print out the contents of the failed file.
		# A common failure is a version control system conflict.
		set fp [open $filename r]
		puts [read $fp]
		close $fp
	    }

	    list $errMsg
	
==== Result was:
{java.io.IOException: Cannot find file 'org/terraswarm/accessor/accessors/web/Accessor_1.dtd' in classpath}
---- Result should have been:
{}
---- validDemos-2698 FAILED
.Could not parse /home/travis/build/icyphy/ptII/ptolemy/configs/test/../../../org/terraswarm/accessor/test/auto/accessors/ReadURL.xml, file /tmp/validDemos11018728543212824880.xml was
<?xml version="1.0" encoding="utf-8"?>
<?xml-stylesheet type="text/xsl" href="renderHTML.xsl"?>
<!DOCTYPE class PUBLIC "-//TerraSwarm//DTD Accessor 1//EN"
    "https://accessors.org/Accessor_1.dtd">
<class name="ReadURL" extends="org.terraswarm.JSAccessor">
  <version>0.1 $Date: 2015-05-14 13:43:08 -0700 (Thu, 14 May 2015) $</version>
  <author>Edward A. Lee</author>
  <input
    name="symbol"
    value="YHOO"
    type="string"
    description="The stock symbol, which is ignored."/>
  <output
    name="price"
    type="string"
    description="The ptolemy website."/>       
  <description type="text/html">
    <![CDATA[
This accessor, when fired, reads the ptolemy website using readURL()
	]]]]><![CDATA[>
  </description>
  <script type="text/javascript">
    // <![CDATA[
    exports.fire = function() {
        var stock = this.get('symbol');
        var url = "http://ptolemy.org";
        var result = readURL(url);
        this.send('price', result);
    }
	// ]]]]><![CDATA[>
  </script>
</class>




==== $PTII/ptolemy/configs/test/validDemos.tcl: validDemos-2699 Validating parse of /home/travis/build/icyphy/ptII/ptolemy/configs/test/../../../org/terraswarm/accessor/test/auto/accessors/ReadURL.xml after removing configure
==== Contents of test case:

	    set errMsg {}
	    if [catch {java::call ptolemy.configs.test.ValidatingXMLParser parse $filename} errMsg] {
		puts "Could not parse $modelPath, file $filename was"
		# Print out the contents of the failed file.
		# A common failure is a version control system conflict.
		set fp [open $filename r]
		puts [read $fp]
		close $fp
	    }

	    list $errMsg
	
==== Result was:
{java.io.IOException: Cannot find file 'org/terraswarm/accessor/accessors/web/Accessor_1.dtd' in classpath}
---- Result should have been:
{}
---- validDemos-2699 FAILED
.Could not parse /home/travis/build/icyphy/ptII/ptolemy/configs/test/../../../org/terraswarm/accessor/test/auto/accessors/SendNullToOwnInput.xml, file /tmp/validDemos11018728543212824880.xml was
<?xml version="1.0" encoding="utf-8"?>
<!DOCTYPE class PUBLIC "-//TerraSwarm//DTD Accessor 1//EN"
    "https://accessors.org/Accessor_1.dtd">
<class name="SendNullToOwnInput" extends="org.terraswarm.JSAccessor">
  <version>0.1</version>
  <author>Edward A. Lee</author>
  <input
    name="input"
    value="42"
    type="number"
    description="If true, then suppress the output triggered by a callback."/>
  <output
    name="output"
    type="number"
    description="The count of the firing."/>       
  <description type="text/html">
    <![CDATA[
This accessor sends a null to its own input, then forwards the value to the output.
	]]]]><![CDATA[>
  </description>
  <script type="text/javascript">
    // <![CDATA[
var count = 0;
exports.initialize = function() {
    count = 0;
    setTimeout(null, 0);
}
exports.fire = function() {
    count = count + 1;
    if (count <= 2) {
       var value = this.get('input');
       this.send('output', value);
       this.send('input', null);
   }
}
	// ]]]]><![CDATA[>
  </script>
</class>




==== $PTII/ptolemy/configs/test/validDemos.tcl: validDemos-2700 Validating parse of /home/travis/build/icyphy/ptII/ptolemy/configs/test/../../../org/terraswarm/accessor/test/auto/accessors/SendNullToOwnInput.xml after removing configure
==== Contents of test case:

	    set errMsg {}
	    if [catch {java::call ptolemy.configs.test.ValidatingXMLParser parse $filename} errMsg] {
		puts "Could not parse $modelPath, file $filename was"
		# Print out the contents of the failed file.
		# A common failure is a version control system conflict.
		set fp [open $filename r]
		puts [read $fp]
		close $fp
	    }

	    list $errMsg
	
==== Result was:
{java.io.IOException: Cannot find file 'org/terraswarm/accessor/accessors/web/Accessor_1.dtd' in classpath}
---- Result should have been:
{}
---- validDemos-2700 FAILED
.Could not parse /home/travis/build/icyphy/ptII/ptolemy/configs/test/../../../org/terraswarm/accessor/test/auto/accessors/AccessViolation.xml, file /tmp/validDemos11018728543212824880.xml was
<?xml version="1.0" encoding="utf-8"?>
<?xml-stylesheet type="text/xsl" href="renderHTML.xsl"?>
<!DOCTYPE class PUBLIC "-//TerraSwarm//DTD Accessor 1//EN"
    "https://accessors.org/Accessor_1.dtd">
<class name="StockTick" extends="org.terraswarm.JSAccessor">
  <version>0.1 $Date: 2015-05-14 13:43:08 -0700 (Thu, 14 May 2015) $</version>
  <author>Edward A. Lee</author>
  <input
    name="symbol"
    value="YHOO"
    type="string"
    description="The stock symbol."/>
  <output
    name="price"
    type="number"
    description="The most recent stock price (bid)."/>       
  <description type="text/html">
    <![CDATA[
This accessor, when fired, reads the most recent bid price for the specified stock symbol from a Yahoo server.
	]]]]><![CDATA[>
  </description>
  <script type="text/javascript">
    // <![CDATA[
	exports.fire = function() {
	  var stock = this.get('symbol');
	  var url = "file://foo";
	  var record = readURL(url);
	  var json = JSON.parse(record);
	  var tick = parseFloat(json.query.results.quote.LastTradePriceOnly);
	  this.send('price', tick);
	}
	// ]]]]><![CDATA[>
  </script>
</class>




==== $PTII/ptolemy/configs/test/validDemos.tcl: validDemos-2701 Validating parse of /home/travis/build/icyphy/ptII/ptolemy/configs/test/../../../org/terraswarm/accessor/test/auto/accessors/AccessViolation.xml after removing configure
==== Contents of test case:

	    set errMsg {}
	    if [catch {java::call ptolemy.configs.test.ValidatingXMLParser parse $filename} errMsg] {
		puts "Could not parse $modelPath, file $filename was"
		# Print out the contents of the failed file.
		# A common failure is a version control system conflict.
		set fp [open $filename r]
		puts [read $fp]
		close $fp
	    }

	    list $errMsg
	
==== Result was:
{java.io.IOException: Cannot find file 'org/terraswarm/accessor/accessors/web/Accessor_1.dtd' in classpath}
---- Result should have been:
{}
---- validDemos-2701 FAILED
.Could not parse /home/travis/build/icyphy/ptII/ptolemy/configs/test/../../../org/terraswarm/accessor/test/auto/accessors/HttpRequest.xml, file /tmp/validDemos11018728543212824880.xml was
<?xml version="1.0" encoding="utf-8"?>
<?xml-stylesheet type="text/xsl" href="renderHTML.xsl"?>
<!DOCTYPE class PUBLIC "-//TerraSwarm//DTD Accessor 1//EN"
    "https://accessors.org/Accessor_1.dtd">
<class name="HttpRequest" extends="org.terraswarm.JSAccessor">
  <version>0.1 $Date: 2015-05-14 13:43:08 -0700 (Thu, 14 May 2015) $</version>
  <author>Edward A. Lee</author>
  <input
    name="symbol"
    value="YHOO"
    type="string"
    description="The stock symbol, which is ignored."/>
  <output
    name="price"
    type="string"
    description="The ptolemy website."/>       
  <description type="text/html">
    <![CDATA[
This accessor, when fired, reads the ptolemy website using httpRequest().
	]]]]><![CDATA[>
  </description>
  <script type="text/javascript">
    // <![CDATA[
    exports.fire = function() {
        var stock = this.get('symbol');
        var url = "http://ptolemy.org";
        var result = httpRequest(url,'GET',null,null,1000);
        this.send('price', result);
    }
	// ]]]]><![CDATA[>
  </script>
</class>




==== $PTII/ptolemy/configs/test/validDemos.tcl: validDemos-2702 Validating parse of /home/travis/build/icyphy/ptII/ptolemy/configs/test/../../../org/terraswarm/accessor/test/auto/accessors/HttpRequest.xml after removing configure
==== Contents of test case:

	    set errMsg {}
	    if [catch {java::call ptolemy.configs.test.ValidatingXMLParser parse $filename} errMsg] {
		puts "Could not parse $modelPath, file $filename was"
		# Print out the contents of the failed file.
		# A common failure is a version control system conflict.
		set fp [open $filename r]
		puts [read $fp]
		close $fp
	    }

	    list $errMsg
	
==== Result was:
{java.io.IOException: Cannot find file 'org/terraswarm/accessor/accessors/web/Accessor_1.dtd' in classpath}
---- Result should have been:
{}
---- validDemos-2702 FAILED
............................................
 Error parsing line 2, uri file:///tmp/validDemos11018728543212824880.xml
   Document root element "objectModel", must match DOCTYPE root "null".
Could not parse /home/travis/build/icyphy/ptII/ptolemy/configs/test/../../../org/hlacerti/test/auto/FederatesDifferentTimeManagement_1516/1ProdTAR1ConsNER/Signal.xml, file /tmp/validDemos11018728543212824880.xml was
<?xml version="1.0"?>
<objectModel>
    <objects>
        <objectClass>
            <name>Signal</name>
            <attribute>
                <name>val</name>
                <dataType>HLAfloat64LE</dataType>
                <transportation>HLAreliable</transportation>
                <order>TimeStamp</order>
            </attribute>
        </objectClass>
    </objects>
    <dataTypes>
        <basicDataRepresentations>
            <basicData>
                <name>HLAinteger16BE</name>
                <size>16</size>
                <interpretation>Integer in the range [-2^15, 2^15 - 1]</interpretation>
                <endian>Big</endian>
                <encoding>16-bit two's complement signed integer. The most significant bit contains the sign.</encoding>
            </basicData>
            <basicData>
                <name>HLAinteger32BE</name>
                <size>32</size>
                <interpretation>Integer in the range [-2^31, 2^31 - 1]</interpretation>
                <endian>Big</endian>
                <encoding>32-bit two's complement signed integer. The most significant bit contains the sign.</encoding>
            </basicData>
            <basicData>
                <name>HLAinteger64BE</name>
                <size>64</size>
                <interpretation>Integer in the range [-2^63, 2^63 - 1]</interpretation>
                <endian>Big</endian>
                <encoding>64-bit two's complement signed integer first. The most significant bit contains the sign.
                </encoding>
            </basicData>
            <basicData>
                <name>HLAfloat32BE</name>
                <size>32</size>
                <interpretation>Single-precision floating point number</interpretation>
                <endian>Big</endian>
                <encoding>32-bit IEEE normalized single-precision format. See IEEE Std 754-1985</encoding>
            </basicData>
            <basicData>
                <name>HLAfloat64BE</name>
                <size>64</size>
                <interpretation>Double-precision floating point number</interpretation>
                <endian>Big</endian>
                <encoding>64-bit IEEE normalized double-precision format. See IEEE Std 754-1985</encoding>
            </basicData>
            <basicData>
                <name>HLAoctetPairBE</name>
                <size>16</size>
                <interpretation>16-bit value</interpretation>
                <endian>Big</endian>
                <encoding>Assumed to be portable among devices.</encoding>
            </basicData>
            <basicData>
                <name>HLAinteger16LE</name>
                <size>16</size>
                <interpretation>Integer in the range [-2^15, 2^15 - 1]</interpretation>
                <endian>Little</endian>
                <encoding>16-bit two's complement signed integer. The most significant bit contains the sign.</encoding>
            </basicData>
            <basicData>
                <name>HLAinteger32LE</name>
                <size>32</size>
                <interpretation>Integer in the range [-2^31, 2^31 - 1]</interpretation>
                <endian>Little</endian>
                <encoding>32-bit two's complement signed integer. The most significant bit contains the sign.</encoding>
            </basicData>
            <basicData>
                <name>HLAinteger64LE</name>
                <size>64</size>
                <interpretation>Integer in the range [-2^63, 2^63 - 1]</interpretation>
                <endian>Little</endian>
                <encoding>64-bit two's complement signed integer first. The most significant bit contains the sign.
                </encoding>
            </basicData>
            <basicData>
                <name>HLAfloat32LE</name>
                <size>32</size>
                <interpretation>Single-precision floating point number</interpretation>
                <endian>Little</endian>
                <encoding>32-bit IEEE normalized single-precision format. See IEEE Std 754-1985</encoding>
            </basicData>
            <basicData>
                <name>HLAfloat64LE</name>
                <size>64</size>
                <interpretation>Double-precision floating point number</interpretation>
                <endian>Little</endian>
                <encoding>64-bit IEEE normalized double-precision format. See IEEE Std 754-1985</encoding>
            </basicData>
            <basicData>
                <name>HLAoctetPairLE</name>
                <size>16</size>
                <interpretation>16-bit value</interpretation>
                <endian>Little</endian>
                <encoding>Assumed to be portable among hardware devices.</encoding>
            </basicData>
            <basicData>
                <name>HLAoctet</name>
                <size>8</size>
                <interpretation>8-bit value</interpretation>
                <endian>Big</endian>
                <encoding>Assumed to be portable among hardware devices.</encoding>
            </basicData>
        </basicDataRepresentations>
    </dataTypes>
</objectModel>



==== $PTII/ptolemy/configs/test/validDemos.tcl: validDemos-2746 Validating parse of /home/travis/build/icyphy/ptII/ptolemy/configs/test/../../../org/hlacerti/test/auto/FederatesDifferentTimeManagement_1516/1ProdTAR1ConsNER/Signal.xml after removing configure
==== Contents of test case:

	    set errMsg {}
	    if [catch {java::call ptolemy.configs.test.ValidatingXMLParser parse $filename} errMsg] {
		puts "Could not parse $modelPath, file $filename was"
		# Print out the contents of the failed file.
		# A common failure is a version control system conflict.
		set fp [open $filename r]
		puts [read $fp]
		close $fp
	    }

	    list $errMsg
	
==== Result was:
{org.xml.sax.SAXParseException; systemId: file:///tmp/validDemos11018728543212824880.xml; lineNumber: 2; columnNumber: 14; Document root element "objectModel", must match DOCTYPE root "null".}
---- Result should have been:
{}
---- validDemos-2746 FAILED
...
 Error parsing line 2, uri file:///tmp/validDemos11018728543212824880.xml
   Document root element "objectModel", must match DOCTYPE root "null".
Could not parse /home/travis/build/icyphy/ptII/ptolemy/configs/test/../../../org/hlacerti/test/auto/FederatesDifferentTimeManagement_1516/1ProdNER1ConsNER/Signal.xml, file /tmp/validDemos11018728543212824880.xml was
<?xml version="1.0"?>
<objectModel>
    <objects>
        <objectClass>
            <name>Signal</name>
            <attribute>
                <name>val</name>
                <dataType>HLAfloat64LE</dataType>
                <transportation>HLAreliable</transportation>
                <order>TimeStamp</order>
            </attribute>
        </objectClass>
    </objects>
    <dataTypes>
        <basicDataRepresentations>
            <basicData>
                <name>HLAinteger16BE</name>
                <size>16</size>
                <interpretation>Integer in the range [-2^15, 2^15 - 1]</interpretation>
                <endian>Big</endian>
                <encoding>16-bit two's complement signed integer. The most significant bit contains the sign.</encoding>
            </basicData>
            <basicData>
                <name>HLAinteger32BE</name>
                <size>32</size>
                <interpretation>Integer in the range [-2^31, 2^31 - 1]</interpretation>
                <endian>Big</endian>
                <encoding>32-bit two's complement signed integer. The most significant bit contains the sign.</encoding>
            </basicData>
            <basicData>
                <name>HLAinteger64BE</name>
                <size>64</size>
                <interpretation>Integer in the range [-2^63, 2^63 - 1]</interpretation>
                <endian>Big</endian>
                <encoding>64-bit two's complement signed integer first. The most significant bit contains the sign.
                </encoding>
            </basicData>
            <basicData>
                <name>HLAfloat32BE</name>
                <size>32</size>
                <interpretation>Single-precision floating point number</interpretation>
                <endian>Big</endian>
                <encoding>32-bit IEEE normalized single-precision format. See IEEE Std 754-1985</encoding>
            </basicData>
            <basicData>
                <name>HLAfloat64BE</name>
                <size>64</size>
                <interpretation>Double-precision floating point number</interpretation>
                <endian>Big</endian>
                <encoding>64-bit IEEE normalized double-precision format. See IEEE Std 754-1985</encoding>
            </basicData>
            <basicData>
                <name>HLAoctetPairBE</name>
                <size>16</size>
                <interpretation>16-bit value</interpretation>
                <endian>Big</endian>
                <encoding>Assumed to be portable among devices.</encoding>
            </basicData>
            <basicData>
                <name>HLAinteger16LE</name>
                <size>16</size>
                <interpretation>Integer in the range [-2^15, 2^15 - 1]</interpretation>
                <endian>Little</endian>
                <encoding>16-bit two's complement signed integer. The most significant bit contains the sign.</encoding>
            </basicData>
            <basicData>
                <name>HLAinteger32LE</name>
                <size>32</size>
                <interpretation>Integer in the range [-2^31, 2^31 - 1]</interpretation>
                <endian>Little</endian>
                <encoding>32-bit two's complement signed integer. The most significant bit contains the sign.</encoding>
            </basicData>
            <basicData>
                <name>HLAinteger64LE</name>
                <size>64</size>
                <interpretation>Integer in the range [-2^63, 2^63 - 1]</interpretation>
                <endian>Little</endian>
                <encoding>64-bit two's complement signed integer first. The most significant bit contains the sign.
                </encoding>
            </basicData>
            <basicData>
                <name>HLAfloat32LE</name>
                <size>32</size>
                <interpretation>Single-precision floating point number</interpretation>
                <endian>Little</endian>
                <encoding>32-bit IEEE normalized single-precision format. See IEEE Std 754-1985</encoding>
            </basicData>
            <basicData>
                <name>HLAfloat64LE</name>
                <size>64</size>
                <interpretation>Double-precision floating point number</interpretation>
                <endian>Little</endian>
                <encoding>64-bit IEEE normalized double-precision format. See IEEE Std 754-1985</encoding>
            </basicData>
            <basicData>
                <name>HLAoctetPairLE</name>
                <size>16</size>
                <interpretation>16-bit value</interpretation>
                <endian>Little</endian>
                <encoding>Assumed to be portable among hardware devices.</encoding>
            </basicData>
            <basicData>
                <name>HLAoctet</name>
                <size>8</size>
                <interpretation>8-bit value</interpretation>
                <endian>Big</endian>
                <encoding>Assumed to be portable among hardware devices.</encoding>
            </basicData>
        </basicDataRepresentations>
    </dataTypes>
</objectModel>



==== $PTII/ptolemy/configs/test/validDemos.tcl: validDemos-2749 Validating parse of /home/travis/build/icyphy/ptII/ptolemy/configs/test/../../../org/hlacerti/test/auto/FederatesDifferentTimeManagement_1516/1ProdNER1ConsNER/Signal.xml after removing configure
==== Contents of test case:

	    set errMsg {}
	    if [catch {java::call ptolemy.configs.test.ValidatingXMLParser parse $filename} errMsg] {
		puts "Could not parse $modelPath, file $filename was"
		# Print out the contents of the failed file.
		# A common failure is a version control system conflict.
		set fp [open $filename r]
		puts [read $fp]
		close $fp
	    }

	    list $errMsg
	
==== Result was:
{org.xml.sax.SAXParseException; systemId: file:///tmp/validDemos11018728543212824880.xml; lineNumber: 2; columnNumber: 14; Document root element "objectModel", must match DOCTYPE root "null".}
---- Result should have been:
{}
---- validDemos-2749 FAILED
...
 Error parsing line 2, uri file:///tmp/validDemos11018728543212824880.xml
   Document root element "objectModel", must match DOCTYPE root "null".
Could not parse /home/travis/build/icyphy/ptII/ptolemy/configs/test/../../../org/hlacerti/test/auto/FederatesDifferentTimeManagement_1516/1ProdTAR1ConsTAR/Signal.xml, file /tmp/validDemos11018728543212824880.xml was
<?xml version="1.0"?>
<objectModel>
	<objects>
		<objectClass>
			<name>Signal</name>
			<attribute>
				<name>val</name>
				<dataType>HLAfloat64LE</dataType>
				<transportation>HLAreliable</transportation>
				<order>TimeStamp</order>
			</attribute>
		</objectClass>
	</objects>
	<dataTypes>
		<basicDataRepresentations>
			<basicData>
				<name>HLAinteger16BE</name>
				<size>16</size>
				<interpretation>Integer in the range [-2^15, 2^15 - 1]</interpretation>
				<endian>Big</endian>
				<encoding>16-bit two's complement signed integer. The most significant bit contains the sign.</encoding>
			</basicData>
			<basicData>
				<name>HLAinteger32BE</name>
				<size>32</size>
				<interpretation>Integer in the range [-2^31, 2^31 - 1]</interpretation>
				<endian>Big</endian>
				<encoding>32-bit two's complement signed integer. The most significant bit contains the sign.</encoding>
			</basicData>
			<basicData>
				<name>HLAinteger64BE</name>
				<size>64</size>
				<interpretation>Integer in the range [-2^63, 2^63 - 1]</interpretation>
				<endian>Big</endian>
				<encoding>64-bit two's complement signed integer first. The most significant bit contains the sign.
				</encoding>
			</basicData>
			<basicData>
				<name>HLAfloat32BE</name>
				<size>32</size>
				<interpretation>Single-precision floating point number</interpretation>
				<endian>Big</endian>
				<encoding>32-bit IEEE normalized single-precision format. See IEEE Std 754-1985</encoding>
			</basicData>
			<basicData>
				<name>HLAfloat64BE</name>
				<size>64</size>
				<interpretation>Double-precision floating point number</interpretation>
				<endian>Big</endian>
				<encoding>64-bit IEEE normalized double-precision format. See IEEE Std 754-1985</encoding>
			</basicData>
			<basicData>
				<name>HLAoctetPairBE</name>
				<size>16</size>
				<interpretation>16-bit value</interpretation>
				<endian>Big</endian>
				<encoding>Assumed to be portable among devices.</encoding>
			</basicData>
			<basicData>
				<name>HLAinteger16LE</name>
				<size>16</size>
				<interpretation>Integer in the range [-2^15, 2^15 - 1]</interpretation>
				<endian>Little</endian>
				<encoding>16-bit two's complement signed integer. The most significant bit contains the sign.</encoding>
			</basicData>
			<basicData>
				<name>HLAinteger32LE</name>
				<size>32</size>
				<interpretation>Integer in the range [-2^31, 2^31 - 1]</interpretation>
				<endian>Little</endian>
				<encoding>32-bit two's complement signed integer. The most significant bit contains the sign.</encoding>
			</basicData>
			<basicData>
				<name>HLAinteger64LE</name>
				<size>64</size>
				<interpretation>Integer in the range [-2^63, 2^63 - 1]</interpretation>
				<endian>Little</endian>
				<encoding>64-bit two's complement signed integer first. The most significant bit contains the sign.
				</encoding>
			</basicData>
			<basicData>
				<name>HLAfloat32LE</name>
				<size>32</size>
				<interpretation>Single-precision floating point number</interpretation>
				<endian>Little</endian>
				<encoding>32-bit IEEE normalized single-precision format. See IEEE Std 754-1985</encoding>
			</basicData>
			<basicData>
				<name>HLAfloat64LE</name>
				<size>64</size>
				<interpretation>Double-precision floating point number</interpretation>
				<endian>Little</endian>
				<encoding>64-bit IEEE normalized double-precision format. See IEEE Std 754-1985</encoding>
			</basicData>
			<basicData>
				<name>HLAoctetPairLE</name>
				<size>16</size>
				<interpretation>16-bit value</interpretation>
				<endian>Little</endian>
				<encoding>Assumed to be portable among hardware devices.</encoding>
			</basicData>
			<basicData>
				<name>HLAoctet</name>
				<size>8</size>
				<interpretation>8-bit value</interpretation>
				<endian>Big</endian>
				<encoding>Assumed to be portable among hardware devices.</encoding>
			</basicData>
		</basicDataRepresentations>
	</dataTypes>
</objectModel>



==== $PTII/ptolemy/configs/test/validDemos.tcl: validDemos-2752 Validating parse of /home/travis/build/icyphy/ptII/ptolemy/configs/test/../../../org/hlacerti/test/auto/FederatesDifferentTimeManagement_1516/1ProdTAR1ConsTAR/Signal.xml after removing configure
==== Contents of test case:

	    set errMsg {}
	    if [catch {java::call ptolemy.configs.test.ValidatingXMLParser parse $filename} errMsg] {
		puts "Could not parse $modelPath, file $filename was"
		# Print out the contents of the failed file.
		# A common failure is a version control system conflict.
		set fp [open $filename r]
		puts [read $fp]
		close $fp
	    }

	    list $errMsg
	
==== Result was:
{org.xml.sax.SAXParseException; systemId: file:///tmp/validDemos11018728543212824880.xml; lineNumber: 2; columnNumber: 14; Document root element "objectModel", must match DOCTYPE root "null".}
---- Result should have been:
{}
---- validDemos-2752 FAILED
...
 Error parsing line 2, uri file:///tmp/validDemos11018728543212824880.xml
   Document root element "objectModel", must match DOCTYPE root "null".
Could not parse /home/travis/build/icyphy/ptII/ptolemy/configs/test/../../../org/hlacerti/test/auto/FederatesDifferentTimeManagement_1516/1ProdNER1ConsTAR/Signal.xml, file /tmp/validDemos11018728543212824880.xml was
<?xml version="1.0"?>
<objectModel>
    <objects>
        <objectClass>
            <name>Signal</name>
            <attribute>
                <name>val</name>
                <dataType>HLAfloat64LE</dataType>
                <transportation>HLAreliable</transportation>
                <order>TimeStamp</order>
            </attribute>
        </objectClass>
    </objects>
    <dataTypes>
        <basicDataRepresentations>
            <basicData>
                <name>HLAinteger16BE</name>
                <size>16</size>
                <interpretation>Integer in the range [-2^15, 2^15 - 1]</interpretation>
                <endian>Big</endian>
                <encoding>16-bit two's complement signed integer. The most significant bit contains the sign.</encoding>
            </basicData>
            <basicData>
                <name>HLAinteger32BE</name>
                <size>32</size>
                <interpretation>Integer in the range [-2^31, 2^31 - 1]</interpretation>
                <endian>Big</endian>
                <encoding>32-bit two's complement signed integer. The most significant bit contains the sign.</encoding>
            </basicData>
            <basicData>
                <name>HLAinteger64BE</name>
                <size>64</size>
                <interpretation>Integer in the range [-2^63, 2^63 - 1]</interpretation>
                <endian>Big</endian>
                <encoding>64-bit two's complement signed integer first. The most significant bit contains the sign.
                </encoding>
            </basicData>
            <basicData>
                <name>HLAfloat32BE</name>
                <size>32</size>
                <interpretation>Single-precision floating point number</interpretation>
                <endian>Big</endian>
                <encoding>32-bit IEEE normalized single-precision format. See IEEE Std 754-1985</encoding>
            </basicData>
            <basicData>
                <name>HLAfloat64BE</name>
                <size>64</size>
                <interpretation>Double-precision floating point number</interpretation>
                <endian>Big</endian>
                <encoding>64-bit IEEE normalized double-precision format. See IEEE Std 754-1985</encoding>
            </basicData>
            <basicData>
                <name>HLAoctetPairBE</name>
                <size>16</size>
                <interpretation>16-bit value</interpretation>
                <endian>Big</endian>
                <encoding>Assumed to be portable among devices.</encoding>
            </basicData>
            <basicData>
                <name>HLAinteger16LE</name>
                <size>16</size>
                <interpretation>Integer in the range [-2^15, 2^15 - 1]</interpretation>
                <endian>Little</endian>
                <encoding>16-bit two's complement signed integer. The most significant bit contains the sign.</encoding>
            </basicData>
            <basicData>
                <name>HLAinteger32LE</name>
                <size>32</size>
                <interpretation>Integer in the range [-2^31, 2^31 - 1]</interpretation>
                <endian>Little</endian>
                <encoding>32-bit two's complement signed integer. The most significant bit contains the sign.</encoding>
            </basicData>
            <basicData>
                <name>HLAinteger64LE</name>
                <size>64</size>
                <interpretation>Integer in the range [-2^63, 2^63 - 1]</interpretation>
                <endian>Little</endian>
                <encoding>64-bit two's complement signed integer first. The most significant bit contains the sign.
                </encoding>
            </basicData>
            <basicData>
                <name>HLAfloat32LE</name>
                <size>32</size>
                <interpretation>Single-precision floating point number</interpretation>
                <endian>Little</endian>
                <encoding>32-bit IEEE normalized single-precision format. See IEEE Std 754-1985</encoding>
            </basicData>
            <basicData>
                <name>HLAfloat64LE</name>
                <size>64</size>
                <interpretation>Double-precision floating point number</interpretation>
                <endian>Little</endian>
                <encoding>64-bit IEEE normalized double-precision format. See IEEE Std 754-1985</encoding>
            </basicData>
            <basicData>
                <name>HLAoctetPairLE</name>
                <size>16</size>
                <interpretation>16-bit value</interpretation>
                <endian>Little</endian>
                <encoding>Assumed to be portable among hardware devices.</encoding>
            </basicData>
            <basicData>
                <name>HLAoctet</name>
                <size>8</size>
                <interpretation>8-bit value</interpretation>
                <endian>Big</endian>
                <encoding>Assumed to be portable among hardware devices.</encoding>
            </basicData>
        </basicDataRepresentations>
    </dataTypes>
</objectModel>



==== $PTII/ptolemy/configs/test/validDemos.tcl: validDemos-2755 Validating parse of /home/travis/build/icyphy/ptII/ptolemy/configs/test/../../../org/hlacerti/test/auto/FederatesDifferentTimeManagement_1516/1ProdNER1ConsTAR/Signal.xml after removing configure
==== Contents of test case:

	    set errMsg {}
	    if [catch {java::call ptolemy.configs.test.ValidatingXMLParser parse $filename} errMsg] {
		puts "Could not parse $modelPath, file $filename was"
		# Print out the contents of the failed file.
		# A common failure is a version control system conflict.
		set fp [open $filename r]
		puts [read $fp]
		close $fp
	    }

	    list $errMsg
	
==== Result was:
{org.xml.sax.SAXParseException; systemId: file:///tmp/validDemos11018728543212824880.xml; lineNumber: 2; columnNumber: 14; Document root element "objectModel", must match DOCTYPE root "null".}
---- Result should have been:
{}
---- validDemos-2755 FAILED
............................................................................................................................................................................Checked 2927 demos from configs/doc/models.txt
Validating the xml in demo xml files after removing the configure blocks
.............................................................................................................................................................................................................................................................................................................................................................................................................................................................................................................................................................................................................................................................................................................................................................................Checked 749 demos from configs/doc/models.txt
02/07/20 07:42:31
Failed: 15  Total Tests: 3686  ((Passed: 3671, Newly Passed: 0)  Known Failed: 0) /home/travis/build/icyphy/ptII/ptolemy/configs/test
No auto/knownFailedTests/*.xml tests in /home/travis/build/icyphy/ptII/ptolemy/configs/test
No auto/linux-amd64/*.xml tests in /home/travis/build/icyphy/ptII/ptolemy/configs/test
AutoTests.java: About to close Vertx.
AutoTests.java: Vertx closed.
No auto/*.xml tests in /home/travis/build/icyphy/ptII/ptolemy/configs/test
AutoTests.java: About to close Vertx.
AutoTests.java: Vertx closed.
]]></system-out>
  <system-err><![CDATA[Warning: Nashorn engine is planned to be removed from a future JDK release
Warning: Nashorn engine is planned to be removed from a future JDK release
java.io.IOException: Failed to create symbolic link from /home/travis/build/icyphy/ptII/org/terraswarm/accessor/accessors/web/node_modules/@accessors-hosts to ../hosts: java.nio.file.NoSuchFileException: /home/travis/build/icyphy/ptII/org/terraswarm/accessor/accessors/web/node_modules/@accessors-hosts
	at ptolemy.util.FileUtilities.createLink(FileUtilities.java:242)
	at org.terraswarm.accessor.JSAccessor.createSymbolicLinks(JSAccessor.java:376)
	at org.terraswarm.accessor.JSAccessor.<clinit>(JSAccessor.java:194)
	at org.terraswarm.accessor.AccessorLibrary.populate(AccessorLibrary.java:145)
	at ptolemy.moml.EntityLibrary.classDefinitionList(EntityLibrary.java:307)
	at ptolemy.kernel.CompositeEntity._description(CompositeEntity.java:2292)
	at ptolemy.kernel.CompositeEntity._description(CompositeEntity.java:2307)
	at ptolemy.kernel.CompositeEntity._description(CompositeEntity.java:2307)
	at ptolemy.kernel.CompositeEntity._description(CompositeEntity.java:2307)
	at ptolemy.kernel.util.NamedObj.description(NamedObj.java:731)
	at ptolemy.kernel.util.NamedObj.description(NamedObj.java:715)
	at java.base/jdk.internal.reflect.NativeMethodAccessorImpl.invoke0(Native Method)
	at java.base/jdk.internal.reflect.NativeMethodAccessorImpl.invoke(NativeMethodAccessorImpl.java:62)
	at java.base/jdk.internal.reflect.DelegatingMethodAccessorImpl.invoke(DelegatingMethodAccessorImpl.java:43)
	at java.base/java.lang.reflect.Method.invoke(Method.java:566)
	at tcl.lang.reflect.PkgInvoker.invokeMethod(PkgInvoker.java:129)
	at tcl.lang.JavaInvoke.call(JavaInvoke.java:253)
	at tcl.lang.JavaInvoke.callMethod(JavaInvoke.java:116)
	at tcl.lang.ReflectObject.cmdProc(ReflectObject.java:727)
	at tcl.lang.Parser.evalObjv(Parser.java:740)
	at tcl.lang.Parser.eval2(Parser.java:1138)
	at tcl.lang.Parser.evalTokens(Parser.java:930)
	at tcl.lang.Parser.eval2(Parser.java:1125)
	at tcl.lang.Parser.evalTokens(Parser.java:930)
	at tcl.lang.Parser.eval2(Parser.java:1125)
	at tcl.lang.Interp.eval(Interp.java:1782)
	at tcl.lang.Interp.eval(Interp.java:1841)
	at tcl.lang.UplevelCmd.cmdProc(UplevelCmd.java:93)
	at tcl.lang.AutoloadStub.cmdProc(Extension.java:144)
	at tcl.lang.Parser.evalObjv(Parser.java:740)
	at tcl.lang.Parser.eval2(Parser.java:1138)
	at tcl.lang.Interp.eval(Interp.java:1782)
	at tcl.lang.Interp.eval(Interp.java:1841)
	at tcl.lang.CatchCmd.cmdProc(CatchCmd.java:42)
	at tcl.lang.Parser.evalObjv(Parser.java:740)
	at tcl.lang.Parser.eval2(Parser.java:1138)
	at tcl.lang.Parser.evalTokens(Parser.java:930)
	at tcl.lang.Parser.eval2(Parser.java:1125)
	at tcl.lang.Procedure.cmdProc(Procedure.java:175)
	at tcl.lang.Parser.evalObjv(Parser.java:740)
	at tcl.lang.Parser.eval2(Parser.java:1138)
	at tcl.lang.Interp.eval(Interp.java:1782)
	at tcl.lang.Interp.eval(Interp.java:1841)
	at tcl.lang.ForeachCmd.cmdProc(ForeachCmd.java:116)
	at tcl.lang.AutoloadStub.cmdProc(Extension.java:144)
	at tcl.lang.Parser.evalObjv(Parser.java:740)
	at tcl.lang.Parser.eval2(Parser.java:1138)
	at tcl.lang.Interp.eval(Interp.java:1782)
	at tcl.lang.Interp.evalFile(Interp.java:1880)
	at java.base/jdk.internal.reflect.NativeMethodAccessorImpl.invoke0(Native Method)
	at java.base/jdk.internal.reflect.NativeMethodAccessorImpl.invoke(NativeMethodAccessorImpl.java:62)
	at java.base/jdk.internal.reflect.DelegatingMethodAccessorImpl.invoke(DelegatingMethodAccessorImpl.java:43)
	at java.base/java.lang.reflect.Method.invoke(Method.java:566)
	at ptolemy.util.test.junit.TclTests.RunTclFile(TclTests.java:233)
	at java.base/jdk.internal.reflect.NativeMethodAccessorImpl.invoke0(Native Method)
	at java.base/jdk.internal.reflect.NativeMethodAccessorImpl.invoke(NativeMethodAccessorImpl.java:62)
	at java.base/jdk.internal.reflect.DelegatingMethodAccessorImpl.invoke(DelegatingMethodAccessorImpl.java:43)
	at java.base/java.lang.reflect.Method.invoke(Method.java:566)
	at org.junit.runners.model.FrameworkMethod$1.runReflectiveCall(FrameworkMethod.java:44)
	at org.junit.internal.runners.model.ReflectiveCallable.run(ReflectiveCallable.java:15)
	at org.junit.runners.model.FrameworkMethod.invokeExplosively(FrameworkMethod.java:41)
	at junitparams.internal.InvokeParameterisedMethod.evaluate(InvokeParameterisedMethod.java:102)
	at junitparams.internal.ParameterisedTestMethodRunner.runMethodInvoker(ParameterisedTestMethodRunner.java:47)
	at junitparams.internal.ParameterisedTestMethodRunner.runTestMethod(ParameterisedTestMethodRunner.java:41)
	at junitparams.internal.ParameterisedTestClassRunner.runParameterisedTest(ParameterisedTestClassRunner.java:143)
	at junitparams.JUnitParamsRunner.runChild(JUnitParamsRunner.java:237)
	at junitparams.JUnitParamsRunner.runChild(JUnitParamsRunner.java:215)
	at org.junit.runners.ParentRunner$3.run(ParentRunner.java:193)
	at org.junit.runners.ParentRunner$1.schedule(ParentRunner.java:52)
	at org.junit.runners.ParentRunner.runChildren(ParentRunner.java:191)
	at org.junit.runners.ParentRunner.access$000(ParentRunner.java:42)
	at org.junit.runners.ParentRunner$2.evaluate(ParentRunner.java:184)
	at org.junit.internal.runners.statements.RunAfters.evaluate(RunAfters.java:31)
	at org.junit.runners.ParentRunner.run(ParentRunner.java:236)
	at org.junit.runners.Suite.runChild(Suite.java:128)
	at org.junit.runners.Suite.runChild(Suite.java:24)
	at org.junit.runners.ParentRunner$3.run(ParentRunner.java:193)
	at org.junit.runners.ParentRunner$1.schedule(ParentRunner.java:52)
	at org.junit.runners.ParentRunner.runChildren(ParentRunner.java:191)
	at org.junit.runners.ParentRunner.access$000(ParentRunner.java:42)
	at org.junit.runners.ParentRunner$2.evaluate(ParentRunner.java:184)
	at org.junit.runners.ParentRunner.run(ParentRunner.java:236)
	at junit.framework.JUnit4TestAdapter.run(JUnit4TestAdapter.java:39)
	at org.apache.tools.ant.taskdefs.optional.junit.JUnitTestRunner.run(JUnitTestRunner.java:535)
	at org.apache.tools.ant.taskdefs.optional.junit.JUnitTestRunner.launch(JUnitTestRunner.java:1182)
	at org.apache.tools.ant.taskdefs.optional.junit.JUnitTestRunner.main(JUnitTestRunner.java:1033)
Caused by: java.nio.file.NoSuchFileException: /home/travis/build/icyphy/ptII/org/terraswarm/accessor/accessors/web/node_modules/@accessors-hosts
	at java.base/sun.nio.fs.UnixException.translateToIOException(UnixException.java:92)
	at java.base/sun.nio.fs.UnixException.rethrowAsIOException(UnixException.java:111)
	at java.base/sun.nio.fs.UnixException.rethrowAsIOException(UnixException.java:116)
	at java.base/sun.nio.fs.UnixFileSystemProvider.createSymbolicLink(UnixFileSystemProvider.java:458)
	at java.base/java.nio.file.Files.createSymbolicLink(Files.java:1058)
	at ptolemy.util.FileUtilities.createLink(FileUtilities.java:228)
	... 85 more
Loading accessor failed: Adapter.js
java.net.ConnectException: Connection timed out (Connection timed out)
Failed to populate library.
ptolemy.kernel.util.InternalErrorException: Loading accessor failed: Adapter.js
  in .configuration.actor library.MoreLibraries.Accessors.adapters
Because:
Connection timed out (Connection timed out)
	at org.terraswarm.accessor.AccessorLibrary.populate(AccessorLibrary.java:224)
	at ptolemy.moml.EntityLibrary.classDefinitionList(EntityLibrary.java:307)
	at ptolemy.kernel.CompositeEntity._description(CompositeEntity.java:2292)
	at ptolemy.kernel.CompositeEntity._description(CompositeEntity.java:2307)
	at ptolemy.kernel.CompositeEntity._description(CompositeEntity.java:2307)
	at ptolemy.kernel.CompositeEntity._description(CompositeEntity.java:2307)
	at ptolemy.kernel.CompositeEntity._description(CompositeEntity.java:2307)
	at ptolemy.kernel.util.NamedObj.description(NamedObj.java:731)
	at ptolemy.kernel.util.NamedObj.description(NamedObj.java:715)
	at java.base/jdk.internal.reflect.NativeMethodAccessorImpl.invoke0(Native Method)
	at java.base/jdk.internal.reflect.NativeMethodAccessorImpl.invoke(NativeMethodAccessorImpl.java:62)
	at java.base/jdk.internal.reflect.DelegatingMethodAccessorImpl.invoke(DelegatingMethodAccessorImpl.java:43)
	at java.base/java.lang.reflect.Method.invoke(Method.java:566)
	at tcl.lang.reflect.PkgInvoker.invokeMethod(PkgInvoker.java:129)
	at tcl.lang.JavaInvoke.call(JavaInvoke.java:253)
	at tcl.lang.JavaInvoke.callMethod(JavaInvoke.java:116)
	at tcl.lang.ReflectObject.cmdProc(ReflectObject.java:727)
	at tcl.lang.Parser.evalObjv(Parser.java:740)
	at tcl.lang.Parser.eval2(Parser.java:1138)
	at tcl.lang.Parser.evalTokens(Parser.java:930)
	at tcl.lang.Parser.eval2(Parser.java:1125)
	at tcl.lang.Parser.evalTokens(Parser.java:930)
	at tcl.lang.Parser.eval2(Parser.java:1125)
	at tcl.lang.Interp.eval(Interp.java:1782)
	at tcl.lang.Interp.eval(Interp.java:1841)
	at tcl.lang.UplevelCmd.cmdProc(UplevelCmd.java:93)
	at tcl.lang.AutoloadStub.cmdProc(Extension.java:144)
	at tcl.lang.Parser.evalObjv(Parser.java:740)
	at tcl.lang.Parser.eval2(Parser.java:1138)
	at tcl.lang.Interp.eval(Interp.java:1782)
	at tcl.lang.Interp.eval(Interp.java:1841)
	at tcl.lang.CatchCmd.cmdProc(CatchCmd.java:42)
	at tcl.lang.Parser.evalObjv(Parser.java:740)
	at tcl.lang.Parser.eval2(Parser.java:1138)
	at tcl.lang.Parser.evalTokens(Parser.java:930)
	at tcl.lang.Parser.eval2(Parser.java:1125)
	at tcl.lang.Procedure.cmdProc(Procedure.java:175)
	at tcl.lang.Parser.evalObjv(Parser.java:740)
	at tcl.lang.Parser.eval2(Parser.java:1138)
	at tcl.lang.Interp.eval(Interp.java:1782)
	at tcl.lang.Interp.eval(Interp.java:1841)
	at tcl.lang.ForeachCmd.cmdProc(ForeachCmd.java:116)
	at tcl.lang.AutoloadStub.cmdProc(Extension.java:144)
	at tcl.lang.Parser.evalObjv(Parser.java:740)
	at tcl.lang.Parser.eval2(Parser.java:1138)
	at tcl.lang.Interp.eval(Interp.java:1782)
	at tcl.lang.Interp.evalFile(Interp.java:1880)
	at java.base/jdk.internal.reflect.NativeMethodAccessorImpl.invoke0(Native Method)
	at java.base/jdk.internal.reflect.NativeMethodAccessorImpl.invoke(NativeMethodAccessorImpl.java:62)
	at java.base/jdk.internal.reflect.DelegatingMethodAccessorImpl.invoke(DelegatingMethodAccessorImpl.java:43)
	at java.base/java.lang.reflect.Method.invoke(Method.java:566)
	at ptolemy.util.test.junit.TclTests.RunTclFile(TclTests.java:233)
	at java.base/jdk.internal.reflect.NativeMethodAccessorImpl.invoke0(Native Method)
	at java.base/jdk.internal.reflect.NativeMethodAccessorImpl.invoke(NativeMethodAccessorImpl.java:62)
	at java.base/jdk.internal.reflect.DelegatingMethodAccessorImpl.invoke(DelegatingMethodAccessorImpl.java:43)
	at java.base/java.lang.reflect.Method.invoke(Method.java:566)
	at org.junit.runners.model.FrameworkMethod$1.runReflectiveCall(FrameworkMethod.java:44)
	at org.junit.internal.runners.model.ReflectiveCallable.run(ReflectiveCallable.java:15)
	at org.junit.runners.model.FrameworkMethod.invokeExplosively(FrameworkMethod.java:41)
	at junitparams.internal.InvokeParameterisedMethod.evaluate(InvokeParameterisedMethod.java:102)
	at junitparams.internal.ParameterisedTestMethodRunner.runMethodInvoker(ParameterisedTestMethodRunner.java:47)
	at junitparams.internal.ParameterisedTestMethodRunner.runTestMethod(ParameterisedTestMethodRunner.java:41)
	at junitparams.internal.ParameterisedTestClassRunner.runParameterisedTest(ParameterisedTestClassRunner.java:143)
	at junitparams.JUnitParamsRunner.runChild(JUnitParamsRunner.java:237)
	at junitparams.JUnitParamsRunner.runChild(JUnitParamsRunner.java:215)
	at org.junit.runners.ParentRunner$3.run(ParentRunner.java:193)
	at org.junit.runners.ParentRunner$1.schedule(ParentRunner.java:52)
	at org.junit.runners.ParentRunner.runChildren(ParentRunner.java:191)
	at org.junit.runners.ParentRunner.access$000(ParentRunner.java:42)
	at org.junit.runners.ParentRunner$2.evaluate(ParentRunner.java:184)
	at org.junit.internal.runners.statements.RunAfters.evaluate(RunAfters.java:31)
	at org.junit.runners.ParentRunner.run(ParentRunner.java:236)
	at org.junit.runners.Suite.runChild(Suite.java:128)
	at org.junit.runners.Suite.runChild(Suite.java:24)
	at org.junit.runners.ParentRunner$3.run(ParentRunner.java:193)
	at org.junit.runners.ParentRunner$1.schedule(ParentRunner.java:52)
	at org.junit.runners.ParentRunner.runChildren(ParentRunner.java:191)
	at org.junit.runners.ParentRunner.access$000(ParentRunner.java:42)
	at org.junit.runners.ParentRunner$2.evaluate(ParentRunner.java:184)
	at org.junit.runners.ParentRunner.run(ParentRunner.java:236)
	at junit.framework.JUnit4TestAdapter.run(JUnit4TestAdapter.java:39)
	at org.apache.tools.ant.taskdefs.optional.junit.JUnitTestRunner.run(JUnitTestRunner.java:535)
	at org.apache.tools.ant.taskdefs.optional.junit.JUnitTestRunner.launch(JUnitTestRunner.java:1182)
	at org.apache.tools.ant.taskdefs.optional.junit.JUnitTestRunner.main(JUnitTestRunner.java:1033)
Caused by: java.net.ConnectException: Connection timed out (Connection timed out)
	at java.base/java.net.PlainSocketImpl.socketConnect(Native Method)
	at java.base/java.net.AbstractPlainSocketImpl.doConnect(AbstractPlainSocketImpl.java:399)
	at java.base/java.net.AbstractPlainSocketImpl.connectToAddress(AbstractPlainSocketImpl.java:242)
	at java.base/java.net.AbstractPlainSocketImpl.connect(AbstractPlainSocketImpl.java:224)
	at java.base/java.net.SocksSocketImpl.connect(SocksSocketImpl.java:403)
	at java.base/java.net.Socket.connect(Socket.java:591)
	at java.base/sun.security.ssl.SSLSocketImpl.connect(SSLSocketImpl.java:285)
	at java.base/sun.security.ssl.BaseSSLSocketImpl.connect(BaseSSLSocketImpl.java:173)
	at java.base/sun.net.NetworkClient.doConnect(NetworkClient.java:182)
	at java.base/sun.net.www.http.HttpClient.openServer(HttpClient.java:474)
	at java.base/sun.net.www.http.HttpClient.openServer(HttpClient.java:569)
	at java.base/sun.net.www.protocol.https.HttpsClient.<init>(HttpsClient.java:265)
	at java.base/sun.net.www.protocol.https.HttpsClient.New(HttpsClient.java:372)
	at java.base/sun.net.www.protocol.https.AbstractDelegateHttpsURLConnection.getNewHttpClient(AbstractDelegateHttpsURLConnection.java:191)
	at java.base/sun.net.www.protocol.http.HttpURLConnection.plainConnect0(HttpURLConnection.java:1181)
	at java.base/sun.net.www.protocol.http.HttpURLConnection.plainConnect(HttpURLConnection.java:1075)
	at java.base/sun.net.www.protocol.https.AbstractDelegateHttpsURLConnection.connect(AbstractDelegateHttpsURLConnection.java:177)
	at java.base/sun.net.www.protocol.http.HttpURLConnection.getInputStream0(HttpURLConnection.java:1581)
	at java.base/sun.net.www.protocol.http.HttpURLConnection.getInputStream(HttpURLConnection.java:1509)
	at java.base/sun.net.www.protocol.https.HttpsURLConnectionImpl.getInputStream(HttpsURLConnectionImpl.java:245)
	at java.base/java.net.URL.openStream(URL.java:1117)
	at ptolemy.util.FileUtilities.openStreamFollowingRedirectsReturningBoth(FileUtilities.java:1012)
	at ptolemy.util.FileUtilities.openStreamFollowingRedirects(FileUtilities.java:952)
	at org.terraswarm.accessor.JSAccessor._accessorToMoML(JSAccessor.java:1100)
	at org.terraswarm.accessor.JSAccessor.accessorToMoML(JSAccessor.java:293)
	at org.terraswarm.accessor.AccessorLibrary.populate(AccessorLibrary.java:191)
	... 83 more
Caused by: java.net.ConnectException: Connection timed out (Connection timed out)
	at java.base/java.net.PlainSocketImpl.socketConnect(Native Method)
	at java.base/java.net.AbstractPlainSocketImpl.doConnect(AbstractPlainSocketImpl.java:399)
	at java.base/java.net.AbstractPlainSocketImpl.connectToAddress(AbstractPlainSocketImpl.java:242)
	at java.base/java.net.AbstractPlainSocketImpl.connect(AbstractPlainSocketImpl.java:224)
	at java.base/java.net.SocksSocketImpl.connect(SocksSocketImpl.java:403)
	at java.base/java.net.Socket.connect(Socket.java:591)
	at java.base/sun.security.ssl.SSLSocketImpl.connect(SSLSocketImpl.java:285)
	at java.base/sun.security.ssl.BaseSSLSocketImpl.connect(BaseSSLSocketImpl.java:173)
	at java.base/sun.net.NetworkClient.doConnect(NetworkClient.java:182)
	at java.base/sun.net.www.http.HttpClient.openServer(HttpClient.java:474)
	at java.base/sun.net.www.http.HttpClient.openServer(HttpClient.java:569)
	at java.base/sun.net.www.protocol.https.HttpsClient.<init>(HttpsClient.java:265)
	at java.base/sun.net.www.protocol.https.HttpsClient.New(HttpsClient.java:372)
	at java.base/sun.net.www.protocol.https.AbstractDelegateHttpsURLConnection.getNewHttpClient(AbstractDelegateHttpsURLConnection.java:191)
	at java.base/sun.net.www.protocol.http.HttpURLConnection.plainConnect0(HttpURLConnection.java:1181)
	at java.base/sun.net.www.protocol.http.HttpURLConnection.plainConnect(HttpURLConnection.java:1075)
	at java.base/sun.net.www.protocol.https.AbstractDelegateHttpsURLConnection.connect(AbstractDelegateHttpsURLConnection.java:177)
	at java.base/sun.net.www.protocol.http.HttpURLConnection.getInputStream0(HttpURLConnection.java:1581)
	at java.base/sun.net.www.protocol.http.HttpURLConnection.getInputStream(HttpURLConnection.java:1509)
	at java.base/sun.net.www.protocol.https.HttpsURLConnectionImpl.getInputStream(HttpsURLConnectionImpl.java:245)
	at java.base/java.net.URL.openStream(URL.java:1117)
	at ptolemy.util.FileUtilities.openStreamFollowingRedirectsReturningBoth(FileUtilities.java:1012)
	at ptolemy.util.FileUtilities.openStreamFollowingRedirects(FileUtilities.java:952)
	at org.terraswarm.accessor.JSAccessor._accessorToMoML(JSAccessor.java:1100)
	at org.terraswarm.accessor.JSAccessor.accessorToMoML(JSAccessor.java:293)
	at org.terraswarm.accessor.AccessorLibrary.populate(AccessorLibrary.java:191)
	at ptolemy.moml.EntityLibrary.classDefinitionList(EntityLibrary.java:307)
	at ptolemy.kernel.CompositeEntity._description(CompositeEntity.java:2292)
	at ptolemy.kernel.CompositeEntity._description(CompositeEntity.java:2307)
	at ptolemy.kernel.CompositeEntity._description(CompositeEntity.java:2307)
	at ptolemy.kernel.CompositeEntity._description(CompositeEntity.java:2307)
	at ptolemy.kernel.CompositeEntity._description(CompositeEntity.java:2307)
	at ptolemy.kernel.util.NamedObj.description(NamedObj.java:731)
	at ptolemy.kernel.util.NamedObj.description(NamedObj.java:715)
	at java.base/jdk.internal.reflect.NativeMethodAccessorImpl.invoke0(Native Method)
	at java.base/jdk.internal.reflect.NativeMethodAccessorImpl.invoke(NativeMethodAccessorImpl.java:62)
	at java.base/jdk.internal.reflect.DelegatingMethodAccessorImpl.invoke(DelegatingMethodAccessorImpl.java:43)
	at java.base/java.lang.reflect.Method.invoke(Method.java:566)
	at tcl.lang.reflect.PkgInvoker.invokeMethod(PkgInvoker.java:129)
	at tcl.lang.JavaInvoke.call(JavaInvoke.java:253)
	at tcl.lang.JavaInvoke.callMethod(JavaInvoke.java:116)
	at tcl.lang.ReflectObject.cmdProc(ReflectObject.java:727)
	at tcl.lang.Parser.evalObjv(Parser.java:740)
	at tcl.lang.Parser.eval2(Parser.java:1138)
	at tcl.lang.Parser.evalTokens(Parser.java:930)
	at tcl.lang.Parser.eval2(Parser.java:1125)
	at tcl.lang.Parser.evalTokens(Parser.java:930)
	at tcl.lang.Parser.eval2(Parser.java:1125)
	at tcl.lang.Interp.eval(Interp.java:1782)
	at tcl.lang.Interp.eval(Interp.java:1841)
	at tcl.lang.UplevelCmd.cmdProc(UplevelCmd.java:93)
	at tcl.lang.AutoloadStub.cmdProc(Extension.java:144)
	at tcl.lang.Parser.evalObjv(Parser.java:740)
	at tcl.lang.Parser.eval2(Parser.java:1138)
	at tcl.lang.Interp.eval(Interp.java:1782)
	at tcl.lang.Interp.eval(Interp.java:1841)
	at tcl.lang.CatchCmd.cmdProc(CatchCmd.java:42)
	at tcl.lang.Parser.evalObjv(Parser.java:740)
	at tcl.lang.Parser.eval2(Parser.java:1138)
	at tcl.lang.Parser.evalTokens(Parser.java:930)
	at tcl.lang.Parser.eval2(Parser.java:1125)
	at tcl.lang.Procedure.cmdProc(Procedure.java:175)
	at tcl.lang.Parser.evalObjv(Parser.java:740)
	at tcl.lang.Parser.eval2(Parser.java:1138)
	at tcl.lang.Interp.eval(Interp.java:1782)
	at tcl.lang.Interp.eval(Interp.java:1841)
	at tcl.lang.ForeachCmd.cmdProc(ForeachCmd.java:116)
	at tcl.lang.AutoloadStub.cmdProc(Extension.java:144)
	at tcl.lang.Parser.evalObjv(Parser.java:740)
	at tcl.lang.Parser.eval2(Parser.java:1138)
	at tcl.lang.Interp.eval(Interp.java:1782)
	at tcl.lang.Interp.evalFile(Interp.java:1880)
	at java.base/jdk.internal.reflect.NativeMethodAccessorImpl.invoke0(Native Method)
	at java.base/jdk.internal.reflect.NativeMethodAccessorImpl.invoke(NativeMethodAccessorImpl.java:62)
	at java.base/jdk.internal.reflect.DelegatingMethodAccessorImpl.invoke(DelegatingMethodAccessorImpl.java:43)
	at java.base/java.lang.reflect.Method.invoke(Method.java:566)
	at ptolemy.util.test.junit.TclTests.RunTclFile(TclTests.java:233)
	at java.base/jdk.internal.reflect.NativeMethodAccessorImpl.invoke0(Native Method)
	at java.base/jdk.internal.reflect.NativeMethodAccessorImpl.invoke(NativeMethodAccessorImpl.java:62)
	at java.base/jdk.internal.reflect.DelegatingMethodAccessorImpl.invoke(DelegatingMethodAccessorImpl.java:43)
	at java.base/java.lang.reflect.Method.invoke(Method.java:566)
	at org.junit.runners.model.FrameworkMethod$1.runReflectiveCall(FrameworkMethod.java:44)
	at org.junit.internal.runners.model.ReflectiveCallable.run(ReflectiveCallable.java:15)
	at org.junit.runners.model.FrameworkMethod.invokeExplosively(FrameworkMethod.java:41)
	at junitparams.internal.InvokeParameterisedMethod.evaluate(InvokeParameterisedMethod.java:102)
	at junitparams.internal.ParameterisedTestMethodRunner.runMethodInvoker(ParameterisedTestMethodRunner.java:47)
	at junitparams.internal.ParameterisedTestMethodRunner.runTestMethod(ParameterisedTestMethodRunner.java:41)
	at junitparams.internal.ParameterisedTestClassRunner.runParameterisedTest(ParameterisedTestClassRunner.java:143)
	at junitparams.JUnitParamsRunner.runChild(JUnitParamsRunner.java:237)
	at junitparams.JUnitParamsRunner.runChild(JUnitParamsRunner.java:215)
	at org.junit.runners.ParentRunner$3.run(ParentRunner.java:193)
	at org.junit.runners.ParentRunner$1.schedule(ParentRunner.java:52)
	at org.junit.runners.ParentRunner.runChildren(ParentRunner.java:191)
	at org.junit.runners.ParentRunner.access$000(ParentRunner.java:42)
	at org.junit.runners.ParentRunner$2.evaluate(ParentRunner.java:184)
	at org.junit.internal.runners.statements.RunAfters.evaluate(RunAfters.java:31)
	at org.junit.runners.ParentRunner.run(ParentRunner.java:236)
	at org.junit.runners.Suite.runChild(Suite.java:128)
	at org.junit.runners.Suite.runChild(Suite.java:24)
	at org.junit.runners.ParentRunner$3.run(ParentRunner.java:193)
	at org.junit.runners.ParentRunner$1.schedule(ParentRunner.java:52)
	at org.junit.runners.ParentRunner.runChildren(ParentRunner.java:191)
	at org.junit.runners.ParentRunner.access$000(ParentRunner.java:42)
	at org.junit.runners.ParentRunner$2.evaluate(ParentRunner.java:184)
	at org.junit.runners.ParentRunner.run(ParentRunner.java:236)
	at junit.framework.JUnit4TestAdapter.run(JUnit4TestAdapter.java:39)
	at org.apache.tools.ant.taskdefs.optional.junit.JUnitTestRunner.run(JUnitTestRunner.java:535)
	at org.apache.tools.ant.taskdefs.optional.junit.JUnitTestRunner.launch(JUnitTestRunner.java:1182)
	at org.apache.tools.ant.taskdefs.optional.junit.JUnitTestRunner.main(JUnitTestRunner.java:1033)
Warning: Nashorn engine is planned to be removed from a future JDK release
Warning: Nashorn engine is planned to be removed from a future JDK release
Warning: Nashorn engine is planned to be removed from a future JDK release
Warning: Nashorn engine is planned to be removed from a future JDK release
Warning: Nashorn engine is planned to be removed from a future JDK release
[main] INFO com.github.sarxos.webcam.Webcam - WebcamDefaultDriver capture driver will be used
Warning: Nashorn engine is planned to be removed from a future JDK release
Loading accessor failed: Foscam.js
java.net.ConnectException: Connection timed out (Connection timed out)
Failed to populate library.
ptolemy.kernel.util.InternalErrorException: Loading accessor failed: Foscam.js
  in .configuration.actor library.MoreLibraries.Accessors.cameras
Because:
Connection timed out (Connection timed out)
	at org.terraswarm.accessor.AccessorLibrary.populate(AccessorLibrary.java:224)
	at ptolemy.moml.EntityLibrary.entityList(EntityLibrary.java:366)
	at ptolemy.kernel.CompositeEntity._unlinkLevelCrossingLinksToOutside(CompositeEntity.java:2769)
	at ptolemy.kernel.CompositeEntity._unlinkLevelCrossingLinksToOutside(CompositeEntity.java:2775)
	at ptolemy.kernel.CompositeEntity._unlinkLevelCrossingLinksToOutside(CompositeEntity.java:2775)
	at ptolemy.kernel.CompositeEntity._unlinkLevelCrossingLinksToOutside(CompositeEntity.java:2775)
	at ptolemy.kernel.CompositeEntity._unlinkLevelCrossingLinksToOutside(CompositeEntity.java:2775)
	at ptolemy.kernel.CompositeEntity.setContainer(CompositeEntity.java:1878)
	at ptolemy.actor.gui.Configuration.setContainer(Configuration.java:1266)
	at ptolemy.moml.MoMLParser.parse(MoMLParser.java:1693)
	at ptolemy.moml.MoMLParser.parse(MoMLParser.java:1617)
	at ptolemy.moml.MoMLParser.parse(MoMLParser.java:1792)
	at org.terraswarm.accessor.AccessorLibrary.populate(AccessorLibrary.java:194)
	at ptolemy.moml.EntityLibrary.deepEntityList(EntityLibrary.java:349)
	at ptolemy.kernel.CompositeEntity.deepEntityList(CompositeEntity.java:714)
	at ptolemy.moml.EntityLibrary.deepEntityList(EntityLibrary.java:350)
	at ptolemy.kernel.CompositeEntity.deepEntityList(CompositeEntity.java:714)
	at ptolemy.moml.EntityLibrary.deepEntityList(EntityLibrary.java:350)
	at ptolemy.kernel.CompositeEntity.deepEntityList(CompositeEntity.java:714)
	at ptolemy.kernel.CompositeEntity.deepEntityList(CompositeEntity.java:714)
	at ptolemy.kernel.CompositeEntity.allAtomicEntityList(CompositeEntity.java:188)
	at java.base/jdk.internal.reflect.NativeMethodAccessorImpl.invoke0(Native Method)
	at java.base/jdk.internal.reflect.NativeMethodAccessorImpl.invoke(NativeMethodAccessorImpl.java:62)
	at java.base/jdk.internal.reflect.DelegatingMethodAccessorImpl.invoke(DelegatingMethodAccessorImpl.java:43)
	at java.base/java.lang.reflect.Method.invoke(Method.java:566)
	at tcl.lang.reflect.PkgInvoker.invokeMethod(PkgInvoker.java:129)
	at tcl.lang.JavaInvoke.call(JavaInvoke.java:253)
	at tcl.lang.JavaInvoke.callMethod(JavaInvoke.java:116)
	at tcl.lang.ReflectObject.cmdProc(ReflectObject.java:727)
	at tcl.lang.Parser.evalObjv(Parser.java:740)
	at tcl.lang.Parser.eval2(Parser.java:1138)
	at tcl.lang.Parser.evalTokens(Parser.java:930)
	at tcl.lang.Parser.eval2(Parser.java:1125)
	at tcl.lang.Interp.eval(Interp.java:1782)
	at tcl.lang.Interp.eval(Interp.java:1841)
	at tcl.lang.UplevelCmd.cmdProc(UplevelCmd.java:93)
	at tcl.lang.Parser.evalObjv(Parser.java:740)
	at tcl.lang.Parser.eval2(Parser.java:1138)
	at tcl.lang.Interp.eval(Interp.java:1782)
	at tcl.lang.Interp.eval(Interp.java:1841)
	at tcl.lang.CatchCmd.cmdProc(CatchCmd.java:42)
	at tcl.lang.Parser.evalObjv(Parser.java:740)
	at tcl.lang.Parser.eval2(Parser.java:1138)
	at tcl.lang.Parser.evalTokens(Parser.java:930)
	at tcl.lang.Parser.eval2(Parser.java:1125)
	at tcl.lang.Procedure.cmdProc(Procedure.java:175)
	at tcl.lang.Parser.evalObjv(Parser.java:740)
	at tcl.lang.Parser.eval2(Parser.java:1138)
	at tcl.lang.Interp.eval(Interp.java:1782)
	at tcl.lang.Interp.eval(Interp.java:1841)
	at tcl.lang.ForeachCmd.cmdProc(ForeachCmd.java:116)
	at tcl.lang.AutoloadStub.cmdProc(Extension.java:144)
	at tcl.lang.Parser.evalObjv(Parser.java:740)
	at tcl.lang.Parser.eval2(Parser.java:1138)
	at tcl.lang.Interp.eval(Interp.java:1782)
	at tcl.lang.Interp.evalFile(Interp.java:1880)
	at java.base/jdk.internal.reflect.NativeMethodAccessorImpl.invoke0(Native Method)
	at java.base/jdk.internal.reflect.NativeMethodAccessorImpl.invoke(NativeMethodAccessorImpl.java:62)
	at java.base/jdk.internal.reflect.DelegatingMethodAccessorImpl.invoke(DelegatingMethodAccessorImpl.java:43)
	at java.base/java.lang.reflect.Method.invoke(Method.java:566)
	at ptolemy.util.test.junit.TclTests.RunTclFile(TclTests.java:233)
	at java.base/jdk.internal.reflect.NativeMethodAccessorImpl.invoke0(Native Method)
	at java.base/jdk.internal.reflect.NativeMethodAccessorImpl.invoke(NativeMethodAccessorImpl.java:62)
	at java.base/jdk.internal.reflect.DelegatingMethodAccessorImpl.invoke(DelegatingMethodAccessorImpl.java:43)
	at java.base/java.lang.reflect.Method.invoke(Method.java:566)
	at org.junit.runners.model.FrameworkMethod$1.runReflectiveCall(FrameworkMethod.java:44)
	at org.junit.internal.runners.model.ReflectiveCallable.run(ReflectiveCallable.java:15)
	at org.junit.runners.model.FrameworkMethod.invokeExplosively(FrameworkMethod.java:41)
	at junitparams.internal.InvokeParameterisedMethod.evaluate(InvokeParameterisedMethod.java:102)
	at junitparams.internal.ParameterisedTestMethodRunner.runMethodInvoker(ParameterisedTestMethodRunner.java:47)
	at junitparams.internal.ParameterisedTestMethodRunner.runTestMethod(ParameterisedTestMethodRunner.java:41)
	at junitparams.internal.ParameterisedTestClassRunner.runParameterisedTest(ParameterisedTestClassRunner.java:143)
	at junitparams.JUnitParamsRunner.runChild(JUnitParamsRunner.java:237)
	at junitparams.JUnitParamsRunner.runChild(JUnitParamsRunner.java:215)
	at org.junit.runners.ParentRunner$3.run(ParentRunner.java:193)
	at org.junit.runners.ParentRunner$1.schedule(ParentRunner.java:52)
	at org.junit.runners.ParentRunner.runChildren(ParentRunner.java:191)
	at org.junit.runners.ParentRunner.access$000(ParentRunner.java:42)
	at org.junit.runners.ParentRunner$2.evaluate(ParentRunner.java:184)
	at org.junit.internal.runners.statements.RunAfters.evaluate(RunAfters.java:31)
	at org.junit.runners.ParentRunner.run(ParentRunner.java:236)
	at org.junit.runners.Suite.runChild(Suite.java:128)
	at org.junit.runners.Suite.runChild(Suite.java:24)
	at org.junit.runners.ParentRunner$3.run(ParentRunner.java:193)
	at org.junit.runners.ParentRunner$1.schedule(ParentRunner.java:52)
	at org.junit.runners.ParentRunner.runChildren(ParentRunner.java:191)
	at org.junit.runners.ParentRunner.access$000(ParentRunner.java:42)
	at org.junit.runners.ParentRunner$2.evaluate(ParentRunner.java:184)
	at org.junit.runners.ParentRunner.run(ParentRunner.java:236)
	at junit.framework.JUnit4TestAdapter.run(JUnit4TestAdapter.java:39)
	at org.apache.tools.ant.taskdefs.optional.junit.JUnitTestRunner.run(JUnitTestRunner.java:535)
	at org.apache.tools.ant.taskdefs.optional.junit.JUnitTestRunner.launch(JUnitTestRunner.java:1182)
	at org.apache.tools.ant.taskdefs.optional.junit.JUnitTestRunner.main(JUnitTestRunner.java:1033)
Caused by: java.net.ConnectException: Connection timed out (Connection timed out)
	at java.base/java.net.PlainSocketImpl.socketConnect(Native Method)
	at java.base/java.net.AbstractPlainSocketImpl.doConnect(AbstractPlainSocketImpl.java:399)
	at java.base/java.net.AbstractPlainSocketImpl.connectToAddress(AbstractPlainSocketImpl.java:242)
	at java.base/java.net.AbstractPlainSocketImpl.connect(AbstractPlainSocketImpl.java:224)
	at java.base/java.net.SocksSocketImpl.connect(SocksSocketImpl.java:403)
	at java.base/java.net.Socket.connect(Socket.java:591)
	at java.base/sun.security.ssl.SSLSocketImpl.connect(SSLSocketImpl.java:285)
	at java.base/sun.security.ssl.BaseSSLSocketImpl.connect(BaseSSLSocketImpl.java:173)
	at java.base/sun.net.NetworkClient.doConnect(NetworkClient.java:182)
	at java.base/sun.net.www.http.HttpClient.openServer(HttpClient.java:474)
	at java.base/sun.net.www.http.HttpClient.openServer(HttpClient.java:569)
	at java.base/sun.net.www.protocol.https.HttpsClient.<init>(HttpsClient.java:265)
	at java.base/sun.net.www.protocol.https.HttpsClient.New(HttpsClient.java:372)
	at java.base/sun.net.www.protocol.https.HttpsClient.New(HttpsClient.java:308)
	at java.base/sun.net.www.protocol.https.HttpsClient.New(HttpsClient.java:299)
	at java.base/sun.net.www.protocol.https.HttpsClient.New(HttpsClient.java:282)
	at java.base/sun.net.www.protocol.https.AbstractDelegateHttpsURLConnection.setNewClient(AbstractDelegateHttpsURLConnection.java:96)
	at java.base/sun.net.www.protocol.https.AbstractDelegateHttpsURLConnection.setNewClient(AbstractDelegateHttpsURLConnection.java:80)
	at java.base/sun.net.www.protocol.http.HttpURLConnection.writeRequests(HttpURLConnection.java:723)
	at java.base/sun.net.www.protocol.http.HttpURLConnection.getInputStream0(HttpURLConnection.java:1602)
	at java.base/sun.net.www.protocol.http.HttpURLConnection.getInputStream(HttpURLConnection.java:1509)
	at java.base/java.net.HttpURLConnection.getResponseCode(HttpURLConnection.java:527)
	at java.base/sun.net.www.protocol.https.HttpsURLConnectionImpl.getResponseCode(HttpsURLConnectionImpl.java:329)
	at ptolemy.util.FileUtilities.followRedirects(FileUtilities.java:434)
	at ptolemy.util.FileUtilities.openStreamFollowingRedirectsReturningBoth(FileUtilities.java:1011)
	at ptolemy.util.FileUtilities.openStreamFollowingRedirects(FileUtilities.java:952)
	at org.terraswarm.accessor.JSAccessor._accessorToMoML(JSAccessor.java:1100)
	at org.terraswarm.accessor.JSAccessor.accessorToMoML(JSAccessor.java:293)
	at org.terraswarm.accessor.AccessorLibrary.populate(AccessorLibrary.java:191)
	... 92 more
Caused by: java.net.ConnectException: Connection timed out (Connection timed out)
	at java.base/java.net.PlainSocketImpl.socketConnect(Native Method)
	at java.base/java.net.AbstractPlainSocketImpl.doConnect(AbstractPlainSocketImpl.java:399)
	at java.base/java.net.AbstractPlainSocketImpl.connectToAddress(AbstractPlainSocketImpl.java:242)
	at java.base/java.net.AbstractPlainSocketImpl.connect(AbstractPlainSocketImpl.java:224)
	at java.base/java.net.SocksSocketImpl.connect(SocksSocketImpl.java:403)
	at java.base/java.net.Socket.connect(Socket.java:591)
	at java.base/sun.security.ssl.SSLSocketImpl.connect(SSLSocketImpl.java:285)
	at java.base/sun.security.ssl.BaseSSLSocketImpl.connect(BaseSSLSocketImpl.java:173)
	at java.base/sun.net.NetworkClient.doConnect(NetworkClient.java:182)
	at java.base/sun.net.www.http.HttpClient.openServer(HttpClient.java:474)
	at java.base/sun.net.www.http.HttpClient.openServer(HttpClient.java:569)
	at java.base/sun.net.www.protocol.https.HttpsClient.<init>(HttpsClient.java:265)
	at java.base/sun.net.www.protocol.https.HttpsClient.New(HttpsClient.java:372)
	at java.base/sun.net.www.protocol.https.HttpsClient.New(HttpsClient.java:308)
	at java.base/sun.net.www.protocol.https.HttpsClient.New(HttpsClient.java:299)
	at java.base/sun.net.www.protocol.https.HttpsClient.New(HttpsClient.java:282)
	at java.base/sun.net.www.protocol.https.AbstractDelegateHttpsURLConnection.setNewClient(AbstractDelegateHttpsURLConnection.java:96)
	at java.base/sun.net.www.protocol.https.AbstractDelegateHttpsURLConnection.setNewClient(AbstractDelegateHttpsURLConnection.java:80)
	at java.base/sun.net.www.protocol.http.HttpURLConnection.writeRequests(HttpURLConnection.java:723)
	at java.base/sun.net.www.protocol.http.HttpURLConnection.getInputStream0(HttpURLConnection.java:1602)
	at java.base/sun.net.www.protocol.http.HttpURLConnection.getInputStream(HttpURLConnection.java:1509)
	at java.base/java.net.HttpURLConnection.getResponseCode(HttpURLConnection.java:527)
	at java.base/sun.net.www.protocol.https.HttpsURLConnectionImpl.getResponseCode(HttpsURLConnectionImpl.java:329)
	at ptolemy.util.FileUtilities.followRedirects(FileUtilities.java:434)
	at ptolemy.util.FileUtilities.openStreamFollowingRedirectsReturningBoth(FileUtilities.java:1011)
	at ptolemy.util.FileUtilities.openStreamFollowingRedirects(FileUtilities.java:952)
	at org.terraswarm.accessor.JSAccessor._accessorToMoML(JSAccessor.java:1100)
	at org.terraswarm.accessor.JSAccessor.accessorToMoML(JSAccessor.java:293)
	at org.terraswarm.accessor.AccessorLibrary.populate(AccessorLibrary.java:191)
	at ptolemy.moml.EntityLibrary.entityList(EntityLibrary.java:366)
	at ptolemy.kernel.CompositeEntity._unlinkLevelCrossingLinksToOutside(CompositeEntity.java:2769)
	at ptolemy.kernel.CompositeEntity._unlinkLevelCrossingLinksToOutside(CompositeEntity.java:2775)
	at ptolemy.kernel.CompositeEntity._unlinkLevelCrossingLinksToOutside(CompositeEntity.java:2775)
	at ptolemy.kernel.CompositeEntity._unlinkLevelCrossingLinksToOutside(CompositeEntity.java:2775)
	at ptolemy.kernel.CompositeEntity._unlinkLevelCrossingLinksToOutside(CompositeEntity.java:2775)
	at ptolemy.kernel.CompositeEntity.setContainer(CompositeEntity.java:1878)
	at ptolemy.actor.gui.Configuration.setContainer(Configuration.java:1266)
	at ptolemy.moml.MoMLParser.parse(MoMLParser.java:1693)
	at ptolemy.moml.MoMLParser.parse(MoMLParser.java:1617)
	at ptolemy.moml.MoMLParser.parse(MoMLParser.java:1792)
	at org.terraswarm.accessor.AccessorLibrary.populate(AccessorLibrary.java:194)
	at ptolemy.moml.EntityLibrary.deepEntityList(EntityLibrary.java:349)
	at ptolemy.kernel.CompositeEntity.deepEntityList(CompositeEntity.java:714)
	at ptolemy.moml.EntityLibrary.deepEntityList(EntityLibrary.java:350)
	at ptolemy.kernel.CompositeEntity.deepEntityList(CompositeEntity.java:714)
	at ptolemy.moml.EntityLibrary.deepEntityList(EntityLibrary.java:350)
	at ptolemy.kernel.CompositeEntity.deepEntityList(CompositeEntity.java:714)
	at ptolemy.kernel.CompositeEntity.deepEntityList(CompositeEntity.java:714)
	at ptolemy.kernel.CompositeEntity.allAtomicEntityList(CompositeEntity.java:188)
	at java.base/jdk.internal.reflect.NativeMethodAccessorImpl.invoke0(Native Method)
	at java.base/jdk.internal.reflect.NativeMethodAccessorImpl.invoke(NativeMethodAccessorImpl.java:62)
	at java.base/jdk.internal.reflect.DelegatingMethodAccessorImpl.invoke(DelegatingMethodAccessorImpl.java:43)
	at java.base/java.lang.reflect.Method.invoke(Method.java:566)
	at tcl.lang.reflect.PkgInvoker.invokeMethod(PkgInvoker.java:129)
	at tcl.lang.JavaInvoke.call(JavaInvoke.java:253)
	at tcl.lang.JavaInvoke.callMethod(JavaInvoke.java:116)
	at tcl.lang.ReflectObject.cmdProc(ReflectObject.java:727)
	at tcl.lang.Parser.evalObjv(Parser.java:740)
	at tcl.lang.Parser.eval2(Parser.java:1138)
	at tcl.lang.Parser.evalTokens(Parser.java:930)
	at tcl.lang.Parser.eval2(Parser.java:1125)
	at tcl.lang.Interp.eval(Interp.java:1782)
	at tcl.lang.Interp.eval(Interp.java:1841)
	at tcl.lang.UplevelCmd.cmdProc(UplevelCmd.java:93)
	at tcl.lang.Parser.evalObjv(Parser.java:740)
	at tcl.lang.Parser.eval2(Parser.java:1138)
	at tcl.lang.Interp.eval(Interp.java:1782)
	at tcl.lang.Interp.eval(Interp.java:1841)
	at tcl.lang.CatchCmd.cmdProc(CatchCmd.java:42)
	at tcl.lang.Parser.evalObjv(Parser.java:740)
	at tcl.lang.Parser.eval2(Parser.java:1138)
	at tcl.lang.Parser.evalTokens(Parser.java:930)
	at tcl.lang.Parser.eval2(Parser.java:1125)
	at tcl.lang.Procedure.cmdProc(Procedure.java:175)
	at tcl.lang.Parser.evalObjv(Parser.java:740)
	at tcl.lang.Parser.eval2(Parser.java:1138)
	at tcl.lang.Interp.eval(Interp.java:1782)
	at tcl.lang.Interp.eval(Interp.java:1841)
	at tcl.lang.ForeachCmd.cmdProc(ForeachCmd.java:116)
	at tcl.lang.AutoloadStub.cmdProc(Extension.java:144)
	at tcl.lang.Parser.evalObjv(Parser.java:740)
	at tcl.lang.Parser.eval2(Parser.java:1138)
	at tcl.lang.Interp.eval(Interp.java:1782)
	at tcl.lang.Interp.evalFile(Interp.java:1880)
	at java.base/jdk.internal.reflect.NativeMethodAccessorImpl.invoke0(Native Method)
	at java.base/jdk.internal.reflect.NativeMethodAccessorImpl.invoke(NativeMethodAccessorImpl.java:62)
	at java.base/jdk.internal.reflect.DelegatingMethodAccessorImpl.invoke(DelegatingMethodAccessorImpl.java:43)
	at java.base/java.lang.reflect.Method.invoke(Method.java:566)
	at ptolemy.util.test.junit.TclTests.RunTclFile(TclTests.java:233)
	at java.base/jdk.internal.reflect.NativeMethodAccessorImpl.invoke0(Native Method)
	at java.base/jdk.internal.reflect.NativeMethodAccessorImpl.invoke(NativeMethodAccessorImpl.java:62)
	at java.base/jdk.internal.reflect.DelegatingMethodAccessorImpl.invoke(DelegatingMethodAccessorImpl.java:43)
	at java.base/java.lang.reflect.Method.invoke(Method.java:566)
	at org.junit.runners.model.FrameworkMethod$1.runReflectiveCall(FrameworkMethod.java:44)
	at org.junit.internal.runners.model.ReflectiveCallable.run(ReflectiveCallable.java:15)
	at org.junit.runners.model.FrameworkMethod.invokeExplosively(FrameworkMethod.java:41)
	at junitparams.internal.InvokeParameterisedMethod.evaluate(InvokeParameterisedMethod.java:102)
	at junitparams.internal.ParameterisedTestMethodRunner.runMethodInvoker(ParameterisedTestMethodRunner.java:47)
	at junitparams.internal.ParameterisedTestMethodRunner.runTestMethod(ParameterisedTestMethodRunner.java:41)
	at junitparams.internal.ParameterisedTestClassRunner.runParameterisedTest(ParameterisedTestClassRunner.java:143)
	at junitparams.JUnitParamsRunner.runChild(JUnitParamsRunner.java:237)
	at junitparams.JUnitParamsRunner.runChild(JUnitParamsRunner.java:215)
	at org.junit.runners.ParentRunner$3.run(ParentRunner.java:193)
	at org.junit.runners.ParentRunner$1.schedule(ParentRunner.java:52)
	at org.junit.runners.ParentRunner.runChildren(ParentRunner.java:191)
	at org.junit.runners.ParentRunner.access$000(ParentRunner.java:42)
	at org.junit.runners.ParentRunner$2.evaluate(ParentRunner.java:184)
	at org.junit.internal.runners.statements.RunAfters.evaluate(RunAfters.java:31)
	at org.junit.runners.ParentRunner.run(ParentRunner.java:236)
	at org.junit.runners.Suite.runChild(Suite.java:128)
	at org.junit.runners.Suite.runChild(Suite.java:24)
	at org.junit.runners.ParentRunner$3.run(ParentRunner.java:193)
	at org.junit.runners.ParentRunner$1.schedule(ParentRunner.java:52)
	at org.junit.runners.ParentRunner.runChildren(ParentRunner.java:191)
	at org.junit.runners.ParentRunner.access$000(ParentRunner.java:42)
	at org.junit.runners.ParentRunner$2.evaluate(ParentRunner.java:184)
	at org.junit.runners.ParentRunner.run(ParentRunner.java:236)
	at junit.framework.JUnit4TestAdapter.run(JUnit4TestAdapter.java:39)
	at org.apache.tools.ant.taskdefs.optional.junit.JUnitTestRunner.run(JUnitTestRunner.java:535)
	at org.apache.tools.ant.taskdefs.optional.junit.JUnitTestRunner.launch(JUnitTestRunner.java:1182)
	at org.apache.tools.ant.taskdefs.optional.junit.JUnitTestRunner.main(JUnitTestRunner.java:1033)
Loading accessor failed: AudioCapture.js
ptolemy.kernel.util.IllegalActionException: Error evaluating expression:
// Copyright (c) 2015-2017 The Regents of the University of California.
...
  in .configuration.actor library.MoreLibraries.Accessors.audio.AudioCapture.script
Because:
Failed to evaluate script.
  in .configuration.actor library.MoreLibraries.Accessors.audio.AudioCapture
Because:
Error: Error executing module audio line #undefined : ptolemy.actor.lib.jjs.modules.audio.AudioHelper
In file: /home/travis/build/icyphy/ptII/ptolemy/actor/lib/jjs/modules/audio/audio.js

java.lang.ClassNotFoundException: ptolemy.actor.lib.jjs.modules.audio.AudioHelper
	at java.base/jdk.internal.loader.BuiltinClassLoader.loadClass(BuiltinClassLoader.java:583)
	at java.base/jdk.internal.loader.ClassLoaders$AppClassLoader.loadClass(ClassLoaders.java:178)
	at java.base/java.lang.ClassLoader.loadClass(ClassLoader.java:521)
	at java.base/java.lang.Class.forName0(Native Method)
	at java.base/java.lang.Class.forName(Class.java:398)
	at jdk.scripting.nashorn/jdk.nashorn.internal.runtime.Context.findClass(Context.java:1180)
	at jdk.scripting.nashorn/jdk.nashorn.internal.objects.NativeJava.simpleType(NativeJava.java:546)
	at jdk.scripting.nashorn/jdk.nashorn.internal.objects.NativeJava.type(NativeJava.java:326)
	at jdk.scripting.nashorn/jdk.nashorn.internal.objects.NativeJava.type(NativeJava.java:318)
	at jdk.scripting.nashorn/jdk.nashorn.internal.objects.NativeJava.type(NativeJava.java:314)
	at jdk.scripting.nashorn.scripts/jdk.nashorn.internal.scripts.Script$Recompilation$539$require.L:1(/home/travis/build/icyphy/ptII/ptolemy/actor/lib/jjs/external/require.js#409:30<eval>:48)
	at jdk.scripting.nashorn.scripts/jdk.nashorn.internal.scripts.Script$Recompilation$449$require.L:45#_require(/home/travis/build/icyphy/ptII/ptolemy/actor/lib/jjs/external/require.js:429)
	at jdk.scripting.nashorn.scripts/jdk.nashorn.internal.scripts.Script$Recompilation$453$21065A$require.L:45#_requireClosure#L:466(/home/travis/build/icyphy/ptII/ptolemy/actor/lib/jjs/external/require.js:467)
	at jdk.scripting.nashorn.scripts/jdk.nashorn.internal.scripts.Script$Recompilation$527$1AAAAAAAAAAAAAA$\^function\_.L:1(<function>:97)
	at jdk.scripting.nashorn.scripts/jdk.nashorn.internal.scripts.Script$Recompilation$526$17933AAAAAA$require$cu1$restOf.L:1#Accessor(/home/travis/build/icyphy/ptII/ptolemy/actor/lib/jjs/external/require.js#409:30<eval>:545)
	at jdk.scripting.nashorn.scripts/jdk.nashorn.internal.scripts.Script$Recompilation$512$2801AAA$\^eval\_.evaluateCode(<eval>:96)
	at jdk.scripting.nashorn/jdk.nashorn.internal.runtime.ScriptFunctionData.invoke(ScriptFunctionData.java:661)
	at jdk.scripting.nashorn/jdk.nashorn.internal.runtime.ScriptFunction.invoke(ScriptFunction.java:513)
	at jdk.scripting.nashorn/jdk.nashorn.internal.runtime.ScriptRuntime.apply(ScriptRuntime.java:527)
	at jdk.scripting.nashorn/jdk.nashorn.api.scripting.ScriptObjectMirror.callMember(ScriptObjectMirror.java:202)
	at jdk.scripting.nashorn/jdk.nashorn.api.scripting.NashornScriptEngine.invokeImpl(NashornScriptEngine.java:393)
	at jdk.scripting.nashorn/jdk.nashorn.api.scripting.NashornScriptEngine.invokeFunction(NashornScriptEngine.java:197)
	at ptolemy.actor.lib.jjs.JavaScript._createEngineAndEvaluateSetup(JavaScript.java:2493)
	at ptolemy.actor.lib.jjs.JavaScript.attributeChanged(JavaScript.java:548)
	at org.terraswarm.accessor.JSAccessor.attributeChanged(JSAccessor.java:312)
	at ptolemy.data.expr.Variable._setTokenAndNotify(Variable.java:2271)
	at ptolemy.data.expr.Variable._evaluate(Variable.java:1873)
	at ptolemy.data.expr.Variable._propagate(Variable.java:1984)
	at ptolemy.data.expr.Variable.validate(Variable.java:1596)
	at ptolemy.moml.MoMLParser.endDocument(MoMLParser.java:867)
	at com.microstar.xml.XmlParser.doParse(XmlParser.java:162)
	at com.microstar.xml.XmlParser.parse(XmlParser.java:132)
	at ptolemy.moml.MoMLParser.parse(MoMLParser.java:1676)
	at ptolemy.moml.MoMLParser.parse(MoMLParser.java:1617)
	at ptolemy.moml.MoMLParser.parse(MoMLParser.java:1792)
	at org.terraswarm.accessor.AccessorLibrary.populate(AccessorLibrary.java:194)
	at ptolemy.moml.EntityLibrary.deepEntityList(EntityLibrary.java:349)
	at ptolemy.kernel.CompositeEntity.deepEntityList(CompositeEntity.java:714)
	at ptolemy.moml.EntityLibrary.deepEntityList(EntityLibrary.java:350)
	at ptolemy.kernel.CompositeEntity.deepEntityList(CompositeEntity.java:714)
	at ptolemy.moml.EntityLibrary.deepEntityList(EntityLibrary.java:350)
	at ptolemy.kernel.CompositeEntity.deepEntityList(CompositeEntity.java:714)
	at ptolemy.kernel.CompositeEntity.deepEntityList(CompositeEntity.java:714)
	at ptolemy.kernel.CompositeEntity.allAtomicEntityList(CompositeEntity.java:188)
	at java.base/jdk.internal.reflect.NativeMethodAccessorImpl.invoke0(Native Method)
	at java.base/jdk.internal.reflect.NativeMethodAccessorImpl.invoke(NativeMethodAccessorImpl.java:62)
	at java.base/jdk.internal.reflect.DelegatingMethodAccessorImpl.invoke(DelegatingMethodAccessorImpl.java:43)
	at java.base/java.lang.reflect.Method.invoke(Method.java:566)
	at tcl.lang.reflect.PkgInvoker.invokeMethod(PkgInvoker.java:129)
	at tcl.lang.JavaInvoke.call(JavaInvoke.java:253)
	at tcl.lang.JavaInvoke.callMethod(JavaInvoke.java:116)
	at tcl.lang.ReflectObject.cmdProc(ReflectObject.java:727)
	at tcl.lang.Parser.evalObjv(Parser.java:740)
	at tcl.lang.Parser.eval2(Parser.java:1138)
	at tcl.lang.Parser.evalTokens(Parser.java:930)
	at tcl.lang.Parser.eval2(Parser.java:1125)
	at tcl.lang.Interp.eval(Interp.java:1782)
	at tcl.lang.Interp.eval(Interp.java:1841)
	at tcl.lang.UplevelCmd.cmdProc(UplevelCmd.java:93)
	at tcl.lang.Parser.evalObjv(Parser.java:740)
	at tcl.lang.Parser.eval2(Parser.java:1138)
	at tcl.lang.Interp.eval(Interp.java:1782)
	at tcl.lang.Interp.eval(Interp.java:1841)
	at tcl.lang.CatchCmd.cmdProc(CatchCmd.java:42)
	at tcl.lang.Parser.evalObjv(Parser.java:740)
	at tcl.lang.Parser.eval2(Parser.java:1138)
	at tcl.lang.Parser.evalTokens(Parser.java:930)
	at tcl.lang.Parser.eval2(Parser.java:1125)
	at tcl.lang.Procedure.cmdProc(Procedure.java:175)
	at tcl.lang.Parser.evalObjv(Parser.java:740)
	at tcl.lang.Parser.eval2(Parser.java:1138)
	at tcl.lang.Interp.eval(Interp.java:1782)
	at tcl.lang.Interp.eval(Interp.java:1841)
	at tcl.lang.ForeachCmd.cmdProc(ForeachCmd.java:116)
	at tcl.lang.AutoloadStub.cmdProc(Extension.java:144)
	at tcl.lang.Parser.evalObjv(Parser.java:740)
	at tcl.lang.Parser.eval2(Parser.java:1138)
	at tcl.lang.Interp.eval(Interp.java:1782)
	at tcl.lang.Interp.evalFile(Interp.java:1880)
	at java.base/jdk.internal.reflect.NativeMethodAccessorImpl.invoke0(Native Method)
	at java.base/jdk.internal.reflect.NativeMethodAccessorImpl.invoke(NativeMethodAccessorImpl.java:62)
	at java.base/jdk.internal.reflect.DelegatingMethodAccessorImpl.invoke(DelegatingMethodAccessorImpl.java:43)
	at java.base/java.lang.reflect.Method.invoke(Method.java:566)
	at ptolemy.util.test.junit.TclTests.RunTclFile(TclTests.java:233)
	at java.base/jdk.internal.reflect.NativeMethodAccessorImpl.invoke0(Native Method)
	at java.base/jdk.internal.reflect.NativeMethodAccessorImpl.invoke(NativeMethodAccessorImpl.java:62)
	at java.base/jdk.internal.reflect.DelegatingMethodAccessorImpl.invoke(DelegatingMethodAccessorImpl.java:43)
	at java.base/java.lang.reflect.Method.invoke(Method.java:566)
	at org.junit.runners.model.FrameworkMethod$1.runReflectiveCall(FrameworkMethod.java:44)
	at org.junit.internal.runners.model.ReflectiveCallable.run(ReflectiveCallable.java:15)
	at org.junit.runners.model.FrameworkMethod.invokeExplosively(FrameworkMethod.java:41)
	at junitparams.internal.InvokeParameterisedMethod.evaluate(InvokeParameterisedMethod.java:102)
	at junitparams.internal.ParameterisedTestMethodRunner.runMethodInvoker(ParameterisedTestMethodRunner.java:47)
	at junitparams.internal.ParameterisedTestMethodRunner.runTestMethod(ParameterisedTestMethodRunner.java:41)
	at junitparams.internal.ParameterisedTestClassRunner.runParameterisedTest(ParameterisedTestClassRunner.java:143)
	at junitparams.JUnitParamsRunner.runChild(JUnitParamsRunner.java:237)
	at junitparams.JUnitParamsRunner.runChild(JUnitParamsRunner.java:215)
	at org.junit.runners.ParentRunner$3.run(ParentRunner.java:193)
	at org.junit.runners.ParentRunner$1.schedule(ParentRunner.java:52)
	at org.junit.runners.ParentRunner.runChildren(ParentRunner.java:191)
	at org.junit.runners.ParentRunner.access$000(ParentRunner.java:42)
	at org.junit.runners.ParentRunner$2.evaluate(ParentRunner.java:184)
	at org.junit.internal.runners.statements.RunAfters.evaluate(RunAfters.java:31)
	at org.junit.runners.ParentRunner.run(ParentRunner.java:236)
	at org.junit.runners.Suite.runChild(Suite.java:128)
	at org.junit.runners.Suite.runChild(Suite.java:24)
	at org.junit.runners.ParentRunner$3.run(ParentRunner.java:193)
	at org.junit.runners.ParentRunner$1.schedule(ParentRunner.java:52)
	at org.junit.runners.ParentRunner.runChildren(ParentRunner.java:191)
	at org.junit.runners.ParentRunner.access$000(ParentRunner.java:42)
	at org.junit.runners.ParentRunner$2.evaluate(ParentRunner.java:184)
	at org.junit.runners.ParentRunner.run(ParentRunner.java:236)
	at junit.framework.JUnit4TestAdapter.run(JUnit4TestAdapter.java:39)
	at org.apache.tools.ant.taskdefs.optional.junit.JUnitTestRunner.run(JUnitTestRunner.java:535)
	at org.apache.tools.ant.taskdefs.optional.junit.JUnitTestRunner.launch(JUnitTestRunner.java:1182)
	at org.apache.tools.ant.taskdefs.optional.junit.JUnitTestRunner.main(JUnitTestRunner.java:1033)
 in /home/travis/build/icyphy/ptII/ptolemy/actor/lib/jjs/external/require.js at line number 454 at column number 12
  in .configuration.actor library.MoreLibraries.Accessors.audio.AudioCapture.script
Because:
Error evaluating expression:
// Copyright (c) 2015-2017 The Regents of the University of California.
...
  in .configuration.actor library.MoreLibraries.Accessors.audio.AudioCapture.script
Because:
Failed to evaluate script.
  in .configuration.actor library.MoreLibraries.Accessors.audio.AudioCapture
Because:
Error: Error executing module audio line #undefined : ptolemy.actor.lib.jjs.modules.audio.AudioHelper
In file: /home/travis/build/icyphy/ptII/ptolemy/actor/lib/jjs/modules/audio/audio.js

java.lang.ClassNotFoundException: ptolemy.actor.lib.jjs.modules.audio.AudioHelper
	at java.base/jdk.internal.loader.BuiltinClassLoader.loadClass(BuiltinClassLoader.java:583)
	at java.base/jdk.internal.loader.ClassLoaders$AppClassLoader.loadClass(ClassLoaders.java:178)
	at java.base/java.lang.ClassLoader.loadClass(ClassLoader.java:521)
	at java.base/java.lang.Class.forName0(Native Method)
	at java.base/java.lang.Class.forName(Class.java:398)
	at jdk.scripting.nashorn/jdk.nashorn.internal.runtime.Context.findClass(Context.java:1180)
	at jdk.scripting.nashorn/jdk.nashorn.internal.objects.NativeJava.simpleType(NativeJava.java:546)
	at jdk.scripting.nashorn/jdk.nashorn.internal.objects.NativeJava.type(NativeJava.java:326)
	at jdk.scripting.nashorn/jdk.nashorn.internal.objects.NativeJava.type(NativeJava.java:318)
	at jdk.scripting.nashorn/jdk.nashorn.internal.objects.NativeJava.type(NativeJava.java:314)
	at jdk.scripting.nashorn.scripts/jdk.nashorn.internal.scripts.Script$Recompilation$539$require.L:1(/home/travis/build/icyphy/ptII/ptolemy/actor/lib/jjs/external/require.js#409:30<eval>:48)
	at jdk.scripting.nashorn.scripts/jdk.nashorn.internal.scripts.Script$Recompilation$449$require.L:45#_require(/home/travis/build/icyphy/ptII/ptolemy/actor/lib/jjs/external/require.js:429)
	at jdk.scripting.nashorn.scripts/jdk.nashorn.internal.scripts.Script$Recompilation$453$21065A$require.L:45#_requireClosure#L:466(/home/travis/build/icyphy/ptII/ptolemy/actor/lib/jjs/external/require.js:467)
	at jdk.scripting.nashorn.scripts/jdk.nashorn.internal.scripts.Script$Recompilation$527$1AAAAAAAAAAAAAA$\^function\_.L:1(<function>:97)
	at jdk.scripting.nashorn.scripts/jdk.nashorn.internal.scripts.Script$Recompilation$526$17933AAAAAA$require$cu1$restOf.L:1#Accessor(/home/travis/build/icyphy/ptII/ptolemy/actor/lib/jjs/external/require.js#409:30<eval>:545)
	at jdk.scripting.nashorn.scripts/jdk.nashorn.internal.scripts.Script$Recompilation$512$2801AAA$\^eval\_.evaluateCode(<eval>:96)
	at jdk.scripting.nashorn/jdk.nashorn.internal.runtime.ScriptFunctionData.invoke(ScriptFunctionData.java:661)
	at jdk.scripting.nashorn/jdk.nashorn.internal.runtime.ScriptFunction.invoke(ScriptFunction.java:513)
	at jdk.scripting.nashorn/jdk.nashorn.internal.runtime.ScriptRuntime.apply(ScriptRuntime.java:527)
	at jdk.scripting.nashorn/jdk.nashorn.api.scripting.ScriptObjectMirror.callMember(ScriptObjectMirror.java:202)
	at jdk.scripting.nashorn/jdk.nashorn.api.scripting.NashornScriptEngine.invokeImpl(NashornScriptEngine.java:393)
	at jdk.scripting.nashorn/jdk.nashorn.api.scripting.NashornScriptEngine.invokeFunction(NashornScriptEngine.java:197)
	at ptolemy.actor.lib.jjs.JavaScript._createEngineAndEvaluateSetup(JavaScript.java:2493)
	at ptolemy.actor.lib.jjs.JavaScript.attributeChanged(JavaScript.java:548)
	at org.terraswarm.accessor.JSAccessor.attributeChanged(JSAccessor.java:312)
	at ptolemy.data.expr.Variable._setTokenAndNotify(Variable.java:2271)
	at ptolemy.data.expr.Variable._evaluate(Variable.java:1873)
	at ptolemy.data.expr.Variable._propagate(Variable.java:1984)
	at ptolemy.data.expr.Variable.validate(Variable.java:1596)
	at ptolemy.moml.MoMLParser.endDocument(MoMLParser.java:867)
	at com.microstar.xml.XmlParser.doParse(XmlParser.java:162)
	at com.microstar.xml.XmlParser.parse(XmlParser.java:132)
	at ptolemy.moml.MoMLParser.parse(MoMLParser.java:1676)
	at ptolemy.moml.MoMLParser.parse(MoMLParser.java:1617)
	at ptolemy.moml.MoMLParser.parse(MoMLParser.java:1792)
	at org.terraswarm.accessor.AccessorLibrary.populate(AccessorLibrary.java:194)
	at ptolemy.moml.EntityLibrary.deepEntityList(EntityLibrary.java:349)
	at ptolemy.kernel.CompositeEntity.deepEntityList(CompositeEntity.java:714)
	at ptolemy.moml.EntityLibrary.deepEntityList(EntityLibrary.java:350)
	at ptolemy.kernel.CompositeEntity.deepEntityList(CompositeEntity.java:714)
	at ptolemy.moml.EntityLibrary.deepEntityList(EntityLibrary.java:350)
	at ptolemy.kernel.CompositeEntity.deepEntityList(CompositeEntity.java:714)
	at ptolemy.kernel.CompositeEntity.deepEntityList(CompositeEntity.java:714)
	at ptolemy.kernel.CompositeEntity.allAtomicEntityList(CompositeEntity.java:188)
	at java.base/jdk.internal.reflect.NativeMethodAccessorImpl.invoke0(Native Method)
	at java.base/jdk.internal.reflect.NativeMethodAccessorImpl.invoke(NativeMethodAccessorImpl.java:62)
	at java.base/jdk.internal.reflect.DelegatingMethodAccessorImpl.invoke(DelegatingMethodAccessorImpl.java:43)
	at java.base/java.lang.reflect.Method.invoke(Method.java:566)
	at tcl.lang.reflect.PkgInvoker.invokeMethod(PkgInvoker.java:129)
	at tcl.lang.JavaInvoke.call(JavaInvoke.java:253)
	at tcl.lang.JavaInvoke.callMethod(JavaInvoke.java:116)
	at tcl.lang.ReflectObject.cmdProc(ReflectObject.java:727)
	at tcl.lang.Parser.evalObjv(Parser.java:740)
	at tcl.lang.Parser.eval2(Parser.java:1138)
	at tcl.lang.Parser.evalTokens(Parser.java:930)
	at tcl.lang.Parser.eval2(Parser.java:1125)
	at tcl.lang.Interp.eval(Interp.java:1782)
	at tcl.lang.Interp.eval(Interp.java:1841)
	at tcl.lang.UplevelCmd.cmdProc(UplevelCmd.java:93)
	at tcl.lang.Parser.evalObjv(Parser.java:740)
	at tcl.lang.Parser.eval2(Parser.java:1138)
	at tcl.lang.Interp.eval(Interp.java:1782)
	at tcl.lang.Interp.eval(Interp.java:1841)
	at tcl.lang.CatchCmd.cmdProc(CatchCmd.java:42)
	at tcl.lang.Parser.evalObjv(Parser.java:740)
	at tcl.lang.Parser.eval2(Parser.java:1138)
	at tcl.lang.Parser.evalTokens(Parser.java:930)
	at tcl.lang.Parser.eval2(Parser.java:1125)
	at tcl.lang.Procedure.cmdProc(Procedure.java:175)
	at tcl.lang.Parser.evalObjv(Parser.java:740)
	at tcl.lang.Parser.eval2(Parser.java:1138)
	at tcl.lang.Interp.eval(Interp.java:1782)
	at tcl.lang.Interp.eval(Interp.java:1841)
	at tcl.lang.ForeachCmd.cmdProc(ForeachCmd.java:116)
	at tcl.lang.AutoloadStub.cmdProc(Extension.java:144)
	at tcl.lang.Parser.evalObjv(Parser.java:740)
	at tcl.lang.Parser.eval2(Parser.java:1138)
	at tcl.lang.Interp.eval(Interp.java:1782)
	at tcl.lang.Interp.evalFile(Interp.java:1880)
	at java.base/jdk.internal.reflect.NativeMethodAccessorImpl.invoke0(Native Method)
	at java.base/jdk.internal.reflect.NativeMethodAccessorImpl.invoke(NativeMethodAccessorImpl.java:62)
	at java.base/jdk.internal.reflect.DelegatingMethodAccessorImpl.invoke(DelegatingMethodAccessorImpl.java:43)
	at java.base/java.lang.reflect.Method.invoke(Method.java:566)
	at ptolemy.util.test.junit.TclTests.RunTclFile(TclTests.java:233)
	at java.base/jdk.internal.reflect.NativeMethodAccessorImpl.invoke0(Native Method)
	at java.base/jdk.internal.reflect.NativeMethodAccessorImpl.invoke(NativeMethodAccessorImpl.java:62)
	at java.base/jdk.internal.reflect.DelegatingMethodAccessorImpl.invoke(DelegatingMethodAccessorImpl.java:43)
	at java.base/java.lang.reflect.Method.invoke(Method.java:566)
	at org.junit.runners.model.FrameworkMethod$1.runReflectiveCall(FrameworkMethod.java:44)
	at org.junit.internal.runners.model.ReflectiveCallable.run(ReflectiveCallable.java:15)
	at org.junit.runners.model.FrameworkMethod.invokeExplosively(FrameworkMethod.java:41)
	at junitparams.internal.InvokeParameterisedMethod.evaluate(InvokeParameterisedMethod.java:102)
	at junitparams.internal.ParameterisedTestMethodRunner.runMethodInvoker(ParameterisedTestMethodRunner.java:47)
	at junitparams.internal.ParameterisedTestMethodRunner.runTestMethod(ParameterisedTestMethodRunner.java:41)
	at junitparams.internal.ParameterisedTestClassRunner.runParameterisedTest(ParameterisedTestClassRunner.java:143)
	at junitparams.JUnitParamsRunner.runChild(JUnitParamsRunner.java:237)
	at junitparams.JUnitParamsRunner.runChild(JUnitParamsRunner.java:215)
	at org.junit.runners.ParentRunner$3.run(ParentRunner.java:193)
	at org.junit.runners.ParentRunner$1.schedule(ParentRunner.java:52)
	at org.junit.runners.ParentRunner.runChildren(ParentRunner.java:191)
	at org.junit.runners.ParentRunner.access$000(ParentRunner.java:42)
	at org.junit.runners.ParentRunner$2.evaluate(ParentRunner.java:184)
	at org.junit.internal.runners.statements.RunAfters.evaluate(RunAfters.java:31)
	at org.junit.runners.ParentRunner.run(ParentRunner.java:236)
	at org.junit.runners.Suite.runChild(Suite.java:128)
	at org.junit.runners.Suite.runChild(Suite.java:24)
	at org.junit.runners.ParentRunner$3.run(ParentRunner.java:193)
	at org.junit.runners.ParentRunner$1.schedule(ParentRunner.java:52)
	at org.junit.runners.ParentRunner.runChildren(ParentRunner.java:191)
	at org.junit.runners.ParentRunner.access$000(ParentRunner.java:42)
	at org.junit.runners.ParentRunner$2.evaluate(ParentRunner.java:184)
	at org.junit.runners.ParentRunner.run(ParentRunner.java:236)
	at junit.framework.JUnit4TestAdapter.run(JUnit4TestAdapter.java:39)
	at org.apache.tools.ant.taskdefs.optional.junit.JUnitTestRunner.run(JUnitTestRunner.java:535)
	at org.apache.tools.ant.taskdefs.optional.junit.JUnitTestRunner.launch(JUnitTestRunner.java:1182)
	at org.apache.tools.ant.taskdefs.optional.junit.JUnitTestRunner.main(JUnitTestRunner.java:1033)
 in /home/travis/build/icyphy/ptII/ptolemy/actor/lib/jjs/external/require.js at line number 454 at column number 12
Failed to populate library.
ptolemy.kernel.util.InternalErrorException: Loading accessor failed: AudioCapture.js
  in .configuration.actor library.MoreLibraries.Accessors.audio
Because:
Error evaluating expression:
// Copyright (c) 2015-2017 The Regents of the University of California.
...
  in .configuration.actor library.MoreLibraries.Accessors.audio.AudioCapture.script
Because:
Failed to evaluate script.
  in .configuration.actor library.MoreLibraries.Accessors.audio.AudioCapture
Because:
Error: Error executing module audio line #undefined : ptolemy.actor.lib.jjs.modules.audio.AudioHelper
In file: /home/travis/build/icyphy/ptII/ptolemy/actor/lib/jjs/modules/audio/audio.js

java.lang.ClassNotFoundException: ptolemy.actor.lib.jjs.modules.audio.AudioHelper
	at java.base/jdk.internal.loader.BuiltinClassLoader.loadClass(BuiltinClassLoader.java:583)
	at java.base/jdk.internal.loader.ClassLoaders$AppClassLoader.loadClass(ClassLoaders.java:178)
	at java.base/java.lang.ClassLoader.loadClass(ClassLoader.java:521)
	at java.base/java.lang.Class.forName0(Native Method)
	at java.base/java.lang.Class.forName(Class.java:398)
	at jdk.scripting.nashorn/jdk.nashorn.internal.runtime.Context.findClass(Context.java:1180)
	at jdk.scripting.nashorn/jdk.nashorn.internal.objects.NativeJava.simpleType(NativeJava.java:546)
	at jdk.scripting.nashorn/jdk.nashorn.internal.objects.NativeJava.type(NativeJava.java:326)
	at jdk.scripting.nashorn/jdk.nashorn.internal.objects.NativeJava.type(NativeJava.java:318)
	at jdk.scripting.nashorn/jdk.nashorn.internal.objects.NativeJava.type(NativeJava.java:314)
	at jdk.scripting.nashorn.scripts/jdk.nashorn.internal.scripts.Script$Recompilation$539$require.L:1(/home/travis/build/icyphy/ptII/ptolemy/actor/lib/jjs/external/require.js#409:30<eval>:48)
	at jdk.scripting.nashorn.scripts/jdk.nashorn.internal.scripts.Script$Recompilation$449$require.L:45#_require(/home/travis/build/icyphy/ptII/ptolemy/actor/lib/jjs/external/require.js:429)
	at jdk.scripting.nashorn.scripts/jdk.nashorn.internal.scripts.Script$Recompilation$453$21065A$require.L:45#_requireClosure#L:466(/home/travis/build/icyphy/ptII/ptolemy/actor/lib/jjs/external/require.js:467)
	at jdk.scripting.nashorn.scripts/jdk.nashorn.internal.scripts.Script$Recompilation$527$1AAAAAAAAAAAAAA$\^function\_.L:1(<function>:97)
	at jdk.scripting.nashorn.scripts/jdk.nashorn.internal.scripts.Script$Recompilation$526$17933AAAAAA$require$cu1$restOf.L:1#Accessor(/home/travis/build/icyphy/ptII/ptolemy/actor/lib/jjs/external/require.js#409:30<eval>:545)
	at jdk.scripting.nashorn.scripts/jdk.nashorn.internal.scripts.Script$Recompilation$512$2801AAA$\^eval\_.evaluateCode(<eval>:96)
	at jdk.scripting.nashorn/jdk.nashorn.internal.runtime.ScriptFunctionData.invoke(ScriptFunctionData.java:661)
	at jdk.scripting.nashorn/jdk.nashorn.internal.runtime.ScriptFunction.invoke(ScriptFunction.java:513)
	at jdk.scripting.nashorn/jdk.nashorn.internal.runtime.ScriptRuntime.apply(ScriptRuntime.java:527)
	at jdk.scripting.nashorn/jdk.nashorn.api.scripting.ScriptObjectMirror.callMember(ScriptObjectMirror.java:202)
	at jdk.scripting.nashorn/jdk.nashorn.api.scripting.NashornScriptEngine.invokeImpl(NashornScriptEngine.java:393)
	at jdk.scripting.nashorn/jdk.nashorn.api.scripting.NashornScriptEngine.invokeFunction(NashornScriptEngine.java:197)
	at ptolemy.actor.lib.jjs.JavaScript._createEngineAndEvaluateSetup(JavaScript.java:2493)
	at ptolemy.actor.lib.jjs.JavaScript.attributeChanged(JavaScript.java:548)
	at org.terraswarm.accessor.JSAccessor.attributeChanged(JSAccessor.java:312)
	at ptolemy.data.expr.Variable._setTokenAndNotify(Variable.java:2271)
	at ptolemy.data.expr.Variable._evaluate(Variable.java:1873)
	at ptolemy.data.expr.Variable._propagate(Variable.java:1984)
	at ptolemy.data.expr.Variable.validate(Variable.java:1596)
	at ptolemy.moml.MoMLParser.endDocument(MoMLParser.java:867)
	at com.microstar.xml.XmlParser.doParse(XmlParser.java:162)
	at com.microstar.xml.XmlParser.parse(XmlParser.java:132)
	at ptolemy.moml.MoMLParser.parse(MoMLParser.java:1676)
	at ptolemy.moml.MoMLParser.parse(MoMLParser.java:1617)
	at ptolemy.moml.MoMLParser.parse(MoMLParser.java:1792)
	at org.terraswarm.accessor.AccessorLibrary.populate(AccessorLibrary.java:194)
	at ptolemy.moml.EntityLibrary.deepEntityList(EntityLibrary.java:349)
	at ptolemy.kernel.CompositeEntity.deepEntityList(CompositeEntity.java:714)
	at ptolemy.moml.EntityLibrary.deepEntityList(EntityLibrary.java:350)
	at ptolemy.kernel.CompositeEntity.deepEntityList(CompositeEntity.java:714)
	at ptolemy.moml.EntityLibrary.deepEntityList(EntityLibrary.java:350)
	at ptolemy.kernel.CompositeEntity.deepEntityList(CompositeEntity.java:714)
	at ptolemy.kernel.CompositeEntity.deepEntityList(CompositeEntity.java:714)
	at ptolemy.kernel.CompositeEntity.allAtomicEntityList(CompositeEntity.java:188)
	at java.base/jdk.internal.reflect.NativeMethodAccessorImpl.invoke0(Native Method)
	at java.base/jdk.internal.reflect.NativeMethodAccessorImpl.invoke(NativeMethodAccessorImpl.java:62)
	at java.base/jdk.internal.reflect.DelegatingMethodAccessorImpl.invoke(DelegatingMethodAccessorImpl.java:43)
	at java.base/java.lang.reflect.Method.invoke(Method.java:566)
	at tcl.lang.reflect.PkgInvoker.invokeMethod(PkgInvoker.java:129)
	at tcl.lang.JavaInvoke.call(JavaInvoke.java:253)
	at tcl.lang.JavaInvoke.callMethod(JavaInvoke.java:116)
	at tcl.lang.ReflectObject.cmdProc(ReflectObject.java:727)
	at tcl.lang.Parser.evalObjv(Parser.java:740)
	at tcl.lang.Parser.eval2(Parser.java:1138)
	at tcl.lang.Parser.evalTokens(Parser.java:930)
	at tcl.lang.Parser.eval2(Parser.java:1125)
	at tcl.lang.Interp.eval(Interp.java:1782)
	at tcl.lang.Interp.eval(Interp.java:1841)
	at tcl.lang.UplevelCmd.cmdProc(UplevelCmd.java:93)
	at tcl.lang.Parser.evalObjv(Parser.java:740)
	at tcl.lang.Parser.eval2(Parser.java:1138)
	at tcl.lang.Interp.eval(Interp.java:1782)
	at tcl.lang.Interp.eval(Interp.java:1841)
	at tcl.lang.CatchCmd.cmdProc(CatchCmd.java:42)
	at tcl.lang.Parser.evalObjv(Parser.java:740)
	at tcl.lang.Parser.eval2(Parser.java:1138)
	at tcl.lang.Parser.evalTokens(Parser.java:930)
	at tcl.lang.Parser.eval2(Parser.java:1125)
	at tcl.lang.Procedure.cmdProc(Procedure.java:175)
	at tcl.lang.Parser.evalObjv(Parser.java:740)
	at tcl.lang.Parser.eval2(Parser.java:1138)
	at tcl.lang.Interp.eval(Interp.java:1782)
	at tcl.lang.Interp.eval(Interp.java:1841)
	at tcl.lang.ForeachCmd.cmdProc(ForeachCmd.java:116)
	at tcl.lang.AutoloadStub.cmdProc(Extension.java:144)
	at tcl.lang.Parser.evalObjv(Parser.java:740)
	at tcl.lang.Parser.eval2(Parser.java:1138)
	at tcl.lang.Interp.eval(Interp.java:1782)
	at tcl.lang.Interp.evalFile(Interp.java:1880)
	at java.base/jdk.internal.reflect.NativeMethodAccessorImpl.invoke0(Native Method)
	at java.base/jdk.internal.reflect.NativeMethodAccessorImpl.invoke(NativeMethodAccessorImpl.java:62)
	at java.base/jdk.internal.reflect.DelegatingMethodAccessorImpl.invoke(DelegatingMethodAccessorImpl.java:43)
	at java.base/java.lang.reflect.Method.invoke(Method.java:566)
	at ptolemy.util.test.junit.TclTests.RunTclFile(TclTests.java:233)
	at java.base/jdk.internal.reflect.NativeMethodAccessorImpl.invoke0(Native Method)
	at java.base/jdk.internal.reflect.NativeMethodAccessorImpl.invoke(NativeMethodAccessorImpl.java:62)
	at java.base/jdk.internal.reflect.DelegatingMethodAccessorImpl.invoke(DelegatingMethodAccessorImpl.java:43)
	at java.base/java.lang.reflect.Method.invoke(Method.java:566)
	at org.junit.runners.model.FrameworkMethod$1.runReflectiveCall(FrameworkMethod.java:44)
	at org.junit.internal.runners.model.ReflectiveCallable.run(ReflectiveCallable.java:15)
	at org.junit.runners.model.FrameworkMethod.invokeExplosively(FrameworkMethod.java:41)
	at junitparams.internal.InvokeParameterisedMethod.evaluate(InvokeParameterisedMethod.java:102)
	at junitparams.internal.ParameterisedTestMethodRunner.runMethodInvoker(ParameterisedTestMethodRunner.java:47)
	at junitparams.internal.ParameterisedTestMethodRunner.runTestMethod(ParameterisedTestMethodRunner.java:41)
	at junitparams.internal.ParameterisedTestClassRunner.runParameterisedTest(ParameterisedTestClassRunner.java:143)
	at junitparams.JUnitParamsRunner.runChild(JUnitParamsRunner.java:237)
	at junitparams.JUnitParamsRunner.runChild(JUnitParamsRunner.java:215)
	at org.junit.runners.ParentRunner$3.run(ParentRunner.java:193)
	at org.junit.runners.ParentRunner$1.schedule(ParentRunner.java:52)
	at org.junit.runners.ParentRunner.runChildren(ParentRunner.java:191)
	at org.junit.runners.ParentRunner.access$000(ParentRunner.java:42)
	at org.junit.runners.ParentRunner$2.evaluate(ParentRunner.java:184)
	at org.junit.internal.runners.statements.RunAfters.evaluate(RunAfters.java:31)
	at org.junit.runners.ParentRunner.run(ParentRunner.java:236)
	at org.junit.runners.Suite.runChild(Suite.java:128)
	at org.junit.runners.Suite.runChild(Suite.java:24)
	at org.junit.runners.ParentRunner$3.run(ParentRunner.java:193)
	at org.junit.runners.ParentRunner$1.schedule(ParentRunner.java:52)
	at org.junit.runners.ParentRunner.runChildren(ParentRunner.java:191)
	at org.junit.runners.ParentRunner.access$000(ParentRunner.java:42)
	at org.junit.runners.ParentRunner$2.evaluate(ParentRunner.java:184)
	at org.junit.runners.ParentRunner.run(ParentRunner.java:236)
	at junit.framework.JUnit4TestAdapter.run(JUnit4TestAdapter.java:39)
	at org.apache.tools.ant.taskdefs.optional.junit.JUnitTestRunner.run(JUnitTestRunner.java:535)
	at org.apache.tools.ant.taskdefs.optional.junit.JUnitTestRunner.launch(JUnitTestRunner.java:1182)
	at org.apache.tools.ant.taskdefs.optional.junit.JUnitTestRunner.main(JUnitTestRunner.java:1033)
 in /home/travis/build/icyphy/ptII/ptolemy/actor/lib/jjs/external/require.js at line number 454 at column number 12
  in .configuration.actor library.MoreLibraries.Accessors.audio.AudioCapture.script
Because:
Error evaluating expression:
// Copyright (c) 2015-2017 The Regents of the University of California.
...
  in .configuration.actor library.MoreLibraries.Accessors.audio.AudioCapture.script
Because:
Failed to evaluate script.
  in .configuration.actor library.MoreLibraries.Accessors.audio.AudioCapture
Because:
Error: Error executing module audio line #undefined : ptolemy.actor.lib.jjs.modules.audio.AudioHelper
In file: /home/travis/build/icyphy/ptII/ptolemy/actor/lib/jjs/modules/audio/audio.js

java.lang.ClassNotFoundException: ptolemy.actor.lib.jjs.modules.audio.AudioHelper
	at java.base/jdk.internal.loader.BuiltinClassLoader.loadClass(BuiltinClassLoader.java:583)
	at java.base/jdk.internal.loader.ClassLoaders$AppClassLoader.loadClass(ClassLoaders.java:178)
	at java.base/java.lang.ClassLoader.loadClass(ClassLoader.java:521)
	at java.base/java.lang.Class.forName0(Native Method)
	at java.base/java.lang.Class.forName(Class.java:398)
	at jdk.scripting.nashorn/jdk.nashorn.internal.runtime.Context.findClass(Context.java:1180)
	at jdk.scripting.nashorn/jdk.nashorn.internal.objects.NativeJava.simpleType(NativeJava.java:546)
	at jdk.scripting.nashorn/jdk.nashorn.internal.objects.NativeJava.type(NativeJava.java:326)
	at jdk.scripting.nashorn/jdk.nashorn.internal.objects.NativeJava.type(NativeJava.java:318)
	at jdk.scripting.nashorn/jdk.nashorn.internal.objects.NativeJava.type(NativeJava.java:314)
	at jdk.scripting.nashorn.scripts/jdk.nashorn.internal.scripts.Script$Recompilation$539$require.L:1(/home/travis/build/icyphy/ptII/ptolemy/actor/lib/jjs/external/require.js#409:30<eval>:48)
	at jdk.scripting.nashorn.scripts/jdk.nashorn.internal.scripts.Script$Recompilation$449$require.L:45#_require(/home/travis/build/icyphy/ptII/ptolemy/actor/lib/jjs/external/require.js:429)
	at jdk.scripting.nashorn.scripts/jdk.nashorn.internal.scripts.Script$Recompilation$453$21065A$require.L:45#_requireClosure#L:466(/home/travis/build/icyphy/ptII/ptolemy/actor/lib/jjs/external/require.js:467)
	at jdk.scripting.nashorn.scripts/jdk.nashorn.internal.scripts.Script$Recompilation$527$1AAAAAAAAAAAAAA$\^function\_.L:1(<function>:97)
	at jdk.scripting.nashorn.scripts/jdk.nashorn.internal.scripts.Script$Recompilation$526$17933AAAAAA$require$cu1$restOf.L:1#Accessor(/home/travis/build/icyphy/ptII/ptolemy/actor/lib/jjs/external/require.js#409:30<eval>:545)
	at jdk.scripting.nashorn.scripts/jdk.nashorn.internal.scripts.Script$Recompilation$512$2801AAA$\^eval\_.evaluateCode(<eval>:96)
	at jdk.scripting.nashorn/jdk.nashorn.internal.runtime.ScriptFunctionData.invoke(ScriptFunctionData.java:661)
	at jdk.scripting.nashorn/jdk.nashorn.internal.runtime.ScriptFunction.invoke(ScriptFunction.java:513)
	at jdk.scripting.nashorn/jdk.nashorn.internal.runtime.ScriptRuntime.apply(ScriptRuntime.java:527)
	at jdk.scripting.nashorn/jdk.nashorn.api.scripting.ScriptObjectMirror.callMember(ScriptObjectMirror.java:202)
	at jdk.scripting.nashorn/jdk.nashorn.api.scripting.NashornScriptEngine.invokeImpl(NashornScriptEngine.java:393)
	at jdk.scripting.nashorn/jdk.nashorn.api.scripting.NashornScriptEngine.invokeFunction(NashornScriptEngine.java:197)
	at ptolemy.actor.lib.jjs.JavaScript._createEngineAndEvaluateSetup(JavaScript.java:2493)
	at ptolemy.actor.lib.jjs.JavaScript.attributeChanged(JavaScript.java:548)
	at org.terraswarm.accessor.JSAccessor.attributeChanged(JSAccessor.java:312)
	at ptolemy.data.expr.Variable._setTokenAndNotify(Variable.java:2271)
	at ptolemy.data.expr.Variable._evaluate(Variable.java:1873)
	at ptolemy.data.expr.Variable._propagate(Variable.java:1984)
	at ptolemy.data.expr.Variable.validate(Variable.java:1596)
	at ptolemy.moml.MoMLParser.endDocument(MoMLParser.java:867)
	at com.microstar.xml.XmlParser.doParse(XmlParser.java:162)
	at com.microstar.xml.XmlParser.parse(XmlParser.java:132)
	at ptolemy.moml.MoMLParser.parse(MoMLParser.java:1676)
	at ptolemy.moml.MoMLParser.parse(MoMLParser.java:1617)
	at ptolemy.moml.MoMLParser.parse(MoMLParser.java:1792)
	at org.terraswarm.accessor.AccessorLibrary.populate(AccessorLibrary.java:194)
	at ptolemy.moml.EntityLibrary.deepEntityList(EntityLibrary.java:349)
	at ptolemy.kernel.CompositeEntity.deepEntityList(CompositeEntity.java:714)
	at ptolemy.moml.EntityLibrary.deepEntityList(EntityLibrary.java:350)
	at ptolemy.kernel.CompositeEntity.deepEntityList(CompositeEntity.java:714)
	at ptolemy.moml.EntityLibrary.deepEntityList(EntityLibrary.java:350)
	at ptolemy.kernel.CompositeEntity.deepEntityList(CompositeEntity.java:714)
	at ptolemy.kernel.CompositeEntity.deepEntityList(CompositeEntity.java:714)
	at ptolemy.kernel.CompositeEntity.allAtomicEntityList(CompositeEntity.java:188)
	at java.base/jdk.internal.reflect.NativeMethodAccessorImpl.invoke0(Native Method)
	at java.base/jdk.internal.reflect.NativeMethodAccessorImpl.invoke(NativeMethodAccessorImpl.java:62)
	at java.base/jdk.internal.reflect.DelegatingMethodAccessorImpl.invoke(DelegatingMethodAccessorImpl.java:43)
	at java.base/java.lang.reflect.Method.invoke(Method.java:566)
	at tcl.lang.reflect.PkgInvoker.invokeMethod(PkgInvoker.java:129)
	at tcl.lang.JavaInvoke.call(JavaInvoke.java:253)
	at tcl.lang.JavaInvoke.callMethod(JavaInvoke.java:116)
	at tcl.lang.ReflectObject.cmdProc(ReflectObject.java:727)
	at tcl.lang.Parser.evalObjv(Parser.java:740)
	at tcl.lang.Parser.eval2(Parser.java:1138)
	at tcl.lang.Parser.evalTokens(Parser.java:930)
	at tcl.lang.Parser.eval2(Parser.java:1125)
	at tcl.lang.Interp.eval(Interp.java:1782)
	at tcl.lang.Interp.eval(Interp.java:1841)
	at tcl.lang.UplevelCmd.cmdProc(UplevelCmd.java:93)
	at tcl.lang.Parser.evalObjv(Parser.java:740)
	at tcl.lang.Parser.eval2(Parser.java:1138)
	at tcl.lang.Interp.eval(Interp.java:1782)
	at tcl.lang.Interp.eval(Interp.java:1841)
	at tcl.lang.CatchCmd.cmdProc(CatchCmd.java:42)
	at tcl.lang.Parser.evalObjv(Parser.java:740)
	at tcl.lang.Parser.eval2(Parser.java:1138)
	at tcl.lang.Parser.evalTokens(Parser.java:930)
	at tcl.lang.Parser.eval2(Parser.java:1125)
	at tcl.lang.Procedure.cmdProc(Procedure.java:175)
	at tcl.lang.Parser.evalObjv(Parser.java:740)
	at tcl.lang.Parser.eval2(Parser.java:1138)
	at tcl.lang.Interp.eval(Interp.java:1782)
	at tcl.lang.Interp.eval(Interp.java:1841)
	at tcl.lang.ForeachCmd.cmdProc(ForeachCmd.java:116)
	at tcl.lang.AutoloadStub.cmdProc(Extension.java:144)
	at tcl.lang.Parser.evalObjv(Parser.java:740)
	at tcl.lang.Parser.eval2(Parser.java:1138)
	at tcl.lang.Interp.eval(Interp.java:1782)
	at tcl.lang.Interp.evalFile(Interp.java:1880)
	at java.base/jdk.internal.reflect.NativeMethodAccessorImpl.invoke0(Native Method)
	at java.base/jdk.internal.reflect.NativeMethodAccessorImpl.invoke(NativeMethodAccessorImpl.java:62)
	at java.base/jdk.internal.reflect.DelegatingMethodAccessorImpl.invoke(DelegatingMethodAccessorImpl.java:43)
	at java.base/java.lang.reflect.Method.invoke(Method.java:566)
	at ptolemy.util.test.junit.TclTests.RunTclFile(TclTests.java:233)
	at java.base/jdk.internal.reflect.NativeMethodAccessorImpl.invoke0(Native Method)
	at java.base/jdk.internal.reflect.NativeMethodAccessorImpl.invoke(NativeMethodAccessorImpl.java:62)
	at java.base/jdk.internal.reflect.DelegatingMethodAccessorImpl.invoke(DelegatingMethodAccessorImpl.java:43)
	at java.base/java.lang.reflect.Method.invoke(Method.java:566)
	at org.junit.runners.model.FrameworkMethod$1.runReflectiveCall(FrameworkMethod.java:44)
	at org.junit.internal.runners.model.ReflectiveCallable.run(ReflectiveCallable.java:15)
	at org.junit.runners.model.FrameworkMethod.invokeExplosively(FrameworkMethod.java:41)
	at junitparams.internal.InvokeParameterisedMethod.evaluate(InvokeParameterisedMethod.java:102)
	at junitparams.internal.ParameterisedTestMethodRunner.runMethodInvoker(ParameterisedTestMethodRunner.java:47)
	at junitparams.internal.ParameterisedTestMethodRunner.runTestMethod(ParameterisedTestMethodRunner.java:41)
	at junitparams.internal.ParameterisedTestClassRunner.runParameterisedTest(ParameterisedTestClassRunner.java:143)
	at junitparams.JUnitParamsRunner.runChild(JUnitParamsRunner.java:237)
	at junitparams.JUnitParamsRunner.runChild(JUnitParamsRunner.java:215)
	at org.junit.runners.ParentRunner$3.run(ParentRunner.java:193)
	at org.junit.runners.ParentRunner$1.schedule(ParentRunner.java:52)
	at org.junit.runners.ParentRunner.runChildren(ParentRunner.java:191)
	at org.junit.runners.ParentRunner.access$000(ParentRunner.java:42)
	at org.junit.runners.ParentRunner$2.evaluate(ParentRunner.java:184)
	at org.junit.internal.runners.statements.RunAfters.evaluate(RunAfters.java:31)
	at org.junit.runners.ParentRunner.run(ParentRunner.java:236)
	at org.junit.runners.Suite.runChild(Suite.java:128)
	at org.junit.runners.Suite.runChild(Suite.java:24)
	at org.junit.runners.ParentRunner$3.run(ParentRunner.java:193)
	at org.junit.runners.ParentRunner$1.schedule(ParentRunner.java:52)
	at org.junit.runners.ParentRunner.runChildren(ParentRunner.java:191)
	at org.junit.runners.ParentRunner.access$000(ParentRunner.java:42)
	at org.junit.runners.ParentRunner$2.evaluate(ParentRunner.java:184)
	at org.junit.runners.ParentRunner.run(ParentRunner.java:236)
	at junit.framework.JUnit4TestAdapter.run(JUnit4TestAdapter.java:39)
	at org.apache.tools.ant.taskdefs.optional.junit.JUnitTestRunner.run(JUnitTestRunner.java:535)
	at org.apache.tools.ant.taskdefs.optional.junit.JUnitTestRunner.launch(JUnitTestRunner.java:1182)
	at org.apache.tools.ant.taskdefs.optional.junit.JUnitTestRunner.main(JUnitTestRunner.java:1033)
 in /home/travis/build/icyphy/ptII/ptolemy/actor/lib/jjs/external/require.js at line number 454 at column number 12
	at org.terraswarm.accessor.AccessorLibrary.populate(AccessorLibrary.java:224)
	at ptolemy.moml.EntityLibrary.deepEntityList(EntityLibrary.java:349)
	at ptolemy.kernel.CompositeEntity.deepEntityList(CompositeEntity.java:714)
	at ptolemy.moml.EntityLibrary.deepEntityList(EntityLibrary.java:350)
	at ptolemy.kernel.CompositeEntity.deepEntityList(CompositeEntity.java:714)
	at ptolemy.moml.EntityLibrary.deepEntityList(EntityLibrary.java:350)
	at ptolemy.kernel.CompositeEntity.deepEntityList(CompositeEntity.java:714)
	at ptolemy.kernel.CompositeEntity.deepEntityList(CompositeEntity.java:714)
	at ptolemy.kernel.CompositeEntity.allAtomicEntityList(CompositeEntity.java:188)
	at java.base/jdk.internal.reflect.NativeMethodAccessorImpl.invoke0(Native Method)
	at java.base/jdk.internal.reflect.NativeMethodAccessorImpl.invoke(NativeMethodAccessorImpl.java:62)
	at java.base/jdk.internal.reflect.DelegatingMethodAccessorImpl.invoke(DelegatingMethodAccessorImpl.java:43)
	at java.base/java.lang.reflect.Method.invoke(Method.java:566)
	at tcl.lang.reflect.PkgInvoker.invokeMethod(PkgInvoker.java:129)
	at tcl.lang.JavaInvoke.call(JavaInvoke.java:253)
	at tcl.lang.JavaInvoke.callMethod(JavaInvoke.java:116)
	at tcl.lang.ReflectObject.cmdProc(ReflectObject.java:727)
	at tcl.lang.Parser.evalObjv(Parser.java:740)
	at tcl.lang.Parser.eval2(Parser.java:1138)
	at tcl.lang.Parser.evalTokens(Parser.java:930)
	at tcl.lang.Parser.eval2(Parser.java:1125)
	at tcl.lang.Interp.eval(Interp.java:1782)
	at tcl.lang.Interp.eval(Interp.java:1841)
	at tcl.lang.UplevelCmd.cmdProc(UplevelCmd.java:93)
	at tcl.lang.Parser.evalObjv(Parser.java:740)
	at tcl.lang.Parser.eval2(Parser.java:1138)
	at tcl.lang.Interp.eval(Interp.java:1782)
	at tcl.lang.Interp.eval(Interp.java:1841)
	at tcl.lang.CatchCmd.cmdProc(CatchCmd.java:42)
	at tcl.lang.Parser.evalObjv(Parser.java:740)
	at tcl.lang.Parser.eval2(Parser.java:1138)
	at tcl.lang.Parser.evalTokens(Parser.java:930)
	at tcl.lang.Parser.eval2(Parser.java:1125)
	at tcl.lang.Procedure.cmdProc(Procedure.java:175)
	at tcl.lang.Parser.evalObjv(Parser.java:740)
	at tcl.lang.Parser.eval2(Parser.java:1138)
	at tcl.lang.Interp.eval(Interp.java:1782)
	at tcl.lang.Interp.eval(Interp.java:1841)
	at tcl.lang.ForeachCmd.cmdProc(ForeachCmd.java:116)
	at tcl.lang.AutoloadStub.cmdProc(Extension.java:144)
	at tcl.lang.Parser.evalObjv(Parser.java:740)
	at tcl.lang.Parser.eval2(Parser.java:1138)
	at tcl.lang.Interp.eval(Interp.java:1782)
	at tcl.lang.Interp.evalFile(Interp.java:1880)
	at java.base/jdk.internal.reflect.NativeMethodAccessorImpl.invoke0(Native Method)
	at java.base/jdk.internal.reflect.NativeMethodAccessorImpl.invoke(NativeMethodAccessorImpl.java:62)
	at java.base/jdk.internal.reflect.DelegatingMethodAccessorImpl.invoke(DelegatingMethodAccessorImpl.java:43)
	at java.base/java.lang.reflect.Method.invoke(Method.java:566)
	at ptolemy.util.test.junit.TclTests.RunTclFile(TclTests.java:233)
	at java.base/jdk.internal.reflect.NativeMethodAccessorImpl.invoke0(Native Method)
	at java.base/jdk.internal.reflect.NativeMethodAccessorImpl.invoke(NativeMethodAccessorImpl.java:62)
	at java.base/jdk.internal.reflect.DelegatingMethodAccessorImpl.invoke(DelegatingMethodAccessorImpl.java:43)
	at java.base/java.lang.reflect.Method.invoke(Method.java:566)
	at org.junit.runners.model.FrameworkMethod$1.runReflectiveCall(FrameworkMethod.java:44)
	at org.junit.internal.runners.model.ReflectiveCallable.run(ReflectiveCallable.java:15)
	at org.junit.runners.model.FrameworkMethod.invokeExplosively(FrameworkMethod.java:41)
	at junitparams.internal.InvokeParameterisedMethod.evaluate(InvokeParameterisedMethod.java:102)
	at junitparams.internal.ParameterisedTestMethodRunner.runMethodInvoker(ParameterisedTestMethodRunner.java:47)
	at junitparams.internal.ParameterisedTestMethodRunner.runTestMethod(ParameterisedTestMethodRunner.java:41)
	at junitparams.internal.ParameterisedTestClassRunner.runParameterisedTest(ParameterisedTestClassRunner.java:143)
	at junitparams.JUnitParamsRunner.runChild(JUnitParamsRunner.java:237)
	at junitparams.JUnitParamsRunner.runChild(JUnitParamsRunner.java:215)
	at org.junit.runners.ParentRunner$3.run(ParentRunner.java:193)
	at org.junit.runners.ParentRunner$1.schedule(ParentRunner.java:52)
	at org.junit.runners.ParentRunner.runChildren(ParentRunner.java:191)
	at org.junit.runners.ParentRunner.access$000(ParentRunner.java:42)
	at org.junit.runners.ParentRunner$2.evaluate(ParentRunner.java:184)
	at org.junit.internal.runners.statements.RunAfters.evaluate(RunAfters.java:31)
	at org.junit.runners.ParentRunner.run(ParentRunner.java:236)
	at org.junit.runners.Suite.runChild(Suite.java:128)
	at org.junit.runners.Suite.runChild(Suite.java:24)
	at org.junit.runners.ParentRunner$3.run(ParentRunner.java:193)
	at org.junit.runners.ParentRunner$1.schedule(ParentRunner.java:52)
	at org.junit.runners.ParentRunner.runChildren(ParentRunner.java:191)
	at org.junit.runners.ParentRunner.access$000(ParentRunner.java:42)
	at org.junit.runners.ParentRunner$2.evaluate(ParentRunner.java:184)
	at org.junit.runners.ParentRunner.run(ParentRunner.java:236)
	at junit.framework.JUnit4TestAdapter.run(JUnit4TestAdapter.java:39)
	at org.apache.tools.ant.taskdefs.optional.junit.JUnitTestRunner.run(JUnitTestRunner.java:535)
	at org.apache.tools.ant.taskdefs.optional.junit.JUnitTestRunner.launch(JUnitTestRunner.java:1182)
	at org.apache.tools.ant.taskdefs.optional.junit.JUnitTestRunner.main(JUnitTestRunner.java:1033)
Caused by: ptolemy.kernel.util.IllegalActionException: Error evaluating expression:
// Copyright (c) 2015-2017 The Regents of the University of California.
...
  in .configuration.actor library.MoreLibraries.Accessors.audio.AudioCapture.script
Because:
Failed to evaluate script.
  in .configuration.actor library.MoreLibraries.Accessors.audio.AudioCapture
Because:
Error: Error executing module audio line #undefined : ptolemy.actor.lib.jjs.modules.audio.AudioHelper
In file: /home/travis/build/icyphy/ptII/ptolemy/actor/lib/jjs/modules/audio/audio.js

java.lang.ClassNotFoundException: ptolemy.actor.lib.jjs.modules.audio.AudioHelper
	at java.base/jdk.internal.loader.BuiltinClassLoader.loadClass(BuiltinClassLoader.java:583)
	at java.base/jdk.internal.loader.ClassLoaders$AppClassLoader.loadClass(ClassLoaders.java:178)
	at java.base/java.lang.ClassLoader.loadClass(ClassLoader.java:521)
	at java.base/java.lang.Class.forName0(Native Method)
	at java.base/java.lang.Class.forName(Class.java:398)
	at jdk.scripting.nashorn/jdk.nashorn.internal.runtime.Context.findClass(Context.java:1180)
	at jdk.scripting.nashorn/jdk.nashorn.internal.objects.NativeJava.simpleType(NativeJava.java:546)
	at jdk.scripting.nashorn/jdk.nashorn.internal.objects.NativeJava.type(NativeJava.java:326)
	at jdk.scripting.nashorn/jdk.nashorn.internal.objects.NativeJava.type(NativeJava.java:318)
	at jdk.scripting.nashorn/jdk.nashorn.internal.objects.NativeJava.type(NativeJava.java:314)
	at jdk.scripting.nashorn.scripts/jdk.nashorn.internal.scripts.Script$Recompilation$539$require.L:1(/home/travis/build/icyphy/ptII/ptolemy/actor/lib/jjs/external/require.js#409:30<eval>:48)
	at jdk.scripting.nashorn.scripts/jdk.nashorn.internal.scripts.Script$Recompilation$449$require.L:45#_require(/home/travis/build/icyphy/ptII/ptolemy/actor/lib/jjs/external/require.js:429)
	at jdk.scripting.nashorn.scripts/jdk.nashorn.internal.scripts.Script$Recompilation$453$21065A$require.L:45#_requireClosure#L:466(/home/travis/build/icyphy/ptII/ptolemy/actor/lib/jjs/external/require.js:467)
	at jdk.scripting.nashorn.scripts/jdk.nashorn.internal.scripts.Script$Recompilation$527$1AAAAAAAAAAAAAA$\^function\_.L:1(<function>:97)
	at jdk.scripting.nashorn.scripts/jdk.nashorn.internal.scripts.Script$Recompilation$526$17933AAAAAA$require$cu1$restOf.L:1#Accessor(/home/travis/build/icyphy/ptII/ptolemy/actor/lib/jjs/external/require.js#409:30<eval>:545)
	at jdk.scripting.nashorn.scripts/jdk.nashorn.internal.scripts.Script$Recompilation$512$2801AAA$\^eval\_.evaluateCode(<eval>:96)
	at jdk.scripting.nashorn/jdk.nashorn.internal.runtime.ScriptFunctionData.invoke(ScriptFunctionData.java:661)
	at jdk.scripting.nashorn/jdk.nashorn.internal.runtime.ScriptFunction.invoke(ScriptFunction.java:513)
	at jdk.scripting.nashorn/jdk.nashorn.internal.runtime.ScriptRuntime.apply(ScriptRuntime.java:527)
	at jdk.scripting.nashorn/jdk.nashorn.api.scripting.ScriptObjectMirror.callMember(ScriptObjectMirror.java:202)
	at jdk.scripting.nashorn/jdk.nashorn.api.scripting.NashornScriptEngine.invokeImpl(NashornScriptEngine.java:393)
	at jdk.scripting.nashorn/jdk.nashorn.api.scripting.NashornScriptEngine.invokeFunction(NashornScriptEngine.java:197)
	at ptolemy.actor.lib.jjs.JavaScript._createEngineAndEvaluateSetup(JavaScript.java:2493)
	at ptolemy.actor.lib.jjs.JavaScript.attributeChanged(JavaScript.java:548)
	at org.terraswarm.accessor.JSAccessor.attributeChanged(JSAccessor.java:312)
	at ptolemy.data.expr.Variable._setTokenAndNotify(Variable.java:2271)
	at ptolemy.data.expr.Variable._evaluate(Variable.java:1873)
	at ptolemy.data.expr.Variable._propagate(Variable.java:1984)
	at ptolemy.data.expr.Variable.validate(Variable.java:1596)
	at ptolemy.moml.MoMLParser.endDocument(MoMLParser.java:867)
	at com.microstar.xml.XmlParser.doParse(XmlParser.java:162)
	at com.microstar.xml.XmlParser.parse(XmlParser.java:132)
	at ptolemy.moml.MoMLParser.parse(MoMLParser.java:1676)
	at ptolemy.moml.MoMLParser.parse(MoMLParser.java:1617)
	at ptolemy.moml.MoMLParser.parse(MoMLParser.java:1792)
	at org.terraswarm.accessor.AccessorLibrary.populate(AccessorLibrary.java:194)
	at ptolemy.moml.EntityLibrary.deepEntityList(EntityLibrary.java:349)
	at ptolemy.kernel.CompositeEntity.deepEntityList(CompositeEntity.java:714)
	at ptolemy.moml.EntityLibrary.deepEntityList(EntityLibrary.java:350)
	at ptolemy.kernel.CompositeEntity.deepEntityList(CompositeEntity.java:714)
	at ptolemy.moml.EntityLibrary.deepEntityList(EntityLibrary.java:350)
	at ptolemy.kernel.CompositeEntity.deepEntityList(CompositeEntity.java:714)
	at ptolemy.kernel.CompositeEntity.deepEntityList(CompositeEntity.java:714)
	at ptolemy.kernel.CompositeEntity.allAtomicEntityList(CompositeEntity.java:188)
	at java.base/jdk.internal.reflect.NativeMethodAccessorImpl.invoke0(Native Method)
	at java.base/jdk.internal.reflect.NativeMethodAccessorImpl.invoke(NativeMethodAccessorImpl.java:62)
	at java.base/jdk.internal.reflect.DelegatingMethodAccessorImpl.invoke(DelegatingMethodAccessorImpl.java:43)
	at java.base/java.lang.reflect.Method.invoke(Method.java:566)
	at tcl.lang.reflect.PkgInvoker.invokeMethod(PkgInvoker.java:129)
	at tcl.lang.JavaInvoke.call(JavaInvoke.java:253)
	at tcl.lang.JavaInvoke.callMethod(JavaInvoke.java:116)
	at tcl.lang.ReflectObject.cmdProc(ReflectObject.java:727)
	at tcl.lang.Parser.evalObjv(Parser.java:740)
	at tcl.lang.Parser.eval2(Parser.java:1138)
	at tcl.lang.Parser.evalTokens(Parser.java:930)
	at tcl.lang.Parser.eval2(Parser.java:1125)
	at tcl.lang.Interp.eval(Interp.java:1782)
	at tcl.lang.Interp.eval(Interp.java:1841)
	at tcl.lang.UplevelCmd.cmdProc(UplevelCmd.java:93)
	at tcl.lang.Parser.evalObjv(Parser.java:740)
	at tcl.lang.Parser.eval2(Parser.java:1138)
	at tcl.lang.Interp.eval(Interp.java:1782)
	at tcl.lang.Interp.eval(Interp.java:1841)
	at tcl.lang.CatchCmd.cmdProc(CatchCmd.java:42)
	at tcl.lang.Parser.evalObjv(Parser.java:740)
	at tcl.lang.Parser.eval2(Parser.java:1138)
	at tcl.lang.Parser.evalTokens(Parser.java:930)
	at tcl.lang.Parser.eval2(Parser.java:1125)
	at tcl.lang.Procedure.cmdProc(Procedure.java:175)
	at tcl.lang.Parser.evalObjv(Parser.java:740)
	at tcl.lang.Parser.eval2(Parser.java:1138)
	at tcl.lang.Interp.eval(Interp.java:1782)
	at tcl.lang.Interp.eval(Interp.java:1841)
	at tcl.lang.ForeachCmd.cmdProc(ForeachCmd.java:116)
	at tcl.lang.AutoloadStub.cmdProc(Extension.java:144)
	at tcl.lang.Parser.evalObjv(Parser.java:740)
	at tcl.lang.Parser.eval2(Parser.java:1138)
	at tcl.lang.Interp.eval(Interp.java:1782)
	at tcl.lang.Interp.evalFile(Interp.java:1880)
	at java.base/jdk.internal.reflect.NativeMethodAccessorImpl.invoke0(Native Method)
	at java.base/jdk.internal.reflect.NativeMethodAccessorImpl.invoke(NativeMethodAccessorImpl.java:62)
	at java.base/jdk.internal.reflect.DelegatingMethodAccessorImpl.invoke(DelegatingMethodAccessorImpl.java:43)
	at java.base/java.lang.reflect.Method.invoke(Method.java:566)
	at ptolemy.util.test.junit.TclTests.RunTclFile(TclTests.java:233)
	at java.base/jdk.internal.reflect.NativeMethodAccessorImpl.invoke0(Native Method)
	at java.base/jdk.internal.reflect.NativeMethodAccessorImpl.invoke(NativeMethodAccessorImpl.java:62)
	at java.base/jdk.internal.reflect.DelegatingMethodAccessorImpl.invoke(DelegatingMethodAccessorImpl.java:43)
	at java.base/java.lang.reflect.Method.invoke(Method.java:566)
	at org.junit.runners.model.FrameworkMethod$1.runReflectiveCall(FrameworkMethod.java:44)
	at org.junit.internal.runners.model.ReflectiveCallable.run(ReflectiveCallable.java:15)
	at org.junit.runners.model.FrameworkMethod.invokeExplosively(FrameworkMethod.java:41)
	at junitparams.internal.InvokeParameterisedMethod.evaluate(InvokeParameterisedMethod.java:102)
	at junitparams.internal.ParameterisedTestMethodRunner.runMethodInvoker(ParameterisedTestMethodRunner.java:47)
	at junitparams.internal.ParameterisedTestMethodRunner.runTestMethod(ParameterisedTestMethodRunner.java:41)
	at junitparams.internal.ParameterisedTestClassRunner.runParameterisedTest(ParameterisedTestClassRunner.java:143)
	at junitparams.JUnitParamsRunner.runChild(JUnitParamsRunner.java:237)
	at junitparams.JUnitParamsRunner.runChild(JUnitParamsRunner.java:215)
	at org.junit.runners.ParentRunner$3.run(ParentRunner.java:193)
	at org.junit.runners.ParentRunner$1.schedule(ParentRunner.java:52)
	at org.junit.runners.ParentRunner.runChildren(ParentRunner.java:191)
	at org.junit.runners.ParentRunner.access$000(ParentRunner.java:42)
	at org.junit.runners.ParentRunner$2.evaluate(ParentRunner.java:184)
	at org.junit.internal.runners.statements.RunAfters.evaluate(RunAfters.java:31)
	at org.junit.runners.ParentRunner.run(ParentRunner.java:236)
	at org.junit.runners.Suite.runChild(Suite.java:128)
	at org.junit.runners.Suite.runChild(Suite.java:24)
	at org.junit.runners.ParentRunner$3.run(ParentRunner.java:193)
	at org.junit.runners.ParentRunner$1.schedule(ParentRunner.java:52)
	at org.junit.runners.ParentRunner.runChildren(ParentRunner.java:191)
	at org.junit.runners.ParentRunner.access$000(ParentRunner.java:42)
	at org.junit.runners.ParentRunner$2.evaluate(ParentRunner.java:184)
	at org.junit.runners.ParentRunner.run(ParentRunner.java:236)
	at junit.framework.JUnit4TestAdapter.run(JUnit4TestAdapter.java:39)
	at org.apache.tools.ant.taskdefs.optional.junit.JUnitTestRunner.run(JUnitTestRunner.java:535)
	at org.apache.tools.ant.taskdefs.optional.junit.JUnitTestRunner.launch(JUnitTestRunner.java:1182)
	at org.apache.tools.ant.taskdefs.optional.junit.JUnitTestRunner.main(JUnitTestRunner.java:1033)
 in /home/travis/build/icyphy/ptII/ptolemy/actor/lib/jjs/external/require.js at line number 454 at column number 12
  in .configuration.actor library.MoreLibraries.Accessors.audio.AudioCapture.script
Because:
Error evaluating expression:
// Copyright (c) 2015-2017 The Regents of the University of California.
...
  in .configuration.actor library.MoreLibraries.Accessors.audio.AudioCapture.script
Because:
Failed to evaluate script.
  in .configuration.actor library.MoreLibraries.Accessors.audio.AudioCapture
Because:
Error: Error executing module audio line #undefined : ptolemy.actor.lib.jjs.modules.audio.AudioHelper
In file: /home/travis/build/icyphy/ptII/ptolemy/actor/lib/jjs/modules/audio/audio.js

java.lang.ClassNotFoundException: ptolemy.actor.lib.jjs.modules.audio.AudioHelper
	at java.base/jdk.internal.loader.BuiltinClassLoader.loadClass(BuiltinClassLoader.java:583)
	at java.base/jdk.internal.loader.ClassLoaders$AppClassLoader.loadClass(ClassLoaders.java:178)
	at java.base/java.lang.ClassLoader.loadClass(ClassLoader.java:521)
	at java.base/java.lang.Class.forName0(Native Method)
	at java.base/java.lang.Class.forName(Class.java:398)
	at jdk.scripting.nashorn/jdk.nashorn.internal.runtime.Context.findClass(Context.java:1180)
	at jdk.scripting.nashorn/jdk.nashorn.internal.objects.NativeJava.simpleType(NativeJava.java:546)
	at jdk.scripting.nashorn/jdk.nashorn.internal.objects.NativeJava.type(NativeJava.java:326)
	at jdk.scripting.nashorn/jdk.nashorn.internal.objects.NativeJava.type(NativeJava.java:318)
	at jdk.scripting.nashorn/jdk.nashorn.internal.objects.NativeJava.type(NativeJava.java:314)
	at jdk.scripting.nashorn.scripts/jdk.nashorn.internal.scripts.Script$Recompilation$539$require.L:1(/home/travis/build/icyphy/ptII/ptolemy/actor/lib/jjs/external/require.js#409:30<eval>:48)
	at jdk.scripting.nashorn.scripts/jdk.nashorn.internal.scripts.Script$Recompilation$449$require.L:45#_require(/home/travis/build/icyphy/ptII/ptolemy/actor/lib/jjs/external/require.js:429)
	at jdk.scripting.nashorn.scripts/jdk.nashorn.internal.scripts.Script$Recompilation$453$21065A$require.L:45#_requireClosure#L:466(/home/travis/build/icyphy/ptII/ptolemy/actor/lib/jjs/external/require.js:467)
	at jdk.scripting.nashorn.scripts/jdk.nashorn.internal.scripts.Script$Recompilation$527$1AAAAAAAAAAAAAA$\^function\_.L:1(<function>:97)
	at jdk.scripting.nashorn.scripts/jdk.nashorn.internal.scripts.Script$Recompilation$526$17933AAAAAA$require$cu1$restOf.L:1#Accessor(/home/travis/build/icyphy/ptII/ptolemy/actor/lib/jjs/external/require.js#409:30<eval>:545)
	at jdk.scripting.nashorn.scripts/jdk.nashorn.internal.scripts.Script$Recompilation$512$2801AAA$\^eval\_.evaluateCode(<eval>:96)
	at jdk.scripting.nashorn/jdk.nashorn.internal.runtime.ScriptFunctionData.invoke(ScriptFunctionData.java:661)
	at jdk.scripting.nashorn/jdk.nashorn.internal.runtime.ScriptFunction.invoke(ScriptFunction.java:513)
	at jdk.scripting.nashorn/jdk.nashorn.internal.runtime.ScriptRuntime.apply(ScriptRuntime.java:527)
	at jdk.scripting.nashorn/jdk.nashorn.api.scripting.ScriptObjectMirror.callMember(ScriptObjectMirror.java:202)
	at jdk.scripting.nashorn/jdk.nashorn.api.scripting.NashornScriptEngine.invokeImpl(NashornScriptEngine.java:393)
	at jdk.scripting.nashorn/jdk.nashorn.api.scripting.NashornScriptEngine.invokeFunction(NashornScriptEngine.java:197)
	at ptolemy.actor.lib.jjs.JavaScript._createEngineAndEvaluateSetup(JavaScript.java:2493)
	at ptolemy.actor.lib.jjs.JavaScript.attributeChanged(JavaScript.java:548)
	at org.terraswarm.accessor.JSAccessor.attributeChanged(JSAccessor.java:312)
	at ptolemy.data.expr.Variable._setTokenAndNotify(Variable.java:2271)
	at ptolemy.data.expr.Variable._evaluate(Variable.java:1873)
	at ptolemy.data.expr.Variable._propagate(Variable.java:1984)
	at ptolemy.data.expr.Variable.validate(Variable.java:1596)
	at ptolemy.moml.MoMLParser.endDocument(MoMLParser.java:867)
	at com.microstar.xml.XmlParser.doParse(XmlParser.java:162)
	at com.microstar.xml.XmlParser.parse(XmlParser.java:132)
	at ptolemy.moml.MoMLParser.parse(MoMLParser.java:1676)
	at ptolemy.moml.MoMLParser.parse(MoMLParser.java:1617)
	at ptolemy.moml.MoMLParser.parse(MoMLParser.java:1792)
	at org.terraswarm.accessor.AccessorLibrary.populate(AccessorLibrary.java:194)
	at ptolemy.moml.EntityLibrary.deepEntityList(EntityLibrary.java:349)
	at ptolemy.kernel.CompositeEntity.deepEntityList(CompositeEntity.java:714)
	at ptolemy.moml.EntityLibrary.deepEntityList(EntityLibrary.java:350)
	at ptolemy.kernel.CompositeEntity.deepEntityList(CompositeEntity.java:714)
	at ptolemy.moml.EntityLibrary.deepEntityList(EntityLibrary.java:350)
	at ptolemy.kernel.CompositeEntity.deepEntityList(CompositeEntity.java:714)
	at ptolemy.kernel.CompositeEntity.deepEntityList(CompositeEntity.java:714)
	at ptolemy.kernel.CompositeEntity.allAtomicEntityList(CompositeEntity.java:188)
	at java.base/jdk.internal.reflect.NativeMethodAccessorImpl.invoke0(Native Method)
	at java.base/jdk.internal.reflect.NativeMethodAccessorImpl.invoke(NativeMethodAccessorImpl.java:62)
	at java.base/jdk.internal.reflect.DelegatingMethodAccessorImpl.invoke(DelegatingMethodAccessorImpl.java:43)
	at java.base/java.lang.reflect.Method.invoke(Method.java:566)
	at tcl.lang.reflect.PkgInvoker.invokeMethod(PkgInvoker.java:129)
	at tcl.lang.JavaInvoke.call(JavaInvoke.java:253)
	at tcl.lang.JavaInvoke.callMethod(JavaInvoke.java:116)
	at tcl.lang.ReflectObject.cmdProc(ReflectObject.java:727)
	at tcl.lang.Parser.evalObjv(Parser.java:740)
	at tcl.lang.Parser.eval2(Parser.java:1138)
	at tcl.lang.Parser.evalTokens(Parser.java:930)
	at tcl.lang.Parser.eval2(Parser.java:1125)
	at tcl.lang.Interp.eval(Interp.java:1782)
	at tcl.lang.Interp.eval(Interp.java:1841)
	at tcl.lang.UplevelCmd.cmdProc(UplevelCmd.java:93)
	at tcl.lang.Parser.evalObjv(Parser.java:740)
	at tcl.lang.Parser.eval2(Parser.java:1138)
	at tcl.lang.Interp.eval(Interp.java:1782)
	at tcl.lang.Interp.eval(Interp.java:1841)
	at tcl.lang.CatchCmd.cmdProc(CatchCmd.java:42)
	at tcl.lang.Parser.evalObjv(Parser.java:740)
	at tcl.lang.Parser.eval2(Parser.java:1138)
	at tcl.lang.Parser.evalTokens(Parser.java:930)
	at tcl.lang.Parser.eval2(Parser.java:1125)
	at tcl.lang.Procedure.cmdProc(Procedure.java:175)
	at tcl.lang.Parser.evalObjv(Parser.java:740)
	at tcl.lang.Parser.eval2(Parser.java:1138)
	at tcl.lang.Interp.eval(Interp.java:1782)
	at tcl.lang.Interp.eval(Interp.java:1841)
	at tcl.lang.ForeachCmd.cmdProc(ForeachCmd.java:116)
	at tcl.lang.AutoloadStub.cmdProc(Extension.java:144)
	at tcl.lang.Parser.evalObjv(Parser.java:740)
	at tcl.lang.Parser.eval2(Parser.java:1138)
	at tcl.lang.Interp.eval(Interp.java:1782)
	at tcl.lang.Interp.evalFile(Interp.java:1880)
	at java.base/jdk.internal.reflect.NativeMethodAccessorImpl.invoke0(Native Method)
	at java.base/jdk.internal.reflect.NativeMethodAccessorImpl.invoke(NativeMethodAccessorImpl.java:62)
	at java.base/jdk.internal.reflect.DelegatingMethodAccessorImpl.invoke(DelegatingMethodAccessorImpl.java:43)
	at java.base/java.lang.reflect.Method.invoke(Method.java:566)
	at ptolemy.util.test.junit.TclTests.RunTclFile(TclTests.java:233)
	at java.base/jdk.internal.reflect.NativeMethodAccessorImpl.invoke0(Native Method)
	at java.base/jdk.internal.reflect.NativeMethodAccessorImpl.invoke(NativeMethodAccessorImpl.java:62)
	at java.base/jdk.internal.reflect.DelegatingMethodAccessorImpl.invoke(DelegatingMethodAccessorImpl.java:43)
	at java.base/java.lang.reflect.Method.invoke(Method.java:566)
	at org.junit.runners.model.FrameworkMethod$1.runReflectiveCall(FrameworkMethod.java:44)
	at org.junit.internal.runners.model.ReflectiveCallable.run(ReflectiveCallable.java:15)
	at org.junit.runners.model.FrameworkMethod.invokeExplosively(FrameworkMethod.java:41)
	at junitparams.internal.InvokeParameterisedMethod.evaluate(InvokeParameterisedMethod.java:102)
	at junitparams.internal.ParameterisedTestMethodRunner.runMethodInvoker(ParameterisedTestMethodRunner.java:47)
	at junitparams.internal.ParameterisedTestMethodRunner.runTestMethod(ParameterisedTestMethodRunner.java:41)
	at junitparams.internal.ParameterisedTestClassRunner.runParameterisedTest(ParameterisedTestClassRunner.java:143)
	at junitparams.JUnitParamsRunner.runChild(JUnitParamsRunner.java:237)
	at junitparams.JUnitParamsRunner.runChild(JUnitParamsRunner.java:215)
	at org.junit.runners.ParentRunner$3.run(ParentRunner.java:193)
	at org.junit.runners.ParentRunner$1.schedule(ParentRunner.java:52)
	at org.junit.runners.ParentRunner.runChildren(ParentRunner.java:191)
	at org.junit.runners.ParentRunner.access$000(ParentRunner.java:42)
	at org.junit.runners.ParentRunner$2.evaluate(ParentRunner.java:184)
	at org.junit.internal.runners.statements.RunAfters.evaluate(RunAfters.java:31)
	at org.junit.runners.ParentRunner.run(ParentRunner.java:236)
	at org.junit.runners.Suite.runChild(Suite.java:128)
	at org.junit.runners.Suite.runChild(Suite.java:24)
	at org.junit.runners.ParentRunner$3.run(ParentRunner.java:193)
	at org.junit.runners.ParentRunner$1.schedule(ParentRunner.java:52)
	at org.junit.runners.ParentRunner.runChildren(ParentRunner.java:191)
	at org.junit.runners.ParentRunner.access$000(ParentRunner.java:42)
	at org.junit.runners.ParentRunner$2.evaluate(ParentRunner.java:184)
	at org.junit.runners.ParentRunner.run(ParentRunner.java:236)
	at junit.framework.JUnit4TestAdapter.run(JUnit4TestAdapter.java:39)
	at org.apache.tools.ant.taskdefs.optional.junit.JUnitTestRunner.run(JUnitTestRunner.java:535)
	at org.apache.tools.ant.taskdefs.optional.junit.JUnitTestRunner.launch(JUnitTestRunner.java:1182)
	at org.apache.tools.ant.taskdefs.optional.junit.JUnitTestRunner.main(JUnitTestRunner.java:1033)
 in /home/travis/build/icyphy/ptII/ptolemy/actor/lib/jjs/external/require.js at line number 454 at column number 12
	at ptolemy.data.expr.Variable.validate(Variable.java:1619)
	at ptolemy.moml.MoMLParser.endDocument(MoMLParser.java:867)
	at com.microstar.xml.XmlParser.doParse(XmlParser.java:162)
	at com.microstar.xml.XmlParser.parse(XmlParser.java:132)
	at ptolemy.moml.MoMLParser.parse(MoMLParser.java:1676)
	at ptolemy.moml.MoMLParser.parse(MoMLParser.java:1617)
	at ptolemy.moml.MoMLParser.parse(MoMLParser.java:1792)
	at org.terraswarm.accessor.AccessorLibrary.populate(AccessorLibrary.java:194)
	... 80 more
Caused by: ptolemy.kernel.util.IllegalActionException: Error evaluating expression:
// Copyright (c) 2015-2017 The Regents of the University of California.
...
  in .configuration.actor library.MoreLibraries.Accessors.audio.AudioCapture.script
Because:
Failed to evaluate script.
  in .configuration.actor library.MoreLibraries.Accessors.audio.AudioCapture
Because:
Error: Error executing module audio line #undefined : ptolemy.actor.lib.jjs.modules.audio.AudioHelper
In file: /home/travis/build/icyphy/ptII/ptolemy/actor/lib/jjs/modules/audio/audio.js

java.lang.ClassNotFoundException: ptolemy.actor.lib.jjs.modules.audio.AudioHelper
	at java.base/jdk.internal.loader.BuiltinClassLoader.loadClass(BuiltinClassLoader.java:583)
	at java.base/jdk.internal.loader.ClassLoaders$AppClassLoader.loadClass(ClassLoaders.java:178)
	at java.base/java.lang.ClassLoader.loadClass(ClassLoader.java:521)
	at java.base/java.lang.Class.forName0(Native Method)
	at java.base/java.lang.Class.forName(Class.java:398)
	at jdk.scripting.nashorn/jdk.nashorn.internal.runtime.Context.findClass(Context.java:1180)
	at jdk.scripting.nashorn/jdk.nashorn.internal.objects.NativeJava.simpleType(NativeJava.java:546)
	at jdk.scripting.nashorn/jdk.nashorn.internal.objects.NativeJava.type(NativeJava.java:326)
	at jdk.scripting.nashorn/jdk.nashorn.internal.objects.NativeJava.type(NativeJava.java:318)
	at jdk.scripting.nashorn/jdk.nashorn.internal.objects.NativeJava.type(NativeJava.java:314)
	at jdk.scripting.nashorn.scripts/jdk.nashorn.internal.scripts.Script$Recompilation$539$require.L:1(/home/travis/build/icyphy/ptII/ptolemy/actor/lib/jjs/external/require.js#409:30<eval>:48)
	at jdk.scripting.nashorn.scripts/jdk.nashorn.internal.scripts.Script$Recompilation$449$require.L:45#_require(/home/travis/build/icyphy/ptII/ptolemy/actor/lib/jjs/external/require.js:429)
	at jdk.scripting.nashorn.scripts/jdk.nashorn.internal.scripts.Script$Recompilation$453$21065A$require.L:45#_requireClosure#L:466(/home/travis/build/icyphy/ptII/ptolemy/actor/lib/jjs/external/require.js:467)
	at jdk.scripting.nashorn.scripts/jdk.nashorn.internal.scripts.Script$Recompilation$527$1AAAAAAAAAAAAAA$\^function\_.L:1(<function>:97)
	at jdk.scripting.nashorn.scripts/jdk.nashorn.internal.scripts.Script$Recompilation$526$17933AAAAAA$require$cu1$restOf.L:1#Accessor(/home/travis/build/icyphy/ptII/ptolemy/actor/lib/jjs/external/require.js#409:30<eval>:545)
	at jdk.scripting.nashorn.scripts/jdk.nashorn.internal.scripts.Script$Recompilation$512$2801AAA$\^eval\_.evaluateCode(<eval>:96)
	at jdk.scripting.nashorn/jdk.nashorn.internal.runtime.ScriptFunctionData.invoke(ScriptFunctionData.java:661)
	at jdk.scripting.nashorn/jdk.nashorn.internal.runtime.ScriptFunction.invoke(ScriptFunction.java:513)
	at jdk.scripting.nashorn/jdk.nashorn.internal.runtime.ScriptRuntime.apply(ScriptRuntime.java:527)
	at jdk.scripting.nashorn/jdk.nashorn.api.scripting.ScriptObjectMirror.callMember(ScriptObjectMirror.java:202)
	at jdk.scripting.nashorn/jdk.nashorn.api.scripting.NashornScriptEngine.invokeImpl(NashornScriptEngine.java:393)
	at jdk.scripting.nashorn/jdk.nashorn.api.scripting.NashornScriptEngine.invokeFunction(NashornScriptEngine.java:197)
	at ptolemy.actor.lib.jjs.JavaScript._createEngineAndEvaluateSetup(JavaScript.java:2493)
	at ptolemy.actor.lib.jjs.JavaScript.attributeChanged(JavaScript.java:548)
	at org.terraswarm.accessor.JSAccessor.attributeChanged(JSAccessor.java:312)
	at ptolemy.data.expr.Variable._setTokenAndNotify(Variable.java:2271)
	at ptolemy.data.expr.Variable._evaluate(Variable.java:1873)
	at ptolemy.data.expr.Variable._propagate(Variable.java:1984)
	at ptolemy.data.expr.Variable.validate(Variable.java:1596)
	at ptolemy.moml.MoMLParser.endDocument(MoMLParser.java:867)
	at com.microstar.xml.XmlParser.doParse(XmlParser.java:162)
	at com.microstar.xml.XmlParser.parse(XmlParser.java:132)
	at ptolemy.moml.MoMLParser.parse(MoMLParser.java:1676)
	at ptolemy.moml.MoMLParser.parse(MoMLParser.java:1617)
	at ptolemy.moml.MoMLParser.parse(MoMLParser.java:1792)
	at org.terraswarm.accessor.AccessorLibrary.populate(AccessorLibrary.java:194)
	at ptolemy.moml.EntityLibrary.deepEntityList(EntityLibrary.java:349)
	at ptolemy.kernel.CompositeEntity.deepEntityList(CompositeEntity.java:714)
	at ptolemy.moml.EntityLibrary.deepEntityList(EntityLibrary.java:350)
	at ptolemy.kernel.CompositeEntity.deepEntityList(CompositeEntity.java:714)
	at ptolemy.moml.EntityLibrary.deepEntityList(EntityLibrary.java:350)
	at ptolemy.kernel.CompositeEntity.deepEntityList(CompositeEntity.java:714)
	at ptolemy.kernel.CompositeEntity.deepEntityList(CompositeEntity.java:714)
	at ptolemy.kernel.CompositeEntity.allAtomicEntityList(CompositeEntity.java:188)
	at java.base/jdk.internal.reflect.NativeMethodAccessorImpl.invoke0(Native Method)
	at java.base/jdk.internal.reflect.NativeMethodAccessorImpl.invoke(NativeMethodAccessorImpl.java:62)
	at java.base/jdk.internal.reflect.DelegatingMethodAccessorImpl.invoke(DelegatingMethodAccessorImpl.java:43)
	at java.base/java.lang.reflect.Method.invoke(Method.java:566)
	at tcl.lang.reflect.PkgInvoker.invokeMethod(PkgInvoker.java:129)
	at tcl.lang.JavaInvoke.call(JavaInvoke.java:253)
	at tcl.lang.JavaInvoke.callMethod(JavaInvoke.java:116)
	at tcl.lang.ReflectObject.cmdProc(ReflectObject.java:727)
	at tcl.lang.Parser.evalObjv(Parser.java:740)
	at tcl.lang.Parser.eval2(Parser.java:1138)
	at tcl.lang.Parser.evalTokens(Parser.java:930)
	at tcl.lang.Parser.eval2(Parser.java:1125)
	at tcl.lang.Interp.eval(Interp.java:1782)
	at tcl.lang.Interp.eval(Interp.java:1841)
	at tcl.lang.UplevelCmd.cmdProc(UplevelCmd.java:93)
	at tcl.lang.Parser.evalObjv(Parser.java:740)
	at tcl.lang.Parser.eval2(Parser.java:1138)
	at tcl.lang.Interp.eval(Interp.java:1782)
	at tcl.lang.Interp.eval(Interp.java:1841)
	at tcl.lang.CatchCmd.cmdProc(CatchCmd.java:42)
	at tcl.lang.Parser.evalObjv(Parser.java:740)
	at tcl.lang.Parser.eval2(Parser.java:1138)
	at tcl.lang.Parser.evalTokens(Parser.java:930)
	at tcl.lang.Parser.eval2(Parser.java:1125)
	at tcl.lang.Procedure.cmdProc(Procedure.java:175)
	at tcl.lang.Parser.evalObjv(Parser.java:740)
	at tcl.lang.Parser.eval2(Parser.java:1138)
	at tcl.lang.Interp.eval(Interp.java:1782)
	at tcl.lang.Interp.eval(Interp.java:1841)
	at tcl.lang.ForeachCmd.cmdProc(ForeachCmd.java:116)
	at tcl.lang.AutoloadStub.cmdProc(Extension.java:144)
	at tcl.lang.Parser.evalObjv(Parser.java:740)
	at tcl.lang.Parser.eval2(Parser.java:1138)
	at tcl.lang.Interp.eval(Interp.java:1782)
	at tcl.lang.Interp.evalFile(Interp.java:1880)
	at java.base/jdk.internal.reflect.NativeMethodAccessorImpl.invoke0(Native Method)
	at java.base/jdk.internal.reflect.NativeMethodAccessorImpl.invoke(NativeMethodAccessorImpl.java:62)
	at java.base/jdk.internal.reflect.DelegatingMethodAccessorImpl.invoke(DelegatingMethodAccessorImpl.java:43)
	at java.base/java.lang.reflect.Method.invoke(Method.java:566)
	at ptolemy.util.test.junit.TclTests.RunTclFile(TclTests.java:233)
	at java.base/jdk.internal.reflect.NativeMethodAccessorImpl.invoke0(Native Method)
	at java.base/jdk.internal.reflect.NativeMethodAccessorImpl.invoke(NativeMethodAccessorImpl.java:62)
	at java.base/jdk.internal.reflect.DelegatingMethodAccessorImpl.invoke(DelegatingMethodAccessorImpl.java:43)
	at java.base/java.lang.reflect.Method.invoke(Method.java:566)
	at org.junit.runners.model.FrameworkMethod$1.runReflectiveCall(FrameworkMethod.java:44)
	at org.junit.internal.runners.model.ReflectiveCallable.run(ReflectiveCallable.java:15)
	at org.junit.runners.model.FrameworkMethod.invokeExplosively(FrameworkMethod.java:41)
	at junitparams.internal.InvokeParameterisedMethod.evaluate(InvokeParameterisedMethod.java:102)
	at junitparams.internal.ParameterisedTestMethodRunner.runMethodInvoker(ParameterisedTestMethodRunner.java:47)
	at junitparams.internal.ParameterisedTestMethodRunner.runTestMethod(ParameterisedTestMethodRunner.java:41)
	at junitparams.internal.ParameterisedTestClassRunner.runParameterisedTest(ParameterisedTestClassRunner.java:143)
	at junitparams.JUnitParamsRunner.runChild(JUnitParamsRunner.java:237)
	at junitparams.JUnitParamsRunner.runChild(JUnitParamsRunner.java:215)
	at org.junit.runners.ParentRunner$3.run(ParentRunner.java:193)
	at org.junit.runners.ParentRunner$1.schedule(ParentRunner.java:52)
	at org.junit.runners.ParentRunner.runChildren(ParentRunner.java:191)
	at org.junit.runners.ParentRunner.access$000(ParentRunner.java:42)
	at org.junit.runners.ParentRunner$2.evaluate(ParentRunner.java:184)
	at org.junit.internal.runners.statements.RunAfters.evaluate(RunAfters.java:31)
	at org.junit.runners.ParentRunner.run(ParentRunner.java:236)
	at org.junit.runners.Suite.runChild(Suite.java:128)
	at org.junit.runners.Suite.runChild(Suite.java:24)
	at org.junit.runners.ParentRunner$3.run(ParentRunner.java:193)
	at org.junit.runners.ParentRunner$1.schedule(ParentRunner.java:52)
	at org.junit.runners.ParentRunner.runChildren(ParentRunner.java:191)
	at org.junit.runners.ParentRunner.access$000(ParentRunner.java:42)
	at org.junit.runners.ParentRunner$2.evaluate(ParentRunner.java:184)
	at org.junit.runners.ParentRunner.run(ParentRunner.java:236)
	at junit.framework.JUnit4TestAdapter.run(JUnit4TestAdapter.java:39)
	at org.apache.tools.ant.taskdefs.optional.junit.JUnitTestRunner.run(JUnitTestRunner.java:535)
	at org.apache.tools.ant.taskdefs.optional.junit.JUnitTestRunner.launch(JUnitTestRunner.java:1182)
	at org.apache.tools.ant.taskdefs.optional.junit.JUnitTestRunner.main(JUnitTestRunner.java:1033)
 in /home/travis/build/icyphy/ptII/ptolemy/actor/lib/jjs/external/require.js at line number 454 at column number 12
	at ptolemy.data.expr.Variable._evaluate(Variable.java:1891)
	at ptolemy.data.expr.Variable._propagate(Variable.java:1984)
	at ptolemy.data.expr.Variable.validate(Variable.java:1596)
	... 87 more
Caused by: ptolemy.kernel.util.IllegalActionException: Failed to evaluate script.
  in .configuration.actor library.MoreLibraries.Accessors.audio.AudioCapture
Because:
Error: Error executing module audio line #undefined : ptolemy.actor.lib.jjs.modules.audio.AudioHelper
In file: /home/travis/build/icyphy/ptII/ptolemy/actor/lib/jjs/modules/audio/audio.js

java.lang.ClassNotFoundException: ptolemy.actor.lib.jjs.modules.audio.AudioHelper
	at java.base/jdk.internal.loader.BuiltinClassLoader.loadClass(BuiltinClassLoader.java:583)
	at java.base/jdk.internal.loader.ClassLoaders$AppClassLoader.loadClass(ClassLoaders.java:178)
	at java.base/java.lang.ClassLoader.loadClass(ClassLoader.java:521)
	at java.base/java.lang.Class.forName0(Native Method)
	at java.base/java.lang.Class.forName(Class.java:398)
	at jdk.scripting.nashorn/jdk.nashorn.internal.runtime.Context.findClass(Context.java:1180)
	at jdk.scripting.nashorn/jdk.nashorn.internal.objects.NativeJava.simpleType(NativeJava.java:546)
	at jdk.scripting.nashorn/jdk.nashorn.internal.objects.NativeJava.type(NativeJava.java:326)
	at jdk.scripting.nashorn/jdk.nashorn.internal.objects.NativeJava.type(NativeJava.java:318)
	at jdk.scripting.nashorn/jdk.nashorn.internal.objects.NativeJava.type(NativeJava.java:314)
	at jdk.scripting.nashorn.scripts/jdk.nashorn.internal.scripts.Script$Recompilation$539$require.L:1(/home/travis/build/icyphy/ptII/ptolemy/actor/lib/jjs/external/require.js#409:30<eval>:48)
	at jdk.scripting.nashorn.scripts/jdk.nashorn.internal.scripts.Script$Recompilation$449$require.L:45#_require(/home/travis/build/icyphy/ptII/ptolemy/actor/lib/jjs/external/require.js:429)
	at jdk.scripting.nashorn.scripts/jdk.nashorn.internal.scripts.Script$Recompilation$453$21065A$require.L:45#_requireClosure#L:466(/home/travis/build/icyphy/ptII/ptolemy/actor/lib/jjs/external/require.js:467)
	at jdk.scripting.nashorn.scripts/jdk.nashorn.internal.scripts.Script$Recompilation$527$1AAAAAAAAAAAAAA$\^function\_.L:1(<function>:97)
	at jdk.scripting.nashorn.scripts/jdk.nashorn.internal.scripts.Script$Recompilation$526$17933AAAAAA$require$cu1$restOf.L:1#Accessor(/home/travis/build/icyphy/ptII/ptolemy/actor/lib/jjs/external/require.js#409:30<eval>:545)
	at jdk.scripting.nashorn.scripts/jdk.nashorn.internal.scripts.Script$Recompilation$512$2801AAA$\^eval\_.evaluateCode(<eval>:96)
	at jdk.scripting.nashorn/jdk.nashorn.internal.runtime.ScriptFunctionData.invoke(ScriptFunctionData.java:661)
	at jdk.scripting.nashorn/jdk.nashorn.internal.runtime.ScriptFunction.invoke(ScriptFunction.java:513)
	at jdk.scripting.nashorn/jdk.nashorn.internal.runtime.ScriptRuntime.apply(ScriptRuntime.java:527)
	at jdk.scripting.nashorn/jdk.nashorn.api.scripting.ScriptObjectMirror.callMember(ScriptObjectMirror.java:202)
	at jdk.scripting.nashorn/jdk.nashorn.api.scripting.NashornScriptEngine.invokeImpl(NashornScriptEngine.java:393)
	at jdk.scripting.nashorn/jdk.nashorn.api.scripting.NashornScriptEngine.invokeFunction(NashornScriptEngine.java:197)
	at ptolemy.actor.lib.jjs.JavaScript._createEngineAndEvaluateSetup(JavaScript.java:2493)
	at ptolemy.actor.lib.jjs.JavaScript.attributeChanged(JavaScript.java:548)
	at org.terraswarm.accessor.JSAccessor.attributeChanged(JSAccessor.java:312)
	at ptolemy.data.expr.Variable._setTokenAndNotify(Variable.java:2271)
	at ptolemy.data.expr.Variable._evaluate(Variable.java:1873)
	at ptolemy.data.expr.Variable._propagate(Variable.java:1984)
	at ptolemy.data.expr.Variable.validate(Variable.java:1596)
	at ptolemy.moml.MoMLParser.endDocument(MoMLParser.java:867)
	at com.microstar.xml.XmlParser.doParse(XmlParser.java:162)
	at com.microstar.xml.XmlParser.parse(XmlParser.java:132)
	at ptolemy.moml.MoMLParser.parse(MoMLParser.java:1676)
	at ptolemy.moml.MoMLParser.parse(MoMLParser.java:1617)
	at ptolemy.moml.MoMLParser.parse(MoMLParser.java:1792)
	at org.terraswarm.accessor.AccessorLibrary.populate(AccessorLibrary.java:194)
	at ptolemy.moml.EntityLibrary.deepEntityList(EntityLibrary.java:349)
	at ptolemy.kernel.CompositeEntity.deepEntityList(CompositeEntity.java:714)
	at ptolemy.moml.EntityLibrary.deepEntityList(EntityLibrary.java:350)
	at ptolemy.kernel.CompositeEntity.deepEntityList(CompositeEntity.java:714)
	at ptolemy.moml.EntityLibrary.deepEntityList(EntityLibrary.java:350)
	at ptolemy.kernel.CompositeEntity.deepEntityList(CompositeEntity.java:714)
	at ptolemy.kernel.CompositeEntity.deepEntityList(CompositeEntity.java:714)
	at ptolemy.kernel.CompositeEntity.allAtomicEntityList(CompositeEntity.java:188)
	at java.base/jdk.internal.reflect.NativeMethodAccessorImpl.invoke0(Native Method)
	at java.base/jdk.internal.reflect.NativeMethodAccessorImpl.invoke(NativeMethodAccessorImpl.java:62)
	at java.base/jdk.internal.reflect.DelegatingMethodAccessorImpl.invoke(DelegatingMethodAccessorImpl.java:43)
	at java.base/java.lang.reflect.Method.invoke(Method.java:566)
	at tcl.lang.reflect.PkgInvoker.invokeMethod(PkgInvoker.java:129)
	at tcl.lang.JavaInvoke.call(JavaInvoke.java:253)
	at tcl.lang.JavaInvoke.callMethod(JavaInvoke.java:116)
	at tcl.lang.ReflectObject.cmdProc(ReflectObject.java:727)
	at tcl.lang.Parser.evalObjv(Parser.java:740)
	at tcl.lang.Parser.eval2(Parser.java:1138)
	at tcl.lang.Parser.evalTokens(Parser.java:930)
	at tcl.lang.Parser.eval2(Parser.java:1125)
	at tcl.lang.Interp.eval(Interp.java:1782)
	at tcl.lang.Interp.eval(Interp.java:1841)
	at tcl.lang.UplevelCmd.cmdProc(UplevelCmd.java:93)
	at tcl.lang.Parser.evalObjv(Parser.java:740)
	at tcl.lang.Parser.eval2(Parser.java:1138)
	at tcl.lang.Interp.eval(Interp.java:1782)
	at tcl.lang.Interp.eval(Interp.java:1841)
	at tcl.lang.CatchCmd.cmdProc(CatchCmd.java:42)
	at tcl.lang.Parser.evalObjv(Parser.java:740)
	at tcl.lang.Parser.eval2(Parser.java:1138)
	at tcl.lang.Parser.evalTokens(Parser.java:930)
	at tcl.lang.Parser.eval2(Parser.java:1125)
	at tcl.lang.Procedure.cmdProc(Procedure.java:175)
	at tcl.lang.Parser.evalObjv(Parser.java:740)
	at tcl.lang.Parser.eval2(Parser.java:1138)
	at tcl.lang.Interp.eval(Interp.java:1782)
	at tcl.lang.Interp.eval(Interp.java:1841)
	at tcl.lang.ForeachCmd.cmdProc(ForeachCmd.java:116)
	at tcl.lang.AutoloadStub.cmdProc(Extension.java:144)
	at tcl.lang.Parser.evalObjv(Parser.java:740)
	at tcl.lang.Parser.eval2(Parser.java:1138)
	at tcl.lang.Interp.eval(Interp.java:1782)
	at tcl.lang.Interp.evalFile(Interp.java:1880)
	at java.base/jdk.internal.reflect.NativeMethodAccessorImpl.invoke0(Native Method)
	at java.base/jdk.internal.reflect.NativeMethodAccessorImpl.invoke(NativeMethodAccessorImpl.java:62)
	at java.base/jdk.internal.reflect.DelegatingMethodAccessorImpl.invoke(DelegatingMethodAccessorImpl.java:43)
	at java.base/java.lang.reflect.Method.invoke(Method.java:566)
	at ptolemy.util.test.junit.TclTests.RunTclFile(TclTests.java:233)
	at java.base/jdk.internal.reflect.NativeMethodAccessorImpl.invoke0(Native Method)
	at java.base/jdk.internal.reflect.NativeMethodAccessorImpl.invoke(NativeMethodAccessorImpl.java:62)
	at java.base/jdk.internal.reflect.DelegatingMethodAccessorImpl.invoke(DelegatingMethodAccessorImpl.java:43)
	at java.base/java.lang.reflect.Method.invoke(Method.java:566)
	at org.junit.runners.model.FrameworkMethod$1.runReflectiveCall(FrameworkMethod.java:44)
	at org.junit.internal.runners.model.ReflectiveCallable.run(ReflectiveCallable.java:15)
	at org.junit.runners.model.FrameworkMethod.invokeExplosively(FrameworkMethod.java:41)
	at junitparams.internal.InvokeParameterisedMethod.evaluate(InvokeParameterisedMethod.java:102)
	at junitparams.internal.ParameterisedTestMethodRunner.runMethodInvoker(ParameterisedTestMethodRunner.java:47)
	at junitparams.internal.ParameterisedTestMethodRunner.runTestMethod(ParameterisedTestMethodRunner.java:41)
	at junitparams.internal.ParameterisedTestClassRunner.runParameterisedTest(ParameterisedTestClassRunner.java:143)
	at junitparams.JUnitParamsRunner.runChild(JUnitParamsRunner.java:237)
	at junitparams.JUnitParamsRunner.runChild(JUnitParamsRunner.java:215)
	at org.junit.runners.ParentRunner$3.run(ParentRunner.java:193)
	at org.junit.runners.ParentRunner$1.schedule(ParentRunner.java:52)
	at org.junit.runners.ParentRunner.runChildren(ParentRunner.java:191)
	at org.junit.runners.ParentRunner.access$000(ParentRunner.java:42)
	at org.junit.runners.ParentRunner$2.evaluate(ParentRunner.java:184)
	at org.junit.internal.runners.statements.RunAfters.evaluate(RunAfters.java:31)
	at org.junit.runners.ParentRunner.run(ParentRunner.java:236)
	at org.junit.runners.Suite.runChild(Suite.java:128)
	at org.junit.runners.Suite.runChild(Suite.java:24)
	at org.junit.runners.ParentRunner$3.run(ParentRunner.java:193)
	at org.junit.runners.ParentRunner$1.schedule(ParentRunner.java:52)
	at org.junit.runners.ParentRunner.runChildren(ParentRunner.java:191)
	at org.junit.runners.ParentRunner.access$000(ParentRunner.java:42)
	at org.junit.runners.ParentRunner$2.evaluate(ParentRunner.java:184)
	at org.junit.runners.ParentRunner.run(ParentRunner.java:236)
	at junit.framework.JUnit4TestAdapter.run(JUnit4TestAdapter.java:39)
	at org.apache.tools.ant.taskdefs.optional.junit.JUnitTestRunner.run(JUnitTestRunner.java:535)
	at org.apache.tools.ant.taskdefs.optional.junit.JUnitTestRunner.launch(JUnitTestRunner.java:1182)
	at org.apache.tools.ant.taskdefs.optional.junit.JUnitTestRunner.main(JUnitTestRunner.java:1033)
 in /home/travis/build/icyphy/ptII/ptolemy/actor/lib/jjs/external/require.js at line number 454 at column number 12
	at ptolemy.actor.lib.jjs.JavaScript._createEngineAndEvaluateSetup(JavaScript.java:2497)
	at ptolemy.actor.lib.jjs.JavaScript.attributeChanged(JavaScript.java:548)
	at org.terraswarm.accessor.JSAccessor.attributeChanged(JSAccessor.java:312)
	at ptolemy.data.expr.Variable._setTokenAndNotify(Variable.java:2271)
	at ptolemy.data.expr.Variable._evaluate(Variable.java:1873)
	... 89 more
Caused by: javax.script.ScriptException: Error: Error executing module audio line #undefined : ptolemy.actor.lib.jjs.modules.audio.AudioHelper
In file: /home/travis/build/icyphy/ptII/ptolemy/actor/lib/jjs/modules/audio/audio.js

java.lang.ClassNotFoundException: ptolemy.actor.lib.jjs.modules.audio.AudioHelper
	at java.base/jdk.internal.loader.BuiltinClassLoader.loadClass(BuiltinClassLoader.java:583)
	at java.base/jdk.internal.loader.ClassLoaders$AppClassLoader.loadClass(ClassLoaders.java:178)
	at java.base/java.lang.ClassLoader.loadClass(ClassLoader.java:521)
	at java.base/java.lang.Class.forName0(Native Method)
	at java.base/java.lang.Class.forName(Class.java:398)
	at jdk.scripting.nashorn/jdk.nashorn.internal.runtime.Context.findClass(Context.java:1180)
	at jdk.scripting.nashorn/jdk.nashorn.internal.objects.NativeJava.simpleType(NativeJava.java:546)
	at jdk.scripting.nashorn/jdk.nashorn.internal.objects.NativeJava.type(NativeJava.java:326)
	at jdk.scripting.nashorn/jdk.nashorn.internal.objects.NativeJava.type(NativeJava.java:318)
	at jdk.scripting.nashorn/jdk.nashorn.internal.objects.NativeJava.type(NativeJava.java:314)
	at jdk.scripting.nashorn.scripts/jdk.nashorn.internal.scripts.Script$Recompilation$539$require.L:1(/home/travis/build/icyphy/ptII/ptolemy/actor/lib/jjs/external/require.js#409:30<eval>:48)
	at jdk.scripting.nashorn.scripts/jdk.nashorn.internal.scripts.Script$Recompilation$449$require.L:45#_require(/home/travis/build/icyphy/ptII/ptolemy/actor/lib/jjs/external/require.js:429)
	at jdk.scripting.nashorn.scripts/jdk.nashorn.internal.scripts.Script$Recompilation$453$21065A$require.L:45#_requireClosure#L:466(/home/travis/build/icyphy/ptII/ptolemy/actor/lib/jjs/external/require.js:467)
	at jdk.scripting.nashorn.scripts/jdk.nashorn.internal.scripts.Script$Recompilation$527$1AAAAAAAAAAAAAA$\^function\_.L:1(<function>:97)
	at jdk.scripting.nashorn.scripts/jdk.nashorn.internal.scripts.Script$Recompilation$526$17933AAAAAA$require$cu1$restOf.L:1#Accessor(/home/travis/build/icyphy/ptII/ptolemy/actor/lib/jjs/external/require.js#409:30<eval>:545)
	at jdk.scripting.nashorn.scripts/jdk.nashorn.internal.scripts.Script$Recompilation$512$2801AAA$\^eval\_.evaluateCode(<eval>:96)
	at jdk.scripting.nashorn/jdk.nashorn.internal.runtime.ScriptFunctionData.invoke(ScriptFunctionData.java:661)
	at jdk.scripting.nashorn/jdk.nashorn.internal.runtime.ScriptFunction.invoke(ScriptFunction.java:513)
	at jdk.scripting.nashorn/jdk.nashorn.internal.runtime.ScriptRuntime.apply(ScriptRuntime.java:527)
	at jdk.scripting.nashorn/jdk.nashorn.api.scripting.ScriptObjectMirror.callMember(ScriptObjectMirror.java:202)
	at jdk.scripting.nashorn/jdk.nashorn.api.scripting.NashornScriptEngine.invokeImpl(NashornScriptEngine.java:393)
	at jdk.scripting.nashorn/jdk.nashorn.api.scripting.NashornScriptEngine.invokeFunction(NashornScriptEngine.java:197)
	at ptolemy.actor.lib.jjs.JavaScript._createEngineAndEvaluateSetup(JavaScript.java:2493)
	at ptolemy.actor.lib.jjs.JavaScript.attributeChanged(JavaScript.java:548)
	at org.terraswarm.accessor.JSAccessor.attributeChanged(JSAccessor.java:312)
	at ptolemy.data.expr.Variable._setTokenAndNotify(Variable.java:2271)
	at ptolemy.data.expr.Variable._evaluate(Variable.java:1873)
	at ptolemy.data.expr.Variable._propagate(Variable.java:1984)
	at ptolemy.data.expr.Variable.validate(Variable.java:1596)
	at ptolemy.moml.MoMLParser.endDocument(MoMLParser.java:867)
	at com.microstar.xml.XmlParser.doParse(XmlParser.java:162)
	at com.microstar.xml.XmlParser.parse(XmlParser.java:132)
	at ptolemy.moml.MoMLParser.parse(MoMLParser.java:1676)
	at ptolemy.moml.MoMLParser.parse(MoMLParser.java:1617)
	at ptolemy.moml.MoMLParser.parse(MoMLParser.java:1792)
	at org.terraswarm.accessor.AccessorLibrary.populate(AccessorLibrary.java:194)
	at ptolemy.moml.EntityLibrary.deepEntityList(EntityLibrary.java:349)
	at ptolemy.kernel.CompositeEntity.deepEntityList(CompositeEntity.java:714)
	at ptolemy.moml.EntityLibrary.deepEntityList(EntityLibrary.java:350)
	at ptolemy.kernel.CompositeEntity.deepEntityList(CompositeEntity.java:714)
	at ptolemy.moml.EntityLibrary.deepEntityList(EntityLibrary.java:350)
	at ptolemy.kernel.CompositeEntity.deepEntityList(CompositeEntity.java:714)
	at ptolemy.kernel.CompositeEntity.deepEntityList(CompositeEntity.java:714)
	at ptolemy.kernel.CompositeEntity.allAtomicEntityList(CompositeEntity.java:188)
	at java.base/jdk.internal.reflect.NativeMethodAccessorImpl.invoke0(Native Method)
	at java.base/jdk.internal.reflect.NativeMethodAccessorImpl.invoke(NativeMethodAccessorImpl.java:62)
	at java.base/jdk.internal.reflect.DelegatingMethodAccessorImpl.invoke(DelegatingMethodAccessorImpl.java:43)
	at java.base/java.lang.reflect.Method.invoke(Method.java:566)
	at tcl.lang.reflect.PkgInvoker.invokeMethod(PkgInvoker.java:129)
	at tcl.lang.JavaInvoke.call(JavaInvoke.java:253)
	at tcl.lang.JavaInvoke.callMethod(JavaInvoke.java:116)
	at tcl.lang.ReflectObject.cmdProc(ReflectObject.java:727)
	at tcl.lang.Parser.evalObjv(Parser.java:740)
	at tcl.lang.Parser.eval2(Parser.java:1138)
	at tcl.lang.Parser.evalTokens(Parser.java:930)
	at tcl.lang.Parser.eval2(Parser.java:1125)
	at tcl.lang.Interp.eval(Interp.java:1782)
	at tcl.lang.Interp.eval(Interp.java:1841)
	at tcl.lang.UplevelCmd.cmdProc(UplevelCmd.java:93)
	at tcl.lang.Parser.evalObjv(Parser.java:740)
	at tcl.lang.Parser.eval2(Parser.java:1138)
	at tcl.lang.Interp.eval(Interp.java:1782)
	at tcl.lang.Interp.eval(Interp.java:1841)
	at tcl.lang.CatchCmd.cmdProc(CatchCmd.java:42)
	at tcl.lang.Parser.evalObjv(Parser.java:740)
	at tcl.lang.Parser.eval2(Parser.java:1138)
	at tcl.lang.Parser.evalTokens(Parser.java:930)
	at tcl.lang.Parser.eval2(Parser.java:1125)
	at tcl.lang.Procedure.cmdProc(Procedure.java:175)
	at tcl.lang.Parser.evalObjv(Parser.java:740)
	at tcl.lang.Parser.eval2(Parser.java:1138)
	at tcl.lang.Interp.eval(Interp.java:1782)
	at tcl.lang.Interp.eval(Interp.java:1841)
	at tcl.lang.ForeachCmd.cmdProc(ForeachCmd.java:116)
	at tcl.lang.AutoloadStub.cmdProc(Extension.java:144)
	at tcl.lang.Parser.evalObjv(Parser.java:740)
	at tcl.lang.Parser.eval2(Parser.java:1138)
	at tcl.lang.Interp.eval(Interp.java:1782)
	at tcl.lang.Interp.evalFile(Interp.java:1880)
	at java.base/jdk.internal.reflect.NativeMethodAccessorImpl.invoke0(Native Method)
	at java.base/jdk.internal.reflect.NativeMethodAccessorImpl.invoke(NativeMethodAccessorImpl.java:62)
	at java.base/jdk.internal.reflect.DelegatingMethodAccessorImpl.invoke(DelegatingMethodAccessorImpl.java:43)
	at java.base/java.lang.reflect.Method.invoke(Method.java:566)
	at ptolemy.util.test.junit.TclTests.RunTclFile(TclTests.java:233)
	at java.base/jdk.internal.reflect.NativeMethodAccessorImpl.invoke0(Native Method)
	at java.base/jdk.internal.reflect.NativeMethodAccessorImpl.invoke(NativeMethodAccessorImpl.java:62)
	at java.base/jdk.internal.reflect.DelegatingMethodAccessorImpl.invoke(DelegatingMethodAccessorImpl.java:43)
	at java.base/java.lang.reflect.Method.invoke(Method.java:566)
	at org.junit.runners.model.FrameworkMethod$1.runReflectiveCall(FrameworkMethod.java:44)
	at org.junit.internal.runners.model.ReflectiveCallable.run(ReflectiveCallable.java:15)
	at org.junit.runners.model.FrameworkMethod.invokeExplosively(FrameworkMethod.java:41)
	at junitparams.internal.InvokeParameterisedMethod.evaluate(InvokeParameterisedMethod.java:102)
	at junitparams.internal.ParameterisedTestMethodRunner.runMethodInvoker(ParameterisedTestMethodRunner.java:47)
	at junitparams.internal.ParameterisedTestMethodRunner.runTestMethod(ParameterisedTestMethodRunner.java:41)
	at junitparams.internal.ParameterisedTestClassRunner.runParameterisedTest(ParameterisedTestClassRunner.java:143)
	at junitparams.JUnitParamsRunner.runChild(JUnitParamsRunner.java:237)
	at junitparams.JUnitParamsRunner.runChild(JUnitParamsRunner.java:215)
	at org.junit.runners.ParentRunner$3.run(ParentRunner.java:193)
	at org.junit.runners.ParentRunner$1.schedule(ParentRunner.java:52)
	at org.junit.runners.ParentRunner.runChildren(ParentRunner.java:191)
	at org.junit.runners.ParentRunner.access$000(ParentRunner.java:42)
	at org.junit.runners.ParentRunner$2.evaluate(ParentRunner.java:184)
	at org.junit.internal.runners.statements.RunAfters.evaluate(RunAfters.java:31)
	at org.junit.runners.ParentRunner.run(ParentRunner.java:236)
	at org.junit.runners.Suite.runChild(Suite.java:128)
	at org.junit.runners.Suite.runChild(Suite.java:24)
	at org.junit.runners.ParentRunner$3.run(ParentRunner.java:193)
	at org.junit.runners.ParentRunner$1.schedule(ParentRunner.java:52)
	at org.junit.runners.ParentRunner.runChildren(ParentRunner.java:191)
	at org.junit.runners.ParentRunner.access$000(ParentRunner.java:42)
	at org.junit.runners.ParentRunner$2.evaluate(ParentRunner.java:184)
	at org.junit.runners.ParentRunner.run(ParentRunner.java:236)
	at junit.framework.JUnit4TestAdapter.run(JUnit4TestAdapter.java:39)
	at org.apache.tools.ant.taskdefs.optional.junit.JUnitTestRunner.run(JUnitTestRunner.java:535)
	at org.apache.tools.ant.taskdefs.optional.junit.JUnitTestRunner.launch(JUnitTestRunner.java:1182)
	at org.apache.tools.ant.taskdefs.optional.junit.JUnitTestRunner.main(JUnitTestRunner.java:1033)
 in /home/travis/build/icyphy/ptII/ptolemy/actor/lib/jjs/external/require.js at line number 454 at column number 12
	at jdk.scripting.nashorn/jdk.nashorn.api.scripting.NashornScriptEngine.throwAsScriptException(NashornScriptEngine.java:477)
	at jdk.scripting.nashorn/jdk.nashorn.api.scripting.NashornScriptEngine.invokeImpl(NashornScriptEngine.java:399)
	at jdk.scripting.nashorn/jdk.nashorn.api.scripting.NashornScriptEngine.invokeFunction(NashornScriptEngine.java:197)
	at ptolemy.actor.lib.jjs.JavaScript._createEngineAndEvaluateSetup(JavaScript.java:2493)
	... 93 more
Caused by: /home/travis/build/icyphy/ptII/ptolemy/actor/lib/jjs/external/require.js:454:12 Error: Error executing module audio line #undefined : ptolemy.actor.lib.jjs.modules.audio.AudioHelper
In file: /home/travis/build/icyphy/ptII/ptolemy/actor/lib/jjs/modules/audio/audio.js

java.lang.ClassNotFoundException: ptolemy.actor.lib.jjs.modules.audio.AudioHelper
	at java.base/jdk.internal.loader.BuiltinClassLoader.loadClass(BuiltinClassLoader.java:583)
	at java.base/jdk.internal.loader.ClassLoaders$AppClassLoader.loadClass(ClassLoaders.java:178)
	at java.base/java.lang.ClassLoader.loadClass(ClassLoader.java:521)
	at java.base/java.lang.Class.forName0(Native Method)
	at java.base/java.lang.Class.forName(Class.java:398)
	at jdk.scripting.nashorn/jdk.nashorn.internal.runtime.Context.findClass(Context.java:1180)
	at jdk.scripting.nashorn/jdk.nashorn.internal.objects.NativeJava.simpleType(NativeJava.java:546)
	at jdk.scripting.nashorn/jdk.nashorn.internal.objects.NativeJava.type(NativeJava.java:326)
	at jdk.scripting.nashorn/jdk.nashorn.internal.objects.NativeJava.type(NativeJava.java:318)
	at jdk.scripting.nashorn/jdk.nashorn.internal.objects.NativeJava.type(NativeJava.java:314)
	at jdk.scripting.nashorn.scripts/jdk.nashorn.internal.scripts.Script$Recompilation$539$require.L:1(/home/travis/build/icyphy/ptII/ptolemy/actor/lib/jjs/external/require.js#409:30<eval>:48)
	at jdk.scripting.nashorn.scripts/jdk.nashorn.internal.scripts.Script$Recompilation$449$require.L:45#_require(/home/travis/build/icyphy/ptII/ptolemy/actor/lib/jjs/external/require.js:429)
	at jdk.scripting.nashorn.scripts/jdk.nashorn.internal.scripts.Script$Recompilation$453$21065A$require.L:45#_requireClosure#L:466(/home/travis/build/icyphy/ptII/ptolemy/actor/lib/jjs/external/require.js:467)
	at jdk.scripting.nashorn.scripts/jdk.nashorn.internal.scripts.Script$Recompilation$527$1AAAAAAAAAAAAAA$\^function\_.L:1(<function>:97)
	at jdk.scripting.nashorn.scripts/jdk.nashorn.internal.scripts.Script$Recompilation$526$17933AAAAAA$require$cu1$restOf.L:1#Accessor(/home/travis/build/icyphy/ptII/ptolemy/actor/lib/jjs/external/require.js#409:30<eval>:545)
	at jdk.scripting.nashorn.scripts/jdk.nashorn.internal.scripts.Script$Recompilation$512$2801AAA$\^eval\_.evaluateCode(<eval>:96)
	at jdk.scripting.nashorn/jdk.nashorn.internal.runtime.ScriptFunctionData.invoke(ScriptFunctionData.java:661)
	at jdk.scripting.nashorn/jdk.nashorn.internal.runtime.ScriptFunction.invoke(ScriptFunction.java:513)
	at jdk.scripting.nashorn/jdk.nashorn.internal.runtime.ScriptRuntime.apply(ScriptRuntime.java:527)
	at jdk.scripting.nashorn/jdk.nashorn.api.scripting.ScriptObjectMirror.callMember(ScriptObjectMirror.java:202)
	at jdk.scripting.nashorn/jdk.nashorn.api.scripting.NashornScriptEngine.invokeImpl(NashornScriptEngine.java:393)
	at jdk.scripting.nashorn/jdk.nashorn.api.scripting.NashornScriptEngine.invokeFunction(NashornScriptEngine.java:197)
	at ptolemy.actor.lib.jjs.JavaScript._createEngineAndEvaluateSetup(JavaScript.java:2493)
	at ptolemy.actor.lib.jjs.JavaScript.attributeChanged(JavaScript.java:548)
	at org.terraswarm.accessor.JSAccessor.attributeChanged(JSAccessor.java:312)
	at ptolemy.data.expr.Variable._setTokenAndNotify(Variable.java:2271)
	at ptolemy.data.expr.Variable._evaluate(Variable.java:1873)
	at ptolemy.data.expr.Variable._propagate(Variable.java:1984)
	at ptolemy.data.expr.Variable.validate(Variable.java:1596)
	at ptolemy.moml.MoMLParser.endDocument(MoMLParser.java:867)
	at com.microstar.xml.XmlParser.doParse(XmlParser.java:162)
	at com.microstar.xml.XmlParser.parse(XmlParser.java:132)
	at ptolemy.moml.MoMLParser.parse(MoMLParser.java:1676)
	at ptolemy.moml.MoMLParser.parse(MoMLParser.java:1617)
	at ptolemy.moml.MoMLParser.parse(MoMLParser.java:1792)
	at org.terraswarm.accessor.AccessorLibrary.populate(AccessorLibrary.java:194)
	at ptolemy.moml.EntityLibrary.deepEntityList(EntityLibrary.java:349)
	at ptolemy.kernel.CompositeEntity.deepEntityList(CompositeEntity.java:714)
	at ptolemy.moml.EntityLibrary.deepEntityList(EntityLibrary.java:350)
	at ptolemy.kernel.CompositeEntity.deepEntityList(CompositeEntity.java:714)
	at ptolemy.moml.EntityLibrary.deepEntityList(EntityLibrary.java:350)
	at ptolemy.kernel.CompositeEntity.deepEntityList(CompositeEntity.java:714)
	at ptolemy.kernel.CompositeEntity.deepEntityList(CompositeEntity.java:714)
	at ptolemy.kernel.CompositeEntity.allAtomicEntityList(CompositeEntity.java:188)
	at java.base/jdk.internal.reflect.NativeMethodAccessorImpl.invoke0(Native Method)
	at java.base/jdk.internal.reflect.NativeMethodAccessorImpl.invoke(NativeMethodAccessorImpl.java:62)
	at java.base/jdk.internal.reflect.DelegatingMethodAccessorImpl.invoke(DelegatingMethodAccessorImpl.java:43)
	at java.base/java.lang.reflect.Method.invoke(Method.java:566)
	at tcl.lang.reflect.PkgInvoker.invokeMethod(PkgInvoker.java:129)
	at tcl.lang.JavaInvoke.call(JavaInvoke.java:253)
	at tcl.lang.JavaInvoke.callMethod(JavaInvoke.java:116)
	at tcl.lang.ReflectObject.cmdProc(ReflectObject.java:727)
	at tcl.lang.Parser.evalObjv(Parser.java:740)
	at tcl.lang.Parser.eval2(Parser.java:1138)
	at tcl.lang.Parser.evalTokens(Parser.java:930)
	at tcl.lang.Parser.eval2(Parser.java:1125)
	at tcl.lang.Interp.eval(Interp.java:1782)
	at tcl.lang.Interp.eval(Interp.java:1841)
	at tcl.lang.UplevelCmd.cmdProc(UplevelCmd.java:93)
	at tcl.lang.Parser.evalObjv(Parser.java:740)
	at tcl.lang.Parser.eval2(Parser.java:1138)
	at tcl.lang.Interp.eval(Interp.java:1782)
	at tcl.lang.Interp.eval(Interp.java:1841)
	at tcl.lang.CatchCmd.cmdProc(CatchCmd.java:42)
	at tcl.lang.Parser.evalObjv(Parser.java:740)
	at tcl.lang.Parser.eval2(Parser.java:1138)
	at tcl.lang.Parser.evalTokens(Parser.java:930)
	at tcl.lang.Parser.eval2(Parser.java:1125)
	at tcl.lang.Procedure.cmdProc(Procedure.java:175)
	at tcl.lang.Parser.evalObjv(Parser.java:740)
	at tcl.lang.Parser.eval2(Parser.java:1138)
	at tcl.lang.Interp.eval(Interp.java:1782)
	at tcl.lang.Interp.eval(Interp.java:1841)
	at tcl.lang.ForeachCmd.cmdProc(ForeachCmd.java:116)
	at tcl.lang.AutoloadStub.cmdProc(Extension.java:144)
	at tcl.lang.Parser.evalObjv(Parser.java:740)
	at tcl.lang.Parser.eval2(Parser.java:1138)
	at tcl.lang.Interp.eval(Interp.java:1782)
	at tcl.lang.Interp.evalFile(Interp.java:1880)
	at java.base/jdk.internal.reflect.NativeMethodAccessorImpl.invoke0(Native Method)
	at java.base/jdk.internal.reflect.NativeMethodAccessorImpl.invoke(NativeMethodAccessorImpl.java:62)
	at java.base/jdk.internal.reflect.DelegatingMethodAccessorImpl.invoke(DelegatingMethodAccessorImpl.java:43)
	at java.base/java.lang.reflect.Method.invoke(Method.java:566)
	at ptolemy.util.test.junit.TclTests.RunTclFile(TclTests.java:233)
	at java.base/jdk.internal.reflect.NativeMethodAccessorImpl.invoke0(Native Method)
	at java.base/jdk.internal.reflect.NativeMethodAccessorImpl.invoke(NativeMethodAccessorImpl.java:62)
	at java.base/jdk.internal.reflect.DelegatingMethodAccessorImpl.invoke(DelegatingMethodAccessorImpl.java:43)
	at java.base/java.lang.reflect.Method.invoke(Method.java:566)
	at org.junit.runners.model.FrameworkMethod$1.runReflectiveCall(FrameworkMethod.java:44)
	at org.junit.internal.runners.model.ReflectiveCallable.run(ReflectiveCallable.java:15)
	at org.junit.runners.model.FrameworkMethod.invokeExplosively(FrameworkMethod.java:41)
	at junitparams.internal.InvokeParameterisedMethod.evaluate(InvokeParameterisedMethod.java:102)
	at junitparams.internal.ParameterisedTestMethodRunner.runMethodInvoker(ParameterisedTestMethodRunner.java:47)
	at junitparams.internal.ParameterisedTestMethodRunner.runTestMethod(ParameterisedTestMethodRunner.java:41)
	at junitparams.internal.ParameterisedTestClassRunner.runParameterisedTest(ParameterisedTestClassRunner.java:143)
	at junitparams.JUnitParamsRunner.runChild(JUnitParamsRunner.java:237)
	at junitparams.JUnitParamsRunner.runChild(JUnitParamsRunner.java:215)
	at org.junit.runners.ParentRunner$3.run(ParentRunner.java:193)
	at org.junit.runners.ParentRunner$1.schedule(ParentRunner.java:52)
	at org.junit.runners.ParentRunner.runChildren(ParentRunner.java:191)
	at org.junit.runners.ParentRunner.access$000(ParentRunner.java:42)
	at org.junit.runners.ParentRunner$2.evaluate(ParentRunner.java:184)
	at org.junit.internal.runners.statements.RunAfters.evaluate(RunAfters.java:31)
	at org.junit.runners.ParentRunner.run(ParentRunner.java:236)
	at org.junit.runners.Suite.runChild(Suite.java:128)
	at org.junit.runners.Suite.runChild(Suite.java:24)
	at org.junit.runners.ParentRunner$3.run(ParentRunner.java:193)
	at org.junit.runners.ParentRunner$1.schedule(ParentRunner.java:52)
	at org.junit.runners.ParentRunner.runChildren(ParentRunner.java:191)
	at org.junit.runners.ParentRunner.access$000(ParentRunner.java:42)
	at org.junit.runners.ParentRunner$2.evaluate(ParentRunner.java:184)
	at org.junit.runners.ParentRunner.run(ParentRunner.java:236)
	at junit.framework.JUnit4TestAdapter.run(JUnit4TestAdapter.java:39)
	at org.apache.tools.ant.taskdefs.optional.junit.JUnitTestRunner.run(JUnitTestRunner.java:535)
	at org.apache.tools.ant.taskdefs.optional.junit.JUnitTestRunner.launch(JUnitTestRunner.java:1182)
	at org.apache.tools.ant.taskdefs.optional.junit.JUnitTestRunner.main(JUnitTestRunner.java:1033)

	at jdk.scripting.nashorn/jdk.nashorn.internal.objects.NativeError.initException(NativeError.java:135)
	at jdk.scripting.nashorn/jdk.nashorn.internal.objects.NativeError.<init>(NativeError.java:101)
	at jdk.scripting.nashorn/jdk.nashorn.internal.objects.NativeError.<init>(NativeError.java:105)
	at jdk.scripting.nashorn/jdk.nashorn.internal.objects.NativeError.<init>(NativeError.java:109)
	at jdk.scripting.nashorn/jdk.nashorn.internal.objects.NativeError.constructor(NativeError.java:128)
	at jdk.scripting.nashorn.scripts/jdk.nashorn.internal.scripts.Script$Recompilation$545$require$cu1$restOf.L:45#_require(/home/travis/build/icyphy/ptII/ptolemy/actor/lib/jjs/external/require.js:454)
	at jdk.scripting.nashorn.scripts/jdk.nashorn.internal.scripts.Script$Recompilation$453$21065A$require.L:45#_requireClosure#L:466(/home/travis/build/icyphy/ptII/ptolemy/actor/lib/jjs/external/require.js:467)
	at jdk.scripting.nashorn.scripts/jdk.nashorn.internal.scripts.Script$Recompilation$527$1AAAAAAAAAAAAAA$\^function\_.L:1(<function>:97)
	at jdk.scripting.nashorn.scripts/jdk.nashorn.internal.scripts.Script$Recompilation$526$17933AAAAAA$require$cu1$restOf.L:1#Accessor(/home/travis/build/icyphy/ptII/ptolemy/actor/lib/jjs/external/require.js#409:30<eval>:545)
	at jdk.scripting.nashorn.scripts/jdk.nashorn.internal.scripts.Script$Recompilation$512$2801AAA$\^eval\_.evaluateCode(<eval>:96)
	at jdk.scripting.nashorn/jdk.nashorn.internal.runtime.ScriptFunctionData.invoke(ScriptFunctionData.java:661)
	at jdk.scripting.nashorn/jdk.nashorn.internal.runtime.ScriptFunction.invoke(ScriptFunction.java:513)
	at jdk.scripting.nashorn/jdk.nashorn.internal.runtime.ScriptRuntime.apply(ScriptRuntime.java:527)
	at jdk.scripting.nashorn/jdk.nashorn.api.scripting.ScriptObjectMirror.callMember(ScriptObjectMirror.java:202)
	at jdk.scripting.nashorn/jdk.nashorn.api.scripting.NashornScriptEngine.invokeImpl(NashornScriptEngine.java:393)
	... 95 more
Caused by: ptolemy.kernel.util.IllegalActionException: Error evaluating expression:
// Copyright (c) 2015-2017 The Regents of the University of California.
...
  in .configuration.actor library.MoreLibraries.Accessors.audio.AudioCapture.script
Because:
Failed to evaluate script.
  in .configuration.actor library.MoreLibraries.Accessors.audio.AudioCapture
Because:
Error: Error executing module audio line #undefined : ptolemy.actor.lib.jjs.modules.audio.AudioHelper
In file: /home/travis/build/icyphy/ptII/ptolemy/actor/lib/jjs/modules/audio/audio.js

java.lang.ClassNotFoundException: ptolemy.actor.lib.jjs.modules.audio.AudioHelper
	at java.base/jdk.internal.loader.BuiltinClassLoader.loadClass(BuiltinClassLoader.java:583)
	at java.base/jdk.internal.loader.ClassLoaders$AppClassLoader.loadClass(ClassLoaders.java:178)
	at java.base/java.lang.ClassLoader.loadClass(ClassLoader.java:521)
	at java.base/java.lang.Class.forName0(Native Method)
	at java.base/java.lang.Class.forName(Class.java:398)
	at jdk.scripting.nashorn/jdk.nashorn.internal.runtime.Context.findClass(Context.java:1180)
	at jdk.scripting.nashorn/jdk.nashorn.internal.objects.NativeJava.simpleType(NativeJava.java:546)
	at jdk.scripting.nashorn/jdk.nashorn.internal.objects.NativeJava.type(NativeJava.java:326)
	at jdk.scripting.nashorn/jdk.nashorn.internal.objects.NativeJava.type(NativeJava.java:318)
	at jdk.scripting.nashorn/jdk.nashorn.internal.objects.NativeJava.type(NativeJava.java:314)
	at jdk.scripting.nashorn.scripts/jdk.nashorn.internal.scripts.Script$Recompilation$539$require.L:1(/home/travis/build/icyphy/ptII/ptolemy/actor/lib/jjs/external/require.js#409:30<eval>:48)
	at jdk.scripting.nashorn.scripts/jdk.nashorn.internal.scripts.Script$Recompilation$449$require.L:45#_require(/home/travis/build/icyphy/ptII/ptolemy/actor/lib/jjs/external/require.js:429)
	at jdk.scripting.nashorn.scripts/jdk.nashorn.internal.scripts.Script$Recompilation$453$21065A$require.L:45#_requireClosure#L:466(/home/travis/build/icyphy/ptII/ptolemy/actor/lib/jjs/external/require.js:467)
	at jdk.scripting.nashorn.scripts/jdk.nashorn.internal.scripts.Script$Recompilation$527$1AAAAAAAAAAAAAA$\^function\_.L:1(<function>:97)
	at jdk.scripting.nashorn.scripts/jdk.nashorn.internal.scripts.Script$Recompilation$526$17933AAAAAA$require$cu1$restOf.L:1#Accessor(/home/travis/build/icyphy/ptII/ptolemy/actor/lib/jjs/external/require.js#409:30<eval>:545)
	at jdk.scripting.nashorn.scripts/jdk.nashorn.internal.scripts.Script$Recompilation$512$2801AAA$\^eval\_.evaluateCode(<eval>:96)
	at jdk.scripting.nashorn/jdk.nashorn.internal.runtime.ScriptFunctionData.invoke(ScriptFunctionData.java:661)
	at jdk.scripting.nashorn/jdk.nashorn.internal.runtime.ScriptFunction.invoke(ScriptFunction.java:513)
	at jdk.scripting.nashorn/jdk.nashorn.internal.runtime.ScriptRuntime.apply(ScriptRuntime.java:527)
	at jdk.scripting.nashorn/jdk.nashorn.api.scripting.ScriptObjectMirror.callMember(ScriptObjectMirror.java:202)
	at jdk.scripting.nashorn/jdk.nashorn.api.scripting.NashornScriptEngine.invokeImpl(NashornScriptEngine.java:393)
	at jdk.scripting.nashorn/jdk.nashorn.api.scripting.NashornScriptEngine.invokeFunction(NashornScriptEngine.java:197)
	at ptolemy.actor.lib.jjs.JavaScript._createEngineAndEvaluateSetup(JavaScript.java:2493)
	at ptolemy.actor.lib.jjs.JavaScript.attributeChanged(JavaScript.java:548)
	at org.terraswarm.accessor.JSAccessor.attributeChanged(JSAccessor.java:312)
	at ptolemy.data.expr.Variable._setTokenAndNotify(Variable.java:2271)
	at ptolemy.data.expr.Variable._evaluate(Variable.java:1873)
	at ptolemy.data.expr.Variable._propagate(Variable.java:1984)
	at ptolemy.data.expr.Variable.validate(Variable.java:1596)
	at ptolemy.moml.MoMLParser.endDocument(MoMLParser.java:867)
	at com.microstar.xml.XmlParser.doParse(XmlParser.java:162)
	at com.microstar.xml.XmlParser.parse(XmlParser.java:132)
	at ptolemy.moml.MoMLParser.parse(MoMLParser.java:1676)
	at ptolemy.moml.MoMLParser.parse(MoMLParser.java:1617)
	at ptolemy.moml.MoMLParser.parse(MoMLParser.java:1792)
	at org.terraswarm.accessor.AccessorLibrary.populate(AccessorLibrary.java:194)
	at ptolemy.moml.EntityLibrary.deepEntityList(EntityLibrary.java:349)
	at ptolemy.kernel.CompositeEntity.deepEntityList(CompositeEntity.java:714)
	at ptolemy.moml.EntityLibrary.deepEntityList(EntityLibrary.java:350)
	at ptolemy.kernel.CompositeEntity.deepEntityList(CompositeEntity.java:714)
	at ptolemy.moml.EntityLibrary.deepEntityList(EntityLibrary.java:350)
	at ptolemy.kernel.CompositeEntity.deepEntityList(CompositeEntity.java:714)
	at ptolemy.kernel.CompositeEntity.deepEntityList(CompositeEntity.java:714)
	at ptolemy.kernel.CompositeEntity.allAtomicEntityList(CompositeEntity.java:188)
	at java.base/jdk.internal.reflect.NativeMethodAccessorImpl.invoke0(Native Method)
	at java.base/jdk.internal.reflect.NativeMethodAccessorImpl.invoke(NativeMethodAccessorImpl.java:62)
	at java.base/jdk.internal.reflect.DelegatingMethodAccessorImpl.invoke(DelegatingMethodAccessorImpl.java:43)
	at java.base/java.lang.reflect.Method.invoke(Method.java:566)
	at tcl.lang.reflect.PkgInvoker.invokeMethod(PkgInvoker.java:129)
	at tcl.lang.JavaInvoke.call(JavaInvoke.java:253)
	at tcl.lang.JavaInvoke.callMethod(JavaInvoke.java:116)
	at tcl.lang.ReflectObject.cmdProc(ReflectObject.java:727)
	at tcl.lang.Parser.evalObjv(Parser.java:740)
	at tcl.lang.Parser.eval2(Parser.java:1138)
	at tcl.lang.Parser.evalTokens(Parser.java:930)
	at tcl.lang.Parser.eval2(Parser.java:1125)
	at tcl.lang.Interp.eval(Interp.java:1782)
	at tcl.lang.Interp.eval(Interp.java:1841)
	at tcl.lang.UplevelCmd.cmdProc(UplevelCmd.java:93)
	at tcl.lang.Parser.evalObjv(Parser.java:740)
	at tcl.lang.Parser.eval2(Parser.java:1138)
	at tcl.lang.Interp.eval(Interp.java:1782)
	at tcl.lang.Interp.eval(Interp.java:1841)
	at tcl.lang.CatchCmd.cmdProc(CatchCmd.java:42)
	at tcl.lang.Parser.evalObjv(Parser.java:740)
	at tcl.lang.Parser.eval2(Parser.java:1138)
	at tcl.lang.Parser.evalTokens(Parser.java:930)
	at tcl.lang.Parser.eval2(Parser.java:1125)
	at tcl.lang.Procedure.cmdProc(Procedure.java:175)
	at tcl.lang.Parser.evalObjv(Parser.java:740)
	at tcl.lang.Parser.eval2(Parser.java:1138)
	at tcl.lang.Interp.eval(Interp.java:1782)
	at tcl.lang.Interp.eval(Interp.java:1841)
	at tcl.lang.ForeachCmd.cmdProc(ForeachCmd.java:116)
	at tcl.lang.AutoloadStub.cmdProc(Extension.java:144)
	at tcl.lang.Parser.evalObjv(Parser.java:740)
	at tcl.lang.Parser.eval2(Parser.java:1138)
	at tcl.lang.Interp.eval(Interp.java:1782)
	at tcl.lang.Interp.evalFile(Interp.java:1880)
	at java.base/jdk.internal.reflect.NativeMethodAccessorImpl.invoke0(Native Method)
	at java.base/jdk.internal.reflect.NativeMethodAccessorImpl.invoke(NativeMethodAccessorImpl.java:62)
	at java.base/jdk.internal.reflect.DelegatingMethodAccessorImpl.invoke(DelegatingMethodAccessorImpl.java:43)
	at java.base/java.lang.reflect.Method.invoke(Method.java:566)
	at ptolemy.util.test.junit.TclTests.RunTclFile(TclTests.java:233)
	at java.base/jdk.internal.reflect.NativeMethodAccessorImpl.invoke0(Native Method)
	at java.base/jdk.internal.reflect.NativeMethodAccessorImpl.invoke(NativeMethodAccessorImpl.java:62)
	at java.base/jdk.internal.reflect.DelegatingMethodAccessorImpl.invoke(DelegatingMethodAccessorImpl.java:43)
	at java.base/java.lang.reflect.Method.invoke(Method.java:566)
	at org.junit.runners.model.FrameworkMethod$1.runReflectiveCall(FrameworkMethod.java:44)
	at org.junit.internal.runners.model.ReflectiveCallable.run(ReflectiveCallable.java:15)
	at org.junit.runners.model.FrameworkMethod.invokeExplosively(FrameworkMethod.java:41)
	at junitparams.internal.InvokeParameterisedMethod.evaluate(InvokeParameterisedMethod.java:102)
	at junitparams.internal.ParameterisedTestMethodRunner.runMethodInvoker(ParameterisedTestMethodRunner.java:47)
	at junitparams.internal.ParameterisedTestMethodRunner.runTestMethod(ParameterisedTestMethodRunner.java:41)
	at junitparams.internal.ParameterisedTestClassRunner.runParameterisedTest(ParameterisedTestClassRunner.java:143)
	at junitparams.JUnitParamsRunner.runChild(JUnitParamsRunner.java:237)
	at junitparams.JUnitParamsRunner.runChild(JUnitParamsRunner.java:215)
	at org.junit.runners.ParentRunner$3.run(ParentRunner.java:193)
	at org.junit.runners.ParentRunner$1.schedule(ParentRunner.java:52)
	at org.junit.runners.ParentRunner.runChildren(ParentRunner.java:191)
	at org.junit.runners.ParentRunner.access$000(ParentRunner.java:42)
	at org.junit.runners.ParentRunner$2.evaluate(ParentRunner.java:184)
	at org.junit.internal.runners.statements.RunAfters.evaluate(RunAfters.java:31)
	at org.junit.runners.ParentRunner.run(ParentRunner.java:236)
	at org.junit.runners.Suite.runChild(Suite.java:128)
	at org.junit.runners.Suite.runChild(Suite.java:24)
	at org.junit.runners.ParentRunner$3.run(ParentRunner.java:193)
	at org.junit.runners.ParentRunner$1.schedule(ParentRunner.java:52)
	at org.junit.runners.ParentRunner.runChildren(ParentRunner.java:191)
	at org.junit.runners.ParentRunner.access$000(ParentRunner.java:42)
	at org.junit.runners.ParentRunner$2.evaluate(ParentRunner.java:184)
	at org.junit.runners.ParentRunner.run(ParentRunner.java:236)
	at junit.framework.JUnit4TestAdapter.run(JUnit4TestAdapter.java:39)
	at org.apache.tools.ant.taskdefs.optional.junit.JUnitTestRunner.run(JUnitTestRunner.java:535)
	at org.apache.tools.ant.taskdefs.optional.junit.JUnitTestRunner.launch(JUnitTestRunner.java:1182)
	at org.apache.tools.ant.taskdefs.optional.junit.JUnitTestRunner.main(JUnitTestRunner.java:1033)
 in /home/travis/build/icyphy/ptII/ptolemy/actor/lib/jjs/external/require.js at line number 454 at column number 12
  in .configuration.actor library.MoreLibraries.Accessors.audio.AudioCapture.script
Because:
Error evaluating expression:
// Copyright (c) 2015-2017 The Regents of the University of California.
...
  in .configuration.actor library.MoreLibraries.Accessors.audio.AudioCapture.script
Because:
Failed to evaluate script.
  in .configuration.actor library.MoreLibraries.Accessors.audio.AudioCapture
Because:
Error: Error executing module audio line #undefined : ptolemy.actor.lib.jjs.modules.audio.AudioHelper
In file: /home/travis/build/icyphy/ptII/ptolemy/actor/lib/jjs/modules/audio/audio.js

java.lang.ClassNotFoundException: ptolemy.actor.lib.jjs.modules.audio.AudioHelper
	at java.base/jdk.internal.loader.BuiltinClassLoader.loadClass(BuiltinClassLoader.java:583)
	at java.base/jdk.internal.loader.ClassLoaders$AppClassLoader.loadClass(ClassLoaders.java:178)
	at java.base/java.lang.ClassLoader.loadClass(ClassLoader.java:521)
	at java.base/java.lang.Class.forName0(Native Method)
	at java.base/java.lang.Class.forName(Class.java:398)
	at jdk.scripting.nashorn/jdk.nashorn.internal.runtime.Context.findClass(Context.java:1180)
	at jdk.scripting.nashorn/jdk.nashorn.internal.objects.NativeJava.simpleType(NativeJava.java:546)
	at jdk.scripting.nashorn/jdk.nashorn.internal.objects.NativeJava.type(NativeJava.java:326)
	at jdk.scripting.nashorn/jdk.nashorn.internal.objects.NativeJava.type(NativeJava.java:318)
	at jdk.scripting.nashorn/jdk.nashorn.internal.objects.NativeJava.type(NativeJava.java:314)
	at jdk.scripting.nashorn.scripts/jdk.nashorn.internal.scripts.Script$Recompilation$539$require.L:1(/home/travis/build/icyphy/ptII/ptolemy/actor/lib/jjs/external/require.js#409:30<eval>:48)
	at jdk.scripting.nashorn.scripts/jdk.nashorn.internal.scripts.Script$Recompilation$449$require.L:45#_require(/home/travis/build/icyphy/ptII/ptolemy/actor/lib/jjs/external/require.js:429)
	at jdk.scripting.nashorn.scripts/jdk.nashorn.internal.scripts.Script$Recompilation$453$21065A$require.L:45#_requireClosure#L:466(/home/travis/build/icyphy/ptII/ptolemy/actor/lib/jjs/external/require.js:467)
	at jdk.scripting.nashorn.scripts/jdk.nashorn.internal.scripts.Script$Recompilation$527$1AAAAAAAAAAAAAA$\^function\_.L:1(<function>:97)
	at jdk.scripting.nashorn.scripts/jdk.nashorn.internal.scripts.Script$Recompilation$526$17933AAAAAA$require$cu1$restOf.L:1#Accessor(/home/travis/build/icyphy/ptII/ptolemy/actor/lib/jjs/external/require.js#409:30<eval>:545)
	at jdk.scripting.nashorn.scripts/jdk.nashorn.internal.scripts.Script$Recompilation$512$2801AAA$\^eval\_.evaluateCode(<eval>:96)
	at jdk.scripting.nashorn/jdk.nashorn.internal.runtime.ScriptFunctionData.invoke(ScriptFunctionData.java:661)
	at jdk.scripting.nashorn/jdk.nashorn.internal.runtime.ScriptFunction.invoke(ScriptFunction.java:513)
	at jdk.scripting.nashorn/jdk.nashorn.internal.runtime.ScriptRuntime.apply(ScriptRuntime.java:527)
	at jdk.scripting.nashorn/jdk.nashorn.api.scripting.ScriptObjectMirror.callMember(ScriptObjectMirror.java:202)
	at jdk.scripting.nashorn/jdk.nashorn.api.scripting.NashornScriptEngine.invokeImpl(NashornScriptEngine.java:393)
	at jdk.scripting.nashorn/jdk.nashorn.api.scripting.NashornScriptEngine.invokeFunction(NashornScriptEngine.java:197)
	at ptolemy.actor.lib.jjs.JavaScript._createEngineAndEvaluateSetup(JavaScript.java:2493)
	at ptolemy.actor.lib.jjs.JavaScript.attributeChanged(JavaScript.java:548)
	at org.terraswarm.accessor.JSAccessor.attributeChanged(JSAccessor.java:312)
	at ptolemy.data.expr.Variable._setTokenAndNotify(Variable.java:2271)
	at ptolemy.data.expr.Variable._evaluate(Variable.java:1873)
	at ptolemy.data.expr.Variable._propagate(Variable.java:1984)
	at ptolemy.data.expr.Variable.validate(Variable.java:1596)
	at ptolemy.moml.MoMLParser.endDocument(MoMLParser.java:867)
	at com.microstar.xml.XmlParser.doParse(XmlParser.java:162)
	at com.microstar.xml.XmlParser.parse(XmlParser.java:132)
	at ptolemy.moml.MoMLParser.parse(MoMLParser.java:1676)
	at ptolemy.moml.MoMLParser.parse(MoMLParser.java:1617)
	at ptolemy.moml.MoMLParser.parse(MoMLParser.java:1792)
	at org.terraswarm.accessor.AccessorLibrary.populate(AccessorLibrary.java:194)
	at ptolemy.moml.EntityLibrary.deepEntityList(EntityLibrary.java:349)
	at ptolemy.kernel.CompositeEntity.deepEntityList(CompositeEntity.java:714)
	at ptolemy.moml.EntityLibrary.deepEntityList(EntityLibrary.java:350)
	at ptolemy.kernel.CompositeEntity.deepEntityList(CompositeEntity.java:714)
	at ptolemy.moml.EntityLibrary.deepEntityList(EntityLibrary.java:350)
	at ptolemy.kernel.CompositeEntity.deepEntityList(CompositeEntity.java:714)
	at ptolemy.kernel.CompositeEntity.deepEntityList(CompositeEntity.java:714)
	at ptolemy.kernel.CompositeEntity.allAtomicEntityList(CompositeEntity.java:188)
	at java.base/jdk.internal.reflect.NativeMethodAccessorImpl.invoke0(Native Method)
	at java.base/jdk.internal.reflect.NativeMethodAccessorImpl.invoke(NativeMethodAccessorImpl.java:62)
	at java.base/jdk.internal.reflect.DelegatingMethodAccessorImpl.invoke(DelegatingMethodAccessorImpl.java:43)
	at java.base/java.lang.reflect.Method.invoke(Method.java:566)
	at tcl.lang.reflect.PkgInvoker.invokeMethod(PkgInvoker.java:129)
	at tcl.lang.JavaInvoke.call(JavaInvoke.java:253)
	at tcl.lang.JavaInvoke.callMethod(JavaInvoke.java:116)
	at tcl.lang.ReflectObject.cmdProc(ReflectObject.java:727)
	at tcl.lang.Parser.evalObjv(Parser.java:740)
	at tcl.lang.Parser.eval2(Parser.java:1138)
	at tcl.lang.Parser.evalTokens(Parser.java:930)
	at tcl.lang.Parser.eval2(Parser.java:1125)
	at tcl.lang.Interp.eval(Interp.java:1782)
	at tcl.lang.Interp.eval(Interp.java:1841)
	at tcl.lang.UplevelCmd.cmdProc(UplevelCmd.java:93)
	at tcl.lang.Parser.evalObjv(Parser.java:740)
	at tcl.lang.Parser.eval2(Parser.java:1138)
	at tcl.lang.Interp.eval(Interp.java:1782)
	at tcl.lang.Interp.eval(Interp.java:1841)
	at tcl.lang.CatchCmd.cmdProc(CatchCmd.java:42)
	at tcl.lang.Parser.evalObjv(Parser.java:740)
	at tcl.lang.Parser.eval2(Parser.java:1138)
	at tcl.lang.Parser.evalTokens(Parser.java:930)
	at tcl.lang.Parser.eval2(Parser.java:1125)
	at tcl.lang.Procedure.cmdProc(Procedure.java:175)
	at tcl.lang.Parser.evalObjv(Parser.java:740)
	at tcl.lang.Parser.eval2(Parser.java:1138)
	at tcl.lang.Interp.eval(Interp.java:1782)
	at tcl.lang.Interp.eval(Interp.java:1841)
	at tcl.lang.ForeachCmd.cmdProc(ForeachCmd.java:116)
	at tcl.lang.AutoloadStub.cmdProc(Extension.java:144)
	at tcl.lang.Parser.evalObjv(Parser.java:740)
	at tcl.lang.Parser.eval2(Parser.java:1138)
	at tcl.lang.Interp.eval(Interp.java:1782)
	at tcl.lang.Interp.evalFile(Interp.java:1880)
	at java.base/jdk.internal.reflect.NativeMethodAccessorImpl.invoke0(Native Method)
	at java.base/jdk.internal.reflect.NativeMethodAccessorImpl.invoke(NativeMethodAccessorImpl.java:62)
	at java.base/jdk.internal.reflect.DelegatingMethodAccessorImpl.invoke(DelegatingMethodAccessorImpl.java:43)
	at java.base/java.lang.reflect.Method.invoke(Method.java:566)
	at ptolemy.util.test.junit.TclTests.RunTclFile(TclTests.java:233)
	at java.base/jdk.internal.reflect.NativeMethodAccessorImpl.invoke0(Native Method)
	at java.base/jdk.internal.reflect.NativeMethodAccessorImpl.invoke(NativeMethodAccessorImpl.java:62)
	at java.base/jdk.internal.reflect.DelegatingMethodAccessorImpl.invoke(DelegatingMethodAccessorImpl.java:43)
	at java.base/java.lang.reflect.Method.invoke(Method.java:566)
	at org.junit.runners.model.FrameworkMethod$1.runReflectiveCall(FrameworkMethod.java:44)
	at org.junit.internal.runners.model.ReflectiveCallable.run(ReflectiveCallable.java:15)
	at org.junit.runners.model.FrameworkMethod.invokeExplosively(FrameworkMethod.java:41)
	at junitparams.internal.InvokeParameterisedMethod.evaluate(InvokeParameterisedMethod.java:102)
	at junitparams.internal.ParameterisedTestMethodRunner.runMethodInvoker(ParameterisedTestMethodRunner.java:47)
	at junitparams.internal.ParameterisedTestMethodRunner.runTestMethod(ParameterisedTestMethodRunner.java:41)
	at junitparams.internal.ParameterisedTestClassRunner.runParameterisedTest(ParameterisedTestClassRunner.java:143)
	at junitparams.JUnitParamsRunner.runChild(JUnitParamsRunner.java:237)
	at junitparams.JUnitParamsRunner.runChild(JUnitParamsRunner.java:215)
	at org.junit.runners.ParentRunner$3.run(ParentRunner.java:193)
	at org.junit.runners.ParentRunner$1.schedule(ParentRunner.java:52)
	at org.junit.runners.ParentRunner.runChildren(ParentRunner.java:191)
	at org.junit.runners.ParentRunner.access$000(ParentRunner.java:42)
	at org.junit.runners.ParentRunner$2.evaluate(ParentRunner.java:184)
	at org.junit.internal.runners.statements.RunAfters.evaluate(RunAfters.java:31)
	at org.junit.runners.ParentRunner.run(ParentRunner.java:236)
	at org.junit.runners.Suite.runChild(Suite.java:128)
	at org.junit.runners.Suite.runChild(Suite.java:24)
	at org.junit.runners.ParentRunner$3.run(ParentRunner.java:193)
	at org.junit.runners.ParentRunner$1.schedule(ParentRunner.java:52)
	at org.junit.runners.ParentRunner.runChildren(ParentRunner.java:191)
	at org.junit.runners.ParentRunner.access$000(ParentRunner.java:42)
	at org.junit.runners.ParentRunner$2.evaluate(ParentRunner.java:184)
	at org.junit.runners.ParentRunner.run(ParentRunner.java:236)
	at junit.framework.JUnit4TestAdapter.run(JUnit4TestAdapter.java:39)
	at org.apache.tools.ant.taskdefs.optional.junit.JUnitTestRunner.run(JUnitTestRunner.java:535)
	at org.apache.tools.ant.taskdefs.optional.junit.JUnitTestRunner.launch(JUnitTestRunner.java:1182)
	at org.apache.tools.ant.taskdefs.optional.junit.JUnitTestRunner.main(JUnitTestRunner.java:1033)
 in /home/travis/build/icyphy/ptII/ptolemy/actor/lib/jjs/external/require.js at line number 454 at column number 12
	at ptolemy.data.expr.Variable.validate(Variable.java:1619)
	at ptolemy.moml.MoMLParser.endDocument(MoMLParser.java:867)
	at com.microstar.xml.XmlParser.doParse(XmlParser.java:162)
	at com.microstar.xml.XmlParser.parse(XmlParser.java:132)
	at ptolemy.moml.MoMLParser.parse(MoMLParser.java:1676)
	at ptolemy.moml.MoMLParser.parse(MoMLParser.java:1617)
	at ptolemy.moml.MoMLParser.parse(MoMLParser.java:1792)
	at org.terraswarm.accessor.AccessorLibrary.populate(AccessorLibrary.java:194)
	at ptolemy.moml.EntityLibrary.deepEntityList(EntityLibrary.java:349)
	at ptolemy.kernel.CompositeEntity.deepEntityList(CompositeEntity.java:714)
	at ptolemy.moml.EntityLibrary.deepEntityList(EntityLibrary.java:350)
	at ptolemy.kernel.CompositeEntity.deepEntityList(CompositeEntity.java:714)
	at ptolemy.moml.EntityLibrary.deepEntityList(EntityLibrary.java:350)
	at ptolemy.kernel.CompositeEntity.deepEntityList(CompositeEntity.java:714)
	at ptolemy.kernel.CompositeEntity.deepEntityList(CompositeEntity.java:714)
	at ptolemy.kernel.CompositeEntity.allAtomicEntityList(CompositeEntity.java:188)
	at java.base/jdk.internal.reflect.NativeMethodAccessorImpl.invoke0(Native Method)
	at java.base/jdk.internal.reflect.NativeMethodAccessorImpl.invoke(NativeMethodAccessorImpl.java:62)
	at java.base/jdk.internal.reflect.DelegatingMethodAccessorImpl.invoke(DelegatingMethodAccessorImpl.java:43)
	at java.base/java.lang.reflect.Method.invoke(Method.java:566)
	at tcl.lang.reflect.PkgInvoker.invokeMethod(PkgInvoker.java:129)
	at tcl.lang.JavaInvoke.call(JavaInvoke.java:253)
	at tcl.lang.JavaInvoke.callMethod(JavaInvoke.java:116)
	at tcl.lang.ReflectObject.cmdProc(ReflectObject.java:727)
	at tcl.lang.Parser.evalObjv(Parser.java:740)
	at tcl.lang.Parser.eval2(Parser.java:1138)
	at tcl.lang.Parser.evalTokens(Parser.java:930)
	at tcl.lang.Parser.eval2(Parser.java:1125)
	at tcl.lang.Interp.eval(Interp.java:1782)
	at tcl.lang.Interp.eval(Interp.java:1841)
	at tcl.lang.UplevelCmd.cmdProc(UplevelCmd.java:93)
	at tcl.lang.Parser.evalObjv(Parser.java:740)
	at tcl.lang.Parser.eval2(Parser.java:1138)
	at tcl.lang.Interp.eval(Interp.java:1782)
	at tcl.lang.Interp.eval(Interp.java:1841)
	at tcl.lang.CatchCmd.cmdProc(CatchCmd.java:42)
	at tcl.lang.Parser.evalObjv(Parser.java:740)
	at tcl.lang.Parser.eval2(Parser.java:1138)
	at tcl.lang.Parser.evalTokens(Parser.java:930)
	at tcl.lang.Parser.eval2(Parser.java:1125)
	at tcl.lang.Procedure.cmdProc(Procedure.java:175)
	at tcl.lang.Parser.evalObjv(Parser.java:740)
	at tcl.lang.Parser.eval2(Parser.java:1138)
	at tcl.lang.Interp.eval(Interp.java:1782)
	at tcl.lang.Interp.eval(Interp.java:1841)
	at tcl.lang.ForeachCmd.cmdProc(ForeachCmd.java:116)
	at tcl.lang.AutoloadStub.cmdProc(Extension.java:144)
	at tcl.lang.Parser.evalObjv(Parser.java:740)
	at tcl.lang.Parser.eval2(Parser.java:1138)
	at tcl.lang.Interp.eval(Interp.java:1782)
	at tcl.lang.Interp.evalFile(Interp.java:1880)
	at java.base/jdk.internal.reflect.NativeMethodAccessorImpl.invoke0(Native Method)
	at java.base/jdk.internal.reflect.NativeMethodAccessorImpl.invoke(NativeMethodAccessorImpl.java:62)
	at java.base/jdk.internal.reflect.DelegatingMethodAccessorImpl.invoke(DelegatingMethodAccessorImpl.java:43)
	at java.base/java.lang.reflect.Method.invoke(Method.java:566)
	at ptolemy.util.test.junit.TclTests.RunTclFile(TclTests.java:233)
	at java.base/jdk.internal.reflect.NativeMethodAccessorImpl.invoke0(Native Method)
	at java.base/jdk.internal.reflect.NativeMethodAccessorImpl.invoke(NativeMethodAccessorImpl.java:62)
	at java.base/jdk.internal.reflect.DelegatingMethodAccessorImpl.invoke(DelegatingMethodAccessorImpl.java:43)
	at java.base/java.lang.reflect.Method.invoke(Method.java:566)
	at org.junit.runners.model.FrameworkMethod$1.runReflectiveCall(FrameworkMethod.java:44)
	at org.junit.internal.runners.model.ReflectiveCallable.run(ReflectiveCallable.java:15)
	at org.junit.runners.model.FrameworkMethod.invokeExplosively(FrameworkMethod.java:41)
	at junitparams.internal.InvokeParameterisedMethod.evaluate(InvokeParameterisedMethod.java:102)
	at junitparams.internal.ParameterisedTestMethodRunner.runMethodInvoker(ParameterisedTestMethodRunner.java:47)
	at junitparams.internal.ParameterisedTestMethodRunner.runTestMethod(ParameterisedTestMethodRunner.java:41)
	at junitparams.internal.ParameterisedTestClassRunner.runParameterisedTest(ParameterisedTestClassRunner.java:143)
	at junitparams.JUnitParamsRunner.runChild(JUnitParamsRunner.java:237)
	at junitparams.JUnitParamsRunner.runChild(JUnitParamsRunner.java:215)
	at org.junit.runners.ParentRunner$3.run(ParentRunner.java:193)
	at org.junit.runners.ParentRunner$1.schedule(ParentRunner.java:52)
	at org.junit.runners.ParentRunner.runChildren(ParentRunner.java:191)
	at org.junit.runners.ParentRunner.access$000(ParentRunner.java:42)
	at org.junit.runners.ParentRunner$2.evaluate(ParentRunner.java:184)
	at org.junit.internal.runners.statements.RunAfters.evaluate(RunAfters.java:31)
	at org.junit.runners.ParentRunner.run(ParentRunner.java:236)
	at org.junit.runners.Suite.runChild(Suite.java:128)
	at org.junit.runners.Suite.runChild(Suite.java:24)
	at org.junit.runners.ParentRunner$3.run(ParentRunner.java:193)
	at org.junit.runners.ParentRunner$1.schedule(ParentRunner.java:52)
	at org.junit.runners.ParentRunner.runChildren(ParentRunner.java:191)
	at org.junit.runners.ParentRunner.access$000(ParentRunner.java:42)
	at org.junit.runners.ParentRunner$2.evaluate(ParentRunner.java:184)
	at org.junit.runners.ParentRunner.run(ParentRunner.java:236)
	at junit.framework.JUnit4TestAdapter.run(JUnit4TestAdapter.java:39)
	at org.apache.tools.ant.taskdefs.optional.junit.JUnitTestRunner.run(JUnitTestRunner.java:535)
	at org.apache.tools.ant.taskdefs.optional.junit.JUnitTestRunner.launch(JUnitTestRunner.java:1182)
	at org.apache.tools.ant.taskdefs.optional.junit.JUnitTestRunner.main(JUnitTestRunner.java:1033)
Caused by: ptolemy.kernel.util.IllegalActionException: Error evaluating expression:
// Copyright (c) 2015-2017 The Regents of the University of California.
...
  in .configuration.actor library.MoreLibraries.Accessors.audio.AudioCapture.script
Because:
Failed to evaluate script.
  in .configuration.actor library.MoreLibraries.Accessors.audio.AudioCapture
Because:
Error: Error executing module audio line #undefined : ptolemy.actor.lib.jjs.modules.audio.AudioHelper
In file: /home/travis/build/icyphy/ptII/ptolemy/actor/lib/jjs/modules/audio/audio.js

java.lang.ClassNotFoundException: ptolemy.actor.lib.jjs.modules.audio.AudioHelper
	at java.base/jdk.internal.loader.BuiltinClassLoader.loadClass(BuiltinClassLoader.java:583)
	at java.base/jdk.internal.loader.ClassLoaders$AppClassLoader.loadClass(ClassLoaders.java:178)
	at java.base/java.lang.ClassLoader.loadClass(ClassLoader.java:521)
	at java.base/java.lang.Class.forName0(Native Method)
	at java.base/java.lang.Class.forName(Class.java:398)
	at jdk.scripting.nashorn/jdk.nashorn.internal.runtime.Context.findClass(Context.java:1180)
	at jdk.scripting.nashorn/jdk.nashorn.internal.objects.NativeJava.simpleType(NativeJava.java:546)
	at jdk.scripting.nashorn/jdk.nashorn.internal.objects.NativeJava.type(NativeJava.java:326)
	at jdk.scripting.nashorn/jdk.nashorn.internal.objects.NativeJava.type(NativeJava.java:318)
	at jdk.scripting.nashorn/jdk.nashorn.internal.objects.NativeJava.type(NativeJava.java:314)
	at jdk.scripting.nashorn.scripts/jdk.nashorn.internal.scripts.Script$Recompilation$539$require.L:1(/home/travis/build/icyphy/ptII/ptolemy/actor/lib/jjs/external/require.js#409:30<eval>:48)
	at jdk.scripting.nashorn.scripts/jdk.nashorn.internal.scripts.Script$Recompilation$449$require.L:45#_require(/home/travis/build/icyphy/ptII/ptolemy/actor/lib/jjs/external/require.js:429)
	at jdk.scripting.nashorn.scripts/jdk.nashorn.internal.scripts.Script$Recompilation$453$21065A$require.L:45#_requireClosure#L:466(/home/travis/build/icyphy/ptII/ptolemy/actor/lib/jjs/external/require.js:467)
	at jdk.scripting.nashorn.scripts/jdk.nashorn.internal.scripts.Script$Recompilation$527$1AAAAAAAAAAAAAA$\^function\_.L:1(<function>:97)
	at jdk.scripting.nashorn.scripts/jdk.nashorn.internal.scripts.Script$Recompilation$526$17933AAAAAA$require$cu1$restOf.L:1#Accessor(/home/travis/build/icyphy/ptII/ptolemy/actor/lib/jjs/external/require.js#409:30<eval>:545)
	at jdk.scripting.nashorn.scripts/jdk.nashorn.internal.scripts.Script$Recompilation$512$2801AAA$\^eval\_.evaluateCode(<eval>:96)
	at jdk.scripting.nashorn/jdk.nashorn.internal.runtime.ScriptFunctionData.invoke(ScriptFunctionData.java:661)
	at jdk.scripting.nashorn/jdk.nashorn.internal.runtime.ScriptFunction.invoke(ScriptFunction.java:513)
	at jdk.scripting.nashorn/jdk.nashorn.internal.runtime.ScriptRuntime.apply(ScriptRuntime.java:527)
	at jdk.scripting.nashorn/jdk.nashorn.api.scripting.ScriptObjectMirror.callMember(ScriptObjectMirror.java:202)
	at jdk.scripting.nashorn/jdk.nashorn.api.scripting.NashornScriptEngine.invokeImpl(NashornScriptEngine.java:393)
	at jdk.scripting.nashorn/jdk.nashorn.api.scripting.NashornScriptEngine.invokeFunction(NashornScriptEngine.java:197)
	at ptolemy.actor.lib.jjs.JavaScript._createEngineAndEvaluateSetup(JavaScript.java:2493)
	at ptolemy.actor.lib.jjs.JavaScript.attributeChanged(JavaScript.java:548)
	at org.terraswarm.accessor.JSAccessor.attributeChanged(JSAccessor.java:312)
	at ptolemy.data.expr.Variable._setTokenAndNotify(Variable.java:2271)
	at ptolemy.data.expr.Variable._evaluate(Variable.java:1873)
	at ptolemy.data.expr.Variable._propagate(Variable.java:1984)
	at ptolemy.data.expr.Variable.validate(Variable.java:1596)
	at ptolemy.moml.MoMLParser.endDocument(MoMLParser.java:867)
	at com.microstar.xml.XmlParser.doParse(XmlParser.java:162)
	at com.microstar.xml.XmlParser.parse(XmlParser.java:132)
	at ptolemy.moml.MoMLParser.parse(MoMLParser.java:1676)
	at ptolemy.moml.MoMLParser.parse(MoMLParser.java:1617)
	at ptolemy.moml.MoMLParser.parse(MoMLParser.java:1792)
	at org.terraswarm.accessor.AccessorLibrary.populate(AccessorLibrary.java:194)
	at ptolemy.moml.EntityLibrary.deepEntityList(EntityLibrary.java:349)
	at ptolemy.kernel.CompositeEntity.deepEntityList(CompositeEntity.java:714)
	at ptolemy.moml.EntityLibrary.deepEntityList(EntityLibrary.java:350)
	at ptolemy.kernel.CompositeEntity.deepEntityList(CompositeEntity.java:714)
	at ptolemy.moml.EntityLibrary.deepEntityList(EntityLibrary.java:350)
	at ptolemy.kernel.CompositeEntity.deepEntityList(CompositeEntity.java:714)
	at ptolemy.kernel.CompositeEntity.deepEntityList(CompositeEntity.java:714)
	at ptolemy.kernel.CompositeEntity.allAtomicEntityList(CompositeEntity.java:188)
	at java.base/jdk.internal.reflect.NativeMethodAccessorImpl.invoke0(Native Method)
	at java.base/jdk.internal.reflect.NativeMethodAccessorImpl.invoke(NativeMethodAccessorImpl.java:62)
	at java.base/jdk.internal.reflect.DelegatingMethodAccessorImpl.invoke(DelegatingMethodAccessorImpl.java:43)
	at java.base/java.lang.reflect.Method.invoke(Method.java:566)
	at tcl.lang.reflect.PkgInvoker.invokeMethod(PkgInvoker.java:129)
	at tcl.lang.JavaInvoke.call(JavaInvoke.java:253)
	at tcl.lang.JavaInvoke.callMethod(JavaInvoke.java:116)
	at tcl.lang.ReflectObject.cmdProc(ReflectObject.java:727)
	at tcl.lang.Parser.evalObjv(Parser.java:740)
	at tcl.lang.Parser.eval2(Parser.java:1138)
	at tcl.lang.Parser.evalTokens(Parser.java:930)
	at tcl.lang.Parser.eval2(Parser.java:1125)
	at tcl.lang.Interp.eval(Interp.java:1782)
	at tcl.lang.Interp.eval(Interp.java:1841)
	at tcl.lang.UplevelCmd.cmdProc(UplevelCmd.java:93)
	at tcl.lang.Parser.evalObjv(Parser.java:740)
	at tcl.lang.Parser.eval2(Parser.java:1138)
	at tcl.lang.Interp.eval(Interp.java:1782)
	at tcl.lang.Interp.eval(Interp.java:1841)
	at tcl.lang.CatchCmd.cmdProc(CatchCmd.java:42)
	at tcl.lang.Parser.evalObjv(Parser.java:740)
	at tcl.lang.Parser.eval2(Parser.java:1138)
	at tcl.lang.Parser.evalTokens(Parser.java:930)
	at tcl.lang.Parser.eval2(Parser.java:1125)
	at tcl.lang.Procedure.cmdProc(Procedure.java:175)
	at tcl.lang.Parser.evalObjv(Parser.java:740)
	at tcl.lang.Parser.eval2(Parser.java:1138)
	at tcl.lang.Interp.eval(Interp.java:1782)
	at tcl.lang.Interp.eval(Interp.java:1841)
	at tcl.lang.ForeachCmd.cmdProc(ForeachCmd.java:116)
	at tcl.lang.AutoloadStub.cmdProc(Extension.java:144)
	at tcl.lang.Parser.evalObjv(Parser.java:740)
	at tcl.lang.Parser.eval2(Parser.java:1138)
	at tcl.lang.Interp.eval(Interp.java:1782)
	at tcl.lang.Interp.evalFile(Interp.java:1880)
	at java.base/jdk.internal.reflect.NativeMethodAccessorImpl.invoke0(Native Method)
	at java.base/jdk.internal.reflect.NativeMethodAccessorImpl.invoke(NativeMethodAccessorImpl.java:62)
	at java.base/jdk.internal.reflect.DelegatingMethodAccessorImpl.invoke(DelegatingMethodAccessorImpl.java:43)
	at java.base/java.lang.reflect.Method.invoke(Method.java:566)
	at ptolemy.util.test.junit.TclTests.RunTclFile(TclTests.java:233)
	at java.base/jdk.internal.reflect.NativeMethodAccessorImpl.invoke0(Native Method)
	at java.base/jdk.internal.reflect.NativeMethodAccessorImpl.invoke(NativeMethodAccessorImpl.java:62)
	at java.base/jdk.internal.reflect.DelegatingMethodAccessorImpl.invoke(DelegatingMethodAccessorImpl.java:43)
	at java.base/java.lang.reflect.Method.invoke(Method.java:566)
	at org.junit.runners.model.FrameworkMethod$1.runReflectiveCall(FrameworkMethod.java:44)
	at org.junit.internal.runners.model.ReflectiveCallable.run(ReflectiveCallable.java:15)
	at org.junit.runners.model.FrameworkMethod.invokeExplosively(FrameworkMethod.java:41)
	at junitparams.internal.InvokeParameterisedMethod.evaluate(InvokeParameterisedMethod.java:102)
	at junitparams.internal.ParameterisedTestMethodRunner.runMethodInvoker(ParameterisedTestMethodRunner.java:47)
	at junitparams.internal.ParameterisedTestMethodRunner.runTestMethod(ParameterisedTestMethodRunner.java:41)
	at junitparams.internal.ParameterisedTestClassRunner.runParameterisedTest(ParameterisedTestClassRunner.java:143)
	at junitparams.JUnitParamsRunner.runChild(JUnitParamsRunner.java:237)
	at junitparams.JUnitParamsRunner.runChild(JUnitParamsRunner.java:215)
	at org.junit.runners.ParentRunner$3.run(ParentRunner.java:193)
	at org.junit.runners.ParentRunner$1.schedule(ParentRunner.java:52)
	at org.junit.runners.ParentRunner.runChildren(ParentRunner.java:191)
	at org.junit.runners.ParentRunner.access$000(ParentRunner.java:42)
	at org.junit.runners.ParentRunner$2.evaluate(ParentRunner.java:184)
	at org.junit.internal.runners.statements.RunAfters.evaluate(RunAfters.java:31)
	at org.junit.runners.ParentRunner.run(ParentRunner.java:236)
	at org.junit.runners.Suite.runChild(Suite.java:128)
	at org.junit.runners.Suite.runChild(Suite.java:24)
	at org.junit.runners.ParentRunner$3.run(ParentRunner.java:193)
	at org.junit.runners.ParentRunner$1.schedule(ParentRunner.java:52)
	at org.junit.runners.ParentRunner.runChildren(ParentRunner.java:191)
	at org.junit.runners.ParentRunner.access$000(ParentRunner.java:42)
	at org.junit.runners.ParentRunner$2.evaluate(ParentRunner.java:184)
	at org.junit.runners.ParentRunner.run(ParentRunner.java:236)
	at junit.framework.JUnit4TestAdapter.run(JUnit4TestAdapter.java:39)
	at org.apache.tools.ant.taskdefs.optional.junit.JUnitTestRunner.run(JUnitTestRunner.java:535)
	at org.apache.tools.ant.taskdefs.optional.junit.JUnitTestRunner.launch(JUnitTestRunner.java:1182)
	at org.apache.tools.ant.taskdefs.optional.junit.JUnitTestRunner.main(JUnitTestRunner.java:1033)
 in /home/travis/build/icyphy/ptII/ptolemy/actor/lib/jjs/external/require.js at line number 454 at column number 12
	at ptolemy.data.expr.Variable._evaluate(Variable.java:1891)
	at ptolemy.data.expr.Variable._propagate(Variable.java:1984)
	at ptolemy.data.expr.Variable.validate(Variable.java:1596)
	... 87 more
Caused by: ptolemy.kernel.util.IllegalActionException: Failed to evaluate script.
  in .configuration.actor library.MoreLibraries.Accessors.audio.AudioCapture
Because:
Error: Error executing module audio line #undefined : ptolemy.actor.lib.jjs.modules.audio.AudioHelper
In file: /home/travis/build/icyphy/ptII/ptolemy/actor/lib/jjs/modules/audio/audio.js

java.lang.ClassNotFoundException: ptolemy.actor.lib.jjs.modules.audio.AudioHelper
	at java.base/jdk.internal.loader.BuiltinClassLoader.loadClass(BuiltinClassLoader.java:583)
	at java.base/jdk.internal.loader.ClassLoaders$AppClassLoader.loadClass(ClassLoaders.java:178)
	at java.base/java.lang.ClassLoader.loadClass(ClassLoader.java:521)
	at java.base/java.lang.Class.forName0(Native Method)
	at java.base/java.lang.Class.forName(Class.java:398)
	at jdk.scripting.nashorn/jdk.nashorn.internal.runtime.Context.findClass(Context.java:1180)
	at jdk.scripting.nashorn/jdk.nashorn.internal.objects.NativeJava.simpleType(NativeJava.java:546)
	at jdk.scripting.nashorn/jdk.nashorn.internal.objects.NativeJava.type(NativeJava.java:326)
	at jdk.scripting.nashorn/jdk.nashorn.internal.objects.NativeJava.type(NativeJava.java:318)
	at jdk.scripting.nashorn/jdk.nashorn.internal.objects.NativeJava.type(NativeJava.java:314)
	at jdk.scripting.nashorn.scripts/jdk.nashorn.internal.scripts.Script$Recompilation$539$require.L:1(/home/travis/build/icyphy/ptII/ptolemy/actor/lib/jjs/external/require.js#409:30<eval>:48)
	at jdk.scripting.nashorn.scripts/jdk.nashorn.internal.scripts.Script$Recompilation$449$require.L:45#_require(/home/travis/build/icyphy/ptII/ptolemy/actor/lib/jjs/external/require.js:429)
	at jdk.scripting.nashorn.scripts/jdk.nashorn.internal.scripts.Script$Recompilation$453$21065A$require.L:45#_requireClosure#L:466(/home/travis/build/icyphy/ptII/ptolemy/actor/lib/jjs/external/require.js:467)
	at jdk.scripting.nashorn.scripts/jdk.nashorn.internal.scripts.Script$Recompilation$527$1AAAAAAAAAAAAAA$\^function\_.L:1(<function>:97)
	at jdk.scripting.nashorn.scripts/jdk.nashorn.internal.scripts.Script$Recompilation$526$17933AAAAAA$require$cu1$restOf.L:1#Accessor(/home/travis/build/icyphy/ptII/ptolemy/actor/lib/jjs/external/require.js#409:30<eval>:545)
	at jdk.scripting.nashorn.scripts/jdk.nashorn.internal.scripts.Script$Recompilation$512$2801AAA$\^eval\_.evaluateCode(<eval>:96)
	at jdk.scripting.nashorn/jdk.nashorn.internal.runtime.ScriptFunctionData.invoke(ScriptFunctionData.java:661)
	at jdk.scripting.nashorn/jdk.nashorn.internal.runtime.ScriptFunction.invoke(ScriptFunction.java:513)
	at jdk.scripting.nashorn/jdk.nashorn.internal.runtime.ScriptRuntime.apply(ScriptRuntime.java:527)
	at jdk.scripting.nashorn/jdk.nashorn.api.scripting.ScriptObjectMirror.callMember(ScriptObjectMirror.java:202)
	at jdk.scripting.nashorn/jdk.nashorn.api.scripting.NashornScriptEngine.invokeImpl(NashornScriptEngine.java:393)
	at jdk.scripting.nashorn/jdk.nashorn.api.scripting.NashornScriptEngine.invokeFunction(NashornScriptEngine.java:197)
	at ptolemy.actor.lib.jjs.JavaScript._createEngineAndEvaluateSetup(JavaScript.java:2493)
	at ptolemy.actor.lib.jjs.JavaScript.attributeChanged(JavaScript.java:548)
	at org.terraswarm.accessor.JSAccessor.attributeChanged(JSAccessor.java:312)
	at ptolemy.data.expr.Variable._setTokenAndNotify(Variable.java:2271)
	at ptolemy.data.expr.Variable._evaluate(Variable.java:1873)
	at ptolemy.data.expr.Variable._propagate(Variable.java:1984)
	at ptolemy.data.expr.Variable.validate(Variable.java:1596)
	at ptolemy.moml.MoMLParser.endDocument(MoMLParser.java:867)
	at com.microstar.xml.XmlParser.doParse(XmlParser.java:162)
	at com.microstar.xml.XmlParser.parse(XmlParser.java:132)
	at ptolemy.moml.MoMLParser.parse(MoMLParser.java:1676)
	at ptolemy.moml.MoMLParser.parse(MoMLParser.java:1617)
	at ptolemy.moml.MoMLParser.parse(MoMLParser.java:1792)
	at org.terraswarm.accessor.AccessorLibrary.populate(AccessorLibrary.java:194)
	at ptolemy.moml.EntityLibrary.deepEntityList(EntityLibrary.java:349)
	at ptolemy.kernel.CompositeEntity.deepEntityList(CompositeEntity.java:714)
	at ptolemy.moml.EntityLibrary.deepEntityList(EntityLibrary.java:350)
	at ptolemy.kernel.CompositeEntity.deepEntityList(CompositeEntity.java:714)
	at ptolemy.moml.EntityLibrary.deepEntityList(EntityLibrary.java:350)
	at ptolemy.kernel.CompositeEntity.deepEntityList(CompositeEntity.java:714)
	at ptolemy.kernel.CompositeEntity.deepEntityList(CompositeEntity.java:714)
	at ptolemy.kernel.CompositeEntity.allAtomicEntityList(CompositeEntity.java:188)
	at java.base/jdk.internal.reflect.NativeMethodAccessorImpl.invoke0(Native Method)
	at java.base/jdk.internal.reflect.NativeMethodAccessorImpl.invoke(NativeMethodAccessorImpl.java:62)
	at java.base/jdk.internal.reflect.DelegatingMethodAccessorImpl.invoke(DelegatingMethodAccessorImpl.java:43)
	at java.base/java.lang.reflect.Method.invoke(Method.java:566)
	at tcl.lang.reflect.PkgInvoker.invokeMethod(PkgInvoker.java:129)
	at tcl.lang.JavaInvoke.call(JavaInvoke.java:253)
	at tcl.lang.JavaInvoke.callMethod(JavaInvoke.java:116)
	at tcl.lang.ReflectObject.cmdProc(ReflectObject.java:727)
	at tcl.lang.Parser.evalObjv(Parser.java:740)
	at tcl.lang.Parser.eval2(Parser.java:1138)
	at tcl.lang.Parser.evalTokens(Parser.java:930)
	at tcl.lang.Parser.eval2(Parser.java:1125)
	at tcl.lang.Interp.eval(Interp.java:1782)
	at tcl.lang.Interp.eval(Interp.java:1841)
	at tcl.lang.UplevelCmd.cmdProc(UplevelCmd.java:93)
	at tcl.lang.Parser.evalObjv(Parser.java:740)
	at tcl.lang.Parser.eval2(Parser.java:1138)
	at tcl.lang.Interp.eval(Interp.java:1782)
	at tcl.lang.Interp.eval(Interp.java:1841)
	at tcl.lang.CatchCmd.cmdProc(CatchCmd.java:42)
	at tcl.lang.Parser.evalObjv(Parser.java:740)
	at tcl.lang.Parser.eval2(Parser.java:1138)
	at tcl.lang.Parser.evalTokens(Parser.java:930)
	at tcl.lang.Parser.eval2(Parser.java:1125)
	at tcl.lang.Procedure.cmdProc(Procedure.java:175)
	at tcl.lang.Parser.evalObjv(Parser.java:740)
	at tcl.lang.Parser.eval2(Parser.java:1138)
	at tcl.lang.Interp.eval(Interp.java:1782)
	at tcl.lang.Interp.eval(Interp.java:1841)
	at tcl.lang.ForeachCmd.cmdProc(ForeachCmd.java:116)
	at tcl.lang.AutoloadStub.cmdProc(Extension.java:144)
	at tcl.lang.Parser.evalObjv(Parser.java:740)
	at tcl.lang.Parser.eval2(Parser.java:1138)
	at tcl.lang.Interp.eval(Interp.java:1782)
	at tcl.lang.Interp.evalFile(Interp.java:1880)
	at java.base/jdk.internal.reflect.NativeMethodAccessorImpl.invoke0(Native Method)
	at java.base/jdk.internal.reflect.NativeMethodAccessorImpl.invoke(NativeMethodAccessorImpl.java:62)
	at java.base/jdk.internal.reflect.DelegatingMethodAccessorImpl.invoke(DelegatingMethodAccessorImpl.java:43)
	at java.base/java.lang.reflect.Method.invoke(Method.java:566)
	at ptolemy.util.test.junit.TclTests.RunTclFile(TclTests.java:233)
	at java.base/jdk.internal.reflect.NativeMethodAccessorImpl.invoke0(Native Method)
	at java.base/jdk.internal.reflect.NativeMethodAccessorImpl.invoke(NativeMethodAccessorImpl.java:62)
	at java.base/jdk.internal.reflect.DelegatingMethodAccessorImpl.invoke(DelegatingMethodAccessorImpl.java:43)
	at java.base/java.lang.reflect.Method.invoke(Method.java:566)
	at org.junit.runners.model.FrameworkMethod$1.runReflectiveCall(FrameworkMethod.java:44)
	at org.junit.internal.runners.model.ReflectiveCallable.run(ReflectiveCallable.java:15)
	at org.junit.runners.model.FrameworkMethod.invokeExplosively(FrameworkMethod.java:41)
	at junitparams.internal.InvokeParameterisedMethod.evaluate(InvokeParameterisedMethod.java:102)
	at junitparams.internal.ParameterisedTestMethodRunner.runMethodInvoker(ParameterisedTestMethodRunner.java:47)
	at junitparams.internal.ParameterisedTestMethodRunner.runTestMethod(ParameterisedTestMethodRunner.java:41)
	at junitparams.internal.ParameterisedTestClassRunner.runParameterisedTest(ParameterisedTestClassRunner.java:143)
	at junitparams.JUnitParamsRunner.runChild(JUnitParamsRunner.java:237)
	at junitparams.JUnitParamsRunner.runChild(JUnitParamsRunner.java:215)
	at org.junit.runners.ParentRunner$3.run(ParentRunner.java:193)
	at org.junit.runners.ParentRunner$1.schedule(ParentRunner.java:52)
	at org.junit.runners.ParentRunner.runChildren(ParentRunner.java:191)
	at org.junit.runners.ParentRunner.access$000(ParentRunner.java:42)
	at org.junit.runners.ParentRunner$2.evaluate(ParentRunner.java:184)
	at org.junit.internal.runners.statements.RunAfters.evaluate(RunAfters.java:31)
	at org.junit.runners.ParentRunner.run(ParentRunner.java:236)
	at org.junit.runners.Suite.runChild(Suite.java:128)
	at org.junit.runners.Suite.runChild(Suite.java:24)
	at org.junit.runners.ParentRunner$3.run(ParentRunner.java:193)
	at org.junit.runners.ParentRunner$1.schedule(ParentRunner.java:52)
	at org.junit.runners.ParentRunner.runChildren(ParentRunner.java:191)
	at org.junit.runners.ParentRunner.access$000(ParentRunner.java:42)
	at org.junit.runners.ParentRunner$2.evaluate(ParentRunner.java:184)
	at org.junit.runners.ParentRunner.run(ParentRunner.java:236)
	at junit.framework.JUnit4TestAdapter.run(JUnit4TestAdapter.java:39)
	at org.apache.tools.ant.taskdefs.optional.junit.JUnitTestRunner.run(JUnitTestRunner.java:535)
	at org.apache.tools.ant.taskdefs.optional.junit.JUnitTestRunner.launch(JUnitTestRunner.java:1182)
	at org.apache.tools.ant.taskdefs.optional.junit.JUnitTestRunner.main(JUnitTestRunner.java:1033)
 in /home/travis/build/icyphy/ptII/ptolemy/actor/lib/jjs/external/require.js at line number 454 at column number 12
	at ptolemy.actor.lib.jjs.JavaScript._createEngineAndEvaluateSetup(JavaScript.java:2497)
	at ptolemy.actor.lib.jjs.JavaScript.attributeChanged(JavaScript.java:548)
	at org.terraswarm.accessor.JSAccessor.attributeChanged(JSAccessor.java:312)
	at ptolemy.data.expr.Variable._setTokenAndNotify(Variable.java:2271)
	at ptolemy.data.expr.Variable._evaluate(Variable.java:1873)
	... 89 more
Caused by: javax.script.ScriptException: Error: Error executing module audio line #undefined : ptolemy.actor.lib.jjs.modules.audio.AudioHelper
In file: /home/travis/build/icyphy/ptII/ptolemy/actor/lib/jjs/modules/audio/audio.js

java.lang.ClassNotFoundException: ptolemy.actor.lib.jjs.modules.audio.AudioHelper
	at java.base/jdk.internal.loader.BuiltinClassLoader.loadClass(BuiltinClassLoader.java:583)
	at java.base/jdk.internal.loader.ClassLoaders$AppClassLoader.loadClass(ClassLoaders.java:178)
	at java.base/java.lang.ClassLoader.loadClass(ClassLoader.java:521)
	at java.base/java.lang.Class.forName0(Native Method)
	at java.base/java.lang.Class.forName(Class.java:398)
	at jdk.scripting.nashorn/jdk.nashorn.internal.runtime.Context.findClass(Context.java:1180)
	at jdk.scripting.nashorn/jdk.nashorn.internal.objects.NativeJava.simpleType(NativeJava.java:546)
	at jdk.scripting.nashorn/jdk.nashorn.internal.objects.NativeJava.type(NativeJava.java:326)
	at jdk.scripting.nashorn/jdk.nashorn.internal.objects.NativeJava.type(NativeJava.java:318)
	at jdk.scripting.nashorn/jdk.nashorn.internal.objects.NativeJava.type(NativeJava.java:314)
	at jdk.scripting.nashorn.scripts/jdk.nashorn.internal.scripts.Script$Recompilation$539$require.L:1(/home/travis/build/icyphy/ptII/ptolemy/actor/lib/jjs/external/require.js#409:30<eval>:48)
	at jdk.scripting.nashorn.scripts/jdk.nashorn.internal.scripts.Script$Recompilation$449$require.L:45#_require(/home/travis/build/icyphy/ptII/ptolemy/actor/lib/jjs/external/require.js:429)
	at jdk.scripting.nashorn.scripts/jdk.nashorn.internal.scripts.Script$Recompilation$453$21065A$require.L:45#_requireClosure#L:466(/home/travis/build/icyphy/ptII/ptolemy/actor/lib/jjs/external/require.js:467)
	at jdk.scripting.nashorn.scripts/jdk.nashorn.internal.scripts.Script$Recompilation$527$1AAAAAAAAAAAAAA$\^function\_.L:1(<function>:97)
	at jdk.scripting.nashorn.scripts/jdk.nashorn.internal.scripts.Script$Recompilation$526$17933AAAAAA$require$cu1$restOf.L:1#Accessor(/home/travis/build/icyphy/ptII/ptolemy/actor/lib/jjs/external/require.js#409:30<eval>:545)
	at jdk.scripting.nashorn.scripts/jdk.nashorn.internal.scripts.Script$Recompilation$512$2801AAA$\^eval\_.evaluateCode(<eval>:96)
	at jdk.scripting.nashorn/jdk.nashorn.internal.runtime.ScriptFunctionData.invoke(ScriptFunctionData.java:661)
	at jdk.scripting.nashorn/jdk.nashorn.internal.runtime.ScriptFunction.invoke(ScriptFunction.java:513)
	at jdk.scripting.nashorn/jdk.nashorn.internal.runtime.ScriptRuntime.apply(ScriptRuntime.java:527)
	at jdk.scripting.nashorn/jdk.nashorn.api.scripting.ScriptObjectMirror.callMember(ScriptObjectMirror.java:202)
	at jdk.scripting.nashorn/jdk.nashorn.api.scripting.NashornScriptEngine.invokeImpl(NashornScriptEngine.java:393)
	at jdk.scripting.nashorn/jdk.nashorn.api.scripting.NashornScriptEngine.invokeFunction(NashornScriptEngine.java:197)
	at ptolemy.actor.lib.jjs.JavaScript._createEngineAndEvaluateSetup(JavaScript.java:2493)
	at ptolemy.actor.lib.jjs.JavaScript.attributeChanged(JavaScript.java:548)
	at org.terraswarm.accessor.JSAccessor.attributeChanged(JSAccessor.java:312)
	at ptolemy.data.expr.Variable._setTokenAndNotify(Variable.java:2271)
	at ptolemy.data.expr.Variable._evaluate(Variable.java:1873)
	at ptolemy.data.expr.Variable._propagate(Variable.java:1984)
	at ptolemy.data.expr.Variable.validate(Variable.java:1596)
	at ptolemy.moml.MoMLParser.endDocument(MoMLParser.java:867)
	at com.microstar.xml.XmlParser.doParse(XmlParser.java:162)
	at com.microstar.xml.XmlParser.parse(XmlParser.java:132)
	at ptolemy.moml.MoMLParser.parse(MoMLParser.java:1676)
	at ptolemy.moml.MoMLParser.parse(MoMLParser.java:1617)
	at ptolemy.moml.MoMLParser.parse(MoMLParser.java:1792)
	at org.terraswarm.accessor.AccessorLibrary.populate(AccessorLibrary.java:194)
	at ptolemy.moml.EntityLibrary.deepEntityList(EntityLibrary.java:349)
	at ptolemy.kernel.CompositeEntity.deepEntityList(CompositeEntity.java:714)
	at ptolemy.moml.EntityLibrary.deepEntityList(EntityLibrary.java:350)
	at ptolemy.kernel.CompositeEntity.deepEntityList(CompositeEntity.java:714)
	at ptolemy.moml.EntityLibrary.deepEntityList(EntityLibrary.java:350)
	at ptolemy.kernel.CompositeEntity.deepEntityList(CompositeEntity.java:714)
	at ptolemy.kernel.CompositeEntity.deepEntityList(CompositeEntity.java:714)
	at ptolemy.kernel.CompositeEntity.allAtomicEntityList(CompositeEntity.java:188)
	at java.base/jdk.internal.reflect.NativeMethodAccessorImpl.invoke0(Native Method)
	at java.base/jdk.internal.reflect.NativeMethodAccessorImpl.invoke(NativeMethodAccessorImpl.java:62)
	at java.base/jdk.internal.reflect.DelegatingMethodAccessorImpl.invoke(DelegatingMethodAccessorImpl.java:43)
	at java.base/java.lang.reflect.Method.invoke(Method.java:566)
	at tcl.lang.reflect.PkgInvoker.invokeMethod(PkgInvoker.java:129)
	at tcl.lang.JavaInvoke.call(JavaInvoke.java:253)
	at tcl.lang.JavaInvoke.callMethod(JavaInvoke.java:116)
	at tcl.lang.ReflectObject.cmdProc(ReflectObject.java:727)
	at tcl.lang.Parser.evalObjv(Parser.java:740)
	at tcl.lang.Parser.eval2(Parser.java:1138)
	at tcl.lang.Parser.evalTokens(Parser.java:930)
	at tcl.lang.Parser.eval2(Parser.java:1125)
	at tcl.lang.Interp.eval(Interp.java:1782)
	at tcl.lang.Interp.eval(Interp.java:1841)
	at tcl.lang.UplevelCmd.cmdProc(UplevelCmd.java:93)
	at tcl.lang.Parser.evalObjv(Parser.java:740)
	at tcl.lang.Parser.eval2(Parser.java:1138)
	at tcl.lang.Interp.eval(Interp.java:1782)
	at tcl.lang.Interp.eval(Interp.java:1841)
	at tcl.lang.CatchCmd.cmdProc(CatchCmd.java:42)
	at tcl.lang.Parser.evalObjv(Parser.java:740)
	at tcl.lang.Parser.eval2(Parser.java:1138)
	at tcl.lang.Parser.evalTokens(Parser.java:930)
	at tcl.lang.Parser.eval2(Parser.java:1125)
	at tcl.lang.Procedure.cmdProc(Procedure.java:175)
	at tcl.lang.Parser.evalObjv(Parser.java:740)
	at tcl.lang.Parser.eval2(Parser.java:1138)
	at tcl.lang.Interp.eval(Interp.java:1782)
	at tcl.lang.Interp.eval(Interp.java:1841)
	at tcl.lang.ForeachCmd.cmdProc(ForeachCmd.java:116)
	at tcl.lang.AutoloadStub.cmdProc(Extension.java:144)
	at tcl.lang.Parser.evalObjv(Parser.java:740)
	at tcl.lang.Parser.eval2(Parser.java:1138)
	at tcl.lang.Interp.eval(Interp.java:1782)
	at tcl.lang.Interp.evalFile(Interp.java:1880)
	at java.base/jdk.internal.reflect.NativeMethodAccessorImpl.invoke0(Native Method)
	at java.base/jdk.internal.reflect.NativeMethodAccessorImpl.invoke(NativeMethodAccessorImpl.java:62)
	at java.base/jdk.internal.reflect.DelegatingMethodAccessorImpl.invoke(DelegatingMethodAccessorImpl.java:43)
	at java.base/java.lang.reflect.Method.invoke(Method.java:566)
	at ptolemy.util.test.junit.TclTests.RunTclFile(TclTests.java:233)
	at java.base/jdk.internal.reflect.NativeMethodAccessorImpl.invoke0(Native Method)
	at java.base/jdk.internal.reflect.NativeMethodAccessorImpl.invoke(NativeMethodAccessorImpl.java:62)
	at java.base/jdk.internal.reflect.DelegatingMethodAccessorImpl.invoke(DelegatingMethodAccessorImpl.java:43)
	at java.base/java.lang.reflect.Method.invoke(Method.java:566)
	at org.junit.runners.model.FrameworkMethod$1.runReflectiveCall(FrameworkMethod.java:44)
	at org.junit.internal.runners.model.ReflectiveCallable.run(ReflectiveCallable.java:15)
	at org.junit.runners.model.FrameworkMethod.invokeExplosively(FrameworkMethod.java:41)
	at junitparams.internal.InvokeParameterisedMethod.evaluate(InvokeParameterisedMethod.java:102)
	at junitparams.internal.ParameterisedTestMethodRunner.runMethodInvoker(ParameterisedTestMethodRunner.java:47)
	at junitparams.internal.ParameterisedTestMethodRunner.runTestMethod(ParameterisedTestMethodRunner.java:41)
	at junitparams.internal.ParameterisedTestClassRunner.runParameterisedTest(ParameterisedTestClassRunner.java:143)
	at junitparams.JUnitParamsRunner.runChild(JUnitParamsRunner.java:237)
	at junitparams.JUnitParamsRunner.runChild(JUnitParamsRunner.java:215)
	at org.junit.runners.ParentRunner$3.run(ParentRunner.java:193)
	at org.junit.runners.ParentRunner$1.schedule(ParentRunner.java:52)
	at org.junit.runners.ParentRunner.runChildren(ParentRunner.java:191)
	at org.junit.runners.ParentRunner.access$000(ParentRunner.java:42)
	at org.junit.runners.ParentRunner$2.evaluate(ParentRunner.java:184)
	at org.junit.internal.runners.statements.RunAfters.evaluate(RunAfters.java:31)
	at org.junit.runners.ParentRunner.run(ParentRunner.java:236)
	at org.junit.runners.Suite.runChild(Suite.java:128)
	at org.junit.runners.Suite.runChild(Suite.java:24)
	at org.junit.runners.ParentRunner$3.run(ParentRunner.java:193)
	at org.junit.runners.ParentRunner$1.schedule(ParentRunner.java:52)
	at org.junit.runners.ParentRunner.runChildren(ParentRunner.java:191)
	at org.junit.runners.ParentRunner.access$000(ParentRunner.java:42)
	at org.junit.runners.ParentRunner$2.evaluate(ParentRunner.java:184)
	at org.junit.runners.ParentRunner.run(ParentRunner.java:236)
	at junit.framework.JUnit4TestAdapter.run(JUnit4TestAdapter.java:39)
	at org.apache.tools.ant.taskdefs.optional.junit.JUnitTestRunner.run(JUnitTestRunner.java:535)
	at org.apache.tools.ant.taskdefs.optional.junit.JUnitTestRunner.launch(JUnitTestRunner.java:1182)
	at org.apache.tools.ant.taskdefs.optional.junit.JUnitTestRunner.main(JUnitTestRunner.java:1033)
 in /home/travis/build/icyphy/ptII/ptolemy/actor/lib/jjs/external/require.js at line number 454 at column number 12
	at jdk.scripting.nashorn/jdk.nashorn.api.scripting.NashornScriptEngine.throwAsScriptException(NashornScriptEngine.java:477)
	at jdk.scripting.nashorn/jdk.nashorn.api.scripting.NashornScriptEngine.invokeImpl(NashornScriptEngine.java:399)
	at jdk.scripting.nashorn/jdk.nashorn.api.scripting.NashornScriptEngine.invokeFunction(NashornScriptEngine.java:197)
	at ptolemy.actor.lib.jjs.JavaScript._createEngineAndEvaluateSetup(JavaScript.java:2493)
	... 93 more
Caused by: /home/travis/build/icyphy/ptII/ptolemy/actor/lib/jjs/external/require.js:454:12 Error: Error executing module audio line #undefined : ptolemy.actor.lib.jjs.modules.audio.AudioHelper
In file: /home/travis/build/icyphy/ptII/ptolemy/actor/lib/jjs/modules/audio/audio.js

java.lang.ClassNotFoundException: ptolemy.actor.lib.jjs.modules.audio.AudioHelper
	at java.base/jdk.internal.loader.BuiltinClassLoader.loadClass(BuiltinClassLoader.java:583)
	at java.base/jdk.internal.loader.ClassLoaders$AppClassLoader.loadClass(ClassLoaders.java:178)
	at java.base/java.lang.ClassLoader.loadClass(ClassLoader.java:521)
	at java.base/java.lang.Class.forName0(Native Method)
	at java.base/java.lang.Class.forName(Class.java:398)
	at jdk.scripting.nashorn/jdk.nashorn.internal.runtime.Context.findClass(Context.java:1180)
	at jdk.scripting.nashorn/jdk.nashorn.internal.objects.NativeJava.simpleType(NativeJava.java:546)
	at jdk.scripting.nashorn/jdk.nashorn.internal.objects.NativeJava.type(NativeJava.java:326)
	at jdk.scripting.nashorn/jdk.nashorn.internal.objects.NativeJava.type(NativeJava.java:318)
	at jdk.scripting.nashorn/jdk.nashorn.internal.objects.NativeJava.type(NativeJava.java:314)
	at jdk.scripting.nashorn.scripts/jdk.nashorn.internal.scripts.Script$Recompilation$539$require.L:1(/home/travis/build/icyphy/ptII/ptolemy/actor/lib/jjs/external/require.js#409:30<eval>:48)
	at jdk.scripting.nashorn.scripts/jdk.nashorn.internal.scripts.Script$Recompilation$449$require.L:45#_require(/home/travis/build/icyphy/ptII/ptolemy/actor/lib/jjs/external/require.js:429)
	at jdk.scripting.nashorn.scripts/jdk.nashorn.internal.scripts.Script$Recompilation$453$21065A$require.L:45#_requireClosure#L:466(/home/travis/build/icyphy/ptII/ptolemy/actor/lib/jjs/external/require.js:467)
	at jdk.scripting.nashorn.scripts/jdk.nashorn.internal.scripts.Script$Recompilation$527$1AAAAAAAAAAAAAA$\^function\_.L:1(<function>:97)
	at jdk.scripting.nashorn.scripts/jdk.nashorn.internal.scripts.Script$Recompilation$526$17933AAAAAA$require$cu1$restOf.L:1#Accessor(/home/travis/build/icyphy/ptII/ptolemy/actor/lib/jjs/external/require.js#409:30<eval>:545)
	at jdk.scripting.nashorn.scripts/jdk.nashorn.internal.scripts.Script$Recompilation$512$2801AAA$\^eval\_.evaluateCode(<eval>:96)
	at jdk.scripting.nashorn/jdk.nashorn.internal.runtime.ScriptFunctionData.invoke(ScriptFunctionData.java:661)
	at jdk.scripting.nashorn/jdk.nashorn.internal.runtime.ScriptFunction.invoke(ScriptFunction.java:513)
	at jdk.scripting.nashorn/jdk.nashorn.internal.runtime.ScriptRuntime.apply(ScriptRuntime.java:527)
	at jdk.scripting.nashorn/jdk.nashorn.api.scripting.ScriptObjectMirror.callMember(ScriptObjectMirror.java:202)
	at jdk.scripting.nashorn/jdk.nashorn.api.scripting.NashornScriptEngine.invokeImpl(NashornScriptEngine.java:393)
	at jdk.scripting.nashorn/jdk.nashorn.api.scripting.NashornScriptEngine.invokeFunction(NashornScriptEngine.java:197)
	at ptolemy.actor.lib.jjs.JavaScript._createEngineAndEvaluateSetup(JavaScript.java:2493)
	at ptolemy.actor.lib.jjs.JavaScript.attributeChanged(JavaScript.java:548)
	at org.terraswarm.accessor.JSAccessor.attributeChanged(JSAccessor.java:312)
	at ptolemy.data.expr.Variable._setTokenAndNotify(Variable.java:2271)
	at ptolemy.data.expr.Variable._evaluate(Variable.java:1873)
	at ptolemy.data.expr.Variable._propagate(Variable.java:1984)
	at ptolemy.data.expr.Variable.validate(Variable.java:1596)
	at ptolemy.moml.MoMLParser.endDocument(MoMLParser.java:867)
	at com.microstar.xml.XmlParser.doParse(XmlParser.java:162)
	at com.microstar.xml.XmlParser.parse(XmlParser.java:132)
	at ptolemy.moml.MoMLParser.parse(MoMLParser.java:1676)
	at ptolemy.moml.MoMLParser.parse(MoMLParser.java:1617)
	at ptolemy.moml.MoMLParser.parse(MoMLParser.java:1792)
	at org.terraswarm.accessor.AccessorLibrary.populate(AccessorLibrary.java:194)
	at ptolemy.moml.EntityLibrary.deepEntityList(EntityLibrary.java:349)
	at ptolemy.kernel.CompositeEntity.deepEntityList(CompositeEntity.java:714)
	at ptolemy.moml.EntityLibrary.deepEntityList(EntityLibrary.java:350)
	at ptolemy.kernel.CompositeEntity.deepEntityList(CompositeEntity.java:714)
	at ptolemy.moml.EntityLibrary.deepEntityList(EntityLibrary.java:350)
	at ptolemy.kernel.CompositeEntity.deepEntityList(CompositeEntity.java:714)
	at ptolemy.kernel.CompositeEntity.deepEntityList(CompositeEntity.java:714)
	at ptolemy.kernel.CompositeEntity.allAtomicEntityList(CompositeEntity.java:188)
	at java.base/jdk.internal.reflect.NativeMethodAccessorImpl.invoke0(Native Method)
	at java.base/jdk.internal.reflect.NativeMethodAccessorImpl.invoke(NativeMethodAccessorImpl.java:62)
	at java.base/jdk.internal.reflect.DelegatingMethodAccessorImpl.invoke(DelegatingMethodAccessorImpl.java:43)
	at java.base/java.lang.reflect.Method.invoke(Method.java:566)
	at tcl.lang.reflect.PkgInvoker.invokeMethod(PkgInvoker.java:129)
	at tcl.lang.JavaInvoke.call(JavaInvoke.java:253)
	at tcl.lang.JavaInvoke.callMethod(JavaInvoke.java:116)
	at tcl.lang.ReflectObject.cmdProc(ReflectObject.java:727)
	at tcl.lang.Parser.evalObjv(Parser.java:740)
	at tcl.lang.Parser.eval2(Parser.java:1138)
	at tcl.lang.Parser.evalTokens(Parser.java:930)
	at tcl.lang.Parser.eval2(Parser.java:1125)
	at tcl.lang.Interp.eval(Interp.java:1782)
	at tcl.lang.Interp.eval(Interp.java:1841)
	at tcl.lang.UplevelCmd.cmdProc(UplevelCmd.java:93)
	at tcl.lang.Parser.evalObjv(Parser.java:740)
	at tcl.lang.Parser.eval2(Parser.java:1138)
	at tcl.lang.Interp.eval(Interp.java:1782)
	at tcl.lang.Interp.eval(Interp.java:1841)
	at tcl.lang.CatchCmd.cmdProc(CatchCmd.java:42)
	at tcl.lang.Parser.evalObjv(Parser.java:740)
	at tcl.lang.Parser.eval2(Parser.java:1138)
	at tcl.lang.Parser.evalTokens(Parser.java:930)
	at tcl.lang.Parser.eval2(Parser.java:1125)
	at tcl.lang.Procedure.cmdProc(Procedure.java:175)
	at tcl.lang.Parser.evalObjv(Parser.java:740)
	at tcl.lang.Parser.eval2(Parser.java:1138)
	at tcl.lang.Interp.eval(Interp.java:1782)
	at tcl.lang.Interp.eval(Interp.java:1841)
	at tcl.lang.ForeachCmd.cmdProc(ForeachCmd.java:116)
	at tcl.lang.AutoloadStub.cmdProc(Extension.java:144)
	at tcl.lang.Parser.evalObjv(Parser.java:740)
	at tcl.lang.Parser.eval2(Parser.java:1138)
	at tcl.lang.Interp.eval(Interp.java:1782)
	at tcl.lang.Interp.evalFile(Interp.java:1880)
	at java.base/jdk.internal.reflect.NativeMethodAccessorImpl.invoke0(Native Method)
	at java.base/jdk.internal.reflect.NativeMethodAccessorImpl.invoke(NativeMethodAccessorImpl.java:62)
	at java.base/jdk.internal.reflect.DelegatingMethodAccessorImpl.invoke(DelegatingMethodAccessorImpl.java:43)
	at java.base/java.lang.reflect.Method.invoke(Method.java:566)
	at ptolemy.util.test.junit.TclTests.RunTclFile(TclTests.java:233)
	at java.base/jdk.internal.reflect.NativeMethodAccessorImpl.invoke0(Native Method)
	at java.base/jdk.internal.reflect.NativeMethodAccessorImpl.invoke(NativeMethodAccessorImpl.java:62)
	at java.base/jdk.internal.reflect.DelegatingMethodAccessorImpl.invoke(DelegatingMethodAccessorImpl.java:43)
	at java.base/java.lang.reflect.Method.invoke(Method.java:566)
	at org.junit.runners.model.FrameworkMethod$1.runReflectiveCall(FrameworkMethod.java:44)
	at org.junit.internal.runners.model.ReflectiveCallable.run(ReflectiveCallable.java:15)
	at org.junit.runners.model.FrameworkMethod.invokeExplosively(FrameworkMethod.java:41)
	at junitparams.internal.InvokeParameterisedMethod.evaluate(InvokeParameterisedMethod.java:102)
	at junitparams.internal.ParameterisedTestMethodRunner.runMethodInvoker(ParameterisedTestMethodRunner.java:47)
	at junitparams.internal.ParameterisedTestMethodRunner.runTestMethod(ParameterisedTestMethodRunner.java:41)
	at junitparams.internal.ParameterisedTestClassRunner.runParameterisedTest(ParameterisedTestClassRunner.java:143)
	at junitparams.JUnitParamsRunner.runChild(JUnitParamsRunner.java:237)
	at junitparams.JUnitParamsRunner.runChild(JUnitParamsRunner.java:215)
	at org.junit.runners.ParentRunner$3.run(ParentRunner.java:193)
	at org.junit.runners.ParentRunner$1.schedule(ParentRunner.java:52)
	at org.junit.runners.ParentRunner.runChildren(ParentRunner.java:191)
	at org.junit.runners.ParentRunner.access$000(ParentRunner.java:42)
	at org.junit.runners.ParentRunner$2.evaluate(ParentRunner.java:184)
	at org.junit.internal.runners.statements.RunAfters.evaluate(RunAfters.java:31)
	at org.junit.runners.ParentRunner.run(ParentRunner.java:236)
	at org.junit.runners.Suite.runChild(Suite.java:128)
	at org.junit.runners.Suite.runChild(Suite.java:24)
	at org.junit.runners.ParentRunner$3.run(ParentRunner.java:193)
	at org.junit.runners.ParentRunner$1.schedule(ParentRunner.java:52)
	at org.junit.runners.ParentRunner.runChildren(ParentRunner.java:191)
	at org.junit.runners.ParentRunner.access$000(ParentRunner.java:42)
	at org.junit.runners.ParentRunner$2.evaluate(ParentRunner.java:184)
	at org.junit.runners.ParentRunner.run(ParentRunner.java:236)
	at junit.framework.JUnit4TestAdapter.run(JUnit4TestAdapter.java:39)
	at org.apache.tools.ant.taskdefs.optional.junit.JUnitTestRunner.run(JUnitTestRunner.java:535)
	at org.apache.tools.ant.taskdefs.optional.junit.JUnitTestRunner.launch(JUnitTestRunner.java:1182)
	at org.apache.tools.ant.taskdefs.optional.junit.JUnitTestRunner.main(JUnitTestRunner.java:1033)

	at jdk.scripting.nashorn/jdk.nashorn.internal.objects.NativeError.initException(NativeError.java:135)
	at jdk.scripting.nashorn/jdk.nashorn.internal.objects.NativeError.<init>(NativeError.java:101)
	at jdk.scripting.nashorn/jdk.nashorn.internal.objects.NativeError.<init>(NativeError.java:105)
	at jdk.scripting.nashorn/jdk.nashorn.internal.objects.NativeError.<init>(NativeError.java:109)
	at jdk.scripting.nashorn/jdk.nashorn.internal.objects.NativeError.constructor(NativeError.java:128)
	at jdk.scripting.nashorn.scripts/jdk.nashorn.internal.scripts.Script$Recompilation$545$require$cu1$restOf.L:45#_require(/home/travis/build/icyphy/ptII/ptolemy/actor/lib/jjs/external/require.js:454)
	at jdk.scripting.nashorn.scripts/jdk.nashorn.internal.scripts.Script$Recompilation$453$21065A$require.L:45#_requireClosure#L:466(/home/travis/build/icyphy/ptII/ptolemy/actor/lib/jjs/external/require.js:467)
	at jdk.scripting.nashorn.scripts/jdk.nashorn.internal.scripts.Script$Recompilation$527$1AAAAAAAAAAAAAA$\^function\_.L:1(<function>:97)
	at jdk.scripting.nashorn.scripts/jdk.nashorn.internal.scripts.Script$Recompilation$526$17933AAAAAA$require$cu1$restOf.L:1#Accessor(/home/travis/build/icyphy/ptII/ptolemy/actor/lib/jjs/external/require.js#409:30<eval>:545)
	at jdk.scripting.nashorn.scripts/jdk.nashorn.internal.scripts.Script$Recompilation$512$2801AAA$\^eval\_.evaluateCode(<eval>:96)
	at jdk.scripting.nashorn/jdk.nashorn.internal.runtime.ScriptFunctionData.invoke(ScriptFunctionData.java:661)
	at jdk.scripting.nashorn/jdk.nashorn.internal.runtime.ScriptFunction.invoke(ScriptFunction.java:513)
	at jdk.scripting.nashorn/jdk.nashorn.internal.runtime.ScriptRuntime.apply(ScriptRuntime.java:527)
	at jdk.scripting.nashorn/jdk.nashorn.api.scripting.ScriptObjectMirror.callMember(ScriptObjectMirror.java:202)
	at jdk.scripting.nashorn/jdk.nashorn.api.scripting.NashornScriptEngine.invokeImpl(NashornScriptEngine.java:393)
	... 95 more
Caused by: ptolemy.kernel.util.IllegalActionException: Error evaluating expression:
// Copyright (c) 2015-2017 The Regents of the University of California.
...
  in .configuration.actor library.MoreLibraries.Accessors.audio.AudioCapture.script
Because:
Failed to evaluate script.
  in .configuration.actor library.MoreLibraries.Accessors.audio.AudioCapture
Because:
Error: Error executing module audio line #undefined : ptolemy.actor.lib.jjs.modules.audio.AudioHelper
In file: /home/travis/build/icyphy/ptII/ptolemy/actor/lib/jjs/modules/audio/audio.js

java.lang.ClassNotFoundException: ptolemy.actor.lib.jjs.modules.audio.AudioHelper
	at java.base/jdk.internal.loader.BuiltinClassLoader.loadClass(BuiltinClassLoader.java:583)
	at java.base/jdk.internal.loader.ClassLoaders$AppClassLoader.loadClass(ClassLoaders.java:178)
	at java.base/java.lang.ClassLoader.loadClass(ClassLoader.java:521)
	at java.base/java.lang.Class.forName0(Native Method)
	at java.base/java.lang.Class.forName(Class.java:398)
	at jdk.scripting.nashorn/jdk.nashorn.internal.runtime.Context.findClass(Context.java:1180)
	at jdk.scripting.nashorn/jdk.nashorn.internal.objects.NativeJava.simpleType(NativeJava.java:546)
	at jdk.scripting.nashorn/jdk.nashorn.internal.objects.NativeJava.type(NativeJava.java:326)
	at jdk.scripting.nashorn/jdk.nashorn.internal.objects.NativeJava.type(NativeJava.java:318)
	at jdk.scripting.nashorn/jdk.nashorn.internal.objects.NativeJava.type(NativeJava.java:314)
	at jdk.scripting.nashorn.scripts/jdk.nashorn.internal.scripts.Script$Recompilation$539$require.L:1(/home/travis/build/icyphy/ptII/ptolemy/actor/lib/jjs/external/require.js#409:30<eval>:48)
	at jdk.scripting.nashorn.scripts/jdk.nashorn.internal.scripts.Script$Recompilation$449$require.L:45#_require(/home/travis/build/icyphy/ptII/ptolemy/actor/lib/jjs/external/require.js:429)
	at jdk.scripting.nashorn.scripts/jdk.nashorn.internal.scripts.Script$Recompilation$453$21065A$require.L:45#_requireClosure#L:466(/home/travis/build/icyphy/ptII/ptolemy/actor/lib/jjs/external/require.js:467)
	at jdk.scripting.nashorn.scripts/jdk.nashorn.internal.scripts.Script$Recompilation$527$1AAAAAAAAAAAAAA$\^function\_.L:1(<function>:97)
	at jdk.scripting.nashorn.scripts/jdk.nashorn.internal.scripts.Script$Recompilation$526$17933AAAAAA$require$cu1$restOf.L:1#Accessor(/home/travis/build/icyphy/ptII/ptolemy/actor/lib/jjs/external/require.js#409:30<eval>:545)
	at jdk.scripting.nashorn.scripts/jdk.nashorn.internal.scripts.Script$Recompilation$512$2801AAA$\^eval\_.evaluateCode(<eval>:96)
	at jdk.scripting.nashorn/jdk.nashorn.internal.runtime.ScriptFunctionData.invoke(ScriptFunctionData.java:661)
	at jdk.scripting.nashorn/jdk.nashorn.internal.runtime.ScriptFunction.invoke(ScriptFunction.java:513)
	at jdk.scripting.nashorn/jdk.nashorn.internal.runtime.ScriptRuntime.apply(ScriptRuntime.java:527)
	at jdk.scripting.nashorn/jdk.nashorn.api.scripting.ScriptObjectMirror.callMember(ScriptObjectMirror.java:202)
	at jdk.scripting.nashorn/jdk.nashorn.api.scripting.NashornScriptEngine.invokeImpl(NashornScriptEngine.java:393)
	at jdk.scripting.nashorn/jdk.nashorn.api.scripting.NashornScriptEngine.invokeFunction(NashornScriptEngine.java:197)
	at ptolemy.actor.lib.jjs.JavaScript._createEngineAndEvaluateSetup(JavaScript.java:2493)
	at ptolemy.actor.lib.jjs.JavaScript.attributeChanged(JavaScript.java:548)
	at org.terraswarm.accessor.JSAccessor.attributeChanged(JSAccessor.java:312)
	at ptolemy.data.expr.Variable._setTokenAndNotify(Variable.java:2271)
	at ptolemy.data.expr.Variable._evaluate(Variable.java:1873)
	at ptolemy.data.expr.Variable._propagate(Variable.java:1984)
	at ptolemy.data.expr.Variable.validate(Variable.java:1596)
	at ptolemy.moml.MoMLParser.endDocument(MoMLParser.java:867)
	at com.microstar.xml.XmlParser.doParse(XmlParser.java:162)
	at com.microstar.xml.XmlParser.parse(XmlParser.java:132)
	at ptolemy.moml.MoMLParser.parse(MoMLParser.java:1676)
	at ptolemy.moml.MoMLParser.parse(MoMLParser.java:1617)
	at ptolemy.moml.MoMLParser.parse(MoMLParser.java:1792)
	at org.terraswarm.accessor.AccessorLibrary.populate(AccessorLibrary.java:194)
	at ptolemy.moml.EntityLibrary.deepEntityList(EntityLibrary.java:349)
	at ptolemy.kernel.CompositeEntity.deepEntityList(CompositeEntity.java:714)
	at ptolemy.moml.EntityLibrary.deepEntityList(EntityLibrary.java:350)
	at ptolemy.kernel.CompositeEntity.deepEntityList(CompositeEntity.java:714)
	at ptolemy.moml.EntityLibrary.deepEntityList(EntityLibrary.java:350)
	at ptolemy.kernel.CompositeEntity.deepEntityList(CompositeEntity.java:714)
	at ptolemy.kernel.CompositeEntity.deepEntityList(CompositeEntity.java:714)
	at ptolemy.kernel.CompositeEntity.allAtomicEntityList(CompositeEntity.java:188)
	at java.base/jdk.internal.reflect.NativeMethodAccessorImpl.invoke0(Native Method)
	at java.base/jdk.internal.reflect.NativeMethodAccessorImpl.invoke(NativeMethodAccessorImpl.java:62)
	at java.base/jdk.internal.reflect.DelegatingMethodAccessorImpl.invoke(DelegatingMethodAccessorImpl.java:43)
	at java.base/java.lang.reflect.Method.invoke(Method.java:566)
	at tcl.lang.reflect.PkgInvoker.invokeMethod(PkgInvoker.java:129)
	at tcl.lang.JavaInvoke.call(JavaInvoke.java:253)
	at tcl.lang.JavaInvoke.callMethod(JavaInvoke.java:116)
	at tcl.lang.ReflectObject.cmdProc(ReflectObject.java:727)
	at tcl.lang.Parser.evalObjv(Parser.java:740)
	at tcl.lang.Parser.eval2(Parser.java:1138)
	at tcl.lang.Parser.evalTokens(Parser.java:930)
	at tcl.lang.Parser.eval2(Parser.java:1125)
	at tcl.lang.Interp.eval(Interp.java:1782)
	at tcl.lang.Interp.eval(Interp.java:1841)
	at tcl.lang.UplevelCmd.cmdProc(UplevelCmd.java:93)
	at tcl.lang.Parser.evalObjv(Parser.java:740)
	at tcl.lang.Parser.eval2(Parser.java:1138)
	at tcl.lang.Interp.eval(Interp.java:1782)
	at tcl.lang.Interp.eval(Interp.java:1841)
	at tcl.lang.CatchCmd.cmdProc(CatchCmd.java:42)
	at tcl.lang.Parser.evalObjv(Parser.java:740)
	at tcl.lang.Parser.eval2(Parser.java:1138)
	at tcl.lang.Parser.evalTokens(Parser.java:930)
	at tcl.lang.Parser.eval2(Parser.java:1125)
	at tcl.lang.Procedure.cmdProc(Procedure.java:175)
	at tcl.lang.Parser.evalObjv(Parser.java:740)
	at tcl.lang.Parser.eval2(Parser.java:1138)
	at tcl.lang.Interp.eval(Interp.java:1782)
	at tcl.lang.Interp.eval(Interp.java:1841)
	at tcl.lang.ForeachCmd.cmdProc(ForeachCmd.java:116)
	at tcl.lang.AutoloadStub.cmdProc(Extension.java:144)
	at tcl.lang.Parser.evalObjv(Parser.java:740)
	at tcl.lang.Parser.eval2(Parser.java:1138)
	at tcl.lang.Interp.eval(Interp.java:1782)
	at tcl.lang.Interp.evalFile(Interp.java:1880)
	at java.base/jdk.internal.reflect.NativeMethodAccessorImpl.invoke0(Native Method)
	at java.base/jdk.internal.reflect.NativeMethodAccessorImpl.invoke(NativeMethodAccessorImpl.java:62)
	at java.base/jdk.internal.reflect.DelegatingMethodAccessorImpl.invoke(DelegatingMethodAccessorImpl.java:43)
	at java.base/java.lang.reflect.Method.invoke(Method.java:566)
	at ptolemy.util.test.junit.TclTests.RunTclFile(TclTests.java:233)
	at java.base/jdk.internal.reflect.NativeMethodAccessorImpl.invoke0(Native Method)
	at java.base/jdk.internal.reflect.NativeMethodAccessorImpl.invoke(NativeMethodAccessorImpl.java:62)
	at java.base/jdk.internal.reflect.DelegatingMethodAccessorImpl.invoke(DelegatingMethodAccessorImpl.java:43)
	at java.base/java.lang.reflect.Method.invoke(Method.java:566)
	at org.junit.runners.model.FrameworkMethod$1.runReflectiveCall(FrameworkMethod.java:44)
	at org.junit.internal.runners.model.ReflectiveCallable.run(ReflectiveCallable.java:15)
	at org.junit.runners.model.FrameworkMethod.invokeExplosively(FrameworkMethod.java:41)
	at junitparams.internal.InvokeParameterisedMethod.evaluate(InvokeParameterisedMethod.java:102)
	at junitparams.internal.ParameterisedTestMethodRunner.runMethodInvoker(ParameterisedTestMethodRunner.java:47)
	at junitparams.internal.ParameterisedTestMethodRunner.runTestMethod(ParameterisedTestMethodRunner.java:41)
	at junitparams.internal.ParameterisedTestClassRunner.runParameterisedTest(ParameterisedTestClassRunner.java:143)
	at junitparams.JUnitParamsRunner.runChild(JUnitParamsRunner.java:237)
	at junitparams.JUnitParamsRunner.runChild(JUnitParamsRunner.java:215)
	at org.junit.runners.ParentRunner$3.run(ParentRunner.java:193)
	at org.junit.runners.ParentRunner$1.schedule(ParentRunner.java:52)
	at org.junit.runners.ParentRunner.runChildren(ParentRunner.java:191)
	at org.junit.runners.ParentRunner.access$000(ParentRunner.java:42)
	at org.junit.runners.ParentRunner$2.evaluate(ParentRunner.java:184)
	at org.junit.internal.runners.statements.RunAfters.evaluate(RunAfters.java:31)
	at org.junit.runners.ParentRunner.run(ParentRunner.java:236)
	at org.junit.runners.Suite.runChild(Suite.java:128)
	at org.junit.runners.Suite.runChild(Suite.java:24)
	at org.junit.runners.ParentRunner$3.run(ParentRunner.java:193)
	at org.junit.runners.ParentRunner$1.schedule(ParentRunner.java:52)
	at org.junit.runners.ParentRunner.runChildren(ParentRunner.java:191)
	at org.junit.runners.ParentRunner.access$000(ParentRunner.java:42)
	at org.junit.runners.ParentRunner$2.evaluate(ParentRunner.java:184)
	at org.junit.runners.ParentRunner.run(ParentRunner.java:236)
	at junit.framework.JUnit4TestAdapter.run(JUnit4TestAdapter.java:39)
	at org.apache.tools.ant.taskdefs.optional.junit.JUnitTestRunner.run(JUnitTestRunner.java:535)
	at org.apache.tools.ant.taskdefs.optional.junit.JUnitTestRunner.launch(JUnitTestRunner.java:1182)
	at org.apache.tools.ant.taskdefs.optional.junit.JUnitTestRunner.main(JUnitTestRunner.java:1033)
 in /home/travis/build/icyphy/ptII/ptolemy/actor/lib/jjs/external/require.js at line number 454 at column number 12
	at ptolemy.data.expr.Variable._evaluate(Variable.java:1891)
	at ptolemy.data.expr.Variable._propagate(Variable.java:1984)
	at ptolemy.data.expr.Variable.validate(Variable.java:1596)
	at ptolemy.moml.MoMLParser.endDocument(MoMLParser.java:867)
	at com.microstar.xml.XmlParser.doParse(XmlParser.java:162)
	at com.microstar.xml.XmlParser.parse(XmlParser.java:132)
	at ptolemy.moml.MoMLParser.parse(MoMLParser.java:1676)
	at ptolemy.moml.MoMLParser.parse(MoMLParser.java:1617)
	at ptolemy.moml.MoMLParser.parse(MoMLParser.java:1792)
	at org.terraswarm.accessor.AccessorLibrary.populate(AccessorLibrary.java:194)
	at ptolemy.moml.EntityLibrary.deepEntityList(EntityLibrary.java:349)
	at ptolemy.kernel.CompositeEntity.deepEntityList(CompositeEntity.java:714)
	at ptolemy.moml.EntityLibrary.deepEntityList(EntityLibrary.java:350)
	at ptolemy.kernel.CompositeEntity.deepEntityList(CompositeEntity.java:714)
	at ptolemy.moml.EntityLibrary.deepEntityList(EntityLibrary.java:350)
	at ptolemy.kernel.CompositeEntity.deepEntityList(CompositeEntity.java:714)
	at ptolemy.kernel.CompositeEntity.deepEntityList(CompositeEntity.java:714)
	at ptolemy.kernel.CompositeEntity.allAtomicEntityList(CompositeEntity.java:188)
	at java.base/jdk.internal.reflect.NativeMethodAccessorImpl.invoke0(Native Method)
	at java.base/jdk.internal.reflect.NativeMethodAccessorImpl.invoke(NativeMethodAccessorImpl.java:62)
	at java.base/jdk.internal.reflect.DelegatingMethodAccessorImpl.invoke(DelegatingMethodAccessorImpl.java:43)
	at java.base/java.lang.reflect.Method.invoke(Method.java:566)
	at tcl.lang.reflect.PkgInvoker.invokeMethod(PkgInvoker.java:129)
	at tcl.lang.JavaInvoke.call(JavaInvoke.java:253)
	at tcl.lang.JavaInvoke.callMethod(JavaInvoke.java:116)
	at tcl.lang.ReflectObject.cmdProc(ReflectObject.java:727)
	at tcl.lang.Parser.evalObjv(Parser.java:740)
	at tcl.lang.Parser.eval2(Parser.java:1138)
	at tcl.lang.Parser.evalTokens(Parser.java:930)
	at tcl.lang.Parser.eval2(Parser.java:1125)
	at tcl.lang.Interp.eval(Interp.java:1782)
	at tcl.lang.Interp.eval(Interp.java:1841)
	at tcl.lang.UplevelCmd.cmdProc(UplevelCmd.java:93)
	at tcl.lang.Parser.evalObjv(Parser.java:740)
	at tcl.lang.Parser.eval2(Parser.java:1138)
	at tcl.lang.Interp.eval(Interp.java:1782)
	at tcl.lang.Interp.eval(Interp.java:1841)
	at tcl.lang.CatchCmd.cmdProc(CatchCmd.java:42)
	at tcl.lang.Parser.evalObjv(Parser.java:740)
	at tcl.lang.Parser.eval2(Parser.java:1138)
	at tcl.lang.Parser.evalTokens(Parser.java:930)
	at tcl.lang.Parser.eval2(Parser.java:1125)
	at tcl.lang.Procedure.cmdProc(Procedure.java:175)
	at tcl.lang.Parser.evalObjv(Parser.java:740)
	at tcl.lang.Parser.eval2(Parser.java:1138)
	at tcl.lang.Interp.eval(Interp.java:1782)
	at tcl.lang.Interp.eval(Interp.java:1841)
	at tcl.lang.ForeachCmd.cmdProc(ForeachCmd.java:116)
	at tcl.lang.AutoloadStub.cmdProc(Extension.java:144)
	at tcl.lang.Parser.evalObjv(Parser.java:740)
	at tcl.lang.Parser.eval2(Parser.java:1138)
	at tcl.lang.Interp.eval(Interp.java:1782)
	at tcl.lang.Interp.evalFile(Interp.java:1880)
	at java.base/jdk.internal.reflect.NativeMethodAccessorImpl.invoke0(Native Method)
	at java.base/jdk.internal.reflect.NativeMethodAccessorImpl.invoke(NativeMethodAccessorImpl.java:62)
	at java.base/jdk.internal.reflect.DelegatingMethodAccessorImpl.invoke(DelegatingMethodAccessorImpl.java:43)
	at java.base/java.lang.reflect.Method.invoke(Method.java:566)
	at ptolemy.util.test.junit.TclTests.RunTclFile(TclTests.java:233)
	at java.base/jdk.internal.reflect.NativeMethodAccessorImpl.invoke0(Native Method)
	at java.base/jdk.internal.reflect.NativeMethodAccessorImpl.invoke(NativeMethodAccessorImpl.java:62)
	at java.base/jdk.internal.reflect.DelegatingMethodAccessorImpl.invoke(DelegatingMethodAccessorImpl.java:43)
	at java.base/java.lang.reflect.Method.invoke(Method.java:566)
	at org.junit.runners.model.FrameworkMethod$1.runReflectiveCall(FrameworkMethod.java:44)
	at org.junit.internal.runners.model.ReflectiveCallable.run(ReflectiveCallable.java:15)
	at org.junit.runners.model.FrameworkMethod.invokeExplosively(FrameworkMethod.java:41)
	at junitparams.internal.InvokeParameterisedMethod.evaluate(InvokeParameterisedMethod.java:102)
	at junitparams.internal.ParameterisedTestMethodRunner.runMethodInvoker(ParameterisedTestMethodRunner.java:47)
	at junitparams.internal.ParameterisedTestMethodRunner.runTestMethod(ParameterisedTestMethodRunner.java:41)
	at junitparams.internal.ParameterisedTestClassRunner.runParameterisedTest(ParameterisedTestClassRunner.java:143)
	at junitparams.JUnitParamsRunner.runChild(JUnitParamsRunner.java:237)
	at junitparams.JUnitParamsRunner.runChild(JUnitParamsRunner.java:215)
	at org.junit.runners.ParentRunner$3.run(ParentRunner.java:193)
	at org.junit.runners.ParentRunner$1.schedule(ParentRunner.java:52)
	at org.junit.runners.ParentRunner.runChildren(ParentRunner.java:191)
	at org.junit.runners.ParentRunner.access$000(ParentRunner.java:42)
	at org.junit.runners.ParentRunner$2.evaluate(ParentRunner.java:184)
	at org.junit.internal.runners.statements.RunAfters.evaluate(RunAfters.java:31)
	at org.junit.runners.ParentRunner.run(ParentRunner.java:236)
	at org.junit.runners.Suite.runChild(Suite.java:128)
	at org.junit.runners.Suite.runChild(Suite.java:24)
	at org.junit.runners.ParentRunner$3.run(ParentRunner.java:193)
	at org.junit.runners.ParentRunner$1.schedule(ParentRunner.java:52)
	at org.junit.runners.ParentRunner.runChildren(ParentRunner.java:191)
	at org.junit.runners.ParentRunner.access$000(ParentRunner.java:42)
	at org.junit.runners.ParentRunner$2.evaluate(ParentRunner.java:184)
	at org.junit.runners.ParentRunner.run(ParentRunner.java:236)
	at junit.framework.JUnit4TestAdapter.run(JUnit4TestAdapter.java:39)
	at org.apache.tools.ant.taskdefs.optional.junit.JUnitTestRunner.run(JUnitTestRunner.java:535)
	at org.apache.tools.ant.taskdefs.optional.junit.JUnitTestRunner.launch(JUnitTestRunner.java:1182)
	at org.apache.tools.ant.taskdefs.optional.junit.JUnitTestRunner.main(JUnitTestRunner.java:1033)
Caused by: ptolemy.kernel.util.IllegalActionException: Failed to evaluate script.
  in .configuration.actor library.MoreLibraries.Accessors.audio.AudioCapture
Because:
Error: Error executing module audio line #undefined : ptolemy.actor.lib.jjs.modules.audio.AudioHelper
In file: /home/travis/build/icyphy/ptII/ptolemy/actor/lib/jjs/modules/audio/audio.js

java.lang.ClassNotFoundException: ptolemy.actor.lib.jjs.modules.audio.AudioHelper
	at java.base/jdk.internal.loader.BuiltinClassLoader.loadClass(BuiltinClassLoader.java:583)
	at java.base/jdk.internal.loader.ClassLoaders$AppClassLoader.loadClass(ClassLoaders.java:178)
	at java.base/java.lang.ClassLoader.loadClass(ClassLoader.java:521)
	at java.base/java.lang.Class.forName0(Native Method)
	at java.base/java.lang.Class.forName(Class.java:398)
	at jdk.scripting.nashorn/jdk.nashorn.internal.runtime.Context.findClass(Context.java:1180)
	at jdk.scripting.nashorn/jdk.nashorn.internal.objects.NativeJava.simpleType(NativeJava.java:546)
	at jdk.scripting.nashorn/jdk.nashorn.internal.objects.NativeJava.type(NativeJava.java:326)
	at jdk.scripting.nashorn/jdk.nashorn.internal.objects.NativeJava.type(NativeJava.java:318)
	at jdk.scripting.nashorn/jdk.nashorn.internal.objects.NativeJava.type(NativeJava.java:314)
	at jdk.scripting.nashorn.scripts/jdk.nashorn.internal.scripts.Script$Recompilation$539$require.L:1(/home/travis/build/icyphy/ptII/ptolemy/actor/lib/jjs/external/require.js#409:30<eval>:48)
	at jdk.scripting.nashorn.scripts/jdk.nashorn.internal.scripts.Script$Recompilation$449$require.L:45#_require(/home/travis/build/icyphy/ptII/ptolemy/actor/lib/jjs/external/require.js:429)
	at jdk.scripting.nashorn.scripts/jdk.nashorn.internal.scripts.Script$Recompilation$453$21065A$require.L:45#_requireClosure#L:466(/home/travis/build/icyphy/ptII/ptolemy/actor/lib/jjs/external/require.js:467)
	at jdk.scripting.nashorn.scripts/jdk.nashorn.internal.scripts.Script$Recompilation$527$1AAAAAAAAAAAAAA$\^function\_.L:1(<function>:97)
	at jdk.scripting.nashorn.scripts/jdk.nashorn.internal.scripts.Script$Recompilation$526$17933AAAAAA$require$cu1$restOf.L:1#Accessor(/home/travis/build/icyphy/ptII/ptolemy/actor/lib/jjs/external/require.js#409:30<eval>:545)
	at jdk.scripting.nashorn.scripts/jdk.nashorn.internal.scripts.Script$Recompilation$512$2801AAA$\^eval\_.evaluateCode(<eval>:96)
	at jdk.scripting.nashorn/jdk.nashorn.internal.runtime.ScriptFunctionData.invoke(ScriptFunctionData.java:661)
	at jdk.scripting.nashorn/jdk.nashorn.internal.runtime.ScriptFunction.invoke(ScriptFunction.java:513)
	at jdk.scripting.nashorn/jdk.nashorn.internal.runtime.ScriptRuntime.apply(ScriptRuntime.java:527)
	at jdk.scripting.nashorn/jdk.nashorn.api.scripting.ScriptObjectMirror.callMember(ScriptObjectMirror.java:202)
	at jdk.scripting.nashorn/jdk.nashorn.api.scripting.NashornScriptEngine.invokeImpl(NashornScriptEngine.java:393)
	at jdk.scripting.nashorn/jdk.nashorn.api.scripting.NashornScriptEngine.invokeFunction(NashornScriptEngine.java:197)
	at ptolemy.actor.lib.jjs.JavaScript._createEngineAndEvaluateSetup(JavaScript.java:2493)
	at ptolemy.actor.lib.jjs.JavaScript.attributeChanged(JavaScript.java:548)
	at org.terraswarm.accessor.JSAccessor.attributeChanged(JSAccessor.java:312)
	at ptolemy.data.expr.Variable._setTokenAndNotify(Variable.java:2271)
	at ptolemy.data.expr.Variable._evaluate(Variable.java:1873)
	at ptolemy.data.expr.Variable._propagate(Variable.java:1984)
	at ptolemy.data.expr.Variable.validate(Variable.java:1596)
	at ptolemy.moml.MoMLParser.endDocument(MoMLParser.java:867)
	at com.microstar.xml.XmlParser.doParse(XmlParser.java:162)
	at com.microstar.xml.XmlParser.parse(XmlParser.java:132)
	at ptolemy.moml.MoMLParser.parse(MoMLParser.java:1676)
	at ptolemy.moml.MoMLParser.parse(MoMLParser.java:1617)
	at ptolemy.moml.MoMLParser.parse(MoMLParser.java:1792)
	at org.terraswarm.accessor.AccessorLibrary.populate(AccessorLibrary.java:194)
	at ptolemy.moml.EntityLibrary.deepEntityList(EntityLibrary.java:349)
	at ptolemy.kernel.CompositeEntity.deepEntityList(CompositeEntity.java:714)
	at ptolemy.moml.EntityLibrary.deepEntityList(EntityLibrary.java:350)
	at ptolemy.kernel.CompositeEntity.deepEntityList(CompositeEntity.java:714)
	at ptolemy.moml.EntityLibrary.deepEntityList(EntityLibrary.java:350)
	at ptolemy.kernel.CompositeEntity.deepEntityList(CompositeEntity.java:714)
	at ptolemy.kernel.CompositeEntity.deepEntityList(CompositeEntity.java:714)
	at ptolemy.kernel.CompositeEntity.allAtomicEntityList(CompositeEntity.java:188)
	at java.base/jdk.internal.reflect.NativeMethodAccessorImpl.invoke0(Native Method)
	at java.base/jdk.internal.reflect.NativeMethodAccessorImpl.invoke(NativeMethodAccessorImpl.java:62)
	at java.base/jdk.internal.reflect.DelegatingMethodAccessorImpl.invoke(DelegatingMethodAccessorImpl.java:43)
	at java.base/java.lang.reflect.Method.invoke(Method.java:566)
	at tcl.lang.reflect.PkgInvoker.invokeMethod(PkgInvoker.java:129)
	at tcl.lang.JavaInvoke.call(JavaInvoke.java:253)
	at tcl.lang.JavaInvoke.callMethod(JavaInvoke.java:116)
	at tcl.lang.ReflectObject.cmdProc(ReflectObject.java:727)
	at tcl.lang.Parser.evalObjv(Parser.java:740)
	at tcl.lang.Parser.eval2(Parser.java:1138)
	at tcl.lang.Parser.evalTokens(Parser.java:930)
	at tcl.lang.Parser.eval2(Parser.java:1125)
	at tcl.lang.Interp.eval(Interp.java:1782)
	at tcl.lang.Interp.eval(Interp.java:1841)
	at tcl.lang.UplevelCmd.cmdProc(UplevelCmd.java:93)
	at tcl.lang.Parser.evalObjv(Parser.java:740)
	at tcl.lang.Parser.eval2(Parser.java:1138)
	at tcl.lang.Interp.eval(Interp.java:1782)
	at tcl.lang.Interp.eval(Interp.java:1841)
	at tcl.lang.CatchCmd.cmdProc(CatchCmd.java:42)
	at tcl.lang.Parser.evalObjv(Parser.java:740)
	at tcl.lang.Parser.eval2(Parser.java:1138)
	at tcl.lang.Parser.evalTokens(Parser.java:930)
	at tcl.lang.Parser.eval2(Parser.java:1125)
	at tcl.lang.Procedure.cmdProc(Procedure.java:175)
	at tcl.lang.Parser.evalObjv(Parser.java:740)
	at tcl.lang.Parser.eval2(Parser.java:1138)
	at tcl.lang.Interp.eval(Interp.java:1782)
	at tcl.lang.Interp.eval(Interp.java:1841)
	at tcl.lang.ForeachCmd.cmdProc(ForeachCmd.java:116)
	at tcl.lang.AutoloadStub.cmdProc(Extension.java:144)
	at tcl.lang.Parser.evalObjv(Parser.java:740)
	at tcl.lang.Parser.eval2(Parser.java:1138)
	at tcl.lang.Interp.eval(Interp.java:1782)
	at tcl.lang.Interp.evalFile(Interp.java:1880)
	at java.base/jdk.internal.reflect.NativeMethodAccessorImpl.invoke0(Native Method)
	at java.base/jdk.internal.reflect.NativeMethodAccessorImpl.invoke(NativeMethodAccessorImpl.java:62)
	at java.base/jdk.internal.reflect.DelegatingMethodAccessorImpl.invoke(DelegatingMethodAccessorImpl.java:43)
	at java.base/java.lang.reflect.Method.invoke(Method.java:566)
	at ptolemy.util.test.junit.TclTests.RunTclFile(TclTests.java:233)
	at java.base/jdk.internal.reflect.NativeMethodAccessorImpl.invoke0(Native Method)
	at java.base/jdk.internal.reflect.NativeMethodAccessorImpl.invoke(NativeMethodAccessorImpl.java:62)
	at java.base/jdk.internal.reflect.DelegatingMethodAccessorImpl.invoke(DelegatingMethodAccessorImpl.java:43)
	at java.base/java.lang.reflect.Method.invoke(Method.java:566)
	at org.junit.runners.model.FrameworkMethod$1.runReflectiveCall(FrameworkMethod.java:44)
	at org.junit.internal.runners.model.ReflectiveCallable.run(ReflectiveCallable.java:15)
	at org.junit.runners.model.FrameworkMethod.invokeExplosively(FrameworkMethod.java:41)
	at junitparams.internal.InvokeParameterisedMethod.evaluate(InvokeParameterisedMethod.java:102)
	at junitparams.internal.ParameterisedTestMethodRunner.runMethodInvoker(ParameterisedTestMethodRunner.java:47)
	at junitparams.internal.ParameterisedTestMethodRunner.runTestMethod(ParameterisedTestMethodRunner.java:41)
	at junitparams.internal.ParameterisedTestClassRunner.runParameterisedTest(ParameterisedTestClassRunner.java:143)
	at junitparams.JUnitParamsRunner.runChild(JUnitParamsRunner.java:237)
	at junitparams.JUnitParamsRunner.runChild(JUnitParamsRunner.java:215)
	at org.junit.runners.ParentRunner$3.run(ParentRunner.java:193)
	at org.junit.runners.ParentRunner$1.schedule(ParentRunner.java:52)
	at org.junit.runners.ParentRunner.runChildren(ParentRunner.java:191)
	at org.junit.runners.ParentRunner.access$000(ParentRunner.java:42)
	at org.junit.runners.ParentRunner$2.evaluate(ParentRunner.java:184)
	at org.junit.internal.runners.statements.RunAfters.evaluate(RunAfters.java:31)
	at org.junit.runners.ParentRunner.run(ParentRunner.java:236)
	at org.junit.runners.Suite.runChild(Suite.java:128)
	at org.junit.runners.Suite.runChild(Suite.java:24)
	at org.junit.runners.ParentRunner$3.run(ParentRunner.java:193)
	at org.junit.runners.ParentRunner$1.schedule(ParentRunner.java:52)
	at org.junit.runners.ParentRunner.runChildren(ParentRunner.java:191)
	at org.junit.runners.ParentRunner.access$000(ParentRunner.java:42)
	at org.junit.runners.ParentRunner$2.evaluate(ParentRunner.java:184)
	at org.junit.runners.ParentRunner.run(ParentRunner.java:236)
	at junit.framework.JUnit4TestAdapter.run(JUnit4TestAdapter.java:39)
	at org.apache.tools.ant.taskdefs.optional.junit.JUnitTestRunner.run(JUnitTestRunner.java:535)
	at org.apache.tools.ant.taskdefs.optional.junit.JUnitTestRunner.launch(JUnitTestRunner.java:1182)
	at org.apache.tools.ant.taskdefs.optional.junit.JUnitTestRunner.main(JUnitTestRunner.java:1033)
 in /home/travis/build/icyphy/ptII/ptolemy/actor/lib/jjs/external/require.js at line number 454 at column number 12
	at ptolemy.actor.lib.jjs.JavaScript._createEngineAndEvaluateSetup(JavaScript.java:2497)
	at ptolemy.actor.lib.jjs.JavaScript.attributeChanged(JavaScript.java:548)
	at org.terraswarm.accessor.JSAccessor.attributeChanged(JSAccessor.java:312)
	at ptolemy.data.expr.Variable._setTokenAndNotify(Variable.java:2271)
	at ptolemy.data.expr.Variable._evaluate(Variable.java:1873)
	... 89 more
Caused by: javax.script.ScriptException: Error: Error executing module audio line #undefined : ptolemy.actor.lib.jjs.modules.audio.AudioHelper
In file: /home/travis/build/icyphy/ptII/ptolemy/actor/lib/jjs/modules/audio/audio.js

java.lang.ClassNotFoundException: ptolemy.actor.lib.jjs.modules.audio.AudioHelper
	at java.base/jdk.internal.loader.BuiltinClassLoader.loadClass(BuiltinClassLoader.java:583)
	at java.base/jdk.internal.loader.ClassLoaders$AppClassLoader.loadClass(ClassLoaders.java:178)
	at java.base/java.lang.ClassLoader.loadClass(ClassLoader.java:521)
	at java.base/java.lang.Class.forName0(Native Method)
	at java.base/java.lang.Class.forName(Class.java:398)
	at jdk.scripting.nashorn/jdk.nashorn.internal.runtime.Context.findClass(Context.java:1180)
	at jdk.scripting.nashorn/jdk.nashorn.internal.objects.NativeJava.simpleType(NativeJava.java:546)
	at jdk.scripting.nashorn/jdk.nashorn.internal.objects.NativeJava.type(NativeJava.java:326)
	at jdk.scripting.nashorn/jdk.nashorn.internal.objects.NativeJava.type(NativeJava.java:318)
	at jdk.scripting.nashorn/jdk.nashorn.internal.objects.NativeJava.type(NativeJava.java:314)
	at jdk.scripting.nashorn.scripts/jdk.nashorn.internal.scripts.Script$Recompilation$539$require.L:1(/home/travis/build/icyphy/ptII/ptolemy/actor/lib/jjs/external/require.js#409:30<eval>:48)
	at jdk.scripting.nashorn.scripts/jdk.nashorn.internal.scripts.Script$Recompilation$449$require.L:45#_require(/home/travis/build/icyphy/ptII/ptolemy/actor/lib/jjs/external/require.js:429)
	at jdk.scripting.nashorn.scripts/jdk.nashorn.internal.scripts.Script$Recompilation$453$21065A$require.L:45#_requireClosure#L:466(/home/travis/build/icyphy/ptII/ptolemy/actor/lib/jjs/external/require.js:467)
	at jdk.scripting.nashorn.scripts/jdk.nashorn.internal.scripts.Script$Recompilation$527$1AAAAAAAAAAAAAA$\^function\_.L:1(<function>:97)
	at jdk.scripting.nashorn.scripts/jdk.nashorn.internal.scripts.Script$Recompilation$526$17933AAAAAA$require$cu1$restOf.L:1#Accessor(/home/travis/build/icyphy/ptII/ptolemy/actor/lib/jjs/external/require.js#409:30<eval>:545)
	at jdk.scripting.nashorn.scripts/jdk.nashorn.internal.scripts.Script$Recompilation$512$2801AAA$\^eval\_.evaluateCode(<eval>:96)
	at jdk.scripting.nashorn/jdk.nashorn.internal.runtime.ScriptFunctionData.invoke(ScriptFunctionData.java:661)
	at jdk.scripting.nashorn/jdk.nashorn.internal.runtime.ScriptFunction.invoke(ScriptFunction.java:513)
	at jdk.scripting.nashorn/jdk.nashorn.internal.runtime.ScriptRuntime.apply(ScriptRuntime.java:527)
	at jdk.scripting.nashorn/jdk.nashorn.api.scripting.ScriptObjectMirror.callMember(ScriptObjectMirror.java:202)
	at jdk.scripting.nashorn/jdk.nashorn.api.scripting.NashornScriptEngine.invokeImpl(NashornScriptEngine.java:393)
	at jdk.scripting.nashorn/jdk.nashorn.api.scripting.NashornScriptEngine.invokeFunction(NashornScriptEngine.java:197)
	at ptolemy.actor.lib.jjs.JavaScript._createEngineAndEvaluateSetup(JavaScript.java:2493)
	at ptolemy.actor.lib.jjs.JavaScript.attributeChanged(JavaScript.java:548)
	at org.terraswarm.accessor.JSAccessor.attributeChanged(JSAccessor.java:312)
	at ptolemy.data.expr.Variable._setTokenAndNotify(Variable.java:2271)
	at ptolemy.data.expr.Variable._evaluate(Variable.java:1873)
	at ptolemy.data.expr.Variable._propagate(Variable.java:1984)
	at ptolemy.data.expr.Variable.validate(Variable.java:1596)
	at ptolemy.moml.MoMLParser.endDocument(MoMLParser.java:867)
	at com.microstar.xml.XmlParser.doParse(XmlParser.java:162)
	at com.microstar.xml.XmlParser.parse(XmlParser.java:132)
	at ptolemy.moml.MoMLParser.parse(MoMLParser.java:1676)
	at ptolemy.moml.MoMLParser.parse(MoMLParser.java:1617)
	at ptolemy.moml.MoMLParser.parse(MoMLParser.java:1792)
	at org.terraswarm.accessor.AccessorLibrary.populate(AccessorLibrary.java:194)
	at ptolemy.moml.EntityLibrary.deepEntityList(EntityLibrary.java:349)
	at ptolemy.kernel.CompositeEntity.deepEntityList(CompositeEntity.java:714)
	at ptolemy.moml.EntityLibrary.deepEntityList(EntityLibrary.java:350)
	at ptolemy.kernel.CompositeEntity.deepEntityList(CompositeEntity.java:714)
	at ptolemy.moml.EntityLibrary.deepEntityList(EntityLibrary.java:350)
	at ptolemy.kernel.CompositeEntity.deepEntityList(CompositeEntity.java:714)
	at ptolemy.kernel.CompositeEntity.deepEntityList(CompositeEntity.java:714)
	at ptolemy.kernel.CompositeEntity.allAtomicEntityList(CompositeEntity.java:188)
	at java.base/jdk.internal.reflect.NativeMethodAccessorImpl.invoke0(Native Method)
	at java.base/jdk.internal.reflect.NativeMethodAccessorImpl.invoke(NativeMethodAccessorImpl.java:62)
	at java.base/jdk.internal.reflect.DelegatingMethodAccessorImpl.invoke(DelegatingMethodAccessorImpl.java:43)
	at java.base/java.lang.reflect.Method.invoke(Method.java:566)
	at tcl.lang.reflect.PkgInvoker.invokeMethod(PkgInvoker.java:129)
	at tcl.lang.JavaInvoke.call(JavaInvoke.java:253)
	at tcl.lang.JavaInvoke.callMethod(JavaInvoke.java:116)
	at tcl.lang.ReflectObject.cmdProc(ReflectObject.java:727)
	at tcl.lang.Parser.evalObjv(Parser.java:740)
	at tcl.lang.Parser.eval2(Parser.java:1138)
	at tcl.lang.Parser.evalTokens(Parser.java:930)
	at tcl.lang.Parser.eval2(Parser.java:1125)
	at tcl.lang.Interp.eval(Interp.java:1782)
	at tcl.lang.Interp.eval(Interp.java:1841)
	at tcl.lang.UplevelCmd.cmdProc(UplevelCmd.java:93)
	at tcl.lang.Parser.evalObjv(Parser.java:740)
	at tcl.lang.Parser.eval2(Parser.java:1138)
	at tcl.lang.Interp.eval(Interp.java:1782)
	at tcl.lang.Interp.eval(Interp.java:1841)
	at tcl.lang.CatchCmd.cmdProc(CatchCmd.java:42)
	at tcl.lang.Parser.evalObjv(Parser.java:740)
	at tcl.lang.Parser.eval2(Parser.java:1138)
	at tcl.lang.Parser.evalTokens(Parser.java:930)
	at tcl.lang.Parser.eval2(Parser.java:1125)
	at tcl.lang.Procedure.cmdProc(Procedure.java:175)
	at tcl.lang.Parser.evalObjv(Parser.java:740)
	at tcl.lang.Parser.eval2(Parser.java:1138)
	at tcl.lang.Interp.eval(Interp.java:1782)
	at tcl.lang.Interp.eval(Interp.java:1841)
	at tcl.lang.ForeachCmd.cmdProc(ForeachCmd.java:116)
	at tcl.lang.AutoloadStub.cmdProc(Extension.java:144)
	at tcl.lang.Parser.evalObjv(Parser.java:740)
	at tcl.lang.Parser.eval2(Parser.java:1138)
	at tcl.lang.Interp.eval(Interp.java:1782)
	at tcl.lang.Interp.evalFile(Interp.java:1880)
	at java.base/jdk.internal.reflect.NativeMethodAccessorImpl.invoke0(Native Method)
	at java.base/jdk.internal.reflect.NativeMethodAccessorImpl.invoke(NativeMethodAccessorImpl.java:62)
	at java.base/jdk.internal.reflect.DelegatingMethodAccessorImpl.invoke(DelegatingMethodAccessorImpl.java:43)
	at java.base/java.lang.reflect.Method.invoke(Method.java:566)
	at ptolemy.util.test.junit.TclTests.RunTclFile(TclTests.java:233)
	at java.base/jdk.internal.reflect.NativeMethodAccessorImpl.invoke0(Native Method)
	at java.base/jdk.internal.reflect.NativeMethodAccessorImpl.invoke(NativeMethodAccessorImpl.java:62)
	at java.base/jdk.internal.reflect.DelegatingMethodAccessorImpl.invoke(DelegatingMethodAccessorImpl.java:43)
	at java.base/java.lang.reflect.Method.invoke(Method.java:566)
	at org.junit.runners.model.FrameworkMethod$1.runReflectiveCall(FrameworkMethod.java:44)
	at org.junit.internal.runners.model.ReflectiveCallable.run(ReflectiveCallable.java:15)
	at org.junit.runners.model.FrameworkMethod.invokeExplosively(FrameworkMethod.java:41)
	at junitparams.internal.InvokeParameterisedMethod.evaluate(InvokeParameterisedMethod.java:102)
	at junitparams.internal.ParameterisedTestMethodRunner.runMethodInvoker(ParameterisedTestMethodRunner.java:47)
	at junitparams.internal.ParameterisedTestMethodRunner.runTestMethod(ParameterisedTestMethodRunner.java:41)
	at junitparams.internal.ParameterisedTestClassRunner.runParameterisedTest(ParameterisedTestClassRunner.java:143)
	at junitparams.JUnitParamsRunner.runChild(JUnitParamsRunner.java:237)
	at junitparams.JUnitParamsRunner.runChild(JUnitParamsRunner.java:215)
	at org.junit.runners.ParentRunner$3.run(ParentRunner.java:193)
	at org.junit.runners.ParentRunner$1.schedule(ParentRunner.java:52)
	at org.junit.runners.ParentRunner.runChildren(ParentRunner.java:191)
	at org.junit.runners.ParentRunner.access$000(ParentRunner.java:42)
	at org.junit.runners.ParentRunner$2.evaluate(ParentRunner.java:184)
	at org.junit.internal.runners.statements.RunAfters.evaluate(RunAfters.java:31)
	at org.junit.runners.ParentRunner.run(ParentRunner.java:236)
	at org.junit.runners.Suite.runChild(Suite.java:128)
	at org.junit.runners.Suite.runChild(Suite.java:24)
	at org.junit.runners.ParentRunner$3.run(ParentRunner.java:193)
	at org.junit.runners.ParentRunner$1.schedule(ParentRunner.java:52)
	at org.junit.runners.ParentRunner.runChildren(ParentRunner.java:191)
	at org.junit.runners.ParentRunner.access$000(ParentRunner.java:42)
	at org.junit.runners.ParentRunner$2.evaluate(ParentRunner.java:184)
	at org.junit.runners.ParentRunner.run(ParentRunner.java:236)
	at junit.framework.JUnit4TestAdapter.run(JUnit4TestAdapter.java:39)
	at org.apache.tools.ant.taskdefs.optional.junit.JUnitTestRunner.run(JUnitTestRunner.java:535)
	at org.apache.tools.ant.taskdefs.optional.junit.JUnitTestRunner.launch(JUnitTestRunner.java:1182)
	at org.apache.tools.ant.taskdefs.optional.junit.JUnitTestRunner.main(JUnitTestRunner.java:1033)
 in /home/travis/build/icyphy/ptII/ptolemy/actor/lib/jjs/external/require.js at line number 454 at column number 12
	at jdk.scripting.nashorn/jdk.nashorn.api.scripting.NashornScriptEngine.throwAsScriptException(NashornScriptEngine.java:477)
	at jdk.scripting.nashorn/jdk.nashorn.api.scripting.NashornScriptEngine.invokeImpl(NashornScriptEngine.java:399)
	at jdk.scripting.nashorn/jdk.nashorn.api.scripting.NashornScriptEngine.invokeFunction(NashornScriptEngine.java:197)
	at ptolemy.actor.lib.jjs.JavaScript._createEngineAndEvaluateSetup(JavaScript.java:2493)
	... 93 more
Caused by: /home/travis/build/icyphy/ptII/ptolemy/actor/lib/jjs/external/require.js:454:12 Error: Error executing module audio line #undefined : ptolemy.actor.lib.jjs.modules.audio.AudioHelper
In file: /home/travis/build/icyphy/ptII/ptolemy/actor/lib/jjs/modules/audio/audio.js

java.lang.ClassNotFoundException: ptolemy.actor.lib.jjs.modules.audio.AudioHelper
	at java.base/jdk.internal.loader.BuiltinClassLoader.loadClass(BuiltinClassLoader.java:583)
	at java.base/jdk.internal.loader.ClassLoaders$AppClassLoader.loadClass(ClassLoaders.java:178)
	at java.base/java.lang.ClassLoader.loadClass(ClassLoader.java:521)
	at java.base/java.lang.Class.forName0(Native Method)
	at java.base/java.lang.Class.forName(Class.java:398)
	at jdk.scripting.nashorn/jdk.nashorn.internal.runtime.Context.findClass(Context.java:1180)
	at jdk.scripting.nashorn/jdk.nashorn.internal.objects.NativeJava.simpleType(NativeJava.java:546)
	at jdk.scripting.nashorn/jdk.nashorn.internal.objects.NativeJava.type(NativeJava.java:326)
	at jdk.scripting.nashorn/jdk.nashorn.internal.objects.NativeJava.type(NativeJava.java:318)
	at jdk.scripting.nashorn/jdk.nashorn.internal.objects.NativeJava.type(NativeJava.java:314)
	at jdk.scripting.nashorn.scripts/jdk.nashorn.internal.scripts.Script$Recompilation$539$require.L:1(/home/travis/build/icyphy/ptII/ptolemy/actor/lib/jjs/external/require.js#409:30<eval>:48)
	at jdk.scripting.nashorn.scripts/jdk.nashorn.internal.scripts.Script$Recompilation$449$require.L:45#_require(/home/travis/build/icyphy/ptII/ptolemy/actor/lib/jjs/external/require.js:429)
	at jdk.scripting.nashorn.scripts/jdk.nashorn.internal.scripts.Script$Recompilation$453$21065A$require.L:45#_requireClosure#L:466(/home/travis/build/icyphy/ptII/ptolemy/actor/lib/jjs/external/require.js:467)
	at jdk.scripting.nashorn.scripts/jdk.nashorn.internal.scripts.Script$Recompilation$527$1AAAAAAAAAAAAAA$\^function\_.L:1(<function>:97)
	at jdk.scripting.nashorn.scripts/jdk.nashorn.internal.scripts.Script$Recompilation$526$17933AAAAAA$require$cu1$restOf.L:1#Accessor(/home/travis/build/icyphy/ptII/ptolemy/actor/lib/jjs/external/require.js#409:30<eval>:545)
	at jdk.scripting.nashorn.scripts/jdk.nashorn.internal.scripts.Script$Recompilation$512$2801AAA$\^eval\_.evaluateCode(<eval>:96)
	at jdk.scripting.nashorn/jdk.nashorn.internal.runtime.ScriptFunctionData.invoke(ScriptFunctionData.java:661)
	at jdk.scripting.nashorn/jdk.nashorn.internal.runtime.ScriptFunction.invoke(ScriptFunction.java:513)
	at jdk.scripting.nashorn/jdk.nashorn.internal.runtime.ScriptRuntime.apply(ScriptRuntime.java:527)
	at jdk.scripting.nashorn/jdk.nashorn.api.scripting.ScriptObjectMirror.callMember(ScriptObjectMirror.java:202)
	at jdk.scripting.nashorn/jdk.nashorn.api.scripting.NashornScriptEngine.invokeImpl(NashornScriptEngine.java:393)
	at jdk.scripting.nashorn/jdk.nashorn.api.scripting.NashornScriptEngine.invokeFunction(NashornScriptEngine.java:197)
	at ptolemy.actor.lib.jjs.JavaScript._createEngineAndEvaluateSetup(JavaScript.java:2493)
	at ptolemy.actor.lib.jjs.JavaScript.attributeChanged(JavaScript.java:548)
	at org.terraswarm.accessor.JSAccessor.attributeChanged(JSAccessor.java:312)
	at ptolemy.data.expr.Variable._setTokenAndNotify(Variable.java:2271)
	at ptolemy.data.expr.Variable._evaluate(Variable.java:1873)
	at ptolemy.data.expr.Variable._propagate(Variable.java:1984)
	at ptolemy.data.expr.Variable.validate(Variable.java:1596)
	at ptolemy.moml.MoMLParser.endDocument(MoMLParser.java:867)
	at com.microstar.xml.XmlParser.doParse(XmlParser.java:162)
	at com.microstar.xml.XmlParser.parse(XmlParser.java:132)
	at ptolemy.moml.MoMLParser.parse(MoMLParser.java:1676)
	at ptolemy.moml.MoMLParser.parse(MoMLParser.java:1617)
	at ptolemy.moml.MoMLParser.parse(MoMLParser.java:1792)
	at org.terraswarm.accessor.AccessorLibrary.populate(AccessorLibrary.java:194)
	at ptolemy.moml.EntityLibrary.deepEntityList(EntityLibrary.java:349)
	at ptolemy.kernel.CompositeEntity.deepEntityList(CompositeEntity.java:714)
	at ptolemy.moml.EntityLibrary.deepEntityList(EntityLibrary.java:350)
	at ptolemy.kernel.CompositeEntity.deepEntityList(CompositeEntity.java:714)
	at ptolemy.moml.EntityLibrary.deepEntityList(EntityLibrary.java:350)
	at ptolemy.kernel.CompositeEntity.deepEntityList(CompositeEntity.java:714)
	at ptolemy.kernel.CompositeEntity.deepEntityList(CompositeEntity.java:714)
	at ptolemy.kernel.CompositeEntity.allAtomicEntityList(CompositeEntity.java:188)
	at java.base/jdk.internal.reflect.NativeMethodAccessorImpl.invoke0(Native Method)
	at java.base/jdk.internal.reflect.NativeMethodAccessorImpl.invoke(NativeMethodAccessorImpl.java:62)
	at java.base/jdk.internal.reflect.DelegatingMethodAccessorImpl.invoke(DelegatingMethodAccessorImpl.java:43)
	at java.base/java.lang.reflect.Method.invoke(Method.java:566)
	at tcl.lang.reflect.PkgInvoker.invokeMethod(PkgInvoker.java:129)
	at tcl.lang.JavaInvoke.call(JavaInvoke.java:253)
	at tcl.lang.JavaInvoke.callMethod(JavaInvoke.java:116)
	at tcl.lang.ReflectObject.cmdProc(ReflectObject.java:727)
	at tcl.lang.Parser.evalObjv(Parser.java:740)
	at tcl.lang.Parser.eval2(Parser.java:1138)
	at tcl.lang.Parser.evalTokens(Parser.java:930)
	at tcl.lang.Parser.eval2(Parser.java:1125)
	at tcl.lang.Interp.eval(Interp.java:1782)
	at tcl.lang.Interp.eval(Interp.java:1841)
	at tcl.lang.UplevelCmd.cmdProc(UplevelCmd.java:93)
	at tcl.lang.Parser.evalObjv(Parser.java:740)
	at tcl.lang.Parser.eval2(Parser.java:1138)
	at tcl.lang.Interp.eval(Interp.java:1782)
	at tcl.lang.Interp.eval(Interp.java:1841)
	at tcl.lang.CatchCmd.cmdProc(CatchCmd.java:42)
	at tcl.lang.Parser.evalObjv(Parser.java:740)
	at tcl.lang.Parser.eval2(Parser.java:1138)
	at tcl.lang.Parser.evalTokens(Parser.java:930)
	at tcl.lang.Parser.eval2(Parser.java:1125)
	at tcl.lang.Procedure.cmdProc(Procedure.java:175)
	at tcl.lang.Parser.evalObjv(Parser.java:740)
	at tcl.lang.Parser.eval2(Parser.java:1138)
	at tcl.lang.Interp.eval(Interp.java:1782)
	at tcl.lang.Interp.eval(Interp.java:1841)
	at tcl.lang.ForeachCmd.cmdProc(ForeachCmd.java:116)
	at tcl.lang.AutoloadStub.cmdProc(Extension.java:144)
	at tcl.lang.Parser.evalObjv(Parser.java:740)
	at tcl.lang.Parser.eval2(Parser.java:1138)
	at tcl.lang.Interp.eval(Interp.java:1782)
	at tcl.lang.Interp.evalFile(Interp.java:1880)
	at java.base/jdk.internal.reflect.NativeMethodAccessorImpl.invoke0(Native Method)
	at java.base/jdk.internal.reflect.NativeMethodAccessorImpl.invoke(NativeMethodAccessorImpl.java:62)
	at java.base/jdk.internal.reflect.DelegatingMethodAccessorImpl.invoke(DelegatingMethodAccessorImpl.java:43)
	at java.base/java.lang.reflect.Method.invoke(Method.java:566)
	at ptolemy.util.test.junit.TclTests.RunTclFile(TclTests.java:233)
	at java.base/jdk.internal.reflect.NativeMethodAccessorImpl.invoke0(Native Method)
	at java.base/jdk.internal.reflect.NativeMethodAccessorImpl.invoke(NativeMethodAccessorImpl.java:62)
	at java.base/jdk.internal.reflect.DelegatingMethodAccessorImpl.invoke(DelegatingMethodAccessorImpl.java:43)
	at java.base/java.lang.reflect.Method.invoke(Method.java:566)
	at org.junit.runners.model.FrameworkMethod$1.runReflectiveCall(FrameworkMethod.java:44)
	at org.junit.internal.runners.model.ReflectiveCallable.run(ReflectiveCallable.java:15)
	at org.junit.runners.model.FrameworkMethod.invokeExplosively(FrameworkMethod.java:41)
	at junitparams.internal.InvokeParameterisedMethod.evaluate(InvokeParameterisedMethod.java:102)
	at junitparams.internal.ParameterisedTestMethodRunner.runMethodInvoker(ParameterisedTestMethodRunner.java:47)
	at junitparams.internal.ParameterisedTestMethodRunner.runTestMethod(ParameterisedTestMethodRunner.java:41)
	at junitparams.internal.ParameterisedTestClassRunner.runParameterisedTest(ParameterisedTestClassRunner.java:143)
	at junitparams.JUnitParamsRunner.runChild(JUnitParamsRunner.java:237)
	at junitparams.JUnitParamsRunner.runChild(JUnitParamsRunner.java:215)
	at org.junit.runners.ParentRunner$3.run(ParentRunner.java:193)
	at org.junit.runners.ParentRunner$1.schedule(ParentRunner.java:52)
	at org.junit.runners.ParentRunner.runChildren(ParentRunner.java:191)
	at org.junit.runners.ParentRunner.access$000(ParentRunner.java:42)
	at org.junit.runners.ParentRunner$2.evaluate(ParentRunner.java:184)
	at org.junit.internal.runners.statements.RunAfters.evaluate(RunAfters.java:31)
	at org.junit.runners.ParentRunner.run(ParentRunner.java:236)
	at org.junit.runners.Suite.runChild(Suite.java:128)
	at org.junit.runners.Suite.runChild(Suite.java:24)
	at org.junit.runners.ParentRunner$3.run(ParentRunner.java:193)
	at org.junit.runners.ParentRunner$1.schedule(ParentRunner.java:52)
	at org.junit.runners.ParentRunner.runChildren(ParentRunner.java:191)
	at org.junit.runners.ParentRunner.access$000(ParentRunner.java:42)
	at org.junit.runners.ParentRunner$2.evaluate(ParentRunner.java:184)
	at org.junit.runners.ParentRunner.run(ParentRunner.java:236)
	at junit.framework.JUnit4TestAdapter.run(JUnit4TestAdapter.java:39)
	at org.apache.tools.ant.taskdefs.optional.junit.JUnitTestRunner.run(JUnitTestRunner.java:535)
	at org.apache.tools.ant.taskdefs.optional.junit.JUnitTestRunner.launch(JUnitTestRunner.java:1182)
	at org.apache.tools.ant.taskdefs.optional.junit.JUnitTestRunner.main(JUnitTestRunner.java:1033)

	at jdk.scripting.nashorn/jdk.nashorn.internal.objects.NativeError.initException(NativeError.java:135)
	at jdk.scripting.nashorn/jdk.nashorn.internal.objects.NativeError.<init>(NativeError.java:101)
	at jdk.scripting.nashorn/jdk.nashorn.internal.objects.NativeError.<init>(NativeError.java:105)
	at jdk.scripting.nashorn/jdk.nashorn.internal.objects.NativeError.<init>(NativeError.java:109)
	at jdk.scripting.nashorn/jdk.nashorn.internal.objects.NativeError.constructor(NativeError.java:128)
	at jdk.scripting.nashorn.scripts/jdk.nashorn.internal.scripts.Script$Recompilation$545$require$cu1$restOf.L:45#_require(/home/travis/build/icyphy/ptII/ptolemy/actor/lib/jjs/external/require.js:454)
	at jdk.scripting.nashorn.scripts/jdk.nashorn.internal.scripts.Script$Recompilation$453$21065A$require.L:45#_requireClosure#L:466(/home/travis/build/icyphy/ptII/ptolemy/actor/lib/jjs/external/require.js:467)
	at jdk.scripting.nashorn.scripts/jdk.nashorn.internal.scripts.Script$Recompilation$527$1AAAAAAAAAAAAAA$\^function\_.L:1(<function>:97)
	at jdk.scripting.nashorn.scripts/jdk.nashorn.internal.scripts.Script$Recompilation$526$17933AAAAAA$require$cu1$restOf.L:1#Accessor(/home/travis/build/icyphy/ptII/ptolemy/actor/lib/jjs/external/require.js#409:30<eval>:545)
	at jdk.scripting.nashorn.scripts/jdk.nashorn.internal.scripts.Script$Recompilation$512$2801AAA$\^eval\_.evaluateCode(<eval>:96)
	at jdk.scripting.nashorn/jdk.nashorn.internal.runtime.ScriptFunctionData.invoke(ScriptFunctionData.java:661)
	at jdk.scripting.nashorn/jdk.nashorn.internal.runtime.ScriptFunction.invoke(ScriptFunction.java:513)
	at jdk.scripting.nashorn/jdk.nashorn.internal.runtime.ScriptRuntime.apply(ScriptRuntime.java:527)
	at jdk.scripting.nashorn/jdk.nashorn.api.scripting.ScriptObjectMirror.callMember(ScriptObjectMirror.java:202)
	at jdk.scripting.nashorn/jdk.nashorn.api.scripting.NashornScriptEngine.invokeImpl(NashornScriptEngine.java:393)
	... 95 more
Caused by: ptolemy.kernel.util.IllegalActionException: Failed to evaluate script.
  in .configuration.actor library.MoreLibraries.Accessors.audio.AudioCapture
Because:
Error: Error executing module audio line #undefined : ptolemy.actor.lib.jjs.modules.audio.AudioHelper
In file: /home/travis/build/icyphy/ptII/ptolemy/actor/lib/jjs/modules/audio/audio.js

java.lang.ClassNotFoundException: ptolemy.actor.lib.jjs.modules.audio.AudioHelper
	at java.base/jdk.internal.loader.BuiltinClassLoader.loadClass(BuiltinClassLoader.java:583)
	at java.base/jdk.internal.loader.ClassLoaders$AppClassLoader.loadClass(ClassLoaders.java:178)
	at java.base/java.lang.ClassLoader.loadClass(ClassLoader.java:521)
	at java.base/java.lang.Class.forName0(Native Method)
	at java.base/java.lang.Class.forName(Class.java:398)
	at jdk.scripting.nashorn/jdk.nashorn.internal.runtime.Context.findClass(Context.java:1180)
	at jdk.scripting.nashorn/jdk.nashorn.internal.objects.NativeJava.simpleType(NativeJava.java:546)
	at jdk.scripting.nashorn/jdk.nashorn.internal.objects.NativeJava.type(NativeJava.java:326)
	at jdk.scripting.nashorn/jdk.nashorn.internal.objects.NativeJava.type(NativeJava.java:318)
	at jdk.scripting.nashorn/jdk.nashorn.internal.objects.NativeJava.type(NativeJava.java:314)
	at jdk.scripting.nashorn.scripts/jdk.nashorn.internal.scripts.Script$Recompilation$539$require.L:1(/home/travis/build/icyphy/ptII/ptolemy/actor/lib/jjs/external/require.js#409:30<eval>:48)
	at jdk.scripting.nashorn.scripts/jdk.nashorn.internal.scripts.Script$Recompilation$449$require.L:45#_require(/home/travis/build/icyphy/ptII/ptolemy/actor/lib/jjs/external/require.js:429)
	at jdk.scripting.nashorn.scripts/jdk.nashorn.internal.scripts.Script$Recompilation$453$21065A$require.L:45#_requireClosure#L:466(/home/travis/build/icyphy/ptII/ptolemy/actor/lib/jjs/external/require.js:467)
	at jdk.scripting.nashorn.scripts/jdk.nashorn.internal.scripts.Script$Recompilation$527$1AAAAAAAAAAAAAA$\^function\_.L:1(<function>:97)
	at jdk.scripting.nashorn.scripts/jdk.nashorn.internal.scripts.Script$Recompilation$526$17933AAAAAA$require$cu1$restOf.L:1#Accessor(/home/travis/build/icyphy/ptII/ptolemy/actor/lib/jjs/external/require.js#409:30<eval>:545)
	at jdk.scripting.nashorn.scripts/jdk.nashorn.internal.scripts.Script$Recompilation$512$2801AAA$\^eval\_.evaluateCode(<eval>:96)
	at jdk.scripting.nashorn/jdk.nashorn.internal.runtime.ScriptFunctionData.invoke(ScriptFunctionData.java:661)
	at jdk.scripting.nashorn/jdk.nashorn.internal.runtime.ScriptFunction.invoke(ScriptFunction.java:513)
	at jdk.scripting.nashorn/jdk.nashorn.internal.runtime.ScriptRuntime.apply(ScriptRuntime.java:527)
	at jdk.scripting.nashorn/jdk.nashorn.api.scripting.ScriptObjectMirror.callMember(ScriptObjectMirror.java:202)
	at jdk.scripting.nashorn/jdk.nashorn.api.scripting.NashornScriptEngine.invokeImpl(NashornScriptEngine.java:393)
	at jdk.scripting.nashorn/jdk.nashorn.api.scripting.NashornScriptEngine.invokeFunction(NashornScriptEngine.java:197)
	at ptolemy.actor.lib.jjs.JavaScript._createEngineAndEvaluateSetup(JavaScript.java:2493)
	at ptolemy.actor.lib.jjs.JavaScript.attributeChanged(JavaScript.java:548)
	at org.terraswarm.accessor.JSAccessor.attributeChanged(JSAccessor.java:312)
	at ptolemy.data.expr.Variable._setTokenAndNotify(Variable.java:2271)
	at ptolemy.data.expr.Variable._evaluate(Variable.java:1873)
	at ptolemy.data.expr.Variable._propagate(Variable.java:1984)
	at ptolemy.data.expr.Variable.validate(Variable.java:1596)
	at ptolemy.moml.MoMLParser.endDocument(MoMLParser.java:867)
	at com.microstar.xml.XmlParser.doParse(XmlParser.java:162)
	at com.microstar.xml.XmlParser.parse(XmlParser.java:132)
	at ptolemy.moml.MoMLParser.parse(MoMLParser.java:1676)
	at ptolemy.moml.MoMLParser.parse(MoMLParser.java:1617)
	at ptolemy.moml.MoMLParser.parse(MoMLParser.java:1792)
	at org.terraswarm.accessor.AccessorLibrary.populate(AccessorLibrary.java:194)
	at ptolemy.moml.EntityLibrary.deepEntityList(EntityLibrary.java:349)
	at ptolemy.kernel.CompositeEntity.deepEntityList(CompositeEntity.java:714)
	at ptolemy.moml.EntityLibrary.deepEntityList(EntityLibrary.java:350)
	at ptolemy.kernel.CompositeEntity.deepEntityList(CompositeEntity.java:714)
	at ptolemy.moml.EntityLibrary.deepEntityList(EntityLibrary.java:350)
	at ptolemy.kernel.CompositeEntity.deepEntityList(CompositeEntity.java:714)
	at ptolemy.kernel.CompositeEntity.deepEntityList(CompositeEntity.java:714)
	at ptolemy.kernel.CompositeEntity.allAtomicEntityList(CompositeEntity.java:188)
	at java.base/jdk.internal.reflect.NativeMethodAccessorImpl.invoke0(Native Method)
	at java.base/jdk.internal.reflect.NativeMethodAccessorImpl.invoke(NativeMethodAccessorImpl.java:62)
	at java.base/jdk.internal.reflect.DelegatingMethodAccessorImpl.invoke(DelegatingMethodAccessorImpl.java:43)
	at java.base/java.lang.reflect.Method.invoke(Method.java:566)
	at tcl.lang.reflect.PkgInvoker.invokeMethod(PkgInvoker.java:129)
	at tcl.lang.JavaInvoke.call(JavaInvoke.java:253)
	at tcl.lang.JavaInvoke.callMethod(JavaInvoke.java:116)
	at tcl.lang.ReflectObject.cmdProc(ReflectObject.java:727)
	at tcl.lang.Parser.evalObjv(Parser.java:740)
	at tcl.lang.Parser.eval2(Parser.java:1138)
	at tcl.lang.Parser.evalTokens(Parser.java:930)
	at tcl.lang.Parser.eval2(Parser.java:1125)
	at tcl.lang.Interp.eval(Interp.java:1782)
	at tcl.lang.Interp.eval(Interp.java:1841)
	at tcl.lang.UplevelCmd.cmdProc(UplevelCmd.java:93)
	at tcl.lang.Parser.evalObjv(Parser.java:740)
	at tcl.lang.Parser.eval2(Parser.java:1138)
	at tcl.lang.Interp.eval(Interp.java:1782)
	at tcl.lang.Interp.eval(Interp.java:1841)
	at tcl.lang.CatchCmd.cmdProc(CatchCmd.java:42)
	at tcl.lang.Parser.evalObjv(Parser.java:740)
	at tcl.lang.Parser.eval2(Parser.java:1138)
	at tcl.lang.Parser.evalTokens(Parser.java:930)
	at tcl.lang.Parser.eval2(Parser.java:1125)
	at tcl.lang.Procedure.cmdProc(Procedure.java:175)
	at tcl.lang.Parser.evalObjv(Parser.java:740)
	at tcl.lang.Parser.eval2(Parser.java:1138)
	at tcl.lang.Interp.eval(Interp.java:1782)
	at tcl.lang.Interp.eval(Interp.java:1841)
	at tcl.lang.ForeachCmd.cmdProc(ForeachCmd.java:116)
	at tcl.lang.AutoloadStub.cmdProc(Extension.java:144)
	at tcl.lang.Parser.evalObjv(Parser.java:740)
	at tcl.lang.Parser.eval2(Parser.java:1138)
	at tcl.lang.Interp.eval(Interp.java:1782)
	at tcl.lang.Interp.evalFile(Interp.java:1880)
	at java.base/jdk.internal.reflect.NativeMethodAccessorImpl.invoke0(Native Method)
	at java.base/jdk.internal.reflect.NativeMethodAccessorImpl.invoke(NativeMethodAccessorImpl.java:62)
	at java.base/jdk.internal.reflect.DelegatingMethodAccessorImpl.invoke(DelegatingMethodAccessorImpl.java:43)
	at java.base/java.lang.reflect.Method.invoke(Method.java:566)
	at ptolemy.util.test.junit.TclTests.RunTclFile(TclTests.java:233)
	at java.base/jdk.internal.reflect.NativeMethodAccessorImpl.invoke0(Native Method)
	at java.base/jdk.internal.reflect.NativeMethodAccessorImpl.invoke(NativeMethodAccessorImpl.java:62)
	at java.base/jdk.internal.reflect.DelegatingMethodAccessorImpl.invoke(DelegatingMethodAccessorImpl.java:43)
	at java.base/java.lang.reflect.Method.invoke(Method.java:566)
	at org.junit.runners.model.FrameworkMethod$1.runReflectiveCall(FrameworkMethod.java:44)
	at org.junit.internal.runners.model.ReflectiveCallable.run(ReflectiveCallable.java:15)
	at org.junit.runners.model.FrameworkMethod.invokeExplosively(FrameworkMethod.java:41)
	at junitparams.internal.InvokeParameterisedMethod.evaluate(InvokeParameterisedMethod.java:102)
	at junitparams.internal.ParameterisedTestMethodRunner.runMethodInvoker(ParameterisedTestMethodRunner.java:47)
	at junitparams.internal.ParameterisedTestMethodRunner.runTestMethod(ParameterisedTestMethodRunner.java:41)
	at junitparams.internal.ParameterisedTestClassRunner.runParameterisedTest(ParameterisedTestClassRunner.java:143)
	at junitparams.JUnitParamsRunner.runChild(JUnitParamsRunner.java:237)
	at junitparams.JUnitParamsRunner.runChild(JUnitParamsRunner.java:215)
	at org.junit.runners.ParentRunner$3.run(ParentRunner.java:193)
	at org.junit.runners.ParentRunner$1.schedule(ParentRunner.java:52)
	at org.junit.runners.ParentRunner.runChildren(ParentRunner.java:191)
	at org.junit.runners.ParentRunner.access$000(ParentRunner.java:42)
	at org.junit.runners.ParentRunner$2.evaluate(ParentRunner.java:184)
	at org.junit.internal.runners.statements.RunAfters.evaluate(RunAfters.java:31)
	at org.junit.runners.ParentRunner.run(ParentRunner.java:236)
	at org.junit.runners.Suite.runChild(Suite.java:128)
	at org.junit.runners.Suite.runChild(Suite.java:24)
	at org.junit.runners.ParentRunner$3.run(ParentRunner.java:193)
	at org.junit.runners.ParentRunner$1.schedule(ParentRunner.java:52)
	at org.junit.runners.ParentRunner.runChildren(ParentRunner.java:191)
	at org.junit.runners.ParentRunner.access$000(ParentRunner.java:42)
	at org.junit.runners.ParentRunner$2.evaluate(ParentRunner.java:184)
	at org.junit.runners.ParentRunner.run(ParentRunner.java:236)
	at junit.framework.JUnit4TestAdapter.run(JUnit4TestAdapter.java:39)
	at org.apache.tools.ant.taskdefs.optional.junit.JUnitTestRunner.run(JUnitTestRunner.java:535)
	at org.apache.tools.ant.taskdefs.optional.junit.JUnitTestRunner.launch(JUnitTestRunner.java:1182)
	at org.apache.tools.ant.taskdefs.optional.junit.JUnitTestRunner.main(JUnitTestRunner.java:1033)
 in /home/travis/build/icyphy/ptII/ptolemy/actor/lib/jjs/external/require.js at line number 454 at column number 12
	at ptolemy.actor.lib.jjs.JavaScript._createEngineAndEvaluateSetup(JavaScript.java:2497)
	at ptolemy.actor.lib.jjs.JavaScript.attributeChanged(JavaScript.java:548)
	at org.terraswarm.accessor.JSAccessor.attributeChanged(JSAccessor.java:312)
	at ptolemy.data.expr.Variable._setTokenAndNotify(Variable.java:2271)
	at ptolemy.data.expr.Variable._evaluate(Variable.java:1873)
	at ptolemy.data.expr.Variable._propagate(Variable.java:1984)
	at ptolemy.data.expr.Variable.validate(Variable.java:1596)
	at ptolemy.moml.MoMLParser.endDocument(MoMLParser.java:867)
	at com.microstar.xml.XmlParser.doParse(XmlParser.java:162)
	at com.microstar.xml.XmlParser.parse(XmlParser.java:132)
	at ptolemy.moml.MoMLParser.parse(MoMLParser.java:1676)
	at ptolemy.moml.MoMLParser.parse(MoMLParser.java:1617)
	at ptolemy.moml.MoMLParser.parse(MoMLParser.java:1792)
	at org.terraswarm.accessor.AccessorLibrary.populate(AccessorLibrary.java:194)
	at ptolemy.moml.EntityLibrary.deepEntityList(EntityLibrary.java:349)
	at ptolemy.kernel.CompositeEntity.deepEntityList(CompositeEntity.java:714)
	at ptolemy.moml.EntityLibrary.deepEntityList(EntityLibrary.java:350)
	at ptolemy.kernel.CompositeEntity.deepEntityList(CompositeEntity.java:714)
	at ptolemy.moml.EntityLibrary.deepEntityList(EntityLibrary.java:350)
	at ptolemy.kernel.CompositeEntity.deepEntityList(CompositeEntity.java:714)
	at ptolemy.kernel.CompositeEntity.deepEntityList(CompositeEntity.java:714)
	at ptolemy.kernel.CompositeEntity.allAtomicEntityList(CompositeEntity.java:188)
	at java.base/jdk.internal.reflect.NativeMethodAccessorImpl.invoke0(Native Method)
	at java.base/jdk.internal.reflect.NativeMethodAccessorImpl.invoke(NativeMethodAccessorImpl.java:62)
	at java.base/jdk.internal.reflect.DelegatingMethodAccessorImpl.invoke(DelegatingMethodAccessorImpl.java:43)
	at java.base/java.lang.reflect.Method.invoke(Method.java:566)
	at tcl.lang.reflect.PkgInvoker.invokeMethod(PkgInvoker.java:129)
	at tcl.lang.JavaInvoke.call(JavaInvoke.java:253)
	at tcl.lang.JavaInvoke.callMethod(JavaInvoke.java:116)
	at tcl.lang.ReflectObject.cmdProc(ReflectObject.java:727)
	at tcl.lang.Parser.evalObjv(Parser.java:740)
	at tcl.lang.Parser.eval2(Parser.java:1138)
	at tcl.lang.Parser.evalTokens(Parser.java:930)
	at tcl.lang.Parser.eval2(Parser.java:1125)
	at tcl.lang.Interp.eval(Interp.java:1782)
	at tcl.lang.Interp.eval(Interp.java:1841)
	at tcl.lang.UplevelCmd.cmdProc(UplevelCmd.java:93)
	at tcl.lang.Parser.evalObjv(Parser.java:740)
	at tcl.lang.Parser.eval2(Parser.java:1138)
	at tcl.lang.Interp.eval(Interp.java:1782)
	at tcl.lang.Interp.eval(Interp.java:1841)
	at tcl.lang.CatchCmd.cmdProc(CatchCmd.java:42)
	at tcl.lang.Parser.evalObjv(Parser.java:740)
	at tcl.lang.Parser.eval2(Parser.java:1138)
	at tcl.lang.Parser.evalTokens(Parser.java:930)
	at tcl.lang.Parser.eval2(Parser.java:1125)
	at tcl.lang.Procedure.cmdProc(Procedure.java:175)
	at tcl.lang.Parser.evalObjv(Parser.java:740)
	at tcl.lang.Parser.eval2(Parser.java:1138)
	at tcl.lang.Interp.eval(Interp.java:1782)
	at tcl.lang.Interp.eval(Interp.java:1841)
	at tcl.lang.ForeachCmd.cmdProc(ForeachCmd.java:116)
	at tcl.lang.AutoloadStub.cmdProc(Extension.java:144)
	at tcl.lang.Parser.evalObjv(Parser.java:740)
	at tcl.lang.Parser.eval2(Parser.java:1138)
	at tcl.lang.Interp.eval(Interp.java:1782)
	at tcl.lang.Interp.evalFile(Interp.java:1880)
	at java.base/jdk.internal.reflect.NativeMethodAccessorImpl.invoke0(Native Method)
	at java.base/jdk.internal.reflect.NativeMethodAccessorImpl.invoke(NativeMethodAccessorImpl.java:62)
	at java.base/jdk.internal.reflect.DelegatingMethodAccessorImpl.invoke(DelegatingMethodAccessorImpl.java:43)
	at java.base/java.lang.reflect.Method.invoke(Method.java:566)
	at ptolemy.util.test.junit.TclTests.RunTclFile(TclTests.java:233)
	at java.base/jdk.internal.reflect.NativeMethodAccessorImpl.invoke0(Native Method)
	at java.base/jdk.internal.reflect.NativeMethodAccessorImpl.invoke(NativeMethodAccessorImpl.java:62)
	at java.base/jdk.internal.reflect.DelegatingMethodAccessorImpl.invoke(DelegatingMethodAccessorImpl.java:43)
	at java.base/java.lang.reflect.Method.invoke(Method.java:566)
	at org.junit.runners.model.FrameworkMethod$1.runReflectiveCall(FrameworkMethod.java:44)
	at org.junit.internal.runners.model.ReflectiveCallable.run(ReflectiveCallable.java:15)
	at org.junit.runners.model.FrameworkMethod.invokeExplosively(FrameworkMethod.java:41)
	at junitparams.internal.InvokeParameterisedMethod.evaluate(InvokeParameterisedMethod.java:102)
	at junitparams.internal.ParameterisedTestMethodRunner.runMethodInvoker(ParameterisedTestMethodRunner.java:47)
	at junitparams.internal.ParameterisedTestMethodRunner.runTestMethod(ParameterisedTestMethodRunner.java:41)
	at junitparams.internal.ParameterisedTestClassRunner.runParameterisedTest(ParameterisedTestClassRunner.java:143)
	at junitparams.JUnitParamsRunner.runChild(JUnitParamsRunner.java:237)
	at junitparams.JUnitParamsRunner.runChild(JUnitParamsRunner.java:215)
	at org.junit.runners.ParentRunner$3.run(ParentRunner.java:193)
	at org.junit.runners.ParentRunner$1.schedule(ParentRunner.java:52)
	at org.junit.runners.ParentRunner.runChildren(ParentRunner.java:191)
	at org.junit.runners.ParentRunner.access$000(ParentRunner.java:42)
	at org.junit.runners.ParentRunner$2.evaluate(ParentRunner.java:184)
	at org.junit.internal.runners.statements.RunAfters.evaluate(RunAfters.java:31)
	at org.junit.runners.ParentRunner.run(ParentRunner.java:236)
	at org.junit.runners.Suite.runChild(Suite.java:128)
	at org.junit.runners.Suite.runChild(Suite.java:24)
	at org.junit.runners.ParentRunner$3.run(ParentRunner.java:193)
	at org.junit.runners.ParentRunner$1.schedule(ParentRunner.java:52)
	at org.junit.runners.ParentRunner.runChildren(ParentRunner.java:191)
	at org.junit.runners.ParentRunner.access$000(ParentRunner.java:42)
	at org.junit.runners.ParentRunner$2.evaluate(ParentRunner.java:184)
	at org.junit.runners.ParentRunner.run(ParentRunner.java:236)
	at junit.framework.JUnit4TestAdapter.run(JUnit4TestAdapter.java:39)
	at org.apache.tools.ant.taskdefs.optional.junit.JUnitTestRunner.run(JUnitTestRunner.java:535)
	at org.apache.tools.ant.taskdefs.optional.junit.JUnitTestRunner.launch(JUnitTestRunner.java:1182)
	at org.apache.tools.ant.taskdefs.optional.junit.JUnitTestRunner.main(JUnitTestRunner.java:1033)
Caused by: javax.script.ScriptException: Error: Error executing module audio line #undefined : ptolemy.actor.lib.jjs.modules.audio.AudioHelper
In file: /home/travis/build/icyphy/ptII/ptolemy/actor/lib/jjs/modules/audio/audio.js

java.lang.ClassNotFoundException: ptolemy.actor.lib.jjs.modules.audio.AudioHelper
	at java.base/jdk.internal.loader.BuiltinClassLoader.loadClass(BuiltinClassLoader.java:583)
	at java.base/jdk.internal.loader.ClassLoaders$AppClassLoader.loadClass(ClassLoaders.java:178)
	at java.base/java.lang.ClassLoader.loadClass(ClassLoader.java:521)
	at java.base/java.lang.Class.forName0(Native Method)
	at java.base/java.lang.Class.forName(Class.java:398)
	at jdk.scripting.nashorn/jdk.nashorn.internal.runtime.Context.findClass(Context.java:1180)
	at jdk.scripting.nashorn/jdk.nashorn.internal.objects.NativeJava.simpleType(NativeJava.java:546)
	at jdk.scripting.nashorn/jdk.nashorn.internal.objects.NativeJava.type(NativeJava.java:326)
	at jdk.scripting.nashorn/jdk.nashorn.internal.objects.NativeJava.type(NativeJava.java:318)
	at jdk.scripting.nashorn/jdk.nashorn.internal.objects.NativeJava.type(NativeJava.java:314)
	at jdk.scripting.nashorn.scripts/jdk.nashorn.internal.scripts.Script$Recompilation$539$require.L:1(/home/travis/build/icyphy/ptII/ptolemy/actor/lib/jjs/external/require.js#409:30<eval>:48)
	at jdk.scripting.nashorn.scripts/jdk.nashorn.internal.scripts.Script$Recompilation$449$require.L:45#_require(/home/travis/build/icyphy/ptII/ptolemy/actor/lib/jjs/external/require.js:429)
	at jdk.scripting.nashorn.scripts/jdk.nashorn.internal.scripts.Script$Recompilation$453$21065A$require.L:45#_requireClosure#L:466(/home/travis/build/icyphy/ptII/ptolemy/actor/lib/jjs/external/require.js:467)
	at jdk.scripting.nashorn.scripts/jdk.nashorn.internal.scripts.Script$Recompilation$527$1AAAAAAAAAAAAAA$\^function\_.L:1(<function>:97)
	at jdk.scripting.nashorn.scripts/jdk.nashorn.internal.scripts.Script$Recompilation$526$17933AAAAAA$require$cu1$restOf.L:1#Accessor(/home/travis/build/icyphy/ptII/ptolemy/actor/lib/jjs/external/require.js#409:30<eval>:545)
	at jdk.scripting.nashorn.scripts/jdk.nashorn.internal.scripts.Script$Recompilation$512$2801AAA$\^eval\_.evaluateCode(<eval>:96)
	at jdk.scripting.nashorn/jdk.nashorn.internal.runtime.ScriptFunctionData.invoke(ScriptFunctionData.java:661)
	at jdk.scripting.nashorn/jdk.nashorn.internal.runtime.ScriptFunction.invoke(ScriptFunction.java:513)
	at jdk.scripting.nashorn/jdk.nashorn.internal.runtime.ScriptRuntime.apply(ScriptRuntime.java:527)
	at jdk.scripting.nashorn/jdk.nashorn.api.scripting.ScriptObjectMirror.callMember(ScriptObjectMirror.java:202)
	at jdk.scripting.nashorn/jdk.nashorn.api.scripting.NashornScriptEngine.invokeImpl(NashornScriptEngine.java:393)
	at jdk.scripting.nashorn/jdk.nashorn.api.scripting.NashornScriptEngine.invokeFunction(NashornScriptEngine.java:197)
	at ptolemy.actor.lib.jjs.JavaScript._createEngineAndEvaluateSetup(JavaScript.java:2493)
	at ptolemy.actor.lib.jjs.JavaScript.attributeChanged(JavaScript.java:548)
	at org.terraswarm.accessor.JSAccessor.attributeChanged(JSAccessor.java:312)
	at ptolemy.data.expr.Variable._setTokenAndNotify(Variable.java:2271)
	at ptolemy.data.expr.Variable._evaluate(Variable.java:1873)
	at ptolemy.data.expr.Variable._propagate(Variable.java:1984)
	at ptolemy.data.expr.Variable.validate(Variable.java:1596)
	at ptolemy.moml.MoMLParser.endDocument(MoMLParser.java:867)
	at com.microstar.xml.XmlParser.doParse(XmlParser.java:162)
	at com.microstar.xml.XmlParser.parse(XmlParser.java:132)
	at ptolemy.moml.MoMLParser.parse(MoMLParser.java:1676)
	at ptolemy.moml.MoMLParser.parse(MoMLParser.java:1617)
	at ptolemy.moml.MoMLParser.parse(MoMLParser.java:1792)
	at org.terraswarm.accessor.AccessorLibrary.populate(AccessorLibrary.java:194)
	at ptolemy.moml.EntityLibrary.deepEntityList(EntityLibrary.java:349)
	at ptolemy.kernel.CompositeEntity.deepEntityList(CompositeEntity.java:714)
	at ptolemy.moml.EntityLibrary.deepEntityList(EntityLibrary.java:350)
	at ptolemy.kernel.CompositeEntity.deepEntityList(CompositeEntity.java:714)
	at ptolemy.moml.EntityLibrary.deepEntityList(EntityLibrary.java:350)
	at ptolemy.kernel.CompositeEntity.deepEntityList(CompositeEntity.java:714)
	at ptolemy.kernel.CompositeEntity.deepEntityList(CompositeEntity.java:714)
	at ptolemy.kernel.CompositeEntity.allAtomicEntityList(CompositeEntity.java:188)
	at java.base/jdk.internal.reflect.NativeMethodAccessorImpl.invoke0(Native Method)
	at java.base/jdk.internal.reflect.NativeMethodAccessorImpl.invoke(NativeMethodAccessorImpl.java:62)
	at java.base/jdk.internal.reflect.DelegatingMethodAccessorImpl.invoke(DelegatingMethodAccessorImpl.java:43)
	at java.base/java.lang.reflect.Method.invoke(Method.java:566)
	at tcl.lang.reflect.PkgInvoker.invokeMethod(PkgInvoker.java:129)
	at tcl.lang.JavaInvoke.call(JavaInvoke.java:253)
	at tcl.lang.JavaInvoke.callMethod(JavaInvoke.java:116)
	at tcl.lang.ReflectObject.cmdProc(ReflectObject.java:727)
	at tcl.lang.Parser.evalObjv(Parser.java:740)
	at tcl.lang.Parser.eval2(Parser.java:1138)
	at tcl.lang.Parser.evalTokens(Parser.java:930)
	at tcl.lang.Parser.eval2(Parser.java:1125)
	at tcl.lang.Interp.eval(Interp.java:1782)
	at tcl.lang.Interp.eval(Interp.java:1841)
	at tcl.lang.UplevelCmd.cmdProc(UplevelCmd.java:93)
	at tcl.lang.Parser.evalObjv(Parser.java:740)
	at tcl.lang.Parser.eval2(Parser.java:1138)
	at tcl.lang.Interp.eval(Interp.java:1782)
	at tcl.lang.Interp.eval(Interp.java:1841)
	at tcl.lang.CatchCmd.cmdProc(CatchCmd.java:42)
	at tcl.lang.Parser.evalObjv(Parser.java:740)
	at tcl.lang.Parser.eval2(Parser.java:1138)
	at tcl.lang.Parser.evalTokens(Parser.java:930)
	at tcl.lang.Parser.eval2(Parser.java:1125)
	at tcl.lang.Procedure.cmdProc(Procedure.java:175)
	at tcl.lang.Parser.evalObjv(Parser.java:740)
	at tcl.lang.Parser.eval2(Parser.java:1138)
	at tcl.lang.Interp.eval(Interp.java:1782)
	at tcl.lang.Interp.eval(Interp.java:1841)
	at tcl.lang.ForeachCmd.cmdProc(ForeachCmd.java:116)
	at tcl.lang.AutoloadStub.cmdProc(Extension.java:144)
	at tcl.lang.Parser.evalObjv(Parser.java:740)
	at tcl.lang.Parser.eval2(Parser.java:1138)
	at tcl.lang.Interp.eval(Interp.java:1782)
	at tcl.lang.Interp.evalFile(Interp.java:1880)
	at java.base/jdk.internal.reflect.NativeMethodAccessorImpl.invoke0(Native Method)
	at java.base/jdk.internal.reflect.NativeMethodAccessorImpl.invoke(NativeMethodAccessorImpl.java:62)
	at java.base/jdk.internal.reflect.DelegatingMethodAccessorImpl.invoke(DelegatingMethodAccessorImpl.java:43)
	at java.base/java.lang.reflect.Method.invoke(Method.java:566)
	at ptolemy.util.test.junit.TclTests.RunTclFile(TclTests.java:233)
	at java.base/jdk.internal.reflect.NativeMethodAccessorImpl.invoke0(Native Method)
	at java.base/jdk.internal.reflect.NativeMethodAccessorImpl.invoke(NativeMethodAccessorImpl.java:62)
	at java.base/jdk.internal.reflect.DelegatingMethodAccessorImpl.invoke(DelegatingMethodAccessorImpl.java:43)
	at java.base/java.lang.reflect.Method.invoke(Method.java:566)
	at org.junit.runners.model.FrameworkMethod$1.runReflectiveCall(FrameworkMethod.java:44)
	at org.junit.internal.runners.model.ReflectiveCallable.run(ReflectiveCallable.java:15)
	at org.junit.runners.model.FrameworkMethod.invokeExplosively(FrameworkMethod.java:41)
	at junitparams.internal.InvokeParameterisedMethod.evaluate(InvokeParameterisedMethod.java:102)
	at junitparams.internal.ParameterisedTestMethodRunner.runMethodInvoker(ParameterisedTestMethodRunner.java:47)
	at junitparams.internal.ParameterisedTestMethodRunner.runTestMethod(ParameterisedTestMethodRunner.java:41)
	at junitparams.internal.ParameterisedTestClassRunner.runParameterisedTest(ParameterisedTestClassRunner.java:143)
	at junitparams.JUnitParamsRunner.runChild(JUnitParamsRunner.java:237)
	at junitparams.JUnitParamsRunner.runChild(JUnitParamsRunner.java:215)
	at org.junit.runners.ParentRunner$3.run(ParentRunner.java:193)
	at org.junit.runners.ParentRunner$1.schedule(ParentRunner.java:52)
	at org.junit.runners.ParentRunner.runChildren(ParentRunner.java:191)
	at org.junit.runners.ParentRunner.access$000(ParentRunner.java:42)
	at org.junit.runners.ParentRunner$2.evaluate(ParentRunner.java:184)
	at org.junit.internal.runners.statements.RunAfters.evaluate(RunAfters.java:31)
	at org.junit.runners.ParentRunner.run(ParentRunner.java:236)
	at org.junit.runners.Suite.runChild(Suite.java:128)
	at org.junit.runners.Suite.runChild(Suite.java:24)
	at org.junit.runners.ParentRunner$3.run(ParentRunner.java:193)
	at org.junit.runners.ParentRunner$1.schedule(ParentRunner.java:52)
	at org.junit.runners.ParentRunner.runChildren(ParentRunner.java:191)
	at org.junit.runners.ParentRunner.access$000(ParentRunner.java:42)
	at org.junit.runners.ParentRunner$2.evaluate(ParentRunner.java:184)
	at org.junit.runners.ParentRunner.run(ParentRunner.java:236)
	at junit.framework.JUnit4TestAdapter.run(JUnit4TestAdapter.java:39)
	at org.apache.tools.ant.taskdefs.optional.junit.JUnitTestRunner.run(JUnitTestRunner.java:535)
	at org.apache.tools.ant.taskdefs.optional.junit.JUnitTestRunner.launch(JUnitTestRunner.java:1182)
	at org.apache.tools.ant.taskdefs.optional.junit.JUnitTestRunner.main(JUnitTestRunner.java:1033)
 in /home/travis/build/icyphy/ptII/ptolemy/actor/lib/jjs/external/require.js at line number 454 at column number 12
	at jdk.scripting.nashorn/jdk.nashorn.api.scripting.NashornScriptEngine.throwAsScriptException(NashornScriptEngine.java:477)
	at jdk.scripting.nashorn/jdk.nashorn.api.scripting.NashornScriptEngine.invokeImpl(NashornScriptEngine.java:399)
	at jdk.scripting.nashorn/jdk.nashorn.api.scripting.NashornScriptEngine.invokeFunction(NashornScriptEngine.java:197)
	at ptolemy.actor.lib.jjs.JavaScript._createEngineAndEvaluateSetup(JavaScript.java:2493)
	... 93 more
Caused by: /home/travis/build/icyphy/ptII/ptolemy/actor/lib/jjs/external/require.js:454:12 Error: Error executing module audio line #undefined : ptolemy.actor.lib.jjs.modules.audio.AudioHelper
In file: /home/travis/build/icyphy/ptII/ptolemy/actor/lib/jjs/modules/audio/audio.js

java.lang.ClassNotFoundException: ptolemy.actor.lib.jjs.modules.audio.AudioHelper
	at java.base/jdk.internal.loader.BuiltinClassLoader.loadClass(BuiltinClassLoader.java:583)
	at java.base/jdk.internal.loader.ClassLoaders$AppClassLoader.loadClass(ClassLoaders.java:178)
	at java.base/java.lang.ClassLoader.loadClass(ClassLoader.java:521)
	at java.base/java.lang.Class.forName0(Native Method)
	at java.base/java.lang.Class.forName(Class.java:398)
	at jdk.scripting.nashorn/jdk.nashorn.internal.runtime.Context.findClass(Context.java:1180)
	at jdk.scripting.nashorn/jdk.nashorn.internal.objects.NativeJava.simpleType(NativeJava.java:546)
	at jdk.scripting.nashorn/jdk.nashorn.internal.objects.NativeJava.type(NativeJava.java:326)
	at jdk.scripting.nashorn/jdk.nashorn.internal.objects.NativeJava.type(NativeJava.java:318)
	at jdk.scripting.nashorn/jdk.nashorn.internal.objects.NativeJava.type(NativeJava.java:314)
	at jdk.scripting.nashorn.scripts/jdk.nashorn.internal.scripts.Script$Recompilation$539$require.L:1(/home/travis/build/icyphy/ptII/ptolemy/actor/lib/jjs/external/require.js#409:30<eval>:48)
	at jdk.scripting.nashorn.scripts/jdk.nashorn.internal.scripts.Script$Recompilation$449$require.L:45#_require(/home/travis/build/icyphy/ptII/ptolemy/actor/lib/jjs/external/require.js:429)
	at jdk.scripting.nashorn.scripts/jdk.nashorn.internal.scripts.Script$Recompilation$453$21065A$require.L:45#_requireClosure#L:466(/home/travis/build/icyphy/ptII/ptolemy/actor/lib/jjs/external/require.js:467)
	at jdk.scripting.nashorn.scripts/jdk.nashorn.internal.scripts.Script$Recompilation$527$1AAAAAAAAAAAAAA$\^function\_.L:1(<function>:97)
	at jdk.scripting.nashorn.scripts/jdk.nashorn.internal.scripts.Script$Recompilation$526$17933AAAAAA$require$cu1$restOf.L:1#Accessor(/home/travis/build/icyphy/ptII/ptolemy/actor/lib/jjs/external/require.js#409:30<eval>:545)
	at jdk.scripting.nashorn.scripts/jdk.nashorn.internal.scripts.Script$Recompilation$512$2801AAA$\^eval\_.evaluateCode(<eval>:96)
	at jdk.scripting.nashorn/jdk.nashorn.internal.runtime.ScriptFunctionData.invoke(ScriptFunctionData.java:661)
	at jdk.scripting.nashorn/jdk.nashorn.internal.runtime.ScriptFunction.invoke(ScriptFunction.java:513)
	at jdk.scripting.nashorn/jdk.nashorn.internal.runtime.ScriptRuntime.apply(ScriptRuntime.java:527)
	at jdk.scripting.nashorn/jdk.nashorn.api.scripting.ScriptObjectMirror.callMember(ScriptObjectMirror.java:202)
	at jdk.scripting.nashorn/jdk.nashorn.api.scripting.NashornScriptEngine.invokeImpl(NashornScriptEngine.java:393)
	at jdk.scripting.nashorn/jdk.nashorn.api.scripting.NashornScriptEngine.invokeFunction(NashornScriptEngine.java:197)
	at ptolemy.actor.lib.jjs.JavaScript._createEngineAndEvaluateSetup(JavaScript.java:2493)
	at ptolemy.actor.lib.jjs.JavaScript.attributeChanged(JavaScript.java:548)
	at org.terraswarm.accessor.JSAccessor.attributeChanged(JSAccessor.java:312)
	at ptolemy.data.expr.Variable._setTokenAndNotify(Variable.java:2271)
	at ptolemy.data.expr.Variable._evaluate(Variable.java:1873)
	at ptolemy.data.expr.Variable._propagate(Variable.java:1984)
	at ptolemy.data.expr.Variable.validate(Variable.java:1596)
	at ptolemy.moml.MoMLParser.endDocument(MoMLParser.java:867)
	at com.microstar.xml.XmlParser.doParse(XmlParser.java:162)
	at com.microstar.xml.XmlParser.parse(XmlParser.java:132)
	at ptolemy.moml.MoMLParser.parse(MoMLParser.java:1676)
	at ptolemy.moml.MoMLParser.parse(MoMLParser.java:1617)
	at ptolemy.moml.MoMLParser.parse(MoMLParser.java:1792)
	at org.terraswarm.accessor.AccessorLibrary.populate(AccessorLibrary.java:194)
	at ptolemy.moml.EntityLibrary.deepEntityList(EntityLibrary.java:349)
	at ptolemy.kernel.CompositeEntity.deepEntityList(CompositeEntity.java:714)
	at ptolemy.moml.EntityLibrary.deepEntityList(EntityLibrary.java:350)
	at ptolemy.kernel.CompositeEntity.deepEntityList(CompositeEntity.java:714)
	at ptolemy.moml.EntityLibrary.deepEntityList(EntityLibrary.java:350)
	at ptolemy.kernel.CompositeEntity.deepEntityList(CompositeEntity.java:714)
	at ptolemy.kernel.CompositeEntity.deepEntityList(CompositeEntity.java:714)
	at ptolemy.kernel.CompositeEntity.allAtomicEntityList(CompositeEntity.java:188)
	at java.base/jdk.internal.reflect.NativeMethodAccessorImpl.invoke0(Native Method)
	at java.base/jdk.internal.reflect.NativeMethodAccessorImpl.invoke(NativeMethodAccessorImpl.java:62)
	at java.base/jdk.internal.reflect.DelegatingMethodAccessorImpl.invoke(DelegatingMethodAccessorImpl.java:43)
	at java.base/java.lang.reflect.Method.invoke(Method.java:566)
	at tcl.lang.reflect.PkgInvoker.invokeMethod(PkgInvoker.java:129)
	at tcl.lang.JavaInvoke.call(JavaInvoke.java:253)
	at tcl.lang.JavaInvoke.callMethod(JavaInvoke.java:116)
	at tcl.lang.ReflectObject.cmdProc(ReflectObject.java:727)
	at tcl.lang.Parser.evalObjv(Parser.java:740)
	at tcl.lang.Parser.eval2(Parser.java:1138)
	at tcl.lang.Parser.evalTokens(Parser.java:930)
	at tcl.lang.Parser.eval2(Parser.java:1125)
	at tcl.lang.Interp.eval(Interp.java:1782)
	at tcl.lang.Interp.eval(Interp.java:1841)
	at tcl.lang.UplevelCmd.cmdProc(UplevelCmd.java:93)
	at tcl.lang.Parser.evalObjv(Parser.java:740)
	at tcl.lang.Parser.eval2(Parser.java:1138)
	at tcl.lang.Interp.eval(Interp.java:1782)
	at tcl.lang.Interp.eval(Interp.java:1841)
	at tcl.lang.CatchCmd.cmdProc(CatchCmd.java:42)
	at tcl.lang.Parser.evalObjv(Parser.java:740)
	at tcl.lang.Parser.eval2(Parser.java:1138)
	at tcl.lang.Parser.evalTokens(Parser.java:930)
	at tcl.lang.Parser.eval2(Parser.java:1125)
	at tcl.lang.Procedure.cmdProc(Procedure.java:175)
	at tcl.lang.Parser.evalObjv(Parser.java:740)
	at tcl.lang.Parser.eval2(Parser.java:1138)
	at tcl.lang.Interp.eval(Interp.java:1782)
	at tcl.lang.Interp.eval(Interp.java:1841)
	at tcl.lang.ForeachCmd.cmdProc(ForeachCmd.java:116)
	at tcl.lang.AutoloadStub.cmdProc(Extension.java:144)
	at tcl.lang.Parser.evalObjv(Parser.java:740)
	at tcl.lang.Parser.eval2(Parser.java:1138)
	at tcl.lang.Interp.eval(Interp.java:1782)
	at tcl.lang.Interp.evalFile(Interp.java:1880)
	at java.base/jdk.internal.reflect.NativeMethodAccessorImpl.invoke0(Native Method)
	at java.base/jdk.internal.reflect.NativeMethodAccessorImpl.invoke(NativeMethodAccessorImpl.java:62)
	at java.base/jdk.internal.reflect.DelegatingMethodAccessorImpl.invoke(DelegatingMethodAccessorImpl.java:43)
	at java.base/java.lang.reflect.Method.invoke(Method.java:566)
	at ptolemy.util.test.junit.TclTests.RunTclFile(TclTests.java:233)
	at java.base/jdk.internal.reflect.NativeMethodAccessorImpl.invoke0(Native Method)
	at java.base/jdk.internal.reflect.NativeMethodAccessorImpl.invoke(NativeMethodAccessorImpl.java:62)
	at java.base/jdk.internal.reflect.DelegatingMethodAccessorImpl.invoke(DelegatingMethodAccessorImpl.java:43)
	at java.base/java.lang.reflect.Method.invoke(Method.java:566)
	at org.junit.runners.model.FrameworkMethod$1.runReflectiveCall(FrameworkMethod.java:44)
	at org.junit.internal.runners.model.ReflectiveCallable.run(ReflectiveCallable.java:15)
	at org.junit.runners.model.FrameworkMethod.invokeExplosively(FrameworkMethod.java:41)
	at junitparams.internal.InvokeParameterisedMethod.evaluate(InvokeParameterisedMethod.java:102)
	at junitparams.internal.ParameterisedTestMethodRunner.runMethodInvoker(ParameterisedTestMethodRunner.java:47)
	at junitparams.internal.ParameterisedTestMethodRunner.runTestMethod(ParameterisedTestMethodRunner.java:41)
	at junitparams.internal.ParameterisedTestClassRunner.runParameterisedTest(ParameterisedTestClassRunner.java:143)
	at junitparams.JUnitParamsRunner.runChild(JUnitParamsRunner.java:237)
	at junitparams.JUnitParamsRunner.runChild(JUnitParamsRunner.java:215)
	at org.junit.runners.ParentRunner$3.run(ParentRunner.java:193)
	at org.junit.runners.ParentRunner$1.schedule(ParentRunner.java:52)
	at org.junit.runners.ParentRunner.runChildren(ParentRunner.java:191)
	at org.junit.runners.ParentRunner.access$000(ParentRunner.java:42)
	at org.junit.runners.ParentRunner$2.evaluate(ParentRunner.java:184)
	at org.junit.internal.runners.statements.RunAfters.evaluate(RunAfters.java:31)
	at org.junit.runners.ParentRunner.run(ParentRunner.java:236)
	at org.junit.runners.Suite.runChild(Suite.java:128)
	at org.junit.runners.Suite.runChild(Suite.java:24)
	at org.junit.runners.ParentRunner$3.run(ParentRunner.java:193)
	at org.junit.runners.ParentRunner$1.schedule(ParentRunner.java:52)
	at org.junit.runners.ParentRunner.runChildren(ParentRunner.java:191)
	at org.junit.runners.ParentRunner.access$000(ParentRunner.java:42)
	at org.junit.runners.ParentRunner$2.evaluate(ParentRunner.java:184)
	at org.junit.runners.ParentRunner.run(ParentRunner.java:236)
	at junit.framework.JUnit4TestAdapter.run(JUnit4TestAdapter.java:39)
	at org.apache.tools.ant.taskdefs.optional.junit.JUnitTestRunner.run(JUnitTestRunner.java:535)
	at org.apache.tools.ant.taskdefs.optional.junit.JUnitTestRunner.launch(JUnitTestRunner.java:1182)
	at org.apache.tools.ant.taskdefs.optional.junit.JUnitTestRunner.main(JUnitTestRunner.java:1033)

	at jdk.scripting.nashorn/jdk.nashorn.internal.objects.NativeError.initException(NativeError.java:135)
	at jdk.scripting.nashorn/jdk.nashorn.internal.objects.NativeError.<init>(NativeError.java:101)
	at jdk.scripting.nashorn/jdk.nashorn.internal.objects.NativeError.<init>(NativeError.java:105)
	at jdk.scripting.nashorn/jdk.nashorn.internal.objects.NativeError.<init>(NativeError.java:109)
	at jdk.scripting.nashorn/jdk.nashorn.internal.objects.NativeError.constructor(NativeError.java:128)
	at jdk.scripting.nashorn.scripts/jdk.nashorn.internal.scripts.Script$Recompilation$545$require$cu1$restOf.L:45#_require(/home/travis/build/icyphy/ptII/ptolemy/actor/lib/jjs/external/require.js:454)
	at jdk.scripting.nashorn.scripts/jdk.nashorn.internal.scripts.Script$Recompilation$453$21065A$require.L:45#_requireClosure#L:466(/home/travis/build/icyphy/ptII/ptolemy/actor/lib/jjs/external/require.js:467)
	at jdk.scripting.nashorn.scripts/jdk.nashorn.internal.scripts.Script$Recompilation$527$1AAAAAAAAAAAAAA$\^function\_.L:1(<function>:97)
	at jdk.scripting.nashorn.scripts/jdk.nashorn.internal.scripts.Script$Recompilation$526$17933AAAAAA$require$cu1$restOf.L:1#Accessor(/home/travis/build/icyphy/ptII/ptolemy/actor/lib/jjs/external/require.js#409:30<eval>:545)
	at jdk.scripting.nashorn.scripts/jdk.nashorn.internal.scripts.Script$Recompilation$512$2801AAA$\^eval\_.evaluateCode(<eval>:96)
	at jdk.scripting.nashorn/jdk.nashorn.internal.runtime.ScriptFunctionData.invoke(ScriptFunctionData.java:661)
	at jdk.scripting.nashorn/jdk.nashorn.internal.runtime.ScriptFunction.invoke(ScriptFunction.java:513)
	at jdk.scripting.nashorn/jdk.nashorn.internal.runtime.ScriptRuntime.apply(ScriptRuntime.java:527)
	at jdk.scripting.nashorn/jdk.nashorn.api.scripting.ScriptObjectMirror.callMember(ScriptObjectMirror.java:202)
	at jdk.scripting.nashorn/jdk.nashorn.api.scripting.NashornScriptEngine.invokeImpl(NashornScriptEngine.java:393)
	... 95 more
Caused by: javax.script.ScriptException: Error: Error executing module audio line #undefined : ptolemy.actor.lib.jjs.modules.audio.AudioHelper
In file: /home/travis/build/icyphy/ptII/ptolemy/actor/lib/jjs/modules/audio/audio.js

java.lang.ClassNotFoundException: ptolemy.actor.lib.jjs.modules.audio.AudioHelper
	at java.base/jdk.internal.loader.BuiltinClassLoader.loadClass(BuiltinClassLoader.java:583)
	at java.base/jdk.internal.loader.ClassLoaders$AppClassLoader.loadClass(ClassLoaders.java:178)
	at java.base/java.lang.ClassLoader.loadClass(ClassLoader.java:521)
	at java.base/java.lang.Class.forName0(Native Method)
	at java.base/java.lang.Class.forName(Class.java:398)
	at jdk.scripting.nashorn/jdk.nashorn.internal.runtime.Context.findClass(Context.java:1180)
	at jdk.scripting.nashorn/jdk.nashorn.internal.objects.NativeJava.simpleType(NativeJava.java:546)
	at jdk.scripting.nashorn/jdk.nashorn.internal.objects.NativeJava.type(NativeJava.java:326)
	at jdk.scripting.nashorn/jdk.nashorn.internal.objects.NativeJava.type(NativeJava.java:318)
	at jdk.scripting.nashorn/jdk.nashorn.internal.objects.NativeJava.type(NativeJava.java:314)
	at jdk.scripting.nashorn.scripts/jdk.nashorn.internal.scripts.Script$Recompilation$539$require.L:1(/home/travis/build/icyphy/ptII/ptolemy/actor/lib/jjs/external/require.js#409:30<eval>:48)
	at jdk.scripting.nashorn.scripts/jdk.nashorn.internal.scripts.Script$Recompilation$449$require.L:45#_require(/home/travis/build/icyphy/ptII/ptolemy/actor/lib/jjs/external/require.js:429)
	at jdk.scripting.nashorn.scripts/jdk.nashorn.internal.scripts.Script$Recompilation$453$21065A$require.L:45#_requireClosure#L:466(/home/travis/build/icyphy/ptII/ptolemy/actor/lib/jjs/external/require.js:467)
	at jdk.scripting.nashorn.scripts/jdk.nashorn.internal.scripts.Script$Recompilation$527$1AAAAAAAAAAAAAA$\^function\_.L:1(<function>:97)
	at jdk.scripting.nashorn.scripts/jdk.nashorn.internal.scripts.Script$Recompilation$526$17933AAAAAA$require$cu1$restOf.L:1#Accessor(/home/travis/build/icyphy/ptII/ptolemy/actor/lib/jjs/external/require.js#409:30<eval>:545)
	at jdk.scripting.nashorn.scripts/jdk.nashorn.internal.scripts.Script$Recompilation$512$2801AAA$\^eval\_.evaluateCode(<eval>:96)
	at jdk.scripting.nashorn/jdk.nashorn.internal.runtime.ScriptFunctionData.invoke(ScriptFunctionData.java:661)
	at jdk.scripting.nashorn/jdk.nashorn.internal.runtime.ScriptFunction.invoke(ScriptFunction.java:513)
	at jdk.scripting.nashorn/jdk.nashorn.internal.runtime.ScriptRuntime.apply(ScriptRuntime.java:527)
	at jdk.scripting.nashorn/jdk.nashorn.api.scripting.ScriptObjectMirror.callMember(ScriptObjectMirror.java:202)
	at jdk.scripting.nashorn/jdk.nashorn.api.scripting.NashornScriptEngine.invokeImpl(NashornScriptEngine.java:393)
	at jdk.scripting.nashorn/jdk.nashorn.api.scripting.NashornScriptEngine.invokeFunction(NashornScriptEngine.java:197)
	at ptolemy.actor.lib.jjs.JavaScript._createEngineAndEvaluateSetup(JavaScript.java:2493)
	at ptolemy.actor.lib.jjs.JavaScript.attributeChanged(JavaScript.java:548)
	at org.terraswarm.accessor.JSAccessor.attributeChanged(JSAccessor.java:312)
	at ptolemy.data.expr.Variable._setTokenAndNotify(Variable.java:2271)
	at ptolemy.data.expr.Variable._evaluate(Variable.java:1873)
	at ptolemy.data.expr.Variable._propagate(Variable.java:1984)
	at ptolemy.data.expr.Variable.validate(Variable.java:1596)
	at ptolemy.moml.MoMLParser.endDocument(MoMLParser.java:867)
	at com.microstar.xml.XmlParser.doParse(XmlParser.java:162)
	at com.microstar.xml.XmlParser.parse(XmlParser.java:132)
	at ptolemy.moml.MoMLParser.parse(MoMLParser.java:1676)
	at ptolemy.moml.MoMLParser.parse(MoMLParser.java:1617)
	at ptolemy.moml.MoMLParser.parse(MoMLParser.java:1792)
	at org.terraswarm.accessor.AccessorLibrary.populate(AccessorLibrary.java:194)
	at ptolemy.moml.EntityLibrary.deepEntityList(EntityLibrary.java:349)
	at ptolemy.kernel.CompositeEntity.deepEntityList(CompositeEntity.java:714)
	at ptolemy.moml.EntityLibrary.deepEntityList(EntityLibrary.java:350)
	at ptolemy.kernel.CompositeEntity.deepEntityList(CompositeEntity.java:714)
	at ptolemy.moml.EntityLibrary.deepEntityList(EntityLibrary.java:350)
	at ptolemy.kernel.CompositeEntity.deepEntityList(CompositeEntity.java:714)
	at ptolemy.kernel.CompositeEntity.deepEntityList(CompositeEntity.java:714)
	at ptolemy.kernel.CompositeEntity.allAtomicEntityList(CompositeEntity.java:188)
	at java.base/jdk.internal.reflect.NativeMethodAccessorImpl.invoke0(Native Method)
	at java.base/jdk.internal.reflect.NativeMethodAccessorImpl.invoke(NativeMethodAccessorImpl.java:62)
	at java.base/jdk.internal.reflect.DelegatingMethodAccessorImpl.invoke(DelegatingMethodAccessorImpl.java:43)
	at java.base/java.lang.reflect.Method.invoke(Method.java:566)
	at tcl.lang.reflect.PkgInvoker.invokeMethod(PkgInvoker.java:129)
	at tcl.lang.JavaInvoke.call(JavaInvoke.java:253)
	at tcl.lang.JavaInvoke.callMethod(JavaInvoke.java:116)
	at tcl.lang.ReflectObject.cmdProc(ReflectObject.java:727)
	at tcl.lang.Parser.evalObjv(Parser.java:740)
	at tcl.lang.Parser.eval2(Parser.java:1138)
	at tcl.lang.Parser.evalTokens(Parser.java:930)
	at tcl.lang.Parser.eval2(Parser.java:1125)
	at tcl.lang.Interp.eval(Interp.java:1782)
	at tcl.lang.Interp.eval(Interp.java:1841)
	at tcl.lang.UplevelCmd.cmdProc(UplevelCmd.java:93)
	at tcl.lang.Parser.evalObjv(Parser.java:740)
	at tcl.lang.Parser.eval2(Parser.java:1138)
	at tcl.lang.Interp.eval(Interp.java:1782)
	at tcl.lang.Interp.eval(Interp.java:1841)
	at tcl.lang.CatchCmd.cmdProc(CatchCmd.java:42)
	at tcl.lang.Parser.evalObjv(Parser.java:740)
	at tcl.lang.Parser.eval2(Parser.java:1138)
	at tcl.lang.Parser.evalTokens(Parser.java:930)
	at tcl.lang.Parser.eval2(Parser.java:1125)
	at tcl.lang.Procedure.cmdProc(Procedure.java:175)
	at tcl.lang.Parser.evalObjv(Parser.java:740)
	at tcl.lang.Parser.eval2(Parser.java:1138)
	at tcl.lang.Interp.eval(Interp.java:1782)
	at tcl.lang.Interp.eval(Interp.java:1841)
	at tcl.lang.ForeachCmd.cmdProc(ForeachCmd.java:116)
	at tcl.lang.AutoloadStub.cmdProc(Extension.java:144)
	at tcl.lang.Parser.evalObjv(Parser.java:740)
	at tcl.lang.Parser.eval2(Parser.java:1138)
	at tcl.lang.Interp.eval(Interp.java:1782)
	at tcl.lang.Interp.evalFile(Interp.java:1880)
	at java.base/jdk.internal.reflect.NativeMethodAccessorImpl.invoke0(Native Method)
	at java.base/jdk.internal.reflect.NativeMethodAccessorImpl.invoke(NativeMethodAccessorImpl.java:62)
	at java.base/jdk.internal.reflect.DelegatingMethodAccessorImpl.invoke(DelegatingMethodAccessorImpl.java:43)
	at java.base/java.lang.reflect.Method.invoke(Method.java:566)
	at ptolemy.util.test.junit.TclTests.RunTclFile(TclTests.java:233)
	at java.base/jdk.internal.reflect.NativeMethodAccessorImpl.invoke0(Native Method)
	at java.base/jdk.internal.reflect.NativeMethodAccessorImpl.invoke(NativeMethodAccessorImpl.java:62)
	at java.base/jdk.internal.reflect.DelegatingMethodAccessorImpl.invoke(DelegatingMethodAccessorImpl.java:43)
	at java.base/java.lang.reflect.Method.invoke(Method.java:566)
	at org.junit.runners.model.FrameworkMethod$1.runReflectiveCall(FrameworkMethod.java:44)
	at org.junit.internal.runners.model.ReflectiveCallable.run(ReflectiveCallable.java:15)
	at org.junit.runners.model.FrameworkMethod.invokeExplosively(FrameworkMethod.java:41)
	at junitparams.internal.InvokeParameterisedMethod.evaluate(InvokeParameterisedMethod.java:102)
	at junitparams.internal.ParameterisedTestMethodRunner.runMethodInvoker(ParameterisedTestMethodRunner.java:47)
	at junitparams.internal.ParameterisedTestMethodRunner.runTestMethod(ParameterisedTestMethodRunner.java:41)
	at junitparams.internal.ParameterisedTestClassRunner.runParameterisedTest(ParameterisedTestClassRunner.java:143)
	at junitparams.JUnitParamsRunner.runChild(JUnitParamsRunner.java:237)
	at junitparams.JUnitParamsRunner.runChild(JUnitParamsRunner.java:215)
	at org.junit.runners.ParentRunner$3.run(ParentRunner.java:193)
	at org.junit.runners.ParentRunner$1.schedule(ParentRunner.java:52)
	at org.junit.runners.ParentRunner.runChildren(ParentRunner.java:191)
	at org.junit.runners.ParentRunner.access$000(ParentRunner.java:42)
	at org.junit.runners.ParentRunner$2.evaluate(ParentRunner.java:184)
	at org.junit.internal.runners.statements.RunAfters.evaluate(RunAfters.java:31)
	at org.junit.runners.ParentRunner.run(ParentRunner.java:236)
	at org.junit.runners.Suite.runChild(Suite.java:128)
	at org.junit.runners.Suite.runChild(Suite.java:24)
	at org.junit.runners.ParentRunner$3.run(ParentRunner.java:193)
	at org.junit.runners.ParentRunner$1.schedule(ParentRunner.java:52)
	at org.junit.runners.ParentRunner.runChildren(ParentRunner.java:191)
	at org.junit.runners.ParentRunner.access$000(ParentRunner.java:42)
	at org.junit.runners.ParentRunner$2.evaluate(ParentRunner.java:184)
	at org.junit.runners.ParentRunner.run(ParentRunner.java:236)
	at junit.framework.JUnit4TestAdapter.run(JUnit4TestAdapter.java:39)
	at org.apache.tools.ant.taskdefs.optional.junit.JUnitTestRunner.run(JUnitTestRunner.java:535)
	at org.apache.tools.ant.taskdefs.optional.junit.JUnitTestRunner.launch(JUnitTestRunner.java:1182)
	at org.apache.tools.ant.taskdefs.optional.junit.JUnitTestRunner.main(JUnitTestRunner.java:1033)
 in /home/travis/build/icyphy/ptII/ptolemy/actor/lib/jjs/external/require.js at line number 454 at column number 12
	at jdk.scripting.nashorn/jdk.nashorn.api.scripting.NashornScriptEngine.throwAsScriptException(NashornScriptEngine.java:477)
	at jdk.scripting.nashorn/jdk.nashorn.api.scripting.NashornScriptEngine.invokeImpl(NashornScriptEngine.java:399)
	at jdk.scripting.nashorn/jdk.nashorn.api.scripting.NashornScriptEngine.invokeFunction(NashornScriptEngine.java:197)
	at ptolemy.actor.lib.jjs.JavaScript._createEngineAndEvaluateSetup(JavaScript.java:2493)
	at ptolemy.actor.lib.jjs.JavaScript.attributeChanged(JavaScript.java:548)
	at org.terraswarm.accessor.JSAccessor.attributeChanged(JSAccessor.java:312)
	at ptolemy.data.expr.Variable._setTokenAndNotify(Variable.java:2271)
	at ptolemy.data.expr.Variable._evaluate(Variable.java:1873)
	at ptolemy.data.expr.Variable._propagate(Variable.java:1984)
	at ptolemy.data.expr.Variable.validate(Variable.java:1596)
	at ptolemy.moml.MoMLParser.endDocument(MoMLParser.java:867)
	at com.microstar.xml.XmlParser.doParse(XmlParser.java:162)
	at com.microstar.xml.XmlParser.parse(XmlParser.java:132)
	at ptolemy.moml.MoMLParser.parse(MoMLParser.java:1676)
	at ptolemy.moml.MoMLParser.parse(MoMLParser.java:1617)
	at ptolemy.moml.MoMLParser.parse(MoMLParser.java:1792)
	at org.terraswarm.accessor.AccessorLibrary.populate(AccessorLibrary.java:194)
	at ptolemy.moml.EntityLibrary.deepEntityList(EntityLibrary.java:349)
	at ptolemy.kernel.CompositeEntity.deepEntityList(CompositeEntity.java:714)
	at ptolemy.moml.EntityLibrary.deepEntityList(EntityLibrary.java:350)
	at ptolemy.kernel.CompositeEntity.deepEntityList(CompositeEntity.java:714)
	at ptolemy.moml.EntityLibrary.deepEntityList(EntityLibrary.java:350)
	at ptolemy.kernel.CompositeEntity.deepEntityList(CompositeEntity.java:714)
	at ptolemy.kernel.CompositeEntity.deepEntityList(CompositeEntity.java:714)
	at ptolemy.kernel.CompositeEntity.allAtomicEntityList(CompositeEntity.java:188)
	at java.base/jdk.internal.reflect.NativeMethodAccessorImpl.invoke0(Native Method)
	at java.base/jdk.internal.reflect.NativeMethodAccessorImpl.invoke(NativeMethodAccessorImpl.java:62)
	at java.base/jdk.internal.reflect.DelegatingMethodAccessorImpl.invoke(DelegatingMethodAccessorImpl.java:43)
	at java.base/java.lang.reflect.Method.invoke(Method.java:566)
	at tcl.lang.reflect.PkgInvoker.invokeMethod(PkgInvoker.java:129)
	at tcl.lang.JavaInvoke.call(JavaInvoke.java:253)
	at tcl.lang.JavaInvoke.callMethod(JavaInvoke.java:116)
	at tcl.lang.ReflectObject.cmdProc(ReflectObject.java:727)
	at tcl.lang.Parser.evalObjv(Parser.java:740)
	at tcl.lang.Parser.eval2(Parser.java:1138)
	at tcl.lang.Parser.evalTokens(Parser.java:930)
	at tcl.lang.Parser.eval2(Parser.java:1125)
	at tcl.lang.Interp.eval(Interp.java:1782)
	at tcl.lang.Interp.eval(Interp.java:1841)
	at tcl.lang.UplevelCmd.cmdProc(UplevelCmd.java:93)
	at tcl.lang.Parser.evalObjv(Parser.java:740)
	at tcl.lang.Parser.eval2(Parser.java:1138)
	at tcl.lang.Interp.eval(Interp.java:1782)
	at tcl.lang.Interp.eval(Interp.java:1841)
	at tcl.lang.CatchCmd.cmdProc(CatchCmd.java:42)
	at tcl.lang.Parser.evalObjv(Parser.java:740)
	at tcl.lang.Parser.eval2(Parser.java:1138)
	at tcl.lang.Parser.evalTokens(Parser.java:930)
	at tcl.lang.Parser.eval2(Parser.java:1125)
	at tcl.lang.Procedure.cmdProc(Procedure.java:175)
	at tcl.lang.Parser.evalObjv(Parser.java:740)
	at tcl.lang.Parser.eval2(Parser.java:1138)
	at tcl.lang.Interp.eval(Interp.java:1782)
	at tcl.lang.Interp.eval(Interp.java:1841)
	at tcl.lang.ForeachCmd.cmdProc(ForeachCmd.java:116)
	at tcl.lang.AutoloadStub.cmdProc(Extension.java:144)
	at tcl.lang.Parser.evalObjv(Parser.java:740)
	at tcl.lang.Parser.eval2(Parser.java:1138)
	at tcl.lang.Interp.eval(Interp.java:1782)
	at tcl.lang.Interp.evalFile(Interp.java:1880)
	at java.base/jdk.internal.reflect.NativeMethodAccessorImpl.invoke0(Native Method)
	at java.base/jdk.internal.reflect.NativeMethodAccessorImpl.invoke(NativeMethodAccessorImpl.java:62)
	at java.base/jdk.internal.reflect.DelegatingMethodAccessorImpl.invoke(DelegatingMethodAccessorImpl.java:43)
	at java.base/java.lang.reflect.Method.invoke(Method.java:566)
	at ptolemy.util.test.junit.TclTests.RunTclFile(TclTests.java:233)
	at java.base/jdk.internal.reflect.NativeMethodAccessorImpl.invoke0(Native Method)
	at java.base/jdk.internal.reflect.NativeMethodAccessorImpl.invoke(NativeMethodAccessorImpl.java:62)
	at java.base/jdk.internal.reflect.DelegatingMethodAccessorImpl.invoke(DelegatingMethodAccessorImpl.java:43)
	at java.base/java.lang.reflect.Method.invoke(Method.java:566)
	at org.junit.runners.model.FrameworkMethod$1.runReflectiveCall(FrameworkMethod.java:44)
	at org.junit.internal.runners.model.ReflectiveCallable.run(ReflectiveCallable.java:15)
	at org.junit.runners.model.FrameworkMethod.invokeExplosively(FrameworkMethod.java:41)
	at junitparams.internal.InvokeParameterisedMethod.evaluate(InvokeParameterisedMethod.java:102)
	at junitparams.internal.ParameterisedTestMethodRunner.runMethodInvoker(ParameterisedTestMethodRunner.java:47)
	at junitparams.internal.ParameterisedTestMethodRunner.runTestMethod(ParameterisedTestMethodRunner.java:41)
	at junitparams.internal.ParameterisedTestClassRunner.runParameterisedTest(ParameterisedTestClassRunner.java:143)
	at junitparams.JUnitParamsRunner.runChild(JUnitParamsRunner.java:237)
	at junitparams.JUnitParamsRunner.runChild(JUnitParamsRunner.java:215)
	at org.junit.runners.ParentRunner$3.run(ParentRunner.java:193)
	at org.junit.runners.ParentRunner$1.schedule(ParentRunner.java:52)
	at org.junit.runners.ParentRunner.runChildren(ParentRunner.java:191)
	at org.junit.runners.ParentRunner.access$000(ParentRunner.java:42)
	at org.junit.runners.ParentRunner$2.evaluate(ParentRunner.java:184)
	at org.junit.internal.runners.statements.RunAfters.evaluate(RunAfters.java:31)
	at org.junit.runners.ParentRunner.run(ParentRunner.java:236)
	at org.junit.runners.Suite.runChild(Suite.java:128)
	at org.junit.runners.Suite.runChild(Suite.java:24)
	at org.junit.runners.ParentRunner$3.run(ParentRunner.java:193)
	at org.junit.runners.ParentRunner$1.schedule(ParentRunner.java:52)
	at org.junit.runners.ParentRunner.runChildren(ParentRunner.java:191)
	at org.junit.runners.ParentRunner.access$000(ParentRunner.java:42)
	at org.junit.runners.ParentRunner$2.evaluate(ParentRunner.java:184)
	at org.junit.runners.ParentRunner.run(ParentRunner.java:236)
	at junit.framework.JUnit4TestAdapter.run(JUnit4TestAdapter.java:39)
	at org.apache.tools.ant.taskdefs.optional.junit.JUnitTestRunner.run(JUnitTestRunner.java:535)
	at org.apache.tools.ant.taskdefs.optional.junit.JUnitTestRunner.launch(JUnitTestRunner.java:1182)
	at org.apache.tools.ant.taskdefs.optional.junit.JUnitTestRunner.main(JUnitTestRunner.java:1033)
Caused by: /home/travis/build/icyphy/ptII/ptolemy/actor/lib/jjs/external/require.js:454:12 Error: Error executing module audio line #undefined : ptolemy.actor.lib.jjs.modules.audio.AudioHelper
In file: /home/travis/build/icyphy/ptII/ptolemy/actor/lib/jjs/modules/audio/audio.js

java.lang.ClassNotFoundException: ptolemy.actor.lib.jjs.modules.audio.AudioHelper
	at java.base/jdk.internal.loader.BuiltinClassLoader.loadClass(BuiltinClassLoader.java:583)
	at java.base/jdk.internal.loader.ClassLoaders$AppClassLoader.loadClass(ClassLoaders.java:178)
	at java.base/java.lang.ClassLoader.loadClass(ClassLoader.java:521)
	at java.base/java.lang.Class.forName0(Native Method)
	at java.base/java.lang.Class.forName(Class.java:398)
	at jdk.scripting.nashorn/jdk.nashorn.internal.runtime.Context.findClass(Context.java:1180)
	at jdk.scripting.nashorn/jdk.nashorn.internal.objects.NativeJava.simpleType(NativeJava.java:546)
	at jdk.scripting.nashorn/jdk.nashorn.internal.objects.NativeJava.type(NativeJava.java:326)
	at jdk.scripting.nashorn/jdk.nashorn.internal.objects.NativeJava.type(NativeJava.java:318)
	at jdk.scripting.nashorn/jdk.nashorn.internal.objects.NativeJava.type(NativeJava.java:314)
	at jdk.scripting.nashorn.scripts/jdk.nashorn.internal.scripts.Script$Recompilation$539$require.L:1(/home/travis/build/icyphy/ptII/ptolemy/actor/lib/jjs/external/require.js#409:30<eval>:48)
	at jdk.scripting.nashorn.scripts/jdk.nashorn.internal.scripts.Script$Recompilation$449$require.L:45#_require(/home/travis/build/icyphy/ptII/ptolemy/actor/lib/jjs/external/require.js:429)
	at jdk.scripting.nashorn.scripts/jdk.nashorn.internal.scripts.Script$Recompilation$453$21065A$require.L:45#_requireClosure#L:466(/home/travis/build/icyphy/ptII/ptolemy/actor/lib/jjs/external/require.js:467)
	at jdk.scripting.nashorn.scripts/jdk.nashorn.internal.scripts.Script$Recompilation$527$1AAAAAAAAAAAAAA$\^function\_.L:1(<function>:97)
	at jdk.scripting.nashorn.scripts/jdk.nashorn.internal.scripts.Script$Recompilation$526$17933AAAAAA$require$cu1$restOf.L:1#Accessor(/home/travis/build/icyphy/ptII/ptolemy/actor/lib/jjs/external/require.js#409:30<eval>:545)
	at jdk.scripting.nashorn.scripts/jdk.nashorn.internal.scripts.Script$Recompilation$512$2801AAA$\^eval\_.evaluateCode(<eval>:96)
	at jdk.scripting.nashorn/jdk.nashorn.internal.runtime.ScriptFunctionData.invoke(ScriptFunctionData.java:661)
	at jdk.scripting.nashorn/jdk.nashorn.internal.runtime.ScriptFunction.invoke(ScriptFunction.java:513)
	at jdk.scripting.nashorn/jdk.nashorn.internal.runtime.ScriptRuntime.apply(ScriptRuntime.java:527)
	at jdk.scripting.nashorn/jdk.nashorn.api.scripting.ScriptObjectMirror.callMember(ScriptObjectMirror.java:202)
	at jdk.scripting.nashorn/jdk.nashorn.api.scripting.NashornScriptEngine.invokeImpl(NashornScriptEngine.java:393)
	at jdk.scripting.nashorn/jdk.nashorn.api.scripting.NashornScriptEngine.invokeFunction(NashornScriptEngine.java:197)
	at ptolemy.actor.lib.jjs.JavaScript._createEngineAndEvaluateSetup(JavaScript.java:2493)
	at ptolemy.actor.lib.jjs.JavaScript.attributeChanged(JavaScript.java:548)
	at org.terraswarm.accessor.JSAccessor.attributeChanged(JSAccessor.java:312)
	at ptolemy.data.expr.Variable._setTokenAndNotify(Variable.java:2271)
	at ptolemy.data.expr.Variable._evaluate(Variable.java:1873)
	at ptolemy.data.expr.Variable._propagate(Variable.java:1984)
	at ptolemy.data.expr.Variable.validate(Variable.java:1596)
	at ptolemy.moml.MoMLParser.endDocument(MoMLParser.java:867)
	at com.microstar.xml.XmlParser.doParse(XmlParser.java:162)
	at com.microstar.xml.XmlParser.parse(XmlParser.java:132)
	at ptolemy.moml.MoMLParser.parse(MoMLParser.java:1676)
	at ptolemy.moml.MoMLParser.parse(MoMLParser.java:1617)
	at ptolemy.moml.MoMLParser.parse(MoMLParser.java:1792)
	at org.terraswarm.accessor.AccessorLibrary.populate(AccessorLibrary.java:194)
	at ptolemy.moml.EntityLibrary.deepEntityList(EntityLibrary.java:349)
	at ptolemy.kernel.CompositeEntity.deepEntityList(CompositeEntity.java:714)
	at ptolemy.moml.EntityLibrary.deepEntityList(EntityLibrary.java:350)
	at ptolemy.kernel.CompositeEntity.deepEntityList(CompositeEntity.java:714)
	at ptolemy.moml.EntityLibrary.deepEntityList(EntityLibrary.java:350)
	at ptolemy.kernel.CompositeEntity.deepEntityList(CompositeEntity.java:714)
	at ptolemy.kernel.CompositeEntity.deepEntityList(CompositeEntity.java:714)
	at ptolemy.kernel.CompositeEntity.allAtomicEntityList(CompositeEntity.java:188)
	at java.base/jdk.internal.reflect.NativeMethodAccessorImpl.invoke0(Native Method)
	at java.base/jdk.internal.reflect.NativeMethodAccessorImpl.invoke(NativeMethodAccessorImpl.java:62)
	at java.base/jdk.internal.reflect.DelegatingMethodAccessorImpl.invoke(DelegatingMethodAccessorImpl.java:43)
	at java.base/java.lang.reflect.Method.invoke(Method.java:566)
	at tcl.lang.reflect.PkgInvoker.invokeMethod(PkgInvoker.java:129)
	at tcl.lang.JavaInvoke.call(JavaInvoke.java:253)
	at tcl.lang.JavaInvoke.callMethod(JavaInvoke.java:116)
	at tcl.lang.ReflectObject.cmdProc(ReflectObject.java:727)
	at tcl.lang.Parser.evalObjv(Parser.java:740)
	at tcl.lang.Parser.eval2(Parser.java:1138)
	at tcl.lang.Parser.evalTokens(Parser.java:930)
	at tcl.lang.Parser.eval2(Parser.java:1125)
	at tcl.lang.Interp.eval(Interp.java:1782)
	at tcl.lang.Interp.eval(Interp.java:1841)
	at tcl.lang.UplevelCmd.cmdProc(UplevelCmd.java:93)
	at tcl.lang.Parser.evalObjv(Parser.java:740)
	at tcl.lang.Parser.eval2(Parser.java:1138)
	at tcl.lang.Interp.eval(Interp.java:1782)
	at tcl.lang.Interp.eval(Interp.java:1841)
	at tcl.lang.CatchCmd.cmdProc(CatchCmd.java:42)
	at tcl.lang.Parser.evalObjv(Parser.java:740)
	at tcl.lang.Parser.eval2(Parser.java:1138)
	at tcl.lang.Parser.evalTokens(Parser.java:930)
	at tcl.lang.Parser.eval2(Parser.java:1125)
	at tcl.lang.Procedure.cmdProc(Procedure.java:175)
	at tcl.lang.Parser.evalObjv(Parser.java:740)
	at tcl.lang.Parser.eval2(Parser.java:1138)
	at tcl.lang.Interp.eval(Interp.java:1782)
	at tcl.lang.Interp.eval(Interp.java:1841)
	at tcl.lang.ForeachCmd.cmdProc(ForeachCmd.java:116)
	at tcl.lang.AutoloadStub.cmdProc(Extension.java:144)
	at tcl.lang.Parser.evalObjv(Parser.java:740)
	at tcl.lang.Parser.eval2(Parser.java:1138)
	at tcl.lang.Interp.eval(Interp.java:1782)
	at tcl.lang.Interp.evalFile(Interp.java:1880)
	at java.base/jdk.internal.reflect.NativeMethodAccessorImpl.invoke0(Native Method)
	at java.base/jdk.internal.reflect.NativeMethodAccessorImpl.invoke(NativeMethodAccessorImpl.java:62)
	at java.base/jdk.internal.reflect.DelegatingMethodAccessorImpl.invoke(DelegatingMethodAccessorImpl.java:43)
	at java.base/java.lang.reflect.Method.invoke(Method.java:566)
	at ptolemy.util.test.junit.TclTests.RunTclFile(TclTests.java:233)
	at java.base/jdk.internal.reflect.NativeMethodAccessorImpl.invoke0(Native Method)
	at java.base/jdk.internal.reflect.NativeMethodAccessorImpl.invoke(NativeMethodAccessorImpl.java:62)
	at java.base/jdk.internal.reflect.DelegatingMethodAccessorImpl.invoke(DelegatingMethodAccessorImpl.java:43)
	at java.base/java.lang.reflect.Method.invoke(Method.java:566)
	at org.junit.runners.model.FrameworkMethod$1.runReflectiveCall(FrameworkMethod.java:44)
	at org.junit.internal.runners.model.ReflectiveCallable.run(ReflectiveCallable.java:15)
	at org.junit.runners.model.FrameworkMethod.invokeExplosively(FrameworkMethod.java:41)
	at junitparams.internal.InvokeParameterisedMethod.evaluate(InvokeParameterisedMethod.java:102)
	at junitparams.internal.ParameterisedTestMethodRunner.runMethodInvoker(ParameterisedTestMethodRunner.java:47)
	at junitparams.internal.ParameterisedTestMethodRunner.runTestMethod(ParameterisedTestMethodRunner.java:41)
	at junitparams.internal.ParameterisedTestClassRunner.runParameterisedTest(ParameterisedTestClassRunner.java:143)
	at junitparams.JUnitParamsRunner.runChild(JUnitParamsRunner.java:237)
	at junitparams.JUnitParamsRunner.runChild(JUnitParamsRunner.java:215)
	at org.junit.runners.ParentRunner$3.run(ParentRunner.java:193)
	at org.junit.runners.ParentRunner$1.schedule(ParentRunner.java:52)
	at org.junit.runners.ParentRunner.runChildren(ParentRunner.java:191)
	at org.junit.runners.ParentRunner.access$000(ParentRunner.java:42)
	at org.junit.runners.ParentRunner$2.evaluate(ParentRunner.java:184)
	at org.junit.internal.runners.statements.RunAfters.evaluate(RunAfters.java:31)
	at org.junit.runners.ParentRunner.run(ParentRunner.java:236)
	at org.junit.runners.Suite.runChild(Suite.java:128)
	at org.junit.runners.Suite.runChild(Suite.java:24)
	at org.junit.runners.ParentRunner$3.run(ParentRunner.java:193)
	at org.junit.runners.ParentRunner$1.schedule(ParentRunner.java:52)
	at org.junit.runners.ParentRunner.runChildren(ParentRunner.java:191)
	at org.junit.runners.ParentRunner.access$000(ParentRunner.java:42)
	at org.junit.runners.ParentRunner$2.evaluate(ParentRunner.java:184)
	at org.junit.runners.ParentRunner.run(ParentRunner.java:236)
	at junit.framework.JUnit4TestAdapter.run(JUnit4TestAdapter.java:39)
	at org.apache.tools.ant.taskdefs.optional.junit.JUnitTestRunner.run(JUnitTestRunner.java:535)
	at org.apache.tools.ant.taskdefs.optional.junit.JUnitTestRunner.launch(JUnitTestRunner.java:1182)
	at org.apache.tools.ant.taskdefs.optional.junit.JUnitTestRunner.main(JUnitTestRunner.java:1033)

	at jdk.scripting.nashorn/jdk.nashorn.internal.objects.NativeError.initException(NativeError.java:135)
	at jdk.scripting.nashorn/jdk.nashorn.internal.objects.NativeError.<init>(NativeError.java:101)
	at jdk.scripting.nashorn/jdk.nashorn.internal.objects.NativeError.<init>(NativeError.java:105)
	at jdk.scripting.nashorn/jdk.nashorn.internal.objects.NativeError.<init>(NativeError.java:109)
	at jdk.scripting.nashorn/jdk.nashorn.internal.objects.NativeError.constructor(NativeError.java:128)
	at jdk.scripting.nashorn.scripts/jdk.nashorn.internal.scripts.Script$Recompilation$545$require$cu1$restOf.L:45#_require(/home/travis/build/icyphy/ptII/ptolemy/actor/lib/jjs/external/require.js:454)
	at jdk.scripting.nashorn.scripts/jdk.nashorn.internal.scripts.Script$Recompilation$453$21065A$require.L:45#_requireClosure#L:466(/home/travis/build/icyphy/ptII/ptolemy/actor/lib/jjs/external/require.js:467)
	at jdk.scripting.nashorn.scripts/jdk.nashorn.internal.scripts.Script$Recompilation$527$1AAAAAAAAAAAAAA$\^function\_.L:1(<function>:97)
	at jdk.scripting.nashorn.scripts/jdk.nashorn.internal.scripts.Script$Recompilation$526$17933AAAAAA$require$cu1$restOf.L:1#Accessor(/home/travis/build/icyphy/ptII/ptolemy/actor/lib/jjs/external/require.js#409:30<eval>:545)
	at jdk.scripting.nashorn.scripts/jdk.nashorn.internal.scripts.Script$Recompilation$512$2801AAA$\^eval\_.evaluateCode(<eval>:96)
	at jdk.scripting.nashorn/jdk.nashorn.internal.runtime.ScriptFunctionData.invoke(ScriptFunctionData.java:661)
	at jdk.scripting.nashorn/jdk.nashorn.internal.runtime.ScriptFunction.invoke(ScriptFunction.java:513)
	at jdk.scripting.nashorn/jdk.nashorn.internal.runtime.ScriptRuntime.apply(ScriptRuntime.java:527)
	at jdk.scripting.nashorn/jdk.nashorn.api.scripting.ScriptObjectMirror.callMember(ScriptObjectMirror.java:202)
	at jdk.scripting.nashorn/jdk.nashorn.api.scripting.NashornScriptEngine.invokeImpl(NashornScriptEngine.java:393)
	... 95 more
Warning: Nashorn engine is planned to be removed from a future JDK release
Warning: Nashorn engine is planned to be removed from a future JDK release
Warning: Nashorn engine is planned to be removed from a future JDK release
Cannot open index file: https://accessors.org/dashboard/index.json
java.net.SocketTimeoutException: connect timed out
Failed to populate library.
ptolemy.kernel.util.InternalErrorException: Cannot open index file: https://accessors.org/dashboard/index.json
  in .configuration.actor library.MoreLibraries.Accessors.dashboard
Because:
connect timed out
	at org.terraswarm.accessor.AccessorLibrary.populate(AccessorLibrary.java:249)
	at ptolemy.moml.EntityLibrary.deepEntityList(EntityLibrary.java:349)
	at ptolemy.kernel.CompositeEntity.deepEntityList(CompositeEntity.java:714)
	at ptolemy.moml.EntityLibrary.deepEntityList(EntityLibrary.java:350)
	at ptolemy.kernel.CompositeEntity.deepEntityList(CompositeEntity.java:714)
	at ptolemy.moml.EntityLibrary.deepEntityList(EntityLibrary.java:350)
	at ptolemy.kernel.CompositeEntity.deepEntityList(CompositeEntity.java:714)
	at ptolemy.kernel.CompositeEntity.deepEntityList(CompositeEntity.java:714)
	at ptolemy.kernel.CompositeEntity.allAtomicEntityList(CompositeEntity.java:188)
	at java.base/jdk.internal.reflect.NativeMethodAccessorImpl.invoke0(Native Method)
	at java.base/jdk.internal.reflect.NativeMethodAccessorImpl.invoke(NativeMethodAccessorImpl.java:62)
	at java.base/jdk.internal.reflect.DelegatingMethodAccessorImpl.invoke(DelegatingMethodAccessorImpl.java:43)
	at java.base/java.lang.reflect.Method.invoke(Method.java:566)
	at tcl.lang.reflect.PkgInvoker.invokeMethod(PkgInvoker.java:129)
	at tcl.lang.JavaInvoke.call(JavaInvoke.java:253)
	at tcl.lang.JavaInvoke.callMethod(JavaInvoke.java:116)
	at tcl.lang.ReflectObject.cmdProc(ReflectObject.java:727)
	at tcl.lang.Parser.evalObjv(Parser.java:740)
	at tcl.lang.Parser.eval2(Parser.java:1138)
	at tcl.lang.Parser.evalTokens(Parser.java:930)
	at tcl.lang.Parser.eval2(Parser.java:1125)
	at tcl.lang.Interp.eval(Interp.java:1782)
	at tcl.lang.Interp.eval(Interp.java:1841)
	at tcl.lang.UplevelCmd.cmdProc(UplevelCmd.java:93)
	at tcl.lang.Parser.evalObjv(Parser.java:740)
	at tcl.lang.Parser.eval2(Parser.java:1138)
	at tcl.lang.Interp.eval(Interp.java:1782)
	at tcl.lang.Interp.eval(Interp.java:1841)
	at tcl.lang.CatchCmd.cmdProc(CatchCmd.java:42)
	at tcl.lang.Parser.evalObjv(Parser.java:740)
	at tcl.lang.Parser.eval2(Parser.java:1138)
	at tcl.lang.Parser.evalTokens(Parser.java:930)
	at tcl.lang.Parser.eval2(Parser.java:1125)
	at tcl.lang.Procedure.cmdProc(Procedure.java:175)
	at tcl.lang.Parser.evalObjv(Parser.java:740)
	at tcl.lang.Parser.eval2(Parser.java:1138)
	at tcl.lang.Interp.eval(Interp.java:1782)
	at tcl.lang.Interp.eval(Interp.java:1841)
	at tcl.lang.ForeachCmd.cmdProc(ForeachCmd.java:116)
	at tcl.lang.AutoloadStub.cmdProc(Extension.java:144)
	at tcl.lang.Parser.evalObjv(Parser.java:740)
	at tcl.lang.Parser.eval2(Parser.java:1138)
	at tcl.lang.Interp.eval(Interp.java:1782)
	at tcl.lang.Interp.evalFile(Interp.java:1880)
	at java.base/jdk.internal.reflect.NativeMethodAccessorImpl.invoke0(Native Method)
	at java.base/jdk.internal.reflect.NativeMethodAccessorImpl.invoke(NativeMethodAccessorImpl.java:62)
	at java.base/jdk.internal.reflect.DelegatingMethodAccessorImpl.invoke(DelegatingMethodAccessorImpl.java:43)
	at java.base/java.lang.reflect.Method.invoke(Method.java:566)
	at ptolemy.util.test.junit.TclTests.RunTclFile(TclTests.java:233)
	at java.base/jdk.internal.reflect.NativeMethodAccessorImpl.invoke0(Native Method)
	at java.base/jdk.internal.reflect.NativeMethodAccessorImpl.invoke(NativeMethodAccessorImpl.java:62)
	at java.base/jdk.internal.reflect.DelegatingMethodAccessorImpl.invoke(DelegatingMethodAccessorImpl.java:43)
	at java.base/java.lang.reflect.Method.invoke(Method.java:566)
	at org.junit.runners.model.FrameworkMethod$1.runReflectiveCall(FrameworkMethod.java:44)
	at org.junit.internal.runners.model.ReflectiveCallable.run(ReflectiveCallable.java:15)
	at org.junit.runners.model.FrameworkMethod.invokeExplosively(FrameworkMethod.java:41)
	at junitparams.internal.InvokeParameterisedMethod.evaluate(InvokeParameterisedMethod.java:102)
	at junitparams.internal.ParameterisedTestMethodRunner.runMethodInvoker(ParameterisedTestMethodRunner.java:47)
	at junitparams.internal.ParameterisedTestMethodRunner.runTestMethod(ParameterisedTestMethodRunner.java:41)
	at junitparams.internal.ParameterisedTestClassRunner.runParameterisedTest(ParameterisedTestClassRunner.java:143)
	at junitparams.JUnitParamsRunner.runChild(JUnitParamsRunner.java:237)
	at junitparams.JUnitParamsRunner.runChild(JUnitParamsRunner.java:215)
	at org.junit.runners.ParentRunner$3.run(ParentRunner.java:193)
	at org.junit.runners.ParentRunner$1.schedule(ParentRunner.java:52)
	at org.junit.runners.ParentRunner.runChildren(ParentRunner.java:191)
	at org.junit.runners.ParentRunner.access$000(ParentRunner.java:42)
	at org.junit.runners.ParentRunner$2.evaluate(ParentRunner.java:184)
	at org.junit.internal.runners.statements.RunAfters.evaluate(RunAfters.java:31)
	at org.junit.runners.ParentRunner.run(ParentRunner.java:236)
	at org.junit.runners.Suite.runChild(Suite.java:128)
	at org.junit.runners.Suite.runChild(Suite.java:24)
	at org.junit.runners.ParentRunner$3.run(ParentRunner.java:193)
	at org.junit.runners.ParentRunner$1.schedule(ParentRunner.java:52)
	at org.junit.runners.ParentRunner.runChildren(ParentRunner.java:191)
	at org.junit.runners.ParentRunner.access$000(ParentRunner.java:42)
	at org.junit.runners.ParentRunner$2.evaluate(ParentRunner.java:184)
	at org.junit.runners.ParentRunner.run(ParentRunner.java:236)
	at junit.framework.JUnit4TestAdapter.run(JUnit4TestAdapter.java:39)
	at org.apache.tools.ant.taskdefs.optional.junit.JUnitTestRunner.run(JUnitTestRunner.java:535)
	at org.apache.tools.ant.taskdefs.optional.junit.JUnitTestRunner.launch(JUnitTestRunner.java:1182)
	at org.apache.tools.ant.taskdefs.optional.junit.JUnitTestRunner.main(JUnitTestRunner.java:1033)
Caused by: java.net.SocketTimeoutException: connect timed out
	at java.base/java.net.PlainSocketImpl.socketConnect(Native Method)
	at java.base/java.net.AbstractPlainSocketImpl.doConnect(AbstractPlainSocketImpl.java:399)
	at java.base/java.net.AbstractPlainSocketImpl.connectToAddress(AbstractPlainSocketImpl.java:242)
	at java.base/java.net.AbstractPlainSocketImpl.connect(AbstractPlainSocketImpl.java:224)
	at java.base/java.net.SocksSocketImpl.connect(SocksSocketImpl.java:403)
	at java.base/java.net.Socket.connect(Socket.java:591)
	at java.base/sun.security.ssl.SSLSocketImpl.connect(SSLSocketImpl.java:285)
	at java.base/sun.net.NetworkClient.doConnect(NetworkClient.java:177)
	at java.base/sun.net.www.http.HttpClient.openServer(HttpClient.java:474)
	at java.base/sun.net.www.http.HttpClient.openServer(HttpClient.java:569)
	at java.base/sun.net.www.protocol.https.HttpsClient.<init>(HttpsClient.java:265)
	at java.base/sun.net.www.protocol.https.HttpsClient.New(HttpsClient.java:372)
	at java.base/sun.net.www.protocol.https.AbstractDelegateHttpsURLConnection.getNewHttpClient(AbstractDelegateHttpsURLConnection.java:191)
	at java.base/sun.net.www.protocol.http.HttpURLConnection.plainConnect0(HttpURLConnection.java:1181)
	at java.base/sun.net.www.protocol.http.HttpURLConnection.plainConnect(HttpURLConnection.java:1075)
	at java.base/sun.net.www.protocol.https.AbstractDelegateHttpsURLConnection.connect(AbstractDelegateHttpsURLConnection.java:177)
	at java.base/sun.net.www.protocol.http.HttpURLConnection.getInputStream0(HttpURLConnection.java:1581)
	at java.base/sun.net.www.protocol.http.HttpURLConnection.getInputStream(HttpURLConnection.java:1509)
	at java.base/java.net.HttpURLConnection.getResponseCode(HttpURLConnection.java:527)
	at java.base/sun.net.www.protocol.https.HttpsURLConnectionImpl.getResponseCode(HttpsURLConnectionImpl.java:329)
	at ptolemy.util.FileUtilities.followRedirects(FileUtilities.java:434)
	at ptolemy.util.FileUtilities.openStreamFollowingRedirectsReturningBoth(FileUtilities.java:1011)
	at ptolemy.util.FileUtilities.openStreamFollowingRedirects(FileUtilities.java:952)
	at org.terraswarm.accessor.AccessorLibrary.populate(AccessorLibrary.java:161)
	... 80 more
Caused by: java.net.SocketTimeoutException: connect timed out
	at java.base/java.net.PlainSocketImpl.socketConnect(Native Method)
	at java.base/java.net.AbstractPlainSocketImpl.doConnect(AbstractPlainSocketImpl.java:399)
	at java.base/java.net.AbstractPlainSocketImpl.connectToAddress(AbstractPlainSocketImpl.java:242)
	at java.base/java.net.AbstractPlainSocketImpl.connect(AbstractPlainSocketImpl.java:224)
	at java.base/java.net.SocksSocketImpl.connect(SocksSocketImpl.java:403)
	at java.base/java.net.Socket.connect(Socket.java:591)
	at java.base/sun.security.ssl.SSLSocketImpl.connect(SSLSocketImpl.java:285)
	at java.base/sun.net.NetworkClient.doConnect(NetworkClient.java:177)
	at java.base/sun.net.www.http.HttpClient.openServer(HttpClient.java:474)
	at java.base/sun.net.www.http.HttpClient.openServer(HttpClient.java:569)
	at java.base/sun.net.www.protocol.https.HttpsClient.<init>(HttpsClient.java:265)
	at java.base/sun.net.www.protocol.https.HttpsClient.New(HttpsClient.java:372)
	at java.base/sun.net.www.protocol.https.AbstractDelegateHttpsURLConnection.getNewHttpClient(AbstractDelegateHttpsURLConnection.java:191)
	at java.base/sun.net.www.protocol.http.HttpURLConnection.plainConnect0(HttpURLConnection.java:1181)
	at java.base/sun.net.www.protocol.http.HttpURLConnection.plainConnect(HttpURLConnection.java:1075)
	at java.base/sun.net.www.protocol.https.AbstractDelegateHttpsURLConnection.connect(AbstractDelegateHttpsURLConnection.java:177)
	at java.base/sun.net.www.protocol.http.HttpURLConnection.getInputStream0(HttpURLConnection.java:1581)
	at java.base/sun.net.www.protocol.http.HttpURLConnection.getInputStream(HttpURLConnection.java:1509)
	at java.base/java.net.HttpURLConnection.getResponseCode(HttpURLConnection.java:527)
	at java.base/sun.net.www.protocol.https.HttpsURLConnectionImpl.getResponseCode(HttpsURLConnectionImpl.java:329)
	at ptolemy.util.FileUtilities.followRedirects(FileUtilities.java:434)
	at ptolemy.util.FileUtilities.openStreamFollowingRedirectsReturningBoth(FileUtilities.java:1011)
	at ptolemy.util.FileUtilities.openStreamFollowingRedirects(FileUtilities.java:952)
	at org.terraswarm.accessor.AccessorLibrary.populate(AccessorLibrary.java:161)
	at ptolemy.moml.EntityLibrary.deepEntityList(EntityLibrary.java:349)
	at ptolemy.kernel.CompositeEntity.deepEntityList(CompositeEntity.java:714)
	at ptolemy.moml.EntityLibrary.deepEntityList(EntityLibrary.java:350)
	at ptolemy.kernel.CompositeEntity.deepEntityList(CompositeEntity.java:714)
	at ptolemy.moml.EntityLibrary.deepEntityList(EntityLibrary.java:350)
	at ptolemy.kernel.CompositeEntity.deepEntityList(CompositeEntity.java:714)
	at ptolemy.kernel.CompositeEntity.deepEntityList(CompositeEntity.java:714)
	at ptolemy.kernel.CompositeEntity.allAtomicEntityList(CompositeEntity.java:188)
	at java.base/jdk.internal.reflect.NativeMethodAccessorImpl.invoke0(Native Method)
	at java.base/jdk.internal.reflect.NativeMethodAccessorImpl.invoke(NativeMethodAccessorImpl.java:62)
	at java.base/jdk.internal.reflect.DelegatingMethodAccessorImpl.invoke(DelegatingMethodAccessorImpl.java:43)
	at java.base/java.lang.reflect.Method.invoke(Method.java:566)
	at tcl.lang.reflect.PkgInvoker.invokeMethod(PkgInvoker.java:129)
	at tcl.lang.JavaInvoke.call(JavaInvoke.java:253)
	at tcl.lang.JavaInvoke.callMethod(JavaInvoke.java:116)
	at tcl.lang.ReflectObject.cmdProc(ReflectObject.java:727)
	at tcl.lang.Parser.evalObjv(Parser.java:740)
	at tcl.lang.Parser.eval2(Parser.java:1138)
	at tcl.lang.Parser.evalTokens(Parser.java:930)
	at tcl.lang.Parser.eval2(Parser.java:1125)
	at tcl.lang.Interp.eval(Interp.java:1782)
	at tcl.lang.Interp.eval(Interp.java:1841)
	at tcl.lang.UplevelCmd.cmdProc(UplevelCmd.java:93)
	at tcl.lang.Parser.evalObjv(Parser.java:740)
	at tcl.lang.Parser.eval2(Parser.java:1138)
	at tcl.lang.Interp.eval(Interp.java:1782)
	at tcl.lang.Interp.eval(Interp.java:1841)
	at tcl.lang.CatchCmd.cmdProc(CatchCmd.java:42)
	at tcl.lang.Parser.evalObjv(Parser.java:740)
	at tcl.lang.Parser.eval2(Parser.java:1138)
	at tcl.lang.Parser.evalTokens(Parser.java:930)
	at tcl.lang.Parser.eval2(Parser.java:1125)
	at tcl.lang.Procedure.cmdProc(Procedure.java:175)
	at tcl.lang.Parser.evalObjv(Parser.java:740)
	at tcl.lang.Parser.eval2(Parser.java:1138)
	at tcl.lang.Interp.eval(Interp.java:1782)
	at tcl.lang.Interp.eval(Interp.java:1841)
	at tcl.lang.ForeachCmd.cmdProc(ForeachCmd.java:116)
	at tcl.lang.AutoloadStub.cmdProc(Extension.java:144)
	at tcl.lang.Parser.evalObjv(Parser.java:740)
	at tcl.lang.Parser.eval2(Parser.java:1138)
	at tcl.lang.Interp.eval(Interp.java:1782)
	at tcl.lang.Interp.evalFile(Interp.java:1880)
	at java.base/jdk.internal.reflect.NativeMethodAccessorImpl.invoke0(Native Method)
	at java.base/jdk.internal.reflect.NativeMethodAccessorImpl.invoke(NativeMethodAccessorImpl.java:62)
	at java.base/jdk.internal.reflect.DelegatingMethodAccessorImpl.invoke(DelegatingMethodAccessorImpl.java:43)
	at java.base/java.lang.reflect.Method.invoke(Method.java:566)
	at ptolemy.util.test.junit.TclTests.RunTclFile(TclTests.java:233)
	at java.base/jdk.internal.reflect.NativeMethodAccessorImpl.invoke0(Native Method)
	at java.base/jdk.internal.reflect.NativeMethodAccessorImpl.invoke(NativeMethodAccessorImpl.java:62)
	at java.base/jdk.internal.reflect.DelegatingMethodAccessorImpl.invoke(DelegatingMethodAccessorImpl.java:43)
	at java.base/java.lang.reflect.Method.invoke(Method.java:566)
	at org.junit.runners.model.FrameworkMethod$1.runReflectiveCall(FrameworkMethod.java:44)
	at org.junit.internal.runners.model.ReflectiveCallable.run(ReflectiveCallable.java:15)
	at org.junit.runners.model.FrameworkMethod.invokeExplosively(FrameworkMethod.java:41)
	at junitparams.internal.InvokeParameterisedMethod.evaluate(InvokeParameterisedMethod.java:102)
	at junitparams.internal.ParameterisedTestMethodRunner.runMethodInvoker(ParameterisedTestMethodRunner.java:47)
	at junitparams.internal.ParameterisedTestMethodRunner.runTestMethod(ParameterisedTestMethodRunner.java:41)
	at junitparams.internal.ParameterisedTestClassRunner.runParameterisedTest(ParameterisedTestClassRunner.java:143)
	at junitparams.JUnitParamsRunner.runChild(JUnitParamsRunner.java:237)
	at junitparams.JUnitParamsRunner.runChild(JUnitParamsRunner.java:215)
	at org.junit.runners.ParentRunner$3.run(ParentRunner.java:193)
	at org.junit.runners.ParentRunner$1.schedule(ParentRunner.java:52)
	at org.junit.runners.ParentRunner.runChildren(ParentRunner.java:191)
	at org.junit.runners.ParentRunner.access$000(ParentRunner.java:42)
	at org.junit.runners.ParentRunner$2.evaluate(ParentRunner.java:184)
	at org.junit.internal.runners.statements.RunAfters.evaluate(RunAfters.java:31)
	at org.junit.runners.ParentRunner.run(ParentRunner.java:236)
	at org.junit.runners.Suite.runChild(Suite.java:128)
	at org.junit.runners.Suite.runChild(Suite.java:24)
	at org.junit.runners.ParentRunner$3.run(ParentRunner.java:193)
	at org.junit.runners.ParentRunner$1.schedule(ParentRunner.java:52)
	at org.junit.runners.ParentRunner.runChildren(ParentRunner.java:191)
	at org.junit.runners.ParentRunner.access$000(ParentRunner.java:42)
	at org.junit.runners.ParentRunner$2.evaluate(ParentRunner.java:184)
	at org.junit.runners.ParentRunner.run(ParentRunner.java:236)
	at junit.framework.JUnit4TestAdapter.run(JUnit4TestAdapter.java:39)
	at org.apache.tools.ant.taskdefs.optional.junit.JUnitTestRunner.run(JUnitTestRunner.java:535)
	at org.apache.tools.ant.taskdefs.optional.junit.JUnitTestRunner.launch(JUnitTestRunner.java:1182)
	at org.apache.tools.ant.taskdefs.optional.junit.JUnitTestRunner.main(JUnitTestRunner.java:1033)
Warning: Nashorn engine is planned to be removed from a future JDK release
Warning: Nashorn engine is planned to be removed from a future JDK release
Warning: Nashorn engine is planned to be removed from a future JDK release
Cannot open index file: https://accessors.org/devices/index.json
java.net.SocketTimeoutException: connect timed out
Failed to populate library.
ptolemy.kernel.util.InternalErrorException: Cannot open index file: https://accessors.org/devices/index.json
  in .configuration.actor library.MoreLibraries.Accessors.devices
Because:
connect timed out
	at org.terraswarm.accessor.AccessorLibrary.populate(AccessorLibrary.java:249)
	at ptolemy.moml.EntityLibrary.attributeList(EntityLibrary.java:226)
	at jdk.internal.reflect.GeneratedMethodAccessor20.invoke(Unknown Source)
	at java.base/jdk.internal.reflect.DelegatingMethodAccessorImpl.invoke(DelegatingMethodAccessorImpl.java:43)
	at java.base/java.lang.reflect.Method.invoke(Method.java:566)
	at tcl.lang.reflect.PkgInvoker.invokeMethod(PkgInvoker.java:129)
	at tcl.lang.JavaInvoke.call(JavaInvoke.java:253)
	at tcl.lang.JavaInvoke.callMethod(JavaInvoke.java:116)
	at tcl.lang.ReflectObject.cmdProc(ReflectObject.java:727)
	at tcl.lang.Parser.evalObjv(Parser.java:740)
	at tcl.lang.Parser.eval2(Parser.java:1138)
	at tcl.lang.Parser.evalTokens(Parser.java:930)
	at tcl.lang.Parser.eval2(Parser.java:1125)
	at tcl.lang.Interp.eval(Interp.java:1782)
	at tcl.lang.Interp.eval(Interp.java:1841)
	at tcl.lang.IfCmd.cmdProc(IfCmd.java:57)
	at tcl.lang.Parser.evalObjv(Parser.java:740)
	at tcl.lang.Parser.eval2(Parser.java:1138)
	at tcl.lang.Interp.eval(Interp.java:1782)
	at tcl.lang.Interp.eval(Interp.java:1841)
	at tcl.lang.ForCmd.cmdProc(ForCmd.java:57)
	at tcl.lang.AutoloadStub.cmdProc(Extension.java:144)
	at tcl.lang.Parser.evalObjv(Parser.java:740)
	at tcl.lang.Parser.eval2(Parser.java:1138)
	at tcl.lang.Interp.eval(Interp.java:1782)
	at tcl.lang.Interp.eval(Interp.java:1841)
	at tcl.lang.UplevelCmd.cmdProc(UplevelCmd.java:93)
	at tcl.lang.Parser.evalObjv(Parser.java:740)
	at tcl.lang.Parser.eval2(Parser.java:1138)
	at tcl.lang.Interp.eval(Interp.java:1782)
	at tcl.lang.Interp.eval(Interp.java:1841)
	at tcl.lang.CatchCmd.cmdProc(CatchCmd.java:42)
	at tcl.lang.Parser.evalObjv(Parser.java:740)
	at tcl.lang.Parser.eval2(Parser.java:1138)
	at tcl.lang.Parser.evalTokens(Parser.java:930)
	at tcl.lang.Parser.eval2(Parser.java:1125)
	at tcl.lang.Procedure.cmdProc(Procedure.java:175)
	at tcl.lang.Parser.evalObjv(Parser.java:740)
	at tcl.lang.Parser.eval2(Parser.java:1138)
	at tcl.lang.Interp.eval(Interp.java:1782)
	at tcl.lang.Interp.eval(Interp.java:1841)
	at tcl.lang.ForeachCmd.cmdProc(ForeachCmd.java:116)
	at tcl.lang.AutoloadStub.cmdProc(Extension.java:144)
	at tcl.lang.Parser.evalObjv(Parser.java:740)
	at tcl.lang.Parser.eval2(Parser.java:1138)
	at tcl.lang.Interp.eval(Interp.java:1782)
	at tcl.lang.Interp.evalFile(Interp.java:1880)
	at java.base/jdk.internal.reflect.NativeMethodAccessorImpl.invoke0(Native Method)
	at java.base/jdk.internal.reflect.NativeMethodAccessorImpl.invoke(NativeMethodAccessorImpl.java:62)
	at java.base/jdk.internal.reflect.DelegatingMethodAccessorImpl.invoke(DelegatingMethodAccessorImpl.java:43)
	at java.base/java.lang.reflect.Method.invoke(Method.java:566)
	at ptolemy.util.test.junit.TclTests.RunTclFile(TclTests.java:233)
	at java.base/jdk.internal.reflect.NativeMethodAccessorImpl.invoke0(Native Method)
	at java.base/jdk.internal.reflect.NativeMethodAccessorImpl.invoke(NativeMethodAccessorImpl.java:62)
	at java.base/jdk.internal.reflect.DelegatingMethodAccessorImpl.invoke(DelegatingMethodAccessorImpl.java:43)
	at java.base/java.lang.reflect.Method.invoke(Method.java:566)
	at org.junit.runners.model.FrameworkMethod$1.runReflectiveCall(FrameworkMethod.java:44)
	at org.junit.internal.runners.model.ReflectiveCallable.run(ReflectiveCallable.java:15)
	at org.junit.runners.model.FrameworkMethod.invokeExplosively(FrameworkMethod.java:41)
	at junitparams.internal.InvokeParameterisedMethod.evaluate(InvokeParameterisedMethod.java:102)
	at junitparams.internal.ParameterisedTestMethodRunner.runMethodInvoker(ParameterisedTestMethodRunner.java:47)
	at junitparams.internal.ParameterisedTestMethodRunner.runTestMethod(ParameterisedTestMethodRunner.java:41)
	at junitparams.internal.ParameterisedTestClassRunner.runParameterisedTest(ParameterisedTestClassRunner.java:143)
	at junitparams.JUnitParamsRunner.runChild(JUnitParamsRunner.java:237)
	at junitparams.JUnitParamsRunner.runChild(JUnitParamsRunner.java:215)
	at org.junit.runners.ParentRunner$3.run(ParentRunner.java:193)
	at org.junit.runners.ParentRunner$1.schedule(ParentRunner.java:52)
	at org.junit.runners.ParentRunner.runChildren(ParentRunner.java:191)
	at org.junit.runners.ParentRunner.access$000(ParentRunner.java:42)
	at org.junit.runners.ParentRunner$2.evaluate(ParentRunner.java:184)
	at org.junit.internal.runners.statements.RunAfters.evaluate(RunAfters.java:31)
	at org.junit.runners.ParentRunner.run(ParentRunner.java:236)
	at org.junit.runners.Suite.runChild(Suite.java:128)
	at org.junit.runners.Suite.runChild(Suite.java:24)
	at org.junit.runners.ParentRunner$3.run(ParentRunner.java:193)
	at org.junit.runners.ParentRunner$1.schedule(ParentRunner.java:52)
	at org.junit.runners.ParentRunner.runChildren(ParentRunner.java:191)
	at org.junit.runners.ParentRunner.access$000(ParentRunner.java:42)
	at org.junit.runners.ParentRunner$2.evaluate(ParentRunner.java:184)
	at org.junit.runners.ParentRunner.run(ParentRunner.java:236)
	at junit.framework.JUnit4TestAdapter.run(JUnit4TestAdapter.java:39)
	at org.apache.tools.ant.taskdefs.optional.junit.JUnitTestRunner.run(JUnitTestRunner.java:535)
	at org.apache.tools.ant.taskdefs.optional.junit.JUnitTestRunner.launch(JUnitTestRunner.java:1182)
	at org.apache.tools.ant.taskdefs.optional.junit.JUnitTestRunner.main(JUnitTestRunner.java:1033)
Caused by: java.net.SocketTimeoutException: connect timed out
	at java.base/java.net.PlainSocketImpl.socketConnect(Native Method)
	at java.base/java.net.AbstractPlainSocketImpl.doConnect(AbstractPlainSocketImpl.java:399)
	at java.base/java.net.AbstractPlainSocketImpl.connectToAddress(AbstractPlainSocketImpl.java:242)
	at java.base/java.net.AbstractPlainSocketImpl.connect(AbstractPlainSocketImpl.java:224)
	at java.base/java.net.SocksSocketImpl.connect(SocksSocketImpl.java:403)
	at java.base/java.net.Socket.connect(Socket.java:591)
	at java.base/sun.security.ssl.SSLSocketImpl.connect(SSLSocketImpl.java:285)
	at java.base/sun.net.NetworkClient.doConnect(NetworkClient.java:177)
	at java.base/sun.net.www.http.HttpClient.openServer(HttpClient.java:474)
	at java.base/sun.net.www.http.HttpClient.openServer(HttpClient.java:569)
	at java.base/sun.net.www.protocol.https.HttpsClient.<init>(HttpsClient.java:265)
	at java.base/sun.net.www.protocol.https.HttpsClient.New(HttpsClient.java:372)
	at java.base/sun.net.www.protocol.https.AbstractDelegateHttpsURLConnection.getNewHttpClient(AbstractDelegateHttpsURLConnection.java:191)
	at java.base/sun.net.www.protocol.http.HttpURLConnection.plainConnect0(HttpURLConnection.java:1181)
	at java.base/sun.net.www.protocol.http.HttpURLConnection.plainConnect(HttpURLConnection.java:1075)
	at java.base/sun.net.www.protocol.https.AbstractDelegateHttpsURLConnection.connect(AbstractDelegateHttpsURLConnection.java:177)
	at java.base/sun.net.www.protocol.http.HttpURLConnection.getInputStream0(HttpURLConnection.java:1581)
	at java.base/sun.net.www.protocol.http.HttpURLConnection.getInputStream(HttpURLConnection.java:1509)
	at java.base/java.net.HttpURLConnection.getResponseCode(HttpURLConnection.java:527)
	at java.base/sun.net.www.protocol.https.HttpsURLConnectionImpl.getResponseCode(HttpsURLConnectionImpl.java:329)
	at ptolemy.util.FileUtilities.followRedirects(FileUtilities.java:434)
	at ptolemy.util.FileUtilities.openStreamFollowingRedirectsReturningBoth(FileUtilities.java:1011)
	at ptolemy.util.FileUtilities.openStreamFollowingRedirects(FileUtilities.java:952)
	at org.terraswarm.accessor.AccessorLibrary.populate(AccessorLibrary.java:161)
	... 83 more
Caused by: java.net.SocketTimeoutException: connect timed out
	at java.base/java.net.PlainSocketImpl.socketConnect(Native Method)
	at java.base/java.net.AbstractPlainSocketImpl.doConnect(AbstractPlainSocketImpl.java:399)
	at java.base/java.net.AbstractPlainSocketImpl.connectToAddress(AbstractPlainSocketImpl.java:242)
	at java.base/java.net.AbstractPlainSocketImpl.connect(AbstractPlainSocketImpl.java:224)
	at java.base/java.net.SocksSocketImpl.connect(SocksSocketImpl.java:403)
	at java.base/java.net.Socket.connect(Socket.java:591)
	at java.base/sun.security.ssl.SSLSocketImpl.connect(SSLSocketImpl.java:285)
	at java.base/sun.net.NetworkClient.doConnect(NetworkClient.java:177)
	at java.base/sun.net.www.http.HttpClient.openServer(HttpClient.java:474)
	at java.base/sun.net.www.http.HttpClient.openServer(HttpClient.java:569)
	at java.base/sun.net.www.protocol.https.HttpsClient.<init>(HttpsClient.java:265)
	at java.base/sun.net.www.protocol.https.HttpsClient.New(HttpsClient.java:372)
	at java.base/sun.net.www.protocol.https.AbstractDelegateHttpsURLConnection.getNewHttpClient(AbstractDelegateHttpsURLConnection.java:191)
	at java.base/sun.net.www.protocol.http.HttpURLConnection.plainConnect0(HttpURLConnection.java:1181)
	at java.base/sun.net.www.protocol.http.HttpURLConnection.plainConnect(HttpURLConnection.java:1075)
	at java.base/sun.net.www.protocol.https.AbstractDelegateHttpsURLConnection.connect(AbstractDelegateHttpsURLConnection.java:177)
	at java.base/sun.net.www.protocol.http.HttpURLConnection.getInputStream0(HttpURLConnection.java:1581)
	at java.base/sun.net.www.protocol.http.HttpURLConnection.getInputStream(HttpURLConnection.java:1509)
	at java.base/java.net.HttpURLConnection.getResponseCode(HttpURLConnection.java:527)
	at java.base/sun.net.www.protocol.https.HttpsURLConnectionImpl.getResponseCode(HttpsURLConnectionImpl.java:329)
	at ptolemy.util.FileUtilities.followRedirects(FileUtilities.java:434)
	at ptolemy.util.FileUtilities.openStreamFollowingRedirectsReturningBoth(FileUtilities.java:1011)
	at ptolemy.util.FileUtilities.openStreamFollowingRedirects(FileUtilities.java:952)
	at org.terraswarm.accessor.AccessorLibrary.populate(AccessorLibrary.java:161)
	at ptolemy.moml.EntityLibrary.attributeList(EntityLibrary.java:226)
	at jdk.internal.reflect.GeneratedMethodAccessor20.invoke(Unknown Source)
	at java.base/jdk.internal.reflect.DelegatingMethodAccessorImpl.invoke(DelegatingMethodAccessorImpl.java:43)
	at java.base/java.lang.reflect.Method.invoke(Method.java:566)
	at tcl.lang.reflect.PkgInvoker.invokeMethod(PkgInvoker.java:129)
	at tcl.lang.JavaInvoke.call(JavaInvoke.java:253)
	at tcl.lang.JavaInvoke.callMethod(JavaInvoke.java:116)
	at tcl.lang.ReflectObject.cmdProc(ReflectObject.java:727)
	at tcl.lang.Parser.evalObjv(Parser.java:740)
	at tcl.lang.Parser.eval2(Parser.java:1138)
	at tcl.lang.Parser.evalTokens(Parser.java:930)
	at tcl.lang.Parser.eval2(Parser.java:1125)
	at tcl.lang.Interp.eval(Interp.java:1782)
	at tcl.lang.Interp.eval(Interp.java:1841)
	at tcl.lang.IfCmd.cmdProc(IfCmd.java:57)
	at tcl.lang.Parser.evalObjv(Parser.java:740)
	at tcl.lang.Parser.eval2(Parser.java:1138)
	at tcl.lang.Interp.eval(Interp.java:1782)
	at tcl.lang.Interp.eval(Interp.java:1841)
	at tcl.lang.ForCmd.cmdProc(ForCmd.java:57)
	at tcl.lang.AutoloadStub.cmdProc(Extension.java:144)
	at tcl.lang.Parser.evalObjv(Parser.java:740)
	at tcl.lang.Parser.eval2(Parser.java:1138)
	at tcl.lang.Interp.eval(Interp.java:1782)
	at tcl.lang.Interp.eval(Interp.java:1841)
	at tcl.lang.UplevelCmd.cmdProc(UplevelCmd.java:93)
	at tcl.lang.Parser.evalObjv(Parser.java:740)
	at tcl.lang.Parser.eval2(Parser.java:1138)
	at tcl.lang.Interp.eval(Interp.java:1782)
	at tcl.lang.Interp.eval(Interp.java:1841)
	at tcl.lang.CatchCmd.cmdProc(CatchCmd.java:42)
	at tcl.lang.Parser.evalObjv(Parser.java:740)
	at tcl.lang.Parser.eval2(Parser.java:1138)
	at tcl.lang.Parser.evalTokens(Parser.java:930)
	at tcl.lang.Parser.eval2(Parser.java:1125)
	at tcl.lang.Procedure.cmdProc(Procedure.java:175)
	at tcl.lang.Parser.evalObjv(Parser.java:740)
	at tcl.lang.Parser.eval2(Parser.java:1138)
	at tcl.lang.Interp.eval(Interp.java:1782)
	at tcl.lang.Interp.eval(Interp.java:1841)
	at tcl.lang.ForeachCmd.cmdProc(ForeachCmd.java:116)
	at tcl.lang.AutoloadStub.cmdProc(Extension.java:144)
	at tcl.lang.Parser.evalObjv(Parser.java:740)
	at tcl.lang.Parser.eval2(Parser.java:1138)
	at tcl.lang.Interp.eval(Interp.java:1782)
	at tcl.lang.Interp.evalFile(Interp.java:1880)
	at java.base/jdk.internal.reflect.NativeMethodAccessorImpl.invoke0(Native Method)
	at java.base/jdk.internal.reflect.NativeMethodAccessorImpl.invoke(NativeMethodAccessorImpl.java:62)
	at java.base/jdk.internal.reflect.DelegatingMethodAccessorImpl.invoke(DelegatingMethodAccessorImpl.java:43)
	at java.base/java.lang.reflect.Method.invoke(Method.java:566)
	at ptolemy.util.test.junit.TclTests.RunTclFile(TclTests.java:233)
	at java.base/jdk.internal.reflect.NativeMethodAccessorImpl.invoke0(Native Method)
	at java.base/jdk.internal.reflect.NativeMethodAccessorImpl.invoke(NativeMethodAccessorImpl.java:62)
	at java.base/jdk.internal.reflect.DelegatingMethodAccessorImpl.invoke(DelegatingMethodAccessorImpl.java:43)
	at java.base/java.lang.reflect.Method.invoke(Method.java:566)
	at org.junit.runners.model.FrameworkMethod$1.runReflectiveCall(FrameworkMethod.java:44)
	at org.junit.internal.runners.model.ReflectiveCallable.run(ReflectiveCallable.java:15)
	at org.junit.runners.model.FrameworkMethod.invokeExplosively(FrameworkMethod.java:41)
	at junitparams.internal.InvokeParameterisedMethod.evaluate(InvokeParameterisedMethod.java:102)
	at junitparams.internal.ParameterisedTestMethodRunner.runMethodInvoker(ParameterisedTestMethodRunner.java:47)
	at junitparams.internal.ParameterisedTestMethodRunner.runTestMethod(ParameterisedTestMethodRunner.java:41)
	at junitparams.internal.ParameterisedTestClassRunner.runParameterisedTest(ParameterisedTestClassRunner.java:143)
	at junitparams.JUnitParamsRunner.runChild(JUnitParamsRunner.java:237)
	at junitparams.JUnitParamsRunner.runChild(JUnitParamsRunner.java:215)
	at org.junit.runners.ParentRunner$3.run(ParentRunner.java:193)
	at org.junit.runners.ParentRunner$1.schedule(ParentRunner.java:52)
	at org.junit.runners.ParentRunner.runChildren(ParentRunner.java:191)
	at org.junit.runners.ParentRunner.access$000(ParentRunner.java:42)
	at org.junit.runners.ParentRunner$2.evaluate(ParentRunner.java:184)
	at org.junit.internal.runners.statements.RunAfters.evaluate(RunAfters.java:31)
	at org.junit.runners.ParentRunner.run(ParentRunner.java:236)
	at org.junit.runners.Suite.runChild(Suite.java:128)
	at org.junit.runners.Suite.runChild(Suite.java:24)
	at org.junit.runners.ParentRunner$3.run(ParentRunner.java:193)
	at org.junit.runners.ParentRunner$1.schedule(ParentRunner.java:52)
	at org.junit.runners.ParentRunner.runChildren(ParentRunner.java:191)
	at org.junit.runners.ParentRunner.access$000(ParentRunner.java:42)
	at org.junit.runners.ParentRunner$2.evaluate(ParentRunner.java:184)
	at org.junit.runners.ParentRunner.run(ParentRunner.java:236)
	at junit.framework.JUnit4TestAdapter.run(JUnit4TestAdapter.java:39)
	at org.apache.tools.ant.taskdefs.optional.junit.JUnitTestRunner.run(JUnitTestRunner.java:535)
	at org.apache.tools.ant.taskdefs.optional.junit.JUnitTestRunner.launch(JUnitTestRunner.java:1182)
	at org.apache.tools.ant.taskdefs.optional.junit.JUnitTestRunner.main(JUnitTestRunner.java:1033)
Warning: Nashorn engine is planned to be removed from a future JDK release
Warning: Nashorn engine is planned to be removed from a future JDK release
Warning: Nashorn engine is planned to be removed from a future JDK release
Loading accessor failed: Discovery.js
java.net.ConnectException: Connection timed out (Connection timed out)
Failed to populate library.
ptolemy.kernel.util.InternalErrorException: Loading accessor failed: Discovery.js
  in .configuration.actor library.MoreLibraries.Accessors.net
Because:
Connection timed out (Connection timed out)
	at org.terraswarm.accessor.AccessorLibrary.populate(AccessorLibrary.java:224)
	at ptolemy.moml.EntityLibrary.entityList(EntityLibrary.java:366)
	at ptolemy.kernel.CompositeEntity._unlinkLevelCrossingLinksToOutside(CompositeEntity.java:2769)
	at ptolemy.kernel.CompositeEntity._unlinkLevelCrossingLinksToOutside(CompositeEntity.java:2775)
	at ptolemy.kernel.CompositeEntity._unlinkLevelCrossingLinksToOutside(CompositeEntity.java:2775)
	at ptolemy.kernel.CompositeEntity._unlinkLevelCrossingLinksToOutside(CompositeEntity.java:2775)
	at ptolemy.kernel.CompositeEntity._unlinkLevelCrossingLinksToOutside(CompositeEntity.java:2775)
	at ptolemy.kernel.CompositeEntity.setContainer(CompositeEntity.java:1878)
	at ptolemy.actor.gui.Configuration.setContainer(Configuration.java:1266)
	at ptolemy.moml.MoMLParser.parse(MoMLParser.java:1693)
	at ptolemy.moml.MoMLParser.parse(MoMLParser.java:1617)
	at ptolemy.moml.MoMLParser.parse(MoMLParser.java:1792)
	at org.terraswarm.accessor.AccessorLibrary.populate(AccessorLibrary.java:194)
	at ptolemy.moml.EntityLibrary.deepEntityList(EntityLibrary.java:349)
	at ptolemy.kernel.CompositeEntity.deepEntityList(CompositeEntity.java:714)
	at ptolemy.moml.EntityLibrary.deepEntityList(EntityLibrary.java:350)
	at ptolemy.kernel.CompositeEntity.deepEntityList(CompositeEntity.java:714)
	at ptolemy.moml.EntityLibrary.deepEntityList(EntityLibrary.java:350)
	at ptolemy.kernel.CompositeEntity.deepEntityList(CompositeEntity.java:714)
	at ptolemy.kernel.CompositeEntity.deepEntityList(CompositeEntity.java:714)
	at ptolemy.kernel.CompositeEntity.allAtomicEntityList(CompositeEntity.java:188)
	at java.base/jdk.internal.reflect.NativeMethodAccessorImpl.invoke0(Native Method)
	at java.base/jdk.internal.reflect.NativeMethodAccessorImpl.invoke(NativeMethodAccessorImpl.java:62)
	at java.base/jdk.internal.reflect.DelegatingMethodAccessorImpl.invoke(DelegatingMethodAccessorImpl.java:43)
	at java.base/java.lang.reflect.Method.invoke(Method.java:566)
	at tcl.lang.reflect.PkgInvoker.invokeMethod(PkgInvoker.java:129)
	at tcl.lang.JavaInvoke.call(JavaInvoke.java:253)
	at tcl.lang.JavaInvoke.callMethod(JavaInvoke.java:116)
	at tcl.lang.ReflectObject.cmdProc(ReflectObject.java:727)
	at tcl.lang.Parser.evalObjv(Parser.java:740)
	at tcl.lang.Parser.eval2(Parser.java:1138)
	at tcl.lang.Parser.evalTokens(Parser.java:930)
	at tcl.lang.Parser.eval2(Parser.java:1125)
	at tcl.lang.Interp.eval(Interp.java:1782)
	at tcl.lang.Interp.eval(Interp.java:1841)
	at tcl.lang.UplevelCmd.cmdProc(UplevelCmd.java:93)
	at tcl.lang.Parser.evalObjv(Parser.java:740)
	at tcl.lang.Parser.eval2(Parser.java:1138)
	at tcl.lang.Interp.eval(Interp.java:1782)
	at tcl.lang.Interp.eval(Interp.java:1841)
	at tcl.lang.CatchCmd.cmdProc(CatchCmd.java:42)
	at tcl.lang.Parser.evalObjv(Parser.java:740)
	at tcl.lang.Parser.eval2(Parser.java:1138)
	at tcl.lang.Parser.evalTokens(Parser.java:930)
	at tcl.lang.Parser.eval2(Parser.java:1125)
	at tcl.lang.Procedure.cmdProc(Procedure.java:175)
	at tcl.lang.Parser.evalObjv(Parser.java:740)
	at tcl.lang.Parser.eval2(Parser.java:1138)
	at tcl.lang.Interp.eval(Interp.java:1782)
	at tcl.lang.Interp.eval(Interp.java:1841)
	at tcl.lang.ForeachCmd.cmdProc(ForeachCmd.java:116)
	at tcl.lang.AutoloadStub.cmdProc(Extension.java:144)
	at tcl.lang.Parser.evalObjv(Parser.java:740)
	at tcl.lang.Parser.eval2(Parser.java:1138)
	at tcl.lang.Interp.eval(Interp.java:1782)
	at tcl.lang.Interp.evalFile(Interp.java:1880)
	at java.base/jdk.internal.reflect.NativeMethodAccessorImpl.invoke0(Native Method)
	at java.base/jdk.internal.reflect.NativeMethodAccessorImpl.invoke(NativeMethodAccessorImpl.java:62)
	at java.base/jdk.internal.reflect.DelegatingMethodAccessorImpl.invoke(DelegatingMethodAccessorImpl.java:43)
	at java.base/java.lang.reflect.Method.invoke(Method.java:566)
	at ptolemy.util.test.junit.TclTests.RunTclFile(TclTests.java:233)
	at java.base/jdk.internal.reflect.NativeMethodAccessorImpl.invoke0(Native Method)
	at java.base/jdk.internal.reflect.NativeMethodAccessorImpl.invoke(NativeMethodAccessorImpl.java:62)
	at java.base/jdk.internal.reflect.DelegatingMethodAccessorImpl.invoke(DelegatingMethodAccessorImpl.java:43)
	at java.base/java.lang.reflect.Method.invoke(Method.java:566)
	at org.junit.runners.model.FrameworkMethod$1.runReflectiveCall(FrameworkMethod.java:44)
	at org.junit.internal.runners.model.ReflectiveCallable.run(ReflectiveCallable.java:15)
	at org.junit.runners.model.FrameworkMethod.invokeExplosively(FrameworkMethod.java:41)
	at junitparams.internal.InvokeParameterisedMethod.evaluate(InvokeParameterisedMethod.java:102)
	at junitparams.internal.ParameterisedTestMethodRunner.runMethodInvoker(ParameterisedTestMethodRunner.java:47)
	at junitparams.internal.ParameterisedTestMethodRunner.runTestMethod(ParameterisedTestMethodRunner.java:41)
	at junitparams.internal.ParameterisedTestClassRunner.runParameterisedTest(ParameterisedTestClassRunner.java:143)
	at junitparams.JUnitParamsRunner.runChild(JUnitParamsRunner.java:237)
	at junitparams.JUnitParamsRunner.runChild(JUnitParamsRunner.java:215)
	at org.junit.runners.ParentRunner$3.run(ParentRunner.java:193)
	at org.junit.runners.ParentRunner$1.schedule(ParentRunner.java:52)
	at org.junit.runners.ParentRunner.runChildren(ParentRunner.java:191)
	at org.junit.runners.ParentRunner.access$000(ParentRunner.java:42)
	at org.junit.runners.ParentRunner$2.evaluate(ParentRunner.java:184)
	at org.junit.internal.runners.statements.RunAfters.evaluate(RunAfters.java:31)
	at org.junit.runners.ParentRunner.run(ParentRunner.java:236)
	at org.junit.runners.Suite.runChild(Suite.java:128)
	at org.junit.runners.Suite.runChild(Suite.java:24)
	at org.junit.runners.ParentRunner$3.run(ParentRunner.java:193)
	at org.junit.runners.ParentRunner$1.schedule(ParentRunner.java:52)
	at org.junit.runners.ParentRunner.runChildren(ParentRunner.java:191)
	at org.junit.runners.ParentRunner.access$000(ParentRunner.java:42)
	at org.junit.runners.ParentRunner$2.evaluate(ParentRunner.java:184)
	at org.junit.runners.ParentRunner.run(ParentRunner.java:236)
	at junit.framework.JUnit4TestAdapter.run(JUnit4TestAdapter.java:39)
	at org.apache.tools.ant.taskdefs.optional.junit.JUnitTestRunner.run(JUnitTestRunner.java:535)
	at org.apache.tools.ant.taskdefs.optional.junit.JUnitTestRunner.launch(JUnitTestRunner.java:1182)
	at org.apache.tools.ant.taskdefs.optional.junit.JUnitTestRunner.main(JUnitTestRunner.java:1033)
Caused by: java.net.ConnectException: Connection timed out (Connection timed out)
	at java.base/java.net.PlainSocketImpl.socketConnect(Native Method)
	at java.base/java.net.AbstractPlainSocketImpl.doConnect(AbstractPlainSocketImpl.java:399)
	at java.base/java.net.AbstractPlainSocketImpl.connectToAddress(AbstractPlainSocketImpl.java:242)
	at java.base/java.net.AbstractPlainSocketImpl.connect(AbstractPlainSocketImpl.java:224)
	at java.base/java.net.SocksSocketImpl.connect(SocksSocketImpl.java:403)
	at java.base/java.net.Socket.connect(Socket.java:591)
	at java.base/sun.security.ssl.SSLSocketImpl.connect(SSLSocketImpl.java:285)
	at java.base/sun.security.ssl.BaseSSLSocketImpl.connect(BaseSSLSocketImpl.java:173)
	at java.base/sun.net.NetworkClient.doConnect(NetworkClient.java:182)
	at java.base/sun.net.www.http.HttpClient.openServer(HttpClient.java:474)
	at java.base/sun.net.www.http.HttpClient.openServer(HttpClient.java:569)
	at java.base/sun.net.www.protocol.https.HttpsClient.<init>(HttpsClient.java:265)
	at java.base/sun.net.www.protocol.https.HttpsClient.New(HttpsClient.java:372)
	at java.base/sun.net.www.protocol.https.AbstractDelegateHttpsURLConnection.getNewHttpClient(AbstractDelegateHttpsURLConnection.java:191)
	at java.base/sun.net.www.protocol.http.HttpURLConnection.plainConnect0(HttpURLConnection.java:1181)
	at java.base/sun.net.www.protocol.http.HttpURLConnection.plainConnect(HttpURLConnection.java:1075)
	at java.base/sun.net.www.protocol.https.AbstractDelegateHttpsURLConnection.connect(AbstractDelegateHttpsURLConnection.java:177)
	at java.base/sun.net.www.protocol.http.HttpURLConnection.getInputStream0(HttpURLConnection.java:1581)
	at java.base/sun.net.www.protocol.http.HttpURLConnection.getInputStream(HttpURLConnection.java:1509)
	at java.base/sun.net.www.protocol.https.HttpsURLConnectionImpl.getInputStream(HttpsURLConnectionImpl.java:245)
	at java.base/java.net.URL.openStream(URL.java:1117)
	at ptolemy.util.FileUtilities.openStreamFollowingRedirectsReturningBoth(FileUtilities.java:1012)
	at ptolemy.util.FileUtilities.openStreamFollowingRedirects(FileUtilities.java:952)
	at org.terraswarm.accessor.JSAccessor._accessorToMoML(JSAccessor.java:1100)
	at org.terraswarm.accessor.JSAccessor.accessorToMoML(JSAccessor.java:293)
	at org.terraswarm.accessor.AccessorLibrary.populate(AccessorLibrary.java:191)
	... 92 more
Caused by: java.net.ConnectException: Connection timed out (Connection timed out)
	at java.base/java.net.PlainSocketImpl.socketConnect(Native Method)
	at java.base/java.net.AbstractPlainSocketImpl.doConnect(AbstractPlainSocketImpl.java:399)
	at java.base/java.net.AbstractPlainSocketImpl.connectToAddress(AbstractPlainSocketImpl.java:242)
	at java.base/java.net.AbstractPlainSocketImpl.connect(AbstractPlainSocketImpl.java:224)
	at java.base/java.net.SocksSocketImpl.connect(SocksSocketImpl.java:403)
	at java.base/java.net.Socket.connect(Socket.java:591)
	at java.base/sun.security.ssl.SSLSocketImpl.connect(SSLSocketImpl.java:285)
	at java.base/sun.security.ssl.BaseSSLSocketImpl.connect(BaseSSLSocketImpl.java:173)
	at java.base/sun.net.NetworkClient.doConnect(NetworkClient.java:182)
	at java.base/sun.net.www.http.HttpClient.openServer(HttpClient.java:474)
	at java.base/sun.net.www.http.HttpClient.openServer(HttpClient.java:569)
	at java.base/sun.net.www.protocol.https.HttpsClient.<init>(HttpsClient.java:265)
	at java.base/sun.net.www.protocol.https.HttpsClient.New(HttpsClient.java:372)
	at java.base/sun.net.www.protocol.https.AbstractDelegateHttpsURLConnection.getNewHttpClient(AbstractDelegateHttpsURLConnection.java:191)
	at java.base/sun.net.www.protocol.http.HttpURLConnection.plainConnect0(HttpURLConnection.java:1181)
	at java.base/sun.net.www.protocol.http.HttpURLConnection.plainConnect(HttpURLConnection.java:1075)
	at java.base/sun.net.www.protocol.https.AbstractDelegateHttpsURLConnection.connect(AbstractDelegateHttpsURLConnection.java:177)
	at java.base/sun.net.www.protocol.http.HttpURLConnection.getInputStream0(HttpURLConnection.java:1581)
	at java.base/sun.net.www.protocol.http.HttpURLConnection.getInputStream(HttpURLConnection.java:1509)
	at java.base/sun.net.www.protocol.https.HttpsURLConnectionImpl.getInputStream(HttpsURLConnectionImpl.java:245)
	at java.base/java.net.URL.openStream(URL.java:1117)
	at ptolemy.util.FileUtilities.openStreamFollowingRedirectsReturningBoth(FileUtilities.java:1012)
	at ptolemy.util.FileUtilities.openStreamFollowingRedirects(FileUtilities.java:952)
	at org.terraswarm.accessor.JSAccessor._accessorToMoML(JSAccessor.java:1100)
	at org.terraswarm.accessor.JSAccessor.accessorToMoML(JSAccessor.java:293)
	at org.terraswarm.accessor.AccessorLibrary.populate(AccessorLibrary.java:191)
	at ptolemy.moml.EntityLibrary.entityList(EntityLibrary.java:366)
	at ptolemy.kernel.CompositeEntity._unlinkLevelCrossingLinksToOutside(CompositeEntity.java:2769)
	at ptolemy.kernel.CompositeEntity._unlinkLevelCrossingLinksToOutside(CompositeEntity.java:2775)
	at ptolemy.kernel.CompositeEntity._unlinkLevelCrossingLinksToOutside(CompositeEntity.java:2775)
	at ptolemy.kernel.CompositeEntity._unlinkLevelCrossingLinksToOutside(CompositeEntity.java:2775)
	at ptolemy.kernel.CompositeEntity._unlinkLevelCrossingLinksToOutside(CompositeEntity.java:2775)
	at ptolemy.kernel.CompositeEntity.setContainer(CompositeEntity.java:1878)
	at ptolemy.actor.gui.Configuration.setContainer(Configuration.java:1266)
	at ptolemy.moml.MoMLParser.parse(MoMLParser.java:1693)
	at ptolemy.moml.MoMLParser.parse(MoMLParser.java:1617)
	at ptolemy.moml.MoMLParser.parse(MoMLParser.java:1792)
	at org.terraswarm.accessor.AccessorLibrary.populate(AccessorLibrary.java:194)
	at ptolemy.moml.EntityLibrary.deepEntityList(EntityLibrary.java:349)
	at ptolemy.kernel.CompositeEntity.deepEntityList(CompositeEntity.java:714)
	at ptolemy.moml.EntityLibrary.deepEntityList(EntityLibrary.java:350)
	at ptolemy.kernel.CompositeEntity.deepEntityList(CompositeEntity.java:714)
	at ptolemy.moml.EntityLibrary.deepEntityList(EntityLibrary.java:350)
	at ptolemy.kernel.CompositeEntity.deepEntityList(CompositeEntity.java:714)
	at ptolemy.kernel.CompositeEntity.deepEntityList(CompositeEntity.java:714)
	at ptolemy.kernel.CompositeEntity.allAtomicEntityList(CompositeEntity.java:188)
	at java.base/jdk.internal.reflect.NativeMethodAccessorImpl.invoke0(Native Method)
	at java.base/jdk.internal.reflect.NativeMethodAccessorImpl.invoke(NativeMethodAccessorImpl.java:62)
	at java.base/jdk.internal.reflect.DelegatingMethodAccessorImpl.invoke(DelegatingMethodAccessorImpl.java:43)
	at java.base/java.lang.reflect.Method.invoke(Method.java:566)
	at tcl.lang.reflect.PkgInvoker.invokeMethod(PkgInvoker.java:129)
	at tcl.lang.JavaInvoke.call(JavaInvoke.java:253)
	at tcl.lang.JavaInvoke.callMethod(JavaInvoke.java:116)
	at tcl.lang.ReflectObject.cmdProc(ReflectObject.java:727)
	at tcl.lang.Parser.evalObjv(Parser.java:740)
	at tcl.lang.Parser.eval2(Parser.java:1138)
	at tcl.lang.Parser.evalTokens(Parser.java:930)
	at tcl.lang.Parser.eval2(Parser.java:1125)
	at tcl.lang.Interp.eval(Interp.java:1782)
	at tcl.lang.Interp.eval(Interp.java:1841)
	at tcl.lang.UplevelCmd.cmdProc(UplevelCmd.java:93)
	at tcl.lang.Parser.evalObjv(Parser.java:740)
	at tcl.lang.Parser.eval2(Parser.java:1138)
	at tcl.lang.Interp.eval(Interp.java:1782)
	at tcl.lang.Interp.eval(Interp.java:1841)
	at tcl.lang.CatchCmd.cmdProc(CatchCmd.java:42)
	at tcl.lang.Parser.evalObjv(Parser.java:740)
	at tcl.lang.Parser.eval2(Parser.java:1138)
	at tcl.lang.Parser.evalTokens(Parser.java:930)
	at tcl.lang.Parser.eval2(Parser.java:1125)
	at tcl.lang.Procedure.cmdProc(Procedure.java:175)
	at tcl.lang.Parser.evalObjv(Parser.java:740)
	at tcl.lang.Parser.eval2(Parser.java:1138)
	at tcl.lang.Interp.eval(Interp.java:1782)
	at tcl.lang.Interp.eval(Interp.java:1841)
	at tcl.lang.ForeachCmd.cmdProc(ForeachCmd.java:116)
	at tcl.lang.AutoloadStub.cmdProc(Extension.java:144)
	at tcl.lang.Parser.evalObjv(Parser.java:740)
	at tcl.lang.Parser.eval2(Parser.java:1138)
	at tcl.lang.Interp.eval(Interp.java:1782)
	at tcl.lang.Interp.evalFile(Interp.java:1880)
	at java.base/jdk.internal.reflect.NativeMethodAccessorImpl.invoke0(Native Method)
	at java.base/jdk.internal.reflect.NativeMethodAccessorImpl.invoke(NativeMethodAccessorImpl.java:62)
	at java.base/jdk.internal.reflect.DelegatingMethodAccessorImpl.invoke(DelegatingMethodAccessorImpl.java:43)
	at java.base/java.lang.reflect.Method.invoke(Method.java:566)
	at ptolemy.util.test.junit.TclTests.RunTclFile(TclTests.java:233)
	at java.base/jdk.internal.reflect.NativeMethodAccessorImpl.invoke0(Native Method)
	at java.base/jdk.internal.reflect.NativeMethodAccessorImpl.invoke(NativeMethodAccessorImpl.java:62)
	at java.base/jdk.internal.reflect.DelegatingMethodAccessorImpl.invoke(DelegatingMethodAccessorImpl.java:43)
	at java.base/java.lang.reflect.Method.invoke(Method.java:566)
	at org.junit.runners.model.FrameworkMethod$1.runReflectiveCall(FrameworkMethod.java:44)
	at org.junit.internal.runners.model.ReflectiveCallable.run(ReflectiveCallable.java:15)
	at org.junit.runners.model.FrameworkMethod.invokeExplosively(FrameworkMethod.java:41)
	at junitparams.internal.InvokeParameterisedMethod.evaluate(InvokeParameterisedMethod.java:102)
	at junitparams.internal.ParameterisedTestMethodRunner.runMethodInvoker(ParameterisedTestMethodRunner.java:47)
	at junitparams.internal.ParameterisedTestMethodRunner.runTestMethod(ParameterisedTestMethodRunner.java:41)
	at junitparams.internal.ParameterisedTestClassRunner.runParameterisedTest(ParameterisedTestClassRunner.java:143)
	at junitparams.JUnitParamsRunner.runChild(JUnitParamsRunner.java:237)
	at junitparams.JUnitParamsRunner.runChild(JUnitParamsRunner.java:215)
	at org.junit.runners.ParentRunner$3.run(ParentRunner.java:193)
	at org.junit.runners.ParentRunner$1.schedule(ParentRunner.java:52)
	at org.junit.runners.ParentRunner.runChildren(ParentRunner.java:191)
	at org.junit.runners.ParentRunner.access$000(ParentRunner.java:42)
	at org.junit.runners.ParentRunner$2.evaluate(ParentRunner.java:184)
	at org.junit.internal.runners.statements.RunAfters.evaluate(RunAfters.java:31)
	at org.junit.runners.ParentRunner.run(ParentRunner.java:236)
	at org.junit.runners.Suite.runChild(Suite.java:128)
	at org.junit.runners.Suite.runChild(Suite.java:24)
	at org.junit.runners.ParentRunner$3.run(ParentRunner.java:193)
	at org.junit.runners.ParentRunner$1.schedule(ParentRunner.java:52)
	at org.junit.runners.ParentRunner.runChildren(ParentRunner.java:191)
	at org.junit.runners.ParentRunner.access$000(ParentRunner.java:42)
	at org.junit.runners.ParentRunner$2.evaluate(ParentRunner.java:184)
	at org.junit.runners.ParentRunner.run(ParentRunner.java:236)
	at junit.framework.JUnit4TestAdapter.run(JUnit4TestAdapter.java:39)
	at org.apache.tools.ant.taskdefs.optional.junit.JUnitTestRunner.run(JUnitTestRunner.java:535)
	at org.apache.tools.ant.taskdefs.optional.junit.JUnitTestRunner.launch(JUnitTestRunner.java:1182)
	at org.apache.tools.ant.taskdefs.optional.junit.JUnitTestRunner.main(JUnitTestRunner.java:1033)
Loading accessor failed: AprilTags.js
java.net.SocketTimeoutException: connect timed out
Failed to populate library.
ptolemy.kernel.util.InternalErrorException: Loading accessor failed: AprilTags.js
  in .configuration.actor library.MoreLibraries.Accessors.image
Because:
connect timed out
	at org.terraswarm.accessor.AccessorLibrary.populate(AccessorLibrary.java:224)
	at ptolemy.moml.EntityLibrary.deepEntityList(EntityLibrary.java:349)
	at ptolemy.kernel.CompositeEntity.deepEntityList(CompositeEntity.java:714)
	at ptolemy.moml.EntityLibrary.deepEntityList(EntityLibrary.java:350)
	at ptolemy.kernel.CompositeEntity.deepEntityList(CompositeEntity.java:714)
	at ptolemy.moml.EntityLibrary.deepEntityList(EntityLibrary.java:350)
	at ptolemy.kernel.CompositeEntity.deepEntityList(CompositeEntity.java:714)
	at ptolemy.kernel.CompositeEntity.deepEntityList(CompositeEntity.java:714)
	at ptolemy.kernel.CompositeEntity.allAtomicEntityList(CompositeEntity.java:188)
	at java.base/jdk.internal.reflect.NativeMethodAccessorImpl.invoke0(Native Method)
	at java.base/jdk.internal.reflect.NativeMethodAccessorImpl.invoke(NativeMethodAccessorImpl.java:62)
	at java.base/jdk.internal.reflect.DelegatingMethodAccessorImpl.invoke(DelegatingMethodAccessorImpl.java:43)
	at java.base/java.lang.reflect.Method.invoke(Method.java:566)
	at tcl.lang.reflect.PkgInvoker.invokeMethod(PkgInvoker.java:129)
	at tcl.lang.JavaInvoke.call(JavaInvoke.java:253)
	at tcl.lang.JavaInvoke.callMethod(JavaInvoke.java:116)
	at tcl.lang.ReflectObject.cmdProc(ReflectObject.java:727)
	at tcl.lang.Parser.evalObjv(Parser.java:740)
	at tcl.lang.Parser.eval2(Parser.java:1138)
	at tcl.lang.Parser.evalTokens(Parser.java:930)
	at tcl.lang.Parser.eval2(Parser.java:1125)
	at tcl.lang.Interp.eval(Interp.java:1782)
	at tcl.lang.Interp.eval(Interp.java:1841)
	at tcl.lang.UplevelCmd.cmdProc(UplevelCmd.java:93)
	at tcl.lang.Parser.evalObjv(Parser.java:740)
	at tcl.lang.Parser.eval2(Parser.java:1138)
	at tcl.lang.Interp.eval(Interp.java:1782)
	at tcl.lang.Interp.eval(Interp.java:1841)
	at tcl.lang.CatchCmd.cmdProc(CatchCmd.java:42)
	at tcl.lang.Parser.evalObjv(Parser.java:740)
	at tcl.lang.Parser.eval2(Parser.java:1138)
	at tcl.lang.Parser.evalTokens(Parser.java:930)
	at tcl.lang.Parser.eval2(Parser.java:1125)
	at tcl.lang.Procedure.cmdProc(Procedure.java:175)
	at tcl.lang.Parser.evalObjv(Parser.java:740)
	at tcl.lang.Parser.eval2(Parser.java:1138)
	at tcl.lang.Interp.eval(Interp.java:1782)
	at tcl.lang.Interp.eval(Interp.java:1841)
	at tcl.lang.ForeachCmd.cmdProc(ForeachCmd.java:116)
	at tcl.lang.AutoloadStub.cmdProc(Extension.java:144)
	at tcl.lang.Parser.evalObjv(Parser.java:740)
	at tcl.lang.Parser.eval2(Parser.java:1138)
	at tcl.lang.Interp.eval(Interp.java:1782)
	at tcl.lang.Interp.evalFile(Interp.java:1880)
	at java.base/jdk.internal.reflect.NativeMethodAccessorImpl.invoke0(Native Method)
	at java.base/jdk.internal.reflect.NativeMethodAccessorImpl.invoke(NativeMethodAccessorImpl.java:62)
	at java.base/jdk.internal.reflect.DelegatingMethodAccessorImpl.invoke(DelegatingMethodAccessorImpl.java:43)
	at java.base/java.lang.reflect.Method.invoke(Method.java:566)
	at ptolemy.util.test.junit.TclTests.RunTclFile(TclTests.java:233)
	at java.base/jdk.internal.reflect.NativeMethodAccessorImpl.invoke0(Native Method)
	at java.base/jdk.internal.reflect.NativeMethodAccessorImpl.invoke(NativeMethodAccessorImpl.java:62)
	at java.base/jdk.internal.reflect.DelegatingMethodAccessorImpl.invoke(DelegatingMethodAccessorImpl.java:43)
	at java.base/java.lang.reflect.Method.invoke(Method.java:566)
	at org.junit.runners.model.FrameworkMethod$1.runReflectiveCall(FrameworkMethod.java:44)
	at org.junit.internal.runners.model.ReflectiveCallable.run(ReflectiveCallable.java:15)
	at org.junit.runners.model.FrameworkMethod.invokeExplosively(FrameworkMethod.java:41)
	at junitparams.internal.InvokeParameterisedMethod.evaluate(InvokeParameterisedMethod.java:102)
	at junitparams.internal.ParameterisedTestMethodRunner.runMethodInvoker(ParameterisedTestMethodRunner.java:47)
	at junitparams.internal.ParameterisedTestMethodRunner.runTestMethod(ParameterisedTestMethodRunner.java:41)
	at junitparams.internal.ParameterisedTestClassRunner.runParameterisedTest(ParameterisedTestClassRunner.java:143)
	at junitparams.JUnitParamsRunner.runChild(JUnitParamsRunner.java:237)
	at junitparams.JUnitParamsRunner.runChild(JUnitParamsRunner.java:215)
	at org.junit.runners.ParentRunner$3.run(ParentRunner.java:193)
	at org.junit.runners.ParentRunner$1.schedule(ParentRunner.java:52)
	at org.junit.runners.ParentRunner.runChildren(ParentRunner.java:191)
	at org.junit.runners.ParentRunner.access$000(ParentRunner.java:42)
	at org.junit.runners.ParentRunner$2.evaluate(ParentRunner.java:184)
	at org.junit.internal.runners.statements.RunAfters.evaluate(RunAfters.java:31)
	at org.junit.runners.ParentRunner.run(ParentRunner.java:236)
	at org.junit.runners.Suite.runChild(Suite.java:128)
	at org.junit.runners.Suite.runChild(Suite.java:24)
	at org.junit.runners.ParentRunner$3.run(ParentRunner.java:193)
	at org.junit.runners.ParentRunner$1.schedule(ParentRunner.java:52)
	at org.junit.runners.ParentRunner.runChildren(ParentRunner.java:191)
	at org.junit.runners.ParentRunner.access$000(ParentRunner.java:42)
	at org.junit.runners.ParentRunner$2.evaluate(ParentRunner.java:184)
	at org.junit.runners.ParentRunner.run(ParentRunner.java:236)
	at junit.framework.JUnit4TestAdapter.run(JUnit4TestAdapter.java:39)
	at org.apache.tools.ant.taskdefs.optional.junit.JUnitTestRunner.run(JUnitTestRunner.java:535)
	at org.apache.tools.ant.taskdefs.optional.junit.JUnitTestRunner.launch(JUnitTestRunner.java:1182)
	at org.apache.tools.ant.taskdefs.optional.junit.JUnitTestRunner.main(JUnitTestRunner.java:1033)
Caused by: java.net.SocketTimeoutException: connect timed out
	at java.base/java.net.PlainSocketImpl.socketConnect(Native Method)
	at java.base/java.net.AbstractPlainSocketImpl.doConnect(AbstractPlainSocketImpl.java:399)
	at java.base/java.net.AbstractPlainSocketImpl.connectToAddress(AbstractPlainSocketImpl.java:242)
	at java.base/java.net.AbstractPlainSocketImpl.connect(AbstractPlainSocketImpl.java:224)
	at java.base/java.net.SocksSocketImpl.connect(SocksSocketImpl.java:403)
	at java.base/java.net.Socket.connect(Socket.java:591)
	at java.base/sun.security.ssl.SSLSocketImpl.connect(SSLSocketImpl.java:285)
	at java.base/sun.net.NetworkClient.doConnect(NetworkClient.java:177)
	at java.base/sun.net.www.http.HttpClient.openServer(HttpClient.java:474)
	at java.base/sun.net.www.http.HttpClient.openServer(HttpClient.java:569)
	at java.base/sun.net.www.protocol.https.HttpsClient.<init>(HttpsClient.java:265)
	at java.base/sun.net.www.protocol.https.HttpsClient.New(HttpsClient.java:372)
	at java.base/sun.net.www.protocol.https.AbstractDelegateHttpsURLConnection.getNewHttpClient(AbstractDelegateHttpsURLConnection.java:191)
	at java.base/sun.net.www.protocol.http.HttpURLConnection.plainConnect0(HttpURLConnection.java:1181)
	at java.base/sun.net.www.protocol.http.HttpURLConnection.plainConnect(HttpURLConnection.java:1075)
	at java.base/sun.net.www.protocol.https.AbstractDelegateHttpsURLConnection.connect(AbstractDelegateHttpsURLConnection.java:177)
	at java.base/sun.net.www.protocol.http.HttpURLConnection.getInputStream0(HttpURLConnection.java:1581)
	at java.base/sun.net.www.protocol.http.HttpURLConnection.getInputStream(HttpURLConnection.java:1509)
	at java.base/java.net.HttpURLConnection.getResponseCode(HttpURLConnection.java:527)
	at java.base/sun.net.www.protocol.https.HttpsURLConnectionImpl.getResponseCode(HttpsURLConnectionImpl.java:329)
	at ptolemy.util.FileUtilities.followRedirects(FileUtilities.java:434)
	at ptolemy.moml.MoMLParser.parse(MoMLParser.java:1676)
	at ptolemy.moml.MoMLParser.parse(MoMLParser.java:1617)
	at ptolemy.moml.MoMLParser.parse(MoMLParser.java:1792)
	at org.terraswarm.accessor.AccessorLibrary.populate(AccessorLibrary.java:194)
	... 80 more
Caused by: java.net.SocketTimeoutException: connect timed out
	at java.base/java.net.PlainSocketImpl.socketConnect(Native Method)
	at java.base/java.net.AbstractPlainSocketImpl.doConnect(AbstractPlainSocketImpl.java:399)
	at java.base/java.net.AbstractPlainSocketImpl.connectToAddress(AbstractPlainSocketImpl.java:242)
	at java.base/java.net.AbstractPlainSocketImpl.connect(AbstractPlainSocketImpl.java:224)
	at java.base/java.net.SocksSocketImpl.connect(SocksSocketImpl.java:403)
	at java.base/java.net.Socket.connect(Socket.java:591)
	at java.base/sun.security.ssl.SSLSocketImpl.connect(SSLSocketImpl.java:285)
	at java.base/sun.net.NetworkClient.doConnect(NetworkClient.java:177)
	at java.base/sun.net.www.http.HttpClient.openServer(HttpClient.java:474)
	at java.base/sun.net.www.http.HttpClient.openServer(HttpClient.java:569)
	at java.base/sun.net.www.protocol.https.HttpsClient.<init>(HttpsClient.java:265)
	at java.base/sun.net.www.protocol.https.HttpsClient.New(HttpsClient.java:372)
	at java.base/sun.net.www.protocol.https.AbstractDelegateHttpsURLConnection.getNewHttpClient(AbstractDelegateHttpsURLConnection.java:191)
	at java.base/sun.net.www.protocol.http.HttpURLConnection.plainConnect0(HttpURLConnection.java:1181)
	at java.base/sun.net.www.protocol.http.HttpURLConnection.plainConnect(HttpURLConnection.java:1075)
	at java.base/sun.net.www.protocol.https.AbstractDelegateHttpsURLConnection.connect(AbstractDelegateHttpsURLConnection.java:177)
	at java.base/sun.net.www.protocol.http.HttpURLConnection.getInputStream0(HttpURLConnection.java:1581)
	at java.base/sun.net.www.protocol.http.HttpURLConnection.getInputStream(HttpURLConnection.java:1509)
	at java.base/java.net.HttpURLConnection.getResponseCode(HttpURLConnection.java:527)
	at java.base/sun.net.www.protocol.https.HttpsURLConnectionImpl.getResponseCode(HttpsURLConnectionImpl.java:329)
	at ptolemy.util.FileUtilities.followRedirects(FileUtilities.java:434)
	at ptolemy.moml.MoMLParser.parse(MoMLParser.java:1676)
	at ptolemy.moml.MoMLParser.parse(MoMLParser.java:1617)
	at ptolemy.moml.MoMLParser.parse(MoMLParser.java:1792)
	at org.terraswarm.accessor.AccessorLibrary.populate(AccessorLibrary.java:194)
	at ptolemy.moml.EntityLibrary.deepEntityList(EntityLibrary.java:349)
	at ptolemy.kernel.CompositeEntity.deepEntityList(CompositeEntity.java:714)
	at ptolemy.moml.EntityLibrary.deepEntityList(EntityLibrary.java:350)
	at ptolemy.kernel.CompositeEntity.deepEntityList(CompositeEntity.java:714)
	at ptolemy.moml.EntityLibrary.deepEntityList(EntityLibrary.java:350)
	at ptolemy.kernel.CompositeEntity.deepEntityList(CompositeEntity.java:714)
	at ptolemy.kernel.CompositeEntity.deepEntityList(CompositeEntity.java:714)
	at ptolemy.kernel.CompositeEntity.allAtomicEntityList(CompositeEntity.java:188)
	at java.base/jdk.internal.reflect.NativeMethodAccessorImpl.invoke0(Native Method)
	at java.base/jdk.internal.reflect.NativeMethodAccessorImpl.invoke(NativeMethodAccessorImpl.java:62)
	at java.base/jdk.internal.reflect.DelegatingMethodAccessorImpl.invoke(DelegatingMethodAccessorImpl.java:43)
	at java.base/java.lang.reflect.Method.invoke(Method.java:566)
	at tcl.lang.reflect.PkgInvoker.invokeMethod(PkgInvoker.java:129)
	at tcl.lang.JavaInvoke.call(JavaInvoke.java:253)
	at tcl.lang.JavaInvoke.callMethod(JavaInvoke.java:116)
	at tcl.lang.ReflectObject.cmdProc(ReflectObject.java:727)
	at tcl.lang.Parser.evalObjv(Parser.java:740)
	at tcl.lang.Parser.eval2(Parser.java:1138)
	at tcl.lang.Parser.evalTokens(Parser.java:930)
	at tcl.lang.Parser.eval2(Parser.java:1125)
	at tcl.lang.Interp.eval(Interp.java:1782)
	at tcl.lang.Interp.eval(Interp.java:1841)
	at tcl.lang.UplevelCmd.cmdProc(UplevelCmd.java:93)
	at tcl.lang.Parser.evalObjv(Parser.java:740)
	at tcl.lang.Parser.eval2(Parser.java:1138)
	at tcl.lang.Interp.eval(Interp.java:1782)
	at tcl.lang.Interp.eval(Interp.java:1841)
	at tcl.lang.CatchCmd.cmdProc(CatchCmd.java:42)
	at tcl.lang.Parser.evalObjv(Parser.java:740)
	at tcl.lang.Parser.eval2(Parser.java:1138)
	at tcl.lang.Parser.evalTokens(Parser.java:930)
	at tcl.lang.Parser.eval2(Parser.java:1125)
	at tcl.lang.Procedure.cmdProc(Procedure.java:175)
	at tcl.lang.Parser.evalObjv(Parser.java:740)
	at tcl.lang.Parser.eval2(Parser.java:1138)
	at tcl.lang.Interp.eval(Interp.java:1782)
	at tcl.lang.Interp.eval(Interp.java:1841)
	at tcl.lang.ForeachCmd.cmdProc(ForeachCmd.java:116)
	at tcl.lang.AutoloadStub.cmdProc(Extension.java:144)
	at tcl.lang.Parser.evalObjv(Parser.java:740)
	at tcl.lang.Parser.eval2(Parser.java:1138)
	at tcl.lang.Interp.eval(Interp.java:1782)
	at tcl.lang.Interp.evalFile(Interp.java:1880)
	at java.base/jdk.internal.reflect.NativeMethodAccessorImpl.invoke0(Native Method)
	at java.base/jdk.internal.reflect.NativeMethodAccessorImpl.invoke(NativeMethodAccessorImpl.java:62)
	at java.base/jdk.internal.reflect.DelegatingMethodAccessorImpl.invoke(DelegatingMethodAccessorImpl.java:43)
	at java.base/java.lang.reflect.Method.invoke(Method.java:566)
	at ptolemy.util.test.junit.TclTests.RunTclFile(TclTests.java:233)
	at java.base/jdk.internal.reflect.NativeMethodAccessorImpl.invoke0(Native Method)
	at java.base/jdk.internal.reflect.NativeMethodAccessorImpl.invoke(NativeMethodAccessorImpl.java:62)
	at java.base/jdk.internal.reflect.DelegatingMethodAccessorImpl.invoke(DelegatingMethodAccessorImpl.java:43)
	at java.base/java.lang.reflect.Method.invoke(Method.java:566)
	at org.junit.runners.model.FrameworkMethod$1.runReflectiveCall(FrameworkMethod.java:44)
	at org.junit.internal.runners.model.ReflectiveCallable.run(ReflectiveCallable.java:15)
	at org.junit.runners.model.FrameworkMethod.invokeExplosively(FrameworkMethod.java:41)
	at junitparams.internal.InvokeParameterisedMethod.evaluate(InvokeParameterisedMethod.java:102)
	at junitparams.internal.ParameterisedTestMethodRunner.runMethodInvoker(ParameterisedTestMethodRunner.java:47)
	at junitparams.internal.ParameterisedTestMethodRunner.runTestMethod(ParameterisedTestMethodRunner.java:41)
	at junitparams.internal.ParameterisedTestClassRunner.runParameterisedTest(ParameterisedTestClassRunner.java:143)
	at junitparams.JUnitParamsRunner.runChild(JUnitParamsRunner.java:237)
	at junitparams.JUnitParamsRunner.runChild(JUnitParamsRunner.java:215)
	at org.junit.runners.ParentRunner$3.run(ParentRunner.java:193)
	at org.junit.runners.ParentRunner$1.schedule(ParentRunner.java:52)
	at org.junit.runners.ParentRunner.runChildren(ParentRunner.java:191)
	at org.junit.runners.ParentRunner.access$000(ParentRunner.java:42)
	at org.junit.runners.ParentRunner$2.evaluate(ParentRunner.java:184)
	at org.junit.internal.runners.statements.RunAfters.evaluate(RunAfters.java:31)
	at org.junit.runners.ParentRunner.run(ParentRunner.java:236)
	at org.junit.runners.Suite.runChild(Suite.java:128)
	at org.junit.runners.Suite.runChild(Suite.java:24)
	at org.junit.runners.ParentRunner$3.run(ParentRunner.java:193)
	at org.junit.runners.ParentRunner$1.schedule(ParentRunner.java:52)
	at org.junit.runners.ParentRunner.runChildren(ParentRunner.java:191)
	at org.junit.runners.ParentRunner.access$000(ParentRunner.java:42)
	at org.junit.runners.ParentRunner$2.evaluate(ParentRunner.java:184)
	at org.junit.runners.ParentRunner.run(ParentRunner.java:236)
	at junit.framework.JUnit4TestAdapter.run(JUnit4TestAdapter.java:39)
	at org.apache.tools.ant.taskdefs.optional.junit.JUnitTestRunner.run(JUnitTestRunner.java:535)
	at org.apache.tools.ant.taskdefs.optional.junit.JUnitTestRunner.launch(JUnitTestRunner.java:1182)
	at org.apache.tools.ant.taskdefs.optional.junit.JUnitTestRunner.main(JUnitTestRunner.java:1033)
Warning: Nashorn engine is planned to be removed from a future JDK release
Warning: Nashorn engine is planned to be removed from a future JDK release
Cannot open index file: https://accessors.org/geodesy/index.json
java.net.ConnectException: Connection timed out (Connection timed out)
Failed to populate library.
ptolemy.kernel.util.InternalErrorException: Cannot open index file: https://accessors.org/geodesy/index.json
  in .configuration.actor library.MoreLibraries.Accessors.geodesy
Because:
Connection timed out (Connection timed out)
	at org.terraswarm.accessor.AccessorLibrary.populate(AccessorLibrary.java:249)
	at ptolemy.moml.EntityLibrary.entityList(EntityLibrary.java:366)
	at ptolemy.kernel.CompositeEntity._unlinkLevelCrossingLinksToOutside(CompositeEntity.java:2769)
	at ptolemy.kernel.CompositeEntity._unlinkLevelCrossingLinksToOutside(CompositeEntity.java:2775)
	at ptolemy.kernel.CompositeEntity._unlinkLevelCrossingLinksToOutside(CompositeEntity.java:2775)
	at ptolemy.kernel.CompositeEntity._unlinkLevelCrossingLinksToOutside(CompositeEntity.java:2775)
	at ptolemy.kernel.CompositeEntity._unlinkLevelCrossingLinksToOutside(CompositeEntity.java:2775)
	at ptolemy.kernel.CompositeEntity.setContainer(CompositeEntity.java:1878)
	at ptolemy.actor.gui.Configuration.setContainer(Configuration.java:1266)
	at ptolemy.moml.MoMLParser.parse(MoMLParser.java:1693)
	at ptolemy.moml.MoMLParser.parse(MoMLParser.java:1617)
	at ptolemy.moml.MoMLParser.parse(MoMLParser.java:1792)
	at org.terraswarm.accessor.AccessorLibrary.populate(AccessorLibrary.java:194)
	at ptolemy.moml.EntityLibrary.deepEntityList(EntityLibrary.java:349)
	at ptolemy.kernel.CompositeEntity.deepEntityList(CompositeEntity.java:714)
	at ptolemy.moml.EntityLibrary.deepEntityList(EntityLibrary.java:350)
	at ptolemy.kernel.CompositeEntity.deepEntityList(CompositeEntity.java:714)
	at ptolemy.moml.EntityLibrary.deepEntityList(EntityLibrary.java:350)
	at ptolemy.kernel.CompositeEntity.deepEntityList(CompositeEntity.java:714)
	at ptolemy.kernel.CompositeEntity.deepEntityList(CompositeEntity.java:714)
	at ptolemy.kernel.CompositeEntity.allAtomicEntityList(CompositeEntity.java:188)
	at java.base/jdk.internal.reflect.NativeMethodAccessorImpl.invoke0(Native Method)
	at java.base/jdk.internal.reflect.NativeMethodAccessorImpl.invoke(NativeMethodAccessorImpl.java:62)
	at java.base/jdk.internal.reflect.DelegatingMethodAccessorImpl.invoke(DelegatingMethodAccessorImpl.java:43)
	at java.base/java.lang.reflect.Method.invoke(Method.java:566)
	at tcl.lang.reflect.PkgInvoker.invokeMethod(PkgInvoker.java:129)
	at tcl.lang.JavaInvoke.call(JavaInvoke.java:253)
	at tcl.lang.JavaInvoke.callMethod(JavaInvoke.java:116)
	at tcl.lang.ReflectObject.cmdProc(ReflectObject.java:727)
	at tcl.lang.Parser.evalObjv(Parser.java:740)
	at tcl.lang.Parser.eval2(Parser.java:1138)
	at tcl.lang.Parser.evalTokens(Parser.java:930)
	at tcl.lang.Parser.eval2(Parser.java:1125)
	at tcl.lang.Interp.eval(Interp.java:1782)
	at tcl.lang.Interp.eval(Interp.java:1841)
	at tcl.lang.ForeachCmd.cmdProc(ForeachCmd.java:116)
	at tcl.lang.AutoloadStub.cmdProc(Extension.java:144)
	at tcl.lang.Parser.evalObjv(Parser.java:740)
	at tcl.lang.Parser.eval2(Parser.java:1138)
	at tcl.lang.Interp.eval(Interp.java:1782)
	at tcl.lang.Interp.evalFile(Interp.java:1880)
	at java.base/jdk.internal.reflect.NativeMethodAccessorImpl.invoke0(Native Method)
	at java.base/jdk.internal.reflect.NativeMethodAccessorImpl.invoke(NativeMethodAccessorImpl.java:62)
	at java.base/jdk.internal.reflect.DelegatingMethodAccessorImpl.invoke(DelegatingMethodAccessorImpl.java:43)
	at java.base/java.lang.reflect.Method.invoke(Method.java:566)
	at ptolemy.util.test.junit.TclTests.RunTclFile(TclTests.java:233)
	at java.base/jdk.internal.reflect.NativeMethodAccessorImpl.invoke0(Native Method)
	at java.base/jdk.internal.reflect.NativeMethodAccessorImpl.invoke(NativeMethodAccessorImpl.java:62)
	at java.base/jdk.internal.reflect.DelegatingMethodAccessorImpl.invoke(DelegatingMethodAccessorImpl.java:43)
	at java.base/java.lang.reflect.Method.invoke(Method.java:566)
	at org.junit.runners.model.FrameworkMethod$1.runReflectiveCall(FrameworkMethod.java:44)
	at org.junit.internal.runners.model.ReflectiveCallable.run(ReflectiveCallable.java:15)
	at org.junit.runners.model.FrameworkMethod.invokeExplosively(FrameworkMethod.java:41)
	at junitparams.internal.InvokeParameterisedMethod.evaluate(InvokeParameterisedMethod.java:102)
	at junitparams.internal.ParameterisedTestMethodRunner.runMethodInvoker(ParameterisedTestMethodRunner.java:47)
	at junitparams.internal.ParameterisedTestMethodRunner.runTestMethod(ParameterisedTestMethodRunner.java:41)
	at junitparams.internal.ParameterisedTestClassRunner.runParameterisedTest(ParameterisedTestClassRunner.java:143)
	at junitparams.JUnitParamsRunner.runChild(JUnitParamsRunner.java:237)
	at junitparams.JUnitParamsRunner.runChild(JUnitParamsRunner.java:215)
	at org.junit.runners.ParentRunner$3.run(ParentRunner.java:193)
	at org.junit.runners.ParentRunner$1.schedule(ParentRunner.java:52)
	at org.junit.runners.ParentRunner.runChildren(ParentRunner.java:191)
	at org.junit.runners.ParentRunner.access$000(ParentRunner.java:42)
	at org.junit.runners.ParentRunner$2.evaluate(ParentRunner.java:184)
	at org.junit.internal.runners.statements.RunAfters.evaluate(RunAfters.java:31)
	at org.junit.runners.ParentRunner.run(ParentRunner.java:236)
	at org.junit.runners.Suite.runChild(Suite.java:128)
	at org.junit.runners.Suite.runChild(Suite.java:24)
	at org.junit.runners.ParentRunner$3.run(ParentRunner.java:193)
	at org.junit.runners.ParentRunner$1.schedule(ParentRunner.java:52)
	at org.junit.runners.ParentRunner.runChildren(ParentRunner.java:191)
	at org.junit.runners.ParentRunner.access$000(ParentRunner.java:42)
	at org.junit.runners.ParentRunner$2.evaluate(ParentRunner.java:184)
	at org.junit.runners.ParentRunner.run(ParentRunner.java:236)
	at junit.framework.JUnit4TestAdapter.run(JUnit4TestAdapter.java:39)
	at org.apache.tools.ant.taskdefs.optional.junit.JUnitTestRunner.run(JUnitTestRunner.java:535)
	at org.apache.tools.ant.taskdefs.optional.junit.JUnitTestRunner.launch(JUnitTestRunner.java:1182)
	at org.apache.tools.ant.taskdefs.optional.junit.JUnitTestRunner.main(JUnitTestRunner.java:1033)
Caused by: java.net.ConnectException: Connection timed out (Connection timed out)
	at java.base/java.net.PlainSocketImpl.socketConnect(Native Method)
	at java.base/java.net.AbstractPlainSocketImpl.doConnect(AbstractPlainSocketImpl.java:399)
	at java.base/java.net.AbstractPlainSocketImpl.connectToAddress(AbstractPlainSocketImpl.java:242)
	at java.base/java.net.AbstractPlainSocketImpl.connect(AbstractPlainSocketImpl.java:224)
	at java.base/java.net.SocksSocketImpl.connect(SocksSocketImpl.java:403)
	at java.base/java.net.Socket.connect(Socket.java:591)
	at java.base/sun.security.ssl.SSLSocketImpl.connect(SSLSocketImpl.java:285)
	at java.base/sun.security.ssl.BaseSSLSocketImpl.connect(BaseSSLSocketImpl.java:173)
	at java.base/sun.net.NetworkClient.doConnect(NetworkClient.java:182)
	at java.base/sun.net.www.http.HttpClient.openServer(HttpClient.java:474)
	at java.base/sun.net.www.http.HttpClient.openServer(HttpClient.java:569)
	at java.base/sun.net.www.protocol.https.HttpsClient.<init>(HttpsClient.java:265)
	at java.base/sun.net.www.protocol.https.HttpsClient.New(HttpsClient.java:372)
	at java.base/sun.net.www.protocol.https.HttpsClient.New(HttpsClient.java:308)
	at java.base/sun.net.www.protocol.https.HttpsClient.New(HttpsClient.java:299)
	at java.base/sun.net.www.protocol.https.HttpsClient.New(HttpsClient.java:282)
	at java.base/sun.net.www.protocol.https.AbstractDelegateHttpsURLConnection.setNewClient(AbstractDelegateHttpsURLConnection.java:96)
	at java.base/sun.net.www.protocol.https.AbstractDelegateHttpsURLConnection.setNewClient(AbstractDelegateHttpsURLConnection.java:80)
	at java.base/sun.net.www.protocol.http.HttpURLConnection.writeRequests(HttpURLConnection.java:723)
	at java.base/sun.net.www.protocol.http.HttpURLConnection.getInputStream0(HttpURLConnection.java:1602)
	at java.base/sun.net.www.protocol.http.HttpURLConnection.getInputStream(HttpURLConnection.java:1509)
	at java.base/java.net.HttpURLConnection.getResponseCode(HttpURLConnection.java:527)
	at java.base/sun.net.www.protocol.https.HttpsURLConnectionImpl.getResponseCode(HttpsURLConnectionImpl.java:329)
	at ptolemy.util.FileUtilities.followRedirects(FileUtilities.java:434)
	at ptolemy.util.FileUtilities.openStreamFollowingRedirectsReturningBoth(FileUtilities.java:1011)
	at ptolemy.util.FileUtilities.openStreamFollowingRedirects(FileUtilities.java:952)
	at org.terraswarm.accessor.AccessorLibrary.populate(AccessorLibrary.java:161)
	... 77 more
Caused by: java.net.ConnectException: Connection timed out (Connection timed out)
	at java.base/java.net.PlainSocketImpl.socketConnect(Native Method)
	at java.base/java.net.AbstractPlainSocketImpl.doConnect(AbstractPlainSocketImpl.java:399)
	at java.base/java.net.AbstractPlainSocketImpl.connectToAddress(AbstractPlainSocketImpl.java:242)
	at java.base/java.net.AbstractPlainSocketImpl.connect(AbstractPlainSocketImpl.java:224)
	at java.base/java.net.SocksSocketImpl.connect(SocksSocketImpl.java:403)
	at java.base/java.net.Socket.connect(Socket.java:591)
	at java.base/sun.security.ssl.SSLSocketImpl.connect(SSLSocketImpl.java:285)
	at java.base/sun.security.ssl.BaseSSLSocketImpl.connect(BaseSSLSocketImpl.java:173)
	at java.base/sun.net.NetworkClient.doConnect(NetworkClient.java:182)
	at java.base/sun.net.www.http.HttpClient.openServer(HttpClient.java:474)
	at java.base/sun.net.www.http.HttpClient.openServer(HttpClient.java:569)
	at java.base/sun.net.www.protocol.https.HttpsClient.<init>(HttpsClient.java:265)
	at java.base/sun.net.www.protocol.https.HttpsClient.New(HttpsClient.java:372)
	at java.base/sun.net.www.protocol.https.HttpsClient.New(HttpsClient.java:308)
	at java.base/sun.net.www.protocol.https.HttpsClient.New(HttpsClient.java:299)
	at java.base/sun.net.www.protocol.https.HttpsClient.New(HttpsClient.java:282)
	at java.base/sun.net.www.protocol.https.AbstractDelegateHttpsURLConnection.setNewClient(AbstractDelegateHttpsURLConnection.java:96)
	at java.base/sun.net.www.protocol.https.AbstractDelegateHttpsURLConnection.setNewClient(AbstractDelegateHttpsURLConnection.java:80)
	at java.base/sun.net.www.protocol.http.HttpURLConnection.writeRequests(HttpURLConnection.java:723)
	at java.base/sun.net.www.protocol.http.HttpURLConnection.getInputStream0(HttpURLConnection.java:1602)
	at java.base/sun.net.www.protocol.http.HttpURLConnection.getInputStream(HttpURLConnection.java:1509)
	at java.base/java.net.HttpURLConnection.getResponseCode(HttpURLConnection.java:527)
	at java.base/sun.net.www.protocol.https.HttpsURLConnectionImpl.getResponseCode(HttpsURLConnectionImpl.java:329)
	at ptolemy.util.FileUtilities.followRedirects(FileUtilities.java:434)
	at ptolemy.util.FileUtilities.openStreamFollowingRedirectsReturningBoth(FileUtilities.java:1011)
	at ptolemy.util.FileUtilities.openStreamFollowingRedirects(FileUtilities.java:952)
	at org.terraswarm.accessor.AccessorLibrary.populate(AccessorLibrary.java:161)
	at ptolemy.moml.EntityLibrary.entityList(EntityLibrary.java:366)
	at ptolemy.kernel.CompositeEntity._unlinkLevelCrossingLinksToOutside(CompositeEntity.java:2769)
	at ptolemy.kernel.CompositeEntity._unlinkLevelCrossingLinksToOutside(CompositeEntity.java:2775)
	at ptolemy.kernel.CompositeEntity._unlinkLevelCrossingLinksToOutside(CompositeEntity.java:2775)
	at ptolemy.kernel.CompositeEntity._unlinkLevelCrossingLinksToOutside(CompositeEntity.java:2775)
	at ptolemy.kernel.CompositeEntity._unlinkLevelCrossingLinksToOutside(CompositeEntity.java:2775)
	at ptolemy.kernel.CompositeEntity.setContainer(CompositeEntity.java:1878)
	at ptolemy.actor.gui.Configuration.setContainer(Configuration.java:1266)
	at ptolemy.moml.MoMLParser.parse(MoMLParser.java:1693)
	at ptolemy.moml.MoMLParser.parse(MoMLParser.java:1617)
	at ptolemy.moml.MoMLParser.parse(MoMLParser.java:1792)
	at org.terraswarm.accessor.AccessorLibrary.populate(AccessorLibrary.java:194)
	at ptolemy.moml.EntityLibrary.deepEntityList(EntityLibrary.java:349)
	at ptolemy.kernel.CompositeEntity.deepEntityList(CompositeEntity.java:714)
	at ptolemy.moml.EntityLibrary.deepEntityList(EntityLibrary.java:350)
	at ptolemy.kernel.CompositeEntity.deepEntityList(CompositeEntity.java:714)
	at ptolemy.moml.EntityLibrary.deepEntityList(EntityLibrary.java:350)
	at ptolemy.kernel.CompositeEntity.deepEntityList(CompositeEntity.java:714)
	at ptolemy.kernel.CompositeEntity.deepEntityList(CompositeEntity.java:714)
	at ptolemy.kernel.CompositeEntity.allAtomicEntityList(CompositeEntity.java:188)
	at java.base/jdk.internal.reflect.NativeMethodAccessorImpl.invoke0(Native Method)
	at java.base/jdk.internal.reflect.NativeMethodAccessorImpl.invoke(NativeMethodAccessorImpl.java:62)
	at java.base/jdk.internal.reflect.DelegatingMethodAccessorImpl.invoke(DelegatingMethodAccessorImpl.java:43)
	at java.base/java.lang.reflect.Method.invoke(Method.java:566)
	at tcl.lang.reflect.PkgInvoker.invokeMethod(PkgInvoker.java:129)
	at tcl.lang.JavaInvoke.call(JavaInvoke.java:253)
	at tcl.lang.JavaInvoke.callMethod(JavaInvoke.java:116)
	at tcl.lang.ReflectObject.cmdProc(ReflectObject.java:727)
	at tcl.lang.Parser.evalObjv(Parser.java:740)
	at tcl.lang.Parser.eval2(Parser.java:1138)
	at tcl.lang.Parser.evalTokens(Parser.java:930)
	at tcl.lang.Parser.eval2(Parser.java:1125)
	at tcl.lang.Interp.eval(Interp.java:1782)
	at tcl.lang.Interp.eval(Interp.java:1841)
	at tcl.lang.ForeachCmd.cmdProc(ForeachCmd.java:116)
	at tcl.lang.AutoloadStub.cmdProc(Extension.java:144)
	at tcl.lang.Parser.evalObjv(Parser.java:740)
	at tcl.lang.Parser.eval2(Parser.java:1138)
	at tcl.lang.Interp.eval(Interp.java:1782)
	at tcl.lang.Interp.evalFile(Interp.java:1880)
	at java.base/jdk.internal.reflect.NativeMethodAccessorImpl.invoke0(Native Method)
	at java.base/jdk.internal.reflect.NativeMethodAccessorImpl.invoke(NativeMethodAccessorImpl.java:62)
	at java.base/jdk.internal.reflect.DelegatingMethodAccessorImpl.invoke(DelegatingMethodAccessorImpl.java:43)
	at java.base/java.lang.reflect.Method.invoke(Method.java:566)
	at ptolemy.util.test.junit.TclTests.RunTclFile(TclTests.java:233)
	at java.base/jdk.internal.reflect.NativeMethodAccessorImpl.invoke0(Native Method)
	at java.base/jdk.internal.reflect.NativeMethodAccessorImpl.invoke(NativeMethodAccessorImpl.java:62)
	at java.base/jdk.internal.reflect.DelegatingMethodAccessorImpl.invoke(DelegatingMethodAccessorImpl.java:43)
	at java.base/java.lang.reflect.Method.invoke(Method.java:566)
	at org.junit.runners.model.FrameworkMethod$1.runReflectiveCall(FrameworkMethod.java:44)
	at org.junit.internal.runners.model.ReflectiveCallable.run(ReflectiveCallable.java:15)
	at org.junit.runners.model.FrameworkMethod.invokeExplosively(FrameworkMethod.java:41)
	at junitparams.internal.InvokeParameterisedMethod.evaluate(InvokeParameterisedMethod.java:102)
	at junitparams.internal.ParameterisedTestMethodRunner.runMethodInvoker(ParameterisedTestMethodRunner.java:47)
	at junitparams.internal.ParameterisedTestMethodRunner.runTestMethod(ParameterisedTestMethodRunner.java:41)
	at junitparams.internal.ParameterisedTestClassRunner.runParameterisedTest(ParameterisedTestClassRunner.java:143)
	at junitparams.JUnitParamsRunner.runChild(JUnitParamsRunner.java:237)
	at junitparams.JUnitParamsRunner.runChild(JUnitParamsRunner.java:215)
	at org.junit.runners.ParentRunner$3.run(ParentRunner.java:193)
	at org.junit.runners.ParentRunner$1.schedule(ParentRunner.java:52)
	at org.junit.runners.ParentRunner.runChildren(ParentRunner.java:191)
	at org.junit.runners.ParentRunner.access$000(ParentRunner.java:42)
	at org.junit.runners.ParentRunner$2.evaluate(ParentRunner.java:184)
	at org.junit.internal.runners.statements.RunAfters.evaluate(RunAfters.java:31)
	at org.junit.runners.ParentRunner.run(ParentRunner.java:236)
	at org.junit.runners.Suite.runChild(Suite.java:128)
	at org.junit.runners.Suite.runChild(Suite.java:24)
	at org.junit.runners.ParentRunner$3.run(ParentRunner.java:193)
	at org.junit.runners.ParentRunner$1.schedule(ParentRunner.java:52)
	at org.junit.runners.ParentRunner.runChildren(ParentRunner.java:191)
	at org.junit.runners.ParentRunner.access$000(ParentRunner.java:42)
	at org.junit.runners.ParentRunner$2.evaluate(ParentRunner.java:184)
	at org.junit.runners.ParentRunner.run(ParentRunner.java:236)
	at junit.framework.JUnit4TestAdapter.run(JUnit4TestAdapter.java:39)
	at org.apache.tools.ant.taskdefs.optional.junit.JUnitTestRunner.run(JUnitTestRunner.java:535)
	at org.apache.tools.ant.taskdefs.optional.junit.JUnitTestRunner.launch(JUnitTestRunner.java:1182)
	at org.apache.tools.ant.taskdefs.optional.junit.JUnitTestRunner.main(JUnitTestRunner.java:1033)
Loading accessor failed: RosNavigationPose.js
ptolemy.kernel.util.IllegalActionException: Error evaluating expression:
/** Accessor for directing a ROS robot to navigate to navigation goal, expres...
...
  in .configuration.actor library.MoreLibraries.Accessors.robotics.RosNavigationPose.script
Because:
Failed to evaluate script.
  in .configuration.actor library.MoreLibraries.Accessors.robotics.RosNavigationPose
Because:
Accessor robotics/RosPublisher.js not found on path: /home/travis/build/icyphy/ptII/org/terraswarm/accessor/accessors/web/,/home/travis/build/icyphy/ptII/org/terraswarm/accessor/test/auto/accessors/,/home/travis/build/icyphy/ptII/ptolemy/actor/lib/jjs/,/home/travis/build/icyphy/ptII/ptolemy/actor/lib/jjs/modules/,/home/travis/build/icyphy/ptII/ptolemy/actor/lib/jjs/node/,/home/travis/build/icyphy/ptII/ptolemy/actor/lib/jjs/node_modules/,/home/travis/build/icyphy/ptII/org/terraswarm/accessor/accessors/web/hosts/,/home/travis/build/icyphy/ptII/org/terraswarm/accessor/accessors/web/,/home/travis/build/icyphy/ptII/org/terraswarm/accessor/accessors/web/hosts/common/modules/ or relative path: $CLASSPATH/org/terraswarm/accessor/test/auto/accessors/,$CLASSPATH/ptolemy/actor/lib/jjs/,$CLASSPATH/ptolemy/actor/lib/jjs/modules/,$CLASSPATH/ptolemy/actor/lib/jjs/node/,$CLASSPATH/ptolemy/actor/lib/jjs/node_modules/,$CLASSPATH/org/terraswarm/accessor/accessors/web/hosts/,$CLASSPATH/org/terraswarm/accessor/accessors/web/ in <eval> at line number 384 at column number 8
  in .configuration.actor library.MoreLibraries.Accessors.robotics.RosNavigationPose.script
Because:
Error evaluating expression:
/** Accessor for directing a ROS robot to navigate to navigation goal, expres...
...
  in .configuration.actor library.MoreLibraries.Accessors.robotics.RosNavigationPose.script
Because:
Failed to evaluate script.
  in .configuration.actor library.MoreLibraries.Accessors.robotics.RosNavigationPose
Because:
Accessor robotics/RosPublisher.js not found on path: /home/travis/build/icyphy/ptII/org/terraswarm/accessor/accessors/web/,/home/travis/build/icyphy/ptII/org/terraswarm/accessor/test/auto/accessors/,/home/travis/build/icyphy/ptII/ptolemy/actor/lib/jjs/,/home/travis/build/icyphy/ptII/ptolemy/actor/lib/jjs/modules/,/home/travis/build/icyphy/ptII/ptolemy/actor/lib/jjs/node/,/home/travis/build/icyphy/ptII/ptolemy/actor/lib/jjs/node_modules/,/home/travis/build/icyphy/ptII/org/terraswarm/accessor/accessors/web/hosts/,/home/travis/build/icyphy/ptII/org/terraswarm/accessor/accessors/web/,/home/travis/build/icyphy/ptII/org/terraswarm/accessor/accessors/web/hosts/common/modules/ or relative path: $CLASSPATH/org/terraswarm/accessor/test/auto/accessors/,$CLASSPATH/ptolemy/actor/lib/jjs/,$CLASSPATH/ptolemy/actor/lib/jjs/modules/,$CLASSPATH/ptolemy/actor/lib/jjs/node/,$CLASSPATH/ptolemy/actor/lib/jjs/node_modules/,$CLASSPATH/org/terraswarm/accessor/accessors/web/hosts/,$CLASSPATH/org/terraswarm/accessor/accessors/web/ in <eval> at line number 384 at column number 8
Failed to populate library.
ptolemy.kernel.util.InternalErrorException: Loading accessor failed: RosNavigationPose.js
  in .configuration.actor library.MoreLibraries.Accessors.robotics
Because:
Error evaluating expression:
/** Accessor for directing a ROS robot to navigate to navigation goal, expres...
...
  in .configuration.actor library.MoreLibraries.Accessors.robotics.RosNavigationPose.script
Because:
Failed to evaluate script.
  in .configuration.actor library.MoreLibraries.Accessors.robotics.RosNavigationPose
Because:
Accessor robotics/RosPublisher.js not found on path: /home/travis/build/icyphy/ptII/org/terraswarm/accessor/accessors/web/,/home/travis/build/icyphy/ptII/org/terraswarm/accessor/test/auto/accessors/,/home/travis/build/icyphy/ptII/ptolemy/actor/lib/jjs/,/home/travis/build/icyphy/ptII/ptolemy/actor/lib/jjs/modules/,/home/travis/build/icyphy/ptII/ptolemy/actor/lib/jjs/node/,/home/travis/build/icyphy/ptII/ptolemy/actor/lib/jjs/node_modules/,/home/travis/build/icyphy/ptII/org/terraswarm/accessor/accessors/web/hosts/,/home/travis/build/icyphy/ptII/org/terraswarm/accessor/accessors/web/,/home/travis/build/icyphy/ptII/org/terraswarm/accessor/accessors/web/hosts/common/modules/ or relative path: $CLASSPATH/org/terraswarm/accessor/test/auto/accessors/,$CLASSPATH/ptolemy/actor/lib/jjs/,$CLASSPATH/ptolemy/actor/lib/jjs/modules/,$CLASSPATH/ptolemy/actor/lib/jjs/node/,$CLASSPATH/ptolemy/actor/lib/jjs/node_modules/,$CLASSPATH/org/terraswarm/accessor/accessors/web/hosts/,$CLASSPATH/org/terraswarm/accessor/accessors/web/ in <eval> at line number 384 at column number 8
  in .configuration.actor library.MoreLibraries.Accessors.robotics.RosNavigationPose.script
Because:
Error evaluating expression:
/** Accessor for directing a ROS robot to navigate to navigation goal, expres...
...
  in .configuration.actor library.MoreLibraries.Accessors.robotics.RosNavigationPose.script
Because:
Failed to evaluate script.
  in .configuration.actor library.MoreLibraries.Accessors.robotics.RosNavigationPose
Because:
Accessor robotics/RosPublisher.js not found on path: /home/travis/build/icyphy/ptII/org/terraswarm/accessor/accessors/web/,/home/travis/build/icyphy/ptII/org/terraswarm/accessor/test/auto/accessors/,/home/travis/build/icyphy/ptII/ptolemy/actor/lib/jjs/,/home/travis/build/icyphy/ptII/ptolemy/actor/lib/jjs/modules/,/home/travis/build/icyphy/ptII/ptolemy/actor/lib/jjs/node/,/home/travis/build/icyphy/ptII/ptolemy/actor/lib/jjs/node_modules/,/home/travis/build/icyphy/ptII/org/terraswarm/accessor/accessors/web/hosts/,/home/travis/build/icyphy/ptII/org/terraswarm/accessor/accessors/web/,/home/travis/build/icyphy/ptII/org/terraswarm/accessor/accessors/web/hosts/common/modules/ or relative path: $CLASSPATH/org/terraswarm/accessor/test/auto/accessors/,$CLASSPATH/ptolemy/actor/lib/jjs/,$CLASSPATH/ptolemy/actor/lib/jjs/modules/,$CLASSPATH/ptolemy/actor/lib/jjs/node/,$CLASSPATH/ptolemy/actor/lib/jjs/node_modules/,$CLASSPATH/org/terraswarm/accessor/accessors/web/hosts/,$CLASSPATH/org/terraswarm/accessor/accessors/web/ in <eval> at line number 384 at column number 8
	at org.terraswarm.accessor.AccessorLibrary.populate(AccessorLibrary.java:224)
	at ptolemy.moml.EntityLibrary.deepEntityList(EntityLibrary.java:349)
	at ptolemy.kernel.CompositeEntity.deepEntityList(CompositeEntity.java:714)
	at ptolemy.moml.EntityLibrary.deepEntityList(EntityLibrary.java:350)
	at ptolemy.kernel.CompositeEntity.deepEntityList(CompositeEntity.java:714)
	at ptolemy.moml.EntityLibrary.deepEntityList(EntityLibrary.java:350)
	at ptolemy.kernel.CompositeEntity.deepEntityList(CompositeEntity.java:714)
	at ptolemy.kernel.CompositeEntity.deepEntityList(CompositeEntity.java:714)
	at ptolemy.kernel.CompositeEntity.allAtomicEntityList(CompositeEntity.java:188)
	at java.base/jdk.internal.reflect.NativeMethodAccessorImpl.invoke0(Native Method)
	at java.base/jdk.internal.reflect.NativeMethodAccessorImpl.invoke(NativeMethodAccessorImpl.java:62)
	at java.base/jdk.internal.reflect.DelegatingMethodAccessorImpl.invoke(DelegatingMethodAccessorImpl.java:43)
	at java.base/java.lang.reflect.Method.invoke(Method.java:566)
	at tcl.lang.reflect.PkgInvoker.invokeMethod(PkgInvoker.java:129)
	at tcl.lang.JavaInvoke.call(JavaInvoke.java:253)
	at tcl.lang.JavaInvoke.callMethod(JavaInvoke.java:116)
	at tcl.lang.ReflectObject.cmdProc(ReflectObject.java:727)
	at tcl.lang.Parser.evalObjv(Parser.java:740)
	at tcl.lang.Parser.eval2(Parser.java:1138)
	at tcl.lang.Parser.evalTokens(Parser.java:930)
	at tcl.lang.Parser.eval2(Parser.java:1125)
	at tcl.lang.Interp.eval(Interp.java:1782)
	at tcl.lang.Interp.eval(Interp.java:1841)
	at tcl.lang.ForeachCmd.cmdProc(ForeachCmd.java:116)
	at tcl.lang.AutoloadStub.cmdProc(Extension.java:144)
	at tcl.lang.Parser.evalObjv(Parser.java:740)
	at tcl.lang.Parser.eval2(Parser.java:1138)
	at tcl.lang.Interp.eval(Interp.java:1782)
	at tcl.lang.Interp.evalFile(Interp.java:1880)
	at java.base/jdk.internal.reflect.NativeMethodAccessorImpl.invoke0(Native Method)
	at java.base/jdk.internal.reflect.NativeMethodAccessorImpl.invoke(NativeMethodAccessorImpl.java:62)
	at java.base/jdk.internal.reflect.DelegatingMethodAccessorImpl.invoke(DelegatingMethodAccessorImpl.java:43)
	at java.base/java.lang.reflect.Method.invoke(Method.java:566)
	at ptolemy.util.test.junit.TclTests.RunTclFile(TclTests.java:233)
	at java.base/jdk.internal.reflect.NativeMethodAccessorImpl.invoke0(Native Method)
	at java.base/jdk.internal.reflect.NativeMethodAccessorImpl.invoke(NativeMethodAccessorImpl.java:62)
	at java.base/jdk.internal.reflect.DelegatingMethodAccessorImpl.invoke(DelegatingMethodAccessorImpl.java:43)
	at java.base/java.lang.reflect.Method.invoke(Method.java:566)
	at org.junit.runners.model.FrameworkMethod$1.runReflectiveCall(FrameworkMethod.java:44)
	at org.junit.internal.runners.model.ReflectiveCallable.run(ReflectiveCallable.java:15)
	at org.junit.runners.model.FrameworkMethod.invokeExplosively(FrameworkMethod.java:41)
	at junitparams.internal.InvokeParameterisedMethod.evaluate(InvokeParameterisedMethod.java:102)
	at junitparams.internal.ParameterisedTestMethodRunner.runMethodInvoker(ParameterisedTestMethodRunner.java:47)
	at junitparams.internal.ParameterisedTestMethodRunner.runTestMethod(ParameterisedTestMethodRunner.java:41)
	at junitparams.internal.ParameterisedTestClassRunner.runParameterisedTest(ParameterisedTestClassRunner.java:143)
	at junitparams.JUnitParamsRunner.runChild(JUnitParamsRunner.java:237)
	at junitparams.JUnitParamsRunner.runChild(JUnitParamsRunner.java:215)
	at org.junit.runners.ParentRunner$3.run(ParentRunner.java:193)
	at org.junit.runners.ParentRunner$1.schedule(ParentRunner.java:52)
	at org.junit.runners.ParentRunner.runChildren(ParentRunner.java:191)
	at org.junit.runners.ParentRunner.access$000(ParentRunner.java:42)
	at org.junit.runners.ParentRunner$2.evaluate(ParentRunner.java:184)
	at org.junit.internal.runners.statements.RunAfters.evaluate(RunAfters.java:31)
	at org.junit.runners.ParentRunner.run(ParentRunner.java:236)
	at org.junit.runners.Suite.runChild(Suite.java:128)
	at org.junit.runners.Suite.runChild(Suite.java:24)
	at org.junit.runners.ParentRunner$3.run(ParentRunner.java:193)
	at org.junit.runners.ParentRunner$1.schedule(ParentRunner.java:52)
	at org.junit.runners.ParentRunner.runChildren(ParentRunner.java:191)
	at org.junit.runners.ParentRunner.access$000(ParentRunner.java:42)
	at org.junit.runners.ParentRunner$2.evaluate(ParentRunner.java:184)
	at org.junit.runners.ParentRunner.run(ParentRunner.java:236)
	at junit.framework.JUnit4TestAdapter.run(JUnit4TestAdapter.java:39)
	at org.apache.tools.ant.taskdefs.optional.junit.JUnitTestRunner.run(JUnitTestRunner.java:535)
	at org.apache.tools.ant.taskdefs.optional.junit.JUnitTestRunner.launch(JUnitTestRunner.java:1182)
	at org.apache.tools.ant.taskdefs.optional.junit.JUnitTestRunner.main(JUnitTestRunner.java:1033)
Caused by: ptolemy.kernel.util.IllegalActionException: Error evaluating expression:
/** Accessor for directing a ROS robot to navigate to navigation goal, expres...
...
  in .configuration.actor library.MoreLibraries.Accessors.robotics.RosNavigationPose.script
Because:
Failed to evaluate script.
  in .configuration.actor library.MoreLibraries.Accessors.robotics.RosNavigationPose
Because:
Accessor robotics/RosPublisher.js not found on path: /home/travis/build/icyphy/ptII/org/terraswarm/accessor/accessors/web/,/home/travis/build/icyphy/ptII/org/terraswarm/accessor/test/auto/accessors/,/home/travis/build/icyphy/ptII/ptolemy/actor/lib/jjs/,/home/travis/build/icyphy/ptII/ptolemy/actor/lib/jjs/modules/,/home/travis/build/icyphy/ptII/ptolemy/actor/lib/jjs/node/,/home/travis/build/icyphy/ptII/ptolemy/actor/lib/jjs/node_modules/,/home/travis/build/icyphy/ptII/org/terraswarm/accessor/accessors/web/hosts/,/home/travis/build/icyphy/ptII/org/terraswarm/accessor/accessors/web/,/home/travis/build/icyphy/ptII/org/terraswarm/accessor/accessors/web/hosts/common/modules/ or relative path: $CLASSPATH/org/terraswarm/accessor/test/auto/accessors/,$CLASSPATH/ptolemy/actor/lib/jjs/,$CLASSPATH/ptolemy/actor/lib/jjs/modules/,$CLASSPATH/ptolemy/actor/lib/jjs/node/,$CLASSPATH/ptolemy/actor/lib/jjs/node_modules/,$CLASSPATH/org/terraswarm/accessor/accessors/web/hosts/,$CLASSPATH/org/terraswarm/accessor/accessors/web/ in <eval> at line number 384 at column number 8
  in .configuration.actor library.MoreLibraries.Accessors.robotics.RosNavigationPose.script
Because:
Error evaluating expression:
/** Accessor for directing a ROS robot to navigate to navigation goal, expres...
...
  in .configuration.actor library.MoreLibraries.Accessors.robotics.RosNavigationPose.script
Because:
Failed to evaluate script.
  in .configuration.actor library.MoreLibraries.Accessors.robotics.RosNavigationPose
Because:
Accessor robotics/RosPublisher.js not found on path: /home/travis/build/icyphy/ptII/org/terraswarm/accessor/accessors/web/,/home/travis/build/icyphy/ptII/org/terraswarm/accessor/test/auto/accessors/,/home/travis/build/icyphy/ptII/ptolemy/actor/lib/jjs/,/home/travis/build/icyphy/ptII/ptolemy/actor/lib/jjs/modules/,/home/travis/build/icyphy/ptII/ptolemy/actor/lib/jjs/node/,/home/travis/build/icyphy/ptII/ptolemy/actor/lib/jjs/node_modules/,/home/travis/build/icyphy/ptII/org/terraswarm/accessor/accessors/web/hosts/,/home/travis/build/icyphy/ptII/org/terraswarm/accessor/accessors/web/,/home/travis/build/icyphy/ptII/org/terraswarm/accessor/accessors/web/hosts/common/modules/ or relative path: $CLASSPATH/org/terraswarm/accessor/test/auto/accessors/,$CLASSPATH/ptolemy/actor/lib/jjs/,$CLASSPATH/ptolemy/actor/lib/jjs/modules/,$CLASSPATH/ptolemy/actor/lib/jjs/node/,$CLASSPATH/ptolemy/actor/lib/jjs/node_modules/,$CLASSPATH/org/terraswarm/accessor/accessors/web/hosts/,$CLASSPATH/org/terraswarm/accessor/accessors/web/ in <eval> at line number 384 at column number 8
	at ptolemy.data.expr.Variable.validate(Variable.java:1619)
	at ptolemy.moml.MoMLParser.endDocument(MoMLParser.java:867)
	at com.microstar.xml.XmlParser.doParse(XmlParser.java:162)
	at com.microstar.xml.XmlParser.parse(XmlParser.java:132)
	at ptolemy.moml.MoMLParser.parse(MoMLParser.java:1676)
	at ptolemy.moml.MoMLParser.parse(MoMLParser.java:1617)
	at ptolemy.moml.MoMLParser.parse(MoMLParser.java:1792)
	at org.terraswarm.accessor.AccessorLibrary.populate(AccessorLibrary.java:194)
	... 65 more
Caused by: ptolemy.kernel.util.IllegalActionException: Error evaluating expression:
/** Accessor for directing a ROS robot to navigate to navigation goal, expres...
...
  in .configuration.actor library.MoreLibraries.Accessors.robotics.RosNavigationPose.script
Because:
Failed to evaluate script.
  in .configuration.actor library.MoreLibraries.Accessors.robotics.RosNavigationPose
Because:
Accessor robotics/RosPublisher.js not found on path: /home/travis/build/icyphy/ptII/org/terraswarm/accessor/accessors/web/,/home/travis/build/icyphy/ptII/org/terraswarm/accessor/test/auto/accessors/,/home/travis/build/icyphy/ptII/ptolemy/actor/lib/jjs/,/home/travis/build/icyphy/ptII/ptolemy/actor/lib/jjs/modules/,/home/travis/build/icyphy/ptII/ptolemy/actor/lib/jjs/node/,/home/travis/build/icyphy/ptII/ptolemy/actor/lib/jjs/node_modules/,/home/travis/build/icyphy/ptII/org/terraswarm/accessor/accessors/web/hosts/,/home/travis/build/icyphy/ptII/org/terraswarm/accessor/accessors/web/,/home/travis/build/icyphy/ptII/org/terraswarm/accessor/accessors/web/hosts/common/modules/ or relative path: $CLASSPATH/org/terraswarm/accessor/test/auto/accessors/,$CLASSPATH/ptolemy/actor/lib/jjs/,$CLASSPATH/ptolemy/actor/lib/jjs/modules/,$CLASSPATH/ptolemy/actor/lib/jjs/node/,$CLASSPATH/ptolemy/actor/lib/jjs/node_modules/,$CLASSPATH/org/terraswarm/accessor/accessors/web/hosts/,$CLASSPATH/org/terraswarm/accessor/accessors/web/ in <eval> at line number 384 at column number 8
	at ptolemy.data.expr.Variable._evaluate(Variable.java:1891)
	at ptolemy.data.expr.Variable._propagate(Variable.java:1984)
	at ptolemy.data.expr.Variable.validate(Variable.java:1596)
	... 72 more
Caused by: ptolemy.kernel.util.IllegalActionException: Failed to evaluate script.
  in .configuration.actor library.MoreLibraries.Accessors.robotics.RosNavigationPose
Because:
Accessor robotics/RosPublisher.js not found on path: /home/travis/build/icyphy/ptII/org/terraswarm/accessor/accessors/web/,/home/travis/build/icyphy/ptII/org/terraswarm/accessor/test/auto/accessors/,/home/travis/build/icyphy/ptII/ptolemy/actor/lib/jjs/,/home/travis/build/icyphy/ptII/ptolemy/actor/lib/jjs/modules/,/home/travis/build/icyphy/ptII/ptolemy/actor/lib/jjs/node/,/home/travis/build/icyphy/ptII/ptolemy/actor/lib/jjs/node_modules/,/home/travis/build/icyphy/ptII/org/terraswarm/accessor/accessors/web/hosts/,/home/travis/build/icyphy/ptII/org/terraswarm/accessor/accessors/web/,/home/travis/build/icyphy/ptII/org/terraswarm/accessor/accessors/web/hosts/common/modules/ or relative path: $CLASSPATH/org/terraswarm/accessor/test/auto/accessors/,$CLASSPATH/ptolemy/actor/lib/jjs/,$CLASSPATH/ptolemy/actor/lib/jjs/modules/,$CLASSPATH/ptolemy/actor/lib/jjs/node/,$CLASSPATH/ptolemy/actor/lib/jjs/node_modules/,$CLASSPATH/org/terraswarm/accessor/accessors/web/hosts/,$CLASSPATH/org/terraswarm/accessor/accessors/web/ in <eval> at line number 384 at column number 8
	at ptolemy.actor.lib.jjs.JavaScript._createEngineAndEvaluateSetup(JavaScript.java:2497)
	at ptolemy.actor.lib.jjs.JavaScript.attributeChanged(JavaScript.java:548)
	at org.terraswarm.accessor.JSAccessor.attributeChanged(JSAccessor.java:312)
	at ptolemy.data.expr.Variable._setTokenAndNotify(Variable.java:2271)
	at ptolemy.data.expr.Variable._evaluate(Variable.java:1873)
	... 74 more
Caused by: javax.script.ScriptException: Accessor robotics/RosPublisher.js not found on path: /home/travis/build/icyphy/ptII/org/terraswarm/accessor/accessors/web/,/home/travis/build/icyphy/ptII/org/terraswarm/accessor/test/auto/accessors/,/home/travis/build/icyphy/ptII/ptolemy/actor/lib/jjs/,/home/travis/build/icyphy/ptII/ptolemy/actor/lib/jjs/modules/,/home/travis/build/icyphy/ptII/ptolemy/actor/lib/jjs/node/,/home/travis/build/icyphy/ptII/ptolemy/actor/lib/jjs/node_modules/,/home/travis/build/icyphy/ptII/org/terraswarm/accessor/accessors/web/hosts/,/home/travis/build/icyphy/ptII/org/terraswarm/accessor/accessors/web/,/home/travis/build/icyphy/ptII/org/terraswarm/accessor/accessors/web/hosts/common/modules/ or relative path: $CLASSPATH/org/terraswarm/accessor/test/auto/accessors/,$CLASSPATH/ptolemy/actor/lib/jjs/,$CLASSPATH/ptolemy/actor/lib/jjs/modules/,$CLASSPATH/ptolemy/actor/lib/jjs/node/,$CLASSPATH/ptolemy/actor/lib/jjs/node_modules/,$CLASSPATH/org/terraswarm/accessor/accessors/web/hosts/,$CLASSPATH/org/terraswarm/accessor/accessors/web/ in <eval> at line number 384 at column number 8
	at jdk.scripting.nashorn/jdk.nashorn.api.scripting.NashornScriptEngine.throwAsScriptException(NashornScriptEngine.java:477)
	at jdk.scripting.nashorn/jdk.nashorn.api.scripting.NashornScriptEngine.invokeImpl(NashornScriptEngine.java:399)
	at jdk.scripting.nashorn/jdk.nashorn.api.scripting.NashornScriptEngine.invokeFunction(NashornScriptEngine.java:197)
	at ptolemy.actor.lib.jjs.JavaScript._createEngineAndEvaluateSetup(JavaScript.java:2493)
	... 78 more
Caused by: <eval>:384:8 Accessor robotics/RosPublisher.js not found on path: /home/travis/build/icyphy/ptII/org/terraswarm/accessor/accessors/web/,/home/travis/build/icyphy/ptII/org/terraswarm/accessor/test/auto/accessors/,/home/travis/build/icyphy/ptII/ptolemy/actor/lib/jjs/,/home/travis/build/icyphy/ptII/ptolemy/actor/lib/jjs/modules/,/home/travis/build/icyphy/ptII/ptolemy/actor/lib/jjs/node/,/home/travis/build/icyphy/ptII/ptolemy/actor/lib/jjs/node_modules/,/home/travis/build/icyphy/ptII/org/terraswarm/accessor/accessors/web/hosts/,/home/travis/build/icyphy/ptII/org/terraswarm/accessor/accessors/web/,/home/travis/build/icyphy/ptII/org/terraswarm/accessor/accessors/web/hosts/common/modules/ or relative path: $CLASSPATH/org/terraswarm/accessor/test/auto/accessors/,$CLASSPATH/ptolemy/actor/lib/jjs/,$CLASSPATH/ptolemy/actor/lib/jjs/modules/,$CLASSPATH/ptolemy/actor/lib/jjs/node/,$CLASSPATH/ptolemy/actor/lib/jjs/node_modules/,$CLASSPATH/org/terraswarm/accessor/accessors/web/hosts/,$CLASSPATH/org/terraswarm/accessor/accessors/web/
	at jdk.scripting.nashorn/jdk.nashorn.internal.runtime.ECMAException.create(ECMAException.java:113)
	at jdk.scripting.nashorn.scripts/jdk.nashorn.internal.scripts.Script$Recompilation$1344$13413A$\^eval\_$cu1$restOf.getAccessorCode(<eval>:384)
	at jdk.scripting.nashorn.scripts/jdk.nashorn.internal.scripts.Script$Recompilation$1340$121037AAAAAA$require.L:1#instantiateAccessor(/home/travis/build/icyphy/ptII/ptolemy/actor/lib/jjs/external/require.js#409:30<eval>:2808)
	at jdk.scripting.nashorn.scripts/jdk.nashorn.internal.scripts.Script$Recompilation$1339$66539AAA$require$cu1$restOf.L:1#instantiate(/home/travis/build/icyphy/ptII/ptolemy/actor/lib/jjs/external/require.js#409:30<eval>:1494)
	at jdk.scripting.nashorn.scripts/jdk.nashorn.internal.scripts.Script$Recompilation$1314$1596$\^function\_.L:1#setup(<function>:43)
	at jdk.scripting.nashorn.scripts/jdk.nashorn.internal.scripts.Script$Recompilation$1312$17933AAAAAA$require$cu1$restOf.L:1#Accessor(/home/travis/build/icyphy/ptII/ptolemy/actor/lib/jjs/external/require.js#409:30<eval>:592)
	at jdk.scripting.nashorn.scripts/jdk.nashorn.internal.scripts.Script$Recompilation$1298$2801AAA$\^eval\_.evaluateCode(<eval>:96)
	at jdk.scripting.nashorn/jdk.nashorn.internal.runtime.ScriptFunctionData.invoke(ScriptFunctionData.java:661)
	at jdk.scripting.nashorn/jdk.nashorn.internal.runtime.ScriptFunction.invoke(ScriptFunction.java:513)
	at jdk.scripting.nashorn/jdk.nashorn.internal.runtime.ScriptRuntime.apply(ScriptRuntime.java:527)
	at jdk.scripting.nashorn/jdk.nashorn.api.scripting.ScriptObjectMirror.callMember(ScriptObjectMirror.java:202)
	at jdk.scripting.nashorn/jdk.nashorn.api.scripting.NashornScriptEngine.invokeImpl(NashornScriptEngine.java:393)
	... 80 more
Caused by: ptolemy.kernel.util.IllegalActionException: Error evaluating expression:
/** Accessor for directing a ROS robot to navigate to navigation goal, expres...
...
  in .configuration.actor library.MoreLibraries.Accessors.robotics.RosNavigationPose.script
Because:
Failed to evaluate script.
  in .configuration.actor library.MoreLibraries.Accessors.robotics.RosNavigationPose
Because:
Accessor robotics/RosPublisher.js not found on path: /home/travis/build/icyphy/ptII/org/terraswarm/accessor/accessors/web/,/home/travis/build/icyphy/ptII/org/terraswarm/accessor/test/auto/accessors/,/home/travis/build/icyphy/ptII/ptolemy/actor/lib/jjs/,/home/travis/build/icyphy/ptII/ptolemy/actor/lib/jjs/modules/,/home/travis/build/icyphy/ptII/ptolemy/actor/lib/jjs/node/,/home/travis/build/icyphy/ptII/ptolemy/actor/lib/jjs/node_modules/,/home/travis/build/icyphy/ptII/org/terraswarm/accessor/accessors/web/hosts/,/home/travis/build/icyphy/ptII/org/terraswarm/accessor/accessors/web/,/home/travis/build/icyphy/ptII/org/terraswarm/accessor/accessors/web/hosts/common/modules/ or relative path: $CLASSPATH/org/terraswarm/accessor/test/auto/accessors/,$CLASSPATH/ptolemy/actor/lib/jjs/,$CLASSPATH/ptolemy/actor/lib/jjs/modules/,$CLASSPATH/ptolemy/actor/lib/jjs/node/,$CLASSPATH/ptolemy/actor/lib/jjs/node_modules/,$CLASSPATH/org/terraswarm/accessor/accessors/web/hosts/,$CLASSPATH/org/terraswarm/accessor/accessors/web/ in <eval> at line number 384 at column number 8
  in .configuration.actor library.MoreLibraries.Accessors.robotics.RosNavigationPose.script
Because:
Error evaluating expression:
/** Accessor for directing a ROS robot to navigate to navigation goal, expres...
...
  in .configuration.actor library.MoreLibraries.Accessors.robotics.RosNavigationPose.script
Because:
Failed to evaluate script.
  in .configuration.actor library.MoreLibraries.Accessors.robotics.RosNavigationPose
Because:
Accessor robotics/RosPublisher.js not found on path: /home/travis/build/icyphy/ptII/org/terraswarm/accessor/accessors/web/,/home/travis/build/icyphy/ptII/org/terraswarm/accessor/test/auto/accessors/,/home/travis/build/icyphy/ptII/ptolemy/actor/lib/jjs/,/home/travis/build/icyphy/ptII/ptolemy/actor/lib/jjs/modules/,/home/travis/build/icyphy/ptII/ptolemy/actor/lib/jjs/node/,/home/travis/build/icyphy/ptII/ptolemy/actor/lib/jjs/node_modules/,/home/travis/build/icyphy/ptII/org/terraswarm/accessor/accessors/web/hosts/,/home/travis/build/icyphy/ptII/org/terraswarm/accessor/accessors/web/,/home/travis/build/icyphy/ptII/org/terraswarm/accessor/accessors/web/hosts/common/modules/ or relative path: $CLASSPATH/org/terraswarm/accessor/test/auto/accessors/,$CLASSPATH/ptolemy/actor/lib/jjs/,$CLASSPATH/ptolemy/actor/lib/jjs/modules/,$CLASSPATH/ptolemy/actor/lib/jjs/node/,$CLASSPATH/ptolemy/actor/lib/jjs/node_modules/,$CLASSPATH/org/terraswarm/accessor/accessors/web/hosts/,$CLASSPATH/org/terraswarm/accessor/accessors/web/ in <eval> at line number 384 at column number 8
	at ptolemy.data.expr.Variable.validate(Variable.java:1619)
	at ptolemy.moml.MoMLParser.endDocument(MoMLParser.java:867)
	at com.microstar.xml.XmlParser.doParse(XmlParser.java:162)
	at com.microstar.xml.XmlParser.parse(XmlParser.java:132)
	at ptolemy.moml.MoMLParser.parse(MoMLParser.java:1676)
	at ptolemy.moml.MoMLParser.parse(MoMLParser.java:1617)
	at ptolemy.moml.MoMLParser.parse(MoMLParser.java:1792)
	at org.terraswarm.accessor.AccessorLibrary.populate(AccessorLibrary.java:194)
	at ptolemy.moml.EntityLibrary.deepEntityList(EntityLibrary.java:349)
	at ptolemy.kernel.CompositeEntity.deepEntityList(CompositeEntity.java:714)
	at ptolemy.moml.EntityLibrary.deepEntityList(EntityLibrary.java:350)
	at ptolemy.kernel.CompositeEntity.deepEntityList(CompositeEntity.java:714)
	at ptolemy.moml.EntityLibrary.deepEntityList(EntityLibrary.java:350)
	at ptolemy.kernel.CompositeEntity.deepEntityList(CompositeEntity.java:714)
	at ptolemy.kernel.CompositeEntity.deepEntityList(CompositeEntity.java:714)
	at ptolemy.kernel.CompositeEntity.allAtomicEntityList(CompositeEntity.java:188)
	at java.base/jdk.internal.reflect.NativeMethodAccessorImpl.invoke0(Native Method)
	at java.base/jdk.internal.reflect.NativeMethodAccessorImpl.invoke(NativeMethodAccessorImpl.java:62)
	at java.base/jdk.internal.reflect.DelegatingMethodAccessorImpl.invoke(DelegatingMethodAccessorImpl.java:43)
	at java.base/java.lang.reflect.Method.invoke(Method.java:566)
	at tcl.lang.reflect.PkgInvoker.invokeMethod(PkgInvoker.java:129)
	at tcl.lang.JavaInvoke.call(JavaInvoke.java:253)
	at tcl.lang.JavaInvoke.callMethod(JavaInvoke.java:116)
	at tcl.lang.ReflectObject.cmdProc(ReflectObject.java:727)
	at tcl.lang.Parser.evalObjv(Parser.java:740)
	at tcl.lang.Parser.eval2(Parser.java:1138)
	at tcl.lang.Parser.evalTokens(Parser.java:930)
	at tcl.lang.Parser.eval2(Parser.java:1125)
	at tcl.lang.Interp.eval(Interp.java:1782)
	at tcl.lang.Interp.eval(Interp.java:1841)
	at tcl.lang.ForeachCmd.cmdProc(ForeachCmd.java:116)
	at tcl.lang.AutoloadStub.cmdProc(Extension.java:144)
	at tcl.lang.Parser.evalObjv(Parser.java:740)
	at tcl.lang.Parser.eval2(Parser.java:1138)
	at tcl.lang.Interp.eval(Interp.java:1782)
	at tcl.lang.Interp.evalFile(Interp.java:1880)
	at java.base/jdk.internal.reflect.NativeMethodAccessorImpl.invoke0(Native Method)
	at java.base/jdk.internal.reflect.NativeMethodAccessorImpl.invoke(NativeMethodAccessorImpl.java:62)
	at java.base/jdk.internal.reflect.DelegatingMethodAccessorImpl.invoke(DelegatingMethodAccessorImpl.java:43)
	at java.base/java.lang.reflect.Method.invoke(Method.java:566)
	at ptolemy.util.test.junit.TclTests.RunTclFile(TclTests.java:233)
	at java.base/jdk.internal.reflect.NativeMethodAccessorImpl.invoke0(Native Method)
	at java.base/jdk.internal.reflect.NativeMethodAccessorImpl.invoke(NativeMethodAccessorImpl.java:62)
	at java.base/jdk.internal.reflect.DelegatingMethodAccessorImpl.invoke(DelegatingMethodAccessorImpl.java:43)
	at java.base/java.lang.reflect.Method.invoke(Method.java:566)
	at org.junit.runners.model.FrameworkMethod$1.runReflectiveCall(FrameworkMethod.java:44)
	at org.junit.internal.runners.model.ReflectiveCallable.run(ReflectiveCallable.java:15)
	at org.junit.runners.model.FrameworkMethod.invokeExplosively(FrameworkMethod.java:41)
	at junitparams.internal.InvokeParameterisedMethod.evaluate(InvokeParameterisedMethod.java:102)
	at junitparams.internal.ParameterisedTestMethodRunner.runMethodInvoker(ParameterisedTestMethodRunner.java:47)
	at junitparams.internal.ParameterisedTestMethodRunner.runTestMethod(ParameterisedTestMethodRunner.java:41)
	at junitparams.internal.ParameterisedTestClassRunner.runParameterisedTest(ParameterisedTestClassRunner.java:143)
	at junitparams.JUnitParamsRunner.runChild(JUnitParamsRunner.java:237)
	at junitparams.JUnitParamsRunner.runChild(JUnitParamsRunner.java:215)
	at org.junit.runners.ParentRunner$3.run(ParentRunner.java:193)
	at org.junit.runners.ParentRunner$1.schedule(ParentRunner.java:52)
	at org.junit.runners.ParentRunner.runChildren(ParentRunner.java:191)
	at org.junit.runners.ParentRunner.access$000(ParentRunner.java:42)
	at org.junit.runners.ParentRunner$2.evaluate(ParentRunner.java:184)
	at org.junit.internal.runners.statements.RunAfters.evaluate(RunAfters.java:31)
	at org.junit.runners.ParentRunner.run(ParentRunner.java:236)
	at org.junit.runners.Suite.runChild(Suite.java:128)
	at org.junit.runners.Suite.runChild(Suite.java:24)
	at org.junit.runners.ParentRunner$3.run(ParentRunner.java:193)
	at org.junit.runners.ParentRunner$1.schedule(ParentRunner.java:52)
	at org.junit.runners.ParentRunner.runChildren(ParentRunner.java:191)
	at org.junit.runners.ParentRunner.access$000(ParentRunner.java:42)
	at org.junit.runners.ParentRunner$2.evaluate(ParentRunner.java:184)
	at org.junit.runners.ParentRunner.run(ParentRunner.java:236)
	at junit.framework.JUnit4TestAdapter.run(JUnit4TestAdapter.java:39)
	at org.apache.tools.ant.taskdefs.optional.junit.JUnitTestRunner.run(JUnitTestRunner.java:535)
	at org.apache.tools.ant.taskdefs.optional.junit.JUnitTestRunner.launch(JUnitTestRunner.java:1182)
	at org.apache.tools.ant.taskdefs.optional.junit.JUnitTestRunner.main(JUnitTestRunner.java:1033)
Caused by: ptolemy.kernel.util.IllegalActionException: Error evaluating expression:
/** Accessor for directing a ROS robot to navigate to navigation goal, expres...
...
  in .configuration.actor library.MoreLibraries.Accessors.robotics.RosNavigationPose.script
Because:
Failed to evaluate script.
  in .configuration.actor library.MoreLibraries.Accessors.robotics.RosNavigationPose
Because:
Accessor robotics/RosPublisher.js not found on path: /home/travis/build/icyphy/ptII/org/terraswarm/accessor/accessors/web/,/home/travis/build/icyphy/ptII/org/terraswarm/accessor/test/auto/accessors/,/home/travis/build/icyphy/ptII/ptolemy/actor/lib/jjs/,/home/travis/build/icyphy/ptII/ptolemy/actor/lib/jjs/modules/,/home/travis/build/icyphy/ptII/ptolemy/actor/lib/jjs/node/,/home/travis/build/icyphy/ptII/ptolemy/actor/lib/jjs/node_modules/,/home/travis/build/icyphy/ptII/org/terraswarm/accessor/accessors/web/hosts/,/home/travis/build/icyphy/ptII/org/terraswarm/accessor/accessors/web/,/home/travis/build/icyphy/ptII/org/terraswarm/accessor/accessors/web/hosts/common/modules/ or relative path: $CLASSPATH/org/terraswarm/accessor/test/auto/accessors/,$CLASSPATH/ptolemy/actor/lib/jjs/,$CLASSPATH/ptolemy/actor/lib/jjs/modules/,$CLASSPATH/ptolemy/actor/lib/jjs/node/,$CLASSPATH/ptolemy/actor/lib/jjs/node_modules/,$CLASSPATH/org/terraswarm/accessor/accessors/web/hosts/,$CLASSPATH/org/terraswarm/accessor/accessors/web/ in <eval> at line number 384 at column number 8
	at ptolemy.data.expr.Variable._evaluate(Variable.java:1891)
	at ptolemy.data.expr.Variable._propagate(Variable.java:1984)
	at ptolemy.data.expr.Variable.validate(Variable.java:1596)
	... 72 more
Caused by: ptolemy.kernel.util.IllegalActionException: Failed to evaluate script.
  in .configuration.actor library.MoreLibraries.Accessors.robotics.RosNavigationPose
Because:
Accessor robotics/RosPublisher.js not found on path: /home/travis/build/icyphy/ptII/org/terraswarm/accessor/accessors/web/,/home/travis/build/icyphy/ptII/org/terraswarm/accessor/test/auto/accessors/,/home/travis/build/icyphy/ptII/ptolemy/actor/lib/jjs/,/home/travis/build/icyphy/ptII/ptolemy/actor/lib/jjs/modules/,/home/travis/build/icyphy/ptII/ptolemy/actor/lib/jjs/node/,/home/travis/build/icyphy/ptII/ptolemy/actor/lib/jjs/node_modules/,/home/travis/build/icyphy/ptII/org/terraswarm/accessor/accessors/web/hosts/,/home/travis/build/icyphy/ptII/org/terraswarm/accessor/accessors/web/,/home/travis/build/icyphy/ptII/org/terraswarm/accessor/accessors/web/hosts/common/modules/ or relative path: $CLASSPATH/org/terraswarm/accessor/test/auto/accessors/,$CLASSPATH/ptolemy/actor/lib/jjs/,$CLASSPATH/ptolemy/actor/lib/jjs/modules/,$CLASSPATH/ptolemy/actor/lib/jjs/node/,$CLASSPATH/ptolemy/actor/lib/jjs/node_modules/,$CLASSPATH/org/terraswarm/accessor/accessors/web/hosts/,$CLASSPATH/org/terraswarm/accessor/accessors/web/ in <eval> at line number 384 at column number 8
	at ptolemy.actor.lib.jjs.JavaScript._createEngineAndEvaluateSetup(JavaScript.java:2497)
	at ptolemy.actor.lib.jjs.JavaScript.attributeChanged(JavaScript.java:548)
	at org.terraswarm.accessor.JSAccessor.attributeChanged(JSAccessor.java:312)
	at ptolemy.data.expr.Variable._setTokenAndNotify(Variable.java:2271)
	at ptolemy.data.expr.Variable._evaluate(Variable.java:1873)
	... 74 more
Caused by: javax.script.ScriptException: Accessor robotics/RosPublisher.js not found on path: /home/travis/build/icyphy/ptII/org/terraswarm/accessor/accessors/web/,/home/travis/build/icyphy/ptII/org/terraswarm/accessor/test/auto/accessors/,/home/travis/build/icyphy/ptII/ptolemy/actor/lib/jjs/,/home/travis/build/icyphy/ptII/ptolemy/actor/lib/jjs/modules/,/home/travis/build/icyphy/ptII/ptolemy/actor/lib/jjs/node/,/home/travis/build/icyphy/ptII/ptolemy/actor/lib/jjs/node_modules/,/home/travis/build/icyphy/ptII/org/terraswarm/accessor/accessors/web/hosts/,/home/travis/build/icyphy/ptII/org/terraswarm/accessor/accessors/web/,/home/travis/build/icyphy/ptII/org/terraswarm/accessor/accessors/web/hosts/common/modules/ or relative path: $CLASSPATH/org/terraswarm/accessor/test/auto/accessors/,$CLASSPATH/ptolemy/actor/lib/jjs/,$CLASSPATH/ptolemy/actor/lib/jjs/modules/,$CLASSPATH/ptolemy/actor/lib/jjs/node/,$CLASSPATH/ptolemy/actor/lib/jjs/node_modules/,$CLASSPATH/org/terraswarm/accessor/accessors/web/hosts/,$CLASSPATH/org/terraswarm/accessor/accessors/web/ in <eval> at line number 384 at column number 8
	at jdk.scripting.nashorn/jdk.nashorn.api.scripting.NashornScriptEngine.throwAsScriptException(NashornScriptEngine.java:477)
	at jdk.scripting.nashorn/jdk.nashorn.api.scripting.NashornScriptEngine.invokeImpl(NashornScriptEngine.java:399)
	at jdk.scripting.nashorn/jdk.nashorn.api.scripting.NashornScriptEngine.invokeFunction(NashornScriptEngine.java:197)
	at ptolemy.actor.lib.jjs.JavaScript._createEngineAndEvaluateSetup(JavaScript.java:2493)
	... 78 more
Caused by: <eval>:384:8 Accessor robotics/RosPublisher.js not found on path: /home/travis/build/icyphy/ptII/org/terraswarm/accessor/accessors/web/,/home/travis/build/icyphy/ptII/org/terraswarm/accessor/test/auto/accessors/,/home/travis/build/icyphy/ptII/ptolemy/actor/lib/jjs/,/home/travis/build/icyphy/ptII/ptolemy/actor/lib/jjs/modules/,/home/travis/build/icyphy/ptII/ptolemy/actor/lib/jjs/node/,/home/travis/build/icyphy/ptII/ptolemy/actor/lib/jjs/node_modules/,/home/travis/build/icyphy/ptII/org/terraswarm/accessor/accessors/web/hosts/,/home/travis/build/icyphy/ptII/org/terraswarm/accessor/accessors/web/,/home/travis/build/icyphy/ptII/org/terraswarm/accessor/accessors/web/hosts/common/modules/ or relative path: $CLASSPATH/org/terraswarm/accessor/test/auto/accessors/,$CLASSPATH/ptolemy/actor/lib/jjs/,$CLASSPATH/ptolemy/actor/lib/jjs/modules/,$CLASSPATH/ptolemy/actor/lib/jjs/node/,$CLASSPATH/ptolemy/actor/lib/jjs/node_modules/,$CLASSPATH/org/terraswarm/accessor/accessors/web/hosts/,$CLASSPATH/org/terraswarm/accessor/accessors/web/
	at jdk.scripting.nashorn/jdk.nashorn.internal.runtime.ECMAException.create(ECMAException.java:113)
	at jdk.scripting.nashorn.scripts/jdk.nashorn.internal.scripts.Script$Recompilation$1344$13413A$\^eval\_$cu1$restOf.getAccessorCode(<eval>:384)
	at jdk.scripting.nashorn.scripts/jdk.nashorn.internal.scripts.Script$Recompilation$1340$121037AAAAAA$require.L:1#instantiateAccessor(/home/travis/build/icyphy/ptII/ptolemy/actor/lib/jjs/external/require.js#409:30<eval>:2808)
	at jdk.scripting.nashorn.scripts/jdk.nashorn.internal.scripts.Script$Recompilation$1339$66539AAA$require$cu1$restOf.L:1#instantiate(/home/travis/build/icyphy/ptII/ptolemy/actor/lib/jjs/external/require.js#409:30<eval>:1494)
	at jdk.scripting.nashorn.scripts/jdk.nashorn.internal.scripts.Script$Recompilation$1314$1596$\^function\_.L:1#setup(<function>:43)
	at jdk.scripting.nashorn.scripts/jdk.nashorn.internal.scripts.Script$Recompilation$1312$17933AAAAAA$require$cu1$restOf.L:1#Accessor(/home/travis/build/icyphy/ptII/ptolemy/actor/lib/jjs/external/require.js#409:30<eval>:592)
	at jdk.scripting.nashorn.scripts/jdk.nashorn.internal.scripts.Script$Recompilation$1298$2801AAA$\^eval\_.evaluateCode(<eval>:96)
	at jdk.scripting.nashorn/jdk.nashorn.internal.runtime.ScriptFunctionData.invoke(ScriptFunctionData.java:661)
	at jdk.scripting.nashorn/jdk.nashorn.internal.runtime.ScriptFunction.invoke(ScriptFunction.java:513)
	at jdk.scripting.nashorn/jdk.nashorn.internal.runtime.ScriptRuntime.apply(ScriptRuntime.java:527)
	at jdk.scripting.nashorn/jdk.nashorn.api.scripting.ScriptObjectMirror.callMember(ScriptObjectMirror.java:202)
	at jdk.scripting.nashorn/jdk.nashorn.api.scripting.NashornScriptEngine.invokeImpl(NashornScriptEngine.java:393)
	... 80 more
Caused by: ptolemy.kernel.util.IllegalActionException: Error evaluating expression:
/** Accessor for directing a ROS robot to navigate to navigation goal, expres...
...
  in .configuration.actor library.MoreLibraries.Accessors.robotics.RosNavigationPose.script
Because:
Failed to evaluate script.
  in .configuration.actor library.MoreLibraries.Accessors.robotics.RosNavigationPose
Because:
Accessor robotics/RosPublisher.js not found on path: /home/travis/build/icyphy/ptII/org/terraswarm/accessor/accessors/web/,/home/travis/build/icyphy/ptII/org/terraswarm/accessor/test/auto/accessors/,/home/travis/build/icyphy/ptII/ptolemy/actor/lib/jjs/,/home/travis/build/icyphy/ptII/ptolemy/actor/lib/jjs/modules/,/home/travis/build/icyphy/ptII/ptolemy/actor/lib/jjs/node/,/home/travis/build/icyphy/ptII/ptolemy/actor/lib/jjs/node_modules/,/home/travis/build/icyphy/ptII/org/terraswarm/accessor/accessors/web/hosts/,/home/travis/build/icyphy/ptII/org/terraswarm/accessor/accessors/web/,/home/travis/build/icyphy/ptII/org/terraswarm/accessor/accessors/web/hosts/common/modules/ or relative path: $CLASSPATH/org/terraswarm/accessor/test/auto/accessors/,$CLASSPATH/ptolemy/actor/lib/jjs/,$CLASSPATH/ptolemy/actor/lib/jjs/modules/,$CLASSPATH/ptolemy/actor/lib/jjs/node/,$CLASSPATH/ptolemy/actor/lib/jjs/node_modules/,$CLASSPATH/org/terraswarm/accessor/accessors/web/hosts/,$CLASSPATH/org/terraswarm/accessor/accessors/web/ in <eval> at line number 384 at column number 8
	at ptolemy.data.expr.Variable._evaluate(Variable.java:1891)
	at ptolemy.data.expr.Variable._propagate(Variable.java:1984)
	at ptolemy.data.expr.Variable.validate(Variable.java:1596)
	at ptolemy.moml.MoMLParser.endDocument(MoMLParser.java:867)
	at com.microstar.xml.XmlParser.doParse(XmlParser.java:162)
	at com.microstar.xml.XmlParser.parse(XmlParser.java:132)
	at ptolemy.moml.MoMLParser.parse(MoMLParser.java:1676)
	at ptolemy.moml.MoMLParser.parse(MoMLParser.java:1617)
	at ptolemy.moml.MoMLParser.parse(MoMLParser.java:1792)
	at org.terraswarm.accessor.AccessorLibrary.populate(AccessorLibrary.java:194)
	at ptolemy.moml.EntityLibrary.deepEntityList(EntityLibrary.java:349)
	at ptolemy.kernel.CompositeEntity.deepEntityList(CompositeEntity.java:714)
	at ptolemy.moml.EntityLibrary.deepEntityList(EntityLibrary.java:350)
	at ptolemy.kernel.CompositeEntity.deepEntityList(CompositeEntity.java:714)
	at ptolemy.moml.EntityLibrary.deepEntityList(EntityLibrary.java:350)
	at ptolemy.kernel.CompositeEntity.deepEntityList(CompositeEntity.java:714)
	at ptolemy.kernel.CompositeEntity.deepEntityList(CompositeEntity.java:714)
	at ptolemy.kernel.CompositeEntity.allAtomicEntityList(CompositeEntity.java:188)
	at java.base/jdk.internal.reflect.NativeMethodAccessorImpl.invoke0(Native Method)
	at java.base/jdk.internal.reflect.NativeMethodAccessorImpl.invoke(NativeMethodAccessorImpl.java:62)
	at java.base/jdk.internal.reflect.DelegatingMethodAccessorImpl.invoke(DelegatingMethodAccessorImpl.java:43)
	at java.base/java.lang.reflect.Method.invoke(Method.java:566)
	at tcl.lang.reflect.PkgInvoker.invokeMethod(PkgInvoker.java:129)
	at tcl.lang.JavaInvoke.call(JavaInvoke.java:253)
	at tcl.lang.JavaInvoke.callMethod(JavaInvoke.java:116)
	at tcl.lang.ReflectObject.cmdProc(ReflectObject.java:727)
	at tcl.lang.Parser.evalObjv(Parser.java:740)
	at tcl.lang.Parser.eval2(Parser.java:1138)
	at tcl.lang.Parser.evalTokens(Parser.java:930)
	at tcl.lang.Parser.eval2(Parser.java:1125)
	at tcl.lang.Interp.eval(Interp.java:1782)
	at tcl.lang.Interp.eval(Interp.java:1841)
	at tcl.lang.ForeachCmd.cmdProc(ForeachCmd.java:116)
	at tcl.lang.AutoloadStub.cmdProc(Extension.java:144)
	at tcl.lang.Parser.evalObjv(Parser.java:740)
	at tcl.lang.Parser.eval2(Parser.java:1138)
	at tcl.lang.Interp.eval(Interp.java:1782)
	at tcl.lang.Interp.evalFile(Interp.java:1880)
	at java.base/jdk.internal.reflect.NativeMethodAccessorImpl.invoke0(Native Method)
	at java.base/jdk.internal.reflect.NativeMethodAccessorImpl.invoke(NativeMethodAccessorImpl.java:62)
	at java.base/jdk.internal.reflect.DelegatingMethodAccessorImpl.invoke(DelegatingMethodAccessorImpl.java:43)
	at java.base/java.lang.reflect.Method.invoke(Method.java:566)
	at ptolemy.util.test.junit.TclTests.RunTclFile(TclTests.java:233)
	at java.base/jdk.internal.reflect.NativeMethodAccessorImpl.invoke0(Native Method)
	at java.base/jdk.internal.reflect.NativeMethodAccessorImpl.invoke(NativeMethodAccessorImpl.java:62)
	at java.base/jdk.internal.reflect.DelegatingMethodAccessorImpl.invoke(DelegatingMethodAccessorImpl.java:43)
	at java.base/java.lang.reflect.Method.invoke(Method.java:566)
	at org.junit.runners.model.FrameworkMethod$1.runReflectiveCall(FrameworkMethod.java:44)
	at org.junit.internal.runners.model.ReflectiveCallable.run(ReflectiveCallable.java:15)
	at org.junit.runners.model.FrameworkMethod.invokeExplosively(FrameworkMethod.java:41)
	at junitparams.internal.InvokeParameterisedMethod.evaluate(InvokeParameterisedMethod.java:102)
	at junitparams.internal.ParameterisedTestMethodRunner.runMethodInvoker(ParameterisedTestMethodRunner.java:47)
	at junitparams.internal.ParameterisedTestMethodRunner.runTestMethod(ParameterisedTestMethodRunner.java:41)
	at junitparams.internal.ParameterisedTestClassRunner.runParameterisedTest(ParameterisedTestClassRunner.java:143)
	at junitparams.JUnitParamsRunner.runChild(JUnitParamsRunner.java:237)
	at junitparams.JUnitParamsRunner.runChild(JUnitParamsRunner.java:215)
	at org.junit.runners.ParentRunner$3.run(ParentRunner.java:193)
	at org.junit.runners.ParentRunner$1.schedule(ParentRunner.java:52)
	at org.junit.runners.ParentRunner.runChildren(ParentRunner.java:191)
	at org.junit.runners.ParentRunner.access$000(ParentRunner.java:42)
	at org.junit.runners.ParentRunner$2.evaluate(ParentRunner.java:184)
	at org.junit.internal.runners.statements.RunAfters.evaluate(RunAfters.java:31)
	at org.junit.runners.ParentRunner.run(ParentRunner.java:236)
	at org.junit.runners.Suite.runChild(Suite.java:128)
	at org.junit.runners.Suite.runChild(Suite.java:24)
	at org.junit.runners.ParentRunner$3.run(ParentRunner.java:193)
	at org.junit.runners.ParentRunner$1.schedule(ParentRunner.java:52)
	at org.junit.runners.ParentRunner.runChildren(ParentRunner.java:191)
	at org.junit.runners.ParentRunner.access$000(ParentRunner.java:42)
	at org.junit.runners.ParentRunner$2.evaluate(ParentRunner.java:184)
	at org.junit.runners.ParentRunner.run(ParentRunner.java:236)
	at junit.framework.JUnit4TestAdapter.run(JUnit4TestAdapter.java:39)
	at org.apache.tools.ant.taskdefs.optional.junit.JUnitTestRunner.run(JUnitTestRunner.java:535)
	at org.apache.tools.ant.taskdefs.optional.junit.JUnitTestRunner.launch(JUnitTestRunner.java:1182)
	at org.apache.tools.ant.taskdefs.optional.junit.JUnitTestRunner.main(JUnitTestRunner.java:1033)
Caused by: ptolemy.kernel.util.IllegalActionException: Failed to evaluate script.
  in .configuration.actor library.MoreLibraries.Accessors.robotics.RosNavigationPose
Because:
Accessor robotics/RosPublisher.js not found on path: /home/travis/build/icyphy/ptII/org/terraswarm/accessor/accessors/web/,/home/travis/build/icyphy/ptII/org/terraswarm/accessor/test/auto/accessors/,/home/travis/build/icyphy/ptII/ptolemy/actor/lib/jjs/,/home/travis/build/icyphy/ptII/ptolemy/actor/lib/jjs/modules/,/home/travis/build/icyphy/ptII/ptolemy/actor/lib/jjs/node/,/home/travis/build/icyphy/ptII/ptolemy/actor/lib/jjs/node_modules/,/home/travis/build/icyphy/ptII/org/terraswarm/accessor/accessors/web/hosts/,/home/travis/build/icyphy/ptII/org/terraswarm/accessor/accessors/web/,/home/travis/build/icyphy/ptII/org/terraswarm/accessor/accessors/web/hosts/common/modules/ or relative path: $CLASSPATH/org/terraswarm/accessor/test/auto/accessors/,$CLASSPATH/ptolemy/actor/lib/jjs/,$CLASSPATH/ptolemy/actor/lib/jjs/modules/,$CLASSPATH/ptolemy/actor/lib/jjs/node/,$CLASSPATH/ptolemy/actor/lib/jjs/node_modules/,$CLASSPATH/org/terraswarm/accessor/accessors/web/hosts/,$CLASSPATH/org/terraswarm/accessor/accessors/web/ in <eval> at line number 384 at column number 8
	at ptolemy.actor.lib.jjs.JavaScript._createEngineAndEvaluateSetup(JavaScript.java:2497)
	at ptolemy.actor.lib.jjs.JavaScript.attributeChanged(JavaScript.java:548)
	at org.terraswarm.accessor.JSAccessor.attributeChanged(JSAccessor.java:312)
	at ptolemy.data.expr.Variable._setTokenAndNotify(Variable.java:2271)
	at ptolemy.data.expr.Variable._evaluate(Variable.java:1873)
	... 74 more
Caused by: javax.script.ScriptException: Accessor robotics/RosPublisher.js not found on path: /home/travis/build/icyphy/ptII/org/terraswarm/accessor/accessors/web/,/home/travis/build/icyphy/ptII/org/terraswarm/accessor/test/auto/accessors/,/home/travis/build/icyphy/ptII/ptolemy/actor/lib/jjs/,/home/travis/build/icyphy/ptII/ptolemy/actor/lib/jjs/modules/,/home/travis/build/icyphy/ptII/ptolemy/actor/lib/jjs/node/,/home/travis/build/icyphy/ptII/ptolemy/actor/lib/jjs/node_modules/,/home/travis/build/icyphy/ptII/org/terraswarm/accessor/accessors/web/hosts/,/home/travis/build/icyphy/ptII/org/terraswarm/accessor/accessors/web/,/home/travis/build/icyphy/ptII/org/terraswarm/accessor/accessors/web/hosts/common/modules/ or relative path: $CLASSPATH/org/terraswarm/accessor/test/auto/accessors/,$CLASSPATH/ptolemy/actor/lib/jjs/,$CLASSPATH/ptolemy/actor/lib/jjs/modules/,$CLASSPATH/ptolemy/actor/lib/jjs/node/,$CLASSPATH/ptolemy/actor/lib/jjs/node_modules/,$CLASSPATH/org/terraswarm/accessor/accessors/web/hosts/,$CLASSPATH/org/terraswarm/accessor/accessors/web/ in <eval> at line number 384 at column number 8
	at jdk.scripting.nashorn/jdk.nashorn.api.scripting.NashornScriptEngine.throwAsScriptException(NashornScriptEngine.java:477)
	at jdk.scripting.nashorn/jdk.nashorn.api.scripting.NashornScriptEngine.invokeImpl(NashornScriptEngine.java:399)
	at jdk.scripting.nashorn/jdk.nashorn.api.scripting.NashornScriptEngine.invokeFunction(NashornScriptEngine.java:197)
	at ptolemy.actor.lib.jjs.JavaScript._createEngineAndEvaluateSetup(JavaScript.java:2493)
	... 78 more
Caused by: <eval>:384:8 Accessor robotics/RosPublisher.js not found on path: /home/travis/build/icyphy/ptII/org/terraswarm/accessor/accessors/web/,/home/travis/build/icyphy/ptII/org/terraswarm/accessor/test/auto/accessors/,/home/travis/build/icyphy/ptII/ptolemy/actor/lib/jjs/,/home/travis/build/icyphy/ptII/ptolemy/actor/lib/jjs/modules/,/home/travis/build/icyphy/ptII/ptolemy/actor/lib/jjs/node/,/home/travis/build/icyphy/ptII/ptolemy/actor/lib/jjs/node_modules/,/home/travis/build/icyphy/ptII/org/terraswarm/accessor/accessors/web/hosts/,/home/travis/build/icyphy/ptII/org/terraswarm/accessor/accessors/web/,/home/travis/build/icyphy/ptII/org/terraswarm/accessor/accessors/web/hosts/common/modules/ or relative path: $CLASSPATH/org/terraswarm/accessor/test/auto/accessors/,$CLASSPATH/ptolemy/actor/lib/jjs/,$CLASSPATH/ptolemy/actor/lib/jjs/modules/,$CLASSPATH/ptolemy/actor/lib/jjs/node/,$CLASSPATH/ptolemy/actor/lib/jjs/node_modules/,$CLASSPATH/org/terraswarm/accessor/accessors/web/hosts/,$CLASSPATH/org/terraswarm/accessor/accessors/web/
	at jdk.scripting.nashorn/jdk.nashorn.internal.runtime.ECMAException.create(ECMAException.java:113)
	at jdk.scripting.nashorn.scripts/jdk.nashorn.internal.scripts.Script$Recompilation$1344$13413A$\^eval\_$cu1$restOf.getAccessorCode(<eval>:384)
	at jdk.scripting.nashorn.scripts/jdk.nashorn.internal.scripts.Script$Recompilation$1340$121037AAAAAA$require.L:1#instantiateAccessor(/home/travis/build/icyphy/ptII/ptolemy/actor/lib/jjs/external/require.js#409:30<eval>:2808)
	at jdk.scripting.nashorn.scripts/jdk.nashorn.internal.scripts.Script$Recompilation$1339$66539AAA$require$cu1$restOf.L:1#instantiate(/home/travis/build/icyphy/ptII/ptolemy/actor/lib/jjs/external/require.js#409:30<eval>:1494)
	at jdk.scripting.nashorn.scripts/jdk.nashorn.internal.scripts.Script$Recompilation$1314$1596$\^function\_.L:1#setup(<function>:43)
	at jdk.scripting.nashorn.scripts/jdk.nashorn.internal.scripts.Script$Recompilation$1312$17933AAAAAA$require$cu1$restOf.L:1#Accessor(/home/travis/build/icyphy/ptII/ptolemy/actor/lib/jjs/external/require.js#409:30<eval>:592)
	at jdk.scripting.nashorn.scripts/jdk.nashorn.internal.scripts.Script$Recompilation$1298$2801AAA$\^eval\_.evaluateCode(<eval>:96)
	at jdk.scripting.nashorn/jdk.nashorn.internal.runtime.ScriptFunctionData.invoke(ScriptFunctionData.java:661)
	at jdk.scripting.nashorn/jdk.nashorn.internal.runtime.ScriptFunction.invoke(ScriptFunction.java:513)
	at jdk.scripting.nashorn/jdk.nashorn.internal.runtime.ScriptRuntime.apply(ScriptRuntime.java:527)
	at jdk.scripting.nashorn/jdk.nashorn.api.scripting.ScriptObjectMirror.callMember(ScriptObjectMirror.java:202)
	at jdk.scripting.nashorn/jdk.nashorn.api.scripting.NashornScriptEngine.invokeImpl(NashornScriptEngine.java:393)
	... 80 more
Caused by: ptolemy.kernel.util.IllegalActionException: Failed to evaluate script.
  in .configuration.actor library.MoreLibraries.Accessors.robotics.RosNavigationPose
Because:
Accessor robotics/RosPublisher.js not found on path: /home/travis/build/icyphy/ptII/org/terraswarm/accessor/accessors/web/,/home/travis/build/icyphy/ptII/org/terraswarm/accessor/test/auto/accessors/,/home/travis/build/icyphy/ptII/ptolemy/actor/lib/jjs/,/home/travis/build/icyphy/ptII/ptolemy/actor/lib/jjs/modules/,/home/travis/build/icyphy/ptII/ptolemy/actor/lib/jjs/node/,/home/travis/build/icyphy/ptII/ptolemy/actor/lib/jjs/node_modules/,/home/travis/build/icyphy/ptII/org/terraswarm/accessor/accessors/web/hosts/,/home/travis/build/icyphy/ptII/org/terraswarm/accessor/accessors/web/,/home/travis/build/icyphy/ptII/org/terraswarm/accessor/accessors/web/hosts/common/modules/ or relative path: $CLASSPATH/org/terraswarm/accessor/test/auto/accessors/,$CLASSPATH/ptolemy/actor/lib/jjs/,$CLASSPATH/ptolemy/actor/lib/jjs/modules/,$CLASSPATH/ptolemy/actor/lib/jjs/node/,$CLASSPATH/ptolemy/actor/lib/jjs/node_modules/,$CLASSPATH/org/terraswarm/accessor/accessors/web/hosts/,$CLASSPATH/org/terraswarm/accessor/accessors/web/ in <eval> at line number 384 at column number 8
	at ptolemy.actor.lib.jjs.JavaScript._createEngineAndEvaluateSetup(JavaScript.java:2497)
	at ptolemy.actor.lib.jjs.JavaScript.attributeChanged(JavaScript.java:548)
	at org.terraswarm.accessor.JSAccessor.attributeChanged(JSAccessor.java:312)
	at ptolemy.data.expr.Variable._setTokenAndNotify(Variable.java:2271)
	at ptolemy.data.expr.Variable._evaluate(Variable.java:1873)
	at ptolemy.data.expr.Variable._propagate(Variable.java:1984)
	at ptolemy.data.expr.Variable.validate(Variable.java:1596)
	at ptolemy.moml.MoMLParser.endDocument(MoMLParser.java:867)
	at com.microstar.xml.XmlParser.doParse(XmlParser.java:162)
	at com.microstar.xml.XmlParser.parse(XmlParser.java:132)
	at ptolemy.moml.MoMLParser.parse(MoMLParser.java:1676)
	at ptolemy.moml.MoMLParser.parse(MoMLParser.java:1617)
	at ptolemy.moml.MoMLParser.parse(MoMLParser.java:1792)
	at org.terraswarm.accessor.AccessorLibrary.populate(AccessorLibrary.java:194)
	at ptolemy.moml.EntityLibrary.deepEntityList(EntityLibrary.java:349)
	at ptolemy.kernel.CompositeEntity.deepEntityList(CompositeEntity.java:714)
	at ptolemy.moml.EntityLibrary.deepEntityList(EntityLibrary.java:350)
	at ptolemy.kernel.CompositeEntity.deepEntityList(CompositeEntity.java:714)
	at ptolemy.moml.EntityLibrary.deepEntityList(EntityLibrary.java:350)
	at ptolemy.kernel.CompositeEntity.deepEntityList(CompositeEntity.java:714)
	at ptolemy.kernel.CompositeEntity.deepEntityList(CompositeEntity.java:714)
	at ptolemy.kernel.CompositeEntity.allAtomicEntityList(CompositeEntity.java:188)
	at java.base/jdk.internal.reflect.NativeMethodAccessorImpl.invoke0(Native Method)
	at java.base/jdk.internal.reflect.NativeMethodAccessorImpl.invoke(NativeMethodAccessorImpl.java:62)
	at java.base/jdk.internal.reflect.DelegatingMethodAccessorImpl.invoke(DelegatingMethodAccessorImpl.java:43)
	at java.base/java.lang.reflect.Method.invoke(Method.java:566)
	at tcl.lang.reflect.PkgInvoker.invokeMethod(PkgInvoker.java:129)
	at tcl.lang.JavaInvoke.call(JavaInvoke.java:253)
	at tcl.lang.JavaInvoke.callMethod(JavaInvoke.java:116)
	at tcl.lang.ReflectObject.cmdProc(ReflectObject.java:727)
	at tcl.lang.Parser.evalObjv(Parser.java:740)
	at tcl.lang.Parser.eval2(Parser.java:1138)
	at tcl.lang.Parser.evalTokens(Parser.java:930)
	at tcl.lang.Parser.eval2(Parser.java:1125)
	at tcl.lang.Interp.eval(Interp.java:1782)
	at tcl.lang.Interp.eval(Interp.java:1841)
	at tcl.lang.ForeachCmd.cmdProc(ForeachCmd.java:116)
	at tcl.lang.AutoloadStub.cmdProc(Extension.java:144)
	at tcl.lang.Parser.evalObjv(Parser.java:740)
	at tcl.lang.Parser.eval2(Parser.java:1138)
	at tcl.lang.Interp.eval(Interp.java:1782)
	at tcl.lang.Interp.evalFile(Interp.java:1880)
	at java.base/jdk.internal.reflect.NativeMethodAccessorImpl.invoke0(Native Method)
	at java.base/jdk.internal.reflect.NativeMethodAccessorImpl.invoke(NativeMethodAccessorImpl.java:62)
	at java.base/jdk.internal.reflect.DelegatingMethodAccessorImpl.invoke(DelegatingMethodAccessorImpl.java:43)
	at java.base/java.lang.reflect.Method.invoke(Method.java:566)
	at ptolemy.util.test.junit.TclTests.RunTclFile(TclTests.java:233)
	at java.base/jdk.internal.reflect.NativeMethodAccessorImpl.invoke0(Native Method)
	at java.base/jdk.internal.reflect.NativeMethodAccessorImpl.invoke(NativeMethodAccessorImpl.java:62)
	at java.base/jdk.internal.reflect.DelegatingMethodAccessorImpl.invoke(DelegatingMethodAccessorImpl.java:43)
	at java.base/java.lang.reflect.Method.invoke(Method.java:566)
	at org.junit.runners.model.FrameworkMethod$1.runReflectiveCall(FrameworkMethod.java:44)
	at org.junit.internal.runners.model.ReflectiveCallable.run(ReflectiveCallable.java:15)
	at org.junit.runners.model.FrameworkMethod.invokeExplosively(FrameworkMethod.java:41)
	at junitparams.internal.InvokeParameterisedMethod.evaluate(InvokeParameterisedMethod.java:102)
	at junitparams.internal.ParameterisedTestMethodRunner.runMethodInvoker(ParameterisedTestMethodRunner.java:47)
	at junitparams.internal.ParameterisedTestMethodRunner.runTestMethod(ParameterisedTestMethodRunner.java:41)
	at junitparams.internal.ParameterisedTestClassRunner.runParameterisedTest(ParameterisedTestClassRunner.java:143)
	at junitparams.JUnitParamsRunner.runChild(JUnitParamsRunner.java:237)
	at junitparams.JUnitParamsRunner.runChild(JUnitParamsRunner.java:215)
	at org.junit.runners.ParentRunner$3.run(ParentRunner.java:193)
	at org.junit.runners.ParentRunner$1.schedule(ParentRunner.java:52)
	at org.junit.runners.ParentRunner.runChildren(ParentRunner.java:191)
	at org.junit.runners.ParentRunner.access$000(ParentRunner.java:42)
	at org.junit.runners.ParentRunner$2.evaluate(ParentRunner.java:184)
	at org.junit.internal.runners.statements.RunAfters.evaluate(RunAfters.java:31)
	at org.junit.runners.ParentRunner.run(ParentRunner.java:236)
	at org.junit.runners.Suite.runChild(Suite.java:128)
	at org.junit.runners.Suite.runChild(Suite.java:24)
	at org.junit.runners.ParentRunner$3.run(ParentRunner.java:193)
	at org.junit.runners.ParentRunner$1.schedule(ParentRunner.java:52)
	at org.junit.runners.ParentRunner.runChildren(ParentRunner.java:191)
	at org.junit.runners.ParentRunner.access$000(ParentRunner.java:42)
	at org.junit.runners.ParentRunner$2.evaluate(ParentRunner.java:184)
	at org.junit.runners.ParentRunner.run(ParentRunner.java:236)
	at junit.framework.JUnit4TestAdapter.run(JUnit4TestAdapter.java:39)
	at org.apache.tools.ant.taskdefs.optional.junit.JUnitTestRunner.run(JUnitTestRunner.java:535)
	at org.apache.tools.ant.taskdefs.optional.junit.JUnitTestRunner.launch(JUnitTestRunner.java:1182)
	at org.apache.tools.ant.taskdefs.optional.junit.JUnitTestRunner.main(JUnitTestRunner.java:1033)
Caused by: javax.script.ScriptException: Accessor robotics/RosPublisher.js not found on path: /home/travis/build/icyphy/ptII/org/terraswarm/accessor/accessors/web/,/home/travis/build/icyphy/ptII/org/terraswarm/accessor/test/auto/accessors/,/home/travis/build/icyphy/ptII/ptolemy/actor/lib/jjs/,/home/travis/build/icyphy/ptII/ptolemy/actor/lib/jjs/modules/,/home/travis/build/icyphy/ptII/ptolemy/actor/lib/jjs/node/,/home/travis/build/icyphy/ptII/ptolemy/actor/lib/jjs/node_modules/,/home/travis/build/icyphy/ptII/org/terraswarm/accessor/accessors/web/hosts/,/home/travis/build/icyphy/ptII/org/terraswarm/accessor/accessors/web/,/home/travis/build/icyphy/ptII/org/terraswarm/accessor/accessors/web/hosts/common/modules/ or relative path: $CLASSPATH/org/terraswarm/accessor/test/auto/accessors/,$CLASSPATH/ptolemy/actor/lib/jjs/,$CLASSPATH/ptolemy/actor/lib/jjs/modules/,$CLASSPATH/ptolemy/actor/lib/jjs/node/,$CLASSPATH/ptolemy/actor/lib/jjs/node_modules/,$CLASSPATH/org/terraswarm/accessor/accessors/web/hosts/,$CLASSPATH/org/terraswarm/accessor/accessors/web/ in <eval> at line number 384 at column number 8
	at jdk.scripting.nashorn/jdk.nashorn.api.scripting.NashornScriptEngine.throwAsScriptException(NashornScriptEngine.java:477)
	at jdk.scripting.nashorn/jdk.nashorn.api.scripting.NashornScriptEngine.invokeImpl(NashornScriptEngine.java:399)
	at jdk.scripting.nashorn/jdk.nashorn.api.scripting.NashornScriptEngine.invokeFunction(NashornScriptEngine.java:197)
	at ptolemy.actor.lib.jjs.JavaScript._createEngineAndEvaluateSetup(JavaScript.java:2493)
	... 78 more
Caused by: <eval>:384:8 Accessor robotics/RosPublisher.js not found on path: /home/travis/build/icyphy/ptII/org/terraswarm/accessor/accessors/web/,/home/travis/build/icyphy/ptII/org/terraswarm/accessor/test/auto/accessors/,/home/travis/build/icyphy/ptII/ptolemy/actor/lib/jjs/,/home/travis/build/icyphy/ptII/ptolemy/actor/lib/jjs/modules/,/home/travis/build/icyphy/ptII/ptolemy/actor/lib/jjs/node/,/home/travis/build/icyphy/ptII/ptolemy/actor/lib/jjs/node_modules/,/home/travis/build/icyphy/ptII/org/terraswarm/accessor/accessors/web/hosts/,/home/travis/build/icyphy/ptII/org/terraswarm/accessor/accessors/web/,/home/travis/build/icyphy/ptII/org/terraswarm/accessor/accessors/web/hosts/common/modules/ or relative path: $CLASSPATH/org/terraswarm/accessor/test/auto/accessors/,$CLASSPATH/ptolemy/actor/lib/jjs/,$CLASSPATH/ptolemy/actor/lib/jjs/modules/,$CLASSPATH/ptolemy/actor/lib/jjs/node/,$CLASSPATH/ptolemy/actor/lib/jjs/node_modules/,$CLASSPATH/org/terraswarm/accessor/accessors/web/hosts/,$CLASSPATH/org/terraswarm/accessor/accessors/web/
	at jdk.scripting.nashorn/jdk.nashorn.internal.runtime.ECMAException.create(ECMAException.java:113)
	at jdk.scripting.nashorn.scripts/jdk.nashorn.internal.scripts.Script$Recompilation$1344$13413A$\^eval\_$cu1$restOf.getAccessorCode(<eval>:384)
	at jdk.scripting.nashorn.scripts/jdk.nashorn.internal.scripts.Script$Recompilation$1340$121037AAAAAA$require.L:1#instantiateAccessor(/home/travis/build/icyphy/ptII/ptolemy/actor/lib/jjs/external/require.js#409:30<eval>:2808)
	at jdk.scripting.nashorn.scripts/jdk.nashorn.internal.scripts.Script$Recompilation$1339$66539AAA$require$cu1$restOf.L:1#instantiate(/home/travis/build/icyphy/ptII/ptolemy/actor/lib/jjs/external/require.js#409:30<eval>:1494)
	at jdk.scripting.nashorn.scripts/jdk.nashorn.internal.scripts.Script$Recompilation$1314$1596$\^function\_.L:1#setup(<function>:43)
	at jdk.scripting.nashorn.scripts/jdk.nashorn.internal.scripts.Script$Recompilation$1312$17933AAAAAA$require$cu1$restOf.L:1#Accessor(/home/travis/build/icyphy/ptII/ptolemy/actor/lib/jjs/external/require.js#409:30<eval>:592)
	at jdk.scripting.nashorn.scripts/jdk.nashorn.internal.scripts.Script$Recompilation$1298$2801AAA$\^eval\_.evaluateCode(<eval>:96)
	at jdk.scripting.nashorn/jdk.nashorn.internal.runtime.ScriptFunctionData.invoke(ScriptFunctionData.java:661)
	at jdk.scripting.nashorn/jdk.nashorn.internal.runtime.ScriptFunction.invoke(ScriptFunction.java:513)
	at jdk.scripting.nashorn/jdk.nashorn.internal.runtime.ScriptRuntime.apply(ScriptRuntime.java:527)
	at jdk.scripting.nashorn/jdk.nashorn.api.scripting.ScriptObjectMirror.callMember(ScriptObjectMirror.java:202)
	at jdk.scripting.nashorn/jdk.nashorn.api.scripting.NashornScriptEngine.invokeImpl(NashornScriptEngine.java:393)
	... 80 more
Caused by: javax.script.ScriptException: Accessor robotics/RosPublisher.js not found on path: /home/travis/build/icyphy/ptII/org/terraswarm/accessor/accessors/web/,/home/travis/build/icyphy/ptII/org/terraswarm/accessor/test/auto/accessors/,/home/travis/build/icyphy/ptII/ptolemy/actor/lib/jjs/,/home/travis/build/icyphy/ptII/ptolemy/actor/lib/jjs/modules/,/home/travis/build/icyphy/ptII/ptolemy/actor/lib/jjs/node/,/home/travis/build/icyphy/ptII/ptolemy/actor/lib/jjs/node_modules/,/home/travis/build/icyphy/ptII/org/terraswarm/accessor/accessors/web/hosts/,/home/travis/build/icyphy/ptII/org/terraswarm/accessor/accessors/web/,/home/travis/build/icyphy/ptII/org/terraswarm/accessor/accessors/web/hosts/common/modules/ or relative path: $CLASSPATH/org/terraswarm/accessor/test/auto/accessors/,$CLASSPATH/ptolemy/actor/lib/jjs/,$CLASSPATH/ptolemy/actor/lib/jjs/modules/,$CLASSPATH/ptolemy/actor/lib/jjs/node/,$CLASSPATH/ptolemy/actor/lib/jjs/node_modules/,$CLASSPATH/org/terraswarm/accessor/accessors/web/hosts/,$CLASSPATH/org/terraswarm/accessor/accessors/web/ in <eval> at line number 384 at column number 8
	at jdk.scripting.nashorn/jdk.nashorn.api.scripting.NashornScriptEngine.throwAsScriptException(NashornScriptEngine.java:477)
	at jdk.scripting.nashorn/jdk.nashorn.api.scripting.NashornScriptEngine.invokeImpl(NashornScriptEngine.java:399)
	at jdk.scripting.nashorn/jdk.nashorn.api.scripting.NashornScriptEngine.invokeFunction(NashornScriptEngine.java:197)
	at ptolemy.actor.lib.jjs.JavaScript._createEngineAndEvaluateSetup(JavaScript.java:2493)
	at ptolemy.actor.lib.jjs.JavaScript.attributeChanged(JavaScript.java:548)
	at org.terraswarm.accessor.JSAccessor.attributeChanged(JSAccessor.java:312)
	at ptolemy.data.expr.Variable._setTokenAndNotify(Variable.java:2271)
	at ptolemy.data.expr.Variable._evaluate(Variable.java:1873)
	at ptolemy.data.expr.Variable._propagate(Variable.java:1984)
	at ptolemy.data.expr.Variable.validate(Variable.java:1596)
	at ptolemy.moml.MoMLParser.endDocument(MoMLParser.java:867)
	at com.microstar.xml.XmlParser.doParse(XmlParser.java:162)
	at com.microstar.xml.XmlParser.parse(XmlParser.java:132)
	at ptolemy.moml.MoMLParser.parse(MoMLParser.java:1676)
	at ptolemy.moml.MoMLParser.parse(MoMLParser.java:1617)
	at ptolemy.moml.MoMLParser.parse(MoMLParser.java:1792)
	at org.terraswarm.accessor.AccessorLibrary.populate(AccessorLibrary.java:194)
	at ptolemy.moml.EntityLibrary.deepEntityList(EntityLibrary.java:349)
	at ptolemy.kernel.CompositeEntity.deepEntityList(CompositeEntity.java:714)
	at ptolemy.moml.EntityLibrary.deepEntityList(EntityLibrary.java:350)
	at ptolemy.kernel.CompositeEntity.deepEntityList(CompositeEntity.java:714)
	at ptolemy.moml.EntityLibrary.deepEntityList(EntityLibrary.java:350)
	at ptolemy.kernel.CompositeEntity.deepEntityList(CompositeEntity.java:714)
	at ptolemy.kernel.CompositeEntity.deepEntityList(CompositeEntity.java:714)
	at ptolemy.kernel.CompositeEntity.allAtomicEntityList(CompositeEntity.java:188)
	at java.base/jdk.internal.reflect.NativeMethodAccessorImpl.invoke0(Native Method)
	at java.base/jdk.internal.reflect.NativeMethodAccessorImpl.invoke(NativeMethodAccessorImpl.java:62)
	at java.base/jdk.internal.reflect.DelegatingMethodAccessorImpl.invoke(DelegatingMethodAccessorImpl.java:43)
	at java.base/java.lang.reflect.Method.invoke(Method.java:566)
	at tcl.lang.reflect.PkgInvoker.invokeMethod(PkgInvoker.java:129)
	at tcl.lang.JavaInvoke.call(JavaInvoke.java:253)
	at tcl.lang.JavaInvoke.callMethod(JavaInvoke.java:116)
	at tcl.lang.ReflectObject.cmdProc(ReflectObject.java:727)
	at tcl.lang.Parser.evalObjv(Parser.java:740)
	at tcl.lang.Parser.eval2(Parser.java:1138)
	at tcl.lang.Parser.evalTokens(Parser.java:930)
	at tcl.lang.Parser.eval2(Parser.java:1125)
	at tcl.lang.Interp.eval(Interp.java:1782)
	at tcl.lang.Interp.eval(Interp.java:1841)
	at tcl.lang.ForeachCmd.cmdProc(ForeachCmd.java:116)
	at tcl.lang.AutoloadStub.cmdProc(Extension.java:144)
	at tcl.lang.Parser.evalObjv(Parser.java:740)
	at tcl.lang.Parser.eval2(Parser.java:1138)
	at tcl.lang.Interp.eval(Interp.java:1782)
	at tcl.lang.Interp.evalFile(Interp.java:1880)
	at java.base/jdk.internal.reflect.NativeMethodAccessorImpl.invoke0(Native Method)
	at java.base/jdk.internal.reflect.NativeMethodAccessorImpl.invoke(NativeMethodAccessorImpl.java:62)
	at java.base/jdk.internal.reflect.DelegatingMethodAccessorImpl.invoke(DelegatingMethodAccessorImpl.java:43)
	at java.base/java.lang.reflect.Method.invoke(Method.java:566)
	at ptolemy.util.test.junit.TclTests.RunTclFile(TclTests.java:233)
	at java.base/jdk.internal.reflect.NativeMethodAccessorImpl.invoke0(Native Method)
	at java.base/jdk.internal.reflect.NativeMethodAccessorImpl.invoke(NativeMethodAccessorImpl.java:62)
	at java.base/jdk.internal.reflect.DelegatingMethodAccessorImpl.invoke(DelegatingMethodAccessorImpl.java:43)
	at java.base/java.lang.reflect.Method.invoke(Method.java:566)
	at org.junit.runners.model.FrameworkMethod$1.runReflectiveCall(FrameworkMethod.java:44)
	at org.junit.internal.runners.model.ReflectiveCallable.run(ReflectiveCallable.java:15)
	at org.junit.runners.model.FrameworkMethod.invokeExplosively(FrameworkMethod.java:41)
	at junitparams.internal.InvokeParameterisedMethod.evaluate(InvokeParameterisedMethod.java:102)
	at junitparams.internal.ParameterisedTestMethodRunner.runMethodInvoker(ParameterisedTestMethodRunner.java:47)
	at junitparams.internal.ParameterisedTestMethodRunner.runTestMethod(ParameterisedTestMethodRunner.java:41)
	at junitparams.internal.ParameterisedTestClassRunner.runParameterisedTest(ParameterisedTestClassRunner.java:143)
	at junitparams.JUnitParamsRunner.runChild(JUnitParamsRunner.java:237)
	at junitparams.JUnitParamsRunner.runChild(JUnitParamsRunner.java:215)
	at org.junit.runners.ParentRunner$3.run(ParentRunner.java:193)
	at org.junit.runners.ParentRunner$1.schedule(ParentRunner.java:52)
	at org.junit.runners.ParentRunner.runChildren(ParentRunner.java:191)
	at org.junit.runners.ParentRunner.access$000(ParentRunner.java:42)
	at org.junit.runners.ParentRunner$2.evaluate(ParentRunner.java:184)
	at org.junit.internal.runners.statements.RunAfters.evaluate(RunAfters.java:31)
	at org.junit.runners.ParentRunner.run(ParentRunner.java:236)
	at org.junit.runners.Suite.runChild(Suite.java:128)
	at org.junit.runners.Suite.runChild(Suite.java:24)
	at org.junit.runners.ParentRunner$3.run(ParentRunner.java:193)
	at org.junit.runners.ParentRunner$1.schedule(ParentRunner.java:52)
	at org.junit.runners.ParentRunner.runChildren(ParentRunner.java:191)
	at org.junit.runners.ParentRunner.access$000(ParentRunner.java:42)
	at org.junit.runners.ParentRunner$2.evaluate(ParentRunner.java:184)
	at org.junit.runners.ParentRunner.run(ParentRunner.java:236)
	at junit.framework.JUnit4TestAdapter.run(JUnit4TestAdapter.java:39)
	at org.apache.tools.ant.taskdefs.optional.junit.JUnitTestRunner.run(JUnitTestRunner.java:535)
	at org.apache.tools.ant.taskdefs.optional.junit.JUnitTestRunner.launch(JUnitTestRunner.java:1182)
	at org.apache.tools.ant.taskdefs.optional.junit.JUnitTestRunner.main(JUnitTestRunner.java:1033)
Caused by: <eval>:384:8 Accessor robotics/RosPublisher.js not found on path: /home/travis/build/icyphy/ptII/org/terraswarm/accessor/accessors/web/,/home/travis/build/icyphy/ptII/org/terraswarm/accessor/test/auto/accessors/,/home/travis/build/icyphy/ptII/ptolemy/actor/lib/jjs/,/home/travis/build/icyphy/ptII/ptolemy/actor/lib/jjs/modules/,/home/travis/build/icyphy/ptII/ptolemy/actor/lib/jjs/node/,/home/travis/build/icyphy/ptII/ptolemy/actor/lib/jjs/node_modules/,/home/travis/build/icyphy/ptII/org/terraswarm/accessor/accessors/web/hosts/,/home/travis/build/icyphy/ptII/org/terraswarm/accessor/accessors/web/,/home/travis/build/icyphy/ptII/org/terraswarm/accessor/accessors/web/hosts/common/modules/ or relative path: $CLASSPATH/org/terraswarm/accessor/test/auto/accessors/,$CLASSPATH/ptolemy/actor/lib/jjs/,$CLASSPATH/ptolemy/actor/lib/jjs/modules/,$CLASSPATH/ptolemy/actor/lib/jjs/node/,$CLASSPATH/ptolemy/actor/lib/jjs/node_modules/,$CLASSPATH/org/terraswarm/accessor/accessors/web/hosts/,$CLASSPATH/org/terraswarm/accessor/accessors/web/
	at jdk.scripting.nashorn/jdk.nashorn.internal.runtime.ECMAException.create(ECMAException.java:113)
	at jdk.scripting.nashorn.scripts/jdk.nashorn.internal.scripts.Script$Recompilation$1344$13413A$\^eval\_$cu1$restOf.getAccessorCode(<eval>:384)
	at jdk.scripting.nashorn.scripts/jdk.nashorn.internal.scripts.Script$Recompilation$1340$121037AAAAAA$require.L:1#instantiateAccessor(/home/travis/build/icyphy/ptII/ptolemy/actor/lib/jjs/external/require.js#409:30<eval>:2808)
	at jdk.scripting.nashorn.scripts/jdk.nashorn.internal.scripts.Script$Recompilation$1339$66539AAA$require$cu1$restOf.L:1#instantiate(/home/travis/build/icyphy/ptII/ptolemy/actor/lib/jjs/external/require.js#409:30<eval>:1494)
	at jdk.scripting.nashorn.scripts/jdk.nashorn.internal.scripts.Script$Recompilation$1314$1596$\^function\_.L:1#setup(<function>:43)
	at jdk.scripting.nashorn.scripts/jdk.nashorn.internal.scripts.Script$Recompilation$1312$17933AAAAAA$require$cu1$restOf.L:1#Accessor(/home/travis/build/icyphy/ptII/ptolemy/actor/lib/jjs/external/require.js#409:30<eval>:592)
	at jdk.scripting.nashorn.scripts/jdk.nashorn.internal.scripts.Script$Recompilation$1298$2801AAA$\^eval\_.evaluateCode(<eval>:96)
	at jdk.scripting.nashorn/jdk.nashorn.internal.runtime.ScriptFunctionData.invoke(ScriptFunctionData.java:661)
	at jdk.scripting.nashorn/jdk.nashorn.internal.runtime.ScriptFunction.invoke(ScriptFunction.java:513)
	at jdk.scripting.nashorn/jdk.nashorn.internal.runtime.ScriptRuntime.apply(ScriptRuntime.java:527)
	at jdk.scripting.nashorn/jdk.nashorn.api.scripting.ScriptObjectMirror.callMember(ScriptObjectMirror.java:202)
	at jdk.scripting.nashorn/jdk.nashorn.api.scripting.NashornScriptEngine.invokeImpl(NashornScriptEngine.java:393)
	... 80 more
java.lang.Exception: Evaluating the Tcl file "/home/travis/build/icyphy/ptII/ptolemy/configs/test/allConfigs.tcl"resulted in a TclException being thrown.
The Tcl errorInfo global variable has the value:
ptolemy.kernel.util.InvalidStateException: Failed to populate Library
  in .configuration.actor library.MoreLibraries.Accessors.robotics
Because:
Loading accessor failed: RosNavigationPose.js
  in .configuration.actor library.MoreLibraries.Accessors.robotics
Because:
Error evaluating expression:
/** Accessor for directing a ROS robot to navigate to navigation goal, expres...
...
  in .configuration.actor library.MoreLibraries.Accessors.robotics.RosNavigationPose.script
Because:
Failed to evaluate script.
  in .configuration.actor library.MoreLibraries.Accessors.robotics.RosNavigationPose
Because:
Accessor robotics/RosPublisher.js not found on path: /home/travis/build/icyphy/ptII/org/terraswarm/accessor/accessors/web/,/home/travis/build/icyphy/ptII/org/terraswarm/accessor/test/auto/accessors/,/home/travis/build/icyphy/ptII/ptolemy/actor/lib/jjs/,/home/travis/build/icyphy/ptII/ptolemy/actor/lib/jjs/modules/,/home/travis/build/icyphy/ptII/ptolemy/actor/lib/jjs/node/,/home/travis/build/icyphy/ptII/ptolemy/actor/lib/jjs/node_modules/,/home/travis/build/icyphy/ptII/org/terraswarm/accessor/accessors/web/hosts/,/home/travis/build/icyphy/ptII/org/terraswarm/accessor/accessors/web/,/home/travis/build/icyphy/ptII/org/terraswarm/accessor/accessors/web/hosts/common/modules/ or relative path: $CLASSPATH/org/terraswarm/accessor/test/auto/accessors/,$CLASSPATH/ptolemy/actor/lib/jjs/,$CLASSPATH/ptolemy/actor/lib/jjs/modules/,$CLASSPATH/ptolemy/actor/lib/jjs/node/,$CLASSPATH/ptolemy/actor/lib/jjs/node_modules/,$CLASSPATH/org/terraswarm/accessor/accessors/web/hosts/,$CLASSPATH/org/terraswarm/accessor/accessors/web/ in <eval> at line number 384 at column number 8
  in .configuration.actor library.MoreLibraries.Accessors.robotics.RosNavigationPose.script
Because:
Error evaluating expression:
/** Accessor for directing a ROS robot to navigate to navigation goal, expres...
...
  in .configuration.actor library.MoreLibraries.Accessors.robotics.RosNavigationPose.script
Because:
Failed to evaluate script.
  in .configuration.actor library.MoreLibraries.Accessors.robotics.RosNavigationPose
Because:
Accessor robotics/RosPublisher.js not found on path: /home/travis/build/icyphy/ptII/org/terraswarm/accessor/accessors/web/,/home/travis/build/icyphy/ptII/org/terraswarm/accessor/test/auto/accessors/,/home/travis/build/icyphy/ptII/ptolemy/actor/lib/jjs/,/home/travis/build/icyphy/ptII/ptolemy/actor/lib/jjs/modules/,/home/travis/build/icyphy/ptII/ptolemy/actor/lib/jjs/node/,/home/travis/build/icyphy/ptII/ptolemy/actor/lib/jjs/node_modules/,/home/travis/build/icyphy/ptII/org/terraswarm/accessor/accessors/web/hosts/,/home/travis/build/icyphy/ptII/org/terraswarm/accessor/accessors/web/,/home/travis/build/icyphy/ptII/org/terraswarm/accessor/accessors/web/hosts/common/modules/ or relative path: $CLASSPATH/org/terraswarm/accessor/test/auto/accessors/,$CLASSPATH/ptolemy/actor/lib/jjs/,$CLASSPATH/ptolemy/actor/lib/jjs/modules/,$CLASSPATH/ptolemy/actor/lib/jjs/node/,$CLASSPATH/ptolemy/actor/lib/jjs/node_modules/,$CLASSPATH/org/terraswarm/accessor/accessors/web/hosts/,$CLASSPATH/org/terraswarm/accessor/accessors/web/ in <eval> at line number 384 at column number 8
    while executing
"$configuration allAtomicEntityList"
    invoked from within
"set entityList [$configuration allAtomicEntityList]"
    ("foreach" body line 295)
    invoked from within
"foreach i $configs {

    
    if {[regexp "jxta/" $i] == 1} {
	puts "Skipping $i, running vergil -jxta brings up a window"
	continue
    }

    if {[..."
    (file "/home/travis/build/icyphy/ptII/ptolemy/configs/test/allConfigs.tcl" line 165)
	at ptolemy.util.test.junit.TclTests.RunTclFile(TclTests.java:253)
	at java.base/jdk.internal.reflect.NativeMethodAccessorImpl.invoke0(Native Method)
	at java.base/jdk.internal.reflect.NativeMethodAccessorImpl.invoke(NativeMethodAccessorImpl.java:62)
	at java.base/jdk.internal.reflect.DelegatingMethodAccessorImpl.invoke(DelegatingMethodAccessorImpl.java:43)
	at java.base/java.lang.reflect.Method.invoke(Method.java:566)
	at org.junit.runners.model.FrameworkMethod$1.runReflectiveCall(FrameworkMethod.java:44)
	at org.junit.internal.runners.model.ReflectiveCallable.run(ReflectiveCallable.java:15)
	at org.junit.runners.model.FrameworkMethod.invokeExplosively(FrameworkMethod.java:41)
	at junitparams.internal.InvokeParameterisedMethod.evaluate(InvokeParameterisedMethod.java:102)
	at junitparams.internal.ParameterisedTestMethodRunner.runMethodInvoker(ParameterisedTestMethodRunner.java:47)
	at junitparams.internal.ParameterisedTestMethodRunner.runTestMethod(ParameterisedTestMethodRunner.java:41)
	at junitparams.internal.ParameterisedTestClassRunner.runParameterisedTest(ParameterisedTestClassRunner.java:143)
	at junitparams.JUnitParamsRunner.runChild(JUnitParamsRunner.java:237)
	at junitparams.JUnitParamsRunner.runChild(JUnitParamsRunner.java:215)
	at org.junit.runners.ParentRunner$3.run(ParentRunner.java:193)
	at org.junit.runners.ParentRunner$1.schedule(ParentRunner.java:52)
	at org.junit.runners.ParentRunner.runChildren(ParentRunner.java:191)
	at org.junit.runners.ParentRunner.access$000(ParentRunner.java:42)
	at org.junit.runners.ParentRunner$2.evaluate(ParentRunner.java:184)
	at org.junit.internal.runners.statements.RunAfters.evaluate(RunAfters.java:31)
	at org.junit.runners.ParentRunner.run(ParentRunner.java:236)
	at org.junit.runners.Suite.runChild(Suite.java:128)
	at org.junit.runners.Suite.runChild(Suite.java:24)
	at org.junit.runners.ParentRunner$3.run(ParentRunner.java:193)
	at org.junit.runners.ParentRunner$1.schedule(ParentRunner.java:52)
	at org.junit.runners.ParentRunner.runChildren(ParentRunner.java:191)
	at org.junit.runners.ParentRunner.access$000(ParentRunner.java:42)
	at org.junit.runners.ParentRunner$2.evaluate(ParentRunner.java:184)
	at org.junit.runners.ParentRunner.run(ParentRunner.java:236)
	at junit.framework.JUnit4TestAdapter.run(JUnit4TestAdapter.java:39)
	at org.apache.tools.ant.taskdefs.optional.junit.JUnitTestRunner.run(JUnitTestRunner.java:535)
	at org.apache.tools.ant.taskdefs.optional.junit.JUnitTestRunner.launch(JUnitTestRunner.java:1182)
	at org.apache.tools.ant.taskdefs.optional.junit.JUnitTestRunner.main(JUnitTestRunner.java:1033)
error: org.xml.sax.SAXParseException; systemId: file:///tmp/validDemos11018728543212824880.xml; lineNumber: 2; columnNumber: 14; Document root element "objectModel", must match DOCTYPE root "null".
error: org.xml.sax.SAXParseException; systemId: file:///tmp/validDemos11018728543212824880.xml; lineNumber: 2; columnNumber: 14; Document root element "objectModel", must match DOCTYPE root "null".
error: org.xml.sax.SAXParseException; systemId: file:///tmp/validDemos11018728543212824880.xml; lineNumber: 2; columnNumber: 14; Document root element "objectModel", must match DOCTYPE root "null".
error: org.xml.sax.SAXParseException; systemId: file:///tmp/validDemos11018728543212824880.xml; lineNumber: 2; columnNumber: 14; Document root element "objectModel", must match DOCTYPE root "null".
]]></system-err>
</testsuite>
