<?xml version="1.0" encoding="UTF-8" ?>
<testsuite errors="0" failures="1" hostname="travis-job-c301ad73-71ef-469a-8a3b-10783cf0f6db" name="ptolemy.actor.lib.test.junit.JUnitTclTest" skipped="0" tests="517" time="65.451" timestamp="2019-08-13T05:27:17">
  <properties>
    <property name="npm.executable" value="npm" />
    <property name="env.TRAVIS_ROOT" value="/" />
    <property name="ptII.mk.exists" value="true" />
    <property name="env.TRAVIS_APP_HOST" value="build.travis-ci.org" />
    <property name="env.rvm_bin_path" value="/home/travis/.rvm/bin" />
    <property name="java.home" value="/usr/local/lib/jvm/openjdk11" />
    <property name="env.TRAVIS_JOB_NUMBER" value="1295.8" />
    <property name="env.TRAVIS_HOME" value="/home/travis" />
    <property name="env.DISPLAY" value=":99.0" />
    <property name="env.TRAVIS_INIT" value="systemd" />
    <property name="env.SSH_TTY" value="/dev/pts/0" />
    <property name="java.net.preferIPv4Stack" value="true" />
    <property name="env.RUN_TESTS" value="true" />
    <property name="timeout.short" value="1000000" />
    <property name="junit.formatter" value="xml" />
    <property name="env.TRAVIS_SUDO" value="true" />
    <property name="env.TRAVIS_JOB_NAME" value="" />
    <property name="env.TRAVIS_STACK_NODE_ATTRIBUTES" value="/.node-attributes.yml" />
    <property name="env.LOGNAME" value="travis" />
    <property name="env.PT_TRAVIS_TEST_CORE1_XML" value="true" />
    <property name="jsdoc.home" value="node_modules/@terraswarm/jsdoc" />
    <property name="debuglevel" value="source,lines,vars" />
    <property name="checkstyle.formatter" value="xml" />
    <property name="env._system_version" value="16.04" />
    <property name="bin.vergil.makeable" value="true" />
    <property name="sun.os.patch.level" value="unknown" />
    <property name="java.vendor.url" value="http://java.oracle.com/" />
    <property name="env.TRAVIS_BUILD_WEB_URL" value="https://travis-ci.org/icyphy/ptII/builds/571152738" />
    <property name="java.version" value="11.0.2" />
    <property name="env.TZ" value="UTC" />
    <property name="env.TRAVIS_PULL_REQUEST_SHA" value="" />
    <property name="env.PT_NO_NET" value="true" />
    <property name="env.TRAVIS_SECURE_ENV_VARS" value="true" />
    <property name="env._system_type" value="Linux" />
    <property name="java.vendor.url.bug" value="http://bugreport.java.com/bugreport/" />
    <property name="npmjs-org-is-up" value="true" />
    <property name="env.LANGUAGE" value="en_US.UTF-8" />
    <property name="env.SSH_CLIENT" value="10.16.7.7 38950 22" />
    <property name="env.GEM_HOME" value="/home/travis/.rvm/gems/ruby-2.5.3" />
    <property name="env.HAS_ANTARES_THREE_LITTLE_FRONZIES_BADGE" value="true" />
    <property name="java.version.date" value="2019-01-15" />
    <property name="env.PS4" value="+" />
    <property name="ant.project.invoked-targets" value="build,test.core1.xml" />
    <property name="env.TRAVIS_PULL_REQUEST_BRANCH" value="" />
    <property name="env.TRAVIS_REPO_SLUG" value="icyphy/ptII" />
    <property name="env.XDG_DATA_DIRS" value="/usr/local/share:/usr/share:/var/lib/snapd/desktop" />
    <property name="jdk.debug" value="release" />
    <property name="env.TRAVIS_APT_PROXY" value="http://apt.cache.travis-ci.com" />
    <property name="node.in.path" value="true" />
    <property name="user.name" value="travis" />
    <property name="java.maxmemory" value="1400m" />
    <property name="env.RUBY_VERSION" value="ruby-2.5.3" />
    <property name="env.LANG" value="en_US.UTF-8" />
    <property name="sun.io.unicode.encoding" value="UnicodeLittle" />
    <property name="sun.jnu.encoding" value="UTF-8" />
    <property name="java.runtime.name" value="OpenJDK Runtime Environment" />
    <property name="usefile" value="false" />
    <property name="return.code" value="0" />
    <property name="junit.single.formatter" value="plain" />
    <property name="env.DYLD_LIBRARY_PATH" value="/home/travis/pthla/certi-tools/lib:" />
    <property name="env.DEBIAN_FRONTEND" value="noninteractive" />
    <property name="env.SSH_CONNECTION" value="10.16.7.7 38950 10.20.1.18 22" />
    <property name="env.MYSQL_UNIX_PORT" value="/var/run/mysqld/mysqld.sock" />
    <property name="env.LC_ALL" value="en_US.UTF-8" />
    <property name="env.TRAVIS_ALLOW_FAILURE" value="false" />
    <property name="env.TRAVIS_JOB_WEB_URL" value="https://travis-ci.org/icyphy/ptII/jobs/571152746" />
    <property name="java.specification.name" value="Java Platform API Specification" />
    <property name="node.works" value="true" />
    <property name="user.timezone" value="" />
    <property name="path.separator" value=":" />
    <property name="env.TRAVIS_ENABLE_INFRA_DETECTION" value="true" />
    <property name="env.PYTHON_CFLAGS" value="-g -fstack-protector --param=ssp-buffer-size=4 -Wformat -Werror=format-security" />
    <property name="timeout.long" value="4000000" />
    <property name="env.CERTI_HOME" value="/home/travis/pthla/certi-tools" />
    <property name="ant.file.ptII" value="/home/travis/build/icyphy/ptII/build.xml" />
    <property name="javadoc.packagenames" value="com.*,diva.*,lbnl.*,org.hlacerti.*,org.json.*,org.ptolemy.*,org.terraswarm.*,ptolemy.*,ptserver.*" />
    <property name="file.encoding" value="UTF-8" />
    <property name="env.TRAVIS_PULL_REQUEST_SLUG" value="" />
    <property name="ant.project.default-target" value="build" />
    <property name="env.GIT_ASKPASS" value="echo" />
    <property name="env.HOME" value="/home/travis" />
    <property name="sun.java.command" value="org.apache.tools.ant.taskdefs.optional.junit.JUnitTestRunner ptolemy.actor.lib.test.junit.JUnitTclTest skipNonTests=false filtertrace=true haltOnError=false haltOnFailure=false formatter=org.apache.tools.ant.taskdefs.optional.junit.OutErrSummaryJUnitResultFormatter showoutput=true outputtoformatters=true logfailedtests=true threadid=0 logtestlistenerevents=false formatter=org.apache.tools.ant.taskdefs.optional.junit.XMLJUnitResultFormatter,/home/travis/build/icyphy/ptII/reports/junit/TEST-ptolemy.actor.lib.test.junit.JUnitTclTest.xml crashfile=/home/travis/build/icyphy/ptII/junitvmwatcher10511325070345257564.properties propsfile=/home/travis/build/icyphy/ptII/junit12900223410751791944.properties" />
    <property name="env.COMPOSER_NO_INTERACTION" value="1" />
    <property name="env.MANPATH" value="/home/travis/.nvm/versions/node/v7.10.1/share/man:/home/travis/.rvm/rubies/ruby-2.5.3/share/man:/usr/local/cmake-3.12.4/man:/usr/local/clang-7.0.0/share/man:/usr/local/man:/usr/local/share/man:/usr/share/man:/home/travis/.rvm/man" />
    <property name="env.TRAVIS_TIMER_ID" value="0b3281c3" />
    <property name="ant.file" value="/home/travis/build/icyphy/ptII/build.xml" />
    <property name="env.TRAVIS_COMMIT_RANGE" value="42e172ae347fdc5d0e580488fa33ff6bc00cac99...f9c12c6b2ccbd758ceec4e9ffc44e2f31da246f0" />
    <property name="env._system_name" value="Ubuntu" />
    <property name="ptII.classpath.optional.property" value="/home/travis/build/icyphy/ptII/lib/bsh-2.0b4.jar:/home/travis/build/icyphy/ptII/lib/ptCal.jar:/home/travis/build/icyphy/ptII/lib/java_cup.jar:/home/travis/build/icyphy/ptII/lib/saxon8.jar:/home/travis/build/icyphy/ptII/lib/saxon8-dom.jar:/home/travis/build/icyphy/ptII/lib/chic.jar:/home/travis/build/icyphy/ptII/lib/ptcolt.jar:/home/travis/build/icyphy/ptII/vendors/misc/itext/iText.jar:/home/travis/build/icyphy/ptII/lib/g4ltl.jar:/home/travis/build/icyphy/ptII/lib/StructuralCoder.jar:/home/travis/build/icyphy/ptII/lib/jcerti.jar:/home/travis/build/icyphy/ptII/lib/javax.mail.jar:/home/travis/build/icyphy/ptII/vendors/JMF-2.1.1e/lib/jmf.jar:/home/travis/build/icyphy/ptII/lib/jna-4.0.0-variadic.jar:/home/travis/build/icyphy/ptII/vendors/misc/joystick/Joystick.jar:/home/travis/build/icyphy/ptII/lib/ptjacl.jar:/home/travis/build/icyphy/ptII/lib/jsoup-1.8.2.jar:/home/travis/build/icyphy/ptII/lib/junit-4.8.2.jar:/home/travis/build/icyphy/ptII/lib/JUnitParams-0.4.0.jar:/home/travis/build/icyphy/ptII/ptolemy/actor/lib/excel/jxl.jar:/home/travis/build/icyphy/ptII/lib/jython.jar:/home/travis/build/icyphy/ptII/lib/kieler.jar:/home/travis/build/icyphy/ptII/vendors/opencv/share/OpenCV/java/opencv-341.jar:/home/travis/build/icyphy/ptII/lib/oscP5.jar:/home/travis/build/icyphy/ptII/lib/nrjavaserial-3.11.0.devel.jar:/home/travis/build/icyphy/ptII/vendors/j3d/lib/Linux/j3dcore.jar:/home/travis/build/icyphy/ptII/vendors/j3d/lib/Linux/j3dutils.jar:/home/travis/build/icyphy/ptII/vendors/j3d/lib/Linux/vecmath.jar:/home/travis/build/icyphy/ptII/vendors/jogl/lib/Linux/gluegen-rt-natives-linux-amd64.jar:/home/travis/build/icyphy/ptII/vendors/jogl/lib/Linux/gluegen-rt.jar:/home/travis/build/icyphy/ptII/vendors/jogl/lib/Linux/jogl-all-natives-linux-amd64.jar:/home/travis/build/icyphy/ptII/vendors/jogl/lib/Linux/jogl-all.jar:/home/travis/build/icyphy/ptII/ptolemy/distributed/jini/jar/jini-core.jar:/home/travis/build/icyphy/ptII/ptolemy/distributed/jini/jar/jini-ext.jar:/home/travis/build/icyphy/ptII/ptolemy/distributed/jini/jar/sun-util.jar:/home/travis/build/icyphy/ptII/lib/protobuf-java-2.4.1.jar:/home/travis/build/icyphy/ptII/lib/org.eclipse.paho.client.mqttv3.jar:/home/travis/build/icyphy/ptII/lib/mapss.jar:/home/travis/build/icyphy/ptII/ptolemy/actor/ptalon/antlr/antlr.jar:/home/travis/build/icyphy/ptII/lib/JRI.jar:/home/travis/build/icyphy/ptII/lib/commons-lang-2.6.jar:/home/travis/build/icyphy/ptII/lib/commons-logging-1.1.1.jar:/home/travis/build/icyphy/ptII/lib/sootclasses.jar:/home/travis/build/icyphy/ptII/ptolemy/actor/lib/database/mysql-connector-java-5.1.6-bin.jar:/home/travis/build/icyphy/ptII/vendors/misc/sphinx4/sphinx4-data-5prealpha.jar:/home/travis/build/icyphy/ptII/vendors/misc/sphinx4/sphinx4-core-5prealpha.jar:/home/travis/build/icyphy/ptII/lib/PDFRenderer.jar:/home/travis/build/icyphy/ptII/lib/svgSalamander.jar:/home/travis/build/icyphy/ptII/lib/rsyntaxtextarea-2.6.0-SNAPSHOT.jar:/home/travis/build/icyphy/ptII/lib/hazelcast-3.8.2.jar:/home/travis/build/icyphy/ptII/lib/jackson-annotations-2.9.0.jar:/home/travis/build/icyphy/ptII/lib/jackson-core-2.9.3.jar:/home/travis/build/icyphy/ptII/lib/jackson-databind-2.9.3.jar:/home/travis/build/icyphy/ptII/lib/netty-buffer-4.1.19.Final.jar:/home/travis/build/icyphy/ptII/lib/netty-codec-4.1.19.Final.jar:/home/travis/build/icyphy/ptII/lib/netty-codec-dns-4.1.19.Final.jar:/home/travis/build/icyphy/ptII/lib/netty-codec-http-4.1.19.Final.jar:/home/travis/build/icyphy/ptII/lib/netty-codec-http2-4.1.19.Final.jar:/home/travis/build/icyphy/ptII/lib/netty-common-4.1.19.Final.jar:/home/travis/build/icyphy/ptII/lib/netty-handler-4.1.19.Final.jar:/home/travis/build/icyphy/ptII/lib/netty-resolver-4.1.19.Final.jar:/home/travis/build/icyphy/ptII/lib/netty-resolver-dns-4.1.19.Final.jar:/home/travis/build/icyphy/ptII/lib/netty-transport-4.1.19.Final.jar:/home/travis/build/icyphy/ptII/lib/vertx-codegen-3.5.1.jar:/home/travis/build/icyphy/ptII/lib/vertx-core-3.5.2-SNAPSHOT.jar:/home/travis/build/icyphy/ptII/lib/vertx-hazelcast-3.5.1.jar:/home/travis/build/icyphy/ptII/lib/vertx-lang-js-3.5.1.jar:/home/travis/build/icyphy/ptII/lib/vertx-service-proxy-3.5.1.jar:/home/travis/build/icyphy/ptII/lib/vertx-web-3.5.1.jar:/home/travis/build/icyphy/ptII/lib/slf4j-api-1.7.13.jar:/home/travis/build/icyphy/ptII/lib/slf4j-simple-1.7.13.jar:/home/travis/build/icyphy/ptII/lib/webcam-capture-0.3.12.jar:/home/travis/build/icyphy/ptII/lib/bridj-0.7.0.jar:/home/travis/build/icyphy/ptII/lib/xbjlib-1.1.0.nrjavaserial.jar" />
    <property name="timeout" value="2400000" />
    <property name="test.batch" value="**/junit/*.java" />
    <property name="env._" value="/usr/bin/timeout" />
    <property name="java.io.tmpdir" value="/tmp" />
    <property name="user.language" value="en" />
    <property name="env.TRAVIS_INTERNAL_RUBY_REGEX" value="^ruby-(2\.[0-4]\.[0-9]|1\.9\.3)" />
    <property name="env.HISTCONTROL" value="ignoredups:ignorespace" />
    <property name="env.GOROOT" value="/home/travis/.gimme/versions/go1.11.1.linux.amd64" />
    <property name="line.separator" value="&#xa;" />
    <property name="target" value="11" />
    <property name="env.TRAVIS_BUILD_DIR" value="/home/travis/build/icyphy/ptII" />
    <property name="env.ANT_OPTS" value="-Xmx2048m" />
    <property name="ant.file.type" value="file" />
    <property name="ptolemy.ptII.batchMode" value="true" />
    <property name="env.HISTSIZE" value="1000" />
    <property name="env.MERB_ENV" value="test" />
    <property name="java.vm.info" value="mixed mode" />
    <property name="source" value="11" />
    <property name="java.vm.specification.name" value="Java Virtual Machine Specification" />
    <property name="env.TRAVIS_TEST_RESULT" value="0" />
    <property name="jsdoc.command" value="node_modules/@terraswarm/jsdoc/jsdoc.js" />
    <property name="npm.works" value="true" />
    <property name="cobertura.dir" value="/home/travis/build/icyphy/ptII/vendors/cobertura-2.0.3" />
    <property name="jsdoc.command.exists" value="true" />
    <property name="env.rvm_path" value="/home/travis/.rvm" />
    <property name="env.GEM_PATH" value="/home/travis/.rvm/gems/ruby-2.5.3:/home/travis/.rvm/gems/ruby-2.5.3@global" />
    <property name="env.LC_CTYPE" value="en_US.UTF-8" />
    <property name="env.TRAVIS_CMD" value="$PTII/bin/ptIITravisBuild.sh $SECONDS" />
    <property name="java.awt.printerjob" value="sun.print.PSPrinterJob" />
    <property name="env.TRAVIS_STACK_NAME" value="sardonyx" />
    <property name="env.TRAVIS_TIMER_START_TIME" value="1565673328515886514" />
    <property name="ant.version" value="Apache Ant(TM) version 1.10.1 compiled on February 2 2017" />
    <property name="ptII.reports" value="/home/travis/build/icyphy/ptII/reports" />
    <property name="env.TRAVIS_STACK_TIMESTAMP" value="2019-03-25 16:16:56 UTC" />
    <property name="ant.file.type.ptII" value="file" />
    <property name="env.RBENV_SHELL" value="bash" />
    <property name="os.name" value="Linux" />
    <property name="java.specification.vendor" value="Oracle Corporation" />
    <property name="env.rvm_version" value="1.29.7 (latest)" />
    <property name="env.TRAVIS_INFRA" value="unknown" />
    <property name="env.TERM" value="xterm" />
    <property name="java.vm.name" value="OpenJDK 64-Bit Server VM" />
    <property name="env.TRAVIS_BUILD_NUMBER" value="1295" />
    <property name="env.CI" value="true" />
    <property name="java.library.path" value="/home/travis/pthla/certi-tools/lib:/usr/lib/jni:/usr/local/share/OpenCV/java/:/usr/share/OpenCV/java::/usr/java/packages/lib:/usr/lib64:/lib64:/lib:/usr/lib" />
    <property name="jdk.module.path" value="/home/travis/build/icyphy/ptII/vendors/javafx/javafx-sdk-11.0.2/lib:" />
    <property name="env.rvm_prefix" value="/home/travis" />
    <property name="env.PATH" value="/home/travis/pthla/certi-tools/share/scripts:/home/travis/.rvm/gems/ruby-2.5.3/bin:/home/travis/.rvm/gems/ruby-2.5.3@global/bin:/home/travis/.rvm/rubies/ruby-2.5.3/bin:/home/travis/.rvm/bin:/home/travis/.nvm/versions/node/v7.10.1/bin:./node_modules/.bin:/home/travis/build/icyphy/ptII/bin:/home/travis/pthla/certi-tools/bin:/home/travis/bin:/home/travis/.local/bin:/usr/local/lib/jvm/openjdk11/bin:/opt/pyenv/shims:/home/travis/.phpenv/shims:/home/travis/perl5/perlbrew/bin:/home/travis/gopath/bin:/home/travis/.gimme/versions/go1.11.1.linux.amd64/bin:/usr/local/maven-3.6.0/bin:/usr/local/cmake-3.12.4/bin:/usr/local/clang-7.0.0/bin:/usr/local/sbin:/usr/local/bin:/usr/sbin:/usr/bin:/sbin:/bin:/snap/bin:/home/travis/.phpenv/bin:/opt/pyenv/bin:/home/travis/.yarn/bin" />
    <property name="env.TRAVIS_OS_NAME" value="linux" />
    <property name="ant.java.version" value="9" />
    <property name="basedir" value="/home/travis/build/icyphy/ptII" />
    <property name="java.class.version" value="55.0" />
    <property name="env.SHLVL" value="3" />
    <property name="env.LD_LIBRARY_PATH" value="/home/travis/pthla/certi-tools/lib:/usr/lib/jni:/usr/local/share/OpenCV/java/:/usr/share/OpenCV/java:" />
    <property name="env.RACK_ENV" value="test" />
    <property name="ant.home" value="/home/travis/build/icyphy/ptII/ant" />
    <property name="env.NVM_DIR" value="/home/travis/.nvm" />
    <property name="env.CERTI_FOM_PATH" value="/home/travis/pthla/certi-tools/share/federations" />
    <property name="env.TRAVIS_BUILD_ID" value="571152738" />
    <property name="env.PYENV_ROOT" value="/opt/pyenv" />
    <property name="env.TRAVIS_UID" value="2000" />
    <property name="prism.verbose" value="true" />
    <property name="env.NVM_BIN" value="/home/travis/.nvm/versions/node/v7.10.1/bin" />
    <property name="env.TRAVIS_COMMIT" value="f9c12c6b2ccbd758ceec4e9ffc44e2f31da246f0" />
    <property name="env._system_arch" value="x86_64" />
    <property name="node.executable" value="node" />
    <property name="sun.boot.library.path" value="/usr/local/lib/jvm/openjdk11/lib" />
    <property name="sun.management.compiler" value="HotSpot 64-Bit Tiered Compilers" />
    <property name="java.awt.graphicsenv" value="sun.awt.X11GraphicsEnvironment" />
    <property name="env.GOPATH" value="/home/travis/gopath" />
    <property name="ptolemy.ptII.dir" value="/home/travis/build/icyphy/ptII" />
    <property name="env.USER" value="travis" />
    <property name="env.HISTFILESIZE" value="2000" />
    <property name="timeout.longest" value="19000000" />
    <property name="env.PERLBREW_SHELLRC_VERSION" value="0.86" />
    <property name="env.TRAVIS_STACK_FEATURES" value="basic couchdb disabled-ipv6 docker docker-compose elasticsearch firefox go-toolchain google-chrome jdk memcached mongodb mysql nodejs_interpreter perl_interpreter perlbrew phantomjs postgresql python_interpreter redis ruby_interpreter sqlite xserver" />
    <property name="env.TRAVIS_PULL_REQUEST" value="false" />
    <property name="env.PYENV_SHELL" value="bash" />
    <property name="ant.project.name" value="ptII" />
    <property name="env.ANSI_RESET" value="\033[0m" />
    <property name="java.vm.specification.version" value="11" />
    <property name="env.TRAVIS_DIST" value="xenial" />
    <property name="env.CERTI_VERSION" value="4.0.0" />
    <property name="env.CERTI_HOST" value="localhost" />
    <property name="awt.toolkit" value="sun.awt.X11.XToolkit" />
    <property name="env.MY_RUBY_HOME" value="/home/travis/.rvm/rubies/ruby-2.5.3" />
    <property name="sun.cpu.isalist" value="" />
    <property name="env.TRAVIS_TMPDIR" value="/tmp/tmp.E3uzMw0RG2" />
    <property name="java.vm.compressedOopsMode" value="Zero based" />
    <property name="os.version" value="4.15.0-1028-gcp" />
    <property name="user.home" value="/home/travis" />
    <property name="java.vm.vendor" value="Oracle Corporation" />
    <property name="env.TRAVIS_TAG" value="nightly" />
    <property name="env.ANSI_YELLOW" value="\033[33;1m" />
    <property name="env.TRAVIS_FILTERED" value="redirect_io" />
    <property name="env.ANSI_GREEN" value="\033[32;1m" />
    <property name="env.JAVA_HOME" value="/usr/local/lib/jvm/openjdk11" />
    <property name="javadoc.excludepackagenames" value="adm.cvs2svn.*,build.*,config.*,doc.coding.templates.*,jni.test.jni.meaningOfLife.*,jni.test.jni.testDeux.*,jni.test.jni.testTrois.*,org.terraswarm.accessor.accessors.web.node_modules.*,org.terraswarm.accessor.accessors.web.hosts.cordova.demo.*,org.terraswarm.accessor.accessors.web.hosts.cordova.plugins.*,org.terraswarm.accessor.accessors-svn.*,pt-modules.*,ptolemy.apps.agilent.*,ptolemy.apps.anytimecontrol.*,ptolemy.apps.apes.*,ptolemy.apps.charon.*,ptolemy.apps.crazyboard.*,ptolemy.apps.eclipse.*,ptolemy.apps.etherealSting.*,ptolemy.apps.fullscreen.*,ptolemy.apps.giotto.*,ptolemy.apps.ia.*,ptolemy.apps.interfaces.*,ptolemy.apps.jmf.*,ptolemy.apps.kurt.*,ptolemy.apps.kvm.*,ptolemy.apps.lego.*,ptolemy.apps.lejos.*,ptolemy.apps.midp.*,ptolemy.apps.mobileCoding.*,ptolemy.apps.pendulum.*,ptolemy.apps.rijndael.*,ptolemy.apps.robot.*,ptolemy.apps.security.*,ptolemy.apps.sobel.*,ptolemy.apps.soot.*,ptolemy.apps.throttle.*,ptolemy.apps.tini.*,ptolemy.apps.transmission.*,ptolemy.apps.vergil.*,ptolemy.apps.waba.*,ptolemy.apps.websensor.*,ptolemy.apps.webstart.*,ptolemy.apps.xsl.*,ptolemy.apps.zaurus.*,ptolemy.codegen.c.actor.lib.oldJavaFiles.*,ptolemy.codegen.dsp.lib.*,ptolemy.codegen.kernel.newInterfaces.*,ptolemy.codegen.lib.*,ptolemy.copernicus.kernel.fragment.*,ptolemy.copernicus.shallow.cg.*,ptolemy.domains.giotto.demo.Hierarchy.Hierarchy.*,ptolemy.domains.giotto.demo.Multimode.Multimode.*,ptolemy.domains.giotto.demo.Simple.Simple.*,ptolemy.domains.gr.lib.experimental.*,ptolemy.domains.gro.*,ptolemy.domains.pdf.*,ptolemy.domains.ptinyos.demo.Surge.output.*,ptolemy.moml.test.NoPackageActor.java*,ptolemy.plot.adm.*,ptolemy.plot.servlet.*,reports.*,signed.*,src.*,target.*,vendors.*,ptolemy.copernicus.applet.*,ptolemy.media.viewer.*,ptolemy.actor.corba.*,doc.doclets.*,ptolemy.apps.eclipse.awt.*,ptolemy.backtrack.*,ptolemy.backtrack.ast.*,ptolemy.cg.adapter.generic.program.procedural.c.mbed*,ptolemy.homer.*,ptolemy.actor.lib.jai.*,org.ptolemy.scala.*,diva.util.java2d.svg.*,ptolemy.domains.ptinyos.*,ptolemy.actor.lib.fmi.fmipp.*,,org.terraswarm.accessor.accessors.web.node_modules.*,org.terraswarm.accessor.accessors-svn,ptolemy.apps.*,ptolemy.actor.ptalon.demo.ptinyos.SendAndReceiveCnt.output,ptolemy.actor.ptalon.demo.ptinyos.SenseToLeds.output,ptolemy.domains.ptinyos.demo.CntToLedsAndRfm.output,ptolemy.domains.ptinyos.demo.RfmToLeds.output,ptolemy.domains.ptinyos.demo.SendAndReceiveCnt.output,ptolemy.domains.ptinyos.demo.SenseToLeds.output,ptolemy.actor.lib.jjs.modules.udpSocket.*" />
    <property name="env.PTII" value="/home/travis/build/icyphy/ptII" />
    <property name="env.XDG_SESSION_ID" value="2" />
    <property name="keystore" value="ptKeystore" />
    <property name="env.TRAVIS_COMMIT_MESSAGE" value="Removed mention of svn." />
    <property name="junit.output.dir" value="/home/travis/build/icyphy/ptII/reports/junit" />
    <property name="npm.return.code" value="0" />
    <property name="user.dir" value="/home/travis/build/icyphy/ptII/ptolemy/actor/lib/test" />
    <property name="env.TRAVIS_NODE_VERSION" value="7" />
    <property name="env.TRAVIS_EVENT_TYPE" value="cron" />
    <property name="env.MAIL" value="/var/mail/travis" />
    <property name="env.PERLBREW_ROOT" value="/home/travis/perl5/perlbrew" />
    <property name="env.PWD" value="/home/travis/build/icyphy/ptII" />
    <property name="timeout.npm" value="45000" />
    <property name="env.TRAVIS_ARCH" value="amd64" />
    <property name="sun.cpu.endian" value="little" />
    <property name="env.PAGER" value="cat" />
    <property name="env.TRAVIS_BUILD_STAGE_NAME" value="Test" />
    <property name="env.PERLBREW_HOME" value="/home/travis/.perlbrew" />
    <property name="java.vm.version" value="11.0.2+9" />
    <property name="env.RAILS_ENV" value="test" />
    <property name="java.class.path" value="/home/travis/.ptolemyII:/home/travis/.ptolemyII/*:/home/travis/build/icyphy/ptII:/home/travis/build/icyphy/ptII/lib/bsh-2.0b4.jar:/home/travis/build/icyphy/ptII/lib/ptCal.jar:/home/travis/build/icyphy/ptII/lib/java_cup.jar:/home/travis/build/icyphy/ptII/lib/saxon8.jar:/home/travis/build/icyphy/ptII/lib/saxon8-dom.jar:/home/travis/build/icyphy/ptII/lib/chic.jar:/home/travis/build/icyphy/ptII/lib/ptcolt.jar:/home/travis/build/icyphy/ptII/vendors/misc/itext/iText.jar:/home/travis/build/icyphy/ptII/lib/g4ltl.jar:/home/travis/build/icyphy/ptII/lib/StructuralCoder.jar:/home/travis/build/icyphy/ptII/lib/jcerti.jar:/home/travis/build/icyphy/ptII/lib/javax.mail.jar:/home/travis/build/icyphy/ptII/vendors/JMF-2.1.1e/lib/jmf.jar:/home/travis/build/icyphy/ptII/lib/jna-4.0.0-variadic.jar:/home/travis/build/icyphy/ptII/vendors/misc/joystick/Joystick.jar:/home/travis/build/icyphy/ptII/lib/ptjacl.jar:/home/travis/build/icyphy/ptII/lib/jsoup-1.8.2.jar:/home/travis/build/icyphy/ptII/lib/junit-4.8.2.jar:/home/travis/build/icyphy/ptII/lib/JUnitParams-0.4.0.jar:/home/travis/build/icyphy/ptII/ptolemy/actor/lib/excel/jxl.jar:/home/travis/build/icyphy/ptII/lib/jython.jar:/home/travis/build/icyphy/ptII/lib/kieler.jar:/home/travis/build/icyphy/ptII/vendors/opencv/share/OpenCV/java/opencv-341.jar:/home/travis/build/icyphy/ptII/lib/oscP5.jar:/home/travis/build/icyphy/ptII/lib/nrjavaserial-3.11.0.devel.jar:/home/travis/build/icyphy/ptII/vendors/j3d/lib/Linux/j3dcore.jar:/home/travis/build/icyphy/ptII/vendors/j3d/lib/Linux/j3dutils.jar:/home/travis/build/icyphy/ptII/vendors/j3d/lib/Linux/vecmath.jar:/home/travis/build/icyphy/ptII/vendors/jogl/lib/Linux/gluegen-rt-natives-linux-amd64.jar:/home/travis/build/icyphy/ptII/vendors/jogl/lib/Linux/gluegen-rt.jar:/home/travis/build/icyphy/ptII/vendors/jogl/lib/Linux/jogl-all-natives-linux-amd64.jar:/home/travis/build/icyphy/ptII/vendors/jogl/lib/Linux/jogl-all.jar:/home/travis/build/icyphy/ptII/ptolemy/distributed/jini/jar/jini-core.jar:/home/travis/build/icyphy/ptII/ptolemy/distributed/jini/jar/jini-ext.jar:/home/travis/build/icyphy/ptII/ptolemy/distributed/jini/jar/sun-util.jar:/home/travis/build/icyphy/ptII/lib/protobuf-java-2.4.1.jar:/home/travis/build/icyphy/ptII/lib/org.eclipse.paho.client.mqttv3.jar:/home/travis/build/icyphy/ptII/lib/mapss.jar:/home/travis/build/icyphy/ptII/ptolemy/actor/ptalon/antlr/antlr.jar:/home/travis/build/icyphy/ptII/lib/JRI.jar:/home/travis/build/icyphy/ptII/lib/commons-lang-2.6.jar:/home/travis/build/icyphy/ptII/lib/commons-logging-1.1.1.jar:/home/travis/build/icyphy/ptII/lib/sootclasses.jar:/home/travis/build/icyphy/ptII/ptolemy/actor/lib/database/mysql-connector-java-5.1.6-bin.jar:/home/travis/build/icyphy/ptII/vendors/misc/sphinx4/sphinx4-data-5prealpha.jar:/home/travis/build/icyphy/ptII/vendors/misc/sphinx4/sphinx4-core-5prealpha.jar:/home/travis/build/icyphy/ptII/lib/PDFRenderer.jar:/home/travis/build/icyphy/ptII/lib/svgSalamander.jar:/home/travis/build/icyphy/ptII/lib/rsyntaxtextarea-2.6.0-SNAPSHOT.jar:/home/travis/build/icyphy/ptII/lib/hazelcast-3.8.2.jar:/home/travis/build/icyphy/ptII/lib/jackson-annotations-2.9.0.jar:/home/travis/build/icyphy/ptII/lib/jackson-core-2.9.3.jar:/home/travis/build/icyphy/ptII/lib/jackson-databind-2.9.3.jar:/home/travis/build/icyphy/ptII/lib/netty-buffer-4.1.19.Final.jar:/home/travis/build/icyphy/ptII/lib/netty-codec-4.1.19.Final.jar:/home/travis/build/icyphy/ptII/lib/netty-codec-dns-4.1.19.Final.jar:/home/travis/build/icyphy/ptII/lib/netty-codec-http-4.1.19.Final.jar:/home/travis/build/icyphy/ptII/lib/netty-codec-http2-4.1.19.Final.jar:/home/travis/build/icyphy/ptII/lib/netty-common-4.1.19.Final.jar:/home/travis/build/icyphy/ptII/lib/netty-handler-4.1.19.Final.jar:/home/travis/build/icyphy/ptII/lib/netty-resolver-4.1.19.Final.jar:/home/travis/build/icyphy/ptII/lib/netty-resolver-dns-4.1.19.Final.jar:/home/travis/build/icyphy/ptII/lib/netty-transport-4.1.19.Final.jar:/home/travis/build/icyphy/ptII/lib/vertx-codegen-3.5.1.jar:/home/travis/build/icyphy/ptII/lib/vertx-core-3.5.2-SNAPSHOT.jar:/home/travis/build/icyphy/ptII/lib/vertx-hazelcast-3.5.1.jar:/home/travis/build/icyphy/ptII/lib/vertx-lang-js-3.5.1.jar:/home/travis/build/icyphy/ptII/lib/vertx-service-proxy-3.5.1.jar:/home/travis/build/icyphy/ptII/lib/vertx-web-3.5.1.jar:/home/travis/build/icyphy/ptII/lib/slf4j-api-1.7.13.jar:/home/travis/build/icyphy/ptII/lib/slf4j-simple-1.7.13.jar:/home/travis/build/icyphy/ptII/lib/webcam-capture-0.3.12.jar:/home/travis/build/icyphy/ptII/lib/bridj-0.7.0.jar:/home/travis/build/icyphy/ptII/lib/xbjlib-1.1.0.nrjavaserial.jar:/home/travis/build/icyphy/ptII/ptolemy/moml/test:/home/travis/build/icyphy/ptII/ant/lib/ant-launcher.jar:/home/travis/build/icyphy/ptII/ant/lib/ant.jar:/home/travis/build/icyphy/ptII/ant/lib/ant-junit.jar:/home/travis/build/icyphy/ptII/ant/lib/ant-junit4.jar" />
    <property name="ant.library.dir" value="/home/travis/build/icyphy/ptII/ant/lib" />
    <property name="os.arch" value="amd64" />
    <property name="env.CONTINUOUS_INTEGRATION" value="true" />
    <property name="env.TRAVIS_LANGUAGE" value="node_js" />
    <property name="env.TRAVIS_STACK_LANGUAGES" value="__sardonyx__ c c++ clojure cplusplus cpp default generic go groovy java node_js php pure_java python ruby scala" />
    <property name="test.name" value="ptolemy.actor.lib.test.junit.JUnitTclTest" />
    <property name="env.APT_KEY_DONT_WARN_ON_DANGEROUS_USAGE" value="1" />
    <property name="sun.java.launcher" value="SUN_STANDARD" />
    <property name="env.PYTHON_CONFIGURE_OPTS" value="--enable-unicode=ucs4 --with-wide-unicode --enable-shared --enable-ipv6 --enable-loadable-sqlite-extensions --with-computed-gotos" />
    <property name="ant.core.lib" value="/home/travis/build/icyphy/ptII/ant/lib/ant.jar" />
    <property name="java.vm.specification.vendor" value="Oracle Corporation" />
    <property name="env.BCVTB_HOME" value="/home/travis/build/icyphy/ptII/lbnl" />
    <property name="file.separator" value="/" />
    <property name="spotbugs.home" value="/home/travis/build/icyphy/ptII/vendors/spotbugs-3.1.1" />
    <property name="java.runtime.version" value="11.0.2+9" />
    <property name="env.ANSI_CLEAR" value="\033[0K" />
    <property name="javafx.verbose" value="true" />
    <property name="env.HAS_JOSH_K_SEAL_OF_APPROVAL" value="true" />
    <property name="env.XDG_RUNTIME_DIR" value="/run/user/2000" />
    <property name="env.TRAVIS_OSX_IMAGE" value="" />
    <property name="env.TRAVIS_JOB_ID" value="571152746" />
    <property name="env.TRAVIS_BRANCH" value="master" />
    <property name="user.country" value="US" />
    <property name="env.CERTI_HOME_TRAVIS" value="/home/travis/pthla/certi-tools" />
    <property name="env.SHELL" value="/bin/bash" />
    <property name="java.maxmemory.large" value="3200m" />
    <property name="model" value="" />
    <property name="env.CASHER_DIR" value="/home/travis/.casher" />
    <property name="env.NVM_CD_FLAGS" value="" />
    <property name="java.vendor.version" value="18.9" />
    <property name="jshint.executable" value="/home/travis/node_modules/jshint/bin/jshint" />
    <property name="env.JRUBY_OPTS" value=" --client -J-XX:+TieredCompilation -J-XX:TieredStopAtLevel=1 -J-Xss2m -Xcompile.invokedynamic=false" />
    <property name="java.vendor" value="Oracle Corporation" />
    <property name="env.TRAVIS_PRE_CHEF_BOOTSTRAP_TIME" value="2019-03-25T16:16:42" />
    <property name="env.TRAVIS_STACK_JOB_BOARD_REGISTER" value="/.job-board-register.yml" />
    <property name="env.ANSI_RED" value="\033[31;1m" />
    <property name="java.specification.version" value="11" />
    <property name="env.IRBRC" value="/home/travis/.rvm/rubies/ruby-2.5.3/.irbrc" />
    <property name="env.TRAVIS" value="true" />
    <property name="sun.arch.data.model" value="64" />
  </properties>
  <testcase classname="ptolemy.util.test.junit.TclTests" name="[0] /home/travis/build/icyphy/ptII/ptolemy/actor/lib/test/AbsoluteValue.tcl (RunTclFile)" time="0.604" />
  <testcase classname="ptolemy.util.test.junit.TclTests" name="[1] /home/travis/build/icyphy/ptII/ptolemy/actor/lib/test/AddSubtract.tcl (RunTclFile)" time="0.217" />
  <testcase classname="ptolemy.util.test.junit.TclTests" name="[2] /home/travis/build/icyphy/ptII/ptolemy/actor/lib/test/Average.tcl (RunTclFile)" time="0.068" />
  <testcase classname="ptolemy.util.test.junit.TclTests" name="[3] /home/travis/build/icyphy/ptII/ptolemy/actor/lib/test/Bernoulli.tcl (RunTclFile)" time="0.02" />
  <testcase classname="ptolemy.util.test.junit.TclTests" name="[4] /home/travis/build/icyphy/ptII/ptolemy/actor/lib/test/Clock.tcl (RunTclFile)" time="0.099" />
  <testcase classname="ptolemy.util.test.junit.TclTests" name="[5] /home/travis/build/icyphy/ptII/ptolemy/actor/lib/test/Commutator.tcl (RunTclFile)" time="0.144" />
  <testcase classname="ptolemy.util.test.junit.TclTests" name="[6] /home/travis/build/icyphy/ptII/ptolemy/actor/lib/test/Const.tcl (RunTclFile)" time="0.115" />
  <testcase classname="ptolemy.util.test.junit.TclTests" name="[7] /home/travis/build/icyphy/ptII/ptolemy/actor/lib/test/CurrentTime.tcl (RunTclFile)" time="0.04" />
  <testcase classname="ptolemy.util.test.junit.TclTests" name="[8] /home/travis/build/icyphy/ptII/ptolemy/actor/lib/test/DB.tcl (RunTclFile)" time="0.084" />
  <testcase classname="ptolemy.util.test.junit.TclTests" name="[9] /home/travis/build/icyphy/ptII/ptolemy/actor/lib/test/DiscreteRandomSource.tcl (RunTclFile)" time="0.064" />
  <testcase classname="ptolemy.util.test.junit.TclTests" name="[10] /home/travis/build/icyphy/ptII/ptolemy/actor/lib/test/Distributor.tcl (RunTclFile)" time="0.081" />
  <testcase classname="ptolemy.util.test.junit.TclTests" name="[11] /home/travis/build/icyphy/ptII/ptolemy/actor/lib/test/Exit.tcl (RunTclFile)" time="0.085" />
  <testcase classname="ptolemy.util.test.junit.TclTests" name="[12] /home/travis/build/icyphy/ptII/ptolemy/actor/lib/test/Expression.tcl (RunTclFile)" time="0.125" />
  <testcase classname="ptolemy.util.test.junit.TclTests" name="[13] /home/travis/build/icyphy/ptII/ptolemy/actor/lib/test/Gaussian.tcl (RunTclFile)" time="0.974" />
  <testcase classname="ptolemy.util.test.junit.TclTests" name="[14] /home/travis/build/icyphy/ptII/ptolemy/actor/lib/test/IIR.tcl (RunTclFile)" time="0.042" />
  <testcase classname="ptolemy.util.test.junit.TclTests" name="[15] /home/travis/build/icyphy/ptII/ptolemy/actor/lib/test/Interpolator.tcl (RunTclFile)" time="0.095" />
  <testcase classname="ptolemy.util.test.junit.TclTests" name="[16] /home/travis/build/icyphy/ptII/ptolemy/actor/lib/test/MathFunction.tcl (RunTclFile)" time="0.086" />
  <testcase classname="ptolemy.util.test.junit.TclTests" name="[17] /home/travis/build/icyphy/ptII/ptolemy/actor/lib/test/Maximum.tcl (RunTclFile)" time="0.028" />
  <testcase classname="ptolemy.util.test.junit.TclTests" name="[18] /home/travis/build/icyphy/ptII/ptolemy/actor/lib/test/Minimum.tcl (RunTclFile)" time="0.038" />
  <testcase classname="ptolemy.util.test.junit.TclTests" name="[19] /home/travis/build/icyphy/ptII/ptolemy/actor/lib/test/MultiplyDivide.tcl (RunTclFile)" time="0.051" />
  <testcase classname="ptolemy.util.test.junit.TclTests" name="[20] /home/travis/build/icyphy/ptII/ptolemy/actor/lib/test/OrderedMerge.tcl (RunTclFile)" time="0.15" />
  <testcase classname="ptolemy.util.test.junit.TclTests" name="[21] /home/travis/build/icyphy/ptII/ptolemy/actor/lib/test/Publisher.tcl (RunTclFile)" time="0.945" />
  <testcase classname="ptolemy.util.test.junit.TclTests" name="[22] /home/travis/build/icyphy/ptII/ptolemy/actor/lib/test/Pulse.tcl (RunTclFile)" time="0.078" />
  <testcase classname="ptolemy.util.test.junit.TclTests" name="[23] /home/travis/build/icyphy/ptII/ptolemy/actor/lib/test/Ramp.tcl (RunTclFile)" time="2.316" />
  <testcase classname="ptolemy.util.test.junit.TclTests" name="[24] /home/travis/build/icyphy/ptII/ptolemy/actor/lib/test/RampContinuous.tcl (RunTclFile)" time="0.025" />
  <testcase classname="ptolemy.util.test.junit.TclTests" name="[25] /home/travis/build/icyphy/ptII/ptolemy/actor/lib/test/RecordAssembler.tcl (RunTclFile)" time="0.02" />
  <testcase classname="ptolemy.util.test.junit.TclTests" name="[26] /home/travis/build/icyphy/ptII/ptolemy/actor/lib/test/RecordDisassembler.tcl (RunTclFile)" time="0.038" />
  <testcase classname="ptolemy.util.test.junit.TclTests" name="[27] /home/travis/build/icyphy/ptII/ptolemy/actor/lib/test/Scale.tcl (RunTclFile)" time="0.035" />
  <testcase classname="ptolemy.util.test.junit.TclTests" name="[28] /home/travis/build/icyphy/ptII/ptolemy/actor/lib/test/SequentialClock.tcl (RunTclFile)" time="0.016" />
  <testcase classname="ptolemy.util.test.junit.TclTests" name="[29] /home/travis/build/icyphy/ptII/ptolemy/actor/lib/test/SetVariable.tcl (RunTclFile)" time="0.071">
    <failure message="Number of failed tests is has increased. expected:&lt;0&gt; but was:&lt;1&gt;" type="junit.framework.AssertionFailedError">junit.framework.AssertionFailedError: Number of failed tests is has increased. expected:&lt;0&gt; but was:&lt;1&gt;
	at ptolemy.util.test.junit.TclTests.RunTclFile(TclTests.java:286)
	at jdk.internal.reflect.GeneratedMethodAccessor19.invoke(Unknown Source)
	at java.base/jdk.internal.reflect.DelegatingMethodAccessorImpl.invoke(DelegatingMethodAccessorImpl.java:43)
	at junitparams.internal.InvokeParameterisedMethod.evaluate(InvokeParameterisedMethod.java:102)
	at junitparams.internal.ParameterisedTestMethodRunner.runMethodInvoker(ParameterisedTestMethodRunner.java:47)
	at junitparams.internal.ParameterisedTestMethodRunner.runTestMethod(ParameterisedTestMethodRunner.java:41)
	at junitparams.internal.ParameterisedTestClassRunner.runParameterisedTest(ParameterisedTestClassRunner.java:143)
	at junitparams.JUnitParamsRunner.runChild(JUnitParamsRunner.java:237)
	at junitparams.JUnitParamsRunner.runChild(JUnitParamsRunner.java:215)
</failure>
  </testcase>
  <testcase classname="ptolemy.util.test.junit.TclTests" name="[30] /home/travis/build/icyphy/ptII/ptolemy/actor/lib/test/Sinewave.tcl (RunTclFile)" time="0.075" />
  <testcase classname="ptolemy.util.test.junit.TclTests" name="[31] /home/travis/build/icyphy/ptII/ptolemy/actor/lib/test/SubscriptionAggregator.tcl (RunTclFile)" time="2.345" />
  <testcase classname="ptolemy.util.test.junit.TclTests" name="[32] /home/travis/build/icyphy/ptII/ptolemy/actor/lib/test/Test.tcl (RunTclFile)" time="0.146" />
  <testcase classname="ptolemy.util.test.junit.TclTests" name="[33] /home/travis/build/icyphy/ptII/ptolemy/actor/lib/test/TestExceptionHandler.tcl (RunTclFile)" time="0.012" />
  <testcase classname="ptolemy.util.test.junit.TclTests" name="[34] /home/travis/build/icyphy/ptII/ptolemy/actor/lib/test/UnionDisassembler.tcl (RunTclFile)" time="0.076" />
  <testcase classname="ptolemy.util.test.junit.TclTests" name="[35] /home/travis/build/icyphy/ptII/ptolemy/actor/lib/test/VariableClock.tcl (RunTclFile)" time="0.031" />
  <testcase classname="ptolemy.util.test.junit.AutoKnownFailedTests" name="[0] /home/travis/build/icyphy/ptII/ptolemy/actor/lib/test/auto/knownFailedTests/PublisherPortToplevelSubscriber.xml (RunModel)" time="0.03" />
  <testcase classname="ptolemy.util.test.junit.AutoKnownFailedTests" name="[1] /home/travis/build/icyphy/ptII/ptolemy/actor/lib/test/auto/knownFailedTests/PublisherSubscriberPortToplevel.xml (RunModel)" time="0.027" />
  <testcase classname="ptolemy.util.test.junit.AutoKnownFailedTests" name="[2] /home/travis/build/icyphy/ptII/ptolemy/actor/lib/test/auto/knownFailedTests/PublisherSubscriptionAggregatorPort.xml (RunModel)" time="0.019" />
  <testcase classname="ptolemy.util.test.junit.AutoKnownFailedTests" name="[3] /home/travis/build/icyphy/ptII/ptolemy/actor/lib/test/auto/knownFailedTests/sizedarray3.xml (RunModel)" time="0.035" />
  <testcase classname="ptolemy.util.test.junit.AutoNameArchTests" name="[0] ThereAreNoAutoArchTests (RunModel)" time="0.001" />
  <testcase classname="ptolemy.util.test.junit.AutoTests" name="[0] /home/travis/build/icyphy/ptII/ptolemy/actor/lib/test/auto/AbsoluteValue.xml (RunModel)" time="0.143" />
  <testcase classname="ptolemy.util.test.junit.AutoTests" name="[1] /home/travis/build/icyphy/ptII/ptolemy/actor/lib/test/auto/AbsoluteValue2.xml (RunModel)" time="0.054" />
  <testcase classname="ptolemy.util.test.junit.AutoTests" name="[2] /home/travis/build/icyphy/ptII/ptolemy/actor/lib/test/auto/Accumulator.xml (RunModel)" time="0.071" />
  <testcase classname="ptolemy.util.test.junit.AutoTests" name="[3] /home/travis/build/icyphy/ptII/ptolemy/actor/lib/test/auto/Accumulator2.xml (RunModel)" time="0.051" />
  <testcase classname="ptolemy.util.test.junit.AutoTests" name="[4] /home/travis/build/icyphy/ptII/ptolemy/actor/lib/test/auto/Accumulator3.xml (RunModel)" time="0.049" />
  <testcase classname="ptolemy.util.test.junit.AutoTests" name="[5] /home/travis/build/icyphy/ptII/ptolemy/actor/lib/test/auto/ArrayAppend.xml (RunModel)" time="0.048" />
  <testcase classname="ptolemy.util.test.junit.AutoTests" name="[6] /home/travis/build/icyphy/ptII/ptolemy/actor/lib/test/auto/ArrayAppend2.xml (RunModel)" time="0.506" />
  <testcase classname="ptolemy.util.test.junit.AutoTests" name="[7] /home/travis/build/icyphy/ptII/ptolemy/actor/lib/test/auto/ArrayAppend3.xml (RunModel)" time="0.019" />
  <testcase classname="ptolemy.util.test.junit.AutoTests" name="[8] /home/travis/build/icyphy/ptII/ptolemy/actor/lib/test/auto/ArrayAppend4.xml (RunModel)" time="0.035" />
  <testcase classname="ptolemy.util.test.junit.AutoTests" name="[9] /home/travis/build/icyphy/ptII/ptolemy/actor/lib/test/auto/ArrayAppend5.xml (RunModel)" time="0.019" />
  <testcase classname="ptolemy.util.test.junit.AutoTests" name="[10] /home/travis/build/icyphy/ptII/ptolemy/actor/lib/test/auto/ArrayAppend6.xml (RunModel)" time="0.023" />
  <testcase classname="ptolemy.util.test.junit.AutoTests" name="[11] /home/travis/build/icyphy/ptII/ptolemy/actor/lib/test/auto/ArrayAppendPerformanceTest.xml (RunModel)" time="0.067" />
  <testcase classname="ptolemy.util.test.junit.AutoTests" name="[12] /home/travis/build/icyphy/ptII/ptolemy/actor/lib/test/auto/ArrayAppendWithEmptyInput.xml (RunModel)" time="0.066" />
  <testcase classname="ptolemy.util.test.junit.AutoTests" name="[13] /home/travis/build/icyphy/ptII/ptolemy/actor/lib/test/auto/ArrayAverage.xml (RunModel)" time="0.067" />
  <testcase classname="ptolemy.util.test.junit.AutoTests" name="[14] /home/travis/build/icyphy/ptII/ptolemy/actor/lib/test/auto/ArrayContains.xml (RunModel)" time="0.033" />
  <testcase classname="ptolemy.util.test.junit.AutoTests" name="[15] /home/travis/build/icyphy/ptII/ptolemy/actor/lib/test/auto/ArrayElement.xml (RunModel)" time="0.033" />
  <testcase classname="ptolemy.util.test.junit.AutoTests" name="[16] /home/travis/build/icyphy/ptII/ptolemy/actor/lib/test/auto/ArrayElementAsMatrix.xml (RunModel)" time="0.081" />
  <testcase classname="ptolemy.util.test.junit.AutoTests" name="[17] /home/travis/build/icyphy/ptII/ptolemy/actor/lib/test/auto/ArrayElementI.xml (RunModel)" time="0.03" />
  <testcase classname="ptolemy.util.test.junit.AutoTests" name="[18] /home/travis/build/icyphy/ptII/ptolemy/actor/lib/test/auto/ArrayExtract.xml (RunModel)" time="0.035" />
  <testcase classname="ptolemy.util.test.junit.AutoTests" name="[19] /home/travis/build/icyphy/ptII/ptolemy/actor/lib/test/auto/ArrayExtract2.xml (RunModel)" time="0.022" />
  <testcase classname="ptolemy.util.test.junit.AutoTests" name="[20] /home/travis/build/icyphy/ptII/ptolemy/actor/lib/test/auto/ArrayLength.xml (RunModel)" time="0.024" />
  <testcase classname="ptolemy.util.test.junit.AutoTests" name="[21] /home/travis/build/icyphy/ptII/ptolemy/actor/lib/test/auto/ArrayLevelCrossing.xml (RunModel)" time="0.031" />
  <testcase classname="ptolemy.util.test.junit.AutoTests" name="[22] /home/travis/build/icyphy/ptII/ptolemy/actor/lib/test/auto/ArrayLevelCrossing2.xml (RunModel)" time="0.031" />
  <testcase classname="ptolemy.util.test.junit.AutoTests" name="[23] /home/travis/build/icyphy/ptII/ptolemy/actor/lib/test/auto/ArrayPeakSearch.xml (RunModel)" time="0.099" />
  <testcase classname="ptolemy.util.test.junit.AutoTests" name="[24] /home/travis/build/icyphy/ptII/ptolemy/actor/lib/test/auto/ArrayPeakSearch2.xml (RunModel)" time="0.044" />
  <testcase classname="ptolemy.util.test.junit.AutoTests" name="[25] /home/travis/build/icyphy/ptII/ptolemy/actor/lib/test/auto/ArrayPeakSearch3.xml (RunModel)" time="0.039" />
  <testcase classname="ptolemy.util.test.junit.AutoTests" name="[26] /home/travis/build/icyphy/ptII/ptolemy/actor/lib/test/auto/ArrayRemoveElement.xml (RunModel)" time="0.032" />
  <testcase classname="ptolemy.util.test.junit.AutoTests" name="[27] /home/travis/build/icyphy/ptII/ptolemy/actor/lib/test/auto/ArraySort.xml (RunModel)" time="0.035" />
  <testcase classname="ptolemy.util.test.junit.AutoTests" name="[28] /home/travis/build/icyphy/ptII/ptolemy/actor/lib/test/auto/ArraySum.xml (RunModel)" time="0.023" />
  <testcase classname="ptolemy.util.test.junit.AutoTests" name="[29] /home/travis/build/icyphy/ptII/ptolemy/actor/lib/test/auto/ArrayToElements.xml (RunModel)" time="0.024" />
  <testcase classname="ptolemy.util.test.junit.AutoTests" name="[30] /home/travis/build/icyphy/ptII/ptolemy/actor/lib/test/auto/ArrayToMatrix.xml (RunModel)" time="0.071" />
  <testcase classname="ptolemy.util.test.junit.AutoTests" name="[31] /home/travis/build/icyphy/ptII/ptolemy/actor/lib/test/auto/ArrayUpdate1.xml (RunModel)" time="0.026" />
  <testcase classname="ptolemy.util.test.junit.AutoTests" name="[32] /home/travis/build/icyphy/ptII/ptolemy/actor/lib/test/auto/ArrayUpdate2.xml (RunModel)" time="0.025" />
  <testcase classname="ptolemy.util.test.junit.AutoTests" name="[33] /home/travis/build/icyphy/ptII/ptolemy/actor/lib/test/auto/ArrayUpdate3.xml (RunModel)" time="0.016" />
  <testcase classname="ptolemy.util.test.junit.AutoTests" name="[34] /home/travis/build/icyphy/ptII/ptolemy/actor/lib/test/auto/Assert1.xml (RunModel)" time="0.031" />
  <testcase classname="ptolemy.util.test.junit.AutoTests" name="[35] /home/travis/build/icyphy/ptII/ptolemy/actor/lib/test/auto/Assert2.xml (RunModel)" time="0.013" />
  <testcase classname="ptolemy.util.test.junit.AutoTests" name="[36] /home/travis/build/icyphy/ptII/ptolemy/actor/lib/test/auto/BooleanMultiplexor.xml (RunModel)" time="0.017" />
  <testcase classname="ptolemy.util.test.junit.AutoTests" name="[37] /home/travis/build/icyphy/ptII/ptolemy/actor/lib/test/auto/BooleanMultiplexor2.xml (RunModel)" time="0.028" />
  <testcase classname="ptolemy.util.test.junit.AutoTests" name="[38] /home/travis/build/icyphy/ptII/ptolemy/actor/lib/test/auto/BooleanMultiplexor3.xml (RunModel)" time="0.019" />
  <testcase classname="ptolemy.util.test.junit.AutoTests" name="[39] /home/travis/build/icyphy/ptII/ptolemy/actor/lib/test/auto/BooleanSelect.xml (RunModel)" time="0.028" />
  <testcase classname="ptolemy.util.test.junit.AutoTests" name="[40] /home/travis/build/icyphy/ptII/ptolemy/actor/lib/test/auto/BooleanSelect2.xml (RunModel)" time="0.022" />
  <testcase classname="ptolemy.util.test.junit.AutoTests" name="[41] /home/travis/build/icyphy/ptII/ptolemy/actor/lib/test/auto/BooleanSwitch.xml (RunModel)" time="0.018" />
  <testcase classname="ptolemy.util.test.junit.AutoTests" name="[42] /home/travis/build/icyphy/ptII/ptolemy/actor/lib/test/auto/BooleanSwitch2.xml (RunModel)" time="0.014" />
  <testcase classname="ptolemy.util.test.junit.AutoTests" name="[43] /home/travis/build/icyphy/ptII/ptolemy/actor/lib/test/auto/BooleanSwitchCloningBugWithClassRelationGroup.xml (RunModel)" time="0.026" />
  <testcase classname="ptolemy.util.test.junit.AutoTests" name="[44] /home/travis/build/icyphy/ptII/ptolemy/actor/lib/test/auto/BusActors.xml (RunModel)" time="0.04" />
  <testcase classname="ptolemy.util.test.junit.AutoTests" name="[45] /home/travis/build/icyphy/ptII/ptolemy/actor/lib/test/auto/ClassWrapper.xml (RunModel)" time="0.023" />
  <testcase classname="ptolemy.util.test.junit.AutoTests" name="[46] /home/travis/build/icyphy/ptII/ptolemy/actor/lib/test/auto/Clock.xml (RunModel)" time="0.011" />
  <testcase classname="ptolemy.util.test.junit.AutoTests" name="[47] /home/travis/build/icyphy/ptII/ptolemy/actor/lib/test/auto/Clock10.xml (RunModel)" time="0.029" />
  <testcase classname="ptolemy.util.test.junit.AutoTests" name="[48] /home/travis/build/icyphy/ptII/ptolemy/actor/lib/test/auto/Clock11.xml (RunModel)" time="0.023" />
  <testcase classname="ptolemy.util.test.junit.AutoTests" name="[49] /home/travis/build/icyphy/ptII/ptolemy/actor/lib/test/auto/Clock12.xml (RunModel)" time="0.055" />
  <testcase classname="ptolemy.util.test.junit.AutoTests" name="[50] /home/travis/build/icyphy/ptII/ptolemy/actor/lib/test/auto/Clock13.xml (RunModel)" time="0.024" />
  <testcase classname="ptolemy.util.test.junit.AutoTests" name="[51] /home/travis/build/icyphy/ptII/ptolemy/actor/lib/test/auto/Clock14.xml (RunModel)" time="0.019" />
  <testcase classname="ptolemy.util.test.junit.AutoTests" name="[52] /home/travis/build/icyphy/ptII/ptolemy/actor/lib/test/auto/Clock15.xml (RunModel)" time="0.023" />
  <testcase classname="ptolemy.util.test.junit.AutoTests" name="[53] /home/travis/build/icyphy/ptII/ptolemy/actor/lib/test/auto/Clock16.xml (RunModel)" time="0.124" />
  <testcase classname="ptolemy.util.test.junit.AutoTests" name="[54] /home/travis/build/icyphy/ptII/ptolemy/actor/lib/test/auto/Clock17.xml (RunModel)" time="0.06" />
  <testcase classname="ptolemy.util.test.junit.AutoTests" name="[55] /home/travis/build/icyphy/ptII/ptolemy/actor/lib/test/auto/Clock18.xml (RunModel)" time="0.063" />
  <testcase classname="ptolemy.util.test.junit.AutoTests" name="[56] /home/travis/build/icyphy/ptII/ptolemy/actor/lib/test/auto/Clock19.xml (RunModel)" time="0.049" />
  <testcase classname="ptolemy.util.test.junit.AutoTests" name="[57] /home/travis/build/icyphy/ptII/ptolemy/actor/lib/test/auto/Clock2.xml (RunModel)" time="0.022" />
  <testcase classname="ptolemy.util.test.junit.AutoTests" name="[58] /home/travis/build/icyphy/ptII/ptolemy/actor/lib/test/auto/Clock20.xml (RunModel)" time="0.024" />
  <testcase classname="ptolemy.util.test.junit.AutoTests" name="[59] /home/travis/build/icyphy/ptII/ptolemy/actor/lib/test/auto/Clock21.xml (RunModel)" time="0.017" />
  <testcase classname="ptolemy.util.test.junit.AutoTests" name="[60] /home/travis/build/icyphy/ptII/ptolemy/actor/lib/test/auto/Clock22.xml (RunModel)" time="0.02" />
  <testcase classname="ptolemy.util.test.junit.AutoTests" name="[61] /home/travis/build/icyphy/ptII/ptolemy/actor/lib/test/auto/Clock23.xml (RunModel)" time="0.028" />
  <testcase classname="ptolemy.util.test.junit.AutoTests" name="[62] /home/travis/build/icyphy/ptII/ptolemy/actor/lib/test/auto/Clock24.xml (RunModel)" time="0.02" />
  <testcase classname="ptolemy.util.test.junit.AutoTests" name="[63] /home/travis/build/icyphy/ptII/ptolemy/actor/lib/test/auto/Clock4.xml (RunModel)" time="0.014" />
  <testcase classname="ptolemy.util.test.junit.AutoTests" name="[64] /home/travis/build/icyphy/ptII/ptolemy/actor/lib/test/auto/Clock5.xml (RunModel)" time="0.015" />
  <testcase classname="ptolemy.util.test.junit.AutoTests" name="[65] /home/travis/build/icyphy/ptII/ptolemy/actor/lib/test/auto/Clock6.xml (RunModel)" time="0.02" />
  <testcase classname="ptolemy.util.test.junit.AutoTests" name="[66] /home/travis/build/icyphy/ptII/ptolemy/actor/lib/test/auto/Clock7.xml (RunModel)" time="0.012" />
  <testcase classname="ptolemy.util.test.junit.AutoTests" name="[67] /home/travis/build/icyphy/ptII/ptolemy/actor/lib/test/auto/Clock8.xml (RunModel)" time="0.019" />
  <testcase classname="ptolemy.util.test.junit.AutoTests" name="[68] /home/travis/build/icyphy/ptII/ptolemy/actor/lib/test/auto/Clock9.xml (RunModel)" time="0.019" />
  <testcase classname="ptolemy.util.test.junit.AutoTests" name="[69] /home/travis/build/icyphy/ptII/ptolemy/actor/lib/test/auto/CommDistDiscard.xml (RunModel)" time="0.028" />
  <testcase classname="ptolemy.util.test.junit.AutoTests" name="[70] /home/travis/build/icyphy/ptII/ptolemy/actor/lib/test/auto/Commutator.xml (RunModel)" time="0.017" />
  <testcase classname="ptolemy.util.test.junit.AutoTests" name="[71] /home/travis/build/icyphy/ptII/ptolemy/actor/lib/test/auto/Commutator2.xml (RunModel)" time="0.014" />
  <testcase classname="ptolemy.util.test.junit.AutoTests" name="[72] /home/travis/build/icyphy/ptII/ptolemy/actor/lib/test/auto/Commutator3.xml (RunModel)" time="0.02" />
  <testcase classname="ptolemy.util.test.junit.AutoTests" name="[73] /home/travis/build/icyphy/ptII/ptolemy/actor/lib/test/auto/Compare.xml (RunModel)" time="0.024" />
  <testcase classname="ptolemy.util.test.junit.AutoTests" name="[74] /home/travis/build/icyphy/ptII/ptolemy/actor/lib/test/auto/CompareDE.xml (RunModel)" time="0.023" />
  <testcase classname="ptolemy.util.test.junit.AutoTests" name="[75] /home/travis/build/icyphy/ptII/ptolemy/actor/lib/test/auto/ComplexDivide.xml (RunModel)" time="0.014" />
  <testcase classname="ptolemy.util.test.junit.AutoTests" name="[76] /home/travis/build/icyphy/ptII/ptolemy/actor/lib/test/auto/ComputeHistogram.xml (RunModel)" time="0.078" />
  <testcase classname="ptolemy.util.test.junit.AutoTests" name="[77] /home/travis/build/icyphy/ptII/ptolemy/actor/lib/test/auto/ConfigurationSelect.xml (RunModel)" time="0.023" />
  <testcase classname="ptolemy.util.test.junit.AutoTests" name="[78] /home/travis/build/icyphy/ptII/ptolemy/actor/lib/test/auto/ConfigurationSelect2.xml (RunModel)" time="0.02" />
  <testcase classname="ptolemy.util.test.junit.AutoTests" name="[79] /home/travis/build/icyphy/ptII/ptolemy/actor/lib/test/auto/ConfigurationSwitch.xml (RunModel)" time="0.028" />
  <testcase classname="ptolemy.util.test.junit.AutoTests" name="[80] /home/travis/build/icyphy/ptII/ptolemy/actor/lib/test/auto/ConfigurationSwitch2.xml (RunModel)" time="0.017" />
  <testcase classname="ptolemy.util.test.junit.AutoTests" name="[81] /home/travis/build/icyphy/ptII/ptolemy/actor/lib/test/auto/ConfigurationSwitchCloningBugWithClassRelationGroup.xml (RunModel)" time="0.016" />
  <testcase classname="ptolemy.util.test.junit.AutoTests" name="[82] /home/travis/build/icyphy/ptII/ptolemy/actor/lib/test/auto/ConfigurationSwitchSelectSDF.xml (RunModel)" time="0.014" />
  <testcase classname="ptolemy.util.test.junit.AutoTests" name="[83] /home/travis/build/icyphy/ptII/ptolemy/actor/lib/test/auto/ConfigurationSwitchSelectSDF2.xml (RunModel)" time="0.016" />
  <testcase classname="ptolemy.util.test.junit.AutoTests" name="[84] /home/travis/build/icyphy/ptII/ptolemy/actor/lib/test/auto/Const.xml (RunModel)" time="0.009" />
  <testcase classname="ptolemy.util.test.junit.AutoTests" name="[85] /home/travis/build/icyphy/ptII/ptolemy/actor/lib/test/auto/Const2.xml (RunModel)" time="0.01" />
  <testcase classname="ptolemy.util.test.junit.AutoTests" name="[86] /home/travis/build/icyphy/ptII/ptolemy/actor/lib/test/auto/Const3.xml (RunModel)" time="0.008" />
  <testcase classname="ptolemy.util.test.junit.AutoTests" name="[87] /home/travis/build/icyphy/ptII/ptolemy/actor/lib/test/auto/ConstantPublisherPort1.xml (RunModel)" time="0.028" />
  <testcase classname="ptolemy.util.test.junit.AutoTests" name="[88] /home/travis/build/icyphy/ptII/ptolemy/actor/lib/test/auto/ConstantPublisherPort2.xml (RunModel)" time="0.027" />
  <testcase classname="ptolemy.util.test.junit.AutoTests" name="[89] /home/travis/build/icyphy/ptII/ptolemy/actor/lib/test/auto/ConstantPublisherPort3.xml (RunModel)" time="0.021" />
  <testcase classname="ptolemy.util.test.junit.AutoTests" name="[90] /home/travis/build/icyphy/ptII/ptolemy/actor/lib/test/auto/ConstantPublisherPort4.xml (RunModel)" time="0.019" />
  <testcase classname="ptolemy.util.test.junit.AutoTests" name="[91] /home/travis/build/icyphy/ptII/ptolemy/actor/lib/test/auto/ConstantPublisherPort5.xml (RunModel)" time="0.047" />
  <testcase classname="ptolemy.util.test.junit.AutoTests" name="[92] /home/travis/build/icyphy/ptII/ptolemy/actor/lib/test/auto/ConstantPublisherPort6.xml (RunModel)" time="0.062" />
  <testcase classname="ptolemy.util.test.junit.AutoTests" name="[93] /home/travis/build/icyphy/ptII/ptolemy/actor/lib/test/auto/ConstantPublisherPort7.xml (RunModel)" time="0.031" />
  <testcase classname="ptolemy.util.test.junit.AutoTests" name="[94] /home/travis/build/icyphy/ptII/ptolemy/actor/lib/test/auto/ConstraintMonitor1.xml (RunModel)" time="0.037" />
  <testcase classname="ptolemy.util.test.junit.AutoTests" name="[95] /home/travis/build/icyphy/ptII/ptolemy/actor/lib/test/auto/ConstraintMonitor2.xml (RunModel)" time="0.017" />
  <testcase classname="ptolemy.util.test.junit.AutoTests" name="[96] /home/travis/build/icyphy/ptII/ptolemy/actor/lib/test/auto/ConstraintMonitor3.xml (RunModel)" time="0.018" />
  <testcase classname="ptolemy.util.test.junit.AutoTests" name="[97] /home/travis/build/icyphy/ptII/ptolemy/actor/lib/test/auto/ConstraintMonitor4.xml (RunModel)" time="0.012" />
  <testcase classname="ptolemy.util.test.junit.AutoTests" name="[98] /home/travis/build/icyphy/ptII/ptolemy/actor/lib/test/auto/ConstraintMonitor5.xml (RunModel)" time="0.011" />
  <testcase classname="ptolemy.util.test.junit.AutoTests" name="[99] /home/travis/build/icyphy/ptII/ptolemy/actor/lib/test/auto/ConstraintMonitor6.xml (RunModel)" time="0.023" />
  <testcase classname="ptolemy.util.test.junit.AutoTests" name="[100] /home/travis/build/icyphy/ptII/ptolemy/actor/lib/test/auto/ConstraintMonitor7.xml (RunModel)" time="0.017" />
  <testcase classname="ptolemy.util.test.junit.AutoTests" name="[101] /home/travis/build/icyphy/ptII/ptolemy/actor/lib/test/auto/ConstraintMonitor8.xml (RunModel)" time="0.019" />
  <testcase classname="ptolemy.util.test.junit.AutoTests" name="[102] /home/travis/build/icyphy/ptII/ptolemy/actor/lib/test/auto/Counter.xml (RunModel)" time="0.017" />
  <testcase classname="ptolemy.util.test.junit.AutoTests" name="[103] /home/travis/build/icyphy/ptII/ptolemy/actor/lib/test/auto/CurrentTimeSDF.xml (RunModel)" time="0.01" />
  <testcase classname="ptolemy.util.test.junit.AutoTests" name="[104] /home/travis/build/icyphy/ptII/ptolemy/actor/lib/test/auto/DB.xml (RunModel)" time="0.012" />
  <testcase classname="ptolemy.util.test.junit.AutoTests" name="[105] /home/travis/build/icyphy/ptII/ptolemy/actor/lib/test/auto/DBDE.xml (RunModel)" time="0.014" />
  <testcase classname="ptolemy.util.test.junit.AutoTests" name="[106] /home/travis/build/icyphy/ptII/ptolemy/actor/lib/test/auto/DateConstructor.xml (RunModel)" time="0.072" />
  <testcase classname="ptolemy.util.test.junit.AutoTests" name="[107] /home/travis/build/icyphy/ptII/ptolemy/actor/lib/test/auto/DelayTime.xml (RunModel)" time="0.02" />
  <testcase classname="ptolemy.util.test.junit.AutoTests" name="[108] /home/travis/build/icyphy/ptII/ptolemy/actor/lib/test/auto/Dictionary1.xml (RunModel)" time="0.024" />
  <testcase classname="ptolemy.util.test.junit.AutoTests" name="[109] /home/travis/build/icyphy/ptII/ptolemy/actor/lib/test/auto/Dictionary2.xml (RunModel)" time="0.019" />
  <testcase classname="ptolemy.util.test.junit.AutoTests" name="[110] /home/travis/build/icyphy/ptII/ptolemy/actor/lib/test/auto/Dictionary3.xml (RunModel)" time="0.016" />
  <testcase classname="ptolemy.util.test.junit.AutoTests" name="[111] /home/travis/build/icyphy/ptII/ptolemy/actor/lib/test/auto/Dictionary4.xml (RunModel)" time="0.02" />
  <testcase classname="ptolemy.util.test.junit.AutoTests" name="[112] /home/travis/build/icyphy/ptII/ptolemy/actor/lib/test/auto/Differential.xml (RunModel)" time="0.014" />
  <testcase classname="ptolemy.util.test.junit.AutoTests" name="[113] /home/travis/build/icyphy/ptII/ptolemy/actor/lib/test/auto/Director.xml (RunModel)" time="0.017" />
  <testcase classname="ptolemy.util.test.junit.AutoTests" name="[114] /home/travis/build/icyphy/ptII/ptolemy/actor/lib/test/auto/DiscreteClock.xml (RunModel)" time="0.01" />
  <testcase classname="ptolemy.util.test.junit.AutoTests" name="[115] /home/travis/build/icyphy/ptII/ptolemy/actor/lib/test/auto/DiscreteClock10.xml (RunModel)" time="0.018" />
  <testcase classname="ptolemy.util.test.junit.AutoTests" name="[116] /home/travis/build/icyphy/ptII/ptolemy/actor/lib/test/auto/DiscreteClock11.xml (RunModel)" time="0.013" />
  <testcase classname="ptolemy.util.test.junit.AutoTests" name="[117] /home/travis/build/icyphy/ptII/ptolemy/actor/lib/test/auto/DiscreteClock12.xml (RunModel)" time="0.016" />
  <testcase classname="ptolemy.util.test.junit.AutoTests" name="[118] /home/travis/build/icyphy/ptII/ptolemy/actor/lib/test/auto/DiscreteClock13.xml (RunModel)" time="0.017" />
  <testcase classname="ptolemy.util.test.junit.AutoTests" name="[119] /home/travis/build/icyphy/ptII/ptolemy/actor/lib/test/auto/DiscreteClock14.xml (RunModel)" time="0.016" />
  <testcase classname="ptolemy.util.test.junit.AutoTests" name="[120] /home/travis/build/icyphy/ptII/ptolemy/actor/lib/test/auto/DiscreteClock15.xml (RunModel)" time="0.016" />
  <testcase classname="ptolemy.util.test.junit.AutoTests" name="[121] /home/travis/build/icyphy/ptII/ptolemy/actor/lib/test/auto/DiscreteClock16.xml (RunModel)" time="0.046" />
  <testcase classname="ptolemy.util.test.junit.AutoTests" name="[122] /home/travis/build/icyphy/ptII/ptolemy/actor/lib/test/auto/DiscreteClock17.xml (RunModel)" time="0.041" />
  <testcase classname="ptolemy.util.test.junit.AutoTests" name="[123] /home/travis/build/icyphy/ptII/ptolemy/actor/lib/test/auto/DiscreteClock18.xml (RunModel)" time="0.047" />
  <testcase classname="ptolemy.util.test.junit.AutoTests" name="[124] /home/travis/build/icyphy/ptII/ptolemy/actor/lib/test/auto/DiscreteClock19.xml (RunModel)" time="0.046" />
  <testcase classname="ptolemy.util.test.junit.AutoTests" name="[125] /home/travis/build/icyphy/ptII/ptolemy/actor/lib/test/auto/DiscreteClock2.xml (RunModel)" time="0.011" />
  <testcase classname="ptolemy.util.test.junit.AutoTests" name="[126] /home/travis/build/icyphy/ptII/ptolemy/actor/lib/test/auto/DiscreteClock20.xml (RunModel)" time="0.023" />
  <testcase classname="ptolemy.util.test.junit.AutoTests" name="[127] /home/travis/build/icyphy/ptII/ptolemy/actor/lib/test/auto/DiscreteClock21.xml (RunModel)" time="0.025" />
  <testcase classname="ptolemy.util.test.junit.AutoTests" name="[128] /home/travis/build/icyphy/ptII/ptolemy/actor/lib/test/auto/DiscreteClock22.xml (RunModel)" time="0.017" />
  <testcase classname="ptolemy.util.test.junit.AutoTests" name="[129] /home/travis/build/icyphy/ptII/ptolemy/actor/lib/test/auto/DiscreteClock23.xml (RunModel)" time="0.024" />
  <testcase classname="ptolemy.util.test.junit.AutoTests" name="[130] /home/travis/build/icyphy/ptII/ptolemy/actor/lib/test/auto/DiscreteClock24.xml (RunModel)" time="0.02" />
  <testcase classname="ptolemy.util.test.junit.AutoTests" name="[131] /home/travis/build/icyphy/ptII/ptolemy/actor/lib/test/auto/DiscreteClock4.xml (RunModel)" time="0.014" />
  <testcase classname="ptolemy.util.test.junit.AutoTests" name="[132] /home/travis/build/icyphy/ptII/ptolemy/actor/lib/test/auto/DiscreteClock5.xml (RunModel)" time="0.01" />
  <testcase classname="ptolemy.util.test.junit.AutoTests" name="[133] /home/travis/build/icyphy/ptII/ptolemy/actor/lib/test/auto/DiscreteClock6.xml (RunModel)" time="0.012" />
  <testcase classname="ptolemy.util.test.junit.AutoTests" name="[134] /home/travis/build/icyphy/ptII/ptolemy/actor/lib/test/auto/DiscreteClock7.xml (RunModel)" time="0.013" />
  <testcase classname="ptolemy.util.test.junit.AutoTests" name="[135] /home/travis/build/icyphy/ptII/ptolemy/actor/lib/test/auto/DiscreteClock8.xml (RunModel)" time="0.061" />
  <testcase classname="ptolemy.util.test.junit.AutoTests" name="[136] /home/travis/build/icyphy/ptII/ptolemy/actor/lib/test/auto/DiscreteClock9.xml (RunModel)" time="0.015" />
  <testcase classname="ptolemy.util.test.junit.AutoTests" name="[137] /home/travis/build/icyphy/ptII/ptolemy/actor/lib/test/auto/DisplayArray.xml (RunModel)" time="0.011" />
  <testcase classname="ptolemy.util.test.junit.AutoTests" name="[138] /home/travis/build/icyphy/ptII/ptolemy/actor/lib/test/auto/Distributor.xml (RunModel)" time="0.01" />
  <testcase classname="ptolemy.util.test.junit.AutoTests" name="[139] /home/travis/build/icyphy/ptII/ptolemy/actor/lib/test/auto/Distributor2.xml (RunModel)" time="0.011" />
  <testcase classname="ptolemy.util.test.junit.AutoTests" name="[140] /home/travis/build/icyphy/ptII/ptolemy/actor/lib/test/auto/DownSample.xml (RunModel)" time="0.01" />
  <testcase classname="ptolemy.util.test.junit.AutoTests" name="[141] /home/travis/build/icyphy/ptII/ptolemy/actor/lib/test/auto/ElectronicUnitBase1.xml (RunModel)" time="0.06" />
  <testcase classname="ptolemy.util.test.junit.AutoTests" name="[142] /home/travis/build/icyphy/ptII/ptolemy/actor/lib/test/auto/ElementsToArray.xml (RunModel)" time="0.013" />
  <testcase classname="ptolemy.util.test.junit.AutoTests" name="[143] /home/travis/build/icyphy/ptII/ptolemy/actor/lib/test/auto/Equals.xml (RunModel)" time="0.017" />
  <testcase classname="ptolemy.util.test.junit.AutoTests" name="[144] /home/travis/build/icyphy/ptII/ptolemy/actor/lib/test/auto/Exec.xml (RunModel)" time="0.034" />
  <testcase classname="ptolemy.util.test.junit.AutoTests" name="[145] /home/travis/build/icyphy/ptII/ptolemy/actor/lib/test/auto/ExecEnvironment.xml (RunModel)" time="0.051" />
  <testcase classname="ptolemy.util.test.junit.AutoTests" name="[146] /home/travis/build/icyphy/ptII/ptolemy/actor/lib/test/auto/ExecNonZeroReturnOutput.xml (RunModel)" time="0.217" />
  <testcase classname="ptolemy.util.test.junit.AutoTests" name="[147] /home/travis/build/icyphy/ptII/ptolemy/actor/lib/test/auto/ExecRunDemos.xml (RunModel)" time="10.943" />
  <testcase classname="ptolemy.util.test.junit.AutoTests" name="[148] /home/travis/build/icyphy/ptII/ptolemy/actor/lib/test/auto/ExecStop.xml (RunModel)" time="5.043" />
  <testcase classname="ptolemy.util.test.junit.AutoTests" name="[149] /home/travis/build/icyphy/ptII/ptolemy/actor/lib/test/auto/ExecutionTimeSDF.xml (RunModel)" time="6.034" />
  <testcase classname="ptolemy.util.test.junit.AutoTests" name="[150] /home/travis/build/icyphy/ptII/ptolemy/actor/lib/test/auto/Expression1.xml (RunModel)" time="0.024" />
  <testcase classname="ptolemy.util.test.junit.AutoTests" name="[151] /home/travis/build/icyphy/ptII/ptolemy/actor/lib/test/auto/Expression10.xml (RunModel)" time="0.024" />
  <testcase classname="ptolemy.util.test.junit.AutoTests" name="[152] /home/travis/build/icyphy/ptII/ptolemy/actor/lib/test/auto/Expression11.xml (RunModel)" time="0.031" />
  <testcase classname="ptolemy.util.test.junit.AutoTests" name="[153] /home/travis/build/icyphy/ptII/ptolemy/actor/lib/test/auto/Expression12.xml (RunModel)" time="0.015" />
  <testcase classname="ptolemy.util.test.junit.AutoTests" name="[154] /home/travis/build/icyphy/ptII/ptolemy/actor/lib/test/auto/Expression13.xml (RunModel)" time="0.012" />
  <testcase classname="ptolemy.util.test.junit.AutoTests" name="[155] /home/travis/build/icyphy/ptII/ptolemy/actor/lib/test/auto/Expression14.xml (RunModel)" time="0.021" />
  <testcase classname="ptolemy.util.test.junit.AutoTests" name="[156] /home/travis/build/icyphy/ptII/ptolemy/actor/lib/test/auto/Expression15.xml (RunModel)" time="0.009" />
  <testcase classname="ptolemy.util.test.junit.AutoTests" name="[157] /home/travis/build/icyphy/ptII/ptolemy/actor/lib/test/auto/Expression16.xml (RunModel)" time="0.014" />
  <testcase classname="ptolemy.util.test.junit.AutoTests" name="[158] /home/travis/build/icyphy/ptII/ptolemy/actor/lib/test/auto/Expression17.xml (RunModel)" time="0.016" />
  <testcase classname="ptolemy.util.test.junit.AutoTests" name="[159] /home/travis/build/icyphy/ptII/ptolemy/actor/lib/test/auto/Expression18.xml (RunModel)" time="0.018" />
  <testcase classname="ptolemy.util.test.junit.AutoTests" name="[160] /home/travis/build/icyphy/ptII/ptolemy/actor/lib/test/auto/Expression2.xml (RunModel)" time="0.051" />
  <testcase classname="ptolemy.util.test.junit.AutoTests" name="[161] /home/travis/build/icyphy/ptII/ptolemy/actor/lib/test/auto/Expression3.xml (RunModel)" time="0.024" />
  <testcase classname="ptolemy.util.test.junit.AutoTests" name="[162] /home/travis/build/icyphy/ptII/ptolemy/actor/lib/test/auto/Expression4.xml (RunModel)" time="0.019" />
  <testcase classname="ptolemy.util.test.junit.AutoTests" name="[163] /home/travis/build/icyphy/ptII/ptolemy/actor/lib/test/auto/Expression5.xml (RunModel)" time="0.015" />
  <testcase classname="ptolemy.util.test.junit.AutoTests" name="[164] /home/travis/build/icyphy/ptII/ptolemy/actor/lib/test/auto/Expression6.xml (RunModel)" time="0.01" />
  <testcase classname="ptolemy.util.test.junit.AutoTests" name="[165] /home/travis/build/icyphy/ptII/ptolemy/actor/lib/test/auto/Expression7.xml (RunModel)" time="0.013" />
  <testcase classname="ptolemy.util.test.junit.AutoTests" name="[166] /home/travis/build/icyphy/ptII/ptolemy/actor/lib/test/auto/Expression8.xml (RunModel)" time="0.018" />
  <testcase classname="ptolemy.util.test.junit.AutoTests" name="[167] /home/travis/build/icyphy/ptII/ptolemy/actor/lib/test/auto/Expression9.xml (RunModel)" time="0.009" />
  <testcase classname="ptolemy.util.test.junit.AutoTests" name="[168] /home/travis/build/icyphy/ptII/ptolemy/actor/lib/test/auto/ExpressionConcatenateArrayType.xml (RunModel)" time="0.035" />
  <testcase classname="ptolemy.util.test.junit.AutoTests" name="[169] /home/travis/build/icyphy/ptII/ptolemy/actor/lib/test/auto/ExpressionConcatenateArrayType2.xml (RunModel)" time="0.024" />
  <testcase classname="ptolemy.util.test.junit.AutoTests" name="[170] /home/travis/build/icyphy/ptII/ptolemy/actor/lib/test/auto/ExpressionFix.xml (RunModel)" time="0.054" />
  <testcase classname="ptolemy.util.test.junit.AutoTests" name="[171] /home/travis/build/icyphy/ptII/ptolemy/actor/lib/test/auto/ExpressionFix2.xml (RunModel)" time="0.015" />
  <testcase classname="ptolemy.util.test.junit.AutoTests" name="[172] /home/travis/build/icyphy/ptII/ptolemy/actor/lib/test/auto/ExpressionFix3.xml (RunModel)" time="0.015" />
  <testcase classname="ptolemy.util.test.junit.AutoTests" name="[173] /home/travis/build/icyphy/ptII/ptolemy/actor/lib/test/auto/FileWriter1.xml (RunModel)" time="0.011" />
  <testcase classname="ptolemy.util.test.junit.AutoTests" name="[174] /home/travis/build/icyphy/ptII/ptolemy/actor/lib/test/auto/FileWriter2.xml (RunModel)" time="0.012" />
  <testcase classname="ptolemy.util.test.junit.AutoTests" name="[175] /home/travis/build/icyphy/ptII/ptolemy/actor/lib/test/auto/FileWriter3.xml (RunModel)" time="0.015" />
  <testcase classname="ptolemy.util.test.junit.AutoTests" name="[176] /home/travis/build/icyphy/ptII/ptolemy/actor/lib/test/auto/Gaussian.xml (RunModel)" time="0.013" />
  <testcase classname="ptolemy.util.test.junit.AutoTests" name="[177] /home/travis/build/icyphy/ptII/ptolemy/actor/lib/test/auto/Gaussian1.xml (RunModel)" time="0.021" />
  <testcase classname="ptolemy.util.test.junit.AutoTests" name="[178] /home/travis/build/icyphy/ptII/ptolemy/actor/lib/test/auto/Gaussian2.xml (RunModel)" time="0.023" />
  <testcase classname="ptolemy.util.test.junit.AutoTests" name="[179] /home/travis/build/icyphy/ptII/ptolemy/actor/lib/test/auto/GradientAdaptiveLattice.xml (RunModel)" time="0.018" />
  <testcase classname="ptolemy.util.test.junit.AutoTests" name="[180] /home/travis/build/icyphy/ptII/ptolemy/actor/lib/test/auto/IIR.xml (RunModel)" time="0.013" />
  <testcase classname="ptolemy.util.test.junit.AutoTests" name="[181] /home/travis/build/icyphy/ptII/ptolemy/actor/lib/test/auto/InputOutputTransparentPorts.xml (RunModel)" time="0.026" />
  <testcase classname="ptolemy.util.test.junit.AutoTests" name="[182] /home/travis/build/icyphy/ptII/ptolemy/actor/lib/test/auto/Interpolator.xml (RunModel)" time="0.015" />
  <testcase classname="ptolemy.util.test.junit.AutoTests" name="[183] /home/travis/build/icyphy/ptII/ptolemy/actor/lib/test/auto/InterpolatorFiringLimitDE.xml (RunModel)" time="0.014" />
  <testcase classname="ptolemy.util.test.junit.AutoTests" name="[184] /home/travis/build/icyphy/ptII/ptolemy/actor/lib/test/auto/Lattice.xml (RunModel)" time="0.01" />
  <testcase classname="ptolemy.util.test.junit.AutoTests" name="[185] /home/travis/build/icyphy/ptII/ptolemy/actor/lib/test/auto/LazyAOCTestLazy.xml (RunModel)" time="0.032" />
  <testcase classname="ptolemy.util.test.junit.AutoTests" name="[186] /home/travis/build/icyphy/ptII/ptolemy/actor/lib/test/auto/LazyAOCTestNonLazy.xml (RunModel)" time="0.044" />
  <testcase classname="ptolemy.util.test.junit.AutoTests" name="[187] /home/travis/build/icyphy/ptII/ptolemy/actor/lib/test/auto/LazyInnerClass.xml (RunModel)" time="0.053" />
  <testcase classname="ptolemy.util.test.junit.AutoTests" name="[188] /home/travis/build/icyphy/ptII/ptolemy/actor/lib/test/auto/LazyPubSub.xml (RunModel)" time="0.063" />
  <testcase classname="ptolemy.util.test.junit.AutoTests" name="[189] /home/travis/build/icyphy/ptII/ptolemy/actor/lib/test/auto/LazyPubSub2.xml (RunModel)" time="0.06" />
  <testcase classname="ptolemy.util.test.junit.AutoTests" name="[190] /home/travis/build/icyphy/ptII/ptolemy/actor/lib/test/auto/LazyPubSub3.xml (RunModel)" time="0.035" />
  <testcase classname="ptolemy.util.test.junit.AutoTests" name="[191] /home/travis/build/icyphy/ptII/ptolemy/actor/lib/test/auto/LazySubClassModel.xml (RunModel)" time="0.038" />
  <testcase classname="ptolemy.util.test.junit.AutoTests" name="[192] /home/travis/build/icyphy/ptII/ptolemy/actor/lib/test/auto/LevelCrossTest1.xml (RunModel)" time="0.011" />
  <testcase classname="ptolemy.util.test.junit.AutoTests" name="[193] /home/travis/build/icyphy/ptII/ptolemy/actor/lib/test/auto/LevelCrossTest10.xml (RunModel)" time="0.016" />
  <testcase classname="ptolemy.util.test.junit.AutoTests" name="[194] /home/travis/build/icyphy/ptII/ptolemy/actor/lib/test/auto/LevelCrossTest11.xml (RunModel)" time="0.024" />
  <testcase classname="ptolemy.util.test.junit.AutoTests" name="[195] /home/travis/build/icyphy/ptII/ptolemy/actor/lib/test/auto/LevelCrossTest12.xml (RunModel)" time="0.016" />
  <testcase classname="ptolemy.util.test.junit.AutoTests" name="[196] /home/travis/build/icyphy/ptII/ptolemy/actor/lib/test/auto/LevelCrossTest13.xml (RunModel)" time="0.015" />
  <testcase classname="ptolemy.util.test.junit.AutoTests" name="[197] /home/travis/build/icyphy/ptII/ptolemy/actor/lib/test/auto/LevelCrossTest2.xml (RunModel)" time="0.012" />
  <testcase classname="ptolemy.util.test.junit.AutoTests" name="[198] /home/travis/build/icyphy/ptII/ptolemy/actor/lib/test/auto/LevelCrossTest3.xml (RunModel)" time="0.015" />
  <testcase classname="ptolemy.util.test.junit.AutoTests" name="[199] /home/travis/build/icyphy/ptII/ptolemy/actor/lib/test/auto/LevelCrossTest4.xml (RunModel)" time="0.012" />
  <testcase classname="ptolemy.util.test.junit.AutoTests" name="[200] /home/travis/build/icyphy/ptII/ptolemy/actor/lib/test/auto/LevelCrossTest5.xml (RunModel)" time="0.017" />
  <testcase classname="ptolemy.util.test.junit.AutoTests" name="[201] /home/travis/build/icyphy/ptII/ptolemy/actor/lib/test/auto/LevelCrossTest6.xml (RunModel)" time="0.015" />
  <testcase classname="ptolemy.util.test.junit.AutoTests" name="[202] /home/travis/build/icyphy/ptII/ptolemy/actor/lib/test/auto/LevelCrossTest7.xml (RunModel)" time="0.023" />
  <testcase classname="ptolemy.util.test.junit.AutoTests" name="[203] /home/travis/build/icyphy/ptII/ptolemy/actor/lib/test/auto/LevelCrossTest8.xml (RunModel)" time="0.015" />
  <testcase classname="ptolemy.util.test.junit.AutoTests" name="[204] /home/travis/build/icyphy/ptII/ptolemy/actor/lib/test/auto/LevelCrossTest9.xml (RunModel)" time="0.016" />
  <testcase classname="ptolemy.util.test.junit.AutoTests" name="[205] /home/travis/build/icyphy/ptII/ptolemy/actor/lib/test/auto/LevinsonDurbin.xml (RunModel)" time="0.012" />
  <testcase classname="ptolemy.util.test.junit.AutoTests" name="[206] /home/travis/build/icyphy/ptII/ptolemy/actor/lib/test/auto/LevinsonDurbin2.xml (RunModel)" time="0.044" />
  <testcase classname="ptolemy.util.test.junit.AutoTests" name="[207] /home/travis/build/icyphy/ptII/ptolemy/actor/lib/test/auto/LevinsonDurbin3.xml (RunModel)" time="0.011" />
  <testcase classname="ptolemy.util.test.junit.AutoTests" name="[208] /home/travis/build/icyphy/ptII/ptolemy/actor/lib/test/auto/Limiter.xml (RunModel)" time="0.05" />
  <testcase classname="ptolemy.util.test.junit.AutoTests" name="[209] /home/travis/build/icyphy/ptII/ptolemy/actor/lib/test/auto/LinearDifferenceEquationSystem.xml (RunModel)" time="0.029" />
  <testcase classname="ptolemy.util.test.junit.AutoTests" name="[210] /home/travis/build/icyphy/ptII/ptolemy/actor/lib/test/auto/LookupTable.xml (RunModel)" time="0.011" />
  <testcase classname="ptolemy.util.test.junit.AutoTests" name="[211] /home/travis/build/icyphy/ptII/ptolemy/actor/lib/test/auto/MathFunction.xml (RunModel)" time="0.02" />
  <testcase classname="ptolemy.util.test.junit.AutoTests" name="[212] /home/travis/build/icyphy/ptII/ptolemy/actor/lib/test/auto/MathFunction2.xml (RunModel)" time="0.014" />
  <testcase classname="ptolemy.util.test.junit.AutoTests" name="[213] /home/travis/build/icyphy/ptII/ptolemy/actor/lib/test/auto/MathFunction3.xml (RunModel)" time="0.024" />
  <testcase classname="ptolemy.util.test.junit.AutoTests" name="[214] /home/travis/build/icyphy/ptII/ptolemy/actor/lib/test/auto/MatrixCropBoolean.xml (RunModel)" time="0.015" />
  <testcase classname="ptolemy.util.test.junit.AutoTests" name="[215] /home/travis/build/icyphy/ptII/ptolemy/actor/lib/test/auto/MatrixCropComplex.xml (RunModel)" time="0.01" />
  <testcase classname="ptolemy.util.test.junit.AutoTests" name="[216] /home/travis/build/icyphy/ptII/ptolemy/actor/lib/test/auto/MatrixCropDouble.xml (RunModel)" time="0.01" />
  <testcase classname="ptolemy.util.test.junit.AutoTests" name="[217] /home/travis/build/icyphy/ptII/ptolemy/actor/lib/test/auto/MatrixCropFix.xml (RunModel)" time="0.016" />
  <testcase classname="ptolemy.util.test.junit.AutoTests" name="[218] /home/travis/build/icyphy/ptII/ptolemy/actor/lib/test/auto/MatrixCropInt.xml (RunModel)" time="0.011" />
  <testcase classname="ptolemy.util.test.junit.AutoTests" name="[219] /home/travis/build/icyphy/ptII/ptolemy/actor/lib/test/auto/MatrixCropLong.xml (RunModel)" time="0.009" />
  <testcase classname="ptolemy.util.test.junit.AutoTests" name="[220] /home/travis/build/icyphy/ptII/ptolemy/actor/lib/test/auto/MatrixToArray.xml (RunModel)" time="0.06" />
  <testcase classname="ptolemy.util.test.junit.AutoTests" name="[221] /home/travis/build/icyphy/ptII/ptolemy/actor/lib/test/auto/MaxIndex.xml (RunModel)" time="0.019" />
  <testcase classname="ptolemy.util.test.junit.AutoTests" name="[222] /home/travis/build/icyphy/ptII/ptolemy/actor/lib/test/auto/Maximum.xml (RunModel)" time="0.02" />
  <testcase classname="ptolemy.util.test.junit.AutoTests" name="[223] /home/travis/build/icyphy/ptII/ptolemy/actor/lib/test/auto/MaximumComplex.xml (RunModel)" time="0.023" />
  <testcase classname="ptolemy.util.test.junit.AutoTests" name="[224] /home/travis/build/icyphy/ptII/ptolemy/actor/lib/test/auto/MethodCallTest.xml (RunModel)" time="0.026" />
  <testcase classname="ptolemy.util.test.junit.AutoTests" name="[225] /home/travis/build/icyphy/ptII/ptolemy/actor/lib/test/auto/Minimum.xml (RunModel)" time="0.018" />
  <testcase classname="ptolemy.util.test.junit.AutoTests" name="[226] /home/travis/build/icyphy/ptII/ptolemy/actor/lib/test/auto/MinimumComplex.xml (RunModel)" time="0.028" />
  <testcase classname="ptolemy.util.test.junit.AutoTests" name="[227] /home/travis/build/icyphy/ptII/ptolemy/actor/lib/test/auto/MinimumMultiports.xml (RunModel)" time="0.018" />
  <testcase classname="ptolemy.util.test.junit.AutoTests" name="[228] /home/travis/build/icyphy/ptII/ptolemy/actor/lib/test/auto/ModifyDate.xml (RunModel)" time="0.055" />
  <testcase classname="ptolemy.util.test.junit.AutoTests" name="[229] /home/travis/build/icyphy/ptII/ptolemy/actor/lib/test/auto/ModifyDate2.xml (RunModel)" time="0.034" />
  <testcase classname="ptolemy.util.test.junit.AutoTests" name="[230] /home/travis/build/icyphy/ptII/ptolemy/actor/lib/test/auto/MovingAverage.xml (RunModel)" time="0.021" />
  <testcase classname="ptolemy.util.test.junit.AutoTests" name="[231] /home/travis/build/icyphy/ptII/ptolemy/actor/lib/test/auto/MovingMaximum.xml (RunModel)" time="0.016" />
  <testcase classname="ptolemy.util.test.junit.AutoTests" name="[232] /home/travis/build/icyphy/ptII/ptolemy/actor/lib/test/auto/MultipleLinksToSameRelation.xml (RunModel)" time="0.011" />
  <testcase classname="ptolemy.util.test.junit.AutoTests" name="[233] /home/travis/build/icyphy/ptII/ptolemy/actor/lib/test/auto/MultipleLinksToSameRelationDE.xml (RunModel)" time="0.01" />
  <testcase classname="ptolemy.util.test.junit.AutoTests" name="[234] /home/travis/build/icyphy/ptII/ptolemy/actor/lib/test/auto/Multiplexor.xml (RunModel)" time="0.012" />
  <testcase classname="ptolemy.util.test.junit.AutoTests" name="[235] /home/travis/build/icyphy/ptII/ptolemy/actor/lib/test/auto/Multiplexor1.xml (RunModel)" time="0.015" />
  <testcase classname="ptolemy.util.test.junit.AutoTests" name="[236] /home/travis/build/icyphy/ptII/ptolemy/actor/lib/test/auto/Multiplexor2.xml (RunModel)" time="0.016" />
  <testcase classname="ptolemy.util.test.junit.AutoTests" name="[237] /home/travis/build/icyphy/ptII/ptolemy/actor/lib/test/auto/Multiplexor3.xml (RunModel)" time="0.01" />
  <testcase classname="ptolemy.util.test.junit.AutoTests" name="[238] /home/travis/build/icyphy/ptII/ptolemy/actor/lib/test/auto/MultiplexorDE.xml (RunModel)" time="0.024" />
  <testcase classname="ptolemy.util.test.junit.AutoTests" name="[239] /home/travis/build/icyphy/ptII/ptolemy/actor/lib/test/auto/MultiportBroadcastTest.xml (RunModel)" time="0.088" />
  <testcase classname="ptolemy.util.test.junit.AutoTests" name="[240] /home/travis/build/icyphy/ptII/ptolemy/actor/lib/test/auto/MultiportOutHangDuringGetWidth.xml (RunModel)" time="0.037" />
  <testcase classname="ptolemy.util.test.junit.AutoTests" name="[241] /home/travis/build/icyphy/ptII/ptolemy/actor/lib/test/auto/NilToken.xml (RunModel)" time="0.013" />
  <testcase classname="ptolemy.util.test.junit.AutoTests" name="[242] /home/travis/build/icyphy/ptII/ptolemy/actor/lib/test/auto/NilTokenNonStrictTest.xml (RunModel)" time="0.014" />
  <testcase classname="ptolemy.util.test.junit.AutoTests" name="[243] /home/travis/build/icyphy/ptII/ptolemy/actor/lib/test/auto/NilTokenRecord.xml (RunModel)" time="0.032" />
  <testcase classname="ptolemy.util.test.junit.AutoTests" name="[244] /home/travis/build/icyphy/ptII/ptolemy/actor/lib/test/auto/NilTokenTypeTest.xml (RunModel)" time="0.036" />
  <testcase classname="ptolemy.util.test.junit.AutoTests" name="[245] /home/travis/build/icyphy/ptII/ptolemy/actor/lib/test/auto/ObjectToken1.xml (RunModel)" time="0.012" />
  <testcase classname="ptolemy.util.test.junit.AutoTests" name="[246] /home/travis/build/icyphy/ptII/ptolemy/actor/lib/test/auto/OrderedMerge.xml (RunModel)" time="0.024" />
  <testcase classname="ptolemy.util.test.junit.AutoTests" name="[247] /home/travis/build/icyphy/ptII/ptolemy/actor/lib/test/auto/OrderedRecordDisassembler.xml (RunModel)" time="0.015" />
  <testcase classname="ptolemy.util.test.junit.AutoTests" name="[248] /home/travis/build/icyphy/ptII/ptolemy/actor/lib/test/auto/OrderedRecordDisassembler2.xml (RunModel)" time="0.019" />
  <testcase classname="ptolemy.util.test.junit.AutoTests" name="[249] /home/travis/build/icyphy/ptII/ptolemy/actor/lib/test/auto/OrderedRecordUpdater.xml (RunModel)" time="0.01" />
  <testcase classname="ptolemy.util.test.junit.AutoTests" name="[250] /home/travis/build/icyphy/ptII/ptolemy/actor/lib/test/auto/OrderedRecordUpdater2.xml (RunModel)" time="0.05" />
  <testcase classname="ptolemy.util.test.junit.AutoTests" name="[251] /home/travis/build/icyphy/ptII/ptolemy/actor/lib/test/auto/PhaseUnwrap.xml (RunModel)" time="0.012" />
  <testcase classname="ptolemy.util.test.junit.AutoTests" name="[252] /home/travis/build/icyphy/ptII/ptolemy/actor/lib/test/auto/PoissonClock.xml (RunModel)" time="0.01" />
  <testcase classname="ptolemy.util.test.junit.AutoTests" name="[253] /home/travis/build/icyphy/ptII/ptolemy/actor/lib/test/auto/PoissonClock2.xml (RunModel)" time="0.009" />
  <testcase classname="ptolemy.util.test.junit.AutoTests" name="[254] /home/travis/build/icyphy/ptII/ptolemy/actor/lib/test/auto/PoissonClock3.xml (RunModel)" time="0.015" />
  <testcase classname="ptolemy.util.test.junit.AutoTests" name="[255] /home/travis/build/icyphy/ptII/ptolemy/actor/lib/test/auto/PubSubWithInitialTokens.xml (RunModel)" time="0.018" />
  <testcase classname="ptolemy.util.test.junit.AutoTests" name="[256] /home/travis/build/icyphy/ptII/ptolemy/actor/lib/test/auto/PubSubWithInitialTokens2.xml (RunModel)" time="0.012" />
  <testcase classname="ptolemy.util.test.junit.AutoTests" name="[257] /home/travis/build/icyphy/ptII/ptolemy/actor/lib/test/auto/PublisherClassNoParameter.xml (RunModel)" time="0.021" />
  <testcase classname="ptolemy.util.test.junit.AutoTests" name="[258] /home/travis/build/icyphy/ptII/ptolemy/actor/lib/test/auto/PublisherClassParameter.xml (RunModel)" time="0.022" />
  <testcase classname="ptolemy.util.test.junit.AutoTests" name="[259] /home/travis/build/icyphy/ptII/ptolemy/actor/lib/test/auto/PublisherNonStrictTest.xml (RunModel)" time="0.016" />
  <testcase classname="ptolemy.util.test.junit.AutoTests" name="[260] /home/travis/build/icyphy/ptII/ptolemy/actor/lib/test/auto/PublisherPort1.xml (RunModel)" time="0.012" />
  <testcase classname="ptolemy.util.test.junit.AutoTests" name="[261] /home/travis/build/icyphy/ptII/ptolemy/actor/lib/test/auto/PublisherPort2.xml (RunModel)" time="0.01" />
  <testcase classname="ptolemy.util.test.junit.AutoTests" name="[262] /home/travis/build/icyphy/ptII/ptolemy/actor/lib/test/auto/PublisherPort3.xml (RunModel)" time="0.025" />
  <testcase classname="ptolemy.util.test.junit.AutoTests" name="[263] /home/travis/build/icyphy/ptII/ptolemy/actor/lib/test/auto/PublisherPort4.xml (RunModel)" time="0.015" />
  <testcase classname="ptolemy.util.test.junit.AutoTests" name="[264] /home/travis/build/icyphy/ptII/ptolemy/actor/lib/test/auto/PublisherPort5.xml (RunModel)" time="0.017" />
  <testcase classname="ptolemy.util.test.junit.AutoTests" name="[265] /home/travis/build/icyphy/ptII/ptolemy/actor/lib/test/auto/PublisherPort5LookAlike.xml (RunModel)" time="0.025" />
  <testcase classname="ptolemy.util.test.junit.AutoTests" name="[266] /home/travis/build/icyphy/ptII/ptolemy/actor/lib/test/auto/PublisherPort6.xml (RunModel)" time="0.014" />
  <testcase classname="ptolemy.util.test.junit.AutoTests" name="[267] /home/travis/build/icyphy/ptII/ptolemy/actor/lib/test/auto/PublisherPort7.xml (RunModel)" time="0.018" />
  <testcase classname="ptolemy.util.test.junit.AutoTests" name="[268] /home/travis/build/icyphy/ptII/ptolemy/actor/lib/test/auto/PublisherPort8.xml (RunModel)" time="0.019" />
  <testcase classname="ptolemy.util.test.junit.AutoTests" name="[269] /home/travis/build/icyphy/ptII/ptolemy/actor/lib/test/auto/PublisherPortSubscriberChannelVariablesAOC2.xml (RunModel)" time="0.036" />
  <testcase classname="ptolemy.util.test.junit.AutoTests" name="[270] /home/travis/build/icyphy/ptII/ptolemy/actor/lib/test/auto/PublisherPortSubscriberOpaqueWidthInference.xml (RunModel)" time="0.017" />
  <testcase classname="ptolemy.util.test.junit.AutoTests" name="[271] /home/travis/build/icyphy/ptII/ptolemy/actor/lib/test/auto/PublisherPortSubscriberPortAdjacent.xml (RunModel)" time="0.02" />
  <testcase classname="ptolemy.util.test.junit.AutoTests" name="[272] /home/travis/build/icyphy/ptII/ptolemy/actor/lib/test/auto/PublisherPortSubscriberPortExpression.xml (RunModel)" time="0.017" />
  <testcase classname="ptolemy.util.test.junit.AutoTests" name="[273] /home/travis/build/icyphy/ptII/ptolemy/actor/lib/test/auto/PublisherPortSubscriberPortOpaqueD3Reverse.xml (RunModel)" time="0.021" />
  <testcase classname="ptolemy.util.test.junit.AutoTests" name="[274] /home/travis/build/icyphy/ptII/ptolemy/actor/lib/test/auto/PublisherPortSubscriberPortOpaqueWidthInference.xml (RunModel)" time="0.016" />
  <testcase classname="ptolemy.util.test.junit.AutoTests" name="[275] /home/travis/build/icyphy/ptII/ptolemy/actor/lib/test/auto/PublisherPortToplevelSubscriberPortAOC.xml (RunModel)" time="0.012" />
  <testcase classname="ptolemy.util.test.junit.AutoTests" name="[276] /home/travis/build/icyphy/ptII/ptolemy/actor/lib/test/auto/PublisherSubscriber.xml (RunModel)" time="0.014" />
  <testcase classname="ptolemy.util.test.junit.AutoTests" name="[277] /home/travis/build/icyphy/ptII/ptolemy/actor/lib/test/auto/PublisherSubscriber10.xml (RunModel)" time="0.026" />
  <testcase classname="ptolemy.util.test.junit.AutoTests" name="[278] /home/travis/build/icyphy/ptII/ptolemy/actor/lib/test/auto/PublisherSubscriber10InitialOutputs.xml (RunModel)" time="0.035" />
  <testcase classname="ptolemy.util.test.junit.AutoTests" name="[279] /home/travis/build/icyphy/ptII/ptolemy/actor/lib/test/auto/PublisherSubscriber11.xml (RunModel)" time="0.023" />
  <testcase classname="ptolemy.util.test.junit.AutoTests" name="[280] /home/travis/build/icyphy/ptII/ptolemy/actor/lib/test/auto/PublisherSubscriber12.xml (RunModel)" time="0.016" />
  <testcase classname="ptolemy.util.test.junit.AutoTests" name="[281] /home/travis/build/icyphy/ptII/ptolemy/actor/lib/test/auto/PublisherSubscriber13.xml (RunModel)" time="0.011" />
  <testcase classname="ptolemy.util.test.junit.AutoTests" name="[282] /home/travis/build/icyphy/ptII/ptolemy/actor/lib/test/auto/PublisherSubscriber14.xml (RunModel)" time="0.023" />
  <testcase classname="ptolemy.util.test.junit.AutoTests" name="[283] /home/travis/build/icyphy/ptII/ptolemy/actor/lib/test/auto/PublisherSubscriber2.xml (RunModel)" time="0.011" />
  <testcase classname="ptolemy.util.test.junit.AutoTests" name="[284] /home/travis/build/icyphy/ptII/ptolemy/actor/lib/test/auto/PublisherSubscriber3.xml (RunModel)" time="0.014" />
  <testcase classname="ptolemy.util.test.junit.AutoTests" name="[285] /home/travis/build/icyphy/ptII/ptolemy/actor/lib/test/auto/PublisherSubscriber4.xml (RunModel)" time="0.012" />
  <testcase classname="ptolemy.util.test.junit.AutoTests" name="[286] /home/travis/build/icyphy/ptII/ptolemy/actor/lib/test/auto/PublisherSubscriber5.xml (RunModel)" time="0.013" />
  <testcase classname="ptolemy.util.test.junit.AutoTests" name="[287] /home/travis/build/icyphy/ptII/ptolemy/actor/lib/test/auto/PublisherSubscriber6.xml (RunModel)" time="0.016" />
  <testcase classname="ptolemy.util.test.junit.AutoTests" name="[288] /home/travis/build/icyphy/ptII/ptolemy/actor/lib/test/auto/PublisherSubscriber7.xml (RunModel)" time="0.017" />
  <testcase classname="ptolemy.util.test.junit.AutoTests" name="[289] /home/travis/build/icyphy/ptII/ptolemy/actor/lib/test/auto/PublisherSubscriber8.xml (RunModel)" time="0.062" />
  <testcase classname="ptolemy.util.test.junit.AutoTests" name="[290] /home/travis/build/icyphy/ptII/ptolemy/actor/lib/test/auto/PublisherSubscriber9.xml (RunModel)" time="0.018" />
  <testcase classname="ptolemy.util.test.junit.AutoTests" name="[291] /home/travis/build/icyphy/ptII/ptolemy/actor/lib/test/auto/PublisherSubscriberAdjacent.xml (RunModel)" time="0.019" />
  <testcase classname="ptolemy.util.test.junit.AutoTests" name="[292] /home/travis/build/icyphy/ptII/ptolemy/actor/lib/test/auto/PublisherSubscriberChannelVariablesAOC2.xml (RunModel)" time="0.026" />
  <testcase classname="ptolemy.util.test.junit.AutoTests" name="[293] /home/travis/build/icyphy/ptII/ptolemy/actor/lib/test/auto/PublisherSubscriberD3.xml (RunModel)" time="0.012" />
  <testcase classname="ptolemy.util.test.junit.AutoTests" name="[294] /home/travis/build/icyphy/ptII/ptolemy/actor/lib/test/auto/PublisherSubscriberD3Reverse.xml (RunModel)" time="0.016" />
  <testcase classname="ptolemy.util.test.junit.AutoTests" name="[295] /home/travis/build/icyphy/ptII/ptolemy/actor/lib/test/auto/PublisherSubscriberExpression.xml (RunModel)" time="0.017" />
  <testcase classname="ptolemy.util.test.junit.AutoTests" name="[296] /home/travis/build/icyphy/ptII/ptolemy/actor/lib/test/auto/PublisherSubscriberOpaque.xml (RunModel)" time="0.017" />
  <testcase classname="ptolemy.util.test.junit.AutoTests" name="[297] /home/travis/build/icyphy/ptII/ptolemy/actor/lib/test/auto/PublisherSubscriberOpaqueD3.xml (RunModel)" time="0.025" />
  <testcase classname="ptolemy.util.test.junit.AutoTests" name="[298] /home/travis/build/icyphy/ptII/ptolemy/actor/lib/test/auto/PublisherSubscriberOpaqueD3Reverse.xml (RunModel)" time="0.024" />
  <testcase classname="ptolemy.util.test.junit.AutoTests" name="[299] /home/travis/build/icyphy/ptII/ptolemy/actor/lib/test/auto/PublisherSubscriberOpaqueWidthInference.xml (RunModel)" time="0.017" />
  <testcase classname="ptolemy.util.test.junit.AutoTests" name="[300] /home/travis/build/icyphy/ptII/ptolemy/actor/lib/test/auto/PublisherTestSubscriber.xml (RunModel)" time="0.017" />
  <testcase classname="ptolemy.util.test.junit.AutoTests" name="[301] /home/travis/build/icyphy/ptII/ptolemy/actor/lib/test/auto/PublisherToplevelSubscriberPortAOC.xml (RunModel)" time="0.011" />
  <testcase classname="ptolemy.util.test.junit.AutoTests" name="[302] /home/travis/build/icyphy/ptII/ptolemy/actor/lib/test/auto/PulseFiringLimitDE.xml (RunModel)" time="0.013" />
  <testcase classname="ptolemy.util.test.junit.AutoTests" name="[303] /home/travis/build/icyphy/ptII/ptolemy/actor/lib/test/auto/Ramp1.xml (RunModel)" time="0.008" />
  <testcase classname="ptolemy.util.test.junit.AutoTests" name="[304] /home/travis/build/icyphy/ptII/ptolemy/actor/lib/test/auto/RampFiringLimitDE.xml (RunModel)" time="0.013" />
  <testcase classname="ptolemy.util.test.junit.AutoTests" name="[305] /home/travis/build/icyphy/ptII/ptolemy/actor/lib/test/auto/RampFiringLimitSDF.xml (RunModel)" time="0.01" />
  <testcase classname="ptolemy.util.test.junit.AutoTests" name="[306] /home/travis/build/icyphy/ptII/ptolemy/actor/lib/test/auto/RandomInteger.xml (RunModel)" time="0.009" />
  <testcase classname="ptolemy.util.test.junit.AutoTests" name="[307] /home/travis/build/icyphy/ptII/ptolemy/actor/lib/test/auto/ReadFile1.xml (RunModel)" time="0.008" />
  <testcase classname="ptolemy.util.test.junit.AutoTests" name="[308] /home/travis/build/icyphy/ptII/ptolemy/actor/lib/test/auto/ReadFile2.xml (RunModel)" time="0.008" />
  <testcase classname="ptolemy.util.test.junit.AutoTests" name="[309] /home/travis/build/icyphy/ptII/ptolemy/actor/lib/test/auto/Reader.xml (RunModel)" time="0.01" />
  <testcase classname="ptolemy.util.test.junit.AutoTests" name="[310] /home/travis/build/icyphy/ptII/ptolemy/actor/lib/test/auto/RecordAssemblerDisplayNameTest.xml (RunModel)" time="3.962" />
  <testcase classname="ptolemy.util.test.junit.AutoTests" name="[311] /home/travis/build/icyphy/ptII/ptolemy/actor/lib/test/auto/RecordAssemblerTypeError.xml (RunModel)" time="0.028" />
  <testcase classname="ptolemy.util.test.junit.AutoTests" name="[312] /home/travis/build/icyphy/ptII/ptolemy/actor/lib/test/auto/RecordDisassember.xml (RunModel)" time="0.01" />
  <testcase classname="ptolemy.util.test.junit.AutoTests" name="[313] /home/travis/build/icyphy/ptII/ptolemy/actor/lib/test/auto/RecordDisassemberDisplayNameTest.xml (RunModel)" time="0.019" />
  <testcase classname="ptolemy.util.test.junit.AutoTests" name="[314] /home/travis/build/icyphy/ptII/ptolemy/actor/lib/test/auto/RecordDisassembler.xml (RunModel)" time="0.009" />
  <testcase classname="ptolemy.util.test.junit.AutoTests" name="[315] /home/travis/build/icyphy/ptII/ptolemy/actor/lib/test/auto/RecordDisassembler2.xml (RunModel)" time="0.011" />
  <testcase classname="ptolemy.util.test.junit.AutoTests" name="[316] /home/travis/build/icyphy/ptII/ptolemy/actor/lib/test/auto/RecordUpdater.xml (RunModel)" time="0.01" />
  <testcase classname="ptolemy.util.test.junit.AutoTests" name="[317] /home/travis/build/icyphy/ptII/ptolemy/actor/lib/test/auto/RecordUpdater2.xml (RunModel)" time="0.012" />
  <testcase classname="ptolemy.util.test.junit.AutoTests" name="[318] /home/travis/build/icyphy/ptII/ptolemy/actor/lib/test/auto/RecursiveLattice.xml (RunModel)" time="0.01" />
  <testcase classname="ptolemy.util.test.junit.AutoTests" name="[319] /home/travis/build/icyphy/ptII/ptolemy/actor/lib/test/auto/Router.xml (RunModel)" time="3.025" />
  <testcase classname="ptolemy.util.test.junit.AutoTests" name="[320] /home/travis/build/icyphy/ptII/ptolemy/actor/lib/test/auto/Router2.xml (RunModel)" time="3.041" />
  <testcase classname="ptolemy.util.test.junit.AutoTests" name="[321] /home/travis/build/icyphy/ptII/ptolemy/actor/lib/test/auto/RunningMaximum.xml (RunModel)" time="0.015" />
  <testcase classname="ptolemy.util.test.junit.AutoTests" name="[322] /home/travis/build/icyphy/ptII/ptolemy/actor/lib/test/auto/RunningMinimum.xml (RunModel)" time="0.025" />
  <testcase classname="ptolemy.util.test.junit.AutoTests" name="[323] /home/travis/build/icyphy/ptII/ptolemy/actor/lib/test/auto/Scale.xml (RunModel)" time="0.016" />
  <testcase classname="ptolemy.util.test.junit.AutoTests" name="[324] /home/travis/build/icyphy/ptII/ptolemy/actor/lib/test/auto/Scale2.xml (RunModel)" time="0.011" />
  <testcase classname="ptolemy.util.test.junit.AutoTests" name="[325] /home/travis/build/icyphy/ptII/ptolemy/actor/lib/test/auto/Scale3.xml (RunModel)" time="0.019" />
  <testcase classname="ptolemy.util.test.junit.AutoTests" name="[326] /home/travis/build/icyphy/ptII/ptolemy/actor/lib/test/auto/ScaleArray.xml (RunModel)" time="0.008" />
  <testcase classname="ptolemy.util.test.junit.AutoTests" name="[327] /home/travis/build/icyphy/ptII/ptolemy/actor/lib/test/auto/ScaleArray2.xml (RunModel)" time="0.011" />
  <testcase classname="ptolemy.util.test.junit.AutoTests" name="[328] /home/travis/build/icyphy/ptII/ptolemy/actor/lib/test/auto/ScaleMatrix.xml (RunModel)" time="0.171" />
  <testcase classname="ptolemy.util.test.junit.AutoTests" name="[329] /home/travis/build/icyphy/ptII/ptolemy/actor/lib/test/auto/Select.xml (RunModel)" time="0.024" />
  <testcase classname="ptolemy.util.test.junit.AutoTests" name="[330] /home/travis/build/icyphy/ptII/ptolemy/actor/lib/test/auto/Select2.xml (RunModel)" time="0.011" />
  <testcase classname="ptolemy.util.test.junit.AutoTests" name="[331] /home/travis/build/icyphy/ptII/ptolemy/actor/lib/test/auto/SequenceToArray2.xml (RunModel)" time="0.133" />
  <testcase classname="ptolemy.util.test.junit.AutoTests" name="[332] /home/travis/build/icyphy/ptII/ptolemy/actor/lib/test/auto/SequentialClock.xml (RunModel)" time="0.014" />
  <testcase classname="ptolemy.util.test.junit.AutoTests" name="[333] /home/travis/build/icyphy/ptII/ptolemy/actor/lib/test/auto/SetVariable.xml (RunModel)" time="0.01" />
  <testcase classname="ptolemy.util.test.junit.AutoTests" name="[334] /home/travis/build/icyphy/ptII/ptolemy/actor/lib/test/auto/SetVariable2.xml (RunModel)" time="0.011" />
  <testcase classname="ptolemy.util.test.junit.AutoTests" name="[335] /home/travis/build/icyphy/ptII/ptolemy/actor/lib/test/auto/SetVariable3.xml (RunModel)" time="0.018" />
  <testcase classname="ptolemy.util.test.junit.AutoTests" name="[336] /home/travis/build/icyphy/ptII/ptolemy/actor/lib/test/auto/SetVariable4.xml (RunModel)" time="0.025" />
  <testcase classname="ptolemy.util.test.junit.AutoTests" name="[337] /home/travis/build/icyphy/ptII/ptolemy/actor/lib/test/auto/SetVariable5.xml (RunModel)" time="0.041" />
  <testcase classname="ptolemy.util.test.junit.AutoTests" name="[338] /home/travis/build/icyphy/ptII/ptolemy/actor/lib/test/auto/Sinewave.xml (RunModel)" time="0.036" />
  <testcase classname="ptolemy.util.test.junit.AutoTests" name="[339] /home/travis/build/icyphy/ptII/ptolemy/actor/lib/test/auto/Sinewave2.xml (RunModel)" time="0.017" />
  <testcase classname="ptolemy.util.test.junit.AutoTests" name="[340] /home/travis/build/icyphy/ptII/ptolemy/actor/lib/test/auto/Sinewave3.xml (RunModel)" time="0.023" />
  <testcase classname="ptolemy.util.test.junit.AutoTests" name="[341] /home/travis/build/icyphy/ptII/ptolemy/actor/lib/test/auto/SingleEvent.xml (RunModel)" time="0.008" />
  <testcase classname="ptolemy.util.test.junit.AutoTests" name="[342] /home/travis/build/icyphy/ptII/ptolemy/actor/lib/test/auto/Sleep.xml (RunModel)" time="6.025" />
  <testcase classname="ptolemy.util.test.junit.AutoTests" name="[343] /home/travis/build/icyphy/ptII/ptolemy/actor/lib/test/auto/SleepMultipleFire.xml (RunModel)" time="1.029" />
  <testcase classname="ptolemy.util.test.junit.AutoTests" name="[344] /home/travis/build/icyphy/ptII/ptolemy/actor/lib/test/auto/StopDE.xml (RunModel)" time="0.02" />
  <testcase classname="ptolemy.util.test.junit.AutoTests" name="[345] /home/travis/build/icyphy/ptII/ptolemy/actor/lib/test/auto/StopSDF.xml (RunModel)" time="0.013" />
  <testcase classname="ptolemy.util.test.junit.AutoTests" name="[346] /home/travis/build/icyphy/ptII/ptolemy/actor/lib/test/auto/StringConstant.xml (RunModel)" time="0.017" />
  <testcase classname="ptolemy.util.test.junit.AutoTests" name="[347] /home/travis/build/icyphy/ptII/ptolemy/actor/lib/test/auto/SubscriberPortInitialValues1.xml (RunModel)" time="0.027" />
  <testcase classname="ptolemy.util.test.junit.AutoTests" name="[348] /home/travis/build/icyphy/ptII/ptolemy/actor/lib/test/auto/SubscriberPortInitialValues13.xml (RunModel)" time="0.05" />
  <testcase classname="ptolemy.util.test.junit.AutoTests" name="[349] /home/travis/build/icyphy/ptII/ptolemy/actor/lib/test/auto/SubscriberPortInitialValues14.xml (RunModel)" time="0.015" />
  <testcase classname="ptolemy.util.test.junit.AutoTests" name="[350] /home/travis/build/icyphy/ptII/ptolemy/actor/lib/test/auto/SubscriberPortInitialValues2.xml (RunModel)" time="0.016" />
  <testcase classname="ptolemy.util.test.junit.AutoTests" name="[351] /home/travis/build/icyphy/ptII/ptolemy/actor/lib/test/auto/SubscriberPortInitialValues3.xml (RunModel)" time="0.022" />
  <testcase classname="ptolemy.util.test.junit.AutoTests" name="[352] /home/travis/build/icyphy/ptII/ptolemy/actor/lib/test/auto/SubscriptionAggregator.xml (RunModel)" time="0.013" />
  <testcase classname="ptolemy.util.test.junit.AutoTests" name="[353] /home/travis/build/icyphy/ptII/ptolemy/actor/lib/test/auto/SubscriptionAggregator2.xml (RunModel)" time="0.039" />
  <testcase classname="ptolemy.util.test.junit.AutoTests" name="[354] /home/travis/build/icyphy/ptII/ptolemy/actor/lib/test/auto/SubscriptionAggregator3.xml (RunModel)" time="0.019" />
  <testcase classname="ptolemy.util.test.junit.AutoTests" name="[355] /home/travis/build/icyphy/ptII/ptolemy/actor/lib/test/auto/SubscriptionAggregatorMultiply.xml (RunModel)" time="0.023" />
  <testcase classname="ptolemy.util.test.junit.AutoTests" name="[356] /home/travis/build/icyphy/ptII/ptolemy/actor/lib/test/auto/SubscriptionAggregatorPortMultiply1.xml (RunModel)" time="0.021" />
  <testcase classname="ptolemy.util.test.junit.AutoTests" name="[357] /home/travis/build/icyphy/ptII/ptolemy/actor/lib/test/auto/Switch.xml (RunModel)" time="0.021" />
  <testcase classname="ptolemy.util.test.junit.AutoTests" name="[358] /home/travis/build/icyphy/ptII/ptolemy/actor/lib/test/auto/Switch2.xml (RunModel)" time="0.014" />
  <testcase classname="ptolemy.util.test.junit.AutoTests" name="[359] /home/travis/build/icyphy/ptII/ptolemy/actor/lib/test/auto/SwitchDE.xml (RunModel)" time="0.013" />
  <testcase classname="ptolemy.util.test.junit.AutoTests" name="[360] /home/travis/build/icyphy/ptII/ptolemy/actor/lib/test/auto/SynchronizerDE.xml (RunModel)" time="0.03" />
  <testcase classname="ptolemy.util.test.junit.AutoTests" name="[361] /home/travis/build/icyphy/ptII/ptolemy/actor/lib/test/auto/Test.xml (RunModel)" time="0.008" />
  <testcase classname="ptolemy.util.test.junit.AutoTests" name="[362] /home/travis/build/icyphy/ptII/ptolemy/actor/lib/test/auto/TestExceptionAttribute1.xml (RunModel)" time="0.008" />
  <testcase classname="ptolemy.util.test.junit.AutoTests" name="[363] /home/travis/build/icyphy/ptII/ptolemy/actor/lib/test/auto/TestExceptionAttribute2.xml (RunModel)" time="0.012" />
  <testcase classname="ptolemy.util.test.junit.AutoTests" name="[364] /home/travis/build/icyphy/ptII/ptolemy/actor/lib/test/auto/TestExceptionAttribute3.xml (RunModel)" time="0.012" />
  <testcase classname="ptolemy.util.test.junit.AutoTests" name="[365] /home/travis/build/icyphy/ptII/ptolemy/actor/lib/test/auto/TestExceptionAttribute4.xml (RunModel)" time="0.007" />
  <testcase classname="ptolemy.util.test.junit.AutoTests" name="[366] /home/travis/build/icyphy/ptII/ptolemy/actor/lib/test/auto/TestExceptionHandler1.xml (RunModel)" time="0.007" />
  <testcase classname="ptolemy.util.test.junit.AutoTests" name="[367] /home/travis/build/icyphy/ptII/ptolemy/actor/lib/test/auto/TestExceptionHandler2.xml (RunModel)" time="0.013" />
  <testcase classname="ptolemy.util.test.junit.AutoTests" name="[368] /home/travis/build/icyphy/ptII/ptolemy/actor/lib/test/auto/TestExceptionHandler3.xml (RunModel)" time="0.006" />
  <testcase classname="ptolemy.util.test.junit.AutoTests" name="[369] /home/travis/build/icyphy/ptII/ptolemy/actor/lib/test/auto/TestExceptionHandler4.xml (RunModel)" time="0.005" />
  <testcase classname="ptolemy.util.test.junit.AutoTests" name="[370] /home/travis/build/icyphy/ptII/ptolemy/actor/lib/test/auto/TestRequireCorrectOrder.xml (RunModel)" time="0.01" />
  <testcase classname="ptolemy.util.test.junit.AutoTests" name="[371] /home/travis/build/icyphy/ptII/ptolemy/actor/lib/test/auto/TestSimple.xml (RunModel)" time="0.007" />
  <testcase classname="ptolemy.util.test.junit.AutoTests" name="[372] /home/travis/build/icyphy/ptII/ptolemy/actor/lib/test/auto/ThrowModelError.xml (RunModel)" time="0.011" />
  <testcase classname="ptolemy.util.test.junit.AutoTests" name="[373] /home/travis/build/icyphy/ptII/ptolemy/actor/lib/test/auto/TimeDelayMicrosteps.xml (RunModel)" time="0.014" />
  <testcase classname="ptolemy.util.test.junit.AutoTests" name="[374] /home/travis/build/icyphy/ptII/ptolemy/actor/lib/test/auto/TimeDelayMicrosteps2.xml (RunModel)" time="0.014" />
  <testcase classname="ptolemy.util.test.junit.AutoTests" name="[375] /home/travis/build/icyphy/ptII/ptolemy/actor/lib/test/auto/TimeDelayMicrosteps3.xml (RunModel)" time="0.013" />
  <testcase classname="ptolemy.util.test.junit.AutoTests" name="[376] /home/travis/build/icyphy/ptII/ptolemy/actor/lib/test/auto/TimeDelayVariableMicrosteps.xml (RunModel)" time="0.013" />
  <testcase classname="ptolemy.util.test.junit.AutoTests" name="[377] /home/travis/build/icyphy/ptII/ptolemy/actor/lib/test/auto/TimeGap.xml (RunModel)" time="0.014" />
  <testcase classname="ptolemy.util.test.junit.AutoTests" name="[378] /home/travis/build/icyphy/ptII/ptolemy/actor/lib/test/auto/TimeGap2.xml (RunModel)" time="0.014" />
  <testcase classname="ptolemy.util.test.junit.AutoTests" name="[379] /home/travis/build/icyphy/ptII/ptolemy/actor/lib/test/auto/TimedSinewave.xml (RunModel)" time="0.053" />
  <testcase classname="ptolemy.util.test.junit.AutoTests" name="[380] /home/travis/build/icyphy/ptII/ptolemy/actor/lib/test/auto/TimedSinewavePhase.xml (RunModel)" time="0.036" />
  <testcase classname="ptolemy.util.test.junit.AutoTests" name="[381] /home/travis/build/icyphy/ptII/ptolemy/actor/lib/test/auto/Timer.xml (RunModel)" time="0.015" />
  <testcase classname="ptolemy.util.test.junit.AutoTests" name="[382] /home/travis/build/icyphy/ptII/ptolemy/actor/lib/test/auto/TriangularDistTestModel.xml (RunModel)" time="0.022" />
  <testcase classname="ptolemy.util.test.junit.AutoTests" name="[383] /home/travis/build/icyphy/ptII/ptolemy/actor/lib/test/auto/TrigFunction.xml (RunModel)" time="0.009" />
  <testcase classname="ptolemy.util.test.junit.AutoTests" name="[384] /home/travis/build/icyphy/ptII/ptolemy/actor/lib/test/auto/TrigFunctionDE.xml (RunModel)" time="0.013" />
  <testcase classname="ptolemy.util.test.junit.AutoTests" name="[385] /home/travis/build/icyphy/ptII/ptolemy/actor/lib/test/auto/TrigFunctionInverse.xml (RunModel)" time="0.01" />
  <testcase classname="ptolemy.util.test.junit.AutoTests" name="[386] /home/travis/build/icyphy/ptII/ptolemy/actor/lib/test/auto/TrigFunctionTan.xml (RunModel)" time="0.008" />
  <testcase classname="ptolemy.util.test.junit.AutoTests" name="[387] /home/travis/build/icyphy/ptII/ptolemy/actor/lib/test/auto/TriggeredClock.xml (RunModel)" time="0.009" />
  <testcase classname="ptolemy.util.test.junit.AutoTests" name="[388] /home/travis/build/icyphy/ptII/ptolemy/actor/lib/test/auto/URLDirectoryReader.xml (RunModel)" time="0.127" />
  <testcase classname="ptolemy.util.test.junit.AutoTests" name="[389] /home/travis/build/icyphy/ptII/ptolemy/actor/lib/test/auto/URLDirectoryReader3.xml (RunModel)" time="1.418" />
  <testcase classname="ptolemy.util.test.junit.AutoTests" name="[390] /home/travis/build/icyphy/ptII/ptolemy/actor/lib/test/auto/UnaryMathFunction.xml (RunModel)" time="0.038" />
  <testcase classname="ptolemy.util.test.junit.AutoTests" name="[391] /home/travis/build/icyphy/ptII/ptolemy/actor/lib/test/auto/Uniform.xml (RunModel)" time="0.013" />
  <testcase classname="ptolemy.util.test.junit.AutoTests" name="[392] /home/travis/build/icyphy/ptII/ptolemy/actor/lib/test/auto/UnionDisassemblerTest.xml (RunModel)" time="0.013" />
  <testcase classname="ptolemy.util.test.junit.AutoTests" name="[393] /home/travis/build/icyphy/ptII/ptolemy/actor/lib/test/auto/UtilityFunctions.xml (RunModel)" time="0.008" />
  <testcase classname="ptolemy.util.test.junit.AutoTests" name="[394] /home/travis/build/icyphy/ptII/ptolemy/actor/lib/test/auto/VariableSleep.xml (RunModel)" time="0.519" />
  <testcase classname="ptolemy.util.test.junit.AutoTests" name="[395] /home/travis/build/icyphy/ptII/ptolemy/actor/lib/test/auto/VectorAssemblerDisassemblerCT.xml (RunModel)" time="0.131" />
  <testcase classname="ptolemy.util.test.junit.AutoTests" name="[396] /home/travis/build/icyphy/ptII/ptolemy/actor/lib/test/auto/VectorAssemblerDisassemblerDE.xml (RunModel)" time="0.013" />
  <testcase classname="ptolemy.util.test.junit.AutoTests" name="[397] /home/travis/build/icyphy/ptII/ptolemy/actor/lib/test/auto/VectorAssemblerDisassemblerSDF.xml (RunModel)" time="0.012" />
  <testcase classname="ptolemy.util.test.junit.AutoTests" name="[398] /home/travis/build/icyphy/ptII/ptolemy/actor/lib/test/auto/WallClockTime.xml (RunModel)" time="1.013" />
  <testcase classname="ptolemy.util.test.junit.AutoTests" name="[399] /home/travis/build/icyphy/ptII/ptolemy/actor/lib/test/auto/WidthTestWithSubscriberPublisher.xml (RunModel)" time="0.04" />
  <testcase classname="ptolemy.util.test.junit.AutoTests" name="[400] /home/travis/build/icyphy/ptII/ptolemy/actor/lib/test/auto/WidthTestWithSubscriberPublisher2.xml (RunModel)" time="0.016" />
  <testcase classname="ptolemy.util.test.junit.AutoTests" name="[401] /home/travis/build/icyphy/ptII/ptolemy/actor/lib/test/auto/WidthTestWithSubscriberPublisher3.xml (RunModel)" time="0.013" />
  <testcase classname="ptolemy.util.test.junit.AutoTests" name="[402] /home/travis/build/icyphy/ptII/ptolemy/actor/lib/test/auto/Writer.xml (RunModel)" time="0.008" />
  <testcase classname="ptolemy.util.test.junit.AutoTests" name="[403] /home/travis/build/icyphy/ptII/ptolemy/actor/lib/test/auto/array.xml (RunModel)" time="0.009" />
  <testcase classname="ptolemy.util.test.junit.AutoTests" name="[404] /home/travis/build/icyphy/ptII/ptolemy/actor/lib/test/auto/array2.xml (RunModel)" time="0.014" />
  <testcase classname="ptolemy.util.test.junit.AutoTests" name="[405] /home/travis/build/icyphy/ptII/ptolemy/actor/lib/test/auto/arrayType.xml (RunModel)" time="0.013" />
  <testcase classname="ptolemy.util.test.junit.AutoTests" name="[406] /home/travis/build/icyphy/ptII/ptolemy/actor/lib/test/auto/arrayType10.xml (RunModel)" time="0.01" />
  <testcase classname="ptolemy.util.test.junit.AutoTests" name="[407] /home/travis/build/icyphy/ptII/ptolemy/actor/lib/test/auto/arrayType11.xml (RunModel)" time="0.008" />
  <testcase classname="ptolemy.util.test.junit.AutoTests" name="[408] /home/travis/build/icyphy/ptII/ptolemy/actor/lib/test/auto/arrayType12.xml (RunModel)" time="0.009" />
  <testcase classname="ptolemy.util.test.junit.AutoTests" name="[409] /home/travis/build/icyphy/ptII/ptolemy/actor/lib/test/auto/arrayType13.xml (RunModel)" time="0.009" />
  <testcase classname="ptolemy.util.test.junit.AutoTests" name="[410] /home/travis/build/icyphy/ptII/ptolemy/actor/lib/test/auto/arrayType14.xml (RunModel)" time="0.009" />
  <testcase classname="ptolemy.util.test.junit.AutoTests" name="[411] /home/travis/build/icyphy/ptII/ptolemy/actor/lib/test/auto/arrayType15.xml (RunModel)" time="0.01" />
  <testcase classname="ptolemy.util.test.junit.AutoTests" name="[412] /home/travis/build/icyphy/ptII/ptolemy/actor/lib/test/auto/arrayType16.xml (RunModel)" time="0.009" />
  <testcase classname="ptolemy.util.test.junit.AutoTests" name="[413] /home/travis/build/icyphy/ptII/ptolemy/actor/lib/test/auto/arrayType17.xml (RunModel)" time="0.01" />
  <testcase classname="ptolemy.util.test.junit.AutoTests" name="[414] /home/travis/build/icyphy/ptII/ptolemy/actor/lib/test/auto/arrayType18.xml (RunModel)" time="0.009" />
  <testcase classname="ptolemy.util.test.junit.AutoTests" name="[415] /home/travis/build/icyphy/ptII/ptolemy/actor/lib/test/auto/arrayType19.xml (RunModel)" time="0.009" />
  <testcase classname="ptolemy.util.test.junit.AutoTests" name="[416] /home/travis/build/icyphy/ptII/ptolemy/actor/lib/test/auto/arrayType2.xml (RunModel)" time="0.009" />
  <testcase classname="ptolemy.util.test.junit.AutoTests" name="[417] /home/travis/build/icyphy/ptII/ptolemy/actor/lib/test/auto/arrayType20.xml (RunModel)" time="0.009" />
  <testcase classname="ptolemy.util.test.junit.AutoTests" name="[418] /home/travis/build/icyphy/ptII/ptolemy/actor/lib/test/auto/arrayType21.xml (RunModel)" time="0.008" />
  <testcase classname="ptolemy.util.test.junit.AutoTests" name="[419] /home/travis/build/icyphy/ptII/ptolemy/actor/lib/test/auto/arrayType22.xml (RunModel)" time="0.008" />
  <testcase classname="ptolemy.util.test.junit.AutoTests" name="[420] /home/travis/build/icyphy/ptII/ptolemy/actor/lib/test/auto/arrayType23.xml (RunModel)" time="0.008" />
  <testcase classname="ptolemy.util.test.junit.AutoTests" name="[421] /home/travis/build/icyphy/ptII/ptolemy/actor/lib/test/auto/arrayType24.xml (RunModel)" time="0.009" />
  <testcase classname="ptolemy.util.test.junit.AutoTests" name="[422] /home/travis/build/icyphy/ptII/ptolemy/actor/lib/test/auto/arrayType25.xml (RunModel)" time="0.009" />
  <testcase classname="ptolemy.util.test.junit.AutoTests" name="[423] /home/travis/build/icyphy/ptII/ptolemy/actor/lib/test/auto/arrayType26.xml (RunModel)" time="0.009" />
  <testcase classname="ptolemy.util.test.junit.AutoTests" name="[424] /home/travis/build/icyphy/ptII/ptolemy/actor/lib/test/auto/arrayType27.xml (RunModel)" time="0.009" />
  <testcase classname="ptolemy.util.test.junit.AutoTests" name="[425] /home/travis/build/icyphy/ptII/ptolemy/actor/lib/test/auto/arrayType28.xml (RunModel)" time="0.011" />
  <testcase classname="ptolemy.util.test.junit.AutoTests" name="[426] /home/travis/build/icyphy/ptII/ptolemy/actor/lib/test/auto/arrayType3.xml (RunModel)" time="0.008" />
  <testcase classname="ptolemy.util.test.junit.AutoTests" name="[427] /home/travis/build/icyphy/ptII/ptolemy/actor/lib/test/auto/arrayType4.xml (RunModel)" time="0.009" />
  <testcase classname="ptolemy.util.test.junit.AutoTests" name="[428] /home/travis/build/icyphy/ptII/ptolemy/actor/lib/test/auto/arrayType5.xml (RunModel)" time="0.01" />
  <testcase classname="ptolemy.util.test.junit.AutoTests" name="[429] /home/travis/build/icyphy/ptII/ptolemy/actor/lib/test/auto/arrayType6.xml (RunModel)" time="0.008" />
  <testcase classname="ptolemy.util.test.junit.AutoTests" name="[430] /home/travis/build/icyphy/ptII/ptolemy/actor/lib/test/auto/arrayType7.xml (RunModel)" time="0.008" />
  <testcase classname="ptolemy.util.test.junit.AutoTests" name="[431] /home/travis/build/icyphy/ptII/ptolemy/actor/lib/test/auto/arrayType8.xml (RunModel)" time="0.009" />
  <testcase classname="ptolemy.util.test.junit.AutoTests" name="[432] /home/travis/build/icyphy/ptII/ptolemy/actor/lib/test/auto/arrayType9.xml (RunModel)" time="0.008" />
  <testcase classname="ptolemy.util.test.junit.AutoTests" name="[433] /home/travis/build/icyphy/ptII/ptolemy/actor/lib/test/auto/cast.xml (RunModel)" time="0.009" />
  <testcase classname="ptolemy.util.test.junit.AutoTests" name="[434] /home/travis/build/icyphy/ptII/ptolemy/actor/lib/test/auto/compositeMultiPort.xml (RunModel)" time="0.021" />
  <testcase classname="ptolemy.util.test.junit.AutoTests" name="[435] /home/travis/build/icyphy/ptII/ptolemy/actor/lib/test/auto/expressionCastInference.xml (RunModel)" time="0.02" />
  <testcase classname="ptolemy.util.test.junit.AutoTests" name="[436] /home/travis/build/icyphy/ptII/ptolemy/actor/lib/test/auto/expressionCastInference2.xml (RunModel)" time="0.011" />
  <testcase classname="ptolemy.util.test.junit.AutoTests" name="[437] /home/travis/build/icyphy/ptII/ptolemy/actor/lib/test/auto/expressionInference.xml (RunModel)" time="0.013" />
  <testcase classname="ptolemy.util.test.junit.AutoTests" name="[438] /home/travis/build/icyphy/ptII/ptolemy/actor/lib/test/auto/expression_bug.xml (RunModel)" time="0.007" />
  <testcase classname="ptolemy.util.test.junit.AutoTests" name="[439] /home/travis/build/icyphy/ptII/ptolemy/actor/lib/test/auto/factorial.xml (RunModel)" time="0.053" />
  <testcase classname="ptolemy.util.test.junit.AutoTests" name="[440] /home/travis/build/icyphy/ptII/ptolemy/actor/lib/test/auto/filterTest1.xml (RunModel)" time="0.014" />
  <testcase classname="ptolemy.util.test.junit.AutoTests" name="[441] /home/travis/build/icyphy/ptII/ptolemy/actor/lib/test/auto/funcApplyInConst.xml (RunModel)" time="0.007" />
  <testcase classname="ptolemy.util.test.junit.AutoTests" name="[442] /home/travis/build/icyphy/ptII/ptolemy/actor/lib/test/auto/funcApplyInExpr.xml (RunModel)" time="0.007" />
  <testcase classname="ptolemy.util.test.junit.AutoTests" name="[443] /home/travis/build/icyphy/ptII/ptolemy/actor/lib/test/auto/function.xml (RunModel)" time="0.011" />
  <testcase classname="ptolemy.util.test.junit.AutoTests" name="[444] /home/travis/build/icyphy/ptII/ptolemy/actor/lib/test/auto/function2.xml (RunModel)" time="0.009" />
  <testcase classname="ptolemy.util.test.junit.AutoTests" name="[445] /home/travis/build/icyphy/ptII/ptolemy/actor/lib/test/auto/function3.xml (RunModel)" time="0.007" />
  <testcase classname="ptolemy.util.test.junit.AutoTests" name="[446] /home/travis/build/icyphy/ptII/ptolemy/actor/lib/test/auto/functionClosureTest1.xml (RunModel)" time="0.01" />
  <testcase classname="ptolemy.util.test.junit.AutoTests" name="[447] /home/travis/build/icyphy/ptII/ptolemy/actor/lib/test/auto/functionClosureTest2.xml (RunModel)" time="0.007" />
  <testcase classname="ptolemy.util.test.junit.AutoTests" name="[448] /home/travis/build/icyphy/ptII/ptolemy/actor/lib/test/auto/functionClosureTest3.xml (RunModel)" time="0.01" />
  <testcase classname="ptolemy.util.test.junit.AutoTests" name="[449] /home/travis/build/icyphy/ptII/ptolemy/actor/lib/test/auto/functionClosureTest4.xml (RunModel)" time="0.016" />
  <testcase classname="ptolemy.util.test.junit.AutoTests" name="[450] /home/travis/build/icyphy/ptII/ptolemy/actor/lib/test/auto/functionClosureTest5.xml (RunModel)" time="0.051" />
  <testcase classname="ptolemy.util.test.junit.AutoTests" name="[451] /home/travis/build/icyphy/ptII/ptolemy/actor/lib/test/auto/functionClosureTest6.xml (RunModel)" time="0.028" />
  <testcase classname="ptolemy.util.test.junit.AutoTests" name="[452] /home/travis/build/icyphy/ptII/ptolemy/actor/lib/test/auto/functionsOnArcs.xml (RunModel)" time="0.017" />
  <testcase classname="ptolemy.util.test.junit.AutoTests" name="[453] /home/travis/build/icyphy/ptII/ptolemy/actor/lib/test/auto/functionsOnArcsHOF.xml (RunModel)" time="0.01" />
  <testcase classname="ptolemy.util.test.junit.AutoTests" name="[454] /home/travis/build/icyphy/ptII/ptolemy/actor/lib/test/auto/logic.xml (RunModel)" time="0.016" />
  <testcase classname="ptolemy.util.test.junit.AutoTests" name="[455] /home/travis/build/icyphy/ptII/ptolemy/actor/lib/test/auto/matrixType.xml (RunModel)" time="0.009" />
  <testcase classname="ptolemy.util.test.junit.AutoTests" name="[456] /home/travis/build/icyphy/ptII/ptolemy/actor/lib/test/auto/matrixType10.xml (RunModel)" time="0.021" />
  <testcase classname="ptolemy.util.test.junit.AutoTests" name="[457] /home/travis/build/icyphy/ptII/ptolemy/actor/lib/test/auto/matrixType11.xml (RunModel)" time="0.009" />
  <testcase classname="ptolemy.util.test.junit.AutoTests" name="[458] /home/travis/build/icyphy/ptII/ptolemy/actor/lib/test/auto/matrixType12.xml (RunModel)" time="0.012" />
  <testcase classname="ptolemy.util.test.junit.AutoTests" name="[459] /home/travis/build/icyphy/ptII/ptolemy/actor/lib/test/auto/matrixType13.xml (RunModel)" time="0.008" />
  <testcase classname="ptolemy.util.test.junit.AutoTests" name="[460] /home/travis/build/icyphy/ptII/ptolemy/actor/lib/test/auto/matrixType14.xml (RunModel)" time="0.01" />
  <testcase classname="ptolemy.util.test.junit.AutoTests" name="[461] /home/travis/build/icyphy/ptII/ptolemy/actor/lib/test/auto/matrixType2.xml (RunModel)" time="0.009" />
  <testcase classname="ptolemy.util.test.junit.AutoTests" name="[462] /home/travis/build/icyphy/ptII/ptolemy/actor/lib/test/auto/matrixType3.xml (RunModel)" time="0.008" />
  <testcase classname="ptolemy.util.test.junit.AutoTests" name="[463] /home/travis/build/icyphy/ptII/ptolemy/actor/lib/test/auto/matrixType4.xml (RunModel)" time="0.008" />
  <testcase classname="ptolemy.util.test.junit.AutoTests" name="[464] /home/travis/build/icyphy/ptII/ptolemy/actor/lib/test/auto/matrixType5.xml (RunModel)" time="0.009" />
  <testcase classname="ptolemy.util.test.junit.AutoTests" name="[465] /home/travis/build/icyphy/ptII/ptolemy/actor/lib/test/auto/matrixType6.xml (RunModel)" time="0.009" />
  <testcase classname="ptolemy.util.test.junit.AutoTests" name="[466] /home/travis/build/icyphy/ptII/ptolemy/actor/lib/test/auto/matrixType7.xml (RunModel)" time="0.008" />
  <testcase classname="ptolemy.util.test.junit.AutoTests" name="[467] /home/travis/build/icyphy/ptII/ptolemy/actor/lib/test/auto/matrixType8.xml (RunModel)" time="0.01" />
  <testcase classname="ptolemy.util.test.junit.AutoTests" name="[468] /home/travis/build/icyphy/ptII/ptolemy/actor/lib/test/auto/matrixType9.xml (RunModel)" time="0.008" />
  <testcase classname="ptolemy.util.test.junit.AutoTests" name="[469] /home/travis/build/icyphy/ptII/ptolemy/actor/lib/test/auto/paraFunctest.xml (RunModel)" time="0.007" />
  <testcase classname="ptolemy.util.test.junit.AutoTests" name="[470] /home/travis/build/icyphy/ptII/ptolemy/actor/lib/test/auto/paraFunctest2.xml (RunModel)" time="0.015" />
  <testcase classname="ptolemy.util.test.junit.AutoTests" name="[471] /home/travis/build/icyphy/ptII/ptolemy/actor/lib/test/auto/parameterPassing.xml (RunModel)" time="0.023" />
  <testcase classname="ptolemy.util.test.junit.AutoTests" name="[472] /home/travis/build/icyphy/ptII/ptolemy/actor/lib/test/auto/record.xml (RunModel)" time="0.016" />
  <testcase classname="ptolemy.util.test.junit.AutoTests" name="[473] /home/travis/build/icyphy/ptII/ptolemy/actor/lib/test/auto/sizedarray1.xml (RunModel)" time="0.01" />
  <testcase classname="ptolemy.util.test.junit.AutoTests" name="[474] /home/travis/build/icyphy/ptII/ptolemy/actor/lib/test/auto/sizedarray2.xml (RunModel)" time="0.011" />
  <testcase classname="ptolemy.util.test.junit.AutoTests" name="[475] /home/travis/build/icyphy/ptII/ptolemy/actor/lib/test/auto/twoPublishers.xml (RunModel)" time="0.022" />
  <system-out><![CDATA[/home/travis/build/icyphy/ptII/ptolemy/actor/lib/test/AbsoluteValue.tcl
testDefs.tcl: setting time out to 9000 seconds at Tue Aug 13 05:27:17 UTC 2019
97 ms. Memory: 120832K Free: 85958K (71%)
5 ms. Memory: 120832K Free: 84420K (70%)
5 ms. Memory: 120832K Free: 83396K (69%)
6 ms. Memory: 120832K Free: 82886K (69%)
/home/travis/build/icyphy/ptII/ptolemy/actor/lib/test/AddSubtract.tcl
25 ms. Memory: 120832K Free: 80838K (67%)
14 ms. Memory: 120832K Free: 79814K (66%)
12 ms. Memory: 120832K Free: 79300K (66%)
17 ms. Memory: 120832K Free: 78262K (65%)
90 ms. Memory: 120832K Free: 75718K (63%)
14 ms. Memory: 120832K Free: 74694K (62%)
/home/travis/build/icyphy/ptII/ptolemy/actor/lib/test/Average.tcl
16 ms. Memory: 120832K Free: 73142K (61%)
18 ms. Memory: 120832K Free: 71622K (59%)
/home/travis/build/icyphy/ptII/ptolemy/actor/lib/test/Bernoulli.tcl
5 ms. Memory: 120832K Free: 70070K (58%)
2 ms. Memory: 120832K Free: 70070K (58%)
/home/travis/build/icyphy/ptII/ptolemy/actor/lib/test/Clock.tcl
preinitializing
resolving types
initializing
executing number 1
wrapping up
idle
30 ms. Memory: 120832K Free: 67012K (55%)
Completed execution with 5 iterations
preinitializing
resolving types
initializing
executing number 1
wrapping up
idle
14 ms. Memory: 120832K Free: 66502K (55%)
Completed execution with 5 iterations
preinitializing
resolving types
initializing
executing number 1
wrapping up
idle
4 ms. Memory: 120832K Free: 65988K (55%)
Completed execution with 5 iterations
/home/travis/build/icyphy/ptII/ptolemy/actor/lib/test/Commutator.tcl
10 ms. Memory: 120832K Free: 63926K (53%)
19 ms. Memory: 120832K Free: 62916K (52%)
9 ms. Memory: 120832K Free: 57286K (47%)
/home/travis/build/icyphy/ptII/ptolemy/actor/lib/test/Const.tcl
4 ms. Memory: 120832K Free: 55742K (46%)
2 ms. Memory: 120832K Free: 55238K (46%)
4 ms. Memory: 120832K Free: 54724K (45%)
2 ms. Memory: 120832K Free: 54214K (45%)
2 ms. Memory: 120832K Free: 53190K (44%)
25 ms. Memory: 120832K Free: 51652K (43%)
6 ms. Memory: 120832K Free: 50622K (42%)
4 ms. Memory: 120832K Free: 49590K (41%)
/home/travis/build/icyphy/ptII/ptolemy/actor/lib/test/CurrentTime.tcl
preinitializing
resolving types
initializing
executing number 1
wrapping up
idle
22 ms. Memory: 120832K Free: 48070K (40%)
Completed execution with 11 iterations
/home/travis/build/icyphy/ptII/ptolemy/actor/lib/test/DB.tcl
5 ms. Memory: 120832K Free: 46022K (38%)
27 ms. Memory: 120832K Free: 107327K (89%)
2 ms. Memory: 120832K Free: 106831K (88%)
/home/travis/build/icyphy/ptII/ptolemy/actor/lib/test/DiscreteRandomSource.tcl
preinitializing
resolving types
initializing
executing number 1
wrapping up
idle
10 ms. Memory: 120832K Free: 105807K (88%)
Completed execution with 4 iterations
preinitializing
resolving types
initializing
executing number 1
wrapping up
idle
2 ms. Memory: 120832K Free: 105293K (87%)
Completed execution with 4 iterations
preinitializing
resolving types
initializing
executing number 1
wrapping up
idle
7 ms. Memory: 120832K Free: 104783K (87%)
Completed execution with 4 iterations
preinitializing
resolving types
initializing
executing number 1
wrapping up
idle
2 ms. Memory: 120832K Free: 104269K (86%)
Completed execution with 4 iterations
preinitializing
resolving types
initializing
executing number 1
wrapping up
idle
19 ms. Memory: 120832K Free: 103759K (86%)
Completed execution with 4 iterations
/home/travis/build/icyphy/ptII/ptolemy/actor/lib/test/Distributor.tcl
14 ms. Memory: 120832K Free: 105387K (87%)
10 ms. Memory: 120832K Free: 104371K (86%)
StreamChangeRequest.changeExecuted(): <deleteEntity name="rec2"/> succeeded
StreamChangeRequest.changeExecuted(): <deleteRelation name="r2"/> succeeded
StreamChangeRequest.changeExecuted(): Record firings per iteration succeeded
4 ms. Memory: 120832K Free: 101957K (84%)
/home/travis/build/icyphy/ptII/ptolemy/actor/lib/test/Exit.tcl
Exit.tcl: this will print a message about Manager.exitAfterWrapup, which can be ignored.
5 ms. Memory: 120832K Free: 99237K (82%)
/home/travis/build/icyphy/ptII/ptolemy/actor/lib/test/Expression.tcl
17 ms. Memory: 120832K Free: 95805K (79%)
10 ms. Memory: 120832K Free: 94811K (78%)
6 ms. Memory: 120832K Free: 94153K (78%)
preinitializing
resolving types
initializing
executing number 1
wrapping up
idle
14 ms. Memory: 120832K Free: 92739K (77%)
Completed execution with 6 iterations
3 ms. Memory: 120832K Free: 91693K (76%)
2 ms. Memory: 120832K Free: 91081K (75%)
5 ms. Memory: 120832K Free: 90057K (75%)
4 ms. Memory: 120832K Free: 88376K (73%)
5 ms. Memory: 120832K Free: 105463K (87%)
/home/travis/build/icyphy/ptII/ptolemy/actor/lib/test/Gaussian.tcl
9 ms. Memory: 120832K Free: 103929K (86%)
sleeping 1 seconds: .....................................................................................................................................................................................................................................................................................................................................................................................................................................................................................................................................................................................................................................................................................................................................................................................................................................................................................................................................................................................................................................................................................................................................................................................................................................................................................................................................................................................................................................................................................................................................................................................................................................................................................................................................................................................................................................................................................................................................................................................................................................................................................................................................................................................................................................................................................................................................................................................................................................................................................................................................................................................................................................................................................................................................................................................................................................................................................................................................................................................................................................................................................................................................................................................................................................................................................................................................................................................................................................................................................................................................................................................................................................................................................................................................................................................................................................................................................................................................................................................................................................................................................................................................................................................................................................................................................................................................................................................................................................................................................................................................................................................................................................................................................................................................................................................................................................................................................................................................................................................................................................................................................................................................................................................................................................................................................................................................................................................................................................................................................................................................................................................................................................................................................................................................................................................................................................................................................................................................................................................................................................................................................................................................................................................................................................................................................................................................................................................................................................................................................................................................................................................................................................................................................................................................................................................................................................................................................................................................................................................................................................................................................................................................................................................................................................................................................................................................................................................................................................................................................................................................................................................................................................................................................................................................................................................................................................................................................................................................................................................................................................................................................................................................................................................................................................................................................................................................................................................................................................................................................................................................................................................................................................................................................................................................................................................................................................................................................................................................................................................................................................................................................................................................................................................................................................................................................................................................................................................................................................................................................................................................................................................................................................................................................................................................................................................................................................................................................................................................................................................................................................................................................................................................................................................................................................................................................................................................................................................................................................................................................................................................................................................................................................................................................................................................................................................................................................................................................................................................................................................................................................................................................................................................................................................................................................................................................................................................................................................................................................................................................................................................................................................................................................................................................................................................................................................................................................................................................................................................................................................................................................................................................................................................................................................................................................................................................................................................................................................................................................................................................................................................................................................................................................................................................................................................................................................................................................................................................................................................................................................................................................................................................................................................................................................................................................................................................................................................................................................................................................................................................................................................................................................................................................................................................................................................................................................................................................................................................................................................................................................................................................................................................................................................................................................................................................................................................................................................................................................................................................................................................................................................................................................................................................................................................................................................................................................................................................................................................................................................................................................................................................................................................................................................................................................................................................................................................................................................................................................................................................................................................................................................................................................................................................................................................................................................................................................................................................................................................................................................................................................................................................................................................................................................................................................................................................................................................................................................................................................................................................................................................................................................................................................................................................................................................................................................................................................................................................................................................................................................................................................................................................................................................................................................................................................................................................................................................................................................................................................................................................................................................................................................................................................................................................................................................................................................................................................................................................................................................................................................................................................................................................................................................................................................................................................................................................................................................................................................................................................................................................................................................................................................................................................................................................................................................................................................................................................................................................................................................................................................................................................................................................................................................................................................................................................................................................................................................................................................................................................................................................................................................................................................................................................................................................................................................................................................................................................................................................................................................................................................................................................................................................................................................................................................................................................................................................................................................................................................................................................................................................................................................................................................................................................................................................................................................................................................................................................................................................................................................................................................................................................................................................................................................................................................................................................................................................................................................................................................................................................................................................................................................................................................................................................................................................................................................................................................................................................................................................................................................................................................................................................................................................................................................................................................................................................................................................................................................................................................................................................................................................................................................................................................................................................................................................................................................................................................................................................................................................................................................................................................................................................................................................................................................................................................................................................................................................................................................................................................................................................................................................................................................................................................................................................................................................................................................................................................................................................................................................................................................................................................................................................................................................................................................................................................................................................................................................................................................................................................................................................................................................................................................................................................................................................................................................................................................................................................................................................................................................................................................................................................................................................................................................................................................................................................................................................................................................................................................................................................................................................................................................................................................................................................................................................................................................................................................................................................................................................................................................................................................................................................................................................................................................................................................................................................................................................................................................................................................................................................................................................................................................................................................................................................................................................................................................................................................................................................................................................................................................................................................................................................................................................................................................................................................................................................................................................................................................................................................................................................................................................................................................................................................................................................................................................................................................................................................................................................................................................................................................................................................................................................................................................................................................................................................................................................................................................................................................................................................................................................................................................................................................................................................................................................................................................................................................................................................................................................................................................................................................................................................................................................................................................................................................................................................................................................................................................................................................................................................................................................................................................................................................................................................................................................................................................................................................................................................................................................................................................................................................................................................................................................................................................................................................................................................................................................................................................................................................................................................................................................................................................................................................................................................................................................................................................................................................................................................................................................................................................................................................................................................................................................................................................................................................................................................................................................................................................................................................................................................................................................................................................................................................................................................................................................................................................................................................................................................................................................................................................................................................................................................................................................................................................................................................................................................................................................................................................................................................................................................................................................................................................................................................................................................................................................................................................................................................................................................................................................................................................................................................................................................................................................................................................................................................................................................................................................................................................................................................................................................................................................................................................................................................................................................................................................................................................................................................................................................................................................................................................................................................................................................................................................................................................................................................................................................................................................................................................................................................................................................................................................................................................................................................................................................................................................................................................................................................................................................................................................................................................................................................................................................................................................................................................................................................................................................................................................................................................................................................................................................................................................................................................................................................................................................................................................................................................................................................................................................................................................................................................................................................................................................................................................................................................................................................................................................................................................................................................................................................................................................................................................................................................................................................................................................................................................................................................................................................................................................................................................................................................................................................................................................................................................................................................................................................................................................................................................................................................................................................................................................................................................................................................................................................................................................................................................................................................................................................................................................................................................................................................................................................................................................................................................................................................................................................................................................................................................................................................................................................................................................................................................................................................................................................................................................................................................................................................................................................................................................................................................................................................................................................................................................................................................................................................................................................................................................................................................................................................................................................................................................................................................................................................................................................................................................................................................................................................................................................................................................................................................................................................................................................................................................................................................................................................................................................................................................................................................................................................................................................................................................................................................................................................................................................................................................................................................................................................................................................................................................................................................................................................................................................................................................................................................................................................................................................................................................................................................................................................................................................................................................................................................................................................................................................................................................................................................................................................................................................................................................................................................................................................................................................................................................................................................................................................................................................................................................................................................................................................................................................................................................................................................................................................................................................................................................................................................................................................................................................................................................................................................................................................................................................................................................................................................................................................................................................................................................................................................................................................................................................................................................................................................................................................................................................................................................................................................................................................................................................................................................................................................................................................................................................................................................................................................................................................................................................................................................................................................................................................................................................................................................................................................................................................................................................................................................................................................................................................................................................................................................................................................................................................................................................................................................................................................................................................................................................................................................................................................................................................................................................................................................................................................................................................................................................................................................................................................................................................................................................................................................................................................................................................................................................................................................................................................................................................................................................................................................................................................................................................................................................................................................................................................................................................................................................................................................................................................................................................................................................................................................................................................................................................................................................................................................................................................................................................................................................................................................................................................................................................................................................................................................................................................................................................................................................................................................................................................................................................................................................................................................................................................................................................................................................................................................................................................................................................................................................................................................................................................................................................................................................................................................................................................................................................................................................................................................................................................................................................................................................................................................................................................................................................................................................................................................................................................................................................................................................................................................................................................................................................................................................................................................................................................................................................................................................................................................................................................................................................................................................................................................................................................................................................................................................................................................................................................................................................................................................................................................................................................................................................................................................................................................................................................................................................................................................................................................................................................................................................................................................................................................................................................................................................................................................................................................................................................................................................................................................................................................................................................................................................................................................................................................................................................................................................................................................................................................................................................................................................................................................................................................................................................................................................................................................................................................................................................................................................................................................................................................................................................................................................................................................................................................................................................................................................................................................................................................................................................................................................................................................................................................................................................................................................................................................................................................................................................................................................................................................................................................................................................................................................................................................................................................................................................................................................................................................................................................................................................................................................................................................................................................................................................................................................................................................................................................................................................................................................................................................................................................................................................................................................................................................................................................................................................................................................................................................................................................................................................................................................................................................................................................................................................................................................................................................................................................................................................................................................................................................................................................................................................................................................................................................................................................................................................................................................................................................................................................................................................................................................................................................................................................................................................................................................................................................................................................................................................................................................................................................................................................................................................................................................................................................................................................................................................................................................................................................................................................................................................................................................................................................................................................................................................................................................................................................................................................................................................................................................................................................................................................................................................................................................................................................................................................................................................................................................................................................................................................................................................................................................................................................................................................................................................................................................................................................................................................................................................................................................................................................................................................................................................................................................................................................................................................................................................................................................................................................................................................................................................................................................................................................................................................................................................................................................................................................................................................................................................................................................................................................................................................................................................................................................................................................................................................................................................................................................................................................................................................................................................................................................................................................................................................................................................................................................................................................................................................................................................................................................................................................................................................................................................................................................................................................................................................................................................................................................................................................................................................................................................................................................................................................................................................................................................................................................................................................................................................................................................................................................................................................................................................................................................2 ms. Memory: 120832K Free: 48487K (40%)
4 ms. Memory: 120832K Free: 47463K (39%)
6 ms. Memory: 120832K Free: 106271K (88%)
2 ms. Memory: 120832K Free: 105775K (88%)
16 ms. Memory: 120832K Free: 105223K (87%)
/home/travis/build/icyphy/ptII/ptolemy/actor/lib/test/IIR.tcl
/home/travis/build/icyphy/ptII/ptolemy/actor/lib/test/Interpolator.tcl
4 ms. Memory: 120832K Free: 101151K (84%)
1 ms. Memory: 120832K Free: 100655K (83%)
8 ms. Memory: 120832K Free: 100141K (83%)
2 ms. Memory: 120832K Free: 99631K (82%)
10 ms. Memory: 120832K Free: 98607K (82%)
4 ms. Memory: 120832K Free: 98079K (81%)
2 ms. Memory: 120832K Free: 97055K (80%)
3 ms. Memory: 120832K Free: 96039K (79%)
2 ms. Memory: 120832K Free: 95021K (79%)
2 ms. Memory: 120832K Free: 94511K (78%)
/home/travis/build/icyphy/ptII/ptolemy/actor/lib/test/MathFunction.tcl
8 ms. Memory: 120832K Free: 92463K (77%)
2 ms. Memory: 120832K Free: 90925K (75%)
3 ms. Memory: 120832K Free: 89887K (74%)
3 ms. Memory: 120832K Free: 89391K (74%)
3 ms. Memory: 120832K Free: 87839K (73%)
6 ms. Memory: 120832K Free: 85791K (71%)
/home/travis/build/icyphy/ptII/ptolemy/actor/lib/test/Maximum.tcl
6 ms. Memory: 120832K Free: 83757K (69%)
3 ms. Memory: 120832K Free: 83247K (69%)
2 ms. Memory: 120832K Free: 82703K (68%)
3 ms. Memory: 120832K Free: 82223K (68%)
/home/travis/build/icyphy/ptII/ptolemy/actor/lib/test/Minimum.tcl
4 ms. Memory: 120832K Free: 80175K (66%)
9 ms. Memory: 120832K Free: 79647K (66%)
6 ms. Memory: 120832K Free: 79151K (66%)
6 ms. Memory: 120832K Free: 78127K (65%)
/home/travis/build/icyphy/ptII/ptolemy/actor/lib/test/MultiplyDivide.tcl
12 ms. Memory: 120832K Free: 76583K (63%)
6 ms. Memory: 120832K Free: 75565K (63%)
2 ms. Memory: 120832K Free: 75055K (62%)
5 ms. Memory: 120832K Free: 74031K (61%)
5 ms. Memory: 120832K Free: 73517K (61%)
/home/travis/build/icyphy/ptII/ptolemy/actor/lib/test/OrderedMerge.tcl
Connections changed on port: inputA
Connections changed on port: inputB
Connections changed on port: output
Connections changed on port: output
Connections changed on port: output
Connections changed on port: input
.top. Preinitializing ...
Invoking preinitialize():  .top.OrderedMerge
Called preinitialize()
Invoking preinitialize():  .top.Ramp
Called preinitialize()
Invoking preinitialize():  .top.Ramp2
Called preinitialize()
Invoking preinitialize():  .top.Test
Called preinitialize()
Connections changed on port: inputA
Connections changed on port: output
Connections changed on port: output
Connections changed on port: input
Connections changed on port: inputB
Connections changed on port: output
.top. Finished preinitialize().
Called initialize().
Invoking initialize():  .top.OrderedMerge
Initializing actor: .top.OrderedMerge
Adding a thread: .top.OrderedMerge
Invoking initialize():  .top.Ramp
Initializing actor: .top.Ramp
Adding a thread: .top.Ramp
Invoking initialize():  .top.Ramp2
Initializing actor: .top.Ramp2
Adding a thread: .top.Ramp2
Invoking initialize():  .top.Test
Initializing actor: .top.Test
Adding a thread: .top.Test
Called fire().
Checking for deadlock:
-- Starting thread.
Called initialize()
Called prefire()
Called fire()
-- Starting thread.
Called initialize()
-- Starting thread.
Called initialize()
Called prefire()
Called prefire()
Called fire()
Called fire()
-- Starting thread.
Called initialize()
Called prefire()
Called fire()
There are 0 Blocked actors, 0 Stopped actors, and 4 active threads.
Waiting for actors to stop.
Called postfire()
Called prefire()
Called fire()
Called postfire()
Called prefire()
Called fire()
Called postfire()
Called prefire()
Called fire()
Checking for deadlock:
There are 3 Blocked actors, 0 Stopped actors, and 4 active threads.
Waiting for actors to stop.
Read input token from inputA with value 0.0
Next port to read input from is inputB
Called postfire()
Called prefire()
Called fire()
Read input token from inputB with value 0.0
Called postfire()
Called prefire()
Called fire()
Sent output token with value 0.0
Next port to read input from is inputA
Called postfire()
Called prefire()
Called fire()
Read input token from inputA with value 1.0
Called postfire()
Called prefire()
Called fire()
Checking for deadlock:
There are 2 Blocked actors, 0 Stopped actors, and 4 active threads.
Waiting for actors to stop.
-- Read input: 0.0, which is expected to match: 0.0
Called prefire()
Called fire()
Checking for deadlock:
Sent output token with value 0.0
There are 2 Blocked actors, 0 Stopped actors, and 4 active threads.
Next port to read input from is inputB
Waiting for actors to stop.
Called postfire()
Called prefire()
Called fire()
Read input token from inputB with value 1.5
Checking for deadlock:
-- Read input: 0.0, which is expected to match: 0.0
There are 1 Blocked actors, 0 Stopped actors, and 4 active threads.
Called prefire()
Waiting for actors to stop.
Called fire()
Called postfire()
Called prefire()
Called fire()
Sent output token with value 1.0
Next port to read input from is inputA
Called postfire()
Called prefire()
Called fire()
Read input token from inputA with value 2.0
Checking for deadlock:
There are 1 Blocked actors, 0 Stopped actors, and 4 active threads.
Waiting for actors to stop.
-- Read input: 1.0, which is expected to match: 1.0
Called prefire()
Called fire()
Called postfire()
Called prefire()
Called fire()
Checking for deadlock:
There are 3 Blocked actors, 0 Stopped actors, and 4 active threads.
Waiting for actors to stop.
Checking for deadlock:
There are 2 Blocked actors, 0 Stopped actors, and 4 active threads.
Waiting for actors to stop.
Sent output token with value 1.5
Next port to read input from is inputB
Called postfire()
Called prefire()
Called fire()
-- Read input: 1.5, which is expected to match: 1.5
Checking for deadlock:
Called prefire()
There are 1 Blocked actors, 0 Stopped actors, and 4 active threads.
Waiting for actors to stop.
Called postfire()
Called prefire()
Called fire()
Called fire()
Checking for deadlock:
There are 2 Blocked actors, 0 Stopped actors, and 4 active threads.
Waiting for actors to stop.
Read input token from inputB with value 3.0
Sent output token with value 2.0
Next port to read input from is inputA
Called postfire()
Called prefire()
Called fire()
Read input token from inputA with value 3.0
-- Read input: 2.0, which is expected to match: 2.0
Called prefire()
Called fire()
Checking for deadlock:
There are 2 Blocked actors, 0 Stopped actors, and 4 active threads.
Waiting for actors to stop.
Called postfire()
Called prefire()
Called fire()
Checking for deadlock:
There are 3 Blocked actors, 0 Stopped actors, and 4 active threads.
Waiting for actors to stop.
Checking for deadlock:
There are 2 Blocked actors, 0 Stopped actors, and 4 active threads.
Waiting for actors to stop.
-- Read input: 3.0, which is expected to match: 3.0
Called prefire()
Called fire()
Checking for deadlock:
There are 3 Blocked actors, 0 Stopped actors, and 4 active threads.
Waiting for actors to stop.
Sent output token with value 3.0
Next port to read input from is inputB
Called postfire()
Called prefire()
Called fire()
Read input token from inputB with value 4.5
Sent output token with value 3.0
Next port to read input from is inputA
Called postfire()
Called prefire()
Called fire()
Read input token from inputA with value 4.0
Checking for deadlock:
There are 0 Blocked actors, 0 Stopped actors, and 4 active threads.
Waiting for actors to stop.
-- Read input: 3.0, which is expected to match: 3.0
Called prefire()
Called fire()
Called postfire()
Called prefire()
Called fire()
Called postfire()
Checking for deadlock:
Called prefire()
Called fire()
There are 2 Blocked actors, 0 Stopped actors, and 4 active threads.
Waiting for actors to stop.
Checking for deadlock:
There are 3 Blocked actors, 0 Stopped actors, and 4 active threads.
Waiting for actors to stop.
Checking for deadlock:
There are 2 Blocked actors, 0 Stopped actors, and 4 active threads.
Waiting for actors to stop.
Sent output token with value 4.0
Next port to read input from is inputA
Called postfire()
Called prefire()
Called fire()
Read input token from inputA with value 5.0
Checking for deadlock:
There are 1 Blocked actors, 0 Stopped actors, and 4 active threads.
Waiting for actors to stop.
-- Read input: 4.0, which is expected to match: 4.0
Called prefire()
Called fire()
Past the end of training data. Read and discard all inputs.
Checking for deadlock:
There are 2 Blocked actors, 0 Stopped actors, and 4 active threads.
Waiting for actors to stop.
Called postfire()
Called prefire()
Called fire()
Checking for deadlock:
There are 3 Blocked actors, 0 Stopped actors, and 4 active threads.
Waiting for actors to stop.
Checking for deadlock:
There are 2 Blocked actors, 0 Stopped actors, and 4 active threads.
Waiting for actors to stop.
Called prefire()
Called fire()
Past the end of training data. Read and discard all inputs.
Checking for deadlock:
There are 3 Blocked actors, 0 Stopped actors, and 4 active threads.
Sent output token with value 4.5
Waiting for actors to stop.
Next port to read input from is inputB
Called postfire()
Called prefire()
Called fire()
Checking for deadlock:
There are 2 Blocked actors, 0 Stopped actors, and 4 active threads.
Waiting for actors to stop.
Called postfire()
Called prefire()
Called fire()
Checking for deadlock:
Read input token from inputB with value 6.0
There are 3 Blocked actors, 0 Stopped actors, and 4 active threads.
Waiting for actors to stop.
Checking for deadlock:
There are 2 Blocked actors, 0 Stopped actors, and 4 active threads.
Called prefire()
Called fire()
Waiting for actors to stop.
Past the end of training data. Read and discard all inputs.
Checking for deadlock:
There are 3 Blocked actors, 0 Stopped actors, and 4 active threads.
Waiting for actors to stop.
Sent output token with value 5.0
Next port to read input from is inputA
Called postfire()
Called prefire()
Called fire()
Called postfire()
Called prefire()
Called fire()
Checking for deadlock:
There are 3 Blocked actors, 0 Stopped actors, and 4 active threads.
Waiting for actors to stop.
Read input token from inputA with value 6.0
Called prefire()
Called fire()
Past the end of training data. Read and discard all inputs.
Checking for deadlock:
There are 3 Blocked actors, 0 Stopped actors, and 4 active threads.
Waiting for actors to stop.
Sent output token with value 6.0
Next port to read input from is inputB
Called postfire()
Called prefire()
Called fire()
Checking for deadlock:
There are 2 Blocked actors, 0 Stopped actors, and 4 active threads.
Waiting for actors to stop.
Called postfire()
Called prefire()
Called fire()
Checking for deadlock:
There are 3 Blocked actors, 0 Stopped actors, and 4 active threads.
Read input token from inputB with value 7.5
Waiting for actors to stop.
Checking for deadlock:
There are 2 Blocked actors, 0 Stopped actors, and 4 active threads.
Waiting for actors to stop.
Called prefire()
Called fire()
Past the end of training data. Read and discard all inputs.
Checking for deadlock:
There are 3 Blocked actors, 0 Stopped actors, and 4 active threads.
Waiting for actors to stop.
Sent output token with value 6.0
Next port to read input from is inputA
Called postfire()
Called prefire()
Called fire()
Checking for deadlock:
There are 2 Blocked actors, 0 Stopped actors, and 4 active threads.
Waiting for actors to stop.
Called postfire()
Called prefire()
Called fire()
Checking for deadlock:
Read input token from inputA with value 7.0
There are 3 Blocked actors, 0 Stopped actors, and 4 active threads.
Waiting for actors to stop.
Checking for deadlock:
There are 2 Blocked actors, 0 Stopped actors, and 4 active threads.
Waiting for actors to stop.
Called prefire()
Called fire()
Past the end of training data. Read and discard all inputs.
Checking for deadlock:
There are 3 Blocked actors, 0 Stopped actors, and 4 active threads.
Waiting for actors to stop.
Sent output token with value 7.0
Next port to read input from is inputA
Called postfire()
Called prefire()
Called fire()
Checking for deadlock:
There are 2 Blocked actors, 0 Stopped actors, and 4 active threads.
Waiting for actors to stop.
-- Thread wrapup() called.
Called wrapup()
Thread .top.Ramp is exiting.
-- Thread stopped.
Checking for deadlock:
There are 2 Blocked actors, 0 Stopped actors, and 3 active threads.
Waiting for actors to stop.
Read input token from inputA with value 8.0
Called prefire()
Called fire()
Past the end of training data. Read and discard all inputs.
Checking for deadlock:
There are 2 Blocked actors, 0 Stopped actors, and 3 active threads.
Waiting for actors to stop.
Sent output token with value 7.5
Next port to read input from is inputB
Called postfire()
Called prefire()
Called fire()
Checking for deadlock:
There are 1 Blocked actors, 0 Stopped actors, and 3 active threads.
Waiting for actors to stop.
Called postfire()
Called prefire()
Called fire()
Checking for deadlock:
There are 2 Blocked actors, 0 Stopped actors, and 3 active threads.
Waiting for actors to stop.
Read input token from inputB with value 9.0
Checking for deadlock:
There are 1 Blocked actors, 0 Stopped actors, and 3 active threads.
Waiting for actors to stop.
Sent output token with value 8.0
Called prefire()
Called fire()
Past the end of training data. Read and discard all inputs.
Checking for deadlock:
There are 2 Blocked actors, 0 Stopped actors, and 3 active threads.
Waiting for actors to stop.
Next port to read input from is inputA
Called postfire()
Called prefire()
Called fire()
Read input token from inputA with value 9.0
Called prefire()
Called fire()
Past the end of training data. Read and discard all inputs.
Checking for deadlock:
There are 2 Blocked actors, 0 Stopped actors, and 3 active threads.
Waiting for actors to stop.
Sent output token with value 9.0
Next port to read input from is inputB
Called postfire()
Called prefire()
Called fire()
Checking for deadlock:
There are 1 Blocked actors, 0 Stopped actors, and 3 active threads.
Waiting for actors to stop.
Called postfire()
Called prefire()
Called fire()
Checking for deadlock:
There are 2 Blocked actors, 0 Stopped actors, and 3 active threads.
Waiting for actors to stop.
Read input token from inputB with value 10.5
Checking for deadlock:
There are 1 Blocked actors, 0 Stopped actors, and 3 active threads.
Waiting for actors to stop.
Called prefire()
Called fire()
Past the end of training data. Read and discard all inputs.
Sent output token with value 9.0
Checking for deadlock:
There are 2 Blocked actors, 0 Stopped actors, and 3 active threads.
Waiting for actors to stop.
Next port to read input from is inputA
Called postfire()
Called prefire()
Called fire()
Checking for deadlock:
There are 3 Blocked actors, 0 Stopped actors, and 3 active threads.
Actors have stopped.
Checking for deadlock:
There are 3 Blocked actors, 0 Stopped actors, and 3 active threads.
Deadlock detected.
Resolving Deadlock
Checking for deadlock:
There are 3 Blocked actors, 0 Stopped actors, and 3 active threads.
Artificial Deadlock - increasing queue capacity.
increasing the capacity of receiver ptolemy.actor.TypedIOPort {.top.OrderedMerge.inputB} to 2
-- Thread wrapup() called.
Called wrapup()
Thread .top.Ramp2 is exiting.
-- Thread stopped.
Director: Called postfire().
Called postfire().
_stopRequested = false
_stopFireRequested = false
Returning from postfire(): true
Called fire().
Checking for deadlock:
There are 2 Blocked actors, 0 Stopped actors, and 2 active threads.
Actors have stopped.
Checking for deadlock:
There are 2 Blocked actors, 0 Stopped actors, and 2 active threads.
Deadlock detected.
Resolving Deadlock
Checking for deadlock:
There are 2 Blocked actors, 0 Stopped actors, and 2 active threads.
Deadlock detected: no processes blocked on write, but some are blocked on read.
Called postfire().
_stopRequested = false
_stopFireRequested = false
Returning from postfire(): false
Finished deactivating branches.
Called wrapup().
-- Thread wrapup() called.
-- Thread wrapup() called.
Called wrapup()
Called wrapup()
Thread .top.OrderedMerge is exiting.
-- Thread stopped.
-- Blocked Receiver call threw TerminateProcessException.
Thread .top.Test is exiting.
-- Thread stopped.
-- Blocked Receiver call threw TerminateProcessException.
73 ms. Memory: 120832K Free: 68397K (57%)
.top. Preinitializing ...
Invoking preinitialize():  .top.OrderedMerge
Called preinitialize()
Invoking preinitialize():  .top.Ramp
Called preinitialize()
Invoking preinitialize():  .top.Ramp2
Called preinitialize()
Invoking preinitialize():  .top.Test
Called preinitialize()
.top. Finished preinitialize().
Called initialize().
Invoking initialize():  .top.OrderedMerge
Initializing actor: .top.OrderedMerge
Adding a thread: .top.OrderedMerge
Invoking initialize():  .top.Ramp
Initializing actor: .top.Ramp
Adding a thread: .top.Ramp
Invoking initialize():  .top.Ramp2
Initializing actor: .top.Ramp2
Adding a thread: .top.Ramp2
Invoking initialize():  .top.Test
Initializing actor: .top.Test
Adding a thread: .top.Test
-- Starting thread.
Called initialize()
Called prefire()
Called fire()
-- Starting thread.
Called initialize()
Called prefire()
Called fire()
Called postfire()
Called prefire()
Called fire()
-- Starting thread.
Called initialize()
Called prefire()
Called fire()
Called postfire()
Called prefire()
Called fire()
Called fire().
Checking for deadlock:
There are 3 Blocked actors, 0 Stopped actors, and 4 active threads.
Waiting for actors to stop.
-- Starting thread.
Called initialize()
Called prefire()
Called fire()
Called postfire()
Called prefire()
Called fire()
Read input token from inputA with value 0.0
Checking for deadlock:
There are 3 Blocked actors, 0 Stopped actors, and 4 active threads.
Waiting for actors to stop.
Next port to read input from is inputB
Called postfire()
Called prefire()
Called fire()
Called postfire()
Called prefire()
Called fire()
Checking for deadlock:
There are 3 Blocked actors, 0 Stopped actors, and 4 active threads.
Waiting for actors to stop.
Read input token from inputB with value 0.0
Sent output token with value 0.0
Checking for deadlock:
There are 2 Blocked actors, 0 Stopped actors, and 4 active threads.
Waiting for actors to stop.
-- Read input: 0.0, which is expected to match: 0.0
Next port to read input from is inputA
Called postfire()
Called prefire()
Called fire()
Checking for deadlock:
There are 3 Blocked actors, 0 Stopped actors, and 4 active threads.
Waiting for actors to stop.
Called prefire()
Called fire()
Called postfire()
Called prefire()
Called fire()
Read input token from inputA with value 1.0
Checking for deadlock:
Sent output token with value 0.0
There are 2 Blocked actors, 0 Stopped actors, and 4 active threads.
Waiting for actors to stop.
Next port to read input from is inputB
Called postfire()
Called prefire()
Called fire()
Checking for deadlock:
-- Read input: 0.0, which is expected to match: 0.0
There are 1 Blocked actors, 0 Stopped actors, and 4 active threads.
Waiting for actors to stop.
Called prefire()
Called fire()
Read input token from inputB with value 1.5
Checking for deadlock:
There are 2 Blocked actors, 0 Stopped actors, and 4 active threads.
Waiting for actors to stop.
Called postfire()
Called prefire()
Called fire()
-- Read input: 1.0, which is expected to match: 1.0
Sent output token with value 1.0
Checking for deadlock:
Called prefire()
There are 2 Blocked actors, 0 Stopped actors, and 4 active threads.
Called fire()
Waiting for actors to stop.
Checking for deadlock:
There are 3 Blocked actors, 0 Stopped actors, and 4 active threads.
Waiting for actors to stop.
Next port to read input from is inputA
Called postfire()
Called prefire()
Called fire()
Read input token from inputA with value 2.0
Checking for deadlock:
Called postfire()
Called prefire()
There are 2 Blocked actors, 0 Stopped actors, and 4 active threads.
Waiting for actors to stop.
Called fire()
Sent output token with value 1.5
Checking for deadlock:
There are 2 Blocked actors, 0 Stopped actors, and 4 active threads.
Waiting for actors to stop.
-- Read input: 1.5, which is expected to match: 1.5
Called prefire()
Called fire()
Checking for deadlock:
There are 3 Blocked actors, 0 Stopped actors, and 4 active threads.
Waiting for actors to stop.
Next port to read input from is inputB
Called postfire()
Called prefire()
Called fire()
Read input token from inputB with value 3.0
Checking for deadlock:
There are 2 Blocked actors, 0 Stopped actors, and 4 active threads.
Waiting for actors to stop.
Called postfire()
Called prefire()
Called fire()
Sent output token with value 2.0
Checking for deadlock:
There are 2 Blocked actors, 0 Stopped actors, and 4 active threads.
Waiting for actors to stop.
-- Read input: 2.0, which is expected to match: 2.0
Called prefire()
Called fire()
Checking for deadlock:
There are 3 Blocked actors, 0 Stopped actors, and 4 active threads.
Waiting for actors to stop.
Next port to read input from is inputA
Called postfire()
Called prefire()
Called fire()
Read input token from inputA with value 3.0
Called postfire()
Called prefire()
Called fire()
Checking for deadlock:
There are 2 Blocked actors, 0 Stopped actors, and 4 active threads.
Waiting for actors to stop.
Sent output token with value 3.0
Next port to read input from is inputB
Called postfire()
Called prefire()
Called fire()
-- Read input: 3.0, which is expected to match: 3.0
Called prefire()
Called fire()
Read input token from inputB with value 4.5
Sent output token with value 3.0
Next port to read input from is inputA
Called postfire()
Called prefire()
Called fire()
-- Read input: 3.0, which is expected to match: 3.0
Called prefire()
Called fire()
Read input token from inputA with value 4.0
Checking for deadlock:
There are 0 Blocked actors, 0 Stopped actors, and 4 active threads.
Waiting for actors to stop.
-- Read input: 4.0, which is expected to match: 4.0
Called prefire()
Called fire()
Past the end of training data. Read and discard all inputs.
Called postfire()
Called prefire()
Called fire()
Called postfire()
Called prefire()
Called fire()
Checking for deadlock:
There are 3 Blocked actors, 0 Stopped actors, and 4 active threads.
Waiting for actors to stop.
Sent output token with value 4.0
Next port to read input from is inputA
Called postfire()
Called prefire()
Called fire()
Read input token from inputA with value 5.0
Called postfire()
Called prefire()
Called fire()
Sent output token with value 4.5
Checking for deadlock:
There are 2 Blocked actors, 0 Stopped actors, and 4 active threads.
Waiting for actors to stop.
Called prefire()
Next port to read input from is inputB
Called postfire()
Called prefire()
Called fire()
Past the end of training data. Read and discard all inputs.
Checking for deadlock:
There are 3 Blocked actors, 0 Stopped actors, and 4 active threads.
Waiting for actors to stop.
Called fire()
Checking for deadlock:
There are 2 Blocked actors, 0 Stopped actors, and 4 active threads.
Waiting for actors to stop.
Called postfire()
Called prefire()
Called fire()
Checking for deadlock:
There are 3 Blocked actors, 0 Stopped actors, and 4 active threads.
Waiting for actors to stop.
Read input token from inputB with value 6.0
Checking for deadlock:
There are 2 Blocked actors, 0 Stopped actors, and 4 active threads.
Waiting for actors to stop.
Called prefire()
Called fire()
Past the end of training data. Read and discard all inputs.
Checking for deadlock:
There are 3 Blocked actors, 0 Stopped actors, and 4 active threads.
Waiting for actors to stop.
Sent output token with value 5.0
Next port to read input from is inputA
Called postfire()
Called prefire()
Called fire()
Checking for deadlock:
There are 2 Blocked actors, 0 Stopped actors, and 4 active threads.
Waiting for actors to stop.
Called postfire()
Called prefire()
Called fire()
Checking for deadlock:
There are 3 Blocked actors, 0 Stopped actors, and 4 active threads.
Waiting for actors to stop.
Read input token from inputA with value 6.0
Checking for deadlock:
Called prefire()
There are 2 Blocked actors, 0 Stopped actors, and 4 active threads.
Called fire()
Waiting for actors to stop.
Past the end of training data. Read and discard all inputs.
Checking for deadlock:
There are 3 Blocked actors, 0 Stopped actors, and 4 active threads.
Waiting for actors to stop.
Sent output token with value 6.0
Next port to read input from is inputB
Called postfire()
Called prefire()
Called fire()
Read input token from inputB with value 7.5
Called postfire()
Called prefire()
Called fire()
Sent output token with value 6.0
Checking for deadlock:
There are 2 Blocked actors, 0 Stopped actors, and 4 active threads.
Waiting for actors to stop.
Called prefire()
Next port to read input from is inputA
Called postfire()
Called fire()
Called prefire()
Past the end of training data. Read and discard all inputs.
Called fire()
Checking for deadlock:
There are 2 Blocked actors, 0 Stopped actors, and 4 active threads.
Waiting for actors to stop.
Called postfire()
Read input token from inputA with value 7.0
Called prefire()
Called fire()
Sent output token with value 7.0
Checking for deadlock:
Called prefire()
There are 2 Blocked actors, 0 Stopped actors, and 4 active threads.
Called fire()
Past the end of training data. Read and discard all inputs.
Waiting for actors to stop.
Next port to read input from is inputA
Called postfire()
Called prefire()
Called fire()
Checking for deadlock:
There are 2 Blocked actors, 0 Stopped actors, and 4 active threads.
Waiting for actors to stop.
Read input token from inputA with value 8.0
-- Thread wrapup() called.
Called wrapup()
Sent output token with value 7.5
Thread .top.Ramp is exiting.
Next port to read input from is inputB
Called postfire()
Called prefire()
Called fire()
Called prefire()
Called fire()
Past the end of training data. Read and discard all inputs.
Read input token from inputB with value 9.0
-- Thread stopped.
Checking for deadlock:
There are 1 Blocked actors, 0 Stopped actors, and 3 active threads.
Waiting for actors to stop.
Sent output token with value 8.0
Next port to read input from is inputA
Called postfire()
Called prefire()
Called fire()
Read input token from inputA with value 9.0
Called postfire()
Called prefire()
Called fire()
Checking for deadlock:
There are 1 Blocked actors, 0 Stopped actors, and 3 active threads.
Waiting for actors to stop.
Called prefire()
Called fire()
Past the end of training data. Read and discard all inputs.
Checking for deadlock:
There are 2 Blocked actors, 0 Stopped actors, and 3 active threads.
Waiting for actors to stop.
Checking for deadlock:
There are 1 Blocked actors, 0 Stopped actors, and 3 active threads.
Waiting for actors to stop.
Called prefire()
Sent output token with value 9.0
Called fire()
Past the end of training data. Read and discard all inputs.
Next port to read input from is inputB
Called postfire()
Checking for deadlock:
There are 2 Blocked actors, 0 Stopped actors, and 3 active threads.
Waiting for actors to stop.
Called prefire()
Called fire()
Checking for deadlock:
There are 1 Blocked actors, 0 Stopped actors, and 3 active threads.
Waiting for actors to stop.
Called postfire()
Read input token from inputB with value 10.5
Called prefire()
Called fire()
Checking for deadlock:
Called prefire()
There are 1 Blocked actors, 0 Stopped actors, and 3 active threads.
Called fire()
Waiting for actors to stop.
Past the end of training data. Read and discard all inputs.
Sent output token with value 9.0
Checking for deadlock:
There are 2 Blocked actors, 0 Stopped actors, and 3 active threads.
Waiting for actors to stop.
Next port to read input from is inputA
Called postfire()
Called prefire()
Called fire()
Checking for deadlock:
There are 3 Blocked actors, 0 Stopped actors, and 3 active threads.
Actors have stopped.
Checking for deadlock:
There are 3 Blocked actors, 0 Stopped actors, and 3 active threads.
Deadlock detected.
Resolving Deadlock
Checking for deadlock:
There are 3 Blocked actors, 0 Stopped actors, and 3 active threads.
Artificial Deadlock - increasing queue capacity.
increasing the capacity of receiver ptolemy.actor.TypedIOPort {.top.OrderedMerge.inputB} to 2
Director: Called postfire().
Called postfire().
_stopRequested = false
_stopFireRequested = false
Returning from postfire(): true
Called fire().
Checking for deadlock:
There are 2 Blocked actors, 0 Stopped actors, and 3 active threads.
Waiting for actors to stop.
-- Thread wrapup() called.
Called wrapup()
Thread .top.Ramp2 is exiting.
-- Thread stopped.
Checking for deadlock:
There are 2 Blocked actors, 0 Stopped actors, and 2 active threads.
Actors have stopped.
Checking for deadlock:
There are 2 Blocked actors, 0 Stopped actors, and 2 active threads.
Deadlock detected.
Resolving Deadlock
Checking for deadlock:
There are 2 Blocked actors, 0 Stopped actors, and 2 active threads.
Deadlock detected: no processes blocked on write, but some are blocked on read.
Called postfire().
_stopRequested = false
_stopFireRequested = false
Returning from postfire(): false
Finished deactivating branches.
Called wrapup().
-- Thread wrapup() called.
Called wrapup()
-- Thread wrapup() called.
Called wrapup()
Thread .top.OrderedMerge is exiting.
-- Thread stopped.
Thread .top.Test is exiting.
-- Thread stopped.
-- Blocked Receiver call threw TerminateProcessException.
53 ms. Memory: 120832K Free: 65839K (54%)
-- Blocked Receiver call threw TerminateProcessException.
/home/travis/build/icyphy/ptII/ptolemy/actor/lib/test/Publisher.tcl
17 ms. Memory: 120832K Free: 60205K (50%)
7 ms. Memory: 120832K Free: 54575K (45%)
6 ms. Memory: 120832K Free: 50989K (42%)
7 ms. Memory: 120832K Free: 49935K (41%)
4 ms. Memory: 120832K Free: 48941K (41%)
15 ms. Memory: 120832K Free: 48431K (40%)
2 ms. Memory: 120832K Free: 47407K (39%)
5 ms. Memory: 120832K Free: 46863K (39%)
35 ms. Memory: 146432K Free: 130645K (89%)
4 ms. Memory: 146432K Free: 127061K (87%)
7 ms. Memory: 146432K Free: 126541K (86%)
5 ms. Memory: 146432K Free: 123989K (85%)
7 ms. Memory: 146432K Free: 116293K (79%)
6 ms. Memory: 146432K Free: 106581K (73%)
17 ms. Memory: 146432K Free: 95813K (65%)
/home/travis/build/icyphy/ptII/ptolemy/actor/lib/test/Pulse.tcl
5 ms. Memory: 146432K Free: 126844K (87%)
6 ms. Memory: 146432K Free: 126316K (86%)
1 ms. Memory: 146432K Free: 125820K (86%)
1 ms. Memory: 146432K Free: 125276K (86%)
1 ms. Memory: 146432K Free: 124796K (85%)
11 ms. Memory: 146432K Free: 123772K (85%)
3 ms. Memory: 146432K Free: 122748K (84%)
1 ms. Memory: 146432K Free: 121724K (83%)
9 ms. Memory: 146432K Free: 121180K (83%)
/home/travis/build/icyphy/ptII/ptolemy/actor/lib/test/Ramp.tcl
3 ms. Memory: 146432K Free: 119156K (81%)
2 ms. Memory: 146432K Free: 118652K (81%)
2 ms. Memory: 146432K Free: 117628K (80%)
2 ms. Memory: 146432K Free: 117108K (80%)
12 ms. Memory: 146432K Free: 116084K (79%)
12 ms. Memory: 146432K Free: 115066K (79%)
15 ms. Memory: 146432K Free: 114556K (78%)
5 actors
11000 microseconds per iteration to create
5 ms. Memory: 146432K Free: 111484K (76%)
6 ms. Memory: 146432K Free: 110970K (76%)
6 ms. Memory: 146432K Free: 110460K (75%)
8 ms. Memory: 146432K Free: 109940K (75%)
50 actors
59000 microseconds per iteration to create
26 ms. Memory: 146432K Free: 94076K (64%)
5 ms. Memory: 146432K Free: 93052K (64%)
5 ms. Memory: 146432K Free: 92028K (63%)
15 ms. Memory: 146432K Free: 91004K (62%)
500 actors
1657000 microseconds per iteration to create
294 ms. Memory: 146432K Free: 78965K (54%)
40 ms. Memory: 146432K Free: 73830K (50%)
41 ms. Memory: 146432K Free: 68725K (47%)
42 ms. Memory: 146432K Free: 63605K (43%)
/home/travis/build/icyphy/ptII/ptolemy/actor/lib/test/RampContinuous.tcl
11 ms. Memory: 146432K Free: 62071K (42%)
/home/travis/build/icyphy/ptII/ptolemy/actor/lib/test/RecordAssembler.tcl
7 ms. Memory: 146432K Free: 60533K (41%)
3 ms. Memory: 146432K Free: 59494K (41%)
/home/travis/build/icyphy/ptII/ptolemy/actor/lib/test/RecordDisassembler.tcl
15 ms. Memory: 146432K Free: 57461K (39%)
3 ms. Memory: 146432K Free: 56951K (39%)
4 ms. Memory: 146432K Free: 55413K (38%)
/home/travis/build/icyphy/ptII/ptolemy/actor/lib/test/Scale.tcl
5 ms. Memory: 146432K Free: 53879K (37%)
2 ms. Memory: 146432K Free: 53334K (36%)
2 ms. Memory: 146432K Free: 52341K (36%)
3 ms. Memory: 146432K Free: 51302K (35%)
6 ms. Memory: 146432K Free: 50807K (35%)
/home/travis/build/icyphy/ptII/ptolemy/actor/lib/test/SequentialClock.tcl
preinitializing
resolving types
initializing
executing number 1
wrapping up
idle
3 ms. Memory: 146432K Free: 49262K (34%)
Completed execution with 5 iterations
preinitializing
resolving types
initializing
executing number 1
wrapping up
idle
1 ms. Memory: 146432K Free: 48759K (33%)
Completed execution with 5 iterations
preinitializing
resolving types
initializing
executing number 1
wrapping up
idle
1 ms. Memory: 146432K Free: 48245K (33%)
Completed execution with 5 iterations
/home/travis/build/icyphy/ptII/ptolemy/actor/lib/test/SetVariable.tcl
4 ms. Memory: 146432K Free: 46711K (32%)


==== $PTII/ptolemy/actor/lib/test/SetVariable.tcl: SetVariable-3.1 changeFailed
==== Contents of test case:

    #Uses 2.1 above
    jdkCaptureErr {
        # This test was failing if we ran Exit.tcl and then this test.
        # MessageHandler.error() now actually throws the Exception.
	catch {$setVariable changeFailed [java::null]  [java::new Exception {Test exception for SetVariable.changeFailed()}]} errMsg
    } results
    list [string range $results 0 89] "\n" $errMsg

==== Result was:
{java.lang.Exception: Test exception for SetVariable.changeFailed()
	at java.base/jdk.inter} {
} {java.lang.RuntimeException: java.lang.Exception: Test exception for SetVariable.changeFailed()}
---- Result should have been:
{Failed to set variable.
java.lang.Exception: Test exception for SetVariable.changeFailed()} {
} {java.lang.RuntimeException: java.lang.Exception: Test exception for SetVariable.changeFailed()}
---- SetVariable-3.1 FAILED
/home/travis/build/icyphy/ptII/ptolemy/actor/lib/test/Sinewave.tcl
/home/travis/build/icyphy/ptII/ptolemy/actor/lib/test/SubscriptionAggregator.tcl
5 ms. Memory: 179200K Free: 144758K (81%)
10 ms. Memory: 179200K Free: 144229K (80%)
2 ms. Memory: 179200K Free: 143734K (80%)
1 ms. Memory: 179200K Free: 143205K (80%)
5 ms. Memory: 179200K Free: 139638K (78%)
10 ms. Memory: 179200K Free: 137590K (77%)
...............................................................1095 ms. Memory: 281600K Free: 217212K (77%)
/home/travis/build/icyphy/ptII/ptolemy/actor/lib/test/Test.tcl
 The next command will produce a warning about training mode,
   which may be ignored.
5 ms. Memory: 281600K Free: 215166K (76%)
7 ms. Memory: 281600K Free: 214142K (76%)
2 ms. Memory: 281600K Free: 213613K (76%)
2 ms. Memory: 281600K Free: 213118K (76%)
7 ms. Memory: 281600K Free: 212597K (75%)
9 ms. Memory: 281600K Free: 211070K (75%)
8 ms. Memory: 281600K Free: 210044K (75%)
 The next command will produce a warning about training mode,
   which may be ignored.
4 ms. Memory: 281600K Free: 207484K (74%)
 The next command will produce a warning about training mode,
   which may be ignored.
8 ms. Memory: 281600K Free: 206460K (73%)
1 ms. Memory: 281600K Free: 205950K (73%)
1 ms. Memory: 281600K Free: 205421K (73%)
2 ms. Memory: 281600K Free: 204926K (73%)
9 ms. Memory: 281600K Free: 203902K (72%)
4 ms. Memory: 281600K Free: 200285K (71%)
/home/travis/build/icyphy/ptII/ptolemy/actor/lib/test/TestExceptionHandler.tcl
 The next command will produce a warning about training mode,
   which may be ignored.
3 ms. Memory: 281600K Free: 198782K (71%)
1 ms. Memory: 281600K Free: 198237K (70%)
1 ms. Memory: 281600K Free: 197758K (70%)
/home/travis/build/icyphy/ptII/ptolemy/actor/lib/test/UnionDisassembler.tcl
37 ms. Memory: 281600K Free: 190590K (68%)
/home/travis/build/icyphy/ptII/ptolemy/actor/lib/test/VariableClock.tcl
preinitializing
resolving types
initializing
executing number 1
wrapping up
idle
10 ms. Memory: 281600K Free: 188542K (67%)
Completed execution with 11 iterations
preinitializing
resolving types
initializing
executing number 1
wrapping up
idle
10 ms. Memory: 281600K Free: 187004K (66%)
Completed execution with 10 iterations
08/13/19 05:27:26
Failed: 1  Total Tests: 234  ((Passed: 233, Newly Passed: 0)  Known Failed: 0) /home/travis/build/icyphy/ptII/ptolemy/actor/lib/test
----------------- testing (KnownFailure) /home/travis/build/icyphy/ptII/ptolemy/actor/lib/test/auto/knownFailedTests/PublisherPortToplevelSubscriber.xml
1 ms. Memory: 281600K Free: 183932K (65%)
Known Failure: java.lang.reflect.InvocationTargetException
----------------- testing (KnownFailure) /home/travis/build/icyphy/ptII/ptolemy/actor/lib/test/auto/knownFailedTests/PublisherSubscriberPortToplevel.xml
0 ms. Memory: 281600K Free: 179836K (64%)
Known Failure: java.lang.reflect.InvocationTargetException
----------------- testing (KnownFailure) /home/travis/build/icyphy/ptII/ptolemy/actor/lib/test/auto/knownFailedTests/PublisherSubscriptionAggregatorPort.xml
0 ms. Memory: 281600K Free: 175740K (62%)
Known Failure: java.lang.reflect.InvocationTargetException
----------------- testing (KnownFailure) /home/travis/build/icyphy/ptII/ptolemy/actor/lib/test/auto/knownFailedTests/sizedarray3.xml
6 ms. Memory: 281600K Free: 170620K (61%)
Known Failure: java.lang.reflect.InvocationTargetException
No auto/linux-amd64/*.xml tests in /home/travis/build/icyphy/ptII/ptolemy/actor/lib/test
AutoTests.java: About to close Vertx.
AutoTests.java: Vertx closed.

===========================================================================================
----------------- testing Tue Aug 13 05:27:27 UTC 2019 /home/travis/build/icyphy/ptII/ptolemy/actor/lib/test/auto/AbsoluteValue.xml
----------------- Instantiating /home/travis/build/icyphy/ptII/ptolemy/actor/lib/test/auto/AbsoluteValue.xml
25 ms. Memory: 281600K Free: 147582K (52%)
----------------- Invoking toplevel() on ptolemy.moml.MoMLSimpleApplication@742cbe64
----------------- Done invoking toplevel() on ptolemy.moml.MoMLSimpleApplication@742cbe64
reloadAllAccessors: .AbsoluteValue

===========================================================================================
----------------- testing Tue Aug 13 05:27:27 UTC 2019 /home/travis/build/icyphy/ptII/ptolemy/actor/lib/test/auto/AbsoluteValue2.xml
----------------- Instantiating /home/travis/build/icyphy/ptII/ptolemy/actor/lib/test/auto/AbsoluteValue2.xml
4 ms. Memory: 281600K Free: 140924K (50%)
----------------- Invoking toplevel() on ptolemy.moml.MoMLSimpleApplication@32faaf
----------------- Done invoking toplevel() on ptolemy.moml.MoMLSimpleApplication@32faaf
reloadAllAccessors: .AbsoluteValue2

===========================================================================================
----------------- testing Tue Aug 13 05:27:27 UTC 2019 /home/travis/build/icyphy/ptII/ptolemy/actor/lib/test/auto/Accumulator.xml
----------------- Instantiating /home/travis/build/icyphy/ptII/ptolemy/actor/lib/test/auto/Accumulator.xml
6 ms. Memory: 281600K Free: 134270K (48%)
----------------- Invoking toplevel() on ptolemy.moml.MoMLSimpleApplication@43fe6998
----------------- Done invoking toplevel() on ptolemy.moml.MoMLSimpleApplication@43fe6998
reloadAllAccessors: .Accumulator

===========================================================================================
----------------- testing Tue Aug 13 05:27:27 UTC 2019 /home/travis/build/icyphy/ptII/ptolemy/actor/lib/test/auto/Accumulator2.xml
----------------- Instantiating /home/travis/build/icyphy/ptII/ptolemy/actor/lib/test/auto/Accumulator2.xml
4 ms. Memory: 281600K Free: 129150K (46%)
----------------- Invoking toplevel() on ptolemy.moml.MoMLSimpleApplication@58c4ad44
----------------- Done invoking toplevel() on ptolemy.moml.MoMLSimpleApplication@58c4ad44
reloadAllAccessors: .Accumulator2

===========================================================================================
----------------- testing Tue Aug 13 05:27:27 UTC 2019 /home/travis/build/icyphy/ptII/ptolemy/actor/lib/test/auto/Accumulator3.xml
----------------- Instantiating /home/travis/build/icyphy/ptII/ptolemy/actor/lib/test/auto/Accumulator3.xml
3 ms. Memory: 281600K Free: 124540K (44%)
----------------- Invoking toplevel() on ptolemy.moml.MoMLSimpleApplication@5bb7fafc
----------------- Done invoking toplevel() on ptolemy.moml.MoMLSimpleApplication@5bb7fafc
reloadAllAccessors: .Accumulator3

===========================================================================================
----------------- testing Tue Aug 13 05:27:27 UTC 2019 /home/travis/build/icyphy/ptII/ptolemy/actor/lib/test/auto/ArrayAppend.xml
----------------- Instantiating /home/travis/build/icyphy/ptII/ptolemy/actor/lib/test/auto/ArrayAppend.xml
10 ms. Memory: 281600K Free: 118910K (42%)
----------------- Invoking toplevel() on ptolemy.moml.MoMLSimpleApplication@2066099e
----------------- Done invoking toplevel() on ptolemy.moml.MoMLSimpleApplication@2066099e
reloadAllAccessors: .ArrayAppend

===========================================================================================
----------------- testing Tue Aug 13 05:27:27 UTC 2019 /home/travis/build/icyphy/ptII/ptolemy/actor/lib/test/auto/ArrayAppend2.xml
----------------- Instantiating /home/travis/build/icyphy/ptII/ptolemy/actor/lib/test/auto/ArrayAppend2.xml
477 ms. Memory: 281600K Free: 193862K (69%)
----------------- Invoking toplevel() on ptolemy.moml.MoMLSimpleApplication@d5ec28c
----------------- Done invoking toplevel() on ptolemy.moml.MoMLSimpleApplication@d5ec28c
reloadAllAccessors: .ArrayAppend2

===========================================================================================
----------------- testing Tue Aug 13 05:27:28 UTC 2019 /home/travis/build/icyphy/ptII/ptolemy/actor/lib/test/auto/ArrayAppend3.xml
----------------- Instantiating /home/travis/build/icyphy/ptII/ptolemy/actor/lib/test/auto/ArrayAppend3.xml
4 ms. Memory: 281600K Free: 187718K (67%)
----------------- Invoking toplevel() on ptolemy.moml.MoMLSimpleApplication@18b5cd36
----------------- Done invoking toplevel() on ptolemy.moml.MoMLSimpleApplication@18b5cd36
reloadAllAccessors: .ArrayAppend3

===========================================================================================
----------------- testing Tue Aug 13 05:27:28 UTC 2019 /home/travis/build/icyphy/ptII/ptolemy/actor/lib/test/auto/ArrayAppend4.xml
----------------- Instantiating /home/travis/build/icyphy/ptII/ptolemy/actor/lib/test/auto/ArrayAppend4.xml
5 ms. Memory: 281600K Free: 182598K (65%)
----------------- Invoking toplevel() on ptolemy.moml.MoMLSimpleApplication@18846daa
----------------- Done invoking toplevel() on ptolemy.moml.MoMLSimpleApplication@18846daa
reloadAllAccessors: .ArrayAppend4

===========================================================================================
----------------- testing Tue Aug 13 05:27:28 UTC 2019 /home/travis/build/icyphy/ptII/ptolemy/actor/lib/test/auto/ArrayAppend5.xml
----------------- Instantiating /home/travis/build/icyphy/ptII/ptolemy/actor/lib/test/auto/ArrayAppend5.xml
2 ms. Memory: 281600K Free: 177478K (63%)
----------------- Invoking toplevel() on ptolemy.moml.MoMLSimpleApplication@1f355096
----------------- Done invoking toplevel() on ptolemy.moml.MoMLSimpleApplication@1f355096
reloadAllAccessors: .ArrayAppend5

===========================================================================================
----------------- testing Tue Aug 13 05:27:28 UTC 2019 /home/travis/build/icyphy/ptII/ptolemy/actor/lib/test/auto/ArrayAppend6.xml
----------------- Instantiating /home/travis/build/icyphy/ptII/ptolemy/actor/lib/test/auto/ArrayAppend6.xml
4 ms. Memory: 281600K Free: 171848K (61%)
----------------- Invoking toplevel() on ptolemy.moml.MoMLSimpleApplication@4a29ae12
----------------- Done invoking toplevel() on ptolemy.moml.MoMLSimpleApplication@4a29ae12
reloadAllAccessors: .ArrayAppend6

===========================================================================================
----------------- testing Tue Aug 13 05:27:28 UTC 2019 /home/travis/build/icyphy/ptII/ptolemy/actor/lib/test/auto/ArrayAppendPerformanceTest.xml
----------------- Instantiating /home/travis/build/icyphy/ptII/ptolemy/actor/lib/test/auto/ArrayAppendPerformanceTest.xml
33 ms. Memory: 281600K Free: 161094K (57%)
----------------- Invoking toplevel() on ptolemy.moml.MoMLSimpleApplication@750c0728
----------------- Done invoking toplevel() on ptolemy.moml.MoMLSimpleApplication@750c0728
reloadAllAccessors: .ArrayAppendPerformanceTest

===========================================================================================
----------------- testing Tue Aug 13 05:27:28 UTC 2019 /home/travis/build/icyphy/ptII/ptolemy/actor/lib/test/auto/ArrayAppendWithEmptyInput.xml
----------------- Instantiating /home/travis/build/icyphy/ptII/ptolemy/actor/lib/test/auto/ArrayAppendWithEmptyInput.xml
18 ms. Memory: 281600K Free: 152902K (54%)
----------------- Invoking toplevel() on ptolemy.moml.MoMLSimpleApplication@5f8e4d5f
----------------- Done invoking toplevel() on ptolemy.moml.MoMLSimpleApplication@5f8e4d5f
reloadAllAccessors: .ArrayAppendWithEmptyInput

===========================================================================================
----------------- testing Tue Aug 13 05:27:28 UTC 2019 /home/travis/build/icyphy/ptII/ptolemy/actor/lib/test/auto/ArrayAverage.xml
----------------- Instantiating /home/travis/build/icyphy/ptII/ptolemy/actor/lib/test/auto/ArrayAverage.xml
13 ms. Memory: 281600K Free: 145224K (52%)
----------------- Invoking toplevel() on ptolemy.moml.MoMLSimpleApplication@1ebe755e
----------------- Done invoking toplevel() on ptolemy.moml.MoMLSimpleApplication@1ebe755e
reloadAllAccessors: .ArrayAverage

===========================================================================================
----------------- testing Tue Aug 13 05:27:28 UTC 2019 /home/travis/build/icyphy/ptII/ptolemy/actor/lib/test/auto/ArrayContains.xml
----------------- Instantiating /home/travis/build/icyphy/ptII/ptolemy/actor/lib/test/auto/ArrayContains.xml
9 ms. Memory: 281600K Free: 139080K (49%)
----------------- Invoking toplevel() on ptolemy.moml.MoMLSimpleApplication@2493ea97
----------------- Done invoking toplevel() on ptolemy.moml.MoMLSimpleApplication@2493ea97
reloadAllAccessors: .ArrayContains

===========================================================================================
----------------- testing Tue Aug 13 05:27:28 UTC 2019 /home/travis/build/icyphy/ptII/ptolemy/actor/lib/test/auto/ArrayElement.xml
----------------- Instantiating /home/travis/build/icyphy/ptII/ptolemy/actor/lib/test/auto/ArrayElement.xml
7 ms. Memory: 281600K Free: 133446K (47%)
----------------- Invoking toplevel() on ptolemy.moml.MoMLSimpleApplication@19292bc
----------------- Done invoking toplevel() on ptolemy.moml.MoMLSimpleApplication@19292bc
reloadAllAccessors: .ArrayElement

===========================================================================================
----------------- testing Tue Aug 13 05:27:28 UTC 2019 /home/travis/build/icyphy/ptII/ptolemy/actor/lib/test/auto/ArrayElementAsMatrix.xml
----------------- Instantiating /home/travis/build/icyphy/ptII/ptolemy/actor/lib/test/auto/ArrayElementAsMatrix.xml
35 ms. Memory: 281600K Free: 123720K (44%)
----------------- Invoking toplevel() on ptolemy.moml.MoMLSimpleApplication@30c0422
----------------- Done invoking toplevel() on ptolemy.moml.MoMLSimpleApplication@30c0422
reloadAllAccessors: .ArrayElementAsMatrix

===========================================================================================
----------------- testing Tue Aug 13 05:27:28 UTC 2019 /home/travis/build/icyphy/ptII/ptolemy/actor/lib/test/auto/ArrayElementI.xml
----------------- Instantiating /home/travis/build/icyphy/ptII/ptolemy/actor/lib/test/auto/ArrayElementI.xml
11 ms. Memory: 281600K Free: 118086K (42%)
----------------- Invoking toplevel() on ptolemy.moml.MoMLSimpleApplication@514e1089
----------------- Done invoking toplevel() on ptolemy.moml.MoMLSimpleApplication@514e1089
reloadAllAccessors: .ArrayElementI

===========================================================================================
----------------- testing Tue Aug 13 05:27:28 UTC 2019 /home/travis/build/icyphy/ptII/ptolemy/actor/lib/test/auto/ArrayExtract.xml
----------------- Instantiating /home/travis/build/icyphy/ptII/ptolemy/actor/lib/test/auto/ArrayExtract.xml
4 ms. Memory: 281600K Free: 109894K (39%)
----------------- Invoking toplevel() on ptolemy.moml.MoMLSimpleApplication@43ada470
----------------- Done invoking toplevel() on ptolemy.moml.MoMLSimpleApplication@43ada470
reloadAllAccessors: .ArrayExtract

===========================================================================================
----------------- testing Tue Aug 13 05:27:28 UTC 2019 /home/travis/build/icyphy/ptII/ptolemy/actor/lib/test/auto/ArrayExtract2.xml
----------------- Instantiating /home/travis/build/icyphy/ptII/ptolemy/actor/lib/test/auto/ArrayExtract2.xml
3 ms. Memory: 281600K Free: 104774K (37%)
----------------- Invoking toplevel() on ptolemy.moml.MoMLSimpleApplication@75047c37
----------------- Done invoking toplevel() on ptolemy.moml.MoMLSimpleApplication@75047c37
reloadAllAccessors: .ArrayExtract2

===========================================================================================
----------------- testing Tue Aug 13 05:27:28 UTC 2019 /home/travis/build/icyphy/ptII/ptolemy/actor/lib/test/auto/ArrayLength.xml
----------------- Instantiating /home/travis/build/icyphy/ptII/ptolemy/actor/lib/test/auto/ArrayLength.xml
2 ms. Memory: 281600K Free: 100678K (36%)
----------------- Invoking toplevel() on ptolemy.moml.MoMLSimpleApplication@6fd8c470
----------------- Done invoking toplevel() on ptolemy.moml.MoMLSimpleApplication@6fd8c470
reloadAllAccessors: .ArrayLength

===========================================================================================
----------------- testing Tue Aug 13 05:27:28 UTC 2019 /home/travis/build/icyphy/ptII/ptolemy/actor/lib/test/auto/ArrayLevelCrossing.xml
----------------- Instantiating /home/travis/build/icyphy/ptII/ptolemy/actor/lib/test/auto/ArrayLevelCrossing.xml
5 ms. Memory: 281600K Free: 92486K (33%)
----------------- Invoking toplevel() on ptolemy.moml.MoMLSimpleApplication@20b6c61f
----------------- Done invoking toplevel() on ptolemy.moml.MoMLSimpleApplication@20b6c61f
reloadAllAccessors: .ArrayLevelCrossing

===========================================================================================
----------------- testing Tue Aug 13 05:27:28 UTC 2019 /home/travis/build/icyphy/ptII/ptolemy/actor/lib/test/auto/ArrayLevelCrossing2.xml
----------------- Instantiating /home/travis/build/icyphy/ptII/ptolemy/actor/lib/test/auto/ArrayLevelCrossing2.xml
3 ms. Memory: 281600K Free: 85303K (30%)
----------------- Invoking toplevel() on ptolemy.moml.MoMLSimpleApplication@599640a4
----------------- Done invoking toplevel() on ptolemy.moml.MoMLSimpleApplication@599640a4
reloadAllAccessors: .ArrayLevelCrossing2

===========================================================================================
----------------- testing Tue Aug 13 05:27:28 UTC 2019 /home/travis/build/icyphy/ptII/ptolemy/actor/lib/test/auto/ArrayPeakSearch.xml
----------------- Instantiating /home/travis/build/icyphy/ptII/ptolemy/actor/lib/test/auto/ArrayPeakSearch.xml
4 ms. Memory: 281600K Free: 231743K (82%)
----------------- Invoking toplevel() on ptolemy.moml.MoMLSimpleApplication@18d6a192
----------------- Done invoking toplevel() on ptolemy.moml.MoMLSimpleApplication@18d6a192
reloadAllAccessors: .ArrayPeakSearch

===========================================================================================
----------------- testing Tue Aug 13 05:27:29 UTC 2019 /home/travis/build/icyphy/ptII/ptolemy/actor/lib/test/auto/ArrayPeakSearch2.xml
----------------- Instantiating /home/travis/build/icyphy/ptII/ptolemy/actor/lib/test/auto/ArrayPeakSearch2.xml
7 ms. Memory: 281600K Free: 221000K (78%)
----------------- Invoking toplevel() on ptolemy.moml.MoMLSimpleApplication@62ba9ca4
----------------- Done invoking toplevel() on ptolemy.moml.MoMLSimpleApplication@62ba9ca4
reloadAllAccessors: .ArrayPeakSearch2

===========================================================================================
----------------- testing Tue Aug 13 05:27:29 UTC 2019 /home/travis/build/icyphy/ptII/ptolemy/actor/lib/test/auto/ArrayPeakSearch3.xml
----------------- Instantiating /home/travis/build/icyphy/ptII/ptolemy/actor/lib/test/auto/ArrayPeakSearch3.xml
6 ms. Memory: 281600K Free: 212294K (75%)
----------------- Invoking toplevel() on ptolemy.moml.MoMLSimpleApplication@5662da87
----------------- Done invoking toplevel() on ptolemy.moml.MoMLSimpleApplication@5662da87
reloadAllAccessors: .ArrayPeakSearch3

===========================================================================================
----------------- testing Tue Aug 13 05:27:29 UTC 2019 /home/travis/build/icyphy/ptII/ptolemy/actor/lib/test/auto/ArrayRemoveElement.xml
----------------- Instantiating /home/travis/build/icyphy/ptII/ptolemy/actor/lib/test/auto/ArrayRemoveElement.xml
4 ms. Memory: 281600K Free: 204102K (72%)
----------------- Invoking toplevel() on ptolemy.moml.MoMLSimpleApplication@7b31c17e
----------------- Done invoking toplevel() on ptolemy.moml.MoMLSimpleApplication@7b31c17e
reloadAllAccessors: .ArrayRemoveElement

===========================================================================================
----------------- testing Tue Aug 13 05:27:29 UTC 2019 /home/travis/build/icyphy/ptII/ptolemy/actor/lib/test/auto/ArraySort.xml
----------------- Instantiating /home/travis/build/icyphy/ptII/ptolemy/actor/lib/test/auto/ArraySort.xml
7 ms. Memory: 281600K Free: 194886K (69%)
----------------- Invoking toplevel() on ptolemy.moml.MoMLSimpleApplication@4267d378
----------------- Done invoking toplevel() on ptolemy.moml.MoMLSimpleApplication@4267d378
reloadAllAccessors: .ArraySort

===========================================================================================
----------------- testing Tue Aug 13 05:27:29 UTC 2019 /home/travis/build/icyphy/ptII/ptolemy/actor/lib/test/auto/ArraySum.xml
----------------- Instantiating /home/travis/build/icyphy/ptII/ptolemy/actor/lib/test/auto/ArraySum.xml
6 ms. Memory: 281600K Free: 189256K (67%)
----------------- Invoking toplevel() on ptolemy.moml.MoMLSimpleApplication@379ea30b
----------------- Done invoking toplevel() on ptolemy.moml.MoMLSimpleApplication@379ea30b
reloadAllAccessors: .ArraySum

===========================================================================================
----------------- testing Tue Aug 13 05:27:29 UTC 2019 /home/travis/build/icyphy/ptII/ptolemy/actor/lib/test/auto/ArrayToElements.xml
----------------- Instantiating /home/travis/build/icyphy/ptII/ptolemy/actor/lib/test/auto/ArrayToElements.xml
6 ms. Memory: 281600K Free: 184136K (65%)
----------------- Invoking toplevel() on ptolemy.moml.MoMLSimpleApplication@4c9d28f9
----------------- Done invoking toplevel() on ptolemy.moml.MoMLSimpleApplication@4c9d28f9
reloadAllAccessors: .ArrayToElements

===========================================================================================
----------------- testing Tue Aug 13 05:27:29 UTC 2019 /home/travis/build/icyphy/ptII/ptolemy/actor/lib/test/auto/ArrayToMatrix.xml
----------------- Instantiating /home/travis/build/icyphy/ptII/ptolemy/actor/lib/test/auto/ArrayToMatrix.xml
22 ms. Memory: 281600K Free: 169800K (60%)
----------------- Invoking toplevel() on ptolemy.moml.MoMLSimpleApplication@c35805f
----------------- Done invoking toplevel() on ptolemy.moml.MoMLSimpleApplication@c35805f
reloadAllAccessors: .ArrayToMatrix

===========================================================================================
----------------- testing Tue Aug 13 05:27:29 UTC 2019 /home/travis/build/icyphy/ptII/ptolemy/actor/lib/test/auto/ArrayUpdate1.xml
----------------- Instantiating /home/travis/build/icyphy/ptII/ptolemy/actor/lib/test/auto/ArrayUpdate1.xml
4 ms. Memory: 281600K Free: 165190K (59%)
----------------- Invoking toplevel() on ptolemy.moml.MoMLSimpleApplication@3ad8e7b6
----------------- Done invoking toplevel() on ptolemy.moml.MoMLSimpleApplication@3ad8e7b6
reloadAllAccessors: .ArrayUpdate1

===========================================================================================
----------------- testing Tue Aug 13 05:27:29 UTC 2019 /home/travis/build/icyphy/ptII/ptolemy/actor/lib/test/auto/ArrayUpdate2.xml
----------------- Instantiating /home/travis/build/icyphy/ptII/ptolemy/actor/lib/test/auto/ArrayUpdate2.xml
6 ms. Memory: 281600K Free: 158536K (56%)
----------------- Invoking toplevel() on ptolemy.moml.MoMLSimpleApplication@7ad5603b
----------------- Done invoking toplevel() on ptolemy.moml.MoMLSimpleApplication@7ad5603b
reloadAllAccessors: .ArrayUpdate2

===========================================================================================
----------------- testing Tue Aug 13 05:27:29 UTC 2019 /home/travis/build/icyphy/ptII/ptolemy/actor/lib/test/auto/ArrayUpdate3.xml
----------------- Instantiating /home/travis/build/icyphy/ptII/ptolemy/actor/lib/test/auto/ArrayUpdate3.xml
2 ms. Memory: 281600K Free: 153926K (55%)
----------------- Invoking toplevel() on ptolemy.moml.MoMLSimpleApplication@15d94cb6
----------------- Done invoking toplevel() on ptolemy.moml.MoMLSimpleApplication@15d94cb6
reloadAllAccessors: .ArrayUpdate3

===========================================================================================
----------------- testing Tue Aug 13 05:27:29 UTC 2019 /home/travis/build/icyphy/ptII/ptolemy/actor/lib/test/auto/Assert1.xml
----------------- Instantiating /home/travis/build/icyphy/ptII/ptolemy/actor/lib/test/auto/Assert1.xml
9 ms. Memory: 281600K Free: 149320K (53%)
----------------- Invoking toplevel() on ptolemy.moml.MoMLSimpleApplication@3737c643
----------------- Done invoking toplevel() on ptolemy.moml.MoMLSimpleApplication@3737c643
reloadAllAccessors: .Assert1

===========================================================================================
----------------- testing Tue Aug 13 05:27:29 UTC 2019 /home/travis/build/icyphy/ptII/ptolemy/actor/lib/test/auto/Assert2.xml
----------------- Instantiating /home/travis/build/icyphy/ptII/ptolemy/actor/lib/test/auto/Assert2.xml
3 ms. Memory: 281600K Free: 144710K (51%)
----------------- Invoking toplevel() on ptolemy.moml.MoMLSimpleApplication@7a33d92a
----------------- Done invoking toplevel() on ptolemy.moml.MoMLSimpleApplication@7a33d92a
reloadAllAccessors: .Assert2

===========================================================================================
----------------- testing Tue Aug 13 05:27:29 UTC 2019 /home/travis/build/icyphy/ptII/ptolemy/actor/lib/test/auto/BooleanMultiplexor.xml
----------------- Instantiating /home/travis/build/icyphy/ptII/ptolemy/actor/lib/test/auto/BooleanMultiplexor.xml
2 ms. Memory: 281600K Free: 139080K (49%)
----------------- Invoking toplevel() on ptolemy.moml.MoMLSimpleApplication@d690c57
----------------- Done invoking toplevel() on ptolemy.moml.MoMLSimpleApplication@d690c57
reloadAllAccessors: .BooleanMultiplexor

===========================================================================================
----------------- testing Tue Aug 13 05:27:29 UTC 2019 /home/travis/build/icyphy/ptII/ptolemy/actor/lib/test/auto/BooleanMultiplexor2.xml
----------------- Instantiating /home/travis/build/icyphy/ptII/ptolemy/actor/lib/test/auto/BooleanMultiplexor2.xml
11 ms. Memory: 281600K Free: 132936K (47%)
----------------- Invoking toplevel() on ptolemy.moml.MoMLSimpleApplication@51da9e59
----------------- Done invoking toplevel() on ptolemy.moml.MoMLSimpleApplication@51da9e59
reloadAllAccessors: .BooleanMultiplexor2

===========================================================================================
----------------- testing Tue Aug 13 05:27:29 UTC 2019 /home/travis/build/icyphy/ptII/ptolemy/actor/lib/test/auto/BooleanMultiplexor3.xml
----------------- Instantiating /home/travis/build/icyphy/ptII/ptolemy/actor/lib/test/auto/BooleanMultiplexor3.xml
1 ms. Memory: 281600K Free: 128840K (46%)
----------------- Invoking toplevel() on ptolemy.moml.MoMLSimpleApplication@77f19f6c
----------------- Done invoking toplevel() on ptolemy.moml.MoMLSimpleApplication@77f19f6c
reloadAllAccessors: .BooleanMultiplexor3

===========================================================================================
----------------- testing Tue Aug 13 05:27:29 UTC 2019 /home/travis/build/icyphy/ptII/ptolemy/actor/lib/test/auto/BooleanSelect.xml
----------------- Instantiating /home/travis/build/icyphy/ptII/ptolemy/actor/lib/test/auto/BooleanSelect.xml
8 ms. Memory: 281600K Free: 123191K (44%)
----------------- Invoking toplevel() on ptolemy.moml.MoMLSimpleApplication@4ea69cc0
----------------- Done invoking toplevel() on ptolemy.moml.MoMLSimpleApplication@4ea69cc0
reloadAllAccessors: .BooleanSelect

===========================================================================================
----------------- testing Tue Aug 13 05:27:29 UTC 2019 /home/travis/build/icyphy/ptII/ptolemy/actor/lib/test/auto/BooleanSelect2.xml
----------------- Instantiating /home/travis/build/icyphy/ptII/ptolemy/actor/lib/test/auto/BooleanSelect2.xml
1 ms. Memory: 281600K Free: 118600K (42%)
----------------- Invoking toplevel() on ptolemy.moml.MoMLSimpleApplication@314ff007
----------------- Done invoking toplevel() on ptolemy.moml.MoMLSimpleApplication@314ff007
reloadAllAccessors: .BooleanSelect2

===========================================================================================
----------------- testing Tue Aug 13 05:27:29 UTC 2019 /home/travis/build/icyphy/ptII/ptolemy/actor/lib/test/auto/BooleanSwitch.xml
----------------- Instantiating /home/travis/build/icyphy/ptII/ptolemy/actor/lib/test/auto/BooleanSwitch.xml
2 ms. Memory: 281600K Free: 112966K (40%)
----------------- Invoking toplevel() on ptolemy.moml.MoMLSimpleApplication@2dd5c991
----------------- Done invoking toplevel() on ptolemy.moml.MoMLSimpleApplication@2dd5c991
reloadAllAccessors: .BooleanSwitch

===========================================================================================
----------------- testing Tue Aug 13 05:27:29 UTC 2019 /home/travis/build/icyphy/ptII/ptolemy/actor/lib/test/auto/BooleanSwitch2.xml
----------------- Instantiating /home/travis/build/icyphy/ptII/ptolemy/actor/lib/test/auto/BooleanSwitch2.xml
1 ms. Memory: 281600K Free: 108360K (38%)
----------------- Invoking toplevel() on ptolemy.moml.MoMLSimpleApplication@43103fa0
----------------- Done invoking toplevel() on ptolemy.moml.MoMLSimpleApplication@43103fa0
reloadAllAccessors: .BooleanSwitch2

===========================================================================================
----------------- testing Tue Aug 13 05:27:29 UTC 2019 /home/travis/build/icyphy/ptII/ptolemy/actor/lib/test/auto/BooleanSwitchCloningBugWithClassRelationGroup.xml
----------------- Instantiating /home/travis/build/icyphy/ptII/ptolemy/actor/lib/test/auto/BooleanSwitchCloningBugWithClassRelationGroup.xml
5 ms. Memory: 281600K Free: 102216K (36%)
----------------- Invoking toplevel() on ptolemy.moml.MoMLSimpleApplication@f0d6b3f
----------------- Done invoking toplevel() on ptolemy.moml.MoMLSimpleApplication@f0d6b3f
reloadAllAccessors: .BooleanSwitchCloningBugWithClassRelationGroup

===========================================================================================
----------------- testing Tue Aug 13 05:27:29 UTC 2019 /home/travis/build/icyphy/ptII/ptolemy/actor/lib/test/auto/BusActors.xml
----------------- Instantiating /home/travis/build/icyphy/ptII/ptolemy/actor/lib/test/auto/BusActors.xml
7 ms. Memory: 281600K Free: 94024K (33%)
----------------- Invoking toplevel() on ptolemy.moml.MoMLSimpleApplication@2585d195
----------------- Done invoking toplevel() on ptolemy.moml.MoMLSimpleApplication@2585d195
reloadAllAccessors: .BusActors

===========================================================================================
----------------- testing Tue Aug 13 05:27:29 UTC 2019 /home/travis/build/icyphy/ptII/ptolemy/actor/lib/test/auto/ClassWrapper.xml
----------------- Instantiating /home/travis/build/icyphy/ptII/ptolemy/actor/lib/test/auto/ClassWrapper.xml
3 ms. Memory: 281600K Free: 89414K (32%)
----------------- Invoking toplevel() on ptolemy.moml.MoMLSimpleApplication@5534c02e
----------------- Done invoking toplevel() on ptolemy.moml.MoMLSimpleApplication@5534c02e
reloadAllAccessors: .ClassWrapper

===========================================================================================
----------------- testing Tue Aug 13 05:27:29 UTC 2019 /home/travis/build/icyphy/ptII/ptolemy/actor/lib/test/auto/Clock.xml
----------------- Instantiating /home/travis/build/icyphy/ptII/ptolemy/actor/lib/test/auto/Clock.xml
3 ms. Memory: 281600K Free: 85832K (30%)
----------------- Invoking toplevel() on ptolemy.moml.MoMLSimpleApplication@503b48b2
----------------- Done invoking toplevel() on ptolemy.moml.MoMLSimpleApplication@503b48b2
reloadAllAccessors: .Clock

===========================================================================================
----------------- testing Tue Aug 13 05:27:29 UTC 2019 /home/travis/build/icyphy/ptII/ptolemy/actor/lib/test/auto/Clock10.xml
----------------- Instantiating /home/travis/build/icyphy/ptII/ptolemy/actor/lib/test/auto/Clock10.xml
4 ms. Memory: 281600K Free: 79688K (28%)
----------------- Invoking toplevel() on ptolemy.moml.MoMLSimpleApplication@60b47fa7
----------------- Done invoking toplevel() on ptolemy.moml.MoMLSimpleApplication@60b47fa7
reloadAllAccessors: .Clock10

===========================================================================================
----------------- testing Tue Aug 13 05:27:29 UTC 2019 /home/travis/build/icyphy/ptII/ptolemy/actor/lib/test/auto/Clock11.xml
----------------- Instantiating /home/travis/build/icyphy/ptII/ptolemy/actor/lib/test/auto/Clock11.xml
7 ms. Memory: 281600K Free: 74054K (26%)
----------------- Invoking toplevel() on ptolemy.moml.MoMLSimpleApplication@4d30e73c
----------------- Done invoking toplevel() on ptolemy.moml.MoMLSimpleApplication@4d30e73c
reloadAllAccessors: .Clock11

===========================================================================================
----------------- testing Tue Aug 13 05:27:29 UTC 2019 /home/travis/build/icyphy/ptII/ptolemy/actor/lib/test/auto/Clock12.xml
----------------- Instantiating /home/travis/build/icyphy/ptII/ptolemy/actor/lib/test/auto/Clock12.xml
7 ms. Memory: 480256K Free: 430441K (90%)
----------------- Invoking toplevel() on ptolemy.moml.MoMLSimpleApplication@55e42762
----------------- Done invoking toplevel() on ptolemy.moml.MoMLSimpleApplication@55e42762
reloadAllAccessors: .Clock12

===========================================================================================
----------------- testing Tue Aug 13 05:27:29 UTC 2019 /home/travis/build/icyphy/ptII/ptolemy/actor/lib/test/auto/Clock13.xml
----------------- Instantiating /home/travis/build/icyphy/ptII/ptolemy/actor/lib/test/auto/Clock13.xml
6 ms. Memory: 480256K Free: 424291K (88%)
----------------- Invoking toplevel() on ptolemy.moml.MoMLSimpleApplication@496544e6
----------------- Done invoking toplevel() on ptolemy.moml.MoMLSimpleApplication@496544e6
reloadAllAccessors: .Clock13

===========================================================================================
----------------- testing Tue Aug 13 05:27:29 UTC 2019 /home/travis/build/icyphy/ptII/ptolemy/actor/lib/test/auto/Clock14.xml
----------------- Instantiating /home/travis/build/icyphy/ptII/ptolemy/actor/lib/test/auto/Clock14.xml
5 ms. Memory: 480256K Free: 418147K (87%)
----------------- Invoking toplevel() on ptolemy.moml.MoMLSimpleApplication@57b10702
----------------- Done invoking toplevel() on ptolemy.moml.MoMLSimpleApplication@57b10702
reloadAllAccessors: .Clock14

===========================================================================================
----------------- testing Tue Aug 13 05:27:29 UTC 2019 /home/travis/build/icyphy/ptII/ptolemy/actor/lib/test/auto/Clock15.xml
----------------- Instantiating /home/travis/build/icyphy/ptII/ptolemy/actor/lib/test/auto/Clock15.xml
3 ms. Memory: 480256K Free: 412523K (86%)
----------------- Invoking toplevel() on ptolemy.moml.MoMLSimpleApplication@412bf676
----------------- Done invoking toplevel() on ptolemy.moml.MoMLSimpleApplication@412bf676
reloadAllAccessors: .Clock15

===========================================================================================
----------------- testing Tue Aug 13 05:27:29 UTC 2019 /home/travis/build/icyphy/ptII/ptolemy/actor/lib/test/auto/Clock16.xml
----------------- Instantiating /home/travis/build/icyphy/ptII/ptolemy/actor/lib/test/auto/Clock16.xml
50 ms. Memory: 480256K Free: 397667K (83%)
----------------- Invoking toplevel() on ptolemy.moml.MoMLSimpleApplication@3496eb8d
----------------- Done invoking toplevel() on ptolemy.moml.MoMLSimpleApplication@3496eb8d
reloadAllAccessors: .Clock16

===========================================================================================
----------------- testing Tue Aug 13 05:27:30 UTC 2019 /home/travis/build/icyphy/ptII/ptolemy/actor/lib/test/auto/Clock17.xml
----------------- Instantiating /home/travis/build/icyphy/ptII/ptolemy/actor/lib/test/auto/Clock17.xml
17 ms. Memory: 480256K Free: 383851K (80%)
----------------- Invoking toplevel() on ptolemy.moml.MoMLSimpleApplication@2433985c
----------------- Done invoking toplevel() on ptolemy.moml.MoMLSimpleApplication@2433985c
reloadAllAccessors: .Clock17

===========================================================================================
----------------- testing Tue Aug 13 05:27:30 UTC 2019 /home/travis/build/icyphy/ptII/ptolemy/actor/lib/test/auto/Clock18.xml
----------------- Instantiating /home/travis/build/icyphy/ptII/ptolemy/actor/lib/test/auto/Clock18.xml
24 ms. Memory: 480256K Free: 370539K (77%)
----------------- Invoking toplevel() on ptolemy.moml.MoMLSimpleApplication@b301762
----------------- Done invoking toplevel() on ptolemy.moml.MoMLSimpleApplication@b301762
reloadAllAccessors: .Clock18

===========================================================================================
----------------- testing Tue Aug 13 05:27:30 UTC 2019 /home/travis/build/icyphy/ptII/ptolemy/actor/lib/test/auto/Clock19.xml
----------------- Instantiating /home/travis/build/icyphy/ptII/ptolemy/actor/lib/test/auto/Clock19.xml
16 ms. Memory: 480256K Free: 357737K (74%)
----------------- Invoking toplevel() on ptolemy.moml.MoMLSimpleApplication@6693beeb
----------------- Done invoking toplevel() on ptolemy.moml.MoMLSimpleApplication@6693beeb
reloadAllAccessors: .Clock19

===========================================================================================
----------------- testing Tue Aug 13 05:27:30 UTC 2019 /home/travis/build/icyphy/ptII/ptolemy/actor/lib/test/auto/Clock2.xml
----------------- Instantiating /home/travis/build/icyphy/ptII/ptolemy/actor/lib/test/auto/Clock2.xml
9 ms. Memory: 480256K Free: 352587K (73%)
----------------- Invoking toplevel() on ptolemy.moml.MoMLSimpleApplication@5f761a02
----------------- Done invoking toplevel() on ptolemy.moml.MoMLSimpleApplication@5f761a02
reloadAllAccessors: .Clock2

===========================================================================================
----------------- testing Tue Aug 13 05:27:30 UTC 2019 /home/travis/build/icyphy/ptII/ptolemy/actor/lib/test/auto/Clock20.xml
----------------- Instantiating /home/travis/build/icyphy/ptII/ptolemy/actor/lib/test/auto/Clock20.xml
8 ms. Memory: 480256K Free: 346987K (72%)
----------------- Invoking toplevel() on ptolemy.moml.MoMLSimpleApplication@6d68101
----------------- Done invoking toplevel() on ptolemy.moml.MoMLSimpleApplication@6d68101
reloadAllAccessors: .Clock20

===========================================================================================
----------------- testing Tue Aug 13 05:27:30 UTC 2019 /home/travis/build/icyphy/ptII/ptolemy/actor/lib/test/auto/Clock21.xml
----------------- Instantiating /home/travis/build/icyphy/ptII/ptolemy/actor/lib/test/auto/Clock21.xml
3 ms. Memory: 480256K Free: 341867K (71%)
----------------- Invoking toplevel() on ptolemy.moml.MoMLSimpleApplication@2a90ba54
----------------- Done invoking toplevel() on ptolemy.moml.MoMLSimpleApplication@2a90ba54
reloadAllAccessors: .Clock21

===========================================================================================
----------------- testing Tue Aug 13 05:27:30 UTC 2019 /home/travis/build/icyphy/ptII/ptolemy/actor/lib/test/auto/Clock22.xml
----------------- Instantiating /home/travis/build/icyphy/ptII/ptolemy/actor/lib/test/auto/Clock22.xml
3 ms. Memory: 480256K Free: 336233K (70%)
----------------- Invoking toplevel() on ptolemy.moml.MoMLSimpleApplication@442639a4
----------------- Done invoking toplevel() on ptolemy.moml.MoMLSimpleApplication@442639a4
reloadAllAccessors: .Clock22

===========================================================================================
----------------- testing Tue Aug 13 05:27:30 UTC 2019 /home/travis/build/icyphy/ptII/ptolemy/actor/lib/test/auto/Clock23.xml
----------------- Instantiating /home/travis/build/icyphy/ptII/ptolemy/actor/lib/test/auto/Clock23.xml
10 ms. Memory: 480256K Free: 331113K (69%)
----------------- Invoking toplevel() on ptolemy.moml.MoMLSimpleApplication@1f81324f
----------------- Done invoking toplevel() on ptolemy.moml.MoMLSimpleApplication@1f81324f
reloadAllAccessors: .Clock23

===========================================================================================
----------------- testing Tue Aug 13 05:27:30 UTC 2019 /home/travis/build/icyphy/ptII/ptolemy/actor/lib/test/auto/Clock24.xml
----------------- Instantiating /home/travis/build/icyphy/ptII/ptolemy/actor/lib/test/auto/Clock24.xml
6 ms. Memory: 480256K Free: 325483K (68%)
----------------- Invoking toplevel() on ptolemy.moml.MoMLSimpleApplication@68a8fd9d
----------------- Done invoking toplevel() on ptolemy.moml.MoMLSimpleApplication@68a8fd9d
reloadAllAccessors: .Clock24

===========================================================================================
----------------- testing Tue Aug 13 05:27:30 UTC 2019 /home/travis/build/icyphy/ptII/ptolemy/actor/lib/test/auto/Clock4.xml
----------------- Instantiating /home/travis/build/icyphy/ptII/ptolemy/actor/lib/test/auto/Clock4.xml
2 ms. Memory: 480256K Free: 320843K (67%)
----------------- Invoking toplevel() on ptolemy.moml.MoMLSimpleApplication@7040822d
----------------- Done invoking toplevel() on ptolemy.moml.MoMLSimpleApplication@7040822d
reloadAllAccessors: .Clock4

===========================================================================================
----------------- testing Tue Aug 13 05:27:30 UTC 2019 /home/travis/build/icyphy/ptII/ptolemy/actor/lib/test/auto/Clock5.xml
----------------- Instantiating /home/travis/build/icyphy/ptII/ptolemy/actor/lib/test/auto/Clock5.xml
2 ms. Memory: 480256K Free: 315243K (66%)
----------------- Invoking toplevel() on ptolemy.moml.MoMLSimpleApplication@1a280cc1
----------------- Done invoking toplevel() on ptolemy.moml.MoMLSimpleApplication@1a280cc1
reloadAllAccessors: .Clock5

===========================================================================================
----------------- testing Tue Aug 13 05:27:30 UTC 2019 /home/travis/build/icyphy/ptII/ptolemy/actor/lib/test/auto/Clock6.xml
----------------- Instantiating /home/travis/build/icyphy/ptII/ptolemy/actor/lib/test/auto/Clock6.xml
4 ms. Memory: 480256K Free: 311147K (65%)
----------------- Invoking toplevel() on ptolemy.moml.MoMLSimpleApplication@29c70e38
----------------- Done invoking toplevel() on ptolemy.moml.MoMLSimpleApplication@29c70e38
reloadAllAccessors: .Clock6

===========================================================================================
----------------- testing Tue Aug 13 05:27:30 UTC 2019 /home/travis/build/icyphy/ptII/ptolemy/actor/lib/test/auto/Clock7.xml
----------------- Instantiating /home/travis/build/icyphy/ptII/ptolemy/actor/lib/test/auto/Clock7.xml
2 ms. Memory: 480256K Free: 306537K (64%)
----------------- Invoking toplevel() on ptolemy.moml.MoMLSimpleApplication@24ed648a
----------------- Done invoking toplevel() on ptolemy.moml.MoMLSimpleApplication@24ed648a
reloadAllAccessors: .Clock7

===========================================================================================
----------------- testing Tue Aug 13 05:27:30 UTC 2019 /home/travis/build/icyphy/ptII/ptolemy/actor/lib/test/auto/Clock8.xml
----------------- Instantiating /home/travis/build/icyphy/ptII/ptolemy/actor/lib/test/auto/Clock8.xml
5 ms. Memory: 480256K Free: 300907K (63%)
----------------- Invoking toplevel() on ptolemy.moml.MoMLSimpleApplication@7bbc0607
----------------- Done invoking toplevel() on ptolemy.moml.MoMLSimpleApplication@7bbc0607
reloadAllAccessors: .Clock8

===========================================================================================
----------------- testing Tue Aug 13 05:27:30 UTC 2019 /home/travis/build/icyphy/ptII/ptolemy/actor/lib/test/auto/Clock9.xml
----------------- Instantiating /home/travis/build/icyphy/ptII/ptolemy/actor/lib/test/auto/Clock9.xml
6 ms. Memory: 480256K Free: 295787K (62%)
----------------- Invoking toplevel() on ptolemy.moml.MoMLSimpleApplication@7df52a02
----------------- Done invoking toplevel() on ptolemy.moml.MoMLSimpleApplication@7df52a02
reloadAllAccessors: .Clock9

===========================================================================================
----------------- testing Tue Aug 13 05:27:30 UTC 2019 /home/travis/build/icyphy/ptII/ptolemy/actor/lib/test/auto/CommDistDiscard.xml
----------------- Instantiating /home/travis/build/icyphy/ptII/ptolemy/actor/lib/test/auto/CommDistDiscard.xml
5 ms. Memory: 480256K Free: 290153K (60%)
----------------- Invoking toplevel() on ptolemy.moml.MoMLSimpleApplication@b6bff6
----------------- Done invoking toplevel() on ptolemy.moml.MoMLSimpleApplication@b6bff6
reloadAllAccessors: .CommDistDiscard

===========================================================================================
----------------- testing Tue Aug 13 05:27:30 UTC 2019 /home/travis/build/icyphy/ptII/ptolemy/actor/lib/test/auto/Commutator.xml
----------------- Instantiating /home/travis/build/icyphy/ptII/ptolemy/actor/lib/test/auto/Commutator.xml
3 ms. Memory: 480256K Free: 285547K (59%)
----------------- Invoking toplevel() on ptolemy.moml.MoMLSimpleApplication@229e25b8
----------------- Done invoking toplevel() on ptolemy.moml.MoMLSimpleApplication@229e25b8
reloadAllAccessors: .Commutator

===========================================================================================
----------------- testing Tue Aug 13 05:27:30 UTC 2019 /home/travis/build/icyphy/ptII/ptolemy/actor/lib/test/auto/Commutator2.xml
----------------- Instantiating /home/travis/build/icyphy/ptII/ptolemy/actor/lib/test/auto/Commutator2.xml
1 ms. Memory: 480256K Free: 281451K (59%)
----------------- Invoking toplevel() on ptolemy.moml.MoMLSimpleApplication@480fed37
----------------- Done invoking toplevel() on ptolemy.moml.MoMLSimpleApplication@480fed37
reloadAllAccessors: .Commutator2

===========================================================================================
----------------- testing Tue Aug 13 05:27:30 UTC 2019 /home/travis/build/icyphy/ptII/ptolemy/actor/lib/test/auto/Commutator3.xml
----------------- Instantiating /home/travis/build/icyphy/ptII/ptolemy/actor/lib/test/auto/Commutator3.xml
3 ms. Memory: 480256K Free: 276841K (58%)
----------------- Invoking toplevel() on ptolemy.moml.MoMLSimpleApplication@4d2d24b6
----------------- Done invoking toplevel() on ptolemy.moml.MoMLSimpleApplication@4d2d24b6
reloadAllAccessors: .Commutator3

===========================================================================================
----------------- testing Tue Aug 13 05:27:30 UTC 2019 /home/travis/build/icyphy/ptII/ptolemy/actor/lib/test/auto/Compare.xml
----------------- Instantiating /home/travis/build/icyphy/ptII/ptolemy/actor/lib/test/auto/Compare.xml
3 ms. Memory: 480256K Free: 270697K (56%)
----------------- Invoking toplevel() on ptolemy.moml.MoMLSimpleApplication@132a5887
----------------- Done invoking toplevel() on ptolemy.moml.MoMLSimpleApplication@132a5887
reloadAllAccessors: .Compare

===========================================================================================
----------------- testing Tue Aug 13 05:27:30 UTC 2019 /home/travis/build/icyphy/ptII/ptolemy/actor/lib/test/auto/CompareDE.xml
----------------- Instantiating /home/travis/build/icyphy/ptII/ptolemy/actor/lib/test/auto/CompareDE.xml
6 ms. Memory: 480256K Free: 263515K (55%)
----------------- Invoking toplevel() on ptolemy.moml.MoMLSimpleApplication@fef476a
----------------- Done invoking toplevel() on ptolemy.moml.MoMLSimpleApplication@fef476a
reloadAllAccessors: .CompareDE

===========================================================================================
----------------- testing Tue Aug 13 05:27:30 UTC 2019 /home/travis/build/icyphy/ptII/ptolemy/actor/lib/test/auto/ComplexDivide.xml
----------------- Instantiating /home/travis/build/icyphy/ptII/ptolemy/actor/lib/test/auto/ComplexDivide.xml
2 ms. Memory: 480256K Free: 259433K (54%)
----------------- Invoking toplevel() on ptolemy.moml.MoMLSimpleApplication@6089799f
----------------- Done invoking toplevel() on ptolemy.moml.MoMLSimpleApplication@6089799f
reloadAllAccessors: .ComplexDivide

===========================================================================================
----------------- testing Tue Aug 13 05:27:30 UTC 2019 /home/travis/build/icyphy/ptII/ptolemy/actor/lib/test/auto/ComputeHistogram.xml
----------------- Instantiating /home/travis/build/icyphy/ptII/ptolemy/actor/lib/test/auto/ComputeHistogram.xml
40 ms. Memory: 480256K Free: 247145K (51%)
----------------- Invoking toplevel() on ptolemy.moml.MoMLSimpleApplication@2089fe06
----------------- Done invoking toplevel() on ptolemy.moml.MoMLSimpleApplication@2089fe06
reloadAllAccessors: .ComputeHistogram

===========================================================================================
----------------- testing Tue Aug 13 05:27:30 UTC 2019 /home/travis/build/icyphy/ptII/ptolemy/actor/lib/test/auto/ConfigurationSelect.xml
----------------- Instantiating /home/travis/build/icyphy/ptII/ptolemy/actor/lib/test/auto/ConfigurationSelect.xml
9 ms. Memory: 480256K Free: 241515K (50%)
----------------- Invoking toplevel() on ptolemy.moml.MoMLSimpleApplication@23eb3983
----------------- Done invoking toplevel() on ptolemy.moml.MoMLSimpleApplication@23eb3983
reloadAllAccessors: .ConfigurationSelect

===========================================================================================
----------------- testing Tue Aug 13 05:27:30 UTC 2019 /home/travis/build/icyphy/ptII/ptolemy/actor/lib/test/auto/ConfigurationSelect2.xml
----------------- Instantiating /home/travis/build/icyphy/ptII/ptolemy/actor/lib/test/auto/ConfigurationSelect2.xml
3 ms. Memory: 480256K Free: 236905K (49%)
----------------- Invoking toplevel() on ptolemy.moml.MoMLSimpleApplication@6ae97721
----------------- Done invoking toplevel() on ptolemy.moml.MoMLSimpleApplication@6ae97721
reloadAllAccessors: .ConfigurationSelect2

===========================================================================================
----------------- testing Tue Aug 13 05:27:30 UTC 2019 /home/travis/build/icyphy/ptII/ptolemy/actor/lib/test/auto/ConfigurationSwitch.xml
----------------- Instantiating /home/travis/build/icyphy/ptII/ptolemy/actor/lib/test/auto/ConfigurationSwitch.xml
3 ms. Memory: 480256K Free: 231785K (48%)
----------------- Invoking toplevel() on ptolemy.moml.MoMLSimpleApplication@67d2d0d1
----------------- Done invoking toplevel() on ptolemy.moml.MoMLSimpleApplication@67d2d0d1
reloadAllAccessors: .ConfigurationSwitch

===========================================================================================
----------------- testing Tue Aug 13 05:27:30 UTC 2019 /home/travis/build/icyphy/ptII/ptolemy/actor/lib/test/auto/ConfigurationSwitch2.xml
----------------- Instantiating /home/travis/build/icyphy/ptII/ptolemy/actor/lib/test/auto/ConfigurationSwitch2.xml
1 ms. Memory: 480256K Free: 226155K (47%)
----------------- Invoking toplevel() on ptolemy.moml.MoMLSimpleApplication@3009d6c5
----------------- Done invoking toplevel() on ptolemy.moml.MoMLSimpleApplication@3009d6c5
reloadAllAccessors: .ConfigurationSwitch2

===========================================================================================
----------------- testing Tue Aug 13 05:27:30 UTC 2019 /home/travis/build/icyphy/ptII/ptolemy/actor/lib/test/auto/ConfigurationSwitchCloningBugWithClassRelationGroup.xml
----------------- Instantiating /home/travis/build/icyphy/ptII/ptolemy/actor/lib/test/auto/ConfigurationSwitchCloningBugWithClassRelationGroup.xml
1 ms. Memory: 480256K Free: 219497K (46%)
----------------- Invoking toplevel() on ptolemy.moml.MoMLSimpleApplication@5fc5903
----------------- Done invoking toplevel() on ptolemy.moml.MoMLSimpleApplication@5fc5903
reloadAllAccessors: .ConfigurationSwitchCloningBugWithClassRelationGroup

===========================================================================================
----------------- testing Tue Aug 13 05:27:30 UTC 2019 /home/travis/build/icyphy/ptII/ptolemy/actor/lib/test/auto/ConfigurationSwitchSelectSDF.xml
----------------- Instantiating /home/travis/build/icyphy/ptII/ptolemy/actor/lib/test/auto/ConfigurationSwitchSelectSDF.xml
2 ms. Memory: 480256K Free: 213353K (44%)
----------------- Invoking toplevel() on ptolemy.moml.MoMLSimpleApplication@2cb456ea
----------------- Done invoking toplevel() on ptolemy.moml.MoMLSimpleApplication@2cb456ea
reloadAllAccessors: .ConfigurationSwitchSelectSDF

===========================================================================================
----------------- testing Tue Aug 13 05:27:31 UTC 2019 /home/travis/build/icyphy/ptII/ptolemy/actor/lib/test/auto/ConfigurationSwitchSelectSDF2.xml
----------------- Instantiating /home/travis/build/icyphy/ptII/ptolemy/actor/lib/test/auto/ConfigurationSwitchSelectSDF2.xml
2 ms. Memory: 480256K Free: 207209K (43%)
----------------- Invoking toplevel() on ptolemy.moml.MoMLSimpleApplication@4a552fb1
----------------- Done invoking toplevel() on ptolemy.moml.MoMLSimpleApplication@4a552fb1
reloadAllAccessors: .ConfigurationSwitchSelectSDF2

===========================================================================================
----------------- testing Tue Aug 13 05:27:31 UTC 2019 /home/travis/build/icyphy/ptII/ptolemy/actor/lib/test/auto/Const.xml
----------------- Instantiating /home/travis/build/icyphy/ptII/ptolemy/actor/lib/test/auto/Const.xml
1 ms. Memory: 480256K Free: 204137K (43%)
----------------- Invoking toplevel() on ptolemy.moml.MoMLSimpleApplication@2a2b1544
----------------- Done invoking toplevel() on ptolemy.moml.MoMLSimpleApplication@2a2b1544
reloadAllAccessors: .Const

===========================================================================================
----------------- testing Tue Aug 13 05:27:31 UTC 2019 /home/travis/build/icyphy/ptII/ptolemy/actor/lib/test/auto/Const2.xml
----------------- Instantiating /home/travis/build/icyphy/ptII/ptolemy/actor/lib/test/auto/Const2.xml
1 ms. Memory: 480256K Free: 200041K (42%)
----------------- Invoking toplevel() on ptolemy.moml.MoMLSimpleApplication@4f6867f3
----------------- Done invoking toplevel() on ptolemy.moml.MoMLSimpleApplication@4f6867f3
reloadAllAccessors: .Const2

===========================================================================================
----------------- testing Tue Aug 13 05:27:31 UTC 2019 /home/travis/build/icyphy/ptII/ptolemy/actor/lib/test/auto/Const3.xml
----------------- Instantiating /home/travis/build/icyphy/ptII/ptolemy/actor/lib/test/auto/Const3.xml
1 ms. Memory: 480256K Free: 196969K (41%)
----------------- Invoking toplevel() on ptolemy.moml.MoMLSimpleApplication@5046fd06
----------------- Done invoking toplevel() on ptolemy.moml.MoMLSimpleApplication@5046fd06
reloadAllAccessors: .Const3

===========================================================================================
----------------- testing Tue Aug 13 05:27:31 UTC 2019 /home/travis/build/icyphy/ptII/ptolemy/actor/lib/test/auto/ConstantPublisherPort1.xml
----------------- Instantiating /home/travis/build/icyphy/ptII/ptolemy/actor/lib/test/auto/ConstantPublisherPort1.xml
6 ms. Memory: 480256K Free: 188777K (39%)
----------------- Invoking toplevel() on ptolemy.moml.MoMLSimpleApplication@2301355c
----------------- Done invoking toplevel() on ptolemy.moml.MoMLSimpleApplication@2301355c
reloadAllAccessors: .ConstantPublisherPort1

===========================================================================================
----------------- testing Tue Aug 13 05:27:31 UTC 2019 /home/travis/build/icyphy/ptII/ptolemy/actor/lib/test/auto/ConstantPublisherPort2.xml
----------------- Instantiating /home/travis/build/icyphy/ptII/ptolemy/actor/lib/test/auto/ConstantPublisherPort2.xml
5 ms. Memory: 480256K Free: 181099K (38%)
----------------- Invoking toplevel() on ptolemy.moml.MoMLSimpleApplication@5e234151
----------------- Done invoking toplevel() on ptolemy.moml.MoMLSimpleApplication@5e234151
reloadAllAccessors: .ConstantPublisherPort2

===========================================================================================
----------------- testing Tue Aug 13 05:27:31 UTC 2019 /home/travis/build/icyphy/ptII/ptolemy/actor/lib/test/auto/ConstantPublisherPort3.xml
----------------- Instantiating /home/travis/build/icyphy/ptII/ptolemy/actor/lib/test/auto/ConstantPublisherPort3.xml
6 ms. Memory: 480256K Free: 173417K (36%)
----------------- Invoking toplevel() on ptolemy.moml.MoMLSimpleApplication@2ad340a3
----------------- Done invoking toplevel() on ptolemy.moml.MoMLSimpleApplication@2ad340a3
reloadAllAccessors: .ConstantPublisherPort3

===========================================================================================
----------------- testing Tue Aug 13 05:27:31 UTC 2019 /home/travis/build/icyphy/ptII/ptolemy/actor/lib/test/auto/ConstantPublisherPort4.xml
----------------- Instantiating /home/travis/build/icyphy/ptII/ptolemy/actor/lib/test/auto/ConstantPublisherPort4.xml
4 ms. Memory: 480256K Free: 166763K (35%)
----------------- Invoking toplevel() on ptolemy.moml.MoMLSimpleApplication@39e47d2c
----------------- Done invoking toplevel() on ptolemy.moml.MoMLSimpleApplication@39e47d2c
reloadAllAccessors: .ConstantPublisherPort4

===========================================================================================
----------------- testing Tue Aug 13 05:27:31 UTC 2019 /home/travis/build/icyphy/ptII/ptolemy/actor/lib/test/auto/ConstantPublisherPort5.xml
----------------- Instantiating /home/travis/build/icyphy/ptII/ptolemy/actor/lib/test/auto/ConstantPublisherPort5.xml
31 ms. Memory: 480256K Free: 157033K (33%)
----------------- Invoking toplevel() on ptolemy.moml.MoMLSimpleApplication@4dab0b09
----------------- Done invoking toplevel() on ptolemy.moml.MoMLSimpleApplication@4dab0b09
reloadAllAccessors: .ConstantPublisherPort5

===========================================================================================
----------------- testing Tue Aug 13 05:27:31 UTC 2019 /home/travis/build/icyphy/ptII/ptolemy/actor/lib/test/auto/ConstantPublisherPort6.xml
----------------- Instantiating /home/travis/build/icyphy/ptII/ptolemy/actor/lib/test/auto/ConstantPublisherPort6.xml
51 ms. Memory: 480256K Free: 430149K (90%)
----------------- Invoking toplevel() on ptolemy.moml.MoMLSimpleApplication@3a523749
----------------- Done invoking toplevel() on ptolemy.moml.MoMLSimpleApplication@3a523749
reloadAllAccessors: .ConstantPublisherPort6

===========================================================================================
----------------- testing Tue Aug 13 05:27:31 UTC 2019 /home/travis/build/icyphy/ptII/ptolemy/actor/lib/test/auto/ConstantPublisherPort7.xml
----------------- Instantiating /home/travis/build/icyphy/ptII/ptolemy/actor/lib/test/auto/ConstantPublisherPort7.xml
18 ms. Memory: 480256K Free: 420678K (88%)
----------------- Invoking toplevel() on ptolemy.moml.MoMLSimpleApplication@37716e4c
----------------- Done invoking toplevel() on ptolemy.moml.MoMLSimpleApplication@37716e4c
reloadAllAccessors: .ConstantPublisherPort7

===========================================================================================
----------------- testing Tue Aug 13 05:27:31 UTC 2019 /home/travis/build/icyphy/ptII/ptolemy/actor/lib/test/auto/ConstraintMonitor1.xml
----------------- Instantiating /home/travis/build/icyphy/ptII/ptolemy/actor/lib/test/auto/ConstraintMonitor1.xml
4 ms. Memory: 480256K Free: 415048K (86%)
----------------- Invoking toplevel() on ptolemy.moml.MoMLSimpleApplication@3fb35f56
----------------- Done invoking toplevel() on ptolemy.moml.MoMLSimpleApplication@3fb35f56
reloadAllAccessors: .ConstraintMonitor1

===========================================================================================
----------------- testing Tue Aug 13 05:27:31 UTC 2019 /home/travis/build/icyphy/ptII/ptolemy/actor/lib/test/auto/ConstraintMonitor2.xml
----------------- Instantiating /home/travis/build/icyphy/ptII/ptolemy/actor/lib/test/auto/ConstraintMonitor2.xml
5 ms. Memory: 480256K Free: 409928K (85%)
----------------- Invoking toplevel() on ptolemy.moml.MoMLSimpleApplication@5de290e2
----------------- Done invoking toplevel() on ptolemy.moml.MoMLSimpleApplication@5de290e2
reloadAllAccessors: .ConstraintMonitor2

===========================================================================================
----------------- testing Tue Aug 13 05:27:31 UTC 2019 /home/travis/build/icyphy/ptII/ptolemy/actor/lib/test/auto/ConstraintMonitor3.xml
----------------- Instantiating /home/travis/build/icyphy/ptII/ptolemy/actor/lib/test/auto/ConstraintMonitor3.xml
4 ms. Memory: 480256K Free: 405318K (84%)
----------------- Invoking toplevel() on ptolemy.moml.MoMLSimpleApplication@2461bd6f
----------------- Done invoking toplevel() on ptolemy.moml.MoMLSimpleApplication@2461bd6f
reloadAllAccessors: .ConstraintMonitor3

===========================================================================================
----------------- testing Tue Aug 13 05:27:31 UTC 2019 /home/travis/build/icyphy/ptII/ptolemy/actor/lib/test/auto/ConstraintMonitor4.xml
----------------- Instantiating /home/travis/build/icyphy/ptII/ptolemy/actor/lib/test/auto/ConstraintMonitor4.xml
2 ms. Memory: 480256K Free: 400198K (83%)
----------------- Invoking toplevel() on ptolemy.moml.MoMLSimpleApplication@42ac6b3d
----------------- Done invoking toplevel() on ptolemy.moml.MoMLSimpleApplication@42ac6b3d
reloadAllAccessors: .ConstraintMonitor4

===========================================================================================
----------------- testing Tue Aug 13 05:27:31 UTC 2019 /home/travis/build/icyphy/ptII/ptolemy/actor/lib/test/auto/ConstraintMonitor5.xml
----------------- Instantiating /home/travis/build/icyphy/ptII/ptolemy/actor/lib/test/auto/ConstraintMonitor5.xml
1 ms. Memory: 480256K Free: 395078K (82%)
----------------- Invoking toplevel() on ptolemy.moml.MoMLSimpleApplication@33749bc8
----------------- Done invoking toplevel() on ptolemy.moml.MoMLSimpleApplication@33749bc8
reloadAllAccessors: .ConstraintMonitor5

===========================================================================================
----------------- testing Tue Aug 13 05:27:31 UTC 2019 /home/travis/build/icyphy/ptII/ptolemy/actor/lib/test/auto/ConstraintMonitor6.xml
----------------- Instantiating /home/travis/build/icyphy/ptII/ptolemy/actor/lib/test/auto/ConstraintMonitor6.xml
5 ms. Memory: 480256K Free: 389448K (81%)
----------------- Invoking toplevel() on ptolemy.moml.MoMLSimpleApplication@5298fb0
----------------- Done invoking toplevel() on ptolemy.moml.MoMLSimpleApplication@5298fb0
reloadAllAccessors: .ConstraintMonitor6

===========================================================================================
----------------- testing Tue Aug 13 05:27:31 UTC 2019 /home/travis/build/icyphy/ptII/ptolemy/actor/lib/test/auto/ConstraintMonitor7.xml
----------------- Instantiating /home/travis/build/icyphy/ptII/ptolemy/actor/lib/test/auto/ConstraintMonitor7.xml
3 ms. Memory: 480256K Free: 382775K (80%)
----------------- Invoking toplevel() on ptolemy.moml.MoMLSimpleApplication@62fb0efa
----------------- Done invoking toplevel() on ptolemy.moml.MoMLSimpleApplication@62fb0efa
reloadAllAccessors: .ConstraintMonitor7

===========================================================================================
----------------- testing Tue Aug 13 05:27:31 UTC 2019 /home/travis/build/icyphy/ptII/ptolemy/actor/lib/test/auto/ConstraintMonitor8.xml
----------------- Instantiating /home/travis/build/icyphy/ptII/ptolemy/actor/lib/test/auto/ConstraintMonitor8.xml
7 ms. Memory: 480256K Free: 375112K (78%)
----------------- Invoking toplevel() on ptolemy.moml.MoMLSimpleApplication@1888bd81
----------------- Done invoking toplevel() on ptolemy.moml.MoMLSimpleApplication@1888bd81
reloadAllAccessors: .ConstraintMonitor8

===========================================================================================
----------------- testing Tue Aug 13 05:27:31 UTC 2019 /home/travis/build/icyphy/ptII/ptolemy/actor/lib/test/auto/Counter.xml
----------------- Instantiating /home/travis/build/icyphy/ptII/ptolemy/actor/lib/test/auto/Counter.xml
4 ms. Memory: 480256K Free: 370502K (77%)
----------------- Invoking toplevel() on ptolemy.moml.MoMLSimpleApplication@1d54dba9
----------------- Done invoking toplevel() on ptolemy.moml.MoMLSimpleApplication@1d54dba9
reloadAllAccessors: .Counter

===========================================================================================
----------------- testing Tue Aug 13 05:27:31 UTC 2019 /home/travis/build/icyphy/ptII/ptolemy/actor/lib/test/auto/CurrentTimeSDF.xml
----------------- Instantiating /home/travis/build/icyphy/ptII/ptolemy/actor/lib/test/auto/CurrentTimeSDF.xml
2 ms. Memory: 480256K Free: 366406K (76%)
----------------- Invoking toplevel() on ptolemy.moml.MoMLSimpleApplication@5d794c02
----------------- Done invoking toplevel() on ptolemy.moml.MoMLSimpleApplication@5d794c02
reloadAllAccessors: .CurrentTimeSDF

===========================================================================================
----------------- testing Tue Aug 13 05:27:31 UTC 2019 /home/travis/build/icyphy/ptII/ptolemy/actor/lib/test/auto/DB.xml
----------------- Instantiating /home/travis/build/icyphy/ptII/ptolemy/actor/lib/test/auto/DB.xml
2 ms. Memory: 480256K Free: 361286K (75%)
----------------- Invoking toplevel() on ptolemy.moml.MoMLSimpleApplication@7a64a050
----------------- Done invoking toplevel() on ptolemy.moml.MoMLSimpleApplication@7a64a050
reloadAllAccessors: .DB

===========================================================================================
----------------- testing Tue Aug 13 05:27:31 UTC 2019 /home/travis/build/icyphy/ptII/ptolemy/actor/lib/test/auto/DBDE.xml
----------------- Instantiating /home/travis/build/icyphy/ptII/ptolemy/actor/lib/test/auto/DBDE.xml
2 ms. Memory: 480256K Free: 355656K (74%)
----------------- Invoking toplevel() on ptolemy.moml.MoMLSimpleApplication@5dcd03bc
----------------- Done invoking toplevel() on ptolemy.moml.MoMLSimpleApplication@5dcd03bc
reloadAllAccessors: .DBDE

===========================================================================================
----------------- testing Tue Aug 13 05:27:31 UTC 2019 /home/travis/build/icyphy/ptII/ptolemy/actor/lib/test/auto/DateConstructor.xml
----------------- Instantiating /home/travis/build/icyphy/ptII/ptolemy/actor/lib/test/auto/DateConstructor.xml
29 ms. Memory: 480256K Free: 337734K (70%)
----------------- Invoking toplevel() on ptolemy.moml.MoMLSimpleApplication@76e463ec
----------------- Done invoking toplevel() on ptolemy.moml.MoMLSimpleApplication@76e463ec
reloadAllAccessors: .DateConstructor

===========================================================================================
----------------- testing Tue Aug 13 05:27:31 UTC 2019 /home/travis/build/icyphy/ptII/ptolemy/actor/lib/test/auto/DelayTime.xml
----------------- Instantiating /home/travis/build/icyphy/ptII/ptolemy/actor/lib/test/auto/DelayTime.xml
6 ms. Memory: 480256K Free: 332614K (69%)
----------------- Invoking toplevel() on ptolemy.moml.MoMLSimpleApplication@3ec7c178
----------------- Done invoking toplevel() on ptolemy.moml.MoMLSimpleApplication@3ec7c178
reloadAllAccessors: .DelayTime

===========================================================================================
----------------- testing Tue Aug 13 05:27:31 UTC 2019 /home/travis/build/icyphy/ptII/ptolemy/actor/lib/test/auto/Dictionary1.xml
----------------- Instantiating /home/travis/build/icyphy/ptII/ptolemy/actor/lib/test/auto/Dictionary1.xml
7 ms. Memory: 480256K Free: 326984K (68%)
----------------- Invoking toplevel() on ptolemy.moml.MoMLSimpleApplication@38942751
----------------- Done invoking toplevel() on ptolemy.moml.MoMLSimpleApplication@38942751
reloadAllAccessors: .Dictionary1

===========================================================================================
----------------- testing Tue Aug 13 05:27:31 UTC 2019 /home/travis/build/icyphy/ptII/ptolemy/actor/lib/test/auto/Dictionary2.xml
----------------- Instantiating /home/travis/build/icyphy/ptII/ptolemy/actor/lib/test/auto/Dictionary2.xml
5 ms. Memory: 480256K Free: 321864K (67%)
----------------- Invoking toplevel() on ptolemy.moml.MoMLSimpleApplication@186265cc
----------------- Done invoking toplevel() on ptolemy.moml.MoMLSimpleApplication@186265cc
reloadAllAccessors: .Dictionary2

===========================================================================================
----------------- testing Tue Aug 13 05:27:31 UTC 2019 /home/travis/build/icyphy/ptII/ptolemy/actor/lib/test/auto/Dictionary3.xml
----------------- Instantiating /home/travis/build/icyphy/ptII/ptolemy/actor/lib/test/auto/Dictionary3.xml
2 ms. Memory: 480256K Free: 316230K (66%)
----------------- Invoking toplevel() on ptolemy.moml.MoMLSimpleApplication@43664f1f
----------------- Done invoking toplevel() on ptolemy.moml.MoMLSimpleApplication@43664f1f
reloadAllAccessors: .Dictionary3

===========================================================================================
----------------- testing Tue Aug 13 05:27:31 UTC 2019 /home/travis/build/icyphy/ptII/ptolemy/actor/lib/test/auto/Dictionary4.xml
----------------- Instantiating /home/travis/build/icyphy/ptII/ptolemy/actor/lib/test/auto/Dictionary4.xml
4 ms. Memory: 480256K Free: 309055K (64%)
----------------- Invoking toplevel() on ptolemy.moml.MoMLSimpleApplication@5cc7644a
----------------- Done invoking toplevel() on ptolemy.moml.MoMLSimpleApplication@5cc7644a
reloadAllAccessors: .Dictionary4

===========================================================================================
----------------- testing Tue Aug 13 05:27:31 UTC 2019 /home/travis/build/icyphy/ptII/ptolemy/actor/lib/test/auto/Differential.xml
----------------- Instantiating /home/travis/build/icyphy/ptII/ptolemy/actor/lib/test/auto/Differential.xml
4 ms. Memory: 480256K Free: 304966K (64%)
----------------- Invoking toplevel() on ptolemy.moml.MoMLSimpleApplication@164e1c01
----------------- Done invoking toplevel() on ptolemy.moml.MoMLSimpleApplication@164e1c01
reloadAllAccessors: .Differential

===========================================================================================
----------------- testing Tue Aug 13 05:27:31 UTC 2019 /home/travis/build/icyphy/ptII/ptolemy/actor/lib/test/auto/Director.xml
----------------- Instantiating /home/travis/build/icyphy/ptII/ptolemy/actor/lib/test/auto/Director.xml
4 ms. Memory: 480256K Free: 301384K (63%)
----------------- Invoking toplevel() on ptolemy.moml.MoMLSimpleApplication@ab17ceb
----------------- Done invoking toplevel() on ptolemy.moml.MoMLSimpleApplication@ab17ceb
reloadAllAccessors: .Director

===========================================================================================
----------------- testing Tue Aug 13 05:27:31 UTC 2019 /home/travis/build/icyphy/ptII/ptolemy/actor/lib/test/auto/DiscreteClock.xml
----------------- Instantiating /home/travis/build/icyphy/ptII/ptolemy/actor/lib/test/auto/DiscreteClock.xml
1 ms. Memory: 480256K Free: 297288K (62%)
----------------- Invoking toplevel() on ptolemy.moml.MoMLSimpleApplication@7a11cd55
----------------- Done invoking toplevel() on ptolemy.moml.MoMLSimpleApplication@7a11cd55
reloadAllAccessors: .DiscreteClock

===========================================================================================
----------------- testing Tue Aug 13 05:27:31 UTC 2019 /home/travis/build/icyphy/ptII/ptolemy/actor/lib/test/auto/DiscreteClock10.xml
----------------- Instantiating /home/travis/build/icyphy/ptII/ptolemy/actor/lib/test/auto/DiscreteClock10.xml
7 ms. Memory: 480256K Free: 291144K (61%)
----------------- Invoking toplevel() on ptolemy.moml.MoMLSimpleApplication@65b8b246
----------------- Done invoking toplevel() on ptolemy.moml.MoMLSimpleApplication@65b8b246
reloadAllAccessors: .DiscreteClock10

===========================================================================================
----------------- testing Tue Aug 13 05:27:31 UTC 2019 /home/travis/build/icyphy/ptII/ptolemy/actor/lib/test/auto/DiscreteClock11.xml
----------------- Instantiating /home/travis/build/icyphy/ptII/ptolemy/actor/lib/test/auto/DiscreteClock11.xml
2 ms. Memory: 480256K Free: 285510K (59%)
----------------- Invoking toplevel() on ptolemy.moml.MoMLSimpleApplication@34e26c98
----------------- Done invoking toplevel() on ptolemy.moml.MoMLSimpleApplication@34e26c98
reloadAllAccessors: .DiscreteClock11

===========================================================================================
----------------- testing Tue Aug 13 05:27:31 UTC 2019 /home/travis/build/icyphy/ptII/ptolemy/actor/lib/test/auto/DiscreteClock12.xml
----------------- Instantiating /home/travis/build/icyphy/ptII/ptolemy/actor/lib/test/auto/DiscreteClock12.xml
3 ms. Memory: 480256K Free: 279366K (58%)
----------------- Invoking toplevel() on ptolemy.moml.MoMLSimpleApplication@755a4a89
----------------- Done invoking toplevel() on ptolemy.moml.MoMLSimpleApplication@755a4a89
reloadAllAccessors: .DiscreteClock12

===========================================================================================
----------------- testing Tue Aug 13 05:27:31 UTC 2019 /home/travis/build/icyphy/ptII/ptolemy/actor/lib/test/auto/DiscreteClock13.xml
----------------- Instantiating /home/travis/build/icyphy/ptII/ptolemy/actor/lib/test/auto/DiscreteClock13.xml
5 ms. Memory: 480256K Free: 273191K (57%)
----------------- Invoking toplevel() on ptolemy.moml.MoMLSimpleApplication@7dd7a293
----------------- Done invoking toplevel() on ptolemy.moml.MoMLSimpleApplication@7dd7a293
reloadAllAccessors: .DiscreteClock13

===========================================================================================
----------------- testing Tue Aug 13 05:27:31 UTC 2019 /home/travis/build/icyphy/ptII/ptolemy/actor/lib/test/auto/DiscreteClock14.xml
----------------- Instantiating /home/travis/build/icyphy/ptII/ptolemy/actor/lib/test/auto/DiscreteClock14.xml
6 ms. Memory: 480256K Free: 267047K (56%)
----------------- Invoking toplevel() on ptolemy.moml.MoMLSimpleApplication@7b5b3f39
----------------- Done invoking toplevel() on ptolemy.moml.MoMLSimpleApplication@7b5b3f39
reloadAllAccessors: .DiscreteClock14

===========================================================================================
----------------- testing Tue Aug 13 05:27:31 UTC 2019 /home/travis/build/icyphy/ptII/ptolemy/actor/lib/test/auto/DiscreteClock15.xml
----------------- Instantiating /home/travis/build/icyphy/ptII/ptolemy/actor/lib/test/auto/DiscreteClock15.xml
6 ms. Memory: 480256K Free: 261448K (54%)
----------------- Invoking toplevel() on ptolemy.moml.MoMLSimpleApplication@3ad8e4a3
----------------- Done invoking toplevel() on ptolemy.moml.MoMLSimpleApplication@3ad8e4a3
reloadAllAccessors: .DiscreteClock15

===========================================================================================
----------------- testing Tue Aug 13 05:27:31 UTC 2019 /home/travis/build/icyphy/ptII/ptolemy/actor/lib/test/auto/DiscreteClock16.xml
----------------- Instantiating /home/travis/build/icyphy/ptII/ptolemy/actor/lib/test/auto/DiscreteClock16.xml
19 ms. Memory: 480256K Free: 247607K (52%)
----------------- Invoking toplevel() on ptolemy.moml.MoMLSimpleApplication@b951d95
----------------- Done invoking toplevel() on ptolemy.moml.MoMLSimpleApplication@b951d95
reloadAllAccessors: .DiscreteClock16

===========================================================================================
----------------- testing Tue Aug 13 05:27:32 UTC 2019 /home/travis/build/icyphy/ptII/ptolemy/actor/lib/test/auto/DiscreteClock17.xml
----------------- Instantiating /home/travis/build/icyphy/ptII/ptolemy/actor/lib/test/auto/DiscreteClock17.xml
17 ms. Memory: 480256K Free: 233271K (49%)
----------------- Invoking toplevel() on ptolemy.moml.MoMLSimpleApplication@5677a993
----------------- Done invoking toplevel() on ptolemy.moml.MoMLSimpleApplication@5677a993
reloadAllAccessors: .DiscreteClock17

===========================================================================================
----------------- testing Tue Aug 13 05:27:32 UTC 2019 /home/travis/build/icyphy/ptII/ptolemy/actor/lib/test/auto/DiscreteClock18.xml
----------------- Instantiating /home/travis/build/icyphy/ptII/ptolemy/actor/lib/test/auto/DiscreteClock18.xml
25 ms. Memory: 480256K Free: 219464K (46%)
----------------- Invoking toplevel() on ptolemy.moml.MoMLSimpleApplication@6f3dcb19
----------------- Done invoking toplevel() on ptolemy.moml.MoMLSimpleApplication@6f3dcb19
reloadAllAccessors: .DiscreteClock18

===========================================================================================
----------------- testing Tue Aug 13 05:27:32 UTC 2019 /home/travis/build/icyphy/ptII/ptolemy/actor/lib/test/auto/DiscreteClock19.xml
----------------- Instantiating /home/travis/build/icyphy/ptII/ptolemy/actor/lib/test/auto/DiscreteClock19.xml
18 ms. Memory: 480256K Free: 206150K (43%)
----------------- Invoking toplevel() on ptolemy.moml.MoMLSimpleApplication@3f7f09e
----------------- Done invoking toplevel() on ptolemy.moml.MoMLSimpleApplication@3f7f09e
reloadAllAccessors: .DiscreteClock19

===========================================================================================
----------------- testing Tue Aug 13 05:27:32 UTC 2019 /home/travis/build/icyphy/ptII/ptolemy/actor/lib/test/auto/DiscreteClock2.xml
----------------- Instantiating /home/travis/build/icyphy/ptII/ptolemy/actor/lib/test/auto/DiscreteClock2.xml
5 ms. Memory: 480256K Free: 201032K (42%)
----------------- Invoking toplevel() on ptolemy.moml.MoMLSimpleApplication@3b6d6be0
----------------- Done invoking toplevel() on ptolemy.moml.MoMLSimpleApplication@3b6d6be0
reloadAllAccessors: .DiscreteClock2

===========================================================================================
----------------- testing Tue Aug 13 05:27:32 UTC 2019 /home/travis/build/icyphy/ptII/ptolemy/actor/lib/test/auto/DiscreteClock20.xml
----------------- Instantiating /home/travis/build/icyphy/ptII/ptolemy/actor/lib/test/auto/DiscreteClock20.xml
8 ms. Memory: 480256K Free: 195398K (41%)
----------------- Invoking toplevel() on ptolemy.moml.MoMLSimpleApplication@2372587b
----------------- Done invoking toplevel() on ptolemy.moml.MoMLSimpleApplication@2372587b
reloadAllAccessors: .DiscreteClock20

===========================================================================================
----------------- testing Tue Aug 13 05:27:32 UTC 2019 /home/travis/build/icyphy/ptII/ptolemy/actor/lib/test/auto/DiscreteClock21.xml
----------------- Instantiating /home/travis/build/icyphy/ptII/ptolemy/actor/lib/test/auto/DiscreteClock21.xml
10 ms. Memory: 480256K Free: 189768K (40%)
----------------- Invoking toplevel() on ptolemy.moml.MoMLSimpleApplication@5816ee09
----------------- Done invoking toplevel() on ptolemy.moml.MoMLSimpleApplication@5816ee09
reloadAllAccessors: .DiscreteClock21

===========================================================================================
----------------- testing Tue Aug 13 05:27:32 UTC 2019 /home/travis/build/icyphy/ptII/ptolemy/actor/lib/test/auto/DiscreteClock22.xml
----------------- Instantiating /home/travis/build/icyphy/ptII/ptolemy/actor/lib/test/auto/DiscreteClock22.xml
7 ms. Memory: 480256K Free: 184648K (38%)
----------------- Invoking toplevel() on ptolemy.moml.MoMLSimpleApplication@5e00f90
----------------- Done invoking toplevel() on ptolemy.moml.MoMLSimpleApplication@5e00f90
reloadAllAccessors: .DiscreteClock22

===========================================================================================
----------------- testing Tue Aug 13 05:27:32 UTC 2019 /home/travis/build/icyphy/ptII/ptolemy/actor/lib/test/auto/DiscreteClock23.xml
----------------- Instantiating /home/travis/build/icyphy/ptII/ptolemy/actor/lib/test/auto/DiscreteClock23.xml
10 ms. Memory: 480256K Free: 179014K (37%)
----------------- Invoking toplevel() on ptolemy.moml.MoMLSimpleApplication@521cc6d4
----------------- Done invoking toplevel() on ptolemy.moml.MoMLSimpleApplication@521cc6d4
reloadAllAccessors: .DiscreteClock23

===========================================================================================
----------------- testing Tue Aug 13 05:27:32 UTC 2019 /home/travis/build/icyphy/ptII/ptolemy/actor/lib/test/auto/DiscreteClock24.xml
----------------- Instantiating /home/travis/build/icyphy/ptII/ptolemy/actor/lib/test/auto/DiscreteClock24.xml
9 ms. Memory: 480256K Free: 173384K (36%)
----------------- Invoking toplevel() on ptolemy.moml.MoMLSimpleApplication@38fc6b5b
----------------- Done invoking toplevel() on ptolemy.moml.MoMLSimpleApplication@38fc6b5b
reloadAllAccessors: .DiscreteClock24

===========================================================================================
----------------- testing Tue Aug 13 05:27:32 UTC 2019 /home/travis/build/icyphy/ptII/ptolemy/actor/lib/test/auto/DiscreteClock4.xml
----------------- Instantiating /home/travis/build/icyphy/ptII/ptolemy/actor/lib/test/auto/DiscreteClock4.xml
4 ms. Memory: 480256K Free: 167750K (35%)
----------------- Invoking toplevel() on ptolemy.moml.MoMLSimpleApplication@5c2951bd
----------------- Done invoking toplevel() on ptolemy.moml.MoMLSimpleApplication@5c2951bd
reloadAllAccessors: .DiscreteClock4

===========================================================================================
----------------- testing Tue Aug 13 05:27:32 UTC 2019 /home/travis/build/icyphy/ptII/ptolemy/actor/lib/test/auto/DiscreteClock5.xml
----------------- Instantiating /home/travis/build/icyphy/ptII/ptolemy/actor/lib/test/auto/DiscreteClock5.xml
2 ms. Memory: 480256K Free: 162615K (34%)
----------------- Invoking toplevel() on ptolemy.moml.MoMLSimpleApplication@6a3f436a
----------------- Done invoking toplevel() on ptolemy.moml.MoMLSimpleApplication@6a3f436a
reloadAllAccessors: .DiscreteClock5

===========================================================================================
----------------- testing Tue Aug 13 05:27:32 UTC 2019 /home/travis/build/icyphy/ptII/ptolemy/actor/lib/test/auto/DiscreteClock6.xml
----------------- Instantiating /home/travis/build/icyphy/ptII/ptolemy/actor/lib/test/auto/DiscreteClock6.xml
1 ms. Memory: 480256K Free: 158519K (33%)
----------------- Invoking toplevel() on ptolemy.moml.MoMLSimpleApplication@5d64dcb0
----------------- Done invoking toplevel() on ptolemy.moml.MoMLSimpleApplication@5d64dcb0
reloadAllAccessors: .DiscreteClock6

===========================================================================================
----------------- testing Tue Aug 13 05:27:32 UTC 2019 /home/travis/build/icyphy/ptII/ptolemy/actor/lib/test/auto/DiscreteClock7.xml
----------------- Instantiating /home/travis/build/icyphy/ptII/ptolemy/actor/lib/test/auto/DiscreteClock7.xml
1 ms. Memory: 480256K Free: 153414K (32%)
----------------- Invoking toplevel() on ptolemy.moml.MoMLSimpleApplication@7dfe858b
----------------- Done invoking toplevel() on ptolemy.moml.MoMLSimpleApplication@7dfe858b
reloadAllAccessors: .DiscreteClock7

===========================================================================================
----------------- testing Tue Aug 13 05:27:32 UTC 2019 /home/travis/build/icyphy/ptII/ptolemy/actor/lib/test/auto/DiscreteClock8.xml
----------------- Instantiating /home/travis/build/icyphy/ptII/ptolemy/actor/lib/test/auto/DiscreteClock8.xml
5 ms. Memory: 480256K Free: 429984K (90%)
----------------- Invoking toplevel() on ptolemy.moml.MoMLSimpleApplication@283e2224
----------------- Done invoking toplevel() on ptolemy.moml.MoMLSimpleApplication@283e2224
reloadAllAccessors: .DiscreteClock8

===========================================================================================
----------------- testing Tue Aug 13 05:27:32 UTC 2019 /home/travis/build/icyphy/ptII/ptolemy/actor/lib/test/auto/DiscreteClock9.xml
----------------- Instantiating /home/travis/build/icyphy/ptII/ptolemy/actor/lib/test/auto/DiscreteClock9.xml
5 ms. Memory: 480256K Free: 423840K (88%)
----------------- Invoking toplevel() on ptolemy.moml.MoMLSimpleApplication@6bb5b0a7
----------------- Done invoking toplevel() on ptolemy.moml.MoMLSimpleApplication@6bb5b0a7
reloadAllAccessors: .DiscreteClock9

===========================================================================================
----------------- testing Tue Aug 13 05:27:32 UTC 2019 /home/travis/build/icyphy/ptII/ptolemy/actor/lib/test/auto/DisplayArray.xml
----------------- Instantiating /home/travis/build/icyphy/ptII/ptolemy/actor/lib/test/auto/DisplayArray.xml
1 ms. Memory: 480256K Free: 420254K (88%)
----------------- Invoking toplevel() on ptolemy.moml.MoMLSimpleApplication@31681f03
----------------- Done invoking toplevel() on ptolemy.moml.MoMLSimpleApplication@31681f03
reloadAllAccessors: .DisplayArray

===========================================================================================
----------------- testing Tue Aug 13 05:27:32 UTC 2019 /home/travis/build/icyphy/ptII/ptolemy/actor/lib/test/auto/Distributor.xml
----------------- Instantiating /home/travis/build/icyphy/ptII/ptolemy/actor/lib/test/auto/Distributor.xml
1 ms. Memory: 480256K Free: 415134K (86%)
----------------- Invoking toplevel() on ptolemy.moml.MoMLSimpleApplication@4d74c7dd
----------------- Done invoking toplevel() on ptolemy.moml.MoMLSimpleApplication@4d74c7dd
reloadAllAccessors: .Distributor

===========================================================================================
----------------- testing Tue Aug 13 05:27:32 UTC 2019 /home/travis/build/icyphy/ptII/ptolemy/actor/lib/test/auto/Distributor2.xml
----------------- Instantiating /home/travis/build/icyphy/ptII/ptolemy/actor/lib/test/auto/Distributor2.xml
1 ms. Memory: 480256K Free: 410014K (85%)
----------------- Invoking toplevel() on ptolemy.moml.MoMLSimpleApplication@2e8300fe
----------------- Done invoking toplevel() on ptolemy.moml.MoMLSimpleApplication@2e8300fe
reloadAllAccessors: .Distributor2

===========================================================================================
----------------- testing Tue Aug 13 05:27:32 UTC 2019 /home/travis/build/icyphy/ptII/ptolemy/actor/lib/test/auto/DownSample.xml
----------------- Instantiating /home/travis/build/icyphy/ptII/ptolemy/actor/lib/test/auto/DownSample.xml
2 ms. Memory: 480256K Free: 405918K (85%)
----------------- Invoking toplevel() on ptolemy.moml.MoMLSimpleApplication@755f6078
----------------- Done invoking toplevel() on ptolemy.moml.MoMLSimpleApplication@755f6078
reloadAllAccessors: .DownSample

===========================================================================================
----------------- testing Tue Aug 13 05:27:32 UTC 2019 /home/travis/build/icyphy/ptII/ptolemy/actor/lib/test/auto/ElectronicUnitBase1.xml
----------------- Instantiating /home/travis/build/icyphy/ptII/ptolemy/actor/lib/test/auto/ElectronicUnitBase1.xml
19 ms. Memory: 480256K Free: 389534K (81%)
----------------- Invoking toplevel() on ptolemy.moml.MoMLSimpleApplication@454adf57
----------------- Done invoking toplevel() on ptolemy.moml.MoMLSimpleApplication@454adf57
reloadAllAccessors: .ElectronicUnitBase1

===========================================================================================
----------------- testing Tue Aug 13 05:27:32 UTC 2019 /home/travis/build/icyphy/ptII/ptolemy/actor/lib/test/auto/ElementsToArray.xml
----------------- Instantiating /home/travis/build/icyphy/ptII/ptolemy/actor/lib/test/auto/ElementsToArray.xml
3 ms. Memory: 480256K Free: 384414K (80%)
----------------- Invoking toplevel() on ptolemy.moml.MoMLSimpleApplication@7fad11c
----------------- Done invoking toplevel() on ptolemy.moml.MoMLSimpleApplication@7fad11c
reloadAllAccessors: .ElementsToArray

===========================================================================================
----------------- testing Tue Aug 13 05:27:32 UTC 2019 /home/travis/build/icyphy/ptII/ptolemy/actor/lib/test/auto/Equals.xml
----------------- Instantiating /home/travis/build/icyphy/ptII/ptolemy/actor/lib/test/auto/Equals.xml
4 ms. Memory: 480256K Free: 379808K (79%)
----------------- Invoking toplevel() on ptolemy.moml.MoMLSimpleApplication@2ac523db
----------------- Done invoking toplevel() on ptolemy.moml.MoMLSimpleApplication@2ac523db
reloadAllAccessors: .Equals

===========================================================================================
----------------- testing Tue Aug 13 05:27:32 UTC 2019 /home/travis/build/icyphy/ptII/ptolemy/actor/lib/test/auto/Exec.xml
----------------- Instantiating /home/travis/build/icyphy/ptII/ptolemy/actor/lib/test/auto/Exec.xml
21 ms. Memory: 480256K Free: 374174K (78%)
----------------- Invoking toplevel() on ptolemy.moml.MoMLSimpleApplication@13c12b56
----------------- Done invoking toplevel() on ptolemy.moml.MoMLSimpleApplication@13c12b56
reloadAllAccessors: .Exec

===========================================================================================
----------------- testing Tue Aug 13 05:27:32 UTC 2019 /home/travis/build/icyphy/ptII/ptolemy/actor/lib/test/auto/ExecEnvironment.xml
----------------- Instantiating /home/travis/build/icyphy/ptII/ptolemy/actor/lib/test/auto/ExecEnvironment.xml
33 ms. Memory: 480256K Free: 369568K (77%)
----------------- Invoking toplevel() on ptolemy.moml.MoMLSimpleApplication@66c6e9b5
----------------- Done invoking toplevel() on ptolemy.moml.MoMLSimpleApplication@66c6e9b5
reloadAllAccessors: .ExecEnvironment

===========================================================================================
----------------- testing Tue Aug 13 05:27:32 UTC 2019 /home/travis/build/icyphy/ptII/ptolemy/actor/lib/test/auto/ExecNonZeroReturnOutput.xml
----------------- Instantiating /home/travis/build/icyphy/ptII/ptolemy/actor/lib/test/auto/ExecNonZeroReturnOutput.xml
197 ms. Memory: 480256K Free: 358304K (75%)
----------------- Invoking toplevel() on ptolemy.moml.MoMLSimpleApplication@3cd47511
----------------- Done invoking toplevel() on ptolemy.moml.MoMLSimpleApplication@3cd47511
reloadAllAccessors: .ExecNonZeroReturnOutput

===========================================================================================
----------------- testing Tue Aug 13 05:27:32 UTC 2019 /home/travis/build/icyphy/ptII/ptolemy/actor/lib/test/auto/ExecRunDemos.xml
----------------- Instantiating /home/travis/build/icyphy/ptII/ptolemy/actor/lib/test/auto/ExecRunDemos.xml
Finished: 83 ms. Memory: 120832K Free: 104220K (86%)

Finished: 102 ms. Memory: 120832K Free: 110602K (92%)

Finished: 99 ms. Memory: 120832K Free: 110696K (92%)

Finished: 115 ms. Memory: 120832K Free: 103464K (86%)

Finished: 70 ms. Memory: 120832K Free: 104006K (86%)

10896 ms. Memory: 480256K Free: 337822K (70%)
----------------- Invoking toplevel() on ptolemy.moml.MoMLSimpleApplication@7c9f796a
----------------- Done invoking toplevel() on ptolemy.moml.MoMLSimpleApplication@7c9f796a
reloadAllAccessors: .ExecRunDemos

===========================================================================================
----------------- testing Tue Aug 13 05:27:43 UTC 2019 /home/travis/build/icyphy/ptII/ptolemy/actor/lib/test/auto/ExecStop.xml
----------------- Instantiating /home/travis/build/icyphy/ptII/ptolemy/actor/lib/test/auto/ExecStop.xml
5021 ms. Memory: 480256K Free: 214944K (45%)
----------------- Invoking toplevel() on ptolemy.moml.MoMLSimpleApplication@5b0e7aeb
----------------- Done invoking toplevel() on ptolemy.moml.MoMLSimpleApplication@5b0e7aeb
reloadAllAccessors: .ExecStop

===========================================================================================
----------------- testing Tue Aug 13 05:27:48 UTC 2019 /home/travis/build/icyphy/ptII/ptolemy/actor/lib/test/auto/ExecutionTimeSDF.xml
----------------- Instantiating /home/travis/build/icyphy/ptII/ptolemy/actor/lib/test/auto/ExecutionTimeSDF.xml
Fired ExecutionTime: -1804167296
Fired ExecutionTime: 1064800000
Fired ExecutionTime: 1057600000
6007 ms. Memory: 480256K Free: 203152K (42%)
----------------- Invoking toplevel() on ptolemy.moml.MoMLSimpleApplication@39041ce5
----------------- Done invoking toplevel() on ptolemy.moml.MoMLSimpleApplication@39041ce5
reloadAllAccessors: .ExecutionTimeSDF

===========================================================================================
----------------- testing Tue Aug 13 05:27:55 UTC 2019 /home/travis/build/icyphy/ptII/ptolemy/actor/lib/test/auto/Expression1.xml
----------------- Instantiating /home/travis/build/icyphy/ptII/ptolemy/actor/lib/test/auto/Expression1.xml
3 ms. Memory: 480256K Free: 200094K (42%)
----------------- Invoking toplevel() on ptolemy.moml.MoMLSimpleApplication@27c7b84a
----------------- Done invoking toplevel() on ptolemy.moml.MoMLSimpleApplication@27c7b84a
reloadAllAccessors: .Expression1

===========================================================================================
----------------- testing Tue Aug 13 05:27:55 UTC 2019 /home/travis/build/icyphy/ptII/ptolemy/actor/lib/test/auto/Expression10.xml
----------------- Instantiating /home/travis/build/icyphy/ptII/ptolemy/actor/lib/test/auto/Expression10.xml
9 ms. Memory: 480256K Free: 194464K (40%)
----------------- Invoking toplevel() on ptolemy.moml.MoMLSimpleApplication@a878519
----------------- Done invoking toplevel() on ptolemy.moml.MoMLSimpleApplication@a878519
reloadAllAccessors: .Expression10

===========================================================================================
----------------- testing Tue Aug 13 05:27:55 UTC 2019 /home/travis/build/icyphy/ptII/ptolemy/actor/lib/test/auto/Expression11.xml
----------------- Instantiating /home/travis/build/icyphy/ptII/ptolemy/actor/lib/test/auto/Expression11.xml
3 ms. Memory: 480256K Free: 189854K (40%)
----------------- Invoking toplevel() on ptolemy.moml.MoMLSimpleApplication@66f6fdee
----------------- Done invoking toplevel() on ptolemy.moml.MoMLSimpleApplication@66f6fdee
reloadAllAccessors: .Expression11

===========================================================================================
----------------- testing Tue Aug 13 05:27:55 UTC 2019 /home/travis/build/icyphy/ptII/ptolemy/actor/lib/test/auto/Expression12.xml
----------------- Instantiating /home/travis/build/icyphy/ptII/ptolemy/actor/lib/test/auto/Expression12.xml
3 ms. Memory: 480256K Free: 184224K (38%)
----------------- Invoking toplevel() on ptolemy.moml.MoMLSimpleApplication@23e9464d
----------------- Done invoking toplevel() on ptolemy.moml.MoMLSimpleApplication@23e9464d
reloadAllAccessors: .Expression12

===========================================================================================
----------------- testing Tue Aug 13 05:27:55 UTC 2019 /home/travis/build/icyphy/ptII/ptolemy/actor/lib/test/auto/Expression13.xml
----------------- Instantiating /home/travis/build/icyphy/ptII/ptolemy/actor/lib/test/auto/Expression13.xml
4 ms. Memory: 480256K Free: 179104K (37%)
----------------- Invoking toplevel() on ptolemy.moml.MoMLSimpleApplication@169797f5
----------------- Done invoking toplevel() on ptolemy.moml.MoMLSimpleApplication@169797f5
reloadAllAccessors: .Expression13

===========================================================================================
----------------- testing Tue Aug 13 05:27:55 UTC 2019 /home/travis/build/icyphy/ptII/ptolemy/actor/lib/test/auto/Expression14.xml
----------------- Instantiating /home/travis/build/icyphy/ptII/ptolemy/actor/lib/test/auto/Expression14.xml
8 ms. Memory: 480256K Free: 173470K (36%)
----------------- Invoking toplevel() on ptolemy.moml.MoMLSimpleApplication@39df5db6
----------------- Done invoking toplevel() on ptolemy.moml.MoMLSimpleApplication@39df5db6
reloadAllAccessors: .Expression14

===========================================================================================
----------------- testing Tue Aug 13 05:27:55 UTC 2019 /home/travis/build/icyphy/ptII/ptolemy/actor/lib/test/auto/Expression15.xml
----------------- Instantiating /home/travis/build/icyphy/ptII/ptolemy/actor/lib/test/auto/Expression15.xml
1 ms. Memory: 480256K Free: 169374K (35%)
----------------- Invoking toplevel() on ptolemy.moml.MoMLSimpleApplication@5b9b4737
----------------- Done invoking toplevel() on ptolemy.moml.MoMLSimpleApplication@5b9b4737
reloadAllAccessors: .Expression15

===========================================================================================
----------------- testing Tue Aug 13 05:27:55 UTC 2019 /home/travis/build/icyphy/ptII/ptolemy/actor/lib/test/auto/Expression16.xml
----------------- Instantiating /home/travis/build/icyphy/ptII/ptolemy/actor/lib/test/auto/Expression16.xml
4 ms. Memory: 480256K Free: 164254K (34%)
----------------- Invoking toplevel() on ptolemy.moml.MoMLSimpleApplication@537e53ac
----------------- Done invoking toplevel() on ptolemy.moml.MoMLSimpleApplication@537e53ac
reloadAllAccessors: .Expression16

===========================================================================================
----------------- testing Tue Aug 13 05:27:55 UTC 2019 /home/travis/build/icyphy/ptII/ptolemy/actor/lib/test/auto/Expression17.xml
----------------- Instantiating /home/travis/build/icyphy/ptII/ptolemy/actor/lib/test/auto/Expression17.xml
5 ms. Memory: 480256K Free: 159134K (33%)
----------------- Invoking toplevel() on ptolemy.moml.MoMLSimpleApplication@aa3d4f
----------------- Done invoking toplevel() on ptolemy.moml.MoMLSimpleApplication@aa3d4f
reloadAllAccessors: .Expression17

===========================================================================================
----------------- testing Tue Aug 13 05:27:55 UTC 2019 /home/travis/build/icyphy/ptII/ptolemy/actor/lib/test/auto/Expression18.xml
----------------- Instantiating /home/travis/build/icyphy/ptII/ptolemy/actor/lib/test/auto/Expression18.xml
5 ms. Memory: 480256K Free: 154014K (32%)
----------------- Invoking toplevel() on ptolemy.moml.MoMLSimpleApplication@6338814f
----------------- Done invoking toplevel() on ptolemy.moml.MoMLSimpleApplication@6338814f
reloadAllAccessors: .Expression18

===========================================================================================
----------------- testing Tue Aug 13 05:27:55 UTC 2019 /home/travis/build/icyphy/ptII/ptolemy/actor/lib/test/auto/Expression2.xml
----------------- Instantiating /home/travis/build/icyphy/ptII/ptolemy/actor/lib/test/auto/Expression2.xml
3 ms. Memory: 480256K Free: 430446K (90%)
----------------- Invoking toplevel() on ptolemy.moml.MoMLSimpleApplication@17e370f
----------------- Done invoking toplevel() on ptolemy.moml.MoMLSimpleApplication@17e370f
reloadAllAccessors: .Expression2

===========================================================================================
----------------- testing Tue Aug 13 05:27:55 UTC 2019 /home/travis/build/icyphy/ptII/ptolemy/actor/lib/test/auto/Expression3.xml
----------------- Instantiating /home/travis/build/icyphy/ptII/ptolemy/actor/lib/test/auto/Expression3.xml
7 ms. Memory: 480256K Free: 425340K (89%)
----------------- Invoking toplevel() on ptolemy.moml.MoMLSimpleApplication@41adaf41
----------------- Done invoking toplevel() on ptolemy.moml.MoMLSimpleApplication@41adaf41
reloadAllAccessors: .Expression3

===========================================================================================
----------------- testing Tue Aug 13 05:27:55 UTC 2019 /home/travis/build/icyphy/ptII/ptolemy/actor/lib/test/auto/Expression4.xml
----------------- Instantiating /home/travis/build/icyphy/ptII/ptolemy/actor/lib/test/auto/Expression4.xml
4 ms. Memory: 480256K Free: 417662K (87%)
----------------- Invoking toplevel() on ptolemy.moml.MoMLSimpleApplication@540afbf4
----------------- Done invoking toplevel() on ptolemy.moml.MoMLSimpleApplication@540afbf4
reloadAllAccessors: .Expression4

===========================================================================================
----------------- testing Tue Aug 13 05:27:55 UTC 2019 /home/travis/build/icyphy/ptII/ptolemy/actor/lib/test/auto/Expression5.xml
----------------- Instantiating /home/travis/build/icyphy/ptII/ptolemy/actor/lib/test/auto/Expression5.xml
6 ms. Memory: 480256K Free: 412542K (86%)
----------------- Invoking toplevel() on ptolemy.moml.MoMLSimpleApplication@72d1dc27
----------------- Done invoking toplevel() on ptolemy.moml.MoMLSimpleApplication@72d1dc27
reloadAllAccessors: .Expression5

===========================================================================================
----------------- testing Tue Aug 13 05:27:55 UTC 2019 /home/travis/build/icyphy/ptII/ptolemy/actor/lib/test/auto/Expression6.xml
----------------- Instantiating /home/travis/build/icyphy/ptII/ptolemy/actor/lib/test/auto/Expression6.xml
2 ms. Memory: 480256K Free: 407932K (85%)
----------------- Invoking toplevel() on ptolemy.moml.MoMLSimpleApplication@5aed787c
----------------- Done invoking toplevel() on ptolemy.moml.MoMLSimpleApplication@5aed787c
reloadAllAccessors: .Expression6

===========================================================================================
----------------- testing Tue Aug 13 05:27:55 UTC 2019 /home/travis/build/icyphy/ptII/ptolemy/actor/lib/test/auto/Expression7.xml
----------------- Instantiating /home/travis/build/icyphy/ptII/ptolemy/actor/lib/test/auto/Expression7.xml
3 ms. Memory: 480256K Free: 402812K (84%)
----------------- Invoking toplevel() on ptolemy.moml.MoMLSimpleApplication@627cd9ad
----------------- Done invoking toplevel() on ptolemy.moml.MoMLSimpleApplication@627cd9ad
reloadAllAccessors: .Expression7

===========================================================================================
----------------- testing Tue Aug 13 05:27:55 UTC 2019 /home/travis/build/icyphy/ptII/ptolemy/actor/lib/test/auto/Expression8.xml
----------------- Instantiating /home/travis/build/icyphy/ptII/ptolemy/actor/lib/test/auto/Expression8.xml
11 ms. Memory: 480256K Free: 397692K (83%)
----------------- Invoking toplevel() on ptolemy.moml.MoMLSimpleApplication@36a9cfdc
----------------- Done invoking toplevel() on ptolemy.moml.MoMLSimpleApplication@36a9cfdc
reloadAllAccessors: .Expression8

===========================================================================================
----------------- testing Tue Aug 13 05:27:55 UTC 2019 /home/travis/build/icyphy/ptII/ptolemy/actor/lib/test/auto/Expression9.xml
----------------- Instantiating /home/travis/build/icyphy/ptII/ptolemy/actor/lib/test/auto/Expression9.xml
1 ms. Memory: 480256K Free: 394110K (82%)
----------------- Invoking toplevel() on ptolemy.moml.MoMLSimpleApplication@3a4b52ed
----------------- Done invoking toplevel() on ptolemy.moml.MoMLSimpleApplication@3a4b52ed
reloadAllAccessors: .Expression9

===========================================================================================
----------------- testing Tue Aug 13 05:27:55 UTC 2019 /home/travis/build/icyphy/ptII/ptolemy/actor/lib/test/auto/ExpressionConcatenateArrayType.xml
----------------- Instantiating /home/travis/build/icyphy/ptII/ptolemy/actor/lib/test/auto/ExpressionConcatenateArrayType.xml
4 ms. Memory: 480256K Free: 387452K (81%)
----------------- Invoking toplevel() on ptolemy.moml.MoMLSimpleApplication@5dda6df0
----------------- Done invoking toplevel() on ptolemy.moml.MoMLSimpleApplication@5dda6df0
reloadAllAccessors: .ExpressionConcatenateArrayType

===========================================================================================
----------------- testing Tue Aug 13 05:27:55 UTC 2019 /home/travis/build/icyphy/ptII/ptolemy/actor/lib/test/auto/ExpressionConcatenateArrayType2.xml
----------------- Instantiating /home/travis/build/icyphy/ptII/ptolemy/actor/lib/test/auto/ExpressionConcatenateArrayType2.xml
2 ms. Memory: 480256K Free: 381308K (79%)
----------------- Invoking toplevel() on ptolemy.moml.MoMLSimpleApplication@19bbfb6b
----------------- Done invoking toplevel() on ptolemy.moml.MoMLSimpleApplication@19bbfb6b
reloadAllAccessors: .ExpressionConcatenateArrayType2

===========================================================================================
----------------- testing Tue Aug 13 05:27:55 UTC 2019 /home/travis/build/icyphy/ptII/ptolemy/actor/lib/test/auto/ExpressionFix.xml
----------------- Instantiating /home/travis/build/icyphy/ptII/ptolemy/actor/lib/test/auto/ExpressionFix.xml
26 ms. Memory: 480256K Free: 374654K (78%)
----------------- Invoking toplevel() on ptolemy.moml.MoMLSimpleApplication@2820aaca
----------------- Done invoking toplevel() on ptolemy.moml.MoMLSimpleApplication@2820aaca
reloadAllAccessors: .ExpressionFix

===========================================================================================
----------------- testing Tue Aug 13 05:27:55 UTC 2019 /home/travis/build/icyphy/ptII/ptolemy/actor/lib/test/auto/ExpressionFix2.xml
----------------- Instantiating /home/travis/build/icyphy/ptII/ptolemy/actor/lib/test/auto/ExpressionFix2.xml
6 ms. Memory: 480256K Free: 370558K (77%)
----------------- Invoking toplevel() on ptolemy.moml.MoMLSimpleApplication@676b8a38
----------------- Done invoking toplevel() on ptolemy.moml.MoMLSimpleApplication@676b8a38
reloadAllAccessors: .ExpressionFix2

===========================================================================================
----------------- testing Tue Aug 13 05:27:55 UTC 2019 /home/travis/build/icyphy/ptII/ptolemy/actor/lib/test/auto/ExpressionFix3.xml
----------------- Instantiating /home/travis/build/icyphy/ptII/ptolemy/actor/lib/test/auto/ExpressionFix3.xml
3 ms. Memory: 480256K Free: 365948K (76%)
----------------- Invoking toplevel() on ptolemy.moml.MoMLSimpleApplication@8929f7f
----------------- Done invoking toplevel() on ptolemy.moml.MoMLSimpleApplication@8929f7f
reloadAllAccessors: .ExpressionFix3

===========================================================================================
----------------- testing Tue Aug 13 05:27:55 UTC 2019 /home/travis/build/icyphy/ptII/ptolemy/actor/lib/test/auto/FileWriter1.xml
----------------- Instantiating /home/travis/build/icyphy/ptII/ptolemy/actor/lib/test/auto/FileWriter1.xml
2 ms. Memory: 480256K Free: 362366K (75%)
----------------- Invoking toplevel() on ptolemy.moml.MoMLSimpleApplication@292ae6ee
----------------- Done invoking toplevel() on ptolemy.moml.MoMLSimpleApplication@292ae6ee
reloadAllAccessors: .FileWriter1

===========================================================================================
----------------- testing Tue Aug 13 05:27:55 UTC 2019 /home/travis/build/icyphy/ptII/ptolemy/actor/lib/test/auto/FileWriter2.xml
----------------- Instantiating /home/travis/build/icyphy/ptII/ptolemy/actor/lib/test/auto/FileWriter2.xml
2 ms. Memory: 480256K Free: 357742K (74%)
----------------- Invoking toplevel() on ptolemy.moml.MoMLSimpleApplication@77e6975f
----------------- Done invoking toplevel() on ptolemy.moml.MoMLSimpleApplication@77e6975f
reloadAllAccessors: .FileWriter2

===========================================================================================
----------------- testing Tue Aug 13 05:27:55 UTC 2019 /home/travis/build/icyphy/ptII/ptolemy/actor/lib/test/auto/FileWriter3.xml
----------------- Instantiating /home/travis/build/icyphy/ptII/ptolemy/actor/lib/test/auto/FileWriter3.xml
4 ms. Memory: 480256K Free: 353660K (74%)
----------------- Invoking toplevel() on ptolemy.moml.MoMLSimpleApplication@2cf9b1ad
----------------- Done invoking toplevel() on ptolemy.moml.MoMLSimpleApplication@2cf9b1ad
reloadAllAccessors: .FileWriter3

===========================================================================================
----------------- testing Tue Aug 13 05:27:55 UTC 2019 /home/travis/build/icyphy/ptII/ptolemy/actor/lib/test/auto/Gaussian.xml
----------------- Instantiating /home/travis/build/icyphy/ptII/ptolemy/actor/lib/test/auto/Gaussian.xml
2 ms. Memory: 480256K Free: 349054K (73%)
----------------- Invoking toplevel() on ptolemy.moml.MoMLSimpleApplication@16abc2e8
----------------- Done invoking toplevel() on ptolemy.moml.MoMLSimpleApplication@16abc2e8
reloadAllAccessors: .Gaussian

===========================================================================================
----------------- testing Tue Aug 13 05:27:55 UTC 2019 /home/travis/build/icyphy/ptII/ptolemy/actor/lib/test/auto/Gaussian1.xml
----------------- Instantiating /home/travis/build/icyphy/ptII/ptolemy/actor/lib/test/auto/Gaussian1.xml
9 ms. Memory: 480256K Free: 343406K (72%)
----------------- Invoking toplevel() on ptolemy.moml.MoMLSimpleApplication@6d1f3bf
----------------- Done invoking toplevel() on ptolemy.moml.MoMLSimpleApplication@6d1f3bf
reloadAllAccessors: .Gaussian1

===========================================================================================
----------------- testing Tue Aug 13 05:27:55 UTC 2019 /home/travis/build/icyphy/ptII/ptolemy/actor/lib/test/auto/Gaussian2.xml
----------------- Instantiating /home/travis/build/icyphy/ptII/ptolemy/actor/lib/test/auto/Gaussian2.xml
2 ms. Memory: 480256K Free: 337790K (70%)
----------------- Invoking toplevel() on ptolemy.moml.MoMLSimpleApplication@7a303cac
----------------- Done invoking toplevel() on ptolemy.moml.MoMLSimpleApplication@7a303cac
reloadAllAccessors: .Gaussian2

===========================================================================================
----------------- testing Tue Aug 13 05:27:55 UTC 2019 /home/travis/build/icyphy/ptII/ptolemy/actor/lib/test/auto/GradientAdaptiveLattice.xml
----------------- Instantiating /home/travis/build/icyphy/ptII/ptolemy/actor/lib/test/auto/GradientAdaptiveLattice.xml
4 ms. Memory: 480256K Free: 332670K (69%)
----------------- Invoking toplevel() on ptolemy.moml.MoMLSimpleApplication@3c1f2aa1
----------------- Done invoking toplevel() on ptolemy.moml.MoMLSimpleApplication@3c1f2aa1
reloadAllAccessors: .GradientAdaptiveLattice

===========================================================================================
----------------- testing Tue Aug 13 05:27:55 UTC 2019 /home/travis/build/icyphy/ptII/ptolemy/actor/lib/test/auto/IIR.xml
----------------- Instantiating /home/travis/build/icyphy/ptII/ptolemy/actor/lib/test/auto/IIR.xml
2 ms. Memory: 480256K Free: 328060K (68%)
----------------- Invoking toplevel() on ptolemy.moml.MoMLSimpleApplication@73c55368
----------------- Done invoking toplevel() on ptolemy.moml.MoMLSimpleApplication@73c55368
reloadAllAccessors: .IIR

===========================================================================================
----------------- testing Tue Aug 13 05:27:55 UTC 2019 /home/travis/build/icyphy/ptII/ptolemy/actor/lib/test/auto/InputOutputTransparentPorts.xml
----------------- Instantiating /home/travis/build/icyphy/ptII/ptolemy/actor/lib/test/auto/InputOutputTransparentPorts.xml
3 ms. Memory: 480256K Free: 320892K (67%)
----------------- Invoking toplevel() on ptolemy.moml.MoMLSimpleApplication@2bcaeb34
----------------- Done invoking toplevel() on ptolemy.moml.MoMLSimpleApplication@2bcaeb34
reloadAllAccessors: .InputOutputTransparentPorts

===========================================================================================
----------------- testing Tue Aug 13 05:27:55 UTC 2019 /home/travis/build/icyphy/ptII/ptolemy/actor/lib/test/auto/Interpolator.xml
----------------- Instantiating /home/travis/build/icyphy/ptII/ptolemy/actor/lib/test/auto/Interpolator.xml
5 ms. Memory: 480256K Free: 316796K (66%)
----------------- Invoking toplevel() on ptolemy.moml.MoMLSimpleApplication@71973db1
----------------- Done invoking toplevel() on ptolemy.moml.MoMLSimpleApplication@71973db1
reloadAllAccessors: .Interpolator

===========================================================================================
----------------- testing Tue Aug 13 05:27:55 UTC 2019 /home/travis/build/icyphy/ptII/ptolemy/actor/lib/test/auto/InterpolatorFiringLimitDE.xml
----------------- Instantiating /home/travis/build/icyphy/ptII/ptolemy/actor/lib/test/auto/InterpolatorFiringLimitDE.xml
2 ms. Memory: 480256K Free: 310652K (65%)
----------------- Invoking toplevel() on ptolemy.moml.MoMLSimpleApplication@5e2191f8
----------------- Done invoking toplevel() on ptolemy.moml.MoMLSimpleApplication@5e2191f8
reloadAllAccessors: .InterpolatorFiringLimitDE

===========================================================================================
----------------- testing Tue Aug 13 05:27:55 UTC 2019 /home/travis/build/icyphy/ptII/ptolemy/actor/lib/test/auto/Lattice.xml
----------------- Instantiating /home/travis/build/icyphy/ptII/ptolemy/actor/lib/test/auto/Lattice.xml
1 ms. Memory: 480256K Free: 306556K (64%)
----------------- Invoking toplevel() on ptolemy.moml.MoMLSimpleApplication@3730720f
----------------- Done invoking toplevel() on ptolemy.moml.MoMLSimpleApplication@3730720f
reloadAllAccessors: .Lattice

===========================================================================================
----------------- testing Tue Aug 13 05:27:55 UTC 2019 /home/travis/build/icyphy/ptII/ptolemy/actor/lib/test/auto/LazyAOCTestLazy.xml
----------------- Instantiating /home/travis/build/icyphy/ptII/ptolemy/actor/lib/test/auto/LazyAOCTestLazy.xml
19 ms. Memory: 480256K Free: 300412K (63%)
----------------- Invoking toplevel() on ptolemy.moml.MoMLSimpleApplication@5190169d
----------------- Done invoking toplevel() on ptolemy.moml.MoMLSimpleApplication@5190169d
reloadAllAccessors: .LazyAOCTestLazy

===========================================================================================
----------------- testing Tue Aug 13 05:27:55 UTC 2019 /home/travis/build/icyphy/ptII/ptolemy/actor/lib/test/auto/LazyAOCTestNonLazy.xml
----------------- Instantiating /home/travis/build/icyphy/ptII/ptolemy/actor/lib/test/auto/LazyAOCTestNonLazy.xml
2 ms. Memory: 480256K Free: 293758K (61%)
----------------- Invoking toplevel() on ptolemy.moml.MoMLSimpleApplication@14ac43c9
----------------- Done invoking toplevel() on ptolemy.moml.MoMLSimpleApplication@14ac43c9
reloadAllAccessors: .LazyAOCTestNonLazy

===========================================================================================
----------------- testing Tue Aug 13 05:27:55 UTC 2019 /home/travis/build/icyphy/ptII/ptolemy/actor/lib/test/auto/LazyInnerClass.xml
----------------- Instantiating /home/travis/build/icyphy/ptII/ptolemy/actor/lib/test/auto/LazyInnerClass.xml
20 ms. Memory: 480256K Free: 285022K (59%)
----------------- Invoking toplevel() on ptolemy.moml.MoMLSimpleApplication@36865646
----------------- Done invoking toplevel() on ptolemy.moml.MoMLSimpleApplication@36865646
reloadAllAccessors: .LazyInnerClass

===========================================================================================
----------------- testing Tue Aug 13 05:27:55 UTC 2019 /home/travis/build/icyphy/ptII/ptolemy/actor/lib/test/auto/LazyPubSub.xml
----------------- Instantiating /home/travis/build/icyphy/ptII/ptolemy/actor/lib/test/auto/LazyPubSub.xml
23 ms. Memory: 480256K Free: 274812K (57%)
----------------- Invoking toplevel() on ptolemy.moml.MoMLSimpleApplication@6964fc7c
----------------- Done invoking toplevel() on ptolemy.moml.MoMLSimpleApplication@6964fc7c
reloadAllAccessors: .LazyPubSub

===========================================================================================
----------------- testing Tue Aug 13 05:27:56 UTC 2019 /home/travis/build/icyphy/ptII/ptolemy/actor/lib/test/auto/LazyPubSub2.xml
----------------- Instantiating /home/travis/build/icyphy/ptII/ptolemy/actor/lib/test/auto/LazyPubSub2.xml
16 ms. Memory: 480256K Free: 265086K (55%)
----------------- Invoking toplevel() on ptolemy.moml.MoMLSimpleApplication@4161a3aa
----------------- Done invoking toplevel() on ptolemy.moml.MoMLSimpleApplication@4161a3aa
reloadAllAccessors: .LazyPubSub2

===========================================================================================
----------------- testing Tue Aug 13 05:27:56 UTC 2019 /home/travis/build/icyphy/ptII/ptolemy/actor/lib/test/auto/LazyPubSub3.xml
----------------- Instantiating /home/travis/build/icyphy/ptII/ptolemy/actor/lib/test/auto/LazyPubSub3.xml
21 ms. Memory: 480256K Free: 254846K (53%)
----------------- Invoking toplevel() on ptolemy.moml.MoMLSimpleApplication@464447e3
----------------- Done invoking toplevel() on ptolemy.moml.MoMLSimpleApplication@464447e3
reloadAllAccessors: .LazyPubSub3

===========================================================================================
----------------- testing Tue Aug 13 05:27:56 UTC 2019 /home/travis/build/icyphy/ptII/ptolemy/actor/lib/test/auto/LazySubClassModel.xml
----------------- Instantiating /home/travis/build/icyphy/ptII/ptolemy/actor/lib/test/auto/LazySubClassModel.xml
2 ms. Memory: 480256K Free: 246140K (51%)
----------------- Invoking toplevel() on ptolemy.moml.MoMLSimpleApplication@73b7bc03
----------------- Done invoking toplevel() on ptolemy.moml.MoMLSimpleApplication@73b7bc03
reloadAllAccessors: .LazySubClassModel

===========================================================================================
----------------- testing Tue Aug 13 05:27:56 UTC 2019 /home/travis/build/icyphy/ptII/ptolemy/actor/lib/test/auto/LevelCrossTest1.xml
----------------- Instantiating /home/travis/build/icyphy/ptII/ptolemy/actor/lib/test/auto/LevelCrossTest1.xml
2 ms. Memory: 480256K Free: 240510K (50%)
----------------- Invoking toplevel() on ptolemy.moml.MoMLSimpleApplication@6df541ba
----------------- Done invoking toplevel() on ptolemy.moml.MoMLSimpleApplication@6df541ba
reloadAllAccessors: .broken

===========================================================================================
----------------- testing Tue Aug 13 05:27:56 UTC 2019 /home/travis/build/icyphy/ptII/ptolemy/actor/lib/test/auto/LevelCrossTest10.xml
----------------- Instantiating /home/travis/build/icyphy/ptII/ptolemy/actor/lib/test/auto/LevelCrossTest10.xml
2 ms. Memory: 480256K Free: 232828K (48%)
----------------- Invoking toplevel() on ptolemy.moml.MoMLSimpleApplication@288c1ddf
----------------- Done invoking toplevel() on ptolemy.moml.MoMLSimpleApplication@288c1ddf
reloadAllAccessors: .LevelCrossTest10

===========================================================================================
----------------- testing Tue Aug 13 05:27:56 UTC 2019 /home/travis/build/icyphy/ptII/ptolemy/actor/lib/test/auto/LevelCrossTest11.xml
----------------- Instantiating /home/travis/build/icyphy/ptII/ptolemy/actor/lib/test/auto/LevelCrossTest11.xml
1 ms. Memory: 480256K Free: 225150K (47%)
----------------- Invoking toplevel() on ptolemy.moml.MoMLSimpleApplication@3fc3522e
----------------- Done invoking toplevel() on ptolemy.moml.MoMLSimpleApplication@3fc3522e
reloadAllAccessors: .LevelCrossTest11

===========================================================================================
----------------- testing Tue Aug 13 05:27:56 UTC 2019 /home/travis/build/icyphy/ptII/ptolemy/actor/lib/test/auto/LevelCrossTest12.xml
----------------- Instantiating /home/travis/build/icyphy/ptII/ptolemy/actor/lib/test/auto/LevelCrossTest12.xml
2 ms. Memory: 480256K Free: 219006K (46%)
----------------- Invoking toplevel() on ptolemy.moml.MoMLSimpleApplication@4f14abf7
----------------- Done invoking toplevel() on ptolemy.moml.MoMLSimpleApplication@4f14abf7
reloadAllAccessors: .LevelCrossTest12

===========================================================================================
----------------- testing Tue Aug 13 05:27:56 UTC 2019 /home/travis/build/icyphy/ptII/ptolemy/actor/lib/test/auto/LevelCrossTest13.xml
----------------- Instantiating /home/travis/build/icyphy/ptII/ptolemy/actor/lib/test/auto/LevelCrossTest13.xml
1 ms. Memory: 480256K Free: 210814K (44%)
----------------- Invoking toplevel() on ptolemy.moml.MoMLSimpleApplication@2f31f241
----------------- Done invoking toplevel() on ptolemy.moml.MoMLSimpleApplication@2f31f241
reloadAllAccessors: .LevelCrossTest13

===========================================================================================
----------------- testing Tue Aug 13 05:27:56 UTC 2019 /home/travis/build/icyphy/ptII/ptolemy/actor/lib/test/auto/LevelCrossTest2.xml
----------------- Instantiating /home/travis/build/icyphy/ptII/ptolemy/actor/lib/test/auto/LevelCrossTest2.xml
1 ms. Memory: 480256K Free: 205180K (43%)
----------------- Invoking toplevel() on ptolemy.moml.MoMLSimpleApplication@6425b7d3
----------------- Done invoking toplevel() on ptolemy.moml.MoMLSimpleApplication@6425b7d3
reloadAllAccessors: .broken

===========================================================================================
----------------- testing Tue Aug 13 05:27:56 UTC 2019 /home/travis/build/icyphy/ptII/ptolemy/actor/lib/test/auto/LevelCrossTest3.xml
----------------- Instantiating /home/travis/build/icyphy/ptII/ptolemy/actor/lib/test/auto/LevelCrossTest3.xml
2 ms. Memory: 480256K Free: 199036K (41%)
----------------- Invoking toplevel() on ptolemy.moml.MoMLSimpleApplication@290b6533
----------------- Done invoking toplevel() on ptolemy.moml.MoMLSimpleApplication@290b6533
reloadAllAccessors: .LevelCrossTest3

===========================================================================================
----------------- testing Tue Aug 13 05:27:56 UTC 2019 /home/travis/build/icyphy/ptII/ptolemy/actor/lib/test/auto/LevelCrossTest4.xml
----------------- Instantiating /home/travis/build/icyphy/ptII/ptolemy/actor/lib/test/auto/LevelCrossTest4.xml
1 ms. Memory: 480256K Free: 193916K (40%)
----------------- Invoking toplevel() on ptolemy.moml.MoMLSimpleApplication@4ed5066c
----------------- Done invoking toplevel() on ptolemy.moml.MoMLSimpleApplication@4ed5066c
reloadAllAccessors: .broken

===========================================================================================
----------------- testing Tue Aug 13 05:27:56 UTC 2019 /home/travis/build/icyphy/ptII/ptolemy/actor/lib/test/auto/LevelCrossTest5.xml
----------------- Instantiating /home/travis/build/icyphy/ptII/ptolemy/actor/lib/test/auto/LevelCrossTest5.xml
5 ms. Memory: 480256K Free: 186238K (39%)
----------------- Invoking toplevel() on ptolemy.moml.MoMLSimpleApplication@56c9b22
----------------- Done invoking toplevel() on ptolemy.moml.MoMLSimpleApplication@56c9b22
reloadAllAccessors: .LevelCrossTest5

===========================================================================================
----------------- testing Tue Aug 13 05:27:56 UTC 2019 /home/travis/build/icyphy/ptII/ptolemy/actor/lib/test/auto/LevelCrossTest6.xml
----------------- Instantiating /home/travis/build/icyphy/ptII/ptolemy/actor/lib/test/auto/LevelCrossTest6.xml
1 ms. Memory: 480256K Free: 179580K (37%)
----------------- Invoking toplevel() on ptolemy.moml.MoMLSimpleApplication@4c60580e
----------------- Done invoking toplevel() on ptolemy.moml.MoMLSimpleApplication@4c60580e
reloadAllAccessors: .LevelCrossTest6

===========================================================================================
----------------- testing Tue Aug 13 05:27:56 UTC 2019 /home/travis/build/icyphy/ptII/ptolemy/actor/lib/test/auto/LevelCrossTest7.xml
----------------- Instantiating /home/travis/build/icyphy/ptII/ptolemy/actor/lib/test/auto/LevelCrossTest7.xml
1 ms. Memory: 480256K Free: 171388K (36%)
----------------- Invoking toplevel() on ptolemy.moml.MoMLSimpleApplication@533497a8
----------------- Done invoking toplevel() on ptolemy.moml.MoMLSimpleApplication@533497a8
reloadAllAccessors: .LevelCrossTest7

===========================================================================================
----------------- testing Tue Aug 13 05:27:56 UTC 2019 /home/travis/build/icyphy/ptII/ptolemy/actor/lib/test/auto/LevelCrossTest8.xml
----------------- Instantiating /home/travis/build/icyphy/ptII/ptolemy/actor/lib/test/auto/LevelCrossTest8.xml
1 ms. Memory: 480256K Free: 164220K (34%)
----------------- Invoking toplevel() on ptolemy.moml.MoMLSimpleApplication@24ed04ba
----------------- Done invoking toplevel() on ptolemy.moml.MoMLSimpleApplication@24ed04ba
reloadAllAccessors: .LevelCrossTest8

===========================================================================================
----------------- testing Tue Aug 13 05:27:56 UTC 2019 /home/travis/build/icyphy/ptII/ptolemy/actor/lib/test/auto/LevelCrossTest9.xml
----------------- Instantiating /home/travis/build/icyphy/ptII/ptolemy/actor/lib/test/auto/LevelCrossTest9.xml
2 ms. Memory: 480256K Free: 157566K (33%)
----------------- Invoking toplevel() on ptolemy.moml.MoMLSimpleApplication@412da4e
----------------- Done invoking toplevel() on ptolemy.moml.MoMLSimpleApplication@412da4e
reloadAllAccessors: .LevelCrossTest9

===========================================================================================
----------------- testing Tue Aug 13 05:27:56 UTC 2019 /home/travis/build/icyphy/ptII/ptolemy/actor/lib/test/auto/LevinsonDurbin.xml
----------------- Instantiating /home/travis/build/icyphy/ptII/ptolemy/actor/lib/test/auto/LevinsonDurbin.xml
2 ms. Memory: 480256K Free: 153470K (32%)
----------------- Invoking toplevel() on ptolemy.moml.MoMLSimpleApplication@1c712f46
----------------- Done invoking toplevel() on ptolemy.moml.MoMLSimpleApplication@1c712f46
reloadAllAccessors: .LevinsonDurbin

===========================================================================================
----------------- testing Tue Aug 13 05:27:56 UTC 2019 /home/travis/build/icyphy/ptII/ptolemy/actor/lib/test/auto/LevinsonDurbin2.xml
----------------- Instantiating /home/travis/build/icyphy/ptII/ptolemy/actor/lib/test/auto/LevinsonDurbin2.xml
1 ms. Memory: 480256K Free: 430664K (90%)
----------------- Invoking toplevel() on ptolemy.moml.MoMLSimpleApplication@a5224f6
----------------- Done invoking toplevel() on ptolemy.moml.MoMLSimpleApplication@a5224f6
reloadAllAccessors: .LevinsonDurbin2

===========================================================================================
----------------- testing Tue Aug 13 05:27:56 UTC 2019 /home/travis/build/icyphy/ptII/ptolemy/actor/lib/test/auto/LevinsonDurbin3.xml
----------------- Instantiating /home/travis/build/icyphy/ptII/ptolemy/actor/lib/test/auto/LevinsonDurbin3.xml
3 ms. Memory: 480256K Free: 426338K (89%)
----------------- Invoking toplevel() on ptolemy.moml.MoMLSimpleApplication@47b2aee7
----------------- Done invoking toplevel() on ptolemy.moml.MoMLSimpleApplication@47b2aee7
reloadAllAccessors: .LevinsonDurbin3

===========================================================================================
----------------- testing Tue Aug 13 05:27:56 UTC 2019 /home/travis/build/icyphy/ptII/ptolemy/actor/lib/test/auto/Limiter.xml
----------------- Instantiating /home/travis/build/icyphy/ptII/ptolemy/actor/lib/test/auto/Limiter.xml
12 ms. Memory: 480256K Free: 417122K (87%)
----------------- Invoking toplevel() on ptolemy.moml.MoMLSimpleApplication@22563c01
----------------- Done invoking toplevel() on ptolemy.moml.MoMLSimpleApplication@22563c01
reloadAllAccessors: .Limiter

===========================================================================================
----------------- testing Tue Aug 13 05:27:56 UTC 2019 /home/travis/build/icyphy/ptII/ptolemy/actor/lib/test/auto/LinearDifferenceEquationSystem.xml
----------------- Instantiating /home/travis/build/icyphy/ptII/ptolemy/actor/lib/test/auto/LinearDifferenceEquationSystem.xml
2 ms. Memory: 480256K Free: 409954K (85%)
----------------- Invoking toplevel() on ptolemy.moml.MoMLSimpleApplication@4ff49670
----------------- Done invoking toplevel() on ptolemy.moml.MoMLSimpleApplication@4ff49670
reloadAllAccessors: .LinearDifferenceEquationSystem

===========================================================================================
----------------- testing Tue Aug 13 05:27:56 UTC 2019 /home/travis/build/icyphy/ptII/ptolemy/actor/lib/test/auto/LookupTable.xml
----------------- Instantiating /home/travis/build/icyphy/ptII/ptolemy/actor/lib/test/auto/LookupTable.xml
2 ms. Memory: 480256K Free: 405344K (84%)
----------------- Invoking toplevel() on ptolemy.moml.MoMLSimpleApplication@dc6224
----------------- Done invoking toplevel() on ptolemy.moml.MoMLSimpleApplication@dc6224
reloadAllAccessors: .LookupTable

===========================================================================================
----------------- testing Tue Aug 13 05:27:56 UTC 2019 /home/travis/build/icyphy/ptII/ptolemy/actor/lib/test/auto/MathFunction.xml
----------------- Instantiating /home/travis/build/icyphy/ptII/ptolemy/actor/lib/test/auto/MathFunction.xml
2 ms. Memory: 480256K Free: 397152K (83%)
----------------- Invoking toplevel() on ptolemy.moml.MoMLSimpleApplication@5520573f
----------------- Done invoking toplevel() on ptolemy.moml.MoMLSimpleApplication@5520573f
reloadAllAccessors: .MathFunction

===========================================================================================
----------------- testing Tue Aug 13 05:27:56 UTC 2019 /home/travis/build/icyphy/ptII/ptolemy/actor/lib/test/auto/MathFunction2.xml
----------------- Instantiating /home/travis/build/icyphy/ptII/ptolemy/actor/lib/test/auto/MathFunction2.xml
5 ms. Memory: 480256K Free: 393056K (82%)
----------------- Invoking toplevel() on ptolemy.moml.MoMLSimpleApplication@a5dc952
----------------- Done invoking toplevel() on ptolemy.moml.MoMLSimpleApplication@a5dc952
reloadAllAccessors: .MathFunction2

===========================================================================================
----------------- testing Tue Aug 13 05:27:56 UTC 2019 /home/travis/build/icyphy/ptII/ptolemy/actor/lib/test/auto/MathFunction3.xml
----------------- Instantiating /home/travis/build/icyphy/ptII/ptolemy/actor/lib/test/auto/MathFunction3.xml
4 ms. Memory: 480256K Free: 385888K (80%)
----------------- Invoking toplevel() on ptolemy.moml.MoMLSimpleApplication@4977aaa9
----------------- Done invoking toplevel() on ptolemy.moml.MoMLSimpleApplication@4977aaa9
reloadAllAccessors: .MathFunction3

===========================================================================================
----------------- testing Tue Aug 13 05:27:56 UTC 2019 /home/travis/build/icyphy/ptII/ptolemy/actor/lib/test/auto/MatrixCropBoolean.xml
----------------- Instantiating /home/travis/build/icyphy/ptII/ptolemy/actor/lib/test/auto/MatrixCropBoolean.xml
2 ms. Memory: 480256K Free: 380762K (79%)
----------------- Invoking toplevel() on ptolemy.moml.MoMLSimpleApplication@1723dd83
----------------- Done invoking toplevel() on ptolemy.moml.MoMLSimpleApplication@1723dd83
reloadAllAccessors: .MatrixCropBoolean

===========================================================================================
----------------- testing Tue Aug 13 05:27:56 UTC 2019 /home/travis/build/icyphy/ptII/ptolemy/actor/lib/test/auto/MatrixCropComplex.xml
----------------- Instantiating /home/travis/build/icyphy/ptII/ptolemy/actor/lib/test/auto/MatrixCropComplex.xml
2 ms. Memory: 480256K Free: 375618K (78%)
----------------- Invoking toplevel() on ptolemy.moml.MoMLSimpleApplication@74f5e2c2
----------------- Done invoking toplevel() on ptolemy.moml.MoMLSimpleApplication@74f5e2c2
reloadAllAccessors: .MatrixCropComplex

===========================================================================================
----------------- testing Tue Aug 13 05:27:56 UTC 2019 /home/travis/build/icyphy/ptII/ptolemy/actor/lib/test/auto/MatrixCropDouble.xml
----------------- Instantiating /home/travis/build/icyphy/ptII/ptolemy/actor/lib/test/auto/MatrixCropDouble.xml
3 ms. Memory: 480256K Free: 370498K (77%)
----------------- Invoking toplevel() on ptolemy.moml.MoMLSimpleApplication@1451bffa
----------------- Done invoking toplevel() on ptolemy.moml.MoMLSimpleApplication@1451bffa
reloadAllAccessors: .MatrixCropDouble

===========================================================================================
----------------- testing Tue Aug 13 05:27:56 UTC 2019 /home/travis/build/icyphy/ptII/ptolemy/actor/lib/test/auto/MatrixCropFix.xml
----------------- Instantiating /home/travis/build/icyphy/ptII/ptolemy/actor/lib/test/auto/MatrixCropFix.xml
2 ms. Memory: 480256K Free: 365378K (76%)
----------------- Invoking toplevel() on ptolemy.moml.MoMLSimpleApplication@7a820f79
----------------- Done invoking toplevel() on ptolemy.moml.MoMLSimpleApplication@7a820f79
reloadAllAccessors: .MatrixCropFix

===========================================================================================
----------------- testing Tue Aug 13 05:27:56 UTC 2019 /home/travis/build/icyphy/ptII/ptolemy/actor/lib/test/auto/MatrixCropInt.xml
----------------- Instantiating /home/travis/build/icyphy/ptII/ptolemy/actor/lib/test/auto/MatrixCropInt.xml
2 ms. Memory: 480256K Free: 360802K (75%)
----------------- Invoking toplevel() on ptolemy.moml.MoMLSimpleApplication@5d306146
----------------- Done invoking toplevel() on ptolemy.moml.MoMLSimpleApplication@5d306146
reloadAllAccessors: .MatrixCropInt

===========================================================================================
----------------- testing Tue Aug 13 05:27:56 UTC 2019 /home/travis/build/icyphy/ptII/ptolemy/actor/lib/test/auto/MatrixCropLong.xml
----------------- Instantiating /home/travis/build/icyphy/ptII/ptolemy/actor/lib/test/auto/MatrixCropLong.xml
2 ms. Memory: 480256K Free: 355682K (74%)
----------------- Invoking toplevel() on ptolemy.moml.MoMLSimpleApplication@76b90c4b
----------------- Done invoking toplevel() on ptolemy.moml.MoMLSimpleApplication@76b90c4b
reloadAllAccessors: .MatrixCropLong

===========================================================================================
----------------- testing Tue Aug 13 05:27:56 UTC 2019 /home/travis/build/icyphy/ptII/ptolemy/actor/lib/test/auto/MatrixToArray.xml
----------------- Instantiating /home/travis/build/icyphy/ptII/ptolemy/actor/lib/test/auto/MatrixToArray.xml
7 ms. Memory: 480256K Free: 340832K (71%)
----------------- Invoking toplevel() on ptolemy.moml.MoMLSimpleApplication@549ded62
----------------- Done invoking toplevel() on ptolemy.moml.MoMLSimpleApplication@549ded62
reloadAllAccessors: .MatrixToArray

===========================================================================================
----------------- testing Tue Aug 13 05:27:56 UTC 2019 /home/travis/build/icyphy/ptII/ptolemy/actor/lib/test/auto/MaxIndex.xml
----------------- Instantiating /home/travis/build/icyphy/ptII/ptolemy/actor/lib/test/auto/MaxIndex.xml
9 ms. Memory: 480256K Free: 335202K (70%)
----------------- Invoking toplevel() on ptolemy.moml.MoMLSimpleApplication@7de0d7d7
----------------- Done invoking toplevel() on ptolemy.moml.MoMLSimpleApplication@7de0d7d7
reloadAllAccessors: .MaxIndex

===========================================================================================
----------------- testing Tue Aug 13 05:27:56 UTC 2019 /home/travis/build/icyphy/ptII/ptolemy/actor/lib/test/auto/Maximum.xml
----------------- Instantiating /home/travis/build/icyphy/ptII/ptolemy/actor/lib/test/auto/Maximum.xml
3 ms. Memory: 480256K Free: 328514K (68%)
----------------- Invoking toplevel() on ptolemy.moml.MoMLSimpleApplication@14c8b79e
----------------- Done invoking toplevel() on ptolemy.moml.MoMLSimpleApplication@14c8b79e
reloadAllAccessors: .Maximum

===========================================================================================
----------------- testing Tue Aug 13 05:27:56 UTC 2019 /home/travis/build/icyphy/ptII/ptolemy/actor/lib/test/auto/MaximumComplex.xml
----------------- Instantiating /home/travis/build/icyphy/ptII/ptolemy/actor/lib/test/auto/MaximumComplex.xml
8 ms. Memory: 480256K Free: 322386K (67%)
----------------- Invoking toplevel() on ptolemy.moml.MoMLSimpleApplication@66eaeccb
----------------- Done invoking toplevel() on ptolemy.moml.MoMLSimpleApplication@66eaeccb
reloadAllAccessors: .MaximumComplex

===========================================================================================
----------------- testing Tue Aug 13 05:27:56 UTC 2019 /home/travis/build/icyphy/ptII/ptolemy/actor/lib/test/auto/MethodCallTest.xml
----------------- Instantiating /home/travis/build/icyphy/ptII/ptolemy/actor/lib/test/auto/MethodCallTest.xml
4 ms. Memory: 480256K Free: 315746K (66%)
----------------- Invoking toplevel() on ptolemy.moml.MoMLSimpleApplication@44d0f53f
----------------- Done invoking toplevel() on ptolemy.moml.MoMLSimpleApplication@44d0f53f
reloadAllAccessors: .MethodCallTest

===========================================================================================
----------------- testing Tue Aug 13 05:27:56 UTC 2019 /home/travis/build/icyphy/ptII/ptolemy/actor/lib/test/auto/Minimum.xml
----------------- Instantiating /home/travis/build/icyphy/ptII/ptolemy/actor/lib/test/auto/Minimum.xml
3 ms. Memory: 480256K Free: 309602K (64%)
----------------- Invoking toplevel() on ptolemy.moml.MoMLSimpleApplication@709f52b5
----------------- Done invoking toplevel() on ptolemy.moml.MoMLSimpleApplication@709f52b5
reloadAllAccessors: .Minimum

===========================================================================================
----------------- testing Tue Aug 13 05:27:56 UTC 2019 /home/travis/build/icyphy/ptII/ptolemy/actor/lib/test/auto/MinimumComplex.xml
----------------- Instantiating /home/travis/build/icyphy/ptII/ptolemy/actor/lib/test/auto/MinimumComplex.xml
4 ms. Memory: 480256K Free: 303458K (63%)
----------------- Invoking toplevel() on ptolemy.moml.MoMLSimpleApplication@425133df
----------------- Done invoking toplevel() on ptolemy.moml.MoMLSimpleApplication@425133df
reloadAllAccessors: .MinimumComplex

===========================================================================================
----------------- testing Tue Aug 13 05:27:56 UTC 2019 /home/travis/build/icyphy/ptII/ptolemy/actor/lib/test/auto/MinimumMultiports.xml
----------------- Instantiating /home/travis/build/icyphy/ptII/ptolemy/actor/lib/test/auto/MinimumMultiports.xml
4 ms. Memory: 480256K Free: 294738K (61%)
----------------- Invoking toplevel() on ptolemy.moml.MoMLSimpleApplication@33d7ec0
----------------- Done invoking toplevel() on ptolemy.moml.MoMLSimpleApplication@33d7ec0
reloadAllAccessors: .MinimumMultiports

===========================================================================================
----------------- testing Tue Aug 13 05:27:57 UTC 2019 /home/travis/build/icyphy/ptII/ptolemy/actor/lib/test/auto/ModifyDate.xml
----------------- Instantiating /home/travis/build/icyphy/ptII/ptolemy/actor/lib/test/auto/ModifyDate.xml
9 ms. Memory: 480256K Free: 281440K (59%)
----------------- Invoking toplevel() on ptolemy.moml.MoMLSimpleApplication@5b1c5b42
----------------- Done invoking toplevel() on ptolemy.moml.MoMLSimpleApplication@5b1c5b42
reloadAllAccessors: .ModifyDate

===========================================================================================
----------------- testing Tue Aug 13 05:27:57 UTC 2019 /home/travis/build/icyphy/ptII/ptolemy/actor/lib/test/auto/ModifyDate2.xml
----------------- Instantiating /home/travis/build/icyphy/ptII/ptolemy/actor/lib/test/auto/ModifyDate2.xml
6 ms. Memory: 480256K Free: 272738K (57%)
----------------- Invoking toplevel() on ptolemy.moml.MoMLSimpleApplication@4a258f70
----------------- Done invoking toplevel() on ptolemy.moml.MoMLSimpleApplication@4a258f70
reloadAllAccessors: .ModifyDate2

===========================================================================================
----------------- testing Tue Aug 13 05:27:57 UTC 2019 /home/travis/build/icyphy/ptII/ptolemy/actor/lib/test/auto/MovingAverage.xml
----------------- Instantiating /home/travis/build/icyphy/ptII/ptolemy/actor/lib/test/auto/MovingAverage.xml
10 ms. Memory: 480256K Free: 267618K (56%)
----------------- Invoking toplevel() on ptolemy.moml.MoMLSimpleApplication@2aafe450
----------------- Done invoking toplevel() on ptolemy.moml.MoMLSimpleApplication@2aafe450
reloadAllAccessors: .MovingAverage

===========================================================================================
----------------- testing Tue Aug 13 05:27:57 UTC 2019 /home/travis/build/icyphy/ptII/ptolemy/actor/lib/test/auto/MovingMaximum.xml
----------------- Instantiating /home/travis/build/icyphy/ptII/ptolemy/actor/lib/test/auto/MovingMaximum.xml
2 ms. Memory: 480256K Free: 263008K (55%)
----------------- Invoking toplevel() on ptolemy.moml.MoMLSimpleApplication@5e80078f
----------------- Done invoking toplevel() on ptolemy.moml.MoMLSimpleApplication@5e80078f
reloadAllAccessors: .MovingMaximum

===========================================================================================
----------------- testing Tue Aug 13 05:27:57 UTC 2019 /home/travis/build/icyphy/ptII/ptolemy/actor/lib/test/auto/MultipleLinksToSameRelation.xml
----------------- Instantiating /home/travis/build/icyphy/ptII/ptolemy/actor/lib/test/auto/MultipleLinksToSameRelation.xml
5 ms. Memory: 480256K Free: 258912K (54%)
----------------- Invoking toplevel() on ptolemy.moml.MoMLSimpleApplication@46948793
----------------- Done invoking toplevel() on ptolemy.moml.MoMLSimpleApplication@46948793
reloadAllAccessors: .MultipleLinksToSameRelation

===========================================================================================
----------------- testing Tue Aug 13 05:27:57 UTC 2019 /home/travis/build/icyphy/ptII/ptolemy/actor/lib/test/auto/MultipleLinksToSameRelationDE.xml
----------------- Instantiating /home/travis/build/icyphy/ptII/ptolemy/actor/lib/test/auto/MultipleLinksToSameRelationDE.xml
2 ms. Memory: 480256K Free: 254306K (53%)
----------------- Invoking toplevel() on ptolemy.moml.MoMLSimpleApplication@6a1df2c9
----------------- Done invoking toplevel() on ptolemy.moml.MoMLSimpleApplication@6a1df2c9
reloadAllAccessors: .MultipleLinksToSameRelationDE

===========================================================================================
----------------- testing Tue Aug 13 05:27:57 UTC 2019 /home/travis/build/icyphy/ptII/ptolemy/actor/lib/test/auto/Multiplexor.xml
----------------- Instantiating /home/travis/build/icyphy/ptII/ptolemy/actor/lib/test/auto/Multiplexor.xml
2 ms. Memory: 480256K Free: 248672K (52%)
----------------- Invoking toplevel() on ptolemy.moml.MoMLSimpleApplication@fe832ec
----------------- Done invoking toplevel() on ptolemy.moml.MoMLSimpleApplication@fe832ec
reloadAllAccessors: .Multiplexor

===========================================================================================
----------------- testing Tue Aug 13 05:27:57 UTC 2019 /home/travis/build/icyphy/ptII/ptolemy/actor/lib/test/auto/Multiplexor1.xml
----------------- Instantiating /home/travis/build/icyphy/ptII/ptolemy/actor/lib/test/auto/Multiplexor1.xml
2 ms. Memory: 480256K Free: 243042K (51%)
----------------- Invoking toplevel() on ptolemy.moml.MoMLSimpleApplication@229d44e
----------------- Done invoking toplevel() on ptolemy.moml.MoMLSimpleApplication@229d44e
reloadAllAccessors: .Multiplexor1

===========================================================================================
----------------- testing Tue Aug 13 05:27:57 UTC 2019 /home/travis/build/icyphy/ptII/ptolemy/actor/lib/test/auto/Multiplexor2.xml
----------------- Instantiating /home/travis/build/icyphy/ptII/ptolemy/actor/lib/test/auto/Multiplexor2.xml
4 ms. Memory: 480256K Free: 236384K (49%)
----------------- Invoking toplevel() on ptolemy.moml.MoMLSimpleApplication@5feb071a
----------------- Done invoking toplevel() on ptolemy.moml.MoMLSimpleApplication@5feb071a
reloadAllAccessors: .Multiplexor2

===========================================================================================
----------------- testing Tue Aug 13 05:27:57 UTC 2019 /home/travis/build/icyphy/ptII/ptolemy/actor/lib/test/auto/Multiplexor3.xml
----------------- Instantiating /home/travis/build/icyphy/ptII/ptolemy/actor/lib/test/auto/Multiplexor3.xml
2 ms. Memory: 480256K Free: 232288K (48%)
----------------- Invoking toplevel() on ptolemy.moml.MoMLSimpleApplication@352f604d
----------------- Done invoking toplevel() on ptolemy.moml.MoMLSimpleApplication@352f604d
reloadAllAccessors: .Multiplexor3

===========================================================================================
----------------- testing Tue Aug 13 05:27:57 UTC 2019 /home/travis/build/icyphy/ptII/ptolemy/actor/lib/test/auto/MultiplexorDE.xml
----------------- Instantiating /home/travis/build/icyphy/ptII/ptolemy/actor/lib/test/auto/MultiplexorDE.xml
2 ms. Memory: 480256K Free: 224610K (47%)
----------------- Invoking toplevel() on ptolemy.moml.MoMLSimpleApplication@60be1b3
----------------- Done invoking toplevel() on ptolemy.moml.MoMLSimpleApplication@60be1b3
reloadAllAccessors: .MultiplexorDE

===========================================================================================
----------------- testing Tue Aug 13 05:27:57 UTC 2019 /home/travis/build/icyphy/ptII/ptolemy/actor/lib/test/auto/MultiportBroadcastTest.xml
----------------- Instantiating /home/travis/build/icyphy/ptII/ptolemy/actor/lib/test/auto/MultiportBroadcastTest.xml
78 ms. Memory: 480256K Free: 218466K (45%)
----------------- Invoking toplevel() on ptolemy.moml.MoMLSimpleApplication@3c3bf72b
----------------- Done invoking toplevel() on ptolemy.moml.MoMLSimpleApplication@3c3bf72b
reloadAllAccessors: .MultiportBroadcastTest

===========================================================================================
----------------- testing Tue Aug 13 05:27:57 UTC 2019 /home/travis/build/icyphy/ptII/ptolemy/actor/lib/test/auto/MultiportOutHangDuringGetWidth.xml
----------------- Instantiating /home/travis/build/icyphy/ptII/ptolemy/actor/lib/test/auto/MultiportOutHangDuringGetWidth.xml
6 ms. Memory: 480256K Free: 206674K (43%)
----------------- Invoking toplevel() on ptolemy.moml.MoMLSimpleApplication@5fbc42ec
----------------- Done invoking toplevel() on ptolemy.moml.MoMLSimpleApplication@5fbc42ec
reloadAllAccessors: .MultiportOutHangDuringGetWidth

===========================================================================================
----------------- testing Tue Aug 13 05:27:57 UTC 2019 /home/travis/build/icyphy/ptII/ptolemy/actor/lib/test/auto/NilToken.xml
----------------- Instantiating /home/travis/build/icyphy/ptII/ptolemy/actor/lib/test/auto/NilToken.xml
2 ms. Memory: 480256K Free: 202592K (42%)
----------------- Invoking toplevel() on ptolemy.moml.MoMLSimpleApplication@7dcb5db3
----------------- Done invoking toplevel() on ptolemy.moml.MoMLSimpleApplication@7dcb5db3
reloadAllAccessors: .NilToken

===========================================================================================
----------------- testing Tue Aug 13 05:27:57 UTC 2019 /home/travis/build/icyphy/ptII/ptolemy/actor/lib/test/auto/NilTokenNonStrictTest.xml
----------------- Instantiating /home/travis/build/icyphy/ptII/ptolemy/actor/lib/test/auto/NilTokenNonStrictTest.xml
1 ms. Memory: 480256K Free: 197472K (41%)
----------------- Invoking toplevel() on ptolemy.moml.MoMLSimpleApplication@17c32ebd
----------------- Done invoking toplevel() on ptolemy.moml.MoMLSimpleApplication@17c32ebd
reloadAllAccessors: .NilTokenNonStrictTest

===========================================================================================
----------------- testing Tue Aug 13 05:27:57 UTC 2019 /home/travis/build/icyphy/ptII/ptolemy/actor/lib/test/auto/NilTokenRecord.xml
----------------- Instantiating /home/travis/build/icyphy/ptII/ptolemy/actor/lib/test/auto/NilTokenRecord.xml
12 ms. Memory: 480256K Free: 190818K (40%)
----------------- Invoking toplevel() on ptolemy.moml.MoMLSimpleApplication@5eac39fa
----------------- Done invoking toplevel() on ptolemy.moml.MoMLSimpleApplication@5eac39fa
reloadAllAccessors: .NilTokenRecord

===========================================================================================
----------------- testing Tue Aug 13 05:27:57 UTC 2019 /home/travis/build/icyphy/ptII/ptolemy/actor/lib/test/auto/NilTokenTypeTest.xml
----------------- Instantiating /home/travis/build/icyphy/ptII/ptolemy/actor/lib/test/auto/NilTokenTypeTest.xml
12 ms. Memory: 480256K Free: 181088K (38%)
----------------- Invoking toplevel() on ptolemy.moml.MoMLSimpleApplication@4c783bb7
----------------- Done invoking toplevel() on ptolemy.moml.MoMLSimpleApplication@4c783bb7
reloadAllAccessors: .NilTokenTypeTest

===========================================================================================
----------------- testing Tue Aug 13 05:27:57 UTC 2019 /home/travis/build/icyphy/ptII/ptolemy/actor/lib/test/auto/ObjectToken1.xml
----------------- Instantiating /home/travis/build/icyphy/ptII/ptolemy/actor/lib/test/auto/ObjectToken1.xml
3 ms. Memory: 480256K Free: 176482K (37%)
----------------- Invoking toplevel() on ptolemy.moml.MoMLSimpleApplication@2a2fb848
----------------- Done invoking toplevel() on ptolemy.moml.MoMLSimpleApplication@2a2fb848
reloadAllAccessors: .ObjectToken1

===========================================================================================
----------------- testing Tue Aug 13 05:27:57 UTC 2019 /home/travis/build/icyphy/ptII/ptolemy/actor/lib/test/auto/OrderedMerge.xml
----------------- Instantiating /home/travis/build/icyphy/ptII/ptolemy/actor/lib/test/auto/OrderedMerge.xml
14 ms. Memory: 480256K Free: 170848K (36%)
----------------- Invoking toplevel() on ptolemy.moml.MoMLSimpleApplication@61c95b6a
----------------- Done invoking toplevel() on ptolemy.moml.MoMLSimpleApplication@61c95b6a
reloadAllAccessors: .OrderedMerge

===========================================================================================
----------------- testing Tue Aug 13 05:27:57 UTC 2019 /home/travis/build/icyphy/ptII/ptolemy/actor/lib/test/auto/OrderedRecordDisassembler.xml
----------------- Instantiating /home/travis/build/icyphy/ptII/ptolemy/actor/lib/test/auto/OrderedRecordDisassembler.xml
3 ms. Memory: 480256K Free: 165698K (35%)
----------------- Invoking toplevel() on ptolemy.moml.MoMLSimpleApplication@4ce5e82
----------------- Done invoking toplevel() on ptolemy.moml.MoMLSimpleApplication@4ce5e82
reloadAllAccessors: .OrderedRecordDisassembler

===========================================================================================
----------------- testing Tue Aug 13 05:27:57 UTC 2019 /home/travis/build/icyphy/ptII/ptolemy/actor/lib/test/auto/OrderedRecordDisassembler2.xml
----------------- Instantiating /home/travis/build/icyphy/ptII/ptolemy/actor/lib/test/auto/OrderedRecordDisassembler2.xml
4 ms. Memory: 480256K Free: 158050K (33%)
----------------- Invoking toplevel() on ptolemy.moml.MoMLSimpleApplication@69e0ed09
----------------- Done invoking toplevel() on ptolemy.moml.MoMLSimpleApplication@69e0ed09
reloadAllAccessors: .OrderedRecordDisassembler2

===========================================================================================
----------------- testing Tue Aug 13 05:27:57 UTC 2019 /home/travis/build/icyphy/ptII/ptolemy/actor/lib/test/auto/OrderedRecordUpdater.xml
----------------- Instantiating /home/travis/build/icyphy/ptII/ptolemy/actor/lib/test/auto/OrderedRecordUpdater.xml
2 ms. Memory: 480256K Free: 153440K (32%)
----------------- Invoking toplevel() on ptolemy.moml.MoMLSimpleApplication@18a61eed
----------------- Done invoking toplevel() on ptolemy.moml.MoMLSimpleApplication@18a61eed
reloadAllAccessors: .RecordUpdater

===========================================================================================
----------------- testing Tue Aug 13 05:27:57 UTC 2019 /home/travis/build/icyphy/ptII/ptolemy/actor/lib/test/auto/OrderedRecordUpdater2.xml
----------------- Instantiating /home/travis/build/icyphy/ptII/ptolemy/actor/lib/test/auto/OrderedRecordUpdater2.xml
3 ms. Memory: 480256K Free: 430408K (90%)
----------------- Invoking toplevel() on ptolemy.moml.MoMLSimpleApplication@4211b96c
----------------- Done invoking toplevel() on ptolemy.moml.MoMLSimpleApplication@4211b96c
reloadAllAccessors: .RecordUpdater2

===========================================================================================
----------------- testing Tue Aug 13 05:27:57 UTC 2019 /home/travis/build/icyphy/ptII/ptolemy/actor/lib/test/auto/PhaseUnwrap.xml
----------------- Instantiating /home/travis/build/icyphy/ptII/ptolemy/actor/lib/test/auto/PhaseUnwrap.xml
1 ms. Memory: 480256K Free: 425288K (89%)
----------------- Invoking toplevel() on ptolemy.moml.MoMLSimpleApplication@54dfeba5
----------------- Done invoking toplevel() on ptolemy.moml.MoMLSimpleApplication@54dfeba5
reloadAllAccessors: .PhaseUnwrap

===========================================================================================
----------------- testing Tue Aug 13 05:27:57 UTC 2019 /home/travis/build/icyphy/ptII/ptolemy/actor/lib/test/auto/PoissonClock.xml
----------------- Instantiating /home/travis/build/icyphy/ptII/ptolemy/actor/lib/test/auto/PoissonClock.xml
1 ms. Memory: 480256K Free: 421192K (88%)
----------------- Invoking toplevel() on ptolemy.moml.MoMLSimpleApplication@5f6d0cf8
----------------- Done invoking toplevel() on ptolemy.moml.MoMLSimpleApplication@5f6d0cf8
reloadAllAccessors: .PoissonClock

===========================================================================================
----------------- testing Tue Aug 13 05:27:57 UTC 2019 /home/travis/build/icyphy/ptII/ptolemy/actor/lib/test/auto/PoissonClock2.xml
----------------- Instantiating /home/travis/build/icyphy/ptII/ptolemy/actor/lib/test/auto/PoissonClock2.xml
1 ms. Memory: 480256K Free: 416582K (87%)
----------------- Invoking toplevel() on ptolemy.moml.MoMLSimpleApplication@53dc579a
----------------- Done invoking toplevel() on ptolemy.moml.MoMLSimpleApplication@53dc579a
reloadAllAccessors: .PoissonClock2

===========================================================================================
----------------- testing Tue Aug 13 05:27:57 UTC 2019 /home/travis/build/icyphy/ptII/ptolemy/actor/lib/test/auto/PoissonClock3.xml
----------------- Instantiating /home/travis/build/icyphy/ptII/ptolemy/actor/lib/test/auto/PoissonClock3.xml
1 ms. Memory: 480256K Free: 411976K (86%)
----------------- Invoking toplevel() on ptolemy.moml.MoMLSimpleApplication@40aefc0f
----------------- Done invoking toplevel() on ptolemy.moml.MoMLSimpleApplication@40aefc0f
reloadAllAccessors: .PoissonClock3

===========================================================================================
----------------- testing Tue Aug 13 05:27:57 UTC 2019 /home/travis/build/icyphy/ptII/ptolemy/actor/lib/test/auto/PubSubWithInitialTokens.xml
----------------- Instantiating /home/travis/build/icyphy/ptII/ptolemy/actor/lib/test/auto/PubSubWithInitialTokens.xml
2 ms. Memory: 480256K Free: 406311K (85%)
----------------- Invoking toplevel() on ptolemy.moml.MoMLSimpleApplication@82c785a
----------------- Done invoking toplevel() on ptolemy.moml.MoMLSimpleApplication@82c785a
reloadAllAccessors: .PubSubWithInitialTokens

===========================================================================================
----------------- testing Tue Aug 13 05:27:57 UTC 2019 /home/travis/build/icyphy/ptII/ptolemy/actor/lib/test/auto/PubSubWithInitialTokens2.xml
----------------- Instantiating /home/travis/build/icyphy/ptII/ptolemy/actor/lib/test/auto/PubSubWithInitialTokens2.xml
2 ms. Memory: 480256K Free: 400167K (83%)
----------------- Invoking toplevel() on ptolemy.moml.MoMLSimpleApplication@1a37f13b
----------------- Done invoking toplevel() on ptolemy.moml.MoMLSimpleApplication@1a37f13b
reloadAllAccessors: .PubSubWithInitialTokens2

===========================================================================================
----------------- testing Tue Aug 13 05:27:57 UTC 2019 /home/travis/build/icyphy/ptII/ptolemy/actor/lib/test/auto/PublisherClassNoParameter.xml
----------------- Instantiating /home/travis/build/icyphy/ptII/ptolemy/actor/lib/test/auto/PublisherClassNoParameter.xml
3 ms. Memory: 480256K Free: 390472K (81%)
----------------- Invoking toplevel() on ptolemy.moml.MoMLSimpleApplication@7aad5588
----------------- Done invoking toplevel() on ptolemy.moml.MoMLSimpleApplication@7aad5588
reloadAllAccessors: .PublisherClassNoParameter

===========================================================================================
----------------- testing Tue Aug 13 05:27:57 UTC 2019 /home/travis/build/icyphy/ptII/ptolemy/actor/lib/test/auto/PublisherClassParameter.xml
----------------- Instantiating /home/travis/build/icyphy/ptII/ptolemy/actor/lib/test/auto/PublisherClassParameter.xml
2 ms. Memory: 480256K Free: 380232K (79%)
----------------- Invoking toplevel() on ptolemy.moml.MoMLSimpleApplication@533f6e6d
----------------- Done invoking toplevel() on ptolemy.moml.MoMLSimpleApplication@533f6e6d
reloadAllAccessors: .PublisherClassParameter

===========================================================================================
----------------- testing Tue Aug 13 05:27:57 UTC 2019 /home/travis/build/icyphy/ptII/ptolemy/actor/lib/test/auto/PublisherNonStrictTest.xml
----------------- Instantiating /home/travis/build/icyphy/ptII/ptolemy/actor/lib/test/auto/PublisherNonStrictTest.xml
2 ms. Memory: 480256K Free: 372543K (78%)
----------------- Invoking toplevel() on ptolemy.moml.MoMLSimpleApplication@64477650
----------------- Done invoking toplevel() on ptolemy.moml.MoMLSimpleApplication@64477650
reloadAllAccessors: .PublisherNonStrictTest

===========================================================================================
----------------- testing Tue Aug 13 05:27:57 UTC 2019 /home/travis/build/icyphy/ptII/ptolemy/actor/lib/test/auto/PublisherPort1.xml
----------------- Instantiating /home/travis/build/icyphy/ptII/ptolemy/actor/lib/test/auto/PublisherPort1.xml
3 ms. Memory: 480256K Free: 366920K (76%)
----------------- Invoking toplevel() on ptolemy.moml.MoMLSimpleApplication@2ff15d35
----------------- Done invoking toplevel() on ptolemy.moml.MoMLSimpleApplication@2ff15d35
reloadAllAccessors: .PublisherPort1

===========================================================================================
----------------- testing Tue Aug 13 05:27:57 UTC 2019 /home/travis/build/icyphy/ptII/ptolemy/actor/lib/test/auto/PublisherPort2.xml
----------------- Instantiating /home/travis/build/icyphy/ptII/ptolemy/actor/lib/test/auto/PublisherPort2.xml
1 ms. Memory: 480256K Free: 361286K (75%)
----------------- Invoking toplevel() on ptolemy.moml.MoMLSimpleApplication@5486941d
----------------- Done invoking toplevel() on ptolemy.moml.MoMLSimpleApplication@5486941d
reloadAllAccessors: .PublisherPort2

===========================================================================================
----------------- testing Tue Aug 13 05:27:57 UTC 2019 /home/travis/build/icyphy/ptII/ptolemy/actor/lib/test/auto/PublisherPort3.xml
----------------- Instantiating /home/travis/build/icyphy/ptII/ptolemy/actor/lib/test/auto/PublisherPort3.xml
16 ms. Memory: 480256K Free: 354632K (74%)
----------------- Invoking toplevel() on ptolemy.moml.MoMLSimpleApplication@43d9894e
----------------- Done invoking toplevel() on ptolemy.moml.MoMLSimpleApplication@43d9894e
reloadAllAccessors: .PublisherPort3

===========================================================================================
----------------- testing Tue Aug 13 05:27:57 UTC 2019 /home/travis/build/icyphy/ptII/ptolemy/actor/lib/test/auto/PublisherPort4.xml
----------------- Instantiating /home/travis/build/icyphy/ptII/ptolemy/actor/lib/test/auto/PublisherPort4.xml
3 ms. Memory: 480256K Free: 348991K (73%)
----------------- Invoking toplevel() on ptolemy.moml.MoMLSimpleApplication@4226d0c3
----------------- Done invoking toplevel() on ptolemy.moml.MoMLSimpleApplication@4226d0c3
reloadAllAccessors: .PublisherPort4

===========================================================================================
----------------- testing Tue Aug 13 05:27:57 UTC 2019 /home/travis/build/icyphy/ptII/ptolemy/actor/lib/test/auto/PublisherPort5.xml
----------------- Instantiating /home/travis/build/icyphy/ptII/ptolemy/actor/lib/test/auto/PublisherPort5.xml
4 ms. Memory: 480256K Free: 341320K (71%)
----------------- Invoking toplevel() on ptolemy.moml.MoMLSimpleApplication@7e6f4292
----------------- Done invoking toplevel() on ptolemy.moml.MoMLSimpleApplication@7e6f4292
reloadAllAccessors: .PublisherPort5

===========================================================================================
----------------- testing Tue Aug 13 05:27:57 UTC 2019 /home/travis/build/icyphy/ptII/ptolemy/actor/lib/test/auto/PublisherPort5LookAlike.xml
----------------- Instantiating /home/travis/build/icyphy/ptII/ptolemy/actor/lib/test/auto/PublisherPort5LookAlike.xml
13 ms. Memory: 480256K Free: 333631K (69%)
----------------- Invoking toplevel() on ptolemy.moml.MoMLSimpleApplication@1a934b4f
----------------- Done invoking toplevel() on ptolemy.moml.MoMLSimpleApplication@1a934b4f
reloadAllAccessors: .PublisherPort5LookAlike

===========================================================================================
----------------- testing Tue Aug 13 05:27:57 UTC 2019 /home/travis/build/icyphy/ptII/ptolemy/actor/lib/test/auto/PublisherPort6.xml
----------------- Instantiating /home/travis/build/icyphy/ptII/ptolemy/actor/lib/test/auto/PublisherPort6.xml
2 ms. Memory: 480256K Free: 326984K (68%)
----------------- Invoking toplevel() on ptolemy.moml.MoMLSimpleApplication@1b7b4ba0
----------------- Done invoking toplevel() on ptolemy.moml.MoMLSimpleApplication@1b7b4ba0
reloadAllAccessors: .PublisherPort6

===========================================================================================
----------------- testing Tue Aug 13 05:27:58 UTC 2019 /home/travis/build/icyphy/ptII/ptolemy/actor/lib/test/auto/PublisherPort7.xml
----------------- Instantiating /home/travis/build/icyphy/ptII/ptolemy/actor/lib/test/auto/PublisherPort7.xml
4 ms. Memory: 480256K Free: 319302K (66%)
----------------- Invoking toplevel() on ptolemy.moml.MoMLSimpleApplication@7612a385
----------------- Done invoking toplevel() on ptolemy.moml.MoMLSimpleApplication@7612a385
reloadAllAccessors: .PublisherPort7

===========================================================================================
----------------- testing Tue Aug 13 05:27:58 UTC 2019 /home/travis/build/icyphy/ptII/ptolemy/actor/lib/test/auto/PublisherPort8.xml
----------------- Instantiating /home/travis/build/icyphy/ptII/ptolemy/actor/lib/test/auto/PublisherPort8.xml
4 ms. Memory: 480256K Free: 310600K (65%)
----------------- Invoking toplevel() on ptolemy.moml.MoMLSimpleApplication@ce2aec4
----------------- Done invoking toplevel() on ptolemy.moml.MoMLSimpleApplication@ce2aec4
reloadAllAccessors: .PublisherPort8

===========================================================================================
----------------- testing Tue Aug 13 05:27:58 UTC 2019 /home/travis/build/icyphy/ptII/ptolemy/actor/lib/test/auto/PublisherPortSubscriberChannelVariablesAOC2.xml
----------------- Instantiating /home/travis/build/icyphy/ptII/ptolemy/actor/lib/test/auto/PublisherPortSubscriberChannelVariablesAOC2.xml
2 ms. Memory: 480256K Free: 292678K (61%)
----------------- Invoking toplevel() on ptolemy.moml.MoMLSimpleApplication@2869486c
----------------- Done invoking toplevel() on ptolemy.moml.MoMLSimpleApplication@2869486c
reloadAllAccessors: .PublisherPortSubscriberChannelVariablesAOC2

===========================================================================================
----------------- testing Tue Aug 13 05:27:58 UTC 2019 /home/travis/build/icyphy/ptII/ptolemy/actor/lib/test/auto/PublisherPortSubscriberOpaqueWidthInference.xml
----------------- Instantiating /home/travis/build/icyphy/ptII/ptolemy/actor/lib/test/auto/PublisherPortSubscriberOpaqueWidthInference.xml
5 ms. Memory: 480256K Free: 285000K (59%)
----------------- Invoking toplevel() on ptolemy.moml.MoMLSimpleApplication@221e1687
----------------- Done invoking toplevel() on ptolemy.moml.MoMLSimpleApplication@221e1687
reloadAllAccessors: .PublisherPortSubscriberOpaqueWidthInference

===========================================================================================
----------------- testing Tue Aug 13 05:27:58 UTC 2019 /home/travis/build/icyphy/ptII/ptolemy/actor/lib/test/auto/PublisherPortSubscriberPortAdjacent.xml
----------------- Instantiating /home/travis/build/icyphy/ptII/ptolemy/actor/lib/test/auto/PublisherPortSubscriberPortAdjacent.xml
2 ms. Memory: 480256K Free: 276808K (58%)
----------------- Invoking toplevel() on ptolemy.moml.MoMLSimpleApplication@4c88dfe5
----------------- Done invoking toplevel() on ptolemy.moml.MoMLSimpleApplication@4c88dfe5
reloadAllAccessors: .PublisherPortSubscriberPortAdjacent

===========================================================================================
----------------- testing Tue Aug 13 05:27:58 UTC 2019 /home/travis/build/icyphy/ptII/ptolemy/actor/lib/test/auto/PublisherPortSubscriberPortExpression.xml
----------------- Instantiating /home/travis/build/icyphy/ptII/ptolemy/actor/lib/test/auto/PublisherPortSubscriberPortExpression.xml
3 ms. Memory: 480256K Free: 269111K (56%)
----------------- Invoking toplevel() on ptolemy.moml.MoMLSimpleApplication@52e9d3d3
----------------- Done invoking toplevel() on ptolemy.moml.MoMLSimpleApplication@52e9d3d3
reloadAllAccessors: .PublisherPortSubscriberPortExpression

===========================================================================================
----------------- testing Tue Aug 13 05:27:58 UTC 2019 /home/travis/build/icyphy/ptII/ptolemy/actor/lib/test/auto/PublisherPortSubscriberPortOpaqueD3Reverse.xml
----------------- Instantiating /home/travis/build/icyphy/ptII/ptolemy/actor/lib/test/auto/PublisherPortSubscriberPortOpaqueD3Reverse.xml
8 ms. Memory: 480256K Free: 258376K (54%)
----------------- Invoking toplevel() on ptolemy.moml.MoMLSimpleApplication@60fab18d
----------------- Done invoking toplevel() on ptolemy.moml.MoMLSimpleApplication@60fab18d
reloadAllAccessors: .PublisherPortSubscriberPortOpaqueD3Reverse

===========================================================================================
----------------- testing Tue Aug 13 05:27:58 UTC 2019 /home/travis/build/icyphy/ptII/ptolemy/actor/lib/test/auto/PublisherPortSubscriberPortOpaqueWidthInference.xml
----------------- Instantiating /home/travis/build/icyphy/ptII/ptolemy/actor/lib/test/auto/PublisherPortSubscriberPortOpaqueWidthInference.xml
3 ms. Memory: 480256K Free: 250679K (52%)
----------------- Invoking toplevel() on ptolemy.moml.MoMLSimpleApplication@66c822bc
----------------- Done invoking toplevel() on ptolemy.moml.MoMLSimpleApplication@66c822bc
reloadAllAccessors: .PublisherPortSubscriberPortOpaqueWidthInference

===========================================================================================
----------------- testing Tue Aug 13 05:27:58 UTC 2019 /home/travis/build/icyphy/ptII/ptolemy/actor/lib/test/auto/PublisherPortToplevelSubscriberPortAOC.xml
----------------- Instantiating /home/travis/build/icyphy/ptII/ptolemy/actor/lib/test/auto/PublisherPortToplevelSubscriberPortAOC.xml
.PublisherPortToplevelSubscriberPortAOC.TestExceptionAttribute: initialize() was not invoked, but wrapup() was.  This is unusual, but not always a problem.  For example, exporting JNLP will do this.
1 ms. Memory: 480256K Free: 244550K (51%)
----------------- Invoking toplevel() on ptolemy.moml.MoMLSimpleApplication@59263a2f
----------------- Done invoking toplevel() on ptolemy.moml.MoMLSimpleApplication@59263a2f
reloadAllAccessors: .PublisherPortToplevelSubscriberPortAOC

===========================================================================================
----------------- testing Tue Aug 13 05:27:58 UTC 2019 /home/travis/build/icyphy/ptII/ptolemy/actor/lib/test/auto/PublisherSubscriber.xml
----------------- Instantiating /home/travis/build/icyphy/ptII/ptolemy/actor/lib/test/auto/PublisherSubscriber.xml
2 ms. Memory: 480256K Free: 236872K (49%)
----------------- Invoking toplevel() on ptolemy.moml.MoMLSimpleApplication@2bc8c704
----------------- Done invoking toplevel() on ptolemy.moml.MoMLSimpleApplication@2bc8c704
reloadAllAccessors: .PublisherSubscriber

===========================================================================================
----------------- testing Tue Aug 13 05:27:58 UTC 2019 /home/travis/build/icyphy/ptII/ptolemy/actor/lib/test/auto/PublisherSubscriber10.xml
----------------- Instantiating /home/travis/build/icyphy/ptII/ptolemy/actor/lib/test/auto/PublisherSubscriber10.xml
10 ms. Memory: 480256K Free: 226632K (47%)
----------------- Invoking toplevel() on ptolemy.moml.MoMLSimpleApplication@4b3c3caa
----------------- Done invoking toplevel() on ptolemy.moml.MoMLSimpleApplication@4b3c3caa
reloadAllAccessors: .PublisherSubscriber10

===========================================================================================
----------------- testing Tue Aug 13 05:27:58 UTC 2019 /home/travis/build/icyphy/ptII/ptolemy/actor/lib/test/auto/PublisherSubscriber10InitialOutputs.xml
----------------- Instantiating /home/travis/build/icyphy/ptII/ptolemy/actor/lib/test/auto/PublisherSubscriber10InitialOutputs.xml
19 ms. Memory: 480256K Free: 217416K (45%)
----------------- Invoking toplevel() on ptolemy.moml.MoMLSimpleApplication@64beb17c
----------------- Done invoking toplevel() on ptolemy.moml.MoMLSimpleApplication@64beb17c
reloadAllAccessors: .PublisherSubscriber10InitialOutputs

===========================================================================================
----------------- testing Tue Aug 13 05:27:58 UTC 2019 /home/travis/build/icyphy/ptII/ptolemy/actor/lib/test/auto/PublisherSubscriber11.xml
----------------- Instantiating /home/travis/build/icyphy/ptII/ptolemy/actor/lib/test/auto/PublisherSubscriber11.xml
2 ms. Memory: 480256K Free: 211272K (44%)
----------------- Invoking toplevel() on ptolemy.moml.MoMLSimpleApplication@4d31aacf
----------------- Done invoking toplevel() on ptolemy.moml.MoMLSimpleApplication@4d31aacf
reloadAllAccessors: .PublisherSubscriber11

===========================================================================================
----------------- testing Tue Aug 13 05:27:58 UTC 2019 /home/travis/build/icyphy/ptII/ptolemy/actor/lib/test/auto/PublisherSubscriber12.xml
----------------- Instantiating /home/travis/build/icyphy/ptII/ptolemy/actor/lib/test/auto/PublisherSubscriber12.xml
6 ms. Memory: 480256K Free: 204104K (42%)
----------------- Invoking toplevel() on ptolemy.moml.MoMLSimpleApplication@763950d
----------------- Done invoking toplevel() on ptolemy.moml.MoMLSimpleApplication@763950d
reloadAllAccessors: .PublisherSubscriber12

===========================================================================================
----------------- testing Tue Aug 13 05:27:58 UTC 2019 /home/travis/build/icyphy/ptII/ptolemy/actor/lib/test/auto/PublisherSubscriber13.xml
----------------- Instantiating /home/travis/build/icyphy/ptII/ptolemy/actor/lib/test/auto/PublisherSubscriber13.xml
2 ms. Memory: 480256K Free: 198439K (41%)
----------------- Invoking toplevel() on ptolemy.moml.MoMLSimpleApplication@1445b3ea
----------------- Done invoking toplevel() on ptolemy.moml.MoMLSimpleApplication@1445b3ea
reloadAllAccessors: .PublisherSubscriber13

===========================================================================================
----------------- testing Tue Aug 13 05:27:58 UTC 2019 /home/travis/build/icyphy/ptII/ptolemy/actor/lib/test/auto/PublisherSubscriber14.xml
----------------- Instantiating /home/travis/build/icyphy/ptII/ptolemy/actor/lib/test/auto/PublisherSubscriber14.xml
2 ms. Memory: 480256K Free: 189768K (40%)
----------------- Invoking toplevel() on ptolemy.moml.MoMLSimpleApplication@62c964d2
----------------- Done invoking toplevel() on ptolemy.moml.MoMLSimpleApplication@62c964d2
reloadAllAccessors: .PublisherSubscriber14

===========================================================================================
----------------- testing Tue Aug 13 05:27:58 UTC 2019 /home/travis/build/icyphy/ptII/ptolemy/actor/lib/test/auto/PublisherSubscriber2.xml
----------------- Instantiating /home/travis/build/icyphy/ptII/ptolemy/actor/lib/test/auto/PublisherSubscriber2.xml
3 ms. Memory: 480256K Free: 183624K (38%)
----------------- Invoking toplevel() on ptolemy.moml.MoMLSimpleApplication@45c2af0
----------------- Done invoking toplevel() on ptolemy.moml.MoMLSimpleApplication@45c2af0
reloadAllAccessors: .PublisherSubscriber2

===========================================================================================
----------------- testing Tue Aug 13 05:27:58 UTC 2019 /home/travis/build/icyphy/ptII/ptolemy/actor/lib/test/auto/PublisherSubscriber3.xml
----------------- Instantiating /home/travis/build/icyphy/ptII/ptolemy/actor/lib/test/auto/PublisherSubscriber3.xml
6 ms. Memory: 480256K Free: 177959K (37%)
----------------- Invoking toplevel() on ptolemy.moml.MoMLSimpleApplication@3fe7899c
----------------- Done invoking toplevel() on ptolemy.moml.MoMLSimpleApplication@3fe7899c
reloadAllAccessors: .PublisherSubscriber3

===========================================================================================
----------------- testing Tue Aug 13 05:27:58 UTC 2019 /home/travis/build/icyphy/ptII/ptolemy/actor/lib/test/auto/PublisherSubscriber4.xml
----------------- Instantiating /home/travis/build/icyphy/ptII/ptolemy/actor/lib/test/auto/PublisherSubscriber4.xml
2 ms. Memory: 480256K Free: 172870K (36%)
----------------- Invoking toplevel() on ptolemy.moml.MoMLSimpleApplication@20a9f027
----------------- Done invoking toplevel() on ptolemy.moml.MoMLSimpleApplication@20a9f027
reloadAllAccessors: .PublisherSubscriber4

===========================================================================================
----------------- testing Tue Aug 13 05:27:58 UTC 2019 /home/travis/build/icyphy/ptII/ptolemy/actor/lib/test/auto/PublisherSubscriber5.xml
----------------- Instantiating /home/travis/build/icyphy/ptII/ptolemy/actor/lib/test/auto/PublisherSubscriber5.xml
3 ms. Memory: 480256K Free: 166216K (35%)
----------------- Invoking toplevel() on ptolemy.moml.MoMLSimpleApplication@295a8eeb
----------------- Done invoking toplevel() on ptolemy.moml.MoMLSimpleApplication@295a8eeb
reloadAllAccessors: .PublisherSubscriber5

===========================================================================================
----------------- testing Tue Aug 13 05:27:58 UTC 2019 /home/travis/build/icyphy/ptII/ptolemy/actor/lib/test/auto/PublisherSubscriber6.xml
----------------- Instantiating /home/travis/build/icyphy/ptII/ptolemy/actor/lib/test/auto/PublisherSubscriber6.xml
4 ms. Memory: 480256K Free: 159558K (33%)
----------------- Invoking toplevel() on ptolemy.moml.MoMLSimpleApplication@36151677
----------------- Done invoking toplevel() on ptolemy.moml.MoMLSimpleApplication@36151677
reloadAllAccessors: .PublisherSubscriber6

===========================================================================================
----------------- testing Tue Aug 13 05:27:58 UTC 2019 /home/travis/build/icyphy/ptII/ptolemy/actor/lib/test/auto/PublisherSubscriber7.xml
----------------- Instantiating /home/travis/build/icyphy/ptII/ptolemy/actor/lib/test/auto/PublisherSubscriber7.xml
5 ms. Memory: 480256K Free: 152390K (32%)
----------------- Invoking toplevel() on ptolemy.moml.MoMLSimpleApplication@cbc8532
----------------- Done invoking toplevel() on ptolemy.moml.MoMLSimpleApplication@cbc8532
reloadAllAccessors: .PublisherSubscriber7

===========================================================================================
----------------- testing Tue Aug 13 05:27:58 UTC 2019 /home/travis/build/icyphy/ptII/ptolemy/actor/lib/test/auto/PublisherSubscriber8.xml
----------------- Instantiating /home/travis/build/icyphy/ptII/ptolemy/actor/lib/test/auto/PublisherSubscriber8.xml
17 ms. Memory: 480256K Free: 422216K (88%)
----------------- Invoking toplevel() on ptolemy.moml.MoMLSimpleApplication@1e769e41
----------------- Done invoking toplevel() on ptolemy.moml.MoMLSimpleApplication@1e769e41
reloadAllAccessors: .PublisherSubscriber8

===========================================================================================
----------------- testing Tue Aug 13 05:27:58 UTC 2019 /home/travis/build/icyphy/ptII/ptolemy/actor/lib/test/auto/PublisherSubscriber9.xml
----------------- Instantiating /home/travis/build/icyphy/ptII/ptolemy/actor/lib/test/auto/PublisherSubscriber9.xml
3 ms. Memory: 480256K Free: 414534K (86%)
----------------- Invoking toplevel() on ptolemy.moml.MoMLSimpleApplication@e3b8d53
----------------- Done invoking toplevel() on ptolemy.moml.MoMLSimpleApplication@e3b8d53
reloadAllAccessors: .PublisherSubscriber9

===========================================================================================
----------------- testing Tue Aug 13 05:27:58 UTC 2019 /home/travis/build/icyphy/ptII/ptolemy/actor/lib/test/auto/PublisherSubscriberAdjacent.xml
----------------- Instantiating /home/travis/build/icyphy/ptII/ptolemy/actor/lib/test/auto/PublisherSubscriberAdjacent.xml
2 ms. Memory: 480256K Free: 405832K (85%)
----------------- Invoking toplevel() on ptolemy.moml.MoMLSimpleApplication@4f24ffa5
----------------- Done invoking toplevel() on ptolemy.moml.MoMLSimpleApplication@4f24ffa5
reloadAllAccessors: .PublisherSubscriberAdjacent

===========================================================================================
----------------- testing Tue Aug 13 05:27:58 UTC 2019 /home/travis/build/icyphy/ptII/ptolemy/actor/lib/test/auto/PublisherSubscriberChannelVariablesAOC2.xml
----------------- Instantiating /home/travis/build/icyphy/ptII/ptolemy/actor/lib/test/auto/PublisherSubscriberChannelVariablesAOC2.xml
3 ms. Memory: 480256K Free: 391496K (82%)
----------------- Invoking toplevel() on ptolemy.moml.MoMLSimpleApplication@3c883e65
----------------- Done invoking toplevel() on ptolemy.moml.MoMLSimpleApplication@3c883e65
reloadAllAccessors: .PublisherSubscriberChannelVariablesAOC2

===========================================================================================
----------------- testing Tue Aug 13 05:27:58 UTC 2019 /home/travis/build/icyphy/ptII/ptolemy/actor/lib/test/auto/PublisherSubscriberD3.xml
----------------- Instantiating /home/travis/build/icyphy/ptII/ptolemy/actor/lib/test/auto/PublisherSubscriberD3.xml
2 ms. Memory: 480256K Free: 384328K (80%)
----------------- Invoking toplevel() on ptolemy.moml.MoMLSimpleApplication@d246b87
----------------- Done invoking toplevel() on ptolemy.moml.MoMLSimpleApplication@d246b87
reloadAllAccessors: .PublisherSubscriberD3

===========================================================================================
----------------- testing Tue Aug 13 05:27:58 UTC 2019 /home/travis/build/icyphy/ptII/ptolemy/actor/lib/test/auto/PublisherSubscriberD3Reverse.xml
----------------- Instantiating /home/travis/build/icyphy/ptII/ptolemy/actor/lib/test/auto/PublisherSubscriberD3Reverse.xml
2 ms. Memory: 480256K Free: 378184K (79%)
----------------- Invoking toplevel() on ptolemy.moml.MoMLSimpleApplication@7c3806f7
----------------- Done invoking toplevel() on ptolemy.moml.MoMLSimpleApplication@7c3806f7
reloadAllAccessors: .PublisherSubscriberD3Reverse

===========================================================================================
----------------- testing Tue Aug 13 05:27:58 UTC 2019 /home/travis/build/icyphy/ptII/ptolemy/actor/lib/test/auto/PublisherSubscriberExpression.xml
----------------- Instantiating /home/travis/build/icyphy/ptII/ptolemy/actor/lib/test/auto/PublisherSubscriberExpression.xml
4 ms. Memory: 480256K Free: 368968K (77%)
----------------- Invoking toplevel() on ptolemy.moml.MoMLSimpleApplication@283ca142
----------------- Done invoking toplevel() on ptolemy.moml.MoMLSimpleApplication@283ca142
reloadAllAccessors: .PublisherSubscriberExpression

===========================================================================================
----------------- testing Tue Aug 13 05:27:58 UTC 2019 /home/travis/build/icyphy/ptII/ptolemy/actor/lib/test/auto/PublisherSubscriberOpaque.xml
----------------- Instantiating /home/travis/build/icyphy/ptII/ptolemy/actor/lib/test/auto/PublisherSubscriberOpaque.xml
4 ms. Memory: 480256K Free: 360776K (75%)
----------------- Invoking toplevel() on ptolemy.moml.MoMLSimpleApplication@3e90187f
----------------- Done invoking toplevel() on ptolemy.moml.MoMLSimpleApplication@3e90187f
reloadAllAccessors: .PublisherSubscriberOpaque

===========================================================================================
----------------- testing Tue Aug 13 05:27:58 UTC 2019 /home/travis/build/icyphy/ptII/ptolemy/actor/lib/test/auto/PublisherSubscriberOpaqueD3.xml
----------------- Instantiating /home/travis/build/icyphy/ptII/ptolemy/actor/lib/test/auto/PublisherSubscriberOpaqueD3.xml
6 ms. Memory: 480256K Free: 348998K (73%)
----------------- Invoking toplevel() on ptolemy.moml.MoMLSimpleApplication@44b14a56
----------------- Done invoking toplevel() on ptolemy.moml.MoMLSimpleApplication@44b14a56
reloadAllAccessors: .PublisherSubscriberOpaqueD3

===========================================================================================
----------------- testing Tue Aug 13 05:27:58 UTC 2019 /home/travis/build/icyphy/ptII/ptolemy/actor/lib/test/auto/PublisherSubscriberOpaqueD3Reverse.xml
----------------- Instantiating /home/travis/build/icyphy/ptII/ptolemy/actor/lib/test/auto/PublisherSubscriberOpaqueD3Reverse.xml
9 ms. Memory: 480256K Free: 338248K (70%)
----------------- Invoking toplevel() on ptolemy.moml.MoMLSimpleApplication@6ed5aaf4
----------------- Done invoking toplevel() on ptolemy.moml.MoMLSimpleApplication@6ed5aaf4
reloadAllAccessors: .PublisherSubscriberOpaqueD3Reverse

===========================================================================================
----------------- testing Tue Aug 13 05:27:58 UTC 2019 /home/travis/build/icyphy/ptII/ptolemy/actor/lib/test/auto/PublisherSubscriberOpaqueWidthInference.xml
----------------- Instantiating /home/travis/build/icyphy/ptII/ptolemy/actor/lib/test/auto/PublisherSubscriberOpaqueWidthInference.xml
4 ms. Memory: 480256K Free: 330056K (69%)
----------------- Invoking toplevel() on ptolemy.moml.MoMLSimpleApplication@3c6fa986
----------------- Done invoking toplevel() on ptolemy.moml.MoMLSimpleApplication@3c6fa986
reloadAllAccessors: .PublisherSubscriberOpaqueWidthInference

===========================================================================================
----------------- testing Tue Aug 13 05:27:58 UTC 2019 /home/travis/build/icyphy/ptII/ptolemy/actor/lib/test/auto/PublisherTestSubscriber.xml
----------------- Instantiating /home/travis/build/icyphy/ptII/ptolemy/actor/lib/test/auto/PublisherTestSubscriber.xml
3 ms. Memory: 480256K Free: 322367K (67%)
----------------- Invoking toplevel() on ptolemy.moml.MoMLSimpleApplication@1bb98d65
----------------- Done invoking toplevel() on ptolemy.moml.MoMLSimpleApplication@1bb98d65
reloadAllAccessors: .PublisherTestSubscriber

===========================================================================================
----------------- testing Tue Aug 13 05:27:58 UTC 2019 /home/travis/build/icyphy/ptII/ptolemy/actor/lib/test/auto/PublisherToplevelSubscriberPortAOC.xml
----------------- Instantiating /home/travis/build/icyphy/ptII/ptolemy/actor/lib/test/auto/PublisherToplevelSubscriberPortAOC.xml
2 ms. Memory: 480256K Free: 315720K (66%)
----------------- Invoking toplevel() on ptolemy.moml.MoMLSimpleApplication@121d3579
----------------- Done invoking toplevel() on ptolemy.moml.MoMLSimpleApplication@121d3579
reloadAllAccessors: .PublisherToplevelSubscriberPortAOC

===========================================================================================
----------------- testing Tue Aug 13 05:27:58 UTC 2019 /home/travis/build/icyphy/ptII/ptolemy/actor/lib/test/auto/PulseFiringLimitDE.xml
----------------- Instantiating /home/travis/build/icyphy/ptII/ptolemy/actor/lib/test/auto/PulseFiringLimitDE.xml
2 ms. Memory: 480256K Free: 309062K (64%)
----------------- Invoking toplevel() on ptolemy.moml.MoMLSimpleApplication@2edc2d60
----------------- Done invoking toplevel() on ptolemy.moml.MoMLSimpleApplication@2edc2d60
reloadAllAccessors: .PulseFiringLimitDE

===========================================================================================
----------------- testing Tue Aug 13 05:27:58 UTC 2019 /home/travis/build/icyphy/ptII/ptolemy/actor/lib/test/auto/Ramp1.xml
----------------- Instantiating /home/travis/build/icyphy/ptII/ptolemy/actor/lib/test/auto/Ramp1.xml
1 ms. Memory: 480256K Free: 304959K (63%)
----------------- Invoking toplevel() on ptolemy.moml.MoMLSimpleApplication@4bbfff02
----------------- Done invoking toplevel() on ptolemy.moml.MoMLSimpleApplication@4bbfff02
reloadAllAccessors: .Ramp1

===========================================================================================
----------------- testing Tue Aug 13 05:27:58 UTC 2019 /home/travis/build/icyphy/ptII/ptolemy/actor/lib/test/auto/RampFiringLimitDE.xml
----------------- Instantiating /home/travis/build/icyphy/ptII/ptolemy/actor/lib/test/auto/RampFiringLimitDE.xml
4 ms. Memory: 480256K Free: 298807K (62%)
----------------- Invoking toplevel() on ptolemy.moml.MoMLSimpleApplication@733d6b76
----------------- Done invoking toplevel() on ptolemy.moml.MoMLSimpleApplication@733d6b76
reloadAllAccessors: .RampFiringLimitDE

===========================================================================================
----------------- testing Tue Aug 13 05:27:58 UTC 2019 /home/travis/build/icyphy/ptII/ptolemy/actor/lib/test/auto/RampFiringLimitSDF.xml
----------------- Instantiating /home/travis/build/icyphy/ptII/ptolemy/actor/lib/test/auto/RampFiringLimitSDF.xml
2 ms. Memory: 480256K Free: 293671K (61%)
----------------- Invoking toplevel() on ptolemy.moml.MoMLSimpleApplication@5265e1fb
----------------- Done invoking toplevel() on ptolemy.moml.MoMLSimpleApplication@5265e1fb
reloadAllAccessors: .RampFiringLimitSDF

===========================================================================================
----------------- testing Tue Aug 13 05:27:58 UTC 2019 /home/travis/build/icyphy/ptII/ptolemy/actor/lib/test/auto/RandomInteger.xml
----------------- Instantiating /home/travis/build/icyphy/ptII/ptolemy/actor/lib/test/auto/RandomInteger.xml
2 ms. Memory: 480256K Free: 289606K (60%)
----------------- Invoking toplevel() on ptolemy.moml.MoMLSimpleApplication@54bff2f3
----------------- Done invoking toplevel() on ptolemy.moml.MoMLSimpleApplication@54bff2f3
reloadAllAccessors: .RandomInteger

===========================================================================================
----------------- testing Tue Aug 13 05:27:58 UTC 2019 /home/travis/build/icyphy/ptII/ptolemy/actor/lib/test/auto/ReadFile1.xml
----------------- Instantiating /home/travis/build/icyphy/ptII/ptolemy/actor/lib/test/auto/ReadFile1.xml
2 ms. Memory: 480256K Free: 284486K (59%)
----------------- Invoking toplevel() on ptolemy.moml.MoMLSimpleApplication@2cf3e6f4
----------------- Done invoking toplevel() on ptolemy.moml.MoMLSimpleApplication@2cf3e6f4
reloadAllAccessors: .ReadFile1

===========================================================================================
----------------- testing Tue Aug 13 05:27:58 UTC 2019 /home/travis/build/icyphy/ptII/ptolemy/actor/lib/test/auto/ReadFile2.xml
----------------- Instantiating /home/travis/build/icyphy/ptII/ptolemy/actor/lib/test/auto/ReadFile2.xml
1 ms. Memory: 480256K Free: 280390K (58%)
----------------- Invoking toplevel() on ptolemy.moml.MoMLSimpleApplication@7b12fa99
----------------- Done invoking toplevel() on ptolemy.moml.MoMLSimpleApplication@7b12fa99
reloadAllAccessors: .ReadFile2

===========================================================================================
----------------- testing Tue Aug 13 05:27:58 UTC 2019 /home/travis/build/icyphy/ptII/ptolemy/actor/lib/test/auto/Reader.xml
----------------- Instantiating /home/travis/build/icyphy/ptII/ptolemy/actor/lib/test/auto/Reader.xml
actor.lib.Reader is obsolete, use actor.lib.io.ExpressionReader instead
2 ms. Memory: 480256K Free: 276294K (58%)
----------------- Invoking toplevel() on ptolemy.moml.MoMLSimpleApplication@1689418e
----------------- Done invoking toplevel() on ptolemy.moml.MoMLSimpleApplication@1689418e
reloadAllAccessors: .Reader

===========================================================================================
----------------- testing Tue Aug 13 05:27:58 UTC 2019 /home/travis/build/icyphy/ptII/ptolemy/actor/lib/test/auto/RecordAssemblerDisplayNameTest.xml
----------------- Instantiating /home/travis/build/icyphy/ptII/ptolemy/actor/lib/test/auto/RecordAssemblerDisplayNameTest.xml
3947 ms. Memory: 480256K Free: 177480K (37%)
----------------- Invoking toplevel() on ptolemy.moml.MoMLSimpleApplication@e8cfb0a
----------------- Done invoking toplevel() on ptolemy.moml.MoMLSimpleApplication@e8cfb0a
reloadAllAccessors: .RecordAssemblerDisplayNameTest

===========================================================================================
----------------- testing Tue Aug 13 05:28:02 UTC 2019 /home/travis/build/icyphy/ptII/ptolemy/actor/lib/test/auto/RecordAssemblerTypeError.xml
----------------- Instantiating /home/travis/build/icyphy/ptII/ptolemy/actor/lib/test/auto/RecordAssemblerTypeError.xml
5 ms. Memory: 480256K Free: 167750K (35%)
----------------- Invoking toplevel() on ptolemy.moml.MoMLSimpleApplication@5fe66795
----------------- Done invoking toplevel() on ptolemy.moml.MoMLSimpleApplication@5fe66795
reloadAllAccessors: .RecordAssemblerTypeError

===========================================================================================
----------------- testing Tue Aug 13 05:28:02 UTC 2019 /home/travis/build/icyphy/ptII/ptolemy/actor/lib/test/auto/RecordDisassember.xml
----------------- Instantiating /home/travis/build/icyphy/ptII/ptolemy/actor/lib/test/auto/RecordDisassember.xml
3 ms. Memory: 480256K Free: 163144K (34%)
----------------- Invoking toplevel() on ptolemy.moml.MoMLSimpleApplication@5d5254b3
----------------- Done invoking toplevel() on ptolemy.moml.MoMLSimpleApplication@5d5254b3
reloadAllAccessors: .RecordDisassember

===========================================================================================
----------------- testing Tue Aug 13 05:28:02 UTC 2019 /home/travis/build/icyphy/ptII/ptolemy/actor/lib/test/auto/RecordDisassemberDisplayNameTest.xml
----------------- Instantiating /home/travis/build/icyphy/ptII/ptolemy/actor/lib/test/auto/RecordDisassemberDisplayNameTest.xml
6 ms. Memory: 480256K Free: 155462K (32%)
----------------- Invoking toplevel() on ptolemy.moml.MoMLSimpleApplication@5e6795f9
----------------- Done invoking toplevel() on ptolemy.moml.MoMLSimpleApplication@5e6795f9
reloadAllAccessors: .RecordDisassemberDisplayNameTest

===========================================================================================
----------------- testing Tue Aug 13 05:28:02 UTC 2019 /home/travis/build/icyphy/ptII/ptolemy/actor/lib/test/auto/RecordDisassembler.xml
----------------- Instantiating /home/travis/build/icyphy/ptII/ptolemy/actor/lib/test/auto/RecordDisassembler.xml
3 ms. Memory: 480256K Free: 150311K (31%)
----------------- Invoking toplevel() on ptolemy.moml.MoMLSimpleApplication@4da3fd1e
----------------- Done invoking toplevel() on ptolemy.moml.MoMLSimpleApplication@4da3fd1e
reloadAllAccessors: .RecordDisassembler

===========================================================================================
----------------- testing Tue Aug 13 05:28:03 UTC 2019 /home/travis/build/icyphy/ptII/ptolemy/actor/lib/test/auto/RecordDisassembler2.xml
----------------- Instantiating /home/travis/build/icyphy/ptII/ptolemy/actor/lib/test/auto/RecordDisassembler2.xml
2 ms. Memory: 480256K Free: 426312K (89%)
----------------- Invoking toplevel() on ptolemy.moml.MoMLSimpleApplication@25982b4d
----------------- Done invoking toplevel() on ptolemy.moml.MoMLSimpleApplication@25982b4d
reloadAllAccessors: .RecordDisassembler2

===========================================================================================
----------------- testing Tue Aug 13 05:28:03 UTC 2019 /home/travis/build/icyphy/ptII/ptolemy/actor/lib/test/auto/RecordUpdater.xml
----------------- Instantiating /home/travis/build/icyphy/ptII/ptolemy/actor/lib/test/auto/RecordUpdater.xml
2 ms. Memory: 480256K Free: 421702K (88%)
----------------- Invoking toplevel() on ptolemy.moml.MoMLSimpleApplication@629c4775
----------------- Done invoking toplevel() on ptolemy.moml.MoMLSimpleApplication@629c4775
reloadAllAccessors: .RecordUpdater

===========================================================================================
----------------- testing Tue Aug 13 05:28:03 UTC 2019 /home/travis/build/icyphy/ptII/ptolemy/actor/lib/test/auto/RecordUpdater2.xml
----------------- Instantiating /home/travis/build/icyphy/ptII/ptolemy/actor/lib/test/auto/RecordUpdater2.xml
2 ms. Memory: 480256K Free: 416582K (87%)
----------------- Invoking toplevel() on ptolemy.moml.MoMLSimpleApplication@33d46b22
----------------- Done invoking toplevel() on ptolemy.moml.MoMLSimpleApplication@33d46b22
reloadAllAccessors: .RecordUpdater2

===========================================================================================
----------------- testing Tue Aug 13 05:28:03 UTC 2019 /home/travis/build/icyphy/ptII/ptolemy/actor/lib/test/auto/RecursiveLattice.xml
----------------- Instantiating /home/travis/build/icyphy/ptII/ptolemy/actor/lib/test/auto/RecursiveLattice.xml
1 ms. Memory: 480256K Free: 412455K (86%)
----------------- Invoking toplevel() on ptolemy.moml.MoMLSimpleApplication@4caee150
----------------- Done invoking toplevel() on ptolemy.moml.MoMLSimpleApplication@4caee150
reloadAllAccessors: .RecursiveLattice

===========================================================================================
----------------- testing Tue Aug 13 05:28:03 UTC 2019 /home/travis/build/icyphy/ptII/ptolemy/actor/lib/test/auto/Router.xml
----------------- Instantiating /home/travis/build/icyphy/ptII/ptolemy/actor/lib/test/auto/Router.xml
3004 ms. Memory: 480256K Free: 400198K (83%)
----------------- Invoking toplevel() on ptolemy.moml.MoMLSimpleApplication@2b3d66f3
----------------- Done invoking toplevel() on ptolemy.moml.MoMLSimpleApplication@2b3d66f3
reloadAllAccessors: .Router

===========================================================================================
----------------- testing Tue Aug 13 05:28:06 UTC 2019 /home/travis/build/icyphy/ptII/ptolemy/actor/lib/test/auto/Router2.xml
----------------- Instantiating /home/travis/build/icyphy/ptII/ptolemy/actor/lib/test/auto/Router2.xml
3004 ms. Memory: 480256K Free: 390472K (81%)
----------------- Invoking toplevel() on ptolemy.moml.MoMLSimpleApplication@8ea52f0
----------------- Done invoking toplevel() on ptolemy.moml.MoMLSimpleApplication@8ea52f0
reloadAllAccessors: .Router2

===========================================================================================
----------------- testing Tue Aug 13 05:28:09 UTC 2019 /home/travis/build/icyphy/ptII/ptolemy/actor/lib/test/auto/RunningMaximum.xml
----------------- Instantiating /home/travis/build/icyphy/ptII/ptolemy/actor/lib/test/auto/RunningMaximum.xml
2 ms. Memory: 480256K Free: 385862K (80%)
----------------- Invoking toplevel() on ptolemy.moml.MoMLSimpleApplication@11ba5795
----------------- Done invoking toplevel() on ptolemy.moml.MoMLSimpleApplication@11ba5795
reloadAllAccessors: .RunningMaximum

===========================================================================================
----------------- testing Tue Aug 13 05:28:09 UTC 2019 /home/travis/build/icyphy/ptII/ptolemy/actor/lib/test/auto/RunningMinimum.xml
----------------- Instantiating /home/travis/build/icyphy/ptII/ptolemy/actor/lib/test/auto/RunningMinimum.xml
2 ms. Memory: 480256K Free: 381256K (79%)
----------------- Invoking toplevel() on ptolemy.moml.MoMLSimpleApplication@27803685
----------------- Done invoking toplevel() on ptolemy.moml.MoMLSimpleApplication@27803685
reloadAllAccessors: .RunningMinimum

===========================================================================================
----------------- testing Tue Aug 13 05:28:09 UTC 2019 /home/travis/build/icyphy/ptII/ptolemy/actor/lib/test/auto/Scale.xml
----------------- Instantiating /home/travis/build/icyphy/ptII/ptolemy/actor/lib/test/auto/Scale.xml
1 ms. Memory: 480256K Free: 376646K (78%)
----------------- Invoking toplevel() on ptolemy.moml.MoMLSimpleApplication@3a87cf76
----------------- Done invoking toplevel() on ptolemy.moml.MoMLSimpleApplication@3a87cf76
reloadAllAccessors: .Scale

===========================================================================================
----------------- testing Tue Aug 13 05:28:09 UTC 2019 /home/travis/build/icyphy/ptII/ptolemy/actor/lib/test/auto/Scale2.xml
----------------- Instantiating /home/travis/build/icyphy/ptII/ptolemy/actor/lib/test/auto/Scale2.xml
1 ms. Memory: 480256K Free: 371526K (77%)
----------------- Invoking toplevel() on ptolemy.moml.MoMLSimpleApplication@6b96d560
----------------- Done invoking toplevel() on ptolemy.moml.MoMLSimpleApplication@6b96d560
reloadAllAccessors: .Scale2

===========================================================================================
----------------- testing Tue Aug 13 05:28:09 UTC 2019 /home/travis/build/icyphy/ptII/ptolemy/actor/lib/test/auto/Scale3.xml
----------------- Instantiating /home/travis/build/icyphy/ptII/ptolemy/actor/lib/test/auto/Scale3.xml
3 ms. Memory: 480256K Free: 364872K (76%)
----------------- Invoking toplevel() on ptolemy.moml.MoMLSimpleApplication@56c671c
----------------- Done invoking toplevel() on ptolemy.moml.MoMLSimpleApplication@56c671c
reloadAllAccessors: .Scale3

===========================================================================================
----------------- testing Tue Aug 13 05:28:09 UTC 2019 /home/travis/build/icyphy/ptII/ptolemy/actor/lib/test/auto/ScaleArray.xml
----------------- Instantiating /home/travis/build/icyphy/ptII/ptolemy/actor/lib/test/auto/ScaleArray.xml
2 ms. Memory: 480256K Free: 360262K (75%)
----------------- Invoking toplevel() on ptolemy.moml.MoMLSimpleApplication@5e189351
----------------- Done invoking toplevel() on ptolemy.moml.MoMLSimpleApplication@5e189351
reloadAllAccessors: .ScaleArray

===========================================================================================
----------------- testing Tue Aug 13 05:28:09 UTC 2019 /home/travis/build/icyphy/ptII/ptolemy/actor/lib/test/auto/ScaleArray2.xml
----------------- Instantiating /home/travis/build/icyphy/ptII/ptolemy/actor/lib/test/auto/ScaleArray2.xml
1 ms. Memory: 480256K Free: 355656K (74%)
----------------- Invoking toplevel() on ptolemy.moml.MoMLSimpleApplication@30ed0a89
----------------- Done invoking toplevel() on ptolemy.moml.MoMLSimpleApplication@30ed0a89
reloadAllAccessors: .ScaleArray2

===========================================================================================
----------------- testing Tue Aug 13 05:28:09 UTC 2019 /home/travis/build/icyphy/ptII/ptolemy/actor/lib/test/auto/ScaleMatrix.xml
----------------- Instantiating /home/travis/build/icyphy/ptII/ptolemy/actor/lib/test/auto/ScaleMatrix.xml
164 ms. Memory: 480256K Free: 341320K (71%)
----------------- Invoking toplevel() on ptolemy.moml.MoMLSimpleApplication@17c06613
----------------- Done invoking toplevel() on ptolemy.moml.MoMLSimpleApplication@17c06613
reloadAllAccessors: .ScaleMatrix

===========================================================================================
----------------- testing Tue Aug 13 05:28:09 UTC 2019 /home/travis/build/icyphy/ptII/ptolemy/actor/lib/test/auto/Select.xml
----------------- Instantiating /home/travis/build/icyphy/ptII/ptolemy/actor/lib/test/auto/Select.xml
2 ms. Memory: 480256K Free: 335176K (70%)
----------------- Invoking toplevel() on ptolemy.moml.MoMLSimpleApplication@45e60087
----------------- Done invoking toplevel() on ptolemy.moml.MoMLSimpleApplication@45e60087
reloadAllAccessors: .Select

===========================================================================================
----------------- testing Tue Aug 13 05:28:09 UTC 2019 /home/travis/build/icyphy/ptII/ptolemy/actor/lib/test/auto/Select2.xml
----------------- Instantiating /home/travis/build/icyphy/ptII/ptolemy/actor/lib/test/auto/Select2.xml
1 ms. Memory: 480256K Free: 330566K (69%)
----------------- Invoking toplevel() on ptolemy.moml.MoMLSimpleApplication@6641bed6
----------------- Done invoking toplevel() on ptolemy.moml.MoMLSimpleApplication@6641bed6
reloadAllAccessors: .Select2

===========================================================================================
----------------- testing Tue Aug 13 05:28:09 UTC 2019 /home/travis/build/icyphy/ptII/ptolemy/actor/lib/test/auto/SequenceToArray2.xml
----------------- Instantiating /home/travis/build/icyphy/ptII/ptolemy/actor/lib/test/auto/SequenceToArray2.xml
94 ms. Memory: 480256K Free: 305975K (64%)
----------------- Invoking toplevel() on ptolemy.moml.MoMLSimpleApplication@45ec31f9
----------------- Done invoking toplevel() on ptolemy.moml.MoMLSimpleApplication@45ec31f9
reloadAllAccessors: .SequenceToArray2

===========================================================================================
----------------- testing Tue Aug 13 05:28:09 UTC 2019 /home/travis/build/icyphy/ptII/ptolemy/actor/lib/test/auto/SequentialClock.xml
----------------- Instantiating /home/travis/build/icyphy/ptII/ptolemy/actor/lib/test/auto/SequentialClock.xml
1 ms. Memory: 480256K Free: 301894K (63%)
----------------- Invoking toplevel() on ptolemy.moml.MoMLSimpleApplication@7641bf3b
----------------- Done invoking toplevel() on ptolemy.moml.MoMLSimpleApplication@7641bf3b
reloadAllAccessors: .SequentialClock

===========================================================================================
----------------- testing Tue Aug 13 05:28:09 UTC 2019 /home/travis/build/icyphy/ptII/ptolemy/actor/lib/test/auto/SetVariable.xml
----------------- Instantiating /home/travis/build/icyphy/ptII/ptolemy/actor/lib/test/auto/SetVariable.xml
2 ms. Memory: 480256K Free: 296774K (62%)
----------------- Invoking toplevel() on ptolemy.moml.MoMLSimpleApplication@108acd7e
----------------- Done invoking toplevel() on ptolemy.moml.MoMLSimpleApplication@108acd7e
reloadAllAccessors: .SetVariable

===========================================================================================
----------------- testing Tue Aug 13 05:28:09 UTC 2019 /home/travis/build/icyphy/ptII/ptolemy/actor/lib/test/auto/SetVariable2.xml
----------------- Instantiating /home/travis/build/icyphy/ptII/ptolemy/actor/lib/test/auto/SetVariable2.xml
3 ms. Memory: 480256K Free: 291654K (61%)
----------------- Invoking toplevel() on ptolemy.moml.MoMLSimpleApplication@4746daa0
----------------- Done invoking toplevel() on ptolemy.moml.MoMLSimpleApplication@4746daa0
reloadAllAccessors: .SetVariable2

===========================================================================================
----------------- testing Tue Aug 13 05:28:09 UTC 2019 /home/travis/build/icyphy/ptII/ptolemy/actor/lib/test/auto/SetVariable3.xml
----------------- Instantiating /home/travis/build/icyphy/ptII/ptolemy/actor/lib/test/auto/SetVariable3.xml
6 ms. Memory: 480256K Free: 286534K (60%)
----------------- Invoking toplevel() on ptolemy.moml.MoMLSimpleApplication@3f219bfe
----------------- Done invoking toplevel() on ptolemy.moml.MoMLSimpleApplication@3f219bfe
reloadAllAccessors: .SetVariable3

===========================================================================================
----------------- testing Tue Aug 13 05:28:09 UTC 2019 /home/travis/build/icyphy/ptII/ptolemy/actor/lib/test/auto/SetVariable4.xml
----------------- Instantiating /home/travis/build/icyphy/ptII/ptolemy/actor/lib/test/auto/SetVariable4.xml
14 ms. Memory: 480256K Free: 277318K (58%)
----------------- Invoking toplevel() on ptolemy.moml.MoMLSimpleApplication@37052151
----------------- Done invoking toplevel() on ptolemy.moml.MoMLSimpleApplication@37052151
reloadAllAccessors: .SetVariable4

===========================================================================================
----------------- testing Tue Aug 13 05:28:09 UTC 2019 /home/travis/build/icyphy/ptII/ptolemy/actor/lib/test/auto/SetVariable5.xml
----------------- Instantiating /home/travis/build/icyphy/ptII/ptolemy/actor/lib/test/auto/SetVariable5.xml
18 ms. Memory: 480256K Free: 267592K (56%)
----------------- Invoking toplevel() on ptolemy.moml.MoMLSimpleApplication@233b3c91
----------------- Done invoking toplevel() on ptolemy.moml.MoMLSimpleApplication@233b3c91
reloadAllAccessors: .SetVariable5

===========================================================================================
----------------- testing Tue Aug 13 05:28:09 UTC 2019 /home/travis/build/icyphy/ptII/ptolemy/actor/lib/test/auto/Sinewave.xml
----------------- Instantiating /home/travis/build/icyphy/ptII/ptolemy/actor/lib/test/auto/Sinewave.xml
6 ms. Memory: 480256K Free: 256838K (53%)
----------------- Invoking toplevel() on ptolemy.moml.MoMLSimpleApplication@76310df6
----------------- Done invoking toplevel() on ptolemy.moml.MoMLSimpleApplication@76310df6
reloadAllAccessors: .Sinewave

===========================================================================================
----------------- testing Tue Aug 13 05:28:09 UTC 2019 /home/travis/build/icyphy/ptII/ptolemy/actor/lib/test/auto/Sinewave2.xml
----------------- Instantiating /home/travis/build/icyphy/ptII/ptolemy/actor/lib/test/auto/Sinewave2.xml
6 ms. Memory: 480256K Free: 248631K (52%)
----------------- Invoking toplevel() on ptolemy.moml.MoMLSimpleApplication@59b7c4a3
----------------- Done invoking toplevel() on ptolemy.moml.MoMLSimpleApplication@59b7c4a3
reloadAllAccessors: .Sinewave2

===========================================================================================
----------------- testing Tue Aug 13 05:28:09 UTC 2019 /home/travis/build/icyphy/ptII/ptolemy/actor/lib/test/auto/Sinewave3.xml
----------------- Instantiating /home/travis/build/icyphy/ptII/ptolemy/actor/lib/test/auto/Sinewave3.xml
10 ms. Memory: 480256K Free: 239944K (50%)
----------------- Invoking toplevel() on ptolemy.moml.MoMLSimpleApplication@493ab615
----------------- Done invoking toplevel() on ptolemy.moml.MoMLSimpleApplication@493ab615
reloadAllAccessors: .Sinewave3

===========================================================================================
----------------- testing Tue Aug 13 05:28:09 UTC 2019 /home/travis/build/icyphy/ptII/ptolemy/actor/lib/test/auto/SingleEvent.xml
----------------- Instantiating /home/travis/build/icyphy/ptII/ptolemy/actor/lib/test/auto/SingleEvent.xml
1 ms. Memory: 480256K Free: 235848K (49%)
----------------- Invoking toplevel() on ptolemy.moml.MoMLSimpleApplication@23246dc8
----------------- Done invoking toplevel() on ptolemy.moml.MoMLSimpleApplication@23246dc8
reloadAllAccessors: .SingleEvent

===========================================================================================
----------------- testing Tue Aug 13 05:28:09 UTC 2019 /home/travis/build/icyphy/ptII/ptolemy/actor/lib/test/auto/Sleep.xml
----------------- Instantiating /home/travis/build/icyphy/ptII/ptolemy/actor/lib/test/auto/Sleep.xml
6003 ms. Memory: 480256K Free: 230214K (48%)
----------------- Invoking toplevel() on ptolemy.moml.MoMLSimpleApplication@532a70aa
----------------- Done invoking toplevel() on ptolemy.moml.MoMLSimpleApplication@532a70aa
reloadAllAccessors: .Sleep

===========================================================================================
----------------- testing Tue Aug 13 05:28:15 UTC 2019 /home/travis/build/icyphy/ptII/ptolemy/actor/lib/test/auto/SleepMultipleFire.xml
----------------- Instantiating /home/travis/build/icyphy/ptII/ptolemy/actor/lib/test/auto/SleepMultipleFire.xml
1015 ms. Memory: 480256K Free: 224070K (47%)
----------------- Invoking toplevel() on ptolemy.moml.MoMLSimpleApplication@75c249f5
----------------- Done invoking toplevel() on ptolemy.moml.MoMLSimpleApplication@75c249f5
reloadAllAccessors: .SleepMultipleFire

===========================================================================================
----------------- testing Tue Aug 13 05:28:16 UTC 2019 /home/travis/build/icyphy/ptII/ptolemy/actor/lib/test/auto/StopDE.xml
----------------- Instantiating /home/travis/build/icyphy/ptII/ptolemy/actor/lib/test/auto/StopDE.xml
6 ms. Memory: 480256K Free: 218440K (45%)
----------------- Invoking toplevel() on ptolemy.moml.MoMLSimpleApplication@1d81a356
----------------- Done invoking toplevel() on ptolemy.moml.MoMLSimpleApplication@1d81a356
reloadAllAccessors: .StopDE

===========================================================================================
----------------- testing Tue Aug 13 05:28:16 UTC 2019 /home/travis/build/icyphy/ptII/ptolemy/actor/lib/test/auto/StopSDF.xml
----------------- Instantiating /home/travis/build/icyphy/ptII/ptolemy/actor/lib/test/auto/StopSDF.xml
4 ms. Memory: 480256K Free: 213320K (44%)
----------------- Invoking toplevel() on ptolemy.moml.MoMLSimpleApplication@28ab2a17
----------------- Done invoking toplevel() on ptolemy.moml.MoMLSimpleApplication@28ab2a17
reloadAllAccessors: .StopSDF

===========================================================================================
----------------- testing Tue Aug 13 05:28:17 UTC 2019 /home/travis/build/icyphy/ptII/ptolemy/actor/lib/test/auto/StringConstant.xml
----------------- Instantiating /home/travis/build/icyphy/ptII/ptolemy/actor/lib/test/auto/StringConstant.xml
11 ms. Memory: 480256K Free: 209224K (44%)
----------------- Invoking toplevel() on ptolemy.moml.MoMLSimpleApplication@5f150346
----------------- Done invoking toplevel() on ptolemy.moml.MoMLSimpleApplication@5f150346
reloadAllAccessors: .StringConstant

===========================================================================================
----------------- testing Tue Aug 13 05:28:17 UTC 2019 /home/travis/build/icyphy/ptII/ptolemy/actor/lib/test/auto/SubscriberPortInitialValues1.xml
----------------- Instantiating /home/travis/build/icyphy/ptII/ptolemy/actor/lib/test/auto/SubscriberPortInitialValues1.xml
10 ms. Memory: 480256K Free: 200518K (42%)
----------------- Invoking toplevel() on ptolemy.moml.MoMLSimpleApplication@26e8de14
----------------- Done invoking toplevel() on ptolemy.moml.MoMLSimpleApplication@26e8de14
reloadAllAccessors: .SubscriberPortInitialValues1

===========================================================================================
----------------- testing Tue Aug 13 05:28:17 UTC 2019 /home/travis/build/icyphy/ptII/ptolemy/actor/lib/test/auto/SubscriberPortInitialValues13.xml
----------------- Instantiating /home/travis/build/icyphy/ptII/ptolemy/actor/lib/test/auto/SubscriberPortInitialValues13.xml
6 ms. Memory: 480256K Free: 187720K (39%)
----------------- Invoking toplevel() on ptolemy.moml.MoMLSimpleApplication@7ae9fa7e
----------------- Done invoking toplevel() on ptolemy.moml.MoMLSimpleApplication@7ae9fa7e
reloadAllAccessors: .SubscriberPortInitialValues13

===========================================================================================
----------------- testing Tue Aug 13 05:28:17 UTC 2019 /home/travis/build/icyphy/ptII/ptolemy/actor/lib/test/auto/SubscriberPortInitialValues14.xml
----------------- Instantiating /home/travis/build/icyphy/ptII/ptolemy/actor/lib/test/auto/SubscriberPortInitialValues14.xml
3 ms. Memory: 480256K Free: 179014K (37%)
----------------- Invoking toplevel() on ptolemy.moml.MoMLSimpleApplication@70b4c84e
----------------- Done invoking toplevel() on ptolemy.moml.MoMLSimpleApplication@70b4c84e
reloadAllAccessors: .SubscriberPortInitialValues14

===========================================================================================
----------------- testing Tue Aug 13 05:28:17 UTC 2019 /home/travis/build/icyphy/ptII/ptolemy/actor/lib/test/auto/SubscriberPortInitialValues2.xml
----------------- Instantiating /home/travis/build/icyphy/ptII/ptolemy/actor/lib/test/auto/SubscriberPortInitialValues2.xml
4 ms. Memory: 480256K Free: 171336K (36%)
----------------- Invoking toplevel() on ptolemy.moml.MoMLSimpleApplication@6bf1c787
----------------- Done invoking toplevel() on ptolemy.moml.MoMLSimpleApplication@6bf1c787
reloadAllAccessors: .SubscriberPortInitialValues2

===========================================================================================
----------------- testing Tue Aug 13 05:28:17 UTC 2019 /home/travis/build/icyphy/ptII/ptolemy/actor/lib/test/auto/SubscriberPortInitialValues3.xml
----------------- Instantiating /home/travis/build/icyphy/ptII/ptolemy/actor/lib/test/auto/SubscriberPortInitialValues3.xml
4 ms. Memory: 480256K Free: 160582K (33%)
----------------- Invoking toplevel() on ptolemy.moml.MoMLSimpleApplication@17c91f23
----------------- Done invoking toplevel() on ptolemy.moml.MoMLSimpleApplication@17c91f23
reloadAllAccessors: .SubscriberPortInitialValues3

===========================================================================================
----------------- testing Tue Aug 13 05:28:17 UTC 2019 /home/travis/build/icyphy/ptII/ptolemy/actor/lib/test/auto/SubscriptionAggregator.xml
----------------- Instantiating /home/travis/build/icyphy/ptII/ptolemy/actor/lib/test/auto/SubscriptionAggregator.xml
3 ms. Memory: 480256K Free: 153928K (32%)
----------------- Invoking toplevel() on ptolemy.moml.MoMLSimpleApplication@623a6a68
----------------- Done invoking toplevel() on ptolemy.moml.MoMLSimpleApplication@623a6a68
reloadAllAccessors: .SubscriptionAggregator

===========================================================================================
----------------- testing Tue Aug 13 05:28:17 UTC 2019 /home/travis/build/icyphy/ptII/ptolemy/actor/lib/test/auto/SubscriptionAggregator2.xml
----------------- Instantiating /home/travis/build/icyphy/ptII/ptolemy/actor/lib/test/auto/SubscriptionAggregator2.xml
28 ms. Memory: 480256K Free: 428863K (89%)
----------------- Invoking toplevel() on ptolemy.moml.MoMLSimpleApplication@39d4ac3
----------------- Done invoking toplevel() on ptolemy.moml.MoMLSimpleApplication@39d4ac3
reloadAllAccessors: .SubscriptionAggregator2

===========================================================================================
----------------- testing Tue Aug 13 05:28:17 UTC 2019 /home/travis/build/icyphy/ptII/ptolemy/actor/lib/test/auto/SubscriptionAggregator3.xml
----------------- Instantiating /home/travis/build/icyphy/ptII/ptolemy/actor/lib/test/auto/SubscriptionAggregator3.xml
5 ms. Memory: 480256K Free: 419647K (87%)
----------------- Invoking toplevel() on ptolemy.moml.MoMLSimpleApplication@591746c8
----------------- Done invoking toplevel() on ptolemy.moml.MoMLSimpleApplication@591746c8
reloadAllAccessors: .SubscriptionAggregator3

===========================================================================================
----------------- testing Tue Aug 13 05:28:17 UTC 2019 /home/travis/build/icyphy/ptII/ptolemy/actor/lib/test/auto/SubscriptionAggregatorMultiply.xml
----------------- Instantiating /home/travis/build/icyphy/ptII/ptolemy/actor/lib/test/auto/SubscriptionAggregatorMultiply.xml
10 ms. Memory: 480256K Free: 410952K (86%)
----------------- Invoking toplevel() on ptolemy.moml.MoMLSimpleApplication@1aaa8cd3
----------------- Done invoking toplevel() on ptolemy.moml.MoMLSimpleApplication@1aaa8cd3
reloadAllAccessors: .SubscriptionAggregatorMultiply

===========================================================================================
----------------- testing Tue Aug 13 05:28:17 UTC 2019 /home/travis/build/icyphy/ptII/ptolemy/actor/lib/test/auto/SubscriptionAggregatorPortMultiply1.xml
----------------- Instantiating /home/travis/build/icyphy/ptII/ptolemy/actor/lib/test/auto/SubscriptionAggregatorPortMultiply1.xml
3 ms. Memory: 480256K Free: 403270K (84%)
----------------- Invoking toplevel() on ptolemy.moml.MoMLSimpleApplication@5ba7d27d
----------------- Done invoking toplevel() on ptolemy.moml.MoMLSimpleApplication@5ba7d27d
reloadAllAccessors: .SubscriptionAggregatorPortMultiply1

===========================================================================================
----------------- testing Tue Aug 13 05:28:17 UTC 2019 /home/travis/build/icyphy/ptII/ptolemy/actor/lib/test/auto/Switch.xml
----------------- Instantiating /home/travis/build/icyphy/ptII/ptolemy/actor/lib/test/auto/Switch.xml
10 ms. Memory: 480256K Free: 395078K (82%)
----------------- Invoking toplevel() on ptolemy.moml.MoMLSimpleApplication@4a691838
----------------- Done invoking toplevel() on ptolemy.moml.MoMLSimpleApplication@4a691838
reloadAllAccessors: .Switch

===========================================================================================
----------------- testing Tue Aug 13 05:28:17 UTC 2019 /home/travis/build/icyphy/ptII/ptolemy/actor/lib/test/auto/Switch2.xml
----------------- Instantiating /home/travis/build/icyphy/ptII/ptolemy/actor/lib/test/auto/Switch2.xml
1 ms. Memory: 480256K Free: 390472K (81%)
----------------- Invoking toplevel() on ptolemy.moml.MoMLSimpleApplication@b929726
----------------- Done invoking toplevel() on ptolemy.moml.MoMLSimpleApplication@b929726
reloadAllAccessors: .Switch2

===========================================================================================
----------------- testing Tue Aug 13 05:28:17 UTC 2019 /home/travis/build/icyphy/ptII/ptolemy/actor/lib/test/auto/SwitchDE.xml
----------------- Instantiating /home/travis/build/icyphy/ptII/ptolemy/actor/lib/test/auto/SwitchDE.xml
3 ms. Memory: 480256K Free: 384328K (80%)
----------------- Invoking toplevel() on ptolemy.moml.MoMLSimpleApplication@36898bb3
----------------- Done invoking toplevel() on ptolemy.moml.MoMLSimpleApplication@36898bb3
reloadAllAccessors: .SwitchDE

===========================================================================================
----------------- testing Tue Aug 13 05:28:17 UTC 2019 /home/travis/build/icyphy/ptII/ptolemy/actor/lib/test/auto/SynchronizerDE.xml
----------------- Instantiating /home/travis/build/icyphy/ptII/ptolemy/actor/lib/test/auto/SynchronizerDE.xml
7 ms. Memory: 480256K Free: 375591K (78%)
----------------- Invoking toplevel() on ptolemy.moml.MoMLSimpleApplication@48c1d181
----------------- Done invoking toplevel() on ptolemy.moml.MoMLSimpleApplication@48c1d181
reloadAllAccessors: .SynchronizerDE

===========================================================================================
----------------- testing Tue Aug 13 05:28:17 UTC 2019 /home/travis/build/icyphy/ptII/ptolemy/actor/lib/test/auto/Test.xml
----------------- Instantiating /home/travis/build/icyphy/ptII/ptolemy/actor/lib/test/auto/Test.xml
2 ms. Memory: 480256K Free: 370487K (77%)
----------------- Invoking toplevel() on ptolemy.moml.MoMLSimpleApplication@6b663e9
----------------- Done invoking toplevel() on ptolemy.moml.MoMLSimpleApplication@6b663e9
reloadAllAccessors: .Test

===========================================================================================
----------------- testing Tue Aug 13 05:28:17 UTC 2019 /home/travis/build/icyphy/ptII/ptolemy/actor/lib/test/auto/TestExceptionAttribute1.xml
----------------- Instantiating /home/travis/build/icyphy/ptII/ptolemy/actor/lib/test/auto/TestExceptionAttribute1.xml
2 ms. Memory: 480256K Free: 366920K (76%)
----------------- Invoking toplevel() on ptolemy.moml.MoMLSimpleApplication@73e394ac
----------------- Done invoking toplevel() on ptolemy.moml.MoMLSimpleApplication@73e394ac
reloadAllAccessors: .TestExceptionAttribute1

===========================================================================================
----------------- testing Tue Aug 13 05:28:17 UTC 2019 /home/travis/build/icyphy/ptII/ptolemy/actor/lib/test/auto/TestExceptionAttribute2.xml
----------------- Instantiating /home/travis/build/icyphy/ptII/ptolemy/actor/lib/test/auto/TestExceptionAttribute2.xml
1 ms. Memory: 480256K Free: 363334K (76%)
----------------- Invoking toplevel() on ptolemy.moml.MoMLSimpleApplication@6616f7f1
----------------- Done invoking toplevel() on ptolemy.moml.MoMLSimpleApplication@6616f7f1
reloadAllAccessors: .TestExceptionAttribute2

===========================================================================================
----------------- testing Tue Aug 13 05:28:17 UTC 2019 /home/travis/build/icyphy/ptII/ptolemy/actor/lib/test/auto/TestExceptionAttribute3.xml
----------------- Instantiating /home/travis/build/icyphy/ptII/ptolemy/actor/lib/test/auto/TestExceptionAttribute3.xml
.TestExceptionAttribute3.TestExceptionAttribute: initialize() was not invoked, but wrapup() was.  This is unusual, but not always a problem.  For example, exporting JNLP will do this.
1 ms. Memory: 480256K Free: 359238K (75%)
----------------- Invoking toplevel() on ptolemy.moml.MoMLSimpleApplication@68421e8a
----------------- Done invoking toplevel() on ptolemy.moml.MoMLSimpleApplication@68421e8a
reloadAllAccessors: .TestExceptionAttribute3

===========================================================================================
----------------- testing Tue Aug 13 05:28:17 UTC 2019 /home/travis/build/icyphy/ptII/ptolemy/actor/lib/test/auto/TestExceptionAttribute4.xml
----------------- Instantiating /home/travis/build/icyphy/ptII/ptolemy/actor/lib/test/auto/TestExceptionAttribute4.xml
.TestExceptionAttribute4.TestExceptionAttribute: initialize() was not invoked, but wrapup() was.  This is unusual, but not always a problem.  For example, exporting JNLP will do this.
.TestExceptionAttribute4.TestExceptionAttribute2: initialize() was not invoked, but wrapup() was.  This is unusual, but not always a problem.  For example, exporting JNLP will do this.
0 ms. Memory: 480256K Free: 355142K (74%)
----------------- Invoking toplevel() on ptolemy.moml.MoMLSimpleApplication@3ace4aba
----------------- Done invoking toplevel() on ptolemy.moml.MoMLSimpleApplication@3ace4aba
reloadAllAccessors: .TestExceptionAttribute4

===========================================================================================
----------------- testing Tue Aug 13 05:28:17 UTC 2019 /home/travis/build/icyphy/ptII/ptolemy/actor/lib/test/auto/TestExceptionHandler1.xml
----------------- Instantiating /home/travis/build/icyphy/ptII/ptolemy/actor/lib/test/auto/TestExceptionHandler1.xml
1 ms. Memory: 480256K Free: 351560K (73%)
----------------- Invoking toplevel() on ptolemy.moml.MoMLSimpleApplication@50db7a3
----------------- Done invoking toplevel() on ptolemy.moml.MoMLSimpleApplication@50db7a3
reloadAllAccessors: .TestExceptionHandler1

===========================================================================================
----------------- testing Tue Aug 13 05:28:17 UTC 2019 /home/travis/build/icyphy/ptII/ptolemy/actor/lib/test/auto/TestExceptionHandler2.xml
----------------- Instantiating /home/travis/build/icyphy/ptII/ptolemy/actor/lib/test/auto/TestExceptionHandler2.xml
2 ms. Memory: 480256K Free: 347974K (72%)
----------------- Invoking toplevel() on ptolemy.moml.MoMLSimpleApplication@5c5d5280
----------------- Done invoking toplevel() on ptolemy.moml.MoMLSimpleApplication@5c5d5280
reloadAllAccessors: .TestExceptionHandler2

===========================================================================================
----------------- testing Tue Aug 13 05:28:17 UTC 2019 /home/travis/build/icyphy/ptII/ptolemy/actor/lib/test/auto/TestExceptionHandler3.xml
----------------- Instantiating /home/travis/build/icyphy/ptII/ptolemy/actor/lib/test/auto/TestExceptionHandler3.xml
0 ms. Memory: 480256K Free: 343878K (72%)
----------------- Invoking toplevel() on ptolemy.moml.MoMLSimpleApplication@525eb37a
----------------- Done invoking toplevel() on ptolemy.moml.MoMLSimpleApplication@525eb37a
reloadAllAccessors: .TestExceptionHandler3

===========================================================================================
----------------- testing Tue Aug 13 05:28:17 UTC 2019 /home/travis/build/icyphy/ptII/ptolemy/actor/lib/test/auto/TestExceptionHandler4.xml
----------------- Instantiating /home/travis/build/icyphy/ptII/ptolemy/actor/lib/test/auto/TestExceptionHandler4.xml
1 ms. Memory: 480256K Free: 339782K (71%)
----------------- Invoking toplevel() on ptolemy.moml.MoMLSimpleApplication@1f77ee70
----------------- Done invoking toplevel() on ptolemy.moml.MoMLSimpleApplication@1f77ee70
reloadAllAccessors: .TestExceptionHandler4

===========================================================================================
----------------- testing Tue Aug 13 05:28:17 UTC 2019 /home/travis/build/icyphy/ptII/ptolemy/actor/lib/test/auto/TestRequireCorrectOrder.xml
----------------- Instantiating /home/travis/build/icyphy/ptII/ptolemy/actor/lib/test/auto/TestRequireCorrectOrder.xml
2 ms. Memory: 480256K Free: 334647K (70%)
----------------- Invoking toplevel() on ptolemy.moml.MoMLSimpleApplication@78aa52c
----------------- Done invoking toplevel() on ptolemy.moml.MoMLSimpleApplication@78aa52c
reloadAllAccessors: .TestRequireCorrectOrder

===========================================================================================
----------------- testing Tue Aug 13 05:28:17 UTC 2019 /home/travis/build/icyphy/ptII/ptolemy/actor/lib/test/auto/TestSimple.xml
----------------- Instantiating /home/travis/build/icyphy/ptII/ptolemy/actor/lib/test/auto/TestSimple.xml
1 ms. Memory: 480256K Free: 330566K (69%)
----------------- Invoking toplevel() on ptolemy.moml.MoMLSimpleApplication@6ec1e30f
----------------- Done invoking toplevel() on ptolemy.moml.MoMLSimpleApplication@6ec1e30f
reloadAllAccessors: .TestSimple

===========================================================================================
----------------- testing Tue Aug 13 05:28:17 UTC 2019 /home/travis/build/icyphy/ptII/ptolemy/actor/lib/test/auto/ThrowModelError.xml
----------------- Instantiating /home/travis/build/icyphy/ptII/ptolemy/actor/lib/test/auto/ThrowModelError.xml
1 ms. Memory: 480256K Free: 325446K (68%)
----------------- Invoking toplevel() on ptolemy.moml.MoMLSimpleApplication@540896c4
----------------- Done invoking toplevel() on ptolemy.moml.MoMLSimpleApplication@540896c4
reloadAllAccessors: .ThrowModelError

===========================================================================================
----------------- testing Tue Aug 13 05:28:17 UTC 2019 /home/travis/build/icyphy/ptII/ptolemy/actor/lib/test/auto/TimeDelayMicrosteps.xml
----------------- Instantiating /home/travis/build/icyphy/ptII/ptolemy/actor/lib/test/auto/TimeDelayMicrosteps.xml
2 ms. Memory: 480256K Free: 318792K (66%)
----------------- Invoking toplevel() on ptolemy.moml.MoMLSimpleApplication@746509ed
----------------- Done invoking toplevel() on ptolemy.moml.MoMLSimpleApplication@746509ed
reloadAllAccessors: .TimeDelayMicrosteps

===========================================================================================
----------------- testing Tue Aug 13 05:28:17 UTC 2019 /home/travis/build/icyphy/ptII/ptolemy/actor/lib/test/auto/TimeDelayMicrosteps2.xml
----------------- Instantiating /home/travis/build/icyphy/ptII/ptolemy/actor/lib/test/auto/TimeDelayMicrosteps2.xml
3 ms. Memory: 480256K Free: 311624K (65%)
----------------- Invoking toplevel() on ptolemy.moml.MoMLSimpleApplication@60916975
----------------- Done invoking toplevel() on ptolemy.moml.MoMLSimpleApplication@60916975
reloadAllAccessors: .TimeDelayMicrosteps2

===========================================================================================
----------------- testing Tue Aug 13 05:28:17 UTC 2019 /home/travis/build/icyphy/ptII/ptolemy/actor/lib/test/auto/TimeDelayMicrosteps3.xml
----------------- Instantiating /home/travis/build/icyphy/ptII/ptolemy/actor/lib/test/auto/TimeDelayMicrosteps3.xml
2 ms. Memory: 480256K Free: 304935K (63%)
----------------- Invoking toplevel() on ptolemy.moml.MoMLSimpleApplication@2c0a6aca
----------------- Done invoking toplevel() on ptolemy.moml.MoMLSimpleApplication@2c0a6aca
reloadAllAccessors: .TimeDelayMicrosteps3

===========================================================================================
----------------- testing Tue Aug 13 05:28:17 UTC 2019 /home/travis/build/icyphy/ptII/ptolemy/actor/lib/test/auto/TimeDelayVariableMicrosteps.xml
----------------- Instantiating /home/travis/build/icyphy/ptII/ptolemy/actor/lib/test/auto/TimeDelayVariableMicrosteps.xml
5 ms. Memory: 480256K Free: 297795K (62%)
----------------- Invoking toplevel() on ptolemy.moml.MoMLSimpleApplication@362c4c08
----------------- Done invoking toplevel() on ptolemy.moml.MoMLSimpleApplication@362c4c08
reloadAllAccessors: .TimeDelayVariableMicrosteps

===========================================================================================
----------------- testing Tue Aug 13 05:28:17 UTC 2019 /home/travis/build/icyphy/ptII/ptolemy/actor/lib/test/auto/TimeGap.xml
----------------- Instantiating /home/travis/build/icyphy/ptII/ptolemy/actor/lib/test/auto/TimeGap.xml
4 ms. Memory: 480256K Free: 292671K (61%)
----------------- Invoking toplevel() on ptolemy.moml.MoMLSimpleApplication@9653546
----------------- Done invoking toplevel() on ptolemy.moml.MoMLSimpleApplication@9653546
reloadAllAccessors: .TimeGap

===========================================================================================
----------------- testing Tue Aug 13 05:28:17 UTC 2019 /home/travis/build/icyphy/ptII/ptolemy/actor/lib/test/auto/TimeGap2.xml
----------------- Instantiating /home/travis/build/icyphy/ptII/ptolemy/actor/lib/test/auto/TimeGap2.xml
2 ms. Memory: 480256K Free: 287048K (60%)
----------------- Invoking toplevel() on ptolemy.moml.MoMLSimpleApplication@2250b0cc
----------------- Done invoking toplevel() on ptolemy.moml.MoMLSimpleApplication@2250b0cc
reloadAllAccessors: .TimeGap2

===========================================================================================
----------------- testing Tue Aug 13 05:28:17 UTC 2019 /home/travis/build/icyphy/ptII/ptolemy/actor/lib/test/auto/TimedSinewave.xml
----------------- Instantiating /home/travis/build/icyphy/ptII/ptolemy/actor/lib/test/auto/TimedSinewave.xml
23 ms. Memory: 480256K Free: 272198K (57%)
----------------- Invoking toplevel() on ptolemy.moml.MoMLSimpleApplication@108fa1d1
----------------- Done invoking toplevel() on ptolemy.moml.MoMLSimpleApplication@108fa1d1
reloadAllAccessors: .TimedSinewave

===========================================================================================
----------------- testing Tue Aug 13 05:28:17 UTC 2019 /home/travis/build/icyphy/ptII/ptolemy/actor/lib/test/auto/TimedSinewavePhase.xml
----------------- Instantiating /home/travis/build/icyphy/ptII/ptolemy/actor/lib/test/auto/TimedSinewavePhase.xml
12 ms. Memory: 480256K Free: 262472K (55%)
----------------- Invoking toplevel() on ptolemy.moml.MoMLSimpleApplication@61a4783
----------------- Done invoking toplevel() on ptolemy.moml.MoMLSimpleApplication@61a4783
reloadAllAccessors: .TimedSinewavePhase

===========================================================================================
----------------- testing Tue Aug 13 05:28:17 UTC 2019 /home/travis/build/icyphy/ptII/ptolemy/actor/lib/test/auto/Timer.xml
----------------- Instantiating /home/travis/build/icyphy/ptII/ptolemy/actor/lib/test/auto/Timer.xml
3 ms. Memory: 480256K Free: 256831K (53%)
----------------- Invoking toplevel() on ptolemy.moml.MoMLSimpleApplication@2be609d
----------------- Done invoking toplevel() on ptolemy.moml.MoMLSimpleApplication@2be609d
reloadAllAccessors: .Timer

===========================================================================================
----------------- testing Tue Aug 13 05:28:17 UTC 2019 /home/travis/build/icyphy/ptII/ptolemy/actor/lib/test/auto/TriangularDistTestModel.xml
----------------- Instantiating /home/travis/build/icyphy/ptII/ptolemy/actor/lib/test/auto/TriangularDistTestModel.xml
2 ms. Memory: 480256K Free: 251208K (52%)
----------------- Invoking toplevel() on ptolemy.moml.MoMLSimpleApplication@2c20d9bb
----------------- Done invoking toplevel() on ptolemy.moml.MoMLSimpleApplication@2c20d9bb
reloadAllAccessors: .TriangularDistTestModel

===========================================================================================
----------------- testing Tue Aug 13 05:28:17 UTC 2019 /home/travis/build/icyphy/ptII/ptolemy/actor/lib/test/auto/TrigFunction.xml
----------------- Instantiating /home/travis/build/icyphy/ptII/ptolemy/actor/lib/test/auto/TrigFunction.xml
1 ms. Memory: 480256K Free: 246088K (51%)
----------------- Invoking toplevel() on ptolemy.moml.MoMLSimpleApplication@7cb4c2c2
----------------- Done invoking toplevel() on ptolemy.moml.MoMLSimpleApplication@7cb4c2c2
reloadAllAccessors: .TrigFunction

===========================================================================================
----------------- testing Tue Aug 13 05:28:17 UTC 2019 /home/travis/build/icyphy/ptII/ptolemy/actor/lib/test/auto/TrigFunctionDE.xml
----------------- Instantiating /home/travis/build/icyphy/ptII/ptolemy/actor/lib/test/auto/TrigFunctionDE.xml
2 ms. Memory: 480256K Free: 240454K (50%)
----------------- Invoking toplevel() on ptolemy.moml.MoMLSimpleApplication@2c0dcb8f
----------------- Done invoking toplevel() on ptolemy.moml.MoMLSimpleApplication@2c0dcb8f
reloadAllAccessors: .TrigFunctionDE

===========================================================================================
----------------- testing Tue Aug 13 05:28:17 UTC 2019 /home/travis/build/icyphy/ptII/ptolemy/actor/lib/test/auto/TrigFunctionInverse.xml
----------------- Instantiating /home/travis/build/icyphy/ptII/ptolemy/actor/lib/test/auto/TrigFunctionInverse.xml
2 ms. Memory: 480256K Free: 235334K (49%)
----------------- Invoking toplevel() on ptolemy.moml.MoMLSimpleApplication@1e46cbc0
----------------- Done invoking toplevel() on ptolemy.moml.MoMLSimpleApplication@1e46cbc0
reloadAllAccessors: .TrigFunctionInverse

===========================================================================================
----------------- testing Tue Aug 13 05:28:17 UTC 2019 /home/travis/build/icyphy/ptII/ptolemy/actor/lib/test/auto/TrigFunctionTan.xml
----------------- Instantiating /home/travis/build/icyphy/ptII/ptolemy/actor/lib/test/auto/TrigFunctionTan.xml
1 ms. Memory: 480256K Free: 230214K (48%)
----------------- Invoking toplevel() on ptolemy.moml.MoMLSimpleApplication@617b0b5d
----------------- Done invoking toplevel() on ptolemy.moml.MoMLSimpleApplication@617b0b5d
reloadAllAccessors: .TrigFunctionTan

===========================================================================================
----------------- testing Tue Aug 13 05:28:17 UTC 2019 /home/travis/build/icyphy/ptII/ptolemy/actor/lib/test/auto/TriggeredClock.xml
----------------- Instantiating /home/travis/build/icyphy/ptII/ptolemy/actor/lib/test/auto/TriggeredClock.xml
1 ms. Memory: 480256K Free: 225575K (47%)
----------------- Invoking toplevel() on ptolemy.moml.MoMLSimpleApplication@c091361
----------------- Done invoking toplevel() on ptolemy.moml.MoMLSimpleApplication@c091361
reloadAllAccessors: .TriggeredClock

===========================================================================================
----------------- testing Tue Aug 13 05:28:17 UTC 2019 /home/travis/build/icyphy/ptII/ptolemy/actor/lib/test/auto/URLDirectoryReader.xml
----------------- Instantiating /home/travis/build/icyphy/ptII/ptolemy/actor/lib/test/auto/URLDirectoryReader.xml
32 ms. Memory: 480256K Free: 216392K (45%)
----------------- Invoking toplevel() on ptolemy.moml.MoMLSimpleApplication@1a63ec98
----------------- Done invoking toplevel() on ptolemy.moml.MoMLSimpleApplication@1a63ec98
reloadAllAccessors: .URLDirectoryReader

===========================================================================================
----------------- testing Tue Aug 13 05:28:18 UTC 2019 /home/travis/build/icyphy/ptII/ptolemy/actor/lib/test/auto/URLDirectoryReader3.xml
----------------- Instantiating /home/travis/build/icyphy/ptII/ptolemy/actor/lib/test/auto/URLDirectoryReader3.xml
1178 ms. Memory: 480256K Free: 421219K (88%)
----------------- Invoking toplevel() on ptolemy.moml.MoMLSimpleApplication@5ebb9373
----------------- Done invoking toplevel() on ptolemy.moml.MoMLSimpleApplication@5ebb9373
reloadAllAccessors: .URLDirectoryReader3

===========================================================================================
----------------- testing Tue Aug 13 05:28:19 UTC 2019 /home/travis/build/icyphy/ptII/ptolemy/actor/lib/test/auto/UnaryMathFunction.xml
----------------- Instantiating /home/travis/build/icyphy/ptII/ptolemy/actor/lib/test/auto/UnaryMathFunction.xml
3 ms. Memory: 480256K Free: 413537K (86%)
----------------- Invoking toplevel() on ptolemy.moml.MoMLSimpleApplication@566a5910
----------------- Done invoking toplevel() on ptolemy.moml.MoMLSimpleApplication@566a5910
reloadAllAccessors: .UnaryMathFunction

===========================================================================================
----------------- testing Tue Aug 13 05:28:19 UTC 2019 /home/travis/build/icyphy/ptII/ptolemy/actor/lib/test/auto/Uniform.xml
----------------- Instantiating /home/travis/build/icyphy/ptII/ptolemy/actor/lib/test/auto/Uniform.xml
1 ms. Memory: 480256K Free: 408417K (85%)
----------------- Invoking toplevel() on ptolemy.moml.MoMLSimpleApplication@1cbbab09
----------------- Done invoking toplevel() on ptolemy.moml.MoMLSimpleApplication@1cbbab09
reloadAllAccessors: .Uniform

===========================================================================================
----------------- testing Tue Aug 13 05:28:19 UTC 2019 /home/travis/build/icyphy/ptII/ptolemy/actor/lib/test/auto/UnionDisassemblerTest.xml
----------------- Instantiating /home/travis/build/icyphy/ptII/ptolemy/actor/lib/test/auto/UnionDisassemblerTest.xml
8 ms. Memory: 480256K Free: 404835K (84%)
----------------- Invoking toplevel() on ptolemy.moml.MoMLSimpleApplication@6386981a
----------------- Done invoking toplevel() on ptolemy.moml.MoMLSimpleApplication@6386981a
reloadAllAccessors: .UnionDisassemblerTest

===========================================================================================
----------------- testing Tue Aug 13 05:28:19 UTC 2019 /home/travis/build/icyphy/ptII/ptolemy/actor/lib/test/auto/UtilityFunctions.xml
----------------- Instantiating /home/travis/build/icyphy/ptII/ptolemy/actor/lib/test/auto/UtilityFunctions.xml
1 ms. Memory: 480256K Free: 400739K (83%)
----------------- Invoking toplevel() on ptolemy.moml.MoMLSimpleApplication@32213868
----------------- Done invoking toplevel() on ptolemy.moml.MoMLSimpleApplication@32213868
reloadAllAccessors: .UtilityFunctions

===========================================================================================
----------------- testing Tue Aug 13 05:28:19 UTC 2019 /home/travis/build/icyphy/ptII/ptolemy/actor/lib/test/auto/VariableSleep.xml
----------------- Instantiating /home/travis/build/icyphy/ptII/ptolemy/actor/lib/test/auto/VariableSleep.xml
503 ms. Memory: 480256K Free: 395105K (82%)
----------------- Invoking toplevel() on ptolemy.moml.MoMLSimpleApplication@220b3105
----------------- Done invoking toplevel() on ptolemy.moml.MoMLSimpleApplication@220b3105
reloadAllAccessors: .VariableSleep

===========================================================================================
----------------- testing Tue Aug 13 05:28:20 UTC 2019 /home/travis/build/icyphy/ptII/ptolemy/actor/lib/test/auto/VectorAssemblerDisassemblerCT.xml
----------------- Instantiating /home/travis/build/icyphy/ptII/ptolemy/actor/lib/test/auto/VectorAssemblerDisassemblerCT.xml
84 ms. Memory: 480256K Free: 374625K (78%)
----------------- Invoking toplevel() on ptolemy.moml.MoMLSimpleApplication@516c5e19
----------------- Done invoking toplevel() on ptolemy.moml.MoMLSimpleApplication@516c5e19
reloadAllAccessors: .VectorAssemblerDisassemblerCT

===========================================================================================
----------------- testing Tue Aug 13 05:28:20 UTC 2019 /home/travis/build/icyphy/ptII/ptolemy/actor/lib/test/auto/VectorAssemblerDisassemblerDE.xml
----------------- Instantiating /home/travis/build/icyphy/ptII/ptolemy/actor/lib/test/auto/VectorAssemblerDisassemblerDE.xml
3 ms. Memory: 480256K Free: 367457K (77%)
----------------- Invoking toplevel() on ptolemy.moml.MoMLSimpleApplication@7d96a697
----------------- Done invoking toplevel() on ptolemy.moml.MoMLSimpleApplication@7d96a697
reloadAllAccessors: .VectorAssemblerDisassemblerDE

===========================================================================================
----------------- testing Tue Aug 13 05:28:20 UTC 2019 /home/travis/build/icyphy/ptII/ptolemy/actor/lib/test/auto/VectorAssemblerDisassemblerSDF.xml
----------------- Instantiating /home/travis/build/icyphy/ptII/ptolemy/actor/lib/test/auto/VectorAssemblerDisassemblerSDF.xml
3 ms. Memory: 480256K Free: 360289K (75%)
----------------- Invoking toplevel() on ptolemy.moml.MoMLSimpleApplication@167ec9ea
----------------- Done invoking toplevel() on ptolemy.moml.MoMLSimpleApplication@167ec9ea
reloadAllAccessors: .VectorAssemblerDisassemblerSDF

===========================================================================================
----------------- testing Tue Aug 13 05:28:20 UTC 2019 /home/travis/build/icyphy/ptII/ptolemy/actor/lib/test/auto/WallClockTime.xml
----------------- Instantiating /home/travis/build/icyphy/ptII/ptolemy/actor/lib/test/auto/WallClockTime.xml
1005 ms. Memory: 480256K Free: 355169K (74%)
----------------- Invoking toplevel() on ptolemy.moml.MoMLSimpleApplication@12c5aded
----------------- Done invoking toplevel() on ptolemy.moml.MoMLSimpleApplication@12c5aded
reloadAllAccessors: .WallClockTime

===========================================================================================
----------------- testing Tue Aug 13 05:28:21 UTC 2019 /home/travis/build/icyphy/ptII/ptolemy/actor/lib/test/auto/WidthTestWithSubscriberPublisher.xml
----------------- Instantiating /home/travis/build/icyphy/ptII/ptolemy/actor/lib/test/auto/WidthTestWithSubscriberPublisher.xml
7 ms. Memory: 480256K Free: 337251K (70%)
----------------- Invoking toplevel() on ptolemy.moml.MoMLSimpleApplication@66b35e88
----------------- Done invoking toplevel() on ptolemy.moml.MoMLSimpleApplication@66b35e88
reloadAllAccessors: .WidthTestWithSubscriberPublisher

===========================================================================================
----------------- testing Tue Aug 13 05:28:21 UTC 2019 /home/travis/build/icyphy/ptII/ptolemy/actor/lib/test/auto/WidthTestWithSubscriberPublisher2.xml
----------------- Instantiating /home/travis/build/icyphy/ptII/ptolemy/actor/lib/test/auto/WidthTestWithSubscriberPublisher2.xml
2 ms. Memory: 480256K Free: 330593K (69%)
----------------- Invoking toplevel() on ptolemy.moml.MoMLSimpleApplication@3edeec45
----------------- Done invoking toplevel() on ptolemy.moml.MoMLSimpleApplication@3edeec45
reloadAllAccessors: .WidthTestWithSubscriberPublisher2

===========================================================================================
----------------- testing Tue Aug 13 05:28:21 UTC 2019 /home/travis/build/icyphy/ptII/ptolemy/actor/lib/test/auto/WidthTestWithSubscriberPublisher3.xml
----------------- Instantiating /home/travis/build/icyphy/ptII/ptolemy/actor/lib/test/auto/WidthTestWithSubscriberPublisher3.xml
1 ms. Memory: 480256K Free: 324963K (68%)
----------------- Invoking toplevel() on ptolemy.moml.MoMLSimpleApplication@42512bd6
----------------- Done invoking toplevel() on ptolemy.moml.MoMLSimpleApplication@42512bd6
reloadAllAccessors: .WidthTestWithSubscriberPublisher3

===========================================================================================
----------------- testing Tue Aug 13 05:28:21 UTC 2019 /home/travis/build/icyphy/ptII/ptolemy/actor/lib/test/auto/Writer.xml
----------------- Instantiating /home/travis/build/icyphy/ptII/ptolemy/actor/lib/test/auto/Writer.xml
0
1
2
3
4
1 ms. Memory: 480256K Free: 320867K (67%)
----------------- Invoking toplevel() on ptolemy.moml.MoMLSimpleApplication@2c54c294
----------------- Done invoking toplevel() on ptolemy.moml.MoMLSimpleApplication@2c54c294
reloadAllAccessors: .Writer

===========================================================================================
----------------- testing Tue Aug 13 05:28:21 UTC 2019 /home/travis/build/icyphy/ptII/ptolemy/actor/lib/test/auto/array.xml
----------------- Instantiating /home/travis/build/icyphy/ptII/ptolemy/actor/lib/test/auto/array.xml
2 ms. Memory: 480256K Free: 315747K (66%)
----------------- Invoking toplevel() on ptolemy.moml.MoMLSimpleApplication@51eac9c9
----------------- Done invoking toplevel() on ptolemy.moml.MoMLSimpleApplication@51eac9c9
reloadAllAccessors: .array

===========================================================================================
----------------- testing Tue Aug 13 05:28:21 UTC 2019 /home/travis/build/icyphy/ptII/ptolemy/actor/lib/test/auto/array2.xml
----------------- Instantiating /home/travis/build/icyphy/ptII/ptolemy/actor/lib/test/auto/array2.xml
8 ms. Memory: 480256K Free: 311122K (65%)
----------------- Invoking toplevel() on ptolemy.moml.MoMLSimpleApplication@18248383
----------------- Done invoking toplevel() on ptolemy.moml.MoMLSimpleApplication@18248383
reloadAllAccessors: .array2

===========================================================================================
----------------- testing Tue Aug 13 05:28:21 UTC 2019 /home/travis/build/icyphy/ptII/ptolemy/actor/lib/test/auto/arrayType.xml
----------------- Instantiating /home/travis/build/icyphy/ptII/ptolemy/actor/lib/test/auto/arrayType.xml
2 ms. Memory: 480256K Free: 306017K (64%)
----------------- Invoking toplevel() on ptolemy.moml.MoMLSimpleApplication@6d53da63
----------------- Done invoking toplevel() on ptolemy.moml.MoMLSimpleApplication@6d53da63
reloadAllAccessors: .arrayType

===========================================================================================
----------------- testing Tue Aug 13 05:28:21 UTC 2019 /home/travis/build/icyphy/ptII/ptolemy/actor/lib/test/auto/arrayType10.xml
----------------- Instantiating /home/travis/build/icyphy/ptII/ptolemy/actor/lib/test/auto/arrayType10.xml
2 ms. Memory: 480256K Free: 300897K (63%)
----------------- Invoking toplevel() on ptolemy.moml.MoMLSimpleApplication@1452d242
----------------- Done invoking toplevel() on ptolemy.moml.MoMLSimpleApplication@1452d242
reloadAllAccessors: .arrayType10

===========================================================================================
----------------- testing Tue Aug 13 05:28:21 UTC 2019 /home/travis/build/icyphy/ptII/ptolemy/actor/lib/test/auto/arrayType11.xml
----------------- Instantiating /home/travis/build/icyphy/ptII/ptolemy/actor/lib/test/auto/arrayType11.xml
2 ms. Memory: 480256K Free: 296291K (62%)
----------------- Invoking toplevel() on ptolemy.moml.MoMLSimpleApplication@797f8395
----------------- Done invoking toplevel() on ptolemy.moml.MoMLSimpleApplication@797f8395
reloadAllAccessors: .arrayType11

===========================================================================================
----------------- testing Tue Aug 13 05:28:21 UTC 2019 /home/travis/build/icyphy/ptII/ptolemy/actor/lib/test/auto/arrayType12.xml
----------------- Instantiating /home/travis/build/icyphy/ptII/ptolemy/actor/lib/test/auto/arrayType12.xml
1 ms. Memory: 480256K Free: 291681K (61%)
----------------- Invoking toplevel() on ptolemy.moml.MoMLSimpleApplication@174e6bbc
----------------- Done invoking toplevel() on ptolemy.moml.MoMLSimpleApplication@174e6bbc
reloadAllAccessors: .arrayType12

===========================================================================================
----------------- testing Tue Aug 13 05:28:21 UTC 2019 /home/travis/build/icyphy/ptII/ptolemy/actor/lib/test/auto/arrayType13.xml
----------------- Instantiating /home/travis/build/icyphy/ptII/ptolemy/actor/lib/test/auto/arrayType13.xml
2 ms. Memory: 480256K Free: 286051K (60%)
----------------- Invoking toplevel() on ptolemy.moml.MoMLSimpleApplication@3a284ea4
----------------- Done invoking toplevel() on ptolemy.moml.MoMLSimpleApplication@3a284ea4
reloadAllAccessors: .arrayType13

===========================================================================================
----------------- testing Tue Aug 13 05:28:21 UTC 2019 /home/travis/build/icyphy/ptII/ptolemy/actor/lib/test/auto/arrayType14.xml
----------------- Instantiating /home/travis/build/icyphy/ptII/ptolemy/actor/lib/test/auto/arrayType14.xml
2 ms. Memory: 480256K Free: 280931K (58%)
----------------- Invoking toplevel() on ptolemy.moml.MoMLSimpleApplication@71776a6a
----------------- Done invoking toplevel() on ptolemy.moml.MoMLSimpleApplication@71776a6a
reloadAllAccessors: .arrayType14

===========================================================================================
----------------- testing Tue Aug 13 05:28:21 UTC 2019 /home/travis/build/icyphy/ptII/ptolemy/actor/lib/test/auto/arrayType15.xml
----------------- Instantiating /home/travis/build/icyphy/ptII/ptolemy/actor/lib/test/auto/arrayType15.xml
3 ms. Memory: 480256K Free: 275297K (57%)
----------------- Invoking toplevel() on ptolemy.moml.MoMLSimpleApplication@1cd2da9f
----------------- Done invoking toplevel() on ptolemy.moml.MoMLSimpleApplication@1cd2da9f
reloadAllAccessors: .arrayType15

===========================================================================================
----------------- testing Tue Aug 13 05:28:21 UTC 2019 /home/travis/build/icyphy/ptII/ptolemy/actor/lib/test/auto/arrayType16.xml
----------------- Instantiating /home/travis/build/icyphy/ptII/ptolemy/actor/lib/test/auto/arrayType16.xml
1 ms. Memory: 480256K Free: 270177K (56%)
----------------- Invoking toplevel() on ptolemy.moml.MoMLSimpleApplication@4a068a4b
----------------- Done invoking toplevel() on ptolemy.moml.MoMLSimpleApplication@4a068a4b
reloadAllAccessors: .arrayType16

===========================================================================================
----------------- testing Tue Aug 13 05:28:21 UTC 2019 /home/travis/build/icyphy/ptII/ptolemy/actor/lib/test/auto/arrayType17.xml
----------------- Instantiating /home/travis/build/icyphy/ptII/ptolemy/actor/lib/test/auto/arrayType17.xml
1 ms. Memory: 480256K Free: 265057K (55%)
----------------- Invoking toplevel() on ptolemy.moml.MoMLSimpleApplication@70cd5370
----------------- Done invoking toplevel() on ptolemy.moml.MoMLSimpleApplication@70cd5370
reloadAllAccessors: .arrayType17

===========================================================================================
----------------- testing Tue Aug 13 05:28:21 UTC 2019 /home/travis/build/icyphy/ptII/ptolemy/actor/lib/test/auto/arrayType18.xml
----------------- Instantiating /home/travis/build/icyphy/ptII/ptolemy/actor/lib/test/auto/arrayType18.xml
1 ms. Memory: 480256K Free: 259937K (54%)
----------------- Invoking toplevel() on ptolemy.moml.MoMLSimpleApplication@77e54f7e
----------------- Done invoking toplevel() on ptolemy.moml.MoMLSimpleApplication@77e54f7e
reloadAllAccessors: .arrayType18

===========================================================================================
----------------- testing Tue Aug 13 05:28:21 UTC 2019 /home/travis/build/icyphy/ptII/ptolemy/actor/lib/test/auto/arrayType19.xml
----------------- Instantiating /home/travis/build/icyphy/ptII/ptolemy/actor/lib/test/auto/arrayType19.xml
1 ms. Memory: 480256K Free: 255331K (53%)
----------------- Invoking toplevel() on ptolemy.moml.MoMLSimpleApplication@68c7245
----------------- Done invoking toplevel() on ptolemy.moml.MoMLSimpleApplication@68c7245
reloadAllAccessors: .arrayType19

===========================================================================================
----------------- testing Tue Aug 13 05:28:21 UTC 2019 /home/travis/build/icyphy/ptII/ptolemy/actor/lib/test/auto/arrayType2.xml
----------------- Instantiating /home/travis/build/icyphy/ptII/ptolemy/actor/lib/test/auto/arrayType2.xml
2 ms. Memory: 480256K Free: 250211K (52%)
----------------- Invoking toplevel() on ptolemy.moml.MoMLSimpleApplication@7b0de886
----------------- Done invoking toplevel() on ptolemy.moml.MoMLSimpleApplication@7b0de886
reloadAllAccessors: .arrayType2

===========================================================================================
----------------- testing Tue Aug 13 05:28:21 UTC 2019 /home/travis/build/icyphy/ptII/ptolemy/actor/lib/test/auto/arrayType20.xml
----------------- Instantiating /home/travis/build/icyphy/ptII/ptolemy/actor/lib/test/auto/arrayType20.xml
2 ms. Memory: 480256K Free: 245091K (51%)
----------------- Invoking toplevel() on ptolemy.moml.MoMLSimpleApplication@7b8fe9c0
----------------- Done invoking toplevel() on ptolemy.moml.MoMLSimpleApplication@7b8fe9c0
reloadAllAccessors: .arrayType20

===========================================================================================
----------------- testing Tue Aug 13 05:28:21 UTC 2019 /home/travis/build/icyphy/ptII/ptolemy/actor/lib/test/auto/arrayType21.xml
----------------- Instantiating /home/travis/build/icyphy/ptII/ptolemy/actor/lib/test/auto/arrayType21.xml
1 ms. Memory: 480256K Free: 240481K (50%)
----------------- Invoking toplevel() on ptolemy.moml.MoMLSimpleApplication@ad7323a
----------------- Done invoking toplevel() on ptolemy.moml.MoMLSimpleApplication@ad7323a
reloadAllAccessors: .arrayType21

===========================================================================================
----------------- testing Tue Aug 13 05:28:21 UTC 2019 /home/travis/build/icyphy/ptII/ptolemy/actor/lib/test/auto/arrayType22.xml
----------------- Instantiating /home/travis/build/icyphy/ptII/ptolemy/actor/lib/test/auto/arrayType22.xml
2 ms. Memory: 480256K Free: 235361K (49%)
----------------- Invoking toplevel() on ptolemy.moml.MoMLSimpleApplication@6f3aed2e
----------------- Done invoking toplevel() on ptolemy.moml.MoMLSimpleApplication@6f3aed2e
reloadAllAccessors: .arrayType22

===========================================================================================
----------------- testing Tue Aug 13 05:28:21 UTC 2019 /home/travis/build/icyphy/ptII/ptolemy/actor/lib/test/auto/arrayType23.xml
----------------- Instantiating /home/travis/build/icyphy/ptII/ptolemy/actor/lib/test/auto/arrayType23.xml
1 ms. Memory: 480256K Free: 230755K (48%)
----------------- Invoking toplevel() on ptolemy.moml.MoMLSimpleApplication@7827a692
----------------- Done invoking toplevel() on ptolemy.moml.MoMLSimpleApplication@7827a692
reloadAllAccessors: .arrayType23

===========================================================================================
----------------- testing Tue Aug 13 05:28:21 UTC 2019 /home/travis/build/icyphy/ptII/ptolemy/actor/lib/test/auto/arrayType24.xml
----------------- Instantiating /home/travis/build/icyphy/ptII/ptolemy/actor/lib/test/auto/arrayType24.xml
2 ms. Memory: 480256K Free: 226145K (47%)
----------------- Invoking toplevel() on ptolemy.moml.MoMLSimpleApplication@762227d9
----------------- Done invoking toplevel() on ptolemy.moml.MoMLSimpleApplication@762227d9
reloadAllAccessors: .arrayType24

===========================================================================================
----------------- testing Tue Aug 13 05:28:21 UTC 2019 /home/travis/build/icyphy/ptII/ptolemy/actor/lib/test/auto/arrayType25.xml
----------------- Instantiating /home/travis/build/icyphy/ptII/ptolemy/actor/lib/test/auto/arrayType25.xml
2 ms. Memory: 480256K Free: 220515K (46%)
----------------- Invoking toplevel() on ptolemy.moml.MoMLSimpleApplication@40526a89
----------------- Done invoking toplevel() on ptolemy.moml.MoMLSimpleApplication@40526a89
reloadAllAccessors: .arrayType25

===========================================================================================
----------------- testing Tue Aug 13 05:28:21 UTC 2019 /home/travis/build/icyphy/ptII/ptolemy/actor/lib/test/auto/arrayType26.xml
----------------- Instantiating /home/travis/build/icyphy/ptII/ptolemy/actor/lib/test/auto/arrayType26.xml
1 ms. Memory: 480256K Free: 215395K (45%)
----------------- Invoking toplevel() on ptolemy.moml.MoMLSimpleApplication@195e25e1
----------------- Done invoking toplevel() on ptolemy.moml.MoMLSimpleApplication@195e25e1
reloadAllAccessors: .arrayType26

===========================================================================================
----------------- testing Tue Aug 13 05:28:21 UTC 2019 /home/travis/build/icyphy/ptII/ptolemy/actor/lib/test/auto/arrayType27.xml
----------------- Instantiating /home/travis/build/icyphy/ptII/ptolemy/actor/lib/test/auto/arrayType27.xml
1 ms. Memory: 480256K Free: 209761K (44%)
----------------- Invoking toplevel() on ptolemy.moml.MoMLSimpleApplication@5e766eba
----------------- Done invoking toplevel() on ptolemy.moml.MoMLSimpleApplication@5e766eba
reloadAllAccessors: .arrayType27

===========================================================================================
----------------- testing Tue Aug 13 05:28:21 UTC 2019 /home/travis/build/icyphy/ptII/ptolemy/actor/lib/test/auto/arrayType28.xml
----------------- Instantiating /home/travis/build/icyphy/ptII/ptolemy/actor/lib/test/auto/arrayType28.xml
3 ms. Memory: 480256K Free: 204641K (43%)
----------------- Invoking toplevel() on ptolemy.moml.MoMLSimpleApplication@c95e396
----------------- Done invoking toplevel() on ptolemy.moml.MoMLSimpleApplication@c95e396
reloadAllAccessors: .arrayType28

===========================================================================================
----------------- testing Tue Aug 13 05:28:21 UTC 2019 /home/travis/build/icyphy/ptII/ptolemy/actor/lib/test/auto/arrayType3.xml
----------------- Instantiating /home/travis/build/icyphy/ptII/ptolemy/actor/lib/test/auto/arrayType3.xml
2 ms. Memory: 480256K Free: 199521K (42%)
----------------- Invoking toplevel() on ptolemy.moml.MoMLSimpleApplication@643b86aa
----------------- Done invoking toplevel() on ptolemy.moml.MoMLSimpleApplication@643b86aa
reloadAllAccessors: .arrayType3

===========================================================================================
----------------- testing Tue Aug 13 05:28:21 UTC 2019 /home/travis/build/icyphy/ptII/ptolemy/actor/lib/test/auto/arrayType4.xml
----------------- Instantiating /home/travis/build/icyphy/ptII/ptolemy/actor/lib/test/auto/arrayType4.xml
1 ms. Memory: 480256K Free: 193891K (40%)
----------------- Invoking toplevel() on ptolemy.moml.MoMLSimpleApplication@5d00adc2
----------------- Done invoking toplevel() on ptolemy.moml.MoMLSimpleApplication@5d00adc2
reloadAllAccessors: .arrayType4

===========================================================================================
----------------- testing Tue Aug 13 05:28:21 UTC 2019 /home/travis/build/icyphy/ptII/ptolemy/actor/lib/test/auto/arrayType5.xml
----------------- Instantiating /home/travis/build/icyphy/ptII/ptolemy/actor/lib/test/auto/arrayType5.xml
2 ms. Memory: 480256K Free: 188771K (39%)
----------------- Invoking toplevel() on ptolemy.moml.MoMLSimpleApplication@6b84f36a
----------------- Done invoking toplevel() on ptolemy.moml.MoMLSimpleApplication@6b84f36a
reloadAllAccessors: .arrayType5

===========================================================================================
----------------- testing Tue Aug 13 05:28:21 UTC 2019 /home/travis/build/icyphy/ptII/ptolemy/actor/lib/test/auto/arrayType6.xml
----------------- Instantiating /home/travis/build/icyphy/ptII/ptolemy/actor/lib/test/auto/arrayType6.xml
1 ms. Memory: 480256K Free: 183651K (38%)
----------------- Invoking toplevel() on ptolemy.moml.MoMLSimpleApplication@2368579e
----------------- Done invoking toplevel() on ptolemy.moml.MoMLSimpleApplication@2368579e
reloadAllAccessors: .arrayType6

===========================================================================================
----------------- testing Tue Aug 13 05:28:21 UTC 2019 /home/travis/build/icyphy/ptII/ptolemy/actor/lib/test/auto/arrayType7.xml
----------------- Instantiating /home/travis/build/icyphy/ptII/ptolemy/actor/lib/test/auto/arrayType7.xml
2 ms. Memory: 480256K Free: 179041K (37%)
----------------- Invoking toplevel() on ptolemy.moml.MoMLSimpleApplication@2ad053c4
----------------- Done invoking toplevel() on ptolemy.moml.MoMLSimpleApplication@2ad053c4
reloadAllAccessors: .arrayType7

===========================================================================================
----------------- testing Tue Aug 13 05:28:21 UTC 2019 /home/travis/build/icyphy/ptII/ptolemy/actor/lib/test/auto/arrayType8.xml
----------------- Instantiating /home/travis/build/icyphy/ptII/ptolemy/actor/lib/test/auto/arrayType8.xml
2 ms. Memory: 480256K Free: 174435K (36%)
----------------- Invoking toplevel() on ptolemy.moml.MoMLSimpleApplication@58e39f52
----------------- Done invoking toplevel() on ptolemy.moml.MoMLSimpleApplication@58e39f52
reloadAllAccessors: .arrayType8

===========================================================================================
----------------- testing Tue Aug 13 05:28:21 UTC 2019 /home/travis/build/icyphy/ptII/ptolemy/actor/lib/test/auto/arrayType9.xml
----------------- Instantiating /home/travis/build/icyphy/ptII/ptolemy/actor/lib/test/auto/arrayType9.xml
2 ms. Memory: 480256K Free: 169315K (35%)
----------------- Invoking toplevel() on ptolemy.moml.MoMLSimpleApplication@899583a
----------------- Done invoking toplevel() on ptolemy.moml.MoMLSimpleApplication@899583a
reloadAllAccessors: .arrayType9

===========================================================================================
----------------- testing Tue Aug 13 05:28:21 UTC 2019 /home/travis/build/icyphy/ptII/ptolemy/actor/lib/test/auto/cast.xml
----------------- Instantiating /home/travis/build/icyphy/ptII/ptolemy/actor/lib/test/auto/cast.xml
2 ms. Memory: 480256K Free: 164705K (34%)
----------------- Invoking toplevel() on ptolemy.moml.MoMLSimpleApplication@15d858a0
----------------- Done invoking toplevel() on ptolemy.moml.MoMLSimpleApplication@15d858a0
reloadAllAccessors: .cast

===========================================================================================
----------------- testing Tue Aug 13 05:28:21 UTC 2019 /home/travis/build/icyphy/ptII/ptolemy/actor/lib/test/auto/compositeMultiPort.xml
----------------- Instantiating /home/travis/build/icyphy/ptII/ptolemy/actor/lib/test/auto/compositeMultiPort.xml
3 ms. Memory: 480256K Free: 155482K (32%)
----------------- Invoking toplevel() on ptolemy.moml.MoMLSimpleApplication@34cb3e3e
----------------- Done invoking toplevel() on ptolemy.moml.MoMLSimpleApplication@34cb3e3e
reloadAllAccessors: .compositeMultiPort

===========================================================================================
----------------- testing Tue Aug 13 05:28:21 UTC 2019 /home/travis/build/icyphy/ptII/ptolemy/actor/lib/test/auto/expressionCastInference.xml
----------------- Instantiating /home/travis/build/icyphy/ptII/ptolemy/actor/lib/test/auto/expressionCastInference.xml
14 ms. Memory: 480256K Free: 150883K (31%)
----------------- Invoking toplevel() on ptolemy.moml.MoMLSimpleApplication@54c5a683
----------------- Done invoking toplevel() on ptolemy.moml.MoMLSimpleApplication@54c5a683
reloadAllAccessors: .expressionCastInference

===========================================================================================
----------------- testing Tue Aug 13 05:28:21 UTC 2019 /home/travis/build/icyphy/ptII/ptolemy/actor/lib/test/auto/expressionCastInference2.xml
----------------- Instantiating /home/travis/build/icyphy/ptII/ptolemy/actor/lib/test/auto/expressionCastInference2.xml
3 ms. Memory: 480256K Free: 145763K (30%)
----------------- Invoking toplevel() on ptolemy.moml.MoMLSimpleApplication@28ce0e69
----------------- Done invoking toplevel() on ptolemy.moml.MoMLSimpleApplication@28ce0e69
reloadAllAccessors: .expressionCastInference2

===========================================================================================
----------------- testing Tue Aug 13 05:28:21 UTC 2019 /home/travis/build/icyphy/ptII/ptolemy/actor/lib/test/auto/expressionInference.xml
----------------- Instantiating /home/travis/build/icyphy/ptII/ptolemy/actor/lib/test/auto/expressionInference.xml
1 ms. Memory: 480256K Free: 423405K (88%)
----------------- Invoking toplevel() on ptolemy.moml.MoMLSimpleApplication@7a03c398
----------------- Done invoking toplevel() on ptolemy.moml.MoMLSimpleApplication@7a03c398
reloadAllAccessors: .expressionInference

===========================================================================================
----------------- testing Tue Aug 13 05:28:21 UTC 2019 /home/travis/build/icyphy/ptII/ptolemy/actor/lib/test/auto/expression_bug.xml
----------------- Instantiating /home/travis/build/icyphy/ptII/ptolemy/actor/lib/test/auto/expression_bug.xml
1 ms. Memory: 480256K Free: 418795K (87%)
----------------- Invoking toplevel() on ptolemy.moml.MoMLSimpleApplication@4112b435
----------------- Done invoking toplevel() on ptolemy.moml.MoMLSimpleApplication@4112b435
reloadAllAccessors: .expression_bug

===========================================================================================
----------------- testing Tue Aug 13 05:28:21 UTC 2019 /home/travis/build/icyphy/ptII/ptolemy/actor/lib/test/auto/factorial.xml
----------------- Instantiating /home/travis/build/icyphy/ptII/ptolemy/actor/lib/test/auto/factorial.xml
40 ms. Memory: 480256K Free: 410093K (85%)
----------------- Invoking toplevel() on ptolemy.moml.MoMLSimpleApplication@5280c69b
----------------- Done invoking toplevel() on ptolemy.moml.MoMLSimpleApplication@5280c69b
reloadAllAccessors: .factorial

===========================================================================================
----------------- testing Tue Aug 13 05:28:21 UTC 2019 /home/travis/build/icyphy/ptII/ptolemy/actor/lib/test/auto/filterTest1.xml
----------------- Instantiating /home/travis/build/icyphy/ptII/ptolemy/actor/lib/test/auto/filterTest1.xml
4 ms. Memory: 480256K Free: 404459K (84%)
----------------- Invoking toplevel() on ptolemy.moml.MoMLSimpleApplication@1742de89
----------------- Done invoking toplevel() on ptolemy.moml.MoMLSimpleApplication@1742de89
reloadAllAccessors: .filterTest1

===========================================================================================
----------------- testing Tue Aug 13 05:28:21 UTC 2019 /home/travis/build/icyphy/ptII/ptolemy/actor/lib/test/auto/funcApplyInConst.xml
----------------- Instantiating /home/travis/build/icyphy/ptII/ptolemy/actor/lib/test/auto/funcApplyInConst.xml
1 ms. Memory: 480256K Free: 400363K (83%)
----------------- Invoking toplevel() on ptolemy.moml.MoMLSimpleApplication@37e8976a
----------------- Done invoking toplevel() on ptolemy.moml.MoMLSimpleApplication@37e8976a
reloadAllAccessors: .funcApplyInConst

===========================================================================================
----------------- testing Tue Aug 13 05:28:21 UTC 2019 /home/travis/build/icyphy/ptII/ptolemy/actor/lib/test/auto/funcApplyInExpr.xml
----------------- Instantiating /home/travis/build/icyphy/ptII/ptolemy/actor/lib/test/auto/funcApplyInExpr.xml
1 ms. Memory: 480256K Free: 396781K (83%)
----------------- Invoking toplevel() on ptolemy.moml.MoMLSimpleApplication@654944dd
----------------- Done invoking toplevel() on ptolemy.moml.MoMLSimpleApplication@654944dd
reloadAllAccessors: .funcApplyInExpr

===========================================================================================
----------------- testing Tue Aug 13 05:28:21 UTC 2019 /home/travis/build/icyphy/ptII/ptolemy/actor/lib/test/auto/function.xml
----------------- Instantiating /home/travis/build/icyphy/ptII/ptolemy/actor/lib/test/auto/function.xml
2 ms. Memory: 480256K Free: 391661K (82%)
----------------- Invoking toplevel() on ptolemy.moml.MoMLSimpleApplication@7704d2e9
----------------- Done invoking toplevel() on ptolemy.moml.MoMLSimpleApplication@7704d2e9
reloadAllAccessors: .function

===========================================================================================
----------------- testing Tue Aug 13 05:28:21 UTC 2019 /home/travis/build/icyphy/ptII/ptolemy/actor/lib/test/auto/function2.xml
----------------- Instantiating /home/travis/build/icyphy/ptII/ptolemy/actor/lib/test/auto/function2.xml
1 ms. Memory: 480256K Free: 387051K (81%)
----------------- Invoking toplevel() on ptolemy.moml.MoMLSimpleApplication@63649a56
----------------- Done invoking toplevel() on ptolemy.moml.MoMLSimpleApplication@63649a56
reloadAllAccessors: .function2

===========================================================================================
----------------- testing Tue Aug 13 05:28:21 UTC 2019 /home/travis/build/icyphy/ptII/ptolemy/actor/lib/test/auto/function3.xml
----------------- Instantiating /home/travis/build/icyphy/ptII/ptolemy/actor/lib/test/auto/function3.xml
2 ms. Memory: 480256K Free: 382955K (80%)
----------------- Invoking toplevel() on ptolemy.moml.MoMLSimpleApplication@5dd6ca3b
----------------- Done invoking toplevel() on ptolemy.moml.MoMLSimpleApplication@5dd6ca3b
reloadAllAccessors: .function3

===========================================================================================
----------------- testing Tue Aug 13 05:28:22 UTC 2019 /home/travis/build/icyphy/ptII/ptolemy/actor/lib/test/auto/functionClosureTest1.xml
----------------- Instantiating /home/travis/build/icyphy/ptII/ptolemy/actor/lib/test/auto/functionClosureTest1.xml
2 ms. Memory: 480256K Free: 377325K (79%)
----------------- Invoking toplevel() on ptolemy.moml.MoMLSimpleApplication@7b00d5e7
----------------- Done invoking toplevel() on ptolemy.moml.MoMLSimpleApplication@7b00d5e7
reloadAllAccessors: .functionClosureTest1

===========================================================================================
----------------- testing Tue Aug 13 05:28:22 UTC 2019 /home/travis/build/icyphy/ptII/ptolemy/actor/lib/test/auto/functionClosureTest2.xml
----------------- Instantiating /home/travis/build/icyphy/ptII/ptolemy/actor/lib/test/auto/functionClosureTest2.xml
1 ms. Memory: 480256K Free: 373229K (78%)
----------------- Invoking toplevel() on ptolemy.moml.MoMLSimpleApplication@68243ff6
----------------- Done invoking toplevel() on ptolemy.moml.MoMLSimpleApplication@68243ff6
reloadAllAccessors: .functionClosureTest2

===========================================================================================
----------------- testing Tue Aug 13 05:28:22 UTC 2019 /home/travis/build/icyphy/ptII/ptolemy/actor/lib/test/auto/functionClosureTest3.xml
----------------- Instantiating /home/travis/build/icyphy/ptII/ptolemy/actor/lib/test/auto/functionClosureTest3.xml
2 ms. Memory: 480256K Free: 368109K (77%)
----------------- Invoking toplevel() on ptolemy.moml.MoMLSimpleApplication@76e3a45c
----------------- Done invoking toplevel() on ptolemy.moml.MoMLSimpleApplication@76e3a45c
reloadAllAccessors: .functionClosureTest3

===========================================================================================
----------------- testing Tue Aug 13 05:28:22 UTC 2019 /home/travis/build/icyphy/ptII/ptolemy/actor/lib/test/auto/functionClosureTest4.xml
----------------- Instantiating /home/travis/build/icyphy/ptII/ptolemy/actor/lib/test/auto/functionClosureTest4.xml
4 ms. Memory: 480256K Free: 361451K (75%)
----------------- Invoking toplevel() on ptolemy.moml.MoMLSimpleApplication@28e2b967
----------------- Done invoking toplevel() on ptolemy.moml.MoMLSimpleApplication@28e2b967
reloadAllAccessors: .functionClosureTest4

===========================================================================================
----------------- testing Tue Aug 13 05:28:22 UTC 2019 /home/travis/build/icyphy/ptII/ptolemy/actor/lib/test/auto/functionClosureTest5.xml
----------------- Instantiating /home/travis/build/icyphy/ptII/ptolemy/actor/lib/test/auto/functionClosureTest5.xml
5 ms. Memory: 480256K Free: 356317K (74%)
----------------- Invoking toplevel() on ptolemy.moml.MoMLSimpleApplication@6d349f6c
----------------- Done invoking toplevel() on ptolemy.moml.MoMLSimpleApplication@6d349f6c
reloadAllAccessors: .functionClosureTest5

===========================================================================================
----------------- testing Tue Aug 13 05:28:22 UTC 2019 /home/travis/build/icyphy/ptII/ptolemy/actor/lib/test/auto/functionClosureTest6.xml
----------------- Instantiating /home/travis/build/icyphy/ptII/ptolemy/actor/lib/test/auto/functionClosureTest6.xml
2 ms. Memory: 480256K Free: 351725K (73%)
----------------- Invoking toplevel() on ptolemy.moml.MoMLSimpleApplication@476902d5
----------------- Done invoking toplevel() on ptolemy.moml.MoMLSimpleApplication@476902d5
reloadAllAccessors: .functionClosureTest6

===========================================================================================
----------------- testing Tue Aug 13 05:28:22 UTC 2019 /home/travis/build/icyphy/ptII/ptolemy/actor/lib/test/auto/functionsOnArcs.xml
----------------- Instantiating /home/travis/build/icyphy/ptII/ptolemy/actor/lib/test/auto/functionsOnArcs.xml
2 ms. Memory: 480256K Free: 346091K (72%)
----------------- Invoking toplevel() on ptolemy.moml.MoMLSimpleApplication@6a23b7c0
----------------- Done invoking toplevel() on ptolemy.moml.MoMLSimpleApplication@6a23b7c0
reloadAllAccessors: .functionsOnArcs

===========================================================================================
----------------- testing Tue Aug 13 05:28:22 UTC 2019 /home/travis/build/icyphy/ptII/ptolemy/actor/lib/test/auto/functionsOnArcsHOF.xml
----------------- Instantiating /home/travis/build/icyphy/ptII/ptolemy/actor/lib/test/auto/functionsOnArcsHOF.xml
3 ms. Memory: 480256K Free: 340461K (71%)
----------------- Invoking toplevel() on ptolemy.moml.MoMLSimpleApplication@5058c27
----------------- Done invoking toplevel() on ptolemy.moml.MoMLSimpleApplication@5058c27
reloadAllAccessors: .functionsOnArcsHOF

===========================================================================================
----------------- testing Tue Aug 13 05:28:22 UTC 2019 /home/travis/build/icyphy/ptII/ptolemy/actor/lib/test/auto/logic.xml
----------------- Instantiating /home/travis/build/icyphy/ptII/ptolemy/actor/lib/test/auto/logic.xml
2 ms. Memory: 480256K Free: 332779K (69%)
----------------- Invoking toplevel() on ptolemy.moml.MoMLSimpleApplication@7630a46f
----------------- Done invoking toplevel() on ptolemy.moml.MoMLSimpleApplication@7630a46f
reloadAllAccessors: .logic

===========================================================================================
----------------- testing Tue Aug 13 05:28:22 UTC 2019 /home/travis/build/icyphy/ptII/ptolemy/actor/lib/test/auto/matrixType.xml
----------------- Instantiating /home/travis/build/icyphy/ptII/ptolemy/actor/lib/test/auto/matrixType.xml
2 ms. Memory: 480256K Free: 327645K (68%)
----------------- Invoking toplevel() on ptolemy.moml.MoMLSimpleApplication@7b043ca6
----------------- Done invoking toplevel() on ptolemy.moml.MoMLSimpleApplication@7b043ca6
reloadAllAccessors: .matrixType

===========================================================================================
----------------- testing Tue Aug 13 05:28:22 UTC 2019 /home/travis/build/icyphy/ptII/ptolemy/actor/lib/test/auto/matrixType10.xml
----------------- Instantiating /home/travis/build/icyphy/ptII/ptolemy/actor/lib/test/auto/matrixType10.xml
2 ms. Memory: 480256K Free: 322539K (67%)
----------------- Invoking toplevel() on ptolemy.moml.MoMLSimpleApplication@60e41d5b
----------------- Done invoking toplevel() on ptolemy.moml.MoMLSimpleApplication@60e41d5b
reloadAllAccessors: .matrixType10

===========================================================================================
----------------- testing Tue Aug 13 05:28:22 UTC 2019 /home/travis/build/icyphy/ptII/ptolemy/actor/lib/test/auto/matrixType11.xml
----------------- Instantiating /home/travis/build/icyphy/ptII/ptolemy/actor/lib/test/auto/matrixType11.xml
2 ms. Memory: 480256K Free: 317933K (66%)
----------------- Invoking toplevel() on ptolemy.moml.MoMLSimpleApplication@455053e5
----------------- Done invoking toplevel() on ptolemy.moml.MoMLSimpleApplication@455053e5
reloadAllAccessors: .matrixType11

===========================================================================================
----------------- testing Tue Aug 13 05:28:22 UTC 2019 /home/travis/build/icyphy/ptII/ptolemy/actor/lib/test/auto/matrixType12.xml
----------------- Instantiating /home/travis/build/icyphy/ptII/ptolemy/actor/lib/test/auto/matrixType12.xml
1 ms. Memory: 480256K Free: 312813K (65%)
----------------- Invoking toplevel() on ptolemy.moml.MoMLSimpleApplication@19c60bbe
----------------- Done invoking toplevel() on ptolemy.moml.MoMLSimpleApplication@19c60bbe
reloadAllAccessors: .matrixType12

===========================================================================================
----------------- testing Tue Aug 13 05:28:22 UTC 2019 /home/travis/build/icyphy/ptII/ptolemy/actor/lib/test/auto/matrixType13.xml
----------------- Instantiating /home/travis/build/icyphy/ptII/ptolemy/actor/lib/test/auto/matrixType13.xml
1 ms. Memory: 480256K Free: 308203K (64%)
----------------- Invoking toplevel() on ptolemy.moml.MoMLSimpleApplication@1588c7a5
----------------- Done invoking toplevel() on ptolemy.moml.MoMLSimpleApplication@1588c7a5
reloadAllAccessors: .matrixType13

===========================================================================================
----------------- testing Tue Aug 13 05:28:22 UTC 2019 /home/travis/build/icyphy/ptII/ptolemy/actor/lib/test/auto/matrixType14.xml
----------------- Instantiating /home/travis/build/icyphy/ptII/ptolemy/actor/lib/test/auto/matrixType14.xml
2 ms. Memory: 480256K Free: 303083K (63%)
----------------- Invoking toplevel() on ptolemy.moml.MoMLSimpleApplication@5ef9c1af
----------------- Done invoking toplevel() on ptolemy.moml.MoMLSimpleApplication@5ef9c1af
reloadAllAccessors: .matrixType14

===========================================================================================
----------------- testing Tue Aug 13 05:28:22 UTC 2019 /home/travis/build/icyphy/ptII/ptolemy/actor/lib/test/auto/matrixType2.xml
----------------- Instantiating /home/travis/build/icyphy/ptII/ptolemy/actor/lib/test/auto/matrixType2.xml
2 ms. Memory: 480256K Free: 297963K (62%)
----------------- Invoking toplevel() on ptolemy.moml.MoMLSimpleApplication@32e57129
----------------- Done invoking toplevel() on ptolemy.moml.MoMLSimpleApplication@32e57129
reloadAllAccessors: .matrixType2

===========================================================================================
----------------- testing Tue Aug 13 05:28:22 UTC 2019 /home/travis/build/icyphy/ptII/ptolemy/actor/lib/test/auto/matrixType3.xml
----------------- Instantiating /home/travis/build/icyphy/ptII/ptolemy/actor/lib/test/auto/matrixType3.xml
1 ms. Memory: 480256K Free: 292843K (61%)
----------------- Invoking toplevel() on ptolemy.moml.MoMLSimpleApplication@199e3757
----------------- Done invoking toplevel() on ptolemy.moml.MoMLSimpleApplication@199e3757
reloadAllAccessors: .matrixType3

===========================================================================================
----------------- testing Tue Aug 13 05:28:22 UTC 2019 /home/travis/build/icyphy/ptII/ptolemy/actor/lib/test/auto/matrixType4.xml
----------------- Instantiating /home/travis/build/icyphy/ptII/ptolemy/actor/lib/test/auto/matrixType4.xml
2 ms. Memory: 480256K Free: 288237K (60%)
----------------- Invoking toplevel() on ptolemy.moml.MoMLSimpleApplication@2205ab39
----------------- Done invoking toplevel() on ptolemy.moml.MoMLSimpleApplication@2205ab39
reloadAllAccessors: .matrixType4

===========================================================================================
----------------- testing Tue Aug 13 05:28:22 UTC 2019 /home/travis/build/icyphy/ptII/ptolemy/actor/lib/test/auto/matrixType5.xml
----------------- Instantiating /home/travis/build/icyphy/ptII/ptolemy/actor/lib/test/auto/matrixType5.xml
2 ms. Memory: 480256K Free: 283117K (59%)
----------------- Invoking toplevel() on ptolemy.moml.MoMLSimpleApplication@f6f9e44
----------------- Done invoking toplevel() on ptolemy.moml.MoMLSimpleApplication@f6f9e44
reloadAllAccessors: .matrixType5

===========================================================================================
----------------- testing Tue Aug 13 05:28:22 UTC 2019 /home/travis/build/icyphy/ptII/ptolemy/actor/lib/test/auto/matrixType6.xml
----------------- Instantiating /home/travis/build/icyphy/ptII/ptolemy/actor/lib/test/auto/matrixType6.xml
2 ms. Memory: 480256K Free: 277997K (58%)
----------------- Invoking toplevel() on ptolemy.moml.MoMLSimpleApplication@edf5d8f
----------------- Done invoking toplevel() on ptolemy.moml.MoMLSimpleApplication@edf5d8f
reloadAllAccessors: .matrixType6

===========================================================================================
----------------- testing Tue Aug 13 05:28:22 UTC 2019 /home/travis/build/icyphy/ptII/ptolemy/actor/lib/test/auto/matrixType7.xml
----------------- Instantiating /home/travis/build/icyphy/ptII/ptolemy/actor/lib/test/auto/matrixType7.xml
2 ms. Memory: 480256K Free: 273387K (57%)
----------------- Invoking toplevel() on ptolemy.moml.MoMLSimpleApplication@22eb3775
----------------- Done invoking toplevel() on ptolemy.moml.MoMLSimpleApplication@22eb3775
reloadAllAccessors: .matrixType7

===========================================================================================
----------------- testing Tue Aug 13 05:28:22 UTC 2019 /home/travis/build/icyphy/ptII/ptolemy/actor/lib/test/auto/matrixType8.xml
----------------- Instantiating /home/travis/build/icyphy/ptII/ptolemy/actor/lib/test/auto/matrixType8.xml
1 ms. Memory: 480256K Free: 268267K (56%)
----------------- Invoking toplevel() on ptolemy.moml.MoMLSimpleApplication@40febd96
----------------- Done invoking toplevel() on ptolemy.moml.MoMLSimpleApplication@40febd96
reloadAllAccessors: .matrixType8

===========================================================================================
----------------- testing Tue Aug 13 05:28:22 UTC 2019 /home/travis/build/icyphy/ptII/ptolemy/actor/lib/test/auto/matrixType9.xml
----------------- Instantiating /home/travis/build/icyphy/ptII/ptolemy/actor/lib/test/auto/matrixType9.xml
2 ms. Memory: 480256K Free: 263661K (55%)
----------------- Invoking toplevel() on ptolemy.moml.MoMLSimpleApplication@18bf2740
----------------- Done invoking toplevel() on ptolemy.moml.MoMLSimpleApplication@18bf2740
reloadAllAccessors: .matrixType9

===========================================================================================
----------------- testing Tue Aug 13 05:28:22 UTC 2019 /home/travis/build/icyphy/ptII/ptolemy/actor/lib/test/auto/paraFunctest.xml
----------------- Instantiating /home/travis/build/icyphy/ptII/ptolemy/actor/lib/test/auto/paraFunctest.xml
2 ms. Memory: 480256K Free: 259565K (54%)
----------------- Invoking toplevel() on ptolemy.moml.MoMLSimpleApplication@620199f0
----------------- Done invoking toplevel() on ptolemy.moml.MoMLSimpleApplication@620199f0
reloadAllAccessors: .paraFunctest

===========================================================================================
----------------- testing Tue Aug 13 05:28:22 UTC 2019 /home/travis/build/icyphy/ptII/ptolemy/actor/lib/test/auto/paraFunctest2.xml
----------------- Instantiating /home/travis/build/icyphy/ptII/ptolemy/actor/lib/test/auto/paraFunctest2.xml
1 ms. Memory: 480256K Free: 254955K (53%)
----------------- Invoking toplevel() on ptolemy.moml.MoMLSimpleApplication@b601b1c
----------------- Done invoking toplevel() on ptolemy.moml.MoMLSimpleApplication@b601b1c
reloadAllAccessors: .paraFunctest2

===========================================================================================
----------------- testing Tue Aug 13 05:28:22 UTC 2019 /home/travis/build/icyphy/ptII/ptolemy/actor/lib/test/auto/parameterPassing.xml
----------------- Instantiating /home/travis/build/icyphy/ptII/ptolemy/actor/lib/test/auto/parameterPassing.xml
2 ms. Memory: 480256K Free: 250349K (52%)
----------------- Invoking toplevel() on ptolemy.moml.MoMLSimpleApplication@769921ef
----------------- Done invoking toplevel() on ptolemy.moml.MoMLSimpleApplication@769921ef
reloadAllAccessors: .parameterPassing

===========================================================================================
----------------- testing Tue Aug 13 05:28:22 UTC 2019 /home/travis/build/icyphy/ptII/ptolemy/actor/lib/test/auto/record.xml
----------------- Instantiating /home/travis/build/icyphy/ptII/ptolemy/actor/lib/test/auto/record.xml
3 ms. Memory: 480256K Free: 245739K (51%)
----------------- Invoking toplevel() on ptolemy.moml.MoMLSimpleApplication@3bc37c11
----------------- Done invoking toplevel() on ptolemy.moml.MoMLSimpleApplication@3bc37c11
reloadAllAccessors: .record

===========================================================================================
----------------- testing Tue Aug 13 05:28:22 UTC 2019 /home/travis/build/icyphy/ptII/ptolemy/actor/lib/test/auto/sizedarray1.xml
----------------- Instantiating /home/travis/build/icyphy/ptII/ptolemy/actor/lib/test/auto/sizedarray1.xml
2 ms. Memory: 480256K Free: 240109K (50%)
----------------- Invoking toplevel() on ptolemy.moml.MoMLSimpleApplication@5222631f
----------------- Done invoking toplevel() on ptolemy.moml.MoMLSimpleApplication@5222631f
reloadAllAccessors: .sizedarray1

===========================================================================================
----------------- testing Tue Aug 13 05:28:22 UTC 2019 /home/travis/build/icyphy/ptII/ptolemy/actor/lib/test/auto/sizedarray2.xml
----------------- Instantiating /home/travis/build/icyphy/ptII/ptolemy/actor/lib/test/auto/sizedarray2.xml
3 ms. Memory: 480256K Free: 234475K (49%)
----------------- Invoking toplevel() on ptolemy.moml.MoMLSimpleApplication@6a2d60e7
----------------- Done invoking toplevel() on ptolemy.moml.MoMLSimpleApplication@6a2d60e7
reloadAllAccessors: .sizedarray2

===========================================================================================
----------------- testing Tue Aug 13 05:28:22 UTC 2019 /home/travis/build/icyphy/ptII/ptolemy/actor/lib/test/auto/twoPublishers.xml
----------------- Instantiating /home/travis/build/icyphy/ptII/ptolemy/actor/lib/test/auto/twoPublishers.xml
7 ms. Memory: 480256K Free: 223197K (46%)
----------------- Invoking toplevel() on ptolemy.moml.MoMLSimpleApplication@230adb77
----------------- Done invoking toplevel() on ptolemy.moml.MoMLSimpleApplication@230adb77
reloadAllAccessors: .twoPublishers
AutoTests.java: About to close Vertx.
AutoTests.java: Vertx closed.
]]></system-out>
  <system-err><![CDATA[java.lang.RuntimeException: Execution failed
	at ptolemy.moml.MoMLSimpleApplication$UnloadThread.run(MoMLSimpleApplication.java:402)
Caused by: java.lang.RuntimeException: StringUtilities.exit() was called. Normally, we would exit here because Manager.exitAfterWrapup() was called.  However, because the ptolemy.ptII.exitAfterWrapup property is set, we throw this exception instead.
	at ptolemy.util.StringUtilities.exit(StringUtilities.java:365)
	at ptolemy.actor.Manager.wrapup(Manager.java:1549)
	at ptolemy.actor.Manager.execute(Manager.java:407)
	at ptolemy.actor.Manager.run(Manager.java:1263)
	at ptolemy.actor.Manager$PtolemyRunThread.run(Manager.java:1933)
Warning: '.top.test' is in training mode, set the trainingMode parameter to false before checking in
Warning: '.top.test' is in training mode, set the trainingMode parameter to false before checking in
Warning: '.top.test' is in training mode, set the trainingMode parameter to false before checking in
Warning: '.BooleanSwitch_RegressionTest_WrongTrainingValues.Test' is in training mode, set the trainingMode parameter to false before checking in
Warning: '.BooleanSwitch_RegressionTest_WrongTrainingValues.Test2' is in training mode, set the trainingMode parameter to false before checking in
Warning: '.BooleanSwitch_RegressionTest_WrongTrainingValues.Test2' The test produced 0 tokens.
Warning: '.top.testExceptionHandler' is in training mode, set the trainingMode parameter to false before checking in
java.lang.RuntimeException: Execution failed
	at ptolemy.moml.MoMLSimpleApplication$UnloadThread.run(MoMLSimpleApplication.java:402)
Caused by: ptolemy.kernel.util.IllegalActionException: PublisherPorts cannot be used at the top level, use a Publisher actor instead.
  in .PublisherPortToplevelSubscriber.PublisherPort
	at ptolemy.actor.PublisherPort.preinitialize(PublisherPort.java:403)
	at ptolemy.actor.CompositeActor.preinitialize(CompositeActor.java:1769)
	at ptolemy.actor.Manager.preinitializeAndResolveTypes(Manager.java:1040)
	at ptolemy.actor.Manager.initialize(Manager.java:710)
	at ptolemy.actor.Manager.execute(Manager.java:356)
	at ptolemy.actor.Manager.run(Manager.java:1263)
	at ptolemy.actor.Manager$PtolemyRunThread.run(Manager.java:1933)
java.lang.reflect.InvocationTargetException
	at java.base/jdk.internal.reflect.NativeConstructorAccessorImpl.newInstance0(Native Method)
	at java.base/jdk.internal.reflect.NativeConstructorAccessorImpl.newInstance(NativeConstructorAccessorImpl.java:62)
	at java.base/jdk.internal.reflect.DelegatingConstructorAccessorImpl.newInstance(DelegatingConstructorAccessorImpl.java:45)
	at java.base/java.lang.reflect.Constructor.newInstance(Constructor.java:490)
	at ptolemy.util.test.junit.AutoKnownFailedTests.RunModel(AutoKnownFailedTests.java:105)
	at java.base/jdk.internal.reflect.NativeMethodAccessorImpl.invoke0(Native Method)
	at java.base/jdk.internal.reflect.NativeMethodAccessorImpl.invoke(NativeMethodAccessorImpl.java:62)
	at java.base/jdk.internal.reflect.DelegatingMethodAccessorImpl.invoke(DelegatingMethodAccessorImpl.java:43)
	at java.base/java.lang.reflect.Method.invoke(Method.java:566)
	at org.junit.runners.model.FrameworkMethod$1.runReflectiveCall(FrameworkMethod.java:44)
	at org.junit.internal.runners.model.ReflectiveCallable.run(ReflectiveCallable.java:15)
	at org.junit.runners.model.FrameworkMethod.invokeExplosively(FrameworkMethod.java:41)
	at junitparams.internal.InvokeParameterisedMethod.evaluate(InvokeParameterisedMethod.java:102)
	at org.junit.internal.runners.statements.FailOnTimeout$1.run(FailOnTimeout.java:28)
Caused by: ptolemy.kernel.util.IllegalActionException: PublisherPorts cannot be used at the top level, use a Publisher actor instead.
  in .PublisherPortToplevelSubscriber.PublisherPort
	at ptolemy.actor.PublisherPort.preinitialize(PublisherPort.java:403)
	at ptolemy.actor.CompositeActor.preinitialize(CompositeActor.java:1769)
	at ptolemy.actor.Manager.preinitializeAndResolveTypes(Manager.java:1040)
	at ptolemy.actor.Manager.initialize(Manager.java:710)
	at ptolemy.actor.Manager.execute(Manager.java:356)
	at ptolemy.actor.Manager.run(Manager.java:1263)
	at ptolemy.actor.Manager$PtolemyRunThread.run(Manager.java:1933)
java.lang.RuntimeException: Execution failed
	at ptolemy.moml.MoMLSimpleApplication$UnloadThread.run(MoMLSimpleApplication.java:402)
Caused by: ptolemy.kernel.util.IllegalActionException: SubscriberPorts cannot be used at the top level, use a Subscriber actor instead.
  in .PublisherSubscriberPortToplevel.SubscriberPort
	at ptolemy.actor.SubscriberPort.preinitialize(SubscriberPort.java:328)
	at ptolemy.actor.CompositeActor.preinitialize(CompositeActor.java:1769)
	at ptolemy.actor.Manager.preinitializeAndResolveTypes(Manager.java:1040)
	at ptolemy.actor.Manager.initialize(Manager.java:710)
	at ptolemy.actor.Manager.execute(Manager.java:356)
	at ptolemy.actor.Manager.run(Manager.java:1263)
	at ptolemy.actor.Manager$PtolemyRunThread.run(Manager.java:1933)
java.lang.reflect.InvocationTargetException
	at java.base/jdk.internal.reflect.NativeConstructorAccessorImpl.newInstance0(Native Method)
	at java.base/jdk.internal.reflect.NativeConstructorAccessorImpl.newInstance(NativeConstructorAccessorImpl.java:62)
	at java.base/jdk.internal.reflect.DelegatingConstructorAccessorImpl.newInstance(DelegatingConstructorAccessorImpl.java:45)
	at java.base/java.lang.reflect.Constructor.newInstance(Constructor.java:490)
	at ptolemy.util.test.junit.AutoKnownFailedTests.RunModel(AutoKnownFailedTests.java:105)
	at java.base/jdk.internal.reflect.NativeMethodAccessorImpl.invoke0(Native Method)
	at java.base/jdk.internal.reflect.NativeMethodAccessorImpl.invoke(NativeMethodAccessorImpl.java:62)
	at java.base/jdk.internal.reflect.DelegatingMethodAccessorImpl.invoke(DelegatingMethodAccessorImpl.java:43)
	at java.base/java.lang.reflect.Method.invoke(Method.java:566)
	at org.junit.runners.model.FrameworkMethod$1.runReflectiveCall(FrameworkMethod.java:44)
	at org.junit.internal.runners.model.ReflectiveCallable.run(ReflectiveCallable.java:15)
	at org.junit.runners.model.FrameworkMethod.invokeExplosively(FrameworkMethod.java:41)
	at junitparams.internal.InvokeParameterisedMethod.evaluate(InvokeParameterisedMethod.java:102)
	at org.junit.internal.runners.statements.FailOnTimeout$1.run(FailOnTimeout.java:28)
Caused by: ptolemy.kernel.util.IllegalActionException: SubscriberPorts cannot be used at the top level, use a Subscriber actor instead.
  in .PublisherSubscriberPortToplevel.SubscriberPort
	at ptolemy.actor.SubscriberPort.preinitialize(SubscriberPort.java:328)
	at ptolemy.actor.CompositeActor.preinitialize(CompositeActor.java:1769)
	at ptolemy.actor.Manager.preinitializeAndResolveTypes(Manager.java:1040)
	at ptolemy.actor.Manager.initialize(Manager.java:710)
	at ptolemy.actor.Manager.execute(Manager.java:356)
	at ptolemy.actor.Manager.run(Manager.java:1263)
	at ptolemy.actor.Manager$PtolemyRunThread.run(Manager.java:1933)
java.lang.RuntimeException: Execution failed
	at ptolemy.moml.MoMLSimpleApplication$UnloadThread.run(MoMLSimpleApplication.java:402)
Caused by: ptolemy.kernel.util.IllegalActionException: SubscriptionAggregatorPorts cannot be used at the top level, use a SubscriptionAggregator actor instead.
  in .PublisherSubscriptionAggregatorPort.SubscriptionAggregatorPort
	at ptolemy.actor.SubscriptionAggregatorPort.preinitialize(SubscriptionAggregatorPort.java:353)
	at ptolemy.actor.CompositeActor.preinitialize(CompositeActor.java:1769)
	at ptolemy.actor.Manager.preinitializeAndResolveTypes(Manager.java:1040)
	at ptolemy.actor.Manager.initialize(Manager.java:710)
	at ptolemy.actor.Manager.execute(Manager.java:356)
	at ptolemy.actor.Manager.run(Manager.java:1263)
	at ptolemy.actor.Manager$PtolemyRunThread.run(Manager.java:1933)
java.lang.reflect.InvocationTargetException
	at java.base/jdk.internal.reflect.NativeConstructorAccessorImpl.newInstance0(Native Method)
	at java.base/jdk.internal.reflect.NativeConstructorAccessorImpl.newInstance(NativeConstructorAccessorImpl.java:62)
	at java.base/jdk.internal.reflect.DelegatingConstructorAccessorImpl.newInstance(DelegatingConstructorAccessorImpl.java:45)
	at java.base/java.lang.reflect.Constructor.newInstance(Constructor.java:490)
	at ptolemy.util.test.junit.AutoKnownFailedTests.RunModel(AutoKnownFailedTests.java:105)
	at java.base/jdk.internal.reflect.NativeMethodAccessorImpl.invoke0(Native Method)
	at java.base/jdk.internal.reflect.NativeMethodAccessorImpl.invoke(NativeMethodAccessorImpl.java:62)
	at java.base/jdk.internal.reflect.DelegatingMethodAccessorImpl.invoke(DelegatingMethodAccessorImpl.java:43)
	at java.base/java.lang.reflect.Method.invoke(Method.java:566)
	at org.junit.runners.model.FrameworkMethod$1.runReflectiveCall(FrameworkMethod.java:44)
	at org.junit.internal.runners.model.ReflectiveCallable.run(ReflectiveCallable.java:15)
	at org.junit.runners.model.FrameworkMethod.invokeExplosively(FrameworkMethod.java:41)
	at junitparams.internal.InvokeParameterisedMethod.evaluate(InvokeParameterisedMethod.java:102)
	at org.junit.internal.runners.statements.FailOnTimeout$1.run(FailOnTimeout.java:28)
Caused by: ptolemy.kernel.util.IllegalActionException: SubscriptionAggregatorPorts cannot be used at the top level, use a SubscriptionAggregator actor instead.
  in .PublisherSubscriptionAggregatorPort.SubscriptionAggregatorPort
	at ptolemy.actor.SubscriptionAggregatorPort.preinitialize(SubscriptionAggregatorPort.java:353)
	at ptolemy.actor.CompositeActor.preinitialize(CompositeActor.java:1769)
	at ptolemy.actor.Manager.preinitializeAndResolveTypes(Manager.java:1040)
	at ptolemy.actor.Manager.initialize(Manager.java:710)
	at ptolemy.actor.Manager.execute(Manager.java:356)
	at ptolemy.actor.Manager.run(Manager.java:1263)
	at ptolemy.actor.Manager$PtolemyRunThread.run(Manager.java:1933)
java.lang.RuntimeException: Execution failed
	at ptolemy.moml.MoMLSimpleApplication$UnloadThread.run(MoMLSimpleApplication.java:402)
Caused by: ptolemy.kernel.util.IllegalActionException: TypeTest actor has no training data.
  in .sizedarray3.TypeTest
	at ptolemy.actor.lib.TypeTest.initialize(TypeTest.java:250)
	at ptolemy.actor.Director.initialize(Director.java:938)
	at ptolemy.actor.Director.initialize(Director.java:907)
	at ptolemy.actor.sched.StaticSchedulingDirector.initialize(StaticSchedulingDirector.java:159)
	at ptolemy.domains.sdf.kernel.SDFDirector.initialize(SDFDirector.java:544)
	at ptolemy.actor.CompositeActor.initialize(CompositeActor.java:935)
	at ptolemy.actor.Manager.initialize(Manager.java:724)
	at ptolemy.actor.Manager.execute(Manager.java:356)
	at ptolemy.actor.Manager.run(Manager.java:1263)
	at ptolemy.actor.Manager$PtolemyRunThread.run(Manager.java:1933)
java.lang.reflect.InvocationTargetException
	at java.base/jdk.internal.reflect.NativeConstructorAccessorImpl.newInstance0(Native Method)
	at java.base/jdk.internal.reflect.NativeConstructorAccessorImpl.newInstance(NativeConstructorAccessorImpl.java:62)
	at java.base/jdk.internal.reflect.DelegatingConstructorAccessorImpl.newInstance(DelegatingConstructorAccessorImpl.java:45)
	at java.base/java.lang.reflect.Constructor.newInstance(Constructor.java:490)
	at ptolemy.util.test.junit.AutoKnownFailedTests.RunModel(AutoKnownFailedTests.java:105)
	at java.base/jdk.internal.reflect.NativeMethodAccessorImpl.invoke0(Native Method)
	at java.base/jdk.internal.reflect.NativeMethodAccessorImpl.invoke(NativeMethodAccessorImpl.java:62)
	at java.base/jdk.internal.reflect.DelegatingMethodAccessorImpl.invoke(DelegatingMethodAccessorImpl.java:43)
	at java.base/java.lang.reflect.Method.invoke(Method.java:566)
	at org.junit.runners.model.FrameworkMethod$1.runReflectiveCall(FrameworkMethod.java:44)
	at org.junit.internal.runners.model.ReflectiveCallable.run(ReflectiveCallable.java:15)
	at org.junit.runners.model.FrameworkMethod.invokeExplosively(FrameworkMethod.java:41)
	at junitparams.internal.InvokeParameterisedMethod.evaluate(InvokeParameterisedMethod.java:102)
	at org.junit.internal.runners.statements.FailOnTimeout$1.run(FailOnTimeout.java:28)
Caused by: ptolemy.kernel.util.IllegalActionException: TypeTest actor has no training data.
  in .sizedarray3.TypeTest
	at ptolemy.actor.lib.TypeTest.initialize(TypeTest.java:250)
	at ptolemy.actor.Director.initialize(Director.java:938)
	at ptolemy.actor.Director.initialize(Director.java:907)
	at ptolemy.actor.sched.StaticSchedulingDirector.initialize(StaticSchedulingDirector.java:159)
	at ptolemy.domains.sdf.kernel.SDFDirector.initialize(SDFDirector.java:544)
	at ptolemy.actor.CompositeActor.initialize(CompositeActor.java:935)
	at ptolemy.actor.Manager.initialize(Manager.java:724)
	at ptolemy.actor.Manager.execute(Manager.java:356)
	at ptolemy.actor.Manager.run(Manager.java:1263)
	at ptolemy.actor.Manager$PtolemyRunThread.run(Manager.java:1933)
]]></system-err>
</testsuite>
