<?xml version="1.0" encoding="UTF-8" ?>
<testsuite errors="1" failures="2" hostname="travis-job-0f780e7a-480b-4232-995e-5350f238a59f" name="ptolemy.actor.lib.test.junit.JUnitTclTest" skipped="0" tests="517" time="63.423" timestamp="2019-06-22T04:46:31">
  <properties>
    <property name="npm.executable" value="npm" />
    <property name="env.TRAVIS_ROOT" value="/" />
    <property name="ptII.mk.exists" value="true" />
    <property name="env.TRAVIS_APP_HOST" value="build.travis-ci.org" />
    <property name="env.rvm_bin_path" value="/home/travis/.rvm/bin" />
    <property name="java.home" value="/usr/local/lib/jvm/openjdk11" />
    <property name="env.TRAVIS_JOB_NUMBER" value="1176.8" />
    <property name="env.TRAVIS_HOME" value="/home/travis" />
    <property name="env.DISPLAY" value=":99.0" />
    <property name="env.TRAVIS_INIT" value="systemd" />
    <property name="env.SSH_TTY" value="/dev/pts/0" />
    <property name="java.net.preferIPv4Stack" value="true" />
    <property name="env.RUN_TESTS" value="true" />
    <property name="timeout.short" value="1000000" />
    <property name="junit.formatter" value="xml" />
    <property name="env.TRAVIS_SUDO" value="true" />
    <property name="env.TRAVIS_JOB_NAME" value="" />
    <property name="env.TRAVIS_STACK_NODE_ATTRIBUTES" value="/.node-attributes.yml" />
    <property name="env.LOGNAME" value="travis" />
    <property name="env.PT_TRAVIS_TEST_CORE1_XML" value="true" />
    <property name="jsdoc.home" value="node_modules/@terraswarm/jsdoc" />
    <property name="debuglevel" value="source,lines,vars" />
    <property name="checkstyle.formatter" value="xml" />
    <property name="env._system_version" value="16.04" />
    <property name="bin.vergil.makeable" value="true" />
    <property name="sun.os.patch.level" value="unknown" />
    <property name="java.vendor.url" value="http://java.oracle.com/" />
    <property name="env.TRAVIS_BUILD_WEB_URL" value="https://travis-ci.org/icyphy/ptII/builds/548981913" />
    <property name="java.version" value="11.0.2" />
    <property name="env.TZ" value="UTC" />
    <property name="env.TRAVIS_PULL_REQUEST_SHA" value="" />
    <property name="env.PT_NO_NET" value="true" />
    <property name="env.TRAVIS_SECURE_ENV_VARS" value="true" />
    <property name="env._system_type" value="Linux" />
    <property name="java.vendor.url.bug" value="http://bugreport.java.com/bugreport/" />
    <property name="npmjs-org-is-up" value="true" />
    <property name="env.LANGUAGE" value="en_US.UTF-8" />
    <property name="env.SSH_CLIENT" value="10.10.4.52 35388 22" />
    <property name="env.GEM_HOME" value="/home/travis/.rvm/gems/ruby-2.5.3" />
    <property name="env.HAS_ANTARES_THREE_LITTLE_FRONZIES_BADGE" value="true" />
    <property name="java.version.date" value="2019-01-15" />
    <property name="env.PS4" value="+" />
    <property name="ant.project.invoked-targets" value="build,test.core1.xml" />
    <property name="env.TRAVIS_PULL_REQUEST_BRANCH" value="" />
    <property name="env.TRAVIS_REPO_SLUG" value="icyphy/ptII" />
    <property name="env.XDG_DATA_DIRS" value="/usr/local/share:/usr/share:/var/lib/snapd/desktop" />
    <property name="jdk.debug" value="release" />
    <property name="env.TRAVIS_APT_PROXY" value="http://apt.cache.travis-ci.com" />
    <property name="node.in.path" value="true" />
    <property name="user.name" value="travis" />
    <property name="java.maxmemory" value="1400m" />
    <property name="env.RUBY_VERSION" value="ruby-2.5.3" />
    <property name="env.LANG" value="en_US.UTF-8" />
    <property name="sun.io.unicode.encoding" value="UnicodeLittle" />
    <property name="sun.jnu.encoding" value="UTF-8" />
    <property name="java.runtime.name" value="OpenJDK Runtime Environment" />
    <property name="usefile" value="false" />
    <property name="return.code" value="0" />
    <property name="junit.single.formatter" value="plain" />
    <property name="env.DYLD_LIBRARY_PATH" value="/home/travis/pthla/certi-tools/lib:" />
    <property name="env.DEBIAN_FRONTEND" value="noninteractive" />
    <property name="env.SSH_CONNECTION" value="10.10.4.52 35388 10.20.1.58 22" />
    <property name="env.MYSQL_UNIX_PORT" value="/var/run/mysqld/mysqld.sock" />
    <property name="env.LC_ALL" value="en_US.UTF-8" />
    <property name="env.TRAVIS_ALLOW_FAILURE" value="false" />
    <property name="env.TRAVIS_JOB_WEB_URL" value="https://travis-ci.org/icyphy/ptII/jobs/548981927" />
    <property name="java.specification.name" value="Java Platform API Specification" />
    <property name="node.works" value="true" />
    <property name="user.timezone" value="" />
    <property name="path.separator" value=":" />
    <property name="env.TRAVIS_ENABLE_INFRA_DETECTION" value="true" />
    <property name="env.PYTHON_CFLAGS" value="-g -fstack-protector --param=ssp-buffer-size=4 -Wformat -Werror=format-security" />
    <property name="timeout.long" value="4000000" />
    <property name="env.CERTI_HOME" value="/home/travis/pthla/certi-tools" />
    <property name="ant.file.ptII" value="/home/travis/build/icyphy/ptII/build.xml" />
    <property name="javadoc.packagenames" value="com.*,diva.*,lbnl.*,org.hlacerti.*,org.json.*,org.ptolemy.*,org.terraswarm.*,ptolemy.*,ptserver.*" />
    <property name="file.encoding" value="UTF-8" />
    <property name="env.TRAVIS_PULL_REQUEST_SLUG" value="" />
    <property name="ant.project.default-target" value="build" />
    <property name="env.GIT_ASKPASS" value="echo" />
    <property name="env.HOME" value="/home/travis" />
    <property name="sun.java.command" value="org.apache.tools.ant.taskdefs.optional.junit.JUnitTestRunner ptolemy.actor.lib.test.junit.JUnitTclTest skipNonTests=false filtertrace=true haltOnError=false haltOnFailure=false formatter=org.apache.tools.ant.taskdefs.optional.junit.OutErrSummaryJUnitResultFormatter showoutput=true outputtoformatters=true logfailedtests=true threadid=0 logtestlistenerevents=false formatter=org.apache.tools.ant.taskdefs.optional.junit.XMLJUnitResultFormatter,/home/travis/build/icyphy/ptII/reports/junit/TEST-ptolemy.actor.lib.test.junit.JUnitTclTest.xml crashfile=/home/travis/build/icyphy/ptII/junitvmwatcher9852357546796918539.properties propsfile=/home/travis/build/icyphy/ptII/junit15721706689632057978.properties" />
    <property name="env.COMPOSER_NO_INTERACTION" value="1" />
    <property name="env.MANPATH" value="/home/travis/.nvm/versions/node/v7.10.1/share/man:/home/travis/.rvm/rubies/ruby-2.5.3/share/man:/usr/local/cmake-3.12.4/man:/usr/local/clang-7.0.0/share/man:/usr/local/man:/usr/local/share/man:/usr/share/man:/home/travis/.rvm/man" />
    <property name="env.TRAVIS_TIMER_ID" value="018ffe52" />
    <property name="ant.file" value="/home/travis/build/icyphy/ptII/build.xml" />
    <property name="env.TRAVIS_COMMIT_RANGE" value="21a84221cb4bcd37fabfbb95be95dcadf98df169...02afe38d468878b3a6dab5418f36a6f702f8c5ef" />
    <property name="env._system_name" value="Ubuntu" />
    <property name="ptII.classpath.optional.property" value="/home/travis/build/icyphy/ptII/lib/bsh-2.0b4.jar:/home/travis/build/icyphy/ptII/lib/ptCal.jar:/home/travis/build/icyphy/ptII/lib/java_cup.jar:/home/travis/build/icyphy/ptII/lib/saxon8.jar:/home/travis/build/icyphy/ptII/lib/saxon8-dom.jar:/home/travis/build/icyphy/ptII/lib/chic.jar:/home/travis/build/icyphy/ptII/lib/ptcolt.jar:/home/travis/build/icyphy/ptII/vendors/misc/itext/iText.jar:/home/travis/build/icyphy/ptII/lib/g4ltl.jar:/home/travis/build/icyphy/ptII/lib/StructuralCoder.jar:/home/travis/build/icyphy/ptII/vendors/jai-1_1_2_01/lib/jai_core.jar:/home/travis/build/icyphy/ptII/vendors/jai-1_1_2_01/lib/jai_codec.jar:/home/travis/build/icyphy/ptII/lib/jcerti.jar:/home/travis/build/icyphy/ptII/lib/javax.mail.jar:/home/travis/build/icyphy/ptII/vendors/JMF-2.1.1e/lib/jmf.jar:/home/travis/build/icyphy/ptII/lib/jna-4.0.0-variadic.jar:/home/travis/build/icyphy/ptII/vendors/misc/joystick/Joystick.jar:/home/travis/build/icyphy/ptII/lib/ptjacl.jar:/home/travis/build/icyphy/ptII/lib/jsoup-1.8.2.jar:/home/travis/build/icyphy/ptII/lib/junit-4.8.2.jar:/home/travis/build/icyphy/ptII/lib/JUnitParams-0.4.0.jar:/home/travis/build/icyphy/ptII/ptolemy/actor/lib/excel/jxl.jar:/home/travis/build/icyphy/ptII/lib/jython.jar:/home/travis/build/icyphy/ptII/lib/kieler.jar:/home/travis/build/icyphy/ptII/vendors/opencv/share/OpenCV/java/opencv-341.jar:/home/travis/build/icyphy/ptII/lib/oscP5.jar:/home/travis/build/icyphy/ptII/lib/nrjavaserial-3.11.0.devel.jar:/home/travis/build/icyphy/ptII/vendors/j3d/lib/j3dcore.jar:/home/travis/build/icyphy/ptII/vendors/j3d/lib/j3dutils.jar:/home/travis/build/icyphy/ptII/vendors/j3d/lib/vecmath.jar:/home/travis/build/icyphy/ptII/ptolemy/distributed/jini/jar/jini-core.jar:/home/travis/build/icyphy/ptII/ptolemy/distributed/jini/jar/jini-ext.jar:/home/travis/build/icyphy/ptII/ptolemy/distributed/jini/jar/sun-util.jar:/home/travis/build/icyphy/ptII/lib/protobuf-java-2.4.1.jar:/home/travis/build/icyphy/ptII/lib/org.eclipse.paho.client.mqttv3.jar:/home/travis/build/icyphy/ptII/lib/mapss.jar:/home/travis/build/icyphy/ptII/ptolemy/actor/ptalon/antlr/antlr.jar:/home/travis/build/icyphy/ptII/lib/JRI.jar:/home/travis/build/icyphy/ptII/lib/commons-lang-2.6.jar:/home/travis/build/icyphy/ptII/lib/commons-logging-1.1.1.jar:/home/travis/build/icyphy/ptII/lib/sootclasses.jar:/home/travis/build/icyphy/ptII/ptolemy/actor/lib/database/mysql-connector-java-5.1.6-bin.jar:/home/travis/build/icyphy/ptII/vendors/misc/sphinx4/sphinx4-data-5prealpha.jar:/home/travis/build/icyphy/ptII/vendors/misc/sphinx4/sphinx4-core-5prealpha.jar:/home/travis/build/icyphy/ptII/lib/PDFRenderer.jar:/home/travis/build/icyphy/ptII/lib/svgSalamander.jar:/home/travis/build/icyphy/ptII/lib/rsyntaxtextarea-2.6.0-SNAPSHOT.jar:/home/travis/build/icyphy/ptII/lib/hazelcast-3.8.2.jar:/home/travis/build/icyphy/ptII/lib/jackson-annotations-2.9.0.jar:/home/travis/build/icyphy/ptII/lib/jackson-core-2.9.3.jar:/home/travis/build/icyphy/ptII/lib/jackson-databind-2.9.3.jar:/home/travis/build/icyphy/ptII/lib/netty-buffer-4.1.19.Final.jar:/home/travis/build/icyphy/ptII/lib/netty-codec-4.1.19.Final.jar:/home/travis/build/icyphy/ptII/lib/netty-codec-dns-4.1.19.Final.jar:/home/travis/build/icyphy/ptII/lib/netty-codec-http-4.1.19.Final.jar:/home/travis/build/icyphy/ptII/lib/netty-codec-http2-4.1.19.Final.jar:/home/travis/build/icyphy/ptII/lib/netty-common-4.1.19.Final.jar:/home/travis/build/icyphy/ptII/lib/netty-handler-4.1.19.Final.jar:/home/travis/build/icyphy/ptII/lib/netty-resolver-4.1.19.Final.jar:/home/travis/build/icyphy/ptII/lib/netty-resolver-dns-4.1.19.Final.jar:/home/travis/build/icyphy/ptII/lib/netty-transport-4.1.19.Final.jar:/home/travis/build/icyphy/ptII/lib/vertx-codegen-3.5.1.jar:/home/travis/build/icyphy/ptII/lib/vertx-core-3.5.2-SNAPSHOT.jar:/home/travis/build/icyphy/ptII/lib/vertx-hazelcast-3.5.1.jar:/home/travis/build/icyphy/ptII/lib/vertx-lang-js-3.5.1.jar:/home/travis/build/icyphy/ptII/lib/vertx-service-proxy-3.5.1.jar:/home/travis/build/icyphy/ptII/lib/vertx-web-3.5.1.jar:/home/travis/build/icyphy/ptII/lib/slf4j-api-1.7.13.jar:/home/travis/build/icyphy/ptII/lib/slf4j-simple-1.7.13.jar:/home/travis/build/icyphy/ptII/lib/webcam-capture-0.3.12.jar:/home/travis/build/icyphy/ptII/lib/bridj-0.7.0.jar:/home/travis/build/icyphy/ptII/lib/xbjlib-1.1.0.nrjavaserial.jar" />
    <property name="timeout" value="2400000" />
    <property name="test.batch" value="**/junit/*.java" />
    <property name="env._" value="/usr/bin/timeout" />
    <property name="java.io.tmpdir" value="/tmp" />
    <property name="user.language" value="en" />
    <property name="env.TRAVIS_INTERNAL_RUBY_REGEX" value="^ruby-(2\.[0-4]\.[0-9]|1\.9\.3)" />
    <property name="env.HISTCONTROL" value="ignoredups:ignorespace" />
    <property name="env.GOROOT" value="/home/travis/.gimme/versions/go1.11.1.linux.amd64" />
    <property name="line.separator" value="&#xa;" />
    <property name="target" value="11" />
    <property name="env.TRAVIS_BUILD_DIR" value="/home/travis/build/icyphy/ptII" />
    <property name="env.ANT_OPTS" value="-Xmx2048m" />
    <property name="ant.file.type" value="file" />
    <property name="ptolemy.ptII.batchMode" value="true" />
    <property name="env.HISTSIZE" value="1000" />
    <property name="env.MERB_ENV" value="test" />
    <property name="java.vm.info" value="mixed mode" />
    <property name="source" value="11" />
    <property name="java.vm.specification.name" value="Java Virtual Machine Specification" />
    <property name="env.TRAVIS_TEST_RESULT" value="0" />
    <property name="jsdoc.command" value="node_modules/@terraswarm/jsdoc/jsdoc.js" />
    <property name="npm.works" value="true" />
    <property name="cobertura.dir" value="/home/travis/build/icyphy/ptII/vendors/cobertura-2.0.3" />
    <property name="env.rvm_path" value="/home/travis/.rvm" />
    <property name="env.GEM_PATH" value="/home/travis/.rvm/gems/ruby-2.5.3:/home/travis/.rvm/gems/ruby-2.5.3@global" />
    <property name="env.LC_CTYPE" value="en_US.UTF-8" />
    <property name="env.TRAVIS_CMD" value="$PTII/bin/ptIITravisBuild.sh $SECONDS" />
    <property name="java.awt.printerjob" value="sun.print.PSPrinterJob" />
    <property name="env.TRAVIS_STACK_NAME" value="sardonyx" />
    <property name="env.TRAVIS_TIMER_START_TIME" value="1561178133975054749" />
    <property name="ant.version" value="Apache Ant(TM) version 1.10.1 compiled on February 2 2017" />
    <property name="ptII.reports" value="/home/travis/build/icyphy/ptII/reports" />
    <property name="env.TRAVIS_STACK_TIMESTAMP" value="2019-03-25 16:16:56 UTC" />
    <property name="ant.file.type.ptII" value="file" />
    <property name="env.RBENV_SHELL" value="bash" />
    <property name="os.name" value="Linux" />
    <property name="java.specification.vendor" value="Oracle Corporation" />
    <property name="env.rvm_version" value="1.29.7 (latest)" />
    <property name="env.TRAVIS_INFRA" value="gce" />
    <property name="env.TERM" value="xterm" />
    <property name="java.vm.name" value="OpenJDK 64-Bit Server VM" />
    <property name="env.TRAVIS_BUILD_NUMBER" value="1176" />
    <property name="env.CI" value="true" />
    <property name="java.library.path" value="/home/travis/pthla/certi-tools/lib:/usr/lib/jni:/usr/local/share/OpenCV/java/:/usr/share/OpenCV/java::/usr/java/packages/lib:/usr/lib64:/lib64:/lib:/usr/lib" />
    <property name="env.rvm_prefix" value="/home/travis" />
    <property name="env.PATH" value="/home/travis/pthla/certi-tools/share/scripts:/home/travis/.rvm/gems/ruby-2.5.3/bin:/home/travis/.rvm/gems/ruby-2.5.3@global/bin:/home/travis/.rvm/rubies/ruby-2.5.3/bin:/home/travis/.rvm/bin:/home/travis/.nvm/versions/node/v7.10.1/bin:./node_modules/.bin:/home/travis/build/icyphy/ptII/bin:/home/travis/pthla/certi-tools/bin:/home/travis/bin:/home/travis/.local/bin:/usr/local/lib/jvm/openjdk11/bin:/opt/pyenv/shims:/home/travis/.phpenv/shims:/home/travis/perl5/perlbrew/bin:/home/travis/gopath/bin:/home/travis/.gimme/versions/go1.11.1.linux.amd64/bin:/usr/local/maven-3.6.0/bin:/usr/local/cmake-3.12.4/bin:/usr/local/clang-7.0.0/bin:/usr/local/sbin:/usr/local/bin:/usr/sbin:/usr/bin:/sbin:/bin:/snap/bin:/home/travis/.phpenv/bin:/opt/pyenv/bin:/home/travis/.yarn/bin" />
    <property name="env.TRAVIS_OS_NAME" value="linux" />
    <property name="ant.java.version" value="9" />
    <property name="basedir" value="/home/travis/build/icyphy/ptII" />
    <property name="java.class.version" value="55.0" />
    <property name="env.SHLVL" value="3" />
    <property name="env.LD_LIBRARY_PATH" value="/home/travis/pthla/certi-tools/lib:/usr/lib/jni:/usr/local/share/OpenCV/java/:/usr/share/OpenCV/java:" />
    <property name="env.RACK_ENV" value="test" />
    <property name="ant.home" value="/home/travis/build/icyphy/ptII/ant" />
    <property name="env.NVM_DIR" value="/home/travis/.nvm" />
    <property name="env.CERTI_FOM_PATH" value="/home/travis/pthla/certi-tools/share/federations" />
    <property name="env.TRAVIS_BUILD_ID" value="548981913" />
    <property name="env.PYENV_ROOT" value="/opt/pyenv" />
    <property name="env.TRAVIS_UID" value="2000" />
    <property name="env.NVM_BIN" value="/home/travis/.nvm/versions/node/v7.10.1/bin" />
    <property name="env.TRAVIS_COMMIT" value="02afe38d468878b3a6dab5418f36a6f702f8c5ef" />
    <property name="env._system_arch" value="x86_64" />
    <property name="node.executable" value="node" />
    <property name="sun.boot.library.path" value="/usr/local/lib/jvm/openjdk11/lib" />
    <property name="sun.management.compiler" value="HotSpot 64-Bit Tiered Compilers" />
    <property name="java.awt.graphicsenv" value="sun.awt.X11GraphicsEnvironment" />
    <property name="env.GOPATH" value="/home/travis/gopath" />
    <property name="ptolemy.ptII.dir" value="/home/travis/build/icyphy/ptII" />
    <property name="env.USER" value="travis" />
    <property name="env.HISTFILESIZE" value="2000" />
    <property name="timeout.longest" value="19000000" />
    <property name="env.PERLBREW_SHELLRC_VERSION" value="0.86" />
    <property name="env.TRAVIS_STACK_FEATURES" value="basic couchdb disabled-ipv6 docker docker-compose elasticsearch firefox go-toolchain google-chrome jdk memcached mongodb mysql nodejs_interpreter perl_interpreter perlbrew phantomjs postgresql python_interpreter redis ruby_interpreter sqlite xserver" />
    <property name="env.TRAVIS_PULL_REQUEST" value="false" />
    <property name="env.PYENV_SHELL" value="bash" />
    <property name="ant.project.name" value="ptII" />
    <property name="env.ANSI_RESET" value="\033[0m" />
    <property name="java.vm.specification.version" value="11" />
    <property name="env.TRAVIS_DIST" value="xenial" />
    <property name="env.CERTI_VERSION" value="4.0.0" />
    <property name="env.CERTI_HOST" value="localhost" />
    <property name="awt.toolkit" value="sun.awt.X11.XToolkit" />
    <property name="env.MY_RUBY_HOME" value="/home/travis/.rvm/rubies/ruby-2.5.3" />
    <property name="sun.cpu.isalist" value="" />
    <property name="env.TRAVIS_TMPDIR" value="/tmp/tmp.NsG8HrMIeE" />
    <property name="java.vm.compressedOopsMode" value="Zero based" />
    <property name="os.version" value="4.15.0-1028-gcp" />
    <property name="user.home" value="/home/travis" />
    <property name="java.vm.vendor" value="Oracle Corporation" />
    <property name="env.TRAVIS_TAG" value="nightly" />
    <property name="env.ANSI_YELLOW" value="\033[33;1m" />
    <property name="env.TRAVIS_FILTERED" value="redirect_io" />
    <property name="env.ANSI_GREEN" value="\033[32;1m" />
    <property name="env.JAVA_HOME" value="/usr/local/lib/jvm/openjdk11" />
    <property name="javadoc.excludepackagenames" value="adm.cvs2svn.*,build.*,config.*,doc.coding.templates.*,jni.test.jni.meaningOfLife.*,jni.test.jni.testDeux.*,jni.test.jni.testTrois.*,org.terraswarm.accessor.accessors.web.node_modules.*,org.terraswarm.accessor.accessors.web.hosts.cordova.demo.*,org.terraswarm.accessor.accessors.web.hosts.cordova.plugins.*,org.terraswarm.accessor.accessors-svn.*,pt-modules.*,ptolemy.apps.agilent.*,ptolemy.apps.anytimecontrol.*,ptolemy.apps.apes.*,ptolemy.apps.charon.*,ptolemy.apps.crazyboard.*,ptolemy.apps.eclipse.*,ptolemy.apps.etherealSting.*,ptolemy.apps.fullscreen.*,ptolemy.apps.giotto.*,ptolemy.apps.ia.*,ptolemy.apps.interfaces.*,ptolemy.apps.jmf.*,ptolemy.apps.kurt.*,ptolemy.apps.kvm.*,ptolemy.apps.lego.*,ptolemy.apps.lejos.*,ptolemy.apps.midp.*,ptolemy.apps.mobileCoding.*,ptolemy.apps.pendulum.*,ptolemy.apps.rijndael.*,ptolemy.apps.robot.*,ptolemy.apps.security.*,ptolemy.apps.sobel.*,ptolemy.apps.soot.*,ptolemy.apps.throttle.*,ptolemy.apps.tini.*,ptolemy.apps.transmission.*,ptolemy.apps.vergil.*,ptolemy.apps.waba.*,ptolemy.apps.websensor.*,ptolemy.apps.webstart.*,ptolemy.apps.xsl.*,ptolemy.apps.zaurus.*,ptolemy.codegen.c.actor.lib.oldJavaFiles.*,ptolemy.codegen.dsp.lib.*,ptolemy.codegen.kernel.newInterfaces.*,ptolemy.codegen.lib.*,ptolemy.copernicus.kernel.fragment.*,ptolemy.copernicus.shallow.cg.*,ptolemy.domains.giotto.demo.Hierarchy.Hierarchy.*,ptolemy.domains.giotto.demo.Multimode.Multimode.*,ptolemy.domains.giotto.demo.Simple.Simple.*,ptolemy.domains.gr.lib.experimental.*,ptolemy.domains.gro.*,ptolemy.domains.pdf.*,ptolemy.domains.ptinyos.demo.Surge.output.*,ptolemy.moml.test.NoPackageActor.java*,ptolemy.plot.adm.*,ptolemy.plot.servlet.*,reports.*,signed.*,src.*,target.*,vendors.*,ptolemy.copernicus.applet.*,ptolemy.media.viewer.*,ptolemy.actor.corba.*,doc.doclets.*,ptolemy.apps.eclipse.awt.*,ptolemy.backtrack.*,ptolemy.backtrack.ast.*,ptolemy.cg.adapter.generic.program.procedural.c.mbed*,ptolemy.homer.*,ptolemy.actor.lib.jjs.modules.audio.*,org.ptolemy.scala.*,diva.util.java2d.svg.*,ptolemy.domains.ptinyos.*,ptolemy.actor.lib.fmi.fmipp.*,,org.terraswarm.accessor.accessors.web.node_modules.*,org.terraswarm.accessor.accessors-svn,ptolemy.apps.*,ptolemy.actor.ptalon.demo.ptinyos.SendAndReceiveCnt.output,ptolemy.actor.ptalon.demo.ptinyos.SenseToLeds.output,ptolemy.domains.ptinyos.demo.CntToLedsAndRfm.output,ptolemy.domains.ptinyos.demo.RfmToLeds.output,ptolemy.domains.ptinyos.demo.SendAndReceiveCnt.output,ptolemy.domains.ptinyos.demo.SenseToLeds.output,ptolemy.actor.lib.jjs.modules.udpSocket.*" />
    <property name="env.PTII" value="/home/travis/build/icyphy/ptII" />
    <property name="env.XDG_SESSION_ID" value="2" />
    <property name="keystore" value="ptKeystore" />
    <property name="env.TRAVIS_COMMIT_MESSAGE" value="Updated Travis yml file to start xvfb using services." />
    <property name="junit.output.dir" value="/home/travis/build/icyphy/ptII/reports/junit" />
    <property name="npm.return.code" value="0" />
    <property name="user.dir" value="/home/travis/build/icyphy/ptII/ptolemy/actor/lib/test" />
    <property name="env.TRAVIS_NODE_VERSION" value="7" />
    <property name="env.TRAVIS_EVENT_TYPE" value="cron" />
    <property name="env.MAIL" value="/var/mail/travis" />
    <property name="env.PERLBREW_ROOT" value="/home/travis/perl5/perlbrew" />
    <property name="env.PWD" value="/home/travis/build/icyphy/ptII" />
    <property name="timeout.npm" value="45000" />
    <property name="env.TRAVIS_ARCH" value="amd64" />
    <property name="sun.cpu.endian" value="little" />
    <property name="env.PAGER" value="cat" />
    <property name="env.TRAVIS_BUILD_STAGE_NAME" value="Test" />
    <property name="env.PERLBREW_HOME" value="/home/travis/.perlbrew" />
    <property name="java.vm.version" value="11.0.2+9" />
    <property name="env.RAILS_ENV" value="test" />
    <property name="java.class.path" value="/home/travis/.ptolemyII:/home/travis/.ptolemyII/*:/home/travis/build/icyphy/ptII:/home/travis/build/icyphy/ptII/lib/bsh-2.0b4.jar:/home/travis/build/icyphy/ptII/lib/ptCal.jar:/home/travis/build/icyphy/ptII/lib/java_cup.jar:/home/travis/build/icyphy/ptII/lib/saxon8.jar:/home/travis/build/icyphy/ptII/lib/saxon8-dom.jar:/home/travis/build/icyphy/ptII/lib/chic.jar:/home/travis/build/icyphy/ptII/lib/ptcolt.jar:/home/travis/build/icyphy/ptII/vendors/misc/itext/iText.jar:/home/travis/build/icyphy/ptII/lib/g4ltl.jar:/home/travis/build/icyphy/ptII/lib/StructuralCoder.jar:/home/travis/build/icyphy/ptII/vendors/jai-1_1_2_01/lib/jai_core.jar:/home/travis/build/icyphy/ptII/vendors/jai-1_1_2_01/lib/jai_codec.jar:/home/travis/build/icyphy/ptII/lib/jcerti.jar:/home/travis/build/icyphy/ptII/lib/javax.mail.jar:/home/travis/build/icyphy/ptII/vendors/JMF-2.1.1e/lib/jmf.jar:/home/travis/build/icyphy/ptII/lib/jna-4.0.0-variadic.jar:/home/travis/build/icyphy/ptII/vendors/misc/joystick/Joystick.jar:/home/travis/build/icyphy/ptII/lib/ptjacl.jar:/home/travis/build/icyphy/ptII/lib/jsoup-1.8.2.jar:/home/travis/build/icyphy/ptII/lib/junit-4.8.2.jar:/home/travis/build/icyphy/ptII/lib/JUnitParams-0.4.0.jar:/home/travis/build/icyphy/ptII/ptolemy/actor/lib/excel/jxl.jar:/home/travis/build/icyphy/ptII/lib/jython.jar:/home/travis/build/icyphy/ptII/lib/kieler.jar:/home/travis/build/icyphy/ptII/vendors/opencv/share/OpenCV/java/opencv-341.jar:/home/travis/build/icyphy/ptII/lib/oscP5.jar:/home/travis/build/icyphy/ptII/lib/nrjavaserial-3.11.0.devel.jar:/home/travis/build/icyphy/ptII/vendors/j3d/lib/j3dcore.jar:/home/travis/build/icyphy/ptII/vendors/j3d/lib/j3dutils.jar:/home/travis/build/icyphy/ptII/vendors/j3d/lib/vecmath.jar:/home/travis/build/icyphy/ptII/ptolemy/distributed/jini/jar/jini-core.jar:/home/travis/build/icyphy/ptII/ptolemy/distributed/jini/jar/jini-ext.jar:/home/travis/build/icyphy/ptII/ptolemy/distributed/jini/jar/sun-util.jar:/home/travis/build/icyphy/ptII/lib/protobuf-java-2.4.1.jar:/home/travis/build/icyphy/ptII/lib/org.eclipse.paho.client.mqttv3.jar:/home/travis/build/icyphy/ptII/lib/mapss.jar:/home/travis/build/icyphy/ptII/ptolemy/actor/ptalon/antlr/antlr.jar:/home/travis/build/icyphy/ptII/lib/JRI.jar:/home/travis/build/icyphy/ptII/lib/commons-lang-2.6.jar:/home/travis/build/icyphy/ptII/lib/commons-logging-1.1.1.jar:/home/travis/build/icyphy/ptII/lib/sootclasses.jar:/home/travis/build/icyphy/ptII/ptolemy/actor/lib/database/mysql-connector-java-5.1.6-bin.jar:/home/travis/build/icyphy/ptII/vendors/misc/sphinx4/sphinx4-data-5prealpha.jar:/home/travis/build/icyphy/ptII/vendors/misc/sphinx4/sphinx4-core-5prealpha.jar:/home/travis/build/icyphy/ptII/lib/PDFRenderer.jar:/home/travis/build/icyphy/ptII/lib/svgSalamander.jar:/home/travis/build/icyphy/ptII/lib/rsyntaxtextarea-2.6.0-SNAPSHOT.jar:/home/travis/build/icyphy/ptII/lib/hazelcast-3.8.2.jar:/home/travis/build/icyphy/ptII/lib/jackson-annotations-2.9.0.jar:/home/travis/build/icyphy/ptII/lib/jackson-core-2.9.3.jar:/home/travis/build/icyphy/ptII/lib/jackson-databind-2.9.3.jar:/home/travis/build/icyphy/ptII/lib/netty-buffer-4.1.19.Final.jar:/home/travis/build/icyphy/ptII/lib/netty-codec-4.1.19.Final.jar:/home/travis/build/icyphy/ptII/lib/netty-codec-dns-4.1.19.Final.jar:/home/travis/build/icyphy/ptII/lib/netty-codec-http-4.1.19.Final.jar:/home/travis/build/icyphy/ptII/lib/netty-codec-http2-4.1.19.Final.jar:/home/travis/build/icyphy/ptII/lib/netty-common-4.1.19.Final.jar:/home/travis/build/icyphy/ptII/lib/netty-handler-4.1.19.Final.jar:/home/travis/build/icyphy/ptII/lib/netty-resolver-4.1.19.Final.jar:/home/travis/build/icyphy/ptII/lib/netty-resolver-dns-4.1.19.Final.jar:/home/travis/build/icyphy/ptII/lib/netty-transport-4.1.19.Final.jar:/home/travis/build/icyphy/ptII/lib/vertx-codegen-3.5.1.jar:/home/travis/build/icyphy/ptII/lib/vertx-core-3.5.2-SNAPSHOT.jar:/home/travis/build/icyphy/ptII/lib/vertx-hazelcast-3.5.1.jar:/home/travis/build/icyphy/ptII/lib/vertx-lang-js-3.5.1.jar:/home/travis/build/icyphy/ptII/lib/vertx-service-proxy-3.5.1.jar:/home/travis/build/icyphy/ptII/lib/vertx-web-3.5.1.jar:/home/travis/build/icyphy/ptII/lib/slf4j-api-1.7.13.jar:/home/travis/build/icyphy/ptII/lib/slf4j-simple-1.7.13.jar:/home/travis/build/icyphy/ptII/lib/webcam-capture-0.3.12.jar:/home/travis/build/icyphy/ptII/lib/bridj-0.7.0.jar:/home/travis/build/icyphy/ptII/lib/xbjlib-1.1.0.nrjavaserial.jar:/home/travis/build/icyphy/ptII/ptolemy/moml/test:/home/travis/build/icyphy/ptII/ant/lib/ant-launcher.jar:/home/travis/build/icyphy/ptII/ant/lib/ant.jar:/home/travis/build/icyphy/ptII/ant/lib/ant-junit.jar:/home/travis/build/icyphy/ptII/ant/lib/ant-junit4.jar" />
    <property name="ant.library.dir" value="/home/travis/build/icyphy/ptII/ant/lib" />
    <property name="os.arch" value="amd64" />
    <property name="env.CONTINUOUS_INTEGRATION" value="true" />
    <property name="env.TRAVIS_LANGUAGE" value="node_js" />
    <property name="env.TRAVIS_STACK_LANGUAGES" value="__sardonyx__ c c++ clojure cplusplus cpp default generic go groovy java node_js php pure_java python ruby scala" />
    <property name="test.name" value="ptolemy.actor.lib.test.junit.JUnitTclTest" />
    <property name="env.APT_KEY_DONT_WARN_ON_DANGEROUS_USAGE" value="1" />
    <property name="sun.java.launcher" value="SUN_STANDARD" />
    <property name="env.PYTHON_CONFIGURE_OPTS" value="--enable-unicode=ucs4 --with-wide-unicode --enable-shared --enable-ipv6 --enable-loadable-sqlite-extensions --with-computed-gotos" />
    <property name="ant.core.lib" value="/home/travis/build/icyphy/ptII/ant/lib/ant.jar" />
    <property name="java.vm.specification.vendor" value="Oracle Corporation" />
    <property name="env.BCVTB_HOME" value="/home/travis/build/icyphy/ptII/lbnl" />
    <property name="file.separator" value="/" />
    <property name="spotbugs.home" value="/home/travis/build/icyphy/ptII/vendors/spotbugs-3.1.1" />
    <property name="java.runtime.version" value="11.0.2+9" />
    <property name="env.ANSI_CLEAR" value="\033[0K" />
    <property name="env.HAS_JOSH_K_SEAL_OF_APPROVAL" value="true" />
    <property name="env.XDG_RUNTIME_DIR" value="/run/user/2000" />
    <property name="env.TRAVIS_OSX_IMAGE" value="" />
    <property name="env.TRAVIS_JOB_ID" value="548981927" />
    <property name="env.TRAVIS_BRANCH" value="master" />
    <property name="user.country" value="US" />
    <property name="env.CERTI_HOME_TRAVIS" value="/home/travis/pthla/certi-tools" />
    <property name="env.SHELL" value="/bin/bash" />
    <property name="java.maxmemory.large" value="5000m" />
    <property name="model" value="" />
    <property name="env.CASHER_DIR" value="/home/travis/.casher" />
    <property name="env.NVM_CD_FLAGS" value="" />
    <property name="java.vendor.version" value="18.9" />
    <property name="jshint.executable" value="/home/travis/node_modules/jshint/bin/jshint" />
    <property name="env.JRUBY_OPTS" value=" --client -J-XX:+TieredCompilation -J-XX:TieredStopAtLevel=1 -J-Xss2m -Xcompile.invokedynamic=false" />
    <property name="java.vendor" value="Oracle Corporation" />
    <property name="env.TRAVIS_PRE_CHEF_BOOTSTRAP_TIME" value="2019-03-25T16:16:42" />
    <property name="env.TRAVIS_STACK_JOB_BOARD_REGISTER" value="/.job-board-register.yml" />
    <property name="env.ANSI_RED" value="\033[31;1m" />
    <property name="java.specification.version" value="11" />
    <property name="env.IRBRC" value="/home/travis/.rvm/rubies/ruby-2.5.3/.irbrc" />
    <property name="env.TRAVIS" value="true" />
    <property name="sun.arch.data.model" value="64" />
  </properties>
  <testcase classname="ptolemy.util.test.junit.TclTests" name="[0] /home/travis/build/icyphy/ptII/ptolemy/actor/lib/test/AbsoluteValue.tcl (RunTclFile)" time="0.487" />
  <testcase classname="ptolemy.util.test.junit.TclTests" name="[1] /home/travis/build/icyphy/ptII/ptolemy/actor/lib/test/AddSubtract.tcl (RunTclFile)" time="0.222" />
  <testcase classname="ptolemy.util.test.junit.TclTests" name="[2] /home/travis/build/icyphy/ptII/ptolemy/actor/lib/test/Average.tcl (RunTclFile)" time="0.044" />
  <testcase classname="ptolemy.util.test.junit.TclTests" name="[3] /home/travis/build/icyphy/ptII/ptolemy/actor/lib/test/Bernoulli.tcl (RunTclFile)" time="0.017" />
  <testcase classname="ptolemy.util.test.junit.TclTests" name="[4] /home/travis/build/icyphy/ptII/ptolemy/actor/lib/test/Clock.tcl (RunTclFile)" time="0.089" />
  <testcase classname="ptolemy.util.test.junit.TclTests" name="[5] /home/travis/build/icyphy/ptII/ptolemy/actor/lib/test/Commutator.tcl (RunTclFile)" time="0.182">
    <failure message="Number of failed tests is has increased. expected:&lt;0&gt; but was:&lt;1&gt;" type="junit.framework.AssertionFailedError">junit.framework.AssertionFailedError: Number of failed tests is has increased. expected:&lt;0&gt; but was:&lt;1&gt;
	at ptolemy.util.test.junit.TclTests.RunTclFile(TclTests.java:286)
	at java.base/jdk.internal.reflect.NativeMethodAccessorImpl.invoke0(Native Method)
	at java.base/jdk.internal.reflect.NativeMethodAccessorImpl.invoke(NativeMethodAccessorImpl.java:62)
	at java.base/jdk.internal.reflect.DelegatingMethodAccessorImpl.invoke(DelegatingMethodAccessorImpl.java:43)
	at junitparams.internal.InvokeParameterisedMethod.evaluate(InvokeParameterisedMethod.java:102)
	at junitparams.internal.ParameterisedTestMethodRunner.runMethodInvoker(ParameterisedTestMethodRunner.java:47)
	at junitparams.internal.ParameterisedTestMethodRunner.runTestMethod(ParameterisedTestMethodRunner.java:41)
	at junitparams.internal.ParameterisedTestClassRunner.runParameterisedTest(ParameterisedTestClassRunner.java:143)
	at junitparams.JUnitParamsRunner.runChild(JUnitParamsRunner.java:237)
	at junitparams.JUnitParamsRunner.runChild(JUnitParamsRunner.java:215)
</failure>
  </testcase>
  <testcase classname="ptolemy.util.test.junit.TclTests" name="[6] /home/travis/build/icyphy/ptII/ptolemy/actor/lib/test/Const.tcl (RunTclFile)" time="0.129" />
  <testcase classname="ptolemy.util.test.junit.TclTests" name="[7] /home/travis/build/icyphy/ptII/ptolemy/actor/lib/test/CurrentTime.tcl (RunTclFile)" time="0.025" />
  <testcase classname="ptolemy.util.test.junit.TclTests" name="[8] /home/travis/build/icyphy/ptII/ptolemy/actor/lib/test/DB.tcl (RunTclFile)" time="0.041" />
  <testcase classname="ptolemy.util.test.junit.TclTests" name="[9] /home/travis/build/icyphy/ptII/ptolemy/actor/lib/test/DiscreteRandomSource.tcl (RunTclFile)" time="0.035" />
  <testcase classname="ptolemy.util.test.junit.TclTests" name="[10] /home/travis/build/icyphy/ptII/ptolemy/actor/lib/test/Distributor.tcl (RunTclFile)" time="0.063" />
  <testcase classname="ptolemy.util.test.junit.TclTests" name="[11] /home/travis/build/icyphy/ptII/ptolemy/actor/lib/test/Exit.tcl (RunTclFile)" time="0.103" />
  <testcase classname="ptolemy.util.test.junit.TclTests" name="[12] /home/travis/build/icyphy/ptII/ptolemy/actor/lib/test/Expression.tcl (RunTclFile)" time="0.149" />
  <testcase classname="ptolemy.util.test.junit.TclTests" name="[13] /home/travis/build/icyphy/ptII/ptolemy/actor/lib/test/Gaussian.tcl (RunTclFile)" time="0.59" />
  <testcase classname="ptolemy.util.test.junit.TclTests" name="[14] /home/travis/build/icyphy/ptII/ptolemy/actor/lib/test/IIR.tcl (RunTclFile)" time="0.04" />
  <testcase classname="ptolemy.util.test.junit.TclTests" name="[15] /home/travis/build/icyphy/ptII/ptolemy/actor/lib/test/Interpolator.tcl (RunTclFile)" time="0.107" />
  <testcase classname="ptolemy.util.test.junit.TclTests" name="[16] /home/travis/build/icyphy/ptII/ptolemy/actor/lib/test/MathFunction.tcl (RunTclFile)" time="0.117" />
  <testcase classname="ptolemy.util.test.junit.TclTests" name="[17] /home/travis/build/icyphy/ptII/ptolemy/actor/lib/test/Maximum.tcl (RunTclFile)" time="0.03" />
  <testcase classname="ptolemy.util.test.junit.TclTests" name="[18] /home/travis/build/icyphy/ptII/ptolemy/actor/lib/test/Minimum.tcl (RunTclFile)" time="0.02" />
  <testcase classname="ptolemy.util.test.junit.TclTests" name="[19] /home/travis/build/icyphy/ptII/ptolemy/actor/lib/test/MultiplyDivide.tcl (RunTclFile)" time="0.044" />
  <testcase classname="ptolemy.util.test.junit.TclTests" name="[20] /home/travis/build/icyphy/ptII/ptolemy/actor/lib/test/OrderedMerge.tcl (RunTclFile)" time="0.137" />
  <testcase classname="ptolemy.util.test.junit.TclTests" name="[21] /home/travis/build/icyphy/ptII/ptolemy/actor/lib/test/Publisher.tcl (RunTclFile)" time="0.841" />
  <testcase classname="ptolemy.util.test.junit.TclTests" name="[22] /home/travis/build/icyphy/ptII/ptolemy/actor/lib/test/Pulse.tcl (RunTclFile)" time="0.064" />
  <testcase classname="ptolemy.util.test.junit.TclTests" name="[23] /home/travis/build/icyphy/ptII/ptolemy/actor/lib/test/Ramp.tcl (RunTclFile)" time="2.247" />
  <testcase classname="ptolemy.util.test.junit.TclTests" name="[24] /home/travis/build/icyphy/ptII/ptolemy/actor/lib/test/RampContinuous.tcl (RunTclFile)" time="0.025" />
  <testcase classname="ptolemy.util.test.junit.TclTests" name="[25] /home/travis/build/icyphy/ptII/ptolemy/actor/lib/test/RecordAssembler.tcl (RunTclFile)" time="0.018" />
  <testcase classname="ptolemy.util.test.junit.TclTests" name="[26] /home/travis/build/icyphy/ptII/ptolemy/actor/lib/test/RecordDisassembler.tcl (RunTclFile)" time="0.036" />
  <testcase classname="ptolemy.util.test.junit.TclTests" name="[27] /home/travis/build/icyphy/ptII/ptolemy/actor/lib/test/Scale.tcl (RunTclFile)" time="0.022" />
  <testcase classname="ptolemy.util.test.junit.TclTests" name="[28] /home/travis/build/icyphy/ptII/ptolemy/actor/lib/test/SequentialClock.tcl (RunTclFile)" time="0.011" />
  <testcase classname="ptolemy.util.test.junit.TclTests" name="[29] /home/travis/build/icyphy/ptII/ptolemy/actor/lib/test/SetVariable.tcl (RunTclFile)" time="0.02">
    <failure message="Number of failed tests is has increased. expected:&lt;1&gt; but was:&lt;2&gt;" type="junit.framework.AssertionFailedError">junit.framework.AssertionFailedError: Number of failed tests is has increased. expected:&lt;1&gt; but was:&lt;2&gt;
	at ptolemy.util.test.junit.TclTests.RunTclFile(TclTests.java:286)
	at jdk.internal.reflect.GeneratedMethodAccessor19.invoke(Unknown Source)
	at java.base/jdk.internal.reflect.DelegatingMethodAccessorImpl.invoke(DelegatingMethodAccessorImpl.java:43)
	at junitparams.internal.InvokeParameterisedMethod.evaluate(InvokeParameterisedMethod.java:102)
	at junitparams.internal.ParameterisedTestMethodRunner.runMethodInvoker(ParameterisedTestMethodRunner.java:47)
	at junitparams.internal.ParameterisedTestMethodRunner.runTestMethod(ParameterisedTestMethodRunner.java:41)
	at junitparams.internal.ParameterisedTestClassRunner.runParameterisedTest(ParameterisedTestClassRunner.java:143)
	at junitparams.JUnitParamsRunner.runChild(JUnitParamsRunner.java:237)
	at junitparams.JUnitParamsRunner.runChild(JUnitParamsRunner.java:215)
</failure>
  </testcase>
  <testcase classname="ptolemy.util.test.junit.TclTests" name="[30] /home/travis/build/icyphy/ptII/ptolemy/actor/lib/test/Sinewave.tcl (RunTclFile)" time="0.036" />
  <testcase classname="ptolemy.util.test.junit.TclTests" name="[31] /home/travis/build/icyphy/ptII/ptolemy/actor/lib/test/SubscriptionAggregator.tcl (RunTclFile)" time="2.145" />
  <testcase classname="ptolemy.util.test.junit.TclTests" name="[32] /home/travis/build/icyphy/ptII/ptolemy/actor/lib/test/Test.tcl (RunTclFile)" time="0.146" />
  <testcase classname="ptolemy.util.test.junit.TclTests" name="[33] /home/travis/build/icyphy/ptII/ptolemy/actor/lib/test/TestExceptionHandler.tcl (RunTclFile)" time="0.015" />
  <testcase classname="ptolemy.util.test.junit.TclTests" name="[34] /home/travis/build/icyphy/ptII/ptolemy/actor/lib/test/UnionDisassembler.tcl (RunTclFile)" time="0.066" />
  <testcase classname="ptolemy.util.test.junit.TclTests" name="[35] /home/travis/build/icyphy/ptII/ptolemy/actor/lib/test/VariableClock.tcl (RunTclFile)" time="0.03" />
  <testcase classname="ptolemy.util.test.junit.AutoKnownFailedTests" name="[0] /home/travis/build/icyphy/ptII/ptolemy/actor/lib/test/auto/knownFailedTests/PublisherPortToplevelSubscriber.xml (RunModel)" time="0.032" />
  <testcase classname="ptolemy.util.test.junit.AutoKnownFailedTests" name="[1] /home/travis/build/icyphy/ptII/ptolemy/actor/lib/test/auto/knownFailedTests/PublisherSubscriberPortToplevel.xml (RunModel)" time="0.026" />
  <testcase classname="ptolemy.util.test.junit.AutoKnownFailedTests" name="[2] /home/travis/build/icyphy/ptII/ptolemy/actor/lib/test/auto/knownFailedTests/PublisherSubscriptionAggregatorPort.xml (RunModel)" time="0.024" />
  <testcase classname="ptolemy.util.test.junit.AutoKnownFailedTests" name="[3] /home/travis/build/icyphy/ptII/ptolemy/actor/lib/test/auto/knownFailedTests/sizedarray3.xml (RunModel)" time="0.029" />
  <testcase classname="ptolemy.util.test.junit.AutoNameArchTests" name="[0] ThereAreNoAutoArchTests (RunModel)" time="0.01" />
  <testcase classname="ptolemy.util.test.junit.AutoTests" name="[0] /home/travis/build/icyphy/ptII/ptolemy/actor/lib/test/auto/AbsoluteValue.xml (RunModel)" time="0.127" />
  <testcase classname="ptolemy.util.test.junit.AutoTests" name="[1] /home/travis/build/icyphy/ptII/ptolemy/actor/lib/test/auto/AbsoluteValue2.xml (RunModel)" time="0.08" />
  <testcase classname="ptolemy.util.test.junit.AutoTests" name="[2] /home/travis/build/icyphy/ptII/ptolemy/actor/lib/test/auto/Accumulator.xml (RunModel)" time="0.169" />
  <testcase classname="ptolemy.util.test.junit.AutoTests" name="[3] /home/travis/build/icyphy/ptII/ptolemy/actor/lib/test/auto/Accumulator2.xml (RunModel)" time="0.017" />
  <testcase classname="ptolemy.util.test.junit.AutoTests" name="[4] /home/travis/build/icyphy/ptII/ptolemy/actor/lib/test/auto/Accumulator3.xml (RunModel)" time="0.023" />
  <testcase classname="ptolemy.util.test.junit.AutoTests" name="[5] /home/travis/build/icyphy/ptII/ptolemy/actor/lib/test/auto/ArrayAppend.xml (RunModel)" time="0.056" />
  <testcase classname="ptolemy.util.test.junit.AutoTests" name="[6] /home/travis/build/icyphy/ptII/ptolemy/actor/lib/test/auto/ArrayAppend2.xml (RunModel)" time="0.357" />
  <testcase classname="ptolemy.util.test.junit.AutoTests" name="[7] /home/travis/build/icyphy/ptII/ptolemy/actor/lib/test/auto/ArrayAppend3.xml (RunModel)" time="0.039" />
  <testcase classname="ptolemy.util.test.junit.AutoTests" name="[8] /home/travis/build/icyphy/ptII/ptolemy/actor/lib/test/auto/ArrayAppend4.xml (RunModel)" time="0.02" />
  <testcase classname="ptolemy.util.test.junit.AutoTests" name="[9] /home/travis/build/icyphy/ptII/ptolemy/actor/lib/test/auto/ArrayAppend5.xml (RunModel)" time="0.016" />
  <testcase classname="ptolemy.util.test.junit.AutoTests" name="[10] /home/travis/build/icyphy/ptII/ptolemy/actor/lib/test/auto/ArrayAppend6.xml (RunModel)" time="0.02" />
  <testcase classname="ptolemy.util.test.junit.AutoTests" name="[11] /home/travis/build/icyphy/ptII/ptolemy/actor/lib/test/auto/ArrayAppendPerformanceTest.xml (RunModel)" time="0.068" />
  <testcase classname="ptolemy.util.test.junit.AutoTests" name="[12] /home/travis/build/icyphy/ptII/ptolemy/actor/lib/test/auto/ArrayAppendWithEmptyInput.xml (RunModel)" time="0.044" />
  <testcase classname="ptolemy.util.test.junit.AutoTests" name="[13] /home/travis/build/icyphy/ptII/ptolemy/actor/lib/test/auto/ArrayAverage.xml (RunModel)" time="0.049" />
  <testcase classname="ptolemy.util.test.junit.AutoTests" name="[14] /home/travis/build/icyphy/ptII/ptolemy/actor/lib/test/auto/ArrayContains.xml (RunModel)" time="0.114" />
  <testcase classname="ptolemy.util.test.junit.AutoTests" name="[15] /home/travis/build/icyphy/ptII/ptolemy/actor/lib/test/auto/ArrayElement.xml (RunModel)" time="0.021" />
  <testcase classname="ptolemy.util.test.junit.AutoTests" name="[16] /home/travis/build/icyphy/ptII/ptolemy/actor/lib/test/auto/ArrayElementAsMatrix.xml (RunModel)" time="0.056" />
  <testcase classname="ptolemy.util.test.junit.AutoTests" name="[17] /home/travis/build/icyphy/ptII/ptolemy/actor/lib/test/auto/ArrayElementI.xml (RunModel)" time="0.024" />
  <testcase classname="ptolemy.util.test.junit.AutoTests" name="[18] /home/travis/build/icyphy/ptII/ptolemy/actor/lib/test/auto/ArrayExtract.xml (RunModel)" time="0.047" />
  <testcase classname="ptolemy.util.test.junit.AutoTests" name="[19] /home/travis/build/icyphy/ptII/ptolemy/actor/lib/test/auto/ArrayExtract2.xml (RunModel)" time="0.022" />
  <testcase classname="ptolemy.util.test.junit.AutoTests" name="[20] /home/travis/build/icyphy/ptII/ptolemy/actor/lib/test/auto/ArrayLength.xml (RunModel)" time="0.026" />
  <testcase classname="ptolemy.util.test.junit.AutoTests" name="[21] /home/travis/build/icyphy/ptII/ptolemy/actor/lib/test/auto/ArrayLevelCrossing.xml (RunModel)" time="0.034" />
  <testcase classname="ptolemy.util.test.junit.AutoTests" name="[22] /home/travis/build/icyphy/ptII/ptolemy/actor/lib/test/auto/ArrayLevelCrossing2.xml (RunModel)" time="0.031" />
  <testcase classname="ptolemy.util.test.junit.AutoTests" name="[23] /home/travis/build/icyphy/ptII/ptolemy/actor/lib/test/auto/ArrayPeakSearch.xml (RunModel)" time="0.046" />
  <testcase classname="ptolemy.util.test.junit.AutoTests" name="[24] /home/travis/build/icyphy/ptII/ptolemy/actor/lib/test/auto/ArrayPeakSearch2.xml (RunModel)" time="0.048" />
  <testcase classname="ptolemy.util.test.junit.AutoTests" name="[25] /home/travis/build/icyphy/ptII/ptolemy/actor/lib/test/auto/ArrayPeakSearch3.xml (RunModel)" time="0.044" />
  <testcase classname="ptolemy.util.test.junit.AutoTests" name="[26] /home/travis/build/icyphy/ptII/ptolemy/actor/lib/test/auto/ArrayRemoveElement.xml (RunModel)" time="0.034" />
  <testcase classname="ptolemy.util.test.junit.AutoTests" name="[27] /home/travis/build/icyphy/ptII/ptolemy/actor/lib/test/auto/ArraySort.xml (RunModel)" time="0.043" />
  <testcase classname="ptolemy.util.test.junit.AutoTests" name="[28] /home/travis/build/icyphy/ptII/ptolemy/actor/lib/test/auto/ArraySum.xml (RunModel)" time="0.024" />
  <testcase classname="ptolemy.util.test.junit.AutoTests" name="[29] /home/travis/build/icyphy/ptII/ptolemy/actor/lib/test/auto/ArrayToElements.xml (RunModel)" time="0.029" />
  <testcase classname="ptolemy.util.test.junit.AutoTests" name="[30] /home/travis/build/icyphy/ptII/ptolemy/actor/lib/test/auto/ArrayToMatrix.xml (RunModel)" time="0.067" />
  <testcase classname="ptolemy.util.test.junit.AutoTests" name="[31] /home/travis/build/icyphy/ptII/ptolemy/actor/lib/test/auto/ArrayUpdate1.xml (RunModel)" time="0.016" />
  <testcase classname="ptolemy.util.test.junit.AutoTests" name="[32] /home/travis/build/icyphy/ptII/ptolemy/actor/lib/test/auto/ArrayUpdate2.xml (RunModel)" time="0.023" />
  <testcase classname="ptolemy.util.test.junit.AutoTests" name="[33] /home/travis/build/icyphy/ptII/ptolemy/actor/lib/test/auto/ArrayUpdate3.xml (RunModel)" time="0.022" />
  <testcase classname="ptolemy.util.test.junit.AutoTests" name="[34] /home/travis/build/icyphy/ptII/ptolemy/actor/lib/test/auto/Assert1.xml (RunModel)" time="0.024" />
  <testcase classname="ptolemy.util.test.junit.AutoTests" name="[35] /home/travis/build/icyphy/ptII/ptolemy/actor/lib/test/auto/Assert2.xml (RunModel)" time="0.014" />
  <testcase classname="ptolemy.util.test.junit.AutoTests" name="[36] /home/travis/build/icyphy/ptII/ptolemy/actor/lib/test/auto/BooleanMultiplexor.xml (RunModel)" time="0.023" />
  <testcase classname="ptolemy.util.test.junit.AutoTests" name="[37] /home/travis/build/icyphy/ptII/ptolemy/actor/lib/test/auto/BooleanMultiplexor2.xml (RunModel)" time="0.031" />
  <testcase classname="ptolemy.util.test.junit.AutoTests" name="[38] /home/travis/build/icyphy/ptII/ptolemy/actor/lib/test/auto/BooleanMultiplexor3.xml (RunModel)" time="0.03" />
  <testcase classname="ptolemy.util.test.junit.AutoTests" name="[39] /home/travis/build/icyphy/ptII/ptolemy/actor/lib/test/auto/BooleanSelect.xml (RunModel)" time="0.033" />
  <testcase classname="ptolemy.util.test.junit.AutoTests" name="[40] /home/travis/build/icyphy/ptII/ptolemy/actor/lib/test/auto/BooleanSelect2.xml (RunModel)" time="0.021" />
  <testcase classname="ptolemy.util.test.junit.AutoTests" name="[41] /home/travis/build/icyphy/ptII/ptolemy/actor/lib/test/auto/BooleanSwitch.xml (RunModel)" time="0.025" />
  <testcase classname="ptolemy.util.test.junit.AutoTests" name="[42] /home/travis/build/icyphy/ptII/ptolemy/actor/lib/test/auto/BooleanSwitch2.xml (RunModel)" time="0.015" />
  <testcase classname="ptolemy.util.test.junit.AutoTests" name="[43] /home/travis/build/icyphy/ptII/ptolemy/actor/lib/test/auto/BooleanSwitchCloningBugWithClassRelationGroup.xml (RunModel)" time="0.033" />
  <testcase classname="ptolemy.util.test.junit.AutoTests" name="[44] /home/travis/build/icyphy/ptII/ptolemy/actor/lib/test/auto/BusActors.xml (RunModel)" time="0.041" />
  <testcase classname="ptolemy.util.test.junit.AutoTests" name="[45] /home/travis/build/icyphy/ptII/ptolemy/actor/lib/test/auto/ClassWrapper.xml (RunModel)" time="0.013" />
  <testcase classname="ptolemy.util.test.junit.AutoTests" name="[46] /home/travis/build/icyphy/ptII/ptolemy/actor/lib/test/auto/Clock.xml (RunModel)" time="0.011" />
  <testcase classname="ptolemy.util.test.junit.AutoTests" name="[47] /home/travis/build/icyphy/ptII/ptolemy/actor/lib/test/auto/Clock10.xml (RunModel)" time="0.023" />
  <testcase classname="ptolemy.util.test.junit.AutoTests" name="[48] /home/travis/build/icyphy/ptII/ptolemy/actor/lib/test/auto/Clock11.xml (RunModel)" time="0.021" />
  <testcase classname="ptolemy.util.test.junit.AutoTests" name="[49] /home/travis/build/icyphy/ptII/ptolemy/actor/lib/test/auto/Clock12.xml (RunModel)" time="0.016" />
  <testcase classname="ptolemy.util.test.junit.AutoTests" name="[50] /home/travis/build/icyphy/ptII/ptolemy/actor/lib/test/auto/Clock13.xml (RunModel)" time="0.019" />
  <testcase classname="ptolemy.util.test.junit.AutoTests" name="[51] /home/travis/build/icyphy/ptII/ptolemy/actor/lib/test/auto/Clock14.xml (RunModel)" time="0.018" />
  <testcase classname="ptolemy.util.test.junit.AutoTests" name="[52] /home/travis/build/icyphy/ptII/ptolemy/actor/lib/test/auto/Clock15.xml (RunModel)" time="0.015" />
  <testcase classname="ptolemy.util.test.junit.AutoTests" name="[53] /home/travis/build/icyphy/ptII/ptolemy/actor/lib/test/auto/Clock16.xml (RunModel)" time="0.088" />
  <testcase classname="ptolemy.util.test.junit.AutoTests" name="[54] /home/travis/build/icyphy/ptII/ptolemy/actor/lib/test/auto/Clock17.xml (RunModel)" time="0.042" />
  <testcase classname="ptolemy.util.test.junit.AutoTests" name="[55] /home/travis/build/icyphy/ptII/ptolemy/actor/lib/test/auto/Clock18.xml (RunModel)" time="0.041" />
  <testcase classname="ptolemy.util.test.junit.AutoTests" name="[56] /home/travis/build/icyphy/ptII/ptolemy/actor/lib/test/auto/Clock19.xml (RunModel)" time="0.037" />
  <testcase classname="ptolemy.util.test.junit.AutoTests" name="[57] /home/travis/build/icyphy/ptII/ptolemy/actor/lib/test/auto/Clock2.xml (RunModel)" time="0.013" />
  <testcase classname="ptolemy.util.test.junit.AutoTests" name="[58] /home/travis/build/icyphy/ptII/ptolemy/actor/lib/test/auto/Clock20.xml (RunModel)" time="0.017" />
  <testcase classname="ptolemy.util.test.junit.AutoTests" name="[59] /home/travis/build/icyphy/ptII/ptolemy/actor/lib/test/auto/Clock21.xml (RunModel)" time="0.015" />
  <testcase classname="ptolemy.util.test.junit.AutoTests" name="[60] /home/travis/build/icyphy/ptII/ptolemy/actor/lib/test/auto/Clock22.xml (RunModel)" time="0.024" />
  <testcase classname="ptolemy.util.test.junit.AutoTests" name="[61] /home/travis/build/icyphy/ptII/ptolemy/actor/lib/test/auto/Clock23.xml (RunModel)" time="0.015" />
  <testcase classname="ptolemy.util.test.junit.AutoTests" name="[62] /home/travis/build/icyphy/ptII/ptolemy/actor/lib/test/auto/Clock24.xml (RunModel)" time="0.013" />
  <testcase classname="ptolemy.util.test.junit.AutoTests" name="[63] /home/travis/build/icyphy/ptII/ptolemy/actor/lib/test/auto/Clock4.xml (RunModel)" time="0.01" />
  <testcase classname="ptolemy.util.test.junit.AutoTests" name="[64] /home/travis/build/icyphy/ptII/ptolemy/actor/lib/test/auto/Clock5.xml (RunModel)" time="0.016" />
  <testcase classname="ptolemy.util.test.junit.AutoTests" name="[65] /home/travis/build/icyphy/ptII/ptolemy/actor/lib/test/auto/Clock6.xml (RunModel)" time="0.016" />
  <testcase classname="ptolemy.util.test.junit.AutoTests" name="[66] /home/travis/build/icyphy/ptII/ptolemy/actor/lib/test/auto/Clock7.xml (RunModel)" time="0.01" />
  <testcase classname="ptolemy.util.test.junit.AutoTests" name="[67] /home/travis/build/icyphy/ptII/ptolemy/actor/lib/test/auto/Clock8.xml (RunModel)" time="0.017" />
  <testcase classname="ptolemy.util.test.junit.AutoTests" name="[68] /home/travis/build/icyphy/ptII/ptolemy/actor/lib/test/auto/Clock9.xml (RunModel)" time="0.016" />
  <testcase classname="ptolemy.util.test.junit.AutoTests" name="[69] /home/travis/build/icyphy/ptII/ptolemy/actor/lib/test/auto/CommDistDiscard.xml (RunModel)" time="0.023" />
  <testcase classname="ptolemy.util.test.junit.AutoTests" name="[70] /home/travis/build/icyphy/ptII/ptolemy/actor/lib/test/auto/Commutator.xml (RunModel)" time="0.015" />
  <testcase classname="ptolemy.util.test.junit.AutoTests" name="[71] /home/travis/build/icyphy/ptII/ptolemy/actor/lib/test/auto/Commutator2.xml (RunModel)" time="0.01" />
  <testcase classname="ptolemy.util.test.junit.AutoTests" name="[72] /home/travis/build/icyphy/ptII/ptolemy/actor/lib/test/auto/Commutator3.xml (RunModel)" time="0.013" />
  <testcase classname="ptolemy.util.test.junit.AutoTests" name="[73] /home/travis/build/icyphy/ptII/ptolemy/actor/lib/test/auto/Compare.xml (RunModel)" time="0.018" />
  <testcase classname="ptolemy.util.test.junit.AutoTests" name="[74] /home/travis/build/icyphy/ptII/ptolemy/actor/lib/test/auto/CompareDE.xml (RunModel)" time="0.018" />
  <testcase classname="ptolemy.util.test.junit.AutoTests" name="[75] /home/travis/build/icyphy/ptII/ptolemy/actor/lib/test/auto/ComplexDivide.xml (RunModel)" time="0.009" />
  <testcase classname="ptolemy.util.test.junit.AutoTests" name="[76] /home/travis/build/icyphy/ptII/ptolemy/actor/lib/test/auto/ComputeHistogram.xml (RunModel)" time="0.075" />
  <testcase classname="ptolemy.util.test.junit.AutoTests" name="[77] /home/travis/build/icyphy/ptII/ptolemy/actor/lib/test/auto/ConfigurationSelect.xml (RunModel)" time="0.017" />
  <testcase classname="ptolemy.util.test.junit.AutoTests" name="[78] /home/travis/build/icyphy/ptII/ptolemy/actor/lib/test/auto/ConfigurationSelect2.xml (RunModel)" time="0.015" />
  <testcase classname="ptolemy.util.test.junit.AutoTests" name="[79] /home/travis/build/icyphy/ptII/ptolemy/actor/lib/test/auto/ConfigurationSwitch.xml (RunModel)" time="0.024" />
  <testcase classname="ptolemy.util.test.junit.AutoTests" name="[80] /home/travis/build/icyphy/ptII/ptolemy/actor/lib/test/auto/ConfigurationSwitch2.xml (RunModel)" time="0.043" />
  <testcase classname="ptolemy.util.test.junit.AutoTests" name="[81] /home/travis/build/icyphy/ptII/ptolemy/actor/lib/test/auto/ConfigurationSwitchCloningBugWithClassRelationGroup.xml (RunModel)" time="0.021" />
  <testcase classname="ptolemy.util.test.junit.AutoTests" name="[82] /home/travis/build/icyphy/ptII/ptolemy/actor/lib/test/auto/ConfigurationSwitchSelectSDF.xml (RunModel)" time="0.019" />
  <testcase classname="ptolemy.util.test.junit.AutoTests" name="[83] /home/travis/build/icyphy/ptII/ptolemy/actor/lib/test/auto/ConfigurationSwitchSelectSDF2.xml (RunModel)" time="0.013" />
  <testcase classname="ptolemy.util.test.junit.AutoTests" name="[84] /home/travis/build/icyphy/ptII/ptolemy/actor/lib/test/auto/Const.xml (RunModel)" time="0.008" />
  <testcase classname="ptolemy.util.test.junit.AutoTests" name="[85] /home/travis/build/icyphy/ptII/ptolemy/actor/lib/test/auto/Const2.xml (RunModel)" time="0.018" />
  <testcase classname="ptolemy.util.test.junit.AutoTests" name="[86] /home/travis/build/icyphy/ptII/ptolemy/actor/lib/test/auto/Const3.xml (RunModel)" time="0.009" />
  <testcase classname="ptolemy.util.test.junit.AutoTests" name="[87] /home/travis/build/icyphy/ptII/ptolemy/actor/lib/test/auto/ConstantPublisherPort1.xml (RunModel)" time="0.028" />
  <testcase classname="ptolemy.util.test.junit.AutoTests" name="[88] /home/travis/build/icyphy/ptII/ptolemy/actor/lib/test/auto/ConstantPublisherPort2.xml (RunModel)" time="0.025" />
  <testcase classname="ptolemy.util.test.junit.AutoTests" name="[89] /home/travis/build/icyphy/ptII/ptolemy/actor/lib/test/auto/ConstantPublisherPort3.xml (RunModel)" time="0.028" />
  <testcase classname="ptolemy.util.test.junit.AutoTests" name="[90] /home/travis/build/icyphy/ptII/ptolemy/actor/lib/test/auto/ConstantPublisherPort4.xml (RunModel)" time="0.015" />
  <testcase classname="ptolemy.util.test.junit.AutoTests" name="[91] /home/travis/build/icyphy/ptII/ptolemy/actor/lib/test/auto/ConstantPublisherPort5.xml (RunModel)" time="0.047" />
  <testcase classname="ptolemy.util.test.junit.AutoTests" name="[92] /home/travis/build/icyphy/ptII/ptolemy/actor/lib/test/auto/ConstantPublisherPort6.xml (RunModel)" time="0.036" />
  <testcase classname="ptolemy.util.test.junit.AutoTests" name="[93] /home/travis/build/icyphy/ptII/ptolemy/actor/lib/test/auto/ConstantPublisherPort7.xml (RunModel)" time="0.032" />
  <testcase classname="ptolemy.util.test.junit.AutoTests" name="[94] /home/travis/build/icyphy/ptII/ptolemy/actor/lib/test/auto/ConstraintMonitor1.xml (RunModel)" time="0.046" />
  <testcase classname="ptolemy.util.test.junit.AutoTests" name="[95] /home/travis/build/icyphy/ptII/ptolemy/actor/lib/test/auto/ConstraintMonitor2.xml (RunModel)" time="0.015" />
  <testcase classname="ptolemy.util.test.junit.AutoTests" name="[96] /home/travis/build/icyphy/ptII/ptolemy/actor/lib/test/auto/ConstraintMonitor3.xml (RunModel)" time="0.02" />
  <testcase classname="ptolemy.util.test.junit.AutoTests" name="[97] /home/travis/build/icyphy/ptII/ptolemy/actor/lib/test/auto/ConstraintMonitor4.xml (RunModel)" time="0.013" />
  <testcase classname="ptolemy.util.test.junit.AutoTests" name="[98] /home/travis/build/icyphy/ptII/ptolemy/actor/lib/test/auto/ConstraintMonitor5.xml (RunModel)" time="0.014" />
  <testcase classname="ptolemy.util.test.junit.AutoTests" name="[99] /home/travis/build/icyphy/ptII/ptolemy/actor/lib/test/auto/ConstraintMonitor6.xml (RunModel)" time="0.019" />
  <testcase classname="ptolemy.util.test.junit.AutoTests" name="[100] /home/travis/build/icyphy/ptII/ptolemy/actor/lib/test/auto/ConstraintMonitor7.xml (RunModel)" time="0.026" />
  <testcase classname="ptolemy.util.test.junit.AutoTests" name="[101] /home/travis/build/icyphy/ptII/ptolemy/actor/lib/test/auto/ConstraintMonitor8.xml (RunModel)" time="0.021" />
  <testcase classname="ptolemy.util.test.junit.AutoTests" name="[102] /home/travis/build/icyphy/ptII/ptolemy/actor/lib/test/auto/Counter.xml (RunModel)" time="0.012" />
  <testcase classname="ptolemy.util.test.junit.AutoTests" name="[103] /home/travis/build/icyphy/ptII/ptolemy/actor/lib/test/auto/CurrentTimeSDF.xml (RunModel)" time="0.01" />
  <testcase classname="ptolemy.util.test.junit.AutoTests" name="[104] /home/travis/build/icyphy/ptII/ptolemy/actor/lib/test/auto/DB.xml (RunModel)" time="0.013" />
  <testcase classname="ptolemy.util.test.junit.AutoTests" name="[105] /home/travis/build/icyphy/ptII/ptolemy/actor/lib/test/auto/DBDE.xml (RunModel)" time="0.027" />
  <testcase classname="ptolemy.util.test.junit.AutoTests" name="[106] /home/travis/build/icyphy/ptII/ptolemy/actor/lib/test/auto/DateConstructor.xml (RunModel)" time="0.08" />
  <testcase classname="ptolemy.util.test.junit.AutoTests" name="[107] /home/travis/build/icyphy/ptII/ptolemy/actor/lib/test/auto/DelayTime.xml (RunModel)" time="0.02" />
  <testcase classname="ptolemy.util.test.junit.AutoTests" name="[108] /home/travis/build/icyphy/ptII/ptolemy/actor/lib/test/auto/Dictionary1.xml (RunModel)" time="0.027" />
  <testcase classname="ptolemy.util.test.junit.AutoTests" name="[109] /home/travis/build/icyphy/ptII/ptolemy/actor/lib/test/auto/Dictionary2.xml (RunModel)" time="0.018" />
  <testcase classname="ptolemy.util.test.junit.AutoTests" name="[110] /home/travis/build/icyphy/ptII/ptolemy/actor/lib/test/auto/Dictionary3.xml (RunModel)" time="0.014" />
  <testcase classname="ptolemy.util.test.junit.AutoTests" name="[111] /home/travis/build/icyphy/ptII/ptolemy/actor/lib/test/auto/Dictionary4.xml (RunModel)" time="0.019" />
  <testcase classname="ptolemy.util.test.junit.AutoTests" name="[112] /home/travis/build/icyphy/ptII/ptolemy/actor/lib/test/auto/Differential.xml (RunModel)" time="0.011" />
  <testcase classname="ptolemy.util.test.junit.AutoTests" name="[113] /home/travis/build/icyphy/ptII/ptolemy/actor/lib/test/auto/Director.xml (RunModel)" time="0.009" />
  <testcase classname="ptolemy.util.test.junit.AutoTests" name="[114] /home/travis/build/icyphy/ptII/ptolemy/actor/lib/test/auto/DiscreteClock.xml (RunModel)" time="0.011" />
  <testcase classname="ptolemy.util.test.junit.AutoTests" name="[115] /home/travis/build/icyphy/ptII/ptolemy/actor/lib/test/auto/DiscreteClock10.xml (RunModel)" time="0.012" />
  <testcase classname="ptolemy.util.test.junit.AutoTests" name="[116] /home/travis/build/icyphy/ptII/ptolemy/actor/lib/test/auto/DiscreteClock11.xml (RunModel)" time="0.012" />
  <testcase classname="ptolemy.util.test.junit.AutoTests" name="[117] /home/travis/build/icyphy/ptII/ptolemy/actor/lib/test/auto/DiscreteClock12.xml (RunModel)" time="0.013" />
  <testcase classname="ptolemy.util.test.junit.AutoTests" name="[118] /home/travis/build/icyphy/ptII/ptolemy/actor/lib/test/auto/DiscreteClock13.xml (RunModel)" time="0.017" />
  <testcase classname="ptolemy.util.test.junit.AutoTests" name="[119] /home/travis/build/icyphy/ptII/ptolemy/actor/lib/test/auto/DiscreteClock14.xml (RunModel)" time="0.016" />
  <testcase classname="ptolemy.util.test.junit.AutoTests" name="[120] /home/travis/build/icyphy/ptII/ptolemy/actor/lib/test/auto/DiscreteClock15.xml (RunModel)" time="0.012" />
  <testcase classname="ptolemy.util.test.junit.AutoTests" name="[121] /home/travis/build/icyphy/ptII/ptolemy/actor/lib/test/auto/DiscreteClock16.xml (RunModel)" time="0.048" />
  <testcase classname="ptolemy.util.test.junit.AutoTests" name="[122] /home/travis/build/icyphy/ptII/ptolemy/actor/lib/test/auto/DiscreteClock17.xml (RunModel)" time="0.048" />
  <testcase classname="ptolemy.util.test.junit.AutoTests" name="[123] /home/travis/build/icyphy/ptII/ptolemy/actor/lib/test/auto/DiscreteClock18.xml (RunModel)" time="0.047" />
  <testcase classname="ptolemy.util.test.junit.AutoTests" name="[124] /home/travis/build/icyphy/ptII/ptolemy/actor/lib/test/auto/DiscreteClock19.xml (RunModel)" time="0.05" />
  <testcase classname="ptolemy.util.test.junit.AutoTests" name="[125] /home/travis/build/icyphy/ptII/ptolemy/actor/lib/test/auto/DiscreteClock2.xml (RunModel)" time="0.011" />
  <testcase classname="ptolemy.util.test.junit.AutoTests" name="[126] /home/travis/build/icyphy/ptII/ptolemy/actor/lib/test/auto/DiscreteClock20.xml (RunModel)" time="0.02" />
  <testcase classname="ptolemy.util.test.junit.AutoTests" name="[127] /home/travis/build/icyphy/ptII/ptolemy/actor/lib/test/auto/DiscreteClock21.xml (RunModel)" time="0.02" />
  <testcase classname="ptolemy.util.test.junit.AutoTests" name="[128] /home/travis/build/icyphy/ptII/ptolemy/actor/lib/test/auto/DiscreteClock22.xml (RunModel)" time="0.013" />
  <testcase classname="ptolemy.util.test.junit.AutoTests" name="[129] /home/travis/build/icyphy/ptII/ptolemy/actor/lib/test/auto/DiscreteClock23.xml (RunModel)" time="0.022" />
  <testcase classname="ptolemy.util.test.junit.AutoTests" name="[130] /home/travis/build/icyphy/ptII/ptolemy/actor/lib/test/auto/DiscreteClock24.xml (RunModel)" time="0.014" />
  <testcase classname="ptolemy.util.test.junit.AutoTests" name="[131] /home/travis/build/icyphy/ptII/ptolemy/actor/lib/test/auto/DiscreteClock4.xml (RunModel)" time="0.013" />
  <testcase classname="ptolemy.util.test.junit.AutoTests" name="[132] /home/travis/build/icyphy/ptII/ptolemy/actor/lib/test/auto/DiscreteClock5.xml (RunModel)" time="0.011" />
  <testcase classname="ptolemy.util.test.junit.AutoTests" name="[133] /home/travis/build/icyphy/ptII/ptolemy/actor/lib/test/auto/DiscreteClock6.xml (RunModel)" time="0.013" />
  <testcase classname="ptolemy.util.test.junit.AutoTests" name="[134] /home/travis/build/icyphy/ptII/ptolemy/actor/lib/test/auto/DiscreteClock7.xml (RunModel)" time="0.011" />
  <testcase classname="ptolemy.util.test.junit.AutoTests" name="[135] /home/travis/build/icyphy/ptII/ptolemy/actor/lib/test/auto/DiscreteClock8.xml (RunModel)" time="0.025" />
  <testcase classname="ptolemy.util.test.junit.AutoTests" name="[136] /home/travis/build/icyphy/ptII/ptolemy/actor/lib/test/auto/DiscreteClock9.xml (RunModel)" time="0.015" />
  <testcase classname="ptolemy.util.test.junit.AutoTests" name="[137] /home/travis/build/icyphy/ptII/ptolemy/actor/lib/test/auto/DisplayArray.xml (RunModel)" time="0.008" />
  <testcase classname="ptolemy.util.test.junit.AutoTests" name="[138] /home/travis/build/icyphy/ptII/ptolemy/actor/lib/test/auto/Distributor.xml (RunModel)" time="0.008" />
  <testcase classname="ptolemy.util.test.junit.AutoTests" name="[139] /home/travis/build/icyphy/ptII/ptolemy/actor/lib/test/auto/Distributor2.xml (RunModel)" time="0.011" />
  <testcase classname="ptolemy.util.test.junit.AutoTests" name="[140] /home/travis/build/icyphy/ptII/ptolemy/actor/lib/test/auto/DownSample.xml (RunModel)" time="0.01" />
  <testcase classname="ptolemy.util.test.junit.AutoTests" name="[141] /home/travis/build/icyphy/ptII/ptolemy/actor/lib/test/auto/ElectronicUnitBase1.xml (RunModel)" time="0.08" />
  <testcase classname="ptolemy.util.test.junit.AutoTests" name="[142] /home/travis/build/icyphy/ptII/ptolemy/actor/lib/test/auto/ElementsToArray.xml (RunModel)" time="0.011" />
  <testcase classname="ptolemy.util.test.junit.AutoTests" name="[143] /home/travis/build/icyphy/ptII/ptolemy/actor/lib/test/auto/Equals.xml (RunModel)" time="0.015" />
  <testcase classname="ptolemy.util.test.junit.AutoTests" name="[144] /home/travis/build/icyphy/ptII/ptolemy/actor/lib/test/auto/Exec.xml (RunModel)" time="0.036" />
  <testcase classname="ptolemy.util.test.junit.AutoTests" name="[145] /home/travis/build/icyphy/ptII/ptolemy/actor/lib/test/auto/ExecEnvironment.xml (RunModel)" time="0.044" />
  <testcase classname="ptolemy.util.test.junit.AutoTests" name="[146] /home/travis/build/icyphy/ptII/ptolemy/actor/lib/test/auto/ExecNonZeroReturnOutput.xml (RunModel)" time="0.184" />
  <testcase classname="ptolemy.util.test.junit.AutoTests" name="[147] /home/travis/build/icyphy/ptII/ptolemy/actor/lib/test/auto/ExecRunDemos.xml (RunModel)" time="10.704">
    <error type="java.lang.reflect.InvocationTargetException">java.lang.reflect.InvocationTargetException
	at jdk.internal.reflect.GeneratedConstructorAccessor36.newInstance(Unknown Source)
	at java.base/jdk.internal.reflect.DelegatingConstructorAccessorImpl.newInstance(DelegatingConstructorAccessorImpl.java:45)
	at java.base/java.lang.reflect.Constructor.newInstance(Constructor.java:490)
	at ptolemy.util.test.junit.AutoTests.RunModel(AutoTests.java:193)
	at jdk.internal.reflect.GeneratedMethodAccessor43.invoke(Unknown Source)
	at java.base/jdk.internal.reflect.DelegatingMethodAccessorImpl.invoke(DelegatingMethodAccessorImpl.java:43)
	at junitparams.internal.InvokeParameterisedMethod.evaluate(InvokeParameterisedMethod.java:102)
Caused by: ptolemy.kernel.util.IllegalActionException: Test fails in iteration 0.
Value was: &quot;WARNING: An illegal reflective access operation has occurred\nWARNING: Illegal reflective access by io.netty.util.internal.ReflectionUtil (file:/home/travis/build/icyphy/ptII/lib/netty-common-4.1.19.Final.jar) to constructor java.nio.DirectByteBuffer(long,int)\nWARNING: Please consider reporting this to the maintainers of io.netty.util.internal.ReflectionUtil\nWARNING: Use --illegal-access=warn to enable warnings of further illegal reflective access operations\nWARNING: All illegal access operations will be denied in a future release\n&quot;. Should have been: &quot;&quot;
  in .ExecRunDemos.Test
	at ptolemy.actor.lib.Test.fire(Test.java:268)
	at ptolemy.actor.AtomicActor.iterate(AtomicActor.java:512)
	at ptolemy.actor.sched.StaticSchedulingDirector.fire(StaticSchedulingDirector.java:216)
	at ptolemy.domains.sdf.kernel.SDFDirector.fire(SDFDirector.java:500)
	at ptolemy.actor.CompositeActor.fire(CompositeActor.java:455)
	at ptolemy.actor.Manager.iterate(Manager.java:851)
	at ptolemy.actor.Manager.execute(Manager.java:369)
	at ptolemy.actor.Manager.run(Manager.java:1263)
	at ptolemy.actor.Manager$PtolemyRunThread.run(Manager.java:1915)
</error>
  </testcase>
  <testcase classname="ptolemy.util.test.junit.AutoTests" name="[148] /home/travis/build/icyphy/ptII/ptolemy/actor/lib/test/auto/ExecStop.xml (RunModel)" time="5.039" />
  <testcase classname="ptolemy.util.test.junit.AutoTests" name="[149] /home/travis/build/icyphy/ptII/ptolemy/actor/lib/test/auto/ExecutionTimeSDF.xml (RunModel)" time="6.036" />
  <testcase classname="ptolemy.util.test.junit.AutoTests" name="[150] /home/travis/build/icyphy/ptII/ptolemy/actor/lib/test/auto/Expression1.xml (RunModel)" time="0.019" />
  <testcase classname="ptolemy.util.test.junit.AutoTests" name="[151] /home/travis/build/icyphy/ptII/ptolemy/actor/lib/test/auto/Expression10.xml (RunModel)" time="0.029" />
  <testcase classname="ptolemy.util.test.junit.AutoTests" name="[152] /home/travis/build/icyphy/ptII/ptolemy/actor/lib/test/auto/Expression11.xml (RunModel)" time="0.013" />
  <testcase classname="ptolemy.util.test.junit.AutoTests" name="[153] /home/travis/build/icyphy/ptII/ptolemy/actor/lib/test/auto/Expression12.xml (RunModel)" time="0.024" />
  <testcase classname="ptolemy.util.test.junit.AutoTests" name="[154] /home/travis/build/icyphy/ptII/ptolemy/actor/lib/test/auto/Expression13.xml (RunModel)" time="0.014" />
  <testcase classname="ptolemy.util.test.junit.AutoTests" name="[155] /home/travis/build/icyphy/ptII/ptolemy/actor/lib/test/auto/Expression14.xml (RunModel)" time="0.02" />
  <testcase classname="ptolemy.util.test.junit.AutoTests" name="[156] /home/travis/build/icyphy/ptII/ptolemy/actor/lib/test/auto/Expression15.xml (RunModel)" time="0.009" />
  <testcase classname="ptolemy.util.test.junit.AutoTests" name="[157] /home/travis/build/icyphy/ptII/ptolemy/actor/lib/test/auto/Expression16.xml (RunModel)" time="0.014" />
  <testcase classname="ptolemy.util.test.junit.AutoTests" name="[158] /home/travis/build/icyphy/ptII/ptolemy/actor/lib/test/auto/Expression17.xml (RunModel)" time="0.012" />
  <testcase classname="ptolemy.util.test.junit.AutoTests" name="[159] /home/travis/build/icyphy/ptII/ptolemy/actor/lib/test/auto/Expression18.xml (RunModel)" time="0.013" />
  <testcase classname="ptolemy.util.test.junit.AutoTests" name="[160] /home/travis/build/icyphy/ptII/ptolemy/actor/lib/test/auto/Expression2.xml (RunModel)" time="0.014" />
  <testcase classname="ptolemy.util.test.junit.AutoTests" name="[161] /home/travis/build/icyphy/ptII/ptolemy/actor/lib/test/auto/Expression3.xml (RunModel)" time="0.015" />
  <testcase classname="ptolemy.util.test.junit.AutoTests" name="[162] /home/travis/build/icyphy/ptII/ptolemy/actor/lib/test/auto/Expression4.xml (RunModel)" time="0.024" />
  <testcase classname="ptolemy.util.test.junit.AutoTests" name="[163] /home/travis/build/icyphy/ptII/ptolemy/actor/lib/test/auto/Expression5.xml (RunModel)" time="0.013" />
  <testcase classname="ptolemy.util.test.junit.AutoTests" name="[164] /home/travis/build/icyphy/ptII/ptolemy/actor/lib/test/auto/Expression6.xml (RunModel)" time="0.011" />
  <testcase classname="ptolemy.util.test.junit.AutoTests" name="[165] /home/travis/build/icyphy/ptII/ptolemy/actor/lib/test/auto/Expression7.xml (RunModel)" time="0.012" />
  <testcase classname="ptolemy.util.test.junit.AutoTests" name="[166] /home/travis/build/icyphy/ptII/ptolemy/actor/lib/test/auto/Expression8.xml (RunModel)" time="0.016" />
  <testcase classname="ptolemy.util.test.junit.AutoTests" name="[167] /home/travis/build/icyphy/ptII/ptolemy/actor/lib/test/auto/Expression9.xml (RunModel)" time="0.007" />
  <testcase classname="ptolemy.util.test.junit.AutoTests" name="[168] /home/travis/build/icyphy/ptII/ptolemy/actor/lib/test/auto/ExpressionConcatenateArrayType.xml (RunModel)" time="0.03" />
  <testcase classname="ptolemy.util.test.junit.AutoTests" name="[169] /home/travis/build/icyphy/ptII/ptolemy/actor/lib/test/auto/ExpressionConcatenateArrayType2.xml (RunModel)" time="0.023" />
  <testcase classname="ptolemy.util.test.junit.AutoTests" name="[170] /home/travis/build/icyphy/ptII/ptolemy/actor/lib/test/auto/ExpressionFix.xml (RunModel)" time="0.047" />
  <testcase classname="ptolemy.util.test.junit.AutoTests" name="[171] /home/travis/build/icyphy/ptII/ptolemy/actor/lib/test/auto/ExpressionFix2.xml (RunModel)" time="0.015" />
  <testcase classname="ptolemy.util.test.junit.AutoTests" name="[172] /home/travis/build/icyphy/ptII/ptolemy/actor/lib/test/auto/ExpressionFix3.xml (RunModel)" time="0.01" />
  <testcase classname="ptolemy.util.test.junit.AutoTests" name="[173] /home/travis/build/icyphy/ptII/ptolemy/actor/lib/test/auto/FileWriter1.xml (RunModel)" time="0.012" />
  <testcase classname="ptolemy.util.test.junit.AutoTests" name="[174] /home/travis/build/icyphy/ptII/ptolemy/actor/lib/test/auto/FileWriter2.xml (RunModel)" time="0.013" />
  <testcase classname="ptolemy.util.test.junit.AutoTests" name="[175] /home/travis/build/icyphy/ptII/ptolemy/actor/lib/test/auto/FileWriter3.xml (RunModel)" time="0.011" />
  <testcase classname="ptolemy.util.test.junit.AutoTests" name="[176] /home/travis/build/icyphy/ptII/ptolemy/actor/lib/test/auto/Gaussian.xml (RunModel)" time="0.016" />
  <testcase classname="ptolemy.util.test.junit.AutoTests" name="[177] /home/travis/build/icyphy/ptII/ptolemy/actor/lib/test/auto/Gaussian1.xml (RunModel)" time="0.014" />
  <testcase classname="ptolemy.util.test.junit.AutoTests" name="[178] /home/travis/build/icyphy/ptII/ptolemy/actor/lib/test/auto/Gaussian2.xml (RunModel)" time="0.019" />
  <testcase classname="ptolemy.util.test.junit.AutoTests" name="[179] /home/travis/build/icyphy/ptII/ptolemy/actor/lib/test/auto/GradientAdaptiveLattice.xml (RunModel)" time="0.024" />
  <testcase classname="ptolemy.util.test.junit.AutoTests" name="[180] /home/travis/build/icyphy/ptII/ptolemy/actor/lib/test/auto/IIR.xml (RunModel)" time="0.012" />
  <testcase classname="ptolemy.util.test.junit.AutoTests" name="[181] /home/travis/build/icyphy/ptII/ptolemy/actor/lib/test/auto/InputOutputTransparentPorts.xml (RunModel)" time="0.035" />
  <testcase classname="ptolemy.util.test.junit.AutoTests" name="[182] /home/travis/build/icyphy/ptII/ptolemy/actor/lib/test/auto/Interpolator.xml (RunModel)" time="0.015" />
  <testcase classname="ptolemy.util.test.junit.AutoTests" name="[183] /home/travis/build/icyphy/ptII/ptolemy/actor/lib/test/auto/InterpolatorFiringLimitDE.xml (RunModel)" time="0.016" />
  <testcase classname="ptolemy.util.test.junit.AutoTests" name="[184] /home/travis/build/icyphy/ptII/ptolemy/actor/lib/test/auto/Lattice.xml (RunModel)" time="0.012" />
  <testcase classname="ptolemy.util.test.junit.AutoTests" name="[185] /home/travis/build/icyphy/ptII/ptolemy/actor/lib/test/auto/LazyAOCTestLazy.xml (RunModel)" time="0.021" />
  <testcase classname="ptolemy.util.test.junit.AutoTests" name="[186] /home/travis/build/icyphy/ptII/ptolemy/actor/lib/test/auto/LazyAOCTestNonLazy.xml (RunModel)" time="0.032" />
  <testcase classname="ptolemy.util.test.junit.AutoTests" name="[187] /home/travis/build/icyphy/ptII/ptolemy/actor/lib/test/auto/LazyInnerClass.xml (RunModel)" time="0.019" />
  <testcase classname="ptolemy.util.test.junit.AutoTests" name="[188] /home/travis/build/icyphy/ptII/ptolemy/actor/lib/test/auto/LazyPubSub.xml (RunModel)" time="0.025" />
  <testcase classname="ptolemy.util.test.junit.AutoTests" name="[189] /home/travis/build/icyphy/ptII/ptolemy/actor/lib/test/auto/LazyPubSub2.xml (RunModel)" time="0.036" />
  <testcase classname="ptolemy.util.test.junit.AutoTests" name="[190] /home/travis/build/icyphy/ptII/ptolemy/actor/lib/test/auto/LazyPubSub3.xml (RunModel)" time="0.054" />
  <testcase classname="ptolemy.util.test.junit.AutoTests" name="[191] /home/travis/build/icyphy/ptII/ptolemy/actor/lib/test/auto/LazySubClassModel.xml (RunModel)" time="0.057" />
  <testcase classname="ptolemy.util.test.junit.AutoTests" name="[192] /home/travis/build/icyphy/ptII/ptolemy/actor/lib/test/auto/LevelCrossTest1.xml (RunModel)" time="0.022" />
  <testcase classname="ptolemy.util.test.junit.AutoTests" name="[193] /home/travis/build/icyphy/ptII/ptolemy/actor/lib/test/auto/LevelCrossTest10.xml (RunModel)" time="0.016" />
  <testcase classname="ptolemy.util.test.junit.AutoTests" name="[194] /home/travis/build/icyphy/ptII/ptolemy/actor/lib/test/auto/LevelCrossTest11.xml (RunModel)" time="0.027" />
  <testcase classname="ptolemy.util.test.junit.AutoTests" name="[195] /home/travis/build/icyphy/ptII/ptolemy/actor/lib/test/auto/LevelCrossTest12.xml (RunModel)" time="0.019" />
  <testcase classname="ptolemy.util.test.junit.AutoTests" name="[196] /home/travis/build/icyphy/ptII/ptolemy/actor/lib/test/auto/LevelCrossTest13.xml (RunModel)" time="0.015" />
  <testcase classname="ptolemy.util.test.junit.AutoTests" name="[197] /home/travis/build/icyphy/ptII/ptolemy/actor/lib/test/auto/LevelCrossTest2.xml (RunModel)" time="0.011" />
  <testcase classname="ptolemy.util.test.junit.AutoTests" name="[198] /home/travis/build/icyphy/ptII/ptolemy/actor/lib/test/auto/LevelCrossTest3.xml (RunModel)" time="0.015" />
  <testcase classname="ptolemy.util.test.junit.AutoTests" name="[199] /home/travis/build/icyphy/ptII/ptolemy/actor/lib/test/auto/LevelCrossTest4.xml (RunModel)" time="0.012" />
  <testcase classname="ptolemy.util.test.junit.AutoTests" name="[200] /home/travis/build/icyphy/ptII/ptolemy/actor/lib/test/auto/LevelCrossTest5.xml (RunModel)" time="0.016" />
  <testcase classname="ptolemy.util.test.junit.AutoTests" name="[201] /home/travis/build/icyphy/ptII/ptolemy/actor/lib/test/auto/LevelCrossTest6.xml (RunModel)" time="0.014" />
  <testcase classname="ptolemy.util.test.junit.AutoTests" name="[202] /home/travis/build/icyphy/ptII/ptolemy/actor/lib/test/auto/LevelCrossTest7.xml (RunModel)" time="0.022" />
  <testcase classname="ptolemy.util.test.junit.AutoTests" name="[203] /home/travis/build/icyphy/ptII/ptolemy/actor/lib/test/auto/LevelCrossTest8.xml (RunModel)" time="0.013" />
  <testcase classname="ptolemy.util.test.junit.AutoTests" name="[204] /home/travis/build/icyphy/ptII/ptolemy/actor/lib/test/auto/LevelCrossTest9.xml (RunModel)" time="0.014" />
  <testcase classname="ptolemy.util.test.junit.AutoTests" name="[205] /home/travis/build/icyphy/ptII/ptolemy/actor/lib/test/auto/LevinsonDurbin.xml (RunModel)" time="0.019" />
  <testcase classname="ptolemy.util.test.junit.AutoTests" name="[206] /home/travis/build/icyphy/ptII/ptolemy/actor/lib/test/auto/LevinsonDurbin2.xml (RunModel)" time="0.009" />
  <testcase classname="ptolemy.util.test.junit.AutoTests" name="[207] /home/travis/build/icyphy/ptII/ptolemy/actor/lib/test/auto/LevinsonDurbin3.xml (RunModel)" time="0.012" />
  <testcase classname="ptolemy.util.test.junit.AutoTests" name="[208] /home/travis/build/icyphy/ptII/ptolemy/actor/lib/test/auto/Limiter.xml (RunModel)" time="0.05" />
  <testcase classname="ptolemy.util.test.junit.AutoTests" name="[209] /home/travis/build/icyphy/ptII/ptolemy/actor/lib/test/auto/LinearDifferenceEquationSystem.xml (RunModel)" time="0.039" />
  <testcase classname="ptolemy.util.test.junit.AutoTests" name="[210] /home/travis/build/icyphy/ptII/ptolemy/actor/lib/test/auto/LookupTable.xml (RunModel)" time="0.011" />
  <testcase classname="ptolemy.util.test.junit.AutoTests" name="[211] /home/travis/build/icyphy/ptII/ptolemy/actor/lib/test/auto/MathFunction.xml (RunModel)" time="0.018" />
  <testcase classname="ptolemy.util.test.junit.AutoTests" name="[212] /home/travis/build/icyphy/ptII/ptolemy/actor/lib/test/auto/MathFunction2.xml (RunModel)" time="0.009" />
  <testcase classname="ptolemy.util.test.junit.AutoTests" name="[213] /home/travis/build/icyphy/ptII/ptolemy/actor/lib/test/auto/MathFunction3.xml (RunModel)" time="0.021" />
  <testcase classname="ptolemy.util.test.junit.AutoTests" name="[214] /home/travis/build/icyphy/ptII/ptolemy/actor/lib/test/auto/MatrixCropBoolean.xml (RunModel)" time="0.017" />
  <testcase classname="ptolemy.util.test.junit.AutoTests" name="[215] /home/travis/build/icyphy/ptII/ptolemy/actor/lib/test/auto/MatrixCropComplex.xml (RunModel)" time="0.015" />
  <testcase classname="ptolemy.util.test.junit.AutoTests" name="[216] /home/travis/build/icyphy/ptII/ptolemy/actor/lib/test/auto/MatrixCropDouble.xml (RunModel)" time="0.01" />
  <testcase classname="ptolemy.util.test.junit.AutoTests" name="[217] /home/travis/build/icyphy/ptII/ptolemy/actor/lib/test/auto/MatrixCropFix.xml (RunModel)" time="0.017" />
  <testcase classname="ptolemy.util.test.junit.AutoTests" name="[218] /home/travis/build/icyphy/ptII/ptolemy/actor/lib/test/auto/MatrixCropInt.xml (RunModel)" time="0.01" />
  <testcase classname="ptolemy.util.test.junit.AutoTests" name="[219] /home/travis/build/icyphy/ptII/ptolemy/actor/lib/test/auto/MatrixCropLong.xml (RunModel)" time="0.01" />
  <testcase classname="ptolemy.util.test.junit.AutoTests" name="[220] /home/travis/build/icyphy/ptII/ptolemy/actor/lib/test/auto/MatrixToArray.xml (RunModel)" time="0.063" />
  <testcase classname="ptolemy.util.test.junit.AutoTests" name="[221] /home/travis/build/icyphy/ptII/ptolemy/actor/lib/test/auto/MaxIndex.xml (RunModel)" time="0.013" />
  <testcase classname="ptolemy.util.test.junit.AutoTests" name="[222] /home/travis/build/icyphy/ptII/ptolemy/actor/lib/test/auto/Maximum.xml (RunModel)" time="0.018" />
  <testcase classname="ptolemy.util.test.junit.AutoTests" name="[223] /home/travis/build/icyphy/ptII/ptolemy/actor/lib/test/auto/MaximumComplex.xml (RunModel)" time="0.016" />
  <testcase classname="ptolemy.util.test.junit.AutoTests" name="[224] /home/travis/build/icyphy/ptII/ptolemy/actor/lib/test/auto/MethodCallTest.xml (RunModel)" time="0.022" />
  <testcase classname="ptolemy.util.test.junit.AutoTests" name="[225] /home/travis/build/icyphy/ptII/ptolemy/actor/lib/test/auto/Minimum.xml (RunModel)" time="0.012" />
  <testcase classname="ptolemy.util.test.junit.AutoTests" name="[226] /home/travis/build/icyphy/ptII/ptolemy/actor/lib/test/auto/MinimumComplex.xml (RunModel)" time="0.023" />
  <testcase classname="ptolemy.util.test.junit.AutoTests" name="[227] /home/travis/build/icyphy/ptII/ptolemy/actor/lib/test/auto/MinimumMultiports.xml (RunModel)" time="0.023" />
  <testcase classname="ptolemy.util.test.junit.AutoTests" name="[228] /home/travis/build/icyphy/ptII/ptolemy/actor/lib/test/auto/ModifyDate.xml (RunModel)" time="0.047" />
  <testcase classname="ptolemy.util.test.junit.AutoTests" name="[229] /home/travis/build/icyphy/ptII/ptolemy/actor/lib/test/auto/ModifyDate2.xml (RunModel)" time="0.035" />
  <testcase classname="ptolemy.util.test.junit.AutoTests" name="[230] /home/travis/build/icyphy/ptII/ptolemy/actor/lib/test/auto/MovingAverage.xml (RunModel)" time="0.013" />
  <testcase classname="ptolemy.util.test.junit.AutoTests" name="[231] /home/travis/build/icyphy/ptII/ptolemy/actor/lib/test/auto/MovingMaximum.xml (RunModel)" time="0.011" />
  <testcase classname="ptolemy.util.test.junit.AutoTests" name="[232] /home/travis/build/icyphy/ptII/ptolemy/actor/lib/test/auto/MultipleLinksToSameRelation.xml (RunModel)" time="0.008" />
  <testcase classname="ptolemy.util.test.junit.AutoTests" name="[233] /home/travis/build/icyphy/ptII/ptolemy/actor/lib/test/auto/MultipleLinksToSameRelationDE.xml (RunModel)" time="0.011" />
  <testcase classname="ptolemy.util.test.junit.AutoTests" name="[234] /home/travis/build/icyphy/ptII/ptolemy/actor/lib/test/auto/Multiplexor.xml (RunModel)" time="0.012" />
  <testcase classname="ptolemy.util.test.junit.AutoTests" name="[235] /home/travis/build/icyphy/ptII/ptolemy/actor/lib/test/auto/Multiplexor1.xml (RunModel)" time="0.011" />
  <testcase classname="ptolemy.util.test.junit.AutoTests" name="[236] /home/travis/build/icyphy/ptII/ptolemy/actor/lib/test/auto/Multiplexor2.xml (RunModel)" time="0.013" />
  <testcase classname="ptolemy.util.test.junit.AutoTests" name="[237] /home/travis/build/icyphy/ptII/ptolemy/actor/lib/test/auto/Multiplexor3.xml (RunModel)" time="0.01" />
  <testcase classname="ptolemy.util.test.junit.AutoTests" name="[238] /home/travis/build/icyphy/ptII/ptolemy/actor/lib/test/auto/MultiplexorDE.xml (RunModel)" time="0.021" />
  <testcase classname="ptolemy.util.test.junit.AutoTests" name="[239] /home/travis/build/icyphy/ptII/ptolemy/actor/lib/test/auto/MultiportBroadcastTest.xml (RunModel)" time="0.089" />
  <testcase classname="ptolemy.util.test.junit.AutoTests" name="[240] /home/travis/build/icyphy/ptII/ptolemy/actor/lib/test/auto/MultiportOutHangDuringGetWidth.xml (RunModel)" time="0.033" />
  <testcase classname="ptolemy.util.test.junit.AutoTests" name="[241] /home/travis/build/icyphy/ptII/ptolemy/actor/lib/test/auto/NilToken.xml (RunModel)" time="0.013" />
  <testcase classname="ptolemy.util.test.junit.AutoTests" name="[242] /home/travis/build/icyphy/ptII/ptolemy/actor/lib/test/auto/NilTokenNonStrictTest.xml (RunModel)" time="0.012" />
  <testcase classname="ptolemy.util.test.junit.AutoTests" name="[243] /home/travis/build/icyphy/ptII/ptolemy/actor/lib/test/auto/NilTokenRecord.xml (RunModel)" time="0.032" />
  <testcase classname="ptolemy.util.test.junit.AutoTests" name="[244] /home/travis/build/icyphy/ptII/ptolemy/actor/lib/test/auto/NilTokenTypeTest.xml (RunModel)" time="0.028" />
  <testcase classname="ptolemy.util.test.junit.AutoTests" name="[245] /home/travis/build/icyphy/ptII/ptolemy/actor/lib/test/auto/ObjectToken1.xml (RunModel)" time="0.009" />
  <testcase classname="ptolemy.util.test.junit.AutoTests" name="[246] /home/travis/build/icyphy/ptII/ptolemy/actor/lib/test/auto/OrderedMerge.xml (RunModel)" time="0.025" />
  <testcase classname="ptolemy.util.test.junit.AutoTests" name="[247] /home/travis/build/icyphy/ptII/ptolemy/actor/lib/test/auto/OrderedRecordDisassembler.xml (RunModel)" time="0.023" />
  <testcase classname="ptolemy.util.test.junit.AutoTests" name="[248] /home/travis/build/icyphy/ptII/ptolemy/actor/lib/test/auto/OrderedRecordDisassembler2.xml (RunModel)" time="0.016" />
  <testcase classname="ptolemy.util.test.junit.AutoTests" name="[249] /home/travis/build/icyphy/ptII/ptolemy/actor/lib/test/auto/OrderedRecordUpdater.xml (RunModel)" time="0.015" />
  <testcase classname="ptolemy.util.test.junit.AutoTests" name="[250] /home/travis/build/icyphy/ptII/ptolemy/actor/lib/test/auto/OrderedRecordUpdater2.xml (RunModel)" time="0.019" />
  <testcase classname="ptolemy.util.test.junit.AutoTests" name="[251] /home/travis/build/icyphy/ptII/ptolemy/actor/lib/test/auto/PhaseUnwrap.xml (RunModel)" time="0.011" />
  <testcase classname="ptolemy.util.test.junit.AutoTests" name="[252] /home/travis/build/icyphy/ptII/ptolemy/actor/lib/test/auto/PoissonClock.xml (RunModel)" time="0.013" />
  <testcase classname="ptolemy.util.test.junit.AutoTests" name="[253] /home/travis/build/icyphy/ptII/ptolemy/actor/lib/test/auto/PoissonClock2.xml (RunModel)" time="0.007" />
  <testcase classname="ptolemy.util.test.junit.AutoTests" name="[254] /home/travis/build/icyphy/ptII/ptolemy/actor/lib/test/auto/PoissonClock3.xml (RunModel)" time="0.024" />
  <testcase classname="ptolemy.util.test.junit.AutoTests" name="[255] /home/travis/build/icyphy/ptII/ptolemy/actor/lib/test/auto/PubSubWithInitialTokens.xml (RunModel)" time="0.014" />
  <testcase classname="ptolemy.util.test.junit.AutoTests" name="[256] /home/travis/build/icyphy/ptII/ptolemy/actor/lib/test/auto/PubSubWithInitialTokens2.xml (RunModel)" time="0.015" />
  <testcase classname="ptolemy.util.test.junit.AutoTests" name="[257] /home/travis/build/icyphy/ptII/ptolemy/actor/lib/test/auto/PublisherClassNoParameter.xml (RunModel)" time="0.027" />
  <testcase classname="ptolemy.util.test.junit.AutoTests" name="[258] /home/travis/build/icyphy/ptII/ptolemy/actor/lib/test/auto/PublisherClassParameter.xml (RunModel)" time="0.021" />
  <testcase classname="ptolemy.util.test.junit.AutoTests" name="[259] /home/travis/build/icyphy/ptII/ptolemy/actor/lib/test/auto/PublisherNonStrictTest.xml (RunModel)" time="0.015" />
  <testcase classname="ptolemy.util.test.junit.AutoTests" name="[260] /home/travis/build/icyphy/ptII/ptolemy/actor/lib/test/auto/PublisherPort1.xml (RunModel)" time="0.012" />
  <testcase classname="ptolemy.util.test.junit.AutoTests" name="[261] /home/travis/build/icyphy/ptII/ptolemy/actor/lib/test/auto/PublisherPort2.xml (RunModel)" time="0.009" />
  <testcase classname="ptolemy.util.test.junit.AutoTests" name="[262] /home/travis/build/icyphy/ptII/ptolemy/actor/lib/test/auto/PublisherPort3.xml (RunModel)" time="0.024" />
  <testcase classname="ptolemy.util.test.junit.AutoTests" name="[263] /home/travis/build/icyphy/ptII/ptolemy/actor/lib/test/auto/PublisherPort4.xml (RunModel)" time="0.013" />
  <testcase classname="ptolemy.util.test.junit.AutoTests" name="[264] /home/travis/build/icyphy/ptII/ptolemy/actor/lib/test/auto/PublisherPort5.xml (RunModel)" time="0.013" />
  <testcase classname="ptolemy.util.test.junit.AutoTests" name="[265] /home/travis/build/icyphy/ptII/ptolemy/actor/lib/test/auto/PublisherPort5LookAlike.xml (RunModel)" time="0.018" />
  <testcase classname="ptolemy.util.test.junit.AutoTests" name="[266] /home/travis/build/icyphy/ptII/ptolemy/actor/lib/test/auto/PublisherPort6.xml (RunModel)" time="0.012" />
  <testcase classname="ptolemy.util.test.junit.AutoTests" name="[267] /home/travis/build/icyphy/ptII/ptolemy/actor/lib/test/auto/PublisherPort7.xml (RunModel)" time="0.015" />
  <testcase classname="ptolemy.util.test.junit.AutoTests" name="[268] /home/travis/build/icyphy/ptII/ptolemy/actor/lib/test/auto/PublisherPort8.xml (RunModel)" time="0.017" />
  <testcase classname="ptolemy.util.test.junit.AutoTests" name="[269] /home/travis/build/icyphy/ptII/ptolemy/actor/lib/test/auto/PublisherPortSubscriberChannelVariablesAOC2.xml (RunModel)" time="0.036" />
  <testcase classname="ptolemy.util.test.junit.AutoTests" name="[270] /home/travis/build/icyphy/ptII/ptolemy/actor/lib/test/auto/PublisherPortSubscriberOpaqueWidthInference.xml (RunModel)" time="0.015" />
  <testcase classname="ptolemy.util.test.junit.AutoTests" name="[271] /home/travis/build/icyphy/ptII/ptolemy/actor/lib/test/auto/PublisherPortSubscriberPortAdjacent.xml (RunModel)" time="0.017" />
  <testcase classname="ptolemy.util.test.junit.AutoTests" name="[272] /home/travis/build/icyphy/ptII/ptolemy/actor/lib/test/auto/PublisherPortSubscriberPortExpression.xml (RunModel)" time="0.017" />
  <testcase classname="ptolemy.util.test.junit.AutoTests" name="[273] /home/travis/build/icyphy/ptII/ptolemy/actor/lib/test/auto/PublisherPortSubscriberPortOpaqueD3Reverse.xml (RunModel)" time="0.035" />
  <testcase classname="ptolemy.util.test.junit.AutoTests" name="[274] /home/travis/build/icyphy/ptII/ptolemy/actor/lib/test/auto/PublisherPortSubscriberPortOpaqueWidthInference.xml (RunModel)" time="0.015" />
  <testcase classname="ptolemy.util.test.junit.AutoTests" name="[275] /home/travis/build/icyphy/ptII/ptolemy/actor/lib/test/auto/PublisherPortToplevelSubscriberPortAOC.xml (RunModel)" time="0.011" />
  <testcase classname="ptolemy.util.test.junit.AutoTests" name="[276] /home/travis/build/icyphy/ptII/ptolemy/actor/lib/test/auto/PublisherSubscriber.xml (RunModel)" time="0.012" />
  <testcase classname="ptolemy.util.test.junit.AutoTests" name="[277] /home/travis/build/icyphy/ptII/ptolemy/actor/lib/test/auto/PublisherSubscriber10.xml (RunModel)" time="0.021" />
  <testcase classname="ptolemy.util.test.junit.AutoTests" name="[278] /home/travis/build/icyphy/ptII/ptolemy/actor/lib/test/auto/PublisherSubscriber10InitialOutputs.xml (RunModel)" time="0.027" />
  <testcase classname="ptolemy.util.test.junit.AutoTests" name="[279] /home/travis/build/icyphy/ptII/ptolemy/actor/lib/test/auto/PublisherSubscriber11.xml (RunModel)" time="0.02" />
  <testcase classname="ptolemy.util.test.junit.AutoTests" name="[280] /home/travis/build/icyphy/ptII/ptolemy/actor/lib/test/auto/PublisherSubscriber12.xml (RunModel)" time="0.024" />
  <testcase classname="ptolemy.util.test.junit.AutoTests" name="[281] /home/travis/build/icyphy/ptII/ptolemy/actor/lib/test/auto/PublisherSubscriber13.xml (RunModel)" time="0.01" />
  <testcase classname="ptolemy.util.test.junit.AutoTests" name="[282] /home/travis/build/icyphy/ptII/ptolemy/actor/lib/test/auto/PublisherSubscriber14.xml (RunModel)" time="0.03" />
  <testcase classname="ptolemy.util.test.junit.AutoTests" name="[283] /home/travis/build/icyphy/ptII/ptolemy/actor/lib/test/auto/PublisherSubscriber2.xml (RunModel)" time="0.01" />
  <testcase classname="ptolemy.util.test.junit.AutoTests" name="[284] /home/travis/build/icyphy/ptII/ptolemy/actor/lib/test/auto/PublisherSubscriber3.xml (RunModel)" time="0.009" />
  <testcase classname="ptolemy.util.test.junit.AutoTests" name="[285] /home/travis/build/icyphy/ptII/ptolemy/actor/lib/test/auto/PublisherSubscriber4.xml (RunModel)" time="0.01" />
  <testcase classname="ptolemy.util.test.junit.AutoTests" name="[286] /home/travis/build/icyphy/ptII/ptolemy/actor/lib/test/auto/PublisherSubscriber5.xml (RunModel)" time="0.013" />
  <testcase classname="ptolemy.util.test.junit.AutoTests" name="[287] /home/travis/build/icyphy/ptII/ptolemy/actor/lib/test/auto/PublisherSubscriber6.xml (RunModel)" time="0.016" />
  <testcase classname="ptolemy.util.test.junit.AutoTests" name="[288] /home/travis/build/icyphy/ptII/ptolemy/actor/lib/test/auto/PublisherSubscriber7.xml (RunModel)" time="0.026" />
  <testcase classname="ptolemy.util.test.junit.AutoTests" name="[289] /home/travis/build/icyphy/ptII/ptolemy/actor/lib/test/auto/PublisherSubscriber8.xml (RunModel)" time="0.034" />
  <testcase classname="ptolemy.util.test.junit.AutoTests" name="[290] /home/travis/build/icyphy/ptII/ptolemy/actor/lib/test/auto/PublisherSubscriber9.xml (RunModel)" time="0.017" />
  <testcase classname="ptolemy.util.test.junit.AutoTests" name="[291] /home/travis/build/icyphy/ptII/ptolemy/actor/lib/test/auto/PublisherSubscriberAdjacent.xml (RunModel)" time="0.016" />
  <testcase classname="ptolemy.util.test.junit.AutoTests" name="[292] /home/travis/build/icyphy/ptII/ptolemy/actor/lib/test/auto/PublisherSubscriberChannelVariablesAOC2.xml (RunModel)" time="0.027" />
  <testcase classname="ptolemy.util.test.junit.AutoTests" name="[293] /home/travis/build/icyphy/ptII/ptolemy/actor/lib/test/auto/PublisherSubscriberD3.xml (RunModel)" time="0.016" />
  <testcase classname="ptolemy.util.test.junit.AutoTests" name="[294] /home/travis/build/icyphy/ptII/ptolemy/actor/lib/test/auto/PublisherSubscriberD3Reverse.xml (RunModel)" time="0.013" />
  <testcase classname="ptolemy.util.test.junit.AutoTests" name="[295] /home/travis/build/icyphy/ptII/ptolemy/actor/lib/test/auto/PublisherSubscriberExpression.xml (RunModel)" time="0.016" />
  <testcase classname="ptolemy.util.test.junit.AutoTests" name="[296] /home/travis/build/icyphy/ptII/ptolemy/actor/lib/test/auto/PublisherSubscriberOpaque.xml (RunModel)" time="0.016" />
  <testcase classname="ptolemy.util.test.junit.AutoTests" name="[297] /home/travis/build/icyphy/ptII/ptolemy/actor/lib/test/auto/PublisherSubscriberOpaqueD3.xml (RunModel)" time="0.025" />
  <testcase classname="ptolemy.util.test.junit.AutoTests" name="[298] /home/travis/build/icyphy/ptII/ptolemy/actor/lib/test/auto/PublisherSubscriberOpaqueD3Reverse.xml (RunModel)" time="0.024" />
  <testcase classname="ptolemy.util.test.junit.AutoTests" name="[299] /home/travis/build/icyphy/ptII/ptolemy/actor/lib/test/auto/PublisherSubscriberOpaqueWidthInference.xml (RunModel)" time="0.017" />
  <testcase classname="ptolemy.util.test.junit.AutoTests" name="[300] /home/travis/build/icyphy/ptII/ptolemy/actor/lib/test/auto/PublisherTestSubscriber.xml (RunModel)" time="0.015" />
  <testcase classname="ptolemy.util.test.junit.AutoTests" name="[301] /home/travis/build/icyphy/ptII/ptolemy/actor/lib/test/auto/PublisherToplevelSubscriberPortAOC.xml (RunModel)" time="0.019" />
  <testcase classname="ptolemy.util.test.junit.AutoTests" name="[302] /home/travis/build/icyphy/ptII/ptolemy/actor/lib/test/auto/PulseFiringLimitDE.xml (RunModel)" time="0.013" />
  <testcase classname="ptolemy.util.test.junit.AutoTests" name="[303] /home/travis/build/icyphy/ptII/ptolemy/actor/lib/test/auto/Ramp1.xml (RunModel)" time="0.008" />
  <testcase classname="ptolemy.util.test.junit.AutoTests" name="[304] /home/travis/build/icyphy/ptII/ptolemy/actor/lib/test/auto/RampFiringLimitDE.xml (RunModel)" time="0.011" />
  <testcase classname="ptolemy.util.test.junit.AutoTests" name="[305] /home/travis/build/icyphy/ptII/ptolemy/actor/lib/test/auto/RampFiringLimitSDF.xml (RunModel)" time="0.01" />
  <testcase classname="ptolemy.util.test.junit.AutoTests" name="[306] /home/travis/build/icyphy/ptII/ptolemy/actor/lib/test/auto/RandomInteger.xml (RunModel)" time="0.008" />
  <testcase classname="ptolemy.util.test.junit.AutoTests" name="[307] /home/travis/build/icyphy/ptII/ptolemy/actor/lib/test/auto/ReadFile1.xml (RunModel)" time="0.009" />
  <testcase classname="ptolemy.util.test.junit.AutoTests" name="[308] /home/travis/build/icyphy/ptII/ptolemy/actor/lib/test/auto/ReadFile2.xml (RunModel)" time="0.007" />
  <testcase classname="ptolemy.util.test.junit.AutoTests" name="[309] /home/travis/build/icyphy/ptII/ptolemy/actor/lib/test/auto/Reader.xml (RunModel)" time="0.013" />
  <testcase classname="ptolemy.util.test.junit.AutoTests" name="[310] /home/travis/build/icyphy/ptII/ptolemy/actor/lib/test/auto/RecordAssemblerDisplayNameTest.xml (RunModel)" time="3.67" />
  <testcase classname="ptolemy.util.test.junit.AutoTests" name="[311] /home/travis/build/icyphy/ptII/ptolemy/actor/lib/test/auto/RecordAssemblerTypeError.xml (RunModel)" time="0.045" />
  <testcase classname="ptolemy.util.test.junit.AutoTests" name="[312] /home/travis/build/icyphy/ptII/ptolemy/actor/lib/test/auto/RecordDisassember.xml (RunModel)" time="0.014" />
  <testcase classname="ptolemy.util.test.junit.AutoTests" name="[313] /home/travis/build/icyphy/ptII/ptolemy/actor/lib/test/auto/RecordDisassemberDisplayNameTest.xml (RunModel)" time="0.022" />
  <testcase classname="ptolemy.util.test.junit.AutoTests" name="[314] /home/travis/build/icyphy/ptII/ptolemy/actor/lib/test/auto/RecordDisassembler.xml (RunModel)" time="0.01" />
  <testcase classname="ptolemy.util.test.junit.AutoTests" name="[315] /home/travis/build/icyphy/ptII/ptolemy/actor/lib/test/auto/RecordDisassembler2.xml (RunModel)" time="0.011" />
  <testcase classname="ptolemy.util.test.junit.AutoTests" name="[316] /home/travis/build/icyphy/ptII/ptolemy/actor/lib/test/auto/RecordUpdater.xml (RunModel)" time="0.01" />
  <testcase classname="ptolemy.util.test.junit.AutoTests" name="[317] /home/travis/build/icyphy/ptII/ptolemy/actor/lib/test/auto/RecordUpdater2.xml (RunModel)" time="0.013" />
  <testcase classname="ptolemy.util.test.junit.AutoTests" name="[318] /home/travis/build/icyphy/ptII/ptolemy/actor/lib/test/auto/RecursiveLattice.xml (RunModel)" time="0.008" />
  <testcase classname="ptolemy.util.test.junit.AutoTests" name="[319] /home/travis/build/icyphy/ptII/ptolemy/actor/lib/test/auto/Router.xml (RunModel)" time="3.026" />
  <testcase classname="ptolemy.util.test.junit.AutoTests" name="[320] /home/travis/build/icyphy/ptII/ptolemy/actor/lib/test/auto/Router2.xml (RunModel)" time="3.032" />
  <testcase classname="ptolemy.util.test.junit.AutoTests" name="[321] /home/travis/build/icyphy/ptII/ptolemy/actor/lib/test/auto/RunningMaximum.xml (RunModel)" time="0.014" />
  <testcase classname="ptolemy.util.test.junit.AutoTests" name="[322] /home/travis/build/icyphy/ptII/ptolemy/actor/lib/test/auto/RunningMinimum.xml (RunModel)" time="0.022" />
  <testcase classname="ptolemy.util.test.junit.AutoTests" name="[323] /home/travis/build/icyphy/ptII/ptolemy/actor/lib/test/auto/Scale.xml (RunModel)" time="0.007" />
  <testcase classname="ptolemy.util.test.junit.AutoTests" name="[324] /home/travis/build/icyphy/ptII/ptolemy/actor/lib/test/auto/Scale2.xml (RunModel)" time="0.009" />
  <testcase classname="ptolemy.util.test.junit.AutoTests" name="[325] /home/travis/build/icyphy/ptII/ptolemy/actor/lib/test/auto/Scale3.xml (RunModel)" time="0.013" />
  <testcase classname="ptolemy.util.test.junit.AutoTests" name="[326] /home/travis/build/icyphy/ptII/ptolemy/actor/lib/test/auto/ScaleArray.xml (RunModel)" time="0.008" />
  <testcase classname="ptolemy.util.test.junit.AutoTests" name="[327] /home/travis/build/icyphy/ptII/ptolemy/actor/lib/test/auto/ScaleArray2.xml (RunModel)" time="0.008" />
  <testcase classname="ptolemy.util.test.junit.AutoTests" name="[328] /home/travis/build/icyphy/ptII/ptolemy/actor/lib/test/auto/ScaleMatrix.xml (RunModel)" time="0.248" />
  <testcase classname="ptolemy.util.test.junit.AutoTests" name="[329] /home/travis/build/icyphy/ptII/ptolemy/actor/lib/test/auto/Select.xml (RunModel)" time="0.014" />
  <testcase classname="ptolemy.util.test.junit.AutoTests" name="[330] /home/travis/build/icyphy/ptII/ptolemy/actor/lib/test/auto/Select2.xml (RunModel)" time="0.008" />
  <testcase classname="ptolemy.util.test.junit.AutoTests" name="[331] /home/travis/build/icyphy/ptII/ptolemy/actor/lib/test/auto/SequenceToArray2.xml (RunModel)" time="0.134" />
  <testcase classname="ptolemy.util.test.junit.AutoTests" name="[332] /home/travis/build/icyphy/ptII/ptolemy/actor/lib/test/auto/SequentialClock.xml (RunModel)" time="0.007" />
  <testcase classname="ptolemy.util.test.junit.AutoTests" name="[333] /home/travis/build/icyphy/ptII/ptolemy/actor/lib/test/auto/SetVariable.xml (RunModel)" time="0.014" />
  <testcase classname="ptolemy.util.test.junit.AutoTests" name="[334] /home/travis/build/icyphy/ptII/ptolemy/actor/lib/test/auto/SetVariable2.xml (RunModel)" time="0.011" />
  <testcase classname="ptolemy.util.test.junit.AutoTests" name="[335] /home/travis/build/icyphy/ptII/ptolemy/actor/lib/test/auto/SetVariable3.xml (RunModel)" time="0.014" />
  <testcase classname="ptolemy.util.test.junit.AutoTests" name="[336] /home/travis/build/icyphy/ptII/ptolemy/actor/lib/test/auto/SetVariable4.xml (RunModel)" time="0.026" />
  <testcase classname="ptolemy.util.test.junit.AutoTests" name="[337] /home/travis/build/icyphy/ptII/ptolemy/actor/lib/test/auto/SetVariable5.xml (RunModel)" time="0.035" />
  <testcase classname="ptolemy.util.test.junit.AutoTests" name="[338] /home/travis/build/icyphy/ptII/ptolemy/actor/lib/test/auto/Sinewave.xml (RunModel)" time="0.029" />
  <testcase classname="ptolemy.util.test.junit.AutoTests" name="[339] /home/travis/build/icyphy/ptII/ptolemy/actor/lib/test/auto/Sinewave2.xml (RunModel)" time="0.019" />
  <testcase classname="ptolemy.util.test.junit.AutoTests" name="[340] /home/travis/build/icyphy/ptII/ptolemy/actor/lib/test/auto/Sinewave3.xml (RunModel)" time="0.022" />
  <testcase classname="ptolemy.util.test.junit.AutoTests" name="[341] /home/travis/build/icyphy/ptII/ptolemy/actor/lib/test/auto/SingleEvent.xml (RunModel)" time="0.007" />
  <testcase classname="ptolemy.util.test.junit.AutoTests" name="[342] /home/travis/build/icyphy/ptII/ptolemy/actor/lib/test/auto/Sleep.xml (RunModel)" time="6.035" />
  <testcase classname="ptolemy.util.test.junit.AutoTests" name="[343] /home/travis/build/icyphy/ptII/ptolemy/actor/lib/test/auto/SleepMultipleFire.xml (RunModel)" time="1.027" />
  <testcase classname="ptolemy.util.test.junit.AutoTests" name="[344] /home/travis/build/icyphy/ptII/ptolemy/actor/lib/test/auto/StopDE.xml (RunModel)" time="0.021" />
  <testcase classname="ptolemy.util.test.junit.AutoTests" name="[345] /home/travis/build/icyphy/ptII/ptolemy/actor/lib/test/auto/StopSDF.xml (RunModel)" time="0.013" />
  <testcase classname="ptolemy.util.test.junit.AutoTests" name="[346] /home/travis/build/icyphy/ptII/ptolemy/actor/lib/test/auto/StringConstant.xml (RunModel)" time="0.018" />
  <testcase classname="ptolemy.util.test.junit.AutoTests" name="[347] /home/travis/build/icyphy/ptII/ptolemy/actor/lib/test/auto/SubscriberPortInitialValues1.xml (RunModel)" time="0.019" />
  <testcase classname="ptolemy.util.test.junit.AutoTests" name="[348] /home/travis/build/icyphy/ptII/ptolemy/actor/lib/test/auto/SubscriberPortInitialValues13.xml (RunModel)" time="0.026" />
  <testcase classname="ptolemy.util.test.junit.AutoTests" name="[349] /home/travis/build/icyphy/ptII/ptolemy/actor/lib/test/auto/SubscriberPortInitialValues14.xml (RunModel)" time="0.015" />
  <testcase classname="ptolemy.util.test.junit.AutoTests" name="[350] /home/travis/build/icyphy/ptII/ptolemy/actor/lib/test/auto/SubscriberPortInitialValues2.xml (RunModel)" time="0.017" />
  <testcase classname="ptolemy.util.test.junit.AutoTests" name="[351] /home/travis/build/icyphy/ptII/ptolemy/actor/lib/test/auto/SubscriberPortInitialValues3.xml (RunModel)" time="0.021" />
  <testcase classname="ptolemy.util.test.junit.AutoTests" name="[352] /home/travis/build/icyphy/ptII/ptolemy/actor/lib/test/auto/SubscriptionAggregator.xml (RunModel)" time="0.012" />
  <testcase classname="ptolemy.util.test.junit.AutoTests" name="[353] /home/travis/build/icyphy/ptII/ptolemy/actor/lib/test/auto/SubscriptionAggregator2.xml (RunModel)" time="0.011" />
  <testcase classname="ptolemy.util.test.junit.AutoTests" name="[354] /home/travis/build/icyphy/ptII/ptolemy/actor/lib/test/auto/SubscriptionAggregator3.xml (RunModel)" time="0.015" />
  <testcase classname="ptolemy.util.test.junit.AutoTests" name="[355] /home/travis/build/icyphy/ptII/ptolemy/actor/lib/test/auto/SubscriptionAggregatorMultiply.xml (RunModel)" time="0.025" />
  <testcase classname="ptolemy.util.test.junit.AutoTests" name="[356] /home/travis/build/icyphy/ptII/ptolemy/actor/lib/test/auto/SubscriptionAggregatorPortMultiply1.xml (RunModel)" time="0.013" />
  <testcase classname="ptolemy.util.test.junit.AutoTests" name="[357] /home/travis/build/icyphy/ptII/ptolemy/actor/lib/test/auto/Switch.xml (RunModel)" time="0.016" />
  <testcase classname="ptolemy.util.test.junit.AutoTests" name="[358] /home/travis/build/icyphy/ptII/ptolemy/actor/lib/test/auto/Switch2.xml (RunModel)" time="0.011" />
  <testcase classname="ptolemy.util.test.junit.AutoTests" name="[359] /home/travis/build/icyphy/ptII/ptolemy/actor/lib/test/auto/SwitchDE.xml (RunModel)" time="0.016" />
  <testcase classname="ptolemy.util.test.junit.AutoTests" name="[360] /home/travis/build/icyphy/ptII/ptolemy/actor/lib/test/auto/SynchronizerDE.xml (RunModel)" time="0.023" />
  <testcase classname="ptolemy.util.test.junit.AutoTests" name="[361] /home/travis/build/icyphy/ptII/ptolemy/actor/lib/test/auto/Test.xml (RunModel)" time="0.017" />
  <testcase classname="ptolemy.util.test.junit.AutoTests" name="[362] /home/travis/build/icyphy/ptII/ptolemy/actor/lib/test/auto/TestExceptionAttribute1.xml (RunModel)" time="0.007" />
  <testcase classname="ptolemy.util.test.junit.AutoTests" name="[363] /home/travis/build/icyphy/ptII/ptolemy/actor/lib/test/auto/TestExceptionAttribute2.xml (RunModel)" time="0.016" />
  <testcase classname="ptolemy.util.test.junit.AutoTests" name="[364] /home/travis/build/icyphy/ptII/ptolemy/actor/lib/test/auto/TestExceptionAttribute3.xml (RunModel)" time="0.006" />
  <testcase classname="ptolemy.util.test.junit.AutoTests" name="[365] /home/travis/build/icyphy/ptII/ptolemy/actor/lib/test/auto/TestExceptionAttribute4.xml (RunModel)" time="0.007" />
  <testcase classname="ptolemy.util.test.junit.AutoTests" name="[366] /home/travis/build/icyphy/ptII/ptolemy/actor/lib/test/auto/TestExceptionHandler1.xml (RunModel)" time="0.007" />
  <testcase classname="ptolemy.util.test.junit.AutoTests" name="[367] /home/travis/build/icyphy/ptII/ptolemy/actor/lib/test/auto/TestExceptionHandler2.xml (RunModel)" time="0.013" />
  <testcase classname="ptolemy.util.test.junit.AutoTests" name="[368] /home/travis/build/icyphy/ptII/ptolemy/actor/lib/test/auto/TestExceptionHandler3.xml (RunModel)" time="0.006" />
  <testcase classname="ptolemy.util.test.junit.AutoTests" name="[369] /home/travis/build/icyphy/ptII/ptolemy/actor/lib/test/auto/TestExceptionHandler4.xml (RunModel)" time="0.006" />
  <testcase classname="ptolemy.util.test.junit.AutoTests" name="[370] /home/travis/build/icyphy/ptII/ptolemy/actor/lib/test/auto/TestRequireCorrectOrder.xml (RunModel)" time="0.008" />
  <testcase classname="ptolemy.util.test.junit.AutoTests" name="[371] /home/travis/build/icyphy/ptII/ptolemy/actor/lib/test/auto/TestSimple.xml (RunModel)" time="0.011" />
  <testcase classname="ptolemy.util.test.junit.AutoTests" name="[372] /home/travis/build/icyphy/ptII/ptolemy/actor/lib/test/auto/ThrowModelError.xml (RunModel)" time="0.01" />
  <testcase classname="ptolemy.util.test.junit.AutoTests" name="[373] /home/travis/build/icyphy/ptII/ptolemy/actor/lib/test/auto/TimeDelayMicrosteps.xml (RunModel)" time="0.013" />
  <testcase classname="ptolemy.util.test.junit.AutoTests" name="[374] /home/travis/build/icyphy/ptII/ptolemy/actor/lib/test/auto/TimeDelayMicrosteps2.xml (RunModel)" time="0.018" />
  <testcase classname="ptolemy.util.test.junit.AutoTests" name="[375] /home/travis/build/icyphy/ptII/ptolemy/actor/lib/test/auto/TimeDelayMicrosteps3.xml (RunModel)" time="0.012" />
  <testcase classname="ptolemy.util.test.junit.AutoTests" name="[376] /home/travis/build/icyphy/ptII/ptolemy/actor/lib/test/auto/TimeDelayVariableMicrosteps.xml (RunModel)" time="0.011" />
  <testcase classname="ptolemy.util.test.junit.AutoTests" name="[377] /home/travis/build/icyphy/ptII/ptolemy/actor/lib/test/auto/TimeGap.xml (RunModel)" time="0.016" />
  <testcase classname="ptolemy.util.test.junit.AutoTests" name="[378] /home/travis/build/icyphy/ptII/ptolemy/actor/lib/test/auto/TimeGap2.xml (RunModel)" time="0.011" />
  <testcase classname="ptolemy.util.test.junit.AutoTests" name="[379] /home/travis/build/icyphy/ptII/ptolemy/actor/lib/test/auto/TimedSinewave.xml (RunModel)" time="0.061" />
  <testcase classname="ptolemy.util.test.junit.AutoTests" name="[380] /home/travis/build/icyphy/ptII/ptolemy/actor/lib/test/auto/TimedSinewavePhase.xml (RunModel)" time="0.025" />
  <testcase classname="ptolemy.util.test.junit.AutoTests" name="[381] /home/travis/build/icyphy/ptII/ptolemy/actor/lib/test/auto/Timer.xml (RunModel)" time="0.017" />
  <testcase classname="ptolemy.util.test.junit.AutoTests" name="[382] /home/travis/build/icyphy/ptII/ptolemy/actor/lib/test/auto/TriangularDistTestModel.xml (RunModel)" time="0.022" />
  <testcase classname="ptolemy.util.test.junit.AutoTests" name="[383] /home/travis/build/icyphy/ptII/ptolemy/actor/lib/test/auto/TrigFunction.xml (RunModel)" time="0.008" />
  <testcase classname="ptolemy.util.test.junit.AutoTests" name="[384] /home/travis/build/icyphy/ptII/ptolemy/actor/lib/test/auto/TrigFunctionDE.xml (RunModel)" time="0.011" />
  <testcase classname="ptolemy.util.test.junit.AutoTests" name="[385] /home/travis/build/icyphy/ptII/ptolemy/actor/lib/test/auto/TrigFunctionInverse.xml (RunModel)" time="0.01" />
  <testcase classname="ptolemy.util.test.junit.AutoTests" name="[386] /home/travis/build/icyphy/ptII/ptolemy/actor/lib/test/auto/TrigFunctionTan.xml (RunModel)" time="0.006" />
  <testcase classname="ptolemy.util.test.junit.AutoTests" name="[387] /home/travis/build/icyphy/ptII/ptolemy/actor/lib/test/auto/TriggeredClock.xml (RunModel)" time="0.007" />
  <testcase classname="ptolemy.util.test.junit.AutoTests" name="[388] /home/travis/build/icyphy/ptII/ptolemy/actor/lib/test/auto/URLDirectoryReader.xml (RunModel)" time="0.126" />
  <testcase classname="ptolemy.util.test.junit.AutoTests" name="[389] /home/travis/build/icyphy/ptII/ptolemy/actor/lib/test/auto/URLDirectoryReader3.xml (RunModel)" time="1.36" />
  <testcase classname="ptolemy.util.test.junit.AutoTests" name="[390] /home/travis/build/icyphy/ptII/ptolemy/actor/lib/test/auto/UnaryMathFunction.xml (RunModel)" time="0.027" />
  <testcase classname="ptolemy.util.test.junit.AutoTests" name="[391] /home/travis/build/icyphy/ptII/ptolemy/actor/lib/test/auto/Uniform.xml (RunModel)" time="0.018" />
  <testcase classname="ptolemy.util.test.junit.AutoTests" name="[392] /home/travis/build/icyphy/ptII/ptolemy/actor/lib/test/auto/UnionDisassemblerTest.xml (RunModel)" time="0.018" />
  <testcase classname="ptolemy.util.test.junit.AutoTests" name="[393] /home/travis/build/icyphy/ptII/ptolemy/actor/lib/test/auto/UtilityFunctions.xml (RunModel)" time="0.008" />
  <testcase classname="ptolemy.util.test.junit.AutoTests" name="[394] /home/travis/build/icyphy/ptII/ptolemy/actor/lib/test/auto/VariableSleep.xml (RunModel)" time="0.513" />
  <testcase classname="ptolemy.util.test.junit.AutoTests" name="[395] /home/travis/build/icyphy/ptII/ptolemy/actor/lib/test/auto/VectorAssemblerDisassemblerCT.xml (RunModel)" time="0.208" />
  <testcase classname="ptolemy.util.test.junit.AutoTests" name="[396] /home/travis/build/icyphy/ptII/ptolemy/actor/lib/test/auto/VectorAssemblerDisassemblerDE.xml (RunModel)" time="0.047" />
  <testcase classname="ptolemy.util.test.junit.AutoTests" name="[397] /home/travis/build/icyphy/ptII/ptolemy/actor/lib/test/auto/VectorAssemblerDisassemblerSDF.xml (RunModel)" time="0.042" />
  <testcase classname="ptolemy.util.test.junit.AutoTests" name="[398] /home/travis/build/icyphy/ptII/ptolemy/actor/lib/test/auto/WallClockTime.xml (RunModel)" time="1.041" />
  <testcase classname="ptolemy.util.test.junit.AutoTests" name="[399] /home/travis/build/icyphy/ptII/ptolemy/actor/lib/test/auto/WidthTestWithSubscriberPublisher.xml (RunModel)" time="0.041" />
  <testcase classname="ptolemy.util.test.junit.AutoTests" name="[400] /home/travis/build/icyphy/ptII/ptolemy/actor/lib/test/auto/WidthTestWithSubscriberPublisher2.xml (RunModel)" time="0.016" />
  <testcase classname="ptolemy.util.test.junit.AutoTests" name="[401] /home/travis/build/icyphy/ptII/ptolemy/actor/lib/test/auto/WidthTestWithSubscriberPublisher3.xml (RunModel)" time="0.013" />
  <testcase classname="ptolemy.util.test.junit.AutoTests" name="[402] /home/travis/build/icyphy/ptII/ptolemy/actor/lib/test/auto/Writer.xml (RunModel)" time="0.008" />
  <testcase classname="ptolemy.util.test.junit.AutoTests" name="[403] /home/travis/build/icyphy/ptII/ptolemy/actor/lib/test/auto/array.xml (RunModel)" time="0.027" />
  <testcase classname="ptolemy.util.test.junit.AutoTests" name="[404] /home/travis/build/icyphy/ptII/ptolemy/actor/lib/test/auto/array2.xml (RunModel)" time="0.013" />
  <testcase classname="ptolemy.util.test.junit.AutoTests" name="[405] /home/travis/build/icyphy/ptII/ptolemy/actor/lib/test/auto/arrayType.xml (RunModel)" time="0.011" />
  <testcase classname="ptolemy.util.test.junit.AutoTests" name="[406] /home/travis/build/icyphy/ptII/ptolemy/actor/lib/test/auto/arrayType10.xml (RunModel)" time="0.009" />
  <testcase classname="ptolemy.util.test.junit.AutoTests" name="[407] /home/travis/build/icyphy/ptII/ptolemy/actor/lib/test/auto/arrayType11.xml (RunModel)" time="0.008" />
  <testcase classname="ptolemy.util.test.junit.AutoTests" name="[408] /home/travis/build/icyphy/ptII/ptolemy/actor/lib/test/auto/arrayType12.xml (RunModel)" time="0.009" />
  <testcase classname="ptolemy.util.test.junit.AutoTests" name="[409] /home/travis/build/icyphy/ptII/ptolemy/actor/lib/test/auto/arrayType13.xml (RunModel)" time="0.01" />
  <testcase classname="ptolemy.util.test.junit.AutoTests" name="[410] /home/travis/build/icyphy/ptII/ptolemy/actor/lib/test/auto/arrayType14.xml (RunModel)" time="0.009" />
  <testcase classname="ptolemy.util.test.junit.AutoTests" name="[411] /home/travis/build/icyphy/ptII/ptolemy/actor/lib/test/auto/arrayType15.xml (RunModel)" time="0.011" />
  <testcase classname="ptolemy.util.test.junit.AutoTests" name="[412] /home/travis/build/icyphy/ptII/ptolemy/actor/lib/test/auto/arrayType16.xml (RunModel)" time="0.009" />
  <testcase classname="ptolemy.util.test.junit.AutoTests" name="[413] /home/travis/build/icyphy/ptII/ptolemy/actor/lib/test/auto/arrayType17.xml (RunModel)" time="0.009" />
  <testcase classname="ptolemy.util.test.junit.AutoTests" name="[414] /home/travis/build/icyphy/ptII/ptolemy/actor/lib/test/auto/arrayType18.xml (RunModel)" time="0.008" />
  <testcase classname="ptolemy.util.test.junit.AutoTests" name="[415] /home/travis/build/icyphy/ptII/ptolemy/actor/lib/test/auto/arrayType19.xml (RunModel)" time="0.01" />
  <testcase classname="ptolemy.util.test.junit.AutoTests" name="[416] /home/travis/build/icyphy/ptII/ptolemy/actor/lib/test/auto/arrayType2.xml (RunModel)" time="0.009" />
  <testcase classname="ptolemy.util.test.junit.AutoTests" name="[417] /home/travis/build/icyphy/ptII/ptolemy/actor/lib/test/auto/arrayType20.xml (RunModel)" time="0.01" />
  <testcase classname="ptolemy.util.test.junit.AutoTests" name="[418] /home/travis/build/icyphy/ptII/ptolemy/actor/lib/test/auto/arrayType21.xml (RunModel)" time="0.008" />
  <testcase classname="ptolemy.util.test.junit.AutoTests" name="[419] /home/travis/build/icyphy/ptII/ptolemy/actor/lib/test/auto/arrayType22.xml (RunModel)" time="0.007" />
  <testcase classname="ptolemy.util.test.junit.AutoTests" name="[420] /home/travis/build/icyphy/ptII/ptolemy/actor/lib/test/auto/arrayType23.xml (RunModel)" time="0.008" />
  <testcase classname="ptolemy.util.test.junit.AutoTests" name="[421] /home/travis/build/icyphy/ptII/ptolemy/actor/lib/test/auto/arrayType24.xml (RunModel)" time="0.008" />
  <testcase classname="ptolemy.util.test.junit.AutoTests" name="[422] /home/travis/build/icyphy/ptII/ptolemy/actor/lib/test/auto/arrayType25.xml (RunModel)" time="0.009" />
  <testcase classname="ptolemy.util.test.junit.AutoTests" name="[423] /home/travis/build/icyphy/ptII/ptolemy/actor/lib/test/auto/arrayType26.xml (RunModel)" time="0.008" />
  <testcase classname="ptolemy.util.test.junit.AutoTests" name="[424] /home/travis/build/icyphy/ptII/ptolemy/actor/lib/test/auto/arrayType27.xml (RunModel)" time="0.007" />
  <testcase classname="ptolemy.util.test.junit.AutoTests" name="[425] /home/travis/build/icyphy/ptII/ptolemy/actor/lib/test/auto/arrayType28.xml (RunModel)" time="0.01" />
  <testcase classname="ptolemy.util.test.junit.AutoTests" name="[426] /home/travis/build/icyphy/ptII/ptolemy/actor/lib/test/auto/arrayType3.xml (RunModel)" time="0.013" />
  <testcase classname="ptolemy.util.test.junit.AutoTests" name="[427] /home/travis/build/icyphy/ptII/ptolemy/actor/lib/test/auto/arrayType4.xml (RunModel)" time="0.01" />
  <testcase classname="ptolemy.util.test.junit.AutoTests" name="[428] /home/travis/build/icyphy/ptII/ptolemy/actor/lib/test/auto/arrayType5.xml (RunModel)" time="0.008" />
  <testcase classname="ptolemy.util.test.junit.AutoTests" name="[429] /home/travis/build/icyphy/ptII/ptolemy/actor/lib/test/auto/arrayType6.xml (RunModel)" time="0.007" />
  <testcase classname="ptolemy.util.test.junit.AutoTests" name="[430] /home/travis/build/icyphy/ptII/ptolemy/actor/lib/test/auto/arrayType7.xml (RunModel)" time="0.012" />
  <testcase classname="ptolemy.util.test.junit.AutoTests" name="[431] /home/travis/build/icyphy/ptII/ptolemy/actor/lib/test/auto/arrayType8.xml (RunModel)" time="0.011" />
  <testcase classname="ptolemy.util.test.junit.AutoTests" name="[432] /home/travis/build/icyphy/ptII/ptolemy/actor/lib/test/auto/arrayType9.xml (RunModel)" time="0.021" />
  <testcase classname="ptolemy.util.test.junit.AutoTests" name="[433] /home/travis/build/icyphy/ptII/ptolemy/actor/lib/test/auto/cast.xml (RunModel)" time="0.009" />
  <testcase classname="ptolemy.util.test.junit.AutoTests" name="[434] /home/travis/build/icyphy/ptII/ptolemy/actor/lib/test/auto/compositeMultiPort.xml (RunModel)" time="0.019" />
  <testcase classname="ptolemy.util.test.junit.AutoTests" name="[435] /home/travis/build/icyphy/ptII/ptolemy/actor/lib/test/auto/expressionCastInference.xml (RunModel)" time="0.009" />
  <testcase classname="ptolemy.util.test.junit.AutoTests" name="[436] /home/travis/build/icyphy/ptII/ptolemy/actor/lib/test/auto/expressionCastInference2.xml (RunModel)" time="0.008" />
  <testcase classname="ptolemy.util.test.junit.AutoTests" name="[437] /home/travis/build/icyphy/ptII/ptolemy/actor/lib/test/auto/expressionInference.xml (RunModel)" time="0.007" />
  <testcase classname="ptolemy.util.test.junit.AutoTests" name="[438] /home/travis/build/icyphy/ptII/ptolemy/actor/lib/test/auto/expression_bug.xml (RunModel)" time="0.008" />
  <testcase classname="ptolemy.util.test.junit.AutoTests" name="[439] /home/travis/build/icyphy/ptII/ptolemy/actor/lib/test/auto/factorial.xml (RunModel)" time="0.065" />
  <testcase classname="ptolemy.util.test.junit.AutoTests" name="[440] /home/travis/build/icyphy/ptII/ptolemy/actor/lib/test/auto/filterTest1.xml (RunModel)" time="0.013" />
  <testcase classname="ptolemy.util.test.junit.AutoTests" name="[441] /home/travis/build/icyphy/ptII/ptolemy/actor/lib/test/auto/funcApplyInConst.xml (RunModel)" time="0.006" />
  <testcase classname="ptolemy.util.test.junit.AutoTests" name="[442] /home/travis/build/icyphy/ptII/ptolemy/actor/lib/test/auto/funcApplyInExpr.xml (RunModel)" time="0.005" />
  <testcase classname="ptolemy.util.test.junit.AutoTests" name="[443] /home/travis/build/icyphy/ptII/ptolemy/actor/lib/test/auto/function.xml (RunModel)" time="0.042" />
  <testcase classname="ptolemy.util.test.junit.AutoTests" name="[444] /home/travis/build/icyphy/ptII/ptolemy/actor/lib/test/auto/function2.xml (RunModel)" time="0.033" />
  <testcase classname="ptolemy.util.test.junit.AutoTests" name="[445] /home/travis/build/icyphy/ptII/ptolemy/actor/lib/test/auto/function3.xml (RunModel)" time="0.031" />
  <testcase classname="ptolemy.util.test.junit.AutoTests" name="[446] /home/travis/build/icyphy/ptII/ptolemy/actor/lib/test/auto/functionClosureTest1.xml (RunModel)" time="0.044" />
  <testcase classname="ptolemy.util.test.junit.AutoTests" name="[447] /home/travis/build/icyphy/ptII/ptolemy/actor/lib/test/auto/functionClosureTest2.xml (RunModel)" time="0.071" />
  <testcase classname="ptolemy.util.test.junit.AutoTests" name="[448] /home/travis/build/icyphy/ptII/ptolemy/actor/lib/test/auto/functionClosureTest3.xml (RunModel)" time="0.04" />
  <testcase classname="ptolemy.util.test.junit.AutoTests" name="[449] /home/travis/build/icyphy/ptII/ptolemy/actor/lib/test/auto/functionClosureTest4.xml (RunModel)" time="0.046" />
  <testcase classname="ptolemy.util.test.junit.AutoTests" name="[450] /home/travis/build/icyphy/ptII/ptolemy/actor/lib/test/auto/functionClosureTest5.xml (RunModel)" time="0.021" />
  <testcase classname="ptolemy.util.test.junit.AutoTests" name="[451] /home/travis/build/icyphy/ptII/ptolemy/actor/lib/test/auto/functionClosureTest6.xml (RunModel)" time="0.009" />
  <testcase classname="ptolemy.util.test.junit.AutoTests" name="[452] /home/travis/build/icyphy/ptII/ptolemy/actor/lib/test/auto/functionsOnArcs.xml (RunModel)" time="0.01" />
  <testcase classname="ptolemy.util.test.junit.AutoTests" name="[453] /home/travis/build/icyphy/ptII/ptolemy/actor/lib/test/auto/functionsOnArcsHOF.xml (RunModel)" time="0.012" />
  <testcase classname="ptolemy.util.test.junit.AutoTests" name="[454] /home/travis/build/icyphy/ptII/ptolemy/actor/lib/test/auto/logic.xml (RunModel)" time="0.018" />
  <testcase classname="ptolemy.util.test.junit.AutoTests" name="[455] /home/travis/build/icyphy/ptII/ptolemy/actor/lib/test/auto/matrixType.xml (RunModel)" time="0.009" />
  <testcase classname="ptolemy.util.test.junit.AutoTests" name="[456] /home/travis/build/icyphy/ptII/ptolemy/actor/lib/test/auto/matrixType10.xml (RunModel)" time="0.009" />
  <testcase classname="ptolemy.util.test.junit.AutoTests" name="[457] /home/travis/build/icyphy/ptII/ptolemy/actor/lib/test/auto/matrixType11.xml (RunModel)" time="0.009" />
  <testcase classname="ptolemy.util.test.junit.AutoTests" name="[458] /home/travis/build/icyphy/ptII/ptolemy/actor/lib/test/auto/matrixType12.xml (RunModel)" time="0.011" />
  <testcase classname="ptolemy.util.test.junit.AutoTests" name="[459] /home/travis/build/icyphy/ptII/ptolemy/actor/lib/test/auto/matrixType13.xml (RunModel)" time="0.01" />
  <testcase classname="ptolemy.util.test.junit.AutoTests" name="[460] /home/travis/build/icyphy/ptII/ptolemy/actor/lib/test/auto/matrixType14.xml (RunModel)" time="0.01" />
  <testcase classname="ptolemy.util.test.junit.AutoTests" name="[461] /home/travis/build/icyphy/ptII/ptolemy/actor/lib/test/auto/matrixType2.xml (RunModel)" time="0.008" />
  <testcase classname="ptolemy.util.test.junit.AutoTests" name="[462] /home/travis/build/icyphy/ptII/ptolemy/actor/lib/test/auto/matrixType3.xml (RunModel)" time="0.011" />
  <testcase classname="ptolemy.util.test.junit.AutoTests" name="[463] /home/travis/build/icyphy/ptII/ptolemy/actor/lib/test/auto/matrixType4.xml (RunModel)" time="0.008" />
  <testcase classname="ptolemy.util.test.junit.AutoTests" name="[464] /home/travis/build/icyphy/ptII/ptolemy/actor/lib/test/auto/matrixType5.xml (RunModel)" time="0.008" />
  <testcase classname="ptolemy.util.test.junit.AutoTests" name="[465] /home/travis/build/icyphy/ptII/ptolemy/actor/lib/test/auto/matrixType6.xml (RunModel)" time="0.008" />
  <testcase classname="ptolemy.util.test.junit.AutoTests" name="[466] /home/travis/build/icyphy/ptII/ptolemy/actor/lib/test/auto/matrixType7.xml (RunModel)" time="0.009" />
  <testcase classname="ptolemy.util.test.junit.AutoTests" name="[467] /home/travis/build/icyphy/ptII/ptolemy/actor/lib/test/auto/matrixType8.xml (RunModel)" time="0.011" />
  <testcase classname="ptolemy.util.test.junit.AutoTests" name="[468] /home/travis/build/icyphy/ptII/ptolemy/actor/lib/test/auto/matrixType9.xml (RunModel)" time="0.008" />
  <testcase classname="ptolemy.util.test.junit.AutoTests" name="[469] /home/travis/build/icyphy/ptII/ptolemy/actor/lib/test/auto/paraFunctest.xml (RunModel)" time="0.007" />
  <testcase classname="ptolemy.util.test.junit.AutoTests" name="[470] /home/travis/build/icyphy/ptII/ptolemy/actor/lib/test/auto/paraFunctest2.xml (RunModel)" time="0.012" />
  <testcase classname="ptolemy.util.test.junit.AutoTests" name="[471] /home/travis/build/icyphy/ptII/ptolemy/actor/lib/test/auto/parameterPassing.xml (RunModel)" time="0.009" />
  <testcase classname="ptolemy.util.test.junit.AutoTests" name="[472] /home/travis/build/icyphy/ptII/ptolemy/actor/lib/test/auto/record.xml (RunModel)" time="0.009" />
  <testcase classname="ptolemy.util.test.junit.AutoTests" name="[473] /home/travis/build/icyphy/ptII/ptolemy/actor/lib/test/auto/sizedarray1.xml (RunModel)" time="0.01" />
  <testcase classname="ptolemy.util.test.junit.AutoTests" name="[474] /home/travis/build/icyphy/ptII/ptolemy/actor/lib/test/auto/sizedarray2.xml (RunModel)" time="0.01" />
  <testcase classname="ptolemy.util.test.junit.AutoTests" name="[475] /home/travis/build/icyphy/ptII/ptolemy/actor/lib/test/auto/twoPublishers.xml (RunModel)" time="0.022" />
  <system-out><![CDATA[/home/travis/build/icyphy/ptII/ptolemy/actor/lib/test/AbsoluteValue.tcl
testDefs.tcl: setting time out to 9000 seconds at Sat Jun 22 04:46:31 UTC 2019
87 ms. Memory: 120832K Free: 100279K (83%)
5 ms. Memory: 120832K Free: 98531K (82%)
5 ms. Memory: 120832K Free: 97647K (81%)
10 ms. Memory: 120832K Free: 96892K (80%)
/home/travis/build/icyphy/ptII/ptolemy/actor/lib/test/AddSubtract.tcl
17 ms. Memory: 120832K Free: 107842K (89%)
11 ms. Memory: 120832K Free: 106826K (88%)
6 ms. Memory: 120832K Free: 106381K (88%)
14 ms. Memory: 120832K Free: 105403K (87%)
93 ms. Memory: 120832K Free: 102330K (85%)
9 ms. Memory: 120832K Free: 101698K (84%)
/home/travis/build/icyphy/ptII/ptolemy/actor/lib/test/Average.tcl
7 ms. Memory: 120832K Free: 100253K (83%)
5 ms. Memory: 120832K Free: 98634K (82%)
/home/travis/build/icyphy/ptII/ptolemy/actor/lib/test/Bernoulli.tcl
4 ms. Memory: 120832K Free: 97173K (80%)
2 ms. Memory: 120832K Free: 97030K (80%)
/home/travis/build/icyphy/ptII/ptolemy/actor/lib/test/Clock.tcl
preinitializing
resolving types
initializing
executing number 1
wrapping up
idle
30 ms. Memory: 120832K Free: 94139K (78%)
Completed execution with 5 iterations
preinitializing
resolving types
initializing
executing number 1
wrapping up
idle
4 ms. Memory: 120832K Free: 93498K (77%)
Completed execution with 5 iterations
preinitializing
resolving types
initializing
executing number 1
wrapping up
idle
12 ms. Memory: 120832K Free: 92934K (77%)
Completed execution with 5 iterations
/home/travis/build/icyphy/ptII/ptolemy/actor/lib/test/Commutator.tcl
15 ms. Memory: 120832K Free: 91035K (75%)
7 ms. Memory: 120832K Free: 89862K (74%)


==== $PTII/ptolemy/actor/lib/test/Commutator.tcl: Commutator-4.1 run with mutations
==== Contents of test case:

    # Grab stdout and put it into results
    jdkCapture {
	$m addChangeListener  [java::new ptolemy.kernel.util.StreamChangeListener]

	set dir [$e0 getDirector]
	#	$dir addDebugListener  #		[java::new ptolemy.kernel.util.StreamListener]
	$m initialize
	$m iterate
	set c1 [java::new ptolemy.moml.MoMLChangeRequest $e0 $e0  {<deleteEntity name="ramp1"/>}]
	set c2 [java::new ptolemy.moml.MoMLChangeRequest $e0 $e0  {<deleteRelation name="r1"/>}]
	$e0 requestChange $c1
	$e0 requestChange $c2
	$m iterate
	$m wrapup
    } results
    # The MoML within <group> ...</group> comes 
    # from SDFScheduler._setBufferSize
    list $results  [enumToTokenValues [$rec getRecord 0]]

==== Result was:
{} {0 0 1}
---- Result should have been:
{StreamChangeRequest.changeExecuted(): <deleteEntity name="ramp1"/> succeeded
StreamChangeRequest.changeExecuted(): <deleteRelation name="r1"/> succeeded
StreamChangeRequest.changeExecuted(): Record firings per iteration succeeded
} {0 0 1}
---- Commutator-4.1 FAILED
13 ms. Memory: 161792K Free: 145291K (90%)
/home/travis/build/icyphy/ptII/ptolemy/actor/lib/test/Const.tcl
4 ms. Memory: 161792K Free: 143243K (89%)
3 ms. Memory: 161792K Free: 142699K (88%)
3 ms. Memory: 161792K Free: 142219K (88%)
3 ms. Memory: 161792K Free: 141691K (88%)
3 ms. Memory: 161792K Free: 141195K (87%)
24 ms. Memory: 161792K Free: 139657K (86%)
10 ms. Memory: 161792K Free: 138627K (86%)
4 ms. Memory: 161792K Free: 137595K (85%)
/home/travis/build/icyphy/ptII/ptolemy/actor/lib/test/CurrentTime.tcl
preinitializing
resolving types
initializing
executing number 1
wrapping up
idle
11 ms. Memory: 161792K Free: 135561K (84%)
Completed execution with 11 iterations
/home/travis/build/icyphy/ptII/ptolemy/actor/lib/test/DB.tcl
5 ms. Memory: 161792K Free: 134027K (83%)
3 ms. Memory: 161792K Free: 133499K (83%)
2 ms. Memory: 161792K Free: 133003K (82%)
/home/travis/build/icyphy/ptII/ptolemy/actor/lib/test/DiscreteRandomSource.tcl
preinitializing
resolving types
initializing
executing number 1
wrapping up
idle
5 ms. Memory: 161792K Free: 131451K (81%)
Completed execution with 4 iterations
preinitializing
resolving types
initializing
executing number 1
wrapping up
idle
3 ms. Memory: 161792K Free: 131451K (81%)
Completed execution with 4 iterations
preinitializing
resolving types
initializing
executing number 1
wrapping up
idle
2 ms. Memory: 161792K Free: 130955K (81%)
Completed execution with 4 iterations
preinitializing
resolving types
initializing
executing number 1
wrapping up
idle
2 ms. Memory: 161792K Free: 130411K (81%)
Completed execution with 4 iterations
preinitializing
resolving types
initializing
executing number 1
wrapping up
idle
12 ms. Memory: 161792K Free: 129931K (80%)
Completed execution with 4 iterations
/home/travis/build/icyphy/ptII/ptolemy/actor/lib/test/Distributor.tcl
6 ms. Memory: 161792K Free: 128363K (79%)
4 ms. Memory: 161792K Free: 127369K (79%)
StreamChangeRequest.changeExecuted(): <deleteEntity name="rec2"/> succeeded
StreamChangeRequest.changeExecuted(): <deleteRelation name="r2"/> succeeded
StreamChangeRequest.changeExecuted(): Record firings per iteration succeeded
11 ms. Memory: 161792K Free: 124811K (77%)
/home/travis/build/icyphy/ptII/ptolemy/actor/lib/test/Exit.tcl
Exit.tcl: this will print a message about Manager.exitAfterWrapup, which can be ignored.
14 ms. Memory: 161792K Free: 122085K (75%)
/home/travis/build/icyphy/ptII/ptolemy/actor/lib/test/Expression.tcl
26 ms. Memory: 161792K Free: 118139K (73%)
20 ms. Memory: 161792K Free: 117643K (73%)
3 ms. Memory: 161792K Free: 117099K (72%)
preinitializing
resolving types
initializing
executing number 1
wrapping up
idle
15 ms. Memory: 161792K Free: 115595K (71%)
Completed execution with 6 iterations
4 ms. Memory: 161792K Free: 147359K (91%)
3 ms. Memory: 161792K Free: 146831K (91%)
6 ms. Memory: 161792K Free: 145311K (90%)
7 ms. Memory: 161792K Free: 144287K (89%)
8 ms. Memory: 161792K Free: 142735K (88%)
/home/travis/build/icyphy/ptII/ptolemy/actor/lib/test/Gaussian.tcl
9 ms. Memory: 161792K Free: 141215K (87%)
sleeping 1 seconds: ...............................................................................................................................................................................................................................................................................................................................................................................................................................................................................................................................................................................................................................................................................................................................................................................................................................................................................................................................................................................................................................................................................................................................................................................................................................................................................................................................................................................................................................................................................................................................................................................................................................................................................................................................................................................................................................................................................................................................................................................................................................................................................................................................................................................................................................................................................................................................................................................................................................................................................................................................................................................................................................................................................................................................................................................................................................................................................................................................................................................................................................................................................................................................................................................................................................................................................................................................................................................................................................................................................................................................................................................................................................................................................................................................................................................................................................................................................................................................................................................................................................................................................................................................................................................................................................................................................................................................................................................................................................................................................................................................................................................................................................................................................................................................................................................................................................................................................................................................................................................................................................................................................................................................................................................................................................................................................................................................................................................................................................................................................................................................................................................................................................................................................................................................................................................................................................................................................................................................................................................................................................................................................................................................................................................................................................................................................................................................................................................................................................................................................................................................................................................................................................................................................................................................................................................................................................................................................................................................................................................................................................................................................................................................................................................................................................................................................................................................................................................................................................................................................................................................................................................................................................................................................................................................................................................................................................................................................................................................................................................................................................................................................................................................................................................................................................................................................................................................................................................................................................................................................................................................................................................................................................................................................................................................................................................................................................................................................................................................................................................................................................................................................................................................................................................................................................................................................................................................................................................................................................................................................................................................................................................................................................................................................................................................................................................................................................................................................................................................................................................................................................................................................................................................................................................................................................................................................................................................................................................................................................................................................................................................................................................................................................................................................................................................................................................................................................................................................................................................................................................................................................................................................................................................................................................................................................................................................................................................................................................................................................................................................................................................................................................................................................................................................................................................................................................................................................................................................................................................................................................................................................................................................................................................................................................................................................................................................................................................................................................................................................................................................................................................................................................................................................................................................................................................................................................................................................................................................................................................................................................................................................................................................................................................................................................................................................................................................................................................................................................................................................................................................................................................................................................................................................................................................................................................................................................................................................................................................................................................................................................................................................................................................................................................................................................................................................................................................................................................................................................................................................................................................................................................................................................................................................................................................................................................................................................................................................................................................................................................................................................................................................................................................................................................................................................................................................................................................................................................................................................................................................................................................................................................................................................................................................................................................................................................................................................................................................................................................................................................................................................................................................................................................................................................................................................................................................................................................................................................................................................................................................................................................................................................................................................................................................................................................................................................................................................................................................................................................................................................................................................................................................................................................................................................................................................................................................................................................................................................................................................................................................................................................................................................................................................................................................................................................................................................................................................................................................................................................................................................................................................................................................................................................................................................................................................................................................................................................................................................................................................................................................................................................................................................................................................................................................................................................................................................................................................................................................................................................................................................................................................................................................................................................................................................................................................................................................................................................................................................................................................................................................................................................................................................................................................................................................................................................................................................................................................................................................................................................................................................................................................................................................................................................................................................................................................................................................................................................................................................................................................................................................................................................................................................................................................................................................................................................................................................................................................................................................................................................................................................................................................................................................................................................................................................................................................................................................................................................................................................................................................................................................................................................................................................................................................................................................................................................................................................................................................................................................................................................................................................................................................................................................................................................................................................................................................................................................................................................................................................................................................................................................................................................................................................................................................................................................................................................................................................................................................................................................................................................................................................................................................................................................................................................................................................................................................................................................................................................................................................................................................................................................................................................................................................................................................................................................................................................................................................................................................................................................................................................................................................................................................................................................................................................................................................................................................................................................................................................................................................................................................................................................................................................................................................................................................................................................................................................................................................................................................................................................................................................................................................................................................................................................................................................................................................................................................................................................................................................................................................................................................................................................................................................................................................................................................................................................................................................................................................................................................................................................................................................................................................................................................................................................................................................................................................................................................................................................................................................................................................................................................................................................................................................................................................................................................................................................................................................................................................................................................................................................................................................................................................................................................................................................................................................................................................................................................................................................................................................................................................................................................................................................................................................................................................................................................................................................................................................................................................................................................................................................................................................................................................................................................................................................................................................................................................................................................................................................................................................................................................................................................................................................................................................................................................................................................................................................................................................................................................................................................................................................................................................................................................................................................................................................................................................................................................................................................................................................................................................................................................................................................................................................................................................................................................................................................................................................................................................................................................................................................................................................................................................6 ms. Memory: 161792K Free: 83091K (51%)
3 ms. Memory: 161792K Free: 82118K (51%)
1 ms. Memory: 161792K Free: 81622K (50%)
6 ms. Memory: 161792K Free: 81094K (50%)
6 ms. Memory: 161792K Free: 80078K (49%)
/home/travis/build/icyphy/ptII/ptolemy/actor/lib/test/IIR.tcl
/home/travis/build/icyphy/ptII/ptolemy/actor/lib/test/Interpolator.tcl
6 ms. Memory: 161792K Free: 76502K (47%)
4 ms. Memory: 161792K Free: 75982K (47%)
2 ms. Memory: 161792K Free: 75478K (47%)
2 ms. Memory: 161792K Free: 74964K (46%)
8 ms. Memory: 161792K Free: 73940K (46%)
6 ms. Memory: 161792K Free: 73430K (45%)
3 ms. Memory: 161792K Free: 72406K (45%)
3 ms. Memory: 161792K Free: 71382K (44%)
2 ms. Memory: 161792K Free: 70358K (43%)
3 ms. Memory: 161792K Free: 69844K (43%)
/home/travis/build/icyphy/ptII/ptolemy/actor/lib/test/MathFunction.tcl
8 ms. Memory: 161792K Free: 67782K (42%)
5 ms. Memory: 161792K Free: 66262K (41%)
8 ms. Memory: 161792K Free: 65238K (40%)
3 ms. Memory: 161792K Free: 64710K (40%)
10 ms. Memory: 161792K Free: 63190K (39%)
22 ms. Memory: 161792K Free: 146752K (91%)
/home/travis/build/icyphy/ptII/ptolemy/actor/lib/test/Maximum.tcl
6 ms. Memory: 161792K Free: 145208K (90%)
2 ms. Memory: 161792K Free: 144145K (89%)
2 ms. Memory: 161792K Free: 143680K (89%)
2 ms. Memory: 161792K Free: 143160K (88%)
/home/travis/build/icyphy/ptII/ptolemy/actor/lib/test/Minimum.tcl
4 ms. Memory: 161792K Free: 141118K (87%)
2 ms. Memory: 161792K Free: 140608K (87%)
2 ms. Memory: 161792K Free: 140064K (87%)
1 ms. Memory: 161792K Free: 139584K (86%)
/home/travis/build/icyphy/ptII/ptolemy/actor/lib/test/MultiplyDivide.tcl
11 ms. Memory: 161792K Free: 137536K (85%)
4 ms. Memory: 161792K Free: 136512K (84%)
4 ms. Memory: 161792K Free: 135984K (84%)
4 ms. Memory: 161792K Free: 135488K (84%)
4 ms. Memory: 161792K Free: 134464K (83%)
/home/travis/build/icyphy/ptII/ptolemy/actor/lib/test/OrderedMerge.tcl
Connections changed on port: inputA
Connections changed on port: inputB
Connections changed on port: output
Connections changed on port: output
Connections changed on port: output
Connections changed on port: input
.top. Preinitializing ...
Invoking preinitialize():  .top.OrderedMerge
Called preinitialize()
Invoking preinitialize():  .top.Ramp
Called preinitialize()
Invoking preinitialize():  .top.Ramp2
Called preinitialize()
Invoking preinitialize():  .top.Test
Called preinitialize()
Connections changed on port: inputA
Connections changed on port: output
Connections changed on port: output
Connections changed on port: input
Connections changed on port: inputB
Connections changed on port: output
.top. Finished preinitialize().
Called initialize().
Invoking initialize():  .top.OrderedMerge
Initializing actor: .top.OrderedMerge
Adding a thread: .top.OrderedMerge
Invoking initialize():  .top.Ramp
Initializing actor: .top.Ramp
Adding a thread: .top.Ramp
Invoking initialize():  .top.Ramp2
Initializing actor: .top.Ramp2
Adding a thread: .top.Ramp2
Invoking initialize():  .top.Test
Initializing actor: .top.Test
Adding a thread: .top.Test
Called fire().
Checking for deadlock:
-- Starting thread.
-- Starting thread.
Called initialize()
Called initialize()
Called prefire()
Called fire()
-- Starting thread.
Called initialize()
Called prefire()
Called fire()
Called prefire()
There are 0 Blocked actors, 0 Stopped actors, and 4 active threads.
Waiting for actors to stop.
Called fire()
Called postfire()
Called prefire()
Called fire()
Called postfire()
Called prefire()
Called fire()
-- Starting thread.
Called initialize()
Called prefire()
Called fire()
Read input token from inputA with value 0.0
Next port to read input from is inputB
Called postfire()
Called prefire()
Called fire()
Read input token from inputB with value 0.0
Sent output token with value 0.0
Next port to read input from is inputA
Called postfire()
Called prefire()
Called fire()
Checking for deadlock:
There are 1 Blocked actors, 0 Stopped actors, and 4 active threads.
Waiting for actors to stop.
Called postfire()
Called prefire()
Called fire()
Called postfire()
Called prefire()
Called fire()
-- Read input: 0.0, which is expected to match: 0.0
Called prefire()
Called fire()
Checking for deadlock:
There are 3 Blocked actors, 0 Stopped actors, and 4 active threads.
Waiting for actors to stop.
Called postfire()
Called prefire()
Called fire()
Read input token from inputA with value 1.0
Sent output token with value 0.0
Next port to read input from is inputB
Called postfire()
Called prefire()
Called fire()
Read input token from inputB with value 1.5
Checking for deadlock:
There are 2 Blocked actors, 0 Stopped actors, and 4 active threads.
Waiting for actors to stop.
Called postfire()
Called prefire()
Called fire()
-- Read input: 0.0, which is expected to match: 0.0
Called prefire()
Called fire()
Checking for deadlock:
There are 3 Blocked actors, 0 Stopped actors, and 4 active threads.
Waiting for actors to stop.
-- Read input: 1.0, which is expected to match: 1.0
Called prefire()
Called fire()
Sent output token with value 1.0
Next port to read input from is inputA
Called postfire()
Called prefire()
Called fire()
Read input token from inputA with value 2.0
Sent output token with value 1.5
Next port to read input from is inputB
Called postfire()
Called prefire()
Called fire()
Read input token from inputB with value 3.0
Checking for deadlock:
There are 1 Blocked actors, 0 Stopped actors, and 4 active threads.
Waiting for actors to stop.
Called postfire()
Called prefire()
Called fire()
Called postfire()
Called prefire()
Called fire()
-- Read input: 1.5, which is expected to match: 1.5
Called prefire()
Called fire()
Checking for deadlock:
There are 3 Blocked actors, 0 Stopped actors, and 4 active threads.
Waiting for actors to stop.
-- Read input: 2.0, which is expected to match: 2.0
Called prefire()
Called fire()
Sent output token with value 2.0
Next port to read input from is inputA
Called postfire()
Called prefire()
Called fire()
Read input token from inputA with value 3.0
Sent output token with value 3.0
Next port to read input from is inputB
Called postfire()
Called prefire()
Called fire()
Read input token from inputB with value 4.5
Checking for deadlock:
There are 1 Blocked actors, 0 Stopped actors, and 4 active threads.
Waiting for actors to stop.
Called postfire()
Called prefire()
Called fire()
Called postfire()
Called prefire()
Called fire()
-- Read input: 3.0, which is expected to match: 3.0
Called prefire()
Called fire()
Checking for deadlock:
There are 3 Blocked actors, 0 Stopped actors, and 4 active threads.
Waiting for actors to stop.
-- Read input: 3.0, which is expected to match: 3.0
Called prefire()
Called fire()
Sent output token with value 3.0
Next port to read input from is inputA
Called postfire()
Called prefire()
Called fire()
Read input token from inputA with value 4.0
Sent output token with value 4.0
Next port to read input from is inputA
Called postfire()
Called prefire()
Called fire()
Checking for deadlock:
There are 2 Blocked actors, 0 Stopped actors, and 4 active threads.
Waiting for actors to stop.
Called postfire()
Called prefire()
Called fire()
-- Read input: 4.0, which is expected to match: 4.0
Called prefire()
Called fire()
Past the end of training data. Read and discard all inputs.
Checking for deadlock:
There are 3 Blocked actors, 0 Stopped actors, and 4 active threads.
Waiting for actors to stop.
Called postfire()
Called prefire()
Called fire()
Checking for deadlock:
There are 3 Blocked actors, 0 Stopped actors, and 4 active threads.
Waiting for actors to stop.
Read input token from inputA with value 5.0
Called prefire()
Called fire()
Past the end of training data. Read and discard all inputs.
Checking for deadlock:
There are 3 Blocked actors, 0 Stopped actors, and 4 active threads.
Waiting for actors to stop.
Sent output token with value 4.5
Next port to read input from is inputB
Called postfire()
Called prefire()
Called fire()
Called postfire()
Called prefire()
Called fire()
Checking for deadlock:
There are 3 Blocked actors, 0 Stopped actors, and 4 active threads.
Waiting for actors to stop.
Read input token from inputB with value 6.0
Called prefire()
Called fire()
Past the end of training data. Read and discard all inputs.
Checking for deadlock:
There are 3 Blocked actors, 0 Stopped actors, and 4 active threads.
Waiting for actors to stop.
Sent output token with value 5.0
Next port to read input from is inputA
Called postfire()
Called prefire()
Called fire()
Checking for deadlock:
There are 2 Blocked actors, 0 Stopped actors, and 4 active threads.
Waiting for actors to stop.
Called postfire()
Called prefire()
Called fire()
Checking for deadlock:
There are 3 Blocked actors, 0 Stopped actors, and 4 active threads.
Waiting for actors to stop.
Read input token from inputA with value 6.0
Checking for deadlock:
There are 2 Blocked actors, 0 Stopped actors, and 4 active threads.
Waiting for actors to stop.
Called prefire()
Called fire()
Past the end of training data. Read and discard all inputs.
Checking for deadlock:
There are 3 Blocked actors, 0 Stopped actors, and 4 active threads.
Waiting for actors to stop.
Sent output token with value 6.0
Next port to read input from is inputB
Called postfire()
Called prefire()
Called fire()
Called postfire()
Called prefire()
Called fire()
Checking for deadlock:
There are 3 Blocked actors, 0 Stopped actors, and 4 active threads.
Waiting for actors to stop.
Read input token from inputB with value 7.5
Called prefire()
Called fire()
Past the end of training data. Read and discard all inputs.
Checking for deadlock:
There are 3 Blocked actors, 0 Stopped actors, and 4 active threads.
Waiting for actors to stop.
Sent output token with value 6.0
Next port to read input from is inputA
Called postfire()
Called prefire()
Called fire()
Checking for deadlock:
There are 2 Blocked actors, 0 Stopped actors, and 4 active threads.
Waiting for actors to stop.
Called postfire()
Called prefire()
Called fire()
Checking for deadlock:
There are 3 Blocked actors, 0 Stopped actors, and 4 active threads.
Waiting for actors to stop.
Read input token from inputA with value 7.0
Checking for deadlock:
There are 2 Blocked actors, 0 Stopped actors, and 4 active threads.
Waiting for actors to stop.
Called prefire()
Called fire()
Past the end of training data. Read and discard all inputs.
Checking for deadlock:
There are 3 Blocked actors, 0 Stopped actors, and 4 active threads.
Waiting for actors to stop.
Sent output token with value 7.0
Next port to read input from is inputA
Called postfire()
Called prefire()
Called fire()
Checking for deadlock:
There are 2 Blocked actors, 0 Stopped actors, and 4 active threads.
Waiting for actors to stop.
-- Thread wrapup() called.
Called wrapup()
Thread .top.Ramp is exiting.
-- Thread stopped.
Checking for deadlock:
There are 2 Blocked actors, 0 Stopped actors, and 3 active threads.
Waiting for actors to stop.
Read input token from inputA with value 8.0
Called prefire()
Called fire()
Past the end of training data. Read and discard all inputs.
Checking for deadlock:
There are 2 Blocked actors, 0 Stopped actors, and 3 active threads.
Waiting for actors to stop.
Sent output token with value 7.5
Next port to read input from is inputB
Called postfire()
Called prefire()
Called fire()
Checking for deadlock:
There are 1 Blocked actors, 0 Stopped actors, and 3 active threads.
Waiting for actors to stop.
Called postfire()
Called prefire()
Called fire()
Checking for deadlock:
There are 2 Blocked actors, 0 Stopped actors, and 3 active threads.
Waiting for actors to stop.
Read input token from inputB with value 9.0
Checking for deadlock:
There are 1 Blocked actors, 0 Stopped actors, and 3 active threads.
Waiting for actors to stop.
Called prefire()
Called fire()
Past the end of training data. Read and discard all inputs.
Checking for deadlock:
There are 2 Blocked actors, 0 Stopped actors, and 3 active threads.
Waiting for actors to stop.
Sent output token with value 8.0
Next port to read input from is inputA
Called postfire()
Called prefire()
Called fire()
Read input token from inputA with value 9.0
Called prefire()
Called fire()
Past the end of training data. Read and discard all inputs.
Checking for deadlock:
There are 2 Blocked actors, 0 Stopped actors, and 3 active threads.
Waiting for actors to stop.
Sent output token with value 9.0
Next port to read input from is inputB
Called postfire()
Called prefire()
Called fire()
Called postfire()
Called prefire()
Called fire()
Checking for deadlock:
There are 2 Blocked actors, 0 Stopped actors, and 3 active threads.
Waiting for actors to stop.
Read input token from inputB with value 10.5
Called prefire()
Called fire()
Past the end of training data. Read and discard all inputs.
Checking for deadlock:
There are 2 Blocked actors, 0 Stopped actors, and 3 active threads.
Waiting for actors to stop.
Sent output token with value 9.0
Next port to read input from is inputA
Called postfire()
Called prefire()
Called fire()
Checking for deadlock:
There are 3 Blocked actors, 0 Stopped actors, and 3 active threads.
Actors have stopped.
Checking for deadlock:
There are 3 Blocked actors, 0 Stopped actors, and 3 active threads.
Deadlock detected.
Resolving Deadlock
Checking for deadlock:
There are 3 Blocked actors, 0 Stopped actors, and 3 active threads.
Artificial Deadlock - increasing queue capacity.
increasing the capacity of receiver ptolemy.actor.TypedIOPort {.top.OrderedMerge.inputB} to 2
Director: Called postfire().
Called postfire().
_stopRequested = false
_stopFireRequested = false
Returning from postfire(): true
-- Thread wrapup() called.
Called wrapup()
Thread .top.Ramp2 is exiting.
-- Thread stopped.
Called fire().
Checking for deadlock:
There are 2 Blocked actors, 0 Stopped actors, and 2 active threads.
Actors have stopped.
Checking for deadlock:
There are 2 Blocked actors, 0 Stopped actors, and 2 active threads.
Deadlock detected.
Resolving Deadlock
Checking for deadlock:
There are 2 Blocked actors, 0 Stopped actors, and 2 active threads.
Deadlock detected: no processes blocked on write, but some are blocked on read.
Called postfire().
_stopRequested = false
_stopFireRequested = false
Returning from postfire(): false
Finished deactivating branches.
Called wrapup().
-- Thread wrapup() called.
Called wrapup()
Thread .top.Test is exiting.
-- Thread stopped.
-- Blocked Receiver call threw TerminateProcessException.
-- Thread wrapup() called.
Called wrapup()
Thread .top.OrderedMerge is exiting.
-- Thread stopped.
-- Blocked Receiver call threw TerminateProcessException.
84 ms. Memory: 161792K Free: 129344K (80%)
.top. Preinitializing ...
Invoking preinitialize():  .top.OrderedMerge
Called preinitialize()
Invoking preinitialize():  .top.Ramp
Called preinitialize()
Invoking preinitialize():  .top.Ramp2
Called preinitialize()
Invoking preinitialize():  .top.Test
Called preinitialize()
.top. Finished preinitialize().
Called initialize().
Invoking initialize():  .top.OrderedMerge
Initializing actor: .top.OrderedMerge
Adding a thread: .top.OrderedMerge
Invoking initialize():  .top.Ramp
Initializing actor: .top.Ramp
Adding a thread: .top.Ramp
Invoking initialize():  .top.Ramp2
Initializing actor: .top.Ramp2
Adding a thread: .top.Ramp2
Invoking initialize():  .top.Test
Initializing actor: .top.Test
Adding a thread: .top.Test
-- Starting thread.
Called initialize()
Called prefire()
Called fire()
-- Starting thread.
Called initialize()
Called prefire()
Called fire()
Called postfire()
Called prefire()
Called fire()
-- Starting thread.
Called initialize()
Called prefire()
Called fire()
Called postfire()
Called prefire()
Called fire()
Called fire().
Checking for deadlock:
There are 3 Blocked actors, 0 Stopped actors, and 4 active threads.
Waiting for actors to stop.
-- Starting thread.
Called initialize()
Called prefire()
Called fire()
Checking for deadlock:
There are 2 Blocked actors, 0 Stopped actors, and 4 active threads.
Waiting for actors to stop.
Called postfire()
Called prefire()
Called fire()
Checking for deadlock:
There are 3 Blocked actors, 0 Stopped actors, and 4 active threads.
Waiting for actors to stop.
Read input token from inputA with value 0.0
Next port to read input from is inputB
Called postfire()
Called prefire()
Called fire()
Called postfire()
Called prefire()
Called fire()
Checking for deadlock:
There are 3 Blocked actors, 0 Stopped actors, and 4 active threads.
Waiting for actors to stop.
Read input token from inputB with value 0.0
Checking for deadlock:
There are 2 Blocked actors, 0 Stopped actors, and 4 active threads.
Waiting for actors to stop.
-- Read input: 0.0, which is expected to match: 0.0
Called prefire()
Called fire()
Checking for deadlock:
There are 3 Blocked actors, 0 Stopped actors, and 4 active threads.
Waiting for actors to stop.
Sent output token with value 0.0
Next port to read input from is inputA
Called postfire()
Called prefire()
Called fire()
Called postfire()
Called prefire()
Called fire()
Checking for deadlock:
There are 3 Blocked actors, 0 Stopped actors, and 4 active threads.
Waiting for actors to stop.
Read input token from inputA with value 1.0
-- Read input: 0.0, which is expected to match: 0.0
Called prefire()
Called fire()
Checking for deadlock:
There are 3 Blocked actors, 0 Stopped actors, and 4 active threads.
Waiting for actors to stop.
Sent output token with value 0.0
Next port to read input from is inputB
Called postfire()
Called prefire()
Called fire()
Checking for deadlock:
There are 2 Blocked actors, 0 Stopped actors, and 4 active threads.
Waiting for actors to stop.
Called postfire()
Called prefire()
Called fire()
Checking for deadlock:
There are 3 Blocked actors, 0 Stopped actors, and 4 active threads.
Waiting for actors to stop.
Read input token from inputB with value 1.5
Checking for deadlock:
There are 2 Blocked actors, 0 Stopped actors, and 4 active threads.
Waiting for actors to stop.
-- Read input: 1.0, which is expected to match: 1.0
Called prefire()
Called fire()
Checking for deadlock:
There are 3 Blocked actors, 0 Stopped actors, and 4 active threads.
Waiting for actors to stop.
Sent output token with value 1.0
Next port to read input from is inputA
Called postfire()
Called prefire()
Called fire()
Called postfire()
Called prefire()
Called fire()
Checking for deadlock:
There are 3 Blocked actors, 0 Stopped actors, and 4 active threads.
Waiting for actors to stop.
Read input token from inputA with value 2.0
-- Read input: 1.5, which is expected to match: 1.5
Called prefire()
Called fire()
Checking for deadlock:
There are 3 Blocked actors, 0 Stopped actors, and 4 active threads.
Waiting for actors to stop.
Sent output token with value 1.5
Next port to read input from is inputB
Called postfire()
Called prefire()
Called fire()
Checking for deadlock:
There are 2 Blocked actors, 0 Stopped actors, and 4 active threads.
Waiting for actors to stop.
Called postfire()
Called prefire()
Called fire()
Checking for deadlock:
There are 3 Blocked actors, 0 Stopped actors, and 4 active threads.
Waiting for actors to stop.
Read input token from inputB with value 3.0
Checking for deadlock:
There are 2 Blocked actors, 0 Stopped actors, and 4 active threads.
Waiting for actors to stop.
-- Read input: 2.0, which is expected to match: 2.0
Called prefire()
Called fire()
Checking for deadlock:
There are 3 Blocked actors, 0 Stopped actors, and 4 active threads.
Waiting for actors to stop.
Sent output token with value 2.0
Next port to read input from is inputA
Called postfire()
Called prefire()
Called fire()
Called postfire()
Called prefire()
Called fire()
Checking for deadlock:
There are 3 Blocked actors, 0 Stopped actors, and 4 active threads.
Waiting for actors to stop.
Read input token from inputA with value 3.0
-- Read input: 3.0, which is expected to match: 3.0
Called prefire()
Called fire()
Checking for deadlock:
There are 3 Blocked actors, 0 Stopped actors, and 4 active threads.
Waiting for actors to stop.
Sent output token with value 3.0
Next port to read input from is inputB
Called postfire()
Called prefire()
Called fire()
Checking for deadlock:
There are 2 Blocked actors, 0 Stopped actors, and 4 active threads.
Waiting for actors to stop.
Called postfire()
Called prefire()
Called fire()
Checking for deadlock:
There are 3 Blocked actors, 0 Stopped actors, and 4 active threads.
Waiting for actors to stop.
Read input token from inputB with value 4.5
Checking for deadlock:
There are 2 Blocked actors, 0 Stopped actors, and 4 active threads.
Waiting for actors to stop.
-- Read input: 3.0, which is expected to match: 3.0
Called prefire()
Called fire()
Checking for deadlock:
There are 3 Blocked actors, 0 Stopped actors, and 4 active threads.
Waiting for actors to stop.
Sent output token with value 3.0
Next port to read input from is inputA
Called postfire()
Called prefire()
Called fire()
Called postfire()
Called prefire()
Called fire()
Checking for deadlock:
There are 3 Blocked actors, 0 Stopped actors, and 4 active threads.
Waiting for actors to stop.
Read input token from inputA with value 4.0
-- Read input: 4.0, which is expected to match: 4.0
Called prefire()
Called fire()
Past the end of training data. Read and discard all inputs.
Checking for deadlock:
There are 3 Blocked actors, 0 Stopped actors, and 4 active threads.
Waiting for actors to stop.
Sent output token with value 4.0
Next port to read input from is inputA
Called postfire()
Called prefire()
Called fire()
Called postfire()
Called prefire()
Called fire()
Checking for deadlock:
There are 3 Blocked actors, 0 Stopped actors, and 4 active threads.
Waiting for actors to stop.
Read input token from inputA with value 5.0
Called prefire()
Called fire()
Past the end of training data. Read and discard all inputs.
Checking for deadlock:
There are 3 Blocked actors, 0 Stopped actors, and 4 active threads.
Waiting for actors to stop.
Sent output token with value 4.5
Next port to read input from is inputB
Called postfire()
Called prefire()
Called fire()
Checking for deadlock:
There are 2 Blocked actors, 0 Stopped actors, and 4 active threads.
Waiting for actors to stop.
Called postfire()
Called prefire()
Called fire()
Checking for deadlock:
There are 3 Blocked actors, 0 Stopped actors, and 4 active threads.
Waiting for actors to stop.
Read input token from inputB with value 6.0
Checking for deadlock:
There are 2 Blocked actors, 0 Stopped actors, and 4 active threads.
Waiting for actors to stop.
Called prefire()
Called fire()
Past the end of training data. Read and discard all inputs.
Checking for deadlock:
There are 3 Blocked actors, 0 Stopped actors, and 4 active threads.
Waiting for actors to stop.
Sent output token with value 5.0
Next port to read input from is inputA
Called postfire()
Called prefire()
Called fire()
Called postfire()
Called prefire()
Called fire()
Checking for deadlock:
There are 3 Blocked actors, 0 Stopped actors, and 4 active threads.
Waiting for actors to stop.
Read input token from inputA with value 6.0
Called prefire()
Called fire()
Past the end of training data. Read and discard all inputs.
Checking for deadlock:
There are 3 Blocked actors, 0 Stopped actors, and 4 active threads.
Waiting for actors to stop.
Sent output token with value 6.0
Next port to read input from is inputB
Called postfire()
Called prefire()
Called fire()
Checking for deadlock:
There are 2 Blocked actors, 0 Stopped actors, and 4 active threads.
Waiting for actors to stop.
Called postfire()
Called prefire()
Called fire()
Checking for deadlock:
There are 3 Blocked actors, 0 Stopped actors, and 4 active threads.
Waiting for actors to stop.
Read input token from inputB with value 7.5
Checking for deadlock:
There are 2 Blocked actors, 0 Stopped actors, and 4 active threads.
Waiting for actors to stop.
Called prefire()
Called fire()
Past the end of training data. Read and discard all inputs.
Checking for deadlock:
There are 3 Blocked actors, 0 Stopped actors, and 4 active threads.
Waiting for actors to stop.
Sent output token with value 6.0
Next port to read input from is inputA
Called postfire()
Called prefire()
Called fire()
Called postfire()
Called prefire()
Called fire()
Checking for deadlock:
There are 3 Blocked actors, 0 Stopped actors, and 4 active threads.
Waiting for actors to stop.
Read input token from inputA with value 7.0
Called prefire()
Called fire()
Past the end of training data. Read and discard all inputs.
Checking for deadlock:
There are 3 Blocked actors, 0 Stopped actors, and 4 active threads.
Waiting for actors to stop.
Sent output token with value 7.0
Next port to read input from is inputA
Called postfire()
Called prefire()
Called fire()
-- Thread wrapup() called.
Called wrapup()
Thread .top.Ramp is exiting.
-- Thread stopped.
Checking for deadlock:
There are 2 Blocked actors, 0 Stopped actors, and 3 active threads.
Waiting for actors to stop.
Read input token from inputA with value 8.0
Checking for deadlock:
There are 1 Blocked actors, 0 Stopped actors, and 3 active threads.
Waiting for actors to stop.
Called prefire()
Called fire()
Past the end of training data. Read and discard all inputs.
Checking for deadlock:
There are 2 Blocked actors, 0 Stopped actors, and 3 active threads.
Waiting for actors to stop.
Sent output token with value 7.5
Next port to read input from is inputB
Called postfire()
Called prefire()
Called fire()
Called postfire()
Called prefire()
Called fire()
Checking for deadlock:
There are 2 Blocked actors, 0 Stopped actors, and 3 active threads.
Waiting for actors to stop.
Read input token from inputB with value 9.0
Called prefire()
Called fire()
Past the end of training data. Read and discard all inputs.
Checking for deadlock:
There are 2 Blocked actors, 0 Stopped actors, and 3 active threads.
Waiting for actors to stop.
Sent output token with value 8.0
Next port to read input from is inputA
Called postfire()
Called prefire()
Called fire()
Read input token from inputA with value 9.0
Called prefire()
Called fire()
Past the end of training data. Read and discard all inputs.
Checking for deadlock:
There are 2 Blocked actors, 0 Stopped actors, and 3 active threads.
Waiting for actors to stop.
Sent output token with value 9.0
Next port to read input from is inputB
Called postfire()
Called prefire()
Called fire()
Checking for deadlock:
There are 1 Blocked actors, 0 Stopped actors, and 3 active threads.
Waiting for actors to stop.
Called postfire()
Called prefire()
Called fire()
Checking for deadlock:
There are 2 Blocked actors, 0 Stopped actors, and 3 active threads.
Waiting for actors to stop.
Read input token from inputB with value 10.5
Checking for deadlock:
There are 1 Blocked actors, 0 Stopped actors, and 3 active threads.
Waiting for actors to stop.
Called prefire()
Called fire()
Past the end of training data. Read and discard all inputs.
Checking for deadlock:
There are 2 Blocked actors, 0 Stopped actors, and 3 active threads.
Waiting for actors to stop.
Sent output token with value 9.0
Next port to read input from is inputA
Called postfire()
Called prefire()
Called fire()
Checking for deadlock:
There are 3 Blocked actors, 0 Stopped actors, and 3 active threads.
Actors have stopped.
Checking for deadlock:
There are 3 Blocked actors, 0 Stopped actors, and 3 active threads.
Deadlock detected.
Resolving Deadlock
Checking for deadlock:
There are 3 Blocked actors, 0 Stopped actors, and 3 active threads.
Artificial Deadlock - increasing queue capacity.
increasing the capacity of receiver ptolemy.actor.TypedIOPort {.top.OrderedMerge.inputB} to 2
Director: Called postfire().
Called postfire().
_stopRequested = false
_stopFireRequested = false
Returning from postfire(): true
Called fire().
Checking for deadlock:
There are 2 Blocked actors, 0 Stopped actors, and 3 active threads.
Waiting for actors to stop.
-- Thread wrapup() called.
Called wrapup()
Thread .top.Ramp2 is exiting.
-- Thread stopped.
Checking for deadlock:
There are 2 Blocked actors, 0 Stopped actors, and 2 active threads.
Actors have stopped.
Checking for deadlock:
There are 2 Blocked actors, 0 Stopped actors, and 2 active threads.
Deadlock detected.
Resolving Deadlock
Checking for deadlock:
There are 2 Blocked actors, 0 Stopped actors, and 2 active threads.
Deadlock detected: no processes blocked on write, but some are blocked on read.
Called postfire().
_stopRequested = false
_stopFireRequested = false
Returning from postfire(): false
Finished deactivating branches.
Called wrapup().
-- Thread wrapup() called.
Called wrapup()
-- Thread wrapup() called.
Called wrapup()
Thread .top.Test is exiting.
-- Thread stopped.
-- Blocked Receiver call threw TerminateProcessException.
Thread .top.OrderedMerge is exiting.
-- Thread stopped.
-- Blocked Receiver call threw TerminateProcessException.
27 ms. Memory: 161792K Free: 127296K (79%)
/home/travis/build/icyphy/ptII/ptolemy/actor/lib/test/Publisher.tcl
6 ms. Memory: 161792K Free: 121152K (75%)
4 ms. Memory: 161792K Free: 115518K (71%)
11 ms. Memory: 161792K Free: 111936K (69%)
4 ms. Memory: 161792K Free: 110912K (69%)
7 ms. Memory: 161792K Free: 110398K (68%)
9 ms. Memory: 161792K Free: 109360K (68%)
2 ms. Memory: 161792K Free: 108320K (67%)
12 ms. Memory: 161792K Free: 107840K (67%)
39 ms. Memory: 161792K Free: 97600K (60%)
3 ms. Memory: 161792K Free: 94014K (58%)
2 ms. Memory: 161792K Free: 93504K (58%)
14 ms. Memory: 161792K Free: 90928K (56%)
21 ms. Memory: 161792K Free: 83264K (51%)
5 ms. Memory: 161792K Free: 74048K (46%)
7 ms. Memory: 161792K Free: 63294K (39%)
/home/travis/build/icyphy/ptII/ptolemy/actor/lib/test/Pulse.tcl
3 ms. Memory: 221184K Free: 176185K (80%)
1 ms. Memory: 221184K Free: 175681K (79%)
2 ms. Memory: 221184K Free: 175167K (79%)
1 ms. Memory: 221184K Free: 174143K (79%)
1 ms. Memory: 221184K Free: 173633K (79%)
8 ms. Memory: 221184K Free: 172609K (78%)
3 ms. Memory: 221184K Free: 171585K (78%)
2 ms. Memory: 221184K Free: 204025K (92%)
1 ms. Memory: 221184K Free: 203511K (92%)
/home/travis/build/icyphy/ptII/ptolemy/actor/lib/test/Ramp.tcl
19 ms. Memory: 221184K Free: 201463K (91%)
5 ms. Memory: 221184K Free: 200953K (91%)
1 ms. Memory: 221184K Free: 199929K (90%)
1 ms. Memory: 221184K Free: 199401K (90%)
6 ms. Memory: 221184K Free: 198361K (90%)
4 ms. Memory: 221184K Free: 197881K (89%)
4 ms. Memory: 221184K Free: 196857K (89%)
5 actors
4000 microseconds per iteration to create
5 ms. Memory: 221184K Free: 194295K (88%)
2 ms. Memory: 221184K Free: 193241K (87%)
2 ms. Memory: 221184K Free: 192761K (87%)
1 ms. Memory: 221184K Free: 192241K (87%)
50 actors
28000 microseconds per iteration to create
50 ms. Memory: 221184K Free: 176887K (80%)
9 ms. Memory: 221184K Free: 175863K (80%)
14 ms. Memory: 221184K Free: 174839K (79%)
9 ms. Memory: 221184K Free: 173815K (79%)
500 actors
1674000 microseconds per iteration to create
277 ms. Memory: 221184K Free: 126782K (57%)
35 ms. Memory: 221184K Free: 121662K (55%)
33 ms. Memory: 221184K Free: 116542K (53%)
35 ms. Memory: 221184K Free: 111422K (50%)
/home/travis/build/icyphy/ptII/ptolemy/actor/lib/test/RampContinuous.tcl
9 ms. Memory: 221184K Free: 109888K (50%)
/home/travis/build/icyphy/ptII/ptolemy/actor/lib/test/RecordAssembler.tcl
5 ms. Memory: 221184K Free: 108344K (49%)
5 ms. Memory: 221184K Free: 107326K (49%)
/home/travis/build/icyphy/ptII/ptolemy/actor/lib/test/RecordDisassembler.tcl
11 ms. Memory: 221184K Free: 105792K (48%)
4 ms. Memory: 221184K Free: 105264K (48%)
9 ms. Memory: 221184K Free: 103744K (47%)
/home/travis/build/icyphy/ptII/ptolemy/actor/lib/test/Scale.tcl
2 ms. Memory: 221184K Free: 102200K (46%)
2 ms. Memory: 221184K Free: 101182K (46%)
1 ms. Memory: 221184K Free: 100672K (46%)
6 ms. Memory: 221184K Free: 99648K (45%)
3 ms. Memory: 221184K Free: 98624K (45%)
/home/travis/build/icyphy/ptII/ptolemy/actor/lib/test/SequentialClock.tcl
preinitializing
resolving types
initializing
executing number 1
wrapping up
idle
2 ms. Memory: 221184K Free: 97600K (44%)
Completed execution with 5 iterations
preinitializing
resolving types
initializing
executing number 1
wrapping up
idle
2 ms. Memory: 221184K Free: 97072K (44%)
Completed execution with 5 iterations
preinitializing
resolving types
initializing
executing number 1
wrapping up
idle
1 ms. Memory: 221184K Free: 96576K (44%)
Completed execution with 5 iterations
/home/travis/build/icyphy/ptII/ptolemy/actor/lib/test/SetVariable.tcl
4 ms. Memory: 221184K Free: 94528K (43%)


==== $PTII/ptolemy/actor/lib/test/SetVariable.tcl: SetVariable-3.1 changeFailed
==== Contents of test case:

    #Uses 2.1 above
    jdkCaptureErr {
        # This test was failing if we ran Exit.tcl and then this test.
        # MessageHandler.error() now actually throws the Exception.
	catch {$setVariable changeFailed [java::null]  [java::new Exception {Test exception for SetVariable.changeFailed()}]} errMsg
    } results
    list [string range $results 0 89] "\n" $errMsg

==== Result was:
{java.lang.Exception: Test exception for SetVariable.changeFailed()
	at java.base/jdk.inter} {
} {java.lang.RuntimeException: java.lang.Exception: Test exception for SetVariable.changeFailed()}
---- Result should have been:
{java.lang.Exception: Test exception for SetVariable.changeFailed()
	at sun.reflect.NativeC} {
} {java.lang.RuntimeException: java.lang.Exception: Test exception for SetVariable.changeFailed()}
---- SetVariable-3.1 FAILED
/home/travis/build/icyphy/ptII/ptolemy/actor/lib/test/Sinewave.tcl
/home/travis/build/icyphy/ptII/ptolemy/actor/lib/test/SubscriptionAggregator.tcl
4 ms. Memory: 221184K Free: 82750K (37%)
2 ms. Memory: 221184K Free: 82240K (37%)
1 ms. Memory: 221184K Free: 81726K (37%)
1 ms. Memory: 221184K Free: 81216K (37%)
3 ms. Memory: 221184K Free: 198580K (90%)
8 ms. Memory: 221184K Free: 196018K (89%)
...............................................................981 ms. Memory: 292864K Free: 176325K (60%)
/home/travis/build/icyphy/ptII/ptolemy/actor/lib/test/Test.tcl
 The next command will produce a warning about training mode,
   which may be ignored.
6 ms. Memory: 292864K Free: 174269K (60%)
4 ms. Memory: 292864K Free: 173773K (59%)
10 ms. Memory: 292864K Free: 173245K (59%)
1 ms. Memory: 292864K Free: 172221K (59%)
1 ms. Memory: 292864K Free: 171725K (59%)
11 ms. Memory: 292864K Free: 170701K (58%)
3 ms. Memory: 292864K Free: 169157K (58%)
 The next command will produce a warning about training mode,
   which may be ignored.
5 ms. Memory: 292864K Free: 167109K (57%)
 The next command will produce a warning about training mode,
   which may be ignored.
2 ms. Memory: 292864K Free: 165581K (57%)
2 ms. Memory: 292864K Free: 165581K (57%)
1 ms. Memory: 292864K Free: 165067K (56%)
1 ms. Memory: 292864K Free: 164557K (56%)
6 ms. Memory: 292864K Free: 163533K (56%)
4 ms. Memory: 292864K Free: 159437K (54%)
/home/travis/build/icyphy/ptII/ptolemy/actor/lib/test/TestExceptionHandler.tcl
 The next command will produce a warning about training mode,
   which may be ignored.
3 ms. Memory: 292864K Free: 158413K (54%)
1 ms. Memory: 292864K Free: 157893K (54%)
1 ms. Memory: 292864K Free: 157389K (54%)
/home/travis/build/icyphy/ptII/ptolemy/actor/lib/test/UnionDisassembler.tcl
20 ms. Memory: 292864K Free: 150221K (51%)
/home/travis/build/icyphy/ptII/ptolemy/actor/lib/test/VariableClock.tcl
preinitializing
resolving types
initializing
executing number 1
wrapping up
idle
10 ms. Memory: 292864K Free: 148173K (51%)
Completed execution with 11 iterations
preinitializing
resolving types
initializing
executing number 1
wrapping up
idle
6 ms. Memory: 292864K Free: 146621K (50%)
Completed execution with 10 iterations
06/22/19 04:46:40
Failed: 2  Total Tests: 234  ((Passed: 232, Newly Passed: 0)  Known Failed: 0) /home/travis/build/icyphy/ptII/ptolemy/actor/lib/test
----------------- testing (KnownFailure) /home/travis/build/icyphy/ptII/ptolemy/actor/lib/test/auto/knownFailedTests/PublisherPortToplevelSubscriber.xml
5 ms. Memory: 292864K Free: 143053K (49%)
Known Failure: java.lang.reflect.InvocationTargetException
----------------- testing (KnownFailure) /home/travis/build/icyphy/ptII/ptolemy/actor/lib/test/auto/knownFailedTests/PublisherSubscriberPortToplevel.xml
0 ms. Memory: 292864K Free: 139467K (48%)
Known Failure: java.lang.reflect.InvocationTargetException
----------------- testing (KnownFailure) /home/travis/build/icyphy/ptII/ptolemy/actor/lib/test/auto/knownFailedTests/PublisherSubscriptionAggregatorPort.xml
0 ms. Memory: 292864K Free: 135371K (46%)
Known Failure: java.lang.reflect.InvocationTargetException
----------------- testing (KnownFailure) /home/travis/build/icyphy/ptII/ptolemy/actor/lib/test/auto/knownFailedTests/sizedarray3.xml
4 ms. Memory: 292864K Free: 131275K (45%)
Known Failure: java.lang.reflect.InvocationTargetException
No auto/linux-amd64/*.xml tests in /home/travis/build/icyphy/ptII/ptolemy/actor/lib/test
AutoTests.java: About to close Vertx.
AutoTests.java: Vertx closed.

===========================================================================================
----------------- testing Sat Jun 22 04:46:40 UTC 2019 /home/travis/build/icyphy/ptII/ptolemy/actor/lib/test/auto/AbsoluteValue.xml
----------------- Instantiating /home/travis/build/icyphy/ptII/ptolemy/actor/lib/test/auto/AbsoluteValue.xml
21 ms. Memory: 292864K Free: 108237K (37%)
----------------- Invoking toplevel() on ptolemy.moml.MoMLSimpleApplication@4ee57da8
----------------- Done invoking toplevel() on ptolemy.moml.MoMLSimpleApplication@4ee57da8
reloadAllAccessors: .AbsoluteValue

===========================================================================================
----------------- testing Sat Jun 22 04:46:40 UTC 2019 /home/travis/build/icyphy/ptII/ptolemy/actor/lib/test/auto/AbsoluteValue2.xml
----------------- Instantiating /home/travis/build/icyphy/ptII/ptolemy/actor/lib/test/auto/AbsoluteValue2.xml
5 ms. Memory: 292864K Free: 101069K (35%)
----------------- Invoking toplevel() on ptolemy.moml.MoMLSimpleApplication@7dd0936d
----------------- Done invoking toplevel() on ptolemy.moml.MoMLSimpleApplication@7dd0936d
reloadAllAccessors: .AbsoluteValue2

===========================================================================================
----------------- testing Sat Jun 22 04:46:40 UTC 2019 /home/travis/build/icyphy/ptII/ptolemy/actor/lib/test/auto/Accumulator.xml
----------------- Instantiating /home/travis/build/icyphy/ptII/ptolemy/actor/lib/test/auto/Accumulator.xml
9 ms. Memory: 292864K Free: 242051K (83%)
----------------- Invoking toplevel() on ptolemy.moml.MoMLSimpleApplication@7a97ecf2
----------------- Done invoking toplevel() on ptolemy.moml.MoMLSimpleApplication@7a97ecf2
reloadAllAccessors: .Accumulator

===========================================================================================
----------------- testing Sat Jun 22 04:46:41 UTC 2019 /home/travis/build/icyphy/ptII/ptolemy/actor/lib/test/auto/Accumulator2.xml
----------------- Instantiating /home/travis/build/icyphy/ptII/ptolemy/actor/lib/test/auto/Accumulator2.xml
2 ms. Memory: 292864K Free: 236421K (81%)
----------------- Invoking toplevel() on ptolemy.moml.MoMLSimpleApplication@514f053d
----------------- Done invoking toplevel() on ptolemy.moml.MoMLSimpleApplication@514f053d
reloadAllAccessors: .Accumulator2

===========================================================================================
----------------- testing Sat Jun 22 04:46:41 UTC 2019 /home/travis/build/icyphy/ptII/ptolemy/actor/lib/test/auto/Accumulator3.xml
----------------- Instantiating /home/travis/build/icyphy/ptII/ptolemy/actor/lib/test/auto/Accumulator3.xml
7 ms. Memory: 292864K Free: 231811K (79%)
----------------- Invoking toplevel() on ptolemy.moml.MoMLSimpleApplication@700dcd94
----------------- Done invoking toplevel() on ptolemy.moml.MoMLSimpleApplication@700dcd94
reloadAllAccessors: .Accumulator3

===========================================================================================
----------------- testing Sat Jun 22 04:46:41 UTC 2019 /home/travis/build/icyphy/ptII/ptolemy/actor/lib/test/auto/ArrayAppend.xml
----------------- Instantiating /home/travis/build/icyphy/ptII/ptolemy/actor/lib/test/auto/ArrayAppend.xml
5 ms. Memory: 292864K Free: 226181K (77%)
----------------- Invoking toplevel() on ptolemy.moml.MoMLSimpleApplication@791fa892
----------------- Done invoking toplevel() on ptolemy.moml.MoMLSimpleApplication@791fa892
reloadAllAccessors: .ArrayAppend

===========================================================================================
----------------- testing Sat Jun 22 04:46:41 UTC 2019 /home/travis/build/icyphy/ptII/ptolemy/actor/lib/test/auto/ArrayAppend2.xml
----------------- Instantiating /home/travis/build/icyphy/ptII/ptolemy/actor/lib/test/auto/ArrayAppend2.xml
338 ms. Memory: 292864K Free: 143237K (49%)
----------------- Invoking toplevel() on ptolemy.moml.MoMLSimpleApplication@41f1724d
----------------- Done invoking toplevel() on ptolemy.moml.MoMLSimpleApplication@41f1724d
reloadAllAccessors: .ArrayAppend2

===========================================================================================
----------------- testing Sat Jun 22 04:46:41 UTC 2019 /home/travis/build/icyphy/ptII/ptolemy/actor/lib/test/auto/ArrayAppend3.xml
----------------- Instantiating /home/travis/build/icyphy/ptII/ptolemy/actor/lib/test/auto/ArrayAppend3.xml
6 ms. Memory: 292864K Free: 138627K (47%)
----------------- Invoking toplevel() on ptolemy.moml.MoMLSimpleApplication@408ed454
----------------- Done invoking toplevel() on ptolemy.moml.MoMLSimpleApplication@408ed454
reloadAllAccessors: .ArrayAppend3

===========================================================================================
----------------- testing Sat Jun 22 04:46:41 UTC 2019 /home/travis/build/icyphy/ptII/ptolemy/actor/lib/test/auto/ArrayAppend4.xml
----------------- Instantiating /home/travis/build/icyphy/ptII/ptolemy/actor/lib/test/auto/ArrayAppend4.xml
2 ms. Memory: 292864K Free: 133507K (46%)
----------------- Invoking toplevel() on ptolemy.moml.MoMLSimpleApplication@57bb4b22
----------------- Done invoking toplevel() on ptolemy.moml.MoMLSimpleApplication@57bb4b22
reloadAllAccessors: .ArrayAppend4

===========================================================================================
----------------- testing Sat Jun 22 04:46:41 UTC 2019 /home/travis/build/icyphy/ptII/ptolemy/actor/lib/test/auto/ArrayAppend5.xml
----------------- Instantiating /home/travis/build/icyphy/ptII/ptolemy/actor/lib/test/auto/ArrayAppend5.xml
2 ms. Memory: 292864K Free: 128387K (44%)
----------------- Invoking toplevel() on ptolemy.moml.MoMLSimpleApplication@65399dc7
----------------- Done invoking toplevel() on ptolemy.moml.MoMLSimpleApplication@65399dc7
reloadAllAccessors: .ArrayAppend5

===========================================================================================
----------------- testing Sat Jun 22 04:46:41 UTC 2019 /home/travis/build/icyphy/ptII/ptolemy/actor/lib/test/auto/ArrayAppend6.xml
----------------- Instantiating /home/travis/build/icyphy/ptII/ptolemy/actor/lib/test/auto/ArrayAppend6.xml
3 ms. Memory: 292864K Free: 123267K (42%)
----------------- Invoking toplevel() on ptolemy.moml.MoMLSimpleApplication@1ebf089d
----------------- Done invoking toplevel() on ptolemy.moml.MoMLSimpleApplication@1ebf089d
reloadAllAccessors: .ArrayAppend6

===========================================================================================
----------------- testing Sat Jun 22 04:46:41 UTC 2019 /home/travis/build/icyphy/ptII/ptolemy/actor/lib/test/auto/ArrayAppendPerformanceTest.xml
----------------- Instantiating /home/travis/build/icyphy/ptII/ptolemy/actor/lib/test/auto/ArrayAppendPerformanceTest.xml
37 ms. Memory: 292864K Free: 112003K (38%)
----------------- Invoking toplevel() on ptolemy.moml.MoMLSimpleApplication@4560f823
----------------- Done invoking toplevel() on ptolemy.moml.MoMLSimpleApplication@4560f823
reloadAllAccessors: .ArrayAppendPerformanceTest

===========================================================================================
----------------- testing Sat Jun 22 04:46:41 UTC 2019 /home/travis/build/icyphy/ptII/ptolemy/actor/lib/test/auto/ArrayAppendWithEmptyInput.xml
----------------- Instantiating /home/travis/build/icyphy/ptII/ptolemy/actor/lib/test/auto/ArrayAppendWithEmptyInput.xml
12 ms. Memory: 292864K Free: 104325K (36%)
----------------- Invoking toplevel() on ptolemy.moml.MoMLSimpleApplication@20182676
----------------- Done invoking toplevel() on ptolemy.moml.MoMLSimpleApplication@20182676
reloadAllAccessors: .ArrayAppendWithEmptyInput

===========================================================================================
----------------- testing Sat Jun 22 04:46:41 UTC 2019 /home/travis/build/icyphy/ptII/ptolemy/actor/lib/test/auto/ArrayAverage.xml
----------------- Instantiating /home/travis/build/icyphy/ptII/ptolemy/actor/lib/test/auto/ArrayAverage.xml
7 ms. Memory: 292864K Free: 96133K (33%)
----------------- Invoking toplevel() on ptolemy.moml.MoMLSimpleApplication@632d9cb7
----------------- Done invoking toplevel() on ptolemy.moml.MoMLSimpleApplication@632d9cb7
reloadAllAccessors: .ArrayAverage

===========================================================================================
----------------- testing Sat Jun 22 04:46:41 UTC 2019 /home/travis/build/icyphy/ptII/ptolemy/actor/lib/test/auto/ArrayContains.xml
----------------- Instantiating /home/travis/build/icyphy/ptII/ptolemy/actor/lib/test/auto/ArrayContains.xml
92 ms. Memory: 533504K Free: 486398K (91%)
----------------- Invoking toplevel() on ptolemy.moml.MoMLSimpleApplication@7635278e
----------------- Done invoking toplevel() on ptolemy.moml.MoMLSimpleApplication@7635278e
reloadAllAccessors: .ArrayContains

===========================================================================================
----------------- testing Sat Jun 22 04:46:42 UTC 2019 /home/travis/build/icyphy/ptII/ptolemy/actor/lib/test/auto/ArrayElement.xml
----------------- Instantiating /home/travis/build/icyphy/ptII/ptolemy/actor/lib/test/auto/ArrayElement.xml
4 ms. Memory: 533504K Free: 480223K (90%)
----------------- Invoking toplevel() on ptolemy.moml.MoMLSimpleApplication@4ac89fb2
----------------- Done invoking toplevel() on ptolemy.moml.MoMLSimpleApplication@4ac89fb2
reloadAllAccessors: .ArrayElement

===========================================================================================
----------------- testing Sat Jun 22 04:46:42 UTC 2019 /home/travis/build/icyphy/ptII/ptolemy/actor/lib/test/auto/ArrayElementAsMatrix.xml
----------------- Instantiating /home/travis/build/icyphy/ptII/ptolemy/actor/lib/test/auto/ArrayElementAsMatrix.xml
23 ms. Memory: 533504K Free: 470528K (88%)
----------------- Invoking toplevel() on ptolemy.moml.MoMLSimpleApplication@525c100b
----------------- Done invoking toplevel() on ptolemy.moml.MoMLSimpleApplication@525c100b
reloadAllAccessors: .ArrayElementAsMatrix

===========================================================================================
----------------- testing Sat Jun 22 04:46:42 UTC 2019 /home/travis/build/icyphy/ptII/ptolemy/actor/lib/test/auto/ArrayElementI.xml
----------------- Instantiating /home/travis/build/icyphy/ptII/ptolemy/actor/lib/test/auto/ArrayElementI.xml
5 ms. Memory: 533504K Free: 464887K (87%)
----------------- Invoking toplevel() on ptolemy.moml.MoMLSimpleApplication@a285118
----------------- Done invoking toplevel() on ptolemy.moml.MoMLSimpleApplication@a285118
reloadAllAccessors: .ArrayElementI

===========================================================================================
----------------- testing Sat Jun 22 04:46:42 UTC 2019 /home/travis/build/icyphy/ptII/ptolemy/actor/lib/test/auto/ArrayExtract.xml
----------------- Instantiating /home/travis/build/icyphy/ptII/ptolemy/actor/lib/test/auto/ArrayExtract.xml
7 ms. Memory: 533504K Free: 456702K (86%)
----------------- Invoking toplevel() on ptolemy.moml.MoMLSimpleApplication@18ec8dfd
----------------- Done invoking toplevel() on ptolemy.moml.MoMLSimpleApplication@18ec8dfd
reloadAllAccessors: .ArrayExtract

===========================================================================================
----------------- testing Sat Jun 22 04:46:42 UTC 2019 /home/travis/build/icyphy/ptII/ptolemy/actor/lib/test/auto/ArrayExtract2.xml
----------------- Instantiating /home/travis/build/icyphy/ptII/ptolemy/actor/lib/test/auto/ArrayExtract2.xml
2 ms. Memory: 533504K Free: 451582K (85%)
----------------- Invoking toplevel() on ptolemy.moml.MoMLSimpleApplication@74ac02a3
----------------- Done invoking toplevel() on ptolemy.moml.MoMLSimpleApplication@74ac02a3
reloadAllAccessors: .ArrayExtract2

===========================================================================================
----------------- testing Sat Jun 22 04:46:42 UTC 2019 /home/travis/build/icyphy/ptII/ptolemy/actor/lib/test/auto/ArrayLength.xml
----------------- Instantiating /home/travis/build/icyphy/ptII/ptolemy/actor/lib/test/auto/ArrayLength.xml
3 ms. Memory: 533504K Free: 448000K (84%)
----------------- Invoking toplevel() on ptolemy.moml.MoMLSimpleApplication@2b852fef
----------------- Done invoking toplevel() on ptolemy.moml.MoMLSimpleApplication@2b852fef
reloadAllAccessors: .ArrayLength

===========================================================================================
----------------- testing Sat Jun 22 04:46:42 UTC 2019 /home/travis/build/icyphy/ptII/ptolemy/actor/lib/test/auto/ArrayLevelCrossing.xml
----------------- Instantiating /home/travis/build/icyphy/ptII/ptolemy/actor/lib/test/auto/ArrayLevelCrossing.xml
5 ms. Memory: 533504K Free: 439808K (82%)
----------------- Invoking toplevel() on ptolemy.moml.MoMLSimpleApplication@6a6c0aa9
----------------- Done invoking toplevel() on ptolemy.moml.MoMLSimpleApplication@6a6c0aa9
reloadAllAccessors: .ArrayLevelCrossing

===========================================================================================
----------------- testing Sat Jun 22 04:46:42 UTC 2019 /home/travis/build/icyphy/ptII/ptolemy/actor/lib/test/auto/ArrayLevelCrossing2.xml
----------------- Instantiating /home/travis/build/icyphy/ptII/ptolemy/actor/lib/test/auto/ArrayLevelCrossing2.xml
4 ms. Memory: 533504K Free: 432640K (81%)
----------------- Invoking toplevel() on ptolemy.moml.MoMLSimpleApplication@795f42ad
----------------- Done invoking toplevel() on ptolemy.moml.MoMLSimpleApplication@795f42ad
reloadAllAccessors: .ArrayLevelCrossing2

===========================================================================================
----------------- testing Sat Jun 22 04:46:42 UTC 2019 /home/travis/build/icyphy/ptII/ptolemy/actor/lib/test/auto/ArrayPeakSearch.xml
----------------- Instantiating /home/travis/build/icyphy/ptII/ptolemy/actor/lib/test/auto/ArrayPeakSearch.xml
10 ms. Memory: 533504K Free: 423424K (79%)
----------------- Invoking toplevel() on ptolemy.moml.MoMLSimpleApplication@2b5bcee9
----------------- Done invoking toplevel() on ptolemy.moml.MoMLSimpleApplication@2b5bcee9
reloadAllAccessors: .ArrayPeakSearch

===========================================================================================
----------------- testing Sat Jun 22 04:46:42 UTC 2019 /home/travis/build/icyphy/ptII/ptolemy/actor/lib/test/auto/ArrayPeakSearch2.xml
----------------- Instantiating /home/travis/build/icyphy/ptII/ptolemy/actor/lib/test/auto/ArrayPeakSearch2.xml
9 ms. Memory: 533504K Free: 413184K (77%)
----------------- Invoking toplevel() on ptolemy.moml.MoMLSimpleApplication@13086622
----------------- Done invoking toplevel() on ptolemy.moml.MoMLSimpleApplication@13086622
reloadAllAccessors: .ArrayPeakSearch2

===========================================================================================
----------------- testing Sat Jun 22 04:46:42 UTC 2019 /home/travis/build/icyphy/ptII/ptolemy/actor/lib/test/auto/ArrayPeakSearch3.xml
----------------- Instantiating /home/travis/build/icyphy/ptII/ptolemy/actor/lib/test/auto/ArrayPeakSearch3.xml
8 ms. Memory: 533504K Free: 403968K (76%)
----------------- Invoking toplevel() on ptolemy.moml.MoMLSimpleApplication@6dc88d6c
----------------- Done invoking toplevel() on ptolemy.moml.MoMLSimpleApplication@6dc88d6c
reloadAllAccessors: .ArrayPeakSearch3

===========================================================================================
----------------- testing Sat Jun 22 04:46:42 UTC 2019 /home/travis/build/icyphy/ptII/ptolemy/actor/lib/test/auto/ArrayRemoveElement.xml
----------------- Instantiating /home/travis/build/icyphy/ptII/ptolemy/actor/lib/test/auto/ArrayRemoveElement.xml
4 ms. Memory: 533504K Free: 396286K (74%)
----------------- Invoking toplevel() on ptolemy.moml.MoMLSimpleApplication@7cf9395d
----------------- Done invoking toplevel() on ptolemy.moml.MoMLSimpleApplication@7cf9395d
reloadAllAccessors: .ArrayRemoveElement

===========================================================================================
----------------- testing Sat Jun 22 04:46:42 UTC 2019 /home/travis/build/icyphy/ptII/ptolemy/actor/lib/test/auto/ArraySort.xml
----------------- Instantiating /home/travis/build/icyphy/ptII/ptolemy/actor/lib/test/auto/ArraySort.xml
11 ms. Memory: 533504K Free: 387070K (73%)
----------------- Invoking toplevel() on ptolemy.moml.MoMLSimpleApplication@25cf09af
----------------- Done invoking toplevel() on ptolemy.moml.MoMLSimpleApplication@25cf09af
reloadAllAccessors: .ArraySort

===========================================================================================
----------------- testing Sat Jun 22 04:46:42 UTC 2019 /home/travis/build/icyphy/ptII/ptolemy/actor/lib/test/auto/ArraySum.xml
----------------- Instantiating /home/travis/build/icyphy/ptII/ptolemy/actor/lib/test/auto/ArraySum.xml
7 ms. Memory: 533504K Free: 381950K (72%)
----------------- Invoking toplevel() on ptolemy.moml.MoMLSimpleApplication@1cb53845
----------------- Done invoking toplevel() on ptolemy.moml.MoMLSimpleApplication@1cb53845
reloadAllAccessors: .ArraySum

===========================================================================================
----------------- testing Sat Jun 22 04:46:42 UTC 2019 /home/travis/build/icyphy/ptII/ptolemy/actor/lib/test/auto/ArrayToElements.xml
----------------- Instantiating /home/travis/build/icyphy/ptII/ptolemy/actor/lib/test/auto/ArrayToElements.xml
11 ms. Memory: 533504K Free: 376320K (71%)
----------------- Invoking toplevel() on ptolemy.moml.MoMLSimpleApplication@69a0b213
----------------- Done invoking toplevel() on ptolemy.moml.MoMLSimpleApplication@69a0b213
reloadAllAccessors: .ArrayToElements

===========================================================================================
----------------- testing Sat Jun 22 04:46:42 UTC 2019 /home/travis/build/icyphy/ptII/ptolemy/actor/lib/test/auto/ArrayToMatrix.xml
----------------- Instantiating /home/travis/build/icyphy/ptII/ptolemy/actor/lib/test/auto/ArrayToMatrix.xml
15 ms. Memory: 533504K Free: 362494K (68%)
----------------- Invoking toplevel() on ptolemy.moml.MoMLSimpleApplication@819223e
----------------- Done invoking toplevel() on ptolemy.moml.MoMLSimpleApplication@819223e
reloadAllAccessors: .ArrayToMatrix

===========================================================================================
----------------- testing Sat Jun 22 04:46:42 UTC 2019 /home/travis/build/icyphy/ptII/ptolemy/actor/lib/test/auto/ArrayUpdate1.xml
----------------- Instantiating /home/travis/build/icyphy/ptII/ptolemy/actor/lib/test/auto/ArrayUpdate1.xml
3 ms. Memory: 533504K Free: 357374K (67%)
----------------- Invoking toplevel() on ptolemy.moml.MoMLSimpleApplication@72ab3810
----------------- Done invoking toplevel() on ptolemy.moml.MoMLSimpleApplication@72ab3810
reloadAllAccessors: .ArrayUpdate1

===========================================================================================
----------------- testing Sat Jun 22 04:46:42 UTC 2019 /home/travis/build/icyphy/ptII/ptolemy/actor/lib/test/auto/ArrayUpdate2.xml
----------------- Instantiating /home/travis/build/icyphy/ptII/ptolemy/actor/lib/test/auto/ArrayUpdate2.xml
6 ms. Memory: 533504K Free: 351230K (66%)
----------------- Invoking toplevel() on ptolemy.moml.MoMLSimpleApplication@599957da
----------------- Done invoking toplevel() on ptolemy.moml.MoMLSimpleApplication@599957da
reloadAllAccessors: .ArrayUpdate2

===========================================================================================
----------------- testing Sat Jun 22 04:46:42 UTC 2019 /home/travis/build/icyphy/ptII/ptolemy/actor/lib/test/auto/ArrayUpdate3.xml
----------------- Instantiating /home/travis/build/icyphy/ptII/ptolemy/actor/lib/test/auto/ArrayUpdate3.xml
3 ms. Memory: 533504K Free: 346110K (65%)
----------------- Invoking toplevel() on ptolemy.moml.MoMLSimpleApplication@13cf0207
----------------- Done invoking toplevel() on ptolemy.moml.MoMLSimpleApplication@13cf0207
reloadAllAccessors: .ArrayUpdate3

===========================================================================================
----------------- testing Sat Jun 22 04:46:42 UTC 2019 /home/travis/build/icyphy/ptII/ptolemy/actor/lib/test/auto/Assert1.xml
----------------- Instantiating /home/travis/build/icyphy/ptII/ptolemy/actor/lib/test/auto/Assert1.xml
4 ms. Memory: 533504K Free: 342014K (64%)
----------------- Invoking toplevel() on ptolemy.moml.MoMLSimpleApplication@162a5579
----------------- Done invoking toplevel() on ptolemy.moml.MoMLSimpleApplication@162a5579
reloadAllAccessors: .Assert1

===========================================================================================
----------------- testing Sat Jun 22 04:46:42 UTC 2019 /home/travis/build/icyphy/ptII/ptolemy/actor/lib/test/auto/Assert2.xml
----------------- Instantiating /home/travis/build/icyphy/ptII/ptolemy/actor/lib/test/auto/Assert2.xml
2 ms. Memory: 533504K Free: 336894K (63%)
----------------- Invoking toplevel() on ptolemy.moml.MoMLSimpleApplication@21853b57
----------------- Done invoking toplevel() on ptolemy.moml.MoMLSimpleApplication@21853b57
reloadAllAccessors: .Assert2

===========================================================================================
----------------- testing Sat Jun 22 04:46:42 UTC 2019 /home/travis/build/icyphy/ptII/ptolemy/actor/lib/test/auto/BooleanMultiplexor.xml
----------------- Instantiating /home/travis/build/icyphy/ptII/ptolemy/actor/lib/test/auto/BooleanMultiplexor.xml
3 ms. Memory: 533504K Free: 331767K (62%)
----------------- Invoking toplevel() on ptolemy.moml.MoMLSimpleApplication@3a0e6fc3
----------------- Done invoking toplevel() on ptolemy.moml.MoMLSimpleApplication@3a0e6fc3
reloadAllAccessors: .BooleanMultiplexor

===========================================================================================
----------------- testing Sat Jun 22 04:46:42 UTC 2019 /home/travis/build/icyphy/ptII/ptolemy/actor/lib/test/auto/BooleanMultiplexor2.xml
----------------- Instantiating /home/travis/build/icyphy/ptII/ptolemy/actor/lib/test/auto/BooleanMultiplexor2.xml
14 ms. Memory: 533504K Free: 325120K (61%)
----------------- Invoking toplevel() on ptolemy.moml.MoMLSimpleApplication@59d901ec
----------------- Done invoking toplevel() on ptolemy.moml.MoMLSimpleApplication@59d901ec
reloadAllAccessors: .BooleanMultiplexor2

===========================================================================================
----------------- testing Sat Jun 22 04:46:42 UTC 2019 /home/travis/build/icyphy/ptII/ptolemy/actor/lib/test/auto/BooleanMultiplexor3.xml
----------------- Instantiating /home/travis/build/icyphy/ptII/ptolemy/actor/lib/test/auto/BooleanMultiplexor3.xml
5 ms. Memory: 533504K Free: 321534K (60%)
----------------- Invoking toplevel() on ptolemy.moml.MoMLSimpleApplication@30b10d2b
----------------- Done invoking toplevel() on ptolemy.moml.MoMLSimpleApplication@30b10d2b
reloadAllAccessors: .BooleanMultiplexor3

===========================================================================================
----------------- testing Sat Jun 22 04:46:42 UTC 2019 /home/travis/build/icyphy/ptII/ptolemy/actor/lib/test/auto/BooleanSelect.xml
----------------- Instantiating /home/travis/build/icyphy/ptII/ptolemy/actor/lib/test/auto/BooleanSelect.xml
12 ms. Memory: 533504K Free: 315359K (59%)
----------------- Invoking toplevel() on ptolemy.moml.MoMLSimpleApplication@1e6eaf2c
----------------- Done invoking toplevel() on ptolemy.moml.MoMLSimpleApplication@1e6eaf2c
reloadAllAccessors: .BooleanSelect

===========================================================================================
----------------- testing Sat Jun 22 04:46:42 UTC 2019 /home/travis/build/icyphy/ptII/ptolemy/actor/lib/test/auto/BooleanSelect2.xml
----------------- Instantiating /home/travis/build/icyphy/ptII/ptolemy/actor/lib/test/auto/BooleanSelect2.xml
2 ms. Memory: 533504K Free: 311294K (58%)
----------------- Invoking toplevel() on ptolemy.moml.MoMLSimpleApplication@67010139
----------------- Done invoking toplevel() on ptolemy.moml.MoMLSimpleApplication@67010139
reloadAllAccessors: .BooleanSelect2

===========================================================================================
----------------- testing Sat Jun 22 04:46:43 UTC 2019 /home/travis/build/icyphy/ptII/ptolemy/actor/lib/test/auto/BooleanSwitch.xml
----------------- Instantiating /home/travis/build/icyphy/ptII/ptolemy/actor/lib/test/auto/BooleanSwitch.xml
9 ms. Memory: 533504K Free: 305150K (57%)
----------------- Invoking toplevel() on ptolemy.moml.MoMLSimpleApplication@66cd105e
----------------- Done invoking toplevel() on ptolemy.moml.MoMLSimpleApplication@66cd105e
reloadAllAccessors: .BooleanSwitch

===========================================================================================
----------------- testing Sat Jun 22 04:46:43 UTC 2019 /home/travis/build/icyphy/ptII/ptolemy/actor/lib/test/auto/BooleanSwitch2.xml
----------------- Instantiating /home/travis/build/icyphy/ptII/ptolemy/actor/lib/test/auto/BooleanSwitch2.xml
2 ms. Memory: 533504K Free: 301054K (56%)
----------------- Invoking toplevel() on ptolemy.moml.MoMLSimpleApplication@d998262
----------------- Done invoking toplevel() on ptolemy.moml.MoMLSimpleApplication@d998262
reloadAllAccessors: .BooleanSwitch2

===========================================================================================
----------------- testing Sat Jun 22 04:46:43 UTC 2019 /home/travis/build/icyphy/ptII/ptolemy/actor/lib/test/auto/BooleanSwitchCloningBugWithClassRelationGroup.xml
----------------- Instantiating /home/travis/build/icyphy/ptII/ptolemy/actor/lib/test/auto/BooleanSwitchCloningBugWithClassRelationGroup.xml
4 ms. Memory: 533504K Free: 294400K (55%)
----------------- Invoking toplevel() on ptolemy.moml.MoMLSimpleApplication@5ad7f3a0
----------------- Done invoking toplevel() on ptolemy.moml.MoMLSimpleApplication@5ad7f3a0
reloadAllAccessors: .BooleanSwitchCloningBugWithClassRelationGroup

===========================================================================================
----------------- testing Sat Jun 22 04:46:43 UTC 2019 /home/travis/build/icyphy/ptII/ptolemy/actor/lib/test/auto/BusActors.xml
----------------- Instantiating /home/travis/build/icyphy/ptII/ptolemy/actor/lib/test/auto/BusActors.xml
6 ms. Memory: 533504K Free: 286718K (54%)
----------------- Invoking toplevel() on ptolemy.moml.MoMLSimpleApplication@5a8dfc60
----------------- Done invoking toplevel() on ptolemy.moml.MoMLSimpleApplication@5a8dfc60
reloadAllAccessors: .BusActors

===========================================================================================
----------------- testing Sat Jun 22 04:46:43 UTC 2019 /home/travis/build/icyphy/ptII/ptolemy/actor/lib/test/auto/ClassWrapper.xml
----------------- Instantiating /home/travis/build/icyphy/ptII/ptolemy/actor/lib/test/auto/ClassWrapper.xml
4 ms. Memory: 533504K Free: 282112K (53%)
----------------- Invoking toplevel() on ptolemy.moml.MoMLSimpleApplication@3b67c597
----------------- Done invoking toplevel() on ptolemy.moml.MoMLSimpleApplication@3b67c597
reloadAllAccessors: .ClassWrapper

===========================================================================================
----------------- testing Sat Jun 22 04:46:43 UTC 2019 /home/travis/build/icyphy/ptII/ptolemy/actor/lib/test/auto/Clock.xml
----------------- Instantiating /home/travis/build/icyphy/ptII/ptolemy/actor/lib/test/auto/Clock.xml
2 ms. Memory: 533504K Free: 278526K (52%)
----------------- Invoking toplevel() on ptolemy.moml.MoMLSimpleApplication@22abf1ad
----------------- Done invoking toplevel() on ptolemy.moml.MoMLSimpleApplication@22abf1ad
reloadAllAccessors: .Clock

===========================================================================================
----------------- testing Sat Jun 22 04:46:43 UTC 2019 /home/travis/build/icyphy/ptII/ptolemy/actor/lib/test/auto/Clock10.xml
----------------- Instantiating /home/travis/build/icyphy/ptII/ptolemy/actor/lib/test/auto/Clock10.xml
4 ms. Memory: 533504K Free: 272382K (51%)
----------------- Invoking toplevel() on ptolemy.moml.MoMLSimpleApplication@5dde8836
----------------- Done invoking toplevel() on ptolemy.moml.MoMLSimpleApplication@5dde8836
reloadAllAccessors: .Clock10

===========================================================================================
----------------- testing Sat Jun 22 04:46:43 UTC 2019 /home/travis/build/icyphy/ptII/ptolemy/actor/lib/test/auto/Clock11.xml
----------------- Instantiating /home/travis/build/icyphy/ptII/ptolemy/actor/lib/test/auto/Clock11.xml
3 ms. Memory: 533504K Free: 266752K (50%)
----------------- Invoking toplevel() on ptolemy.moml.MoMLSimpleApplication@5355ee29
----------------- Done invoking toplevel() on ptolemy.moml.MoMLSimpleApplication@5355ee29
reloadAllAccessors: .Clock11

===========================================================================================
----------------- testing Sat Jun 22 04:46:43 UTC 2019 /home/travis/build/icyphy/ptII/ptolemy/actor/lib/test/auto/Clock12.xml
----------------- Instantiating /home/travis/build/icyphy/ptII/ptolemy/actor/lib/test/auto/Clock12.xml
3 ms. Memory: 533504K Free: 260608K (49%)
----------------- Invoking toplevel() on ptolemy.moml.MoMLSimpleApplication@7ad77aa
----------------- Done invoking toplevel() on ptolemy.moml.MoMLSimpleApplication@7ad77aa
reloadAllAccessors: .Clock12

===========================================================================================
----------------- testing Sat Jun 22 04:46:43 UTC 2019 /home/travis/build/icyphy/ptII/ptolemy/actor/lib/test/auto/Clock13.xml
----------------- Instantiating /home/travis/build/icyphy/ptII/ptolemy/actor/lib/test/auto/Clock13.xml
5 ms. Memory: 533504K Free: 254959K (48%)
----------------- Invoking toplevel() on ptolemy.moml.MoMLSimpleApplication@29ae612
----------------- Done invoking toplevel() on ptolemy.moml.MoMLSimpleApplication@29ae612
reloadAllAccessors: .Clock13

===========================================================================================
----------------- testing Sat Jun 22 04:46:43 UTC 2019 /home/travis/build/icyphy/ptII/ptolemy/actor/lib/test/auto/Clock14.xml
----------------- Instantiating /home/travis/build/icyphy/ptII/ptolemy/actor/lib/test/auto/Clock14.xml
4 ms. Memory: 533504K Free: 248815K (47%)
----------------- Invoking toplevel() on ptolemy.moml.MoMLSimpleApplication@737a7a88
----------------- Done invoking toplevel() on ptolemy.moml.MoMLSimpleApplication@737a7a88
reloadAllAccessors: .Clock14

===========================================================================================
----------------- testing Sat Jun 22 04:46:43 UTC 2019 /home/travis/build/icyphy/ptII/ptolemy/actor/lib/test/auto/Clock15.xml
----------------- Instantiating /home/travis/build/icyphy/ptII/ptolemy/actor/lib/test/auto/Clock15.xml
2 ms. Memory: 533504K Free: 242655K (45%)
----------------- Invoking toplevel() on ptolemy.moml.MoMLSimpleApplication@576878a
----------------- Done invoking toplevel() on ptolemy.moml.MoMLSimpleApplication@576878a
reloadAllAccessors: .Clock15

===========================================================================================
----------------- testing Sat Jun 22 04:46:43 UTC 2019 /home/travis/build/icyphy/ptII/ptolemy/actor/lib/test/auto/Clock16.xml
----------------- Instantiating /home/travis/build/icyphy/ptII/ptolemy/actor/lib/test/auto/Clock16.xml
30 ms. Memory: 533504K Free: 228319K (43%)
----------------- Invoking toplevel() on ptolemy.moml.MoMLSimpleApplication@57aed39c
----------------- Done invoking toplevel() on ptolemy.moml.MoMLSimpleApplication@57aed39c
reloadAllAccessors: .Clock16

===========================================================================================
----------------- testing Sat Jun 22 04:46:43 UTC 2019 /home/travis/build/icyphy/ptII/ptolemy/actor/lib/test/auto/Clock17.xml
----------------- Instantiating /home/travis/build/icyphy/ptII/ptolemy/actor/lib/test/auto/Clock17.xml
16 ms. Memory: 533504K Free: 213504K (40%)
----------------- Invoking toplevel() on ptolemy.moml.MoMLSimpleApplication@14f60bbe
----------------- Done invoking toplevel() on ptolemy.moml.MoMLSimpleApplication@14f60bbe
reloadAllAccessors: .Clock17

===========================================================================================
----------------- testing Sat Jun 22 04:46:43 UTC 2019 /home/travis/build/icyphy/ptII/ptolemy/actor/lib/test/auto/Clock18.xml
----------------- Instantiating /home/travis/build/icyphy/ptII/ptolemy/actor/lib/test/auto/Clock18.xml
15 ms. Memory: 533504K Free: 200687K (38%)
----------------- Invoking toplevel() on ptolemy.moml.MoMLSimpleApplication@77bde197
----------------- Done invoking toplevel() on ptolemy.moml.MoMLSimpleApplication@77bde197
reloadAllAccessors: .Clock18

===========================================================================================
----------------- testing Sat Jun 22 04:46:43 UTC 2019 /home/travis/build/icyphy/ptII/ptolemy/actor/lib/test/auto/Clock19.xml
----------------- Instantiating /home/travis/build/icyphy/ptII/ptolemy/actor/lib/test/auto/Clock19.xml
14 ms. Memory: 533504K Free: 187359K (35%)
----------------- Invoking toplevel() on ptolemy.moml.MoMLSimpleApplication@12b060e7
----------------- Done invoking toplevel() on ptolemy.moml.MoMLSimpleApplication@12b060e7
reloadAllAccessors: .Clock19

===========================================================================================
----------------- testing Sat Jun 22 04:46:43 UTC 2019 /home/travis/build/icyphy/ptII/ptolemy/actor/lib/test/auto/Clock2.xml
----------------- Instantiating /home/travis/build/icyphy/ptII/ptolemy/actor/lib/test/auto/Clock2.xml
6 ms. Memory: 533504K Free: 182784K (34%)
----------------- Invoking toplevel() on ptolemy.moml.MoMLSimpleApplication@63c195ab
----------------- Done invoking toplevel() on ptolemy.moml.MoMLSimpleApplication@63c195ab
reloadAllAccessors: .Clock2

===========================================================================================
----------------- testing Sat Jun 22 04:46:43 UTC 2019 /home/travis/build/icyphy/ptII/ptolemy/actor/lib/test/auto/Clock20.xml
----------------- Instantiating /home/travis/build/icyphy/ptII/ptolemy/actor/lib/test/auto/Clock20.xml
7 ms. Memory: 533504K Free: 177664K (33%)
----------------- Invoking toplevel() on ptolemy.moml.MoMLSimpleApplication@b64ab71
----------------- Done invoking toplevel() on ptolemy.moml.MoMLSimpleApplication@b64ab71
reloadAllAccessors: .Clock20

===========================================================================================
----------------- testing Sat Jun 22 04:46:43 UTC 2019 /home/travis/build/icyphy/ptII/ptolemy/actor/lib/test/auto/Clock21.xml
----------------- Instantiating /home/travis/build/icyphy/ptII/ptolemy/actor/lib/test/auto/Clock21.xml
5 ms. Memory: 533504K Free: 172030K (32%)
----------------- Invoking toplevel() on ptolemy.moml.MoMLSimpleApplication@3cb69fec
----------------- Done invoking toplevel() on ptolemy.moml.MoMLSimpleApplication@3cb69fec
reloadAllAccessors: .Clock21

===========================================================================================
----------------- testing Sat Jun 22 04:46:43 UTC 2019 /home/travis/build/icyphy/ptII/ptolemy/actor/lib/test/auto/Clock22.xml
----------------- Instantiating /home/travis/build/icyphy/ptII/ptolemy/actor/lib/test/auto/Clock22.xml
9 ms. Memory: 533504K Free: 485343K (91%)
----------------- Invoking toplevel() on ptolemy.moml.MoMLSimpleApplication@580beda2
----------------- Done invoking toplevel() on ptolemy.moml.MoMLSimpleApplication@580beda2
reloadAllAccessors: .Clock22

===========================================================================================
----------------- testing Sat Jun 22 04:46:43 UTC 2019 /home/travis/build/icyphy/ptII/ptolemy/actor/lib/test/auto/Clock23.xml
----------------- Instantiating /home/travis/build/icyphy/ptII/ptolemy/actor/lib/test/auto/Clock23.xml
5 ms. Memory: 533504K Free: 479744K (90%)
----------------- Invoking toplevel() on ptolemy.moml.MoMLSimpleApplication@2af9bf19
----------------- Done invoking toplevel() on ptolemy.moml.MoMLSimpleApplication@2af9bf19
reloadAllAccessors: .Clock23

===========================================================================================
----------------- testing Sat Jun 22 04:46:43 UTC 2019 /home/travis/build/icyphy/ptII/ptolemy/actor/lib/test/auto/Clock24.xml
----------------- Instantiating /home/travis/build/icyphy/ptII/ptolemy/actor/lib/test/auto/Clock24.xml
5 ms. Memory: 533504K Free: 474110K (89%)
----------------- Invoking toplevel() on ptolemy.moml.MoMLSimpleApplication@35f635c8
----------------- Done invoking toplevel() on ptolemy.moml.MoMLSimpleApplication@35f635c8
reloadAllAccessors: .Clock24

===========================================================================================
----------------- testing Sat Jun 22 04:46:43 UTC 2019 /home/travis/build/icyphy/ptII/ptolemy/actor/lib/test/auto/Clock4.xml
----------------- Instantiating /home/travis/build/icyphy/ptII/ptolemy/actor/lib/test/auto/Clock4.xml
1 ms. Memory: 533504K Free: 469504K (88%)
----------------- Invoking toplevel() on ptolemy.moml.MoMLSimpleApplication@6e6c70df
----------------- Done invoking toplevel() on ptolemy.moml.MoMLSimpleApplication@6e6c70df
reloadAllAccessors: .Clock4

===========================================================================================
----------------- testing Sat Jun 22 04:46:43 UTC 2019 /home/travis/build/icyphy/ptII/ptolemy/actor/lib/test/auto/Clock5.xml
----------------- Instantiating /home/travis/build/icyphy/ptII/ptolemy/actor/lib/test/auto/Clock5.xml
7 ms. Memory: 533504K Free: 463866K (87%)
----------------- Invoking toplevel() on ptolemy.moml.MoMLSimpleApplication@12eae792
----------------- Done invoking toplevel() on ptolemy.moml.MoMLSimpleApplication@12eae792
reloadAllAccessors: .Clock5

===========================================================================================
----------------- testing Sat Jun 22 04:46:43 UTC 2019 /home/travis/build/icyphy/ptII/ptolemy/actor/lib/test/auto/Clock6.xml
----------------- Instantiating /home/travis/build/icyphy/ptII/ptolemy/actor/lib/test/auto/Clock6.xml
2 ms. Memory: 533504K Free: 459774K (86%)
----------------- Invoking toplevel() on ptolemy.moml.MoMLSimpleApplication@4ac15b99
----------------- Done invoking toplevel() on ptolemy.moml.MoMLSimpleApplication@4ac15b99
reloadAllAccessors: .Clock6

===========================================================================================
----------------- testing Sat Jun 22 04:46:43 UTC 2019 /home/travis/build/icyphy/ptII/ptolemy/actor/lib/test/auto/Clock7.xml
----------------- Instantiating /home/travis/build/icyphy/ptII/ptolemy/actor/lib/test/auto/Clock7.xml
2 ms. Memory: 533504K Free: 454654K (85%)
----------------- Invoking toplevel() on ptolemy.moml.MoMLSimpleApplication@2d48e607
----------------- Done invoking toplevel() on ptolemy.moml.MoMLSimpleApplication@2d48e607
reloadAllAccessors: .Clock7

===========================================================================================
----------------- testing Sat Jun 22 04:46:43 UTC 2019 /home/travis/build/icyphy/ptII/ptolemy/actor/lib/test/auto/Clock8.xml
----------------- Instantiating /home/travis/build/icyphy/ptII/ptolemy/actor/lib/test/auto/Clock8.xml
7 ms. Memory: 533504K Free: 449024K (84%)
----------------- Invoking toplevel() on ptolemy.moml.MoMLSimpleApplication@1d137b2e
----------------- Done invoking toplevel() on ptolemy.moml.MoMLSimpleApplication@1d137b2e
reloadAllAccessors: .Clock8

===========================================================================================
----------------- testing Sat Jun 22 04:46:43 UTC 2019 /home/travis/build/icyphy/ptII/ptolemy/actor/lib/test/auto/Clock9.xml
----------------- Instantiating /home/travis/build/icyphy/ptII/ptolemy/actor/lib/test/auto/Clock9.xml
6 ms. Memory: 533504K Free: 443904K (83%)
----------------- Invoking toplevel() on ptolemy.moml.MoMLSimpleApplication@7f97539f
----------------- Done invoking toplevel() on ptolemy.moml.MoMLSimpleApplication@7f97539f
reloadAllAccessors: .Clock9

===========================================================================================
----------------- testing Sat Jun 22 04:46:43 UTC 2019 /home/travis/build/icyphy/ptII/ptolemy/actor/lib/test/auto/CommDistDiscard.xml
----------------- Instantiating /home/travis/build/icyphy/ptII/ptolemy/actor/lib/test/auto/CommDistDiscard.xml
4 ms. Memory: 533504K Free: 438270K (82%)
----------------- Invoking toplevel() on ptolemy.moml.MoMLSimpleApplication@2059ab76
----------------- Done invoking toplevel() on ptolemy.moml.MoMLSimpleApplication@2059ab76
reloadAllAccessors: .CommDistDiscard

===========================================================================================
----------------- testing Sat Jun 22 04:46:43 UTC 2019 /home/travis/build/icyphy/ptII/ptolemy/actor/lib/test/auto/Commutator.xml
----------------- Instantiating /home/travis/build/icyphy/ptII/ptolemy/actor/lib/test/auto/Commutator.xml
3 ms. Memory: 533504K Free: 434174K (81%)
----------------- Invoking toplevel() on ptolemy.moml.MoMLSimpleApplication@7de05f9d
----------------- Done invoking toplevel() on ptolemy.moml.MoMLSimpleApplication@7de05f9d
reloadAllAccessors: .Commutator

===========================================================================================
----------------- testing Sat Jun 22 04:46:43 UTC 2019 /home/travis/build/icyphy/ptII/ptolemy/actor/lib/test/auto/Commutator2.xml
----------------- Instantiating /home/travis/build/icyphy/ptII/ptolemy/actor/lib/test/auto/Commutator2.xml
1 ms. Memory: 533504K Free: 429568K (81%)
----------------- Invoking toplevel() on ptolemy.moml.MoMLSimpleApplication@5d881705
----------------- Done invoking toplevel() on ptolemy.moml.MoMLSimpleApplication@5d881705
reloadAllAccessors: .Commutator2

===========================================================================================
----------------- testing Sat Jun 22 04:46:43 UTC 2019 /home/travis/build/icyphy/ptII/ptolemy/actor/lib/test/auto/Commutator3.xml
----------------- Instantiating /home/travis/build/icyphy/ptII/ptolemy/actor/lib/test/auto/Commutator3.xml
3 ms. Memory: 533504K Free: 424958K (80%)
----------------- Invoking toplevel() on ptolemy.moml.MoMLSimpleApplication@51cf8feb
----------------- Done invoking toplevel() on ptolemy.moml.MoMLSimpleApplication@51cf8feb
reloadAllAccessors: .Commutator3

===========================================================================================
----------------- testing Sat Jun 22 04:46:43 UTC 2019 /home/travis/build/icyphy/ptII/ptolemy/actor/lib/test/auto/Compare.xml
----------------- Instantiating /home/travis/build/icyphy/ptII/ptolemy/actor/lib/test/auto/Compare.xml
2 ms. Memory: 533504K Free: 418814K (79%)
----------------- Invoking toplevel() on ptolemy.moml.MoMLSimpleApplication@2906d3eb
----------------- Done invoking toplevel() on ptolemy.moml.MoMLSimpleApplication@2906d3eb
reloadAllAccessors: .Compare

===========================================================================================
----------------- testing Sat Jun 22 04:46:43 UTC 2019 /home/travis/build/icyphy/ptII/ptolemy/actor/lib/test/auto/CompareDE.xml
----------------- Instantiating /home/travis/build/icyphy/ptII/ptolemy/actor/lib/test/auto/CompareDE.xml
4 ms. Memory: 533504K Free: 411631K (77%)
----------------- Invoking toplevel() on ptolemy.moml.MoMLSimpleApplication@10eed1ea
----------------- Done invoking toplevel() on ptolemy.moml.MoMLSimpleApplication@10eed1ea
reloadAllAccessors: .CompareDE

===========================================================================================
----------------- testing Sat Jun 22 04:46:43 UTC 2019 /home/travis/build/icyphy/ptII/ptolemy/actor/lib/test/auto/ComplexDivide.xml
----------------- Instantiating /home/travis/build/icyphy/ptII/ptolemy/actor/lib/test/auto/ComplexDivide.xml
2 ms. Memory: 533504K Free: 408064K (76%)
----------------- Invoking toplevel() on ptolemy.moml.MoMLSimpleApplication@513678b7
----------------- Done invoking toplevel() on ptolemy.moml.MoMLSimpleApplication@513678b7
reloadAllAccessors: .ComplexDivide

===========================================================================================
----------------- testing Sat Jun 22 04:46:43 UTC 2019 /home/travis/build/icyphy/ptII/ptolemy/actor/lib/test/auto/ComputeHistogram.xml
----------------- Instantiating /home/travis/build/icyphy/ptII/ptolemy/actor/lib/test/auto/ComputeHistogram.xml
36 ms. Memory: 533504K Free: 395262K (74%)
----------------- Invoking toplevel() on ptolemy.moml.MoMLSimpleApplication@25dcc561
----------------- Done invoking toplevel() on ptolemy.moml.MoMLSimpleApplication@25dcc561
reloadAllAccessors: .ComputeHistogram

===========================================================================================
----------------- testing Sat Jun 22 04:46:44 UTC 2019 /home/travis/build/icyphy/ptII/ptolemy/actor/lib/test/auto/ConfigurationSelect.xml
----------------- Instantiating /home/travis/build/icyphy/ptII/ptolemy/actor/lib/test/auto/ConfigurationSelect.xml
2 ms. Memory: 533504K Free: 389632K (73%)
----------------- Invoking toplevel() on ptolemy.moml.MoMLSimpleApplication@3060c174
----------------- Done invoking toplevel() on ptolemy.moml.MoMLSimpleApplication@3060c174
reloadAllAccessors: .ConfigurationSelect

===========================================================================================
----------------- testing Sat Jun 22 04:46:44 UTC 2019 /home/travis/build/icyphy/ptII/ptolemy/actor/lib/test/auto/ConfigurationSelect2.xml
----------------- Instantiating /home/travis/build/icyphy/ptII/ptolemy/actor/lib/test/auto/ConfigurationSelect2.xml
1 ms. Memory: 533504K Free: 385536K (72%)
----------------- Invoking toplevel() on ptolemy.moml.MoMLSimpleApplication@920b1f
----------------- Done invoking toplevel() on ptolemy.moml.MoMLSimpleApplication@920b1f
reloadAllAccessors: .ConfigurationSelect2

===========================================================================================
----------------- testing Sat Jun 22 04:46:44 UTC 2019 /home/travis/build/icyphy/ptII/ptolemy/actor/lib/test/auto/ConfigurationSwitch.xml
----------------- Instantiating /home/travis/build/icyphy/ptII/ptolemy/actor/lib/test/auto/ConfigurationSwitch.xml
2 ms. Memory: 533504K Free: 379902K (71%)
----------------- Invoking toplevel() on ptolemy.moml.MoMLSimpleApplication@7f6e889c
----------------- Done invoking toplevel() on ptolemy.moml.MoMLSimpleApplication@7f6e889c
reloadAllAccessors: .ConfigurationSwitch

===========================================================================================
----------------- testing Sat Jun 22 04:46:44 UTC 2019 /home/travis/build/icyphy/ptII/ptolemy/actor/lib/test/auto/ConfigurationSwitch2.xml
----------------- Instantiating /home/travis/build/icyphy/ptII/ptolemy/actor/lib/test/auto/ConfigurationSwitch2.xml
4 ms. Memory: 533504K Free: 374272K (70%)
----------------- Invoking toplevel() on ptolemy.moml.MoMLSimpleApplication@6f20b491
----------------- Done invoking toplevel() on ptolemy.moml.MoMLSimpleApplication@6f20b491
reloadAllAccessors: .ConfigurationSwitch2

===========================================================================================
----------------- testing Sat Jun 22 04:46:44 UTC 2019 /home/travis/build/icyphy/ptII/ptolemy/actor/lib/test/auto/ConfigurationSwitchCloningBugWithClassRelationGroup.xml
----------------- Instantiating /home/travis/build/icyphy/ptII/ptolemy/actor/lib/test/auto/ConfigurationSwitchCloningBugWithClassRelationGroup.xml
2 ms. Memory: 533504K Free: 368128K (69%)
----------------- Invoking toplevel() on ptolemy.moml.MoMLSimpleApplication@4ea96c0d
----------------- Done invoking toplevel() on ptolemy.moml.MoMLSimpleApplication@4ea96c0d
reloadAllAccessors: .ConfigurationSwitchCloningBugWithClassRelationGroup

===========================================================================================
----------------- testing Sat Jun 22 04:46:44 UTC 2019 /home/travis/build/icyphy/ptII/ptolemy/actor/lib/test/auto/ConfigurationSwitchSelectSDF.xml
----------------- Instantiating /home/travis/build/icyphy/ptII/ptolemy/actor/lib/test/auto/ConfigurationSwitchSelectSDF.xml
2 ms. Memory: 533504K Free: 362494K (68%)
----------------- Invoking toplevel() on ptolemy.moml.MoMLSimpleApplication@568d0bd0
----------------- Done invoking toplevel() on ptolemy.moml.MoMLSimpleApplication@568d0bd0
reloadAllAccessors: .ConfigurationSwitchSelectSDF

===========================================================================================
----------------- testing Sat Jun 22 04:46:44 UTC 2019 /home/travis/build/icyphy/ptII/ptolemy/actor/lib/test/auto/ConfigurationSwitchSelectSDF2.xml
----------------- Instantiating /home/travis/build/icyphy/ptII/ptolemy/actor/lib/test/auto/ConfigurationSwitchSelectSDF2.xml
3 ms. Memory: 533504K Free: 356864K (67%)
----------------- Invoking toplevel() on ptolemy.moml.MoMLSimpleApplication@3a89577e
----------------- Done invoking toplevel() on ptolemy.moml.MoMLSimpleApplication@3a89577e
reloadAllAccessors: .ConfigurationSwitchSelectSDF2

===========================================================================================
----------------- testing Sat Jun 22 04:46:44 UTC 2019 /home/travis/build/icyphy/ptII/ptolemy/actor/lib/test/auto/Const.xml
----------------- Instantiating /home/travis/build/icyphy/ptII/ptolemy/actor/lib/test/auto/Const.xml
2 ms. Memory: 533504K Free: 353278K (66%)
----------------- Invoking toplevel() on ptolemy.moml.MoMLSimpleApplication@5bc07768
----------------- Done invoking toplevel() on ptolemy.moml.MoMLSimpleApplication@5bc07768
reloadAllAccessors: .Const

===========================================================================================
----------------- testing Sat Jun 22 04:46:44 UTC 2019 /home/travis/build/icyphy/ptII/ptolemy/actor/lib/test/auto/Const2.xml
----------------- Instantiating /home/travis/build/icyphy/ptII/ptolemy/actor/lib/test/auto/Const2.xml
2 ms. Memory: 533504K Free: 349182K (65%)
----------------- Invoking toplevel() on ptolemy.moml.MoMLSimpleApplication@45479e41
----------------- Done invoking toplevel() on ptolemy.moml.MoMLSimpleApplication@45479e41
reloadAllAccessors: .Const2

===========================================================================================
----------------- testing Sat Jun 22 04:46:44 UTC 2019 /home/travis/build/icyphy/ptII/ptolemy/actor/lib/test/auto/Const3.xml
----------------- Instantiating /home/travis/build/icyphy/ptII/ptolemy/actor/lib/test/auto/Const3.xml
1 ms. Memory: 533504K Free: 346624K (65%)
----------------- Invoking toplevel() on ptolemy.moml.MoMLSimpleApplication@310218a6
----------------- Done invoking toplevel() on ptolemy.moml.MoMLSimpleApplication@310218a6
reloadAllAccessors: .Const3

===========================================================================================
----------------- testing Sat Jun 22 04:46:44 UTC 2019 /home/travis/build/icyphy/ptII/ptolemy/actor/lib/test/auto/ConstantPublisherPort1.xml
----------------- Instantiating /home/travis/build/icyphy/ptII/ptolemy/actor/lib/test/auto/ConstantPublisherPort1.xml
6 ms. Memory: 533504K Free: 337918K (63%)
----------------- Invoking toplevel() on ptolemy.moml.MoMLSimpleApplication@7160d177
----------------- Done invoking toplevel() on ptolemy.moml.MoMLSimpleApplication@7160d177
reloadAllAccessors: .ConstantPublisherPort1

===========================================================================================
----------------- testing Sat Jun 22 04:46:44 UTC 2019 /home/travis/build/icyphy/ptII/ptolemy/actor/lib/test/auto/ConstantPublisherPort2.xml
----------------- Instantiating /home/travis/build/icyphy/ptII/ptolemy/actor/lib/test/auto/ConstantPublisherPort2.xml
11 ms. Memory: 533504K Free: 329726K (62%)
----------------- Invoking toplevel() on ptolemy.moml.MoMLSimpleApplication@7b46447e
----------------- Done invoking toplevel() on ptolemy.moml.MoMLSimpleApplication@7b46447e
reloadAllAccessors: .ConstantPublisherPort2

===========================================================================================
----------------- testing Sat Jun 22 04:46:44 UTC 2019 /home/travis/build/icyphy/ptII/ptolemy/actor/lib/test/auto/ConstantPublisherPort3.xml
----------------- Instantiating /home/travis/build/icyphy/ptII/ptolemy/actor/lib/test/auto/ConstantPublisherPort3.xml
8 ms. Memory: 533504K Free: 322558K (60%)
----------------- Invoking toplevel() on ptolemy.moml.MoMLSimpleApplication@7f4590d9
----------------- Done invoking toplevel() on ptolemy.moml.MoMLSimpleApplication@7f4590d9
reloadAllAccessors: .ConstantPublisherPort3

===========================================================================================
----------------- testing Sat Jun 22 04:46:44 UTC 2019 /home/travis/build/icyphy/ptII/ptolemy/actor/lib/test/auto/ConstantPublisherPort4.xml
----------------- Instantiating /home/travis/build/icyphy/ptII/ptolemy/actor/lib/test/auto/ConstantPublisherPort4.xml
2 ms. Memory: 533504K Free: 315375K (59%)
----------------- Invoking toplevel() on ptolemy.moml.MoMLSimpleApplication@68377af2
----------------- Done invoking toplevel() on ptolemy.moml.MoMLSimpleApplication@68377af2
reloadAllAccessors: .ConstantPublisherPort4

===========================================================================================
----------------- testing Sat Jun 22 04:46:44 UTC 2019 /home/travis/build/icyphy/ptII/ptolemy/actor/lib/test/auto/ConstantPublisherPort5.xml
----------------- Instantiating /home/travis/build/icyphy/ptII/ptolemy/actor/lib/test/auto/ConstantPublisherPort5.xml
32 ms. Memory: 533504K Free: 305664K (57%)
----------------- Invoking toplevel() on ptolemy.moml.MoMLSimpleApplication@23769f85
----------------- Done invoking toplevel() on ptolemy.moml.MoMLSimpleApplication@23769f85
reloadAllAccessors: .ConstantPublisherPort5

===========================================================================================
----------------- testing Sat Jun 22 04:46:44 UTC 2019 /home/travis/build/icyphy/ptII/ptolemy/actor/lib/test/auto/ConstantPublisherPort6.xml
----------------- Instantiating /home/travis/build/icyphy/ptII/ptolemy/actor/lib/test/auto/ConstantPublisherPort6.xml
20 ms. Memory: 533504K Free: 296448K (56%)
----------------- Invoking toplevel() on ptolemy.moml.MoMLSimpleApplication@e3f281e
----------------- Done invoking toplevel() on ptolemy.moml.MoMLSimpleApplication@e3f281e
reloadAllAccessors: .ConstantPublisherPort6

===========================================================================================
----------------- testing Sat Jun 22 04:46:44 UTC 2019 /home/travis/build/icyphy/ptII/ptolemy/actor/lib/test/auto/ConstantPublisherPort7.xml
----------------- Instantiating /home/travis/build/icyphy/ptII/ptolemy/actor/lib/test/auto/ConstantPublisherPort7.xml
14 ms. Memory: 533504K Free: 287232K (54%)
----------------- Invoking toplevel() on ptolemy.moml.MoMLSimpleApplication@1f13b5f7
----------------- Done invoking toplevel() on ptolemy.moml.MoMLSimpleApplication@1f13b5f7
reloadAllAccessors: .ConstantPublisherPort7

===========================================================================================
----------------- testing Sat Jun 22 04:46:44 UTC 2019 /home/travis/build/icyphy/ptII/ptolemy/actor/lib/test/auto/ConstraintMonitor1.xml
----------------- Instantiating /home/travis/build/icyphy/ptII/ptolemy/actor/lib/test/auto/ConstraintMonitor1.xml
2 ms. Memory: 533504K Free: 282112K (53%)
----------------- Invoking toplevel() on ptolemy.moml.MoMLSimpleApplication@721ce90a
----------------- Done invoking toplevel() on ptolemy.moml.MoMLSimpleApplication@721ce90a
reloadAllAccessors: .ConstraintMonitor1

===========================================================================================
----------------- testing Sat Jun 22 04:46:44 UTC 2019 /home/travis/build/icyphy/ptII/ptolemy/actor/lib/test/auto/ConstraintMonitor2.xml
----------------- Instantiating /home/travis/build/icyphy/ptII/ptolemy/actor/lib/test/auto/ConstraintMonitor2.xml
7 ms. Memory: 533504K Free: 278016K (52%)
----------------- Invoking toplevel() on ptolemy.moml.MoMLSimpleApplication@432d8ffd
----------------- Done invoking toplevel() on ptolemy.moml.MoMLSimpleApplication@432d8ffd
reloadAllAccessors: .ConstraintMonitor2

===========================================================================================
----------------- testing Sat Jun 22 04:46:44 UTC 2019 /home/travis/build/icyphy/ptII/ptolemy/actor/lib/test/auto/ConstraintMonitor3.xml
----------------- Instantiating /home/travis/build/icyphy/ptII/ptolemy/actor/lib/test/auto/ConstraintMonitor3.xml
5 ms. Memory: 533504K Free: 273406K (51%)
----------------- Invoking toplevel() on ptolemy.moml.MoMLSimpleApplication@65b706eb
----------------- Done invoking toplevel() on ptolemy.moml.MoMLSimpleApplication@65b706eb
reloadAllAccessors: .ConstraintMonitor3

===========================================================================================
----------------- testing Sat Jun 22 04:46:44 UTC 2019 /home/travis/build/icyphy/ptII/ptolemy/actor/lib/test/auto/ConstraintMonitor4.xml
----------------- Instantiating /home/travis/build/icyphy/ptII/ptolemy/actor/lib/test/auto/ConstraintMonitor4.xml
5 ms. Memory: 533504K Free: 268800K (50%)
----------------- Invoking toplevel() on ptolemy.moml.MoMLSimpleApplication@23259e03
----------------- Done invoking toplevel() on ptolemy.moml.MoMLSimpleApplication@23259e03
reloadAllAccessors: .ConstraintMonitor4

===========================================================================================
----------------- testing Sat Jun 22 04:46:44 UTC 2019 /home/travis/build/icyphy/ptII/ptolemy/actor/lib/test/auto/ConstraintMonitor5.xml
----------------- Instantiating /home/travis/build/icyphy/ptII/ptolemy/actor/lib/test/auto/ConstraintMonitor5.xml
4 ms. Memory: 533504K Free: 263166K (49%)
----------------- Invoking toplevel() on ptolemy.moml.MoMLSimpleApplication@6d137abf
----------------- Done invoking toplevel() on ptolemy.moml.MoMLSimpleApplication@6d137abf
reloadAllAccessors: .ConstraintMonitor5

===========================================================================================
----------------- testing Sat Jun 22 04:46:44 UTC 2019 /home/travis/build/icyphy/ptII/ptolemy/actor/lib/test/auto/ConstraintMonitor6.xml
----------------- Instantiating /home/travis/build/icyphy/ptII/ptolemy/actor/lib/test/auto/ConstraintMonitor6.xml
8 ms. Memory: 533504K Free: 257015K (48%)
----------------- Invoking toplevel() on ptolemy.moml.MoMLSimpleApplication@75453aae
----------------- Done invoking toplevel() on ptolemy.moml.MoMLSimpleApplication@75453aae
reloadAllAccessors: .ConstraintMonitor6

===========================================================================================
----------------- testing Sat Jun 22 04:46:44 UTC 2019 /home/travis/build/icyphy/ptII/ptolemy/actor/lib/test/auto/ConstraintMonitor7.xml
----------------- Instantiating /home/travis/build/icyphy/ptII/ptolemy/actor/lib/test/auto/ConstraintMonitor7.xml
6 ms. Memory: 533504K Free: 250847K (47%)
----------------- Invoking toplevel() on ptolemy.moml.MoMLSimpleApplication@2c6cc192
----------------- Done invoking toplevel() on ptolemy.moml.MoMLSimpleApplication@2c6cc192
reloadAllAccessors: .ConstraintMonitor7

===========================================================================================
----------------- testing Sat Jun 22 04:46:44 UTC 2019 /home/travis/build/icyphy/ptII/ptolemy/actor/lib/test/auto/ConstraintMonitor8.xml
----------------- Instantiating /home/travis/build/icyphy/ptII/ptolemy/actor/lib/test/auto/ConstraintMonitor8.xml
7 ms. Memory: 533504K Free: 243200K (46%)
----------------- Invoking toplevel() on ptolemy.moml.MoMLSimpleApplication@3c5feed5
----------------- Done invoking toplevel() on ptolemy.moml.MoMLSimpleApplication@3c5feed5
reloadAllAccessors: .ConstraintMonitor8

===========================================================================================
----------------- testing Sat Jun 22 04:46:44 UTC 2019 /home/travis/build/icyphy/ptII/ptolemy/actor/lib/test/auto/Counter.xml
----------------- Instantiating /home/travis/build/icyphy/ptII/ptolemy/actor/lib/test/auto/Counter.xml
3 ms. Memory: 533504K Free: 238080K (45%)
----------------- Invoking toplevel() on ptolemy.moml.MoMLSimpleApplication@322f813e
----------------- Done invoking toplevel() on ptolemy.moml.MoMLSimpleApplication@322f813e
reloadAllAccessors: .Counter

===========================================================================================
----------------- testing Sat Jun 22 04:46:44 UTC 2019 /home/travis/build/icyphy/ptII/ptolemy/actor/lib/test/auto/CurrentTimeSDF.xml
----------------- Instantiating /home/travis/build/icyphy/ptII/ptolemy/actor/lib/test/auto/CurrentTimeSDF.xml
1 ms. Memory: 533504K Free: 234494K (44%)
----------------- Invoking toplevel() on ptolemy.moml.MoMLSimpleApplication@5a0318db
----------------- Done invoking toplevel() on ptolemy.moml.MoMLSimpleApplication@5a0318db
reloadAllAccessors: .CurrentTimeSDF

===========================================================================================
----------------- testing Sat Jun 22 04:46:44 UTC 2019 /home/travis/build/icyphy/ptII/ptolemy/actor/lib/test/auto/DB.xml
----------------- Instantiating /home/travis/build/icyphy/ptII/ptolemy/actor/lib/test/auto/DB.xml
3 ms. Memory: 533504K Free: 229374K (43%)
----------------- Invoking toplevel() on ptolemy.moml.MoMLSimpleApplication@41f43753
----------------- Done invoking toplevel() on ptolemy.moml.MoMLSimpleApplication@41f43753
reloadAllAccessors: .DB

===========================================================================================
----------------- testing Sat Jun 22 04:46:44 UTC 2019 /home/travis/build/icyphy/ptII/ptolemy/actor/lib/test/auto/DBDE.xml
----------------- Instantiating /home/travis/build/icyphy/ptII/ptolemy/actor/lib/test/auto/DBDE.xml
3 ms. Memory: 533504K Free: 223199K (42%)
----------------- Invoking toplevel() on ptolemy.moml.MoMLSimpleApplication@6c8e950d
----------------- Done invoking toplevel() on ptolemy.moml.MoMLSimpleApplication@6c8e950d
reloadAllAccessors: .DBDE

===========================================================================================
----------------- testing Sat Jun 22 04:46:44 UTC 2019 /home/travis/build/icyphy/ptII/ptolemy/actor/lib/test/auto/DateConstructor.xml
----------------- Instantiating /home/travis/build/icyphy/ptII/ptolemy/actor/lib/test/auto/DateConstructor.xml
36 ms. Memory: 533504K Free: 205822K (39%)
----------------- Invoking toplevel() on ptolemy.moml.MoMLSimpleApplication@157012f7
----------------- Done invoking toplevel() on ptolemy.moml.MoMLSimpleApplication@157012f7
reloadAllAccessors: .DateConstructor

===========================================================================================
----------------- testing Sat Jun 22 04:46:44 UTC 2019 /home/travis/build/icyphy/ptII/ptolemy/actor/lib/test/auto/DelayTime.xml
----------------- Instantiating /home/travis/build/icyphy/ptII/ptolemy/actor/lib/test/auto/DelayTime.xml
7 ms. Memory: 533504K Free: 200702K (38%)
----------------- Invoking toplevel() on ptolemy.moml.MoMLSimpleApplication@31cf6a43
----------------- Done invoking toplevel() on ptolemy.moml.MoMLSimpleApplication@31cf6a43
reloadAllAccessors: .DelayTime

===========================================================================================
----------------- testing Sat Jun 22 04:46:44 UTC 2019 /home/travis/build/icyphy/ptII/ptolemy/actor/lib/test/auto/Dictionary1.xml
----------------- Instantiating /home/travis/build/icyphy/ptII/ptolemy/actor/lib/test/auto/Dictionary1.xml
7 ms. Memory: 533504K Free: 195072K (37%)
----------------- Invoking toplevel() on ptolemy.moml.MoMLSimpleApplication@5edb15b1
----------------- Done invoking toplevel() on ptolemy.moml.MoMLSimpleApplication@5edb15b1
reloadAllAccessors: .Dictionary1

===========================================================================================
----------------- testing Sat Jun 22 04:46:44 UTC 2019 /home/travis/build/icyphy/ptII/ptolemy/actor/lib/test/auto/Dictionary2.xml
----------------- Instantiating /home/travis/build/icyphy/ptII/ptolemy/actor/lib/test/auto/Dictionary2.xml
5 ms. Memory: 533504K Free: 189952K (36%)
----------------- Invoking toplevel() on ptolemy.moml.MoMLSimpleApplication@514a4da9
----------------- Done invoking toplevel() on ptolemy.moml.MoMLSimpleApplication@514a4da9
reloadAllAccessors: .Dictionary2

===========================================================================================
----------------- testing Sat Jun 22 04:46:44 UTC 2019 /home/travis/build/icyphy/ptII/ptolemy/actor/lib/test/auto/Dictionary3.xml
----------------- Instantiating /home/travis/build/icyphy/ptII/ptolemy/actor/lib/test/auto/Dictionary3.xml
2 ms. Memory: 533504K Free: 184318K (35%)
----------------- Invoking toplevel() on ptolemy.moml.MoMLSimpleApplication@7a9087e6
----------------- Done invoking toplevel() on ptolemy.moml.MoMLSimpleApplication@7a9087e6
reloadAllAccessors: .Dictionary3

===========================================================================================
----------------- testing Sat Jun 22 04:46:44 UTC 2019 /home/travis/build/icyphy/ptII/ptolemy/actor/lib/test/auto/Dictionary4.xml
----------------- Instantiating /home/travis/build/icyphy/ptII/ptolemy/actor/lib/test/auto/Dictionary4.xml
3 ms. Memory: 533504K Free: 177150K (33%)
----------------- Invoking toplevel() on ptolemy.moml.MoMLSimpleApplication@6eed9f70
----------------- Done invoking toplevel() on ptolemy.moml.MoMLSimpleApplication@6eed9f70
reloadAllAccessors: .Dictionary4

===========================================================================================
----------------- testing Sat Jun 22 04:46:45 UTC 2019 /home/travis/build/icyphy/ptII/ptolemy/actor/lib/test/auto/Differential.xml
----------------- Instantiating /home/travis/build/icyphy/ptII/ptolemy/actor/lib/test/auto/Differential.xml
3 ms. Memory: 533504K Free: 172544K (32%)
----------------- Invoking toplevel() on ptolemy.moml.MoMLSimpleApplication@247fbabe
----------------- Done invoking toplevel() on ptolemy.moml.MoMLSimpleApplication@247fbabe
reloadAllAccessors: .Differential

===========================================================================================
----------------- testing Sat Jun 22 04:46:45 UTC 2019 /home/travis/build/icyphy/ptII/ptolemy/actor/lib/test/auto/Director.xml
----------------- Instantiating /home/travis/build/icyphy/ptII/ptolemy/actor/lib/test/auto/Director.xml
2 ms. Memory: 533504K Free: 169472K (32%)
----------------- Invoking toplevel() on ptolemy.moml.MoMLSimpleApplication@466f8682
----------------- Done invoking toplevel() on ptolemy.moml.MoMLSimpleApplication@466f8682
reloadAllAccessors: .Director

===========================================================================================
----------------- testing Sat Jun 22 04:46:45 UTC 2019 /home/travis/build/icyphy/ptII/ptolemy/actor/lib/test/auto/DiscreteClock.xml
----------------- Instantiating /home/travis/build/icyphy/ptII/ptolemy/actor/lib/test/auto/DiscreteClock.xml
1 ms. Memory: 533504K Free: 483461K (91%)
----------------- Invoking toplevel() on ptolemy.moml.MoMLSimpleApplication@7084a1c1
----------------- Done invoking toplevel() on ptolemy.moml.MoMLSimpleApplication@7084a1c1
reloadAllAccessors: .DiscreteClock

===========================================================================================
----------------- testing Sat Jun 22 04:46:45 UTC 2019 /home/travis/build/icyphy/ptII/ptolemy/actor/lib/test/auto/DiscreteClock10.xml
----------------- Instantiating /home/travis/build/icyphy/ptII/ptolemy/actor/lib/test/auto/DiscreteClock10.xml
2 ms. Memory: 533504K Free: 477317K (89%)
----------------- Invoking toplevel() on ptolemy.moml.MoMLSimpleApplication@16a91a8d
----------------- Done invoking toplevel() on ptolemy.moml.MoMLSimpleApplication@16a91a8d
reloadAllAccessors: .DiscreteClock10

===========================================================================================
----------------- testing Sat Jun 22 04:46:45 UTC 2019 /home/travis/build/icyphy/ptII/ptolemy/actor/lib/test/auto/DiscreteClock11.xml
----------------- Instantiating /home/travis/build/icyphy/ptII/ptolemy/actor/lib/test/auto/DiscreteClock11.xml
2 ms. Memory: 533504K Free: 471683K (88%)
----------------- Invoking toplevel() on ptolemy.moml.MoMLSimpleApplication@7b414107
----------------- Done invoking toplevel() on ptolemy.moml.MoMLSimpleApplication@7b414107
reloadAllAccessors: .DiscreteClock11

===========================================================================================
----------------- testing Sat Jun 22 04:46:45 UTC 2019 /home/travis/build/icyphy/ptII/ptolemy/actor/lib/test/auto/DiscreteClock12.xml
----------------- Instantiating /home/travis/build/icyphy/ptII/ptolemy/actor/lib/test/auto/DiscreteClock12.xml
3 ms. Memory: 533504K Free: 465539K (87%)
----------------- Invoking toplevel() on ptolemy.moml.MoMLSimpleApplication@4b20abfb
----------------- Done invoking toplevel() on ptolemy.moml.MoMLSimpleApplication@4b20abfb
reloadAllAccessors: .DiscreteClock12

===========================================================================================
----------------- testing Sat Jun 22 04:46:45 UTC 2019 /home/travis/build/icyphy/ptII/ptolemy/actor/lib/test/auto/DiscreteClock13.xml
----------------- Instantiating /home/travis/build/icyphy/ptII/ptolemy/actor/lib/test/auto/DiscreteClock13.xml
2 ms. Memory: 533504K Free: 459381K (86%)
----------------- Invoking toplevel() on ptolemy.moml.MoMLSimpleApplication@5a0f06f1
----------------- Done invoking toplevel() on ptolemy.moml.MoMLSimpleApplication@5a0f06f1
reloadAllAccessors: .DiscreteClock13

===========================================================================================
----------------- testing Sat Jun 22 04:46:45 UTC 2019 /home/travis/build/icyphy/ptII/ptolemy/actor/lib/test/auto/DiscreteClock14.xml
----------------- Instantiating /home/travis/build/icyphy/ptII/ptolemy/actor/lib/test/auto/DiscreteClock14.xml
3 ms. Memory: 533504K Free: 453218K (85%)
----------------- Invoking toplevel() on ptolemy.moml.MoMLSimpleApplication@13500562
----------------- Done invoking toplevel() on ptolemy.moml.MoMLSimpleApplication@13500562
reloadAllAccessors: .DiscreteClock14

===========================================================================================
----------------- testing Sat Jun 22 04:46:45 UTC 2019 /home/travis/build/icyphy/ptII/ptolemy/actor/lib/test/auto/DiscreteClock15.xml
----------------- Instantiating /home/travis/build/icyphy/ptII/ptolemy/actor/lib/test/auto/DiscreteClock15.xml
3 ms. Memory: 533504K Free: 447621K (84%)
----------------- Invoking toplevel() on ptolemy.moml.MoMLSimpleApplication@38f6bd4
----------------- Done invoking toplevel() on ptolemy.moml.MoMLSimpleApplication@38f6bd4
reloadAllAccessors: .DiscreteClock15

===========================================================================================
----------------- testing Sat Jun 22 04:46:45 UTC 2019 /home/travis/build/icyphy/ptII/ptolemy/actor/lib/test/auto/DiscreteClock16.xml
----------------- Instantiating /home/travis/build/icyphy/ptII/ptolemy/actor/lib/test/auto/DiscreteClock16.xml
17 ms. Memory: 533504K Free: 433781K (81%)
----------------- Invoking toplevel() on ptolemy.moml.MoMLSimpleApplication@3540bb83
----------------- Done invoking toplevel() on ptolemy.moml.MoMLSimpleApplication@3540bb83
reloadAllAccessors: .DiscreteClock16

===========================================================================================
----------------- testing Sat Jun 22 04:46:45 UTC 2019 /home/travis/build/icyphy/ptII/ptolemy/actor/lib/test/auto/DiscreteClock17.xml
----------------- Instantiating /home/travis/build/icyphy/ptII/ptolemy/actor/lib/test/auto/DiscreteClock17.xml
22 ms. Memory: 533504K Free: 419429K (79%)
----------------- Invoking toplevel() on ptolemy.moml.MoMLSimpleApplication@728f138d
----------------- Done invoking toplevel() on ptolemy.moml.MoMLSimpleApplication@728f138d
reloadAllAccessors: .DiscreteClock17

===========================================================================================
----------------- testing Sat Jun 22 04:46:45 UTC 2019 /home/travis/build/icyphy/ptII/ptolemy/actor/lib/test/auto/DiscreteClock18.xml
----------------- Instantiating /home/travis/build/icyphy/ptII/ptolemy/actor/lib/test/auto/DiscreteClock18.xml
22 ms. Memory: 533504K Free: 406147K (76%)
----------------- Invoking toplevel() on ptolemy.moml.MoMLSimpleApplication@7e02b912
----------------- Done invoking toplevel() on ptolemy.moml.MoMLSimpleApplication@7e02b912
reloadAllAccessors: .DiscreteClock18

===========================================================================================
----------------- testing Sat Jun 22 04:46:45 UTC 2019 /home/travis/build/icyphy/ptII/ptolemy/actor/lib/test/auto/DiscreteClock19.xml
----------------- Instantiating /home/travis/build/icyphy/ptII/ptolemy/actor/lib/test/auto/DiscreteClock19.xml
16 ms. Memory: 533504K Free: 392821K (74%)
----------------- Invoking toplevel() on ptolemy.moml.MoMLSimpleApplication@6e8aca3c
----------------- Done invoking toplevel() on ptolemy.moml.MoMLSimpleApplication@6e8aca3c
reloadAllAccessors: .DiscreteClock19

===========================================================================================
----------------- testing Sat Jun 22 04:46:45 UTC 2019 /home/travis/build/icyphy/ptII/ptolemy/actor/lib/test/auto/DiscreteClock2.xml
----------------- Instantiating /home/travis/build/icyphy/ptII/ptolemy/actor/lib/test/auto/DiscreteClock2.xml
3 ms. Memory: 533504K Free: 388229K (73%)
----------------- Invoking toplevel() on ptolemy.moml.MoMLSimpleApplication@100d9e1e
----------------- Done invoking toplevel() on ptolemy.moml.MoMLSimpleApplication@100d9e1e
reloadAllAccessors: .DiscreteClock2

===========================================================================================
----------------- testing Sat Jun 22 04:46:45 UTC 2019 /home/travis/build/icyphy/ptII/ptolemy/actor/lib/test/auto/DiscreteClock20.xml
----------------- Instantiating /home/travis/build/icyphy/ptII/ptolemy/actor/lib/test/auto/DiscreteClock20.xml
9 ms. Memory: 533504K Free: 382085K (72%)
----------------- Invoking toplevel() on ptolemy.moml.MoMLSimpleApplication@327a8ab2
----------------- Done invoking toplevel() on ptolemy.moml.MoMLSimpleApplication@327a8ab2
reloadAllAccessors: .DiscreteClock20

===========================================================================================
----------------- testing Sat Jun 22 04:46:45 UTC 2019 /home/travis/build/icyphy/ptII/ptolemy/actor/lib/test/auto/DiscreteClock21.xml
----------------- Instantiating /home/travis/build/icyphy/ptII/ptolemy/actor/lib/test/auto/DiscreteClock21.xml
6 ms. Memory: 533504K Free: 376451K (71%)
----------------- Invoking toplevel() on ptolemy.moml.MoMLSimpleApplication@763338bd
----------------- Done invoking toplevel() on ptolemy.moml.MoMLSimpleApplication@763338bd
reloadAllAccessors: .DiscreteClock21

===========================================================================================
----------------- testing Sat Jun 22 04:46:45 UTC 2019 /home/travis/build/icyphy/ptII/ptolemy/actor/lib/test/auto/DiscreteClock22.xml
----------------- Instantiating /home/travis/build/icyphy/ptII/ptolemy/actor/lib/test/auto/DiscreteClock22.xml
5 ms. Memory: 533504K Free: 370821K (70%)
----------------- Invoking toplevel() on ptolemy.moml.MoMLSimpleApplication@4ca9bbb6
----------------- Done invoking toplevel() on ptolemy.moml.MoMLSimpleApplication@4ca9bbb6
reloadAllAccessors: .DiscreteClock22

===========================================================================================
----------------- testing Sat Jun 22 04:46:45 UTC 2019 /home/travis/build/icyphy/ptII/ptolemy/actor/lib/test/auto/DiscreteClock23.xml
----------------- Instantiating /home/travis/build/icyphy/ptII/ptolemy/actor/lib/test/auto/DiscreteClock23.xml
11 ms. Memory: 533504K Free: 365701K (69%)
----------------- Invoking toplevel() on ptolemy.moml.MoMLSimpleApplication@32f61232
----------------- Done invoking toplevel() on ptolemy.moml.MoMLSimpleApplication@32f61232
reloadAllAccessors: .DiscreteClock23

===========================================================================================
----------------- testing Sat Jun 22 04:46:45 UTC 2019 /home/travis/build/icyphy/ptII/ptolemy/actor/lib/test/auto/DiscreteClock24.xml
----------------- Instantiating /home/travis/build/icyphy/ptII/ptolemy/actor/lib/test/auto/DiscreteClock24.xml
5 ms. Memory: 533504K Free: 360067K (67%)
----------------- Invoking toplevel() on ptolemy.moml.MoMLSimpleApplication@7a7a1047
----------------- Done invoking toplevel() on ptolemy.moml.MoMLSimpleApplication@7a7a1047
reloadAllAccessors: .DiscreteClock24

===========================================================================================
----------------- testing Sat Jun 22 04:46:45 UTC 2019 /home/travis/build/icyphy/ptII/ptolemy/actor/lib/test/auto/DiscreteClock4.xml
----------------- Instantiating /home/travis/build/icyphy/ptII/ptolemy/actor/lib/test/auto/DiscreteClock4.xml
5 ms. Memory: 533504K Free: 354437K (66%)
----------------- Invoking toplevel() on ptolemy.moml.MoMLSimpleApplication@1ef4d64c
----------------- Done invoking toplevel() on ptolemy.moml.MoMLSimpleApplication@1ef4d64c
reloadAllAccessors: .DiscreteClock4

===========================================================================================
----------------- testing Sat Jun 22 04:46:45 UTC 2019 /home/travis/build/icyphy/ptII/ptolemy/actor/lib/test/auto/DiscreteClock5.xml
----------------- Instantiating /home/travis/build/icyphy/ptII/ptolemy/actor/lib/test/auto/DiscreteClock5.xml
2 ms. Memory: 533504K Free: 348789K (65%)
----------------- Invoking toplevel() on ptolemy.moml.MoMLSimpleApplication@3d1d5a10
----------------- Done invoking toplevel() on ptolemy.moml.MoMLSimpleApplication@3d1d5a10
reloadAllAccessors: .DiscreteClock5

===========================================================================================
----------------- testing Sat Jun 22 04:46:45 UTC 2019 /home/travis/build/icyphy/ptII/ptolemy/actor/lib/test/auto/DiscreteClock6.xml
----------------- Instantiating /home/travis/build/icyphy/ptII/ptolemy/actor/lib/test/auto/DiscreteClock6.xml
2 ms. Memory: 533504K Free: 345221K (65%)
----------------- Invoking toplevel() on ptolemy.moml.MoMLSimpleApplication@45475d85
----------------- Done invoking toplevel() on ptolemy.moml.MoMLSimpleApplication@45475d85
reloadAllAccessors: .DiscreteClock6

===========================================================================================
----------------- testing Sat Jun 22 04:46:45 UTC 2019 /home/travis/build/icyphy/ptII/ptolemy/actor/lib/test/auto/DiscreteClock7.xml
----------------- Instantiating /home/travis/build/icyphy/ptII/ptolemy/actor/lib/test/auto/DiscreteClock7.xml
2 ms. Memory: 533504K Free: 340611K (64%)
----------------- Invoking toplevel() on ptolemy.moml.MoMLSimpleApplication@3527a5b6
----------------- Done invoking toplevel() on ptolemy.moml.MoMLSimpleApplication@3527a5b6
reloadAllAccessors: .DiscreteClock7

===========================================================================================
----------------- testing Sat Jun 22 04:46:45 UTC 2019 /home/travis/build/icyphy/ptII/ptolemy/actor/lib/test/auto/DiscreteClock8.xml
----------------- Instantiating /home/travis/build/icyphy/ptII/ptolemy/actor/lib/test/auto/DiscreteClock8.xml
5 ms. Memory: 533504K Free: 334981K (63%)
----------------- Invoking toplevel() on ptolemy.moml.MoMLSimpleApplication@2ff34181
----------------- Done invoking toplevel() on ptolemy.moml.MoMLSimpleApplication@2ff34181
reloadAllAccessors: .DiscreteClock8

===========================================================================================
----------------- testing Sat Jun 22 04:46:45 UTC 2019 /home/travis/build/icyphy/ptII/ptolemy/actor/lib/test/auto/DiscreteClock9.xml
----------------- Instantiating /home/travis/build/icyphy/ptII/ptolemy/actor/lib/test/auto/DiscreteClock9.xml
5 ms. Memory: 533504K Free: 329317K (62%)
----------------- Invoking toplevel() on ptolemy.moml.MoMLSimpleApplication@4bb07b60
----------------- Done invoking toplevel() on ptolemy.moml.MoMLSimpleApplication@4bb07b60
reloadAllAccessors: .DiscreteClock9

===========================================================================================
----------------- testing Sat Jun 22 04:46:45 UTC 2019 /home/travis/build/icyphy/ptII/ptolemy/actor/lib/test/auto/DisplayArray.xml
----------------- Instantiating /home/travis/build/icyphy/ptII/ptolemy/actor/lib/test/auto/DisplayArray.xml
1 ms. Memory: 533504K Free: 325765K (61%)
----------------- Invoking toplevel() on ptolemy.moml.MoMLSimpleApplication@2e272b62
----------------- Done invoking toplevel() on ptolemy.moml.MoMLSimpleApplication@2e272b62
reloadAllAccessors: .DisplayArray

===========================================================================================
----------------- testing Sat Jun 22 04:46:45 UTC 2019 /home/travis/build/icyphy/ptII/ptolemy/actor/lib/test/auto/Distributor.xml
----------------- Instantiating /home/travis/build/icyphy/ptII/ptolemy/actor/lib/test/auto/Distributor.xml
2 ms. Memory: 533504K Free: 321155K (60%)
----------------- Invoking toplevel() on ptolemy.moml.MoMLSimpleApplication@18d884fd
----------------- Done invoking toplevel() on ptolemy.moml.MoMLSimpleApplication@18d884fd
reloadAllAccessors: .Distributor

===========================================================================================
----------------- testing Sat Jun 22 04:46:45 UTC 2019 /home/travis/build/icyphy/ptII/ptolemy/actor/lib/test/auto/Distributor2.xml
----------------- Instantiating /home/travis/build/icyphy/ptII/ptolemy/actor/lib/test/auto/Distributor2.xml
1 ms. Memory: 533504K Free: 316549K (59%)
----------------- Invoking toplevel() on ptolemy.moml.MoMLSimpleApplication@1aa973dd
----------------- Done invoking toplevel() on ptolemy.moml.MoMLSimpleApplication@1aa973dd
reloadAllAccessors: .Distributor2

===========================================================================================
----------------- testing Sat Jun 22 04:46:45 UTC 2019 /home/travis/build/icyphy/ptII/ptolemy/actor/lib/test/auto/DownSample.xml
----------------- Instantiating /home/travis/build/icyphy/ptII/ptolemy/actor/lib/test/auto/DownSample.xml
1 ms. Memory: 533504K Free: 311939K (58%)
----------------- Invoking toplevel() on ptolemy.moml.MoMLSimpleApplication@72bf37e6
----------------- Done invoking toplevel() on ptolemy.moml.MoMLSimpleApplication@72bf37e6
reloadAllAccessors: .DownSample

===========================================================================================
----------------- testing Sat Jun 22 04:46:45 UTC 2019 /home/travis/build/icyphy/ptII/ptolemy/actor/lib/test/auto/ElectronicUnitBase1.xml
----------------- Instantiating /home/travis/build/icyphy/ptII/ptolemy/actor/lib/test/auto/ElectronicUnitBase1.xml
19 ms. Memory: 533504K Free: 296069K (55%)
----------------- Invoking toplevel() on ptolemy.moml.MoMLSimpleApplication@5b5eba1
----------------- Done invoking toplevel() on ptolemy.moml.MoMLSimpleApplication@5b5eba1
reloadAllAccessors: .ElectronicUnitBase1

===========================================================================================
----------------- testing Sat Jun 22 04:46:45 UTC 2019 /home/travis/build/icyphy/ptII/ptolemy/actor/lib/test/auto/ElementsToArray.xml
----------------- Instantiating /home/travis/build/icyphy/ptII/ptolemy/actor/lib/test/auto/ElementsToArray.xml
2 ms. Memory: 533504K Free: 290949K (55%)
----------------- Invoking toplevel() on ptolemy.moml.MoMLSimpleApplication@6aa6312
----------------- Done invoking toplevel() on ptolemy.moml.MoMLSimpleApplication@6aa6312
reloadAllAccessors: .ElementsToArray

===========================================================================================
----------------- testing Sat Jun 22 04:46:45 UTC 2019 /home/travis/build/icyphy/ptII/ptolemy/actor/lib/test/auto/Equals.xml
----------------- Instantiating /home/travis/build/icyphy/ptII/ptolemy/actor/lib/test/auto/Equals.xml
3 ms. Memory: 533504K Free: 286853K (54%)
----------------- Invoking toplevel() on ptolemy.moml.MoMLSimpleApplication@70fd22a1
----------------- Done invoking toplevel() on ptolemy.moml.MoMLSimpleApplication@70fd22a1
reloadAllAccessors: .Equals

===========================================================================================
----------------- testing Sat Jun 22 04:46:45 UTC 2019 /home/travis/build/icyphy/ptII/ptolemy/actor/lib/test/auto/Exec.xml
----------------- Instantiating /home/travis/build/icyphy/ptII/ptolemy/actor/lib/test/auto/Exec.xml
25 ms. Memory: 533504K Free: 280709K (53%)
----------------- Invoking toplevel() on ptolemy.moml.MoMLSimpleApplication@dcb4790
----------------- Done invoking toplevel() on ptolemy.moml.MoMLSimpleApplication@dcb4790
reloadAllAccessors: .Exec

===========================================================================================
----------------- testing Sat Jun 22 04:46:45 UTC 2019 /home/travis/build/icyphy/ptII/ptolemy/actor/lib/test/auto/ExecEnvironment.xml
----------------- Instantiating /home/travis/build/icyphy/ptII/ptolemy/actor/lib/test/auto/ExecEnvironment.xml
32 ms. Memory: 533504K Free: 275075K (52%)
----------------- Invoking toplevel() on ptolemy.moml.MoMLSimpleApplication@3e0a6c8b
----------------- Done invoking toplevel() on ptolemy.moml.MoMLSimpleApplication@3e0a6c8b
reloadAllAccessors: .ExecEnvironment

===========================================================================================
----------------- testing Sat Jun 22 04:46:45 UTC 2019 /home/travis/build/icyphy/ptII/ptolemy/actor/lib/test/auto/ExecNonZeroReturnOutput.xml
----------------- Instantiating /home/travis/build/icyphy/ptII/ptolemy/actor/lib/test/auto/ExecNonZeroReturnOutput.xml
158 ms. Memory: 533504K Free: 263301K (49%)
----------------- Invoking toplevel() on ptolemy.moml.MoMLSimpleApplication@2eb2823b
----------------- Done invoking toplevel() on ptolemy.moml.MoMLSimpleApplication@2eb2823b
reloadAllAccessors: .ExecNonZeroReturnOutput

===========================================================================================
----------------- testing Sat Jun 22 04:46:46 UTC 2019 /home/travis/build/icyphy/ptII/ptolemy/actor/lib/test/auto/ExecRunDemos.xml
----------------- Instantiating /home/travis/build/icyphy/ptII/ptolemy/actor/lib/test/auto/ExecRunDemos.xml
10659 ms. Memory: 533504K Free: 243845K (46%)

===========================================================================================
----------------- testing Sat Jun 22 04:46:56 UTC 2019 /home/travis/build/icyphy/ptII/ptolemy/actor/lib/test/auto/ExecStop.xml
----------------- Instantiating /home/travis/build/icyphy/ptII/ptolemy/actor/lib/test/auto/ExecStop.xml
5019 ms. Memory: 533504K Free: 434298K (81%)
----------------- Invoking toplevel() on ptolemy.moml.MoMLSimpleApplication@1a94235
----------------- Done invoking toplevel() on ptolemy.moml.MoMLSimpleApplication@1a94235
reloadAllAccessors: .ExecStop

===========================================================================================
----------------- testing Sat Jun 22 04:47:01 UTC 2019 /home/travis/build/icyphy/ptII/ptolemy/actor/lib/test/auto/ExecutionTimeSDF.xml
----------------- Instantiating /home/travis/build/icyphy/ptII/ptolemy/actor/lib/test/auto/ExecutionTimeSDF.xml
Fired ExecutionTime: -2097767296
Fired ExecutionTime: 1070800000
Fired ExecutionTime: -778167296
6005 ms. Memory: 533504K Free: 421740K (79%)
----------------- Invoking toplevel() on ptolemy.moml.MoMLSimpleApplication@2c4f7f63
----------------- Done invoking toplevel() on ptolemy.moml.MoMLSimpleApplication@2c4f7f63
reloadAllAccessors: .ExecutionTimeSDF

===========================================================================================
----------------- testing Sat Jun 22 04:47:07 UTC 2019 /home/travis/build/icyphy/ptII/ptolemy/actor/lib/test/auto/Expression1.xml
----------------- Instantiating /home/travis/build/icyphy/ptII/ptolemy/actor/lib/test/auto/Expression1.xml
2 ms. Memory: 533504K Free: 418173K (78%)
----------------- Invoking toplevel() on ptolemy.moml.MoMLSimpleApplication@7a3aa8ec
----------------- Done invoking toplevel() on ptolemy.moml.MoMLSimpleApplication@7a3aa8ec
reloadAllAccessors: .Expression1

===========================================================================================
----------------- testing Sat Jun 22 04:47:07 UTC 2019 /home/travis/build/icyphy/ptII/ptolemy/actor/lib/test/auto/Expression10.xml
----------------- Instantiating /home/travis/build/icyphy/ptII/ptolemy/actor/lib/test/auto/Expression10.xml
5 ms. Memory: 533504K Free: 412539K (77%)
----------------- Invoking toplevel() on ptolemy.moml.MoMLSimpleApplication@1bbdc665
----------------- Done invoking toplevel() on ptolemy.moml.MoMLSimpleApplication@1bbdc665
reloadAllAccessors: .Expression10

===========================================================================================
----------------- testing Sat Jun 22 04:47:07 UTC 2019 /home/travis/build/icyphy/ptII/ptolemy/actor/lib/test/auto/Expression11.xml
----------------- Instantiating /home/travis/build/icyphy/ptII/ptolemy/actor/lib/test/auto/Expression11.xml
4 ms. Memory: 533504K Free: 407931K (76%)
----------------- Invoking toplevel() on ptolemy.moml.MoMLSimpleApplication@1f2b3eb5
----------------- Done invoking toplevel() on ptolemy.moml.MoMLSimpleApplication@1f2b3eb5
reloadAllAccessors: .Expression11

===========================================================================================
----------------- testing Sat Jun 22 04:47:07 UTC 2019 /home/travis/build/icyphy/ptII/ptolemy/actor/lib/test/auto/Expression12.xml
----------------- Instantiating /home/travis/build/icyphy/ptII/ptolemy/actor/lib/test/auto/Expression12.xml
13 ms. Memory: 533504K Free: 402299K (75%)
----------------- Invoking toplevel() on ptolemy.moml.MoMLSimpleApplication@ed06506
----------------- Done invoking toplevel() on ptolemy.moml.MoMLSimpleApplication@ed06506
reloadAllAccessors: .Expression12

===========================================================================================
----------------- testing Sat Jun 22 04:47:07 UTC 2019 /home/travis/build/icyphy/ptII/ptolemy/actor/lib/test/auto/Expression13.xml
----------------- Instantiating /home/travis/build/icyphy/ptII/ptolemy/actor/lib/test/auto/Expression13.xml
4 ms. Memory: 533504K Free: 397691K (75%)
----------------- Invoking toplevel() on ptolemy.moml.MoMLSimpleApplication@513f592d
----------------- Done invoking toplevel() on ptolemy.moml.MoMLSimpleApplication@513f592d
reloadAllAccessors: .Expression13

===========================================================================================
----------------- testing Sat Jun 22 04:47:07 UTC 2019 /home/travis/build/icyphy/ptII/ptolemy/actor/lib/test/auto/Expression14.xml
----------------- Instantiating /home/travis/build/icyphy/ptII/ptolemy/actor/lib/test/auto/Expression14.xml
9 ms. Memory: 533504K Free: 391549K (73%)
----------------- Invoking toplevel() on ptolemy.moml.MoMLSimpleApplication@6ff92a48
----------------- Done invoking toplevel() on ptolemy.moml.MoMLSimpleApplication@6ff92a48
reloadAllAccessors: .Expression14

===========================================================================================
----------------- testing Sat Jun 22 04:47:08 UTC 2019 /home/travis/build/icyphy/ptII/ptolemy/actor/lib/test/auto/Expression15.xml
----------------- Instantiating /home/travis/build/icyphy/ptII/ptolemy/actor/lib/test/auto/Expression15.xml
2 ms. Memory: 533504K Free: 387963K (73%)
----------------- Invoking toplevel() on ptolemy.moml.MoMLSimpleApplication@6de9532c
----------------- Done invoking toplevel() on ptolemy.moml.MoMLSimpleApplication@6de9532c
reloadAllAccessors: .Expression15

===========================================================================================
----------------- testing Sat Jun 22 04:47:08 UTC 2019 /home/travis/build/icyphy/ptII/ptolemy/actor/lib/test/auto/Expression16.xml
----------------- Instantiating /home/travis/build/icyphy/ptII/ptolemy/actor/lib/test/auto/Expression16.xml
4 ms. Memory: 533504K Free: 382333K (72%)
----------------- Invoking toplevel() on ptolemy.moml.MoMLSimpleApplication@6d80c579
----------------- Done invoking toplevel() on ptolemy.moml.MoMLSimpleApplication@6d80c579
reloadAllAccessors: .Expression16

===========================================================================================
----------------- testing Sat Jun 22 04:47:08 UTC 2019 /home/travis/build/icyphy/ptII/ptolemy/actor/lib/test/auto/Expression17.xml
----------------- Instantiating /home/travis/build/icyphy/ptII/ptolemy/actor/lib/test/auto/Expression17.xml
3 ms. Memory: 533504K Free: 377723K (71%)
----------------- Invoking toplevel() on ptolemy.moml.MoMLSimpleApplication@25bc72f5
----------------- Done invoking toplevel() on ptolemy.moml.MoMLSimpleApplication@25bc72f5
reloadAllAccessors: .Expression17

===========================================================================================
----------------- testing Sat Jun 22 04:47:08 UTC 2019 /home/travis/build/icyphy/ptII/ptolemy/actor/lib/test/auto/Expression18.xml
----------------- Instantiating /home/travis/build/icyphy/ptII/ptolemy/actor/lib/test/auto/Expression18.xml
2 ms. Memory: 533504K Free: 372603K (70%)
----------------- Invoking toplevel() on ptolemy.moml.MoMLSimpleApplication@464c8b28
----------------- Done invoking toplevel() on ptolemy.moml.MoMLSimpleApplication@464c8b28
reloadAllAccessors: .Expression18

===========================================================================================
----------------- testing Sat Jun 22 04:47:08 UTC 2019 /home/travis/build/icyphy/ptII/ptolemy/actor/lib/test/auto/Expression2.xml
----------------- Instantiating /home/travis/build/icyphy/ptII/ptolemy/actor/lib/test/auto/Expression2.xml
2 ms. Memory: 533504K Free: 367483K (69%)
----------------- Invoking toplevel() on ptolemy.moml.MoMLSimpleApplication@459d40ac
----------------- Done invoking toplevel() on ptolemy.moml.MoMLSimpleApplication@459d40ac
reloadAllAccessors: .Expression2

===========================================================================================
----------------- testing Sat Jun 22 04:47:08 UTC 2019 /home/travis/build/icyphy/ptII/ptolemy/actor/lib/test/auto/Expression3.xml
----------------- Instantiating /home/travis/build/icyphy/ptII/ptolemy/actor/lib/test/auto/Expression3.xml
7 ms. Memory: 533504K Free: 362363K (68%)
----------------- Invoking toplevel() on ptolemy.moml.MoMLSimpleApplication@387e8930
----------------- Done invoking toplevel() on ptolemy.moml.MoMLSimpleApplication@387e8930
reloadAllAccessors: .Expression3

===========================================================================================
----------------- testing Sat Jun 22 04:47:08 UTC 2019 /home/travis/build/icyphy/ptII/ptolemy/actor/lib/test/auto/Expression4.xml
----------------- Instantiating /home/travis/build/icyphy/ptII/ptolemy/actor/lib/test/auto/Expression4.xml
5 ms. Memory: 533504K Free: 354685K (66%)
----------------- Invoking toplevel() on ptolemy.moml.MoMLSimpleApplication@583276e2
----------------- Done invoking toplevel() on ptolemy.moml.MoMLSimpleApplication@583276e2
reloadAllAccessors: .Expression4

===========================================================================================
----------------- testing Sat Jun 22 04:47:08 UTC 2019 /home/travis/build/icyphy/ptII/ptolemy/actor/lib/test/auto/Expression5.xml
----------------- Instantiating /home/travis/build/icyphy/ptII/ptolemy/actor/lib/test/auto/Expression5.xml
6 ms. Memory: 533504K Free: 349565K (66%)
----------------- Invoking toplevel() on ptolemy.moml.MoMLSimpleApplication@6eb8acb8
----------------- Done invoking toplevel() on ptolemy.moml.MoMLSimpleApplication@6eb8acb8
reloadAllAccessors: .Expression5

===========================================================================================
----------------- testing Sat Jun 22 04:47:08 UTC 2019 /home/travis/build/icyphy/ptII/ptolemy/actor/lib/test/auto/Expression6.xml
----------------- Instantiating /home/travis/build/icyphy/ptII/ptolemy/actor/lib/test/auto/Expression6.xml
2 ms. Memory: 533504K Free: 345469K (65%)
----------------- Invoking toplevel() on ptolemy.moml.MoMLSimpleApplication@664e805a
----------------- Done invoking toplevel() on ptolemy.moml.MoMLSimpleApplication@664e805a
reloadAllAccessors: .Expression6

===========================================================================================
----------------- testing Sat Jun 22 04:47:08 UTC 2019 /home/travis/build/icyphy/ptII/ptolemy/actor/lib/test/auto/Expression7.xml
----------------- Instantiating /home/travis/build/icyphy/ptII/ptolemy/actor/lib/test/auto/Expression7.xml
2 ms. Memory: 533504K Free: 340349K (64%)
----------------- Invoking toplevel() on ptolemy.moml.MoMLSimpleApplication@6cd87a8c
----------------- Done invoking toplevel() on ptolemy.moml.MoMLSimpleApplication@6cd87a8c
reloadAllAccessors: .Expression7

===========================================================================================
----------------- testing Sat Jun 22 04:47:08 UTC 2019 /home/travis/build/icyphy/ptII/ptolemy/actor/lib/test/auto/Expression8.xml
----------------- Instantiating /home/travis/build/icyphy/ptII/ptolemy/actor/lib/test/auto/Expression8.xml
9 ms. Memory: 533504K Free: 335229K (63%)
----------------- Invoking toplevel() on ptolemy.moml.MoMLSimpleApplication@33f4d82c
----------------- Done invoking toplevel() on ptolemy.moml.MoMLSimpleApplication@33f4d82c
reloadAllAccessors: .Expression8

===========================================================================================
----------------- testing Sat Jun 22 04:47:08 UTC 2019 /home/travis/build/icyphy/ptII/ptolemy/actor/lib/test/auto/Expression9.xml
----------------- Instantiating /home/travis/build/icyphy/ptII/ptolemy/actor/lib/test/auto/Expression9.xml
1 ms. Memory: 533504K Free: 331133K (62%)
----------------- Invoking toplevel() on ptolemy.moml.MoMLSimpleApplication@7781f233
----------------- Done invoking toplevel() on ptolemy.moml.MoMLSimpleApplication@7781f233
reloadAllAccessors: .Expression9

===========================================================================================
----------------- testing Sat Jun 22 04:47:08 UTC 2019 /home/travis/build/icyphy/ptII/ptolemy/actor/lib/test/auto/ExpressionConcatenateArrayType.xml
----------------- Instantiating /home/travis/build/icyphy/ptII/ptolemy/actor/lib/test/auto/ExpressionConcatenateArrayType.xml
3 ms. Memory: 533504K Free: 324475K (61%)
----------------- Invoking toplevel() on ptolemy.moml.MoMLSimpleApplication@468dff1c
----------------- Done invoking toplevel() on ptolemy.moml.MoMLSimpleApplication@468dff1c
reloadAllAccessors: .ExpressionConcatenateArrayType

===========================================================================================
----------------- testing Sat Jun 22 04:47:08 UTC 2019 /home/travis/build/icyphy/ptII/ptolemy/actor/lib/test/auto/ExpressionConcatenateArrayType2.xml
----------------- Instantiating /home/travis/build/icyphy/ptII/ptolemy/actor/lib/test/auto/ExpressionConcatenateArrayType2.xml
3 ms. Memory: 533504K Free: 318845K (60%)
----------------- Invoking toplevel() on ptolemy.moml.MoMLSimpleApplication@2ab1e3c6
----------------- Done invoking toplevel() on ptolemy.moml.MoMLSimpleApplication@2ab1e3c6
reloadAllAccessors: .ExpressionConcatenateArrayType2

===========================================================================================
----------------- testing Sat Jun 22 04:47:08 UTC 2019 /home/travis/build/icyphy/ptII/ptolemy/actor/lib/test/auto/ExpressionFix.xml
----------------- Instantiating /home/travis/build/icyphy/ptII/ptolemy/actor/lib/test/auto/ExpressionFix.xml
23 ms. Memory: 533504K Free: 312699K (59%)
----------------- Invoking toplevel() on ptolemy.moml.MoMLSimpleApplication@79ab5a8
----------------- Done invoking toplevel() on ptolemy.moml.MoMLSimpleApplication@79ab5a8
reloadAllAccessors: .ExpressionFix

===========================================================================================
----------------- testing Sat Jun 22 04:47:08 UTC 2019 /home/travis/build/icyphy/ptII/ptolemy/actor/lib/test/auto/ExpressionFix2.xml
----------------- Instantiating /home/travis/build/icyphy/ptII/ptolemy/actor/lib/test/auto/ExpressionFix2.xml
2 ms. Memory: 533504K Free: 308605K (58%)
----------------- Invoking toplevel() on ptolemy.moml.MoMLSimpleApplication@2ecf3ace
----------------- Done invoking toplevel() on ptolemy.moml.MoMLSimpleApplication@2ecf3ace
reloadAllAccessors: .ExpressionFix2

===========================================================================================
----------------- testing Sat Jun 22 04:47:08 UTC 2019 /home/travis/build/icyphy/ptII/ptolemy/actor/lib/test/auto/ExpressionFix3.xml
----------------- Instantiating /home/travis/build/icyphy/ptII/ptolemy/actor/lib/test/auto/ExpressionFix3.xml
2 ms. Memory: 533504K Free: 303995K (57%)
----------------- Invoking toplevel() on ptolemy.moml.MoMLSimpleApplication@47ad9100
----------------- Done invoking toplevel() on ptolemy.moml.MoMLSimpleApplication@47ad9100
reloadAllAccessors: .ExpressionFix3

===========================================================================================
----------------- testing Sat Jun 22 04:47:08 UTC 2019 /home/travis/build/icyphy/ptII/ptolemy/actor/lib/test/auto/FileWriter1.xml
----------------- Instantiating /home/travis/build/icyphy/ptII/ptolemy/actor/lib/test/auto/FileWriter1.xml
3 ms. Memory: 533504K Free: 299899K (56%)
----------------- Invoking toplevel() on ptolemy.moml.MoMLSimpleApplication@20d1452b
----------------- Done invoking toplevel() on ptolemy.moml.MoMLSimpleApplication@20d1452b
reloadAllAccessors: .FileWriter1

===========================================================================================
----------------- testing Sat Jun 22 04:47:08 UTC 2019 /home/travis/build/icyphy/ptII/ptolemy/actor/lib/test/auto/FileWriter2.xml
----------------- Instantiating /home/travis/build/icyphy/ptII/ptolemy/actor/lib/test/auto/FileWriter2.xml
6 ms. Memory: 533504K Free: 295293K (55%)
----------------- Invoking toplevel() on ptolemy.moml.MoMLSimpleApplication@774c86a3
----------------- Done invoking toplevel() on ptolemy.moml.MoMLSimpleApplication@774c86a3
reloadAllAccessors: .FileWriter2

===========================================================================================
----------------- testing Sat Jun 22 04:47:08 UTC 2019 /home/travis/build/icyphy/ptII/ptolemy/actor/lib/test/auto/FileWriter3.xml
----------------- Instantiating /home/travis/build/icyphy/ptII/ptolemy/actor/lib/test/auto/FileWriter3.xml
3 ms. Memory: 533504K Free: 291197K (55%)
----------------- Invoking toplevel() on ptolemy.moml.MoMLSimpleApplication@5195204c
----------------- Done invoking toplevel() on ptolemy.moml.MoMLSimpleApplication@5195204c
reloadAllAccessors: .FileWriter3

===========================================================================================
----------------- testing Sat Jun 22 04:47:08 UTC 2019 /home/travis/build/icyphy/ptII/ptolemy/actor/lib/test/auto/Gaussian.xml
----------------- Instantiating /home/travis/build/icyphy/ptII/ptolemy/actor/lib/test/auto/Gaussian.xml
3 ms. Memory: 533504K Free: 287101K (54%)
----------------- Invoking toplevel() on ptolemy.moml.MoMLSimpleApplication@6000121f
----------------- Done invoking toplevel() on ptolemy.moml.MoMLSimpleApplication@6000121f
reloadAllAccessors: .Gaussian

===========================================================================================
----------------- testing Sat Jun 22 04:47:08 UTC 2019 /home/travis/build/icyphy/ptII/ptolemy/actor/lib/test/auto/Gaussian1.xml
----------------- Instantiating /home/travis/build/icyphy/ptII/ptolemy/actor/lib/test/auto/Gaussian1.xml
1 ms. Memory: 533504K Free: 281460K (53%)
----------------- Invoking toplevel() on ptolemy.moml.MoMLSimpleApplication@4414fa60
----------------- Done invoking toplevel() on ptolemy.moml.MoMLSimpleApplication@4414fa60
reloadAllAccessors: .Gaussian1

===========================================================================================
----------------- testing Sat Jun 22 04:47:08 UTC 2019 /home/travis/build/icyphy/ptII/ptolemy/actor/lib/test/auto/Gaussian2.xml
----------------- Instantiating /home/travis/build/icyphy/ptII/ptolemy/actor/lib/test/auto/Gaussian2.xml
1 ms. Memory: 533504K Free: 275837K (52%)
----------------- Invoking toplevel() on ptolemy.moml.MoMLSimpleApplication@6c5626a
----------------- Done invoking toplevel() on ptolemy.moml.MoMLSimpleApplication@6c5626a
reloadAllAccessors: .Gaussian2

===========================================================================================
----------------- testing Sat Jun 22 04:47:08 UTC 2019 /home/travis/build/icyphy/ptII/ptolemy/actor/lib/test/auto/GradientAdaptiveLattice.xml
----------------- Instantiating /home/travis/build/icyphy/ptII/ptolemy/actor/lib/test/auto/GradientAdaptiveLattice.xml
12 ms. Memory: 533504K Free: 270717K (51%)
----------------- Invoking toplevel() on ptolemy.moml.MoMLSimpleApplication@3130e1b
----------------- Done invoking toplevel() on ptolemy.moml.MoMLSimpleApplication@3130e1b
reloadAllAccessors: .GradientAdaptiveLattice

===========================================================================================
----------------- testing Sat Jun 22 04:47:08 UTC 2019 /home/travis/build/icyphy/ptII/ptolemy/actor/lib/test/auto/IIR.xml
----------------- Instantiating /home/travis/build/icyphy/ptII/ptolemy/actor/lib/test/auto/IIR.xml
1 ms. Memory: 533504K Free: 266107K (50%)
----------------- Invoking toplevel() on ptolemy.moml.MoMLSimpleApplication@28eb625d
----------------- Done invoking toplevel() on ptolemy.moml.MoMLSimpleApplication@28eb625d
reloadAllAccessors: .IIR

===========================================================================================
----------------- testing Sat Jun 22 04:47:08 UTC 2019 /home/travis/build/icyphy/ptII/ptolemy/actor/lib/test/auto/InputOutputTransparentPorts.xml
----------------- Instantiating /home/travis/build/icyphy/ptII/ptolemy/actor/lib/test/auto/InputOutputTransparentPorts.xml
6 ms. Memory: 533504K Free: 258939K (49%)
----------------- Invoking toplevel() on ptolemy.moml.MoMLSimpleApplication@3f316683
----------------- Done invoking toplevel() on ptolemy.moml.MoMLSimpleApplication@3f316683
reloadAllAccessors: .InputOutputTransparentPorts

===========================================================================================
----------------- testing Sat Jun 22 04:47:08 UTC 2019 /home/travis/build/icyphy/ptII/ptolemy/actor/lib/test/auto/Interpolator.xml
----------------- Instantiating /home/travis/build/icyphy/ptII/ptolemy/actor/lib/test/auto/Interpolator.xml
7 ms. Memory: 533504K Free: 254843K (48%)
----------------- Invoking toplevel() on ptolemy.moml.MoMLSimpleApplication@63b9cd3c
----------------- Done invoking toplevel() on ptolemy.moml.MoMLSimpleApplication@63b9cd3c
reloadAllAccessors: .Interpolator

===========================================================================================
----------------- testing Sat Jun 22 04:47:08 UTC 2019 /home/travis/build/icyphy/ptII/ptolemy/actor/lib/test/auto/InterpolatorFiringLimitDE.xml
----------------- Instantiating /home/travis/build/icyphy/ptII/ptolemy/actor/lib/test/auto/InterpolatorFiringLimitDE.xml
3 ms. Memory: 533504K Free: 249213K (47%)
----------------- Invoking toplevel() on ptolemy.moml.MoMLSimpleApplication@246bd031
----------------- Done invoking toplevel() on ptolemy.moml.MoMLSimpleApplication@246bd031
reloadAllAccessors: .InterpolatorFiringLimitDE

===========================================================================================
----------------- testing Sat Jun 22 04:47:08 UTC 2019 /home/travis/build/icyphy/ptII/ptolemy/actor/lib/test/auto/Lattice.xml
----------------- Instantiating /home/travis/build/icyphy/ptII/ptolemy/actor/lib/test/auto/Lattice.xml
1 ms. Memory: 533504K Free: 245117K (46%)
----------------- Invoking toplevel() on ptolemy.moml.MoMLSimpleApplication@5c2a6ba0
----------------- Done invoking toplevel() on ptolemy.moml.MoMLSimpleApplication@5c2a6ba0
reloadAllAccessors: .Lattice

===========================================================================================
----------------- testing Sat Jun 22 04:47:08 UTC 2019 /home/travis/build/icyphy/ptII/ptolemy/actor/lib/test/auto/LazyAOCTestLazy.xml
----------------- Instantiating /home/travis/build/icyphy/ptII/ptolemy/actor/lib/test/auto/LazyAOCTestLazy.xml
7 ms. Memory: 533504K Free: 238973K (45%)
----------------- Invoking toplevel() on ptolemy.moml.MoMLSimpleApplication@e991967
----------------- Done invoking toplevel() on ptolemy.moml.MoMLSimpleApplication@e991967
reloadAllAccessors: .LazyAOCTestLazy

===========================================================================================
----------------- testing Sat Jun 22 04:47:08 UTC 2019 /home/travis/build/icyphy/ptII/ptolemy/actor/lib/test/auto/LazyAOCTestNonLazy.xml
----------------- Instantiating /home/travis/build/icyphy/ptII/ptolemy/actor/lib/test/auto/LazyAOCTestNonLazy.xml
2 ms. Memory: 533504K Free: 232829K (44%)
----------------- Invoking toplevel() on ptolemy.moml.MoMLSimpleApplication@78e59396
----------------- Done invoking toplevel() on ptolemy.moml.MoMLSimpleApplication@78e59396
reloadAllAccessors: .LazyAOCTestNonLazy

===========================================================================================
----------------- testing Sat Jun 22 04:47:08 UTC 2019 /home/travis/build/icyphy/ptII/ptolemy/actor/lib/test/auto/LazyInnerClass.xml
----------------- Instantiating /home/travis/build/icyphy/ptII/ptolemy/actor/lib/test/auto/LazyInnerClass.xml
10 ms. Memory: 533504K Free: 224108K (42%)
----------------- Invoking toplevel() on ptolemy.moml.MoMLSimpleApplication@d95472b
----------------- Done invoking toplevel() on ptolemy.moml.MoMLSimpleApplication@d95472b
reloadAllAccessors: .LazyInnerClass

===========================================================================================
----------------- testing Sat Jun 22 04:47:08 UTC 2019 /home/travis/build/icyphy/ptII/ptolemy/actor/lib/test/auto/LazyPubSub.xml
----------------- Instantiating /home/travis/build/icyphy/ptII/ptolemy/actor/lib/test/auto/LazyPubSub.xml
11 ms. Memory: 533504K Free: 213883K (40%)
----------------- Invoking toplevel() on ptolemy.moml.MoMLSimpleApplication@660b37a3
----------------- Done invoking toplevel() on ptolemy.moml.MoMLSimpleApplication@660b37a3
reloadAllAccessors: .LazyPubSub

===========================================================================================
----------------- testing Sat Jun 22 04:47:08 UTC 2019 /home/travis/build/icyphy/ptII/ptolemy/actor/lib/test/auto/LazyPubSub2.xml
----------------- Instantiating /home/travis/build/icyphy/ptII/ptolemy/actor/lib/test/auto/LazyPubSub2.xml
22 ms. Memory: 533504K Free: 204157K (38%)
----------------- Invoking toplevel() on ptolemy.moml.MoMLSimpleApplication@5083e116
----------------- Done invoking toplevel() on ptolemy.moml.MoMLSimpleApplication@5083e116
reloadAllAccessors: .LazyPubSub2

===========================================================================================
----------------- testing Sat Jun 22 04:47:08 UTC 2019 /home/travis/build/icyphy/ptII/ptolemy/actor/lib/test/auto/LazyPubSub3.xml
----------------- Instantiating /home/travis/build/icyphy/ptII/ptolemy/actor/lib/test/auto/LazyPubSub3.xml
23 ms. Memory: 533504K Free: 193917K (36%)
----------------- Invoking toplevel() on ptolemy.moml.MoMLSimpleApplication@3b12ada5
----------------- Done invoking toplevel() on ptolemy.moml.MoMLSimpleApplication@3b12ada5
reloadAllAccessors: .LazyPubSub3

===========================================================================================
----------------- testing Sat Jun 22 04:47:08 UTC 2019 /home/travis/build/icyphy/ptII/ptolemy/actor/lib/test/auto/LazySubClassModel.xml
----------------- Instantiating /home/travis/build/icyphy/ptII/ptolemy/actor/lib/test/auto/LazySubClassModel.xml
2 ms. Memory: 533504K Free: 184701K (35%)
----------------- Invoking toplevel() on ptolemy.moml.MoMLSimpleApplication@6105ee20
----------------- Done invoking toplevel() on ptolemy.moml.MoMLSimpleApplication@6105ee20
reloadAllAccessors: .LazySubClassModel

===========================================================================================
----------------- testing Sat Jun 22 04:47:08 UTC 2019 /home/travis/build/icyphy/ptII/ptolemy/actor/lib/test/auto/LevelCrossTest1.xml
----------------- Instantiating /home/travis/build/icyphy/ptII/ptolemy/actor/lib/test/auto/LevelCrossTest1.xml
1 ms. Memory: 533504K Free: 180091K (34%)
----------------- Invoking toplevel() on ptolemy.moml.MoMLSimpleApplication@158eaada
----------------- Done invoking toplevel() on ptolemy.moml.MoMLSimpleApplication@158eaada
reloadAllAccessors: .broken

===========================================================================================
----------------- testing Sat Jun 22 04:47:08 UTC 2019 /home/travis/build/icyphy/ptII/ptolemy/actor/lib/test/auto/LevelCrossTest10.xml
----------------- Instantiating /home/travis/build/icyphy/ptII/ptolemy/actor/lib/test/auto/LevelCrossTest10.xml
1 ms. Memory: 533504K Free: 172923K (32%)
----------------- Invoking toplevel() on ptolemy.moml.MoMLSimpleApplication@45a3f92d
----------------- Done invoking toplevel() on ptolemy.moml.MoMLSimpleApplication@45a3f92d
reloadAllAccessors: .LevelCrossTest10

===========================================================================================
----------------- testing Sat Jun 22 04:47:08 UTC 2019 /home/travis/build/icyphy/ptII/ptolemy/actor/lib/test/auto/LevelCrossTest11.xml
----------------- Instantiating /home/travis/build/icyphy/ptII/ptolemy/actor/lib/test/auto/LevelCrossTest11.xml
1 ms. Memory: 533504K Free: 482045K (90%)
----------------- Invoking toplevel() on ptolemy.moml.MoMLSimpleApplication@76a28c89
----------------- Done invoking toplevel() on ptolemy.moml.MoMLSimpleApplication@76a28c89
reloadAllAccessors: .LevelCrossTest11

===========================================================================================
----------------- testing Sat Jun 22 04:47:08 UTC 2019 /home/travis/build/icyphy/ptII/ptolemy/actor/lib/test/auto/LevelCrossTest12.xml
----------------- Instantiating /home/travis/build/icyphy/ptII/ptolemy/actor/lib/test/auto/LevelCrossTest12.xml
1 ms. Memory: 533504K Free: 474877K (89%)
----------------- Invoking toplevel() on ptolemy.moml.MoMLSimpleApplication@6256ef5e
----------------- Done invoking toplevel() on ptolemy.moml.MoMLSimpleApplication@6256ef5e
reloadAllAccessors: .LevelCrossTest12

===========================================================================================
----------------- testing Sat Jun 22 04:47:08 UTC 2019 /home/travis/build/icyphy/ptII/ptolemy/actor/lib/test/auto/LevelCrossTest13.xml
----------------- Instantiating /home/travis/build/icyphy/ptII/ptolemy/actor/lib/test/auto/LevelCrossTest13.xml
1 ms. Memory: 533504K Free: 467195K (88%)
----------------- Invoking toplevel() on ptolemy.moml.MoMLSimpleApplication@3f40ea8d
----------------- Done invoking toplevel() on ptolemy.moml.MoMLSimpleApplication@3f40ea8d
reloadAllAccessors: .LevelCrossTest13

===========================================================================================
----------------- testing Sat Jun 22 04:47:08 UTC 2019 /home/travis/build/icyphy/ptII/ptolemy/actor/lib/test/auto/LevelCrossTest2.xml
----------------- Instantiating /home/travis/build/icyphy/ptII/ptolemy/actor/lib/test/auto/LevelCrossTest2.xml
1 ms. Memory: 533504K Free: 461565K (87%)
----------------- Invoking toplevel() on ptolemy.moml.MoMLSimpleApplication@f778067
----------------- Done invoking toplevel() on ptolemy.moml.MoMLSimpleApplication@f778067
reloadAllAccessors: .broken

===========================================================================================
----------------- testing Sat Jun 22 04:47:09 UTC 2019 /home/travis/build/icyphy/ptII/ptolemy/actor/lib/test/auto/LevelCrossTest3.xml
----------------- Instantiating /home/travis/build/icyphy/ptII/ptolemy/actor/lib/test/auto/LevelCrossTest3.xml
1 ms. Memory: 533504K Free: 455421K (85%)
----------------- Invoking toplevel() on ptolemy.moml.MoMLSimpleApplication@6455dedc
----------------- Done invoking toplevel() on ptolemy.moml.MoMLSimpleApplication@6455dedc
reloadAllAccessors: .LevelCrossTest3

===========================================================================================
----------------- testing Sat Jun 22 04:47:09 UTC 2019 /home/travis/build/icyphy/ptII/ptolemy/actor/lib/test/auto/LevelCrossTest4.xml
----------------- Instantiating /home/travis/build/icyphy/ptII/ptolemy/actor/lib/test/auto/LevelCrossTest4.xml
1 ms. Memory: 533504K Free: 449787K (84%)
----------------- Invoking toplevel() on ptolemy.moml.MoMLSimpleApplication@503693f7
----------------- Done invoking toplevel() on ptolemy.moml.MoMLSimpleApplication@503693f7
reloadAllAccessors: .broken

===========================================================================================
----------------- testing Sat Jun 22 04:47:09 UTC 2019 /home/travis/build/icyphy/ptII/ptolemy/actor/lib/test/auto/LevelCrossTest5.xml
----------------- Instantiating /home/travis/build/icyphy/ptII/ptolemy/actor/lib/test/auto/LevelCrossTest5.xml
4 ms. Memory: 533504K Free: 442619K (83%)
----------------- Invoking toplevel() on ptolemy.moml.MoMLSimpleApplication@1824208a
----------------- Done invoking toplevel() on ptolemy.moml.MoMLSimpleApplication@1824208a
reloadAllAccessors: .LevelCrossTest5

===========================================================================================
----------------- testing Sat Jun 22 04:47:09 UTC 2019 /home/travis/build/icyphy/ptII/ptolemy/actor/lib/test/auto/LevelCrossTest6.xml
----------------- Instantiating /home/travis/build/icyphy/ptII/ptolemy/actor/lib/test/auto/LevelCrossTest6.xml
1 ms. Memory: 533504K Free: 435965K (82%)
----------------- Invoking toplevel() on ptolemy.moml.MoMLSimpleApplication@47c87fc6
----------------- Done invoking toplevel() on ptolemy.moml.MoMLSimpleApplication@47c87fc6
reloadAllAccessors: .LevelCrossTest6

===========================================================================================
----------------- testing Sat Jun 22 04:47:09 UTC 2019 /home/travis/build/icyphy/ptII/ptolemy/actor/lib/test/auto/LevelCrossTest7.xml
----------------- Instantiating /home/travis/build/icyphy/ptII/ptolemy/actor/lib/test/auto/LevelCrossTest7.xml
1 ms. Memory: 533504K Free: 428283K (80%)
----------------- Invoking toplevel() on ptolemy.moml.MoMLSimpleApplication@62c4458b
----------------- Done invoking toplevel() on ptolemy.moml.MoMLSimpleApplication@62c4458b
reloadAllAccessors: .LevelCrossTest7

===========================================================================================
----------------- testing Sat Jun 22 04:47:09 UTC 2019 /home/travis/build/icyphy/ptII/ptolemy/actor/lib/test/auto/LevelCrossTest8.xml
----------------- Instantiating /home/travis/build/icyphy/ptII/ptolemy/actor/lib/test/auto/LevelCrossTest8.xml
1 ms. Memory: 533504K Free: 421629K (79%)
----------------- Invoking toplevel() on ptolemy.moml.MoMLSimpleApplication@484cb9ec
----------------- Done invoking toplevel() on ptolemy.moml.MoMLSimpleApplication@484cb9ec
reloadAllAccessors: .LevelCrossTest8

===========================================================================================
----------------- testing Sat Jun 22 04:47:09 UTC 2019 /home/travis/build/icyphy/ptII/ptolemy/actor/lib/test/auto/LevelCrossTest9.xml
----------------- Instantiating /home/travis/build/icyphy/ptII/ptolemy/actor/lib/test/auto/LevelCrossTest9.xml
2 ms. Memory: 533504K Free: 413437K (77%)
----------------- Invoking toplevel() on ptolemy.moml.MoMLSimpleApplication@46b6b7e8
----------------- Done invoking toplevel() on ptolemy.moml.MoMLSimpleApplication@46b6b7e8
reloadAllAccessors: .LevelCrossTest9

===========================================================================================
----------------- testing Sat Jun 22 04:47:09 UTC 2019 /home/travis/build/icyphy/ptII/ptolemy/actor/lib/test/auto/LevinsonDurbin.xml
----------------- Instantiating /home/travis/build/icyphy/ptII/ptolemy/actor/lib/test/auto/LevinsonDurbin.xml
10 ms. Memory: 533504K Free: 409341K (77%)
----------------- Invoking toplevel() on ptolemy.moml.MoMLSimpleApplication@478916ce
----------------- Done invoking toplevel() on ptolemy.moml.MoMLSimpleApplication@478916ce
reloadAllAccessors: .LevinsonDurbin

===========================================================================================
----------------- testing Sat Jun 22 04:47:09 UTC 2019 /home/travis/build/icyphy/ptII/ptolemy/actor/lib/test/auto/LevinsonDurbin2.xml
----------------- Instantiating /home/travis/build/icyphy/ptII/ptolemy/actor/lib/test/auto/LevinsonDurbin2.xml
2 ms. Memory: 533504K Free: 405245K (76%)
----------------- Invoking toplevel() on ptolemy.moml.MoMLSimpleApplication@169c1ec2
----------------- Done invoking toplevel() on ptolemy.moml.MoMLSimpleApplication@169c1ec2
reloadAllAccessors: .LevinsonDurbin2

===========================================================================================
----------------- testing Sat Jun 22 04:47:09 UTC 2019 /home/travis/build/icyphy/ptII/ptolemy/actor/lib/test/auto/LevinsonDurbin3.xml
----------------- Instantiating /home/travis/build/icyphy/ptII/ptolemy/actor/lib/test/auto/LevinsonDurbin3.xml
4 ms. Memory: 533504K Free: 401659K (75%)
----------------- Invoking toplevel() on ptolemy.moml.MoMLSimpleApplication@5f3fa752
----------------- Done invoking toplevel() on ptolemy.moml.MoMLSimpleApplication@5f3fa752
reloadAllAccessors: .LevinsonDurbin3

===========================================================================================
----------------- testing Sat Jun 22 04:47:09 UTC 2019 /home/travis/build/icyphy/ptII/ptolemy/actor/lib/test/auto/Limiter.xml
----------------- Instantiating /home/travis/build/icyphy/ptII/ptolemy/actor/lib/test/auto/Limiter.xml
9 ms. Memory: 533504K Free: 392427K (74%)
----------------- Invoking toplevel() on ptolemy.moml.MoMLSimpleApplication@3077cea1
----------------- Done invoking toplevel() on ptolemy.moml.MoMLSimpleApplication@3077cea1
reloadAllAccessors: .Limiter

===========================================================================================
----------------- testing Sat Jun 22 04:47:09 UTC 2019 /home/travis/build/icyphy/ptII/ptolemy/actor/lib/test/auto/LinearDifferenceEquationSystem.xml
----------------- Instantiating /home/travis/build/icyphy/ptII/ptolemy/actor/lib/test/auto/LinearDifferenceEquationSystem.xml
3 ms. Memory: 533504K Free: 385275K (72%)
----------------- Invoking toplevel() on ptolemy.moml.MoMLSimpleApplication@25da6d08
----------------- Done invoking toplevel() on ptolemy.moml.MoMLSimpleApplication@25da6d08
reloadAllAccessors: .LinearDifferenceEquationSystem

===========================================================================================
----------------- testing Sat Jun 22 04:47:09 UTC 2019 /home/travis/build/icyphy/ptII/ptolemy/actor/lib/test/auto/LookupTable.xml
----------------- Instantiating /home/travis/build/icyphy/ptII/ptolemy/actor/lib/test/auto/LookupTable.xml
1 ms. Memory: 533504K Free: 380669K (71%)
----------------- Invoking toplevel() on ptolemy.moml.MoMLSimpleApplication@7b3b4cd8
----------------- Done invoking toplevel() on ptolemy.moml.MoMLSimpleApplication@7b3b4cd8
reloadAllAccessors: .LookupTable

===========================================================================================
----------------- testing Sat Jun 22 04:47:09 UTC 2019 /home/travis/build/icyphy/ptII/ptolemy/actor/lib/test/auto/MathFunction.xml
----------------- Instantiating /home/travis/build/icyphy/ptII/ptolemy/actor/lib/test/auto/MathFunction.xml
3 ms. Memory: 533504K Free: 372477K (70%)
----------------- Invoking toplevel() on ptolemy.moml.MoMLSimpleApplication@3aa88aea
----------------- Done invoking toplevel() on ptolemy.moml.MoMLSimpleApplication@3aa88aea
reloadAllAccessors: .MathFunction

===========================================================================================
----------------- testing Sat Jun 22 04:47:09 UTC 2019 /home/travis/build/icyphy/ptII/ptolemy/actor/lib/test/auto/MathFunction2.xml
----------------- Instantiating /home/travis/build/icyphy/ptII/ptolemy/actor/lib/test/auto/MathFunction2.xml
1 ms. Memory: 533504K Free: 368381K (69%)
----------------- Invoking toplevel() on ptolemy.moml.MoMLSimpleApplication@6da5eb4
----------------- Done invoking toplevel() on ptolemy.moml.MoMLSimpleApplication@6da5eb4
reloadAllAccessors: .MathFunction2

===========================================================================================
----------------- testing Sat Jun 22 04:47:09 UTC 2019 /home/travis/build/icyphy/ptII/ptolemy/actor/lib/test/auto/MathFunction3.xml
----------------- Instantiating /home/travis/build/icyphy/ptII/ptolemy/actor/lib/test/auto/MathFunction3.xml
7 ms. Memory: 533504K Free: 361213K (68%)
----------------- Invoking toplevel() on ptolemy.moml.MoMLSimpleApplication@575d843f
----------------- Done invoking toplevel() on ptolemy.moml.MoMLSimpleApplication@575d843f
reloadAllAccessors: .MathFunction3

===========================================================================================
----------------- testing Sat Jun 22 04:47:09 UTC 2019 /home/travis/build/icyphy/ptII/ptolemy/actor/lib/test/auto/MatrixCropBoolean.xml
----------------- Instantiating /home/travis/build/icyphy/ptII/ptolemy/actor/lib/test/auto/MatrixCropBoolean.xml
3 ms. Memory: 533504K Free: 356093K (67%)
----------------- Invoking toplevel() on ptolemy.moml.MoMLSimpleApplication@1c1cd93d
----------------- Done invoking toplevel() on ptolemy.moml.MoMLSimpleApplication@1c1cd93d
reloadAllAccessors: .MatrixCropBoolean

===========================================================================================
----------------- testing Sat Jun 22 04:47:09 UTC 2019 /home/travis/build/icyphy/ptII/ptolemy/actor/lib/test/auto/MatrixCropComplex.xml
----------------- Instantiating /home/travis/build/icyphy/ptII/ptolemy/actor/lib/test/auto/MatrixCropComplex.xml
2 ms. Memory: 533504K Free: 350973K (66%)
----------------- Invoking toplevel() on ptolemy.moml.MoMLSimpleApplication@2833dbff
----------------- Done invoking toplevel() on ptolemy.moml.MoMLSimpleApplication@2833dbff
reloadAllAccessors: .MatrixCropComplex

===========================================================================================
----------------- testing Sat Jun 22 04:47:09 UTC 2019 /home/travis/build/icyphy/ptII/ptolemy/actor/lib/test/auto/MatrixCropDouble.xml
----------------- Instantiating /home/travis/build/icyphy/ptII/ptolemy/actor/lib/test/auto/MatrixCropDouble.xml
2 ms. Memory: 533504K Free: 345853K (65%)
----------------- Invoking toplevel() on ptolemy.moml.MoMLSimpleApplication@7e846688
----------------- Done invoking toplevel() on ptolemy.moml.MoMLSimpleApplication@7e846688
reloadAllAccessors: .MatrixCropDouble

===========================================================================================
----------------- testing Sat Jun 22 04:47:09 UTC 2019 /home/travis/build/icyphy/ptII/ptolemy/actor/lib/test/auto/MatrixCropFix.xml
----------------- Instantiating /home/travis/build/icyphy/ptII/ptolemy/actor/lib/test/auto/MatrixCropFix.xml
1 ms. Memory: 533504K Free: 340733K (64%)
----------------- Invoking toplevel() on ptolemy.moml.MoMLSimpleApplication@41a4bcc3
----------------- Done invoking toplevel() on ptolemy.moml.MoMLSimpleApplication@41a4bcc3
reloadAllAccessors: .MatrixCropFix

===========================================================================================
----------------- testing Sat Jun 22 04:47:09 UTC 2019 /home/travis/build/icyphy/ptII/ptolemy/actor/lib/test/auto/MatrixCropInt.xml
----------------- Instantiating /home/travis/build/icyphy/ptII/ptolemy/actor/lib/test/auto/MatrixCropInt.xml
1 ms. Memory: 533504K Free: 336093K (63%)
----------------- Invoking toplevel() on ptolemy.moml.MoMLSimpleApplication@2c59fde5
----------------- Done invoking toplevel() on ptolemy.moml.MoMLSimpleApplication@2c59fde5
reloadAllAccessors: .MatrixCropInt

===========================================================================================
----------------- testing Sat Jun 22 04:47:09 UTC 2019 /home/travis/build/icyphy/ptII/ptolemy/actor/lib/test/auto/MatrixCropLong.xml
----------------- Instantiating /home/travis/build/icyphy/ptII/ptolemy/actor/lib/test/auto/MatrixCropLong.xml
2 ms. Memory: 533504K Free: 331517K (62%)
----------------- Invoking toplevel() on ptolemy.moml.MoMLSimpleApplication@b747e5e
----------------- Done invoking toplevel() on ptolemy.moml.MoMLSimpleApplication@b747e5e
reloadAllAccessors: .MatrixCropLong

===========================================================================================
----------------- testing Sat Jun 22 04:47:09 UTC 2019 /home/travis/build/icyphy/ptII/ptolemy/actor/lib/test/auto/MatrixToArray.xml
----------------- Instantiating /home/travis/build/icyphy/ptII/ptolemy/actor/lib/test/auto/MatrixToArray.xml
5 ms. Memory: 533504K Free: 316157K (59%)
----------------- Invoking toplevel() on ptolemy.moml.MoMLSimpleApplication@10cd623b
----------------- Done invoking toplevel() on ptolemy.moml.MoMLSimpleApplication@10cd623b
reloadAllAccessors: .MatrixToArray

===========================================================================================
----------------- testing Sat Jun 22 04:47:09 UTC 2019 /home/travis/build/icyphy/ptII/ptolemy/actor/lib/test/auto/MaxIndex.xml
----------------- Instantiating /home/travis/build/icyphy/ptII/ptolemy/actor/lib/test/auto/MaxIndex.xml
2 ms. Memory: 533504K Free: 311037K (58%)
----------------- Invoking toplevel() on ptolemy.moml.MoMLSimpleApplication@432e8e3e
----------------- Done invoking toplevel() on ptolemy.moml.MoMLSimpleApplication@432e8e3e
reloadAllAccessors: .MaxIndex

===========================================================================================
----------------- testing Sat Jun 22 04:47:09 UTC 2019 /home/travis/build/icyphy/ptII/ptolemy/actor/lib/test/auto/Maximum.xml
----------------- Instantiating /home/travis/build/icyphy/ptII/ptolemy/actor/lib/test/auto/Maximum.xml
3 ms. Memory: 533504K Free: 304349K (57%)
----------------- Invoking toplevel() on ptolemy.moml.MoMLSimpleApplication@396e101c
----------------- Done invoking toplevel() on ptolemy.moml.MoMLSimpleApplication@396e101c
reloadAllAccessors: .Maximum

===========================================================================================
----------------- testing Sat Jun 22 04:47:09 UTC 2019 /home/travis/build/icyphy/ptII/ptolemy/actor/lib/test/auto/MaximumComplex.xml
----------------- Instantiating /home/travis/build/icyphy/ptII/ptolemy/actor/lib/test/auto/MaximumComplex.xml
5 ms. Memory: 533504K Free: 298205K (56%)
----------------- Invoking toplevel() on ptolemy.moml.MoMLSimpleApplication@34da9811
----------------- Done invoking toplevel() on ptolemy.moml.MoMLSimpleApplication@34da9811
reloadAllAccessors: .MaximumComplex

===========================================================================================
----------------- testing Sat Jun 22 04:47:09 UTC 2019 /home/travis/build/icyphy/ptII/ptolemy/actor/lib/test/auto/MethodCallTest.xml
----------------- Instantiating /home/travis/build/icyphy/ptII/ptolemy/actor/lib/test/auto/MethodCallTest.xml
2 ms. Memory: 533504K Free: 291581K (55%)
----------------- Invoking toplevel() on ptolemy.moml.MoMLSimpleApplication@5ef5faec
----------------- Done invoking toplevel() on ptolemy.moml.MoMLSimpleApplication@5ef5faec
reloadAllAccessors: .MethodCallTest

===========================================================================================
----------------- testing Sat Jun 22 04:47:09 UTC 2019 /home/travis/build/icyphy/ptII/ptolemy/actor/lib/test/auto/Minimum.xml
----------------- Instantiating /home/travis/build/icyphy/ptII/ptolemy/actor/lib/test/auto/Minimum.xml
3 ms. Memory: 533504K Free: 285437K (54%)
----------------- Invoking toplevel() on ptolemy.moml.MoMLSimpleApplication@658e4bff
----------------- Done invoking toplevel() on ptolemy.moml.MoMLSimpleApplication@658e4bff
reloadAllAccessors: .Minimum

===========================================================================================
----------------- testing Sat Jun 22 04:47:09 UTC 2019 /home/travis/build/icyphy/ptII/ptolemy/actor/lib/test/auto/MinimumComplex.xml
----------------- Instantiating /home/travis/build/icyphy/ptII/ptolemy/actor/lib/test/auto/MinimumComplex.xml
3 ms. Memory: 533504K Free: 279293K (52%)
----------------- Invoking toplevel() on ptolemy.moml.MoMLSimpleApplication@48490b70
----------------- Done invoking toplevel() on ptolemy.moml.MoMLSimpleApplication@48490b70
reloadAllAccessors: .MinimumComplex

===========================================================================================
----------------- testing Sat Jun 22 04:47:09 UTC 2019 /home/travis/build/icyphy/ptII/ptolemy/actor/lib/test/auto/MinimumMultiports.xml
----------------- Instantiating /home/travis/build/icyphy/ptII/ptolemy/actor/lib/test/auto/MinimumMultiports.xml
4 ms. Memory: 533504K Free: 270587K (51%)
----------------- Invoking toplevel() on ptolemy.moml.MoMLSimpleApplication@3bc673cf
----------------- Done invoking toplevel() on ptolemy.moml.MoMLSimpleApplication@3bc673cf
reloadAllAccessors: .MinimumMultiports

===========================================================================================
----------------- testing Sat Jun 22 04:47:09 UTC 2019 /home/travis/build/icyphy/ptII/ptolemy/actor/lib/test/auto/ModifyDate.xml
----------------- Instantiating /home/travis/build/icyphy/ptII/ptolemy/actor/lib/test/auto/ModifyDate.xml
11 ms. Memory: 533504K Free: 257275K (48%)
----------------- Invoking toplevel() on ptolemy.moml.MoMLSimpleApplication@58f21752
----------------- Done invoking toplevel() on ptolemy.moml.MoMLSimpleApplication@58f21752
reloadAllAccessors: .ModifyDate

===========================================================================================
----------------- testing Sat Jun 22 04:47:09 UTC 2019 /home/travis/build/icyphy/ptII/ptolemy/actor/lib/test/auto/ModifyDate2.xml
----------------- Instantiating /home/travis/build/icyphy/ptII/ptolemy/actor/lib/test/auto/ModifyDate2.xml
3 ms. Memory: 533504K Free: 248573K (47%)
----------------- Invoking toplevel() on ptolemy.moml.MoMLSimpleApplication@701fcf07
----------------- Done invoking toplevel() on ptolemy.moml.MoMLSimpleApplication@701fcf07
reloadAllAccessors: .ModifyDate2

===========================================================================================
----------------- testing Sat Jun 22 04:47:09 UTC 2019 /home/travis/build/icyphy/ptII/ptolemy/actor/lib/test/auto/MovingAverage.xml
----------------- Instantiating /home/travis/build/icyphy/ptII/ptolemy/actor/lib/test/auto/MovingAverage.xml
2 ms. Memory: 533504K Free: 243453K (46%)
----------------- Invoking toplevel() on ptolemy.moml.MoMLSimpleApplication@2f646e58
----------------- Done invoking toplevel() on ptolemy.moml.MoMLSimpleApplication@2f646e58
reloadAllAccessors: .MovingAverage

===========================================================================================
----------------- testing Sat Jun 22 04:47:09 UTC 2019 /home/travis/build/icyphy/ptII/ptolemy/actor/lib/test/auto/MovingMaximum.xml
----------------- Instantiating /home/travis/build/icyphy/ptII/ptolemy/actor/lib/test/auto/MovingMaximum.xml
2 ms. Memory: 533504K Free: 239357K (45%)
----------------- Invoking toplevel() on ptolemy.moml.MoMLSimpleApplication@3c3a8935
----------------- Done invoking toplevel() on ptolemy.moml.MoMLSimpleApplication@3c3a8935
reloadAllAccessors: .MovingMaximum

===========================================================================================
----------------- testing Sat Jun 22 04:47:09 UTC 2019 /home/travis/build/icyphy/ptII/ptolemy/actor/lib/test/auto/MultipleLinksToSameRelation.xml
----------------- Instantiating /home/travis/build/icyphy/ptII/ptolemy/actor/lib/test/auto/MultipleLinksToSameRelation.xml
2 ms. Memory: 533504K Free: 235261K (44%)
----------------- Invoking toplevel() on ptolemy.moml.MoMLSimpleApplication@58372cc0
----------------- Done invoking toplevel() on ptolemy.moml.MoMLSimpleApplication@58372cc0
reloadAllAccessors: .MultipleLinksToSameRelation

===========================================================================================
----------------- testing Sat Jun 22 04:47:09 UTC 2019 /home/travis/build/icyphy/ptII/ptolemy/actor/lib/test/auto/MultipleLinksToSameRelationDE.xml
----------------- Instantiating /home/travis/build/icyphy/ptII/ptolemy/actor/lib/test/auto/MultipleLinksToSameRelationDE.xml
4 ms. Memory: 533504K Free: 230621K (43%)
----------------- Invoking toplevel() on ptolemy.moml.MoMLSimpleApplication@51c785e6
----------------- Done invoking toplevel() on ptolemy.moml.MoMLSimpleApplication@51c785e6
reloadAllAccessors: .MultipleLinksToSameRelationDE

===========================================================================================
----------------- testing Sat Jun 22 04:47:09 UTC 2019 /home/travis/build/icyphy/ptII/ptolemy/actor/lib/test/auto/Multiplexor.xml
----------------- Instantiating /home/travis/build/icyphy/ptII/ptolemy/actor/lib/test/auto/Multiplexor.xml
2 ms. Memory: 533504K Free: 225021K (42%)
----------------- Invoking toplevel() on ptolemy.moml.MoMLSimpleApplication@7c2070fa
----------------- Done invoking toplevel() on ptolemy.moml.MoMLSimpleApplication@7c2070fa
reloadAllAccessors: .Multiplexor

===========================================================================================
----------------- testing Sat Jun 22 04:47:09 UTC 2019 /home/travis/build/icyphy/ptII/ptolemy/actor/lib/test/auto/Multiplexor1.xml
----------------- Instantiating /home/travis/build/icyphy/ptII/ptolemy/actor/lib/test/auto/Multiplexor1.xml
2 ms. Memory: 533504K Free: 219373K (41%)
----------------- Invoking toplevel() on ptolemy.moml.MoMLSimpleApplication@47994e77
----------------- Done invoking toplevel() on ptolemy.moml.MoMLSimpleApplication@47994e77
reloadAllAccessors: .Multiplexor1

===========================================================================================
----------------- testing Sat Jun 22 04:47:09 UTC 2019 /home/travis/build/icyphy/ptII/ptolemy/actor/lib/test/auto/Multiplexor2.xml
----------------- Instantiating /home/travis/build/icyphy/ptII/ptolemy/actor/lib/test/auto/Multiplexor2.xml
3 ms. Memory: 533504K Free: 212733K (40%)
----------------- Invoking toplevel() on ptolemy.moml.MoMLSimpleApplication@5afd67ae
----------------- Done invoking toplevel() on ptolemy.moml.MoMLSimpleApplication@5afd67ae
reloadAllAccessors: .Multiplexor2

===========================================================================================
----------------- testing Sat Jun 22 04:47:09 UTC 2019 /home/travis/build/icyphy/ptII/ptolemy/actor/lib/test/auto/Multiplexor3.xml
----------------- Instantiating /home/travis/build/icyphy/ptII/ptolemy/actor/lib/test/auto/Multiplexor3.xml
2 ms. Memory: 533504K Free: 208637K (39%)
----------------- Invoking toplevel() on ptolemy.moml.MoMLSimpleApplication@4bf48a97
----------------- Done invoking toplevel() on ptolemy.moml.MoMLSimpleApplication@4bf48a97
reloadAllAccessors: .Multiplexor3

===========================================================================================
----------------- testing Sat Jun 22 04:47:09 UTC 2019 /home/travis/build/icyphy/ptII/ptolemy/actor/lib/test/auto/MultiplexorDE.xml
----------------- Instantiating /home/travis/build/icyphy/ptII/ptolemy/actor/lib/test/auto/MultiplexorDE.xml
5 ms. Memory: 533504K Free: 200925K (38%)
----------------- Invoking toplevel() on ptolemy.moml.MoMLSimpleApplication@74030789
----------------- Done invoking toplevel() on ptolemy.moml.MoMLSimpleApplication@74030789
reloadAllAccessors: .MultiplexorDE

===========================================================================================
----------------- testing Sat Jun 22 04:47:09 UTC 2019 /home/travis/build/icyphy/ptII/ptolemy/actor/lib/test/auto/MultiportBroadcastTest.xml
----------------- Instantiating /home/travis/build/icyphy/ptII/ptolemy/actor/lib/test/auto/MultiportBroadcastTest.xml
79 ms. Memory: 533504K Free: 194795K (37%)
----------------- Invoking toplevel() on ptolemy.moml.MoMLSimpleApplication@3c83f5a4
----------------- Done invoking toplevel() on ptolemy.moml.MoMLSimpleApplication@3c83f5a4
reloadAllAccessors: .MultiportBroadcastTest

===========================================================================================
----------------- testing Sat Jun 22 04:47:10 UTC 2019 /home/travis/build/icyphy/ptII/ptolemy/actor/lib/test/auto/MultiportOutHangDuringGetWidth.xml
----------------- Instantiating /home/travis/build/icyphy/ptII/ptolemy/actor/lib/test/auto/MultiportOutHangDuringGetWidth.xml
6 ms. Memory: 533504K Free: 183037K (34%)
----------------- Invoking toplevel() on ptolemy.moml.MoMLSimpleApplication@ba5384a
----------------- Done invoking toplevel() on ptolemy.moml.MoMLSimpleApplication@ba5384a
reloadAllAccessors: .MultiportOutHangDuringGetWidth

===========================================================================================
----------------- testing Sat Jun 22 04:47:10 UTC 2019 /home/travis/build/icyphy/ptII/ptolemy/actor/lib/test/auto/NilToken.xml
----------------- Instantiating /home/travis/build/icyphy/ptII/ptolemy/actor/lib/test/auto/NilToken.xml
2 ms. Memory: 533504K Free: 178941K (34%)
----------------- Invoking toplevel() on ptolemy.moml.MoMLSimpleApplication@590c1670
----------------- Done invoking toplevel() on ptolemy.moml.MoMLSimpleApplication@590c1670
reloadAllAccessors: .NilToken

===========================================================================================
----------------- testing Sat Jun 22 04:47:10 UTC 2019 /home/travis/build/icyphy/ptII/ptolemy/actor/lib/test/auto/NilTokenNonStrictTest.xml
----------------- Instantiating /home/travis/build/icyphy/ptII/ptolemy/actor/lib/test/auto/NilTokenNonStrictTest.xml
2 ms. Memory: 533504K Free: 174331K (33%)
----------------- Invoking toplevel() on ptolemy.moml.MoMLSimpleApplication@6dad4363
----------------- Done invoking toplevel() on ptolemy.moml.MoMLSimpleApplication@6dad4363
reloadAllAccessors: .NilTokenNonStrictTest

===========================================================================================
----------------- testing Sat Jun 22 04:47:10 UTC 2019 /home/travis/build/icyphy/ptII/ptolemy/actor/lib/test/auto/NilTokenRecord.xml
----------------- Instantiating /home/travis/build/icyphy/ptII/ptolemy/actor/lib/test/auto/NilTokenRecord.xml
12 ms. Memory: 533504K Free: 483931K (91%)
----------------- Invoking toplevel() on ptolemy.moml.MoMLSimpleApplication@2b8292ea
----------------- Done invoking toplevel() on ptolemy.moml.MoMLSimpleApplication@2b8292ea
reloadAllAccessors: .NilTokenRecord

===========================================================================================
----------------- testing Sat Jun 22 04:47:10 UTC 2019 /home/travis/build/icyphy/ptII/ptolemy/actor/lib/test/auto/NilTokenTypeTest.xml
----------------- Instantiating /home/travis/build/icyphy/ptII/ptolemy/actor/lib/test/auto/NilTokenTypeTest.xml
4 ms. Memory: 533504K Free: 473691K (89%)
----------------- Invoking toplevel() on ptolemy.moml.MoMLSimpleApplication@11992b86
----------------- Done invoking toplevel() on ptolemy.moml.MoMLSimpleApplication@11992b86
reloadAllAccessors: .NilTokenTypeTest

===========================================================================================
----------------- testing Sat Jun 22 04:47:10 UTC 2019 /home/travis/build/icyphy/ptII/ptolemy/actor/lib/test/auto/ObjectToken1.xml
----------------- Instantiating /home/travis/build/icyphy/ptII/ptolemy/actor/lib/test/auto/ObjectToken1.xml
4 ms. Memory: 533504K Free: 469593K (88%)
----------------- Invoking toplevel() on ptolemy.moml.MoMLSimpleApplication@3ac278
----------------- Done invoking toplevel() on ptolemy.moml.MoMLSimpleApplication@3ac278
reloadAllAccessors: .ObjectToken1

===========================================================================================
----------------- testing Sat Jun 22 04:47:10 UTC 2019 /home/travis/build/icyphy/ptII/ptolemy/actor/lib/test/auto/OrderedMerge.xml
----------------- Instantiating /home/travis/build/icyphy/ptII/ptolemy/actor/lib/test/auto/OrderedMerge.xml
12 ms. Memory: 533504K Free: 463451K (87%)
----------------- Invoking toplevel() on ptolemy.moml.MoMLSimpleApplication@7a5949e1
----------------- Done invoking toplevel() on ptolemy.moml.MoMLSimpleApplication@7a5949e1
reloadAllAccessors: .OrderedMerge

===========================================================================================
----------------- testing Sat Jun 22 04:47:10 UTC 2019 /home/travis/build/icyphy/ptII/ptolemy/actor/lib/test/auto/OrderedRecordDisassembler.xml
----------------- Instantiating /home/travis/build/icyphy/ptII/ptolemy/actor/lib/test/auto/OrderedRecordDisassembler.xml
3 ms. Memory: 533504K Free: 458331K (86%)
----------------- Invoking toplevel() on ptolemy.moml.MoMLSimpleApplication@637f04c5
----------------- Done invoking toplevel() on ptolemy.moml.MoMLSimpleApplication@637f04c5
reloadAllAccessors: .OrderedRecordDisassembler

===========================================================================================
----------------- testing Sat Jun 22 04:47:10 UTC 2019 /home/travis/build/icyphy/ptII/ptolemy/actor/lib/test/auto/OrderedRecordDisassembler2.xml
----------------- Instantiating /home/travis/build/icyphy/ptII/ptolemy/actor/lib/test/auto/OrderedRecordDisassembler2.xml
3 ms. Memory: 533504K Free: 450635K (84%)
----------------- Invoking toplevel() on ptolemy.moml.MoMLSimpleApplication@48f8a32c
----------------- Done invoking toplevel() on ptolemy.moml.MoMLSimpleApplication@48f8a32c
reloadAllAccessors: .OrderedRecordDisassembler2

===========================================================================================
----------------- testing Sat Jun 22 04:47:10 UTC 2019 /home/travis/build/icyphy/ptII/ptolemy/actor/lib/test/auto/OrderedRecordUpdater.xml
----------------- Instantiating /home/travis/build/icyphy/ptII/ptolemy/actor/lib/test/auto/OrderedRecordUpdater.xml
2 ms. Memory: 533504K Free: 445529K (84%)
----------------- Invoking toplevel() on ptolemy.moml.MoMLSimpleApplication@1e132bc6
----------------- Done invoking toplevel() on ptolemy.moml.MoMLSimpleApplication@1e132bc6
reloadAllAccessors: .RecordUpdater

===========================================================================================
----------------- testing Sat Jun 22 04:47:10 UTC 2019 /home/travis/build/icyphy/ptII/ptolemy/actor/lib/test/auto/OrderedRecordUpdater2.xml
----------------- Instantiating /home/travis/build/icyphy/ptII/ptolemy/actor/lib/test/auto/OrderedRecordUpdater2.xml
2 ms. Memory: 533504K Free: 440409K (83%)
----------------- Invoking toplevel() on ptolemy.moml.MoMLSimpleApplication@693a73e2
----------------- Done invoking toplevel() on ptolemy.moml.MoMLSimpleApplication@693a73e2
reloadAllAccessors: .RecordUpdater2

===========================================================================================
----------------- testing Sat Jun 22 04:47:10 UTC 2019 /home/travis/build/icyphy/ptII/ptolemy/actor/lib/test/auto/PhaseUnwrap.xml
----------------- Instantiating /home/travis/build/icyphy/ptII/ptolemy/actor/lib/test/auto/PhaseUnwrap.xml
2 ms. Memory: 533504K Free: 435803K (82%)
----------------- Invoking toplevel() on ptolemy.moml.MoMLSimpleApplication@5be1ecb1
----------------- Done invoking toplevel() on ptolemy.moml.MoMLSimpleApplication@5be1ecb1
reloadAllAccessors: .PhaseUnwrap

===========================================================================================
----------------- testing Sat Jun 22 04:47:10 UTC 2019 /home/travis/build/icyphy/ptII/ptolemy/actor/lib/test/auto/PoissonClock.xml
----------------- Instantiating /home/travis/build/icyphy/ptII/ptolemy/actor/lib/test/auto/PoissonClock.xml
3 ms. Memory: 533504K Free: 431193K (81%)
----------------- Invoking toplevel() on ptolemy.moml.MoMLSimpleApplication@6a2ce245
----------------- Done invoking toplevel() on ptolemy.moml.MoMLSimpleApplication@6a2ce245
reloadAllAccessors: .PoissonClock

===========================================================================================
----------------- testing Sat Jun 22 04:47:10 UTC 2019 /home/travis/build/icyphy/ptII/ptolemy/actor/lib/test/auto/PoissonClock2.xml
----------------- Instantiating /home/travis/build/icyphy/ptII/ptolemy/actor/lib/test/auto/PoissonClock2.xml
2 ms. Memory: 533504K Free: 426587K (80%)
----------------- Invoking toplevel() on ptolemy.moml.MoMLSimpleApplication@5a0a0d3d
----------------- Done invoking toplevel() on ptolemy.moml.MoMLSimpleApplication@5a0a0d3d
reloadAllAccessors: .PoissonClock2

===========================================================================================
----------------- testing Sat Jun 22 04:47:10 UTC 2019 /home/travis/build/icyphy/ptII/ptolemy/actor/lib/test/auto/PoissonClock3.xml
----------------- Instantiating /home/travis/build/icyphy/ptII/ptolemy/actor/lib/test/auto/PoissonClock3.xml
2 ms. Memory: 533504K Free: 421977K (79%)
----------------- Invoking toplevel() on ptolemy.moml.MoMLSimpleApplication@1eb0c5ed
----------------- Done invoking toplevel() on ptolemy.moml.MoMLSimpleApplication@1eb0c5ed
reloadAllAccessors: .PoissonClock3

===========================================================================================
----------------- testing Sat Jun 22 04:47:10 UTC 2019 /home/travis/build/icyphy/ptII/ptolemy/actor/lib/test/auto/PubSubWithInitialTokens.xml
----------------- Instantiating /home/travis/build/icyphy/ptII/ptolemy/actor/lib/test/auto/PubSubWithInitialTokens.xml
2 ms. Memory: 533504K Free: 416347K (78%)
----------------- Invoking toplevel() on ptolemy.moml.MoMLSimpleApplication@6205286d
----------------- Done invoking toplevel() on ptolemy.moml.MoMLSimpleApplication@6205286d
reloadAllAccessors: .PubSubWithInitialTokens

===========================================================================================
----------------- testing Sat Jun 22 04:47:10 UTC 2019 /home/travis/build/icyphy/ptII/ptolemy/actor/lib/test/auto/PubSubWithInitialTokens2.xml
----------------- Instantiating /home/travis/build/icyphy/ptII/ptolemy/actor/lib/test/auto/PubSubWithInitialTokens2.xml
2 ms. Memory: 533504K Free: 410203K (77%)
----------------- Invoking toplevel() on ptolemy.moml.MoMLSimpleApplication@36709790
----------------- Done invoking toplevel() on ptolemy.moml.MoMLSimpleApplication@36709790
reloadAllAccessors: .PubSubWithInitialTokens2

===========================================================================================
----------------- testing Sat Jun 22 04:47:10 UTC 2019 /home/travis/build/icyphy/ptII/ptolemy/actor/lib/test/auto/PublisherClassNoParameter.xml
----------------- Instantiating /home/travis/build/icyphy/ptII/ptolemy/actor/lib/test/auto/PublisherClassNoParameter.xml
2 ms. Memory: 533504K Free: 399963K (75%)
----------------- Invoking toplevel() on ptolemy.moml.MoMLSimpleApplication@203ecea5
----------------- Done invoking toplevel() on ptolemy.moml.MoMLSimpleApplication@203ecea5
reloadAllAccessors: .PublisherClassNoParameter

===========================================================================================
----------------- testing Sat Jun 22 04:47:10 UTC 2019 /home/travis/build/icyphy/ptII/ptolemy/actor/lib/test/auto/PublisherClassParameter.xml
----------------- Instantiating /home/travis/build/icyphy/ptII/ptolemy/actor/lib/test/auto/PublisherClassParameter.xml
2 ms. Memory: 533504K Free: 389723K (73%)
----------------- Invoking toplevel() on ptolemy.moml.MoMLSimpleApplication@10186c30
----------------- Done invoking toplevel() on ptolemy.moml.MoMLSimpleApplication@10186c30
reloadAllAccessors: .PublisherClassParameter

===========================================================================================
----------------- testing Sat Jun 22 04:47:10 UTC 2019 /home/travis/build/icyphy/ptII/ptolemy/actor/lib/test/auto/PublisherNonStrictTest.xml
----------------- Instantiating /home/travis/build/icyphy/ptII/ptolemy/actor/lib/test/auto/PublisherNonStrictTest.xml
3 ms. Memory: 533504K Free: 382035K (72%)
----------------- Invoking toplevel() on ptolemy.moml.MoMLSimpleApplication@3da2345c
----------------- Done invoking toplevel() on ptolemy.moml.MoMLSimpleApplication@3da2345c
reloadAllAccessors: .PublisherNonStrictTest

===========================================================================================
----------------- testing Sat Jun 22 04:47:10 UTC 2019 /home/travis/build/icyphy/ptII/ptolemy/actor/lib/test/auto/PublisherPort1.xml
----------------- Instantiating /home/travis/build/icyphy/ptII/ptolemy/actor/lib/test/auto/PublisherPort1.xml
3 ms. Memory: 533504K Free: 376411K (71%)
----------------- Invoking toplevel() on ptolemy.moml.MoMLSimpleApplication@5d3bd15c
----------------- Done invoking toplevel() on ptolemy.moml.MoMLSimpleApplication@5d3bd15c
reloadAllAccessors: .PublisherPort1

===========================================================================================
----------------- testing Sat Jun 22 04:47:10 UTC 2019 /home/travis/build/icyphy/ptII/ptolemy/actor/lib/test/auto/PublisherPort2.xml
----------------- Instantiating /home/travis/build/icyphy/ptII/ptolemy/actor/lib/test/auto/PublisherPort2.xml
1 ms. Memory: 533504K Free: 371291K (70%)
----------------- Invoking toplevel() on ptolemy.moml.MoMLSimpleApplication@75506792
----------------- Done invoking toplevel() on ptolemy.moml.MoMLSimpleApplication@75506792
reloadAllAccessors: .PublisherPort2

===========================================================================================
----------------- testing Sat Jun 22 04:47:10 UTC 2019 /home/travis/build/icyphy/ptII/ptolemy/actor/lib/test/auto/PublisherPort3.xml
----------------- Instantiating /home/travis/build/icyphy/ptII/ptolemy/actor/lib/test/auto/PublisherPort3.xml
15 ms. Memory: 533504K Free: 364603K (68%)
----------------- Invoking toplevel() on ptolemy.moml.MoMLSimpleApplication@76afd61c
----------------- Done invoking toplevel() on ptolemy.moml.MoMLSimpleApplication@76afd61c
reloadAllAccessors: .PublisherPort3

===========================================================================================
----------------- testing Sat Jun 22 04:47:10 UTC 2019 /home/travis/build/icyphy/ptII/ptolemy/actor/lib/test/auto/PublisherPort4.xml
----------------- Instantiating /home/travis/build/icyphy/ptII/ptolemy/actor/lib/test/auto/PublisherPort4.xml
2 ms. Memory: 533504K Free: 359003K (67%)
----------------- Invoking toplevel() on ptolemy.moml.MoMLSimpleApplication@41ce88d7
----------------- Done invoking toplevel() on ptolemy.moml.MoMLSimpleApplication@41ce88d7
reloadAllAccessors: .PublisherPort4

===========================================================================================
----------------- testing Sat Jun 22 04:47:10 UTC 2019 /home/travis/build/icyphy/ptII/ptolemy/actor/lib/test/auto/PublisherPort5.xml
----------------- Instantiating /home/travis/build/icyphy/ptII/ptolemy/actor/lib/test/auto/PublisherPort5.xml
3 ms. Memory: 533504K Free: 350811K (66%)
----------------- Invoking toplevel() on ptolemy.moml.MoMLSimpleApplication@6a761b05
----------------- Done invoking toplevel() on ptolemy.moml.MoMLSimpleApplication@6a761b05
reloadAllAccessors: .PublisherPort5

===========================================================================================
----------------- testing Sat Jun 22 04:47:10 UTC 2019 /home/travis/build/icyphy/ptII/ptolemy/actor/lib/test/auto/PublisherPort5LookAlike.xml
----------------- Instantiating /home/travis/build/icyphy/ptII/ptolemy/actor/lib/test/auto/PublisherPort5LookAlike.xml
8 ms. Memory: 533504K Free: 343129K (64%)
----------------- Invoking toplevel() on ptolemy.moml.MoMLSimpleApplication@34873649
----------------- Done invoking toplevel() on ptolemy.moml.MoMLSimpleApplication@34873649
reloadAllAccessors: .PublisherPort5LookAlike

===========================================================================================
----------------- testing Sat Jun 22 04:47:10 UTC 2019 /home/travis/build/icyphy/ptII/ptolemy/actor/lib/test/auto/PublisherPort6.xml
----------------- Instantiating /home/travis/build/icyphy/ptII/ptolemy/actor/lib/test/auto/PublisherPort6.xml
2 ms. Memory: 533504K Free: 336475K (63%)
----------------- Invoking toplevel() on ptolemy.moml.MoMLSimpleApplication@c8348b3
----------------- Done invoking toplevel() on ptolemy.moml.MoMLSimpleApplication@c8348b3
reloadAllAccessors: .PublisherPort6

===========================================================================================
----------------- testing Sat Jun 22 04:47:10 UTC 2019 /home/travis/build/icyphy/ptII/ptolemy/actor/lib/test/auto/PublisherPort7.xml
----------------- Instantiating /home/travis/build/icyphy/ptII/ptolemy/actor/lib/test/auto/PublisherPort7.xml
3 ms. Memory: 533504K Free: 328793K (62%)
----------------- Invoking toplevel() on ptolemy.moml.MoMLSimpleApplication@401406e6
----------------- Done invoking toplevel() on ptolemy.moml.MoMLSimpleApplication@401406e6
reloadAllAccessors: .PublisherPort7

===========================================================================================
----------------- testing Sat Jun 22 04:47:10 UTC 2019 /home/travis/build/icyphy/ptII/ptolemy/actor/lib/test/auto/PublisherPort8.xml
----------------- Instantiating /home/travis/build/icyphy/ptII/ptolemy/actor/lib/test/auto/PublisherPort8.xml
5 ms. Memory: 533504K Free: 320091K (60%)
----------------- Invoking toplevel() on ptolemy.moml.MoMLSimpleApplication@23c911d1
----------------- Done invoking toplevel() on ptolemy.moml.MoMLSimpleApplication@23c911d1
reloadAllAccessors: .PublisherPort8

===========================================================================================
----------------- testing Sat Jun 22 04:47:10 UTC 2019 /home/travis/build/icyphy/ptII/ptolemy/actor/lib/test/auto/PublisherPortSubscriberChannelVariablesAOC2.xml
----------------- Instantiating /home/travis/build/icyphy/ptII/ptolemy/actor/lib/test/auto/PublisherPortSubscriberChannelVariablesAOC2.xml
4 ms. Memory: 533504K Free: 302683K (57%)
----------------- Invoking toplevel() on ptolemy.moml.MoMLSimpleApplication@65d7b32a
----------------- Done invoking toplevel() on ptolemy.moml.MoMLSimpleApplication@65d7b32a
reloadAllAccessors: .PublisherPortSubscriberChannelVariablesAOC2

===========================================================================================
----------------- testing Sat Jun 22 04:47:10 UTC 2019 /home/travis/build/icyphy/ptII/ptolemy/actor/lib/test/auto/PublisherPortSubscriberOpaqueWidthInference.xml
----------------- Instantiating /home/travis/build/icyphy/ptII/ptolemy/actor/lib/test/auto/PublisherPortSubscriberOpaqueWidthInference.xml
4 ms. Memory: 533504K Free: 294987K (55%)
----------------- Invoking toplevel() on ptolemy.moml.MoMLSimpleApplication@3463db15
----------------- Done invoking toplevel() on ptolemy.moml.MoMLSimpleApplication@3463db15
reloadAllAccessors: .PublisherPortSubscriberOpaqueWidthInference

===========================================================================================
----------------- testing Sat Jun 22 04:47:10 UTC 2019 /home/travis/build/icyphy/ptII/ptolemy/actor/lib/test/auto/PublisherPortSubscriberPortAdjacent.xml
----------------- Instantiating /home/travis/build/icyphy/ptII/ptolemy/actor/lib/test/auto/PublisherPortSubscriberPortAdjacent.xml
2 ms. Memory: 533504K Free: 286809K (54%)
----------------- Invoking toplevel() on ptolemy.moml.MoMLSimpleApplication@766f5a61
----------------- Done invoking toplevel() on ptolemy.moml.MoMLSimpleApplication@766f5a61
reloadAllAccessors: .PublisherPortSubscriberPortAdjacent

===========================================================================================
----------------- testing Sat Jun 22 04:47:10 UTC 2019 /home/travis/build/icyphy/ptII/ptolemy/actor/lib/test/auto/PublisherPortSubscriberPortExpression.xml
----------------- Instantiating /home/travis/build/icyphy/ptII/ptolemy/actor/lib/test/auto/PublisherPortSubscriberPortExpression.xml
4 ms. Memory: 533504K Free: 279131K (52%)
----------------- Invoking toplevel() on ptolemy.moml.MoMLSimpleApplication@5a59dad7
----------------- Done invoking toplevel() on ptolemy.moml.MoMLSimpleApplication@5a59dad7
reloadAllAccessors: .PublisherPortSubscriberPortExpression

===========================================================================================
----------------- testing Sat Jun 22 04:47:10 UTC 2019 /home/travis/build/icyphy/ptII/ptolemy/actor/lib/test/auto/PublisherPortSubscriberPortOpaqueD3Reverse.xml
----------------- Instantiating /home/travis/build/icyphy/ptII/ptolemy/actor/lib/test/auto/PublisherPortSubscriberPortOpaqueD3Reverse.xml
6 ms. Memory: 533504K Free: 268377K (50%)
----------------- Invoking toplevel() on ptolemy.moml.MoMLSimpleApplication@65709f57
----------------- Done invoking toplevel() on ptolemy.moml.MoMLSimpleApplication@65709f57
reloadAllAccessors: .PublisherPortSubscriberPortOpaqueD3Reverse

===========================================================================================
----------------- testing Sat Jun 22 04:47:10 UTC 2019 /home/travis/build/icyphy/ptII/ptolemy/actor/lib/test/auto/PublisherPortSubscriberPortOpaqueWidthInference.xml
----------------- Instantiating /home/travis/build/icyphy/ptII/ptolemy/actor/lib/test/auto/PublisherPortSubscriberPortOpaqueWidthInference.xml
3 ms. Memory: 533504K Free: 260699K (49%)
----------------- Invoking toplevel() on ptolemy.moml.MoMLSimpleApplication@a4a4b23
----------------- Done invoking toplevel() on ptolemy.moml.MoMLSimpleApplication@a4a4b23
reloadAllAccessors: .PublisherPortSubscriberPortOpaqueWidthInference

===========================================================================================
----------------- testing Sat Jun 22 04:47:10 UTC 2019 /home/travis/build/icyphy/ptII/ptolemy/actor/lib/test/auto/PublisherPortToplevelSubscriberPortAOC.xml
----------------- Instantiating /home/travis/build/icyphy/ptII/ptolemy/actor/lib/test/auto/PublisherPortToplevelSubscriberPortAOC.xml
.PublisherPortToplevelSubscriberPortAOC.TestExceptionAttribute: initialize() was not invoked, but wrapup() was.  This is unusual, but not always a problem.  For example, exporting JNLP will do this.
1 ms. Memory: 533504K Free: 255065K (48%)
----------------- Invoking toplevel() on ptolemy.moml.MoMLSimpleApplication@527484b
----------------- Done invoking toplevel() on ptolemy.moml.MoMLSimpleApplication@527484b
reloadAllAccessors: .PublisherPortToplevelSubscriberPortAOC

===========================================================================================
----------------- testing Sat Jun 22 04:47:10 UTC 2019 /home/travis/build/icyphy/ptII/ptolemy/actor/lib/test/auto/PublisherSubscriber.xml
----------------- Instantiating /home/travis/build/icyphy/ptII/ptolemy/actor/lib/test/auto/PublisherSubscriber.xml
3 ms. Memory: 533504K Free: 247867K (46%)
----------------- Invoking toplevel() on ptolemy.moml.MoMLSimpleApplication@129ac724
----------------- Done invoking toplevel() on ptolemy.moml.MoMLSimpleApplication@129ac724
reloadAllAccessors: .PublisherSubscriber

===========================================================================================
----------------- testing Sat Jun 22 04:47:10 UTC 2019 /home/travis/build/icyphy/ptII/ptolemy/actor/lib/test/auto/PublisherSubscriber10.xml
----------------- Instantiating /home/travis/build/icyphy/ptII/ptolemy/actor/lib/test/auto/PublisherSubscriber10.xml
7 ms. Memory: 533504K Free: 238681K (45%)
----------------- Invoking toplevel() on ptolemy.moml.MoMLSimpleApplication@5493c589
----------------- Done invoking toplevel() on ptolemy.moml.MoMLSimpleApplication@5493c589
reloadAllAccessors: .PublisherSubscriber10

===========================================================================================
----------------- testing Sat Jun 22 04:47:10 UTC 2019 /home/travis/build/icyphy/ptII/ptolemy/actor/lib/test/auto/PublisherSubscriber10InitialOutputs.xml
----------------- Instantiating /home/travis/build/icyphy/ptII/ptolemy/actor/lib/test/auto/PublisherSubscriber10InitialOutputs.xml
12 ms. Memory: 533504K Free: 229465K (43%)
----------------- Invoking toplevel() on ptolemy.moml.MoMLSimpleApplication@3b2365ff
----------------- Done invoking toplevel() on ptolemy.moml.MoMLSimpleApplication@3b2365ff
reloadAllAccessors: .PublisherSubscriber10InitialOutputs

===========================================================================================
----------------- testing Sat Jun 22 04:47:10 UTC 2019 /home/travis/build/icyphy/ptII/ptolemy/actor/lib/test/auto/PublisherSubscriber11.xml
----------------- Instantiating /home/travis/build/icyphy/ptII/ptolemy/actor/lib/test/auto/PublisherSubscriber11.xml
3 ms. Memory: 533504K Free: 223307K (42%)
----------------- Invoking toplevel() on ptolemy.moml.MoMLSimpleApplication@27721798
----------------- Done invoking toplevel() on ptolemy.moml.MoMLSimpleApplication@27721798
reloadAllAccessors: .PublisherSubscriber11

===========================================================================================
----------------- testing Sat Jun 22 04:47:10 UTC 2019 /home/travis/build/icyphy/ptII/ptolemy/actor/lib/test/auto/PublisherSubscriber12.xml
----------------- Instantiating /home/travis/build/icyphy/ptII/ptolemy/actor/lib/test/auto/PublisherSubscriber12.xml
6 ms. Memory: 533504K Free: 215643K (40%)
----------------- Invoking toplevel() on ptolemy.moml.MoMLSimpleApplication@462bca4c
----------------- Done invoking toplevel() on ptolemy.moml.MoMLSimpleApplication@462bca4c
reloadAllAccessors: .PublisherSubscriber12

===========================================================================================
----------------- testing Sat Jun 22 04:47:10 UTC 2019 /home/travis/build/icyphy/ptII/ptolemy/actor/lib/test/auto/PublisherSubscriber13.xml
----------------- Instantiating /home/travis/build/icyphy/ptII/ptolemy/actor/lib/test/auto/PublisherSubscriber13.xml
2 ms. Memory: 533504K Free: 209995K (39%)
----------------- Invoking toplevel() on ptolemy.moml.MoMLSimpleApplication@403b408
----------------- Done invoking toplevel() on ptolemy.moml.MoMLSimpleApplication@403b408
reloadAllAccessors: .PublisherSubscriber13

===========================================================================================
----------------- testing Sat Jun 22 04:47:10 UTC 2019 /home/travis/build/icyphy/ptII/ptolemy/actor/lib/test/auto/PublisherSubscriber14.xml
----------------- Instantiating /home/travis/build/icyphy/ptII/ptolemy/actor/lib/test/auto/PublisherSubscriber14.xml
2 ms. Memory: 533504K Free: 201307K (38%)
----------------- Invoking toplevel() on ptolemy.moml.MoMLSimpleApplication@2147f0
----------------- Done invoking toplevel() on ptolemy.moml.MoMLSimpleApplication@2147f0
reloadAllAccessors: .PublisherSubscriber14

===========================================================================================
----------------- testing Sat Jun 22 04:47:10 UTC 2019 /home/travis/build/icyphy/ptII/ptolemy/actor/lib/test/auto/PublisherSubscriber2.xml
----------------- Instantiating /home/travis/build/icyphy/ptII/ptolemy/actor/lib/test/auto/PublisherSubscriber2.xml
3 ms. Memory: 533504K Free: 195659K (37%)
----------------- Invoking toplevel() on ptolemy.moml.MoMLSimpleApplication@19a73e68
----------------- Done invoking toplevel() on ptolemy.moml.MoMLSimpleApplication@19a73e68
reloadAllAccessors: .PublisherSubscriber2

===========================================================================================
----------------- testing Sat Jun 22 04:47:11 UTC 2019 /home/travis/build/icyphy/ptII/ptolemy/actor/lib/test/auto/PublisherSubscriber3.xml
----------------- Instantiating /home/travis/build/icyphy/ptII/ptolemy/actor/lib/test/auto/PublisherSubscriber3.xml
2 ms. Memory: 533504K Free: 190043K (36%)
----------------- Invoking toplevel() on ptolemy.moml.MoMLSimpleApplication@dc82f83
----------------- Done invoking toplevel() on ptolemy.moml.MoMLSimpleApplication@dc82f83
reloadAllAccessors: .PublisherSubscriber3

===========================================================================================
----------------- testing Sat Jun 22 04:47:11 UTC 2019 /home/travis/build/icyphy/ptII/ptolemy/actor/lib/test/auto/PublisherSubscriber4.xml
----------------- Instantiating /home/travis/build/icyphy/ptII/ptolemy/actor/lib/test/auto/PublisherSubscriber4.xml
1 ms. Memory: 533504K Free: 184923K (35%)
----------------- Invoking toplevel() on ptolemy.moml.MoMLSimpleApplication@cdad526
----------------- Done invoking toplevel() on ptolemy.moml.MoMLSimpleApplication@cdad526
reloadAllAccessors: .PublisherSubscriber4

===========================================================================================
----------------- testing Sat Jun 22 04:47:11 UTC 2019 /home/travis/build/icyphy/ptII/ptolemy/actor/lib/test/auto/PublisherSubscriber5.xml
----------------- Instantiating /home/travis/build/icyphy/ptII/ptolemy/actor/lib/test/auto/PublisherSubscriber5.xml
2 ms. Memory: 533504K Free: 178259K (33%)
----------------- Invoking toplevel() on ptolemy.moml.MoMLSimpleApplication@6024c53a
----------------- Done invoking toplevel() on ptolemy.moml.MoMLSimpleApplication@6024c53a
reloadAllAccessors: .PublisherSubscriber5

===========================================================================================
----------------- testing Sat Jun 22 04:47:11 UTC 2019 /home/travis/build/icyphy/ptII/ptolemy/actor/lib/test/auto/PublisherSubscriber6.xml
----------------- Instantiating /home/travis/build/icyphy/ptII/ptolemy/actor/lib/test/auto/PublisherSubscriber6.xml
4 ms. Memory: 533504K Free: 171091K (32%)
----------------- Invoking toplevel() on ptolemy.moml.MoMLSimpleApplication@110836fc
----------------- Done invoking toplevel() on ptolemy.moml.MoMLSimpleApplication@110836fc
reloadAllAccessors: .PublisherSubscriber6

===========================================================================================
----------------- testing Sat Jun 22 04:47:11 UTC 2019 /home/travis/build/icyphy/ptII/ptolemy/actor/lib/test/auto/PublisherSubscriber7.xml
----------------- Instantiating /home/travis/build/icyphy/ptII/ptolemy/actor/lib/test/auto/PublisherSubscriber7.xml
8 ms. Memory: 533504K Free: 480768K (90%)
----------------- Invoking toplevel() on ptolemy.moml.MoMLSimpleApplication@76c25bab
----------------- Done invoking toplevel() on ptolemy.moml.MoMLSimpleApplication@76c25bab
reloadAllAccessors: .PublisherSubscriber7

===========================================================================================
----------------- testing Sat Jun 22 04:47:11 UTC 2019 /home/travis/build/icyphy/ptII/ptolemy/actor/lib/test/auto/PublisherSubscriber8.xml
----------------- Instantiating /home/travis/build/icyphy/ptII/ptolemy/actor/lib/test/auto/PublisherSubscriber8.xml
20 ms. Memory: 533504K Free: 468480K (88%)
----------------- Invoking toplevel() on ptolemy.moml.MoMLSimpleApplication@6dad4931
----------------- Done invoking toplevel() on ptolemy.moml.MoMLSimpleApplication@6dad4931
reloadAllAccessors: .PublisherSubscriber8

===========================================================================================
----------------- testing Sat Jun 22 04:47:11 UTC 2019 /home/travis/build/icyphy/ptII/ptolemy/actor/lib/test/auto/PublisherSubscriber9.xml
----------------- Instantiating /home/travis/build/icyphy/ptII/ptolemy/actor/lib/test/auto/PublisherSubscriber9.xml
3 ms. Memory: 533504K Free: 461312K (86%)
----------------- Invoking toplevel() on ptolemy.moml.MoMLSimpleApplication@607cc3b0
----------------- Done invoking toplevel() on ptolemy.moml.MoMLSimpleApplication@607cc3b0
reloadAllAccessors: .PublisherSubscriber9

===========================================================================================
----------------- testing Sat Jun 22 04:47:11 UTC 2019 /home/travis/build/icyphy/ptII/ptolemy/actor/lib/test/auto/PublisherSubscriberAdjacent.xml
----------------- Instantiating /home/travis/build/icyphy/ptII/ptolemy/actor/lib/test/auto/PublisherSubscriberAdjacent.xml
2 ms. Memory: 533504K Free: 453120K (85%)
----------------- Invoking toplevel() on ptolemy.moml.MoMLSimpleApplication@2e2bde0f
----------------- Done invoking toplevel() on ptolemy.moml.MoMLSimpleApplication@2e2bde0f
reloadAllAccessors: .PublisherSubscriberAdjacent

===========================================================================================
----------------- testing Sat Jun 22 04:47:11 UTC 2019 /home/travis/build/icyphy/ptII/ptolemy/actor/lib/test/auto/PublisherSubscriberChannelVariablesAOC2.xml
----------------- Instantiating /home/travis/build/icyphy/ptII/ptolemy/actor/lib/test/auto/PublisherSubscriberChannelVariablesAOC2.xml
3 ms. Memory: 533504K Free: 438784K (82%)
----------------- Invoking toplevel() on ptolemy.moml.MoMLSimpleApplication@70c508d9
----------------- Done invoking toplevel() on ptolemy.moml.MoMLSimpleApplication@70c508d9
reloadAllAccessors: .PublisherSubscriberChannelVariablesAOC2

===========================================================================================
----------------- testing Sat Jun 22 04:47:11 UTC 2019 /home/travis/build/icyphy/ptII/ptolemy/actor/lib/test/auto/PublisherSubscriberD3.xml
----------------- Instantiating /home/travis/build/icyphy/ptII/ptolemy/actor/lib/test/auto/PublisherSubscriberD3.xml
6 ms. Memory: 533504K Free: 431616K (81%)
----------------- Invoking toplevel() on ptolemy.moml.MoMLSimpleApplication@7f39f2dc
----------------- Done invoking toplevel() on ptolemy.moml.MoMLSimpleApplication@7f39f2dc
reloadAllAccessors: .PublisherSubscriberD3

===========================================================================================
----------------- testing Sat Jun 22 04:47:11 UTC 2019 /home/travis/build/icyphy/ptII/ptolemy/actor/lib/test/auto/PublisherSubscriberD3Reverse.xml
----------------- Instantiating /home/travis/build/icyphy/ptII/ptolemy/actor/lib/test/auto/PublisherSubscriberD3Reverse.xml
2 ms. Memory: 533504K Free: 425472K (80%)
----------------- Invoking toplevel() on ptolemy.moml.MoMLSimpleApplication@2d6a58e4
----------------- Done invoking toplevel() on ptolemy.moml.MoMLSimpleApplication@2d6a58e4
reloadAllAccessors: .PublisherSubscriberD3Reverse

===========================================================================================
----------------- testing Sat Jun 22 04:47:11 UTC 2019 /home/travis/build/icyphy/ptII/ptolemy/actor/lib/test/auto/PublisherSubscriberExpression.xml
----------------- Instantiating /home/travis/build/icyphy/ptII/ptolemy/actor/lib/test/auto/PublisherSubscriberExpression.xml
4 ms. Memory: 533504K Free: 416256K (78%)
----------------- Invoking toplevel() on ptolemy.moml.MoMLSimpleApplication@697a5d7a
----------------- Done invoking toplevel() on ptolemy.moml.MoMLSimpleApplication@697a5d7a
reloadAllAccessors: .PublisherSubscriberExpression

===========================================================================================
----------------- testing Sat Jun 22 04:47:11 UTC 2019 /home/travis/build/icyphy/ptII/ptolemy/actor/lib/test/auto/PublisherSubscriberOpaque.xml
----------------- Instantiating /home/travis/build/icyphy/ptII/ptolemy/actor/lib/test/auto/PublisherSubscriberOpaque.xml
4 ms. Memory: 533504K Free: 408064K (76%)
----------------- Invoking toplevel() on ptolemy.moml.MoMLSimpleApplication@17fb64f3
----------------- Done invoking toplevel() on ptolemy.moml.MoMLSimpleApplication@17fb64f3
reloadAllAccessors: .PublisherSubscriberOpaque

===========================================================================================
----------------- testing Sat Jun 22 04:47:11 UTC 2019 /home/travis/build/icyphy/ptII/ptolemy/actor/lib/test/auto/PublisherSubscriberOpaqueD3.xml
----------------- Instantiating /home/travis/build/icyphy/ptII/ptolemy/actor/lib/test/auto/PublisherSubscriberOpaqueD3.xml
5 ms. Memory: 533504K Free: 396800K (74%)
----------------- Invoking toplevel() on ptolemy.moml.MoMLSimpleApplication@574d0d4e
----------------- Done invoking toplevel() on ptolemy.moml.MoMLSimpleApplication@574d0d4e
reloadAllAccessors: .PublisherSubscriberOpaqueD3

===========================================================================================
----------------- testing Sat Jun 22 04:47:11 UTC 2019 /home/travis/build/icyphy/ptII/ptolemy/actor/lib/test/auto/PublisherSubscriberOpaqueD3Reverse.xml
----------------- Instantiating /home/travis/build/icyphy/ptII/ptolemy/actor/lib/test/auto/PublisherSubscriberOpaqueD3Reverse.xml
10 ms. Memory: 533504K Free: 386046K (72%)
----------------- Invoking toplevel() on ptolemy.moml.MoMLSimpleApplication@727b2a29
----------------- Done invoking toplevel() on ptolemy.moml.MoMLSimpleApplication@727b2a29
reloadAllAccessors: .PublisherSubscriberOpaqueD3Reverse

===========================================================================================
----------------- testing Sat Jun 22 04:47:11 UTC 2019 /home/travis/build/icyphy/ptII/ptolemy/actor/lib/test/auto/PublisherSubscriberOpaqueWidthInference.xml
----------------- Instantiating /home/travis/build/icyphy/ptII/ptolemy/actor/lib/test/auto/PublisherSubscriberOpaqueWidthInference.xml
4 ms. Memory: 533504K Free: 377839K (71%)
----------------- Invoking toplevel() on ptolemy.moml.MoMLSimpleApplication@13867ab
----------------- Done invoking toplevel() on ptolemy.moml.MoMLSimpleApplication@13867ab
reloadAllAccessors: .PublisherSubscriberOpaqueWidthInference

===========================================================================================
----------------- testing Sat Jun 22 04:47:11 UTC 2019 /home/travis/build/icyphy/ptII/ptolemy/actor/lib/test/auto/PublisherTestSubscriber.xml
----------------- Instantiating /home/travis/build/icyphy/ptII/ptolemy/actor/lib/test/auto/PublisherTestSubscriber.xml
3 ms. Memory: 533504K Free: 369655K (69%)
----------------- Invoking toplevel() on ptolemy.moml.MoMLSimpleApplication@8961238
----------------- Done invoking toplevel() on ptolemy.moml.MoMLSimpleApplication@8961238
reloadAllAccessors: .PublisherTestSubscriber

===========================================================================================
----------------- testing Sat Jun 22 04:47:11 UTC 2019 /home/travis/build/icyphy/ptII/ptolemy/actor/lib/test/auto/PublisherToplevelSubscriberPortAOC.xml
----------------- Instantiating /home/travis/build/icyphy/ptII/ptolemy/actor/lib/test/auto/PublisherToplevelSubscriberPortAOC.xml
2 ms. Memory: 533504K Free: 363511K (68%)
----------------- Invoking toplevel() on ptolemy.moml.MoMLSimpleApplication@4df5e95e
----------------- Done invoking toplevel() on ptolemy.moml.MoMLSimpleApplication@4df5e95e
reloadAllAccessors: .PublisherToplevelSubscriberPortAOC

===========================================================================================
----------------- testing Sat Jun 22 04:47:11 UTC 2019 /home/travis/build/icyphy/ptII/ptolemy/actor/lib/test/auto/PulseFiringLimitDE.xml
----------------- Instantiating /home/travis/build/icyphy/ptII/ptolemy/actor/lib/test/auto/PulseFiringLimitDE.xml
2 ms. Memory: 533504K Free: 357374K (67%)
----------------- Invoking toplevel() on ptolemy.moml.MoMLSimpleApplication@2f3aef86
----------------- Done invoking toplevel() on ptolemy.moml.MoMLSimpleApplication@2f3aef86
reloadAllAccessors: .PulseFiringLimitDE

===========================================================================================
----------------- testing Sat Jun 22 04:47:11 UTC 2019 /home/travis/build/icyphy/ptII/ptolemy/actor/lib/test/auto/Ramp1.xml
----------------- Instantiating /home/travis/build/icyphy/ptII/ptolemy/actor/lib/test/auto/Ramp1.xml
1 ms. Memory: 533504K Free: 353263K (66%)
----------------- Invoking toplevel() on ptolemy.moml.MoMLSimpleApplication@65e7e418
----------------- Done invoking toplevel() on ptolemy.moml.MoMLSimpleApplication@65e7e418
reloadAllAccessors: .Ramp1

===========================================================================================
----------------- testing Sat Jun 22 04:47:11 UTC 2019 /home/travis/build/icyphy/ptII/ptolemy/actor/lib/test/auto/RampFiringLimitDE.xml
----------------- Instantiating /home/travis/build/icyphy/ptII/ptolemy/actor/lib/test/auto/RampFiringLimitDE.xml
3 ms. Memory: 533504K Free: 347119K (65%)
----------------- Invoking toplevel() on ptolemy.moml.MoMLSimpleApplication@34205432
----------------- Done invoking toplevel() on ptolemy.moml.MoMLSimpleApplication@34205432
reloadAllAccessors: .RampFiringLimitDE

===========================================================================================
----------------- testing Sat Jun 22 04:47:11 UTC 2019 /home/travis/build/icyphy/ptII/ptolemy/actor/lib/test/auto/RampFiringLimitSDF.xml
----------------- Instantiating /home/travis/build/icyphy/ptII/ptolemy/actor/lib/test/auto/RampFiringLimitSDF.xml
1 ms. Memory: 533504K Free: 341504K (64%)
----------------- Invoking toplevel() on ptolemy.moml.MoMLSimpleApplication@7abc1ea5
----------------- Done invoking toplevel() on ptolemy.moml.MoMLSimpleApplication@7abc1ea5
reloadAllAccessors: .RampFiringLimitSDF

===========================================================================================
----------------- testing Sat Jun 22 04:47:11 UTC 2019 /home/travis/build/icyphy/ptII/ptolemy/actor/lib/test/auto/RandomInteger.xml
----------------- Instantiating /home/travis/build/icyphy/ptII/ptolemy/actor/lib/test/auto/RandomInteger.xml
1 ms. Memory: 533504K Free: 337408K (63%)
----------------- Invoking toplevel() on ptolemy.moml.MoMLSimpleApplication@75cbccec
----------------- Done invoking toplevel() on ptolemy.moml.MoMLSimpleApplication@75cbccec
reloadAllAccessors: .RandomInteger

===========================================================================================
----------------- testing Sat Jun 22 04:47:11 UTC 2019 /home/travis/build/icyphy/ptII/ptolemy/actor/lib/test/auto/ReadFile1.xml
----------------- Instantiating /home/travis/build/icyphy/ptII/ptolemy/actor/lib/test/auto/ReadFile1.xml
2 ms. Memory: 533504K Free: 332783K (62%)
----------------- Invoking toplevel() on ptolemy.moml.MoMLSimpleApplication@736f5890
----------------- Done invoking toplevel() on ptolemy.moml.MoMLSimpleApplication@736f5890
reloadAllAccessors: .ReadFile1

===========================================================================================
----------------- testing Sat Jun 22 04:47:11 UTC 2019 /home/travis/build/icyphy/ptII/ptolemy/actor/lib/test/auto/ReadFile2.xml
----------------- Instantiating /home/travis/build/icyphy/ptII/ptolemy/actor/lib/test/auto/ReadFile2.xml
1 ms. Memory: 533504K Free: 328702K (62%)
----------------- Invoking toplevel() on ptolemy.moml.MoMLSimpleApplication@1da3e6c9
----------------- Done invoking toplevel() on ptolemy.moml.MoMLSimpleApplication@1da3e6c9
reloadAllAccessors: .ReadFile2

===========================================================================================
----------------- testing Sat Jun 22 04:47:11 UTC 2019 /home/travis/build/icyphy/ptII/ptolemy/actor/lib/test/auto/Reader.xml
----------------- Instantiating /home/travis/build/icyphy/ptII/ptolemy/actor/lib/test/auto/Reader.xml
actor.lib.Reader is obsolete, use actor.lib.io.ExpressionReader instead
2 ms. Memory: 533504K Free: 324096K (61%)
----------------- Invoking toplevel() on ptolemy.moml.MoMLSimpleApplication@3b982117
----------------- Done invoking toplevel() on ptolemy.moml.MoMLSimpleApplication@3b982117
reloadAllAccessors: .Reader

===========================================================================================
----------------- testing Sat Jun 22 04:47:11 UTC 2019 /home/travis/build/icyphy/ptII/ptolemy/actor/lib/test/auto/RecordAssemblerDisplayNameTest.xml
----------------- Instantiating /home/travis/build/icyphy/ptII/ptolemy/actor/lib/test/auto/RecordAssemblerDisplayNameTest.xml
3660 ms. Memory: 533504K Free: 395515K (74%)
----------------- Invoking toplevel() on ptolemy.moml.MoMLSimpleApplication@29e076a9
----------------- Done invoking toplevel() on ptolemy.moml.MoMLSimpleApplication@29e076a9
reloadAllAccessors: .RecordAssemblerDisplayNameTest

===========================================================================================
----------------- testing Sat Jun 22 04:47:15 UTC 2019 /home/travis/build/icyphy/ptII/ptolemy/actor/lib/test/auto/RecordAssemblerTypeError.xml
----------------- Instantiating /home/travis/build/icyphy/ptII/ptolemy/actor/lib/test/auto/RecordAssemblerTypeError.xml
16 ms. Memory: 533504K Free: 385789K (72%)
----------------- Invoking toplevel() on ptolemy.moml.MoMLSimpleApplication@734faa5a
----------------- Done invoking toplevel() on ptolemy.moml.MoMLSimpleApplication@734faa5a
reloadAllAccessors: .RecordAssemblerTypeError

===========================================================================================
----------------- testing Sat Jun 22 04:47:15 UTC 2019 /home/travis/build/icyphy/ptII/ptolemy/actor/lib/test/auto/RecordDisassember.xml
----------------- Instantiating /home/travis/build/icyphy/ptII/ptolemy/actor/lib/test/auto/RecordDisassember.xml
4 ms. Memory: 533504K Free: 381165K (71%)
----------------- Invoking toplevel() on ptolemy.moml.MoMLSimpleApplication@2617a56c
----------------- Done invoking toplevel() on ptolemy.moml.MoMLSimpleApplication@2617a56c
reloadAllAccessors: .RecordDisassember

===========================================================================================
----------------- testing Sat Jun 22 04:47:15 UTC 2019 /home/travis/build/icyphy/ptII/ptolemy/actor/lib/test/auto/RecordDisassemberDisplayNameTest.xml
----------------- Instantiating /home/travis/build/icyphy/ptII/ptolemy/actor/lib/test/auto/RecordDisassemberDisplayNameTest.xml
6 ms. Memory: 533504K Free: 372987K (70%)
----------------- Invoking toplevel() on ptolemy.moml.MoMLSimpleApplication@3cdcbc5
----------------- Done invoking toplevel() on ptolemy.moml.MoMLSimpleApplication@3cdcbc5
reloadAllAccessors: .RecordDisassemberDisplayNameTest

===========================================================================================
----------------- testing Sat Jun 22 04:47:15 UTC 2019 /home/travis/build/icyphy/ptII/ptolemy/actor/lib/test/auto/RecordDisassembler.xml
----------------- Instantiating /home/travis/build/icyphy/ptII/ptolemy/actor/lib/test/auto/RecordDisassembler.xml
3 ms. Memory: 533504K Free: 367837K (69%)
----------------- Invoking toplevel() on ptolemy.moml.MoMLSimpleApplication@43d9abc4
----------------- Done invoking toplevel() on ptolemy.moml.MoMLSimpleApplication@43d9abc4
reloadAllAccessors: .RecordDisassembler

===========================================================================================
----------------- testing Sat Jun 22 04:47:15 UTC 2019 /home/travis/build/icyphy/ptII/ptolemy/actor/lib/test/auto/RecordDisassembler2.xml
----------------- Instantiating /home/travis/build/icyphy/ptII/ptolemy/actor/lib/test/auto/RecordDisassembler2.xml
2 ms. Memory: 533504K Free: 362237K (68%)
----------------- Invoking toplevel() on ptolemy.moml.MoMLSimpleApplication@5d38d684
----------------- Done invoking toplevel() on ptolemy.moml.MoMLSimpleApplication@5d38d684
reloadAllAccessors: .RecordDisassembler2

===========================================================================================
----------------- testing Sat Jun 22 04:47:15 UTC 2019 /home/travis/build/icyphy/ptII/ptolemy/actor/lib/test/auto/RecordUpdater.xml
----------------- Instantiating /home/travis/build/icyphy/ptII/ptolemy/actor/lib/test/auto/RecordUpdater.xml
2 ms. Memory: 533504K Free: 357117K (67%)
----------------- Invoking toplevel() on ptolemy.moml.MoMLSimpleApplication@38f7ad48
----------------- Done invoking toplevel() on ptolemy.moml.MoMLSimpleApplication@38f7ad48
reloadAllAccessors: .RecordUpdater

===========================================================================================
----------------- testing Sat Jun 22 04:47:15 UTC 2019 /home/travis/build/icyphy/ptII/ptolemy/actor/lib/test/auto/RecordUpdater2.xml
----------------- Instantiating /home/travis/build/icyphy/ptII/ptolemy/actor/lib/test/auto/RecordUpdater2.xml
2 ms. Memory: 533504K Free: 352507K (66%)
----------------- Invoking toplevel() on ptolemy.moml.MoMLSimpleApplication@6a2f18b1
----------------- Done invoking toplevel() on ptolemy.moml.MoMLSimpleApplication@6a2f18b1
reloadAllAccessors: .RecordUpdater2

===========================================================================================
----------------- testing Sat Jun 22 04:47:15 UTC 2019 /home/travis/build/icyphy/ptII/ptolemy/actor/lib/test/auto/RecursiveLattice.xml
----------------- Instantiating /home/travis/build/icyphy/ptII/ptolemy/actor/lib/test/auto/RecursiveLattice.xml
2 ms. Memory: 533504K Free: 348411K (65%)
----------------- Invoking toplevel() on ptolemy.moml.MoMLSimpleApplication@61a8cc49
----------------- Done invoking toplevel() on ptolemy.moml.MoMLSimpleApplication@61a8cc49
reloadAllAccessors: .RecursiveLattice

===========================================================================================
----------------- testing Sat Jun 22 04:47:15 UTC 2019 /home/travis/build/icyphy/ptII/ptolemy/actor/lib/test/auto/Router.xml
----------------- Instantiating /home/travis/build/icyphy/ptII/ptolemy/actor/lib/test/auto/Router.xml
3004 ms. Memory: 533504K Free: 337147K (63%)
----------------- Invoking toplevel() on ptolemy.moml.MoMLSimpleApplication@2652653d
----------------- Done invoking toplevel() on ptolemy.moml.MoMLSimpleApplication@2652653d
reloadAllAccessors: .Router

===========================================================================================
----------------- testing Sat Jun 22 04:47:18 UTC 2019 /home/travis/build/icyphy/ptII/ptolemy/actor/lib/test/auto/Router2.xml
----------------- Instantiating /home/travis/build/icyphy/ptII/ptolemy/actor/lib/test/auto/Router2.xml
3004 ms. Memory: 533504K Free: 326907K (61%)
----------------- Invoking toplevel() on ptolemy.moml.MoMLSimpleApplication@369096f
----------------- Done invoking toplevel() on ptolemy.moml.MoMLSimpleApplication@369096f
reloadAllAccessors: .Router2

===========================================================================================
----------------- testing Sat Jun 22 04:47:21 UTC 2019 /home/travis/build/icyphy/ptII/ptolemy/actor/lib/test/auto/RunningMaximum.xml
----------------- Instantiating /home/travis/build/icyphy/ptII/ptolemy/actor/lib/test/auto/RunningMaximum.xml
2 ms. Memory: 533504K Free: 322301K (60%)
----------------- Invoking toplevel() on ptolemy.moml.MoMLSimpleApplication@312cec9
----------------- Done invoking toplevel() on ptolemy.moml.MoMLSimpleApplication@312cec9
reloadAllAccessors: .RunningMaximum

===========================================================================================
----------------- testing Sat Jun 22 04:47:21 UTC 2019 /home/travis/build/icyphy/ptII/ptolemy/actor/lib/test/auto/RunningMinimum.xml
----------------- Instantiating /home/travis/build/icyphy/ptII/ptolemy/actor/lib/test/auto/RunningMinimum.xml
9 ms. Memory: 533504K Free: 317691K (60%)
----------------- Invoking toplevel() on ptolemy.moml.MoMLSimpleApplication@8c0fe39
----------------- Done invoking toplevel() on ptolemy.moml.MoMLSimpleApplication@8c0fe39
reloadAllAccessors: .RunningMinimum

===========================================================================================
----------------- testing Sat Jun 22 04:47:21 UTC 2019 /home/travis/build/icyphy/ptII/ptolemy/actor/lib/test/auto/Scale.xml
----------------- Instantiating /home/travis/build/icyphy/ptII/ptolemy/actor/lib/test/auto/Scale.xml
2 ms. Memory: 533504K Free: 313085K (59%)
----------------- Invoking toplevel() on ptolemy.moml.MoMLSimpleApplication@5c8b36d4
----------------- Done invoking toplevel() on ptolemy.moml.MoMLSimpleApplication@5c8b36d4
reloadAllAccessors: .Scale

===========================================================================================
----------------- testing Sat Jun 22 04:47:21 UTC 2019 /home/travis/build/icyphy/ptII/ptolemy/actor/lib/test/auto/Scale2.xml
----------------- Instantiating /home/travis/build/icyphy/ptII/ptolemy/actor/lib/test/auto/Scale2.xml
2 ms. Memory: 533504K Free: 308475K (58%)
----------------- Invoking toplevel() on ptolemy.moml.MoMLSimpleApplication@2e168d58
----------------- Done invoking toplevel() on ptolemy.moml.MoMLSimpleApplication@2e168d58
reloadAllAccessors: .Scale2

===========================================================================================
----------------- testing Sat Jun 22 04:47:21 UTC 2019 /home/travis/build/icyphy/ptII/ptolemy/actor/lib/test/auto/Scale3.xml
----------------- Instantiating /home/travis/build/icyphy/ptII/ptolemy/actor/lib/test/auto/Scale3.xml
4 ms. Memory: 533504K Free: 302331K (57%)
----------------- Invoking toplevel() on ptolemy.moml.MoMLSimpleApplication@2c38066c
----------------- Done invoking toplevel() on ptolemy.moml.MoMLSimpleApplication@2c38066c
reloadAllAccessors: .Scale3

===========================================================================================
----------------- testing Sat Jun 22 04:47:21 UTC 2019 /home/travis/build/icyphy/ptII/ptolemy/actor/lib/test/auto/ScaleArray.xml
----------------- Instantiating /home/travis/build/icyphy/ptII/ptolemy/actor/lib/test/auto/ScaleArray.xml
3 ms. Memory: 533504K Free: 297211K (56%)
----------------- Invoking toplevel() on ptolemy.moml.MoMLSimpleApplication@1163d1ff
----------------- Done invoking toplevel() on ptolemy.moml.MoMLSimpleApplication@1163d1ff
reloadAllAccessors: .ScaleArray

===========================================================================================
----------------- testing Sat Jun 22 04:47:21 UTC 2019 /home/travis/build/icyphy/ptII/ptolemy/actor/lib/test/auto/ScaleArray2.xml
----------------- Instantiating /home/travis/build/icyphy/ptII/ptolemy/actor/lib/test/auto/ScaleArray2.xml
1 ms. Memory: 533504K Free: 292605K (55%)
----------------- Invoking toplevel() on ptolemy.moml.MoMLSimpleApplication@4ded0f26
----------------- Done invoking toplevel() on ptolemy.moml.MoMLSimpleApplication@4ded0f26
reloadAllAccessors: .ScaleArray2

===========================================================================================
----------------- testing Sat Jun 22 04:47:21 UTC 2019 /home/travis/build/icyphy/ptII/ptolemy/actor/lib/test/auto/ScaleMatrix.xml
----------------- Instantiating /home/travis/build/icyphy/ptII/ptolemy/actor/lib/test/auto/ScaleMatrix.xml
242 ms. Memory: 533504K Free: 277755K (52%)
----------------- Invoking toplevel() on ptolemy.moml.MoMLSimpleApplication@400a32a1
----------------- Done invoking toplevel() on ptolemy.moml.MoMLSimpleApplication@400a32a1
reloadAllAccessors: .ScaleMatrix

===========================================================================================
----------------- testing Sat Jun 22 04:47:21 UTC 2019 /home/travis/build/icyphy/ptII/ptolemy/actor/lib/test/auto/Select.xml
----------------- Instantiating /home/travis/build/icyphy/ptII/ptolemy/actor/lib/test/auto/Select.xml
2 ms. Memory: 533504K Free: 271605K (51%)
----------------- Invoking toplevel() on ptolemy.moml.MoMLSimpleApplication@5cc4e6e8
----------------- Done invoking toplevel() on ptolemy.moml.MoMLSimpleApplication@5cc4e6e8
reloadAllAccessors: .Select

===========================================================================================
----------------- testing Sat Jun 22 04:47:21 UTC 2019 /home/travis/build/icyphy/ptII/ptolemy/actor/lib/test/auto/Select2.xml
----------------- Instantiating /home/travis/build/icyphy/ptII/ptolemy/actor/lib/test/auto/Select2.xml
1 ms. Memory: 533504K Free: 267005K (50%)
----------------- Invoking toplevel() on ptolemy.moml.MoMLSimpleApplication@4785eb5b
----------------- Done invoking toplevel() on ptolemy.moml.MoMLSimpleApplication@4785eb5b
reloadAllAccessors: .Select2

===========================================================================================
----------------- testing Sat Jun 22 04:47:21 UTC 2019 /home/travis/build/icyphy/ptII/ptolemy/actor/lib/test/auto/SequenceToArray2.xml
----------------- Instantiating /home/travis/build/icyphy/ptII/ptolemy/actor/lib/test/auto/SequenceToArray2.xml
97 ms. Memory: 533504K Free: 242429K (45%)
----------------- Invoking toplevel() on ptolemy.moml.MoMLSimpleApplication@4f68c637
----------------- Done invoking toplevel() on ptolemy.moml.MoMLSimpleApplication@4f68c637
reloadAllAccessors: .SequenceToArray2

===========================================================================================
----------------- testing Sat Jun 22 04:47:21 UTC 2019 /home/travis/build/icyphy/ptII/ptolemy/actor/lib/test/auto/SequentialClock.xml
----------------- Instantiating /home/travis/build/icyphy/ptII/ptolemy/actor/lib/test/auto/SequentialClock.xml
2 ms. Memory: 533504K Free: 238333K (45%)
----------------- Invoking toplevel() on ptolemy.moml.MoMLSimpleApplication@27cefea
----------------- Done invoking toplevel() on ptolemy.moml.MoMLSimpleApplication@27cefea
reloadAllAccessors: .SequentialClock

===========================================================================================
----------------- testing Sat Jun 22 04:47:21 UTC 2019 /home/travis/build/icyphy/ptII/ptolemy/actor/lib/test/auto/SetVariable.xml
----------------- Instantiating /home/travis/build/icyphy/ptII/ptolemy/actor/lib/test/auto/SetVariable.xml
8 ms. Memory: 533504K Free: 233723K (44%)
----------------- Invoking toplevel() on ptolemy.moml.MoMLSimpleApplication@6b93c2d6
----------------- Done invoking toplevel() on ptolemy.moml.MoMLSimpleApplication@6b93c2d6
reloadAllAccessors: .SetVariable

===========================================================================================
----------------- testing Sat Jun 22 04:47:21 UTC 2019 /home/travis/build/icyphy/ptII/ptolemy/actor/lib/test/auto/SetVariable2.xml
----------------- Instantiating /home/travis/build/icyphy/ptII/ptolemy/actor/lib/test/auto/SetVariable2.xml
3 ms. Memory: 533504K Free: 228093K (43%)
----------------- Invoking toplevel() on ptolemy.moml.MoMLSimpleApplication@3e909bee
----------------- Done invoking toplevel() on ptolemy.moml.MoMLSimpleApplication@3e909bee
reloadAllAccessors: .SetVariable2

===========================================================================================
----------------- testing Sat Jun 22 04:47:22 UTC 2019 /home/travis/build/icyphy/ptII/ptolemy/actor/lib/test/auto/SetVariable3.xml
----------------- Instantiating /home/travis/build/icyphy/ptII/ptolemy/actor/lib/test/auto/SetVariable3.xml
6 ms. Memory: 533504K Free: 222973K (42%)
----------------- Invoking toplevel() on ptolemy.moml.MoMLSimpleApplication@582cffb8
----------------- Done invoking toplevel() on ptolemy.moml.MoMLSimpleApplication@582cffb8
reloadAllAccessors: .SetVariable3

===========================================================================================
----------------- testing Sat Jun 22 04:47:22 UTC 2019 /home/travis/build/icyphy/ptII/ptolemy/actor/lib/test/auto/SetVariable4.xml
----------------- Instantiating /home/travis/build/icyphy/ptII/ptolemy/actor/lib/test/auto/SetVariable4.xml
16 ms. Memory: 533504K Free: 212733K (40%)
----------------- Invoking toplevel() on ptolemy.moml.MoMLSimpleApplication@3c111817
----------------- Done invoking toplevel() on ptolemy.moml.MoMLSimpleApplication@3c111817
reloadAllAccessors: .SetVariable4

===========================================================================================
----------------- testing Sat Jun 22 04:47:22 UTC 2019 /home/travis/build/icyphy/ptII/ptolemy/actor/lib/test/auto/SetVariable5.xml
----------------- Instantiating /home/travis/build/icyphy/ptII/ptolemy/actor/lib/test/auto/SetVariable5.xml
16 ms. Memory: 533504K Free: 203517K (38%)
----------------- Invoking toplevel() on ptolemy.moml.MoMLSimpleApplication@4f28158d
----------------- Done invoking toplevel() on ptolemy.moml.MoMLSimpleApplication@4f28158d
reloadAllAccessors: .SetVariable5

===========================================================================================
----------------- testing Sat Jun 22 04:47:22 UTC 2019 /home/travis/build/icyphy/ptII/ptolemy/actor/lib/test/auto/Sinewave.xml
----------------- Instantiating /home/travis/build/icyphy/ptII/ptolemy/actor/lib/test/auto/Sinewave.xml
5 ms. Memory: 533504K Free: 193277K (36%)
----------------- Invoking toplevel() on ptolemy.moml.MoMLSimpleApplication@1d714572
----------------- Done invoking toplevel() on ptolemy.moml.MoMLSimpleApplication@1d714572
reloadAllAccessors: .Sinewave

===========================================================================================
----------------- testing Sat Jun 22 04:47:22 UTC 2019 /home/travis/build/icyphy/ptII/ptolemy/actor/lib/test/auto/Sinewave2.xml
----------------- Instantiating /home/travis/build/icyphy/ptII/ptolemy/actor/lib/test/auto/Sinewave2.xml
5 ms. Memory: 533504K Free: 185085K (35%)
----------------- Invoking toplevel() on ptolemy.moml.MoMLSimpleApplication@675c04b1
----------------- Done invoking toplevel() on ptolemy.moml.MoMLSimpleApplication@675c04b1
reloadAllAccessors: .Sinewave2

===========================================================================================
----------------- testing Sat Jun 22 04:47:22 UTC 2019 /home/travis/build/icyphy/ptII/ptolemy/actor/lib/test/auto/Sinewave3.xml
----------------- Instantiating /home/travis/build/icyphy/ptII/ptolemy/actor/lib/test/auto/Sinewave3.xml
9 ms. Memory: 533504K Free: 176893K (33%)
----------------- Invoking toplevel() on ptolemy.moml.MoMLSimpleApplication@551f7450
----------------- Done invoking toplevel() on ptolemy.moml.MoMLSimpleApplication@551f7450
reloadAllAccessors: .Sinewave3

===========================================================================================
----------------- testing Sat Jun 22 04:47:22 UTC 2019 /home/travis/build/icyphy/ptII/ptolemy/actor/lib/test/auto/SingleEvent.xml
----------------- Instantiating /home/travis/build/icyphy/ptII/ptolemy/actor/lib/test/auto/SingleEvent.xml
1 ms. Memory: 533504K Free: 172283K (32%)
----------------- Invoking toplevel() on ptolemy.moml.MoMLSimpleApplication@25ce7044
----------------- Done invoking toplevel() on ptolemy.moml.MoMLSimpleApplication@25ce7044
reloadAllAccessors: .SingleEvent

===========================================================================================
----------------- testing Sat Jun 22 04:47:22 UTC 2019 /home/travis/build/icyphy/ptII/ptolemy/actor/lib/test/auto/Sleep.xml
----------------- Instantiating /home/travis/build/icyphy/ptII/ptolemy/actor/lib/test/auto/Sleep.xml
6005 ms. Memory: 533504K Free: 482572K (90%)
----------------- Invoking toplevel() on ptolemy.moml.MoMLSimpleApplication@3ee7c78a
----------------- Done invoking toplevel() on ptolemy.moml.MoMLSimpleApplication@3ee7c78a
reloadAllAccessors: .Sleep

===========================================================================================
----------------- testing Sat Jun 22 04:47:28 UTC 2019 /home/travis/build/icyphy/ptII/ptolemy/actor/lib/test/auto/SleepMultipleFire.xml
----------------- Instantiating /home/travis/build/icyphy/ptII/ptolemy/actor/lib/test/auto/SleepMultipleFire.xml
1012 ms. Memory: 533504K Free: 476428K (89%)
----------------- Invoking toplevel() on ptolemy.moml.MoMLSimpleApplication@7fe08ad1
----------------- Done invoking toplevel() on ptolemy.moml.MoMLSimpleApplication@7fe08ad1
reloadAllAccessors: .SleepMultipleFire

===========================================================================================
----------------- testing Sat Jun 22 04:47:29 UTC 2019 /home/travis/build/icyphy/ptII/ptolemy/actor/lib/test/auto/StopDE.xml
----------------- Instantiating /home/travis/build/icyphy/ptII/ptolemy/actor/lib/test/auto/StopDE.xml
6 ms. Memory: 533504K Free: 470794K (88%)
----------------- Invoking toplevel() on ptolemy.moml.MoMLSimpleApplication@5cfa841c
----------------- Done invoking toplevel() on ptolemy.moml.MoMLSimpleApplication@5cfa841c
reloadAllAccessors: .StopDE

===========================================================================================
----------------- testing Sat Jun 22 04:47:29 UTC 2019 /home/travis/build/icyphy/ptII/ptolemy/actor/lib/test/auto/StopSDF.xml
----------------- Instantiating /home/travis/build/icyphy/ptII/ptolemy/actor/lib/test/auto/StopSDF.xml
3 ms. Memory: 533504K Free: 465674K (87%)
----------------- Invoking toplevel() on ptolemy.moml.MoMLSimpleApplication@2e60b560
----------------- Done invoking toplevel() on ptolemy.moml.MoMLSimpleApplication@2e60b560
reloadAllAccessors: .StopSDF

===========================================================================================
----------------- testing Sat Jun 22 04:47:29 UTC 2019 /home/travis/build/icyphy/ptII/ptolemy/actor/lib/test/auto/StringConstant.xml
----------------- Instantiating /home/travis/build/icyphy/ptII/ptolemy/actor/lib/test/auto/StringConstant.xml
11 ms. Memory: 533504K Free: 461578K (87%)
----------------- Invoking toplevel() on ptolemy.moml.MoMLSimpleApplication@21a6f113
----------------- Done invoking toplevel() on ptolemy.moml.MoMLSimpleApplication@21a6f113
reloadAllAccessors: .StringConstant

===========================================================================================
----------------- testing Sat Jun 22 04:47:29 UTC 2019 /home/travis/build/icyphy/ptII/ptolemy/actor/lib/test/auto/SubscriberPortInitialValues1.xml
----------------- Instantiating /home/travis/build/icyphy/ptII/ptolemy/actor/lib/test/auto/SubscriberPortInitialValues1.xml
6 ms. Memory: 533504K Free: 452876K (85%)
----------------- Invoking toplevel() on ptolemy.moml.MoMLSimpleApplication@761f06f8
----------------- Done invoking toplevel() on ptolemy.moml.MoMLSimpleApplication@761f06f8
reloadAllAccessors: .SubscriberPortInitialValues1

===========================================================================================
----------------- testing Sat Jun 22 04:47:29 UTC 2019 /home/travis/build/icyphy/ptII/ptolemy/actor/lib/test/auto/SubscriberPortInitialValues13.xml
----------------- Instantiating /home/travis/build/icyphy/ptII/ptolemy/actor/lib/test/auto/SubscriberPortInitialValues13.xml
6 ms. Memory: 533504K Free: 440074K (82%)
----------------- Invoking toplevel() on ptolemy.moml.MoMLSimpleApplication@4bfee8b7
----------------- Done invoking toplevel() on ptolemy.moml.MoMLSimpleApplication@4bfee8b7
reloadAllAccessors: .SubscriberPortInitialValues13

===========================================================================================
----------------- testing Sat Jun 22 04:47:29 UTC 2019 /home/travis/build/icyphy/ptII/ptolemy/actor/lib/test/auto/SubscriberPortInitialValues14.xml
----------------- Instantiating /home/travis/build/icyphy/ptII/ptolemy/actor/lib/test/auto/SubscriberPortInitialValues14.xml
5 ms. Memory: 533504K Free: 431882K (81%)
----------------- Invoking toplevel() on ptolemy.moml.MoMLSimpleApplication@6bfb61a6
----------------- Done invoking toplevel() on ptolemy.moml.MoMLSimpleApplication@6bfb61a6
reloadAllAccessors: .SubscriberPortInitialValues14

===========================================================================================
----------------- testing Sat Jun 22 04:47:29 UTC 2019 /home/travis/build/icyphy/ptII/ptolemy/actor/lib/test/auto/SubscriberPortInitialValues2.xml
----------------- Instantiating /home/travis/build/icyphy/ptII/ptolemy/actor/lib/test/auto/SubscriberPortInitialValues2.xml
4 ms. Memory: 533504K Free: 424204K (80%)
----------------- Invoking toplevel() on ptolemy.moml.MoMLSimpleApplication@65ebf22
----------------- Done invoking toplevel() on ptolemy.moml.MoMLSimpleApplication@65ebf22
reloadAllAccessors: .SubscriberPortInitialValues2

===========================================================================================
----------------- testing Sat Jun 22 04:47:29 UTC 2019 /home/travis/build/icyphy/ptII/ptolemy/actor/lib/test/auto/SubscriberPortInitialValues3.xml
----------------- Instantiating /home/travis/build/icyphy/ptII/ptolemy/actor/lib/test/auto/SubscriberPortInitialValues3.xml
5 ms. Memory: 533504K Free: 413450K (77%)
----------------- Invoking toplevel() on ptolemy.moml.MoMLSimpleApplication@2c90c60
----------------- Done invoking toplevel() on ptolemy.moml.MoMLSimpleApplication@2c90c60
reloadAllAccessors: .SubscriberPortInitialValues3

===========================================================================================
----------------- testing Sat Jun 22 04:47:29 UTC 2019 /home/travis/build/icyphy/ptII/ptolemy/actor/lib/test/auto/SubscriptionAggregator.xml
----------------- Instantiating /home/travis/build/icyphy/ptII/ptolemy/actor/lib/test/auto/SubscriptionAggregator.xml
3 ms. Memory: 533504K Free: 406796K (76%)
----------------- Invoking toplevel() on ptolemy.moml.MoMLSimpleApplication@61075557
----------------- Done invoking toplevel() on ptolemy.moml.MoMLSimpleApplication@61075557
reloadAllAccessors: .SubscriptionAggregator

===========================================================================================
----------------- testing Sat Jun 22 04:47:29 UTC 2019 /home/travis/build/icyphy/ptII/ptolemy/actor/lib/test/auto/SubscriptionAggregator2.xml
----------------- Instantiating /home/travis/build/icyphy/ptII/ptolemy/actor/lib/test/auto/SubscriptionAggregator2.xml
3 ms. Memory: 533504K Free: 399628K (75%)
----------------- Invoking toplevel() on ptolemy.moml.MoMLSimpleApplication@3bfb0aeb
----------------- Done invoking toplevel() on ptolemy.moml.MoMLSimpleApplication@3bfb0aeb
reloadAllAccessors: .SubscriptionAggregator2

===========================================================================================
----------------- testing Sat Jun 22 04:47:29 UTC 2019 /home/travis/build/icyphy/ptII/ptolemy/actor/lib/test/auto/SubscriptionAggregator3.xml
----------------- Instantiating /home/travis/build/icyphy/ptII/ptolemy/actor/lib/test/auto/SubscriptionAggregator3.xml
4 ms. Memory: 533504K Free: 390412K (73%)
----------------- Invoking toplevel() on ptolemy.moml.MoMLSimpleApplication@60450fa4
----------------- Done invoking toplevel() on ptolemy.moml.MoMLSimpleApplication@60450fa4
reloadAllAccessors: .SubscriptionAggregator3

===========================================================================================
----------------- testing Sat Jun 22 04:47:29 UTC 2019 /home/travis/build/icyphy/ptII/ptolemy/actor/lib/test/auto/SubscriptionAggregatorMultiply.xml
----------------- Instantiating /home/travis/build/icyphy/ptII/ptolemy/actor/lib/test/auto/SubscriptionAggregatorMultiply.xml
15 ms. Memory: 533504K Free: 382220K (72%)
----------------- Invoking toplevel() on ptolemy.moml.MoMLSimpleApplication@4e898a03
----------------- Done invoking toplevel() on ptolemy.moml.MoMLSimpleApplication@4e898a03
reloadAllAccessors: .SubscriptionAggregatorMultiply

===========================================================================================
----------------- testing Sat Jun 22 04:47:29 UTC 2019 /home/travis/build/icyphy/ptII/ptolemy/actor/lib/test/auto/SubscriptionAggregatorPortMultiply1.xml
----------------- Instantiating /home/travis/build/icyphy/ptII/ptolemy/actor/lib/test/auto/SubscriptionAggregatorPortMultiply1.xml
3 ms. Memory: 533504K Free: 374028K (70%)
----------------- Invoking toplevel() on ptolemy.moml.MoMLSimpleApplication@55f57bd7
----------------- Done invoking toplevel() on ptolemy.moml.MoMLSimpleApplication@55f57bd7
reloadAllAccessors: .SubscriptionAggregatorPortMultiply1

===========================================================================================
----------------- testing Sat Jun 22 04:47:29 UTC 2019 /home/travis/build/icyphy/ptII/ptolemy/actor/lib/test/auto/Switch.xml
----------------- Instantiating /home/travis/build/icyphy/ptII/ptolemy/actor/lib/test/auto/Switch.xml
7 ms. Memory: 533504K Free: 365836K (69%)
----------------- Invoking toplevel() on ptolemy.moml.MoMLSimpleApplication@60a7babc
----------------- Done invoking toplevel() on ptolemy.moml.MoMLSimpleApplication@60a7babc
reloadAllAccessors: .Switch

===========================================================================================
----------------- testing Sat Jun 22 04:47:29 UTC 2019 /home/travis/build/icyphy/ptII/ptolemy/actor/lib/test/auto/Switch2.xml
----------------- Instantiating /home/travis/build/icyphy/ptII/ptolemy/actor/lib/test/auto/Switch2.xml
1 ms. Memory: 533504K Free: 361226K (68%)
----------------- Invoking toplevel() on ptolemy.moml.MoMLSimpleApplication@39c4d9f8
----------------- Done invoking toplevel() on ptolemy.moml.MoMLSimpleApplication@39c4d9f8
reloadAllAccessors: .Switch2

===========================================================================================
----------------- testing Sat Jun 22 04:47:29 UTC 2019 /home/travis/build/icyphy/ptII/ptolemy/actor/lib/test/auto/SwitchDE.xml
----------------- Instantiating /home/travis/build/icyphy/ptII/ptolemy/actor/lib/test/auto/SwitchDE.xml
2 ms. Memory: 533504K Free: 354572K (66%)
----------------- Invoking toplevel() on ptolemy.moml.MoMLSimpleApplication@6e5814ad
----------------- Done invoking toplevel() on ptolemy.moml.MoMLSimpleApplication@6e5814ad
reloadAllAccessors: .SwitchDE

===========================================================================================
----------------- testing Sat Jun 22 04:47:29 UTC 2019 /home/travis/build/icyphy/ptII/ptolemy/actor/lib/test/auto/SynchronizerDE.xml
----------------- Instantiating /home/travis/build/icyphy/ptII/ptolemy/actor/lib/test/auto/SynchronizerDE.xml
8 ms. Memory: 533504K Free: 346380K (65%)
----------------- Invoking toplevel() on ptolemy.moml.MoMLSimpleApplication@3ea350e
----------------- Done invoking toplevel() on ptolemy.moml.MoMLSimpleApplication@3ea350e
reloadAllAccessors: .SynchronizerDE

===========================================================================================
----------------- testing Sat Jun 22 04:47:29 UTC 2019 /home/travis/build/icyphy/ptII/ptolemy/actor/lib/test/auto/Test.xml
----------------- Instantiating /home/travis/build/icyphy/ptII/ptolemy/actor/lib/test/auto/Test.xml
11 ms. Memory: 533504K Free: 341260K (64%)
----------------- Invoking toplevel() on ptolemy.moml.MoMLSimpleApplication@13749db4
----------------- Done invoking toplevel() on ptolemy.moml.MoMLSimpleApplication@13749db4
reloadAllAccessors: .Test

===========================================================================================
----------------- testing Sat Jun 22 04:47:29 UTC 2019 /home/travis/build/icyphy/ptII/ptolemy/actor/lib/test/auto/TestExceptionAttribute1.xml
----------------- Instantiating /home/travis/build/icyphy/ptII/ptolemy/actor/lib/test/auto/TestExceptionAttribute1.xml
1 ms. Memory: 533504K Free: 337674K (63%)
----------------- Invoking toplevel() on ptolemy.moml.MoMLSimpleApplication@546d701b
----------------- Done invoking toplevel() on ptolemy.moml.MoMLSimpleApplication@546d701b
reloadAllAccessors: .TestExceptionAttribute1

===========================================================================================
----------------- testing Sat Jun 22 04:47:29 UTC 2019 /home/travis/build/icyphy/ptII/ptolemy/actor/lib/test/auto/TestExceptionAttribute2.xml
----------------- Instantiating /home/travis/build/icyphy/ptII/ptolemy/actor/lib/test/auto/TestExceptionAttribute2.xml
2 ms. Memory: 533504K Free: 334092K (63%)
----------------- Invoking toplevel() on ptolemy.moml.MoMLSimpleApplication@42712e32
----------------- Done invoking toplevel() on ptolemy.moml.MoMLSimpleApplication@42712e32
reloadAllAccessors: .TestExceptionAttribute2

===========================================================================================
----------------- testing Sat Jun 22 04:47:29 UTC 2019 /home/travis/build/icyphy/ptII/ptolemy/actor/lib/test/auto/TestExceptionAttribute3.xml
----------------- Instantiating /home/travis/build/icyphy/ptII/ptolemy/actor/lib/test/auto/TestExceptionAttribute3.xml
.TestExceptionAttribute3.TestExceptionAttribute: initialize() was not invoked, but wrapup() was.  This is unusual, but not always a problem.  For example, exporting JNLP will do this.
0 ms. Memory: 533504K Free: 329996K (62%)
----------------- Invoking toplevel() on ptolemy.moml.MoMLSimpleApplication@1b8e63d9
----------------- Done invoking toplevel() on ptolemy.moml.MoMLSimpleApplication@1b8e63d9
reloadAllAccessors: .TestExceptionAttribute3

===========================================================================================
----------------- testing Sat Jun 22 04:47:29 UTC 2019 /home/travis/build/icyphy/ptII/ptolemy/actor/lib/test/auto/TestExceptionAttribute4.xml
----------------- Instantiating /home/travis/build/icyphy/ptII/ptolemy/actor/lib/test/auto/TestExceptionAttribute4.xml
.TestExceptionAttribute4.TestExceptionAttribute: initialize() was not invoked, but wrapup() was.  This is unusual, but not always a problem.  For example, exporting JNLP will do this.
.TestExceptionAttribute4.TestExceptionAttribute2: initialize() was not invoked, but wrapup() was.  This is unusual, but not always a problem.  For example, exporting JNLP will do this.
1 ms. Memory: 533504K Free: 325900K (61%)
----------------- Invoking toplevel() on ptolemy.moml.MoMLSimpleApplication@9fc2f8f
----------------- Done invoking toplevel() on ptolemy.moml.MoMLSimpleApplication@9fc2f8f
reloadAllAccessors: .TestExceptionAttribute4

===========================================================================================
----------------- testing Sat Jun 22 04:47:29 UTC 2019 /home/travis/build/icyphy/ptII/ptolemy/actor/lib/test/auto/TestExceptionHandler1.xml
----------------- Instantiating /home/travis/build/icyphy/ptII/ptolemy/actor/lib/test/auto/TestExceptionHandler1.xml
1 ms. Memory: 533504K Free: 322314K (60%)
----------------- Invoking toplevel() on ptolemy.moml.MoMLSimpleApplication@2b865d68
----------------- Done invoking toplevel() on ptolemy.moml.MoMLSimpleApplication@2b865d68
reloadAllAccessors: .TestExceptionHandler1

===========================================================================================
----------------- testing Sat Jun 22 04:47:29 UTC 2019 /home/travis/build/icyphy/ptII/ptolemy/actor/lib/test/auto/TestExceptionHandler2.xml
----------------- Instantiating /home/travis/build/icyphy/ptII/ptolemy/actor/lib/test/auto/TestExceptionHandler2.xml
2 ms. Memory: 533504K Free: 318732K (60%)
----------------- Invoking toplevel() on ptolemy.moml.MoMLSimpleApplication@49e54b49
----------------- Done invoking toplevel() on ptolemy.moml.MoMLSimpleApplication@49e54b49
reloadAllAccessors: .TestExceptionHandler2

===========================================================================================
----------------- testing Sat Jun 22 04:47:29 UTC 2019 /home/travis/build/icyphy/ptII/ptolemy/actor/lib/test/auto/TestExceptionHandler3.xml
----------------- Instantiating /home/travis/build/icyphy/ptII/ptolemy/actor/lib/test/auto/TestExceptionHandler3.xml
0 ms. Memory: 533504K Free: 315146K (59%)
----------------- Invoking toplevel() on ptolemy.moml.MoMLSimpleApplication@3e5b2020
----------------- Done invoking toplevel() on ptolemy.moml.MoMLSimpleApplication@3e5b2020
reloadAllAccessors: .TestExceptionHandler3

===========================================================================================
----------------- testing Sat Jun 22 04:47:29 UTC 2019 /home/travis/build/icyphy/ptII/ptolemy/actor/lib/test/auto/TestExceptionHandler4.xml
----------------- Instantiating /home/travis/build/icyphy/ptII/ptolemy/actor/lib/test/auto/TestExceptionHandler4.xml
0 ms. Memory: 533504K Free: 309516K (58%)
----------------- Invoking toplevel() on ptolemy.moml.MoMLSimpleApplication@2b147cd4
----------------- Done invoking toplevel() on ptolemy.moml.MoMLSimpleApplication@2b147cd4
reloadAllAccessors: .TestExceptionHandler4

===========================================================================================
----------------- testing Sat Jun 22 04:47:29 UTC 2019 /home/travis/build/icyphy/ptII/ptolemy/actor/lib/test/auto/TestRequireCorrectOrder.xml
----------------- Instantiating /home/travis/build/icyphy/ptII/ptolemy/actor/lib/test/auto/TestRequireCorrectOrder.xml
2 ms. Memory: 533504K Free: 304396K (57%)
----------------- Invoking toplevel() on ptolemy.moml.MoMLSimpleApplication@464cb25b
----------------- Done invoking toplevel() on ptolemy.moml.MoMLSimpleApplication@464cb25b
reloadAllAccessors: .TestRequireCorrectOrder

===========================================================================================
----------------- testing Sat Jun 22 04:47:29 UTC 2019 /home/travis/build/icyphy/ptII/ptolemy/actor/lib/test/auto/TestSimple.xml
----------------- Instantiating /home/travis/build/icyphy/ptII/ptolemy/actor/lib/test/auto/TestSimple.xml
6 ms. Memory: 533504K Free: 299780K (56%)
----------------- Invoking toplevel() on ptolemy.moml.MoMLSimpleApplication@65cae224
----------------- Done invoking toplevel() on ptolemy.moml.MoMLSimpleApplication@65cae224
reloadAllAccessors: .TestSimple

===========================================================================================
----------------- testing Sat Jun 22 04:47:29 UTC 2019 /home/travis/build/icyphy/ptII/ptolemy/actor/lib/test/auto/ThrowModelError.xml
----------------- Instantiating /home/travis/build/icyphy/ptII/ptolemy/actor/lib/test/auto/ThrowModelError.xml
1 ms. Memory: 533504K Free: 295180K (55%)
----------------- Invoking toplevel() on ptolemy.moml.MoMLSimpleApplication@148a5bb4
----------------- Done invoking toplevel() on ptolemy.moml.MoMLSimpleApplication@148a5bb4
reloadAllAccessors: .ThrowModelError

===========================================================================================
----------------- testing Sat Jun 22 04:47:29 UTC 2019 /home/travis/build/icyphy/ptII/ptolemy/actor/lib/test/auto/TimeDelayMicrosteps.xml
----------------- Instantiating /home/travis/build/icyphy/ptII/ptolemy/actor/lib/test/auto/TimeDelayMicrosteps.xml
3 ms. Memory: 533504K Free: 288012K (54%)
----------------- Invoking toplevel() on ptolemy.moml.MoMLSimpleApplication@2eeb244b
----------------- Done invoking toplevel() on ptolemy.moml.MoMLSimpleApplication@2eeb244b
reloadAllAccessors: .TimeDelayMicrosteps

===========================================================================================
----------------- testing Sat Jun 22 04:47:29 UTC 2019 /home/travis/build/icyphy/ptII/ptolemy/actor/lib/test/auto/TimeDelayMicrosteps2.xml
----------------- Instantiating /home/travis/build/icyphy/ptII/ptolemy/actor/lib/test/auto/TimeDelayMicrosteps2.xml
4 ms. Memory: 533504K Free: 280844K (53%)
----------------- Invoking toplevel() on ptolemy.moml.MoMLSimpleApplication@626c43ff
----------------- Done invoking toplevel() on ptolemy.moml.MoMLSimpleApplication@626c43ff
reloadAllAccessors: .TimeDelayMicrosteps2

===========================================================================================
----------------- testing Sat Jun 22 04:47:29 UTC 2019 /home/travis/build/icyphy/ptII/ptolemy/actor/lib/test/auto/TimeDelayMicrosteps3.xml
----------------- Instantiating /home/travis/build/icyphy/ptII/ptolemy/actor/lib/test/auto/TimeDelayMicrosteps3.xml
3 ms. Memory: 533504K Free: 274172K (51%)
----------------- Invoking toplevel() on ptolemy.moml.MoMLSimpleApplication@7c9b82cf
----------------- Done invoking toplevel() on ptolemy.moml.MoMLSimpleApplication@7c9b82cf
reloadAllAccessors: .TimeDelayMicrosteps3

===========================================================================================
----------------- testing Sat Jun 22 04:47:29 UTC 2019 /home/travis/build/icyphy/ptII/ptolemy/actor/lib/test/auto/TimeDelayVariableMicrosteps.xml
----------------- Instantiating /home/travis/build/icyphy/ptII/ptolemy/actor/lib/test/auto/TimeDelayVariableMicrosteps.xml
3 ms. Memory: 533504K Free: 267532K (50%)
----------------- Invoking toplevel() on ptolemy.moml.MoMLSimpleApplication@712b4085
----------------- Done invoking toplevel() on ptolemy.moml.MoMLSimpleApplication@712b4085
reloadAllAccessors: .TimeDelayVariableMicrosteps

===========================================================================================
----------------- testing Sat Jun 22 04:47:29 UTC 2019 /home/travis/build/icyphy/ptII/ptolemy/actor/lib/test/auto/TimeGap.xml
----------------- Instantiating /home/travis/build/icyphy/ptII/ptolemy/actor/lib/test/auto/TimeGap.xml
3 ms. Memory: 533504K Free: 261892K (49%)
----------------- Invoking toplevel() on ptolemy.moml.MoMLSimpleApplication@4caf377c
----------------- Done invoking toplevel() on ptolemy.moml.MoMLSimpleApplication@4caf377c
reloadAllAccessors: .TimeGap

===========================================================================================
----------------- testing Sat Jun 22 04:47:29 UTC 2019 /home/travis/build/icyphy/ptII/ptolemy/actor/lib/test/auto/TimeGap2.xml
----------------- Instantiating /home/travis/build/icyphy/ptII/ptolemy/actor/lib/test/auto/TimeGap2.xml
2 ms. Memory: 533504K Free: 256268K (48%)
----------------- Invoking toplevel() on ptolemy.moml.MoMLSimpleApplication@455c1388
----------------- Done invoking toplevel() on ptolemy.moml.MoMLSimpleApplication@455c1388
reloadAllAccessors: .TimeGap2

===========================================================================================
----------------- testing Sat Jun 22 04:47:29 UTC 2019 /home/travis/build/icyphy/ptII/ptolemy/actor/lib/test/auto/TimedSinewave.xml
----------------- Instantiating /home/travis/build/icyphy/ptII/ptolemy/actor/lib/test/auto/TimedSinewave.xml
28 ms. Memory: 533504K Free: 242442K (45%)
----------------- Invoking toplevel() on ptolemy.moml.MoMLSimpleApplication@14cf608c
----------------- Done invoking toplevel() on ptolemy.moml.MoMLSimpleApplication@14cf608c
reloadAllAccessors: .TimedSinewave

===========================================================================================
----------------- testing Sat Jun 22 04:47:29 UTC 2019 /home/travis/build/icyphy/ptII/ptolemy/actor/lib/test/auto/TimedSinewavePhase.xml
----------------- Instantiating /home/travis/build/icyphy/ptII/ptolemy/actor/lib/test/auto/TimedSinewavePhase.xml
9 ms. Memory: 533504K Free: 232716K (44%)
----------------- Invoking toplevel() on ptolemy.moml.MoMLSimpleApplication@25416490
----------------- Done invoking toplevel() on ptolemy.moml.MoMLSimpleApplication@25416490
reloadAllAccessors: .TimedSinewavePhase

===========================================================================================
----------------- testing Sat Jun 22 04:47:29 UTC 2019 /home/travis/build/icyphy/ptII/ptolemy/actor/lib/test/auto/Timer.xml
----------------- Instantiating /home/travis/build/icyphy/ptII/ptolemy/actor/lib/test/auto/Timer.xml
2 ms. Memory: 533504K Free: 226572K (42%)
----------------- Invoking toplevel() on ptolemy.moml.MoMLSimpleApplication@320647a7
----------------- Done invoking toplevel() on ptolemy.moml.MoMLSimpleApplication@320647a7
reloadAllAccessors: .Timer

===========================================================================================
----------------- testing Sat Jun 22 04:47:29 UTC 2019 /home/travis/build/icyphy/ptII/ptolemy/actor/lib/test/auto/TriangularDistTestModel.xml
----------------- Instantiating /home/travis/build/icyphy/ptII/ptolemy/actor/lib/test/auto/TriangularDistTestModel.xml
2 ms. Memory: 533504K Free: 220908K (41%)
----------------- Invoking toplevel() on ptolemy.moml.MoMLSimpleApplication@2f1baec7
----------------- Done invoking toplevel() on ptolemy.moml.MoMLSimpleApplication@2f1baec7
reloadAllAccessors: .TriangularDistTestModel

===========================================================================================
----------------- testing Sat Jun 22 04:47:30 UTC 2019 /home/travis/build/icyphy/ptII/ptolemy/actor/lib/test/auto/TrigFunction.xml
----------------- Instantiating /home/travis/build/icyphy/ptII/ptolemy/actor/lib/test/auto/TrigFunction.xml
2 ms. Memory: 533504K Free: 216332K (41%)
----------------- Invoking toplevel() on ptolemy.moml.MoMLSimpleApplication@3fb68695
----------------- Done invoking toplevel() on ptolemy.moml.MoMLSimpleApplication@3fb68695
reloadAllAccessors: .TrigFunction

===========================================================================================
----------------- testing Sat Jun 22 04:47:30 UTC 2019 /home/travis/build/icyphy/ptII/ptolemy/actor/lib/test/auto/TrigFunctionDE.xml
----------------- Instantiating /home/travis/build/icyphy/ptII/ptolemy/actor/lib/test/auto/TrigFunctionDE.xml
2 ms. Memory: 533504K Free: 210684K (39%)
----------------- Invoking toplevel() on ptolemy.moml.MoMLSimpleApplication@100e28c9
----------------- Done invoking toplevel() on ptolemy.moml.MoMLSimpleApplication@100e28c9
reloadAllAccessors: .TrigFunctionDE

===========================================================================================
----------------- testing Sat Jun 22 04:47:30 UTC 2019 /home/travis/build/icyphy/ptII/ptolemy/actor/lib/test/auto/TrigFunctionInverse.xml
----------------- Instantiating /home/travis/build/icyphy/ptII/ptolemy/actor/lib/test/auto/TrigFunctionInverse.xml
3 ms. Memory: 533504K Free: 205068K (38%)
----------------- Invoking toplevel() on ptolemy.moml.MoMLSimpleApplication@2b79b65
----------------- Done invoking toplevel() on ptolemy.moml.MoMLSimpleApplication@2b79b65
reloadAllAccessors: .TrigFunctionInverse

===========================================================================================
----------------- testing Sat Jun 22 04:47:30 UTC 2019 /home/travis/build/icyphy/ptII/ptolemy/actor/lib/test/auto/TrigFunctionTan.xml
----------------- Instantiating /home/travis/build/icyphy/ptII/ptolemy/actor/lib/test/auto/TrigFunctionTan.xml
2 ms. Memory: 533504K Free: 200972K (38%)
----------------- Invoking toplevel() on ptolemy.moml.MoMLSimpleApplication@54773973
----------------- Done invoking toplevel() on ptolemy.moml.MoMLSimpleApplication@54773973
reloadAllAccessors: .TrigFunctionTan

===========================================================================================
----------------- testing Sat Jun 22 04:47:30 UTC 2019 /home/travis/build/icyphy/ptII/ptolemy/actor/lib/test/auto/TriggeredClock.xml
----------------- Instantiating /home/travis/build/icyphy/ptII/ptolemy/actor/lib/test/auto/TriggeredClock.xml
1 ms. Memory: 533504K Free: 195852K (37%)
----------------- Invoking toplevel() on ptolemy.moml.MoMLSimpleApplication@47370173
----------------- Done invoking toplevel() on ptolemy.moml.MoMLSimpleApplication@47370173
reloadAllAccessors: .TriggeredClock

===========================================================================================
----------------- testing Sat Jun 22 04:47:30 UTC 2019 /home/travis/build/icyphy/ptII/ptolemy/actor/lib/test/auto/URLDirectoryReader.xml
----------------- Instantiating /home/travis/build/icyphy/ptII/ptolemy/actor/lib/test/auto/URLDirectoryReader.xml
36 ms. Memory: 533504K Free: 186122K (35%)
----------------- Invoking toplevel() on ptolemy.moml.MoMLSimpleApplication@7786917b
----------------- Done invoking toplevel() on ptolemy.moml.MoMLSimpleApplication@7786917b
reloadAllAccessors: .URLDirectoryReader

===========================================================================================
----------------- testing Sat Jun 22 04:47:30 UTC 2019 /home/travis/build/icyphy/ptII/ptolemy/actor/lib/test/auto/URLDirectoryReader3.xml
----------------- Instantiating /home/travis/build/icyphy/ptII/ptolemy/actor/lib/test/auto/URLDirectoryReader3.xml
1134 ms. Memory: 533504K Free: 476299K (89%)
----------------- Invoking toplevel() on ptolemy.moml.MoMLSimpleApplication@6f325f66
----------------- Done invoking toplevel() on ptolemy.moml.MoMLSimpleApplication@6f325f66
reloadAllAccessors: .URLDirectoryReader3

===========================================================================================
----------------- testing Sat Jun 22 04:47:31 UTC 2019 /home/travis/build/icyphy/ptII/ptolemy/actor/lib/test/auto/UnaryMathFunction.xml
----------------- Instantiating /home/travis/build/icyphy/ptII/ptolemy/actor/lib/test/auto/UnaryMathFunction.xml
2 ms. Memory: 533504K Free: 468480K (88%)
----------------- Invoking toplevel() on ptolemy.moml.MoMLSimpleApplication@357e766d
----------------- Done invoking toplevel() on ptolemy.moml.MoMLSimpleApplication@357e766d
reloadAllAccessors: .UnaryMathFunction

===========================================================================================
----------------- testing Sat Jun 22 04:47:31 UTC 2019 /home/travis/build/icyphy/ptII/ptolemy/actor/lib/test/auto/Uniform.xml
----------------- Instantiating /home/travis/build/icyphy/ptII/ptolemy/actor/lib/test/auto/Uniform.xml
1 ms. Memory: 533504K Free: 463863K (87%)
----------------- Invoking toplevel() on ptolemy.moml.MoMLSimpleApplication@15fe05ed
----------------- Done invoking toplevel() on ptolemy.moml.MoMLSimpleApplication@15fe05ed
reloadAllAccessors: .Uniform

===========================================================================================
----------------- testing Sat Jun 22 04:47:31 UTC 2019 /home/travis/build/icyphy/ptII/ptolemy/actor/lib/test/auto/UnionDisassemblerTest.xml
----------------- Instantiating /home/travis/build/icyphy/ptII/ptolemy/actor/lib/test/auto/UnionDisassemblerTest.xml
17 ms. Memory: 533504K Free: 459774K (86%)
----------------- Invoking toplevel() on ptolemy.moml.MoMLSimpleApplication@ab63592
----------------- Done invoking toplevel() on ptolemy.moml.MoMLSimpleApplication@ab63592
reloadAllAccessors: .UnionDisassemblerTest

===========================================================================================
----------------- testing Sat Jun 22 04:47:31 UTC 2019 /home/travis/build/icyphy/ptII/ptolemy/actor/lib/test/auto/UtilityFunctions.xml
----------------- Instantiating /home/travis/build/icyphy/ptII/ptolemy/actor/lib/test/auto/UtilityFunctions.xml
2 ms. Memory: 533504K Free: 455678K (85%)
----------------- Invoking toplevel() on ptolemy.moml.MoMLSimpleApplication@6956c85e
----------------- Done invoking toplevel() on ptolemy.moml.MoMLSimpleApplication@6956c85e
reloadAllAccessors: .UtilityFunctions

===========================================================================================
----------------- testing Sat Jun 22 04:47:31 UTC 2019 /home/travis/build/icyphy/ptII/ptolemy/actor/lib/test/auto/VariableSleep.xml
----------------- Instantiating /home/travis/build/icyphy/ptII/ptolemy/actor/lib/test/auto/VariableSleep.xml
503 ms. Memory: 533504K Free: 450558K (84%)
----------------- Invoking toplevel() on ptolemy.moml.MoMLSimpleApplication@196cf35f
----------------- Done invoking toplevel() on ptolemy.moml.MoMLSimpleApplication@196cf35f
reloadAllAccessors: .VariableSleep

===========================================================================================
----------------- testing Sat Jun 22 04:47:32 UTC 2019 /home/travis/build/icyphy/ptII/ptolemy/actor/lib/test/auto/VectorAssemblerDisassemblerCT.xml
----------------- Instantiating /home/travis/build/icyphy/ptII/ptolemy/actor/lib/test/auto/VectorAssemblerDisassemblerCT.xml
159 ms. Memory: 533504K Free: 430592K (81%)
----------------- Invoking toplevel() on ptolemy.moml.MoMLSimpleApplication@6ae084eb
----------------- Done invoking toplevel() on ptolemy.moml.MoMLSimpleApplication@6ae084eb
reloadAllAccessors: .VectorAssemblerDisassemblerCT

===========================================================================================
----------------- testing Sat Jun 22 04:47:32 UTC 2019 /home/travis/build/icyphy/ptII/ptolemy/actor/lib/test/auto/VectorAssemblerDisassemblerDE.xml
----------------- Instantiating /home/travis/build/icyphy/ptII/ptolemy/actor/lib/test/auto/VectorAssemblerDisassemblerDE.xml
3 ms. Memory: 533504K Free: 423424K (79%)
----------------- Invoking toplevel() on ptolemy.moml.MoMLSimpleApplication@20eb1585
----------------- Done invoking toplevel() on ptolemy.moml.MoMLSimpleApplication@20eb1585
reloadAllAccessors: .VectorAssemblerDisassemblerDE

===========================================================================================
----------------- testing Sat Jun 22 04:47:32 UTC 2019 /home/travis/build/icyphy/ptII/ptolemy/actor/lib/test/auto/VectorAssemblerDisassemblerSDF.xml
----------------- Instantiating /home/travis/build/icyphy/ptII/ptolemy/actor/lib/test/auto/VectorAssemblerDisassemblerSDF.xml
3 ms. Memory: 533504K Free: 417280K (78%)
----------------- Invoking toplevel() on ptolemy.moml.MoMLSimpleApplication@4e502069
----------------- Done invoking toplevel() on ptolemy.moml.MoMLSimpleApplication@4e502069
reloadAllAccessors: .VectorAssemblerDisassemblerSDF

===========================================================================================
----------------- testing Sat Jun 22 04:47:32 UTC 2019 /home/travis/build/icyphy/ptII/ptolemy/actor/lib/test/auto/WallClockTime.xml
----------------- Instantiating /home/travis/build/icyphy/ptII/ptolemy/actor/lib/test/auto/WallClockTime.xml
1005 ms. Memory: 533504K Free: 411643K (77%)
----------------- Invoking toplevel() on ptolemy.moml.MoMLSimpleApplication@71d4a937
----------------- Done invoking toplevel() on ptolemy.moml.MoMLSimpleApplication@71d4a937
reloadAllAccessors: .WallClockTime

===========================================================================================
----------------- testing Sat Jun 22 04:47:33 UTC 2019 /home/travis/build/icyphy/ptII/ptolemy/actor/lib/test/auto/WidthTestWithSubscriberPublisher.xml
----------------- Instantiating /home/travis/build/icyphy/ptII/ptolemy/actor/lib/test/auto/WidthTestWithSubscriberPublisher.xml
7 ms. Memory: 533504K Free: 394238K (74%)
----------------- Invoking toplevel() on ptolemy.moml.MoMLSimpleApplication@65e08d6e
----------------- Done invoking toplevel() on ptolemy.moml.MoMLSimpleApplication@65e08d6e
reloadAllAccessors: .WidthTestWithSubscriberPublisher

===========================================================================================
----------------- testing Sat Jun 22 04:47:33 UTC 2019 /home/travis/build/icyphy/ptII/ptolemy/actor/lib/test/auto/WidthTestWithSubscriberPublisher2.xml
----------------- Instantiating /home/travis/build/icyphy/ptII/ptolemy/actor/lib/test/auto/WidthTestWithSubscriberPublisher2.xml
2 ms. Memory: 533504K Free: 388094K (73%)
----------------- Invoking toplevel() on ptolemy.moml.MoMLSimpleApplication@5918db2c
----------------- Done invoking toplevel() on ptolemy.moml.MoMLSimpleApplication@5918db2c
reloadAllAccessors: .WidthTestWithSubscriberPublisher2

===========================================================================================
----------------- testing Sat Jun 22 04:47:33 UTC 2019 /home/travis/build/icyphy/ptII/ptolemy/actor/lib/test/auto/WidthTestWithSubscriberPublisher3.xml
----------------- Instantiating /home/travis/build/icyphy/ptII/ptolemy/actor/lib/test/auto/WidthTestWithSubscriberPublisher3.xml
2 ms. Memory: 533504K Free: 381950K (72%)
----------------- Invoking toplevel() on ptolemy.moml.MoMLSimpleApplication@145afac7
----------------- Done invoking toplevel() on ptolemy.moml.MoMLSimpleApplication@145afac7
reloadAllAccessors: .WidthTestWithSubscriberPublisher3

===========================================================================================
----------------- testing Sat Jun 22 04:47:33 UTC 2019 /home/travis/build/icyphy/ptII/ptolemy/actor/lib/test/auto/Writer.xml
----------------- Instantiating /home/travis/build/icyphy/ptII/ptolemy/actor/lib/test/auto/Writer.xml
0
1
2
3
4
1 ms. Memory: 533504K Free: 377847K (71%)
----------------- Invoking toplevel() on ptolemy.moml.MoMLSimpleApplication@7470fd04
----------------- Done invoking toplevel() on ptolemy.moml.MoMLSimpleApplication@7470fd04
reloadAllAccessors: .Writer

===========================================================================================
----------------- testing Sat Jun 22 04:47:33 UTC 2019 /home/travis/build/icyphy/ptII/ptolemy/actor/lib/test/auto/array.xml
----------------- Instantiating /home/travis/build/icyphy/ptII/ptolemy/actor/lib/test/auto/array.xml
2 ms. Memory: 533504K Free: 373248K (70%)
----------------- Invoking toplevel() on ptolemy.moml.MoMLSimpleApplication@40a3f29e
----------------- Done invoking toplevel() on ptolemy.moml.MoMLSimpleApplication@40a3f29e
reloadAllAccessors: .array

===========================================================================================
----------------- testing Sat Jun 22 04:47:33 UTC 2019 /home/travis/build/icyphy/ptII/ptolemy/actor/lib/test/auto/array2.xml
----------------- Instantiating /home/travis/build/icyphy/ptII/ptolemy/actor/lib/test/auto/array2.xml
6 ms. Memory: 533504K Free: 367614K (69%)
----------------- Invoking toplevel() on ptolemy.moml.MoMLSimpleApplication@602bcc78
----------------- Done invoking toplevel() on ptolemy.moml.MoMLSimpleApplication@602bcc78
reloadAllAccessors: .array2

===========================================================================================
----------------- testing Sat Jun 22 04:47:33 UTC 2019 /home/travis/build/icyphy/ptII/ptolemy/actor/lib/test/auto/arrayType.xml
----------------- Instantiating /home/travis/build/icyphy/ptII/ptolemy/actor/lib/test/auto/arrayType.xml
2 ms. Memory: 533504K Free: 362494K (68%)
----------------- Invoking toplevel() on ptolemy.moml.MoMLSimpleApplication@5897faa9
----------------- Done invoking toplevel() on ptolemy.moml.MoMLSimpleApplication@5897faa9
reloadAllAccessors: .arrayType

===========================================================================================
----------------- testing Sat Jun 22 04:47:33 UTC 2019 /home/travis/build/icyphy/ptII/ptolemy/actor/lib/test/auto/arrayType10.xml
----------------- Instantiating /home/travis/build/icyphy/ptII/ptolemy/actor/lib/test/auto/arrayType10.xml
1 ms. Memory: 533504K Free: 357888K (67%)
----------------- Invoking toplevel() on ptolemy.moml.MoMLSimpleApplication@636fc04f
----------------- Done invoking toplevel() on ptolemy.moml.MoMLSimpleApplication@636fc04f
reloadAllAccessors: .arrayType10

===========================================================================================
----------------- testing Sat Jun 22 04:47:33 UTC 2019 /home/travis/build/icyphy/ptII/ptolemy/actor/lib/test/auto/arrayType11.xml
----------------- Instantiating /home/travis/build/icyphy/ptII/ptolemy/actor/lib/test/auto/arrayType11.xml
1 ms. Memory: 533504K Free: 352768K (66%)
----------------- Invoking toplevel() on ptolemy.moml.MoMLSimpleApplication@1d624af
----------------- Done invoking toplevel() on ptolemy.moml.MoMLSimpleApplication@1d624af
reloadAllAccessors: .arrayType11

===========================================================================================
----------------- testing Sat Jun 22 04:47:33 UTC 2019 /home/travis/build/icyphy/ptII/ptolemy/actor/lib/test/auto/arrayType12.xml
----------------- Instantiating /home/travis/build/icyphy/ptII/ptolemy/actor/lib/test/auto/arrayType12.xml
2 ms. Memory: 533504K Free: 348158K (65%)
----------------- Invoking toplevel() on ptolemy.moml.MoMLSimpleApplication@78a3c011
----------------- Done invoking toplevel() on ptolemy.moml.MoMLSimpleApplication@78a3c011
reloadAllAccessors: .arrayType12

===========================================================================================
----------------- testing Sat Jun 22 04:47:33 UTC 2019 /home/travis/build/icyphy/ptII/ptolemy/actor/lib/test/auto/arrayType13.xml
----------------- Instantiating /home/travis/build/icyphy/ptII/ptolemy/actor/lib/test/auto/arrayType13.xml
1 ms. Memory: 533504K Free: 343038K (64%)
----------------- Invoking toplevel() on ptolemy.moml.MoMLSimpleApplication@71f97aa
----------------- Done invoking toplevel() on ptolemy.moml.MoMLSimpleApplication@71f97aa
reloadAllAccessors: .arrayType13

===========================================================================================
----------------- testing Sat Jun 22 04:47:33 UTC 2019 /home/travis/build/icyphy/ptII/ptolemy/actor/lib/test/auto/arrayType14.xml
----------------- Instantiating /home/travis/build/icyphy/ptII/ptolemy/actor/lib/test/auto/arrayType14.xml
2 ms. Memory: 533504K Free: 337408K (63%)
----------------- Invoking toplevel() on ptolemy.moml.MoMLSimpleApplication@554e9f34
----------------- Done invoking toplevel() on ptolemy.moml.MoMLSimpleApplication@554e9f34
reloadAllAccessors: .arrayType14

===========================================================================================
----------------- testing Sat Jun 22 04:47:33 UTC 2019 /home/travis/build/icyphy/ptII/ptolemy/actor/lib/test/auto/arrayType15.xml
----------------- Instantiating /home/travis/build/icyphy/ptII/ptolemy/actor/lib/test/auto/arrayType15.xml
2 ms. Memory: 533504K Free: 332288K (62%)
----------------- Invoking toplevel() on ptolemy.moml.MoMLSimpleApplication@7c15d66
----------------- Done invoking toplevel() on ptolemy.moml.MoMLSimpleApplication@7c15d66
reloadAllAccessors: .arrayType15

===========================================================================================
----------------- testing Sat Jun 22 04:47:33 UTC 2019 /home/travis/build/icyphy/ptII/ptolemy/actor/lib/test/auto/arrayType16.xml
----------------- Instantiating /home/travis/build/icyphy/ptII/ptolemy/actor/lib/test/auto/arrayType16.xml
1 ms. Memory: 533504K Free: 326654K (61%)
----------------- Invoking toplevel() on ptolemy.moml.MoMLSimpleApplication@758b7e5e
----------------- Done invoking toplevel() on ptolemy.moml.MoMLSimpleApplication@758b7e5e
reloadAllAccessors: .arrayType16

===========================================================================================
----------------- testing Sat Jun 22 04:47:33 UTC 2019 /home/travis/build/icyphy/ptII/ptolemy/actor/lib/test/auto/arrayType17.xml
----------------- Instantiating /home/travis/build/icyphy/ptII/ptolemy/actor/lib/test/auto/arrayType17.xml
1 ms. Memory: 533504K Free: 321534K (60%)
----------------- Invoking toplevel() on ptolemy.moml.MoMLSimpleApplication@492b31e6
----------------- Done invoking toplevel() on ptolemy.moml.MoMLSimpleApplication@492b31e6
reloadAllAccessors: .arrayType17

===========================================================================================
----------------- testing Sat Jun 22 04:47:33 UTC 2019 /home/travis/build/icyphy/ptII/ptolemy/actor/lib/test/auto/arrayType18.xml
----------------- Instantiating /home/travis/build/icyphy/ptII/ptolemy/actor/lib/test/auto/arrayType18.xml
2 ms. Memory: 533504K Free: 316928K (59%)
----------------- Invoking toplevel() on ptolemy.moml.MoMLSimpleApplication@f2c8a6f
----------------- Done invoking toplevel() on ptolemy.moml.MoMLSimpleApplication@f2c8a6f
reloadAllAccessors: .arrayType18

===========================================================================================
----------------- testing Sat Jun 22 04:47:33 UTC 2019 /home/travis/build/icyphy/ptII/ptolemy/actor/lib/test/auto/arrayType19.xml
----------------- Instantiating /home/travis/build/icyphy/ptII/ptolemy/actor/lib/test/auto/arrayType19.xml
3 ms. Memory: 533504K Free: 311808K (58%)
----------------- Invoking toplevel() on ptolemy.moml.MoMLSimpleApplication@51c14072
----------------- Done invoking toplevel() on ptolemy.moml.MoMLSimpleApplication@51c14072
reloadAllAccessors: .arrayType19

===========================================================================================
----------------- testing Sat Jun 22 04:47:33 UTC 2019 /home/travis/build/icyphy/ptII/ptolemy/actor/lib/test/auto/arrayType2.xml
----------------- Instantiating /home/travis/build/icyphy/ptII/ptolemy/actor/lib/test/auto/arrayType2.xml
2 ms. Memory: 533504K Free: 306688K (57%)
----------------- Invoking toplevel() on ptolemy.moml.MoMLSimpleApplication@1b400422
----------------- Done invoking toplevel() on ptolemy.moml.MoMLSimpleApplication@1b400422
reloadAllAccessors: .arrayType2

===========================================================================================
----------------- testing Sat Jun 22 04:47:33 UTC 2019 /home/travis/build/icyphy/ptII/ptolemy/actor/lib/test/auto/arrayType20.xml
----------------- Instantiating /home/travis/build/icyphy/ptII/ptolemy/actor/lib/test/auto/arrayType20.xml
1 ms. Memory: 533504K Free: 302078K (57%)
----------------- Invoking toplevel() on ptolemy.moml.MoMLSimpleApplication@43447a74
----------------- Done invoking toplevel() on ptolemy.moml.MoMLSimpleApplication@43447a74
reloadAllAccessors: .arrayType20

===========================================================================================
----------------- testing Sat Jun 22 04:47:33 UTC 2019 /home/travis/build/icyphy/ptII/ptolemy/actor/lib/test/auto/arrayType21.xml
----------------- Instantiating /home/travis/build/icyphy/ptII/ptolemy/actor/lib/test/auto/arrayType21.xml
1 ms. Memory: 533504K Free: 296958K (56%)
----------------- Invoking toplevel() on ptolemy.moml.MoMLSimpleApplication@6ac76ded
----------------- Done invoking toplevel() on ptolemy.moml.MoMLSimpleApplication@6ac76ded
reloadAllAccessors: .arrayType21

===========================================================================================
----------------- testing Sat Jun 22 04:47:33 UTC 2019 /home/travis/build/icyphy/ptII/ptolemy/actor/lib/test/auto/arrayType22.xml
----------------- Instantiating /home/travis/build/icyphy/ptII/ptolemy/actor/lib/test/auto/arrayType22.xml
1 ms. Memory: 533504K Free: 292352K (55%)
----------------- Invoking toplevel() on ptolemy.moml.MoMLSimpleApplication@2a65e894
----------------- Done invoking toplevel() on ptolemy.moml.MoMLSimpleApplication@2a65e894
reloadAllAccessors: .arrayType22

===========================================================================================
----------------- testing Sat Jun 22 04:47:33 UTC 2019 /home/travis/build/icyphy/ptII/ptolemy/actor/lib/test/auto/arrayType23.xml
----------------- Instantiating /home/travis/build/icyphy/ptII/ptolemy/actor/lib/test/auto/arrayType23.xml
1 ms. Memory: 533504K Free: 287232K (54%)
----------------- Invoking toplevel() on ptolemy.moml.MoMLSimpleApplication@2d3469ab
----------------- Done invoking toplevel() on ptolemy.moml.MoMLSimpleApplication@2d3469ab
reloadAllAccessors: .arrayType23

===========================================================================================
----------------- testing Sat Jun 22 04:47:33 UTC 2019 /home/travis/build/icyphy/ptII/ptolemy/actor/lib/test/auto/arrayType24.xml
----------------- Instantiating /home/travis/build/icyphy/ptII/ptolemy/actor/lib/test/auto/arrayType24.xml
2 ms. Memory: 533504K Free: 282622K (53%)
----------------- Invoking toplevel() on ptolemy.moml.MoMLSimpleApplication@45f941ea
----------------- Done invoking toplevel() on ptolemy.moml.MoMLSimpleApplication@45f941ea
reloadAllAccessors: .arrayType24

===========================================================================================
----------------- testing Sat Jun 22 04:47:33 UTC 2019 /home/travis/build/icyphy/ptII/ptolemy/actor/lib/test/auto/arrayType25.xml
----------------- Instantiating /home/travis/build/icyphy/ptII/ptolemy/actor/lib/test/auto/arrayType25.xml
2 ms. Memory: 533504K Free: 277502K (52%)
----------------- Invoking toplevel() on ptolemy.moml.MoMLSimpleApplication@66e8d58e
----------------- Done invoking toplevel() on ptolemy.moml.MoMLSimpleApplication@66e8d58e
reloadAllAccessors: .arrayType25

===========================================================================================
----------------- testing Sat Jun 22 04:47:33 UTC 2019 /home/travis/build/icyphy/ptII/ptolemy/actor/lib/test/auto/arrayType26.xml
----------------- Instantiating /home/travis/build/icyphy/ptII/ptolemy/actor/lib/test/auto/arrayType26.xml
1 ms. Memory: 533504K Free: 271872K (51%)
----------------- Invoking toplevel() on ptolemy.moml.MoMLSimpleApplication@56f090c3
----------------- Done invoking toplevel() on ptolemy.moml.MoMLSimpleApplication@56f090c3
reloadAllAccessors: .arrayType26

===========================================================================================
----------------- testing Sat Jun 22 04:47:33 UTC 2019 /home/travis/build/icyphy/ptII/ptolemy/actor/lib/test/auto/arrayType27.xml
----------------- Instantiating /home/travis/build/icyphy/ptII/ptolemy/actor/lib/test/auto/arrayType27.xml
1 ms. Memory: 533504K Free: 266752K (50%)
----------------- Invoking toplevel() on ptolemy.moml.MoMLSimpleApplication@6abfc795
----------------- Done invoking toplevel() on ptolemy.moml.MoMLSimpleApplication@6abfc795
reloadAllAccessors: .arrayType27

===========================================================================================
----------------- testing Sat Jun 22 04:47:33 UTC 2019 /home/travis/build/icyphy/ptII/ptolemy/actor/lib/test/auto/arrayType28.xml
----------------- Instantiating /home/travis/build/icyphy/ptII/ptolemy/actor/lib/test/auto/arrayType28.xml
1 ms. Memory: 533504K Free: 261118K (49%)
----------------- Invoking toplevel() on ptolemy.moml.MoMLSimpleApplication@3bf5ac7a
----------------- Done invoking toplevel() on ptolemy.moml.MoMLSimpleApplication@3bf5ac7a
reloadAllAccessors: .arrayType28

===========================================================================================
----------------- testing Sat Jun 22 04:47:33 UTC 2019 /home/travis/build/icyphy/ptII/ptolemy/actor/lib/test/auto/arrayType3.xml
----------------- Instantiating /home/travis/build/icyphy/ptII/ptolemy/actor/lib/test/auto/arrayType3.xml
5 ms. Memory: 533504K Free: 255998K (48%)
----------------- Invoking toplevel() on ptolemy.moml.MoMLSimpleApplication@3fa10689
----------------- Done invoking toplevel() on ptolemy.moml.MoMLSimpleApplication@3fa10689
reloadAllAccessors: .arrayType3

===========================================================================================
----------------- testing Sat Jun 22 04:47:33 UTC 2019 /home/travis/build/icyphy/ptII/ptolemy/actor/lib/test/auto/arrayType4.xml
----------------- Instantiating /home/travis/build/icyphy/ptII/ptolemy/actor/lib/test/auto/arrayType4.xml
1 ms. Memory: 533504K Free: 250878K (47%)
----------------- Invoking toplevel() on ptolemy.moml.MoMLSimpleApplication@f1cccac
----------------- Done invoking toplevel() on ptolemy.moml.MoMLSimpleApplication@f1cccac
reloadAllAccessors: .arrayType4

===========================================================================================
----------------- testing Sat Jun 22 04:47:34 UTC 2019 /home/travis/build/icyphy/ptII/ptolemy/actor/lib/test/auto/arrayType5.xml
----------------- Instantiating /home/travis/build/icyphy/ptII/ptolemy/actor/lib/test/auto/arrayType5.xml
2 ms. Memory: 533504K Free: 245248K (46%)
----------------- Invoking toplevel() on ptolemy.moml.MoMLSimpleApplication@376aa5d2
----------------- Done invoking toplevel() on ptolemy.moml.MoMLSimpleApplication@376aa5d2
reloadAllAccessors: .arrayType5

===========================================================================================
----------------- testing Sat Jun 22 04:47:34 UTC 2019 /home/travis/build/icyphy/ptII/ptolemy/actor/lib/test/auto/arrayType6.xml
----------------- Instantiating /home/travis/build/icyphy/ptII/ptolemy/actor/lib/test/auto/arrayType6.xml
1 ms. Memory: 533504K Free: 240638K (45%)
----------------- Invoking toplevel() on ptolemy.moml.MoMLSimpleApplication@3ee30f54
----------------- Done invoking toplevel() on ptolemy.moml.MoMLSimpleApplication@3ee30f54
reloadAllAccessors: .arrayType6

===========================================================================================
----------------- testing Sat Jun 22 04:47:34 UTC 2019 /home/travis/build/icyphy/ptII/ptolemy/actor/lib/test/auto/arrayType7.xml
----------------- Instantiating /home/travis/build/icyphy/ptII/ptolemy/actor/lib/test/auto/arrayType7.xml
6 ms. Memory: 533504K Free: 235518K (44%)
----------------- Invoking toplevel() on ptolemy.moml.MoMLSimpleApplication@2e1defed
----------------- Done invoking toplevel() on ptolemy.moml.MoMLSimpleApplication@2e1defed
reloadAllAccessors: .arrayType7

===========================================================================================
----------------- testing Sat Jun 22 04:47:34 UTC 2019 /home/travis/build/icyphy/ptII/ptolemy/actor/lib/test/auto/arrayType8.xml
----------------- Instantiating /home/travis/build/icyphy/ptII/ptolemy/actor/lib/test/auto/arrayType8.xml
1 ms. Memory: 533504K Free: 230398K (43%)
----------------- Invoking toplevel() on ptolemy.moml.MoMLSimpleApplication@48709351
----------------- Done invoking toplevel() on ptolemy.moml.MoMLSimpleApplication@48709351
reloadAllAccessors: .arrayType8

===========================================================================================
----------------- testing Sat Jun 22 04:47:34 UTC 2019 /home/travis/build/icyphy/ptII/ptolemy/actor/lib/test/auto/arrayType9.xml
----------------- Instantiating /home/travis/build/icyphy/ptII/ptolemy/actor/lib/test/auto/arrayType9.xml
1 ms. Memory: 533504K Free: 225278K (42%)
----------------- Invoking toplevel() on ptolemy.moml.MoMLSimpleApplication@7a9e840f
----------------- Done invoking toplevel() on ptolemy.moml.MoMLSimpleApplication@7a9e840f
reloadAllAccessors: .arrayType9

===========================================================================================
----------------- testing Sat Jun 22 04:47:34 UTC 2019 /home/travis/build/icyphy/ptII/ptolemy/actor/lib/test/auto/cast.xml
----------------- Instantiating /home/travis/build/icyphy/ptII/ptolemy/actor/lib/test/auto/cast.xml
2 ms. Memory: 533504K Free: 220672K (41%)
----------------- Invoking toplevel() on ptolemy.moml.MoMLSimpleApplication@465555bd
----------------- Done invoking toplevel() on ptolemy.moml.MoMLSimpleApplication@465555bd
reloadAllAccessors: .cast

===========================================================================================
----------------- testing Sat Jun 22 04:47:34 UTC 2019 /home/travis/build/icyphy/ptII/ptolemy/actor/lib/test/auto/compositeMultiPort.xml
----------------- Instantiating /home/travis/build/icyphy/ptII/ptolemy/actor/lib/test/auto/compositeMultiPort.xml
4 ms. Memory: 533504K Free: 211951K (40%)
----------------- Invoking toplevel() on ptolemy.moml.MoMLSimpleApplication@4717cb65
----------------- Done invoking toplevel() on ptolemy.moml.MoMLSimpleApplication@4717cb65
reloadAllAccessors: .compositeMultiPort

===========================================================================================
----------------- testing Sat Jun 22 04:47:34 UTC 2019 /home/travis/build/icyphy/ptII/ptolemy/actor/lib/test/auto/expressionCastInference.xml
----------------- Instantiating /home/travis/build/icyphy/ptII/ptolemy/actor/lib/test/auto/expressionCastInference.xml
2 ms. Memory: 533504K Free: 206846K (39%)
----------------- Invoking toplevel() on ptolemy.moml.MoMLSimpleApplication@543431e2
----------------- Done invoking toplevel() on ptolemy.moml.MoMLSimpleApplication@543431e2
reloadAllAccessors: .expressionCastInference

===========================================================================================
----------------- testing Sat Jun 22 04:47:34 UTC 2019 /home/travis/build/icyphy/ptII/ptolemy/actor/lib/test/auto/expressionCastInference2.xml
----------------- Instantiating /home/travis/build/icyphy/ptII/ptolemy/actor/lib/test/auto/expressionCastInference2.xml
2 ms. Memory: 533504K Free: 202240K (38%)
----------------- Invoking toplevel() on ptolemy.moml.MoMLSimpleApplication@48c387dc
----------------- Done invoking toplevel() on ptolemy.moml.MoMLSimpleApplication@48c387dc
reloadAllAccessors: .expressionCastInference2

===========================================================================================
----------------- testing Sat Jun 22 04:47:34 UTC 2019 /home/travis/build/icyphy/ptII/ptolemy/actor/lib/test/auto/expressionInference.xml
----------------- Instantiating /home/travis/build/icyphy/ptII/ptolemy/actor/lib/test/auto/expressionInference.xml
1 ms. Memory: 533504K Free: 197630K (37%)
----------------- Invoking toplevel() on ptolemy.moml.MoMLSimpleApplication@6165260b
----------------- Done invoking toplevel() on ptolemy.moml.MoMLSimpleApplication@6165260b
reloadAllAccessors: .expressionInference

===========================================================================================
----------------- testing Sat Jun 22 04:47:34 UTC 2019 /home/travis/build/icyphy/ptII/ptolemy/actor/lib/test/auto/expression_bug.xml
----------------- Instantiating /home/travis/build/icyphy/ptII/ptolemy/actor/lib/test/auto/expression_bug.xml
1 ms. Memory: 533504K Free: 193534K (36%)
----------------- Invoking toplevel() on ptolemy.moml.MoMLSimpleApplication@24a76a94
----------------- Done invoking toplevel() on ptolemy.moml.MoMLSimpleApplication@24a76a94
reloadAllAccessors: .expression_bug

===========================================================================================
----------------- testing Sat Jun 22 04:47:34 UTC 2019 /home/travis/build/icyphy/ptII/ptolemy/actor/lib/test/auto/factorial.xml
----------------- Instantiating /home/travis/build/icyphy/ptII/ptolemy/actor/lib/test/auto/factorial.xml
44 ms. Memory: 533504K Free: 184832K (35%)
----------------- Invoking toplevel() on ptolemy.moml.MoMLSimpleApplication@361171d
----------------- Done invoking toplevel() on ptolemy.moml.MoMLSimpleApplication@361171d
reloadAllAccessors: .factorial

===========================================================================================
----------------- testing Sat Jun 22 04:47:34 UTC 2019 /home/travis/build/icyphy/ptII/ptolemy/actor/lib/test/auto/filterTest1.xml
----------------- Instantiating /home/travis/build/icyphy/ptII/ptolemy/actor/lib/test/auto/filterTest1.xml
4 ms. Memory: 533504K Free: 179183K (34%)
----------------- Invoking toplevel() on ptolemy.moml.MoMLSimpleApplication@203aefb2
----------------- Done invoking toplevel() on ptolemy.moml.MoMLSimpleApplication@203aefb2
reloadAllAccessors: .filterTest1

===========================================================================================
----------------- testing Sat Jun 22 04:47:34 UTC 2019 /home/travis/build/icyphy/ptII/ptolemy/actor/lib/test/auto/funcApplyInConst.xml
----------------- Instantiating /home/travis/build/icyphy/ptII/ptolemy/actor/lib/test/auto/funcApplyInConst.xml
1 ms. Memory: 533504K Free: 175102K (33%)
----------------- Invoking toplevel() on ptolemy.moml.MoMLSimpleApplication@67b81ab7
----------------- Done invoking toplevel() on ptolemy.moml.MoMLSimpleApplication@67b81ab7
reloadAllAccessors: .funcApplyInConst

===========================================================================================
----------------- testing Sat Jun 22 04:47:34 UTC 2019 /home/travis/build/icyphy/ptII/ptolemy/actor/lib/test/auto/funcApplyInExpr.xml
----------------- Instantiating /home/travis/build/icyphy/ptII/ptolemy/actor/lib/test/auto/funcApplyInExpr.xml
2 ms. Memory: 533504K Free: 171520K (32%)
----------------- Invoking toplevel() on ptolemy.moml.MoMLSimpleApplication@201dcd77
----------------- Done invoking toplevel() on ptolemy.moml.MoMLSimpleApplication@201dcd77
reloadAllAccessors: .funcApplyInExpr

===========================================================================================
----------------- testing Sat Jun 22 04:47:34 UTC 2019 /home/travis/build/icyphy/ptII/ptolemy/actor/lib/test/auto/function.xml
----------------- Instantiating /home/travis/build/icyphy/ptII/ptolemy/actor/lib/test/auto/function.xml
29 ms. Memory: 533504K Free: 481094K (90%)
----------------- Invoking toplevel() on ptolemy.moml.MoMLSimpleApplication@e85c203
----------------- Done invoking toplevel() on ptolemy.moml.MoMLSimpleApplication@e85c203
reloadAllAccessors: .function

===========================================================================================
----------------- testing Sat Jun 22 04:47:34 UTC 2019 /home/travis/build/icyphy/ptII/ptolemy/actor/lib/test/auto/function2.xml
----------------- Instantiating /home/travis/build/icyphy/ptII/ptolemy/actor/lib/test/auto/function2.xml
2 ms. Memory: 533504K Free: 475212K (89%)
----------------- Invoking toplevel() on ptolemy.moml.MoMLSimpleApplication@6b2059c7
----------------- Done invoking toplevel() on ptolemy.moml.MoMLSimpleApplication@6b2059c7
reloadAllAccessors: .function2

===========================================================================================
----------------- testing Sat Jun 22 04:47:34 UTC 2019 /home/travis/build/icyphy/ptII/ptolemy/actor/lib/test/auto/function3.xml
----------------- Instantiating /home/travis/build/icyphy/ptII/ptolemy/actor/lib/test/auto/function3.xml
1 ms. Memory: 533504K Free: 471626K (88%)
----------------- Invoking toplevel() on ptolemy.moml.MoMLSimpleApplication@519bdb87
----------------- Done invoking toplevel() on ptolemy.moml.MoMLSimpleApplication@519bdb87
reloadAllAccessors: .function3

===========================================================================================
----------------- testing Sat Jun 22 04:47:34 UTC 2019 /home/travis/build/icyphy/ptII/ptolemy/actor/lib/test/auto/functionClosureTest1.xml
----------------- Instantiating /home/travis/build/icyphy/ptII/ptolemy/actor/lib/test/auto/functionClosureTest1.xml
2 ms. Memory: 533504K Free: 465476K (87%)
----------------- Invoking toplevel() on ptolemy.moml.MoMLSimpleApplication@419693cf
----------------- Done invoking toplevel() on ptolemy.moml.MoMLSimpleApplication@419693cf
reloadAllAccessors: .functionClosureTest1

===========================================================================================
----------------- testing Sat Jun 22 04:47:34 UTC 2019 /home/travis/build/icyphy/ptII/ptolemy/actor/lib/test/auto/functionClosureTest2.xml
----------------- Instantiating /home/travis/build/icyphy/ptII/ptolemy/actor/lib/test/auto/functionClosureTest2.xml
1 ms. Memory: 533504K Free: 461900K (87%)
----------------- Invoking toplevel() on ptolemy.moml.MoMLSimpleApplication@3165fd50
----------------- Done invoking toplevel() on ptolemy.moml.MoMLSimpleApplication@3165fd50
reloadAllAccessors: .functionClosureTest2

===========================================================================================
----------------- testing Sat Jun 22 04:47:34 UTC 2019 /home/travis/build/icyphy/ptII/ptolemy/actor/lib/test/auto/functionClosureTest3.xml
----------------- Instantiating /home/travis/build/icyphy/ptII/ptolemy/actor/lib/test/auto/functionClosureTest3.xml
2 ms. Memory: 533504K Free: 456252K (86%)
----------------- Invoking toplevel() on ptolemy.moml.MoMLSimpleApplication@3a353e06
----------------- Done invoking toplevel() on ptolemy.moml.MoMLSimpleApplication@3a353e06
reloadAllAccessors: .functionClosureTest3

===========================================================================================
----------------- testing Sat Jun 22 04:47:34 UTC 2019 /home/travis/build/icyphy/ptII/ptolemy/actor/lib/test/auto/functionClosureTest4.xml
----------------- Instantiating /home/travis/build/icyphy/ptII/ptolemy/actor/lib/test/auto/functionClosureTest4.xml
10 ms. Memory: 533504K Free: 450122K (84%)
----------------- Invoking toplevel() on ptolemy.moml.MoMLSimpleApplication@24254ff6
----------------- Done invoking toplevel() on ptolemy.moml.MoMLSimpleApplication@24254ff6
reloadAllAccessors: .functionClosureTest4

===========================================================================================
----------------- testing Sat Jun 22 04:47:34 UTC 2019 /home/travis/build/icyphy/ptII/ptolemy/actor/lib/test/auto/functionClosureTest5.xml
----------------- Instantiating /home/travis/build/icyphy/ptII/ptolemy/actor/lib/test/auto/functionClosureTest5.xml
4 ms. Memory: 533504K Free: 444492K (83%)
----------------- Invoking toplevel() on ptolemy.moml.MoMLSimpleApplication@3784085
----------------- Done invoking toplevel() on ptolemy.moml.MoMLSimpleApplication@3784085
reloadAllAccessors: .functionClosureTest5

===========================================================================================
----------------- testing Sat Jun 22 04:47:34 UTC 2019 /home/travis/build/icyphy/ptII/ptolemy/actor/lib/test/auto/functionClosureTest6.xml
----------------- Instantiating /home/travis/build/icyphy/ptII/ptolemy/actor/lib/test/auto/functionClosureTest6.xml
2 ms. Memory: 533504K Free: 439882K (82%)
----------------- Invoking toplevel() on ptolemy.moml.MoMLSimpleApplication@707b57e8
----------------- Done invoking toplevel() on ptolemy.moml.MoMLSimpleApplication@707b57e8
reloadAllAccessors: .functionClosureTest6

===========================================================================================
----------------- testing Sat Jun 22 04:47:34 UTC 2019 /home/travis/build/icyphy/ptII/ptolemy/actor/lib/test/auto/functionsOnArcs.xml
----------------- Instantiating /home/travis/build/icyphy/ptII/ptolemy/actor/lib/test/auto/functionsOnArcs.xml
1 ms. Memory: 533504K Free: 434252K (81%)
----------------- Invoking toplevel() on ptolemy.moml.MoMLSimpleApplication@43d15274
----------------- Done invoking toplevel() on ptolemy.moml.MoMLSimpleApplication@43d15274
reloadAllAccessors: .functionsOnArcs

===========================================================================================
----------------- testing Sat Jun 22 04:47:34 UTC 2019 /home/travis/build/icyphy/ptII/ptolemy/actor/lib/test/auto/functionsOnArcsHOF.xml
----------------- Instantiating /home/travis/build/icyphy/ptII/ptolemy/actor/lib/test/auto/functionsOnArcsHOF.xml
3 ms. Memory: 533504K Free: 428618K (80%)
----------------- Invoking toplevel() on ptolemy.moml.MoMLSimpleApplication@11439185
----------------- Done invoking toplevel() on ptolemy.moml.MoMLSimpleApplication@11439185
reloadAllAccessors: .functionsOnArcsHOF

===========================================================================================
----------------- testing Sat Jun 22 04:47:34 UTC 2019 /home/travis/build/icyphy/ptII/ptolemy/actor/lib/test/auto/logic.xml
----------------- Instantiating /home/travis/build/icyphy/ptII/ptolemy/actor/lib/test/auto/logic.xml
2 ms. Memory: 533504K Free: 420940K (79%)
----------------- Invoking toplevel() on ptolemy.moml.MoMLSimpleApplication@4950d89b
----------------- Done invoking toplevel() on ptolemy.moml.MoMLSimpleApplication@4950d89b
reloadAllAccessors: .logic

===========================================================================================
----------------- testing Sat Jun 22 04:47:34 UTC 2019 /home/travis/build/icyphy/ptII/ptolemy/actor/lib/test/auto/matrixType.xml
----------------- Instantiating /home/travis/build/icyphy/ptII/ptolemy/actor/lib/test/auto/matrixType.xml
1 ms. Memory: 533504K Free: 416330K (78%)
----------------- Invoking toplevel() on ptolemy.moml.MoMLSimpleApplication@24ea5e75
----------------- Done invoking toplevel() on ptolemy.moml.MoMLSimpleApplication@24ea5e75
reloadAllAccessors: .matrixType

===========================================================================================
----------------- testing Sat Jun 22 04:47:34 UTC 2019 /home/travis/build/icyphy/ptII/ptolemy/actor/lib/test/auto/matrixType10.xml
----------------- Instantiating /home/travis/build/icyphy/ptII/ptolemy/actor/lib/test/auto/matrixType10.xml
2 ms. Memory: 533504K Free: 411210K (77%)
----------------- Invoking toplevel() on ptolemy.moml.MoMLSimpleApplication@55de675c
----------------- Done invoking toplevel() on ptolemy.moml.MoMLSimpleApplication@55de675c
reloadAllAccessors: .matrixType10

===========================================================================================
----------------- testing Sat Jun 22 04:47:34 UTC 2019 /home/travis/build/icyphy/ptII/ptolemy/actor/lib/test/auto/matrixType11.xml
----------------- Instantiating /home/travis/build/icyphy/ptII/ptolemy/actor/lib/test/auto/matrixType11.xml
2 ms. Memory: 533504K Free: 406604K (76%)
----------------- Invoking toplevel() on ptolemy.moml.MoMLSimpleApplication@392d99d2
----------------- Done invoking toplevel() on ptolemy.moml.MoMLSimpleApplication@392d99d2
reloadAllAccessors: .matrixType11

===========================================================================================
----------------- testing Sat Jun 22 04:47:34 UTC 2019 /home/travis/build/icyphy/ptII/ptolemy/actor/lib/test/auto/matrixType12.xml
----------------- Instantiating /home/travis/build/icyphy/ptII/ptolemy/actor/lib/test/auto/matrixType12.xml
2 ms. Memory: 533504K Free: 401484K (75%)
----------------- Invoking toplevel() on ptolemy.moml.MoMLSimpleApplication@3805630f
----------------- Done invoking toplevel() on ptolemy.moml.MoMLSimpleApplication@3805630f
reloadAllAccessors: .matrixType12

===========================================================================================
----------------- testing Sat Jun 22 04:47:34 UTC 2019 /home/travis/build/icyphy/ptII/ptolemy/actor/lib/test/auto/matrixType13.xml
----------------- Instantiating /home/travis/build/icyphy/ptII/ptolemy/actor/lib/test/auto/matrixType13.xml
1 ms. Memory: 533504K Free: 396874K (74%)
----------------- Invoking toplevel() on ptolemy.moml.MoMLSimpleApplication@7fbffd75
----------------- Done invoking toplevel() on ptolemy.moml.MoMLSimpleApplication@7fbffd75
reloadAllAccessors: .matrixType13

===========================================================================================
----------------- testing Sat Jun 22 04:47:34 UTC 2019 /home/travis/build/icyphy/ptII/ptolemy/actor/lib/test/auto/matrixType14.xml
----------------- Instantiating /home/travis/build/icyphy/ptII/ptolemy/actor/lib/test/auto/matrixType14.xml
2 ms. Memory: 533504K Free: 391754K (73%)
----------------- Invoking toplevel() on ptolemy.moml.MoMLSimpleApplication@127df3d3
----------------- Done invoking toplevel() on ptolemy.moml.MoMLSimpleApplication@127df3d3
reloadAllAccessors: .matrixType14

===========================================================================================
----------------- testing Sat Jun 22 04:47:34 UTC 2019 /home/travis/build/icyphy/ptII/ptolemy/actor/lib/test/auto/matrixType2.xml
----------------- Instantiating /home/travis/build/icyphy/ptII/ptolemy/actor/lib/test/auto/matrixType2.xml
2 ms. Memory: 533504K Free: 386634K (72%)
----------------- Invoking toplevel() on ptolemy.moml.MoMLSimpleApplication@1eed7718
----------------- Done invoking toplevel() on ptolemy.moml.MoMLSimpleApplication@1eed7718
reloadAllAccessors: .matrixType2

===========================================================================================
----------------- testing Sat Jun 22 04:47:34 UTC 2019 /home/travis/build/icyphy/ptII/ptolemy/actor/lib/test/auto/matrixType3.xml
----------------- Instantiating /home/travis/build/icyphy/ptII/ptolemy/actor/lib/test/auto/matrixType3.xml
3 ms. Memory: 533504K Free: 381514K (72%)
----------------- Invoking toplevel() on ptolemy.moml.MoMLSimpleApplication@15723abf
----------------- Done invoking toplevel() on ptolemy.moml.MoMLSimpleApplication@15723abf
reloadAllAccessors: .matrixType3

===========================================================================================
----------------- testing Sat Jun 22 04:47:34 UTC 2019 /home/travis/build/icyphy/ptII/ptolemy/actor/lib/test/auto/matrixType4.xml
----------------- Instantiating /home/travis/build/icyphy/ptII/ptolemy/actor/lib/test/auto/matrixType4.xml
2 ms. Memory: 533504K Free: 376908K (71%)
----------------- Invoking toplevel() on ptolemy.moml.MoMLSimpleApplication@308bff7
----------------- Done invoking toplevel() on ptolemy.moml.MoMLSimpleApplication@308bff7
reloadAllAccessors: .matrixType4

===========================================================================================
----------------- testing Sat Jun 22 04:47:34 UTC 2019 /home/travis/build/icyphy/ptII/ptolemy/actor/lib/test/auto/matrixType5.xml
----------------- Instantiating /home/travis/build/icyphy/ptII/ptolemy/actor/lib/test/auto/matrixType5.xml
1 ms. Memory: 533504K Free: 371788K (70%)
----------------- Invoking toplevel() on ptolemy.moml.MoMLSimpleApplication@17fd0f54
----------------- Done invoking toplevel() on ptolemy.moml.MoMLSimpleApplication@17fd0f54
reloadAllAccessors: .matrixType5

===========================================================================================
----------------- testing Sat Jun 22 04:47:34 UTC 2019 /home/travis/build/icyphy/ptII/ptolemy/actor/lib/test/auto/matrixType6.xml
----------------- Instantiating /home/travis/build/icyphy/ptII/ptolemy/actor/lib/test/auto/matrixType6.xml
2 ms. Memory: 533504K Free: 367178K (69%)
----------------- Invoking toplevel() on ptolemy.moml.MoMLSimpleApplication@4d7c6c3f
----------------- Done invoking toplevel() on ptolemy.moml.MoMLSimpleApplication@4d7c6c3f
reloadAllAccessors: .matrixType6

===========================================================================================
----------------- testing Sat Jun 22 04:47:34 UTC 2019 /home/travis/build/icyphy/ptII/ptolemy/actor/lib/test/auto/matrixType7.xml
----------------- Instantiating /home/travis/build/icyphy/ptII/ptolemy/actor/lib/test/auto/matrixType7.xml
2 ms. Memory: 533504K Free: 362058K (68%)
----------------- Invoking toplevel() on ptolemy.moml.MoMLSimpleApplication@56aa1a7a
----------------- Done invoking toplevel() on ptolemy.moml.MoMLSimpleApplication@56aa1a7a
reloadAllAccessors: .matrixType7

===========================================================================================
----------------- testing Sat Jun 22 04:47:34 UTC 2019 /home/travis/build/icyphy/ptII/ptolemy/actor/lib/test/auto/matrixType8.xml
----------------- Instantiating /home/travis/build/icyphy/ptII/ptolemy/actor/lib/test/auto/matrixType8.xml
2 ms. Memory: 533504K Free: 357452K (67%)
----------------- Invoking toplevel() on ptolemy.moml.MoMLSimpleApplication@74e7e801
----------------- Done invoking toplevel() on ptolemy.moml.MoMLSimpleApplication@74e7e801
reloadAllAccessors: .matrixType8

===========================================================================================
----------------- testing Sat Jun 22 04:47:34 UTC 2019 /home/travis/build/icyphy/ptII/ptolemy/actor/lib/test/auto/matrixType9.xml
----------------- Instantiating /home/travis/build/icyphy/ptII/ptolemy/actor/lib/test/auto/matrixType9.xml
2 ms. Memory: 533504K Free: 352332K (66%)
----------------- Invoking toplevel() on ptolemy.moml.MoMLSimpleApplication@70943ab3
----------------- Done invoking toplevel() on ptolemy.moml.MoMLSimpleApplication@70943ab3
reloadAllAccessors: .matrixType9

===========================================================================================
----------------- testing Sat Jun 22 04:47:34 UTC 2019 /home/travis/build/icyphy/ptII/ptolemy/actor/lib/test/auto/paraFunctest.xml
----------------- Instantiating /home/travis/build/icyphy/ptII/ptolemy/actor/lib/test/auto/paraFunctest.xml
2 ms. Memory: 533504K Free: 348236K (65%)
----------------- Invoking toplevel() on ptolemy.moml.MoMLSimpleApplication@41e966b4
----------------- Done invoking toplevel() on ptolemy.moml.MoMLSimpleApplication@41e966b4
reloadAllAccessors: .paraFunctest

===========================================================================================
----------------- testing Sat Jun 22 04:47:34 UTC 2019 /home/travis/build/icyphy/ptII/ptolemy/actor/lib/test/auto/paraFunctest2.xml
----------------- Instantiating /home/travis/build/icyphy/ptII/ptolemy/actor/lib/test/auto/paraFunctest2.xml
1 ms. Memory: 533504K Free: 343626K (64%)
----------------- Invoking toplevel() on ptolemy.moml.MoMLSimpleApplication@6be6d0e2
----------------- Done invoking toplevel() on ptolemy.moml.MoMLSimpleApplication@6be6d0e2
reloadAllAccessors: .paraFunctest2

===========================================================================================
----------------- testing Sat Jun 22 04:47:34 UTC 2019 /home/travis/build/icyphy/ptII/ptolemy/actor/lib/test/auto/parameterPassing.xml
----------------- Instantiating /home/travis/build/icyphy/ptII/ptolemy/actor/lib/test/auto/parameterPassing.xml
1 ms. Memory: 533504K Free: 339530K (64%)
----------------- Invoking toplevel() on ptolemy.moml.MoMLSimpleApplication@575ec16d
----------------- Done invoking toplevel() on ptolemy.moml.MoMLSimpleApplication@575ec16d
reloadAllAccessors: .parameterPassing

===========================================================================================
----------------- testing Sat Jun 22 04:47:34 UTC 2019 /home/travis/build/icyphy/ptII/ptolemy/actor/lib/test/auto/record.xml
----------------- Instantiating /home/travis/build/icyphy/ptII/ptolemy/actor/lib/test/auto/record.xml
3 ms. Memory: 533504K Free: 334410K (63%)
----------------- Invoking toplevel() on ptolemy.moml.MoMLSimpleApplication@67ee14fe
----------------- Done invoking toplevel() on ptolemy.moml.MoMLSimpleApplication@67ee14fe
reloadAllAccessors: .record

===========================================================================================
----------------- testing Sat Jun 22 04:47:34 UTC 2019 /home/travis/build/icyphy/ptII/ptolemy/actor/lib/test/auto/sizedarray1.xml
----------------- Instantiating /home/travis/build/icyphy/ptII/ptolemy/actor/lib/test/auto/sizedarray1.xml
1 ms. Memory: 533504K Free: 329290K (62%)
----------------- Invoking toplevel() on ptolemy.moml.MoMLSimpleApplication@50ce9218
----------------- Done invoking toplevel() on ptolemy.moml.MoMLSimpleApplication@50ce9218
reloadAllAccessors: .sizedarray1

===========================================================================================
----------------- testing Sat Jun 22 04:47:34 UTC 2019 /home/travis/build/icyphy/ptII/ptolemy/actor/lib/test/auto/sizedarray2.xml
----------------- Instantiating /home/travis/build/icyphy/ptII/ptolemy/actor/lib/test/auto/sizedarray2.xml
3 ms. Memory: 533504K Free: 323660K (61%)
----------------- Invoking toplevel() on ptolemy.moml.MoMLSimpleApplication@52460f3b
----------------- Done invoking toplevel() on ptolemy.moml.MoMLSimpleApplication@52460f3b
reloadAllAccessors: .sizedarray2

===========================================================================================
----------------- testing Sat Jun 22 04:47:34 UTC 2019 /home/travis/build/icyphy/ptII/ptolemy/actor/lib/test/auto/twoPublishers.xml
----------------- Instantiating /home/travis/build/icyphy/ptII/ptolemy/actor/lib/test/auto/twoPublishers.xml
6 ms. Memory: 533504K Free: 312906K (59%)
----------------- Invoking toplevel() on ptolemy.moml.MoMLSimpleApplication@6f0cd5ee
----------------- Done invoking toplevel() on ptolemy.moml.MoMLSimpleApplication@6f0cd5ee
reloadAllAccessors: .twoPublishers
AutoTests.java: About to close Vertx.
AutoTests.java: Vertx closed.
]]></system-out>
  <system-err><![CDATA[java.lang.RuntimeException: Execution failed
	at ptolemy.moml.MoMLSimpleApplication$UnloadThread.run(MoMLSimpleApplication.java:402)
Caused by: java.lang.RuntimeException: StringUtilities.exit() was called. Normally, we would exit here because Manager.exitAfterWrapup() was called.  However, because the ptolemy.ptII.exitAfterWrapup property is set, we throw this exception instead.
	at ptolemy.util.StringUtilities.exit(StringUtilities.java:363)
	at ptolemy.actor.Manager.wrapup(Manager.java:1531)
	at ptolemy.actor.Manager.execute(Manager.java:407)
	at ptolemy.actor.Manager.run(Manager.java:1263)
	at ptolemy.actor.Manager$PtolemyRunThread.run(Manager.java:1915)
Warning: '.top.test' is in training mode, set the trainingMode parameter to false before checking in
Warning: '.top.test' is in training mode, set the trainingMode parameter to false before checking in
Warning: '.top.test' is in training mode, set the trainingMode parameter to false before checking in
Warning: '.BooleanSwitch_RegressionTest_WrongTrainingValues.Test' is in training mode, set the trainingMode parameter to false before checking in
Warning: '.BooleanSwitch_RegressionTest_WrongTrainingValues.Test2' is in training mode, set the trainingMode parameter to false before checking in
Warning: '.BooleanSwitch_RegressionTest_WrongTrainingValues.Test2' The test produced 0 tokens.
Warning: '.top.testExceptionHandler' is in training mode, set the trainingMode parameter to false before checking in
java.lang.RuntimeException: Execution failed
	at ptolemy.moml.MoMLSimpleApplication$UnloadThread.run(MoMLSimpleApplication.java:402)
Caused by: ptolemy.kernel.util.IllegalActionException: PublisherPorts cannot be used at the top level, use a Publisher actor instead.
  in .PublisherPortToplevelSubscriber.PublisherPort
	at ptolemy.actor.PublisherPort.preinitialize(PublisherPort.java:403)
	at ptolemy.actor.CompositeActor.preinitialize(CompositeActor.java:1769)
	at ptolemy.actor.Manager.preinitializeAndResolveTypes(Manager.java:1040)
	at ptolemy.actor.Manager.initialize(Manager.java:710)
	at ptolemy.actor.Manager.execute(Manager.java:356)
	at ptolemy.actor.Manager.run(Manager.java:1263)
	at ptolemy.actor.Manager$PtolemyRunThread.run(Manager.java:1915)
java.lang.reflect.InvocationTargetException
	at java.base/jdk.internal.reflect.NativeConstructorAccessorImpl.newInstance0(Native Method)
	at java.base/jdk.internal.reflect.NativeConstructorAccessorImpl.newInstance(NativeConstructorAccessorImpl.java:62)
	at java.base/jdk.internal.reflect.DelegatingConstructorAccessorImpl.newInstance(DelegatingConstructorAccessorImpl.java:45)
	at java.base/java.lang.reflect.Constructor.newInstance(Constructor.java:490)
	at ptolemy.util.test.junit.AutoKnownFailedTests.RunModel(AutoKnownFailedTests.java:105)
	at java.base/jdk.internal.reflect.NativeMethodAccessorImpl.invoke0(Native Method)
	at java.base/jdk.internal.reflect.NativeMethodAccessorImpl.invoke(NativeMethodAccessorImpl.java:62)
	at java.base/jdk.internal.reflect.DelegatingMethodAccessorImpl.invoke(DelegatingMethodAccessorImpl.java:43)
	at java.base/java.lang.reflect.Method.invoke(Method.java:566)
	at org.junit.runners.model.FrameworkMethod$1.runReflectiveCall(FrameworkMethod.java:44)
	at org.junit.internal.runners.model.ReflectiveCallable.run(ReflectiveCallable.java:15)
	at org.junit.runners.model.FrameworkMethod.invokeExplosively(FrameworkMethod.java:41)
	at junitparams.internal.InvokeParameterisedMethod.evaluate(InvokeParameterisedMethod.java:102)
	at org.junit.internal.runners.statements.FailOnTimeout$1.run(FailOnTimeout.java:28)
Caused by: ptolemy.kernel.util.IllegalActionException: PublisherPorts cannot be used at the top level, use a Publisher actor instead.
  in .PublisherPortToplevelSubscriber.PublisherPort
	at ptolemy.actor.PublisherPort.preinitialize(PublisherPort.java:403)
	at ptolemy.actor.CompositeActor.preinitialize(CompositeActor.java:1769)
	at ptolemy.actor.Manager.preinitializeAndResolveTypes(Manager.java:1040)
	at ptolemy.actor.Manager.initialize(Manager.java:710)
	at ptolemy.actor.Manager.execute(Manager.java:356)
	at ptolemy.actor.Manager.run(Manager.java:1263)
	at ptolemy.actor.Manager$PtolemyRunThread.run(Manager.java:1915)
java.lang.RuntimeException: Execution failed
	at ptolemy.moml.MoMLSimpleApplication$UnloadThread.run(MoMLSimpleApplication.java:402)
Caused by: ptolemy.kernel.util.IllegalActionException: SubscriberPorts cannot be used at the top level, use a Subscriber actor instead.
  in .PublisherSubscriberPortToplevel.SubscriberPort
	at ptolemy.actor.SubscriberPort.preinitialize(SubscriberPort.java:328)
	at ptolemy.actor.CompositeActor.preinitialize(CompositeActor.java:1769)
	at ptolemy.actor.Manager.preinitializeAndResolveTypes(Manager.java:1040)
	at ptolemy.actor.Manager.initialize(Manager.java:710)
	at ptolemy.actor.Manager.execute(Manager.java:356)
	at ptolemy.actor.Manager.run(Manager.java:1263)
	at ptolemy.actor.Manager$PtolemyRunThread.run(Manager.java:1915)
java.lang.reflect.InvocationTargetException
	at java.base/jdk.internal.reflect.NativeConstructorAccessorImpl.newInstance0(Native Method)
	at java.base/jdk.internal.reflect.NativeConstructorAccessorImpl.newInstance(NativeConstructorAccessorImpl.java:62)
	at java.base/jdk.internal.reflect.DelegatingConstructorAccessorImpl.newInstance(DelegatingConstructorAccessorImpl.java:45)
	at java.base/java.lang.reflect.Constructor.newInstance(Constructor.java:490)
	at ptolemy.util.test.junit.AutoKnownFailedTests.RunModel(AutoKnownFailedTests.java:105)
	at java.base/jdk.internal.reflect.NativeMethodAccessorImpl.invoke0(Native Method)
	at java.base/jdk.internal.reflect.NativeMethodAccessorImpl.invoke(NativeMethodAccessorImpl.java:62)
	at java.base/jdk.internal.reflect.DelegatingMethodAccessorImpl.invoke(DelegatingMethodAccessorImpl.java:43)
	at java.base/java.lang.reflect.Method.invoke(Method.java:566)
	at org.junit.runners.model.FrameworkMethod$1.runReflectiveCall(FrameworkMethod.java:44)
	at org.junit.internal.runners.model.ReflectiveCallable.run(ReflectiveCallable.java:15)
	at org.junit.runners.model.FrameworkMethod.invokeExplosively(FrameworkMethod.java:41)
	at junitparams.internal.InvokeParameterisedMethod.evaluate(InvokeParameterisedMethod.java:102)
	at org.junit.internal.runners.statements.FailOnTimeout$1.run(FailOnTimeout.java:28)
Caused by: ptolemy.kernel.util.IllegalActionException: SubscriberPorts cannot be used at the top level, use a Subscriber actor instead.
  in .PublisherSubscriberPortToplevel.SubscriberPort
	at ptolemy.actor.SubscriberPort.preinitialize(SubscriberPort.java:328)
	at ptolemy.actor.CompositeActor.preinitialize(CompositeActor.java:1769)
	at ptolemy.actor.Manager.preinitializeAndResolveTypes(Manager.java:1040)
	at ptolemy.actor.Manager.initialize(Manager.java:710)
	at ptolemy.actor.Manager.execute(Manager.java:356)
	at ptolemy.actor.Manager.run(Manager.java:1263)
	at ptolemy.actor.Manager$PtolemyRunThread.run(Manager.java:1915)
java.lang.RuntimeException: Execution failed
	at ptolemy.moml.MoMLSimpleApplication$UnloadThread.run(MoMLSimpleApplication.java:402)
Caused by: ptolemy.kernel.util.IllegalActionException: SubscriptionAggregatorPorts cannot be used at the top level, use a SubscriptionAggregator actor instead.
  in .PublisherSubscriptionAggregatorPort.SubscriptionAggregatorPort
	at ptolemy.actor.SubscriptionAggregatorPort.preinitialize(SubscriptionAggregatorPort.java:353)
	at ptolemy.actor.CompositeActor.preinitialize(CompositeActor.java:1769)
	at ptolemy.actor.Manager.preinitializeAndResolveTypes(Manager.java:1040)
	at ptolemy.actor.Manager.initialize(Manager.java:710)
	at ptolemy.actor.Manager.execute(Manager.java:356)
	at ptolemy.actor.Manager.run(Manager.java:1263)
	at ptolemy.actor.Manager$PtolemyRunThread.run(Manager.java:1915)
java.lang.reflect.InvocationTargetException
	at java.base/jdk.internal.reflect.NativeConstructorAccessorImpl.newInstance0(Native Method)
	at java.base/jdk.internal.reflect.NativeConstructorAccessorImpl.newInstance(NativeConstructorAccessorImpl.java:62)
	at java.base/jdk.internal.reflect.DelegatingConstructorAccessorImpl.newInstance(DelegatingConstructorAccessorImpl.java:45)
	at java.base/java.lang.reflect.Constructor.newInstance(Constructor.java:490)
	at ptolemy.util.test.junit.AutoKnownFailedTests.RunModel(AutoKnownFailedTests.java:105)
	at java.base/jdk.internal.reflect.NativeMethodAccessorImpl.invoke0(Native Method)
	at java.base/jdk.internal.reflect.NativeMethodAccessorImpl.invoke(NativeMethodAccessorImpl.java:62)
	at java.base/jdk.internal.reflect.DelegatingMethodAccessorImpl.invoke(DelegatingMethodAccessorImpl.java:43)
	at java.base/java.lang.reflect.Method.invoke(Method.java:566)
	at org.junit.runners.model.FrameworkMethod$1.runReflectiveCall(FrameworkMethod.java:44)
	at org.junit.internal.runners.model.ReflectiveCallable.run(ReflectiveCallable.java:15)
	at org.junit.runners.model.FrameworkMethod.invokeExplosively(FrameworkMethod.java:41)
	at junitparams.internal.InvokeParameterisedMethod.evaluate(InvokeParameterisedMethod.java:102)
	at org.junit.internal.runners.statements.FailOnTimeout$1.run(FailOnTimeout.java:28)
Caused by: ptolemy.kernel.util.IllegalActionException: SubscriptionAggregatorPorts cannot be used at the top level, use a SubscriptionAggregator actor instead.
  in .PublisherSubscriptionAggregatorPort.SubscriptionAggregatorPort
	at ptolemy.actor.SubscriptionAggregatorPort.preinitialize(SubscriptionAggregatorPort.java:353)
	at ptolemy.actor.CompositeActor.preinitialize(CompositeActor.java:1769)
	at ptolemy.actor.Manager.preinitializeAndResolveTypes(Manager.java:1040)
	at ptolemy.actor.Manager.initialize(Manager.java:710)
	at ptolemy.actor.Manager.execute(Manager.java:356)
	at ptolemy.actor.Manager.run(Manager.java:1263)
	at ptolemy.actor.Manager$PtolemyRunThread.run(Manager.java:1915)
java.lang.RuntimeException: Execution failed
	at ptolemy.moml.MoMLSimpleApplication$UnloadThread.run(MoMLSimpleApplication.java:402)
Caused by: ptolemy.kernel.util.IllegalActionException: TypeTest actor has no training data.
  in .sizedarray3.TypeTest
	at ptolemy.actor.lib.TypeTest.initialize(TypeTest.java:250)
	at ptolemy.actor.Director.initialize(Director.java:938)
	at ptolemy.actor.Director.initialize(Director.java:907)
	at ptolemy.actor.sched.StaticSchedulingDirector.initialize(StaticSchedulingDirector.java:159)
	at ptolemy.domains.sdf.kernel.SDFDirector.initialize(SDFDirector.java:544)
	at ptolemy.actor.CompositeActor.initialize(CompositeActor.java:935)
	at ptolemy.actor.Manager.initialize(Manager.java:724)
	at ptolemy.actor.Manager.execute(Manager.java:356)
	at ptolemy.actor.Manager.run(Manager.java:1263)
	at ptolemy.actor.Manager$PtolemyRunThread.run(Manager.java:1915)
java.lang.reflect.InvocationTargetException
	at java.base/jdk.internal.reflect.NativeConstructorAccessorImpl.newInstance0(Native Method)
	at java.base/jdk.internal.reflect.NativeConstructorAccessorImpl.newInstance(NativeConstructorAccessorImpl.java:62)
	at java.base/jdk.internal.reflect.DelegatingConstructorAccessorImpl.newInstance(DelegatingConstructorAccessorImpl.java:45)
	at java.base/java.lang.reflect.Constructor.newInstance(Constructor.java:490)
	at ptolemy.util.test.junit.AutoKnownFailedTests.RunModel(AutoKnownFailedTests.java:105)
	at java.base/jdk.internal.reflect.NativeMethodAccessorImpl.invoke0(Native Method)
	at java.base/jdk.internal.reflect.NativeMethodAccessorImpl.invoke(NativeMethodAccessorImpl.java:62)
	at java.base/jdk.internal.reflect.DelegatingMethodAccessorImpl.invoke(DelegatingMethodAccessorImpl.java:43)
	at java.base/java.lang.reflect.Method.invoke(Method.java:566)
	at org.junit.runners.model.FrameworkMethod$1.runReflectiveCall(FrameworkMethod.java:44)
	at org.junit.internal.runners.model.ReflectiveCallable.run(ReflectiveCallable.java:15)
	at org.junit.runners.model.FrameworkMethod.invokeExplosively(FrameworkMethod.java:41)
	at junitparams.internal.InvokeParameterisedMethod.evaluate(InvokeParameterisedMethod.java:102)
	at org.junit.internal.runners.statements.FailOnTimeout$1.run(FailOnTimeout.java:28)
Caused by: ptolemy.kernel.util.IllegalActionException: TypeTest actor has no training data.
  in .sizedarray3.TypeTest
	at ptolemy.actor.lib.TypeTest.initialize(TypeTest.java:250)
	at ptolemy.actor.Director.initialize(Director.java:938)
	at ptolemy.actor.Director.initialize(Director.java:907)
	at ptolemy.actor.sched.StaticSchedulingDirector.initialize(StaticSchedulingDirector.java:159)
	at ptolemy.domains.sdf.kernel.SDFDirector.initialize(SDFDirector.java:544)
	at ptolemy.actor.CompositeActor.initialize(CompositeActor.java:935)
	at ptolemy.actor.Manager.initialize(Manager.java:724)
	at ptolemy.actor.Manager.execute(Manager.java:356)
	at ptolemy.actor.Manager.run(Manager.java:1263)
	at ptolemy.actor.Manager$PtolemyRunThread.run(Manager.java:1915)
java.lang.RuntimeException: Execution failed
	at ptolemy.moml.MoMLSimpleApplication$UnloadThread.run(MoMLSimpleApplication.java:402)
Caused by: ptolemy.kernel.util.IllegalActionException: Test fails in iteration 0.
Value was: "WARNING: An illegal reflective access operation has occurred\nWARNING: Illegal reflective access by io.netty.util.internal.ReflectionUtil (file:/home/travis/build/icyphy/ptII/lib/netty-common-4.1.19.Final.jar) to constructor java.nio.DirectByteBuffer(long,int)\nWARNING: Please consider reporting this to the maintainers of io.netty.util.internal.ReflectionUtil\nWARNING: Use --illegal-access=warn to enable warnings of further illegal reflective access operations\nWARNING: All illegal access operations will be denied in a future release\n". Should have been: ""
  in .ExecRunDemos.Test
	at ptolemy.actor.lib.Test.fire(Test.java:268)
	at ptolemy.actor.AtomicActor.iterate(AtomicActor.java:512)
	at ptolemy.actor.sched.StaticSchedulingDirector.fire(StaticSchedulingDirector.java:216)
	at ptolemy.domains.sdf.kernel.SDFDirector.fire(SDFDirector.java:500)
	at ptolemy.actor.CompositeActor.fire(CompositeActor.java:455)
	at ptolemy.actor.Manager.iterate(Manager.java:851)
	at ptolemy.actor.Manager.execute(Manager.java:369)
	at ptolemy.actor.Manager.run(Manager.java:1263)
	at ptolemy.actor.Manager$PtolemyRunThread.run(Manager.java:1915)
]]></system-err>
</testsuite>
