<?xml version="1.0" encoding="UTF-8" ?>
<testsuite errors="0" failures="1" hostname="travis-job-83cd8511-8e51-4c0e-9b74-22173831fd57" name="ptolemy.actor.lib.test.junit.JUnitTclTest" skipped="0" tests="517" time="67.972" timestamp="2019-09-08T05:42:26">
  <properties>
    <property name="npm.executable" value="npm" />
    <property name="env.TRAVIS_ROOT" value="/" />
    <property name="ptII.mk.exists" value="true" />
    <property name="env.TRAVIS_APP_HOST" value="build.travis-ci.org" />
    <property name="env.rvm_bin_path" value="/home/travis/.rvm/bin" />
    <property name="java.home" value="/usr/local/lib/jvm/openjdk11" />
    <property name="env.TRAVIS_JOB_NUMBER" value="1323.8" />
    <property name="env.TRAVIS_HOME" value="/home/travis" />
    <property name="env.DISPLAY" value=":99.0" />
    <property name="env.TRAVIS_INIT" value="systemd" />
    <property name="env.SSH_TTY" value="/dev/pts/0" />
    <property name="java.net.preferIPv4Stack" value="true" />
    <property name="env.RUN_TESTS" value="true" />
    <property name="timeout.short" value="1000000" />
    <property name="junit.formatter" value="xml" />
    <property name="env.TRAVIS_SUDO" value="true" />
    <property name="env.TRAVIS_JOB_NAME" value="" />
    <property name="env.TRAVIS_STACK_NODE_ATTRIBUTES" value="/.node-attributes.yml" />
    <property name="env.LOGNAME" value="travis" />
    <property name="env.PT_TRAVIS_TEST_CORE1_XML" value="true" />
    <property name="jsdoc.home" value="node_modules/@terraswarm/jsdoc" />
    <property name="debuglevel" value="source,lines,vars" />
    <property name="checkstyle.formatter" value="xml" />
    <property name="env._system_version" value="16.04" />
    <property name="bin.vergil.makeable" value="true" />
    <property name="sun.os.patch.level" value="unknown" />
    <property name="java.vendor.url" value="http://java.oracle.com/" />
    <property name="env.TRAVIS_BUILD_WEB_URL" value="https://travis-ci.org/icyphy/ptII/builds/582232691" />
    <property name="java.version" value="11.0.2" />
    <property name="env.TZ" value="UTC" />
    <property name="env.TRAVIS_PULL_REQUEST_SHA" value="" />
    <property name="env.PT_NO_NET" value="true" />
    <property name="env.TRAVIS_SECURE_ENV_VARS" value="true" />
    <property name="env._system_type" value="Linux" />
    <property name="java.vendor.url.bug" value="http://bugreport.java.com/bugreport/" />
    <property name="npmjs-org-is-up" value="true" />
    <property name="env.LANGUAGE" value="en_US.UTF-8" />
    <property name="env.SSH_CLIENT" value="10.24.2.62 35022 22" />
    <property name="env.GEM_HOME" value="/home/travis/.rvm/gems/ruby-2.5.3" />
    <property name="env.HAS_ANTARES_THREE_LITTLE_FRONZIES_BADGE" value="true" />
    <property name="java.version.date" value="2019-01-15" />
    <property name="env.PS4" value="+" />
    <property name="ant.project.invoked-targets" value="build,test.core1.xml" />
    <property name="env.TRAVIS_PULL_REQUEST_BRANCH" value="" />
    <property name="env.TRAVIS_REPO_SLUG" value="icyphy/ptII" />
    <property name="env.XDG_DATA_DIRS" value="/usr/local/share:/usr/share:/var/lib/snapd/desktop" />
    <property name="jdk.debug" value="release" />
    <property name="env.TRAVIS_APT_PROXY" value="http://apt.cache.travis-ci.com" />
    <property name="node.in.path" value="true" />
    <property name="user.name" value="travis" />
    <property name="java.maxmemory" value="1400m" />
    <property name="env.RUBY_VERSION" value="ruby-2.5.3" />
    <property name="env.LANG" value="en_US.UTF-8" />
    <property name="sun.io.unicode.encoding" value="UnicodeLittle" />
    <property name="sun.jnu.encoding" value="UTF-8" />
    <property name="java.runtime.name" value="OpenJDK Runtime Environment" />
    <property name="usefile" value="false" />
    <property name="return.code" value="0" />
    <property name="junit.single.formatter" value="plain" />
    <property name="env.DYLD_LIBRARY_PATH" value="/home/travis/pthla/certi-tools/lib:" />
    <property name="env.DEBIAN_FRONTEND" value="noninteractive" />
    <property name="env.SSH_CONNECTION" value="10.24.2.62 35022 10.20.0.242 22" />
    <property name="env.MYSQL_UNIX_PORT" value="/var/run/mysqld/mysqld.sock" />
    <property name="env.LC_ALL" value="en_US.UTF-8" />
    <property name="env.TRAVIS_ALLOW_FAILURE" value="false" />
    <property name="env.TRAVIS_JOB_WEB_URL" value="https://travis-ci.org/icyphy/ptII/jobs/582232699" />
    <property name="java.specification.name" value="Java Platform API Specification" />
    <property name="node.works" value="true" />
    <property name="user.timezone" value="" />
    <property name="path.separator" value=":" />
    <property name="env.TRAVIS_ENABLE_INFRA_DETECTION" value="true" />
    <property name="env.PYTHON_CFLAGS" value="-g -fstack-protector --param=ssp-buffer-size=4 -Wformat -Werror=format-security" />
    <property name="timeout.long" value="4000000" />
    <property name="env.CERTI_HOME" value="/home/travis/pthla/certi-tools" />
    <property name="ant.file.ptII" value="/home/travis/build/icyphy/ptII/build.xml" />
    <property name="javadoc.packagenames" value="com.*,diva.*,lbnl.*,org.hlacerti.*,org.json.*,org.ptolemy.*,org.terraswarm.*,ptolemy.*,ptserver.*" />
    <property name="file.encoding" value="UTF-8" />
    <property name="env.TRAVIS_PULL_REQUEST_SLUG" value="" />
    <property name="ant.project.default-target" value="build" />
    <property name="env.GIT_ASKPASS" value="echo" />
    <property name="env.HOME" value="/home/travis" />
    <property name="sun.java.command" value="org.apache.tools.ant.taskdefs.optional.junit.JUnitTestRunner ptolemy.actor.lib.test.junit.JUnitTclTest skipNonTests=false filtertrace=true haltOnError=false haltOnFailure=false formatter=org.apache.tools.ant.taskdefs.optional.junit.OutErrSummaryJUnitResultFormatter showoutput=true outputtoformatters=true logfailedtests=true threadid=0 logtestlistenerevents=false formatter=org.apache.tools.ant.taskdefs.optional.junit.XMLJUnitResultFormatter,/home/travis/build/icyphy/ptII/reports/junit/TEST-ptolemy.actor.lib.test.junit.JUnitTclTest.xml crashfile=/home/travis/build/icyphy/ptII/junitvmwatcher8332149242666086617.properties propsfile=/home/travis/build/icyphy/ptII/junit12262513407387886378.properties" />
    <property name="env.COMPOSER_NO_INTERACTION" value="1" />
    <property name="env.MANPATH" value="/home/travis/.nvm/versions/node/v7.10.1/share/man:/home/travis/.rvm/rubies/ruby-2.5.3/share/man:/usr/local/cmake-3.12.4/man:/usr/local/clang-7.0.0/share/man:/usr/local/man:/usr/local/share/man:/usr/share/man:/home/travis/.rvm/man" />
    <property name="env.TRAVIS_TIMER_ID" value="15915680" />
    <property name="ant.file" value="/home/travis/build/icyphy/ptII/build.xml" />
    <property name="env.TRAVIS_COMMIT_RANGE" value="bc7bfed3151ace78f6177b95f8054c233d74f1bf...1691c4a63a7f6e8f7441362a7c71a7ee30ba8bb1" />
    <property name="env._system_name" value="Ubuntu" />
    <property name="ptII.classpath.optional.property" value="/home/travis/build/icyphy/ptII/lib/bsh-2.0b4.jar:/home/travis/build/icyphy/ptII/lib/ptCal.jar:/home/travis/build/icyphy/ptII/lib/java_cup.jar:/home/travis/build/icyphy/ptII/lib/saxon8.jar:/home/travis/build/icyphy/ptII/lib/saxon8-dom.jar:/home/travis/build/icyphy/ptII/lib/chic.jar:/home/travis/build/icyphy/ptII/lib/ptcolt.jar:/home/travis/build/icyphy/ptII/vendors/misc/itext/iText.jar:/home/travis/build/icyphy/ptII/lib/g4ltl.jar:/home/travis/build/icyphy/ptII/lib/StructuralCoder.jar:/home/travis/build/icyphy/ptII/lib/jcerti.jar:/home/travis/build/icyphy/ptII/lib/javax.mail.jar:/home/travis/build/icyphy/ptII/vendors/JMF-2.1.1e/lib/jmf.jar:/home/travis/build/icyphy/ptII/lib/jna-4.0.0-variadic.jar:/home/travis/build/icyphy/ptII/vendors/misc/joystick/Joystick.jar:/home/travis/build/icyphy/ptII/lib/ptjacl.jar:/home/travis/build/icyphy/ptII/lib/jsoup-1.8.2.jar:/home/travis/build/icyphy/ptII/lib/junit-4.8.2.jar:/home/travis/build/icyphy/ptII/lib/JUnitParams-0.4.0.jar:/home/travis/build/icyphy/ptII/ptolemy/actor/lib/excel/jxl.jar:/home/travis/build/icyphy/ptII/lib/jython.jar:/home/travis/build/icyphy/ptII/lib/kieler.jar:/home/travis/build/icyphy/ptII/vendors/opencv/share/OpenCV/java/opencv-341.jar:/home/travis/build/icyphy/ptII/lib/oscP5.jar:/home/travis/build/icyphy/ptII/lib/nrjavaserial-3.11.0.devel.jar:/home/travis/build/icyphy/ptII/vendors/j3d/lib/Linux/j3dcore.jar:/home/travis/build/icyphy/ptII/vendors/j3d/lib/Linux/j3dutils.jar:/home/travis/build/icyphy/ptII/vendors/j3d/lib/Linux/vecmath.jar:/home/travis/build/icyphy/ptII/vendors/jogl/lib/Linux/gluegen-rt-natives-linux-amd64.jar:/home/travis/build/icyphy/ptII/vendors/jogl/lib/Linux/gluegen-rt.jar:/home/travis/build/icyphy/ptII/vendors/jogl/lib/Linux/jogl-all-natives-linux-amd64.jar:/home/travis/build/icyphy/ptII/vendors/jogl/lib/Linux/jogl-all.jar:/home/travis/build/icyphy/ptII/ptolemy/distributed/jini/jar/jini-core.jar:/home/travis/build/icyphy/ptII/ptolemy/distributed/jini/jar/jini-ext.jar:/home/travis/build/icyphy/ptII/ptolemy/distributed/jini/jar/sun-util.jar:/home/travis/build/icyphy/ptII/lib/protobuf-java-2.4.1.jar:/home/travis/build/icyphy/ptII/lib/org.eclipse.paho.client.mqttv3.jar:/home/travis/build/icyphy/ptII/lib/mapss.jar:/home/travis/build/icyphy/ptII/ptolemy/actor/ptalon/antlr/antlr.jar:/home/travis/build/icyphy/ptII/lib/JRI.jar:/home/travis/build/icyphy/ptII/lib/commons-lang-2.6.jar:/home/travis/build/icyphy/ptII/lib/commons-logging-1.1.1.jar:/home/travis/build/icyphy/ptII/lib/sootclasses.jar:/home/travis/build/icyphy/ptII/ptolemy/actor/lib/database/mysql-connector-java-5.1.6-bin.jar:/home/travis/build/icyphy/ptII/vendors/misc/sphinx4/sphinx4-data-5prealpha.jar:/home/travis/build/icyphy/ptII/vendors/misc/sphinx4/sphinx4-core-5prealpha.jar:/home/travis/build/icyphy/ptII/lib/PDFRenderer.jar:/home/travis/build/icyphy/ptII/lib/svgSalamander.jar:/home/travis/build/icyphy/ptII/lib/rsyntaxtextarea-2.6.0-SNAPSHOT.jar:/home/travis/build/icyphy/ptII/lib/hazelcast-3.8.2.jar:/home/travis/build/icyphy/ptII/lib/jackson-annotations-2.9.0.jar:/home/travis/build/icyphy/ptII/lib/jackson-core-2.9.3.jar:/home/travis/build/icyphy/ptII/lib/jackson-databind-2.9.3.jar:/home/travis/build/icyphy/ptII/lib/netty-buffer-4.1.19.Final.jar:/home/travis/build/icyphy/ptII/lib/netty-codec-4.1.19.Final.jar:/home/travis/build/icyphy/ptII/lib/netty-codec-dns-4.1.19.Final.jar:/home/travis/build/icyphy/ptII/lib/netty-codec-http-4.1.19.Final.jar:/home/travis/build/icyphy/ptII/lib/netty-codec-http2-4.1.19.Final.jar:/home/travis/build/icyphy/ptII/lib/netty-common-4.1.19.Final.jar:/home/travis/build/icyphy/ptII/lib/netty-handler-4.1.19.Final.jar:/home/travis/build/icyphy/ptII/lib/netty-resolver-4.1.19.Final.jar:/home/travis/build/icyphy/ptII/lib/netty-resolver-dns-4.1.19.Final.jar:/home/travis/build/icyphy/ptII/lib/netty-transport-4.1.19.Final.jar:/home/travis/build/icyphy/ptII/lib/vertx-codegen-3.5.1.jar:/home/travis/build/icyphy/ptII/lib/vertx-core-3.5.2-SNAPSHOT.jar:/home/travis/build/icyphy/ptII/lib/vertx-hazelcast-3.5.1.jar:/home/travis/build/icyphy/ptII/lib/vertx-lang-js-3.5.1.jar:/home/travis/build/icyphy/ptII/lib/vertx-service-proxy-3.5.1.jar:/home/travis/build/icyphy/ptII/lib/vertx-web-3.5.1.jar:/home/travis/build/icyphy/ptII/lib/slf4j-api-1.7.13.jar:/home/travis/build/icyphy/ptII/lib/slf4j-simple-1.7.13.jar:/home/travis/build/icyphy/ptII/lib/webcam-capture-0.3.12.jar:/home/travis/build/icyphy/ptII/lib/bridj-0.7.0.jar:/home/travis/build/icyphy/ptII/lib/xbjlib-1.1.0.nrjavaserial.jar" />
    <property name="timeout" value="2400000" />
    <property name="test.batch" value="**/junit/*.java" />
    <property name="env._" value="/usr/bin/timeout" />
    <property name="java.io.tmpdir" value="/tmp" />
    <property name="user.language" value="en" />
    <property name="env.TRAVIS_INTERNAL_RUBY_REGEX" value="^ruby-(2\.[0-4]\.[0-9]|1\.9\.3)" />
    <property name="env.HISTCONTROL" value="ignoredups:ignorespace" />
    <property name="env.GOROOT" value="/home/travis/.gimme/versions/go1.11.1.linux.amd64" />
    <property name="line.separator" value="&#xa;" />
    <property name="target" value="11" />
    <property name="env.TRAVIS_BUILD_DIR" value="/home/travis/build/icyphy/ptII" />
    <property name="env.ANT_OPTS" value="-Xmx2048m" />
    <property name="ant.file.type" value="file" />
    <property name="ptolemy.ptII.batchMode" value="true" />
    <property name="env.HISTSIZE" value="1000" />
    <property name="env.MERB_ENV" value="test" />
    <property name="java.vm.info" value="mixed mode" />
    <property name="source" value="11" />
    <property name="java.vm.specification.name" value="Java Virtual Machine Specification" />
    <property name="env.TRAVIS_TEST_RESULT" value="0" />
    <property name="jsdoc.command" value="node_modules/@terraswarm/jsdoc/jsdoc.js" />
    <property name="npm.works" value="true" />
    <property name="cobertura.dir" value="/home/travis/build/icyphy/ptII/vendors/cobertura-2.0.3" />
    <property name="jsdoc.command.exists" value="true" />
    <property name="env.rvm_path" value="/home/travis/.rvm" />
    <property name="env.GEM_PATH" value="/home/travis/.rvm/gems/ruby-2.5.3:/home/travis/.rvm/gems/ruby-2.5.3@global" />
    <property name="env.LC_CTYPE" value="en_US.UTF-8" />
    <property name="env.TRAVIS_CMD" value="$PTII/bin/ptIITravisBuild.sh $SECONDS" />
    <property name="java.awt.printerjob" value="sun.print.PSPrinterJob" />
    <property name="env.TRAVIS_STACK_NAME" value="sardonyx" />
    <property name="env.TRAVIS_TIMER_START_TIME" value="1567920587153340974" />
    <property name="ant.version" value="Apache Ant(TM) version 1.10.1 compiled on February 2 2017" />
    <property name="ptII.reports" value="/home/travis/build/icyphy/ptII/reports" />
    <property name="env.TRAVIS_STACK_TIMESTAMP" value="2019-03-25 16:16:56 UTC" />
    <property name="ant.file.type.ptII" value="file" />
    <property name="env.RBENV_SHELL" value="bash" />
    <property name="os.name" value="Linux" />
    <property name="java.specification.vendor" value="Oracle Corporation" />
    <property name="env.rvm_version" value="1.29.7 (latest)" />
    <property name="env.TRAVIS_INFRA" value="gce" />
    <property name="env.TERM" value="xterm" />
    <property name="java.vm.name" value="OpenJDK 64-Bit Server VM" />
    <property name="env.TRAVIS_BUILD_NUMBER" value="1323" />
    <property name="env.CI" value="true" />
    <property name="java.library.path" value="/home/travis/pthla/certi-tools/lib:/usr/lib/jni:/usr/local/share/OpenCV/java/:/usr/share/OpenCV/java::/usr/java/packages/lib:/usr/lib64:/lib64:/lib:/usr/lib" />
    <property name="jdk.module.path" value="/home/travis/build/icyphy/ptII/vendors/javafx/javafx-sdk-11.0.2/lib:" />
    <property name="env.rvm_prefix" value="/home/travis" />
    <property name="env.PATH" value="/home/travis/pthla/certi-tools/share/scripts:/home/travis/.rvm/gems/ruby-2.5.3/bin:/home/travis/.rvm/gems/ruby-2.5.3@global/bin:/home/travis/.rvm/rubies/ruby-2.5.3/bin:/home/travis/.rvm/bin:/home/travis/.nvm/versions/node/v7.10.1/bin:./node_modules/.bin:/home/travis/build/icyphy/ptII/bin:/home/travis/pthla/certi-tools/bin:/home/travis/bin:/home/travis/.local/bin:/usr/local/lib/jvm/openjdk11/bin:/opt/pyenv/shims:/home/travis/.phpenv/shims:/home/travis/perl5/perlbrew/bin:/home/travis/gopath/bin:/home/travis/.gimme/versions/go1.11.1.linux.amd64/bin:/usr/local/maven-3.6.0/bin:/usr/local/cmake-3.12.4/bin:/usr/local/clang-7.0.0/bin:/usr/local/sbin:/usr/local/bin:/usr/sbin:/usr/bin:/sbin:/bin:/snap/bin:/home/travis/.phpenv/bin:/opt/pyenv/bin:/home/travis/.yarn/bin" />
    <property name="env.TRAVIS_OS_NAME" value="linux" />
    <property name="ant.java.version" value="9" />
    <property name="basedir" value="/home/travis/build/icyphy/ptII" />
    <property name="java.class.version" value="55.0" />
    <property name="env.SHLVL" value="3" />
    <property name="env.LD_LIBRARY_PATH" value="/home/travis/pthla/certi-tools/lib:/usr/lib/jni:/usr/local/share/OpenCV/java/:/usr/share/OpenCV/java:" />
    <property name="env.RACK_ENV" value="test" />
    <property name="ant.home" value="/home/travis/build/icyphy/ptII/ant" />
    <property name="env.NVM_DIR" value="/home/travis/.nvm" />
    <property name="env.CERTI_FOM_PATH" value="/home/travis/pthla/certi-tools/share/federations" />
    <property name="env.TRAVIS_BUILD_ID" value="582232691" />
    <property name="env.PYENV_ROOT" value="/opt/pyenv" />
    <property name="env.TRAVIS_UID" value="2000" />
    <property name="prism.verbose" value="true" />
    <property name="env.NVM_BIN" value="/home/travis/.nvm/versions/node/v7.10.1/bin" />
    <property name="env.TRAVIS_COMMIT" value="1691c4a63a7f6e8f7441362a7c71a7ee30ba8bb1" />
    <property name="env._system_arch" value="x86_64" />
    <property name="node.executable" value="node" />
    <property name="sun.boot.library.path" value="/usr/local/lib/jvm/openjdk11/lib" />
    <property name="sun.management.compiler" value="HotSpot 64-Bit Tiered Compilers" />
    <property name="java.awt.graphicsenv" value="sun.awt.X11GraphicsEnvironment" />
    <property name="env.GOPATH" value="/home/travis/gopath" />
    <property name="ptolemy.ptII.dir" value="/home/travis/build/icyphy/ptII" />
    <property name="env.USER" value="travis" />
    <property name="env.HISTFILESIZE" value="2000" />
    <property name="timeout.longest" value="19000000" />
    <property name="env.PERLBREW_SHELLRC_VERSION" value="0.86" />
    <property name="env.TRAVIS_STACK_FEATURES" value="basic couchdb disabled-ipv6 docker docker-compose elasticsearch firefox go-toolchain google-chrome jdk memcached mongodb mysql nodejs_interpreter perl_interpreter perlbrew phantomjs postgresql python_interpreter redis ruby_interpreter sqlite xserver" />
    <property name="env.TRAVIS_PULL_REQUEST" value="false" />
    <property name="env.PYENV_SHELL" value="bash" />
    <property name="ant.project.name" value="ptII" />
    <property name="env.ANSI_RESET" value="\033[0m" />
    <property name="java.vm.specification.version" value="11" />
    <property name="env.TRAVIS_DIST" value="xenial" />
    <property name="env.CERTI_VERSION" value="4.0.0" />
    <property name="env.CERTI_HOST" value="localhost" />
    <property name="awt.toolkit" value="sun.awt.X11.XToolkit" />
    <property name="env.MY_RUBY_HOME" value="/home/travis/.rvm/rubies/ruby-2.5.3" />
    <property name="sun.cpu.isalist" value="" />
    <property name="env.TRAVIS_TMPDIR" value="/tmp/tmp.n8tuX75sFR" />
    <property name="java.vm.compressedOopsMode" value="Zero based" />
    <property name="os.version" value="4.15.0-1028-gcp" />
    <property name="user.home" value="/home/travis" />
    <property name="java.vm.vendor" value="Oracle Corporation" />
    <property name="env.TRAVIS_TAG" value="nightly" />
    <property name="env.ANSI_YELLOW" value="\033[33;1m" />
    <property name="env.TRAVIS_FILTERED" value="redirect_io" />
    <property name="env.ANSI_GREEN" value="\033[32;1m" />
    <property name="env.JAVA_HOME" value="/usr/local/lib/jvm/openjdk11" />
    <property name="javadoc.excludepackagenames" value="adm.cvs2svn.*,build.*,config.*,doc.coding.templates.*,jni.test.jni.meaningOfLife.*,jni.test.jni.testDeux.*,jni.test.jni.testTrois.*,org.terraswarm.accessor.accessors.web.node_modules.*,org.terraswarm.accessor.accessors.web.hosts.cordova.demo.*,org.terraswarm.accessor.accessors.web.hosts.cordova.plugins.*,org.terraswarm.accessor.accessors-svn.*,pt-modules.*,ptolemy.apps.agilent.*,ptolemy.apps.anytimecontrol.*,ptolemy.apps.apes.*,ptolemy.apps.charon.*,ptolemy.apps.crazyboard.*,ptolemy.apps.eclipse.*,ptolemy.apps.etherealSting.*,ptolemy.apps.fullscreen.*,ptolemy.apps.giotto.*,ptolemy.apps.ia.*,ptolemy.apps.interfaces.*,ptolemy.apps.jmf.*,ptolemy.apps.kurt.*,ptolemy.apps.kvm.*,ptolemy.apps.lego.*,ptolemy.apps.lejos.*,ptolemy.apps.midp.*,ptolemy.apps.mobileCoding.*,ptolemy.apps.pendulum.*,ptolemy.apps.rijndael.*,ptolemy.apps.robot.*,ptolemy.apps.security.*,ptolemy.apps.sobel.*,ptolemy.apps.soot.*,ptolemy.apps.throttle.*,ptolemy.apps.tini.*,ptolemy.apps.transmission.*,ptolemy.apps.vergil.*,ptolemy.apps.waba.*,ptolemy.apps.websensor.*,ptolemy.apps.webstart.*,ptolemy.apps.xsl.*,ptolemy.apps.zaurus.*,ptolemy.codegen.c.actor.lib.oldJavaFiles.*,ptolemy.codegen.dsp.lib.*,ptolemy.codegen.kernel.newInterfaces.*,ptolemy.codegen.lib.*,ptolemy.copernicus.kernel.fragment.*,ptolemy.copernicus.shallow.cg.*,ptolemy.domains.giotto.demo.Hierarchy.Hierarchy.*,ptolemy.domains.giotto.demo.Multimode.Multimode.*,ptolemy.domains.giotto.demo.Simple.Simple.*,ptolemy.domains.gr.lib.experimental.*,ptolemy.domains.gro.*,ptolemy.domains.pdf.*,ptolemy.domains.ptinyos.demo.Surge.output.*,ptolemy.moml.test.NoPackageActor.java*,ptolemy.plot.adm.*,ptolemy.plot.servlet.*,reports.*,signed.*,src.*,target.*,vendors.*,ptolemy.copernicus.applet.*,ptolemy.media.viewer.*,ptolemy.actor.corba.*,doc.doclets.*,ptolemy.apps.eclipse.awt.*,ptolemy.backtrack.*,ptolemy.backtrack.ast.*,ptolemy.cg.adapter.generic.program.procedural.c.mbed*,ptolemy.homer.*,ptolemy.actor.lib.jai.*,org.ptolemy.scala.*,diva.util.java2d.svg.*,ptolemy.domains.ptinyos.*,ptolemy.actor.lib.fmi.fmipp.*,,org.terraswarm.accessor.accessors.web.node_modules.*,org.terraswarm.accessor.accessors-svn,ptolemy.apps.*,ptolemy.actor.ptalon.demo.ptinyos.SendAndReceiveCnt.output,ptolemy.actor.ptalon.demo.ptinyos.SenseToLeds.output,ptolemy.domains.ptinyos.demo.CntToLedsAndRfm.output,ptolemy.domains.ptinyos.demo.RfmToLeds.output,ptolemy.domains.ptinyos.demo.SendAndReceiveCnt.output,ptolemy.domains.ptinyos.demo.SenseToLeds.output,ptolemy.actor.lib.jjs.modules.udpSocket.*" />
    <property name="env.PTII" value="/home/travis/build/icyphy/ptII" />
    <property name="env.XDG_SESSION_ID" value="2" />
    <property name="keystore" value="ptKeystore" />
    <property name="env.TRAVIS_COMMIT_MESSAGE" value="Use --release 8 instead of -target 8 -release 8 because --release 8 includes -target 8." />
    <property name="junit.output.dir" value="/home/travis/build/icyphy/ptII/reports/junit" />
    <property name="npm.return.code" value="0" />
    <property name="user.dir" value="/home/travis/build/icyphy/ptII/ptolemy/actor/lib/test" />
    <property name="env.TRAVIS_NODE_VERSION" value="7" />
    <property name="env.TRAVIS_EVENT_TYPE" value="cron" />
    <property name="env.MAIL" value="/var/mail/travis" />
    <property name="env.PERLBREW_ROOT" value="/home/travis/perl5/perlbrew" />
    <property name="env.PWD" value="/home/travis/build/icyphy/ptII" />
    <property name="timeout.npm" value="45000" />
    <property name="env.TRAVIS_ARCH" value="amd64" />
    <property name="sun.cpu.endian" value="little" />
    <property name="env.PAGER" value="cat" />
    <property name="env.TRAVIS_BUILD_STAGE_NAME" value="Test" />
    <property name="env.PERLBREW_HOME" value="/home/travis/.perlbrew" />
    <property name="java.vm.version" value="11.0.2+9" />
    <property name="env.RAILS_ENV" value="test" />
    <property name="java.class.path" value="/home/travis/.ptolemyII:/home/travis/.ptolemyII/*:/home/travis/build/icyphy/ptII:/home/travis/build/icyphy/ptII/lib/bsh-2.0b4.jar:/home/travis/build/icyphy/ptII/lib/ptCal.jar:/home/travis/build/icyphy/ptII/lib/java_cup.jar:/home/travis/build/icyphy/ptII/lib/saxon8.jar:/home/travis/build/icyphy/ptII/lib/saxon8-dom.jar:/home/travis/build/icyphy/ptII/lib/chic.jar:/home/travis/build/icyphy/ptII/lib/ptcolt.jar:/home/travis/build/icyphy/ptII/vendors/misc/itext/iText.jar:/home/travis/build/icyphy/ptII/lib/g4ltl.jar:/home/travis/build/icyphy/ptII/lib/StructuralCoder.jar:/home/travis/build/icyphy/ptII/lib/jcerti.jar:/home/travis/build/icyphy/ptII/lib/javax.mail.jar:/home/travis/build/icyphy/ptII/vendors/JMF-2.1.1e/lib/jmf.jar:/home/travis/build/icyphy/ptII/lib/jna-4.0.0-variadic.jar:/home/travis/build/icyphy/ptII/vendors/misc/joystick/Joystick.jar:/home/travis/build/icyphy/ptII/lib/ptjacl.jar:/home/travis/build/icyphy/ptII/lib/jsoup-1.8.2.jar:/home/travis/build/icyphy/ptII/lib/junit-4.8.2.jar:/home/travis/build/icyphy/ptII/lib/JUnitParams-0.4.0.jar:/home/travis/build/icyphy/ptII/ptolemy/actor/lib/excel/jxl.jar:/home/travis/build/icyphy/ptII/lib/jython.jar:/home/travis/build/icyphy/ptII/lib/kieler.jar:/home/travis/build/icyphy/ptII/vendors/opencv/share/OpenCV/java/opencv-341.jar:/home/travis/build/icyphy/ptII/lib/oscP5.jar:/home/travis/build/icyphy/ptII/lib/nrjavaserial-3.11.0.devel.jar:/home/travis/build/icyphy/ptII/vendors/j3d/lib/Linux/j3dcore.jar:/home/travis/build/icyphy/ptII/vendors/j3d/lib/Linux/j3dutils.jar:/home/travis/build/icyphy/ptII/vendors/j3d/lib/Linux/vecmath.jar:/home/travis/build/icyphy/ptII/vendors/jogl/lib/Linux/gluegen-rt-natives-linux-amd64.jar:/home/travis/build/icyphy/ptII/vendors/jogl/lib/Linux/gluegen-rt.jar:/home/travis/build/icyphy/ptII/vendors/jogl/lib/Linux/jogl-all-natives-linux-amd64.jar:/home/travis/build/icyphy/ptII/vendors/jogl/lib/Linux/jogl-all.jar:/home/travis/build/icyphy/ptII/ptolemy/distributed/jini/jar/jini-core.jar:/home/travis/build/icyphy/ptII/ptolemy/distributed/jini/jar/jini-ext.jar:/home/travis/build/icyphy/ptII/ptolemy/distributed/jini/jar/sun-util.jar:/home/travis/build/icyphy/ptII/lib/protobuf-java-2.4.1.jar:/home/travis/build/icyphy/ptII/lib/org.eclipse.paho.client.mqttv3.jar:/home/travis/build/icyphy/ptII/lib/mapss.jar:/home/travis/build/icyphy/ptII/ptolemy/actor/ptalon/antlr/antlr.jar:/home/travis/build/icyphy/ptII/lib/JRI.jar:/home/travis/build/icyphy/ptII/lib/commons-lang-2.6.jar:/home/travis/build/icyphy/ptII/lib/commons-logging-1.1.1.jar:/home/travis/build/icyphy/ptII/lib/sootclasses.jar:/home/travis/build/icyphy/ptII/ptolemy/actor/lib/database/mysql-connector-java-5.1.6-bin.jar:/home/travis/build/icyphy/ptII/vendors/misc/sphinx4/sphinx4-data-5prealpha.jar:/home/travis/build/icyphy/ptII/vendors/misc/sphinx4/sphinx4-core-5prealpha.jar:/home/travis/build/icyphy/ptII/lib/PDFRenderer.jar:/home/travis/build/icyphy/ptII/lib/svgSalamander.jar:/home/travis/build/icyphy/ptII/lib/rsyntaxtextarea-2.6.0-SNAPSHOT.jar:/home/travis/build/icyphy/ptII/lib/hazelcast-3.8.2.jar:/home/travis/build/icyphy/ptII/lib/jackson-annotations-2.9.0.jar:/home/travis/build/icyphy/ptII/lib/jackson-core-2.9.3.jar:/home/travis/build/icyphy/ptII/lib/jackson-databind-2.9.3.jar:/home/travis/build/icyphy/ptII/lib/netty-buffer-4.1.19.Final.jar:/home/travis/build/icyphy/ptII/lib/netty-codec-4.1.19.Final.jar:/home/travis/build/icyphy/ptII/lib/netty-codec-dns-4.1.19.Final.jar:/home/travis/build/icyphy/ptII/lib/netty-codec-http-4.1.19.Final.jar:/home/travis/build/icyphy/ptII/lib/netty-codec-http2-4.1.19.Final.jar:/home/travis/build/icyphy/ptII/lib/netty-common-4.1.19.Final.jar:/home/travis/build/icyphy/ptII/lib/netty-handler-4.1.19.Final.jar:/home/travis/build/icyphy/ptII/lib/netty-resolver-4.1.19.Final.jar:/home/travis/build/icyphy/ptII/lib/netty-resolver-dns-4.1.19.Final.jar:/home/travis/build/icyphy/ptII/lib/netty-transport-4.1.19.Final.jar:/home/travis/build/icyphy/ptII/lib/vertx-codegen-3.5.1.jar:/home/travis/build/icyphy/ptII/lib/vertx-core-3.5.2-SNAPSHOT.jar:/home/travis/build/icyphy/ptII/lib/vertx-hazelcast-3.5.1.jar:/home/travis/build/icyphy/ptII/lib/vertx-lang-js-3.5.1.jar:/home/travis/build/icyphy/ptII/lib/vertx-service-proxy-3.5.1.jar:/home/travis/build/icyphy/ptII/lib/vertx-web-3.5.1.jar:/home/travis/build/icyphy/ptII/lib/slf4j-api-1.7.13.jar:/home/travis/build/icyphy/ptII/lib/slf4j-simple-1.7.13.jar:/home/travis/build/icyphy/ptII/lib/webcam-capture-0.3.12.jar:/home/travis/build/icyphy/ptII/lib/bridj-0.7.0.jar:/home/travis/build/icyphy/ptII/lib/xbjlib-1.1.0.nrjavaserial.jar:/home/travis/build/icyphy/ptII/ptolemy/moml/test:/home/travis/build/icyphy/ptII/ant/lib/ant-launcher.jar:/home/travis/build/icyphy/ptII/ant/lib/ant.jar:/home/travis/build/icyphy/ptII/ant/lib/ant-junit.jar:/home/travis/build/icyphy/ptII/ant/lib/ant-junit4.jar" />
    <property name="ant.library.dir" value="/home/travis/build/icyphy/ptII/ant/lib" />
    <property name="os.arch" value="amd64" />
    <property name="env.CONTINUOUS_INTEGRATION" value="true" />
    <property name="env.TRAVIS_LANGUAGE" value="node_js" />
    <property name="env.TRAVIS_STACK_LANGUAGES" value="__sardonyx__ c c++ clojure cplusplus cpp default generic go groovy java node_js php pure_java python ruby scala" />
    <property name="test.name" value="ptolemy.actor.lib.test.junit.JUnitTclTest" />
    <property name="env.APT_KEY_DONT_WARN_ON_DANGEROUS_USAGE" value="1" />
    <property name="sun.java.launcher" value="SUN_STANDARD" />
    <property name="env.PYTHON_CONFIGURE_OPTS" value="--enable-unicode=ucs4 --with-wide-unicode --enable-shared --enable-ipv6 --enable-loadable-sqlite-extensions --with-computed-gotos" />
    <property name="ant.core.lib" value="/home/travis/build/icyphy/ptII/ant/lib/ant.jar" />
    <property name="java.vm.specification.vendor" value="Oracle Corporation" />
    <property name="env.BCVTB_HOME" value="/home/travis/build/icyphy/ptII/lbnl" />
    <property name="file.separator" value="/" />
    <property name="spotbugs.home" value="/home/travis/build/icyphy/ptII/vendors/spotbugs-3.1.1" />
    <property name="java.runtime.version" value="11.0.2+9" />
    <property name="env.ANSI_CLEAR" value="\033[0K" />
    <property name="javafx.verbose" value="true" />
    <property name="env.HAS_JOSH_K_SEAL_OF_APPROVAL" value="true" />
    <property name="env.XDG_RUNTIME_DIR" value="/run/user/2000" />
    <property name="env.TRAVIS_OSX_IMAGE" value="" />
    <property name="env.TRAVIS_JOB_ID" value="582232699" />
    <property name="env.TRAVIS_BRANCH" value="master" />
    <property name="user.country" value="US" />
    <property name="env.CERTI_HOME_TRAVIS" value="/home/travis/pthla/certi-tools" />
    <property name="env.SHELL" value="/bin/bash" />
    <property name="java.maxmemory.large" value="3200m" />
    <property name="model" value="" />
    <property name="env.CASHER_DIR" value="/home/travis/.casher" />
    <property name="env.NVM_CD_FLAGS" value="" />
    <property name="java.vendor.version" value="18.9" />
    <property name="jshint.executable" value="/home/travis/node_modules/jshint/bin/jshint" />
    <property name="env.JRUBY_OPTS" value=" --client -J-XX:+TieredCompilation -J-XX:TieredStopAtLevel=1 -J-Xss2m -Xcompile.invokedynamic=false" />
    <property name="java.vendor" value="Oracle Corporation" />
    <property name="env.TRAVIS_PRE_CHEF_BOOTSTRAP_TIME" value="2019-03-25T16:16:42" />
    <property name="env.TRAVIS_STACK_JOB_BOARD_REGISTER" value="/.job-board-register.yml" />
    <property name="env.ANSI_RED" value="\033[31;1m" />
    <property name="java.specification.version" value="11" />
    <property name="env.IRBRC" value="/home/travis/.rvm/rubies/ruby-2.5.3/.irbrc" />
    <property name="env.TRAVIS" value="true" />
    <property name="sun.arch.data.model" value="64" />
  </properties>
  <testcase classname="ptolemy.util.test.junit.TclTests" name="[0] /home/travis/build/icyphy/ptII/ptolemy/actor/lib/test/AbsoluteValue.tcl (RunTclFile)" time="0.627" />
  <testcase classname="ptolemy.util.test.junit.TclTests" name="[1] /home/travis/build/icyphy/ptII/ptolemy/actor/lib/test/AddSubtract.tcl (RunTclFile)" time="0.206" />
  <testcase classname="ptolemy.util.test.junit.TclTests" name="[2] /home/travis/build/icyphy/ptII/ptolemy/actor/lib/test/Average.tcl (RunTclFile)" time="0.046" />
  <testcase classname="ptolemy.util.test.junit.TclTests" name="[3] /home/travis/build/icyphy/ptII/ptolemy/actor/lib/test/Bernoulli.tcl (RunTclFile)" time="0.032" />
  <testcase classname="ptolemy.util.test.junit.TclTests" name="[4] /home/travis/build/icyphy/ptII/ptolemy/actor/lib/test/Clock.tcl (RunTclFile)" time="0.162" />
  <testcase classname="ptolemy.util.test.junit.TclTests" name="[5] /home/travis/build/icyphy/ptII/ptolemy/actor/lib/test/Commutator.tcl (RunTclFile)" time="0.225" />
  <testcase classname="ptolemy.util.test.junit.TclTests" name="[6] /home/travis/build/icyphy/ptII/ptolemy/actor/lib/test/Const.tcl (RunTclFile)" time="0.196" />
  <testcase classname="ptolemy.util.test.junit.TclTests" name="[7] /home/travis/build/icyphy/ptII/ptolemy/actor/lib/test/CurrentTime.tcl (RunTclFile)" time="0.048" />
  <testcase classname="ptolemy.util.test.junit.TclTests" name="[8] /home/travis/build/icyphy/ptII/ptolemy/actor/lib/test/DB.tcl (RunTclFile)" time="0.068" />
  <testcase classname="ptolemy.util.test.junit.TclTests" name="[9] /home/travis/build/icyphy/ptII/ptolemy/actor/lib/test/DiscreteRandomSource.tcl (RunTclFile)" time="0.094" />
  <testcase classname="ptolemy.util.test.junit.TclTests" name="[10] /home/travis/build/icyphy/ptII/ptolemy/actor/lib/test/Distributor.tcl (RunTclFile)" time="0.04" />
  <testcase classname="ptolemy.util.test.junit.TclTests" name="[11] /home/travis/build/icyphy/ptII/ptolemy/actor/lib/test/Exit.tcl (RunTclFile)" time="0.115" />
  <testcase classname="ptolemy.util.test.junit.TclTests" name="[12] /home/travis/build/icyphy/ptII/ptolemy/actor/lib/test/Expression.tcl (RunTclFile)" time="0.106" />
  <testcase classname="ptolemy.util.test.junit.TclTests" name="[13] /home/travis/build/icyphy/ptII/ptolemy/actor/lib/test/Gaussian.tcl (RunTclFile)" time="0.645" />
  <testcase classname="ptolemy.util.test.junit.TclTests" name="[14] /home/travis/build/icyphy/ptII/ptolemy/actor/lib/test/IIR.tcl (RunTclFile)" time="0.056" />
  <testcase classname="ptolemy.util.test.junit.TclTests" name="[15] /home/travis/build/icyphy/ptII/ptolemy/actor/lib/test/Interpolator.tcl (RunTclFile)" time="0.119" />
  <testcase classname="ptolemy.util.test.junit.TclTests" name="[16] /home/travis/build/icyphy/ptII/ptolemy/actor/lib/test/MathFunction.tcl (RunTclFile)" time="0.05" />
  <testcase classname="ptolemy.util.test.junit.TclTests" name="[17] /home/travis/build/icyphy/ptII/ptolemy/actor/lib/test/Maximum.tcl (RunTclFile)" time="0.047" />
  <testcase classname="ptolemy.util.test.junit.TclTests" name="[18] /home/travis/build/icyphy/ptII/ptolemy/actor/lib/test/Minimum.tcl (RunTclFile)" time="0.05" />
  <testcase classname="ptolemy.util.test.junit.TclTests" name="[19] /home/travis/build/icyphy/ptII/ptolemy/actor/lib/test/MultiplyDivide.tcl (RunTclFile)" time="0.036" />
  <testcase classname="ptolemy.util.test.junit.TclTests" name="[20] /home/travis/build/icyphy/ptII/ptolemy/actor/lib/test/OrderedMerge.tcl (RunTclFile)" time="0.133" />
  <testcase classname="ptolemy.util.test.junit.TclTests" name="[21] /home/travis/build/icyphy/ptII/ptolemy/actor/lib/test/Publisher.tcl (RunTclFile)" time="1.11" />
  <testcase classname="ptolemy.util.test.junit.TclTests" name="[22] /home/travis/build/icyphy/ptII/ptolemy/actor/lib/test/Pulse.tcl (RunTclFile)" time="0.043" />
  <testcase classname="ptolemy.util.test.junit.TclTests" name="[23] /home/travis/build/icyphy/ptII/ptolemy/actor/lib/test/Ramp.tcl (RunTclFile)" time="2.493" />
  <testcase classname="ptolemy.util.test.junit.TclTests" name="[24] /home/travis/build/icyphy/ptII/ptolemy/actor/lib/test/RampContinuous.tcl (RunTclFile)" time="0.023" />
  <testcase classname="ptolemy.util.test.junit.TclTests" name="[25] /home/travis/build/icyphy/ptII/ptolemy/actor/lib/test/RecordAssembler.tcl (RunTclFile)" time="0.019" />
  <testcase classname="ptolemy.util.test.junit.TclTests" name="[26] /home/travis/build/icyphy/ptII/ptolemy/actor/lib/test/RecordDisassembler.tcl (RunTclFile)" time="0.023" />
  <testcase classname="ptolemy.util.test.junit.TclTests" name="[27] /home/travis/build/icyphy/ptII/ptolemy/actor/lib/test/Scale.tcl (RunTclFile)" time="0.024" />
  <testcase classname="ptolemy.util.test.junit.TclTests" name="[28] /home/travis/build/icyphy/ptII/ptolemy/actor/lib/test/SequentialClock.tcl (RunTclFile)" time="0.015" />
  <testcase classname="ptolemy.util.test.junit.TclTests" name="[29] /home/travis/build/icyphy/ptII/ptolemy/actor/lib/test/SetVariable.tcl (RunTclFile)" time="0.028">
    <failure message="Number of failed tests is has increased. expected:&lt;0&gt; but was:&lt;1&gt;" type="junit.framework.AssertionFailedError">junit.framework.AssertionFailedError: Number of failed tests is has increased. expected:&lt;0&gt; but was:&lt;1&gt;
	at ptolemy.util.test.junit.TclTests.RunTclFile(TclTests.java:286)
	at jdk.internal.reflect.GeneratedMethodAccessor19.invoke(Unknown Source)
	at java.base/jdk.internal.reflect.DelegatingMethodAccessorImpl.invoke(DelegatingMethodAccessorImpl.java:43)
	at junitparams.internal.InvokeParameterisedMethod.evaluate(InvokeParameterisedMethod.java:102)
	at junitparams.internal.ParameterisedTestMethodRunner.runMethodInvoker(ParameterisedTestMethodRunner.java:47)
	at junitparams.internal.ParameterisedTestMethodRunner.runTestMethod(ParameterisedTestMethodRunner.java:41)
	at junitparams.internal.ParameterisedTestClassRunner.runParameterisedTest(ParameterisedTestClassRunner.java:143)
	at junitparams.JUnitParamsRunner.runChild(JUnitParamsRunner.java:237)
	at junitparams.JUnitParamsRunner.runChild(JUnitParamsRunner.java:215)
</failure>
  </testcase>
  <testcase classname="ptolemy.util.test.junit.TclTests" name="[30] /home/travis/build/icyphy/ptII/ptolemy/actor/lib/test/Sinewave.tcl (RunTclFile)" time="0.072" />
  <testcase classname="ptolemy.util.test.junit.TclTests" name="[31] /home/travis/build/icyphy/ptII/ptolemy/actor/lib/test/SubscriptionAggregator.tcl (RunTclFile)" time="2.528" />
  <testcase classname="ptolemy.util.test.junit.TclTests" name="[32] /home/travis/build/icyphy/ptII/ptolemy/actor/lib/test/Test.tcl (RunTclFile)" time="0.168" />
  <testcase classname="ptolemy.util.test.junit.TclTests" name="[33] /home/travis/build/icyphy/ptII/ptolemy/actor/lib/test/TestExceptionHandler.tcl (RunTclFile)" time="0.018" />
  <testcase classname="ptolemy.util.test.junit.TclTests" name="[34] /home/travis/build/icyphy/ptII/ptolemy/actor/lib/test/UnionDisassembler.tcl (RunTclFile)" time="0.107" />
  <testcase classname="ptolemy.util.test.junit.TclTests" name="[35] /home/travis/build/icyphy/ptII/ptolemy/actor/lib/test/VariableClock.tcl (RunTclFile)" time="0.031" />
  <testcase classname="ptolemy.util.test.junit.AutoKnownFailedTests" name="[0] /home/travis/build/icyphy/ptII/ptolemy/actor/lib/test/auto/knownFailedTests/PublisherPortToplevelSubscriber.xml (RunModel)" time="0.026" />
  <testcase classname="ptolemy.util.test.junit.AutoKnownFailedTests" name="[1] /home/travis/build/icyphy/ptII/ptolemy/actor/lib/test/auto/knownFailedTests/PublisherSubscriberPortToplevel.xml (RunModel)" time="0.044" />
  <testcase classname="ptolemy.util.test.junit.AutoKnownFailedTests" name="[2] /home/travis/build/icyphy/ptII/ptolemy/actor/lib/test/auto/knownFailedTests/PublisherSubscriptionAggregatorPort.xml (RunModel)" time="0.025" />
  <testcase classname="ptolemy.util.test.junit.AutoKnownFailedTests" name="[3] /home/travis/build/icyphy/ptII/ptolemy/actor/lib/test/auto/knownFailedTests/sizedarray3.xml (RunModel)" time="0.028" />
  <testcase classname="ptolemy.util.test.junit.AutoNameArchTests" name="[0] ThereAreNoAutoArchTests (RunModel)" time="0.002" />
  <testcase classname="ptolemy.util.test.junit.AutoTests" name="[0] /home/travis/build/icyphy/ptII/ptolemy/actor/lib/test/auto/AbsoluteValue.xml (RunModel)" time="0.138" />
  <testcase classname="ptolemy.util.test.junit.AutoTests" name="[1] /home/travis/build/icyphy/ptII/ptolemy/actor/lib/test/auto/AbsoluteValue2.xml (RunModel)" time="0.066" />
  <testcase classname="ptolemy.util.test.junit.AutoTests" name="[2] /home/travis/build/icyphy/ptII/ptolemy/actor/lib/test/auto/Accumulator.xml (RunModel)" time="0.08" />
  <testcase classname="ptolemy.util.test.junit.AutoTests" name="[3] /home/travis/build/icyphy/ptII/ptolemy/actor/lib/test/auto/Accumulator2.xml (RunModel)" time="0.057" />
  <testcase classname="ptolemy.util.test.junit.AutoTests" name="[4] /home/travis/build/icyphy/ptII/ptolemy/actor/lib/test/auto/Accumulator3.xml (RunModel)" time="0.05" />
  <testcase classname="ptolemy.util.test.junit.AutoTests" name="[5] /home/travis/build/icyphy/ptII/ptolemy/actor/lib/test/auto/ArrayAppend.xml (RunModel)" time="0.033" />
  <testcase classname="ptolemy.util.test.junit.AutoTests" name="[6] /home/travis/build/icyphy/ptII/ptolemy/actor/lib/test/auto/ArrayAppend2.xml (RunModel)" time="0.531" />
  <testcase classname="ptolemy.util.test.junit.AutoTests" name="[7] /home/travis/build/icyphy/ptII/ptolemy/actor/lib/test/auto/ArrayAppend3.xml (RunModel)" time="0.056" />
  <testcase classname="ptolemy.util.test.junit.AutoTests" name="[8] /home/travis/build/icyphy/ptII/ptolemy/actor/lib/test/auto/ArrayAppend4.xml (RunModel)" time="0.026" />
  <testcase classname="ptolemy.util.test.junit.AutoTests" name="[9] /home/travis/build/icyphy/ptII/ptolemy/actor/lib/test/auto/ArrayAppend5.xml (RunModel)" time="0.037" />
  <testcase classname="ptolemy.util.test.junit.AutoTests" name="[10] /home/travis/build/icyphy/ptII/ptolemy/actor/lib/test/auto/ArrayAppend6.xml (RunModel)" time="0.024" />
  <testcase classname="ptolemy.util.test.junit.AutoTests" name="[11] /home/travis/build/icyphy/ptII/ptolemy/actor/lib/test/auto/ArrayAppendPerformanceTest.xml (RunModel)" time="0.071" />
  <testcase classname="ptolemy.util.test.junit.AutoTests" name="[12] /home/travis/build/icyphy/ptII/ptolemy/actor/lib/test/auto/ArrayAppendWithEmptyInput.xml (RunModel)" time="0.074" />
  <testcase classname="ptolemy.util.test.junit.AutoTests" name="[13] /home/travis/build/icyphy/ptII/ptolemy/actor/lib/test/auto/ArrayAverage.xml (RunModel)" time="0.056" />
  <testcase classname="ptolemy.util.test.junit.AutoTests" name="[14] /home/travis/build/icyphy/ptII/ptolemy/actor/lib/test/auto/ArrayContains.xml (RunModel)" time="0.037" />
  <testcase classname="ptolemy.util.test.junit.AutoTests" name="[15] /home/travis/build/icyphy/ptII/ptolemy/actor/lib/test/auto/ArrayElement.xml (RunModel)" time="0.031" />
  <testcase classname="ptolemy.util.test.junit.AutoTests" name="[16] /home/travis/build/icyphy/ptII/ptolemy/actor/lib/test/auto/ArrayElementAsMatrix.xml (RunModel)" time="0.059" />
  <testcase classname="ptolemy.util.test.junit.AutoTests" name="[17] /home/travis/build/icyphy/ptII/ptolemy/actor/lib/test/auto/ArrayElementI.xml (RunModel)" time="0.036" />
  <testcase classname="ptolemy.util.test.junit.AutoTests" name="[18] /home/travis/build/icyphy/ptII/ptolemy/actor/lib/test/auto/ArrayExtract.xml (RunModel)" time="0.038" />
  <testcase classname="ptolemy.util.test.junit.AutoTests" name="[19] /home/travis/build/icyphy/ptII/ptolemy/actor/lib/test/auto/ArrayExtract2.xml (RunModel)" time="0.022" />
  <testcase classname="ptolemy.util.test.junit.AutoTests" name="[20] /home/travis/build/icyphy/ptII/ptolemy/actor/lib/test/auto/ArrayLength.xml (RunModel)" time="0.017" />
  <testcase classname="ptolemy.util.test.junit.AutoTests" name="[21] /home/travis/build/icyphy/ptII/ptolemy/actor/lib/test/auto/ArrayLevelCrossing.xml (RunModel)" time="0.029" />
  <testcase classname="ptolemy.util.test.junit.AutoTests" name="[22] /home/travis/build/icyphy/ptII/ptolemy/actor/lib/test/auto/ArrayLevelCrossing2.xml (RunModel)" time="0.024" />
  <testcase classname="ptolemy.util.test.junit.AutoTests" name="[23] /home/travis/build/icyphy/ptII/ptolemy/actor/lib/test/auto/ArrayPeakSearch.xml (RunModel)" time="0.036" />
  <testcase classname="ptolemy.util.test.junit.AutoTests" name="[24] /home/travis/build/icyphy/ptII/ptolemy/actor/lib/test/auto/ArrayPeakSearch2.xml (RunModel)" time="0.047" />
  <testcase classname="ptolemy.util.test.junit.AutoTests" name="[25] /home/travis/build/icyphy/ptII/ptolemy/actor/lib/test/auto/ArrayPeakSearch3.xml (RunModel)" time="0.044" />
  <testcase classname="ptolemy.util.test.junit.AutoTests" name="[26] /home/travis/build/icyphy/ptII/ptolemy/actor/lib/test/auto/ArrayRemoveElement.xml (RunModel)" time="0.033" />
  <testcase classname="ptolemy.util.test.junit.AutoTests" name="[27] /home/travis/build/icyphy/ptII/ptolemy/actor/lib/test/auto/ArraySort.xml (RunModel)" time="0.038" />
  <testcase classname="ptolemy.util.test.junit.AutoTests" name="[28] /home/travis/build/icyphy/ptII/ptolemy/actor/lib/test/auto/ArraySum.xml (RunModel)" time="0.02" />
  <testcase classname="ptolemy.util.test.junit.AutoTests" name="[29] /home/travis/build/icyphy/ptII/ptolemy/actor/lib/test/auto/ArrayToElements.xml (RunModel)" time="0.019" />
  <testcase classname="ptolemy.util.test.junit.AutoTests" name="[30] /home/travis/build/icyphy/ptII/ptolemy/actor/lib/test/auto/ArrayToMatrix.xml (RunModel)" time="0.064" />
  <testcase classname="ptolemy.util.test.junit.AutoTests" name="[31] /home/travis/build/icyphy/ptII/ptolemy/actor/lib/test/auto/ArrayUpdate1.xml (RunModel)" time="0.028" />
  <testcase classname="ptolemy.util.test.junit.AutoTests" name="[32] /home/travis/build/icyphy/ptII/ptolemy/actor/lib/test/auto/ArrayUpdate2.xml (RunModel)" time="0.027" />
  <testcase classname="ptolemy.util.test.junit.AutoTests" name="[33] /home/travis/build/icyphy/ptII/ptolemy/actor/lib/test/auto/ArrayUpdate3.xml (RunModel)" time="0.03" />
  <testcase classname="ptolemy.util.test.junit.AutoTests" name="[34] /home/travis/build/icyphy/ptII/ptolemy/actor/lib/test/auto/Assert1.xml (RunModel)" time="0.032" />
  <testcase classname="ptolemy.util.test.junit.AutoTests" name="[35] /home/travis/build/icyphy/ptII/ptolemy/actor/lib/test/auto/Assert2.xml (RunModel)" time="0.018" />
  <testcase classname="ptolemy.util.test.junit.AutoTests" name="[36] /home/travis/build/icyphy/ptII/ptolemy/actor/lib/test/auto/BooleanMultiplexor.xml (RunModel)" time="0.02" />
  <testcase classname="ptolemy.util.test.junit.AutoTests" name="[37] /home/travis/build/icyphy/ptII/ptolemy/actor/lib/test/auto/BooleanMultiplexor2.xml (RunModel)" time="0.03" />
  <testcase classname="ptolemy.util.test.junit.AutoTests" name="[38] /home/travis/build/icyphy/ptII/ptolemy/actor/lib/test/auto/BooleanMultiplexor3.xml (RunModel)" time="0.022" />
  <testcase classname="ptolemy.util.test.junit.AutoTests" name="[39] /home/travis/build/icyphy/ptII/ptolemy/actor/lib/test/auto/BooleanSelect.xml (RunModel)" time="0.027" />
  <testcase classname="ptolemy.util.test.junit.AutoTests" name="[40] /home/travis/build/icyphy/ptII/ptolemy/actor/lib/test/auto/BooleanSelect2.xml (RunModel)" time="0.017" />
  <testcase classname="ptolemy.util.test.junit.AutoTests" name="[41] /home/travis/build/icyphy/ptII/ptolemy/actor/lib/test/auto/BooleanSwitch.xml (RunModel)" time="0.027" />
  <testcase classname="ptolemy.util.test.junit.AutoTests" name="[42] /home/travis/build/icyphy/ptII/ptolemy/actor/lib/test/auto/BooleanSwitch2.xml (RunModel)" time="0.024" />
  <testcase classname="ptolemy.util.test.junit.AutoTests" name="[43] /home/travis/build/icyphy/ptII/ptolemy/actor/lib/test/auto/BooleanSwitchCloningBugWithClassRelationGroup.xml (RunModel)" time="0.037" />
  <testcase classname="ptolemy.util.test.junit.AutoTests" name="[44] /home/travis/build/icyphy/ptII/ptolemy/actor/lib/test/auto/BusActors.xml (RunModel)" time="0.042" />
  <testcase classname="ptolemy.util.test.junit.AutoTests" name="[45] /home/travis/build/icyphy/ptII/ptolemy/actor/lib/test/auto/ClassWrapper.xml (RunModel)" time="0.028" />
  <testcase classname="ptolemy.util.test.junit.AutoTests" name="[46] /home/travis/build/icyphy/ptII/ptolemy/actor/lib/test/auto/Clock.xml (RunModel)" time="0.012" />
  <testcase classname="ptolemy.util.test.junit.AutoTests" name="[47] /home/travis/build/icyphy/ptII/ptolemy/actor/lib/test/auto/Clock10.xml (RunModel)" time="0.042" />
  <testcase classname="ptolemy.util.test.junit.AutoTests" name="[48] /home/travis/build/icyphy/ptII/ptolemy/actor/lib/test/auto/Clock11.xml (RunModel)" time="0.077" />
  <testcase classname="ptolemy.util.test.junit.AutoTests" name="[49] /home/travis/build/icyphy/ptII/ptolemy/actor/lib/test/auto/Clock12.xml (RunModel)" time="0.03" />
  <testcase classname="ptolemy.util.test.junit.AutoTests" name="[50] /home/travis/build/icyphy/ptII/ptolemy/actor/lib/test/auto/Clock13.xml (RunModel)" time="0.026" />
  <testcase classname="ptolemy.util.test.junit.AutoTests" name="[51] /home/travis/build/icyphy/ptII/ptolemy/actor/lib/test/auto/Clock14.xml (RunModel)" time="0.019" />
  <testcase classname="ptolemy.util.test.junit.AutoTests" name="[52] /home/travis/build/icyphy/ptII/ptolemy/actor/lib/test/auto/Clock15.xml (RunModel)" time="0.022" />
  <testcase classname="ptolemy.util.test.junit.AutoTests" name="[53] /home/travis/build/icyphy/ptII/ptolemy/actor/lib/test/auto/Clock16.xml (RunModel)" time="0.141" />
  <testcase classname="ptolemy.util.test.junit.AutoTests" name="[54] /home/travis/build/icyphy/ptII/ptolemy/actor/lib/test/auto/Clock17.xml (RunModel)" time="0.087" />
  <testcase classname="ptolemy.util.test.junit.AutoTests" name="[55] /home/travis/build/icyphy/ptII/ptolemy/actor/lib/test/auto/Clock18.xml (RunModel)" time="0.075" />
  <testcase classname="ptolemy.util.test.junit.AutoTests" name="[56] /home/travis/build/icyphy/ptII/ptolemy/actor/lib/test/auto/Clock19.xml (RunModel)" time="0.059" />
  <testcase classname="ptolemy.util.test.junit.AutoTests" name="[57] /home/travis/build/icyphy/ptII/ptolemy/actor/lib/test/auto/Clock2.xml (RunModel)" time="0.021" />
  <testcase classname="ptolemy.util.test.junit.AutoTests" name="[58] /home/travis/build/icyphy/ptII/ptolemy/actor/lib/test/auto/Clock20.xml (RunModel)" time="0.025" />
  <testcase classname="ptolemy.util.test.junit.AutoTests" name="[59] /home/travis/build/icyphy/ptII/ptolemy/actor/lib/test/auto/Clock21.xml (RunModel)" time="0.022" />
  <testcase classname="ptolemy.util.test.junit.AutoTests" name="[60] /home/travis/build/icyphy/ptII/ptolemy/actor/lib/test/auto/Clock22.xml (RunModel)" time="0.021" />
  <testcase classname="ptolemy.util.test.junit.AutoTests" name="[61] /home/travis/build/icyphy/ptII/ptolemy/actor/lib/test/auto/Clock23.xml (RunModel)" time="0.023" />
  <testcase classname="ptolemy.util.test.junit.AutoTests" name="[62] /home/travis/build/icyphy/ptII/ptolemy/actor/lib/test/auto/Clock24.xml (RunModel)" time="0.021" />
  <testcase classname="ptolemy.util.test.junit.AutoTests" name="[63] /home/travis/build/icyphy/ptII/ptolemy/actor/lib/test/auto/Clock4.xml (RunModel)" time="0.017" />
  <testcase classname="ptolemy.util.test.junit.AutoTests" name="[64] /home/travis/build/icyphy/ptII/ptolemy/actor/lib/test/auto/Clock5.xml (RunModel)" time="0.019" />
  <testcase classname="ptolemy.util.test.junit.AutoTests" name="[65] /home/travis/build/icyphy/ptII/ptolemy/actor/lib/test/auto/Clock6.xml (RunModel)" time="0.018" />
  <testcase classname="ptolemy.util.test.junit.AutoTests" name="[66] /home/travis/build/icyphy/ptII/ptolemy/actor/lib/test/auto/Clock7.xml (RunModel)" time="0.016" />
  <testcase classname="ptolemy.util.test.junit.AutoTests" name="[67] /home/travis/build/icyphy/ptII/ptolemy/actor/lib/test/auto/Clock8.xml (RunModel)" time="0.022" />
  <testcase classname="ptolemy.util.test.junit.AutoTests" name="[68] /home/travis/build/icyphy/ptII/ptolemy/actor/lib/test/auto/Clock9.xml (RunModel)" time="0.02" />
  <testcase classname="ptolemy.util.test.junit.AutoTests" name="[69] /home/travis/build/icyphy/ptII/ptolemy/actor/lib/test/auto/CommDistDiscard.xml (RunModel)" time="0.036" />
  <testcase classname="ptolemy.util.test.junit.AutoTests" name="[70] /home/travis/build/icyphy/ptII/ptolemy/actor/lib/test/auto/Commutator.xml (RunModel)" time="0.019" />
  <testcase classname="ptolemy.util.test.junit.AutoTests" name="[71] /home/travis/build/icyphy/ptII/ptolemy/actor/lib/test/auto/Commutator2.xml (RunModel)" time="0.015" />
  <testcase classname="ptolemy.util.test.junit.AutoTests" name="[72] /home/travis/build/icyphy/ptII/ptolemy/actor/lib/test/auto/Commutator3.xml (RunModel)" time="0.017" />
  <testcase classname="ptolemy.util.test.junit.AutoTests" name="[73] /home/travis/build/icyphy/ptII/ptolemy/actor/lib/test/auto/Compare.xml (RunModel)" time="0.027" />
  <testcase classname="ptolemy.util.test.junit.AutoTests" name="[74] /home/travis/build/icyphy/ptII/ptolemy/actor/lib/test/auto/CompareDE.xml (RunModel)" time="0.024" />
  <testcase classname="ptolemy.util.test.junit.AutoTests" name="[75] /home/travis/build/icyphy/ptII/ptolemy/actor/lib/test/auto/ComplexDivide.xml (RunModel)" time="0.014" />
  <testcase classname="ptolemy.util.test.junit.AutoTests" name="[76] /home/travis/build/icyphy/ptII/ptolemy/actor/lib/test/auto/ComputeHistogram.xml (RunModel)" time="0.057" />
  <testcase classname="ptolemy.util.test.junit.AutoTests" name="[77] /home/travis/build/icyphy/ptII/ptolemy/actor/lib/test/auto/ConfigurationSelect.xml (RunModel)" time="0.021" />
  <testcase classname="ptolemy.util.test.junit.AutoTests" name="[78] /home/travis/build/icyphy/ptII/ptolemy/actor/lib/test/auto/ConfigurationSelect2.xml (RunModel)" time="0.022" />
  <testcase classname="ptolemy.util.test.junit.AutoTests" name="[79] /home/travis/build/icyphy/ptII/ptolemy/actor/lib/test/auto/ConfigurationSwitch.xml (RunModel)" time="0.039" />
  <testcase classname="ptolemy.util.test.junit.AutoTests" name="[80] /home/travis/build/icyphy/ptII/ptolemy/actor/lib/test/auto/ConfigurationSwitch2.xml (RunModel)" time="0.023" />
  <testcase classname="ptolemy.util.test.junit.AutoTests" name="[81] /home/travis/build/icyphy/ptII/ptolemy/actor/lib/test/auto/ConfigurationSwitchCloningBugWithClassRelationGroup.xml (RunModel)" time="0.025" />
  <testcase classname="ptolemy.util.test.junit.AutoTests" name="[82] /home/travis/build/icyphy/ptII/ptolemy/actor/lib/test/auto/ConfigurationSwitchSelectSDF.xml (RunModel)" time="0.024" />
  <testcase classname="ptolemy.util.test.junit.AutoTests" name="[83] /home/travis/build/icyphy/ptII/ptolemy/actor/lib/test/auto/ConfigurationSwitchSelectSDF2.xml (RunModel)" time="0.02" />
  <testcase classname="ptolemy.util.test.junit.AutoTests" name="[84] /home/travis/build/icyphy/ptII/ptolemy/actor/lib/test/auto/Const.xml (RunModel)" time="0.011" />
  <testcase classname="ptolemy.util.test.junit.AutoTests" name="[85] /home/travis/build/icyphy/ptII/ptolemy/actor/lib/test/auto/Const2.xml (RunModel)" time="0.015" />
  <testcase classname="ptolemy.util.test.junit.AutoTests" name="[86] /home/travis/build/icyphy/ptII/ptolemy/actor/lib/test/auto/Const3.xml (RunModel)" time="0.012" />
  <testcase classname="ptolemy.util.test.junit.AutoTests" name="[87] /home/travis/build/icyphy/ptII/ptolemy/actor/lib/test/auto/ConstantPublisherPort1.xml (RunModel)" time="0.033" />
  <testcase classname="ptolemy.util.test.junit.AutoTests" name="[88] /home/travis/build/icyphy/ptII/ptolemy/actor/lib/test/auto/ConstantPublisherPort2.xml (RunModel)" time="0.021" />
  <testcase classname="ptolemy.util.test.junit.AutoTests" name="[89] /home/travis/build/icyphy/ptII/ptolemy/actor/lib/test/auto/ConstantPublisherPort3.xml (RunModel)" time="0.058" />
  <testcase classname="ptolemy.util.test.junit.AutoTests" name="[90] /home/travis/build/icyphy/ptII/ptolemy/actor/lib/test/auto/ConstantPublisherPort4.xml (RunModel)" time="0.019" />
  <testcase classname="ptolemy.util.test.junit.AutoTests" name="[91] /home/travis/build/icyphy/ptII/ptolemy/actor/lib/test/auto/ConstantPublisherPort5.xml (RunModel)" time="0.045" />
  <testcase classname="ptolemy.util.test.junit.AutoTests" name="[92] /home/travis/build/icyphy/ptII/ptolemy/actor/lib/test/auto/ConstantPublisherPort6.xml (RunModel)" time="0.036" />
  <testcase classname="ptolemy.util.test.junit.AutoTests" name="[93] /home/travis/build/icyphy/ptII/ptolemy/actor/lib/test/auto/ConstantPublisherPort7.xml (RunModel)" time="0.032" />
  <testcase classname="ptolemy.util.test.junit.AutoTests" name="[94] /home/travis/build/icyphy/ptII/ptolemy/actor/lib/test/auto/ConstraintMonitor1.xml (RunModel)" time="0.052" />
  <testcase classname="ptolemy.util.test.junit.AutoTests" name="[95] /home/travis/build/icyphy/ptII/ptolemy/actor/lib/test/auto/ConstraintMonitor2.xml (RunModel)" time="0.014" />
  <testcase classname="ptolemy.util.test.junit.AutoTests" name="[96] /home/travis/build/icyphy/ptII/ptolemy/actor/lib/test/auto/ConstraintMonitor3.xml (RunModel)" time="0.019" />
  <testcase classname="ptolemy.util.test.junit.AutoTests" name="[97] /home/travis/build/icyphy/ptII/ptolemy/actor/lib/test/auto/ConstraintMonitor4.xml (RunModel)" time="0.017" />
  <testcase classname="ptolemy.util.test.junit.AutoTests" name="[98] /home/travis/build/icyphy/ptII/ptolemy/actor/lib/test/auto/ConstraintMonitor5.xml (RunModel)" time="0.02" />
  <testcase classname="ptolemy.util.test.junit.AutoTests" name="[99] /home/travis/build/icyphy/ptII/ptolemy/actor/lib/test/auto/ConstraintMonitor6.xml (RunModel)" time="0.022" />
  <testcase classname="ptolemy.util.test.junit.AutoTests" name="[100] /home/travis/build/icyphy/ptII/ptolemy/actor/lib/test/auto/ConstraintMonitor7.xml (RunModel)" time="0.025" />
  <testcase classname="ptolemy.util.test.junit.AutoTests" name="[101] /home/travis/build/icyphy/ptII/ptolemy/actor/lib/test/auto/ConstraintMonitor8.xml (RunModel)" time="0.02" />
  <testcase classname="ptolemy.util.test.junit.AutoTests" name="[102] /home/travis/build/icyphy/ptII/ptolemy/actor/lib/test/auto/Counter.xml (RunModel)" time="0.018" />
  <testcase classname="ptolemy.util.test.junit.AutoTests" name="[103] /home/travis/build/icyphy/ptII/ptolemy/actor/lib/test/auto/CurrentTimeSDF.xml (RunModel)" time="0.011" />
  <testcase classname="ptolemy.util.test.junit.AutoTests" name="[104] /home/travis/build/icyphy/ptII/ptolemy/actor/lib/test/auto/DB.xml (RunModel)" time="0.016" />
  <testcase classname="ptolemy.util.test.junit.AutoTests" name="[105] /home/travis/build/icyphy/ptII/ptolemy/actor/lib/test/auto/DBDE.xml (RunModel)" time="0.017" />
  <testcase classname="ptolemy.util.test.junit.AutoTests" name="[106] /home/travis/build/icyphy/ptII/ptolemy/actor/lib/test/auto/DateConstructor.xml (RunModel)" time="0.08" />
  <testcase classname="ptolemy.util.test.junit.AutoTests" name="[107] /home/travis/build/icyphy/ptII/ptolemy/actor/lib/test/auto/DelayTime.xml (RunModel)" time="0.021" />
  <testcase classname="ptolemy.util.test.junit.AutoTests" name="[108] /home/travis/build/icyphy/ptII/ptolemy/actor/lib/test/auto/Dictionary1.xml (RunModel)" time="0.024" />
  <testcase classname="ptolemy.util.test.junit.AutoTests" name="[109] /home/travis/build/icyphy/ptII/ptolemy/actor/lib/test/auto/Dictionary2.xml (RunModel)" time="0.022" />
  <testcase classname="ptolemy.util.test.junit.AutoTests" name="[110] /home/travis/build/icyphy/ptII/ptolemy/actor/lib/test/auto/Dictionary3.xml (RunModel)" time="0.018" />
  <testcase classname="ptolemy.util.test.junit.AutoTests" name="[111] /home/travis/build/icyphy/ptII/ptolemy/actor/lib/test/auto/Dictionary4.xml (RunModel)" time="0.03" />
  <testcase classname="ptolemy.util.test.junit.AutoTests" name="[112] /home/travis/build/icyphy/ptII/ptolemy/actor/lib/test/auto/Differential.xml (RunModel)" time="0.018" />
  <testcase classname="ptolemy.util.test.junit.AutoTests" name="[113] /home/travis/build/icyphy/ptII/ptolemy/actor/lib/test/auto/Director.xml (RunModel)" time="0.016" />
  <testcase classname="ptolemy.util.test.junit.AutoTests" name="[114] /home/travis/build/icyphy/ptII/ptolemy/actor/lib/test/auto/DiscreteClock.xml (RunModel)" time="0.01" />
  <testcase classname="ptolemy.util.test.junit.AutoTests" name="[115] /home/travis/build/icyphy/ptII/ptolemy/actor/lib/test/auto/DiscreteClock10.xml (RunModel)" time="0.016" />
  <testcase classname="ptolemy.util.test.junit.AutoTests" name="[116] /home/travis/build/icyphy/ptII/ptolemy/actor/lib/test/auto/DiscreteClock11.xml (RunModel)" time="0.016" />
  <testcase classname="ptolemy.util.test.junit.AutoTests" name="[117] /home/travis/build/icyphy/ptII/ptolemy/actor/lib/test/auto/DiscreteClock12.xml (RunModel)" time="0.017" />
  <testcase classname="ptolemy.util.test.junit.AutoTests" name="[118] /home/travis/build/icyphy/ptII/ptolemy/actor/lib/test/auto/DiscreteClock13.xml (RunModel)" time="0.018" />
  <testcase classname="ptolemy.util.test.junit.AutoTests" name="[119] /home/travis/build/icyphy/ptII/ptolemy/actor/lib/test/auto/DiscreteClock14.xml (RunModel)" time="0.017" />
  <testcase classname="ptolemy.util.test.junit.AutoTests" name="[120] /home/travis/build/icyphy/ptII/ptolemy/actor/lib/test/auto/DiscreteClock15.xml (RunModel)" time="0.022" />
  <testcase classname="ptolemy.util.test.junit.AutoTests" name="[121] /home/travis/build/icyphy/ptII/ptolemy/actor/lib/test/auto/DiscreteClock16.xml (RunModel)" time="0.05" />
  <testcase classname="ptolemy.util.test.junit.AutoTests" name="[122] /home/travis/build/icyphy/ptII/ptolemy/actor/lib/test/auto/DiscreteClock17.xml (RunModel)" time="0.045" />
  <testcase classname="ptolemy.util.test.junit.AutoTests" name="[123] /home/travis/build/icyphy/ptII/ptolemy/actor/lib/test/auto/DiscreteClock18.xml (RunModel)" time="0.055" />
  <testcase classname="ptolemy.util.test.junit.AutoTests" name="[124] /home/travis/build/icyphy/ptII/ptolemy/actor/lib/test/auto/DiscreteClock19.xml (RunModel)" time="0.051" />
  <testcase classname="ptolemy.util.test.junit.AutoTests" name="[125] /home/travis/build/icyphy/ptII/ptolemy/actor/lib/test/auto/DiscreteClock2.xml (RunModel)" time="0.012" />
  <testcase classname="ptolemy.util.test.junit.AutoTests" name="[126] /home/travis/build/icyphy/ptII/ptolemy/actor/lib/test/auto/DiscreteClock20.xml (RunModel)" time="0.025" />
  <testcase classname="ptolemy.util.test.junit.AutoTests" name="[127] /home/travis/build/icyphy/ptII/ptolemy/actor/lib/test/auto/DiscreteClock21.xml (RunModel)" time="0.019" />
  <testcase classname="ptolemy.util.test.junit.AutoTests" name="[128] /home/travis/build/icyphy/ptII/ptolemy/actor/lib/test/auto/DiscreteClock22.xml (RunModel)" time="0.016" />
  <testcase classname="ptolemy.util.test.junit.AutoTests" name="[129] /home/travis/build/icyphy/ptII/ptolemy/actor/lib/test/auto/DiscreteClock23.xml (RunModel)" time="0.026" />
  <testcase classname="ptolemy.util.test.junit.AutoTests" name="[130] /home/travis/build/icyphy/ptII/ptolemy/actor/lib/test/auto/DiscreteClock24.xml (RunModel)" time="0.019" />
  <testcase classname="ptolemy.util.test.junit.AutoTests" name="[131] /home/travis/build/icyphy/ptII/ptolemy/actor/lib/test/auto/DiscreteClock4.xml (RunModel)" time="0.014" />
  <testcase classname="ptolemy.util.test.junit.AutoTests" name="[132] /home/travis/build/icyphy/ptII/ptolemy/actor/lib/test/auto/DiscreteClock5.xml (RunModel)" time="0.012" />
  <testcase classname="ptolemy.util.test.junit.AutoTests" name="[133] /home/travis/build/icyphy/ptII/ptolemy/actor/lib/test/auto/DiscreteClock6.xml (RunModel)" time="0.013" />
  <testcase classname="ptolemy.util.test.junit.AutoTests" name="[134] /home/travis/build/icyphy/ptII/ptolemy/actor/lib/test/auto/DiscreteClock7.xml (RunModel)" time="0.013" />
  <testcase classname="ptolemy.util.test.junit.AutoTests" name="[135] /home/travis/build/icyphy/ptII/ptolemy/actor/lib/test/auto/DiscreteClock8.xml (RunModel)" time="0.017" />
  <testcase classname="ptolemy.util.test.junit.AutoTests" name="[136] /home/travis/build/icyphy/ptII/ptolemy/actor/lib/test/auto/DiscreteClock9.xml (RunModel)" time="0.016" />
  <testcase classname="ptolemy.util.test.junit.AutoTests" name="[137] /home/travis/build/icyphy/ptII/ptolemy/actor/lib/test/auto/DisplayArray.xml (RunModel)" time="0.029" />
  <testcase classname="ptolemy.util.test.junit.AutoTests" name="[138] /home/travis/build/icyphy/ptII/ptolemy/actor/lib/test/auto/Distributor.xml (RunModel)" time="0.015" />
  <testcase classname="ptolemy.util.test.junit.AutoTests" name="[139] /home/travis/build/icyphy/ptII/ptolemy/actor/lib/test/auto/Distributor2.xml (RunModel)" time="0.012" />
  <testcase classname="ptolemy.util.test.junit.AutoTests" name="[140] /home/travis/build/icyphy/ptII/ptolemy/actor/lib/test/auto/DownSample.xml (RunModel)" time="0.014" />
  <testcase classname="ptolemy.util.test.junit.AutoTests" name="[141] /home/travis/build/icyphy/ptII/ptolemy/actor/lib/test/auto/ElectronicUnitBase1.xml (RunModel)" time="0.071" />
  <testcase classname="ptolemy.util.test.junit.AutoTests" name="[142] /home/travis/build/icyphy/ptII/ptolemy/actor/lib/test/auto/ElementsToArray.xml (RunModel)" time="0.014" />
  <testcase classname="ptolemy.util.test.junit.AutoTests" name="[143] /home/travis/build/icyphy/ptII/ptolemy/actor/lib/test/auto/Equals.xml (RunModel)" time="0.018" />
  <testcase classname="ptolemy.util.test.junit.AutoTests" name="[144] /home/travis/build/icyphy/ptII/ptolemy/actor/lib/test/auto/Exec.xml (RunModel)" time="0.036" />
  <testcase classname="ptolemy.util.test.junit.AutoTests" name="[145] /home/travis/build/icyphy/ptII/ptolemy/actor/lib/test/auto/ExecEnvironment.xml (RunModel)" time="0.06" />
  <testcase classname="ptolemy.util.test.junit.AutoTests" name="[146] /home/travis/build/icyphy/ptII/ptolemy/actor/lib/test/auto/ExecNonZeroReturnOutput.xml (RunModel)" time="0.236" />
  <testcase classname="ptolemy.util.test.junit.AutoTests" name="[147] /home/travis/build/icyphy/ptII/ptolemy/actor/lib/test/auto/ExecRunDemos.xml (RunModel)" time="11.233" />
  <testcase classname="ptolemy.util.test.junit.AutoTests" name="[148] /home/travis/build/icyphy/ptII/ptolemy/actor/lib/test/auto/ExecStop.xml (RunModel)" time="5.044" />
  <testcase classname="ptolemy.util.test.junit.AutoTests" name="[149] /home/travis/build/icyphy/ptII/ptolemy/actor/lib/test/auto/ExecutionTimeSDF.xml (RunModel)" time="6.042" />
  <testcase classname="ptolemy.util.test.junit.AutoTests" name="[150] /home/travis/build/icyphy/ptII/ptolemy/actor/lib/test/auto/Expression1.xml (RunModel)" time="0.017" />
  <testcase classname="ptolemy.util.test.junit.AutoTests" name="[151] /home/travis/build/icyphy/ptII/ptolemy/actor/lib/test/auto/Expression10.xml (RunModel)" time="0.053" />
  <testcase classname="ptolemy.util.test.junit.AutoTests" name="[152] /home/travis/build/icyphy/ptII/ptolemy/actor/lib/test/auto/Expression11.xml (RunModel)" time="0.018" />
  <testcase classname="ptolemy.util.test.junit.AutoTests" name="[153] /home/travis/build/icyphy/ptII/ptolemy/actor/lib/test/auto/Expression12.xml (RunModel)" time="0.018" />
  <testcase classname="ptolemy.util.test.junit.AutoTests" name="[154] /home/travis/build/icyphy/ptII/ptolemy/actor/lib/test/auto/Expression13.xml (RunModel)" time="0.017" />
  <testcase classname="ptolemy.util.test.junit.AutoTests" name="[155] /home/travis/build/icyphy/ptII/ptolemy/actor/lib/test/auto/Expression14.xml (RunModel)" time="0.025" />
  <testcase classname="ptolemy.util.test.junit.AutoTests" name="[156] /home/travis/build/icyphy/ptII/ptolemy/actor/lib/test/auto/Expression15.xml (RunModel)" time="0.01" />
  <testcase classname="ptolemy.util.test.junit.AutoTests" name="[157] /home/travis/build/icyphy/ptII/ptolemy/actor/lib/test/auto/Expression16.xml (RunModel)" time="0.016" />
  <testcase classname="ptolemy.util.test.junit.AutoTests" name="[158] /home/travis/build/icyphy/ptII/ptolemy/actor/lib/test/auto/Expression17.xml (RunModel)" time="0.016" />
  <testcase classname="ptolemy.util.test.junit.AutoTests" name="[159] /home/travis/build/icyphy/ptII/ptolemy/actor/lib/test/auto/Expression18.xml (RunModel)" time="0.018" />
  <testcase classname="ptolemy.util.test.junit.AutoTests" name="[160] /home/travis/build/icyphy/ptII/ptolemy/actor/lib/test/auto/Expression2.xml (RunModel)" time="0.015" />
  <testcase classname="ptolemy.util.test.junit.AutoTests" name="[161] /home/travis/build/icyphy/ptII/ptolemy/actor/lib/test/auto/Expression3.xml (RunModel)" time="0.016" />
  <testcase classname="ptolemy.util.test.junit.AutoTests" name="[162] /home/travis/build/icyphy/ptII/ptolemy/actor/lib/test/auto/Expression4.xml (RunModel)" time="0.022" />
  <testcase classname="ptolemy.util.test.junit.AutoTests" name="[163] /home/travis/build/icyphy/ptII/ptolemy/actor/lib/test/auto/Expression5.xml (RunModel)" time="0.015" />
  <testcase classname="ptolemy.util.test.junit.AutoTests" name="[164] /home/travis/build/icyphy/ptII/ptolemy/actor/lib/test/auto/Expression6.xml (RunModel)" time="0.012" />
  <testcase classname="ptolemy.util.test.junit.AutoTests" name="[165] /home/travis/build/icyphy/ptII/ptolemy/actor/lib/test/auto/Expression7.xml (RunModel)" time="0.014" />
  <testcase classname="ptolemy.util.test.junit.AutoTests" name="[166] /home/travis/build/icyphy/ptII/ptolemy/actor/lib/test/auto/Expression8.xml (RunModel)" time="0.02" />
  <testcase classname="ptolemy.util.test.junit.AutoTests" name="[167] /home/travis/build/icyphy/ptII/ptolemy/actor/lib/test/auto/Expression9.xml (RunModel)" time="0.011" />
  <testcase classname="ptolemy.util.test.junit.AutoTests" name="[168] /home/travis/build/icyphy/ptII/ptolemy/actor/lib/test/auto/ExpressionConcatenateArrayType.xml (RunModel)" time="0.042" />
  <testcase classname="ptolemy.util.test.junit.AutoTests" name="[169] /home/travis/build/icyphy/ptII/ptolemy/actor/lib/test/auto/ExpressionConcatenateArrayType2.xml (RunModel)" time="0.042" />
  <testcase classname="ptolemy.util.test.junit.AutoTests" name="[170] /home/travis/build/icyphy/ptII/ptolemy/actor/lib/test/auto/ExpressionFix.xml (RunModel)" time="0.07" />
  <testcase classname="ptolemy.util.test.junit.AutoTests" name="[171] /home/travis/build/icyphy/ptII/ptolemy/actor/lib/test/auto/ExpressionFix2.xml (RunModel)" time="0.027" />
  <testcase classname="ptolemy.util.test.junit.AutoTests" name="[172] /home/travis/build/icyphy/ptII/ptolemy/actor/lib/test/auto/ExpressionFix3.xml (RunModel)" time="0.016" />
  <testcase classname="ptolemy.util.test.junit.AutoTests" name="[173] /home/travis/build/icyphy/ptII/ptolemy/actor/lib/test/auto/FileWriter1.xml (RunModel)" time="0.011" />
  <testcase classname="ptolemy.util.test.junit.AutoTests" name="[174] /home/travis/build/icyphy/ptII/ptolemy/actor/lib/test/auto/FileWriter2.xml (RunModel)" time="0.012" />
  <testcase classname="ptolemy.util.test.junit.AutoTests" name="[175] /home/travis/build/icyphy/ptII/ptolemy/actor/lib/test/auto/FileWriter3.xml (RunModel)" time="0.017" />
  <testcase classname="ptolemy.util.test.junit.AutoTests" name="[176] /home/travis/build/icyphy/ptII/ptolemy/actor/lib/test/auto/Gaussian.xml (RunModel)" time="0.015" />
  <testcase classname="ptolemy.util.test.junit.AutoTests" name="[177] /home/travis/build/icyphy/ptII/ptolemy/actor/lib/test/auto/Gaussian1.xml (RunModel)" time="0.026" />
  <testcase classname="ptolemy.util.test.junit.AutoTests" name="[178] /home/travis/build/icyphy/ptII/ptolemy/actor/lib/test/auto/Gaussian2.xml (RunModel)" time="0.024" />
  <testcase classname="ptolemy.util.test.junit.AutoTests" name="[179] /home/travis/build/icyphy/ptII/ptolemy/actor/lib/test/auto/GradientAdaptiveLattice.xml (RunModel)" time="0.02" />
  <testcase classname="ptolemy.util.test.junit.AutoTests" name="[180] /home/travis/build/icyphy/ptII/ptolemy/actor/lib/test/auto/IIR.xml (RunModel)" time="0.013" />
  <testcase classname="ptolemy.util.test.junit.AutoTests" name="[181] /home/travis/build/icyphy/ptII/ptolemy/actor/lib/test/auto/InputOutputTransparentPorts.xml (RunModel)" time="0.022" />
  <testcase classname="ptolemy.util.test.junit.AutoTests" name="[182] /home/travis/build/icyphy/ptII/ptolemy/actor/lib/test/auto/Interpolator.xml (RunModel)" time="0.017" />
  <testcase classname="ptolemy.util.test.junit.AutoTests" name="[183] /home/travis/build/icyphy/ptII/ptolemy/actor/lib/test/auto/InterpolatorFiringLimitDE.xml (RunModel)" time="0.018" />
  <testcase classname="ptolemy.util.test.junit.AutoTests" name="[184] /home/travis/build/icyphy/ptII/ptolemy/actor/lib/test/auto/Lattice.xml (RunModel)" time="0.013" />
  <testcase classname="ptolemy.util.test.junit.AutoTests" name="[185] /home/travis/build/icyphy/ptII/ptolemy/actor/lib/test/auto/LazyAOCTestLazy.xml (RunModel)" time="0.029" />
  <testcase classname="ptolemy.util.test.junit.AutoTests" name="[186] /home/travis/build/icyphy/ptII/ptolemy/actor/lib/test/auto/LazyAOCTestNonLazy.xml (RunModel)" time="0.049" />
  <testcase classname="ptolemy.util.test.junit.AutoTests" name="[187] /home/travis/build/icyphy/ptII/ptolemy/actor/lib/test/auto/LazyInnerClass.xml (RunModel)" time="0.059" />
  <testcase classname="ptolemy.util.test.junit.AutoTests" name="[188] /home/travis/build/icyphy/ptII/ptolemy/actor/lib/test/auto/LazyPubSub.xml (RunModel)" time="0.08" />
  <testcase classname="ptolemy.util.test.junit.AutoTests" name="[189] /home/travis/build/icyphy/ptII/ptolemy/actor/lib/test/auto/LazyPubSub2.xml (RunModel)" time="0.061" />
  <testcase classname="ptolemy.util.test.junit.AutoTests" name="[190] /home/travis/build/icyphy/ptII/ptolemy/actor/lib/test/auto/LazyPubSub3.xml (RunModel)" time="0.033" />
  <testcase classname="ptolemy.util.test.junit.AutoTests" name="[191] /home/travis/build/icyphy/ptII/ptolemy/actor/lib/test/auto/LazySubClassModel.xml (RunModel)" time="0.027" />
  <testcase classname="ptolemy.util.test.junit.AutoTests" name="[192] /home/travis/build/icyphy/ptII/ptolemy/actor/lib/test/auto/LevelCrossTest1.xml (RunModel)" time="0.024" />
  <testcase classname="ptolemy.util.test.junit.AutoTests" name="[193] /home/travis/build/icyphy/ptII/ptolemy/actor/lib/test/auto/LevelCrossTest10.xml (RunModel)" time="0.022" />
  <testcase classname="ptolemy.util.test.junit.AutoTests" name="[194] /home/travis/build/icyphy/ptII/ptolemy/actor/lib/test/auto/LevelCrossTest11.xml (RunModel)" time="0.025" />
  <testcase classname="ptolemy.util.test.junit.AutoTests" name="[195] /home/travis/build/icyphy/ptII/ptolemy/actor/lib/test/auto/LevelCrossTest12.xml (RunModel)" time="0.025" />
  <testcase classname="ptolemy.util.test.junit.AutoTests" name="[196] /home/travis/build/icyphy/ptII/ptolemy/actor/lib/test/auto/LevelCrossTest13.xml (RunModel)" time="0.029" />
  <testcase classname="ptolemy.util.test.junit.AutoTests" name="[197] /home/travis/build/icyphy/ptII/ptolemy/actor/lib/test/auto/LevelCrossTest2.xml (RunModel)" time="0.07" />
  <testcase classname="ptolemy.util.test.junit.AutoTests" name="[198] /home/travis/build/icyphy/ptII/ptolemy/actor/lib/test/auto/LevelCrossTest3.xml (RunModel)" time="0.017" />
  <testcase classname="ptolemy.util.test.junit.AutoTests" name="[199] /home/travis/build/icyphy/ptII/ptolemy/actor/lib/test/auto/LevelCrossTest4.xml (RunModel)" time="0.014" />
  <testcase classname="ptolemy.util.test.junit.AutoTests" name="[200] /home/travis/build/icyphy/ptII/ptolemy/actor/lib/test/auto/LevelCrossTest5.xml (RunModel)" time="0.018" />
  <testcase classname="ptolemy.util.test.junit.AutoTests" name="[201] /home/travis/build/icyphy/ptII/ptolemy/actor/lib/test/auto/LevelCrossTest6.xml (RunModel)" time="0.021" />
  <testcase classname="ptolemy.util.test.junit.AutoTests" name="[202] /home/travis/build/icyphy/ptII/ptolemy/actor/lib/test/auto/LevelCrossTest7.xml (RunModel)" time="0.026" />
  <testcase classname="ptolemy.util.test.junit.AutoTests" name="[203] /home/travis/build/icyphy/ptII/ptolemy/actor/lib/test/auto/LevelCrossTest8.xml (RunModel)" time="0.019" />
  <testcase classname="ptolemy.util.test.junit.AutoTests" name="[204] /home/travis/build/icyphy/ptII/ptolemy/actor/lib/test/auto/LevelCrossTest9.xml (RunModel)" time="0.019" />
  <testcase classname="ptolemy.util.test.junit.AutoTests" name="[205] /home/travis/build/icyphy/ptII/ptolemy/actor/lib/test/auto/LevinsonDurbin.xml (RunModel)" time="0.013" />
  <testcase classname="ptolemy.util.test.junit.AutoTests" name="[206] /home/travis/build/icyphy/ptII/ptolemy/actor/lib/test/auto/LevinsonDurbin2.xml (RunModel)" time="0.021" />
  <testcase classname="ptolemy.util.test.junit.AutoTests" name="[207] /home/travis/build/icyphy/ptII/ptolemy/actor/lib/test/auto/LevinsonDurbin3.xml (RunModel)" time="0.018" />
  <testcase classname="ptolemy.util.test.junit.AutoTests" name="[208] /home/travis/build/icyphy/ptII/ptolemy/actor/lib/test/auto/Limiter.xml (RunModel)" time="0.05" />
  <testcase classname="ptolemy.util.test.junit.AutoTests" name="[209] /home/travis/build/icyphy/ptII/ptolemy/actor/lib/test/auto/LinearDifferenceEquationSystem.xml (RunModel)" time="0.029" />
  <testcase classname="ptolemy.util.test.junit.AutoTests" name="[210] /home/travis/build/icyphy/ptII/ptolemy/actor/lib/test/auto/LookupTable.xml (RunModel)" time="0.013" />
  <testcase classname="ptolemy.util.test.junit.AutoTests" name="[211] /home/travis/build/icyphy/ptII/ptolemy/actor/lib/test/auto/MathFunction.xml (RunModel)" time="0.029" />
  <testcase classname="ptolemy.util.test.junit.AutoTests" name="[212] /home/travis/build/icyphy/ptII/ptolemy/actor/lib/test/auto/MathFunction2.xml (RunModel)" time="0.015" />
  <testcase classname="ptolemy.util.test.junit.AutoTests" name="[213] /home/travis/build/icyphy/ptII/ptolemy/actor/lib/test/auto/MathFunction3.xml (RunModel)" time="0.033" />
  <testcase classname="ptolemy.util.test.junit.AutoTests" name="[214] /home/travis/build/icyphy/ptII/ptolemy/actor/lib/test/auto/MatrixCropBoolean.xml (RunModel)" time="0.019" />
  <testcase classname="ptolemy.util.test.junit.AutoTests" name="[215] /home/travis/build/icyphy/ptII/ptolemy/actor/lib/test/auto/MatrixCropComplex.xml (RunModel)" time="0.011" />
  <testcase classname="ptolemy.util.test.junit.AutoTests" name="[216] /home/travis/build/icyphy/ptII/ptolemy/actor/lib/test/auto/MatrixCropDouble.xml (RunModel)" time="0.011" />
  <testcase classname="ptolemy.util.test.junit.AutoTests" name="[217] /home/travis/build/icyphy/ptII/ptolemy/actor/lib/test/auto/MatrixCropFix.xml (RunModel)" time="0.018" />
  <testcase classname="ptolemy.util.test.junit.AutoTests" name="[218] /home/travis/build/icyphy/ptII/ptolemy/actor/lib/test/auto/MatrixCropInt.xml (RunModel)" time="0.012" />
  <testcase classname="ptolemy.util.test.junit.AutoTests" name="[219] /home/travis/build/icyphy/ptII/ptolemy/actor/lib/test/auto/MatrixCropLong.xml (RunModel)" time="0.012" />
  <testcase classname="ptolemy.util.test.junit.AutoTests" name="[220] /home/travis/build/icyphy/ptII/ptolemy/actor/lib/test/auto/MatrixToArray.xml (RunModel)" time="0.06" />
  <testcase classname="ptolemy.util.test.junit.AutoTests" name="[221] /home/travis/build/icyphy/ptII/ptolemy/actor/lib/test/auto/MaxIndex.xml (RunModel)" time="0.02" />
  <testcase classname="ptolemy.util.test.junit.AutoTests" name="[222] /home/travis/build/icyphy/ptII/ptolemy/actor/lib/test/auto/Maximum.xml (RunModel)" time="0.017" />
  <testcase classname="ptolemy.util.test.junit.AutoTests" name="[223] /home/travis/build/icyphy/ptII/ptolemy/actor/lib/test/auto/MaximumComplex.xml (RunModel)" time="0.02" />
  <testcase classname="ptolemy.util.test.junit.AutoTests" name="[224] /home/travis/build/icyphy/ptII/ptolemy/actor/lib/test/auto/MethodCallTest.xml (RunModel)" time="0.028" />
  <testcase classname="ptolemy.util.test.junit.AutoTests" name="[225] /home/travis/build/icyphy/ptII/ptolemy/actor/lib/test/auto/Minimum.xml (RunModel)" time="0.02" />
  <testcase classname="ptolemy.util.test.junit.AutoTests" name="[226] /home/travis/build/icyphy/ptII/ptolemy/actor/lib/test/auto/MinimumComplex.xml (RunModel)" time="0.034" />
  <testcase classname="ptolemy.util.test.junit.AutoTests" name="[227] /home/travis/build/icyphy/ptII/ptolemy/actor/lib/test/auto/MinimumMultiports.xml (RunModel)" time="0.024" />
  <testcase classname="ptolemy.util.test.junit.AutoTests" name="[228] /home/travis/build/icyphy/ptII/ptolemy/actor/lib/test/auto/ModifyDate.xml (RunModel)" time="0.062" />
  <testcase classname="ptolemy.util.test.junit.AutoTests" name="[229] /home/travis/build/icyphy/ptII/ptolemy/actor/lib/test/auto/ModifyDate2.xml (RunModel)" time="0.049" />
  <testcase classname="ptolemy.util.test.junit.AutoTests" name="[230] /home/travis/build/icyphy/ptII/ptolemy/actor/lib/test/auto/MovingAverage.xml (RunModel)" time="0.021" />
  <testcase classname="ptolemy.util.test.junit.AutoTests" name="[231] /home/travis/build/icyphy/ptII/ptolemy/actor/lib/test/auto/MovingMaximum.xml (RunModel)" time="0.015" />
  <testcase classname="ptolemy.util.test.junit.AutoTests" name="[232] /home/travis/build/icyphy/ptII/ptolemy/actor/lib/test/auto/MultipleLinksToSameRelation.xml (RunModel)" time="0.011" />
  <testcase classname="ptolemy.util.test.junit.AutoTests" name="[233] /home/travis/build/icyphy/ptII/ptolemy/actor/lib/test/auto/MultipleLinksToSameRelationDE.xml (RunModel)" time="0.014" />
  <testcase classname="ptolemy.util.test.junit.AutoTests" name="[234] /home/travis/build/icyphy/ptII/ptolemy/actor/lib/test/auto/Multiplexor.xml (RunModel)" time="0.015" />
  <testcase classname="ptolemy.util.test.junit.AutoTests" name="[235] /home/travis/build/icyphy/ptII/ptolemy/actor/lib/test/auto/Multiplexor1.xml (RunModel)" time="0.018" />
  <testcase classname="ptolemy.util.test.junit.AutoTests" name="[236] /home/travis/build/icyphy/ptII/ptolemy/actor/lib/test/auto/Multiplexor2.xml (RunModel)" time="0.015" />
  <testcase classname="ptolemy.util.test.junit.AutoTests" name="[237] /home/travis/build/icyphy/ptII/ptolemy/actor/lib/test/auto/Multiplexor3.xml (RunModel)" time="0.011" />
  <testcase classname="ptolemy.util.test.junit.AutoTests" name="[238] /home/travis/build/icyphy/ptII/ptolemy/actor/lib/test/auto/MultiplexorDE.xml (RunModel)" time="0.022" />
  <testcase classname="ptolemy.util.test.junit.AutoTests" name="[239] /home/travis/build/icyphy/ptII/ptolemy/actor/lib/test/auto/MultiportBroadcastTest.xml (RunModel)" time="0.152" />
  <testcase classname="ptolemy.util.test.junit.AutoTests" name="[240] /home/travis/build/icyphy/ptII/ptolemy/actor/lib/test/auto/MultiportOutHangDuringGetWidth.xml (RunModel)" time="0.04" />
  <testcase classname="ptolemy.util.test.junit.AutoTests" name="[241] /home/travis/build/icyphy/ptII/ptolemy/actor/lib/test/auto/NilToken.xml (RunModel)" time="0.009" />
  <testcase classname="ptolemy.util.test.junit.AutoTests" name="[242] /home/travis/build/icyphy/ptII/ptolemy/actor/lib/test/auto/NilTokenNonStrictTest.xml (RunModel)" time="0.014" />
  <testcase classname="ptolemy.util.test.junit.AutoTests" name="[243] /home/travis/build/icyphy/ptII/ptolemy/actor/lib/test/auto/NilTokenRecord.xml (RunModel)" time="0.027" />
  <testcase classname="ptolemy.util.test.junit.AutoTests" name="[244] /home/travis/build/icyphy/ptII/ptolemy/actor/lib/test/auto/NilTokenTypeTest.xml (RunModel)" time="0.054" />
  <testcase classname="ptolemy.util.test.junit.AutoTests" name="[245] /home/travis/build/icyphy/ptII/ptolemy/actor/lib/test/auto/ObjectToken1.xml (RunModel)" time="0.015" />
  <testcase classname="ptolemy.util.test.junit.AutoTests" name="[246] /home/travis/build/icyphy/ptII/ptolemy/actor/lib/test/auto/OrderedMerge.xml (RunModel)" time="0.02" />
  <testcase classname="ptolemy.util.test.junit.AutoTests" name="[247] /home/travis/build/icyphy/ptII/ptolemy/actor/lib/test/auto/OrderedRecordDisassembler.xml (RunModel)" time="0.03" />
  <testcase classname="ptolemy.util.test.junit.AutoTests" name="[248] /home/travis/build/icyphy/ptII/ptolemy/actor/lib/test/auto/OrderedRecordDisassembler2.xml (RunModel)" time="0.023" />
  <testcase classname="ptolemy.util.test.junit.AutoTests" name="[249] /home/travis/build/icyphy/ptII/ptolemy/actor/lib/test/auto/OrderedRecordUpdater.xml (RunModel)" time="0.014" />
  <testcase classname="ptolemy.util.test.junit.AutoTests" name="[250] /home/travis/build/icyphy/ptII/ptolemy/actor/lib/test/auto/OrderedRecordUpdater2.xml (RunModel)" time="0.025" />
  <testcase classname="ptolemy.util.test.junit.AutoTests" name="[251] /home/travis/build/icyphy/ptII/ptolemy/actor/lib/test/auto/PhaseUnwrap.xml (RunModel)" time="0.016" />
  <testcase classname="ptolemy.util.test.junit.AutoTests" name="[252] /home/travis/build/icyphy/ptII/ptolemy/actor/lib/test/auto/PoissonClock.xml (RunModel)" time="0.013" />
  <testcase classname="ptolemy.util.test.junit.AutoTests" name="[253] /home/travis/build/icyphy/ptII/ptolemy/actor/lib/test/auto/PoissonClock2.xml (RunModel)" time="0.009" />
  <testcase classname="ptolemy.util.test.junit.AutoTests" name="[254] /home/travis/build/icyphy/ptII/ptolemy/actor/lib/test/auto/PoissonClock3.xml (RunModel)" time="0.03" />
  <testcase classname="ptolemy.util.test.junit.AutoTests" name="[255] /home/travis/build/icyphy/ptII/ptolemy/actor/lib/test/auto/PubSubWithInitialTokens.xml (RunModel)" time="0.017" />
  <testcase classname="ptolemy.util.test.junit.AutoTests" name="[256] /home/travis/build/icyphy/ptII/ptolemy/actor/lib/test/auto/PubSubWithInitialTokens2.xml (RunModel)" time="0.015" />
  <testcase classname="ptolemy.util.test.junit.AutoTests" name="[257] /home/travis/build/icyphy/ptII/ptolemy/actor/lib/test/auto/PublisherClassNoParameter.xml (RunModel)" time="0.033" />
  <testcase classname="ptolemy.util.test.junit.AutoTests" name="[258] /home/travis/build/icyphy/ptII/ptolemy/actor/lib/test/auto/PublisherClassParameter.xml (RunModel)" time="0.029" />
  <testcase classname="ptolemy.util.test.junit.AutoTests" name="[259] /home/travis/build/icyphy/ptII/ptolemy/actor/lib/test/auto/PublisherNonStrictTest.xml (RunModel)" time="0.019" />
  <testcase classname="ptolemy.util.test.junit.AutoTests" name="[260] /home/travis/build/icyphy/ptII/ptolemy/actor/lib/test/auto/PublisherPort1.xml (RunModel)" time="0.014" />
  <testcase classname="ptolemy.util.test.junit.AutoTests" name="[261] /home/travis/build/icyphy/ptII/ptolemy/actor/lib/test/auto/PublisherPort2.xml (RunModel)" time="0.011" />
  <testcase classname="ptolemy.util.test.junit.AutoTests" name="[262] /home/travis/build/icyphy/ptII/ptolemy/actor/lib/test/auto/PublisherPort3.xml (RunModel)" time="0.028" />
  <testcase classname="ptolemy.util.test.junit.AutoTests" name="[263] /home/travis/build/icyphy/ptII/ptolemy/actor/lib/test/auto/PublisherPort4.xml (RunModel)" time="0.02" />
  <testcase classname="ptolemy.util.test.junit.AutoTests" name="[264] /home/travis/build/icyphy/ptII/ptolemy/actor/lib/test/auto/PublisherPort5.xml (RunModel)" time="0.017" />
  <testcase classname="ptolemy.util.test.junit.AutoTests" name="[265] /home/travis/build/icyphy/ptII/ptolemy/actor/lib/test/auto/PublisherPort5LookAlike.xml (RunModel)" time="0.024" />
  <testcase classname="ptolemy.util.test.junit.AutoTests" name="[266] /home/travis/build/icyphy/ptII/ptolemy/actor/lib/test/auto/PublisherPort6.xml (RunModel)" time="0.014" />
  <testcase classname="ptolemy.util.test.junit.AutoTests" name="[267] /home/travis/build/icyphy/ptII/ptolemy/actor/lib/test/auto/PublisherPort7.xml (RunModel)" time="0.019" />
  <testcase classname="ptolemy.util.test.junit.AutoTests" name="[268] /home/travis/build/icyphy/ptII/ptolemy/actor/lib/test/auto/PublisherPort8.xml (RunModel)" time="0.018" />
  <testcase classname="ptolemy.util.test.junit.AutoTests" name="[269] /home/travis/build/icyphy/ptII/ptolemy/actor/lib/test/auto/PublisherPortSubscriberChannelVariablesAOC2.xml (RunModel)" time="0.037" />
  <testcase classname="ptolemy.util.test.junit.AutoTests" name="[270] /home/travis/build/icyphy/ptII/ptolemy/actor/lib/test/auto/PublisherPortSubscriberOpaqueWidthInference.xml (RunModel)" time="0.028" />
  <testcase classname="ptolemy.util.test.junit.AutoTests" name="[271] /home/travis/build/icyphy/ptII/ptolemy/actor/lib/test/auto/PublisherPortSubscriberPortAdjacent.xml (RunModel)" time="0.024" />
  <testcase classname="ptolemy.util.test.junit.AutoTests" name="[272] /home/travis/build/icyphy/ptII/ptolemy/actor/lib/test/auto/PublisherPortSubscriberPortExpression.xml (RunModel)" time="0.02" />
  <testcase classname="ptolemy.util.test.junit.AutoTests" name="[273] /home/travis/build/icyphy/ptII/ptolemy/actor/lib/test/auto/PublisherPortSubscriberPortOpaqueD3Reverse.xml (RunModel)" time="0.024" />
  <testcase classname="ptolemy.util.test.junit.AutoTests" name="[274] /home/travis/build/icyphy/ptII/ptolemy/actor/lib/test/auto/PublisherPortSubscriberPortOpaqueWidthInference.xml (RunModel)" time="0.017" />
  <testcase classname="ptolemy.util.test.junit.AutoTests" name="[275] /home/travis/build/icyphy/ptII/ptolemy/actor/lib/test/auto/PublisherPortToplevelSubscriberPortAOC.xml (RunModel)" time="0.014" />
  <testcase classname="ptolemy.util.test.junit.AutoTests" name="[276] /home/travis/build/icyphy/ptII/ptolemy/actor/lib/test/auto/PublisherSubscriber.xml (RunModel)" time="0.015" />
  <testcase classname="ptolemy.util.test.junit.AutoTests" name="[277] /home/travis/build/icyphy/ptII/ptolemy/actor/lib/test/auto/PublisherSubscriber10.xml (RunModel)" time="0.06" />
  <testcase classname="ptolemy.util.test.junit.AutoTests" name="[278] /home/travis/build/icyphy/ptII/ptolemy/actor/lib/test/auto/PublisherSubscriber10InitialOutputs.xml (RunModel)" time="0.031" />
  <testcase classname="ptolemy.util.test.junit.AutoTests" name="[279] /home/travis/build/icyphy/ptII/ptolemy/actor/lib/test/auto/PublisherSubscriber11.xml (RunModel)" time="0.024" />
  <testcase classname="ptolemy.util.test.junit.AutoTests" name="[280] /home/travis/build/icyphy/ptII/ptolemy/actor/lib/test/auto/PublisherSubscriber12.xml (RunModel)" time="0.018" />
  <testcase classname="ptolemy.util.test.junit.AutoTests" name="[281] /home/travis/build/icyphy/ptII/ptolemy/actor/lib/test/auto/PublisherSubscriber13.xml (RunModel)" time="0.012" />
  <testcase classname="ptolemy.util.test.junit.AutoTests" name="[282] /home/travis/build/icyphy/ptII/ptolemy/actor/lib/test/auto/PublisherSubscriber14.xml (RunModel)" time="0.024" />
  <testcase classname="ptolemy.util.test.junit.AutoTests" name="[283] /home/travis/build/icyphy/ptII/ptolemy/actor/lib/test/auto/PublisherSubscriber2.xml (RunModel)" time="0.013" />
  <testcase classname="ptolemy.util.test.junit.AutoTests" name="[284] /home/travis/build/icyphy/ptII/ptolemy/actor/lib/test/auto/PublisherSubscriber3.xml (RunModel)" time="0.011" />
  <testcase classname="ptolemy.util.test.junit.AutoTests" name="[285] /home/travis/build/icyphy/ptII/ptolemy/actor/lib/test/auto/PublisherSubscriber4.xml (RunModel)" time="0.011" />
  <testcase classname="ptolemy.util.test.junit.AutoTests" name="[286] /home/travis/build/icyphy/ptII/ptolemy/actor/lib/test/auto/PublisherSubscriber5.xml (RunModel)" time="0.015" />
  <testcase classname="ptolemy.util.test.junit.AutoTests" name="[287] /home/travis/build/icyphy/ptII/ptolemy/actor/lib/test/auto/PublisherSubscriber6.xml (RunModel)" time="0.018" />
  <testcase classname="ptolemy.util.test.junit.AutoTests" name="[288] /home/travis/build/icyphy/ptII/ptolemy/actor/lib/test/auto/PublisherSubscriber7.xml (RunModel)" time="0.036" />
  <testcase classname="ptolemy.util.test.junit.AutoTests" name="[289] /home/travis/build/icyphy/ptII/ptolemy/actor/lib/test/auto/PublisherSubscriber8.xml (RunModel)" time="0.041" />
  <testcase classname="ptolemy.util.test.junit.AutoTests" name="[290] /home/travis/build/icyphy/ptII/ptolemy/actor/lib/test/auto/PublisherSubscriber9.xml (RunModel)" time="0.022" />
  <testcase classname="ptolemy.util.test.junit.AutoTests" name="[291] /home/travis/build/icyphy/ptII/ptolemy/actor/lib/test/auto/PublisherSubscriberAdjacent.xml (RunModel)" time="0.019" />
  <testcase classname="ptolemy.util.test.junit.AutoTests" name="[292] /home/travis/build/icyphy/ptII/ptolemy/actor/lib/test/auto/PublisherSubscriberChannelVariablesAOC2.xml (RunModel)" time="0.032" />
  <testcase classname="ptolemy.util.test.junit.AutoTests" name="[293] /home/travis/build/icyphy/ptII/ptolemy/actor/lib/test/auto/PublisherSubscriberD3.xml (RunModel)" time="0.016" />
  <testcase classname="ptolemy.util.test.junit.AutoTests" name="[294] /home/travis/build/icyphy/ptII/ptolemy/actor/lib/test/auto/PublisherSubscriberD3Reverse.xml (RunModel)" time="0.015" />
  <testcase classname="ptolemy.util.test.junit.AutoTests" name="[295] /home/travis/build/icyphy/ptII/ptolemy/actor/lib/test/auto/PublisherSubscriberExpression.xml (RunModel)" time="0.024" />
  <testcase classname="ptolemy.util.test.junit.AutoTests" name="[296] /home/travis/build/icyphy/ptII/ptolemy/actor/lib/test/auto/PublisherSubscriberOpaque.xml (RunModel)" time="0.035" />
  <testcase classname="ptolemy.util.test.junit.AutoTests" name="[297] /home/travis/build/icyphy/ptII/ptolemy/actor/lib/test/auto/PublisherSubscriberOpaqueD3.xml (RunModel)" time="0.025" />
  <testcase classname="ptolemy.util.test.junit.AutoTests" name="[298] /home/travis/build/icyphy/ptII/ptolemy/actor/lib/test/auto/PublisherSubscriberOpaqueD3Reverse.xml (RunModel)" time="0.027" />
  <testcase classname="ptolemy.util.test.junit.AutoTests" name="[299] /home/travis/build/icyphy/ptII/ptolemy/actor/lib/test/auto/PublisherSubscriberOpaqueWidthInference.xml (RunModel)" time="0.018" />
  <testcase classname="ptolemy.util.test.junit.AutoTests" name="[300] /home/travis/build/icyphy/ptII/ptolemy/actor/lib/test/auto/PublisherTestSubscriber.xml (RunModel)" time="0.019" />
  <testcase classname="ptolemy.util.test.junit.AutoTests" name="[301] /home/travis/build/icyphy/ptII/ptolemy/actor/lib/test/auto/PublisherToplevelSubscriberPortAOC.xml (RunModel)" time="0.014" />
  <testcase classname="ptolemy.util.test.junit.AutoTests" name="[302] /home/travis/build/icyphy/ptII/ptolemy/actor/lib/test/auto/PulseFiringLimitDE.xml (RunModel)" time="0.015" />
  <testcase classname="ptolemy.util.test.junit.AutoTests" name="[303] /home/travis/build/icyphy/ptII/ptolemy/actor/lib/test/auto/Ramp1.xml (RunModel)" time="0.009" />
  <testcase classname="ptolemy.util.test.junit.AutoTests" name="[304] /home/travis/build/icyphy/ptII/ptolemy/actor/lib/test/auto/RampFiringLimitDE.xml (RunModel)" time="0.017" />
  <testcase classname="ptolemy.util.test.junit.AutoTests" name="[305] /home/travis/build/icyphy/ptII/ptolemy/actor/lib/test/auto/RampFiringLimitSDF.xml (RunModel)" time="0.014" />
  <testcase classname="ptolemy.util.test.junit.AutoTests" name="[306] /home/travis/build/icyphy/ptII/ptolemy/actor/lib/test/auto/RandomInteger.xml (RunModel)" time="0.011" />
  <testcase classname="ptolemy.util.test.junit.AutoTests" name="[307] /home/travis/build/icyphy/ptII/ptolemy/actor/lib/test/auto/ReadFile1.xml (RunModel)" time="0.011" />
  <testcase classname="ptolemy.util.test.junit.AutoTests" name="[308] /home/travis/build/icyphy/ptII/ptolemy/actor/lib/test/auto/ReadFile2.xml (RunModel)" time="0.01" />
  <testcase classname="ptolemy.util.test.junit.AutoTests" name="[309] /home/travis/build/icyphy/ptII/ptolemy/actor/lib/test/auto/Reader.xml (RunModel)" time="0.015" />
  <testcase classname="ptolemy.util.test.junit.AutoTests" name="[310] /home/travis/build/icyphy/ptII/ptolemy/actor/lib/test/auto/RecordAssemblerDisplayNameTest.xml (RunModel)" time="4.096" />
  <testcase classname="ptolemy.util.test.junit.AutoTests" name="[311] /home/travis/build/icyphy/ptII/ptolemy/actor/lib/test/auto/RecordAssemblerTypeError.xml (RunModel)" time="0.051" />
  <testcase classname="ptolemy.util.test.junit.AutoTests" name="[312] /home/travis/build/icyphy/ptII/ptolemy/actor/lib/test/auto/RecordDisassember.xml (RunModel)" time="0.019" />
  <testcase classname="ptolemy.util.test.junit.AutoTests" name="[313] /home/travis/build/icyphy/ptII/ptolemy/actor/lib/test/auto/RecordDisassemberDisplayNameTest.xml (RunModel)" time="0.024" />
  <testcase classname="ptolemy.util.test.junit.AutoTests" name="[314] /home/travis/build/icyphy/ptII/ptolemy/actor/lib/test/auto/RecordDisassembler.xml (RunModel)" time="0.017" />
  <testcase classname="ptolemy.util.test.junit.AutoTests" name="[315] /home/travis/build/icyphy/ptII/ptolemy/actor/lib/test/auto/RecordDisassembler2.xml (RunModel)" time="0.012" />
  <testcase classname="ptolemy.util.test.junit.AutoTests" name="[316] /home/travis/build/icyphy/ptII/ptolemy/actor/lib/test/auto/RecordUpdater.xml (RunModel)" time="0.012" />
  <testcase classname="ptolemy.util.test.junit.AutoTests" name="[317] /home/travis/build/icyphy/ptII/ptolemy/actor/lib/test/auto/RecordUpdater2.xml (RunModel)" time="0.012" />
  <testcase classname="ptolemy.util.test.junit.AutoTests" name="[318] /home/travis/build/icyphy/ptII/ptolemy/actor/lib/test/auto/RecursiveLattice.xml (RunModel)" time="0.01" />
  <testcase classname="ptolemy.util.test.junit.AutoTests" name="[319] /home/travis/build/icyphy/ptII/ptolemy/actor/lib/test/auto/Router.xml (RunModel)" time="3.033" />
  <testcase classname="ptolemy.util.test.junit.AutoTests" name="[320] /home/travis/build/icyphy/ptII/ptolemy/actor/lib/test/auto/Router2.xml (RunModel)" time="3.025" />
  <testcase classname="ptolemy.util.test.junit.AutoTests" name="[321] /home/travis/build/icyphy/ptII/ptolemy/actor/lib/test/auto/RunningMaximum.xml (RunModel)" time="0.018" />
  <testcase classname="ptolemy.util.test.junit.AutoTests" name="[322] /home/travis/build/icyphy/ptII/ptolemy/actor/lib/test/auto/RunningMinimum.xml (RunModel)" time="0.027" />
  <testcase classname="ptolemy.util.test.junit.AutoTests" name="[323] /home/travis/build/icyphy/ptII/ptolemy/actor/lib/test/auto/Scale.xml (RunModel)" time="0.012" />
  <testcase classname="ptolemy.util.test.junit.AutoTests" name="[324] /home/travis/build/icyphy/ptII/ptolemy/actor/lib/test/auto/Scale2.xml (RunModel)" time="0.014" />
  <testcase classname="ptolemy.util.test.junit.AutoTests" name="[325] /home/travis/build/icyphy/ptII/ptolemy/actor/lib/test/auto/Scale3.xml (RunModel)" time="0.023" />
  <testcase classname="ptolemy.util.test.junit.AutoTests" name="[326] /home/travis/build/icyphy/ptII/ptolemy/actor/lib/test/auto/ScaleArray.xml (RunModel)" time="0.011" />
  <testcase classname="ptolemy.util.test.junit.AutoTests" name="[327] /home/travis/build/icyphy/ptII/ptolemy/actor/lib/test/auto/ScaleArray2.xml (RunModel)" time="0.013" />
  <testcase classname="ptolemy.util.test.junit.AutoTests" name="[328] /home/travis/build/icyphy/ptII/ptolemy/actor/lib/test/auto/ScaleMatrix.xml (RunModel)" time="0.199" />
  <testcase classname="ptolemy.util.test.junit.AutoTests" name="[329] /home/travis/build/icyphy/ptII/ptolemy/actor/lib/test/auto/Select.xml (RunModel)" time="0.023" />
  <testcase classname="ptolemy.util.test.junit.AutoTests" name="[330] /home/travis/build/icyphy/ptII/ptolemy/actor/lib/test/auto/Select2.xml (RunModel)" time="0.011" />
  <testcase classname="ptolemy.util.test.junit.AutoTests" name="[331] /home/travis/build/icyphy/ptII/ptolemy/actor/lib/test/auto/SequenceToArray2.xml (RunModel)" time="0.203" />
  <testcase classname="ptolemy.util.test.junit.AutoTests" name="[332] /home/travis/build/icyphy/ptII/ptolemy/actor/lib/test/auto/SequentialClock.xml (RunModel)" time="0.012" />
  <testcase classname="ptolemy.util.test.junit.AutoTests" name="[333] /home/travis/build/icyphy/ptII/ptolemy/actor/lib/test/auto/SetVariable.xml (RunModel)" time="0.013" />
  <testcase classname="ptolemy.util.test.junit.AutoTests" name="[334] /home/travis/build/icyphy/ptII/ptolemy/actor/lib/test/auto/SetVariable2.xml (RunModel)" time="0.012" />
  <testcase classname="ptolemy.util.test.junit.AutoTests" name="[335] /home/travis/build/icyphy/ptII/ptolemy/actor/lib/test/auto/SetVariable3.xml (RunModel)" time="0.016" />
  <testcase classname="ptolemy.util.test.junit.AutoTests" name="[336] /home/travis/build/icyphy/ptII/ptolemy/actor/lib/test/auto/SetVariable4.xml (RunModel)" time="0.035" />
  <testcase classname="ptolemy.util.test.junit.AutoTests" name="[337] /home/travis/build/icyphy/ptII/ptolemy/actor/lib/test/auto/SetVariable5.xml (RunModel)" time="0.055" />
  <testcase classname="ptolemy.util.test.junit.AutoTests" name="[338] /home/travis/build/icyphy/ptII/ptolemy/actor/lib/test/auto/Sinewave.xml (RunModel)" time="0.034" />
  <testcase classname="ptolemy.util.test.junit.AutoTests" name="[339] /home/travis/build/icyphy/ptII/ptolemy/actor/lib/test/auto/Sinewave2.xml (RunModel)" time="0.021" />
  <testcase classname="ptolemy.util.test.junit.AutoTests" name="[340] /home/travis/build/icyphy/ptII/ptolemy/actor/lib/test/auto/Sinewave3.xml (RunModel)" time="0.023" />
  <testcase classname="ptolemy.util.test.junit.AutoTests" name="[341] /home/travis/build/icyphy/ptII/ptolemy/actor/lib/test/auto/SingleEvent.xml (RunModel)" time="0.009" />
  <testcase classname="ptolemy.util.test.junit.AutoTests" name="[342] /home/travis/build/icyphy/ptII/ptolemy/actor/lib/test/auto/Sleep.xml (RunModel)" time="6.017" />
  <testcase classname="ptolemy.util.test.junit.AutoTests" name="[343] /home/travis/build/icyphy/ptII/ptolemy/actor/lib/test/auto/SleepMultipleFire.xml (RunModel)" time="1.024" />
  <testcase classname="ptolemy.util.test.junit.AutoTests" name="[344] /home/travis/build/icyphy/ptII/ptolemy/actor/lib/test/auto/StopDE.xml (RunModel)" time="0.016" />
  <testcase classname="ptolemy.util.test.junit.AutoTests" name="[345] /home/travis/build/icyphy/ptII/ptolemy/actor/lib/test/auto/StopSDF.xml (RunModel)" time="0.015" />
  <testcase classname="ptolemy.util.test.junit.AutoTests" name="[346] /home/travis/build/icyphy/ptII/ptolemy/actor/lib/test/auto/StringConstant.xml (RunModel)" time="0.017" />
  <testcase classname="ptolemy.util.test.junit.AutoTests" name="[347] /home/travis/build/icyphy/ptII/ptolemy/actor/lib/test/auto/SubscriberPortInitialValues1.xml (RunModel)" time="0.03" />
  <testcase classname="ptolemy.util.test.junit.AutoTests" name="[348] /home/travis/build/icyphy/ptII/ptolemy/actor/lib/test/auto/SubscriberPortInitialValues13.xml (RunModel)" time="0.032" />
  <testcase classname="ptolemy.util.test.junit.AutoTests" name="[349] /home/travis/build/icyphy/ptII/ptolemy/actor/lib/test/auto/SubscriberPortInitialValues14.xml (RunModel)" time="0.018" />
  <testcase classname="ptolemy.util.test.junit.AutoTests" name="[350] /home/travis/build/icyphy/ptII/ptolemy/actor/lib/test/auto/SubscriberPortInitialValues2.xml (RunModel)" time="0.022" />
  <testcase classname="ptolemy.util.test.junit.AutoTests" name="[351] /home/travis/build/icyphy/ptII/ptolemy/actor/lib/test/auto/SubscriberPortInitialValues3.xml (RunModel)" time="0.024" />
  <testcase classname="ptolemy.util.test.junit.AutoTests" name="[352] /home/travis/build/icyphy/ptII/ptolemy/actor/lib/test/auto/SubscriptionAggregator.xml (RunModel)" time="0.015" />
  <testcase classname="ptolemy.util.test.junit.AutoTests" name="[353] /home/travis/build/icyphy/ptII/ptolemy/actor/lib/test/auto/SubscriptionAggregator2.xml (RunModel)" time="0.013" />
  <testcase classname="ptolemy.util.test.junit.AutoTests" name="[354] /home/travis/build/icyphy/ptII/ptolemy/actor/lib/test/auto/SubscriptionAggregator3.xml (RunModel)" time="0.017" />
  <testcase classname="ptolemy.util.test.junit.AutoTests" name="[355] /home/travis/build/icyphy/ptII/ptolemy/actor/lib/test/auto/SubscriptionAggregatorMultiply.xml (RunModel)" time="0.016" />
  <testcase classname="ptolemy.util.test.junit.AutoTests" name="[356] /home/travis/build/icyphy/ptII/ptolemy/actor/lib/test/auto/SubscriptionAggregatorPortMultiply1.xml (RunModel)" time="0.017" />
  <testcase classname="ptolemy.util.test.junit.AutoTests" name="[357] /home/travis/build/icyphy/ptII/ptolemy/actor/lib/test/auto/Switch.xml (RunModel)" time="0.021" />
  <testcase classname="ptolemy.util.test.junit.AutoTests" name="[358] /home/travis/build/icyphy/ptII/ptolemy/actor/lib/test/auto/Switch2.xml (RunModel)" time="0.011" />
  <testcase classname="ptolemy.util.test.junit.AutoTests" name="[359] /home/travis/build/icyphy/ptII/ptolemy/actor/lib/test/auto/SwitchDE.xml (RunModel)" time="0.013" />
  <testcase classname="ptolemy.util.test.junit.AutoTests" name="[360] /home/travis/build/icyphy/ptII/ptolemy/actor/lib/test/auto/SynchronizerDE.xml (RunModel)" time="0.024" />
  <testcase classname="ptolemy.util.test.junit.AutoTests" name="[361] /home/travis/build/icyphy/ptII/ptolemy/actor/lib/test/auto/Test.xml (RunModel)" time="0.02" />
  <testcase classname="ptolemy.util.test.junit.AutoTests" name="[362] /home/travis/build/icyphy/ptII/ptolemy/actor/lib/test/auto/TestExceptionAttribute1.xml (RunModel)" time="0.008" />
  <testcase classname="ptolemy.util.test.junit.AutoTests" name="[363] /home/travis/build/icyphy/ptII/ptolemy/actor/lib/test/auto/TestExceptionAttribute2.xml (RunModel)" time="0.009" />
  <testcase classname="ptolemy.util.test.junit.AutoTests" name="[364] /home/travis/build/icyphy/ptII/ptolemy/actor/lib/test/auto/TestExceptionAttribute3.xml (RunModel)" time="0.012" />
  <testcase classname="ptolemy.util.test.junit.AutoTests" name="[365] /home/travis/build/icyphy/ptII/ptolemy/actor/lib/test/auto/TestExceptionAttribute4.xml (RunModel)" time="0.008" />
  <testcase classname="ptolemy.util.test.junit.AutoTests" name="[366] /home/travis/build/icyphy/ptII/ptolemy/actor/lib/test/auto/TestExceptionHandler1.xml (RunModel)" time="0.007" />
  <testcase classname="ptolemy.util.test.junit.AutoTests" name="[367] /home/travis/build/icyphy/ptII/ptolemy/actor/lib/test/auto/TestExceptionHandler2.xml (RunModel)" time="0.009" />
  <testcase classname="ptolemy.util.test.junit.AutoTests" name="[368] /home/travis/build/icyphy/ptII/ptolemy/actor/lib/test/auto/TestExceptionHandler3.xml (RunModel)" time="0.008" />
  <testcase classname="ptolemy.util.test.junit.AutoTests" name="[369] /home/travis/build/icyphy/ptII/ptolemy/actor/lib/test/auto/TestExceptionHandler4.xml (RunModel)" time="0.035" />
  <testcase classname="ptolemy.util.test.junit.AutoTests" name="[370] /home/travis/build/icyphy/ptII/ptolemy/actor/lib/test/auto/TestRequireCorrectOrder.xml (RunModel)" time="0.015" />
  <testcase classname="ptolemy.util.test.junit.AutoTests" name="[371] /home/travis/build/icyphy/ptII/ptolemy/actor/lib/test/auto/TestSimple.xml (RunModel)" time="0.007" />
  <testcase classname="ptolemy.util.test.junit.AutoTests" name="[372] /home/travis/build/icyphy/ptII/ptolemy/actor/lib/test/auto/ThrowModelError.xml (RunModel)" time="0.013" />
  <testcase classname="ptolemy.util.test.junit.AutoTests" name="[373] /home/travis/build/icyphy/ptII/ptolemy/actor/lib/test/auto/TimeDelayMicrosteps.xml (RunModel)" time="0.015" />
  <testcase classname="ptolemy.util.test.junit.AutoTests" name="[374] /home/travis/build/icyphy/ptII/ptolemy/actor/lib/test/auto/TimeDelayMicrosteps2.xml (RunModel)" time="0.017" />
  <testcase classname="ptolemy.util.test.junit.AutoTests" name="[375] /home/travis/build/icyphy/ptII/ptolemy/actor/lib/test/auto/TimeDelayMicrosteps3.xml (RunModel)" time="0.014" />
  <testcase classname="ptolemy.util.test.junit.AutoTests" name="[376] /home/travis/build/icyphy/ptII/ptolemy/actor/lib/test/auto/TimeDelayVariableMicrosteps.xml (RunModel)" time="0.016" />
  <testcase classname="ptolemy.util.test.junit.AutoTests" name="[377] /home/travis/build/icyphy/ptII/ptolemy/actor/lib/test/auto/TimeGap.xml (RunModel)" time="0.017" />
  <testcase classname="ptolemy.util.test.junit.AutoTests" name="[378] /home/travis/build/icyphy/ptII/ptolemy/actor/lib/test/auto/TimeGap2.xml (RunModel)" time="0.013" />
  <testcase classname="ptolemy.util.test.junit.AutoTests" name="[379] /home/travis/build/icyphy/ptII/ptolemy/actor/lib/test/auto/TimedSinewave.xml (RunModel)" time="0.061" />
  <testcase classname="ptolemy.util.test.junit.AutoTests" name="[380] /home/travis/build/icyphy/ptII/ptolemy/actor/lib/test/auto/TimedSinewavePhase.xml (RunModel)" time="0.048" />
  <testcase classname="ptolemy.util.test.junit.AutoTests" name="[381] /home/travis/build/icyphy/ptII/ptolemy/actor/lib/test/auto/Timer.xml (RunModel)" time="0.018" />
  <testcase classname="ptolemy.util.test.junit.AutoTests" name="[382] /home/travis/build/icyphy/ptII/ptolemy/actor/lib/test/auto/TriangularDistTestModel.xml (RunModel)" time="0.02" />
  <testcase classname="ptolemy.util.test.junit.AutoTests" name="[383] /home/travis/build/icyphy/ptII/ptolemy/actor/lib/test/auto/TrigFunction.xml (RunModel)" time="0.009" />
  <testcase classname="ptolemy.util.test.junit.AutoTests" name="[384] /home/travis/build/icyphy/ptII/ptolemy/actor/lib/test/auto/TrigFunctionDE.xml (RunModel)" time="0.014" />
  <testcase classname="ptolemy.util.test.junit.AutoTests" name="[385] /home/travis/build/icyphy/ptII/ptolemy/actor/lib/test/auto/TrigFunctionInverse.xml (RunModel)" time="0.011" />
  <testcase classname="ptolemy.util.test.junit.AutoTests" name="[386] /home/travis/build/icyphy/ptII/ptolemy/actor/lib/test/auto/TrigFunctionTan.xml (RunModel)" time="0.009" />
  <testcase classname="ptolemy.util.test.junit.AutoTests" name="[387] /home/travis/build/icyphy/ptII/ptolemy/actor/lib/test/auto/TriggeredClock.xml (RunModel)" time="0.01" />
  <testcase classname="ptolemy.util.test.junit.AutoTests" name="[388] /home/travis/build/icyphy/ptII/ptolemy/actor/lib/test/auto/URLDirectoryReader.xml (RunModel)" time="0.141" />
  <testcase classname="ptolemy.util.test.junit.AutoTests" name="[389] /home/travis/build/icyphy/ptII/ptolemy/actor/lib/test/auto/URLDirectoryReader3.xml (RunModel)" time="1.489" />
  <testcase classname="ptolemy.util.test.junit.AutoTests" name="[390] /home/travis/build/icyphy/ptII/ptolemy/actor/lib/test/auto/UnaryMathFunction.xml (RunModel)" time="0.03" />
  <testcase classname="ptolemy.util.test.junit.AutoTests" name="[391] /home/travis/build/icyphy/ptII/ptolemy/actor/lib/test/auto/Uniform.xml (RunModel)" time="0.015" />
  <testcase classname="ptolemy.util.test.junit.AutoTests" name="[392] /home/travis/build/icyphy/ptII/ptolemy/actor/lib/test/auto/UnionDisassemblerTest.xml (RunModel)" time="0.01" />
  <testcase classname="ptolemy.util.test.junit.AutoTests" name="[393] /home/travis/build/icyphy/ptII/ptolemy/actor/lib/test/auto/UtilityFunctions.xml (RunModel)" time="0.011" />
  <testcase classname="ptolemy.util.test.junit.AutoTests" name="[394] /home/travis/build/icyphy/ptII/ptolemy/actor/lib/test/auto/VariableSleep.xml (RunModel)" time="0.515" />
  <testcase classname="ptolemy.util.test.junit.AutoTests" name="[395] /home/travis/build/icyphy/ptII/ptolemy/actor/lib/test/auto/VectorAssemblerDisassemblerCT.xml (RunModel)" time="0.12" />
  <testcase classname="ptolemy.util.test.junit.AutoTests" name="[396] /home/travis/build/icyphy/ptII/ptolemy/actor/lib/test/auto/VectorAssemblerDisassemblerDE.xml (RunModel)" time="0.022" />
  <testcase classname="ptolemy.util.test.junit.AutoTests" name="[397] /home/travis/build/icyphy/ptII/ptolemy/actor/lib/test/auto/VectorAssemblerDisassemblerSDF.xml (RunModel)" time="0.023" />
  <testcase classname="ptolemy.util.test.junit.AutoTests" name="[398] /home/travis/build/icyphy/ptII/ptolemy/actor/lib/test/auto/WallClockTime.xml (RunModel)" time="1.016" />
  <testcase classname="ptolemy.util.test.junit.AutoTests" name="[399] /home/travis/build/icyphy/ptII/ptolemy/actor/lib/test/auto/WidthTestWithSubscriberPublisher.xml (RunModel)" time="0.046" />
  <testcase classname="ptolemy.util.test.junit.AutoTests" name="[400] /home/travis/build/icyphy/ptII/ptolemy/actor/lib/test/auto/WidthTestWithSubscriberPublisher2.xml (RunModel)" time="0.017" />
  <testcase classname="ptolemy.util.test.junit.AutoTests" name="[401] /home/travis/build/icyphy/ptII/ptolemy/actor/lib/test/auto/WidthTestWithSubscriberPublisher3.xml (RunModel)" time="0.013" />
  <testcase classname="ptolemy.util.test.junit.AutoTests" name="[402] /home/travis/build/icyphy/ptII/ptolemy/actor/lib/test/auto/Writer.xml (RunModel)" time="0.009" />
  <testcase classname="ptolemy.util.test.junit.AutoTests" name="[403] /home/travis/build/icyphy/ptII/ptolemy/actor/lib/test/auto/array.xml (RunModel)" time="0.011" />
  <testcase classname="ptolemy.util.test.junit.AutoTests" name="[404] /home/travis/build/icyphy/ptII/ptolemy/actor/lib/test/auto/array2.xml (RunModel)" time="0.014" />
  <testcase classname="ptolemy.util.test.junit.AutoTests" name="[405] /home/travis/build/icyphy/ptII/ptolemy/actor/lib/test/auto/arrayType.xml (RunModel)" time="0.012" />
  <testcase classname="ptolemy.util.test.junit.AutoTests" name="[406] /home/travis/build/icyphy/ptII/ptolemy/actor/lib/test/auto/arrayType10.xml (RunModel)" time="0.01" />
  <testcase classname="ptolemy.util.test.junit.AutoTests" name="[407] /home/travis/build/icyphy/ptII/ptolemy/actor/lib/test/auto/arrayType11.xml (RunModel)" time="0.016" />
  <testcase classname="ptolemy.util.test.junit.AutoTests" name="[408] /home/travis/build/icyphy/ptII/ptolemy/actor/lib/test/auto/arrayType12.xml (RunModel)" time="0.011" />
  <testcase classname="ptolemy.util.test.junit.AutoTests" name="[409] /home/travis/build/icyphy/ptII/ptolemy/actor/lib/test/auto/arrayType13.xml (RunModel)" time="0.01" />
  <testcase classname="ptolemy.util.test.junit.AutoTests" name="[410] /home/travis/build/icyphy/ptII/ptolemy/actor/lib/test/auto/arrayType14.xml (RunModel)" time="0.009" />
  <testcase classname="ptolemy.util.test.junit.AutoTests" name="[411] /home/travis/build/icyphy/ptII/ptolemy/actor/lib/test/auto/arrayType15.xml (RunModel)" time="0.011" />
  <testcase classname="ptolemy.util.test.junit.AutoTests" name="[412] /home/travis/build/icyphy/ptII/ptolemy/actor/lib/test/auto/arrayType16.xml (RunModel)" time="0.01" />
  <testcase classname="ptolemy.util.test.junit.AutoTests" name="[413] /home/travis/build/icyphy/ptII/ptolemy/actor/lib/test/auto/arrayType17.xml (RunModel)" time="0.01" />
  <testcase classname="ptolemy.util.test.junit.AutoTests" name="[414] /home/travis/build/icyphy/ptII/ptolemy/actor/lib/test/auto/arrayType18.xml (RunModel)" time="0.01" />
  <testcase classname="ptolemy.util.test.junit.AutoTests" name="[415] /home/travis/build/icyphy/ptII/ptolemy/actor/lib/test/auto/arrayType19.xml (RunModel)" time="0.009" />
  <testcase classname="ptolemy.util.test.junit.AutoTests" name="[416] /home/travis/build/icyphy/ptII/ptolemy/actor/lib/test/auto/arrayType2.xml (RunModel)" time="0.012" />
  <testcase classname="ptolemy.util.test.junit.AutoTests" name="[417] /home/travis/build/icyphy/ptII/ptolemy/actor/lib/test/auto/arrayType20.xml (RunModel)" time="0.01" />
  <testcase classname="ptolemy.util.test.junit.AutoTests" name="[418] /home/travis/build/icyphy/ptII/ptolemy/actor/lib/test/auto/arrayType21.xml (RunModel)" time="0.012" />
  <testcase classname="ptolemy.util.test.junit.AutoTests" name="[419] /home/travis/build/icyphy/ptII/ptolemy/actor/lib/test/auto/arrayType22.xml (RunModel)" time="0.009" />
  <testcase classname="ptolemy.util.test.junit.AutoTests" name="[420] /home/travis/build/icyphy/ptII/ptolemy/actor/lib/test/auto/arrayType23.xml (RunModel)" time="0.011" />
  <testcase classname="ptolemy.util.test.junit.AutoTests" name="[421] /home/travis/build/icyphy/ptII/ptolemy/actor/lib/test/auto/arrayType24.xml (RunModel)" time="0.01" />
  <testcase classname="ptolemy.util.test.junit.AutoTests" name="[422] /home/travis/build/icyphy/ptII/ptolemy/actor/lib/test/auto/arrayType25.xml (RunModel)" time="0.01" />
  <testcase classname="ptolemy.util.test.junit.AutoTests" name="[423] /home/travis/build/icyphy/ptII/ptolemy/actor/lib/test/auto/arrayType26.xml (RunModel)" time="0.011" />
  <testcase classname="ptolemy.util.test.junit.AutoTests" name="[424] /home/travis/build/icyphy/ptII/ptolemy/actor/lib/test/auto/arrayType27.xml (RunModel)" time="0.01" />
  <testcase classname="ptolemy.util.test.junit.AutoTests" name="[425] /home/travis/build/icyphy/ptII/ptolemy/actor/lib/test/auto/arrayType28.xml (RunModel)" time="0.014" />
  <testcase classname="ptolemy.util.test.junit.AutoTests" name="[426] /home/travis/build/icyphy/ptII/ptolemy/actor/lib/test/auto/arrayType3.xml (RunModel)" time="0.015" />
  <testcase classname="ptolemy.util.test.junit.AutoTests" name="[427] /home/travis/build/icyphy/ptII/ptolemy/actor/lib/test/auto/arrayType4.xml (RunModel)" time="0.015" />
  <testcase classname="ptolemy.util.test.junit.AutoTests" name="[428] /home/travis/build/icyphy/ptII/ptolemy/actor/lib/test/auto/arrayType5.xml (RunModel)" time="0.01" />
  <testcase classname="ptolemy.util.test.junit.AutoTests" name="[429] /home/travis/build/icyphy/ptII/ptolemy/actor/lib/test/auto/arrayType6.xml (RunModel)" time="0.01" />
  <testcase classname="ptolemy.util.test.junit.AutoTests" name="[430] /home/travis/build/icyphy/ptII/ptolemy/actor/lib/test/auto/arrayType7.xml (RunModel)" time="0.009" />
  <testcase classname="ptolemy.util.test.junit.AutoTests" name="[431] /home/travis/build/icyphy/ptII/ptolemy/actor/lib/test/auto/arrayType8.xml (RunModel)" time="0.009" />
  <testcase classname="ptolemy.util.test.junit.AutoTests" name="[432] /home/travis/build/icyphy/ptII/ptolemy/actor/lib/test/auto/arrayType9.xml (RunModel)" time="0.009" />
  <testcase classname="ptolemy.util.test.junit.AutoTests" name="[433] /home/travis/build/icyphy/ptII/ptolemy/actor/lib/test/auto/cast.xml (RunModel)" time="0.01" />
  <testcase classname="ptolemy.util.test.junit.AutoTests" name="[434] /home/travis/build/icyphy/ptII/ptolemy/actor/lib/test/auto/compositeMultiPort.xml (RunModel)" time="0.05" />
  <testcase classname="ptolemy.util.test.junit.AutoTests" name="[435] /home/travis/build/icyphy/ptII/ptolemy/actor/lib/test/auto/expressionCastInference.xml (RunModel)" time="0.042" />
  <testcase classname="ptolemy.util.test.junit.AutoTests" name="[436] /home/travis/build/icyphy/ptII/ptolemy/actor/lib/test/auto/expressionCastInference2.xml (RunModel)" time="0.033" />
  <testcase classname="ptolemy.util.test.junit.AutoTests" name="[437] /home/travis/build/icyphy/ptII/ptolemy/actor/lib/test/auto/expressionInference.xml (RunModel)" time="0.045" />
  <testcase classname="ptolemy.util.test.junit.AutoTests" name="[438] /home/travis/build/icyphy/ptII/ptolemy/actor/lib/test/auto/expression_bug.xml (RunModel)" time="0.073" />
  <testcase classname="ptolemy.util.test.junit.AutoTests" name="[439] /home/travis/build/icyphy/ptII/ptolemy/actor/lib/test/auto/factorial.xml (RunModel)" time="0.094" />
  <testcase classname="ptolemy.util.test.junit.AutoTests" name="[440] /home/travis/build/icyphy/ptII/ptolemy/actor/lib/test/auto/filterTest1.xml (RunModel)" time="0.014" />
  <testcase classname="ptolemy.util.test.junit.AutoTests" name="[441] /home/travis/build/icyphy/ptII/ptolemy/actor/lib/test/auto/funcApplyInConst.xml (RunModel)" time="0.009" />
  <testcase classname="ptolemy.util.test.junit.AutoTests" name="[442] /home/travis/build/icyphy/ptII/ptolemy/actor/lib/test/auto/funcApplyInExpr.xml (RunModel)" time="0.008" />
  <testcase classname="ptolemy.util.test.junit.AutoTests" name="[443] /home/travis/build/icyphy/ptII/ptolemy/actor/lib/test/auto/function.xml (RunModel)" time="0.019" />
  <testcase classname="ptolemy.util.test.junit.AutoTests" name="[444] /home/travis/build/icyphy/ptII/ptolemy/actor/lib/test/auto/function2.xml (RunModel)" time="0.015" />
  <testcase classname="ptolemy.util.test.junit.AutoTests" name="[445] /home/travis/build/icyphy/ptII/ptolemy/actor/lib/test/auto/function3.xml (RunModel)" time="0.009" />
  <testcase classname="ptolemy.util.test.junit.AutoTests" name="[446] /home/travis/build/icyphy/ptII/ptolemy/actor/lib/test/auto/functionClosureTest1.xml (RunModel)" time="0.011" />
  <testcase classname="ptolemy.util.test.junit.AutoTests" name="[447] /home/travis/build/icyphy/ptII/ptolemy/actor/lib/test/auto/functionClosureTest2.xml (RunModel)" time="0.008" />
  <testcase classname="ptolemy.util.test.junit.AutoTests" name="[448] /home/travis/build/icyphy/ptII/ptolemy/actor/lib/test/auto/functionClosureTest3.xml (RunModel)" time="0.01" />
  <testcase classname="ptolemy.util.test.junit.AutoTests" name="[449] /home/travis/build/icyphy/ptII/ptolemy/actor/lib/test/auto/functionClosureTest4.xml (RunModel)" time="0.017" />
  <testcase classname="ptolemy.util.test.junit.AutoTests" name="[450] /home/travis/build/icyphy/ptII/ptolemy/actor/lib/test/auto/functionClosureTest5.xml (RunModel)" time="0.014" />
  <testcase classname="ptolemy.util.test.junit.AutoTests" name="[451] /home/travis/build/icyphy/ptII/ptolemy/actor/lib/test/auto/functionClosureTest6.xml (RunModel)" time="0.009" />
  <testcase classname="ptolemy.util.test.junit.AutoTests" name="[452] /home/travis/build/icyphy/ptII/ptolemy/actor/lib/test/auto/functionsOnArcs.xml (RunModel)" time="0.01" />
  <testcase classname="ptolemy.util.test.junit.AutoTests" name="[453] /home/travis/build/icyphy/ptII/ptolemy/actor/lib/test/auto/functionsOnArcsHOF.xml (RunModel)" time="0.013" />
  <testcase classname="ptolemy.util.test.junit.AutoTests" name="[454] /home/travis/build/icyphy/ptII/ptolemy/actor/lib/test/auto/logic.xml (RunModel)" time="0.021" />
  <testcase classname="ptolemy.util.test.junit.AutoTests" name="[455] /home/travis/build/icyphy/ptII/ptolemy/actor/lib/test/auto/matrixType.xml (RunModel)" time="0.01" />
  <testcase classname="ptolemy.util.test.junit.AutoTests" name="[456] /home/travis/build/icyphy/ptII/ptolemy/actor/lib/test/auto/matrixType10.xml (RunModel)" time="0.011" />
  <testcase classname="ptolemy.util.test.junit.AutoTests" name="[457] /home/travis/build/icyphy/ptII/ptolemy/actor/lib/test/auto/matrixType11.xml (RunModel)" time="0.011" />
  <testcase classname="ptolemy.util.test.junit.AutoTests" name="[458] /home/travis/build/icyphy/ptII/ptolemy/actor/lib/test/auto/matrixType12.xml (RunModel)" time="0.014" />
  <testcase classname="ptolemy.util.test.junit.AutoTests" name="[459] /home/travis/build/icyphy/ptII/ptolemy/actor/lib/test/auto/matrixType13.xml (RunModel)" time="0.01" />
  <testcase classname="ptolemy.util.test.junit.AutoTests" name="[460] /home/travis/build/icyphy/ptII/ptolemy/actor/lib/test/auto/matrixType14.xml (RunModel)" time="0.013" />
  <testcase classname="ptolemy.util.test.junit.AutoTests" name="[461] /home/travis/build/icyphy/ptII/ptolemy/actor/lib/test/auto/matrixType2.xml (RunModel)" time="0.01" />
  <testcase classname="ptolemy.util.test.junit.AutoTests" name="[462] /home/travis/build/icyphy/ptII/ptolemy/actor/lib/test/auto/matrixType3.xml (RunModel)" time="0.013" />
  <testcase classname="ptolemy.util.test.junit.AutoTests" name="[463] /home/travis/build/icyphy/ptII/ptolemy/actor/lib/test/auto/matrixType4.xml (RunModel)" time="0.011" />
  <testcase classname="ptolemy.util.test.junit.AutoTests" name="[464] /home/travis/build/icyphy/ptII/ptolemy/actor/lib/test/auto/matrixType5.xml (RunModel)" time="0.009" />
  <testcase classname="ptolemy.util.test.junit.AutoTests" name="[465] /home/travis/build/icyphy/ptII/ptolemy/actor/lib/test/auto/matrixType6.xml (RunModel)" time="0.01" />
  <testcase classname="ptolemy.util.test.junit.AutoTests" name="[466] /home/travis/build/icyphy/ptII/ptolemy/actor/lib/test/auto/matrixType7.xml (RunModel)" time="0.011" />
  <testcase classname="ptolemy.util.test.junit.AutoTests" name="[467] /home/travis/build/icyphy/ptII/ptolemy/actor/lib/test/auto/matrixType8.xml (RunModel)" time="0.011" />
  <testcase classname="ptolemy.util.test.junit.AutoTests" name="[468] /home/travis/build/icyphy/ptII/ptolemy/actor/lib/test/auto/matrixType9.xml (RunModel)" time="0.01" />
  <testcase classname="ptolemy.util.test.junit.AutoTests" name="[469] /home/travis/build/icyphy/ptII/ptolemy/actor/lib/test/auto/paraFunctest.xml (RunModel)" time="0.008" />
  <testcase classname="ptolemy.util.test.junit.AutoTests" name="[470] /home/travis/build/icyphy/ptII/ptolemy/actor/lib/test/auto/paraFunctest2.xml (RunModel)" time="0.014" />
  <testcase classname="ptolemy.util.test.junit.AutoTests" name="[471] /home/travis/build/icyphy/ptII/ptolemy/actor/lib/test/auto/parameterPassing.xml (RunModel)" time="0.009" />
  <testcase classname="ptolemy.util.test.junit.AutoTests" name="[472] /home/travis/build/icyphy/ptII/ptolemy/actor/lib/test/auto/record.xml (RunModel)" time="0.012" />
  <testcase classname="ptolemy.util.test.junit.AutoTests" name="[473] /home/travis/build/icyphy/ptII/ptolemy/actor/lib/test/auto/sizedarray1.xml (RunModel)" time="0.013" />
  <testcase classname="ptolemy.util.test.junit.AutoTests" name="[474] /home/travis/build/icyphy/ptII/ptolemy/actor/lib/test/auto/sizedarray2.xml (RunModel)" time="0.013" />
  <testcase classname="ptolemy.util.test.junit.AutoTests" name="[475] /home/travis/build/icyphy/ptII/ptolemy/actor/lib/test/auto/twoPublishers.xml (RunModel)" time="0.03" />
  <system-out><![CDATA[/home/travis/build/icyphy/ptII/ptolemy/actor/lib/test/AbsoluteValue.tcl
testDefs.tcl: setting time out to 9000 seconds at Sun Sep 08 05:42:26 UTC 2019
117 ms. Memory: 120832K Free: 85955K (71%)
7 ms. Memory: 120832K Free: 84411K (70%)
10 ms. Memory: 120832K Free: 83379K (69%)
17 ms. Memory: 120832K Free: 82883K (69%)
/home/travis/build/icyphy/ptII/ptolemy/actor/lib/test/AddSubtract.tcl
20 ms. Memory: 120832K Free: 80835K (67%)
7 ms. Memory: 120832K Free: 80315K (66%)
12 ms. Memory: 120832K Free: 79297K (66%)
19 ms. Memory: 120832K Free: 78273K (65%)
67 ms. Memory: 120832K Free: 75715K (63%)
15 ms. Memory: 120832K Free: 74691K (62%)
/home/travis/build/icyphy/ptII/ptolemy/actor/lib/test/Average.tcl
9 ms. Memory: 120832K Free: 73153K (61%)
8 ms. Memory: 120832K Free: 72115K (60%)
/home/travis/build/icyphy/ptII/ptolemy/actor/lib/test/Bernoulli.tcl
6 ms. Memory: 120832K Free: 70595K (58%)
3 ms. Memory: 120832K Free: 70081K (58%)
/home/travis/build/icyphy/ptII/ptolemy/actor/lib/test/Clock.tcl
preinitializing
resolving types
initializing
executing number 1
wrapping up
idle
48 ms. Memory: 120832K Free: 67523K (56%)
Completed execution with 5 iterations
preinitializing
resolving types
initializing
executing number 1
wrapping up
idle
13 ms. Memory: 120832K Free: 66499K (55%)
Completed execution with 5 iterations
preinitializing
resolving types
initializing
executing number 1
wrapping up
idle
18 ms. Memory: 120832K Free: 65979K (55%)
Completed execution with 5 iterations
/home/travis/build/icyphy/ptII/ptolemy/actor/lib/test/Commutator.tcl
15 ms. Memory: 120832K Free: 63923K (53%)
10 ms. Memory: 120832K Free: 62913K (52%)
29 ms. Memory: 120832K Free: 57283K (47%)
/home/travis/build/icyphy/ptII/ptolemy/actor/lib/test/Const.tcl
15 ms. Memory: 120832K Free: 55715K (46%)
4 ms. Memory: 120832K Free: 55235K (46%)
4 ms. Memory: 120832K Free: 54721K (45%)
7 ms. Memory: 120832K Free: 54211K (45%)
5 ms. Memory: 120832K Free: 53187K (44%)
25 ms. Memory: 120832K Free: 51649K (43%)
14 ms. Memory: 120832K Free: 50625K (42%)
5 ms. Memory: 120832K Free: 50115K (41%)
/home/travis/build/icyphy/ptII/ptolemy/actor/lib/test/CurrentTime.tcl
preinitializing
resolving types
initializing
executing number 1
wrapping up
idle
16 ms. Memory: 120832K Free: 48067K (40%)
Completed execution with 11 iterations
/home/travis/build/icyphy/ptII/ptolemy/actor/lib/test/DB.tcl
6 ms. Memory: 120832K Free: 46019K (38%)
32 ms. Memory: 120832K Free: 106951K (89%)
11 ms. Memory: 120832K Free: 106951K (89%)
/home/travis/build/icyphy/ptII/ptolemy/actor/lib/test/DiscreteRandomSource.tcl
preinitializing
resolving types
initializing
executing number 1
wrapping up
idle
25 ms. Memory: 120832K Free: 105452K (87%)
Completed execution with 4 iterations
preinitializing
resolving types
initializing
executing number 1
wrapping up
idle
3 ms. Memory: 120832K Free: 105115K (87%)
Completed execution with 4 iterations
preinitializing
resolving types
initializing
executing number 1
wrapping up
idle
4 ms. Memory: 120832K Free: 104452K (86%)
Completed execution with 4 iterations
preinitializing
resolving types
initializing
executing number 1
wrapping up
idle
3 ms. Memory: 120832K Free: 104107K (86%)
Completed execution with 4 iterations
preinitializing
resolving types
initializing
executing number 1
wrapping up
idle
4 ms. Memory: 120832K Free: 103787K (86%)
Completed execution with 4 iterations
/home/travis/build/icyphy/ptII/ptolemy/actor/lib/test/Distributor.tcl
4 ms. Memory: 120832K Free: 102083K (84%)
4 ms. Memory: 120832K Free: 101380K (84%)
StreamChangeRequest.changeExecuted(): <deleteEntity name="rec2"/> succeeded
StreamChangeRequest.changeExecuted(): <deleteRelation name="r2"/> succeeded
StreamChangeRequest.changeExecuted(): Record firings per iteration succeeded
6 ms. Memory: 120832K Free: 99019K (82%)
/home/travis/build/icyphy/ptII/ptolemy/actor/lib/test/Exit.tcl
Exit.tcl: this will print a message about Manager.exitAfterWrapup, which can be ignored.
16 ms. Memory: 120832K Free: 95751K (79%)
/home/travis/build/icyphy/ptII/ptolemy/actor/lib/test/Expression.tcl
15 ms. Memory: 120832K Free: 92579K (77%)
4 ms. Memory: 120832K Free: 91843K (76%)
7 ms. Memory: 120832K Free: 106377K (88%)
preinitializing
resolving types
initializing
executing number 1
wrapping up
idle
6 ms. Memory: 120832K Free: 104857K (87%)
Completed execution with 6 iterations
4 ms. Memory: 120832K Free: 103833K (86%)
4 ms. Memory: 120832K Free: 103305K (85%)
5 ms. Memory: 120832K Free: 101785K (84%)
12 ms. Memory: 120832K Free: 100761K (83%)
8 ms. Memory: 120832K Free: 99737K (83%)
/home/travis/build/icyphy/ptII/ptolemy/actor/lib/test/Gaussian.tcl
10 ms. Memory: 120832K Free: 97689K (81%)
sleeping 1 seconds: .............................................................................................................................................................................................................................................................................................................................................................................................................................................................................................................................................................................................................................................................................................................................................................................................................................................................................................................................................................................................................................................................................................................................................................................................................................................................................................................................................................................................................................................................................................................................................................................................................................................................................................................................................................................................................................................................................................................................................................................................................................................................................................................................................................................................................................................................................................................................................................................................................................................................................................................................................................................................................................................................................................................................................................................................................................................................................................................................................................................................................................................................................................................................................................................................................................................................................................................................................................................................................................................................................................................................................................................................................................................................................................................................................................................................................................................................................................................................................................................................................................................................................................................................................................................................................................................................................................................................................................................................................................................................................................................................................................................................................................................................................................................................................................................................................................................................................................................................................................................................................................................................................................................................................................................................................................................................................................................................................................................................................................................................................................................................................................................................................................................................................................................................................................................................................................................................................................................................................................................................................................................................................................................................................................................................................................................................................................................................................................................................................................................................................................................................................................................................................................................................................................................................................................................................................................................................................................................................................................................................................................................................................................................................................................................................................................................................................................................................................................................................................................................................................................................................................................................................................................................................................................................................................................................................................................................................................................................................................................................................................................................................................................................................................................................................................................................................................................................................................................................................................................................................................................................................................................................................................................................................................................................................................................................................................................................................................................................................................................................................................................................................................................................................................................................................................................................................................................................................................................................................................................................................................................................................................................................................................................................................................................................................................................................................................................................................................................................................................................................................................................................................................................................................................................................................................................................................................................................................................................................................................................................................................................................................................................................................................................................................................................................................................................................................................................................................................................................................................................................................................................................................................................................................................................................................................................................................................................................................................................................................................................................................................................................................................................................................................................................................................................................................................................................................................................................................................................................................................................................................................................................................................................................................................................................................................................................................................................................................................................................................................................................................................................................................................................................................................................................................................................................................................................................................................................................................................................................................................................................................................................................................................................................................................................................................................................................................................................................................................................................................................................................................................................................................................................................................................................................................................................................................................................................................................................................................................................................................................................................................................................................................................................................................................................................................................................................................................................................................................................................................................................................................................................................................................................................................................................................................................................................................................................................................................................................................................................................................................................................................................................................................................................................................................................................................................................................................................................................................................................................................................................................................................................................................................................................................................................................................................................................................................................................................................................................................................................................................................................................................................................................................................................................................................................................................................................................................................................................................................................................................................................................................................................................................................................................................................................................................................................................................................................................................................................................................................................................................................................................................................................................................................................................................................................................................................................................................................................................................................................................................................................................................................................................................................................................................................................................................................................................................................................................................................................................................................................................................................................................................................................................................................................................................................................................................................................................................................................................................................................................................................................................................................................................................................................................................................................................................................................................................................................................................................................................................................................................................................................................................................................................................................................................................................................................................................................................................................................................................................................................................................................................................................................................................................................................................................................................................................................................................................................................................................................................................................................................................................................................................................................................................................................................................................................................................................................................................................................................................................................................................................................................................................................................................................................................................................................................................................................................................................................................................................................................................................................................................................................................................................................................................................................................................................................................................................................................................................................................................................................................................................................................................................................................................................................................................................................................................................................................................................................................................................................................................................................................................................................................................................................................................................................................................................................................................................................................................................................................................................................................................................................................................................................................................................................................................................................................................................................................................................................................................................................................................................................................................................................................................................................................................................................................................................................................................................................................................................................................................................................................................................................................................................................................................................................................................................................................................................................................................................................................................................................................................................................................................................................................................................................................................................................................................................................................................................................................................................................................................................................................................................................................................................................................................................................................................................................................................................................................................................................................................................................................................................................................................................................................................................................................................................................................................................................................................................................................................................................................................................................................................................................................................................................................................................................................................................................................................................................................................................................................................................................................................................................................................................................................................................................................................................................................................................................................................................................................................................................................................................................................................................................................................................................................................................................................................................................................................................................................................................................................................................................................................................................................................................................................................................................................................................................................................................................................................................................................................................................................................4 ms. Memory: 120832K Free: 63287K (52%)
3 ms. Memory: 120832K Free: 62791K (52%)
3 ms. Memory: 120832K Free: 62247K (52%)
6 ms. Memory: 120832K Free: 61141K (51%)
8 ms. Memory: 120832K Free: 60743K (50%)
/home/travis/build/icyphy/ptII/ptolemy/actor/lib/test/IIR.tcl
/home/travis/build/icyphy/ptII/ptolemy/actor/lib/test/Interpolator.tcl
7 ms. Memory: 120832K Free: 57151K (47%)
2 ms. Memory: 120832K Free: 56133K (46%)
4 ms. Memory: 120832K Free: 55623K (46%)
3 ms. Memory: 120832K Free: 55109K (46%)
2 ms. Memory: 120832K Free: 54599K (45%)
5 ms. Memory: 120832K Free: 53575K (44%)
5 ms. Memory: 120832K Free: 105470K (87%)
13 ms. Memory: 120832K Free: 104444K (86%)
2 ms. Memory: 120832K Free: 103916K (86%)
2 ms. Memory: 120832K Free: 102894K (85%)
/home/travis/build/icyphy/ptII/ptolemy/actor/lib/test/MathFunction.tcl
5 ms. Memory: 120832K Free: 100846K (83%)
2 ms. Memory: 120832K Free: 99822K (83%)
2 ms. Memory: 120832K Free: 98798K (82%)
3 ms. Memory: 120832K Free: 97758K (81%)
4 ms. Memory: 120832K Free: 96758K (80%)
6 ms. Memory: 120832K Free: 94686K (78%)
/home/travis/build/icyphy/ptII/ptolemy/actor/lib/test/Maximum.tcl
8 ms. Memory: 120832K Free: 92654K (77%)
3 ms. Memory: 120832K Free: 92158K (76%)
8 ms. Memory: 120832K Free: 91644K (76%)
6 ms. Memory: 120832K Free: 90606K (75%)
/home/travis/build/icyphy/ptII/ptolemy/actor/lib/test/Minimum.tcl
11 ms. Memory: 120832K Free: 89086K (74%)
6 ms. Memory: 120832K Free: 88566K (73%)
6 ms. Memory: 120832K Free: 87542K (72%)
7 ms. Memory: 120832K Free: 87038K (72%)
/home/travis/build/icyphy/ptII/ptolemy/actor/lib/test/MultiplyDivide.tcl
6 ms. Memory: 120832K Free: 84990K (70%)
3 ms. Memory: 120832K Free: 84470K (70%)
3 ms. Memory: 120832K Free: 83422K (69%)
4 ms. Memory: 120832K Free: 82942K (69%)
3 ms. Memory: 120832K Free: 82428K (68%)
/home/travis/build/icyphy/ptII/ptolemy/actor/lib/test/OrderedMerge.tcl
Connections changed on port: inputA
Connections changed on port: inputB
Connections changed on port: output
Connections changed on port: output
Connections changed on port: output
Connections changed on port: input
.top. Preinitializing ...
Invoking preinitialize():  .top.OrderedMerge
Called preinitialize()
Invoking preinitialize():  .top.Ramp
Called preinitialize()
Invoking preinitialize():  .top.Ramp2
Called preinitialize()
Invoking preinitialize():  .top.Test
Called preinitialize()
Connections changed on port: inputA
Connections changed on port: output
Connections changed on port: output
Connections changed on port: input
Connections changed on port: inputB
Connections changed on port: output
.top. Finished preinitialize().
Called initialize().
Invoking initialize():  .top.OrderedMerge
Initializing actor: .top.OrderedMerge
Adding a thread: .top.OrderedMerge
Invoking initialize():  .top.Ramp
Initializing actor: .top.Ramp
Adding a thread: .top.Ramp
Invoking initialize():  .top.Ramp2
Initializing actor: .top.Ramp2
Adding a thread: .top.Ramp2
Invoking initialize():  .top.Test
Initializing actor: .top.Test
Adding a thread: .top.Test
Called fire().
Checking for deadlock:
-- Starting thread.
Called initialize()
Called prefire()
Called fire()
-- Starting thread.
Called initialize()
Called prefire()
-- Starting thread.
Called initialize()
-- Starting thread.
Called initialize()
Called fire()
Called prefire()
Called fire()
Called prefire()
Called fire()
There are 0 Blocked actors, 0 Stopped actors, and 4 active threads.
Waiting for actors to stop.
Called postfire()
Called prefire()
Called fire()
Called postfire()
Called prefire()
Called fire()
Checking for deadlock:
There are 2 Blocked actors, 0 Stopped actors, and 4 active threads.
Waiting for actors to stop.
Read input token from inputA with value 0.0
Called postfire()
Called prefire()
Called fire()
Next port to read input from is inputB
Called postfire()
Called prefire()
Called fire()
Read input token from inputB with value 0.0
Sent output token with value 0.0
Next port to read input from is inputA
Called postfire()
Called prefire()
Called fire()
Read input token from inputA with value 1.0
Called postfire()
Called prefire()
Called fire()
Checking for deadlock:
There are 2 Blocked actors, 0 Stopped actors, and 4 active threads.
Waiting for actors to stop.
Called postfire()
Called prefire()
Called fire()
-- Read input: 0.0, which is expected to match: 0.0
Called prefire()
Called fire()
Sent output token with value 0.0
Checking for deadlock:
There are 2 Blocked actors, 0 Stopped actors, and 4 active threads.
Waiting for actors to stop.
Next port to read input from is inputB
Called postfire()
Called prefire()
Called fire()
-- Read input: 0.0, which is expected to match: 0.0
Called prefire()
Read input token from inputB with value 1.5
Called fire()
Sent output token with value 1.0
Called postfire()
Called prefire()
Next port to read input from is inputA
Called postfire()
Called prefire()
Called fire()
-- Read input: 1.0, which is expected to match: 1.0
Read input token from inputA with value 2.0
Called prefire()
Called fire()
Sent output token with value 1.5
Next port to read input from is inputB
-- Read input: 1.5, which is expected to match: 1.5
Called prefire()
Called fire()
Called fire()
Called postfire()
Called prefire()
Called fire()
Checking for deadlock:
There are 3 Blocked actors, 0 Stopped actors, and 4 active threads.
Waiting for actors to stop.
Called postfire()
Called prefire()
Called fire()
Read input token from inputB with value 3.0
Sent output token with value 2.0
Next port to read input from is inputA
Called postfire()
Called prefire()
Called fire()
Read input token from inputA with value 3.0
-- Read input: 2.0, which is expected to match: 2.0
Called prefire()
Called fire()
Called postfire()
Called prefire()
Called fire()
Called postfire()
Called prefire()
Called fire()
Checking for deadlock:
There are 3 Blocked actors, 0 Stopped actors, and 4 active threads.
Waiting for actors to stop.
-- Read input: 3.0, which is expected to match: 3.0
Called prefire()
Called fire()
Sent output token with value 3.0
Next port to read input from is inputB
Called postfire()
Called prefire()
Called fire()
Read input token from inputB with value 4.5
Sent output token with value 3.0
Next port to read input from is inputA
Called postfire()
Called prefire()
Called fire()
Read input token from inputA with value 4.0
Checking for deadlock:
There are 1 Blocked actors, 0 Stopped actors, and 4 active threads.
Waiting for actors to stop.
Called postfire()
Called prefire()
Called fire()
-- Read input: 3.0, which is expected to match: 3.0
Called prefire()
Called fire()
Called postfire()
Called prefire()
Called fire()
Checking for deadlock:
There are 3 Blocked actors, 0 Stopped actors, and 4 active threads.
Waiting for actors to stop.
-- Read input: 4.0, which is expected to match: 4.0
Called prefire()
Called fire()
Past the end of training data. Read and discard all inputs.
Checking for deadlock:
There are 3 Blocked actors, 0 Stopped actors, and 4 active threads.
Waiting for actors to stop.
Sent output token with value 4.0
Next port to read input from is inputA
Called postfire()
Called prefire()
Called fire()
Checking for deadlock:
There are 2 Blocked actors, 0 Stopped actors, and 4 active threads.
Waiting for actors to stop.
Called postfire()
Called prefire()
Called fire()
Checking for deadlock:
There are 3 Blocked actors, 0 Stopped actors, and 4 active threads.
Waiting for actors to stop.
Read input token from inputA with value 5.0
Checking for deadlock:
There are 2 Blocked actors, 0 Stopped actors, and 4 active threads.
Waiting for actors to stop.
Called prefire()
Called fire()
Past the end of training data. Read and discard all inputs.
Checking for deadlock:
There are 3 Blocked actors, 0 Stopped actors, and 4 active threads.
Waiting for actors to stop.
Sent output token with value 4.5
Next port to read input from is inputB
Called postfire()
Called prefire()
Called fire()
Checking for deadlock:
There are 2 Blocked actors, 0 Stopped actors, and 4 active threads.
Waiting for actors to stop.
Called postfire()
Called prefire()
Called fire()
Checking for deadlock:
There are 3 Blocked actors, 0 Stopped actors, and 4 active threads.
Waiting for actors to stop.
Read input token from inputB with value 6.0
Checking for deadlock:
There are 2 Blocked actors, 0 Stopped actors, and 4 active threads.
Waiting for actors to stop.
Called prefire()
Called fire()
Past the end of training data. Read and discard all inputs.
Checking for deadlock:
There are 3 Blocked actors, 0 Stopped actors, and 4 active threads.
Waiting for actors to stop.
Sent output token with value 5.0
Next port to read input from is inputA
Called postfire()
Called prefire()
Called fire()
Called postfire()
Called prefire()
Called fire()
Checking for deadlock:
There are 3 Blocked actors, 0 Stopped actors, and 4 active threads.
Waiting for actors to stop.
Read input token from inputA with value 6.0
Called prefire()
Called fire()
Past the end of training data. Read and discard all inputs.
Checking for deadlock:
There are 3 Blocked actors, 0 Stopped actors, and 4 active threads.
Waiting for actors to stop.
Sent output token with value 6.0
Next port to read input from is inputB
Called postfire()
Called prefire()
Called fire()
Checking for deadlock:
There are 2 Blocked actors, 0 Stopped actors, and 4 active threads.
Waiting for actors to stop.
Called postfire()
Called prefire()
Called fire()
Checking for deadlock:
There are 3 Blocked actors, 0 Stopped actors, and 4 active threads.
Waiting for actors to stop.
Read input token from inputB with value 7.5
Checking for deadlock:
There are 2 Blocked actors, 0 Stopped actors, and 4 active threads.
Waiting for actors to stop.
Called prefire()
Called fire()
Past the end of training data. Read and discard all inputs.
Checking for deadlock:
There are 3 Blocked actors, 0 Stopped actors, and 4 active threads.
Waiting for actors to stop.
Sent output token with value 6.0
Next port to read input from is inputA
Called postfire()
Called prefire()
Called fire()
Called postfire()
Called prefire()
Called fire()
Checking for deadlock:
There are 3 Blocked actors, 0 Stopped actors, and 4 active threads.
Waiting for actors to stop.
Read input token from inputA with value 7.0
Called prefire()
Called fire()
Past the end of training data. Read and discard all inputs.
Checking for deadlock:
There are 3 Blocked actors, 0 Stopped actors, and 4 active threads.
Waiting for actors to stop.
Sent output token with value 7.0
Next port to read input from is inputA
Called postfire()
Called prefire()
Called fire()
-- Thread wrapup() called.
Called wrapup()
Thread .top.Ramp is exiting.
-- Thread stopped.
Checking for deadlock:
There are 2 Blocked actors, 0 Stopped actors, and 3 active threads.
Waiting for actors to stop.
Read input token from inputA with value 8.0
Sent output token with value 7.5
Next port to read input from is inputB
Called postfire()
Called prefire()
Called fire()
Read input token from inputB with value 9.0
Checking for deadlock:
There are 1 Blocked actors, 0 Stopped actors, and 3 active threads.
Waiting for actors to stop.
Called prefire()
Called fire()
Past the end of training data. Read and discard all inputs.
Called postfire()
Called prefire()
Called fire()
Checking for deadlock:
There are 2 Blocked actors, 0 Stopped actors, and 3 active threads.
Waiting for actors to stop.
Called prefire()
Called fire()
Past the end of training data. Read and discard all inputs.
Checking for deadlock:
There are 2 Blocked actors, 0 Stopped actors, and 3 active threads.
Waiting for actors to stop.
Sent output token with value 8.0
Next port to read input from is inputA
Called postfire()
Called prefire()
Called fire()
Read input token from inputA with value 9.0
Called prefire()
Called fire()
Past the end of training data. Read and discard all inputs.
Checking for deadlock:
There are 2 Blocked actors, 0 Stopped actors, and 3 active threads.
Waiting for actors to stop.
Sent output token with value 9.0
Next port to read input from is inputB
Called postfire()
Called prefire()
Called fire()
Checking for deadlock:
There are 1 Blocked actors, 0 Stopped actors, and 3 active threads.
Waiting for actors to stop.
Called postfire()
Called prefire()
Called fire()
Checking for deadlock:
There are 2 Blocked actors, 0 Stopped actors, and 3 active threads.
Waiting for actors to stop.
Read input token from inputB with value 10.5
Checking for deadlock:
There are 1 Blocked actors, 0 Stopped actors, and 3 active threads.
Waiting for actors to stop.
Called prefire()
Called fire()
Past the end of training data. Read and discard all inputs.
Checking for deadlock:
There are 2 Blocked actors, 0 Stopped actors, and 3 active threads.
Waiting for actors to stop.
Sent output token with value 9.0
Next port to read input from is inputA
Called postfire()
Called prefire()
Called fire()
Checking for deadlock:
There are 3 Blocked actors, 0 Stopped actors, and 3 active threads.
Actors have stopped.
Checking for deadlock:
There are 3 Blocked actors, 0 Stopped actors, and 3 active threads.
Deadlock detected.
Resolving Deadlock
Checking for deadlock:
There are 3 Blocked actors, 0 Stopped actors, and 3 active threads.
Artificial Deadlock - increasing queue capacity.
increasing the capacity of receiver ptolemy.actor.TypedIOPort {.top.OrderedMerge.inputB} to 2
-- Thread wrapup() called.
Called wrapup()
Thread .top.Ramp2 is exiting.
-- Thread stopped.
Director: Called postfire().
Called postfire().
_stopRequested = false
_stopFireRequested = false
Returning from postfire(): true
Called fire().
Checking for deadlock:
There are 2 Blocked actors, 0 Stopped actors, and 2 active threads.
Actors have stopped.
Checking for deadlock:
There are 2 Blocked actors, 0 Stopped actors, and 2 active threads.
Deadlock detected.
Resolving Deadlock
Checking for deadlock:
There are 2 Blocked actors, 0 Stopped actors, and 2 active threads.
Deadlock detected: no processes blocked on write, but some are blocked on read.
Called postfire().
_stopRequested = false
_stopFireRequested = false
Returning from postfire(): false
Finished deactivating branches.
Called wrapup().
-- Thread wrapup() called.
Called wrapup()
Thread .top.Test is exiting.
-- Thread stopped.
-- Blocked Receiver call threw TerminateProcessException.
-- Thread wrapup() called.
Called wrapup()
Thread .top.OrderedMerge is exiting.
-- Thread stopped.
-- Blocked Receiver call threw TerminateProcessException.
72 ms. Memory: 120832K Free: 77308K (64%)
.top. Preinitializing ...
Invoking preinitialize():  .top.OrderedMerge
Called preinitialize()
Invoking preinitialize():  .top.Ramp
Called preinitialize()
Invoking preinitialize():  .top.Ramp2
Called preinitialize()
Invoking preinitialize():  .top.Test
Called preinitialize()
.top. Finished preinitialize().
Called initialize().
Invoking initialize():  .top.OrderedMerge
Initializing actor: .top.OrderedMerge
Adding a thread: .top.OrderedMerge
Invoking initialize():  .top.Ramp
Initializing actor: .top.Ramp
Adding a thread: .top.Ramp
Invoking initialize():  .top.Ramp2
Initializing actor: .top.Ramp2
Adding a thread: .top.Ramp2
Invoking initialize():  .top.Test
Initializing actor: .top.Test
Adding a thread: .top.Test
-- Starting thread.
Called initialize()
Called prefire()
Called fire()
Called postfire()
Called prefire()
Called fire()
-- Starting thread.
Called initialize()
Called prefire()
Called fire()
Called postfire()
Called prefire()
Called fire()
Called fire().
Checking for deadlock:
There are 2 Blocked actors, 0 Stopped actors, and 4 active threads.
Waiting for actors to stop.
-- Starting thread.
Called initialize()
Called prefire()
Called fire()
Checking for deadlock:
There are 3 Blocked actors, 0 Stopped actors, and 4 active threads.
Waiting for actors to stop.
-- Starting thread.
Called initialize()
Called prefire()
Called fire()
Checking for deadlock:
There are 2 Blocked actors, 0 Stopped actors, and 4 active threads.
Waiting for actors to stop.
Called postfire()
Called prefire()
Called fire()
Checking for deadlock:
There are 3 Blocked actors, 0 Stopped actors, and 4 active threads.
Waiting for actors to stop.
Read input token from inputA with value 0.0
Next port to read input from is inputB
Called postfire()
Called prefire()
Called fire()
Called postfire()
Called prefire()
Called fire()
Checking for deadlock:
There are 3 Blocked actors, 0 Stopped actors, and 4 active threads.
Waiting for actors to stop.
Read input token from inputB with value 0.0
-- Read input: 0.0, which is expected to match: 0.0
Called prefire()
Called fire()
Checking for deadlock:
There are 3 Blocked actors, 0 Stopped actors, and 4 active threads.
Waiting for actors to stop.
Sent output token with value 0.0
Next port to read input from is inputA
Called postfire()
Called prefire()
Called fire()
Checking for deadlock:
There are 2 Blocked actors, 0 Stopped actors, and 4 active threads.
Waiting for actors to stop.
Called postfire()
Called prefire()
Called fire()
Checking for deadlock:
There are 3 Blocked actors, 0 Stopped actors, and 4 active threads.
Waiting for actors to stop.
Read input token from inputA with value 1.0
Checking for deadlock:
There are 2 Blocked actors, 0 Stopped actors, and 4 active threads.
Waiting for actors to stop.
-- Read input: 0.0, which is expected to match: 0.0
Called prefire()
Called fire()
Checking for deadlock:
There are 3 Blocked actors, 0 Stopped actors, and 4 active threads.
Waiting for actors to stop.
Sent output token with value 0.0
Next port to read input from is inputB
Called postfire()
Called prefire()
Called fire()
Checking for deadlock:
There are 2 Blocked actors, 0 Stopped actors, and 4 active threads.
Waiting for actors to stop.
Called postfire()
Called prefire()
Called fire()
Checking for deadlock:
There are 3 Blocked actors, 0 Stopped actors, and 4 active threads.
Waiting for actors to stop.
Read input token from inputB with value 1.5
Checking for deadlock:
There are 2 Blocked actors, 0 Stopped actors, and 4 active threads.
Waiting for actors to stop.
-- Read input: 1.0, which is expected to match: 1.0
Called prefire()
Called fire()
Checking for deadlock:
There are 3 Blocked actors, 0 Stopped actors, and 4 active threads.
Waiting for actors to stop.
Sent output token with value 1.0
Next port to read input from is inputA
Called postfire()
Called prefire()
Called fire()
Checking for deadlock:
There are 2 Blocked actors, 0 Stopped actors, and 4 active threads.
Waiting for actors to stop.
Called postfire()
Called prefire()
Called fire()
Checking for deadlock:
There are 3 Blocked actors, 0 Stopped actors, and 4 active threads.
Waiting for actors to stop.
Read input token from inputA with value 2.0
Checking for deadlock:
There are 2 Blocked actors, 0 Stopped actors, and 4 active threads.
Waiting for actors to stop.
-- Read input: 1.5, which is expected to match: 1.5
Called prefire()
Called fire()
Checking for deadlock:
There are 3 Blocked actors, 0 Stopped actors, and 4 active threads.
Waiting for actors to stop.
Sent output token with value 1.5
Next port to read input from is inputB
Called postfire()
Called prefire()
Called fire()
Called postfire()
Called prefire()
Called fire()
Checking for deadlock:
There are 3 Blocked actors, 0 Stopped actors, and 4 active threads.
Waiting for actors to stop.
Read input token from inputB with value 3.0
-- Read input: 2.0, which is expected to match: 2.0
Called prefire()
Called fire()
Checking for deadlock:
There are 3 Blocked actors, 0 Stopped actors, and 4 active threads.
Waiting for actors to stop.
Sent output token with value 2.0
Next port to read input from is inputA
Called postfire()
Called prefire()
Called fire()
Checking for deadlock:
There are 2 Blocked actors, 0 Stopped actors, and 4 active threads.
Waiting for actors to stop.
Called postfire()
Called prefire()
Called fire()
Checking for deadlock:
There are 3 Blocked actors, 0 Stopped actors, and 4 active threads.
Waiting for actors to stop.
Read input token from inputA with value 3.0
Checking for deadlock:
There are 2 Blocked actors, 0 Stopped actors, and 4 active threads.
Waiting for actors to stop.
-- Read input: 3.0, which is expected to match: 3.0
Called prefire()
Called fire()
Checking for deadlock:
There are 3 Blocked actors, 0 Stopped actors, and 4 active threads.
Waiting for actors to stop.
Sent output token with value 3.0
Next port to read input from is inputB
Called postfire()
Called prefire()
Called fire()
Checking for deadlock:
There are 2 Blocked actors, 0 Stopped actors, and 4 active threads.
Waiting for actors to stop.
Called postfire()
Called prefire()
Called fire()
Checking for deadlock:
There are 3 Blocked actors, 0 Stopped actors, and 4 active threads.
Waiting for actors to stop.
Read input token from inputB with value 4.5
Checking for deadlock:
There are 2 Blocked actors, 0 Stopped actors, and 4 active threads.
Waiting for actors to stop.
-- Read input: 3.0, which is expected to match: 3.0
Called prefire()
Called fire()
Checking for deadlock:
There are 3 Blocked actors, 0 Stopped actors, and 4 active threads.
Waiting for actors to stop.
Sent output token with value 3.0
Next port to read input from is inputA
Called postfire()
Called prefire()
Called fire()
Checking for deadlock:
There are 2 Blocked actors, 0 Stopped actors, and 4 active threads.
Waiting for actors to stop.
Called postfire()
Called prefire()
Called fire()
Checking for deadlock:
There are 3 Blocked actors, 0 Stopped actors, and 4 active threads.
Waiting for actors to stop.
Read input token from inputA with value 4.0
Checking for deadlock:
There are 2 Blocked actors, 0 Stopped actors, and 4 active threads.
Waiting for actors to stop.
-- Read input: 4.0, which is expected to match: 4.0
Called prefire()
Called fire()
Past the end of training data. Read and discard all inputs.
Checking for deadlock:
There are 3 Blocked actors, 0 Stopped actors, and 4 active threads.
Waiting for actors to stop.
Sent output token with value 4.0
Next port to read input from is inputA
Called postfire()
Called prefire()
Called fire()
Called postfire()
Called prefire()
Called fire()
Checking for deadlock:
There are 3 Blocked actors, 0 Stopped actors, and 4 active threads.
Waiting for actors to stop.
Read input token from inputA with value 5.0
Called prefire()
Called fire()
Past the end of training data. Read and discard all inputs.
Checking for deadlock:
There are 3 Blocked actors, 0 Stopped actors, and 4 active threads.
Waiting for actors to stop.
Sent output token with value 4.5
Next port to read input from is inputB
Called postfire()
Called prefire()
Called fire()
Called postfire()
Called prefire()
Called fire()
Checking for deadlock:
There are 3 Blocked actors, 0 Stopped actors, and 4 active threads.
Waiting for actors to stop.
Read input token from inputB with value 6.0
Called prefire()
Called fire()
Past the end of training data. Read and discard all inputs.
Checking for deadlock:
There are 3 Blocked actors, 0 Stopped actors, and 4 active threads.
Waiting for actors to stop.
Sent output token with value 5.0
Next port to read input from is inputA
Called postfire()
Called prefire()
Called fire()
Checking for deadlock:
There are 2 Blocked actors, 0 Stopped actors, and 4 active threads.
Waiting for actors to stop.
Called postfire()
Called prefire()
Called fire()
Checking for deadlock:
There are 3 Blocked actors, 0 Stopped actors, and 4 active threads.
Waiting for actors to stop.
Read input token from inputA with value 6.0
Checking for deadlock:
There are 2 Blocked actors, 0 Stopped actors, and 4 active threads.
Waiting for actors to stop.
Called prefire()
Called fire()
Past the end of training data. Read and discard all inputs.
Checking for deadlock:
There are 3 Blocked actors, 0 Stopped actors, and 4 active threads.
Waiting for actors to stop.
Sent output token with value 6.0
Next port to read input from is inputB
Called postfire()
Called prefire()
Called fire()
Called postfire()
Called prefire()
Called fire()
Checking for deadlock:
There are 3 Blocked actors, 0 Stopped actors, and 4 active threads.
Waiting for actors to stop.
Read input token from inputB with value 7.5
Called prefire()
Called fire()
Past the end of training data. Read and discard all inputs.
Checking for deadlock:
There are 3 Blocked actors, 0 Stopped actors, and 4 active threads.
Waiting for actors to stop.
Sent output token with value 6.0
Next port to read input from is inputA
Called postfire()
Called prefire()
Called fire()
Checking for deadlock:
There are 2 Blocked actors, 0 Stopped actors, and 4 active threads.
Waiting for actors to stop.
Called postfire()
Called prefire()
Called fire()
Checking for deadlock:
There are 3 Blocked actors, 0 Stopped actors, and 4 active threads.
Waiting for actors to stop.
Read input token from inputA with value 7.0
Checking for deadlock:
There are 2 Blocked actors, 0 Stopped actors, and 4 active threads.
Waiting for actors to stop.
Called prefire()
Called fire()
Past the end of training data. Read and discard all inputs.
Checking for deadlock:
There are 3 Blocked actors, 0 Stopped actors, and 4 active threads.
Waiting for actors to stop.
Sent output token with value 7.0
Next port to read input from is inputA
Called postfire()
Called prefire()
Called fire()
Checking for deadlock:
There are 2 Blocked actors, 0 Stopped actors, and 4 active threads.
Waiting for actors to stop.
-- Thread wrapup() called.
Called wrapup()
Thread .top.Ramp is exiting.
-- Thread stopped.
Checking for deadlock:
There are 2 Blocked actors, 0 Stopped actors, and 3 active threads.
Waiting for actors to stop.
Read input token from inputA with value 8.0
Called prefire()
Called fire()
Past the end of training data. Read and discard all inputs.
Checking for deadlock:
There are 2 Blocked actors, 0 Stopped actors, and 3 active threads.
Waiting for actors to stop.
Sent output token with value 7.5
Next port to read input from is inputB
Called postfire()
Called prefire()
Called fire()
Checking for deadlock:
There are 1 Blocked actors, 0 Stopped actors, and 3 active threads.
Waiting for actors to stop.
Called postfire()
Called prefire()
Called fire()
Checking for deadlock:
There are 2 Blocked actors, 0 Stopped actors, and 3 active threads.
Waiting for actors to stop.
Read input token from inputB with value 9.0
Checking for deadlock:
There are 1 Blocked actors, 0 Stopped actors, and 3 active threads.
Waiting for actors to stop.
Called prefire()
Called fire()
Past the end of training data. Read and discard all inputs.
Checking for deadlock:
There are 2 Blocked actors, 0 Stopped actors, and 3 active threads.
Waiting for actors to stop.
Sent output token with value 8.0
Next port to read input from is inputA
Called postfire()
Called prefire()
Called fire()
Read input token from inputA with value 9.0
Called prefire()
Called fire()
Past the end of training data. Read and discard all inputs.
Checking for deadlock:
There are 2 Blocked actors, 0 Stopped actors, and 3 active threads.
Waiting for actors to stop.
Sent output token with value 9.0
Next port to read input from is inputB
Called postfire()
Called prefire()
Called fire()
Called postfire()
Called prefire()
Called fire()
Checking for deadlock:
There are 2 Blocked actors, 0 Stopped actors, and 3 active threads.
Waiting for actors to stop.
Read input token from inputB with value 10.5
Called prefire()
Called fire()
Past the end of training data. Read and discard all inputs.
Checking for deadlock:
There are 2 Blocked actors, 0 Stopped actors, and 3 active threads.
Waiting for actors to stop.
Sent output token with value 9.0
Next port to read input from is inputA
Called postfire()
Called prefire()
Called fire()
Checking for deadlock:
There are 3 Blocked actors, 0 Stopped actors, and 3 active threads.
Actors have stopped.
Checking for deadlock:
There are 3 Blocked actors, 0 Stopped actors, and 3 active threads.
Deadlock detected.
Resolving Deadlock
Checking for deadlock:
There are 3 Blocked actors, 0 Stopped actors, and 3 active threads.
Artificial Deadlock - increasing queue capacity.
increasing the capacity of receiver ptolemy.actor.TypedIOPort {.top.OrderedMerge.inputB} to 2
Director: Called postfire().
Called postfire().
_stopRequested = false
_stopFireRequested = false
Returning from postfire(): true
Called fire().
Checking for deadlock:
There are 2 Blocked actors, 0 Stopped actors, and 3 active threads.
Waiting for actors to stop.
-- Thread wrapup() called.
Called wrapup()
Thread .top.Ramp2 is exiting.
-- Thread stopped.
Checking for deadlock:
There are 2 Blocked actors, 0 Stopped actors, and 2 active threads.
Actors have stopped.
Checking for deadlock:
There are 2 Blocked actors, 0 Stopped actors, and 2 active threads.
Deadlock detected.
Resolving Deadlock
Checking for deadlock:
There are 2 Blocked actors, 0 Stopped actors, and 2 active threads.
Deadlock detected: no processes blocked on write, but some are blocked on read.
Called postfire().
_stopRequested = false
_stopFireRequested = false
Returning from postfire(): false
Finished deactivating branches.
Called wrapup().
-- Thread wrapup() called.
Called wrapup()
-- Thread wrapup() called.
Called wrapup()
Thread .top.Test is exiting.
-- Thread stopped.
-- Blocked Receiver call threw TerminateProcessException.
Thread .top.OrderedMerge is exiting.
-- Thread stopped.
-- Blocked Receiver call threw TerminateProcessException.
42 ms. Memory: 120832K Free: 74750K (62%)
/home/travis/build/icyphy/ptII/ptolemy/actor/lib/test/Publisher.tcl
8 ms. Memory: 120832K Free: 68606K (57%)
5 ms. Memory: 120832K Free: 63486K (53%)
7 ms. Memory: 120832K Free: 59390K (49%)
5 ms. Memory: 120832K Free: 58870K (49%)
12 ms. Memory: 120832K Free: 57838K (48%)
3 ms. Memory: 120832K Free: 56828K (47%)
4 ms. Memory: 120832K Free: 56318K (47%)
5 ms. Memory: 120832K Free: 55294K (46%)
43 ms. Memory: 145408K Free: 129050K (89%)
7 ms. Memory: 145408K Free: 125464K (86%)
5 ms. Memory: 145408K Free: 124426K (86%)
8 ms. Memory: 145408K Free: 122392K (84%)
18 ms. Memory: 145408K Free: 114714K (79%)
22 ms. Memory: 145408K Free: 104954K (72%)
22 ms. Memory: 145408K Free: 93720K (64%)
/home/travis/build/icyphy/ptII/ptolemy/actor/lib/test/Pulse.tcl
3 ms. Memory: 145408K Free: 125235K (86%)
2 ms. Memory: 145408K Free: 124739K (86%)
1 ms. Memory: 145408K Free: 124225K (85%)
2 ms. Memory: 145408K Free: 123715K (85%)
1 ms. Memory: 145408K Free: 122691K (84%)
6 ms. Memory: 145408K Free: 121667K (84%)
3 ms. Memory: 145408K Free: 120643K (83%)
2 ms. Memory: 145408K Free: 120129K (83%)
2 ms. Memory: 145408K Free: 119619K (82%)
/home/travis/build/icyphy/ptII/ptolemy/actor/lib/test/Ramp.tcl
6 ms. Memory: 145408K Free: 117571K (81%)
2 ms. Memory: 145408K Free: 116547K (80%)
2 ms. Memory: 145408K Free: 116019K (80%)
2 ms. Memory: 145408K Free: 114995K (79%)
7 ms. Memory: 145408K Free: 114499K (79%)
8 ms. Memory: 145408K Free: 113475K (78%)
10 ms. Memory: 145408K Free: 112451K (77%)
5 actors
12000 microseconds per iteration to create
6 ms. Memory: 145408K Free: 109875K (76%)
7 ms. Memory: 145408K Free: 109379K (75%)
5 ms. Memory: 145408K Free: 108851K (75%)
3 ms. Memory: 145408K Free: 107811K (74%)
50 actors
52000 microseconds per iteration to create
41 ms. Memory: 145408K Free: 92481K (64%)
14 ms. Memory: 145408K Free: 91457K (63%)
17 ms. Memory: 145408K Free: 90433K (62%)
12 ms. Memory: 145408K Free: 89409K (61%)
500 actors
1765000 microseconds per iteration to create
302 ms. Memory: 145408K Free: 80083K (55%)
67 ms. Memory: 145408K Free: 74963K (52%)
60 ms. Memory: 145408K Free: 69333K (48%)
48 ms. Memory: 145408K Free: 64213K (44%)
/home/travis/build/icyphy/ptII/ptolemy/actor/lib/test/RampContinuous.tcl
10 ms. Memory: 145408K Free: 62645K (43%)
/home/travis/build/icyphy/ptII/ptolemy/actor/lib/test/RecordAssembler.tcl
7 ms. Memory: 145408K Free: 61141K (42%)
3 ms. Memory: 145408K Free: 60117K (41%)
/home/travis/build/icyphy/ptII/ptolemy/actor/lib/test/RecordDisassembler.tcl
7 ms. Memory: 145408K Free: 58549K (40%)
3 ms. Memory: 145408K Free: 58069K (40%)
4 ms. Memory: 145408K Free: 56531K (39%)
/home/travis/build/icyphy/ptII/ptolemy/actor/lib/test/Scale.tcl
3 ms. Memory: 145408K Free: 54997K (38%)
2 ms. Memory: 145408K Free: 53973K (37%)
2 ms. Memory: 145408K Free: 53459K (37%)
2 ms. Memory: 145408K Free: 52067K (36%)
3 ms. Memory: 145408K Free: 51397K (35%)
/home/travis/build/icyphy/ptII/ptolemy/actor/lib/test/SequentialClock.tcl
preinitializing
resolving types
initializing
executing number 1
wrapping up
idle
3 ms. Memory: 145408K Free: 49877K (34%)
Completed execution with 5 iterations
preinitializing
resolving types
initializing
executing number 1
wrapping up
idle
1 ms. Memory: 145408K Free: 49333K (34%)
Completed execution with 5 iterations
preinitializing
resolving types
initializing
executing number 1
wrapping up
idle
2 ms. Memory: 145408K Free: 48853K (34%)
Completed execution with 5 iterations
/home/travis/build/icyphy/ptII/ptolemy/actor/lib/test/SetVariable.tcl
5 ms. Memory: 145408K Free: 47315K (33%)


==== $PTII/ptolemy/actor/lib/test/SetVariable.tcl: SetVariable-3.1 changeFailed
==== Contents of test case:

    #Uses 2.1 above
    jdkCaptureErr {
        # This test was failing if we ran Exit.tcl and then this test.
        # MessageHandler.error() now actually throws the Exception.
	catch {$setVariable changeFailed [java::null]  [java::new Exception {Test exception for SetVariable.changeFailed()}]} errMsg
    } results
    list [string range $results 0 89] "\n" $errMsg

==== Result was:
{java.lang.Exception: Test exception for SetVariable.changeFailed()
	at java.base/jdk.inter} {
} {java.lang.RuntimeException: java.lang.Exception: Test exception for SetVariable.changeFailed()}
---- Result should have been:
{Failed to set variable.
java.lang.Exception: Test exception for SetVariable.changeFailed()} {
} {java.lang.RuntimeException: java.lang.Exception: Test exception for SetVariable.changeFailed()}
---- SetVariable-3.1 FAILED
/home/travis/build/icyphy/ptII/ptolemy/actor/lib/test/Sinewave.tcl
/home/travis/build/icyphy/ptII/ptolemy/actor/lib/test/SubscriptionAggregator.tcl
7 ms. Memory: 175104K Free: 143762K (82%)
15 ms. Memory: 175104K Free: 143250K (82%)
1 ms. Memory: 175104K Free: 142738K (82%)
1 ms. Memory: 175104K Free: 142228K (81%)
5 ms. Memory: 175104K Free: 138642K (79%)
13 ms. Memory: 175104K Free: 136594K (78%)
...............................................................1186 ms. Memory: 278528K Free: 214624K (77%)
/home/travis/build/icyphy/ptII/ptolemy/actor/lib/test/Test.tcl
 The next command will produce a warning about training mode,
   which may be ignored.
6 ms. Memory: 278528K Free: 212612K (76%)
15 ms. Memory: 278528K Free: 212102K (76%)
2 ms. Memory: 278528K Free: 211078K (76%)
8 ms. Memory: 278528K Free: 210549K (76%)
2 ms. Memory: 278528K Free: 210054K (75%)
12 ms. Memory: 278528K Free: 209030K (75%)
12 ms. Memory: 278528K Free: 207477K (74%)
 The next command will produce a warning about training mode,
   which may be ignored.
5 ms. Memory: 278528K Free: 204934K (74%)
 The next command will produce a warning about training mode,
   which may be ignored.
9 ms. Memory: 278528K Free: 203910K (73%)
1 ms. Memory: 278528K Free: 203365K (73%)
2 ms. Memory: 278528K Free: 202886K (73%)
6 ms. Memory: 278528K Free: 202341K (73%)
9 ms. Memory: 278528K Free: 201348K (72%)
6 ms. Memory: 278528K Free: 197766K (71%)
/home/travis/build/icyphy/ptII/ptolemy/actor/lib/test/TestExceptionHandler.tcl
 The next command will produce a warning about training mode,
   which may be ignored.
4 ms. Memory: 278528K Free: 196228K (70%)
2 ms. Memory: 278528K Free: 195718K (70%)
0 ms. Memory: 278528K Free: 195197K (70%)
/home/travis/build/icyphy/ptII/ptolemy/actor/lib/test/UnionDisassembler.tcl
40 ms. Memory: 278528K Free: 188036K (68%)
/home/travis/build/icyphy/ptII/ptolemy/actor/lib/test/VariableClock.tcl
preinitializing
resolving types
initializing
executing number 1
wrapping up
idle
6 ms. Memory: 278528K Free: 185988K (67%)
Completed execution with 11 iterations
preinitializing
resolving types
initializing
executing number 1
wrapping up
idle
7 ms. Memory: 278528K Free: 184454K (66%)
Completed execution with 10 iterations
09/08/19 05:42:36
Failed: 1  Total Tests: 234  ((Passed: 233, Newly Passed: 0)  Known Failed: 0) /home/travis/build/icyphy/ptII/ptolemy/actor/lib/test
----------------- testing (KnownFailure) /home/travis/build/icyphy/ptII/ptolemy/actor/lib/test/auto/knownFailedTests/PublisherPortToplevelSubscriber.xml
1 ms. Memory: 278528K Free: 181382K (65%)
Known Failure: java.lang.reflect.InvocationTargetException
----------------- testing (KnownFailure) /home/travis/build/icyphy/ptII/ptolemy/actor/lib/test/auto/knownFailedTests/PublisherSubscriberPortToplevel.xml
0 ms. Memory: 278528K Free: 177796K (64%)
Known Failure: java.lang.reflect.InvocationTargetException
----------------- testing (KnownFailure) /home/travis/build/icyphy/ptII/ptolemy/actor/lib/test/auto/knownFailedTests/PublisherSubscriptionAggregatorPort.xml
1 ms. Memory: 278528K Free: 173700K (62%)
Known Failure: java.lang.reflect.InvocationTargetException
----------------- testing (KnownFailure) /home/travis/build/icyphy/ptII/ptolemy/actor/lib/test/auto/knownFailedTests/sizedarray3.xml
5 ms. Memory: 278528K Free: 169094K (61%)
Known Failure: java.lang.reflect.InvocationTargetException
No auto/linux-amd64/*.xml tests in /home/travis/build/icyphy/ptII/ptolemy/actor/lib/test
AutoTests.java: About to close Vertx.
AutoTests.java: Vertx closed.

===========================================================================================
----------------- testing Sun Sep 08 05:42:36 UTC 2019 /home/travis/build/icyphy/ptII/ptolemy/actor/lib/test/auto/AbsoluteValue.xml
----------------- Instantiating /home/travis/build/icyphy/ptII/ptolemy/actor/lib/test/auto/AbsoluteValue.xml
5 ms. Memory: 278528K Free: 146052K (52%)
----------------- Invoking toplevel() on ptolemy.moml.MoMLSimpleApplication@56aa2a76
----------------- Done invoking toplevel() on ptolemy.moml.MoMLSimpleApplication@56aa2a76
reloadAllAccessors: .AbsoluteValue

===========================================================================================
----------------- testing Sun Sep 08 05:42:36 UTC 2019 /home/travis/build/icyphy/ptII/ptolemy/actor/lib/test/auto/AbsoluteValue2.xml
----------------- Instantiating /home/travis/build/icyphy/ptII/ptolemy/actor/lib/test/auto/AbsoluteValue2.xml
11 ms. Memory: 278528K Free: 139398K (50%)
----------------- Invoking toplevel() on ptolemy.moml.MoMLSimpleApplication@3586a335
----------------- Done invoking toplevel() on ptolemy.moml.MoMLSimpleApplication@3586a335
reloadAllAccessors: .AbsoluteValue2

===========================================================================================
----------------- testing Sun Sep 08 05:42:37 UTC 2019 /home/travis/build/icyphy/ptII/ptolemy/actor/lib/test/auto/Accumulator.xml
----------------- Instantiating /home/travis/build/icyphy/ptII/ptolemy/actor/lib/test/auto/Accumulator.xml
6 ms. Memory: 278528K Free: 132740K (48%)
----------------- Invoking toplevel() on ptolemy.moml.MoMLSimpleApplication@6b1ad049
----------------- Done invoking toplevel() on ptolemy.moml.MoMLSimpleApplication@6b1ad049
reloadAllAccessors: .Accumulator

===========================================================================================
----------------- testing Sun Sep 08 05:42:37 UTC 2019 /home/travis/build/icyphy/ptII/ptolemy/actor/lib/test/auto/Accumulator2.xml
----------------- Instantiating /home/travis/build/icyphy/ptII/ptolemy/actor/lib/test/auto/Accumulator2.xml
6 ms. Memory: 278528K Free: 127620K (46%)
----------------- Invoking toplevel() on ptolemy.moml.MoMLSimpleApplication@3fcc66a9
----------------- Done invoking toplevel() on ptolemy.moml.MoMLSimpleApplication@3fcc66a9
reloadAllAccessors: .Accumulator2

===========================================================================================
----------------- testing Sun Sep 08 05:42:37 UTC 2019 /home/travis/build/icyphy/ptII/ptolemy/actor/lib/test/auto/Accumulator3.xml
----------------- Instantiating /home/travis/build/icyphy/ptII/ptolemy/actor/lib/test/auto/Accumulator3.xml
5 ms. Memory: 278528K Free: 123524K (44%)
----------------- Invoking toplevel() on ptolemy.moml.MoMLSimpleApplication@6b62fb62
----------------- Done invoking toplevel() on ptolemy.moml.MoMLSimpleApplication@6b62fb62
reloadAllAccessors: .Accumulator3

===========================================================================================
----------------- testing Sun Sep 08 05:42:37 UTC 2019 /home/travis/build/icyphy/ptII/ptolemy/actor/lib/test/auto/ArrayAppend.xml
----------------- Instantiating /home/travis/build/icyphy/ptII/ptolemy/actor/lib/test/auto/ArrayAppend.xml
6 ms. Memory: 278528K Free: 117365K (42%)
----------------- Invoking toplevel() on ptolemy.moml.MoMLSimpleApplication@59bf5d2e
----------------- Done invoking toplevel() on ptolemy.moml.MoMLSimpleApplication@59bf5d2e
reloadAllAccessors: .ArrayAppend

===========================================================================================
----------------- testing Sun Sep 08 05:42:37 UTC 2019 /home/travis/build/icyphy/ptII/ptolemy/actor/lib/test/auto/ArrayAppend2.xml
----------------- Instantiating /home/travis/build/icyphy/ptII/ptolemy/actor/lib/test/auto/ArrayAppend2.xml
503 ms. Memory: 278528K Free: 180734K (65%)
----------------- Invoking toplevel() on ptolemy.moml.MoMLSimpleApplication@21a2a855
----------------- Done invoking toplevel() on ptolemy.moml.MoMLSimpleApplication@21a2a855
reloadAllAccessors: .ArrayAppend2

===========================================================================================
----------------- testing Sun Sep 08 05:42:37 UTC 2019 /home/travis/build/icyphy/ptII/ptolemy/actor/lib/test/auto/ArrayAppend3.xml
----------------- Instantiating /home/travis/build/icyphy/ptII/ptolemy/actor/lib/test/auto/ArrayAppend3.xml
10 ms. Memory: 278528K Free: 174590K (63%)
----------------- Invoking toplevel() on ptolemy.moml.MoMLSimpleApplication@22e26ad0
----------------- Done invoking toplevel() on ptolemy.moml.MoMLSimpleApplication@22e26ad0
reloadAllAccessors: .ArrayAppend3

===========================================================================================
----------------- testing Sun Sep 08 05:42:37 UTC 2019 /home/travis/build/icyphy/ptII/ptolemy/actor/lib/test/auto/ArrayAppend4.xml
----------------- Instantiating /home/travis/build/icyphy/ptII/ptolemy/actor/lib/test/auto/ArrayAppend4.xml
2 ms. Memory: 278528K Free: 169470K (61%)
----------------- Invoking toplevel() on ptolemy.moml.MoMLSimpleApplication@497b3839
----------------- Done invoking toplevel() on ptolemy.moml.MoMLSimpleApplication@497b3839
reloadAllAccessors: .ArrayAppend4

===========================================================================================
----------------- testing Sun Sep 08 05:42:37 UTC 2019 /home/travis/build/icyphy/ptII/ptolemy/actor/lib/test/auto/ArrayAppend5.xml
----------------- Instantiating /home/travis/build/icyphy/ptII/ptolemy/actor/lib/test/auto/ArrayAppend5.xml
4 ms. Memory: 278528K Free: 164350K (59%)
----------------- Invoking toplevel() on ptolemy.moml.MoMLSimpleApplication@72f1b1c3
----------------- Done invoking toplevel() on ptolemy.moml.MoMLSimpleApplication@72f1b1c3
reloadAllAccessors: .ArrayAppend5

===========================================================================================
----------------- testing Sun Sep 08 05:42:37 UTC 2019 /home/travis/build/icyphy/ptII/ptolemy/actor/lib/test/auto/ArrayAppend6.xml
----------------- Instantiating /home/travis/build/icyphy/ptII/ptolemy/actor/lib/test/auto/ArrayAppend6.xml
4 ms. Memory: 278528K Free: 159230K (57%)
----------------- Invoking toplevel() on ptolemy.moml.MoMLSimpleApplication@622ee462
----------------- Done invoking toplevel() on ptolemy.moml.MoMLSimpleApplication@622ee462
reloadAllAccessors: .ArrayAppend6

===========================================================================================
----------------- testing Sun Sep 08 05:42:38 UTC 2019 /home/travis/build/icyphy/ptII/ptolemy/actor/lib/test/auto/ArrayAppendPerformanceTest.xml
----------------- Instantiating /home/travis/build/icyphy/ptII/ptolemy/actor/lib/test/auto/ArrayAppendPerformanceTest.xml
35 ms. Memory: 278528K Free: 148990K (53%)
----------------- Invoking toplevel() on ptolemy.moml.MoMLSimpleApplication@2f0ae52c
----------------- Done invoking toplevel() on ptolemy.moml.MoMLSimpleApplication@2f0ae52c
reloadAllAccessors: .ArrayAppendPerformanceTest

===========================================================================================
----------------- testing Sun Sep 08 05:42:38 UTC 2019 /home/travis/build/icyphy/ptII/ptolemy/actor/lib/test/auto/ArrayAppendWithEmptyInput.xml
----------------- Instantiating /home/travis/build/icyphy/ptII/ptolemy/actor/lib/test/auto/ArrayAppendWithEmptyInput.xml
20 ms. Memory: 278528K Free: 140798K (51%)
----------------- Invoking toplevel() on ptolemy.moml.MoMLSimpleApplication@28d750a6
----------------- Done invoking toplevel() on ptolemy.moml.MoMLSimpleApplication@28d750a6
reloadAllAccessors: .ArrayAppendWithEmptyInput

===========================================================================================
----------------- testing Sun Sep 08 05:42:38 UTC 2019 /home/travis/build/icyphy/ptII/ptolemy/actor/lib/test/auto/ArrayAverage.xml
----------------- Instantiating /home/travis/build/icyphy/ptII/ptolemy/actor/lib/test/auto/ArrayAverage.xml
7 ms. Memory: 278528K Free: 133120K (48%)
----------------- Invoking toplevel() on ptolemy.moml.MoMLSimpleApplication@1ebe755e
----------------- Done invoking toplevel() on ptolemy.moml.MoMLSimpleApplication@1ebe755e
reloadAllAccessors: .ArrayAverage

===========================================================================================
----------------- testing Sun Sep 08 05:42:38 UTC 2019 /home/travis/build/icyphy/ptII/ptolemy/actor/lib/test/auto/ArrayContains.xml
----------------- Instantiating /home/travis/build/icyphy/ptII/ptolemy/actor/lib/test/auto/ArrayContains.xml
9 ms. Memory: 278528K Free: 126976K (46%)
----------------- Invoking toplevel() on ptolemy.moml.MoMLSimpleApplication@ee84bcc
----------------- Done invoking toplevel() on ptolemy.moml.MoMLSimpleApplication@ee84bcc
reloadAllAccessors: .ArrayContains

===========================================================================================
----------------- testing Sun Sep 08 05:42:38 UTC 2019 /home/travis/build/icyphy/ptII/ptolemy/actor/lib/test/auto/ArrayElement.xml
----------------- Instantiating /home/travis/build/icyphy/ptII/ptolemy/actor/lib/test/auto/ArrayElement.xml
6 ms. Memory: 278528K Free: 121342K (44%)
----------------- Invoking toplevel() on ptolemy.moml.MoMLSimpleApplication@7352f7cc
----------------- Done invoking toplevel() on ptolemy.moml.MoMLSimpleApplication@7352f7cc
reloadAllAccessors: .ArrayElement

===========================================================================================
----------------- testing Sun Sep 08 05:42:38 UTC 2019 /home/travis/build/icyphy/ptII/ptolemy/actor/lib/test/auto/ArrayElementAsMatrix.xml
----------------- Instantiating /home/travis/build/icyphy/ptII/ptolemy/actor/lib/test/auto/ArrayElementAsMatrix.xml
28 ms. Memory: 278528K Free: 111616K (40%)
----------------- Invoking toplevel() on ptolemy.moml.MoMLSimpleApplication@70914343
----------------- Done invoking toplevel() on ptolemy.moml.MoMLSimpleApplication@70914343
reloadAllAccessors: .ArrayElementAsMatrix

===========================================================================================
----------------- testing Sun Sep 08 05:42:38 UTC 2019 /home/travis/build/icyphy/ptII/ptolemy/actor/lib/test/auto/ArrayElementI.xml
----------------- Instantiating /home/travis/build/icyphy/ptII/ptolemy/actor/lib/test/auto/ArrayElementI.xml
3 ms. Memory: 278528K Free: 105967K (38%)
----------------- Invoking toplevel() on ptolemy.moml.MoMLSimpleApplication@b3103d9
----------------- Done invoking toplevel() on ptolemy.moml.MoMLSimpleApplication@b3103d9
reloadAllAccessors: .ArrayElementI

===========================================================================================
----------------- testing Sun Sep 08 05:42:38 UTC 2019 /home/travis/build/icyphy/ptII/ptolemy/actor/lib/test/auto/ArrayExtract.xml
----------------- Instantiating /home/travis/build/icyphy/ptII/ptolemy/actor/lib/test/auto/ArrayExtract.xml
7 ms. Memory: 278528K Free: 97790K (35%)
----------------- Invoking toplevel() on ptolemy.moml.MoMLSimpleApplication@3bef09e5
----------------- Done invoking toplevel() on ptolemy.moml.MoMLSimpleApplication@3bef09e5
reloadAllAccessors: .ArrayExtract

===========================================================================================
----------------- testing Sun Sep 08 05:42:38 UTC 2019 /home/travis/build/icyphy/ptII/ptolemy/actor/lib/test/auto/ArrayExtract2.xml
----------------- Instantiating /home/travis/build/icyphy/ptII/ptolemy/actor/lib/test/auto/ArrayExtract2.xml
3 ms. Memory: 278528K Free: 92670K (33%)
----------------- Invoking toplevel() on ptolemy.moml.MoMLSimpleApplication@2b933dbb
----------------- Done invoking toplevel() on ptolemy.moml.MoMLSimpleApplication@2b933dbb
reloadAllAccessors: .ArrayExtract2

===========================================================================================
----------------- testing Sun Sep 08 05:42:38 UTC 2019 /home/travis/build/icyphy/ptII/ptolemy/actor/lib/test/auto/ArrayLength.xml
----------------- Instantiating /home/travis/build/icyphy/ptII/ptolemy/actor/lib/test/auto/ArrayLength.xml
2 ms. Memory: 278528K Free: 89088K (32%)
----------------- Invoking toplevel() on ptolemy.moml.MoMLSimpleApplication@6a7ab6b
----------------- Done invoking toplevel() on ptolemy.moml.MoMLSimpleApplication@6a7ab6b
reloadAllAccessors: .ArrayLength

===========================================================================================
----------------- testing Sun Sep 08 05:42:38 UTC 2019 /home/travis/build/icyphy/ptII/ptolemy/actor/lib/test/auto/ArrayLevelCrossing.xml
----------------- Instantiating /home/travis/build/icyphy/ptII/ptolemy/actor/lib/test/auto/ArrayLevelCrossing.xml
4 ms. Memory: 278528K Free: 80896K (29%)
----------------- Invoking toplevel() on ptolemy.moml.MoMLSimpleApplication@4238e966
----------------- Done invoking toplevel() on ptolemy.moml.MoMLSimpleApplication@4238e966
reloadAllAccessors: .ArrayLevelCrossing

===========================================================================================
----------------- testing Sun Sep 08 05:42:38 UTC 2019 /home/travis/build/icyphy/ptII/ptolemy/actor/lib/test/auto/ArrayLevelCrossing2.xml
----------------- Instantiating /home/travis/build/icyphy/ptII/ptolemy/actor/lib/test/auto/ArrayLevelCrossing2.xml
4 ms. Memory: 278528K Free: 73728K (26%)
----------------- Invoking toplevel() on ptolemy.moml.MoMLSimpleApplication@4df62927
----------------- Done invoking toplevel() on ptolemy.moml.MoMLSimpleApplication@4df62927
reloadAllAccessors: .ArrayLevelCrossing2

===========================================================================================
----------------- testing Sun Sep 08 05:42:38 UTC 2019 /home/travis/build/icyphy/ptII/ptolemy/actor/lib/test/auto/ArrayPeakSearch.xml
----------------- Instantiating /home/travis/build/icyphy/ptII/ptolemy/actor/lib/test/auto/ArrayPeakSearch.xml
4 ms. Memory: 278528K Free: 220672K (79%)
----------------- Invoking toplevel() on ptolemy.moml.MoMLSimpleApplication@4b255a71
----------------- Done invoking toplevel() on ptolemy.moml.MoMLSimpleApplication@4b255a71
reloadAllAccessors: .ArrayPeakSearch

===========================================================================================
----------------- testing Sun Sep 08 05:42:38 UTC 2019 /home/travis/build/icyphy/ptII/ptolemy/actor/lib/test/auto/ArrayPeakSearch2.xml
----------------- Instantiating /home/travis/build/icyphy/ptII/ptolemy/actor/lib/test/auto/ArrayPeakSearch2.xml
6 ms. Memory: 278528K Free: 210432K (76%)
----------------- Invoking toplevel() on ptolemy.moml.MoMLSimpleApplication@1d6be661
----------------- Done invoking toplevel() on ptolemy.moml.MoMLSimpleApplication@1d6be661
reloadAllAccessors: .ArrayPeakSearch2

===========================================================================================
----------------- testing Sun Sep 08 05:42:38 UTC 2019 /home/travis/build/icyphy/ptII/ptolemy/actor/lib/test/auto/ArrayPeakSearch3.xml
----------------- Instantiating /home/travis/build/icyphy/ptII/ptolemy/actor/lib/test/auto/ArrayPeakSearch3.xml
7 ms. Memory: 278528K Free: 201216K (72%)
----------------- Invoking toplevel() on ptolemy.moml.MoMLSimpleApplication@3ef3dd23
----------------- Done invoking toplevel() on ptolemy.moml.MoMLSimpleApplication@3ef3dd23
reloadAllAccessors: .ArrayPeakSearch3

===========================================================================================
----------------- testing Sun Sep 08 05:42:38 UTC 2019 /home/travis/build/icyphy/ptII/ptolemy/actor/lib/test/auto/ArrayRemoveElement.xml
----------------- Instantiating /home/travis/build/icyphy/ptII/ptolemy/actor/lib/test/auto/ArrayRemoveElement.xml
4 ms. Memory: 278528K Free: 193534K (69%)
----------------- Invoking toplevel() on ptolemy.moml.MoMLSimpleApplication@42fe5d96
----------------- Done invoking toplevel() on ptolemy.moml.MoMLSimpleApplication@42fe5d96
reloadAllAccessors: .ArrayRemoveElement

===========================================================================================
----------------- testing Sun Sep 08 05:42:38 UTC 2019 /home/travis/build/icyphy/ptII/ptolemy/actor/lib/test/auto/ArraySort.xml
----------------- Instantiating /home/travis/build/icyphy/ptII/ptolemy/actor/lib/test/auto/ArraySort.xml
7 ms. Memory: 278528K Free: 184318K (66%)
----------------- Invoking toplevel() on ptolemy.moml.MoMLSimpleApplication@77422701
----------------- Done invoking toplevel() on ptolemy.moml.MoMLSimpleApplication@77422701
reloadAllAccessors: .ArraySort

===========================================================================================
----------------- testing Sun Sep 08 05:42:38 UTC 2019 /home/travis/build/icyphy/ptII/ptolemy/actor/lib/test/auto/ArraySum.xml
----------------- Instantiating /home/travis/build/icyphy/ptII/ptolemy/actor/lib/test/auto/ArraySum.xml
6 ms. Memory: 278528K Free: 179198K (64%)
----------------- Invoking toplevel() on ptolemy.moml.MoMLSimpleApplication@4eff710b
----------------- Done invoking toplevel() on ptolemy.moml.MoMLSimpleApplication@4eff710b
reloadAllAccessors: .ArraySum

===========================================================================================
----------------- testing Sun Sep 08 05:42:38 UTC 2019 /home/travis/build/icyphy/ptII/ptolemy/actor/lib/test/auto/ArrayToElements.xml
----------------- Instantiating /home/travis/build/icyphy/ptII/ptolemy/actor/lib/test/auto/ArrayToElements.xml
4 ms. Memory: 278528K Free: 173568K (62%)
----------------- Invoking toplevel() on ptolemy.moml.MoMLSimpleApplication@5a1d4567
----------------- Done invoking toplevel() on ptolemy.moml.MoMLSimpleApplication@5a1d4567
reloadAllAccessors: .ArrayToElements

===========================================================================================
----------------- testing Sun Sep 08 05:42:38 UTC 2019 /home/travis/build/icyphy/ptII/ptolemy/actor/lib/test/auto/ArrayToMatrix.xml
----------------- Instantiating /home/travis/build/icyphy/ptII/ptolemy/actor/lib/test/auto/ArrayToMatrix.xml
20 ms. Memory: 278528K Free: 159742K (57%)
----------------- Invoking toplevel() on ptolemy.moml.MoMLSimpleApplication@6968cfc2
----------------- Done invoking toplevel() on ptolemy.moml.MoMLSimpleApplication@6968cfc2
reloadAllAccessors: .ArrayToMatrix

===========================================================================================
----------------- testing Sun Sep 08 05:42:38 UTC 2019 /home/travis/build/icyphy/ptII/ptolemy/actor/lib/test/auto/ArrayUpdate1.xml
----------------- Instantiating /home/travis/build/icyphy/ptII/ptolemy/actor/lib/test/auto/ArrayUpdate1.xml
6 ms. Memory: 278528K Free: 154622K (56%)
----------------- Invoking toplevel() on ptolemy.moml.MoMLSimpleApplication@4ff2080f
----------------- Done invoking toplevel() on ptolemy.moml.MoMLSimpleApplication@4ff2080f
reloadAllAccessors: .ArrayUpdate1

===========================================================================================
----------------- testing Sun Sep 08 05:42:38 UTC 2019 /home/travis/build/icyphy/ptII/ptolemy/actor/lib/test/auto/ArrayUpdate2.xml
----------------- Instantiating /home/travis/build/icyphy/ptII/ptolemy/actor/lib/test/auto/ArrayUpdate2.xml
8 ms. Memory: 278528K Free: 148478K (53%)
----------------- Invoking toplevel() on ptolemy.moml.MoMLSimpleApplication@6fe9e677
----------------- Done invoking toplevel() on ptolemy.moml.MoMLSimpleApplication@6fe9e677
reloadAllAccessors: .ArrayUpdate2

===========================================================================================
----------------- testing Sun Sep 08 05:42:39 UTC 2019 /home/travis/build/icyphy/ptII/ptolemy/actor/lib/test/auto/ArrayUpdate3.xml
----------------- Instantiating /home/travis/build/icyphy/ptII/ptolemy/actor/lib/test/auto/ArrayUpdate3.xml
5 ms. Memory: 278528K Free: 143358K (51%)
----------------- Invoking toplevel() on ptolemy.moml.MoMLSimpleApplication@47034c90
----------------- Done invoking toplevel() on ptolemy.moml.MoMLSimpleApplication@47034c90
reloadAllAccessors: .ArrayUpdate3

===========================================================================================
----------------- testing Sun Sep 08 05:42:39 UTC 2019 /home/travis/build/icyphy/ptII/ptolemy/actor/lib/test/auto/Assert1.xml
----------------- Instantiating /home/travis/build/icyphy/ptII/ptolemy/actor/lib/test/auto/Assert1.xml
6 ms. Memory: 278528K Free: 139262K (50%)
----------------- Invoking toplevel() on ptolemy.moml.MoMLSimpleApplication@34ac0c64
----------------- Done invoking toplevel() on ptolemy.moml.MoMLSimpleApplication@34ac0c64
reloadAllAccessors: .Assert1

===========================================================================================
----------------- testing Sun Sep 08 05:42:39 UTC 2019 /home/travis/build/icyphy/ptII/ptolemy/actor/lib/test/auto/Assert2.xml
----------------- Instantiating /home/travis/build/icyphy/ptII/ptolemy/actor/lib/test/auto/Assert2.xml
4 ms. Memory: 278528K Free: 134142K (48%)
----------------- Invoking toplevel() on ptolemy.moml.MoMLSimpleApplication@68745ac
----------------- Done invoking toplevel() on ptolemy.moml.MoMLSimpleApplication@68745ac
reloadAllAccessors: .Assert2

===========================================================================================
----------------- testing Sun Sep 08 05:42:39 UTC 2019 /home/travis/build/icyphy/ptII/ptolemy/actor/lib/test/auto/BooleanMultiplexor.xml
----------------- Instantiating /home/travis/build/icyphy/ptII/ptolemy/actor/lib/test/auto/BooleanMultiplexor.xml
3 ms. Memory: 278528K Free: 128512K (46%)
----------------- Invoking toplevel() on ptolemy.moml.MoMLSimpleApplication@1a13f0c
----------------- Done invoking toplevel() on ptolemy.moml.MoMLSimpleApplication@1a13f0c
reloadAllAccessors: .BooleanMultiplexor

===========================================================================================
----------------- testing Sun Sep 08 05:42:39 UTC 2019 /home/travis/build/icyphy/ptII/ptolemy/actor/lib/test/auto/BooleanMultiplexor2.xml
----------------- Instantiating /home/travis/build/icyphy/ptII/ptolemy/actor/lib/test/auto/BooleanMultiplexor2.xml
12 ms. Memory: 278528K Free: 121854K (44%)
----------------- Invoking toplevel() on ptolemy.moml.MoMLSimpleApplication@39179a1a
----------------- Done invoking toplevel() on ptolemy.moml.MoMLSimpleApplication@39179a1a
reloadAllAccessors: .BooleanMultiplexor2

===========================================================================================
----------------- testing Sun Sep 08 05:42:39 UTC 2019 /home/travis/build/icyphy/ptII/ptolemy/actor/lib/test/auto/BooleanMultiplexor3.xml
----------------- Instantiating /home/travis/build/icyphy/ptII/ptolemy/actor/lib/test/auto/BooleanMultiplexor3.xml
2 ms. Memory: 278528K Free: 118272K (42%)
----------------- Invoking toplevel() on ptolemy.moml.MoMLSimpleApplication@7a7ef729
----------------- Done invoking toplevel() on ptolemy.moml.MoMLSimpleApplication@7a7ef729
reloadAllAccessors: .BooleanMultiplexor3

===========================================================================================
----------------- testing Sun Sep 08 05:42:39 UTC 2019 /home/travis/build/icyphy/ptII/ptolemy/actor/lib/test/auto/BooleanSelect.xml
----------------- Instantiating /home/travis/build/icyphy/ptII/ptolemy/actor/lib/test/auto/BooleanSelect.xml
10 ms. Memory: 278528K Free: 112128K (40%)
----------------- Invoking toplevel() on ptolemy.moml.MoMLSimpleApplication@17afdd6d
----------------- Done invoking toplevel() on ptolemy.moml.MoMLSimpleApplication@17afdd6d
reloadAllAccessors: .BooleanSelect

===========================================================================================
----------------- testing Sun Sep 08 05:42:39 UTC 2019 /home/travis/build/icyphy/ptII/ptolemy/actor/lib/test/auto/BooleanSelect2.xml
----------------- Instantiating /home/travis/build/icyphy/ptII/ptolemy/actor/lib/test/auto/BooleanSelect2.xml
2 ms. Memory: 278528K Free: 108032K (39%)
----------------- Invoking toplevel() on ptolemy.moml.MoMLSimpleApplication@51e14d55
----------------- Done invoking toplevel() on ptolemy.moml.MoMLSimpleApplication@51e14d55
reloadAllAccessors: .BooleanSelect2

===========================================================================================
----------------- testing Sun Sep 08 05:42:39 UTC 2019 /home/travis/build/icyphy/ptII/ptolemy/actor/lib/test/auto/BooleanSwitch.xml
----------------- Instantiating /home/travis/build/icyphy/ptII/ptolemy/actor/lib/test/auto/BooleanSwitch.xml
8 ms. Memory: 278528K Free: 101888K (37%)
----------------- Invoking toplevel() on ptolemy.moml.MoMLSimpleApplication@15f5eb68
----------------- Done invoking toplevel() on ptolemy.moml.MoMLSimpleApplication@15f5eb68
reloadAllAccessors: .BooleanSwitch

===========================================================================================
----------------- testing Sun Sep 08 05:42:39 UTC 2019 /home/travis/build/icyphy/ptII/ptolemy/actor/lib/test/auto/BooleanSwitch2.xml
----------------- Instantiating /home/travis/build/icyphy/ptII/ptolemy/actor/lib/test/auto/BooleanSwitch2.xml
2 ms. Memory: 278528K Free: 97792K (35%)
----------------- Invoking toplevel() on ptolemy.moml.MoMLSimpleApplication@3724adbe
----------------- Done invoking toplevel() on ptolemy.moml.MoMLSimpleApplication@3724adbe
reloadAllAccessors: .BooleanSwitch2

===========================================================================================
----------------- testing Sun Sep 08 05:42:39 UTC 2019 /home/travis/build/icyphy/ptII/ptolemy/actor/lib/test/auto/BooleanSwitchCloningBugWithClassRelationGroup.xml
----------------- Instantiating /home/travis/build/icyphy/ptII/ptolemy/actor/lib/test/auto/BooleanSwitchCloningBugWithClassRelationGroup.xml
4 ms. Memory: 278528K Free: 91134K (33%)
----------------- Invoking toplevel() on ptolemy.moml.MoMLSimpleApplication@2e273419
----------------- Done invoking toplevel() on ptolemy.moml.MoMLSimpleApplication@2e273419
reloadAllAccessors: .BooleanSwitchCloningBugWithClassRelationGroup

===========================================================================================
----------------- testing Sun Sep 08 05:42:39 UTC 2019 /home/travis/build/icyphy/ptII/ptolemy/actor/lib/test/auto/BusActors.xml
----------------- Instantiating /home/travis/build/icyphy/ptII/ptolemy/actor/lib/test/auto/BusActors.xml
9 ms. Memory: 278528K Free: 83456K (30%)
----------------- Invoking toplevel() on ptolemy.moml.MoMLSimpleApplication@889c32d
----------------- Done invoking toplevel() on ptolemy.moml.MoMLSimpleApplication@889c32d
reloadAllAccessors: .BusActors

===========================================================================================
----------------- testing Sun Sep 08 05:42:39 UTC 2019 /home/travis/build/icyphy/ptII/ptolemy/actor/lib/test/auto/ClassWrapper.xml
----------------- Instantiating /home/travis/build/icyphy/ptII/ptolemy/actor/lib/test/auto/ClassWrapper.xml
4 ms. Memory: 278528K Free: 78846K (28%)
----------------- Invoking toplevel() on ptolemy.moml.MoMLSimpleApplication@701df935
----------------- Done invoking toplevel() on ptolemy.moml.MoMLSimpleApplication@701df935
reloadAllAccessors: .ClassWrapper

===========================================================================================
----------------- testing Sun Sep 08 05:42:39 UTC 2019 /home/travis/build/icyphy/ptII/ptolemy/actor/lib/test/auto/Clock.xml
----------------- Instantiating /home/travis/build/icyphy/ptII/ptolemy/actor/lib/test/auto/Clock.xml
2 ms. Memory: 278528K Free: 75264K (27%)
----------------- Invoking toplevel() on ptolemy.moml.MoMLSimpleApplication@56aae2ee
----------------- Done invoking toplevel() on ptolemy.moml.MoMLSimpleApplication@56aae2ee
reloadAllAccessors: .Clock

===========================================================================================
----------------- testing Sun Sep 08 05:42:39 UTC 2019 /home/travis/build/icyphy/ptII/ptolemy/actor/lib/test/auto/Clock10.xml
----------------- Instantiating /home/travis/build/icyphy/ptII/ptolemy/actor/lib/test/auto/Clock10.xml
10 ms. Memory: 278528K Free: 69120K (25%)
----------------- Invoking toplevel() on ptolemy.moml.MoMLSimpleApplication@6ed0ec30
----------------- Done invoking toplevel() on ptolemy.moml.MoMLSimpleApplication@6ed0ec30
reloadAllAccessors: .Clock10

===========================================================================================
----------------- testing Sun Sep 08 05:42:39 UTC 2019 /home/travis/build/icyphy/ptII/ptolemy/actor/lib/test/auto/Clock11.xml
----------------- Instantiating /home/travis/build/icyphy/ptII/ptolemy/actor/lib/test/auto/Clock11.xml
11 ms. Memory: 452608K Free: 399725K (88%)
----------------- Invoking toplevel() on ptolemy.moml.MoMLSimpleApplication@ded6758
----------------- Done invoking toplevel() on ptolemy.moml.MoMLSimpleApplication@ded6758
reloadAllAccessors: .Clock11

===========================================================================================
----------------- testing Sun Sep 08 05:42:39 UTC 2019 /home/travis/build/icyphy/ptII/ptolemy/actor/lib/test/auto/Clock12.xml
----------------- Instantiating /home/travis/build/icyphy/ptII/ptolemy/actor/lib/test/auto/Clock12.xml
8 ms. Memory: 452608K Free: 393583K (87%)
----------------- Invoking toplevel() on ptolemy.moml.MoMLSimpleApplication@37353a78
----------------- Done invoking toplevel() on ptolemy.moml.MoMLSimpleApplication@37353a78
reloadAllAccessors: .Clock12

===========================================================================================
----------------- testing Sun Sep 08 05:42:39 UTC 2019 /home/travis/build/icyphy/ptII/ptolemy/actor/lib/test/auto/Clock13.xml
----------------- Instantiating /home/travis/build/icyphy/ptII/ptolemy/actor/lib/test/auto/Clock13.xml
7 ms. Memory: 452608K Free: 387433K (86%)
----------------- Invoking toplevel() on ptolemy.moml.MoMLSimpleApplication@800a210
----------------- Done invoking toplevel() on ptolemy.moml.MoMLSimpleApplication@800a210
reloadAllAccessors: .Clock13

===========================================================================================
----------------- testing Sun Sep 08 05:42:39 UTC 2019 /home/travis/build/icyphy/ptII/ptolemy/actor/lib/test/auto/Clock14.xml
----------------- Instantiating /home/travis/build/icyphy/ptII/ptolemy/actor/lib/test/auto/Clock14.xml
2 ms. Memory: 452608K Free: 381809K (84%)
----------------- Invoking toplevel() on ptolemy.moml.MoMLSimpleApplication@21d490ea
----------------- Done invoking toplevel() on ptolemy.moml.MoMLSimpleApplication@21d490ea
reloadAllAccessors: .Clock14

===========================================================================================
----------------- testing Sun Sep 08 05:42:39 UTC 2019 /home/travis/build/icyphy/ptII/ptolemy/actor/lib/test/auto/Clock15.xml
----------------- Instantiating /home/travis/build/icyphy/ptII/ptolemy/actor/lib/test/auto/Clock15.xml
7 ms. Memory: 452608K Free: 375665K (83%)
----------------- Invoking toplevel() on ptolemy.moml.MoMLSimpleApplication@31ea1a94
----------------- Done invoking toplevel() on ptolemy.moml.MoMLSimpleApplication@31ea1a94
reloadAllAccessors: .Clock15

===========================================================================================
----------------- testing Sun Sep 08 05:42:39 UTC 2019 /home/travis/build/icyphy/ptII/ptolemy/actor/lib/test/auto/Clock16.xml
----------------- Instantiating /home/travis/build/icyphy/ptII/ptolemy/actor/lib/test/auto/Clock16.xml
55 ms. Memory: 452608K Free: 360801K (80%)
----------------- Invoking toplevel() on ptolemy.moml.MoMLSimpleApplication@39abd379
----------------- Done invoking toplevel() on ptolemy.moml.MoMLSimpleApplication@39abd379
reloadAllAccessors: .Clock16

===========================================================================================
----------------- testing Sun Sep 08 05:42:39 UTC 2019 /home/travis/build/icyphy/ptII/ptolemy/actor/lib/test/auto/Clock17.xml
----------------- Instantiating /home/travis/build/icyphy/ptII/ptolemy/actor/lib/test/auto/Clock17.xml
22 ms. Memory: 452608K Free: 346479K (77%)
----------------- Invoking toplevel() on ptolemy.moml.MoMLSimpleApplication@3f8f0c96
----------------- Done invoking toplevel() on ptolemy.moml.MoMLSimpleApplication@3f8f0c96
reloadAllAccessors: .Clock17

===========================================================================================
----------------- testing Sun Sep 08 05:42:39 UTC 2019 /home/travis/build/icyphy/ptII/ptolemy/actor/lib/test/auto/Clock18.xml
----------------- Instantiating /home/travis/build/icyphy/ptII/ptolemy/actor/lib/test/auto/Clock18.xml
31 ms. Memory: 452608K Free: 333681K (74%)
----------------- Invoking toplevel() on ptolemy.moml.MoMLSimpleApplication@72af9684
----------------- Done invoking toplevel() on ptolemy.moml.MoMLSimpleApplication@72af9684
reloadAllAccessors: .Clock18

===========================================================================================
----------------- testing Sun Sep 08 05:42:40 UTC 2019 /home/travis/build/icyphy/ptII/ptolemy/actor/lib/test/auto/Clock19.xml
----------------- Instantiating /home/travis/build/icyphy/ptII/ptolemy/actor/lib/test/auto/Clock19.xml
17 ms. Memory: 452608K Free: 320369K (71%)
----------------- Invoking toplevel() on ptolemy.moml.MoMLSimpleApplication@3bbbef3c
----------------- Done invoking toplevel() on ptolemy.moml.MoMLSimpleApplication@3bbbef3c
reloadAllAccessors: .Clock19

===========================================================================================
----------------- testing Sun Sep 08 05:42:40 UTC 2019 /home/travis/build/icyphy/ptII/ptolemy/actor/lib/test/auto/Clock2.xml
----------------- Instantiating /home/travis/build/icyphy/ptII/ptolemy/actor/lib/test/auto/Clock2.xml
7 ms. Memory: 452608K Free: 315729K (70%)
----------------- Invoking toplevel() on ptolemy.moml.MoMLSimpleApplication@1a2764e2
----------------- Done invoking toplevel() on ptolemy.moml.MoMLSimpleApplication@1a2764e2
reloadAllAccessors: .Clock2

===========================================================================================
----------------- testing Sun Sep 08 05:42:40 UTC 2019 /home/travis/build/icyphy/ptII/ptolemy/actor/lib/test/auto/Clock20.xml
----------------- Instantiating /home/travis/build/icyphy/ptII/ptolemy/actor/lib/test/auto/Clock20.xml
6 ms. Memory: 452608K Free: 310129K (69%)
----------------- Invoking toplevel() on ptolemy.moml.MoMLSimpleApplication@226b6838
----------------- Done invoking toplevel() on ptolemy.moml.MoMLSimpleApplication@226b6838
reloadAllAccessors: .Clock20

===========================================================================================
----------------- testing Sun Sep 08 05:42:40 UTC 2019 /home/travis/build/icyphy/ptII/ptolemy/actor/lib/test/auto/Clock21.xml
----------------- Instantiating /home/travis/build/icyphy/ptII/ptolemy/actor/lib/test/auto/Clock21.xml
7 ms. Memory: 452608K Free: 304495K (67%)
----------------- Invoking toplevel() on ptolemy.moml.MoMLSimpleApplication@20c71aa8
----------------- Done invoking toplevel() on ptolemy.moml.MoMLSimpleApplication@20c71aa8
reloadAllAccessors: .Clock21

===========================================================================================
----------------- testing Sun Sep 08 05:42:40 UTC 2019 /home/travis/build/icyphy/ptII/ptolemy/actor/lib/test/auto/Clock22.xml
----------------- Instantiating /home/travis/build/icyphy/ptII/ptolemy/actor/lib/test/auto/Clock22.xml
6 ms. Memory: 452608K Free: 299375K (66%)
----------------- Invoking toplevel() on ptolemy.moml.MoMLSimpleApplication@5ccd7722
----------------- Done invoking toplevel() on ptolemy.moml.MoMLSimpleApplication@5ccd7722
reloadAllAccessors: .Clock22

===========================================================================================
----------------- testing Sun Sep 08 05:42:40 UTC 2019 /home/travis/build/icyphy/ptII/ptolemy/actor/lib/test/auto/Clock23.xml
----------------- Instantiating /home/travis/build/icyphy/ptII/ptolemy/actor/lib/test/auto/Clock23.xml
7 ms. Memory: 452608K Free: 293745K (65%)
----------------- Invoking toplevel() on ptolemy.moml.MoMLSimpleApplication@6543c56e
----------------- Done invoking toplevel() on ptolemy.moml.MoMLSimpleApplication@6543c56e
reloadAllAccessors: .Clock23

===========================================================================================
----------------- testing Sun Sep 08 05:42:40 UTC 2019 /home/travis/build/icyphy/ptII/ptolemy/actor/lib/test/auto/Clock24.xml
----------------- Instantiating /home/travis/build/icyphy/ptII/ptolemy/actor/lib/test/auto/Clock24.xml
6 ms. Memory: 452608K Free: 288625K (64%)
----------------- Invoking toplevel() on ptolemy.moml.MoMLSimpleApplication@423d9166
----------------- Done invoking toplevel() on ptolemy.moml.MoMLSimpleApplication@423d9166
reloadAllAccessors: .Clock24

===========================================================================================
----------------- testing Sun Sep 08 05:42:40 UTC 2019 /home/travis/build/icyphy/ptII/ptolemy/actor/lib/test/auto/Clock4.xml
----------------- Instantiating /home/travis/build/icyphy/ptII/ptolemy/actor/lib/test/auto/Clock4.xml
2 ms. Memory: 452608K Free: 283505K (63%)
----------------- Invoking toplevel() on ptolemy.moml.MoMLSimpleApplication@1f84c6b4
----------------- Done invoking toplevel() on ptolemy.moml.MoMLSimpleApplication@1f84c6b4
reloadAllAccessors: .Clock4

===========================================================================================
----------------- testing Sun Sep 08 05:42:40 UTC 2019 /home/travis/build/icyphy/ptII/ptolemy/actor/lib/test/auto/Clock5.xml
----------------- Instantiating /home/travis/build/icyphy/ptII/ptolemy/actor/lib/test/auto/Clock5.xml
4 ms. Memory: 452608K Free: 277871K (61%)
----------------- Invoking toplevel() on ptolemy.moml.MoMLSimpleApplication@524a69d0
----------------- Done invoking toplevel() on ptolemy.moml.MoMLSimpleApplication@524a69d0
reloadAllAccessors: .Clock5

===========================================================================================
----------------- testing Sun Sep 08 05:42:40 UTC 2019 /home/travis/build/icyphy/ptII/ptolemy/actor/lib/test/auto/Clock6.xml
----------------- Instantiating /home/travis/build/icyphy/ptII/ptolemy/actor/lib/test/auto/Clock6.xml
2 ms. Memory: 452608K Free: 273775K (60%)
----------------- Invoking toplevel() on ptolemy.moml.MoMLSimpleApplication@72ddf7e6
----------------- Done invoking toplevel() on ptolemy.moml.MoMLSimpleApplication@72ddf7e6
reloadAllAccessors: .Clock6

===========================================================================================
----------------- testing Sun Sep 08 05:42:40 UTC 2019 /home/travis/build/icyphy/ptII/ptolemy/actor/lib/test/auto/Clock7.xml
----------------- Instantiating /home/travis/build/icyphy/ptII/ptolemy/actor/lib/test/auto/Clock7.xml
4 ms. Memory: 452608K Free: 268655K (59%)
----------------- Invoking toplevel() on ptolemy.moml.MoMLSimpleApplication@a88811c
----------------- Done invoking toplevel() on ptolemy.moml.MoMLSimpleApplication@a88811c
reloadAllAccessors: .Clock7

===========================================================================================
----------------- testing Sun Sep 08 05:42:40 UTC 2019 /home/travis/build/icyphy/ptII/ptolemy/actor/lib/test/auto/Clock8.xml
----------------- Instantiating /home/travis/build/icyphy/ptII/ptolemy/actor/lib/test/auto/Clock8.xml
7 ms. Memory: 452608K Free: 263529K (58%)
----------------- Invoking toplevel() on ptolemy.moml.MoMLSimpleApplication@419bbd51
----------------- Done invoking toplevel() on ptolemy.moml.MoMLSimpleApplication@419bbd51
reloadAllAccessors: .Clock8

===========================================================================================
----------------- testing Sun Sep 08 05:42:40 UTC 2019 /home/travis/build/icyphy/ptII/ptolemy/actor/lib/test/auto/Clock9.xml
----------------- Instantiating /home/travis/build/icyphy/ptII/ptolemy/actor/lib/test/auto/Clock9.xml
7 ms. Memory: 452608K Free: 257905K (57%)
----------------- Invoking toplevel() on ptolemy.moml.MoMLSimpleApplication@57d89b95
----------------- Done invoking toplevel() on ptolemy.moml.MoMLSimpleApplication@57d89b95
reloadAllAccessors: .Clock9

===========================================================================================
----------------- testing Sun Sep 08 05:42:40 UTC 2019 /home/travis/build/icyphy/ptII/ptolemy/actor/lib/test/auto/CommDistDiscard.xml
----------------- Instantiating /home/travis/build/icyphy/ptII/ptolemy/actor/lib/test/auto/CommDistDiscard.xml
5 ms. Memory: 452608K Free: 252785K (56%)
----------------- Invoking toplevel() on ptolemy.moml.MoMLSimpleApplication@52575124
----------------- Done invoking toplevel() on ptolemy.moml.MoMLSimpleApplication@52575124
reloadAllAccessors: .CommDistDiscard

===========================================================================================
----------------- testing Sun Sep 08 05:42:40 UTC 2019 /home/travis/build/icyphy/ptII/ptolemy/actor/lib/test/auto/Commutator.xml
----------------- Instantiating /home/travis/build/icyphy/ptII/ptolemy/actor/lib/test/auto/Commutator.xml
3 ms. Memory: 452608K Free: 248175K (55%)
----------------- Invoking toplevel() on ptolemy.moml.MoMLSimpleApplication@2b22b0b9
----------------- Done invoking toplevel() on ptolemy.moml.MoMLSimpleApplication@2b22b0b9
reloadAllAccessors: .Commutator

===========================================================================================
----------------- testing Sun Sep 08 05:42:40 UTC 2019 /home/travis/build/icyphy/ptII/ptolemy/actor/lib/test/auto/Commutator2.xml
----------------- Instantiating /home/travis/build/icyphy/ptII/ptolemy/actor/lib/test/auto/Commutator2.xml
2 ms. Memory: 452608K Free: 243569K (54%)
----------------- Invoking toplevel() on ptolemy.moml.MoMLSimpleApplication@781ac55d
----------------- Done invoking toplevel() on ptolemy.moml.MoMLSimpleApplication@781ac55d
reloadAllAccessors: .Commutator2

===========================================================================================
----------------- testing Sun Sep 08 05:42:40 UTC 2019 /home/travis/build/icyphy/ptII/ptolemy/actor/lib/test/auto/Commutator3.xml
----------------- Instantiating /home/travis/build/icyphy/ptII/ptolemy/actor/lib/test/auto/Commutator3.xml
3 ms. Memory: 452608K Free: 239473K (53%)
----------------- Invoking toplevel() on ptolemy.moml.MoMLSimpleApplication@490a57e2
----------------- Done invoking toplevel() on ptolemy.moml.MoMLSimpleApplication@490a57e2
reloadAllAccessors: .Commutator3

===========================================================================================
----------------- testing Sun Sep 08 05:42:40 UTC 2019 /home/travis/build/icyphy/ptII/ptolemy/actor/lib/test/auto/Compare.xml
----------------- Instantiating /home/travis/build/icyphy/ptII/ptolemy/actor/lib/test/auto/Compare.xml
3 ms. Memory: 452608K Free: 232815K (51%)
----------------- Invoking toplevel() on ptolemy.moml.MoMLSimpleApplication@7590be04
----------------- Done invoking toplevel() on ptolemy.moml.MoMLSimpleApplication@7590be04
reloadAllAccessors: .Compare

===========================================================================================
----------------- testing Sun Sep 08 05:42:40 UTC 2019 /home/travis/build/icyphy/ptII/ptolemy/actor/lib/test/auto/CompareDE.xml
----------------- Instantiating /home/travis/build/icyphy/ptII/ptolemy/actor/lib/test/auto/CompareDE.xml
4 ms. Memory: 452608K Free: 226161K (50%)
----------------- Invoking toplevel() on ptolemy.moml.MoMLSimpleApplication@7ce91eb7
----------------- Done invoking toplevel() on ptolemy.moml.MoMLSimpleApplication@7ce91eb7
reloadAllAccessors: .CompareDE

===========================================================================================
----------------- testing Sun Sep 08 05:42:40 UTC 2019 /home/travis/build/icyphy/ptII/ptolemy/actor/lib/test/auto/ComplexDivide.xml
----------------- Instantiating /home/travis/build/icyphy/ptII/ptolemy/actor/lib/test/auto/ComplexDivide.xml
1 ms. Memory: 452608K Free: 222065K (49%)
----------------- Invoking toplevel() on ptolemy.moml.MoMLSimpleApplication@e9f6b14
----------------- Done invoking toplevel() on ptolemy.moml.MoMLSimpleApplication@e9f6b14
reloadAllAccessors: .ComplexDivide

===========================================================================================
----------------- testing Sun Sep 08 05:42:40 UTC 2019 /home/travis/build/icyphy/ptII/ptolemy/actor/lib/test/auto/ComputeHistogram.xml
----------------- Instantiating /home/travis/build/icyphy/ptII/ptolemy/actor/lib/test/auto/ComputeHistogram.xml
25 ms. Memory: 452608K Free: 209777K (46%)
----------------- Invoking toplevel() on ptolemy.moml.MoMLSimpleApplication@443c60df
----------------- Done invoking toplevel() on ptolemy.moml.MoMLSimpleApplication@443c60df
reloadAllAccessors: .ComputeHistogram

===========================================================================================
----------------- testing Sun Sep 08 05:42:40 UTC 2019 /home/travis/build/icyphy/ptII/ptolemy/actor/lib/test/auto/ConfigurationSelect.xml
----------------- Instantiating /home/travis/build/icyphy/ptII/ptolemy/actor/lib/test/auto/ConfigurationSelect.xml
2 ms. Memory: 452608K Free: 204113K (45%)
----------------- Invoking toplevel() on ptolemy.moml.MoMLSimpleApplication@3a56667c
----------------- Done invoking toplevel() on ptolemy.moml.MoMLSimpleApplication@3a56667c
reloadAllAccessors: .ConfigurationSelect

===========================================================================================
----------------- testing Sun Sep 08 05:42:40 UTC 2019 /home/travis/build/icyphy/ptII/ptolemy/actor/lib/test/auto/ConfigurationSelect2.xml
----------------- Instantiating /home/travis/build/icyphy/ptII/ptolemy/actor/lib/test/auto/ConfigurationSelect2.xml
3 ms. Memory: 452608K Free: 200047K (44%)
----------------- Invoking toplevel() on ptolemy.moml.MoMLSimpleApplication@4a1bba0f
----------------- Done invoking toplevel() on ptolemy.moml.MoMLSimpleApplication@4a1bba0f
reloadAllAccessors: .ConfigurationSelect2

===========================================================================================
----------------- testing Sun Sep 08 05:42:40 UTC 2019 /home/travis/build/icyphy/ptII/ptolemy/actor/lib/test/auto/ConfigurationSwitch.xml
----------------- Instantiating /home/travis/build/icyphy/ptII/ptolemy/actor/lib/test/auto/ConfigurationSwitch.xml
3 ms. Memory: 452608K Free: 194417K (43%)
----------------- Invoking toplevel() on ptolemy.moml.MoMLSimpleApplication@16580871
----------------- Done invoking toplevel() on ptolemy.moml.MoMLSimpleApplication@16580871
reloadAllAccessors: .ConfigurationSwitch

===========================================================================================
----------------- testing Sun Sep 08 05:42:40 UTC 2019 /home/travis/build/icyphy/ptII/ptolemy/actor/lib/test/auto/ConfigurationSwitch2.xml
----------------- Instantiating /home/travis/build/icyphy/ptII/ptolemy/actor/lib/test/auto/ConfigurationSwitch2.xml
2 ms. Memory: 452608K Free: 188783K (42%)
----------------- Invoking toplevel() on ptolemy.moml.MoMLSimpleApplication@518e97ca
----------------- Done invoking toplevel() on ptolemy.moml.MoMLSimpleApplication@518e97ca
reloadAllAccessors: .ConfigurationSwitch2

===========================================================================================
----------------- testing Sun Sep 08 05:42:40 UTC 2019 /home/travis/build/icyphy/ptII/ptolemy/actor/lib/test/auto/ConfigurationSwitchCloningBugWithClassRelationGroup.xml
----------------- Instantiating /home/travis/build/icyphy/ptII/ptolemy/actor/lib/test/auto/ConfigurationSwitchCloningBugWithClassRelationGroup.xml
1 ms. Memory: 452608K Free: 182129K (40%)
----------------- Invoking toplevel() on ptolemy.moml.MoMLSimpleApplication@4665c5e8
----------------- Done invoking toplevel() on ptolemy.moml.MoMLSimpleApplication@4665c5e8
reloadAllAccessors: .ConfigurationSwitchCloningBugWithClassRelationGroup

===========================================================================================
----------------- testing Sun Sep 08 05:42:40 UTC 2019 /home/travis/build/icyphy/ptII/ptolemy/actor/lib/test/auto/ConfigurationSwitchSelectSDF.xml
----------------- Instantiating /home/travis/build/icyphy/ptII/ptolemy/actor/lib/test/auto/ConfigurationSwitchSelectSDF.xml
4 ms. Memory: 452608K Free: 176495K (39%)
----------------- Invoking toplevel() on ptolemy.moml.MoMLSimpleApplication@2895225a
----------------- Done invoking toplevel() on ptolemy.moml.MoMLSimpleApplication@2895225a
reloadAllAccessors: .ConfigurationSwitchSelectSDF

===========================================================================================
----------------- testing Sun Sep 08 05:42:40 UTC 2019 /home/travis/build/icyphy/ptII/ptolemy/actor/lib/test/auto/ConfigurationSwitchSelectSDF2.xml
----------------- Instantiating /home/travis/build/icyphy/ptII/ptolemy/actor/lib/test/auto/ConfigurationSwitchSelectSDF2.xml
2 ms. Memory: 452608K Free: 171375K (38%)
----------------- Invoking toplevel() on ptolemy.moml.MoMLSimpleApplication@65034cac
----------------- Done invoking toplevel() on ptolemy.moml.MoMLSimpleApplication@65034cac
reloadAllAccessors: .ConfigurationSwitchSelectSDF2

===========================================================================================
----------------- testing Sun Sep 08 05:42:40 UTC 2019 /home/travis/build/icyphy/ptII/ptolemy/actor/lib/test/auto/Const.xml
----------------- Instantiating /home/travis/build/icyphy/ptII/ptolemy/actor/lib/test/auto/Const.xml
2 ms. Memory: 452608K Free: 167793K (37%)
----------------- Invoking toplevel() on ptolemy.moml.MoMLSimpleApplication@4dfba5b
----------------- Done invoking toplevel() on ptolemy.moml.MoMLSimpleApplication@4dfba5b
reloadAllAccessors: .Const

===========================================================================================
----------------- testing Sun Sep 08 05:42:40 UTC 2019 /home/travis/build/icyphy/ptII/ptolemy/actor/lib/test/auto/Const2.xml
----------------- Instantiating /home/travis/build/icyphy/ptII/ptolemy/actor/lib/test/auto/Const2.xml
2 ms. Memory: 452608K Free: 164207K (36%)
----------------- Invoking toplevel() on ptolemy.moml.MoMLSimpleApplication@666df65c
----------------- Done invoking toplevel() on ptolemy.moml.MoMLSimpleApplication@666df65c
reloadAllAccessors: .Const2

===========================================================================================
----------------- testing Sun Sep 08 05:42:40 UTC 2019 /home/travis/build/icyphy/ptII/ptolemy/actor/lib/test/auto/Const3.xml
----------------- Instantiating /home/travis/build/icyphy/ptII/ptolemy/actor/lib/test/auto/Const3.xml
2 ms. Memory: 452608K Free: 161135K (36%)
----------------- Invoking toplevel() on ptolemy.moml.MoMLSimpleApplication@32b186fe
----------------- Done invoking toplevel() on ptolemy.moml.MoMLSimpleApplication@32b186fe
reloadAllAccessors: .Const3

===========================================================================================
----------------- testing Sun Sep 08 05:42:40 UTC 2019 /home/travis/build/icyphy/ptII/ptolemy/actor/lib/test/auto/ConstantPublisherPort1.xml
----------------- Instantiating /home/travis/build/icyphy/ptII/ptolemy/actor/lib/test/auto/ConstantPublisherPort1.xml
10 ms. Memory: 452608K Free: 151919K (34%)
----------------- Invoking toplevel() on ptolemy.moml.MoMLSimpleApplication@ba8b9a5
----------------- Done invoking toplevel() on ptolemy.moml.MoMLSimpleApplication@ba8b9a5
reloadAllAccessors: .ConstantPublisherPort1

===========================================================================================
----------------- testing Sun Sep 08 05:42:40 UTC 2019 /home/travis/build/icyphy/ptII/ptolemy/actor/lib/test/auto/ConstantPublisherPort2.xml
----------------- Instantiating /home/travis/build/icyphy/ptII/ptolemy/actor/lib/test/auto/ConstantPublisherPort2.xml
5 ms. Memory: 452608K Free: 144241K (32%)
----------------- Invoking toplevel() on ptolemy.moml.MoMLSimpleApplication@456eab15
----------------- Done invoking toplevel() on ptolemy.moml.MoMLSimpleApplication@456eab15
reloadAllAccessors: .ConstantPublisherPort2

===========================================================================================
----------------- testing Sun Sep 08 05:42:40 UTC 2019 /home/travis/build/icyphy/ptII/ptolemy/actor/lib/test/auto/ConstantPublisherPort3.xml
----------------- Instantiating /home/travis/build/icyphy/ptII/ptolemy/actor/lib/test/auto/ConstantPublisherPort3.xml
6 ms. Memory: 452608K Free: 402055K (89%)
----------------- Invoking toplevel() on ptolemy.moml.MoMLSimpleApplication@480ec01e
----------------- Done invoking toplevel() on ptolemy.moml.MoMLSimpleApplication@480ec01e
reloadAllAccessors: .ConstantPublisherPort3

===========================================================================================
----------------- testing Sun Sep 08 05:42:41 UTC 2019 /home/travis/build/icyphy/ptII/ptolemy/actor/lib/test/auto/ConstantPublisherPort4.xml
----------------- Instantiating /home/travis/build/icyphy/ptII/ptolemy/actor/lib/test/auto/ConstantPublisherPort4.xml
3 ms. Memory: 452608K Free: 394887K (87%)
----------------- Invoking toplevel() on ptolemy.moml.MoMLSimpleApplication@394dcd7
----------------- Done invoking toplevel() on ptolemy.moml.MoMLSimpleApplication@394dcd7
reloadAllAccessors: .ConstantPublisherPort4

===========================================================================================
----------------- testing Sun Sep 08 05:42:41 UTC 2019 /home/travis/build/icyphy/ptII/ptolemy/actor/lib/test/auto/ConstantPublisherPort5.xml
----------------- Instantiating /home/travis/build/icyphy/ptII/ptolemy/actor/lib/test/auto/ConstantPublisherPort5.xml
27 ms. Memory: 452608K Free: 385669K (85%)
----------------- Invoking toplevel() on ptolemy.moml.MoMLSimpleApplication@6d56699e
----------------- Done invoking toplevel() on ptolemy.moml.MoMLSimpleApplication@6d56699e
reloadAllAccessors: .ConstantPublisherPort5

===========================================================================================
----------------- testing Sun Sep 08 05:42:41 UTC 2019 /home/travis/build/icyphy/ptII/ptolemy/actor/lib/test/auto/ConstantPublisherPort6.xml
----------------- Instantiating /home/travis/build/icyphy/ptII/ptolemy/actor/lib/test/auto/ConstantPublisherPort6.xml
20 ms. Memory: 452608K Free: 376965K (83%)
----------------- Invoking toplevel() on ptolemy.moml.MoMLSimpleApplication@501c04d1
----------------- Done invoking toplevel() on ptolemy.moml.MoMLSimpleApplication@501c04d1
reloadAllAccessors: .ConstantPublisherPort6

===========================================================================================
----------------- testing Sun Sep 08 05:42:41 UTC 2019 /home/travis/build/icyphy/ptII/ptolemy/actor/lib/test/auto/ConstantPublisherPort7.xml
----------------- Instantiating /home/travis/build/icyphy/ptII/ptolemy/actor/lib/test/auto/ConstantPublisherPort7.xml
14 ms. Memory: 452608K Free: 367749K (81%)
----------------- Invoking toplevel() on ptolemy.moml.MoMLSimpleApplication@5e49b66a
----------------- Done invoking toplevel() on ptolemy.moml.MoMLSimpleApplication@5e49b66a
reloadAllAccessors: .ConstantPublisherPort7

===========================================================================================
----------------- testing Sun Sep 08 05:42:41 UTC 2019 /home/travis/build/icyphy/ptII/ptolemy/actor/lib/test/auto/ConstraintMonitor1.xml
----------------- Instantiating /home/travis/build/icyphy/ptII/ptolemy/actor/lib/test/auto/ConstraintMonitor1.xml
4 ms. Memory: 452608K Free: 362629K (80%)
----------------- Invoking toplevel() on ptolemy.moml.MoMLSimpleApplication@20077dbd
----------------- Done invoking toplevel() on ptolemy.moml.MoMLSimpleApplication@20077dbd
reloadAllAccessors: .ConstraintMonitor1

===========================================================================================
----------------- testing Sun Sep 08 05:42:41 UTC 2019 /home/travis/build/icyphy/ptII/ptolemy/actor/lib/test/auto/ConstraintMonitor2.xml
----------------- Instantiating /home/travis/build/icyphy/ptII/ptolemy/actor/lib/test/auto/ConstraintMonitor2.xml
2 ms. Memory: 452608K Free: 358533K (79%)
----------------- Invoking toplevel() on ptolemy.moml.MoMLSimpleApplication@63de774b
----------------- Done invoking toplevel() on ptolemy.moml.MoMLSimpleApplication@63de774b
reloadAllAccessors: .ConstraintMonitor2

===========================================================================================
----------------- testing Sun Sep 08 05:42:41 UTC 2019 /home/travis/build/icyphy/ptII/ptolemy/actor/lib/test/auto/ConstraintMonitor3.xml
----------------- Instantiating /home/travis/build/icyphy/ptII/ptolemy/actor/lib/test/auto/ConstraintMonitor3.xml
4 ms. Memory: 452608K Free: 353927K (78%)
----------------- Invoking toplevel() on ptolemy.moml.MoMLSimpleApplication@325a9951
----------------- Done invoking toplevel() on ptolemy.moml.MoMLSimpleApplication@325a9951
reloadAllAccessors: .ConstraintMonitor3

===========================================================================================
----------------- testing Sun Sep 08 05:42:41 UTC 2019 /home/travis/build/icyphy/ptII/ptolemy/actor/lib/test/auto/ConstraintMonitor4.xml
----------------- Instantiating /home/travis/build/icyphy/ptII/ptolemy/actor/lib/test/auto/ConstraintMonitor4.xml
5 ms. Memory: 452608K Free: 349317K (77%)
----------------- Invoking toplevel() on ptolemy.moml.MoMLSimpleApplication@319a4073
----------------- Done invoking toplevel() on ptolemy.moml.MoMLSimpleApplication@319a4073
reloadAllAccessors: .ConstraintMonitor4

===========================================================================================
----------------- testing Sun Sep 08 05:42:41 UTC 2019 /home/travis/build/icyphy/ptII/ptolemy/actor/lib/test/auto/ConstraintMonitor5.xml
----------------- Instantiating /home/travis/build/icyphy/ptII/ptolemy/actor/lib/test/auto/ConstraintMonitor5.xml
8 ms. Memory: 452608K Free: 343687K (76%)
----------------- Invoking toplevel() on ptolemy.moml.MoMLSimpleApplication@76cafd18
----------------- Done invoking toplevel() on ptolemy.moml.MoMLSimpleApplication@76cafd18
reloadAllAccessors: .ConstraintMonitor5

===========================================================================================
----------------- testing Sun Sep 08 05:42:41 UTC 2019 /home/travis/build/icyphy/ptII/ptolemy/actor/lib/test/auto/ConstraintMonitor6.xml
----------------- Instantiating /home/travis/build/icyphy/ptII/ptolemy/actor/lib/test/auto/ConstraintMonitor6.xml
7 ms. Memory: 452608K Free: 337543K (75%)
----------------- Invoking toplevel() on ptolemy.moml.MoMLSimpleApplication@cb50451
----------------- Done invoking toplevel() on ptolemy.moml.MoMLSimpleApplication@cb50451
reloadAllAccessors: .ConstraintMonitor6

===========================================================================================
----------------- testing Sun Sep 08 05:42:41 UTC 2019 /home/travis/build/icyphy/ptII/ptolemy/actor/lib/test/auto/ConstraintMonitor7.xml
----------------- Instantiating /home/travis/build/icyphy/ptII/ptolemy/actor/lib/test/auto/ConstraintMonitor7.xml
6 ms. Memory: 452608K Free: 331399K (73%)
----------------- Invoking toplevel() on ptolemy.moml.MoMLSimpleApplication@42ac47f6
----------------- Done invoking toplevel() on ptolemy.moml.MoMLSimpleApplication@42ac47f6
reloadAllAccessors: .ConstraintMonitor7

===========================================================================================
----------------- testing Sun Sep 08 05:42:41 UTC 2019 /home/travis/build/icyphy/ptII/ptolemy/actor/lib/test/auto/ConstraintMonitor8.xml
----------------- Instantiating /home/travis/build/icyphy/ptII/ptolemy/actor/lib/test/auto/ConstraintMonitor8.xml
7 ms. Memory: 452608K Free: 323711K (72%)
----------------- Invoking toplevel() on ptolemy.moml.MoMLSimpleApplication@3fa04a32
----------------- Done invoking toplevel() on ptolemy.moml.MoMLSimpleApplication@3fa04a32
reloadAllAccessors: .ConstraintMonitor8

===========================================================================================
----------------- testing Sun Sep 08 05:42:41 UTC 2019 /home/travis/build/icyphy/ptII/ptolemy/actor/lib/test/auto/Counter.xml
----------------- Instantiating /home/travis/build/icyphy/ptII/ptolemy/actor/lib/test/auto/Counter.xml
3 ms. Memory: 452608K Free: 318597K (70%)
----------------- Invoking toplevel() on ptolemy.moml.MoMLSimpleApplication@1d54dba9
----------------- Done invoking toplevel() on ptolemy.moml.MoMLSimpleApplication@1d54dba9
reloadAllAccessors: .Counter

===========================================================================================
----------------- testing Sun Sep 08 05:42:41 UTC 2019 /home/travis/build/icyphy/ptII/ptolemy/actor/lib/test/auto/CurrentTimeSDF.xml
----------------- Instantiating /home/travis/build/icyphy/ptII/ptolemy/actor/lib/test/auto/CurrentTimeSDF.xml
1 ms. Memory: 452608K Free: 315015K (70%)
----------------- Invoking toplevel() on ptolemy.moml.MoMLSimpleApplication@5d794c02
----------------- Done invoking toplevel() on ptolemy.moml.MoMLSimpleApplication@5d794c02
reloadAllAccessors: .CurrentTimeSDF

===========================================================================================
----------------- testing Sun Sep 08 05:42:41 UTC 2019 /home/travis/build/icyphy/ptII/ptolemy/actor/lib/test/auto/DB.xml
----------------- Instantiating /home/travis/build/icyphy/ptII/ptolemy/actor/lib/test/auto/DB.xml
4 ms. Memory: 452608K Free: 309895K (68%)
----------------- Invoking toplevel() on ptolemy.moml.MoMLSimpleApplication@4c263ec5
----------------- Done invoking toplevel() on ptolemy.moml.MoMLSimpleApplication@4c263ec5
reloadAllAccessors: .DB

===========================================================================================
----------------- testing Sun Sep 08 05:42:41 UTC 2019 /home/travis/build/icyphy/ptII/ptolemy/actor/lib/test/auto/DBDE.xml
----------------- Instantiating /home/travis/build/icyphy/ptII/ptolemy/actor/lib/test/auto/DBDE.xml
2 ms. Memory: 452608K Free: 304255K (67%)
----------------- Invoking toplevel() on ptolemy.moml.MoMLSimpleApplication@5dcd03bc
----------------- Done invoking toplevel() on ptolemy.moml.MoMLSimpleApplication@5dcd03bc
reloadAllAccessors: .DBDE

===========================================================================================
----------------- testing Sun Sep 08 05:42:41 UTC 2019 /home/travis/build/icyphy/ptII/ptolemy/actor/lib/test/auto/DateConstructor.xml
----------------- Instantiating /home/travis/build/icyphy/ptII/ptolemy/actor/lib/test/auto/DateConstructor.xml
33 ms. Memory: 452608K Free: 286343K (63%)
----------------- Invoking toplevel() on ptolemy.moml.MoMLSimpleApplication@76e463ec
----------------- Done invoking toplevel() on ptolemy.moml.MoMLSimpleApplication@76e463ec
reloadAllAccessors: .DateConstructor

===========================================================================================
----------------- testing Sun Sep 08 05:42:41 UTC 2019 /home/travis/build/icyphy/ptII/ptolemy/actor/lib/test/auto/DelayTime.xml
----------------- Instantiating /home/travis/build/icyphy/ptII/ptolemy/actor/lib/test/auto/DelayTime.xml
7 ms. Memory: 452608K Free: 281223K (62%)
----------------- Invoking toplevel() on ptolemy.moml.MoMLSimpleApplication@3ec7c178
----------------- Done invoking toplevel() on ptolemy.moml.MoMLSimpleApplication@3ec7c178
reloadAllAccessors: .DelayTime

===========================================================================================
----------------- testing Sun Sep 08 05:42:41 UTC 2019 /home/travis/build/icyphy/ptII/ptolemy/actor/lib/test/auto/Dictionary1.xml
----------------- Instantiating /home/travis/build/icyphy/ptII/ptolemy/actor/lib/test/auto/Dictionary1.xml
2 ms. Memory: 452608K Free: 276103K (61%)
----------------- Invoking toplevel() on ptolemy.moml.MoMLSimpleApplication@6a31ed8f
----------------- Done invoking toplevel() on ptolemy.moml.MoMLSimpleApplication@6a31ed8f
reloadAllAccessors: .Dictionary1

===========================================================================================
----------------- testing Sun Sep 08 05:42:41 UTC 2019 /home/travis/build/icyphy/ptII/ptolemy/actor/lib/test/auto/Dictionary2.xml
----------------- Instantiating /home/travis/build/icyphy/ptII/ptolemy/actor/lib/test/auto/Dictionary2.xml
5 ms. Memory: 452608K Free: 270469K (60%)
----------------- Invoking toplevel() on ptolemy.moml.MoMLSimpleApplication@6d32ce70
----------------- Done invoking toplevel() on ptolemy.moml.MoMLSimpleApplication@6d32ce70
reloadAllAccessors: .Dictionary2

===========================================================================================
----------------- testing Sun Sep 08 05:42:41 UTC 2019 /home/travis/build/icyphy/ptII/ptolemy/actor/lib/test/auto/Dictionary3.xml
----------------- Instantiating /home/travis/build/icyphy/ptII/ptolemy/actor/lib/test/auto/Dictionary3.xml
2 ms. Memory: 452608K Free: 264839K (59%)
----------------- Invoking toplevel() on ptolemy.moml.MoMLSimpleApplication@43664f1f
----------------- Done invoking toplevel() on ptolemy.moml.MoMLSimpleApplication@43664f1f
reloadAllAccessors: .Dictionary3

===========================================================================================
----------------- testing Sun Sep 08 05:42:41 UTC 2019 /home/travis/build/icyphy/ptII/ptolemy/actor/lib/test/auto/Dictionary4.xml
----------------- Instantiating /home/travis/build/icyphy/ptII/ptolemy/actor/lib/test/auto/Dictionary4.xml
7 ms. Memory: 452608K Free: 257671K (57%)
----------------- Invoking toplevel() on ptolemy.moml.MoMLSimpleApplication@1d8bba0c
----------------- Done invoking toplevel() on ptolemy.moml.MoMLSimpleApplication@1d8bba0c
reloadAllAccessors: .Dictionary4

===========================================================================================
----------------- testing Sun Sep 08 05:42:41 UTC 2019 /home/travis/build/icyphy/ptII/ptolemy/actor/lib/test/auto/Differential.xml
----------------- Instantiating /home/travis/build/icyphy/ptII/ptolemy/actor/lib/test/auto/Differential.xml
5 ms. Memory: 452608K Free: 253575K (56%)
----------------- Invoking toplevel() on ptolemy.moml.MoMLSimpleApplication@5429bc39
----------------- Done invoking toplevel() on ptolemy.moml.MoMLSimpleApplication@5429bc39
reloadAllAccessors: .Differential

===========================================================================================
----------------- testing Sun Sep 08 05:42:41 UTC 2019 /home/travis/build/icyphy/ptII/ptolemy/actor/lib/test/auto/Director.xml
----------------- Instantiating /home/travis/build/icyphy/ptII/ptolemy/actor/lib/test/auto/Director.xml
5 ms. Memory: 452608K Free: 249989K (55%)
----------------- Invoking toplevel() on ptolemy.moml.MoMLSimpleApplication@ab17ceb
----------------- Done invoking toplevel() on ptolemy.moml.MoMLSimpleApplication@ab17ceb
reloadAllAccessors: .Director

===========================================================================================
----------------- testing Sun Sep 08 05:42:41 UTC 2019 /home/travis/build/icyphy/ptII/ptolemy/actor/lib/test/auto/DiscreteClock.xml
----------------- Instantiating /home/travis/build/icyphy/ptII/ptolemy/actor/lib/test/auto/DiscreteClock.xml
2 ms. Memory: 452608K Free: 245893K (54%)
----------------- Invoking toplevel() on ptolemy.moml.MoMLSimpleApplication@7a11cd55
----------------- Done invoking toplevel() on ptolemy.moml.MoMLSimpleApplication@7a11cd55
reloadAllAccessors: .DiscreteClock

===========================================================================================
----------------- testing Sun Sep 08 05:42:41 UTC 2019 /home/travis/build/icyphy/ptII/ptolemy/actor/lib/test/auto/DiscreteClock10.xml
----------------- Instantiating /home/travis/build/icyphy/ptII/ptolemy/actor/lib/test/auto/DiscreteClock10.xml
2 ms. Memory: 452608K Free: 240263K (53%)
----------------- Invoking toplevel() on ptolemy.moml.MoMLSimpleApplication@298ba8d2
----------------- Done invoking toplevel() on ptolemy.moml.MoMLSimpleApplication@298ba8d2
reloadAllAccessors: .DiscreteClock10

===========================================================================================
----------------- testing Sun Sep 08 05:42:41 UTC 2019 /home/travis/build/icyphy/ptII/ptolemy/actor/lib/test/auto/DiscreteClock11.xml
----------------- Instantiating /home/travis/build/icyphy/ptII/ptolemy/actor/lib/test/auto/DiscreteClock11.xml
2 ms. Memory: 452608K Free: 234119K (52%)
----------------- Invoking toplevel() on ptolemy.moml.MoMLSimpleApplication@58ed00af
----------------- Done invoking toplevel() on ptolemy.moml.MoMLSimpleApplication@58ed00af
reloadAllAccessors: .DiscreteClock11

===========================================================================================
----------------- testing Sun Sep 08 05:42:41 UTC 2019 /home/travis/build/icyphy/ptII/ptolemy/actor/lib/test/auto/DiscreteClock12.xml
----------------- Instantiating /home/travis/build/icyphy/ptII/ptolemy/actor/lib/test/auto/DiscreteClock12.xml
3 ms. Memory: 452608K Free: 227975K (50%)
----------------- Invoking toplevel() on ptolemy.moml.MoMLSimpleApplication@254fe63c
----------------- Done invoking toplevel() on ptolemy.moml.MoMLSimpleApplication@254fe63c
reloadAllAccessors: .DiscreteClock12

===========================================================================================
----------------- testing Sun Sep 08 05:42:41 UTC 2019 /home/travis/build/icyphy/ptII/ptolemy/actor/lib/test/auto/DiscreteClock13.xml
----------------- Instantiating /home/travis/build/icyphy/ptII/ptolemy/actor/lib/test/auto/DiscreteClock13.xml
5 ms. Memory: 452608K Free: 221831K (49%)
----------------- Invoking toplevel() on ptolemy.moml.MoMLSimpleApplication@1dbe38de
----------------- Done invoking toplevel() on ptolemy.moml.MoMLSimpleApplication@1dbe38de
reloadAllAccessors: .DiscreteClock13

===========================================================================================
----------------- testing Sun Sep 08 05:42:41 UTC 2019 /home/travis/build/icyphy/ptII/ptolemy/actor/lib/test/auto/DiscreteClock14.xml
----------------- Instantiating /home/travis/build/icyphy/ptII/ptolemy/actor/lib/test/auto/DiscreteClock14.xml
6 ms. Memory: 452608K Free: 216167K (48%)
----------------- Invoking toplevel() on ptolemy.moml.MoMLSimpleApplication@286e1825
----------------- Done invoking toplevel() on ptolemy.moml.MoMLSimpleApplication@286e1825
reloadAllAccessors: .DiscreteClock14

===========================================================================================
----------------- testing Sun Sep 08 05:42:41 UTC 2019 /home/travis/build/icyphy/ptII/ptolemy/actor/lib/test/auto/DiscreteClock15.xml
----------------- Instantiating /home/travis/build/icyphy/ptII/ptolemy/actor/lib/test/auto/DiscreteClock15.xml
6 ms. Memory: 452608K Free: 210023K (46%)
----------------- Invoking toplevel() on ptolemy.moml.MoMLSimpleApplication@119375d7
----------------- Done invoking toplevel() on ptolemy.moml.MoMLSimpleApplication@119375d7
reloadAllAccessors: .DiscreteClock15

===========================================================================================
----------------- testing Sun Sep 08 05:42:41 UTC 2019 /home/travis/build/icyphy/ptII/ptolemy/actor/lib/test/auto/DiscreteClock16.xml
----------------- Instantiating /home/travis/build/icyphy/ptII/ptolemy/actor/lib/test/auto/DiscreteClock16.xml
17 ms. Memory: 452608K Free: 196231K (43%)
----------------- Invoking toplevel() on ptolemy.moml.MoMLSimpleApplication@1dd73fdd
----------------- Done invoking toplevel() on ptolemy.moml.MoMLSimpleApplication@1dd73fdd
reloadAllAccessors: .DiscreteClock16

===========================================================================================
----------------- testing Sun Sep 08 05:42:42 UTC 2019 /home/travis/build/icyphy/ptII/ptolemy/actor/lib/test/auto/DiscreteClock17.xml
----------------- Instantiating /home/travis/build/icyphy/ptII/ptolemy/actor/lib/test/auto/DiscreteClock17.xml
18 ms. Memory: 452608K Free: 181367K (40%)
----------------- Invoking toplevel() on ptolemy.moml.MoMLSimpleApplication@22d0f16
----------------- Done invoking toplevel() on ptolemy.moml.MoMLSimpleApplication@22d0f16
reloadAllAccessors: .DiscreteClock17

===========================================================================================
----------------- testing Sun Sep 08 05:42:42 UTC 2019 /home/travis/build/icyphy/ptII/ptolemy/actor/lib/test/auto/DiscreteClock18.xml
----------------- Instantiating /home/travis/build/icyphy/ptII/ptolemy/actor/lib/test/auto/DiscreteClock18.xml
28 ms. Memory: 452608K Free: 168583K (37%)
----------------- Invoking toplevel() on ptolemy.moml.MoMLSimpleApplication@4627ee00
----------------- Done invoking toplevel() on ptolemy.moml.MoMLSimpleApplication@4627ee00
reloadAllAccessors: .DiscreteClock18

===========================================================================================
----------------- testing Sun Sep 08 05:42:42 UTC 2019 /home/travis/build/icyphy/ptII/ptolemy/actor/lib/test/auto/DiscreteClock19.xml
----------------- Instantiating /home/travis/build/icyphy/ptII/ptolemy/actor/lib/test/auto/DiscreteClock19.xml
23 ms. Memory: 452608K Free: 154724K (34%)
----------------- Invoking toplevel() on ptolemy.moml.MoMLSimpleApplication@724dc540
----------------- Done invoking toplevel() on ptolemy.moml.MoMLSimpleApplication@724dc540
reloadAllAccessors: .DiscreteClock19

===========================================================================================
----------------- testing Sun Sep 08 05:42:42 UTC 2019 /home/travis/build/icyphy/ptII/ptolemy/actor/lib/test/auto/DiscreteClock2.xml
----------------- Instantiating /home/travis/build/icyphy/ptII/ptolemy/actor/lib/test/auto/DiscreteClock2.xml
5 ms. Memory: 452608K Free: 149607K (33%)
----------------- Invoking toplevel() on ptolemy.moml.MoMLSimpleApplication@6ee4eab6
----------------- Done invoking toplevel() on ptolemy.moml.MoMLSimpleApplication@6ee4eab6
reloadAllAccessors: .DiscreteClock2

===========================================================================================
----------------- testing Sun Sep 08 05:42:42 UTC 2019 /home/travis/build/icyphy/ptII/ptolemy/actor/lib/test/auto/DiscreteClock20.xml
----------------- Instantiating /home/travis/build/icyphy/ptII/ptolemy/actor/lib/test/auto/DiscreteClock20.xml
11 ms. Memory: 452608K Free: 144007K (32%)
----------------- Invoking toplevel() on ptolemy.moml.MoMLSimpleApplication@68fd4154
----------------- Done invoking toplevel() on ptolemy.moml.MoMLSimpleApplication@68fd4154
reloadAllAccessors: .DiscreteClock20

===========================================================================================
----------------- testing Sun Sep 08 05:42:42 UTC 2019 /home/travis/build/icyphy/ptII/ptolemy/actor/lib/test/auto/DiscreteClock21.xml
----------------- Instantiating /home/travis/build/icyphy/ptII/ptolemy/actor/lib/test/auto/DiscreteClock21.xml
6 ms. Memory: 452608K Free: 138887K (31%)
----------------- Invoking toplevel() on ptolemy.moml.MoMLSimpleApplication@5816ee09
----------------- Done invoking toplevel() on ptolemy.moml.MoMLSimpleApplication@5816ee09
reloadAllAccessors: .DiscreteClock21

===========================================================================================
----------------- testing Sun Sep 08 05:42:42 UTC 2019 /home/travis/build/icyphy/ptII/ptolemy/actor/lib/test/auto/DiscreteClock22.xml
----------------- Instantiating /home/travis/build/icyphy/ptII/ptolemy/actor/lib/test/auto/DiscreteClock22.xml
6 ms. Memory: 452608K Free: 399030K (88%)
----------------- Invoking toplevel() on ptolemy.moml.MoMLSimpleApplication@632722df
----------------- Done invoking toplevel() on ptolemy.moml.MoMLSimpleApplication@632722df
reloadAllAccessors: .DiscreteClock22

===========================================================================================
----------------- testing Sun Sep 08 05:42:42 UTC 2019 /home/travis/build/icyphy/ptII/ptolemy/actor/lib/test/auto/DiscreteClock23.xml
----------------- Instantiating /home/travis/build/icyphy/ptII/ptolemy/actor/lib/test/auto/DiscreteClock23.xml
13 ms. Memory: 452608K Free: 393400K (87%)
----------------- Invoking toplevel() on ptolemy.moml.MoMLSimpleApplication@521cc6d4
----------------- Done invoking toplevel() on ptolemy.moml.MoMLSimpleApplication@521cc6d4
reloadAllAccessors: .DiscreteClock23

===========================================================================================
----------------- testing Sun Sep 08 05:42:42 UTC 2019 /home/travis/build/icyphy/ptII/ptolemy/actor/lib/test/auto/DiscreteClock24.xml
----------------- Instantiating /home/travis/build/icyphy/ptII/ptolemy/actor/lib/test/auto/DiscreteClock24.xml
5 ms. Memory: 452608K Free: 387766K (86%)
----------------- Invoking toplevel() on ptolemy.moml.MoMLSimpleApplication@319efdb7
----------------- Done invoking toplevel() on ptolemy.moml.MoMLSimpleApplication@319efdb7
reloadAllAccessors: .DiscreteClock24

===========================================================================================
----------------- testing Sun Sep 08 05:42:42 UTC 2019 /home/travis/build/icyphy/ptII/ptolemy/actor/lib/test/auto/DiscreteClock4.xml
----------------- Instantiating /home/travis/build/icyphy/ptII/ptolemy/actor/lib/test/auto/DiscreteClock4.xml
4 ms. Memory: 452608K Free: 382646K (85%)
----------------- Invoking toplevel() on ptolemy.moml.MoMLSimpleApplication@1fa79425
----------------- Done invoking toplevel() on ptolemy.moml.MoMLSimpleApplication@1fa79425
reloadAllAccessors: .DiscreteClock4

===========================================================================================
----------------- testing Sun Sep 08 05:42:42 UTC 2019 /home/travis/build/icyphy/ptII/ptolemy/actor/lib/test/auto/DiscreteClock5.xml
----------------- Instantiating /home/travis/build/icyphy/ptII/ptolemy/actor/lib/test/auto/DiscreteClock5.xml
1 ms. Memory: 452608K Free: 377016K (83%)
----------------- Invoking toplevel() on ptolemy.moml.MoMLSimpleApplication@66f27b5f
----------------- Done invoking toplevel() on ptolemy.moml.MoMLSimpleApplication@66f27b5f
reloadAllAccessors: .DiscreteClock5

===========================================================================================
----------------- testing Sun Sep 08 05:42:42 UTC 2019 /home/travis/build/icyphy/ptII/ptolemy/actor/lib/test/auto/DiscreteClock6.xml
----------------- Instantiating /home/travis/build/icyphy/ptII/ptolemy/actor/lib/test/auto/DiscreteClock6.xml
1 ms. Memory: 452608K Free: 372406K (82%)
----------------- Invoking toplevel() on ptolemy.moml.MoMLSimpleApplication@5d64dcb0
----------------- Done invoking toplevel() on ptolemy.moml.MoMLSimpleApplication@5d64dcb0
reloadAllAccessors: .DiscreteClock6

===========================================================================================
----------------- testing Sun Sep 08 05:42:42 UTC 2019 /home/travis/build/icyphy/ptII/ptolemy/actor/lib/test/auto/DiscreteClock7.xml
----------------- Instantiating /home/travis/build/icyphy/ptII/ptolemy/actor/lib/test/auto/DiscreteClock7.xml
2 ms. Memory: 452608K Free: 367286K (81%)
----------------- Invoking toplevel() on ptolemy.moml.MoMLSimpleApplication@5b32dc76
----------------- Done invoking toplevel() on ptolemy.moml.MoMLSimpleApplication@5b32dc76
reloadAllAccessors: .DiscreteClock7

===========================================================================================
----------------- testing Sun Sep 08 05:42:42 UTC 2019 /home/travis/build/icyphy/ptII/ptolemy/actor/lib/test/auto/DiscreteClock8.xml
----------------- Instantiating /home/travis/build/icyphy/ptII/ptolemy/actor/lib/test/auto/DiscreteClock8.xml
5 ms. Memory: 452608K Free: 361656K (80%)
----------------- Invoking toplevel() on ptolemy.moml.MoMLSimpleApplication@b33cb04
----------------- Done invoking toplevel() on ptolemy.moml.MoMLSimpleApplication@b33cb04
reloadAllAccessors: .DiscreteClock8

===========================================================================================
----------------- testing Sun Sep 08 05:42:42 UTC 2019 /home/travis/build/icyphy/ptII/ptolemy/actor/lib/test/auto/DiscreteClock9.xml
----------------- Instantiating /home/travis/build/icyphy/ptII/ptolemy/actor/lib/test/auto/DiscreteClock9.xml
5 ms. Memory: 452608K Free: 356008K (79%)
----------------- Invoking toplevel() on ptolemy.moml.MoMLSimpleApplication@2d2de1db
----------------- Done invoking toplevel() on ptolemy.moml.MoMLSimpleApplication@2d2de1db
reloadAllAccessors: .DiscreteClock9

===========================================================================================
----------------- testing Sun Sep 08 05:42:42 UTC 2019 /home/travis/build/icyphy/ptII/ptolemy/actor/lib/test/auto/DisplayArray.xml
----------------- Instantiating /home/travis/build/icyphy/ptII/ptolemy/actor/lib/test/auto/DisplayArray.xml
2 ms. Memory: 452608K Free: 352440K (78%)
----------------- Invoking toplevel() on ptolemy.moml.MoMLSimpleApplication@41513e53
----------------- Done invoking toplevel() on ptolemy.moml.MoMLSimpleApplication@41513e53
reloadAllAccessors: .DisplayArray

===========================================================================================
----------------- testing Sun Sep 08 05:42:42 UTC 2019 /home/travis/build/icyphy/ptII/ptolemy/actor/lib/test/auto/Distributor.xml
----------------- Instantiating /home/travis/build/icyphy/ptII/ptolemy/actor/lib/test/auto/Distributor.xml
2 ms. Memory: 452608K Free: 347320K (77%)
----------------- Invoking toplevel() on ptolemy.moml.MoMLSimpleApplication@657dea2e
----------------- Done invoking toplevel() on ptolemy.moml.MoMLSimpleApplication@657dea2e
reloadAllAccessors: .Distributor

===========================================================================================
----------------- testing Sun Sep 08 05:42:42 UTC 2019 /home/travis/build/icyphy/ptII/ptolemy/actor/lib/test/auto/Distributor2.xml
----------------- Instantiating /home/travis/build/icyphy/ptII/ptolemy/actor/lib/test/auto/Distributor2.xml
2 ms. Memory: 452608K Free: 342200K (76%)
----------------- Invoking toplevel() on ptolemy.moml.MoMLSimpleApplication@2e8300fe
----------------- Done invoking toplevel() on ptolemy.moml.MoMLSimpleApplication@2e8300fe
reloadAllAccessors: .Distributor2

===========================================================================================
----------------- testing Sun Sep 08 05:42:42 UTC 2019 /home/travis/build/icyphy/ptII/ptolemy/actor/lib/test/auto/DownSample.xml
----------------- Instantiating /home/travis/build/icyphy/ptII/ptolemy/actor/lib/test/auto/DownSample.xml
2 ms. Memory: 452608K Free: 338104K (75%)
----------------- Invoking toplevel() on ptolemy.moml.MoMLSimpleApplication@52e9fe61
----------------- Done invoking toplevel() on ptolemy.moml.MoMLSimpleApplication@52e9fe61
reloadAllAccessors: .DownSample

===========================================================================================
----------------- testing Sun Sep 08 05:42:42 UTC 2019 /home/travis/build/icyphy/ptII/ptolemy/actor/lib/test/auto/ElectronicUnitBase1.xml
----------------- Instantiating /home/travis/build/icyphy/ptII/ptolemy/actor/lib/test/auto/ElectronicUnitBase1.xml
21 ms. Memory: 452608K Free: 322230K (71%)
----------------- Invoking toplevel() on ptolemy.moml.MoMLSimpleApplication@454adf57
----------------- Done invoking toplevel() on ptolemy.moml.MoMLSimpleApplication@454adf57
reloadAllAccessors: .ElectronicUnitBase1

===========================================================================================
----------------- testing Sun Sep 08 05:42:42 UTC 2019 /home/travis/build/icyphy/ptII/ptolemy/actor/lib/test/auto/ElementsToArray.xml
----------------- Instantiating /home/travis/build/icyphy/ptII/ptolemy/actor/lib/test/auto/ElementsToArray.xml
4 ms. Memory: 452608K Free: 316600K (70%)
----------------- Invoking toplevel() on ptolemy.moml.MoMLSimpleApplication@7fad11c
----------------- Done invoking toplevel() on ptolemy.moml.MoMLSimpleApplication@7fad11c
reloadAllAccessors: .ElementsToArray

===========================================================================================
----------------- testing Sun Sep 08 05:42:42 UTC 2019 /home/travis/build/icyphy/ptII/ptolemy/actor/lib/test/auto/Equals.xml
----------------- Instantiating /home/travis/build/icyphy/ptII/ptolemy/actor/lib/test/auto/Equals.xml
3 ms. Memory: 452608K Free: 311990K (69%)
----------------- Invoking toplevel() on ptolemy.moml.MoMLSimpleApplication@2ac523db
----------------- Done invoking toplevel() on ptolemy.moml.MoMLSimpleApplication@2ac523db
reloadAllAccessors: .Equals

===========================================================================================
----------------- testing Sun Sep 08 05:42:42 UTC 2019 /home/travis/build/icyphy/ptII/ptolemy/actor/lib/test/auto/Exec.xml
----------------- Instantiating /home/travis/build/icyphy/ptII/ptolemy/actor/lib/test/auto/Exec.xml
21 ms. Memory: 452608K Free: 305846K (68%)
----------------- Invoking toplevel() on ptolemy.moml.MoMLSimpleApplication@ace658a
----------------- Done invoking toplevel() on ptolemy.moml.MoMLSimpleApplication@ace658a
reloadAllAccessors: .Exec

===========================================================================================
----------------- testing Sun Sep 08 05:42:42 UTC 2019 /home/travis/build/icyphy/ptII/ptolemy/actor/lib/test/auto/ExecEnvironment.xml
----------------- Instantiating /home/travis/build/icyphy/ptII/ptolemy/actor/lib/test/auto/ExecEnvironment.xml
37 ms. Memory: 452608K Free: 300726K (66%)
----------------- Invoking toplevel() on ptolemy.moml.MoMLSimpleApplication@15bab113
----------------- Done invoking toplevel() on ptolemy.moml.MoMLSimpleApplication@15bab113
reloadAllAccessors: .ExecEnvironment

===========================================================================================
----------------- testing Sun Sep 08 05:42:42 UTC 2019 /home/travis/build/icyphy/ptII/ptolemy/actor/lib/test/auto/ExecNonZeroReturnOutput.xml
----------------- Instantiating /home/travis/build/icyphy/ptII/ptolemy/actor/lib/test/auto/ExecNonZeroReturnOutput.xml
209 ms. Memory: 452608K Free: 288954K (64%)
----------------- Invoking toplevel() on ptolemy.moml.MoMLSimpleApplication@7e827e93
----------------- Done invoking toplevel() on ptolemy.moml.MoMLSimpleApplication@7e827e93
reloadAllAccessors: .ExecNonZeroReturnOutput

===========================================================================================
----------------- testing Sun Sep 08 05:42:43 UTC 2019 /home/travis/build/icyphy/ptII/ptolemy/actor/lib/test/auto/ExecRunDemos.xml
----------------- Instantiating /home/travis/build/icyphy/ptII/ptolemy/actor/lib/test/auto/ExecRunDemos.xml
Finished: 63 ms. Memory: 120832K Free: 104242K (86%)

Finished: 58 ms. Memory: 120832K Free: 110785K (92%)

Finished: 95 ms. Memory: 120832K Free: 110013K (91%)

Finished: 87 ms. Memory: 120832K Free: 111467K (92%)

Finished: 108 ms. Memory: 120832K Free: 104001K (86%)

11190 ms. Memory: 452608K Free: 267958K (59%)
----------------- Invoking toplevel() on ptolemy.moml.MoMLSimpleApplication@549d020c
----------------- Done invoking toplevel() on ptolemy.moml.MoMLSimpleApplication@549d020c
reloadAllAccessors: .ExecRunDemos

===========================================================================================
----------------- testing Sun Sep 08 05:42:54 UTC 2019 /home/travis/build/icyphy/ptII/ptolemy/actor/lib/test/auto/ExecStop.xml
----------------- Instantiating /home/travis/build/icyphy/ptII/ptolemy/actor/lib/test/auto/ExecStop.xml
5021 ms. Memory: 452608K Free: 155832K (34%)
----------------- Invoking toplevel() on ptolemy.moml.MoMLSimpleApplication@6b6edebd
----------------- Done invoking toplevel() on ptolemy.moml.MoMLSimpleApplication@6b6edebd
reloadAllAccessors: .ExecStop

===========================================================================================
----------------- testing Sun Sep 08 05:42:59 UTC 2019 /home/travis/build/icyphy/ptII/ptolemy/actor/lib/test/auto/ExecutionTimeSDF.xml
----------------- Instantiating /home/travis/build/icyphy/ptII/ptolemy/actor/lib/test/auto/ExecutionTimeSDF.xml
Fired ExecutionTime: -1923767296
Fired ExecutionTime: 1065600000
Fired ExecutionTime: -754567296
6014 ms. Memory: 452608K Free: 144040K (32%)
----------------- Invoking toplevel() on ptolemy.moml.MoMLSimpleApplication@18a67733
----------------- Done invoking toplevel() on ptolemy.moml.MoMLSimpleApplication@18a67733
reloadAllAccessors: .ExecutionTimeSDF

===========================================================================================
----------------- testing Sun Sep 08 05:43:05 UTC 2019 /home/travis/build/icyphy/ptII/ptolemy/actor/lib/test/auto/Expression1.xml
----------------- Instantiating /home/travis/build/icyphy/ptII/ptolemy/actor/lib/test/auto/Expression1.xml
3 ms. Memory: 452608K Free: 140472K (31%)
----------------- Invoking toplevel() on ptolemy.moml.MoMLSimpleApplication@3daed2a0
----------------- Done invoking toplevel() on ptolemy.moml.MoMLSimpleApplication@3daed2a0
reloadAllAccessors: .Expression1

===========================================================================================
----------------- testing Sun Sep 08 05:43:05 UTC 2019 /home/travis/build/icyphy/ptII/ptolemy/actor/lib/test/auto/Expression10.xml
----------------- Instantiating /home/travis/build/icyphy/ptII/ptolemy/actor/lib/test/auto/Expression10.xml
9 ms. Memory: 452608K Free: 400967K (89%)
----------------- Invoking toplevel() on ptolemy.moml.MoMLSimpleApplication@79335b80
----------------- Done invoking toplevel() on ptolemy.moml.MoMLSimpleApplication@79335b80
reloadAllAccessors: .Expression10

===========================================================================================
----------------- testing Sun Sep 08 05:43:05 UTC 2019 /home/travis/build/icyphy/ptII/ptolemy/actor/lib/test/auto/Expression11.xml
----------------- Instantiating /home/travis/build/icyphy/ptII/ptolemy/actor/lib/test/auto/Expression11.xml
3 ms. Memory: 452608K Free: 396357K (88%)
----------------- Invoking toplevel() on ptolemy.moml.MoMLSimpleApplication@70dce3cf
----------------- Done invoking toplevel() on ptolemy.moml.MoMLSimpleApplication@70dce3cf
reloadAllAccessors: .Expression11

===========================================================================================
----------------- testing Sun Sep 08 05:43:05 UTC 2019 /home/travis/build/icyphy/ptII/ptolemy/actor/lib/test/auto/Expression12.xml
----------------- Instantiating /home/travis/build/icyphy/ptII/ptolemy/actor/lib/test/auto/Expression12.xml
4 ms. Memory: 452608K Free: 390727K (86%)
----------------- Invoking toplevel() on ptolemy.moml.MoMLSimpleApplication@520e88cb
----------------- Done invoking toplevel() on ptolemy.moml.MoMLSimpleApplication@520e88cb
reloadAllAccessors: .Expression12

===========================================================================================
----------------- testing Sun Sep 08 05:43:05 UTC 2019 /home/travis/build/icyphy/ptII/ptolemy/actor/lib/test/auto/Expression13.xml
----------------- Instantiating /home/travis/build/icyphy/ptII/ptolemy/actor/lib/test/auto/Expression13.xml
4 ms. Memory: 452608K Free: 386117K (85%)
----------------- Invoking toplevel() on ptolemy.moml.MoMLSimpleApplication@740659c5
----------------- Done invoking toplevel() on ptolemy.moml.MoMLSimpleApplication@740659c5
reloadAllAccessors: .Expression13

===========================================================================================
----------------- testing Sun Sep 08 05:43:05 UTC 2019 /home/travis/build/icyphy/ptII/ptolemy/actor/lib/test/auto/Expression14.xml
----------------- Instantiating /home/travis/build/icyphy/ptII/ptolemy/actor/lib/test/auto/Expression14.xml
11 ms. Memory: 452608K Free: 379973K (84%)
----------------- Invoking toplevel() on ptolemy.moml.MoMLSimpleApplication@381c134f
----------------- Done invoking toplevel() on ptolemy.moml.MoMLSimpleApplication@381c134f
reloadAllAccessors: .Expression14

===========================================================================================
----------------- testing Sun Sep 08 05:43:05 UTC 2019 /home/travis/build/icyphy/ptII/ptolemy/actor/lib/test/auto/Expression15.xml
----------------- Instantiating /home/travis/build/icyphy/ptII/ptolemy/actor/lib/test/auto/Expression15.xml
2 ms. Memory: 452608K Free: 376391K (83%)
----------------- Invoking toplevel() on ptolemy.moml.MoMLSimpleApplication@506acead
----------------- Done invoking toplevel() on ptolemy.moml.MoMLSimpleApplication@506acead
reloadAllAccessors: .Expression15

===========================================================================================
----------------- testing Sun Sep 08 05:43:05 UTC 2019 /home/travis/build/icyphy/ptII/ptolemy/actor/lib/test/auto/Expression16.xml
----------------- Instantiating /home/travis/build/icyphy/ptII/ptolemy/actor/lib/test/auto/Expression16.xml
5 ms. Memory: 452608K Free: 371271K (82%)
----------------- Invoking toplevel() on ptolemy.moml.MoMLSimpleApplication@72b669f5
----------------- Done invoking toplevel() on ptolemy.moml.MoMLSimpleApplication@72b669f5
reloadAllAccessors: .Expression16

===========================================================================================
----------------- testing Sun Sep 08 05:43:05 UTC 2019 /home/travis/build/icyphy/ptII/ptolemy/actor/lib/test/auto/Expression17.xml
----------------- Instantiating /home/travis/build/icyphy/ptII/ptolemy/actor/lib/test/auto/Expression17.xml
5 ms. Memory: 452608K Free: 366151K (81%)
----------------- Invoking toplevel() on ptolemy.moml.MoMLSimpleApplication@b24d9dc
----------------- Done invoking toplevel() on ptolemy.moml.MoMLSimpleApplication@b24d9dc
reloadAllAccessors: .Expression17

===========================================================================================
----------------- testing Sun Sep 08 05:43:05 UTC 2019 /home/travis/build/icyphy/ptII/ptolemy/actor/lib/test/auto/Expression18.xml
----------------- Instantiating /home/travis/build/icyphy/ptII/ptolemy/actor/lib/test/auto/Expression18.xml
6 ms. Memory: 452608K Free: 361541K (80%)
----------------- Invoking toplevel() on ptolemy.moml.MoMLSimpleApplication@a037ed7
----------------- Done invoking toplevel() on ptolemy.moml.MoMLSimpleApplication@a037ed7
reloadAllAccessors: .Expression18

===========================================================================================
----------------- testing Sun Sep 08 05:43:05 UTC 2019 /home/travis/build/icyphy/ptII/ptolemy/actor/lib/test/auto/Expression2.xml
----------------- Instantiating /home/travis/build/icyphy/ptII/ptolemy/actor/lib/test/auto/Expression2.xml
4 ms. Memory: 452608K Free: 356421K (79%)
----------------- Invoking toplevel() on ptolemy.moml.MoMLSimpleApplication@55ef47af
----------------- Done invoking toplevel() on ptolemy.moml.MoMLSimpleApplication@55ef47af
reloadAllAccessors: .Expression2

===========================================================================================
----------------- testing Sun Sep 08 05:43:05 UTC 2019 /home/travis/build/icyphy/ptII/ptolemy/actor/lib/test/auto/Expression3.xml
----------------- Instantiating /home/travis/build/icyphy/ptII/ptolemy/actor/lib/test/auto/Expression3.xml
7 ms. Memory: 452608K Free: 351815K (78%)
----------------- Invoking toplevel() on ptolemy.moml.MoMLSimpleApplication@6f2258d9
----------------- Done invoking toplevel() on ptolemy.moml.MoMLSimpleApplication@6f2258d9
reloadAllAccessors: .Expression3

===========================================================================================
----------------- testing Sun Sep 08 05:43:05 UTC 2019 /home/travis/build/icyphy/ptII/ptolemy/actor/lib/test/auto/Expression4.xml
----------------- Instantiating /home/travis/build/icyphy/ptII/ptolemy/actor/lib/test/auto/Expression4.xml
7 ms. Memory: 452608K Free: 344133K (76%)
----------------- Invoking toplevel() on ptolemy.moml.MoMLSimpleApplication@4d4c8e17
----------------- Done invoking toplevel() on ptolemy.moml.MoMLSimpleApplication@4d4c8e17
reloadAllAccessors: .Expression4

===========================================================================================
----------------- testing Sun Sep 08 05:43:05 UTC 2019 /home/travis/build/icyphy/ptII/ptolemy/actor/lib/test/auto/Expression5.xml
----------------- Instantiating /home/travis/build/icyphy/ptII/ptolemy/actor/lib/test/auto/Expression5.xml
4 ms. Memory: 452608K Free: 339013K (75%)
----------------- Invoking toplevel() on ptolemy.moml.MoMLSimpleApplication@50c4a17d
----------------- Done invoking toplevel() on ptolemy.moml.MoMLSimpleApplication@50c4a17d
reloadAllAccessors: .Expression5

===========================================================================================
----------------- testing Sun Sep 08 05:43:05 UTC 2019 /home/travis/build/icyphy/ptII/ptolemy/actor/lib/test/auto/Expression6.xml
----------------- Instantiating /home/travis/build/icyphy/ptII/ptolemy/actor/lib/test/auto/Expression6.xml
3 ms. Memory: 452608K Free: 334917K (74%)
----------------- Invoking toplevel() on ptolemy.moml.MoMLSimpleApplication@3cad3fd0
----------------- Done invoking toplevel() on ptolemy.moml.MoMLSimpleApplication@3cad3fd0
reloadAllAccessors: .Expression6

===========================================================================================
----------------- testing Sun Sep 08 05:43:05 UTC 2019 /home/travis/build/icyphy/ptII/ptolemy/actor/lib/test/auto/Expression7.xml
----------------- Instantiating /home/travis/build/icyphy/ptII/ptolemy/actor/lib/test/auto/Expression7.xml
3 ms. Memory: 452608K Free: 329797K (73%)
----------------- Invoking toplevel() on ptolemy.moml.MoMLSimpleApplication@77489784
----------------- Done invoking toplevel() on ptolemy.moml.MoMLSimpleApplication@77489784
reloadAllAccessors: .Expression7

===========================================================================================
----------------- testing Sun Sep 08 05:43:05 UTC 2019 /home/travis/build/icyphy/ptII/ptolemy/actor/lib/test/auto/Expression8.xml
----------------- Instantiating /home/travis/build/icyphy/ptII/ptolemy/actor/lib/test/auto/Expression8.xml
11 ms. Memory: 452608K Free: 325191K (72%)
----------------- Invoking toplevel() on ptolemy.moml.MoMLSimpleApplication@dc70758
----------------- Done invoking toplevel() on ptolemy.moml.MoMLSimpleApplication@dc70758
reloadAllAccessors: .Expression8

===========================================================================================
----------------- testing Sun Sep 08 05:43:05 UTC 2019 /home/travis/build/icyphy/ptII/ptolemy/actor/lib/test/auto/Expression9.xml
----------------- Instantiating /home/travis/build/icyphy/ptII/ptolemy/actor/lib/test/auto/Expression9.xml
1 ms. Memory: 452608K Free: 321095K (71%)
----------------- Invoking toplevel() on ptolemy.moml.MoMLSimpleApplication@448746b2
----------------- Done invoking toplevel() on ptolemy.moml.MoMLSimpleApplication@448746b2
reloadAllAccessors: .Expression9

===========================================================================================
----------------- testing Sun Sep 08 05:43:05 UTC 2019 /home/travis/build/icyphy/ptII/ptolemy/actor/lib/test/auto/ExpressionConcatenateArrayType.xml
----------------- Instantiating /home/travis/build/icyphy/ptII/ptolemy/actor/lib/test/auto/ExpressionConcatenateArrayType.xml
5 ms. Memory: 452608K Free: 314437K (69%)
----------------- Invoking toplevel() on ptolemy.moml.MoMLSimpleApplication@2e6d0d33
----------------- Done invoking toplevel() on ptolemy.moml.MoMLSimpleApplication@2e6d0d33
reloadAllAccessors: .ExpressionConcatenateArrayType

===========================================================================================
----------------- testing Sun Sep 08 05:43:05 UTC 2019 /home/travis/build/icyphy/ptII/ptolemy/actor/lib/test/auto/ExpressionConcatenateArrayType2.xml
----------------- Instantiating /home/travis/build/icyphy/ptII/ptolemy/actor/lib/test/auto/ExpressionConcatenateArrayType2.xml
4 ms. Memory: 452608K Free: 309317K (68%)
----------------- Invoking toplevel() on ptolemy.moml.MoMLSimpleApplication@76adda50
----------------- Done invoking toplevel() on ptolemy.moml.MoMLSimpleApplication@76adda50
reloadAllAccessors: .ExpressionConcatenateArrayType2

===========================================================================================
----------------- testing Sun Sep 08 05:43:05 UTC 2019 /home/travis/build/icyphy/ptII/ptolemy/actor/lib/test/auto/ExpressionFix.xml
----------------- Instantiating /home/travis/build/icyphy/ptII/ptolemy/actor/lib/test/auto/ExpressionFix.xml
31 ms. Memory: 452608K Free: 302663K (67%)
----------------- Invoking toplevel() on ptolemy.moml.MoMLSimpleApplication@74eb81f2
----------------- Done invoking toplevel() on ptolemy.moml.MoMLSimpleApplication@74eb81f2
reloadAllAccessors: .ExpressionFix

===========================================================================================
----------------- testing Sun Sep 08 05:43:05 UTC 2019 /home/travis/build/icyphy/ptII/ptolemy/actor/lib/test/auto/ExpressionFix2.xml
----------------- Instantiating /home/travis/build/icyphy/ptII/ptolemy/actor/lib/test/auto/ExpressionFix2.xml
5 ms. Memory: 452608K Free: 298567K (66%)
----------------- Invoking toplevel() on ptolemy.moml.MoMLSimpleApplication@4af16fa8
----------------- Done invoking toplevel() on ptolemy.moml.MoMLSimpleApplication@4af16fa8
reloadAllAccessors: .ExpressionFix2

===========================================================================================
----------------- testing Sun Sep 08 05:43:05 UTC 2019 /home/travis/build/icyphy/ptII/ptolemy/actor/lib/test/auto/ExpressionFix3.xml
----------------- Instantiating /home/travis/build/icyphy/ptII/ptolemy/actor/lib/test/auto/ExpressionFix3.xml
3 ms. Memory: 452608K Free: 294471K (65%)
----------------- Invoking toplevel() on ptolemy.moml.MoMLSimpleApplication@4acbbbb0
----------------- Done invoking toplevel() on ptolemy.moml.MoMLSimpleApplication@4acbbbb0
reloadAllAccessors: .ExpressionFix3

===========================================================================================
----------------- testing Sun Sep 08 05:43:05 UTC 2019 /home/travis/build/icyphy/ptII/ptolemy/actor/lib/test/auto/FileWriter1.xml
----------------- Instantiating /home/travis/build/icyphy/ptII/ptolemy/actor/lib/test/auto/FileWriter1.xml
2 ms. Memory: 452608K Free: 290375K (64%)
----------------- Invoking toplevel() on ptolemy.moml.MoMLSimpleApplication@3133a462
----------------- Done invoking toplevel() on ptolemy.moml.MoMLSimpleApplication@3133a462
reloadAllAccessors: .FileWriter1

===========================================================================================
----------------- testing Sun Sep 08 05:43:05 UTC 2019 /home/travis/build/icyphy/ptII/ptolemy/actor/lib/test/auto/FileWriter2.xml
----------------- Instantiating /home/travis/build/icyphy/ptII/ptolemy/actor/lib/test/auto/FileWriter2.xml
2 ms. Memory: 452608K Free: 286279K (63%)
----------------- Invoking toplevel() on ptolemy.moml.MoMLSimpleApplication@36140284
----------------- Done invoking toplevel() on ptolemy.moml.MoMLSimpleApplication@36140284
reloadAllAccessors: .FileWriter2

===========================================================================================
----------------- testing Sun Sep 08 05:43:06 UTC 2019 /home/travis/build/icyphy/ptII/ptolemy/actor/lib/test/auto/FileWriter3.xml
----------------- Instantiating /home/travis/build/icyphy/ptII/ptolemy/actor/lib/test/auto/FileWriter3.xml
5 ms. Memory: 452608K Free: 282183K (62%)
----------------- Invoking toplevel() on ptolemy.moml.MoMLSimpleApplication@70e9c2ba
----------------- Done invoking toplevel() on ptolemy.moml.MoMLSimpleApplication@70e9c2ba
reloadAllAccessors: .FileWriter3

===========================================================================================
----------------- testing Sun Sep 08 05:43:06 UTC 2019 /home/travis/build/icyphy/ptII/ptolemy/actor/lib/test/auto/Gaussian.xml
----------------- Instantiating /home/travis/build/icyphy/ptII/ptolemy/actor/lib/test/auto/Gaussian.xml
3 ms. Memory: 452608K Free: 277573K (61%)
----------------- Invoking toplevel() on ptolemy.moml.MoMLSimpleApplication@46f41eab
----------------- Done invoking toplevel() on ptolemy.moml.MoMLSimpleApplication@46f41eab
reloadAllAccessors: .Gaussian

===========================================================================================
----------------- testing Sun Sep 08 05:43:06 UTC 2019 /home/travis/build/icyphy/ptII/ptolemy/actor/lib/test/auto/Gaussian1.xml
----------------- Instantiating /home/travis/build/icyphy/ptII/ptolemy/actor/lib/test/auto/Gaussian1.xml
8 ms. Memory: 452608K Free: 272423K (60%)
----------------- Invoking toplevel() on ptolemy.moml.MoMLSimpleApplication@24d8ee8
----------------- Done invoking toplevel() on ptolemy.moml.MoMLSimpleApplication@24d8ee8
reloadAllAccessors: .Gaussian1

===========================================================================================
----------------- testing Sun Sep 08 05:43:06 UTC 2019 /home/travis/build/icyphy/ptII/ptolemy/actor/lib/test/auto/Gaussian2.xml
----------------- Instantiating /home/travis/build/icyphy/ptII/ptolemy/actor/lib/test/auto/Gaussian2.xml
4 ms. Memory: 452608K Free: 266823K (59%)
----------------- Invoking toplevel() on ptolemy.moml.MoMLSimpleApplication@18abba38
----------------- Done invoking toplevel() on ptolemy.moml.MoMLSimpleApplication@18abba38
reloadAllAccessors: .Gaussian2

===========================================================================================
----------------- testing Sun Sep 08 05:43:06 UTC 2019 /home/travis/build/icyphy/ptII/ptolemy/actor/lib/test/auto/GradientAdaptiveLattice.xml
----------------- Instantiating /home/travis/build/icyphy/ptII/ptolemy/actor/lib/test/auto/GradientAdaptiveLattice.xml
3 ms. Memory: 452608K Free: 261703K (58%)
----------------- Invoking toplevel() on ptolemy.moml.MoMLSimpleApplication@6023b177
----------------- Done invoking toplevel() on ptolemy.moml.MoMLSimpleApplication@6023b177
reloadAllAccessors: .GradientAdaptiveLattice

===========================================================================================
----------------- testing Sun Sep 08 05:43:06 UTC 2019 /home/travis/build/icyphy/ptII/ptolemy/actor/lib/test/auto/IIR.xml
----------------- Instantiating /home/travis/build/icyphy/ptII/ptolemy/actor/lib/test/auto/IIR.xml
1 ms. Memory: 452608K Free: 257607K (57%)
----------------- Invoking toplevel() on ptolemy.moml.MoMLSimpleApplication@3c749957
----------------- Done invoking toplevel() on ptolemy.moml.MoMLSimpleApplication@3c749957
reloadAllAccessors: .IIR

===========================================================================================
----------------- testing Sun Sep 08 05:43:06 UTC 2019 /home/travis/build/icyphy/ptII/ptolemy/actor/lib/test/auto/InputOutputTransparentPorts.xml
----------------- Instantiating /home/travis/build/icyphy/ptII/ptolemy/actor/lib/test/auto/InputOutputTransparentPorts.xml
2 ms. Memory: 452608K Free: 249925K (55%)
----------------- Invoking toplevel() on ptolemy.moml.MoMLSimpleApplication@3e69be5e
----------------- Done invoking toplevel() on ptolemy.moml.MoMLSimpleApplication@3e69be5e
reloadAllAccessors: .InputOutputTransparentPorts

===========================================================================================
----------------- testing Sun Sep 08 05:43:06 UTC 2019 /home/travis/build/icyphy/ptII/ptolemy/actor/lib/test/auto/Interpolator.xml
----------------- Instantiating /home/travis/build/icyphy/ptII/ptolemy/actor/lib/test/auto/Interpolator.xml
6 ms. Memory: 452608K Free: 245815K (54%)
----------------- Invoking toplevel() on ptolemy.moml.MoMLSimpleApplication@37147b32
----------------- Done invoking toplevel() on ptolemy.moml.MoMLSimpleApplication@37147b32
reloadAllAccessors: .Interpolator

===========================================================================================
----------------- testing Sun Sep 08 05:43:06 UTC 2019 /home/travis/build/icyphy/ptII/ptolemy/actor/lib/test/auto/InterpolatorFiringLimitDE.xml
----------------- Instantiating /home/travis/build/icyphy/ptII/ptolemy/actor/lib/test/auto/InterpolatorFiringLimitDE.xml
3 ms. Memory: 452608K Free: 239685K (53%)
----------------- Invoking toplevel() on ptolemy.moml.MoMLSimpleApplication@29f92f13
----------------- Done invoking toplevel() on ptolemy.moml.MoMLSimpleApplication@29f92f13
reloadAllAccessors: .InterpolatorFiringLimitDE

===========================================================================================
----------------- testing Sun Sep 08 05:43:06 UTC 2019 /home/travis/build/icyphy/ptII/ptolemy/actor/lib/test/auto/Lattice.xml
----------------- Instantiating /home/travis/build/icyphy/ptII/ptolemy/actor/lib/test/auto/Lattice.xml
1 ms. Memory: 452608K Free: 235079K (52%)
----------------- Invoking toplevel() on ptolemy.moml.MoMLSimpleApplication@7af35003
----------------- Done invoking toplevel() on ptolemy.moml.MoMLSimpleApplication@7af35003
reloadAllAccessors: .Lattice

===========================================================================================
----------------- testing Sun Sep 08 05:43:06 UTC 2019 /home/travis/build/icyphy/ptII/ptolemy/actor/lib/test/auto/LazyAOCTestLazy.xml
----------------- Instantiating /home/travis/build/icyphy/ptII/ptolemy/actor/lib/test/auto/LazyAOCTestLazy.xml
13 ms. Memory: 452608K Free: 228935K (51%)
----------------- Invoking toplevel() on ptolemy.moml.MoMLSimpleApplication@6d83e8ef
----------------- Done invoking toplevel() on ptolemy.moml.MoMLSimpleApplication@6d83e8ef
reloadAllAccessors: .LazyAOCTestLazy

===========================================================================================
----------------- testing Sun Sep 08 05:43:06 UTC 2019 /home/travis/build/icyphy/ptII/ptolemy/actor/lib/test/auto/LazyAOCTestNonLazy.xml
----------------- Instantiating /home/travis/build/icyphy/ptII/ptolemy/actor/lib/test/auto/LazyAOCTestNonLazy.xml
3 ms. Memory: 452608K Free: 222791K (49%)
----------------- Invoking toplevel() on ptolemy.moml.MoMLSimpleApplication@15734ccd
----------------- Done invoking toplevel() on ptolemy.moml.MoMLSimpleApplication@15734ccd
reloadAllAccessors: .LazyAOCTestNonLazy

===========================================================================================
----------------- testing Sun Sep 08 05:43:06 UTC 2019 /home/travis/build/icyphy/ptII/ptolemy/actor/lib/test/auto/LazyInnerClass.xml
----------------- Instantiating /home/travis/build/icyphy/ptII/ptolemy/actor/lib/test/auto/LazyInnerClass.xml
23 ms. Memory: 452608K Free: 214071K (47%)
----------------- Invoking toplevel() on ptolemy.moml.MoMLSimpleApplication@2a3eca5e
----------------- Done invoking toplevel() on ptolemy.moml.MoMLSimpleApplication@2a3eca5e
reloadAllAccessors: .LazyInnerClass

===========================================================================================
----------------- testing Sun Sep 08 05:43:06 UTC 2019 /home/travis/build/icyphy/ptII/ptolemy/actor/lib/test/auto/LazyPubSub.xml
----------------- Instantiating /home/travis/build/icyphy/ptII/ptolemy/actor/lib/test/auto/LazyPubSub.xml
31 ms. Memory: 452608K Free: 203335K (45%)
----------------- Invoking toplevel() on ptolemy.moml.MoMLSimpleApplication@3fa45cc
----------------- Done invoking toplevel() on ptolemy.moml.MoMLSimpleApplication@3fa45cc
reloadAllAccessors: .LazyPubSub

===========================================================================================
----------------- testing Sun Sep 08 05:43:06 UTC 2019 /home/travis/build/icyphy/ptII/ptolemy/actor/lib/test/auto/LazyPubSub2.xml
----------------- Instantiating /home/travis/build/icyphy/ptII/ptolemy/actor/lib/test/auto/LazyPubSub2.xml
20 ms. Memory: 452608K Free: 193605K (43%)
----------------- Invoking toplevel() on ptolemy.moml.MoMLSimpleApplication@2c94b13e
----------------- Done invoking toplevel() on ptolemy.moml.MoMLSimpleApplication@2c94b13e
reloadAllAccessors: .LazyPubSub2

===========================================================================================
----------------- testing Sun Sep 08 05:43:06 UTC 2019 /home/travis/build/icyphy/ptII/ptolemy/actor/lib/test/auto/LazyPubSub3.xml
----------------- Instantiating /home/travis/build/icyphy/ptII/ptolemy/actor/lib/test/auto/LazyPubSub3.xml
17 ms. Memory: 452608K Free: 183365K (41%)
----------------- Invoking toplevel() on ptolemy.moml.MoMLSimpleApplication@77c158d3
----------------- Done invoking toplevel() on ptolemy.moml.MoMLSimpleApplication@77c158d3
reloadAllAccessors: .LazyPubSub3

===========================================================================================
----------------- testing Sun Sep 08 05:43:06 UTC 2019 /home/travis/build/icyphy/ptII/ptolemy/actor/lib/test/auto/LazySubClassModel.xml
----------------- Instantiating /home/travis/build/icyphy/ptII/ptolemy/actor/lib/test/auto/LazySubClassModel.xml
2 ms. Memory: 452608K Free: 174149K (38%)
----------------- Invoking toplevel() on ptolemy.moml.MoMLSimpleApplication@4ddb38f6
----------------- Done invoking toplevel() on ptolemy.moml.MoMLSimpleApplication@4ddb38f6
reloadAllAccessors: .LazySubClassModel

===========================================================================================
----------------- testing Sun Sep 08 05:43:06 UTC 2019 /home/travis/build/icyphy/ptII/ptolemy/actor/lib/test/auto/LevelCrossTest1.xml
----------------- Instantiating /home/travis/build/icyphy/ptII/ptolemy/actor/lib/test/auto/LevelCrossTest1.xml
2 ms. Memory: 452608K Free: 168519K (37%)
----------------- Invoking toplevel() on ptolemy.moml.MoMLSimpleApplication@5986073c
----------------- Done invoking toplevel() on ptolemy.moml.MoMLSimpleApplication@5986073c
reloadAllAccessors: .broken

===========================================================================================
----------------- testing Sun Sep 08 05:43:06 UTC 2019 /home/travis/build/icyphy/ptII/ptolemy/actor/lib/test/auto/LevelCrossTest10.xml
----------------- Instantiating /home/travis/build/icyphy/ptII/ptolemy/actor/lib/test/auto/LevelCrossTest10.xml
2 ms. Memory: 452608K Free: 161861K (36%)
----------------- Invoking toplevel() on ptolemy.moml.MoMLSimpleApplication@1120cfac
----------------- Done invoking toplevel() on ptolemy.moml.MoMLSimpleApplication@1120cfac
reloadAllAccessors: .LevelCrossTest10

===========================================================================================
----------------- testing Sun Sep 08 05:43:06 UTC 2019 /home/travis/build/icyphy/ptII/ptolemy/actor/lib/test/auto/LevelCrossTest11.xml
----------------- Instantiating /home/travis/build/icyphy/ptII/ptolemy/actor/lib/test/auto/LevelCrossTest11.xml
2 ms. Memory: 452608K Free: 155207K (34%)
----------------- Invoking toplevel() on ptolemy.moml.MoMLSimpleApplication@53694921
----------------- Done invoking toplevel() on ptolemy.moml.MoMLSimpleApplication@53694921
reloadAllAccessors: .LevelCrossTest11

===========================================================================================
----------------- testing Sun Sep 08 05:43:06 UTC 2019 /home/travis/build/icyphy/ptII/ptolemy/actor/lib/test/auto/LevelCrossTest12.xml
----------------- Instantiating /home/travis/build/icyphy/ptII/ptolemy/actor/lib/test/auto/LevelCrossTest12.xml
2 ms. Memory: 452608K Free: 148039K (33%)
----------------- Invoking toplevel() on ptolemy.moml.MoMLSimpleApplication@33bfbae1
----------------- Done invoking toplevel() on ptolemy.moml.MoMLSimpleApplication@33bfbae1
reloadAllAccessors: .LevelCrossTest12

===========================================================================================
----------------- testing Sun Sep 08 05:43:06 UTC 2019 /home/travis/build/icyphy/ptII/ptolemy/actor/lib/test/auto/LevelCrossTest13.xml
----------------- Instantiating /home/travis/build/icyphy/ptII/ptolemy/actor/lib/test/auto/LevelCrossTest13.xml
13 ms. Memory: 452608K Free: 140871K (31%)
----------------- Invoking toplevel() on ptolemy.moml.MoMLSimpleApplication@6f3e8e57
----------------- Done invoking toplevel() on ptolemy.moml.MoMLSimpleApplication@6f3e8e57
reloadAllAccessors: .LevelCrossTest13

===========================================================================================
----------------- testing Sun Sep 08 05:43:06 UTC 2019 /home/travis/build/icyphy/ptII/ptolemy/actor/lib/test/auto/LevelCrossTest2.xml
----------------- Instantiating /home/travis/build/icyphy/ptII/ptolemy/actor/lib/test/auto/LevelCrossTest2.xml
5 ms. Memory: 452608K Free: 400428K (88%)
----------------- Invoking toplevel() on ptolemy.moml.MoMLSimpleApplication@6883a68f
----------------- Done invoking toplevel() on ptolemy.moml.MoMLSimpleApplication@6883a68f
reloadAllAccessors: .broken

===========================================================================================
----------------- testing Sun Sep 08 05:43:06 UTC 2019 /home/travis/build/icyphy/ptII/ptolemy/actor/lib/test/auto/LevelCrossTest3.xml
----------------- Instantiating /home/travis/build/icyphy/ptII/ptolemy/actor/lib/test/auto/LevelCrossTest3.xml
2 ms. Memory: 452608K Free: 393788K (87%)
----------------- Invoking toplevel() on ptolemy.moml.MoMLSimpleApplication@78bcccbc
----------------- Done invoking toplevel() on ptolemy.moml.MoMLSimpleApplication@78bcccbc
reloadAllAccessors: .LevelCrossTest3

===========================================================================================
----------------- testing Sun Sep 08 05:43:06 UTC 2019 /home/travis/build/icyphy/ptII/ptolemy/actor/lib/test/auto/LevelCrossTest4.xml
----------------- Instantiating /home/travis/build/icyphy/ptII/ptolemy/actor/lib/test/auto/LevelCrossTest4.xml
2 ms. Memory: 452608K Free: 388154K (86%)
----------------- Invoking toplevel() on ptolemy.moml.MoMLSimpleApplication@5ce4f002
----------------- Done invoking toplevel() on ptolemy.moml.MoMLSimpleApplication@5ce4f002
reloadAllAccessors: .broken

===========================================================================================
----------------- testing Sun Sep 08 05:43:06 UTC 2019 /home/travis/build/icyphy/ptII/ptolemy/actor/lib/test/auto/LevelCrossTest5.xml
----------------- Instantiating /home/travis/build/icyphy/ptII/ptolemy/actor/lib/test/auto/LevelCrossTest5.xml
2 ms. Memory: 452608K Free: 380986K (84%)
----------------- Invoking toplevel() on ptolemy.moml.MoMLSimpleApplication@20e7a58e
----------------- Done invoking toplevel() on ptolemy.moml.MoMLSimpleApplication@20e7a58e
reloadAllAccessors: .LevelCrossTest5

===========================================================================================
----------------- testing Sun Sep 08 05:43:06 UTC 2019 /home/travis/build/icyphy/ptII/ptolemy/actor/lib/test/auto/LevelCrossTest6.xml
----------------- Instantiating /home/travis/build/icyphy/ptII/ptolemy/actor/lib/test/auto/LevelCrossTest6.xml
2 ms. Memory: 452608K Free: 373818K (83%)
----------------- Invoking toplevel() on ptolemy.moml.MoMLSimpleApplication@56c9b22
----------------- Done invoking toplevel() on ptolemy.moml.MoMLSimpleApplication@56c9b22
reloadAllAccessors: .LevelCrossTest6

===========================================================================================
----------------- testing Sun Sep 08 05:43:06 UTC 2019 /home/travis/build/icyphy/ptII/ptolemy/actor/lib/test/auto/LevelCrossTest7.xml
----------------- Instantiating /home/travis/build/icyphy/ptII/ptolemy/actor/lib/test/auto/LevelCrossTest7.xml
2 ms. Memory: 452608K Free: 366650K (81%)
----------------- Invoking toplevel() on ptolemy.moml.MoMLSimpleApplication@7e4fd5aa
----------------- Done invoking toplevel() on ptolemy.moml.MoMLSimpleApplication@7e4fd5aa
reloadAllAccessors: .LevelCrossTest7

===========================================================================================
----------------- testing Sun Sep 08 05:43:06 UTC 2019 /home/travis/build/icyphy/ptII/ptolemy/actor/lib/test/auto/LevelCrossTest8.xml
----------------- Instantiating /home/travis/build/icyphy/ptII/ptolemy/actor/lib/test/auto/LevelCrossTest8.xml
2 ms. Memory: 452608K Free: 359482K (79%)
----------------- Invoking toplevel() on ptolemy.moml.MoMLSimpleApplication@28b6047c
----------------- Done invoking toplevel() on ptolemy.moml.MoMLSimpleApplication@28b6047c
reloadAllAccessors: .LevelCrossTest8

===========================================================================================
----------------- testing Sun Sep 08 05:43:06 UTC 2019 /home/travis/build/icyphy/ptII/ptolemy/actor/lib/test/auto/LevelCrossTest9.xml
----------------- Instantiating /home/travis/build/icyphy/ptII/ptolemy/actor/lib/test/auto/LevelCrossTest9.xml
2 ms. Memory: 452608K Free: 352828K (78%)
----------------- Invoking toplevel() on ptolemy.moml.MoMLSimpleApplication@24ed04ba
----------------- Done invoking toplevel() on ptolemy.moml.MoMLSimpleApplication@24ed04ba
reloadAllAccessors: .LevelCrossTest9

===========================================================================================
----------------- testing Sun Sep 08 05:43:06 UTC 2019 /home/travis/build/icyphy/ptII/ptolemy/actor/lib/test/auto/LevinsonDurbin.xml
----------------- Instantiating /home/travis/build/icyphy/ptII/ptolemy/actor/lib/test/auto/LevinsonDurbin.xml
2 ms. Memory: 452608K Free: 349242K (77%)
----------------- Invoking toplevel() on ptolemy.moml.MoMLSimpleApplication@70b49ed6
----------------- Done invoking toplevel() on ptolemy.moml.MoMLSimpleApplication@70b49ed6
reloadAllAccessors: .LevinsonDurbin

===========================================================================================
----------------- testing Sun Sep 08 05:43:06 UTC 2019 /home/travis/build/icyphy/ptII/ptolemy/actor/lib/test/auto/LevinsonDurbin2.xml
----------------- Instantiating /home/travis/build/icyphy/ptII/ptolemy/actor/lib/test/auto/LevinsonDurbin2.xml
6 ms. Memory: 452608K Free: 345146K (76%)
----------------- Invoking toplevel() on ptolemy.moml.MoMLSimpleApplication@7a4d4151
----------------- Done invoking toplevel() on ptolemy.moml.MoMLSimpleApplication@7a4d4151
reloadAllAccessors: .LevinsonDurbin2

===========================================================================================
----------------- testing Sun Sep 08 05:43:07 UTC 2019 /home/travis/build/icyphy/ptII/ptolemy/actor/lib/test/auto/LevinsonDurbin3.xml
----------------- Instantiating /home/travis/build/icyphy/ptII/ptolemy/actor/lib/test/auto/LevinsonDurbin3.xml
3 ms. Memory: 452608K Free: 341050K (75%)
----------------- Invoking toplevel() on ptolemy.moml.MoMLSimpleApplication@18dd4840
----------------- Done invoking toplevel() on ptolemy.moml.MoMLSimpleApplication@18dd4840
reloadAllAccessors: .LevinsonDurbin3

===========================================================================================
----------------- testing Sun Sep 08 05:43:07 UTC 2019 /home/travis/build/icyphy/ptII/ptolemy/actor/lib/test/auto/Limiter.xml
----------------- Instantiating /home/travis/build/icyphy/ptII/ptolemy/actor/lib/test/auto/Limiter.xml
9 ms. Memory: 452608K Free: 332348K (73%)
----------------- Invoking toplevel() on ptolemy.moml.MoMLSimpleApplication@f8aab0
----------------- Done invoking toplevel() on ptolemy.moml.MoMLSimpleApplication@f8aab0
reloadAllAccessors: .Limiter

===========================================================================================
----------------- testing Sun Sep 08 05:43:07 UTC 2019 /home/travis/build/icyphy/ptII/ptolemy/actor/lib/test/auto/LinearDifferenceEquationSystem.xml
----------------- Instantiating /home/travis/build/icyphy/ptII/ptolemy/actor/lib/test/auto/LinearDifferenceEquationSystem.xml
4 ms. Memory: 452608K Free: 325180K (72%)
----------------- Invoking toplevel() on ptolemy.moml.MoMLSimpleApplication@6cb8e78e
----------------- Done invoking toplevel() on ptolemy.moml.MoMLSimpleApplication@6cb8e78e
reloadAllAccessors: .LinearDifferenceEquationSystem

===========================================================================================
----------------- testing Sun Sep 08 05:43:07 UTC 2019 /home/travis/build/icyphy/ptII/ptolemy/actor/lib/test/auto/LookupTable.xml
----------------- Instantiating /home/travis/build/icyphy/ptII/ptolemy/actor/lib/test/auto/LookupTable.xml
2 ms. Memory: 452608K Free: 320570K (71%)
----------------- Invoking toplevel() on ptolemy.moml.MoMLSimpleApplication@6dad4363
----------------- Done invoking toplevel() on ptolemy.moml.MoMLSimpleApplication@6dad4363
reloadAllAccessors: .LookupTable

===========================================================================================
----------------- testing Sun Sep 08 05:43:07 UTC 2019 /home/travis/build/icyphy/ptII/ptolemy/actor/lib/test/auto/MathFunction.xml
----------------- Instantiating /home/travis/build/icyphy/ptII/ptolemy/actor/lib/test/auto/MathFunction.xml
6 ms. Memory: 452608K Free: 312378K (69%)
----------------- Invoking toplevel() on ptolemy.moml.MoMLSimpleApplication@5db57fa3
----------------- Done invoking toplevel() on ptolemy.moml.MoMLSimpleApplication@5db57fa3
reloadAllAccessors: .MathFunction

===========================================================================================
----------------- testing Sun Sep 08 05:43:07 UTC 2019 /home/travis/build/icyphy/ptII/ptolemy/actor/lib/test/auto/MathFunction2.xml
----------------- Instantiating /home/travis/build/icyphy/ptII/ptolemy/actor/lib/test/auto/MathFunction2.xml
6 ms. Memory: 452608K Free: 308796K (68%)
----------------- Invoking toplevel() on ptolemy.moml.MoMLSimpleApplication@5433130c
----------------- Done invoking toplevel() on ptolemy.moml.MoMLSimpleApplication@5433130c
reloadAllAccessors: .MathFunction2

===========================================================================================
----------------- testing Sun Sep 08 05:43:07 UTC 2019 /home/travis/build/icyphy/ptII/ptolemy/actor/lib/test/auto/MathFunction3.xml
----------------- Instantiating /home/travis/build/icyphy/ptII/ptolemy/actor/lib/test/auto/MathFunction3.xml
11 ms. Memory: 452608K Free: 301628K (67%)
----------------- Invoking toplevel() on ptolemy.moml.MoMLSimpleApplication@d959a7f
----------------- Done invoking toplevel() on ptolemy.moml.MoMLSimpleApplication@d959a7f
reloadAllAccessors: .MathFunction3

===========================================================================================
----------------- testing Sun Sep 08 05:43:07 UTC 2019 /home/travis/build/icyphy/ptII/ptolemy/actor/lib/test/auto/MatrixCropBoolean.xml
----------------- Instantiating /home/travis/build/icyphy/ptII/ptolemy/actor/lib/test/auto/MatrixCropBoolean.xml
2 ms. Memory: 452608K Free: 296508K (66%)
----------------- Invoking toplevel() on ptolemy.moml.MoMLSimpleApplication@6732b7f8
----------------- Done invoking toplevel() on ptolemy.moml.MoMLSimpleApplication@6732b7f8
reloadAllAccessors: .MatrixCropBoolean

===========================================================================================
----------------- testing Sun Sep 08 05:43:07 UTC 2019 /home/travis/build/icyphy/ptII/ptolemy/actor/lib/test/auto/MatrixCropComplex.xml
----------------- Instantiating /home/travis/build/icyphy/ptII/ptolemy/actor/lib/test/auto/MatrixCropComplex.xml
2 ms. Memory: 452608K Free: 291898K (64%)
----------------- Invoking toplevel() on ptolemy.moml.MoMLSimpleApplication@5cfb5a05
----------------- Done invoking toplevel() on ptolemy.moml.MoMLSimpleApplication@5cfb5a05
reloadAllAccessors: .MatrixCropComplex

===========================================================================================
----------------- testing Sun Sep 08 05:43:07 UTC 2019 /home/travis/build/icyphy/ptII/ptolemy/actor/lib/test/auto/MatrixCropDouble.xml
----------------- Instantiating /home/travis/build/icyphy/ptII/ptolemy/actor/lib/test/auto/MatrixCropDouble.xml
3 ms. Memory: 452608K Free: 287292K (63%)
----------------- Invoking toplevel() on ptolemy.moml.MoMLSimpleApplication@3636192c
----------------- Done invoking toplevel() on ptolemy.moml.MoMLSimpleApplication@3636192c
reloadAllAccessors: .MatrixCropDouble

===========================================================================================
----------------- testing Sun Sep 08 05:43:07 UTC 2019 /home/travis/build/icyphy/ptII/ptolemy/actor/lib/test/auto/MatrixCropFix.xml
----------------- Instantiating /home/travis/build/icyphy/ptII/ptolemy/actor/lib/test/auto/MatrixCropFix.xml
3 ms. Memory: 452608K Free: 282172K (62%)
----------------- Invoking toplevel() on ptolemy.moml.MoMLSimpleApplication@6e14fb14
----------------- Done invoking toplevel() on ptolemy.moml.MoMLSimpleApplication@6e14fb14
reloadAllAccessors: .MatrixCropFix

===========================================================================================
----------------- testing Sun Sep 08 05:43:07 UTC 2019 /home/travis/build/icyphy/ptII/ptolemy/actor/lib/test/auto/MatrixCropInt.xml
----------------- Instantiating /home/travis/build/icyphy/ptII/ptolemy/actor/lib/test/auto/MatrixCropInt.xml
2 ms. Memory: 452608K Free: 277556K (61%)
----------------- Invoking toplevel() on ptolemy.moml.MoMLSimpleApplication@74c42b31
----------------- Done invoking toplevel() on ptolemy.moml.MoMLSimpleApplication@74c42b31
reloadAllAccessors: .MatrixCropInt

===========================================================================================
----------------- testing Sun Sep 08 05:43:07 UTC 2019 /home/travis/build/icyphy/ptII/ptolemy/actor/lib/test/auto/MatrixCropLong.xml
----------------- Instantiating /home/travis/build/icyphy/ptII/ptolemy/actor/lib/test/auto/MatrixCropLong.xml
3 ms. Memory: 452608K Free: 272412K (60%)
----------------- Invoking toplevel() on ptolemy.moml.MoMLSimpleApplication@7d40888
----------------- Done invoking toplevel() on ptolemy.moml.MoMLSimpleApplication@7d40888
reloadAllAccessors: .MatrixCropLong

===========================================================================================
----------------- testing Sun Sep 08 05:43:07 UTC 2019 /home/travis/build/icyphy/ptII/ptolemy/actor/lib/test/auto/MatrixToArray.xml
----------------- Instantiating /home/travis/build/icyphy/ptII/ptolemy/actor/lib/test/auto/MatrixToArray.xml
18 ms. Memory: 452608K Free: 257596K (57%)
----------------- Invoking toplevel() on ptolemy.moml.MoMLSimpleApplication@549ded62
----------------- Done invoking toplevel() on ptolemy.moml.MoMLSimpleApplication@549ded62
reloadAllAccessors: .MatrixToArray

===========================================================================================
----------------- testing Sun Sep 08 05:43:07 UTC 2019 /home/travis/build/icyphy/ptII/ptolemy/actor/lib/test/auto/MaxIndex.xml
----------------- Instantiating /home/travis/build/icyphy/ptII/ptolemy/actor/lib/test/auto/MaxIndex.xml
4 ms. Memory: 452608K Free: 252476K (56%)
----------------- Invoking toplevel() on ptolemy.moml.MoMLSimpleApplication@7de0d7d7
----------------- Done invoking toplevel() on ptolemy.moml.MoMLSimpleApplication@7de0d7d7
reloadAllAccessors: .MaxIndex

===========================================================================================
----------------- testing Sun Sep 08 05:43:07 UTC 2019 /home/travis/build/icyphy/ptII/ptolemy/actor/lib/test/auto/Maximum.xml
----------------- Instantiating /home/travis/build/icyphy/ptII/ptolemy/actor/lib/test/auto/Maximum.xml
4 ms. Memory: 452608K Free: 245788K (54%)
----------------- Invoking toplevel() on ptolemy.moml.MoMLSimpleApplication@1543e428
----------------- Done invoking toplevel() on ptolemy.moml.MoMLSimpleApplication@1543e428
reloadAllAccessors: .Maximum

===========================================================================================
----------------- testing Sun Sep 08 05:43:07 UTC 2019 /home/travis/build/icyphy/ptII/ptolemy/actor/lib/test/auto/MaximumComplex.xml
----------------- Instantiating /home/travis/build/icyphy/ptII/ptolemy/actor/lib/test/auto/MaximumComplex.xml
8 ms. Memory: 452608K Free: 239674K (53%)
----------------- Invoking toplevel() on ptolemy.moml.MoMLSimpleApplication@66fcbe8
----------------- Done invoking toplevel() on ptolemy.moml.MoMLSimpleApplication@66fcbe8
reloadAllAccessors: .MaximumComplex

===========================================================================================
----------------- testing Sun Sep 08 05:43:07 UTC 2019 /home/travis/build/icyphy/ptII/ptolemy/actor/lib/test/auto/MethodCallTest.xml
----------------- Instantiating /home/travis/build/icyphy/ptII/ptolemy/actor/lib/test/auto/MethodCallTest.xml
3 ms. Memory: 452608K Free: 233020K (51%)
----------------- Invoking toplevel() on ptolemy.moml.MoMLSimpleApplication@44d0f53f
----------------- Done invoking toplevel() on ptolemy.moml.MoMLSimpleApplication@44d0f53f
reloadAllAccessors: .MethodCallTest

===========================================================================================
----------------- testing Sun Sep 08 05:43:07 UTC 2019 /home/travis/build/icyphy/ptII/ptolemy/actor/lib/test/auto/Minimum.xml
----------------- Instantiating /home/travis/build/icyphy/ptII/ptolemy/actor/lib/test/auto/Minimum.xml
4 ms. Memory: 452608K Free: 226876K (50%)
----------------- Invoking toplevel() on ptolemy.moml.MoMLSimpleApplication@709f52b5
----------------- Done invoking toplevel() on ptolemy.moml.MoMLSimpleApplication@709f52b5
reloadAllAccessors: .Minimum

===========================================================================================
----------------- testing Sun Sep 08 05:43:07 UTC 2019 /home/travis/build/icyphy/ptII/ptolemy/actor/lib/test/auto/MinimumComplex.xml
----------------- Instantiating /home/travis/build/icyphy/ptII/ptolemy/actor/lib/test/auto/MinimumComplex.xml
5 ms. Memory: 452608K Free: 220732K (49%)
----------------- Invoking toplevel() on ptolemy.moml.MoMLSimpleApplication@5296efc4
----------------- Done invoking toplevel() on ptolemy.moml.MoMLSimpleApplication@5296efc4
reloadAllAccessors: .MinimumComplex

===========================================================================================
----------------- testing Sun Sep 08 05:43:07 UTC 2019 /home/travis/build/icyphy/ptII/ptolemy/actor/lib/test/auto/MinimumMultiports.xml
----------------- Instantiating /home/travis/build/icyphy/ptII/ptolemy/actor/lib/test/auto/MinimumMultiports.xml
7 ms. Memory: 452608K Free: 212012K (47%)
----------------- Invoking toplevel() on ptolemy.moml.MoMLSimpleApplication@68cb19e9
----------------- Done invoking toplevel() on ptolemy.moml.MoMLSimpleApplication@68cb19e9
reloadAllAccessors: .MinimumMultiports

===========================================================================================
----------------- testing Sun Sep 08 05:43:07 UTC 2019 /home/travis/build/icyphy/ptII/ptolemy/actor/lib/test/auto/ModifyDate.xml
----------------- Instantiating /home/travis/build/icyphy/ptII/ptolemy/actor/lib/test/auto/ModifyDate.xml
17 ms. Memory: 452608K Free: 199228K (44%)
----------------- Invoking toplevel() on ptolemy.moml.MoMLSimpleApplication@1c3fecdb
----------------- Done invoking toplevel() on ptolemy.moml.MoMLSimpleApplication@1c3fecdb
reloadAllAccessors: .ModifyDate

===========================================================================================
----------------- testing Sun Sep 08 05:43:07 UTC 2019 /home/travis/build/icyphy/ptII/ptolemy/actor/lib/test/auto/ModifyDate2.xml
----------------- Instantiating /home/travis/build/icyphy/ptII/ptolemy/actor/lib/test/auto/ModifyDate2.xml
16 ms. Memory: 452608K Free: 190522K (42%)
----------------- Invoking toplevel() on ptolemy.moml.MoMLSimpleApplication@3f10651
----------------- Done invoking toplevel() on ptolemy.moml.MoMLSimpleApplication@3f10651
reloadAllAccessors: .ModifyDate2

===========================================================================================
----------------- testing Sun Sep 08 05:43:07 UTC 2019 /home/travis/build/icyphy/ptII/ptolemy/actor/lib/test/auto/MovingAverage.xml
----------------- Instantiating /home/travis/build/icyphy/ptII/ptolemy/actor/lib/test/auto/MovingAverage.xml
2 ms. Memory: 452608K Free: 185916K (41%)
----------------- Invoking toplevel() on ptolemy.moml.MoMLSimpleApplication@6df62b8e
----------------- Done invoking toplevel() on ptolemy.moml.MoMLSimpleApplication@6df62b8e
reloadAllAccessors: .MovingAverage

===========================================================================================
----------------- testing Sun Sep 08 05:43:07 UTC 2019 /home/travis/build/icyphy/ptII/ptolemy/actor/lib/test/auto/MovingMaximum.xml
----------------- Instantiating /home/travis/build/icyphy/ptII/ptolemy/actor/lib/test/auto/MovingMaximum.xml
3 ms. Memory: 452608K Free: 181306K (40%)
----------------- Invoking toplevel() on ptolemy.moml.MoMLSimpleApplication@76bb240c
----------------- Done invoking toplevel() on ptolemy.moml.MoMLSimpleApplication@76bb240c
reloadAllAccessors: .MovingMaximum

===========================================================================================
----------------- testing Sun Sep 08 05:43:07 UTC 2019 /home/travis/build/icyphy/ptII/ptolemy/actor/lib/test/auto/MultipleLinksToSameRelation.xml
----------------- Instantiating /home/travis/build/icyphy/ptII/ptolemy/actor/lib/test/auto/MultipleLinksToSameRelation.xml
3 ms. Memory: 452608K Free: 177210K (39%)
----------------- Invoking toplevel() on ptolemy.moml.MoMLSimpleApplication@7b70589f
----------------- Done invoking toplevel() on ptolemy.moml.MoMLSimpleApplication@7b70589f
reloadAllAccessors: .MultipleLinksToSameRelation

===========================================================================================
----------------- testing Sun Sep 08 05:43:07 UTC 2019 /home/travis/build/icyphy/ptII/ptolemy/actor/lib/test/auto/MultipleLinksToSameRelationDE.xml
----------------- Instantiating /home/travis/build/icyphy/ptII/ptolemy/actor/lib/test/auto/MultipleLinksToSameRelationDE.xml
5 ms. Memory: 452608K Free: 172604K (38%)
----------------- Invoking toplevel() on ptolemy.moml.MoMLSimpleApplication@1ce50578
----------------- Done invoking toplevel() on ptolemy.moml.MoMLSimpleApplication@1ce50578
reloadAllAccessors: .MultipleLinksToSameRelationDE

===========================================================================================
----------------- testing Sun Sep 08 05:43:07 UTC 2019 /home/travis/build/icyphy/ptII/ptolemy/actor/lib/test/auto/Multiplexor.xml
----------------- Instantiating /home/travis/build/icyphy/ptII/ptolemy/actor/lib/test/auto/Multiplexor.xml
2 ms. Memory: 452608K Free: 166970K (37%)
----------------- Invoking toplevel() on ptolemy.moml.MoMLSimpleApplication@1dbbc7a7
----------------- Done invoking toplevel() on ptolemy.moml.MoMLSimpleApplication@1dbbc7a7
reloadAllAccessors: .Multiplexor

===========================================================================================
----------------- testing Sun Sep 08 05:43:07 UTC 2019 /home/travis/build/icyphy/ptII/ptolemy/actor/lib/test/auto/Multiplexor1.xml
----------------- Instantiating /home/travis/build/icyphy/ptII/ptolemy/actor/lib/test/auto/Multiplexor1.xml
3 ms. Memory: 452608K Free: 161844K (36%)
----------------- Invoking toplevel() on ptolemy.moml.MoMLSimpleApplication@2afb38
----------------- Done invoking toplevel() on ptolemy.moml.MoMLSimpleApplication@2afb38
reloadAllAccessors: .Multiplexor1

===========================================================================================
----------------- testing Sun Sep 08 05:43:07 UTC 2019 /home/travis/build/icyphy/ptII/ptolemy/actor/lib/test/auto/Multiplexor2.xml
----------------- Instantiating /home/travis/build/icyphy/ptII/ptolemy/actor/lib/test/auto/Multiplexor2.xml
3 ms. Memory: 452608K Free: 155196K (34%)
----------------- Invoking toplevel() on ptolemy.moml.MoMLSimpleApplication@43807762
----------------- Done invoking toplevel() on ptolemy.moml.MoMLSimpleApplication@43807762
reloadAllAccessors: .Multiplexor2

===========================================================================================
----------------- testing Sun Sep 08 05:43:07 UTC 2019 /home/travis/build/icyphy/ptII/ptolemy/actor/lib/test/auto/Multiplexor3.xml
----------------- Instantiating /home/travis/build/icyphy/ptII/ptolemy/actor/lib/test/auto/Multiplexor3.xml
3 ms. Memory: 452608K Free: 151100K (33%)
----------------- Invoking toplevel() on ptolemy.moml.MoMLSimpleApplication@30021a45
----------------- Done invoking toplevel() on ptolemy.moml.MoMLSimpleApplication@30021a45
reloadAllAccessors: .Multiplexor3

===========================================================================================
----------------- testing Sun Sep 08 05:43:07 UTC 2019 /home/travis/build/icyphy/ptII/ptolemy/actor/lib/test/auto/MultiplexorDE.xml
----------------- Instantiating /home/travis/build/icyphy/ptII/ptolemy/actor/lib/test/auto/MultiplexorDE.xml
4 ms. Memory: 452608K Free: 143404K (32%)
----------------- Invoking toplevel() on ptolemy.moml.MoMLSimpleApplication@152f3b50
----------------- Done invoking toplevel() on ptolemy.moml.MoMLSimpleApplication@152f3b50
reloadAllAccessors: .MultiplexorDE

===========================================================================================
----------------- testing Sun Sep 08 05:43:07 UTC 2019 /home/travis/build/icyphy/ptII/ptolemy/actor/lib/test/auto/MultiportBroadcastTest.xml
----------------- Instantiating /home/travis/build/icyphy/ptII/ptolemy/actor/lib/test/auto/MultiportBroadcastTest.xml
140 ms. Memory: 452608K Free: 402394K (89%)
----------------- Invoking toplevel() on ptolemy.moml.MoMLSimpleApplication@735a9b6
----------------- Done invoking toplevel() on ptolemy.moml.MoMLSimpleApplication@735a9b6
reloadAllAccessors: .MultiportBroadcastTest

===========================================================================================
----------------- testing Sun Sep 08 05:43:08 UTC 2019 /home/travis/build/icyphy/ptII/ptolemy/actor/lib/test/auto/MultiportOutHangDuringGetWidth.xml
----------------- Instantiating /home/travis/build/icyphy/ptII/ptolemy/actor/lib/test/auto/MultiportOutHangDuringGetWidth.xml
7 ms. Memory: 452608K Free: 389651K (86%)
----------------- Invoking toplevel() on ptolemy.moml.MoMLSimpleApplication@5649402
----------------- Done invoking toplevel() on ptolemy.moml.MoMLSimpleApplication@5649402
reloadAllAccessors: .MultiportOutHangDuringGetWidth

===========================================================================================
----------------- testing Sun Sep 08 05:43:08 UTC 2019 /home/travis/build/icyphy/ptII/ptolemy/actor/lib/test/auto/NilToken.xml
----------------- Instantiating /home/travis/build/icyphy/ptII/ptolemy/actor/lib/test/auto/NilToken.xml
1 ms. Memory: 452608K Free: 385555K (85%)
----------------- Invoking toplevel() on ptolemy.moml.MoMLSimpleApplication@47dc0759
----------------- Done invoking toplevel() on ptolemy.moml.MoMLSimpleApplication@47dc0759
reloadAllAccessors: .NilToken

===========================================================================================
----------------- testing Sun Sep 08 05:43:08 UTC 2019 /home/travis/build/icyphy/ptII/ptolemy/actor/lib/test/auto/NilTokenNonStrictTest.xml
----------------- Instantiating /home/travis/build/icyphy/ptII/ptolemy/actor/lib/test/auto/NilTokenNonStrictTest.xml
3 ms. Memory: 452608K Free: 380945K (84%)
----------------- Invoking toplevel() on ptolemy.moml.MoMLSimpleApplication@1059265
----------------- Done invoking toplevel() on ptolemy.moml.MoMLSimpleApplication@1059265
reloadAllAccessors: .NilTokenNonStrictTest

===========================================================================================
----------------- testing Sun Sep 08 05:43:08 UTC 2019 /home/travis/build/icyphy/ptII/ptolemy/actor/lib/test/auto/NilTokenRecord.xml
----------------- Instantiating /home/travis/build/icyphy/ptII/ptolemy/actor/lib/test/auto/NilTokenRecord.xml
7 ms. Memory: 452608K Free: 374801K (83%)
----------------- Invoking toplevel() on ptolemy.moml.MoMLSimpleApplication@7a030dee
----------------- Done invoking toplevel() on ptolemy.moml.MoMLSimpleApplication@7a030dee
reloadAllAccessors: .NilTokenRecord

===========================================================================================
----------------- testing Sun Sep 08 05:43:08 UTC 2019 /home/travis/build/icyphy/ptII/ptolemy/actor/lib/test/auto/NilTokenTypeTest.xml
----------------- Instantiating /home/travis/build/icyphy/ptII/ptolemy/actor/lib/test/auto/NilTokenTypeTest.xml
14 ms. Memory: 452608K Free: 365075K (81%)
----------------- Invoking toplevel() on ptolemy.moml.MoMLSimpleApplication@c35d57d
----------------- Done invoking toplevel() on ptolemy.moml.MoMLSimpleApplication@c35d57d
reloadAllAccessors: .NilTokenTypeTest

===========================================================================================
----------------- testing Sun Sep 08 05:43:08 UTC 2019 /home/travis/build/icyphy/ptII/ptolemy/actor/lib/test/auto/ObjectToken1.xml
----------------- Instantiating /home/travis/build/icyphy/ptII/ptolemy/actor/lib/test/auto/ObjectToken1.xml
3 ms. Memory: 452608K Free: 360979K (80%)
----------------- Invoking toplevel() on ptolemy.moml.MoMLSimpleApplication@7effa6ab
----------------- Done invoking toplevel() on ptolemy.moml.MoMLSimpleApplication@7effa6ab
reloadAllAccessors: .ObjectToken1

===========================================================================================
----------------- testing Sun Sep 08 05:43:08 UTC 2019 /home/travis/build/icyphy/ptII/ptolemy/actor/lib/test/auto/OrderedMerge.xml
----------------- Instantiating /home/travis/build/icyphy/ptII/ptolemy/actor/lib/test/auto/OrderedMerge.xml
9 ms. Memory: 452608K Free: 355345K (79%)
----------------- Invoking toplevel() on ptolemy.moml.MoMLSimpleApplication@3ab4c2bb
----------------- Done invoking toplevel() on ptolemy.moml.MoMLSimpleApplication@3ab4c2bb
reloadAllAccessors: .OrderedMerge

===========================================================================================
----------------- testing Sun Sep 08 05:43:08 UTC 2019 /home/travis/build/icyphy/ptII/ptolemy/actor/lib/test/auto/OrderedRecordDisassembler.xml
----------------- Instantiating /home/travis/build/icyphy/ptII/ptolemy/actor/lib/test/auto/OrderedRecordDisassembler.xml
9 ms. Memory: 452608K Free: 350219K (77%)
----------------- Invoking toplevel() on ptolemy.moml.MoMLSimpleApplication@77712ea0
----------------- Done invoking toplevel() on ptolemy.moml.MoMLSimpleApplication@77712ea0
reloadAllAccessors: .OrderedRecordDisassembler

===========================================================================================
----------------- testing Sun Sep 08 05:43:08 UTC 2019 /home/travis/build/icyphy/ptII/ptolemy/actor/lib/test/auto/OrderedRecordDisassembler2.xml
----------------- Instantiating /home/travis/build/icyphy/ptII/ptolemy/actor/lib/test/auto/OrderedRecordDisassembler2.xml
5 ms. Memory: 452608K Free: 342547K (76%)
----------------- Invoking toplevel() on ptolemy.moml.MoMLSimpleApplication@33d4b8ad
----------------- Done invoking toplevel() on ptolemy.moml.MoMLSimpleApplication@33d4b8ad
reloadAllAccessors: .OrderedRecordDisassembler2

===========================================================================================
----------------- testing Sun Sep 08 05:43:08 UTC 2019 /home/travis/build/icyphy/ptII/ptolemy/actor/lib/test/auto/OrderedRecordUpdater.xml
----------------- Instantiating /home/travis/build/icyphy/ptII/ptolemy/actor/lib/test/auto/OrderedRecordUpdater.xml
2 ms. Memory: 452608K Free: 337937K (75%)
----------------- Invoking toplevel() on ptolemy.moml.MoMLSimpleApplication@2fd99b60
----------------- Done invoking toplevel() on ptolemy.moml.MoMLSimpleApplication@2fd99b60
reloadAllAccessors: .RecordUpdater

===========================================================================================
----------------- testing Sun Sep 08 05:43:08 UTC 2019 /home/travis/build/icyphy/ptII/ptolemy/actor/lib/test/auto/OrderedRecordUpdater2.xml
----------------- Instantiating /home/travis/build/icyphy/ptII/ptolemy/actor/lib/test/auto/OrderedRecordUpdater2.xml
3 ms. Memory: 452608K Free: 332817K (74%)
----------------- Invoking toplevel() on ptolemy.moml.MoMLSimpleApplication@444fdd72
----------------- Done invoking toplevel() on ptolemy.moml.MoMLSimpleApplication@444fdd72
reloadAllAccessors: .RecordUpdater2

===========================================================================================
----------------- testing Sun Sep 08 05:43:08 UTC 2019 /home/travis/build/icyphy/ptII/ptolemy/actor/lib/test/auto/PhaseUnwrap.xml
----------------- Instantiating /home/travis/build/icyphy/ptII/ptolemy/actor/lib/test/auto/PhaseUnwrap.xml
2 ms. Memory: 452608K Free: 328211K (73%)
----------------- Invoking toplevel() on ptolemy.moml.MoMLSimpleApplication@54dfeba5
----------------- Done invoking toplevel() on ptolemy.moml.MoMLSimpleApplication@54dfeba5
reloadAllAccessors: .PhaseUnwrap

===========================================================================================
----------------- testing Sun Sep 08 05:43:08 UTC 2019 /home/travis/build/icyphy/ptII/ptolemy/actor/lib/test/auto/PoissonClock.xml
----------------- Instantiating /home/travis/build/icyphy/ptII/ptolemy/actor/lib/test/auto/PoissonClock.xml
2 ms. Memory: 452608K Free: 324115K (72%)
----------------- Invoking toplevel() on ptolemy.moml.MoMLSimpleApplication@1a1e3e6a
----------------- Done invoking toplevel() on ptolemy.moml.MoMLSimpleApplication@1a1e3e6a
reloadAllAccessors: .PoissonClock

===========================================================================================
----------------- testing Sun Sep 08 05:43:08 UTC 2019 /home/travis/build/icyphy/ptII/ptolemy/actor/lib/test/auto/PoissonClock2.xml
----------------- Instantiating /home/travis/build/icyphy/ptII/ptolemy/actor/lib/test/auto/PoissonClock2.xml
2 ms. Memory: 452608K Free: 319505K (71%)
----------------- Invoking toplevel() on ptolemy.moml.MoMLSimpleApplication@4b9170d8
----------------- Done invoking toplevel() on ptolemy.moml.MoMLSimpleApplication@4b9170d8
reloadAllAccessors: .PoissonClock2

===========================================================================================
----------------- testing Sun Sep 08 05:43:08 UTC 2019 /home/travis/build/icyphy/ptII/ptolemy/actor/lib/test/auto/PoissonClock3.xml
----------------- Instantiating /home/travis/build/icyphy/ptII/ptolemy/actor/lib/test/auto/PoissonClock3.xml
2 ms. Memory: 452608K Free: 314899K (70%)
----------------- Invoking toplevel() on ptolemy.moml.MoMLSimpleApplication@40aefc0f
----------------- Done invoking toplevel() on ptolemy.moml.MoMLSimpleApplication@40aefc0f
reloadAllAccessors: .PoissonClock3

===========================================================================================
----------------- testing Sun Sep 08 05:43:08 UTC 2019 /home/travis/build/icyphy/ptII/ptolemy/actor/lib/test/auto/PubSubWithInitialTokens.xml
----------------- Instantiating /home/travis/build/icyphy/ptII/ptolemy/actor/lib/test/auto/PubSubWithInitialTokens.xml
3 ms. Memory: 452608K Free: 309235K (68%)
----------------- Invoking toplevel() on ptolemy.moml.MoMLSimpleApplication@b4782a
----------------- Done invoking toplevel() on ptolemy.moml.MoMLSimpleApplication@b4782a
reloadAllAccessors: .PubSubWithInitialTokens

===========================================================================================
----------------- testing Sun Sep 08 05:43:08 UTC 2019 /home/travis/build/icyphy/ptII/ptolemy/actor/lib/test/auto/PubSubWithInitialTokens2.xml
----------------- Instantiating /home/travis/build/icyphy/ptII/ptolemy/actor/lib/test/auto/PubSubWithInitialTokens2.xml
3 ms. Memory: 452608K Free: 303115K (67%)
----------------- Invoking toplevel() on ptolemy.moml.MoMLSimpleApplication@8c751cb
----------------- Done invoking toplevel() on ptolemy.moml.MoMLSimpleApplication@8c751cb
reloadAllAccessors: .PubSubWithInitialTokens2

===========================================================================================
----------------- testing Sun Sep 08 05:43:08 UTC 2019 /home/travis/build/icyphy/ptII/ptolemy/actor/lib/test/auto/PublisherClassNoParameter.xml
----------------- Instantiating /home/travis/build/icyphy/ptII/ptolemy/actor/lib/test/auto/PublisherClassNoParameter.xml
4 ms. Memory: 452608K Free: 293891K (65%)
----------------- Invoking toplevel() on ptolemy.moml.MoMLSimpleApplication@f5b1b56
----------------- Done invoking toplevel() on ptolemy.moml.MoMLSimpleApplication@f5b1b56
reloadAllAccessors: .PublisherClassNoParameter

===========================================================================================
----------------- testing Sun Sep 08 05:43:08 UTC 2019 /home/travis/build/icyphy/ptII/ptolemy/actor/lib/test/auto/PublisherClassParameter.xml
----------------- Instantiating /home/travis/build/icyphy/ptII/ptolemy/actor/lib/test/auto/PublisherClassParameter.xml
3 ms. Memory: 452608K Free: 283155K (63%)
----------------- Invoking toplevel() on ptolemy.moml.MoMLSimpleApplication@51519b8c
----------------- Done invoking toplevel() on ptolemy.moml.MoMLSimpleApplication@51519b8c
reloadAllAccessors: .PublisherClassParameter

===========================================================================================
----------------- testing Sun Sep 08 05:43:08 UTC 2019 /home/travis/build/icyphy/ptII/ptolemy/actor/lib/test/auto/PublisherNonStrictTest.xml
----------------- Instantiating /home/travis/build/icyphy/ptII/ptolemy/actor/lib/test/auto/PublisherNonStrictTest.xml
4 ms. Memory: 452608K Free: 275467K (61%)
----------------- Invoking toplevel() on ptolemy.moml.MoMLSimpleApplication@40491366
----------------- Done invoking toplevel() on ptolemy.moml.MoMLSimpleApplication@40491366
reloadAllAccessors: .PublisherNonStrictTest

===========================================================================================
----------------- testing Sun Sep 08 05:43:08 UTC 2019 /home/travis/build/icyphy/ptII/ptolemy/actor/lib/test/auto/PublisherPort1.xml
----------------- Instantiating /home/travis/build/icyphy/ptII/ptolemy/actor/lib/test/auto/PublisherPort1.xml
3 ms. Memory: 452608K Free: 269843K (60%)
----------------- Invoking toplevel() on ptolemy.moml.MoMLSimpleApplication@556aeb14
----------------- Done invoking toplevel() on ptolemy.moml.MoMLSimpleApplication@556aeb14
reloadAllAccessors: .PublisherPort1

===========================================================================================
----------------- testing Sun Sep 08 05:43:08 UTC 2019 /home/travis/build/icyphy/ptII/ptolemy/actor/lib/test/auto/PublisherPort2.xml
----------------- Instantiating /home/travis/build/icyphy/ptII/ptolemy/actor/lib/test/auto/PublisherPort2.xml
2 ms. Memory: 452608K Free: 264723K (58%)
----------------- Invoking toplevel() on ptolemy.moml.MoMLSimpleApplication@3822c611
----------------- Done invoking toplevel() on ptolemy.moml.MoMLSimpleApplication@3822c611
reloadAllAccessors: .PublisherPort2

===========================================================================================
----------------- testing Sun Sep 08 05:43:08 UTC 2019 /home/travis/build/icyphy/ptII/ptolemy/actor/lib/test/auto/PublisherPort3.xml
----------------- Instantiating /home/travis/build/icyphy/ptII/ptolemy/actor/lib/test/auto/PublisherPort3.xml
15 ms. Memory: 452608K Free: 258035K (57%)
----------------- Invoking toplevel() on ptolemy.moml.MoMLSimpleApplication@5d7102cf
----------------- Done invoking toplevel() on ptolemy.moml.MoMLSimpleApplication@5d7102cf
reloadAllAccessors: .PublisherPort3

===========================================================================================
----------------- testing Sun Sep 08 05:43:08 UTC 2019 /home/travis/build/icyphy/ptII/ptolemy/actor/lib/test/auto/PublisherPort4.xml
----------------- Instantiating /home/travis/build/icyphy/ptII/ptolemy/actor/lib/test/auto/PublisherPort4.xml
3 ms. Memory: 452608K Free: 252435K (56%)
----------------- Invoking toplevel() on ptolemy.moml.MoMLSimpleApplication@7fd817ef
----------------- Done invoking toplevel() on ptolemy.moml.MoMLSimpleApplication@7fd817ef
reloadAllAccessors: .PublisherPort4

===========================================================================================
----------------- testing Sun Sep 08 05:43:08 UTC 2019 /home/travis/build/icyphy/ptII/ptolemy/actor/lib/test/auto/PublisherPort5.xml
----------------- Instantiating /home/travis/build/icyphy/ptII/ptolemy/actor/lib/test/auto/PublisherPort5.xml
5 ms. Memory: 452608K Free: 244753K (54%)
----------------- Invoking toplevel() on ptolemy.moml.MoMLSimpleApplication@34054129
----------------- Done invoking toplevel() on ptolemy.moml.MoMLSimpleApplication@34054129
reloadAllAccessors: .PublisherPort5

===========================================================================================
----------------- testing Sun Sep 08 05:43:08 UTC 2019 /home/travis/build/icyphy/ptII/ptolemy/actor/lib/test/auto/PublisherPort5LookAlike.xml
----------------- Instantiating /home/travis/build/icyphy/ptII/ptolemy/actor/lib/test/auto/PublisherPort5LookAlike.xml
10 ms. Memory: 452608K Free: 237075K (52%)
----------------- Invoking toplevel() on ptolemy.moml.MoMLSimpleApplication@76a107ed
----------------- Done invoking toplevel() on ptolemy.moml.MoMLSimpleApplication@76a107ed
reloadAllAccessors: .PublisherPort5LookAlike

===========================================================================================
----------------- testing Sun Sep 08 05:43:08 UTC 2019 /home/travis/build/icyphy/ptII/ptolemy/actor/lib/test/auto/PublisherPort6.xml
----------------- Instantiating /home/travis/build/icyphy/ptII/ptolemy/actor/lib/test/auto/PublisherPort6.xml
3 ms. Memory: 452608K Free: 230931K (51%)
----------------- Invoking toplevel() on ptolemy.moml.MoMLSimpleApplication@43a5d5b1
----------------- Done invoking toplevel() on ptolemy.moml.MoMLSimpleApplication@43a5d5b1
reloadAllAccessors: .PublisherPort6

===========================================================================================
----------------- testing Sun Sep 08 05:43:08 UTC 2019 /home/travis/build/icyphy/ptII/ptolemy/actor/lib/test/auto/PublisherPort7.xml
----------------- Instantiating /home/travis/build/icyphy/ptII/ptolemy/actor/lib/test/auto/PublisherPort7.xml
4 ms. Memory: 452608K Free: 223249K (49%)
----------------- Invoking toplevel() on ptolemy.moml.MoMLSimpleApplication@53bf4f09
----------------- Done invoking toplevel() on ptolemy.moml.MoMLSimpleApplication@53bf4f09
reloadAllAccessors: .PublisherPort7

===========================================================================================
----------------- testing Sun Sep 08 05:43:08 UTC 2019 /home/travis/build/icyphy/ptII/ptolemy/actor/lib/test/auto/PublisherPort8.xml
----------------- Instantiating /home/travis/build/icyphy/ptII/ptolemy/actor/lib/test/auto/PublisherPort8.xml
5 ms. Memory: 452608K Free: 214547K (47%)
----------------- Invoking toplevel() on ptolemy.moml.MoMLSimpleApplication@303a6d46
----------------- Done invoking toplevel() on ptolemy.moml.MoMLSimpleApplication@303a6d46
reloadAllAccessors: .PublisherPort8

===========================================================================================
----------------- testing Sun Sep 08 05:43:08 UTC 2019 /home/travis/build/icyphy/ptII/ptolemy/actor/lib/test/auto/PublisherPortSubscriberChannelVariablesAOC2.xml
----------------- Instantiating /home/travis/build/icyphy/ptII/ptolemy/actor/lib/test/auto/PublisherPortSubscriberChannelVariablesAOC2.xml
3 ms. Memory: 452608K Free: 197649K (44%)
----------------- Invoking toplevel() on ptolemy.moml.MoMLSimpleApplication@67652927
----------------- Done invoking toplevel() on ptolemy.moml.MoMLSimpleApplication@67652927
reloadAllAccessors: .PublisherPortSubscriberChannelVariablesAOC2

===========================================================================================
----------------- testing Sun Sep 08 05:43:08 UTC 2019 /home/travis/build/icyphy/ptII/ptolemy/actor/lib/test/auto/PublisherPortSubscriberOpaqueWidthInference.xml
----------------- Instantiating /home/travis/build/icyphy/ptII/ptolemy/actor/lib/test/auto/PublisherPortSubscriberOpaqueWidthInference.xml
16 ms. Memory: 452608K Free: 189443K (42%)
----------------- Invoking toplevel() on ptolemy.moml.MoMLSimpleApplication@752f42b7
----------------- Done invoking toplevel() on ptolemy.moml.MoMLSimpleApplication@752f42b7
reloadAllAccessors: .PublisherPortSubscriberOpaqueWidthInference

===========================================================================================
----------------- testing Sun Sep 08 05:43:08 UTC 2019 /home/travis/build/icyphy/ptII/ptolemy/actor/lib/test/auto/PublisherPortSubscriberPortAdjacent.xml
----------------- Instantiating /home/travis/build/icyphy/ptII/ptolemy/actor/lib/test/auto/PublisherPortSubscriberPortAdjacent.xml
2 ms. Memory: 452608K Free: 181265K (40%)
----------------- Invoking toplevel() on ptolemy.moml.MoMLSimpleApplication@6f56729d
----------------- Done invoking toplevel() on ptolemy.moml.MoMLSimpleApplication@6f56729d
reloadAllAccessors: .PublisherPortSubscriberPortAdjacent

===========================================================================================
----------------- testing Sun Sep 08 05:43:08 UTC 2019 /home/travis/build/icyphy/ptII/ptolemy/actor/lib/test/auto/PublisherPortSubscriberPortExpression.xml
----------------- Instantiating /home/travis/build/icyphy/ptII/ptolemy/actor/lib/test/auto/PublisherPortSubscriberPortExpression.xml
5 ms. Memory: 452608K Free: 173587K (38%)
----------------- Invoking toplevel() on ptolemy.moml.MoMLSimpleApplication@4e21487a
----------------- Done invoking toplevel() on ptolemy.moml.MoMLSimpleApplication@4e21487a
reloadAllAccessors: .PublisherPortSubscriberPortExpression

===========================================================================================
----------------- testing Sun Sep 08 05:43:08 UTC 2019 /home/travis/build/icyphy/ptII/ptolemy/actor/lib/test/auto/PublisherPortSubscriberPortOpaqueD3Reverse.xml
----------------- Instantiating /home/travis/build/icyphy/ptII/ptolemy/actor/lib/test/auto/PublisherPortSubscriberPortOpaqueD3Reverse.xml
8 ms. Memory: 452608K Free: 163347K (36%)
----------------- Invoking toplevel() on ptolemy.moml.MoMLSimpleApplication@2c5ccf5e
----------------- Done invoking toplevel() on ptolemy.moml.MoMLSimpleApplication@2c5ccf5e
reloadAllAccessors: .PublisherPortSubscriberPortOpaqueD3Reverse

===========================================================================================
----------------- testing Sun Sep 08 05:43:08 UTC 2019 /home/travis/build/icyphy/ptII/ptolemy/actor/lib/test/auto/PublisherPortSubscriberPortOpaqueWidthInference.xml
----------------- Instantiating /home/travis/build/icyphy/ptII/ptolemy/actor/lib/test/auto/PublisherPortSubscriberPortOpaqueWidthInference.xml
4 ms. Memory: 452608K Free: 155651K (34%)
----------------- Invoking toplevel() on ptolemy.moml.MoMLSimpleApplication@340beba5
----------------- Done invoking toplevel() on ptolemy.moml.MoMLSimpleApplication@340beba5
reloadAllAccessors: .PublisherPortSubscriberPortOpaqueWidthInference

===========================================================================================
----------------- testing Sun Sep 08 05:43:08 UTC 2019 /home/travis/build/icyphy/ptII/ptolemy/actor/lib/test/auto/PublisherPortToplevelSubscriberPortAOC.xml
----------------- Instantiating /home/travis/build/icyphy/ptII/ptolemy/actor/lib/test/auto/PublisherPortToplevelSubscriberPortAOC.xml
.PublisherPortToplevelSubscriberPortAOC.TestExceptionAttribute: initialize() was not invoked, but wrapup() was.  This is unusual, but not always a problem.  For example, exporting JNLP will do this.
1 ms. Memory: 452608K Free: 150035K (33%)
----------------- Invoking toplevel() on ptolemy.moml.MoMLSimpleApplication@7af4ab19
----------------- Done invoking toplevel() on ptolemy.moml.MoMLSimpleApplication@7af4ab19
reloadAllAccessors: .PublisherPortToplevelSubscriberPortAOC

===========================================================================================
----------------- testing Sun Sep 08 05:43:08 UTC 2019 /home/travis/build/icyphy/ptII/ptolemy/actor/lib/test/auto/PublisherSubscriber.xml
----------------- Instantiating /home/travis/build/icyphy/ptII/ptolemy/actor/lib/test/auto/PublisherSubscriber.xml
4 ms. Memory: 452608K Free: 142867K (32%)
----------------- Invoking toplevel() on ptolemy.moml.MoMLSimpleApplication@34f35711
----------------- Done invoking toplevel() on ptolemy.moml.MoMLSimpleApplication@34f35711
reloadAllAccessors: .PublisherSubscriber

===========================================================================================
----------------- testing Sun Sep 08 05:43:09 UTC 2019 /home/travis/build/icyphy/ptII/ptolemy/actor/lib/test/auto/PublisherSubscriber10.xml
----------------- Instantiating /home/travis/build/icyphy/ptII/ptolemy/actor/lib/test/auto/PublisherSubscriber10.xml
9 ms. Memory: 452608K Free: 398049K (88%)
----------------- Invoking toplevel() on ptolemy.moml.MoMLSimpleApplication@5f9eb99b
----------------- Done invoking toplevel() on ptolemy.moml.MoMLSimpleApplication@5f9eb99b
reloadAllAccessors: .PublisherSubscriber10

===========================================================================================
----------------- testing Sun Sep 08 05:43:09 UTC 2019 /home/travis/build/icyphy/ptII/ptolemy/actor/lib/test/auto/PublisherSubscriber10InitialOutputs.xml
----------------- Instantiating /home/travis/build/icyphy/ptII/ptolemy/actor/lib/test/auto/PublisherSubscriber10InitialOutputs.xml
14 ms. Memory: 452608K Free: 388833K (86%)
----------------- Invoking toplevel() on ptolemy.moml.MoMLSimpleApplication@5da4057d
----------------- Done invoking toplevel() on ptolemy.moml.MoMLSimpleApplication@5da4057d
reloadAllAccessors: .PublisherSubscriber10InitialOutputs

===========================================================================================
----------------- testing Sun Sep 08 05:43:09 UTC 2019 /home/travis/build/icyphy/ptII/ptolemy/actor/lib/test/auto/PublisherSubscriber11.xml
----------------- Instantiating /home/travis/build/icyphy/ptII/ptolemy/actor/lib/test/auto/PublisherSubscriber11.xml
5 ms. Memory: 452608K Free: 382675K (85%)
----------------- Invoking toplevel() on ptolemy.moml.MoMLSimpleApplication@4138b464
----------------- Done invoking toplevel() on ptolemy.moml.MoMLSimpleApplication@4138b464
reloadAllAccessors: .PublisherSubscriber11

===========================================================================================
----------------- testing Sun Sep 08 05:43:09 UTC 2019 /home/travis/build/icyphy/ptII/ptolemy/actor/lib/test/auto/PublisherSubscriber12.xml
----------------- Instantiating /home/travis/build/icyphy/ptII/ptolemy/actor/lib/test/auto/PublisherSubscriber12.xml
7 ms. Memory: 452608K Free: 375521K (83%)
----------------- Invoking toplevel() on ptolemy.moml.MoMLSimpleApplication@742f4de4
----------------- Done invoking toplevel() on ptolemy.moml.MoMLSimpleApplication@742f4de4
reloadAllAccessors: .PublisherSubscriber12

===========================================================================================
----------------- testing Sun Sep 08 05:43:09 UTC 2019 /home/travis/build/icyphy/ptII/ptolemy/actor/lib/test/auto/PublisherSubscriber13.xml
----------------- Instantiating /home/travis/build/icyphy/ptII/ptolemy/actor/lib/test/auto/PublisherSubscriber13.xml
3 ms. Memory: 452608K Free: 369891K (82%)
----------------- Invoking toplevel() on ptolemy.moml.MoMLSimpleApplication@724caf95
----------------- Done invoking toplevel() on ptolemy.moml.MoMLSimpleApplication@724caf95
reloadAllAccessors: .PublisherSubscriber13

===========================================================================================
----------------- testing Sun Sep 08 05:43:09 UTC 2019 /home/travis/build/icyphy/ptII/ptolemy/actor/lib/test/auto/PublisherSubscriber14.xml
----------------- Instantiating /home/travis/build/icyphy/ptII/ptolemy/actor/lib/test/auto/PublisherSubscriber14.xml
2 ms. Memory: 452608K Free: 361185K (80%)
----------------- Invoking toplevel() on ptolemy.moml.MoMLSimpleApplication@6385330f
----------------- Done invoking toplevel() on ptolemy.moml.MoMLSimpleApplication@6385330f
reloadAllAccessors: .PublisherSubscriber14

===========================================================================================
----------------- testing Sun Sep 08 05:43:09 UTC 2019 /home/travis/build/icyphy/ptII/ptolemy/actor/lib/test/auto/PublisherSubscriber2.xml
----------------- Instantiating /home/travis/build/icyphy/ptII/ptolemy/actor/lib/test/auto/PublisherSubscriber2.xml
4 ms. Memory: 452608K Free: 355555K (79%)
----------------- Invoking toplevel() on ptolemy.moml.MoMLSimpleApplication@7c1bdbf5
----------------- Done invoking toplevel() on ptolemy.moml.MoMLSimpleApplication@7c1bdbf5
reloadAllAccessors: .PublisherSubscriber2

===========================================================================================
----------------- testing Sun Sep 08 05:43:09 UTC 2019 /home/travis/build/icyphy/ptII/ptolemy/actor/lib/test/auto/PublisherSubscriber3.xml
----------------- Instantiating /home/travis/build/icyphy/ptII/ptolemy/actor/lib/test/auto/PublisherSubscriber3.xml
2 ms. Memory: 452608K Free: 349891K (77%)
----------------- Invoking toplevel() on ptolemy.moml.MoMLSimpleApplication@66f854d1
----------------- Done invoking toplevel() on ptolemy.moml.MoMLSimpleApplication@66f854d1
reloadAllAccessors: .PublisherSubscriber3

===========================================================================================
----------------- testing Sun Sep 08 05:43:09 UTC 2019 /home/travis/build/icyphy/ptII/ptolemy/actor/lib/test/auto/PublisherSubscriber4.xml
----------------- Instantiating /home/travis/build/icyphy/ptII/ptolemy/actor/lib/test/auto/PublisherSubscriber4.xml
2 ms. Memory: 452608K Free: 344771K (76%)
----------------- Invoking toplevel() on ptolemy.moml.MoMLSimpleApplication@2c7c0520
----------------- Done invoking toplevel() on ptolemy.moml.MoMLSimpleApplication@2c7c0520
reloadAllAccessors: .PublisherSubscriber4

===========================================================================================
----------------- testing Sun Sep 08 05:43:09 UTC 2019 /home/travis/build/icyphy/ptII/ptolemy/actor/lib/test/auto/PublisherSubscriber5.xml
----------------- Instantiating /home/travis/build/icyphy/ptII/ptolemy/actor/lib/test/auto/PublisherSubscriber5.xml
2 ms. Memory: 452608K Free: 338147K (75%)
----------------- Invoking toplevel() on ptolemy.moml.MoMLSimpleApplication@4168cf88
----------------- Done invoking toplevel() on ptolemy.moml.MoMLSimpleApplication@4168cf88
reloadAllAccessors: .PublisherSubscriber5

===========================================================================================
----------------- testing Sun Sep 08 05:43:09 UTC 2019 /home/travis/build/icyphy/ptII/ptolemy/actor/lib/test/auto/PublisherSubscriber6.xml
----------------- Instantiating /home/travis/build/icyphy/ptII/ptolemy/actor/lib/test/auto/PublisherSubscriber6.xml
4 ms. Memory: 452608K Free: 331489K (73%)
----------------- Invoking toplevel() on ptolemy.moml.MoMLSimpleApplication@c4adf4c
----------------- Done invoking toplevel() on ptolemy.moml.MoMLSimpleApplication@c4adf4c
reloadAllAccessors: .PublisherSubscriber6

===========================================================================================
----------------- testing Sun Sep 08 05:43:09 UTC 2019 /home/travis/build/icyphy/ptII/ptolemy/actor/lib/test/auto/PublisherSubscriber7.xml
----------------- Instantiating /home/travis/build/icyphy/ptII/ptolemy/actor/lib/test/auto/PublisherSubscriber7.xml
11 ms. Memory: 452608K Free: 324835K (72%)
----------------- Invoking toplevel() on ptolemy.moml.MoMLSimpleApplication@5ffaebad
----------------- Done invoking toplevel() on ptolemy.moml.MoMLSimpleApplication@5ffaebad
reloadAllAccessors: .PublisherSubscriber7

===========================================================================================
----------------- testing Sun Sep 08 05:43:09 UTC 2019 /home/travis/build/icyphy/ptII/ptolemy/actor/lib/test/auto/PublisherSubscriber8.xml
----------------- Instantiating /home/travis/build/icyphy/ptII/ptolemy/actor/lib/test/auto/PublisherSubscriber8.xml
24 ms. Memory: 452608K Free: 313057K (69%)
----------------- Invoking toplevel() on ptolemy.moml.MoMLSimpleApplication@198248b3
----------------- Done invoking toplevel() on ptolemy.moml.MoMLSimpleApplication@198248b3
reloadAllAccessors: .PublisherSubscriber8

===========================================================================================
----------------- testing Sun Sep 08 05:43:09 UTC 2019 /home/travis/build/icyphy/ptII/ptolemy/actor/lib/test/auto/PublisherSubscriber9.xml
----------------- Instantiating /home/travis/build/icyphy/ptII/ptolemy/actor/lib/test/auto/PublisherSubscriber9.xml
3 ms. Memory: 452608K Free: 305889K (68%)
----------------- Invoking toplevel() on ptolemy.moml.MoMLSimpleApplication@279390a8
----------------- Done invoking toplevel() on ptolemy.moml.MoMLSimpleApplication@279390a8
reloadAllAccessors: .PublisherSubscriber9

===========================================================================================
----------------- testing Sun Sep 08 05:43:09 UTC 2019 /home/travis/build/icyphy/ptII/ptolemy/actor/lib/test/auto/PublisherSubscriberAdjacent.xml
----------------- Instantiating /home/travis/build/icyphy/ptII/ptolemy/actor/lib/test/auto/PublisherSubscriberAdjacent.xml
2 ms. Memory: 452608K Free: 297697K (66%)
----------------- Invoking toplevel() on ptolemy.moml.MoMLSimpleApplication@6b1b5e3a
----------------- Done invoking toplevel() on ptolemy.moml.MoMLSimpleApplication@6b1b5e3a
reloadAllAccessors: .PublisherSubscriberAdjacent

===========================================================================================
----------------- testing Sun Sep 08 05:43:09 UTC 2019 /home/travis/build/icyphy/ptII/ptolemy/actor/lib/test/auto/PublisherSubscriberChannelVariablesAOC2.xml
----------------- Instantiating /home/travis/build/icyphy/ptII/ptolemy/actor/lib/test/auto/PublisherSubscriberChannelVariablesAOC2.xml
3 ms. Memory: 452608K Free: 282851K (62%)
----------------- Invoking toplevel() on ptolemy.moml.MoMLSimpleApplication@6c90fe6
----------------- Done invoking toplevel() on ptolemy.moml.MoMLSimpleApplication@6c90fe6
reloadAllAccessors: .PublisherSubscriberChannelVariablesAOC2

===========================================================================================
----------------- testing Sun Sep 08 05:43:09 UTC 2019 /home/travis/build/icyphy/ptII/ptolemy/actor/lib/test/auto/PublisherSubscriberD3.xml
----------------- Instantiating /home/travis/build/icyphy/ptII/ptolemy/actor/lib/test/auto/PublisherSubscriberD3.xml
2 ms. Memory: 452608K Free: 275683K (61%)
----------------- Invoking toplevel() on ptolemy.moml.MoMLSimpleApplication@61d9286c
----------------- Done invoking toplevel() on ptolemy.moml.MoMLSimpleApplication@61d9286c
reloadAllAccessors: .PublisherSubscriberD3

===========================================================================================
----------------- testing Sun Sep 08 05:43:09 UTC 2019 /home/travis/build/icyphy/ptII/ptolemy/actor/lib/test/auto/PublisherSubscriberD3Reverse.xml
----------------- Instantiating /home/travis/build/icyphy/ptII/ptolemy/actor/lib/test/auto/PublisherSubscriberD3Reverse.xml
2 ms. Memory: 452608K Free: 269539K (60%)
----------------- Invoking toplevel() on ptolemy.moml.MoMLSimpleApplication@3d9e4af6
----------------- Done invoking toplevel() on ptolemy.moml.MoMLSimpleApplication@3d9e4af6
reloadAllAccessors: .PublisherSubscriberD3Reverse

===========================================================================================
----------------- testing Sun Sep 08 05:43:09 UTC 2019 /home/travis/build/icyphy/ptII/ptolemy/actor/lib/test/auto/PublisherSubscriberExpression.xml
----------------- Instantiating /home/travis/build/icyphy/ptII/ptolemy/actor/lib/test/auto/PublisherSubscriberExpression.xml
5 ms. Memory: 452608K Free: 260819K (58%)
----------------- Invoking toplevel() on ptolemy.moml.MoMLSimpleApplication@42d03f06
----------------- Done invoking toplevel() on ptolemy.moml.MoMLSimpleApplication@42d03f06
reloadAllAccessors: .PublisherSubscriberExpression

===========================================================================================
----------------- testing Sun Sep 08 05:43:09 UTC 2019 /home/travis/build/icyphy/ptII/ptolemy/actor/lib/test/auto/PublisherSubscriberOpaque.xml
----------------- Instantiating /home/travis/build/icyphy/ptII/ptolemy/actor/lib/test/auto/PublisherSubscriberOpaque.xml
6 ms. Memory: 452608K Free: 252641K (56%)
----------------- Invoking toplevel() on ptolemy.moml.MoMLSimpleApplication@457306ef
----------------- Done invoking toplevel() on ptolemy.moml.MoMLSimpleApplication@457306ef
reloadAllAccessors: .PublisherSubscriberOpaque

===========================================================================================
----------------- testing Sun Sep 08 05:43:09 UTC 2019 /home/travis/build/icyphy/ptII/ptolemy/actor/lib/test/auto/PublisherSubscriberOpaqueD3.xml
----------------- Instantiating /home/travis/build/icyphy/ptII/ptolemy/actor/lib/test/auto/PublisherSubscriberOpaqueD3.xml
6 ms. Memory: 452608K Free: 241377K (53%)
----------------- Invoking toplevel() on ptolemy.moml.MoMLSimpleApplication@6a8087cf
----------------- Done invoking toplevel() on ptolemy.moml.MoMLSimpleApplication@6a8087cf
reloadAllAccessors: .PublisherSubscriberOpaqueD3

===========================================================================================
----------------- testing Sun Sep 08 05:43:09 UTC 2019 /home/travis/build/icyphy/ptII/ptolemy/actor/lib/test/auto/PublisherSubscriberOpaqueD3Reverse.xml
----------------- Instantiating /home/travis/build/icyphy/ptII/ptolemy/actor/lib/test/auto/PublisherSubscriberOpaqueD3Reverse.xml
9 ms. Memory: 452608K Free: 230627K (51%)
----------------- Invoking toplevel() on ptolemy.moml.MoMLSimpleApplication@4335d853
----------------- Done invoking toplevel() on ptolemy.moml.MoMLSimpleApplication@4335d853
reloadAllAccessors: .PublisherSubscriberOpaqueD3Reverse

===========================================================================================
----------------- testing Sun Sep 08 05:43:09 UTC 2019 /home/travis/build/icyphy/ptII/ptolemy/actor/lib/test/auto/PublisherSubscriberOpaqueWidthInference.xml
----------------- Instantiating /home/travis/build/icyphy/ptII/ptolemy/actor/lib/test/auto/PublisherSubscriberOpaqueWidthInference.xml
4 ms. Memory: 452608K Free: 222435K (49%)
----------------- Invoking toplevel() on ptolemy.moml.MoMLSimpleApplication@6c916311
----------------- Done invoking toplevel() on ptolemy.moml.MoMLSimpleApplication@6c916311
reloadAllAccessors: .PublisherSubscriberOpaqueWidthInference

===========================================================================================
----------------- testing Sun Sep 08 05:43:09 UTC 2019 /home/travis/build/icyphy/ptII/ptolemy/actor/lib/test/auto/PublisherTestSubscriber.xml
----------------- Instantiating /home/travis/build/icyphy/ptII/ptolemy/actor/lib/test/auto/PublisherTestSubscriber.xml
4 ms. Memory: 452608K Free: 214747K (47%)
----------------- Invoking toplevel() on ptolemy.moml.MoMLSimpleApplication@1ad8f3
----------------- Done invoking toplevel() on ptolemy.moml.MoMLSimpleApplication@1ad8f3
reloadAllAccessors: .PublisherTestSubscriber

===========================================================================================
----------------- testing Sun Sep 08 05:43:09 UTC 2019 /home/travis/build/icyphy/ptII/ptolemy/actor/lib/test/auto/PublisherToplevelSubscriberPortAOC.xml
----------------- Instantiating /home/travis/build/icyphy/ptII/ptolemy/actor/lib/test/auto/PublisherToplevelSubscriberPortAOC.xml
2 ms. Memory: 452608K Free: 208579K (46%)
----------------- Invoking toplevel() on ptolemy.moml.MoMLSimpleApplication@485d18a3
----------------- Done invoking toplevel() on ptolemy.moml.MoMLSimpleApplication@485d18a3
reloadAllAccessors: .PublisherToplevelSubscriberPortAOC

===========================================================================================
----------------- testing Sun Sep 08 05:43:09 UTC 2019 /home/travis/build/icyphy/ptII/ptolemy/actor/lib/test/auto/PulseFiringLimitDE.xml
----------------- Instantiating /home/travis/build/icyphy/ptII/ptolemy/actor/lib/test/auto/PulseFiringLimitDE.xml
2 ms. Memory: 452608K Free: 202465K (45%)
----------------- Invoking toplevel() on ptolemy.moml.MoMLSimpleApplication@bca5ad3
----------------- Done invoking toplevel() on ptolemy.moml.MoMLSimpleApplication@bca5ad3
reloadAllAccessors: .PulseFiringLimitDE

===========================================================================================
----------------- testing Sun Sep 08 05:43:09 UTC 2019 /home/travis/build/icyphy/ptII/ptolemy/actor/lib/test/auto/Ramp1.xml
----------------- Instantiating /home/travis/build/icyphy/ptII/ptolemy/actor/lib/test/auto/Ramp1.xml
2 ms. Memory: 452608K Free: 198363K (44%)
----------------- Invoking toplevel() on ptolemy.moml.MoMLSimpleApplication@4bfe92
----------------- Done invoking toplevel() on ptolemy.moml.MoMLSimpleApplication@4bfe92
reloadAllAccessors: .Ramp1

===========================================================================================
----------------- testing Sun Sep 08 05:43:09 UTC 2019 /home/travis/build/icyphy/ptII/ptolemy/actor/lib/test/auto/RampFiringLimitDE.xml
----------------- Instantiating /home/travis/build/icyphy/ptII/ptolemy/actor/lib/test/auto/RampFiringLimitDE.xml
3 ms. Memory: 452608K Free: 192211K (42%)
----------------- Invoking toplevel() on ptolemy.moml.MoMLSimpleApplication@70812ba8
----------------- Done invoking toplevel() on ptolemy.moml.MoMLSimpleApplication@70812ba8
reloadAllAccessors: .RampFiringLimitDE

===========================================================================================
----------------- testing Sun Sep 08 05:43:09 UTC 2019 /home/travis/build/icyphy/ptII/ptolemy/actor/lib/test/auto/RampFiringLimitSDF.xml
----------------- Instantiating /home/travis/build/icyphy/ptII/ptolemy/actor/lib/test/auto/RampFiringLimitSDF.xml
2 ms. Memory: 452608K Free: 187075K (41%)
----------------- Invoking toplevel() on ptolemy.moml.MoMLSimpleApplication@1422b2d6
----------------- Done invoking toplevel() on ptolemy.moml.MoMLSimpleApplication@1422b2d6
reloadAllAccessors: .RampFiringLimitSDF

===========================================================================================
----------------- testing Sun Sep 08 05:43:09 UTC 2019 /home/travis/build/icyphy/ptII/ptolemy/actor/lib/test/auto/RandomInteger.xml
----------------- Instantiating /home/travis/build/icyphy/ptII/ptolemy/actor/lib/test/auto/RandomInteger.xml
1 ms. Memory: 452608K Free: 183009K (40%)
----------------- Invoking toplevel() on ptolemy.moml.MoMLSimpleApplication@14e87e99
----------------- Done invoking toplevel() on ptolemy.moml.MoMLSimpleApplication@14e87e99
reloadAllAccessors: .RandomInteger

===========================================================================================
----------------- testing Sun Sep 08 05:43:09 UTC 2019 /home/travis/build/icyphy/ptII/ptolemy/actor/lib/test/auto/ReadFile1.xml
----------------- Instantiating /home/travis/build/icyphy/ptII/ptolemy/actor/lib/test/auto/ReadFile1.xml
2 ms. Memory: 452608K Free: 178403K (39%)
----------------- Invoking toplevel() on ptolemy.moml.MoMLSimpleApplication@3b2c4954
----------------- Done invoking toplevel() on ptolemy.moml.MoMLSimpleApplication@3b2c4954
reloadAllAccessors: .ReadFile1

===========================================================================================
----------------- testing Sun Sep 08 05:43:09 UTC 2019 /home/travis/build/icyphy/ptII/ptolemy/actor/lib/test/auto/ReadFile2.xml
----------------- Instantiating /home/travis/build/icyphy/ptII/ptolemy/actor/lib/test/auto/ReadFile2.xml
1 ms. Memory: 452608K Free: 174307K (39%)
----------------- Invoking toplevel() on ptolemy.moml.MoMLSimpleApplication@2be0a42d
----------------- Done invoking toplevel() on ptolemy.moml.MoMLSimpleApplication@2be0a42d
reloadAllAccessors: .ReadFile2

===========================================================================================
----------------- testing Sun Sep 08 05:43:09 UTC 2019 /home/travis/build/icyphy/ptII/ptolemy/actor/lib/test/auto/Reader.xml
----------------- Instantiating /home/travis/build/icyphy/ptII/ptolemy/actor/lib/test/auto/Reader.xml
actor.lib.Reader is obsolete, use actor.lib.io.ExpressionReader instead
5 ms. Memory: 452608K Free: 170211K (38%)
----------------- Invoking toplevel() on ptolemy.moml.MoMLSimpleApplication@6fd85190
----------------- Done invoking toplevel() on ptolemy.moml.MoMLSimpleApplication@6fd85190
reloadAllAccessors: .Reader

===========================================================================================
----------------- testing Sun Sep 08 05:43:09 UTC 2019 /home/travis/build/icyphy/ptII/ptolemy/actor/lib/test/auto/RecordAssemblerDisplayNameTest.xml
----------------- Instantiating /home/travis/build/icyphy/ptII/ptolemy/actor/lib/test/auto/RecordAssemblerDisplayNameTest.xml
4084 ms. Memory: 452608K Free: 270846K (60%)
----------------- Invoking toplevel() on ptolemy.moml.MoMLSimpleApplication@721aaeda
----------------- Done invoking toplevel() on ptolemy.moml.MoMLSimpleApplication@721aaeda
reloadAllAccessors: .RecordAssemblerDisplayNameTest

===========================================================================================
----------------- testing Sun Sep 08 05:43:13 UTC 2019 /home/travis/build/icyphy/ptII/ptolemy/actor/lib/test/auto/RecordAssemblerTypeError.xml
----------------- Instantiating /home/travis/build/icyphy/ptII/ptolemy/actor/lib/test/auto/RecordAssemblerTypeError.xml
18 ms. Memory: 452608K Free: 261120K (58%)
----------------- Invoking toplevel() on ptolemy.moml.MoMLSimpleApplication@790baf6d
----------------- Done invoking toplevel() on ptolemy.moml.MoMLSimpleApplication@790baf6d
reloadAllAccessors: .RecordAssemblerTypeError

===========================================================================================
----------------- testing Sun Sep 08 05:43:13 UTC 2019 /home/travis/build/icyphy/ptII/ptolemy/actor/lib/test/auto/RecordDisassember.xml
----------------- Instantiating /home/travis/build/icyphy/ptII/ptolemy/actor/lib/test/auto/RecordDisassember.xml
8 ms. Memory: 452608K Free: 256503K (57%)
----------------- Invoking toplevel() on ptolemy.moml.MoMLSimpleApplication@72ccaba4
----------------- Done invoking toplevel() on ptolemy.moml.MoMLSimpleApplication@72ccaba4
reloadAllAccessors: .RecordDisassember

===========================================================================================
----------------- testing Sun Sep 08 05:43:14 UTC 2019 /home/travis/build/icyphy/ptII/ptolemy/actor/lib/test/auto/RecordDisassemberDisplayNameTest.xml
----------------- Instantiating /home/travis/build/icyphy/ptII/ptolemy/actor/lib/test/auto/RecordDisassemberDisplayNameTest.xml
6 ms. Memory: 452608K Free: 248832K (55%)
----------------- Invoking toplevel() on ptolemy.moml.MoMLSimpleApplication@4c2afca1
----------------- Done invoking toplevel() on ptolemy.moml.MoMLSimpleApplication@4c2afca1
reloadAllAccessors: .RecordDisassemberDisplayNameTest

===========================================================================================
----------------- testing Sun Sep 08 05:43:14 UTC 2019 /home/travis/build/icyphy/ptII/ptolemy/actor/lib/test/auto/RecordDisassembler.xml
----------------- Instantiating /home/travis/build/icyphy/ptII/ptolemy/actor/lib/test/auto/RecordDisassembler.xml
4 ms. Memory: 452608K Free: 243712K (54%)
----------------- Invoking toplevel() on ptolemy.moml.MoMLSimpleApplication@429fb45c
----------------- Done invoking toplevel() on ptolemy.moml.MoMLSimpleApplication@429fb45c
reloadAllAccessors: .RecordDisassembler

===========================================================================================
----------------- testing Sun Sep 08 05:43:14 UTC 2019 /home/travis/build/icyphy/ptII/ptolemy/actor/lib/test/auto/RecordDisassembler2.xml
----------------- Instantiating /home/travis/build/icyphy/ptII/ptolemy/actor/lib/test/auto/RecordDisassembler2.xml
3 ms. Memory: 452608K Free: 238592K (53%)
----------------- Invoking toplevel() on ptolemy.moml.MoMLSimpleApplication@2043e425
----------------- Done invoking toplevel() on ptolemy.moml.MoMLSimpleApplication@2043e425
reloadAllAccessors: .RecordDisassembler2

===========================================================================================
----------------- testing Sun Sep 08 05:43:14 UTC 2019 /home/travis/build/icyphy/ptII/ptolemy/actor/lib/test/auto/RecordUpdater.xml
----------------- Instantiating /home/travis/build/icyphy/ptII/ptolemy/actor/lib/test/auto/RecordUpdater.xml
2 ms. Memory: 452608K Free: 233982K (52%)
----------------- Invoking toplevel() on ptolemy.moml.MoMLSimpleApplication@432f57ae
----------------- Done invoking toplevel() on ptolemy.moml.MoMLSimpleApplication@432f57ae
reloadAllAccessors: .RecordUpdater

===========================================================================================
----------------- testing Sun Sep 08 05:43:14 UTC 2019 /home/travis/build/icyphy/ptII/ptolemy/actor/lib/test/auto/RecordUpdater2.xml
----------------- Instantiating /home/travis/build/icyphy/ptII/ptolemy/actor/lib/test/auto/RecordUpdater2.xml
3 ms. Memory: 452608K Free: 228862K (51%)
----------------- Invoking toplevel() on ptolemy.moml.MoMLSimpleApplication@2fc058ca
----------------- Done invoking toplevel() on ptolemy.moml.MoMLSimpleApplication@2fc058ca
reloadAllAccessors: .RecordUpdater2

===========================================================================================
----------------- testing Sun Sep 08 05:43:14 UTC 2019 /home/travis/build/icyphy/ptII/ptolemy/actor/lib/test/auto/RecursiveLattice.xml
----------------- Instantiating /home/travis/build/icyphy/ptII/ptolemy/actor/lib/test/auto/RecursiveLattice.xml
2 ms. Memory: 452608K Free: 224766K (50%)
----------------- Invoking toplevel() on ptolemy.moml.MoMLSimpleApplication@ca68196
----------------- Done invoking toplevel() on ptolemy.moml.MoMLSimpleApplication@ca68196
reloadAllAccessors: .RecursiveLattice

===========================================================================================
----------------- testing Sun Sep 08 05:43:14 UTC 2019 /home/travis/build/icyphy/ptII/ptolemy/actor/lib/test/auto/Router.xml
----------------- Instantiating /home/travis/build/icyphy/ptII/ptolemy/actor/lib/test/auto/Router.xml
3005 ms. Memory: 452608K Free: 213502K (47%)
----------------- Invoking toplevel() on ptolemy.moml.MoMLSimpleApplication@59b638ae
----------------- Done invoking toplevel() on ptolemy.moml.MoMLSimpleApplication@59b638ae
reloadAllAccessors: .Router

===========================================================================================
----------------- testing Sun Sep 08 05:43:17 UTC 2019 /home/travis/build/icyphy/ptII/ptolemy/actor/lib/test/auto/Router2.xml
----------------- Instantiating /home/travis/build/icyphy/ptII/ptolemy/actor/lib/test/auto/Router2.xml
3004 ms. Memory: 452608K Free: 201728K (45%)
----------------- Invoking toplevel() on ptolemy.moml.MoMLSimpleApplication@4da50b8f
----------------- Done invoking toplevel() on ptolemy.moml.MoMLSimpleApplication@4da50b8f
reloadAllAccessors: .Router2

===========================================================================================
----------------- testing Sun Sep 08 05:43:20 UTC 2019 /home/travis/build/icyphy/ptII/ptolemy/actor/lib/test/auto/RunningMaximum.xml
----------------- Instantiating /home/travis/build/icyphy/ptII/ptolemy/actor/lib/test/auto/RunningMaximum.xml
5 ms. Memory: 452608K Free: 197118K (44%)
----------------- Invoking toplevel() on ptolemy.moml.MoMLSimpleApplication@347b8ae3
----------------- Done invoking toplevel() on ptolemy.moml.MoMLSimpleApplication@347b8ae3
reloadAllAccessors: .RunningMaximum

===========================================================================================
----------------- testing Sun Sep 08 05:43:20 UTC 2019 /home/travis/build/icyphy/ptII/ptolemy/actor/lib/test/auto/RunningMinimum.xml
----------------- Instantiating /home/travis/build/icyphy/ptII/ptolemy/actor/lib/test/auto/RunningMinimum.xml
9 ms. Memory: 452608K Free: 192512K (43%)
----------------- Invoking toplevel() on ptolemy.moml.MoMLSimpleApplication@3ec57620
----------------- Done invoking toplevel() on ptolemy.moml.MoMLSimpleApplication@3ec57620
reloadAllAccessors: .RunningMinimum

===========================================================================================
----------------- testing Sun Sep 08 05:43:20 UTC 2019 /home/travis/build/icyphy/ptII/ptolemy/actor/lib/test/auto/Scale.xml
----------------- Instantiating /home/travis/build/icyphy/ptII/ptolemy/actor/lib/test/auto/Scale.xml
2 ms. Memory: 452608K Free: 187392K (41%)
----------------- Invoking toplevel() on ptolemy.moml.MoMLSimpleApplication@59213298
----------------- Done invoking toplevel() on ptolemy.moml.MoMLSimpleApplication@59213298
reloadAllAccessors: .Scale

===========================================================================================
----------------- testing Sun Sep 08 05:43:20 UTC 2019 /home/travis/build/icyphy/ptII/ptolemy/actor/lib/test/auto/Scale2.xml
----------------- Instantiating /home/travis/build/icyphy/ptII/ptolemy/actor/lib/test/auto/Scale2.xml
3 ms. Memory: 452608K Free: 182782K (40%)
----------------- Invoking toplevel() on ptolemy.moml.MoMLSimpleApplication@3c67a427
----------------- Done invoking toplevel() on ptolemy.moml.MoMLSimpleApplication@3c67a427
reloadAllAccessors: .Scale2

===========================================================================================
----------------- testing Sun Sep 08 05:43:20 UTC 2019 /home/travis/build/icyphy/ptII/ptolemy/actor/lib/test/auto/Scale3.xml
----------------- Instantiating /home/travis/build/icyphy/ptII/ptolemy/actor/lib/test/auto/Scale3.xml
9 ms. Memory: 452608K Free: 176128K (39%)
----------------- Invoking toplevel() on ptolemy.moml.MoMLSimpleApplication@101c1ff8
----------------- Done invoking toplevel() on ptolemy.moml.MoMLSimpleApplication@101c1ff8
reloadAllAccessors: .Scale3

===========================================================================================
----------------- testing Sun Sep 08 05:43:20 UTC 2019 /home/travis/build/icyphy/ptII/ptolemy/actor/lib/test/auto/ScaleArray.xml
----------------- Instantiating /home/travis/build/icyphy/ptII/ptolemy/actor/lib/test/auto/ScaleArray.xml
2 ms. Memory: 452608K Free: 171518K (38%)
----------------- Invoking toplevel() on ptolemy.moml.MoMLSimpleApplication@300f934a
----------------- Done invoking toplevel() on ptolemy.moml.MoMLSimpleApplication@300f934a
reloadAllAccessors: .ScaleArray

===========================================================================================
----------------- testing Sun Sep 08 05:43:20 UTC 2019 /home/travis/build/icyphy/ptII/ptolemy/actor/lib/test/auto/ScaleArray2.xml
----------------- Instantiating /home/travis/build/icyphy/ptII/ptolemy/actor/lib/test/auto/ScaleArray2.xml
2 ms. Memory: 452608K Free: 166912K (37%)
----------------- Invoking toplevel() on ptolemy.moml.MoMLSimpleApplication@32081a1a
----------------- Done invoking toplevel() on ptolemy.moml.MoMLSimpleApplication@32081a1a
reloadAllAccessors: .ScaleArray2

===========================================================================================
----------------- testing Sun Sep 08 05:43:20 UTC 2019 /home/travis/build/icyphy/ptII/ptolemy/actor/lib/test/auto/ScaleMatrix.xml
----------------- Instantiating /home/travis/build/icyphy/ptII/ptolemy/actor/lib/test/auto/ScaleMatrix.xml
192 ms. Memory: 452608K Free: 152062K (34%)
----------------- Invoking toplevel() on ptolemy.moml.MoMLSimpleApplication@4950500e
----------------- Done invoking toplevel() on ptolemy.moml.MoMLSimpleApplication@4950500e
reloadAllAccessors: .ScaleMatrix

===========================================================================================
----------------- testing Sun Sep 08 05:43:20 UTC 2019 /home/travis/build/icyphy/ptII/ptolemy/actor/lib/test/auto/Select.xml
----------------- Instantiating /home/travis/build/icyphy/ptII/ptolemy/actor/lib/test/auto/Select.xml
2 ms. Memory: 452608K Free: 145887K (32%)
----------------- Invoking toplevel() on ptolemy.moml.MoMLSimpleApplication@32c95e55
----------------- Done invoking toplevel() on ptolemy.moml.MoMLSimpleApplication@32c95e55
reloadAllAccessors: .Select

===========================================================================================
----------------- testing Sun Sep 08 05:43:20 UTC 2019 /home/travis/build/icyphy/ptII/ptolemy/actor/lib/test/auto/Select2.xml
----------------- Instantiating /home/travis/build/icyphy/ptII/ptolemy/actor/lib/test/auto/Select2.xml
2 ms. Memory: 452608K Free: 141312K (31%)
----------------- Invoking toplevel() on ptolemy.moml.MoMLSimpleApplication@4bb09a6
----------------- Done invoking toplevel() on ptolemy.moml.MoMLSimpleApplication@4bb09a6
reloadAllAccessors: .Select2

===========================================================================================
----------------- testing Sun Sep 08 05:43:20 UTC 2019 /home/travis/build/icyphy/ptII/ptolemy/actor/lib/test/auto/SequenceToArray2.xml
----------------- Instantiating /home/travis/build/icyphy/ptII/ptolemy/actor/lib/test/auto/SequenceToArray2.xml
133 ms. Memory: 452608K Free: 381952K (84%)
----------------- Invoking toplevel() on ptolemy.moml.MoMLSimpleApplication@3d658ee3
----------------- Done invoking toplevel() on ptolemy.moml.MoMLSimpleApplication@3d658ee3
reloadAllAccessors: .SequenceToArray2

===========================================================================================
----------------- testing Sun Sep 08 05:43:20 UTC 2019 /home/travis/build/icyphy/ptII/ptolemy/actor/lib/test/auto/SequentialClock.xml
----------------- Instantiating /home/travis/build/icyphy/ptII/ptolemy/actor/lib/test/auto/SequentialClock.xml
2 ms. Memory: 452608K Free: 377342K (83%)
----------------- Invoking toplevel() on ptolemy.moml.MoMLSimpleApplication@4bd368ff
----------------- Done invoking toplevel() on ptolemy.moml.MoMLSimpleApplication@4bd368ff
reloadAllAccessors: .SequentialClock

===========================================================================================
----------------- testing Sun Sep 08 05:43:20 UTC 2019 /home/travis/build/icyphy/ptII/ptolemy/actor/lib/test/auto/SetVariable.xml
----------------- Instantiating /home/travis/build/icyphy/ptII/ptolemy/actor/lib/test/auto/SetVariable.xml
5 ms. Memory: 452608K Free: 372736K (82%)
----------------- Invoking toplevel() on ptolemy.moml.MoMLSimpleApplication@63b2578f
----------------- Done invoking toplevel() on ptolemy.moml.MoMLSimpleApplication@63b2578f
reloadAllAccessors: .SetVariable

===========================================================================================
----------------- testing Sun Sep 08 05:43:20 UTC 2019 /home/travis/build/icyphy/ptII/ptolemy/actor/lib/test/auto/SetVariable2.xml
----------------- Instantiating /home/travis/build/icyphy/ptII/ptolemy/actor/lib/test/auto/SetVariable2.xml
3 ms. Memory: 452608K Free: 368126K (81%)
----------------- Invoking toplevel() on ptolemy.moml.MoMLSimpleApplication@53ff3760
----------------- Done invoking toplevel() on ptolemy.moml.MoMLSimpleApplication@53ff3760
reloadAllAccessors: .SetVariable2

===========================================================================================
----------------- testing Sun Sep 08 05:43:20 UTC 2019 /home/travis/build/icyphy/ptII/ptolemy/actor/lib/test/auto/SetVariable3.xml
----------------- Instantiating /home/travis/build/icyphy/ptII/ptolemy/actor/lib/test/auto/SetVariable3.xml
6 ms. Memory: 452608K Free: 362496K (80%)
----------------- Invoking toplevel() on ptolemy.moml.MoMLSimpleApplication@58dd7548
----------------- Done invoking toplevel() on ptolemy.moml.MoMLSimpleApplication@58dd7548
reloadAllAccessors: .SetVariable3

===========================================================================================
----------------- testing Sun Sep 08 05:43:20 UTC 2019 /home/travis/build/icyphy/ptII/ptolemy/actor/lib/test/auto/SetVariable4.xml
----------------- Instantiating /home/travis/build/icyphy/ptII/ptolemy/actor/lib/test/auto/SetVariable4.xml
24 ms. Memory: 452608K Free: 353278K (78%)
----------------- Invoking toplevel() on ptolemy.moml.MoMLSimpleApplication@457e3cd
----------------- Done invoking toplevel() on ptolemy.moml.MoMLSimpleApplication@457e3cd
reloadAllAccessors: .SetVariable4

===========================================================================================
----------------- testing Sun Sep 08 05:43:20 UTC 2019 /home/travis/build/icyphy/ptII/ptolemy/actor/lib/test/auto/SetVariable5.xml
----------------- Instantiating /home/travis/build/icyphy/ptII/ptolemy/actor/lib/test/auto/SetVariable5.xml
25 ms. Memory: 452608K Free: 344064K (76%)
----------------- Invoking toplevel() on ptolemy.moml.MoMLSimpleApplication@53023a0d
----------------- Done invoking toplevel() on ptolemy.moml.MoMLSimpleApplication@53023a0d
reloadAllAccessors: .SetVariable5

===========================================================================================
----------------- testing Sun Sep 08 05:43:20 UTC 2019 /home/travis/build/icyphy/ptII/ptolemy/actor/lib/test/auto/Sinewave.xml
----------------- Instantiating /home/travis/build/icyphy/ptII/ptolemy/actor/lib/test/auto/Sinewave.xml
5 ms. Memory: 452608K Free: 333824K (74%)
----------------- Invoking toplevel() on ptolemy.moml.MoMLSimpleApplication@176fadea
----------------- Done invoking toplevel() on ptolemy.moml.MoMLSimpleApplication@176fadea
reloadAllAccessors: .Sinewave

===========================================================================================
----------------- testing Sun Sep 08 05:43:20 UTC 2019 /home/travis/build/icyphy/ptII/ptolemy/actor/lib/test/auto/Sinewave2.xml
----------------- Instantiating /home/travis/build/icyphy/ptII/ptolemy/actor/lib/test/auto/Sinewave2.xml
8 ms. Memory: 452608K Free: 325632K (72%)
----------------- Invoking toplevel() on ptolemy.moml.MoMLSimpleApplication@112d26ad
----------------- Done invoking toplevel() on ptolemy.moml.MoMLSimpleApplication@112d26ad
reloadAllAccessors: .Sinewave2

===========================================================================================
----------------- testing Sun Sep 08 05:43:21 UTC 2019 /home/travis/build/icyphy/ptII/ptolemy/actor/lib/test/auto/Sinewave3.xml
----------------- Instantiating /home/travis/build/icyphy/ptII/ptolemy/actor/lib/test/auto/Sinewave3.xml
9 ms. Memory: 452608K Free: 317440K (70%)
----------------- Invoking toplevel() on ptolemy.moml.MoMLSimpleApplication@775e4e8d
----------------- Done invoking toplevel() on ptolemy.moml.MoMLSimpleApplication@775e4e8d
reloadAllAccessors: .Sinewave3

===========================================================================================
----------------- testing Sun Sep 08 05:43:21 UTC 2019 /home/travis/build/icyphy/ptII/ptolemy/actor/lib/test/auto/SingleEvent.xml
----------------- Instantiating /home/travis/build/icyphy/ptII/ptolemy/actor/lib/test/auto/SingleEvent.xml
2 ms. Memory: 452608K Free: 313344K (69%)
----------------- Invoking toplevel() on ptolemy.moml.MoMLSimpleApplication@3fa4759f
----------------- Done invoking toplevel() on ptolemy.moml.MoMLSimpleApplication@3fa4759f
reloadAllAccessors: .SingleEvent

===========================================================================================
----------------- testing Sun Sep 08 05:43:21 UTC 2019 /home/travis/build/icyphy/ptII/ptolemy/actor/lib/test/auto/Sleep.xml
----------------- Instantiating /home/travis/build/icyphy/ptII/ptolemy/actor/lib/test/auto/Sleep.xml
6003 ms. Memory: 452608K Free: 307679K (68%)
----------------- Invoking toplevel() on ptolemy.moml.MoMLSimpleApplication@22191768
----------------- Done invoking toplevel() on ptolemy.moml.MoMLSimpleApplication@22191768
reloadAllAccessors: .Sleep

===========================================================================================
----------------- testing Sun Sep 08 05:43:27 UTC 2019 /home/travis/build/icyphy/ptII/ptolemy/actor/lib/test/auto/SleepMultipleFire.xml
----------------- Instantiating /home/travis/build/icyphy/ptII/ptolemy/actor/lib/test/auto/SleepMultipleFire.xml
1006 ms. Memory: 452608K Free: 301566K (67%)
----------------- Invoking toplevel() on ptolemy.moml.MoMLSimpleApplication@4aec7938
----------------- Done invoking toplevel() on ptolemy.moml.MoMLSimpleApplication@4aec7938
reloadAllAccessors: .SleepMultipleFire

===========================================================================================
----------------- testing Sun Sep 08 05:43:28 UTC 2019 /home/travis/build/icyphy/ptII/ptolemy/actor/lib/test/auto/StopDE.xml
----------------- Instantiating /home/travis/build/icyphy/ptII/ptolemy/actor/lib/test/auto/StopDE.xml
5 ms. Memory: 452608K Free: 295936K (65%)
----------------- Invoking toplevel() on ptolemy.moml.MoMLSimpleApplication@622a8c80
----------------- Done invoking toplevel() on ptolemy.moml.MoMLSimpleApplication@622a8c80
reloadAllAccessors: .StopDE

===========================================================================================
----------------- testing Sun Sep 08 05:43:28 UTC 2019 /home/travis/build/icyphy/ptII/ptolemy/actor/lib/test/auto/StopSDF.xml
----------------- Instantiating /home/travis/build/icyphy/ptII/ptolemy/actor/lib/test/auto/StopSDF.xml
6 ms. Memory: 452608K Free: 290816K (64%)
----------------- Invoking toplevel() on ptolemy.moml.MoMLSimpleApplication@5200b94a
----------------- Done invoking toplevel() on ptolemy.moml.MoMLSimpleApplication@5200b94a
reloadAllAccessors: .StopSDF

===========================================================================================
----------------- testing Sun Sep 08 05:43:28 UTC 2019 /home/travis/build/icyphy/ptII/ptolemy/actor/lib/test/auto/StringConstant.xml
----------------- Instantiating /home/travis/build/icyphy/ptII/ptolemy/actor/lib/test/auto/StringConstant.xml
8 ms. Memory: 452608K Free: 286720K (63%)
----------------- Invoking toplevel() on ptolemy.moml.MoMLSimpleApplication@3508a4cc
----------------- Done invoking toplevel() on ptolemy.moml.MoMLSimpleApplication@3508a4cc
reloadAllAccessors: .StringConstant

===========================================================================================
----------------- testing Sun Sep 08 05:43:28 UTC 2019 /home/travis/build/icyphy/ptII/ptolemy/actor/lib/test/auto/SubscriberPortInitialValues1.xml
----------------- Instantiating /home/travis/build/icyphy/ptII/ptolemy/actor/lib/test/auto/SubscriberPortInitialValues1.xml
9 ms. Memory: 452608K Free: 278014K (61%)
----------------- Invoking toplevel() on ptolemy.moml.MoMLSimpleApplication@776449eb
----------------- Done invoking toplevel() on ptolemy.moml.MoMLSimpleApplication@776449eb
reloadAllAccessors: .SubscriberPortInitialValues1

===========================================================================================
----------------- testing Sun Sep 08 05:43:28 UTC 2019 /home/travis/build/icyphy/ptII/ptolemy/actor/lib/test/auto/SubscriberPortInitialValues13.xml
----------------- Instantiating /home/travis/build/icyphy/ptII/ptolemy/actor/lib/test/auto/SubscriberPortInitialValues13.xml
7 ms. Memory: 452608K Free: 265726K (59%)
----------------- Invoking toplevel() on ptolemy.moml.MoMLSimpleApplication@37dd4adf
----------------- Done invoking toplevel() on ptolemy.moml.MoMLSimpleApplication@37dd4adf
reloadAllAccessors: .SubscriberPortInitialValues13

===========================================================================================
----------------- testing Sun Sep 08 05:43:28 UTC 2019 /home/travis/build/icyphy/ptII/ptolemy/actor/lib/test/auto/SubscriberPortInitialValues14.xml
----------------- Instantiating /home/travis/build/icyphy/ptII/ptolemy/actor/lib/test/auto/SubscriberPortInitialValues14.xml
5 ms. Memory: 452608K Free: 258048K (57%)
----------------- Invoking toplevel() on ptolemy.moml.MoMLSimpleApplication@1e5561cf
----------------- Done invoking toplevel() on ptolemy.moml.MoMLSimpleApplication@1e5561cf
reloadAllAccessors: .SubscriberPortInitialValues14

===========================================================================================
----------------- testing Sun Sep 08 05:43:28 UTC 2019 /home/travis/build/icyphy/ptII/ptolemy/actor/lib/test/auto/SubscriberPortInitialValues2.xml
----------------- Instantiating /home/travis/build/icyphy/ptII/ptolemy/actor/lib/test/auto/SubscriberPortInitialValues2.xml
5 ms. Memory: 452608K Free: 249856K (55%)
----------------- Invoking toplevel() on ptolemy.moml.MoMLSimpleApplication@7d325560
----------------- Done invoking toplevel() on ptolemy.moml.MoMLSimpleApplication@7d325560
reloadAllAccessors: .SubscriberPortInitialValues2

===========================================================================================
----------------- testing Sun Sep 08 05:43:28 UTC 2019 /home/travis/build/icyphy/ptII/ptolemy/actor/lib/test/auto/SubscriberPortInitialValues3.xml
----------------- Instantiating /home/travis/build/icyphy/ptII/ptolemy/actor/lib/test/auto/SubscriberPortInitialValues3.xml
6 ms. Memory: 452608K Free: 238592K (53%)
----------------- Invoking toplevel() on ptolemy.moml.MoMLSimpleApplication@25e738ea
----------------- Done invoking toplevel() on ptolemy.moml.MoMLSimpleApplication@25e738ea
reloadAllAccessors: .SubscriberPortInitialValues3

===========================================================================================
----------------- testing Sun Sep 08 05:43:28 UTC 2019 /home/travis/build/icyphy/ptII/ptolemy/actor/lib/test/auto/SubscriptionAggregator.xml
----------------- Instantiating /home/travis/build/icyphy/ptII/ptolemy/actor/lib/test/auto/SubscriptionAggregator.xml
3 ms. Memory: 452608K Free: 231424K (51%)
----------------- Invoking toplevel() on ptolemy.moml.MoMLSimpleApplication@7fd18ad9
----------------- Done invoking toplevel() on ptolemy.moml.MoMLSimpleApplication@7fd18ad9
reloadAllAccessors: .SubscriptionAggregator

===========================================================================================
----------------- testing Sun Sep 08 05:43:28 UTC 2019 /home/travis/build/icyphy/ptII/ptolemy/actor/lib/test/auto/SubscriptionAggregator2.xml
----------------- Instantiating /home/travis/build/icyphy/ptII/ptolemy/actor/lib/test/auto/SubscriptionAggregator2.xml
3 ms. Memory: 452608K Free: 224759K (50%)
----------------- Invoking toplevel() on ptolemy.moml.MoMLSimpleApplication@7eb22be6
----------------- Done invoking toplevel() on ptolemy.moml.MoMLSimpleApplication@7eb22be6
reloadAllAccessors: .SubscriptionAggregator2

===========================================================================================
----------------- testing Sun Sep 08 05:43:28 UTC 2019 /home/travis/build/icyphy/ptII/ptolemy/actor/lib/test/auto/SubscriptionAggregator3.xml
----------------- Instantiating /home/travis/build/icyphy/ptII/ptolemy/actor/lib/test/auto/SubscriptionAggregator3.xml
4 ms. Memory: 452608K Free: 216064K (48%)
----------------- Invoking toplevel() on ptolemy.moml.MoMLSimpleApplication@c82f4d6
----------------- Done invoking toplevel() on ptolemy.moml.MoMLSimpleApplication@c82f4d6
reloadAllAccessors: .SubscriptionAggregator3

===========================================================================================
----------------- testing Sun Sep 08 05:43:28 UTC 2019 /home/travis/build/icyphy/ptII/ptolemy/actor/lib/test/auto/SubscriptionAggregatorMultiply.xml
----------------- Instantiating /home/travis/build/icyphy/ptII/ptolemy/actor/lib/test/auto/SubscriptionAggregatorMultiply.xml
3 ms. Memory: 452608K Free: 207872K (46%)
----------------- Invoking toplevel() on ptolemy.moml.MoMLSimpleApplication@3958a5f1
----------------- Done invoking toplevel() on ptolemy.moml.MoMLSimpleApplication@3958a5f1
reloadAllAccessors: .SubscriptionAggregatorMultiply

===========================================================================================
----------------- testing Sun Sep 08 05:43:28 UTC 2019 /home/travis/build/icyphy/ptII/ptolemy/actor/lib/test/auto/SubscriptionAggregatorPortMultiply1.xml
----------------- Instantiating /home/travis/build/icyphy/ptII/ptolemy/actor/lib/test/auto/SubscriptionAggregatorPortMultiply1.xml
5 ms. Memory: 452608K Free: 199680K (44%)
----------------- Invoking toplevel() on ptolemy.moml.MoMLSimpleApplication@761374a9
----------------- Done invoking toplevel() on ptolemy.moml.MoMLSimpleApplication@761374a9
reloadAllAccessors: .SubscriptionAggregatorPortMultiply1

===========================================================================================
----------------- testing Sun Sep 08 05:43:28 UTC 2019 /home/travis/build/icyphy/ptII/ptolemy/actor/lib/test/auto/Switch.xml
----------------- Instantiating /home/travis/build/icyphy/ptII/ptolemy/actor/lib/test/auto/Switch.xml
10 ms. Memory: 452608K Free: 190974K (42%)
----------------- Invoking toplevel() on ptolemy.moml.MoMLSimpleApplication@5aabbd61
----------------- Done invoking toplevel() on ptolemy.moml.MoMLSimpleApplication@5aabbd61
reloadAllAccessors: .Switch

===========================================================================================
----------------- testing Sun Sep 08 05:43:28 UTC 2019 /home/travis/build/icyphy/ptII/ptolemy/actor/lib/test/auto/Switch2.xml
----------------- Instantiating /home/travis/build/icyphy/ptII/ptolemy/actor/lib/test/auto/Switch2.xml
1 ms. Memory: 452608K Free: 186368K (41%)
----------------- Invoking toplevel() on ptolemy.moml.MoMLSimpleApplication@2ad08f82
----------------- Done invoking toplevel() on ptolemy.moml.MoMLSimpleApplication@2ad08f82
reloadAllAccessors: .Switch2

===========================================================================================
----------------- testing Sun Sep 08 05:43:28 UTC 2019 /home/travis/build/icyphy/ptII/ptolemy/actor/lib/test/auto/SwitchDE.xml
----------------- Instantiating /home/travis/build/icyphy/ptII/ptolemy/actor/lib/test/auto/SwitchDE.xml
3 ms. Memory: 452608K Free: 180224K (40%)
----------------- Invoking toplevel() on ptolemy.moml.MoMLSimpleApplication@9b4cee6
----------------- Done invoking toplevel() on ptolemy.moml.MoMLSimpleApplication@9b4cee6
reloadAllAccessors: .SwitchDE

===========================================================================================
----------------- testing Sun Sep 08 05:43:28 UTC 2019 /home/travis/build/icyphy/ptII/ptolemy/actor/lib/test/auto/SynchronizerDE.xml
----------------- Instantiating /home/travis/build/icyphy/ptII/ptolemy/actor/lib/test/auto/SynchronizerDE.xml
9 ms. Memory: 452608K Free: 172032K (38%)
----------------- Invoking toplevel() on ptolemy.moml.MoMLSimpleApplication@1b4804c0
----------------- Done invoking toplevel() on ptolemy.moml.MoMLSimpleApplication@1b4804c0
reloadAllAccessors: .SynchronizerDE

===========================================================================================
----------------- testing Sun Sep 08 05:43:28 UTC 2019 /home/travis/build/icyphy/ptII/ptolemy/actor/lib/test/auto/Test.xml
----------------- Instantiating /home/travis/build/icyphy/ptII/ptolemy/actor/lib/test/auto/Test.xml
11 ms. Memory: 452608K Free: 166912K (37%)
----------------- Invoking toplevel() on ptolemy.moml.MoMLSimpleApplication@f16b65a
----------------- Done invoking toplevel() on ptolemy.moml.MoMLSimpleApplication@f16b65a
reloadAllAccessors: .Test

===========================================================================================
----------------- testing Sun Sep 08 05:43:28 UTC 2019 /home/travis/build/icyphy/ptII/ptolemy/actor/lib/test/auto/TestExceptionAttribute1.xml
----------------- Instantiating /home/travis/build/icyphy/ptII/ptolemy/actor/lib/test/auto/TestExceptionAttribute1.xml
1 ms. Memory: 452608K Free: 163326K (36%)
----------------- Invoking toplevel() on ptolemy.moml.MoMLSimpleApplication@14ec043b
----------------- Done invoking toplevel() on ptolemy.moml.MoMLSimpleApplication@14ec043b
reloadAllAccessors: .TestExceptionAttribute1

===========================================================================================
----------------- testing Sun Sep 08 05:43:28 UTC 2019 /home/travis/build/icyphy/ptII/ptolemy/actor/lib/test/auto/TestExceptionAttribute2.xml
----------------- Instantiating /home/travis/build/icyphy/ptII/ptolemy/actor/lib/test/auto/TestExceptionAttribute2.xml
1 ms. Memory: 452608K Free: 159744K (35%)
----------------- Invoking toplevel() on ptolemy.moml.MoMLSimpleApplication@7bdc0caf
----------------- Done invoking toplevel() on ptolemy.moml.MoMLSimpleApplication@7bdc0caf
reloadAllAccessors: .TestExceptionAttribute2

===========================================================================================
----------------- testing Sun Sep 08 05:43:28 UTC 2019 /home/travis/build/icyphy/ptII/ptolemy/actor/lib/test/auto/TestExceptionAttribute3.xml
----------------- Instantiating /home/travis/build/icyphy/ptII/ptolemy/actor/lib/test/auto/TestExceptionAttribute3.xml
.TestExceptionAttribute3.TestExceptionAttribute: initialize() was not invoked, but wrapup() was.  This is unusual, but not always a problem.  For example, exporting JNLP will do this.
1 ms. Memory: 452608K Free: 155648K (34%)
----------------- Invoking toplevel() on ptolemy.moml.MoMLSimpleApplication@e8751e7
----------------- Done invoking toplevel() on ptolemy.moml.MoMLSimpleApplication@e8751e7
reloadAllAccessors: .TestExceptionAttribute3

===========================================================================================
----------------- testing Sun Sep 08 05:43:28 UTC 2019 /home/travis/build/icyphy/ptII/ptolemy/actor/lib/test/auto/TestExceptionAttribute4.xml
----------------- Instantiating /home/travis/build/icyphy/ptII/ptolemy/actor/lib/test/auto/TestExceptionAttribute4.xml
.TestExceptionAttribute4.TestExceptionAttribute: initialize() was not invoked, but wrapup() was.  This is unusual, but not always a problem.  For example, exporting JNLP will do this.
.TestExceptionAttribute4.TestExceptionAttribute2: initialize() was not invoked, but wrapup() was.  This is unusual, but not always a problem.  For example, exporting JNLP will do this.
0 ms. Memory: 452608K Free: 151552K (33%)
----------------- Invoking toplevel() on ptolemy.moml.MoMLSimpleApplication@6f95db99
----------------- Done invoking toplevel() on ptolemy.moml.MoMLSimpleApplication@6f95db99
reloadAllAccessors: .TestExceptionAttribute4

===========================================================================================
----------------- testing Sun Sep 08 05:43:28 UTC 2019 /home/travis/build/icyphy/ptII/ptolemy/actor/lib/test/auto/TestExceptionHandler1.xml
----------------- Instantiating /home/travis/build/icyphy/ptII/ptolemy/actor/lib/test/auto/TestExceptionHandler1.xml
1 ms. Memory: 452608K Free: 147966K (33%)
----------------- Invoking toplevel() on ptolemy.moml.MoMLSimpleApplication@672a8614
----------------- Done invoking toplevel() on ptolemy.moml.MoMLSimpleApplication@672a8614
reloadAllAccessors: .TestExceptionHandler1

===========================================================================================
----------------- testing Sun Sep 08 05:43:28 UTC 2019 /home/travis/build/icyphy/ptII/ptolemy/actor/lib/test/auto/TestExceptionHandler2.xml
----------------- Instantiating /home/travis/build/icyphy/ptII/ptolemy/actor/lib/test/auto/TestExceptionHandler2.xml
1 ms. Memory: 452608K Free: 144384K (32%)
----------------- Invoking toplevel() on ptolemy.moml.MoMLSimpleApplication@164ca845
----------------- Done invoking toplevel() on ptolemy.moml.MoMLSimpleApplication@164ca845
reloadAllAccessors: .TestExceptionHandler2

===========================================================================================
----------------- testing Sun Sep 08 05:43:28 UTC 2019 /home/travis/build/icyphy/ptII/ptolemy/actor/lib/test/auto/TestExceptionHandler3.xml
----------------- Instantiating /home/travis/build/icyphy/ptII/ptolemy/actor/lib/test/auto/TestExceptionHandler3.xml
1 ms. Memory: 452608K Free: 140798K (31%)
----------------- Invoking toplevel() on ptolemy.moml.MoMLSimpleApplication@68042357
----------------- Done invoking toplevel() on ptolemy.moml.MoMLSimpleApplication@68042357
reloadAllAccessors: .TestExceptionHandler3

===========================================================================================
----------------- testing Sun Sep 08 05:43:28 UTC 2019 /home/travis/build/icyphy/ptII/ptolemy/actor/lib/test/auto/TestExceptionHandler4.xml
----------------- Instantiating /home/travis/build/icyphy/ptII/ptolemy/actor/lib/test/auto/TestExceptionHandler4.xml
0 ms. Memory: 452608K Free: 401662K (89%)
----------------- Invoking toplevel() on ptolemy.moml.MoMLSimpleApplication@82d396f
----------------- Done invoking toplevel() on ptolemy.moml.MoMLSimpleApplication@82d396f
reloadAllAccessors: .TestExceptionHandler4

===========================================================================================
----------------- testing Sun Sep 08 05:43:28 UTC 2019 /home/travis/build/icyphy/ptII/ptolemy/actor/lib/test/auto/TestRequireCorrectOrder.xml
----------------- Instantiating /home/travis/build/icyphy/ptII/ptolemy/actor/lib/test/auto/TestRequireCorrectOrder.xml
7 ms. Memory: 452608K Free: 396306K (88%)
----------------- Invoking toplevel() on ptolemy.moml.MoMLSimpleApplication@309a86b5
----------------- Done invoking toplevel() on ptolemy.moml.MoMLSimpleApplication@309a86b5
reloadAllAccessors: .TestRequireCorrectOrder

===========================================================================================
----------------- testing Sun Sep 08 05:43:28 UTC 2019 /home/travis/build/icyphy/ptII/ptolemy/actor/lib/test/auto/TestSimple.xml
----------------- Instantiating /home/travis/build/icyphy/ptII/ptolemy/actor/lib/test/auto/TestSimple.xml
2 ms. Memory: 452608K Free: 391696K (87%)
----------------- Invoking toplevel() on ptolemy.moml.MoMLSimpleApplication@42a48c30
----------------- Done invoking toplevel() on ptolemy.moml.MoMLSimpleApplication@42a48c30
reloadAllAccessors: .TestSimple

===========================================================================================
----------------- testing Sun Sep 08 05:43:28 UTC 2019 /home/travis/build/icyphy/ptII/ptolemy/actor/lib/test/auto/ThrowModelError.xml
----------------- Instantiating /home/travis/build/icyphy/ptII/ptolemy/actor/lib/test/auto/ThrowModelError.xml
1 ms. Memory: 452608K Free: 386576K (85%)
----------------- Invoking toplevel() on ptolemy.moml.MoMLSimpleApplication@4e2de2ed
----------------- Done invoking toplevel() on ptolemy.moml.MoMLSimpleApplication@4e2de2ed
reloadAllAccessors: .ThrowModelError

===========================================================================================
----------------- testing Sun Sep 08 05:43:28 UTC 2019 /home/travis/build/icyphy/ptII/ptolemy/actor/lib/test/auto/TimeDelayMicrosteps.xml
----------------- Instantiating /home/travis/build/icyphy/ptII/ptolemy/actor/lib/test/auto/TimeDelayMicrosteps.xml
3 ms. Memory: 452608K Free: 378898K (84%)
----------------- Invoking toplevel() on ptolemy.moml.MoMLSimpleApplication@4c00931d
----------------- Done invoking toplevel() on ptolemy.moml.MoMLSimpleApplication@4c00931d
reloadAllAccessors: .TimeDelayMicrosteps

===========================================================================================
----------------- testing Sun Sep 08 05:43:28 UTC 2019 /home/travis/build/icyphy/ptII/ptolemy/actor/lib/test/auto/TimeDelayMicrosteps2.xml
----------------- Instantiating /home/travis/build/icyphy/ptII/ptolemy/actor/lib/test/auto/TimeDelayMicrosteps2.xml
5 ms. Memory: 452608K Free: 371730K (82%)
----------------- Invoking toplevel() on ptolemy.moml.MoMLSimpleApplication@28525b9f
----------------- Done invoking toplevel() on ptolemy.moml.MoMLSimpleApplication@28525b9f
reloadAllAccessors: .TimeDelayMicrosteps2

===========================================================================================
----------------- testing Sun Sep 08 05:43:28 UTC 2019 /home/travis/build/icyphy/ptII/ptolemy/actor/lib/test/auto/TimeDelayMicrosteps3.xml
----------------- Instantiating /home/travis/build/icyphy/ptII/ptolemy/actor/lib/test/auto/TimeDelayMicrosteps3.xml
3 ms. Memory: 452608K Free: 365042K (81%)
----------------- Invoking toplevel() on ptolemy.moml.MoMLSimpleApplication@7fe42894
----------------- Done invoking toplevel() on ptolemy.moml.MoMLSimpleApplication@7fe42894
reloadAllAccessors: .TimeDelayMicrosteps3

===========================================================================================
----------------- testing Sun Sep 08 05:43:28 UTC 2019 /home/travis/build/icyphy/ptII/ptolemy/actor/lib/test/auto/TimeDelayVariableMicrosteps.xml
----------------- Instantiating /home/travis/build/icyphy/ptII/ptolemy/actor/lib/test/auto/TimeDelayVariableMicrosteps.xml
6 ms. Memory: 452608K Free: 358416K (79%)
----------------- Invoking toplevel() on ptolemy.moml.MoMLSimpleApplication@6f2b4e43
----------------- Done invoking toplevel() on ptolemy.moml.MoMLSimpleApplication@6f2b4e43
reloadAllAccessors: .TimeDelayVariableMicrosteps

===========================================================================================
----------------- testing Sun Sep 08 05:43:28 UTC 2019 /home/travis/build/icyphy/ptII/ptolemy/actor/lib/test/auto/TimeGap.xml
----------------- Instantiating /home/travis/build/icyphy/ptII/ptolemy/actor/lib/test/auto/TimeGap.xml
5 ms. Memory: 452608K Free: 352770K (78%)
----------------- Invoking toplevel() on ptolemy.moml.MoMLSimpleApplication@694bb4f2
----------------- Done invoking toplevel() on ptolemy.moml.MoMLSimpleApplication@694bb4f2
reloadAllAccessors: .TimeGap

===========================================================================================
----------------- testing Sun Sep 08 05:43:28 UTC 2019 /home/travis/build/icyphy/ptII/ptolemy/actor/lib/test/auto/TimeGap2.xml
----------------- Instantiating /home/travis/build/icyphy/ptII/ptolemy/actor/lib/test/auto/TimeGap2.xml
2 ms. Memory: 452608K Free: 347154K (77%)
----------------- Invoking toplevel() on ptolemy.moml.MoMLSimpleApplication@2e9fe3ce
----------------- Done invoking toplevel() on ptolemy.moml.MoMLSimpleApplication@2e9fe3ce
reloadAllAccessors: .TimeGap2

===========================================================================================
----------------- testing Sun Sep 08 05:43:28 UTC 2019 /home/travis/build/icyphy/ptII/ptolemy/actor/lib/test/auto/TimedSinewave.xml
----------------- Instantiating /home/travis/build/icyphy/ptII/ptolemy/actor/lib/test/auto/TimedSinewave.xml
31 ms. Memory: 452608K Free: 332818K (74%)
----------------- Invoking toplevel() on ptolemy.moml.MoMLSimpleApplication@1325393e
----------------- Done invoking toplevel() on ptolemy.moml.MoMLSimpleApplication@1325393e
reloadAllAccessors: .TimedSinewave

===========================================================================================
----------------- testing Sun Sep 08 05:43:28 UTC 2019 /home/travis/build/icyphy/ptII/ptolemy/actor/lib/test/auto/TimedSinewavePhase.xml
----------------- Instantiating /home/travis/build/icyphy/ptII/ptolemy/actor/lib/test/auto/TimedSinewavePhase.xml
11 ms. Memory: 452608K Free: 323088K (71%)
----------------- Invoking toplevel() on ptolemy.moml.MoMLSimpleApplication@6b9eb625
----------------- Done invoking toplevel() on ptolemy.moml.MoMLSimpleApplication@6b9eb625
reloadAllAccessors: .TimedSinewavePhase

===========================================================================================
----------------- testing Sun Sep 08 05:43:28 UTC 2019 /home/travis/build/icyphy/ptII/ptolemy/actor/lib/test/auto/Timer.xml
----------------- Instantiating /home/travis/build/icyphy/ptII/ptolemy/actor/lib/test/auto/Timer.xml
2 ms. Memory: 452608K Free: 316944K (70%)
----------------- Invoking toplevel() on ptolemy.moml.MoMLSimpleApplication@50107f02
----------------- Done invoking toplevel() on ptolemy.moml.MoMLSimpleApplication@50107f02
reloadAllAccessors: .Timer

===========================================================================================
----------------- testing Sun Sep 08 05:43:28 UTC 2019 /home/travis/build/icyphy/ptII/ptolemy/actor/lib/test/auto/TriangularDistTestModel.xml
----------------- Instantiating /home/travis/build/icyphy/ptII/ptolemy/actor/lib/test/auto/TriangularDistTestModel.xml
3 ms. Memory: 452608K Free: 311314K (69%)
----------------- Invoking toplevel() on ptolemy.moml.MoMLSimpleApplication@7b6eef7d
----------------- Done invoking toplevel() on ptolemy.moml.MoMLSimpleApplication@7b6eef7d
reloadAllAccessors: .TriangularDistTestModel

===========================================================================================
----------------- testing Sun Sep 08 05:43:28 UTC 2019 /home/travis/build/icyphy/ptII/ptolemy/actor/lib/test/auto/TrigFunction.xml
----------------- Instantiating /home/travis/build/icyphy/ptII/ptolemy/actor/lib/test/auto/TrigFunction.xml
2 ms. Memory: 452608K Free: 306704K (68%)
----------------- Invoking toplevel() on ptolemy.moml.MoMLSimpleApplication@19cd57ca
----------------- Done invoking toplevel() on ptolemy.moml.MoMLSimpleApplication@19cd57ca
reloadAllAccessors: .TrigFunction

===========================================================================================
----------------- testing Sun Sep 08 05:43:29 UTC 2019 /home/travis/build/icyphy/ptII/ptolemy/actor/lib/test/auto/TrigFunctionDE.xml
----------------- Instantiating /home/travis/build/icyphy/ptII/ptolemy/actor/lib/test/auto/TrigFunctionDE.xml
3 ms. Memory: 452608K Free: 301074K (67%)
----------------- Invoking toplevel() on ptolemy.moml.MoMLSimpleApplication@28b96115
----------------- Done invoking toplevel() on ptolemy.moml.MoMLSimpleApplication@28b96115
reloadAllAccessors: .TrigFunctionDE

===========================================================================================
----------------- testing Sun Sep 08 05:43:29 UTC 2019 /home/travis/build/icyphy/ptII/ptolemy/actor/lib/test/auto/TrigFunctionInverse.xml
----------------- Instantiating /home/travis/build/icyphy/ptII/ptolemy/actor/lib/test/auto/TrigFunctionInverse.xml
2 ms. Memory: 452608K Free: 295954K (65%)
----------------- Invoking toplevel() on ptolemy.moml.MoMLSimpleApplication@1edc8694
----------------- Done invoking toplevel() on ptolemy.moml.MoMLSimpleApplication@1edc8694
reloadAllAccessors: .TrigFunctionInverse

===========================================================================================
----------------- testing Sun Sep 08 05:43:29 UTC 2019 /home/travis/build/icyphy/ptII/ptolemy/actor/lib/test/auto/TrigFunctionTan.xml
----------------- Instantiating /home/travis/build/icyphy/ptII/ptolemy/actor/lib/test/auto/TrigFunctionTan.xml
2 ms. Memory: 452608K Free: 290834K (64%)
----------------- Invoking toplevel() on ptolemy.moml.MoMLSimpleApplication@52357f94
----------------- Done invoking toplevel() on ptolemy.moml.MoMLSimpleApplication@52357f94
reloadAllAccessors: .TrigFunctionTan

===========================================================================================
----------------- testing Sun Sep 08 05:43:29 UTC 2019 /home/travis/build/icyphy/ptII/ptolemy/actor/lib/test/auto/TriggeredClock.xml
----------------- Instantiating /home/travis/build/icyphy/ptII/ptolemy/actor/lib/test/auto/TriggeredClock.xml
1 ms. Memory: 452608K Free: 285714K (63%)
----------------- Invoking toplevel() on ptolemy.moml.MoMLSimpleApplication@83788ae
----------------- Done invoking toplevel() on ptolemy.moml.MoMLSimpleApplication@83788ae
reloadAllAccessors: .TriggeredClock

===========================================================================================
----------------- testing Sun Sep 08 05:43:29 UTC 2019 /home/travis/build/icyphy/ptII/ptolemy/actor/lib/test/auto/URLDirectoryReader.xml
----------------- Instantiating /home/travis/build/icyphy/ptII/ptolemy/actor/lib/test/auto/URLDirectoryReader.xml
47 ms. Memory: 452608K Free: 275984K (61%)
----------------- Invoking toplevel() on ptolemy.moml.MoMLSimpleApplication@10a1ad1c
----------------- Done invoking toplevel() on ptolemy.moml.MoMLSimpleApplication@10a1ad1c
reloadAllAccessors: .URLDirectoryReader

===========================================================================================
----------------- testing Sun Sep 08 05:43:29 UTC 2019 /home/travis/build/icyphy/ptII/ptolemy/actor/lib/test/auto/URLDirectoryReader3.xml
----------------- Instantiating /home/travis/build/icyphy/ptII/ptolemy/actor/lib/test/auto/URLDirectoryReader3.xml
1260 ms. Memory: 452608K Free: 392289K (87%)
----------------- Invoking toplevel() on ptolemy.moml.MoMLSimpleApplication@74996cff
----------------- Done invoking toplevel() on ptolemy.moml.MoMLSimpleApplication@74996cff
reloadAllAccessors: .URLDirectoryReader3

===========================================================================================
----------------- testing Sun Sep 08 05:43:30 UTC 2019 /home/travis/build/icyphy/ptII/ptolemy/actor/lib/test/auto/UnaryMathFunction.xml
----------------- Instantiating /home/travis/build/icyphy/ptII/ptolemy/actor/lib/test/auto/UnaryMathFunction.xml
3 ms. Memory: 452608K Free: 384535K (85%)
----------------- Invoking toplevel() on ptolemy.moml.MoMLSimpleApplication@4c91726a
----------------- Done invoking toplevel() on ptolemy.moml.MoMLSimpleApplication@4c91726a
reloadAllAccessors: .UnaryMathFunction

===========================================================================================
----------------- testing Sun Sep 08 05:43:30 UTC 2019 /home/travis/build/icyphy/ptII/ptolemy/actor/lib/test/auto/Uniform.xml
----------------- Instantiating /home/travis/build/icyphy/ptII/ptolemy/actor/lib/test/auto/Uniform.xml
2 ms. Memory: 452608K Free: 379415K (84%)
----------------- Invoking toplevel() on ptolemy.moml.MoMLSimpleApplication@78bae3ed
----------------- Done invoking toplevel() on ptolemy.moml.MoMLSimpleApplication@78bae3ed
reloadAllAccessors: .Uniform

===========================================================================================
----------------- testing Sun Sep 08 05:43:30 UTC 2019 /home/travis/build/icyphy/ptII/ptolemy/actor/lib/test/auto/UnionDisassemblerTest.xml
----------------- Instantiating /home/travis/build/icyphy/ptII/ptolemy/actor/lib/test/auto/UnionDisassemblerTest.xml
9 ms. Memory: 452608K Free: 375833K (83%)
----------------- Invoking toplevel() on ptolemy.moml.MoMLSimpleApplication@561e5c44
----------------- Done invoking toplevel() on ptolemy.moml.MoMLSimpleApplication@561e5c44
reloadAllAccessors: .UnionDisassemblerTest

===========================================================================================
----------------- testing Sun Sep 08 05:43:30 UTC 2019 /home/travis/build/icyphy/ptII/ptolemy/actor/lib/test/auto/UtilityFunctions.xml
----------------- Instantiating /home/travis/build/icyphy/ptII/ptolemy/actor/lib/test/auto/UtilityFunctions.xml
2 ms. Memory: 452608K Free: 371737K (82%)
----------------- Invoking toplevel() on ptolemy.moml.MoMLSimpleApplication@523f38cc
----------------- Done invoking toplevel() on ptolemy.moml.MoMLSimpleApplication@523f38cc
reloadAllAccessors: .UtilityFunctions

===========================================================================================
----------------- testing Sun Sep 08 05:43:30 UTC 2019 /home/travis/build/icyphy/ptII/ptolemy/actor/lib/test/auto/VariableSleep.xml
----------------- Instantiating /home/travis/build/icyphy/ptII/ptolemy/actor/lib/test/auto/VariableSleep.xml
503 ms. Memory: 452608K Free: 366617K (81%)
----------------- Invoking toplevel() on ptolemy.moml.MoMLSimpleApplication@5950efd5
----------------- Done invoking toplevel() on ptolemy.moml.MoMLSimpleApplication@5950efd5
reloadAllAccessors: .VariableSleep

===========================================================================================
----------------- testing Sun Sep 08 05:43:31 UTC 2019 /home/travis/build/icyphy/ptII/ptolemy/actor/lib/test/auto/VectorAssemblerDisassemblerCT.xml
----------------- Instantiating /home/travis/build/icyphy/ptII/ptolemy/actor/lib/test/auto/VectorAssemblerDisassemblerCT.xml
73 ms. Memory: 452608K Free: 345623K (76%)
----------------- Invoking toplevel() on ptolemy.moml.MoMLSimpleApplication@93a1330
----------------- Done invoking toplevel() on ptolemy.moml.MoMLSimpleApplication@93a1330
reloadAllAccessors: .VectorAssemblerDisassemblerCT

===========================================================================================
----------------- testing Sun Sep 08 05:43:31 UTC 2019 /home/travis/build/icyphy/ptII/ptolemy/actor/lib/test/auto/VectorAssemblerDisassemblerDE.xml
----------------- Instantiating /home/travis/build/icyphy/ptII/ptolemy/actor/lib/test/auto/VectorAssemblerDisassemblerDE.xml
9 ms. Memory: 452608K Free: 338455K (75%)
----------------- Invoking toplevel() on ptolemy.moml.MoMLSimpleApplication@69dd61ec
----------------- Done invoking toplevel() on ptolemy.moml.MoMLSimpleApplication@69dd61ec
reloadAllAccessors: .VectorAssemblerDisassemblerDE

===========================================================================================
----------------- testing Sun Sep 08 05:43:31 UTC 2019 /home/travis/build/icyphy/ptII/ptolemy/actor/lib/test/auto/VectorAssemblerDisassemblerSDF.xml
----------------- Instantiating /home/travis/build/icyphy/ptII/ptolemy/actor/lib/test/auto/VectorAssemblerDisassemblerSDF.xml
3 ms. Memory: 452608K Free: 331801K (73%)
----------------- Invoking toplevel() on ptolemy.moml.MoMLSimpleApplication@5b09de6e
----------------- Done invoking toplevel() on ptolemy.moml.MoMLSimpleApplication@5b09de6e
reloadAllAccessors: .VectorAssemblerDisassemblerSDF

===========================================================================================
----------------- testing Sun Sep 08 05:43:31 UTC 2019 /home/travis/build/icyphy/ptII/ptolemy/actor/lib/test/auto/WallClockTime.xml
----------------- Instantiating /home/travis/build/icyphy/ptII/ptolemy/actor/lib/test/auto/WallClockTime.xml
1006 ms. Memory: 452608K Free: 326681K (72%)
----------------- Invoking toplevel() on ptolemy.moml.MoMLSimpleApplication@5370e089
----------------- Done invoking toplevel() on ptolemy.moml.MoMLSimpleApplication@5370e089
reloadAllAccessors: .WallClockTime

===========================================================================================
----------------- testing Sun Sep 08 05:43:32 UTC 2019 /home/travis/build/icyphy/ptII/ptolemy/actor/lib/test/auto/WidthTestWithSubscriberPublisher.xml
----------------- Instantiating /home/travis/build/icyphy/ptII/ptolemy/actor/lib/test/auto/WidthTestWithSubscriberPublisher.xml
8 ms. Memory: 452608K Free: 308249K (68%)
----------------- Invoking toplevel() on ptolemy.moml.MoMLSimpleApplication@94f3257
----------------- Done invoking toplevel() on ptolemy.moml.MoMLSimpleApplication@94f3257
reloadAllAccessors: .WidthTestWithSubscriberPublisher

===========================================================================================
----------------- testing Sun Sep 08 05:43:32 UTC 2019 /home/travis/build/icyphy/ptII/ptolemy/actor/lib/test/auto/WidthTestWithSubscriberPublisher2.xml
----------------- Instantiating /home/travis/build/icyphy/ptII/ptolemy/actor/lib/test/auto/WidthTestWithSubscriberPublisher2.xml
3 ms. Memory: 452608K Free: 301591K (67%)
----------------- Invoking toplevel() on ptolemy.moml.MoMLSimpleApplication@752a2b9e
----------------- Done invoking toplevel() on ptolemy.moml.MoMLSimpleApplication@752a2b9e
reloadAllAccessors: .WidthTestWithSubscriberPublisher2

===========================================================================================
----------------- testing Sun Sep 08 05:43:32 UTC 2019 /home/travis/build/icyphy/ptII/ptolemy/actor/lib/test/auto/WidthTestWithSubscriberPublisher3.xml
----------------- Instantiating /home/travis/build/icyphy/ptII/ptolemy/actor/lib/test/auto/WidthTestWithSubscriberPublisher3.xml
2 ms. Memory: 452608K Free: 295447K (65%)
----------------- Invoking toplevel() on ptolemy.moml.MoMLSimpleApplication@71b75477
----------------- Done invoking toplevel() on ptolemy.moml.MoMLSimpleApplication@71b75477
reloadAllAccessors: .WidthTestWithSubscriberPublisher3

===========================================================================================
----------------- testing Sun Sep 08 05:43:32 UTC 2019 /home/travis/build/icyphy/ptII/ptolemy/actor/lib/test/auto/Writer.xml
----------------- Instantiating /home/travis/build/icyphy/ptII/ptolemy/actor/lib/test/auto/Writer.xml
0
1
2
3
4
2 ms. Memory: 452608K Free: 291321K (64%)
----------------- Invoking toplevel() on ptolemy.moml.MoMLSimpleApplication@40315c68
----------------- Done invoking toplevel() on ptolemy.moml.MoMLSimpleApplication@40315c68
reloadAllAccessors: .Writer

===========================================================================================
----------------- testing Sun Sep 08 05:43:32 UTC 2019 /home/travis/build/icyphy/ptII/ptolemy/actor/lib/test/auto/array.xml
----------------- Instantiating /home/travis/build/icyphy/ptII/ptolemy/actor/lib/test/auto/array.xml
4 ms. Memory: 452608K Free: 286745K (63%)
----------------- Invoking toplevel() on ptolemy.moml.MoMLSimpleApplication@c6e152b
----------------- Done invoking toplevel() on ptolemy.moml.MoMLSimpleApplication@c6e152b
reloadAllAccessors: .array

===========================================================================================
----------------- testing Sun Sep 08 05:43:32 UTC 2019 /home/travis/build/icyphy/ptII/ptolemy/actor/lib/test/auto/array2.xml
----------------- Instantiating /home/travis/build/icyphy/ptII/ptolemy/actor/lib/test/auto/array2.xml
7 ms. Memory: 452608K Free: 282121K (62%)
----------------- Invoking toplevel() on ptolemy.moml.MoMLSimpleApplication@16a1dbae
----------------- Done invoking toplevel() on ptolemy.moml.MoMLSimpleApplication@16a1dbae
reloadAllAccessors: .array2

===========================================================================================
----------------- testing Sun Sep 08 05:43:32 UTC 2019 /home/travis/build/icyphy/ptII/ptolemy/actor/lib/test/auto/arrayType.xml
----------------- Instantiating /home/travis/build/icyphy/ptII/ptolemy/actor/lib/test/auto/arrayType.xml
2 ms. Memory: 452608K Free: 276505K (61%)
----------------- Invoking toplevel() on ptolemy.moml.MoMLSimpleApplication@3a8da35b
----------------- Done invoking toplevel() on ptolemy.moml.MoMLSimpleApplication@3a8da35b
reloadAllAccessors: .arrayType

===========================================================================================
----------------- testing Sun Sep 08 05:43:32 UTC 2019 /home/travis/build/icyphy/ptII/ptolemy/actor/lib/test/auto/arrayType10.xml
----------------- Instantiating /home/travis/build/icyphy/ptII/ptolemy/actor/lib/test/auto/arrayType10.xml
2 ms. Memory: 452608K Free: 271895K (60%)
----------------- Invoking toplevel() on ptolemy.moml.MoMLSimpleApplication@1222e093
----------------- Done invoking toplevel() on ptolemy.moml.MoMLSimpleApplication@1222e093
reloadAllAccessors: .arrayType10

===========================================================================================
----------------- testing Sun Sep 08 05:43:32 UTC 2019 /home/travis/build/icyphy/ptII/ptolemy/actor/lib/test/auto/arrayType11.xml
----------------- Instantiating /home/travis/build/icyphy/ptII/ptolemy/actor/lib/test/auto/arrayType11.xml
7 ms. Memory: 452608K Free: 267289K (59%)
----------------- Invoking toplevel() on ptolemy.moml.MoMLSimpleApplication@211ec6d2
----------------- Done invoking toplevel() on ptolemy.moml.MoMLSimpleApplication@211ec6d2
reloadAllAccessors: .arrayType11

===========================================================================================
----------------- testing Sun Sep 08 05:43:32 UTC 2019 /home/travis/build/icyphy/ptII/ptolemy/actor/lib/test/auto/arrayType12.xml
----------------- Instantiating /home/travis/build/icyphy/ptII/ptolemy/actor/lib/test/auto/arrayType12.xml
2 ms. Memory: 452608K Free: 262679K (58%)
----------------- Invoking toplevel() on ptolemy.moml.MoMLSimpleApplication@334a5ef5
----------------- Done invoking toplevel() on ptolemy.moml.MoMLSimpleApplication@334a5ef5
reloadAllAccessors: .arrayType12

===========================================================================================
----------------- testing Sun Sep 08 05:43:32 UTC 2019 /home/travis/build/icyphy/ptII/ptolemy/actor/lib/test/auto/arrayType13.xml
----------------- Instantiating /home/travis/build/icyphy/ptII/ptolemy/actor/lib/test/auto/arrayType13.xml
2 ms. Memory: 452608K Free: 257559K (57%)
----------------- Invoking toplevel() on ptolemy.moml.MoMLSimpleApplication@33d33fe2
----------------- Done invoking toplevel() on ptolemy.moml.MoMLSimpleApplication@33d33fe2
reloadAllAccessors: .arrayType13

===========================================================================================
----------------- testing Sun Sep 08 05:43:32 UTC 2019 /home/travis/build/icyphy/ptII/ptolemy/actor/lib/test/auto/arrayType14.xml
----------------- Instantiating /home/travis/build/icyphy/ptII/ptolemy/actor/lib/test/auto/arrayType14.xml
2 ms. Memory: 452608K Free: 251929K (56%)
----------------- Invoking toplevel() on ptolemy.moml.MoMLSimpleApplication@72376bb9
----------------- Done invoking toplevel() on ptolemy.moml.MoMLSimpleApplication@72376bb9
reloadAllAccessors: .arrayType14

===========================================================================================
----------------- testing Sun Sep 08 05:43:32 UTC 2019 /home/travis/build/icyphy/ptII/ptolemy/actor/lib/test/auto/arrayType15.xml
----------------- Instantiating /home/travis/build/icyphy/ptII/ptolemy/actor/lib/test/auto/arrayType15.xml
3 ms. Memory: 452608K Free: 246809K (55%)
----------------- Invoking toplevel() on ptolemy.moml.MoMLSimpleApplication@49396cdf
----------------- Done invoking toplevel() on ptolemy.moml.MoMLSimpleApplication@49396cdf
reloadAllAccessors: .arrayType15

===========================================================================================
----------------- testing Sun Sep 08 05:43:32 UTC 2019 /home/travis/build/icyphy/ptII/ptolemy/actor/lib/test/auto/arrayType16.xml
----------------- Instantiating /home/travis/build/icyphy/ptII/ptolemy/actor/lib/test/auto/arrayType16.xml
2 ms. Memory: 452608K Free: 241689K (53%)
----------------- Invoking toplevel() on ptolemy.moml.MoMLSimpleApplication@40526a89
----------------- Done invoking toplevel() on ptolemy.moml.MoMLSimpleApplication@40526a89
reloadAllAccessors: .arrayType16

===========================================================================================
----------------- testing Sun Sep 08 05:43:32 UTC 2019 /home/travis/build/icyphy/ptII/ptolemy/actor/lib/test/auto/arrayType17.xml
----------------- Instantiating /home/travis/build/icyphy/ptII/ptolemy/actor/lib/test/auto/arrayType17.xml
1 ms. Memory: 452608K Free: 236569K (52%)
----------------- Invoking toplevel() on ptolemy.moml.MoMLSimpleApplication@195e25e1
----------------- Done invoking toplevel() on ptolemy.moml.MoMLSimpleApplication@195e25e1
reloadAllAccessors: .arrayType17

===========================================================================================
----------------- testing Sun Sep 08 05:43:32 UTC 2019 /home/travis/build/icyphy/ptII/ptolemy/actor/lib/test/auto/arrayType18.xml
----------------- Instantiating /home/travis/build/icyphy/ptII/ptolemy/actor/lib/test/auto/arrayType18.xml
1 ms. Memory: 452608K Free: 231449K (51%)
----------------- Invoking toplevel() on ptolemy.moml.MoMLSimpleApplication@5acec28d
----------------- Done invoking toplevel() on ptolemy.moml.MoMLSimpleApplication@5acec28d
reloadAllAccessors: .arrayType18

===========================================================================================
----------------- testing Sun Sep 08 05:43:32 UTC 2019 /home/travis/build/icyphy/ptII/ptolemy/actor/lib/test/auto/arrayType19.xml
----------------- Instantiating /home/travis/build/icyphy/ptII/ptolemy/actor/lib/test/auto/arrayType19.xml
2 ms. Memory: 452608K Free: 226839K (50%)
----------------- Invoking toplevel() on ptolemy.moml.MoMLSimpleApplication@6b7f7ba1
----------------- Done invoking toplevel() on ptolemy.moml.MoMLSimpleApplication@6b7f7ba1
reloadAllAccessors: .arrayType19

===========================================================================================
----------------- testing Sun Sep 08 05:43:32 UTC 2019 /home/travis/build/icyphy/ptII/ptolemy/actor/lib/test/auto/arrayType2.xml
----------------- Instantiating /home/travis/build/icyphy/ptII/ptolemy/actor/lib/test/auto/arrayType2.xml
2 ms. Memory: 452608K Free: 221719K (49%)
----------------- Invoking toplevel() on ptolemy.moml.MoMLSimpleApplication@5d00adc2
----------------- Done invoking toplevel() on ptolemy.moml.MoMLSimpleApplication@5d00adc2
reloadAllAccessors: .arrayType2

===========================================================================================
----------------- testing Sun Sep 08 05:43:32 UTC 2019 /home/travis/build/icyphy/ptII/ptolemy/actor/lib/test/auto/arrayType20.xml
----------------- Instantiating /home/travis/build/icyphy/ptII/ptolemy/actor/lib/test/auto/arrayType20.xml
2 ms. Memory: 452608K Free: 217113K (48%)
----------------- Invoking toplevel() on ptolemy.moml.MoMLSimpleApplication@23fa875c
----------------- Done invoking toplevel() on ptolemy.moml.MoMLSimpleApplication@23fa875c
reloadAllAccessors: .arrayType20

===========================================================================================
----------------- testing Sun Sep 08 05:43:32 UTC 2019 /home/travis/build/icyphy/ptII/ptolemy/actor/lib/test/auto/arrayType21.xml
----------------- Instantiating /home/travis/build/icyphy/ptII/ptolemy/actor/lib/test/auto/arrayType21.xml
2 ms. Memory: 452608K Free: 211993K (47%)
----------------- Invoking toplevel() on ptolemy.moml.MoMLSimpleApplication@2368579e
----------------- Done invoking toplevel() on ptolemy.moml.MoMLSimpleApplication@2368579e
reloadAllAccessors: .arrayType21

===========================================================================================
----------------- testing Sun Sep 08 05:43:32 UTC 2019 /home/travis/build/icyphy/ptII/ptolemy/actor/lib/test/auto/arrayType22.xml
----------------- Instantiating /home/travis/build/icyphy/ptII/ptolemy/actor/lib/test/auto/arrayType22.xml
1 ms. Memory: 452608K Free: 207383K (46%)
----------------- Invoking toplevel() on ptolemy.moml.MoMLSimpleApplication@2ad053c4
----------------- Done invoking toplevel() on ptolemy.moml.MoMLSimpleApplication@2ad053c4
reloadAllAccessors: .arrayType22

===========================================================================================
----------------- testing Sun Sep 08 05:43:32 UTC 2019 /home/travis/build/icyphy/ptII/ptolemy/actor/lib/test/auto/arrayType23.xml
----------------- Instantiating /home/travis/build/icyphy/ptII/ptolemy/actor/lib/test/auto/arrayType23.xml
3 ms. Memory: 452608K Free: 202777K (45%)
----------------- Invoking toplevel() on ptolemy.moml.MoMLSimpleApplication@8393d69
----------------- Done invoking toplevel() on ptolemy.moml.MoMLSimpleApplication@8393d69
reloadAllAccessors: .arrayType23

===========================================================================================
----------------- testing Sun Sep 08 05:43:32 UTC 2019 /home/travis/build/icyphy/ptII/ptolemy/actor/lib/test/auto/arrayType24.xml
----------------- Instantiating /home/travis/build/icyphy/ptII/ptolemy/actor/lib/test/auto/arrayType24.xml
1 ms. Memory: 452608K Free: 197657K (44%)
----------------- Invoking toplevel() on ptolemy.moml.MoMLSimpleApplication@6f76e514
----------------- Done invoking toplevel() on ptolemy.moml.MoMLSimpleApplication@6f76e514
reloadAllAccessors: .arrayType24

===========================================================================================
----------------- testing Sun Sep 08 05:43:32 UTC 2019 /home/travis/build/icyphy/ptII/ptolemy/actor/lib/test/auto/arrayType25.xml
----------------- Instantiating /home/travis/build/icyphy/ptII/ptolemy/actor/lib/test/auto/arrayType25.xml
1 ms. Memory: 452608K Free: 192023K (42%)
----------------- Invoking toplevel() on ptolemy.moml.MoMLSimpleApplication@59990c8e
----------------- Done invoking toplevel() on ptolemy.moml.MoMLSimpleApplication@59990c8e
reloadAllAccessors: .arrayType25

===========================================================================================
----------------- testing Sun Sep 08 05:43:32 UTC 2019 /home/travis/build/icyphy/ptII/ptolemy/actor/lib/test/auto/arrayType26.xml
----------------- Instantiating /home/travis/build/icyphy/ptII/ptolemy/actor/lib/test/auto/arrayType26.xml
1 ms. Memory: 452608K Free: 186903K (41%)
----------------- Invoking toplevel() on ptolemy.moml.MoMLSimpleApplication@55b2381a
----------------- Done invoking toplevel() on ptolemy.moml.MoMLSimpleApplication@55b2381a
reloadAllAccessors: .arrayType26

===========================================================================================
----------------- testing Sun Sep 08 05:43:32 UTC 2019 /home/travis/build/icyphy/ptII/ptolemy/actor/lib/test/auto/arrayType27.xml
----------------- Instantiating /home/travis/build/icyphy/ptII/ptolemy/actor/lib/test/auto/arrayType27.xml
2 ms. Memory: 452608K Free: 181783K (40%)
----------------- Invoking toplevel() on ptolemy.moml.MoMLSimpleApplication@79df7efc
----------------- Done invoking toplevel() on ptolemy.moml.MoMLSimpleApplication@79df7efc
reloadAllAccessors: .arrayType27

===========================================================================================
----------------- testing Sun Sep 08 05:43:32 UTC 2019 /home/travis/build/icyphy/ptII/ptolemy/actor/lib/test/auto/arrayType28.xml
----------------- Instantiating /home/travis/build/icyphy/ptII/ptolemy/actor/lib/test/auto/arrayType28.xml
5 ms. Memory: 452608K Free: 176663K (39%)
----------------- Invoking toplevel() on ptolemy.moml.MoMLSimpleApplication@173322a1
----------------- Done invoking toplevel() on ptolemy.moml.MoMLSimpleApplication@173322a1
reloadAllAccessors: .arrayType28

===========================================================================================
----------------- testing Sun Sep 08 05:43:32 UTC 2019 /home/travis/build/icyphy/ptII/ptolemy/actor/lib/test/auto/arrayType3.xml
----------------- Instantiating /home/travis/build/icyphy/ptII/ptolemy/actor/lib/test/auto/arrayType3.xml
7 ms. Memory: 452608K Free: 171033K (38%)
----------------- Invoking toplevel() on ptolemy.moml.MoMLSimpleApplication@24febf77
----------------- Done invoking toplevel() on ptolemy.moml.MoMLSimpleApplication@24febf77
reloadAllAccessors: .arrayType3

===========================================================================================
----------------- testing Sun Sep 08 05:43:32 UTC 2019 /home/travis/build/icyphy/ptII/ptolemy/actor/lib/test/auto/arrayType4.xml
----------------- Instantiating /home/travis/build/icyphy/ptII/ptolemy/actor/lib/test/auto/arrayType4.xml
2 ms. Memory: 452608K Free: 165913K (37%)
----------------- Invoking toplevel() on ptolemy.moml.MoMLSimpleApplication@1f518e2d
----------------- Done invoking toplevel() on ptolemy.moml.MoMLSimpleApplication@1f518e2d
reloadAllAccessors: .arrayType4

===========================================================================================
----------------- testing Sun Sep 08 05:43:33 UTC 2019 /home/travis/build/icyphy/ptII/ptolemy/actor/lib/test/auto/arrayType5.xml
----------------- Instantiating /home/travis/build/icyphy/ptII/ptolemy/actor/lib/test/auto/arrayType5.xml
2 ms. Memory: 452608K Free: 160793K (36%)
----------------- Invoking toplevel() on ptolemy.moml.MoMLSimpleApplication@fe1f8d
----------------- Done invoking toplevel() on ptolemy.moml.MoMLSimpleApplication@fe1f8d
reloadAllAccessors: .arrayType5

===========================================================================================
----------------- testing Sun Sep 08 05:43:33 UTC 2019 /home/travis/build/icyphy/ptII/ptolemy/actor/lib/test/auto/arrayType6.xml
----------------- Instantiating /home/travis/build/icyphy/ptII/ptolemy/actor/lib/test/auto/arrayType6.xml
1 ms. Memory: 452608K Free: 156183K (35%)
----------------- Invoking toplevel() on ptolemy.moml.MoMLSimpleApplication@6cbbfd1
----------------- Done invoking toplevel() on ptolemy.moml.MoMLSimpleApplication@6cbbfd1
reloadAllAccessors: .arrayType6

===========================================================================================
----------------- testing Sun Sep 08 05:43:33 UTC 2019 /home/travis/build/icyphy/ptII/ptolemy/actor/lib/test/auto/arrayType7.xml
----------------- Instantiating /home/travis/build/icyphy/ptII/ptolemy/actor/lib/test/auto/arrayType7.xml
2 ms. Memory: 452608K Free: 151063K (33%)
----------------- Invoking toplevel() on ptolemy.moml.MoMLSimpleApplication@2c3459f1
----------------- Done invoking toplevel() on ptolemy.moml.MoMLSimpleApplication@2c3459f1
reloadAllAccessors: .arrayType7

===========================================================================================
----------------- testing Sun Sep 08 05:43:33 UTC 2019 /home/travis/build/icyphy/ptII/ptolemy/actor/lib/test/auto/arrayType8.xml
----------------- Instantiating /home/travis/build/icyphy/ptII/ptolemy/actor/lib/test/auto/arrayType8.xml
2 ms. Memory: 452608K Free: 146457K (32%)
----------------- Invoking toplevel() on ptolemy.moml.MoMLSimpleApplication@2b029ba8
----------------- Done invoking toplevel() on ptolemy.moml.MoMLSimpleApplication@2b029ba8
reloadAllAccessors: .arrayType8

===========================================================================================
----------------- testing Sun Sep 08 05:43:33 UTC 2019 /home/travis/build/icyphy/ptII/ptolemy/actor/lib/test/auto/arrayType9.xml
----------------- Instantiating /home/travis/build/icyphy/ptII/ptolemy/actor/lib/test/auto/arrayType9.xml
2 ms. Memory: 452608K Free: 141847K (31%)
----------------- Invoking toplevel() on ptolemy.moml.MoMLSimpleApplication@3d43b162
----------------- Done invoking toplevel() on ptolemy.moml.MoMLSimpleApplication@3d43b162
reloadAllAccessors: .arrayType9

===========================================================================================
----------------- testing Sun Sep 08 05:43:33 UTC 2019 /home/travis/build/icyphy/ptII/ptolemy/actor/lib/test/auto/cast.xml
----------------- Instantiating /home/travis/build/icyphy/ptII/ptolemy/actor/lib/test/auto/cast.xml
3 ms. Memory: 452608K Free: 136727K (30%)
----------------- Invoking toplevel() on ptolemy.moml.MoMLSimpleApplication@30fd04e6
----------------- Done invoking toplevel() on ptolemy.moml.MoMLSimpleApplication@30fd04e6
reloadAllAccessors: .cast

===========================================================================================
----------------- testing Sun Sep 08 05:43:33 UTC 2019 /home/travis/build/icyphy/ptII/ptolemy/actor/lib/test/auto/compositeMultiPort.xml
----------------- Instantiating /home/travis/build/icyphy/ptII/ptolemy/actor/lib/test/auto/compositeMultiPort.xml
13 ms. Memory: 452608K Free: 393346K (87%)
----------------- Invoking toplevel() on ptolemy.moml.MoMLSimpleApplication@1db302eb
----------------- Done invoking toplevel() on ptolemy.moml.MoMLSimpleApplication@1db302eb
reloadAllAccessors: .compositeMultiPort

===========================================================================================
----------------- testing Sun Sep 08 05:43:33 UTC 2019 /home/travis/build/icyphy/ptII/ptolemy/actor/lib/test/auto/expressionCastInference.xml
----------------- Instantiating /home/travis/build/icyphy/ptII/ptolemy/actor/lib/test/auto/expressionCastInference.xml
9 ms. Memory: 452608K Free: 388226K (86%)
----------------- Invoking toplevel() on ptolemy.moml.MoMLSimpleApplication@b91e555
----------------- Done invoking toplevel() on ptolemy.moml.MoMLSimpleApplication@b91e555
reloadAllAccessors: .expressionCastInference

===========================================================================================
----------------- testing Sun Sep 08 05:43:33 UTC 2019 /home/travis/build/icyphy/ptII/ptolemy/actor/lib/test/auto/expressionCastInference2.xml
----------------- Instantiating /home/travis/build/icyphy/ptII/ptolemy/actor/lib/test/auto/expressionCastInference2.xml
3 ms. Memory: 452608K Free: 383616K (85%)
----------------- Invoking toplevel() on ptolemy.moml.MoMLSimpleApplication@5dbd6b66
----------------- Done invoking toplevel() on ptolemy.moml.MoMLSimpleApplication@5dbd6b66
reloadAllAccessors: .expressionCastInference2

===========================================================================================
----------------- testing Sun Sep 08 05:43:33 UTC 2019 /home/travis/build/icyphy/ptII/ptolemy/actor/lib/test/auto/expressionInference.xml
----------------- Instantiating /home/travis/build/icyphy/ptII/ptolemy/actor/lib/test/auto/expressionInference.xml
2 ms. Memory: 452608K Free: 379520K (84%)
----------------- Invoking toplevel() on ptolemy.moml.MoMLSimpleApplication@314cf43
----------------- Done invoking toplevel() on ptolemy.moml.MoMLSimpleApplication@314cf43
reloadAllAccessors: .expressionInference

===========================================================================================
----------------- testing Sun Sep 08 05:43:33 UTC 2019 /home/travis/build/icyphy/ptII/ptolemy/actor/lib/test/auto/expression_bug.xml
----------------- Instantiating /home/travis/build/icyphy/ptII/ptolemy/actor/lib/test/auto/expression_bug.xml
2 ms. Memory: 452608K Free: 374914K (83%)
----------------- Invoking toplevel() on ptolemy.moml.MoMLSimpleApplication@a3e2497
----------------- Done invoking toplevel() on ptolemy.moml.MoMLSimpleApplication@a3e2497
reloadAllAccessors: .expression_bug

===========================================================================================
----------------- testing Sun Sep 08 05:43:33 UTC 2019 /home/travis/build/icyphy/ptII/ptolemy/actor/lib/test/auto/factorial.xml
----------------- Instantiating /home/travis/build/icyphy/ptII/ptolemy/actor/lib/test/auto/factorial.xml
37 ms. Memory: 452608K Free: 366208K (81%)
----------------- Invoking toplevel() on ptolemy.moml.MoMLSimpleApplication@566ad173
----------------- Done invoking toplevel() on ptolemy.moml.MoMLSimpleApplication@566ad173
reloadAllAccessors: .factorial

===========================================================================================
----------------- testing Sun Sep 08 05:43:33 UTC 2019 /home/travis/build/icyphy/ptII/ptolemy/actor/lib/test/auto/filterTest1.xml
----------------- Instantiating /home/travis/build/icyphy/ptII/ptolemy/actor/lib/test/auto/filterTest1.xml
3 ms. Memory: 452608K Free: 360578K (80%)
----------------- Invoking toplevel() on ptolemy.moml.MoMLSimpleApplication@5f9b6f85
----------------- Done invoking toplevel() on ptolemy.moml.MoMLSimpleApplication@5f9b6f85
reloadAllAccessors: .filterTest1

===========================================================================================
----------------- testing Sun Sep 08 05:43:33 UTC 2019 /home/travis/build/icyphy/ptII/ptolemy/actor/lib/test/auto/funcApplyInConst.xml
----------------- Instantiating /home/travis/build/icyphy/ptII/ptolemy/actor/lib/test/auto/funcApplyInConst.xml
2 ms. Memory: 452608K Free: 356482K (79%)
----------------- Invoking toplevel() on ptolemy.moml.MoMLSimpleApplication@35699b10
----------------- Done invoking toplevel() on ptolemy.moml.MoMLSimpleApplication@35699b10
reloadAllAccessors: .funcApplyInConst

===========================================================================================
----------------- testing Sun Sep 08 05:43:33 UTC 2019 /home/travis/build/icyphy/ptII/ptolemy/actor/lib/test/auto/funcApplyInExpr.xml
----------------- Instantiating /home/travis/build/icyphy/ptII/ptolemy/actor/lib/test/auto/funcApplyInExpr.xml
1 ms. Memory: 452608K Free: 352896K (78%)
----------------- Invoking toplevel() on ptolemy.moml.MoMLSimpleApplication@60ce2344
----------------- Done invoking toplevel() on ptolemy.moml.MoMLSimpleApplication@60ce2344
reloadAllAccessors: .funcApplyInExpr

===========================================================================================
----------------- testing Sun Sep 08 05:43:33 UTC 2019 /home/travis/build/icyphy/ptII/ptolemy/actor/lib/test/auto/function.xml
----------------- Instantiating /home/travis/build/icyphy/ptII/ptolemy/actor/lib/test/auto/function.xml
2 ms. Memory: 452608K Free: 348290K (77%)
----------------- Invoking toplevel() on ptolemy.moml.MoMLSimpleApplication@7831f36d
----------------- Done invoking toplevel() on ptolemy.moml.MoMLSimpleApplication@7831f36d
reloadAllAccessors: .function

===========================================================================================
----------------- testing Sun Sep 08 05:43:33 UTC 2019 /home/travis/build/icyphy/ptII/ptolemy/actor/lib/test/auto/function2.xml
----------------- Instantiating /home/travis/build/icyphy/ptII/ptolemy/actor/lib/test/auto/function2.xml
3 ms. Memory: 452608K Free: 343170K (76%)
----------------- Invoking toplevel() on ptolemy.moml.MoMLSimpleApplication@d540b50
----------------- Done invoking toplevel() on ptolemy.moml.MoMLSimpleApplication@d540b50
reloadAllAccessors: .function2

===========================================================================================
----------------- testing Sun Sep 08 05:43:33 UTC 2019 /home/travis/build/icyphy/ptII/ptolemy/actor/lib/test/auto/function3.xml
----------------- Instantiating /home/travis/build/icyphy/ptII/ptolemy/actor/lib/test/auto/function3.xml
2 ms. Memory: 452608K Free: 339584K (75%)
----------------- Invoking toplevel() on ptolemy.moml.MoMLSimpleApplication@1420408c
----------------- Done invoking toplevel() on ptolemy.moml.MoMLSimpleApplication@1420408c
reloadAllAccessors: .function3

===========================================================================================
----------------- testing Sun Sep 08 05:43:33 UTC 2019 /home/travis/build/icyphy/ptII/ptolemy/actor/lib/test/auto/functionClosureTest1.xml
----------------- Instantiating /home/travis/build/icyphy/ptII/ptolemy/actor/lib/test/auto/functionClosureTest1.xml
2 ms. Memory: 452608K Free: 333954K (74%)
----------------- Invoking toplevel() on ptolemy.moml.MoMLSimpleApplication@28872b5d
----------------- Done invoking toplevel() on ptolemy.moml.MoMLSimpleApplication@28872b5d
reloadAllAccessors: .functionClosureTest1

===========================================================================================
----------------- testing Sun Sep 08 05:43:33 UTC 2019 /home/travis/build/icyphy/ptII/ptolemy/actor/lib/test/auto/functionClosureTest2.xml
----------------- Instantiating /home/travis/build/icyphy/ptII/ptolemy/actor/lib/test/auto/functionClosureTest2.xml
1 ms. Memory: 452608K Free: 329858K (73%)
----------------- Invoking toplevel() on ptolemy.moml.MoMLSimpleApplication@226f8599
----------------- Done invoking toplevel() on ptolemy.moml.MoMLSimpleApplication@226f8599
reloadAllAccessors: .functionClosureTest2

===========================================================================================
----------------- testing Sun Sep 08 05:43:33 UTC 2019 /home/travis/build/icyphy/ptII/ptolemy/actor/lib/test/auto/functionClosureTest3.xml
----------------- Instantiating /home/travis/build/icyphy/ptII/ptolemy/actor/lib/test/auto/functionClosureTest3.xml
2 ms. Memory: 452608K Free: 324738K (72%)
----------------- Invoking toplevel() on ptolemy.moml.MoMLSimpleApplication@5fe1952b
----------------- Done invoking toplevel() on ptolemy.moml.MoMLSimpleApplication@5fe1952b
reloadAllAccessors: .functionClosureTest3

===========================================================================================
----------------- testing Sun Sep 08 05:43:33 UTC 2019 /home/travis/build/icyphy/ptII/ptolemy/actor/lib/test/auto/functionClosureTest4.xml
----------------- Instantiating /home/travis/build/icyphy/ptII/ptolemy/actor/lib/test/auto/functionClosureTest4.xml
4 ms. Memory: 452608K Free: 318594K (70%)
----------------- Invoking toplevel() on ptolemy.moml.MoMLSimpleApplication@4c22130b
----------------- Done invoking toplevel() on ptolemy.moml.MoMLSimpleApplication@4c22130b
reloadAllAccessors: .functionClosureTest4

===========================================================================================
----------------- testing Sun Sep 08 05:43:33 UTC 2019 /home/travis/build/icyphy/ptII/ptolemy/actor/lib/test/auto/functionClosureTest5.xml
----------------- Instantiating /home/travis/build/icyphy/ptII/ptolemy/actor/lib/test/auto/functionClosureTest5.xml
4 ms. Memory: 452608K Free: 312945K (69%)
----------------- Invoking toplevel() on ptolemy.moml.MoMLSimpleApplication@6717a26e
----------------- Done invoking toplevel() on ptolemy.moml.MoMLSimpleApplication@6717a26e
reloadAllAccessors: .functionClosureTest5

===========================================================================================
----------------- testing Sun Sep 08 05:43:33 UTC 2019 /home/travis/build/icyphy/ptII/ptolemy/actor/lib/test/auto/functionClosureTest6.xml
----------------- Instantiating /home/travis/build/icyphy/ptII/ptolemy/actor/lib/test/auto/functionClosureTest6.xml
2 ms. Memory: 452608K Free: 308354K (68%)
----------------- Invoking toplevel() on ptolemy.moml.MoMLSimpleApplication@2959a3bd
----------------- Done invoking toplevel() on ptolemy.moml.MoMLSimpleApplication@2959a3bd
reloadAllAccessors: .functionClosureTest6

===========================================================================================
----------------- testing Sun Sep 08 05:43:33 UTC 2019 /home/travis/build/icyphy/ptII/ptolemy/actor/lib/test/auto/functionsOnArcs.xml
----------------- Instantiating /home/travis/build/icyphy/ptII/ptolemy/actor/lib/test/auto/functionsOnArcs.xml
2 ms. Memory: 452608K Free: 303234K (67%)
----------------- Invoking toplevel() on ptolemy.moml.MoMLSimpleApplication@502feaf6
----------------- Done invoking toplevel() on ptolemy.moml.MoMLSimpleApplication@502feaf6
reloadAllAccessors: .functionsOnArcs

===========================================================================================
----------------- testing Sun Sep 08 05:43:33 UTC 2019 /home/travis/build/icyphy/ptII/ptolemy/actor/lib/test/auto/functionsOnArcsHOF.xml
----------------- Instantiating /home/travis/build/icyphy/ptII/ptolemy/actor/lib/test/auto/functionsOnArcsHOF.xml
4 ms. Memory: 452608K Free: 297090K (66%)
----------------- Invoking toplevel() on ptolemy.moml.MoMLSimpleApplication@241f900e
----------------- Done invoking toplevel() on ptolemy.moml.MoMLSimpleApplication@241f900e
reloadAllAccessors: .functionsOnArcsHOF

===========================================================================================
----------------- testing Sun Sep 08 05:43:33 UTC 2019 /home/travis/build/icyphy/ptII/ptolemy/actor/lib/test/auto/logic.xml
----------------- Instantiating /home/travis/build/icyphy/ptII/ptolemy/actor/lib/test/auto/logic.xml
2 ms. Memory: 452608K Free: 289922K (64%)
----------------- Invoking toplevel() on ptolemy.moml.MoMLSimpleApplication@32160a9b
----------------- Done invoking toplevel() on ptolemy.moml.MoMLSimpleApplication@32160a9b
reloadAllAccessors: .logic

===========================================================================================
----------------- testing Sun Sep 08 05:43:33 UTC 2019 /home/travis/build/icyphy/ptII/ptolemy/actor/lib/test/auto/matrixType.xml
----------------- Instantiating /home/travis/build/icyphy/ptII/ptolemy/actor/lib/test/auto/matrixType.xml
2 ms. Memory: 452608K Free: 285312K (63%)
----------------- Invoking toplevel() on ptolemy.moml.MoMLSimpleApplication@13fbd841
----------------- Done invoking toplevel() on ptolemy.moml.MoMLSimpleApplication@13fbd841
reloadAllAccessors: .matrixType

===========================================================================================
----------------- testing Sun Sep 08 05:43:33 UTC 2019 /home/travis/build/icyphy/ptII/ptolemy/actor/lib/test/auto/matrixType10.xml
----------------- Instantiating /home/travis/build/icyphy/ptII/ptolemy/actor/lib/test/auto/matrixType10.xml
2 ms. Memory: 452608K Free: 280192K (62%)
----------------- Invoking toplevel() on ptolemy.moml.MoMLSimpleApplication@3a33d6f0
----------------- Done invoking toplevel() on ptolemy.moml.MoMLSimpleApplication@3a33d6f0
reloadAllAccessors: .matrixType10

===========================================================================================
----------------- testing Sun Sep 08 05:43:33 UTC 2019 /home/travis/build/icyphy/ptII/ptolemy/actor/lib/test/auto/matrixType11.xml
----------------- Instantiating /home/travis/build/icyphy/ptII/ptolemy/actor/lib/test/auto/matrixType11.xml
2 ms. Memory: 452608K Free: 275586K (61%)
----------------- Invoking toplevel() on ptolemy.moml.MoMLSimpleApplication@66ba4955
----------------- Done invoking toplevel() on ptolemy.moml.MoMLSimpleApplication@66ba4955
reloadAllAccessors: .matrixType11

===========================================================================================
----------------- testing Sun Sep 08 05:43:33 UTC 2019 /home/travis/build/icyphy/ptII/ptolemy/actor/lib/test/auto/matrixType12.xml
----------------- Instantiating /home/travis/build/icyphy/ptII/ptolemy/actor/lib/test/auto/matrixType12.xml
2 ms. Memory: 452608K Free: 270976K (60%)
----------------- Invoking toplevel() on ptolemy.moml.MoMLSimpleApplication@23fbe421
----------------- Done invoking toplevel() on ptolemy.moml.MoMLSimpleApplication@23fbe421
reloadAllAccessors: .matrixType12

===========================================================================================
----------------- testing Sun Sep 08 05:43:33 UTC 2019 /home/travis/build/icyphy/ptII/ptolemy/actor/lib/test/auto/matrixType13.xml
----------------- Instantiating /home/travis/build/icyphy/ptII/ptolemy/actor/lib/test/auto/matrixType13.xml
2 ms. Memory: 452608K Free: 265856K (59%)
----------------- Invoking toplevel() on ptolemy.moml.MoMLSimpleApplication@3b0cc07e
----------------- Done invoking toplevel() on ptolemy.moml.MoMLSimpleApplication@3b0cc07e
reloadAllAccessors: .matrixType13

===========================================================================================
----------------- testing Sun Sep 08 05:43:33 UTC 2019 /home/travis/build/icyphy/ptII/ptolemy/actor/lib/test/auto/matrixType14.xml
----------------- Instantiating /home/travis/build/icyphy/ptII/ptolemy/actor/lib/test/auto/matrixType14.xml
3 ms. Memory: 452608K Free: 261250K (58%)
----------------- Invoking toplevel() on ptolemy.moml.MoMLSimpleApplication@417469e8
----------------- Done invoking toplevel() on ptolemy.moml.MoMLSimpleApplication@417469e8
reloadAllAccessors: .matrixType14

===========================================================================================
----------------- testing Sun Sep 08 05:43:33 UTC 2019 /home/travis/build/icyphy/ptII/ptolemy/actor/lib/test/auto/matrixType2.xml
----------------- Instantiating /home/travis/build/icyphy/ptII/ptolemy/actor/lib/test/auto/matrixType2.xml
2 ms. Memory: 452608K Free: 256640K (57%)
----------------- Invoking toplevel() on ptolemy.moml.MoMLSimpleApplication@5302c484
----------------- Done invoking toplevel() on ptolemy.moml.MoMLSimpleApplication@5302c484
reloadAllAccessors: .matrixType2

===========================================================================================
----------------- testing Sun Sep 08 05:43:33 UTC 2019 /home/travis/build/icyphy/ptII/ptolemy/actor/lib/test/auto/matrixType3.xml
----------------- Instantiating /home/travis/build/icyphy/ptII/ptolemy/actor/lib/test/auto/matrixType3.xml
5 ms. Memory: 452608K Free: 251520K (56%)
----------------- Invoking toplevel() on ptolemy.moml.MoMLSimpleApplication@2c64559e
----------------- Done invoking toplevel() on ptolemy.moml.MoMLSimpleApplication@2c64559e
reloadAllAccessors: .matrixType3

===========================================================================================
----------------- testing Sun Sep 08 05:43:33 UTC 2019 /home/travis/build/icyphy/ptII/ptolemy/actor/lib/test/auto/matrixType4.xml
----------------- Instantiating /home/travis/build/icyphy/ptII/ptolemy/actor/lib/test/auto/matrixType4.xml
2 ms. Memory: 452608K Free: 246914K (55%)
----------------- Invoking toplevel() on ptolemy.moml.MoMLSimpleApplication@28c1bda4
----------------- Done invoking toplevel() on ptolemy.moml.MoMLSimpleApplication@28c1bda4
reloadAllAccessors: .matrixType4

===========================================================================================
----------------- testing Sun Sep 08 05:43:33 UTC 2019 /home/travis/build/icyphy/ptII/ptolemy/actor/lib/test/auto/matrixType5.xml
----------------- Instantiating /home/travis/build/icyphy/ptII/ptolemy/actor/lib/test/auto/matrixType5.xml
2 ms. Memory: 452608K Free: 241794K (53%)
----------------- Invoking toplevel() on ptolemy.moml.MoMLSimpleApplication@2580a1d7
----------------- Done invoking toplevel() on ptolemy.moml.MoMLSimpleApplication@2580a1d7
reloadAllAccessors: .matrixType5

===========================================================================================
----------------- testing Sun Sep 08 05:43:33 UTC 2019 /home/travis/build/icyphy/ptII/ptolemy/actor/lib/test/auto/matrixType6.xml
----------------- Instantiating /home/travis/build/icyphy/ptII/ptolemy/actor/lib/test/auto/matrixType6.xml
2 ms. Memory: 452608K Free: 237184K (52%)
----------------- Invoking toplevel() on ptolemy.moml.MoMLSimpleApplication@6f87adeb
----------------- Done invoking toplevel() on ptolemy.moml.MoMLSimpleApplication@6f87adeb
reloadAllAccessors: .matrixType6

===========================================================================================
----------------- testing Sun Sep 08 05:43:33 UTC 2019 /home/travis/build/icyphy/ptII/ptolemy/actor/lib/test/auto/matrixType7.xml
----------------- Instantiating /home/travis/build/icyphy/ptII/ptolemy/actor/lib/test/auto/matrixType7.xml
2 ms. Memory: 452608K Free: 232578K (51%)
----------------- Invoking toplevel() on ptolemy.moml.MoMLSimpleApplication@2fcebe03
----------------- Done invoking toplevel() on ptolemy.moml.MoMLSimpleApplication@2fcebe03
reloadAllAccessors: .matrixType7

===========================================================================================
----------------- testing Sun Sep 08 05:43:33 UTC 2019 /home/travis/build/icyphy/ptII/ptolemy/actor/lib/test/auto/matrixType8.xml
----------------- Instantiating /home/travis/build/icyphy/ptII/ptolemy/actor/lib/test/auto/matrixType8.xml
2 ms. Memory: 452608K Free: 227458K (50%)
----------------- Invoking toplevel() on ptolemy.moml.MoMLSimpleApplication@33603739
----------------- Done invoking toplevel() on ptolemy.moml.MoMLSimpleApplication@33603739
reloadAllAccessors: .matrixType8

===========================================================================================
----------------- testing Sun Sep 08 05:43:33 UTC 2019 /home/travis/build/icyphy/ptII/ptolemy/actor/lib/test/auto/matrixType9.xml
----------------- Instantiating /home/travis/build/icyphy/ptII/ptolemy/actor/lib/test/auto/matrixType9.xml
2 ms. Memory: 452608K Free: 222848K (49%)
----------------- Invoking toplevel() on ptolemy.moml.MoMLSimpleApplication@2b23a97d
----------------- Done invoking toplevel() on ptolemy.moml.MoMLSimpleApplication@2b23a97d
reloadAllAccessors: .matrixType9

===========================================================================================
----------------- testing Sun Sep 08 05:43:33 UTC 2019 /home/travis/build/icyphy/ptII/ptolemy/actor/lib/test/auto/paraFunctest.xml
----------------- Instantiating /home/travis/build/icyphy/ptII/ptolemy/actor/lib/test/auto/paraFunctest.xml
2 ms. Memory: 452608K Free: 218752K (48%)
----------------- Invoking toplevel() on ptolemy.moml.MoMLSimpleApplication@1c0910d5
----------------- Done invoking toplevel() on ptolemy.moml.MoMLSimpleApplication@1c0910d5
reloadAllAccessors: .paraFunctest

===========================================================================================
----------------- testing Sun Sep 08 05:43:33 UTC 2019 /home/travis/build/icyphy/ptII/ptolemy/actor/lib/test/auto/paraFunctest2.xml
----------------- Instantiating /home/travis/build/icyphy/ptII/ptolemy/actor/lib/test/auto/paraFunctest2.xml
2 ms. Memory: 452608K Free: 214146K (47%)
----------------- Invoking toplevel() on ptolemy.moml.MoMLSimpleApplication@6b7b0af1
----------------- Done invoking toplevel() on ptolemy.moml.MoMLSimpleApplication@6b7b0af1
reloadAllAccessors: .paraFunctest2

===========================================================================================
----------------- testing Sun Sep 08 05:43:33 UTC 2019 /home/travis/build/icyphy/ptII/ptolemy/actor/lib/test/auto/parameterPassing.xml
----------------- Instantiating /home/travis/build/icyphy/ptII/ptolemy/actor/lib/test/auto/parameterPassing.xml
2 ms. Memory: 452608K Free: 210050K (46%)
----------------- Invoking toplevel() on ptolemy.moml.MoMLSimpleApplication@46af1744
----------------- Done invoking toplevel() on ptolemy.moml.MoMLSimpleApplication@46af1744
reloadAllAccessors: .parameterPassing

===========================================================================================
----------------- testing Sun Sep 08 05:43:33 UTC 2019 /home/travis/build/icyphy/ptII/ptolemy/actor/lib/test/auto/record.xml
----------------- Instantiating /home/travis/build/icyphy/ptII/ptolemy/actor/lib/test/auto/record.xml
4 ms. Memory: 452608K Free: 204930K (45%)
----------------- Invoking toplevel() on ptolemy.moml.MoMLSimpleApplication@5c1d12c1
----------------- Done invoking toplevel() on ptolemy.moml.MoMLSimpleApplication@5c1d12c1
reloadAllAccessors: .record

===========================================================================================
----------------- testing Sun Sep 08 05:43:34 UTC 2019 /home/travis/build/icyphy/ptII/ptolemy/actor/lib/test/auto/sizedarray1.xml
----------------- Instantiating /home/travis/build/icyphy/ptII/ptolemy/actor/lib/test/auto/sizedarray1.xml
2 ms. Memory: 452608K Free: 199810K (44%)
----------------- Invoking toplevel() on ptolemy.moml.MoMLSimpleApplication@4960df29
----------------- Done invoking toplevel() on ptolemy.moml.MoMLSimpleApplication@4960df29
reloadAllAccessors: .sizedarray1

===========================================================================================
----------------- testing Sun Sep 08 05:43:34 UTC 2019 /home/travis/build/icyphy/ptII/ptolemy/actor/lib/test/auto/sizedarray2.xml
----------------- Instantiating /home/travis/build/icyphy/ptII/ptolemy/actor/lib/test/auto/sizedarray2.xml
4 ms. Memory: 452608K Free: 194690K (43%)
----------------- Invoking toplevel() on ptolemy.moml.MoMLSimpleApplication@5f63932a
----------------- Done invoking toplevel() on ptolemy.moml.MoMLSimpleApplication@5f63932a
reloadAllAccessors: .sizedarray2

===========================================================================================
----------------- testing Sun Sep 08 05:43:34 UTC 2019 /home/travis/build/icyphy/ptII/ptolemy/actor/lib/test/auto/twoPublishers.xml
----------------- Instantiating /home/travis/build/icyphy/ptII/ptolemy/actor/lib/test/auto/twoPublishers.xml
7 ms. Memory: 452608K Free: 183426K (41%)
----------------- Invoking toplevel() on ptolemy.moml.MoMLSimpleApplication@c2d817a
----------------- Done invoking toplevel() on ptolemy.moml.MoMLSimpleApplication@c2d817a
reloadAllAccessors: .twoPublishers
AutoTests.java: About to close Vertx.
AutoTests.java: Vertx closed.
]]></system-out>
  <system-err><![CDATA[java.lang.RuntimeException: Execution failed
	at ptolemy.moml.MoMLSimpleApplication$UnloadThread.run(MoMLSimpleApplication.java:402)
Caused by: java.lang.RuntimeException: StringUtilities.exit() was called. Normally, we would exit here because Manager.exitAfterWrapup() was called.  However, because the ptolemy.ptII.exitAfterWrapup property is set, we throw this exception instead.
	at ptolemy.util.StringUtilities.exit(StringUtilities.java:365)
	at ptolemy.actor.Manager.wrapup(Manager.java:1549)
	at ptolemy.actor.Manager.execute(Manager.java:407)
	at ptolemy.actor.Manager.run(Manager.java:1263)
	at ptolemy.actor.Manager$PtolemyRunThread.run(Manager.java:1933)
Warning: '.top.test' is in training mode, set the trainingMode parameter to false before checking in
Warning: '.top.test' is in training mode, set the trainingMode parameter to false before checking in
Warning: '.top.test' is in training mode, set the trainingMode parameter to false before checking in
Warning: '.BooleanSwitch_RegressionTest_WrongTrainingValues.Test' is in training mode, set the trainingMode parameter to false before checking in
Warning: '.BooleanSwitch_RegressionTest_WrongTrainingValues.Test2' is in training mode, set the trainingMode parameter to false before checking in
Warning: '.BooleanSwitch_RegressionTest_WrongTrainingValues.Test2' The test produced 0 tokens.
Warning: '.top.testExceptionHandler' is in training mode, set the trainingMode parameter to false before checking in
java.lang.RuntimeException: Execution failed
	at ptolemy.moml.MoMLSimpleApplication$UnloadThread.run(MoMLSimpleApplication.java:402)
Caused by: ptolemy.kernel.util.IllegalActionException: PublisherPorts cannot be used at the top level, use a Publisher actor instead.
  in .PublisherPortToplevelSubscriber.PublisherPort
	at ptolemy.actor.PublisherPort.preinitialize(PublisherPort.java:403)
	at ptolemy.actor.CompositeActor.preinitialize(CompositeActor.java:1769)
	at ptolemy.actor.Manager.preinitializeAndResolveTypes(Manager.java:1040)
	at ptolemy.actor.Manager.initialize(Manager.java:710)
	at ptolemy.actor.Manager.execute(Manager.java:356)
	at ptolemy.actor.Manager.run(Manager.java:1263)
	at ptolemy.actor.Manager$PtolemyRunThread.run(Manager.java:1933)
java.lang.reflect.InvocationTargetException
	at java.base/jdk.internal.reflect.NativeConstructorAccessorImpl.newInstance0(Native Method)
	at java.base/jdk.internal.reflect.NativeConstructorAccessorImpl.newInstance(NativeConstructorAccessorImpl.java:62)
	at java.base/jdk.internal.reflect.DelegatingConstructorAccessorImpl.newInstance(DelegatingConstructorAccessorImpl.java:45)
	at java.base/java.lang.reflect.Constructor.newInstance(Constructor.java:490)
	at ptolemy.util.test.junit.AutoKnownFailedTests.RunModel(AutoKnownFailedTests.java:105)
	at java.base/jdk.internal.reflect.NativeMethodAccessorImpl.invoke0(Native Method)
	at java.base/jdk.internal.reflect.NativeMethodAccessorImpl.invoke(NativeMethodAccessorImpl.java:62)
	at java.base/jdk.internal.reflect.DelegatingMethodAccessorImpl.invoke(DelegatingMethodAccessorImpl.java:43)
	at java.base/java.lang.reflect.Method.invoke(Method.java:566)
	at org.junit.runners.model.FrameworkMethod$1.runReflectiveCall(FrameworkMethod.java:44)
	at org.junit.internal.runners.model.ReflectiveCallable.run(ReflectiveCallable.java:15)
	at org.junit.runners.model.FrameworkMethod.invokeExplosively(FrameworkMethod.java:41)
	at junitparams.internal.InvokeParameterisedMethod.evaluate(InvokeParameterisedMethod.java:102)
	at org.junit.internal.runners.statements.FailOnTimeout$1.run(FailOnTimeout.java:28)
Caused by: ptolemy.kernel.util.IllegalActionException: PublisherPorts cannot be used at the top level, use a Publisher actor instead.
  in .PublisherPortToplevelSubscriber.PublisherPort
	at ptolemy.actor.PublisherPort.preinitialize(PublisherPort.java:403)
	at ptolemy.actor.CompositeActor.preinitialize(CompositeActor.java:1769)
	at ptolemy.actor.Manager.preinitializeAndResolveTypes(Manager.java:1040)
	at ptolemy.actor.Manager.initialize(Manager.java:710)
	at ptolemy.actor.Manager.execute(Manager.java:356)
	at ptolemy.actor.Manager.run(Manager.java:1263)
	at ptolemy.actor.Manager$PtolemyRunThread.run(Manager.java:1933)
java.lang.RuntimeException: Execution failed
	at ptolemy.moml.MoMLSimpleApplication$UnloadThread.run(MoMLSimpleApplication.java:402)
Caused by: ptolemy.kernel.util.IllegalActionException: SubscriberPorts cannot be used at the top level, use a Subscriber actor instead.
  in .PublisherSubscriberPortToplevel.SubscriberPort
	at ptolemy.actor.SubscriberPort.preinitialize(SubscriberPort.java:328)
	at ptolemy.actor.CompositeActor.preinitialize(CompositeActor.java:1769)
	at ptolemy.actor.Manager.preinitializeAndResolveTypes(Manager.java:1040)
	at ptolemy.actor.Manager.initialize(Manager.java:710)
	at ptolemy.actor.Manager.execute(Manager.java:356)
	at ptolemy.actor.Manager.run(Manager.java:1263)
	at ptolemy.actor.Manager$PtolemyRunThread.run(Manager.java:1933)
java.lang.reflect.InvocationTargetException
	at java.base/jdk.internal.reflect.NativeConstructorAccessorImpl.newInstance0(Native Method)
	at java.base/jdk.internal.reflect.NativeConstructorAccessorImpl.newInstance(NativeConstructorAccessorImpl.java:62)
	at java.base/jdk.internal.reflect.DelegatingConstructorAccessorImpl.newInstance(DelegatingConstructorAccessorImpl.java:45)
	at java.base/java.lang.reflect.Constructor.newInstance(Constructor.java:490)
	at ptolemy.util.test.junit.AutoKnownFailedTests.RunModel(AutoKnownFailedTests.java:105)
	at java.base/jdk.internal.reflect.NativeMethodAccessorImpl.invoke0(Native Method)
	at java.base/jdk.internal.reflect.NativeMethodAccessorImpl.invoke(NativeMethodAccessorImpl.java:62)
	at java.base/jdk.internal.reflect.DelegatingMethodAccessorImpl.invoke(DelegatingMethodAccessorImpl.java:43)
	at java.base/java.lang.reflect.Method.invoke(Method.java:566)
	at org.junit.runners.model.FrameworkMethod$1.runReflectiveCall(FrameworkMethod.java:44)
	at org.junit.internal.runners.model.ReflectiveCallable.run(ReflectiveCallable.java:15)
	at org.junit.runners.model.FrameworkMethod.invokeExplosively(FrameworkMethod.java:41)
	at junitparams.internal.InvokeParameterisedMethod.evaluate(InvokeParameterisedMethod.java:102)
	at org.junit.internal.runners.statements.FailOnTimeout$1.run(FailOnTimeout.java:28)
Caused by: ptolemy.kernel.util.IllegalActionException: SubscriberPorts cannot be used at the top level, use a Subscriber actor instead.
  in .PublisherSubscriberPortToplevel.SubscriberPort
	at ptolemy.actor.SubscriberPort.preinitialize(SubscriberPort.java:328)
	at ptolemy.actor.CompositeActor.preinitialize(CompositeActor.java:1769)
	at ptolemy.actor.Manager.preinitializeAndResolveTypes(Manager.java:1040)
	at ptolemy.actor.Manager.initialize(Manager.java:710)
	at ptolemy.actor.Manager.execute(Manager.java:356)
	at ptolemy.actor.Manager.run(Manager.java:1263)
	at ptolemy.actor.Manager$PtolemyRunThread.run(Manager.java:1933)
java.lang.RuntimeException: Execution failed
	at ptolemy.moml.MoMLSimpleApplication$UnloadThread.run(MoMLSimpleApplication.java:402)
Caused by: ptolemy.kernel.util.IllegalActionException: SubscriptionAggregatorPorts cannot be used at the top level, use a SubscriptionAggregator actor instead.
  in .PublisherSubscriptionAggregatorPort.SubscriptionAggregatorPort
	at ptolemy.actor.SubscriptionAggregatorPort.preinitialize(SubscriptionAggregatorPort.java:353)
	at ptolemy.actor.CompositeActor.preinitialize(CompositeActor.java:1769)
	at ptolemy.actor.Manager.preinitializeAndResolveTypes(Manager.java:1040)
	at ptolemy.actor.Manager.initialize(Manager.java:710)
	at ptolemy.actor.Manager.execute(Manager.java:356)
	at ptolemy.actor.Manager.run(Manager.java:1263)
	at ptolemy.actor.Manager$PtolemyRunThread.run(Manager.java:1933)
java.lang.reflect.InvocationTargetException
	at java.base/jdk.internal.reflect.NativeConstructorAccessorImpl.newInstance0(Native Method)
	at java.base/jdk.internal.reflect.NativeConstructorAccessorImpl.newInstance(NativeConstructorAccessorImpl.java:62)
	at java.base/jdk.internal.reflect.DelegatingConstructorAccessorImpl.newInstance(DelegatingConstructorAccessorImpl.java:45)
	at java.base/java.lang.reflect.Constructor.newInstance(Constructor.java:490)
	at ptolemy.util.test.junit.AutoKnownFailedTests.RunModel(AutoKnownFailedTests.java:105)
	at java.base/jdk.internal.reflect.NativeMethodAccessorImpl.invoke0(Native Method)
	at java.base/jdk.internal.reflect.NativeMethodAccessorImpl.invoke(NativeMethodAccessorImpl.java:62)
	at java.base/jdk.internal.reflect.DelegatingMethodAccessorImpl.invoke(DelegatingMethodAccessorImpl.java:43)
	at java.base/java.lang.reflect.Method.invoke(Method.java:566)
	at org.junit.runners.model.FrameworkMethod$1.runReflectiveCall(FrameworkMethod.java:44)
	at org.junit.internal.runners.model.ReflectiveCallable.run(ReflectiveCallable.java:15)
	at org.junit.runners.model.FrameworkMethod.invokeExplosively(FrameworkMethod.java:41)
	at junitparams.internal.InvokeParameterisedMethod.evaluate(InvokeParameterisedMethod.java:102)
	at org.junit.internal.runners.statements.FailOnTimeout$1.run(FailOnTimeout.java:28)
Caused by: ptolemy.kernel.util.IllegalActionException: SubscriptionAggregatorPorts cannot be used at the top level, use a SubscriptionAggregator actor instead.
  in .PublisherSubscriptionAggregatorPort.SubscriptionAggregatorPort
	at ptolemy.actor.SubscriptionAggregatorPort.preinitialize(SubscriptionAggregatorPort.java:353)
	at ptolemy.actor.CompositeActor.preinitialize(CompositeActor.java:1769)
	at ptolemy.actor.Manager.preinitializeAndResolveTypes(Manager.java:1040)
	at ptolemy.actor.Manager.initialize(Manager.java:710)
	at ptolemy.actor.Manager.execute(Manager.java:356)
	at ptolemy.actor.Manager.run(Manager.java:1263)
	at ptolemy.actor.Manager$PtolemyRunThread.run(Manager.java:1933)
java.lang.RuntimeException: Execution failed
	at ptolemy.moml.MoMLSimpleApplication$UnloadThread.run(MoMLSimpleApplication.java:402)
Caused by: ptolemy.kernel.util.IllegalActionException: TypeTest actor has no training data.
  in .sizedarray3.TypeTest
	at ptolemy.actor.lib.TypeTest.initialize(TypeTest.java:250)
	at ptolemy.actor.Director.initialize(Director.java:938)
	at ptolemy.actor.Director.initialize(Director.java:907)
	at ptolemy.actor.sched.StaticSchedulingDirector.initialize(StaticSchedulingDirector.java:159)
	at ptolemy.domains.sdf.kernel.SDFDirector.initialize(SDFDirector.java:544)
	at ptolemy.actor.CompositeActor.initialize(CompositeActor.java:935)
	at ptolemy.actor.Manager.initialize(Manager.java:724)
	at ptolemy.actor.Manager.execute(Manager.java:356)
	at ptolemy.actor.Manager.run(Manager.java:1263)
	at ptolemy.actor.Manager$PtolemyRunThread.run(Manager.java:1933)
java.lang.reflect.InvocationTargetException
	at java.base/jdk.internal.reflect.NativeConstructorAccessorImpl.newInstance0(Native Method)
	at java.base/jdk.internal.reflect.NativeConstructorAccessorImpl.newInstance(NativeConstructorAccessorImpl.java:62)
	at java.base/jdk.internal.reflect.DelegatingConstructorAccessorImpl.newInstance(DelegatingConstructorAccessorImpl.java:45)
	at java.base/java.lang.reflect.Constructor.newInstance(Constructor.java:490)
	at ptolemy.util.test.junit.AutoKnownFailedTests.RunModel(AutoKnownFailedTests.java:105)
	at java.base/jdk.internal.reflect.NativeMethodAccessorImpl.invoke0(Native Method)
	at java.base/jdk.internal.reflect.NativeMethodAccessorImpl.invoke(NativeMethodAccessorImpl.java:62)
	at java.base/jdk.internal.reflect.DelegatingMethodAccessorImpl.invoke(DelegatingMethodAccessorImpl.java:43)
	at java.base/java.lang.reflect.Method.invoke(Method.java:566)
	at org.junit.runners.model.FrameworkMethod$1.runReflectiveCall(FrameworkMethod.java:44)
	at org.junit.internal.runners.model.ReflectiveCallable.run(ReflectiveCallable.java:15)
	at org.junit.runners.model.FrameworkMethod.invokeExplosively(FrameworkMethod.java:41)
	at junitparams.internal.InvokeParameterisedMethod.evaluate(InvokeParameterisedMethod.java:102)
	at org.junit.internal.runners.statements.FailOnTimeout$1.run(FailOnTimeout.java:28)
Caused by: ptolemy.kernel.util.IllegalActionException: TypeTest actor has no training data.
  in .sizedarray3.TypeTest
	at ptolemy.actor.lib.TypeTest.initialize(TypeTest.java:250)
	at ptolemy.actor.Director.initialize(Director.java:938)
	at ptolemy.actor.Director.initialize(Director.java:907)
	at ptolemy.actor.sched.StaticSchedulingDirector.initialize(StaticSchedulingDirector.java:159)
	at ptolemy.domains.sdf.kernel.SDFDirector.initialize(SDFDirector.java:544)
	at ptolemy.actor.CompositeActor.initialize(CompositeActor.java:935)
	at ptolemy.actor.Manager.initialize(Manager.java:724)
	at ptolemy.actor.Manager.execute(Manager.java:356)
	at ptolemy.actor.Manager.run(Manager.java:1263)
	at ptolemy.actor.Manager$PtolemyRunThread.run(Manager.java:1933)
]]></system-err>
</testsuite>
