<?xml version="1.0" encoding="UTF-8" ?>
<testsuite errors="0" failures="1" hostname="travis-job-4af7f9e8-517e-477b-abb9-426760ebbe9f" name="ptolemy.actor.lib.test.junit.JUnitTclTest" skipped="0" tests="517" time="64.059" timestamp="2019-08-25T05:33:22">
  <properties>
    <property name="npm.executable" value="npm" />
    <property name="env.TRAVIS_ROOT" value="/" />
    <property name="ptII.mk.exists" value="true" />
    <property name="env.TRAVIS_APP_HOST" value="build.travis-ci.org" />
    <property name="env.rvm_bin_path" value="/home/travis/.rvm/bin" />
    <property name="java.home" value="/usr/local/lib/jvm/openjdk11" />
    <property name="env.TRAVIS_JOB_NUMBER" value="1307.8" />
    <property name="env.TRAVIS_HOME" value="/home/travis" />
    <property name="env.DISPLAY" value=":99.0" />
    <property name="env.TRAVIS_INIT" value="systemd" />
    <property name="env.SSH_TTY" value="/dev/pts/0" />
    <property name="java.net.preferIPv4Stack" value="true" />
    <property name="env.RUN_TESTS" value="true" />
    <property name="timeout.short" value="1000000" />
    <property name="junit.formatter" value="xml" />
    <property name="env.TRAVIS_SUDO" value="true" />
    <property name="env.TRAVIS_JOB_NAME" value="" />
    <property name="env.TRAVIS_STACK_NODE_ATTRIBUTES" value="/.node-attributes.yml" />
    <property name="env.LOGNAME" value="travis" />
    <property name="env.PT_TRAVIS_TEST_CORE1_XML" value="true" />
    <property name="jsdoc.home" value="node_modules/@terraswarm/jsdoc" />
    <property name="debuglevel" value="source,lines,vars" />
    <property name="checkstyle.formatter" value="xml" />
    <property name="env._system_version" value="16.04" />
    <property name="bin.vergil.makeable" value="true" />
    <property name="sun.os.patch.level" value="unknown" />
    <property name="java.vendor.url" value="http://java.oracle.com/" />
    <property name="env.TRAVIS_BUILD_WEB_URL" value="https://travis-ci.org/icyphy/ptII/builds/576361823" />
    <property name="java.version" value="11.0.2" />
    <property name="env.TZ" value="UTC" />
    <property name="env.TRAVIS_PULL_REQUEST_SHA" value="" />
    <property name="env.PT_NO_NET" value="true" />
    <property name="env.TRAVIS_SECURE_ENV_VARS" value="true" />
    <property name="env._system_type" value="Linux" />
    <property name="java.vendor.url.bug" value="http://bugreport.java.com/bugreport/" />
    <property name="npmjs-org-is-up" value="true" />
    <property name="env.LANGUAGE" value="en_US.UTF-8" />
    <property name="env.SSH_CLIENT" value="10.24.8.13 55102 22" />
    <property name="env.GEM_HOME" value="/home/travis/.rvm/gems/ruby-2.5.3" />
    <property name="env.HAS_ANTARES_THREE_LITTLE_FRONZIES_BADGE" value="true" />
    <property name="java.version.date" value="2019-01-15" />
    <property name="env.PS4" value="+" />
    <property name="ant.project.invoked-targets" value="build,test.core1.xml" />
    <property name="env.TRAVIS_PULL_REQUEST_BRANCH" value="" />
    <property name="env.TRAVIS_REPO_SLUG" value="icyphy/ptII" />
    <property name="env.XDG_DATA_DIRS" value="/usr/local/share:/usr/share:/var/lib/snapd/desktop" />
    <property name="jdk.debug" value="release" />
    <property name="env.TRAVIS_APT_PROXY" value="http://apt.cache.travis-ci.com" />
    <property name="node.in.path" value="true" />
    <property name="user.name" value="travis" />
    <property name="java.maxmemory" value="1400m" />
    <property name="env.RUBY_VERSION" value="ruby-2.5.3" />
    <property name="env.LANG" value="en_US.UTF-8" />
    <property name="sun.io.unicode.encoding" value="UnicodeLittle" />
    <property name="sun.jnu.encoding" value="UTF-8" />
    <property name="java.runtime.name" value="OpenJDK Runtime Environment" />
    <property name="usefile" value="false" />
    <property name="return.code" value="0" />
    <property name="junit.single.formatter" value="plain" />
    <property name="env.DYLD_LIBRARY_PATH" value="/home/travis/pthla/certi-tools/lib:" />
    <property name="env.DEBIAN_FRONTEND" value="noninteractive" />
    <property name="env.SSH_CONNECTION" value="10.24.8.13 55102 10.20.1.7 22" />
    <property name="env.MYSQL_UNIX_PORT" value="/var/run/mysqld/mysqld.sock" />
    <property name="env.LC_ALL" value="en_US.UTF-8" />
    <property name="env.TRAVIS_ALLOW_FAILURE" value="false" />
    <property name="env.TRAVIS_JOB_WEB_URL" value="https://travis-ci.org/icyphy/ptII/jobs/576361831" />
    <property name="java.specification.name" value="Java Platform API Specification" />
    <property name="node.works" value="true" />
    <property name="user.timezone" value="" />
    <property name="path.separator" value=":" />
    <property name="env.TRAVIS_ENABLE_INFRA_DETECTION" value="true" />
    <property name="env.PYTHON_CFLAGS" value="-g -fstack-protector --param=ssp-buffer-size=4 -Wformat -Werror=format-security" />
    <property name="timeout.long" value="4000000" />
    <property name="env.CERTI_HOME" value="/home/travis/pthla/certi-tools" />
    <property name="ant.file.ptII" value="/home/travis/build/icyphy/ptII/build.xml" />
    <property name="javadoc.packagenames" value="com.*,diva.*,lbnl.*,org.hlacerti.*,org.json.*,org.ptolemy.*,org.terraswarm.*,ptolemy.*,ptserver.*" />
    <property name="file.encoding" value="UTF-8" />
    <property name="env.TRAVIS_PULL_REQUEST_SLUG" value="" />
    <property name="ant.project.default-target" value="build" />
    <property name="env.GIT_ASKPASS" value="echo" />
    <property name="env.HOME" value="/home/travis" />
    <property name="sun.java.command" value="org.apache.tools.ant.taskdefs.optional.junit.JUnitTestRunner ptolemy.actor.lib.test.junit.JUnitTclTest skipNonTests=false filtertrace=true haltOnError=false haltOnFailure=false formatter=org.apache.tools.ant.taskdefs.optional.junit.OutErrSummaryJUnitResultFormatter showoutput=true outputtoformatters=true logfailedtests=true threadid=0 logtestlistenerevents=false formatter=org.apache.tools.ant.taskdefs.optional.junit.XMLJUnitResultFormatter,/home/travis/build/icyphy/ptII/reports/junit/TEST-ptolemy.actor.lib.test.junit.JUnitTclTest.xml crashfile=/home/travis/build/icyphy/ptII/junitvmwatcher15337387058409987544.properties propsfile=/home/travis/build/icyphy/ptII/junit10436624077169537918.properties" />
    <property name="env.COMPOSER_NO_INTERACTION" value="1" />
    <property name="env.MANPATH" value="/home/travis/.nvm/versions/node/v7.10.1/share/man:/home/travis/.rvm/rubies/ruby-2.5.3/share/man:/usr/local/cmake-3.12.4/man:/usr/local/clang-7.0.0/share/man:/usr/local/man:/usr/local/share/man:/usr/share/man:/home/travis/.rvm/man" />
    <property name="env.TRAVIS_TIMER_ID" value="034b9405" />
    <property name="ant.file" value="/home/travis/build/icyphy/ptII/build.xml" />
    <property name="env.TRAVIS_COMMIT_RANGE" value="42e172ae347fdc5d0e580488fa33ff6bc00cac99...f9c12c6b2ccbd758ceec4e9ffc44e2f31da246f0" />
    <property name="env._system_name" value="Ubuntu" />
    <property name="ptII.classpath.optional.property" value="/home/travis/build/icyphy/ptII/lib/bsh-2.0b4.jar:/home/travis/build/icyphy/ptII/lib/ptCal.jar:/home/travis/build/icyphy/ptII/lib/java_cup.jar:/home/travis/build/icyphy/ptII/lib/saxon8.jar:/home/travis/build/icyphy/ptII/lib/saxon8-dom.jar:/home/travis/build/icyphy/ptII/lib/chic.jar:/home/travis/build/icyphy/ptII/lib/ptcolt.jar:/home/travis/build/icyphy/ptII/vendors/misc/itext/iText.jar:/home/travis/build/icyphy/ptII/lib/g4ltl.jar:/home/travis/build/icyphy/ptII/lib/StructuralCoder.jar:/home/travis/build/icyphy/ptII/lib/jcerti.jar:/home/travis/build/icyphy/ptII/lib/javax.mail.jar:/home/travis/build/icyphy/ptII/vendors/JMF-2.1.1e/lib/jmf.jar:/home/travis/build/icyphy/ptII/lib/jna-4.0.0-variadic.jar:/home/travis/build/icyphy/ptII/vendors/misc/joystick/Joystick.jar:/home/travis/build/icyphy/ptII/lib/ptjacl.jar:/home/travis/build/icyphy/ptII/lib/jsoup-1.8.2.jar:/home/travis/build/icyphy/ptII/lib/junit-4.8.2.jar:/home/travis/build/icyphy/ptII/lib/JUnitParams-0.4.0.jar:/home/travis/build/icyphy/ptII/ptolemy/actor/lib/excel/jxl.jar:/home/travis/build/icyphy/ptII/lib/jython.jar:/home/travis/build/icyphy/ptII/lib/kieler.jar:/home/travis/build/icyphy/ptII/vendors/opencv/share/OpenCV/java/opencv-341.jar:/home/travis/build/icyphy/ptII/lib/oscP5.jar:/home/travis/build/icyphy/ptII/lib/nrjavaserial-3.11.0.devel.jar:/home/travis/build/icyphy/ptII/vendors/j3d/lib/Linux/j3dcore.jar:/home/travis/build/icyphy/ptII/vendors/j3d/lib/Linux/j3dutils.jar:/home/travis/build/icyphy/ptII/vendors/j3d/lib/Linux/vecmath.jar:/home/travis/build/icyphy/ptII/vendors/jogl/lib/Linux/gluegen-rt-natives-linux-amd64.jar:/home/travis/build/icyphy/ptII/vendors/jogl/lib/Linux/gluegen-rt.jar:/home/travis/build/icyphy/ptII/vendors/jogl/lib/Linux/jogl-all-natives-linux-amd64.jar:/home/travis/build/icyphy/ptII/vendors/jogl/lib/Linux/jogl-all.jar:/home/travis/build/icyphy/ptII/ptolemy/distributed/jini/jar/jini-core.jar:/home/travis/build/icyphy/ptII/ptolemy/distributed/jini/jar/jini-ext.jar:/home/travis/build/icyphy/ptII/ptolemy/distributed/jini/jar/sun-util.jar:/home/travis/build/icyphy/ptII/lib/protobuf-java-2.4.1.jar:/home/travis/build/icyphy/ptII/lib/org.eclipse.paho.client.mqttv3.jar:/home/travis/build/icyphy/ptII/lib/mapss.jar:/home/travis/build/icyphy/ptII/ptolemy/actor/ptalon/antlr/antlr.jar:/home/travis/build/icyphy/ptII/lib/JRI.jar:/home/travis/build/icyphy/ptII/lib/commons-lang-2.6.jar:/home/travis/build/icyphy/ptII/lib/commons-logging-1.1.1.jar:/home/travis/build/icyphy/ptII/lib/sootclasses.jar:/home/travis/build/icyphy/ptII/ptolemy/actor/lib/database/mysql-connector-java-5.1.6-bin.jar:/home/travis/build/icyphy/ptII/vendors/misc/sphinx4/sphinx4-data-5prealpha.jar:/home/travis/build/icyphy/ptII/vendors/misc/sphinx4/sphinx4-core-5prealpha.jar:/home/travis/build/icyphy/ptII/lib/PDFRenderer.jar:/home/travis/build/icyphy/ptII/lib/svgSalamander.jar:/home/travis/build/icyphy/ptII/lib/rsyntaxtextarea-2.6.0-SNAPSHOT.jar:/home/travis/build/icyphy/ptII/lib/hazelcast-3.8.2.jar:/home/travis/build/icyphy/ptII/lib/jackson-annotations-2.9.0.jar:/home/travis/build/icyphy/ptII/lib/jackson-core-2.9.3.jar:/home/travis/build/icyphy/ptII/lib/jackson-databind-2.9.3.jar:/home/travis/build/icyphy/ptII/lib/netty-buffer-4.1.19.Final.jar:/home/travis/build/icyphy/ptII/lib/netty-codec-4.1.19.Final.jar:/home/travis/build/icyphy/ptII/lib/netty-codec-dns-4.1.19.Final.jar:/home/travis/build/icyphy/ptII/lib/netty-codec-http-4.1.19.Final.jar:/home/travis/build/icyphy/ptII/lib/netty-codec-http2-4.1.19.Final.jar:/home/travis/build/icyphy/ptII/lib/netty-common-4.1.19.Final.jar:/home/travis/build/icyphy/ptII/lib/netty-handler-4.1.19.Final.jar:/home/travis/build/icyphy/ptII/lib/netty-resolver-4.1.19.Final.jar:/home/travis/build/icyphy/ptII/lib/netty-resolver-dns-4.1.19.Final.jar:/home/travis/build/icyphy/ptII/lib/netty-transport-4.1.19.Final.jar:/home/travis/build/icyphy/ptII/lib/vertx-codegen-3.5.1.jar:/home/travis/build/icyphy/ptII/lib/vertx-core-3.5.2-SNAPSHOT.jar:/home/travis/build/icyphy/ptII/lib/vertx-hazelcast-3.5.1.jar:/home/travis/build/icyphy/ptII/lib/vertx-lang-js-3.5.1.jar:/home/travis/build/icyphy/ptII/lib/vertx-service-proxy-3.5.1.jar:/home/travis/build/icyphy/ptII/lib/vertx-web-3.5.1.jar:/home/travis/build/icyphy/ptII/lib/slf4j-api-1.7.13.jar:/home/travis/build/icyphy/ptII/lib/slf4j-simple-1.7.13.jar:/home/travis/build/icyphy/ptII/lib/webcam-capture-0.3.12.jar:/home/travis/build/icyphy/ptII/lib/bridj-0.7.0.jar:/home/travis/build/icyphy/ptII/lib/xbjlib-1.1.0.nrjavaserial.jar" />
    <property name="timeout" value="2400000" />
    <property name="test.batch" value="**/junit/*.java" />
    <property name="env._" value="/usr/bin/timeout" />
    <property name="java.io.tmpdir" value="/tmp" />
    <property name="user.language" value="en" />
    <property name="env.TRAVIS_INTERNAL_RUBY_REGEX" value="^ruby-(2\.[0-4]\.[0-9]|1\.9\.3)" />
    <property name="env.HISTCONTROL" value="ignoredups:ignorespace" />
    <property name="env.GOROOT" value="/home/travis/.gimme/versions/go1.11.1.linux.amd64" />
    <property name="line.separator" value="&#xa;" />
    <property name="target" value="11" />
    <property name="env.TRAVIS_BUILD_DIR" value="/home/travis/build/icyphy/ptII" />
    <property name="env.ANT_OPTS" value="-Xmx2048m" />
    <property name="ant.file.type" value="file" />
    <property name="ptolemy.ptII.batchMode" value="true" />
    <property name="env.HISTSIZE" value="1000" />
    <property name="env.MERB_ENV" value="test" />
    <property name="java.vm.info" value="mixed mode" />
    <property name="source" value="11" />
    <property name="java.vm.specification.name" value="Java Virtual Machine Specification" />
    <property name="env.TRAVIS_TEST_RESULT" value="0" />
    <property name="jsdoc.command" value="node_modules/@terraswarm/jsdoc/jsdoc.js" />
    <property name="npm.works" value="true" />
    <property name="cobertura.dir" value="/home/travis/build/icyphy/ptII/vendors/cobertura-2.0.3" />
    <property name="jsdoc.command.exists" value="true" />
    <property name="env.rvm_path" value="/home/travis/.rvm" />
    <property name="env.GEM_PATH" value="/home/travis/.rvm/gems/ruby-2.5.3:/home/travis/.rvm/gems/ruby-2.5.3@global" />
    <property name="env.LC_CTYPE" value="en_US.UTF-8" />
    <property name="env.TRAVIS_CMD" value="$PTII/bin/ptIITravisBuild.sh $SECONDS" />
    <property name="java.awt.printerjob" value="sun.print.PSPrinterJob" />
    <property name="env.TRAVIS_STACK_NAME" value="sardonyx" />
    <property name="env.TRAVIS_TIMER_START_TIME" value="1566710523700407539" />
    <property name="ant.version" value="Apache Ant(TM) version 1.10.1 compiled on February 2 2017" />
    <property name="ptII.reports" value="/home/travis/build/icyphy/ptII/reports" />
    <property name="env.TRAVIS_STACK_TIMESTAMP" value="2019-03-25 16:16:56 UTC" />
    <property name="ant.file.type.ptII" value="file" />
    <property name="env.RBENV_SHELL" value="bash" />
    <property name="os.name" value="Linux" />
    <property name="java.specification.vendor" value="Oracle Corporation" />
    <property name="env.rvm_version" value="1.29.7 (latest)" />
    <property name="env.TRAVIS_INFRA" value="unknown" />
    <property name="env.TERM" value="xterm" />
    <property name="java.vm.name" value="OpenJDK 64-Bit Server VM" />
    <property name="env.TRAVIS_BUILD_NUMBER" value="1307" />
    <property name="env.CI" value="true" />
    <property name="java.library.path" value="/home/travis/pthla/certi-tools/lib:/usr/lib/jni:/usr/local/share/OpenCV/java/:/usr/share/OpenCV/java::/usr/java/packages/lib:/usr/lib64:/lib64:/lib:/usr/lib" />
    <property name="jdk.module.path" value="/home/travis/build/icyphy/ptII/vendors/javafx/javafx-sdk-11.0.2/lib:" />
    <property name="env.rvm_prefix" value="/home/travis" />
    <property name="env.PATH" value="/home/travis/pthla/certi-tools/share/scripts:/home/travis/.rvm/gems/ruby-2.5.3/bin:/home/travis/.rvm/gems/ruby-2.5.3@global/bin:/home/travis/.rvm/rubies/ruby-2.5.3/bin:/home/travis/.rvm/bin:/home/travis/.nvm/versions/node/v7.10.1/bin:./node_modules/.bin:/home/travis/build/icyphy/ptII/bin:/home/travis/pthla/certi-tools/bin:/home/travis/bin:/home/travis/.local/bin:/usr/local/lib/jvm/openjdk11/bin:/opt/pyenv/shims:/home/travis/.phpenv/shims:/home/travis/perl5/perlbrew/bin:/home/travis/gopath/bin:/home/travis/.gimme/versions/go1.11.1.linux.amd64/bin:/usr/local/maven-3.6.0/bin:/usr/local/cmake-3.12.4/bin:/usr/local/clang-7.0.0/bin:/usr/local/sbin:/usr/local/bin:/usr/sbin:/usr/bin:/sbin:/bin:/snap/bin:/home/travis/.phpenv/bin:/opt/pyenv/bin:/home/travis/.yarn/bin" />
    <property name="env.TRAVIS_OS_NAME" value="linux" />
    <property name="ant.java.version" value="9" />
    <property name="basedir" value="/home/travis/build/icyphy/ptII" />
    <property name="java.class.version" value="55.0" />
    <property name="env.SHLVL" value="3" />
    <property name="env.LD_LIBRARY_PATH" value="/home/travis/pthla/certi-tools/lib:/usr/lib/jni:/usr/local/share/OpenCV/java/:/usr/share/OpenCV/java:" />
    <property name="env.RACK_ENV" value="test" />
    <property name="ant.home" value="/home/travis/build/icyphy/ptII/ant" />
    <property name="env.NVM_DIR" value="/home/travis/.nvm" />
    <property name="env.CERTI_FOM_PATH" value="/home/travis/pthla/certi-tools/share/federations" />
    <property name="env.TRAVIS_BUILD_ID" value="576361823" />
    <property name="env.PYENV_ROOT" value="/opt/pyenv" />
    <property name="env.TRAVIS_UID" value="2000" />
    <property name="prism.verbose" value="true" />
    <property name="env.NVM_BIN" value="/home/travis/.nvm/versions/node/v7.10.1/bin" />
    <property name="env.TRAVIS_COMMIT" value="f9c12c6b2ccbd758ceec4e9ffc44e2f31da246f0" />
    <property name="env._system_arch" value="x86_64" />
    <property name="node.executable" value="node" />
    <property name="sun.boot.library.path" value="/usr/local/lib/jvm/openjdk11/lib" />
    <property name="sun.management.compiler" value="HotSpot 64-Bit Tiered Compilers" />
    <property name="java.awt.graphicsenv" value="sun.awt.X11GraphicsEnvironment" />
    <property name="env.GOPATH" value="/home/travis/gopath" />
    <property name="ptolemy.ptII.dir" value="/home/travis/build/icyphy/ptII" />
    <property name="env.USER" value="travis" />
    <property name="env.HISTFILESIZE" value="2000" />
    <property name="timeout.longest" value="19000000" />
    <property name="env.PERLBREW_SHELLRC_VERSION" value="0.86" />
    <property name="env.TRAVIS_STACK_FEATURES" value="basic couchdb disabled-ipv6 docker docker-compose elasticsearch firefox go-toolchain google-chrome jdk memcached mongodb mysql nodejs_interpreter perl_interpreter perlbrew phantomjs postgresql python_interpreter redis ruby_interpreter sqlite xserver" />
    <property name="env.TRAVIS_PULL_REQUEST" value="false" />
    <property name="env.PYENV_SHELL" value="bash" />
    <property name="ant.project.name" value="ptII" />
    <property name="env.ANSI_RESET" value="\033[0m" />
    <property name="java.vm.specification.version" value="11" />
    <property name="env.TRAVIS_DIST" value="xenial" />
    <property name="env.CERTI_VERSION" value="4.0.0" />
    <property name="env.CERTI_HOST" value="localhost" />
    <property name="awt.toolkit" value="sun.awt.X11.XToolkit" />
    <property name="env.MY_RUBY_HOME" value="/home/travis/.rvm/rubies/ruby-2.5.3" />
    <property name="sun.cpu.isalist" value="" />
    <property name="env.TRAVIS_TMPDIR" value="/tmp/tmp.9TMwD0jqhD" />
    <property name="java.vm.compressedOopsMode" value="Zero based" />
    <property name="os.version" value="4.15.0-1028-gcp" />
    <property name="user.home" value="/home/travis" />
    <property name="java.vm.vendor" value="Oracle Corporation" />
    <property name="env.TRAVIS_TAG" value="nightly" />
    <property name="env.ANSI_YELLOW" value="\033[33;1m" />
    <property name="env.TRAVIS_FILTERED" value="redirect_io" />
    <property name="env.ANSI_GREEN" value="\033[32;1m" />
    <property name="env.JAVA_HOME" value="/usr/local/lib/jvm/openjdk11" />
    <property name="javadoc.excludepackagenames" value="adm.cvs2svn.*,build.*,config.*,doc.coding.templates.*,jni.test.jni.meaningOfLife.*,jni.test.jni.testDeux.*,jni.test.jni.testTrois.*,org.terraswarm.accessor.accessors.web.node_modules.*,org.terraswarm.accessor.accessors.web.hosts.cordova.demo.*,org.terraswarm.accessor.accessors.web.hosts.cordova.plugins.*,org.terraswarm.accessor.accessors-svn.*,pt-modules.*,ptolemy.apps.agilent.*,ptolemy.apps.anytimecontrol.*,ptolemy.apps.apes.*,ptolemy.apps.charon.*,ptolemy.apps.crazyboard.*,ptolemy.apps.eclipse.*,ptolemy.apps.etherealSting.*,ptolemy.apps.fullscreen.*,ptolemy.apps.giotto.*,ptolemy.apps.ia.*,ptolemy.apps.interfaces.*,ptolemy.apps.jmf.*,ptolemy.apps.kurt.*,ptolemy.apps.kvm.*,ptolemy.apps.lego.*,ptolemy.apps.lejos.*,ptolemy.apps.midp.*,ptolemy.apps.mobileCoding.*,ptolemy.apps.pendulum.*,ptolemy.apps.rijndael.*,ptolemy.apps.robot.*,ptolemy.apps.security.*,ptolemy.apps.sobel.*,ptolemy.apps.soot.*,ptolemy.apps.throttle.*,ptolemy.apps.tini.*,ptolemy.apps.transmission.*,ptolemy.apps.vergil.*,ptolemy.apps.waba.*,ptolemy.apps.websensor.*,ptolemy.apps.webstart.*,ptolemy.apps.xsl.*,ptolemy.apps.zaurus.*,ptolemy.codegen.c.actor.lib.oldJavaFiles.*,ptolemy.codegen.dsp.lib.*,ptolemy.codegen.kernel.newInterfaces.*,ptolemy.codegen.lib.*,ptolemy.copernicus.kernel.fragment.*,ptolemy.copernicus.shallow.cg.*,ptolemy.domains.giotto.demo.Hierarchy.Hierarchy.*,ptolemy.domains.giotto.demo.Multimode.Multimode.*,ptolemy.domains.giotto.demo.Simple.Simple.*,ptolemy.domains.gr.lib.experimental.*,ptolemy.domains.gro.*,ptolemy.domains.pdf.*,ptolemy.domains.ptinyos.demo.Surge.output.*,ptolemy.moml.test.NoPackageActor.java*,ptolemy.plot.adm.*,ptolemy.plot.servlet.*,reports.*,signed.*,src.*,target.*,vendors.*,ptolemy.copernicus.applet.*,ptolemy.media.viewer.*,ptolemy.actor.corba.*,doc.doclets.*,ptolemy.apps.eclipse.awt.*,ptolemy.backtrack.*,ptolemy.backtrack.ast.*,ptolemy.cg.adapter.generic.program.procedural.c.mbed*,ptolemy.homer.*,ptolemy.actor.lib.jai.*,org.ptolemy.scala.*,diva.util.java2d.svg.*,ptolemy.domains.ptinyos.*,ptolemy.actor.lib.fmi.fmipp.*,,org.terraswarm.accessor.accessors.web.node_modules.*,org.terraswarm.accessor.accessors-svn,ptolemy.apps.*,ptolemy.actor.ptalon.demo.ptinyos.SendAndReceiveCnt.output,ptolemy.actor.ptalon.demo.ptinyos.SenseToLeds.output,ptolemy.domains.ptinyos.demo.CntToLedsAndRfm.output,ptolemy.domains.ptinyos.demo.RfmToLeds.output,ptolemy.domains.ptinyos.demo.SendAndReceiveCnt.output,ptolemy.domains.ptinyos.demo.SenseToLeds.output,ptolemy.actor.lib.jjs.modules.udpSocket.*" />
    <property name="env.PTII" value="/home/travis/build/icyphy/ptII" />
    <property name="env.XDG_SESSION_ID" value="2" />
    <property name="keystore" value="ptKeystore" />
    <property name="env.TRAVIS_COMMIT_MESSAGE" value="Removed mention of svn." />
    <property name="junit.output.dir" value="/home/travis/build/icyphy/ptII/reports/junit" />
    <property name="npm.return.code" value="0" />
    <property name="user.dir" value="/home/travis/build/icyphy/ptII/ptolemy/actor/lib/test" />
    <property name="env.TRAVIS_NODE_VERSION" value="7" />
    <property name="env.TRAVIS_EVENT_TYPE" value="cron" />
    <property name="env.MAIL" value="/var/mail/travis" />
    <property name="env.PERLBREW_ROOT" value="/home/travis/perl5/perlbrew" />
    <property name="env.PWD" value="/home/travis/build/icyphy/ptII" />
    <property name="timeout.npm" value="45000" />
    <property name="env.TRAVIS_ARCH" value="amd64" />
    <property name="sun.cpu.endian" value="little" />
    <property name="env.PAGER" value="cat" />
    <property name="env.TRAVIS_BUILD_STAGE_NAME" value="Test" />
    <property name="env.PERLBREW_HOME" value="/home/travis/.perlbrew" />
    <property name="java.vm.version" value="11.0.2+9" />
    <property name="env.RAILS_ENV" value="test" />
    <property name="java.class.path" value="/home/travis/.ptolemyII:/home/travis/.ptolemyII/*:/home/travis/build/icyphy/ptII:/home/travis/build/icyphy/ptII/lib/bsh-2.0b4.jar:/home/travis/build/icyphy/ptII/lib/ptCal.jar:/home/travis/build/icyphy/ptII/lib/java_cup.jar:/home/travis/build/icyphy/ptII/lib/saxon8.jar:/home/travis/build/icyphy/ptII/lib/saxon8-dom.jar:/home/travis/build/icyphy/ptII/lib/chic.jar:/home/travis/build/icyphy/ptII/lib/ptcolt.jar:/home/travis/build/icyphy/ptII/vendors/misc/itext/iText.jar:/home/travis/build/icyphy/ptII/lib/g4ltl.jar:/home/travis/build/icyphy/ptII/lib/StructuralCoder.jar:/home/travis/build/icyphy/ptII/lib/jcerti.jar:/home/travis/build/icyphy/ptII/lib/javax.mail.jar:/home/travis/build/icyphy/ptII/vendors/JMF-2.1.1e/lib/jmf.jar:/home/travis/build/icyphy/ptII/lib/jna-4.0.0-variadic.jar:/home/travis/build/icyphy/ptII/vendors/misc/joystick/Joystick.jar:/home/travis/build/icyphy/ptII/lib/ptjacl.jar:/home/travis/build/icyphy/ptII/lib/jsoup-1.8.2.jar:/home/travis/build/icyphy/ptII/lib/junit-4.8.2.jar:/home/travis/build/icyphy/ptII/lib/JUnitParams-0.4.0.jar:/home/travis/build/icyphy/ptII/ptolemy/actor/lib/excel/jxl.jar:/home/travis/build/icyphy/ptII/lib/jython.jar:/home/travis/build/icyphy/ptII/lib/kieler.jar:/home/travis/build/icyphy/ptII/vendors/opencv/share/OpenCV/java/opencv-341.jar:/home/travis/build/icyphy/ptII/lib/oscP5.jar:/home/travis/build/icyphy/ptII/lib/nrjavaserial-3.11.0.devel.jar:/home/travis/build/icyphy/ptII/vendors/j3d/lib/Linux/j3dcore.jar:/home/travis/build/icyphy/ptII/vendors/j3d/lib/Linux/j3dutils.jar:/home/travis/build/icyphy/ptII/vendors/j3d/lib/Linux/vecmath.jar:/home/travis/build/icyphy/ptII/vendors/jogl/lib/Linux/gluegen-rt-natives-linux-amd64.jar:/home/travis/build/icyphy/ptII/vendors/jogl/lib/Linux/gluegen-rt.jar:/home/travis/build/icyphy/ptII/vendors/jogl/lib/Linux/jogl-all-natives-linux-amd64.jar:/home/travis/build/icyphy/ptII/vendors/jogl/lib/Linux/jogl-all.jar:/home/travis/build/icyphy/ptII/ptolemy/distributed/jini/jar/jini-core.jar:/home/travis/build/icyphy/ptII/ptolemy/distributed/jini/jar/jini-ext.jar:/home/travis/build/icyphy/ptII/ptolemy/distributed/jini/jar/sun-util.jar:/home/travis/build/icyphy/ptII/lib/protobuf-java-2.4.1.jar:/home/travis/build/icyphy/ptII/lib/org.eclipse.paho.client.mqttv3.jar:/home/travis/build/icyphy/ptII/lib/mapss.jar:/home/travis/build/icyphy/ptII/ptolemy/actor/ptalon/antlr/antlr.jar:/home/travis/build/icyphy/ptII/lib/JRI.jar:/home/travis/build/icyphy/ptII/lib/commons-lang-2.6.jar:/home/travis/build/icyphy/ptII/lib/commons-logging-1.1.1.jar:/home/travis/build/icyphy/ptII/lib/sootclasses.jar:/home/travis/build/icyphy/ptII/ptolemy/actor/lib/database/mysql-connector-java-5.1.6-bin.jar:/home/travis/build/icyphy/ptII/vendors/misc/sphinx4/sphinx4-data-5prealpha.jar:/home/travis/build/icyphy/ptII/vendors/misc/sphinx4/sphinx4-core-5prealpha.jar:/home/travis/build/icyphy/ptII/lib/PDFRenderer.jar:/home/travis/build/icyphy/ptII/lib/svgSalamander.jar:/home/travis/build/icyphy/ptII/lib/rsyntaxtextarea-2.6.0-SNAPSHOT.jar:/home/travis/build/icyphy/ptII/lib/hazelcast-3.8.2.jar:/home/travis/build/icyphy/ptII/lib/jackson-annotations-2.9.0.jar:/home/travis/build/icyphy/ptII/lib/jackson-core-2.9.3.jar:/home/travis/build/icyphy/ptII/lib/jackson-databind-2.9.3.jar:/home/travis/build/icyphy/ptII/lib/netty-buffer-4.1.19.Final.jar:/home/travis/build/icyphy/ptII/lib/netty-codec-4.1.19.Final.jar:/home/travis/build/icyphy/ptII/lib/netty-codec-dns-4.1.19.Final.jar:/home/travis/build/icyphy/ptII/lib/netty-codec-http-4.1.19.Final.jar:/home/travis/build/icyphy/ptII/lib/netty-codec-http2-4.1.19.Final.jar:/home/travis/build/icyphy/ptII/lib/netty-common-4.1.19.Final.jar:/home/travis/build/icyphy/ptII/lib/netty-handler-4.1.19.Final.jar:/home/travis/build/icyphy/ptII/lib/netty-resolver-4.1.19.Final.jar:/home/travis/build/icyphy/ptII/lib/netty-resolver-dns-4.1.19.Final.jar:/home/travis/build/icyphy/ptII/lib/netty-transport-4.1.19.Final.jar:/home/travis/build/icyphy/ptII/lib/vertx-codegen-3.5.1.jar:/home/travis/build/icyphy/ptII/lib/vertx-core-3.5.2-SNAPSHOT.jar:/home/travis/build/icyphy/ptII/lib/vertx-hazelcast-3.5.1.jar:/home/travis/build/icyphy/ptII/lib/vertx-lang-js-3.5.1.jar:/home/travis/build/icyphy/ptII/lib/vertx-service-proxy-3.5.1.jar:/home/travis/build/icyphy/ptII/lib/vertx-web-3.5.1.jar:/home/travis/build/icyphy/ptII/lib/slf4j-api-1.7.13.jar:/home/travis/build/icyphy/ptII/lib/slf4j-simple-1.7.13.jar:/home/travis/build/icyphy/ptII/lib/webcam-capture-0.3.12.jar:/home/travis/build/icyphy/ptII/lib/bridj-0.7.0.jar:/home/travis/build/icyphy/ptII/lib/xbjlib-1.1.0.nrjavaserial.jar:/home/travis/build/icyphy/ptII/ptolemy/moml/test:/home/travis/build/icyphy/ptII/ant/lib/ant-launcher.jar:/home/travis/build/icyphy/ptII/ant/lib/ant.jar:/home/travis/build/icyphy/ptII/ant/lib/ant-junit.jar:/home/travis/build/icyphy/ptII/ant/lib/ant-junit4.jar" />
    <property name="ant.library.dir" value="/home/travis/build/icyphy/ptII/ant/lib" />
    <property name="os.arch" value="amd64" />
    <property name="env.CONTINUOUS_INTEGRATION" value="true" />
    <property name="env.TRAVIS_LANGUAGE" value="node_js" />
    <property name="env.TRAVIS_STACK_LANGUAGES" value="__sardonyx__ c c++ clojure cplusplus cpp default generic go groovy java node_js php pure_java python ruby scala" />
    <property name="test.name" value="ptolemy.actor.lib.test.junit.JUnitTclTest" />
    <property name="env.APT_KEY_DONT_WARN_ON_DANGEROUS_USAGE" value="1" />
    <property name="sun.java.launcher" value="SUN_STANDARD" />
    <property name="env.PYTHON_CONFIGURE_OPTS" value="--enable-unicode=ucs4 --with-wide-unicode --enable-shared --enable-ipv6 --enable-loadable-sqlite-extensions --with-computed-gotos" />
    <property name="ant.core.lib" value="/home/travis/build/icyphy/ptII/ant/lib/ant.jar" />
    <property name="java.vm.specification.vendor" value="Oracle Corporation" />
    <property name="env.BCVTB_HOME" value="/home/travis/build/icyphy/ptII/lbnl" />
    <property name="file.separator" value="/" />
    <property name="spotbugs.home" value="/home/travis/build/icyphy/ptII/vendors/spotbugs-3.1.1" />
    <property name="java.runtime.version" value="11.0.2+9" />
    <property name="env.ANSI_CLEAR" value="\033[0K" />
    <property name="javafx.verbose" value="true" />
    <property name="env.HAS_JOSH_K_SEAL_OF_APPROVAL" value="true" />
    <property name="env.XDG_RUNTIME_DIR" value="/run/user/2000" />
    <property name="env.TRAVIS_OSX_IMAGE" value="" />
    <property name="env.TRAVIS_JOB_ID" value="576361831" />
    <property name="env.TRAVIS_BRANCH" value="master" />
    <property name="user.country" value="US" />
    <property name="env.CERTI_HOME_TRAVIS" value="/home/travis/pthla/certi-tools" />
    <property name="env.SHELL" value="/bin/bash" />
    <property name="java.maxmemory.large" value="3200m" />
    <property name="model" value="" />
    <property name="env.CASHER_DIR" value="/home/travis/.casher" />
    <property name="env.NVM_CD_FLAGS" value="" />
    <property name="java.vendor.version" value="18.9" />
    <property name="jshint.executable" value="/home/travis/node_modules/jshint/bin/jshint" />
    <property name="env.JRUBY_OPTS" value=" --client -J-XX:+TieredCompilation -J-XX:TieredStopAtLevel=1 -J-Xss2m -Xcompile.invokedynamic=false" />
    <property name="java.vendor" value="Oracle Corporation" />
    <property name="env.TRAVIS_PRE_CHEF_BOOTSTRAP_TIME" value="2019-03-25T16:16:42" />
    <property name="env.TRAVIS_STACK_JOB_BOARD_REGISTER" value="/.job-board-register.yml" />
    <property name="env.ANSI_RED" value="\033[31;1m" />
    <property name="java.specification.version" value="11" />
    <property name="env.IRBRC" value="/home/travis/.rvm/rubies/ruby-2.5.3/.irbrc" />
    <property name="env.TRAVIS" value="true" />
    <property name="sun.arch.data.model" value="64" />
  </properties>
  <testcase classname="ptolemy.util.test.junit.TclTests" name="[0] /home/travis/build/icyphy/ptII/ptolemy/actor/lib/test/AbsoluteValue.tcl (RunTclFile)" time="0.587" />
  <testcase classname="ptolemy.util.test.junit.TclTests" name="[1] /home/travis/build/icyphy/ptII/ptolemy/actor/lib/test/AddSubtract.tcl (RunTclFile)" time="0.195" />
  <testcase classname="ptolemy.util.test.junit.TclTests" name="[2] /home/travis/build/icyphy/ptII/ptolemy/actor/lib/test/Average.tcl (RunTclFile)" time="0.045" />
  <testcase classname="ptolemy.util.test.junit.TclTests" name="[3] /home/travis/build/icyphy/ptII/ptolemy/actor/lib/test/Bernoulli.tcl (RunTclFile)" time="0.044" />
  <testcase classname="ptolemy.util.test.junit.TclTests" name="[4] /home/travis/build/icyphy/ptII/ptolemy/actor/lib/test/Clock.tcl (RunTclFile)" time="0.085" />
  <testcase classname="ptolemy.util.test.junit.TclTests" name="[5] /home/travis/build/icyphy/ptII/ptolemy/actor/lib/test/Commutator.tcl (RunTclFile)" time="0.132" />
  <testcase classname="ptolemy.util.test.junit.TclTests" name="[6] /home/travis/build/icyphy/ptII/ptolemy/actor/lib/test/Const.tcl (RunTclFile)" time="0.098" />
  <testcase classname="ptolemy.util.test.junit.TclTests" name="[7] /home/travis/build/icyphy/ptII/ptolemy/actor/lib/test/CurrentTime.tcl (RunTclFile)" time="0.048" />
  <testcase classname="ptolemy.util.test.junit.TclTests" name="[8] /home/travis/build/icyphy/ptII/ptolemy/actor/lib/test/DB.tcl (RunTclFile)" time="0.048" />
  <testcase classname="ptolemy.util.test.junit.TclTests" name="[9] /home/travis/build/icyphy/ptII/ptolemy/actor/lib/test/DiscreteRandomSource.tcl (RunTclFile)" time="0.062" />
  <testcase classname="ptolemy.util.test.junit.TclTests" name="[10] /home/travis/build/icyphy/ptII/ptolemy/actor/lib/test/Distributor.tcl (RunTclFile)" time="0.041" />
  <testcase classname="ptolemy.util.test.junit.TclTests" name="[11] /home/travis/build/icyphy/ptII/ptolemy/actor/lib/test/Exit.tcl (RunTclFile)" time="0.101" />
  <testcase classname="ptolemy.util.test.junit.TclTests" name="[12] /home/travis/build/icyphy/ptII/ptolemy/actor/lib/test/Expression.tcl (RunTclFile)" time="0.077" />
  <testcase classname="ptolemy.util.test.junit.TclTests" name="[13] /home/travis/build/icyphy/ptII/ptolemy/actor/lib/test/Gaussian.tcl (RunTclFile)" time="0.745" />
  <testcase classname="ptolemy.util.test.junit.TclTests" name="[14] /home/travis/build/icyphy/ptII/ptolemy/actor/lib/test/IIR.tcl (RunTclFile)" time="0.053" />
  <testcase classname="ptolemy.util.test.junit.TclTests" name="[15] /home/travis/build/icyphy/ptII/ptolemy/actor/lib/test/Interpolator.tcl (RunTclFile)" time="0.07" />
  <testcase classname="ptolemy.util.test.junit.TclTests" name="[16] /home/travis/build/icyphy/ptII/ptolemy/actor/lib/test/MathFunction.tcl (RunTclFile)" time="0.088" />
  <testcase classname="ptolemy.util.test.junit.TclTests" name="[17] /home/travis/build/icyphy/ptII/ptolemy/actor/lib/test/Maximum.tcl (RunTclFile)" time="0.047" />
  <testcase classname="ptolemy.util.test.junit.TclTests" name="[18] /home/travis/build/icyphy/ptII/ptolemy/actor/lib/test/Minimum.tcl (RunTclFile)" time="0.042" />
  <testcase classname="ptolemy.util.test.junit.TclTests" name="[19] /home/travis/build/icyphy/ptII/ptolemy/actor/lib/test/MultiplyDivide.tcl (RunTclFile)" time="0.034" />
  <testcase classname="ptolemy.util.test.junit.TclTests" name="[20] /home/travis/build/icyphy/ptII/ptolemy/actor/lib/test/OrderedMerge.tcl (RunTclFile)" time="0.14" />
  <testcase classname="ptolemy.util.test.junit.TclTests" name="[21] /home/travis/build/icyphy/ptII/ptolemy/actor/lib/test/Publisher.tcl (RunTclFile)" time="0.853" />
  <testcase classname="ptolemy.util.test.junit.TclTests" name="[22] /home/travis/build/icyphy/ptII/ptolemy/actor/lib/test/Pulse.tcl (RunTclFile)" time="0.075" />
  <testcase classname="ptolemy.util.test.junit.TclTests" name="[23] /home/travis/build/icyphy/ptII/ptolemy/actor/lib/test/Ramp.tcl (RunTclFile)" time="2.308" />
  <testcase classname="ptolemy.util.test.junit.TclTests" name="[24] /home/travis/build/icyphy/ptII/ptolemy/actor/lib/test/RampContinuous.tcl (RunTclFile)" time="0.021" />
  <testcase classname="ptolemy.util.test.junit.TclTests" name="[25] /home/travis/build/icyphy/ptII/ptolemy/actor/lib/test/RecordAssembler.tcl (RunTclFile)" time="0.019" />
  <testcase classname="ptolemy.util.test.junit.TclTests" name="[26] /home/travis/build/icyphy/ptII/ptolemy/actor/lib/test/RecordDisassembler.tcl (RunTclFile)" time="0.039" />
  <testcase classname="ptolemy.util.test.junit.TclTests" name="[27] /home/travis/build/icyphy/ptII/ptolemy/actor/lib/test/Scale.tcl (RunTclFile)" time="0.029" />
  <testcase classname="ptolemy.util.test.junit.TclTests" name="[28] /home/travis/build/icyphy/ptII/ptolemy/actor/lib/test/SequentialClock.tcl (RunTclFile)" time="0.017" />
  <testcase classname="ptolemy.util.test.junit.TclTests" name="[29] /home/travis/build/icyphy/ptII/ptolemy/actor/lib/test/SetVariable.tcl (RunTclFile)" time="0.047">
    <failure message="Number of failed tests is has increased. expected:&lt;0&gt; but was:&lt;1&gt;" type="junit.framework.AssertionFailedError">junit.framework.AssertionFailedError: Number of failed tests is has increased. expected:&lt;0&gt; but was:&lt;1&gt;
	at ptolemy.util.test.junit.TclTests.RunTclFile(TclTests.java:286)
	at jdk.internal.reflect.GeneratedMethodAccessor19.invoke(Unknown Source)
	at java.base/jdk.internal.reflect.DelegatingMethodAccessorImpl.invoke(DelegatingMethodAccessorImpl.java:43)
	at junitparams.internal.InvokeParameterisedMethod.evaluate(InvokeParameterisedMethod.java:102)
	at junitparams.internal.ParameterisedTestMethodRunner.runMethodInvoker(ParameterisedTestMethodRunner.java:47)
	at junitparams.internal.ParameterisedTestMethodRunner.runTestMethod(ParameterisedTestMethodRunner.java:41)
	at junitparams.internal.ParameterisedTestClassRunner.runParameterisedTest(ParameterisedTestClassRunner.java:143)
	at junitparams.JUnitParamsRunner.runChild(JUnitParamsRunner.java:237)
	at junitparams.JUnitParamsRunner.runChild(JUnitParamsRunner.java:215)
</failure>
  </testcase>
  <testcase classname="ptolemy.util.test.junit.TclTests" name="[30] /home/travis/build/icyphy/ptII/ptolemy/actor/lib/test/Sinewave.tcl (RunTclFile)" time="0.059" />
  <testcase classname="ptolemy.util.test.junit.TclTests" name="[31] /home/travis/build/icyphy/ptII/ptolemy/actor/lib/test/SubscriptionAggregator.tcl (RunTclFile)" time="2.327" />
  <testcase classname="ptolemy.util.test.junit.TclTests" name="[32] /home/travis/build/icyphy/ptII/ptolemy/actor/lib/test/Test.tcl (RunTclFile)" time="0.102" />
  <testcase classname="ptolemy.util.test.junit.TclTests" name="[33] /home/travis/build/icyphy/ptII/ptolemy/actor/lib/test/TestExceptionHandler.tcl (RunTclFile)" time="0.014" />
  <testcase classname="ptolemy.util.test.junit.TclTests" name="[34] /home/travis/build/icyphy/ptII/ptolemy/actor/lib/test/UnionDisassembler.tcl (RunTclFile)" time="0.129" />
  <testcase classname="ptolemy.util.test.junit.TclTests" name="[35] /home/travis/build/icyphy/ptII/ptolemy/actor/lib/test/VariableClock.tcl (RunTclFile)" time="0.017" />
  <testcase classname="ptolemy.util.test.junit.AutoKnownFailedTests" name="[0] /home/travis/build/icyphy/ptII/ptolemy/actor/lib/test/auto/knownFailedTests/PublisherPortToplevelSubscriber.xml (RunModel)" time="0.03" />
  <testcase classname="ptolemy.util.test.junit.AutoKnownFailedTests" name="[1] /home/travis/build/icyphy/ptII/ptolemy/actor/lib/test/auto/knownFailedTests/PublisherSubscriberPortToplevel.xml (RunModel)" time="0.019" />
  <testcase classname="ptolemy.util.test.junit.AutoKnownFailedTests" name="[2] /home/travis/build/icyphy/ptII/ptolemy/actor/lib/test/auto/knownFailedTests/PublisherSubscriptionAggregatorPort.xml (RunModel)" time="0.021" />
  <testcase classname="ptolemy.util.test.junit.AutoKnownFailedTests" name="[3] /home/travis/build/icyphy/ptII/ptolemy/actor/lib/test/auto/knownFailedTests/sizedarray3.xml (RunModel)" time="0.03" />
  <testcase classname="ptolemy.util.test.junit.AutoNameArchTests" name="[0] ThereAreNoAutoArchTests (RunModel)" time="0.004" />
  <testcase classname="ptolemy.util.test.junit.AutoTests" name="[0] /home/travis/build/icyphy/ptII/ptolemy/actor/lib/test/auto/AbsoluteValue.xml (RunModel)" time="0.121" />
  <testcase classname="ptolemy.util.test.junit.AutoTests" name="[1] /home/travis/build/icyphy/ptII/ptolemy/actor/lib/test/auto/AbsoluteValue2.xml (RunModel)" time="0.035" />
  <testcase classname="ptolemy.util.test.junit.AutoTests" name="[2] /home/travis/build/icyphy/ptII/ptolemy/actor/lib/test/auto/Accumulator.xml (RunModel)" time="0.071" />
  <testcase classname="ptolemy.util.test.junit.AutoTests" name="[3] /home/travis/build/icyphy/ptII/ptolemy/actor/lib/test/auto/Accumulator2.xml (RunModel)" time="0.041" />
  <testcase classname="ptolemy.util.test.junit.AutoTests" name="[4] /home/travis/build/icyphy/ptII/ptolemy/actor/lib/test/auto/Accumulator3.xml (RunModel)" time="0.017" />
  <testcase classname="ptolemy.util.test.junit.AutoTests" name="[5] /home/travis/build/icyphy/ptII/ptolemy/actor/lib/test/auto/ArrayAppend.xml (RunModel)" time="0.03" />
  <testcase classname="ptolemy.util.test.junit.AutoTests" name="[6] /home/travis/build/icyphy/ptII/ptolemy/actor/lib/test/auto/ArrayAppend2.xml (RunModel)" time="0.548" />
  <testcase classname="ptolemy.util.test.junit.AutoTests" name="[7] /home/travis/build/icyphy/ptII/ptolemy/actor/lib/test/auto/ArrayAppend3.xml (RunModel)" time="0.047" />
  <testcase classname="ptolemy.util.test.junit.AutoTests" name="[8] /home/travis/build/icyphy/ptII/ptolemy/actor/lib/test/auto/ArrayAppend4.xml (RunModel)" time="0.024" />
  <testcase classname="ptolemy.util.test.junit.AutoTests" name="[9] /home/travis/build/icyphy/ptII/ptolemy/actor/lib/test/auto/ArrayAppend5.xml (RunModel)" time="0.028" />
  <testcase classname="ptolemy.util.test.junit.AutoTests" name="[10] /home/travis/build/icyphy/ptII/ptolemy/actor/lib/test/auto/ArrayAppend6.xml (RunModel)" time="0.027" />
  <testcase classname="ptolemy.util.test.junit.AutoTests" name="[11] /home/travis/build/icyphy/ptII/ptolemy/actor/lib/test/auto/ArrayAppendPerformanceTest.xml (RunModel)" time="0.067" />
  <testcase classname="ptolemy.util.test.junit.AutoTests" name="[12] /home/travis/build/icyphy/ptII/ptolemy/actor/lib/test/auto/ArrayAppendWithEmptyInput.xml (RunModel)" time="0.069" />
  <testcase classname="ptolemy.util.test.junit.AutoTests" name="[13] /home/travis/build/icyphy/ptII/ptolemy/actor/lib/test/auto/ArrayAverage.xml (RunModel)" time="0.035" />
  <testcase classname="ptolemy.util.test.junit.AutoTests" name="[14] /home/travis/build/icyphy/ptII/ptolemy/actor/lib/test/auto/ArrayContains.xml (RunModel)" time="0.024" />
  <testcase classname="ptolemy.util.test.junit.AutoTests" name="[15] /home/travis/build/icyphy/ptII/ptolemy/actor/lib/test/auto/ArrayElement.xml (RunModel)" time="0.022" />
  <testcase classname="ptolemy.util.test.junit.AutoTests" name="[16] /home/travis/build/icyphy/ptII/ptolemy/actor/lib/test/auto/ArrayElementAsMatrix.xml (RunModel)" time="0.043" />
  <testcase classname="ptolemy.util.test.junit.AutoTests" name="[17] /home/travis/build/icyphy/ptII/ptolemy/actor/lib/test/auto/ArrayElementI.xml (RunModel)" time="0.036" />
  <testcase classname="ptolemy.util.test.junit.AutoTests" name="[18] /home/travis/build/icyphy/ptII/ptolemy/actor/lib/test/auto/ArrayExtract.xml (RunModel)" time="0.038" />
  <testcase classname="ptolemy.util.test.junit.AutoTests" name="[19] /home/travis/build/icyphy/ptII/ptolemy/actor/lib/test/auto/ArrayExtract2.xml (RunModel)" time="0.019" />
  <testcase classname="ptolemy.util.test.junit.AutoTests" name="[20] /home/travis/build/icyphy/ptII/ptolemy/actor/lib/test/auto/ArrayLength.xml (RunModel)" time="0.03" />
  <testcase classname="ptolemy.util.test.junit.AutoTests" name="[21] /home/travis/build/icyphy/ptII/ptolemy/actor/lib/test/auto/ArrayLevelCrossing.xml (RunModel)" time="0.031" />
  <testcase classname="ptolemy.util.test.junit.AutoTests" name="[22] /home/travis/build/icyphy/ptII/ptolemy/actor/lib/test/auto/ArrayLevelCrossing2.xml (RunModel)" time="0.029" />
  <testcase classname="ptolemy.util.test.junit.AutoTests" name="[23] /home/travis/build/icyphy/ptII/ptolemy/actor/lib/test/auto/ArrayPeakSearch.xml (RunModel)" time="0.055" />
  <testcase classname="ptolemy.util.test.junit.AutoTests" name="[24] /home/travis/build/icyphy/ptII/ptolemy/actor/lib/test/auto/ArrayPeakSearch2.xml (RunModel)" time="0.033" />
  <testcase classname="ptolemy.util.test.junit.AutoTests" name="[25] /home/travis/build/icyphy/ptII/ptolemy/actor/lib/test/auto/ArrayPeakSearch3.xml (RunModel)" time="0.046" />
  <testcase classname="ptolemy.util.test.junit.AutoTests" name="[26] /home/travis/build/icyphy/ptII/ptolemy/actor/lib/test/auto/ArrayRemoveElement.xml (RunModel)" time="0.04" />
  <testcase classname="ptolemy.util.test.junit.AutoTests" name="[27] /home/travis/build/icyphy/ptII/ptolemy/actor/lib/test/auto/ArraySort.xml (RunModel)" time="0.044" />
  <testcase classname="ptolemy.util.test.junit.AutoTests" name="[28] /home/travis/build/icyphy/ptII/ptolemy/actor/lib/test/auto/ArraySum.xml (RunModel)" time="0.023" />
  <testcase classname="ptolemy.util.test.junit.AutoTests" name="[29] /home/travis/build/icyphy/ptII/ptolemy/actor/lib/test/auto/ArrayToElements.xml (RunModel)" time="0.032" />
  <testcase classname="ptolemy.util.test.junit.AutoTests" name="[30] /home/travis/build/icyphy/ptII/ptolemy/actor/lib/test/auto/ArrayToMatrix.xml (RunModel)" time="0.059" />
  <testcase classname="ptolemy.util.test.junit.AutoTests" name="[31] /home/travis/build/icyphy/ptII/ptolemy/actor/lib/test/auto/ArrayUpdate1.xml (RunModel)" time="0.019" />
  <testcase classname="ptolemy.util.test.junit.AutoTests" name="[32] /home/travis/build/icyphy/ptII/ptolemy/actor/lib/test/auto/ArrayUpdate2.xml (RunModel)" time="0.025" />
  <testcase classname="ptolemy.util.test.junit.AutoTests" name="[33] /home/travis/build/icyphy/ptII/ptolemy/actor/lib/test/auto/ArrayUpdate3.xml (RunModel)" time="0.018" />
  <testcase classname="ptolemy.util.test.junit.AutoTests" name="[34] /home/travis/build/icyphy/ptII/ptolemy/actor/lib/test/auto/Assert1.xml (RunModel)" time="0.025" />
  <testcase classname="ptolemy.util.test.junit.AutoTests" name="[35] /home/travis/build/icyphy/ptII/ptolemy/actor/lib/test/auto/Assert2.xml (RunModel)" time="0.024" />
  <testcase classname="ptolemy.util.test.junit.AutoTests" name="[36] /home/travis/build/icyphy/ptII/ptolemy/actor/lib/test/auto/BooleanMultiplexor.xml (RunModel)" time="0.028" />
  <testcase classname="ptolemy.util.test.junit.AutoTests" name="[37] /home/travis/build/icyphy/ptII/ptolemy/actor/lib/test/auto/BooleanMultiplexor2.xml (RunModel)" time="0.033" />
  <testcase classname="ptolemy.util.test.junit.AutoTests" name="[38] /home/travis/build/icyphy/ptII/ptolemy/actor/lib/test/auto/BooleanMultiplexor3.xml (RunModel)" time="0.021" />
  <testcase classname="ptolemy.util.test.junit.AutoTests" name="[39] /home/travis/build/icyphy/ptII/ptolemy/actor/lib/test/auto/BooleanSelect.xml (RunModel)" time="0.025" />
  <testcase classname="ptolemy.util.test.junit.AutoTests" name="[40] /home/travis/build/icyphy/ptII/ptolemy/actor/lib/test/auto/BooleanSelect2.xml (RunModel)" time="0.019" />
  <testcase classname="ptolemy.util.test.junit.AutoTests" name="[41] /home/travis/build/icyphy/ptII/ptolemy/actor/lib/test/auto/BooleanSwitch.xml (RunModel)" time="0.036" />
  <testcase classname="ptolemy.util.test.junit.AutoTests" name="[42] /home/travis/build/icyphy/ptII/ptolemy/actor/lib/test/auto/BooleanSwitch2.xml (RunModel)" time="0.018" />
  <testcase classname="ptolemy.util.test.junit.AutoTests" name="[43] /home/travis/build/icyphy/ptII/ptolemy/actor/lib/test/auto/BooleanSwitchCloningBugWithClassRelationGroup.xml (RunModel)" time="0.046" />
  <testcase classname="ptolemy.util.test.junit.AutoTests" name="[44] /home/travis/build/icyphy/ptII/ptolemy/actor/lib/test/auto/BusActors.xml (RunModel)" time="0.031" />
  <testcase classname="ptolemy.util.test.junit.AutoTests" name="[45] /home/travis/build/icyphy/ptII/ptolemy/actor/lib/test/auto/ClassWrapper.xml (RunModel)" time="0.013" />
  <testcase classname="ptolemy.util.test.junit.AutoTests" name="[46] /home/travis/build/icyphy/ptII/ptolemy/actor/lib/test/auto/Clock.xml (RunModel)" time="0.019" />
  <testcase classname="ptolemy.util.test.junit.AutoTests" name="[47] /home/travis/build/icyphy/ptII/ptolemy/actor/lib/test/auto/Clock10.xml (RunModel)" time="0.021" />
  <testcase classname="ptolemy.util.test.junit.AutoTests" name="[48] /home/travis/build/icyphy/ptII/ptolemy/actor/lib/test/auto/Clock11.xml (RunModel)" time="0.014" />
  <testcase classname="ptolemy.util.test.junit.AutoTests" name="[49] /home/travis/build/icyphy/ptII/ptolemy/actor/lib/test/auto/Clock12.xml (RunModel)" time="0.032" />
  <testcase classname="ptolemy.util.test.junit.AutoTests" name="[50] /home/travis/build/icyphy/ptII/ptolemy/actor/lib/test/auto/Clock13.xml (RunModel)" time="0.019" />
  <testcase classname="ptolemy.util.test.junit.AutoTests" name="[51] /home/travis/build/icyphy/ptII/ptolemy/actor/lib/test/auto/Clock14.xml (RunModel)" time="0.018" />
  <testcase classname="ptolemy.util.test.junit.AutoTests" name="[52] /home/travis/build/icyphy/ptII/ptolemy/actor/lib/test/auto/Clock15.xml (RunModel)" time="0.017" />
  <testcase classname="ptolemy.util.test.junit.AutoTests" name="[53] /home/travis/build/icyphy/ptII/ptolemy/actor/lib/test/auto/Clock16.xml (RunModel)" time="0.108" />
  <testcase classname="ptolemy.util.test.junit.AutoTests" name="[54] /home/travis/build/icyphy/ptII/ptolemy/actor/lib/test/auto/Clock17.xml (RunModel)" time="0.071" />
  <testcase classname="ptolemy.util.test.junit.AutoTests" name="[55] /home/travis/build/icyphy/ptII/ptolemy/actor/lib/test/auto/Clock18.xml (RunModel)" time="0.049" />
  <testcase classname="ptolemy.util.test.junit.AutoTests" name="[56] /home/travis/build/icyphy/ptII/ptolemy/actor/lib/test/auto/Clock19.xml (RunModel)" time="0.05" />
  <testcase classname="ptolemy.util.test.junit.AutoTests" name="[57] /home/travis/build/icyphy/ptII/ptolemy/actor/lib/test/auto/Clock2.xml (RunModel)" time="0.027" />
  <testcase classname="ptolemy.util.test.junit.AutoTests" name="[58] /home/travis/build/icyphy/ptII/ptolemy/actor/lib/test/auto/Clock20.xml (RunModel)" time="0.023" />
  <testcase classname="ptolemy.util.test.junit.AutoTests" name="[59] /home/travis/build/icyphy/ptII/ptolemy/actor/lib/test/auto/Clock21.xml (RunModel)" time="0.015" />
  <testcase classname="ptolemy.util.test.junit.AutoTests" name="[60] /home/travis/build/icyphy/ptII/ptolemy/actor/lib/test/auto/Clock22.xml (RunModel)" time="0.015" />
  <testcase classname="ptolemy.util.test.junit.AutoTests" name="[61] /home/travis/build/icyphy/ptII/ptolemy/actor/lib/test/auto/Clock23.xml (RunModel)" time="0.015" />
  <testcase classname="ptolemy.util.test.junit.AutoTests" name="[62] /home/travis/build/icyphy/ptII/ptolemy/actor/lib/test/auto/Clock24.xml (RunModel)" time="0.014" />
  <testcase classname="ptolemy.util.test.junit.AutoTests" name="[63] /home/travis/build/icyphy/ptII/ptolemy/actor/lib/test/auto/Clock4.xml (RunModel)" time="0.009" />
  <testcase classname="ptolemy.util.test.junit.AutoTests" name="[64] /home/travis/build/icyphy/ptII/ptolemy/actor/lib/test/auto/Clock5.xml (RunModel)" time="0.01" />
  <testcase classname="ptolemy.util.test.junit.AutoTests" name="[65] /home/travis/build/icyphy/ptII/ptolemy/actor/lib/test/auto/Clock6.xml (RunModel)" time="0.009" />
  <testcase classname="ptolemy.util.test.junit.AutoTests" name="[66] /home/travis/build/icyphy/ptII/ptolemy/actor/lib/test/auto/Clock7.xml (RunModel)" time="0.009" />
  <testcase classname="ptolemy.util.test.junit.AutoTests" name="[67] /home/travis/build/icyphy/ptII/ptolemy/actor/lib/test/auto/Clock8.xml (RunModel)" time="0.016" />
  <testcase classname="ptolemy.util.test.junit.AutoTests" name="[68] /home/travis/build/icyphy/ptII/ptolemy/actor/lib/test/auto/Clock9.xml (RunModel)" time="0.016" />
  <testcase classname="ptolemy.util.test.junit.AutoTests" name="[69] /home/travis/build/icyphy/ptII/ptolemy/actor/lib/test/auto/CommDistDiscard.xml (RunModel)" time="0.024" />
  <testcase classname="ptolemy.util.test.junit.AutoTests" name="[70] /home/travis/build/icyphy/ptII/ptolemy/actor/lib/test/auto/Commutator.xml (RunModel)" time="0.016" />
  <testcase classname="ptolemy.util.test.junit.AutoTests" name="[71] /home/travis/build/icyphy/ptII/ptolemy/actor/lib/test/auto/Commutator2.xml (RunModel)" time="0.01" />
  <testcase classname="ptolemy.util.test.junit.AutoTests" name="[72] /home/travis/build/icyphy/ptII/ptolemy/actor/lib/test/auto/Commutator3.xml (RunModel)" time="0.018" />
  <testcase classname="ptolemy.util.test.junit.AutoTests" name="[73] /home/travis/build/icyphy/ptII/ptolemy/actor/lib/test/auto/Compare.xml (RunModel)" time="0.022" />
  <testcase classname="ptolemy.util.test.junit.AutoTests" name="[74] /home/travis/build/icyphy/ptII/ptolemy/actor/lib/test/auto/CompareDE.xml (RunModel)" time="0.018" />
  <testcase classname="ptolemy.util.test.junit.AutoTests" name="[75] /home/travis/build/icyphy/ptII/ptolemy/actor/lib/test/auto/ComplexDivide.xml (RunModel)" time="0.01" />
  <testcase classname="ptolemy.util.test.junit.AutoTests" name="[76] /home/travis/build/icyphy/ptII/ptolemy/actor/lib/test/auto/ComputeHistogram.xml (RunModel)" time="0.067" />
  <testcase classname="ptolemy.util.test.junit.AutoTests" name="[77] /home/travis/build/icyphy/ptII/ptolemy/actor/lib/test/auto/ConfigurationSelect.xml (RunModel)" time="0.023" />
  <testcase classname="ptolemy.util.test.junit.AutoTests" name="[78] /home/travis/build/icyphy/ptII/ptolemy/actor/lib/test/auto/ConfigurationSelect2.xml (RunModel)" time="0.016" />
  <testcase classname="ptolemy.util.test.junit.AutoTests" name="[79] /home/travis/build/icyphy/ptII/ptolemy/actor/lib/test/auto/ConfigurationSwitch.xml (RunModel)" time="0.029" />
  <testcase classname="ptolemy.util.test.junit.AutoTests" name="[80] /home/travis/build/icyphy/ptII/ptolemy/actor/lib/test/auto/ConfigurationSwitch2.xml (RunModel)" time="0.019" />
  <testcase classname="ptolemy.util.test.junit.AutoTests" name="[81] /home/travis/build/icyphy/ptII/ptolemy/actor/lib/test/auto/ConfigurationSwitchCloningBugWithClassRelationGroup.xml (RunModel)" time="0.019" />
  <testcase classname="ptolemy.util.test.junit.AutoTests" name="[82] /home/travis/build/icyphy/ptII/ptolemy/actor/lib/test/auto/ConfigurationSwitchSelectSDF.xml (RunModel)" time="0.013" />
  <testcase classname="ptolemy.util.test.junit.AutoTests" name="[83] /home/travis/build/icyphy/ptII/ptolemy/actor/lib/test/auto/ConfigurationSwitchSelectSDF2.xml (RunModel)" time="0.018" />
  <testcase classname="ptolemy.util.test.junit.AutoTests" name="[84] /home/travis/build/icyphy/ptII/ptolemy/actor/lib/test/auto/Const.xml (RunModel)" time="0.008" />
  <testcase classname="ptolemy.util.test.junit.AutoTests" name="[85] /home/travis/build/icyphy/ptII/ptolemy/actor/lib/test/auto/Const2.xml (RunModel)" time="0.01" />
  <testcase classname="ptolemy.util.test.junit.AutoTests" name="[86] /home/travis/build/icyphy/ptII/ptolemy/actor/lib/test/auto/Const3.xml (RunModel)" time="0.015" />
  <testcase classname="ptolemy.util.test.junit.AutoTests" name="[87] /home/travis/build/icyphy/ptII/ptolemy/actor/lib/test/auto/ConstantPublisherPort1.xml (RunModel)" time="0.026" />
  <testcase classname="ptolemy.util.test.junit.AutoTests" name="[88] /home/travis/build/icyphy/ptII/ptolemy/actor/lib/test/auto/ConstantPublisherPort2.xml (RunModel)" time="0.037" />
  <testcase classname="ptolemy.util.test.junit.AutoTests" name="[89] /home/travis/build/icyphy/ptII/ptolemy/actor/lib/test/auto/ConstantPublisherPort3.xml (RunModel)" time="0.022" />
  <testcase classname="ptolemy.util.test.junit.AutoTests" name="[90] /home/travis/build/icyphy/ptII/ptolemy/actor/lib/test/auto/ConstantPublisherPort4.xml (RunModel)" time="0.019" />
  <testcase classname="ptolemy.util.test.junit.AutoTests" name="[91] /home/travis/build/icyphy/ptII/ptolemy/actor/lib/test/auto/ConstantPublisherPort5.xml (RunModel)" time="0.046" />
  <testcase classname="ptolemy.util.test.junit.AutoTests" name="[92] /home/travis/build/icyphy/ptII/ptolemy/actor/lib/test/auto/ConstantPublisherPort6.xml (RunModel)" time="0.03" />
  <testcase classname="ptolemy.util.test.junit.AutoTests" name="[93] /home/travis/build/icyphy/ptII/ptolemy/actor/lib/test/auto/ConstantPublisherPort7.xml (RunModel)" time="0.038" />
  <testcase classname="ptolemy.util.test.junit.AutoTests" name="[94] /home/travis/build/icyphy/ptII/ptolemy/actor/lib/test/auto/ConstraintMonitor1.xml (RunModel)" time="0.044" />
  <testcase classname="ptolemy.util.test.junit.AutoTests" name="[95] /home/travis/build/icyphy/ptII/ptolemy/actor/lib/test/auto/ConstraintMonitor2.xml (RunModel)" time="0.012" />
  <testcase classname="ptolemy.util.test.junit.AutoTests" name="[96] /home/travis/build/icyphy/ptII/ptolemy/actor/lib/test/auto/ConstraintMonitor3.xml (RunModel)" time="0.025" />
  <testcase classname="ptolemy.util.test.junit.AutoTests" name="[97] /home/travis/build/icyphy/ptII/ptolemy/actor/lib/test/auto/ConstraintMonitor4.xml (RunModel)" time="0.016" />
  <testcase classname="ptolemy.util.test.junit.AutoTests" name="[98] /home/travis/build/icyphy/ptII/ptolemy/actor/lib/test/auto/ConstraintMonitor5.xml (RunModel)" time="0.014" />
  <testcase classname="ptolemy.util.test.junit.AutoTests" name="[99] /home/travis/build/icyphy/ptII/ptolemy/actor/lib/test/auto/ConstraintMonitor6.xml (RunModel)" time="0.023" />
  <testcase classname="ptolemy.util.test.junit.AutoTests" name="[100] /home/travis/build/icyphy/ptII/ptolemy/actor/lib/test/auto/ConstraintMonitor7.xml (RunModel)" time="0.026" />
  <testcase classname="ptolemy.util.test.junit.AutoTests" name="[101] /home/travis/build/icyphy/ptII/ptolemy/actor/lib/test/auto/ConstraintMonitor8.xml (RunModel)" time="0.024" />
  <testcase classname="ptolemy.util.test.junit.AutoTests" name="[102] /home/travis/build/icyphy/ptII/ptolemy/actor/lib/test/auto/Counter.xml (RunModel)" time="0.021" />
  <testcase classname="ptolemy.util.test.junit.AutoTests" name="[103] /home/travis/build/icyphy/ptII/ptolemy/actor/lib/test/auto/CurrentTimeSDF.xml (RunModel)" time="0.013" />
  <testcase classname="ptolemy.util.test.junit.AutoTests" name="[104] /home/travis/build/icyphy/ptII/ptolemy/actor/lib/test/auto/DB.xml (RunModel)" time="0.023" />
  <testcase classname="ptolemy.util.test.junit.AutoTests" name="[105] /home/travis/build/icyphy/ptII/ptolemy/actor/lib/test/auto/DBDE.xml (RunModel)" time="0.016" />
  <testcase classname="ptolemy.util.test.junit.AutoTests" name="[106] /home/travis/build/icyphy/ptII/ptolemy/actor/lib/test/auto/DateConstructor.xml (RunModel)" time="0.074" />
  <testcase classname="ptolemy.util.test.junit.AutoTests" name="[107] /home/travis/build/icyphy/ptII/ptolemy/actor/lib/test/auto/DelayTime.xml (RunModel)" time="0.019" />
  <testcase classname="ptolemy.util.test.junit.AutoTests" name="[108] /home/travis/build/icyphy/ptII/ptolemy/actor/lib/test/auto/Dictionary1.xml (RunModel)" time="0.028" />
  <testcase classname="ptolemy.util.test.junit.AutoTests" name="[109] /home/travis/build/icyphy/ptII/ptolemy/actor/lib/test/auto/Dictionary2.xml (RunModel)" time="0.014" />
  <testcase classname="ptolemy.util.test.junit.AutoTests" name="[110] /home/travis/build/icyphy/ptII/ptolemy/actor/lib/test/auto/Dictionary3.xml (RunModel)" time="0.021" />
  <testcase classname="ptolemy.util.test.junit.AutoTests" name="[111] /home/travis/build/icyphy/ptII/ptolemy/actor/lib/test/auto/Dictionary4.xml (RunModel)" time="0.017" />
  <testcase classname="ptolemy.util.test.junit.AutoTests" name="[112] /home/travis/build/icyphy/ptII/ptolemy/actor/lib/test/auto/Differential.xml (RunModel)" time="0.013" />
  <testcase classname="ptolemy.util.test.junit.AutoTests" name="[113] /home/travis/build/icyphy/ptII/ptolemy/actor/lib/test/auto/Director.xml (RunModel)" time="0.01" />
  <testcase classname="ptolemy.util.test.junit.AutoTests" name="[114] /home/travis/build/icyphy/ptII/ptolemy/actor/lib/test/auto/DiscreteClock.xml (RunModel)" time="0.01" />
  <testcase classname="ptolemy.util.test.junit.AutoTests" name="[115] /home/travis/build/icyphy/ptII/ptolemy/actor/lib/test/auto/DiscreteClock10.xml (RunModel)" time="0.014" />
  <testcase classname="ptolemy.util.test.junit.AutoTests" name="[116] /home/travis/build/icyphy/ptII/ptolemy/actor/lib/test/auto/DiscreteClock11.xml (RunModel)" time="0.021" />
  <testcase classname="ptolemy.util.test.junit.AutoTests" name="[117] /home/travis/build/icyphy/ptII/ptolemy/actor/lib/test/auto/DiscreteClock12.xml (RunModel)" time="0.016" />
  <testcase classname="ptolemy.util.test.junit.AutoTests" name="[118] /home/travis/build/icyphy/ptII/ptolemy/actor/lib/test/auto/DiscreteClock13.xml (RunModel)" time="0.018" />
  <testcase classname="ptolemy.util.test.junit.AutoTests" name="[119] /home/travis/build/icyphy/ptII/ptolemy/actor/lib/test/auto/DiscreteClock14.xml (RunModel)" time="0.014" />
  <testcase classname="ptolemy.util.test.junit.AutoTests" name="[120] /home/travis/build/icyphy/ptII/ptolemy/actor/lib/test/auto/DiscreteClock15.xml (RunModel)" time="0.016" />
  <testcase classname="ptolemy.util.test.junit.AutoTests" name="[121] /home/travis/build/icyphy/ptII/ptolemy/actor/lib/test/auto/DiscreteClock16.xml (RunModel)" time="0.046" />
  <testcase classname="ptolemy.util.test.junit.AutoTests" name="[122] /home/travis/build/icyphy/ptII/ptolemy/actor/lib/test/auto/DiscreteClock17.xml (RunModel)" time="0.046" />
  <testcase classname="ptolemy.util.test.junit.AutoTests" name="[123] /home/travis/build/icyphy/ptII/ptolemy/actor/lib/test/auto/DiscreteClock18.xml (RunModel)" time="0.045" />
  <testcase classname="ptolemy.util.test.junit.AutoTests" name="[124] /home/travis/build/icyphy/ptII/ptolemy/actor/lib/test/auto/DiscreteClock19.xml (RunModel)" time="0.051" />
  <testcase classname="ptolemy.util.test.junit.AutoTests" name="[125] /home/travis/build/icyphy/ptII/ptolemy/actor/lib/test/auto/DiscreteClock2.xml (RunModel)" time="0.011" />
  <testcase classname="ptolemy.util.test.junit.AutoTests" name="[126] /home/travis/build/icyphy/ptII/ptolemy/actor/lib/test/auto/DiscreteClock20.xml (RunModel)" time="0.026" />
  <testcase classname="ptolemy.util.test.junit.AutoTests" name="[127] /home/travis/build/icyphy/ptII/ptolemy/actor/lib/test/auto/DiscreteClock21.xml (RunModel)" time="0.018" />
  <testcase classname="ptolemy.util.test.junit.AutoTests" name="[128] /home/travis/build/icyphy/ptII/ptolemy/actor/lib/test/auto/DiscreteClock22.xml (RunModel)" time="0.015" />
  <testcase classname="ptolemy.util.test.junit.AutoTests" name="[129] /home/travis/build/icyphy/ptII/ptolemy/actor/lib/test/auto/DiscreteClock23.xml (RunModel)" time="0.021" />
  <testcase classname="ptolemy.util.test.junit.AutoTests" name="[130] /home/travis/build/icyphy/ptII/ptolemy/actor/lib/test/auto/DiscreteClock24.xml (RunModel)" time="0.014" />
  <testcase classname="ptolemy.util.test.junit.AutoTests" name="[131] /home/travis/build/icyphy/ptII/ptolemy/actor/lib/test/auto/DiscreteClock4.xml (RunModel)" time="0.013" />
  <testcase classname="ptolemy.util.test.junit.AutoTests" name="[132] /home/travis/build/icyphy/ptII/ptolemy/actor/lib/test/auto/DiscreteClock5.xml (RunModel)" time="0.01" />
  <testcase classname="ptolemy.util.test.junit.AutoTests" name="[133] /home/travis/build/icyphy/ptII/ptolemy/actor/lib/test/auto/DiscreteClock6.xml (RunModel)" time="0.013" />
  <testcase classname="ptolemy.util.test.junit.AutoTests" name="[134] /home/travis/build/icyphy/ptII/ptolemy/actor/lib/test/auto/DiscreteClock7.xml (RunModel)" time="0.01" />
  <testcase classname="ptolemy.util.test.junit.AutoTests" name="[135] /home/travis/build/icyphy/ptII/ptolemy/actor/lib/test/auto/DiscreteClock8.xml (RunModel)" time="0.028" />
  <testcase classname="ptolemy.util.test.junit.AutoTests" name="[136] /home/travis/build/icyphy/ptII/ptolemy/actor/lib/test/auto/DiscreteClock9.xml (RunModel)" time="0.014" />
  <testcase classname="ptolemy.util.test.junit.AutoTests" name="[137] /home/travis/build/icyphy/ptII/ptolemy/actor/lib/test/auto/DisplayArray.xml (RunModel)" time="0.011" />
  <testcase classname="ptolemy.util.test.junit.AutoTests" name="[138] /home/travis/build/icyphy/ptII/ptolemy/actor/lib/test/auto/Distributor.xml (RunModel)" time="0.01" />
  <testcase classname="ptolemy.util.test.junit.AutoTests" name="[139] /home/travis/build/icyphy/ptII/ptolemy/actor/lib/test/auto/Distributor2.xml (RunModel)" time="0.013" />
  <testcase classname="ptolemy.util.test.junit.AutoTests" name="[140] /home/travis/build/icyphy/ptII/ptolemy/actor/lib/test/auto/DownSample.xml (RunModel)" time="0.009" />
  <testcase classname="ptolemy.util.test.junit.AutoTests" name="[141] /home/travis/build/icyphy/ptII/ptolemy/actor/lib/test/auto/ElectronicUnitBase1.xml (RunModel)" time="0.062" />
  <testcase classname="ptolemy.util.test.junit.AutoTests" name="[142] /home/travis/build/icyphy/ptII/ptolemy/actor/lib/test/auto/ElementsToArray.xml (RunModel)" time="0.011" />
  <testcase classname="ptolemy.util.test.junit.AutoTests" name="[143] /home/travis/build/icyphy/ptII/ptolemy/actor/lib/test/auto/Equals.xml (RunModel)" time="0.016" />
  <testcase classname="ptolemy.util.test.junit.AutoTests" name="[144] /home/travis/build/icyphy/ptII/ptolemy/actor/lib/test/auto/Exec.xml (RunModel)" time="0.028" />
  <testcase classname="ptolemy.util.test.junit.AutoTests" name="[145] /home/travis/build/icyphy/ptII/ptolemy/actor/lib/test/auto/ExecEnvironment.xml (RunModel)" time="0.045" />
  <testcase classname="ptolemy.util.test.junit.AutoTests" name="[146] /home/travis/build/icyphy/ptII/ptolemy/actor/lib/test/auto/ExecNonZeroReturnOutput.xml (RunModel)" time="0.208" />
  <testcase classname="ptolemy.util.test.junit.AutoTests" name="[147] /home/travis/build/icyphy/ptII/ptolemy/actor/lib/test/auto/ExecRunDemos.xml (RunModel)" time="11.054" />
  <testcase classname="ptolemy.util.test.junit.AutoTests" name="[148] /home/travis/build/icyphy/ptII/ptolemy/actor/lib/test/auto/ExecStop.xml (RunModel)" time="5.034" />
  <testcase classname="ptolemy.util.test.junit.AutoTests" name="[149] /home/travis/build/icyphy/ptII/ptolemy/actor/lib/test/auto/ExecutionTimeSDF.xml (RunModel)" time="6.043" />
  <testcase classname="ptolemy.util.test.junit.AutoTests" name="[150] /home/travis/build/icyphy/ptII/ptolemy/actor/lib/test/auto/Expression1.xml (RunModel)" time="0.01" />
  <testcase classname="ptolemy.util.test.junit.AutoTests" name="[151] /home/travis/build/icyphy/ptII/ptolemy/actor/lib/test/auto/Expression10.xml (RunModel)" time="0.032" />
  <testcase classname="ptolemy.util.test.junit.AutoTests" name="[152] /home/travis/build/icyphy/ptII/ptolemy/actor/lib/test/auto/Expression11.xml (RunModel)" time="0.029" />
  <testcase classname="ptolemy.util.test.junit.AutoTests" name="[153] /home/travis/build/icyphy/ptII/ptolemy/actor/lib/test/auto/Expression12.xml (RunModel)" time="0.014" />
  <testcase classname="ptolemy.util.test.junit.AutoTests" name="[154] /home/travis/build/icyphy/ptII/ptolemy/actor/lib/test/auto/Expression13.xml (RunModel)" time="0.012" />
  <testcase classname="ptolemy.util.test.junit.AutoTests" name="[155] /home/travis/build/icyphy/ptII/ptolemy/actor/lib/test/auto/Expression14.xml (RunModel)" time="0.02" />
  <testcase classname="ptolemy.util.test.junit.AutoTests" name="[156] /home/travis/build/icyphy/ptII/ptolemy/actor/lib/test/auto/Expression15.xml (RunModel)" time="0.008" />
  <testcase classname="ptolemy.util.test.junit.AutoTests" name="[157] /home/travis/build/icyphy/ptII/ptolemy/actor/lib/test/auto/Expression16.xml (RunModel)" time="0.013" />
  <testcase classname="ptolemy.util.test.junit.AutoTests" name="[158] /home/travis/build/icyphy/ptII/ptolemy/actor/lib/test/auto/Expression17.xml (RunModel)" time="0.011" />
  <testcase classname="ptolemy.util.test.junit.AutoTests" name="[159] /home/travis/build/icyphy/ptII/ptolemy/actor/lib/test/auto/Expression18.xml (RunModel)" time="0.013" />
  <testcase classname="ptolemy.util.test.junit.AutoTests" name="[160] /home/travis/build/icyphy/ptII/ptolemy/actor/lib/test/auto/Expression2.xml (RunModel)" time="0.015" />
  <testcase classname="ptolemy.util.test.junit.AutoTests" name="[161] /home/travis/build/icyphy/ptII/ptolemy/actor/lib/test/auto/Expression3.xml (RunModel)" time="0.015" />
  <testcase classname="ptolemy.util.test.junit.AutoTests" name="[162] /home/travis/build/icyphy/ptII/ptolemy/actor/lib/test/auto/Expression4.xml (RunModel)" time="0.019" />
  <testcase classname="ptolemy.util.test.junit.AutoTests" name="[163] /home/travis/build/icyphy/ptII/ptolemy/actor/lib/test/auto/Expression5.xml (RunModel)" time="0.012" />
  <testcase classname="ptolemy.util.test.junit.AutoTests" name="[164] /home/travis/build/icyphy/ptII/ptolemy/actor/lib/test/auto/Expression6.xml (RunModel)" time="0.01" />
  <testcase classname="ptolemy.util.test.junit.AutoTests" name="[165] /home/travis/build/icyphy/ptII/ptolemy/actor/lib/test/auto/Expression7.xml (RunModel)" time="0.012" />
  <testcase classname="ptolemy.util.test.junit.AutoTests" name="[166] /home/travis/build/icyphy/ptII/ptolemy/actor/lib/test/auto/Expression8.xml (RunModel)" time="0.012" />
  <testcase classname="ptolemy.util.test.junit.AutoTests" name="[167] /home/travis/build/icyphy/ptII/ptolemy/actor/lib/test/auto/Expression9.xml (RunModel)" time="0.008" />
  <testcase classname="ptolemy.util.test.junit.AutoTests" name="[168] /home/travis/build/icyphy/ptII/ptolemy/actor/lib/test/auto/ExpressionConcatenateArrayType.xml (RunModel)" time="0.025" />
  <testcase classname="ptolemy.util.test.junit.AutoTests" name="[169] /home/travis/build/icyphy/ptII/ptolemy/actor/lib/test/auto/ExpressionConcatenateArrayType2.xml (RunModel)" time="0.019" />
  <testcase classname="ptolemy.util.test.junit.AutoTests" name="[170] /home/travis/build/icyphy/ptII/ptolemy/actor/lib/test/auto/ExpressionFix.xml (RunModel)" time="0.051" />
  <testcase classname="ptolemy.util.test.junit.AutoTests" name="[171] /home/travis/build/icyphy/ptII/ptolemy/actor/lib/test/auto/ExpressionFix2.xml (RunModel)" time="0.014" />
  <testcase classname="ptolemy.util.test.junit.AutoTests" name="[172] /home/travis/build/icyphy/ptII/ptolemy/actor/lib/test/auto/ExpressionFix3.xml (RunModel)" time="0.023" />
  <testcase classname="ptolemy.util.test.junit.AutoTests" name="[173] /home/travis/build/icyphy/ptII/ptolemy/actor/lib/test/auto/FileWriter1.xml (RunModel)" time="0.011" />
  <testcase classname="ptolemy.util.test.junit.AutoTests" name="[174] /home/travis/build/icyphy/ptII/ptolemy/actor/lib/test/auto/FileWriter2.xml (RunModel)" time="0.012" />
  <testcase classname="ptolemy.util.test.junit.AutoTests" name="[175] /home/travis/build/icyphy/ptII/ptolemy/actor/lib/test/auto/FileWriter3.xml (RunModel)" time="0.019" />
  <testcase classname="ptolemy.util.test.junit.AutoTests" name="[176] /home/travis/build/icyphy/ptII/ptolemy/actor/lib/test/auto/Gaussian.xml (RunModel)" time="0.012" />
  <testcase classname="ptolemy.util.test.junit.AutoTests" name="[177] /home/travis/build/icyphy/ptII/ptolemy/actor/lib/test/auto/Gaussian1.xml (RunModel)" time="0.014" />
  <testcase classname="ptolemy.util.test.junit.AutoTests" name="[178] /home/travis/build/icyphy/ptII/ptolemy/actor/lib/test/auto/Gaussian2.xml (RunModel)" time="0.027" />
  <testcase classname="ptolemy.util.test.junit.AutoTests" name="[179] /home/travis/build/icyphy/ptII/ptolemy/actor/lib/test/auto/GradientAdaptiveLattice.xml (RunModel)" time="0.018" />
  <testcase classname="ptolemy.util.test.junit.AutoTests" name="[180] /home/travis/build/icyphy/ptII/ptolemy/actor/lib/test/auto/IIR.xml (RunModel)" time="0.011" />
  <testcase classname="ptolemy.util.test.junit.AutoTests" name="[181] /home/travis/build/icyphy/ptII/ptolemy/actor/lib/test/auto/InputOutputTransparentPorts.xml (RunModel)" time="0.02" />
  <testcase classname="ptolemy.util.test.junit.AutoTests" name="[182] /home/travis/build/icyphy/ptII/ptolemy/actor/lib/test/auto/Interpolator.xml (RunModel)" time="0.017" />
  <testcase classname="ptolemy.util.test.junit.AutoTests" name="[183] /home/travis/build/icyphy/ptII/ptolemy/actor/lib/test/auto/InterpolatorFiringLimitDE.xml (RunModel)" time="0.015" />
  <testcase classname="ptolemy.util.test.junit.AutoTests" name="[184] /home/travis/build/icyphy/ptII/ptolemy/actor/lib/test/auto/Lattice.xml (RunModel)" time="0.009" />
  <testcase classname="ptolemy.util.test.junit.AutoTests" name="[185] /home/travis/build/icyphy/ptII/ptolemy/actor/lib/test/auto/LazyAOCTestLazy.xml (RunModel)" time="0.024" />
  <testcase classname="ptolemy.util.test.junit.AutoTests" name="[186] /home/travis/build/icyphy/ptII/ptolemy/actor/lib/test/auto/LazyAOCTestNonLazy.xml (RunModel)" time="0.06" />
  <testcase classname="ptolemy.util.test.junit.AutoTests" name="[187] /home/travis/build/icyphy/ptII/ptolemy/actor/lib/test/auto/LazyInnerClass.xml (RunModel)" time="0.023" />
  <testcase classname="ptolemy.util.test.junit.AutoTests" name="[188] /home/travis/build/icyphy/ptII/ptolemy/actor/lib/test/auto/LazyPubSub.xml (RunModel)" time="0.07" />
  <testcase classname="ptolemy.util.test.junit.AutoTests" name="[189] /home/travis/build/icyphy/ptII/ptolemy/actor/lib/test/auto/LazyPubSub2.xml (RunModel)" time="0.068" />
  <testcase classname="ptolemy.util.test.junit.AutoTests" name="[190] /home/travis/build/icyphy/ptII/ptolemy/actor/lib/test/auto/LazyPubSub3.xml (RunModel)" time="0.05" />
  <testcase classname="ptolemy.util.test.junit.AutoTests" name="[191] /home/travis/build/icyphy/ptII/ptolemy/actor/lib/test/auto/LazySubClassModel.xml (RunModel)" time="0.02" />
  <testcase classname="ptolemy.util.test.junit.AutoTests" name="[192] /home/travis/build/icyphy/ptII/ptolemy/actor/lib/test/auto/LevelCrossTest1.xml (RunModel)" time="0.011" />
  <testcase classname="ptolemy.util.test.junit.AutoTests" name="[193] /home/travis/build/icyphy/ptII/ptolemy/actor/lib/test/auto/LevelCrossTest10.xml (RunModel)" time="0.015" />
  <testcase classname="ptolemy.util.test.junit.AutoTests" name="[194] /home/travis/build/icyphy/ptII/ptolemy/actor/lib/test/auto/LevelCrossTest11.xml (RunModel)" time="0.016" />
  <testcase classname="ptolemy.util.test.junit.AutoTests" name="[195] /home/travis/build/icyphy/ptII/ptolemy/actor/lib/test/auto/LevelCrossTest12.xml (RunModel)" time="0.019" />
  <testcase classname="ptolemy.util.test.junit.AutoTests" name="[196] /home/travis/build/icyphy/ptII/ptolemy/actor/lib/test/auto/LevelCrossTest13.xml (RunModel)" time="0.015" />
  <testcase classname="ptolemy.util.test.junit.AutoTests" name="[197] /home/travis/build/icyphy/ptII/ptolemy/actor/lib/test/auto/LevelCrossTest2.xml (RunModel)" time="0.01" />
  <testcase classname="ptolemy.util.test.junit.AutoTests" name="[198] /home/travis/build/icyphy/ptII/ptolemy/actor/lib/test/auto/LevelCrossTest3.xml (RunModel)" time="0.013" />
  <testcase classname="ptolemy.util.test.junit.AutoTests" name="[199] /home/travis/build/icyphy/ptII/ptolemy/actor/lib/test/auto/LevelCrossTest4.xml (RunModel)" time="0.011" />
  <testcase classname="ptolemy.util.test.junit.AutoTests" name="[200] /home/travis/build/icyphy/ptII/ptolemy/actor/lib/test/auto/LevelCrossTest5.xml (RunModel)" time="0.011" />
  <testcase classname="ptolemy.util.test.junit.AutoTests" name="[201] /home/travis/build/icyphy/ptII/ptolemy/actor/lib/test/auto/LevelCrossTest6.xml (RunModel)" time="0.018" />
  <testcase classname="ptolemy.util.test.junit.AutoTests" name="[202] /home/travis/build/icyphy/ptII/ptolemy/actor/lib/test/auto/LevelCrossTest7.xml (RunModel)" time="0.016" />
  <testcase classname="ptolemy.util.test.junit.AutoTests" name="[203] /home/travis/build/icyphy/ptII/ptolemy/actor/lib/test/auto/LevelCrossTest8.xml (RunModel)" time="0.014" />
  <testcase classname="ptolemy.util.test.junit.AutoTests" name="[204] /home/travis/build/icyphy/ptII/ptolemy/actor/lib/test/auto/LevelCrossTest9.xml (RunModel)" time="0.014" />
  <testcase classname="ptolemy.util.test.junit.AutoTests" name="[205] /home/travis/build/icyphy/ptII/ptolemy/actor/lib/test/auto/LevinsonDurbin.xml (RunModel)" time="0.01" />
  <testcase classname="ptolemy.util.test.junit.AutoTests" name="[206] /home/travis/build/icyphy/ptII/ptolemy/actor/lib/test/auto/LevinsonDurbin2.xml (RunModel)" time="0.011" />
  <testcase classname="ptolemy.util.test.junit.AutoTests" name="[207] /home/travis/build/icyphy/ptII/ptolemy/actor/lib/test/auto/LevinsonDurbin3.xml (RunModel)" time="0.013" />
  <testcase classname="ptolemy.util.test.junit.AutoTests" name="[208] /home/travis/build/icyphy/ptII/ptolemy/actor/lib/test/auto/Limiter.xml (RunModel)" time="0.047" />
  <testcase classname="ptolemy.util.test.junit.AutoTests" name="[209] /home/travis/build/icyphy/ptII/ptolemy/actor/lib/test/auto/LinearDifferenceEquationSystem.xml (RunModel)" time="0.027" />
  <testcase classname="ptolemy.util.test.junit.AutoTests" name="[210] /home/travis/build/icyphy/ptII/ptolemy/actor/lib/test/auto/LookupTable.xml (RunModel)" time="0.011" />
  <testcase classname="ptolemy.util.test.junit.AutoTests" name="[211] /home/travis/build/icyphy/ptII/ptolemy/actor/lib/test/auto/MathFunction.xml (RunModel)" time="0.028" />
  <testcase classname="ptolemy.util.test.junit.AutoTests" name="[212] /home/travis/build/icyphy/ptII/ptolemy/actor/lib/test/auto/MathFunction2.xml (RunModel)" time="0.023" />
  <testcase classname="ptolemy.util.test.junit.AutoTests" name="[213] /home/travis/build/icyphy/ptII/ptolemy/actor/lib/test/auto/MathFunction3.xml (RunModel)" time="0.021" />
  <testcase classname="ptolemy.util.test.junit.AutoTests" name="[214] /home/travis/build/icyphy/ptII/ptolemy/actor/lib/test/auto/MatrixCropBoolean.xml (RunModel)" time="0.011" />
  <testcase classname="ptolemy.util.test.junit.AutoTests" name="[215] /home/travis/build/icyphy/ptII/ptolemy/actor/lib/test/auto/MatrixCropComplex.xml (RunModel)" time="0.01" />
  <testcase classname="ptolemy.util.test.junit.AutoTests" name="[216] /home/travis/build/icyphy/ptII/ptolemy/actor/lib/test/auto/MatrixCropDouble.xml (RunModel)" time="0.01" />
  <testcase classname="ptolemy.util.test.junit.AutoTests" name="[217] /home/travis/build/icyphy/ptII/ptolemy/actor/lib/test/auto/MatrixCropFix.xml (RunModel)" time="0.014" />
  <testcase classname="ptolemy.util.test.junit.AutoTests" name="[218] /home/travis/build/icyphy/ptII/ptolemy/actor/lib/test/auto/MatrixCropInt.xml (RunModel)" time="0.01" />
  <testcase classname="ptolemy.util.test.junit.AutoTests" name="[219] /home/travis/build/icyphy/ptII/ptolemy/actor/lib/test/auto/MatrixCropLong.xml (RunModel)" time="0.011" />
  <testcase classname="ptolemy.util.test.junit.AutoTests" name="[220] /home/travis/build/icyphy/ptII/ptolemy/actor/lib/test/auto/MatrixToArray.xml (RunModel)" time="0.061" />
  <testcase classname="ptolemy.util.test.junit.AutoTests" name="[221] /home/travis/build/icyphy/ptII/ptolemy/actor/lib/test/auto/MaxIndex.xml (RunModel)" time="0.018" />
  <testcase classname="ptolemy.util.test.junit.AutoTests" name="[222] /home/travis/build/icyphy/ptII/ptolemy/actor/lib/test/auto/Maximum.xml (RunModel)" time="0.019" />
  <testcase classname="ptolemy.util.test.junit.AutoTests" name="[223] /home/travis/build/icyphy/ptII/ptolemy/actor/lib/test/auto/MaximumComplex.xml (RunModel)" time="0.015" />
  <testcase classname="ptolemy.util.test.junit.AutoTests" name="[224] /home/travis/build/icyphy/ptII/ptolemy/actor/lib/test/auto/MethodCallTest.xml (RunModel)" time="0.022" />
  <testcase classname="ptolemy.util.test.junit.AutoTests" name="[225] /home/travis/build/icyphy/ptII/ptolemy/actor/lib/test/auto/Minimum.xml (RunModel)" time="0.016" />
  <testcase classname="ptolemy.util.test.junit.AutoTests" name="[226] /home/travis/build/icyphy/ptII/ptolemy/actor/lib/test/auto/MinimumComplex.xml (RunModel)" time="0.028" />
  <testcase classname="ptolemy.util.test.junit.AutoTests" name="[227] /home/travis/build/icyphy/ptII/ptolemy/actor/lib/test/auto/MinimumMultiports.xml (RunModel)" time="0.018" />
  <testcase classname="ptolemy.util.test.junit.AutoTests" name="[228] /home/travis/build/icyphy/ptII/ptolemy/actor/lib/test/auto/ModifyDate.xml (RunModel)" time="0.045" />
  <testcase classname="ptolemy.util.test.junit.AutoTests" name="[229] /home/travis/build/icyphy/ptII/ptolemy/actor/lib/test/auto/ModifyDate2.xml (RunModel)" time="0.041" />
  <testcase classname="ptolemy.util.test.junit.AutoTests" name="[230] /home/travis/build/icyphy/ptII/ptolemy/actor/lib/test/auto/MovingAverage.xml (RunModel)" time="0.02" />
  <testcase classname="ptolemy.util.test.junit.AutoTests" name="[231] /home/travis/build/icyphy/ptII/ptolemy/actor/lib/test/auto/MovingMaximum.xml (RunModel)" time="0.013" />
  <testcase classname="ptolemy.util.test.junit.AutoTests" name="[232] /home/travis/build/icyphy/ptII/ptolemy/actor/lib/test/auto/MultipleLinksToSameRelation.xml (RunModel)" time="0.01" />
  <testcase classname="ptolemy.util.test.junit.AutoTests" name="[233] /home/travis/build/icyphy/ptII/ptolemy/actor/lib/test/auto/MultipleLinksToSameRelationDE.xml (RunModel)" time="0.008" />
  <testcase classname="ptolemy.util.test.junit.AutoTests" name="[234] /home/travis/build/icyphy/ptII/ptolemy/actor/lib/test/auto/Multiplexor.xml (RunModel)" time="0.012" />
  <testcase classname="ptolemy.util.test.junit.AutoTests" name="[235] /home/travis/build/icyphy/ptII/ptolemy/actor/lib/test/auto/Multiplexor1.xml (RunModel)" time="0.012" />
  <testcase classname="ptolemy.util.test.junit.AutoTests" name="[236] /home/travis/build/icyphy/ptII/ptolemy/actor/lib/test/auto/Multiplexor2.xml (RunModel)" time="0.013" />
  <testcase classname="ptolemy.util.test.junit.AutoTests" name="[237] /home/travis/build/icyphy/ptII/ptolemy/actor/lib/test/auto/Multiplexor3.xml (RunModel)" time="0.009" />
  <testcase classname="ptolemy.util.test.junit.AutoTests" name="[238] /home/travis/build/icyphy/ptII/ptolemy/actor/lib/test/auto/MultiplexorDE.xml (RunModel)" time="0.032" />
  <testcase classname="ptolemy.util.test.junit.AutoTests" name="[239] /home/travis/build/icyphy/ptII/ptolemy/actor/lib/test/auto/MultiportBroadcastTest.xml (RunModel)" time="0.106" />
  <testcase classname="ptolemy.util.test.junit.AutoTests" name="[240] /home/travis/build/icyphy/ptII/ptolemy/actor/lib/test/auto/MultiportOutHangDuringGetWidth.xml (RunModel)" time="0.041" />
  <testcase classname="ptolemy.util.test.junit.AutoTests" name="[241] /home/travis/build/icyphy/ptII/ptolemy/actor/lib/test/auto/NilToken.xml (RunModel)" time="0.013" />
  <testcase classname="ptolemy.util.test.junit.AutoTests" name="[242] /home/travis/build/icyphy/ptII/ptolemy/actor/lib/test/auto/NilTokenNonStrictTest.xml (RunModel)" time="0.013" />
  <testcase classname="ptolemy.util.test.junit.AutoTests" name="[243] /home/travis/build/icyphy/ptII/ptolemy/actor/lib/test/auto/NilTokenRecord.xml (RunModel)" time="0.023" />
  <testcase classname="ptolemy.util.test.junit.AutoTests" name="[244] /home/travis/build/icyphy/ptII/ptolemy/actor/lib/test/auto/NilTokenTypeTest.xml (RunModel)" time="0.032" />
  <testcase classname="ptolemy.util.test.junit.AutoTests" name="[245] /home/travis/build/icyphy/ptII/ptolemy/actor/lib/test/auto/ObjectToken1.xml (RunModel)" time="0.008" />
  <testcase classname="ptolemy.util.test.junit.AutoTests" name="[246] /home/travis/build/icyphy/ptII/ptolemy/actor/lib/test/auto/OrderedMerge.xml (RunModel)" time="0.018" />
  <testcase classname="ptolemy.util.test.junit.AutoTests" name="[247] /home/travis/build/icyphy/ptII/ptolemy/actor/lib/test/auto/OrderedRecordDisassembler.xml (RunModel)" time="0.019" />
  <testcase classname="ptolemy.util.test.junit.AutoTests" name="[248] /home/travis/build/icyphy/ptII/ptolemy/actor/lib/test/auto/OrderedRecordDisassembler2.xml (RunModel)" time="0.019" />
  <testcase classname="ptolemy.util.test.junit.AutoTests" name="[249] /home/travis/build/icyphy/ptII/ptolemy/actor/lib/test/auto/OrderedRecordUpdater.xml (RunModel)" time="0.011" />
  <testcase classname="ptolemy.util.test.junit.AutoTests" name="[250] /home/travis/build/icyphy/ptII/ptolemy/actor/lib/test/auto/OrderedRecordUpdater2.xml (RunModel)" time="0.02" />
  <testcase classname="ptolemy.util.test.junit.AutoTests" name="[251] /home/travis/build/icyphy/ptII/ptolemy/actor/lib/test/auto/PhaseUnwrap.xml (RunModel)" time="0.015" />
  <testcase classname="ptolemy.util.test.junit.AutoTests" name="[252] /home/travis/build/icyphy/ptII/ptolemy/actor/lib/test/auto/PoissonClock.xml (RunModel)" time="0.012" />
  <testcase classname="ptolemy.util.test.junit.AutoTests" name="[253] /home/travis/build/icyphy/ptII/ptolemy/actor/lib/test/auto/PoissonClock2.xml (RunModel)" time="0.009" />
  <testcase classname="ptolemy.util.test.junit.AutoTests" name="[254] /home/travis/build/icyphy/ptII/ptolemy/actor/lib/test/auto/PoissonClock3.xml (RunModel)" time="0.027" />
  <testcase classname="ptolemy.util.test.junit.AutoTests" name="[255] /home/travis/build/icyphy/ptII/ptolemy/actor/lib/test/auto/PubSubWithInitialTokens.xml (RunModel)" time="0.015" />
  <testcase classname="ptolemy.util.test.junit.AutoTests" name="[256] /home/travis/build/icyphy/ptII/ptolemy/actor/lib/test/auto/PubSubWithInitialTokens2.xml (RunModel)" time="0.011" />
  <testcase classname="ptolemy.util.test.junit.AutoTests" name="[257] /home/travis/build/icyphy/ptII/ptolemy/actor/lib/test/auto/PublisherClassNoParameter.xml (RunModel)" time="0.025" />
  <testcase classname="ptolemy.util.test.junit.AutoTests" name="[258] /home/travis/build/icyphy/ptII/ptolemy/actor/lib/test/auto/PublisherClassParameter.xml (RunModel)" time="0.021" />
  <testcase classname="ptolemy.util.test.junit.AutoTests" name="[259] /home/travis/build/icyphy/ptII/ptolemy/actor/lib/test/auto/PublisherNonStrictTest.xml (RunModel)" time="0.015" />
  <testcase classname="ptolemy.util.test.junit.AutoTests" name="[260] /home/travis/build/icyphy/ptII/ptolemy/actor/lib/test/auto/PublisherPort1.xml (RunModel)" time="0.018" />
  <testcase classname="ptolemy.util.test.junit.AutoTests" name="[261] /home/travis/build/icyphy/ptII/ptolemy/actor/lib/test/auto/PublisherPort2.xml (RunModel)" time="0.015" />
  <testcase classname="ptolemy.util.test.junit.AutoTests" name="[262] /home/travis/build/icyphy/ptII/ptolemy/actor/lib/test/auto/PublisherPort3.xml (RunModel)" time="0.012" />
  <testcase classname="ptolemy.util.test.junit.AutoTests" name="[263] /home/travis/build/icyphy/ptII/ptolemy/actor/lib/test/auto/PublisherPort4.xml (RunModel)" time="0.013" />
  <testcase classname="ptolemy.util.test.junit.AutoTests" name="[264] /home/travis/build/icyphy/ptII/ptolemy/actor/lib/test/auto/PublisherPort5.xml (RunModel)" time="0.014" />
  <testcase classname="ptolemy.util.test.junit.AutoTests" name="[265] /home/travis/build/icyphy/ptII/ptolemy/actor/lib/test/auto/PublisherPort5LookAlike.xml (RunModel)" time="0.02" />
  <testcase classname="ptolemy.util.test.junit.AutoTests" name="[266] /home/travis/build/icyphy/ptII/ptolemy/actor/lib/test/auto/PublisherPort6.xml (RunModel)" time="0.013" />
  <testcase classname="ptolemy.util.test.junit.AutoTests" name="[267] /home/travis/build/icyphy/ptII/ptolemy/actor/lib/test/auto/PublisherPort7.xml (RunModel)" time="0.02" />
  <testcase classname="ptolemy.util.test.junit.AutoTests" name="[268] /home/travis/build/icyphy/ptII/ptolemy/actor/lib/test/auto/PublisherPort8.xml (RunModel)" time="0.024" />
  <testcase classname="ptolemy.util.test.junit.AutoTests" name="[269] /home/travis/build/icyphy/ptII/ptolemy/actor/lib/test/auto/PublisherPortSubscriberChannelVariablesAOC2.xml (RunModel)" time="0.036" />
  <testcase classname="ptolemy.util.test.junit.AutoTests" name="[270] /home/travis/build/icyphy/ptII/ptolemy/actor/lib/test/auto/PublisherPortSubscriberOpaqueWidthInference.xml (RunModel)" time="0.016" />
  <testcase classname="ptolemy.util.test.junit.AutoTests" name="[271] /home/travis/build/icyphy/ptII/ptolemy/actor/lib/test/auto/PublisherPortSubscriberPortAdjacent.xml (RunModel)" time="0.018" />
  <testcase classname="ptolemy.util.test.junit.AutoTests" name="[272] /home/travis/build/icyphy/ptII/ptolemy/actor/lib/test/auto/PublisherPortSubscriberPortExpression.xml (RunModel)" time="0.016" />
  <testcase classname="ptolemy.util.test.junit.AutoTests" name="[273] /home/travis/build/icyphy/ptII/ptolemy/actor/lib/test/auto/PublisherPortSubscriberPortOpaqueD3Reverse.xml (RunModel)" time="0.018" />
  <testcase classname="ptolemy.util.test.junit.AutoTests" name="[274] /home/travis/build/icyphy/ptII/ptolemy/actor/lib/test/auto/PublisherPortSubscriberPortOpaqueWidthInference.xml (RunModel)" time="0.014" />
  <testcase classname="ptolemy.util.test.junit.AutoTests" name="[275] /home/travis/build/icyphy/ptII/ptolemy/actor/lib/test/auto/PublisherPortToplevelSubscriberPortAOC.xml (RunModel)" time="0.012" />
  <testcase classname="ptolemy.util.test.junit.AutoTests" name="[276] /home/travis/build/icyphy/ptII/ptolemy/actor/lib/test/auto/PublisherSubscriber.xml (RunModel)" time="0.013" />
  <testcase classname="ptolemy.util.test.junit.AutoTests" name="[277] /home/travis/build/icyphy/ptII/ptolemy/actor/lib/test/auto/PublisherSubscriber10.xml (RunModel)" time="0.022" />
  <testcase classname="ptolemy.util.test.junit.AutoTests" name="[278] /home/travis/build/icyphy/ptII/ptolemy/actor/lib/test/auto/PublisherSubscriber10InitialOutputs.xml (RunModel)" time="0.027" />
  <testcase classname="ptolemy.util.test.junit.AutoTests" name="[279] /home/travis/build/icyphy/ptII/ptolemy/actor/lib/test/auto/PublisherSubscriber11.xml (RunModel)" time="0.02" />
  <testcase classname="ptolemy.util.test.junit.AutoTests" name="[280] /home/travis/build/icyphy/ptII/ptolemy/actor/lib/test/auto/PublisherSubscriber12.xml (RunModel)" time="0.015" />
  <testcase classname="ptolemy.util.test.junit.AutoTests" name="[281] /home/travis/build/icyphy/ptII/ptolemy/actor/lib/test/auto/PublisherSubscriber13.xml (RunModel)" time="0.011" />
  <testcase classname="ptolemy.util.test.junit.AutoTests" name="[282] /home/travis/build/icyphy/ptII/ptolemy/actor/lib/test/auto/PublisherSubscriber14.xml (RunModel)" time="0.019" />
  <testcase classname="ptolemy.util.test.junit.AutoTests" name="[283] /home/travis/build/icyphy/ptII/ptolemy/actor/lib/test/auto/PublisherSubscriber2.xml (RunModel)" time="0.011" />
  <testcase classname="ptolemy.util.test.junit.AutoTests" name="[284] /home/travis/build/icyphy/ptII/ptolemy/actor/lib/test/auto/PublisherSubscriber3.xml (RunModel)" time="0.009" />
  <testcase classname="ptolemy.util.test.junit.AutoTests" name="[285] /home/travis/build/icyphy/ptII/ptolemy/actor/lib/test/auto/PublisherSubscriber4.xml (RunModel)" time="0.01" />
  <testcase classname="ptolemy.util.test.junit.AutoTests" name="[286] /home/travis/build/icyphy/ptII/ptolemy/actor/lib/test/auto/PublisherSubscriber5.xml (RunModel)" time="0.012" />
  <testcase classname="ptolemy.util.test.junit.AutoTests" name="[287] /home/travis/build/icyphy/ptII/ptolemy/actor/lib/test/auto/PublisherSubscriber6.xml (RunModel)" time="0.016" />
  <testcase classname="ptolemy.util.test.junit.AutoTests" name="[288] /home/travis/build/icyphy/ptII/ptolemy/actor/lib/test/auto/PublisherSubscriber7.xml (RunModel)" time="0.018" />
  <testcase classname="ptolemy.util.test.junit.AutoTests" name="[289] /home/travis/build/icyphy/ptII/ptolemy/actor/lib/test/auto/PublisherSubscriber8.xml (RunModel)" time="0.036" />
  <testcase classname="ptolemy.util.test.junit.AutoTests" name="[290] /home/travis/build/icyphy/ptII/ptolemy/actor/lib/test/auto/PublisherSubscriber9.xml (RunModel)" time="0.019" />
  <testcase classname="ptolemy.util.test.junit.AutoTests" name="[291] /home/travis/build/icyphy/ptII/ptolemy/actor/lib/test/auto/PublisherSubscriberAdjacent.xml (RunModel)" time="0.026" />
  <testcase classname="ptolemy.util.test.junit.AutoTests" name="[292] /home/travis/build/icyphy/ptII/ptolemy/actor/lib/test/auto/PublisherSubscriberChannelVariablesAOC2.xml (RunModel)" time="0.027" />
  <testcase classname="ptolemy.util.test.junit.AutoTests" name="[293] /home/travis/build/icyphy/ptII/ptolemy/actor/lib/test/auto/PublisherSubscriberD3.xml (RunModel)" time="0.013" />
  <testcase classname="ptolemy.util.test.junit.AutoTests" name="[294] /home/travis/build/icyphy/ptII/ptolemy/actor/lib/test/auto/PublisherSubscriberD3Reverse.xml (RunModel)" time="0.013" />
  <testcase classname="ptolemy.util.test.junit.AutoTests" name="[295] /home/travis/build/icyphy/ptII/ptolemy/actor/lib/test/auto/PublisherSubscriberExpression.xml (RunModel)" time="0.017" />
  <testcase classname="ptolemy.util.test.junit.AutoTests" name="[296] /home/travis/build/icyphy/ptII/ptolemy/actor/lib/test/auto/PublisherSubscriberOpaque.xml (RunModel)" time="0.033" />
  <testcase classname="ptolemy.util.test.junit.AutoTests" name="[297] /home/travis/build/icyphy/ptII/ptolemy/actor/lib/test/auto/PublisherSubscriberOpaqueD3.xml (RunModel)" time="0.04" />
  <testcase classname="ptolemy.util.test.junit.AutoTests" name="[298] /home/travis/build/icyphy/ptII/ptolemy/actor/lib/test/auto/PublisherSubscriberOpaqueD3Reverse.xml (RunModel)" time="0.021" />
  <testcase classname="ptolemy.util.test.junit.AutoTests" name="[299] /home/travis/build/icyphy/ptII/ptolemy/actor/lib/test/auto/PublisherSubscriberOpaqueWidthInference.xml (RunModel)" time="0.015" />
  <testcase classname="ptolemy.util.test.junit.AutoTests" name="[300] /home/travis/build/icyphy/ptII/ptolemy/actor/lib/test/auto/PublisherTestSubscriber.xml (RunModel)" time="0.015" />
  <testcase classname="ptolemy.util.test.junit.AutoTests" name="[301] /home/travis/build/icyphy/ptII/ptolemy/actor/lib/test/auto/PublisherToplevelSubscriberPortAOC.xml (RunModel)" time="0.01" />
  <testcase classname="ptolemy.util.test.junit.AutoTests" name="[302] /home/travis/build/icyphy/ptII/ptolemy/actor/lib/test/auto/PulseFiringLimitDE.xml (RunModel)" time="0.012" />
  <testcase classname="ptolemy.util.test.junit.AutoTests" name="[303] /home/travis/build/icyphy/ptII/ptolemy/actor/lib/test/auto/Ramp1.xml (RunModel)" time="0.006" />
  <testcase classname="ptolemy.util.test.junit.AutoTests" name="[304] /home/travis/build/icyphy/ptII/ptolemy/actor/lib/test/auto/RampFiringLimitDE.xml (RunModel)" time="0.009" />
  <testcase classname="ptolemy.util.test.junit.AutoTests" name="[305] /home/travis/build/icyphy/ptII/ptolemy/actor/lib/test/auto/RampFiringLimitSDF.xml (RunModel)" time="0.009" />
  <testcase classname="ptolemy.util.test.junit.AutoTests" name="[306] /home/travis/build/icyphy/ptII/ptolemy/actor/lib/test/auto/RandomInteger.xml (RunModel)" time="0.009" />
  <testcase classname="ptolemy.util.test.junit.AutoTests" name="[307] /home/travis/build/icyphy/ptII/ptolemy/actor/lib/test/auto/ReadFile1.xml (RunModel)" time="0.007" />
  <testcase classname="ptolemy.util.test.junit.AutoTests" name="[308] /home/travis/build/icyphy/ptII/ptolemy/actor/lib/test/auto/ReadFile2.xml (RunModel)" time="0.008" />
  <testcase classname="ptolemy.util.test.junit.AutoTests" name="[309] /home/travis/build/icyphy/ptII/ptolemy/actor/lib/test/auto/Reader.xml (RunModel)" time="0.012" />
  <testcase classname="ptolemy.util.test.junit.AutoTests" name="[310] /home/travis/build/icyphy/ptII/ptolemy/actor/lib/test/auto/RecordAssemblerDisplayNameTest.xml (RunModel)" time="3.541" />
  <testcase classname="ptolemy.util.test.junit.AutoTests" name="[311] /home/travis/build/icyphy/ptII/ptolemy/actor/lib/test/auto/RecordAssemblerTypeError.xml (RunModel)" time="0.044" />
  <testcase classname="ptolemy.util.test.junit.AutoTests" name="[312] /home/travis/build/icyphy/ptII/ptolemy/actor/lib/test/auto/RecordDisassember.xml (RunModel)" time="0.011" />
  <testcase classname="ptolemy.util.test.junit.AutoTests" name="[313] /home/travis/build/icyphy/ptII/ptolemy/actor/lib/test/auto/RecordDisassemberDisplayNameTest.xml (RunModel)" time="0.026" />
  <testcase classname="ptolemy.util.test.junit.AutoTests" name="[314] /home/travis/build/icyphy/ptII/ptolemy/actor/lib/test/auto/RecordDisassembler.xml (RunModel)" time="0.012" />
  <testcase classname="ptolemy.util.test.junit.AutoTests" name="[315] /home/travis/build/icyphy/ptII/ptolemy/actor/lib/test/auto/RecordDisassembler2.xml (RunModel)" time="0.012" />
  <testcase classname="ptolemy.util.test.junit.AutoTests" name="[316] /home/travis/build/icyphy/ptII/ptolemy/actor/lib/test/auto/RecordUpdater.xml (RunModel)" time="0.009" />
  <testcase classname="ptolemy.util.test.junit.AutoTests" name="[317] /home/travis/build/icyphy/ptII/ptolemy/actor/lib/test/auto/RecordUpdater2.xml (RunModel)" time="0.008" />
  <testcase classname="ptolemy.util.test.junit.AutoTests" name="[318] /home/travis/build/icyphy/ptII/ptolemy/actor/lib/test/auto/RecursiveLattice.xml (RunModel)" time="0.009" />
  <testcase classname="ptolemy.util.test.junit.AutoTests" name="[319] /home/travis/build/icyphy/ptII/ptolemy/actor/lib/test/auto/Router.xml (RunModel)" time="3.025" />
  <testcase classname="ptolemy.util.test.junit.AutoTests" name="[320] /home/travis/build/icyphy/ptII/ptolemy/actor/lib/test/auto/Router2.xml (RunModel)" time="3.021" />
  <testcase classname="ptolemy.util.test.junit.AutoTests" name="[321] /home/travis/build/icyphy/ptII/ptolemy/actor/lib/test/auto/RunningMaximum.xml (RunModel)" time="0.016" />
  <testcase classname="ptolemy.util.test.junit.AutoTests" name="[322] /home/travis/build/icyphy/ptII/ptolemy/actor/lib/test/auto/RunningMinimum.xml (RunModel)" time="0.019" />
  <testcase classname="ptolemy.util.test.junit.AutoTests" name="[323] /home/travis/build/icyphy/ptII/ptolemy/actor/lib/test/auto/Scale.xml (RunModel)" time="0.009" />
  <testcase classname="ptolemy.util.test.junit.AutoTests" name="[324] /home/travis/build/icyphy/ptII/ptolemy/actor/lib/test/auto/Scale2.xml (RunModel)" time="0.01" />
  <testcase classname="ptolemy.util.test.junit.AutoTests" name="[325] /home/travis/build/icyphy/ptII/ptolemy/actor/lib/test/auto/Scale3.xml (RunModel)" time="0.019" />
  <testcase classname="ptolemy.util.test.junit.AutoTests" name="[326] /home/travis/build/icyphy/ptII/ptolemy/actor/lib/test/auto/ScaleArray.xml (RunModel)" time="0.008" />
  <testcase classname="ptolemy.util.test.junit.AutoTests" name="[327] /home/travis/build/icyphy/ptII/ptolemy/actor/lib/test/auto/ScaleArray2.xml (RunModel)" time="0.009" />
  <testcase classname="ptolemy.util.test.junit.AutoTests" name="[328] /home/travis/build/icyphy/ptII/ptolemy/actor/lib/test/auto/ScaleMatrix.xml (RunModel)" time="0.234" />
  <testcase classname="ptolemy.util.test.junit.AutoTests" name="[329] /home/travis/build/icyphy/ptII/ptolemy/actor/lib/test/auto/Select.xml (RunModel)" time="0.016" />
  <testcase classname="ptolemy.util.test.junit.AutoTests" name="[330] /home/travis/build/icyphy/ptII/ptolemy/actor/lib/test/auto/Select2.xml (RunModel)" time="0.009" />
  <testcase classname="ptolemy.util.test.junit.AutoTests" name="[331] /home/travis/build/icyphy/ptII/ptolemy/actor/lib/test/auto/SequenceToArray2.xml (RunModel)" time="0.157" />
  <testcase classname="ptolemy.util.test.junit.AutoTests" name="[332] /home/travis/build/icyphy/ptII/ptolemy/actor/lib/test/auto/SequentialClock.xml (RunModel)" time="0.009" />
  <testcase classname="ptolemy.util.test.junit.AutoTests" name="[333] /home/travis/build/icyphy/ptII/ptolemy/actor/lib/test/auto/SetVariable.xml (RunModel)" time="0.012" />
  <testcase classname="ptolemy.util.test.junit.AutoTests" name="[334] /home/travis/build/icyphy/ptII/ptolemy/actor/lib/test/auto/SetVariable2.xml (RunModel)" time="0.011" />
  <testcase classname="ptolemy.util.test.junit.AutoTests" name="[335] /home/travis/build/icyphy/ptII/ptolemy/actor/lib/test/auto/SetVariable3.xml (RunModel)" time="0.031" />
  <testcase classname="ptolemy.util.test.junit.AutoTests" name="[336] /home/travis/build/icyphy/ptII/ptolemy/actor/lib/test/auto/SetVariable4.xml (RunModel)" time="0.029" />
  <testcase classname="ptolemy.util.test.junit.AutoTests" name="[337] /home/travis/build/icyphy/ptII/ptolemy/actor/lib/test/auto/SetVariable5.xml (RunModel)" time="0.042" />
  <testcase classname="ptolemy.util.test.junit.AutoTests" name="[338] /home/travis/build/icyphy/ptII/ptolemy/actor/lib/test/auto/Sinewave.xml (RunModel)" time="0.028" />
  <testcase classname="ptolemy.util.test.junit.AutoTests" name="[339] /home/travis/build/icyphy/ptII/ptolemy/actor/lib/test/auto/Sinewave2.xml (RunModel)" time="0.018" />
  <testcase classname="ptolemy.util.test.junit.AutoTests" name="[340] /home/travis/build/icyphy/ptII/ptolemy/actor/lib/test/auto/Sinewave3.xml (RunModel)" time="0.019" />
  <testcase classname="ptolemy.util.test.junit.AutoTests" name="[341] /home/travis/build/icyphy/ptII/ptolemy/actor/lib/test/auto/SingleEvent.xml (RunModel)" time="0.01" />
  <testcase classname="ptolemy.util.test.junit.AutoTests" name="[342] /home/travis/build/icyphy/ptII/ptolemy/actor/lib/test/auto/Sleep.xml (RunModel)" time="6.015" />
  <testcase classname="ptolemy.util.test.junit.AutoTests" name="[343] /home/travis/build/icyphy/ptII/ptolemy/actor/lib/test/auto/SleepMultipleFire.xml (RunModel)" time="1.024" />
  <testcase classname="ptolemy.util.test.junit.AutoTests" name="[344] /home/travis/build/icyphy/ptII/ptolemy/actor/lib/test/auto/StopDE.xml (RunModel)" time="0.019" />
  <testcase classname="ptolemy.util.test.junit.AutoTests" name="[345] /home/travis/build/icyphy/ptII/ptolemy/actor/lib/test/auto/StopSDF.xml (RunModel)" time="0.014" />
  <testcase classname="ptolemy.util.test.junit.AutoTests" name="[346] /home/travis/build/icyphy/ptII/ptolemy/actor/lib/test/auto/StringConstant.xml (RunModel)" time="0.017" />
  <testcase classname="ptolemy.util.test.junit.AutoTests" name="[347] /home/travis/build/icyphy/ptII/ptolemy/actor/lib/test/auto/SubscriberPortInitialValues1.xml (RunModel)" time="0.021" />
  <testcase classname="ptolemy.util.test.junit.AutoTests" name="[348] /home/travis/build/icyphy/ptII/ptolemy/actor/lib/test/auto/SubscriberPortInitialValues13.xml (RunModel)" time="0.024" />
  <testcase classname="ptolemy.util.test.junit.AutoTests" name="[349] /home/travis/build/icyphy/ptII/ptolemy/actor/lib/test/auto/SubscriberPortInitialValues14.xml (RunModel)" time="0.015" />
  <testcase classname="ptolemy.util.test.junit.AutoTests" name="[350] /home/travis/build/icyphy/ptII/ptolemy/actor/lib/test/auto/SubscriberPortInitialValues2.xml (RunModel)" time="0.023" />
  <testcase classname="ptolemy.util.test.junit.AutoTests" name="[351] /home/travis/build/icyphy/ptII/ptolemy/actor/lib/test/auto/SubscriberPortInitialValues3.xml (RunModel)" time="0.026" />
  <testcase classname="ptolemy.util.test.junit.AutoTests" name="[352] /home/travis/build/icyphy/ptII/ptolemy/actor/lib/test/auto/SubscriptionAggregator.xml (RunModel)" time="0.012" />
  <testcase classname="ptolemy.util.test.junit.AutoTests" name="[353] /home/travis/build/icyphy/ptII/ptolemy/actor/lib/test/auto/SubscriptionAggregator2.xml (RunModel)" time="0.011" />
  <testcase classname="ptolemy.util.test.junit.AutoTests" name="[354] /home/travis/build/icyphy/ptII/ptolemy/actor/lib/test/auto/SubscriptionAggregator3.xml (RunModel)" time="0.016" />
  <testcase classname="ptolemy.util.test.junit.AutoTests" name="[355] /home/travis/build/icyphy/ptII/ptolemy/actor/lib/test/auto/SubscriptionAggregatorMultiply.xml (RunModel)" time="0.015" />
  <testcase classname="ptolemy.util.test.junit.AutoTests" name="[356] /home/travis/build/icyphy/ptII/ptolemy/actor/lib/test/auto/SubscriptionAggregatorPortMultiply1.xml (RunModel)" time="0.015" />
  <testcase classname="ptolemy.util.test.junit.AutoTests" name="[357] /home/travis/build/icyphy/ptII/ptolemy/actor/lib/test/auto/Switch.xml (RunModel)" time="0.02" />
  <testcase classname="ptolemy.util.test.junit.AutoTests" name="[358] /home/travis/build/icyphy/ptII/ptolemy/actor/lib/test/auto/Switch2.xml (RunModel)" time="0.015" />
  <testcase classname="ptolemy.util.test.junit.AutoTests" name="[359] /home/travis/build/icyphy/ptII/ptolemy/actor/lib/test/auto/SwitchDE.xml (RunModel)" time="0.016" />
  <testcase classname="ptolemy.util.test.junit.AutoTests" name="[360] /home/travis/build/icyphy/ptII/ptolemy/actor/lib/test/auto/SynchronizerDE.xml (RunModel)" time="0.024" />
  <testcase classname="ptolemy.util.test.junit.AutoTests" name="[361] /home/travis/build/icyphy/ptII/ptolemy/actor/lib/test/auto/Test.xml (RunModel)" time="0.009" />
  <testcase classname="ptolemy.util.test.junit.AutoTests" name="[362] /home/travis/build/icyphy/ptII/ptolemy/actor/lib/test/auto/TestExceptionAttribute1.xml (RunModel)" time="0.01" />
  <testcase classname="ptolemy.util.test.junit.AutoTests" name="[363] /home/travis/build/icyphy/ptII/ptolemy/actor/lib/test/auto/TestExceptionAttribute2.xml (RunModel)" time="0.009" />
  <testcase classname="ptolemy.util.test.junit.AutoTests" name="[364] /home/travis/build/icyphy/ptII/ptolemy/actor/lib/test/auto/TestExceptionAttribute3.xml (RunModel)" time="0.012" />
  <testcase classname="ptolemy.util.test.junit.AutoTests" name="[365] /home/travis/build/icyphy/ptII/ptolemy/actor/lib/test/auto/TestExceptionAttribute4.xml (RunModel)" time="0.008" />
  <testcase classname="ptolemy.util.test.junit.AutoTests" name="[366] /home/travis/build/icyphy/ptII/ptolemy/actor/lib/test/auto/TestExceptionHandler1.xml (RunModel)" time="0.009" />
  <testcase classname="ptolemy.util.test.junit.AutoTests" name="[367] /home/travis/build/icyphy/ptII/ptolemy/actor/lib/test/auto/TestExceptionHandler2.xml (RunModel)" time="0.01" />
  <testcase classname="ptolemy.util.test.junit.AutoTests" name="[368] /home/travis/build/icyphy/ptII/ptolemy/actor/lib/test/auto/TestExceptionHandler3.xml (RunModel)" time="0.006" />
  <testcase classname="ptolemy.util.test.junit.AutoTests" name="[369] /home/travis/build/icyphy/ptII/ptolemy/actor/lib/test/auto/TestExceptionHandler4.xml (RunModel)" time="0.006" />
  <testcase classname="ptolemy.util.test.junit.AutoTests" name="[370] /home/travis/build/icyphy/ptII/ptolemy/actor/lib/test/auto/TestRequireCorrectOrder.xml (RunModel)" time="0.017" />
  <testcase classname="ptolemy.util.test.junit.AutoTests" name="[371] /home/travis/build/icyphy/ptII/ptolemy/actor/lib/test/auto/TestSimple.xml (RunModel)" time="0.01" />
  <testcase classname="ptolemy.util.test.junit.AutoTests" name="[372] /home/travis/build/icyphy/ptII/ptolemy/actor/lib/test/auto/ThrowModelError.xml (RunModel)" time="0.01" />
  <testcase classname="ptolemy.util.test.junit.AutoTests" name="[373] /home/travis/build/icyphy/ptII/ptolemy/actor/lib/test/auto/TimeDelayMicrosteps.xml (RunModel)" time="0.013" />
  <testcase classname="ptolemy.util.test.junit.AutoTests" name="[374] /home/travis/build/icyphy/ptII/ptolemy/actor/lib/test/auto/TimeDelayMicrosteps2.xml (RunModel)" time="0.016" />
  <testcase classname="ptolemy.util.test.junit.AutoTests" name="[375] /home/travis/build/icyphy/ptII/ptolemy/actor/lib/test/auto/TimeDelayMicrosteps3.xml (RunModel)" time="0.012" />
  <testcase classname="ptolemy.util.test.junit.AutoTests" name="[376] /home/travis/build/icyphy/ptII/ptolemy/actor/lib/test/auto/TimeDelayVariableMicrosteps.xml (RunModel)" time="0.012" />
  <testcase classname="ptolemy.util.test.junit.AutoTests" name="[377] /home/travis/build/icyphy/ptII/ptolemy/actor/lib/test/auto/TimeGap.xml (RunModel)" time="0.015" />
  <testcase classname="ptolemy.util.test.junit.AutoTests" name="[378] /home/travis/build/icyphy/ptII/ptolemy/actor/lib/test/auto/TimeGap2.xml (RunModel)" time="0.011" />
  <testcase classname="ptolemy.util.test.junit.AutoTests" name="[379] /home/travis/build/icyphy/ptII/ptolemy/actor/lib/test/auto/TimedSinewave.xml (RunModel)" time="0.051" />
  <testcase classname="ptolemy.util.test.junit.AutoTests" name="[380] /home/travis/build/icyphy/ptII/ptolemy/actor/lib/test/auto/TimedSinewavePhase.xml (RunModel)" time="0.038" />
  <testcase classname="ptolemy.util.test.junit.AutoTests" name="[381] /home/travis/build/icyphy/ptII/ptolemy/actor/lib/test/auto/Timer.xml (RunModel)" time="0.018" />
  <testcase classname="ptolemy.util.test.junit.AutoTests" name="[382] /home/travis/build/icyphy/ptII/ptolemy/actor/lib/test/auto/TriangularDistTestModel.xml (RunModel)" time="0.038" />
  <testcase classname="ptolemy.util.test.junit.AutoTests" name="[383] /home/travis/build/icyphy/ptII/ptolemy/actor/lib/test/auto/TrigFunction.xml (RunModel)" time="0.014" />
  <testcase classname="ptolemy.util.test.junit.AutoTests" name="[384] /home/travis/build/icyphy/ptII/ptolemy/actor/lib/test/auto/TrigFunctionDE.xml (RunModel)" time="0.01" />
  <testcase classname="ptolemy.util.test.junit.AutoTests" name="[385] /home/travis/build/icyphy/ptII/ptolemy/actor/lib/test/auto/TrigFunctionInverse.xml (RunModel)" time="0.009" />
  <testcase classname="ptolemy.util.test.junit.AutoTests" name="[386] /home/travis/build/icyphy/ptII/ptolemy/actor/lib/test/auto/TrigFunctionTan.xml (RunModel)" time="0.006" />
  <testcase classname="ptolemy.util.test.junit.AutoTests" name="[387] /home/travis/build/icyphy/ptII/ptolemy/actor/lib/test/auto/TriggeredClock.xml (RunModel)" time="0.009" />
  <testcase classname="ptolemy.util.test.junit.AutoTests" name="[388] /home/travis/build/icyphy/ptII/ptolemy/actor/lib/test/auto/URLDirectoryReader.xml (RunModel)" time="0.121" />
  <testcase classname="ptolemy.util.test.junit.AutoTests" name="[389] /home/travis/build/icyphy/ptII/ptolemy/actor/lib/test/auto/URLDirectoryReader3.xml (RunModel)" time="1.369" />
  <testcase classname="ptolemy.util.test.junit.AutoTests" name="[390] /home/travis/build/icyphy/ptII/ptolemy/actor/lib/test/auto/UnaryMathFunction.xml (RunModel)" time="0.033" />
  <testcase classname="ptolemy.util.test.junit.AutoTests" name="[391] /home/travis/build/icyphy/ptII/ptolemy/actor/lib/test/auto/Uniform.xml (RunModel)" time="0.011" />
  <testcase classname="ptolemy.util.test.junit.AutoTests" name="[392] /home/travis/build/icyphy/ptII/ptolemy/actor/lib/test/auto/UnionDisassemblerTest.xml (RunModel)" time="0.009" />
  <testcase classname="ptolemy.util.test.junit.AutoTests" name="[393] /home/travis/build/icyphy/ptII/ptolemy/actor/lib/test/auto/UtilityFunctions.xml (RunModel)" time="0.008" />
  <testcase classname="ptolemy.util.test.junit.AutoTests" name="[394] /home/travis/build/icyphy/ptII/ptolemy/actor/lib/test/auto/VariableSleep.xml (RunModel)" time="0.512" />
  <testcase classname="ptolemy.util.test.junit.AutoTests" name="[395] /home/travis/build/icyphy/ptII/ptolemy/actor/lib/test/auto/VectorAssemblerDisassemblerCT.xml (RunModel)" time="0.133" />
  <testcase classname="ptolemy.util.test.junit.AutoTests" name="[396] /home/travis/build/icyphy/ptII/ptolemy/actor/lib/test/auto/VectorAssemblerDisassemblerDE.xml (RunModel)" time="0.021" />
  <testcase classname="ptolemy.util.test.junit.AutoTests" name="[397] /home/travis/build/icyphy/ptII/ptolemy/actor/lib/test/auto/VectorAssemblerDisassemblerSDF.xml (RunModel)" time="0.018" />
  <testcase classname="ptolemy.util.test.junit.AutoTests" name="[398] /home/travis/build/icyphy/ptII/ptolemy/actor/lib/test/auto/WallClockTime.xml (RunModel)" time="1.013" />
  <testcase classname="ptolemy.util.test.junit.AutoTests" name="[399] /home/travis/build/icyphy/ptII/ptolemy/actor/lib/test/auto/WidthTestWithSubscriberPublisher.xml (RunModel)" time="0.038" />
  <testcase classname="ptolemy.util.test.junit.AutoTests" name="[400] /home/travis/build/icyphy/ptII/ptolemy/actor/lib/test/auto/WidthTestWithSubscriberPublisher2.xml (RunModel)" time="0.018" />
  <testcase classname="ptolemy.util.test.junit.AutoTests" name="[401] /home/travis/build/icyphy/ptII/ptolemy/actor/lib/test/auto/WidthTestWithSubscriberPublisher3.xml (RunModel)" time="0.014" />
  <testcase classname="ptolemy.util.test.junit.AutoTests" name="[402] /home/travis/build/icyphy/ptII/ptolemy/actor/lib/test/auto/Writer.xml (RunModel)" time="0.008" />
  <testcase classname="ptolemy.util.test.junit.AutoTests" name="[403] /home/travis/build/icyphy/ptII/ptolemy/actor/lib/test/auto/array.xml (RunModel)" time="0.009" />
  <testcase classname="ptolemy.util.test.junit.AutoTests" name="[404] /home/travis/build/icyphy/ptII/ptolemy/actor/lib/test/auto/array2.xml (RunModel)" time="0.012" />
  <testcase classname="ptolemy.util.test.junit.AutoTests" name="[405] /home/travis/build/icyphy/ptII/ptolemy/actor/lib/test/auto/arrayType.xml (RunModel)" time="0.011" />
  <testcase classname="ptolemy.util.test.junit.AutoTests" name="[406] /home/travis/build/icyphy/ptII/ptolemy/actor/lib/test/auto/arrayType10.xml (RunModel)" time="0.008" />
  <testcase classname="ptolemy.util.test.junit.AutoTests" name="[407] /home/travis/build/icyphy/ptII/ptolemy/actor/lib/test/auto/arrayType11.xml (RunModel)" time="0.009" />
  <testcase classname="ptolemy.util.test.junit.AutoTests" name="[408] /home/travis/build/icyphy/ptII/ptolemy/actor/lib/test/auto/arrayType12.xml (RunModel)" time="0.01" />
  <testcase classname="ptolemy.util.test.junit.AutoTests" name="[409] /home/travis/build/icyphy/ptII/ptolemy/actor/lib/test/auto/arrayType13.xml (RunModel)" time="0.01" />
  <testcase classname="ptolemy.util.test.junit.AutoTests" name="[410] /home/travis/build/icyphy/ptII/ptolemy/actor/lib/test/auto/arrayType14.xml (RunModel)" time="0.009" />
  <testcase classname="ptolemy.util.test.junit.AutoTests" name="[411] /home/travis/build/icyphy/ptII/ptolemy/actor/lib/test/auto/arrayType15.xml (RunModel)" time="0.011" />
  <testcase classname="ptolemy.util.test.junit.AutoTests" name="[412] /home/travis/build/icyphy/ptII/ptolemy/actor/lib/test/auto/arrayType16.xml (RunModel)" time="0.009" />
  <testcase classname="ptolemy.util.test.junit.AutoTests" name="[413] /home/travis/build/icyphy/ptII/ptolemy/actor/lib/test/auto/arrayType17.xml (RunModel)" time="0.009" />
  <testcase classname="ptolemy.util.test.junit.AutoTests" name="[414] /home/travis/build/icyphy/ptII/ptolemy/actor/lib/test/auto/arrayType18.xml (RunModel)" time="0.009" />
  <testcase classname="ptolemy.util.test.junit.AutoTests" name="[415] /home/travis/build/icyphy/ptII/ptolemy/actor/lib/test/auto/arrayType19.xml (RunModel)" time="0.009" />
  <testcase classname="ptolemy.util.test.junit.AutoTests" name="[416] /home/travis/build/icyphy/ptII/ptolemy/actor/lib/test/auto/arrayType2.xml (RunModel)" time="0.008" />
  <testcase classname="ptolemy.util.test.junit.AutoTests" name="[417] /home/travis/build/icyphy/ptII/ptolemy/actor/lib/test/auto/arrayType20.xml (RunModel)" time="0.01" />
  <testcase classname="ptolemy.util.test.junit.AutoTests" name="[418] /home/travis/build/icyphy/ptII/ptolemy/actor/lib/test/auto/arrayType21.xml (RunModel)" time="0.008" />
  <testcase classname="ptolemy.util.test.junit.AutoTests" name="[419] /home/travis/build/icyphy/ptII/ptolemy/actor/lib/test/auto/arrayType22.xml (RunModel)" time="0.008" />
  <testcase classname="ptolemy.util.test.junit.AutoTests" name="[420] /home/travis/build/icyphy/ptII/ptolemy/actor/lib/test/auto/arrayType23.xml (RunModel)" time="0.008" />
  <testcase classname="ptolemy.util.test.junit.AutoTests" name="[421] /home/travis/build/icyphy/ptII/ptolemy/actor/lib/test/auto/arrayType24.xml (RunModel)" time="0.01" />
  <testcase classname="ptolemy.util.test.junit.AutoTests" name="[422] /home/travis/build/icyphy/ptII/ptolemy/actor/lib/test/auto/arrayType25.xml (RunModel)" time="0.01" />
  <testcase classname="ptolemy.util.test.junit.AutoTests" name="[423] /home/travis/build/icyphy/ptII/ptolemy/actor/lib/test/auto/arrayType26.xml (RunModel)" time="0.009" />
  <testcase classname="ptolemy.util.test.junit.AutoTests" name="[424] /home/travis/build/icyphy/ptII/ptolemy/actor/lib/test/auto/arrayType27.xml (RunModel)" time="0.009" />
  <testcase classname="ptolemy.util.test.junit.AutoTests" name="[425] /home/travis/build/icyphy/ptII/ptolemy/actor/lib/test/auto/arrayType28.xml (RunModel)" time="0.017" />
  <testcase classname="ptolemy.util.test.junit.AutoTests" name="[426] /home/travis/build/icyphy/ptII/ptolemy/actor/lib/test/auto/arrayType3.xml (RunModel)" time="0.01" />
  <testcase classname="ptolemy.util.test.junit.AutoTests" name="[427] /home/travis/build/icyphy/ptII/ptolemy/actor/lib/test/auto/arrayType4.xml (RunModel)" time="0.008" />
  <testcase classname="ptolemy.util.test.junit.AutoTests" name="[428] /home/travis/build/icyphy/ptII/ptolemy/actor/lib/test/auto/arrayType5.xml (RunModel)" time="0.009" />
  <testcase classname="ptolemy.util.test.junit.AutoTests" name="[429] /home/travis/build/icyphy/ptII/ptolemy/actor/lib/test/auto/arrayType6.xml (RunModel)" time="0.032" />
  <testcase classname="ptolemy.util.test.junit.AutoTests" name="[430] /home/travis/build/icyphy/ptII/ptolemy/actor/lib/test/auto/arrayType7.xml (RunModel)" time="0.017" />
  <testcase classname="ptolemy.util.test.junit.AutoTests" name="[431] /home/travis/build/icyphy/ptII/ptolemy/actor/lib/test/auto/arrayType8.xml (RunModel)" time="0.014" />
  <testcase classname="ptolemy.util.test.junit.AutoTests" name="[432] /home/travis/build/icyphy/ptII/ptolemy/actor/lib/test/auto/arrayType9.xml (RunModel)" time="0.008" />
  <testcase classname="ptolemy.util.test.junit.AutoTests" name="[433] /home/travis/build/icyphy/ptII/ptolemy/actor/lib/test/auto/cast.xml (RunModel)" time="0.009" />
  <testcase classname="ptolemy.util.test.junit.AutoTests" name="[434] /home/travis/build/icyphy/ptII/ptolemy/actor/lib/test/auto/compositeMultiPort.xml (RunModel)" time="0.017" />
  <testcase classname="ptolemy.util.test.junit.AutoTests" name="[435] /home/travis/build/icyphy/ptII/ptolemy/actor/lib/test/auto/expressionCastInference.xml (RunModel)" time="0.008" />
  <testcase classname="ptolemy.util.test.junit.AutoTests" name="[436] /home/travis/build/icyphy/ptII/ptolemy/actor/lib/test/auto/expressionCastInference2.xml (RunModel)" time="0.007" />
  <testcase classname="ptolemy.util.test.junit.AutoTests" name="[437] /home/travis/build/icyphy/ptII/ptolemy/actor/lib/test/auto/expressionInference.xml (RunModel)" time="0.007" />
  <testcase classname="ptolemy.util.test.junit.AutoTests" name="[438] /home/travis/build/icyphy/ptII/ptolemy/actor/lib/test/auto/expression_bug.xml (RunModel)" time="0.007" />
  <testcase classname="ptolemy.util.test.junit.AutoTests" name="[439] /home/travis/build/icyphy/ptII/ptolemy/actor/lib/test/auto/factorial.xml (RunModel)" time="0.043" />
  <testcase classname="ptolemy.util.test.junit.AutoTests" name="[440] /home/travis/build/icyphy/ptII/ptolemy/actor/lib/test/auto/filterTest1.xml (RunModel)" time="0.039" />
  <testcase classname="ptolemy.util.test.junit.AutoTests" name="[441] /home/travis/build/icyphy/ptII/ptolemy/actor/lib/test/auto/funcApplyInConst.xml (RunModel)" time="0.032" />
  <testcase classname="ptolemy.util.test.junit.AutoTests" name="[442] /home/travis/build/icyphy/ptII/ptolemy/actor/lib/test/auto/funcApplyInExpr.xml (RunModel)" time="0.027" />
  <testcase classname="ptolemy.util.test.junit.AutoTests" name="[443] /home/travis/build/icyphy/ptII/ptolemy/actor/lib/test/auto/function.xml (RunModel)" time="0.041" />
  <testcase classname="ptolemy.util.test.junit.AutoTests" name="[444] /home/travis/build/icyphy/ptII/ptolemy/actor/lib/test/auto/function2.xml (RunModel)" time="0.049" />
  <testcase classname="ptolemy.util.test.junit.AutoTests" name="[445] /home/travis/build/icyphy/ptII/ptolemy/actor/lib/test/auto/function3.xml (RunModel)" time="0.029" />
  <testcase classname="ptolemy.util.test.junit.AutoTests" name="[446] /home/travis/build/icyphy/ptII/ptolemy/actor/lib/test/auto/functionClosureTest1.xml (RunModel)" time="0.032" />
  <testcase classname="ptolemy.util.test.junit.AutoTests" name="[447] /home/travis/build/icyphy/ptII/ptolemy/actor/lib/test/auto/functionClosureTest2.xml (RunModel)" time="0.02" />
  <testcase classname="ptolemy.util.test.junit.AutoTests" name="[448] /home/travis/build/icyphy/ptII/ptolemy/actor/lib/test/auto/functionClosureTest3.xml (RunModel)" time="0.011" />
  <testcase classname="ptolemy.util.test.junit.AutoTests" name="[449] /home/travis/build/icyphy/ptII/ptolemy/actor/lib/test/auto/functionClosureTest4.xml (RunModel)" time="0.013" />
  <testcase classname="ptolemy.util.test.junit.AutoTests" name="[450] /home/travis/build/icyphy/ptII/ptolemy/actor/lib/test/auto/functionClosureTest5.xml (RunModel)" time="0.011" />
  <testcase classname="ptolemy.util.test.junit.AutoTests" name="[451] /home/travis/build/icyphy/ptII/ptolemy/actor/lib/test/auto/functionClosureTest6.xml (RunModel)" time="0.008" />
  <testcase classname="ptolemy.util.test.junit.AutoTests" name="[452] /home/travis/build/icyphy/ptII/ptolemy/actor/lib/test/auto/functionsOnArcs.xml (RunModel)" time="0.01" />
  <testcase classname="ptolemy.util.test.junit.AutoTests" name="[453] /home/travis/build/icyphy/ptII/ptolemy/actor/lib/test/auto/functionsOnArcsHOF.xml (RunModel)" time="0.01" />
  <testcase classname="ptolemy.util.test.junit.AutoTests" name="[454] /home/travis/build/icyphy/ptII/ptolemy/actor/lib/test/auto/logic.xml (RunModel)" time="0.017" />
  <testcase classname="ptolemy.util.test.junit.AutoTests" name="[455] /home/travis/build/icyphy/ptII/ptolemy/actor/lib/test/auto/matrixType.xml (RunModel)" time="0.009" />
  <testcase classname="ptolemy.util.test.junit.AutoTests" name="[456] /home/travis/build/icyphy/ptII/ptolemy/actor/lib/test/auto/matrixType10.xml (RunModel)" time="0.008" />
  <testcase classname="ptolemy.util.test.junit.AutoTests" name="[457] /home/travis/build/icyphy/ptII/ptolemy/actor/lib/test/auto/matrixType11.xml (RunModel)" time="0.009" />
  <testcase classname="ptolemy.util.test.junit.AutoTests" name="[458] /home/travis/build/icyphy/ptII/ptolemy/actor/lib/test/auto/matrixType12.xml (RunModel)" time="0.009" />
  <testcase classname="ptolemy.util.test.junit.AutoTests" name="[459] /home/travis/build/icyphy/ptII/ptolemy/actor/lib/test/auto/matrixType13.xml (RunModel)" time="0.009" />
  <testcase classname="ptolemy.util.test.junit.AutoTests" name="[460] /home/travis/build/icyphy/ptII/ptolemy/actor/lib/test/auto/matrixType14.xml (RunModel)" time="0.01" />
  <testcase classname="ptolemy.util.test.junit.AutoTests" name="[461] /home/travis/build/icyphy/ptII/ptolemy/actor/lib/test/auto/matrixType2.xml (RunModel)" time="0.008" />
  <testcase classname="ptolemy.util.test.junit.AutoTests" name="[462] /home/travis/build/icyphy/ptII/ptolemy/actor/lib/test/auto/matrixType3.xml (RunModel)" time="0.008" />
  <testcase classname="ptolemy.util.test.junit.AutoTests" name="[463] /home/travis/build/icyphy/ptII/ptolemy/actor/lib/test/auto/matrixType4.xml (RunModel)" time="0.008" />
  <testcase classname="ptolemy.util.test.junit.AutoTests" name="[464] /home/travis/build/icyphy/ptII/ptolemy/actor/lib/test/auto/matrixType5.xml (RunModel)" time="0.008" />
  <testcase classname="ptolemy.util.test.junit.AutoTests" name="[465] /home/travis/build/icyphy/ptII/ptolemy/actor/lib/test/auto/matrixType6.xml (RunModel)" time="0.008" />
  <testcase classname="ptolemy.util.test.junit.AutoTests" name="[466] /home/travis/build/icyphy/ptII/ptolemy/actor/lib/test/auto/matrixType7.xml (RunModel)" time="0.008" />
  <testcase classname="ptolemy.util.test.junit.AutoTests" name="[467] /home/travis/build/icyphy/ptII/ptolemy/actor/lib/test/auto/matrixType8.xml (RunModel)" time="0.009" />
  <testcase classname="ptolemy.util.test.junit.AutoTests" name="[468] /home/travis/build/icyphy/ptII/ptolemy/actor/lib/test/auto/matrixType9.xml (RunModel)" time="0.008" />
  <testcase classname="ptolemy.util.test.junit.AutoTests" name="[469] /home/travis/build/icyphy/ptII/ptolemy/actor/lib/test/auto/paraFunctest.xml (RunModel)" time="0.007" />
  <testcase classname="ptolemy.util.test.junit.AutoTests" name="[470] /home/travis/build/icyphy/ptII/ptolemy/actor/lib/test/auto/paraFunctest2.xml (RunModel)" time="0.007" />
  <testcase classname="ptolemy.util.test.junit.AutoTests" name="[471] /home/travis/build/icyphy/ptII/ptolemy/actor/lib/test/auto/parameterPassing.xml (RunModel)" time="0.007" />
  <testcase classname="ptolemy.util.test.junit.AutoTests" name="[472] /home/travis/build/icyphy/ptII/ptolemy/actor/lib/test/auto/record.xml (RunModel)" time="0.009" />
  <testcase classname="ptolemy.util.test.junit.AutoTests" name="[473] /home/travis/build/icyphy/ptII/ptolemy/actor/lib/test/auto/sizedarray1.xml (RunModel)" time="0.009" />
  <testcase classname="ptolemy.util.test.junit.AutoTests" name="[474] /home/travis/build/icyphy/ptII/ptolemy/actor/lib/test/auto/sizedarray2.xml (RunModel)" time="0.009" />
  <testcase classname="ptolemy.util.test.junit.AutoTests" name="[475] /home/travis/build/icyphy/ptII/ptolemy/actor/lib/test/auto/twoPublishers.xml (RunModel)" time="0.028" />
  <system-out><![CDATA[/home/travis/build/icyphy/ptII/ptolemy/actor/lib/test/AbsoluteValue.tcl
testDefs.tcl: setting time out to 9000 seconds at Sun Aug 25 05:33:22 UTC 2019
115 ms. Memory: 120832K Free: 85959K (71%)
10 ms. Memory: 120832K Free: 84415K (70%)
9 ms. Memory: 120832K Free: 83397K (69%)
11 ms. Memory: 120832K Free: 82887K (69%)
/home/travis/build/icyphy/ptII/ptolemy/actor/lib/test/AddSubtract.tcl
23 ms. Memory: 120832K Free: 80839K (67%)
18 ms. Memory: 120832K Free: 79815K (66%)
9 ms. Memory: 120832K Free: 79301K (66%)
16 ms. Memory: 120832K Free: 78263K (65%)
74 ms. Memory: 120832K Free: 75719K (63%)
12 ms. Memory: 120832K Free: 74695K (62%)
/home/travis/build/icyphy/ptII/ptolemy/actor/lib/test/Average.tcl
7 ms. Memory: 120832K Free: 73143K (61%)
12 ms. Memory: 120832K Free: 71623K (59%)
/home/travis/build/icyphy/ptII/ptolemy/actor/lib/test/Bernoulli.tcl
11 ms. Memory: 120832K Free: 70071K (58%)
3 ms. Memory: 120832K Free: 70071K (58%)
/home/travis/build/icyphy/ptII/ptolemy/actor/lib/test/Clock.tcl
preinitializing
resolving types
initializing
executing number 1
wrapping up
idle
28 ms. Memory: 120832K Free: 67013K (55%)
Completed execution with 5 iterations
preinitializing
resolving types
initializing
executing number 1
wrapping up
idle
4 ms. Memory: 120832K Free: 66503K (55%)
Completed execution with 5 iterations
preinitializing
resolving types
initializing
executing number 1
wrapping up
idle
4 ms. Memory: 120832K Free: 65989K (55%)
Completed execution with 5 iterations
/home/travis/build/icyphy/ptII/ptolemy/actor/lib/test/Commutator.tcl
7 ms. Memory: 120832K Free: 63941K (53%)
7 ms. Memory: 120832K Free: 62903K (52%)
19 ms. Memory: 120832K Free: 57287K (47%)
/home/travis/build/icyphy/ptII/ptolemy/actor/lib/test/Const.tcl
4 ms. Memory: 120832K Free: 55735K (46%)
2 ms. Memory: 120832K Free: 55239K (46%)
3 ms. Memory: 120832K Free: 54725K (45%)
2 ms. Memory: 120832K Free: 54215K (45%)
2 ms. Memory: 120832K Free: 53191K (44%)
13 ms. Memory: 120832K Free: 51653K (43%)
5 ms. Memory: 120832K Free: 50615K (42%)
4 ms. Memory: 120832K Free: 49605K (41%)
/home/travis/build/icyphy/ptII/ptolemy/actor/lib/test/CurrentTime.tcl
preinitializing
resolving types
initializing
executing number 1
wrapping up
idle
18 ms. Memory: 120832K Free: 48071K (40%)
Completed execution with 11 iterations
/home/travis/build/icyphy/ptII/ptolemy/actor/lib/test/DB.tcl
4 ms. Memory: 120832K Free: 46023K (38%)
25 ms. Memory: 120832K Free: 107355K (89%)
2 ms. Memory: 120832K Free: 106845K (88%)
/home/travis/build/icyphy/ptII/ptolemy/actor/lib/test/DiscreteRandomSource.tcl
preinitializing
29 ms. Memory: 120832K Free: 106434K (88%)
5 ms. Memory: 120832K Free: 106112K (88%)
2 ms. Memory: 120832K Free: 105426K (87%)
3 ms. Memory: 120832K Free: 105096K (87%)
3 ms. Memory: 120832K Free: 104750K (87%)
/home/travis/build/icyphy/ptII/ptolemy/actor/lib/test/Distributor.tcl
4 ms. Memory: 120832K Free: 103048K (85%)
4 ms. Memory: 120832K Free: 102354K (85%)
StreamChangeRequest.changeExecuted(): <deleteEntity name="rec2"/> succeeded
StreamChangeRequest.changeExecuted(): <deleteRelation name="r2"/> succeeded
StreamChangeRequest.changeExecuted(): Record firings per iteration succeeded
5 ms. Memory: 120832K Free: 99974K (83%)
/home/travis/build/icyphy/ptII/ptolemy/actor/lib/test/Exit.tcl
Exit.tcl: this will print a message about Manager.exitAfterWrapup, which can be ignored.
5 ms. Memory: 120832K Free: 96818K (80%)
/home/travis/build/icyphy/ptII/ptolemy/actor/lib/test/Expression.tcl
13 ms. Memory: 120832K Free: 93548K (77%)
3 ms. Memory: 120832K Free: 92808K (77%)
2 ms. Memory: 120832K Free: 92098K (76%)
preinitializing
resolving types
initializing
executing number 1
wrapping up
idle
5 ms. Memory: 120832K Free: 90744K (75%)
Completed execution with 6 iterations
9 ms. Memory: 120832K Free: 106456K (88%)
3 ms. Memory: 120832K Free: 105418K (87%)
5 ms. Memory: 120832K Free: 104408K (86%)
4 ms. Memory: 120832K Free: 102874K (85%)
3 ms. Memory: 120832K Free: 101850K (84%)
/home/travis/build/icyphy/ptII/ptolemy/actor/lib/test/Gaussian.tcl
10 ms. Memory: 120832K Free: 100298K (83%)
sleeping 1 seconds: ...................................................................................................................................................................................................................................................................................................................................................................................................................................................................................................................................................................................................................................................................................................................................................................................................................................................................................................................................................................................................................................................................................................................................................................................................................................................................................................................................................................................................................................................................................................................................................................................................................................................................................................................................................................................................................................................................................................................................................................................................................................................................................................................................................................................................................................................................................................................................................................................................................................................................................................................................................................................................................................................................................................................................................................................................................................................................................................................................................................................................................................................................................................................................................................................................................................................................................................................................................................................................................................................................................................................................................................................................................................................................................................................................................................................................................................................................................................................................................................................................................................................................................................................................................................................................................................................................................................................................................................................................................................................................................................................................................................................................................................................................................................................................................................................................................................................................................................................................................................................................................................................................................................................................................................................................................................................................................................................................................................................................................................................................................................................................................................................................................................................................................................................................................................................................................................................................................................................................................................................................................................................................................................................................................................................................................................................................................................................................................................................................................................................................................................................................................................................................................................................................................................................................................................................................................................................................................................................................................................................................................................................................................................................................................................................................................................................................................................................................................................................................................................................................................................................................................................................................................................................................................................................................................................................................................................................................................................................................................................................................................................................................................................................................................................................................................................................................................................................................................................................................................................................................................................................................................................................................................................................................................................................................................................................................................................................................................................................................................................................................................................................................................................................................................................................................................................................................................................................................................................................................................................................................................................................................................................................................................................................................................................................................................................................................................................................................................................................................................................................................................................................................................................................................................................................................................................................................................................................................................................................................................................................................................................................................................................................................................................................................................................................................................................................................................................................................................................................................................................................................................................................................................................................................................................................................................................................................................................................................................................................................................................................................................................................................................................................................................................................................................................................................................................................................................................................................................................................................................................................................................................................................................................................................................................................................................................................................................................................................................................................................................................................................................................................................................................................................................................................................................................................................................................................................................................................................................................................................................................................................................................................................................................................................................................................................................................................................................................................................................................................................................................................................................................................................................................................................................................................................................................................................................................................................................................................................................................................................................................................................................................................................................................................................................................................................................................................................................................................................................................................................................................................................................................................................................................................................................................................................................................................................................................................................................................................................................................................................................................................................................................................................................................................................................................................................................................................................................................................................................................................................................................................................................................................................................................................................................................................................................................................................................................................................................................................................................................................................................................................................................................................................................................................................................................................................................................................................................................................................................................................................................................................................................................................................................................................................................................................................................................................................................................................................................................................................................................................................................................................................................................................................................................................................................................................................................................................................................................................................................................................................................................................................................................................................................................................................................................................................................................................................................................................................................................................................................................................................................................................................................................................................................................................................................................................................................................................................................................................................................................................................................................................................................................................................................................................................................................................................................................................................................................................................................................................................................................................................................................................................................................................................................................................................................................................................................................................................................................................................................................................................................................................................................................................................................................................................................................................................................................................................................................................................................................................................................................................................................................................................................................................................................................................................................................................................................................................................................................................................................................................................................................................................................................................................................................................................................................................................................................................................................................................................................................................................................................................................................................................................................................................................................................................................................................................................................................................................................................................................................................................................................................................................................................................................................................................................................................................................................................................................................................................................................................................................................................................................................................................................................................................................................................................................................................................................................................................................................................................................................................................................................................................................................................................................................................................................................................................................................................................................................................................................................................................................................................................................................................................................................................................................................................................................................................................................................................................................................................................................................................................................................................................................................................................................................................................................................................................................................................................................................................................................................................................................................................................................................................................................................................................................................................................................................................................................................................................................................................................................................................................................................................................................................................................................................................................................................................................................................................................................................................................................................................................................................................................................................................................................................................................................................................................................................................................................................................................................................................................................................................................................................................................................................................................................................................................................................................................................................................................................................................................................................................................................................................................................................................................................................................................................................................................................................................................................................................................................................................................................................................................................................................................................................................................................................................................................................................................................................................................................................................................................................................................................................................................................................................................................................................................................................................................................................................................................................................................................................................................................................................................................................................................................................................................................................................................................................................................................................................................................................................................................................................................................................................................................................................................................................................................................................................................................................................................................................................................................................................................................................................................................................................................................................................................................................................................................................................................................................................................................................................................................................................................................................................................................................................................................................................................................................................................................................................................................................................................................................................................................................................................................................................................................................................................................................................................................................................................................................................................................................................................................................................................................................................................................................................................................................................................................................................................................................................................................................................................................................................................................................................................................................................................................................................................................................................................................................................................................................................................................................................................................................................................................................................................................................................................................................................................................................................................................................................................................................................................................................................................................................................................................................................................................................................................................................................................................................................................................................................................................................................................................................................................................................................................................................................................................................................................................................................................................................................................................................................................................................................................................................................................................................................................................................................................................................................................................................................................................................................................................................................................................................................................................................................................................................................................................................................................................................................................................................................................................................................................................................................................................................................................................................................................................................................................................................................................................................................................................................................................................................................................................................................................................................................................................................................................................................................................................................................................................................................................................................................................................................................................................................................................................................................................................................................................................................................................................................................................................................................................................................................................................................................................................................................................................................................................................................................................................................................................................................................................................................................................................................................................................................................................................................................................................................................................................................................................................................................................................................................................................................................................................................................................................................................................................................................................................................................................................................................................................................................................................................................................................................................................................................................................................................................................................................................................................................................................................................................................................................3 ms. Memory: 149504K Free: 110896K (74%)
6 ms. Memory: 149504K Free: 110350K (74%)
3 ms. Memory: 149504K Free: 109872K (73%)
5 ms. Memory: 149504K Free: 109328K (73%)
3 ms. Memory: 149504K Free: 108334K (72%)
/home/travis/build/icyphy/ptII/ptolemy/actor/lib/test/IIR.tcl
/home/travis/build/icyphy/ptII/ptolemy/actor/lib/test/Interpolator.tcl
3 ms. Memory: 149504K Free: 104752K (70%)
2 ms. Memory: 149504K Free: 104238K (70%)
1 ms. Memory: 149504K Free: 103728K (69%)
1 ms. Memory: 149504K Free: 103214K (69%)
3 ms. Memory: 149504K Free: 102190K (68%)
2 ms. Memory: 149504K Free: 101680K (68%)
3 ms. Memory: 149504K Free: 100656K (67%)
7 ms. Memory: 149504K Free: 99632K (67%)
2 ms. Memory: 149504K Free: 98608K (66%)
2 ms. Memory: 149504K Free: 98094K (66%)
/home/travis/build/icyphy/ptII/ptolemy/actor/lib/test/MathFunction.tcl
10 ms. Memory: 149504K Free: 96030K (64%)
2 ms. Memory: 149504K Free: 94512K (63%)
10 ms. Memory: 149504K Free: 93488K (63%)
2 ms. Memory: 149504K Free: 92960K (62%)
6 ms. Memory: 149504K Free: 91440K (61%)
11 ms. Memory: 149504K Free: 89392K (60%)
/home/travis/build/icyphy/ptII/ptolemy/actor/lib/test/Maximum.tcl
8 ms. Memory: 149504K Free: 87848K (59%)
7 ms. Memory: 149504K Free: 86816K (58%)
7 ms. Memory: 149504K Free: 86320K (58%)
9 ms. Memory: 149504K Free: 85792K (57%)
/home/travis/build/icyphy/ptII/ptolemy/actor/lib/test/Minimum.tcl
7 ms. Memory: 149504K Free: 83758K (56%)
4 ms. Memory: 149504K Free: 83248K (56%)
4 ms. Memory: 149504K Free: 82720K (55%)
3 ms. Memory: 149504K Free: 82224K (55%)
/home/travis/build/icyphy/ptII/ptolemy/actor/lib/test/MultiplyDivide.tcl
10 ms. Memory: 149504K Free: 79632K (53%)
3 ms. Memory: 149504K Free: 79152K (53%)
2 ms. Memory: 149504K Free: 78632K (53%)
3 ms. Memory: 149504K Free: 77608K (52%)
3 ms. Memory: 149504K Free: 77104K (52%)
/home/travis/build/icyphy/ptII/ptolemy/actor/lib/test/OrderedMerge.tcl
Connections changed on port: inputA
Connections changed on port: inputB
Connections changed on port: output
Connections changed on port: output
Connections changed on port: output
Connections changed on port: input
.top. Preinitializing ...
Invoking preinitialize():  .top.OrderedMerge
Called preinitialize()
Invoking preinitialize():  .top.Ramp
Called preinitialize()
Invoking preinitialize():  .top.Ramp2
Called preinitialize()
Invoking preinitialize():  .top.Test
Called preinitialize()
Connections changed on port: inputA
Connections changed on port: output
Connections changed on port: output
Connections changed on port: input
Connections changed on port: inputB
Connections changed on port: output
.top. Finished preinitialize().
Called initialize().
Invoking initialize():  .top.OrderedMerge
Initializing actor: .top.OrderedMerge
Adding a thread: .top.OrderedMerge
Invoking initialize():  .top.Ramp
Initializing actor: .top.Ramp
Adding a thread: .top.Ramp
Invoking initialize():  .top.Ramp2
Initializing actor: .top.Ramp2
Adding a thread: .top.Ramp2
Invoking initialize():  .top.Test
Initializing actor: .top.Test
Adding a thread: .top.Test
Called fire().
Checking for deadlock:
-- Starting thread.
Called initialize()
Called prefire()
Called fire()
-- Starting thread.
Called initialize()
-- Starting thread.
Called initialize()
Called prefire()
Called prefire()
-- Starting thread.
Called initialize()
Called prefire()
Called fire()
Called fire()
Called fire()
There are 0 Blocked actors, 0 Stopped actors, and 4 active threads.
Waiting for actors to stop.
Called postfire()
Called postfire()
Called prefire()
Called prefire()
Called fire()
Called fire()
Read input token from inputA with value 0.0
Next port to read input from is inputB
Called postfire()
Called prefire()
Called fire()
Read input token from inputB with value 0.0
Sent output token with value 0.0
Next port to read input from is inputA
Called postfire()
Called prefire()
Called fire()
Checking for deadlock:
There are 1 Blocked actors, 0 Stopped actors, and 4 active threads.
Waiting for actors to stop.
Called postfire()
Called prefire()
Called fire()
-- Read input: 0.0, which is expected to match: 0.0
Called prefire()
Called fire()
Called postfire()
Called prefire()
Checking for deadlock:
Called fire()
There are 2 Blocked actors, 0 Stopped actors, and 4 active threads.
Waiting for actors to stop.
Read input token from inputA with value 1.0
Sent output token with value 0.0
Next port to read input from is inputB
Called postfire()
Called prefire()
Called fire()
Read input token from inputB with value 1.5
Checking for deadlock:
There are 1 Blocked actors, 0 Stopped actors, and 4 active threads.
Waiting for actors to stop.
Called postfire()
Called prefire()
Called fire()
-- Read input: 0.0, which is expected to match: 0.0
Called prefire()
Called fire()
Called postfire()
Called prefire()
Called fire()
Checking for deadlock:
There are 3 Blocked actors, 0 Stopped actors, and 4 active threads.
Waiting for actors to stop.
Sent output token with value 1.0
-- Read input: 1.0, which is expected to match: 1.0
Next port to read input from is inputA
Called postfire()
Called prefire()
Called fire()
Called prefire()
Called fire()
Read input token from inputA with value 2.0
Sent output token with value 1.5
Checking for deadlock:
There are 1 Blocked actors, 0 Stopped actors, and 4 active threads.
Waiting for actors to stop.
Called postfire()
Called prefire()
Called fire()
-- Read input: 1.5, which is expected to match: 1.5
Called prefire()
Called fire()
Next port to read input from is inputB
Called postfire()
Called prefire()
Called fire()
Read input token from inputB with value 3.0
Sent output token with value 2.0
Next port to read input from is inputA
Called postfire()
Called prefire()
Called fire()
Read input token from inputA with value 3.0
Checking for deadlock:
There are 1 Blocked actors, 0 Stopped actors, and 4 active threads.
Waiting for actors to stop.
Called postfire()
-- Read input: 2.0, which is expected to match: 2.0
Called prefire()
Called fire()
Called prefire()
Called fire()
Checking for deadlock:
There are 2 Blocked actors, 0 Stopped actors, and 4 active threads.
Called postfire()
Waiting for actors to stop.
Called prefire()
Called fire()
Sent output token with value 3.0
-- Read input: 3.0, which is expected to match: 3.0
Checking for deadlock:
There are 2 Blocked actors, 0 Stopped actors, and 4 active threads.
Waiting for actors to stop.
Called prefire()
Called fire()
Next port to read input from is inputB
Called postfire()
Called prefire()
Called fire()
Checking for deadlock:
There are 3 Blocked actors, 0 Stopped actors, and 4 active threads.
Waiting for actors to stop.
Read input token from inputB with value 4.5
Sent output token with value 3.0
Next port to read input from is inputA
Called postfire()
Called prefire()
Called fire()
Read input token from inputA with value 4.0
Checking for deadlock:
There are 1 Blocked actors, 0 Stopped actors, and 4 active threads.
Waiting for actors to stop.
Called postfire()
Called postfire()
Called prefire()
Called prefire()
Called fire()
Called fire()
Checking for deadlock:
There are 2 Blocked actors, 0 Stopped actors, and 4 active threads.
-- Read input: 3.0, which is expected to match: 3.0
Called prefire()
Called fire()
Waiting for actors to stop.
-- Read input: 4.0, which is expected to match: 4.0
Called prefire()
Called fire()
Past the end of training data. Read and discard all inputs.
Sent output token with value 4.0
Next port to read input from is inputA
Called postfire()
Called prefire()
Called fire()
Read input token from inputA with value 5.0
Sent output token with value 4.5
Next port to read input from is inputB
Called postfire()
Called prefire()
Called fire()
Read input token from inputB with value 6.0
Checking for deadlock:
There are 1 Blocked actors, 0 Stopped actors, and 4 active threads.
Waiting for actors to stop.
Called postfire()
Called prefire()
Called prefire()
Called fire()
Checking for deadlock:
Called fire()
Past the end of training data. Read and discard all inputs.
There are 0 Blocked actors, 0 Stopped actors, and 4 active threads.
Waiting for actors to stop.
Called postfire()
Called prefire()
Called fire()
Checking for deadlock:
There are 2 Blocked actors, 0 Stopped actors, and 4 active threads.
Waiting for actors to stop.
Called prefire()
Called fire()
Past the end of training data. Read and discard all inputs.
Checking for deadlock:
There are 3 Blocked actors, 0 Stopped actors, and 4 active threads.
Waiting for actors to stop.
Sent output token with value 5.0
Next port to read input from is inputA
Called postfire()
Called prefire()
Called fire()
Checking for deadlock:
There are 2 Blocked actors, 0 Stopped actors, and 4 active threads.
Waiting for actors to stop.
Called postfire()
Called prefire()
Called fire()
Checking for deadlock:
There are 3 Blocked actors, 0 Stopped actors, and 4 active threads.
Waiting for actors to stop.
Read input token from inputA with value 6.0
Called prefire()
Called fire()
Past the end of training data. Read and discard all inputs.
Sent output token with value 6.0
Checking for deadlock:
There are 3 Blocked actors, 0 Stopped actors, and 4 active threads.
Waiting for actors to stop.
Next port to read input from is inputB
Called postfire()
Called prefire()
Called fire()
Checking for deadlock:
Called postfire()
There are 2 Blocked actors, 0 Stopped actors, and 4 active threads.
Called prefire()
Waiting for actors to stop.
Called fire()
Checking for deadlock:
There are 3 Blocked actors, 0 Stopped actors, and 4 active threads.
Waiting for actors to stop.
Read input token from inputB with value 7.5
Checking for deadlock:
There are 2 Blocked actors, 0 Stopped actors, and 4 active threads.
Waiting for actors to stop.
Called prefire()
Called fire()
Past the end of training data. Read and discard all inputs.
Checking for deadlock:
There are 3 Blocked actors, 0 Stopped actors, and 4 active threads.
Waiting for actors to stop.
Sent output token with value 6.0
Next port to read input from is inputA
Called postfire()
Called prefire()
Called fire()
Called postfire()
Called prefire()
Called fire()
Checking for deadlock:
There are 3 Blocked actors, 0 Stopped actors, and 4 active threads.
Waiting for actors to stop.
Read input token from inputA with value 7.0
Called prefire()
Called fire()
Past the end of training data. Read and discard all inputs.
Checking for deadlock:
There are 3 Blocked actors, 0 Stopped actors, and 4 active threads.
Waiting for actors to stop.
Sent output token with value 7.0
Next port to read input from is inputA
Called postfire()
Called prefire()
Called fire()
-- Thread wrapup() called.
Called wrapup()
Thread .top.Ramp is exiting.
Read input token from inputA with value 8.0
-- Thread stopped.
Sent output token with value 7.5
Next port to read input from is inputB
Called postfire()
Called prefire()
Called fire()
Read input token from inputB with value 9.0
Checking for deadlock:
There are 1 Blocked actors, 0 Stopped actors, and 3 active threads.
Waiting for actors to stop.
Called postfire()
Called prefire()
Called fire()
Called prefire()
Called fire()
Past the end of training data. Read and discard all inputs.
Checking for deadlock:
There are 2 Blocked actors, 0 Stopped actors, and 3 active threads.
Waiting for actors to stop.
Called prefire()
Called fire()
Past the end of training data. Read and discard all inputs.
Checking for deadlock:
There are 2 Blocked actors, 0 Stopped actors, and 3 active threads.
Waiting for actors to stop.
Sent output token with value 8.0
Next port to read input from is inputA
Called postfire()
Called prefire()
Called fire()
Read input token from inputA with value 9.0
Called prefire()
Called fire()
Past the end of training data. Read and discard all inputs.
Checking for deadlock:
There are 2 Blocked actors, 0 Stopped actors, and 3 active threads.
Waiting for actors to stop.
Sent output token with value 9.0
Next port to read input from is inputB
Called postfire()
Called prefire()
Called fire()
Called postfire()
Called prefire()
Called fire()
Checking for deadlock:
There are 2 Blocked actors, 0 Stopped actors, and 3 active threads.
Waiting for actors to stop.
Read input token from inputB with value 10.5
Called prefire()
Called fire()
Past the end of training data. Read and discard all inputs.
Checking for deadlock:
There are 2 Blocked actors, 0 Stopped actors, and 3 active threads.
Waiting for actors to stop.
Sent output token with value 9.0
Next port to read input from is inputA
Called postfire()
Called prefire()
Called fire()
Checking for deadlock:
There are 3 Blocked actors, 0 Stopped actors, and 3 active threads.
Actors have stopped.
Checking for deadlock:
There are 3 Blocked actors, 0 Stopped actors, and 3 active threads.
Deadlock detected.
Resolving Deadlock
Checking for deadlock:
There are 3 Blocked actors, 0 Stopped actors, and 3 active threads.
Artificial Deadlock - increasing queue capacity.
increasing the capacity of receiver ptolemy.actor.TypedIOPort {.top.OrderedMerge.inputB} to 2
Director: Called postfire().
Called postfire().
_stopRequested = false
_stopFireRequested = false
Returning from postfire(): true
Called fire().
Checking for deadlock:
There are 2 Blocked actors, 0 Stopped actors, and 3 active threads.
Waiting for actors to stop.
-- Thread wrapup() called.
Called wrapup()
Thread .top.Ramp2 is exiting.
-- Thread stopped.
Checking for deadlock:
There are 2 Blocked actors, 0 Stopped actors, and 2 active threads.
Actors have stopped.
Checking for deadlock:
There are 2 Blocked actors, 0 Stopped actors, and 2 active threads.
Deadlock detected.
Resolving Deadlock
Checking for deadlock:
There are 2 Blocked actors, 0 Stopped actors, and 2 active threads.
Deadlock detected: no processes blocked on write, but some are blocked on read.
Called postfire().
_stopRequested = false
_stopFireRequested = false
Returning from postfire(): false
Finished deactivating branches.
Called wrapup().
-- Thread wrapup() called.
Called wrapup()
Thread .top.Test is exiting.
-- Thread stopped.
-- Blocked Receiver call threw TerminateProcessException.
-- Thread wrapup() called.
Called wrapup()
Thread .top.OrderedMerge is exiting.
-- Thread stopped.
-- Blocked Receiver call threw TerminateProcessException.
67 ms. Memory: 149504K Free: 71984K (48%)
.top. Preinitializing ...
Invoking preinitialize():  .top.OrderedMerge
Called preinitialize()
Invoking preinitialize():  .top.Ramp
Called preinitialize()
Invoking preinitialize():  .top.Ramp2
Called preinitialize()
Invoking preinitialize():  .top.Test
Called preinitialize()
.top. Finished preinitialize().
Called initialize().
Invoking initialize():  .top.OrderedMerge
Initializing actor: .top.OrderedMerge
Adding a thread: .top.OrderedMerge
Invoking initialize():  .top.Ramp
Initializing actor: .top.Ramp
Adding a thread: .top.Ramp
Invoking initialize():  .top.Ramp2
Initializing actor: .top.Ramp2
Adding a thread: .top.Ramp2
Invoking initialize():  .top.Test
Initializing actor: .top.Test
Adding a thread: .top.Test
-- Starting thread.
Called initialize()
Called prefire()
Called fire()
-- Starting thread.
Called initialize()
Called prefire()
Called fire()
Called postfire()
Called prefire()
Called fire()
-- Starting thread.
Called initialize()
Called prefire()
Called fire()
Called postfire()
Called prefire()
Called fire()
Called fire().
Checking for deadlock:
There are 3 Blocked actors, 0 Stopped actors, and 4 active threads.
Waiting for actors to stop.
-- Starting thread.
Called initialize()
Called prefire()
Called fire()
Checking for deadlock:
There are 2 Blocked actors, 0 Stopped actors, and 4 active threads.
Waiting for actors to stop.
Called postfire()
Called prefire()
Called fire()
Checking for deadlock:
There are 3 Blocked actors, 0 Stopped actors, and 4 active threads.
Waiting for actors to stop.
Read input token from inputA with value 0.0
Next port to read input from is inputB
Called postfire()
Called prefire()
Called fire()
Called postfire()
Called prefire()
Called fire()
Checking for deadlock:
There are 3 Blocked actors, 0 Stopped actors, and 4 active threads.
Waiting for actors to stop.
Read input token from inputB with value 0.0
Checking for deadlock:
There are 2 Blocked actors, 0 Stopped actors, and 4 active threads.
Waiting for actors to stop.
Sent output token with value 0.0
-- Read input: 0.0, which is expected to match: 0.0
Called prefire()
Called fire()
Checking for deadlock:
There are 3 Blocked actors, 0 Stopped actors, and 4 active threads.
Waiting for actors to stop.
Next port to read input from is inputA
Called postfire()
Called prefire()
Called fire()
Checking for deadlock:
There are 2 Blocked actors, 0 Stopped actors, and 4 active threads.
Waiting for actors to stop.
Called postfire()
Called prefire()
Called fire()
Checking for deadlock:
There are 3 Blocked actors, 0 Stopped actors, and 4 active threads.
Waiting for actors to stop.
Read input token from inputA with value 1.0
Checking for deadlock:
There are 2 Blocked actors, 0 Stopped actors, and 4 active threads.
Waiting for actors to stop.
-- Read input: 0.0, which is expected to match: 0.0
Called prefire()
Called fire()
Sent output token with value 0.0
Checking for deadlock:
There are 3 Blocked actors, 0 Stopped actors, and 4 active threads.
Waiting for actors to stop.
Next port to read input from is inputB
Called postfire()
Called prefire()
Called fire()
Checking for deadlock:
There are 2 Blocked actors, 0 Stopped actors, and 4 active threads.
Waiting for actors to stop.
Called postfire()
Called prefire()
Called fire()
Checking for deadlock:
There are 3 Blocked actors, 0 Stopped actors, and 4 active threads.
Waiting for actors to stop.
Read input token from inputB with value 1.5
Checking for deadlock:
There are 2 Blocked actors, 0 Stopped actors, and 4 active threads.
Waiting for actors to stop.
Sent output token with value 1.0
-- Read input: 1.0, which is expected to match: 1.0
Called prefire()
Called fire()
Checking for deadlock:
There are 3 Blocked actors, 0 Stopped actors, and 4 active threads.
Waiting for actors to stop.
Next port to read input from is inputA
Called postfire()
Called prefire()
Called fire()
Checking for deadlock:
There are 2 Blocked actors, 0 Stopped actors, and 4 active threads.
Waiting for actors to stop.
Called postfire()
Called prefire()
Called fire()
Checking for deadlock:
There are 3 Blocked actors, 0 Stopped actors, and 4 active threads.
Waiting for actors to stop.
Read input token from inputA with value 2.0
Checking for deadlock:
There are 2 Blocked actors, 0 Stopped actors, and 4 active threads.
Waiting for actors to stop.
-- Read input: 1.5, which is expected to match: 1.5
Called prefire()
Called fire()
Sent output token with value 1.5
Checking for deadlock:
There are 3 Blocked actors, 0 Stopped actors, and 4 active threads.
Waiting for actors to stop.
Next port to read input from is inputB
Called postfire()
Called prefire()
Called fire()
Checking for deadlock:
There are 2 Blocked actors, 0 Stopped actors, and 4 active threads.
Waiting for actors to stop.
Called postfire()
Called prefire()
Called fire()
Checking for deadlock:
Read input token from inputB with value 3.0
There are 3 Blocked actors, 0 Stopped actors, and 4 active threads.
Waiting for actors to stop.
Checking for deadlock:
There are 2 Blocked actors, 0 Stopped actors, and 4 active threads.
Waiting for actors to stop.
-- Read input: 2.0, which is expected to match: 2.0
Called prefire()
Called fire()
Checking for deadlock:
There are 3 Blocked actors, 0 Stopped actors, and 4 active threads.
Waiting for actors to stop.
Sent output token with value 2.0
Next port to read input from is inputA
Called postfire()
Called prefire()
Called fire()
Checking for deadlock:
There are 2 Blocked actors, 0 Stopped actors, and 4 active threads.
Waiting for actors to stop.
Called postfire()
Called prefire()
Called fire()
Read input token from inputA with value 3.0
Checking for deadlock:
There are 3 Blocked actors, 0 Stopped actors, and 4 active threads.
Waiting for actors to stop.
Checking for deadlock:
There are 2 Blocked actors, 0 Stopped actors, and 4 active threads.
Waiting for actors to stop.
-- Read input: 3.0, which is expected to match: 3.0
Called prefire()
Called fire()
Checking for deadlock:
There are 3 Blocked actors, 0 Stopped actors, and 4 active threads.
Waiting for actors to stop.
Sent output token with value 3.0
Next port to read input from is inputB
Called postfire()
Called prefire()
Called fire()
Called postfire()
Called prefire()
Called fire()
Checking for deadlock:
There are 3 Blocked actors, 0 Stopped actors, and 4 active threads.
Waiting for actors to stop.
Read input token from inputB with value 4.5
-- Read input: 3.0, which is expected to match: 3.0
Called prefire()
Called fire()
Checking for deadlock:
There are 3 Blocked actors, 0 Stopped actors, and 4 active threads.
Waiting for actors to stop.
Sent output token with value 3.0
Next port to read input from is inputA
Called postfire()
Called prefire()
Called fire()
Checking for deadlock:
Called postfire()
There are 2 Blocked actors, 0 Stopped actors, and 4 active threads.
Called prefire()
Waiting for actors to stop.
Called fire()
Checking for deadlock:
There are 3 Blocked actors, 0 Stopped actors, and 4 active threads.
Waiting for actors to stop.
Read input token from inputA with value 4.0
Checking for deadlock:
There are 2 Blocked actors, 0 Stopped actors, and 4 active threads.
Sent output token with value 4.0
Waiting for actors to stop.
-- Read input: 4.0, which is expected to match: 4.0
Called prefire()
Called fire()
Past the end of training data. Read and discard all inputs.
Checking for deadlock:
There are 3 Blocked actors, 0 Stopped actors, and 4 active threads.
Waiting for actors to stop.
Next port to read input from is inputA
Called postfire()
Called prefire()
Called fire()
Called postfire()
Called prefire()
Called fire()
Checking for deadlock:
There are 3 Blocked actors, 0 Stopped actors, and 4 active threads.
Waiting for actors to stop.
Read input token from inputA with value 5.0
Called prefire()
Called fire()
Past the end of training data. Read and discard all inputs.
Checking for deadlock:
There are 3 Blocked actors, 0 Stopped actors, and 4 active threads.
Waiting for actors to stop.
Sent output token with value 4.5
Next port to read input from is inputB
Called postfire()
Called prefire()
Called fire()
Called postfire()
Called prefire()
Called fire()
Checking for deadlock:
There are 3 Blocked actors, 0 Stopped actors, and 4 active threads.
Waiting for actors to stop.
Read input token from inputB with value 6.0
Called prefire()
Called fire()
Past the end of training data. Read and discard all inputs.
Checking for deadlock:
There are 3 Blocked actors, 0 Stopped actors, and 4 active threads.
Waiting for actors to stop.
Sent output token with value 5.0
Next port to read input from is inputA
Called postfire()
Called prefire()
Called fire()
Checking for deadlock:
There are 2 Blocked actors, 0 Stopped actors, and 4 active threads.
Waiting for actors to stop.
Called postfire()
Called prefire()
Called fire()
Checking for deadlock:
There are 3 Blocked actors, 0 Stopped actors, and 4 active threads.
Waiting for actors to stop.
Read input token from inputA with value 6.0
Checking for deadlock:
There are 2 Blocked actors, 0 Stopped actors, and 4 active threads.
Waiting for actors to stop.
Called prefire()
Called fire()
Past the end of training data. Read and discard all inputs.
Checking for deadlock:
There are 3 Blocked actors, 0 Stopped actors, and 4 active threads.
Waiting for actors to stop.
Sent output token with value 6.0
Next port to read input from is inputB
Called postfire()
Called prefire()
Called fire()
Called postfire()
Called prefire()
Called fire()
Checking for deadlock:
There are 3 Blocked actors, 0 Stopped actors, and 4 active threads.
Waiting for actors to stop.
Read input token from inputB with value 7.5
Called prefire()
Called fire()
Past the end of training data. Read and discard all inputs.
Checking for deadlock:
There are 3 Blocked actors, 0 Stopped actors, and 4 active threads.
Waiting for actors to stop.
Sent output token with value 6.0
Next port to read input from is inputA
Called postfire()
Called prefire()
Called fire()
Checking for deadlock:
There are 2 Blocked actors, 0 Stopped actors, and 4 active threads.
Waiting for actors to stop.
Called postfire()
Called prefire()
Called fire()
Checking for deadlock:
There are 3 Blocked actors, 0 Stopped actors, and 4 active threads.
Waiting for actors to stop.
Read input token from inputA with value 7.0
Checking for deadlock:
There are 2 Blocked actors, 0 Stopped actors, and 4 active threads.
Waiting for actors to stop.
Called prefire()
Called fire()
Past the end of training data. Read and discard all inputs.
Checking for deadlock:
There are 3 Blocked actors, 0 Stopped actors, and 4 active threads.
Waiting for actors to stop.
Sent output token with value 7.0
Next port to read input from is inputA
Called postfire()
Called prefire()
Called fire()
Checking for deadlock:
There are 2 Blocked actors, 0 Stopped actors, and 4 active threads.
Waiting for actors to stop.
-- Thread wrapup() called.
Called wrapup()
Thread .top.Ramp is exiting.
-- Thread stopped.
Checking for deadlock:
There are 2 Blocked actors, 0 Stopped actors, and 3 active threads.
Waiting for actors to stop.
Read input token from inputA with value 8.0
Called prefire()
Called fire()
Past the end of training data. Read and discard all inputs.
Checking for deadlock:
There are 2 Blocked actors, 0 Stopped actors, and 3 active threads.
Waiting for actors to stop.
Sent output token with value 7.5
Next port to read input from is inputB
Called postfire()
Called prefire()
Called fire()
Checking for deadlock:
There are 1 Blocked actors, 0 Stopped actors, and 3 active threads.
Waiting for actors to stop.
Called postfire()
Called prefire()
Called fire()
Checking for deadlock:
There are 2 Blocked actors, 0 Stopped actors, and 3 active threads.
Waiting for actors to stop.
Read input token from inputB with value 9.0
Checking for deadlock:
There are 1 Blocked actors, 0 Stopped actors, and 3 active threads.
Waiting for actors to stop.
Called prefire()
Called fire()
Past the end of training data. Read and discard all inputs.
Checking for deadlock:
There are 2 Blocked actors, 0 Stopped actors, and 3 active threads.
Waiting for actors to stop.
Sent output token with value 8.0
Next port to read input from is inputA
Called postfire()
Called prefire()
Called fire()
Read input token from inputA with value 9.0
Called prefire()
Called fire()
Past the end of training data. Read and discard all inputs.
Checking for deadlock:
There are 2 Blocked actors, 0 Stopped actors, and 3 active threads.
Waiting for actors to stop.
Sent output token with value 9.0
Next port to read input from is inputB
Called postfire()
Called prefire()
Called fire()
Called postfire()
Called prefire()
Called fire()
Checking for deadlock:
There are 2 Blocked actors, 0 Stopped actors, and 3 active threads.
Waiting for actors to stop.
Read input token from inputB with value 10.5
Called prefire()
Called fire()
Past the end of training data. Read and discard all inputs.
Checking for deadlock:
There are 2 Blocked actors, 0 Stopped actors, and 3 active threads.
Waiting for actors to stop.
Sent output token with value 9.0
Next port to read input from is inputA
Called postfire()
Called prefire()
Called fire()
Checking for deadlock:
There are 3 Blocked actors, 0 Stopped actors, and 3 active threads.
Actors have stopped.
Checking for deadlock:
There are 3 Blocked actors, 0 Stopped actors, and 3 active threads.
Deadlock detected.
Resolving Deadlock
Checking for deadlock:
There are 3 Blocked actors, 0 Stopped actors, and 3 active threads.
Artificial Deadlock - increasing queue capacity.
increasing the capacity of receiver ptolemy.actor.TypedIOPort {.top.OrderedMerge.inputB} to 2
Director: Called postfire().
Called postfire().
_stopRequested = false
_stopFireRequested = false
Returning from postfire(): true
Called fire().
Checking for deadlock:
There are 2 Blocked actors, 0 Stopped actors, and 3 active threads.
Waiting for actors to stop.
-- Thread wrapup() called.
Called wrapup()
Thread .top.Ramp2 is exiting.
-- Thread stopped.
Checking for deadlock:
There are 2 Blocked actors, 0 Stopped actors, and 2 active threads.
Actors have stopped.
Checking for deadlock:
There are 2 Blocked actors, 0 Stopped actors, and 2 active threads.
Deadlock detected.
Resolving Deadlock
Checking for deadlock:
There are 2 Blocked actors, 0 Stopped actors, and 2 active threads.
Deadlock detected: no processes blocked on write, but some are blocked on read.
Called postfire().
_stopRequested = false
_stopFireRequested = false
Returning from postfire(): false
Finished deactivating branches.
Called wrapup().
-- Thread wrapup() called.
Called wrapup()
-- Thread wrapup() called.
Called wrapup()
Thread .top.Test is exiting.
-- Thread stopped.
-- Blocked Receiver call threw TerminateProcessException.
Thread .top.OrderedMerge is exiting.
58 ms. Memory: 149504K Free: 69936K (47%)
/home/travis/build/icyphy/ptII/ptolemy/actor/lib/test/Publisher.tcl
-- Thread stopped.
-- Blocked Receiver call threw TerminateProcessException.
8 ms. Memory: 149504K Free: 128724K (86%)
4 ms. Memory: 149504K Free: 123604K (83%)
3 ms. Memory: 149504K Free: 120036K (80%)
4 ms. Memory: 149504K Free: 119012K (80%)
2 ms. Memory: 149504K Free: 117988K (79%)
4 ms. Memory: 149504K Free: 117468K (79%)
2 ms. Memory: 149504K Free: 116436K (78%)
3 ms. Memory: 149504K Free: 115426K (77%)
26 ms. Memory: 149504K Free: 105700K (71%)
18 ms. Memory: 149504K Free: 130219K (87%)
3 ms. Memory: 149504K Free: 129709K (87%)
4 ms. Memory: 149504K Free: 127661K (85%)
14 ms. Memory: 149504K Free: 119979K (80%)
5 ms. Memory: 149504K Free: 110253K (74%)
6 ms. Memory: 149504K Free: 99485K (67%)
/home/travis/build/icyphy/ptII/ptolemy/actor/lib/test/Pulse.tcl
5 ms. Memory: 149504K Free: 123390K (83%)
8 ms. Memory: 149504K Free: 122894K (82%)
2 ms. Memory: 149504K Free: 122366K (82%)
1 ms. Memory: 149504K Free: 121870K (82%)
9 ms. Memory: 149504K Free: 121342K (81%)
10 ms. Memory: 149504K Free: 120302K (80%)
7 ms. Memory: 149504K Free: 119243K (80%)
5 ms. Memory: 149504K Free: 118270K (79%)
2 ms. Memory: 149504K Free: 117774K (79%)
/home/travis/build/icyphy/ptII/ptolemy/actor/lib/test/Ramp.tcl
8 ms. Memory: 149504K Free: 115726K (77%)
4 ms. Memory: 149504K Free: 115198K (77%)
3 ms. Memory: 149504K Free: 114174K (76%)
4 ms. Memory: 149504K Free: 113678K (76%)
4 ms. Memory: 149504K Free: 112654K (75%)
8 ms. Memory: 149504K Free: 112126K (75%)
8 ms. Memory: 149504K Free: 111110K (74%)
5 actors
8000 microseconds per iteration to create
12 ms. Memory: 149504K Free: 108014K (72%)
2 ms. Memory: 149504K Free: 107534K (72%)
5 ms. Memory: 149504K Free: 107014K (72%)
2 ms. Memory: 149504K Free: 106510K (71%)
50 actors
55000 microseconds per iteration to create
45 ms. Memory: 149504K Free: 91150K (61%)
14 ms. Memory: 149504K Free: 89612K (60%)
12 ms. Memory: 149504K Free: 88588K (59%)
5 ms. Memory: 149504K Free: 87550K (59%)
500 actors
1596000 microseconds per iteration to create
308 ms. Memory: 180224K Free: 86738K (48%)
52 ms. Memory: 180224K Free: 81108K (45%)
57 ms. Memory: 180224K Free: 75988K (42%)
58 ms. Memory: 180224K Free: 154580K (86%)
/home/travis/build/icyphy/ptII/ptolemy/actor/lib/test/RampContinuous.tcl
10 ms. Memory: 180224K Free: 153011K (85%)
/home/travis/build/icyphy/ptII/ptolemy/actor/lib/test/RecordAssembler.tcl
7 ms. Memory: 180224K Free: 151508K (84%)
3 ms. Memory: 180224K Free: 150484K (83%)
/home/travis/build/icyphy/ptII/ptolemy/actor/lib/test/RecordDisassembler.tcl
14 ms. Memory: 180224K Free: 148932K (83%)
8 ms. Memory: 180224K Free: 147922K (82%)
4 ms. Memory: 180224K Free: 146898K (82%)
/home/travis/build/icyphy/ptII/ptolemy/actor/lib/test/Scale.tcl
2 ms. Memory: 180224K Free: 144850K (80%)
2 ms. Memory: 180224K Free: 144340K (80%)
1 ms. Memory: 180224K Free: 143316K (80%)
3 ms. Memory: 180224K Free: 142802K (79%)
4 ms. Memory: 180224K Free: 141778K (79%)
/home/travis/build/icyphy/ptII/ptolemy/actor/lib/test/SequentialClock.tcl
preinitializing
resolving types
initializing
executing number 1
wrapping up
idle
5 ms. Memory: 180224K Free: 140740K (78%)
Completed execution with 5 iterations
preinitializing
resolving types
initializing
executing number 1
wrapping up
idle
1 ms. Memory: 180224K Free: 139700K (78%)
Completed execution with 5 iterations
preinitializing
resolving types
initializing
executing number 1
wrapping up
idle
1 ms. Memory: 180224K Free: 139700K (78%)
Completed execution with 5 iterations
/home/travis/build/icyphy/ptII/ptolemy/actor/lib/test/SetVariable.tcl
5 ms. Memory: 180224K Free: 137682K (76%)


==== $PTII/ptolemy/actor/lib/test/SetVariable.tcl: SetVariable-3.1 changeFailed
==== Contents of test case:

    #Uses 2.1 above
    jdkCaptureErr {
        # This test was failing if we ran Exit.tcl and then this test.
        # MessageHandler.error() now actually throws the Exception.
	catch {$setVariable changeFailed [java::null]  [java::new Exception {Test exception for SetVariable.changeFailed()}]} errMsg
    } results
    list [string range $results 0 89] "\n" $errMsg

==== Result was:
{java.lang.Exception: Test exception for SetVariable.changeFailed()
	at java.base/jdk.inter} {
} {java.lang.RuntimeException: java.lang.Exception: Test exception for SetVariable.changeFailed()}
---- Result should have been:
{Failed to set variable.
java.lang.Exception: Test exception for SetVariable.changeFailed()} {
} {java.lang.RuntimeException: java.lang.Exception: Test exception for SetVariable.changeFailed()}
---- SetVariable-3.1 FAILED
/home/travis/build/icyphy/ptII/ptolemy/actor/lib/test/Sinewave.tcl
/home/travis/build/icyphy/ptII/ptolemy/actor/lib/test/SubscriptionAggregator.tcl
5 ms. Memory: 180224K Free: 125394K (70%)
11 ms. Memory: 180224K Free: 124884K (69%)
5 ms. Memory: 180224K Free: 124370K (69%)
0 ms. Memory: 180224K Free: 123860K (69%)
2 ms. Memory: 180224K Free: 120274K (67%)
13 ms. Memory: 180224K Free: 118226K (66%)
...............................................................1031 ms. Memory: 267264K Free: 107755K (40%)
/home/travis/build/icyphy/ptII/ptolemy/actor/lib/test/Test.tcl
 The next command will produce a warning about training mode,
   which may be ignored.
4 ms. Memory: 267264K Free: 105707K (40%)
2 ms. Memory: 267264K Free: 105197K (39%)
1 ms. Memory: 267264K Free: 104677K (39%)
1 ms. Memory: 267264K Free: 103629K (39%)
1 ms. Memory: 267264K Free: 103149K (39%)
3 ms. Memory: 267264K Free: 102125K (38%)
3 ms. Memory: 267264K Free: 100581K (38%)
 The next command will produce a warning about training mode,
   which may be ignored.
3 ms. Memory: 267264K Free: 98539K (37%)
 The next command will produce a warning about training mode,
   which may be ignored.
2 ms. Memory: 267264K Free: 97005K (36%)
1 ms. Memory: 267264K Free: 97005K (36%)
1 ms. Memory: 267264K Free: 96491K (36%)
2 ms. Memory: 267264K Free: 95467K (36%)
5 ms. Memory: 267264K Free: 94957K (36%)
5 ms. Memory: 267264K Free: 90861K (34%)
/home/travis/build/icyphy/ptII/ptolemy/actor/lib/test/TestExceptionHandler.tcl
 The next command will produce a warning about training mode,
   which may be ignored.
2 ms. Memory: 267264K Free: 89837K (34%)
1 ms. Memory: 267264K Free: 89323K (33%)
2 ms. Memory: 267264K Free: 88813K (33%)
/home/travis/build/icyphy/ptII/ptolemy/actor/lib/test/UnionDisassembler.tcl
85 ms. Memory: 267264K Free: 220387K (82%)
/home/travis/build/icyphy/ptII/ptolemy/actor/lib/test/VariableClock.tcl
preinitializing
resolving types
initializing
executing number 1
wrapping up
idle
3 ms. Memory: 267264K Free: 218861K (82%)
Completed execution with 11 iterations
preinitializing
resolving types
initializing
executing number 1
wrapping up
idle
6 ms. Memory: 267264K Free: 217309K (81%)
Completed execution with 10 iterations
08/25/19 05:33:31
Failed: 1  Total Tests: 234  ((Passed: 233, Newly Passed: 0)  Known Failed: 0) /home/travis/build/icyphy/ptII/ptolemy/actor/lib/test
----------------- testing (KnownFailure) /home/travis/build/icyphy/ptII/ptolemy/actor/lib/test/auto/knownFailedTests/PublisherPortToplevelSubscriber.xml
1 ms. Memory: 267264K Free: 213741K (80%)
Known Failure: java.lang.reflect.InvocationTargetException
----------------- testing (KnownFailure) /home/travis/build/icyphy/ptII/ptolemy/actor/lib/test/auto/knownFailedTests/PublisherSubscriberPortToplevel.xml
0 ms. Memory: 267264K Free: 210155K (79%)
Known Failure: java.lang.reflect.InvocationTargetException
----------------- testing (KnownFailure) /home/travis/build/icyphy/ptII/ptolemy/actor/lib/test/auto/knownFailedTests/PublisherSubscriptionAggregatorPort.xml
0 ms. Memory: 267264K Free: 206059K (77%)
Known Failure: java.lang.reflect.InvocationTargetException
----------------- testing (KnownFailure) /home/travis/build/icyphy/ptII/ptolemy/actor/lib/test/auto/knownFailedTests/sizedarray3.xml
5 ms. Memory: 267264K Free: 201963K (76%)
Known Failure: java.lang.reflect.InvocationTargetException
No auto/linux-amd64/*.xml tests in /home/travis/build/icyphy/ptII/ptolemy/actor/lib/test
AutoTests.java: About to close Vertx.
AutoTests.java: Vertx closed.

===========================================================================================
----------------- testing Sun Aug 25 05:33:32 UTC 2019 /home/travis/build/icyphy/ptII/ptolemy/actor/lib/test/auto/AbsoluteValue.xml
----------------- Instantiating /home/travis/build/icyphy/ptII/ptolemy/actor/lib/test/auto/AbsoluteValue.xml
4 ms. Memory: 267264K Free: 178925K (67%)
----------------- Invoking toplevel() on ptolemy.moml.MoMLSimpleApplication@1ad5ac04
----------------- Done invoking toplevel() on ptolemy.moml.MoMLSimpleApplication@1ad5ac04
reloadAllAccessors: .AbsoluteValue

===========================================================================================
----------------- testing Sun Aug 25 05:33:32 UTC 2019 /home/travis/build/icyphy/ptII/ptolemy/actor/lib/test/auto/AbsoluteValue2.xml
----------------- Instantiating /home/travis/build/icyphy/ptII/ptolemy/actor/lib/test/auto/AbsoluteValue2.xml
12 ms. Memory: 267264K Free: 171757K (64%)
----------------- Invoking toplevel() on ptolemy.moml.MoMLSimpleApplication@20d70d79
----------------- Done invoking toplevel() on ptolemy.moml.MoMLSimpleApplication@20d70d79
reloadAllAccessors: .AbsoluteValue2

===========================================================================================
----------------- testing Sun Aug 25 05:33:32 UTC 2019 /home/travis/build/icyphy/ptII/ptolemy/actor/lib/test/auto/Accumulator.xml
----------------- Instantiating /home/travis/build/icyphy/ptII/ptolemy/actor/lib/test/auto/Accumulator.xml
6 ms. Memory: 267264K Free: 165613K (62%)
----------------- Invoking toplevel() on ptolemy.moml.MoMLSimpleApplication@7e5e507
----------------- Done invoking toplevel() on ptolemy.moml.MoMLSimpleApplication@7e5e507
reloadAllAccessors: .Accumulator

===========================================================================================
----------------- testing Sun Aug 25 05:33:32 UTC 2019 /home/travis/build/icyphy/ptII/ptolemy/actor/lib/test/auto/Accumulator2.xml
----------------- Instantiating /home/travis/build/icyphy/ptII/ptolemy/actor/lib/test/auto/Accumulator2.xml
3 ms. Memory: 267264K Free: 159979K (60%)
----------------- Invoking toplevel() on ptolemy.moml.MoMLSimpleApplication@4e79415b
----------------- Done invoking toplevel() on ptolemy.moml.MoMLSimpleApplication@4e79415b
reloadAllAccessors: .Accumulator2

===========================================================================================
----------------- testing Sun Aug 25 05:33:32 UTC 2019 /home/travis/build/icyphy/ptII/ptolemy/actor/lib/test/auto/Accumulator3.xml
----------------- Instantiating /home/travis/build/icyphy/ptII/ptolemy/actor/lib/test/auto/Accumulator3.xml
3 ms. Memory: 267264K Free: 155883K (58%)
----------------- Invoking toplevel() on ptolemy.moml.MoMLSimpleApplication@6e70ee1b
----------------- Done invoking toplevel() on ptolemy.moml.MoMLSimpleApplication@6e70ee1b
reloadAllAccessors: .Accumulator3

===========================================================================================
----------------- testing Sun Aug 25 05:33:32 UTC 2019 /home/travis/build/icyphy/ptII/ptolemy/actor/lib/test/auto/ArrayAppend.xml
----------------- Instantiating /home/travis/build/icyphy/ptII/ptolemy/actor/lib/test/auto/ArrayAppend.xml
7 ms. Memory: 267264K Free: 150253K (56%)
----------------- Invoking toplevel() on ptolemy.moml.MoMLSimpleApplication@86415ed
----------------- Done invoking toplevel() on ptolemy.moml.MoMLSimpleApplication@86415ed
reloadAllAccessors: .ArrayAppend

===========================================================================================
----------------- testing Sun Aug 25 05:33:32 UTC 2019 /home/travis/build/icyphy/ptII/ptolemy/actor/lib/test/auto/ArrayAppend2.xml
----------------- Instantiating /home/travis/build/icyphy/ptII/ptolemy/actor/lib/test/auto/ArrayAppend2.xml
485 ms. Memory: 267264K Free: 204792K (77%)
----------------- Invoking toplevel() on ptolemy.moml.MoMLSimpleApplication@2f9aeddd
----------------- Done invoking toplevel() on ptolemy.moml.MoMLSimpleApplication@2f9aeddd
reloadAllAccessors: .ArrayAppend2

===========================================================================================
----------------- testing Sun Aug 25 05:33:32 UTC 2019 /home/travis/build/icyphy/ptII/ptolemy/actor/lib/test/auto/ArrayAppend3.xml
----------------- Instantiating /home/travis/build/icyphy/ptII/ptolemy/actor/lib/test/auto/ArrayAppend3.xml
8 ms. Memory: 267264K Free: 198648K (74%)
----------------- Invoking toplevel() on ptolemy.moml.MoMLSimpleApplication@323bdd41
----------------- Done invoking toplevel() on ptolemy.moml.MoMLSimpleApplication@323bdd41
reloadAllAccessors: .ArrayAppend3

===========================================================================================
----------------- testing Sun Aug 25 05:33:32 UTC 2019 /home/travis/build/icyphy/ptII/ptolemy/actor/lib/test/auto/ArrayAppend4.xml
----------------- Instantiating /home/travis/build/icyphy/ptII/ptolemy/actor/lib/test/auto/ArrayAppend4.xml
3 ms. Memory: 267264K Free: 193528K (72%)
----------------- Invoking toplevel() on ptolemy.moml.MoMLSimpleApplication@4d06bba3
----------------- Done invoking toplevel() on ptolemy.moml.MoMLSimpleApplication@4d06bba3
reloadAllAccessors: .ArrayAppend4

===========================================================================================
----------------- testing Sun Aug 25 05:33:33 UTC 2019 /home/travis/build/icyphy/ptII/ptolemy/actor/lib/test/auto/ArrayAppend5.xml
----------------- Instantiating /home/travis/build/icyphy/ptII/ptolemy/actor/lib/test/auto/ArrayAppend5.xml
5 ms. Memory: 267264K Free: 188408K (70%)
----------------- Invoking toplevel() on ptolemy.moml.MoMLSimpleApplication@327f4e1d
----------------- Done invoking toplevel() on ptolemy.moml.MoMLSimpleApplication@327f4e1d
reloadAllAccessors: .ArrayAppend5

===========================================================================================
----------------- testing Sun Aug 25 05:33:33 UTC 2019 /home/travis/build/icyphy/ptII/ptolemy/actor/lib/test/auto/ArrayAppend6.xml
----------------- Instantiating /home/travis/build/icyphy/ptII/ptolemy/actor/lib/test/auto/ArrayAppend6.xml
3 ms. Memory: 267264K Free: 182778K (68%)
----------------- Invoking toplevel() on ptolemy.moml.MoMLSimpleApplication@1b39427f
----------------- Done invoking toplevel() on ptolemy.moml.MoMLSimpleApplication@1b39427f
reloadAllAccessors: .ArrayAppend6

===========================================================================================
----------------- testing Sun Aug 25 05:33:33 UTC 2019 /home/travis/build/icyphy/ptII/ptolemy/actor/lib/test/auto/ArrayAppendPerformanceTest.xml
----------------- Instantiating /home/travis/build/icyphy/ptII/ptolemy/actor/lib/test/auto/ArrayAppendPerformanceTest.xml
41 ms. Memory: 267264K Free: 172024K (64%)
----------------- Invoking toplevel() on ptolemy.moml.MoMLSimpleApplication@66c86938
----------------- Done invoking toplevel() on ptolemy.moml.MoMLSimpleApplication@66c86938
reloadAllAccessors: .ArrayAppendPerformanceTest

===========================================================================================
----------------- testing Sun Aug 25 05:33:33 UTC 2019 /home/travis/build/icyphy/ptII/ptolemy/actor/lib/test/auto/ArrayAppendWithEmptyInput.xml
----------------- Instantiating /home/travis/build/icyphy/ptII/ptolemy/actor/lib/test/auto/ArrayAppendWithEmptyInput.xml
9 ms. Memory: 267264K Free: 163832K (61%)
----------------- Invoking toplevel() on ptolemy.moml.MoMLSimpleApplication@26fdeb58
----------------- Done invoking toplevel() on ptolemy.moml.MoMLSimpleApplication@26fdeb58
reloadAllAccessors: .ArrayAppendWithEmptyInput

===========================================================================================
----------------- testing Sun Aug 25 05:33:33 UTC 2019 /home/travis/build/icyphy/ptII/ptolemy/actor/lib/test/auto/ArrayAverage.xml
----------------- Instantiating /home/travis/build/icyphy/ptII/ptolemy/actor/lib/test/auto/ArrayAverage.xml
5 ms. Memory: 267264K Free: 156154K (58%)
----------------- Invoking toplevel() on ptolemy.moml.MoMLSimpleApplication@5aa9b3e9
----------------- Done invoking toplevel() on ptolemy.moml.MoMLSimpleApplication@5aa9b3e9
reloadAllAccessors: .ArrayAverage

===========================================================================================
----------------- testing Sun Aug 25 05:33:33 UTC 2019 /home/travis/build/icyphy/ptII/ptolemy/actor/lib/test/auto/ArrayContains.xml
----------------- Instantiating /home/travis/build/icyphy/ptII/ptolemy/actor/lib/test/auto/ArrayContains.xml
5 ms. Memory: 267264K Free: 150010K (56%)
----------------- Invoking toplevel() on ptolemy.moml.MoMLSimpleApplication@781d5d3f
----------------- Done invoking toplevel() on ptolemy.moml.MoMLSimpleApplication@781d5d3f
reloadAllAccessors: .ArrayContains

===========================================================================================
----------------- testing Sun Aug 25 05:33:33 UTC 2019 /home/travis/build/icyphy/ptII/ptolemy/actor/lib/test/auto/ArrayElement.xml
----------------- Instantiating /home/travis/build/icyphy/ptII/ptolemy/actor/lib/test/auto/ArrayElement.xml
3 ms. Memory: 267264K Free: 144890K (54%)
----------------- Invoking toplevel() on ptolemy.moml.MoMLSimpleApplication@6f17a749
----------------- Done invoking toplevel() on ptolemy.moml.MoMLSimpleApplication@6f17a749
reloadAllAccessors: .ArrayElement

===========================================================================================
----------------- testing Sun Aug 25 05:33:33 UTC 2019 /home/travis/build/icyphy/ptII/ptolemy/actor/lib/test/auto/ArrayElementAsMatrix.xml
----------------- Instantiating /home/travis/build/icyphy/ptII/ptolemy/actor/lib/test/auto/ArrayElementAsMatrix.xml
10 ms. Memory: 267264K Free: 134650K (50%)
----------------- Invoking toplevel() on ptolemy.moml.MoMLSimpleApplication@6be480e4
----------------- Done invoking toplevel() on ptolemy.moml.MoMLSimpleApplication@6be480e4
reloadAllAccessors: .ArrayElementAsMatrix

===========================================================================================
----------------- testing Sun Aug 25 05:33:33 UTC 2019 /home/travis/build/icyphy/ptII/ptolemy/actor/lib/test/auto/ArrayElementI.xml
----------------- Instantiating /home/travis/build/icyphy/ptII/ptolemy/actor/lib/test/auto/ArrayElementI.xml
6 ms. Memory: 267264K Free: 129016K (48%)
----------------- Invoking toplevel() on ptolemy.moml.MoMLSimpleApplication@338c3194
----------------- Done invoking toplevel() on ptolemy.moml.MoMLSimpleApplication@338c3194
reloadAllAccessors: .ArrayElementI

===========================================================================================
----------------- testing Sun Aug 25 05:33:33 UTC 2019 /home/travis/build/icyphy/ptII/ptolemy/actor/lib/test/auto/ArrayExtract.xml
----------------- Instantiating /home/travis/build/icyphy/ptII/ptolemy/actor/lib/test/auto/ArrayExtract.xml
5 ms. Memory: 267264K Free: 120824K (45%)
----------------- Invoking toplevel() on ptolemy.moml.MoMLSimpleApplication@73c76b58
----------------- Done invoking toplevel() on ptolemy.moml.MoMLSimpleApplication@73c76b58
reloadAllAccessors: .ArrayExtract

===========================================================================================
----------------- testing Sun Aug 25 05:33:33 UTC 2019 /home/travis/build/icyphy/ptII/ptolemy/actor/lib/test/auto/ArrayExtract2.xml
----------------- Instantiating /home/travis/build/icyphy/ptII/ptolemy/actor/lib/test/auto/ArrayExtract2.xml
5 ms. Memory: 267264K Free: 115194K (43%)
----------------- Invoking toplevel() on ptolemy.moml.MoMLSimpleApplication@42cb325d
----------------- Done invoking toplevel() on ptolemy.moml.MoMLSimpleApplication@42cb325d
reloadAllAccessors: .ArrayExtract2

===========================================================================================
----------------- testing Sun Aug 25 05:33:33 UTC 2019 /home/travis/build/icyphy/ptII/ptolemy/actor/lib/test/auto/ArrayLength.xml
----------------- Instantiating /home/travis/build/icyphy/ptII/ptolemy/actor/lib/test/auto/ArrayLength.xml
4 ms. Memory: 267264K Free: 111608K (42%)
----------------- Invoking toplevel() on ptolemy.moml.MoMLSimpleApplication@333213f2
----------------- Done invoking toplevel() on ptolemy.moml.MoMLSimpleApplication@333213f2
reloadAllAccessors: .ArrayLength

===========================================================================================
----------------- testing Sun Aug 25 05:33:33 UTC 2019 /home/travis/build/icyphy/ptII/ptolemy/actor/lib/test/auto/ArrayLevelCrossing.xml
----------------- Instantiating /home/travis/build/icyphy/ptII/ptolemy/actor/lib/test/auto/ArrayLevelCrossing.xml
3 ms. Memory: 267264K Free: 103416K (39%)
----------------- Invoking toplevel() on ptolemy.moml.MoMLSimpleApplication@7d505b40
----------------- Done invoking toplevel() on ptolemy.moml.MoMLSimpleApplication@7d505b40
reloadAllAccessors: .ArrayLevelCrossing

===========================================================================================
----------------- testing Sun Aug 25 05:33:33 UTC 2019 /home/travis/build/icyphy/ptII/ptolemy/actor/lib/test/auto/ArrayLevelCrossing2.xml
----------------- Instantiating /home/travis/build/icyphy/ptII/ptolemy/actor/lib/test/auto/ArrayLevelCrossing2.xml
6 ms. Memory: 267264K Free: 96762K (36%)
----------------- Invoking toplevel() on ptolemy.moml.MoMLSimpleApplication@8c3f277
----------------- Done invoking toplevel() on ptolemy.moml.MoMLSimpleApplication@8c3f277
reloadAllAccessors: .ArrayLevelCrossing2

===========================================================================================
----------------- testing Sun Aug 25 05:33:33 UTC 2019 /home/travis/build/icyphy/ptII/ptolemy/actor/lib/test/auto/ArrayPeakSearch.xml
----------------- Instantiating /home/travis/build/icyphy/ptII/ptolemy/actor/lib/test/auto/ArrayPeakSearch.xml
12 ms. Memory: 267264K Free: 87546K (33%)
----------------- Invoking toplevel() on ptolemy.moml.MoMLSimpleApplication@59166ef8
----------------- Done invoking toplevel() on ptolemy.moml.MoMLSimpleApplication@59166ef8
reloadAllAccessors: .ArrayPeakSearch

===========================================================================================
----------------- testing Sun Aug 25 05:33:33 UTC 2019 /home/travis/build/icyphy/ptII/ptolemy/actor/lib/test/auto/ArrayPeakSearch2.xml
----------------- Instantiating /home/travis/build/icyphy/ptII/ptolemy/actor/lib/test/auto/ArrayPeakSearch2.xml
5 ms. Memory: 267264K Free: 77306K (29%)
----------------- Invoking toplevel() on ptolemy.moml.MoMLSimpleApplication@329b2eb4
----------------- Done invoking toplevel() on ptolemy.moml.MoMLSimpleApplication@329b2eb4
reloadAllAccessors: .ArrayPeakSearch2

===========================================================================================
----------------- testing Sun Aug 25 05:33:33 UTC 2019 /home/travis/build/icyphy/ptII/ptolemy/actor/lib/test/auto/ArrayPeakSearch3.xml
----------------- Instantiating /home/travis/build/icyphy/ptII/ptolemy/actor/lib/test/auto/ArrayPeakSearch3.xml
8 ms. Memory: 267264K Free: 68090K (25%)
----------------- Invoking toplevel() on ptolemy.moml.MoMLSimpleApplication@767c8941
----------------- Done invoking toplevel() on ptolemy.moml.MoMLSimpleApplication@767c8941
reloadAllAccessors: .ArrayPeakSearch3

===========================================================================================
----------------- testing Sun Aug 25 05:33:33 UTC 2019 /home/travis/build/icyphy/ptII/ptolemy/actor/lib/test/auto/ArrayRemoveElement.xml
----------------- Instantiating /home/travis/build/icyphy/ptII/ptolemy/actor/lib/test/auto/ArrayRemoveElement.xml
4 ms. Memory: 529408K Free: 479224K (91%)
----------------- Invoking toplevel() on ptolemy.moml.MoMLSimpleApplication@6ee3269a
----------------- Done invoking toplevel() on ptolemy.moml.MoMLSimpleApplication@6ee3269a
reloadAllAccessors: .ArrayRemoveElement

===========================================================================================
----------------- testing Sun Aug 25 05:33:33 UTC 2019 /home/travis/build/icyphy/ptII/ptolemy/actor/lib/test/auto/ArraySort.xml
----------------- Instantiating /home/travis/build/icyphy/ptII/ptolemy/actor/lib/test/auto/ArraySort.xml
8 ms. Memory: 529408K Free: 470008K (89%)
----------------- Invoking toplevel() on ptolemy.moml.MoMLSimpleApplication@f3fdac1
----------------- Done invoking toplevel() on ptolemy.moml.MoMLSimpleApplication@f3fdac1
reloadAllAccessors: .ArraySort

===========================================================================================
----------------- testing Sun Aug 25 05:33:33 UTC 2019 /home/travis/build/icyphy/ptII/ptolemy/actor/lib/test/auto/ArraySum.xml
----------------- Instantiating /home/travis/build/icyphy/ptII/ptolemy/actor/lib/test/auto/ArraySum.xml
7 ms. Memory: 529408K Free: 464888K (88%)
----------------- Invoking toplevel() on ptolemy.moml.MoMLSimpleApplication@eb817cf
----------------- Done invoking toplevel() on ptolemy.moml.MoMLSimpleApplication@eb817cf
reloadAllAccessors: .ArraySum

===========================================================================================
----------------- testing Sun Aug 25 05:33:33 UTC 2019 /home/travis/build/icyphy/ptII/ptolemy/actor/lib/test/auto/ArrayToElements.xml
----------------- Instantiating /home/travis/build/icyphy/ptII/ptolemy/actor/lib/test/auto/ArrayToElements.xml
10 ms. Memory: 529408K Free: 459258K (87%)
----------------- Invoking toplevel() on ptolemy.moml.MoMLSimpleApplication@5cc1aa98
----------------- Done invoking toplevel() on ptolemy.moml.MoMLSimpleApplication@5cc1aa98
reloadAllAccessors: .ArrayToElements

===========================================================================================
----------------- testing Sun Aug 25 05:33:33 UTC 2019 /home/travis/build/icyphy/ptII/ptolemy/actor/lib/test/auto/ArrayToMatrix.xml
----------------- Instantiating /home/travis/build/icyphy/ptII/ptolemy/actor/lib/test/auto/ArrayToMatrix.xml
13 ms. Memory: 529408K Free: 444922K (84%)
----------------- Invoking toplevel() on ptolemy.moml.MoMLSimpleApplication@2f2deb62
----------------- Done invoking toplevel() on ptolemy.moml.MoMLSimpleApplication@2f2deb62
reloadAllAccessors: .ArrayToMatrix

===========================================================================================
----------------- testing Sun Aug 25 05:33:33 UTC 2019 /home/travis/build/icyphy/ptII/ptolemy/actor/lib/test/auto/ArrayUpdate1.xml
----------------- Instantiating /home/travis/build/icyphy/ptII/ptolemy/actor/lib/test/auto/ArrayUpdate1.xml
5 ms. Memory: 529408K Free: 439802K (83%)
----------------- Invoking toplevel() on ptolemy.moml.MoMLSimpleApplication@276e3734
----------------- Done invoking toplevel() on ptolemy.moml.MoMLSimpleApplication@276e3734
reloadAllAccessors: .ArrayUpdate1

===========================================================================================
----------------- testing Sun Aug 25 05:33:33 UTC 2019 /home/travis/build/icyphy/ptII/ptolemy/actor/lib/test/auto/ArrayUpdate2.xml
----------------- Instantiating /home/travis/build/icyphy/ptII/ptolemy/actor/lib/test/auto/ArrayUpdate2.xml
8 ms. Memory: 529408K Free: 433658K (82%)
----------------- Invoking toplevel() on ptolemy.moml.MoMLSimpleApplication@4e82256
----------------- Done invoking toplevel() on ptolemy.moml.MoMLSimpleApplication@4e82256
reloadAllAccessors: .ArrayUpdate2

===========================================================================================
----------------- testing Sun Aug 25 05:33:34 UTC 2019 /home/travis/build/icyphy/ptII/ptolemy/actor/lib/test/auto/ArrayUpdate3.xml
----------------- Instantiating /home/travis/build/icyphy/ptII/ptolemy/actor/lib/test/auto/ArrayUpdate3.xml
5 ms. Memory: 529408K Free: 428538K (81%)
----------------- Invoking toplevel() on ptolemy.moml.MoMLSimpleApplication@53afe613
----------------- Done invoking toplevel() on ptolemy.moml.MoMLSimpleApplication@53afe613
reloadAllAccessors: .ArrayUpdate3

===========================================================================================
----------------- testing Sun Aug 25 05:33:34 UTC 2019 /home/travis/build/icyphy/ptII/ptolemy/actor/lib/test/auto/Assert1.xml
----------------- Instantiating /home/travis/build/icyphy/ptII/ptolemy/actor/lib/test/auto/Assert1.xml
6 ms. Memory: 529408K Free: 424442K (80%)
----------------- Invoking toplevel() on ptolemy.moml.MoMLSimpleApplication@349552ef
----------------- Done invoking toplevel() on ptolemy.moml.MoMLSimpleApplication@349552ef
reloadAllAccessors: .Assert1

===========================================================================================
----------------- testing Sun Aug 25 05:33:34 UTC 2019 /home/travis/build/icyphy/ptII/ptolemy/actor/lib/test/auto/Assert2.xml
----------------- Instantiating /home/travis/build/icyphy/ptII/ptolemy/actor/lib/test/auto/Assert2.xml
10 ms. Memory: 529408K Free: 418808K (79%)
----------------- Invoking toplevel() on ptolemy.moml.MoMLSimpleApplication@7baf2d4e
----------------- Done invoking toplevel() on ptolemy.moml.MoMLSimpleApplication@7baf2d4e
reloadAllAccessors: .Assert2

===========================================================================================
----------------- testing Sun Aug 25 05:33:34 UTC 2019 /home/travis/build/icyphy/ptII/ptolemy/actor/lib/test/auto/BooleanMultiplexor.xml
----------------- Instantiating /home/travis/build/icyphy/ptII/ptolemy/actor/lib/test/auto/BooleanMultiplexor.xml
2 ms. Memory: 529408K Free: 413674K (78%)
----------------- Invoking toplevel() on ptolemy.moml.MoMLSimpleApplication@569b9850
----------------- Done invoking toplevel() on ptolemy.moml.MoMLSimpleApplication@569b9850
reloadAllAccessors: .BooleanMultiplexor

===========================================================================================
----------------- testing Sun Aug 25 05:33:34 UTC 2019 /home/travis/build/icyphy/ptII/ptolemy/actor/lib/test/auto/BooleanMultiplexor2.xml
----------------- Instantiating /home/travis/build/icyphy/ptII/ptolemy/actor/lib/test/auto/BooleanMultiplexor2.xml
11 ms. Memory: 529408K Free: 407034K (77%)
----------------- Invoking toplevel() on ptolemy.moml.MoMLSimpleApplication@3fc16cfc
----------------- Done invoking toplevel() on ptolemy.moml.MoMLSimpleApplication@3fc16cfc
reloadAllAccessors: .BooleanMultiplexor2

===========================================================================================
----------------- testing Sun Aug 25 05:33:34 UTC 2019 /home/travis/build/icyphy/ptII/ptolemy/actor/lib/test/auto/BooleanMultiplexor3.xml
----------------- Instantiating /home/travis/build/icyphy/ptII/ptolemy/actor/lib/test/auto/BooleanMultiplexor3.xml
4 ms. Memory: 529408K Free: 403448K (76%)
----------------- Invoking toplevel() on ptolemy.moml.MoMLSimpleApplication@f648949
----------------- Done invoking toplevel() on ptolemy.moml.MoMLSimpleApplication@f648949
reloadAllAccessors: .BooleanMultiplexor3

===========================================================================================
----------------- testing Sun Aug 25 05:33:34 UTC 2019 /home/travis/build/icyphy/ptII/ptolemy/actor/lib/test/auto/BooleanSelect.xml
----------------- Instantiating /home/travis/build/icyphy/ptII/ptolemy/actor/lib/test/auto/BooleanSelect.xml
8 ms. Memory: 529408K Free: 397274K (75%)
----------------- Invoking toplevel() on ptolemy.moml.MoMLSimpleApplication@466b1d11
----------------- Done invoking toplevel() on ptolemy.moml.MoMLSimpleApplication@466b1d11
reloadAllAccessors: .BooleanSelect

===========================================================================================
----------------- testing Sun Aug 25 05:33:34 UTC 2019 /home/travis/build/icyphy/ptII/ptolemy/actor/lib/test/auto/BooleanSelect2.xml
----------------- Instantiating /home/travis/build/icyphy/ptII/ptolemy/actor/lib/test/auto/BooleanSelect2.xml
4 ms. Memory: 529408K Free: 392698K (74%)
----------------- Invoking toplevel() on ptolemy.moml.MoMLSimpleApplication@5d9c1166
----------------- Done invoking toplevel() on ptolemy.moml.MoMLSimpleApplication@5d9c1166
reloadAllAccessors: .BooleanSelect2

===========================================================================================
----------------- testing Sun Aug 25 05:33:34 UTC 2019 /home/travis/build/icyphy/ptII/ptolemy/actor/lib/test/auto/BooleanSwitch.xml
----------------- Instantiating /home/travis/build/icyphy/ptII/ptolemy/actor/lib/test/auto/BooleanSwitch.xml
18 ms. Memory: 529408K Free: 387064K (73%)
----------------- Invoking toplevel() on ptolemy.moml.MoMLSimpleApplication@676ec51f
----------------- Done invoking toplevel() on ptolemy.moml.MoMLSimpleApplication@676ec51f
reloadAllAccessors: .BooleanSwitch

===========================================================================================
----------------- testing Sun Aug 25 05:33:34 UTC 2019 /home/travis/build/icyphy/ptII/ptolemy/actor/lib/test/auto/BooleanSwitch2.xml
----------------- Instantiating /home/travis/build/icyphy/ptII/ptolemy/actor/lib/test/auto/BooleanSwitch2.xml
2 ms. Memory: 529408K Free: 382458K (72%)
----------------- Invoking toplevel() on ptolemy.moml.MoMLSimpleApplication@6169c9e2
----------------- Done invoking toplevel() on ptolemy.moml.MoMLSimpleApplication@6169c9e2
reloadAllAccessors: .BooleanSwitch2

===========================================================================================
----------------- testing Sun Aug 25 05:33:34 UTC 2019 /home/travis/build/icyphy/ptII/ptolemy/actor/lib/test/auto/BooleanSwitchCloningBugWithClassRelationGroup.xml
----------------- Instantiating /home/travis/build/icyphy/ptII/ptolemy/actor/lib/test/auto/BooleanSwitchCloningBugWithClassRelationGroup.xml
4 ms. Memory: 529408K Free: 376824K (71%)
----------------- Invoking toplevel() on ptolemy.moml.MoMLSimpleApplication@486af4ae
----------------- Done invoking toplevel() on ptolemy.moml.MoMLSimpleApplication@486af4ae
reloadAllAccessors: .BooleanSwitchCloningBugWithClassRelationGroup

===========================================================================================
----------------- testing Sun Aug 25 05:33:34 UTC 2019 /home/travis/build/icyphy/ptII/ptolemy/actor/lib/test/auto/BusActors.xml
----------------- Instantiating /home/travis/build/icyphy/ptII/ptolemy/actor/lib/test/auto/BusActors.xml
6 ms. Memory: 529408K Free: 368632K (70%)
----------------- Invoking toplevel() on ptolemy.moml.MoMLSimpleApplication@5e9a0d14
----------------- Done invoking toplevel() on ptolemy.moml.MoMLSimpleApplication@5e9a0d14
reloadAllAccessors: .BusActors

===========================================================================================
----------------- testing Sun Aug 25 05:33:34 UTC 2019 /home/travis/build/icyphy/ptII/ptolemy/actor/lib/test/auto/ClassWrapper.xml
----------------- Instantiating /home/travis/build/icyphy/ptII/ptolemy/actor/lib/test/auto/ClassWrapper.xml
3 ms. Memory: 529408K Free: 364536K (69%)
----------------- Invoking toplevel() on ptolemy.moml.MoMLSimpleApplication@495e9ab5
----------------- Done invoking toplevel() on ptolemy.moml.MoMLSimpleApplication@495e9ab5
reloadAllAccessors: .ClassWrapper

===========================================================================================
----------------- testing Sun Aug 25 05:33:34 UTC 2019 /home/travis/build/icyphy/ptII/ptolemy/actor/lib/test/auto/Clock.xml
----------------- Instantiating /home/travis/build/icyphy/ptII/ptolemy/actor/lib/test/auto/Clock.xml
2 ms. Memory: 529408K Free: 360440K (68%)
----------------- Invoking toplevel() on ptolemy.moml.MoMLSimpleApplication@57087ff6
----------------- Done invoking toplevel() on ptolemy.moml.MoMLSimpleApplication@57087ff6
reloadAllAccessors: .Clock

===========================================================================================
----------------- testing Sun Aug 25 05:33:34 UTC 2019 /home/travis/build/icyphy/ptII/ptolemy/actor/lib/test/auto/Clock10.xml
----------------- Instantiating /home/travis/build/icyphy/ptII/ptolemy/actor/lib/test/auto/Clock10.xml
2 ms. Memory: 529408K Free: 354810K (67%)
----------------- Invoking toplevel() on ptolemy.moml.MoMLSimpleApplication@7b874ab9
----------------- Done invoking toplevel() on ptolemy.moml.MoMLSimpleApplication@7b874ab9
reloadAllAccessors: .Clock10

===========================================================================================
----------------- testing Sun Aug 25 05:33:34 UTC 2019 /home/travis/build/icyphy/ptII/ptolemy/actor/lib/test/auto/Clock11.xml
----------------- Instantiating /home/travis/build/icyphy/ptII/ptolemy/actor/lib/test/auto/Clock11.xml
3 ms. Memory: 529408K Free: 348666K (66%)
----------------- Invoking toplevel() on ptolemy.moml.MoMLSimpleApplication@685d0636
----------------- Done invoking toplevel() on ptolemy.moml.MoMLSimpleApplication@685d0636
reloadAllAccessors: .Clock11

===========================================================================================
----------------- testing Sun Aug 25 05:33:34 UTC 2019 /home/travis/build/icyphy/ptII/ptolemy/actor/lib/test/auto/Clock12.xml
----------------- Instantiating /home/travis/build/icyphy/ptII/ptolemy/actor/lib/test/auto/Clock12.xml
5 ms. Memory: 529408K Free: 343032K (65%)
----------------- Invoking toplevel() on ptolemy.moml.MoMLSimpleApplication@773d2020
----------------- Done invoking toplevel() on ptolemy.moml.MoMLSimpleApplication@773d2020
reloadAllAccessors: .Clock12

===========================================================================================
----------------- testing Sun Aug 25 05:33:34 UTC 2019 /home/travis/build/icyphy/ptII/ptolemy/actor/lib/test/auto/Clock13.xml
----------------- Instantiating /home/travis/build/icyphy/ptII/ptolemy/actor/lib/test/auto/Clock13.xml
5 ms. Memory: 529408K Free: 336858K (64%)
----------------- Invoking toplevel() on ptolemy.moml.MoMLSimpleApplication@53efd7f1
----------------- Done invoking toplevel() on ptolemy.moml.MoMLSimpleApplication@53efd7f1
reloadAllAccessors: .Clock13

===========================================================================================
----------------- testing Sun Aug 25 05:33:34 UTC 2019 /home/travis/build/icyphy/ptII/ptolemy/actor/lib/test/auto/Clock14.xml
----------------- Instantiating /home/travis/build/icyphy/ptII/ptolemy/actor/lib/test/auto/Clock14.xml
4 ms. Memory: 529408K Free: 331258K (63%)
----------------- Invoking toplevel() on ptolemy.moml.MoMLSimpleApplication@23879281
----------------- Done invoking toplevel() on ptolemy.moml.MoMLSimpleApplication@23879281
reloadAllAccessors: .Clock14

===========================================================================================
----------------- testing Sun Aug 25 05:33:34 UTC 2019 /home/travis/build/icyphy/ptII/ptolemy/actor/lib/test/auto/Clock15.xml
----------------- Instantiating /home/travis/build/icyphy/ptII/ptolemy/actor/lib/test/auto/Clock15.xml
4 ms. Memory: 529408K Free: 325114K (61%)
----------------- Invoking toplevel() on ptolemy.moml.MoMLSimpleApplication@62a28d87
----------------- Done invoking toplevel() on ptolemy.moml.MoMLSimpleApplication@62a28d87
reloadAllAccessors: .Clock15

===========================================================================================
----------------- testing Sun Aug 25 05:33:34 UTC 2019 /home/travis/build/icyphy/ptII/ptolemy/actor/lib/test/auto/Clock16.xml
----------------- Instantiating /home/travis/build/icyphy/ptII/ptolemy/actor/lib/test/auto/Clock16.xml
35 ms. Memory: 529408K Free: 310250K (59%)
----------------- Invoking toplevel() on ptolemy.moml.MoMLSimpleApplication@5c6031a2
----------------- Done invoking toplevel() on ptolemy.moml.MoMLSimpleApplication@5c6031a2
reloadAllAccessors: .Clock16

===========================================================================================
----------------- testing Sun Aug 25 05:33:34 UTC 2019 /home/travis/build/icyphy/ptII/ptolemy/actor/lib/test/auto/Clock17.xml
----------------- Instantiating /home/travis/build/icyphy/ptII/ptolemy/actor/lib/test/auto/Clock17.xml
23 ms. Memory: 529408K Free: 295914K (56%)
----------------- Invoking toplevel() on ptolemy.moml.MoMLSimpleApplication@2282ec13
----------------- Done invoking toplevel() on ptolemy.moml.MoMLSimpleApplication@2282ec13
reloadAllAccessors: .Clock17

===========================================================================================
----------------- testing Sun Aug 25 05:33:34 UTC 2019 /home/travis/build/icyphy/ptII/ptolemy/actor/lib/test/auto/Clock18.xml
----------------- Instantiating /home/travis/build/icyphy/ptII/ptolemy/actor/lib/test/auto/Clock18.xml
15 ms. Memory: 529408K Free: 282602K (53%)
----------------- Invoking toplevel() on ptolemy.moml.MoMLSimpleApplication@76be9ae0
----------------- Done invoking toplevel() on ptolemy.moml.MoMLSimpleApplication@76be9ae0
reloadAllAccessors: .Clock18

===========================================================================================
----------------- testing Sun Aug 25 05:33:34 UTC 2019 /home/travis/build/icyphy/ptII/ptolemy/actor/lib/test/auto/Clock19.xml
----------------- Instantiating /home/travis/build/icyphy/ptII/ptolemy/actor/lib/test/auto/Clock19.xml
15 ms. Memory: 529408K Free: 269818K (51%)
----------------- Invoking toplevel() on ptolemy.moml.MoMLSimpleApplication@19a7fae8
----------------- Done invoking toplevel() on ptolemy.moml.MoMLSimpleApplication@19a7fae8
reloadAllAccessors: .Clock19

===========================================================================================
----------------- testing Sun Aug 25 05:33:34 UTC 2019 /home/travis/build/icyphy/ptII/ptolemy/actor/lib/test/auto/Clock2.xml
----------------- Instantiating /home/travis/build/icyphy/ptII/ptolemy/actor/lib/test/auto/Clock2.xml
17 ms. Memory: 529408K Free: 482053K (91%)
----------------- Invoking toplevel() on ptolemy.moml.MoMLSimpleApplication@39944528
----------------- Done invoking toplevel() on ptolemy.moml.MoMLSimpleApplication@39944528
reloadAllAccessors: .Clock2

===========================================================================================
----------------- testing Sun Aug 25 05:33:34 UTC 2019 /home/travis/build/icyphy/ptII/ptolemy/actor/lib/test/auto/Clock20.xml
----------------- Instantiating /home/travis/build/icyphy/ptII/ptolemy/actor/lib/test/auto/Clock20.xml
6 ms. Memory: 529408K Free: 475909K (90%)
----------------- Invoking toplevel() on ptolemy.moml.MoMLSimpleApplication@745ffe64
----------------- Done invoking toplevel() on ptolemy.moml.MoMLSimpleApplication@745ffe64
reloadAllAccessors: .Clock20

===========================================================================================
----------------- testing Sun Aug 25 05:33:34 UTC 2019 /home/travis/build/icyphy/ptII/ptolemy/actor/lib/test/auto/Clock21.xml
----------------- Instantiating /home/travis/build/icyphy/ptII/ptolemy/actor/lib/test/auto/Clock21.xml
5 ms. Memory: 529408K Free: 470789K (89%)
----------------- Invoking toplevel() on ptolemy.moml.MoMLSimpleApplication@1391547c
----------------- Done invoking toplevel() on ptolemy.moml.MoMLSimpleApplication@1391547c
reloadAllAccessors: .Clock21

===========================================================================================
----------------- testing Sun Aug 25 05:33:34 UTC 2019 /home/travis/build/icyphy/ptII/ptolemy/actor/lib/test/auto/Clock22.xml
----------------- Instantiating /home/travis/build/icyphy/ptII/ptolemy/actor/lib/test/auto/Clock22.xml
5 ms. Memory: 529408K Free: 465155K (88%)
----------------- Invoking toplevel() on ptolemy.moml.MoMLSimpleApplication@41bafe28
----------------- Done invoking toplevel() on ptolemy.moml.MoMLSimpleApplication@41bafe28
reloadAllAccessors: .Clock22

===========================================================================================
----------------- testing Sun Aug 25 05:33:35 UTC 2019 /home/travis/build/icyphy/ptII/ptolemy/actor/lib/test/auto/Clock23.xml
----------------- Instantiating /home/travis/build/icyphy/ptII/ptolemy/actor/lib/test/auto/Clock23.xml
5 ms. Memory: 529408K Free: 460035K (87%)
----------------- Invoking toplevel() on ptolemy.moml.MoMLSimpleApplication@612ed965
----------------- Done invoking toplevel() on ptolemy.moml.MoMLSimpleApplication@612ed965
reloadAllAccessors: .Clock23

===========================================================================================
----------------- testing Sun Aug 25 05:33:35 UTC 2019 /home/travis/build/icyphy/ptII/ptolemy/actor/lib/test/auto/Clock24.xml
----------------- Instantiating /home/travis/build/icyphy/ptII/ptolemy/actor/lib/test/auto/Clock24.xml
4 ms. Memory: 529408K Free: 454405K (86%)
----------------- Invoking toplevel() on ptolemy.moml.MoMLSimpleApplication@20c71aa8
----------------- Done invoking toplevel() on ptolemy.moml.MoMLSimpleApplication@20c71aa8
reloadAllAccessors: .Clock24

===========================================================================================
----------------- testing Sun Aug 25 05:33:35 UTC 2019 /home/travis/build/icyphy/ptII/ptolemy/actor/lib/test/auto/Clock4.xml
----------------- Instantiating /home/travis/build/icyphy/ptII/ptolemy/actor/lib/test/auto/Clock4.xml
1 ms. Memory: 529408K Free: 449285K (85%)
----------------- Invoking toplevel() on ptolemy.moml.MoMLSimpleApplication@17927d67
----------------- Done invoking toplevel() on ptolemy.moml.MoMLSimpleApplication@17927d67
reloadAllAccessors: .Clock4

===========================================================================================
----------------- testing Sun Aug 25 05:33:35 UTC 2019 /home/travis/build/icyphy/ptII/ptolemy/actor/lib/test/auto/Clock5.xml
----------------- Instantiating /home/travis/build/icyphy/ptII/ptolemy/actor/lib/test/auto/Clock5.xml
2 ms. Memory: 529408K Free: 444165K (84%)
----------------- Invoking toplevel() on ptolemy.moml.MoMLSimpleApplication@266fff70
----------------- Done invoking toplevel() on ptolemy.moml.MoMLSimpleApplication@266fff70
reloadAllAccessors: .Clock5

===========================================================================================
----------------- testing Sun Aug 25 05:33:35 UTC 2019 /home/travis/build/icyphy/ptII/ptolemy/actor/lib/test/auto/Clock6.xml
----------------- Instantiating /home/travis/build/icyphy/ptII/ptolemy/actor/lib/test/auto/Clock6.xml
2 ms. Memory: 529408K Free: 439555K (83%)
----------------- Invoking toplevel() on ptolemy.moml.MoMLSimpleApplication@6d3827f1
----------------- Done invoking toplevel() on ptolemy.moml.MoMLSimpleApplication@6d3827f1
reloadAllAccessors: .Clock6

===========================================================================================
----------------- testing Sun Aug 25 05:33:35 UTC 2019 /home/travis/build/icyphy/ptII/ptolemy/actor/lib/test/auto/Clock7.xml
----------------- Instantiating /home/travis/build/icyphy/ptII/ptolemy/actor/lib/test/auto/Clock7.xml
2 ms. Memory: 529408K Free: 435459K (82%)
----------------- Invoking toplevel() on ptolemy.moml.MoMLSimpleApplication@18cf1460
----------------- Done invoking toplevel() on ptolemy.moml.MoMLSimpleApplication@18cf1460
reloadAllAccessors: .Clock7

===========================================================================================
----------------- testing Sun Aug 25 05:33:35 UTC 2019 /home/travis/build/icyphy/ptII/ptolemy/actor/lib/test/auto/Clock8.xml
----------------- Instantiating /home/travis/build/icyphy/ptII/ptolemy/actor/lib/test/auto/Clock8.xml
6 ms. Memory: 529408K Free: 429829K (81%)
----------------- Invoking toplevel() on ptolemy.moml.MoMLSimpleApplication@331e5b06
----------------- Done invoking toplevel() on ptolemy.moml.MoMLSimpleApplication@331e5b06
reloadAllAccessors: .Clock8

===========================================================================================
----------------- testing Sun Aug 25 05:33:35 UTC 2019 /home/travis/build/icyphy/ptII/ptolemy/actor/lib/test/auto/Clock9.xml
----------------- Instantiating /home/travis/build/icyphy/ptII/ptolemy/actor/lib/test/auto/Clock9.xml
5 ms. Memory: 529408K Free: 424165K (80%)
----------------- Invoking toplevel() on ptolemy.moml.MoMLSimpleApplication@7c263e6
----------------- Done invoking toplevel() on ptolemy.moml.MoMLSimpleApplication@7c263e6
reloadAllAccessors: .Clock9

===========================================================================================
----------------- testing Sun Aug 25 05:33:35 UTC 2019 /home/travis/build/icyphy/ptII/ptolemy/actor/lib/test/auto/CommDistDiscard.xml
----------------- Instantiating /home/travis/build/icyphy/ptII/ptolemy/actor/lib/test/auto/CommDistDiscard.xml
4 ms. Memory: 529408K Free: 419075K (79%)
----------------- Invoking toplevel() on ptolemy.moml.MoMLSimpleApplication@31b70abc
----------------- Done invoking toplevel() on ptolemy.moml.MoMLSimpleApplication@31b70abc
reloadAllAccessors: .CommDistDiscard

===========================================================================================
----------------- testing Sun Aug 25 05:33:35 UTC 2019 /home/travis/build/icyphy/ptII/ptolemy/actor/lib/test/auto/Commutator.xml
----------------- Instantiating /home/travis/build/icyphy/ptII/ptolemy/actor/lib/test/auto/Commutator.xml
2 ms. Memory: 529408K Free: 414469K (78%)
----------------- Invoking toplevel() on ptolemy.moml.MoMLSimpleApplication@3068d20c
----------------- Done invoking toplevel() on ptolemy.moml.MoMLSimpleApplication@3068d20c
reloadAllAccessors: .Commutator

===========================================================================================
----------------- testing Sun Aug 25 05:33:35 UTC 2019 /home/travis/build/icyphy/ptII/ptolemy/actor/lib/test/auto/Commutator2.xml
----------------- Instantiating /home/travis/build/icyphy/ptII/ptolemy/actor/lib/test/auto/Commutator2.xml
2 ms. Memory: 529408K Free: 410373K (78%)
----------------- Invoking toplevel() on ptolemy.moml.MoMLSimpleApplication@370ecf09
----------------- Done invoking toplevel() on ptolemy.moml.MoMLSimpleApplication@370ecf09
reloadAllAccessors: .Commutator2

===========================================================================================
----------------- testing Sun Aug 25 05:33:35 UTC 2019 /home/travis/build/icyphy/ptII/ptolemy/actor/lib/test/auto/Commutator3.xml
----------------- Instantiating /home/travis/build/icyphy/ptII/ptolemy/actor/lib/test/auto/Commutator3.xml
3 ms. Memory: 529408K Free: 405763K (77%)
----------------- Invoking toplevel() on ptolemy.moml.MoMLSimpleApplication@5037594c
----------------- Done invoking toplevel() on ptolemy.moml.MoMLSimpleApplication@5037594c
reloadAllAccessors: .Commutator3

===========================================================================================
----------------- testing Sun Aug 25 05:33:35 UTC 2019 /home/travis/build/icyphy/ptII/ptolemy/actor/lib/test/auto/Compare.xml
----------------- Instantiating /home/travis/build/icyphy/ptII/ptolemy/actor/lib/test/auto/Compare.xml
2 ms. Memory: 529408K Free: 399109K (75%)
----------------- Invoking toplevel() on ptolemy.moml.MoMLSimpleApplication@4b6db2b6
----------------- Done invoking toplevel() on ptolemy.moml.MoMLSimpleApplication@4b6db2b6
reloadAllAccessors: .Compare

===========================================================================================
----------------- testing Sun Aug 25 05:33:35 UTC 2019 /home/travis/build/icyphy/ptII/ptolemy/actor/lib/test/auto/CompareDE.xml
----------------- Instantiating /home/travis/build/icyphy/ptII/ptolemy/actor/lib/test/auto/CompareDE.xml
4 ms. Memory: 529408K Free: 392437K (74%)
----------------- Invoking toplevel() on ptolemy.moml.MoMLSimpleApplication@a20e5d9
----------------- Done invoking toplevel() on ptolemy.moml.MoMLSimpleApplication@a20e5d9
reloadAllAccessors: .CompareDE

===========================================================================================
----------------- testing Sun Aug 25 05:33:35 UTC 2019 /home/travis/build/icyphy/ptII/ptolemy/actor/lib/test/auto/ComplexDivide.xml
----------------- Instantiating /home/travis/build/icyphy/ptII/ptolemy/actor/lib/test/auto/ComplexDivide.xml
2 ms. Memory: 529408K Free: 388355K (73%)
----------------- Invoking toplevel() on ptolemy.moml.MoMLSimpleApplication@2ea7f0e2
----------------- Done invoking toplevel() on ptolemy.moml.MoMLSimpleApplication@2ea7f0e2
reloadAllAccessors: .ComplexDivide

===========================================================================================
----------------- testing Sun Aug 25 05:33:35 UTC 2019 /home/travis/build/icyphy/ptII/ptolemy/actor/lib/test/auto/ComputeHistogram.xml
----------------- Instantiating /home/travis/build/icyphy/ptII/ptolemy/actor/lib/test/auto/ComputeHistogram.xml
35 ms. Memory: 529408K Free: 376067K (71%)
----------------- Invoking toplevel() on ptolemy.moml.MoMLSimpleApplication@14e94415
----------------- Done invoking toplevel() on ptolemy.moml.MoMLSimpleApplication@14e94415
reloadAllAccessors: .ComputeHistogram

===========================================================================================
----------------- testing Sun Aug 25 05:33:35 UTC 2019 /home/travis/build/icyphy/ptII/ptolemy/actor/lib/test/auto/ConfigurationSelect.xml
----------------- Instantiating /home/travis/build/icyphy/ptII/ptolemy/actor/lib/test/auto/ConfigurationSelect.xml
9 ms. Memory: 529408K Free: 370437K (70%)
----------------- Invoking toplevel() on ptolemy.moml.MoMLSimpleApplication@600760b2
----------------- Done invoking toplevel() on ptolemy.moml.MoMLSimpleApplication@600760b2
reloadAllAccessors: .ConfigurationSelect

===========================================================================================
----------------- testing Sun Aug 25 05:33:35 UTC 2019 /home/travis/build/icyphy/ptII/ptolemy/actor/lib/test/auto/ConfigurationSelect2.xml
----------------- Instantiating /home/travis/build/icyphy/ptII/ptolemy/actor/lib/test/auto/ConfigurationSelect2.xml
3 ms. Memory: 529408K Free: 365827K (69%)
----------------- Invoking toplevel() on ptolemy.moml.MoMLSimpleApplication@698f128d
----------------- Done invoking toplevel() on ptolemy.moml.MoMLSimpleApplication@698f128d
reloadAllAccessors: .ConfigurationSelect2

===========================================================================================
----------------- testing Sun Aug 25 05:33:35 UTC 2019 /home/travis/build/icyphy/ptII/ptolemy/actor/lib/test/auto/ConfigurationSwitch.xml
----------------- Instantiating /home/travis/build/icyphy/ptII/ptolemy/actor/lib/test/auto/ConfigurationSwitch.xml
2 ms. Memory: 529408K Free: 360707K (68%)
----------------- Invoking toplevel() on ptolemy.moml.MoMLSimpleApplication@7b66f77a
----------------- Done invoking toplevel() on ptolemy.moml.MoMLSimpleApplication@7b66f77a
reloadAllAccessors: .ConfigurationSwitch

===========================================================================================
----------------- testing Sun Aug 25 05:33:35 UTC 2019 /home/travis/build/icyphy/ptII/ptolemy/actor/lib/test/auto/ConfigurationSwitch2.xml
----------------- Instantiating /home/travis/build/icyphy/ptII/ptolemy/actor/lib/test/auto/ConfigurationSwitch2.xml
1 ms. Memory: 529408K Free: 355077K (67%)
----------------- Invoking toplevel() on ptolemy.moml.MoMLSimpleApplication@71096522
----------------- Done invoking toplevel() on ptolemy.moml.MoMLSimpleApplication@71096522
reloadAllAccessors: .ConfigurationSwitch2

===========================================================================================
----------------- testing Sun Aug 25 05:33:35 UTC 2019 /home/travis/build/icyphy/ptII/ptolemy/actor/lib/test/auto/ConfigurationSwitchCloningBugWithClassRelationGroup.xml
----------------- Instantiating /home/travis/build/icyphy/ptII/ptolemy/actor/lib/test/auto/ConfigurationSwitchCloningBugWithClassRelationGroup.xml
1 ms. Memory: 529408K Free: 348419K (66%)
----------------- Invoking toplevel() on ptolemy.moml.MoMLSimpleApplication@1b84a57c
----------------- Done invoking toplevel() on ptolemy.moml.MoMLSimpleApplication@1b84a57c
reloadAllAccessors: .ConfigurationSwitchCloningBugWithClassRelationGroup

===========================================================================================
----------------- testing Sun Aug 25 05:33:35 UTC 2019 /home/travis/build/icyphy/ptII/ptolemy/actor/lib/test/auto/ConfigurationSwitchSelectSDF.xml
----------------- Instantiating /home/travis/build/icyphy/ptII/ptolemy/actor/lib/test/auto/ConfigurationSwitchSelectSDF.xml
3 ms. Memory: 529408K Free: 342789K (65%)
----------------- Invoking toplevel() on ptolemy.moml.MoMLSimpleApplication@488cc905
----------------- Done invoking toplevel() on ptolemy.moml.MoMLSimpleApplication@488cc905
reloadAllAccessors: .ConfigurationSwitchSelectSDF

===========================================================================================
----------------- testing Sun Aug 25 05:33:35 UTC 2019 /home/travis/build/icyphy/ptII/ptolemy/actor/lib/test/auto/ConfigurationSwitchSelectSDF2.xml
----------------- Instantiating /home/travis/build/icyphy/ptII/ptolemy/actor/lib/test/auto/ConfigurationSwitchSelectSDF2.xml
2 ms. Memory: 529408K Free: 336645K (64%)
----------------- Invoking toplevel() on ptolemy.moml.MoMLSimpleApplication@14a071da
----------------- Done invoking toplevel() on ptolemy.moml.MoMLSimpleApplication@14a071da
reloadAllAccessors: .ConfigurationSwitchSelectSDF2

===========================================================================================
----------------- testing Sun Aug 25 05:33:35 UTC 2019 /home/travis/build/icyphy/ptII/ptolemy/actor/lib/test/auto/Const.xml
----------------- Instantiating /home/travis/build/icyphy/ptII/ptolemy/actor/lib/test/auto/Const.xml
1 ms. Memory: 529408K Free: 333573K (63%)
----------------- Invoking toplevel() on ptolemy.moml.MoMLSimpleApplication@30d5b9e8
----------------- Done invoking toplevel() on ptolemy.moml.MoMLSimpleApplication@30d5b9e8
reloadAllAccessors: .Const

===========================================================================================
----------------- testing Sun Aug 25 05:33:35 UTC 2019 /home/travis/build/icyphy/ptII/ptolemy/actor/lib/test/auto/Const2.xml
----------------- Instantiating /home/travis/build/icyphy/ptII/ptolemy/actor/lib/test/auto/Const2.xml
2 ms. Memory: 529408K Free: 329477K (62%)
----------------- Invoking toplevel() on ptolemy.moml.MoMLSimpleApplication@1d0086ad
----------------- Done invoking toplevel() on ptolemy.moml.MoMLSimpleApplication@1d0086ad
reloadAllAccessors: .Const2

===========================================================================================
----------------- testing Sun Aug 25 05:33:35 UTC 2019 /home/travis/build/icyphy/ptII/ptolemy/actor/lib/test/auto/Const3.xml
----------------- Instantiating /home/travis/build/icyphy/ptII/ptolemy/actor/lib/test/auto/Const3.xml
6 ms. Memory: 529408K Free: 326405K (62%)
----------------- Invoking toplevel() on ptolemy.moml.MoMLSimpleApplication@55aa8d55
----------------- Done invoking toplevel() on ptolemy.moml.MoMLSimpleApplication@55aa8d55
reloadAllAccessors: .Const3

===========================================================================================
----------------- testing Sun Aug 25 05:33:35 UTC 2019 /home/travis/build/icyphy/ptII/ptolemy/actor/lib/test/auto/ConstantPublisherPort1.xml
----------------- Instantiating /home/travis/build/icyphy/ptII/ptolemy/actor/lib/test/auto/ConstantPublisherPort1.xml
6 ms. Memory: 529408K Free: 317699K (60%)
----------------- Invoking toplevel() on ptolemy.moml.MoMLSimpleApplication@76ffea6c
----------------- Done invoking toplevel() on ptolemy.moml.MoMLSimpleApplication@76ffea6c
reloadAllAccessors: .ConstantPublisherPort1

===========================================================================================
----------------- testing Sun Aug 25 05:33:35 UTC 2019 /home/travis/build/icyphy/ptII/ptolemy/actor/lib/test/auto/ConstantPublisherPort2.xml
----------------- Instantiating /home/travis/build/icyphy/ptII/ptolemy/actor/lib/test/auto/ConstantPublisherPort2.xml
13 ms. Memory: 529408K Free: 309507K (58%)
----------------- Invoking toplevel() on ptolemy.moml.MoMLSimpleApplication@5c9513ea
----------------- Done invoking toplevel() on ptolemy.moml.MoMLSimpleApplication@5c9513ea
reloadAllAccessors: .ConstantPublisherPort2

===========================================================================================
----------------- testing Sun Aug 25 05:33:35 UTC 2019 /home/travis/build/icyphy/ptII/ptolemy/actor/lib/test/auto/ConstantPublisherPort3.xml
----------------- Instantiating /home/travis/build/icyphy/ptII/ptolemy/actor/lib/test/auto/ConstantPublisherPort3.xml
6 ms. Memory: 529408K Free: 301829K (57%)
----------------- Invoking toplevel() on ptolemy.moml.MoMLSimpleApplication@33deb37a
----------------- Done invoking toplevel() on ptolemy.moml.MoMLSimpleApplication@33deb37a
reloadAllAccessors: .ConstantPublisherPort3

===========================================================================================
----------------- testing Sun Aug 25 05:33:35 UTC 2019 /home/travis/build/icyphy/ptII/ptolemy/actor/lib/test/auto/ConstantPublisherPort4.xml
----------------- Instantiating /home/travis/build/icyphy/ptII/ptolemy/actor/lib/test/auto/ConstantPublisherPort4.xml
5 ms. Memory: 529408K Free: 294661K (56%)
----------------- Invoking toplevel() on ptolemy.moml.MoMLSimpleApplication@79150138
----------------- Done invoking toplevel() on ptolemy.moml.MoMLSimpleApplication@79150138
reloadAllAccessors: .ConstantPublisherPort4

===========================================================================================
----------------- testing Sun Aug 25 05:33:35 UTC 2019 /home/travis/build/icyphy/ptII/ptolemy/actor/lib/test/auto/ConstantPublisherPort5.xml
----------------- Instantiating /home/travis/build/icyphy/ptII/ptolemy/actor/lib/test/auto/ConstantPublisherPort5.xml
28 ms. Memory: 529408K Free: 284931K (54%)
----------------- Invoking toplevel() on ptolemy.moml.MoMLSimpleApplication@611ac38c
----------------- Done invoking toplevel() on ptolemy.moml.MoMLSimpleApplication@611ac38c
reloadAllAccessors: .ConstantPublisherPort5

===========================================================================================
----------------- testing Sun Aug 25 05:33:35 UTC 2019 /home/travis/build/icyphy/ptII/ptolemy/actor/lib/test/auto/ConstantPublisherPort6.xml
----------------- Instantiating /home/travis/build/icyphy/ptII/ptolemy/actor/lib/test/auto/ConstantPublisherPort6.xml
15 ms. Memory: 529408K Free: 275715K (52%)
----------------- Invoking toplevel() on ptolemy.moml.MoMLSimpleApplication@35adba23
----------------- Done invoking toplevel() on ptolemy.moml.MoMLSimpleApplication@35adba23
reloadAllAccessors: .ConstantPublisherPort6

===========================================================================================
----------------- testing Sun Aug 25 05:33:35 UTC 2019 /home/travis/build/icyphy/ptII/ptolemy/actor/lib/test/auto/ConstantPublisherPort7.xml
----------------- Instantiating /home/travis/build/icyphy/ptII/ptolemy/actor/lib/test/auto/ConstantPublisherPort7.xml
24 ms. Memory: 529408K Free: 266499K (50%)
----------------- Invoking toplevel() on ptolemy.moml.MoMLSimpleApplication@735e0070
----------------- Done invoking toplevel() on ptolemy.moml.MoMLSimpleApplication@735e0070
reloadAllAccessors: .ConstantPublisherPort7

===========================================================================================
----------------- testing Sun Aug 25 05:33:35 UTC 2019 /home/travis/build/icyphy/ptII/ptolemy/actor/lib/test/auto/ConstraintMonitor1.xml
----------------- Instantiating /home/travis/build/icyphy/ptII/ptolemy/actor/lib/test/auto/ConstraintMonitor1.xml
7 ms. Memory: 529408K Free: 261379K (49%)
----------------- Invoking toplevel() on ptolemy.moml.MoMLSimpleApplication@232b4bbd
----------------- Done invoking toplevel() on ptolemy.moml.MoMLSimpleApplication@232b4bbd
reloadAllAccessors: .ConstraintMonitor1

===========================================================================================
----------------- testing Sun Aug 25 05:33:35 UTC 2019 /home/travis/build/icyphy/ptII/ptolemy/actor/lib/test/auto/ConstraintMonitor2.xml
----------------- Instantiating /home/travis/build/icyphy/ptII/ptolemy/actor/lib/test/auto/ConstraintMonitor2.xml
2 ms. Memory: 529408K Free: 256773K (49%)
----------------- Invoking toplevel() on ptolemy.moml.MoMLSimpleApplication@788e5e1f
----------------- Done invoking toplevel() on ptolemy.moml.MoMLSimpleApplication@788e5e1f
reloadAllAccessors: .ConstraintMonitor2

===========================================================================================
----------------- testing Sun Aug 25 05:33:35 UTC 2019 /home/travis/build/icyphy/ptII/ptolemy/actor/lib/test/auto/ConstraintMonitor3.xml
----------------- Instantiating /home/travis/build/icyphy/ptII/ptolemy/actor/lib/test/auto/ConstraintMonitor3.xml
5 ms. Memory: 529408K Free: 252163K (48%)
----------------- Invoking toplevel() on ptolemy.moml.MoMLSimpleApplication@256c1f5f
----------------- Done invoking toplevel() on ptolemy.moml.MoMLSimpleApplication@256c1f5f
reloadAllAccessors: .ConstraintMonitor3

===========================================================================================
----------------- testing Sun Aug 25 05:33:35 UTC 2019 /home/travis/build/icyphy/ptII/ptolemy/actor/lib/test/auto/ConstraintMonitor4.xml
----------------- Instantiating /home/travis/build/icyphy/ptII/ptolemy/actor/lib/test/auto/ConstraintMonitor4.xml
5 ms. Memory: 529408K Free: 247043K (47%)
----------------- Invoking toplevel() on ptolemy.moml.MoMLSimpleApplication@57c47f99
----------------- Done invoking toplevel() on ptolemy.moml.MoMLSimpleApplication@57c47f99
reloadAllAccessors: .ConstraintMonitor4

===========================================================================================
----------------- testing Sun Aug 25 05:33:35 UTC 2019 /home/travis/build/icyphy/ptII/ptolemy/actor/lib/test/auto/ConstraintMonitor5.xml
----------------- Instantiating /home/travis/build/icyphy/ptII/ptolemy/actor/lib/test/auto/ConstraintMonitor5.xml
4 ms. Memory: 529408K Free: 241923K (46%)
----------------- Invoking toplevel() on ptolemy.moml.MoMLSimpleApplication@4ee2b91a
----------------- Done invoking toplevel() on ptolemy.moml.MoMLSimpleApplication@4ee2b91a
reloadAllAccessors: .ConstraintMonitor5

===========================================================================================
----------------- testing Sun Aug 25 05:33:36 UTC 2019 /home/travis/build/icyphy/ptII/ptolemy/actor/lib/test/auto/ConstraintMonitor6.xml
----------------- Instantiating /home/travis/build/icyphy/ptII/ptolemy/actor/lib/test/auto/ConstraintMonitor6.xml
6 ms. Memory: 529408K Free: 236293K (45%)
----------------- Invoking toplevel() on ptolemy.moml.MoMLSimpleApplication@2a71eb1e
----------------- Done invoking toplevel() on ptolemy.moml.MoMLSimpleApplication@2a71eb1e
reloadAllAccessors: .ConstraintMonitor6

===========================================================================================
----------------- testing Sun Aug 25 05:33:36 UTC 2019 /home/travis/build/icyphy/ptII/ptolemy/actor/lib/test/auto/ConstraintMonitor7.xml
----------------- Instantiating /home/travis/build/icyphy/ptII/ptolemy/actor/lib/test/auto/ConstraintMonitor7.xml
9 ms. Memory: 529408K Free: 229621K (43%)
----------------- Invoking toplevel() on ptolemy.moml.MoMLSimpleApplication@62ed041d
----------------- Done invoking toplevel() on ptolemy.moml.MoMLSimpleApplication@62ed041d
reloadAllAccessors: .ConstraintMonitor7

===========================================================================================
----------------- testing Sun Aug 25 05:33:36 UTC 2019 /home/travis/build/icyphy/ptII/ptolemy/actor/lib/test/auto/ConstraintMonitor8.xml
----------------- Instantiating /home/travis/build/icyphy/ptII/ptolemy/actor/lib/test/auto/ConstraintMonitor8.xml
5 ms. Memory: 529408K Free: 221957K (42%)
----------------- Invoking toplevel() on ptolemy.moml.MoMLSimpleApplication@39e84ed1
----------------- Done invoking toplevel() on ptolemy.moml.MoMLSimpleApplication@39e84ed1
reloadAllAccessors: .ConstraintMonitor8

===========================================================================================
----------------- testing Sun Aug 25 05:33:36 UTC 2019 /home/travis/build/icyphy/ptII/ptolemy/actor/lib/test/auto/Counter.xml
----------------- Instantiating /home/travis/build/icyphy/ptII/ptolemy/actor/lib/test/auto/Counter.xml
3 ms. Memory: 529408K Free: 216837K (41%)
----------------- Invoking toplevel() on ptolemy.moml.MoMLSimpleApplication@4eef7c92
----------------- Done invoking toplevel() on ptolemy.moml.MoMLSimpleApplication@4eef7c92
reloadAllAccessors: .Counter

===========================================================================================
----------------- testing Sun Aug 25 05:33:36 UTC 2019 /home/travis/build/icyphy/ptII/ptolemy/actor/lib/test/auto/CurrentTimeSDF.xml
----------------- Instantiating /home/travis/build/icyphy/ptII/ptolemy/actor/lib/test/auto/CurrentTimeSDF.xml
1 ms. Memory: 529408K Free: 212741K (40%)
----------------- Invoking toplevel() on ptolemy.moml.MoMLSimpleApplication@655f6bb
----------------- Done invoking toplevel() on ptolemy.moml.MoMLSimpleApplication@655f6bb
reloadAllAccessors: .CurrentTimeSDF

===========================================================================================
----------------- testing Sun Aug 25 05:33:36 UTC 2019 /home/travis/build/icyphy/ptII/ptolemy/actor/lib/test/auto/DB.xml
----------------- Instantiating /home/travis/build/icyphy/ptII/ptolemy/actor/lib/test/auto/DB.xml
11 ms. Memory: 529408K Free: 482326K (91%)
----------------- Invoking toplevel() on ptolemy.moml.MoMLSimpleApplication@46e49138
----------------- Done invoking toplevel() on ptolemy.moml.MoMLSimpleApplication@46e49138
reloadAllAccessors: .DB

===========================================================================================
----------------- testing Sun Aug 25 05:33:36 UTC 2019 /home/travis/build/icyphy/ptII/ptolemy/actor/lib/test/auto/DBDE.xml
----------------- Instantiating /home/travis/build/icyphy/ptII/ptolemy/actor/lib/test/auto/DBDE.xml
2 ms. Memory: 529408K Free: 475938K (90%)
----------------- Invoking toplevel() on ptolemy.moml.MoMLSimpleApplication@1e06e8e1
----------------- Done invoking toplevel() on ptolemy.moml.MoMLSimpleApplication@1e06e8e1
reloadAllAccessors: .DBDE

===========================================================================================
----------------- testing Sun Aug 25 05:33:36 UTC 2019 /home/travis/build/icyphy/ptII/ptolemy/actor/lib/test/auto/DateConstructor.xml
----------------- Instantiating /home/travis/build/icyphy/ptII/ptolemy/actor/lib/test/auto/DateConstructor.xml
26 ms. Memory: 529408K Free: 458560K (87%)
----------------- Invoking toplevel() on ptolemy.moml.MoMLSimpleApplication@5e5a0e85
----------------- Done invoking toplevel() on ptolemy.moml.MoMLSimpleApplication@5e5a0e85
reloadAllAccessors: .DateConstructor

===========================================================================================
----------------- testing Sun Aug 25 05:33:36 UTC 2019 /home/travis/build/icyphy/ptII/ptolemy/actor/lib/test/auto/DelayTime.xml
----------------- Instantiating /home/travis/build/icyphy/ptII/ptolemy/actor/lib/test/auto/DelayTime.xml
6 ms. Memory: 529408K Free: 453440K (86%)
----------------- Invoking toplevel() on ptolemy.moml.MoMLSimpleApplication@1e1de5cf
----------------- Done invoking toplevel() on ptolemy.moml.MoMLSimpleApplication@1e1de5cf
reloadAllAccessors: .DelayTime

===========================================================================================
----------------- testing Sun Aug 25 05:33:36 UTC 2019 /home/travis/build/icyphy/ptII/ptolemy/actor/lib/test/auto/Dictionary1.xml
----------------- Instantiating /home/travis/build/icyphy/ptII/ptolemy/actor/lib/test/auto/Dictionary1.xml
1 ms. Memory: 529408K Free: 447296K (84%)
----------------- Invoking toplevel() on ptolemy.moml.MoMLSimpleApplication@7e256dc6
----------------- Done invoking toplevel() on ptolemy.moml.MoMLSimpleApplication@7e256dc6
reloadAllAccessors: .Dictionary1

===========================================================================================
----------------- testing Sun Aug 25 05:33:36 UTC 2019 /home/travis/build/icyphy/ptII/ptolemy/actor/lib/test/auto/Dictionary2.xml
----------------- Instantiating /home/travis/build/icyphy/ptII/ptolemy/actor/lib/test/auto/Dictionary2.xml
1 ms. Memory: 529408K Free: 442176K (84%)
----------------- Invoking toplevel() on ptolemy.moml.MoMLSimpleApplication@3bce313c
----------------- Done invoking toplevel() on ptolemy.moml.MoMLSimpleApplication@3bce313c
reloadAllAccessors: .Dictionary2

===========================================================================================
----------------- testing Sun Aug 25 05:33:36 UTC 2019 /home/travis/build/icyphy/ptII/ptolemy/actor/lib/test/auto/Dictionary3.xml
----------------- Instantiating /home/travis/build/icyphy/ptII/ptolemy/actor/lib/test/auto/Dictionary3.xml
1 ms. Memory: 529408K Free: 436546K (82%)
----------------- Invoking toplevel() on ptolemy.moml.MoMLSimpleApplication@7270af65
----------------- Done invoking toplevel() on ptolemy.moml.MoMLSimpleApplication@7270af65
reloadAllAccessors: .Dictionary3

===========================================================================================
----------------- testing Sun Aug 25 05:33:36 UTC 2019 /home/travis/build/icyphy/ptII/ptolemy/actor/lib/test/auto/Dictionary4.xml
----------------- Instantiating /home/travis/build/icyphy/ptII/ptolemy/actor/lib/test/auto/Dictionary4.xml
2 ms. Memory: 529408K Free: 429378K (81%)
----------------- Invoking toplevel() on ptolemy.moml.MoMLSimpleApplication@33490c66
----------------- Done invoking toplevel() on ptolemy.moml.MoMLSimpleApplication@33490c66
reloadAllAccessors: .Dictionary4

===========================================================================================
----------------- testing Sun Aug 25 05:33:36 UTC 2019 /home/travis/build/icyphy/ptII/ptolemy/actor/lib/test/auto/Differential.xml
----------------- Instantiating /home/travis/build/icyphy/ptII/ptolemy/actor/lib/test/auto/Differential.xml
2 ms. Memory: 529408K Free: 425282K (80%)
----------------- Invoking toplevel() on ptolemy.moml.MoMLSimpleApplication@7a388319
----------------- Done invoking toplevel() on ptolemy.moml.MoMLSimpleApplication@7a388319
reloadAllAccessors: .Differential

===========================================================================================
----------------- testing Sun Aug 25 05:33:36 UTC 2019 /home/travis/build/icyphy/ptII/ptolemy/actor/lib/test/auto/Director.xml
----------------- Instantiating /home/travis/build/icyphy/ptII/ptolemy/actor/lib/test/auto/Director.xml
2 ms. Memory: 529408K Free: 421696K (80%)
----------------- Invoking toplevel() on ptolemy.moml.MoMLSimpleApplication@2c8167d5
----------------- Done invoking toplevel() on ptolemy.moml.MoMLSimpleApplication@2c8167d5
reloadAllAccessors: .Director

===========================================================================================
----------------- testing Sun Aug 25 05:33:36 UTC 2019 /home/travis/build/icyphy/ptII/ptolemy/actor/lib/test/auto/DiscreteClock.xml
----------------- Instantiating /home/travis/build/icyphy/ptII/ptolemy/actor/lib/test/auto/DiscreteClock.xml
1 ms. Memory: 529408K Free: 417600K (79%)
----------------- Invoking toplevel() on ptolemy.moml.MoMLSimpleApplication@2acfa384
----------------- Done invoking toplevel() on ptolemy.moml.MoMLSimpleApplication@2acfa384
reloadAllAccessors: .DiscreteClock

===========================================================================================
----------------- testing Sun Aug 25 05:33:36 UTC 2019 /home/travis/build/icyphy/ptII/ptolemy/actor/lib/test/auto/DiscreteClock10.xml
----------------- Instantiating /home/travis/build/icyphy/ptII/ptolemy/actor/lib/test/auto/DiscreteClock10.xml
3 ms. Memory: 529408K Free: 411970K (78%)
----------------- Invoking toplevel() on ptolemy.moml.MoMLSimpleApplication@47a5c996
----------------- Done invoking toplevel() on ptolemy.moml.MoMLSimpleApplication@47a5c996
reloadAllAccessors: .DiscreteClock10

===========================================================================================
----------------- testing Sun Aug 25 05:33:36 UTC 2019 /home/travis/build/icyphy/ptII/ptolemy/actor/lib/test/auto/DiscreteClock11.xml
----------------- Instantiating /home/travis/build/icyphy/ptII/ptolemy/actor/lib/test/auto/DiscreteClock11.xml
3 ms. Memory: 529408K Free: 405826K (77%)
----------------- Invoking toplevel() on ptolemy.moml.MoMLSimpleApplication@39d107c2
----------------- Done invoking toplevel() on ptolemy.moml.MoMLSimpleApplication@39d107c2
reloadAllAccessors: .DiscreteClock11

===========================================================================================
----------------- testing Sun Aug 25 05:33:36 UTC 2019 /home/travis/build/icyphy/ptII/ptolemy/actor/lib/test/auto/DiscreteClock12.xml
----------------- Instantiating /home/travis/build/icyphy/ptII/ptolemy/actor/lib/test/auto/DiscreteClock12.xml
3 ms. Memory: 529408K Free: 399682K (75%)
----------------- Invoking toplevel() on ptolemy.moml.MoMLSimpleApplication@4a1ce65a
----------------- Done invoking toplevel() on ptolemy.moml.MoMLSimpleApplication@4a1ce65a
reloadAllAccessors: .DiscreteClock12

===========================================================================================
----------------- testing Sun Aug 25 05:33:36 UTC 2019 /home/travis/build/icyphy/ptII/ptolemy/actor/lib/test/auto/DiscreteClock13.xml
----------------- Instantiating /home/travis/build/icyphy/ptII/ptolemy/actor/lib/test/auto/DiscreteClock13.xml
7 ms. Memory: 529408K Free: 394018K (74%)
----------------- Invoking toplevel() on ptolemy.moml.MoMLSimpleApplication@505a3216
----------------- Done invoking toplevel() on ptolemy.moml.MoMLSimpleApplication@505a3216
reloadAllAccessors: .DiscreteClock13

===========================================================================================
----------------- testing Sun Aug 25 05:33:36 UTC 2019 /home/travis/build/icyphy/ptII/ptolemy/actor/lib/test/auto/DiscreteClock14.xml
----------------- Instantiating /home/travis/build/icyphy/ptII/ptolemy/actor/lib/test/auto/DiscreteClock14.xml
6 ms. Memory: 529408K Free: 387874K (73%)
----------------- Invoking toplevel() on ptolemy.moml.MoMLSimpleApplication@287182fb
----------------- Done invoking toplevel() on ptolemy.moml.MoMLSimpleApplication@287182fb
reloadAllAccessors: .DiscreteClock14

===========================================================================================
----------------- testing Sun Aug 25 05:33:36 UTC 2019 /home/travis/build/icyphy/ptII/ptolemy/actor/lib/test/auto/DiscreteClock15.xml
----------------- Instantiating /home/travis/build/icyphy/ptII/ptolemy/actor/lib/test/auto/DiscreteClock15.xml
5 ms. Memory: 529408K Free: 381730K (72%)
----------------- Invoking toplevel() on ptolemy.moml.MoMLSimpleApplication@462fce09
----------------- Done invoking toplevel() on ptolemy.moml.MoMLSimpleApplication@462fce09
reloadAllAccessors: .DiscreteClock15

===========================================================================================
----------------- testing Sun Aug 25 05:33:36 UTC 2019 /home/travis/build/icyphy/ptII/ptolemy/actor/lib/test/auto/DiscreteClock16.xml
----------------- Instantiating /home/travis/build/icyphy/ptII/ptolemy/actor/lib/test/auto/DiscreteClock16.xml
18 ms. Memory: 529408K Free: 368434K (70%)
----------------- Invoking toplevel() on ptolemy.moml.MoMLSimpleApplication@658aacac
----------------- Done invoking toplevel() on ptolemy.moml.MoMLSimpleApplication@658aacac
reloadAllAccessors: .DiscreteClock16

===========================================================================================
----------------- testing Sun Aug 25 05:33:36 UTC 2019 /home/travis/build/icyphy/ptII/ptolemy/actor/lib/test/auto/DiscreteClock17.xml
----------------- Instantiating /home/travis/build/icyphy/ptII/ptolemy/actor/lib/test/auto/DiscreteClock17.xml
17 ms. Memory: 529408K Free: 353602K (67%)
----------------- Invoking toplevel() on ptolemy.moml.MoMLSimpleApplication@69034409
----------------- Done invoking toplevel() on ptolemy.moml.MoMLSimpleApplication@69034409
reloadAllAccessors: .DiscreteClock17

===========================================================================================
----------------- testing Sun Aug 25 05:33:36 UTC 2019 /home/travis/build/icyphy/ptII/ptolemy/actor/lib/test/auto/DiscreteClock18.xml
----------------- Instantiating /home/travis/build/icyphy/ptII/ptolemy/actor/lib/test/auto/DiscreteClock18.xml
24 ms. Memory: 529408K Free: 339776K (64%)
----------------- Invoking toplevel() on ptolemy.moml.MoMLSimpleApplication@484cf28f
----------------- Done invoking toplevel() on ptolemy.moml.MoMLSimpleApplication@484cf28f
reloadAllAccessors: .DiscreteClock18

===========================================================================================
----------------- testing Sun Aug 25 05:33:36 UTC 2019 /home/travis/build/icyphy/ptII/ptolemy/actor/lib/test/auto/DiscreteClock19.xml
----------------- Instantiating /home/travis/build/icyphy/ptII/ptolemy/actor/lib/test/auto/DiscreteClock19.xml
20 ms. Memory: 529408K Free: 325954K (62%)
----------------- Invoking toplevel() on ptolemy.moml.MoMLSimpleApplication@407153d2
----------------- Done invoking toplevel() on ptolemy.moml.MoMLSimpleApplication@407153d2
reloadAllAccessors: .DiscreteClock19

===========================================================================================
----------------- testing Sun Aug 25 05:33:36 UTC 2019 /home/travis/build/icyphy/ptII/ptolemy/actor/lib/test/auto/DiscreteClock2.xml
----------------- Instantiating /home/travis/build/icyphy/ptII/ptolemy/actor/lib/test/auto/DiscreteClock2.xml
4 ms. Memory: 529408K Free: 321314K (61%)
----------------- Invoking toplevel() on ptolemy.moml.MoMLSimpleApplication@6116d9fe
----------------- Done invoking toplevel() on ptolemy.moml.MoMLSimpleApplication@6116d9fe
reloadAllAccessors: .DiscreteClock2

===========================================================================================
----------------- testing Sun Aug 25 05:33:36 UTC 2019 /home/travis/build/icyphy/ptII/ptolemy/actor/lib/test/auto/DiscreteClock20.xml
----------------- Instantiating /home/travis/build/icyphy/ptII/ptolemy/actor/lib/test/auto/DiscreteClock20.xml
12 ms. Memory: 529408K Free: 315714K (60%)
----------------- Invoking toplevel() on ptolemy.moml.MoMLSimpleApplication@6226f260
----------------- Done invoking toplevel() on ptolemy.moml.MoMLSimpleApplication@6226f260
reloadAllAccessors: .DiscreteClock20

===========================================================================================
----------------- testing Sun Aug 25 05:33:36 UTC 2019 /home/travis/build/icyphy/ptII/ptolemy/actor/lib/test/auto/DiscreteClock21.xml
----------------- Instantiating /home/travis/build/icyphy/ptII/ptolemy/actor/lib/test/auto/DiscreteClock21.xml
6 ms. Memory: 529408K Free: 310080K (59%)
----------------- Invoking toplevel() on ptolemy.moml.MoMLSimpleApplication@dede4e4
----------------- Done invoking toplevel() on ptolemy.moml.MoMLSimpleApplication@dede4e4
reloadAllAccessors: .DiscreteClock21

===========================================================================================
----------------- testing Sun Aug 25 05:33:36 UTC 2019 /home/travis/build/icyphy/ptII/ptolemy/actor/lib/test/auto/DiscreteClock22.xml
----------------- Instantiating /home/travis/build/icyphy/ptII/ptolemy/actor/lib/test/auto/DiscreteClock22.xml
5 ms. Memory: 529408K Free: 304960K (58%)
----------------- Invoking toplevel() on ptolemy.moml.MoMLSimpleApplication@55e736f
----------------- Done invoking toplevel() on ptolemy.moml.MoMLSimpleApplication@55e736f
reloadAllAccessors: .DiscreteClock22

===========================================================================================
----------------- testing Sun Aug 25 05:33:36 UTC 2019 /home/travis/build/icyphy/ptII/ptolemy/actor/lib/test/auto/DiscreteClock23.xml
----------------- Instantiating /home/travis/build/icyphy/ptII/ptolemy/actor/lib/test/auto/DiscreteClock23.xml
10 ms. Memory: 529408K Free: 299330K (57%)
----------------- Invoking toplevel() on ptolemy.moml.MoMLSimpleApplication@1c299df5
----------------- Done invoking toplevel() on ptolemy.moml.MoMLSimpleApplication@1c299df5
reloadAllAccessors: .DiscreteClock23

===========================================================================================
----------------- testing Sun Aug 25 05:33:36 UTC 2019 /home/travis/build/icyphy/ptII/ptolemy/actor/lib/test/auto/DiscreteClock24.xml
----------------- Instantiating /home/travis/build/icyphy/ptII/ptolemy/actor/lib/test/auto/DiscreteClock24.xml
5 ms. Memory: 529408K Free: 293696K (55%)
----------------- Invoking toplevel() on ptolemy.moml.MoMLSimpleApplication@393a50ea
----------------- Done invoking toplevel() on ptolemy.moml.MoMLSimpleApplication@393a50ea
reloadAllAccessors: .DiscreteClock24

===========================================================================================
----------------- testing Sun Aug 25 05:33:36 UTC 2019 /home/travis/build/icyphy/ptII/ptolemy/actor/lib/test/auto/DiscreteClock4.xml
----------------- Instantiating /home/travis/build/icyphy/ptII/ptolemy/actor/lib/test/auto/DiscreteClock4.xml
4 ms. Memory: 529408K Free: 288066K (54%)
----------------- Invoking toplevel() on ptolemy.moml.MoMLSimpleApplication@69e84896
----------------- Done invoking toplevel() on ptolemy.moml.MoMLSimpleApplication@69e84896
reloadAllAccessors: .DiscreteClock4

===========================================================================================
----------------- testing Sun Aug 25 05:33:36 UTC 2019 /home/travis/build/icyphy/ptII/ptolemy/actor/lib/test/auto/DiscreteClock5.xml
----------------- Instantiating /home/travis/build/icyphy/ptII/ptolemy/actor/lib/test/auto/DiscreteClock5.xml
1 ms. Memory: 529408K Free: 282946K (53%)
----------------- Invoking toplevel() on ptolemy.moml.MoMLSimpleApplication@53c8d74b
----------------- Done invoking toplevel() on ptolemy.moml.MoMLSimpleApplication@53c8d74b
reloadAllAccessors: .DiscreteClock5

===========================================================================================
----------------- testing Sun Aug 25 05:33:36 UTC 2019 /home/travis/build/icyphy/ptII/ptolemy/actor/lib/test/auto/DiscreteClock6.xml
----------------- Instantiating /home/travis/build/icyphy/ptII/ptolemy/actor/lib/test/auto/DiscreteClock6.xml
1 ms. Memory: 529408K Free: 278336K (53%)
----------------- Invoking toplevel() on ptolemy.moml.MoMLSimpleApplication@14ef4489
----------------- Done invoking toplevel() on ptolemy.moml.MoMLSimpleApplication@14ef4489
reloadAllAccessors: .DiscreteClock6

===========================================================================================
----------------- testing Sun Aug 25 05:33:36 UTC 2019 /home/travis/build/icyphy/ptII/ptolemy/actor/lib/test/auto/DiscreteClock7.xml
----------------- Instantiating /home/travis/build/icyphy/ptII/ptolemy/actor/lib/test/auto/DiscreteClock7.xml
2 ms. Memory: 529408K Free: 273216K (52%)
----------------- Invoking toplevel() on ptolemy.moml.MoMLSimpleApplication@7a0273de
----------------- Done invoking toplevel() on ptolemy.moml.MoMLSimpleApplication@7a0273de
reloadAllAccessors: .DiscreteClock7

===========================================================================================
----------------- testing Sun Aug 25 05:33:36 UTC 2019 /home/travis/build/icyphy/ptII/ptolemy/actor/lib/test/auto/DiscreteClock8.xml
----------------- Instantiating /home/travis/build/icyphy/ptII/ptolemy/actor/lib/test/auto/DiscreteClock8.xml
7 ms. Memory: 529408K Free: 267586K (51%)
----------------- Invoking toplevel() on ptolemy.moml.MoMLSimpleApplication@b61e5fc
----------------- Done invoking toplevel() on ptolemy.moml.MoMLSimpleApplication@b61e5fc
reloadAllAccessors: .DiscreteClock8

===========================================================================================
----------------- testing Sun Aug 25 05:33:37 UTC 2019 /home/travis/build/icyphy/ptII/ptolemy/actor/lib/test/auto/DiscreteClock9.xml
----------------- Instantiating /home/travis/build/icyphy/ptII/ptolemy/actor/lib/test/auto/DiscreteClock9.xml
4 ms. Memory: 529408K Free: 261922K (49%)
----------------- Invoking toplevel() on ptolemy.moml.MoMLSimpleApplication@42639d1b
----------------- Done invoking toplevel() on ptolemy.moml.MoMLSimpleApplication@42639d1b
reloadAllAccessors: .DiscreteClock9

===========================================================================================
----------------- testing Sun Aug 25 05:33:37 UTC 2019 /home/travis/build/icyphy/ptII/ptolemy/actor/lib/test/auto/DisplayArray.xml
----------------- Instantiating /home/travis/build/icyphy/ptII/ptolemy/actor/lib/test/auto/DisplayArray.xml
1 ms. Memory: 529408K Free: 258370K (49%)
----------------- Invoking toplevel() on ptolemy.moml.MoMLSimpleApplication@5e41462c
----------------- Done invoking toplevel() on ptolemy.moml.MoMLSimpleApplication@5e41462c
reloadAllAccessors: .DisplayArray

===========================================================================================
----------------- testing Sun Aug 25 05:33:37 UTC 2019 /home/travis/build/icyphy/ptII/ptolemy/actor/lib/test/auto/Distributor.xml
----------------- Instantiating /home/travis/build/icyphy/ptII/ptolemy/actor/lib/test/auto/Distributor.xml
1 ms. Memory: 529408K Free: 253250K (48%)
----------------- Invoking toplevel() on ptolemy.moml.MoMLSimpleApplication@c04115d
----------------- Done invoking toplevel() on ptolemy.moml.MoMLSimpleApplication@c04115d
reloadAllAccessors: .Distributor

===========================================================================================
----------------- testing Sun Aug 25 05:33:37 UTC 2019 /home/travis/build/icyphy/ptII/ptolemy/actor/lib/test/auto/Distributor2.xml
----------------- Instantiating /home/travis/build/icyphy/ptII/ptolemy/actor/lib/test/auto/Distributor2.xml
2 ms. Memory: 529408K Free: 248130K (47%)
----------------- Invoking toplevel() on ptolemy.moml.MoMLSimpleApplication@77a45a48
----------------- Done invoking toplevel() on ptolemy.moml.MoMLSimpleApplication@77a45a48
reloadAllAccessors: .Distributor2

===========================================================================================
----------------- testing Sun Aug 25 05:33:37 UTC 2019 /home/travis/build/icyphy/ptII/ptolemy/actor/lib/test/auto/DownSample.xml
----------------- Instantiating /home/travis/build/icyphy/ptII/ptolemy/actor/lib/test/auto/DownSample.xml
2 ms. Memory: 529408K Free: 244034K (46%)
----------------- Invoking toplevel() on ptolemy.moml.MoMLSimpleApplication@2cdbf238
----------------- Done invoking toplevel() on ptolemy.moml.MoMLSimpleApplication@2cdbf238
reloadAllAccessors: .DownSample

===========================================================================================
----------------- testing Sun Aug 25 05:33:37 UTC 2019 /home/travis/build/icyphy/ptII/ptolemy/actor/lib/test/auto/ElectronicUnitBase1.xml
----------------- Instantiating /home/travis/build/icyphy/ptII/ptolemy/actor/lib/test/auto/ElectronicUnitBase1.xml
18 ms. Memory: 529408K Free: 227650K (43%)
----------------- Invoking toplevel() on ptolemy.moml.MoMLSimpleApplication@4650a452
----------------- Done invoking toplevel() on ptolemy.moml.MoMLSimpleApplication@4650a452
reloadAllAccessors: .ElectronicUnitBase1

===========================================================================================
----------------- testing Sun Aug 25 05:33:37 UTC 2019 /home/travis/build/icyphy/ptII/ptolemy/actor/lib/test/auto/ElementsToArray.xml
----------------- Instantiating /home/travis/build/icyphy/ptII/ptolemy/actor/lib/test/auto/ElementsToArray.xml
3 ms. Memory: 529408K Free: 222530K (42%)
----------------- Invoking toplevel() on ptolemy.moml.MoMLSimpleApplication@67c6e939
----------------- Done invoking toplevel() on ptolemy.moml.MoMLSimpleApplication@67c6e939
reloadAllAccessors: .ElementsToArray

===========================================================================================
----------------- testing Sun Aug 25 05:33:37 UTC 2019 /home/travis/build/icyphy/ptII/ptolemy/actor/lib/test/auto/Equals.xml
----------------- Instantiating /home/travis/build/icyphy/ptII/ptolemy/actor/lib/test/auto/Equals.xml
3 ms. Memory: 529408K Free: 218434K (41%)
----------------- Invoking toplevel() on ptolemy.moml.MoMLSimpleApplication@41c0ca2a
----------------- Done invoking toplevel() on ptolemy.moml.MoMLSimpleApplication@41c0ca2a
reloadAllAccessors: .Equals

===========================================================================================
----------------- testing Sun Aug 25 05:33:37 UTC 2019 /home/travis/build/icyphy/ptII/ptolemy/actor/lib/test/auto/Exec.xml
----------------- Instantiating /home/travis/build/icyphy/ptII/ptolemy/actor/lib/test/auto/Exec.xml
18 ms. Memory: 529408K Free: 212800K (40%)
----------------- Invoking toplevel() on ptolemy.moml.MoMLSimpleApplication@626babfc
----------------- Done invoking toplevel() on ptolemy.moml.MoMLSimpleApplication@626babfc
reloadAllAccessors: .Exec

===========================================================================================
----------------- testing Sun Aug 25 05:33:37 UTC 2019 /home/travis/build/icyphy/ptII/ptolemy/actor/lib/test/auto/ExecEnvironment.xml
----------------- Instantiating /home/travis/build/icyphy/ptII/ptolemy/actor/lib/test/auto/ExecEnvironment.xml
31 ms. Memory: 529408K Free: 207666K (39%)
----------------- Invoking toplevel() on ptolemy.moml.MoMLSimpleApplication@e9e9ed1
----------------- Done invoking toplevel() on ptolemy.moml.MoMLSimpleApplication@e9e9ed1
reloadAllAccessors: .ExecEnvironment

===========================================================================================
----------------- testing Sun Aug 25 05:33:37 UTC 2019 /home/travis/build/icyphy/ptII/ptolemy/actor/lib/test/auto/ExecNonZeroReturnOutput.xml
----------------- Instantiating /home/travis/build/icyphy/ptII/ptolemy/actor/lib/test/auto/ExecNonZeroReturnOutput.xml
191 ms. Memory: 529408K Free: 195906K (37%)
----------------- Invoking toplevel() on ptolemy.moml.MoMLSimpleApplication@40d3d4b4
----------------- Done invoking toplevel() on ptolemy.moml.MoMLSimpleApplication@40d3d4b4
reloadAllAccessors: .ExecNonZeroReturnOutput

===========================================================================================
----------------- testing Sun Aug 25 05:33:37 UTC 2019 /home/travis/build/icyphy/ptII/ptolemy/actor/lib/test/auto/ExecRunDemos.xml
----------------- Instantiating /home/travis/build/icyphy/ptII/ptolemy/actor/lib/test/auto/ExecRunDemos.xml
Finished: 77 ms. Memory: 120832K Free: 104395K (86%)

Finished: 67 ms. Memory: 120832K Free: 110723K (92%)

Finished: 119 ms. Memory: 120832K Free: 110984K (92%)

Finished: 79 ms. Memory: 120832K Free: 111470K (92%)

Finished: 66 ms. Memory: 120832K Free: 104196K (86%)

11010 ms. Memory: 529408K Free: 174400K (33%)
----------------- Invoking toplevel() on ptolemy.moml.MoMLSimpleApplication@63eeace3
----------------- Done invoking toplevel() on ptolemy.moml.MoMLSimpleApplication@63eeace3
reloadAllAccessors: .ExecRunDemos

===========================================================================================
----------------- testing Sun Aug 25 05:33:48 UTC 2019 /home/travis/build/icyphy/ptII/ptolemy/actor/lib/test/auto/ExecStop.xml
----------------- Instantiating /home/travis/build/icyphy/ptII/ptolemy/actor/lib/test/auto/ExecStop.xml
5022 ms. Memory: 529408K Free: 400713K (76%)
----------------- Invoking toplevel() on ptolemy.moml.MoMLSimpleApplication@7ca5b8d3
----------------- Done invoking toplevel() on ptolemy.moml.MoMLSimpleApplication@7ca5b8d3
reloadAllAccessors: .ExecStop

===========================================================================================
----------------- testing Sun Aug 25 05:33:53 UTC 2019 /home/travis/build/icyphy/ptII/ptolemy/actor/lib/test/auto/ExecutionTimeSDF.xml
----------------- Instantiating /home/travis/build/icyphy/ptII/ptolemy/actor/lib/test/auto/ExecutionTimeSDF.xml
Fired ExecutionTime: -2072967296
Fired ExecutionTime: 1063600000
Fired ExecutionTime: -1128967296
6010 ms. Memory: 529408K Free: 387915K (73%)
----------------- Invoking toplevel() on ptolemy.moml.MoMLSimpleApplication@5b4cdb0b
----------------- Done invoking toplevel() on ptolemy.moml.MoMLSimpleApplication@5b4cdb0b
reloadAllAccessors: .ExecutionTimeSDF

===========================================================================================
----------------- testing Sun Aug 25 05:33:59 UTC 2019 /home/travis/build/icyphy/ptII/ptolemy/actor/lib/test/auto/Expression1.xml
----------------- Instantiating /home/travis/build/icyphy/ptII/ptolemy/actor/lib/test/auto/Expression1.xml
2 ms. Memory: 529408K Free: 384843K (73%)
----------------- Invoking toplevel() on ptolemy.moml.MoMLSimpleApplication@138d9934
----------------- Done invoking toplevel() on ptolemy.moml.MoMLSimpleApplication@138d9934
reloadAllAccessors: .Expression1

===========================================================================================
----------------- testing Sun Aug 25 05:33:59 UTC 2019 /home/travis/build/icyphy/ptII/ptolemy/actor/lib/test/auto/Expression10.xml
----------------- Instantiating /home/travis/build/icyphy/ptII/ptolemy/actor/lib/test/auto/Expression10.xml
6 ms. Memory: 529408K Free: 379209K (72%)
----------------- Invoking toplevel() on ptolemy.moml.MoMLSimpleApplication@3d01fc93
----------------- Done invoking toplevel() on ptolemy.moml.MoMLSimpleApplication@3d01fc93
reloadAllAccessors: .Expression10

===========================================================================================
----------------- testing Sun Aug 25 05:33:59 UTC 2019 /home/travis/build/icyphy/ptII/ptolemy/actor/lib/test/auto/Expression11.xml
----------------- Instantiating /home/travis/build/icyphy/ptII/ptolemy/actor/lib/test/auto/Expression11.xml
2 ms. Memory: 529408K Free: 375113K (71%)
----------------- Invoking toplevel() on ptolemy.moml.MoMLSimpleApplication@4567b0ae
----------------- Done invoking toplevel() on ptolemy.moml.MoMLSimpleApplication@4567b0ae
reloadAllAccessors: .Expression11

===========================================================================================
----------------- testing Sun Aug 25 05:33:59 UTC 2019 /home/travis/build/icyphy/ptII/ptolemy/actor/lib/test/auto/Expression12.xml
----------------- Instantiating /home/travis/build/icyphy/ptII/ptolemy/actor/lib/test/auto/Expression12.xml
3 ms. Memory: 529408K Free: 369483K (70%)
----------------- Invoking toplevel() on ptolemy.moml.MoMLSimpleApplication@178af0a4
----------------- Done invoking toplevel() on ptolemy.moml.MoMLSimpleApplication@178af0a4
reloadAllAccessors: .Expression12

===========================================================================================
----------------- testing Sun Aug 25 05:33:59 UTC 2019 /home/travis/build/icyphy/ptII/ptolemy/actor/lib/test/auto/Expression13.xml
----------------- Instantiating /home/travis/build/icyphy/ptII/ptolemy/actor/lib/test/auto/Expression13.xml
3 ms. Memory: 529408K Free: 364363K (69%)
----------------- Invoking toplevel() on ptolemy.moml.MoMLSimpleApplication@7d35ab0e
----------------- Done invoking toplevel() on ptolemy.moml.MoMLSimpleApplication@7d35ab0e
reloadAllAccessors: .Expression13

===========================================================================================
----------------- testing Sun Aug 25 05:33:59 UTC 2019 /home/travis/build/icyphy/ptII/ptolemy/actor/lib/test/auto/Expression14.xml
----------------- Instantiating /home/travis/build/icyphy/ptII/ptolemy/actor/lib/test/auto/Expression14.xml
9 ms. Memory: 529408K Free: 358729K (68%)
----------------- Invoking toplevel() on ptolemy.moml.MoMLSimpleApplication@325b3deb
----------------- Done invoking toplevel() on ptolemy.moml.MoMLSimpleApplication@325b3deb
reloadAllAccessors: .Expression14

===========================================================================================
----------------- testing Sun Aug 25 05:33:59 UTC 2019 /home/travis/build/icyphy/ptII/ptolemy/actor/lib/test/auto/Expression15.xml
----------------- Instantiating /home/travis/build/icyphy/ptII/ptolemy/actor/lib/test/auto/Expression15.xml
1 ms. Memory: 529408K Free: 354633K (67%)
----------------- Invoking toplevel() on ptolemy.moml.MoMLSimpleApplication@6d4118f3
----------------- Done invoking toplevel() on ptolemy.moml.MoMLSimpleApplication@6d4118f3
reloadAllAccessors: .Expression15

===========================================================================================
----------------- testing Sun Aug 25 05:33:59 UTC 2019 /home/travis/build/icyphy/ptII/ptolemy/actor/lib/test/auto/Expression16.xml
----------------- Instantiating /home/travis/build/icyphy/ptII/ptolemy/actor/lib/test/auto/Expression16.xml
3 ms. Memory: 529408K Free: 349513K (66%)
----------------- Invoking toplevel() on ptolemy.moml.MoMLSimpleApplication@2daa0ce1
----------------- Done invoking toplevel() on ptolemy.moml.MoMLSimpleApplication@2daa0ce1
reloadAllAccessors: .Expression16

===========================================================================================
----------------- testing Sun Aug 25 05:33:59 UTC 2019 /home/travis/build/icyphy/ptII/ptolemy/actor/lib/test/auto/Expression17.xml
----------------- Instantiating /home/travis/build/icyphy/ptII/ptolemy/actor/lib/test/auto/Expression17.xml
2 ms. Memory: 529408K Free: 344393K (65%)
----------------- Invoking toplevel() on ptolemy.moml.MoMLSimpleApplication@c10438f
----------------- Done invoking toplevel() on ptolemy.moml.MoMLSimpleApplication@c10438f
reloadAllAccessors: .Expression17

===========================================================================================
----------------- testing Sun Aug 25 05:33:59 UTC 2019 /home/travis/build/icyphy/ptII/ptolemy/actor/lib/test/auto/Expression18.xml
----------------- Instantiating /home/travis/build/icyphy/ptII/ptolemy/actor/lib/test/auto/Expression18.xml
2 ms. Memory: 529408K Free: 339785K (64%)
----------------- Invoking toplevel() on ptolemy.moml.MoMLSimpleApplication@33011853
----------------- Done invoking toplevel() on ptolemy.moml.MoMLSimpleApplication@33011853
reloadAllAccessors: .Expression18

===========================================================================================
----------------- testing Sun Aug 25 05:33:59 UTC 2019 /home/travis/build/icyphy/ptII/ptolemy/actor/lib/test/auto/Expression2.xml
----------------- Instantiating /home/travis/build/icyphy/ptII/ptolemy/actor/lib/test/auto/Expression2.xml
3 ms. Memory: 529408K Free: 334667K (63%)
----------------- Invoking toplevel() on ptolemy.moml.MoMLSimpleApplication@c18fbc7
----------------- Done invoking toplevel() on ptolemy.moml.MoMLSimpleApplication@c18fbc7
reloadAllAccessors: .Expression2

===========================================================================================
----------------- testing Sun Aug 25 05:33:59 UTC 2019 /home/travis/build/icyphy/ptII/ptolemy/actor/lib/test/auto/Expression3.xml
----------------- Instantiating /home/travis/build/icyphy/ptII/ptolemy/actor/lib/test/auto/Expression3.xml
7 ms. Memory: 529408K Free: 329547K (62%)
----------------- Invoking toplevel() on ptolemy.moml.MoMLSimpleApplication@5385d266
----------------- Done invoking toplevel() on ptolemy.moml.MoMLSimpleApplication@5385d266
reloadAllAccessors: .Expression3

===========================================================================================
----------------- testing Sun Aug 25 05:33:59 UTC 2019 /home/travis/build/icyphy/ptII/ptolemy/actor/lib/test/auto/Expression4.xml
----------------- Instantiating /home/travis/build/icyphy/ptII/ptolemy/actor/lib/test/auto/Expression4.xml
4 ms. Memory: 529408K Free: 322379K (61%)
----------------- Invoking toplevel() on ptolemy.moml.MoMLSimpleApplication@53ea8618
----------------- Done invoking toplevel() on ptolemy.moml.MoMLSimpleApplication@53ea8618
reloadAllAccessors: .Expression4

===========================================================================================
----------------- testing Sun Aug 25 05:33:59 UTC 2019 /home/travis/build/icyphy/ptII/ptolemy/actor/lib/test/auto/Expression5.xml
----------------- Instantiating /home/travis/build/icyphy/ptII/ptolemy/actor/lib/test/auto/Expression5.xml
2 ms. Memory: 529408K Free: 317259K (60%)
----------------- Invoking toplevel() on ptolemy.moml.MoMLSimpleApplication@2cbc47e5
----------------- Done invoking toplevel() on ptolemy.moml.MoMLSimpleApplication@2cbc47e5
reloadAllAccessors: .Expression5

===========================================================================================
----------------- testing Sun Aug 25 05:33:59 UTC 2019 /home/travis/build/icyphy/ptII/ptolemy/actor/lib/test/auto/Expression6.xml
----------------- Instantiating /home/travis/build/icyphy/ptII/ptolemy/actor/lib/test/auto/Expression6.xml
3 ms. Memory: 529408K Free: 313163K (59%)
----------------- Invoking toplevel() on ptolemy.moml.MoMLSimpleApplication@badcaa2
----------------- Done invoking toplevel() on ptolemy.moml.MoMLSimpleApplication@badcaa2
reloadAllAccessors: .Expression6

===========================================================================================
----------------- testing Sun Aug 25 05:33:59 UTC 2019 /home/travis/build/icyphy/ptII/ptolemy/actor/lib/test/auto/Expression7.xml
----------------- Instantiating /home/travis/build/icyphy/ptII/ptolemy/actor/lib/test/auto/Expression7.xml
2 ms. Memory: 529408K Free: 308043K (58%)
----------------- Invoking toplevel() on ptolemy.moml.MoMLSimpleApplication@466461bf
----------------- Done invoking toplevel() on ptolemy.moml.MoMLSimpleApplication@466461bf
reloadAllAccessors: .Expression7

===========================================================================================
----------------- testing Sun Aug 25 05:33:59 UTC 2019 /home/travis/build/icyphy/ptII/ptolemy/actor/lib/test/auto/Expression8.xml
----------------- Instantiating /home/travis/build/icyphy/ptII/ptolemy/actor/lib/test/auto/Expression8.xml
4 ms. Memory: 529408K Free: 302923K (57%)
----------------- Invoking toplevel() on ptolemy.moml.MoMLSimpleApplication@28934a73
----------------- Done invoking toplevel() on ptolemy.moml.MoMLSimpleApplication@28934a73
reloadAllAccessors: .Expression8

===========================================================================================
----------------- testing Sun Aug 25 05:33:59 UTC 2019 /home/travis/build/icyphy/ptII/ptolemy/actor/lib/test/auto/Expression9.xml
----------------- Instantiating /home/travis/build/icyphy/ptII/ptolemy/actor/lib/test/auto/Expression9.xml
1 ms. Memory: 529408K Free: 299337K (57%)
----------------- Invoking toplevel() on ptolemy.moml.MoMLSimpleApplication@351e50fd
----------------- Done invoking toplevel() on ptolemy.moml.MoMLSimpleApplication@351e50fd
reloadAllAccessors: .Expression9

===========================================================================================
----------------- testing Sun Aug 25 05:33:59 UTC 2019 /home/travis/build/icyphy/ptII/ptolemy/actor/lib/test/auto/ExpressionConcatenateArrayType.xml
----------------- Instantiating /home/travis/build/icyphy/ptII/ptolemy/actor/lib/test/auto/ExpressionConcatenateArrayType.xml
3 ms. Memory: 529408K Free: 292683K (55%)
----------------- Invoking toplevel() on ptolemy.moml.MoMLSimpleApplication@5e56b946
----------------- Done invoking toplevel() on ptolemy.moml.MoMLSimpleApplication@5e56b946
reloadAllAccessors: .ExpressionConcatenateArrayType

===========================================================================================
----------------- testing Sun Aug 25 05:34:00 UTC 2019 /home/travis/build/icyphy/ptII/ptolemy/actor/lib/test/auto/ExpressionConcatenateArrayType2.xml
----------------- Instantiating /home/travis/build/icyphy/ptII/ptolemy/actor/lib/test/auto/ExpressionConcatenateArrayType2.xml
2 ms. Memory: 529408K Free: 287563K (54%)
----------------- Invoking toplevel() on ptolemy.moml.MoMLSimpleApplication@66829bde
----------------- Done invoking toplevel() on ptolemy.moml.MoMLSimpleApplication@66829bde
reloadAllAccessors: .ExpressionConcatenateArrayType2

===========================================================================================
----------------- testing Sun Aug 25 05:34:00 UTC 2019 /home/travis/build/icyphy/ptII/ptolemy/actor/lib/test/auto/ExpressionFix.xml
----------------- Instantiating /home/travis/build/icyphy/ptII/ptolemy/actor/lib/test/auto/ExpressionFix.xml
24 ms. Memory: 529408K Free: 280905K (53%)
----------------- Invoking toplevel() on ptolemy.moml.MoMLSimpleApplication@8b0e0e4
----------------- Done invoking toplevel() on ptolemy.moml.MoMLSimpleApplication@8b0e0e4
reloadAllAccessors: .ExpressionFix

===========================================================================================
----------------- testing Sun Aug 25 05:34:00 UTC 2019 /home/travis/build/icyphy/ptII/ptolemy/actor/lib/test/auto/ExpressionFix2.xml
----------------- Instantiating /home/travis/build/icyphy/ptII/ptolemy/actor/lib/test/auto/ExpressionFix2.xml
4 ms. Memory: 529408K Free: 276809K (52%)
----------------- Invoking toplevel() on ptolemy.moml.MoMLSimpleApplication@e738908
----------------- Done invoking toplevel() on ptolemy.moml.MoMLSimpleApplication@e738908
reloadAllAccessors: .ExpressionFix2

===========================================================================================
----------------- testing Sun Aug 25 05:34:00 UTC 2019 /home/travis/build/icyphy/ptII/ptolemy/actor/lib/test/auto/ExpressionFix3.xml
----------------- Instantiating /home/travis/build/icyphy/ptII/ptolemy/actor/lib/test/auto/ExpressionFix3.xml
4 ms. Memory: 529408K Free: 272713K (52%)
----------------- Invoking toplevel() on ptolemy.moml.MoMLSimpleApplication@4e1bb3b2
----------------- Done invoking toplevel() on ptolemy.moml.MoMLSimpleApplication@4e1bb3b2
reloadAllAccessors: .ExpressionFix3

===========================================================================================
----------------- testing Sun Aug 25 05:34:00 UTC 2019 /home/travis/build/icyphy/ptII/ptolemy/actor/lib/test/auto/FileWriter1.xml
----------------- Instantiating /home/travis/build/icyphy/ptII/ptolemy/actor/lib/test/auto/FileWriter1.xml
2 ms. Memory: 529408K Free: 268617K (51%)
----------------- Invoking toplevel() on ptolemy.moml.MoMLSimpleApplication@2134604a
----------------- Done invoking toplevel() on ptolemy.moml.MoMLSimpleApplication@2134604a
reloadAllAccessors: .FileWriter1

===========================================================================================
----------------- testing Sun Aug 25 05:34:00 UTC 2019 /home/travis/build/icyphy/ptII/ptolemy/actor/lib/test/auto/FileWriter2.xml
----------------- Instantiating /home/travis/build/icyphy/ptII/ptolemy/actor/lib/test/auto/FileWriter2.xml
2 ms. Memory: 529408K Free: 264521K (50%)
----------------- Invoking toplevel() on ptolemy.moml.MoMLSimpleApplication@64cdd459
----------------- Done invoking toplevel() on ptolemy.moml.MoMLSimpleApplication@64cdd459
reloadAllAccessors: .FileWriter2

===========================================================================================
----------------- testing Sun Aug 25 05:34:00 UTC 2019 /home/travis/build/icyphy/ptII/ptolemy/actor/lib/test/auto/FileWriter3.xml
----------------- Instantiating /home/travis/build/icyphy/ptII/ptolemy/actor/lib/test/auto/FileWriter3.xml
5 ms. Memory: 529408K Free: 260425K (49%)
----------------- Invoking toplevel() on ptolemy.moml.MoMLSimpleApplication@55748e24
----------------- Done invoking toplevel() on ptolemy.moml.MoMLSimpleApplication@55748e24
reloadAllAccessors: .FileWriter3

===========================================================================================
----------------- testing Sun Aug 25 05:34:00 UTC 2019 /home/travis/build/icyphy/ptII/ptolemy/actor/lib/test/auto/Gaussian.xml
----------------- Instantiating /home/travis/build/icyphy/ptII/ptolemy/actor/lib/test/auto/Gaussian.xml
3 ms. Memory: 529408K Free: 255819K (48%)
----------------- Invoking toplevel() on ptolemy.moml.MoMLSimpleApplication@28ca6c3f
----------------- Done invoking toplevel() on ptolemy.moml.MoMLSimpleApplication@28ca6c3f
reloadAllAccessors: .Gaussian

===========================================================================================
----------------- testing Sun Aug 25 05:34:00 UTC 2019 /home/travis/build/icyphy/ptII/ptolemy/actor/lib/test/auto/Gaussian1.xml
----------------- Instantiating /home/travis/build/icyphy/ptII/ptolemy/actor/lib/test/auto/Gaussian1.xml
2 ms. Memory: 529408K Free: 250699K (47%)
----------------- Invoking toplevel() on ptolemy.moml.MoMLSimpleApplication@5cf9cffc
----------------- Done invoking toplevel() on ptolemy.moml.MoMLSimpleApplication@5cf9cffc
reloadAllAccessors: .Gaussian1

===========================================================================================
----------------- testing Sun Aug 25 05:34:00 UTC 2019 /home/travis/build/icyphy/ptII/ptolemy/actor/lib/test/auto/Gaussian2.xml
----------------- Instantiating /home/travis/build/icyphy/ptII/ptolemy/actor/lib/test/auto/Gaussian2.xml
8 ms. Memory: 529408K Free: 245051K (46%)
----------------- Invoking toplevel() on ptolemy.moml.MoMLSimpleApplication@699efc44
----------------- Done invoking toplevel() on ptolemy.moml.MoMLSimpleApplication@699efc44
reloadAllAccessors: .Gaussian2

===========================================================================================
----------------- testing Sun Aug 25 05:34:00 UTC 2019 /home/travis/build/icyphy/ptII/ptolemy/actor/lib/test/auto/GradientAdaptiveLattice.xml
----------------- Instantiating /home/travis/build/icyphy/ptII/ptolemy/actor/lib/test/auto/GradientAdaptiveLattice.xml
3 ms. Memory: 529408K Free: 239945K (45%)
----------------- Invoking toplevel() on ptolemy.moml.MoMLSimpleApplication@be8ac23
----------------- Done invoking toplevel() on ptolemy.moml.MoMLSimpleApplication@be8ac23
reloadAllAccessors: .GradientAdaptiveLattice

===========================================================================================
----------------- testing Sun Aug 25 05:34:00 UTC 2019 /home/travis/build/icyphy/ptII/ptolemy/actor/lib/test/auto/IIR.xml
----------------- Instantiating /home/travis/build/icyphy/ptII/ptolemy/actor/lib/test/auto/IIR.xml
1 ms. Memory: 529408K Free: 235849K (45%)
----------------- Invoking toplevel() on ptolemy.moml.MoMLSimpleApplication@badd5e3
----------------- Done invoking toplevel() on ptolemy.moml.MoMLSimpleApplication@badd5e3
reloadAllAccessors: .IIR

===========================================================================================
----------------- testing Sun Aug 25 05:34:00 UTC 2019 /home/travis/build/icyphy/ptII/ptolemy/actor/lib/test/auto/InputOutputTransparentPorts.xml
----------------- Instantiating /home/travis/build/icyphy/ptII/ptolemy/actor/lib/test/auto/InputOutputTransparentPorts.xml
4 ms. Memory: 529408K Free: 228681K (43%)
----------------- Invoking toplevel() on ptolemy.moml.MoMLSimpleApplication@23eab5a
----------------- Done invoking toplevel() on ptolemy.moml.MoMLSimpleApplication@23eab5a
reloadAllAccessors: .InputOutputTransparentPorts

===========================================================================================
----------------- testing Sun Aug 25 05:34:00 UTC 2019 /home/travis/build/icyphy/ptII/ptolemy/actor/lib/test/auto/Interpolator.xml
----------------- Instantiating /home/travis/build/icyphy/ptII/ptolemy/actor/lib/test/auto/Interpolator.xml
7 ms. Memory: 529408K Free: 224585K (42%)
----------------- Invoking toplevel() on ptolemy.moml.MoMLSimpleApplication@480b3c12
----------------- Done invoking toplevel() on ptolemy.moml.MoMLSimpleApplication@480b3c12
reloadAllAccessors: .Interpolator

===========================================================================================
----------------- testing Sun Aug 25 05:34:00 UTC 2019 /home/travis/build/icyphy/ptII/ptolemy/actor/lib/test/auto/InterpolatorFiringLimitDE.xml
----------------- Instantiating /home/travis/build/icyphy/ptII/ptolemy/actor/lib/test/auto/InterpolatorFiringLimitDE.xml
2 ms. Memory: 529408K Free: 218441K (41%)
----------------- Invoking toplevel() on ptolemy.moml.MoMLSimpleApplication@403ba344
----------------- Done invoking toplevel() on ptolemy.moml.MoMLSimpleApplication@403ba344
reloadAllAccessors: .InterpolatorFiringLimitDE

===========================================================================================
----------------- testing Sun Aug 25 05:34:00 UTC 2019 /home/travis/build/icyphy/ptII/ptolemy/actor/lib/test/auto/Lattice.xml
----------------- Instantiating /home/travis/build/icyphy/ptII/ptolemy/actor/lib/test/auto/Lattice.xml
1 ms. Memory: 529408K Free: 214345K (40%)
----------------- Invoking toplevel() on ptolemy.moml.MoMLSimpleApplication@1e270afb
----------------- Done invoking toplevel() on ptolemy.moml.MoMLSimpleApplication@1e270afb
reloadAllAccessors: .Lattice

===========================================================================================
----------------- testing Sun Aug 25 05:34:00 UTC 2019 /home/travis/build/icyphy/ptII/ptolemy/actor/lib/test/auto/LazyAOCTestLazy.xml
----------------- Instantiating /home/travis/build/icyphy/ptII/ptolemy/actor/lib/test/auto/LazyAOCTestLazy.xml
9 ms. Memory: 529408K Free: 208715K (39%)
----------------- Invoking toplevel() on ptolemy.moml.MoMLSimpleApplication@51977b68
----------------- Done invoking toplevel() on ptolemy.moml.MoMLSimpleApplication@51977b68
reloadAllAccessors: .LazyAOCTestLazy

===========================================================================================
----------------- testing Sun Aug 25 05:34:00 UTC 2019 /home/travis/build/icyphy/ptII/ptolemy/actor/lib/test/auto/LazyAOCTestNonLazy.xml
----------------- Instantiating /home/travis/build/icyphy/ptII/ptolemy/actor/lib/test/auto/LazyAOCTestNonLazy.xml
2 ms. Memory: 529408K Free: 202057K (38%)
----------------- Invoking toplevel() on ptolemy.moml.MoMLSimpleApplication@4c50f6b0
----------------- Done invoking toplevel() on ptolemy.moml.MoMLSimpleApplication@4c50f6b0
reloadAllAccessors: .LazyAOCTestNonLazy

===========================================================================================
----------------- testing Sun Aug 25 05:34:00 UTC 2019 /home/travis/build/icyphy/ptII/ptolemy/actor/lib/test/auto/LazyInnerClass.xml
----------------- Instantiating /home/travis/build/icyphy/ptII/ptolemy/actor/lib/test/auto/LazyInnerClass.xml
12 ms. Memory: 529408K Free: 192841K (36%)
----------------- Invoking toplevel() on ptolemy.moml.MoMLSimpleApplication@2505b27e
----------------- Done invoking toplevel() on ptolemy.moml.MoMLSimpleApplication@2505b27e
reloadAllAccessors: .LazyInnerClass

===========================================================================================
----------------- testing Sun Aug 25 05:34:00 UTC 2019 /home/travis/build/icyphy/ptII/ptolemy/actor/lib/test/auto/LazyPubSub.xml
----------------- Instantiating /home/travis/build/icyphy/ptII/ptolemy/actor/lib/test/auto/LazyPubSub.xml
27 ms. Memory: 529408K Free: 183115K (35%)
----------------- Invoking toplevel() on ptolemy.moml.MoMLSimpleApplication@375e9355
----------------- Done invoking toplevel() on ptolemy.moml.MoMLSimpleApplication@375e9355
reloadAllAccessors: .LazyPubSub

===========================================================================================
----------------- testing Sun Aug 25 05:34:00 UTC 2019 /home/travis/build/icyphy/ptII/ptolemy/actor/lib/test/auto/LazyPubSub2.xml
----------------- Instantiating /home/travis/build/icyphy/ptII/ptolemy/actor/lib/test/auto/LazyPubSub2.xml
26 ms. Memory: 529408K Free: 173385K (33%)
----------------- Invoking toplevel() on ptolemy.moml.MoMLSimpleApplication@4a303cd6
----------------- Done invoking toplevel() on ptolemy.moml.MoMLSimpleApplication@4a303cd6
reloadAllAccessors: .LazyPubSub2

===========================================================================================
----------------- testing Sun Aug 25 05:34:00 UTC 2019 /home/travis/build/icyphy/ptII/ptolemy/actor/lib/test/auto/LazyPubSub3.xml
----------------- Instantiating /home/travis/build/icyphy/ptII/ptolemy/actor/lib/test/auto/LazyPubSub3.xml
17 ms. Memory: 529408K Free: 476947K (90%)
----------------- Invoking toplevel() on ptolemy.moml.MoMLSimpleApplication@490366e4
----------------- Done invoking toplevel() on ptolemy.moml.MoMLSimpleApplication@490366e4
reloadAllAccessors: .LazyPubSub3

===========================================================================================
----------------- testing Sun Aug 25 05:34:00 UTC 2019 /home/travis/build/icyphy/ptII/ptolemy/actor/lib/test/auto/LazySubClassModel.xml
----------------- Instantiating /home/travis/build/icyphy/ptII/ptolemy/actor/lib/test/auto/LazySubClassModel.xml
2 ms. Memory: 529408K Free: 467221K (88%)
----------------- Invoking toplevel() on ptolemy.moml.MoMLSimpleApplication@65981912
----------------- Done invoking toplevel() on ptolemy.moml.MoMLSimpleApplication@65981912
reloadAllAccessors: .LazySubClassModel

===========================================================================================
----------------- testing Sun Aug 25 05:34:00 UTC 2019 /home/travis/build/icyphy/ptII/ptolemy/actor/lib/test/auto/LevelCrossTest1.xml
----------------- Instantiating /home/travis/build/icyphy/ptII/ptolemy/actor/lib/test/auto/LevelCrossTest1.xml
1 ms. Memory: 529408K Free: 461587K (87%)
----------------- Invoking toplevel() on ptolemy.moml.MoMLSimpleApplication@67579445
----------------- Done invoking toplevel() on ptolemy.moml.MoMLSimpleApplication@67579445
reloadAllAccessors: .broken

===========================================================================================
----------------- testing Sun Aug 25 05:34:00 UTC 2019 /home/travis/build/icyphy/ptII/ptolemy/actor/lib/test/auto/LevelCrossTest10.xml
----------------- Instantiating /home/travis/build/icyphy/ptII/ptolemy/actor/lib/test/auto/LevelCrossTest10.xml
1 ms. Memory: 529408K Free: 453909K (86%)
----------------- Invoking toplevel() on ptolemy.moml.MoMLSimpleApplication@442c1f71
----------------- Done invoking toplevel() on ptolemy.moml.MoMLSimpleApplication@442c1f71
reloadAllAccessors: .LevelCrossTest10

===========================================================================================
----------------- testing Sun Aug 25 05:34:00 UTC 2019 /home/travis/build/icyphy/ptII/ptolemy/actor/lib/test/auto/LevelCrossTest11.xml
----------------- Instantiating /home/travis/build/icyphy/ptII/ptolemy/actor/lib/test/auto/LevelCrossTest11.xml
1 ms. Memory: 529408K Free: 446741K (84%)
----------------- Invoking toplevel() on ptolemy.moml.MoMLSimpleApplication@7ca0dc51
----------------- Done invoking toplevel() on ptolemy.moml.MoMLSimpleApplication@7ca0dc51
reloadAllAccessors: .LevelCrossTest11

===========================================================================================
----------------- testing Sun Aug 25 05:34:00 UTC 2019 /home/travis/build/icyphy/ptII/ptolemy/actor/lib/test/auto/LevelCrossTest12.xml
----------------- Instantiating /home/travis/build/icyphy/ptII/ptolemy/actor/lib/test/auto/LevelCrossTest12.xml
1 ms. Memory: 529408K Free: 439059K (83%)
----------------- Invoking toplevel() on ptolemy.moml.MoMLSimpleApplication@3c4c73a3
----------------- Done invoking toplevel() on ptolemy.moml.MoMLSimpleApplication@3c4c73a3
reloadAllAccessors: .LevelCrossTest12

===========================================================================================
----------------- testing Sun Aug 25 05:34:00 UTC 2019 /home/travis/build/icyphy/ptII/ptolemy/actor/lib/test/auto/LevelCrossTest13.xml
----------------- Instantiating /home/travis/build/icyphy/ptII/ptolemy/actor/lib/test/auto/LevelCrossTest13.xml
4 ms. Memory: 529408K Free: 431381K (81%)
----------------- Invoking toplevel() on ptolemy.moml.MoMLSimpleApplication@6f83dcd3
----------------- Done invoking toplevel() on ptolemy.moml.MoMLSimpleApplication@6f83dcd3
reloadAllAccessors: .LevelCrossTest13

===========================================================================================
----------------- testing Sun Aug 25 05:34:00 UTC 2019 /home/travis/build/icyphy/ptII/ptolemy/actor/lib/test/auto/LevelCrossTest2.xml
----------------- Instantiating /home/travis/build/icyphy/ptII/ptolemy/actor/lib/test/auto/LevelCrossTest2.xml
1 ms. Memory: 529408K Free: 426261K (81%)
----------------- Invoking toplevel() on ptolemy.moml.MoMLSimpleApplication@1255776e
----------------- Done invoking toplevel() on ptolemy.moml.MoMLSimpleApplication@1255776e
reloadAllAccessors: .broken

===========================================================================================
----------------- testing Sun Aug 25 05:34:00 UTC 2019 /home/travis/build/icyphy/ptII/ptolemy/actor/lib/test/auto/LevelCrossTest3.xml
----------------- Instantiating /home/travis/build/icyphy/ptII/ptolemy/actor/lib/test/auto/LevelCrossTest3.xml
2 ms. Memory: 529408K Free: 419603K (79%)
----------------- Invoking toplevel() on ptolemy.moml.MoMLSimpleApplication@5b9db05c
----------------- Done invoking toplevel() on ptolemy.moml.MoMLSimpleApplication@5b9db05c
reloadAllAccessors: .LevelCrossTest3

===========================================================================================
----------------- testing Sun Aug 25 05:34:00 UTC 2019 /home/travis/build/icyphy/ptII/ptolemy/actor/lib/test/auto/LevelCrossTest4.xml
----------------- Instantiating /home/travis/build/icyphy/ptII/ptolemy/actor/lib/test/auto/LevelCrossTest4.xml
1 ms. Memory: 529408K Free: 413973K (78%)
----------------- Invoking toplevel() on ptolemy.moml.MoMLSimpleApplication@3b780d1d
----------------- Done invoking toplevel() on ptolemy.moml.MoMLSimpleApplication@3b780d1d
reloadAllAccessors: .broken

===========================================================================================
----------------- testing Sun Aug 25 05:34:00 UTC 2019 /home/travis/build/icyphy/ptII/ptolemy/actor/lib/test/auto/LevelCrossTest5.xml
----------------- Instantiating /home/travis/build/icyphy/ptII/ptolemy/actor/lib/test/auto/LevelCrossTest5.xml
1 ms. Memory: 529408K Free: 407829K (77%)
----------------- Invoking toplevel() on ptolemy.moml.MoMLSimpleApplication@3265af7f
----------------- Done invoking toplevel() on ptolemy.moml.MoMLSimpleApplication@3265af7f
reloadAllAccessors: .LevelCrossTest5

===========================================================================================
----------------- testing Sun Aug 25 05:34:00 UTC 2019 /home/travis/build/icyphy/ptII/ptolemy/actor/lib/test/auto/LevelCrossTest6.xml
----------------- Instantiating /home/travis/build/icyphy/ptII/ptolemy/actor/lib/test/auto/LevelCrossTest6.xml
1 ms. Memory: 529408K Free: 400661K (76%)
----------------- Invoking toplevel() on ptolemy.moml.MoMLSimpleApplication@6a00d97e
----------------- Done invoking toplevel() on ptolemy.moml.MoMLSimpleApplication@6a00d97e
reloadAllAccessors: .LevelCrossTest6

===========================================================================================
----------------- testing Sun Aug 25 05:34:00 UTC 2019 /home/travis/build/icyphy/ptII/ptolemy/actor/lib/test/auto/LevelCrossTest7.xml
----------------- Instantiating /home/travis/build/icyphy/ptII/ptolemy/actor/lib/test/auto/LevelCrossTest7.xml
1 ms. Memory: 529408K Free: 392979K (74%)
----------------- Invoking toplevel() on ptolemy.moml.MoMLSimpleApplication@42ea16d5
----------------- Done invoking toplevel() on ptolemy.moml.MoMLSimpleApplication@42ea16d5
reloadAllAccessors: .LevelCrossTest7

===========================================================================================
----------------- testing Sun Aug 25 05:34:00 UTC 2019 /home/travis/build/icyphy/ptII/ptolemy/actor/lib/test/auto/LevelCrossTest8.xml
----------------- Instantiating /home/travis/build/icyphy/ptII/ptolemy/actor/lib/test/auto/LevelCrossTest8.xml
2 ms. Memory: 529408K Free: 386325K (73%)
----------------- Invoking toplevel() on ptolemy.moml.MoMLSimpleApplication@199816b8
----------------- Done invoking toplevel() on ptolemy.moml.MoMLSimpleApplication@199816b8
reloadAllAccessors: .LevelCrossTest8

===========================================================================================
----------------- testing Sun Aug 25 05:34:00 UTC 2019 /home/travis/build/icyphy/ptII/ptolemy/actor/lib/test/auto/LevelCrossTest9.xml
----------------- Instantiating /home/travis/build/icyphy/ptII/ptolemy/actor/lib/test/auto/LevelCrossTest9.xml
2 ms. Memory: 529408K Free: 379157K (72%)
----------------- Invoking toplevel() on ptolemy.moml.MoMLSimpleApplication@5fb58e79
----------------- Done invoking toplevel() on ptolemy.moml.MoMLSimpleApplication@5fb58e79
reloadAllAccessors: .LevelCrossTest9

===========================================================================================
----------------- testing Sun Aug 25 05:34:00 UTC 2019 /home/travis/build/icyphy/ptII/ptolemy/actor/lib/test/auto/LevinsonDurbin.xml
----------------- Instantiating /home/travis/build/icyphy/ptII/ptolemy/actor/lib/test/auto/LevinsonDurbin.xml
1 ms. Memory: 529408K Free: 375061K (71%)
----------------- Invoking toplevel() on ptolemy.moml.MoMLSimpleApplication@2e3f146a
----------------- Done invoking toplevel() on ptolemy.moml.MoMLSimpleApplication@2e3f146a
reloadAllAccessors: .LevinsonDurbin

===========================================================================================
----------------- testing Sun Aug 25 05:34:00 UTC 2019 /home/travis/build/icyphy/ptII/ptolemy/actor/lib/test/auto/LevinsonDurbin2.xml
----------------- Instantiating /home/travis/build/icyphy/ptII/ptolemy/actor/lib/test/auto/LevinsonDurbin2.xml
1 ms. Memory: 529408K Free: 371475K (70%)
----------------- Invoking toplevel() on ptolemy.moml.MoMLSimpleApplication@49c49029
----------------- Done invoking toplevel() on ptolemy.moml.MoMLSimpleApplication@49c49029
reloadAllAccessors: .LevinsonDurbin2

===========================================================================================
----------------- testing Sun Aug 25 05:34:00 UTC 2019 /home/travis/build/icyphy/ptII/ptolemy/actor/lib/test/auto/LevinsonDurbin3.xml
----------------- Instantiating /home/travis/build/icyphy/ptII/ptolemy/actor/lib/test/auto/LevinsonDurbin3.xml
2 ms. Memory: 529408K Free: 367379K (69%)
----------------- Invoking toplevel() on ptolemy.moml.MoMLSimpleApplication@36d4ff4e
----------------- Done invoking toplevel() on ptolemy.moml.MoMLSimpleApplication@36d4ff4e
reloadAllAccessors: .LevinsonDurbin3

===========================================================================================
----------------- testing Sun Aug 25 05:34:00 UTC 2019 /home/travis/build/icyphy/ptII/ptolemy/actor/lib/test/auto/Limiter.xml
----------------- Instantiating /home/travis/build/icyphy/ptII/ptolemy/actor/lib/test/auto/Limiter.xml
10 ms. Memory: 529408K Free: 358149K (68%)
----------------- Invoking toplevel() on ptolemy.moml.MoMLSimpleApplication@2e986360
----------------- Done invoking toplevel() on ptolemy.moml.MoMLSimpleApplication@2e986360
reloadAllAccessors: .Limiter

===========================================================================================
----------------- testing Sun Aug 25 05:34:01 UTC 2019 /home/travis/build/icyphy/ptII/ptolemy/actor/lib/test/auto/LinearDifferenceEquationSystem.xml
----------------- Instantiating /home/travis/build/icyphy/ptII/ptolemy/actor/lib/test/auto/LinearDifferenceEquationSystem.xml
3 ms. Memory: 529408K Free: 350485K (66%)
----------------- Invoking toplevel() on ptolemy.moml.MoMLSimpleApplication@30770354
----------------- Done invoking toplevel() on ptolemy.moml.MoMLSimpleApplication@30770354
reloadAllAccessors: .LinearDifferenceEquationSystem

===========================================================================================
----------------- testing Sun Aug 25 05:34:01 UTC 2019 /home/travis/build/icyphy/ptII/ptolemy/actor/lib/test/auto/LookupTable.xml
----------------- Instantiating /home/travis/build/icyphy/ptII/ptolemy/actor/lib/test/auto/LookupTable.xml
2 ms. Memory: 529408K Free: 346389K (65%)
----------------- Invoking toplevel() on ptolemy.moml.MoMLSimpleApplication@6d07972
----------------- Done invoking toplevel() on ptolemy.moml.MoMLSimpleApplication@6d07972
reloadAllAccessors: .LookupTable

===========================================================================================
----------------- testing Sun Aug 25 05:34:01 UTC 2019 /home/travis/build/icyphy/ptII/ptolemy/actor/lib/test/auto/MathFunction.xml
----------------- Instantiating /home/travis/build/icyphy/ptII/ptolemy/actor/lib/test/auto/MathFunction.xml
9 ms. Memory: 529408K Free: 338197K (64%)
----------------- Invoking toplevel() on ptolemy.moml.MoMLSimpleApplication@679c4ad7
----------------- Done invoking toplevel() on ptolemy.moml.MoMLSimpleApplication@679c4ad7
reloadAllAccessors: .MathFunction

===========================================================================================
----------------- testing Sun Aug 25 05:34:01 UTC 2019 /home/travis/build/icyphy/ptII/ptolemy/actor/lib/test/auto/MathFunction2.xml
----------------- Instantiating /home/travis/build/icyphy/ptII/ptolemy/actor/lib/test/auto/MathFunction2.xml
1 ms. Memory: 529408K Free: 334101K (63%)
----------------- Invoking toplevel() on ptolemy.moml.MoMLSimpleApplication@b0b6350
----------------- Done invoking toplevel() on ptolemy.moml.MoMLSimpleApplication@b0b6350
reloadAllAccessors: .MathFunction2

===========================================================================================
----------------- testing Sun Aug 25 05:34:01 UTC 2019 /home/travis/build/icyphy/ptII/ptolemy/actor/lib/test/auto/MathFunction3.xml
----------------- Instantiating /home/travis/build/icyphy/ptII/ptolemy/actor/lib/test/auto/MathFunction3.xml
2 ms. Memory: 529408K Free: 327443K (62%)
----------------- Invoking toplevel() on ptolemy.moml.MoMLSimpleApplication@4ccd1d3c
----------------- Done invoking toplevel() on ptolemy.moml.MoMLSimpleApplication@4ccd1d3c
reloadAllAccessors: .MathFunction3

===========================================================================================
----------------- testing Sun Aug 25 05:34:01 UTC 2019 /home/travis/build/icyphy/ptII/ptolemy/actor/lib/test/auto/MatrixCropBoolean.xml
----------------- Instantiating /home/travis/build/icyphy/ptII/ptolemy/actor/lib/test/auto/MatrixCropBoolean.xml
2 ms. Memory: 529408K Free: 322317K (61%)
----------------- Invoking toplevel() on ptolemy.moml.MoMLSimpleApplication@2539f32e
----------------- Done invoking toplevel() on ptolemy.moml.MoMLSimpleApplication@2539f32e
reloadAllAccessors: .MatrixCropBoolean

===========================================================================================
----------------- testing Sun Aug 25 05:34:01 UTC 2019 /home/travis/build/icyphy/ptII/ptolemy/actor/lib/test/auto/MatrixCropComplex.xml
----------------- Instantiating /home/travis/build/icyphy/ptII/ptolemy/actor/lib/test/auto/MatrixCropComplex.xml
2 ms. Memory: 529408K Free: 317173K (60%)
----------------- Invoking toplevel() on ptolemy.moml.MoMLSimpleApplication@2d44aad1
----------------- Done invoking toplevel() on ptolemy.moml.MoMLSimpleApplication@2d44aad1
reloadAllAccessors: .MatrixCropComplex

===========================================================================================
----------------- testing Sun Aug 25 05:34:01 UTC 2019 /home/travis/build/icyphy/ptII/ptolemy/actor/lib/test/auto/MatrixCropDouble.xml
----------------- Instantiating /home/travis/build/icyphy/ptII/ptolemy/actor/lib/test/auto/MatrixCropDouble.xml
2 ms. Memory: 529408K Free: 312597K (59%)
----------------- Invoking toplevel() on ptolemy.moml.MoMLSimpleApplication@7c2163fa
----------------- Done invoking toplevel() on ptolemy.moml.MoMLSimpleApplication@7c2163fa
reloadAllAccessors: .MatrixCropDouble

===========================================================================================
----------------- testing Sun Aug 25 05:34:01 UTC 2019 /home/travis/build/icyphy/ptII/ptolemy/actor/lib/test/auto/MatrixCropFix.xml
----------------- Instantiating /home/travis/build/icyphy/ptII/ptolemy/actor/lib/test/auto/MatrixCropFix.xml
2 ms. Memory: 529408K Free: 307477K (58%)
----------------- Invoking toplevel() on ptolemy.moml.MoMLSimpleApplication@8d69c66
----------------- Done invoking toplevel() on ptolemy.moml.MoMLSimpleApplication@8d69c66
reloadAllAccessors: .MatrixCropFix

===========================================================================================
----------------- testing Sun Aug 25 05:34:01 UTC 2019 /home/travis/build/icyphy/ptII/ptolemy/actor/lib/test/auto/MatrixCropInt.xml
----------------- Instantiating /home/travis/build/icyphy/ptII/ptolemy/actor/lib/test/auto/MatrixCropInt.xml
2 ms. Memory: 529408K Free: 302357K (57%)
----------------- Invoking toplevel() on ptolemy.moml.MoMLSimpleApplication@7708d5bd
----------------- Done invoking toplevel() on ptolemy.moml.MoMLSimpleApplication@7708d5bd
reloadAllAccessors: .MatrixCropInt

===========================================================================================
----------------- testing Sun Aug 25 05:34:01 UTC 2019 /home/travis/build/icyphy/ptII/ptolemy/actor/lib/test/auto/MatrixCropLong.xml
----------------- Instantiating /home/travis/build/icyphy/ptII/ptolemy/actor/lib/test/auto/MatrixCropLong.xml
3 ms. Memory: 529408K Free: 297741K (56%)
----------------- Invoking toplevel() on ptolemy.moml.MoMLSimpleApplication@56b55c68
----------------- Done invoking toplevel() on ptolemy.moml.MoMLSimpleApplication@56b55c68
reloadAllAccessors: .MatrixCropLong

===========================================================================================
----------------- testing Sun Aug 25 05:34:01 UTC 2019 /home/travis/build/icyphy/ptII/ptolemy/actor/lib/test/auto/MatrixToArray.xml
----------------- Instantiating /home/travis/build/icyphy/ptII/ptolemy/actor/lib/test/auto/MatrixToArray.xml
12 ms. Memory: 529408K Free: 282387K (53%)
----------------- Invoking toplevel() on ptolemy.moml.MoMLSimpleApplication@6b48a01e
----------------- Done invoking toplevel() on ptolemy.moml.MoMLSimpleApplication@6b48a01e
reloadAllAccessors: .MatrixToArray

===========================================================================================
----------------- testing Sun Aug 25 05:34:01 UTC 2019 /home/travis/build/icyphy/ptII/ptolemy/actor/lib/test/auto/MaxIndex.xml
----------------- Instantiating /home/travis/build/icyphy/ptII/ptolemy/actor/lib/test/auto/MaxIndex.xml
2 ms. Memory: 529408K Free: 277781K (52%)
----------------- Invoking toplevel() on ptolemy.moml.MoMLSimpleApplication@17df4283
----------------- Done invoking toplevel() on ptolemy.moml.MoMLSimpleApplication@17df4283
reloadAllAccessors: .MaxIndex

===========================================================================================
----------------- testing Sun Aug 25 05:34:01 UTC 2019 /home/travis/build/icyphy/ptII/ptolemy/actor/lib/test/auto/Maximum.xml
----------------- Instantiating /home/travis/build/icyphy/ptII/ptolemy/actor/lib/test/auto/Maximum.xml
6 ms. Memory: 529408K Free: 271093K (51%)
----------------- Invoking toplevel() on ptolemy.moml.MoMLSimpleApplication@7f1bb5ec
----------------- Done invoking toplevel() on ptolemy.moml.MoMLSimpleApplication@7f1bb5ec
reloadAllAccessors: .Maximum

===========================================================================================
----------------- testing Sun Aug 25 05:34:01 UTC 2019 /home/travis/build/icyphy/ptII/ptolemy/actor/lib/test/auto/MaximumComplex.xml
----------------- Instantiating /home/travis/build/icyphy/ptII/ptolemy/actor/lib/test/auto/MaximumComplex.xml
4 ms. Memory: 529408K Free: 264965K (50%)
----------------- Invoking toplevel() on ptolemy.moml.MoMLSimpleApplication@6316ff05
----------------- Done invoking toplevel() on ptolemy.moml.MoMLSimpleApplication@6316ff05
reloadAllAccessors: .MaximumComplex

===========================================================================================
----------------- testing Sun Aug 25 05:34:01 UTC 2019 /home/travis/build/icyphy/ptII/ptolemy/actor/lib/test/auto/MethodCallTest.xml
----------------- Instantiating /home/travis/build/icyphy/ptII/ptolemy/actor/lib/test/auto/MethodCallTest.xml
3 ms. Memory: 529408K Free: 258325K (49%)
----------------- Invoking toplevel() on ptolemy.moml.MoMLSimpleApplication@1339c4f
----------------- Done invoking toplevel() on ptolemy.moml.MoMLSimpleApplication@1339c4f
reloadAllAccessors: .MethodCallTest

===========================================================================================
----------------- testing Sun Aug 25 05:34:01 UTC 2019 /home/travis/build/icyphy/ptII/ptolemy/actor/lib/test/auto/Minimum.xml
----------------- Instantiating /home/travis/build/icyphy/ptII/ptolemy/actor/lib/test/auto/Minimum.xml
3 ms. Memory: 529408K Free: 251667K (48%)
----------------- Invoking toplevel() on ptolemy.moml.MoMLSimpleApplication@59c43f1b
----------------- Done invoking toplevel() on ptolemy.moml.MoMLSimpleApplication@59c43f1b
reloadAllAccessors: .Minimum

===========================================================================================
----------------- testing Sun Aug 25 05:34:01 UTC 2019 /home/travis/build/icyphy/ptII/ptolemy/actor/lib/test/auto/MinimumComplex.xml
----------------- Instantiating /home/travis/build/icyphy/ptII/ptolemy/actor/lib/test/auto/MinimumComplex.xml
3 ms. Memory: 529408K Free: 246037K (46%)
----------------- Invoking toplevel() on ptolemy.moml.MoMLSimpleApplication@5b571184
----------------- Done invoking toplevel() on ptolemy.moml.MoMLSimpleApplication@5b571184
reloadAllAccessors: .MinimumComplex

===========================================================================================
----------------- testing Sun Aug 25 05:34:01 UTC 2019 /home/travis/build/icyphy/ptII/ptolemy/actor/lib/test/auto/MinimumMultiports.xml
----------------- Instantiating /home/travis/build/icyphy/ptII/ptolemy/actor/lib/test/auto/MinimumMultiports.xml
3 ms. Memory: 529408K Free: 237317K (45%)
----------------- Invoking toplevel() on ptolemy.moml.MoMLSimpleApplication@40699998
----------------- Done invoking toplevel() on ptolemy.moml.MoMLSimpleApplication@40699998
reloadAllAccessors: .MinimumMultiports

===========================================================================================
----------------- testing Sun Aug 25 05:34:01 UTC 2019 /home/travis/build/icyphy/ptII/ptolemy/actor/lib/test/auto/ModifyDate.xml
----------------- Instantiating /home/travis/build/icyphy/ptII/ptolemy/actor/lib/test/auto/ModifyDate.xml
7 ms. Memory: 529408K Free: 224019K (42%)
----------------- Invoking toplevel() on ptolemy.moml.MoMLSimpleApplication@7864b194
----------------- Done invoking toplevel() on ptolemy.moml.MoMLSimpleApplication@7864b194
reloadAllAccessors: .ModifyDate

===========================================================================================
----------------- testing Sun Aug 25 05:34:01 UTC 2019 /home/travis/build/icyphy/ptII/ptolemy/actor/lib/test/auto/ModifyDate2.xml
----------------- Instantiating /home/travis/build/icyphy/ptII/ptolemy/actor/lib/test/auto/ModifyDate2.xml
8 ms. Memory: 529408K Free: 215317K (41%)
----------------- Invoking toplevel() on ptolemy.moml.MoMLSimpleApplication@190b2cb1
----------------- Done invoking toplevel() on ptolemy.moml.MoMLSimpleApplication@190b2cb1
reloadAllAccessors: .ModifyDate2

===========================================================================================
----------------- testing Sun Aug 25 05:34:01 UTC 2019 /home/travis/build/icyphy/ptII/ptolemy/actor/lib/test/auto/MovingAverage.xml
----------------- Instantiating /home/travis/build/icyphy/ptII/ptolemy/actor/lib/test/auto/MovingAverage.xml
7 ms. Memory: 529408K Free: 210707K (40%)
----------------- Invoking toplevel() on ptolemy.moml.MoMLSimpleApplication@74f06184
----------------- Done invoking toplevel() on ptolemy.moml.MoMLSimpleApplication@74f06184
reloadAllAccessors: .MovingAverage

===========================================================================================
----------------- testing Sun Aug 25 05:34:01 UTC 2019 /home/travis/build/icyphy/ptII/ptolemy/actor/lib/test/auto/MovingMaximum.xml
----------------- Instantiating /home/travis/build/icyphy/ptII/ptolemy/actor/lib/test/auto/MovingMaximum.xml
1 ms. Memory: 529408K Free: 206101K (39%)
----------------- Invoking toplevel() on ptolemy.moml.MoMLSimpleApplication@8f73e10
----------------- Done invoking toplevel() on ptolemy.moml.MoMLSimpleApplication@8f73e10
reloadAllAccessors: .MovingMaximum

===========================================================================================
----------------- testing Sun Aug 25 05:34:01 UTC 2019 /home/travis/build/icyphy/ptII/ptolemy/actor/lib/test/auto/MultipleLinksToSameRelation.xml
----------------- Instantiating /home/travis/build/icyphy/ptII/ptolemy/actor/lib/test/auto/MultipleLinksToSameRelation.xml
5 ms. Memory: 529408K Free: 202005K (38%)
----------------- Invoking toplevel() on ptolemy.moml.MoMLSimpleApplication@60aaa7d2
----------------- Done invoking toplevel() on ptolemy.moml.MoMLSimpleApplication@60aaa7d2
reloadAllAccessors: .MultipleLinksToSameRelation

===========================================================================================
----------------- testing Sun Aug 25 05:34:01 UTC 2019 /home/travis/build/icyphy/ptII/ptolemy/actor/lib/test/auto/MultipleLinksToSameRelationDE.xml
----------------- Instantiating /home/travis/build/icyphy/ptII/ptolemy/actor/lib/test/auto/MultipleLinksToSameRelationDE.xml
1 ms. Memory: 529408K Free: 197381K (37%)
----------------- Invoking toplevel() on ptolemy.moml.MoMLSimpleApplication@213bf0d7
----------------- Done invoking toplevel() on ptolemy.moml.MoMLSimpleApplication@213bf0d7
reloadAllAccessors: .MultipleLinksToSameRelationDE

===========================================================================================
----------------- testing Sun Aug 25 05:34:01 UTC 2019 /home/travis/build/icyphy/ptII/ptolemy/actor/lib/test/auto/Multiplexor.xml
----------------- Instantiating /home/travis/build/icyphy/ptII/ptolemy/actor/lib/test/auto/Multiplexor.xml
1 ms. Memory: 529408K Free: 191765K (36%)
----------------- Invoking toplevel() on ptolemy.moml.MoMLSimpleApplication@665f502b
----------------- Done invoking toplevel() on ptolemy.moml.MoMLSimpleApplication@665f502b
reloadAllAccessors: .Multiplexor

===========================================================================================
----------------- testing Sun Aug 25 05:34:01 UTC 2019 /home/travis/build/icyphy/ptII/ptolemy/actor/lib/test/auto/Multiplexor1.xml
----------------- Instantiating /home/travis/build/icyphy/ptII/ptolemy/actor/lib/test/auto/Multiplexor1.xml
2 ms. Memory: 529408K Free: 186101K (35%)
----------------- Invoking toplevel() on ptolemy.moml.MoMLSimpleApplication@5a4b097c
----------------- Done invoking toplevel() on ptolemy.moml.MoMLSimpleApplication@5a4b097c
reloadAllAccessors: .Multiplexor1

===========================================================================================
----------------- testing Sun Aug 25 05:34:01 UTC 2019 /home/travis/build/icyphy/ptII/ptolemy/actor/lib/test/auto/Multiplexor2.xml
----------------- Instantiating /home/travis/build/icyphy/ptII/ptolemy/actor/lib/test/auto/Multiplexor2.xml
2 ms. Memory: 529408K Free: 179477K (34%)
----------------- Invoking toplevel() on ptolemy.moml.MoMLSimpleApplication@4d27c036
----------------- Done invoking toplevel() on ptolemy.moml.MoMLSimpleApplication@4d27c036
reloadAllAccessors: .Multiplexor2

===========================================================================================
----------------- testing Sun Aug 25 05:34:01 UTC 2019 /home/travis/build/icyphy/ptII/ptolemy/actor/lib/test/auto/Multiplexor3.xml
----------------- Instantiating /home/travis/build/icyphy/ptII/ptolemy/actor/lib/test/auto/Multiplexor3.xml
2 ms. Memory: 529408K Free: 175381K (33%)
----------------- Invoking toplevel() on ptolemy.moml.MoMLSimpleApplication@1371486e
----------------- Done invoking toplevel() on ptolemy.moml.MoMLSimpleApplication@1371486e
reloadAllAccessors: .Multiplexor3

===========================================================================================
----------------- testing Sun Aug 25 05:34:01 UTC 2019 /home/travis/build/icyphy/ptII/ptolemy/actor/lib/test/auto/MultiplexorDE.xml
----------------- Instantiating /home/travis/build/icyphy/ptII/ptolemy/actor/lib/test/auto/MultiplexorDE.xml
14 ms. Memory: 529408K Free: 480956K (91%)
----------------- Invoking toplevel() on ptolemy.moml.MoMLSimpleApplication@15008a37
----------------- Done invoking toplevel() on ptolemy.moml.MoMLSimpleApplication@15008a37
reloadAllAccessors: .MultiplexorDE

===========================================================================================
----------------- testing Sun Aug 25 05:34:01 UTC 2019 /home/travis/build/icyphy/ptII/ptolemy/actor/lib/test/auto/MultiportBroadcastTest.xml
----------------- Instantiating /home/travis/build/icyphy/ptII/ptolemy/actor/lib/test/auto/MultiportBroadcastTest.xml
92 ms. Memory: 529408K Free: 474348K (90%)
----------------- Invoking toplevel() on ptolemy.moml.MoMLSimpleApplication@3c5cb004
----------------- Done invoking toplevel() on ptolemy.moml.MoMLSimpleApplication@3c5cb004
reloadAllAccessors: .MultiportBroadcastTest

===========================================================================================
----------------- testing Sun Aug 25 05:34:01 UTC 2019 /home/travis/build/icyphy/ptII/ptolemy/actor/lib/test/auto/MultiportOutHangDuringGetWidth.xml
----------------- Instantiating /home/travis/build/icyphy/ptII/ptolemy/actor/lib/test/auto/MultiportOutHangDuringGetWidth.xml
12 ms. Memory: 529408K Free: 462060K (87%)
----------------- Invoking toplevel() on ptolemy.moml.MoMLSimpleApplication@2cdf96bb
----------------- Done invoking toplevel() on ptolemy.moml.MoMLSimpleApplication@2cdf96bb
reloadAllAccessors: .MultiportOutHangDuringGetWidth

===========================================================================================
----------------- testing Sun Aug 25 05:34:01 UTC 2019 /home/travis/build/icyphy/ptII/ptolemy/actor/lib/test/auto/NilToken.xml
----------------- Instantiating /home/travis/build/icyphy/ptII/ptolemy/actor/lib/test/auto/NilToken.xml
1 ms. Memory: 529408K Free: 457964K (87%)
----------------- Invoking toplevel() on ptolemy.moml.MoMLSimpleApplication@7f72703
----------------- Done invoking toplevel() on ptolemy.moml.MoMLSimpleApplication@7f72703
reloadAllAccessors: .NilToken

===========================================================================================
----------------- testing Sun Aug 25 05:34:01 UTC 2019 /home/travis/build/icyphy/ptII/ptolemy/actor/lib/test/auto/NilTokenNonStrictTest.xml
----------------- Instantiating /home/travis/build/icyphy/ptII/ptolemy/actor/lib/test/auto/NilTokenNonStrictTest.xml
3 ms. Memory: 529408K Free: 453868K (86%)
----------------- Invoking toplevel() on ptolemy.moml.MoMLSimpleApplication@5f007cb
----------------- Done invoking toplevel() on ptolemy.moml.MoMLSimpleApplication@5f007cb
reloadAllAccessors: .NilTokenNonStrictTest

===========================================================================================
----------------- testing Sun Aug 25 05:34:01 UTC 2019 /home/travis/build/icyphy/ptII/ptolemy/actor/lib/test/auto/NilTokenRecord.xml
----------------- Instantiating /home/travis/build/icyphy/ptII/ptolemy/actor/lib/test/auto/NilTokenRecord.xml
6 ms. Memory: 529408K Free: 447210K (84%)
----------------- Invoking toplevel() on ptolemy.moml.MoMLSimpleApplication@4ba264cb
----------------- Done invoking toplevel() on ptolemy.moml.MoMLSimpleApplication@4ba264cb
reloadAllAccessors: .NilTokenRecord

===========================================================================================
----------------- testing Sun Aug 25 05:34:01 UTC 2019 /home/travis/build/icyphy/ptII/ptolemy/actor/lib/test/auto/NilTokenTypeTest.xml
----------------- Instantiating /home/travis/build/icyphy/ptII/ptolemy/actor/lib/test/auto/NilTokenTypeTest.xml
6 ms. Memory: 529408K Free: 437484K (83%)
----------------- Invoking toplevel() on ptolemy.moml.MoMLSimpleApplication@29d361ca
----------------- Done invoking toplevel() on ptolemy.moml.MoMLSimpleApplication@29d361ca
reloadAllAccessors: .NilTokenTypeTest

===========================================================================================
----------------- testing Sun Aug 25 05:34:01 UTC 2019 /home/travis/build/icyphy/ptII/ptolemy/actor/lib/test/auto/ObjectToken1.xml
----------------- Instantiating /home/travis/build/icyphy/ptII/ptolemy/actor/lib/test/auto/ObjectToken1.xml
2 ms. Memory: 529408K Free: 433388K (82%)
----------------- Invoking toplevel() on ptolemy.moml.MoMLSimpleApplication@5e94f5f3
----------------- Done invoking toplevel() on ptolemy.moml.MoMLSimpleApplication@5e94f5f3
reloadAllAccessors: .ObjectToken1

===========================================================================================
----------------- testing Sun Aug 25 05:34:01 UTC 2019 /home/travis/build/icyphy/ptII/ptolemy/actor/lib/test/auto/OrderedMerge.xml
----------------- Instantiating /home/travis/build/icyphy/ptII/ptolemy/actor/lib/test/auto/OrderedMerge.xml
8 ms. Memory: 529408K Free: 427754K (81%)
----------------- Invoking toplevel() on ptolemy.moml.MoMLSimpleApplication@543c7531
----------------- Done invoking toplevel() on ptolemy.moml.MoMLSimpleApplication@543c7531
reloadAllAccessors: .OrderedMerge

===========================================================================================
----------------- testing Sun Aug 25 05:34:02 UTC 2019 /home/travis/build/icyphy/ptII/ptolemy/actor/lib/test/auto/OrderedRecordDisassembler.xml
----------------- Instantiating /home/travis/build/icyphy/ptII/ptolemy/actor/lib/test/auto/OrderedRecordDisassembler.xml
3 ms. Memory: 529408K Free: 423148K (80%)
----------------- Invoking toplevel() on ptolemy.moml.MoMLSimpleApplication@3f738c98
----------------- Done invoking toplevel() on ptolemy.moml.MoMLSimpleApplication@3f738c98
reloadAllAccessors: .OrderedRecordDisassembler

===========================================================================================
----------------- testing Sun Aug 25 05:34:02 UTC 2019 /home/travis/build/icyphy/ptII/ptolemy/actor/lib/test/auto/OrderedRecordDisassembler2.xml
----------------- Instantiating /home/travis/build/icyphy/ptII/ptolemy/actor/lib/test/auto/OrderedRecordDisassembler2.xml
4 ms. Memory: 529408K Free: 415436K (78%)
----------------- Invoking toplevel() on ptolemy.moml.MoMLSimpleApplication@78ea26df
----------------- Done invoking toplevel() on ptolemy.moml.MoMLSimpleApplication@78ea26df
reloadAllAccessors: .OrderedRecordDisassembler2

===========================================================================================
----------------- testing Sun Aug 25 05:34:02 UTC 2019 /home/travis/build/icyphy/ptII/ptolemy/actor/lib/test/auto/OrderedRecordUpdater.xml
----------------- Instantiating /home/travis/build/icyphy/ptII/ptolemy/actor/lib/test/auto/OrderedRecordUpdater.xml
2 ms. Memory: 529408K Free: 410346K (78%)
----------------- Invoking toplevel() on ptolemy.moml.MoMLSimpleApplication@47b3fd50
----------------- Done invoking toplevel() on ptolemy.moml.MoMLSimpleApplication@47b3fd50
reloadAllAccessors: .RecordUpdater

===========================================================================================
----------------- testing Sun Aug 25 05:34:02 UTC 2019 /home/travis/build/icyphy/ptII/ptolemy/actor/lib/test/auto/OrderedRecordUpdater2.xml
----------------- Instantiating /home/travis/build/icyphy/ptII/ptolemy/actor/lib/test/auto/OrderedRecordUpdater2.xml
3 ms. Memory: 529408K Free: 405226K (77%)
----------------- Invoking toplevel() on ptolemy.moml.MoMLSimpleApplication@5d39e5fd
----------------- Done invoking toplevel() on ptolemy.moml.MoMLSimpleApplication@5d39e5fd
reloadAllAccessors: .RecordUpdater2

===========================================================================================
----------------- testing Sun Aug 25 05:34:02 UTC 2019 /home/travis/build/icyphy/ptII/ptolemy/actor/lib/test/auto/PhaseUnwrap.xml
----------------- Instantiating /home/travis/build/icyphy/ptII/ptolemy/actor/lib/test/auto/PhaseUnwrap.xml
2 ms. Memory: 529408K Free: 400620K (76%)
----------------- Invoking toplevel() on ptolemy.moml.MoMLSimpleApplication@5fb766bd
----------------- Done invoking toplevel() on ptolemy.moml.MoMLSimpleApplication@5fb766bd
reloadAllAccessors: .PhaseUnwrap

===========================================================================================
----------------- testing Sun Aug 25 05:34:02 UTC 2019 /home/travis/build/icyphy/ptII/ptolemy/actor/lib/test/auto/PoissonClock.xml
----------------- Instantiating /home/travis/build/icyphy/ptII/ptolemy/actor/lib/test/auto/PoissonClock.xml
1 ms. Memory: 529408K Free: 396524K (75%)
----------------- Invoking toplevel() on ptolemy.moml.MoMLSimpleApplication@1d4a306d
----------------- Done invoking toplevel() on ptolemy.moml.MoMLSimpleApplication@1d4a306d
reloadAllAccessors: .PoissonClock

===========================================================================================
----------------- testing Sun Aug 25 05:34:02 UTC 2019 /home/travis/build/icyphy/ptII/ptolemy/actor/lib/test/auto/PoissonClock2.xml
----------------- Instantiating /home/travis/build/icyphy/ptII/ptolemy/actor/lib/test/auto/PoissonClock2.xml
1 ms. Memory: 529408K Free: 392428K (74%)
----------------- Invoking toplevel() on ptolemy.moml.MoMLSimpleApplication@25fe40f2
----------------- Done invoking toplevel() on ptolemy.moml.MoMLSimpleApplication@25fe40f2
reloadAllAccessors: .PoissonClock2

===========================================================================================
----------------- testing Sun Aug 25 05:34:02 UTC 2019 /home/travis/build/icyphy/ptII/ptolemy/actor/lib/test/auto/PoissonClock3.xml
----------------- Instantiating /home/travis/build/icyphy/ptII/ptolemy/actor/lib/test/auto/PoissonClock3.xml
2 ms. Memory: 529408K Free: 387818K (73%)
----------------- Invoking toplevel() on ptolemy.moml.MoMLSimpleApplication@71be2716
----------------- Done invoking toplevel() on ptolemy.moml.MoMLSimpleApplication@71be2716
reloadAllAccessors: .PoissonClock3

===========================================================================================
----------------- testing Sun Aug 25 05:34:02 UTC 2019 /home/travis/build/icyphy/ptII/ptolemy/actor/lib/test/auto/PubSubWithInitialTokens.xml
----------------- Instantiating /home/travis/build/icyphy/ptII/ptolemy/actor/lib/test/auto/PubSubWithInitialTokens.xml
2 ms. Memory: 529408K Free: 382188K (72%)
----------------- Invoking toplevel() on ptolemy.moml.MoMLSimpleApplication@62905806
----------------- Done invoking toplevel() on ptolemy.moml.MoMLSimpleApplication@62905806
reloadAllAccessors: .PubSubWithInitialTokens

===========================================================================================
----------------- testing Sun Aug 25 05:34:02 UTC 2019 /home/travis/build/icyphy/ptII/ptolemy/actor/lib/test/auto/PubSubWithInitialTokens2.xml
----------------- Instantiating /home/travis/build/icyphy/ptII/ptolemy/actor/lib/test/auto/PubSubWithInitialTokens2.xml
2 ms. Memory: 529408K Free: 376044K (71%)
----------------- Invoking toplevel() on ptolemy.moml.MoMLSimpleApplication@1d538d43
----------------- Done invoking toplevel() on ptolemy.moml.MoMLSimpleApplication@1d538d43
reloadAllAccessors: .PubSubWithInitialTokens2

===========================================================================================
----------------- testing Sun Aug 25 05:34:02 UTC 2019 /home/travis/build/icyphy/ptII/ptolemy/actor/lib/test/auto/PublisherClassNoParameter.xml
----------------- Instantiating /home/travis/build/icyphy/ptII/ptolemy/actor/lib/test/auto/PublisherClassNoParameter.xml
2 ms. Memory: 529408K Free: 366314K (69%)
----------------- Invoking toplevel() on ptolemy.moml.MoMLSimpleApplication@62088466
----------------- Done invoking toplevel() on ptolemy.moml.MoMLSimpleApplication@62088466
reloadAllAccessors: .PublisherClassNoParameter

===========================================================================================
----------------- testing Sun Aug 25 05:34:02 UTC 2019 /home/travis/build/icyphy/ptII/ptolemy/actor/lib/test/auto/PublisherClassParameter.xml
----------------- Instantiating /home/travis/build/icyphy/ptII/ptolemy/actor/lib/test/auto/PublisherClassParameter.xml
2 ms. Memory: 529408K Free: 356074K (67%)
----------------- Invoking toplevel() on ptolemy.moml.MoMLSimpleApplication@7043f4f2
----------------- Done invoking toplevel() on ptolemy.moml.MoMLSimpleApplication@7043f4f2
reloadAllAccessors: .PublisherClassParameter

===========================================================================================
----------------- testing Sun Aug 25 05:34:02 UTC 2019 /home/travis/build/icyphy/ptII/ptolemy/actor/lib/test/auto/PublisherNonStrictTest.xml
----------------- Instantiating /home/travis/build/icyphy/ptII/ptolemy/actor/lib/test/auto/PublisherNonStrictTest.xml
2 ms. Memory: 529408K Free: 348396K (66%)
----------------- Invoking toplevel() on ptolemy.moml.MoMLSimpleApplication@56b46549
----------------- Done invoking toplevel() on ptolemy.moml.MoMLSimpleApplication@56b46549
reloadAllAccessors: .PublisherNonStrictTest

===========================================================================================
----------------- testing Sun Aug 25 05:34:02 UTC 2019 /home/travis/build/icyphy/ptII/ptolemy/actor/lib/test/auto/PublisherPort1.xml
----------------- Instantiating /home/travis/build/icyphy/ptII/ptolemy/actor/lib/test/auto/PublisherPort1.xml
11 ms. Memory: 529408K Free: 343276K (65%)
----------------- Invoking toplevel() on ptolemy.moml.MoMLSimpleApplication@36ec41d9
----------------- Done invoking toplevel() on ptolemy.moml.MoMLSimpleApplication@36ec41d9
reloadAllAccessors: .PublisherPort1

===========================================================================================
----------------- testing Sun Aug 25 05:34:02 UTC 2019 /home/travis/build/icyphy/ptII/ptolemy/actor/lib/test/auto/PublisherPort2.xml
----------------- Instantiating /home/travis/build/icyphy/ptII/ptolemy/actor/lib/test/auto/PublisherPort2.xml
1 ms. Memory: 529408K Free: 338156K (64%)
----------------- Invoking toplevel() on ptolemy.moml.MoMLSimpleApplication@631c8fa8
----------------- Done invoking toplevel() on ptolemy.moml.MoMLSimpleApplication@631c8fa8
reloadAllAccessors: .PublisherPort2

===========================================================================================
----------------- testing Sun Aug 25 05:34:02 UTC 2019 /home/travis/build/icyphy/ptII/ptolemy/actor/lib/test/auto/PublisherPort3.xml
----------------- Instantiating /home/travis/build/icyphy/ptII/ptolemy/actor/lib/test/auto/PublisherPort3.xml
3 ms. Memory: 529408K Free: 331468K (63%)
----------------- Invoking toplevel() on ptolemy.moml.MoMLSimpleApplication@4cf1e724
----------------- Done invoking toplevel() on ptolemy.moml.MoMLSimpleApplication@4cf1e724
reloadAllAccessors: .PublisherPort3

===========================================================================================
----------------- testing Sun Aug 25 05:34:02 UTC 2019 /home/travis/build/icyphy/ptII/ptolemy/actor/lib/test/auto/PublisherPort4.xml
----------------- Instantiating /home/travis/build/icyphy/ptII/ptolemy/actor/lib/test/auto/PublisherPort4.xml
2 ms. Memory: 529408K Free: 325868K (62%)
----------------- Invoking toplevel() on ptolemy.moml.MoMLSimpleApplication@53c12a5
----------------- Done invoking toplevel() on ptolemy.moml.MoMLSimpleApplication@53c12a5
reloadAllAccessors: .PublisherPort4

===========================================================================================
----------------- testing Sun Aug 25 05:34:02 UTC 2019 /home/travis/build/icyphy/ptII/ptolemy/actor/lib/test/auto/PublisherPort5.xml
----------------- Instantiating /home/travis/build/icyphy/ptII/ptolemy/actor/lib/test/auto/PublisherPort5.xml
4 ms. Memory: 529408K Free: 318186K (60%)
----------------- Invoking toplevel() on ptolemy.moml.MoMLSimpleApplication@7b8095c5
----------------- Done invoking toplevel() on ptolemy.moml.MoMLSimpleApplication@7b8095c5
reloadAllAccessors: .PublisherPort5

===========================================================================================
----------------- testing Sun Aug 25 05:34:02 UTC 2019 /home/travis/build/icyphy/ptII/ptolemy/actor/lib/test/auto/PublisherPort5LookAlike.xml
----------------- Instantiating /home/travis/build/icyphy/ptII/ptolemy/actor/lib/test/auto/PublisherPort5LookAlike.xml
8 ms. Memory: 529408K Free: 310508K (59%)
----------------- Invoking toplevel() on ptolemy.moml.MoMLSimpleApplication@55f4dc3c
----------------- Done invoking toplevel() on ptolemy.moml.MoMLSimpleApplication@55f4dc3c
reloadAllAccessors: .PublisherPort5LookAlike

===========================================================================================
----------------- testing Sun Aug 25 05:34:02 UTC 2019 /home/travis/build/icyphy/ptII/ptolemy/actor/lib/test/auto/PublisherPort6.xml
----------------- Instantiating /home/travis/build/icyphy/ptII/ptolemy/actor/lib/test/auto/PublisherPort6.xml
2 ms. Memory: 529408K Free: 303850K (57%)
----------------- Invoking toplevel() on ptolemy.moml.MoMLSimpleApplication@42b92c3d
----------------- Done invoking toplevel() on ptolemy.moml.MoMLSimpleApplication@42b92c3d
reloadAllAccessors: .PublisherPort6

===========================================================================================
----------------- testing Sun Aug 25 05:34:02 UTC 2019 /home/travis/build/icyphy/ptII/ptolemy/actor/lib/test/auto/PublisherPort7.xml
----------------- Instantiating /home/travis/build/icyphy/ptII/ptolemy/actor/lib/test/auto/PublisherPort7.xml
9 ms. Memory: 529408K Free: 296172K (56%)
----------------- Invoking toplevel() on ptolemy.moml.MoMLSimpleApplication@23a7839d
----------------- Done invoking toplevel() on ptolemy.moml.MoMLSimpleApplication@23a7839d
reloadAllAccessors: .PublisherPort7

===========================================================================================
----------------- testing Sun Aug 25 05:34:02 UTC 2019 /home/travis/build/icyphy/ptII/ptolemy/actor/lib/test/auto/PublisherPort8.xml
----------------- Instantiating /home/travis/build/icyphy/ptII/ptolemy/actor/lib/test/auto/PublisherPort8.xml
4 ms. Memory: 529408K Free: 287980K (54%)
----------------- Invoking toplevel() on ptolemy.moml.MoMLSimpleApplication@164b816
----------------- Done invoking toplevel() on ptolemy.moml.MoMLSimpleApplication@164b816
reloadAllAccessors: .PublisherPort8

===========================================================================================
----------------- testing Sun Aug 25 05:34:02 UTC 2019 /home/travis/build/icyphy/ptII/ptolemy/actor/lib/test/auto/PublisherPortSubscriberChannelVariablesAOC2.xml
----------------- Instantiating /home/travis/build/icyphy/ptII/ptolemy/actor/lib/test/auto/PublisherPortSubscriberChannelVariablesAOC2.xml
3 ms. Memory: 529408K Free: 270572K (51%)
----------------- Invoking toplevel() on ptolemy.moml.MoMLSimpleApplication@5d8aed03
----------------- Done invoking toplevel() on ptolemy.moml.MoMLSimpleApplication@5d8aed03
reloadAllAccessors: .PublisherPortSubscriberChannelVariablesAOC2

===========================================================================================
----------------- testing Sun Aug 25 05:34:02 UTC 2019 /home/travis/build/icyphy/ptII/ptolemy/actor/lib/test/auto/PublisherPortSubscriberOpaqueWidthInference.xml
----------------- Instantiating /home/travis/build/icyphy/ptII/ptolemy/actor/lib/test/auto/PublisherPortSubscriberOpaqueWidthInference.xml
4 ms. Memory: 529408K Free: 262380K (50%)
----------------- Invoking toplevel() on ptolemy.moml.MoMLSimpleApplication@119e98f5
----------------- Done invoking toplevel() on ptolemy.moml.MoMLSimpleApplication@119e98f5
reloadAllAccessors: .PublisherPortSubscriberOpaqueWidthInference

===========================================================================================
----------------- testing Sun Aug 25 05:34:02 UTC 2019 /home/travis/build/icyphy/ptII/ptolemy/actor/lib/test/auto/PublisherPortSubscriberPortAdjacent.xml
----------------- Instantiating /home/travis/build/icyphy/ptII/ptolemy/actor/lib/test/auto/PublisherPortSubscriberPortAdjacent.xml
2 ms. Memory: 529408K Free: 254188K (48%)
----------------- Invoking toplevel() on ptolemy.moml.MoMLSimpleApplication@fc94f15
----------------- Done invoking toplevel() on ptolemy.moml.MoMLSimpleApplication@fc94f15
reloadAllAccessors: .PublisherPortSubscriberPortAdjacent

===========================================================================================
----------------- testing Sun Aug 25 05:34:02 UTC 2019 /home/travis/build/icyphy/ptII/ptolemy/actor/lib/test/auto/PublisherPortSubscriberPortExpression.xml
----------------- Instantiating /home/travis/build/icyphy/ptII/ptolemy/actor/lib/test/auto/PublisherPortSubscriberPortExpression.xml
5 ms. Memory: 529408K Free: 246492K (47%)
----------------- Invoking toplevel() on ptolemy.moml.MoMLSimpleApplication@1f91423a
----------------- Done invoking toplevel() on ptolemy.moml.MoMLSimpleApplication@1f91423a
reloadAllAccessors: .PublisherPortSubscriberPortExpression

===========================================================================================
----------------- testing Sun Aug 25 05:34:02 UTC 2019 /home/travis/build/icyphy/ptII/ptolemy/actor/lib/test/auto/PublisherPortSubscriberPortOpaqueD3Reverse.xml
----------------- Instantiating /home/travis/build/icyphy/ptII/ptolemy/actor/lib/test/auto/PublisherPortSubscriberPortOpaqueD3Reverse.xml
5 ms. Memory: 529408K Free: 236266K (45%)
----------------- Invoking toplevel() on ptolemy.moml.MoMLSimpleApplication@4003991f
----------------- Done invoking toplevel() on ptolemy.moml.MoMLSimpleApplication@4003991f
reloadAllAccessors: .PublisherPortSubscriberPortOpaqueD3Reverse

===========================================================================================
----------------- testing Sun Aug 25 05:34:02 UTC 2019 /home/travis/build/icyphy/ptII/ptolemy/actor/lib/test/auto/PublisherPortSubscriberPortOpaqueWidthInference.xml
----------------- Instantiating /home/travis/build/icyphy/ptII/ptolemy/actor/lib/test/auto/PublisherPortSubscriberPortOpaqueWidthInference.xml
3 ms. Memory: 529408K Free: 228588K (43%)
----------------- Invoking toplevel() on ptolemy.moml.MoMLSimpleApplication@4babd32d
----------------- Done invoking toplevel() on ptolemy.moml.MoMLSimpleApplication@4babd32d
reloadAllAccessors: .PublisherPortSubscriberPortOpaqueWidthInference

===========================================================================================
----------------- testing Sun Aug 25 05:34:02 UTC 2019 /home/travis/build/icyphy/ptII/ptolemy/actor/lib/test/auto/PublisherPortToplevelSubscriberPortAOC.xml
----------------- Instantiating /home/travis/build/icyphy/ptII/ptolemy/actor/lib/test/auto/PublisherPortToplevelSubscriberPortAOC.xml
.PublisherPortToplevelSubscriberPortAOC.TestExceptionAttribute: initialize() was not invoked, but wrapup() was.  This is unusual, but not always a problem.  For example, exporting JNLP will do this.
0 ms. Memory: 529408K Free: 222444K (42%)
----------------- Invoking toplevel() on ptolemy.moml.MoMLSimpleApplication@1371020d
----------------- Done invoking toplevel() on ptolemy.moml.MoMLSimpleApplication@1371020d
reloadAllAccessors: .PublisherPortToplevelSubscriberPortAOC

===========================================================================================
----------------- testing Sun Aug 25 05:34:02 UTC 2019 /home/travis/build/icyphy/ptII/ptolemy/actor/lib/test/auto/PublisherSubscriber.xml
----------------- Instantiating /home/travis/build/icyphy/ptII/ptolemy/actor/lib/test/auto/PublisherSubscriber.xml
3 ms. Memory: 529408K Free: 214732K (41%)
----------------- Invoking toplevel() on ptolemy.moml.MoMLSimpleApplication@4a03f019
----------------- Done invoking toplevel() on ptolemy.moml.MoMLSimpleApplication@4a03f019
reloadAllAccessors: .PublisherSubscriber

===========================================================================================
----------------- testing Sun Aug 25 05:34:02 UTC 2019 /home/travis/build/icyphy/ptII/ptolemy/actor/lib/test/auto/PublisherSubscriber10.xml
----------------- Instantiating /home/travis/build/icyphy/ptII/ptolemy/actor/lib/test/auto/PublisherSubscriber10.xml
6 ms. Memory: 529408K Free: 205036K (39%)
----------------- Invoking toplevel() on ptolemy.moml.MoMLSimpleApplication@18c9c34c
----------------- Done invoking toplevel() on ptolemy.moml.MoMLSimpleApplication@18c9c34c
reloadAllAccessors: .PublisherSubscriber10

===========================================================================================
----------------- testing Sun Aug 25 05:34:02 UTC 2019 /home/travis/build/icyphy/ptII/ptolemy/actor/lib/test/auto/PublisherSubscriber10InitialOutputs.xml
----------------- Instantiating /home/travis/build/icyphy/ptII/ptolemy/actor/lib/test/auto/PublisherSubscriber10InitialOutputs.xml
12 ms. Memory: 529408K Free: 196330K (37%)
----------------- Invoking toplevel() on ptolemy.moml.MoMLSimpleApplication@7783424e
----------------- Done invoking toplevel() on ptolemy.moml.MoMLSimpleApplication@7783424e
reloadAllAccessors: .PublisherSubscriber10InitialOutputs

===========================================================================================
----------------- testing Sun Aug 25 05:34:02 UTC 2019 /home/travis/build/icyphy/ptII/ptolemy/actor/lib/test/auto/PublisherSubscriber11.xml
----------------- Instantiating /home/travis/build/icyphy/ptII/ptolemy/actor/lib/test/auto/PublisherSubscriber11.xml
3 ms. Memory: 529408K Free: 189676K (36%)
----------------- Invoking toplevel() on ptolemy.moml.MoMLSimpleApplication@53c65c42
----------------- Done invoking toplevel() on ptolemy.moml.MoMLSimpleApplication@53c65c42
reloadAllAccessors: .PublisherSubscriber11

===========================================================================================
----------------- testing Sun Aug 25 05:34:02 UTC 2019 /home/travis/build/icyphy/ptII/ptolemy/actor/lib/test/auto/PublisherSubscriber12.xml
----------------- Instantiating /home/travis/build/icyphy/ptII/ptolemy/actor/lib/test/auto/PublisherSubscriber12.xml
6 ms. Memory: 529408K Free: 182508K (34%)
----------------- Invoking toplevel() on ptolemy.moml.MoMLSimpleApplication@2743fc8f
----------------- Done invoking toplevel() on ptolemy.moml.MoMLSimpleApplication@2743fc8f
reloadAllAccessors: .PublisherSubscriber12

===========================================================================================
----------------- testing Sun Aug 25 05:34:02 UTC 2019 /home/travis/build/icyphy/ptII/ptolemy/actor/lib/test/auto/PublisherSubscriber13.xml
----------------- Instantiating /home/travis/build/icyphy/ptII/ptolemy/actor/lib/test/auto/PublisherSubscriber13.xml
3 ms. Memory: 529408K Free: 176844K (33%)
----------------- Invoking toplevel() on ptolemy.moml.MoMLSimpleApplication@79546e29
----------------- Done invoking toplevel() on ptolemy.moml.MoMLSimpleApplication@79546e29
reloadAllAccessors: .PublisherSubscriber13

===========================================================================================
----------------- testing Sun Aug 25 05:34:02 UTC 2019 /home/travis/build/icyphy/ptII/ptolemy/actor/lib/test/auto/PublisherSubscriber14.xml
----------------- Instantiating /home/travis/build/icyphy/ptII/ptolemy/actor/lib/test/auto/PublisherSubscriber14.xml
1 ms. Memory: 529408K Free: 168172K (32%)
----------------- Invoking toplevel() on ptolemy.moml.MoMLSimpleApplication@7e085bc2
----------------- Done invoking toplevel() on ptolemy.moml.MoMLSimpleApplication@7e085bc2
reloadAllAccessors: .PublisherSubscriber14

===========================================================================================
----------------- testing Sun Aug 25 05:34:02 UTC 2019 /home/travis/build/icyphy/ptII/ptolemy/actor/lib/test/auto/PublisherSubscriber2.xml
----------------- Instantiating /home/travis/build/icyphy/ptII/ptolemy/actor/lib/test/auto/PublisherSubscriber2.xml
4 ms. Memory: 529408K Free: 475862K (90%)
----------------- Invoking toplevel() on ptolemy.moml.MoMLSimpleApplication@bc25d0d
----------------- Done invoking toplevel() on ptolemy.moml.MoMLSimpleApplication@bc25d0d
reloadAllAccessors: .PublisherSubscriber2

===========================================================================================
----------------- testing Sun Aug 25 05:34:02 UTC 2019 /home/travis/build/icyphy/ptII/ptolemy/actor/lib/test/auto/PublisherSubscriber3.xml
----------------- Instantiating /home/travis/build/icyphy/ptII/ptolemy/actor/lib/test/auto/PublisherSubscriber3.xml
1 ms. Memory: 529408K Free: 470246K (89%)
----------------- Invoking toplevel() on ptolemy.moml.MoMLSimpleApplication@5e645168
----------------- Done invoking toplevel() on ptolemy.moml.MoMLSimpleApplication@5e645168
reloadAllAccessors: .PublisherSubscriber3

===========================================================================================
----------------- testing Sun Aug 25 05:34:02 UTC 2019 /home/travis/build/icyphy/ptII/ptolemy/actor/lib/test/auto/PublisherSubscriber4.xml
----------------- Instantiating /home/travis/build/icyphy/ptII/ptolemy/actor/lib/test/auto/PublisherSubscriber4.xml
2 ms. Memory: 529408K Free: 465126K (88%)
----------------- Invoking toplevel() on ptolemy.moml.MoMLSimpleApplication@2838da0d
----------------- Done invoking toplevel() on ptolemy.moml.MoMLSimpleApplication@2838da0d
reloadAllAccessors: .PublisherSubscriber4

===========================================================================================
----------------- testing Sun Aug 25 05:34:02 UTC 2019 /home/travis/build/icyphy/ptII/ptolemy/actor/lib/test/auto/PublisherSubscriber5.xml
----------------- Instantiating /home/travis/build/icyphy/ptII/ptolemy/actor/lib/test/auto/PublisherSubscriber5.xml
2 ms. Memory: 529408K Free: 458462K (87%)
----------------- Invoking toplevel() on ptolemy.moml.MoMLSimpleApplication@62428063
----------------- Done invoking toplevel() on ptolemy.moml.MoMLSimpleApplication@62428063
reloadAllAccessors: .PublisherSubscriber5

===========================================================================================
----------------- testing Sun Aug 25 05:34:02 UTC 2019 /home/travis/build/icyphy/ptII/ptolemy/actor/lib/test/auto/PublisherSubscriber6.xml
----------------- Instantiating /home/travis/build/icyphy/ptII/ptolemy/actor/lib/test/auto/PublisherSubscriber6.xml
4 ms. Memory: 529408K Free: 451814K (85%)
----------------- Invoking toplevel() on ptolemy.moml.MoMLSimpleApplication@70d78bde
----------------- Done invoking toplevel() on ptolemy.moml.MoMLSimpleApplication@70d78bde
reloadAllAccessors: .PublisherSubscriber6

===========================================================================================
----------------- testing Sun Aug 25 05:34:02 UTC 2019 /home/travis/build/icyphy/ptII/ptolemy/actor/lib/test/auto/PublisherSubscriber7.xml
----------------- Instantiating /home/travis/build/icyphy/ptII/ptolemy/actor/lib/test/auto/PublisherSubscriber7.xml
8 ms. Memory: 529408K Free: 445156K (84%)
----------------- Invoking toplevel() on ptolemy.moml.MoMLSimpleApplication@1fe23eb3
----------------- Done invoking toplevel() on ptolemy.moml.MoMLSimpleApplication@1fe23eb3
reloadAllAccessors: .PublisherSubscriber7

===========================================================================================
----------------- testing Sun Aug 25 05:34:02 UTC 2019 /home/travis/build/icyphy/ptII/ptolemy/actor/lib/test/auto/PublisherSubscriber8.xml
----------------- Instantiating /home/travis/build/icyphy/ptII/ptolemy/actor/lib/test/auto/PublisherSubscriber8.xml
19 ms. Memory: 529408K Free: 433382K (82%)
----------------- Invoking toplevel() on ptolemy.moml.MoMLSimpleApplication@24bfb873
----------------- Done invoking toplevel() on ptolemy.moml.MoMLSimpleApplication@24bfb873
reloadAllAccessors: .PublisherSubscriber8

===========================================================================================
----------------- testing Sun Aug 25 05:34:02 UTC 2019 /home/travis/build/icyphy/ptII/ptolemy/actor/lib/test/auto/PublisherSubscriber9.xml
----------------- Instantiating /home/travis/build/icyphy/ptII/ptolemy/actor/lib/test/auto/PublisherSubscriber9.xml
2 ms. Memory: 529408K Free: 426214K (81%)
----------------- Invoking toplevel() on ptolemy.moml.MoMLSimpleApplication@386f0373
----------------- Done invoking toplevel() on ptolemy.moml.MoMLSimpleApplication@386f0373
reloadAllAccessors: .PublisherSubscriber9

===========================================================================================
----------------- testing Sun Aug 25 05:34:02 UTC 2019 /home/travis/build/icyphy/ptII/ptolemy/actor/lib/test/auto/PublisherSubscriberAdjacent.xml
----------------- Instantiating /home/travis/build/icyphy/ptII/ptolemy/actor/lib/test/auto/PublisherSubscriberAdjacent.xml
2 ms. Memory: 529408K Free: 417508K (79%)
----------------- Invoking toplevel() on ptolemy.moml.MoMLSimpleApplication@6be41bcd
----------------- Done invoking toplevel() on ptolemy.moml.MoMLSimpleApplication@6be41bcd
reloadAllAccessors: .PublisherSubscriberAdjacent

===========================================================================================
----------------- testing Sun Aug 25 05:34:02 UTC 2019 /home/travis/build/icyphy/ptII/ptolemy/actor/lib/test/auto/PublisherSubscriberChannelVariablesAOC2.xml
----------------- Instantiating /home/travis/build/icyphy/ptII/ptolemy/actor/lib/test/auto/PublisherSubscriberChannelVariablesAOC2.xml
3 ms. Memory: 529408K Free: 402148K (76%)
----------------- Invoking toplevel() on ptolemy.moml.MoMLSimpleApplication@6cd6c632
----------------- Done invoking toplevel() on ptolemy.moml.MoMLSimpleApplication@6cd6c632
reloadAllAccessors: .PublisherSubscriberChannelVariablesAOC2

===========================================================================================
----------------- testing Sun Aug 25 05:34:03 UTC 2019 /home/travis/build/icyphy/ptII/ptolemy/actor/lib/test/auto/PublisherSubscriberD3.xml
----------------- Instantiating /home/travis/build/icyphy/ptII/ptolemy/actor/lib/test/auto/PublisherSubscriberD3.xml
1 ms. Memory: 529408K Free: 395494K (75%)
----------------- Invoking toplevel() on ptolemy.moml.MoMLSimpleApplication@50ff8104
----------------- Done invoking toplevel() on ptolemy.moml.MoMLSimpleApplication@50ff8104
reloadAllAccessors: .PublisherSubscriberD3

===========================================================================================
----------------- testing Sun Aug 25 05:34:03 UTC 2019 /home/travis/build/icyphy/ptII/ptolemy/actor/lib/test/auto/PublisherSubscriberD3Reverse.xml
----------------- Instantiating /home/travis/build/icyphy/ptII/ptolemy/actor/lib/test/auto/PublisherSubscriberD3Reverse.xml
2 ms. Memory: 529408K Free: 389350K (74%)
----------------- Invoking toplevel() on ptolemy.moml.MoMLSimpleApplication@2844d910
----------------- Done invoking toplevel() on ptolemy.moml.MoMLSimpleApplication@2844d910
reloadAllAccessors: .PublisherSubscriberD3Reverse

===========================================================================================
----------------- testing Sun Aug 25 05:34:03 UTC 2019 /home/travis/build/icyphy/ptII/ptolemy/actor/lib/test/auto/PublisherSubscriberExpression.xml
----------------- Instantiating /home/travis/build/icyphy/ptII/ptolemy/actor/lib/test/auto/PublisherSubscriberExpression.xml
4 ms. Memory: 529408K Free: 381158K (72%)
----------------- Invoking toplevel() on ptolemy.moml.MoMLSimpleApplication@73d3ea67
----------------- Done invoking toplevel() on ptolemy.moml.MoMLSimpleApplication@73d3ea67
reloadAllAccessors: .PublisherSubscriberExpression

===========================================================================================
----------------- testing Sun Aug 25 05:34:03 UTC 2019 /home/travis/build/icyphy/ptII/ptolemy/actor/lib/test/auto/PublisherSubscriberOpaque.xml
----------------- Instantiating /home/travis/build/icyphy/ptII/ptolemy/actor/lib/test/auto/PublisherSubscriberOpaque.xml
4 ms. Memory: 529408K Free: 372966K (70%)
----------------- Invoking toplevel() on ptolemy.moml.MoMLSimpleApplication@146f8715
----------------- Done invoking toplevel() on ptolemy.moml.MoMLSimpleApplication@146f8715
reloadAllAccessors: .PublisherSubscriberOpaque

===========================================================================================
----------------- testing Sun Aug 25 05:34:03 UTC 2019 /home/travis/build/icyphy/ptII/ptolemy/actor/lib/test/auto/PublisherSubscriberOpaqueD3.xml
----------------- Instantiating /home/travis/build/icyphy/ptII/ptolemy/actor/lib/test/auto/PublisherSubscriberOpaqueD3.xml
5 ms. Memory: 529408K Free: 361188K (68%)
----------------- Invoking toplevel() on ptolemy.moml.MoMLSimpleApplication@62e5e7d
----------------- Done invoking toplevel() on ptolemy.moml.MoMLSimpleApplication@62e5e7d
reloadAllAccessors: .PublisherSubscriberOpaqueD3

===========================================================================================
----------------- testing Sun Aug 25 05:34:03 UTC 2019 /home/travis/build/icyphy/ptII/ptolemy/actor/lib/test/auto/PublisherSubscriberOpaqueD3Reverse.xml
----------------- Instantiating /home/travis/build/icyphy/ptII/ptolemy/actor/lib/test/auto/PublisherSubscriberOpaqueD3Reverse.xml
8 ms. Memory: 529408K Free: 350438K (66%)
----------------- Invoking toplevel() on ptolemy.moml.MoMLSimpleApplication@2e845bfe
----------------- Done invoking toplevel() on ptolemy.moml.MoMLSimpleApplication@2e845bfe
reloadAllAccessors: .PublisherSubscriberOpaqueD3Reverse

===========================================================================================
----------------- testing Sun Aug 25 05:34:03 UTC 2019 /home/travis/build/icyphy/ptII/ptolemy/actor/lib/test/auto/PublisherSubscriberOpaqueWidthInference.xml
----------------- Instantiating /home/travis/build/icyphy/ptII/ptolemy/actor/lib/test/auto/PublisherSubscriberOpaqueWidthInference.xml
3 ms. Memory: 529408K Free: 342246K (65%)
----------------- Invoking toplevel() on ptolemy.moml.MoMLSimpleApplication@4356a5c8
----------------- Done invoking toplevel() on ptolemy.moml.MoMLSimpleApplication@4356a5c8
reloadAllAccessors: .PublisherSubscriberOpaqueWidthInference

===========================================================================================
----------------- testing Sun Aug 25 05:34:03 UTC 2019 /home/travis/build/icyphy/ptII/ptolemy/actor/lib/test/auto/PublisherTestSubscriber.xml
----------------- Instantiating /home/travis/build/icyphy/ptII/ptolemy/actor/lib/test/auto/PublisherTestSubscriber.xml
3 ms. Memory: 529408K Free: 334558K (63%)
----------------- Invoking toplevel() on ptolemy.moml.MoMLSimpleApplication@15f5c954
----------------- Done invoking toplevel() on ptolemy.moml.MoMLSimpleApplication@15f5c954
reloadAllAccessors: .PublisherTestSubscriber

===========================================================================================
----------------- testing Sun Aug 25 05:34:03 UTC 2019 /home/travis/build/icyphy/ptII/ptolemy/actor/lib/test/auto/PublisherToplevelSubscriberPortAOC.xml
----------------- Instantiating /home/travis/build/icyphy/ptII/ptolemy/actor/lib/test/auto/PublisherToplevelSubscriberPortAOC.xml
2 ms. Memory: 529408K Free: 328406K (62%)
----------------- Invoking toplevel() on ptolemy.moml.MoMLSimpleApplication@66193bb4
----------------- Done invoking toplevel() on ptolemy.moml.MoMLSimpleApplication@66193bb4
reloadAllAccessors: .PublisherToplevelSubscriberPortAOC

===========================================================================================
----------------- testing Sun Aug 25 05:34:03 UTC 2019 /home/travis/build/icyphy/ptII/ptolemy/actor/lib/test/auto/PulseFiringLimitDE.xml
----------------- Instantiating /home/travis/build/icyphy/ptII/ptolemy/actor/lib/test/auto/PulseFiringLimitDE.xml
2 ms. Memory: 529408K Free: 322276K (61%)
----------------- Invoking toplevel() on ptolemy.moml.MoMLSimpleApplication@21b1505e
----------------- Done invoking toplevel() on ptolemy.moml.MoMLSimpleApplication@21b1505e
reloadAllAccessors: .PulseFiringLimitDE

===========================================================================================
----------------- testing Sun Aug 25 05:34:03 UTC 2019 /home/travis/build/icyphy/ptII/ptolemy/actor/lib/test/auto/Ramp1.xml
----------------- Instantiating /home/travis/build/icyphy/ptII/ptolemy/actor/lib/test/auto/Ramp1.xml
1 ms. Memory: 529408K Free: 318174K (60%)
----------------- Invoking toplevel() on ptolemy.moml.MoMLSimpleApplication@4360f321
----------------- Done invoking toplevel() on ptolemy.moml.MoMLSimpleApplication@4360f321
reloadAllAccessors: .Ramp1

===========================================================================================
----------------- testing Sun Aug 25 05:34:03 UTC 2019 /home/travis/build/icyphy/ptII/ptolemy/actor/lib/test/auto/RampFiringLimitDE.xml
----------------- Instantiating /home/travis/build/icyphy/ptII/ptolemy/actor/lib/test/auto/RampFiringLimitDE.xml
2 ms. Memory: 529408K Free: 312022K (59%)
----------------- Invoking toplevel() on ptolemy.moml.MoMLSimpleApplication@210319e8
----------------- Done invoking toplevel() on ptolemy.moml.MoMLSimpleApplication@210319e8
reloadAllAccessors: .RampFiringLimitDE

===========================================================================================
----------------- testing Sun Aug 25 05:34:03 UTC 2019 /home/travis/build/icyphy/ptII/ptolemy/actor/lib/test/auto/RampFiringLimitSDF.xml
----------------- Instantiating /home/travis/build/icyphy/ptII/ptolemy/actor/lib/test/auto/RampFiringLimitSDF.xml
2 ms. Memory: 529408K Free: 306902K (58%)
----------------- Invoking toplevel() on ptolemy.moml.MoMLSimpleApplication@409ddc14
----------------- Done invoking toplevel() on ptolemy.moml.MoMLSimpleApplication@409ddc14
reloadAllAccessors: .RampFiringLimitSDF

===========================================================================================
----------------- testing Sun Aug 25 05:34:03 UTC 2019 /home/travis/build/icyphy/ptII/ptolemy/actor/lib/test/auto/RandomInteger.xml
----------------- Instantiating /home/travis/build/icyphy/ptII/ptolemy/actor/lib/test/auto/RandomInteger.xml
1 ms. Memory: 529408K Free: 302820K (57%)
----------------- Invoking toplevel() on ptolemy.moml.MoMLSimpleApplication@8178a86
----------------- Done invoking toplevel() on ptolemy.moml.MoMLSimpleApplication@8178a86
reloadAllAccessors: .RandomInteger

===========================================================================================
----------------- testing Sun Aug 25 05:34:03 UTC 2019 /home/travis/build/icyphy/ptII/ptolemy/actor/lib/test/auto/ReadFile1.xml
----------------- Instantiating /home/travis/build/icyphy/ptII/ptolemy/actor/lib/test/auto/ReadFile1.xml
1 ms. Memory: 529408K Free: 298214K (56%)
----------------- Invoking toplevel() on ptolemy.moml.MoMLSimpleApplication@46955873
----------------- Done invoking toplevel() on ptolemy.moml.MoMLSimpleApplication@46955873
reloadAllAccessors: .ReadFile1

===========================================================================================
----------------- testing Sun Aug 25 05:34:03 UTC 2019 /home/travis/build/icyphy/ptII/ptolemy/actor/lib/test/auto/ReadFile2.xml
----------------- Instantiating /home/travis/build/icyphy/ptII/ptolemy/actor/lib/test/auto/ReadFile2.xml
0 ms. Memory: 529408K Free: 294118K (56%)
----------------- Invoking toplevel() on ptolemy.moml.MoMLSimpleApplication@77561ed3
----------------- Done invoking toplevel() on ptolemy.moml.MoMLSimpleApplication@77561ed3
reloadAllAccessors: .ReadFile2

===========================================================================================
----------------- testing Sun Aug 25 05:34:03 UTC 2019 /home/travis/build/icyphy/ptII/ptolemy/actor/lib/test/auto/Reader.xml
----------------- Instantiating /home/travis/build/icyphy/ptII/ptolemy/actor/lib/test/auto/Reader.xml
actor.lib.Reader is obsolete, use actor.lib.io.ExpressionReader instead
4 ms. Memory: 529408K Free: 290022K (55%)
----------------- Invoking toplevel() on ptolemy.moml.MoMLSimpleApplication@4233ffa3
----------------- Done invoking toplevel() on ptolemy.moml.MoMLSimpleApplication@4233ffa3
reloadAllAccessors: .Reader

===========================================================================================
----------------- testing Sun Aug 25 05:34:03 UTC 2019 /home/travis/build/icyphy/ptII/ptolemy/actor/lib/test/auto/RecordAssemblerDisplayNameTest.xml
----------------- Instantiating /home/travis/build/icyphy/ptII/ptolemy/actor/lib/test/auto/RecordAssemblerDisplayNameTest.xml
3533 ms. Memory: 529408K Free: 332437K (63%)
----------------- Invoking toplevel() on ptolemy.moml.MoMLSimpleApplication@795aad10
----------------- Done invoking toplevel() on ptolemy.moml.MoMLSimpleApplication@795aad10
reloadAllAccessors: .RecordAssemblerDisplayNameTest

===========================================================================================
----------------- testing Sun Aug 25 05:34:06 UTC 2019 /home/travis/build/icyphy/ptII/ptolemy/actor/lib/test/auto/RecordAssemblerTypeError.xml
----------------- Instantiating /home/travis/build/icyphy/ptII/ptolemy/actor/lib/test/auto/RecordAssemblerTypeError.xml
20 ms. Memory: 529408K Free: 322707K (61%)
----------------- Invoking toplevel() on ptolemy.moml.MoMLSimpleApplication@6cb0894e
----------------- Done invoking toplevel() on ptolemy.moml.MoMLSimpleApplication@6cb0894e
reloadAllAccessors: .RecordAssemblerTypeError

===========================================================================================
----------------- testing Sun Aug 25 05:34:06 UTC 2019 /home/travis/build/icyphy/ptII/ptolemy/actor/lib/test/auto/RecordDisassember.xml
----------------- Instantiating /home/travis/build/icyphy/ptII/ptolemy/actor/lib/test/auto/RecordDisassember.xml
4 ms. Memory: 529408K Free: 318101K (60%)
----------------- Invoking toplevel() on ptolemy.moml.MoMLSimpleApplication@1aa8860f
----------------- Done invoking toplevel() on ptolemy.moml.MoMLSimpleApplication@1aa8860f
reloadAllAccessors: .RecordDisassember

===========================================================================================
----------------- testing Sun Aug 25 05:34:06 UTC 2019 /home/travis/build/icyphy/ptII/ptolemy/actor/lib/test/auto/RecordDisassemberDisplayNameTest.xml
----------------- Instantiating /home/travis/build/icyphy/ptII/ptolemy/actor/lib/test/auto/RecordDisassemberDisplayNameTest.xml
8 ms. Memory: 529408K Free: 310419K (59%)
----------------- Invoking toplevel() on ptolemy.moml.MoMLSimpleApplication@2e8cb8ef
----------------- Done invoking toplevel() on ptolemy.moml.MoMLSimpleApplication@2e8cb8ef
reloadAllAccessors: .RecordDisassemberDisplayNameTest

===========================================================================================
----------------- testing Sun Aug 25 05:34:06 UTC 2019 /home/travis/build/icyphy/ptII/ptolemy/actor/lib/test/auto/RecordDisassembler.xml
----------------- Instantiating /home/travis/build/icyphy/ptII/ptolemy/actor/lib/test/auto/RecordDisassembler.xml
3 ms. Memory: 529408K Free: 305269K (58%)
----------------- Invoking toplevel() on ptolemy.moml.MoMLSimpleApplication@320d64c4
----------------- Done invoking toplevel() on ptolemy.moml.MoMLSimpleApplication@320d64c4
reloadAllAccessors: .RecordDisassembler

===========================================================================================
----------------- testing Sun Aug 25 05:34:06 UTC 2019 /home/travis/build/icyphy/ptII/ptolemy/actor/lib/test/auto/RecordDisassembler2.xml
----------------- Instantiating /home/travis/build/icyphy/ptII/ptolemy/actor/lib/test/auto/RecordDisassembler2.xml
4 ms. Memory: 529408K Free: 300165K (57%)
----------------- Invoking toplevel() on ptolemy.moml.MoMLSimpleApplication@2e51b265
----------------- Done invoking toplevel() on ptolemy.moml.MoMLSimpleApplication@2e51b265
reloadAllAccessors: .RecordDisassembler2

===========================================================================================
----------------- testing Sun Aug 25 05:34:07 UTC 2019 /home/travis/build/icyphy/ptII/ptolemy/actor/lib/test/auto/RecordUpdater.xml
----------------- Instantiating /home/travis/build/icyphy/ptII/ptolemy/actor/lib/test/auto/RecordUpdater.xml
2 ms. Memory: 529408K Free: 295571K (56%)
----------------- Invoking toplevel() on ptolemy.moml.MoMLSimpleApplication@2e10b2c9
----------------- Done invoking toplevel() on ptolemy.moml.MoMLSimpleApplication@2e10b2c9
reloadAllAccessors: .RecordUpdater

===========================================================================================
----------------- testing Sun Aug 25 05:34:07 UTC 2019 /home/travis/build/icyphy/ptII/ptolemy/actor/lib/test/auto/RecordUpdater2.xml
----------------- Instantiating /home/travis/build/icyphy/ptII/ptolemy/actor/lib/test/auto/RecordUpdater2.xml
2 ms. Memory: 529408K Free: 290963K (55%)
----------------- Invoking toplevel() on ptolemy.moml.MoMLSimpleApplication@6632d8f8
----------------- Done invoking toplevel() on ptolemy.moml.MoMLSimpleApplication@6632d8f8
reloadAllAccessors: .RecordUpdater2

===========================================================================================
----------------- testing Sun Aug 25 05:34:07 UTC 2019 /home/travis/build/icyphy/ptII/ptolemy/actor/lib/test/auto/RecursiveLattice.xml
----------------- Instantiating /home/travis/build/icyphy/ptII/ptolemy/actor/lib/test/auto/RecursiveLattice.xml
1 ms. Memory: 529408K Free: 287381K (54%)
----------------- Invoking toplevel() on ptolemy.moml.MoMLSimpleApplication@33feac7e
----------------- Done invoking toplevel() on ptolemy.moml.MoMLSimpleApplication@33feac7e
reloadAllAccessors: .RecursiveLattice

===========================================================================================
----------------- testing Sun Aug 25 05:34:07 UTC 2019 /home/travis/build/icyphy/ptII/ptolemy/actor/lib/test/auto/Router.xml
----------------- Instantiating /home/travis/build/icyphy/ptII/ptolemy/actor/lib/test/auto/Router.xml
3004 ms. Memory: 529408K Free: 277651K (52%)
----------------- Invoking toplevel() on ptolemy.moml.MoMLSimpleApplication@60d0ef05
----------------- Done invoking toplevel() on ptolemy.moml.MoMLSimpleApplication@60d0ef05
reloadAllAccessors: .Router

===========================================================================================
----------------- testing Sun Aug 25 05:34:10 UTC 2019 /home/travis/build/icyphy/ptII/ptolemy/actor/lib/test/auto/Router2.xml
----------------- Instantiating /home/travis/build/icyphy/ptII/ptolemy/actor/lib/test/auto/Router2.xml
3004 ms. Memory: 529408K Free: 267411K (51%)
----------------- Invoking toplevel() on ptolemy.moml.MoMLSimpleApplication@7de22633
----------------- Done invoking toplevel() on ptolemy.moml.MoMLSimpleApplication@7de22633
reloadAllAccessors: .Router2

===========================================================================================
----------------- testing Sun Aug 25 05:34:13 UTC 2019 /home/travis/build/icyphy/ptII/ptolemy/actor/lib/test/auto/RunningMaximum.xml
----------------- Instantiating /home/travis/build/icyphy/ptII/ptolemy/actor/lib/test/auto/RunningMaximum.xml
1 ms. Memory: 529408K Free: 262805K (50%)
----------------- Invoking toplevel() on ptolemy.moml.MoMLSimpleApplication@3870caee
----------------- Done invoking toplevel() on ptolemy.moml.MoMLSimpleApplication@3870caee
reloadAllAccessors: .RunningMaximum

===========================================================================================
----------------- testing Sun Aug 25 05:34:13 UTC 2019 /home/travis/build/icyphy/ptII/ptolemy/actor/lib/test/auto/RunningMinimum.xml
----------------- Instantiating /home/travis/build/icyphy/ptII/ptolemy/actor/lib/test/auto/RunningMinimum.xml
10 ms. Memory: 529408K Free: 258195K (49%)
----------------- Invoking toplevel() on ptolemy.moml.MoMLSimpleApplication@6c32bcd9
----------------- Done invoking toplevel() on ptolemy.moml.MoMLSimpleApplication@6c32bcd9
reloadAllAccessors: .RunningMinimum

===========================================================================================
----------------- testing Sun Aug 25 05:34:13 UTC 2019 /home/travis/build/icyphy/ptII/ptolemy/actor/lib/test/auto/Scale.xml
----------------- Instantiating /home/travis/build/icyphy/ptII/ptolemy/actor/lib/test/auto/Scale.xml
2 ms. Memory: 529408K Free: 253589K (48%)
----------------- Invoking toplevel() on ptolemy.moml.MoMLSimpleApplication@2fe5ca2
----------------- Done invoking toplevel() on ptolemy.moml.MoMLSimpleApplication@2fe5ca2
reloadAllAccessors: .Scale

===========================================================================================
----------------- testing Sun Aug 25 05:34:13 UTC 2019 /home/travis/build/icyphy/ptII/ptolemy/actor/lib/test/auto/Scale2.xml
----------------- Instantiating /home/travis/build/icyphy/ptII/ptolemy/actor/lib/test/auto/Scale2.xml
2 ms. Memory: 529408K Free: 248979K (47%)
----------------- Invoking toplevel() on ptolemy.moml.MoMLSimpleApplication@76132e87
----------------- Done invoking toplevel() on ptolemy.moml.MoMLSimpleApplication@76132e87
reloadAllAccessors: .Scale2

===========================================================================================
----------------- testing Sun Aug 25 05:34:13 UTC 2019 /home/travis/build/icyphy/ptII/ptolemy/actor/lib/test/auto/Scale3.xml
----------------- Instantiating /home/travis/build/icyphy/ptII/ptolemy/actor/lib/test/auto/Scale3.xml
9 ms. Memory: 529408K Free: 242835K (46%)
----------------- Invoking toplevel() on ptolemy.moml.MoMLSimpleApplication@5c4e0852
----------------- Done invoking toplevel() on ptolemy.moml.MoMLSimpleApplication@5c4e0852
reloadAllAccessors: .Scale3

===========================================================================================
----------------- testing Sun Aug 25 05:34:13 UTC 2019 /home/travis/build/icyphy/ptII/ptolemy/actor/lib/test/auto/ScaleArray.xml
----------------- Instantiating /home/travis/build/icyphy/ptII/ptolemy/actor/lib/test/auto/ScaleArray.xml
2 ms. Memory: 529408K Free: 238229K (45%)
----------------- Invoking toplevel() on ptolemy.moml.MoMLSimpleApplication@7332d933
----------------- Done invoking toplevel() on ptolemy.moml.MoMLSimpleApplication@7332d933
reloadAllAccessors: .ScaleArray

===========================================================================================
----------------- testing Sun Aug 25 05:34:13 UTC 2019 /home/travis/build/icyphy/ptII/ptolemy/actor/lib/test/auto/ScaleArray2.xml
----------------- Instantiating /home/travis/build/icyphy/ptII/ptolemy/actor/lib/test/auto/ScaleArray2.xml
1 ms. Memory: 529408K Free: 233619K (44%)
----------------- Invoking toplevel() on ptolemy.moml.MoMLSimpleApplication@67760f31
----------------- Done invoking toplevel() on ptolemy.moml.MoMLSimpleApplication@67760f31
reloadAllAccessors: .ScaleArray2

===========================================================================================
----------------- testing Sun Aug 25 05:34:13 UTC 2019 /home/travis/build/icyphy/ptII/ptolemy/actor/lib/test/auto/ScaleMatrix.xml
----------------- Instantiating /home/travis/build/icyphy/ptII/ptolemy/actor/lib/test/auto/ScaleMatrix.xml
228 ms. Memory: 529408K Free: 219283K (41%)
----------------- Invoking toplevel() on ptolemy.moml.MoMLSimpleApplication@5b0b7b4f
----------------- Done invoking toplevel() on ptolemy.moml.MoMLSimpleApplication@5b0b7b4f
reloadAllAccessors: .ScaleMatrix

===========================================================================================
----------------- testing Sun Aug 25 05:34:13 UTC 2019 /home/travis/build/icyphy/ptII/ptolemy/actor/lib/test/auto/Select.xml
----------------- Instantiating /home/travis/build/icyphy/ptII/ptolemy/actor/lib/test/auto/Select.xml
3 ms. Memory: 529408K Free: 213133K (40%)
----------------- Invoking toplevel() on ptolemy.moml.MoMLSimpleApplication@6a488642
----------------- Done invoking toplevel() on ptolemy.moml.MoMLSimpleApplication@6a488642
reloadAllAccessors: .Select

===========================================================================================
----------------- testing Sun Aug 25 05:34:13 UTC 2019 /home/travis/build/icyphy/ptII/ptolemy/actor/lib/test/auto/Select2.xml
----------------- Instantiating /home/travis/build/icyphy/ptII/ptolemy/actor/lib/test/auto/Select2.xml
1 ms. Memory: 529408K Free: 208533K (39%)
----------------- Invoking toplevel() on ptolemy.moml.MoMLSimpleApplication@253ec9dd
----------------- Done invoking toplevel() on ptolemy.moml.MoMLSimpleApplication@253ec9dd
reloadAllAccessors: .Select2

===========================================================================================
----------------- testing Sun Aug 25 05:34:13 UTC 2019 /home/travis/build/icyphy/ptII/ptolemy/actor/lib/test/auto/SequenceToArray2.xml
----------------- Instantiating /home/travis/build/icyphy/ptII/ptolemy/actor/lib/test/auto/SequenceToArray2.xml
120 ms. Memory: 529408K Free: 184467K (35%)
----------------- Invoking toplevel() on ptolemy.moml.MoMLSimpleApplication@29af0bb0
----------------- Done invoking toplevel() on ptolemy.moml.MoMLSimpleApplication@29af0bb0
reloadAllAccessors: .SequenceToArray2

===========================================================================================
----------------- testing Sun Aug 25 05:34:13 UTC 2019 /home/travis/build/icyphy/ptII/ptolemy/actor/lib/test/auto/SequentialClock.xml
----------------- Instantiating /home/travis/build/icyphy/ptII/ptolemy/actor/lib/test/auto/SequentialClock.xml
2 ms. Memory: 529408K Free: 180371K (34%)
----------------- Invoking toplevel() on ptolemy.moml.MoMLSimpleApplication@6c9d012e
----------------- Done invoking toplevel() on ptolemy.moml.MoMLSimpleApplication@6c9d012e
reloadAllAccessors: .SequentialClock

===========================================================================================
----------------- testing Sun Aug 25 05:34:13 UTC 2019 /home/travis/build/icyphy/ptII/ptolemy/actor/lib/test/auto/SetVariable.xml
----------------- Instantiating /home/travis/build/icyphy/ptII/ptolemy/actor/lib/test/auto/SetVariable.xml
5 ms. Memory: 529408K Free: 175765K (33%)
----------------- Invoking toplevel() on ptolemy.moml.MoMLSimpleApplication@5de83dc7
----------------- Done invoking toplevel() on ptolemy.moml.MoMLSimpleApplication@5de83dc7
reloadAllAccessors: .SetVariable

===========================================================================================
----------------- testing Sun Aug 25 05:34:13 UTC 2019 /home/travis/build/icyphy/ptII/ptolemy/actor/lib/test/auto/SetVariable2.xml
----------------- Instantiating /home/travis/build/icyphy/ptII/ptolemy/actor/lib/test/auto/SetVariable2.xml
3 ms. Memory: 529408K Free: 170131K (32%)
----------------- Invoking toplevel() on ptolemy.moml.MoMLSimpleApplication@172c70e0
----------------- Done invoking toplevel() on ptolemy.moml.MoMLSimpleApplication@172c70e0
reloadAllAccessors: .SetVariable2

===========================================================================================
----------------- testing Sun Aug 25 05:34:13 UTC 2019 /home/travis/build/icyphy/ptII/ptolemy/actor/lib/test/auto/SetVariable3.xml
----------------- Instantiating /home/travis/build/icyphy/ptII/ptolemy/actor/lib/test/auto/SetVariable3.xml
11 ms. Memory: 529408K Free: 478884K (90%)
----------------- Invoking toplevel() on ptolemy.moml.MoMLSimpleApplication@4c70453d
----------------- Done invoking toplevel() on ptolemy.moml.MoMLSimpleApplication@4c70453d
reloadAllAccessors: .SetVariable3

===========================================================================================
----------------- testing Sun Aug 25 05:34:13 UTC 2019 /home/travis/build/icyphy/ptII/ptolemy/actor/lib/test/auto/SetVariable4.xml
----------------- Instantiating /home/travis/build/icyphy/ptII/ptolemy/actor/lib/test/auto/SetVariable4.xml
16 ms. Memory: 529408K Free: 469666K (89%)
----------------- Invoking toplevel() on ptolemy.moml.MoMLSimpleApplication@4d078b8b
----------------- Done invoking toplevel() on ptolemy.moml.MoMLSimpleApplication@4d078b8b
reloadAllAccessors: .SetVariable4

===========================================================================================
----------------- testing Sun Aug 25 05:34:13 UTC 2019 /home/travis/build/icyphy/ptII/ptolemy/actor/lib/test/auto/SetVariable5.xml
----------------- Instantiating /home/travis/build/icyphy/ptII/ptolemy/actor/lib/test/auto/SetVariable5.xml
20 ms. Memory: 529408K Free: 460452K (87%)
----------------- Invoking toplevel() on ptolemy.moml.MoMLSimpleApplication@222c82b1
----------------- Done invoking toplevel() on ptolemy.moml.MoMLSimpleApplication@222c82b1
reloadAllAccessors: .SetVariable5

===========================================================================================
----------------- testing Sun Aug 25 05:34:13 UTC 2019 /home/travis/build/icyphy/ptII/ptolemy/actor/lib/test/auto/Sinewave.xml
----------------- Instantiating /home/travis/build/icyphy/ptII/ptolemy/actor/lib/test/auto/Sinewave.xml
7 ms. Memory: 529408K Free: 450212K (85%)
----------------- Invoking toplevel() on ptolemy.moml.MoMLSimpleApplication@151e0b38
----------------- Done invoking toplevel() on ptolemy.moml.MoMLSimpleApplication@151e0b38
reloadAllAccessors: .Sinewave

===========================================================================================
----------------- testing Sun Aug 25 05:34:13 UTC 2019 /home/travis/build/icyphy/ptII/ptolemy/actor/lib/test/auto/Sinewave2.xml
----------------- Instantiating /home/travis/build/icyphy/ptII/ptolemy/actor/lib/test/auto/Sinewave2.xml
6 ms. Memory: 529408K Free: 442020K (83%)
----------------- Invoking toplevel() on ptolemy.moml.MoMLSimpleApplication@69f79a78
----------------- Done invoking toplevel() on ptolemy.moml.MoMLSimpleApplication@69f79a78
reloadAllAccessors: .Sinewave2

===========================================================================================
----------------- testing Sun Aug 25 05:34:13 UTC 2019 /home/travis/build/icyphy/ptII/ptolemy/actor/lib/test/auto/Sinewave3.xml
----------------- Instantiating /home/travis/build/icyphy/ptII/ptolemy/actor/lib/test/auto/Sinewave3.xml
7 ms. Memory: 529408K Free: 433828K (82%)
----------------- Invoking toplevel() on ptolemy.moml.MoMLSimpleApplication@a024e68
----------------- Done invoking toplevel() on ptolemy.moml.MoMLSimpleApplication@a024e68
reloadAllAccessors: .Sinewave3

===========================================================================================
----------------- testing Sun Aug 25 05:34:13 UTC 2019 /home/travis/build/icyphy/ptII/ptolemy/actor/lib/test/auto/SingleEvent.xml
----------------- Instantiating /home/travis/build/icyphy/ptII/ptolemy/actor/lib/test/auto/SingleEvent.xml
1 ms. Memory: 529408K Free: 429732K (81%)
----------------- Invoking toplevel() on ptolemy.moml.MoMLSimpleApplication@30608710
----------------- Done invoking toplevel() on ptolemy.moml.MoMLSimpleApplication@30608710
reloadAllAccessors: .SingleEvent

===========================================================================================
----------------- testing Sun Aug 25 05:34:13 UTC 2019 /home/travis/build/icyphy/ptII/ptolemy/actor/lib/test/auto/Sleep.xml
----------------- Instantiating /home/travis/build/icyphy/ptII/ptolemy/actor/lib/test/auto/Sleep.xml
6004 ms. Memory: 529408K Free: 424068K (80%)
----------------- Invoking toplevel() on ptolemy.moml.MoMLSimpleApplication@69322222
----------------- Done invoking toplevel() on ptolemy.moml.MoMLSimpleApplication@69322222
reloadAllAccessors: .Sleep

===========================================================================================
----------------- testing Sun Aug 25 05:34:19 UTC 2019 /home/travis/build/icyphy/ptII/ptolemy/actor/lib/test/auto/SleepMultipleFire.xml
----------------- Instantiating /home/travis/build/icyphy/ptII/ptolemy/actor/lib/test/auto/SleepMultipleFire.xml
1005 ms. Memory: 529408K Free: 418468K (79%)
----------------- Invoking toplevel() on ptolemy.moml.MoMLSimpleApplication@1bd21db5
----------------- Done invoking toplevel() on ptolemy.moml.MoMLSimpleApplication@1bd21db5
reloadAllAccessors: .SleepMultipleFire

===========================================================================================
----------------- testing Sun Aug 25 05:34:20 UTC 2019 /home/travis/build/icyphy/ptII/ptolemy/actor/lib/test/auto/StopDE.xml
----------------- Instantiating /home/travis/build/icyphy/ptII/ptolemy/actor/lib/test/auto/StopDE.xml
4 ms. Memory: 529408K Free: 412834K (78%)
----------------- Invoking toplevel() on ptolemy.moml.MoMLSimpleApplication@73ac361
----------------- Done invoking toplevel() on ptolemy.moml.MoMLSimpleApplication@73ac361
reloadAllAccessors: .StopDE

===========================================================================================
----------------- testing Sun Aug 25 05:34:20 UTC 2019 /home/travis/build/icyphy/ptII/ptolemy/actor/lib/test/auto/StopSDF.xml
----------------- Instantiating /home/travis/build/icyphy/ptII/ptolemy/actor/lib/test/auto/StopSDF.xml
4 ms. Memory: 529408K Free: 407714K (77%)
----------------- Invoking toplevel() on ptolemy.moml.MoMLSimpleApplication@43bc5822
----------------- Done invoking toplevel() on ptolemy.moml.MoMLSimpleApplication@43bc5822
reloadAllAccessors: .StopSDF

===========================================================================================
----------------- testing Sun Aug 25 05:34:20 UTC 2019 /home/travis/build/icyphy/ptII/ptolemy/actor/lib/test/auto/StringConstant.xml
----------------- Instantiating /home/travis/build/icyphy/ptII/ptolemy/actor/lib/test/auto/StringConstant.xml
11 ms. Memory: 529408K Free: 403108K (76%)
----------------- Invoking toplevel() on ptolemy.moml.MoMLSimpleApplication@5ac81639
----------------- Done invoking toplevel() on ptolemy.moml.MoMLSimpleApplication@5ac81639
reloadAllAccessors: .StringConstant

===========================================================================================
----------------- testing Sun Aug 25 05:34:21 UTC 2019 /home/travis/build/icyphy/ptII/ptolemy/actor/lib/test/auto/SubscriberPortInitialValues1.xml
----------------- Instantiating /home/travis/build/icyphy/ptII/ptolemy/actor/lib/test/auto/SubscriberPortInitialValues1.xml
8 ms. Memory: 529408K Free: 394402K (74%)
----------------- Invoking toplevel() on ptolemy.moml.MoMLSimpleApplication@2f1eadc7
----------------- Done invoking toplevel() on ptolemy.moml.MoMLSimpleApplication@2f1eadc7
reloadAllAccessors: .SubscriberPortInitialValues1

===========================================================================================
----------------- testing Sun Aug 25 05:34:21 UTC 2019 /home/travis/build/icyphy/ptII/ptolemy/actor/lib/test/auto/SubscriberPortInitialValues13.xml
----------------- Instantiating /home/travis/build/icyphy/ptII/ptolemy/actor/lib/test/auto/SubscriberPortInitialValues13.xml
6 ms. Memory: 529408K Free: 381604K (72%)
----------------- Invoking toplevel() on ptolemy.moml.MoMLSimpleApplication@3a2b32bf
----------------- Done invoking toplevel() on ptolemy.moml.MoMLSimpleApplication@3a2b32bf
reloadAllAccessors: .SubscriberPortInitialValues13

===========================================================================================
----------------- testing Sun Aug 25 05:34:21 UTC 2019 /home/travis/build/icyphy/ptII/ptolemy/actor/lib/test/auto/SubscriberPortInitialValues14.xml
----------------- Instantiating /home/travis/build/icyphy/ptII/ptolemy/actor/lib/test/auto/SubscriberPortInitialValues14.xml
4 ms. Memory: 529408K Free: 373922K (71%)
----------------- Invoking toplevel() on ptolemy.moml.MoMLSimpleApplication@53f5876b
----------------- Done invoking toplevel() on ptolemy.moml.MoMLSimpleApplication@53f5876b
reloadAllAccessors: .SubscriberPortInitialValues14

===========================================================================================
----------------- testing Sun Aug 25 05:34:21 UTC 2019 /home/travis/build/icyphy/ptII/ptolemy/actor/lib/test/auto/SubscriberPortInitialValues2.xml
----------------- Instantiating /home/travis/build/icyphy/ptII/ptolemy/actor/lib/test/auto/SubscriberPortInitialValues2.xml
10 ms. Memory: 529408K Free: 366244K (69%)
----------------- Invoking toplevel() on ptolemy.moml.MoMLSimpleApplication@6d673270
----------------- Done invoking toplevel() on ptolemy.moml.MoMLSimpleApplication@6d673270
reloadAllAccessors: .SubscriberPortInitialValues2

===========================================================================================
----------------- testing Sun Aug 25 05:34:21 UTC 2019 /home/travis/build/icyphy/ptII/ptolemy/actor/lib/test/auto/SubscriberPortInitialValues3.xml
----------------- Instantiating /home/travis/build/icyphy/ptII/ptolemy/actor/lib/test/auto/SubscriberPortInitialValues3.xml
4 ms. Memory: 529408K Free: 355490K (67%)
----------------- Invoking toplevel() on ptolemy.moml.MoMLSimpleApplication@1fdcc87b
----------------- Done invoking toplevel() on ptolemy.moml.MoMLSimpleApplication@1fdcc87b
reloadAllAccessors: .SubscriberPortInitialValues3

===========================================================================================
----------------- testing Sun Aug 25 05:34:21 UTC 2019 /home/travis/build/icyphy/ptII/ptolemy/actor/lib/test/auto/SubscriptionAggregator.xml
----------------- Instantiating /home/travis/build/icyphy/ptII/ptolemy/actor/lib/test/auto/SubscriptionAggregator.xml
2 ms. Memory: 529408K Free: 348836K (66%)
----------------- Invoking toplevel() on ptolemy.moml.MoMLSimpleApplication@2ed229bf
----------------- Done invoking toplevel() on ptolemy.moml.MoMLSimpleApplication@2ed229bf
reloadAllAccessors: .SubscriptionAggregator

===========================================================================================
----------------- testing Sun Aug 25 05:34:21 UTC 2019 /home/travis/build/icyphy/ptII/ptolemy/actor/lib/test/auto/SubscriptionAggregator2.xml
----------------- Instantiating /home/travis/build/icyphy/ptII/ptolemy/actor/lib/test/auto/SubscriptionAggregator2.xml
2 ms. Memory: 529408K Free: 342172K (65%)
----------------- Invoking toplevel() on ptolemy.moml.MoMLSimpleApplication@6f7f0cb4
----------------- Done invoking toplevel() on ptolemy.moml.MoMLSimpleApplication@6f7f0cb4
reloadAllAccessors: .SubscriptionAggregator2

===========================================================================================
----------------- testing Sun Aug 25 05:34:21 UTC 2019 /home/travis/build/icyphy/ptII/ptolemy/actor/lib/test/auto/SubscriptionAggregator3.xml
----------------- Instantiating /home/travis/build/icyphy/ptII/ptolemy/actor/lib/test/auto/SubscriptionAggregator3.xml
4 ms. Memory: 529408K Free: 332956K (63%)
----------------- Invoking toplevel() on ptolemy.moml.MoMLSimpleApplication@7ffb615f
----------------- Done invoking toplevel() on ptolemy.moml.MoMLSimpleApplication@7ffb615f
reloadAllAccessors: .SubscriptionAggregator3

===========================================================================================
----------------- testing Sun Aug 25 05:34:21 UTC 2019 /home/travis/build/icyphy/ptII/ptolemy/actor/lib/test/auto/SubscriptionAggregatorMultiply.xml
----------------- Instantiating /home/travis/build/icyphy/ptII/ptolemy/actor/lib/test/auto/SubscriptionAggregatorMultiply.xml
3 ms. Memory: 529408K Free: 324260K (61%)
----------------- Invoking toplevel() on ptolemy.moml.MoMLSimpleApplication@433b5717
----------------- Done invoking toplevel() on ptolemy.moml.MoMLSimpleApplication@433b5717
reloadAllAccessors: .SubscriptionAggregatorMultiply

===========================================================================================
----------------- testing Sun Aug 25 05:34:21 UTC 2019 /home/travis/build/icyphy/ptII/ptolemy/actor/lib/test/auto/SubscriptionAggregatorPortMultiply1.xml
----------------- Instantiating /home/travis/build/icyphy/ptII/ptolemy/actor/lib/test/auto/SubscriptionAggregatorPortMultiply1.xml
4 ms. Memory: 529408K Free: 316068K (60%)
----------------- Invoking toplevel() on ptolemy.moml.MoMLSimpleApplication@47c1e35a
----------------- Done invoking toplevel() on ptolemy.moml.MoMLSimpleApplication@47c1e35a
reloadAllAccessors: .SubscriptionAggregatorPortMultiply1

===========================================================================================
----------------- testing Sun Aug 25 05:34:21 UTC 2019 /home/travis/build/icyphy/ptII/ptolemy/actor/lib/test/auto/Switch.xml
----------------- Instantiating /home/travis/build/icyphy/ptII/ptolemy/actor/lib/test/auto/Switch.xml
10 ms. Memory: 529408K Free: 307876K (58%)
----------------- Invoking toplevel() on ptolemy.moml.MoMLSimpleApplication@6c1cc283
----------------- Done invoking toplevel() on ptolemy.moml.MoMLSimpleApplication@6c1cc283
reloadAllAccessors: .Switch

===========================================================================================
----------------- testing Sun Aug 25 05:34:21 UTC 2019 /home/travis/build/icyphy/ptII/ptolemy/actor/lib/test/auto/Switch2.xml
----------------- Instantiating /home/travis/build/icyphy/ptII/ptolemy/actor/lib/test/auto/Switch2.xml
1 ms. Memory: 529408K Free: 303266K (57%)
----------------- Invoking toplevel() on ptolemy.moml.MoMLSimpleApplication@52293bc5
----------------- Done invoking toplevel() on ptolemy.moml.MoMLSimpleApplication@52293bc5
reloadAllAccessors: .Switch2

===========================================================================================
----------------- testing Sun Aug 25 05:34:21 UTC 2019 /home/travis/build/icyphy/ptII/ptolemy/actor/lib/test/auto/SwitchDE.xml
----------------- Instantiating /home/travis/build/icyphy/ptII/ptolemy/actor/lib/test/auto/SwitchDE.xml
3 ms. Memory: 529408K Free: 297092K (56%)
----------------- Invoking toplevel() on ptolemy.moml.MoMLSimpleApplication@326cdf54
----------------- Done invoking toplevel() on ptolemy.moml.MoMLSimpleApplication@326cdf54
reloadAllAccessors: .SwitchDE

===========================================================================================
----------------- testing Sun Aug 25 05:34:21 UTC 2019 /home/travis/build/icyphy/ptII/ptolemy/actor/lib/test/auto/SynchronizerDE.xml
----------------- Instantiating /home/travis/build/icyphy/ptII/ptolemy/actor/lib/test/auto/SynchronizerDE.xml
8 ms. Memory: 529408K Free: 287876K (54%)
----------------- Invoking toplevel() on ptolemy.moml.MoMLSimpleApplication@4b7fd535
----------------- Done invoking toplevel() on ptolemy.moml.MoMLSimpleApplication@4b7fd535
reloadAllAccessors: .SynchronizerDE

===========================================================================================
----------------- testing Sun Aug 25 05:34:21 UTC 2019 /home/travis/build/icyphy/ptII/ptolemy/actor/lib/test/auto/Test.xml
----------------- Instantiating /home/travis/build/icyphy/ptII/ptolemy/actor/lib/test/auto/Test.xml
2 ms. Memory: 529408K Free: 282756K (53%)
----------------- Invoking toplevel() on ptolemy.moml.MoMLSimpleApplication@37a2f55a
----------------- Done invoking toplevel() on ptolemy.moml.MoMLSimpleApplication@37a2f55a
reloadAllAccessors: .Test

===========================================================================================
----------------- testing Sun Aug 25 05:34:21 UTC 2019 /home/travis/build/icyphy/ptII/ptolemy/actor/lib/test/auto/TestExceptionAttribute1.xml
----------------- Instantiating /home/travis/build/icyphy/ptII/ptolemy/actor/lib/test/auto/TestExceptionAttribute1.xml
1 ms. Memory: 529408K Free: 279204K (53%)
----------------- Invoking toplevel() on ptolemy.moml.MoMLSimpleApplication@e5753d5
----------------- Done invoking toplevel() on ptolemy.moml.MoMLSimpleApplication@e5753d5
reloadAllAccessors: .TestExceptionAttribute1

===========================================================================================
----------------- testing Sun Aug 25 05:34:21 UTC 2019 /home/travis/build/icyphy/ptII/ptolemy/actor/lib/test/auto/TestExceptionAttribute2.xml
----------------- Instantiating /home/travis/build/icyphy/ptII/ptolemy/actor/lib/test/auto/TestExceptionAttribute2.xml
1 ms. Memory: 529408K Free: 275618K (52%)
----------------- Invoking toplevel() on ptolemy.moml.MoMLSimpleApplication@61c8324c
----------------- Done invoking toplevel() on ptolemy.moml.MoMLSimpleApplication@61c8324c
reloadAllAccessors: .TestExceptionAttribute2

===========================================================================================
----------------- testing Sun Aug 25 05:34:21 UTC 2019 /home/travis/build/icyphy/ptII/ptolemy/actor/lib/test/auto/TestExceptionAttribute3.xml
----------------- Instantiating /home/travis/build/icyphy/ptII/ptolemy/actor/lib/test/auto/TestExceptionAttribute3.xml
.TestExceptionAttribute3.TestExceptionAttribute: initialize() was not invoked, but wrapup() was.  This is unusual, but not always a problem.  For example, exporting JNLP will do this.
1 ms. Memory: 529408K Free: 272036K (51%)
----------------- Invoking toplevel() on ptolemy.moml.MoMLSimpleApplication@703c38c1
----------------- Done invoking toplevel() on ptolemy.moml.MoMLSimpleApplication@703c38c1
reloadAllAccessors: .TestExceptionAttribute3

===========================================================================================
----------------- testing Sun Aug 25 05:34:21 UTC 2019 /home/travis/build/icyphy/ptII/ptolemy/actor/lib/test/auto/TestExceptionAttribute4.xml
----------------- Instantiating /home/travis/build/icyphy/ptII/ptolemy/actor/lib/test/auto/TestExceptionAttribute4.xml
.TestExceptionAttribute4.TestExceptionAttribute: initialize() was not invoked, but wrapup() was.  This is unusual, but not always a problem.  For example, exporting JNLP will do this.
.TestExceptionAttribute4.TestExceptionAttribute2: initialize() was not invoked, but wrapup() was.  This is unusual, but not always a problem.  For example, exporting JNLP will do this.
0 ms. Memory: 529408K Free: 267940K (51%)
----------------- Invoking toplevel() on ptolemy.moml.MoMLSimpleApplication@64c11010
----------------- Done invoking toplevel() on ptolemy.moml.MoMLSimpleApplication@64c11010
reloadAllAccessors: .TestExceptionAttribute4

===========================================================================================
----------------- testing Sun Aug 25 05:34:21 UTC 2019 /home/travis/build/icyphy/ptII/ptolemy/actor/lib/test/auto/TestExceptionHandler1.xml
----------------- Instantiating /home/travis/build/icyphy/ptII/ptolemy/actor/lib/test/auto/TestExceptionHandler1.xml
1 ms. Memory: 529408K Free: 264354K (50%)
----------------- Invoking toplevel() on ptolemy.moml.MoMLSimpleApplication@2bddc5ef
----------------- Done invoking toplevel() on ptolemy.moml.MoMLSimpleApplication@2bddc5ef
reloadAllAccessors: .TestExceptionHandler1

===========================================================================================
----------------- testing Sun Aug 25 05:34:21 UTC 2019 /home/travis/build/icyphy/ptII/ptolemy/actor/lib/test/auto/TestExceptionHandler2.xml
----------------- Instantiating /home/travis/build/icyphy/ptII/ptolemy/actor/lib/test/auto/TestExceptionHandler2.xml
1 ms. Memory: 529408K Free: 260772K (49%)
----------------- Invoking toplevel() on ptolemy.moml.MoMLSimpleApplication@74c2e7d
----------------- Done invoking toplevel() on ptolemy.moml.MoMLSimpleApplication@74c2e7d
reloadAllAccessors: .TestExceptionHandler2

===========================================================================================
----------------- testing Sun Aug 25 05:34:21 UTC 2019 /home/travis/build/icyphy/ptII/ptolemy/actor/lib/test/auto/TestExceptionHandler3.xml
----------------- Instantiating /home/travis/build/icyphy/ptII/ptolemy/actor/lib/test/auto/TestExceptionHandler3.xml
0 ms. Memory: 529408K Free: 257186K (49%)
----------------- Invoking toplevel() on ptolemy.moml.MoMLSimpleApplication@4a3b103b
----------------- Done invoking toplevel() on ptolemy.moml.MoMLSimpleApplication@4a3b103b
reloadAllAccessors: .TestExceptionHandler3

===========================================================================================
----------------- testing Sun Aug 25 05:34:21 UTC 2019 /home/travis/build/icyphy/ptII/ptolemy/actor/lib/test/auto/TestExceptionHandler4.xml
----------------- Instantiating /home/travis/build/icyphy/ptII/ptolemy/actor/lib/test/auto/TestExceptionHandler4.xml
0 ms. Memory: 529408K Free: 253090K (48%)
----------------- Invoking toplevel() on ptolemy.moml.MoMLSimpleApplication@4e87eda5
----------------- Done invoking toplevel() on ptolemy.moml.MoMLSimpleApplication@4e87eda5
reloadAllAccessors: .TestExceptionHandler4

===========================================================================================
----------------- testing Sun Aug 25 05:34:21 UTC 2019 /home/travis/build/icyphy/ptII/ptolemy/actor/lib/test/auto/TestRequireCorrectOrder.xml
----------------- Instantiating /home/travis/build/icyphy/ptII/ptolemy/actor/lib/test/auto/TestRequireCorrectOrder.xml
11 ms. Memory: 529408K Free: 247956K (47%)
----------------- Invoking toplevel() on ptolemy.moml.MoMLSimpleApplication@ec980ae
----------------- Done invoking toplevel() on ptolemy.moml.MoMLSimpleApplication@ec980ae
reloadAllAccessors: .TestRequireCorrectOrder

===========================================================================================
----------------- testing Sun Aug 25 05:34:21 UTC 2019 /home/travis/build/icyphy/ptII/ptolemy/actor/lib/test/auto/TestSimple.xml
----------------- Instantiating /home/travis/build/icyphy/ptII/ptolemy/actor/lib/test/auto/TestSimple.xml
1 ms. Memory: 529408K Free: 242844K (46%)
----------------- Invoking toplevel() on ptolemy.moml.MoMLSimpleApplication@af4d583
----------------- Done invoking toplevel() on ptolemy.moml.MoMLSimpleApplication@af4d583
reloadAllAccessors: .TestSimple

===========================================================================================
----------------- testing Sun Aug 25 05:34:21 UTC 2019 /home/travis/build/icyphy/ptII/ptolemy/actor/lib/test/auto/ThrowModelError.xml
----------------- Instantiating /home/travis/build/icyphy/ptII/ptolemy/actor/lib/test/auto/ThrowModelError.xml
2 ms. Memory: 529408K Free: 238244K (45%)
----------------- Invoking toplevel() on ptolemy.moml.MoMLSimpleApplication@11bfee03
----------------- Done invoking toplevel() on ptolemy.moml.MoMLSimpleApplication@11bfee03
reloadAllAccessors: .ThrowModelError

===========================================================================================
----------------- testing Sun Aug 25 05:34:21 UTC 2019 /home/travis/build/icyphy/ptII/ptolemy/actor/lib/test/auto/TimeDelayMicrosteps.xml
----------------- Instantiating /home/travis/build/icyphy/ptII/ptolemy/actor/lib/test/auto/TimeDelayMicrosteps.xml
3 ms. Memory: 529408K Free: 231556K (44%)
----------------- Invoking toplevel() on ptolemy.moml.MoMLSimpleApplication@56428638
----------------- Done invoking toplevel() on ptolemy.moml.MoMLSimpleApplication@56428638
reloadAllAccessors: .TimeDelayMicrosteps

===========================================================================================
----------------- testing Sun Aug 25 05:34:21 UTC 2019 /home/travis/build/icyphy/ptII/ptolemy/actor/lib/test/auto/TimeDelayMicrosteps2.xml
----------------- Instantiating /home/travis/build/icyphy/ptII/ptolemy/actor/lib/test/auto/TimeDelayMicrosteps2.xml
4 ms. Memory: 529408K Free: 224412K (42%)
----------------- Invoking toplevel() on ptolemy.moml.MoMLSimpleApplication@9218b77
----------------- Done invoking toplevel() on ptolemy.moml.MoMLSimpleApplication@9218b77
reloadAllAccessors: .TimeDelayMicrosteps2

===========================================================================================
----------------- testing Sun Aug 25 05:34:21 UTC 2019 /home/travis/build/icyphy/ptII/ptolemy/actor/lib/test/auto/TimeDelayMicrosteps3.xml
----------------- Instantiating /home/travis/build/icyphy/ptII/ptolemy/actor/lib/test/auto/TimeDelayMicrosteps3.xml
3 ms. Memory: 529408K Free: 217764K (41%)
----------------- Invoking toplevel() on ptolemy.moml.MoMLSimpleApplication@2c09f476
----------------- Done invoking toplevel() on ptolemy.moml.MoMLSimpleApplication@2c09f476
reloadAllAccessors: .TimeDelayMicrosteps3

===========================================================================================
----------------- testing Sun Aug 25 05:34:21 UTC 2019 /home/travis/build/icyphy/ptII/ptolemy/actor/lib/test/auto/TimeDelayVariableMicrosteps.xml
----------------- Instantiating /home/travis/build/icyphy/ptII/ptolemy/actor/lib/test/auto/TimeDelayVariableMicrosteps.xml
4 ms. Memory: 529408K Free: 211106K (40%)
----------------- Invoking toplevel() on ptolemy.moml.MoMLSimpleApplication@15abc481
----------------- Done invoking toplevel() on ptolemy.moml.MoMLSimpleApplication@15abc481
reloadAllAccessors: .TimeDelayVariableMicrosteps

===========================================================================================
----------------- testing Sun Aug 25 05:34:21 UTC 2019 /home/travis/build/icyphy/ptII/ptolemy/actor/lib/test/auto/TimeGap.xml
----------------- Instantiating /home/travis/build/icyphy/ptII/ptolemy/actor/lib/test/auto/TimeGap.xml
4 ms. Memory: 529408K Free: 205972K (39%)
----------------- Invoking toplevel() on ptolemy.moml.MoMLSimpleApplication@15ca86de
----------------- Done invoking toplevel() on ptolemy.moml.MoMLSimpleApplication@15ca86de
reloadAllAccessors: .TimeGap

===========================================================================================
----------------- testing Sun Aug 25 05:34:21 UTC 2019 /home/travis/build/icyphy/ptII/ptolemy/actor/lib/test/auto/TimeGap2.xml
----------------- Instantiating /home/travis/build/icyphy/ptII/ptolemy/actor/lib/test/auto/TimeGap2.xml
2 ms. Memory: 529408K Free: 200356K (38%)
----------------- Invoking toplevel() on ptolemy.moml.MoMLSimpleApplication@655a502d
----------------- Done invoking toplevel() on ptolemy.moml.MoMLSimpleApplication@655a502d
reloadAllAccessors: .TimeGap2

===========================================================================================
----------------- testing Sun Aug 25 05:34:21 UTC 2019 /home/travis/build/icyphy/ptII/ptolemy/actor/lib/test/auto/TimedSinewave.xml
----------------- Instantiating /home/travis/build/icyphy/ptII/ptolemy/actor/lib/test/auto/TimedSinewave.xml
23 ms. Memory: 529408K Free: 186020K (35%)
----------------- Invoking toplevel() on ptolemy.moml.MoMLSimpleApplication@74681944
----------------- Done invoking toplevel() on ptolemy.moml.MoMLSimpleApplication@74681944
reloadAllAccessors: .TimedSinewave

===========================================================================================
----------------- testing Sun Aug 25 05:34:21 UTC 2019 /home/travis/build/icyphy/ptII/ptolemy/actor/lib/test/auto/TimedSinewavePhase.xml
----------------- Instantiating /home/travis/build/icyphy/ptII/ptolemy/actor/lib/test/auto/TimedSinewavePhase.xml
10 ms. Memory: 529408K Free: 176290K (33%)
----------------- Invoking toplevel() on ptolemy.moml.MoMLSimpleApplication@198cb665
----------------- Done invoking toplevel() on ptolemy.moml.MoMLSimpleApplication@198cb665
reloadAllAccessors: .TimedSinewavePhase

===========================================================================================
----------------- testing Sun Aug 25 05:34:21 UTC 2019 /home/travis/build/icyphy/ptII/ptolemy/actor/lib/test/auto/Timer.xml
----------------- Instantiating /home/travis/build/icyphy/ptII/ptolemy/actor/lib/test/auto/Timer.xml
3 ms. Memory: 529408K Free: 170140K (32%)
----------------- Invoking toplevel() on ptolemy.moml.MoMLSimpleApplication@6d0cc6d4
----------------- Done invoking toplevel() on ptolemy.moml.MoMLSimpleApplication@6d0cc6d4
reloadAllAccessors: .Timer

===========================================================================================
----------------- testing Sun Aug 25 05:34:21 UTC 2019 /home/travis/build/icyphy/ptII/ptolemy/actor/lib/test/auto/TriangularDistTestModel.xml
----------------- Instantiating /home/travis/build/icyphy/ptII/ptolemy/actor/lib/test/auto/TriangularDistTestModel.xml
2 ms. Memory: 529408K Free: 478075K (90%)
----------------- Invoking toplevel() on ptolemy.moml.MoMLSimpleApplication@7fb8e749
----------------- Done invoking toplevel() on ptolemy.moml.MoMLSimpleApplication@7fb8e749
reloadAllAccessors: .TriangularDistTestModel

===========================================================================================
----------------- testing Sun Aug 25 05:34:21 UTC 2019 /home/travis/build/icyphy/ptII/ptolemy/actor/lib/test/auto/TrigFunction.xml
----------------- Instantiating /home/travis/build/icyphy/ptII/ptolemy/actor/lib/test/auto/TrigFunction.xml
3 ms. Memory: 529408K Free: 472955K (89%)
----------------- Invoking toplevel() on ptolemy.moml.MoMLSimpleApplication@32572a9e
----------------- Done invoking toplevel() on ptolemy.moml.MoMLSimpleApplication@32572a9e
reloadAllAccessors: .TrigFunction

===========================================================================================
----------------- testing Sun Aug 25 05:34:21 UTC 2019 /home/travis/build/icyphy/ptII/ptolemy/actor/lib/test/auto/TrigFunctionDE.xml
----------------- Instantiating /home/travis/build/icyphy/ptII/ptolemy/actor/lib/test/auto/TrigFunctionDE.xml
2 ms. Memory: 529408K Free: 467321K (88%)
----------------- Invoking toplevel() on ptolemy.moml.MoMLSimpleApplication@2b6b98b7
----------------- Done invoking toplevel() on ptolemy.moml.MoMLSimpleApplication@2b6b98b7
reloadAllAccessors: .TrigFunctionDE

===========================================================================================
----------------- testing Sun Aug 25 05:34:21 UTC 2019 /home/travis/build/icyphy/ptII/ptolemy/actor/lib/test/auto/TrigFunctionInverse.xml
----------------- Instantiating /home/travis/build/icyphy/ptII/ptolemy/actor/lib/test/auto/TrigFunctionInverse.xml
1 ms. Memory: 529408K Free: 462201K (87%)
----------------- Invoking toplevel() on ptolemy.moml.MoMLSimpleApplication@39391b9e
----------------- Done invoking toplevel() on ptolemy.moml.MoMLSimpleApplication@39391b9e
reloadAllAccessors: .TrigFunctionInverse

===========================================================================================
----------------- testing Sun Aug 25 05:34:21 UTC 2019 /home/travis/build/icyphy/ptII/ptolemy/actor/lib/test/auto/TrigFunctionTan.xml
----------------- Instantiating /home/travis/build/icyphy/ptII/ptolemy/actor/lib/test/auto/TrigFunctionTan.xml
2 ms. Memory: 529408K Free: 458105K (87%)
----------------- Invoking toplevel() on ptolemy.moml.MoMLSimpleApplication@789f5a82
----------------- Done invoking toplevel() on ptolemy.moml.MoMLSimpleApplication@789f5a82
reloadAllAccessors: .TrigFunctionTan

===========================================================================================
----------------- testing Sun Aug 25 05:34:21 UTC 2019 /home/travis/build/icyphy/ptII/ptolemy/actor/lib/test/auto/TriggeredClock.xml
----------------- Instantiating /home/travis/build/icyphy/ptII/ptolemy/actor/lib/test/auto/TriggeredClock.xml
1 ms. Memory: 529408K Free: 452979K (86%)
----------------- Invoking toplevel() on ptolemy.moml.MoMLSimpleApplication@4d46ae01
----------------- Done invoking toplevel() on ptolemy.moml.MoMLSimpleApplication@4d46ae01
reloadAllAccessors: .TriggeredClock

===========================================================================================
----------------- testing Sun Aug 25 05:34:21 UTC 2019 /home/travis/build/icyphy/ptII/ptolemy/actor/lib/test/auto/URLDirectoryReader.xml
----------------- Instantiating /home/travis/build/icyphy/ptII/ptolemy/actor/lib/test/auto/URLDirectoryReader.xml
32 ms. Memory: 529408K Free: 443769K (84%)
----------------- Invoking toplevel() on ptolemy.moml.MoMLSimpleApplication@1de00f61
----------------- Done invoking toplevel() on ptolemy.moml.MoMLSimpleApplication@1de00f61
reloadAllAccessors: .URLDirectoryReader

===========================================================================================
----------------- testing Sun Aug 25 05:34:21 UTC 2019 /home/travis/build/icyphy/ptII/ptolemy/actor/lib/test/auto/URLDirectoryReader3.xml
----------------- Instantiating /home/travis/build/icyphy/ptII/ptolemy/actor/lib/test/auto/URLDirectoryReader3.xml
1129 ms. Memory: 529408K Free: 470881K (89%)
----------------- Invoking toplevel() on ptolemy.moml.MoMLSimpleApplication@2004782f
----------------- Done invoking toplevel() on ptolemy.moml.MoMLSimpleApplication@2004782f
reloadAllAccessors: .URLDirectoryReader3

===========================================================================================
----------------- testing Sun Aug 25 05:34:23 UTC 2019 /home/travis/build/icyphy/ptII/ptolemy/actor/lib/test/auto/UnaryMathFunction.xml
----------------- Instantiating /home/travis/build/icyphy/ptII/ptolemy/actor/lib/test/auto/UnaryMathFunction.xml
3 ms. Memory: 529408K Free: 463171K (87%)
----------------- Invoking toplevel() on ptolemy.moml.MoMLSimpleApplication@55e5bf23
----------------- Done invoking toplevel() on ptolemy.moml.MoMLSimpleApplication@55e5bf23
reloadAllAccessors: .UnaryMathFunction

===========================================================================================
----------------- testing Sun Aug 25 05:34:23 UTC 2019 /home/travis/build/icyphy/ptII/ptolemy/actor/lib/test/auto/Uniform.xml
----------------- Instantiating /home/travis/build/icyphy/ptII/ptolemy/actor/lib/test/auto/Uniform.xml
2 ms. Memory: 529408K Free: 458565K (87%)
----------------- Invoking toplevel() on ptolemy.moml.MoMLSimpleApplication@3bcc579c
----------------- Done invoking toplevel() on ptolemy.moml.MoMLSimpleApplication@3bcc579c
reloadAllAccessors: .Uniform

===========================================================================================
----------------- testing Sun Aug 25 05:34:23 UTC 2019 /home/travis/build/icyphy/ptII/ptolemy/actor/lib/test/auto/UnionDisassemblerTest.xml
----------------- Instantiating /home/travis/build/icyphy/ptII/ptolemy/actor/lib/test/auto/UnionDisassemblerTest.xml
8 ms. Memory: 529408K Free: 454979K (86%)
----------------- Invoking toplevel() on ptolemy.moml.MoMLSimpleApplication@1a7e75dc
----------------- Done invoking toplevel() on ptolemy.moml.MoMLSimpleApplication@1a7e75dc
reloadAllAccessors: .UnionDisassemblerTest

===========================================================================================
----------------- testing Sun Aug 25 05:34:23 UTC 2019 /home/travis/build/icyphy/ptII/ptolemy/actor/lib/test/auto/UtilityFunctions.xml
----------------- Instantiating /home/travis/build/icyphy/ptII/ptolemy/actor/lib/test/auto/UtilityFunctions.xml
1 ms. Memory: 529408K Free: 451397K (85%)
----------------- Invoking toplevel() on ptolemy.moml.MoMLSimpleApplication@593dea5
----------------- Done invoking toplevel() on ptolemy.moml.MoMLSimpleApplication@593dea5
reloadAllAccessors: .UtilityFunctions

===========================================================================================
----------------- testing Sun Aug 25 05:34:23 UTC 2019 /home/travis/build/icyphy/ptII/ptolemy/actor/lib/test/auto/VariableSleep.xml
----------------- Instantiating /home/travis/build/icyphy/ptII/ptolemy/actor/lib/test/auto/VariableSleep.xml
503 ms. Memory: 529408K Free: 446277K (84%)
----------------- Invoking toplevel() on ptolemy.moml.MoMLSimpleApplication@3dbe47e9
----------------- Done invoking toplevel() on ptolemy.moml.MoMLSimpleApplication@3dbe47e9
reloadAllAccessors: .VariableSleep

===========================================================================================
----------------- testing Sun Aug 25 05:34:23 UTC 2019 /home/travis/build/icyphy/ptII/ptolemy/actor/lib/test/auto/VectorAssemblerDisassemblerCT.xml
----------------- Instantiating /home/travis/build/icyphy/ptII/ptolemy/actor/lib/test/auto/VectorAssemblerDisassemblerCT.xml
88 ms. Memory: 529408K Free: 426307K (81%)
----------------- Invoking toplevel() on ptolemy.moml.MoMLSimpleApplication@1016ffdc
----------------- Done invoking toplevel() on ptolemy.moml.MoMLSimpleApplication@1016ffdc
reloadAllAccessors: .VectorAssemblerDisassemblerCT

===========================================================================================
----------------- testing Sun Aug 25 05:34:24 UTC 2019 /home/travis/build/icyphy/ptII/ptolemy/actor/lib/test/auto/VectorAssemblerDisassemblerDE.xml
----------------- Instantiating /home/travis/build/icyphy/ptII/ptolemy/actor/lib/test/auto/VectorAssemblerDisassemblerDE.xml
11 ms. Memory: 529408K Free: 419139K (79%)
----------------- Invoking toplevel() on ptolemy.moml.MoMLSimpleApplication@1551b0b2
----------------- Done invoking toplevel() on ptolemy.moml.MoMLSimpleApplication@1551b0b2
reloadAllAccessors: .VectorAssemblerDisassemblerDE

===========================================================================================
----------------- testing Sun Aug 25 05:34:24 UTC 2019 /home/travis/build/icyphy/ptII/ptolemy/actor/lib/test/auto/VectorAssemblerDisassemblerSDF.xml
----------------- Instantiating /home/travis/build/icyphy/ptII/ptolemy/actor/lib/test/auto/VectorAssemblerDisassemblerSDF.xml
2 ms. Memory: 529408K Free: 412485K (78%)
----------------- Invoking toplevel() on ptolemy.moml.MoMLSimpleApplication@469f09f3
----------------- Done invoking toplevel() on ptolemy.moml.MoMLSimpleApplication@469f09f3
reloadAllAccessors: .VectorAssemblerDisassemblerSDF

===========================================================================================
----------------- testing Sun Aug 25 05:34:24 UTC 2019 /home/travis/build/icyphy/ptII/ptolemy/actor/lib/test/auto/WallClockTime.xml
----------------- Instantiating /home/travis/build/icyphy/ptII/ptolemy/actor/lib/test/auto/WallClockTime.xml
1005 ms. Memory: 529408K Free: 407365K (77%)
----------------- Invoking toplevel() on ptolemy.moml.MoMLSimpleApplication@3162a4e0
----------------- Done invoking toplevel() on ptolemy.moml.MoMLSimpleApplication@3162a4e0
reloadAllAccessors: .WallClockTime

===========================================================================================
----------------- testing Sun Aug 25 05:34:25 UTC 2019 /home/travis/build/icyphy/ptII/ptolemy/actor/lib/test/auto/WidthTestWithSubscriberPublisher.xml
----------------- Instantiating /home/travis/build/icyphy/ptII/ptolemy/actor/lib/test/auto/WidthTestWithSubscriberPublisher.xml
7 ms. Memory: 529408K Free: 389443K (74%)
----------------- Invoking toplevel() on ptolemy.moml.MoMLSimpleApplication@2cc918ba
----------------- Done invoking toplevel() on ptolemy.moml.MoMLSimpleApplication@2cc918ba
reloadAllAccessors: .WidthTestWithSubscriberPublisher

===========================================================================================
----------------- testing Sun Aug 25 05:34:25 UTC 2019 /home/travis/build/icyphy/ptII/ptolemy/actor/lib/test/auto/WidthTestWithSubscriberPublisher2.xml
----------------- Instantiating /home/travis/build/icyphy/ptII/ptolemy/actor/lib/test/auto/WidthTestWithSubscriberPublisher2.xml
2 ms. Memory: 529408K Free: 383299K (72%)
----------------- Invoking toplevel() on ptolemy.moml.MoMLSimpleApplication@b6b7977
----------------- Done invoking toplevel() on ptolemy.moml.MoMLSimpleApplication@b6b7977
reloadAllAccessors: .WidthTestWithSubscriberPublisher2

===========================================================================================
----------------- testing Sun Aug 25 05:34:25 UTC 2019 /home/travis/build/icyphy/ptII/ptolemy/actor/lib/test/auto/WidthTestWithSubscriberPublisher3.xml
----------------- Instantiating /home/travis/build/icyphy/ptII/ptolemy/actor/lib/test/auto/WidthTestWithSubscriberPublisher3.xml
2 ms. Memory: 529408K Free: 377669K (71%)
----------------- Invoking toplevel() on ptolemy.moml.MoMLSimpleApplication@7c1ee301
----------------- Done invoking toplevel() on ptolemy.moml.MoMLSimpleApplication@7c1ee301
reloadAllAccessors: .WidthTestWithSubscriberPublisher3

===========================================================================================
----------------- testing Sun Aug 25 05:34:25 UTC 2019 /home/travis/build/icyphy/ptII/ptolemy/actor/lib/test/auto/Writer.xml
----------------- Instantiating /home/travis/build/icyphy/ptII/ptolemy/actor/lib/test/auto/Writer.xml
0
1
2
3
4
2 ms. Memory: 529408K Free: 373573K (71%)
----------------- Invoking toplevel() on ptolemy.moml.MoMLSimpleApplication@50c040ee
----------------- Done invoking toplevel() on ptolemy.moml.MoMLSimpleApplication@50c040ee
reloadAllAccessors: .Writer

===========================================================================================
----------------- testing Sun Aug 25 05:34:25 UTC 2019 /home/travis/build/icyphy/ptII/ptolemy/actor/lib/test/auto/array.xml
----------------- Instantiating /home/travis/build/icyphy/ptII/ptolemy/actor/lib/test/auto/array.xml
2 ms. Memory: 529408K Free: 368963K (70%)
----------------- Invoking toplevel() on ptolemy.moml.MoMLSimpleApplication@7ecbb54b
----------------- Done invoking toplevel() on ptolemy.moml.MoMLSimpleApplication@7ecbb54b
reloadAllAccessors: .array

===========================================================================================
----------------- testing Sun Aug 25 05:34:25 UTC 2019 /home/travis/build/icyphy/ptII/ptolemy/actor/lib/test/auto/array2.xml
----------------- Instantiating /home/travis/build/icyphy/ptII/ptolemy/actor/lib/test/auto/array2.xml
5 ms. Memory: 529408K Free: 363333K (69%)
----------------- Invoking toplevel() on ptolemy.moml.MoMLSimpleApplication@1840a790
----------------- Done invoking toplevel() on ptolemy.moml.MoMLSimpleApplication@1840a790
reloadAllAccessors: .array2

===========================================================================================
----------------- testing Sun Aug 25 05:34:25 UTC 2019 /home/travis/build/icyphy/ptII/ptolemy/actor/lib/test/auto/arrayType.xml
----------------- Instantiating /home/travis/build/icyphy/ptII/ptolemy/actor/lib/test/auto/arrayType.xml
2 ms. Memory: 529408K Free: 358213K (68%)
----------------- Invoking toplevel() on ptolemy.moml.MoMLSimpleApplication@6e05ad31
----------------- Done invoking toplevel() on ptolemy.moml.MoMLSimpleApplication@6e05ad31
reloadAllAccessors: .arrayType

===========================================================================================
----------------- testing Sun Aug 25 05:34:25 UTC 2019 /home/travis/build/icyphy/ptII/ptolemy/actor/lib/test/auto/arrayType10.xml
----------------- Instantiating /home/travis/build/icyphy/ptII/ptolemy/actor/lib/test/auto/arrayType10.xml
2 ms. Memory: 529408K Free: 353603K (67%)
----------------- Invoking toplevel() on ptolemy.moml.MoMLSimpleApplication@1205afe0
----------------- Done invoking toplevel() on ptolemy.moml.MoMLSimpleApplication@1205afe0
reloadAllAccessors: .arrayType10

===========================================================================================
----------------- testing Sun Aug 25 05:34:25 UTC 2019 /home/travis/build/icyphy/ptII/ptolemy/actor/lib/test/auto/arrayType11.xml
----------------- Instantiating /home/travis/build/icyphy/ptII/ptolemy/actor/lib/test/auto/arrayType11.xml
1 ms. Memory: 529408K Free: 348997K (66%)
----------------- Invoking toplevel() on ptolemy.moml.MoMLSimpleApplication@68ba9da5
----------------- Done invoking toplevel() on ptolemy.moml.MoMLSimpleApplication@68ba9da5
reloadAllAccessors: .arrayType11

===========================================================================================
----------------- testing Sun Aug 25 05:34:25 UTC 2019 /home/travis/build/icyphy/ptII/ptolemy/actor/lib/test/auto/arrayType12.xml
----------------- Instantiating /home/travis/build/icyphy/ptII/ptolemy/actor/lib/test/auto/arrayType12.xml
1 ms. Memory: 529408K Free: 343877K (65%)
----------------- Invoking toplevel() on ptolemy.moml.MoMLSimpleApplication@342ae2ee
----------------- Done invoking toplevel() on ptolemy.moml.MoMLSimpleApplication@342ae2ee
reloadAllAccessors: .arrayType12

===========================================================================================
----------------- testing Sun Aug 25 05:34:25 UTC 2019 /home/travis/build/icyphy/ptII/ptolemy/actor/lib/test/auto/arrayType13.xml
----------------- Instantiating /home/travis/build/icyphy/ptII/ptolemy/actor/lib/test/auto/arrayType13.xml
1 ms. Memory: 529408K Free: 338757K (64%)
----------------- Invoking toplevel() on ptolemy.moml.MoMLSimpleApplication@70b5b2dd
----------------- Done invoking toplevel() on ptolemy.moml.MoMLSimpleApplication@70b5b2dd
reloadAllAccessors: .arrayType13

===========================================================================================
----------------- testing Sun Aug 25 05:34:25 UTC 2019 /home/travis/build/icyphy/ptII/ptolemy/actor/lib/test/auto/arrayType14.xml
----------------- Instantiating /home/travis/build/icyphy/ptII/ptolemy/actor/lib/test/auto/arrayType14.xml
2 ms. Memory: 529408K Free: 333123K (63%)
----------------- Invoking toplevel() on ptolemy.moml.MoMLSimpleApplication@e6aeeea
----------------- Done invoking toplevel() on ptolemy.moml.MoMLSimpleApplication@e6aeeea
reloadAllAccessors: .arrayType14

===========================================================================================
----------------- testing Sun Aug 25 05:34:25 UTC 2019 /home/travis/build/icyphy/ptII/ptolemy/actor/lib/test/auto/arrayType15.xml
----------------- Instantiating /home/travis/build/icyphy/ptII/ptolemy/actor/lib/test/auto/arrayType15.xml
3 ms. Memory: 529408K Free: 328003K (62%)
----------------- Invoking toplevel() on ptolemy.moml.MoMLSimpleApplication@485bdf9b
----------------- Done invoking toplevel() on ptolemy.moml.MoMLSimpleApplication@485bdf9b
reloadAllAccessors: .arrayType15

===========================================================================================
----------------- testing Sun Aug 25 05:34:25 UTC 2019 /home/travis/build/icyphy/ptII/ptolemy/actor/lib/test/auto/arrayType16.xml
----------------- Instantiating /home/travis/build/icyphy/ptII/ptolemy/actor/lib/test/auto/arrayType16.xml
2 ms. Memory: 529408K Free: 322883K (61%)
----------------- Invoking toplevel() on ptolemy.moml.MoMLSimpleApplication@33d33fe2
----------------- Done invoking toplevel() on ptolemy.moml.MoMLSimpleApplication@33d33fe2
reloadAllAccessors: .arrayType16

===========================================================================================
----------------- testing Sun Aug 25 05:34:25 UTC 2019 /home/travis/build/icyphy/ptII/ptolemy/actor/lib/test/auto/arrayType17.xml
----------------- Instantiating /home/travis/build/icyphy/ptII/ptolemy/actor/lib/test/auto/arrayType17.xml
1 ms. Memory: 529408K Free: 317763K (60%)
----------------- Invoking toplevel() on ptolemy.moml.MoMLSimpleApplication@72376bb9
----------------- Done invoking toplevel() on ptolemy.moml.MoMLSimpleApplication@72376bb9
reloadAllAccessors: .arrayType17

===========================================================================================
----------------- testing Sun Aug 25 05:34:25 UTC 2019 /home/travis/build/icyphy/ptII/ptolemy/actor/lib/test/auto/arrayType18.xml
----------------- Instantiating /home/travis/build/icyphy/ptII/ptolemy/actor/lib/test/auto/arrayType18.xml
2 ms. Memory: 529408K Free: 313157K (59%)
----------------- Invoking toplevel() on ptolemy.moml.MoMLSimpleApplication@1869f901
----------------- Done invoking toplevel() on ptolemy.moml.MoMLSimpleApplication@1869f901
reloadAllAccessors: .arrayType18

===========================================================================================
----------------- testing Sun Aug 25 05:34:25 UTC 2019 /home/travis/build/icyphy/ptII/ptolemy/actor/lib/test/auto/arrayType19.xml
----------------- Instantiating /home/travis/build/icyphy/ptII/ptolemy/actor/lib/test/auto/arrayType19.xml
2 ms. Memory: 529408K Free: 308037K (58%)
----------------- Invoking toplevel() on ptolemy.moml.MoMLSimpleApplication@13a83af6
----------------- Done invoking toplevel() on ptolemy.moml.MoMLSimpleApplication@13a83af6
reloadAllAccessors: .arrayType19

===========================================================================================
----------------- testing Sun Aug 25 05:34:25 UTC 2019 /home/travis/build/icyphy/ptII/ptolemy/actor/lib/test/auto/arrayType2.xml
----------------- Instantiating /home/travis/build/icyphy/ptII/ptolemy/actor/lib/test/auto/arrayType2.xml
2 ms. Memory: 529408K Free: 302917K (57%)
----------------- Invoking toplevel() on ptolemy.moml.MoMLSimpleApplication@6b90e7e6
----------------- Done invoking toplevel() on ptolemy.moml.MoMLSimpleApplication@6b90e7e6
reloadAllAccessors: .arrayType2

===========================================================================================
----------------- testing Sun Aug 25 05:34:25 UTC 2019 /home/travis/build/icyphy/ptII/ptolemy/actor/lib/test/auto/arrayType20.xml
----------------- Instantiating /home/travis/build/icyphy/ptII/ptolemy/actor/lib/test/auto/arrayType20.xml
1 ms. Memory: 529408K Free: 298307K (56%)
----------------- Invoking toplevel() on ptolemy.moml.MoMLSimpleApplication@4e1723a9
----------------- Done invoking toplevel() on ptolemy.moml.MoMLSimpleApplication@4e1723a9
reloadAllAccessors: .arrayType20

===========================================================================================
----------------- testing Sun Aug 25 05:34:25 UTC 2019 /home/travis/build/icyphy/ptII/ptolemy/actor/lib/test/auto/arrayType21.xml
----------------- Instantiating /home/travis/build/icyphy/ptII/ptolemy/actor/lib/test/auto/arrayType21.xml
2 ms. Memory: 529408K Free: 293187K (55%)
----------------- Invoking toplevel() on ptolemy.moml.MoMLSimpleApplication@47a041f
----------------- Done invoking toplevel() on ptolemy.moml.MoMLSimpleApplication@47a041f
reloadAllAccessors: .arrayType21

===========================================================================================
----------------- testing Sun Aug 25 05:34:25 UTC 2019 /home/travis/build/icyphy/ptII/ptolemy/actor/lib/test/auto/arrayType22.xml
----------------- Instantiating /home/travis/build/icyphy/ptII/ptolemy/actor/lib/test/auto/arrayType22.xml
2 ms. Memory: 529408K Free: 288581K (55%)
----------------- Invoking toplevel() on ptolemy.moml.MoMLSimpleApplication@5b62dff8
----------------- Done invoking toplevel() on ptolemy.moml.MoMLSimpleApplication@5b62dff8
reloadAllAccessors: .arrayType22

===========================================================================================
----------------- testing Sun Aug 25 05:34:25 UTC 2019 /home/travis/build/icyphy/ptII/ptolemy/actor/lib/test/auto/arrayType23.xml
----------------- Instantiating /home/travis/build/icyphy/ptII/ptolemy/actor/lib/test/auto/arrayType23.xml
2 ms. Memory: 529408K Free: 283461K (54%)
----------------- Invoking toplevel() on ptolemy.moml.MoMLSimpleApplication@3eb8e4f7
----------------- Done invoking toplevel() on ptolemy.moml.MoMLSimpleApplication@3eb8e4f7
reloadAllAccessors: .arrayType23

===========================================================================================
----------------- testing Sun Aug 25 05:34:25 UTC 2019 /home/travis/build/icyphy/ptII/ptolemy/actor/lib/test/auto/arrayType24.xml
----------------- Instantiating /home/travis/build/icyphy/ptII/ptolemy/actor/lib/test/auto/arrayType24.xml
1 ms. Memory: 529408K Free: 278851K (53%)
----------------- Invoking toplevel() on ptolemy.moml.MoMLSimpleApplication@294b3961
----------------- Done invoking toplevel() on ptolemy.moml.MoMLSimpleApplication@294b3961
reloadAllAccessors: .arrayType24

===========================================================================================
----------------- testing Sun Aug 25 05:34:25 UTC 2019 /home/travis/build/icyphy/ptII/ptolemy/actor/lib/test/auto/arrayType25.xml
----------------- Instantiating /home/travis/build/icyphy/ptII/ptolemy/actor/lib/test/auto/arrayType25.xml
1 ms. Memory: 529408K Free: 273731K (52%)
----------------- Invoking toplevel() on ptolemy.moml.MoMLSimpleApplication@476436e6
----------------- Done invoking toplevel() on ptolemy.moml.MoMLSimpleApplication@476436e6
reloadAllAccessors: .arrayType25

===========================================================================================
----------------- testing Sun Aug 25 05:34:25 UTC 2019 /home/travis/build/icyphy/ptII/ptolemy/actor/lib/test/auto/arrayType26.xml
----------------- Instantiating /home/travis/build/icyphy/ptII/ptolemy/actor/lib/test/auto/arrayType26.xml
2 ms. Memory: 529408K Free: 268611K (51%)
----------------- Invoking toplevel() on ptolemy.moml.MoMLSimpleApplication@1ecfe01b
----------------- Done invoking toplevel() on ptolemy.moml.MoMLSimpleApplication@1ecfe01b
reloadAllAccessors: .arrayType26

===========================================================================================
----------------- testing Sun Aug 25 05:34:25 UTC 2019 /home/travis/build/icyphy/ptII/ptolemy/actor/lib/test/auto/arrayType27.xml
----------------- Instantiating /home/travis/build/icyphy/ptII/ptolemy/actor/lib/test/auto/arrayType27.xml
2 ms. Memory: 529408K Free: 263491K (50%)
----------------- Invoking toplevel() on ptolemy.moml.MoMLSimpleApplication@59e364e5
----------------- Done invoking toplevel() on ptolemy.moml.MoMLSimpleApplication@59e364e5
reloadAllAccessors: .arrayType27

===========================================================================================
----------------- testing Sun Aug 25 05:34:25 UTC 2019 /home/travis/build/icyphy/ptII/ptolemy/actor/lib/test/auto/arrayType28.xml
----------------- Instantiating /home/travis/build/icyphy/ptII/ptolemy/actor/lib/test/auto/arrayType28.xml
9 ms. Memory: 529408K Free: 257861K (49%)
----------------- Invoking toplevel() on ptolemy.moml.MoMLSimpleApplication@4cfcb6f4
----------------- Done invoking toplevel() on ptolemy.moml.MoMLSimpleApplication@4cfcb6f4
reloadAllAccessors: .arrayType28

===========================================================================================
----------------- testing Sun Aug 25 05:34:25 UTC 2019 /home/travis/build/icyphy/ptII/ptolemy/actor/lib/test/auto/arrayType3.xml
----------------- Instantiating /home/travis/build/icyphy/ptII/ptolemy/actor/lib/test/auto/arrayType3.xml
1 ms. Memory: 529408K Free: 252741K (48%)
----------------- Invoking toplevel() on ptolemy.moml.MoMLSimpleApplication@49bf1728
----------------- Done invoking toplevel() on ptolemy.moml.MoMLSimpleApplication@49bf1728
reloadAllAccessors: .arrayType3

===========================================================================================
----------------- testing Sun Aug 25 05:34:25 UTC 2019 /home/travis/build/icyphy/ptII/ptolemy/actor/lib/test/auto/arrayType4.xml
----------------- Instantiating /home/travis/build/icyphy/ptII/ptolemy/actor/lib/test/auto/arrayType4.xml
2 ms. Memory: 529408K Free: 247621K (47%)
----------------- Invoking toplevel() on ptolemy.moml.MoMLSimpleApplication@40e3e001
----------------- Done invoking toplevel() on ptolemy.moml.MoMLSimpleApplication@40e3e001
reloadAllAccessors: .arrayType4

===========================================================================================
----------------- testing Sun Aug 25 05:34:25 UTC 2019 /home/travis/build/icyphy/ptII/ptolemy/actor/lib/test/auto/arrayType5.xml
----------------- Instantiating /home/travis/build/icyphy/ptII/ptolemy/actor/lib/test/auto/arrayType5.xml
1 ms. Memory: 529408K Free: 242501K (46%)
----------------- Invoking toplevel() on ptolemy.moml.MoMLSimpleApplication@7231b342
----------------- Done invoking toplevel() on ptolemy.moml.MoMLSimpleApplication@7231b342
reloadAllAccessors: .arrayType5

===========================================================================================
----------------- testing Sun Aug 25 05:34:25 UTC 2019 /home/travis/build/icyphy/ptII/ptolemy/actor/lib/test/auto/arrayType6.xml
----------------- Instantiating /home/travis/build/icyphy/ptII/ptolemy/actor/lib/test/auto/arrayType6.xml
2 ms. Memory: 529408K Free: 237381K (45%)
----------------- Invoking toplevel() on ptolemy.moml.MoMLSimpleApplication@4db3cbc1
----------------- Done invoking toplevel() on ptolemy.moml.MoMLSimpleApplication@4db3cbc1
reloadAllAccessors: .arrayType6

===========================================================================================
----------------- testing Sun Aug 25 05:34:25 UTC 2019 /home/travis/build/icyphy/ptII/ptolemy/actor/lib/test/auto/arrayType7.xml
----------------- Instantiating /home/travis/build/icyphy/ptII/ptolemy/actor/lib/test/auto/arrayType7.xml
1 ms. Memory: 529408K Free: 232771K (44%)
----------------- Invoking toplevel() on ptolemy.moml.MoMLSimpleApplication@3d7b0b88
----------------- Done invoking toplevel() on ptolemy.moml.MoMLSimpleApplication@3d7b0b88
reloadAllAccessors: .arrayType7

===========================================================================================
----------------- testing Sun Aug 25 05:34:25 UTC 2019 /home/travis/build/icyphy/ptII/ptolemy/actor/lib/test/auto/arrayType8.xml
----------------- Instantiating /home/travis/build/icyphy/ptII/ptolemy/actor/lib/test/auto/arrayType8.xml
7 ms. Memory: 529408K Free: 228165K (43%)
----------------- Invoking toplevel() on ptolemy.moml.MoMLSimpleApplication@299be2b8
----------------- Done invoking toplevel() on ptolemy.moml.MoMLSimpleApplication@299be2b8
reloadAllAccessors: .arrayType8

===========================================================================================
----------------- testing Sun Aug 25 05:34:25 UTC 2019 /home/travis/build/icyphy/ptII/ptolemy/actor/lib/test/auto/arrayType9.xml
----------------- Instantiating /home/travis/build/icyphy/ptII/ptolemy/actor/lib/test/auto/arrayType9.xml
1 ms. Memory: 529408K Free: 223555K (42%)
----------------- Invoking toplevel() on ptolemy.moml.MoMLSimpleApplication@20a59289
----------------- Done invoking toplevel() on ptolemy.moml.MoMLSimpleApplication@20a59289
reloadAllAccessors: .arrayType9

===========================================================================================
----------------- testing Sun Aug 25 05:34:25 UTC 2019 /home/travis/build/icyphy/ptII/ptolemy/actor/lib/test/auto/cast.xml
----------------- Instantiating /home/travis/build/icyphy/ptII/ptolemy/actor/lib/test/auto/cast.xml
2 ms. Memory: 529408K Free: 218435K (41%)
----------------- Invoking toplevel() on ptolemy.moml.MoMLSimpleApplication@7bd7157f
----------------- Done invoking toplevel() on ptolemy.moml.MoMLSimpleApplication@7bd7157f
reloadAllAccessors: .cast

===========================================================================================
----------------- testing Sun Aug 25 05:34:25 UTC 2019 /home/travis/build/icyphy/ptII/ptolemy/actor/lib/test/auto/compositeMultiPort.xml
----------------- Instantiating /home/travis/build/icyphy/ptII/ptolemy/actor/lib/test/auto/compositeMultiPort.xml
3 ms. Memory: 529408K Free: 209733K (40%)
----------------- Invoking toplevel() on ptolemy.moml.MoMLSimpleApplication@272fca46
----------------- Done invoking toplevel() on ptolemy.moml.MoMLSimpleApplication@272fca46
reloadAllAccessors: .compositeMultiPort

===========================================================================================
----------------- testing Sun Aug 25 05:34:25 UTC 2019 /home/travis/build/icyphy/ptII/ptolemy/actor/lib/test/auto/expressionCastInference.xml
----------------- Instantiating /home/travis/build/icyphy/ptII/ptolemy/actor/lib/test/auto/expressionCastInference.xml
2 ms. Memory: 529408K Free: 205123K (39%)
----------------- Invoking toplevel() on ptolemy.moml.MoMLSimpleApplication@6922720c
----------------- Done invoking toplevel() on ptolemy.moml.MoMLSimpleApplication@6922720c
reloadAllAccessors: .expressionCastInference

===========================================================================================
----------------- testing Sun Aug 25 05:34:25 UTC 2019 /home/travis/build/icyphy/ptII/ptolemy/actor/lib/test/auto/expressionCastInference2.xml
----------------- Instantiating /home/travis/build/icyphy/ptII/ptolemy/actor/lib/test/auto/expressionCastInference2.xml
2 ms. Memory: 529408K Free: 200517K (38%)
----------------- Invoking toplevel() on ptolemy.moml.MoMLSimpleApplication@38ab8c00
----------------- Done invoking toplevel() on ptolemy.moml.MoMLSimpleApplication@38ab8c00
reloadAllAccessors: .expressionCastInference2

===========================================================================================
----------------- testing Sun Aug 25 05:34:25 UTC 2019 /home/travis/build/icyphy/ptII/ptolemy/actor/lib/test/auto/expressionInference.xml
----------------- Instantiating /home/travis/build/icyphy/ptII/ptolemy/actor/lib/test/auto/expressionInference.xml
1 ms. Memory: 529408K Free: 195907K (37%)
----------------- Invoking toplevel() on ptolemy.moml.MoMLSimpleApplication@5698db2c
----------------- Done invoking toplevel() on ptolemy.moml.MoMLSimpleApplication@5698db2c
reloadAllAccessors: .expressionInference

===========================================================================================
----------------- testing Sun Aug 25 05:34:25 UTC 2019 /home/travis/build/icyphy/ptII/ptolemy/actor/lib/test/auto/expression_bug.xml
----------------- Instantiating /home/travis/build/icyphy/ptII/ptolemy/actor/lib/test/auto/expression_bug.xml
1 ms. Memory: 529408K Free: 191811K (36%)
----------------- Invoking toplevel() on ptolemy.moml.MoMLSimpleApplication@70de6fe6
----------------- Done invoking toplevel() on ptolemy.moml.MoMLSimpleApplication@70de6fe6
reloadAllAccessors: .expression_bug

===========================================================================================
----------------- testing Sun Aug 25 05:34:25 UTC 2019 /home/travis/build/icyphy/ptII/ptolemy/actor/lib/test/auto/factorial.xml
----------------- Instantiating /home/travis/build/icyphy/ptII/ptolemy/actor/lib/test/auto/factorial.xml
32 ms. Memory: 529408K Free: 183619K (35%)
----------------- Invoking toplevel() on ptolemy.moml.MoMLSimpleApplication@2afbe5da
----------------- Done invoking toplevel() on ptolemy.moml.MoMLSimpleApplication@2afbe5da
reloadAllAccessors: .factorial

===========================================================================================
----------------- testing Sun Aug 25 05:34:25 UTC 2019 /home/travis/build/icyphy/ptII/ptolemy/actor/lib/test/auto/filterTest1.xml
----------------- Instantiating /home/travis/build/icyphy/ptII/ptolemy/actor/lib/test/auto/filterTest1.xml
3 ms. Memory: 529408K Free: 472584K (89%)
----------------- Invoking toplevel() on ptolemy.moml.MoMLSimpleApplication@68ab63bc
----------------- Done invoking toplevel() on ptolemy.moml.MoMLSimpleApplication@68ab63bc
reloadAllAccessors: .filterTest1

===========================================================================================
----------------- testing Sun Aug 25 05:34:25 UTC 2019 /home/travis/build/icyphy/ptII/ptolemy/actor/lib/test/auto/funcApplyInConst.xml
----------------- Instantiating /home/travis/build/icyphy/ptII/ptolemy/actor/lib/test/auto/funcApplyInConst.xml
1 ms. Memory: 529408K Free: 468488K (88%)
----------------- Invoking toplevel() on ptolemy.moml.MoMLSimpleApplication@629a0b59
----------------- Done invoking toplevel() on ptolemy.moml.MoMLSimpleApplication@629a0b59
reloadAllAccessors: .funcApplyInConst

===========================================================================================
----------------- testing Sun Aug 25 05:34:25 UTC 2019 /home/travis/build/icyphy/ptII/ptolemy/actor/lib/test/auto/funcApplyInExpr.xml
----------------- Instantiating /home/travis/build/icyphy/ptII/ptolemy/actor/lib/test/auto/funcApplyInExpr.xml
1 ms. Memory: 529408K Free: 464902K (88%)
----------------- Invoking toplevel() on ptolemy.moml.MoMLSimpleApplication@723ba001
----------------- Done invoking toplevel() on ptolemy.moml.MoMLSimpleApplication@723ba001
reloadAllAccessors: .funcApplyInExpr

===========================================================================================
----------------- testing Sun Aug 25 05:34:25 UTC 2019 /home/travis/build/icyphy/ptII/ptolemy/actor/lib/test/auto/function.xml
----------------- Instantiating /home/travis/build/icyphy/ptII/ptolemy/actor/lib/test/auto/function.xml
2 ms. Memory: 529408K Free: 460296K (87%)
----------------- Invoking toplevel() on ptolemy.moml.MoMLSimpleApplication@71706530
----------------- Done invoking toplevel() on ptolemy.moml.MoMLSimpleApplication@71706530
reloadAllAccessors: .function

===========================================================================================
----------------- testing Sun Aug 25 05:34:25 UTC 2019 /home/travis/build/icyphy/ptII/ptolemy/actor/lib/test/auto/function2.xml
----------------- Instantiating /home/travis/build/icyphy/ptII/ptolemy/actor/lib/test/auto/function2.xml
2 ms. Memory: 529408K Free: 455686K (86%)
----------------- Invoking toplevel() on ptolemy.moml.MoMLSimpleApplication@9503ca0
----------------- Done invoking toplevel() on ptolemy.moml.MoMLSimpleApplication@9503ca0
reloadAllAccessors: .function2

===========================================================================================
----------------- testing Sun Aug 25 05:34:26 UTC 2019 /home/travis/build/icyphy/ptII/ptolemy/actor/lib/test/auto/function3.xml
----------------- Instantiating /home/travis/build/icyphy/ptII/ptolemy/actor/lib/test/auto/function3.xml
2 ms. Memory: 529408K Free: 451590K (85%)
----------------- Invoking toplevel() on ptolemy.moml.MoMLSimpleApplication@29492c1c
----------------- Done invoking toplevel() on ptolemy.moml.MoMLSimpleApplication@29492c1c
reloadAllAccessors: .function3

===========================================================================================
----------------- testing Sun Aug 25 05:34:26 UTC 2019 /home/travis/build/icyphy/ptII/ptolemy/actor/lib/test/auto/functionClosureTest1.xml
----------------- Instantiating /home/travis/build/icyphy/ptII/ptolemy/actor/lib/test/auto/functionClosureTest1.xml
2 ms. Memory: 529408K Free: 445960K (84%)
----------------- Invoking toplevel() on ptolemy.moml.MoMLSimpleApplication@5225a6ec
----------------- Done invoking toplevel() on ptolemy.moml.MoMLSimpleApplication@5225a6ec
reloadAllAccessors: .functionClosureTest1

===========================================================================================
----------------- testing Sun Aug 25 05:34:26 UTC 2019 /home/travis/build/icyphy/ptII/ptolemy/actor/lib/test/auto/functionClosureTest2.xml
----------------- Instantiating /home/travis/build/icyphy/ptII/ptolemy/actor/lib/test/auto/functionClosureTest2.xml
1 ms. Memory: 529408K Free: 442374K (84%)
----------------- Invoking toplevel() on ptolemy.moml.MoMLSimpleApplication@427a0759
----------------- Done invoking toplevel() on ptolemy.moml.MoMLSimpleApplication@427a0759
reloadAllAccessors: .functionClosureTest2

===========================================================================================
----------------- testing Sun Aug 25 05:34:26 UTC 2019 /home/travis/build/icyphy/ptII/ptolemy/actor/lib/test/auto/functionClosureTest3.xml
----------------- Instantiating /home/travis/build/icyphy/ptII/ptolemy/actor/lib/test/auto/functionClosureTest3.xml
2 ms. Memory: 529408K Free: 436744K (82%)
----------------- Invoking toplevel() on ptolemy.moml.MoMLSimpleApplication@2f31ece
----------------- Done invoking toplevel() on ptolemy.moml.MoMLSimpleApplication@2f31ece
reloadAllAccessors: .functionClosureTest3

===========================================================================================
----------------- testing Sun Aug 25 05:34:26 UTC 2019 /home/travis/build/icyphy/ptII/ptolemy/actor/lib/test/auto/functionClosureTest4.xml
----------------- Instantiating /home/travis/build/icyphy/ptII/ptolemy/actor/lib/test/auto/functionClosureTest4.xml
2 ms. Memory: 529408K Free: 430600K (81%)
----------------- Invoking toplevel() on ptolemy.moml.MoMLSimpleApplication@2d24b196
----------------- Done invoking toplevel() on ptolemy.moml.MoMLSimpleApplication@2d24b196
reloadAllAccessors: .functionClosureTest4

===========================================================================================
----------------- testing Sun Aug 25 05:34:26 UTC 2019 /home/travis/build/icyphy/ptII/ptolemy/actor/lib/test/auto/functionClosureTest5.xml
----------------- Instantiating /home/travis/build/icyphy/ptII/ptolemy/actor/lib/test/auto/functionClosureTest5.xml
3 ms. Memory: 529408K Free: 425480K (80%)
----------------- Invoking toplevel() on ptolemy.moml.MoMLSimpleApplication@77aa2b5b
----------------- Done invoking toplevel() on ptolemy.moml.MoMLSimpleApplication@77aa2b5b
reloadAllAccessors: .functionClosureTest5

===========================================================================================
----------------- testing Sun Aug 25 05:34:26 UTC 2019 /home/travis/build/icyphy/ptII/ptolemy/actor/lib/test/auto/functionClosureTest6.xml
----------------- Instantiating /home/travis/build/icyphy/ptII/ptolemy/actor/lib/test/auto/functionClosureTest6.xml
2 ms. Memory: 529408K Free: 420855K (79%)
----------------- Invoking toplevel() on ptolemy.moml.MoMLSimpleApplication@2d8adb0a
----------------- Done invoking toplevel() on ptolemy.moml.MoMLSimpleApplication@2d8adb0a
reloadAllAccessors: .functionClosureTest6

===========================================================================================
----------------- testing Sun Aug 25 05:34:26 UTC 2019 /home/travis/build/icyphy/ptII/ptolemy/actor/lib/test/auto/functionsOnArcs.xml
----------------- Instantiating /home/travis/build/icyphy/ptII/ptolemy/actor/lib/test/auto/functionsOnArcs.xml
2 ms. Memory: 529408K Free: 415240K (78%)
----------------- Invoking toplevel() on ptolemy.moml.MoMLSimpleApplication@115f6e98
----------------- Done invoking toplevel() on ptolemy.moml.MoMLSimpleApplication@115f6e98
reloadAllAccessors: .functionsOnArcs

===========================================================================================
----------------- testing Sun Aug 25 05:34:26 UTC 2019 /home/travis/build/icyphy/ptII/ptolemy/actor/lib/test/auto/functionsOnArcsHOF.xml
----------------- Instantiating /home/travis/build/icyphy/ptII/ptolemy/actor/lib/test/auto/functionsOnArcsHOF.xml
3 ms. Memory: 529408K Free: 409606K (77%)
----------------- Invoking toplevel() on ptolemy.moml.MoMLSimpleApplication@20b984d1
----------------- Done invoking toplevel() on ptolemy.moml.MoMLSimpleApplication@20b984d1
reloadAllAccessors: .functionsOnArcsHOF

===========================================================================================
----------------- testing Sun Aug 25 05:34:26 UTC 2019 /home/travis/build/icyphy/ptII/ptolemy/actor/lib/test/auto/logic.xml
----------------- Instantiating /home/travis/build/icyphy/ptII/ptolemy/actor/lib/test/auto/logic.xml
2 ms. Memory: 529408K Free: 402438K (76%)
----------------- Invoking toplevel() on ptolemy.moml.MoMLSimpleApplication@25f57ab0
----------------- Done invoking toplevel() on ptolemy.moml.MoMLSimpleApplication@25f57ab0
reloadAllAccessors: .logic

===========================================================================================
----------------- testing Sun Aug 25 05:34:26 UTC 2019 /home/travis/build/icyphy/ptII/ptolemy/actor/lib/test/auto/matrixType.xml
----------------- Instantiating /home/travis/build/icyphy/ptII/ptolemy/actor/lib/test/auto/matrixType.xml
1 ms. Memory: 529408K Free: 397318K (75%)
----------------- Invoking toplevel() on ptolemy.moml.MoMLSimpleApplication@5ef70916
----------------- Done invoking toplevel() on ptolemy.moml.MoMLSimpleApplication@5ef70916
reloadAllAccessors: .matrixType

===========================================================================================
----------------- testing Sun Aug 25 05:34:26 UTC 2019 /home/travis/build/icyphy/ptII/ptolemy/actor/lib/test/auto/matrixType10.xml
----------------- Instantiating /home/travis/build/icyphy/ptII/ptolemy/actor/lib/test/auto/matrixType10.xml
2 ms. Memory: 529408K Free: 392712K (74%)
----------------- Invoking toplevel() on ptolemy.moml.MoMLSimpleApplication@57b98abc
----------------- Done invoking toplevel() on ptolemy.moml.MoMLSimpleApplication@57b98abc
reloadAllAccessors: .matrixType10

===========================================================================================
----------------- testing Sun Aug 25 05:34:26 UTC 2019 /home/travis/build/icyphy/ptII/ptolemy/actor/lib/test/auto/matrixType11.xml
----------------- Instantiating /home/travis/build/icyphy/ptII/ptolemy/actor/lib/test/auto/matrixType11.xml
1 ms. Memory: 529408K Free: 388102K (73%)
----------------- Invoking toplevel() on ptolemy.moml.MoMLSimpleApplication@f6f9e44
----------------- Done invoking toplevel() on ptolemy.moml.MoMLSimpleApplication@f6f9e44
reloadAllAccessors: .matrixType11

===========================================================================================
----------------- testing Sun Aug 25 05:34:26 UTC 2019 /home/travis/build/icyphy/ptII/ptolemy/actor/lib/test/auto/matrixType12.xml
----------------- Instantiating /home/travis/build/icyphy/ptII/ptolemy/actor/lib/test/auto/matrixType12.xml
1 ms. Memory: 529408K Free: 382982K (72%)
----------------- Invoking toplevel() on ptolemy.moml.MoMLSimpleApplication@2aa2d465
----------------- Done invoking toplevel() on ptolemy.moml.MoMLSimpleApplication@2aa2d465
reloadAllAccessors: .matrixType12

===========================================================================================
----------------- testing Sun Aug 25 05:34:26 UTC 2019 /home/travis/build/icyphy/ptII/ptolemy/actor/lib/test/auto/matrixType13.xml
----------------- Instantiating /home/travis/build/icyphy/ptII/ptolemy/actor/lib/test/auto/matrixType13.xml
2 ms. Memory: 529408K Free: 378376K (71%)
----------------- Invoking toplevel() on ptolemy.moml.MoMLSimpleApplication@4e4b015c
----------------- Done invoking toplevel() on ptolemy.moml.MoMLSimpleApplication@4e4b015c
reloadAllAccessors: .matrixType13

===========================================================================================
----------------- testing Sun Aug 25 05:34:26 UTC 2019 /home/travis/build/icyphy/ptII/ptolemy/actor/lib/test/auto/matrixType14.xml
----------------- Instantiating /home/travis/build/icyphy/ptII/ptolemy/actor/lib/test/auto/matrixType14.xml
2 ms. Memory: 529408K Free: 373766K (71%)
----------------- Invoking toplevel() on ptolemy.moml.MoMLSimpleApplication@56d6fec9
----------------- Done invoking toplevel() on ptolemy.moml.MoMLSimpleApplication@56d6fec9
reloadAllAccessors: .matrixType14

===========================================================================================
----------------- testing Sun Aug 25 05:34:26 UTC 2019 /home/travis/build/icyphy/ptII/ptolemy/actor/lib/test/auto/matrixType2.xml
----------------- Instantiating /home/travis/build/icyphy/ptII/ptolemy/actor/lib/test/auto/matrixType2.xml
2 ms. Memory: 529408K Free: 368646K (70%)
----------------- Invoking toplevel() on ptolemy.moml.MoMLSimpleApplication@5c72dd63
----------------- Done invoking toplevel() on ptolemy.moml.MoMLSimpleApplication@5c72dd63
reloadAllAccessors: .matrixType2

===========================================================================================
----------------- testing Sun Aug 25 05:34:26 UTC 2019 /home/travis/build/icyphy/ptII/ptolemy/actor/lib/test/auto/matrixType3.xml
----------------- Instantiating /home/travis/build/icyphy/ptII/ptolemy/actor/lib/test/auto/matrixType3.xml
1 ms. Memory: 529408K Free: 364040K (69%)
----------------- Invoking toplevel() on ptolemy.moml.MoMLSimpleApplication@65281f11
----------------- Done invoking toplevel() on ptolemy.moml.MoMLSimpleApplication@65281f11
reloadAllAccessors: .matrixType3

===========================================================================================
----------------- testing Sun Aug 25 05:34:26 UTC 2019 /home/travis/build/icyphy/ptII/ptolemy/actor/lib/test/auto/matrixType4.xml
----------------- Instantiating /home/travis/build/icyphy/ptII/ptolemy/actor/lib/test/auto/matrixType4.xml
2 ms. Memory: 529408K Free: 359430K (68%)
----------------- Invoking toplevel() on ptolemy.moml.MoMLSimpleApplication@1e6d4455
----------------- Done invoking toplevel() on ptolemy.moml.MoMLSimpleApplication@1e6d4455
reloadAllAccessors: .matrixType4

===========================================================================================
----------------- testing Sun Aug 25 05:34:26 UTC 2019 /home/travis/build/icyphy/ptII/ptolemy/actor/lib/test/auto/matrixType5.xml
----------------- Instantiating /home/travis/build/icyphy/ptII/ptolemy/actor/lib/test/auto/matrixType5.xml
1 ms. Memory: 529408K Free: 354310K (67%)
----------------- Invoking toplevel() on ptolemy.moml.MoMLSimpleApplication@1c2c20aa
----------------- Done invoking toplevel() on ptolemy.moml.MoMLSimpleApplication@1c2c20aa
reloadAllAccessors: .matrixType5

===========================================================================================
----------------- testing Sun Aug 25 05:34:26 UTC 2019 /home/travis/build/icyphy/ptII/ptolemy/actor/lib/test/auto/matrixType6.xml
----------------- Instantiating /home/travis/build/icyphy/ptII/ptolemy/actor/lib/test/auto/matrixType6.xml
1 ms. Memory: 529408K Free: 349704K (66%)
----------------- Invoking toplevel() on ptolemy.moml.MoMLSimpleApplication@38d9c5c7
----------------- Done invoking toplevel() on ptolemy.moml.MoMLSimpleApplication@38d9c5c7
reloadAllAccessors: .matrixType6

===========================================================================================
----------------- testing Sun Aug 25 05:34:26 UTC 2019 /home/travis/build/icyphy/ptII/ptolemy/actor/lib/test/auto/matrixType7.xml
----------------- Instantiating /home/travis/build/icyphy/ptII/ptolemy/actor/lib/test/auto/matrixType7.xml
1 ms. Memory: 529408K Free: 345094K (65%)
----------------- Invoking toplevel() on ptolemy.moml.MoMLSimpleApplication@2580a1d7
----------------- Done invoking toplevel() on ptolemy.moml.MoMLSimpleApplication@2580a1d7
reloadAllAccessors: .matrixType7

===========================================================================================
----------------- testing Sun Aug 25 05:34:26 UTC 2019 /home/travis/build/icyphy/ptII/ptolemy/actor/lib/test/auto/matrixType8.xml
----------------- Instantiating /home/travis/build/icyphy/ptII/ptolemy/actor/lib/test/auto/matrixType8.xml
1 ms. Memory: 529408K Free: 339974K (64%)
----------------- Invoking toplevel() on ptolemy.moml.MoMLSimpleApplication@7ab19510
----------------- Done invoking toplevel() on ptolemy.moml.MoMLSimpleApplication@7ab19510
reloadAllAccessors: .matrixType8

===========================================================================================
----------------- testing Sun Aug 25 05:34:26 UTC 2019 /home/travis/build/icyphy/ptII/ptolemy/actor/lib/test/auto/matrixType9.xml
----------------- Instantiating /home/travis/build/icyphy/ptII/ptolemy/actor/lib/test/auto/matrixType9.xml
2 ms. Memory: 529408K Free: 335368K (63%)
----------------- Invoking toplevel() on ptolemy.moml.MoMLSimpleApplication@16a110d0
----------------- Done invoking toplevel() on ptolemy.moml.MoMLSimpleApplication@16a110d0
reloadAllAccessors: .matrixType9

===========================================================================================
----------------- testing Sun Aug 25 05:34:26 UTC 2019 /home/travis/build/icyphy/ptII/ptolemy/actor/lib/test/auto/paraFunctest.xml
----------------- Instantiating /home/travis/build/icyphy/ptII/ptolemy/actor/lib/test/auto/paraFunctest.xml
2 ms. Memory: 529408K Free: 331272K (63%)
----------------- Invoking toplevel() on ptolemy.moml.MoMLSimpleApplication@7d9b5a0a
----------------- Done invoking toplevel() on ptolemy.moml.MoMLSimpleApplication@7d9b5a0a
reloadAllAccessors: .paraFunctest

===========================================================================================
----------------- testing Sun Aug 25 05:34:26 UTC 2019 /home/travis/build/icyphy/ptII/ptolemy/actor/lib/test/auto/paraFunctest2.xml
----------------- Instantiating /home/travis/build/icyphy/ptII/ptolemy/actor/lib/test/auto/paraFunctest2.xml
1 ms. Memory: 529408K Free: 326662K (62%)
----------------- Invoking toplevel() on ptolemy.moml.MoMLSimpleApplication@3223031c
----------------- Done invoking toplevel() on ptolemy.moml.MoMLSimpleApplication@3223031c
reloadAllAccessors: .paraFunctest2

===========================================================================================
----------------- testing Sun Aug 25 05:34:26 UTC 2019 /home/travis/build/icyphy/ptII/ptolemy/actor/lib/test/auto/parameterPassing.xml
----------------- Instantiating /home/travis/build/icyphy/ptII/ptolemy/actor/lib/test/auto/parameterPassing.xml
1 ms. Memory: 529408K Free: 322566K (61%)
----------------- Invoking toplevel() on ptolemy.moml.MoMLSimpleApplication@450581ff
----------------- Done invoking toplevel() on ptolemy.moml.MoMLSimpleApplication@450581ff
reloadAllAccessors: .parameterPassing

===========================================================================================
----------------- testing Sun Aug 25 05:34:26 UTC 2019 /home/travis/build/icyphy/ptII/ptolemy/actor/lib/test/auto/record.xml
----------------- Instantiating /home/travis/build/icyphy/ptII/ptolemy/actor/lib/test/auto/record.xml
2 ms. Memory: 529408K Free: 317960K (60%)
----------------- Invoking toplevel() on ptolemy.moml.MoMLSimpleApplication@5468a8b0
----------------- Done invoking toplevel() on ptolemy.moml.MoMLSimpleApplication@5468a8b0
reloadAllAccessors: .record

===========================================================================================
----------------- testing Sun Aug 25 05:34:26 UTC 2019 /home/travis/build/icyphy/ptII/ptolemy/actor/lib/test/auto/sizedarray1.xml
----------------- Instantiating /home/travis/build/icyphy/ptII/ptolemy/actor/lib/test/auto/sizedarray1.xml
2 ms. Memory: 529408K Free: 312326K (59%)
----------------- Invoking toplevel() on ptolemy.moml.MoMLSimpleApplication@421d654e
----------------- Done invoking toplevel() on ptolemy.moml.MoMLSimpleApplication@421d654e
reloadAllAccessors: .sizedarray1

===========================================================================================
----------------- testing Sun Aug 25 05:34:26 UTC 2019 /home/travis/build/icyphy/ptII/ptolemy/actor/lib/test/auto/sizedarray2.xml
----------------- Instantiating /home/travis/build/icyphy/ptII/ptolemy/actor/lib/test/auto/sizedarray2.xml
2 ms. Memory: 529408K Free: 307206K (58%)
----------------- Invoking toplevel() on ptolemy.moml.MoMLSimpleApplication@56fd5e2a
----------------- Done invoking toplevel() on ptolemy.moml.MoMLSimpleApplication@56fd5e2a
reloadAllAccessors: .sizedarray2

===========================================================================================
----------------- testing Sun Aug 25 05:34:26 UTC 2019 /home/travis/build/icyphy/ptII/ptolemy/actor/lib/test/auto/twoPublishers.xml
----------------- Instantiating /home/travis/build/icyphy/ptII/ptolemy/actor/lib/test/auto/twoPublishers.xml
2 ms. Memory: 529408K Free: 296966K (56%)
----------------- Invoking toplevel() on ptolemy.moml.MoMLSimpleApplication@7bd93fca
----------------- Done invoking toplevel() on ptolemy.moml.MoMLSimpleApplication@7bd93fca
reloadAllAccessors: .twoPublishers
AutoTests.java: About to close Vertx.
AutoTests.java: Vertx closed.
]]></system-out>
  <system-err><![CDATA[java.lang.RuntimeException: Execution failed
	at ptolemy.moml.MoMLSimpleApplication$UnloadThread.run(MoMLSimpleApplication.java:402)
Caused by: java.lang.RuntimeException: StringUtilities.exit() was called. Normally, we would exit here because Manager.exitAfterWrapup() was called.  However, because the ptolemy.ptII.exitAfterWrapup property is set, we throw this exception instead.
	at ptolemy.util.StringUtilities.exit(StringUtilities.java:365)
	at ptolemy.actor.Manager.wrapup(Manager.java:1549)
	at ptolemy.actor.Manager.execute(Manager.java:407)
	at ptolemy.actor.Manager.run(Manager.java:1263)
	at ptolemy.actor.Manager$PtolemyRunThread.run(Manager.java:1933)
Warning: '.top.test' is in training mode, set the trainingMode parameter to false before checking in
Warning: '.top.test' is in training mode, set the trainingMode parameter to false before checking in
Warning: '.top.test' is in training mode, set the trainingMode parameter to false before checking in
Warning: '.BooleanSwitch_RegressionTest_WrongTrainingValues.Test' is in training mode, set the trainingMode parameter to false before checking in
Warning: '.BooleanSwitch_RegressionTest_WrongTrainingValues.Test2' is in training mode, set the trainingMode parameter to false before checking in
Warning: '.BooleanSwitch_RegressionTest_WrongTrainingValues.Test2' The test produced 0 tokens.
Warning: '.top.testExceptionHandler' is in training mode, set the trainingMode parameter to false before checking in
java.lang.RuntimeException: Execution failed
	at ptolemy.moml.MoMLSimpleApplication$UnloadThread.run(MoMLSimpleApplication.java:402)
Caused by: ptolemy.kernel.util.IllegalActionException: PublisherPorts cannot be used at the top level, use a Publisher actor instead.
  in .PublisherPortToplevelSubscriber.PublisherPort
	at ptolemy.actor.PublisherPort.preinitialize(PublisherPort.java:403)
	at ptolemy.actor.CompositeActor.preinitialize(CompositeActor.java:1769)
	at ptolemy.actor.Manager.preinitializeAndResolveTypes(Manager.java:1040)
	at ptolemy.actor.Manager.initialize(Manager.java:710)
	at ptolemy.actor.Manager.execute(Manager.java:356)
	at ptolemy.actor.Manager.run(Manager.java:1263)
	at ptolemy.actor.Manager$PtolemyRunThread.run(Manager.java:1933)
java.lang.reflect.InvocationTargetException
	at java.base/jdk.internal.reflect.NativeConstructorAccessorImpl.newInstance0(Native Method)
	at java.base/jdk.internal.reflect.NativeConstructorAccessorImpl.newInstance(NativeConstructorAccessorImpl.java:62)
	at java.base/jdk.internal.reflect.DelegatingConstructorAccessorImpl.newInstance(DelegatingConstructorAccessorImpl.java:45)
	at java.base/java.lang.reflect.Constructor.newInstance(Constructor.java:490)
	at ptolemy.util.test.junit.AutoKnownFailedTests.RunModel(AutoKnownFailedTests.java:105)
	at java.base/jdk.internal.reflect.NativeMethodAccessorImpl.invoke0(Native Method)
	at java.base/jdk.internal.reflect.NativeMethodAccessorImpl.invoke(NativeMethodAccessorImpl.java:62)
	at java.base/jdk.internal.reflect.DelegatingMethodAccessorImpl.invoke(DelegatingMethodAccessorImpl.java:43)
	at java.base/java.lang.reflect.Method.invoke(Method.java:566)
	at org.junit.runners.model.FrameworkMethod$1.runReflectiveCall(FrameworkMethod.java:44)
	at org.junit.internal.runners.model.ReflectiveCallable.run(ReflectiveCallable.java:15)
	at org.junit.runners.model.FrameworkMethod.invokeExplosively(FrameworkMethod.java:41)
	at junitparams.internal.InvokeParameterisedMethod.evaluate(InvokeParameterisedMethod.java:102)
	at org.junit.internal.runners.statements.FailOnTimeout$1.run(FailOnTimeout.java:28)
Caused by: ptolemy.kernel.util.IllegalActionException: PublisherPorts cannot be used at the top level, use a Publisher actor instead.
  in .PublisherPortToplevelSubscriber.PublisherPort
	at ptolemy.actor.PublisherPort.preinitialize(PublisherPort.java:403)
	at ptolemy.actor.CompositeActor.preinitialize(CompositeActor.java:1769)
	at ptolemy.actor.Manager.preinitializeAndResolveTypes(Manager.java:1040)
	at ptolemy.actor.Manager.initialize(Manager.java:710)
	at ptolemy.actor.Manager.execute(Manager.java:356)
	at ptolemy.actor.Manager.run(Manager.java:1263)
	at ptolemy.actor.Manager$PtolemyRunThread.run(Manager.java:1933)
java.lang.RuntimeException: Execution failed
	at ptolemy.moml.MoMLSimpleApplication$UnloadThread.run(MoMLSimpleApplication.java:402)
Caused by: ptolemy.kernel.util.IllegalActionException: SubscriberPorts cannot be used at the top level, use a Subscriber actor instead.
  in .PublisherSubscriberPortToplevel.SubscriberPort
	at ptolemy.actor.SubscriberPort.preinitialize(SubscriberPort.java:328)
	at ptolemy.actor.CompositeActor.preinitialize(CompositeActor.java:1769)
	at ptolemy.actor.Manager.preinitializeAndResolveTypes(Manager.java:1040)
	at ptolemy.actor.Manager.initialize(Manager.java:710)
	at ptolemy.actor.Manager.execute(Manager.java:356)
	at ptolemy.actor.Manager.run(Manager.java:1263)
	at ptolemy.actor.Manager$PtolemyRunThread.run(Manager.java:1933)
java.lang.reflect.InvocationTargetException
	at java.base/jdk.internal.reflect.NativeConstructorAccessorImpl.newInstance0(Native Method)
	at java.base/jdk.internal.reflect.NativeConstructorAccessorImpl.newInstance(NativeConstructorAccessorImpl.java:62)
	at java.base/jdk.internal.reflect.DelegatingConstructorAccessorImpl.newInstance(DelegatingConstructorAccessorImpl.java:45)
	at java.base/java.lang.reflect.Constructor.newInstance(Constructor.java:490)
	at ptolemy.util.test.junit.AutoKnownFailedTests.RunModel(AutoKnownFailedTests.java:105)
	at java.base/jdk.internal.reflect.NativeMethodAccessorImpl.invoke0(Native Method)
	at java.base/jdk.internal.reflect.NativeMethodAccessorImpl.invoke(NativeMethodAccessorImpl.java:62)
	at java.base/jdk.internal.reflect.DelegatingMethodAccessorImpl.invoke(DelegatingMethodAccessorImpl.java:43)
	at java.base/java.lang.reflect.Method.invoke(Method.java:566)
	at org.junit.runners.model.FrameworkMethod$1.runReflectiveCall(FrameworkMethod.java:44)
	at org.junit.internal.runners.model.ReflectiveCallable.run(ReflectiveCallable.java:15)
	at org.junit.runners.model.FrameworkMethod.invokeExplosively(FrameworkMethod.java:41)
	at junitparams.internal.InvokeParameterisedMethod.evaluate(InvokeParameterisedMethod.java:102)
	at org.junit.internal.runners.statements.FailOnTimeout$1.run(FailOnTimeout.java:28)
Caused by: ptolemy.kernel.util.IllegalActionException: SubscriberPorts cannot be used at the top level, use a Subscriber actor instead.
  in .PublisherSubscriberPortToplevel.SubscriberPort
	at ptolemy.actor.SubscriberPort.preinitialize(SubscriberPort.java:328)
	at ptolemy.actor.CompositeActor.preinitialize(CompositeActor.java:1769)
	at ptolemy.actor.Manager.preinitializeAndResolveTypes(Manager.java:1040)
	at ptolemy.actor.Manager.initialize(Manager.java:710)
	at ptolemy.actor.Manager.execute(Manager.java:356)
	at ptolemy.actor.Manager.run(Manager.java:1263)
	at ptolemy.actor.Manager$PtolemyRunThread.run(Manager.java:1933)
java.lang.RuntimeException: Execution failed
	at ptolemy.moml.MoMLSimpleApplication$UnloadThread.run(MoMLSimpleApplication.java:402)
Caused by: ptolemy.kernel.util.IllegalActionException: SubscriptionAggregatorPorts cannot be used at the top level, use a SubscriptionAggregator actor instead.
  in .PublisherSubscriptionAggregatorPort.SubscriptionAggregatorPort
	at ptolemy.actor.SubscriptionAggregatorPort.preinitialize(SubscriptionAggregatorPort.java:353)
	at ptolemy.actor.CompositeActor.preinitialize(CompositeActor.java:1769)
	at ptolemy.actor.Manager.preinitializeAndResolveTypes(Manager.java:1040)
	at ptolemy.actor.Manager.initialize(Manager.java:710)
	at ptolemy.actor.Manager.execute(Manager.java:356)
	at ptolemy.actor.Manager.run(Manager.java:1263)
	at ptolemy.actor.Manager$PtolemyRunThread.run(Manager.java:1933)
java.lang.reflect.InvocationTargetException
	at java.base/jdk.internal.reflect.NativeConstructorAccessorImpl.newInstance0(Native Method)
	at java.base/jdk.internal.reflect.NativeConstructorAccessorImpl.newInstance(NativeConstructorAccessorImpl.java:62)
	at java.base/jdk.internal.reflect.DelegatingConstructorAccessorImpl.newInstance(DelegatingConstructorAccessorImpl.java:45)
	at java.base/java.lang.reflect.Constructor.newInstance(Constructor.java:490)
	at ptolemy.util.test.junit.AutoKnownFailedTests.RunModel(AutoKnownFailedTests.java:105)
	at java.base/jdk.internal.reflect.NativeMethodAccessorImpl.invoke0(Native Method)
	at java.base/jdk.internal.reflect.NativeMethodAccessorImpl.invoke(NativeMethodAccessorImpl.java:62)
	at java.base/jdk.internal.reflect.DelegatingMethodAccessorImpl.invoke(DelegatingMethodAccessorImpl.java:43)
	at java.base/java.lang.reflect.Method.invoke(Method.java:566)
	at org.junit.runners.model.FrameworkMethod$1.runReflectiveCall(FrameworkMethod.java:44)
	at org.junit.internal.runners.model.ReflectiveCallable.run(ReflectiveCallable.java:15)
	at org.junit.runners.model.FrameworkMethod.invokeExplosively(FrameworkMethod.java:41)
	at junitparams.internal.InvokeParameterisedMethod.evaluate(InvokeParameterisedMethod.java:102)
	at org.junit.internal.runners.statements.FailOnTimeout$1.run(FailOnTimeout.java:28)
Caused by: ptolemy.kernel.util.IllegalActionException: SubscriptionAggregatorPorts cannot be used at the top level, use a SubscriptionAggregator actor instead.
  in .PublisherSubscriptionAggregatorPort.SubscriptionAggregatorPort
	at ptolemy.actor.SubscriptionAggregatorPort.preinitialize(SubscriptionAggregatorPort.java:353)
	at ptolemy.actor.CompositeActor.preinitialize(CompositeActor.java:1769)
	at ptolemy.actor.Manager.preinitializeAndResolveTypes(Manager.java:1040)
	at ptolemy.actor.Manager.initialize(Manager.java:710)
	at ptolemy.actor.Manager.execute(Manager.java:356)
	at ptolemy.actor.Manager.run(Manager.java:1263)
	at ptolemy.actor.Manager$PtolemyRunThread.run(Manager.java:1933)
java.lang.RuntimeException: Execution failed
	at ptolemy.moml.MoMLSimpleApplication$UnloadThread.run(MoMLSimpleApplication.java:402)
Caused by: ptolemy.kernel.util.IllegalActionException: TypeTest actor has no training data.
  in .sizedarray3.TypeTest
	at ptolemy.actor.lib.TypeTest.initialize(TypeTest.java:250)
	at ptolemy.actor.Director.initialize(Director.java:938)
	at ptolemy.actor.Director.initialize(Director.java:907)
	at ptolemy.actor.sched.StaticSchedulingDirector.initialize(StaticSchedulingDirector.java:159)
	at ptolemy.domains.sdf.kernel.SDFDirector.initialize(SDFDirector.java:544)
	at ptolemy.actor.CompositeActor.initialize(CompositeActor.java:935)
	at ptolemy.actor.Manager.initialize(Manager.java:724)
	at ptolemy.actor.Manager.execute(Manager.java:356)
	at ptolemy.actor.Manager.run(Manager.java:1263)
	at ptolemy.actor.Manager$PtolemyRunThread.run(Manager.java:1933)
java.lang.reflect.InvocationTargetException
	at java.base/jdk.internal.reflect.NativeConstructorAccessorImpl.newInstance0(Native Method)
	at java.base/jdk.internal.reflect.NativeConstructorAccessorImpl.newInstance(NativeConstructorAccessorImpl.java:62)
	at java.base/jdk.internal.reflect.DelegatingConstructorAccessorImpl.newInstance(DelegatingConstructorAccessorImpl.java:45)
	at java.base/java.lang.reflect.Constructor.newInstance(Constructor.java:490)
	at ptolemy.util.test.junit.AutoKnownFailedTests.RunModel(AutoKnownFailedTests.java:105)
	at java.base/jdk.internal.reflect.NativeMethodAccessorImpl.invoke0(Native Method)
	at java.base/jdk.internal.reflect.NativeMethodAccessorImpl.invoke(NativeMethodAccessorImpl.java:62)
	at java.base/jdk.internal.reflect.DelegatingMethodAccessorImpl.invoke(DelegatingMethodAccessorImpl.java:43)
	at java.base/java.lang.reflect.Method.invoke(Method.java:566)
	at org.junit.runners.model.FrameworkMethod$1.runReflectiveCall(FrameworkMethod.java:44)
	at org.junit.internal.runners.model.ReflectiveCallable.run(ReflectiveCallable.java:15)
	at org.junit.runners.model.FrameworkMethod.invokeExplosively(FrameworkMethod.java:41)
	at junitparams.internal.InvokeParameterisedMethod.evaluate(InvokeParameterisedMethod.java:102)
	at org.junit.internal.runners.statements.FailOnTimeout$1.run(FailOnTimeout.java:28)
Caused by: ptolemy.kernel.util.IllegalActionException: TypeTest actor has no training data.
  in .sizedarray3.TypeTest
	at ptolemy.actor.lib.TypeTest.initialize(TypeTest.java:250)
	at ptolemy.actor.Director.initialize(Director.java:938)
	at ptolemy.actor.Director.initialize(Director.java:907)
	at ptolemy.actor.sched.StaticSchedulingDirector.initialize(StaticSchedulingDirector.java:159)
	at ptolemy.domains.sdf.kernel.SDFDirector.initialize(SDFDirector.java:544)
	at ptolemy.actor.CompositeActor.initialize(CompositeActor.java:935)
	at ptolemy.actor.Manager.initialize(Manager.java:724)
	at ptolemy.actor.Manager.execute(Manager.java:356)
	at ptolemy.actor.Manager.run(Manager.java:1263)
	at ptolemy.actor.Manager$PtolemyRunThread.run(Manager.java:1933)
]]></system-err>
</testsuite>
