<?xml version="1.0" encoding="UTF-8" ?>
<testsuite errors="0" failures="0" hostname="travis-job-b5dfbb31-3c6b-4e72-ad8a-1c0eb33fb5d2" name="ptolemy.domains.de.test.junit.JUnitTclTest" skipped="0" tests="101" time="135.022" timestamp="2019-07-10T03:09:06">
  <properties>
    <property name="npm.executable" value="npm" />
    <property name="env.TRAVIS_ROOT" value="/" />
    <property name="ptII.mk.exists" value="true" />
    <property name="env.TRAVIS_APP_HOST" value="build.travis-ci.org" />
    <property name="env.rvm_bin_path" value="/home/travis/.rvm/bin" />
    <property name="java.home" value="/usr/local/lib/jvm/openjdk11" />
    <property name="env.TRAVIS_JOB_NUMBER" value="1204.9" />
    <property name="env.TRAVIS_HOME" value="/home/travis" />
    <property name="env.DISPLAY" value=":99.0" />
    <property name="env.TRAVIS_INIT" value="systemd" />
    <property name="env.SSH_TTY" value="/dev/pts/0" />
    <property name="java.net.preferIPv4Stack" value="true" />
    <property name="env.RUN_TESTS" value="true" />
    <property name="timeout.short" value="1000000" />
    <property name="junit.formatter" value="xml" />
    <property name="env.TRAVIS_SUDO" value="true" />
    <property name="env.TRAVIS_JOB_NAME" value="" />
    <property name="env.TRAVIS_STACK_NODE_ATTRIBUTES" value="/.node-attributes.yml" />
    <property name="env.LOGNAME" value="travis" />
    <property name="jsdoc.home" value="node_modules/@terraswarm/jsdoc" />
    <property name="debuglevel" value="source,lines,vars" />
    <property name="checkstyle.formatter" value="xml" />
    <property name="env._system_version" value="16.04" />
    <property name="bin.vergil.makeable" value="true" />
    <property name="sun.os.patch.level" value="unknown" />
    <property name="java.vendor.url" value="http://java.oracle.com/" />
    <property name="env.TRAVIS_BUILD_WEB_URL" value="https://travis-ci.org/icyphy/ptII/builds/556601684" />
    <property name="java.version" value="11.0.2" />
    <property name="env.TZ" value="UTC" />
    <property name="env.PT_NO_NET" value="true" />
    <property name="env.TRAVIS_PULL_REQUEST_SHA" value="" />
    <property name="env.TRAVIS_SECURE_ENV_VARS" value="true" />
    <property name="env._system_type" value="Linux" />
    <property name="java.vendor.url.bug" value="http://bugreport.java.com/bugreport/" />
    <property name="npmjs-org-is-up" value="true" />
    <property name="env.LANGUAGE" value="en_US.UTF-8" />
    <property name="env.SSH_CLIENT" value="10.10.4.121 36340 22" />
    <property name="env.GEM_HOME" value="/home/travis/.rvm/gems/ruby-2.5.3" />
    <property name="env.HAS_ANTARES_THREE_LITTLE_FRONZIES_BADGE" value="true" />
    <property name="java.version.date" value="2019-01-15" />
    <property name="env.PS4" value="+" />
    <property name="ant.project.invoked-targets" value="build,test.core2.xml" />
    <property name="env.TRAVIS_PULL_REQUEST_BRANCH" value="" />
    <property name="env.TRAVIS_REPO_SLUG" value="icyphy/ptII" />
    <property name="env.XDG_DATA_DIRS" value="/usr/local/share:/usr/share:/var/lib/snapd/desktop" />
    <property name="jdk.debug" value="release" />
    <property name="env.TRAVIS_APT_PROXY" value="http://apt.cache.travis-ci.com" />
    <property name="node.in.path" value="true" />
    <property name="user.name" value="travis" />
    <property name="java.maxmemory" value="1400m" />
    <property name="env.RUBY_VERSION" value="ruby-2.5.3" />
    <property name="env.LANG" value="en_US.UTF-8" />
    <property name="sun.io.unicode.encoding" value="UnicodeLittle" />
    <property name="sun.jnu.encoding" value="UTF-8" />
    <property name="java.runtime.name" value="OpenJDK Runtime Environment" />
    <property name="usefile" value="false" />
    <property name="return.code" value="0" />
    <property name="junit.single.formatter" value="plain" />
    <property name="env.DYLD_LIBRARY_PATH" value="/home/travis/pthla/certi-tools/lib:" />
    <property name="env.DEBIAN_FRONTEND" value="noninteractive" />
    <property name="env.SSH_CONNECTION" value="10.10.4.121 36340 10.20.0.198 22" />
    <property name="env.MYSQL_UNIX_PORT" value="/var/run/mysqld/mysqld.sock" />
    <property name="env.LC_ALL" value="en_US.UTF-8" />
    <property name="env.TRAVIS_ALLOW_FAILURE" value="false" />
    <property name="env.TRAVIS_JOB_WEB_URL" value="https://travis-ci.org/icyphy/ptII/jobs/556601693" />
    <property name="java.specification.name" value="Java Platform API Specification" />
    <property name="node.works" value="true" />
    <property name="user.timezone" value="" />
    <property name="path.separator" value=":" />
    <property name="env.TRAVIS_ENABLE_INFRA_DETECTION" value="true" />
    <property name="env.PYTHON_CFLAGS" value="-g -fstack-protector --param=ssp-buffer-size=4 -Wformat -Werror=format-security" />
    <property name="timeout.long" value="4000000" />
    <property name="env.CERTI_HOME" value="/home/travis/pthla/certi-tools" />
    <property name="ant.file.ptII" value="/home/travis/build/icyphy/ptII/build.xml" />
    <property name="javadoc.packagenames" value="com.*,diva.*,lbnl.*,org.hlacerti.*,org.json.*,org.ptolemy.*,org.terraswarm.*,ptolemy.*,ptserver.*" />
    <property name="file.encoding" value="UTF-8" />
    <property name="env.TRAVIS_PULL_REQUEST_SLUG" value="" />
    <property name="ant.project.default-target" value="build" />
    <property name="env.GIT_ASKPASS" value="echo" />
    <property name="env.HOME" value="/home/travis" />
    <property name="sun.java.command" value="org.apache.tools.ant.taskdefs.optional.junit.JUnitTestRunner ptolemy.domains.de.test.junit.JUnitTclTest skipNonTests=false filtertrace=true haltOnError=false haltOnFailure=false formatter=org.apache.tools.ant.taskdefs.optional.junit.OutErrSummaryJUnitResultFormatter showoutput=true outputtoformatters=true logfailedtests=true threadid=0 logtestlistenerevents=false formatter=org.apache.tools.ant.taskdefs.optional.junit.XMLJUnitResultFormatter,/home/travis/build/icyphy/ptII/reports/junit/TEST-ptolemy.domains.de.test.junit.JUnitTclTest.xml crashfile=/home/travis/build/icyphy/ptII/junitvmwatcher10490630806221102533.properties propsfile=/home/travis/build/icyphy/ptII/junit12256688295439314320.properties" />
    <property name="env.COMPOSER_NO_INTERACTION" value="1" />
    <property name="env.MANPATH" value="/home/travis/.nvm/versions/node/v7.10.1/share/man:/home/travis/.rvm/rubies/ruby-2.5.3/share/man:/usr/local/cmake-3.12.4/man:/usr/local/clang-7.0.0/share/man:/usr/local/man:/usr/local/share/man:/usr/share/man:/home/travis/.rvm/man" />
    <property name="env.TRAVIS_TIMER_ID" value="030507b4" />
    <property name="ant.file" value="/home/travis/build/icyphy/ptII/build.xml" />
    <property name="env.TRAVIS_COMMIT_RANGE" value="4e78ed00ce48...dfffbcabde03" />
    <property name="env._system_name" value="Ubuntu" />
    <property name="ptII.classpath.optional.property" value="/home/travis/build/icyphy/ptII/lib/bsh-2.0b4.jar:/home/travis/build/icyphy/ptII/lib/ptCal.jar:/home/travis/build/icyphy/ptII/lib/java_cup.jar:/home/travis/build/icyphy/ptII/lib/saxon8.jar:/home/travis/build/icyphy/ptII/lib/saxon8-dom.jar:/home/travis/build/icyphy/ptII/lib/chic.jar:/home/travis/build/icyphy/ptII/lib/ptcolt.jar:/home/travis/build/icyphy/ptII/vendors/misc/itext/iText.jar:/home/travis/build/icyphy/ptII/lib/g4ltl.jar:/home/travis/build/icyphy/ptII/lib/StructuralCoder.jar:/home/travis/build/icyphy/ptII/vendors/jai-1_1_2_01/lib/jai_core.jar:/home/travis/build/icyphy/ptII/vendors/jai-1_1_2_01/lib/jai_codec.jar:/home/travis/build/icyphy/ptII/lib/jcerti.jar:/home/travis/build/icyphy/ptII/lib/javax.mail.jar:/home/travis/build/icyphy/ptII/vendors/JMF-2.1.1e/lib/jmf.jar:/home/travis/build/icyphy/ptII/lib/jna-4.0.0-variadic.jar:/home/travis/build/icyphy/ptII/vendors/misc/joystick/Joystick.jar:/home/travis/build/icyphy/ptII/lib/ptjacl.jar:/home/travis/build/icyphy/ptII/lib/jsoup-1.8.2.jar:/home/travis/build/icyphy/ptII/lib/junit-4.8.2.jar:/home/travis/build/icyphy/ptII/lib/JUnitParams-0.4.0.jar:/home/travis/build/icyphy/ptII/ptolemy/actor/lib/excel/jxl.jar:/home/travis/build/icyphy/ptII/lib/jython.jar:/home/travis/build/icyphy/ptII/lib/kieler.jar:/home/travis/build/icyphy/ptII/vendors/opencv/share/OpenCV/java/opencv-341.jar:/home/travis/build/icyphy/ptII/lib/oscP5.jar:/home/travis/build/icyphy/ptII/lib/nrjavaserial-3.11.0.devel.jar:/home/travis/build/icyphy/ptII/vendors/j3d/lib/j3dcore.jar:/home/travis/build/icyphy/ptII/vendors/j3d/lib/j3dutils.jar:/home/travis/build/icyphy/ptII/vendors/j3d/lib/vecmath.jar:/home/travis/build/icyphy/ptII/ptolemy/distributed/jini/jar/jini-core.jar:/home/travis/build/icyphy/ptII/ptolemy/distributed/jini/jar/jini-ext.jar:/home/travis/build/icyphy/ptII/ptolemy/distributed/jini/jar/sun-util.jar:/home/travis/build/icyphy/ptII/lib/protobuf-java-2.4.1.jar:/home/travis/build/icyphy/ptII/lib/org.eclipse.paho.client.mqttv3.jar:/home/travis/build/icyphy/ptII/lib/mapss.jar:/home/travis/build/icyphy/ptII/ptolemy/actor/ptalon/antlr/antlr.jar:/home/travis/build/icyphy/ptII/lib/JRI.jar:/home/travis/build/icyphy/ptII/lib/commons-lang-2.6.jar:/home/travis/build/icyphy/ptII/lib/commons-logging-1.1.1.jar:/home/travis/build/icyphy/ptII/lib/sootclasses.jar:/home/travis/build/icyphy/ptII/ptolemy/actor/lib/database/mysql-connector-java-5.1.6-bin.jar:/home/travis/build/icyphy/ptII/vendors/misc/sphinx4/sphinx4-data-5prealpha.jar:/home/travis/build/icyphy/ptII/vendors/misc/sphinx4/sphinx4-core-5prealpha.jar:/home/travis/build/icyphy/ptII/lib/PDFRenderer.jar:/home/travis/build/icyphy/ptII/lib/svgSalamander.jar:/home/travis/build/icyphy/ptII/lib/rsyntaxtextarea-2.6.0-SNAPSHOT.jar:/home/travis/build/icyphy/ptII/lib/hazelcast-3.8.2.jar:/home/travis/build/icyphy/ptII/lib/jackson-annotations-2.9.0.jar:/home/travis/build/icyphy/ptII/lib/jackson-core-2.9.3.jar:/home/travis/build/icyphy/ptII/lib/jackson-databind-2.9.3.jar:/home/travis/build/icyphy/ptII/lib/netty-buffer-4.1.19.Final.jar:/home/travis/build/icyphy/ptII/lib/netty-codec-4.1.19.Final.jar:/home/travis/build/icyphy/ptII/lib/netty-codec-dns-4.1.19.Final.jar:/home/travis/build/icyphy/ptII/lib/netty-codec-http-4.1.19.Final.jar:/home/travis/build/icyphy/ptII/lib/netty-codec-http2-4.1.19.Final.jar:/home/travis/build/icyphy/ptII/lib/netty-common-4.1.19.Final.jar:/home/travis/build/icyphy/ptII/lib/netty-handler-4.1.19.Final.jar:/home/travis/build/icyphy/ptII/lib/netty-resolver-4.1.19.Final.jar:/home/travis/build/icyphy/ptII/lib/netty-resolver-dns-4.1.19.Final.jar:/home/travis/build/icyphy/ptII/lib/netty-transport-4.1.19.Final.jar:/home/travis/build/icyphy/ptII/lib/vertx-codegen-3.5.1.jar:/home/travis/build/icyphy/ptII/lib/vertx-core-3.5.2-SNAPSHOT.jar:/home/travis/build/icyphy/ptII/lib/vertx-hazelcast-3.5.1.jar:/home/travis/build/icyphy/ptII/lib/vertx-lang-js-3.5.1.jar:/home/travis/build/icyphy/ptII/lib/vertx-service-proxy-3.5.1.jar:/home/travis/build/icyphy/ptII/lib/vertx-web-3.5.1.jar:/home/travis/build/icyphy/ptII/lib/slf4j-api-1.7.13.jar:/home/travis/build/icyphy/ptII/lib/slf4j-simple-1.7.13.jar:/home/travis/build/icyphy/ptII/lib/webcam-capture-0.3.12.jar:/home/travis/build/icyphy/ptII/lib/bridj-0.7.0.jar:/home/travis/build/icyphy/ptII/lib/xbjlib-1.1.0.nrjavaserial.jar" />
    <property name="timeout" value="2400000" />
    <property name="test.batch" value="**/junit/*.java" />
    <property name="env._" value="/usr/bin/timeout" />
    <property name="java.io.tmpdir" value="/tmp" />
    <property name="user.language" value="en" />
    <property name="env.TRAVIS_INTERNAL_RUBY_REGEX" value="^ruby-(2\.[0-4]\.[0-9]|1\.9\.3)" />
    <property name="env.HISTCONTROL" value="ignoredups:ignorespace" />
    <property name="env.GOROOT" value="/home/travis/.gimme/versions/go1.11.1.linux.amd64" />
    <property name="line.separator" value="&#xa;" />
    <property name="target" value="11" />
    <property name="env.TRAVIS_BUILD_DIR" value="/home/travis/build/icyphy/ptII" />
    <property name="env.ANT_OPTS" value="-Xmx2048m" />
    <property name="ant.file.type" value="file" />
    <property name="ptolemy.ptII.batchMode" value="true" />
    <property name="env.HISTSIZE" value="1000" />
    <property name="env.MERB_ENV" value="test" />
    <property name="java.vm.info" value="mixed mode" />
    <property name="source" value="11" />
    <property name="java.vm.specification.name" value="Java Virtual Machine Specification" />
    <property name="env.TRAVIS_TEST_RESULT" value="0" />
    <property name="jsdoc.command" value="node_modules/@terraswarm/jsdoc/jsdoc.js" />
    <property name="npm.works" value="true" />
    <property name="cobertura.dir" value="/home/travis/build/icyphy/ptII/vendors/cobertura-2.0.3" />
    <property name="jsdoc.command.exists" value="true" />
    <property name="env.rvm_path" value="/home/travis/.rvm" />
    <property name="env.GEM_PATH" value="/home/travis/.rvm/gems/ruby-2.5.3:/home/travis/.rvm/gems/ruby-2.5.3@global" />
    <property name="env.LC_CTYPE" value="en_US.UTF-8" />
    <property name="env.TRAVIS_CMD" value="$PTII/bin/ptIITravisBuild.sh $SECONDS" />
    <property name="java.awt.printerjob" value="sun.print.PSPrinterJob" />
    <property name="env.TRAVIS_STACK_NAME" value="sardonyx" />
    <property name="env.TRAVIS_TIMER_START_TIME" value="1562727908925969197" />
    <property name="ant.version" value="Apache Ant(TM) version 1.10.1 compiled on February 2 2017" />
    <property name="ptII.reports" value="/home/travis/build/icyphy/ptII/reports" />
    <property name="env.TRAVIS_STACK_TIMESTAMP" value="2019-03-25 16:16:56 UTC" />
    <property name="ant.file.type.ptII" value="file" />
    <property name="env.RBENV_SHELL" value="bash" />
    <property name="os.name" value="Linux" />
    <property name="java.specification.vendor" value="Oracle Corporation" />
    <property name="env.rvm_version" value="1.29.7 (latest)" />
    <property name="env.TRAVIS_INFRA" value="gce" />
    <property name="env.TERM" value="xterm" />
    <property name="java.vm.name" value="OpenJDK 64-Bit Server VM" />
    <property name="env.TRAVIS_BUILD_NUMBER" value="1204" />
    <property name="env.CI" value="true" />
    <property name="java.library.path" value="/home/travis/pthla/certi-tools/lib:/usr/lib/jni:/usr/local/share/OpenCV/java/:/usr/share/OpenCV/java::/usr/java/packages/lib:/usr/lib64:/lib64:/lib:/usr/lib" />
    <property name="env.rvm_prefix" value="/home/travis" />
    <property name="env.PATH" value="/home/travis/pthla/certi-tools/share/scripts:/home/travis/.rvm/gems/ruby-2.5.3/bin:/home/travis/.rvm/gems/ruby-2.5.3@global/bin:/home/travis/.rvm/rubies/ruby-2.5.3/bin:/home/travis/.rvm/bin:/home/travis/.nvm/versions/node/v7.10.1/bin:./node_modules/.bin:/home/travis/build/icyphy/ptII/bin:/home/travis/pthla/certi-tools/bin:/home/travis/bin:/home/travis/.local/bin:/usr/local/lib/jvm/openjdk11/bin:/opt/pyenv/shims:/home/travis/.phpenv/shims:/home/travis/perl5/perlbrew/bin:/home/travis/gopath/bin:/home/travis/.gimme/versions/go1.11.1.linux.amd64/bin:/usr/local/maven-3.6.0/bin:/usr/local/cmake-3.12.4/bin:/usr/local/clang-7.0.0/bin:/usr/local/sbin:/usr/local/bin:/usr/sbin:/usr/bin:/sbin:/bin:/snap/bin:/home/travis/.phpenv/bin:/opt/pyenv/bin:/home/travis/.yarn/bin" />
    <property name="env.TRAVIS_OS_NAME" value="linux" />
    <property name="ant.java.version" value="9" />
    <property name="basedir" value="/home/travis/build/icyphy/ptII" />
    <property name="java.class.version" value="55.0" />
    <property name="env.SHLVL" value="3" />
    <property name="env.LD_LIBRARY_PATH" value="/home/travis/pthla/certi-tools/lib:/usr/lib/jni:/usr/local/share/OpenCV/java/:/usr/share/OpenCV/java:" />
    <property name="env.RACK_ENV" value="test" />
    <property name="ant.home" value="/home/travis/build/icyphy/ptII/ant" />
    <property name="env.NVM_DIR" value="/home/travis/.nvm" />
    <property name="env.CERTI_FOM_PATH" value="/home/travis/pthla/certi-tools/share/federations" />
    <property name="env.TRAVIS_BUILD_ID" value="556601684" />
    <property name="env.PYENV_ROOT" value="/opt/pyenv" />
    <property name="env.TRAVIS_UID" value="2000" />
    <property name="env.NVM_BIN" value="/home/travis/.nvm/versions/node/v7.10.1/bin" />
    <property name="env.TRAVIS_COMMIT" value="dfffbcabde03f489fdb4d9f1d7303bdc9a6d5d17" />
    <property name="env._system_arch" value="x86_64" />
    <property name="node.executable" value="node" />
    <property name="sun.boot.library.path" value="/usr/local/lib/jvm/openjdk11/lib" />
    <property name="sun.management.compiler" value="HotSpot 64-Bit Tiered Compilers" />
    <property name="java.awt.graphicsenv" value="sun.awt.X11GraphicsEnvironment" />
    <property name="env.GOPATH" value="/home/travis/gopath" />
    <property name="ptolemy.ptII.dir" value="/home/travis/build/icyphy/ptII" />
    <property name="env.USER" value="travis" />
    <property name="env.HISTFILESIZE" value="2000" />
    <property name="timeout.longest" value="19000000" />
    <property name="env.PERLBREW_SHELLRC_VERSION" value="0.86" />
    <property name="env.TRAVIS_STACK_FEATURES" value="basic couchdb disabled-ipv6 docker docker-compose elasticsearch firefox go-toolchain google-chrome jdk memcached mongodb mysql nodejs_interpreter perl_interpreter perlbrew phantomjs postgresql python_interpreter redis ruby_interpreter sqlite xserver" />
    <property name="env.TRAVIS_PULL_REQUEST" value="false" />
    <property name="env.PYENV_SHELL" value="bash" />
    <property name="ant.project.name" value="ptII" />
    <property name="env.ANSI_RESET" value="\033[0m" />
    <property name="java.vm.specification.version" value="11" />
    <property name="env.TRAVIS_DIST" value="xenial" />
    <property name="env.CERTI_VERSION" value="4.0.0" />
    <property name="env.CERTI_HOST" value="localhost" />
    <property name="awt.toolkit" value="sun.awt.X11.XToolkit" />
    <property name="env.MY_RUBY_HOME" value="/home/travis/.rvm/rubies/ruby-2.5.3" />
    <property name="sun.cpu.isalist" value="" />
    <property name="env.TRAVIS_TMPDIR" value="/tmp/tmp.F7olP2j193" />
    <property name="java.vm.compressedOopsMode" value="Zero based" />
    <property name="os.version" value="4.15.0-1028-gcp" />
    <property name="user.home" value="/home/travis" />
    <property name="java.vm.vendor" value="Oracle Corporation" />
    <property name="env.TRAVIS_TAG" value="nightly" />
    <property name="env.ANSI_YELLOW" value="\033[33;1m" />
    <property name="env.TRAVIS_FILTERED" value="redirect_io" />
    <property name="env.ANSI_GREEN" value="\033[32;1m" />
    <property name="env.JAVA_HOME" value="/usr/local/lib/jvm/openjdk11" />
    <property name="javadoc.excludepackagenames" value="adm.cvs2svn.*,build.*,config.*,doc.coding.templates.*,jni.test.jni.meaningOfLife.*,jni.test.jni.testDeux.*,jni.test.jni.testTrois.*,org.terraswarm.accessor.accessors.web.node_modules.*,org.terraswarm.accessor.accessors.web.hosts.cordova.demo.*,org.terraswarm.accessor.accessors.web.hosts.cordova.plugins.*,org.terraswarm.accessor.accessors-svn.*,pt-modules.*,ptolemy.apps.agilent.*,ptolemy.apps.anytimecontrol.*,ptolemy.apps.apes.*,ptolemy.apps.charon.*,ptolemy.apps.crazyboard.*,ptolemy.apps.eclipse.*,ptolemy.apps.etherealSting.*,ptolemy.apps.fullscreen.*,ptolemy.apps.giotto.*,ptolemy.apps.ia.*,ptolemy.apps.interfaces.*,ptolemy.apps.jmf.*,ptolemy.apps.kurt.*,ptolemy.apps.kvm.*,ptolemy.apps.lego.*,ptolemy.apps.lejos.*,ptolemy.apps.midp.*,ptolemy.apps.mobileCoding.*,ptolemy.apps.pendulum.*,ptolemy.apps.rijndael.*,ptolemy.apps.robot.*,ptolemy.apps.security.*,ptolemy.apps.sobel.*,ptolemy.apps.soot.*,ptolemy.apps.throttle.*,ptolemy.apps.tini.*,ptolemy.apps.transmission.*,ptolemy.apps.vergil.*,ptolemy.apps.waba.*,ptolemy.apps.websensor.*,ptolemy.apps.webstart.*,ptolemy.apps.xsl.*,ptolemy.apps.zaurus.*,ptolemy.codegen.c.actor.lib.oldJavaFiles.*,ptolemy.codegen.dsp.lib.*,ptolemy.codegen.kernel.newInterfaces.*,ptolemy.codegen.lib.*,ptolemy.copernicus.kernel.fragment.*,ptolemy.copernicus.shallow.cg.*,ptolemy.domains.giotto.demo.Hierarchy.Hierarchy.*,ptolemy.domains.giotto.demo.Multimode.Multimode.*,ptolemy.domains.giotto.demo.Simple.Simple.*,ptolemy.domains.gr.lib.experimental.*,ptolemy.domains.gro.*,ptolemy.domains.pdf.*,ptolemy.domains.ptinyos.demo.Surge.output.*,ptolemy.moml.test.NoPackageActor.java*,ptolemy.plot.adm.*,ptolemy.plot.servlet.*,reports.*,signed.*,src.*,target.*,vendors.*,ptolemy.copernicus.applet.*,ptolemy.media.viewer.*,ptolemy.actor.corba.*,doc.doclets.*,ptolemy.apps.eclipse.awt.*,ptolemy.backtrack.*,ptolemy.backtrack.ast.*,ptolemy.cg.adapter.generic.program.procedural.c.mbed*,ptolemy.homer.*,ptolemy.actor.lib.jjs.modules.audio.*,org.ptolemy.scala.*,diva.util.java2d.svg.*,ptolemy.domains.ptinyos.*,ptolemy.actor.lib.fmi.fmipp.*,,org.terraswarm.accessor.accessors.web.node_modules.*,org.terraswarm.accessor.accessors-svn,ptolemy.apps.*,ptolemy.actor.ptalon.demo.ptinyos.SendAndReceiveCnt.output,ptolemy.actor.ptalon.demo.ptinyos.SenseToLeds.output,ptolemy.domains.ptinyos.demo.CntToLedsAndRfm.output,ptolemy.domains.ptinyos.demo.RfmToLeds.output,ptolemy.domains.ptinyos.demo.SendAndReceiveCnt.output,ptolemy.domains.ptinyos.demo.SenseToLeds.output,ptolemy.actor.lib.jjs.modules.udpSocket.*" />
    <property name="env.PTII" value="/home/travis/build/icyphy/ptII" />
    <property name="env.XDG_SESSION_ID" value="2" />
    <property name="keystore" value="ptKeystore" />
    <property name="env.TRAVIS_COMMIT_MESSAGE" value="Updated comment about oraclejdk11 and OpenFX." />
    <property name="junit.output.dir" value="/home/travis/build/icyphy/ptII/reports/junit" />
    <property name="npm.return.code" value="0" />
    <property name="user.dir" value="/home/travis/build/icyphy/ptII/ptolemy/domains/de/test" />
    <property name="env.TRAVIS_NODE_VERSION" value="7" />
    <property name="env.TRAVIS_EVENT_TYPE" value="push" />
    <property name="env.MAIL" value="/var/mail/travis" />
    <property name="env.PERLBREW_ROOT" value="/home/travis/perl5/perlbrew" />
    <property name="env.PWD" value="/home/travis/build/icyphy/ptII" />
    <property name="timeout.npm" value="45000" />
    <property name="env.PT_TRAVIS_TEST_CORE2_XML" value="true" />
    <property name="env.TRAVIS_ARCH" value="amd64" />
    <property name="sun.cpu.endian" value="little" />
    <property name="env.PAGER" value="cat" />
    <property name="env.TRAVIS_BUILD_STAGE_NAME" value="Test" />
    <property name="env.PERLBREW_HOME" value="/home/travis/.perlbrew" />
    <property name="java.vm.version" value="11.0.2+9" />
    <property name="env.RAILS_ENV" value="test" />
    <property name="java.class.path" value="/home/travis/build/icyphy/ptII:/home/travis/build/icyphy/ptII/lib/bsh-2.0b4.jar:/home/travis/build/icyphy/ptII/lib/ptCal.jar:/home/travis/build/icyphy/ptII/lib/java_cup.jar:/home/travis/build/icyphy/ptII/lib/saxon8.jar:/home/travis/build/icyphy/ptII/lib/saxon8-dom.jar:/home/travis/build/icyphy/ptII/lib/chic.jar:/home/travis/build/icyphy/ptII/lib/ptcolt.jar:/home/travis/build/icyphy/ptII/vendors/misc/itext/iText.jar:/home/travis/build/icyphy/ptII/lib/g4ltl.jar:/home/travis/build/icyphy/ptII/lib/StructuralCoder.jar:/home/travis/build/icyphy/ptII/vendors/jai-1_1_2_01/lib/jai_core.jar:/home/travis/build/icyphy/ptII/vendors/jai-1_1_2_01/lib/jai_codec.jar:/home/travis/build/icyphy/ptII/lib/jcerti.jar:/home/travis/build/icyphy/ptII/lib/javax.mail.jar:/home/travis/build/icyphy/ptII/vendors/JMF-2.1.1e/lib/jmf.jar:/home/travis/build/icyphy/ptII/lib/jna-4.0.0-variadic.jar:/home/travis/build/icyphy/ptII/vendors/misc/joystick/Joystick.jar:/home/travis/build/icyphy/ptII/lib/ptjacl.jar:/home/travis/build/icyphy/ptII/lib/jsoup-1.8.2.jar:/home/travis/build/icyphy/ptII/lib/junit-4.8.2.jar:/home/travis/build/icyphy/ptII/lib/JUnitParams-0.4.0.jar:/home/travis/build/icyphy/ptII/ptolemy/actor/lib/excel/jxl.jar:/home/travis/build/icyphy/ptII/lib/jython.jar:/home/travis/build/icyphy/ptII/lib/kieler.jar:/home/travis/build/icyphy/ptII/vendors/opencv/share/OpenCV/java/opencv-341.jar:/home/travis/build/icyphy/ptII/lib/oscP5.jar:/home/travis/build/icyphy/ptII/lib/nrjavaserial-3.11.0.devel.jar:/home/travis/build/icyphy/ptII/vendors/j3d/lib/j3dcore.jar:/home/travis/build/icyphy/ptII/vendors/j3d/lib/j3dutils.jar:/home/travis/build/icyphy/ptII/vendors/j3d/lib/vecmath.jar:/home/travis/build/icyphy/ptII/ptolemy/distributed/jini/jar/jini-core.jar:/home/travis/build/icyphy/ptII/ptolemy/distributed/jini/jar/jini-ext.jar:/home/travis/build/icyphy/ptII/ptolemy/distributed/jini/jar/sun-util.jar:/home/travis/build/icyphy/ptII/lib/protobuf-java-2.4.1.jar:/home/travis/build/icyphy/ptII/lib/org.eclipse.paho.client.mqttv3.jar:/home/travis/build/icyphy/ptII/lib/mapss.jar:/home/travis/build/icyphy/ptII/ptolemy/actor/ptalon/antlr/antlr.jar:/home/travis/build/icyphy/ptII/lib/JRI.jar:/home/travis/build/icyphy/ptII/lib/commons-lang-2.6.jar:/home/travis/build/icyphy/ptII/lib/commons-logging-1.1.1.jar:/home/travis/build/icyphy/ptII/lib/sootclasses.jar:/home/travis/build/icyphy/ptII/ptolemy/actor/lib/database/mysql-connector-java-5.1.6-bin.jar:/home/travis/build/icyphy/ptII/vendors/misc/sphinx4/sphinx4-data-5prealpha.jar:/home/travis/build/icyphy/ptII/vendors/misc/sphinx4/sphinx4-core-5prealpha.jar:/home/travis/build/icyphy/ptII/lib/PDFRenderer.jar:/home/travis/build/icyphy/ptII/lib/svgSalamander.jar:/home/travis/build/icyphy/ptII/lib/rsyntaxtextarea-2.6.0-SNAPSHOT.jar:/home/travis/build/icyphy/ptII/lib/hazelcast-3.8.2.jar:/home/travis/build/icyphy/ptII/lib/jackson-annotations-2.9.0.jar:/home/travis/build/icyphy/ptII/lib/jackson-core-2.9.3.jar:/home/travis/build/icyphy/ptII/lib/jackson-databind-2.9.3.jar:/home/travis/build/icyphy/ptII/lib/netty-buffer-4.1.19.Final.jar:/home/travis/build/icyphy/ptII/lib/netty-codec-4.1.19.Final.jar:/home/travis/build/icyphy/ptII/lib/netty-codec-dns-4.1.19.Final.jar:/home/travis/build/icyphy/ptII/lib/netty-codec-http-4.1.19.Final.jar:/home/travis/build/icyphy/ptII/lib/netty-codec-http2-4.1.19.Final.jar:/home/travis/build/icyphy/ptII/lib/netty-common-4.1.19.Final.jar:/home/travis/build/icyphy/ptII/lib/netty-handler-4.1.19.Final.jar:/home/travis/build/icyphy/ptII/lib/netty-resolver-4.1.19.Final.jar:/home/travis/build/icyphy/ptII/lib/netty-resolver-dns-4.1.19.Final.jar:/home/travis/build/icyphy/ptII/lib/netty-transport-4.1.19.Final.jar:/home/travis/build/icyphy/ptII/lib/vertx-codegen-3.5.1.jar:/home/travis/build/icyphy/ptII/lib/vertx-core-3.5.2-SNAPSHOT.jar:/home/travis/build/icyphy/ptII/lib/vertx-hazelcast-3.5.1.jar:/home/travis/build/icyphy/ptII/lib/vertx-lang-js-3.5.1.jar:/home/travis/build/icyphy/ptII/lib/vertx-service-proxy-3.5.1.jar:/home/travis/build/icyphy/ptII/lib/vertx-web-3.5.1.jar:/home/travis/build/icyphy/ptII/lib/slf4j-api-1.7.13.jar:/home/travis/build/icyphy/ptII/lib/slf4j-simple-1.7.13.jar:/home/travis/build/icyphy/ptII/lib/webcam-capture-0.3.12.jar:/home/travis/build/icyphy/ptII/lib/bridj-0.7.0.jar:/home/travis/build/icyphy/ptII/lib/xbjlib-1.1.0.nrjavaserial.jar:/home/travis/build/icyphy/ptII/ptolemy/moml/test:/home/travis/build/icyphy/ptII/ant/lib/ant-launcher.jar:/home/travis/build/icyphy/ptII/ant/lib/ant.jar:/home/travis/build/icyphy/ptII/ant/lib/ant-junit.jar:/home/travis/build/icyphy/ptII/ant/lib/ant-junit4.jar" />
    <property name="ant.library.dir" value="/home/travis/build/icyphy/ptII/ant/lib" />
    <property name="os.arch" value="amd64" />
    <property name="env.CONTINUOUS_INTEGRATION" value="true" />
    <property name="env.TRAVIS_LANGUAGE" value="node_js" />
    <property name="env.TRAVIS_STACK_LANGUAGES" value="__sardonyx__ c c++ clojure cplusplus cpp default generic go groovy java node_js php pure_java python ruby scala" />
    <property name="test.name" value="ptolemy.actor.lib.test.junit.JUnitTclTest" />
    <property name="env.APT_KEY_DONT_WARN_ON_DANGEROUS_USAGE" value="1" />
    <property name="sun.java.launcher" value="SUN_STANDARD" />
    <property name="env.PYTHON_CONFIGURE_OPTS" value="--enable-unicode=ucs4 --with-wide-unicode --enable-shared --enable-ipv6 --enable-loadable-sqlite-extensions --with-computed-gotos" />
    <property name="ant.core.lib" value="/home/travis/build/icyphy/ptII/ant/lib/ant.jar" />
    <property name="java.vm.specification.vendor" value="Oracle Corporation" />
    <property name="env.BCVTB_HOME" value="/home/travis/build/icyphy/ptII/lbnl" />
    <property name="file.separator" value="/" />
    <property name="spotbugs.home" value="/home/travis/build/icyphy/ptII/vendors/spotbugs-3.1.1" />
    <property name="java.runtime.version" value="11.0.2+9" />
    <property name="env.ANSI_CLEAR" value="\033[0K" />
    <property name="env.HAS_JOSH_K_SEAL_OF_APPROVAL" value="true" />
    <property name="env.XDG_RUNTIME_DIR" value="/run/user/2000" />
    <property name="env.TRAVIS_OSX_IMAGE" value="" />
    <property name="env.TRAVIS_JOB_ID" value="556601693" />
    <property name="env.TRAVIS_BRANCH" value="master" />
    <property name="user.country" value="US" />
    <property name="env.CERTI_HOME_TRAVIS" value="/home/travis/pthla/certi-tools" />
    <property name="env.SHELL" value="/bin/bash" />
    <property name="java.maxmemory.large" value="5000m" />
    <property name="model" value="" />
    <property name="env.CASHER_DIR" value="/home/travis/.casher" />
    <property name="env.NVM_CD_FLAGS" value="" />
    <property name="java.vendor.version" value="18.9" />
    <property name="jshint.executable" value="/home/travis/node_modules/jshint/bin/jshint" />
    <property name="env.JRUBY_OPTS" value=" --client -J-XX:+TieredCompilation -J-XX:TieredStopAtLevel=1 -J-Xss2m -Xcompile.invokedynamic=false" />
    <property name="java.vendor" value="Oracle Corporation" />
    <property name="env.TRAVIS_PRE_CHEF_BOOTSTRAP_TIME" value="2019-03-25T16:16:42" />
    <property name="env.TRAVIS_STACK_JOB_BOARD_REGISTER" value="/.job-board-register.yml" />
    <property name="env.ANSI_RED" value="\033[31;1m" />
    <property name="java.specification.version" value="11" />
    <property name="env.IRBRC" value="/home/travis/.rvm/rubies/ruby-2.5.3/.irbrc" />
    <property name="env.TRAVIS" value="true" />
    <property name="sun.arch.data.model" value="64" />
  </properties>
  <testcase classname="ptolemy.util.test.junit.TclTests" name="[0] /home/travis/build/icyphy/ptII/ptolemy/domains/de/test/DependencyLoop.tcl (RunTclFile)" time="0.912" />
  <testcase classname="ptolemy.util.test.junit.TclTests" name="[1] /home/travis/build/icyphy/ptII/ptolemy/domains/de/test/RunDETestsAsQSS.tcl (RunTclFile)" time="91.682" />
  <testcase classname="ptolemy.util.test.junit.AutoKnownFailedTests" name="[0] /home/travis/build/icyphy/ptII/ptolemy/domains/de/test/auto/knownFailedTests/DESDFClockTest.xml (RunModel)" time="2.077" />
  <testcase classname="ptolemy.util.test.junit.AutoKnownFailedTests" name="[1] /home/travis/build/icyphy/ptII/ptolemy/domains/de/test/auto/knownFailedTests/DirectFeedback.xml (RunModel)" time="0.024" />
  <testcase classname="ptolemy.util.test.junit.AutoKnownFailedTests" name="[2] /home/travis/build/icyphy/ptII/ptolemy/domains/de/test/auto/knownFailedTests/FSMSource.xml (RunModel)" time="0.026" />
  <testcase classname="ptolemy.util.test.junit.AutoKnownFailedTests" name="[3] /home/travis/build/icyphy/ptII/ptolemy/domains/de/test/auto/knownFailedTests/HierarchicalModel.xml (RunModel)" time="0.058" />
  <testcase classname="ptolemy.util.test.junit.AutoKnownFailedTests" name="[4] /home/travis/build/icyphy/ptII/ptolemy/domains/de/test/auto/knownFailedTests/dependencyLoop.xml (RunModel)" time="0.042" />
  <testcase classname="ptolemy.util.test.junit.AutoKnownFailedTests" name="[5] /home/travis/build/icyphy/ptII/ptolemy/domains/de/test/auto/knownFailedTests/dependencyLoop2.xml (RunModel)" time="0.047" />
  <testcase classname="ptolemy.util.test.junit.AutoNameArchTests" name="[0] ThereAreNoAutoArchTests (RunModel)" time="0.001" />
  <testcase classname="ptolemy.util.test.junit.AutoTests" name="[0] /home/travis/build/icyphy/ptII/ptolemy/domains/de/test/auto/ActorDepthCalculation_actorWithoutPorts.xml (RunModel)" time="0.026" />
  <testcase classname="ptolemy.util.test.junit.AutoTests" name="[1] /home/travis/build/icyphy/ptII/ptolemy/domains/de/test/auto/AssemblyLine.xml (RunModel)" time="0.028" />
  <testcase classname="ptolemy.util.test.junit.AutoTests" name="[2] /home/travis/build/icyphy/ptII/ptolemy/domains/de/test/auto/CQBug1.xml (RunModel)" time="0.011" />
  <testcase classname="ptolemy.util.test.junit.AutoTests" name="[3] /home/travis/build/icyphy/ptII/ptolemy/domains/de/test/auto/CancelFireAt.xml (RunModel)" time="0.012" />
  <testcase classname="ptolemy.util.test.junit.AutoTests" name="[4] /home/travis/build/icyphy/ptII/ptolemy/domains/de/test/auto/CausalityAndComposabilityAnalysis.xml (RunModel)" time="0.015" />
  <testcase classname="ptolemy.util.test.junit.AutoTests" name="[5] /home/travis/build/icyphy/ptII/ptolemy/domains/de/test/auto/CausalityInterface1.xml (RunModel)" time="0.024" />
  <testcase classname="ptolemy.util.test.junit.AutoTests" name="[6] /home/travis/build/icyphy/ptII/ptolemy/domains/de/test/auto/CausalityInterface15.xml (RunModel)" time="0.027" />
  <testcase classname="ptolemy.util.test.junit.AutoTests" name="[7] /home/travis/build/icyphy/ptII/ptolemy/domains/de/test/auto/CausalityInterface2.xml (RunModel)" time="0.016" />
  <testcase classname="ptolemy.util.test.junit.AutoTests" name="[8] /home/travis/build/icyphy/ptII/ptolemy/domains/de/test/auto/CausalityInterface3.xml (RunModel)" time="0.02" />
  <testcase classname="ptolemy.util.test.junit.AutoTests" name="[9] /home/travis/build/icyphy/ptII/ptolemy/domains/de/test/auto/ClockDrift.xml (RunModel)" time="0.045" />
  <testcase classname="ptolemy.util.test.junit.AutoTests" name="[10] /home/travis/build/icyphy/ptII/ptolemy/domains/de/test/auto/ClockDriftAndValueChange.xml (RunModel)" time="0.032" />
  <testcase classname="ptolemy.util.test.junit.AutoTests" name="[11] /home/travis/build/icyphy/ptII/ptolemy/domains/de/test/auto/ClockDriftChange.xml (RunModel)" time="0.039" />
  <testcase classname="ptolemy.util.test.junit.AutoTests" name="[12] /home/travis/build/icyphy/ptII/ptolemy/domains/de/test/auto/ComposableCausalityAnalysis.xml (RunModel)" time="0.019" />
  <testcase classname="ptolemy.util.test.junit.AutoTests" name="[13] /home/travis/build/icyphy/ptII/ptolemy/domains/de/test/auto/DEFixedPointLimitation.xml (RunModel)" time="0.014" />
  <testcase classname="ptolemy.util.test.junit.AutoTests" name="[14] /home/travis/build/icyphy/ptII/ptolemy/domains/de/test/auto/DEScheduleTest.xml (RunModel)" time="0.016" />
  <testcase classname="ptolemy.util.test.junit.AutoTests" name="[15] /home/travis/build/icyphy/ptII/ptolemy/domains/de/test/auto/DEinDEwithStartTimes.xml (RunModel)" time="0.022" />
  <testcase classname="ptolemy.util.test.junit.AutoTests" name="[16] /home/travis/build/icyphy/ptII/ptolemy/domains/de/test/auto/DEinDEwithStartTimes2.xml (RunModel)" time="0.023" />
  <testcase classname="ptolemy.util.test.junit.AutoTests" name="[17] /home/travis/build/icyphy/ptII/ptolemy/domains/de/test/auto/DateDemo.xml (RunModel)" time="0.04" />
  <testcase classname="ptolemy.util.test.junit.AutoTests" name="[18] /home/travis/build/icyphy/ptII/ptolemy/domains/de/test/auto/DateToEvent.xml (RunModel)" time="2.05" />
  <testcase classname="ptolemy.util.test.junit.AutoTests" name="[19] /home/travis/build/icyphy/ptII/ptolemy/domains/de/test/auto/DepthTest1.xml (RunModel)" time="0.015" />
  <testcase classname="ptolemy.util.test.junit.AutoTests" name="[20] /home/travis/build/icyphy/ptII/ptolemy/domains/de/test/auto/DepthTest2.xml (RunModel)" time="0.022" />
  <testcase classname="ptolemy.util.test.junit.AutoTests" name="[21] /home/travis/build/icyphy/ptII/ptolemy/domains/de/test/auto/DepthTest3.xml (RunModel)" time="0.009" />
  <testcase classname="ptolemy.util.test.junit.AutoTests" name="[22] /home/travis/build/icyphy/ptII/ptolemy/domains/de/test/auto/DepthTest4.xml (RunModel)" time="0.019" />
  <testcase classname="ptolemy.util.test.junit.AutoTests" name="[23] /home/travis/build/icyphy/ptII/ptolemy/domains/de/test/auto/DepthTest5.xml (RunModel)" time="0.015" />
  <testcase classname="ptolemy.util.test.junit.AutoTests" name="[24] /home/travis/build/icyphy/ptII/ptolemy/domains/de/test/auto/DepthTest6.xml (RunModel)" time="0.014" />
  <testcase classname="ptolemy.util.test.junit.AutoTests" name="[25] /home/travis/build/icyphy/ptII/ptolemy/domains/de/test/auto/DepthTest7.xml (RunModel)" time="0.013" />
  <testcase classname="ptolemy.util.test.junit.AutoTests" name="[26] /home/travis/build/icyphy/ptII/ptolemy/domains/de/test/auto/EventToDate.xml (RunModel)" time="3.055" />
  <testcase classname="ptolemy.util.test.junit.AutoTests" name="[27] /home/travis/build/icyphy/ptII/ptolemy/domains/de/test/auto/FSM1.xml (RunModel)" time="0.043" />
  <testcase classname="ptolemy.util.test.junit.AutoTests" name="[28] /home/travis/build/icyphy/ptII/ptolemy/domains/de/test/auto/FSM7.xml (RunModel)" time="0.051" />
  <testcase classname="ptolemy.util.test.junit.AutoTests" name="[29] /home/travis/build/icyphy/ptII/ptolemy/domains/de/test/auto/Inspection.xml (RunModel)" time="0.042" />
  <testcase classname="ptolemy.util.test.junit.AutoTests" name="[30] /home/travis/build/icyphy/ptII/ptolemy/domains/de/test/auto/Iteration.xml (RunModel)" time="0.027" />
  <testcase classname="ptolemy.util.test.junit.AutoTests" name="[31] /home/travis/build/icyphy/ptII/ptolemy/domains/de/test/auto/LineFault.xml (RunModel)" time="0.659" />
  <testcase classname="ptolemy.util.test.junit.AutoTests" name="[32] /home/travis/build/icyphy/ptII/ptolemy/domains/de/test/auto/MergeModel1Add.xml (RunModel)" time="0.053" />
  <testcase classname="ptolemy.util.test.junit.AutoTests" name="[33] /home/travis/build/icyphy/ptII/ptolemy/domains/de/test/auto/MergeModel2Add.xml (RunModel)" time="0.04" />
  <testcase classname="ptolemy.util.test.junit.AutoTests" name="[34] /home/travis/build/icyphy/ptII/ptolemy/domains/de/test/auto/MergeModel3Add.xml (RunModel)" time="0.044" />
  <testcase classname="ptolemy.util.test.junit.AutoTests" name="[35] /home/travis/build/icyphy/ptII/ptolemy/domains/de/test/auto/MergeWithoutDiscard.xml (RunModel)" time="0.019" />
  <testcase classname="ptolemy.util.test.junit.AutoTests" name="[36] /home/travis/build/icyphy/ptII/ptolemy/domains/de/test/auto/Modal1.xml (RunModel)" time="0.028" />
  <testcase classname="ptolemy.util.test.junit.AutoTests" name="[37] /home/travis/build/icyphy/ptII/ptolemy/domains/de/test/auto/Modal2.xml (RunModel)" time="0.034" />
  <testcase classname="ptolemy.util.test.junit.AutoTests" name="[38] /home/travis/build/icyphy/ptII/ptolemy/domains/de/test/auto/Modal3.xml (RunModel)" time="0.033" />
  <testcase classname="ptolemy.util.test.junit.AutoTests" name="[39] /home/travis/build/icyphy/ptII/ptolemy/domains/de/test/auto/Modal4.xml (RunModel)" time="0.034" />
  <testcase classname="ptolemy.util.test.junit.AutoTests" name="[40] /home/travis/build/icyphy/ptII/ptolemy/domains/de/test/auto/Modal5.xml (RunModel)" time="0.031" />
  <testcase classname="ptolemy.util.test.junit.AutoTests" name="[41] /home/travis/build/icyphy/ptII/ptolemy/domains/de/test/auto/Modal6.xml (RunModel)" time="0.03" />
  <testcase classname="ptolemy.util.test.junit.AutoTests" name="[42] /home/travis/build/icyphy/ptII/ptolemy/domains/de/test/auto/Modal7.xml (RunModel)" time="0.029" />
  <testcase classname="ptolemy.util.test.junit.AutoTests" name="[43] /home/travis/build/icyphy/ptII/ptolemy/domains/de/test/auto/ModalModel.xml (RunModel)" time="0.185" />
  <testcase classname="ptolemy.util.test.junit.AutoTests" name="[44] /home/travis/build/icyphy/ptII/ptolemy/domains/de/test/auto/ModalSource.xml (RunModel)" time="0.018" />
  <testcase classname="ptolemy.util.test.junit.AutoTests" name="[45] /home/travis/build/icyphy/ptII/ptolemy/domains/de/test/auto/NonInterruptibleTimerZeroDelay.xml (RunModel)" time="0.013" />
  <testcase classname="ptolemy.util.test.junit.AutoTests" name="[46] /home/travis/build/icyphy/ptII/ptolemy/domains/de/test/auto/OpenQueueingNetwork.xml (RunModel)" time="2.28" />
  <testcase classname="ptolemy.util.test.junit.AutoTests" name="[47] /home/travis/build/icyphy/ptII/ptolemy/domains/de/test/auto/OpenQueuingNetwork.xml (RunModel)" time="0.271" />
  <testcase classname="ptolemy.util.test.junit.AutoTests" name="[48] /home/travis/build/icyphy/ptII/ptolemy/domains/de/test/auto/PeriodicSampler.xml (RunModel)" time="0.009" />
  <testcase classname="ptolemy.util.test.junit.AutoTests" name="[49] /home/travis/build/icyphy/ptII/ptolemy/domains/de/test/auto/PersistentIO.xml (RunModel)" time="0.023" />
  <testcase classname="ptolemy.util.test.junit.AutoTests" name="[50] /home/travis/build/icyphy/ptII/ptolemy/domains/de/test/auto/PortParameterResetOnInitialize.xml (RunModel)" time="0.011" />
  <testcase classname="ptolemy.util.test.junit.AutoTests" name="[51] /home/travis/build/icyphy/ptII/ptolemy/domains/de/test/auto/PortParameterUpdates.xml (RunModel)" time="0.02" />
  <testcase classname="ptolemy.util.test.junit.AutoTests" name="[52] /home/travis/build/icyphy/ptII/ptolemy/domains/de/test/auto/QueueAndServer.xml (RunModel)" time="0.027" />
  <testcase classname="ptolemy.util.test.junit.AutoTests" name="[53] /home/travis/build/icyphy/ptII/ptolemy/domains/de/test/auto/Records.xml (RunModel)" time="0.015" />
  <testcase classname="ptolemy.util.test.junit.AutoTests" name="[54] /home/travis/build/icyphy/ptII/ptolemy/domains/de/test/auto/ResetTransitionWithStartTime1.xml (RunModel)" time="0.02" />
  <testcase classname="ptolemy.util.test.junit.AutoTests" name="[55] /home/travis/build/icyphy/ptII/ptolemy/domains/de/test/auto/ResetTransitionWithStartTime2.xml (RunModel)" time="0.019" />
  <testcase classname="ptolemy.util.test.junit.AutoTests" name="[56] /home/travis/build/icyphy/ptII/ptolemy/domains/de/test/auto/ResetTransitionWithStartTime3.xml (RunModel)" time="0.02" />
  <testcase classname="ptolemy.util.test.junit.AutoTests" name="[57] /home/travis/build/icyphy/ptII/ptolemy/domains/de/test/auto/ResetTransitionWithStartTime4.xml (RunModel)" time="0.019" />
  <testcase classname="ptolemy.util.test.junit.AutoTests" name="[58] /home/travis/build/icyphy/ptII/ptolemy/domains/de/test/auto/ResettableTimer1.xml (RunModel)" time="0.01" />
  <testcase classname="ptolemy.util.test.junit.AutoTests" name="[59] /home/travis/build/icyphy/ptII/ptolemy/domains/de/test/auto/ResettableTimer2.xml (RunModel)" time="0.01" />
  <testcase classname="ptolemy.util.test.junit.AutoTests" name="[60] /home/travis/build/icyphy/ptII/ptolemy/domains/de/test/auto/ResettableTimer3.xml (RunModel)" time="0.013" />
  <testcase classname="ptolemy.util.test.junit.AutoTests" name="[61] /home/travis/build/icyphy/ptII/ptolemy/domains/de/test/auto/ResettableTimer4.xml (RunModel)" time="0.01" />
  <testcase classname="ptolemy.util.test.junit.AutoTests" name="[62] /home/travis/build/icyphy/ptII/ptolemy/domains/de/test/auto/ResettableTimer5.xml (RunModel)" time="0.011" />
  <testcase classname="ptolemy.util.test.junit.AutoTests" name="[63] /home/travis/build/icyphy/ptII/ptolemy/domains/de/test/auto/ResettableTimer6.xml (RunModel)" time="0.017" />
  <testcase classname="ptolemy.util.test.junit.AutoTests" name="[64] /home/travis/build/icyphy/ptII/ptolemy/domains/de/test/auto/ServerZeroDelay.xml (RunModel)" time="0.01" />
  <testcase classname="ptolemy.util.test.junit.AutoTests" name="[65] /home/travis/build/icyphy/ptII/ptolemy/domains/de/test/auto/SmartSender.xml (RunModel)" time="3.009" />
  <testcase classname="ptolemy.util.test.junit.AutoTests" name="[66] /home/travis/build/icyphy/ptII/ptolemy/domains/de/test/auto/ThreadedComposite.xml (RunModel)" time="0.127" />
  <testcase classname="ptolemy.util.test.junit.AutoTests" name="[67] /home/travis/build/icyphy/ptII/ptolemy/domains/de/test/auto/Time.xml (RunModel)" time="0.46" />
  <testcase classname="ptolemy.util.test.junit.AutoTests" name="[68] /home/travis/build/icyphy/ptII/ptolemy/domains/de/test/auto/TimeDelayZeroDelay.xml (RunModel)" time="0.013" />
  <testcase classname="ptolemy.util.test.junit.AutoTests" name="[69] /home/travis/build/icyphy/ptII/ptolemy/domains/de/test/auto/TimerZeroDelay.xml (RunModel)" time="0.011" />
  <testcase classname="ptolemy.util.test.junit.AutoTests" name="[70] /home/travis/build/icyphy/ptII/ptolemy/domains/de/test/auto/TimingParadox.xml (RunModel)" time="0.384" />
  <testcase classname="ptolemy.util.test.junit.AutoTests" name="[71] /home/travis/build/icyphy/ptII/ptolemy/domains/de/test/auto/TransferInputs.xml (RunModel)" time="0.009" />
  <testcase classname="ptolemy.util.test.junit.AutoTests" name="[72] /home/travis/build/icyphy/ptII/ptolemy/domains/de/test/auto/TransferOutputs2.xml (RunModel)" time="0.014" />
  <testcase classname="ptolemy.util.test.junit.AutoTests" name="[73] /home/travis/build/icyphy/ptII/ptolemy/domains/de/test/auto/Trilateration.xml (RunModel)" time="13.207" />
  <testcase classname="ptolemy.util.test.junit.AutoTests" name="[74] /home/travis/build/icyphy/ptII/ptolemy/domains/de/test/auto/TwoSigmaDelta.xml (RunModel)" time="2.321" />
  <testcase classname="ptolemy.util.test.junit.AutoTests" name="[75] /home/travis/build/icyphy/ptII/ptolemy/domains/de/test/auto/VariableDelay.xml (RunModel)" time="0.024" />
  <testcase classname="ptolemy.util.test.junit.AutoTests" name="[76] /home/travis/build/icyphy/ptII/ptolemy/domains/de/test/auto/VariableDelay2.xml (RunModel)" time="0.02" />
  <testcase classname="ptolemy.util.test.junit.AutoTests" name="[77] /home/travis/build/icyphy/ptII/ptolemy/domains/de/test/auto/VariableDelayZeroDelay.xml (RunModel)" time="0.031" />
  <testcase classname="ptolemy.util.test.junit.AutoTests" name="[78] /home/travis/build/icyphy/ptII/ptolemy/domains/de/test/auto/VariableDelayZeroDelay2.xml (RunModel)" time="0.019" />
  <testcase classname="ptolemy.util.test.junit.AutoTests" name="[79] /home/travis/build/icyphy/ptII/ptolemy/domains/de/test/auto/deInCt.xml (RunModel)" time="0.026" />
  <testcase classname="ptolemy.util.test.junit.AutoTests" name="[80] /home/travis/build/icyphy/ptII/ptolemy/domains/de/test/auto/deInCt2.xml (RunModel)" time="0.014" />
  <testcase classname="ptolemy.util.test.junit.AutoTests" name="[81] /home/travis/build/icyphy/ptII/ptolemy/domains/de/test/auto/dynamicCausalityInterface1.xml (RunModel)" time="0.017" />
  <testcase classname="ptolemy.util.test.junit.AutoTests" name="[82] /home/travis/build/icyphy/ptII/ptolemy/domains/de/test/auto/fsm_de_test.xml (RunModel)" time="0.022" />
  <testcase classname="ptolemy.util.test.junit.AutoTests" name="[83] /home/travis/build/icyphy/ptII/ptolemy/domains/de/test/auto/functionDependencyReconstruction.xml (RunModel)" time="0.031" />
  <testcase classname="ptolemy.util.test.junit.AutoTests" name="[84] /home/travis/build/icyphy/ptII/ptolemy/domains/de/test/auto/multirate.xml (RunModel)" time="0.015" />
  <testcase classname="ptolemy.util.test.junit.AutoTests" name="[85] /home/travis/build/icyphy/ptII/ptolemy/domains/de/test/auto/multirate2.xml (RunModel)" time="0.03" />
  <testcase classname="ptolemy.util.test.junit.AutoTests" name="[86] /home/travis/build/icyphy/ptII/ptolemy/domains/de/test/auto/realtime.xml (RunModel)" time="10.01" />
  <testcase classname="ptolemy.util.test.junit.AutoTests" name="[87] /home/travis/build/icyphy/ptII/ptolemy/domains/de/test/auto/relationGroup.xml (RunModel)" time="0.008" />
  <testcase classname="ptolemy.util.test.junit.AutoTests" name="[88] /home/travis/build/icyphy/ptII/ptolemy/domains/de/test/auto/relationGroup2.xml (RunModel)" time="0.005" />
  <testcase classname="ptolemy.util.test.junit.AutoTests" name="[89] /home/travis/build/icyphy/ptII/ptolemy/domains/de/test/auto/sortWithOpaquePorts.xml (RunModel)" time="0.01" />
  <testcase classname="ptolemy.util.test.junit.AutoTests" name="[90] /home/travis/build/icyphy/ptII/ptolemy/domains/de/test/auto/transferInputsandOutputs.xml (RunModel)" time="0.018" />
  <testcase classname="ptolemy.util.test.junit.AutoTests" name="[91] /home/travis/build/icyphy/ptII/ptolemy/domains/de/test/auto/triggerType.xml (RunModel)" time="0.032" />
  <system-out><![CDATA[/home/travis/build/icyphy/ptII/ptolemy/domains/de/test/DependencyLoop.tcl
testDefs.tcl: setting time out to 9000 seconds at Wed Jul 10 03:09:07 UTC 2019
86 ms. Memory: 120832K Free: 99533K (82%)
21 ms. Memory: 163840K Free: 146479K (89%)
/home/travis/build/icyphy/ptII/ptolemy/domains/de/test/RunDETestsAsQSS.tcl
Run the DE tests using ptolemy.domains.qss.test.QSSDirectorTest, which extends QSSDirector and prints a message in the constructors.
------------------ testing $PTII/ptolemy/domains/de/test/auto/knownFailedTests/DirectFeedback.xml (Known Failure) 
57 ms. Memory: 163840K Free: 141381K (86%)


==== $PTIIhome/travis/build/icyphy/ptII/ptolemy/domains/de/test/../../../../: Auto Automatic test in file $PTII/ptolemy/domains/de/test/auto/knownFailedTests/DirectFeedback.xml
==== Contents of test case:

	    # FIXME: we should use $relativeFilename here, but it
	    # might have backslashes under Windows, which causes no end
	    # of trouble.
	    createAndExecute $file
	    list {}
	
.... Test generated KNOWN error:
    while executing
ptolemy.kernel.util.IllegalActionException: Test fails in iteration 1.
Value was: 1.0. Should have been: 2.0
  in .DirectFeedback.Test
	at ptolemy.actor.lib.Test.fire(Test.java:268)
	at ptolemy.domains.de.kernel.DEDirector._fire(DEDirector.java:1949)
	at ptolemy.domains.de.kernel.DEDirector.fire(DEDirector.java:502)
	at ptolemy.actor.CompositeActor.fire(CompositeActor.java:455)
	at ptolemy.actor.Manager.iterate(Manager.java:851)
	at ptolemy.actor.Manager.execute(Manager.java:369)
	at ptolemy.actor.Manager.run(Manager.java:1263)
	at ptolemy.actor.Manager$PtolemyRunThread.run(Manager.java:1915)

    while executing
ptolemy.kernel.util.IllegalActionException: Test fails in iteration 1.
Value was: 1.0. Should have been: 2.0
  in .DirectFeedback.Test
    while executing
"java::new ptolemy.moml.MoMLSimpleApplication $file
"
    (procedure "createAndExecute" line 2)
    invoked from within
"createAndExecute $file"
    ("uplevel" body line 5)
    invoked from within
"uplevel $contents_of_test"
------------------ testing $PTII/ptolemy/domains/de/test/auto/knownFailedTests/dependencyLoop.xml (Known Failure) 
15 ms. Memory: 163840K Free: 138309K (84%)


==== $PTIIhome/travis/build/icyphy/ptII/ptolemy/domains/de/test/../../../../: Auto Automatic test in file $PTII/ptolemy/domains/de/test/auto/knownFailedTests/dependencyLoop.xml
==== Contents of test case:

	    # FIXME: we should use $relativeFilename here, but it
	    # might have backslashes under Windows, which causes no end
	    # of trouble.
	    createAndExecute $file
	    list {}
	
.... Test generated KNOWN error:
    while executing
ptolemy.kernel.util.IllegalActionException: Found a zero delay loop containing .dependencyLoop.original
  in .dependencyLoop and .dependencyLoop.original
	at ptolemy.actor.util.CausalityInterfaceForComposites._computeOutputPortDepth(CausalityInterfaceForComposites.java:759)
	at ptolemy.actor.util.CausalityInterfaceForComposites._computeInputDepth(CausalityInterfaceForComposites.java:696)
	at ptolemy.actor.util.CausalityInterfaceForComposites._computeOutputPortDepth(CausalityInterfaceForComposites.java:765)
	at ptolemy.actor.util.CausalityInterfaceForComposites._computeInputDepth(CausalityInterfaceForComposites.java:696)
	at ptolemy.actor.util.CausalityInterfaceForComposites._computeOutputPortDepth(CausalityInterfaceForComposites.java:765)
	at ptolemy.actor.util.CausalityInterfaceForComposites._computeInputDepth(CausalityInterfaceForComposites.java:696)
	at ptolemy.actor.util.CausalityInterfaceForComposites._computeActorDepth(CausalityInterfaceForComposites.java:532)
	at ptolemy.actor.util.CausalityInterfaceForComposites.checkForCycles(CausalityInterfaceForComposites.java:96)
	at ptolemy.domains.de.kernel.DEDirector.preinitialize(DEDirector.java:1338)
	at ptolemy.actor.CompositeActor.preinitialize(CompositeActor.java:1828)
	at ptolemy.actor.Manager.preinitializeAndResolveTypes(Manager.java:1040)
	at ptolemy.actor.Manager.initialize(Manager.java:710)
	at ptolemy.actor.Manager.execute(Manager.java:356)
	at ptolemy.actor.Manager.run(Manager.java:1263)
	at ptolemy.actor.Manager$PtolemyRunThread.run(Manager.java:1915)

    while executing
ptolemy.kernel.util.IllegalActionException: Found a zero delay loop containing .dependencyLoop.original
  in .dependencyLoop and .dependencyLoop.original
    while executing
"java::new ptolemy.moml.MoMLSimpleApplication $file
"
    (procedure "createAndExecute" line 2)
    invoked from within
"createAndExecute $file"
    ("uplevel" body line 5)
    invoked from within
"uplevel $contents_of_test"
------------------ testing $PTII/ptolemy/domains/de/test/auto/knownFailedTests/FSMSource.xml (Known Failure) 
93 ms. Memory: 163840K Free: 129422K (79%)
!!!! Auto was marked as failing, but now passes
------------------ testing $PTII/ptolemy/domains/de/test/auto/knownFailedTests/HierarchicalModel.xml (Known Failure) 
11 ms. Memory: 163840K Free: 144490K (88%)


==== $PTIIhome/travis/build/icyphy/ptII/ptolemy/domains/de/test/../../../../: Auto Automatic test in file $PTII/ptolemy/domains/de/test/auto/knownFailedTests/HierarchicalModel.xml
==== Contents of test case:

	    # FIXME: we should use $relativeFilename here, but it
	    # might have backslashes under Windows, which causes no end
	    # of trouble.
	    createAndExecute $file
	    list {}
	
.... Test generated KNOWN error:
    while executing
ptolemy.kernel.util.IllegalActionException: Found a zero delay loop containing .HierarchicalModel.A
  in .HierarchicalModel and .HierarchicalModel.A
	at ptolemy.actor.util.CausalityInterfaceForComposites._computeOutputPortDepth(CausalityInterfaceForComposites.java:759)
	at ptolemy.actor.util.CausalityInterfaceForComposites._computeInputDepth(CausalityInterfaceForComposites.java:696)
	at ptolemy.actor.util.CausalityInterfaceForComposites._computeOutputPortDepth(CausalityInterfaceForComposites.java:765)
	at ptolemy.actor.util.CausalityInterfaceForComposites._computeInputDepth(CausalityInterfaceForComposites.java:696)
	at ptolemy.actor.util.CausalityInterfaceForComposites._computeOutputPortDepth(CausalityInterfaceForComposites.java:765)
	at ptolemy.actor.util.CausalityInterfaceForComposites._computeInputDepth(CausalityInterfaceForComposites.java:696)
	at ptolemy.actor.util.CausalityInterfaceForComposites._computeActorDepth(CausalityInterfaceForComposites.java:532)
	at ptolemy.actor.util.CausalityInterfaceForComposites.checkForCycles(CausalityInterfaceForComposites.java:96)
	at ptolemy.domains.de.kernel.DEDirector.preinitialize(DEDirector.java:1338)
	at ptolemy.actor.CompositeActor.preinitialize(CompositeActor.java:1828)
	at ptolemy.actor.Manager.preinitializeAndResolveTypes(Manager.java:1040)
	at ptolemy.actor.Manager.initialize(Manager.java:710)
	at ptolemy.actor.Manager.execute(Manager.java:356)
	at ptolemy.actor.Manager.run(Manager.java:1263)
	at ptolemy.actor.Manager$PtolemyRunThread.run(Manager.java:1915)

    while executing
ptolemy.kernel.util.IllegalActionException: Found a zero delay loop containing .HierarchicalModel.A
  in .HierarchicalModel and .HierarchicalModel.A
    while executing
"java::new ptolemy.moml.MoMLSimpleApplication $file
"
    (procedure "createAndExecute" line 2)
    invoked from within
"createAndExecute $file"
    ("uplevel" body line 5)
    invoked from within
"uplevel $contents_of_test"
------------------ testing $PTII/ptolemy/domains/de/test/auto/knownFailedTests/dependencyLoop2.xml (Known Failure) 
10 ms. Memory: 163840K Free: 128565K (78%)


==== $PTIIhome/travis/build/icyphy/ptII/ptolemy/domains/de/test/../../../../: Auto Automatic test in file $PTII/ptolemy/domains/de/test/auto/knownFailedTests/dependencyLoop2.xml
==== Contents of test case:

	    # FIXME: we should use $relativeFilename here, but it
	    # might have backslashes under Windows, which causes no end
	    # of trouble.
	    createAndExecute $file
	    list {}
	
.... Test generated KNOWN error:
    while executing
ptolemy.kernel.util.IllegalActionException: Found a zero delay loop containing .dependencyLoop2.original
  in .dependencyLoop2 and .dependencyLoop2.original
	at ptolemy.actor.util.CausalityInterfaceForComposites._computeOutputPortDepth(CausalityInterfaceForComposites.java:759)
	at ptolemy.actor.util.CausalityInterfaceForComposites._computeInputDepth(CausalityInterfaceForComposites.java:696)
	at ptolemy.actor.util.CausalityInterfaceForComposites._computeOutputPortDepth(CausalityInterfaceForComposites.java:765)
	at ptolemy.actor.util.CausalityInterfaceForComposites._computeInputDepth(CausalityInterfaceForComposites.java:696)
	at ptolemy.actor.util.CausalityInterfaceForComposites._computeOutputPortDepth(CausalityInterfaceForComposites.java:765)
	at ptolemy.actor.util.CausalityInterfaceForComposites._computeInputDepth(CausalityInterfaceForComposites.java:696)
	at ptolemy.actor.util.CausalityInterfaceForComposites._computeActorDepth(CausalityInterfaceForComposites.java:532)
	at ptolemy.actor.util.CausalityInterfaceForComposites.checkForCycles(CausalityInterfaceForComposites.java:96)
	at ptolemy.domains.de.kernel.DEDirector.preinitialize(DEDirector.java:1338)
	at ptolemy.actor.CompositeActor.preinitialize(CompositeActor.java:1828)
	at ptolemy.actor.Manager.preinitializeAndResolveTypes(Manager.java:1040)
	at ptolemy.actor.Manager.initialize(Manager.java:710)
	at ptolemy.actor.Manager.execute(Manager.java:356)
	at ptolemy.actor.Manager.run(Manager.java:1263)
	at ptolemy.actor.Manager$PtolemyRunThread.run(Manager.java:1915)

    while executing
ptolemy.kernel.util.IllegalActionException: Found a zero delay loop containing .dependencyLoop2.original
  in .dependencyLoop2 and .dependencyLoop2.original
    while executing
"java::new ptolemy.moml.MoMLSimpleApplication $file
"
    (procedure "createAndExecute" line 2)
    invoked from within
"createAndExecute $file"
    ("uplevel" body line 5)
    invoked from within
"uplevel $contents_of_test"
------------------ testing $PTII/ptolemy/domains/de/test/auto/knownFailedTests/DESDFClockTest.xml (Known Failure) 
2045 ms. Memory: 163840K Free: 115818K (71%)


==== $PTIIhome/travis/build/icyphy/ptII/ptolemy/domains/de/test/../../../../: Auto Automatic test in file $PTII/ptolemy/domains/de/test/auto/knownFailedTests/DESDFClockTest.xml
==== Contents of test case:

	    # FIXME: we should use $relativeFilename here, but it
	    # might have backslashes under Windows, which causes no end
	    # of trouble.
	    createAndExecute $file
	    list {}
	
.... Test generated KNOWN error:
    while executing
ptolemy.kernel.util.IllegalActionException: Actor is not ready to fire.  Perhaps UpSample.prefire() returned false? Try debugging the actor by selecting "Listen to Actor".  Also, for SDF check moml for tokenConsumptionRate on input.
  in .DESDFClockTest.Play Bell.Copy1:SDF Director and .DESDFClockTest.Play Bell.UpSample
	at ptolemy.actor.sched.StaticSchedulingDirector.fire(StaticSchedulingDirector.java:227)
	at ptolemy.domains.sdf.kernel.SDFDirector.fire(SDFDirector.java:500)
	at ptolemy.actor.CompositeActor.fire(CompositeActor.java:455)
	at ptolemy.domains.de.kernel.DEDirector._fire(DEDirector.java:1949)
	at ptolemy.domains.de.kernel.DEDirector.fire(DEDirector.java:502)
	at ptolemy.actor.CompositeActor.fire(CompositeActor.java:455)
	at ptolemy.actor.Manager.iterate(Manager.java:851)
	at ptolemy.actor.Manager.execute(Manager.java:369)
	at ptolemy.actor.Manager.run(Manager.java:1263)
	at ptolemy.actor.Manager$PtolemyRunThread.run(Manager.java:1915)

    while executing
ptolemy.kernel.util.IllegalActionException: Actor is not ready to fire.  Perhaps UpSample.prefire() returned false? Try debugging the actor by selecting "Listen to Actor".  Also, for SDF check moml for tokenConsumptionRate on input.
  in .DESDFClockTest.Play Bell.Copy1:SDF Director and .DESDFClockTest.Play Bell.UpSample
    while executing
"java::new ptolemy.moml.MoMLSimpleApplication $file
"
    (procedure "createAndExecute" line 2)
    invoked from within
"createAndExecute $file"
    ("uplevel" body line 5)
    invoked from within
"uplevel $contents_of_test"
------------------ testing $PTII/ptolemy/domains/de/test/auto/ActorDepthCalculation_actorWithoutPorts.xml
auto.tcl: Setting watchdog for 200 seconds at Wed Jul 10 03:09:10 UTC 2019
11 ms. Memory: 163840K Free: 108591K (66%)
ptolemy.util.test.WatchDog.cancel(): canceling Wed Jul 10 03:09:10 UTC 2019
auto.tcl: Setting watchdog for 200 seconds at Wed Jul 10 03:09:10 UTC 2019
5 ms. Memory: 163840K Free: 107053K (65%)
ptolemy.util.test.WatchDog.cancel(): canceling Wed Jul 10 03:09:10 UTC 2019
------------------ testing $PTII/ptolemy/domains/de/test/auto/AssemblyLine.xml
auto.tcl: Setting watchdog for 200 seconds at Wed Jul 10 03:09:11 UTC 2019
10 ms. Memory: 45056K Free: 24212K (54%)
ptolemy.util.test.WatchDog.cancel(): canceling Wed Jul 10 03:09:11 UTC 2019
auto.tcl: Setting watchdog for 200 seconds at Wed Jul 10 03:09:11 UTC 2019
15 ms. Memory: 45056K Free: 23568K (52%)
ptolemy.util.test.WatchDog.cancel(): canceling Wed Jul 10 03:09:11 UTC 2019
------------------ testing $PTII/ptolemy/domains/de/test/auto/CQBug1.xml
auto.tcl: Setting watchdog for 200 seconds at Wed Jul 10 03:09:11 UTC 2019
2 ms. Memory: 45056K Free: 29122K (65%)
ptolemy.util.test.WatchDog.cancel(): canceling Wed Jul 10 03:09:11 UTC 2019
auto.tcl: Setting watchdog for 200 seconds at Wed Jul 10 03:09:11 UTC 2019
3 ms. Memory: 45056K Free: 28785K (64%)
ptolemy.util.test.WatchDog.cancel(): canceling Wed Jul 10 03:09:11 UTC 2019
------------------ testing $PTII/ptolemy/domains/de/test/auto/CancelFireAt.xml
auto.tcl: Setting watchdog for 200 seconds at Wed Jul 10 03:09:11 UTC 2019
3 ms. Memory: 45056K Free: 30055K (67%)
ptolemy.util.test.WatchDog.cancel(): canceling Wed Jul 10 03:09:11 UTC 2019
auto.tcl: Setting watchdog for 200 seconds at Wed Jul 10 03:09:11 UTC 2019
3 ms. Memory: 45056K Free: 29726K (66%)
ptolemy.util.test.WatchDog.cancel(): canceling Wed Jul 10 03:09:11 UTC 2019
------------------ testing $PTII/ptolemy/domains/de/test/auto/CausalityAndComposabilityAnalysis.xml
auto.tcl: Setting watchdog for 200 seconds at Wed Jul 10 03:09:11 UTC 2019
10 ms. Memory: 45056K Free: 28203K (63%)
ptolemy.util.test.WatchDog.cancel(): canceling Wed Jul 10 03:09:11 UTC 2019
auto.tcl: Setting watchdog for 200 seconds at Wed Jul 10 03:09:11 UTC 2019
5 ms. Memory: 45056K Free: 27561K (61%)
ptolemy.util.test.WatchDog.cancel(): canceling Wed Jul 10 03:09:11 UTC 2019
------------------ testing $PTII/ptolemy/domains/de/test/auto/CausalityInterface1.xml
auto.tcl: Setting watchdog for 200 seconds at Wed Jul 10 03:09:11 UTC 2019
26 ms. Memory: 45056K Free: 26733K (59%)
ptolemy.util.test.WatchDog.cancel(): canceling Wed Jul 10 03:09:12 UTC 2019
auto.tcl: Setting watchdog for 200 seconds at Wed Jul 10 03:09:12 UTC 2019
3 ms. Memory: 45056K Free: 25976K (58%)
ptolemy.util.test.WatchDog.cancel(): canceling Wed Jul 10 03:09:12 UTC 2019
------------------ testing $PTII/ptolemy/domains/de/test/auto/CausalityInterface15.xml
auto.tcl: Setting watchdog for 200 seconds at Wed Jul 10 03:09:12 UTC 2019
11 ms. Memory: 45056K Free: 27082K (60%)
ptolemy.util.test.WatchDog.cancel(): canceling Wed Jul 10 03:09:12 UTC 2019
auto.tcl: Setting watchdog for 200 seconds at Wed Jul 10 03:09:12 UTC 2019
9 ms. Memory: 45056K Free: 25909K (58%)
ptolemy.util.test.WatchDog.cancel(): canceling Wed Jul 10 03:09:12 UTC 2019
------------------ testing $PTII/ptolemy/domains/de/test/auto/CausalityInterface2.xml
auto.tcl: Setting watchdog for 200 seconds at Wed Jul 10 03:09:12 UTC 2019
5 ms. Memory: 45056K Free: 27606K (61%)
ptolemy.util.test.WatchDog.cancel(): canceling Wed Jul 10 03:09:12 UTC 2019
auto.tcl: Setting watchdog for 200 seconds at Wed Jul 10 03:09:12 UTC 2019
3 ms. Memory: 45056K Free: 26952K (60%)
ptolemy.util.test.WatchDog.cancel(): canceling Wed Jul 10 03:09:12 UTC 2019
------------------ testing $PTII/ptolemy/domains/de/test/auto/CausalityInterface3.xml
auto.tcl: Setting watchdog for 200 seconds at Wed Jul 10 03:09:12 UTC 2019
7 ms. Memory: 45056K Free: 27273K (61%)
ptolemy.util.test.WatchDog.cancel(): canceling Wed Jul 10 03:09:12 UTC 2019
auto.tcl: Setting watchdog for 200 seconds at Wed Jul 10 03:09:12 UTC 2019
3 ms. Memory: 45056K Free: 26302K (58%)
ptolemy.util.test.WatchDog.cancel(): canceling Wed Jul 10 03:09:12 UTC 2019
------------------ testing $PTII/ptolemy/domains/de/test/auto/ClockDrift.xml
auto.tcl: Setting watchdog for 200 seconds at Wed Jul 10 03:09:12 UTC 2019
100 ms. Memory: 45056K Free: 19720K (44%)
ptolemy.util.test.WatchDog.cancel(): canceling Wed Jul 10 03:09:12 UTC 2019
auto.tcl: Setting watchdog for 200 seconds at Wed Jul 10 03:09:12 UTC 2019
33 ms. Memory: 45056K Free: 16720K (37%)
ptolemy.util.test.WatchDog.cancel(): canceling Wed Jul 10 03:09:12 UTC 2019
------------------ testing $PTII/ptolemy/domains/de/test/auto/ClockDriftAndValueChange.xml
auto.tcl: Setting watchdog for 200 seconds at Wed Jul 10 03:09:12 UTC 2019
49 ms. Memory: 45056K Free: 20035K (44%)
ptolemy.util.test.WatchDog.cancel(): canceling Wed Jul 10 03:09:12 UTC 2019
auto.tcl: Setting watchdog for 200 seconds at Wed Jul 10 03:09:12 UTC 2019
20 ms. Memory: 45056K Free: 17009K (38%)
ptolemy.util.test.WatchDog.cancel(): canceling Wed Jul 10 03:09:12 UTC 2019
------------------ testing $PTII/ptolemy/domains/de/test/auto/ClockDriftChange.xml
auto.tcl: Setting watchdog for 200 seconds at Wed Jul 10 03:09:12 UTC 2019
21 ms. Memory: 45056K Free: 21797K (48%)
ptolemy.util.test.WatchDog.cancel(): canceling Wed Jul 10 03:09:12 UTC 2019
auto.tcl: Setting watchdog for 200 seconds at Wed Jul 10 03:09:12 UTC 2019
26 ms. Memory: 45056K Free: 19065K (42%)
ptolemy.util.test.WatchDog.cancel(): canceling Wed Jul 10 03:09:12 UTC 2019
------------------ testing $PTII/ptolemy/domains/de/test/auto/ComposableCausalityAnalysis.xml
auto.tcl: Setting watchdog for 200 seconds at Wed Jul 10 03:09:12 UTC 2019
3 ms. Memory: 45056K Free: 26292K (58%)
ptolemy.util.test.WatchDog.cancel(): canceling Wed Jul 10 03:09:12 UTC 2019
auto.tcl: Setting watchdog for 200 seconds at Wed Jul 10 03:09:12 UTC 2019
2 ms. Memory: 45056K Free: 25484K (57%)
ptolemy.util.test.WatchDog.cancel(): canceling Wed Jul 10 03:09:12 UTC 2019
------------------ testing $PTII/ptolemy/domains/de/test/auto/DEFixedPointLimitation.xml
auto.tcl: Setting watchdog for 200 seconds at Wed Jul 10 03:09:12 UTC 2019
2 ms. Memory: 45056K Free: 27855K (62%)
ptolemy.util.test.WatchDog.cancel(): canceling Wed Jul 10 03:09:12 UTC 2019
auto.tcl: Setting watchdog for 200 seconds at Wed Jul 10 03:09:12 UTC 2019
1 ms. Memory: 45056K Free: 26901K (60%)
ptolemy.util.test.WatchDog.cancel(): canceling Wed Jul 10 03:09:12 UTC 2019
------------------ testing $PTII/ptolemy/domains/de/test/auto/DEScheduleTest.xml
auto.tcl: Setting watchdog for 200 seconds at Wed Jul 10 03:09:13 UTC 2019
7 ms. Memory: 45056K Free: 28080K (62%)
ptolemy.util.test.WatchDog.cancel(): canceling Wed Jul 10 03:09:13 UTC 2019
auto.tcl: Setting watchdog for 200 seconds at Wed Jul 10 03:09:13 UTC 2019
3 ms. Memory: 45056K Free: 27256K (60%)
ptolemy.util.test.WatchDog.cancel(): canceling Wed Jul 10 03:09:13 UTC 2019
------------------ testing $PTII/ptolemy/domains/de/test/auto/DEinDEwithStartTimes.xml
auto.tcl: Setting watchdog for 200 seconds at Wed Jul 10 03:09:13 UTC 2019
6 ms. Memory: 45056K Free: 26382K (59%)
ptolemy.util.test.WatchDog.cancel(): canceling Wed Jul 10 03:09:13 UTC 2019
auto.tcl: Setting watchdog for 200 seconds at Wed Jul 10 03:09:13 UTC 2019
3 ms. Memory: 45056K Free: 25275K (56%)
ptolemy.util.test.WatchDog.cancel(): canceling Wed Jul 10 03:09:13 UTC 2019
------------------ testing $PTII/ptolemy/domains/de/test/auto/DEinDEwithStartTimes2.xml
auto.tcl: Setting watchdog for 200 seconds at Wed Jul 10 03:09:13 UTC 2019
4 ms. Memory: 45056K Free: 25756K (57%)
ptolemy.util.test.WatchDog.cancel(): canceling Wed Jul 10 03:09:13 UTC 2019
auto.tcl: Setting watchdog for 200 seconds at Wed Jul 10 03:09:13 UTC 2019
7 ms. Memory: 45056K Free: 24173K (54%)
ptolemy.util.test.WatchDog.cancel(): canceling Wed Jul 10 03:09:13 UTC 2019
------------------ testing $PTII/ptolemy/domains/de/test/auto/DateDemo.xml
auto.tcl: Setting watchdog for 200 seconds at Wed Jul 10 03:09:13 UTC 2019
24 ms. Memory: 45056K Free: 20260K (45%)
ptolemy.util.test.WatchDog.cancel(): canceling Wed Jul 10 03:09:13 UTC 2019
auto.tcl: Setting watchdog for 200 seconds at Wed Jul 10 03:09:13 UTC 2019
12 ms. Memory: 45056K Free: 18663K (41%)
ptolemy.util.test.WatchDog.cancel(): canceling Wed Jul 10 03:09:13 UTC 2019
------------------ testing $PTII/ptolemy/domains/de/test/auto/DateToEvent.xml
auto.tcl: Setting watchdog for 200 seconds at Wed Jul 10 03:09:13 UTC 2019
2015 ms. Memory: 45056K Free: 15675K (35%)
ptolemy.util.test.WatchDog.cancel(): canceling Wed Jul 10 03:09:15 UTC 2019
auto.tcl: Setting watchdog for 200 seconds at Wed Jul 10 03:09:15 UTC 2019
2004 ms. Memory: 45056K Free: 15052K (33%)
ptolemy.util.test.WatchDog.cancel(): canceling Wed Jul 10 03:09:17 UTC 2019
------------------ testing $PTII/ptolemy/domains/de/test/auto/DepthTest1.xml
auto.tcl: Setting watchdog for 200 seconds at Wed Jul 10 03:09:17 UTC 2019
2 ms. Memory: 45056K Free: 28902K (64%)
ptolemy.util.test.WatchDog.cancel(): canceling Wed Jul 10 03:09:17 UTC 2019
auto.tcl: Setting watchdog for 200 seconds at Wed Jul 10 03:09:17 UTC 2019
1 ms. Memory: 45056K Free: 28473K (63%)
ptolemy.util.test.WatchDog.cancel(): canceling Wed Jul 10 03:09:17 UTC 2019
------------------ testing $PTII/ptolemy/domains/de/test/auto/DepthTest2.xml
auto.tcl: Setting watchdog for 200 seconds at Wed Jul 10 03:09:17 UTC 2019
3 ms. Memory: 45056K Free: 25759K (57%)
ptolemy.util.test.WatchDog.cancel(): canceling Wed Jul 10 03:09:17 UTC 2019
auto.tcl: Setting watchdog for 200 seconds at Wed Jul 10 03:09:17 UTC 2019
3 ms. Memory: 45056K Free: 25152K (56%)
ptolemy.util.test.WatchDog.cancel(): canceling Wed Jul 10 03:09:17 UTC 2019
------------------ testing $PTII/ptolemy/domains/de/test/auto/DepthTest3.xml
auto.tcl: Setting watchdog for 200 seconds at Wed Jul 10 03:09:17 UTC 2019
2 ms. Memory: 45056K Free: 29239K (65%)
ptolemy.util.test.WatchDog.cancel(): canceling Wed Jul 10 03:09:17 UTC 2019
auto.tcl: Setting watchdog for 200 seconds at Wed Jul 10 03:09:17 UTC 2019
2 ms. Memory: 45056K Free: 28516K (63%)
ptolemy.util.test.WatchDog.cancel(): canceling Wed Jul 10 03:09:17 UTC 2019
------------------ testing $PTII/ptolemy/domains/de/test/auto/DepthTest4.xml
auto.tcl: Setting watchdog for 200 seconds at Wed Jul 10 03:09:17 UTC 2019
11 ms. Memory: 45056K Free: 27523K (61%)
ptolemy.util.test.WatchDog.cancel(): canceling Wed Jul 10 03:09:17 UTC 2019
auto.tcl: Setting watchdog for 200 seconds at Wed Jul 10 03:09:17 UTC 2019
2 ms. Memory: 45056K Free: 26862K (60%)
ptolemy.util.test.WatchDog.cancel(): canceling Wed Jul 10 03:09:17 UTC 2019
------------------ testing $PTII/ptolemy/domains/de/test/auto/DepthTest5.xml
auto.tcl: Setting watchdog for 200 seconds at Wed Jul 10 03:09:17 UTC 2019
3 ms. Memory: 45056K Free: 26722K (59%)
ptolemy.util.test.WatchDog.cancel(): canceling Wed Jul 10 03:09:17 UTC 2019
auto.tcl: Setting watchdog for 200 seconds at Wed Jul 10 03:09:17 UTC 2019
3 ms. Memory: 45056K Free: 26115K (58%)
ptolemy.util.test.WatchDog.cancel(): canceling Wed Jul 10 03:09:17 UTC 2019
------------------ testing $PTII/ptolemy/domains/de/test/auto/DepthTest6.xml
auto.tcl: Setting watchdog for 200 seconds at Wed Jul 10 03:09:17 UTC 2019
6 ms. Memory: 45056K Free: 26692K (59%)
ptolemy.util.test.WatchDog.cancel(): canceling Wed Jul 10 03:09:17 UTC 2019
auto.tcl: Setting watchdog for 200 seconds at Wed Jul 10 03:09:17 UTC 2019
3 ms. Memory: 45056K Free: 26092K (58%)
ptolemy.util.test.WatchDog.cancel(): canceling Wed Jul 10 03:09:17 UTC 2019
------------------ testing $PTII/ptolemy/domains/de/test/auto/DepthTest7.xml
auto.tcl: Setting watchdog for 200 seconds at Wed Jul 10 03:09:18 UTC 2019
10 ms. Memory: 45056K Free: 27520K (61%)
ptolemy.util.test.WatchDog.cancel(): canceling Wed Jul 10 03:09:18 UTC 2019
auto.tcl: Setting watchdog for 200 seconds at Wed Jul 10 03:09:18 UTC 2019
2 ms. Memory: 45056K Free: 26787K (59%)
ptolemy.util.test.WatchDog.cancel(): canceling Wed Jul 10 03:09:18 UTC 2019
------------------ testing $PTII/ptolemy/domains/de/test/auto/EventToDate.xml
auto.tcl: Setting watchdog for 200 seconds at Wed Jul 10 03:09:18 UTC 2019
3006 ms. Memory: 45056K Free: 18203K (40%)
ptolemy.util.test.WatchDog.cancel(): canceling Wed Jul 10 03:09:21 UTC 2019
auto.tcl: Setting watchdog for 200 seconds at Wed Jul 10 03:09:21 UTC 2019
3004 ms. Memory: 45056K Free: 17605K (39%)
ptolemy.util.test.WatchDog.cancel(): canceling Wed Jul 10 03:09:24 UTC 2019
------------------ testing $PTII/ptolemy/domains/de/test/auto/FSM1.xml
auto.tcl: Setting watchdog for 200 seconds at Wed Jul 10 03:09:24 UTC 2019
41 ms. Memory: 45056K Free: 19457K (43%)
ptolemy.util.test.WatchDog.cancel(): canceling Wed Jul 10 03:09:24 UTC 2019
auto.tcl: Setting watchdog for 200 seconds at Wed Jul 10 03:09:24 UTC 2019
31 ms. Memory: 45056K Free: 16253K (36%)
ptolemy.util.test.WatchDog.cancel(): canceling Wed Jul 10 03:09:24 UTC 2019
------------------ testing $PTII/ptolemy/domains/de/test/auto/FSM7.xml
auto.tcl: Setting watchdog for 200 seconds at Wed Jul 10 03:09:24 UTC 2019
17 ms. Memory: 45056K Free: 19431K (43%)
ptolemy.util.test.WatchDog.cancel(): canceling Wed Jul 10 03:09:24 UTC 2019
auto.tcl: Setting watchdog for 200 seconds at Wed Jul 10 03:09:24 UTC 2019
18 ms. Memory: 45056K Free: 16465K (37%)
ptolemy.util.test.WatchDog.cancel(): canceling Wed Jul 10 03:09:24 UTC 2019
------------------ testing $PTII/ptolemy/domains/de/test/auto/Inspection.xml
auto.tcl: Setting watchdog for 200 seconds at Wed Jul 10 03:09:24 UTC 2019
21 ms. Memory: 45056K Free: 19292K (43%)
ptolemy.util.test.WatchDog.cancel(): canceling Wed Jul 10 03:09:24 UTC 2019
auto.tcl: Setting watchdog for 200 seconds at Wed Jul 10 03:09:24 UTC 2019
24 ms. Memory: 45056K Free: 17501K (39%)
ptolemy.util.test.WatchDog.cancel(): canceling Wed Jul 10 03:09:24 UTC 2019
------------------ testing $PTII/ptolemy/domains/de/test/auto/Iteration.xml
auto.tcl: Setting watchdog for 200 seconds at Wed Jul 10 03:09:24 UTC 2019
8 ms. Memory: 45056K Free: 24937K (55%)
ptolemy.util.test.WatchDog.cancel(): canceling Wed Jul 10 03:09:24 UTC 2019
auto.tcl: Setting watchdog for 200 seconds at Wed Jul 10 03:09:24 UTC 2019
8 ms. Memory: 45056K Free: 23929K (53%)
ptolemy.util.test.WatchDog.cancel(): canceling Wed Jul 10 03:09:24 UTC 2019
------------------ testing $PTII/ptolemy/domains/de/test/auto/LineFault.xml
auto.tcl: Setting watchdog for 200 seconds at Wed Jul 10 03:09:24 UTC 2019
783 ms. Memory: 54272K Free: 35728K (66%)
ptolemy.util.test.WatchDog.cancel(): canceling Wed Jul 10 03:09:25 UTC 2019
auto.tcl: Setting watchdog for 200 seconds at Wed Jul 10 03:09:25 UTC 2019
634 ms. Memory: 54272K Free: 24818K (46%)
ptolemy.util.test.WatchDog.cancel(): canceling Wed Jul 10 03:09:26 UTC 2019
------------------ testing $PTII/ptolemy/domains/de/test/auto/MergeModel1Add.xml
auto.tcl: Setting watchdog for 200 seconds at Wed Jul 10 03:09:26 UTC 2019
39 ms. Memory: 51200K Free: 17585K (34%)
ptolemy.util.test.WatchDog.cancel(): canceling Wed Jul 10 03:09:26 UTC 2019
auto.tcl: Setting watchdog for 200 seconds at Wed Jul 10 03:09:26 UTC 2019
10 ms. Memory: 51200K Free: 15827K (31%)
ptolemy.util.test.WatchDog.cancel(): canceling Wed Jul 10 03:09:26 UTC 2019
------------------ testing $PTII/ptolemy/domains/de/test/auto/MergeModel2Add.xml
auto.tcl: Setting watchdog for 200 seconds at Wed Jul 10 03:09:26 UTC 2019
12 ms. Memory: 45056K Free: 13444K (30%)
ptolemy.util.test.WatchDog.cancel(): canceling Wed Jul 10 03:09:26 UTC 2019
auto.tcl: Setting watchdog for 200 seconds at Wed Jul 10 03:09:26 UTC 2019
12 ms. Memory: 45056K Free: 12023K (27%)
ptolemy.util.test.WatchDog.cancel(): canceling Wed Jul 10 03:09:26 UTC 2019
------------------ testing $PTII/ptolemy/domains/de/test/auto/MergeModel3Add.xml
auto.tcl: Setting watchdog for 200 seconds at Wed Jul 10 03:09:26 UTC 2019
9 ms. Memory: 45056K Free: 13021K (29%)
ptolemy.util.test.WatchDog.cancel(): canceling Wed Jul 10 03:09:26 UTC 2019
auto.tcl: Setting watchdog for 200 seconds at Wed Jul 10 03:09:26 UTC 2019
10 ms. Memory: 45056K Free: 11665K (26%)
ptolemy.util.test.WatchDog.cancel(): canceling Wed Jul 10 03:09:26 UTC 2019
------------------ testing $PTII/ptolemy/domains/de/test/auto/MergeWithoutDiscard.xml
auto.tcl: Setting watchdog for 200 seconds at Wed Jul 10 03:09:26 UTC 2019
2 ms. Memory: 45056K Free: 27500K (61%)
ptolemy.util.test.WatchDog.cancel(): canceling Wed Jul 10 03:09:26 UTC 2019
auto.tcl: Setting watchdog for 200 seconds at Wed Jul 10 03:09:26 UTC 2019
2 ms. Memory: 45056K Free: 27115K (60%)
ptolemy.util.test.WatchDog.cancel(): canceling Wed Jul 10 03:09:26 UTC 2019
------------------ testing $PTII/ptolemy/domains/de/test/auto/Modal1.xml
auto.tcl: Setting watchdog for 200 seconds at Wed Jul 10 03:09:26 UTC 2019
16 ms. Memory: 45056K Free: 19473K (43%)
ptolemy.util.test.WatchDog.cancel(): canceling Wed Jul 10 03:09:26 UTC 2019
auto.tcl: Setting watchdog for 200 seconds at Wed Jul 10 03:09:26 UTC 2019
19 ms. Memory: 45056K Free: 16031K (36%)
ptolemy.util.test.WatchDog.cancel(): canceling Wed Jul 10 03:09:26 UTC 2019
------------------ testing $PTII/ptolemy/domains/de/test/auto/Modal2.xml
auto.tcl: Setting watchdog for 200 seconds at Wed Jul 10 03:09:26 UTC 2019
19 ms. Memory: 45056K Free: 19565K (43%)
ptolemy.util.test.WatchDog.cancel(): canceling Wed Jul 10 03:09:27 UTC 2019
auto.tcl: Setting watchdog for 200 seconds at Wed Jul 10 03:09:27 UTC 2019
13 ms. Memory: 45056K Free: 16305K (36%)
ptolemy.util.test.WatchDog.cancel(): canceling Wed Jul 10 03:09:27 UTC 2019
------------------ testing $PTII/ptolemy/domains/de/test/auto/Modal3.xml
auto.tcl: Setting watchdog for 200 seconds at Wed Jul 10 03:09:27 UTC 2019
19 ms. Memory: 45056K Free: 19564K (43%)
ptolemy.util.test.WatchDog.cancel(): canceling Wed Jul 10 03:09:27 UTC 2019
auto.tcl: Setting watchdog for 200 seconds at Wed Jul 10 03:09:27 UTC 2019
13 ms. Memory: 45056K Free: 16343K (36%)
ptolemy.util.test.WatchDog.cancel(): canceling Wed Jul 10 03:09:27 UTC 2019
------------------ testing $PTII/ptolemy/domains/de/test/auto/Modal4.xml
auto.tcl: Setting watchdog for 200 seconds at Wed Jul 10 03:09:27 UTC 2019
27 ms. Memory: 45056K Free: 18307K (41%)
ptolemy.util.test.WatchDog.cancel(): canceling Wed Jul 10 03:09:27 UTC 2019
auto.tcl: Setting watchdog for 200 seconds at Wed Jul 10 03:09:27 UTC 2019
18 ms. Memory: 45056K Free: 14289K (32%)
ptolemy.util.test.WatchDog.cancel(): canceling Wed Jul 10 03:09:27 UTC 2019
------------------ testing $PTII/ptolemy/domains/de/test/auto/Modal5.xml
auto.tcl: Setting watchdog for 200 seconds at Wed Jul 10 03:09:27 UTC 2019
15 ms. Memory: 45056K Free: 18509K (41%)
ptolemy.util.test.WatchDog.cancel(): canceling Wed Jul 10 03:09:27 UTC 2019
auto.tcl: Setting watchdog for 200 seconds at Wed Jul 10 03:09:27 UTC 2019
15 ms. Memory: 45056K Free: 14644K (33%)
ptolemy.util.test.WatchDog.cancel(): canceling Wed Jul 10 03:09:27 UTC 2019
------------------ testing $PTII/ptolemy/domains/de/test/auto/Modal6.xml
auto.tcl: Setting watchdog for 200 seconds at Wed Jul 10 03:09:27 UTC 2019
19 ms. Memory: 45056K Free: 19330K (43%)
ptolemy.util.test.WatchDog.cancel(): canceling Wed Jul 10 03:09:27 UTC 2019
auto.tcl: Setting watchdog for 200 seconds at Wed Jul 10 03:09:27 UTC 2019
20 ms. Memory: 45056K Free: 15666K (35%)
ptolemy.util.test.WatchDog.cancel(): canceling Wed Jul 10 03:09:27 UTC 2019
------------------ testing $PTII/ptolemy/domains/de/test/auto/Modal7.xml
auto.tcl: Setting watchdog for 200 seconds at Wed Jul 10 03:09:27 UTC 2019
11 ms. Memory: 45056K Free: 18307K (41%)
ptolemy.util.test.WatchDog.cancel(): canceling Wed Jul 10 03:09:27 UTC 2019
auto.tcl: Setting watchdog for 200 seconds at Wed Jul 10 03:09:27 UTC 2019
12 ms. Memory: 45056K Free: 14969K (33%)
ptolemy.util.test.WatchDog.cancel(): canceling Wed Jul 10 03:09:27 UTC 2019
------------------ testing $PTII/ptolemy/domains/de/test/auto/ModalModel.xml
auto.tcl: Setting watchdog for 200 seconds at Wed Jul 10 03:09:27 UTC 2019
223 ms. Memory: 59392K Free: 25326K (43%)
ptolemy.util.test.WatchDog.cancel(): canceling Wed Jul 10 03:09:27 UTC 2019
auto.tcl: Setting watchdog for 200 seconds at Wed Jul 10 03:09:27 UTC 2019
189 ms. Memory: 59392K Free: 25111K (42%)
ptolemy.util.test.WatchDog.cancel(): canceling Wed Jul 10 03:09:28 UTC 2019
------------------ testing $PTII/ptolemy/domains/de/test/auto/ModalSource.xml
auto.tcl: Setting watchdog for 200 seconds at Wed Jul 10 03:09:28 UTC 2019
6 ms. Memory: 48128K Free: 26414K (55%)
ptolemy.util.test.WatchDog.cancel(): canceling Wed Jul 10 03:09:28 UTC 2019
auto.tcl: Setting watchdog for 200 seconds at Wed Jul 10 03:09:28 UTC 2019
6 ms. Memory: 48128K Free: 24495K (51%)
ptolemy.util.test.WatchDog.cancel(): canceling Wed Jul 10 03:09:28 UTC 2019
------------------ testing $PTII/ptolemy/domains/de/test/auto/NonInterruptibleTimerZeroDelay.xml
auto.tcl: Setting watchdog for 200 seconds at Wed Jul 10 03:09:28 UTC 2019
4 ms. Memory: 48128K Free: 31356K (65%)
ptolemy.util.test.WatchDog.cancel(): canceling Wed Jul 10 03:09:28 UTC 2019
auto.tcl: Setting watchdog for 200 seconds at Wed Jul 10 03:09:28 UTC 2019
2 ms. Memory: 48128K Free: 30674K (64%)
ptolemy.util.test.WatchDog.cancel(): canceling Wed Jul 10 03:09:28 UTC 2019
------------------ testing $PTII/ptolemy/domains/de/test/auto/OpenQueueingNetwork.xml
auto.tcl: Setting watchdog for 200 seconds at Wed Jul 10 03:09:28 UTC 2019
2899 ms. Memory: 95232K Free: 26924K (28%)
ptolemy.util.test.WatchDog.cancel(): canceling Wed Jul 10 03:09:31 UTC 2019
auto.tcl: Setting watchdog for 200 seconds at Wed Jul 10 03:09:31 UTC 2019
2598 ms. Memory: 114688K Free: 93447K (81%)
ptolemy.util.test.WatchDog.cancel(): canceling Wed Jul 10 03:09:34 UTC 2019
------------------ testing $PTII/ptolemy/domains/de/test/auto/OpenQueuingNetwork.xml
auto.tcl: Setting watchdog for 200 seconds at Wed Jul 10 03:09:34 UTC 2019
243 ms. Memory: 55296K Free: 24389K (44%)
ptolemy.util.test.WatchDog.cancel(): canceling Wed Jul 10 03:09:34 UTC 2019
auto.tcl: Setting watchdog for 200 seconds at Wed Jul 10 03:09:34 UTC 2019
246 ms. Memory: 55296K Free: 32477K (59%)
ptolemy.util.test.WatchDog.cancel(): canceling Wed Jul 10 03:09:34 UTC 2019
------------------ testing $PTII/ptolemy/domains/de/test/auto/PeriodicSampler.xml
auto.tcl: Setting watchdog for 200 seconds at Wed Jul 10 03:09:34 UTC 2019
2 ms. Memory: 48128K Free: 30524K (63%)
ptolemy.util.test.WatchDog.cancel(): canceling Wed Jul 10 03:09:34 UTC 2019
auto.tcl: Setting watchdog for 200 seconds at Wed Jul 10 03:09:34 UTC 2019
2 ms. Memory: 48128K Free: 30016K (62%)
ptolemy.util.test.WatchDog.cancel(): canceling Wed Jul 10 03:09:34 UTC 2019
------------------ testing $PTII/ptolemy/domains/de/test/auto/PersistentIO.xml
auto.tcl: Setting watchdog for 200 seconds at Wed Jul 10 03:09:34 UTC 2019
5 ms. Memory: 48128K Free: 25448K (53%)
ptolemy.util.test.WatchDog.cancel(): canceling Wed Jul 10 03:09:34 UTC 2019
auto.tcl: Setting watchdog for 200 seconds at Wed Jul 10 03:09:34 UTC 2019
5 ms. Memory: 48128K Free: 23969K (50%)
ptolemy.util.test.WatchDog.cancel(): canceling Wed Jul 10 03:09:34 UTC 2019
------------------ testing $PTII/ptolemy/domains/de/test/auto/PortParameterResetOnInitialize.xml
auto.tcl: Setting watchdog for 200 seconds at Wed Jul 10 03:09:34 UTC 2019
2 ms. Memory: 48128K Free: 30443K (63%)
ptolemy.util.test.WatchDog.cancel(): canceling Wed Jul 10 03:09:34 UTC 2019
auto.tcl: Setting watchdog for 200 seconds at Wed Jul 10 03:09:34 UTC 2019
1 ms. Memory: 48128K Free: 29972K (62%)
ptolemy.util.test.WatchDog.cancel(): canceling Wed Jul 10 03:09:34 UTC 2019
------------------ testing $PTII/ptolemy/domains/de/test/auto/PortParameterUpdates.xml
auto.tcl: Setting watchdog for 200 seconds at Wed Jul 10 03:09:34 UTC 2019
4 ms. Memory: 48128K Free: 28531K (59%)
ptolemy.util.test.WatchDog.cancel(): canceling Wed Jul 10 03:09:34 UTC 2019
auto.tcl: Setting watchdog for 200 seconds at Wed Jul 10 03:09:34 UTC 2019
3 ms. Memory: 48128K Free: 27519K (57%)
ptolemy.util.test.WatchDog.cancel(): canceling Wed Jul 10 03:09:34 UTC 2019
------------------ testing $PTII/ptolemy/domains/de/test/auto/QueueAndServer.xml
auto.tcl: Setting watchdog for 200 seconds at Wed Jul 10 03:09:34 UTC 2019
6 ms. Memory: 48128K Free: 27429K (57%)
ptolemy.util.test.WatchDog.cancel(): canceling Wed Jul 10 03:09:34 UTC 2019
auto.tcl: Setting watchdog for 200 seconds at Wed Jul 10 03:09:34 UTC 2019
6 ms. Memory: 48128K Free: 26009K (54%)
ptolemy.util.test.WatchDog.cancel(): canceling Wed Jul 10 03:09:35 UTC 2019
------------------ testing $PTII/ptolemy/domains/de/test/auto/Records.xml
auto.tcl: Setting watchdog for 200 seconds at Wed Jul 10 03:09:35 UTC 2019
11 ms. Memory: 48128K Free: 29698K (62%)
ptolemy.util.test.WatchDog.cancel(): canceling Wed Jul 10 03:09:35 UTC 2019
auto.tcl: Setting watchdog for 200 seconds at Wed Jul 10 03:09:35 UTC 2019
3 ms. Memory: 48128K Free: 29198K (61%)
ptolemy.util.test.WatchDog.cancel(): canceling Wed Jul 10 03:09:35 UTC 2019
------------------ testing $PTII/ptolemy/domains/de/test/auto/ResetTransitionWithStartTime1.xml
auto.tcl: Setting watchdog for 200 seconds at Wed Jul 10 03:09:35 UTC 2019
10 ms. Memory: 48128K Free: 26770K (56%)
ptolemy.util.test.WatchDog.cancel(): canceling Wed Jul 10 03:09:35 UTC 2019
auto.tcl: Setting watchdog for 200 seconds at Wed Jul 10 03:09:35 UTC 2019
9 ms. Memory: 48128K Free: 24222K (50%)
ptolemy.util.test.WatchDog.cancel(): canceling Wed Jul 10 03:09:35 UTC 2019
------------------ testing $PTII/ptolemy/domains/de/test/auto/ResetTransitionWithStartTime2.xml
auto.tcl: Setting watchdog for 200 seconds at Wed Jul 10 03:09:35 UTC 2019
7 ms. Memory: 45056K Free: 23652K (52%)
ptolemy.util.test.WatchDog.cancel(): canceling Wed Jul 10 03:09:35 UTC 2019
auto.tcl: Setting watchdog for 200 seconds at Wed Jul 10 03:09:35 UTC 2019
5 ms. Memory: 45056K Free: 21139K (47%)
ptolemy.util.test.WatchDog.cancel(): canceling Wed Jul 10 03:09:35 UTC 2019
------------------ testing $PTII/ptolemy/domains/de/test/auto/ResetTransitionWithStartTime3.xml
auto.tcl: Setting watchdog for 200 seconds at Wed Jul 10 03:09:35 UTC 2019
11 ms. Memory: 45056K Free: 23651K (52%)
ptolemy.util.test.WatchDog.cancel(): canceling Wed Jul 10 03:09:35 UTC 2019
auto.tcl: Setting watchdog for 200 seconds at Wed Jul 10 03:09:35 UTC 2019
8 ms. Memory: 45056K Free: 21154K (47%)
ptolemy.util.test.WatchDog.cancel(): canceling Wed Jul 10 03:09:35 UTC 2019
------------------ testing $PTII/ptolemy/domains/de/test/auto/ResetTransitionWithStartTime4.xml
auto.tcl: Setting watchdog for 200 seconds at Wed Jul 10 03:09:35 UTC 2019
16 ms. Memory: 45056K Free: 24179K (54%)
ptolemy.util.test.WatchDog.cancel(): canceling Wed Jul 10 03:09:35 UTC 2019
auto.tcl: Setting watchdog for 200 seconds at Wed Jul 10 03:09:35 UTC 2019
5 ms. Memory: 45056K Free: 22778K (51%)
ptolemy.util.test.WatchDog.cancel(): canceling Wed Jul 10 03:09:35 UTC 2019
------------------ testing $PTII/ptolemy/domains/de/test/auto/ResettableTimer1.xml
auto.tcl: Setting watchdog for 200 seconds at Wed Jul 10 03:09:35 UTC 2019
2 ms. Memory: 45056K Free: 27920K (62%)
ptolemy.util.test.WatchDog.cancel(): canceling Wed Jul 10 03:09:35 UTC 2019
auto.tcl: Setting watchdog for 200 seconds at Wed Jul 10 03:09:35 UTC 2019
3 ms. Memory: 45056K Free: 26860K (60%)
ptolemy.util.test.WatchDog.cancel(): canceling Wed Jul 10 03:09:35 UTC 2019
------------------ testing $PTII/ptolemy/domains/de/test/auto/ResettableTimer2.xml
auto.tcl: Setting watchdog for 200 seconds at Wed Jul 10 03:09:35 UTC 2019
4 ms. Memory: 45056K Free: 27815K (62%)
ptolemy.util.test.WatchDog.cancel(): canceling Wed Jul 10 03:09:35 UTC 2019
auto.tcl: Setting watchdog for 200 seconds at Wed Jul 10 03:09:35 UTC 2019
3 ms. Memory: 45056K Free: 26880K (60%)
ptolemy.util.test.WatchDog.cancel(): canceling Wed Jul 10 03:09:35 UTC 2019
------------------ testing $PTII/ptolemy/domains/de/test/auto/ResettableTimer3.xml
auto.tcl: Setting watchdog for 200 seconds at Wed Jul 10 03:09:35 UTC 2019
1 ms. Memory: 45056K Free: 28314K (63%)
ptolemy.util.test.WatchDog.cancel(): canceling Wed Jul 10 03:09:35 UTC 2019
auto.tcl: Setting watchdog for 200 seconds at Wed Jul 10 03:09:35 UTC 2019
1 ms. Memory: 45056K Free: 27783K (62%)
ptolemy.util.test.WatchDog.cancel(): canceling Wed Jul 10 03:09:35 UTC 2019
------------------ testing $PTII/ptolemy/domains/de/test/auto/ResettableTimer4.xml
auto.tcl: Setting watchdog for 200 seconds at Wed Jul 10 03:09:35 UTC 2019
2 ms. Memory: 45056K Free: 28327K (63%)
ptolemy.util.test.WatchDog.cancel(): canceling Wed Jul 10 03:09:35 UTC 2019
auto.tcl: Setting watchdog for 200 seconds at Wed Jul 10 03:09:35 UTC 2019
1 ms. Memory: 45056K Free: 27796K (62%)
ptolemy.util.test.WatchDog.cancel(): canceling Wed Jul 10 03:09:35 UTC 2019
------------------ testing $PTII/ptolemy/domains/de/test/auto/ResettableTimer5.xml
auto.tcl: Setting watchdog for 200 seconds at Wed Jul 10 03:09:35 UTC 2019
2 ms. Memory: 45056K Free: 27287K (61%)
ptolemy.util.test.WatchDog.cancel(): canceling Wed Jul 10 03:09:35 UTC 2019
auto.tcl: Setting watchdog for 200 seconds at Wed Jul 10 03:09:35 UTC 2019
2 ms. Memory: 45056K Free: 26856K (60%)
ptolemy.util.test.WatchDog.cancel(): canceling Wed Jul 10 03:09:35 UTC 2019
------------------ testing $PTII/ptolemy/domains/de/test/auto/ResettableTimer6.xml
auto.tcl: Setting watchdog for 200 seconds at Wed Jul 10 03:09:35 UTC 2019
1 ms. Memory: 45056K Free: 27292K (61%)
ptolemy.util.test.WatchDog.cancel(): canceling Wed Jul 10 03:09:35 UTC 2019
auto.tcl: Setting watchdog for 200 seconds at Wed Jul 10 03:09:35 UTC 2019
1 ms. Memory: 45056K Free: 26845K (60%)
ptolemy.util.test.WatchDog.cancel(): canceling Wed Jul 10 03:09:35 UTC 2019
------------------ testing $PTII/ptolemy/domains/de/test/auto/ServerZeroDelay.xml
auto.tcl: Setting watchdog for 200 seconds at Wed Jul 10 03:09:35 UTC 2019
5 ms. Memory: 45056K Free: 27816K (62%)
ptolemy.util.test.WatchDog.cancel(): canceling Wed Jul 10 03:09:35 UTC 2019
auto.tcl: Setting watchdog for 200 seconds at Wed Jul 10 03:09:35 UTC 2019
3 ms. Memory: 45056K Free: 26922K (60%)
ptolemy.util.test.WatchDog.cancel(): canceling Wed Jul 10 03:09:35 UTC 2019
------------------ testing $PTII/ptolemy/domains/de/test/auto/SmartSender.xml
auto.tcl: Setting watchdog for 200 seconds at Wed Jul 10 03:09:35 UTC 2019
3002 ms. Memory: 45056K Free: 27771K (62%)
ptolemy.util.test.WatchDog.cancel(): canceling Wed Jul 10 03:09:38 UTC 2019
auto.tcl: Setting watchdog for 200 seconds at Wed Jul 10 03:09:38 UTC 2019
3002 ms. Memory: 45056K Free: 27340K (61%)
ptolemy.util.test.WatchDog.cancel(): canceling Wed Jul 10 03:09:41 UTC 2019
------------------ testing $PTII/ptolemy/domains/de/test/auto/ThreadedComposite.xml
auto.tcl: Setting watchdog for 200 seconds at Wed Jul 10 03:09:41 UTC 2019
233 ms. Memory: 45056K Free: 8368K (19%)
ptolemy.util.test.WatchDog.cancel(): canceling Wed Jul 10 03:09:42 UTC 2019
auto.tcl: Setting watchdog for 200 seconds at Wed Jul 10 03:09:42 UTC 2019
214 ms. Memory: 45056K Free: 16115K (36%)
ptolemy.util.test.WatchDog.cancel(): canceling Wed Jul 10 03:09:42 UTC 2019
------------------ testing $PTII/ptolemy/domains/de/test/auto/Time.xml
auto.tcl: Setting watchdog for 200 seconds at Wed Jul 10 03:09:42 UTC 2019
559 ms. Memory: 45056K Free: 18408K (41%)
ptolemy.util.test.WatchDog.cancel(): canceling Wed Jul 10 03:09:43 UTC 2019
auto.tcl: Setting watchdog for 200 seconds at Wed Jul 10 03:09:43 UTC 2019
532 ms. Memory: 45056K Free: 9344K (21%)
ptolemy.util.test.WatchDog.cancel(): canceling Wed Jul 10 03:09:43 UTC 2019
------------------ testing $PTII/ptolemy/domains/de/test/auto/TimeDelayZeroDelay.xml
auto.tcl: Setting watchdog for 200 seconds at Wed Jul 10 03:09:43 UTC 2019
2 ms. Memory: 45056K Free: 28201K (63%)
ptolemy.util.test.WatchDog.cancel(): canceling Wed Jul 10 03:09:43 UTC 2019
auto.tcl: Setting watchdog for 200 seconds at Wed Jul 10 03:09:43 UTC 2019
2 ms. Memory: 45056K Free: 27298K (61%)
ptolemy.util.test.WatchDog.cancel(): canceling Wed Jul 10 03:09:43 UTC 2019
------------------ testing $PTII/ptolemy/domains/de/test/auto/TimerZeroDelay.xml
auto.tcl: Setting watchdog for 200 seconds at Wed Jul 10 03:09:43 UTC 2019
2 ms. Memory: 45056K Free: 28228K (63%)
ptolemy.util.test.WatchDog.cancel(): canceling Wed Jul 10 03:09:43 UTC 2019
auto.tcl: Setting watchdog for 200 seconds at Wed Jul 10 03:09:43 UTC 2019
2 ms. Memory: 45056K Free: 27370K (61%)
ptolemy.util.test.WatchDog.cancel(): canceling Wed Jul 10 03:09:43 UTC 2019
------------------ testing $PTII/ptolemy/domains/de/test/auto/TimingParadox.xml
auto.tcl: Setting watchdog for 200 seconds at Wed Jul 10 03:09:43 UTC 2019
343 ms. Memory: 54272K Free: 35975K (66%)
ptolemy.util.test.WatchDog.cancel(): canceling Wed Jul 10 03:09:44 UTC 2019
auto.tcl: Setting watchdog for 200 seconds at Wed Jul 10 03:09:44 UTC 2019
330 ms. Memory: 54272K Free: 28103K (52%)
ptolemy.util.test.WatchDog.cancel(): canceling Wed Jul 10 03:09:44 UTC 2019
------------------ testing $PTII/ptolemy/domains/de/test/auto/TransferInputs.xml
auto.tcl: Setting watchdog for 200 seconds at Wed Jul 10 03:09:44 UTC 2019
2 ms. Memory: 51200K Free: 32337K (63%)
ptolemy.util.test.WatchDog.cancel(): canceling Wed Jul 10 03:09:44 UTC 2019
auto.tcl: Setting watchdog for 200 seconds at Wed Jul 10 03:09:44 UTC 2019
1 ms. Memory: 51200K Free: 31390K (61%)
ptolemy.util.test.WatchDog.cancel(): canceling Wed Jul 10 03:09:44 UTC 2019
------------------ testing $PTII/ptolemy/domains/de/test/auto/TransferOutputs2.xml
auto.tcl: Setting watchdog for 200 seconds at Wed Jul 10 03:09:44 UTC 2019
3 ms. Memory: 48128K Free: 26724K (56%)
ptolemy.util.test.WatchDog.cancel(): canceling Wed Jul 10 03:09:44 UTC 2019
auto.tcl: Setting watchdog for 200 seconds at Wed Jul 10 03:09:44 UTC 2019
3 ms. Memory: 48128K Free: 25264K (52%)
ptolemy.util.test.WatchDog.cancel(): canceling Wed Jul 10 03:09:44 UTC 2019
------------------ testing $PTII/ptolemy/domains/de/test/auto/Trilateration.xml
auto.tcl: Setting watchdog for 200 seconds at Wed Jul 10 03:09:44 UTC 2019
15633 ms. Memory: 587776K Free: 483087K (82%)
ptolemy.util.test.WatchDog.cancel(): canceling Wed Jul 10 03:10:01 UTC 2019
auto.tcl: Setting watchdog for 200 seconds at Wed Jul 10 03:10:01 UTC 2019
11465 ms. Memory: 587776K Free: 293531K (50%)
ptolemy.util.test.WatchDog.cancel(): canceling Wed Jul 10 03:10:13 UTC 2019
------------------ testing $PTII/ptolemy/domains/de/test/auto/TwoSigmaDelta.xml
auto.tcl: Setting watchdog for 200 seconds at Wed Jul 10 03:10:13 UTC 2019
2819 ms. Memory: 89088K Free: 14613K (16%)
ptolemy.util.test.WatchDog.cancel(): canceling Wed Jul 10 03:10:16 UTC 2019
auto.tcl: Setting watchdog for 200 seconds at Wed Jul 10 03:10:16 UTC 2019
2149 ms. Memory: 89088K Free: 59693K (67%)
ptolemy.util.test.WatchDog.cancel(): canceling Wed Jul 10 03:10:18 UTC 2019
------------------ testing $PTII/ptolemy/domains/de/test/auto/VariableDelay.xml
auto.tcl: Setting watchdog for 200 seconds at Wed Jul 10 03:10:18 UTC 2019
3 ms. Memory: 51200K Free: 32835K (64%)
ptolemy.util.test.WatchDog.cancel(): canceling Wed Jul 10 03:10:18 UTC 2019
auto.tcl: Setting watchdog for 200 seconds at Wed Jul 10 03:10:18 UTC 2019
1 ms. Memory: 51200K Free: 31811K (62%)
ptolemy.util.test.WatchDog.cancel(): canceling Wed Jul 10 03:10:18 UTC 2019
------------------ testing $PTII/ptolemy/domains/de/test/auto/VariableDelay2.xml
auto.tcl: Setting watchdog for 200 seconds at Wed Jul 10 03:10:18 UTC 2019
3 ms. Memory: 48128K Free: 30192K (63%)
ptolemy.util.test.WatchDog.cancel(): canceling Wed Jul 10 03:10:18 UTC 2019
auto.tcl: Setting watchdog for 200 seconds at Wed Jul 10 03:10:18 UTC 2019
4 ms. Memory: 48128K Free: 29189K (61%)
ptolemy.util.test.WatchDog.cancel(): canceling Wed Jul 10 03:10:18 UTC 2019
------------------ testing $PTII/ptolemy/domains/de/test/auto/VariableDelayZeroDelay.xml
auto.tcl: Setting watchdog for 200 seconds at Wed Jul 10 03:10:18 UTC 2019
2 ms. Memory: 48128K Free: 30705K (64%)
ptolemy.util.test.WatchDog.cancel(): canceling Wed Jul 10 03:10:18 UTC 2019
auto.tcl: Setting watchdog for 200 seconds at Wed Jul 10 03:10:18 UTC 2019
2 ms. Memory: 48128K Free: 30204K (63%)
ptolemy.util.test.WatchDog.cancel(): canceling Wed Jul 10 03:10:18 UTC 2019
------------------ testing $PTII/ptolemy/domains/de/test/auto/VariableDelayZeroDelay2.xml
auto.tcl: Setting watchdog for 200 seconds at Wed Jul 10 03:10:18 UTC 2019
2 ms. Memory: 48128K Free: 30704K (64%)
ptolemy.util.test.WatchDog.cancel(): canceling Wed Jul 10 03:10:18 UTC 2019
auto.tcl: Setting watchdog for 200 seconds at Wed Jul 10 03:10:18 UTC 2019
2 ms. Memory: 48128K Free: 29747K (62%)
ptolemy.util.test.WatchDog.cancel(): canceling Wed Jul 10 03:10:18 UTC 2019
------------------ testing $PTII/ptolemy/domains/de/test/auto/deInCt.xml
auto.tcl: Setting watchdog for 200 seconds at Wed Jul 10 03:10:18 UTC 2019
0
1
1
0
0
0
1
1
1
1
0
0
0
0
0
1
1
1
1
1
0
0
0
1
1
1
1
0
0
0
0
9 ms. Memory: 48128K Free: 29677K (62%)
ptolemy.util.test.WatchDog.cancel(): canceling Wed Jul 10 03:10:18 UTC 2019
auto.tcl: Setting watchdog for 200 seconds at Wed Jul 10 03:10:18 UTC 2019
0
1
1
1
0
0
0
1
1
1
0
0
0
0
1
1
1
1
0
0
0
1
1
1
0
0
0
1
1
1
0
0
0
1
1
1
1
1
12 ms. Memory: 48128K Free: 28160K (59%)
ptolemy.util.test.WatchDog.cancel(): canceling Wed Jul 10 03:10:18 UTC 2019
------------------ testing $PTII/ptolemy/domains/de/test/auto/deInCt2.xml
auto.tcl: Setting watchdog for 200 seconds at Wed Jul 10 03:10:18 UTC 2019
0
1
1
1
0
0
1
1
1
0
0
1
1
1
0
0
1
1
1
0
0
1
1
1
0
0
1
1
1
0
0
1
1
1
0
0
1
1
1
0
0
0
8 ms. Memory: 48128K Free: 29680K (62%)
ptolemy.util.test.WatchDog.cancel(): canceling Wed Jul 10 03:10:18 UTC 2019
auto.tcl: Setting watchdog for 200 seconds at Wed Jul 10 03:10:18 UTC 2019
0
1
1
1
0
0
1
1
1
0
0
1
1
1
0
0
1
1
1
0
0
1
1
1
0
0
1
1
1
0
0
1
1
1
0
0
1
1
1
0
0
0
6 ms. Memory: 48128K Free: 28146K (58%)
ptolemy.util.test.WatchDog.cancel(): canceling Wed Jul 10 03:10:18 UTC 2019
------------------ testing $PTII/ptolemy/domains/de/test/auto/dynamicCausalityInterface1.xml
auto.tcl: Setting watchdog for 200 seconds at Wed Jul 10 03:10:18 UTC 2019
1 ms. Memory: 48128K Free: 25578K (53%)
ptolemy.util.test.WatchDog.cancel(): canceling Wed Jul 10 03:10:18 UTC 2019
auto.tcl: Setting watchdog for 200 seconds at Wed Jul 10 03:10:18 UTC 2019
1 ms. Memory: 48128K Free: 25099K (52%)
ptolemy.util.test.WatchDog.cancel(): canceling Wed Jul 10 03:10:18 UTC 2019
------------------ testing $PTII/ptolemy/domains/de/test/auto/fsm_de_test.xml
auto.tcl: Setting watchdog for 200 seconds at Wed Jul 10 03:10:18 UTC 2019
10 ms. Memory: 48128K Free: 25476K (53%)
ptolemy.util.test.WatchDog.cancel(): canceling Wed Jul 10 03:10:18 UTC 2019
auto.tcl: Setting watchdog for 200 seconds at Wed Jul 10 03:10:18 UTC 2019
8 ms. Memory: 48128K Free: 23474K (49%)
ptolemy.util.test.WatchDog.cancel(): canceling Wed Jul 10 03:10:18 UTC 2019
------------------ testing $PTII/ptolemy/domains/de/test/auto/functionDependencyReconstruction.xml
auto.tcl: Setting watchdog for 200 seconds at Wed Jul 10 03:10:18 UTC 2019
3 ms. Memory: 48128K Free: 19322K (40%)
ptolemy.util.test.WatchDog.cancel(): canceling Wed Jul 10 03:10:19 UTC 2019
auto.tcl: Setting watchdog for 200 seconds at Wed Jul 10 03:10:19 UTC 2019
3 ms. Memory: 48128K Free: 17328K (36%)
ptolemy.util.test.WatchDog.cancel(): canceling Wed Jul 10 03:10:19 UTC 2019
------------------ testing $PTII/ptolemy/domains/de/test/auto/multirate.xml
auto.tcl: Setting watchdog for 200 seconds at Wed Jul 10 03:10:19 UTC 2019
4 ms. Memory: 48128K Free: 28128K (58%)
ptolemy.util.test.WatchDog.cancel(): canceling Wed Jul 10 03:10:19 UTC 2019
auto.tcl: Setting watchdog for 200 seconds at Wed Jul 10 03:10:19 UTC 2019
4 ms. Memory: 48128K Free: 26416K (55%)
ptolemy.util.test.WatchDog.cancel(): canceling Wed Jul 10 03:10:19 UTC 2019
------------------ testing $PTII/ptolemy/domains/de/test/auto/multirate2.xml
auto.tcl: Setting watchdog for 200 seconds at Wed Jul 10 03:10:19 UTC 2019
3 ms. Memory: 48128K Free: 28323K (59%)
ptolemy.util.test.WatchDog.cancel(): canceling Wed Jul 10 03:10:19 UTC 2019
auto.tcl: Setting watchdog for 200 seconds at Wed Jul 10 03:10:19 UTC 2019
3 ms. Memory: 48128K Free: 27063K (56%)
ptolemy.util.test.WatchDog.cancel(): canceling Wed Jul 10 03:10:19 UTC 2019
------------------ testing $PTII/ptolemy/domains/de/test/auto/realtime.xml
auto.tcl: Setting watchdog for 200 seconds at Wed Jul 10 03:10:19 UTC 2019
10001 ms. Memory: 48128K Free: 30331K (63%)
ptolemy.util.test.WatchDog.cancel(): canceling Wed Jul 10 03:10:29 UTC 2019
auto.tcl: Setting watchdog for 200 seconds at Wed Jul 10 03:10:29 UTC 2019
10002 ms. Memory: 48128K Free: 29624K (62%)
ptolemy.util.test.WatchDog.cancel(): canceling Wed Jul 10 03:10:39 UTC 2019
------------------ testing $PTII/ptolemy/domains/de/test/auto/relationGroup.xml
auto.tcl: Setting watchdog for 200 seconds at Wed Jul 10 03:10:39 UTC 2019
2 ms. Memory: 48128K Free: 31420K (65%)
ptolemy.util.test.WatchDog.cancel(): canceling Wed Jul 10 03:10:39 UTC 2019
auto.tcl: Setting watchdog for 200 seconds at Wed Jul 10 03:10:39 UTC 2019
2 ms. Memory: 48128K Free: 30674K (64%)
ptolemy.util.test.WatchDog.cancel(): canceling Wed Jul 10 03:10:39 UTC 2019
------------------ testing $PTII/ptolemy/domains/de/test/auto/relationGroup2.xml
auto.tcl: Setting watchdog for 200 seconds at Wed Jul 10 03:10:39 UTC 2019
1 ms. Memory: 48128K Free: 31416K (65%)
ptolemy.util.test.WatchDog.cancel(): canceling Wed Jul 10 03:10:39 UTC 2019
auto.tcl: Setting watchdog for 200 seconds at Wed Jul 10 03:10:39 UTC 2019
1 ms. Memory: 48128K Free: 30700K (64%)
ptolemy.util.test.WatchDog.cancel(): canceling Wed Jul 10 03:10:39 UTC 2019
------------------ testing $PTII/ptolemy/domains/de/test/auto/sortWithOpaquePorts.xml
auto.tcl: Setting watchdog for 200 seconds at Wed Jul 10 03:10:39 UTC 2019
2 ms. Memory: 48128K Free: 30204K (63%)
ptolemy.util.test.WatchDog.cancel(): canceling Wed Jul 10 03:10:39 UTC 2019
auto.tcl: Setting watchdog for 200 seconds at Wed Jul 10 03:10:39 UTC 2019
2 ms. Memory: 48128K Free: 29217K (61%)
ptolemy.util.test.WatchDog.cancel(): canceling Wed Jul 10 03:10:39 UTC 2019
------------------ testing $PTII/ptolemy/domains/de/test/auto/transferInputsandOutputs.xml
auto.tcl: Setting watchdog for 200 seconds at Wed Jul 10 03:10:39 UTC 2019
3 ms. Memory: 48128K Free: 27646K (57%)
ptolemy.util.test.WatchDog.cancel(): canceling Wed Jul 10 03:10:39 UTC 2019
auto.tcl: Setting watchdog for 200 seconds at Wed Jul 10 03:10:39 UTC 2019
3 ms. Memory: 48128K Free: 26674K (55%)
ptolemy.util.test.WatchDog.cancel(): canceling Wed Jul 10 03:10:39 UTC 2019
------------------ testing $PTII/ptolemy/domains/de/test/auto/triggerType.xml
auto.tcl: Setting watchdog for 200 seconds at Wed Jul 10 03:10:39 UTC 2019
1 ms. Memory: 48128K Free: 30671K (64%)
ptolemy.util.test.WatchDog.cancel(): canceling Wed Jul 10 03:10:39 UTC 2019
auto.tcl: Setting watchdog for 200 seconds at Wed Jul 10 03:10:39 UTC 2019
2 ms. Memory: 48128K Free: 29683K (62%)
ptolemy.util.test.WatchDog.cancel(): canceling Wed Jul 10 03:10:39 UTC 2019
07/10/19 03:10:39
Failed: 0  Total Tests: 192  ((Passed: 187, Newly Passed: 1)  Known Failed: 5) /home/travis/build/icyphy/ptII/ptolemy/domains/de/test
07/10/19 03:10:39
Failed: 0  Total Tests: 192  ((Passed: 187, Newly Passed: 1)  Known Failed: 5) /home/travis/build/icyphy/ptII/ptolemy/domains/de/test
----------------- testing (KnownFailure) /home/travis/build/icyphy/ptII/ptolemy/domains/de/test/auto/knownFailedTests/DESDFClockTest.xml
2013 ms. Memory: 48128K Free: 24066K (50%)
Known Failure: java.lang.reflect.InvocationTargetException
----------------- testing (KnownFailure) /home/travis/build/icyphy/ptII/ptolemy/domains/de/test/auto/knownFailedTests/DirectFeedback.xml
2 ms. Memory: 48128K Free: 20484K (43%)
Known Failure: java.lang.reflect.InvocationTargetException
----------------- testing (KnownFailure) /home/travis/build/icyphy/ptII/ptolemy/domains/de/test/auto/knownFailedTests/FSMSource.xml
14 ms. Memory: 48128K Free: 13316K (28%)
----------------- testing (KnownFailure) /home/travis/build/icyphy/ptII/ptolemy/domains/de/test/auto/knownFailedTests/HierarchicalModel.xml
3 ms. Memory: 48128K Free: 24547K (51%)
Known Failure: java.lang.reflect.InvocationTargetException
----------------- testing (KnownFailure) /home/travis/build/icyphy/ptII/ptolemy/domains/de/test/auto/knownFailedTests/dependencyLoop.xml
2 ms. Memory: 48128K Free: 9526K (20%)
Known Failure: java.lang.reflect.InvocationTargetException
----------------- testing (KnownFailure) /home/travis/build/icyphy/ptII/ptolemy/domains/de/test/auto/knownFailedTests/dependencyLoop2.xml
6 ms. Memory: 48128K Free: 21306K (44%)
Known Failure: java.lang.reflect.InvocationTargetException
No auto/linux-amd64/*.xml tests in /home/travis/build/icyphy/ptII/ptolemy/domains/de/test
AutoTests.java: About to close Vertx.
AutoTests.java: Vertx closed.

===========================================================================================
----------------- testing Wed Jul 10 03:10:41 UTC 2019 /home/travis/build/icyphy/ptII/ptolemy/domains/de/test/auto/ActorDepthCalculation_actorWithoutPorts.xml
----------------- Instantiating /home/travis/build/icyphy/ptII/ptolemy/domains/de/test/auto/ActorDepthCalculation_actorWithoutPorts.xml
2 ms. Memory: 48128K Free: 14742K (31%)
----------------- Invoking toplevel() on ptolemy.moml.MoMLSimpleApplication@33ac69bd
----------------- Done invoking toplevel() on ptolemy.moml.MoMLSimpleApplication@33ac69bd
reloadAllAccessors: .ActorDepthCalculation_actorWithoutPorts

===========================================================================================
----------------- testing Wed Jul 10 03:10:42 UTC 2019 /home/travis/build/icyphy/ptII/ptolemy/domains/de/test/auto/AssemblyLine.xml
----------------- Instantiating /home/travis/build/icyphy/ptII/ptolemy/domains/de/test/auto/AssemblyLine.xml
7 ms. Memory: 48128K Free: 33974K (71%)
----------------- Invoking toplevel() on ptolemy.moml.MoMLSimpleApplication@151de4f2
----------------- Done invoking toplevel() on ptolemy.moml.MoMLSimpleApplication@151de4f2
reloadAllAccessors: .AssemblyLine

===========================================================================================
----------------- testing Wed Jul 10 03:10:42 UTC 2019 /home/travis/build/icyphy/ptII/ptolemy/domains/de/test/auto/CQBug1.xml
----------------- Instantiating /home/travis/build/icyphy/ptII/ptolemy/domains/de/test/auto/CQBug1.xml
3 ms. Memory: 48128K Free: 30741K (64%)
----------------- Invoking toplevel() on ptolemy.moml.MoMLSimpleApplication@a45be85
----------------- Done invoking toplevel() on ptolemy.moml.MoMLSimpleApplication@a45be85
reloadAllAccessors: .CQBug1

===========================================================================================
----------------- testing Wed Jul 10 03:10:42 UTC 2019 /home/travis/build/icyphy/ptII/ptolemy/domains/de/test/auto/CancelFireAt.xml
----------------- Instantiating /home/travis/build/icyphy/ptII/ptolemy/domains/de/test/auto/CancelFireAt.xml
0 ms. Memory: 48128K Free: 28605K (59%)
----------------- Invoking toplevel() on ptolemy.moml.MoMLSimpleApplication@24838f5c
----------------- Done invoking toplevel() on ptolemy.moml.MoMLSimpleApplication@24838f5c
reloadAllAccessors: .CancelFireAt

===========================================================================================
----------------- testing Wed Jul 10 03:10:42 UTC 2019 /home/travis/build/icyphy/ptII/ptolemy/domains/de/test/auto/CausalityAndComposabilityAnalysis.xml
----------------- Instantiating /home/travis/build/icyphy/ptII/ptolemy/domains/de/test/auto/CausalityAndComposabilityAnalysis.xml
2 ms. Memory: 48128K Free: 24371K (51%)
----------------- Invoking toplevel() on ptolemy.moml.MoMLSimpleApplication@5f26ff4d
----------------- Done invoking toplevel() on ptolemy.moml.MoMLSimpleApplication@5f26ff4d
reloadAllAccessors: .CausalityAndComposabilityAnalysis

===========================================================================================
----------------- testing Wed Jul 10 03:10:42 UTC 2019 /home/travis/build/icyphy/ptII/ptolemy/domains/de/test/auto/CausalityInterface1.xml
----------------- Instantiating /home/travis/build/icyphy/ptII/ptolemy/domains/de/test/auto/CausalityInterface1.xml
13 ms. Memory: 48128K Free: 19485K (40%)
----------------- Invoking toplevel() on ptolemy.moml.MoMLSimpleApplication@eb9854d
----------------- Done invoking toplevel() on ptolemy.moml.MoMLSimpleApplication@eb9854d
reloadAllAccessors: .CausalityInterface1

===========================================================================================
----------------- testing Wed Jul 10 03:10:42 UTC 2019 /home/travis/build/icyphy/ptII/ptolemy/domains/de/test/auto/CausalityInterface15.xml
----------------- Instantiating /home/travis/build/icyphy/ptII/ptolemy/domains/de/test/auto/CausalityInterface15.xml
2 ms. Memory: 48128K Free: 14212K (30%)
----------------- Invoking toplevel() on ptolemy.moml.MoMLSimpleApplication@49a641b9
----------------- Done invoking toplevel() on ptolemy.moml.MoMLSimpleApplication@49a641b9
reloadAllAccessors: .CausalityInterface15

===========================================================================================
----------------- testing Wed Jul 10 03:10:42 UTC 2019 /home/travis/build/icyphy/ptII/ptolemy/domains/de/test/auto/CausalityInterface2.xml
----------------- Instantiating /home/travis/build/icyphy/ptII/ptolemy/domains/de/test/auto/CausalityInterface2.xml
1 ms. Memory: 48128K Free: 9600K (20%)
----------------- Invoking toplevel() on ptolemy.moml.MoMLSimpleApplication@7d611983
----------------- Done invoking toplevel() on ptolemy.moml.MoMLSimpleApplication@7d611983
reloadAllAccessors: .CausalityInterface2

===========================================================================================
----------------- testing Wed Jul 10 03:10:42 UTC 2019 /home/travis/build/icyphy/ptII/ptolemy/domains/de/test/auto/CausalityInterface3.xml
----------------- Instantiating /home/travis/build/icyphy/ptII/ptolemy/domains/de/test/auto/CausalityInterface3.xml
2 ms. Memory: 48128K Free: 31220K (65%)
----------------- Invoking toplevel() on ptolemy.moml.MoMLSimpleApplication@75225c2f
----------------- Done invoking toplevel() on ptolemy.moml.MoMLSimpleApplication@75225c2f
reloadAllAccessors: .CausalityInterface3

===========================================================================================
----------------- testing Wed Jul 10 03:10:42 UTC 2019 /home/travis/build/icyphy/ptII/ptolemy/domains/de/test/auto/ClockDrift.xml
----------------- Instantiating /home/travis/build/icyphy/ptII/ptolemy/domains/de/test/auto/ClockDrift.xml
14 ms. Memory: 48128K Free: 19424K (40%)
----------------- Invoking toplevel() on ptolemy.moml.MoMLSimpleApplication@6550f35c
----------------- Done invoking toplevel() on ptolemy.moml.MoMLSimpleApplication@6550f35c
reloadAllAccessors: .ClockDrift

===========================================================================================
----------------- testing Wed Jul 10 03:10:42 UTC 2019 /home/travis/build/icyphy/ptII/ptolemy/domains/de/test/auto/ClockDriftAndValueChange.xml
----------------- Instantiating /home/travis/build/icyphy/ptII/ptolemy/domains/de/test/auto/ClockDriftAndValueChange.xml
12 ms. Memory: 48128K Free: 7912K (16%)
----------------- Invoking toplevel() on ptolemy.moml.MoMLSimpleApplication@1f5a9523
----------------- Done invoking toplevel() on ptolemy.moml.MoMLSimpleApplication@1f5a9523
reloadAllAccessors: .ClockDriftAndValueChange

===========================================================================================
----------------- testing Wed Jul 10 03:10:42 UTC 2019 /home/travis/build/icyphy/ptII/ptolemy/domains/de/test/auto/ClockDriftChange.xml
----------------- Instantiating /home/travis/build/icyphy/ptII/ptolemy/domains/de/test/auto/ClockDriftChange.xml
12 ms. Memory: 48128K Free: 24681K (51%)
----------------- Invoking toplevel() on ptolemy.moml.MoMLSimpleApplication@3f5a6686
----------------- Done invoking toplevel() on ptolemy.moml.MoMLSimpleApplication@3f5a6686
reloadAllAccessors: .ClockDriftChange

===========================================================================================
----------------- testing Wed Jul 10 03:10:42 UTC 2019 /home/travis/build/icyphy/ptII/ptolemy/domains/de/test/auto/ComposableCausalityAnalysis.xml
----------------- Instantiating /home/travis/build/icyphy/ptII/ptolemy/domains/de/test/auto/ComposableCausalityAnalysis.xml
1 ms. Memory: 48128K Free: 18862K (39%)
----------------- Invoking toplevel() on ptolemy.moml.MoMLSimpleApplication@30864aaf
----------------- Done invoking toplevel() on ptolemy.moml.MoMLSimpleApplication@30864aaf
reloadAllAccessors: .ComposableCausalityAnalysis

===========================================================================================
----------------- testing Wed Jul 10 03:10:42 UTC 2019 /home/travis/build/icyphy/ptII/ptolemy/domains/de/test/auto/DEFixedPointLimitation.xml
----------------- Instantiating /home/travis/build/icyphy/ptII/ptolemy/domains/de/test/auto/DEFixedPointLimitation.xml
1 ms. Memory: 48128K Free: 14379K (30%)
----------------- Invoking toplevel() on ptolemy.moml.MoMLSimpleApplication@513ed536
----------------- Done invoking toplevel() on ptolemy.moml.MoMLSimpleApplication@513ed536
reloadAllAccessors: .DEFixedPointLimitation

===========================================================================================
----------------- testing Wed Jul 10 03:10:42 UTC 2019 /home/travis/build/icyphy/ptII/ptolemy/domains/de/test/auto/DEScheduleTest.xml
----------------- Instantiating /home/travis/build/icyphy/ptII/ptolemy/domains/de/test/auto/DEScheduleTest.xml
2 ms. Memory: 48128K Free: 10074K (21%)
----------------- Invoking toplevel() on ptolemy.moml.MoMLSimpleApplication@57ef793f
----------------- Done invoking toplevel() on ptolemy.moml.MoMLSimpleApplication@57ef793f
reloadAllAccessors: .DEScheduleTest

===========================================================================================
----------------- testing Wed Jul 10 03:10:42 UTC 2019 /home/travis/build/icyphy/ptII/ptolemy/domains/de/test/auto/DEinDEwithStartTimes.xml
----------------- Instantiating /home/travis/build/icyphy/ptII/ptolemy/domains/de/test/auto/DEinDEwithStartTimes.xml
2 ms. Memory: 48128K Free: 30810K (64%)
----------------- Invoking toplevel() on ptolemy.moml.MoMLSimpleApplication@43a9ecd6
----------------- Done invoking toplevel() on ptolemy.moml.MoMLSimpleApplication@43a9ecd6
reloadAllAccessors: .DEinDEwithStartTimes

===========================================================================================
----------------- testing Wed Jul 10 03:10:42 UTC 2019 /home/travis/build/icyphy/ptII/ptolemy/domains/de/test/auto/DEinDEwithStartTimes2.xml
----------------- Instantiating /home/travis/build/icyphy/ptII/ptolemy/domains/de/test/auto/DEinDEwithStartTimes2.xml
3 ms. Memory: 48128K Free: 24341K (51%)
----------------- Invoking toplevel() on ptolemy.moml.MoMLSimpleApplication@60cedd09
----------------- Done invoking toplevel() on ptolemy.moml.MoMLSimpleApplication@60cedd09
reloadAllAccessors: .DEinDEwithStartTimes2

===========================================================================================
----------------- testing Wed Jul 10 03:10:42 UTC 2019 /home/travis/build/icyphy/ptII/ptolemy/domains/de/test/auto/DateDemo.xml
----------------- Instantiating /home/travis/build/icyphy/ptII/ptolemy/domains/de/test/auto/DateDemo.xml
10 ms. Memory: 48128K Free: 13271K (28%)
----------------- Invoking toplevel() on ptolemy.moml.MoMLSimpleApplication@133a286f
----------------- Done invoking toplevel() on ptolemy.moml.MoMLSimpleApplication@133a286f
reloadAllAccessors: .DateDemo

===========================================================================================
----------------- testing Wed Jul 10 03:10:42 UTC 2019 /home/travis/build/icyphy/ptII/ptolemy/domains/de/test/auto/DateToEvent.xml
----------------- Instantiating /home/travis/build/icyphy/ptII/ptolemy/domains/de/test/auto/DateToEvent.xml
2005 ms. Memory: 48128K Free: 23100K (48%)
----------------- Invoking toplevel() on ptolemy.moml.MoMLSimpleApplication@2229e3fe
----------------- Done invoking toplevel() on ptolemy.moml.MoMLSimpleApplication@2229e3fe
reloadAllAccessors: .DateToEvent

===========================================================================================
----------------- testing Wed Jul 10 03:10:44 UTC 2019 /home/travis/build/icyphy/ptII/ptolemy/domains/de/test/auto/DepthTest1.xml
----------------- Instantiating /home/travis/build/icyphy/ptII/ptolemy/domains/de/test/auto/DepthTest1.xml
1 ms. Memory: 48128K Free: 20142K (42%)
----------------- Invoking toplevel() on ptolemy.moml.MoMLSimpleApplication@541b21dc
----------------- Done invoking toplevel() on ptolemy.moml.MoMLSimpleApplication@541b21dc
reloadAllAccessors: .DepthTest1

===========================================================================================
----------------- testing Wed Jul 10 03:10:44 UTC 2019 /home/travis/build/icyphy/ptII/ptolemy/domains/de/test/auto/DepthTest2.xml
----------------- Instantiating /home/travis/build/icyphy/ptII/ptolemy/domains/de/test/auto/DepthTest2.xml
1 ms. Memory: 48128K Free: 13649K (28%)
----------------- Invoking toplevel() on ptolemy.moml.MoMLSimpleApplication@5f4c3c7b
----------------- Done invoking toplevel() on ptolemy.moml.MoMLSimpleApplication@5f4c3c7b
reloadAllAccessors: .DepthTest2

===========================================================================================
----------------- testing Wed Jul 10 03:10:44 UTC 2019 /home/travis/build/icyphy/ptII/ptolemy/domains/de/test/auto/DepthTest3.xml
----------------- Instantiating /home/travis/build/icyphy/ptII/ptolemy/domains/de/test/auto/DepthTest3.xml
1 ms. Memory: 48128K Free: 10585K (22%)
----------------- Invoking toplevel() on ptolemy.moml.MoMLSimpleApplication@56d3929d
----------------- Done invoking toplevel() on ptolemy.moml.MoMLSimpleApplication@56d3929d
reloadAllAccessors: .DepthTest3

===========================================================================================
----------------- testing Wed Jul 10 03:10:44 UTC 2019 /home/travis/build/icyphy/ptII/ptolemy/domains/de/test/auto/DepthTest4.xml
----------------- Instantiating /home/travis/build/icyphy/ptII/ptolemy/domains/de/test/auto/DepthTest4.xml
1 ms. Memory: 48128K Free: 31641K (66%)
----------------- Invoking toplevel() on ptolemy.moml.MoMLSimpleApplication@74433713
----------------- Done invoking toplevel() on ptolemy.moml.MoMLSimpleApplication@74433713
reloadAllAccessors: .DepthTest4

===========================================================================================
----------------- testing Wed Jul 10 03:10:44 UTC 2019 /home/travis/build/icyphy/ptII/ptolemy/domains/de/test/auto/DepthTest5.xml
----------------- Instantiating /home/travis/build/icyphy/ptII/ptolemy/domains/de/test/auto/DepthTest5.xml
1 ms. Memory: 48128K Free: 26374K (55%)
----------------- Invoking toplevel() on ptolemy.moml.MoMLSimpleApplication@5fa909cb
----------------- Done invoking toplevel() on ptolemy.moml.MoMLSimpleApplication@5fa909cb
reloadAllAccessors: .DepthTest5

===========================================================================================
----------------- testing Wed Jul 10 03:10:44 UTC 2019 /home/travis/build/icyphy/ptII/ptolemy/domains/de/test/auto/DepthTest6.xml
----------------- Instantiating /home/travis/build/icyphy/ptII/ptolemy/domains/de/test/auto/DepthTest6.xml
2 ms. Memory: 48128K Free: 21060K (44%)
----------------- Invoking toplevel() on ptolemy.moml.MoMLSimpleApplication@14edab44
----------------- Done invoking toplevel() on ptolemy.moml.MoMLSimpleApplication@14edab44
reloadAllAccessors: .DepthTest6

===========================================================================================
----------------- testing Wed Jul 10 03:10:44 UTC 2019 /home/travis/build/icyphy/ptII/ptolemy/domains/de/test/auto/DepthTest7.xml
----------------- Instantiating /home/travis/build/icyphy/ptII/ptolemy/domains/de/test/auto/DepthTest7.xml
2 ms. Memory: 48128K Free: 16189K (34%)
----------------- Invoking toplevel() on ptolemy.moml.MoMLSimpleApplication@2419a756
----------------- Done invoking toplevel() on ptolemy.moml.MoMLSimpleApplication@2419a756
reloadAllAccessors: .DepthTest7

===========================================================================================
----------------- testing Wed Jul 10 03:10:44 UTC 2019 /home/travis/build/icyphy/ptII/ptolemy/domains/de/test/auto/EventToDate.xml
----------------- Instantiating /home/travis/build/icyphy/ptII/ptolemy/domains/de/test/auto/EventToDate.xml
3004 ms. Memory: 48128K Free: 27999K (58%)
----------------- Invoking toplevel() on ptolemy.moml.MoMLSimpleApplication@52569e0e
----------------- Done invoking toplevel() on ptolemy.moml.MoMLSimpleApplication@52569e0e
reloadAllAccessors: .EventToDate

===========================================================================================
----------------- testing Wed Jul 10 03:10:47 UTC 2019 /home/travis/build/icyphy/ptII/ptolemy/domains/de/test/auto/FSM1.xml
----------------- Instantiating /home/travis/build/icyphy/ptII/ptolemy/domains/de/test/auto/FSM1.xml
16 ms. Memory: 48128K Free: 16077K (33%)
----------------- Invoking toplevel() on ptolemy.moml.MoMLSimpleApplication@7be6d9b7
----------------- Done invoking toplevel() on ptolemy.moml.MoMLSimpleApplication@7be6d9b7
reloadAllAccessors: .FSM1

===========================================================================================
----------------- testing Wed Jul 10 03:10:47 UTC 2019 /home/travis/build/icyphy/ptII/ptolemy/domains/de/test/auto/FSM7.xml
----------------- Instantiating /home/travis/build/icyphy/ptII/ptolemy/domains/de/test/auto/FSM7.xml
19 ms. Memory: 48128K Free: 29733K (62%)
----------------- Invoking toplevel() on ptolemy.moml.MoMLSimpleApplication@4ec42b83
----------------- Done invoking toplevel() on ptolemy.moml.MoMLSimpleApplication@4ec42b83
reloadAllAccessors: .FSM7

===========================================================================================
----------------- testing Wed Jul 10 03:10:47 UTC 2019 /home/travis/build/icyphy/ptII/ptolemy/domains/de/test/auto/Inspection.xml
----------------- Instantiating /home/travis/build/icyphy/ptII/ptolemy/domains/de/test/auto/Inspection.xml
14 ms. Memory: 48128K Free: 17321K (36%)
----------------- Invoking toplevel() on ptolemy.moml.MoMLSimpleApplication@238c016f
----------------- Done invoking toplevel() on ptolemy.moml.MoMLSimpleApplication@238c016f
reloadAllAccessors: .Inspection

===========================================================================================
----------------- testing Wed Jul 10 03:10:47 UTC 2019 /home/travis/build/icyphy/ptII/ptolemy/domains/de/test/auto/Iteration.xml
----------------- Instantiating /home/travis/build/icyphy/ptII/ptolemy/domains/de/test/auto/Iteration.xml
13 ms. Memory: 48128K Free: 10494K (22%)
----------------- Invoking toplevel() on ptolemy.moml.MoMLSimpleApplication@43ee4960
----------------- Done invoking toplevel() on ptolemy.moml.MoMLSimpleApplication@43ee4960
reloadAllAccessors: .Iteration

===========================================================================================
----------------- testing Wed Jul 10 03:10:47 UTC 2019 /home/travis/build/icyphy/ptII/ptolemy/domains/de/test/auto/LineFault.xml
----------------- Instantiating /home/travis/build/icyphy/ptII/ptolemy/domains/de/test/auto/LineFault.xml
527 ms. Memory: 48128K Free: 19550K (41%)
----------------- Invoking toplevel() on ptolemy.moml.MoMLSimpleApplication@4c15e14
----------------- Done invoking toplevel() on ptolemy.moml.MoMLSimpleApplication@4c15e14
reloadAllAccessors: .LineFault

===========================================================================================
----------------- testing Wed Jul 10 03:10:48 UTC 2019 /home/travis/build/icyphy/ptII/ptolemy/domains/de/test/auto/MergeModel1Add.xml
----------------- Instantiating /home/travis/build/icyphy/ptII/ptolemy/domains/de/test/auto/MergeModel1Add.xml
6 ms. Memory: 48128K Free: 25213K (52%)
----------------- Invoking toplevel() on ptolemy.moml.MoMLSimpleApplication@4645dac0
----------------- Done invoking toplevel() on ptolemy.moml.MoMLSimpleApplication@4645dac0
reloadAllAccessors: .MergeModel1Add

===========================================================================================
----------------- testing Wed Jul 10 03:10:48 UTC 2019 /home/travis/build/icyphy/ptII/ptolemy/domains/de/test/auto/MergeModel2Add.xml
----------------- Instantiating /home/travis/build/icyphy/ptII/ptolemy/domains/de/test/auto/MergeModel2Add.xml
5 ms. Memory: 48128K Free: 31279K (65%)
----------------- Invoking toplevel() on ptolemy.moml.MoMLSimpleApplication@6066dd7b
----------------- Done invoking toplevel() on ptolemy.moml.MoMLSimpleApplication@6066dd7b
reloadAllAccessors: .MergeModel2Add

===========================================================================================
----------------- testing Wed Jul 10 03:10:48 UTC 2019 /home/travis/build/icyphy/ptII/ptolemy/domains/de/test/auto/MergeModel3Add.xml
----------------- Instantiating /home/travis/build/icyphy/ptII/ptolemy/domains/de/test/auto/MergeModel3Add.xml
5 ms. Memory: 48128K Free: 13641K (28%)
----------------- Invoking toplevel() on ptolemy.moml.MoMLSimpleApplication@797a23d8
----------------- Done invoking toplevel() on ptolemy.moml.MoMLSimpleApplication@797a23d8
reloadAllAccessors: .MergeModel3Add

===========================================================================================
----------------- testing Wed Jul 10 03:10:48 UTC 2019 /home/travis/build/icyphy/ptII/ptolemy/domains/de/test/auto/MergeWithoutDiscard.xml
----------------- Instantiating /home/travis/build/icyphy/ptII/ptolemy/domains/de/test/auto/MergeWithoutDiscard.xml
2 ms. Memory: 48128K Free: 33498K (70%)
----------------- Invoking toplevel() on ptolemy.moml.MoMLSimpleApplication@3e61737b
----------------- Done invoking toplevel() on ptolemy.moml.MoMLSimpleApplication@3e61737b
reloadAllAccessors: .MergeWithoutDiscard

===========================================================================================
----------------- testing Wed Jul 10 03:10:48 UTC 2019 /home/travis/build/icyphy/ptII/ptolemy/domains/de/test/auto/Modal1.xml
----------------- Instantiating /home/travis/build/icyphy/ptII/ptolemy/domains/de/test/auto/Modal1.xml
8 ms. Memory: 48128K Free: 21403K (44%)
----------------- Invoking toplevel() on ptolemy.moml.MoMLSimpleApplication@21c93356
----------------- Done invoking toplevel() on ptolemy.moml.MoMLSimpleApplication@21c93356
reloadAllAccessors: .Modal1

===========================================================================================
----------------- testing Wed Jul 10 03:10:48 UTC 2019 /home/travis/build/icyphy/ptII/ptolemy/domains/de/test/auto/Modal2.xml
----------------- Instantiating /home/travis/build/icyphy/ptII/ptolemy/domains/de/test/auto/Modal2.xml
15 ms. Memory: 48128K Free: 32809K (68%)
----------------- Invoking toplevel() on ptolemy.moml.MoMLSimpleApplication@31e201ea
----------------- Done invoking toplevel() on ptolemy.moml.MoMLSimpleApplication@31e201ea
reloadAllAccessors: .Modal2

===========================================================================================
----------------- testing Wed Jul 10 03:10:48 UTC 2019 /home/travis/build/icyphy/ptII/ptolemy/domains/de/test/auto/Modal3.xml
----------------- Instantiating /home/travis/build/icyphy/ptII/ptolemy/domains/de/test/auto/Modal3.xml
7 ms. Memory: 48128K Free: 20474K (43%)
----------------- Invoking toplevel() on ptolemy.moml.MoMLSimpleApplication@266c81c1
----------------- Done invoking toplevel() on ptolemy.moml.MoMLSimpleApplication@266c81c1
reloadAllAccessors: .Modal3

===========================================================================================
----------------- testing Wed Jul 10 03:10:48 UTC 2019 /home/travis/build/icyphy/ptII/ptolemy/domains/de/test/auto/Modal4.xml
----------------- Instantiating /home/travis/build/icyphy/ptII/ptolemy/domains/de/test/auto/Modal4.xml
16 ms. Memory: 48128K Free: 31167K (65%)
----------------- Invoking toplevel() on ptolemy.moml.MoMLSimpleApplication@35df8d
----------------- Done invoking toplevel() on ptolemy.moml.MoMLSimpleApplication@35df8d
reloadAllAccessors: .Modal4

===========================================================================================
----------------- testing Wed Jul 10 03:10:48 UTC 2019 /home/travis/build/icyphy/ptII/ptolemy/domains/de/test/auto/Modal5.xml
----------------- Instantiating /home/travis/build/icyphy/ptII/ptolemy/domains/de/test/auto/Modal5.xml
9 ms. Memory: 48128K Free: 18401K (38%)
----------------- Invoking toplevel() on ptolemy.moml.MoMLSimpleApplication@4d2f2ee4
----------------- Done invoking toplevel() on ptolemy.moml.MoMLSimpleApplication@4d2f2ee4
reloadAllAccessors: .Modal5

===========================================================================================
----------------- testing Wed Jul 10 03:10:48 UTC 2019 /home/travis/build/icyphy/ptII/ptolemy/domains/de/test/auto/Modal6.xml
----------------- Instantiating /home/travis/build/icyphy/ptII/ptolemy/domains/de/test/auto/Modal6.xml
9 ms. Memory: 48128K Free: 29678K (62%)
----------------- Invoking toplevel() on ptolemy.moml.MoMLSimpleApplication@4a963b2f
----------------- Done invoking toplevel() on ptolemy.moml.MoMLSimpleApplication@4a963b2f
reloadAllAccessors: .Modal6

===========================================================================================
----------------- testing Wed Jul 10 03:10:48 UTC 2019 /home/travis/build/icyphy/ptII/ptolemy/domains/de/test/auto/Modal7.xml
----------------- Instantiating /home/travis/build/icyphy/ptII/ptolemy/domains/de/test/auto/Modal7.xml
6 ms. Memory: 48128K Free: 16350K (34%)
----------------- Invoking toplevel() on ptolemy.moml.MoMLSimpleApplication@2c9608de
----------------- Done invoking toplevel() on ptolemy.moml.MoMLSimpleApplication@2c9608de
reloadAllAccessors: .Modal7

===========================================================================================
----------------- testing Wed Jul 10 03:10:48 UTC 2019 /home/travis/build/icyphy/ptII/ptolemy/domains/de/test/auto/ModalModel.xml
----------------- Instantiating /home/travis/build/icyphy/ptII/ptolemy/domains/de/test/auto/ModalModel.xml
143 ms. Memory: 64512K Free: 34648K (54%)
----------------- Invoking toplevel() on ptolemy.moml.MoMLSimpleApplication@66961173
----------------- Done invoking toplevel() on ptolemy.moml.MoMLSimpleApplication@66961173
reloadAllAccessors: .ModalModel

===========================================================================================
----------------- testing Wed Jul 10 03:10:49 UTC 2019 /home/travis/build/icyphy/ptII/ptolemy/domains/de/test/auto/ModalSource.xml
----------------- Instantiating /home/travis/build/icyphy/ptII/ptolemy/domains/de/test/auto/ModalSource.xml
5 ms. Memory: 64512K Free: 26377K (41%)
----------------- Invoking toplevel() on ptolemy.moml.MoMLSimpleApplication@3d2776f3
----------------- Done invoking toplevel() on ptolemy.moml.MoMLSimpleApplication@3d2776f3
reloadAllAccessors: .ModalSource

===========================================================================================
----------------- testing Wed Jul 10 03:10:49 UTC 2019 /home/travis/build/icyphy/ptII/ptolemy/domains/de/test/auto/NonInterruptibleTimerZeroDelay.xml
----------------- Instantiating /home/travis/build/icyphy/ptII/ptolemy/domains/de/test/auto/NonInterruptibleTimerZeroDelay.xml
6 ms. Memory: 64512K Free: 22648K (35%)
----------------- Invoking toplevel() on ptolemy.moml.MoMLSimpleApplication@52712981
----------------- Done invoking toplevel() on ptolemy.moml.MoMLSimpleApplication@52712981
reloadAllAccessors: .NonInterruptibleTimerZeroDelay

===========================================================================================
----------------- testing Wed Jul 10 03:10:49 UTC 2019 /home/travis/build/icyphy/ptII/ptolemy/domains/de/test/auto/OpenQueueingNetwork.xml
----------------- Instantiating /home/travis/build/icyphy/ptII/ptolemy/domains/de/test/auto/OpenQueueingNetwork.xml
2182 ms. Memory: 176128K Free: 71061K (40%)
----------------- Invoking toplevel() on ptolemy.moml.MoMLSimpleApplication@2cd85405
----------------- Done invoking toplevel() on ptolemy.moml.MoMLSimpleApplication@2cd85405
reloadAllAccessors: .OpenQueueingNetwork

===========================================================================================
----------------- testing Wed Jul 10 03:10:51 UTC 2019 /home/travis/build/icyphy/ptII/ptolemy/domains/de/test/auto/OpenQueuingNetwork.xml
----------------- Instantiating /home/travis/build/icyphy/ptII/ptolemy/domains/de/test/auto/OpenQueuingNetwork.xml
212 ms. Memory: 176128K Free: 86451K (49%)
----------------- Invoking toplevel() on ptolemy.moml.MoMLSimpleApplication@5645a439
----------------- Done invoking toplevel() on ptolemy.moml.MoMLSimpleApplication@5645a439
reloadAllAccessors: .OpenQueuingNetwork

===========================================================================================
----------------- testing Wed Jul 10 03:10:51 UTC 2019 /home/travis/build/icyphy/ptII/ptolemy/domains/de/test/auto/PeriodicSampler.xml
----------------- Instantiating /home/travis/build/icyphy/ptII/ptolemy/domains/de/test/auto/PeriodicSampler.xml
2 ms. Memory: 176128K Free: 82355K (47%)
----------------- Invoking toplevel() on ptolemy.moml.MoMLSimpleApplication@75267822
----------------- Done invoking toplevel() on ptolemy.moml.MoMLSimpleApplication@75267822
reloadAllAccessors: .PeriodicSampler

===========================================================================================
----------------- testing Wed Jul 10 03:10:51 UTC 2019 /home/travis/build/icyphy/ptII/ptolemy/domains/de/test/auto/PersistentIO.xml
----------------- Instantiating /home/travis/build/icyphy/ptII/ptolemy/domains/de/test/auto/PersistentIO.xml
8 ms. Memory: 176128K Free: 73139K (42%)
----------------- Invoking toplevel() on ptolemy.moml.MoMLSimpleApplication@69957ab7
----------------- Done invoking toplevel() on ptolemy.moml.MoMLSimpleApplication@69957ab7
reloadAllAccessors: .PersistentIO

===========================================================================================
----------------- testing Wed Jul 10 03:10:51 UTC 2019 /home/travis/build/icyphy/ptII/ptolemy/domains/de/test/auto/PortParameterResetOnInitialize.xml
----------------- Instantiating /home/travis/build/icyphy/ptII/ptolemy/domains/de/test/auto/PortParameterResetOnInitialize.xml
3 ms. Memory: 176128K Free: 68499K (39%)
----------------- Invoking toplevel() on ptolemy.moml.MoMLSimpleApplication@7c54dc1c
----------------- Done invoking toplevel() on ptolemy.moml.MoMLSimpleApplication@7c54dc1c
reloadAllAccessors: .PortParameterResetOnInitialize

===========================================================================================
----------------- testing Wed Jul 10 03:10:51 UTC 2019 /home/travis/build/icyphy/ptII/ptolemy/domains/de/test/auto/PortParameterUpdates.xml
----------------- Instantiating /home/travis/build/icyphy/ptII/ptolemy/domains/de/test/auto/PortParameterUpdates.xml
2 ms. Memory: 176128K Free: 157449K (89%)
----------------- Invoking toplevel() on ptolemy.moml.MoMLSimpleApplication@1ff2479f
----------------- Done invoking toplevel() on ptolemy.moml.MoMLSimpleApplication@1ff2479f
reloadAllAccessors: .PortParameterUpdates

===========================================================================================
----------------- testing Wed Jul 10 03:10:51 UTC 2019 /home/travis/build/icyphy/ptII/ptolemy/domains/de/test/auto/QueueAndServer.xml
----------------- Instantiating /home/travis/build/icyphy/ptII/ptolemy/domains/de/test/auto/QueueAndServer.xml
5 ms. Memory: 176128K Free: 149777K (85%)
----------------- Invoking toplevel() on ptolemy.moml.MoMLSimpleApplication@348d33bc
----------------- Done invoking toplevel() on ptolemy.moml.MoMLSimpleApplication@348d33bc
reloadAllAccessors: .QueueAndServer

===========================================================================================
----------------- testing Wed Jul 10 03:10:51 UTC 2019 /home/travis/build/icyphy/ptII/ptolemy/domains/de/test/auto/Records.xml
----------------- Instantiating /home/travis/build/icyphy/ptII/ptolemy/domains/de/test/auto/Records.xml
4 ms. Memory: 176128K Free: 144143K (82%)
----------------- Invoking toplevel() on ptolemy.moml.MoMLSimpleApplication@558818d1
----------------- Done invoking toplevel() on ptolemy.moml.MoMLSimpleApplication@558818d1
reloadAllAccessors: .Records

===========================================================================================
----------------- testing Wed Jul 10 03:10:51 UTC 2019 /home/travis/build/icyphy/ptII/ptolemy/domains/de/test/auto/ResetTransitionWithStartTime1.xml
----------------- Instantiating /home/travis/build/icyphy/ptII/ptolemy/domains/de/test/auto/ResetTransitionWithStartTime1.xml
8 ms. Memory: 176128K Free: 135937K (77%)
----------------- Invoking toplevel() on ptolemy.moml.MoMLSimpleApplication@14c7b724
----------------- Done invoking toplevel() on ptolemy.moml.MoMLSimpleApplication@14c7b724
reloadAllAccessors: .ResetTransitionWithStartTime1

===========================================================================================
----------------- testing Wed Jul 10 03:10:51 UTC 2019 /home/travis/build/icyphy/ptII/ptolemy/domains/de/test/auto/ResetTransitionWithStartTime2.xml
----------------- Instantiating /home/travis/build/icyphy/ptII/ptolemy/domains/de/test/auto/ResetTransitionWithStartTime2.xml
5 ms. Memory: 176128K Free: 127745K (73%)
----------------- Invoking toplevel() on ptolemy.moml.MoMLSimpleApplication@3ffcbf30
----------------- Done invoking toplevel() on ptolemy.moml.MoMLSimpleApplication@3ffcbf30
reloadAllAccessors: .ResetTransitionWithStartTime2

===========================================================================================
----------------- testing Wed Jul 10 03:10:51 UTC 2019 /home/travis/build/icyphy/ptII/ptolemy/domains/de/test/auto/ResetTransitionWithStartTime3.xml
----------------- Instantiating /home/travis/build/icyphy/ptII/ptolemy/domains/de/test/auto/ResetTransitionWithStartTime3.xml
4 ms. Memory: 176128K Free: 119553K (68%)
----------------- Invoking toplevel() on ptolemy.moml.MoMLSimpleApplication@5709518a
----------------- Done invoking toplevel() on ptolemy.moml.MoMLSimpleApplication@5709518a
reloadAllAccessors: .ResetTransitionWithStartTime3

===========================================================================================
----------------- testing Wed Jul 10 03:10:51 UTC 2019 /home/travis/build/icyphy/ptII/ptolemy/domains/de/test/auto/ResetTransitionWithStartTime4.xml
----------------- Instantiating /home/travis/build/icyphy/ptII/ptolemy/domains/de/test/auto/ResetTransitionWithStartTime4.xml
3 ms. Memory: 176128K Free: 111889K (64%)
----------------- Invoking toplevel() on ptolemy.moml.MoMLSimpleApplication@2221f884
----------------- Done invoking toplevel() on ptolemy.moml.MoMLSimpleApplication@2221f884
reloadAllAccessors: .ResetTransitionWithStartTime4

===========================================================================================
----------------- testing Wed Jul 10 03:10:51 UTC 2019 /home/travis/build/icyphy/ptII/ptolemy/domains/de/test/auto/ResettableTimer1.xml
----------------- Instantiating /home/travis/build/icyphy/ptII/ptolemy/domains/de/test/auto/ResettableTimer1.xml
2 ms. Memory: 176128K Free: 107793K (61%)
----------------- Invoking toplevel() on ptolemy.moml.MoMLSimpleApplication@64a97931
----------------- Done invoking toplevel() on ptolemy.moml.MoMLSimpleApplication@64a97931
reloadAllAccessors: .ResettableTimer1

===========================================================================================
----------------- testing Wed Jul 10 03:10:51 UTC 2019 /home/travis/build/icyphy/ptII/ptolemy/domains/de/test/auto/ResettableTimer2.xml
----------------- Instantiating /home/travis/build/icyphy/ptII/ptolemy/domains/de/test/auto/ResettableTimer2.xml
2 ms. Memory: 176128K Free: 103697K (59%)
----------------- Invoking toplevel() on ptolemy.moml.MoMLSimpleApplication@459bc4c6
----------------- Done invoking toplevel() on ptolemy.moml.MoMLSimpleApplication@459bc4c6
reloadAllAccessors: .ResettableTimer2

===========================================================================================
----------------- testing Wed Jul 10 03:10:51 UTC 2019 /home/travis/build/icyphy/ptII/ptolemy/domains/de/test/auto/ResettableTimer3.xml
----------------- Instantiating /home/travis/build/icyphy/ptII/ptolemy/domains/de/test/auto/ResettableTimer3.xml
5 ms. Memory: 176128K Free: 99601K (57%)
----------------- Invoking toplevel() on ptolemy.moml.MoMLSimpleApplication@313a55cb
----------------- Done invoking toplevel() on ptolemy.moml.MoMLSimpleApplication@313a55cb
reloadAllAccessors: .ResettableTimer3

===========================================================================================
----------------- testing Wed Jul 10 03:10:51 UTC 2019 /home/travis/build/icyphy/ptII/ptolemy/domains/de/test/auto/ResettableTimer4.xml
----------------- Instantiating /home/travis/build/icyphy/ptII/ptolemy/domains/de/test/auto/ResettableTimer4.xml
1 ms. Memory: 176128K Free: 95505K (54%)
----------------- Invoking toplevel() on ptolemy.moml.MoMLSimpleApplication@15d6f48f
----------------- Done invoking toplevel() on ptolemy.moml.MoMLSimpleApplication@15d6f48f
reloadAllAccessors: .ResettableTimer4

===========================================================================================
----------------- testing Wed Jul 10 03:10:51 UTC 2019 /home/travis/build/icyphy/ptII/ptolemy/domains/de/test/auto/ResettableTimer5.xml
----------------- Instantiating /home/travis/build/icyphy/ptII/ptolemy/domains/de/test/auto/ResettableTimer5.xml
3 ms. Memory: 176128K Free: 91409K (52%)
----------------- Invoking toplevel() on ptolemy.moml.MoMLSimpleApplication@55469972
----------------- Done invoking toplevel() on ptolemy.moml.MoMLSimpleApplication@55469972
reloadAllAccessors: .ResettableTimer5

===========================================================================================
----------------- testing Wed Jul 10 03:10:51 UTC 2019 /home/travis/build/icyphy/ptII/ptolemy/domains/de/test/auto/ResettableTimer6.xml
----------------- Instantiating /home/travis/build/icyphy/ptII/ptolemy/domains/de/test/auto/ResettableTimer6.xml
7 ms. Memory: 176128K Free: 86799K (49%)
----------------- Invoking toplevel() on ptolemy.moml.MoMLSimpleApplication@475b2a4b
----------------- Done invoking toplevel() on ptolemy.moml.MoMLSimpleApplication@475b2a4b
reloadAllAccessors: .ResettableTimer6

===========================================================================================
----------------- testing Wed Jul 10 03:10:51 UTC 2019 /home/travis/build/icyphy/ptII/ptolemy/domains/de/test/auto/ServerZeroDelay.xml
----------------- Instantiating /home/travis/build/icyphy/ptII/ptolemy/domains/de/test/auto/ServerZeroDelay.xml
2 ms. Memory: 176128K Free: 82673K (47%)
----------------- Invoking toplevel() on ptolemy.moml.MoMLSimpleApplication@f7ea173
----------------- Done invoking toplevel() on ptolemy.moml.MoMLSimpleApplication@f7ea173
reloadAllAccessors: .ServerZeroDelay

===========================================================================================
----------------- testing Wed Jul 10 03:10:51 UTC 2019 /home/travis/build/icyphy/ptII/ptolemy/domains/de/test/auto/SmartSender.xml
----------------- Instantiating /home/travis/build/icyphy/ptII/ptolemy/domains/de/test/auto/SmartSender.xml
3001 ms. Memory: 176128K Free: 78607K (45%)
----------------- Invoking toplevel() on ptolemy.moml.MoMLSimpleApplication@5e6336e5
----------------- Done invoking toplevel() on ptolemy.moml.MoMLSimpleApplication@5e6336e5
reloadAllAccessors: .SmartSender

===========================================================================================
----------------- testing Wed Jul 10 03:10:54 UTC 2019 /home/travis/build/icyphy/ptII/ptolemy/domains/de/test/auto/ThreadedComposite.xml
----------------- Instantiating /home/travis/build/icyphy/ptII/ptolemy/domains/de/test/auto/ThreadedComposite.xml
104 ms. Memory: 176128K Free: 158874K (90%)
----------------- Invoking toplevel() on ptolemy.moml.MoMLSimpleApplication@7d2200d9
----------------- Done invoking toplevel() on ptolemy.moml.MoMLSimpleApplication@7d2200d9
reloadAllAccessors: .ThreadedComposite

===========================================================================================
----------------- testing Wed Jul 10 03:10:55 UTC 2019 /home/travis/build/icyphy/ptII/ptolemy/domains/de/test/auto/Time.xml
----------------- Instantiating /home/travis/build/icyphy/ptII/ptolemy/domains/de/test/auto/Time.xml
450 ms. Memory: 176128K Free: 105626K (60%)
----------------- Invoking toplevel() on ptolemy.moml.MoMLSimpleApplication@6b2dca42
----------------- Done invoking toplevel() on ptolemy.moml.MoMLSimpleApplication@6b2dca42
reloadAllAccessors: .Time

===========================================================================================
----------------- testing Wed Jul 10 03:10:55 UTC 2019 /home/travis/build/icyphy/ptII/ptolemy/domains/de/test/auto/TimeDelayZeroDelay.xml
----------------- Instantiating /home/travis/build/icyphy/ptII/ptolemy/domains/de/test/auto/TimeDelayZeroDelay.xml
3 ms. Memory: 176128K Free: 101530K (58%)
----------------- Invoking toplevel() on ptolemy.moml.MoMLSimpleApplication@5959f21c
----------------- Done invoking toplevel() on ptolemy.moml.MoMLSimpleApplication@5959f21c
reloadAllAccessors: .TimeDelayZeroDelay

===========================================================================================
----------------- testing Wed Jul 10 03:10:55 UTC 2019 /home/travis/build/icyphy/ptII/ptolemy/domains/de/test/auto/TimerZeroDelay.xml
----------------- Instantiating /home/travis/build/icyphy/ptII/ptolemy/domains/de/test/auto/TimerZeroDelay.xml
2 ms. Memory: 176128K Free: 97434K (55%)
----------------- Invoking toplevel() on ptolemy.moml.MoMLSimpleApplication@162160ec
----------------- Done invoking toplevel() on ptolemy.moml.MoMLSimpleApplication@162160ec
reloadAllAccessors: .TimerZeroDelay

===========================================================================================
----------------- testing Wed Jul 10 03:10:55 UTC 2019 /home/travis/build/icyphy/ptII/ptolemy/domains/de/test/auto/TimingParadox.xml
----------------- Instantiating /home/travis/build/icyphy/ptII/ptolemy/domains/de/test/auto/TimingParadox.xml
315 ms. Memory: 176128K Free: 133879K (76%)
----------------- Invoking toplevel() on ptolemy.moml.MoMLSimpleApplication@443cf6fc
----------------- Done invoking toplevel() on ptolemy.moml.MoMLSimpleApplication@443cf6fc
reloadAllAccessors: .TimingParadox

===========================================================================================
----------------- testing Wed Jul 10 03:10:55 UTC 2019 /home/travis/build/icyphy/ptII/ptolemy/domains/de/test/auto/TransferInputs.xml
----------------- Instantiating /home/travis/build/icyphy/ptII/ptolemy/domains/de/test/auto/TransferInputs.xml
1 ms. Memory: 176128K Free: 128856K (73%)
----------------- Invoking toplevel() on ptolemy.moml.MoMLSimpleApplication@6a38d66
----------------- Done invoking toplevel() on ptolemy.moml.MoMLSimpleApplication@6a38d66
reloadAllAccessors: .TransferInputs

===========================================================================================
----------------- testing Wed Jul 10 03:10:56 UTC 2019 /home/travis/build/icyphy/ptII/ptolemy/domains/de/test/auto/TransferOutputs2.xml
----------------- Instantiating /home/travis/build/icyphy/ptII/ptolemy/domains/de/test/auto/TransferOutputs2.xml
3 ms. Memory: 176128K Free: 120694K (69%)
----------------- Invoking toplevel() on ptolemy.moml.MoMLSimpleApplication@19084acf
----------------- Done invoking toplevel() on ptolemy.moml.MoMLSimpleApplication@19084acf
reloadAllAccessors: .TransferOutputs2

===========================================================================================
----------------- testing Wed Jul 10 03:10:56 UTC 2019 /home/travis/build/icyphy/ptII/ptolemy/domains/de/test/auto/Trilateration.xml
----------------- Instantiating /home/travis/build/icyphy/ptII/ptolemy/domains/de/test/auto/Trilateration.xml
12462 ms. Memory: 371712K Free: 215784K (58%)
----------------- Invoking toplevel() on ptolemy.moml.MoMLSimpleApplication@7435bc69
----------------- Done invoking toplevel() on ptolemy.moml.MoMLSimpleApplication@7435bc69
reloadAllAccessors: .Trilateration

===========================================================================================
----------------- testing Wed Jul 10 03:11:09 UTC 2019 /home/travis/build/icyphy/ptII/ptolemy/domains/de/test/auto/TwoSigmaDelta.xml
----------------- Instantiating /home/travis/build/icyphy/ptII/ptolemy/domains/de/test/auto/TwoSigmaDelta.xml
2279 ms. Memory: 446464K Free: 308882K (69%)
----------------- Invoking toplevel() on ptolemy.moml.MoMLSimpleApplication@182d7f1d
----------------- Done invoking toplevel() on ptolemy.moml.MoMLSimpleApplication@182d7f1d
reloadAllAccessors: .TwoSigmaDelta

===========================================================================================
----------------- testing Wed Jul 10 03:11:11 UTC 2019 /home/travis/build/icyphy/ptII/ptolemy/domains/de/test/auto/VariableDelay.xml
----------------- Instantiating /home/travis/build/icyphy/ptII/ptolemy/domains/de/test/auto/VariableDelay.xml
4 ms. Memory: 446464K Free: 303762K (68%)
----------------- Invoking toplevel() on ptolemy.moml.MoMLSimpleApplication@7dcfacdc
----------------- Done invoking toplevel() on ptolemy.moml.MoMLSimpleApplication@7dcfacdc
reloadAllAccessors: .VariableDelay

===========================================================================================
----------------- testing Wed Jul 10 03:11:11 UTC 2019 /home/travis/build/icyphy/ptII/ptolemy/domains/de/test/auto/VariableDelay2.xml
----------------- Instantiating /home/travis/build/icyphy/ptII/ptolemy/domains/de/test/auto/VariableDelay2.xml
2 ms. Memory: 446464K Free: 299122K (67%)
----------------- Invoking toplevel() on ptolemy.moml.MoMLSimpleApplication@1b80211
----------------- Done invoking toplevel() on ptolemy.moml.MoMLSimpleApplication@1b80211
reloadAllAccessors: .VariableDelay2

===========================================================================================
----------------- testing Wed Jul 10 03:11:11 UTC 2019 /home/travis/build/icyphy/ptII/ptolemy/domains/de/test/auto/VariableDelayZeroDelay.xml
----------------- Instantiating /home/travis/build/icyphy/ptII/ptolemy/domains/de/test/auto/VariableDelayZeroDelay.xml
10 ms. Memory: 446464K Free: 295056K (66%)
----------------- Invoking toplevel() on ptolemy.moml.MoMLSimpleApplication@537afa86
----------------- Done invoking toplevel() on ptolemy.moml.MoMLSimpleApplication@537afa86
reloadAllAccessors: .VariableDelayZeroDelay

===========================================================================================
----------------- testing Wed Jul 10 03:11:11 UTC 2019 /home/travis/build/icyphy/ptII/ptolemy/domains/de/test/auto/VariableDelayZeroDelay2.xml
----------------- Instantiating /home/travis/build/icyphy/ptII/ptolemy/domains/de/test/auto/VariableDelayZeroDelay2.xml
2 ms. Memory: 446464K Free: 290946K (65%)
----------------- Invoking toplevel() on ptolemy.moml.MoMLSimpleApplication@7a5592c6
----------------- Done invoking toplevel() on ptolemy.moml.MoMLSimpleApplication@7a5592c6
reloadAllAccessors: .VariableDelayZeroDelay2

===========================================================================================
----------------- testing Wed Jul 10 03:11:11 UTC 2019 /home/travis/build/icyphy/ptII/ptolemy/domains/de/test/auto/deInCt.xml
----------------- Instantiating /home/travis/build/icyphy/ptII/ptolemy/domains/de/test/auto/deInCt.xml
0
1
1
1
1
0
0
0
1
1
0
0
0
1
1
0
0
0
0
1
1
1
1
0
0
0
0
0
1
1
1
0
0
0
0
0
8 ms. Memory: 446464K Free: 285330K (64%)
----------------- Invoking toplevel() on ptolemy.moml.MoMLSimpleApplication@20239871
----------------- Done invoking toplevel() on ptolemy.moml.MoMLSimpleApplication@20239871
reloadAllAccessors: .deInCt

===========================================================================================
----------------- testing Wed Jul 10 03:11:11 UTC 2019 /home/travis/build/icyphy/ptII/ptolemy/domains/de/test/auto/deInCt2.xml
----------------- Instantiating /home/travis/build/icyphy/ptII/ptolemy/domains/de/test/auto/deInCt2.xml
0
1
1
1
0
0
1
1
1
0
0
1
1
1
0
0
1
1
1
0
0
1
1
1
0
0
1
1
1
0
0
1
1
1
0
0
1
1
1
0
0
0
6 ms. Memory: 446464K Free: 280210K (63%)
----------------- Invoking toplevel() on ptolemy.moml.MoMLSimpleApplication@28ae018d
----------------- Done invoking toplevel() on ptolemy.moml.MoMLSimpleApplication@28ae018d
reloadAllAccessors: .deInCt2

===========================================================================================
----------------- testing Wed Jul 10 03:11:11 UTC 2019 /home/travis/build/icyphy/ptII/ptolemy/domains/de/test/auto/dynamicCausalityInterface1.xml
----------------- Instantiating /home/travis/build/icyphy/ptII/ptolemy/domains/de/test/auto/dynamicCausalityInterface1.xml
0 ms. Memory: 446464K Free: 270994K (61%)
----------------- Invoking toplevel() on ptolemy.moml.MoMLSimpleApplication@5d1497c9
----------------- Done invoking toplevel() on ptolemy.moml.MoMLSimpleApplication@5d1497c9
reloadAllAccessors: .dynamicCausalityInterface1

===========================================================================================
----------------- testing Wed Jul 10 03:11:11 UTC 2019 /home/travis/build/icyphy/ptII/ptolemy/domains/de/test/auto/fsm_de_test.xml
----------------- Instantiating /home/travis/build/icyphy/ptII/ptolemy/domains/de/test/auto/fsm_de_test.xml
5 ms. Memory: 446464K Free: 261778K (59%)
----------------- Invoking toplevel() on ptolemy.moml.MoMLSimpleApplication@b4cd3b9
----------------- Done invoking toplevel() on ptolemy.moml.MoMLSimpleApplication@b4cd3b9
reloadAllAccessors: .fsm_de_test

===========================================================================================
----------------- testing Wed Jul 10 03:11:11 UTC 2019 /home/travis/build/icyphy/ptII/ptolemy/domains/de/test/auto/functionDependencyReconstruction.xml
----------------- Instantiating /home/travis/build/icyphy/ptII/ptolemy/domains/de/test/auto/functionDependencyReconstruction.xml
2 ms. Memory: 446464K Free: 246922K (55%)
----------------- Invoking toplevel() on ptolemy.moml.MoMLSimpleApplication@27a7efe7
----------------- Done invoking toplevel() on ptolemy.moml.MoMLSimpleApplication@27a7efe7
reloadAllAccessors: .functionDependencyReconstruction

===========================================================================================
----------------- testing Wed Jul 10 03:11:11 UTC 2019 /home/travis/build/icyphy/ptII/ptolemy/domains/de/test/auto/multirate.xml
----------------- Instantiating /home/travis/build/icyphy/ptII/ptolemy/domains/de/test/auto/multirate.xml
3 ms. Memory: 446464K Free: 240274K (54%)
----------------- Invoking toplevel() on ptolemy.moml.MoMLSimpleApplication@5ff5edbd
----------------- Done invoking toplevel() on ptolemy.moml.MoMLSimpleApplication@5ff5edbd
reloadAllAccessors: .multirate

===========================================================================================
----------------- testing Wed Jul 10 03:11:11 UTC 2019 /home/travis/build/icyphy/ptII/ptolemy/domains/de/test/auto/multirate2.xml
----------------- Instantiating /home/travis/build/icyphy/ptII/ptolemy/domains/de/test/auto/multirate2.xml
2 ms. Memory: 446464K Free: 233602K (52%)
----------------- Invoking toplevel() on ptolemy.moml.MoMLSimpleApplication@5988c848
----------------- Done invoking toplevel() on ptolemy.moml.MoMLSimpleApplication@5988c848
reloadAllAccessors: .multirate2

===========================================================================================
----------------- testing Wed Jul 10 03:11:11 UTC 2019 /home/travis/build/icyphy/ptII/ptolemy/domains/de/test/auto/realtime.xml
----------------- Instantiating /home/travis/build/icyphy/ptII/ptolemy/domains/de/test/auto/realtime.xml
10002 ms. Memory: 446464K Free: 229010K (51%)
----------------- Invoking toplevel() on ptolemy.moml.MoMLSimpleApplication@28c0de6f
----------------- Done invoking toplevel() on ptolemy.moml.MoMLSimpleApplication@28c0de6f
reloadAllAccessors: .realtime

===========================================================================================
----------------- testing Wed Jul 10 03:11:21 UTC 2019 /home/travis/build/icyphy/ptII/ptolemy/domains/de/test/auto/relationGroup.xml
----------------- Instantiating /home/travis/build/icyphy/ptII/ptolemy/domains/de/test/auto/relationGroup.xml
2 ms. Memory: 446464K Free: 225424K (50%)
----------------- Invoking toplevel() on ptolemy.moml.MoMLSimpleApplication@762cce2
----------------- Done invoking toplevel() on ptolemy.moml.MoMLSimpleApplication@762cce2
reloadAllAccessors: .relationGroup

===========================================================================================
----------------- testing Wed Jul 10 03:11:21 UTC 2019 /home/travis/build/icyphy/ptII/ptolemy/domains/de/test/auto/relationGroup2.xml
----------------- Instantiating /home/travis/build/icyphy/ptII/ptolemy/domains/de/test/auto/relationGroup2.xml
1 ms. Memory: 446464K Free: 221842K (50%)
----------------- Invoking toplevel() on ptolemy.moml.MoMLSimpleApplication@5a6b1593
----------------- Done invoking toplevel() on ptolemy.moml.MoMLSimpleApplication@5a6b1593
reloadAllAccessors: .relationGroup2

===========================================================================================
----------------- testing Wed Jul 10 03:11:21 UTC 2019 /home/travis/build/icyphy/ptII/ptolemy/domains/de/test/auto/sortWithOpaquePorts.xml
----------------- Instantiating /home/travis/build/icyphy/ptII/ptolemy/domains/de/test/auto/sortWithOpaquePorts.xml
2 ms. Memory: 446464K Free: 216722K (49%)
----------------- Invoking toplevel() on ptolemy.moml.MoMLSimpleApplication@60e2e378
----------------- Done invoking toplevel() on ptolemy.moml.MoMLSimpleApplication@60e2e378
reloadAllAccessors: .sortWithOpaquePorts

===========================================================================================
----------------- testing Wed Jul 10 03:11:21 UTC 2019 /home/travis/build/icyphy/ptII/ptolemy/domains/de/test/auto/transferInputsandOutputs.xml
----------------- Instantiating /home/travis/build/icyphy/ptII/ptolemy/domains/de/test/auto/transferInputsandOutputs.xml
3 ms. Memory: 446464K Free: 209554K (47%)
----------------- Invoking toplevel() on ptolemy.moml.MoMLSimpleApplication@341313b2
----------------- Done invoking toplevel() on ptolemy.moml.MoMLSimpleApplication@341313b2
reloadAllAccessors: .transferInputsandOutputs

===========================================================================================
----------------- testing Wed Jul 10 03:11:21 UTC 2019 /home/travis/build/icyphy/ptII/ptolemy/domains/de/test/auto/triggerType.xml
----------------- Instantiating /home/travis/build/icyphy/ptII/ptolemy/domains/de/test/auto/triggerType.xml
2 ms. Memory: 446464K Free: 205458K (46%)
----------------- Invoking toplevel() on ptolemy.moml.MoMLSimpleApplication@785e7f6a
----------------- Done invoking toplevel() on ptolemy.moml.MoMLSimpleApplication@785e7f6a
reloadAllAccessors: .triggerType
AutoTests.java: About to close Vertx.
AutoTests.java: Vertx closed.
]]></system-out>
  <system-err><![CDATA[java.lang.RuntimeException: Execution failed
	at ptolemy.moml.MoMLSimpleApplication$UnloadThread.run(MoMLSimpleApplication.java:402)
Caused by: ptolemy.kernel.util.IllegalActionException: Found a zero delay loop containing .dependencyLoop.original
  in .dependencyLoop and .dependencyLoop.original
	at ptolemy.actor.util.CausalityInterfaceForComposites._computeOutputPortDepth(CausalityInterfaceForComposites.java:759)
	at ptolemy.actor.util.CausalityInterfaceForComposites._computeInputDepth(CausalityInterfaceForComposites.java:696)
	at ptolemy.actor.util.CausalityInterfaceForComposites._computeOutputPortDepth(CausalityInterfaceForComposites.java:765)
	at ptolemy.actor.util.CausalityInterfaceForComposites._computeInputDepth(CausalityInterfaceForComposites.java:696)
	at ptolemy.actor.util.CausalityInterfaceForComposites._computeOutputPortDepth(CausalityInterfaceForComposites.java:765)
	at ptolemy.actor.util.CausalityInterfaceForComposites._computeInputDepth(CausalityInterfaceForComposites.java:696)
	at ptolemy.actor.util.CausalityInterfaceForComposites._computeActorDepth(CausalityInterfaceForComposites.java:532)
	at ptolemy.actor.util.CausalityInterfaceForComposites.checkForCycles(CausalityInterfaceForComposites.java:96)
	at ptolemy.domains.de.kernel.DEDirector.preinitialize(DEDirector.java:1338)
	at ptolemy.actor.CompositeActor.preinitialize(CompositeActor.java:1828)
	at ptolemy.actor.Manager.preinitializeAndResolveTypes(Manager.java:1040)
	at ptolemy.actor.Manager.initialize(Manager.java:710)
	at ptolemy.actor.Manager.execute(Manager.java:356)
	at ptolemy.actor.Manager.run(Manager.java:1263)
	at ptolemy.actor.Manager$PtolemyRunThread.run(Manager.java:1915)
java.lang.RuntimeException: Execution failed
	at ptolemy.moml.MoMLSimpleApplication$UnloadThread.run(MoMLSimpleApplication.java:402)
Caused by: ptolemy.kernel.util.IllegalActionException: Found a zero delay loop containing .dependencyLoop2.original
  in .dependencyLoop2 and .dependencyLoop2.original
	at ptolemy.actor.util.CausalityInterfaceForComposites._computeOutputPortDepth(CausalityInterfaceForComposites.java:759)
	at ptolemy.actor.util.CausalityInterfaceForComposites._computeInputDepth(CausalityInterfaceForComposites.java:696)
	at ptolemy.actor.util.CausalityInterfaceForComposites._computeOutputPortDepth(CausalityInterfaceForComposites.java:765)
	at ptolemy.actor.util.CausalityInterfaceForComposites._computeInputDepth(CausalityInterfaceForComposites.java:696)
	at ptolemy.actor.util.CausalityInterfaceForComposites._computeOutputPortDepth(CausalityInterfaceForComposites.java:765)
	at ptolemy.actor.util.CausalityInterfaceForComposites._computeInputDepth(CausalityInterfaceForComposites.java:696)
	at ptolemy.actor.util.CausalityInterfaceForComposites._computeActorDepth(CausalityInterfaceForComposites.java:532)
	at ptolemy.actor.util.CausalityInterfaceForComposites.checkForCycles(CausalityInterfaceForComposites.java:96)
	at ptolemy.domains.de.kernel.DEDirector.preinitialize(DEDirector.java:1338)
	at ptolemy.actor.CompositeActor.preinitialize(CompositeActor.java:1828)
	at ptolemy.actor.Manager.preinitializeAndResolveTypes(Manager.java:1040)
	at ptolemy.actor.Manager.initialize(Manager.java:710)
	at ptolemy.actor.Manager.execute(Manager.java:356)
	at ptolemy.actor.Manager.run(Manager.java:1263)
	at ptolemy.actor.Manager$PtolemyRunThread.run(Manager.java:1915)
java.lang.RuntimeException: Execution failed
	at ptolemy.moml.MoMLSimpleApplication$UnloadThread.run(MoMLSimpleApplication.java:402)
Caused by: ptolemy.kernel.util.IllegalActionException: Test fails in iteration 1.
Value was: 1.0. Should have been: 2.0
  in .DirectFeedback.Test
	at ptolemy.actor.lib.Test.fire(Test.java:268)
	at ptolemy.domains.de.kernel.DEDirector._fire(DEDirector.java:1949)
	at ptolemy.domains.de.kernel.DEDirector.fire(DEDirector.java:502)
	at ptolemy.actor.CompositeActor.fire(CompositeActor.java:455)
	at ptolemy.actor.Manager.iterate(Manager.java:851)
	at ptolemy.actor.Manager.execute(Manager.java:369)
	at ptolemy.actor.Manager.run(Manager.java:1263)
	at ptolemy.actor.Manager$PtolemyRunThread.run(Manager.java:1915)
java.lang.RuntimeException: Execution failed
	at ptolemy.moml.MoMLSimpleApplication$UnloadThread.run(MoMLSimpleApplication.java:402)
Caused by: ptolemy.kernel.util.IllegalActionException: Found a zero delay loop containing .dependencyLoop.original
  in .dependencyLoop and .dependencyLoop.original
	at ptolemy.actor.util.CausalityInterfaceForComposites._computeOutputPortDepth(CausalityInterfaceForComposites.java:759)
	at ptolemy.actor.util.CausalityInterfaceForComposites._computeInputDepth(CausalityInterfaceForComposites.java:696)
	at ptolemy.actor.util.CausalityInterfaceForComposites._computeOutputPortDepth(CausalityInterfaceForComposites.java:765)
	at ptolemy.actor.util.CausalityInterfaceForComposites._computeInputDepth(CausalityInterfaceForComposites.java:696)
	at ptolemy.actor.util.CausalityInterfaceForComposites._computeOutputPortDepth(CausalityInterfaceForComposites.java:765)
	at ptolemy.actor.util.CausalityInterfaceForComposites._computeInputDepth(CausalityInterfaceForComposites.java:696)
	at ptolemy.actor.util.CausalityInterfaceForComposites._computeActorDepth(CausalityInterfaceForComposites.java:532)
	at ptolemy.actor.util.CausalityInterfaceForComposites.checkForCycles(CausalityInterfaceForComposites.java:96)
	at ptolemy.domains.de.kernel.DEDirector.preinitialize(DEDirector.java:1338)
	at ptolemy.actor.CompositeActor.preinitialize(CompositeActor.java:1828)
	at ptolemy.actor.Manager.preinitializeAndResolveTypes(Manager.java:1040)
	at ptolemy.actor.Manager.initialize(Manager.java:710)
	at ptolemy.actor.Manager.execute(Manager.java:356)
	at ptolemy.actor.Manager.run(Manager.java:1263)
	at ptolemy.actor.Manager$PtolemyRunThread.run(Manager.java:1915)
java.lang.RuntimeException: Execution failed
	at ptolemy.moml.MoMLSimpleApplication$UnloadThread.run(MoMLSimpleApplication.java:402)
Caused by: ptolemy.kernel.util.IllegalActionException: Found a zero delay loop containing .HierarchicalModel.A
  in .HierarchicalModel and .HierarchicalModel.A
	at ptolemy.actor.util.CausalityInterfaceForComposites._computeOutputPortDepth(CausalityInterfaceForComposites.java:759)
	at ptolemy.actor.util.CausalityInterfaceForComposites._computeInputDepth(CausalityInterfaceForComposites.java:696)
	at ptolemy.actor.util.CausalityInterfaceForComposites._computeOutputPortDepth(CausalityInterfaceForComposites.java:765)
	at ptolemy.actor.util.CausalityInterfaceForComposites._computeInputDepth(CausalityInterfaceForComposites.java:696)
	at ptolemy.actor.util.CausalityInterfaceForComposites._computeOutputPortDepth(CausalityInterfaceForComposites.java:765)
	at ptolemy.actor.util.CausalityInterfaceForComposites._computeInputDepth(CausalityInterfaceForComposites.java:696)
	at ptolemy.actor.util.CausalityInterfaceForComposites._computeActorDepth(CausalityInterfaceForComposites.java:532)
	at ptolemy.actor.util.CausalityInterfaceForComposites.checkForCycles(CausalityInterfaceForComposites.java:96)
	at ptolemy.domains.de.kernel.DEDirector.preinitialize(DEDirector.java:1338)
	at ptolemy.actor.CompositeActor.preinitialize(CompositeActor.java:1828)
	at ptolemy.actor.Manager.preinitializeAndResolveTypes(Manager.java:1040)
	at ptolemy.actor.Manager.initialize(Manager.java:710)
	at ptolemy.actor.Manager.execute(Manager.java:356)
	at ptolemy.actor.Manager.run(Manager.java:1263)
	at ptolemy.actor.Manager$PtolemyRunThread.run(Manager.java:1915)
java.lang.RuntimeException: Execution failed
	at ptolemy.moml.MoMLSimpleApplication$UnloadThread.run(MoMLSimpleApplication.java:402)
Caused by: ptolemy.kernel.util.IllegalActionException: Found a zero delay loop containing .dependencyLoop2.original
  in .dependencyLoop2 and .dependencyLoop2.original
	at ptolemy.actor.util.CausalityInterfaceForComposites._computeOutputPortDepth(CausalityInterfaceForComposites.java:759)
	at ptolemy.actor.util.CausalityInterfaceForComposites._computeInputDepth(CausalityInterfaceForComposites.java:696)
	at ptolemy.actor.util.CausalityInterfaceForComposites._computeOutputPortDepth(CausalityInterfaceForComposites.java:765)
	at ptolemy.actor.util.CausalityInterfaceForComposites._computeInputDepth(CausalityInterfaceForComposites.java:696)
	at ptolemy.actor.util.CausalityInterfaceForComposites._computeOutputPortDepth(CausalityInterfaceForComposites.java:765)
	at ptolemy.actor.util.CausalityInterfaceForComposites._computeInputDepth(CausalityInterfaceForComposites.java:696)
	at ptolemy.actor.util.CausalityInterfaceForComposites._computeActorDepth(CausalityInterfaceForComposites.java:532)
	at ptolemy.actor.util.CausalityInterfaceForComposites.checkForCycles(CausalityInterfaceForComposites.java:96)
	at ptolemy.domains.de.kernel.DEDirector.preinitialize(DEDirector.java:1338)
	at ptolemy.actor.CompositeActor.preinitialize(CompositeActor.java:1828)
	at ptolemy.actor.Manager.preinitializeAndResolveTypes(Manager.java:1040)
	at ptolemy.actor.Manager.initialize(Manager.java:710)
	at ptolemy.actor.Manager.execute(Manager.java:356)
	at ptolemy.actor.Manager.run(Manager.java:1263)
	at ptolemy.actor.Manager$PtolemyRunThread.run(Manager.java:1915)
java.lang.RuntimeException: Execution failed
	at ptolemy.moml.MoMLSimpleApplication$UnloadThread.run(MoMLSimpleApplication.java:402)
Caused by: ptolemy.kernel.util.IllegalActionException: Actor is not ready to fire.  Perhaps UpSample.prefire() returned false? Try debugging the actor by selecting "Listen to Actor".  Also, for SDF check moml for tokenConsumptionRate on input.
  in .DESDFClockTest.Play Bell.Copy1:SDF Director and .DESDFClockTest.Play Bell.UpSample
	at ptolemy.actor.sched.StaticSchedulingDirector.fire(StaticSchedulingDirector.java:227)
	at ptolemy.domains.sdf.kernel.SDFDirector.fire(SDFDirector.java:500)
	at ptolemy.actor.CompositeActor.fire(CompositeActor.java:455)
	at ptolemy.domains.de.kernel.DEDirector._fire(DEDirector.java:1949)
	at ptolemy.domains.de.kernel.DEDirector.fire(DEDirector.java:502)
	at ptolemy.actor.CompositeActor.fire(CompositeActor.java:455)
	at ptolemy.actor.Manager.iterate(Manager.java:851)
	at ptolemy.actor.Manager.execute(Manager.java:369)
	at ptolemy.actor.Manager.run(Manager.java:1263)
	at ptolemy.actor.Manager$PtolemyRunThread.run(Manager.java:1915)
java.lang.RuntimeException: Execution failed
	at ptolemy.moml.MoMLSimpleApplication$UnloadThread.run(MoMLSimpleApplication.java:402)
Caused by: ptolemy.kernel.util.IllegalActionException: Actor is not ready to fire.  Perhaps UpSample.prefire() returned false? Try debugging the actor by selecting "Listen to Actor".  Also, for SDF check moml for tokenConsumptionRate on input.
  in .DESDFClockTest.Play Bell.Copy1:SDF Director and .DESDFClockTest.Play Bell.UpSample
	at ptolemy.actor.sched.StaticSchedulingDirector.fire(StaticSchedulingDirector.java:227)
	at ptolemy.domains.sdf.kernel.SDFDirector.fire(SDFDirector.java:500)
	at ptolemy.actor.CompositeActor.fire(CompositeActor.java:455)
	at ptolemy.domains.de.kernel.DEDirector._fire(DEDirector.java:1949)
	at ptolemy.domains.de.kernel.DEDirector.fire(DEDirector.java:502)
	at ptolemy.actor.CompositeActor.fire(CompositeActor.java:455)
	at ptolemy.actor.Manager.iterate(Manager.java:851)
	at ptolemy.actor.Manager.execute(Manager.java:369)
	at ptolemy.actor.Manager.run(Manager.java:1263)
	at ptolemy.actor.Manager$PtolemyRunThread.run(Manager.java:1915)
java.lang.reflect.InvocationTargetException
	at java.base/jdk.internal.reflect.NativeConstructorAccessorImpl.newInstance0(Native Method)
	at java.base/jdk.internal.reflect.NativeConstructorAccessorImpl.newInstance(NativeConstructorAccessorImpl.java:62)
	at java.base/jdk.internal.reflect.DelegatingConstructorAccessorImpl.newInstance(DelegatingConstructorAccessorImpl.java:45)
	at java.base/java.lang.reflect.Constructor.newInstance(Constructor.java:490)
	at ptolemy.util.test.junit.AutoKnownFailedTests.RunModel(AutoKnownFailedTests.java:105)
	at java.base/jdk.internal.reflect.NativeMethodAccessorImpl.invoke0(Native Method)
	at java.base/jdk.internal.reflect.NativeMethodAccessorImpl.invoke(NativeMethodAccessorImpl.java:62)
	at java.base/jdk.internal.reflect.DelegatingMethodAccessorImpl.invoke(DelegatingMethodAccessorImpl.java:43)
	at java.base/java.lang.reflect.Method.invoke(Method.java:566)
	at org.junit.runners.model.FrameworkMethod$1.runReflectiveCall(FrameworkMethod.java:44)
	at org.junit.internal.runners.model.ReflectiveCallable.run(ReflectiveCallable.java:15)
	at org.junit.runners.model.FrameworkMethod.invokeExplosively(FrameworkMethod.java:41)
	at junitparams.internal.InvokeParameterisedMethod.evaluate(InvokeParameterisedMethod.java:102)
	at org.junit.internal.runners.statements.FailOnTimeout$1.run(FailOnTimeout.java:28)
Caused by: ptolemy.kernel.util.IllegalActionException: Actor is not ready to fire.  Perhaps UpSample.prefire() returned false? Try debugging the actor by selecting "Listen to Actor".  Also, for SDF check moml for tokenConsumptionRate on input.
  in .DESDFClockTest.Play Bell.Copy1:SDF Director and .DESDFClockTest.Play Bell.UpSample
	at ptolemy.actor.sched.StaticSchedulingDirector.fire(StaticSchedulingDirector.java:227)
	at ptolemy.domains.sdf.kernel.SDFDirector.fire(SDFDirector.java:500)
	at ptolemy.actor.CompositeActor.fire(CompositeActor.java:455)
	at ptolemy.domains.de.kernel.DEDirector._fire(DEDirector.java:1949)
	at ptolemy.domains.de.kernel.DEDirector.fire(DEDirector.java:502)
	at ptolemy.actor.CompositeActor.fire(CompositeActor.java:455)
	at ptolemy.actor.Manager.iterate(Manager.java:851)
	at ptolemy.actor.Manager.execute(Manager.java:369)
	at ptolemy.actor.Manager.run(Manager.java:1263)
	at ptolemy.actor.Manager$PtolemyRunThread.run(Manager.java:1915)
java.lang.RuntimeException: Execution failed
	at ptolemy.moml.MoMLSimpleApplication$UnloadThread.run(MoMLSimpleApplication.java:402)
Caused by: ptolemy.kernel.util.IllegalActionException: Test fails in iteration 1.
Value was: 1.0. Should have been: 2.0
  in .DirectFeedback.Test
	at ptolemy.actor.lib.Test.fire(Test.java:268)
	at ptolemy.domains.de.kernel.DEDirector._fire(DEDirector.java:1949)
	at ptolemy.domains.de.kernel.DEDirector.fire(DEDirector.java:502)
	at ptolemy.actor.CompositeActor.fire(CompositeActor.java:455)
	at ptolemy.actor.Manager.iterate(Manager.java:851)
	at ptolemy.actor.Manager.execute(Manager.java:369)
	at ptolemy.actor.Manager.run(Manager.java:1263)
	at ptolemy.actor.Manager$PtolemyRunThread.run(Manager.java:1915)
java.lang.reflect.InvocationTargetException
	at java.base/jdk.internal.reflect.NativeConstructorAccessorImpl.newInstance0(Native Method)
	at java.base/jdk.internal.reflect.NativeConstructorAccessorImpl.newInstance(NativeConstructorAccessorImpl.java:62)
	at java.base/jdk.internal.reflect.DelegatingConstructorAccessorImpl.newInstance(DelegatingConstructorAccessorImpl.java:45)
	at java.base/java.lang.reflect.Constructor.newInstance(Constructor.java:490)
	at ptolemy.util.test.junit.AutoKnownFailedTests.RunModel(AutoKnownFailedTests.java:105)
	at java.base/jdk.internal.reflect.NativeMethodAccessorImpl.invoke0(Native Method)
	at java.base/jdk.internal.reflect.NativeMethodAccessorImpl.invoke(NativeMethodAccessorImpl.java:62)
	at java.base/jdk.internal.reflect.DelegatingMethodAccessorImpl.invoke(DelegatingMethodAccessorImpl.java:43)
	at java.base/java.lang.reflect.Method.invoke(Method.java:566)
	at org.junit.runners.model.FrameworkMethod$1.runReflectiveCall(FrameworkMethod.java:44)
	at org.junit.internal.runners.model.ReflectiveCallable.run(ReflectiveCallable.java:15)
	at org.junit.runners.model.FrameworkMethod.invokeExplosively(FrameworkMethod.java:41)
	at junitparams.internal.InvokeParameterisedMethod.evaluate(InvokeParameterisedMethod.java:102)
	at org.junit.internal.runners.statements.FailOnTimeout$1.run(FailOnTimeout.java:28)
Caused by: ptolemy.kernel.util.IllegalActionException: Test fails in iteration 1.
Value was: 1.0. Should have been: 2.0
  in .DirectFeedback.Test
	at ptolemy.actor.lib.Test.fire(Test.java:268)
	at ptolemy.domains.de.kernel.DEDirector._fire(DEDirector.java:1949)
	at ptolemy.domains.de.kernel.DEDirector.fire(DEDirector.java:502)
	at ptolemy.actor.CompositeActor.fire(CompositeActor.java:455)
	at ptolemy.actor.Manager.iterate(Manager.java:851)
	at ptolemy.actor.Manager.execute(Manager.java:369)
	at ptolemy.actor.Manager.run(Manager.java:1263)
	at ptolemy.actor.Manager$PtolemyRunThread.run(Manager.java:1915)
java.lang.RuntimeException: Execution failed
	at ptolemy.moml.MoMLSimpleApplication$UnloadThread.run(MoMLSimpleApplication.java:402)
Caused by: ptolemy.kernel.util.IllegalActionException: Found a zero delay loop containing .HierarchicalModel.A
  in .HierarchicalModel and .HierarchicalModel.A
	at ptolemy.actor.util.CausalityInterfaceForComposites._computeOutputPortDepth(CausalityInterfaceForComposites.java:759)
	at ptolemy.actor.util.CausalityInterfaceForComposites._computeInputDepth(CausalityInterfaceForComposites.java:696)
	at ptolemy.actor.util.CausalityInterfaceForComposites._computeOutputPortDepth(CausalityInterfaceForComposites.java:765)
	at ptolemy.actor.util.CausalityInterfaceForComposites._computeInputDepth(CausalityInterfaceForComposites.java:696)
	at ptolemy.actor.util.CausalityInterfaceForComposites._computeOutputPortDepth(CausalityInterfaceForComposites.java:765)
	at ptolemy.actor.util.CausalityInterfaceForComposites._computeInputDepth(CausalityInterfaceForComposites.java:696)
	at ptolemy.actor.util.CausalityInterfaceForComposites._computeActorDepth(CausalityInterfaceForComposites.java:532)
	at ptolemy.actor.util.CausalityInterfaceForComposites.checkForCycles(CausalityInterfaceForComposites.java:96)
	at ptolemy.domains.de.kernel.DEDirector.preinitialize(DEDirector.java:1338)
	at ptolemy.actor.CompositeActor.preinitialize(CompositeActor.java:1828)
	at ptolemy.actor.Manager.preinitializeAndResolveTypes(Manager.java:1040)
	at ptolemy.actor.Manager.initialize(Manager.java:710)
	at ptolemy.actor.Manager.execute(Manager.java:356)
	at ptolemy.actor.Manager.run(Manager.java:1263)
	at ptolemy.actor.Manager$PtolemyRunThread.run(Manager.java:1915)
java.lang.reflect.InvocationTargetException
	at java.base/jdk.internal.reflect.NativeConstructorAccessorImpl.newInstance0(Native Method)
	at java.base/jdk.internal.reflect.NativeConstructorAccessorImpl.newInstance(NativeConstructorAccessorImpl.java:62)
	at java.base/jdk.internal.reflect.DelegatingConstructorAccessorImpl.newInstance(DelegatingConstructorAccessorImpl.java:45)
	at java.base/java.lang.reflect.Constructor.newInstance(Constructor.java:490)
	at ptolemy.util.test.junit.AutoKnownFailedTests.RunModel(AutoKnownFailedTests.java:105)
	at java.base/jdk.internal.reflect.NativeMethodAccessorImpl.invoke0(Native Method)
	at java.base/jdk.internal.reflect.NativeMethodAccessorImpl.invoke(NativeMethodAccessorImpl.java:62)
	at java.base/jdk.internal.reflect.DelegatingMethodAccessorImpl.invoke(DelegatingMethodAccessorImpl.java:43)
	at java.base/java.lang.reflect.Method.invoke(Method.java:566)
	at org.junit.runners.model.FrameworkMethod$1.runReflectiveCall(FrameworkMethod.java:44)
	at org.junit.internal.runners.model.ReflectiveCallable.run(ReflectiveCallable.java:15)
	at org.junit.runners.model.FrameworkMethod.invokeExplosively(FrameworkMethod.java:41)
	at junitparams.internal.InvokeParameterisedMethod.evaluate(InvokeParameterisedMethod.java:102)
	at org.junit.internal.runners.statements.FailOnTimeout$1.run(FailOnTimeout.java:28)
Caused by: ptolemy.kernel.util.IllegalActionException: Found a zero delay loop containing .HierarchicalModel.A
  in .HierarchicalModel and .HierarchicalModel.A
	at ptolemy.actor.util.CausalityInterfaceForComposites._computeOutputPortDepth(CausalityInterfaceForComposites.java:759)
	at ptolemy.actor.util.CausalityInterfaceForComposites._computeInputDepth(CausalityInterfaceForComposites.java:696)
	at ptolemy.actor.util.CausalityInterfaceForComposites._computeOutputPortDepth(CausalityInterfaceForComposites.java:765)
	at ptolemy.actor.util.CausalityInterfaceForComposites._computeInputDepth(CausalityInterfaceForComposites.java:696)
	at ptolemy.actor.util.CausalityInterfaceForComposites._computeOutputPortDepth(CausalityInterfaceForComposites.java:765)
	at ptolemy.actor.util.CausalityInterfaceForComposites._computeInputDepth(CausalityInterfaceForComposites.java:696)
	at ptolemy.actor.util.CausalityInterfaceForComposites._computeActorDepth(CausalityInterfaceForComposites.java:532)
	at ptolemy.actor.util.CausalityInterfaceForComposites.checkForCycles(CausalityInterfaceForComposites.java:96)
	at ptolemy.domains.de.kernel.DEDirector.preinitialize(DEDirector.java:1338)
	at ptolemy.actor.CompositeActor.preinitialize(CompositeActor.java:1828)
	at ptolemy.actor.Manager.preinitializeAndResolveTypes(Manager.java:1040)
	at ptolemy.actor.Manager.initialize(Manager.java:710)
	at ptolemy.actor.Manager.execute(Manager.java:356)
	at ptolemy.actor.Manager.run(Manager.java:1263)
	at ptolemy.actor.Manager$PtolemyRunThread.run(Manager.java:1915)
java.lang.RuntimeException: Execution failed
	at ptolemy.moml.MoMLSimpleApplication$UnloadThread.run(MoMLSimpleApplication.java:402)
Caused by: ptolemy.kernel.util.IllegalActionException: Found a zero delay loop containing .dependencyLoop.original
  in .dependencyLoop and .dependencyLoop.original
	at ptolemy.actor.util.CausalityInterfaceForComposites._computeOutputPortDepth(CausalityInterfaceForComposites.java:759)
	at ptolemy.actor.util.CausalityInterfaceForComposites._computeInputDepth(CausalityInterfaceForComposites.java:696)
	at ptolemy.actor.util.CausalityInterfaceForComposites._computeOutputPortDepth(CausalityInterfaceForComposites.java:765)
	at ptolemy.actor.util.CausalityInterfaceForComposites._computeInputDepth(CausalityInterfaceForComposites.java:696)
	at ptolemy.actor.util.CausalityInterfaceForComposites._computeOutputPortDepth(CausalityInterfaceForComposites.java:765)
	at ptolemy.actor.util.CausalityInterfaceForComposites._computeInputDepth(CausalityInterfaceForComposites.java:696)
	at ptolemy.actor.util.CausalityInterfaceForComposites._computeActorDepth(CausalityInterfaceForComposites.java:532)
	at ptolemy.actor.util.CausalityInterfaceForComposites.checkForCycles(CausalityInterfaceForComposites.java:96)
	at ptolemy.domains.de.kernel.DEDirector.preinitialize(DEDirector.java:1338)
	at ptolemy.actor.CompositeActor.preinitialize(CompositeActor.java:1828)
	at ptolemy.actor.Manager.preinitializeAndResolveTypes(Manager.java:1040)
	at ptolemy.actor.Manager.initialize(Manager.java:710)
	at ptolemy.actor.Manager.execute(Manager.java:356)
	at ptolemy.actor.Manager.run(Manager.java:1263)
	at ptolemy.actor.Manager$PtolemyRunThread.run(Manager.java:1915)
java.lang.reflect.InvocationTargetException
	at java.base/jdk.internal.reflect.NativeConstructorAccessorImpl.newInstance0(Native Method)
	at java.base/jdk.internal.reflect.NativeConstructorAccessorImpl.newInstance(NativeConstructorAccessorImpl.java:62)
	at java.base/jdk.internal.reflect.DelegatingConstructorAccessorImpl.newInstance(DelegatingConstructorAccessorImpl.java:45)
	at java.base/java.lang.reflect.Constructor.newInstance(Constructor.java:490)
	at ptolemy.util.test.junit.AutoKnownFailedTests.RunModel(AutoKnownFailedTests.java:105)
	at java.base/jdk.internal.reflect.NativeMethodAccessorImpl.invoke0(Native Method)
	at java.base/jdk.internal.reflect.NativeMethodAccessorImpl.invoke(NativeMethodAccessorImpl.java:62)
	at java.base/jdk.internal.reflect.DelegatingMethodAccessorImpl.invoke(DelegatingMethodAccessorImpl.java:43)
	at java.base/java.lang.reflect.Method.invoke(Method.java:566)
	at org.junit.runners.model.FrameworkMethod$1.runReflectiveCall(FrameworkMethod.java:44)
	at org.junit.internal.runners.model.ReflectiveCallable.run(ReflectiveCallable.java:15)
	at org.junit.runners.model.FrameworkMethod.invokeExplosively(FrameworkMethod.java:41)
	at junitparams.internal.InvokeParameterisedMethod.evaluate(InvokeParameterisedMethod.java:102)
	at org.junit.internal.runners.statements.FailOnTimeout$1.run(FailOnTimeout.java:28)
Caused by: ptolemy.kernel.util.IllegalActionException: Found a zero delay loop containing .dependencyLoop.original
  in .dependencyLoop and .dependencyLoop.original
	at ptolemy.actor.util.CausalityInterfaceForComposites._computeOutputPortDepth(CausalityInterfaceForComposites.java:759)
	at ptolemy.actor.util.CausalityInterfaceForComposites._computeInputDepth(CausalityInterfaceForComposites.java:696)
	at ptolemy.actor.util.CausalityInterfaceForComposites._computeOutputPortDepth(CausalityInterfaceForComposites.java:765)
	at ptolemy.actor.util.CausalityInterfaceForComposites._computeInputDepth(CausalityInterfaceForComposites.java:696)
	at ptolemy.actor.util.CausalityInterfaceForComposites._computeOutputPortDepth(CausalityInterfaceForComposites.java:765)
	at ptolemy.actor.util.CausalityInterfaceForComposites._computeInputDepth(CausalityInterfaceForComposites.java:696)
	at ptolemy.actor.util.CausalityInterfaceForComposites._computeActorDepth(CausalityInterfaceForComposites.java:532)
	at ptolemy.actor.util.CausalityInterfaceForComposites.checkForCycles(CausalityInterfaceForComposites.java:96)
	at ptolemy.domains.de.kernel.DEDirector.preinitialize(DEDirector.java:1338)
	at ptolemy.actor.CompositeActor.preinitialize(CompositeActor.java:1828)
	at ptolemy.actor.Manager.preinitializeAndResolveTypes(Manager.java:1040)
	at ptolemy.actor.Manager.initialize(Manager.java:710)
	at ptolemy.actor.Manager.execute(Manager.java:356)
	at ptolemy.actor.Manager.run(Manager.java:1263)
	at ptolemy.actor.Manager$PtolemyRunThread.run(Manager.java:1915)
java.lang.RuntimeException: Execution failed
	at ptolemy.moml.MoMLSimpleApplication$UnloadThread.run(MoMLSimpleApplication.java:402)
Caused by: ptolemy.kernel.util.IllegalActionException: Found a zero delay loop containing .dependencyLoop2.original
  in .dependencyLoop2 and .dependencyLoop2.original
	at ptolemy.actor.util.CausalityInterfaceForComposites._computeOutputPortDepth(CausalityInterfaceForComposites.java:759)
	at ptolemy.actor.util.CausalityInterfaceForComposites._computeInputDepth(CausalityInterfaceForComposites.java:696)
	at ptolemy.actor.util.CausalityInterfaceForComposites._computeOutputPortDepth(CausalityInterfaceForComposites.java:765)
	at ptolemy.actor.util.CausalityInterfaceForComposites._computeInputDepth(CausalityInterfaceForComposites.java:696)
	at ptolemy.actor.util.CausalityInterfaceForComposites._computeOutputPortDepth(CausalityInterfaceForComposites.java:765)
	at ptolemy.actor.util.CausalityInterfaceForComposites._computeInputDepth(CausalityInterfaceForComposites.java:696)
	at ptolemy.actor.util.CausalityInterfaceForComposites._computeActorDepth(CausalityInterfaceForComposites.java:532)
	at ptolemy.actor.util.CausalityInterfaceForComposites.checkForCycles(CausalityInterfaceForComposites.java:96)
	at ptolemy.domains.de.kernel.DEDirector.preinitialize(DEDirector.java:1338)
	at ptolemy.actor.CompositeActor.preinitialize(CompositeActor.java:1828)
	at ptolemy.actor.Manager.preinitializeAndResolveTypes(Manager.java:1040)
	at ptolemy.actor.Manager.initialize(Manager.java:710)
	at ptolemy.actor.Manager.execute(Manager.java:356)
	at ptolemy.actor.Manager.run(Manager.java:1263)
	at ptolemy.actor.Manager$PtolemyRunThread.run(Manager.java:1915)
java.lang.reflect.InvocationTargetException
	at java.base/jdk.internal.reflect.NativeConstructorAccessorImpl.newInstance0(Native Method)
	at java.base/jdk.internal.reflect.NativeConstructorAccessorImpl.newInstance(NativeConstructorAccessorImpl.java:62)
	at java.base/jdk.internal.reflect.DelegatingConstructorAccessorImpl.newInstance(DelegatingConstructorAccessorImpl.java:45)
	at java.base/java.lang.reflect.Constructor.newInstance(Constructor.java:490)
	at ptolemy.util.test.junit.AutoKnownFailedTests.RunModel(AutoKnownFailedTests.java:105)
	at java.base/jdk.internal.reflect.NativeMethodAccessorImpl.invoke0(Native Method)
	at java.base/jdk.internal.reflect.NativeMethodAccessorImpl.invoke(NativeMethodAccessorImpl.java:62)
	at java.base/jdk.internal.reflect.DelegatingMethodAccessorImpl.invoke(DelegatingMethodAccessorImpl.java:43)
	at java.base/java.lang.reflect.Method.invoke(Method.java:566)
	at org.junit.runners.model.FrameworkMethod$1.runReflectiveCall(FrameworkMethod.java:44)
	at org.junit.internal.runners.model.ReflectiveCallable.run(ReflectiveCallable.java:15)
	at org.junit.runners.model.FrameworkMethod.invokeExplosively(FrameworkMethod.java:41)
	at junitparams.internal.InvokeParameterisedMethod.evaluate(InvokeParameterisedMethod.java:102)
	at org.junit.internal.runners.statements.FailOnTimeout$1.run(FailOnTimeout.java:28)
Caused by: ptolemy.kernel.util.IllegalActionException: Found a zero delay loop containing .dependencyLoop2.original
  in .dependencyLoop2 and .dependencyLoop2.original
	at ptolemy.actor.util.CausalityInterfaceForComposites._computeOutputPortDepth(CausalityInterfaceForComposites.java:759)
	at ptolemy.actor.util.CausalityInterfaceForComposites._computeInputDepth(CausalityInterfaceForComposites.java:696)
	at ptolemy.actor.util.CausalityInterfaceForComposites._computeOutputPortDepth(CausalityInterfaceForComposites.java:765)
	at ptolemy.actor.util.CausalityInterfaceForComposites._computeInputDepth(CausalityInterfaceForComposites.java:696)
	at ptolemy.actor.util.CausalityInterfaceForComposites._computeOutputPortDepth(CausalityInterfaceForComposites.java:765)
	at ptolemy.actor.util.CausalityInterfaceForComposites._computeInputDepth(CausalityInterfaceForComposites.java:696)
	at ptolemy.actor.util.CausalityInterfaceForComposites._computeActorDepth(CausalityInterfaceForComposites.java:532)
	at ptolemy.actor.util.CausalityInterfaceForComposites.checkForCycles(CausalityInterfaceForComposites.java:96)
	at ptolemy.domains.de.kernel.DEDirector.preinitialize(DEDirector.java:1338)
	at ptolemy.actor.CompositeActor.preinitialize(CompositeActor.java:1828)
	at ptolemy.actor.Manager.preinitializeAndResolveTypes(Manager.java:1040)
	at ptolemy.actor.Manager.initialize(Manager.java:710)
	at ptolemy.actor.Manager.execute(Manager.java:356)
	at ptolemy.actor.Manager.run(Manager.java:1263)
	at ptolemy.actor.Manager$PtolemyRunThread.run(Manager.java:1915)
]]></system-err>
</testsuite>
